<?xml version="1.0" encoding="UTF-8"?>
<testsuite xmlns:xsi="http://www.w3.org/2001/XMLSchema-instance" xsi:noNamespaceSchemaLocation="https://maven.apache.org/surefire/maven-surefire-plugin/xsd/surefire-test-report.xsd" name="org.apache.hadoop.ozone.container.common.statemachine.commandhandler.TestBlockDeletion" time="238.21" tests="3" errors="1" skipped="0" failures="0">
  <properties>
    <property name="awt.toolkit" value="sun.awt.X11.XToolkit"/>
    <property name="file.encoding.pkg" value="sun.io"/>
    <property name="java.specification.version" value="1.8"/>
    <property name="sun.cpu.isalist" value=""/>
    <property name="sun.jnu.encoding" value="UTF-8"/>
    <property name="java.class.path" value="/home/runner/work/ozone/ozone/hadoop-ozone/integration-test/target/test-classes:/home/runner/work/ozone/ozone/hadoop-ozone/integration-test/target/classes:/home/runner/.m2/repository/org/apache/ozone/ozone-common/1.2.0-SNAPSHOT/ozone-common-1.2.0-SNAPSHOT.jar:/home/runner/.m2/repository/org/apache/commons/commons-compress/1.20/commons-compress-1.20.jar:/home/runner/.m2/repository/org/apache/ozone/hdds-common/1.2.0-SNAPSHOT/hdds-common-1.2.0-SNAPSHOT.jar:/home/runner/.m2/repository/org/apache/ozone/hdds-client/1.2.0-SNAPSHOT/hdds-client-1.2.0-SNAPSHOT.jar:/home/runner/.m2/repository/org/apache/ozone/ozone-interface-client/1.2.0-SNAPSHOT/ozone-interface-client-1.2.0-SNAPSHOT.jar:/home/runner/.m2/repository/org/apache/ozone/hdds-server-framework/1.2.0-SNAPSHOT/hdds-server-framework-1.2.0-SNAPSHOT.jar:/home/runner/.m2/repository/org/apache/ozone/hdds-interface-server/1.2.0-SNAPSHOT/hdds-interface-server-1.2.0-SNAPSHOT.jar:/home/runner/.m2/repository/org/eclipse/jetty/jetty-servlet/9.4.43.v20210629/jetty-servlet-9.4.43.v20210629.jar:/home/runner/.m2/repository/org/eclipse/jetty/jetty-security/9.4.43.v20210629/jetty-security-9.4.43.v20210629.jar:/home/runner/.m2/repository/org/rocksdb/rocksdbjni/6.20.3/rocksdbjni-6.20.3.jar:/home/runner/.m2/repository/io/prometheus/simpleclient_dropwizard/0.7.0/simpleclient_dropwizard-0.7.0.jar:/home/runner/.m2/repository/io/prometheus/simpleclient/0.7.0/simpleclient-0.7.0.jar:/home/runner/.m2/repository/io/prometheus/simpleclient_common/0.7.0/simpleclient_common-0.7.0.jar:/home/runner/.m2/repository/com/fasterxml/jackson/datatype/jackson-datatype-jsr310/2.12.1/jackson-datatype-jsr310-2.12.1.jar:/home/runner/.m2/repository/org/apache/ozone/hdds-test-utils/1.2.0-SNAPSHOT/hdds-test-utils-1.2.0-SNAPSHOT.jar:/home/runner/.m2/repository/com/google/guava/guava/30.1.1-jre/guava-30.1.1-jre.jar:/home/runner/.m2/repository/com/google/guava/failureaccess/1.0.1/failureaccess-1.0.1.jar:/home/runner/.m2/repository/com/google/guava/listenablefuture/9999.0-empty-to-avoid-conflict-with-guava/listenablefuture-9999.0-empty-to-avoid-conflict-with-guava.jar:/home/runner/.m2/repository/com/google/code/findbugs/jsr305/3.0.0/jsr305-3.0.0.jar:/home/runner/.m2/repository/org/checkerframework/checker-qual/3.8.0/checker-qual-3.8.0.jar:/home/runner/.m2/repository/com/google/errorprone/error_prone_annotations/2.2.0/error_prone_annotations-2.2.0.jar:/home/runner/.m2/repository/com/google/j2objc/j2objc-annotations/1.3/j2objc-annotations-1.3.jar:/home/runner/.m2/repository/commons-io/commons-io/2.8.0/commons-io-2.8.0.jar:/home/runner/.m2/repository/commons-logging/commons-logging/1.2/commons-logging-1.2.jar:/home/runner/.m2/repository/log4j/log4j/1.2.17/log4j-1.2.17.jar:/home/runner/.m2/repository/org/slf4j/slf4j-api/1.7.30/slf4j-api-1.7.30.jar:/home/runner/.m2/repository/org/apache/ozone/hdds-server-scm/1.2.0-SNAPSHOT/hdds-server-scm-1.2.0-SNAPSHOT.jar:/home/runner/.m2/repository/org/apache/ozone/hdds-container-service/1.2.0-SNAPSHOT/hdds-container-service-1.2.0-SNAPSHOT.jar:/home/runner/.m2/repository/org/apache/ozone/hdds-hadoop-dependency-server/1.2.0-SNAPSHOT/hdds-hadoop-dependency-server-1.2.0-SNAPSHOT.jar:/home/runner/.m2/repository/org/apache/hadoop/hadoop-hdfs/3.3.1/hadoop-hdfs-3.3.1.jar:/home/runner/.m2/repository/io/dropwizard/metrics/metrics-core/3.2.4/metrics-core-3.2.4.jar:/home/runner/.m2/repository/org/apache/hadoop/hadoop-hdfs-client/3.3.1/hadoop-hdfs-client-3.3.1.jar:/home/runner/.m2/repository/org/bouncycastle/bcprov-jdk15on/1.67/bcprov-jdk15on-1.67.jar:/home/runner/.m2/repository/com/google/protobuf/protobuf-java/2.5.0/protobuf-java-2.5.0.jar:/home/runner/.m2/repository/org/apache/ozone/ozone-manager/1.2.0-SNAPSHOT/ozone-manager-1.2.0-SNAPSHOT.jar:/home/runner/.m2/repository/org/aspectj/aspectjrt/1.8.9/aspectjrt-1.8.9.jar:/home/runner/.m2/repository/org/aspectj/aspectjweaver/1.8.9/aspectjweaver-1.8.9.jar:/home/runner/.m2/repository/org/apache/ozone/hdds-interface-client/1.2.0-SNAPSHOT/hdds-interface-client-1.2.0-SNAPSHOT.jar:/home/runner/.m2/repository/org/apache/hadoop/thirdparty/hadoop-shaded-protobuf_3_7/1.1.1/hadoop-shaded-protobuf_3_7-1.1.1.jar:/home/runner/.m2/repository/org/apache/ratis/ratis-thirdparty-misc/0.7.0/ratis-thirdparty-misc-0.7.0.jar:/home/runner/.m2/repository/org/apache/ozone/ozone-interface-storage/1.2.0-SNAPSHOT/ozone-interface-storage-1.2.0-SNAPSHOT.jar:/home/runner/.m2/repository/org/reflections/reflections/0.9.11/reflections-0.9.11.jar:/home/runner/.m2/repository/org/apache/hadoop/hadoop-minikdc/3.3.1/hadoop-minikdc-3.3.1.jar:/home/runner/.m2/repository/org/apache/kerby/kerb-simplekdc/1.0.1/kerb-simplekdc-1.0.1.jar:/home/runner/.m2/repository/org/apache/kerby/kerb-client/1.0.1/kerb-client-1.0.1.jar:/home/runner/.m2/repository/org/apache/kerby/kerby-config/1.0.1/kerby-config-1.0.1.jar:/home/runner/.m2/repository/org/apache/kerby/kerb-common/1.0.1/kerb-common-1.0.1.jar:/home/runner/.m2/repository/org/apache/kerby/kerb-crypto/1.0.1/kerb-crypto-1.0.1.jar:/home/runner/.m2/repository/org/apache/kerby/kerb-util/1.0.1/kerb-util-1.0.1.jar:/home/runner/.m2/repository/org/apache/kerby/token-provider/1.0.1/token-provider-1.0.1.jar:/home/runner/.m2/repository/org/apache/kerby/kerb-admin/1.0.1/kerb-admin-1.0.1.jar:/home/runner/.m2/repository/org/apache/kerby/kerb-server/1.0.1/kerb-server-1.0.1.jar:/home/runner/.m2/repository/org/apache/kerby/kerb-identity/1.0.1/kerb-identity-1.0.1.jar:/home/runner/.m2/repository/org/apache/kerby/kerby-xdr/1.0.1/kerby-xdr-1.0.1.jar:/home/runner/.m2/repository/org/slf4j/slf4j-log4j12/1.7.30/slf4j-log4j12-1.7.30.jar:/home/runner/.m2/repository/org/apache/ozone/ozone-s3gateway/1.2.0-SNAPSHOT/ozone-s3gateway-1.2.0-SNAPSHOT.jar:/home/runner/.m2/repository/org/javassist/javassist/3.21.0-GA/javassist-3.21.0-GA.jar:/home/runner/.m2/repository/org/jboss/weld/servlet/weld-servlet/2.4.7.Final/weld-servlet-2.4.7.Final.jar:/home/runner/.m2/repository/org/glassfish/jersey/containers/jersey-container-servlet-core/2.33/jersey-container-servlet-core-2.33.jar:/home/runner/.m2/repository/org/glassfish/hk2/external/jakarta.inject/2.6.1/jakarta.inject-2.6.1.jar:/home/runner/.m2/repository/org/glassfish/jersey/core/jersey-common/2.33/jersey-common-2.33.jar:/home/runner/.m2/repository/jakarta/ws/rs/jakarta.ws.rs-api/2.1.6/jakarta.ws.rs-api-2.1.6.jar:/home/runner/.m2/repository/org/glassfish/jersey/ext/cdi/jersey-cdi1x/2.33/jersey-cdi1x-2.33.jar:/home/runner/.m2/repository/org/glassfish/jersey/inject/jersey-hk2/2.33/jersey-hk2-2.33.jar:/home/runner/.m2/repository/org/glassfish/hk2/hk2-locator/2.6.1/hk2-locator-2.6.1.jar:/home/runner/.m2/repository/org/glassfish/jersey/media/jersey-media-jaxb/2.33/jersey-media-jaxb-2.33.jar:/home/runner/.m2/repository/org/glassfish/hk2/osgi-resource-locator/1.0.3/osgi-resource-locator-1.0.3.jar:/home/runner/.m2/repository/org/glassfish/hk2/hk2-api/2.5.0/hk2-api-2.5.0.jar:/home/runner/.m2/repository/org/glassfish/hk2/hk2-utils/2.5.0/hk2-utils-2.5.0.jar:/home/runner/.m2/repository/org/glassfish/hk2/external/aopalliance-repackaged/2.5.0/aopalliance-repackaged-2.5.0.jar:/home/runner/.m2/repository/com/fasterxml/jackson/dataformat/jackson-dataformat-xml/2.12.1/jackson-dataformat-xml-2.12.1.jar:/home/runner/.m2/repository/com/fasterxml/jackson/core/jackson-core/2.12.1/jackson-core-2.12.1.jar:/home/runner/.m2/repository/com/fasterxml/jackson/module/jackson-module-jaxb-annotations/2.12.1/jackson-module-jaxb-annotations-2.12.1.jar:/home/runner/.m2/repository/jakarta/xml/bind/jakarta.xml.bind-api/2.3.2/jakarta.xml.bind-api-2.3.2.jar:/home/runner/.m2/repository/org/codehaus/woodstox/stax2-api/3.1.4/stax2-api-3.1.4.jar:/home/runner/.m2/repository/com/fasterxml/woodstox/woodstox-core/5.0.3/woodstox-core-5.0.3.jar:/home/runner/.m2/repository/javax/enterprise/cdi-api/1.2/cdi-api-1.2.jar:/home/runner/.m2/repository/javax/el/javax.el-api/3.0.0/javax.el-api-3.0.0.jar:/home/runner/.m2/repository/javax/interceptor/javax.interceptor-api/1.2/javax.interceptor-api-1.2.jar:/home/runner/.m2/repository/javax/inject/javax.inject/1/javax.inject-1.jar:/home/runner/.m2/repository/javax/xml/bind/jaxb-api/2.3.0/jaxb-api-2.3.0.jar:/home/runner/.m2/repository/org/glassfish/jaxb/jaxb-runtime/2.3.0.1/jaxb-runtime-2.3.0.1.jar:/home/runner/.m2/repository/org/glassfish/jaxb/jaxb-core/2.3.0.1/jaxb-core-2.3.0.1.jar:/home/runner/.m2/repository/org/glassfish/jaxb/txw2/2.3.0.1/txw2-2.3.0.1.jar:/home/runner/.m2/repository/com/sun/istack/istack-commons-runtime/3.0.5/istack-commons-runtime-3.0.5.jar:/home/runner/.m2/repository/org/jvnet/staxex/stax-ex/1.7.8/stax-ex-1.7.8.jar:/home/runner/.m2/repository/com/sun/xml/fastinfoset/FastInfoset/1.2.13/FastInfoset-1.2.13.jar:/home/runner/.m2/repository/javax/activation/activation/1.1.1/activation-1.1.1.jar:/home/runner/.m2/repository/org/apache/ozone/ozone-csi/1.2.0-SNAPSHOT/ozone-csi-1.2.0-SNAPSHOT.jar:/home/runner/.m2/repository/com/google/protobuf/protobuf-java-util/3.12.0/protobuf-java-util-3.12.0.jar:/home/runner/.m2/repository/com/google/code/gson/gson/2.2.4/gson-2.2.4.jar:/home/runner/.m2/repository/org/apache/ozone/hdds-config/1.2.0-SNAPSHOT/hdds-config-1.2.0-SNAPSHOT.jar:/home/runner/.m2/repository/io/grpc/grpc-netty/1.33.0/grpc-netty-1.33.0.jar:/home/runner/.m2/repository/io/grpc/grpc-core/1.33.0/grpc-core-1.33.0.jar:/home/runner/.m2/repository/com/google/android/annotations/4.1.1.4/annotations-4.1.1.4.jar:/home/runner/.m2/repository/io/netty/netty-codec-http2/4.1.63.Final/netty-codec-http2-4.1.63.Final.jar:/home/runner/.m2/repository/io/netty/netty-codec-http/4.1.63.Final/netty-codec-http-4.1.63.Final.jar:/home/runner/.m2/repository/io/netty/netty-handler-proxy/4.1.63.Final/netty-handler-proxy-4.1.63.Final.jar:/home/runner/.m2/repository/io/netty/netty-codec-socks/4.1.63.Final/netty-codec-socks-4.1.63.Final.jar:/home/runner/.m2/repository/io/perfmark/perfmark-api/0.19.0/perfmark-api-0.19.0.jar:/home/runner/.m2/repository/org/codehaus/mojo/animal-sniffer-annotations/1.18/animal-sniffer-annotations-1.18.jar:/home/runner/.m2/repository/io/netty/netty-transport-native-epoll/4.1.63.Final/netty-transport-native-epoll-4.1.63.Final.jar:/home/runner/.m2/repository/io/netty/netty-common/4.1.63.Final/netty-common-4.1.63.Final.jar:/home/runner/.m2/repository/io/netty/netty-buffer/4.1.63.Final/netty-buffer-4.1.63.Final.jar:/home/runner/.m2/repository/io/netty/netty-transport-native-unix-common/4.1.63.Final/netty-transport-native-unix-common-4.1.63.Final.jar:/home/runner/.m2/repository/io/grpc/grpc-protobuf/1.33.0/grpc-protobuf-1.33.0.jar:/home/runner/.m2/repository/io/grpc/grpc-api/1.33.0/grpc-api-1.33.0.jar:/home/runner/.m2/repository/io/grpc/grpc-context/1.33.0/grpc-context-1.33.0.jar:/home/runner/.m2/repository/com/google/api/grpc/proto-google-common-protos/1.17.0/proto-google-common-protos-1.17.0.jar:/home/runner/.m2/repository/io/grpc/grpc-protobuf-lite/1.33.0/grpc-protobuf-lite-1.33.0.jar:/home/runner/.m2/repository/io/grpc/grpc-stub/1.33.0/grpc-stub-1.33.0.jar:/home/runner/.m2/repository/org/apache/ozone/ozone-recon/1.2.0-SNAPSHOT/ozone-recon-1.2.0-SNAPSHOT.jar:/home/runner/.m2/repository/org/apache/ozone/ozone-reconcodegen/1.2.0-SNAPSHOT/ozone-reconcodegen-1.2.0-SNAPSHOT.jar:/home/runner/.m2/repository/com/google/inject/extensions/guice-multibindings/4.0/guice-multibindings-4.0.jar:/home/runner/.m2/repository/com/google/inject/guice/4.0/guice-4.0.jar:/home/runner/.m2/repository/aopalliance/aopalliance/1.0/aopalliance-1.0.jar:/home/runner/.m2/repository/com/google/inject/extensions/guice-assistedinject/4.0/guice-assistedinject-4.0.jar:/home/runner/.m2/repository/com/google/inject/extensions/guice-servlet/4.0/guice-servlet-4.0.jar:/home/runner/.m2/repository/org/glassfish/jersey/containers/jersey-container-servlet/2.33/jersey-container-servlet-2.33.jar:/home/runner/.m2/repository/org/glassfish/hk2/guice-bridge/2.5.0/guice-bridge-2.5.0.jar:/home/runner/.m2/repository/org/glassfish/jersey/core/jersey-server/2.33/jersey-server-2.33.jar:/home/runner/.m2/repository/org/glassfish/jersey/core/jersey-client/2.33/jersey-client-2.33.jar:/home/runner/.m2/repository/jakarta/annotation/jakarta.annotation-api/1.3.5/jakarta.annotation-api-1.3.5.jar:/home/runner/.m2/repository/jakarta/validation/jakarta.validation-api/2.0.2/jakarta.validation-api-2.0.2.jar:/home/runner/.m2/repository/org/glassfish/jersey/media/jersey-media-json-jackson/2.33/jersey-media-json-jackson-2.33.jar:/home/runner/.m2/repository/org/glassfish/jersey/ext/jersey-entity-filtering/2.33/jersey-entity-filtering-2.33.jar:/home/runner/.m2/repository/org/jooq/jooq/3.11.10/jooq-3.11.10.jar:/home/runner/.m2/repository/org/jooq/jooq-meta/3.11.10/jooq-meta-3.11.10.jar:/home/runner/.m2/repository/org/jooq/jooq-codegen/3.11.10/jooq-codegen-3.11.10.jar:/home/runner/.m2/repository/com/jolbox/bonecp/0.8.0.RELEASE/bonecp-0.8.0.RELEASE.jar:/home/runner/.m2/repository/org/apache/derby/derby/10.14.2.0/derby-10.14.2.0.jar:/home/runner/.m2/repository/org/xerial/sqlite-jdbc/3.25.2/sqlite-jdbc-3.25.2.jar:/home/runner/.m2/repository/org/springframework/spring-jdbc/5.2.11.RELEASE/spring-jdbc-5.2.11.RELEASE.jar:/home/runner/.m2/repository/org/springframework/spring-beans/5.2.11.RELEASE/spring-beans-5.2.11.RELEASE.jar:/home/runner/.m2/repository/org/springframework/spring-core/5.2.11.RELEASE/spring-core-5.2.11.RELEASE.jar:/home/runner/.m2/repository/org/springframework/spring-jcl/5.2.11.RELEASE/spring-jcl-5.2.11.RELEASE.jar:/home/runner/.m2/repository/org/springframework/spring-tx/5.2.11.RELEASE/spring-tx-5.2.11.RELEASE.jar:/home/runner/.m2/repository/org/apache/ozone/ozone-client/1.2.0-SNAPSHOT/ozone-client-1.2.0-SNAPSHOT.jar:/home/runner/.m2/repository/org/apache/ozone/ozone-filesystem/1.2.0-SNAPSHOT/ozone-filesystem-1.2.0-SNAPSHOT.jar:/home/runner/.m2/repository/org/apache/ozone/ozone-filesystem-common/1.2.0-SNAPSHOT/ozone-filesystem-common-1.2.0-SNAPSHOT.jar:/home/runner/.m2/repository/org/apache/ozone/ozone-tools/1.2.0-SNAPSHOT/ozone-tools-1.2.0-SNAPSHOT.jar:/home/runner/.m2/repository/org/apache/ratis/ratis-tools/2.1.0/ratis-tools-2.1.0.jar:/home/runner/.m2/repository/org/apache/ratis/ratis-proto/2.1.0/ratis-proto-2.1.0.jar:/home/runner/.m2/repository/org/apache/ratis/ratis-common/2.1.0/ratis-common-2.1.0.jar:/home/runner/.m2/repository/com/amazonaws/aws-java-sdk-core/1.11.901/aws-java-sdk-core-1.11.901.jar:/home/runner/.m2/repository/org/apache/httpcomponents/httpclient/4.5.13/httpclient-4.5.13.jar:/home/runner/.m2/repository/org/apache/httpcomponents/httpcore/4.4.13/httpcore-4.4.13.jar:/home/runner/.m2/repository/software/amazon/ion/ion-java/1.0.2/ion-java-1.0.2.jar:/home/runner/.m2/repository/com/fasterxml/jackson/dataformat/jackson-dataformat-cbor/2.12.1/jackson-dataformat-cbor-2.12.1.jar:/home/runner/.m2/repository/joda-time/joda-time/2.8.1/joda-time-2.8.1.jar:/home/runner/.m2/repository/com/amazonaws/aws-java-sdk-s3/1.11.901/aws-java-sdk-s3-1.11.901.jar:/home/runner/.m2/repository/com/amazonaws/aws-java-sdk-kms/1.11.901/aws-java-sdk-kms-1.11.901.jar:/home/runner/.m2/repository/com/amazonaws/jmespath-java/1.11.901/jmespath-java-1.11.901.jar:/home/runner/.m2/repository/org/kohsuke/metainf-services/metainf-services/1.8/metainf-services-1.8.jar:/home/runner/.m2/repository/org/apache/ozone/hdds-tools/1.2.0-SNAPSHOT/hdds-tools-1.2.0-SNAPSHOT.jar:/home/runner/.m2/repository/commons-cli/commons-cli/1.2/commons-cli-1.2.jar:/home/runner/.m2/repository/org/apache/commons/commons-lang3/3.7/commons-lang3-3.7.jar:/home/runner/.m2/repository/org/apache/ozone/ozone-manager/1.2.0-SNAPSHOT/ozone-manager-1.2.0-SNAPSHOT-tests.jar:/home/runner/.m2/repository/org/apache/ozone/hdds-common/1.2.0-SNAPSHOT/hdds-common-1.2.0-SNAPSHOT-tests.jar:/home/runner/.m2/repository/org/apache/ozone/hdds-hadoop-dependency-client/1.2.0-SNAPSHOT/hdds-hadoop-dependency-client-1.2.0-SNAPSHOT.jar:/home/runner/.m2/repository/info/picocli/picocli/4.4.0/picocli-4.4.0.jar:/home/runner/.m2/repository/com/fasterxml/jackson/core/jackson-annotations/2.12.1/jackson-annotations-2.12.1.jar:/home/runner/.m2/repository/javax/annotation/javax.annotation-api/1.2/javax.annotation-api-1.2.jar:/home/runner/.m2/repository/org/apache/ratis/ratis-server/2.1.0/ratis-server-2.1.0.jar:/home/runner/.m2/repository/org/apache/ratis/ratis-client/2.1.0/ratis-client-2.1.0.jar:/home/runner/.m2/repository/org/apache/ratis/ratis-server-api/2.1.0/ratis-server-api-2.1.0.jar:/home/runner/.m2/repository/org/apache/ratis/ratis-metrics/2.1.0/ratis-metrics-2.1.0.jar:/home/runner/.m2/repository/org/apache/ratis/ratis-netty/2.1.0/ratis-netty-2.1.0.jar:/home/runner/.m2/repository/org/apache/ratis/ratis-grpc/2.1.0/ratis-grpc-2.1.0.jar:/home/runner/.m2/repository/org/apache/logging/log4j/log4j-api/2.13.3/log4j-api-2.13.3.jar:/home/runner/.m2/repository/org/apache/logging/log4j/log4j-core/2.13.3/log4j-core-2.13.3.jar:/home/runner/.m2/repository/com/lmax/disruptor/3.4.2/disruptor-3.4.2.jar:/home/runner/.m2/repository/org/apache/commons/commons-pool2/2.6.0/commons-pool2-2.6.0.jar:/home/runner/.m2/repository/org/bouncycastle/bcpkix-jdk15on/1.67/bcpkix-jdk15on-1.67.jar:/home/runner/.m2/repository/commons-validator/commons-validator/1.6/commons-validator-1.6.jar:/home/runner/.m2/repository/commons-beanutils/commons-beanutils/1.9.4/commons-beanutils-1.9.4.jar:/home/runner/.m2/repository/commons-digester/commons-digester/1.8.1/commons-digester-1.8.1.jar:/home/runner/.m2/repository/commons-collections/commons-collections/3.2.2/commons-collections-3.2.2.jar:/home/runner/.m2/repository/io/jaegertracing/jaeger-client/1.6.0/jaeger-client-1.6.0.jar:/home/runner/.m2/repository/io/jaegertracing/jaeger-thrift/1.6.0/jaeger-thrift-1.6.0.jar:/home/runner/.m2/repository/org/apache/thrift/libthrift/0.14.1/libthrift-0.14.1.jar:/home/runner/.m2/repository/com/squareup/okhttp3/okhttp/4.9.0/okhttp-4.9.0.jar:/home/runner/.m2/repository/com/squareup/okio/okio/2.8.0/okio-2.8.0.jar:/home/runner/.m2/repository/io/jaegertracing/jaeger-core/1.6.0/jaeger-core-1.6.0.jar:/home/runner/.m2/repository/io/jaegertracing/jaeger-tracerresolver/1.6.0/jaeger-tracerresolver-1.6.0.jar:/home/runner/.m2/repository/io/opentracing/contrib/opentracing-tracerresolver/0.1.8/opentracing-tracerresolver-0.1.8.jar:/home/runner/.m2/repository/org/jetbrains/kotlin/kotlin-stdlib/1.4.31/kotlin-stdlib-1.4.31.jar:/home/runner/.m2/repository/org/jetbrains/kotlin/kotlin-stdlib-common/1.4.31/kotlin-stdlib-common-1.4.31.jar:/home/runner/.m2/repository/org/jetbrains/annotations/13.0/annotations-13.0.jar:/home/runner/.m2/repository/io/opentracing/opentracing-util/0.33.0/opentracing-util-0.33.0.jar:/home/runner/.m2/repository/io/opentracing/opentracing-api/0.33.0/opentracing-api-0.33.0.jar:/home/runner/.m2/repository/io/opentracing/opentracing-noop/0.33.0/opentracing-noop-0.33.0.jar:/home/runner/.m2/repository/org/yaml/snakeyaml/1.26/snakeyaml-1.26.jar:/home/runner/.m2/repository/org/apache/ozone/hdds-interface-admin/1.2.0-SNAPSHOT/hdds-interface-admin-1.2.0-SNAPSHOT.jar:/home/runner/.m2/repository/junit/junit/4.13.1/junit-4.13.1.jar:/home/runner/.m2/repository/org/hamcrest/hamcrest-core/1.3/hamcrest-core-1.3.jar:/home/runner/.m2/repository/org/junit/jupiter/junit-jupiter-api/5.7.0/junit-jupiter-api-5.7.0.jar:/home/runner/.m2/repository/org/apiguardian/apiguardian-api/1.1.0/apiguardian-api-1.1.0.jar:/home/runner/.m2/repository/org/opentest4j/opentest4j/1.2.0/opentest4j-1.2.0.jar:/home/runner/.m2/repository/org/junit/platform/junit-platform-commons/1.7.0/junit-platform-commons-1.7.0.jar:/home/runner/.m2/repository/org/junit/jupiter/junit-jupiter-engine/5.7.0/junit-jupiter-engine-5.7.0.jar:/home/runner/.m2/repository/org/junit/platform/junit-platform-engine/1.7.0/junit-platform-engine-1.7.0.jar:/home/runner/.m2/repository/org/junit/vintage/junit-vintage-engine/5.7.0/junit-vintage-engine-5.7.0.jar:/home/runner/.m2/repository/org/junit/platform/junit-platform-launcher/1.7.0/junit-platform-launcher-1.7.0.jar:/home/runner/.m2/repository/org/openjdk/jmh/jmh-core/1.19/jmh-core-1.19.jar:/home/runner/.m2/repository/net/sf/jopt-simple/jopt-simple/4.6/jopt-simple-4.6.jar:/home/runner/.m2/repository/org/apache/commons/commons-math3/3.1.1/commons-math3-3.1.1.jar:/home/runner/.m2/repository/org/openjdk/jmh/jmh-generator-annprocess/1.19/jmh-generator-annprocess-1.19.jar:/home/runner/.m2/repository/org/mockito/mockito-core/2.28.2/mockito-core-2.28.2.jar:/home/runner/.m2/repository/net/bytebuddy/byte-buddy/1.9.10/byte-buddy-1.9.10.jar:/home/runner/.m2/repository/net/bytebuddy/byte-buddy-agent/1.9.10/byte-buddy-agent-1.9.10.jar:/home/runner/.m2/repository/org/objenesis/objenesis/1.0/objenesis-1.0.jar:/home/runner/.m2/repository/org/apache/hadoop/hadoop-kms/3.3.1/hadoop-kms-3.3.1.jar:/home/runner/.m2/repository/org/apache/hadoop/hadoop-auth/3.3.1/hadoop-auth-3.3.1.jar:/home/runner/.m2/repository/com/nimbusds/nimbus-jose-jwt/7.9/nimbus-jose-jwt-7.9.jar:/home/runner/.m2/repository/com/github/stephenc/jcip/jcip-annotations/1.0-1/jcip-annotations-1.0-1.jar:/home/runner/.m2/repository/net/minidev/json-smart/2.3/json-smart-2.3.jar:/home/runner/.m2/repository/net/minidev/accessors-smart/1.2/accessors-smart-1.2.jar:/home/runner/.m2/repository/org/ow2/asm/asm/5.0.4/asm-5.0.4.jar:/home/runner/.m2/repository/org/apache/zookeeper/zookeeper/3.5.6/zookeeper-3.5.6.jar:/home/runner/.m2/repository/org/apache/zookeeper/zookeeper-jute/3.5.6/zookeeper-jute-3.5.6.jar:/home/runner/.m2/repository/org/apache/yetus/audience-annotations/0.5.0/audience-annotations-0.5.0.jar:/home/runner/.m2/repository/org/apache/curator/curator-framework/4.2.0/curator-framework-4.2.0.jar:/home/runner/.m2/repository/org/apache/hadoop/thirdparty/hadoop-shaded-guava/1.1.1/hadoop-shaded-guava-1.1.1.jar:/home/runner/.m2/repository/com/sun/jersey/jersey-core/1.19/jersey-core-1.19.jar:/home/runner/.m2/repository/javax/ws/rs/jsr311-api/1.1.1/jsr311-api-1.1.1.jar:/home/runner/.m2/repository/com/sun/jersey/jersey-server/1.19/jersey-server-1.19.jar:/home/runner/.m2/repository/javax/servlet/javax.servlet-api/3.1.0/javax.servlet-api-3.1.0.jar:/home/runner/.m2/repository/org/eclipse/jetty/jetty-server/9.4.43.v20210629/jetty-server-9.4.43.v20210629.jar:/home/runner/.m2/repository/org/eclipse/jetty/jetty-http/9.4.43.v20210629/jetty-http-9.4.43.v20210629.jar:/home/runner/.m2/repository/org/eclipse/jetty/jetty-io/9.4.43.v20210629/jetty-io-9.4.43.v20210629.jar:/home/runner/.m2/repository/org/eclipse/jetty/jetty-webapp/9.4.43.v20210629/jetty-webapp-9.4.43.v20210629.jar:/home/runner/.m2/repository/org/eclipse/jetty/jetty-xml/9.4.43.v20210629/jetty-xml-9.4.43.v20210629.jar:/home/runner/.m2/repository/org/apache/hadoop/hadoop-common/3.3.1/hadoop-common-3.3.1.jar:/home/runner/.m2/repository/commons-net/commons-net/3.6/commons-net-3.6.jar:/home/runner/.m2/repository/jakarta/activation/jakarta.activation-api/1.2.1/jakarta.activation-api-1.2.1.jar:/home/runner/.m2/repository/com/sun/jersey/jersey-servlet/1.19/jersey-servlet-1.19.jar:/home/runner/.m2/repository/com/sun/jersey/jersey-json/1.19/jersey-json-1.19.jar:/home/runner/.m2/repository/org/codehaus/jettison/jettison/1.1/jettison-1.1.jar:/home/runner/.m2/repository/com/sun/xml/bind/jaxb-impl/2.2.3-1/jaxb-impl-2.2.3-1.jar:/home/runner/.m2/repository/org/codehaus/jackson/jackson-jaxrs/1.9.2/jackson-jaxrs-1.9.2.jar:/home/runner/.m2/repository/org/codehaus/jackson/jackson-xc/1.9.2/jackson-xc-1.9.2.jar:/home/runner/.m2/repository/org/apache/commons/commons-configuration2/2.1.1/commons-configuration2-2.1.1.jar:/home/runner/.m2/repository/org/apache/commons/commons-text/1.4/commons-text-1.4.jar:/home/runner/.m2/repository/com/google/re2j/re2j/1.1/re2j-1.1.jar:/home/runner/.m2/repository/com/jcraft/jsch/0.1.54/jsch-0.1.54.jar:/home/runner/.m2/repository/org/apache/curator/curator-client/4.2.0/curator-client-4.2.0.jar:/home/runner/.m2/repository/org/apache/curator/curator-recipes/4.2.0/curator-recipes-4.2.0.jar:/home/runner/.m2/repository/org/apache/kerby/kerb-core/1.0.1/kerb-core-1.0.1.jar:/home/runner/.m2/repository/org/apache/kerby/kerby-pkix/1.0.1/kerby-pkix-1.0.1.jar:/home/runner/.m2/repository/org/apache/kerby/kerby-asn1/1.0.1/kerby-asn1-1.0.1.jar:/home/runner/.m2/repository/org/apache/kerby/kerby-util/1.0.1/kerby-util-1.0.1.jar:/home/runner/.m2/repository/dnsjava/dnsjava/2.1.7/dnsjava-2.1.7.jar:/home/runner/.m2/repository/org/xerial/snappy/snappy-java/1.1.8.2/snappy-java-1.1.8.2.jar:/home/runner/.m2/repository/org/slf4j/jul-to-slf4j/1.7.30/jul-to-slf4j-1.7.30.jar:/home/runner/.m2/repository/org/eclipse/jetty/jetty-util/9.4.43.v20210629/jetty-util-9.4.43.v20210629.jar:/home/runner/.m2/repository/com/fasterxml/jackson/core/jackson-databind/2.12.1/jackson-databind-2.12.1.jar:/home/runner/.m2/repository/org/apache/hadoop/hadoop-kms/3.3.1/hadoop-kms-3.3.1-tests.jar:/home/runner/.m2/repository/org/apache/ozone/hdds-server-scm/1.2.0-SNAPSHOT/hdds-server-scm-1.2.0-SNAPSHOT-tests.jar:/home/runner/.m2/repository/org/apache/ozone/hdds-container-service/1.2.0-SNAPSHOT/hdds-container-service-1.2.0-SNAPSHOT-tests.jar:/home/runner/.m2/repository/commons-codec/commons-codec/1.11/commons-codec-1.11.jar:/home/runner/.m2/repository/io/netty/netty-transport/4.1.63.Final/netty-transport-4.1.63.Final.jar:/home/runner/.m2/repository/io/netty/netty-resolver/4.1.63.Final/netty-resolver-4.1.63.Final.jar:/home/runner/.m2/repository/io/netty/netty-codec/4.1.63.Final/netty-codec-4.1.63.Final.jar:/home/runner/.m2/repository/io/netty/netty-handler/4.1.63.Final/netty-handler-4.1.63.Final.jar:/home/runner/.m2/repository/org/apache/ozone/hdds-hadoop-dependency-test/1.2.0-SNAPSHOT/hdds-hadoop-dependency-test-1.2.0-SNAPSHOT.jar:/home/runner/.m2/repository/org/apache/hadoop/hadoop-common/3.3.1/hadoop-common-3.3.1-tests.jar:/home/runner/.m2/repository/org/assertj/assertj-core/3.12.2/assertj-core-3.12.2.jar:/home/runner/.m2/repository/org/apache/hadoop/hadoop-hdfs/3.3.1/hadoop-hdfs-3.3.1-tests.jar:/home/runner/.m2/repository/org/eclipse/jetty/jetty-util-ajax/9.4.43.v20210629/jetty-util-ajax-9.4.43.v20210629.jar:/home/runner/.m2/repository/commons-daemon/commons-daemon/1.0.13/commons-daemon-1.0.13.jar:/home/runner/.m2/repository/io/netty/netty/3.10.6.Final/netty-3.10.6.Final.jar:/home/runner/.m2/repository/io/netty/netty-all/4.1.63.Final/netty-all-4.1.63.Final.jar:/home/runner/.m2/repository/org/apache/htrace/htrace-core4/4.1.0-incubating/htrace-core4-4.1.0-incubating.jar:/home/runner/.m2/repository/org/fusesource/leveldbjni/leveldbjni-all/1.8/leveldbjni-all-1.8.jar:/home/runner/.m2/repository/org/apache/hadoop/hadoop-distcp/3.3.1/hadoop-distcp-3.3.1.jar:/home/runner/.m2/repository/org/apache/hadoop/hadoop-mapreduce-client-jobclient/3.3.1/hadoop-mapreduce-client-jobclient-3.3.1.jar:/home/runner/.m2/repository/org/apache/hadoop/hadoop-mapreduce-client-common/3.3.1/hadoop-mapreduce-client-common-3.3.1.jar:/home/runner/.m2/repository/org/apache/hadoop/hadoop-yarn-common/3.3.1/hadoop-yarn-common-3.3.1.jar:/home/runner/.m2/repository/org/apache/hadoop/hadoop-yarn-api/3.3.1/hadoop-yarn-api-3.3.1.jar:/home/runner/.m2/repository/com/sun/jersey/jersey-client/1.19/jersey-client-1.19.jar:/home/runner/.m2/repository/com/sun/jersey/contribs/jersey-guice/1.19/jersey-guice-1.19.jar:/home/runner/.m2/repository/com/fasterxml/jackson/jaxrs/jackson-jaxrs-json-provider/2.12.1/jackson-jaxrs-json-provider-2.12.1.jar:/home/runner/.m2/repository/com/fasterxml/jackson/jaxrs/jackson-jaxrs-base/2.12.1/jackson-jaxrs-base-2.12.1.jar:/home/runner/.m2/repository/org/apache/hadoop/hadoop-yarn-client/3.3.1/hadoop-yarn-client-3.3.1.jar:/home/runner/.m2/repository/org/eclipse/jetty/websocket/websocket-client/9.4.40.v20210413/websocket-client-9.4.40.v20210413.jar:/home/runner/.m2/repository/org/eclipse/jetty/jetty-client/9.4.40.v20210413/jetty-client-9.4.40.v20210413.jar:/home/runner/.m2/repository/org/eclipse/jetty/websocket/websocket-common/9.4.40.v20210413/websocket-common-9.4.40.v20210413.jar:/home/runner/.m2/repository/org/eclipse/jetty/websocket/websocket-api/9.4.40.v20210413/websocket-api-9.4.40.v20210413.jar:/home/runner/.m2/repository/org/jline/jline/3.9.0/jline-3.9.0.jar:/home/runner/.m2/repository/org/apache/hadoop/hadoop-mapreduce-client-core/3.3.1/hadoop-mapreduce-client-core-3.3.1.jar:/home/runner/.m2/repository/org/apache/avro/avro/1.7.7/avro-1.7.7.jar:/home/runner/.m2/repository/org/codehaus/jackson/jackson-core-asl/1.9.13/jackson-core-asl-1.9.13.jar:/home/runner/.m2/repository/org/codehaus/jackson/jackson-mapper-asl/1.9.13/jackson-mapper-asl-1.9.13.jar:/home/runner/.m2/repository/com/thoughtworks/paranamer/paranamer/2.3/paranamer-2.3.jar:/home/runner/.m2/repository/org/apache/hadoop/hadoop-annotations/3.3.1/hadoop-annotations-3.3.1.jar:/usr/lib/jvm/adoptopenjdk-8-hotspot-amd64/jre/../lib/tools.jar:/home/runner/.m2/repository/org/apache/hadoop/hadoop-distcp/3.3.1/hadoop-distcp-3.3.1-tests.jar:"/>
    <property name="java.vm.vendor" value="AdoptOpenJDK"/>
    <property name="sun.arch.data.model" value="64"/>
    <property name="test.build.dir" value="/home/runner/work/ozone/ozone/hadoop-ozone/integration-test/target/test-dir"/>
    <property name="test.cache.data" value=""/>
    <property name="java.vendor.url" value="https://adoptopenjdk.net/"/>
    <property name="user.timezone" value=""/>
    <property name="java.vm.specification.version" value="1.8"/>
    <property name="os.name" value="Linux"/>
    <property name="test.build.data" value="/home/runner/work/ozone/ozone/hadoop-ozone/integration-test/target/test-dir"/>
    <property name="sun.java.launcher" value="SUN_STANDARD"/>
    <property name="sun.boot.library.path" value="/usr/lib/jvm/adoptopenjdk-8-hotspot-amd64/jre/lib/amd64"/>
    <property name="sun.java.command" value="/home/runner/work/ozone/ozone/hadoop-ozone/integration-test/target/surefire/surefirebooter3766759890861532545.jar /home/runner/work/ozone/ozone/hadoop-ozone/integration-test/target/surefire 2021-08-10T11-01-25_137-jvmRun1 surefire8480379820186392352tmp surefire_54960426971018179312tmp"/>
    <property name="surefire.test.class.path" value="/home/runner/work/ozone/ozone/hadoop-ozone/integration-test/target/test-classes:/home/runner/work/ozone/ozone/hadoop-ozone/integration-test/target/classes:/home/runner/.m2/repository/org/apache/ozone/ozone-common/1.2.0-SNAPSHOT/ozone-common-1.2.0-SNAPSHOT.jar:/home/runner/.m2/repository/org/apache/commons/commons-compress/1.20/commons-compress-1.20.jar:/home/runner/.m2/repository/org/apache/ozone/hdds-common/1.2.0-SNAPSHOT/hdds-common-1.2.0-SNAPSHOT.jar:/home/runner/.m2/repository/org/apache/ozone/hdds-client/1.2.0-SNAPSHOT/hdds-client-1.2.0-SNAPSHOT.jar:/home/runner/.m2/repository/org/apache/ozone/ozone-interface-client/1.2.0-SNAPSHOT/ozone-interface-client-1.2.0-SNAPSHOT.jar:/home/runner/.m2/repository/org/apache/ozone/hdds-server-framework/1.2.0-SNAPSHOT/hdds-server-framework-1.2.0-SNAPSHOT.jar:/home/runner/.m2/repository/org/apache/ozone/hdds-interface-server/1.2.0-SNAPSHOT/hdds-interface-server-1.2.0-SNAPSHOT.jar:/home/runner/.m2/repository/org/eclipse/jetty/jetty-servlet/9.4.43.v20210629/jetty-servlet-9.4.43.v20210629.jar:/home/runner/.m2/repository/org/eclipse/jetty/jetty-security/9.4.43.v20210629/jetty-security-9.4.43.v20210629.jar:/home/runner/.m2/repository/org/rocksdb/rocksdbjni/6.20.3/rocksdbjni-6.20.3.jar:/home/runner/.m2/repository/io/prometheus/simpleclient_dropwizard/0.7.0/simpleclient_dropwizard-0.7.0.jar:/home/runner/.m2/repository/io/prometheus/simpleclient/0.7.0/simpleclient-0.7.0.jar:/home/runner/.m2/repository/io/prometheus/simpleclient_common/0.7.0/simpleclient_common-0.7.0.jar:/home/runner/.m2/repository/com/fasterxml/jackson/datatype/jackson-datatype-jsr310/2.12.1/jackson-datatype-jsr310-2.12.1.jar:/home/runner/.m2/repository/org/apache/ozone/hdds-test-utils/1.2.0-SNAPSHOT/hdds-test-utils-1.2.0-SNAPSHOT.jar:/home/runner/.m2/repository/com/google/guava/guava/30.1.1-jre/guava-30.1.1-jre.jar:/home/runner/.m2/repository/com/google/guava/failureaccess/1.0.1/failureaccess-1.0.1.jar:/home/runner/.m2/repository/com/google/guava/listenablefuture/9999.0-empty-to-avoid-conflict-with-guava/listenablefuture-9999.0-empty-to-avoid-conflict-with-guava.jar:/home/runner/.m2/repository/com/google/code/findbugs/jsr305/3.0.0/jsr305-3.0.0.jar:/home/runner/.m2/repository/org/checkerframework/checker-qual/3.8.0/checker-qual-3.8.0.jar:/home/runner/.m2/repository/com/google/errorprone/error_prone_annotations/2.2.0/error_prone_annotations-2.2.0.jar:/home/runner/.m2/repository/com/google/j2objc/j2objc-annotations/1.3/j2objc-annotations-1.3.jar:/home/runner/.m2/repository/commons-io/commons-io/2.8.0/commons-io-2.8.0.jar:/home/runner/.m2/repository/commons-logging/commons-logging/1.2/commons-logging-1.2.jar:/home/runner/.m2/repository/log4j/log4j/1.2.17/log4j-1.2.17.jar:/home/runner/.m2/repository/org/slf4j/slf4j-api/1.7.30/slf4j-api-1.7.30.jar:/home/runner/.m2/repository/org/apache/ozone/hdds-server-scm/1.2.0-SNAPSHOT/hdds-server-scm-1.2.0-SNAPSHOT.jar:/home/runner/.m2/repository/org/apache/ozone/hdds-container-service/1.2.0-SNAPSHOT/hdds-container-service-1.2.0-SNAPSHOT.jar:/home/runner/.m2/repository/org/apache/ozone/hdds-hadoop-dependency-server/1.2.0-SNAPSHOT/hdds-hadoop-dependency-server-1.2.0-SNAPSHOT.jar:/home/runner/.m2/repository/org/apache/hadoop/hadoop-hdfs/3.3.1/hadoop-hdfs-3.3.1.jar:/home/runner/.m2/repository/io/dropwizard/metrics/metrics-core/3.2.4/metrics-core-3.2.4.jar:/home/runner/.m2/repository/org/apache/hadoop/hadoop-hdfs-client/3.3.1/hadoop-hdfs-client-3.3.1.jar:/home/runner/.m2/repository/org/bouncycastle/bcprov-jdk15on/1.67/bcprov-jdk15on-1.67.jar:/home/runner/.m2/repository/com/google/protobuf/protobuf-java/2.5.0/protobuf-java-2.5.0.jar:/home/runner/.m2/repository/org/apache/ozone/ozone-manager/1.2.0-SNAPSHOT/ozone-manager-1.2.0-SNAPSHOT.jar:/home/runner/.m2/repository/org/aspectj/aspectjrt/1.8.9/aspectjrt-1.8.9.jar:/home/runner/.m2/repository/org/aspectj/aspectjweaver/1.8.9/aspectjweaver-1.8.9.jar:/home/runner/.m2/repository/org/apache/ozone/hdds-interface-client/1.2.0-SNAPSHOT/hdds-interface-client-1.2.0-SNAPSHOT.jar:/home/runner/.m2/repository/org/apache/hadoop/thirdparty/hadoop-shaded-protobuf_3_7/1.1.1/hadoop-shaded-protobuf_3_7-1.1.1.jar:/home/runner/.m2/repository/org/apache/ratis/ratis-thirdparty-misc/0.7.0/ratis-thirdparty-misc-0.7.0.jar:/home/runner/.m2/repository/org/apache/ozone/ozone-interface-storage/1.2.0-SNAPSHOT/ozone-interface-storage-1.2.0-SNAPSHOT.jar:/home/runner/.m2/repository/org/reflections/reflections/0.9.11/reflections-0.9.11.jar:/home/runner/.m2/repository/org/apache/hadoop/hadoop-minikdc/3.3.1/hadoop-minikdc-3.3.1.jar:/home/runner/.m2/repository/org/apache/kerby/kerb-simplekdc/1.0.1/kerb-simplekdc-1.0.1.jar:/home/runner/.m2/repository/org/apache/kerby/kerb-client/1.0.1/kerb-client-1.0.1.jar:/home/runner/.m2/repository/org/apache/kerby/kerby-config/1.0.1/kerby-config-1.0.1.jar:/home/runner/.m2/repository/org/apache/kerby/kerb-common/1.0.1/kerb-common-1.0.1.jar:/home/runner/.m2/repository/org/apache/kerby/kerb-crypto/1.0.1/kerb-crypto-1.0.1.jar:/home/runner/.m2/repository/org/apache/kerby/kerb-util/1.0.1/kerb-util-1.0.1.jar:/home/runner/.m2/repository/org/apache/kerby/token-provider/1.0.1/token-provider-1.0.1.jar:/home/runner/.m2/repository/org/apache/kerby/kerb-admin/1.0.1/kerb-admin-1.0.1.jar:/home/runner/.m2/repository/org/apache/kerby/kerb-server/1.0.1/kerb-server-1.0.1.jar:/home/runner/.m2/repository/org/apache/kerby/kerb-identity/1.0.1/kerb-identity-1.0.1.jar:/home/runner/.m2/repository/org/apache/kerby/kerby-xdr/1.0.1/kerby-xdr-1.0.1.jar:/home/runner/.m2/repository/org/slf4j/slf4j-log4j12/1.7.30/slf4j-log4j12-1.7.30.jar:/home/runner/.m2/repository/org/apache/ozone/ozone-s3gateway/1.2.0-SNAPSHOT/ozone-s3gateway-1.2.0-SNAPSHOT.jar:/home/runner/.m2/repository/org/javassist/javassist/3.21.0-GA/javassist-3.21.0-GA.jar:/home/runner/.m2/repository/org/jboss/weld/servlet/weld-servlet/2.4.7.Final/weld-servlet-2.4.7.Final.jar:/home/runner/.m2/repository/org/glassfish/jersey/containers/jersey-container-servlet-core/2.33/jersey-container-servlet-core-2.33.jar:/home/runner/.m2/repository/org/glassfish/hk2/external/jakarta.inject/2.6.1/jakarta.inject-2.6.1.jar:/home/runner/.m2/repository/org/glassfish/jersey/core/jersey-common/2.33/jersey-common-2.33.jar:/home/runner/.m2/repository/jakarta/ws/rs/jakarta.ws.rs-api/2.1.6/jakarta.ws.rs-api-2.1.6.jar:/home/runner/.m2/repository/org/glassfish/jersey/ext/cdi/jersey-cdi1x/2.33/jersey-cdi1x-2.33.jar:/home/runner/.m2/repository/org/glassfish/jersey/inject/jersey-hk2/2.33/jersey-hk2-2.33.jar:/home/runner/.m2/repository/org/glassfish/hk2/hk2-locator/2.6.1/hk2-locator-2.6.1.jar:/home/runner/.m2/repository/org/glassfish/jersey/media/jersey-media-jaxb/2.33/jersey-media-jaxb-2.33.jar:/home/runner/.m2/repository/org/glassfish/hk2/osgi-resource-locator/1.0.3/osgi-resource-locator-1.0.3.jar:/home/runner/.m2/repository/org/glassfish/hk2/hk2-api/2.5.0/hk2-api-2.5.0.jar:/home/runner/.m2/repository/org/glassfish/hk2/hk2-utils/2.5.0/hk2-utils-2.5.0.jar:/home/runner/.m2/repository/org/glassfish/hk2/external/aopalliance-repackaged/2.5.0/aopalliance-repackaged-2.5.0.jar:/home/runner/.m2/repository/com/fasterxml/jackson/dataformat/jackson-dataformat-xml/2.12.1/jackson-dataformat-xml-2.12.1.jar:/home/runner/.m2/repository/com/fasterxml/jackson/core/jackson-core/2.12.1/jackson-core-2.12.1.jar:/home/runner/.m2/repository/com/fasterxml/jackson/module/jackson-module-jaxb-annotations/2.12.1/jackson-module-jaxb-annotations-2.12.1.jar:/home/runner/.m2/repository/jakarta/xml/bind/jakarta.xml.bind-api/2.3.2/jakarta.xml.bind-api-2.3.2.jar:/home/runner/.m2/repository/org/codehaus/woodstox/stax2-api/3.1.4/stax2-api-3.1.4.jar:/home/runner/.m2/repository/com/fasterxml/woodstox/woodstox-core/5.0.3/woodstox-core-5.0.3.jar:/home/runner/.m2/repository/javax/enterprise/cdi-api/1.2/cdi-api-1.2.jar:/home/runner/.m2/repository/javax/el/javax.el-api/3.0.0/javax.el-api-3.0.0.jar:/home/runner/.m2/repository/javax/interceptor/javax.interceptor-api/1.2/javax.interceptor-api-1.2.jar:/home/runner/.m2/repository/javax/inject/javax.inject/1/javax.inject-1.jar:/home/runner/.m2/repository/javax/xml/bind/jaxb-api/2.3.0/jaxb-api-2.3.0.jar:/home/runner/.m2/repository/org/glassfish/jaxb/jaxb-runtime/2.3.0.1/jaxb-runtime-2.3.0.1.jar:/home/runner/.m2/repository/org/glassfish/jaxb/jaxb-core/2.3.0.1/jaxb-core-2.3.0.1.jar:/home/runner/.m2/repository/org/glassfish/jaxb/txw2/2.3.0.1/txw2-2.3.0.1.jar:/home/runner/.m2/repository/com/sun/istack/istack-commons-runtime/3.0.5/istack-commons-runtime-3.0.5.jar:/home/runner/.m2/repository/org/jvnet/staxex/stax-ex/1.7.8/stax-ex-1.7.8.jar:/home/runner/.m2/repository/com/sun/xml/fastinfoset/FastInfoset/1.2.13/FastInfoset-1.2.13.jar:/home/runner/.m2/repository/javax/activation/activation/1.1.1/activation-1.1.1.jar:/home/runner/.m2/repository/org/apache/ozone/ozone-csi/1.2.0-SNAPSHOT/ozone-csi-1.2.0-SNAPSHOT.jar:/home/runner/.m2/repository/com/google/protobuf/protobuf-java-util/3.12.0/protobuf-java-util-3.12.0.jar:/home/runner/.m2/repository/com/google/code/gson/gson/2.2.4/gson-2.2.4.jar:/home/runner/.m2/repository/org/apache/ozone/hdds-config/1.2.0-SNAPSHOT/hdds-config-1.2.0-SNAPSHOT.jar:/home/runner/.m2/repository/io/grpc/grpc-netty/1.33.0/grpc-netty-1.33.0.jar:/home/runner/.m2/repository/io/grpc/grpc-core/1.33.0/grpc-core-1.33.0.jar:/home/runner/.m2/repository/com/google/android/annotations/4.1.1.4/annotations-4.1.1.4.jar:/home/runner/.m2/repository/io/netty/netty-codec-http2/4.1.63.Final/netty-codec-http2-4.1.63.Final.jar:/home/runner/.m2/repository/io/netty/netty-codec-http/4.1.63.Final/netty-codec-http-4.1.63.Final.jar:/home/runner/.m2/repository/io/netty/netty-handler-proxy/4.1.63.Final/netty-handler-proxy-4.1.63.Final.jar:/home/runner/.m2/repository/io/netty/netty-codec-socks/4.1.63.Final/netty-codec-socks-4.1.63.Final.jar:/home/runner/.m2/repository/io/perfmark/perfmark-api/0.19.0/perfmark-api-0.19.0.jar:/home/runner/.m2/repository/org/codehaus/mojo/animal-sniffer-annotations/1.18/animal-sniffer-annotations-1.18.jar:/home/runner/.m2/repository/io/netty/netty-transport-native-epoll/4.1.63.Final/netty-transport-native-epoll-4.1.63.Final.jar:/home/runner/.m2/repository/io/netty/netty-common/4.1.63.Final/netty-common-4.1.63.Final.jar:/home/runner/.m2/repository/io/netty/netty-buffer/4.1.63.Final/netty-buffer-4.1.63.Final.jar:/home/runner/.m2/repository/io/netty/netty-transport-native-unix-common/4.1.63.Final/netty-transport-native-unix-common-4.1.63.Final.jar:/home/runner/.m2/repository/io/grpc/grpc-protobuf/1.33.0/grpc-protobuf-1.33.0.jar:/home/runner/.m2/repository/io/grpc/grpc-api/1.33.0/grpc-api-1.33.0.jar:/home/runner/.m2/repository/io/grpc/grpc-context/1.33.0/grpc-context-1.33.0.jar:/home/runner/.m2/repository/com/google/api/grpc/proto-google-common-protos/1.17.0/proto-google-common-protos-1.17.0.jar:/home/runner/.m2/repository/io/grpc/grpc-protobuf-lite/1.33.0/grpc-protobuf-lite-1.33.0.jar:/home/runner/.m2/repository/io/grpc/grpc-stub/1.33.0/grpc-stub-1.33.0.jar:/home/runner/.m2/repository/org/apache/ozone/ozone-recon/1.2.0-SNAPSHOT/ozone-recon-1.2.0-SNAPSHOT.jar:/home/runner/.m2/repository/org/apache/ozone/ozone-reconcodegen/1.2.0-SNAPSHOT/ozone-reconcodegen-1.2.0-SNAPSHOT.jar:/home/runner/.m2/repository/com/google/inject/extensions/guice-multibindings/4.0/guice-multibindings-4.0.jar:/home/runner/.m2/repository/com/google/inject/guice/4.0/guice-4.0.jar:/home/runner/.m2/repository/aopalliance/aopalliance/1.0/aopalliance-1.0.jar:/home/runner/.m2/repository/com/google/inject/extensions/guice-assistedinject/4.0/guice-assistedinject-4.0.jar:/home/runner/.m2/repository/com/google/inject/extensions/guice-servlet/4.0/guice-servlet-4.0.jar:/home/runner/.m2/repository/org/glassfish/jersey/containers/jersey-container-servlet/2.33/jersey-container-servlet-2.33.jar:/home/runner/.m2/repository/org/glassfish/hk2/guice-bridge/2.5.0/guice-bridge-2.5.0.jar:/home/runner/.m2/repository/org/glassfish/jersey/core/jersey-server/2.33/jersey-server-2.33.jar:/home/runner/.m2/repository/org/glassfish/jersey/core/jersey-client/2.33/jersey-client-2.33.jar:/home/runner/.m2/repository/jakarta/annotation/jakarta.annotation-api/1.3.5/jakarta.annotation-api-1.3.5.jar:/home/runner/.m2/repository/jakarta/validation/jakarta.validation-api/2.0.2/jakarta.validation-api-2.0.2.jar:/home/runner/.m2/repository/org/glassfish/jersey/media/jersey-media-json-jackson/2.33/jersey-media-json-jackson-2.33.jar:/home/runner/.m2/repository/org/glassfish/jersey/ext/jersey-entity-filtering/2.33/jersey-entity-filtering-2.33.jar:/home/runner/.m2/repository/org/jooq/jooq/3.11.10/jooq-3.11.10.jar:/home/runner/.m2/repository/org/jooq/jooq-meta/3.11.10/jooq-meta-3.11.10.jar:/home/runner/.m2/repository/org/jooq/jooq-codegen/3.11.10/jooq-codegen-3.11.10.jar:/home/runner/.m2/repository/com/jolbox/bonecp/0.8.0.RELEASE/bonecp-0.8.0.RELEASE.jar:/home/runner/.m2/repository/org/apache/derby/derby/10.14.2.0/derby-10.14.2.0.jar:/home/runner/.m2/repository/org/xerial/sqlite-jdbc/3.25.2/sqlite-jdbc-3.25.2.jar:/home/runner/.m2/repository/org/springframework/spring-jdbc/5.2.11.RELEASE/spring-jdbc-5.2.11.RELEASE.jar:/home/runner/.m2/repository/org/springframework/spring-beans/5.2.11.RELEASE/spring-beans-5.2.11.RELEASE.jar:/home/runner/.m2/repository/org/springframework/spring-core/5.2.11.RELEASE/spring-core-5.2.11.RELEASE.jar:/home/runner/.m2/repository/org/springframework/spring-jcl/5.2.11.RELEASE/spring-jcl-5.2.11.RELEASE.jar:/home/runner/.m2/repository/org/springframework/spring-tx/5.2.11.RELEASE/spring-tx-5.2.11.RELEASE.jar:/home/runner/.m2/repository/org/apache/ozone/ozone-client/1.2.0-SNAPSHOT/ozone-client-1.2.0-SNAPSHOT.jar:/home/runner/.m2/repository/org/apache/ozone/ozone-filesystem/1.2.0-SNAPSHOT/ozone-filesystem-1.2.0-SNAPSHOT.jar:/home/runner/.m2/repository/org/apache/ozone/ozone-filesystem-common/1.2.0-SNAPSHOT/ozone-filesystem-common-1.2.0-SNAPSHOT.jar:/home/runner/.m2/repository/org/apache/ozone/ozone-tools/1.2.0-SNAPSHOT/ozone-tools-1.2.0-SNAPSHOT.jar:/home/runner/.m2/repository/org/apache/ratis/ratis-tools/2.1.0/ratis-tools-2.1.0.jar:/home/runner/.m2/repository/org/apache/ratis/ratis-proto/2.1.0/ratis-proto-2.1.0.jar:/home/runner/.m2/repository/org/apache/ratis/ratis-common/2.1.0/ratis-common-2.1.0.jar:/home/runner/.m2/repository/com/amazonaws/aws-java-sdk-core/1.11.901/aws-java-sdk-core-1.11.901.jar:/home/runner/.m2/repository/org/apache/httpcomponents/httpclient/4.5.13/httpclient-4.5.13.jar:/home/runner/.m2/repository/org/apache/httpcomponents/httpcore/4.4.13/httpcore-4.4.13.jar:/home/runner/.m2/repository/software/amazon/ion/ion-java/1.0.2/ion-java-1.0.2.jar:/home/runner/.m2/repository/com/fasterxml/jackson/dataformat/jackson-dataformat-cbor/2.12.1/jackson-dataformat-cbor-2.12.1.jar:/home/runner/.m2/repository/joda-time/joda-time/2.8.1/joda-time-2.8.1.jar:/home/runner/.m2/repository/com/amazonaws/aws-java-sdk-s3/1.11.901/aws-java-sdk-s3-1.11.901.jar:/home/runner/.m2/repository/com/amazonaws/aws-java-sdk-kms/1.11.901/aws-java-sdk-kms-1.11.901.jar:/home/runner/.m2/repository/com/amazonaws/jmespath-java/1.11.901/jmespath-java-1.11.901.jar:/home/runner/.m2/repository/org/kohsuke/metainf-services/metainf-services/1.8/metainf-services-1.8.jar:/home/runner/.m2/repository/org/apache/ozone/hdds-tools/1.2.0-SNAPSHOT/hdds-tools-1.2.0-SNAPSHOT.jar:/home/runner/.m2/repository/commons-cli/commons-cli/1.2/commons-cli-1.2.jar:/home/runner/.m2/repository/org/apache/commons/commons-lang3/3.7/commons-lang3-3.7.jar:/home/runner/.m2/repository/org/apache/ozone/ozone-manager/1.2.0-SNAPSHOT/ozone-manager-1.2.0-SNAPSHOT-tests.jar:/home/runner/.m2/repository/org/apache/ozone/hdds-common/1.2.0-SNAPSHOT/hdds-common-1.2.0-SNAPSHOT-tests.jar:/home/runner/.m2/repository/org/apache/ozone/hdds-hadoop-dependency-client/1.2.0-SNAPSHOT/hdds-hadoop-dependency-client-1.2.0-SNAPSHOT.jar:/home/runner/.m2/repository/info/picocli/picocli/4.4.0/picocli-4.4.0.jar:/home/runner/.m2/repository/com/fasterxml/jackson/core/jackson-annotations/2.12.1/jackson-annotations-2.12.1.jar:/home/runner/.m2/repository/javax/annotation/javax.annotation-api/1.2/javax.annotation-api-1.2.jar:/home/runner/.m2/repository/org/apache/ratis/ratis-server/2.1.0/ratis-server-2.1.0.jar:/home/runner/.m2/repository/org/apache/ratis/ratis-client/2.1.0/ratis-client-2.1.0.jar:/home/runner/.m2/repository/org/apache/ratis/ratis-server-api/2.1.0/ratis-server-api-2.1.0.jar:/home/runner/.m2/repository/org/apache/ratis/ratis-metrics/2.1.0/ratis-metrics-2.1.0.jar:/home/runner/.m2/repository/org/apache/ratis/ratis-netty/2.1.0/ratis-netty-2.1.0.jar:/home/runner/.m2/repository/org/apache/ratis/ratis-grpc/2.1.0/ratis-grpc-2.1.0.jar:/home/runner/.m2/repository/org/apache/logging/log4j/log4j-api/2.13.3/log4j-api-2.13.3.jar:/home/runner/.m2/repository/org/apache/logging/log4j/log4j-core/2.13.3/log4j-core-2.13.3.jar:/home/runner/.m2/repository/com/lmax/disruptor/3.4.2/disruptor-3.4.2.jar:/home/runner/.m2/repository/org/apache/commons/commons-pool2/2.6.0/commons-pool2-2.6.0.jar:/home/runner/.m2/repository/org/bouncycastle/bcpkix-jdk15on/1.67/bcpkix-jdk15on-1.67.jar:/home/runner/.m2/repository/commons-validator/commons-validator/1.6/commons-validator-1.6.jar:/home/runner/.m2/repository/commons-beanutils/commons-beanutils/1.9.4/commons-beanutils-1.9.4.jar:/home/runner/.m2/repository/commons-digester/commons-digester/1.8.1/commons-digester-1.8.1.jar:/home/runner/.m2/repository/commons-collections/commons-collections/3.2.2/commons-collections-3.2.2.jar:/home/runner/.m2/repository/io/jaegertracing/jaeger-client/1.6.0/jaeger-client-1.6.0.jar:/home/runner/.m2/repository/io/jaegertracing/jaeger-thrift/1.6.0/jaeger-thrift-1.6.0.jar:/home/runner/.m2/repository/org/apache/thrift/libthrift/0.14.1/libthrift-0.14.1.jar:/home/runner/.m2/repository/com/squareup/okhttp3/okhttp/4.9.0/okhttp-4.9.0.jar:/home/runner/.m2/repository/com/squareup/okio/okio/2.8.0/okio-2.8.0.jar:/home/runner/.m2/repository/io/jaegertracing/jaeger-core/1.6.0/jaeger-core-1.6.0.jar:/home/runner/.m2/repository/io/jaegertracing/jaeger-tracerresolver/1.6.0/jaeger-tracerresolver-1.6.0.jar:/home/runner/.m2/repository/io/opentracing/contrib/opentracing-tracerresolver/0.1.8/opentracing-tracerresolver-0.1.8.jar:/home/runner/.m2/repository/org/jetbrains/kotlin/kotlin-stdlib/1.4.31/kotlin-stdlib-1.4.31.jar:/home/runner/.m2/repository/org/jetbrains/kotlin/kotlin-stdlib-common/1.4.31/kotlin-stdlib-common-1.4.31.jar:/home/runner/.m2/repository/org/jetbrains/annotations/13.0/annotations-13.0.jar:/home/runner/.m2/repository/io/opentracing/opentracing-util/0.33.0/opentracing-util-0.33.0.jar:/home/runner/.m2/repository/io/opentracing/opentracing-api/0.33.0/opentracing-api-0.33.0.jar:/home/runner/.m2/repository/io/opentracing/opentracing-noop/0.33.0/opentracing-noop-0.33.0.jar:/home/runner/.m2/repository/org/yaml/snakeyaml/1.26/snakeyaml-1.26.jar:/home/runner/.m2/repository/org/apache/ozone/hdds-interface-admin/1.2.0-SNAPSHOT/hdds-interface-admin-1.2.0-SNAPSHOT.jar:/home/runner/.m2/repository/junit/junit/4.13.1/junit-4.13.1.jar:/home/runner/.m2/repository/org/hamcrest/hamcrest-core/1.3/hamcrest-core-1.3.jar:/home/runner/.m2/repository/org/junit/jupiter/junit-jupiter-api/5.7.0/junit-jupiter-api-5.7.0.jar:/home/runner/.m2/repository/org/apiguardian/apiguardian-api/1.1.0/apiguardian-api-1.1.0.jar:/home/runner/.m2/repository/org/opentest4j/opentest4j/1.2.0/opentest4j-1.2.0.jar:/home/runner/.m2/repository/org/junit/platform/junit-platform-commons/1.7.0/junit-platform-commons-1.7.0.jar:/home/runner/.m2/repository/org/junit/jupiter/junit-jupiter-engine/5.7.0/junit-jupiter-engine-5.7.0.jar:/home/runner/.m2/repository/org/junit/platform/junit-platform-engine/1.7.0/junit-platform-engine-1.7.0.jar:/home/runner/.m2/repository/org/junit/vintage/junit-vintage-engine/5.7.0/junit-vintage-engine-5.7.0.jar:/home/runner/.m2/repository/org/junit/platform/junit-platform-launcher/1.7.0/junit-platform-launcher-1.7.0.jar:/home/runner/.m2/repository/org/openjdk/jmh/jmh-core/1.19/jmh-core-1.19.jar:/home/runner/.m2/repository/net/sf/jopt-simple/jopt-simple/4.6/jopt-simple-4.6.jar:/home/runner/.m2/repository/org/apache/commons/commons-math3/3.1.1/commons-math3-3.1.1.jar:/home/runner/.m2/repository/org/openjdk/jmh/jmh-generator-annprocess/1.19/jmh-generator-annprocess-1.19.jar:/home/runner/.m2/repository/org/mockito/mockito-core/2.28.2/mockito-core-2.28.2.jar:/home/runner/.m2/repository/net/bytebuddy/byte-buddy/1.9.10/byte-buddy-1.9.10.jar:/home/runner/.m2/repository/net/bytebuddy/byte-buddy-agent/1.9.10/byte-buddy-agent-1.9.10.jar:/home/runner/.m2/repository/org/objenesis/objenesis/1.0/objenesis-1.0.jar:/home/runner/.m2/repository/org/apache/hadoop/hadoop-kms/3.3.1/hadoop-kms-3.3.1.jar:/home/runner/.m2/repository/org/apache/hadoop/hadoop-auth/3.3.1/hadoop-auth-3.3.1.jar:/home/runner/.m2/repository/com/nimbusds/nimbus-jose-jwt/7.9/nimbus-jose-jwt-7.9.jar:/home/runner/.m2/repository/com/github/stephenc/jcip/jcip-annotations/1.0-1/jcip-annotations-1.0-1.jar:/home/runner/.m2/repository/net/minidev/json-smart/2.3/json-smart-2.3.jar:/home/runner/.m2/repository/net/minidev/accessors-smart/1.2/accessors-smart-1.2.jar:/home/runner/.m2/repository/org/ow2/asm/asm/5.0.4/asm-5.0.4.jar:/home/runner/.m2/repository/org/apache/zookeeper/zookeeper/3.5.6/zookeeper-3.5.6.jar:/home/runner/.m2/repository/org/apache/zookeeper/zookeeper-jute/3.5.6/zookeeper-jute-3.5.6.jar:/home/runner/.m2/repository/org/apache/yetus/audience-annotations/0.5.0/audience-annotations-0.5.0.jar:/home/runner/.m2/repository/org/apache/curator/curator-framework/4.2.0/curator-framework-4.2.0.jar:/home/runner/.m2/repository/org/apache/hadoop/thirdparty/hadoop-shaded-guava/1.1.1/hadoop-shaded-guava-1.1.1.jar:/home/runner/.m2/repository/com/sun/jersey/jersey-core/1.19/jersey-core-1.19.jar:/home/runner/.m2/repository/javax/ws/rs/jsr311-api/1.1.1/jsr311-api-1.1.1.jar:/home/runner/.m2/repository/com/sun/jersey/jersey-server/1.19/jersey-server-1.19.jar:/home/runner/.m2/repository/javax/servlet/javax.servlet-api/3.1.0/javax.servlet-api-3.1.0.jar:/home/runner/.m2/repository/org/eclipse/jetty/jetty-server/9.4.43.v20210629/jetty-server-9.4.43.v20210629.jar:/home/runner/.m2/repository/org/eclipse/jetty/jetty-http/9.4.43.v20210629/jetty-http-9.4.43.v20210629.jar:/home/runner/.m2/repository/org/eclipse/jetty/jetty-io/9.4.43.v20210629/jetty-io-9.4.43.v20210629.jar:/home/runner/.m2/repository/org/eclipse/jetty/jetty-webapp/9.4.43.v20210629/jetty-webapp-9.4.43.v20210629.jar:/home/runner/.m2/repository/org/eclipse/jetty/jetty-xml/9.4.43.v20210629/jetty-xml-9.4.43.v20210629.jar:/home/runner/.m2/repository/org/apache/hadoop/hadoop-common/3.3.1/hadoop-common-3.3.1.jar:/home/runner/.m2/repository/commons-net/commons-net/3.6/commons-net-3.6.jar:/home/runner/.m2/repository/jakarta/activation/jakarta.activation-api/1.2.1/jakarta.activation-api-1.2.1.jar:/home/runner/.m2/repository/com/sun/jersey/jersey-servlet/1.19/jersey-servlet-1.19.jar:/home/runner/.m2/repository/com/sun/jersey/jersey-json/1.19/jersey-json-1.19.jar:/home/runner/.m2/repository/org/codehaus/jettison/jettison/1.1/jettison-1.1.jar:/home/runner/.m2/repository/com/sun/xml/bind/jaxb-impl/2.2.3-1/jaxb-impl-2.2.3-1.jar:/home/runner/.m2/repository/org/codehaus/jackson/jackson-jaxrs/1.9.2/jackson-jaxrs-1.9.2.jar:/home/runner/.m2/repository/org/codehaus/jackson/jackson-xc/1.9.2/jackson-xc-1.9.2.jar:/home/runner/.m2/repository/org/apache/commons/commons-configuration2/2.1.1/commons-configuration2-2.1.1.jar:/home/runner/.m2/repository/org/apache/commons/commons-text/1.4/commons-text-1.4.jar:/home/runner/.m2/repository/com/google/re2j/re2j/1.1/re2j-1.1.jar:/home/runner/.m2/repository/com/jcraft/jsch/0.1.54/jsch-0.1.54.jar:/home/runner/.m2/repository/org/apache/curator/curator-client/4.2.0/curator-client-4.2.0.jar:/home/runner/.m2/repository/org/apache/curator/curator-recipes/4.2.0/curator-recipes-4.2.0.jar:/home/runner/.m2/repository/org/apache/kerby/kerb-core/1.0.1/kerb-core-1.0.1.jar:/home/runner/.m2/repository/org/apache/kerby/kerby-pkix/1.0.1/kerby-pkix-1.0.1.jar:/home/runner/.m2/repository/org/apache/kerby/kerby-asn1/1.0.1/kerby-asn1-1.0.1.jar:/home/runner/.m2/repository/org/apache/kerby/kerby-util/1.0.1/kerby-util-1.0.1.jar:/home/runner/.m2/repository/dnsjava/dnsjava/2.1.7/dnsjava-2.1.7.jar:/home/runner/.m2/repository/org/xerial/snappy/snappy-java/1.1.8.2/snappy-java-1.1.8.2.jar:/home/runner/.m2/repository/org/slf4j/jul-to-slf4j/1.7.30/jul-to-slf4j-1.7.30.jar:/home/runner/.m2/repository/org/eclipse/jetty/jetty-util/9.4.43.v20210629/jetty-util-9.4.43.v20210629.jar:/home/runner/.m2/repository/com/fasterxml/jackson/core/jackson-databind/2.12.1/jackson-databind-2.12.1.jar:/home/runner/.m2/repository/org/apache/hadoop/hadoop-kms/3.3.1/hadoop-kms-3.3.1-tests.jar:/home/runner/.m2/repository/org/apache/ozone/hdds-server-scm/1.2.0-SNAPSHOT/hdds-server-scm-1.2.0-SNAPSHOT-tests.jar:/home/runner/.m2/repository/org/apache/ozone/hdds-container-service/1.2.0-SNAPSHOT/hdds-container-service-1.2.0-SNAPSHOT-tests.jar:/home/runner/.m2/repository/commons-codec/commons-codec/1.11/commons-codec-1.11.jar:/home/runner/.m2/repository/io/netty/netty-transport/4.1.63.Final/netty-transport-4.1.63.Final.jar:/home/runner/.m2/repository/io/netty/netty-resolver/4.1.63.Final/netty-resolver-4.1.63.Final.jar:/home/runner/.m2/repository/io/netty/netty-codec/4.1.63.Final/netty-codec-4.1.63.Final.jar:/home/runner/.m2/repository/io/netty/netty-handler/4.1.63.Final/netty-handler-4.1.63.Final.jar:/home/runner/.m2/repository/org/apache/ozone/hdds-hadoop-dependency-test/1.2.0-SNAPSHOT/hdds-hadoop-dependency-test-1.2.0-SNAPSHOT.jar:/home/runner/.m2/repository/org/apache/hadoop/hadoop-common/3.3.1/hadoop-common-3.3.1-tests.jar:/home/runner/.m2/repository/org/assertj/assertj-core/3.12.2/assertj-core-3.12.2.jar:/home/runner/.m2/repository/org/apache/hadoop/hadoop-hdfs/3.3.1/hadoop-hdfs-3.3.1-tests.jar:/home/runner/.m2/repository/org/eclipse/jetty/jetty-util-ajax/9.4.43.v20210629/jetty-util-ajax-9.4.43.v20210629.jar:/home/runner/.m2/repository/commons-daemon/commons-daemon/1.0.13/commons-daemon-1.0.13.jar:/home/runner/.m2/repository/io/netty/netty/3.10.6.Final/netty-3.10.6.Final.jar:/home/runner/.m2/repository/io/netty/netty-all/4.1.63.Final/netty-all-4.1.63.Final.jar:/home/runner/.m2/repository/org/apache/htrace/htrace-core4/4.1.0-incubating/htrace-core4-4.1.0-incubating.jar:/home/runner/.m2/repository/org/fusesource/leveldbjni/leveldbjni-all/1.8/leveldbjni-all-1.8.jar:/home/runner/.m2/repository/org/apache/hadoop/hadoop-distcp/3.3.1/hadoop-distcp-3.3.1.jar:/home/runner/.m2/repository/org/apache/hadoop/hadoop-mapreduce-client-jobclient/3.3.1/hadoop-mapreduce-client-jobclient-3.3.1.jar:/home/runner/.m2/repository/org/apache/hadoop/hadoop-mapreduce-client-common/3.3.1/hadoop-mapreduce-client-common-3.3.1.jar:/home/runner/.m2/repository/org/apache/hadoop/hadoop-yarn-common/3.3.1/hadoop-yarn-common-3.3.1.jar:/home/runner/.m2/repository/org/apache/hadoop/hadoop-yarn-api/3.3.1/hadoop-yarn-api-3.3.1.jar:/home/runner/.m2/repository/com/sun/jersey/jersey-client/1.19/jersey-client-1.19.jar:/home/runner/.m2/repository/com/sun/jersey/contribs/jersey-guice/1.19/jersey-guice-1.19.jar:/home/runner/.m2/repository/com/fasterxml/jackson/jaxrs/jackson-jaxrs-json-provider/2.12.1/jackson-jaxrs-json-provider-2.12.1.jar:/home/runner/.m2/repository/com/fasterxml/jackson/jaxrs/jackson-jaxrs-base/2.12.1/jackson-jaxrs-base-2.12.1.jar:/home/runner/.m2/repository/org/apache/hadoop/hadoop-yarn-client/3.3.1/hadoop-yarn-client-3.3.1.jar:/home/runner/.m2/repository/org/eclipse/jetty/websocket/websocket-client/9.4.40.v20210413/websocket-client-9.4.40.v20210413.jar:/home/runner/.m2/repository/org/eclipse/jetty/jetty-client/9.4.40.v20210413/jetty-client-9.4.40.v20210413.jar:/home/runner/.m2/repository/org/eclipse/jetty/websocket/websocket-common/9.4.40.v20210413/websocket-common-9.4.40.v20210413.jar:/home/runner/.m2/repository/org/eclipse/jetty/websocket/websocket-api/9.4.40.v20210413/websocket-api-9.4.40.v20210413.jar:/home/runner/.m2/repository/org/jline/jline/3.9.0/jline-3.9.0.jar:/home/runner/.m2/repository/org/apache/hadoop/hadoop-mapreduce-client-core/3.3.1/hadoop-mapreduce-client-core-3.3.1.jar:/home/runner/.m2/repository/org/apache/avro/avro/1.7.7/avro-1.7.7.jar:/home/runner/.m2/repository/org/codehaus/jackson/jackson-core-asl/1.9.13/jackson-core-asl-1.9.13.jar:/home/runner/.m2/repository/org/codehaus/jackson/jackson-mapper-asl/1.9.13/jackson-mapper-asl-1.9.13.jar:/home/runner/.m2/repository/com/thoughtworks/paranamer/paranamer/2.3/paranamer-2.3.jar:/home/runner/.m2/repository/org/apache/hadoop/hadoop-annotations/3.3.1/hadoop-annotations-3.3.1.jar:/usr/lib/jvm/adoptopenjdk-8-hotspot-amd64/jre/../lib/tools.jar:/home/runner/.m2/repository/org/apache/hadoop/hadoop-distcp/3.3.1/hadoop-distcp-3.3.1-tests.jar:"/>
    <property name="sun.cpu.endian" value="little"/>
    <property name="user.home" value="/home/runner"/>
    <property name="user.language" value="en"/>
    <property name="java.specification.vendor" value="Oracle Corporation"/>
    <property name="java.home" value="/usr/lib/jvm/adoptopenjdk-8-hotspot-amd64/jre"/>
    <property name="java.security.krb5.conf" value="/home/runner/work/ozone/ozone/hadoop-ozone/integration-test/target/test-classes/krb5.conf"/>
    <property name="basedir" value="/home/runner/work/ozone/ozone/hadoop-ozone/integration-test"/>
    <property name="file.separator" value="/"/>
    <property name="line.separator" value="&#10;"/>
    <property name="java.vm.specification.vendor" value="Oracle Corporation"/>
    <property name="java.specification.name" value="Java Platform API Specification"/>
    <property name="java.awt.graphicsenv" value="sun.awt.X11GraphicsEnvironment"/>
    <property name="skip.installnpx" value="true"/>
    <property name="surefire.real.class.path" value="/home/runner/work/ozone/ozone/hadoop-ozone/integration-test/target/surefire/surefirebooter3766759890861532545.jar:/home/runner/.m2/repository/org/jacoco/org.jacoco.agent/0.8.5/org.jacoco.agent-0.8.5-runtime.jar"/>
    <property name="hadoop.log.dir" value="/home/runner/work/ozone/ozone/hadoop-ozone/integration-test/target/log"/>
    <property name="sun.boot.class.path" value="/usr/lib/jvm/adoptopenjdk-8-hotspot-amd64/jre/lib/resources.jar:/usr/lib/jvm/adoptopenjdk-8-hotspot-amd64/jre/lib/rt.jar:/usr/lib/jvm/adoptopenjdk-8-hotspot-amd64/jre/lib/sunrsasign.jar:/usr/lib/jvm/adoptopenjdk-8-hotspot-amd64/jre/lib/jsse.jar:/usr/lib/jvm/adoptopenjdk-8-hotspot-amd64/jre/lib/jce.jar:/usr/lib/jvm/adoptopenjdk-8-hotspot-amd64/jre/lib/charsets.jar:/usr/lib/jvm/adoptopenjdk-8-hotspot-amd64/jre/lib/jfr.jar:/usr/lib/jvm/adoptopenjdk-8-hotspot-amd64/jre/classes"/>
    <property name="sun.management.compiler" value="HotSpot 64-Bit Tiered Compilers"/>
    <property name="skip.npx" value="true"/>
    <property name="java.runtime.version" value="1.8.0_292-b10"/>
    <property name="java.net.preferIPv4Stack" value="true"/>
    <property name="user.name" value="runner"/>
    <property name="path.separator" value=":"/>
    <property name="java.security.egd" value="file:///dev/urandom"/>
    <property name="os.version" value="5.4.0-1055-azure"/>
    <property name="java.endorsed.dirs" value="/usr/lib/jvm/adoptopenjdk-8-hotspot-amd64/jre/lib/endorsed"/>
    <property name="java.runtime.name" value="OpenJDK Runtime Environment"/>
    <property name="file.encoding" value="UTF-8"/>
    <property name="java.vm.name" value="OpenJDK 64-Bit Server VM"/>
    <property name="test.build.webapps" value=""/>
    <property name="localRepository" value="/home/runner/.m2/repository"/>
    <property name="java.vendor.url.bug" value="https://github.com/AdoptOpenJDK/openjdk-support/issues"/>
    <property name="java.io.tmpdir" value="/tmp"/>
    <property name="require.test.libhadoop" value=""/>
    <property name="java.version" value="1.8.0_292"/>
    <property name="user.dir" value="/home/runner/work/ozone/ozone/hadoop-ozone/integration-test"/>
    <property name="os.arch" value="amd64"/>
    <property name="java.vm.specification.name" value="Java Virtual Machine Specification"/>
    <property name="test.build.classes" value="/home/runner/work/ozone/ozone/hadoop-ozone/integration-test/target/test-classes"/>
    <property name="java.awt.printerjob" value="sun.print.PSPrinterJob"/>
    <property name="sun.os.patch.level" value="unknown"/>
    <property name="hadoop.tmp.dir" value="/home/runner/work/ozone/ozone/hadoop-ozone/integration-test/target/tmp"/>
    <property name="java.library.path" value="/usr/java/packages/lib/amd64:/usr/lib64:/lib64:/lib:/usr/lib"/>
    <property name="java.vm.info" value="mixed mode"/>
    <property name="java.vendor" value="AdoptOpenJDK"/>
    <property name="java.vm.version" value="25.292-b10"/>
    <property name="java.ext.dirs" value="/usr/lib/jvm/adoptopenjdk-8-hotspot-amd64/jre/lib/ext:/usr/java/packages/lib/ext"/>
    <property name="sun.io.unicode.encoding" value="UnicodeLittle"/>
    <property name="java.class.version" value="52.0"/>
  </properties>
  <testcase name="testBlockDeleteCommandParallelProcess" classname="org.apache.hadoop.ozone.container.common.statemachine.commandhandler.TestBlockDeletion" time="43.655"/>
  <testcase name="testContainerStatisticsAfterDelete" classname="org.apache.hadoop.ozone.container.common.statemachine.commandhandler.TestBlockDeletion" time="69.618"/>
  <testcase name="testBlockDeletion" classname="org.apache.hadoop.ozone.container.common.statemachine.commandhandler.TestBlockDeletion" time="124.929">
    <error message="Timed out waiting for condition. Thread diagnostics:&#10;Timestamp: 2021-08-10 12:16:55,413&#10;&#10;&quot;pool-431-thread-1&quot; daemon prio=5 tid=5001 timed_waiting&#10;java.lang.Thread.State: TIMED_WAITING&#10;        at sun.misc.Unsafe.park(Native Method)&#10;        at java.util.concurrent.locks.LockSupport.parkNanos(LockSupport.java:215)&#10;        at java.util.concurrent.locks.AbstractQueuedSynchronizer$ConditionObject.awaitNanos(AbstractQueuedSynchronizer.java:2078)&#10;        at java.util.concurrent.ScheduledThreadPoolExecutor$DelayedWorkQueue.take(ScheduledThreadPoolExecutor.java:1093)&#10;        at java.util.concurrent.ScheduledThreadPoolExecutor$DelayedWorkQueue.take(ScheduledThreadPoolExecutor.java:809)&#10;        at java.util.concurrent.ThreadPoolExecutor.getTask(ThreadPoolExecutor.java:1074)&#10;        at java.util.concurrent.ThreadPoolExecutor.runWorker(ThreadPoolExecutor.java:1134)&#10;        at java.util.concurrent.ThreadPoolExecutor$Worker.run(ThreadPoolExecutor.java:624)&#10;        at java.lang.Thread.run(Thread.java:748)&#10;&quot;IPC Server handler 1 on default port 35463&quot; daemon prio=5 tid=4895 timed_waiting&#10;java.lang.Thread.State: TIMED_WAITING&#10;        at sun.misc.Unsafe.park(Native Method)&#10;        at java.util.concurrent.locks.LockSupport.parkNanos(LockSupport.java:215)&#10;        at java.util.concurrent.locks.AbstractQueuedSynchronizer$ConditionObject.awaitNanos(AbstractQueuedSynchronizer.java:2078)&#10;        at java.util.concurrent.LinkedBlockingQueue.poll(LinkedBlockingQueue.java:467)&#10;        at org.apache.hadoop.ipc.CallQueueManager.take(CallQueueManager.java:317)&#10;        at org.apache.hadoop.ipc.Server$Handler.run(Server.java:2932)&#10;&quot;EndpointStateMachine task thread for /0.0.0.0:35463 - 0 &quot;  prio=5 tid=5051 in Object.wait()&#10;java.lang.Thread.State: WAITING (on object monitor)&#10;        at sun.misc.Unsafe.park(Native Method)&#10;        at java.util.concurrent.locks.LockSupport.park(LockSupport.java:175)&#10;        at java.util.concurrent.locks.AbstractQueuedSynchronizer$ConditionObject.await(AbstractQueuedSynchronizer.java:2039)&#10;        at java.util.concurrent.LinkedBlockingQueue.take(LinkedBlockingQueue.java:442)&#10;        at java.util.concurrent.ThreadPoolExecutor.getTask(ThreadPoolExecutor.java:1074)&#10;        at java.util.concurrent.ThreadPoolExecutor.runWorker(ThreadPoolExecutor.java:1134)&#10;        at java.util.concurrent.ThreadPoolExecutor$Worker.run(ThreadPoolExecutor.java:624)&#10;        at java.lang.Thread.run(Thread.java:748)&#10;&quot;EndpointStateMachine task thread for /0.0.0.0:35463 - 0 &quot;  prio=5 tid=5064 in Object.wait()&#10;java.lang.Thread.State: WAITING (on object monitor)&#10;        at sun.misc.Unsafe.park(Native Method)&#10;        at java.util.concurrent.locks.LockSupport.park(LockSupport.java:175)&#10;        at java.util.concurrent.locks.AbstractQueuedSynchronizer$ConditionObject.await(AbstractQueuedSynchronizer.java:2039)&#10;        at java.util.concurrent.LinkedBlockingQueue.take(LinkedBlockingQueue.java:442)&#10;        at java.util.concurrent.ThreadPoolExecutor.getTask(ThreadPoolExecutor.java:1074)&#10;        at java.util.concurrent.ThreadPoolExecutor.runWorker(ThreadPoolExecutor.java:1134)&#10;        at java.util.concurrent.ThreadPoolExecutor$Worker.run(ThreadPoolExecutor.java:624)&#10;        at java.lang.Thread.run(Thread.java:748)&#10;&quot;BlockDeletingService#8&quot; daemon prio=5 tid=5095 in Object.wait()&#10;java.lang.Thread.State: WAITING (on object monitor)&#10;        at sun.misc.Unsafe.park(Native Method)&#10;        at java.util.concurrent.locks.LockSupport.park(LockSupport.java:175)&#10;        at java.util.concurrent.locks.AbstractQueuedSynchronizer$ConditionObject.await(AbstractQueuedSynchronizer.java:2039)&#10;        at java.util.concurrent.ScheduledThreadPoolExecutor$DelayedWorkQueue.take(ScheduledThreadPoolExecutor.java:1088)&#10;        at java.util.concurrent.ScheduledThreadPoolExecutor$DelayedWorkQueue.take(ScheduledThreadPoolExecutor.java:809)&#10;        at java.util.concurrent.ThreadPoolExecutor.getTask(ThreadPoolExecutor.java:1074)&#10;        at java.util.concurrent.ThreadPoolExecutor.runWorker(ThreadPoolExecutor.java:1134)&#10;        at java.util.concurrent.ThreadPoolExecutor$Worker.run(ThreadPoolExecutor.java:624)&#10;        at java.lang.Thread.run(Thread.java:748)&#10;&quot;pool-466-thread-6&quot;  prio=5 tid=5210 in Object.wait()&#10;java.lang.Thread.State: WAITING (on object monitor)&#10;        at sun.misc.Unsafe.park(Native Method)&#10;        at java.util.concurrent.locks.LockSupport.park(LockSupport.java:175)&#10;        at java.util.concurrent.locks.AbstractQueuedSynchronizer$ConditionObject.await(AbstractQueuedSynchronizer.java:2039)&#10;        at java.util.concurrent.LinkedBlockingQueue.take(LinkedBlockingQueue.java:442)&#10;        at java.util.concurrent.ThreadPoolExecutor.getTask(ThreadPoolExecutor.java:1074)&#10;        at java.util.concurrent.ThreadPoolExecutor.runWorker(ThreadPoolExecutor.java:1134)&#10;        at java.util.concurrent.ThreadPoolExecutor$Worker.run(ThreadPoolExecutor.java:624)&#10;        at java.lang.Thread.run(Thread.java:748)&#10;&quot;BlockDeletingService#3&quot; daemon prio=5 tid=5092 in Object.wait()&#10;java.lang.Thread.State: WAITING (on object monitor)&#10;        at sun.misc.Unsafe.park(Native Method)&#10;        at java.util.concurrent.locks.LockSupport.park(LockSupport.java:175)&#10;        at java.util.concurrent.locks.AbstractQueuedSynchronizer$ConditionObject.await(AbstractQueuedSynchronizer.java:2039)&#10;        at java.util.concurrent.ScheduledThreadPoolExecutor$DelayedWorkQueue.take(ScheduledThreadPoolExecutor.java:1088)&#10;        at java.util.concurrent.ScheduledThreadPoolExecutor$DelayedWorkQueue.take(ScheduledThreadPoolExecutor.java:809)&#10;        at java.util.concurrent.ThreadPoolExecutor.getTask(ThreadPoolExecutor.java:1074)&#10;        at java.util.concurrent.ThreadPoolExecutor.runWorker(ThreadPoolExecutor.java:1134)&#10;        at java.util.concurrent.ThreadPoolExecutor$Worker.run(ThreadPoolExecutor.java:624)&#10;        at java.lang.Thread.run(Thread.java:748)&#10;&quot;SCM Heartbeat Processing Thread - 0&quot; daemon prio=5 tid=4835 timed_waiting&#10;java.lang.Thread.State: TIMED_WAITING&#10;        at sun.misc.Unsafe.park(Native Method)&#10;        at java.util.concurrent.locks.LockSupport.parkNanos(LockSupport.java:215)&#10;        at java.util.concurrent.locks.AbstractQueuedSynchronizer$ConditionObject.awaitNanos(AbstractQueuedSynchronizer.java:2078)&#10;        at java.util.concurrent.ScheduledThreadPoolExecutor$DelayedWorkQueue.take(ScheduledThreadPoolExecutor.java:1093)&#10;        at java.util.concurrent.ScheduledThreadPoolExecutor$DelayedWorkQueue.take(ScheduledThreadPoolExecutor.java:809)&#10;        at java.util.concurrent.ThreadPoolExecutor.getTask(ThreadPoolExecutor.java:1074)&#10;        at java.util.concurrent.ThreadPoolExecutor.runWorker(ThreadPoolExecutor.java:1134)&#10;        at java.util.concurrent.ThreadPoolExecutor$Worker.run(ThreadPoolExecutor.java:624)&#10;        at java.lang.Thread.run(Thread.java:748)&#10;&quot;EventQueue-ContainerReportForContainerReportHandler&quot; daemon prio=5 tid=5115 in Object.wait()&#10;java.lang.Thread.State: WAITING (on object monitor)&#10;        at sun.misc.Unsafe.park(Native Method)&#10;        at java.util.concurrent.locks.LockSupport.park(LockSupport.java:175)&#10;        at java.util.concurrent.locks.AbstractQueuedSynchronizer$ConditionObject.await(AbstractQueuedSynchronizer.java:2039)&#10;        at java.util.concurrent.LinkedBlockingQueue.take(LinkedBlockingQueue.java:442)&#10;        at java.util.concurrent.ThreadPoolExecutor.getTask(ThreadPoolExecutor.java:1074)&#10;        at java.util.concurrent.ThreadPoolExecutor.runWorker(ThreadPoolExecutor.java:1134)&#10;        at java.util.concurrent.ThreadPoolExecutor$Worker.run(ThreadPoolExecutor.java:624)&#10;        at java.lang.Thread.run(Thread.java:748)&#10;&quot;qtp1834632129-4920&quot; daemon prio=5 tid=4920 timed_waiting&#10;java.lang.Thread.State: TIMED_WAITING&#10;        at sun.misc.Unsafe.park(Native Method)&#10;        at java.util.concurrent.locks.LockSupport.parkNanos(LockSupport.java:215)&#10;        at java.util.concurrent.locks.AbstractQueuedSynchronizer$ConditionObject.awaitNanos(AbstractQueuedSynchronizer.java:2078)&#10;        at org.eclipse.jetty.util.BlockingArrayQueue.poll(BlockingArrayQueue.java:382)&#10;        at org.eclipse.jetty.util.thread.QueuedThreadPool$Runner.idleJobPoll(QueuedThreadPool.java:974)&#10;        at org.eclipse.jetty.util.thread.QueuedThreadPool$Runner.run(QueuedThreadPool.java:1018)&#10;        at java.lang.Thread.run(Thread.java:748)&#10;&quot;IPC Server handler 13 on default port 37371&quot; daemon prio=5 tid=4867 timed_waiting&#10;java.lang.Thread.State: TIMED_WAITING&#10;        at sun.misc.Unsafe.park(Native Method)&#10;        at java.util.concurrent.locks.LockSupport.parkNanos(LockSupport.java:215)&#10;        at java.util.concurrent.locks.AbstractQueuedSynchronizer$ConditionObject.awaitNanos(AbstractQueuedSynchronizer.java:2078)&#10;        at java.util.concurrent.LinkedBlockingQueue.poll(LinkedBlockingQueue.java:467)&#10;        at org.apache.hadoop.ipc.CallQueueManager.take(CallQueueManager.java:317)&#10;        at org.apache.hadoop.ipc.Server$Handler.run(Server.java:2932)&#10;&quot;FullTableCache Cleanup Thread - 0&quot; daemon prio=5 tid=342 in Object.wait()&#10;java.lang.Thread.State: WAITING (on object monitor)&#10;        at sun.misc.Unsafe.park(Native Method)&#10;        at java.util.concurrent.locks.LockSupport.park(LockSupport.java:175)&#10;        at java.util.concurrent.locks.AbstractQueuedSynchronizer$ConditionObject.await(AbstractQueuedSynchronizer.java:2039)&#10;        at java.util.concurrent.LinkedBlockingQueue.take(LinkedBlockingQueue.java:442)&#10;        at java.util.concurrent.ThreadPoolExecutor.getTask(ThreadPoolExecutor.java:1074)&#10;        at java.util.concurrent.ThreadPoolExecutor.runWorker(ThreadPoolExecutor.java:1134)&#10;        at java.util.concurrent.ThreadPoolExecutor$Worker.run(ThreadPoolExecutor.java:624)&#10;        at java.lang.Thread.run(Thread.java:748)&#10;&quot;org.apache.hadoop.ozone.container.common.statemachine.commandhandler.DeleteBlocksCommandHandler$DeleteCmdWorker@29efc19e&quot; daemon prio=5 tid=4086 runnable&#10;java.lang.Thread.State: RUNNABLE&#10;        at java.lang.Thread.sleep(Native Method)&#10;        at org.apache.hadoop.ozone.container.common.statemachine.commandhandler.DeleteBlocksCommandHandler$DeleteCmdWorker.run(DeleteBlocksCommandHandler.java:174)&#10;        at java.lang.Thread.run(Thread.java:748)&#10;&quot;Datanode ReportManager Thread - 0&quot; daemon prio=5 tid=5015 in Object.wait()&#10;java.lang.Thread.State: WAITING (on object monitor)&#10;        at sun.misc.Unsafe.park(Native Method)&#10;        at java.util.concurrent.locks.LockSupport.park(LockSupport.java:175)&#10;        at java.util.concurrent.locks.AbstractQueuedSynchronizer$ConditionObject.await(AbstractQueuedSynchronizer.java:2039)&#10;        at java.util.concurrent.ScheduledThreadPoolExecutor$DelayedWorkQueue.take(ScheduledThreadPoolExecutor.java:1088)&#10;        at java.util.concurrent.ScheduledThreadPoolExecutor$DelayedWorkQueue.take(ScheduledThreadPoolExecutor.java:809)&#10;        at java.util.concurrent.ThreadPoolExecutor.getTask(ThreadPoolExecutor.java:1074)&#10;        at java.util.concurrent.ThreadPoolExecutor.runWorker(ThreadPoolExecutor.java:1134)&#10;        at java.util.concurrent.ThreadPoolExecutor$Worker.run(ThreadPoolExecutor.java:624)&#10;        at java.lang.Thread.run(Thread.java:748)&#10;&quot;org.apache.hadoop.util.JvmPauseMonitor$Monitor@45a7770d&quot; daemon prio=5 tid=4972 timed_waiting&#10;java.lang.Thread.State: TIMED_WAITING&#10;        at java.lang.Thread.sleep(Native Method)&#10;        at org.apache.hadoop.util.JvmPauseMonitor$Monitor.run(JvmPauseMonitor.java:192)&#10;        at java.lang.Thread.run(Thread.java:748)&#10;&quot;java.util.concurrent.ThreadPoolExecutor$Worker@3615d7a1[State = -1, empty queue]&quot; daemon prio=5 tid=5142 timed_waiting&#10;java.lang.Thread.State: TIMED_WAITING&#10;        at sun.misc.Unsafe.park(Native Method)&#10;        at java.util.concurrent.locks.LockSupport.parkNanos(LockSupport.java:215)&#10;        at java.util.concurrent.locks.AbstractQueuedSynchronizer$ConditionObject.awaitNanos(AbstractQueuedSynchronizer.java:2078)&#10;        at java.util.concurrent.ScheduledThreadPoolExecutor$DelayedWorkQueue.take(ScheduledThreadPoolExecutor.java:1093)&#10;        at java.util.concurrent.ScheduledThreadPoolExecutor$DelayedWorkQueue.take(ScheduledThreadPoolExecutor.java:809)&#10;        at java.util.concurrent.ThreadPoolExecutor.getTask(ThreadPoolExecutor.java:1074)&#10;        at java.util.concurrent.ThreadPoolExecutor.runWorker(ThreadPoolExecutor.java:1134)&#10;        at java.util.concurrent.ThreadPoolExecutor$Worker.run(ThreadPoolExecutor.java:624)&#10;        at java.lang.Thread.run(Thread.java:748)&#10;&quot;IPC Server listener on 0&quot; daemon prio=5 tid=4931 runnable&#10;java.lang.Thread.State: RUNNABLE&#10;        at sun.nio.ch.EPollArrayWrapper.epollWait(Native Method)&#10;        at sun.nio.ch.EPollArrayWrapper.poll(EPollArrayWrapper.java:269)&#10;        at sun.nio.ch.EPollSelectorImpl.doSelect(EPollSelectorImpl.java:93)&#10;        at sun.nio.ch.SelectorImpl.lockAndDoSelect(SelectorImpl.java:86)&#10;        at sun.nio.ch.SelectorImpl.select(SelectorImpl.java:97)&#10;        at sun.nio.ch.SelectorImpl.select(SelectorImpl.java:101)&#10;        at org.apache.hadoop.ipc.Server$Listener.run(Server.java:1350)&#10;&quot;PartialTableCache Cleanup Thread - 0&quot; daemon prio=5 tid=4333 in Object.wait()&#10;java.lang.Thread.State: WAITING (on object monitor)&#10;        at sun.misc.Unsafe.park(Native Method)&#10;        at java.util.concurrent.locks.LockSupport.park(LockSupport.java:175)&#10;        at java.util.concurrent.locks.AbstractQueuedSynchronizer$ConditionObject.await(AbstractQueuedSynchronizer.java:2039)&#10;        at java.util.concurrent.LinkedBlockingQueue.take(LinkedBlockingQueue.java:442)&#10;        at java.util.concurrent.ThreadPoolExecutor.getTask(ThreadPoolExecutor.java:1074)&#10;        at java.util.concurrent.ThreadPoolExecutor.runWorker(ThreadPoolExecutor.java:1134)&#10;        at java.util.concurrent.ThreadPoolExecutor$Worker.run(ThreadPoolExecutor.java:624)&#10;        at java.lang.Thread.run(Thread.java:748)&#10;&quot;grpc-default-executor-0&quot; daemon prio=5 tid=306 timed_waiting&#10;java.lang.Thread.State: TIMED_WAITING&#10;        at sun.misc.Unsafe.park(Native Method)&#10;        at java.util.concurrent.locks.LockSupport.parkNanos(LockSupport.java:215)&#10;        at java.util.concurrent.SynchronousQueue$TransferStack.awaitFulfill(SynchronousQueue.java:460)&#10;        at java.util.concurrent.SynchronousQueue$TransferStack.transfer(SynchronousQueue.java:362)&#10;        at java.util.concurrent.SynchronousQueue.poll(SynchronousQueue.java:941)&#10;        at java.util.concurrent.ThreadPoolExecutor.getTask(ThreadPoolExecutor.java:1073)&#10;        at java.util.concurrent.ThreadPoolExecutor.runWorker(ThreadPoolExecutor.java:1134)&#10;        at java.util.concurrent.ThreadPoolExecutor$Worker.run(ThreadPoolExecutor.java:624)&#10;        at java.lang.Thread.run(Thread.java:748)&#10;&quot;BlockDeletingService#1&quot; daemon prio=5 tid=5088 in Object.wait()&#10;java.lang.Thread.State: WAITING (on object monitor)&#10;        at sun.misc.Unsafe.park(Native Method)&#10;        at java.util.concurrent.locks.LockSupport.park(LockSupport.java:175)&#10;        at java.util.concurrent.locks.AbstractQueuedSynchronizer$ConditionObject.await(AbstractQueuedSynchronizer.java:2039)&#10;        at java.util.concurrent.ScheduledThreadPoolExecutor$DelayedWorkQueue.take(ScheduledThreadPoolExecutor.java:1088)&#10;        at java.util.concurrent.ScheduledThreadPoolExecutor$DelayedWorkQueue.take(ScheduledThreadPoolExecutor.java:809)&#10;        at java.util.concurrent.ThreadPoolExecutor.getTask(ThreadPoolExecutor.java:1074)&#10;        at java.util.concurrent.ThreadPoolExecutor.runWorker(ThreadPoolExecutor.java:1134)&#10;        at java.util.concurrent.ThreadPoolExecutor$Worker.run(ThreadPoolExecutor.java:624)&#10;        at java.lang.Thread.run(Thread.java:748)&#10;&quot;qtp150540715-5012&quot; daemon prio=5 tid=5012 timed_waiting&#10;java.lang.Thread.State: TIMED_WAITING&#10;        at sun.misc.Unsafe.park(Native Method)&#10;        at java.util.concurrent.locks.LockSupport.parkNanos(LockSupport.java:215)&#10;        at java.util.concurrent.locks.AbstractQueuedSynchronizer$ConditionObject.awaitNanos(AbstractQueuedSynchronizer.java:2078)&#10;        at org.eclipse.jetty.util.BlockingArrayQueue.poll(BlockingArrayQueue.java:382)&#10;        at org.eclipse.jetty.util.thread.QueuedThreadPool$Runner.idleJobPoll(QueuedThreadPool.java:974)&#10;        at org.eclipse.jetty.util.thread.QueuedThreadPool$Runner.run(QueuedThreadPool.java:1018)&#10;        at java.lang.Thread.run(Thread.java:748)&#10;&quot;IPC Server handler 0 on default port 37371&quot; daemon prio=5 tid=4854 timed_waiting&#10;java.lang.Thread.State: TIMED_WAITING&#10;        at sun.misc.Unsafe.park(Native Method)&#10;        at java.util.concurrent.locks.LockSupport.parkNanos(LockSupport.java:215)&#10;        at java.util.concurrent.locks.AbstractQueuedSynchronizer$ConditionObject.awaitNanos(AbstractQueuedSynchronizer.java:2078)&#10;        at java.util.concurrent.LinkedBlockingQueue.poll(LinkedBlockingQueue.java:467)&#10;        at org.apache.hadoop.ipc.CallQueueManager.take(CallQueueManager.java:317)&#10;        at org.apache.hadoop.ipc.Server$Handler.run(Server.java:2932)&#10;&quot;IPC Server handler 6 on default port 43569&quot; daemon prio=5 tid=4958 timed_waiting&#10;java.lang.Thread.State: TIMED_WAITING&#10;        at sun.misc.Unsafe.park(Native Method)&#10;        at java.util.concurrent.locks.LockSupport.parkNanos(LockSupport.java:215)&#10;        at java.util.concurrent.locks.AbstractQueuedSynchronizer$ConditionObject.awaitNanos(AbstractQueuedSynchronizer.java:2078)&#10;        at java.util.concurrent.LinkedBlockingQueue.poll(LinkedBlockingQueue.java:467)&#10;        at org.apache.hadoop.ipc.CallQueueManager.take(CallQueueManager.java:317)&#10;        at org.apache.hadoop.ipc.Server$Handler.run(Server.java:2932)&#10;&quot;qtp1834632129-4917&quot; daemon prio=5 tid=4917 runnable&#10;java.lang.Thread.State: RUNNABLE&#10;        at sun.nio.ch.EPollArrayWrapper.epollWait(Native Method)&#10;        at sun.nio.ch.EPollArrayWrapper.poll(EPollArrayWrapper.java:269)&#10;        at sun.nio.ch.EPollSelectorImpl.doSelect(EPollSelectorImpl.java:93)&#10;        at sun.nio.ch.SelectorImpl.lockAndDoSelect(SelectorImpl.java:86)&#10;        at sun.nio.ch.SelectorImpl.select(SelectorImpl.java:97)&#10;        at sun.nio.ch.SelectorImpl.select(SelectorImpl.java:101)&#10;        at org.eclipse.jetty.io.ManagedSelector.nioSelect(ManagedSelector.java:183)&#10;        at org.eclipse.jetty.io.ManagedSelector.select(ManagedSelector.java:190)&#10;        at org.eclipse.jetty.io.ManagedSelector$SelectorProducer.select(ManagedSelector.java:606)&#10;        at org.eclipse.jetty.io.ManagedSelector$SelectorProducer.produce(ManagedSelector.java:543)&#10;        at org.eclipse.jetty.util.thread.strategy.EatWhatYouKill.produceTask(EatWhatYouKill.java:362)&#10;        at org.eclipse.jetty.util.thread.strategy.EatWhatYouKill.doProduce(EatWhatYouKill.java:186)&#10;        at org.eclipse.jetty.util.thread.strategy.EatWhatYouKill.tryProduce(EatWhatYouKill.java:173)&#10;        at org.eclipse.jetty.util.thread.strategy.EatWhatYouKill.produce(EatWhatYouKill.java:137)&#10;        at org.eclipse.jetty.io.ManagedSelector$$Lambda$309/1426420939.run(Unknown Source)&#10;        at org.eclipse.jetty.util.thread.QueuedThreadPool.runJob(QueuedThreadPool.java:883)&#10;        at org.eclipse.jetty.util.thread.QueuedThreadPool$Runner.run(QueuedThreadPool.java:1034)&#10;        at java.lang.Thread.run(Thread.java:748)&#10;&quot;EndpointStateMachine task thread for /0.0.0.0:43341 - 0 &quot;  prio=5 tid=262 in Object.wait()&#10;java.lang.Thread.State: WAITING (on object monitor)&#10;        at sun.misc.Unsafe.park(Native Method)&#10;        at java.util.concurrent.locks.LockSupport.park(LockSupport.java:175)&#10;        at java.util.concurrent.locks.AbstractQueuedSynchronizer$ConditionObject.await(AbstractQueuedSynchronizer.java:2039)&#10;        at java.util.concurrent.LinkedBlockingQueue.take(LinkedBlockingQueue.java:442)&#10;        at java.util.concurrent.ThreadPoolExecutor.getTask(ThreadPoolExecutor.java:1074)&#10;        at java.util.concurrent.ThreadPoolExecutor.runWorker(ThreadPoolExecutor.java:1134)&#10;        at java.util.concurrent.ThreadPoolExecutor$Worker.run(ThreadPoolExecutor.java:624)&#10;        at java.lang.Thread.run(Thread.java:748)&#10;&quot;ad4991cb-97ce-4dd6-b117-42e7f6b0816f@group-B7C6AD568D3C-&gt;b13dbf35-3f05-4a51-87e4-7670ffffb89b-GrpcLogAppender-LogAppenderDaemon&quot; daemon prio=5 tid=5140 timed_waiting&#10;java.lang.Thread.State: TIMED_WAITING&#10;        at java.lang.Object.wait(Native Method)&#10;        at org.apache.ratis.grpc.server.GrpcLogAppender.mayWait(GrpcLogAppender.java:173)&#10;        at org.apache.ratis.grpc.server.GrpcLogAppender.run(GrpcLogAppender.java:125)&#10;        at org.apache.ratis.server.leader.LogAppenderDaemon.run(LogAppenderDaemon.java:77)&#10;        at org.apache.ratis.server.leader.LogAppenderDaemon$$Lambda$812/1159955236.run(Unknown Source)&#10;        at java.lang.Thread.run(Thread.java:748)&#10;&quot;BlockDeletingService#1&quot; daemon prio=5 tid=5059 in Object.wait()&#10;java.lang.Thread.State: WAITING (on object monitor)&#10;        at sun.misc.Unsafe.park(Native Method)&#10;        at java.util.concurrent.locks.LockSupport.park(LockSupport.java:175)&#10;        at java.util.concurrent.locks.AbstractQueuedSynchronizer$ConditionObject.await(AbstractQueuedSynchronizer.java:2039)&#10;        at java.util.concurrent.ScheduledThreadPoolExecutor$DelayedWorkQueue.take(ScheduledThreadPoolExecutor.java:1088)&#10;        at java.util.concurrent.ScheduledThreadPoolExecutor$DelayedWorkQueue.take(ScheduledThreadPoolExecutor.java:809)&#10;        at java.util.concurrent.ThreadPoolExecutor.getTask(ThreadPoolExecutor.java:1074)&#10;        at java.util.concurrent.ThreadPoolExecutor.runWorker(ThreadPoolExecutor.java:1134)&#10;        at java.util.concurrent.ThreadPoolExecutor$Worker.run(ThreadPoolExecutor.java:624)&#10;        at java.lang.Thread.run(Thread.java:748)&#10;&quot;IPC Server handler 16 on default port 37371&quot; daemon prio=5 tid=4870 timed_waiting&#10;java.lang.Thread.State: TIMED_WAITING&#10;        at sun.misc.Unsafe.park(Native Method)&#10;        at java.util.concurrent.locks.LockSupport.parkNanos(LockSupport.java:215)&#10;        at java.util.concurrent.locks.AbstractQueuedSynchronizer$ConditionObject.awaitNanos(AbstractQueuedSynchronizer.java:2078)&#10;        at java.util.concurrent.LinkedBlockingQueue.poll(LinkedBlockingQueue.java:467)&#10;        at org.apache.hadoop.ipc.CallQueueManager.take(CallQueueManager.java:317)&#10;        at org.apache.hadoop.ipc.Server$Handler.run(Server.java:2932)&#10;&quot;EventQueue-CmdStatusReportForCommandStatusReportHandler&quot; daemon prio=5 tid=8296 in Object.wait()&#10;java.lang.Thread.State: WAITING (on object monitor)&#10;        at sun.misc.Unsafe.park(Native Method)&#10;        at java.util.concurrent.locks.LockSupport.park(LockSupport.java:175)&#10;        at java.util.concurrent.locks.AbstractQueuedSynchronizer$ConditionObject.await(AbstractQueuedSynchronizer.java:2039)&#10;        at java.util.concurrent.LinkedBlockingQueue.take(LinkedBlockingQueue.java:442)&#10;        at java.util.concurrent.ThreadPoolExecutor.getTask(ThreadPoolExecutor.java:1074)&#10;        at java.util.concurrent.ThreadPoolExecutor.runWorker(ThreadPoolExecutor.java:1134)&#10;        at java.util.concurrent.ThreadPoolExecutor$Worker.run(ThreadPoolExecutor.java:624)&#10;        at java.lang.Thread.run(Thread.java:748)&#10;&quot;qtp717308094-4987&quot; daemon prio=5 tid=4987 timed_waiting&#10;java.lang.Thread.State: TIMED_WAITING&#10;        at sun.misc.Unsafe.park(Native Method)&#10;        at java.util.concurrent.locks.LockSupport.parkNanos(LockSupport.java:215)&#10;        at java.util.concurrent.locks.AbstractQueuedSynchronizer$ConditionObject.awaitNanos(AbstractQueuedSynchronizer.java:2078)&#10;        at org.eclipse.jetty.util.BlockingArrayQueue.poll(BlockingArrayQueue.java:382)&#10;        at org.eclipse.jetty.util.thread.QueuedThreadPool$Runner.idleJobPoll(QueuedThreadPool.java:974)&#10;        at org.eclipse.jetty.util.thread.QueuedThreadPool$Runner.run(QueuedThreadPool.java:1018)&#10;        at java.lang.Thread.run(Thread.java:748)&#10;&quot;IPC Server handler 19 on default port 35463&quot; daemon prio=5 tid=4913 timed_waiting&#10;java.lang.Thread.State: TIMED_WAITING&#10;        at sun.misc.Unsafe.park(Native Method)&#10;        at java.util.concurrent.locks.LockSupport.parkNanos(LockSupport.java:215)&#10;        at java.util.concurrent.locks.AbstractQueuedSynchronizer$ConditionObject.awaitNanos(AbstractQueuedSynchronizer.java:2078)&#10;        at java.util.concurrent.LinkedBlockingQueue.poll(LinkedBlockingQueue.java:467)&#10;        at org.apache.hadoop.ipc.CallQueueManager.take(CallQueueManager.java:317)&#10;        at org.apache.hadoop.ipc.Server$Handler.run(Server.java:2932)&#10;&quot;IPC Server handler 3 on default port 35463&quot; daemon prio=5 tid=4897 timed_waiting&#10;java.lang.Thread.State: TIMED_WAITING&#10;        at sun.misc.Unsafe.park(Native Method)&#10;        at java.util.concurrent.locks.LockSupport.parkNanos(LockSupport.java:215)&#10;        at java.util.concurrent.locks.AbstractQueuedSynchronizer$ConditionObject.awaitNanos(AbstractQueuedSynchronizer.java:2078)&#10;        at java.util.concurrent.LinkedBlockingQueue.poll(LinkedBlockingQueue.java:467)&#10;        at org.apache.hadoop.ipc.CallQueueManager.take(CallQueueManager.java:317)&#10;        at org.apache.hadoop.ipc.Server$Handler.run(Server.java:2932)&#10;&quot;qtp652278729-5033-acceptor-0@36b06f89-ServerConnector@4bd97e7e{HTTP/1.1, (http/1.1)}{0.0.0.0:39651}&quot; daemon prio=3 tid=5033 runnable&#10;java.lang.Thread.State: RUNNABLE&#10;        at sun.nio.ch.ServerSocketChannelImpl.accept0(Native Method)&#10;        at sun.nio.ch.ServerSocketChannelImpl.accept(ServerSocketChannelImpl.java:421)&#10;        at sun.nio.ch.ServerSocketChannelImpl.accept(ServerSocketChannelImpl.java:249)&#10;        at org.eclipse.jetty.server.ServerConnector.accept(ServerConnector.java:388)&#10;        at org.eclipse.jetty.server.AbstractConnector$Acceptor.run(AbstractConnector.java:702)&#10;        at org.eclipse.jetty.util.thread.QueuedThreadPool.runJob(QueuedThreadPool.java:883)&#10;        at org.eclipse.jetty.util.thread.QueuedThreadPool$Runner.run(QueuedThreadPool.java:1034)&#10;        at java.lang.Thread.run(Thread.java:748)&#10;&quot;IPC Server handler 2 on default port 43569&quot; daemon prio=5 tid=4954 timed_waiting&#10;java.lang.Thread.State: TIMED_WAITING&#10;        at sun.misc.Unsafe.park(Native Method)&#10;        at java.util.concurrent.locks.LockSupport.parkNanos(LockSupport.java:215)&#10;        at java.util.concurrent.locks.AbstractQueuedSynchronizer$ConditionObject.awaitNanos(AbstractQueuedSynchronizer.java:2078)&#10;        at java.util.concurrent.LinkedBlockingQueue.poll(LinkedBlockingQueue.java:467)&#10;        at org.apache.hadoop.ipc.CallQueueManager.take(CallQueueManager.java:317)&#10;        at org.apache.hadoop.ipc.Server$Handler.run(Server.java:2932)&#10;&quot;EndpointStateMachine task thread for /0.0.0.0:36703 - 0 &quot;  prio=5 tid=4136 in Object.wait()&#10;java.lang.Thread.State: WAITING (on object monitor)&#10;        at sun.misc.Unsafe.park(Native Method)&#10;        at java.util.concurrent.locks.LockSupport.park(LockSupport.java:175)&#10;        at java.util.concurrent.locks.AbstractQueuedSynchronizer$ConditionObject.await(AbstractQueuedSynchronizer.java:2039)&#10;        at java.util.concurrent.LinkedBlockingQueue.take(LinkedBlockingQueue.java:442)&#10;        at java.util.concurrent.ThreadPoolExecutor.getTask(ThreadPoolExecutor.java:1074)&#10;        at java.util.concurrent.ThreadPoolExecutor.runWorker(ThreadPoolExecutor.java:1134)&#10;        at java.util.concurrent.ThreadPoolExecutor$Worker.run(ThreadPoolExecutor.java:624)&#10;        at java.lang.Thread.run(Thread.java:748)&#10;&quot;Datanode ReportManager Thread - 0&quot; daemon prio=5 tid=4990 in Object.wait()&#10;java.lang.Thread.State: WAITING (on object monitor)&#10;        at sun.misc.Unsafe.park(Native Method)&#10;        at java.util.concurrent.locks.LockSupport.park(LockSupport.java:175)&#10;        at java.util.concurrent.locks.AbstractQueuedSynchronizer$ConditionObject.await(AbstractQueuedSynchronizer.java:2039)&#10;        at java.util.concurrent.ScheduledThreadPoolExecutor$DelayedWorkQueue.take(ScheduledThreadPoolExecutor.java:1088)&#10;        at java.util.concurrent.ScheduledThreadPoolExecutor$DelayedWorkQueue.take(ScheduledThreadPoolExecutor.java:809)&#10;        at java.util.concurrent.ThreadPoolExecutor.getTask(ThreadPoolExecutor.java:1074)&#10;        at java.util.concurrent.ThreadPoolExecutor.runWorker(ThreadPoolExecutor.java:1134)&#10;        at java.util.concurrent.ThreadPoolExecutor$Worker.run(ThreadPoolExecutor.java:624)&#10;        at java.lang.Thread.run(Thread.java:748)&#10;&quot;ad4991cb-97ce-4dd6-b117-42e7f6b0816f@group-B7C6AD568D3C-&gt;01235482-5c07-4b37-86e9-3192ec4df84f-GrpcLogAppender-LogAppenderDaemon&quot; daemon prio=5 tid=5139 timed_waiting&#10;java.lang.Thread.State: TIMED_WAITING&#10;        at java.lang.Object.wait(Native Method)&#10;        at org.apache.ratis.grpc.server.GrpcLogAppender.mayWait(GrpcLogAppender.java:173)&#10;        at org.apache.ratis.grpc.server.GrpcLogAppender.run(GrpcLogAppender.java:125)&#10;        at org.apache.ratis.server.leader.LogAppenderDaemon.run(LogAppenderDaemon.java:77)&#10;        at org.apache.ratis.server.leader.LogAppenderDaemon$$Lambda$812/1159955236.run(Unknown Source)&#10;        at java.lang.Thread.run(Thread.java:748)&#10;&quot;pool-466-thread-1&quot;  prio=5 tid=5176 in Object.wait()&#10;java.lang.Thread.State: WAITING (on object monitor)&#10;        at sun.misc.Unsafe.park(Native Method)&#10;        at java.util.concurrent.locks.LockSupport.park(LockSupport.java:175)&#10;        at java.util.concurrent.locks.AbstractQueuedSynchronizer$ConditionObject.await(AbstractQueuedSynchronizer.java:2039)&#10;        at java.util.concurrent.LinkedBlockingQueue.take(LinkedBlockingQueue.java:442)&#10;        at java.util.concurrent.ThreadPoolExecutor.getTask(ThreadPoolExecutor.java:1074)&#10;        at java.util.concurrent.ThreadPoolExecutor.runWorker(ThreadPoolExecutor.java:1134)&#10;        at java.util.concurrent.ThreadPoolExecutor$Worker.run(ThreadPoolExecutor.java:624)&#10;        at java.lang.Thread.run(Thread.java:748)&#10;&quot;EventQueue-DatanodeCommandForSCMNodeManager&quot;  prio=5 tid=5110 in Object.wait()&#10;java.lang.Thread.State: WAITING (on object monitor)&#10;        at sun.misc.Unsafe.park(Native Method)&#10;        at java.util.concurrent.locks.LockSupport.park(LockSupport.java:175)&#10;        at java.util.concurrent.locks.AbstractQueuedSynchronizer$ConditionObject.await(AbstractQueuedSynchronizer.java:2039)&#10;        at java.util.concurrent.LinkedBlockingQueue.take(LinkedBlockingQueue.java:442)&#10;        at java.util.concurrent.ThreadPoolExecutor.getTask(ThreadPoolExecutor.java:1074)&#10;        at java.util.concurrent.ThreadPoolExecutor.runWorker(ThreadPoolExecutor.java:1134)&#10;        at java.util.concurrent.ThreadPoolExecutor$Worker.run(ThreadPoolExecutor.java:624)&#10;        at java.lang.Thread.run(Thread.java:748)&#10;&quot;IPC Server handler 0 on default port 43167&quot; daemon prio=5 tid=4874 timed_waiting&#10;java.lang.Thread.State: TIMED_WAITING&#10;        at sun.misc.Unsafe.park(Native Method)&#10;        at java.util.concurrent.locks.LockSupport.parkNanos(LockSupport.java:215)&#10;        at java.util.concurrent.locks.AbstractQueuedSynchronizer$ConditionObject.awaitNanos(AbstractQueuedSynchronizer.java:2078)&#10;        at java.util.concurrent.LinkedBlockingQueue.poll(LinkedBlockingQueue.java:467)&#10;        at org.apache.hadoop.ipc.CallQueueManager.take(CallQueueManager.java:317)&#10;        at org.apache.hadoop.ipc.Server$Handler.run(Server.java:2932)&#10;&quot;IPC Server handler 9 on default port 43167&quot; daemon prio=5 tid=4883 timed_waiting&#10;java.lang.Thread.State: TIMED_WAITING&#10;        at sun.misc.Unsafe.park(Native Method)&#10;        at java.util.concurrent.locks.LockSupport.parkNanos(LockSupport.java:215)&#10;        at java.util.concurrent.locks.AbstractQueuedSynchronizer$ConditionObject.awaitNanos(AbstractQueuedSynchronizer.java:2078)&#10;        at java.util.concurrent.LinkedBlockingQueue.poll(LinkedBlockingQueue.java:467)&#10;        at org.apache.hadoop.ipc.CallQueueManager.take(CallQueueManager.java:317)&#10;        at org.apache.hadoop.ipc.Server$Handler.run(Server.java:2932)&#10;&quot;ChunkWriter-3-0&quot; daemon prio=5 tid=5069 in Object.wait()&#10;java.lang.Thread.State: WAITING (on object monitor)&#10;        at sun.misc.Unsafe.park(Native Method)&#10;        at java.util.concurrent.locks.LockSupport.park(LockSupport.java:175)&#10;        at java.util.concurrent.locks.AbstractQueuedSynchronizer$ConditionObject.await(AbstractQueuedSynchronizer.java:2039)&#10;        at java.util.concurrent.LinkedBlockingDeque.takeFirst(LinkedBlockingDeque.java:492)&#10;        at java.util.concurrent.LinkedBlockingDeque.take(LinkedBlockingDeque.java:680)&#10;        at java.util.concurrent.ThreadPoolExecutor.getTask(ThreadPoolExecutor.java:1074)&#10;        at java.util.concurrent.ThreadPoolExecutor.runWorker(ThreadPoolExecutor.java:1134)&#10;        at java.util.concurrent.ThreadPoolExecutor$Worker.run(ThreadPoolExecutor.java:624)&#10;        at java.lang.Thread.run(Thread.java:748)&#10;&quot;om1@group-C5BA1605619E-LeaderStateImpl&quot; daemon prio=5 tid=5030 timed_waiting&#10;java.lang.Thread.State: TIMED_WAITING&#10;        at sun.misc.Unsafe.park(Native Method)&#10;        at java.util.concurrent.locks.LockSupport.parkNanos(LockSupport.java:215)&#10;        at java.util.concurrent.locks.AbstractQueuedSynchronizer$ConditionObject.awaitNanos(AbstractQueuedSynchronizer.java:2078)&#10;        at java.util.concurrent.ArrayBlockingQueue.poll(ArrayBlockingQueue.java:418)&#10;        at org.apache.ratis.server.impl.LeaderStateImpl$EventQueue.poll(LeaderStateImpl.java:155)&#10;        at org.apache.ratis.server.impl.LeaderStateImpl$EventProcessor.run(LeaderStateImpl.java:587)&#10;&quot;Session-HouseKeeper-3d75e976-1&quot;  prio=5 tid=5040 timed_waiting&#10;java.lang.Thread.State: TIMED_WAITING&#10;        at sun.misc.Unsafe.park(Native Method)&#10;        at java.util.concurrent.locks.LockSupport.parkNanos(LockSupport.java:215)&#10;        at java.util.concurrent.locks.AbstractQueuedSynchronizer$ConditionObject.awaitNanos(AbstractQueuedSynchronizer.java:2078)&#10;        at java.util.concurrent.ScheduledThreadPoolExecutor$DelayedWorkQueue.take(ScheduledThreadPoolExecutor.java:1093)&#10;        at java.util.concurrent.ScheduledThreadPoolExecutor$DelayedWorkQueue.take(ScheduledThreadPoolExecutor.java:809)&#10;        at java.util.concurrent.ThreadPoolExecutor.getTask(ThreadPoolExecutor.java:1074)&#10;        at java.util.concurrent.ThreadPoolExecutor.runWorker(ThreadPoolExecutor.java:1134)&#10;        at java.util.concurrent.ThreadPoolExecutor$Worker.run(ThreadPoolExecutor.java:624)&#10;        at java.lang.Thread.run(Thread.java:748)&#10;&quot;BlockDeletingService#6&quot; daemon prio=5 tid=5091 in Object.wait()&#10;java.lang.Thread.State: WAITING (on object monitor)&#10;        at sun.misc.Unsafe.park(Native Method)&#10;        at java.util.concurrent.locks.LockSupport.park(LockSupport.java:175)&#10;        at java.util.concurrent.locks.AbstractQueuedSynchronizer$ConditionObject.await(AbstractQueuedSynchronizer.java:2039)&#10;        at java.util.concurrent.ScheduledThreadPoolExecutor$DelayedWorkQueue.take(ScheduledThreadPoolExecutor.java:1088)&#10;        at java.util.concurrent.ScheduledThreadPoolExecutor$DelayedWorkQueue.take(ScheduledThreadPoolExecutor.java:809)&#10;        at java.util.concurrent.ThreadPoolExecutor.getTask(ThreadPoolExecutor.java:1074)&#10;        at java.util.concurrent.ThreadPoolExecutor.runWorker(ThreadPoolExecutor.java:1134)&#10;        at java.util.concurrent.ThreadPoolExecutor$Worker.run(ThreadPoolExecutor.java:624)&#10;        at java.lang.Thread.run(Thread.java:748)&#10;&quot;IPC Server handler 7 on default port 43167&quot; daemon prio=5 tid=4881 timed_waiting&#10;java.lang.Thread.State: TIMED_WAITING&#10;        at sun.misc.Unsafe.park(Native Method)&#10;        at java.util.concurrent.locks.LockSupport.parkNanos(LockSupport.java:215)&#10;        at java.util.concurrent.locks.AbstractQueuedSynchronizer$ConditionObject.awaitNanos(AbstractQueuedSynchronizer.java:2078)&#10;        at java.util.concurrent.LinkedBlockingQueue.poll(LinkedBlockingQueue.java:467)&#10;        at org.apache.hadoop.ipc.CallQueueManager.take(CallQueueManager.java:317)&#10;        at org.apache.hadoop.ipc.Server$Handler.run(Server.java:2932)&#10;&quot;qtp1696189834-4945&quot; daemon prio=5 tid=4945 timed_waiting&#10;java.lang.Thread.State: TIMED_WAITING&#10;        at sun.misc.Unsafe.park(Native Method)&#10;        at java.util.concurrent.locks.LockSupport.parkNanos(LockSupport.java:215)&#10;        at java.util.concurrent.locks.AbstractQueuedSynchronizer$ConditionObject.awaitNanos(AbstractQueuedSynchronizer.java:2078)&#10;        at org.eclipse.jetty.util.BlockingArrayQueue.poll(BlockingArrayQueue.java:382)&#10;        at org.eclipse.jetty.util.thread.QueuedThreadPool$Runner.idleJobPoll(QueuedThreadPool.java:974)&#10;        at org.eclipse.jetty.util.thread.QueuedThreadPool$Runner.run(QueuedThreadPool.java:1018)&#10;        at java.lang.Thread.run(Thread.java:748)&#10;&quot;IPC Server handler 5 on default port 35463&quot; daemon prio=5 tid=4899 timed_waiting&#10;java.lang.Thread.State: TIMED_WAITING&#10;        at sun.misc.Unsafe.park(Native Method)&#10;        at java.util.concurrent.locks.LockSupport.parkNanos(LockSupport.java:215)&#10;        at java.util.concurrent.locks.AbstractQueuedSynchronizer$ConditionObject.awaitNanos(AbstractQueuedSynchronizer.java:2078)&#10;        at java.util.concurrent.LinkedBlockingQueue.poll(LinkedBlockingQueue.java:467)&#10;        at org.apache.hadoop.ipc.CallQueueManager.take(CallQueueManager.java:317)&#10;        at org.apache.hadoop.ipc.Server$Handler.run(Server.java:2932)&#10;&quot;IPC Server handler 14 on default port 37371&quot; daemon prio=5 tid=4868 timed_waiting&#10;java.lang.Thread.State: TIMED_WAITING&#10;        at sun.misc.Unsafe.park(Native Method)&#10;        at java.util.concurrent.locks.LockSupport.parkNanos(LockSupport.java:215)&#10;        at java.util.concurrent.locks.AbstractQueuedSynchronizer$ConditionObject.awaitNanos(AbstractQueuedSynchronizer.java:2078)&#10;        at java.util.concurrent.LinkedBlockingQueue.poll(LinkedBlockingQueue.java:467)&#10;        at org.apache.hadoop.ipc.CallQueueManager.take(CallQueueManager.java:317)&#10;        at org.apache.hadoop.ipc.Server$Handler.run(Server.java:2932)&#10;&quot;pool-407-thread-1&quot;  prio=5 tid=4942 timed_waiting&#10;java.lang.Thread.State: TIMED_WAITING&#10;        at sun.misc.Unsafe.park(Native Method)&#10;        at java.util.concurrent.locks.LockSupport.parkNanos(LockSupport.java:215)&#10;        at java.util.concurrent.locks.AbstractQueuedSynchronizer$ConditionObject.awaitNanos(AbstractQueuedSynchronizer.java:2078)&#10;        at java.util.concurrent.ScheduledThreadPoolExecutor$DelayedWorkQueue.take(ScheduledThreadPoolExecutor.java:1093)&#10;        at java.util.concurrent.ScheduledThreadPoolExecutor$DelayedWorkQueue.take(ScheduledThreadPoolExecutor.java:809)&#10;        at java.util.concurrent.ThreadPoolExecutor.getTask(ThreadPoolExecutor.java:1074)&#10;        at java.util.concurrent.ThreadPoolExecutor.runWorker(ThreadPoolExecutor.java:1134)&#10;        at java.util.concurrent.ThreadPoolExecutor$Worker.run(ThreadPoolExecutor.java:624)&#10;        at java.lang.Thread.run(Thread.java:748)&#10;&quot;pool-465-thread-2&quot;  prio=5 tid=5179 in Object.wait()&#10;java.lang.Thread.State: WAITING (on object monitor)&#10;        at sun.misc.Unsafe.park(Native Method)&#10;        at java.util.concurrent.locks.LockSupport.park(LockSupport.java:175)&#10;        at java.util.concurrent.locks.AbstractQueuedSynchronizer$ConditionObject.await(AbstractQueuedSynchronizer.java:2039)&#10;        at java.util.concurrent.LinkedBlockingQueue.take(LinkedBlockingQueue.java:442)&#10;        at java.util.concurrent.ThreadPoolExecutor.getTask(ThreadPoolExecutor.java:1074)&#10;        at java.util.concurrent.ThreadPoolExecutor.runWorker(ThreadPoolExecutor.java:1134)&#10;        at java.util.concurrent.ThreadPoolExecutor$Worker.run(ThreadPoolExecutor.java:624)&#10;        at java.lang.Thread.run(Thread.java:748)&#10;&quot;IPC Server idle connection scanner for port 35463&quot; daemon prio=5 tid=4841 timed_waiting&#10;java.lang.Thread.State: TIMED_WAITING&#10;        at java.lang.Object.wait(Native Method)&#10;        at java.util.TimerThread.mainLoop(Timer.java:552)&#10;        at java.util.TimerThread.run(Timer.java:505)&#10;&quot;IPC Client (961433677) connection to /0.0.0.0:35463 from runner&quot; daemon prio=5 tid=5052 timed_waiting&#10;java.lang.Thread.State: TIMED_WAITING&#10;        at java.lang.Object.wait(Native Method)&#10;        at org.apache.hadoop.ipc.Client$Connection.waitForWork(Client.java:1053)&#10;        at org.apache.hadoop.ipc.Client$Connection.run(Client.java:1097)&#10;&quot;01235482-5c07-4b37-86e9-3192ec4df84f@group-B7C6AD568D3C-FollowerState&quot; daemon prio=5 tid=5137 timed_waiting&#10;java.lang.Thread.State: TIMED_WAITING&#10;        at java.lang.Thread.sleep(Native Method)&#10;        at java.lang.Thread.sleep(Thread.java:340)&#10;        at java.util.concurrent.TimeUnit.sleep(TimeUnit.java:386)&#10;        at org.apache.ratis.util.TimeDuration.sleep(TimeDuration.java:324)&#10;        at org.apache.ratis.util.TimeDuration.sleep(TimeDuration.java:309)&#10;        at org.apache.ratis.server.impl.FollowerState.run(FollowerState.java:118)&#10;&quot;BlockDeletingService#6&quot; daemon prio=5 tid=5073 in Object.wait()&#10;java.lang.Thread.State: WAITING (on object monitor)&#10;        at sun.misc.Unsafe.park(Native Method)&#10;        at java.util.concurrent.locks.LockSupport.parkNanos(LockSupport.java:215)&#10;        at java.util.concurrent.locks.AbstractQueuedSynchronizer$ConditionObject.awaitNanos(AbstractQueuedSynchronizer.java:2078)&#10;        at java.util.concurrent.ScheduledThreadPoolExecutor$DelayedWorkQueue.take(ScheduledThreadPoolExecutor.java:1093)&#10;        at java.util.concurrent.ScheduledThreadPoolExecutor$DelayedWorkQueue.take(ScheduledThreadPoolExecutor.java:809)&#10;        at java.util.concurrent.ThreadPoolExecutor.getTask(ThreadPoolExecutor.java:1074)&#10;        at java.util.concurrent.ThreadPoolExecutor.runWorker(ThreadPoolExecutor.java:1134)&#10;        at java.util.concurrent.ThreadPoolExecutor$Worker.run(ThreadPoolExecutor.java:624)&#10;        at java.lang.Thread.run(Thread.java:748)&#10;&quot;pool-386-thread-1&quot;  prio=5 tid=4916 timed_waiting&#10;java.lang.Thread.State: TIMED_WAITING&#10;        at sun.misc.Unsafe.park(Native Method)&#10;        at java.util.concurrent.locks.LockSupport.parkNanos(LockSupport.java:215)&#10;        at java.util.concurrent.locks.AbstractQueuedSynchronizer$ConditionObject.awaitNanos(AbstractQueuedSynchronizer.java:2078)&#10;        at java.util.concurrent.ScheduledThreadPoolExecutor$DelayedWorkQueue.take(ScheduledThreadPoolExecutor.java:1093)&#10;        at java.util.concurrent.ScheduledThreadPoolExecutor$DelayedWorkQueue.take(ScheduledThreadPoolExecutor.java:809)&#10;        at java.util.concurrent.ThreadPoolExecutor.getTask(ThreadPoolExecutor.java:1074)&#10;        at java.util.concurrent.ThreadPoolExecutor.runWorker(ThreadPoolExecutor.java:1134)&#10;        at java.util.concurrent.ThreadPoolExecutor$Worker.run(ThreadPoolExecutor.java:624)&#10;        at java.lang.Thread.run(Thread.java:748)&#10;&quot;surefire-forkedjvm-ping-30s&quot; daemon prio=5 tid=10 timed_waiting&#10;java.lang.Thread.State: TIMED_WAITING&#10;        at sun.misc.Unsafe.park(Native Method)&#10;        at java.util.concurrent.locks.LockSupport.parkNanos(LockSupport.java:215)&#10;        at java.util.concurrent.locks.AbstractQueuedSynchronizer$ConditionObject.awaitNanos(AbstractQueuedSynchronizer.java:2078)&#10;        at java.util.concurrent.ScheduledThreadPoolExecutor$DelayedWorkQueue.take(ScheduledThreadPoolExecutor.java:1093)&#10;        at java.util.concurrent.ScheduledThreadPoolExecutor$DelayedWorkQueue.take(ScheduledThreadPoolExecutor.java:809)&#10;        at java.util.concurrent.ThreadPoolExecutor.getTask(ThreadPoolExecutor.java:1074)&#10;        at java.util.concurrent.ThreadPoolExecutor.runWorker(ThreadPoolExecutor.java:1134)&#10;        at java.util.concurrent.ThreadPoolExecutor$Worker.run(ThreadPoolExecutor.java:624)&#10;        at java.lang.Thread.run(Thread.java:748)&#10;&quot;BlockDeletingService#3&quot; daemon prio=5 tid=5061 in Object.wait()&#10;java.lang.Thread.State: WAITING (on object monitor)&#10;        at sun.misc.Unsafe.park(Native Method)&#10;        at java.util.concurrent.locks.LockSupport.park(LockSupport.java:175)&#10;        at java.util.concurrent.locks.AbstractQueuedSynchronizer$ConditionObject.await(AbstractQueuedSynchronizer.java:2039)&#10;        at java.util.concurrent.ScheduledThreadPoolExecutor$DelayedWorkQueue.take(ScheduledThreadPoolExecutor.java:1088)&#10;        at java.util.concurrent.ScheduledThreadPoolExecutor$DelayedWorkQueue.take(ScheduledThreadPoolExecutor.java:809)&#10;        at java.util.concurrent.ThreadPoolExecutor.getTask(ThreadPoolExecutor.java:1074)&#10;        at java.util.concurrent.ThreadPoolExecutor.runWorker(ThreadPoolExecutor.java:1134)&#10;        at java.util.concurrent.ThreadPoolExecutor$Worker.run(ThreadPoolExecutor.java:624)&#10;        at java.lang.Thread.run(Thread.java:748)&#10;&quot;DeleteBlocksCommandHandlerThread-0&quot; daemon prio=5 tid=8315 timed_waiting&#10;java.lang.Thread.State: TIMED_WAITING&#10;        at sun.misc.Unsafe.park(Native Method)&#10;        at java.util.concurrent.locks.LockSupport.parkNanos(LockSupport.java:215)&#10;        at java.util.concurrent.locks.AbstractQueuedSynchronizer$ConditionObject.awaitNanos(AbstractQueuedSynchronizer.java:2078)&#10;        at java.util.concurrent.LinkedBlockingQueue.poll(LinkedBlockingQueue.java:467)&#10;        at java.util.concurrent.ThreadPoolExecutor.getTask(ThreadPoolExecutor.java:1073)&#10;        at java.util.concurrent.ThreadPoolExecutor.runWorker(ThreadPoolExecutor.java:1134)&#10;        at java.util.concurrent.ThreadPoolExecutor$Worker.run(ThreadPoolExecutor.java:624)&#10;        at java.lang.Thread.run(Thread.java:748)&#10;&quot;IPC Server handler 12 on default port 43167&quot; daemon prio=5 tid=4886 timed_waiting&#10;java.lang.Thread.State: TIMED_WAITING&#10;        at sun.misc.Unsafe.park(Native Method)&#10;        at java.util.concurrent.locks.LockSupport.parkNanos(LockSupport.java:215)&#10;        at java.util.concurrent.locks.AbstractQueuedSynchronizer$ConditionObject.awaitNanos(AbstractQueuedSynchronizer.java:2078)&#10;        at java.util.concurrent.LinkedBlockingQueue.poll(LinkedBlockingQueue.java:467)&#10;        at org.apache.hadoop.ipc.CallQueueManager.take(CallQueueManager.java:317)&#10;        at org.apache.hadoop.ipc.Server$Handler.run(Server.java:2932)&#10;&quot;BlockDeletingService#5&quot; daemon prio=5 tid=5089 in Object.wait()&#10;java.lang.Thread.State: WAITING (on object monitor)&#10;        at sun.misc.Unsafe.park(Native Method)&#10;        at java.util.concurrent.locks.LockSupport.park(LockSupport.java:175)&#10;        at java.util.concurrent.locks.AbstractQueuedSynchronizer$ConditionObject.await(AbstractQueuedSynchronizer.java:2039)&#10;        at java.util.concurrent.ScheduledThreadPoolExecutor$DelayedWorkQueue.take(ScheduledThreadPoolExecutor.java:1088)&#10;        at java.util.concurrent.ScheduledThreadPoolExecutor$DelayedWorkQueue.take(ScheduledThreadPoolExecutor.java:809)&#10;        at java.util.concurrent.ThreadPoolExecutor.getTask(ThreadPoolExecutor.java:1074)&#10;        at java.util.concurrent.ThreadPoolExecutor.runWorker(ThreadPoolExecutor.java:1134)&#10;        at java.util.concurrent.ThreadPoolExecutor$Worker.run(ThreadPoolExecutor.java:624)&#10;        at java.lang.Thread.run(Thread.java:748)&#10;&quot;IPC Server handler 19 on default port 43569&quot; daemon prio=5 tid=4971 timed_waiting&#10;java.lang.Thread.State: TIMED_WAITING&#10;        at sun.misc.Unsafe.park(Native Method)&#10;        at java.util.concurrent.locks.LockSupport.parkNanos(LockSupport.java:215)&#10;        at java.util.concurrent.locks.AbstractQueuedSynchronizer$ConditionObject.awaitNanos(AbstractQueuedSynchronizer.java:2078)&#10;        at java.util.concurrent.LinkedBlockingQueue.poll(LinkedBlockingQueue.java:467)&#10;        at org.apache.hadoop.ipc.CallQueueManager.take(CallQueueManager.java:317)&#10;        at org.apache.hadoop.ipc.Server$Handler.run(Server.java:2932)&#10;&quot;ChunkWriter-1-0&quot; daemon prio=5 tid=5067 in Object.wait()&#10;java.lang.Thread.State: WAITING (on object monitor)&#10;        at sun.misc.Unsafe.park(Native Method)&#10;        at java.util.concurrent.locks.LockSupport.park(LockSupport.java:175)&#10;        at java.util.concurrent.locks.AbstractQueuedSynchronizer$ConditionObject.await(AbstractQueuedSynchronizer.java:2039)&#10;        at java.util.concurrent.LinkedBlockingDeque.takeFirst(LinkedBlockingDeque.java:492)&#10;        at java.util.concurrent.LinkedBlockingDeque.take(LinkedBlockingDeque.java:680)&#10;        at java.util.concurrent.ThreadPoolExecutor.getTask(ThreadPoolExecutor.java:1074)&#10;        at java.util.concurrent.ThreadPoolExecutor.runWorker(ThreadPoolExecutor.java:1134)&#10;        at java.util.concurrent.ThreadPoolExecutor$Worker.run(ThreadPoolExecutor.java:624)&#10;        at java.lang.Thread.run(Thread.java:748)&#10;&quot;Session-HouseKeeper-3ceb2d1c-1&quot;  prio=5 tid=4925 timed_waiting&#10;java.lang.Thread.State: TIMED_WAITING&#10;        at sun.misc.Unsafe.park(Native Method)&#10;        at java.util.concurrent.locks.LockSupport.parkNanos(LockSupport.java:215)&#10;        at java.util.concurrent.locks.AbstractQueuedSynchronizer$ConditionObject.awaitNanos(AbstractQueuedSynchronizer.java:2078)&#10;        at java.util.concurrent.ScheduledThreadPoolExecutor$DelayedWorkQueue.take(ScheduledThreadPoolExecutor.java:1093)&#10;        at java.util.concurrent.ScheduledThreadPoolExecutor$DelayedWorkQueue.take(ScheduledThreadPoolExecutor.java:809)&#10;        at java.util.concurrent.ThreadPoolExecutor.getTask(ThreadPoolExecutor.java:1074)&#10;        at java.util.concurrent.ThreadPoolExecutor.runWorker(ThreadPoolExecutor.java:1134)&#10;        at java.util.concurrent.ThreadPoolExecutor$Worker.run(ThreadPoolExecutor.java:624)&#10;        at java.lang.Thread.run(Thread.java:748)&#10;&quot;IPC Parameter Sending Thread #0&quot; daemon prio=5 tid=108 timed_waiting&#10;java.lang.Thread.State: TIMED_WAITING&#10;        at sun.misc.Unsafe.park(Native Method)&#10;        at java.util.concurrent.locks.LockSupport.parkNanos(LockSupport.java:215)&#10;        at java.util.concurrent.SynchronousQueue$TransferStack.awaitFulfill(SynchronousQueue.java:460)&#10;        at java.util.concurrent.SynchronousQueue$TransferStack.transfer(SynchronousQueue.java:362)&#10;        at java.util.concurrent.SynchronousQueue.poll(SynchronousQueue.java:941)&#10;        at java.util.concurrent.ThreadPoolExecutor.getTask(ThreadPoolExecutor.java:1073)&#10;        at java.util.concurrent.ThreadPoolExecutor.runWorker(ThreadPoolExecutor.java:1134)&#10;        at java.util.concurrent.ThreadPoolExecutor$Worker.run(ThreadPoolExecutor.java:624)&#10;        at java.lang.Thread.run(Thread.java:748)&#10;&quot;BlockDeletingService#2&quot; daemon prio=5 tid=5074 in Object.wait()&#10;java.lang.Thread.State: WAITING (on object monitor)&#10;        at sun.misc.Unsafe.park(Native Method)&#10;        at java.util.concurrent.locks.LockSupport.park(LockSupport.java:175)&#10;        at java.util.concurrent.locks.AbstractQueuedSynchronizer$ConditionObject.await(AbstractQueuedSynchronizer.java:2039)&#10;        at java.util.concurrent.ScheduledThreadPoolExecutor$DelayedWorkQueue.take(ScheduledThreadPoolExecutor.java:1088)&#10;        at java.util.concurrent.ScheduledThreadPoolExecutor$DelayedWorkQueue.take(ScheduledThreadPoolExecutor.java:809)&#10;        at java.util.concurrent.ThreadPoolExecutor.getTask(ThreadPoolExecutor.java:1074)&#10;        at java.util.concurrent.ThreadPoolExecutor.runWorker(ThreadPoolExecutor.java:1134)&#10;        at java.util.concurrent.ThreadPoolExecutor$Worker.run(ThreadPoolExecutor.java:624)&#10;        at java.lang.Thread.run(Thread.java:748)&#10;&quot;EventQueue-ContainerReportForContainerReportHandler&quot; daemon prio=5 tid=5116 in Object.wait()&#10;java.lang.Thread.State: WAITING (on object monitor)&#10;        at sun.misc.Unsafe.park(Native Method)&#10;        at java.util.concurrent.locks.LockSupport.park(LockSupport.java:175)&#10;        at java.util.concurrent.locks.AbstractQueuedSynchronizer$ConditionObject.await(AbstractQueuedSynchronizer.java:2039)&#10;        at java.util.concurrent.LinkedBlockingQueue.take(LinkedBlockingQueue.java:442)&#10;        at java.util.concurrent.ThreadPoolExecutor.getTask(ThreadPoolExecutor.java:1074)&#10;        at java.util.concurrent.ThreadPoolExecutor.runWorker(ThreadPoolExecutor.java:1134)&#10;        at java.util.concurrent.ThreadPoolExecutor$Worker.run(ThreadPoolExecutor.java:624)&#10;        at java.lang.Thread.run(Thread.java:748)&#10;&quot;Socket Reader #1 for port 0&quot;  prio=5 tid=4844 runnable&#10;java.lang.Thread.State: RUNNABLE&#10;        at sun.nio.ch.EPollArrayWrapper.epollWait(Native Method)&#10;        at sun.nio.ch.EPollArrayWrapper.poll(EPollArrayWrapper.java:269)&#10;        at sun.nio.ch.EPollSelectorImpl.doSelect(EPollSelectorImpl.java:93)&#10;        at sun.nio.ch.SelectorImpl.lockAndDoSelect(SelectorImpl.java:86)&#10;        at sun.nio.ch.SelectorImpl.select(SelectorImpl.java:97)&#10;        at sun.nio.ch.SelectorImpl.select(SelectorImpl.java:101)&#10;        at org.apache.hadoop.ipc.Server$Listener$Reader.doRunLoop(Server.java:1288)&#10;        at org.apache.hadoop.ipc.Server$Listener$Reader.run(Server.java:1267)&#10;&quot;IPC Server handler 12 on default port 35463&quot; daemon prio=5 tid=4906 timed_waiting&#10;java.lang.Thread.State: TIMED_WAITING&#10;        at sun.misc.Unsafe.park(Native Method)&#10;        at java.util.concurrent.locks.LockSupport.parkNanos(LockSupport.java:215)&#10;        at java.util.concurrent.locks.AbstractQueuedSynchronizer$ConditionObject.awaitNanos(AbstractQueuedSynchronizer.java:2078)&#10;        at java.util.concurrent.LinkedBlockingQueue.poll(LinkedBlockingQueue.java:467)&#10;        at org.apache.hadoop.ipc.CallQueueManager.take(CallQueueManager.java:317)&#10;        at org.apache.hadoop.ipc.Server$Handler.run(Server.java:2932)&#10;&quot;pool-465-thread-4&quot;  prio=5 tid=5186 in Object.wait()&#10;java.lang.Thread.State: WAITING (on object monitor)&#10;        at sun.misc.Unsafe.park(Native Method)&#10;        at java.util.concurrent.locks.LockSupport.park(LockSupport.java:175)&#10;        at java.util.concurrent.locks.AbstractQueuedSynchronizer$ConditionObject.await(AbstractQueuedSynchronizer.java:2039)&#10;        at java.util.concurrent.LinkedBlockingQueue.take(LinkedBlockingQueue.java:442)&#10;        at java.util.concurrent.ThreadPoolExecutor.getTask(ThreadPoolExecutor.java:1074)&#10;        at java.util.concurrent.ThreadPoolExecutor.runWorker(ThreadPoolExecutor.java:1134)&#10;        at java.util.concurrent.ThreadPoolExecutor$Worker.run(ThreadPoolExecutor.java:624)&#10;        at java.lang.Thread.run(Thread.java:748)&#10;&quot;PartialTableCache Cleanup Thread - 0&quot; daemon prio=5 tid=5155 in Object.wait()&#10;java.lang.Thread.State: WAITING (on object monitor)&#10;        at sun.misc.Unsafe.park(Native Method)&#10;        at java.util.concurrent.locks.LockSupport.park(LockSupport.java:175)&#10;        at java.util.concurrent.locks.AbstractQueuedSynchronizer$ConditionObject.await(AbstractQueuedSynchronizer.java:2039)&#10;        at java.util.concurrent.LinkedBlockingQueue.take(LinkedBlockingQueue.java:442)&#10;        at java.util.concurrent.ThreadPoolExecutor.getTask(ThreadPoolExecutor.java:1074)&#10;        at java.util.concurrent.ThreadPoolExecutor.runWorker(ThreadPoolExecutor.java:1134)&#10;        at java.util.concurrent.ThreadPoolExecutor$Worker.run(ThreadPoolExecutor.java:624)&#10;        at java.lang.Thread.run(Thread.java:748)&#10;&quot;EventQueue-ContainerReportForContainerReportHandler&quot; daemon prio=5 tid=5112 in Object.wait()&#10;java.lang.Thread.State: WAITING (on object monitor)&#10;        at sun.misc.Unsafe.park(Native Method)&#10;        at java.util.concurrent.locks.LockSupport.park(LockSupport.java:175)&#10;        at java.util.concurrent.locks.AbstractQueuedSynchronizer$ConditionObject.await(AbstractQueuedSynchronizer.java:2039)&#10;        at java.util.concurrent.LinkedBlockingQueue.take(LinkedBlockingQueue.java:442)&#10;        at java.util.concurrent.ThreadPoolExecutor.getTask(ThreadPoolExecutor.java:1074)&#10;        at java.util.concurrent.ThreadPoolExecutor.runWorker(ThreadPoolExecutor.java:1134)&#10;        at java.util.concurrent.ThreadPoolExecutor$Worker.run(ThreadPoolExecutor.java:624)&#10;        at java.lang.Thread.run(Thread.java:748)&#10;&quot;EventQueue-IncrementalContainerReportForIncrementalContainerReportHandler&quot; daemon prio=5 tid=5158 in Object.wait()&#10;java.lang.Thread.State: WAITING (on object monitor)&#10;        at sun.misc.Unsafe.park(Native Method)&#10;        at java.util.concurrent.locks.LockSupport.park(LockSupport.java:175)&#10;        at java.util.concurrent.locks.AbstractQueuedSynchronizer$ConditionObject.await(AbstractQueuedSynchronizer.java:2039)&#10;        at java.util.concurrent.LinkedBlockingQueue.take(LinkedBlockingQueue.java:442)&#10;        at java.util.concurrent.ThreadPoolExecutor.getTask(ThreadPoolExecutor.java:1074)&#10;        at java.util.concurrent.ThreadPoolExecutor.runWorker(ThreadPoolExecutor.java:1134)&#10;        at java.util.concurrent.ThreadPoolExecutor$Worker.run(ThreadPoolExecutor.java:624)&#10;        at java.lang.Thread.run(Thread.java:748)&#10;&quot;IPC Server handler 4 on default port 35463&quot; daemon prio=5 tid=4898 timed_waiting&#10;java.lang.Thread.State: TIMED_WAITING&#10;        at sun.misc.Unsafe.park(Native Method)&#10;        at java.util.concurrent.locks.LockSupport.parkNanos(LockSupport.java:215)&#10;        at java.util.concurrent.locks.AbstractQueuedSynchronizer$ConditionObject.awaitNanos(AbstractQueuedSynchronizer.java:2078)&#10;        at java.util.concurrent.LinkedBlockingQueue.poll(LinkedBlockingQueue.java:467)&#10;        at org.apache.hadoop.ipc.CallQueueManager.take(CallQueueManager.java:317)&#10;        at org.apache.hadoop.ipc.Server$Handler.run(Server.java:2932)&#10;&quot;IPC Server handler 4 on default port 37371&quot; daemon prio=5 tid=4858 timed_waiting&#10;java.lang.Thread.State: TIMED_WAITING&#10;        at sun.misc.Unsafe.park(Native Method)&#10;        at java.util.concurrent.locks.LockSupport.parkNanos(LockSupport.java:215)&#10;        at java.util.concurrent.locks.AbstractQueuedSynchronizer$ConditionObject.awaitNanos(AbstractQueuedSynchronizer.java:2078)&#10;        at java.util.concurrent.LinkedBlockingQueue.poll(LinkedBlockingQueue.java:467)&#10;        at org.apache.hadoop.ipc.CallQueueManager.take(CallQueueManager.java:317)&#10;        at org.apache.hadoop.ipc.Server$Handler.run(Server.java:2932)&#10;&quot;IPC Server idle connection scanner for port 37371&quot; daemon prio=5 tid=4849 timed_waiting&#10;java.lang.Thread.State: TIMED_WAITING&#10;        at java.lang.Object.wait(Native Method)&#10;        at java.util.TimerThread.mainLoop(Timer.java:552)&#10;        at java.util.TimerThread.run(Timer.java:505)&#10;&quot;PartialTableCache Cleanup Thread - 0&quot; daemon prio=5 tid=4231 in Object.wait()&#10;java.lang.Thread.State: WAITING (on object monitor)&#10;        at sun.misc.Unsafe.park(Native Method)&#10;        at java.util.concurrent.locks.LockSupport.park(LockSupport.java:175)&#10;        at java.util.concurrent.locks.AbstractQueuedSynchronizer$ConditionObject.await(AbstractQueuedSynchronizer.java:2039)&#10;        at java.util.concurrent.LinkedBlockingQueue.take(LinkedBlockingQueue.java:442)&#10;        at java.util.concurrent.ThreadPoolExecutor.getTask(ThreadPoolExecutor.java:1074)&#10;        at java.util.concurrent.ThreadPoolExecutor.runWorker(ThreadPoolExecutor.java:1134)&#10;        at java.util.concurrent.ThreadPoolExecutor$Worker.run(ThreadPoolExecutor.java:624)&#10;        at java.lang.Thread.run(Thread.java:748)&#10;&quot;qtp1834632129-4921&quot; daemon prio=5 tid=4921 timed_waiting&#10;java.lang.Thread.State: TIMED_WAITING&#10;        at sun.misc.Unsafe.park(Native Method)&#10;        at java.util.concurrent.locks.LockSupport.parkNanos(LockSupport.java:215)&#10;        at java.util.concurrent.locks.AbstractQueuedSynchronizer$ConditionObject.awaitNanos(AbstractQueuedSynchronizer.java:2078)&#10;        at org.eclipse.jetty.util.BlockingArrayQueue.poll(BlockingArrayQueue.java:382)&#10;        at org.eclipse.jetty.util.thread.QueuedThreadPool$Runner.idleJobPoll(QueuedThreadPool.java:974)&#10;        at org.eclipse.jetty.util.thread.QueuedThreadPool$Runner.run(QueuedThreadPool.java:1018)&#10;        at java.lang.Thread.run(Thread.java:748)&#10;&quot;IPC Server handler 14 on default port 35463&quot; daemon prio=5 tid=4908 timed_waiting&#10;java.lang.Thread.State: TIMED_WAITING&#10;        at sun.misc.Unsafe.park(Native Method)&#10;        at java.util.concurrent.locks.LockSupport.parkNanos(LockSupport.java:215)&#10;        at java.util.concurrent.locks.AbstractQueuedSynchronizer$ConditionObject.awaitNanos(AbstractQueuedSynchronizer.java:2078)&#10;        at java.util.concurrent.LinkedBlockingQueue.poll(LinkedBlockingQueue.java:467)&#10;        at org.apache.hadoop.ipc.CallQueueManager.take(CallQueueManager.java:317)&#10;        at org.apache.hadoop.ipc.Server$Handler.run(Server.java:2932)&#10;&quot;EventQueue-ContainerReportForContainerReportHandler&quot; daemon prio=5 tid=5109 in Object.wait()&#10;java.lang.Thread.State: WAITING (on object monitor)&#10;        at sun.misc.Unsafe.park(Native Method)&#10;        at java.util.concurrent.locks.LockSupport.park(LockSupport.java:175)&#10;        at java.util.concurrent.locks.AbstractQueuedSynchronizer$ConditionObject.await(AbstractQueuedSynchronizer.java:2039)&#10;        at java.util.concurrent.LinkedBlockingQueue.take(LinkedBlockingQueue.java:442)&#10;        at java.util.concurrent.ThreadPoolExecutor.getTask(ThreadPoolExecutor.java:1074)&#10;        at java.util.concurrent.ThreadPoolExecutor.runWorker(ThreadPoolExecutor.java:1134)&#10;        at java.util.concurrent.ThreadPoolExecutor$Worker.run(ThreadPoolExecutor.java:624)&#10;        at java.lang.Thread.run(Thread.java:748)&#10;&quot;org.apache.ratis.util.JvmPauseMonitor$$Lambda$531/1624044696@5220f3f1&quot; daemon prio=5 tid=5086 timed_waiting&#10;java.lang.Thread.State: TIMED_WAITING&#10;        at java.lang.Thread.sleep(Native Method)&#10;        at java.lang.Thread.sleep(Thread.java:340)&#10;        at java.util.concurrent.TimeUnit.sleep(TimeUnit.java:386)&#10;        at org.apache.ratis.util.TimeDuration.sleep(TimeDuration.java:324)&#10;        at org.apache.ratis.util.TimeDuration.sleep(TimeDuration.java:309)&#10;        at org.apache.ratis.util.JvmPauseMonitor.detectPause(JvmPauseMonitor.java:117)&#10;        at org.apache.ratis.util.JvmPauseMonitor.run(JvmPauseMonitor.java:106)&#10;        at org.apache.ratis.util.JvmPauseMonitor$$Lambda$531/1624044696.run(Unknown Source)&#10;        at java.lang.Thread.run(Thread.java:748)&#10;&quot;IPC Server handler 0 on default port 35463&quot; daemon prio=5 tid=4894 timed_waiting&#10;java.lang.Thread.State: TIMED_WAITING&#10;        at sun.misc.Unsafe.park(Native Method)&#10;        at java.util.concurrent.locks.LockSupport.parkNanos(LockSupport.java:215)&#10;        at java.util.concurrent.locks.AbstractQueuedSynchronizer$ConditionObject.awaitNanos(AbstractQueuedSynchronizer.java:2078)&#10;        at java.util.concurrent.LinkedBlockingQueue.poll(LinkedBlockingQueue.java:467)&#10;        at org.apache.hadoop.ipc.CallQueueManager.take(CallQueueManager.java:317)&#10;        at org.apache.hadoop.ipc.Server$Handler.run(Server.java:2932)&#10;&quot;ad4991cb-97ce-4dd6-b117-42e7f6b0816f@group-B7C6AD568D3C-StateMachineUpdater&quot; daemon prio=5 tid=5120 in Object.wait()&#10;java.lang.Thread.State: WAITING (on object monitor)&#10;        at java.lang.Object.wait(Native Method)&#10;        at java.lang.Object.wait(Object.java:502)&#10;        at org.apache.ratis.server.impl.StateMachineUpdater.waitForCommit(StateMachineUpdater.java:204)&#10;        at org.apache.ratis.server.impl.StateMachineUpdater.run(StateMachineUpdater.java:173)&#10;        at java.lang.Thread.run(Thread.java:748)&#10;&quot;BlockDeletingService#0&quot; daemon prio=5 tid=5058 in Object.wait()&#10;java.lang.Thread.State: WAITING (on object monitor)&#10;        at sun.misc.Unsafe.park(Native Method)&#10;        at java.util.concurrent.locks.LockSupport.park(LockSupport.java:175)&#10;        at java.util.concurrent.locks.AbstractQueuedSynchronizer$ConditionObject.await(AbstractQueuedSynchronizer.java:2039)&#10;        at java.util.concurrent.ScheduledThreadPoolExecutor$DelayedWorkQueue.take(ScheduledThreadPoolExecutor.java:1088)&#10;        at java.util.concurrent.ScheduledThreadPoolExecutor$DelayedWorkQueue.take(ScheduledThreadPoolExecutor.java:809)&#10;        at java.util.concurrent.ThreadPoolExecutor.getTask(ThreadPoolExecutor.java:1074)&#10;        at java.util.concurrent.ThreadPoolExecutor.runWorker(ThreadPoolExecutor.java:1134)&#10;        at java.util.concurrent.ThreadPoolExecutor$Worker.run(ThreadPoolExecutor.java:624)&#10;        at java.lang.Thread.run(Thread.java:748)&#10;&quot;ad4991cb-97ce-4dd6-b117-42e7f6b0816f@group-B7C6AD568D3C-LeaderStateImpl&quot; daemon prio=5 tid=5138 timed_waiting&#10;java.lang.Thread.State: TIMED_WAITING&#10;        at sun.misc.Unsafe.park(Native Method)&#10;        at java.util.concurrent.locks.LockSupport.parkNanos(LockSupport.java:215)&#10;        at java.util.concurrent.locks.AbstractQueuedSynchronizer$ConditionObject.awaitNanos(AbstractQueuedSynchronizer.java:2078)&#10;        at java.util.concurrent.ArrayBlockingQueue.poll(ArrayBlockingQueue.java:418)&#10;        at org.apache.ratis.server.impl.LeaderStateImpl$EventQueue.poll(LeaderStateImpl.java:155)&#10;        at org.apache.ratis.server.impl.LeaderStateImpl$EventProcessor.run(LeaderStateImpl.java:587)&#10;&quot;IPC Server handler 18 on default port 43167&quot; daemon prio=5 tid=4892 timed_waiting&#10;java.lang.Thread.State: TIMED_WAITING&#10;        at sun.misc.Unsafe.park(Native Method)&#10;        at java.util.concurrent.locks.LockSupport.parkNanos(LockSupport.java:215)&#10;        at java.util.concurrent.locks.AbstractQueuedSynchronizer$ConditionObject.awaitNanos(AbstractQueuedSynchronizer.java:2078)&#10;        at java.util.concurrent.LinkedBlockingQueue.poll(LinkedBlockingQueue.java:467)&#10;        at org.apache.hadoop.ipc.CallQueueManager.take(CallQueueManager.java:317)&#10;        at org.apache.hadoop.ipc.Server$Handler.run(Server.java:2932)&#10;&quot;Datanode State Machine Task Thread - 1&quot;  prio=5 tid=5078 in Object.wait()&#10;java.lang.Thread.State: WAITING (on object monitor)&#10;        at sun.misc.Unsafe.park(Native Method)&#10;        at java.util.concurrent.locks.LockSupport.park(LockSupport.java:175)&#10;        at java.util.concurrent.locks.AbstractQueuedSynchronizer$ConditionObject.await(AbstractQueuedSynchronizer.java:2039)&#10;        at java.util.concurrent.LinkedBlockingQueue.take(LinkedBlockingQueue.java:442)&#10;        at java.util.concurrent.ThreadPoolExecutor.getTask(ThreadPoolExecutor.java:1074)&#10;        at java.util.concurrent.ThreadPoolExecutor.runWorker(ThreadPoolExecutor.java:1134)&#10;        at java.util.concurrent.ThreadPoolExecutor$Worker.run(ThreadPoolExecutor.java:624)&#10;        at java.lang.Thread.run(Thread.java:748)&#10;&quot;IPC Server handler 5 on default port 43569&quot; daemon prio=5 tid=4957 timed_waiting&#10;java.lang.Thread.State: TIMED_WAITING&#10;        at sun.misc.Unsafe.park(Native Method)&#10;        at java.util.concurrent.locks.LockSupport.parkNanos(LockSupport.java:215)&#10;        at java.util.concurrent.locks.AbstractQueuedSynchronizer$ConditionObject.awaitNanos(AbstractQueuedSynchronizer.java:2078)&#10;        at java.util.concurrent.LinkedBlockingQueue.poll(LinkedBlockingQueue.java:467)&#10;        at org.apache.hadoop.ipc.CallQueueManager.take(CallQueueManager.java:317)&#10;        at org.apache.hadoop.ipc.Server$Handler.run(Server.java:2932)&#10;&quot;org.apache.hadoop.ozone.container.common.statemachine.commandhandler.DeleteBlocksCommandHandler$DeleteCmdWorker@65d870be&quot; daemon prio=5 tid=211 runnable&#10;java.lang.Thread.State: RUNNABLE&#10;        at java.lang.Thread.sleep(Native Method)&#10;        at org.apache.hadoop.ozone.container.common.statemachine.commandhandler.DeleteBlocksCommandHandler$DeleteCmdWorker.run(DeleteBlocksCommandHandler.java:174)&#10;        at java.lang.Thread.run(Thread.java:748)&#10;&quot;EventQueue-NodeReportForNodeReportHandler&quot; daemon prio=5 tid=7273 in Object.wait()&#10;java.lang.Thread.State: WAITING (on object monitor)&#10;        at sun.misc.Unsafe.park(Native Method)&#10;        at java.util.concurrent.locks.LockSupport.park(LockSupport.java:175)&#10;        at java.util.concurrent.locks.AbstractQueuedSynchronizer$ConditionObject.await(AbstractQueuedSynchronizer.java:2039)&#10;        at java.util.concurrent.LinkedBlockingQueue.take(LinkedBlockingQueue.java:442)&#10;        at java.util.concurrent.ThreadPoolExecutor.getTask(ThreadPoolExecutor.java:1074)&#10;        at java.util.concurrent.ThreadPoolExecutor.runWorker(ThreadPoolExecutor.java:1134)&#10;        at java.util.concurrent.ThreadPoolExecutor$Worker.run(ThreadPoolExecutor.java:624)&#10;        at java.lang.Thread.run(Thread.java:748)&#10;&quot;IPC Server handler 5 on default port 43167&quot; daemon prio=5 tid=4879 timed_waiting&#10;java.lang.Thread.State: TIMED_WAITING&#10;        at sun.misc.Unsafe.park(Native Method)&#10;        at java.util.concurrent.locks.LockSupport.parkNanos(LockSupport.java:215)&#10;        at java.util.concurrent.locks.AbstractQueuedSynchronizer$ConditionObject.awaitNanos(AbstractQueuedSynchronizer.java:2078)&#10;        at java.util.concurrent.LinkedBlockingQueue.poll(LinkedBlockingQueue.java:467)&#10;        at org.apache.hadoop.ipc.CallQueueManager.take(CallQueueManager.java:317)&#10;        at org.apache.hadoop.ipc.Server$Handler.run(Server.java:2932)&#10;&quot;org.apache.hadoop.ozone.container.common.statemachine.commandhandler.DeleteBlocksCommandHandler$DeleteCmdWorker@151c870d&quot; daemon prio=5 tid=4061 runnable&#10;java.lang.Thread.State: RUNNABLE&#10;        at java.lang.Thread.sleep(Native Method)&#10;        at org.apache.hadoop.ozone.container.common.statemachine.commandhandler.DeleteBlocksCommandHandler$DeleteCmdWorker.run(DeleteBlocksCommandHandler.java:174)&#10;        at java.lang.Thread.run(Thread.java:748)&#10;&quot;pool-457-thread-1&quot;  prio=5 tid=5122 in Object.wait()&#10;java.lang.Thread.State: WAITING (on object monitor)&#10;        at sun.misc.Unsafe.park(Native Method)&#10;        at java.util.concurrent.locks.LockSupport.park(LockSupport.java:175)&#10;        at java.util.concurrent.locks.AbstractQueuedSynchronizer$ConditionObject.await(AbstractQueuedSynchronizer.java:2039)&#10;        at java.util.concurrent.LinkedBlockingQueue.take(LinkedBlockingQueue.java:442)&#10;        at java.util.concurrent.ThreadPoolExecutor.getTask(ThreadPoolExecutor.java:1074)&#10;        at java.util.concurrent.ThreadPoolExecutor.runWorker(ThreadPoolExecutor.java:1134)&#10;        at java.util.concurrent.ThreadPoolExecutor$Worker.run(ThreadPoolExecutor.java:624)&#10;        at java.lang.Thread.run(Thread.java:748)&#10;&quot;org.apache.hadoop.ozone.container.common.statemachine.commandhandler.DeleteBlocksCommandHandler$DeleteCmdWorker@203f929&quot; daemon prio=5 tid=161 runnable&#10;java.lang.Thread.State: RUNNABLE&#10;        at java.lang.Thread.sleep(Native Method)&#10;        at org.apache.hadoop.ozone.container.common.statemachine.commandhandler.DeleteBlocksCommandHandler$DeleteCmdWorker.run(DeleteBlocksCommandHandler.java:174)&#10;        at java.lang.Thread.run(Thread.java:748)&#10;&quot;pool-466-thread-9&quot;  prio=5 tid=5226 in Object.wait()&#10;java.lang.Thread.State: WAITING (on object monitor)&#10;        at sun.misc.Unsafe.park(Native Method)&#10;        at java.util.concurrent.locks.LockSupport.park(LockSupport.java:175)&#10;        at java.util.concurrent.locks.AbstractQueuedSynchronizer$ConditionObject.await(AbstractQueuedSynchronizer.java:2039)&#10;        at java.util.concurrent.LinkedBlockingQueue.take(LinkedBlockingQueue.java:442)&#10;        at java.util.concurrent.ThreadPoolExecutor.getTask(ThreadPoolExecutor.java:1074)&#10;        at java.util.concurrent.ThreadPoolExecutor.runWorker(ThreadPoolExecutor.java:1134)&#10;        at java.util.concurrent.ThreadPoolExecutor$Worker.run(ThreadPoolExecutor.java:624)&#10;        at java.lang.Thread.run(Thread.java:748)&#10;&quot;EventQueue-ContainerReportForContainerReportHandler&quot; daemon prio=5 tid=5111 in Object.wait()&#10;java.lang.Thread.State: WAITING (on object monitor)&#10;        at sun.misc.Unsafe.park(Native Method)&#10;        at java.util.concurrent.locks.LockSupport.park(LockSupport.java:175)&#10;        at java.util.concurrent.locks.AbstractQueuedSynchronizer$ConditionObject.await(AbstractQueuedSynchronizer.java:2039)&#10;        at java.util.concurrent.LinkedBlockingQueue.take(LinkedBlockingQueue.java:442)&#10;        at java.util.concurrent.ThreadPoolExecutor.getTask(ThreadPoolExecutor.java:1074)&#10;        at java.util.concurrent.ThreadPoolExecutor.runWorker(ThreadPoolExecutor.java:1134)&#10;        at java.util.concurrent.ThreadPoolExecutor$Worker.run(ThreadPoolExecutor.java:624)&#10;        at java.lang.Thread.run(Thread.java:748)&#10;&quot;BlockDeletingService#5&quot; daemon prio=5 tid=5065 in Object.wait()&#10;java.lang.Thread.State: WAITING (on object monitor)&#10;        at sun.misc.Unsafe.park(Native Method)&#10;        at java.util.concurrent.locks.LockSupport.park(LockSupport.java:175)&#10;        at java.util.concurrent.locks.AbstractQueuedSynchronizer$ConditionObject.await(AbstractQueuedSynchronizer.java:2039)&#10;        at java.util.concurrent.ScheduledThreadPoolExecutor$DelayedWorkQueue.take(ScheduledThreadPoolExecutor.java:1088)&#10;        at java.util.concurrent.ScheduledThreadPoolExecutor$DelayedWorkQueue.take(ScheduledThreadPoolExecutor.java:809)&#10;        at java.util.concurrent.ThreadPoolExecutor.getTask(ThreadPoolExecutor.java:1074)&#10;        at java.util.concurrent.ThreadPoolExecutor.runWorker(ThreadPoolExecutor.java:1134)&#10;        at java.util.concurrent.ThreadPoolExecutor$Worker.run(ThreadPoolExecutor.java:624)&#10;        at java.lang.Thread.run(Thread.java:748)&#10;&quot;IPC Server handler 13 on default port 43569&quot; daemon prio=5 tid=4965 timed_waiting&#10;java.lang.Thread.State: TIMED_WAITING&#10;        at sun.misc.Unsafe.park(Native Method)&#10;        at java.util.concurrent.locks.LockSupport.parkNanos(LockSupport.java:215)&#10;        at java.util.concurrent.locks.AbstractQueuedSynchronizer$ConditionObject.awaitNanos(AbstractQueuedSynchronizer.java:2078)&#10;        at java.util.concurrent.LinkedBlockingQueue.poll(LinkedBlockingQueue.java:467)&#10;        at org.apache.hadoop.ipc.CallQueueManager.take(CallQueueManager.java:317)&#10;        at org.apache.hadoop.ipc.Server$Handler.run(Server.java:2932)&#10;&quot;PartialTableCache Cleanup Thread - 0&quot; daemon prio=5 tid=4230 in Object.wait()&#10;java.lang.Thread.State: WAITING (on object monitor)&#10;        at sun.misc.Unsafe.park(Native Method)&#10;        at java.util.concurrent.locks.LockSupport.park(LockSupport.java:175)&#10;        at java.util.concurrent.locks.AbstractQueuedSynchronizer$ConditionObject.await(AbstractQueuedSynchronizer.java:2039)&#10;        at java.util.concurrent.LinkedBlockingQueue.take(LinkedBlockingQueue.java:442)&#10;        at java.util.concurrent.ThreadPoolExecutor.getTask(ThreadPoolExecutor.java:1074)&#10;        at java.util.concurrent.ThreadPoolExecutor.runWorker(ThreadPoolExecutor.java:1134)&#10;        at java.util.concurrent.ThreadPoolExecutor$Worker.run(ThreadPoolExecutor.java:624)&#10;        at java.lang.Thread.run(Thread.java:748)&#10;&quot;IPC Server handler 7 on default port 37371&quot; daemon prio=5 tid=4861 timed_waiting&#10;java.lang.Thread.State: TIMED_WAITING&#10;        at sun.misc.Unsafe.park(Native Method)&#10;        at java.util.concurrent.locks.LockSupport.parkNanos(LockSupport.java:215)&#10;        at java.util.concurrent.locks.AbstractQueuedSynchronizer$ConditionObject.awaitNanos(AbstractQueuedSynchronizer.java:2078)&#10;        at java.util.concurrent.LinkedBlockingQueue.poll(LinkedBlockingQueue.java:467)&#10;        at org.apache.hadoop.ipc.CallQueueManager.take(CallQueueManager.java:317)&#10;        at org.apache.hadoop.ipc.Server$Handler.run(Server.java:2932)&#10;&quot;IPC Server handler 16 on default port 35463&quot; daemon prio=5 tid=4910 timed_waiting&#10;java.lang.Thread.State: TIMED_WAITING&#10;        at sun.misc.Unsafe.park(Native Method)&#10;        at java.util.concurrent.locks.LockSupport.parkNanos(LockSupport.java:215)&#10;        at java.util.concurrent.locks.AbstractQueuedSynchronizer$ConditionObject.awaitNanos(AbstractQueuedSynchronizer.java:2078)&#10;        at java.util.concurrent.LinkedBlockingQueue.poll(LinkedBlockingQueue.java:467)&#10;        at org.apache.hadoop.ipc.CallQueueManager.take(CallQueueManager.java:317)&#10;        at org.apache.hadoop.ipc.Server$Handler.run(Server.java:2932)&#10;&quot;pool-467-thread-9&quot;  prio=5 tid=5225 in Object.wait()&#10;java.lang.Thread.State: WAITING (on object monitor)&#10;        at sun.misc.Unsafe.park(Native Method)&#10;        at java.util.concurrent.locks.LockSupport.park(LockSupport.java:175)&#10;        at java.util.concurrent.locks.AbstractQueuedSynchronizer$ConditionObject.await(AbstractQueuedSynchronizer.java:2039)&#10;        at java.util.concurrent.LinkedBlockingQueue.take(LinkedBlockingQueue.java:442)&#10;        at java.util.concurrent.ThreadPoolExecutor.getTask(ThreadPoolExecutor.java:1074)&#10;        at java.util.concurrent.ThreadPoolExecutor.runWorker(ThreadPoolExecutor.java:1134)&#10;        at java.util.concurrent.ThreadPoolExecutor$Worker.run(ThreadPoolExecutor.java:624)&#10;        at java.lang.Thread.run(Thread.java:748)&#10;&quot;FullTableCache Cleanup Thread - 0&quot; daemon prio=5 tid=5153 in Object.wait()&#10;java.lang.Thread.State: WAITING (on object monitor)&#10;        at sun.misc.Unsafe.park(Native Method)&#10;        at java.util.concurrent.locks.LockSupport.park(LockSupport.java:175)&#10;        at java.util.concurrent.locks.AbstractQueuedSynchronizer$ConditionObject.await(AbstractQueuedSynchronizer.java:2039)&#10;        at java.util.concurrent.LinkedBlockingQueue.take(LinkedBlockingQueue.java:442)&#10;        at java.util.concurrent.ThreadPoolExecutor.getTask(ThreadPoolExecutor.java:1074)&#10;        at java.util.concurrent.ThreadPoolExecutor.runWorker(ThreadPoolExecutor.java:1134)&#10;        at java.util.concurrent.ThreadPoolExecutor$Worker.run(ThreadPoolExecutor.java:624)&#10;        at java.lang.Thread.run(Thread.java:748)&#10;&quot;BlockDeletingService#2&quot; daemon prio=5 tid=5090 in Object.wait()&#10;java.lang.Thread.State: WAITING (on object monitor)&#10;        at sun.misc.Unsafe.park(Native Method)&#10;        at java.util.concurrent.locks.LockSupport.park(LockSupport.java:175)&#10;        at java.util.concurrent.locks.AbstractQueuedSynchronizer$ConditionObject.await(AbstractQueuedSynchronizer.java:2039)&#10;        at java.util.concurrent.ScheduledThreadPoolExecutor$DelayedWorkQueue.take(ScheduledThreadPoolExecutor.java:1088)&#10;        at java.util.concurrent.ScheduledThreadPoolExecutor$DelayedWorkQueue.take(ScheduledThreadPoolExecutor.java:809)&#10;        at java.util.concurrent.ThreadPoolExecutor.getTask(ThreadPoolExecutor.java:1074)&#10;        at java.util.concurrent.ThreadPoolExecutor.runWorker(ThreadPoolExecutor.java:1134)&#10;        at java.util.concurrent.ThreadPoolExecutor$Worker.run(ThreadPoolExecutor.java:624)&#10;        at java.lang.Thread.run(Thread.java:748)&#10;&quot;IPC Server handler 15 on default port 43167&quot; daemon prio=5 tid=4889 timed_waiting&#10;java.lang.Thread.State: TIMED_WAITING&#10;        at sun.misc.Unsafe.park(Native Method)&#10;        at java.util.concurrent.locks.LockSupport.parkNanos(LockSupport.java:215)&#10;        at java.util.concurrent.locks.AbstractQueuedSynchronizer$ConditionObject.awaitNanos(AbstractQueuedSynchronizer.java:2078)&#10;        at java.util.concurrent.LinkedBlockingQueue.poll(LinkedBlockingQueue.java:467)&#10;        at org.apache.hadoop.ipc.CallQueueManager.take(CallQueueManager.java:317)&#10;        at org.apache.hadoop.ipc.Server$Handler.run(Server.java:2932)&#10;&quot;b13dbf35-3f05-4a51-87e4-7670ffffb89b@group-B7C6AD568D3C-FollowerState&quot; daemon prio=5 tid=5136 timed_waiting&#10;java.lang.Thread.State: TIMED_WAITING&#10;        at java.lang.Thread.sleep(Native Method)&#10;        at java.lang.Thread.sleep(Thread.java:340)&#10;        at java.util.concurrent.TimeUnit.sleep(TimeUnit.java:386)&#10;        at org.apache.ratis.util.TimeDuration.sleep(TimeDuration.java:324)&#10;        at org.apache.ratis.util.TimeDuration.sleep(TimeDuration.java:309)&#10;        at org.apache.ratis.server.impl.FollowerState.run(FollowerState.java:118)&#10;&quot;qtp150540715-5010&quot; daemon prio=5 tid=5010 timed_waiting&#10;java.lang.Thread.State: TIMED_WAITING&#10;        at sun.misc.Unsafe.park(Native Method)&#10;        at java.util.concurrent.locks.LockSupport.parkNanos(LockSupport.java:215)&#10;        at java.util.concurrent.locks.AbstractQueuedSynchronizer$ConditionObject.awaitNanos(AbstractQueuedSynchronizer.java:2078)&#10;        at org.eclipse.jetty.util.BlockingArrayQueue.poll(BlockingArrayQueue.java:382)&#10;        at org.eclipse.jetty.util.thread.QueuedThreadPool$Runner.idleJobPoll(QueuedThreadPool.java:974)&#10;        at org.eclipse.jetty.util.thread.QueuedThreadPool$Runner.run(QueuedThreadPool.java:1018)&#10;        at java.lang.Thread.run(Thread.java:748)&#10;&quot;IPC Server listener on 0&quot; daemon prio=5 tid=4839 runnable&#10;java.lang.Thread.State: RUNNABLE&#10;        at sun.nio.ch.EPollArrayWrapper.epollWait(Native Method)&#10;        at sun.nio.ch.EPollArrayWrapper.poll(EPollArrayWrapper.java:269)&#10;        at sun.nio.ch.EPollSelectorImpl.doSelect(EPollSelectorImpl.java:93)&#10;        at sun.nio.ch.SelectorImpl.lockAndDoSelect(SelectorImpl.java:86)&#10;        at sun.nio.ch.SelectorImpl.select(SelectorImpl.java:97)&#10;        at sun.nio.ch.SelectorImpl.select(SelectorImpl.java:101)&#10;        at org.apache.hadoop.ipc.Server$Listener.run(Server.java:1350)&#10;&quot;IPC Server handler 15 on default port 43569&quot; daemon prio=5 tid=4967 timed_waiting&#10;java.lang.Thread.State: TIMED_WAITING&#10;        at sun.misc.Unsafe.park(Native Method)&#10;        at java.util.concurrent.locks.LockSupport.parkNanos(LockSupport.java:215)&#10;        at java.util.concurrent.locks.AbstractQueuedSynchronizer$ConditionObject.awaitNanos(AbstractQueuedSynchronizer.java:2078)&#10;        at java.util.concurrent.LinkedBlockingQueue.poll(LinkedBlockingQueue.java:467)&#10;        at org.apache.hadoop.ipc.CallQueueManager.take(CallQueueManager.java:317)&#10;        at org.apache.hadoop.ipc.Server$Handler.run(Server.java:2932)&#10;&quot;pool-424-thread-1&quot;  prio=5 tid=4979 timed_waiting&#10;java.lang.Thread.State: TIMED_WAITING&#10;        at sun.misc.Unsafe.park(Native Method)&#10;        at java.util.concurrent.locks.LockSupport.parkNanos(LockSupport.java:215)&#10;        at java.util.concurrent.locks.AbstractQueuedSynchronizer$ConditionObject.awaitNanos(AbstractQueuedSynchronizer.java:2078)&#10;        at java.util.concurrent.ScheduledThreadPoolExecutor$DelayedWorkQueue.take(ScheduledThreadPoolExecutor.java:1093)&#10;        at java.util.concurrent.ScheduledThreadPoolExecutor$DelayedWorkQueue.take(ScheduledThreadPoolExecutor.java:809)&#10;        at java.util.concurrent.ThreadPoolExecutor.getTask(ThreadPoolExecutor.java:1074)&#10;        at java.util.concurrent.ThreadPoolExecutor.runWorker(ThreadPoolExecutor.java:1134)&#10;        at java.util.concurrent.ThreadPoolExecutor$Worker.run(ThreadPoolExecutor.java:624)&#10;        at java.lang.Thread.run(Thread.java:748)&#10;&quot;Session-HouseKeeper-eea87c4-1&quot;  prio=5 tid=4988 timed_waiting&#10;java.lang.Thread.State: TIMED_WAITING&#10;        at sun.misc.Unsafe.park(Native Method)&#10;        at java.util.concurrent.locks.LockSupport.parkNanos(LockSupport.java:215)&#10;        at java.util.concurrent.locks.AbstractQueuedSynchronizer$ConditionObject.awaitNanos(AbstractQueuedSynchronizer.java:2078)&#10;        at java.util.concurrent.ScheduledThreadPoolExecutor$DelayedWorkQueue.take(ScheduledThreadPoolExecutor.java:1093)&#10;        at java.util.concurrent.ScheduledThreadPoolExecutor$DelayedWorkQueue.take(ScheduledThreadPoolExecutor.java:809)&#10;        at java.util.concurrent.ThreadPoolExecutor.getTask(ThreadPoolExecutor.java:1074)&#10;        at java.util.concurrent.ThreadPoolExecutor.runWorker(ThreadPoolExecutor.java:1134)&#10;        at java.util.concurrent.ThreadPoolExecutor$Worker.run(ThreadPoolExecutor.java:624)&#10;        at java.lang.Thread.run(Thread.java:748)&#10;&quot;pool-412-thread-1&quot; daemon prio=5 tid=4976 timed_waiting&#10;java.lang.Thread.State: TIMED_WAITING&#10;        at sun.misc.Unsafe.park(Native Method)&#10;        at java.util.concurrent.locks.LockSupport.parkNanos(LockSupport.java:215)&#10;        at java.util.concurrent.locks.AbstractQueuedSynchronizer$ConditionObject.awaitNanos(AbstractQueuedSynchronizer.java:2078)&#10;        at java.util.concurrent.ScheduledThreadPoolExecutor$DelayedWorkQueue.take(ScheduledThreadPoolExecutor.java:1093)&#10;        at java.util.concurrent.ScheduledThreadPoolExecutor$DelayedWorkQueue.take(ScheduledThreadPoolExecutor.java:809)&#10;        at java.util.concurrent.ThreadPoolExecutor.getTask(ThreadPoolExecutor.java:1074)&#10;        at java.util.concurrent.ThreadPoolExecutor.runWorker(ThreadPoolExecutor.java:1134)&#10;        at java.util.concurrent.ThreadPoolExecutor$Worker.run(ThreadPoolExecutor.java:624)&#10;        at java.lang.Thread.run(Thread.java:748)&#10;&quot;IPC Server handler 7 on default port 35463&quot; daemon prio=5 tid=4901 timed_waiting&#10;java.lang.Thread.State: TIMED_WAITING&#10;        at sun.misc.Unsafe.park(Native Method)&#10;        at java.util.concurrent.locks.LockSupport.parkNanos(LockSupport.java:215)&#10;        at java.util.concurrent.locks.AbstractQueuedSynchronizer$ConditionObject.awaitNanos(AbstractQueuedSynchronizer.java:2078)&#10;        at java.util.concurrent.LinkedBlockingQueue.poll(LinkedBlockingQueue.java:467)&#10;        at org.apache.hadoop.ipc.CallQueueManager.take(CallQueueManager.java:317)&#10;        at org.apache.hadoop.ipc.Server$Handler.run(Server.java:2932)&#10;&quot;org.apache.hadoop.ozone.container.common.statemachine.commandhandler.DeleteBlocksCommandHandler$DeleteCmdWorker@4766d49a&quot; daemon prio=5 tid=4707 runnable&#10;java.lang.Thread.State: RUNNABLE&#10;        at java.lang.Thread.sleep(Native Method)&#10;        at org.apache.hadoop.ozone.container.common.statemachine.commandhandler.DeleteBlocksCommandHandler$DeleteCmdWorker.run(DeleteBlocksCommandHandler.java:174)&#10;        at java.lang.Thread.run(Thread.java:748)&#10;&quot;org.apache.ratis.util.JvmPauseMonitor$$Lambda$531/1624044696@5bb4c05c&quot; daemon prio=5 tid=5057 timed_waiting&#10;java.lang.Thread.State: TIMED_WAITING&#10;        at java.lang.Thread.sleep(Native Method)&#10;        at java.lang.Thread.sleep(Thread.java:340)&#10;        at java.util.concurrent.TimeUnit.sleep(TimeUnit.java:386)&#10;        at org.apache.ratis.util.TimeDuration.sleep(TimeDuration.java:324)&#10;        at org.apache.ratis.util.TimeDuration.sleep(TimeDuration.java:309)&#10;        at org.apache.ratis.util.JvmPauseMonitor.detectPause(JvmPauseMonitor.java:117)&#10;        at org.apache.ratis.util.JvmPauseMonitor.run(JvmPauseMonitor.java:106)&#10;        at org.apache.ratis.util.JvmPauseMonitor$$Lambda$531/1624044696.run(Unknown Source)&#10;        at java.lang.Thread.run(Thread.java:748)&#10;&quot;grpc-default-executor-4&quot; daemon prio=5 tid=4216 timed_waiting&#10;java.lang.Thread.State: TIMED_WAITING&#10;        at sun.misc.Unsafe.park(Native Method)&#10;        at java.util.concurrent.locks.LockSupport.parkNanos(LockSupport.java:215)&#10;        at java.util.concurrent.SynchronousQueue$TransferStack.awaitFulfill(SynchronousQueue.java:460)&#10;        at java.util.concurrent.SynchronousQueue$TransferStack.transfer(SynchronousQueue.java:362)&#10;        at java.util.concurrent.SynchronousQueue.poll(SynchronousQueue.java:941)&#10;        at java.util.concurrent.ThreadPoolExecutor.getTask(ThreadPoolExecutor.java:1073)&#10;        at java.util.concurrent.ThreadPoolExecutor.runWorker(ThreadPoolExecutor.java:1134)&#10;        at java.util.concurrent.ThreadPoolExecutor$Worker.run(ThreadPoolExecutor.java:624)&#10;        at java.lang.Thread.run(Thread.java:748)&#10;&quot;IPC Server handler 15 on default port 35463&quot; daemon prio=5 tid=4909 timed_waiting&#10;java.lang.Thread.State: TIMED_WAITING&#10;        at sun.misc.Unsafe.park(Native Method)&#10;        at java.util.concurrent.locks.LockSupport.parkNanos(LockSupport.java:215)&#10;        at java.util.concurrent.locks.AbstractQueuedSynchronizer$ConditionObject.awaitNanos(AbstractQueuedSynchronizer.java:2078)&#10;        at java.util.concurrent.LinkedBlockingQueue.poll(LinkedBlockingQueue.java:467)&#10;        at org.apache.hadoop.ipc.CallQueueManager.take(CallQueueManager.java:317)&#10;        at org.apache.hadoop.ipc.Server$Handler.run(Server.java:2932)&#10;&quot;Datanode ReportManager Thread - 2&quot; daemon prio=5 tid=5044 timed_waiting&#10;java.lang.Thread.State: TIMED_WAITING&#10;        at sun.misc.Unsafe.park(Native Method)&#10;        at java.util.concurrent.locks.LockSupport.parkNanos(LockSupport.java:215)&#10;        at java.util.concurrent.locks.AbstractQueuedSynchronizer$ConditionObject.awaitNanos(AbstractQueuedSynchronizer.java:2078)&#10;        at java.util.concurrent.ScheduledThreadPoolExecutor$DelayedWorkQueue.take(ScheduledThreadPoolExecutor.java:1093)&#10;        at java.util.concurrent.ScheduledThreadPoolExecutor$DelayedWorkQueue.take(ScheduledThreadPoolExecutor.java:809)&#10;        at java.util.concurrent.ThreadPoolExecutor.getTask(ThreadPoolExecutor.java:1074)&#10;        at java.util.concurrent.ThreadPoolExecutor.runWorker(ThreadPoolExecutor.java:1134)&#10;        at java.util.concurrent.ThreadPoolExecutor$Worker.run(ThreadPoolExecutor.java:624)&#10;        at java.lang.Thread.run(Thread.java:748)&#10;&quot;pool-467-thread-5&quot;  prio=5 tid=5208 in Object.wait()&#10;java.lang.Thread.State: WAITING (on object monitor)&#10;        at sun.misc.Unsafe.park(Native Method)&#10;        at java.util.concurrent.locks.LockSupport.park(LockSupport.java:175)&#10;        at java.util.concurrent.locks.AbstractQueuedSynchronizer$ConditionObject.await(AbstractQueuedSynchronizer.java:2039)&#10;        at java.util.concurrent.LinkedBlockingQueue.take(LinkedBlockingQueue.java:442)&#10;        at java.util.concurrent.ThreadPoolExecutor.getTask(ThreadPoolExecutor.java:1074)&#10;        at java.util.concurrent.ThreadPoolExecutor.runWorker(ThreadPoolExecutor.java:1134)&#10;        at java.util.concurrent.ThreadPoolExecutor$Worker.run(ThreadPoolExecutor.java:624)&#10;        at java.lang.Thread.run(Thread.java:748)&#10;&quot;BlockDeletingService#0&quot; daemon prio=5 tid=5087 runnable&#10;java.lang.Thread.State: RUNNABLE&#10;        at sun.misc.Unsafe.park(Native Method)&#10;        at java.util.concurrent.locks.LockSupport.parkNanos(LockSupport.java:215)&#10;        at java.util.concurrent.locks.AbstractQueuedSynchronizer$ConditionObject.awaitNanos(AbstractQueuedSynchronizer.java:2078)&#10;        at java.util.concurrent.ScheduledThreadPoolExecutor$DelayedWorkQueue.take(ScheduledThreadPoolExecutor.java:1093)&#10;        at java.util.concurrent.ScheduledThreadPoolExecutor$DelayedWorkQueue.take(ScheduledThreadPoolExecutor.java:809)&#10;        at java.util.concurrent.ThreadPoolExecutor.getTask(ThreadPoolExecutor.java:1074)&#10;        at java.util.concurrent.ThreadPoolExecutor.runWorker(ThreadPoolExecutor.java:1134)&#10;        at java.util.concurrent.ThreadPoolExecutor$Worker.run(ThreadPoolExecutor.java:624)&#10;        at java.lang.Thread.run(Thread.java:748)&#10;&quot;IPC Server idle connection scanner for port 43569&quot; daemon prio=5 tid=4933 timed_waiting&#10;java.lang.Thread.State: TIMED_WAITING&#10;        at java.lang.Object.wait(Native Method)&#10;        at java.util.TimerThread.mainLoop(Timer.java:552)&#10;        at java.util.TimerThread.run(Timer.java:505)&#10;&quot;IPC Server handler 6 on default port 43167&quot; daemon prio=5 tid=4880 timed_waiting&#10;java.lang.Thread.State: TIMED_WAITING&#10;        at sun.misc.Unsafe.park(Native Method)&#10;        at java.util.concurrent.locks.LockSupport.parkNanos(LockSupport.java:215)&#10;        at java.util.concurrent.locks.AbstractQueuedSynchronizer$ConditionObject.awaitNanos(AbstractQueuedSynchronizer.java:2078)&#10;        at java.util.concurrent.LinkedBlockingQueue.poll(LinkedBlockingQueue.java:467)&#10;        at org.apache.hadoop.ipc.CallQueueManager.take(CallQueueManager.java:317)&#10;        at org.apache.hadoop.ipc.Server$Handler.run(Server.java:2932)&#10;&quot;process reaper&quot; daemon prio=10 tid=11 timed_waiting&#10;java.lang.Thread.State: TIMED_WAITING&#10;        at sun.misc.Unsafe.park(Native Method)&#10;        at java.util.concurrent.locks.LockSupport.parkNanos(LockSupport.java:215)&#10;        at java.util.concurrent.SynchronousQueue$TransferStack.awaitFulfill(SynchronousQueue.java:460)&#10;        at java.util.concurrent.SynchronousQueue$TransferStack.transfer(SynchronousQueue.java:362)&#10;        at java.util.concurrent.SynchronousQueue.poll(SynchronousQueue.java:941)&#10;        at java.util.concurrent.ThreadPoolExecutor.getTask(ThreadPoolExecutor.java:1073)&#10;        at java.util.concurrent.ThreadPoolExecutor.runWorker(ThreadPoolExecutor.java:1134)&#10;        at java.util.concurrent.ThreadPoolExecutor$Worker.run(ThreadPoolExecutor.java:624)&#10;        at java.lang.Thread.run(Thread.java:748)&#10;&quot;pool-467-thread-1&quot;  prio=5 tid=5170 in Object.wait()&#10;java.lang.Thread.State: WAITING (on object monitor)&#10;        at sun.misc.Unsafe.park(Native Method)&#10;        at java.util.concurrent.locks.LockSupport.park(LockSupport.java:175)&#10;        at java.util.concurrent.locks.AbstractQueuedSynchronizer$ConditionObject.await(AbstractQueuedSynchronizer.java:2039)&#10;        at java.util.concurrent.LinkedBlockingQueue.take(LinkedBlockingQueue.java:442)&#10;        at java.util.concurrent.ThreadPoolExecutor.getTask(ThreadPoolExecutor.java:1074)&#10;        at java.util.concurrent.ThreadPoolExecutor.runWorker(ThreadPoolExecutor.java:1134)&#10;        at java.util.concurrent.ThreadPoolExecutor$Worker.run(ThreadPoolExecutor.java:624)&#10;        at java.lang.Thread.run(Thread.java:748)&#10;&quot;ChunkWriter-3-0&quot; daemon prio=5 tid=5085 in Object.wait()&#10;java.lang.Thread.State: WAITING (on object monitor)&#10;        at sun.misc.Unsafe.park(Native Method)&#10;        at java.util.concurrent.locks.LockSupport.park(LockSupport.java:175)&#10;        at java.util.concurrent.locks.AbstractQueuedSynchronizer$ConditionObject.await(AbstractQueuedSynchronizer.java:2039)&#10;        at java.util.concurrent.LinkedBlockingDeque.takeFirst(LinkedBlockingDeque.java:492)&#10;        at java.util.concurrent.LinkedBlockingDeque.take(LinkedBlockingDeque.java:680)&#10;        at java.util.concurrent.ThreadPoolExecutor.getTask(ThreadPoolExecutor.java:1074)&#10;        at java.util.concurrent.ThreadPoolExecutor.runWorker(ThreadPoolExecutor.java:1134)&#10;        at java.util.concurrent.ThreadPoolExecutor$Worker.run(ThreadPoolExecutor.java:624)&#10;        at java.lang.Thread.run(Thread.java:748)&#10;&quot;Datanode ReportManager Thread - 4&quot; daemon prio=5 tid=5046 in Object.wait()&#10;java.lang.Thread.State: WAITING (on object monitor)&#10;        at sun.misc.Unsafe.park(Native Method)&#10;        at java.util.concurrent.locks.LockSupport.park(LockSupport.java:175)&#10;        at java.util.concurrent.locks.AbstractQueuedSynchronizer$ConditionObject.await(AbstractQueuedSynchronizer.java:2039)&#10;        at java.util.concurrent.ScheduledThreadPoolExecutor$DelayedWorkQueue.take(ScheduledThreadPoolExecutor.java:1088)&#10;        at java.util.concurrent.ScheduledThreadPoolExecutor$DelayedWorkQueue.take(ScheduledThreadPoolExecutor.java:809)&#10;        at java.util.concurrent.ThreadPoolExecutor.getTask(ThreadPoolExecutor.java:1074)&#10;        at java.util.concurrent.ThreadPoolExecutor.runWorker(ThreadPoolExecutor.java:1134)&#10;        at java.util.concurrent.ThreadPoolExecutor$Worker.run(ThreadPoolExecutor.java:624)&#10;        at java.lang.Thread.run(Thread.java:748)&#10;&quot;org.apache.ratis.util.JvmPauseMonitor$$Lambda$531/1624044696@1f068b75&quot; daemon prio=5 tid=5070 timed_waiting&#10;java.lang.Thread.State: TIMED_WAITING&#10;        at java.lang.Thread.sleep(Native Method)&#10;        at java.lang.Thread.sleep(Thread.java:340)&#10;        at java.util.concurrent.TimeUnit.sleep(TimeUnit.java:386)&#10;        at org.apache.ratis.util.TimeDuration.sleep(TimeDuration.java:324)&#10;        at org.apache.ratis.util.TimeDuration.sleep(TimeDuration.java:309)&#10;        at org.apache.ratis.util.JvmPauseMonitor.detectPause(JvmPauseMonitor.java:117)&#10;        at org.apache.ratis.util.JvmPauseMonitor.run(JvmPauseMonitor.java:106)&#10;        at org.apache.ratis.util.JvmPauseMonitor$$Lambda$531/1624044696.run(Unknown Source)&#10;        at java.lang.Thread.run(Thread.java:748)&#10;&quot;org.apache.hadoop.util.JvmPauseMonitor$Monitor@11d09931&quot; daemon prio=5 tid=5048 timed_waiting&#10;java.lang.Thread.State: TIMED_WAITING&#10;        at java.lang.Thread.sleep(Native Method)&#10;        at org.apache.hadoop.util.JvmPauseMonitor$Monitor.run(JvmPauseMonitor.java:192)&#10;        at java.lang.Thread.run(Thread.java:748)&#10;&quot;qtp717308094-4983&quot; daemon prio=5 tid=4983 timed_waiting&#10;java.lang.Thread.State: TIMED_WAITING&#10;        at sun.misc.Unsafe.park(Native Method)&#10;        at java.util.concurrent.locks.LockSupport.parkNanos(LockSupport.java:215)&#10;        at java.util.concurrent.locks.AbstractQueuedSynchronizer$ConditionObject.awaitNanos(AbstractQueuedSynchronizer.java:2078)&#10;        at org.eclipse.jetty.util.BlockingArrayQueue.poll(BlockingArrayQueue.java:382)&#10;        at org.eclipse.jetty.util.thread.QueuedThreadPool$Runner.idleJobPoll(QueuedThreadPool.java:974)&#10;        at org.eclipse.jetty.util.thread.QueuedThreadPool$Runner.run(QueuedThreadPool.java:1018)&#10;        at java.lang.Thread.run(Thread.java:748)&#10;&quot;EventQueue-NewNodeForNewNodeHandler&quot; daemon prio=5 tid=5102 in Object.wait()&#10;java.lang.Thread.State: WAITING (on object monitor)&#10;        at sun.misc.Unsafe.park(Native Method)&#10;        at java.util.concurrent.locks.LockSupport.park(LockSupport.java:175)&#10;        at java.util.concurrent.locks.AbstractQueuedSynchronizer$ConditionObject.await(AbstractQueuedSynchronizer.java:2039)&#10;        at java.util.concurrent.LinkedBlockingQueue.take(LinkedBlockingQueue.java:442)&#10;        at java.util.concurrent.ThreadPoolExecutor.getTask(ThreadPoolExecutor.java:1074)&#10;        at java.util.concurrent.ThreadPoolExecutor.runWorker(ThreadPoolExecutor.java:1134)&#10;        at java.util.concurrent.ThreadPoolExecutor$Worker.run(ThreadPoolExecutor.java:624)&#10;        at java.lang.Thread.run(Thread.java:748)&#10;&quot;qtp1696189834-4944-acceptor-0@737042c9-ServerConnector@6723c986{HTTP/1.1, (http/1.1)}{0.0.0.0:33265}&quot; daemon prio=3 tid=4944 runnable&#10;java.lang.Thread.State: RUNNABLE&#10;        at sun.nio.ch.ServerSocketChannelImpl.accept0(Native Method)&#10;        at sun.nio.ch.ServerSocketChannelImpl.accept(ServerSocketChannelImpl.java:421)&#10;        at sun.nio.ch.ServerSocketChannelImpl.accept(ServerSocketChannelImpl.java:249)&#10;        at org.eclipse.jetty.server.ServerConnector.accept(ServerConnector.java:388)&#10;        at org.eclipse.jetty.server.AbstractConnector$Acceptor.run(AbstractConnector.java:702)&#10;        at org.eclipse.jetty.util.thread.QueuedThreadPool.runJob(QueuedThreadPool.java:883)&#10;        at org.eclipse.jetty.util.thread.QueuedThreadPool$Runner.run(QueuedThreadPool.java:1034)&#10;        at java.lang.Thread.run(Thread.java:748)&#10;&quot;PartialTableCache Cleanup Thread - 0&quot; daemon prio=5 tid=963 in Object.wait()&#10;java.lang.Thread.State: WAITING (on object monitor)&#10;        at sun.misc.Unsafe.park(Native Method)&#10;        at java.util.concurrent.locks.LockSupport.park(LockSupport.java:175)&#10;        at java.util.concurrent.locks.AbstractQueuedSynchronizer$ConditionObject.await(AbstractQueuedSynchronizer.java:2039)&#10;        at java.util.concurrent.LinkedBlockingQueue.take(LinkedBlockingQueue.java:442)&#10;        at java.util.concurrent.ThreadPoolExecutor.getTask(ThreadPoolExecutor.java:1074)&#10;        at java.util.concurrent.ThreadPoolExecutor.runWorker(ThreadPoolExecutor.java:1134)&#10;        at java.util.concurrent.ThreadPoolExecutor$Worker.run(ThreadPoolExecutor.java:624)&#10;        at java.lang.Thread.run(Thread.java:748)&#10;&quot;IPC Server handler 11 on default port 37371&quot; daemon prio=5 tid=4865 timed_waiting&#10;java.lang.Thread.State: TIMED_WAITING&#10;        at sun.misc.Unsafe.park(Native Method)&#10;        at java.util.concurrent.locks.LockSupport.parkNanos(LockSupport.java:215)&#10;        at java.util.concurrent.locks.AbstractQueuedSynchronizer$ConditionObject.awaitNanos(AbstractQueuedSynchronizer.java:2078)&#10;        at java.util.concurrent.LinkedBlockingQueue.poll(LinkedBlockingQueue.java:467)&#10;        at org.apache.hadoop.ipc.CallQueueManager.take(CallQueueManager.java:317)&#10;        at org.apache.hadoop.ipc.Server$Handler.run(Server.java:2932)&#10;&quot;IPC Server handler 6 on default port 37371&quot; daemon prio=5 tid=4860 timed_waiting&#10;java.lang.Thread.State: TIMED_WAITING&#10;        at sun.misc.Unsafe.park(Native Method)&#10;        at java.util.concurrent.locks.LockSupport.parkNanos(LockSupport.java:215)&#10;        at java.util.concurrent.locks.AbstractQueuedSynchronizer$ConditionObject.awaitNanos(AbstractQueuedSynchronizer.java:2078)&#10;        at java.util.concurrent.LinkedBlockingQueue.poll(LinkedBlockingQueue.java:467)&#10;        at org.apache.hadoop.ipc.CallQueueManager.take(CallQueueManager.java:317)&#10;        at org.apache.hadoop.ipc.Server$Handler.run(Server.java:2932)&#10;&quot;pool-465-thread-8&quot;  prio=5 tid=5212 in Object.wait()&#10;java.lang.Thread.State: WAITING (on object monitor)&#10;        at sun.misc.Unsafe.park(Native Method)&#10;        at java.util.concurrent.locks.LockSupport.park(LockSupport.java:175)&#10;        at java.util.concurrent.locks.AbstractQueuedSynchronizer$ConditionObject.await(AbstractQueuedSynchronizer.java:2039)&#10;        at java.util.concurrent.LinkedBlockingQueue.take(LinkedBlockingQueue.java:442)&#10;        at java.util.concurrent.ThreadPoolExecutor.getTask(ThreadPoolExecutor.java:1074)&#10;        at java.util.concurrent.ThreadPoolExecutor.runWorker(ThreadPoolExecutor.java:1134)&#10;        at java.util.concurrent.ThreadPoolExecutor$Worker.run(ThreadPoolExecutor.java:624)&#10;        at java.lang.Thread.run(Thread.java:748)&#10;&quot;IPC Server handler 15 on default port 37371&quot; daemon prio=5 tid=4869 timed_waiting&#10;java.lang.Thread.State: TIMED_WAITING&#10;        at sun.misc.Unsafe.park(Native Method)&#10;        at java.util.concurrent.locks.LockSupport.parkNanos(LockSupport.java:215)&#10;        at java.util.concurrent.locks.AbstractQueuedSynchronizer$ConditionObject.awaitNanos(AbstractQueuedSynchronizer.java:2078)&#10;        at java.util.concurrent.LinkedBlockingQueue.poll(LinkedBlockingQueue.java:467)&#10;        at org.apache.hadoop.ipc.CallQueueManager.take(CallQueueManager.java:317)&#10;        at org.apache.hadoop.ipc.Server$Handler.run(Server.java:2932)&#10;&quot;DeleteBlocksCommandHandlerThread-0&quot; daemon prio=5 tid=8468 timed_waiting&#10;java.lang.Thread.State: TIMED_WAITING&#10;        at sun.misc.Unsafe.park(Native Method)&#10;        at java.util.concurrent.locks.LockSupport.parkNanos(LockSupport.java:215)&#10;        at java.util.concurrent.locks.AbstractQueuedSynchronizer$ConditionObject.awaitNanos(AbstractQueuedSynchronizer.java:2078)&#10;        at java.util.concurrent.LinkedBlockingQueue.poll(LinkedBlockingQueue.java:467)&#10;        at java.util.concurrent.ThreadPoolExecutor.getTask(ThreadPoolExecutor.java:1073)&#10;        at java.util.concurrent.ThreadPoolExecutor.runWorker(ThreadPoolExecutor.java:1134)&#10;        at java.util.concurrent.ThreadPoolExecutor$Worker.run(ThreadPoolExecutor.java:624)&#10;        at java.lang.Thread.run(Thread.java:748)&#10;&quot;pool-465-thread-6&quot;  prio=5 tid=5200 in Object.wait()&#10;java.lang.Thread.State: WAITING (on object monitor)&#10;        at sun.misc.Unsafe.park(Native Method)&#10;        at java.util.concurrent.locks.LockSupport.park(LockSupport.java:175)&#10;        at java.util.concurrent.locks.AbstractQueuedSynchronizer$ConditionObject.await(AbstractQueuedSynchronizer.java:2039)&#10;        at java.util.concurrent.LinkedBlockingQueue.take(LinkedBlockingQueue.java:442)&#10;        at java.util.concurrent.ThreadPoolExecutor.getTask(ThreadPoolExecutor.java:1074)&#10;        at java.util.concurrent.ThreadPoolExecutor.runWorker(ThreadPoolExecutor.java:1134)&#10;        at java.util.concurrent.ThreadPoolExecutor$Worker.run(ThreadPoolExecutor.java:624)&#10;        at java.lang.Thread.run(Thread.java:748)&#10;&quot;FullTableCache Cleanup Thread - 0&quot; daemon prio=5 tid=4228 in Object.wait()&#10;java.lang.Thread.State: WAITING (on object monitor)&#10;        at sun.misc.Unsafe.park(Native Method)&#10;        at java.util.concurrent.locks.LockSupport.park(LockSupport.java:175)&#10;        at java.util.concurrent.locks.AbstractQueuedSynchronizer$ConditionObject.await(AbstractQueuedSynchronizer.java:2039)&#10;        at java.util.concurrent.LinkedBlockingQueue.take(LinkedBlockingQueue.java:442)&#10;        at java.util.concurrent.ThreadPoolExecutor.getTask(ThreadPoolExecutor.java:1074)&#10;        at java.util.concurrent.ThreadPoolExecutor.runWorker(ThreadPoolExecutor.java:1134)&#10;        at java.util.concurrent.ThreadPoolExecutor$Worker.run(ThreadPoolExecutor.java:624)&#10;        at java.lang.Thread.run(Thread.java:748)&#10;&quot;EventQueue-NodeRegistrationContainerReportForDataNodeSafeModeRule&quot; daemon prio=5 tid=5104 in Object.wait()&#10;java.lang.Thread.State: WAITING (on object monitor)&#10;        at sun.misc.Unsafe.park(Native Method)&#10;        at java.util.concurrent.locks.LockSupport.park(LockSupport.java:175)&#10;        at java.util.concurrent.locks.AbstractQueuedSynchronizer$ConditionObject.await(AbstractQueuedSynchronizer.java:2039)&#10;        at java.util.concurrent.LinkedBlockingQueue.take(LinkedBlockingQueue.java:442)&#10;        at java.util.concurrent.ThreadPoolExecutor.getTask(ThreadPoolExecutor.java:1074)&#10;        at java.util.concurrent.ThreadPoolExecutor.runWorker(ThreadPoolExecutor.java:1134)&#10;        at java.util.concurrent.ThreadPoolExecutor$Worker.run(ThreadPoolExecutor.java:624)&#10;        at java.lang.Thread.run(Thread.java:748)&#10;&quot;qtp1696189834-4947&quot; daemon prio=5 tid=4947 timed_waiting&#10;java.lang.Thread.State: TIMED_WAITING&#10;        at sun.misc.Unsafe.park(Native Method)&#10;        at java.util.concurrent.locks.LockSupport.parkNanos(LockSupport.java:215)&#10;        at java.util.concurrent.locks.AbstractQueuedSynchronizer$ConditionObject.awaitNanos(AbstractQueuedSynchronizer.java:2078)&#10;        at org.eclipse.jetty.util.BlockingArrayQueue.poll(BlockingArrayQueue.java:382)&#10;        at org.eclipse.jetty.util.thread.QueuedThreadPool$Runner.idleJobPoll(QueuedThreadPool.java:974)&#10;        at org.eclipse.jetty.util.thread.QueuedThreadPool$Runner.run(QueuedThreadPool.java:1018)&#10;        at java.lang.Thread.run(Thread.java:748)&#10;&quot;IPC Server handler 8 on default port 35463&quot; daemon prio=5 tid=4902 timed_waiting&#10;java.lang.Thread.State: TIMED_WAITING&#10;        at sun.misc.Unsafe.park(Native Method)&#10;        at java.util.concurrent.locks.LockSupport.parkNanos(LockSupport.java:215)&#10;        at java.util.concurrent.locks.AbstractQueuedSynchronizer$ConditionObject.awaitNanos(AbstractQueuedSynchronizer.java:2078)&#10;        at java.util.concurrent.LinkedBlockingQueue.poll(LinkedBlockingQueue.java:467)&#10;        at org.apache.hadoop.ipc.CallQueueManager.take(CallQueueManager.java:317)&#10;        at org.apache.hadoop.ipc.Server$Handler.run(Server.java:2932)&#10;&quot;EndpointStateMachine task thread for /0.0.0.0:35463 - 0 &quot;  prio=5 tid=5080 in Object.wait()&#10;java.lang.Thread.State: WAITING (on object monitor)&#10;        at sun.misc.Unsafe.park(Native Method)&#10;        at java.util.concurrent.locks.LockSupport.park(LockSupport.java:175)&#10;        at java.util.concurrent.locks.AbstractQueuedSynchronizer$ConditionObject.await(AbstractQueuedSynchronizer.java:2039)&#10;        at java.util.concurrent.LinkedBlockingQueue.take(LinkedBlockingQueue.java:442)&#10;        at java.util.concurrent.ThreadPoolExecutor.getTask(ThreadPoolExecutor.java:1074)&#10;        at java.util.concurrent.ThreadPoolExecutor.runWorker(ThreadPoolExecutor.java:1134)&#10;        at java.util.concurrent.ThreadPoolExecutor$Worker.run(ThreadPoolExecutor.java:624)&#10;        at java.lang.Thread.run(Thread.java:748)&#10;&quot;om1@group-C5BA1605619E-SegmentedRaftLogWorker&quot;  prio=5 tid=4935 timed_waiting&#10;java.lang.Thread.State: TIMED_WAITING&#10;        at sun.misc.Unsafe.park(Native Method)&#10;        at java.util.concurrent.locks.LockSupport.parkNanos(LockSupport.java:215)&#10;        at java.util.concurrent.locks.AbstractQueuedSynchronizer$ConditionObject.awaitNanos(AbstractQueuedSynchronizer.java:2078)&#10;        at org.apache.ratis.util.DataBlockingQueue.poll(DataBlockingQueue.java:137)&#10;        at org.apache.ratis.server.raftlog.segmented.SegmentedRaftLogWorker.run(SegmentedRaftLogWorker.java:292)&#10;        at org.apache.ratis.server.raftlog.segmented.SegmentedRaftLogWorker$$Lambda$467/964932874.run(Unknown Source)&#10;        at java.lang.Thread.run(Thread.java:748)&#10;&quot;qtp150540715-5009&quot; daemon prio=5 tid=5009 timed_waiting&#10;java.lang.Thread.State: TIMED_WAITING&#10;        at sun.misc.Unsafe.park(Native Method)&#10;        at java.util.concurrent.locks.LockSupport.parkNanos(LockSupport.java:215)&#10;        at java.util.concurrent.locks.AbstractQueuedSynchronizer$ConditionObject.awaitNanos(AbstractQueuedSynchronizer.java:2078)&#10;        at org.eclipse.jetty.util.BlockingArrayQueue.poll(BlockingArrayQueue.java:382)&#10;        at org.eclipse.jetty.util.thread.QueuedThreadPool$Runner.idleJobPoll(QueuedThreadPool.java:974)&#10;        at org.eclipse.jetty.util.thread.QueuedThreadPool$Runner.run(QueuedThreadPool.java:1018)&#10;        at java.lang.Thread.run(Thread.java:748)&#10;&quot;qtp1834632129-4919&quot; daemon prio=5 tid=4919 timed_waiting&#10;java.lang.Thread.State: TIMED_WAITING&#10;        at sun.misc.Unsafe.park(Native Method)&#10;        at java.util.concurrent.locks.LockSupport.parkNanos(LockSupport.java:215)&#10;        at java.util.concurrent.locks.AbstractQueuedSynchronizer$ConditionObject.awaitNanos(AbstractQueuedSynchronizer.java:2078)&#10;        at org.eclipse.jetty.util.BlockingArrayQueue.poll(BlockingArrayQueue.java:382)&#10;        at org.eclipse.jetty.util.thread.QueuedThreadPool$Runner.idleJobPoll(QueuedThreadPool.java:974)&#10;        at org.eclipse.jetty.util.thread.QueuedThreadPool$Runner.run(QueuedThreadPool.java:1018)&#10;        at java.lang.Thread.run(Thread.java:748)&#10;&quot;Timer for &apos;StorageContainerManager&apos; metrics system&quot; daemon prio=5 tid=4851 timed_waiting&#10;java.lang.Thread.State: TIMED_WAITING&#10;        at java.lang.Object.wait(Native Method)&#10;        at java.util.TimerThread.mainLoop(Timer.java:552)&#10;        at java.util.TimerThread.run(Timer.java:505)&#10;&quot;pool-466-thread-7&quot;  prio=5 tid=5219 in Object.wait()&#10;java.lang.Thread.State: WAITING (on object monitor)&#10;        at sun.misc.Unsafe.park(Native Method)&#10;        at java.util.concurrent.locks.LockSupport.park(LockSupport.java:175)&#10;        at java.util.concurrent.locks.AbstractQueuedSynchronizer$ConditionObject.await(AbstractQueuedSynchronizer.java:2039)&#10;        at java.util.concurrent.LinkedBlockingQueue.take(LinkedBlockingQueue.java:442)&#10;        at java.util.concurrent.ThreadPoolExecutor.getTask(ThreadPoolExecutor.java:1074)&#10;        at java.util.concurrent.ThreadPoolExecutor.runWorker(ThreadPoolExecutor.java:1134)&#10;        at java.util.concurrent.ThreadPoolExecutor$Worker.run(ThreadPoolExecutor.java:624)&#10;        at java.lang.Thread.run(Thread.java:748)&#10;&quot;Datanode ReportManager Thread - 0&quot; daemon prio=5 tid=5042 in Object.wait()&#10;java.lang.Thread.State: WAITING (on object monitor)&#10;        at sun.misc.Unsafe.park(Native Method)&#10;        at java.util.concurrent.locks.LockSupport.park(LockSupport.java:175)&#10;        at java.util.concurrent.locks.AbstractQueuedSynchronizer$ConditionObject.await(AbstractQueuedSynchronizer.java:2039)&#10;        at java.util.concurrent.ScheduledThreadPoolExecutor$DelayedWorkQueue.take(ScheduledThreadPoolExecutor.java:1088)&#10;        at java.util.concurrent.ScheduledThreadPoolExecutor$DelayedWorkQueue.take(ScheduledThreadPoolExecutor.java:809)&#10;        at java.util.concurrent.ThreadPoolExecutor.getTask(ThreadPoolExecutor.java:1074)&#10;        at java.util.concurrent.ThreadPoolExecutor.runWorker(ThreadPoolExecutor.java:1134)&#10;        at java.util.concurrent.ThreadPoolExecutor$Worker.run(ThreadPoolExecutor.java:624)&#10;        at java.lang.Thread.run(Thread.java:748)&#10;&quot;qtp717308094-4984&quot; daemon prio=5 tid=4984 timed_waiting&#10;java.lang.Thread.State: TIMED_WAITING&#10;        at sun.misc.Unsafe.park(Native Method)&#10;        at java.util.concurrent.locks.LockSupport.parkNanos(LockSupport.java:215)&#10;        at java.util.concurrent.locks.AbstractQueuedSynchronizer$ConditionObject.awaitNanos(AbstractQueuedSynchronizer.java:2078)&#10;        at org.eclipse.jetty.util.BlockingArrayQueue.poll(BlockingArrayQueue.java:382)&#10;        at org.eclipse.jetty.util.thread.QueuedThreadPool$Runner.idleJobPoll(QueuedThreadPool.java:974)&#10;        at org.eclipse.jetty.util.thread.QueuedThreadPool$Runner.run(QueuedThreadPool.java:1018)&#10;        at java.lang.Thread.run(Thread.java:748)&#10;&quot;IPC Server handler 5 on default port 37371&quot; daemon prio=5 tid=4859 timed_waiting&#10;java.lang.Thread.State: TIMED_WAITING&#10;        at sun.misc.Unsafe.park(Native Method)&#10;        at java.util.concurrent.locks.LockSupport.parkNanos(LockSupport.java:215)&#10;        at java.util.concurrent.locks.AbstractQueuedSynchronizer$ConditionObject.awaitNanos(AbstractQueuedSynchronizer.java:2078)&#10;        at java.util.concurrent.LinkedBlockingQueue.poll(LinkedBlockingQueue.java:467)&#10;        at org.apache.hadoop.ipc.CallQueueManager.take(CallQueueManager.java:317)&#10;        at org.apache.hadoop.ipc.Server$Handler.run(Server.java:2932)&#10;&quot;pool-466-thread-5&quot;  prio=5 tid=5205 in Object.wait()&#10;java.lang.Thread.State: WAITING (on object monitor)&#10;        at sun.misc.Unsafe.park(Native Method)&#10;        at java.util.concurrent.locks.LockSupport.park(LockSupport.java:175)&#10;        at java.util.concurrent.locks.AbstractQueuedSynchronizer$ConditionObject.await(AbstractQueuedSynchronizer.java:2039)&#10;        at java.util.concurrent.LinkedBlockingQueue.take(LinkedBlockingQueue.java:442)&#10;        at java.util.concurrent.ThreadPoolExecutor.getTask(ThreadPoolExecutor.java:1074)&#10;        at java.util.concurrent.ThreadPoolExecutor.runWorker(ThreadPoolExecutor.java:1134)&#10;        at java.util.concurrent.ThreadPoolExecutor$Worker.run(ThreadPoolExecutor.java:624)&#10;        at java.lang.Thread.run(Thread.java:748)&#10;&quot;qtp717308094-4982&quot; daemon prio=5 tid=4982 timed_waiting&#10;java.lang.Thread.State: TIMED_WAITING&#10;        at sun.misc.Unsafe.park(Native Method)&#10;        at java.util.concurrent.locks.LockSupport.parkNanos(LockSupport.java:215)&#10;        at java.util.concurrent.locks.AbstractQueuedSynchronizer$ConditionObject.awaitNanos(AbstractQueuedSynchronizer.java:2078)&#10;        at org.eclipse.jetty.util.BlockingArrayQueue.poll(BlockingArrayQueue.java:382)&#10;        at org.eclipse.jetty.util.thread.QueuedThreadPool$Runner.idleJobPoll(QueuedThreadPool.java:974)&#10;        at org.eclipse.jetty.util.thread.QueuedThreadPool$Runner.run(QueuedThreadPool.java:1018)&#10;        at java.lang.Thread.run(Thread.java:748)&#10;&quot;qtp1696189834-4950&quot; daemon prio=5 tid=4950 timed_waiting&#10;java.lang.Thread.State: TIMED_WAITING&#10;        at sun.misc.Unsafe.park(Native Method)&#10;        at java.util.concurrent.locks.LockSupport.parkNanos(LockSupport.java:215)&#10;        at java.util.concurrent.locks.AbstractQueuedSynchronizer$ConditionObject.awaitNanos(AbstractQueuedSynchronizer.java:2078)&#10;        at org.eclipse.jetty.util.BlockingArrayQueue.poll(BlockingArrayQueue.java:382)&#10;        at org.eclipse.jetty.util.thread.QueuedThreadPool$Runner.idleJobPoll(QueuedThreadPool.java:974)&#10;        at org.eclipse.jetty.util.thread.QueuedThreadPool$Runner.run(QueuedThreadPool.java:1018)&#10;        at java.lang.Thread.run(Thread.java:748)&#10;&quot;Socket Reader #1 for port 0&quot;  prio=5 tid=4932 runnable&#10;java.lang.Thread.State: RUNNABLE&#10;        at sun.nio.ch.EPollArrayWrapper.epollWait(Native Method)&#10;        at sun.nio.ch.EPollArrayWrapper.poll(EPollArrayWrapper.java:269)&#10;        at sun.nio.ch.EPollSelectorImpl.doSelect(EPollSelectorImpl.java:93)&#10;        at sun.nio.ch.SelectorImpl.lockAndDoSelect(SelectorImpl.java:86)&#10;        at sun.nio.ch.SelectorImpl.select(SelectorImpl.java:97)&#10;        at sun.nio.ch.SelectorImpl.select(SelectorImpl.java:101)&#10;        at org.apache.hadoop.ipc.Server$Listener$Reader.doRunLoop(Server.java:1288)&#10;        at org.apache.hadoop.ipc.Server$Listener$Reader.run(Server.java:1267)&#10;&quot;qtp150540715-5006-acceptor-0@79a9e09b-ServerConnector@22d0b2d0{HTTP/1.1, (http/1.1)}{0.0.0.0:46789}&quot; daemon prio=3 tid=5006 runnable&#10;java.lang.Thread.State: RUNNABLE&#10;        at sun.nio.ch.ServerSocketChannelImpl.accept0(Native Method)&#10;        at sun.nio.ch.ServerSocketChannelImpl.accept(ServerSocketChannelImpl.java:421)&#10;        at sun.nio.ch.ServerSocketChannelImpl.accept(ServerSocketChannelImpl.java:249)&#10;        at org.eclipse.jetty.server.ServerConnector.accept(ServerConnector.java:388)&#10;        at org.eclipse.jetty.server.AbstractConnector$Acceptor.run(AbstractConnector.java:702)&#10;        at org.eclipse.jetty.util.thread.QueuedThreadPool.runJob(QueuedThreadPool.java:883)&#10;        at org.eclipse.jetty.util.thread.QueuedThreadPool$Runner.run(QueuedThreadPool.java:1034)&#10;        at java.lang.Thread.run(Thread.java:748)&#10;&quot;ChunkWriter-3-0&quot; daemon prio=5 tid=5056 in Object.wait()&#10;java.lang.Thread.State: WAITING (on object monitor)&#10;        at sun.misc.Unsafe.park(Native Method)&#10;        at java.util.concurrent.locks.LockSupport.park(LockSupport.java:175)&#10;        at java.util.concurrent.locks.AbstractQueuedSynchronizer$ConditionObject.await(AbstractQueuedSynchronizer.java:2039)&#10;        at java.util.concurrent.LinkedBlockingDeque.takeFirst(LinkedBlockingDeque.java:492)&#10;        at java.util.concurrent.LinkedBlockingDeque.take(LinkedBlockingDeque.java:680)&#10;        at java.util.concurrent.ThreadPoolExecutor.getTask(ThreadPoolExecutor.java:1074)&#10;        at java.util.concurrent.ThreadPoolExecutor.runWorker(ThreadPoolExecutor.java:1134)&#10;        at java.util.concurrent.ThreadPoolExecutor$Worker.run(ThreadPoolExecutor.java:624)&#10;        at java.lang.Thread.run(Thread.java:748)&#10;&quot;qtp150540715-5008&quot; daemon prio=5 tid=5008 timed_waiting&#10;java.lang.Thread.State: TIMED_WAITING&#10;        at sun.misc.Unsafe.park(Native Method)&#10;        at java.util.concurrent.locks.LockSupport.parkNanos(LockSupport.java:215)&#10;        at java.util.concurrent.locks.AbstractQueuedSynchronizer$ConditionObject.awaitNanos(AbstractQueuedSynchronizer.java:2078)&#10;        at org.eclipse.jetty.util.BlockingArrayQueue.poll(BlockingArrayQueue.java:382)&#10;        at org.eclipse.jetty.util.thread.QueuedThreadPool$Runner.idleJobPoll(QueuedThreadPool.java:974)&#10;        at org.eclipse.jetty.util.thread.QueuedThreadPool$Runner.run(QueuedThreadPool.java:1018)&#10;        at java.lang.Thread.run(Thread.java:748)&#10;&quot;qtp150540715-5011&quot; daemon prio=5 tid=5011 timed_waiting&#10;java.lang.Thread.State: TIMED_WAITING&#10;        at sun.misc.Unsafe.park(Native Method)&#10;        at java.util.concurrent.locks.LockSupport.parkNanos(LockSupport.java:215)&#10;        at java.util.concurrent.locks.AbstractQueuedSynchronizer$ConditionObject.awaitNanos(AbstractQueuedSynchronizer.java:2078)&#10;        at org.eclipse.jetty.util.BlockingArrayQueue.poll(BlockingArrayQueue.java:382)&#10;        at org.eclipse.jetty.util.thread.QueuedThreadPool$Runner.idleJobPoll(QueuedThreadPool.java:974)&#10;        at org.eclipse.jetty.util.thread.QueuedThreadPool$Runner.run(QueuedThreadPool.java:1018)&#10;        at java.lang.Thread.run(Thread.java:748)&#10;&quot;org.apache.hadoop.util.JvmPauseMonitor$Monitor@52e2ea7a&quot; daemon prio=5 tid=4915 timed_waiting&#10;java.lang.Thread.State: TIMED_WAITING&#10;        at java.lang.Thread.sleep(Native Method)&#10;        at org.apache.hadoop.util.JvmPauseMonitor$Monitor.run(JvmPauseMonitor.java:192)&#10;        at java.lang.Thread.run(Thread.java:748)&#10;&quot;IPC Server handler 1 on default port 37371&quot; daemon prio=5 tid=4855 timed_waiting&#10;java.lang.Thread.State: TIMED_WAITING&#10;        at sun.misc.Unsafe.park(Native Method)&#10;        at java.util.concurrent.locks.LockSupport.parkNanos(LockSupport.java:215)&#10;        at java.util.concurrent.locks.AbstractQueuedSynchronizer$ConditionObject.awaitNanos(AbstractQueuedSynchronizer.java:2078)&#10;        at java.util.concurrent.LinkedBlockingQueue.poll(LinkedBlockingQueue.java:467)&#10;        at org.apache.hadoop.ipc.CallQueueManager.take(CallQueueManager.java:317)&#10;        at org.apache.hadoop.ipc.Server$Handler.run(Server.java:2932)&#10;&quot;pool-466-thread-2&quot;  prio=5 tid=5180 in Object.wait()&#10;java.lang.Thread.State: WAITING (on object monitor)&#10;        at sun.misc.Unsafe.park(Native Method)&#10;        at java.util.concurrent.locks.LockSupport.park(LockSupport.java:175)&#10;        at java.util.concurrent.locks.AbstractQueuedSynchronizer$ConditionObject.await(AbstractQueuedSynchronizer.java:2039)&#10;        at java.util.concurrent.LinkedBlockingQueue.take(LinkedBlockingQueue.java:442)&#10;        at java.util.concurrent.ThreadPoolExecutor.getTask(ThreadPoolExecutor.java:1074)&#10;        at java.util.concurrent.ThreadPoolExecutor.runWorker(ThreadPoolExecutor.java:1134)&#10;        at java.util.concurrent.ThreadPoolExecutor$Worker.run(ThreadPoolExecutor.java:624)&#10;        at java.lang.Thread.run(Thread.java:748)&#10;&quot;IPC Server handler 14 on default port 43569&quot; daemon prio=5 tid=4966 timed_waiting&#10;java.lang.Thread.State: TIMED_WAITING&#10;        at sun.misc.Unsafe.park(Native Method)&#10;        at java.util.concurrent.locks.LockSupport.parkNanos(LockSupport.java:215)&#10;        at java.util.concurrent.locks.AbstractQueuedSynchronizer$ConditionObject.awaitNanos(AbstractQueuedSynchronizer.java:2078)&#10;        at java.util.concurrent.LinkedBlockingQueue.poll(LinkedBlockingQueue.java:467)&#10;        at org.apache.hadoop.ipc.CallQueueManager.take(CallQueueManager.java:317)&#10;        at org.apache.hadoop.ipc.Server$Handler.run(Server.java:2932)&#10;&quot;IPC Server handler 1 on default port 43167&quot; daemon prio=5 tid=4875 timed_waiting&#10;java.lang.Thread.State: TIMED_WAITING&#10;        at sun.misc.Unsafe.park(Native Method)&#10;        at java.util.concurrent.locks.LockSupport.parkNanos(LockSupport.java:215)&#10;        at java.util.concurrent.locks.AbstractQueuedSynchronizer$ConditionObject.awaitNanos(AbstractQueuedSynchronizer.java:2078)&#10;        at java.util.concurrent.LinkedBlockingQueue.poll(LinkedBlockingQueue.java:467)&#10;        at org.apache.hadoop.ipc.CallQueueManager.take(CallQueueManager.java:317)&#10;        at org.apache.hadoop.ipc.Server$Handler.run(Server.java:2932)&#10;&quot;pool-466-thread-8&quot;  prio=5 tid=5222 in Object.wait()&#10;java.lang.Thread.State: WAITING (on object monitor)&#10;        at sun.misc.Unsafe.park(Native Method)&#10;        at java.util.concurrent.locks.LockSupport.park(LockSupport.java:175)&#10;        at java.util.concurrent.locks.AbstractQueuedSynchronizer$ConditionObject.await(AbstractQueuedSynchronizer.java:2039)&#10;        at java.util.concurrent.LinkedBlockingQueue.take(LinkedBlockingQueue.java:442)&#10;        at java.util.concurrent.ThreadPoolExecutor.getTask(ThreadPoolExecutor.java:1074)&#10;        at java.util.concurrent.ThreadPoolExecutor.runWorker(ThreadPoolExecutor.java:1134)&#10;        at java.util.concurrent.ThreadPoolExecutor$Worker.run(ThreadPoolExecutor.java:624)&#10;        at java.lang.Thread.run(Thread.java:748)&#10;&quot;Datanode ReportManager Thread - 1&quot; daemon prio=5 tid=5043 in Object.wait()&#10;java.lang.Thread.State: WAITING (on object monitor)&#10;        at sun.misc.Unsafe.park(Native Method)&#10;        at java.util.concurrent.locks.LockSupport.park(LockSupport.java:175)&#10;        at java.util.concurrent.locks.AbstractQueuedSynchronizer$ConditionObject.await(AbstractQueuedSynchronizer.java:2039)&#10;        at java.util.concurrent.ScheduledThreadPoolExecutor$DelayedWorkQueue.take(ScheduledThreadPoolExecutor.java:1088)&#10;        at java.util.concurrent.ScheduledThreadPoolExecutor$DelayedWorkQueue.take(ScheduledThreadPoolExecutor.java:809)&#10;        at java.util.concurrent.ThreadPoolExecutor.getTask(ThreadPoolExecutor.java:1074)&#10;        at java.util.concurrent.ThreadPoolExecutor.runWorker(ThreadPoolExecutor.java:1134)&#10;        at java.util.concurrent.ThreadPoolExecutor$Worker.run(ThreadPoolExecutor.java:624)&#10;        at java.lang.Thread.run(Thread.java:748)&#10;&quot;IPC Server handler 17 on default port 35463&quot; daemon prio=5 tid=4911 timed_waiting&#10;java.lang.Thread.State: TIMED_WAITING&#10;        at sun.misc.Unsafe.park(Native Method)&#10;        at java.util.concurrent.locks.LockSupport.parkNanos(LockSupport.java:215)&#10;        at java.util.concurrent.locks.AbstractQueuedSynchronizer$ConditionObject.awaitNanos(AbstractQueuedSynchronizer.java:2078)&#10;        at java.util.concurrent.LinkedBlockingQueue.poll(LinkedBlockingQueue.java:467)&#10;        at org.apache.hadoop.ipc.CallQueueManager.take(CallQueueManager.java:317)&#10;        at org.apache.hadoop.ipc.Server$Handler.run(Server.java:2932)&#10;&quot;Socket Reader #1 for port 0&quot;  prio=5 tid=4848 runnable&#10;java.lang.Thread.State: RUNNABLE&#10;        at sun.nio.ch.EPollArrayWrapper.epollWait(Native Method)&#10;        at sun.nio.ch.EPollArrayWrapper.poll(EPollArrayWrapper.java:269)&#10;        at sun.nio.ch.EPollSelectorImpl.doSelect(EPollSelectorImpl.java:93)&#10;        at sun.nio.ch.SelectorImpl.lockAndDoSelect(SelectorImpl.java:86)&#10;        at sun.nio.ch.SelectorImpl.select(SelectorImpl.java:97)&#10;        at sun.nio.ch.SelectorImpl.select(SelectorImpl.java:101)&#10;        at org.apache.hadoop.ipc.Server$Listener$Reader.doRunLoop(Server.java:1288)&#10;        at org.apache.hadoop.ipc.Server$Listener$Reader.run(Server.java:1267)&#10;&quot;Command processor thread&quot; daemon prio=5 tid=4995 timed_waiting&#10;java.lang.Thread.State: TIMED_WAITING&#10;        at java.lang.Thread.sleep(Native Method)&#10;        at org.apache.hadoop.ozone.container.common.statemachine.DatanodeStateMachine.lambda$initCommandHandlerThread$2(DatanodeStateMachine.java:563)&#10;        at org.apache.hadoop.ozone.container.common.statemachine.DatanodeStateMachine$$Lambda$571/1478083939.run(Unknown Source)&#10;        at java.lang.Thread.run(Thread.java:748)&#10;&quot;ChunkWriter-0-0&quot; daemon prio=5 tid=5082 in Object.wait()&#10;java.lang.Thread.State: WAITING (on object monitor)&#10;        at sun.misc.Unsafe.park(Native Method)&#10;        at java.util.concurrent.locks.LockSupport.park(LockSupport.java:175)&#10;        at java.util.concurrent.locks.AbstractQueuedSynchronizer$ConditionObject.await(AbstractQueuedSynchronizer.java:2039)&#10;        at java.util.concurrent.LinkedBlockingDeque.takeFirst(LinkedBlockingDeque.java:492)&#10;        at java.util.concurrent.LinkedBlockingDeque.take(LinkedBlockingDeque.java:680)&#10;        at java.util.concurrent.ThreadPoolExecutor.getTask(ThreadPoolExecutor.java:1074)&#10;        at java.util.concurrent.ThreadPoolExecutor.runWorker(ThreadPoolExecutor.java:1134)&#10;        at java.util.concurrent.ThreadPoolExecutor$Worker.run(ThreadPoolExecutor.java:624)&#10;        at java.lang.Thread.run(Thread.java:748)&#10;&quot;Reference Handler&quot; daemon prio=10 tid=2 in Object.wait()&#10;java.lang.Thread.State: WAITING (on object monitor)&#10;        at java.lang.Object.wait(Native Method)&#10;        at java.lang.Object.wait(Object.java:502)&#10;        at java.lang.ref.Reference.tryHandlePending(Reference.java:191)&#10;        at java.lang.ref.Reference$ReferenceHandler.run(Reference.java:153)&#10;&quot;grpc-default-executor-7&quot; daemon prio=5 tid=5294 timed_waiting&#10;java.lang.Thread.State: TIMED_WAITING&#10;        at sun.misc.Unsafe.park(Native Method)&#10;        at java.util.concurrent.locks.LockSupport.parkNanos(LockSupport.java:215)&#10;        at java.util.concurrent.SynchronousQueue$TransferStack.awaitFulfill(SynchronousQueue.java:460)&#10;        at java.util.concurrent.SynchronousQueue$TransferStack.transfer(SynchronousQueue.java:362)&#10;        at java.util.concurrent.SynchronousQueue.poll(SynchronousQueue.java:941)&#10;        at java.util.concurrent.ThreadPoolExecutor.getTask(ThreadPoolExecutor.java:1073)&#10;        at java.util.concurrent.ThreadPoolExecutor.runWorker(ThreadPoolExecutor.java:1134)&#10;        at java.util.concurrent.ThreadPoolExecutor$Worker.run(ThreadPoolExecutor.java:624)&#10;        at java.lang.Thread.run(Thread.java:748)&#10;&quot;FullTableCache Cleanup Thread - 0&quot; daemon prio=5 tid=5152 in Object.wait()&#10;java.lang.Thread.State: WAITING (on object monitor)&#10;        at sun.misc.Unsafe.park(Native Method)&#10;        at java.util.concurrent.locks.LockSupport.park(LockSupport.java:175)&#10;        at java.util.concurrent.locks.AbstractQueuedSynchronizer$ConditionObject.await(AbstractQueuedSynchronizer.java:2039)&#10;        at java.util.concurrent.LinkedBlockingQueue.take(LinkedBlockingQueue.java:442)&#10;        at java.util.concurrent.ThreadPoolExecutor.getTask(ThreadPoolExecutor.java:1074)&#10;        at java.util.concurrent.ThreadPoolExecutor.runWorker(ThreadPoolExecutor.java:1134)&#10;        at java.util.concurrent.ThreadPoolExecutor$Worker.run(ThreadPoolExecutor.java:624)&#10;        at java.lang.Thread.run(Thread.java:748)&#10;&quot;ChunkWriter-2-0&quot; daemon prio=5 tid=5084 in Object.wait()&#10;java.lang.Thread.State: WAITING (on object monitor)&#10;        at sun.misc.Unsafe.park(Native Method)&#10;        at java.util.concurrent.locks.LockSupport.park(LockSupport.java:175)&#10;        at java.util.concurrent.locks.AbstractQueuedSynchronizer$ConditionObject.await(AbstractQueuedSynchronizer.java:2039)&#10;        at java.util.concurrent.LinkedBlockingDeque.takeFirst(LinkedBlockingDeque.java:492)&#10;        at java.util.concurrent.LinkedBlockingDeque.take(LinkedBlockingDeque.java:680)&#10;        at java.util.concurrent.ThreadPoolExecutor.getTask(ThreadPoolExecutor.java:1074)&#10;        at java.util.concurrent.ThreadPoolExecutor.runWorker(ThreadPoolExecutor.java:1134)&#10;        at java.util.concurrent.ThreadPoolExecutor$Worker.run(ThreadPoolExecutor.java:624)&#10;        at java.lang.Thread.run(Thread.java:748)&#10;&quot;IPC Server handler 16 on default port 43569&quot; daemon prio=5 tid=4968 timed_waiting&#10;java.lang.Thread.State: TIMED_WAITING&#10;        at sun.misc.Unsafe.park(Native Method)&#10;        at java.util.concurrent.locks.LockSupport.parkNanos(LockSupport.java:215)&#10;        at java.util.concurrent.locks.AbstractQueuedSynchronizer$ConditionObject.awaitNanos(AbstractQueuedSynchronizer.java:2078)&#10;        at java.util.concurrent.LinkedBlockingQueue.poll(LinkedBlockingQueue.java:467)&#10;        at org.apache.hadoop.ipc.CallQueueManager.take(CallQueueManager.java:317)&#10;        at org.apache.hadoop.ipc.Server$Handler.run(Server.java:2932)&#10;&quot;IPC Server handler 12 on default port 37371&quot; daemon prio=5 tid=4866 timed_waiting&#10;java.lang.Thread.State: TIMED_WAITING&#10;        at sun.misc.Unsafe.park(Native Method)&#10;        at java.util.concurrent.locks.LockSupport.parkNanos(LockSupport.java:215)&#10;        at java.util.concurrent.locks.AbstractQueuedSynchronizer$ConditionObject.awaitNanos(AbstractQueuedSynchronizer.java:2078)&#10;        at java.util.concurrent.LinkedBlockingQueue.poll(LinkedBlockingQueue.java:467)&#10;        at org.apache.hadoop.ipc.CallQueueManager.take(CallQueueManager.java:317)&#10;        at org.apache.hadoop.ipc.Server$Handler.run(Server.java:2932)&#10;&quot;qtp652278729-5032&quot; daemon prio=5 tid=5032 runnable&#10;java.lang.Thread.State: RUNNABLE&#10;        at sun.nio.ch.EPollArrayWrapper.epollWait(Native Method)&#10;        at sun.nio.ch.EPollArrayWrapper.poll(EPollArrayWrapper.java:269)&#10;        at sun.nio.ch.EPollSelectorImpl.doSelect(EPollSelectorImpl.java:93)&#10;        at sun.nio.ch.SelectorImpl.lockAndDoSelect(SelectorImpl.java:86)&#10;        at sun.nio.ch.SelectorImpl.select(SelectorImpl.java:97)&#10;        at sun.nio.ch.SelectorImpl.select(SelectorImpl.java:101)&#10;        at org.eclipse.jetty.io.ManagedSelector.nioSelect(ManagedSelector.java:183)&#10;        at org.eclipse.jetty.io.ManagedSelector.select(ManagedSelector.java:190)&#10;        at org.eclipse.jetty.io.ManagedSelector$SelectorProducer.select(ManagedSelector.java:606)&#10;        at org.eclipse.jetty.io.ManagedSelector$SelectorProducer.produce(ManagedSelector.java:543)&#10;        at org.eclipse.jetty.util.thread.strategy.EatWhatYouKill.produceTask(EatWhatYouKill.java:362)&#10;        at org.eclipse.jetty.util.thread.strategy.EatWhatYouKill.doProduce(EatWhatYouKill.java:186)&#10;        at org.eclipse.jetty.util.thread.strategy.EatWhatYouKill.tryProduce(EatWhatYouKill.java:173)&#10;        at org.eclipse.jetty.util.thread.strategy.EatWhatYouKill.produce(EatWhatYouKill.java:137)&#10;        at org.eclipse.jetty.io.ManagedSelector$$Lambda$309/1426420939.run(Unknown Source)&#10;        at org.eclipse.jetty.util.thread.QueuedThreadPool.runJob(QueuedThreadPool.java:883)&#10;        at org.eclipse.jetty.util.thread.QueuedThreadPool$Runner.run(QueuedThreadPool.java:1034)&#10;        at java.lang.Thread.run(Thread.java:748)&#10;&quot;qtp1834632129-4918-acceptor-0@6ff699e8-ServerConnector@77530cf7{HTTP/1.1, (http/1.1)}{0.0.0.0:38235}&quot; daemon prio=3 tid=4918 runnable&#10;java.lang.Thread.State: RUNNABLE&#10;        at sun.nio.ch.ServerSocketChannelImpl.accept0(Native Method)&#10;        at sun.nio.ch.ServerSocketChannelImpl.accept(ServerSocketChannelImpl.java:421)&#10;        at sun.nio.ch.ServerSocketChannelImpl.accept(ServerSocketChannelImpl.java:249)&#10;        at org.eclipse.jetty.server.ServerConnector.accept(ServerConnector.java:388)&#10;        at org.eclipse.jetty.server.AbstractConnector$Acceptor.run(AbstractConnector.java:702)&#10;        at org.eclipse.jetty.util.thread.QueuedThreadPool.runJob(QueuedThreadPool.java:883)&#10;        at org.eclipse.jetty.util.thread.QueuedThreadPool$Runner.run(QueuedThreadPool.java:1034)&#10;        at java.lang.Thread.run(Thread.java:748)&#10;&quot;Datanode State Machine Task Thread - 1&quot;  prio=5 tid=5063 in Object.wait()&#10;java.lang.Thread.State: WAITING (on object monitor)&#10;        at sun.misc.Unsafe.park(Native Method)&#10;        at java.util.concurrent.locks.LockSupport.park(LockSupport.java:175)&#10;        at java.util.concurrent.locks.AbstractQueuedSynchronizer$ConditionObject.await(AbstractQueuedSynchronizer.java:2039)&#10;        at java.util.concurrent.LinkedBlockingQueue.take(LinkedBlockingQueue.java:442)&#10;        at java.util.concurrent.ThreadPoolExecutor.getTask(ThreadPoolExecutor.java:1074)&#10;        at java.util.concurrent.ThreadPoolExecutor.runWorker(ThreadPoolExecutor.java:1134)&#10;        at java.util.concurrent.ThreadPoolExecutor$Worker.run(ThreadPoolExecutor.java:624)&#10;        at java.lang.Thread.run(Thread.java:748)&#10;&quot;pool-450-thread-1&quot; daemon prio=5 tid=5026 timed_waiting&#10;java.lang.Thread.State: TIMED_WAITING&#10;        at sun.misc.Unsafe.park(Native Method)&#10;        at java.util.concurrent.locks.LockSupport.parkNanos(LockSupport.java:215)&#10;        at java.util.concurrent.locks.AbstractQueuedSynchronizer$ConditionObject.awaitNanos(AbstractQueuedSynchronizer.java:2078)&#10;        at java.util.concurrent.ScheduledThreadPoolExecutor$DelayedWorkQueue.take(ScheduledThreadPoolExecutor.java:1093)&#10;        at java.util.concurrent.ScheduledThreadPoolExecutor$DelayedWorkQueue.take(ScheduledThreadPoolExecutor.java:809)&#10;        at java.util.concurrent.ThreadPoolExecutor.getTask(ThreadPoolExecutor.java:1074)&#10;        at java.util.concurrent.ThreadPoolExecutor.runWorker(ThreadPoolExecutor.java:1134)&#10;        at java.util.concurrent.ThreadPoolExecutor$Worker.run(ThreadPoolExecutor.java:624)&#10;        at java.lang.Thread.run(Thread.java:748)&#10;&quot;IPC Server handler 13 on default port 43167&quot; daemon prio=5 tid=4887 timed_waiting&#10;java.lang.Thread.State: TIMED_WAITING&#10;        at sun.misc.Unsafe.park(Native Method)&#10;        at java.util.concurrent.locks.LockSupport.parkNanos(LockSupport.java:215)&#10;        at java.util.concurrent.locks.AbstractQueuedSynchronizer$ConditionObject.awaitNanos(AbstractQueuedSynchronizer.java:2078)&#10;        at java.util.concurrent.LinkedBlockingQueue.poll(LinkedBlockingQueue.java:467)&#10;        at org.apache.hadoop.ipc.CallQueueManager.take(CallQueueManager.java:317)&#10;        at org.apache.hadoop.ipc.Server$Handler.run(Server.java:2932)&#10;&quot;BlockDeletingService#1&quot; daemon prio=5 tid=5072 in Object.wait()&#10;java.lang.Thread.State: WAITING (on object monitor)&#10;        at sun.misc.Unsafe.park(Native Method)&#10;        at java.util.concurrent.locks.LockSupport.park(LockSupport.java:175)&#10;        at java.util.concurrent.locks.AbstractQueuedSynchronizer$ConditionObject.await(AbstractQueuedSynchronizer.java:2039)&#10;        at java.util.concurrent.ScheduledThreadPoolExecutor$DelayedWorkQueue.take(ScheduledThreadPoolExecutor.java:1088)&#10;        at java.util.concurrent.ScheduledThreadPoolExecutor$DelayedWorkQueue.take(ScheduledThreadPoolExecutor.java:809)&#10;        at java.util.concurrent.ThreadPoolExecutor.getTask(ThreadPoolExecutor.java:1074)&#10;        at java.util.concurrent.ThreadPoolExecutor.runWorker(ThreadPoolExecutor.java:1134)&#10;        at java.util.concurrent.ThreadPoolExecutor$Worker.run(ThreadPoolExecutor.java:624)&#10;        at java.lang.Thread.run(Thread.java:748)&#10;&quot;OMDoubleBufferFlushThread&quot; daemon prio=5 tid=4929 timed_waiting&#10;java.lang.Thread.State: TIMED_WAITING&#10;        at java.lang.Object.wait(Native Method)&#10;        at org.apache.hadoop.ozone.om.ratis.OzoneManagerDoubleBuffer.canFlush(OzoneManagerDoubleBuffer.java:509)&#10;        at org.apache.hadoop.ozone.om.ratis.OzoneManagerDoubleBuffer.flushTransactions(OzoneManagerDoubleBuffer.java:241)&#10;        at org.apache.hadoop.ozone.om.ratis.OzoneManagerDoubleBuffer$$Lambda$365/316752188.run(Unknown Source)&#10;        at java.lang.Thread.run(Thread.java:748)&#10;&quot;Timer-2&quot;  prio=5 tid=4940 timed_waiting&#10;java.lang.Thread.State: TIMED_WAITING&#10;        at java.lang.Object.wait(Native Method)&#10;        at java.util.TimerThread.mainLoop(Timer.java:552)&#10;        at java.util.TimerThread.run(Timer.java:505)&#10;&quot;b13dbf35-3f05-4a51-87e4-7670ffffb89b@group-B7C6AD568D3C-StateMachineUpdater&quot; daemon prio=5 tid=5130 in Object.wait()&#10;java.lang.Thread.State: WAITING (on object monitor)&#10;        at java.lang.Object.wait(Native Method)&#10;        at java.lang.Object.wait(Object.java:502)&#10;        at org.apache.ratis.server.impl.StateMachineUpdater.waitForCommit(StateMachineUpdater.java:204)&#10;        at org.apache.ratis.server.impl.StateMachineUpdater.run(StateMachineUpdater.java:173)&#10;        at java.lang.Thread.run(Thread.java:748)&#10;&quot;ad4991cb-97ce-4dd6-b117-42e7f6b0816f@group-B7C6AD568D3C-SegmentedRaftLogWorker&quot;  prio=5 tid=5119 timed_waiting&#10;java.lang.Thread.State: TIMED_WAITING&#10;        at sun.misc.Unsafe.park(Native Method)&#10;        at java.util.concurrent.locks.LockSupport.parkNanos(LockSupport.java:215)&#10;        at java.util.concurrent.locks.AbstractQueuedSynchronizer$ConditionObject.awaitNanos(AbstractQueuedSynchronizer.java:2078)&#10;        at org.apache.ratis.util.DataBlockingQueue.poll(DataBlockingQueue.java:137)&#10;        at org.apache.ratis.server.raftlog.segmented.SegmentedRaftLogWorker.run(SegmentedRaftLogWorker.java:292)&#10;        at org.apache.ratis.server.raftlog.segmented.SegmentedRaftLogWorker$$Lambda$467/964932874.run(Unknown Source)&#10;        at java.lang.Thread.run(Thread.java:748)&#10;&quot;DatanodeAdminManager-0&quot; daemon prio=5 tid=4838 timed_waiting&#10;java.lang.Thread.State: TIMED_WAITING&#10;        at sun.misc.Unsafe.park(Native Method)&#10;        at java.util.concurrent.locks.LockSupport.parkNanos(LockSupport.java:215)&#10;        at java.util.concurrent.locks.AbstractQueuedSynchronizer$ConditionObject.awaitNanos(AbstractQueuedSynchronizer.java:2078)&#10;        at java.util.concurrent.ScheduledThreadPoolExecutor$DelayedWorkQueue.take(ScheduledThreadPoolExecutor.java:1093)&#10;        at java.util.concurrent.ScheduledThreadPoolExecutor$DelayedWorkQueue.take(ScheduledThreadPoolExecutor.java:809)&#10;        at java.util.concurrent.ThreadPoolExecutor.getTask(ThreadPoolExecutor.java:1074)&#10;        at java.util.concurrent.ThreadPoolExecutor.runWorker(ThreadPoolExecutor.java:1134)&#10;        at java.util.concurrent.ThreadPoolExecutor$Worker.run(ThreadPoolExecutor.java:624)&#10;        at java.lang.Thread.run(Thread.java:748)&#10;&quot;pool-466-thread-4&quot;  prio=5 tid=5189 in Object.wait()&#10;java.lang.Thread.State: WAITING (on object monitor)&#10;        at sun.misc.Unsafe.park(Native Method)&#10;        at java.util.concurrent.locks.LockSupport.park(LockSupport.java:175)&#10;        at java.util.concurrent.locks.AbstractQueuedSynchronizer$ConditionObject.await(AbstractQueuedSynchronizer.java:2039)&#10;        at java.util.concurrent.LinkedBlockingQueue.take(LinkedBlockingQueue.java:442)&#10;        at java.util.concurrent.ThreadPoolExecutor.getTask(ThreadPoolExecutor.java:1074)&#10;        at java.util.concurrent.ThreadPoolExecutor.runWorker(ThreadPoolExecutor.java:1134)&#10;        at java.util.concurrent.ThreadPoolExecutor$Worker.run(ThreadPoolExecutor.java:624)&#10;        at java.lang.Thread.run(Thread.java:748)&#10;&quot;BlockDeletingService#2&quot; daemon prio=5 tid=5060 in Object.wait()&#10;java.lang.Thread.State: WAITING (on object monitor)&#10;        at sun.misc.Unsafe.park(Native Method)&#10;        at java.util.concurrent.locks.LockSupport.park(LockSupport.java:175)&#10;        at java.util.concurrent.locks.AbstractQueuedSynchronizer$ConditionObject.await(AbstractQueuedSynchronizer.java:2039)&#10;        at java.util.concurrent.ScheduledThreadPoolExecutor$DelayedWorkQueue.take(ScheduledThreadPoolExecutor.java:1088)&#10;        at java.util.concurrent.ScheduledThreadPoolExecutor$DelayedWorkQueue.take(ScheduledThreadPoolExecutor.java:809)&#10;        at java.util.concurrent.ThreadPoolExecutor.getTask(ThreadPoolExecutor.java:1074)&#10;        at java.util.concurrent.ThreadPoolExecutor.runWorker(ThreadPoolExecutor.java:1134)&#10;        at java.util.concurrent.ThreadPoolExecutor$Worker.run(ThreadPoolExecutor.java:624)&#10;        at java.lang.Thread.run(Thread.java:748)&#10;&quot;grpc-shared-destroyer-0&quot; daemon prio=5 tid=3891 in Object.wait()&#10;java.lang.Thread.State: WAITING (on object monitor)&#10;        at sun.misc.Unsafe.park(Native Method)&#10;        at java.util.concurrent.locks.LockSupport.park(LockSupport.java:175)&#10;        at java.util.concurrent.locks.AbstractQueuedSynchronizer$ConditionObject.await(AbstractQueuedSynchronizer.java:2039)&#10;        at java.util.concurrent.ScheduledThreadPoolExecutor$DelayedWorkQueue.take(ScheduledThreadPoolExecutor.java:1081)&#10;        at java.util.concurrent.ScheduledThreadPoolExecutor$DelayedWorkQueue.take(ScheduledThreadPoolExecutor.java:809)&#10;        at java.util.concurrent.ThreadPoolExecutor.getTask(ThreadPoolExecutor.java:1074)&#10;        at java.util.concurrent.ThreadPoolExecutor.runWorker(ThreadPoolExecutor.java:1134)&#10;        at java.util.concurrent.ThreadPoolExecutor$Worker.run(ThreadPoolExecutor.java:624)&#10;        at java.lang.Thread.run(Thread.java:748)&#10;&quot;IPC Server handler 7 on default port 43569&quot; daemon prio=5 tid=4959 timed_waiting&#10;java.lang.Thread.State: TIMED_WAITING&#10;        at sun.misc.Unsafe.park(Native Method)&#10;        at java.util.concurrent.locks.LockSupport.parkNanos(LockSupport.java:215)&#10;        at java.util.concurrent.locks.AbstractQueuedSynchronizer$ConditionObject.awaitNanos(AbstractQueuedSynchronizer.java:2078)&#10;        at java.util.concurrent.LinkedBlockingQueue.poll(LinkedBlockingQueue.java:467)&#10;        at org.apache.hadoop.ipc.CallQueueManager.take(CallQueueManager.java:317)&#10;        at org.apache.hadoop.ipc.Server$Handler.run(Server.java:2932)&#10;&quot;org.apache.hadoop.ozone.container.common.statemachine.commandhandler.DeleteBlocksCommandHandler$DeleteCmdWorker@643b9a92&quot; daemon prio=5 tid=4978 timed_waiting&#10;java.lang.Thread.State: TIMED_WAITING&#10;        at java.lang.Thread.sleep(Native Method)&#10;        at org.apache.hadoop.ozone.container.common.statemachine.commandhandler.DeleteBlocksCommandHandler$DeleteCmdWorker.run(DeleteBlocksCommandHandler.java:174)&#10;        at java.lang.Thread.run(Thread.java:748)&#10;&quot;IPC Server handler 2 on default port 37371&quot; daemon prio=5 tid=4856 timed_waiting&#10;java.lang.Thread.State: TIMED_WAITING&#10;        at sun.misc.Unsafe.park(Native Method)&#10;        at java.util.concurrent.locks.LockSupport.parkNanos(LockSupport.java:215)&#10;        at java.util.concurrent.locks.AbstractQueuedSynchronizer$ConditionObject.awaitNanos(AbstractQueuedSynchronizer.java:2078)&#10;        at java.util.concurrent.LinkedBlockingQueue.poll(LinkedBlockingQueue.java:467)&#10;        at org.apache.hadoop.ipc.CallQueueManager.take(CallQueueManager.java:317)&#10;        at org.apache.hadoop.ipc.Server$Handler.run(Server.java:2932)&#10;&quot;pool-465-thread-1&quot;  prio=5 tid=5163 in Object.wait()&#10;java.lang.Thread.State: WAITING (on object monitor)&#10;        at sun.misc.Unsafe.park(Native Method)&#10;        at java.util.concurrent.locks.LockSupport.park(LockSupport.java:175)&#10;        at java.util.concurrent.locks.AbstractQueuedSynchronizer$ConditionObject.await(AbstractQueuedSynchronizer.java:2039)&#10;        at java.util.concurrent.LinkedBlockingQueue.take(LinkedBlockingQueue.java:442)&#10;        at java.util.concurrent.ThreadPoolExecutor.getTask(ThreadPoolExecutor.java:1074)&#10;        at java.util.concurrent.ThreadPoolExecutor.runWorker(ThreadPoolExecutor.java:1134)&#10;        at java.util.concurrent.ThreadPoolExecutor$Worker.run(ThreadPoolExecutor.java:624)&#10;        at java.lang.Thread.run(Thread.java:748)&#10;&quot;pool-467-thread-2&quot;  prio=5 tid=5178 in Object.wait()&#10;java.lang.Thread.State: WAITING (on object monitor)&#10;        at sun.misc.Unsafe.park(Native Method)&#10;        at java.util.concurrent.locks.LockSupport.park(LockSupport.java:175)&#10;        at java.util.concurrent.locks.AbstractQueuedSynchronizer$ConditionObject.await(AbstractQueuedSynchronizer.java:2039)&#10;        at java.util.concurrent.LinkedBlockingQueue.take(LinkedBlockingQueue.java:442)&#10;        at java.util.concurrent.ThreadPoolExecutor.getTask(ThreadPoolExecutor.java:1074)&#10;        at java.util.concurrent.ThreadPoolExecutor.runWorker(ThreadPoolExecutor.java:1134)&#10;        at java.util.concurrent.ThreadPoolExecutor$Worker.run(ThreadPoolExecutor.java:624)&#10;        at java.lang.Thread.run(Thread.java:748)&#10;&quot;BlockDeletingService#0&quot; daemon prio=5 tid=5071 in Object.wait()&#10;java.lang.Thread.State: WAITING (on object monitor)&#10;        at sun.misc.Unsafe.park(Native Method)&#10;        at java.util.concurrent.locks.LockSupport.park(LockSupport.java:175)&#10;        at java.util.concurrent.locks.AbstractQueuedSynchronizer$ConditionObject.await(AbstractQueuedSynchronizer.java:2039)&#10;        at java.util.concurrent.ScheduledThreadPoolExecutor$DelayedWorkQueue.take(ScheduledThreadPoolExecutor.java:1088)&#10;        at java.util.concurrent.ScheduledThreadPoolExecutor$DelayedWorkQueue.take(ScheduledThreadPoolExecutor.java:809)&#10;        at java.util.concurrent.ThreadPoolExecutor.getTask(ThreadPoolExecutor.java:1074)&#10;        at java.util.concurrent.ThreadPoolExecutor.runWorker(ThreadPoolExecutor.java:1134)&#10;        at java.util.concurrent.ThreadPoolExecutor$Worker.run(ThreadPoolExecutor.java:624)&#10;        at java.lang.Thread.run(Thread.java:748)&#10;&quot;pool-467-thread-3&quot;  prio=5 tid=5181 in Object.wait()&#10;java.lang.Thread.State: WAITING (on object monitor)&#10;        at sun.misc.Unsafe.park(Native Method)&#10;        at java.util.concurrent.locks.LockSupport.park(LockSupport.java:175)&#10;        at java.util.concurrent.locks.AbstractQueuedSynchronizer$ConditionObject.await(AbstractQueuedSynchronizer.java:2039)&#10;        at java.util.concurrent.LinkedBlockingQueue.take(LinkedBlockingQueue.java:442)&#10;        at java.util.concurrent.ThreadPoolExecutor.getTask(ThreadPoolExecutor.java:1074)&#10;        at java.util.concurrent.ThreadPoolExecutor.runWorker(ThreadPoolExecutor.java:1134)&#10;        at java.util.concurrent.ThreadPoolExecutor$Worker.run(ThreadPoolExecutor.java:624)&#10;        at java.lang.Thread.run(Thread.java:748)&#10;&quot;BlockDeletingService#5&quot; daemon prio=5 tid=5096 in Object.wait()&#10;java.lang.Thread.State: WAITING (on object monitor)&#10;        at sun.misc.Unsafe.park(Native Method)&#10;        at java.util.concurrent.locks.LockSupport.park(LockSupport.java:175)&#10;        at java.util.concurrent.locks.AbstractQueuedSynchronizer$ConditionObject.await(AbstractQueuedSynchronizer.java:2039)&#10;        at java.util.concurrent.ScheduledThreadPoolExecutor$DelayedWorkQueue.take(ScheduledThreadPoolExecutor.java:1088)&#10;        at java.util.concurrent.ScheduledThreadPoolExecutor$DelayedWorkQueue.take(ScheduledThreadPoolExecutor.java:809)&#10;        at java.util.concurrent.ThreadPoolExecutor.getTask(ThreadPoolExecutor.java:1074)&#10;        at java.util.concurrent.ThreadPoolExecutor.runWorker(ThreadPoolExecutor.java:1134)&#10;        at java.util.concurrent.ThreadPoolExecutor$Worker.run(ThreadPoolExecutor.java:624)&#10;        at java.lang.Thread.run(Thread.java:748)&#10;&quot;IPC Server handler 6 on default port 35463&quot; daemon prio=5 tid=4900 timed_waiting&#10;java.lang.Thread.State: TIMED_WAITING&#10;        at sun.misc.Unsafe.park(Native Method)&#10;        at java.util.concurrent.locks.LockSupport.parkNanos(LockSupport.java:215)&#10;        at java.util.concurrent.locks.AbstractQueuedSynchronizer$ConditionObject.awaitNanos(AbstractQueuedSynchronizer.java:2078)&#10;        at java.util.concurrent.LinkedBlockingQueue.poll(LinkedBlockingQueue.java:467)&#10;        at org.apache.hadoop.ipc.CallQueueManager.take(CallQueueManager.java:317)&#10;        at org.apache.hadoop.ipc.Server$Handler.run(Server.java:2932)&#10;&quot;BlockDeletingService#9&quot; daemon prio=5 tid=5081 in Object.wait()&#10;java.lang.Thread.State: WAITING (on object monitor)&#10;        at sun.misc.Unsafe.park(Native Method)&#10;        at java.util.concurrent.locks.LockSupport.park(LockSupport.java:175)&#10;        at java.util.concurrent.locks.AbstractQueuedSynchronizer$ConditionObject.await(AbstractQueuedSynchronizer.java:2039)&#10;        at java.util.concurrent.ScheduledThreadPoolExecutor$DelayedWorkQueue.take(ScheduledThreadPoolExecutor.java:1088)&#10;        at java.util.concurrent.ScheduledThreadPoolExecutor$DelayedWorkQueue.take(ScheduledThreadPoolExecutor.java:809)&#10;        at java.util.concurrent.ThreadPoolExecutor.getTask(ThreadPoolExecutor.java:1074)&#10;        at java.util.concurrent.ThreadPoolExecutor.runWorker(ThreadPoolExecutor.java:1134)&#10;        at java.util.concurrent.ThreadPoolExecutor$Worker.run(ThreadPoolExecutor.java:624)&#10;        at java.lang.Thread.run(Thread.java:748)&#10;&quot;Datanode ReportManager Thread - 1&quot; daemon prio=5 tid=5016 timed_waiting&#10;java.lang.Thread.State: TIMED_WAITING&#10;        at sun.misc.Unsafe.park(Native Method)&#10;        at java.util.concurrent.locks.LockSupport.parkNanos(LockSupport.java:215)&#10;        at java.util.concurrent.locks.AbstractQueuedSynchronizer$ConditionObject.awaitNanos(AbstractQueuedSynchronizer.java:2078)&#10;        at java.util.concurrent.ScheduledThreadPoolExecutor$DelayedWorkQueue.take(ScheduledThreadPoolExecutor.java:1093)&#10;        at java.util.concurrent.ScheduledThreadPoolExecutor$DelayedWorkQueue.take(ScheduledThreadPoolExecutor.java:809)&#10;        at java.util.concurrent.ThreadPoolExecutor.getTask(ThreadPoolExecutor.java:1074)&#10;        at java.util.concurrent.ThreadPoolExecutor.runWorker(ThreadPoolExecutor.java:1134)&#10;        at java.util.concurrent.ThreadPoolExecutor$Worker.run(ThreadPoolExecutor.java:624)&#10;        at java.lang.Thread.run(Thread.java:748)&#10;&quot;qtp150540715-5007&quot; daemon prio=5 tid=5007 timed_waiting&#10;java.lang.Thread.State: TIMED_WAITING&#10;        at sun.misc.Unsafe.park(Native Method)&#10;        at java.util.concurrent.locks.LockSupport.parkNanos(LockSupport.java:215)&#10;        at java.util.concurrent.locks.AbstractQueuedSynchronizer$ConditionObject.awaitNanos(AbstractQueuedSynchronizer.java:2078)&#10;        at org.eclipse.jetty.util.BlockingArrayQueue.poll(BlockingArrayQueue.java:382)&#10;        at org.eclipse.jetty.util.thread.QueuedThreadPool$Runner.idleJobPoll(QueuedThreadPool.java:974)&#10;        at org.eclipse.jetty.util.thread.QueuedThreadPool$Runner.run(QueuedThreadPool.java:1018)&#10;        at java.lang.Thread.run(Thread.java:748)&#10;&quot;surefire-forkedjvm-command-thread&quot; daemon prio=5 tid=9 runnable&#10;java.lang.Thread.State: RUNNABLE&#10;        at java.io.FileInputStream.readBytes(Native Method)&#10;        at java.io.FileInputStream.read(FileInputStream.java:255)&#10;        at java.io.BufferedInputStream.fill(BufferedInputStream.java:246)&#10;        at java.io.BufferedInputStream.read(BufferedInputStream.java:265)&#10;        at java.io.DataInputStream.readInt(DataInputStream.java:387)&#10;        at org.apache.maven.surefire.booter.MasterProcessCommand.decode(MasterProcessCommand.java:115)&#10;        at org.apache.maven.surefire.booter.CommandReader$CommandRunnable.run(CommandReader.java:390)&#10;        at java.lang.Thread.run(Thread.java:748)&#10;&quot;BlockDeletingService#4&quot; daemon prio=5 tid=5079 in Object.wait()&#10;java.lang.Thread.State: WAITING (on object monitor)&#10;        at sun.misc.Unsafe.park(Native Method)&#10;        at java.util.concurrent.locks.LockSupport.park(LockSupport.java:175)&#10;        at java.util.concurrent.locks.AbstractQueuedSynchronizer$ConditionObject.await(AbstractQueuedSynchronizer.java:2039)&#10;        at java.util.concurrent.ScheduledThreadPoolExecutor$DelayedWorkQueue.take(ScheduledThreadPoolExecutor.java:1088)&#10;        at java.util.concurrent.ScheduledThreadPoolExecutor$DelayedWorkQueue.take(ScheduledThreadPoolExecutor.java:809)&#10;        at java.util.concurrent.ThreadPoolExecutor.getTask(ThreadPoolExecutor.java:1074)&#10;        at java.util.concurrent.ThreadPoolExecutor.runWorker(ThreadPoolExecutor.java:1134)&#10;        at java.util.concurrent.ThreadPoolExecutor$Worker.run(ThreadPoolExecutor.java:624)&#10;        at java.lang.Thread.run(Thread.java:748)&#10;&quot;EventQueue-NodeRegistrationContainerReportForContainerSafeModeRule&quot; daemon prio=5 tid=5105 in Object.wait()&#10;java.lang.Thread.State: WAITING (on object monitor)&#10;        at sun.misc.Unsafe.park(Native Method)&#10;        at java.util.concurrent.locks.LockSupport.park(LockSupport.java:175)&#10;        at java.util.concurrent.locks.AbstractQueuedSynchronizer$ConditionObject.await(AbstractQueuedSynchronizer.java:2039)&#10;        at java.util.concurrent.LinkedBlockingQueue.take(LinkedBlockingQueue.java:442)&#10;        at java.util.concurrent.ThreadPoolExecutor.getTask(ThreadPoolExecutor.java:1074)&#10;        at java.util.concurrent.ThreadPoolExecutor.runWorker(ThreadPoolExecutor.java:1134)&#10;        at java.util.concurrent.ThreadPoolExecutor$Worker.run(ThreadPoolExecutor.java:624)&#10;        at java.lang.Thread.run(Thread.java:748)&#10;&quot;BlockDeletingService#6&quot; daemon prio=5 tid=5098 in Object.wait()&#10;java.lang.Thread.State: WAITING (on object monitor)&#10;        at sun.misc.Unsafe.park(Native Method)&#10;        at java.util.concurrent.locks.LockSupport.park(LockSupport.java:175)&#10;        at java.util.concurrent.locks.AbstractQueuedSynchronizer$ConditionObject.await(AbstractQueuedSynchronizer.java:2039)&#10;        at java.util.concurrent.ScheduledThreadPoolExecutor$DelayedWorkQueue.take(ScheduledThreadPoolExecutor.java:1088)&#10;        at java.util.concurrent.ScheduledThreadPoolExecutor$DelayedWorkQueue.take(ScheduledThreadPoolExecutor.java:809)&#10;        at java.util.concurrent.ThreadPoolExecutor.getTask(ThreadPoolExecutor.java:1074)&#10;        at java.util.concurrent.ThreadPoolExecutor.runWorker(ThreadPoolExecutor.java:1134)&#10;        at java.util.concurrent.ThreadPoolExecutor$Worker.run(ThreadPoolExecutor.java:624)&#10;        at java.lang.Thread.run(Thread.java:748)&#10;&quot;Datanode State Machine Thread - 0&quot; daemon prio=5 tid=5014 timed_waiting&#10;java.lang.Thread.State: TIMED_WAITING&#10;        at java.lang.Thread.sleep(Native Method)&#10;        at org.apache.hadoop.ozone.container.common.statemachine.DatanodeStateMachine.start(DatanodeStateMachine.java:285)&#10;        at org.apache.hadoop.ozone.container.common.statemachine.DatanodeStateMachine.lambda$startDaemon$0(DatanodeStateMachine.java:456)&#10;        at org.apache.hadoop.ozone.container.common.statemachine.DatanodeStateMachine$$Lambda$569/1646977722.run(Unknown Source)&#10;        at java.lang.Thread.run(Thread.java:748)&#10;&quot;BlockDeletingService#9&quot; daemon prio=5 tid=5097 in Object.wait()&#10;java.lang.Thread.State: WAITING (on object monitor)&#10;        at sun.misc.Unsafe.park(Native Method)&#10;        at java.util.concurrent.locks.LockSupport.park(LockSupport.java:175)&#10;        at java.util.concurrent.locks.AbstractQueuedSynchronizer$ConditionObject.await(AbstractQueuedSynchronizer.java:2039)&#10;        at java.util.concurrent.ScheduledThreadPoolExecutor$DelayedWorkQueue.take(ScheduledThreadPoolExecutor.java:1088)&#10;        at java.util.concurrent.ScheduledThreadPoolExecutor$DelayedWorkQueue.take(ScheduledThreadPoolExecutor.java:809)&#10;        at java.util.concurrent.ThreadPoolExecutor.getTask(ThreadPoolExecutor.java:1074)&#10;        at java.util.concurrent.ThreadPoolExecutor.runWorker(ThreadPoolExecutor.java:1134)&#10;        at java.util.concurrent.ThreadPoolExecutor$Worker.run(ThreadPoolExecutor.java:624)&#10;        at java.lang.Thread.run(Thread.java:748)&#10;&quot;Datanode State Machine Thread - 0&quot; daemon prio=5 tid=4989 timed_waiting&#10;java.lang.Thread.State: TIMED_WAITING&#10;        at java.lang.Thread.sleep(Native Method)&#10;        at org.apache.hadoop.ozone.container.common.statemachine.DatanodeStateMachine.start(DatanodeStateMachine.java:285)&#10;        at org.apache.hadoop.ozone.container.common.statemachine.DatanodeStateMachine.lambda$startDaemon$0(DatanodeStateMachine.java:456)&#10;        at org.apache.hadoop.ozone.container.common.statemachine.DatanodeStateMachine$$Lambda$569/1646977722.run(Unknown Source)&#10;        at java.lang.Thread.run(Thread.java:748)&#10;&quot;EventQueue-ContainerReportForContainerReportHandler&quot; daemon prio=5 tid=5113 in Object.wait()&#10;java.lang.Thread.State: WAITING (on object monitor)&#10;        at sun.misc.Unsafe.park(Native Method)&#10;        at java.util.concurrent.locks.LockSupport.park(LockSupport.java:175)&#10;        at java.util.concurrent.locks.AbstractQueuedSynchronizer$ConditionObject.await(AbstractQueuedSynchronizer.java:2039)&#10;        at java.util.concurrent.LinkedBlockingQueue.take(LinkedBlockingQueue.java:442)&#10;        at java.util.concurrent.ThreadPoolExecutor.getTask(ThreadPoolExecutor.java:1074)&#10;        at java.util.concurrent.ThreadPoolExecutor.runWorker(ThreadPoolExecutor.java:1134)&#10;        at java.util.concurrent.ThreadPoolExecutor$Worker.run(ThreadPoolExecutor.java:624)&#10;        at java.lang.Thread.run(Thread.java:748)&#10;&quot;IPC Server Responder&quot; daemon prio=5 tid=4934 runnable&#10;java.lang.Thread.State: RUNNABLE&#10;        at sun.nio.ch.EPollArrayWrapper.epollWait(Native Method)&#10;        at sun.nio.ch.EPollArrayWrapper.poll(EPollArrayWrapper.java:269)&#10;        at sun.nio.ch.EPollSelectorImpl.doSelect(EPollSelectorImpl.java:93)&#10;        at sun.nio.ch.SelectorImpl.lockAndDoSelect(SelectorImpl.java:86)&#10;        at sun.nio.ch.SelectorImpl.select(SelectorImpl.java:97)&#10;        at org.apache.hadoop.ipc.Server$Responder.doRunLoop(Server.java:1527)&#10;        at org.apache.hadoop.ipc.Server$Responder.run(Server.java:1510)&#10;&quot;java.util.concurrent.ThreadPoolExecutor$Worker@7bda90d8[State = -1, empty queue]&quot; daemon prio=5 tid=4213 timed_waiting&#10;java.lang.Thread.State: TIMED_WAITING&#10;        at sun.misc.Unsafe.park(Native Method)&#10;        at java.util.concurrent.locks.LockSupport.parkNanos(LockSupport.java:215)&#10;        at java.util.concurrent.locks.AbstractQueuedSynchronizer$ConditionObject.awaitNanos(AbstractQueuedSynchronizer.java:2078)&#10;        at java.util.concurrent.ScheduledThreadPoolExecutor$DelayedWorkQueue.take(ScheduledThreadPoolExecutor.java:1093)&#10;        at java.util.concurrent.ScheduledThreadPoolExecutor$DelayedWorkQueue.take(ScheduledThreadPoolExecutor.java:809)&#10;        at java.util.concurrent.ThreadPoolExecutor.getTask(ThreadPoolExecutor.java:1074)&#10;        at java.util.concurrent.ThreadPoolExecutor.runWorker(ThreadPoolExecutor.java:1134)&#10;        at java.util.concurrent.ThreadPoolExecutor$Worker.run(ThreadPoolExecutor.java:624)&#10;        at java.lang.Thread.run(Thread.java:748)&#10;&quot;Datanode ReportManager Thread - 2&quot; daemon prio=5 tid=4992 timed_waiting&#10;java.lang.Thread.State: TIMED_WAITING&#10;        at sun.misc.Unsafe.park(Native Method)&#10;        at java.util.concurrent.locks.LockSupport.parkNanos(LockSupport.java:215)&#10;        at java.util.concurrent.locks.AbstractQueuedSynchronizer$ConditionObject.awaitNanos(AbstractQueuedSynchronizer.java:2078)&#10;        at java.util.concurrent.ScheduledThreadPoolExecutor$DelayedWorkQueue.take(ScheduledThreadPoolExecutor.java:1093)&#10;        at java.util.concurrent.ScheduledThreadPoolExecutor$DelayedWorkQueue.take(ScheduledThreadPoolExecutor.java:809)&#10;        at java.util.concurrent.ThreadPoolExecutor.getTask(ThreadPoolExecutor.java:1074)&#10;        at java.util.concurrent.ThreadPoolExecutor.runWorker(ThreadPoolExecutor.java:1134)&#10;        at java.util.concurrent.ThreadPoolExecutor$Worker.run(ThreadPoolExecutor.java:624)&#10;        at java.lang.Thread.run(Thread.java:748)&#10;&quot;EventQueue-OpenPipelineForHealthyPipelineSafeModeRule&quot; daemon prio=5 tid=5141 in Object.wait()&#10;java.lang.Thread.State: WAITING (on object monitor)&#10;        at sun.misc.Unsafe.park(Native Method)&#10;        at java.util.concurrent.locks.LockSupport.park(LockSupport.java:175)&#10;        at java.util.concurrent.locks.AbstractQueuedSynchronizer$ConditionObject.await(AbstractQueuedSynchronizer.java:2039)&#10;        at java.util.concurrent.LinkedBlockingQueue.take(LinkedBlockingQueue.java:442)&#10;        at java.util.concurrent.ThreadPoolExecutor.getTask(ThreadPoolExecutor.java:1074)&#10;        at java.util.concurrent.ThreadPoolExecutor.runWorker(ThreadPoolExecutor.java:1134)&#10;        at java.util.concurrent.ThreadPoolExecutor$Worker.run(ThreadPoolExecutor.java:624)&#10;        at java.lang.Thread.run(Thread.java:748)&#10;&quot;Datanode State Machine Task Thread - 0&quot;  prio=5 tid=4997 in Object.wait()&#10;java.lang.Thread.State: WAITING (on object monitor)&#10;        at sun.misc.Unsafe.park(Native Method)&#10;        at java.util.concurrent.locks.LockSupport.park(LockSupport.java:175)&#10;        at java.util.concurrent.locks.AbstractQueuedSynchronizer$ConditionObject.await(AbstractQueuedSynchronizer.java:2039)&#10;        at java.util.concurrent.LinkedBlockingQueue.take(LinkedBlockingQueue.java:442)&#10;        at java.util.concurrent.ThreadPoolExecutor.getTask(ThreadPoolExecutor.java:1074)&#10;        at java.util.concurrent.ThreadPoolExecutor.runWorker(ThreadPoolExecutor.java:1134)&#10;        at java.util.concurrent.ThreadPoolExecutor$Worker.run(ThreadPoolExecutor.java:624)&#10;        at java.lang.Thread.run(Thread.java:748)&#10;&quot;IPC Server handler 16 on default port 43167&quot; daemon prio=5 tid=4890 timed_waiting&#10;java.lang.Thread.State: TIMED_WAITING&#10;        at sun.misc.Unsafe.park(Native Method)&#10;        at java.util.concurrent.locks.LockSupport.parkNanos(LockSupport.java:215)&#10;        at java.util.concurrent.locks.AbstractQueuedSynchronizer$ConditionObject.awaitNanos(AbstractQueuedSynchronizer.java:2078)&#10;        at java.util.concurrent.LinkedBlockingQueue.poll(LinkedBlockingQueue.java:467)&#10;        at org.apache.hadoop.ipc.CallQueueManager.take(CallQueueManager.java:317)&#10;        at org.apache.hadoop.ipc.Server$Handler.run(Server.java:2932)&#10;&quot;IPC Server idle connection scanner for port 43167&quot; daemon prio=5 tid=4845 timed_waiting&#10;java.lang.Thread.State: TIMED_WAITING&#10;        at java.lang.Object.wait(Native Method)&#10;        at java.util.TimerThread.mainLoop(Timer.java:552)&#10;        at java.util.TimerThread.run(Timer.java:505)&#10;&quot;pool-466-thread-10&quot;  prio=5 tid=5247 in Object.wait()&#10;java.lang.Thread.State: WAITING (on object monitor)&#10;        at sun.misc.Unsafe.park(Native Method)&#10;        at java.util.concurrent.locks.LockSupport.park(LockSupport.java:175)&#10;        at java.util.concurrent.locks.AbstractQueuedSynchronizer$ConditionObject.await(AbstractQueuedSynchronizer.java:2039)&#10;        at java.util.concurrent.LinkedBlockingQueue.take(LinkedBlockingQueue.java:442)&#10;        at java.util.concurrent.ThreadPoolExecutor.getTask(ThreadPoolExecutor.java:1074)&#10;        at java.util.concurrent.ThreadPoolExecutor.runWorker(ThreadPoolExecutor.java:1134)&#10;        at java.util.concurrent.ThreadPoolExecutor$Worker.run(ThreadPoolExecutor.java:624)&#10;        at java.lang.Thread.run(Thread.java:748)&#10;&quot;ChunkWriter-1-0&quot; daemon prio=5 tid=5083 in Object.wait()&#10;java.lang.Thread.State: WAITING (on object monitor)&#10;        at sun.misc.Unsafe.park(Native Method)&#10;        at java.util.concurrent.locks.LockSupport.park(LockSupport.java:175)&#10;        at java.util.concurrent.locks.AbstractQueuedSynchronizer$ConditionObject.await(AbstractQueuedSynchronizer.java:2039)&#10;        at java.util.concurrent.LinkedBlockingDeque.takeFirst(LinkedBlockingDeque.java:492)&#10;        at java.util.concurrent.LinkedBlockingDeque.take(LinkedBlockingDeque.java:680)&#10;        at java.util.concurrent.ThreadPoolExecutor.getTask(ThreadPoolExecutor.java:1074)&#10;        at java.util.concurrent.ThreadPoolExecutor.runWorker(ThreadPoolExecutor.java:1134)&#10;        at java.util.concurrent.ThreadPoolExecutor$Worker.run(ThreadPoolExecutor.java:624)&#10;        at java.lang.Thread.run(Thread.java:748)&#10;&quot;IPC Server handler 0 on default port 43569&quot; daemon prio=5 tid=4952 timed_waiting&#10;java.lang.Thread.State: TIMED_WAITING&#10;        at sun.misc.Unsafe.park(Native Method)&#10;        at java.util.concurrent.locks.LockSupport.parkNanos(LockSupport.java:215)&#10;        at java.util.concurrent.locks.AbstractQueuedSynchronizer$ConditionObject.awaitNanos(AbstractQueuedSynchronizer.java:2078)&#10;        at java.util.concurrent.LinkedBlockingQueue.poll(LinkedBlockingQueue.java:467)&#10;        at org.apache.hadoop.ipc.CallQueueManager.take(CallQueueManager.java:317)&#10;        at org.apache.hadoop.ipc.Server$Handler.run(Server.java:2932)&#10;&quot;EndpointStateMachine task thread for /0.0.0.0:43341 - 0 &quot;  prio=5 tid=245 in Object.wait()&#10;java.lang.Thread.State: WAITING (on object monitor)&#10;        at sun.misc.Unsafe.park(Native Method)&#10;        at java.util.concurrent.locks.LockSupport.park(LockSupport.java:175)&#10;        at java.util.concurrent.locks.AbstractQueuedSynchronizer$ConditionObject.await(AbstractQueuedSynchronizer.java:2039)&#10;        at java.util.concurrent.LinkedBlockingQueue.take(LinkedBlockingQueue.java:442)&#10;        at java.util.concurrent.ThreadPoolExecutor.getTask(ThreadPoolExecutor.java:1074)&#10;        at java.util.concurrent.ThreadPoolExecutor.runWorker(ThreadPoolExecutor.java:1134)&#10;        at java.util.concurrent.ThreadPoolExecutor$Worker.run(ThreadPoolExecutor.java:624)&#10;        at java.lang.Thread.run(Thread.java:748)&#10;&quot;IPC Server handler 11 on default port 43167&quot; daemon prio=5 tid=4885 timed_waiting&#10;java.lang.Thread.State: TIMED_WAITING&#10;        at sun.misc.Unsafe.park(Native Method)&#10;        at java.util.concurrent.locks.LockSupport.parkNanos(LockSupport.java:215)&#10;        at java.util.concurrent.locks.AbstractQueuedSynchronizer$ConditionObject.awaitNanos(AbstractQueuedSynchronizer.java:2078)&#10;        at java.util.concurrent.LinkedBlockingQueue.poll(LinkedBlockingQueue.java:467)&#10;        at org.apache.hadoop.ipc.CallQueueManager.take(CallQueueManager.java:317)&#10;        at org.apache.hadoop.ipc.Server$Handler.run(Server.java:2932)&#10;&quot;qtp717308094-4985&quot; daemon prio=5 tid=4985 timed_waiting&#10;java.lang.Thread.State: TIMED_WAITING&#10;        at sun.misc.Unsafe.park(Native Method)&#10;        at java.util.concurrent.locks.LockSupport.parkNanos(LockSupport.java:215)&#10;        at java.util.concurrent.locks.AbstractQueuedSynchronizer$ConditionObject.awaitNanos(AbstractQueuedSynchronizer.java:2078)&#10;        at org.eclipse.jetty.util.BlockingArrayQueue.poll(BlockingArrayQueue.java:382)&#10;        at org.eclipse.jetty.util.thread.QueuedThreadPool$Runner.idleJobPoll(QueuedThreadPool.java:974)&#10;        at org.eclipse.jetty.util.thread.QueuedThreadPool$Runner.run(QueuedThreadPool.java:1018)&#10;        at java.lang.Thread.run(Thread.java:748)&#10;&quot;EventQueue-ContainerReportForContainerReportHandler&quot; daemon prio=5 tid=5114 in Object.wait()&#10;java.lang.Thread.State: WAITING (on object monitor)&#10;        at sun.misc.Unsafe.park(Native Method)&#10;        at java.util.concurrent.locks.LockSupport.park(LockSupport.java:175)&#10;        at java.util.concurrent.locks.AbstractQueuedSynchronizer$ConditionObject.await(AbstractQueuedSynchronizer.java:2039)&#10;        at java.util.concurrent.LinkedBlockingQueue.take(LinkedBlockingQueue.java:442)&#10;        at java.util.concurrent.ThreadPoolExecutor.getTask(ThreadPoolExecutor.java:1074)&#10;        at java.util.concurrent.ThreadPoolExecutor.runWorker(ThreadPoolExecutor.java:1134)&#10;        at java.util.concurrent.ThreadPoolExecutor$Worker.run(ThreadPoolExecutor.java:624)&#10;        at java.lang.Thread.run(Thread.java:748)&#10;&quot;Datanode ReportManager Thread - 3&quot; daemon prio=5 tid=4993 in Object.wait()&#10;java.lang.Thread.State: WAITING (on object monitor)&#10;        at sun.misc.Unsafe.park(Native Method)&#10;        at java.util.concurrent.locks.LockSupport.park(LockSupport.java:175)&#10;        at java.util.concurrent.locks.AbstractQueuedSynchronizer$ConditionObject.await(AbstractQueuedSynchronizer.java:2039)&#10;        at java.util.concurrent.ScheduledThreadPoolExecutor$DelayedWorkQueue.take(ScheduledThreadPoolExecutor.java:1088)&#10;        at java.util.concurrent.ScheduledThreadPoolExecutor$DelayedWorkQueue.take(ScheduledThreadPoolExecutor.java:809)&#10;        at java.util.concurrent.ThreadPoolExecutor.getTask(ThreadPoolExecutor.java:1074)&#10;        at java.util.concurrent.ThreadPoolExecutor.runWorker(ThreadPoolExecutor.java:1134)&#10;        at java.util.concurrent.ThreadPoolExecutor$Worker.run(ThreadPoolExecutor.java:624)&#10;        at java.lang.Thread.run(Thread.java:748)&#10;&quot;Periodic HDDS volume checker&quot; daemon prio=5 tid=4974 timed_waiting&#10;java.lang.Thread.State: TIMED_WAITING&#10;        at sun.misc.Unsafe.park(Native Method)&#10;        at java.util.concurrent.locks.LockSupport.parkNanos(LockSupport.java:215)&#10;        at java.util.concurrent.locks.AbstractQueuedSynchronizer$ConditionObject.awaitNanos(AbstractQueuedSynchronizer.java:2078)&#10;        at java.util.concurrent.ScheduledThreadPoolExecutor$DelayedWorkQueue.take(ScheduledThreadPoolExecutor.java:1093)&#10;        at java.util.concurrent.ScheduledThreadPoolExecutor$DelayedWorkQueue.take(ScheduledThreadPoolExecutor.java:809)&#10;        at java.util.concurrent.ThreadPoolExecutor.getTask(ThreadPoolExecutor.java:1074)&#10;        at java.util.concurrent.ThreadPoolExecutor.runWorker(ThreadPoolExecutor.java:1134)&#10;        at java.util.concurrent.ThreadPoolExecutor$Worker.run(ThreadPoolExecutor.java:624)&#10;        at java.lang.Thread.run(Thread.java:748)&#10;&quot;prometheus&quot; daemon prio=5 tid=4852 in Object.wait()&#10;java.lang.Thread.State: WAITING (on object monitor)&#10;        at java.lang.Object.wait(Native Method)&#10;        at java.lang.Object.wait(Object.java:502)&#10;        at org.apache.hadoop.metrics2.impl.SinkQueue.waitForData(SinkQueue.java:114)&#10;        at org.apache.hadoop.metrics2.impl.SinkQueue.consumeAll(SinkQueue.java:83)&#10;        at org.apache.hadoop.metrics2.impl.MetricsSinkAdapter.publishMetricsFromQueue(MetricsSinkAdapter.java:135)&#10;        at org.apache.hadoop.metrics2.impl.MetricsSinkAdapter$1.run(MetricsSinkAdapter.java:89)&#10;&quot;EndpointStateMachine task thread for /0.0.0.0:36703 - 0 &quot;  prio=5 tid=4109 in Object.wait()&#10;java.lang.Thread.State: WAITING (on object monitor)&#10;        at sun.misc.Unsafe.park(Native Method)&#10;        at java.util.concurrent.locks.LockSupport.park(LockSupport.java:175)&#10;        at java.util.concurrent.locks.AbstractQueuedSynchronizer$ConditionObject.await(AbstractQueuedSynchronizer.java:2039)&#10;        at java.util.concurrent.LinkedBlockingQueue.take(LinkedBlockingQueue.java:442)&#10;        at java.util.concurrent.ThreadPoolExecutor.getTask(ThreadPoolExecutor.java:1074)&#10;        at java.util.concurrent.ThreadPoolExecutor.runWorker(ThreadPoolExecutor.java:1134)&#10;        at java.util.concurrent.ThreadPoolExecutor$Worker.run(ThreadPoolExecutor.java:624)&#10;        at java.lang.Thread.run(Thread.java:748)&#10;&quot;qtp1696189834-4946&quot; daemon prio=5 tid=4946 timed_waiting&#10;java.lang.Thread.State: TIMED_WAITING&#10;        at sun.misc.Unsafe.park(Native Method)&#10;        at java.util.concurrent.locks.LockSupport.parkNanos(LockSupport.java:215)&#10;        at java.util.concurrent.locks.AbstractQueuedSynchronizer$ConditionObject.awaitNanos(AbstractQueuedSynchronizer.java:2078)&#10;        at org.eclipse.jetty.util.BlockingArrayQueue.poll(BlockingArrayQueue.java:382)&#10;        at org.eclipse.jetty.util.thread.QueuedThreadPool$Runner.idleJobPoll(QueuedThreadPool.java:974)&#10;        at org.eclipse.jetty.util.thread.QueuedThreadPool$Runner.run(QueuedThreadPool.java:1018)&#10;        at java.lang.Thread.run(Thread.java:748)&#10;&quot;BlockDeletingService#7&quot; daemon prio=5 tid=5093 runnable&#10;java.lang.Thread.State: RUNNABLE&#10;        at sun.misc.Unsafe.park(Native Method)&#10;        at java.util.concurrent.locks.LockSupport.parkNanos(LockSupport.java:215)&#10;        at java.util.concurrent.locks.AbstractQueuedSynchronizer$ConditionObject.awaitNanos(AbstractQueuedSynchronizer.java:2078)&#10;        at java.util.concurrent.ScheduledThreadPoolExecutor$DelayedWorkQueue.take(ScheduledThreadPoolExecutor.java:1093)&#10;        at java.util.concurrent.ScheduledThreadPoolExecutor$DelayedWorkQueue.take(ScheduledThreadPoolExecutor.java:809)&#10;        at java.util.concurrent.ThreadPoolExecutor.getTask(ThreadPoolExecutor.java:1074)&#10;        at java.util.concurrent.ThreadPoolExecutor.runWorker(ThreadPoolExecutor.java:1134)&#10;        at java.util.concurrent.ThreadPoolExecutor$Worker.run(ThreadPoolExecutor.java:624)&#10;        at java.lang.Thread.run(Thread.java:748)&#10;&quot;pool-467-thread-4&quot;  prio=5 tid=5190 in Object.wait()&#10;java.lang.Thread.State: WAITING (on object monitor)&#10;        at sun.misc.Unsafe.park(Native Method)&#10;        at java.util.concurrent.locks.LockSupport.park(LockSupport.java:175)&#10;        at java.util.concurrent.locks.AbstractQueuedSynchronizer$ConditionObject.await(AbstractQueuedSynchronizer.java:2039)&#10;        at java.util.concurrent.LinkedBlockingQueue.take(LinkedBlockingQueue.java:442)&#10;        at java.util.concurrent.ThreadPoolExecutor.getTask(ThreadPoolExecutor.java:1074)&#10;        at java.util.concurrent.ThreadPoolExecutor.runWorker(ThreadPoolExecutor.java:1134)&#10;        at java.util.concurrent.ThreadPoolExecutor$Worker.run(ThreadPoolExecutor.java:624)&#10;        at java.lang.Thread.run(Thread.java:748)&#10;&quot;01235482-5c07-4b37-86e9-3192ec4df84f@group-B7C6AD568D3C-StateMachineUpdater&quot; daemon prio=5 tid=5124 in Object.wait()&#10;java.lang.Thread.State: WAITING (on object monitor)&#10;        at java.lang.Object.wait(Native Method)&#10;        at java.lang.Object.wait(Object.java:502)&#10;        at org.apache.ratis.server.impl.StateMachineUpdater.waitForCommit(StateMachineUpdater.java:204)&#10;        at org.apache.ratis.server.impl.StateMachineUpdater.run(StateMachineUpdater.java:173)&#10;        at java.lang.Thread.run(Thread.java:748)&#10;&quot;RatisPipelineUtilsThread - 0&quot;  prio=5 tid=4836 timed_waiting&#10;java.lang.Thread.State: TIMED_WAITING&#10;        at java.lang.Object.wait(Native Method)&#10;        at org.apache.hadoop.hdds.scm.pipeline.BackgroundPipelineCreatorV2.run(BackgroundPipelineCreatorV2.java:183)&#10;        at org.apache.hadoop.hdds.scm.pipeline.BackgroundPipelineCreatorV2$$Lambda$236/1600249858.run(Unknown Source)&#10;        at java.lang.Thread.run(Thread.java:748)&#10;&quot;IPC Server handler 18 on default port 35463&quot; daemon prio=5 tid=4912 timed_waiting&#10;java.lang.Thread.State: TIMED_WAITING&#10;        at sun.misc.Unsafe.park(Native Method)&#10;        at java.util.concurrent.locks.LockSupport.parkNanos(LockSupport.java:215)&#10;        at java.util.concurrent.locks.AbstractQueuedSynchronizer$ConditionObject.awaitNanos(AbstractQueuedSynchronizer.java:2078)&#10;        at java.util.concurrent.LinkedBlockingQueue.poll(LinkedBlockingQueue.java:467)&#10;        at org.apache.hadoop.ipc.CallQueueManager.take(CallQueueManager.java:317)&#10;        at org.apache.hadoop.ipc.Server$Handler.run(Server.java:2932)&#10;&quot;BlockDeletingService#3&quot; daemon prio=5 tid=5076 in Object.wait()&#10;java.lang.Thread.State: WAITING (on object monitor)&#10;        at sun.misc.Unsafe.park(Native Method)&#10;        at java.util.concurrent.locks.LockSupport.park(LockSupport.java:175)&#10;        at java.util.concurrent.locks.AbstractQueuedSynchronizer$ConditionObject.await(AbstractQueuedSynchronizer.java:2039)&#10;        at java.util.concurrent.ScheduledThreadPoolExecutor$DelayedWorkQueue.take(ScheduledThreadPoolExecutor.java:1088)&#10;        at java.util.concurrent.ScheduledThreadPoolExecutor$DelayedWorkQueue.take(ScheduledThreadPoolExecutor.java:809)&#10;        at java.util.concurrent.ThreadPoolExecutor.getTask(ThreadPoolExecutor.java:1074)&#10;        at java.util.concurrent.ThreadPoolExecutor.runWorker(ThreadPoolExecutor.java:1134)&#10;        at java.util.concurrent.ThreadPoolExecutor$Worker.run(ThreadPoolExecutor.java:624)&#10;        at java.lang.Thread.run(Thread.java:748)&#10;&quot;qtp652278729-5036&quot; daemon prio=5 tid=5036 timed_waiting&#10;java.lang.Thread.State: TIMED_WAITING&#10;        at sun.misc.Unsafe.park(Native Method)&#10;        at java.util.concurrent.locks.LockSupport.parkNanos(LockSupport.java:215)&#10;        at java.util.concurrent.locks.AbstractQueuedSynchronizer$ConditionObject.awaitNanos(AbstractQueuedSynchronizer.java:2078)&#10;        at org.eclipse.jetty.util.BlockingArrayQueue.poll(BlockingArrayQueue.java:382)&#10;        at org.eclipse.jetty.util.thread.QueuedThreadPool$Runner.idleJobPoll(QueuedThreadPool.java:974)&#10;        at org.eclipse.jetty.util.thread.QueuedThreadPool$Runner.run(QueuedThreadPool.java:1018)&#10;        at java.lang.Thread.run(Thread.java:748)&#10;&quot;EventQueue-DeleteBlockStatusForDeletedBlockLogImpl&quot; daemon prio=5 tid=8310 in Object.wait()&#10;java.lang.Thread.State: WAITING (on object monitor)&#10;        at sun.misc.Unsafe.park(Native Method)&#10;        at java.util.concurrent.locks.LockSupport.park(LockSupport.java:175)&#10;        at java.util.concurrent.locks.AbstractQueuedSynchronizer$ConditionObject.await(AbstractQueuedSynchronizer.java:2039)&#10;        at java.util.concurrent.LinkedBlockingQueue.take(LinkedBlockingQueue.java:442)&#10;        at java.util.concurrent.ThreadPoolExecutor.getTask(ThreadPoolExecutor.java:1074)&#10;        at java.util.concurrent.ThreadPoolExecutor.runWorker(ThreadPoolExecutor.java:1134)&#10;        at java.util.concurrent.ThreadPoolExecutor$Worker.run(ThreadPoolExecutor.java:624)&#10;        at java.lang.Thread.run(Thread.java:748)&#10;&quot;ChunkWriter-0-0&quot; daemon prio=5 tid=5066 in Object.wait()&#10;java.lang.Thread.State: WAITING (on object monitor)&#10;        at sun.misc.Unsafe.park(Native Method)&#10;        at java.util.concurrent.locks.LockSupport.park(LockSupport.java:175)&#10;        at java.util.concurrent.locks.AbstractQueuedSynchronizer$ConditionObject.await(AbstractQueuedSynchronizer.java:2039)&#10;        at java.util.concurrent.LinkedBlockingDeque.takeFirst(LinkedBlockingDeque.java:492)&#10;        at java.util.concurrent.LinkedBlockingDeque.take(LinkedBlockingDeque.java:680)&#10;        at java.util.concurrent.ThreadPoolExecutor.getTask(ThreadPoolExecutor.java:1074)&#10;        at java.util.concurrent.ThreadPoolExecutor.runWorker(ThreadPoolExecutor.java:1134)&#10;        at java.util.concurrent.ThreadPoolExecutor$Worker.run(ThreadPoolExecutor.java:624)&#10;        at java.lang.Thread.run(Thread.java:748)&#10;&quot;qtp1834632129-4924&quot; daemon prio=5 tid=4924 timed_waiting&#10;java.lang.Thread.State: TIMED_WAITING&#10;        at sun.misc.Unsafe.park(Native Method)&#10;        at java.util.concurrent.locks.LockSupport.parkNanos(LockSupport.java:215)&#10;        at java.util.concurrent.locks.AbstractQueuedSynchronizer$ConditionObject.awaitNanos(AbstractQueuedSynchronizer.java:2078)&#10;        at org.eclipse.jetty.util.BlockingArrayQueue.poll(BlockingArrayQueue.java:382)&#10;        at org.eclipse.jetty.util.thread.QueuedThreadPool$Runner.idleJobPoll(QueuedThreadPool.java:974)&#10;        at org.eclipse.jetty.util.thread.QueuedThreadPool$Runner.run(QueuedThreadPool.java:1018)&#10;        at java.lang.Thread.run(Thread.java:748)&#10;&quot;IPC Parameter Sending Thread #1&quot; daemon prio=5 tid=7364 timed_waiting&#10;java.lang.Thread.State: TIMED_WAITING&#10;        at sun.misc.Unsafe.park(Native Method)&#10;        at java.util.concurrent.locks.LockSupport.parkNanos(LockSupport.java:215)&#10;        at java.util.concurrent.SynchronousQueue$TransferStack.awaitFulfill(SynchronousQueue.java:460)&#10;        at java.util.concurrent.SynchronousQueue$TransferStack.transfer(SynchronousQueue.java:362)&#10;        at java.util.concurrent.SynchronousQueue.poll(SynchronousQueue.java:941)&#10;        at java.util.concurrent.ThreadPoolExecutor.getTask(ThreadPoolExecutor.java:1073)&#10;        at java.util.concurrent.ThreadPoolExecutor.runWorker(ThreadPoolExecutor.java:1134)&#10;        at java.util.concurrent.ThreadPoolExecutor$Worker.run(ThreadPoolExecutor.java:624)&#10;        at java.lang.Thread.run(Thread.java:748)&#10;&quot;ChunkWriter-2-0&quot; daemon prio=5 tid=5055 in Object.wait()&#10;java.lang.Thread.State: WAITING (on object monitor)&#10;        at sun.misc.Unsafe.park(Native Method)&#10;        at java.util.concurrent.locks.LockSupport.park(LockSupport.java:175)&#10;        at java.util.concurrent.locks.AbstractQueuedSynchronizer$ConditionObject.await(AbstractQueuedSynchronizer.java:2039)&#10;        at java.util.concurrent.LinkedBlockingDeque.takeFirst(LinkedBlockingDeque.java:492)&#10;        at java.util.concurrent.LinkedBlockingDeque.take(LinkedBlockingDeque.java:680)&#10;        at java.util.concurrent.ThreadPoolExecutor.getTask(ThreadPoolExecutor.java:1074)&#10;        at java.util.concurrent.ThreadPoolExecutor.runWorker(ThreadPoolExecutor.java:1134)&#10;        at java.util.concurrent.ThreadPoolExecutor$Worker.run(ThreadPoolExecutor.java:624)&#10;        at java.lang.Thread.run(Thread.java:748)&#10;&quot;org.apache.ratis.util.JvmPauseMonitor$$Lambda$531/1624044696@2392ebbb&quot; daemon prio=5 tid=4939 timed_waiting&#10;java.lang.Thread.State: TIMED_WAITING&#10;        at java.lang.Thread.sleep(Native Method)&#10;        at java.lang.Thread.sleep(Thread.java:340)&#10;        at java.util.concurrent.TimeUnit.sleep(TimeUnit.java:386)&#10;        at org.apache.ratis.util.TimeDuration.sleep(TimeDuration.java:324)&#10;        at org.apache.ratis.util.TimeDuration.sleep(TimeDuration.java:309)&#10;        at org.apache.ratis.util.JvmPauseMonitor.detectPause(JvmPauseMonitor.java:117)&#10;        at org.apache.ratis.util.JvmPauseMonitor.run(JvmPauseMonitor.java:106)&#10;        at org.apache.ratis.util.JvmPauseMonitor$$Lambda$531/1624044696.run(Unknown Source)&#10;        at java.lang.Thread.run(Thread.java:748)&#10;&quot;Datanode State Machine Task Thread - 0&quot;  prio=5 tid=5049 in Object.wait()&#10;java.lang.Thread.State: WAITING (on object monitor)&#10;        at sun.misc.Unsafe.park(Native Method)&#10;        at java.util.concurrent.locks.LockSupport.park(LockSupport.java:175)&#10;        at java.util.concurrent.locks.AbstractQueuedSynchronizer$ConditionObject.await(AbstractQueuedSynchronizer.java:2039)&#10;        at java.util.concurrent.LinkedBlockingQueue.take(LinkedBlockingQueue.java:442)&#10;        at java.util.concurrent.ThreadPoolExecutor.getTask(ThreadPoolExecutor.java:1074)&#10;        at java.util.concurrent.ThreadPoolExecutor.runWorker(ThreadPoolExecutor.java:1134)&#10;        at java.util.concurrent.ThreadPoolExecutor$Worker.run(ThreadPoolExecutor.java:624)&#10;        at java.lang.Thread.run(Thread.java:748)&#10;&quot;Datanode ReportManager Thread - 2&quot; daemon prio=5 tid=5017 in Object.wait()&#10;java.lang.Thread.State: WAITING (on object monitor)&#10;        at sun.misc.Unsafe.park(Native Method)&#10;        at java.util.concurrent.locks.LockSupport.park(LockSupport.java:175)&#10;        at java.util.concurrent.locks.AbstractQueuedSynchronizer$ConditionObject.await(AbstractQueuedSynchronizer.java:2039)&#10;        at java.util.concurrent.ScheduledThreadPoolExecutor$DelayedWorkQueue.take(ScheduledThreadPoolExecutor.java:1088)&#10;        at java.util.concurrent.ScheduledThreadPoolExecutor$DelayedWorkQueue.take(ScheduledThreadPoolExecutor.java:809)&#10;        at java.util.concurrent.ThreadPoolExecutor.getTask(ThreadPoolExecutor.java:1074)&#10;        at java.util.concurrent.ThreadPoolExecutor.runWorker(ThreadPoolExecutor.java:1134)&#10;        at java.util.concurrent.ThreadPoolExecutor$Worker.run(ThreadPoolExecutor.java:624)&#10;        at java.lang.Thread.run(Thread.java:748)&#10;&quot;EventQueue-CloseContainerForCloseContainerEventHandler&quot;  prio=5 tid=7616 in Object.wait()&#10;java.lang.Thread.State: WAITING (on object monitor)&#10;        at sun.misc.Unsafe.park(Native Method)&#10;        at java.util.concurrent.locks.LockSupport.park(LockSupport.java:175)&#10;        at java.util.concurrent.locks.AbstractQueuedSynchronizer$ConditionObject.await(AbstractQueuedSynchronizer.java:2039)&#10;        at java.util.concurrent.LinkedBlockingQueue.take(LinkedBlockingQueue.java:442)&#10;        at java.util.concurrent.ThreadPoolExecutor.getTask(ThreadPoolExecutor.java:1074)&#10;        at java.util.concurrent.ThreadPoolExecutor.runWorker(ThreadPoolExecutor.java:1134)&#10;        at java.util.concurrent.ThreadPoolExecutor$Worker.run(ThreadPoolExecutor.java:624)&#10;        at java.lang.Thread.run(Thread.java:748)&#10;&quot;IPC Server handler 10 on default port 35463&quot; daemon prio=5 tid=4904 timed_waiting&#10;java.lang.Thread.State: TIMED_WAITING&#10;        at sun.misc.Unsafe.park(Native Method)&#10;        at java.util.concurrent.locks.LockSupport.parkNanos(LockSupport.java:215)&#10;        at java.util.concurrent.locks.AbstractQueuedSynchronizer$ConditionObject.awaitNanos(AbstractQueuedSynchronizer.java:2078)&#10;        at java.util.concurrent.LinkedBlockingQueue.poll(LinkedBlockingQueue.java:467)&#10;        at org.apache.hadoop.ipc.CallQueueManager.take(CallQueueManager.java:317)&#10;        at org.apache.hadoop.ipc.Server$Handler.run(Server.java:2932)&#10;&quot;EndpointStateMachine task thread for /0.0.0.0:36703 - 0 &quot;  prio=5 tid=4122 in Object.wait()&#10;java.lang.Thread.State: WAITING (on object monitor)&#10;        at sun.misc.Unsafe.park(Native Method)&#10;        at java.util.concurrent.locks.LockSupport.park(LockSupport.java:175)&#10;        at java.util.concurrent.locks.AbstractQueuedSynchronizer$ConditionObject.await(AbstractQueuedSynchronizer.java:2039)&#10;        at java.util.concurrent.LinkedBlockingQueue.take(LinkedBlockingQueue.java:442)&#10;        at java.util.concurrent.ThreadPoolExecutor.getTask(ThreadPoolExecutor.java:1074)&#10;        at java.util.concurrent.ThreadPoolExecutor.runWorker(ThreadPoolExecutor.java:1134)&#10;        at java.util.concurrent.ThreadPoolExecutor$Worker.run(ThreadPoolExecutor.java:624)&#10;        at java.lang.Thread.run(Thread.java:748)&#10;&quot;grpc-default-worker-ELG-3-2&quot; daemon prio=5 tid=307 runnable&#10;java.lang.Thread.State: RUNNABLE&#10;        at org.apache.ratis.thirdparty.io.netty.channel.epoll.Native.epollWait(Native Method)&#10;        at org.apache.ratis.thirdparty.io.netty.channel.epoll.Native.epollWait(Native.java:177)&#10;        at org.apache.ratis.thirdparty.io.netty.channel.epoll.Native.epollWait(Native.java:170)&#10;        at org.apache.ratis.thirdparty.io.netty.channel.epoll.EpollEventLoop.epollWaitNoTimerChange(EpollEventLoop.java:290)&#10;        at org.apache.ratis.thirdparty.io.netty.channel.epoll.EpollEventLoop.run(EpollEventLoop.java:347)&#10;        at org.apache.ratis.thirdparty.io.netty.util.concurrent.SingleThreadEventExecutor$4.run(SingleThreadEventExecutor.java:989)&#10;        at org.apache.ratis.thirdparty.io.netty.util.internal.ThreadExecutorMap$2.run(ThreadExecutorMap.java:74)&#10;        at org.apache.ratis.thirdparty.io.netty.util.concurrent.FastThreadLocalRunnable.run(FastThreadLocalRunnable.java:30)&#10;        at java.lang.Thread.run(Thread.java:748)&#10;&quot;IPC Server handler 2 on default port 43167&quot; daemon prio=5 tid=4876 timed_waiting&#10;java.lang.Thread.State: TIMED_WAITING&#10;        at sun.misc.Unsafe.park(Native Method)&#10;        at java.util.concurrent.locks.LockSupport.parkNanos(LockSupport.java:215)&#10;        at java.util.concurrent.locks.AbstractQueuedSynchronizer$ConditionObject.awaitNanos(AbstractQueuedSynchronizer.java:2078)&#10;        at java.util.concurrent.LinkedBlockingQueue.poll(LinkedBlockingQueue.java:467)&#10;        at org.apache.hadoop.ipc.CallQueueManager.take(CallQueueManager.java:317)&#10;        at org.apache.hadoop.ipc.Server$Handler.run(Server.java:2932)&#10;&quot;EventQueue-ContainerReportForContainerReportHandler&quot; daemon prio=5 tid=5108 in Object.wait()&#10;java.lang.Thread.State: WAITING (on object monitor)&#10;        at sun.misc.Unsafe.park(Native Method)&#10;        at java.util.concurrent.locks.LockSupport.park(LockSupport.java:175)&#10;        at java.util.concurrent.locks.AbstractQueuedSynchronizer$ConditionObject.await(AbstractQueuedSynchronizer.java:2039)&#10;        at java.util.concurrent.LinkedBlockingQueue.take(LinkedBlockingQueue.java:442)&#10;        at java.util.concurrent.ThreadPoolExecutor.getTask(ThreadPoolExecutor.java:1074)&#10;        at java.util.concurrent.ThreadPoolExecutor.runWorker(ThreadPoolExecutor.java:1134)&#10;        at java.util.concurrent.ThreadPoolExecutor$Worker.run(ThreadPoolExecutor.java:624)&#10;        at java.lang.Thread.run(Thread.java:748)&#10;&quot;pool-467-thread-7&quot;  prio=5 tid=5221 in Object.wait()&#10;java.lang.Thread.State: WAITING (on object monitor)&#10;        at sun.misc.Unsafe.park(Native Method)&#10;        at java.util.concurrent.locks.LockSupport.park(LockSupport.java:175)&#10;        at java.util.concurrent.locks.AbstractQueuedSynchronizer$ConditionObject.await(AbstractQueuedSynchronizer.java:2039)&#10;        at java.util.concurrent.LinkedBlockingQueue.take(LinkedBlockingQueue.java:442)&#10;        at java.util.concurrent.ThreadPoolExecutor.getTask(ThreadPoolExecutor.java:1074)&#10;        at java.util.concurrent.ThreadPoolExecutor.runWorker(ThreadPoolExecutor.java:1134)&#10;        at java.util.concurrent.ThreadPoolExecutor$Worker.run(ThreadPoolExecutor.java:624)&#10;        at java.lang.Thread.run(Thread.java:748)&#10;&quot;grpc-default-boss-ELG-5-1&quot; daemon prio=5 tid=4938 runnable&#10;java.lang.Thread.State: RUNNABLE&#10;        at org.apache.ratis.thirdparty.io.netty.channel.epoll.Native.epollWait(Native Method)&#10;        at org.apache.ratis.thirdparty.io.netty.channel.epoll.Native.epollWait(Native.java:177)&#10;        at org.apache.ratis.thirdparty.io.netty.channel.epoll.Native.epollWait(Native.java:170)&#10;        at org.apache.ratis.thirdparty.io.netty.channel.epoll.EpollEventLoop.epollWaitNoTimerChange(EpollEventLoop.java:290)&#10;        at org.apache.ratis.thirdparty.io.netty.channel.epoll.EpollEventLoop.run(EpollEventLoop.java:347)&#10;        at org.apache.ratis.thirdparty.io.netty.util.concurrent.SingleThreadEventExecutor$4.run(SingleThreadEventExecutor.java:989)&#10;        at org.apache.ratis.thirdparty.io.netty.util.internal.ThreadExecutorMap$2.run(ThreadExecutorMap.java:74)&#10;        at org.apache.ratis.thirdparty.io.netty.util.concurrent.FastThreadLocalRunnable.run(FastThreadLocalRunnable.java:30)&#10;        at java.lang.Thread.run(Thread.java:748)&#10;&quot;ForkJoinPool.commonPool-worker-1&quot; daemon prio=5 tid=5187 timed_waiting&#10;java.lang.Thread.State: TIMED_WAITING&#10;        at sun.misc.Unsafe.park(Native Method)&#10;        at java.util.concurrent.ForkJoinPool.awaitWork(ForkJoinPool.java:1824)&#10;        at java.util.concurrent.ForkJoinPool.runWorker(ForkJoinPool.java:1693)&#10;        at java.util.concurrent.ForkJoinWorkerThread.run(ForkJoinWorkerThread.java:175)&#10;&quot;EndpointStateMachine task thread for /0.0.0.0:36703 - 0 &quot;  prio=5 tid=4736 in Object.wait()&#10;java.lang.Thread.State: WAITING (on object monitor)&#10;        at sun.misc.Unsafe.park(Native Method)&#10;        at java.util.concurrent.locks.LockSupport.park(LockSupport.java:175)&#10;        at java.util.concurrent.locks.AbstractQueuedSynchronizer$ConditionObject.await(AbstractQueuedSynchronizer.java:2039)&#10;        at java.util.concurrent.LinkedBlockingQueue.take(LinkedBlockingQueue.java:442)&#10;        at java.util.concurrent.ThreadPoolExecutor.getTask(ThreadPoolExecutor.java:1074)&#10;        at java.util.concurrent.ThreadPoolExecutor.runWorker(ThreadPoolExecutor.java:1134)&#10;        at java.util.concurrent.ThreadPoolExecutor$Worker.run(ThreadPoolExecutor.java:624)&#10;        at java.lang.Thread.run(Thread.java:748)&#10;&quot;Session-HouseKeeper-21ce7fca-1&quot;  prio=5 tid=4951 timed_waiting&#10;java.lang.Thread.State: TIMED_WAITING&#10;        at sun.misc.Unsafe.park(Native Method)&#10;        at java.util.concurrent.locks.LockSupport.parkNanos(LockSupport.java:215)&#10;        at java.util.concurrent.locks.AbstractQueuedSynchronizer$ConditionObject.awaitNanos(AbstractQueuedSynchronizer.java:2078)&#10;        at java.util.concurrent.ScheduledThreadPoolExecutor$DelayedWorkQueue.take(ScheduledThreadPoolExecutor.java:1093)&#10;        at java.util.concurrent.ScheduledThreadPoolExecutor$DelayedWorkQueue.take(ScheduledThreadPoolExecutor.java:809)&#10;        at java.util.concurrent.ThreadPoolExecutor.getTask(ThreadPoolExecutor.java:1074)&#10;        at java.util.concurrent.ThreadPoolExecutor.runWorker(ThreadPoolExecutor.java:1134)&#10;        at java.util.concurrent.ThreadPoolExecutor$Worker.run(ThreadPoolExecutor.java:624)&#10;        at java.lang.Thread.run(Thread.java:748)&#10;&quot;EventQueue-ContainerReportForContainerReportHandler&quot; daemon prio=5 tid=5117 in Object.wait()&#10;java.lang.Thread.State: WAITING (on object monitor)&#10;        at sun.misc.Unsafe.park(Native Method)&#10;        at java.util.concurrent.locks.LockSupport.park(LockSupport.java:175)&#10;        at java.util.concurrent.locks.AbstractQueuedSynchronizer$ConditionObject.await(AbstractQueuedSynchronizer.java:2039)&#10;        at java.util.concurrent.LinkedBlockingQueue.take(LinkedBlockingQueue.java:442)&#10;        at java.util.concurrent.ThreadPoolExecutor.getTask(ThreadPoolExecutor.java:1074)&#10;        at java.util.concurrent.ThreadPoolExecutor.runWorker(ThreadPoolExecutor.java:1134)&#10;        at java.util.concurrent.ThreadPoolExecutor$Worker.run(ThreadPoolExecutor.java:624)&#10;        at java.lang.Thread.run(Thread.java:748)&#10;&quot;pool-465-thread-3&quot;  prio=5 tid=5184 in Object.wait()&#10;java.lang.Thread.State: WAITING (on object monitor)&#10;        at sun.misc.Unsafe.park(Native Method)&#10;        at java.util.concurrent.locks.LockSupport.park(LockSupport.java:175)&#10;        at java.util.concurrent.locks.AbstractQueuedSynchronizer$ConditionObject.await(AbstractQueuedSynchronizer.java:2039)&#10;        at java.util.concurrent.LinkedBlockingQueue.take(LinkedBlockingQueue.java:442)&#10;        at java.util.concurrent.ThreadPoolExecutor.getTask(ThreadPoolExecutor.java:1074)&#10;        at java.util.concurrent.ThreadPoolExecutor.runWorker(ThreadPoolExecutor.java:1134)&#10;        at java.util.concurrent.ThreadPoolExecutor$Worker.run(ThreadPoolExecutor.java:624)&#10;        at java.lang.Thread.run(Thread.java:748)&#10;&quot;grpc-default-executor-1&quot; daemon prio=5 tid=312 timed_waiting&#10;java.lang.Thread.State: TIMED_WAITING&#10;        at sun.misc.Unsafe.park(Native Method)&#10;        at java.util.concurrent.locks.LockSupport.parkNanos(LockSupport.java:215)&#10;        at java.util.concurrent.SynchronousQueue$TransferStack.awaitFulfill(SynchronousQueue.java:460)&#10;        at java.util.concurrent.SynchronousQueue$TransferStack.transfer(SynchronousQueue.java:362)&#10;        at java.util.concurrent.SynchronousQueue.poll(SynchronousQueue.java:941)&#10;        at java.util.concurrent.ThreadPoolExecutor.getTask(ThreadPoolExecutor.java:1073)&#10;        at java.util.concurrent.ThreadPoolExecutor.runWorker(ThreadPoolExecutor.java:1134)&#10;        at java.util.concurrent.ThreadPoolExecutor$Worker.run(ThreadPoolExecutor.java:624)&#10;        at java.lang.Thread.run(Thread.java:748)&#10;&quot;IPC Server handler 2 on default port 35463&quot; daemon prio=5 tid=4896 timed_waiting&#10;java.lang.Thread.State: TIMED_WAITING&#10;        at sun.misc.Unsafe.park(Native Method)&#10;        at java.util.concurrent.locks.LockSupport.parkNanos(LockSupport.java:215)&#10;        at java.util.concurrent.locks.AbstractQueuedSynchronizer$ConditionObject.awaitNanos(AbstractQueuedSynchronizer.java:2078)&#10;        at java.util.concurrent.LinkedBlockingQueue.poll(LinkedBlockingQueue.java:467)&#10;        at org.apache.hadoop.ipc.CallQueueManager.take(CallQueueManager.java:317)&#10;        at org.apache.hadoop.ipc.Server$Handler.run(Server.java:2932)&#10;&quot;IPC Server handler 11 on default port 43569&quot; daemon prio=5 tid=4963 timed_waiting&#10;java.lang.Thread.State: TIMED_WAITING&#10;        at sun.misc.Unsafe.park(Native Method)&#10;        at java.util.concurrent.locks.LockSupport.parkNanos(LockSupport.java:215)&#10;        at java.util.concurrent.locks.AbstractQueuedSynchronizer$ConditionObject.awaitNanos(AbstractQueuedSynchronizer.java:2078)&#10;        at java.util.concurrent.LinkedBlockingQueue.poll(LinkedBlockingQueue.java:467)&#10;        at org.apache.hadoop.ipc.CallQueueManager.take(CallQueueManager.java:317)&#10;        at org.apache.hadoop.ipc.Server$Handler.run(Server.java:2932)&#10;&quot;Periodic HDDS volume checker&quot; daemon prio=5 tid=4999 timed_waiting&#10;java.lang.Thread.State: TIMED_WAITING&#10;        at sun.misc.Unsafe.park(Native Method)&#10;        at java.util.concurrent.locks.LockSupport.parkNanos(LockSupport.java:215)&#10;        at java.util.concurrent.locks.AbstractQueuedSynchronizer$ConditionObject.awaitNanos(AbstractQueuedSynchronizer.java:2078)&#10;        at java.util.concurrent.ScheduledThreadPoolExecutor$DelayedWorkQueue.take(ScheduledThreadPoolExecutor.java:1093)&#10;        at java.util.concurrent.ScheduledThreadPoolExecutor$DelayedWorkQueue.take(ScheduledThreadPoolExecutor.java:809)&#10;        at java.util.concurrent.ThreadPoolExecutor.getTask(ThreadPoolExecutor.java:1074)&#10;        at java.util.concurrent.ThreadPoolExecutor.runWorker(ThreadPoolExecutor.java:1134)&#10;        at java.util.concurrent.ThreadPoolExecutor$Worker.run(ThreadPoolExecutor.java:624)&#10;        at java.lang.Thread.run(Thread.java:748)&#10;&quot;ChunkWriter-2-0&quot; daemon prio=5 tid=5068 in Object.wait()&#10;java.lang.Thread.State: WAITING (on object monitor)&#10;        at sun.misc.Unsafe.park(Native Method)&#10;        at java.util.concurrent.locks.LockSupport.park(LockSupport.java:175)&#10;        at java.util.concurrent.locks.AbstractQueuedSynchronizer$ConditionObject.await(AbstractQueuedSynchronizer.java:2039)&#10;        at java.util.concurrent.LinkedBlockingDeque.takeFirst(LinkedBlockingDeque.java:492)&#10;        at java.util.concurrent.LinkedBlockingDeque.take(LinkedBlockingDeque.java:680)&#10;        at java.util.concurrent.ThreadPoolExecutor.getTask(ThreadPoolExecutor.java:1074)&#10;        at java.util.concurrent.ThreadPoolExecutor.runWorker(ThreadPoolExecutor.java:1134)&#10;        at java.util.concurrent.ThreadPoolExecutor$Worker.run(ThreadPoolExecutor.java:624)&#10;        at java.lang.Thread.run(Thread.java:748)&#10;&quot;qtp1834632129-4923&quot; daemon prio=5 tid=4923 timed_waiting&#10;java.lang.Thread.State: TIMED_WAITING&#10;        at sun.misc.Unsafe.park(Native Method)&#10;        at java.util.concurrent.locks.LockSupport.parkNanos(LockSupport.java:215)&#10;        at java.util.concurrent.locks.AbstractQueuedSynchronizer$ConditionObject.awaitNanos(AbstractQueuedSynchronizer.java:2078)&#10;        at org.eclipse.jetty.util.BlockingArrayQueue.poll(BlockingArrayQueue.java:382)&#10;        at org.eclipse.jetty.util.thread.QueuedThreadPool$Runner.idleJobPoll(QueuedThreadPool.java:974)&#10;        at org.eclipse.jetty.util.thread.QueuedThreadPool$Runner.run(QueuedThreadPool.java:1018)&#10;        at java.lang.Thread.run(Thread.java:748)&#10;&quot;org.apache.hadoop.ozone.container.common.statemachine.commandhandler.DeleteBlocksCommandHandler$DeleteCmdWorker@591f5945&quot; daemon prio=5 tid=186 runnable&#10;java.lang.Thread.State: RUNNABLE&#10;        at java.lang.Thread.sleep(Native Method)&#10;        at org.apache.hadoop.ozone.container.common.statemachine.commandhandler.DeleteBlocksCommandHandler$DeleteCmdWorker.run(DeleteBlocksCommandHandler.java:174)&#10;        at java.lang.Thread.run(Thread.java:748)&#10;&quot;Datanode ReportManager Thread - 1&quot; daemon prio=5 tid=4991 in Object.wait()&#10;java.lang.Thread.State: WAITING (on object monitor)&#10;        at sun.misc.Unsafe.park(Native Method)&#10;        at java.util.concurrent.locks.LockSupport.park(LockSupport.java:175)&#10;        at java.util.concurrent.locks.AbstractQueuedSynchronizer$ConditionObject.await(AbstractQueuedSynchronizer.java:2039)&#10;        at java.util.concurrent.ScheduledThreadPoolExecutor$DelayedWorkQueue.take(ScheduledThreadPoolExecutor.java:1088)&#10;        at java.util.concurrent.ScheduledThreadPoolExecutor$DelayedWorkQueue.take(ScheduledThreadPoolExecutor.java:809)&#10;        at java.util.concurrent.ThreadPoolExecutor.getTask(ThreadPoolExecutor.java:1074)&#10;        at java.util.concurrent.ThreadPoolExecutor.runWorker(ThreadPoolExecutor.java:1134)&#10;        at java.util.concurrent.ThreadPoolExecutor$Worker.run(ThreadPoolExecutor.java:624)&#10;        at java.lang.Thread.run(Thread.java:748)&#10;&quot;qtp1834632129-4922&quot; daemon prio=5 tid=4922 timed_waiting&#10;java.lang.Thread.State: TIMED_WAITING&#10;        at sun.misc.Unsafe.park(Native Method)&#10;        at java.util.concurrent.locks.LockSupport.parkNanos(LockSupport.java:215)&#10;        at java.util.concurrent.locks.AbstractQueuedSynchronizer$ConditionObject.awaitNanos(AbstractQueuedSynchronizer.java:2078)&#10;        at org.eclipse.jetty.util.BlockingArrayQueue.poll(BlockingArrayQueue.java:382)&#10;        at org.eclipse.jetty.util.thread.QueuedThreadPool$Runner.idleJobPoll(QueuedThreadPool.java:974)&#10;        at org.eclipse.jetty.util.thread.QueuedThreadPool$Runner.run(QueuedThreadPool.java:1018)&#10;        at java.lang.Thread.run(Thread.java:748)&#10;&quot;PartialTableCache Cleanup Thread - 0&quot; daemon prio=5 tid=345 in Object.wait()&#10;java.lang.Thread.State: WAITING (on object monitor)&#10;        at sun.misc.Unsafe.park(Native Method)&#10;        at java.util.concurrent.locks.LockSupport.park(LockSupport.java:175)&#10;        at java.util.concurrent.locks.AbstractQueuedSynchronizer$ConditionObject.await(AbstractQueuedSynchronizer.java:2039)&#10;        at java.util.concurrent.LinkedBlockingQueue.take(LinkedBlockingQueue.java:442)&#10;        at java.util.concurrent.ThreadPoolExecutor.getTask(ThreadPoolExecutor.java:1074)&#10;        at java.util.concurrent.ThreadPoolExecutor.runWorker(ThreadPoolExecutor.java:1134)&#10;        at java.util.concurrent.ThreadPoolExecutor$Worker.run(ThreadPoolExecutor.java:624)&#10;        at java.lang.Thread.run(Thread.java:748)&#10;&quot;Finalizer&quot; daemon prio=8 tid=3 in Object.wait()&#10;java.lang.Thread.State: WAITING (on object monitor)&#10;        at java.lang.Object.wait(Native Method)&#10;        at java.lang.ref.ReferenceQueue.remove(ReferenceQueue.java:144)&#10;        at java.lang.ref.ReferenceQueue.remove(ReferenceQueue.java:165)&#10;        at java.lang.ref.Finalizer$FinalizerThread.run(Finalizer.java:216)&#10;&quot;IPC Server handler 9 on default port 43569&quot; daemon prio=5 tid=4961 timed_waiting&#10;java.lang.Thread.State: TIMED_WAITING&#10;        at sun.misc.Unsafe.park(Native Method)&#10;        at java.util.concurrent.locks.LockSupport.parkNanos(LockSupport.java:215)&#10;        at java.util.concurrent.locks.AbstractQueuedSynchronizer$ConditionObject.awaitNanos(AbstractQueuedSynchronizer.java:2078)&#10;        at java.util.concurrent.LinkedBlockingQueue.poll(LinkedBlockingQueue.java:467)&#10;        at org.apache.hadoop.ipc.CallQueueManager.take(CallQueueManager.java:317)&#10;        at org.apache.hadoop.ipc.Server$Handler.run(Server.java:2932)&#10;&quot;IPC Server handler 18 on default port 43569&quot; daemon prio=5 tid=4970 timed_waiting&#10;java.lang.Thread.State: TIMED_WAITING&#10;        at sun.misc.Unsafe.park(Native Method)&#10;        at java.util.concurrent.locks.LockSupport.parkNanos(LockSupport.java:215)&#10;        at java.util.concurrent.locks.AbstractQueuedSynchronizer$ConditionObject.awaitNanos(AbstractQueuedSynchronizer.java:2078)&#10;        at java.util.concurrent.LinkedBlockingQueue.poll(LinkedBlockingQueue.java:467)&#10;        at org.apache.hadoop.ipc.CallQueueManager.take(CallQueueManager.java:317)&#10;        at org.apache.hadoop.ipc.Server$Handler.run(Server.java:2932)&#10;&quot;BlockDeletingService#8&quot; daemon prio=5 tid=5077 in Object.wait()&#10;java.lang.Thread.State: WAITING (on object monitor)&#10;        at sun.misc.Unsafe.park(Native Method)&#10;        at java.util.concurrent.locks.LockSupport.park(LockSupport.java:175)&#10;        at java.util.concurrent.locks.AbstractQueuedSynchronizer$ConditionObject.await(AbstractQueuedSynchronizer.java:2039)&#10;        at java.util.concurrent.ScheduledThreadPoolExecutor$DelayedWorkQueue.take(ScheduledThreadPoolExecutor.java:1088)&#10;        at java.util.concurrent.ScheduledThreadPoolExecutor$DelayedWorkQueue.take(ScheduledThreadPoolExecutor.java:809)&#10;        at java.util.concurrent.ThreadPoolExecutor.getTask(ThreadPoolExecutor.java:1074)&#10;        at java.util.concurrent.ThreadPoolExecutor.runWorker(ThreadPoolExecutor.java:1134)&#10;        at java.util.concurrent.ThreadPoolExecutor$Worker.run(ThreadPoolExecutor.java:624)&#10;        at java.lang.Thread.run(Thread.java:748)&#10;&quot;KeyDeletingService#0&quot; daemon prio=5 tid=4941 timed_waiting&#10;java.lang.Thread.State: TIMED_WAITING&#10;        at sun.misc.Unsafe.park(Native Method)&#10;        at java.util.concurrent.locks.LockSupport.parkNanos(LockSupport.java:215)&#10;        at java.util.concurrent.locks.AbstractQueuedSynchronizer$ConditionObject.awaitNanos(AbstractQueuedSynchronizer.java:2078)&#10;        at java.util.concurrent.ScheduledThreadPoolExecutor$DelayedWorkQueue.take(ScheduledThreadPoolExecutor.java:1093)&#10;        at java.util.concurrent.ScheduledThreadPoolExecutor$DelayedWorkQueue.take(ScheduledThreadPoolExecutor.java:809)&#10;        at java.util.concurrent.ThreadPoolExecutor.getTask(ThreadPoolExecutor.java:1074)&#10;        at java.util.concurrent.ThreadPoolExecutor.runWorker(ThreadPoolExecutor.java:1134)&#10;        at java.util.concurrent.ThreadPoolExecutor$Worker.run(ThreadPoolExecutor.java:624)&#10;        at java.lang.Thread.run(Thread.java:748)&#10;&quot;IPC Server handler 13 on default port 35463&quot; daemon prio=5 tid=4907 timed_waiting&#10;java.lang.Thread.State: TIMED_WAITING&#10;        at sun.misc.Unsafe.park(Native Method)&#10;        at java.util.concurrent.locks.LockSupport.parkNanos(LockSupport.java:215)&#10;        at java.util.concurrent.locks.AbstractQueuedSynchronizer$ConditionObject.awaitNanos(AbstractQueuedSynchronizer.java:2078)&#10;        at java.util.concurrent.LinkedBlockingQueue.poll(LinkedBlockingQueue.java:467)&#10;        at org.apache.hadoop.ipc.CallQueueManager.take(CallQueueManager.java:317)&#10;        at org.apache.hadoop.ipc.Server$Handler.run(Server.java:2932)&#10;&quot;Datanode ReportManager Thread - 3&quot; daemon prio=5 tid=5045 in Object.wait()&#10;java.lang.Thread.State: WAITING (on object monitor)&#10;        at sun.misc.Unsafe.park(Native Method)&#10;        at java.util.concurrent.locks.LockSupport.park(LockSupport.java:175)&#10;        at java.util.concurrent.locks.AbstractQueuedSynchronizer$ConditionObject.await(AbstractQueuedSynchronizer.java:2039)&#10;        at java.util.concurrent.ScheduledThreadPoolExecutor$DelayedWorkQueue.take(ScheduledThreadPoolExecutor.java:1088)&#10;        at java.util.concurrent.ScheduledThreadPoolExecutor$DelayedWorkQueue.take(ScheduledThreadPoolExecutor.java:809)&#10;        at java.util.concurrent.ThreadPoolExecutor.getTask(ThreadPoolExecutor.java:1074)&#10;        at java.util.concurrent.ThreadPoolExecutor.runWorker(ThreadPoolExecutor.java:1134)&#10;        at java.util.concurrent.ThreadPoolExecutor$Worker.run(ThreadPoolExecutor.java:624)&#10;        at java.lang.Thread.run(Thread.java:748)&#10;&quot;qtp652278729-5038&quot; daemon prio=5 tid=5038 timed_waiting&#10;java.lang.Thread.State: TIMED_WAITING&#10;        at sun.misc.Unsafe.park(Native Method)&#10;        at java.util.concurrent.locks.LockSupport.parkNanos(LockSupport.java:215)&#10;        at java.util.concurrent.locks.AbstractQueuedSynchronizer$ConditionObject.awaitNanos(AbstractQueuedSynchronizer.java:2078)&#10;        at org.eclipse.jetty.util.BlockingArrayQueue.poll(BlockingArrayQueue.java:382)&#10;        at org.eclipse.jetty.util.thread.QueuedThreadPool$Runner.idleJobPoll(QueuedThreadPool.java:974)&#10;        at org.eclipse.jetty.util.thread.QueuedThreadPool$Runner.run(QueuedThreadPool.java:1018)&#10;        at java.lang.Thread.run(Thread.java:748)&#10;&quot;IPC Server handler 9 on default port 37371&quot; daemon prio=5 tid=4863 timed_waiting&#10;java.lang.Thread.State: TIMED_WAITING&#10;        at sun.misc.Unsafe.park(Native Method)&#10;        at java.util.concurrent.locks.LockSupport.parkNanos(LockSupport.java:215)&#10;        at java.util.concurrent.locks.AbstractQueuedSynchronizer$ConditionObject.awaitNanos(AbstractQueuedSynchronizer.java:2078)&#10;        at java.util.concurrent.LinkedBlockingQueue.poll(LinkedBlockingQueue.java:467)&#10;        at org.apache.hadoop.ipc.CallQueueManager.take(CallQueueManager.java:317)&#10;        at org.apache.hadoop.ipc.Server$Handler.run(Server.java:2932)&#10;&quot;IPC Server handler 12 on default port 43569&quot; daemon prio=5 tid=4964 timed_waiting&#10;java.lang.Thread.State: TIMED_WAITING&#10;        at sun.misc.Unsafe.park(Native Method)&#10;        at java.util.concurrent.locks.LockSupport.parkNanos(LockSupport.java:215)&#10;        at java.util.concurrent.locks.AbstractQueuedSynchronizer$ConditionObject.awaitNanos(AbstractQueuedSynchronizer.java:2078)&#10;        at java.util.concurrent.LinkedBlockingQueue.poll(LinkedBlockingQueue.java:467)&#10;        at org.apache.hadoop.ipc.CallQueueManager.take(CallQueueManager.java:317)&#10;        at org.apache.hadoop.ipc.Server$Handler.run(Server.java:2932)&#10;&quot;Datanode State Machine Thread - 0&quot; daemon prio=5 tid=5041 timed_waiting&#10;java.lang.Thread.State: TIMED_WAITING&#10;        at java.lang.Thread.sleep(Native Method)&#10;        at org.apache.hadoop.ozone.container.common.statemachine.DatanodeStateMachine.start(DatanodeStateMachine.java:285)&#10;        at org.apache.hadoop.ozone.container.common.statemachine.DatanodeStateMachine.lambda$startDaemon$0(DatanodeStateMachine.java:456)&#10;        at org.apache.hadoop.ozone.container.common.statemachine.DatanodeStateMachine$$Lambda$569/1646977722.run(Unknown Source)&#10;        at java.lang.Thread.run(Thread.java:748)&#10;&quot;PartialTableCache Cleanup Thread - 0&quot; daemon prio=5 tid=5156 in Object.wait()&#10;java.lang.Thread.State: WAITING (on object monitor)&#10;        at sun.misc.Unsafe.park(Native Method)&#10;        at java.util.concurrent.locks.LockSupport.park(LockSupport.java:175)&#10;        at java.util.concurrent.locks.AbstractQueuedSynchronizer$ConditionObject.await(AbstractQueuedSynchronizer.java:2039)&#10;        at java.util.concurrent.LinkedBlockingQueue.take(LinkedBlockingQueue.java:442)&#10;        at java.util.concurrent.ThreadPoolExecutor.getTask(ThreadPoolExecutor.java:1074)&#10;        at java.util.concurrent.ThreadPoolExecutor.runWorker(ThreadPoolExecutor.java:1134)&#10;        at java.util.concurrent.ThreadPoolExecutor$Worker.run(ThreadPoolExecutor.java:624)&#10;        at java.lang.Thread.run(Thread.java:748)&#10;&quot;pool-467-thread-10&quot;  prio=5 tid=5235 in Object.wait()&#10;java.lang.Thread.State: WAITING (on object monitor)&#10;        at sun.misc.Unsafe.park(Native Method)&#10;        at java.util.concurrent.locks.LockSupport.park(LockSupport.java:175)&#10;        at java.util.concurrent.locks.AbstractQueuedSynchronizer$ConditionObject.await(AbstractQueuedSynchronizer.java:2039)&#10;        at java.util.concurrent.LinkedBlockingQueue.take(LinkedBlockingQueue.java:442)&#10;        at java.util.concurrent.ThreadPoolExecutor.getTask(ThreadPoolExecutor.java:1074)&#10;        at java.util.concurrent.ThreadPoolExecutor.runWorker(ThreadPoolExecutor.java:1134)&#10;        at java.util.concurrent.ThreadPoolExecutor$Worker.run(ThreadPoolExecutor.java:624)&#10;        at java.lang.Thread.run(Thread.java:748)&#10;&quot;qtp652278729-5037&quot; daemon prio=5 tid=5037 timed_waiting&#10;java.lang.Thread.State: TIMED_WAITING&#10;        at sun.misc.Unsafe.park(Native Method)&#10;        at java.util.concurrent.locks.LockSupport.parkNanos(LockSupport.java:215)&#10;        at java.util.concurrent.locks.AbstractQueuedSynchronizer$ConditionObject.awaitNanos(AbstractQueuedSynchronizer.java:2078)&#10;        at org.eclipse.jetty.util.BlockingArrayQueue.poll(BlockingArrayQueue.java:382)&#10;        at org.eclipse.jetty.util.thread.QueuedThreadPool$Runner.idleJobPoll(QueuedThreadPool.java:974)&#10;        at org.eclipse.jetty.util.thread.QueuedThreadPool$Runner.run(QueuedThreadPool.java:1018)&#10;        at java.lang.Thread.run(Thread.java:748)&#10;&quot;IPC Server handler 19 on default port 43167&quot; daemon prio=5 tid=4893 timed_waiting&#10;java.lang.Thread.State: TIMED_WAITING&#10;        at sun.misc.Unsafe.park(Native Method)&#10;        at java.util.concurrent.locks.LockSupport.parkNanos(LockSupport.java:215)&#10;        at java.util.concurrent.locks.AbstractQueuedSynchronizer$ConditionObject.awaitNanos(AbstractQueuedSynchronizer.java:2078)&#10;        at java.util.concurrent.LinkedBlockingQueue.poll(LinkedBlockingQueue.java:467)&#10;        at org.apache.hadoop.ipc.CallQueueManager.take(CallQueueManager.java:317)&#10;        at org.apache.hadoop.ipc.Server$Handler.run(Server.java:2932)&#10;&quot;IPC Server handler 8 on default port 43167&quot; daemon prio=5 tid=4882 timed_waiting&#10;java.lang.Thread.State: TIMED_WAITING&#10;        at sun.misc.Unsafe.park(Native Method)&#10;        at java.util.concurrent.locks.LockSupport.parkNanos(LockSupport.java:215)&#10;        at java.util.concurrent.locks.AbstractQueuedSynchronizer$ConditionObject.awaitNanos(AbstractQueuedSynchronizer.java:2078)&#10;        at java.util.concurrent.LinkedBlockingQueue.poll(LinkedBlockingQueue.java:467)&#10;        at org.apache.hadoop.ipc.CallQueueManager.take(CallQueueManager.java:317)&#10;        at org.apache.hadoop.ipc.Server$Handler.run(Server.java:2932)&#10;&quot;Signal Dispatcher&quot; daemon prio=9 tid=4 runnable&#10;java.lang.Thread.State: RUNNABLE&#10;&quot;PartialTableCache Cleanup Thread - 0&quot; daemon prio=5 tid=7611 in Object.wait()&#10;java.lang.Thread.State: WAITING (on object monitor)&#10;        at sun.misc.Unsafe.park(Native Method)&#10;        at java.util.concurrent.locks.LockSupport.park(LockSupport.java:175)&#10;        at java.util.concurrent.locks.AbstractQueuedSynchronizer$ConditionObject.await(AbstractQueuedSynchronizer.java:2039)&#10;        at java.util.concurrent.LinkedBlockingQueue.take(LinkedBlockingQueue.java:442)&#10;        at java.util.concurrent.ThreadPoolExecutor.getTask(ThreadPoolExecutor.java:1074)&#10;        at java.util.concurrent.ThreadPoolExecutor.runWorker(ThreadPoolExecutor.java:1134)&#10;        at java.util.concurrent.ThreadPoolExecutor$Worker.run(ThreadPoolExecutor.java:624)&#10;        at java.lang.Thread.run(Thread.java:748)&#10;&quot;Datanode State Machine Task Thread - 0&quot;  prio=5 tid=5022 in Object.wait()&#10;java.lang.Thread.State: WAITING (on object monitor)&#10;        at sun.misc.Unsafe.park(Native Method)&#10;        at java.util.concurrent.locks.LockSupport.park(LockSupport.java:175)&#10;        at java.util.concurrent.locks.AbstractQueuedSynchronizer$ConditionObject.await(AbstractQueuedSynchronizer.java:2039)&#10;        at java.util.concurrent.LinkedBlockingQueue.take(LinkedBlockingQueue.java:442)&#10;        at java.util.concurrent.ThreadPoolExecutor.getTask(ThreadPoolExecutor.java:1074)&#10;        at java.util.concurrent.ThreadPoolExecutor.runWorker(ThreadPoolExecutor.java:1134)&#10;        at java.util.concurrent.ThreadPoolExecutor$Worker.run(ThreadPoolExecutor.java:624)&#10;        at java.lang.Thread.run(Thread.java:748)&#10;&quot;IPC Server handler 3 on default port 37371&quot; daemon prio=5 tid=4857 timed_waiting&#10;java.lang.Thread.State: TIMED_WAITING&#10;        at sun.misc.Unsafe.park(Native Method)&#10;        at java.util.concurrent.locks.LockSupport.parkNanos(LockSupport.java:215)&#10;        at java.util.concurrent.locks.AbstractQueuedSynchronizer$ConditionObject.awaitNanos(AbstractQueuedSynchronizer.java:2078)&#10;        at java.util.concurrent.LinkedBlockingQueue.poll(LinkedBlockingQueue.java:467)&#10;        at org.apache.hadoop.ipc.CallQueueManager.take(CallQueueManager.java:317)&#10;        at org.apache.hadoop.ipc.Server$Handler.run(Server.java:2932)&#10;&quot;pool-406-thread-1&quot;  prio=5 tid=4930 in Object.wait()&#10;java.lang.Thread.State: WAITING (on object monitor)&#10;        at sun.misc.Unsafe.park(Native Method)&#10;        at java.util.concurrent.locks.LockSupport.park(LockSupport.java:175)&#10;        at java.util.concurrent.locks.AbstractQueuedSynchronizer$ConditionObject.await(AbstractQueuedSynchronizer.java:2039)&#10;        at java.util.concurrent.LinkedBlockingQueue.take(LinkedBlockingQueue.java:442)&#10;        at java.util.concurrent.ThreadPoolExecutor.getTask(ThreadPoolExecutor.java:1074)&#10;        at java.util.concurrent.ThreadPoolExecutor.runWorker(ThreadPoolExecutor.java:1134)&#10;        at java.util.concurrent.ThreadPoolExecutor$Worker.run(ThreadPoolExecutor.java:624)&#10;        at java.lang.Thread.run(Thread.java:748)&#10;&quot;IPC Server handler 8 on default port 37371&quot; daemon prio=5 tid=4862 timed_waiting&#10;java.lang.Thread.State: TIMED_WAITING&#10;        at sun.misc.Unsafe.park(Native Method)&#10;        at java.util.concurrent.locks.LockSupport.parkNanos(LockSupport.java:215)&#10;        at java.util.concurrent.locks.AbstractQueuedSynchronizer$ConditionObject.awaitNanos(AbstractQueuedSynchronizer.java:2078)&#10;        at java.util.concurrent.LinkedBlockingQueue.poll(LinkedBlockingQueue.java:467)&#10;        at org.apache.hadoop.ipc.CallQueueManager.take(CallQueueManager.java:317)&#10;        at org.apache.hadoop.ipc.Server$Handler.run(Server.java:2932)&#10;&quot;pool-419-thread-1&quot;  prio=5 tid=5118 in Object.wait()&#10;java.lang.Thread.State: WAITING (on object monitor)&#10;        at sun.misc.Unsafe.park(Native Method)&#10;        at java.util.concurrent.locks.LockSupport.park(LockSupport.java:175)&#10;        at java.util.concurrent.locks.AbstractQueuedSynchronizer$ConditionObject.await(AbstractQueuedSynchronizer.java:2039)&#10;        at java.util.concurrent.LinkedBlockingQueue.take(LinkedBlockingQueue.java:442)&#10;        at java.util.concurrent.ThreadPoolExecutor.getTask(ThreadPoolExecutor.java:1074)&#10;        at java.util.concurrent.ThreadPoolExecutor.runWorker(ThreadPoolExecutor.java:1134)&#10;        at java.util.concurrent.ThreadPoolExecutor$Worker.run(ThreadPoolExecutor.java:624)&#10;        at java.lang.Thread.run(Thread.java:748)&#10;&quot;OM StateMachine ApplyTransaction Thread - 0&quot; daemon prio=5 tid=5151 in Object.wait()&#10;java.lang.Thread.State: WAITING (on object monitor)&#10;        at sun.misc.Unsafe.park(Native Method)&#10;        at java.util.concurrent.locks.LockSupport.park(LockSupport.java:175)&#10;        at java.util.concurrent.locks.AbstractQueuedSynchronizer$ConditionObject.await(AbstractQueuedSynchronizer.java:2039)&#10;        at java.util.concurrent.LinkedBlockingQueue.take(LinkedBlockingQueue.java:442)&#10;        at java.util.concurrent.ThreadPoolExecutor.getTask(ThreadPoolExecutor.java:1074)&#10;        at java.util.concurrent.ThreadPoolExecutor.runWorker(ThreadPoolExecutor.java:1134)&#10;        at java.util.concurrent.ThreadPoolExecutor$Worker.run(ThreadPoolExecutor.java:624)&#10;        at java.lang.Thread.run(Thread.java:748)&#10;&quot;Datanode ReportManager Thread - 4&quot; daemon prio=5 tid=4994 in Object.wait()&#10;java.lang.Thread.State: WAITING (on object monitor)&#10;        at sun.misc.Unsafe.park(Native Method)&#10;        at java.util.concurrent.locks.LockSupport.park(LockSupport.java:175)&#10;        at java.util.concurrent.locks.AbstractQueuedSynchronizer$ConditionObject.await(AbstractQueuedSynchronizer.java:2039)&#10;        at java.util.concurrent.ScheduledThreadPoolExecutor$DelayedWorkQueue.take(ScheduledThreadPoolExecutor.java:1088)&#10;        at java.util.concurrent.ScheduledThreadPoolExecutor$DelayedWorkQueue.take(ScheduledThreadPoolExecutor.java:809)&#10;        at java.util.concurrent.ThreadPoolExecutor.getTask(ThreadPoolExecutor.java:1074)&#10;        at java.util.concurrent.ThreadPoolExecutor.runWorker(ThreadPoolExecutor.java:1134)&#10;        at java.util.concurrent.ThreadPoolExecutor$Worker.run(ThreadPoolExecutor.java:624)&#10;        at java.lang.Thread.run(Thread.java:748)&#10;&quot;FullTableCache Cleanup Thread - 0&quot; daemon prio=5 tid=4227 in Object.wait()&#10;java.lang.Thread.State: WAITING (on object monitor)&#10;        at sun.misc.Unsafe.park(Native Method)&#10;        at java.util.concurrent.locks.LockSupport.park(LockSupport.java:175)&#10;        at java.util.concurrent.locks.AbstractQueuedSynchronizer$ConditionObject.await(AbstractQueuedSynchronizer.java:2039)&#10;        at java.util.concurrent.LinkedBlockingQueue.take(LinkedBlockingQueue.java:442)&#10;        at java.util.concurrent.ThreadPoolExecutor.getTask(ThreadPoolExecutor.java:1074)&#10;        at java.util.concurrent.ThreadPoolExecutor.runWorker(ThreadPoolExecutor.java:1134)&#10;        at java.util.concurrent.ThreadPoolExecutor$Worker.run(ThreadPoolExecutor.java:624)&#10;        at java.lang.Thread.run(Thread.java:748)&#10;&quot;BlockDeletingService#4&quot; daemon prio=5 tid=5062 in Object.wait()&#10;java.lang.Thread.State: WAITING (on object monitor)&#10;        at sun.misc.Unsafe.park(Native Method)&#10;        at java.util.concurrent.locks.LockSupport.park(LockSupport.java:175)&#10;        at java.util.concurrent.locks.AbstractQueuedSynchronizer$ConditionObject.await(AbstractQueuedSynchronizer.java:2039)&#10;        at java.util.concurrent.ScheduledThreadPoolExecutor$DelayedWorkQueue.take(ScheduledThreadPoolExecutor.java:1088)&#10;        at java.util.concurrent.ScheduledThreadPoolExecutor$DelayedWorkQueue.take(ScheduledThreadPoolExecutor.java:809)&#10;        at java.util.concurrent.ThreadPoolExecutor.getTask(ThreadPoolExecutor.java:1074)&#10;        at java.util.concurrent.ThreadPoolExecutor.runWorker(ThreadPoolExecutor.java:1134)&#10;        at java.util.concurrent.ThreadPoolExecutor$Worker.run(ThreadPoolExecutor.java:624)&#10;        at java.lang.Thread.run(Thread.java:748)&#10;&quot;ReplicationMonitor&quot; daemon prio=5 tid=4837 timed_waiting&#10;java.lang.Thread.State: TIMED_WAITING&#10;        at java.lang.Object.wait(Native Method)&#10;        at org.apache.hadoop.hdds.scm.container.ReplicationManager.run(ReplicationManager.java:354)&#10;        at org.apache.hadoop.hdds.scm.container.ReplicationManager$$Lambda$242/1320566216.run(Unknown Source)&#10;        at java.lang.Thread.run(Thread.java:748)&#10;&quot;BlockDeletingService#7&quot; daemon prio=5 tid=5099 in Object.wait()&#10;java.lang.Thread.State: WAITING (on object monitor)&#10;        at sun.misc.Unsafe.park(Native Method)&#10;        at java.util.concurrent.locks.LockSupport.park(LockSupport.java:175)&#10;        at java.util.concurrent.locks.AbstractQueuedSynchronizer$ConditionObject.await(AbstractQueuedSynchronizer.java:2039)&#10;        at java.util.concurrent.ScheduledThreadPoolExecutor$DelayedWorkQueue.take(ScheduledThreadPoolExecutor.java:1088)&#10;        at java.util.concurrent.ScheduledThreadPoolExecutor$DelayedWorkQueue.take(ScheduledThreadPoolExecutor.java:809)&#10;        at java.util.concurrent.ThreadPoolExecutor.getTask(ThreadPoolExecutor.java:1074)&#10;        at java.util.concurrent.ThreadPoolExecutor.runWorker(ThreadPoolExecutor.java:1134)&#10;        at java.util.concurrent.ThreadPoolExecutor$Worker.run(ThreadPoolExecutor.java:624)&#10;        at java.lang.Thread.run(Thread.java:748)&#10;&quot;qtp652278729-5039&quot; daemon prio=5 tid=5039 timed_waiting&#10;java.lang.Thread.State: TIMED_WAITING&#10;        at sun.misc.Unsafe.park(Native Method)&#10;        at java.util.concurrent.locks.LockSupport.parkNanos(LockSupport.java:215)&#10;        at java.util.concurrent.locks.AbstractQueuedSynchronizer$ConditionObject.awaitNanos(AbstractQueuedSynchronizer.java:2078)&#10;        at org.eclipse.jetty.util.BlockingArrayQueue.poll(BlockingArrayQueue.java:382)&#10;        at org.eclipse.jetty.util.thread.QueuedThreadPool$Runner.idleJobPoll(QueuedThreadPool.java:974)&#10;        at org.eclipse.jetty.util.thread.QueuedThreadPool$Runner.run(QueuedThreadPool.java:1018)&#10;        at java.lang.Thread.run(Thread.java:748)&#10;&quot;org.apache.hadoop.util.JvmPauseMonitor$Monitor@683eb4db&quot; daemon prio=5 tid=5021 timed_waiting&#10;java.lang.Thread.State: TIMED_WAITING&#10;        at java.lang.Thread.sleep(Native Method)&#10;        at org.apache.hadoop.util.JvmPauseMonitor$Monitor.run(JvmPauseMonitor.java:192)&#10;        at java.lang.Thread.run(Thread.java:748)&#10;&quot;Datanode ReportManager Thread - 4&quot; daemon prio=5 tid=5019 in Object.wait()&#10;java.lang.Thread.State: WAITING (on object monitor)&#10;        at sun.misc.Unsafe.park(Native Method)&#10;        at java.util.concurrent.locks.LockSupport.park(LockSupport.java:175)&#10;        at java.util.concurrent.locks.AbstractQueuedSynchronizer$ConditionObject.await(AbstractQueuedSynchronizer.java:2039)&#10;        at java.util.concurrent.ScheduledThreadPoolExecutor$DelayedWorkQueue.take(ScheduledThreadPoolExecutor.java:1088)&#10;        at java.util.concurrent.ScheduledThreadPoolExecutor$DelayedWorkQueue.take(ScheduledThreadPoolExecutor.java:809)&#10;        at java.util.concurrent.ThreadPoolExecutor.getTask(ThreadPoolExecutor.java:1074)&#10;        at java.util.concurrent.ThreadPoolExecutor.runWorker(ThreadPoolExecutor.java:1134)&#10;        at java.util.concurrent.ThreadPoolExecutor$Worker.run(ThreadPoolExecutor.java:624)&#10;        at java.lang.Thread.run(Thread.java:748)&#10;&quot;pool-465-thread-7&quot;  prio=5 tid=5207 in Object.wait()&#10;java.lang.Thread.State: WAITING (on object monitor)&#10;        at sun.misc.Unsafe.park(Native Method)&#10;        at java.util.concurrent.locks.LockSupport.park(LockSupport.java:175)&#10;        at java.util.concurrent.locks.AbstractQueuedSynchronizer$ConditionObject.await(AbstractQueuedSynchronizer.java:2039)&#10;        at java.util.concurrent.LinkedBlockingQueue.take(LinkedBlockingQueue.java:442)&#10;        at java.util.concurrent.ThreadPoolExecutor.getTask(ThreadPoolExecutor.java:1074)&#10;        at java.util.concurrent.ThreadPoolExecutor.runWorker(ThreadPoolExecutor.java:1134)&#10;        at java.util.concurrent.ThreadPoolExecutor$Worker.run(ThreadPoolExecutor.java:624)&#10;        at java.lang.Thread.run(Thread.java:748)&#10;&quot;b13dbf35-3f05-4a51-87e4-7670ffffb89b@group-B7C6AD568D3C-SegmentedRaftLogWorker&quot;  prio=5 tid=5129 timed_waiting&#10;java.lang.Thread.State: TIMED_WAITING&#10;        at sun.misc.Unsafe.park(Native Method)&#10;        at java.util.concurrent.locks.LockSupport.parkNanos(LockSupport.java:215)&#10;        at java.util.concurrent.locks.AbstractQueuedSynchronizer$ConditionObject.awaitNanos(AbstractQueuedSynchronizer.java:2078)&#10;        at org.apache.ratis.util.DataBlockingQueue.poll(DataBlockingQueue.java:137)&#10;        at org.apache.ratis.server.raftlog.segmented.SegmentedRaftLogWorker.run(SegmentedRaftLogWorker.java:292)&#10;        at org.apache.ratis.server.raftlog.segmented.SegmentedRaftLogWorker$$Lambda$467/964932874.run(Unknown Source)&#10;        at java.lang.Thread.run(Thread.java:748)&#10;&quot;Command processor thread&quot; daemon prio=5 tid=5020 timed_waiting&#10;java.lang.Thread.State: TIMED_WAITING&#10;        at java.lang.Thread.sleep(Native Method)&#10;        at org.apache.hadoop.ozone.container.common.statemachine.DatanodeStateMachine.lambda$initCommandHandlerThread$2(DatanodeStateMachine.java:563)&#10;        at org.apache.hadoop.ozone.container.common.statemachine.DatanodeStateMachine$$Lambda$571/1478083939.run(Unknown Source)&#10;        at java.lang.Thread.run(Thread.java:748)&#10;&quot;grpc-default-worker-ELG-3-1&quot; daemon prio=5 tid=305 runnable&#10;java.lang.Thread.State: RUNNABLE&#10;        at org.apache.ratis.thirdparty.io.netty.channel.epoll.Native.epollWait(Native Method)&#10;        at org.apache.ratis.thirdparty.io.netty.channel.epoll.Native.epollWait(Native.java:177)&#10;        at org.apache.ratis.thirdparty.io.netty.channel.epoll.Native.epollWait(Native.java:170)&#10;        at org.apache.ratis.thirdparty.io.netty.channel.epoll.EpollEventLoop.epollWaitNoTimerChange(EpollEventLoop.java:290)&#10;        at org.apache.ratis.thirdparty.io.netty.channel.epoll.EpollEventLoop.run(EpollEventLoop.java:347)&#10;        at org.apache.ratis.thirdparty.io.netty.util.concurrent.SingleThreadEventExecutor$4.run(SingleThreadEventExecutor.java:989)&#10;        at org.apache.ratis.thirdparty.io.netty.util.internal.ThreadExecutorMap$2.run(ThreadExecutorMap.java:74)&#10;        at org.apache.ratis.thirdparty.io.netty.util.concurrent.FastThreadLocalRunnable.run(FastThreadLocalRunnable.java:30)&#10;        at java.lang.Thread.run(Thread.java:748)&#10;&quot;IPC Server listener on 0&quot; daemon prio=5 tid=4843 runnable&#10;java.lang.Thread.State: RUNNABLE&#10;        at sun.nio.ch.EPollArrayWrapper.epollWait(Native Method)&#10;        at sun.nio.ch.EPollArrayWrapper.poll(EPollArrayWrapper.java:269)&#10;        at sun.nio.ch.EPollSelectorImpl.doSelect(EPollSelectorImpl.java:93)&#10;        at sun.nio.ch.SelectorImpl.lockAndDoSelect(SelectorImpl.java:86)&#10;        at sun.nio.ch.SelectorImpl.select(SelectorImpl.java:97)&#10;        at sun.nio.ch.SelectorImpl.select(SelectorImpl.java:101)&#10;        at org.apache.hadoop.ipc.Server$Listener.run(Server.java:1350)&#10;&quot;org.apache.hadoop.ozone.container.common.statemachine.commandhandler.DeleteBlocksCommandHandler$DeleteCmdWorker@27e378d3&quot; daemon prio=5 tid=5003 timed_waiting&#10;java.lang.Thread.State: TIMED_WAITING&#10;        at java.lang.Thread.sleep(Native Method)&#10;        at org.apache.hadoop.ozone.container.common.statemachine.commandhandler.DeleteBlocksCommandHandler$DeleteCmdWorker.run(DeleteBlocksCommandHandler.java:174)&#10;        at java.lang.Thread.run(Thread.java:748)&#10;&quot;ChunkWriter-0-0&quot; daemon prio=5 tid=5053 in Object.wait()&#10;java.lang.Thread.State: WAITING (on object monitor)&#10;        at sun.misc.Unsafe.park(Native Method)&#10;        at java.util.concurrent.locks.LockSupport.park(LockSupport.java:175)&#10;        at java.util.concurrent.locks.AbstractQueuedSynchronizer$ConditionObject.await(AbstractQueuedSynchronizer.java:2039)&#10;        at java.util.concurrent.LinkedBlockingDeque.takeFirst(LinkedBlockingDeque.java:492)&#10;        at java.util.concurrent.LinkedBlockingDeque.take(LinkedBlockingDeque.java:680)&#10;        at java.util.concurrent.ThreadPoolExecutor.getTask(ThreadPoolExecutor.java:1074)&#10;        at java.util.concurrent.ThreadPoolExecutor.runWorker(ThreadPoolExecutor.java:1134)&#10;        at java.util.concurrent.ThreadPoolExecutor$Worker.run(ThreadPoolExecutor.java:624)&#10;        at java.lang.Thread.run(Thread.java:748)&#10;&quot;Periodic HDDS volume checker&quot; daemon prio=5 tid=5024 timed_waiting&#10;java.lang.Thread.State: TIMED_WAITING&#10;        at sun.misc.Unsafe.park(Native Method)&#10;        at java.util.concurrent.locks.LockSupport.parkNanos(LockSupport.java:215)&#10;        at java.util.concurrent.locks.AbstractQueuedSynchronizer$ConditionObject.awaitNanos(AbstractQueuedSynchronizer.java:2078)&#10;        at java.util.concurrent.ScheduledThreadPoolExecutor$DelayedWorkQueue.take(ScheduledThreadPoolExecutor.java:1093)&#10;        at java.util.concurrent.ScheduledThreadPoolExecutor$DelayedWorkQueue.take(ScheduledThreadPoolExecutor.java:809)&#10;        at java.util.concurrent.ThreadPoolExecutor.getTask(ThreadPoolExecutor.java:1074)&#10;        at java.util.concurrent.ThreadPoolExecutor.runWorker(ThreadPoolExecutor.java:1134)&#10;        at java.util.concurrent.ThreadPoolExecutor$Worker.run(ThreadPoolExecutor.java:624)&#10;        at java.lang.Thread.run(Thread.java:748)&#10;&quot;IPC Server handler 17 on default port 43167&quot; daemon prio=5 tid=4891 timed_waiting&#10;java.lang.Thread.State: TIMED_WAITING&#10;        at sun.misc.Unsafe.park(Native Method)&#10;        at java.util.concurrent.locks.LockSupport.parkNanos(LockSupport.java:215)&#10;        at java.util.concurrent.locks.AbstractQueuedSynchronizer$ConditionObject.awaitNanos(AbstractQueuedSynchronizer.java:2078)&#10;        at java.util.concurrent.LinkedBlockingQueue.poll(LinkedBlockingQueue.java:467)&#10;        at org.apache.hadoop.ipc.CallQueueManager.take(CallQueueManager.java:317)&#10;        at org.apache.hadoop.ipc.Server$Handler.run(Server.java:2932)&#10;&quot;IPC Server handler 17 on default port 37371&quot; daemon prio=5 tid=4871 timed_waiting&#10;java.lang.Thread.State: TIMED_WAITING&#10;        at sun.misc.Unsafe.park(Native Method)&#10;        at java.util.concurrent.locks.LockSupport.parkNanos(LockSupport.java:215)&#10;        at java.util.concurrent.locks.AbstractQueuedSynchronizer$ConditionObject.awaitNanos(AbstractQueuedSynchronizer.java:2078)&#10;        at java.util.concurrent.LinkedBlockingQueue.poll(LinkedBlockingQueue.java:467)&#10;        at org.apache.hadoop.ipc.CallQueueManager.take(CallQueueManager.java:317)&#10;        at org.apache.hadoop.ipc.Server$Handler.run(Server.java:2932)&#10;&quot;IPC Server handler 17 on default port 43569&quot; daemon prio=5 tid=4969 timed_waiting&#10;java.lang.Thread.State: TIMED_WAITING&#10;        at sun.misc.Unsafe.park(Native Method)&#10;        at java.util.concurrent.locks.LockSupport.parkNanos(LockSupport.java:215)&#10;        at java.util.concurrent.locks.AbstractQueuedSynchronizer$ConditionObject.awaitNanos(AbstractQueuedSynchronizer.java:2078)&#10;        at java.util.concurrent.LinkedBlockingQueue.poll(LinkedBlockingQueue.java:467)&#10;        at org.apache.hadoop.ipc.CallQueueManager.take(CallQueueManager.java:317)&#10;        at org.apache.hadoop.ipc.Server$Handler.run(Server.java:2932)&#10;&quot;qtp150540715-5005&quot; daemon prio=5 tid=5005 runnable&#10;java.lang.Thread.State: RUNNABLE&#10;        at sun.nio.ch.EPollArrayWrapper.epollWait(Native Method)&#10;        at sun.nio.ch.EPollArrayWrapper.poll(EPollArrayWrapper.java:269)&#10;        at sun.nio.ch.EPollSelectorImpl.doSelect(EPollSelectorImpl.java:93)&#10;        at sun.nio.ch.SelectorImpl.lockAndDoSelect(SelectorImpl.java:86)&#10;        at sun.nio.ch.SelectorImpl.select(SelectorImpl.java:97)&#10;        at sun.nio.ch.SelectorImpl.select(SelectorImpl.java:101)&#10;        at org.eclipse.jetty.io.ManagedSelector.nioSelect(ManagedSelector.java:183)&#10;        at org.eclipse.jetty.io.ManagedSelector.select(ManagedSelector.java:190)&#10;        at org.eclipse.jetty.io.ManagedSelector$SelectorProducer.select(ManagedSelector.java:606)&#10;        at org.eclipse.jetty.io.ManagedSelector$SelectorProducer.produce(ManagedSelector.java:543)&#10;        at org.eclipse.jetty.util.thread.strategy.EatWhatYouKill.produceTask(EatWhatYouKill.java:362)&#10;        at org.eclipse.jetty.util.thread.strategy.EatWhatYouKill.doProduce(EatWhatYouKill.java:186)&#10;        at org.eclipse.jetty.util.thread.strategy.EatWhatYouKill.tryProduce(EatWhatYouKill.java:173)&#10;        at org.eclipse.jetty.util.thread.strategy.EatWhatYouKill.produce(EatWhatYouKill.java:137)&#10;        at org.eclipse.jetty.io.ManagedSelector$$Lambda$309/1426420939.run(Unknown Source)&#10;        at org.eclipse.jetty.util.thread.QueuedThreadPool.runJob(QueuedThreadPool.java:883)&#10;        at org.eclipse.jetty.util.thread.QueuedThreadPool$Runner.run(QueuedThreadPool.java:1034)&#10;        at java.lang.Thread.run(Thread.java:748)&#10;&quot;IPC Server handler 8 on default port 43569&quot; daemon prio=5 tid=4960 timed_waiting&#10;java.lang.Thread.State: TIMED_WAITING&#10;        at sun.misc.Unsafe.park(Native Method)&#10;        at java.util.concurrent.locks.LockSupport.parkNanos(LockSupport.java:215)&#10;        at java.util.concurrent.locks.AbstractQueuedSynchronizer$ConditionObject.awaitNanos(AbstractQueuedSynchronizer.java:2078)&#10;        at java.util.concurrent.LinkedBlockingQueue.poll(LinkedBlockingQueue.java:467)&#10;        at org.apache.hadoop.ipc.CallQueueManager.take(CallQueueManager.java:317)&#10;        at org.apache.hadoop.ipc.Server$Handler.run(Server.java:2932)&#10;&quot;org.apache.hadoop.ozone.container.common.statemachine.commandhandler.DeleteBlocksCommandHandler$DeleteCmdWorker@38d7e9ec&quot; daemon prio=5 tid=5029 timed_waiting&#10;java.lang.Thread.State: TIMED_WAITING&#10;        at java.lang.Thread.sleep(Native Method)&#10;        at org.apache.hadoop.ozone.container.common.statemachine.commandhandler.DeleteBlocksCommandHandler$DeleteCmdWorker.run(DeleteBlocksCommandHandler.java:174)&#10;        at java.lang.Thread.run(Thread.java:748)&#10;&quot;IPC Server handler 11 on default port 35463&quot; daemon prio=5 tid=4905 timed_waiting&#10;java.lang.Thread.State: TIMED_WAITING&#10;        at sun.misc.Unsafe.park(Native Method)&#10;        at java.util.concurrent.locks.LockSupport.parkNanos(LockSupport.java:215)&#10;        at java.util.concurrent.locks.AbstractQueuedSynchronizer$ConditionObject.awaitNanos(AbstractQueuedSynchronizer.java:2078)&#10;        at java.util.concurrent.LinkedBlockingQueue.poll(LinkedBlockingQueue.java:467)&#10;        at org.apache.hadoop.ipc.CallQueueManager.take(CallQueueManager.java:317)&#10;        at org.apache.hadoop.ipc.Server$Handler.run(Server.java:2932)&#10;&quot;01235482-5c07-4b37-86e9-3192ec4df84f@group-B7C6AD568D3C-SegmentedRaftLogWorker&quot;  prio=5 tid=5123 timed_waiting&#10;java.lang.Thread.State: TIMED_WAITING&#10;        at sun.misc.Unsafe.park(Native Method)&#10;        at java.util.concurrent.locks.LockSupport.parkNanos(LockSupport.java:215)&#10;        at java.util.concurrent.locks.AbstractQueuedSynchronizer$ConditionObject.awaitNanos(AbstractQueuedSynchronizer.java:2078)&#10;        at org.apache.ratis.util.DataBlockingQueue.poll(DataBlockingQueue.java:137)&#10;        at org.apache.ratis.server.raftlog.segmented.SegmentedRaftLogWorker.run(SegmentedRaftLogWorker.java:292)&#10;        at org.apache.ratis.server.raftlog.segmented.SegmentedRaftLogWorker$$Lambda$467/964932874.run(Unknown Source)&#10;        at java.lang.Thread.run(Thread.java:748)&#10;&quot;IPC Server handler 1 on default port 43569&quot; daemon prio=5 tid=4953 timed_waiting&#10;java.lang.Thread.State: TIMED_WAITING&#10;        at sun.misc.Unsafe.park(Native Method)&#10;        at java.util.concurrent.locks.LockSupport.parkNanos(LockSupport.java:215)&#10;        at java.util.concurrent.locks.AbstractQueuedSynchronizer$ConditionObject.awaitNanos(AbstractQueuedSynchronizer.java:2078)&#10;        at java.util.concurrent.LinkedBlockingQueue.poll(LinkedBlockingQueue.java:467)&#10;        at org.apache.hadoop.ipc.CallQueueManager.take(CallQueueManager.java:317)&#10;        at org.apache.hadoop.ipc.Server$Handler.run(Server.java:2932)&#10;&quot;IPC Server handler 10 on default port 43569&quot; daemon prio=5 tid=4962 timed_waiting&#10;java.lang.Thread.State: TIMED_WAITING&#10;        at sun.misc.Unsafe.park(Native Method)&#10;        at java.util.concurrent.locks.LockSupport.parkNanos(LockSupport.java:215)&#10;        at java.util.concurrent.locks.AbstractQueuedSynchronizer$ConditionObject.awaitNanos(AbstractQueuedSynchronizer.java:2078)&#10;        at java.util.concurrent.LinkedBlockingQueue.poll(LinkedBlockingQueue.java:467)&#10;        at org.apache.hadoop.ipc.CallQueueManager.take(CallQueueManager.java:317)&#10;        at org.apache.hadoop.ipc.Server$Handler.run(Server.java:2932)&#10;&quot;Command processor thread&quot; daemon prio=5 tid=5047 timed_waiting&#10;java.lang.Thread.State: TIMED_WAITING&#10;        at java.lang.Thread.sleep(Native Method)&#10;        at org.apache.hadoop.ozone.container.common.statemachine.DatanodeStateMachine.lambda$initCommandHandlerThread$2(DatanodeStateMachine.java:563)&#10;        at org.apache.hadoop.ozone.container.common.statemachine.DatanodeStateMachine$$Lambda$571/1478083939.run(Unknown Source)&#10;        at java.lang.Thread.run(Thread.java:748)&#10;&quot;qtp717308094-4986&quot; daemon prio=5 tid=4986 timed_waiting&#10;java.lang.Thread.State: TIMED_WAITING&#10;        at sun.misc.Unsafe.park(Native Method)&#10;        at java.util.concurrent.locks.LockSupport.parkNanos(LockSupport.java:215)&#10;        at java.util.concurrent.locks.AbstractQueuedSynchronizer$ConditionObject.awaitNanos(AbstractQueuedSynchronizer.java:2078)&#10;        at org.eclipse.jetty.util.BlockingArrayQueue.poll(BlockingArrayQueue.java:382)&#10;        at org.eclipse.jetty.util.thread.QueuedThreadPool$Runner.idleJobPoll(QueuedThreadPool.java:974)&#10;        at org.eclipse.jetty.util.thread.QueuedThreadPool$Runner.run(QueuedThreadPool.java:1018)&#10;        at java.lang.Thread.run(Thread.java:748)&#10;&quot;IPC Server handler 4 on default port 43167&quot; daemon prio=5 tid=4878 timed_waiting&#10;java.lang.Thread.State: TIMED_WAITING&#10;        at sun.misc.Unsafe.park(Native Method)&#10;        at java.util.concurrent.locks.LockSupport.parkNanos(LockSupport.java:215)&#10;        at java.util.concurrent.locks.AbstractQueuedSynchronizer$ConditionObject.awaitNanos(AbstractQueuedSynchronizer.java:2078)&#10;        at java.util.concurrent.LinkedBlockingQueue.poll(LinkedBlockingQueue.java:467)&#10;        at org.apache.hadoop.ipc.CallQueueManager.take(CallQueueManager.java:317)&#10;        at org.apache.hadoop.ipc.Server$Handler.run(Server.java:2932)&#10;&quot;om1@group-C5BA1605619E-StateMachineUpdater&quot; daemon prio=5 tid=4936 in Object.wait()&#10;java.lang.Thread.State: WAITING (on object monitor)&#10;        at java.lang.Object.wait(Native Method)&#10;        at java.lang.Object.wait(Object.java:502)&#10;        at org.apache.ratis.server.impl.StateMachineUpdater.waitForCommit(StateMachineUpdater.java:204)&#10;        at org.apache.ratis.server.impl.StateMachineUpdater.run(StateMachineUpdater.java:173)&#10;        at java.lang.Thread.run(Thread.java:748)&#10;&quot;CommandWatcher-LeaseManager#LeaseMonitor&quot; daemon prio=5 tid=4853 timed_waiting&#10;java.lang.Thread.State: TIMED_WAITING&#10;        at java.lang.Object.wait(Native Method)&#10;        at org.apache.hadoop.ozone.lease.LeaseManager$LeaseMonitor.run(LeaseManager.java:238)&#10;        at java.lang.Thread.run(Thread.java:748)&#10;&quot;pool-438-thread-1&quot;  prio=5 tid=5128 in Object.wait()&#10;java.lang.Thread.State: WAITING (on object monitor)&#10;        at sun.misc.Unsafe.park(Native Method)&#10;        at java.util.concurrent.locks.LockSupport.park(LockSupport.java:175)&#10;        at java.util.concurrent.locks.AbstractQueuedSynchronizer$ConditionObject.await(AbstractQueuedSynchronizer.java:2039)&#10;        at java.util.concurrent.LinkedBlockingQueue.take(LinkedBlockingQueue.java:442)&#10;        at java.util.concurrent.ThreadPoolExecutor.getTask(ThreadPoolExecutor.java:1074)&#10;        at java.util.concurrent.ThreadPoolExecutor.runWorker(ThreadPoolExecutor.java:1134)&#10;        at java.util.concurrent.ThreadPoolExecutor$Worker.run(ThreadPoolExecutor.java:624)&#10;        at java.lang.Thread.run(Thread.java:748)&#10;&quot;IPC Server handler 14 on default port 43167&quot; daemon prio=5 tid=4888 timed_waiting&#10;java.lang.Thread.State: TIMED_WAITING&#10;        at sun.misc.Unsafe.park(Native Method)&#10;        at java.util.concurrent.locks.LockSupport.parkNanos(LockSupport.java:215)&#10;        at java.util.concurrent.locks.AbstractQueuedSynchronizer$ConditionObject.awaitNanos(AbstractQueuedSynchronizer.java:2078)&#10;        at java.util.concurrent.LinkedBlockingQueue.poll(LinkedBlockingQueue.java:467)&#10;        at org.apache.hadoop.ipc.CallQueueManager.take(CallQueueManager.java:317)&#10;        at org.apache.hadoop.ipc.Server$Handler.run(Server.java:2932)&#10;&quot;IPC Server handler 10 on default port 43167&quot; daemon prio=5 tid=4884 timed_waiting&#10;java.lang.Thread.State: TIMED_WAITING&#10;        at sun.misc.Unsafe.park(Native Method)&#10;        at java.util.concurrent.locks.LockSupport.parkNanos(LockSupport.java:215)&#10;        at java.util.concurrent.locks.AbstractQueuedSynchronizer$ConditionObject.awaitNanos(AbstractQueuedSynchronizer.java:2078)&#10;        at java.util.concurrent.LinkedBlockingQueue.poll(LinkedBlockingQueue.java:467)&#10;        at org.apache.hadoop.ipc.CallQueueManager.take(CallQueueManager.java:317)&#10;        at org.apache.hadoop.ipc.Server$Handler.run(Server.java:2932)&#10;&quot;pool-465-thread-5&quot;  prio=5 tid=5194 in Object.wait()&#10;java.lang.Thread.State: WAITING (on object monitor)&#10;        at sun.misc.Unsafe.park(Native Method)&#10;        at java.util.concurrent.locks.LockSupport.park(LockSupport.java:175)&#10;        at java.util.concurrent.locks.AbstractQueuedSynchronizer$ConditionObject.await(AbstractQueuedSynchronizer.java:2039)&#10;        at java.util.concurrent.LinkedBlockingQueue.take(LinkedBlockingQueue.java:442)&#10;        at java.util.concurrent.ThreadPoolExecutor.getTask(ThreadPoolExecutor.java:1074)&#10;        at java.util.concurrent.ThreadPoolExecutor.runWorker(ThreadPoolExecutor.java:1134)&#10;        at java.util.concurrent.ThreadPoolExecutor$Worker.run(ThreadPoolExecutor.java:624)&#10;        at java.lang.Thread.run(Thread.java:748)&#10;&quot;BlockDeletingService#8&quot; daemon prio=5 tid=5100 in Object.wait()&#10;java.lang.Thread.State: WAITING (on object monitor)&#10;        at sun.misc.Unsafe.park(Native Method)&#10;        at java.util.concurrent.locks.LockSupport.park(LockSupport.java:175)&#10;        at java.util.concurrent.locks.AbstractQueuedSynchronizer$ConditionObject.await(AbstractQueuedSynchronizer.java:2039)&#10;        at java.util.concurrent.ScheduledThreadPoolExecutor$DelayedWorkQueue.take(ScheduledThreadPoolExecutor.java:1088)&#10;        at java.util.concurrent.ScheduledThreadPoolExecutor$DelayedWorkQueue.take(ScheduledThreadPoolExecutor.java:809)&#10;        at java.util.concurrent.ThreadPoolExecutor.getTask(ThreadPoolExecutor.java:1074)&#10;        at java.util.concurrent.ThreadPoolExecutor.runWorker(ThreadPoolExecutor.java:1134)&#10;        at java.util.concurrent.ThreadPoolExecutor$Worker.run(ThreadPoolExecutor.java:624)&#10;        at java.lang.Thread.run(Thread.java:748)&#10;&quot;BlockDeletingService#9&quot; daemon prio=5 tid=5101 in Object.wait()&#10;java.lang.Thread.State: WAITING (on object monitor)&#10;        at sun.misc.Unsafe.park(Native Method)&#10;        at java.util.concurrent.locks.LockSupport.park(LockSupport.java:175)&#10;        at java.util.concurrent.locks.AbstractQueuedSynchronizer$ConditionObject.await(AbstractQueuedSynchronizer.java:2039)&#10;        at java.util.concurrent.ScheduledThreadPoolExecutor$DelayedWorkQueue.take(ScheduledThreadPoolExecutor.java:1088)&#10;        at java.util.concurrent.ScheduledThreadPoolExecutor$DelayedWorkQueue.take(ScheduledThreadPoolExecutor.java:809)&#10;        at java.util.concurrent.ThreadPoolExecutor.getTask(ThreadPoolExecutor.java:1074)&#10;        at java.util.concurrent.ThreadPoolExecutor.runWorker(ThreadPoolExecutor.java:1134)&#10;        at java.util.concurrent.ThreadPoolExecutor$Worker.run(ThreadPoolExecutor.java:624)&#10;        at java.lang.Thread.run(Thread.java:748)&#10;&quot;qtp652278729-5034&quot; daemon prio=5 tid=5034 timed_waiting&#10;java.lang.Thread.State: TIMED_WAITING&#10;        at sun.misc.Unsafe.park(Native Method)&#10;        at java.util.concurrent.locks.LockSupport.parkNanos(LockSupport.java:215)&#10;        at java.util.concurrent.locks.AbstractQueuedSynchronizer$ConditionObject.awaitNanos(AbstractQueuedSynchronizer.java:2078)&#10;        at org.eclipse.jetty.util.BlockingArrayQueue.poll(BlockingArrayQueue.java:382)&#10;        at org.eclipse.jetty.util.thread.QueuedThreadPool$Runner.idleJobPoll(QueuedThreadPool.java:974)&#10;        at org.eclipse.jetty.util.thread.QueuedThreadPool$Runner.run(QueuedThreadPool.java:1018)&#10;        at java.lang.Thread.run(Thread.java:748)&#10;&quot;IPC Server Responder&quot; daemon prio=5 tid=4842 runnable&#10;java.lang.Thread.State: RUNNABLE&#10;        at sun.nio.ch.EPollArrayWrapper.epollWait(Native Method)&#10;        at sun.nio.ch.EPollArrayWrapper.poll(EPollArrayWrapper.java:269)&#10;        at sun.nio.ch.EPollSelectorImpl.doSelect(EPollSelectorImpl.java:93)&#10;        at sun.nio.ch.SelectorImpl.lockAndDoSelect(SelectorImpl.java:86)&#10;        at sun.nio.ch.SelectorImpl.select(SelectorImpl.java:97)&#10;        at org.apache.hadoop.ipc.Server$Responder.doRunLoop(Server.java:1527)&#10;        at org.apache.hadoop.ipc.Server$Responder.run(Server.java:1510)&#10;&quot;IPC Server listener on 0&quot; daemon prio=5 tid=4847 runnable&#10;java.lang.Thread.State: RUNNABLE&#10;        at sun.nio.ch.EPollArrayWrapper.epollWait(Native Method)&#10;        at sun.nio.ch.EPollArrayWrapper.poll(EPollArrayWrapper.java:269)&#10;        at sun.nio.ch.EPollSelectorImpl.doSelect(EPollSelectorImpl.java:93)&#10;        at sun.nio.ch.SelectorImpl.lockAndDoSelect(SelectorImpl.java:86)&#10;        at sun.nio.ch.SelectorImpl.select(SelectorImpl.java:97)&#10;        at sun.nio.ch.SelectorImpl.select(SelectorImpl.java:101)&#10;        at org.apache.hadoop.ipc.Server$Listener.run(Server.java:1350)&#10;&quot;BlockDeletingService#4&quot; daemon prio=5 tid=5094 in Object.wait()&#10;java.lang.Thread.State: WAITING (on object monitor)&#10;        at sun.misc.Unsafe.park(Native Method)&#10;        at java.util.concurrent.locks.LockSupport.park(LockSupport.java:175)&#10;        at java.util.concurrent.locks.AbstractQueuedSynchronizer$ConditionObject.await(AbstractQueuedSynchronizer.java:2039)&#10;        at java.util.concurrent.ScheduledThreadPoolExecutor$DelayedWorkQueue.take(ScheduledThreadPoolExecutor.java:1088)&#10;        at java.util.concurrent.ScheduledThreadPoolExecutor$DelayedWorkQueue.take(ScheduledThreadPoolExecutor.java:809)&#10;        at java.util.concurrent.ThreadPoolExecutor.getTask(ThreadPoolExecutor.java:1074)&#10;        at java.util.concurrent.ThreadPoolExecutor.runWorker(ThreadPoolExecutor.java:1134)&#10;        at java.util.concurrent.ThreadPoolExecutor$Worker.run(ThreadPoolExecutor.java:624)&#10;        at java.lang.Thread.run(Thread.java:748)&#10;&quot;FullTableCache Cleanup Thread - 0&quot; daemon prio=5 tid=341 in Object.wait()&#10;java.lang.Thread.State: WAITING (on object monitor)&#10;        at sun.misc.Unsafe.park(Native Method)&#10;        at java.util.concurrent.locks.LockSupport.park(LockSupport.java:175)&#10;        at java.util.concurrent.locks.AbstractQueuedSynchronizer$ConditionObject.await(AbstractQueuedSynchronizer.java:2039)&#10;        at java.util.concurrent.LinkedBlockingQueue.take(LinkedBlockingQueue.java:442)&#10;        at java.util.concurrent.ThreadPoolExecutor.getTask(ThreadPoolExecutor.java:1074)&#10;        at java.util.concurrent.ThreadPoolExecutor.runWorker(ThreadPoolExecutor.java:1134)&#10;        at java.util.concurrent.ThreadPoolExecutor$Worker.run(ThreadPoolExecutor.java:624)&#10;        at java.lang.Thread.run(Thread.java:748)&#10;&quot;IPC Server Responder&quot; daemon prio=5 tid=4846 runnable&#10;java.lang.Thread.State: RUNNABLE&#10;        at sun.nio.ch.EPollArrayWrapper.epollWait(Native Method)&#10;        at sun.nio.ch.EPollArrayWrapper.poll(EPollArrayWrapper.java:269)&#10;        at sun.nio.ch.EPollSelectorImpl.doSelect(EPollSelectorImpl.java:93)&#10;        at sun.nio.ch.SelectorImpl.lockAndDoSelect(SelectorImpl.java:86)&#10;        at sun.nio.ch.SelectorImpl.select(SelectorImpl.java:97)&#10;        at org.apache.hadoop.ipc.Server$Responder.doRunLoop(Server.java:1527)&#10;        at org.apache.hadoop.ipc.Server$Responder.run(Server.java:1510)&#10;&quot;pool-465-thread-9&quot;  prio=5 tid=5218 in Object.wait()&#10;java.lang.Thread.State: WAITING (on object monitor)&#10;        at sun.misc.Unsafe.park(Native Method)&#10;        at java.util.concurrent.locks.LockSupport.park(LockSupport.java:175)&#10;        at java.util.concurrent.locks.AbstractQueuedSynchronizer$ConditionObject.await(AbstractQueuedSynchronizer.java:2039)&#10;        at java.util.concurrent.LinkedBlockingQueue.take(LinkedBlockingQueue.java:442)&#10;        at java.util.concurrent.ThreadPoolExecutor.getTask(ThreadPoolExecutor.java:1074)&#10;        at java.util.concurrent.ThreadPoolExecutor.runWorker(ThreadPoolExecutor.java:1134)&#10;        at java.util.concurrent.ThreadPoolExecutor$Worker.run(ThreadPoolExecutor.java:624)&#10;        at java.lang.Thread.run(Thread.java:748)&#10;&quot;pool-443-thread-1&quot;  prio=5 tid=5004 timed_waiting&#10;java.lang.Thread.State: TIMED_WAITING&#10;        at sun.misc.Unsafe.park(Native Method)&#10;        at java.util.concurrent.locks.LockSupport.parkNanos(LockSupport.java:215)&#10;        at java.util.concurrent.locks.AbstractQueuedSynchronizer$ConditionObject.awaitNanos(AbstractQueuedSynchronizer.java:2078)&#10;        at java.util.concurrent.ScheduledThreadPoolExecutor$DelayedWorkQueue.take(ScheduledThreadPoolExecutor.java:1093)&#10;        at java.util.concurrent.ScheduledThreadPoolExecutor$DelayedWorkQueue.take(ScheduledThreadPoolExecutor.java:809)&#10;        at java.util.concurrent.ThreadPoolExecutor.getTask(ThreadPoolExecutor.java:1074)&#10;        at java.util.concurrent.ThreadPoolExecutor.runWorker(ThreadPoolExecutor.java:1134)&#10;        at java.util.concurrent.ThreadPoolExecutor$Worker.run(ThreadPoolExecutor.java:624)&#10;        at java.lang.Thread.run(Thread.java:748)&#10;&quot;SCMBlockDeletingService#0&quot; daemon prio=5 tid=4914 timed_waiting&#10;java.lang.Thread.State: TIMED_WAITING&#10;        at sun.misc.Unsafe.park(Native Method)&#10;        at java.util.concurrent.locks.LockSupport.parkNanos(LockSupport.java:215)&#10;        at java.util.concurrent.locks.AbstractQueuedSynchronizer$ConditionObject.awaitNanos(AbstractQueuedSynchronizer.java:2078)&#10;        at java.util.concurrent.ScheduledThreadPoolExecutor$DelayedWorkQueue.take(ScheduledThreadPoolExecutor.java:1093)&#10;        at java.util.concurrent.ScheduledThreadPoolExecutor$DelayedWorkQueue.take(ScheduledThreadPoolExecutor.java:809)&#10;        at java.util.concurrent.ThreadPoolExecutor.getTask(ThreadPoolExecutor.java:1074)&#10;        at java.util.concurrent.ThreadPoolExecutor.runWorker(ThreadPoolExecutor.java:1134)&#10;        at java.util.concurrent.ThreadPoolExecutor$Worker.run(ThreadPoolExecutor.java:624)&#10;        at java.lang.Thread.run(Thread.java:748)&#10;&quot;pool-465-thread-10&quot;  prio=5 tid=5234 in Object.wait()&#10;java.lang.Thread.State: WAITING (on object monitor)&#10;        at sun.misc.Unsafe.park(Native Method)&#10;        at java.util.concurrent.locks.LockSupport.park(LockSupport.java:175)&#10;        at java.util.concurrent.locks.AbstractQueuedSynchronizer$ConditionObject.await(AbstractQueuedSynchronizer.java:2039)&#10;        at java.util.concurrent.LinkedBlockingQueue.take(LinkedBlockingQueue.java:442)&#10;        at java.util.concurrent.ThreadPoolExecutor.getTask(ThreadPoolExecutor.java:1074)&#10;        at java.util.concurrent.ThreadPoolExecutor.runWorker(ThreadPoolExecutor.java:1134)&#10;        at java.util.concurrent.ThreadPoolExecutor$Worker.run(ThreadPoolExecutor.java:624)&#10;        at java.lang.Thread.run(Thread.java:748)&#10;&quot;pool-467-thread-6&quot;  prio=5 tid=5213 in Object.wait()&#10;java.lang.Thread.State: WAITING (on object monitor)&#10;        at sun.misc.Unsafe.park(Native Method)&#10;        at java.util.concurrent.locks.LockSupport.park(LockSupport.java:175)&#10;        at java.util.concurrent.locks.AbstractQueuedSynchronizer$ConditionObject.await(AbstractQueuedSynchronizer.java:2039)&#10;        at java.util.concurrent.LinkedBlockingQueue.take(LinkedBlockingQueue.java:442)&#10;        at java.util.concurrent.ThreadPoolExecutor.getTask(ThreadPoolExecutor.java:1074)&#10;        at java.util.concurrent.ThreadPoolExecutor.runWorker(ThreadPoolExecutor.java:1134)&#10;        at java.util.concurrent.ThreadPoolExecutor$Worker.run(ThreadPoolExecutor.java:624)&#10;        at java.lang.Thread.run(Thread.java:748)&#10;&quot;Datanode ReportManager Thread - 3&quot; daemon prio=5 tid=5018 in Object.wait()&#10;java.lang.Thread.State: WAITING (on object monitor)&#10;        at sun.misc.Unsafe.park(Native Method)&#10;        at java.util.concurrent.locks.LockSupport.park(LockSupport.java:175)&#10;        at java.util.concurrent.locks.AbstractQueuedSynchronizer$ConditionObject.await(AbstractQueuedSynchronizer.java:2039)&#10;        at java.util.concurrent.ScheduledThreadPoolExecutor$DelayedWorkQueue.take(ScheduledThreadPoolExecutor.java:1088)&#10;        at java.util.concurrent.ScheduledThreadPoolExecutor$DelayedWorkQueue.take(ScheduledThreadPoolExecutor.java:809)&#10;        at java.util.concurrent.ThreadPoolExecutor.getTask(ThreadPoolExecutor.java:1074)&#10;        at java.util.concurrent.ThreadPoolExecutor.runWorker(ThreadPoolExecutor.java:1134)&#10;        at java.util.concurrent.ThreadPoolExecutor$Worker.run(ThreadPoolExecutor.java:624)&#10;        at java.lang.Thread.run(Thread.java:748)&#10;&quot;qtp1696189834-4943&quot; daemon prio=5 tid=4943 runnable&#10;java.lang.Thread.State: RUNNABLE&#10;        at sun.nio.ch.EPollArrayWrapper.epollWait(Native Method)&#10;        at sun.nio.ch.EPollArrayWrapper.poll(EPollArrayWrapper.java:269)&#10;        at sun.nio.ch.EPollSelectorImpl.doSelect(EPollSelectorImpl.java:93)&#10;        at sun.nio.ch.SelectorImpl.lockAndDoSelect(SelectorImpl.java:86)&#10;        at sun.nio.ch.SelectorImpl.select(SelectorImpl.java:97)&#10;        at sun.nio.ch.SelectorImpl.select(SelectorImpl.java:101)&#10;        at org.eclipse.jetty.io.ManagedSelector.nioSelect(ManagedSelector.java:183)&#10;        at org.eclipse.jetty.io.ManagedSelector.select(ManagedSelector.java:190)&#10;        at org.eclipse.jetty.io.ManagedSelector$SelectorProducer.select(ManagedSelector.java:606)&#10;        at org.eclipse.jetty.io.ManagedSelector$SelectorProducer.produce(ManagedSelector.java:543)&#10;        at org.eclipse.jetty.util.thread.strategy.EatWhatYouKill.produceTask(EatWhatYouKill.java:362)&#10;        at org.eclipse.jetty.util.thread.strategy.EatWhatYouKill.doProduce(EatWhatYouKill.java:186)&#10;        at org.eclipse.jetty.util.thread.strategy.EatWhatYouKill.tryProduce(EatWhatYouKill.java:173)&#10;        at org.eclipse.jetty.util.thread.strategy.EatWhatYouKill.produce(EatWhatYouKill.java:137)&#10;        at org.eclipse.jetty.io.ManagedSelector$$Lambda$309/1426420939.run(Unknown Source)&#10;        at org.eclipse.jetty.util.thread.QueuedThreadPool.runJob(QueuedThreadPool.java:883)&#10;        at org.eclipse.jetty.util.thread.QueuedThreadPool$Runner.run(QueuedThreadPool.java:1034)&#10;        at java.lang.Thread.run(Thread.java:748)&#10;&quot;pool-466-thread-3&quot;  prio=5 tid=5183 in Object.wait()&#10;java.lang.Thread.State: WAITING (on object monitor)&#10;        at sun.misc.Unsafe.park(Native Method)&#10;        at java.util.concurrent.locks.LockSupport.park(LockSupport.java:175)&#10;        at java.util.concurrent.locks.AbstractQueuedSynchronizer$ConditionObject.await(AbstractQueuedSynchronizer.java:2039)&#10;        at java.util.concurrent.LinkedBlockingQueue.take(LinkedBlockingQueue.java:442)&#10;        at java.util.concurrent.ThreadPoolExecutor.getTask(ThreadPoolExecutor.java:1074)&#10;        at java.util.concurrent.ThreadPoolExecutor.runWorker(ThreadPoolExecutor.java:1134)&#10;        at java.util.concurrent.ThreadPoolExecutor$Worker.run(ThreadPoolExecutor.java:624)&#10;        at java.lang.Thread.run(Thread.java:748)&#10;&quot;qtp717308094-4980&quot; daemon prio=5 tid=4980 runnable&#10;java.lang.Thread.State: RUNNABLE&#10;        at sun.nio.ch.EPollArrayWrapper.epollWait(Native Method)&#10;        at sun.nio.ch.EPollArrayWrapper.poll(EPollArrayWrapper.java:269)&#10;        at sun.nio.ch.EPollSelectorImpl.doSelect(EPollSelectorImpl.java:93)&#10;        at sun.nio.ch.SelectorImpl.lockAndDoSelect(SelectorImpl.java:86)&#10;        at sun.nio.ch.SelectorImpl.select(SelectorImpl.java:97)&#10;        at sun.nio.ch.SelectorImpl.select(SelectorImpl.java:101)&#10;        at org.eclipse.jetty.io.ManagedSelector.nioSelect(ManagedSelector.java:183)&#10;        at org.eclipse.jetty.io.ManagedSelector.select(ManagedSelector.java:190)&#10;        at org.eclipse.jetty.io.ManagedSelector$SelectorProducer.select(ManagedSelector.java:606)&#10;        at org.eclipse.jetty.io.ManagedSelector$SelectorProducer.produce(ManagedSelector.java:543)&#10;        at org.eclipse.jetty.util.thread.strategy.EatWhatYouKill.produceTask(EatWhatYouKill.java:362)&#10;        at org.eclipse.jetty.util.thread.strategy.EatWhatYouKill.doProduce(EatWhatYouKill.java:186)&#10;        at org.eclipse.jetty.util.thread.strategy.EatWhatYouKill.tryProduce(EatWhatYouKill.java:173)&#10;        at org.eclipse.jetty.util.thread.strategy.EatWhatYouKill.produce(EatWhatYouKill.java:137)&#10;        at org.eclipse.jetty.io.ManagedSelector$$Lambda$309/1426420939.run(Unknown Source)&#10;        at org.eclipse.jetty.util.thread.QueuedThreadPool.runJob(QueuedThreadPool.java:883)&#10;        at org.eclipse.jetty.util.thread.QueuedThreadPool$Runner.run(QueuedThreadPool.java:1034)&#10;        at java.lang.Thread.run(Thread.java:748)&#10;&quot;IPC Server handler 9 on default port 35463&quot; daemon prio=5 tid=4903 timed_waiting&#10;java.lang.Thread.State: TIMED_WAITING&#10;        at sun.misc.Unsafe.park(Native Method)&#10;        at java.util.concurrent.locks.LockSupport.parkNanos(LockSupport.java:215)&#10;        at java.util.concurrent.locks.AbstractQueuedSynchronizer$ConditionObject.awaitNanos(AbstractQueuedSynchronizer.java:2078)&#10;        at java.util.concurrent.LinkedBlockingQueue.poll(LinkedBlockingQueue.java:467)&#10;        at org.apache.hadoop.ipc.CallQueueManager.take(CallQueueManager.java:317)&#10;        at org.apache.hadoop.ipc.Server$Handler.run(Server.java:2932)&#10;&quot;qtp1696189834-4949&quot; daemon prio=5 tid=4949 timed_waiting&#10;java.lang.Thread.State: TIMED_WAITING&#10;        at sun.misc.Unsafe.park(Native Method)&#10;        at java.util.concurrent.locks.LockSupport.parkNanos(LockSupport.java:215)&#10;        at java.util.concurrent.locks.AbstractQueuedSynchronizer$ConditionObject.awaitNanos(AbstractQueuedSynchronizer.java:2078)&#10;        at org.eclipse.jetty.util.BlockingArrayQueue.poll(BlockingArrayQueue.java:382)&#10;        at org.eclipse.jetty.util.thread.QueuedThreadPool$Runner.idleJobPoll(QueuedThreadPool.java:974)&#10;        at org.eclipse.jetty.util.thread.QueuedThreadPool$Runner.run(QueuedThreadPool.java:1018)&#10;        at java.lang.Thread.run(Thread.java:748)&#10;&quot;org.apache.hadoop.ozone.container.common.statemachine.commandhandler.DeleteBlocksCommandHandler$DeleteCmdWorker@47be1b38&quot; daemon prio=5 tid=4036 runnable&#10;java.lang.Thread.State: RUNNABLE&#10;        at java.lang.Thread.sleep(Native Method)&#10;        at org.apache.hadoop.ozone.container.common.statemachine.commandhandler.DeleteBlocksCommandHandler$DeleteCmdWorker.run(DeleteBlocksCommandHandler.java:174)&#10;        at java.lang.Thread.run(Thread.java:748)&#10;&quot;DeleteBlocksCommandHandlerThread-0&quot; daemon prio=5 tid=8196 timed_waiting&#10;java.lang.Thread.State: TIMED_WAITING&#10;        at sun.misc.Unsafe.park(Native Method)&#10;        at java.util.concurrent.locks.LockSupport.parkNanos(LockSupport.java:215)&#10;        at java.util.concurrent.locks.AbstractQueuedSynchronizer$ConditionObject.awaitNanos(AbstractQueuedSynchronizer.java:2078)&#10;        at java.util.concurrent.LinkedBlockingQueue.poll(LinkedBlockingQueue.java:467)&#10;        at java.util.concurrent.ThreadPoolExecutor.getTask(ThreadPoolExecutor.java:1073)&#10;        at java.util.concurrent.ThreadPoolExecutor.runWorker(ThreadPoolExecutor.java:1134)&#10;        at java.util.concurrent.ThreadPoolExecutor$Worker.run(ThreadPoolExecutor.java:624)&#10;        at java.lang.Thread.run(Thread.java:748)&#10;&quot;qtp652278729-5035&quot; daemon prio=5 tid=5035 timed_waiting&#10;java.lang.Thread.State: TIMED_WAITING&#10;        at sun.misc.Unsafe.park(Native Method)&#10;        at java.util.concurrent.locks.LockSupport.parkNanos(LockSupport.java:215)&#10;        at java.util.concurrent.locks.AbstractQueuedSynchronizer$ConditionObject.awaitNanos(AbstractQueuedSynchronizer.java:2078)&#10;        at org.eclipse.jetty.util.BlockingArrayQueue.poll(BlockingArrayQueue.java:382)&#10;        at org.eclipse.jetty.util.thread.QueuedThreadPool$Runner.idleJobPoll(QueuedThreadPool.java:974)&#10;        at org.eclipse.jetty.util.thread.QueuedThreadPool$Runner.run(QueuedThreadPool.java:1018)&#10;        at java.lang.Thread.run(Thread.java:748)&#10;&quot;org.apache.hadoop.util.JvmPauseMonitor$Monitor@5f07379b&quot; daemon prio=5 tid=4996 timed_waiting&#10;java.lang.Thread.State: TIMED_WAITING&#10;        at java.lang.Thread.sleep(Native Method)&#10;        at org.apache.hadoop.util.JvmPauseMonitor$Monitor.run(JvmPauseMonitor.java:192)&#10;        at java.lang.Thread.run(Thread.java:748)&#10;&quot;IPC Server handler 3 on default port 43569&quot; daemon prio=5 tid=4955 timed_waiting&#10;java.lang.Thread.State: TIMED_WAITING&#10;        at sun.misc.Unsafe.park(Native Method)&#10;        at java.util.concurrent.locks.LockSupport.parkNanos(LockSupport.java:215)&#10;        at java.util.concurrent.locks.AbstractQueuedSynchronizer$ConditionObject.awaitNanos(AbstractQueuedSynchronizer.java:2078)&#10;        at java.util.concurrent.LinkedBlockingQueue.poll(LinkedBlockingQueue.java:467)&#10;        at org.apache.hadoop.ipc.CallQueueManager.take(CallQueueManager.java:317)&#10;        at org.apache.hadoop.ipc.Server$Handler.run(Server.java:2932)&#10;&quot;IPC Server handler 3 on default port 43167&quot; daemon prio=5 tid=4877 timed_waiting&#10;java.lang.Thread.State: TIMED_WAITING&#10;        at sun.misc.Unsafe.park(Native Method)&#10;        at java.util.concurrent.locks.LockSupport.parkNanos(LockSupport.java:215)&#10;        at java.util.concurrent.locks.AbstractQueuedSynchronizer$ConditionObject.awaitNanos(AbstractQueuedSynchronizer.java:2078)&#10;        at java.util.concurrent.LinkedBlockingQueue.poll(LinkedBlockingQueue.java:467)&#10;        at org.apache.hadoop.ipc.CallQueueManager.take(CallQueueManager.java:317)&#10;        at org.apache.hadoop.ipc.Server$Handler.run(Server.java:2932)&#10;&quot;Listener at 127.0.0.1/43569&quot;  prio=5 tid=1 runnable&#10;java.lang.Thread.State: RUNNABLE&#10;        at java.lang.Thread.dumpThreads(Native Method)&#10;        at java.lang.Thread.getAllStackTraces(Thread.java:1610)&#10;        at org.apache.ozone.test.TimedOutTestsListener.buildThreadDump(TimedOutTestsListener.java:93)&#10;        at org.apache.ozone.test.TimedOutTestsListener.buildThreadDiagnosticString(TimedOutTestsListener.java:79)&#10;        at org.apache.ozone.test.GenericTestUtils.waitFor(GenericTestUtils.java:225)&#10;        at org.apache.hadoop.ozone.container.common.statemachine.commandhandler.TestBlockDeletion.testBlockDeletion(TestBlockDeletion.java:246)&#10;        at sun.reflect.NativeMethodAccessorImpl.invoke0(Native Method)&#10;        at sun.reflect.NativeMethodAccessorImpl.invoke(NativeMethodAccessorImpl.java:62)&#10;        at sun.reflect.DelegatingMethodAccessorImpl.invoke(DelegatingMethodAccessorImpl.java:43)&#10;        at java.lang.reflect.Method.invoke(Method.java:498)&#10;        at org.junit.runners.model.FrameworkMethod$1.runReflectiveCall(FrameworkMethod.java:59)&#10;        at org.junit.internal.runners.model.ReflectiveCallable.run(ReflectiveCallable.java:12)&#10;        at org.junit.runners.model.FrameworkMethod.invokeExplosively(FrameworkMethod.java:56)&#10;        at org.junit.internal.runners.statements.InvokeMethod.evaluate(InvokeMethod.java:17)&#10;        at org.junit.internal.runners.statements.RunBefores.evaluate(RunBefores.java:26)&#10;        at org.junit.internal.runners.statements.RunAfters.evaluate(RunAfters.java:27)&#10;        at org.junit.runners.ParentRunner$3.evaluate(ParentRunner.java:306)&#10;        at org.junit.runners.BlockJUnit4ClassRunner$1.evaluate(BlockJUnit4ClassRunner.java:100)&#10;        at org.junit.runners.ParentRunner.runLeaf(ParentRunner.java:366)&#10;        at org.junit.runners.BlockJUnit4ClassRunner.runChild(BlockJUnit4ClassRunner.java:103)&#10;        at org.junit.runners.BlockJUnit4ClassRunner.runChild(BlockJUnit4ClassRunner.java:63)&#10;        at org.junit.runners.ParentRunner$4.run(ParentRunner.java:331)&#10;        at org.junit.runners.ParentRunner$1.schedule(ParentRunner.java:79)&#10;        at org.junit.runners.ParentRunner.runChildren(ParentRunner.java:329)&#10;        at org.junit.runners.ParentRunner.access$100(ParentRunner.java:66)&#10;        at org.junit.runners.ParentRunner$2.evaluate(ParentRunner.java:293)&#10;        at org.junit.runners.ParentRunner$3.evaluate(ParentRunner.java:306)&#10;        at org.junit.runners.ParentRunner.run(ParentRunner.java:413)&#10;        at org.junit.runner.JUnitCore.run(JUnitCore.java:137)&#10;        at org.junit.runner.JUnitCore.run(JUnitCore.java:115)&#10;        at org.junit.vintage.engine.execution.RunnerExecutor.execute(RunnerExecutor.java:43)&#10;        at org.junit.vintage.engine.VintageTestEngine$$Lambda$193/1262110193.accept(Unknown Source)&#10;        at java.util.stream.ForEachOps$ForEachOp$OfRef.accept(ForEachOps.java:183)&#10;        at java.util.stream.ReferencePipeline$3$1.accept(ReferencePipeline.java:193)&#10;        at java.util.Iterator.forEachRemaining(Iterator.java:116)&#10;        at java.util.Spliterators$IteratorSpliterator.forEachRemaining(Spliterators.java:1801)&#10;        at java.util.stream.AbstractPipeline.copyInto(AbstractPipeline.java:482)&#10;        at java.util.stream.AbstractPipeline.wrapAndCopyInto(AbstractPipeline.java:472)&#10;        at java.util.stream.ForEachOps$ForEachOp.evaluateSequential(ForEachOps.java:150)&#10;        at java.util.stream.ForEachOps$ForEachOp$OfRef.evaluateSequential(ForEachOps.java:173)&#10;        at java.util.stream.AbstractPipeline.evaluate(AbstractPipeline.java:234)&#10;        at java.util.stream.ReferencePipeline.forEach(ReferencePipeline.java:485)&#10;        at org.junit.vintage.engine.VintageTestEngine.executeAllChildren(VintageTestEngine.java:82)&#10;        at org.junit.vintage.engine.VintageTestEngine.execute(VintageTestEngine.java:73)&#10;        at org.junit.platform.launcher.core.EngineExecutionOrchestrator.execute(EngineExecutionOrchestrator.java:108)&#10;        at org.junit.platform.launcher.core.EngineExecutionOrchestrator.execute(EngineExecutionOrchestrator.java:88)&#10;        at org.junit.platform.launcher.core.EngineExecutionOrchestrator.lambda$execute$0(EngineExecutionOrchestrator.java:54)&#10;        at org.junit.platform.launcher.core.EngineExecutionOrchestrator$$Lambda$141/2018260103.accept(Unknown Source)&#10;        at org.junit.platform.launcher.core.EngineExecutionOrchestrator.withInterceptedStreams(EngineExecutionOrchestrator.java:67)&#10;        at org.junit.platform.launcher.core.EngineExecutionOrchestrator.execute(EngineExecutionOrchestrator.java:52)&#10;        at org.junit.platform.launcher.core.DefaultLauncher.execute(DefaultLauncher.java:96)&#10;        at org.junit.platform.launcher.core.DefaultLauncher.execute(DefaultLauncher.java:75)&#10;        at org.apache.maven.surefire.junitplatform.JUnitPlatformProvider.invokeAllTests(JUnitPlatformProvider.java:142)&#10;        at org.apache.maven.surefire.junitplatform.JUnitPlatformProvider.invoke(JUnitPlatformProvider.java:113)&#10;        at org.apache.maven.surefire.booter.ForkedBooter.invokeProviderInSameClassLoader(ForkedBooter.java:384)&#10;        at org.apache.maven.surefire.booter.ForkedBooter.runSuitesInProcess(ForkedBooter.java:345)&#10;        at org.apache.maven.surefire.booter.ForkedBooter.execute(ForkedBooter.java:126)&#10;        at org.apache.maven.surefire.booter.ForkedBooter.main(ForkedBooter.java:418)&#10;&quot;PartialTableCache Cleanup Thread - 0&quot; daemon prio=5 tid=344 in Object.wait()&#10;java.lang.Thread.State: WAITING (on object monitor)&#10;        at sun.misc.Unsafe.park(Native Method)&#10;        at java.util.concurrent.locks.LockSupport.park(LockSupport.java:175)&#10;        at java.util.concurrent.locks.AbstractQueuedSynchronizer$ConditionObject.await(AbstractQueuedSynchronizer.java:2039)&#10;        at java.util.concurrent.LinkedBlockingQueue.take(LinkedBlockingQueue.java:442)&#10;        at java.util.concurrent.ThreadPoolExecutor.getTask(ThreadPoolExecutor.java:1074)&#10;        at java.util.concurrent.ThreadPoolExecutor.runWorker(ThreadPoolExecutor.java:1134)&#10;        at java.util.concurrent.ThreadPoolExecutor$Worker.run(ThreadPoolExecutor.java:624)&#10;        at java.lang.Thread.run(Thread.java:748)&#10;&quot;Datanode State Machine Task Thread - 1&quot;  prio=5 tid=5050 in Object.wait()&#10;java.lang.Thread.State: WAITING (on object monitor)&#10;        at sun.misc.Unsafe.park(Native Method)&#10;        at java.util.concurrent.locks.LockSupport.park(LockSupport.java:175)&#10;        at java.util.concurrent.locks.AbstractQueuedSynchronizer$ConditionObject.await(AbstractQueuedSynchronizer.java:2039)&#10;        at java.util.concurrent.LinkedBlockingQueue.take(LinkedBlockingQueue.java:442)&#10;        at java.util.concurrent.ThreadPoolExecutor.getTask(ThreadPoolExecutor.java:1074)&#10;        at java.util.concurrent.ThreadPoolExecutor.runWorker(ThreadPoolExecutor.java:1134)&#10;        at java.util.concurrent.ThreadPoolExecutor$Worker.run(ThreadPoolExecutor.java:624)&#10;        at java.lang.Thread.run(Thread.java:748)&#10;&quot;Session-HouseKeeper-1dafed7b-1&quot;  prio=5 tid=5013 timed_waiting&#10;java.lang.Thread.State: TIMED_WAITING&#10;        at sun.misc.Unsafe.park(Native Method)&#10;        at java.util.concurrent.locks.LockSupport.parkNanos(LockSupport.java:215)&#10;        at java.util.concurrent.locks.AbstractQueuedSynchronizer$ConditionObject.awaitNanos(AbstractQueuedSynchronizer.java:2078)&#10;        at java.util.concurrent.ScheduledThreadPoolExecutor$DelayedWorkQueue.take(ScheduledThreadPoolExecutor.java:1093)&#10;        at java.util.concurrent.ScheduledThreadPoolExecutor$DelayedWorkQueue.take(ScheduledThreadPoolExecutor.java:809)&#10;        at java.util.concurrent.ThreadPoolExecutor.getTask(ThreadPoolExecutor.java:1074)&#10;        at java.util.concurrent.ThreadPoolExecutor.runWorker(ThreadPoolExecutor.java:1134)&#10;        at java.util.concurrent.ThreadPoolExecutor$Worker.run(ThreadPoolExecutor.java:624)&#10;        at java.lang.Thread.run(Thread.java:748)&#10;&quot;EndpointStateMachine task thread for /0.0.0.0:43341 - 0 &quot;  prio=5 tid=234 in Object.wait()&#10;java.lang.Thread.State: WAITING (on object monitor)&#10;        at sun.misc.Unsafe.park(Native Method)&#10;        at java.util.concurrent.locks.LockSupport.park(LockSupport.java:175)&#10;        at java.util.concurrent.locks.AbstractQueuedSynchronizer$ConditionObject.await(AbstractQueuedSynchronizer.java:2039)&#10;        at java.util.concurrent.LinkedBlockingQueue.take(LinkedBlockingQueue.java:442)&#10;        at java.util.concurrent.ThreadPoolExecutor.getTask(ThreadPoolExecutor.java:1074)&#10;        at java.util.concurrent.ThreadPoolExecutor.runWorker(ThreadPoolExecutor.java:1134)&#10;        at java.util.concurrent.ThreadPoolExecutor$Worker.run(ThreadPoolExecutor.java:624)&#10;        at java.lang.Thread.run(Thread.java:748)&#10;&quot;qtp1696189834-4948&quot; daemon prio=5 tid=4948 timed_waiting&#10;java.lang.Thread.State: TIMED_WAITING&#10;        at sun.misc.Unsafe.park(Native Method)&#10;        at java.util.concurrent.locks.LockSupport.parkNanos(LockSupport.java:215)&#10;        at java.util.concurrent.locks.AbstractQueuedSynchronizer$ConditionObject.awaitNanos(AbstractQueuedSynchronizer.java:2078)&#10;        at org.eclipse.jetty.util.BlockingArrayQueue.poll(BlockingArrayQueue.java:382)&#10;        at org.eclipse.jetty.util.thread.QueuedThreadPool$Runner.idleJobPoll(QueuedThreadPool.java:974)&#10;        at org.eclipse.jetty.util.thread.QueuedThreadPool$Runner.run(QueuedThreadPool.java:1018)&#10;        at java.lang.Thread.run(Thread.java:748)&#10;&quot;pool-462-thread-1&quot;  prio=5 tid=5031 timed_waiting&#10;java.lang.Thread.State: TIMED_WAITING&#10;        at sun.misc.Unsafe.park(Native Method)&#10;        at java.util.concurrent.locks.LockSupport.parkNanos(LockSupport.java:215)&#10;        at java.util.concurrent.locks.AbstractQueuedSynchronizer$ConditionObject.awaitNanos(AbstractQueuedSynchronizer.java:2078)&#10;        at java.util.concurrent.ScheduledThreadPoolExecutor$DelayedWorkQueue.take(ScheduledThreadPoolExecutor.java:1093)&#10;        at java.util.concurrent.ScheduledThreadPoolExecutor$DelayedWorkQueue.take(ScheduledThreadPoolExecutor.java:809)&#10;        at java.util.concurrent.ThreadPoolExecutor.getTask(ThreadPoolExecutor.java:1074)&#10;        at java.util.concurrent.ThreadPoolExecutor.runWorker(ThreadPoolExecutor.java:1134)&#10;        at java.util.concurrent.ThreadPoolExecutor$Worker.run(ThreadPoolExecutor.java:624)&#10;        at java.lang.Thread.run(Thread.java:748)&#10;&quot;IPC Server handler 4 on default port 43569&quot; daemon prio=5 tid=4956 timed_waiting&#10;java.lang.Thread.State: TIMED_WAITING&#10;        at sun.misc.Unsafe.park(Native Method)&#10;        at java.util.concurrent.locks.LockSupport.parkNanos(LockSupport.java:215)&#10;        at java.util.concurrent.locks.AbstractQueuedSynchronizer$ConditionObject.awaitNanos(AbstractQueuedSynchronizer.java:2078)&#10;        at java.util.concurrent.LinkedBlockingQueue.poll(LinkedBlockingQueue.java:467)&#10;        at org.apache.hadoop.ipc.CallQueueManager.take(CallQueueManager.java:317)&#10;        at org.apache.hadoop.ipc.Server$Handler.run(Server.java:2932)&#10;&quot;IPC Server Responder&quot; daemon prio=5 tid=4850 runnable&#10;java.lang.Thread.State: RUNNABLE&#10;        at sun.nio.ch.EPollArrayWrapper.epollWait(Native Method)&#10;        at sun.nio.ch.EPollArrayWrapper.poll(EPollArrayWrapper.java:269)&#10;        at sun.nio.ch.EPollSelectorImpl.doSelect(EPollSelectorImpl.java:93)&#10;        at sun.nio.ch.SelectorImpl.lockAndDoSelect(SelectorImpl.java:86)&#10;        at sun.nio.ch.SelectorImpl.select(SelectorImpl.java:97)&#10;        at org.apache.hadoop.ipc.Server$Responder.doRunLoop(Server.java:1527)&#10;        at org.apache.hadoop.ipc.Server$Responder.run(Server.java:1510)&#10;&quot;IPC Server handler 18 on default port 37371&quot; daemon prio=5 tid=4872 timed_waiting&#10;java.lang.Thread.State: TIMED_WAITING&#10;        at sun.misc.Unsafe.park(Native Method)&#10;        at java.util.concurrent.locks.LockSupport.parkNanos(LockSupport.java:215)&#10;        at java.util.concurrent.locks.AbstractQueuedSynchronizer$ConditionObject.awaitNanos(AbstractQueuedSynchronizer.java:2078)&#10;        at java.util.concurrent.LinkedBlockingQueue.poll(LinkedBlockingQueue.java:467)&#10;        at org.apache.hadoop.ipc.CallQueueManager.take(CallQueueManager.java:317)&#10;        at org.apache.hadoop.ipc.Server$Handler.run(Server.java:2932)&#10;&quot;IPC Server handler 19 on default port 37371&quot; daemon prio=5 tid=4873 timed_waiting&#10;java.lang.Thread.State: TIMED_WAITING&#10;        at sun.misc.Unsafe.park(Native Method)&#10;        at java.util.concurrent.locks.LockSupport.parkNanos(LockSupport.java:215)&#10;        at java.util.concurrent.locks.AbstractQueuedSynchronizer$ConditionObject.awaitNanos(AbstractQueuedSynchronizer.java:2078)&#10;        at java.util.concurrent.LinkedBlockingQueue.poll(LinkedBlockingQueue.java:467)&#10;        at org.apache.hadoop.ipc.CallQueueManager.take(CallQueueManager.java:317)&#10;        at org.apache.hadoop.ipc.Server$Handler.run(Server.java:2932)&#10;&quot;EventQueue-PipelineReportForPipelineReportHandler&quot; daemon prio=5 tid=5107 in Object.wait()&#10;java.lang.Thread.State: WAITING (on object monitor)&#10;        at sun.misc.Unsafe.park(Native Method)&#10;        at java.util.concurrent.locks.LockSupport.park(LockSupport.java:175)&#10;        at java.util.concurrent.locks.AbstractQueuedSynchronizer$ConditionObject.await(AbstractQueuedSynchronizer.java:2039)&#10;        at java.util.concurrent.LinkedBlockingQueue.take(LinkedBlockingQueue.java:442)&#10;        at java.util.concurrent.ThreadPoolExecutor.getTask(ThreadPoolExecutor.java:1074)&#10;        at java.util.concurrent.ThreadPoolExecutor.runWorker(ThreadPoolExecutor.java:1134)&#10;        at java.util.concurrent.ThreadPoolExecutor$Worker.run(ThreadPoolExecutor.java:624)&#10;        at java.lang.Thread.run(Thread.java:748)&#10;&quot;EventQueue-ContainerReportForContainerReportHandler&quot; daemon prio=5 tid=5103 in Object.wait()&#10;java.lang.Thread.State: WAITING (on object monitor)&#10;        at sun.misc.Unsafe.park(Native Method)&#10;        at java.util.concurrent.locks.LockSupport.park(LockSupport.java:175)&#10;        at java.util.concurrent.locks.AbstractQueuedSynchronizer$ConditionObject.await(AbstractQueuedSynchronizer.java:2039)&#10;        at java.util.concurrent.LinkedBlockingQueue.take(LinkedBlockingQueue.java:442)&#10;        at java.util.concurrent.ThreadPoolExecutor.getTask(ThreadPoolExecutor.java:1074)&#10;        at java.util.concurrent.ThreadPoolExecutor.runWorker(ThreadPoolExecutor.java:1134)&#10;        at java.util.concurrent.ThreadPoolExecutor$Worker.run(ThreadPoolExecutor.java:624)&#10;        at java.lang.Thread.run(Thread.java:748)&#10;&quot;ChunkWriter-1-0&quot; daemon prio=5 tid=5054 in Object.wait()&#10;java.lang.Thread.State: WAITING (on object monitor)&#10;        at sun.misc.Unsafe.park(Native Method)&#10;        at java.util.concurrent.locks.LockSupport.park(LockSupport.java:175)&#10;        at java.util.concurrent.locks.AbstractQueuedSynchronizer$ConditionObject.await(AbstractQueuedSynchronizer.java:2039)&#10;        at java.util.concurrent.LinkedBlockingDeque.takeFirst(LinkedBlockingDeque.java:492)&#10;        at java.util.concurrent.LinkedBlockingDeque.take(LinkedBlockingDeque.java:680)&#10;        at java.util.concurrent.ThreadPoolExecutor.getTask(ThreadPoolExecutor.java:1074)&#10;        at java.util.concurrent.ThreadPoolExecutor.runWorker(ThreadPoolExecutor.java:1134)&#10;        at java.util.concurrent.ThreadPoolExecutor$Worker.run(ThreadPoolExecutor.java:624)&#10;        at java.lang.Thread.run(Thread.java:748)&#10;&quot;BlockDeletingService#7&quot; daemon prio=5 tid=5075 in Object.wait()&#10;java.lang.Thread.State: WAITING (on object monitor)&#10;        at sun.misc.Unsafe.park(Native Method)&#10;        at java.util.concurrent.locks.LockSupport.park(LockSupport.java:175)&#10;        at java.util.concurrent.locks.AbstractQueuedSynchronizer$ConditionObject.await(AbstractQueuedSynchronizer.java:2039)&#10;        at java.util.concurrent.ScheduledThreadPoolExecutor$DelayedWorkQueue.take(ScheduledThreadPoolExecutor.java:1088)&#10;        at java.util.concurrent.ScheduledThreadPoolExecutor$DelayedWorkQueue.take(ScheduledThreadPoolExecutor.java:809)&#10;        at java.util.concurrent.ThreadPoolExecutor.getTask(ThreadPoolExecutor.java:1074)&#10;        at java.util.concurrent.ThreadPoolExecutor.runWorker(ThreadPoolExecutor.java:1134)&#10;        at java.util.concurrent.ThreadPoolExecutor$Worker.run(ThreadPoolExecutor.java:624)&#10;        at java.lang.Thread.run(Thread.java:748)&#10;&quot;Socket Reader #1 for port 0&quot;  prio=5 tid=4840 runnable&#10;java.lang.Thread.State: RUNNABLE&#10;        at sun.nio.ch.EPollArrayWrapper.epollWait(Native Method)&#10;        at sun.nio.ch.EPollArrayWrapper.poll(EPollArrayWrapper.java:269)&#10;        at sun.nio.ch.EPollSelectorImpl.doSelect(EPollSelectorImpl.java:93)&#10;        at sun.nio.ch.SelectorImpl.lockAndDoSelect(SelectorImpl.java:86)&#10;        at sun.nio.ch.SelectorImpl.select(SelectorImpl.java:97)&#10;        at sun.nio.ch.SelectorImpl.select(SelectorImpl.java:101)&#10;        at org.apache.hadoop.ipc.Server$Listener$Reader.doRunLoop(Server.java:1288)&#10;        at org.apache.hadoop.ipc.Server$Listener$Reader.run(Server.java:1267)&#10;&quot;pool-467-thread-8&quot;  prio=5 tid=5224 in Object.wait()&#10;java.lang.Thread.State: WAITING (on object monitor)&#10;        at sun.misc.Unsafe.park(Native Method)&#10;        at java.util.concurrent.locks.LockSupport.park(LockSupport.java:175)&#10;        at java.util.concurrent.locks.AbstractQueuedSynchronizer$ConditionObject.await(AbstractQueuedSynchronizer.java:2039)&#10;        at java.util.concurrent.LinkedBlockingQueue.take(LinkedBlockingQueue.java:442)&#10;        at java.util.concurrent.ThreadPoolExecutor.getTask(ThreadPoolExecutor.java:1074)&#10;        at java.util.concurrent.ThreadPoolExecutor.runWorker(ThreadPoolExecutor.java:1134)&#10;        at java.util.concurrent.ThreadPoolExecutor$Worker.run(ThreadPoolExecutor.java:624)&#10;        at java.lang.Thread.run(Thread.java:748)&#10;&quot;IPC Server handler 10 on default port 37371&quot; daemon prio=5 tid=4864 timed_waiting&#10;java.lang.Thread.State: TIMED_WAITING&#10;        at sun.misc.Unsafe.park(Native Method)&#10;        at java.util.concurrent.locks.LockSupport.parkNanos(LockSupport.java:215)&#10;        at java.util.concurrent.locks.AbstractQueuedSynchronizer$ConditionObject.awaitNanos(AbstractQueuedSynchronizer.java:2078)&#10;        at java.util.concurrent.LinkedBlockingQueue.poll(LinkedBlockingQueue.java:467)&#10;        at org.apache.hadoop.ipc.CallQueueManager.take(CallQueueManager.java:317)&#10;        at org.apache.hadoop.ipc.Server$Handler.run(Server.java:2932)&#10;&quot;EventQueue-PipelineReportForOneReplicaPipelineSafeModeRule&quot; daemon prio=5 tid=5106 in Object.wait()&#10;java.lang.Thread.State: WAITING (on object monitor)&#10;        at sun.misc.Unsafe.park(Native Method)&#10;        at java.util.concurrent.locks.LockSupport.park(LockSupport.java:175)&#10;        at java.util.concurrent.locks.AbstractQueuedSynchronizer$ConditionObject.await(AbstractQueuedSynchronizer.java:2039)&#10;        at java.util.concurrent.LinkedBlockingQueue.take(LinkedBlockingQueue.java:442)&#10;        at java.util.concurrent.ThreadPoolExecutor.getTask(ThreadPoolExecutor.java:1074)&#10;        at java.util.concurrent.ThreadPoolExecutor.runWorker(ThreadPoolExecutor.java:1134)&#10;        at java.util.concurrent.ThreadPoolExecutor$Worker.run(ThreadPoolExecutor.java:624)&#10;        at java.lang.Thread.run(Thread.java:748)&#10;&quot;qtp717308094-4981-acceptor-0@78c74e27-ServerConnector@556ed69c{HTTP/1.1, (http/1.1)}{0.0.0.0:35465}&quot; daemon prio=3 tid=4981 runnable&#10;java.lang.Thread.State: RUNNABLE&#10;        at sun.nio.ch.ServerSocketChannelImpl.accept0(Native Method)&#10;        at sun.nio.ch.ServerSocketChannelImpl.accept(ServerSocketChannelImpl.java:421)&#10;        at sun.nio.ch.ServerSocketChannelImpl.accept(ServerSocketChannelImpl.java:249)&#10;        at org.eclipse.jetty.server.ServerConnector.accept(ServerConnector.java:388)&#10;        at org.eclipse.jetty.server.AbstractConnector$Acceptor.run(AbstractConnector.java:702)&#10;        at org.eclipse.jetty.util.thread.QueuedThreadPool.runJob(QueuedThreadPool.java:883)&#10;        at org.eclipse.jetty.util.thread.QueuedThreadPool$Runner.run(QueuedThreadPool.java:1034)&#10;        at java.lang.Thread.run(Thread.java:748)&#10;&#10;" type="java.util.concurrent.TimeoutException">java.util.concurrent.TimeoutException: 
Timed out waiting for condition. Thread diagnostics:
Timestamp: 2021-08-10 12:16:55,413

"pool-431-thread-1" daemon prio=5 tid=5001 timed_waiting
java.lang.Thread.State: TIMED_WAITING
        at sun.misc.Unsafe.park(Native Method)
        at java.util.concurrent.locks.LockSupport.parkNanos(LockSupport.java:215)
        at java.util.concurrent.locks.AbstractQueuedSynchronizer$ConditionObject.awaitNanos(AbstractQueuedSynchronizer.java:2078)
        at java.util.concurrent.ScheduledThreadPoolExecutor$DelayedWorkQueue.take(ScheduledThreadPoolExecutor.java:1093)
        at java.util.concurrent.ScheduledThreadPoolExecutor$DelayedWorkQueue.take(ScheduledThreadPoolExecutor.java:809)
        at java.util.concurrent.ThreadPoolExecutor.getTask(ThreadPoolExecutor.java:1074)
        at java.util.concurrent.ThreadPoolExecutor.runWorker(ThreadPoolExecutor.java:1134)
        at java.util.concurrent.ThreadPoolExecutor$Worker.run(ThreadPoolExecutor.java:624)
        at java.lang.Thread.run(Thread.java:748)
"IPC Server handler 1 on default port 35463" daemon prio=5 tid=4895 timed_waiting
java.lang.Thread.State: TIMED_WAITING
        at sun.misc.Unsafe.park(Native Method)
        at java.util.concurrent.locks.LockSupport.parkNanos(LockSupport.java:215)
        at java.util.concurrent.locks.AbstractQueuedSynchronizer$ConditionObject.awaitNanos(AbstractQueuedSynchronizer.java:2078)
        at java.util.concurrent.LinkedBlockingQueue.poll(LinkedBlockingQueue.java:467)
        at org.apache.hadoop.ipc.CallQueueManager.take(CallQueueManager.java:317)
        at org.apache.hadoop.ipc.Server$Handler.run(Server.java:2932)
"EndpointStateMachine task thread for /0.0.0.0:35463 - 0 "  prio=5 tid=5051 in Object.wait()
java.lang.Thread.State: WAITING (on object monitor)
        at sun.misc.Unsafe.park(Native Method)
        at java.util.concurrent.locks.LockSupport.park(LockSupport.java:175)
        at java.util.concurrent.locks.AbstractQueuedSynchronizer$ConditionObject.await(AbstractQueuedSynchronizer.java:2039)
        at java.util.concurrent.LinkedBlockingQueue.take(LinkedBlockingQueue.java:442)
        at java.util.concurrent.ThreadPoolExecutor.getTask(ThreadPoolExecutor.java:1074)
        at java.util.concurrent.ThreadPoolExecutor.runWorker(ThreadPoolExecutor.java:1134)
        at java.util.concurrent.ThreadPoolExecutor$Worker.run(ThreadPoolExecutor.java:624)
        at java.lang.Thread.run(Thread.java:748)
"EndpointStateMachine task thread for /0.0.0.0:35463 - 0 "  prio=5 tid=5064 in Object.wait()
java.lang.Thread.State: WAITING (on object monitor)
        at sun.misc.Unsafe.park(Native Method)
        at java.util.concurrent.locks.LockSupport.park(LockSupport.java:175)
        at java.util.concurrent.locks.AbstractQueuedSynchronizer$ConditionObject.await(AbstractQueuedSynchronizer.java:2039)
        at java.util.concurrent.LinkedBlockingQueue.take(LinkedBlockingQueue.java:442)
        at java.util.concurrent.ThreadPoolExecutor.getTask(ThreadPoolExecutor.java:1074)
        at java.util.concurrent.ThreadPoolExecutor.runWorker(ThreadPoolExecutor.java:1134)
        at java.util.concurrent.ThreadPoolExecutor$Worker.run(ThreadPoolExecutor.java:624)
        at java.lang.Thread.run(Thread.java:748)
"BlockDeletingService#8" daemon prio=5 tid=5095 in Object.wait()
java.lang.Thread.State: WAITING (on object monitor)
        at sun.misc.Unsafe.park(Native Method)
        at java.util.concurrent.locks.LockSupport.park(LockSupport.java:175)
        at java.util.concurrent.locks.AbstractQueuedSynchronizer$ConditionObject.await(AbstractQueuedSynchronizer.java:2039)
        at java.util.concurrent.ScheduledThreadPoolExecutor$DelayedWorkQueue.take(ScheduledThreadPoolExecutor.java:1088)
        at java.util.concurrent.ScheduledThreadPoolExecutor$DelayedWorkQueue.take(ScheduledThreadPoolExecutor.java:809)
        at java.util.concurrent.ThreadPoolExecutor.getTask(ThreadPoolExecutor.java:1074)
        at java.util.concurrent.ThreadPoolExecutor.runWorker(ThreadPoolExecutor.java:1134)
        at java.util.concurrent.ThreadPoolExecutor$Worker.run(ThreadPoolExecutor.java:624)
        at java.lang.Thread.run(Thread.java:748)
"pool-466-thread-6"  prio=5 tid=5210 in Object.wait()
java.lang.Thread.State: WAITING (on object monitor)
        at sun.misc.Unsafe.park(Native Method)
        at java.util.concurrent.locks.LockSupport.park(LockSupport.java:175)
        at java.util.concurrent.locks.AbstractQueuedSynchronizer$ConditionObject.await(AbstractQueuedSynchronizer.java:2039)
        at java.util.concurrent.LinkedBlockingQueue.take(LinkedBlockingQueue.java:442)
        at java.util.concurrent.ThreadPoolExecutor.getTask(ThreadPoolExecutor.java:1074)
        at java.util.concurrent.ThreadPoolExecutor.runWorker(ThreadPoolExecutor.java:1134)
        at java.util.concurrent.ThreadPoolExecutor$Worker.run(ThreadPoolExecutor.java:624)
        at java.lang.Thread.run(Thread.java:748)
"BlockDeletingService#3" daemon prio=5 tid=5092 in Object.wait()
java.lang.Thread.State: WAITING (on object monitor)
        at sun.misc.Unsafe.park(Native Method)
        at java.util.concurrent.locks.LockSupport.park(LockSupport.java:175)
        at java.util.concurrent.locks.AbstractQueuedSynchronizer$ConditionObject.await(AbstractQueuedSynchronizer.java:2039)
        at java.util.concurrent.ScheduledThreadPoolExecutor$DelayedWorkQueue.take(ScheduledThreadPoolExecutor.java:1088)
        at java.util.concurrent.ScheduledThreadPoolExecutor$DelayedWorkQueue.take(ScheduledThreadPoolExecutor.java:809)
        at java.util.concurrent.ThreadPoolExecutor.getTask(ThreadPoolExecutor.java:1074)
        at java.util.concurrent.ThreadPoolExecutor.runWorker(ThreadPoolExecutor.java:1134)
        at java.util.concurrent.ThreadPoolExecutor$Worker.run(ThreadPoolExecutor.java:624)
        at java.lang.Thread.run(Thread.java:748)
"SCM Heartbeat Processing Thread - 0" daemon prio=5 tid=4835 timed_waiting
java.lang.Thread.State: TIMED_WAITING
        at sun.misc.Unsafe.park(Native Method)
        at java.util.concurrent.locks.LockSupport.parkNanos(LockSupport.java:215)
        at java.util.concurrent.locks.AbstractQueuedSynchronizer$ConditionObject.awaitNanos(AbstractQueuedSynchronizer.java:2078)
        at java.util.concurrent.ScheduledThreadPoolExecutor$DelayedWorkQueue.take(ScheduledThreadPoolExecutor.java:1093)
        at java.util.concurrent.ScheduledThreadPoolExecutor$DelayedWorkQueue.take(ScheduledThreadPoolExecutor.java:809)
        at java.util.concurrent.ThreadPoolExecutor.getTask(ThreadPoolExecutor.java:1074)
        at java.util.concurrent.ThreadPoolExecutor.runWorker(ThreadPoolExecutor.java:1134)
        at java.util.concurrent.ThreadPoolExecutor$Worker.run(ThreadPoolExecutor.java:624)
        at java.lang.Thread.run(Thread.java:748)
"EventQueue-ContainerReportForContainerReportHandler" daemon prio=5 tid=5115 in Object.wait()
java.lang.Thread.State: WAITING (on object monitor)
        at sun.misc.Unsafe.park(Native Method)
        at java.util.concurrent.locks.LockSupport.park(LockSupport.java:175)
        at java.util.concurrent.locks.AbstractQueuedSynchronizer$ConditionObject.await(AbstractQueuedSynchronizer.java:2039)
        at java.util.concurrent.LinkedBlockingQueue.take(LinkedBlockingQueue.java:442)
        at java.util.concurrent.ThreadPoolExecutor.getTask(ThreadPoolExecutor.java:1074)
        at java.util.concurrent.ThreadPoolExecutor.runWorker(ThreadPoolExecutor.java:1134)
        at java.util.concurrent.ThreadPoolExecutor$Worker.run(ThreadPoolExecutor.java:624)
        at java.lang.Thread.run(Thread.java:748)
"qtp1834632129-4920" daemon prio=5 tid=4920 timed_waiting
java.lang.Thread.State: TIMED_WAITING
        at sun.misc.Unsafe.park(Native Method)
        at java.util.concurrent.locks.LockSupport.parkNanos(LockSupport.java:215)
        at java.util.concurrent.locks.AbstractQueuedSynchronizer$ConditionObject.awaitNanos(AbstractQueuedSynchronizer.java:2078)
        at org.eclipse.jetty.util.BlockingArrayQueue.poll(BlockingArrayQueue.java:382)
        at org.eclipse.jetty.util.thread.QueuedThreadPool$Runner.idleJobPoll(QueuedThreadPool.java:974)
        at org.eclipse.jetty.util.thread.QueuedThreadPool$Runner.run(QueuedThreadPool.java:1018)
        at java.lang.Thread.run(Thread.java:748)
"IPC Server handler 13 on default port 37371" daemon prio=5 tid=4867 timed_waiting
java.lang.Thread.State: TIMED_WAITING
        at sun.misc.Unsafe.park(Native Method)
        at java.util.concurrent.locks.LockSupport.parkNanos(LockSupport.java:215)
        at java.util.concurrent.locks.AbstractQueuedSynchronizer$ConditionObject.awaitNanos(AbstractQueuedSynchronizer.java:2078)
        at java.util.concurrent.LinkedBlockingQueue.poll(LinkedBlockingQueue.java:467)
        at org.apache.hadoop.ipc.CallQueueManager.take(CallQueueManager.java:317)
        at org.apache.hadoop.ipc.Server$Handler.run(Server.java:2932)
"FullTableCache Cleanup Thread - 0" daemon prio=5 tid=342 in Object.wait()
java.lang.Thread.State: WAITING (on object monitor)
        at sun.misc.Unsafe.park(Native Method)
        at java.util.concurrent.locks.LockSupport.park(LockSupport.java:175)
        at java.util.concurrent.locks.AbstractQueuedSynchronizer$ConditionObject.await(AbstractQueuedSynchronizer.java:2039)
        at java.util.concurrent.LinkedBlockingQueue.take(LinkedBlockingQueue.java:442)
        at java.util.concurrent.ThreadPoolExecutor.getTask(ThreadPoolExecutor.java:1074)
        at java.util.concurrent.ThreadPoolExecutor.runWorker(ThreadPoolExecutor.java:1134)
        at java.util.concurrent.ThreadPoolExecutor$Worker.run(ThreadPoolExecutor.java:624)
        at java.lang.Thread.run(Thread.java:748)
"org.apache.hadoop.ozone.container.common.statemachine.commandhandler.DeleteBlocksCommandHandler$DeleteCmdWorker@29efc19e" daemon prio=5 tid=4086 runnable
java.lang.Thread.State: RUNNABLE
        at java.lang.Thread.sleep(Native Method)
        at org.apache.hadoop.ozone.container.common.statemachine.commandhandler.DeleteBlocksCommandHandler$DeleteCmdWorker.run(DeleteBlocksCommandHandler.java:174)
        at java.lang.Thread.run(Thread.java:748)
"Datanode ReportManager Thread - 0" daemon prio=5 tid=5015 in Object.wait()
java.lang.Thread.State: WAITING (on object monitor)
        at sun.misc.Unsafe.park(Native Method)
        at java.util.concurrent.locks.LockSupport.park(LockSupport.java:175)
        at java.util.concurrent.locks.AbstractQueuedSynchronizer$ConditionObject.await(AbstractQueuedSynchronizer.java:2039)
        at java.util.concurrent.ScheduledThreadPoolExecutor$DelayedWorkQueue.take(ScheduledThreadPoolExecutor.java:1088)
        at java.util.concurrent.ScheduledThreadPoolExecutor$DelayedWorkQueue.take(ScheduledThreadPoolExecutor.java:809)
        at java.util.concurrent.ThreadPoolExecutor.getTask(ThreadPoolExecutor.java:1074)
        at java.util.concurrent.ThreadPoolExecutor.runWorker(ThreadPoolExecutor.java:1134)
        at java.util.concurrent.ThreadPoolExecutor$Worker.run(ThreadPoolExecutor.java:624)
        at java.lang.Thread.run(Thread.java:748)
"org.apache.hadoop.util.JvmPauseMonitor$Monitor@45a7770d" daemon prio=5 tid=4972 timed_waiting
java.lang.Thread.State: TIMED_WAITING
        at java.lang.Thread.sleep(Native Method)
        at org.apache.hadoop.util.JvmPauseMonitor$Monitor.run(JvmPauseMonitor.java:192)
        at java.lang.Thread.run(Thread.java:748)
"java.util.concurrent.ThreadPoolExecutor$Worker@3615d7a1[State = -1, empty queue]" daemon prio=5 tid=5142 timed_waiting
java.lang.Thread.State: TIMED_WAITING
        at sun.misc.Unsafe.park(Native Method)
        at java.util.concurrent.locks.LockSupport.parkNanos(LockSupport.java:215)
        at java.util.concurrent.locks.AbstractQueuedSynchronizer$ConditionObject.awaitNanos(AbstractQueuedSynchronizer.java:2078)
        at java.util.concurrent.ScheduledThreadPoolExecutor$DelayedWorkQueue.take(ScheduledThreadPoolExecutor.java:1093)
        at java.util.concurrent.ScheduledThreadPoolExecutor$DelayedWorkQueue.take(ScheduledThreadPoolExecutor.java:809)
        at java.util.concurrent.ThreadPoolExecutor.getTask(ThreadPoolExecutor.java:1074)
        at java.util.concurrent.ThreadPoolExecutor.runWorker(ThreadPoolExecutor.java:1134)
        at java.util.concurrent.ThreadPoolExecutor$Worker.run(ThreadPoolExecutor.java:624)
        at java.lang.Thread.run(Thread.java:748)
"IPC Server listener on 0" daemon prio=5 tid=4931 runnable
java.lang.Thread.State: RUNNABLE
        at sun.nio.ch.EPollArrayWrapper.epollWait(Native Method)
        at sun.nio.ch.EPollArrayWrapper.poll(EPollArrayWrapper.java:269)
        at sun.nio.ch.EPollSelectorImpl.doSelect(EPollSelectorImpl.java:93)
        at sun.nio.ch.SelectorImpl.lockAndDoSelect(SelectorImpl.java:86)
        at sun.nio.ch.SelectorImpl.select(SelectorImpl.java:97)
        at sun.nio.ch.SelectorImpl.select(SelectorImpl.java:101)
        at org.apache.hadoop.ipc.Server$Listener.run(Server.java:1350)
"PartialTableCache Cleanup Thread - 0" daemon prio=5 tid=4333 in Object.wait()
java.lang.Thread.State: WAITING (on object monitor)
        at sun.misc.Unsafe.park(Native Method)
        at java.util.concurrent.locks.LockSupport.park(LockSupport.java:175)
        at java.util.concurrent.locks.AbstractQueuedSynchronizer$ConditionObject.await(AbstractQueuedSynchronizer.java:2039)
        at java.util.concurrent.LinkedBlockingQueue.take(LinkedBlockingQueue.java:442)
        at java.util.concurrent.ThreadPoolExecutor.getTask(ThreadPoolExecutor.java:1074)
        at java.util.concurrent.ThreadPoolExecutor.runWorker(ThreadPoolExecutor.java:1134)
        at java.util.concurrent.ThreadPoolExecutor$Worker.run(ThreadPoolExecutor.java:624)
        at java.lang.Thread.run(Thread.java:748)
"grpc-default-executor-0" daemon prio=5 tid=306 timed_waiting
java.lang.Thread.State: TIMED_WAITING
        at sun.misc.Unsafe.park(Native Method)
        at java.util.concurrent.locks.LockSupport.parkNanos(LockSupport.java:215)
        at java.util.concurrent.SynchronousQueue$TransferStack.awaitFulfill(SynchronousQueue.java:460)
        at java.util.concurrent.SynchronousQueue$TransferStack.transfer(SynchronousQueue.java:362)
        at java.util.concurrent.SynchronousQueue.poll(SynchronousQueue.java:941)
        at java.util.concurrent.ThreadPoolExecutor.getTask(ThreadPoolExecutor.java:1073)
        at java.util.concurrent.ThreadPoolExecutor.runWorker(ThreadPoolExecutor.java:1134)
        at java.util.concurrent.ThreadPoolExecutor$Worker.run(ThreadPoolExecutor.java:624)
        at java.lang.Thread.run(Thread.java:748)
"BlockDeletingService#1" daemon prio=5 tid=5088 in Object.wait()
java.lang.Thread.State: WAITING (on object monitor)
        at sun.misc.Unsafe.park(Native Method)
        at java.util.concurrent.locks.LockSupport.park(LockSupport.java:175)
        at java.util.concurrent.locks.AbstractQueuedSynchronizer$ConditionObject.await(AbstractQueuedSynchronizer.java:2039)
        at java.util.concurrent.ScheduledThreadPoolExecutor$DelayedWorkQueue.take(ScheduledThreadPoolExecutor.java:1088)
        at java.util.concurrent.ScheduledThreadPoolExecutor$DelayedWorkQueue.take(ScheduledThreadPoolExecutor.java:809)
        at java.util.concurrent.ThreadPoolExecutor.getTask(ThreadPoolExecutor.java:1074)
        at java.util.concurrent.ThreadPoolExecutor.runWorker(ThreadPoolExecutor.java:1134)
        at java.util.concurrent.ThreadPoolExecutor$Worker.run(ThreadPoolExecutor.java:624)
        at java.lang.Thread.run(Thread.java:748)
"qtp150540715-5012" daemon prio=5 tid=5012 timed_waiting
java.lang.Thread.State: TIMED_WAITING
        at sun.misc.Unsafe.park(Native Method)
        at java.util.concurrent.locks.LockSupport.parkNanos(LockSupport.java:215)
        at java.util.concurrent.locks.AbstractQueuedSynchronizer$ConditionObject.awaitNanos(AbstractQueuedSynchronizer.java:2078)
        at org.eclipse.jetty.util.BlockingArrayQueue.poll(BlockingArrayQueue.java:382)
        at org.eclipse.jetty.util.thread.QueuedThreadPool$Runner.idleJobPoll(QueuedThreadPool.java:974)
        at org.eclipse.jetty.util.thread.QueuedThreadPool$Runner.run(QueuedThreadPool.java:1018)
        at java.lang.Thread.run(Thread.java:748)
"IPC Server handler 0 on default port 37371" daemon prio=5 tid=4854 timed_waiting
java.lang.Thread.State: TIMED_WAITING
        at sun.misc.Unsafe.park(Native Method)
        at java.util.concurrent.locks.LockSupport.parkNanos(LockSupport.java:215)
        at java.util.concurrent.locks.AbstractQueuedSynchronizer$ConditionObject.awaitNanos(AbstractQueuedSynchronizer.java:2078)
        at java.util.concurrent.LinkedBlockingQueue.poll(LinkedBlockingQueue.java:467)
        at org.apache.hadoop.ipc.CallQueueManager.take(CallQueueManager.java:317)
        at org.apache.hadoop.ipc.Server$Handler.run(Server.java:2932)
"IPC Server handler 6 on default port 43569" daemon prio=5 tid=4958 timed_waiting
java.lang.Thread.State: TIMED_WAITING
        at sun.misc.Unsafe.park(Native Method)
        at java.util.concurrent.locks.LockSupport.parkNanos(LockSupport.java:215)
        at java.util.concurrent.locks.AbstractQueuedSynchronizer$ConditionObject.awaitNanos(AbstractQueuedSynchronizer.java:2078)
        at java.util.concurrent.LinkedBlockingQueue.poll(LinkedBlockingQueue.java:467)
        at org.apache.hadoop.ipc.CallQueueManager.take(CallQueueManager.java:317)
        at org.apache.hadoop.ipc.Server$Handler.run(Server.java:2932)
"qtp1834632129-4917" daemon prio=5 tid=4917 runnable
java.lang.Thread.State: RUNNABLE
        at sun.nio.ch.EPollArrayWrapper.epollWait(Native Method)
        at sun.nio.ch.EPollArrayWrapper.poll(EPollArrayWrapper.java:269)
        at sun.nio.ch.EPollSelectorImpl.doSelect(EPollSelectorImpl.java:93)
        at sun.nio.ch.SelectorImpl.lockAndDoSelect(SelectorImpl.java:86)
        at sun.nio.ch.SelectorImpl.select(SelectorImpl.java:97)
        at sun.nio.ch.SelectorImpl.select(SelectorImpl.java:101)
        at org.eclipse.jetty.io.ManagedSelector.nioSelect(ManagedSelector.java:183)
        at org.eclipse.jetty.io.ManagedSelector.select(ManagedSelector.java:190)
        at org.eclipse.jetty.io.ManagedSelector$SelectorProducer.select(ManagedSelector.java:606)
        at org.eclipse.jetty.io.ManagedSelector$SelectorProducer.produce(ManagedSelector.java:543)
        at org.eclipse.jetty.util.thread.strategy.EatWhatYouKill.produceTask(EatWhatYouKill.java:362)
        at org.eclipse.jetty.util.thread.strategy.EatWhatYouKill.doProduce(EatWhatYouKill.java:186)
        at org.eclipse.jetty.util.thread.strategy.EatWhatYouKill.tryProduce(EatWhatYouKill.java:173)
        at org.eclipse.jetty.util.thread.strategy.EatWhatYouKill.produce(EatWhatYouKill.java:137)
        at org.eclipse.jetty.io.ManagedSelector$$Lambda$309/1426420939.run(Unknown Source)
        at org.eclipse.jetty.util.thread.QueuedThreadPool.runJob(QueuedThreadPool.java:883)
        at org.eclipse.jetty.util.thread.QueuedThreadPool$Runner.run(QueuedThreadPool.java:1034)
        at java.lang.Thread.run(Thread.java:748)
"EndpointStateMachine task thread for /0.0.0.0:43341 - 0 "  prio=5 tid=262 in Object.wait()
java.lang.Thread.State: WAITING (on object monitor)
        at sun.misc.Unsafe.park(Native Method)
        at java.util.concurrent.locks.LockSupport.park(LockSupport.java:175)
        at java.util.concurrent.locks.AbstractQueuedSynchronizer$ConditionObject.await(AbstractQueuedSynchronizer.java:2039)
        at java.util.concurrent.LinkedBlockingQueue.take(LinkedBlockingQueue.java:442)
        at java.util.concurrent.ThreadPoolExecutor.getTask(ThreadPoolExecutor.java:1074)
        at java.util.concurrent.ThreadPoolExecutor.runWorker(ThreadPoolExecutor.java:1134)
        at java.util.concurrent.ThreadPoolExecutor$Worker.run(ThreadPoolExecutor.java:624)
        at java.lang.Thread.run(Thread.java:748)
"ad4991cb-97ce-4dd6-b117-42e7f6b0816f@group-B7C6AD568D3C->b13dbf35-3f05-4a51-87e4-7670ffffb89b-GrpcLogAppender-LogAppenderDaemon" daemon prio=5 tid=5140 timed_waiting
java.lang.Thread.State: TIMED_WAITING
        at java.lang.Object.wait(Native Method)
        at org.apache.ratis.grpc.server.GrpcLogAppender.mayWait(GrpcLogAppender.java:173)
        at org.apache.ratis.grpc.server.GrpcLogAppender.run(GrpcLogAppender.java:125)
        at org.apache.ratis.server.leader.LogAppenderDaemon.run(LogAppenderDaemon.java:77)
        at org.apache.ratis.server.leader.LogAppenderDaemon$$Lambda$812/1159955236.run(Unknown Source)
        at java.lang.Thread.run(Thread.java:748)
"BlockDeletingService#1" daemon prio=5 tid=5059 in Object.wait()
java.lang.Thread.State: WAITING (on object monitor)
        at sun.misc.Unsafe.park(Native Method)
        at java.util.concurrent.locks.LockSupport.park(LockSupport.java:175)
        at java.util.concurrent.locks.AbstractQueuedSynchronizer$ConditionObject.await(AbstractQueuedSynchronizer.java:2039)
        at java.util.concurrent.ScheduledThreadPoolExecutor$DelayedWorkQueue.take(ScheduledThreadPoolExecutor.java:1088)
        at java.util.concurrent.ScheduledThreadPoolExecutor$DelayedWorkQueue.take(ScheduledThreadPoolExecutor.java:809)
        at java.util.concurrent.ThreadPoolExecutor.getTask(ThreadPoolExecutor.java:1074)
        at java.util.concurrent.ThreadPoolExecutor.runWorker(ThreadPoolExecutor.java:1134)
        at java.util.concurrent.ThreadPoolExecutor$Worker.run(ThreadPoolExecutor.java:624)
        at java.lang.Thread.run(Thread.java:748)
"IPC Server handler 16 on default port 37371" daemon prio=5 tid=4870 timed_waiting
java.lang.Thread.State: TIMED_WAITING
        at sun.misc.Unsafe.park(Native Method)
        at java.util.concurrent.locks.LockSupport.parkNanos(LockSupport.java:215)
        at java.util.concurrent.locks.AbstractQueuedSynchronizer$ConditionObject.awaitNanos(AbstractQueuedSynchronizer.java:2078)
        at java.util.concurrent.LinkedBlockingQueue.poll(LinkedBlockingQueue.java:467)
        at org.apache.hadoop.ipc.CallQueueManager.take(CallQueueManager.java:317)
        at org.apache.hadoop.ipc.Server$Handler.run(Server.java:2932)
"EventQueue-CmdStatusReportForCommandStatusReportHandler" daemon prio=5 tid=8296 in Object.wait()
java.lang.Thread.State: WAITING (on object monitor)
        at sun.misc.Unsafe.park(Native Method)
        at java.util.concurrent.locks.LockSupport.park(LockSupport.java:175)
        at java.util.concurrent.locks.AbstractQueuedSynchronizer$ConditionObject.await(AbstractQueuedSynchronizer.java:2039)
        at java.util.concurrent.LinkedBlockingQueue.take(LinkedBlockingQueue.java:442)
        at java.util.concurrent.ThreadPoolExecutor.getTask(ThreadPoolExecutor.java:1074)
        at java.util.concurrent.ThreadPoolExecutor.runWorker(ThreadPoolExecutor.java:1134)
        at java.util.concurrent.ThreadPoolExecutor$Worker.run(ThreadPoolExecutor.java:624)
        at java.lang.Thread.run(Thread.java:748)
"qtp717308094-4987" daemon prio=5 tid=4987 timed_waiting
java.lang.Thread.State: TIMED_WAITING
        at sun.misc.Unsafe.park(Native Method)
        at java.util.concurrent.locks.LockSupport.parkNanos(LockSupport.java:215)
        at java.util.concurrent.locks.AbstractQueuedSynchronizer$ConditionObject.awaitNanos(AbstractQueuedSynchronizer.java:2078)
        at org.eclipse.jetty.util.BlockingArrayQueue.poll(BlockingArrayQueue.java:382)
        at org.eclipse.jetty.util.thread.QueuedThreadPool$Runner.idleJobPoll(QueuedThreadPool.java:974)
        at org.eclipse.jetty.util.thread.QueuedThreadPool$Runner.run(QueuedThreadPool.java:1018)
        at java.lang.Thread.run(Thread.java:748)
"IPC Server handler 19 on default port 35463" daemon prio=5 tid=4913 timed_waiting
java.lang.Thread.State: TIMED_WAITING
        at sun.misc.Unsafe.park(Native Method)
        at java.util.concurrent.locks.LockSupport.parkNanos(LockSupport.java:215)
        at java.util.concurrent.locks.AbstractQueuedSynchronizer$ConditionObject.awaitNanos(AbstractQueuedSynchronizer.java:2078)
        at java.util.concurrent.LinkedBlockingQueue.poll(LinkedBlockingQueue.java:467)
        at org.apache.hadoop.ipc.CallQueueManager.take(CallQueueManager.java:317)
        at org.apache.hadoop.ipc.Server$Handler.run(Server.java:2932)
"IPC Server handler 3 on default port 35463" daemon prio=5 tid=4897 timed_waiting
java.lang.Thread.State: TIMED_WAITING
        at sun.misc.Unsafe.park(Native Method)
        at java.util.concurrent.locks.LockSupport.parkNanos(LockSupport.java:215)
        at java.util.concurrent.locks.AbstractQueuedSynchronizer$ConditionObject.awaitNanos(AbstractQueuedSynchronizer.java:2078)
        at java.util.concurrent.LinkedBlockingQueue.poll(LinkedBlockingQueue.java:467)
        at org.apache.hadoop.ipc.CallQueueManager.take(CallQueueManager.java:317)
        at org.apache.hadoop.ipc.Server$Handler.run(Server.java:2932)
"qtp652278729-5033-acceptor-0@36b06f89-ServerConnector@4bd97e7e{HTTP/1.1, (http/1.1)}{0.0.0.0:39651}" daemon prio=3 tid=5033 runnable
java.lang.Thread.State: RUNNABLE
        at sun.nio.ch.ServerSocketChannelImpl.accept0(Native Method)
        at sun.nio.ch.ServerSocketChannelImpl.accept(ServerSocketChannelImpl.java:421)
        at sun.nio.ch.ServerSocketChannelImpl.accept(ServerSocketChannelImpl.java:249)
        at org.eclipse.jetty.server.ServerConnector.accept(ServerConnector.java:388)
        at org.eclipse.jetty.server.AbstractConnector$Acceptor.run(AbstractConnector.java:702)
        at org.eclipse.jetty.util.thread.QueuedThreadPool.runJob(QueuedThreadPool.java:883)
        at org.eclipse.jetty.util.thread.QueuedThreadPool$Runner.run(QueuedThreadPool.java:1034)
        at java.lang.Thread.run(Thread.java:748)
"IPC Server handler 2 on default port 43569" daemon prio=5 tid=4954 timed_waiting
java.lang.Thread.State: TIMED_WAITING
        at sun.misc.Unsafe.park(Native Method)
        at java.util.concurrent.locks.LockSupport.parkNanos(LockSupport.java:215)
        at java.util.concurrent.locks.AbstractQueuedSynchronizer$ConditionObject.awaitNanos(AbstractQueuedSynchronizer.java:2078)
        at java.util.concurrent.LinkedBlockingQueue.poll(LinkedBlockingQueue.java:467)
        at org.apache.hadoop.ipc.CallQueueManager.take(CallQueueManager.java:317)
        at org.apache.hadoop.ipc.Server$Handler.run(Server.java:2932)
"EndpointStateMachine task thread for /0.0.0.0:36703 - 0 "  prio=5 tid=4136 in Object.wait()
java.lang.Thread.State: WAITING (on object monitor)
        at sun.misc.Unsafe.park(Native Method)
        at java.util.concurrent.locks.LockSupport.park(LockSupport.java:175)
        at java.util.concurrent.locks.AbstractQueuedSynchronizer$ConditionObject.await(AbstractQueuedSynchronizer.java:2039)
        at java.util.concurrent.LinkedBlockingQueue.take(LinkedBlockingQueue.java:442)
        at java.util.concurrent.ThreadPoolExecutor.getTask(ThreadPoolExecutor.java:1074)
        at java.util.concurrent.ThreadPoolExecutor.runWorker(ThreadPoolExecutor.java:1134)
        at java.util.concurrent.ThreadPoolExecutor$Worker.run(ThreadPoolExecutor.java:624)
        at java.lang.Thread.run(Thread.java:748)
"Datanode ReportManager Thread - 0" daemon prio=5 tid=4990 in Object.wait()
java.lang.Thread.State: WAITING (on object monitor)
        at sun.misc.Unsafe.park(Native Method)
        at java.util.concurrent.locks.LockSupport.park(LockSupport.java:175)
        at java.util.concurrent.locks.AbstractQueuedSynchronizer$ConditionObject.await(AbstractQueuedSynchronizer.java:2039)
        at java.util.concurrent.ScheduledThreadPoolExecutor$DelayedWorkQueue.take(ScheduledThreadPoolExecutor.java:1088)
        at java.util.concurrent.ScheduledThreadPoolExecutor$DelayedWorkQueue.take(ScheduledThreadPoolExecutor.java:809)
        at java.util.concurrent.ThreadPoolExecutor.getTask(ThreadPoolExecutor.java:1074)
        at java.util.concurrent.ThreadPoolExecutor.runWorker(ThreadPoolExecutor.java:1134)
        at java.util.concurrent.ThreadPoolExecutor$Worker.run(ThreadPoolExecutor.java:624)
        at java.lang.Thread.run(Thread.java:748)
"ad4991cb-97ce-4dd6-b117-42e7f6b0816f@group-B7C6AD568D3C->01235482-5c07-4b37-86e9-3192ec4df84f-GrpcLogAppender-LogAppenderDaemon" daemon prio=5 tid=5139 timed_waiting
java.lang.Thread.State: TIMED_WAITING
        at java.lang.Object.wait(Native Method)
        at org.apache.ratis.grpc.server.GrpcLogAppender.mayWait(GrpcLogAppender.java:173)
        at org.apache.ratis.grpc.server.GrpcLogAppender.run(GrpcLogAppender.java:125)
        at org.apache.ratis.server.leader.LogAppenderDaemon.run(LogAppenderDaemon.java:77)
        at org.apache.ratis.server.leader.LogAppenderDaemon$$Lambda$812/1159955236.run(Unknown Source)
        at java.lang.Thread.run(Thread.java:748)
"pool-466-thread-1"  prio=5 tid=5176 in Object.wait()
java.lang.Thread.State: WAITING (on object monitor)
        at sun.misc.Unsafe.park(Native Method)
        at java.util.concurrent.locks.LockSupport.park(LockSupport.java:175)
        at java.util.concurrent.locks.AbstractQueuedSynchronizer$ConditionObject.await(AbstractQueuedSynchronizer.java:2039)
        at java.util.concurrent.LinkedBlockingQueue.take(LinkedBlockingQueue.java:442)
        at java.util.concurrent.ThreadPoolExecutor.getTask(ThreadPoolExecutor.java:1074)
        at java.util.concurrent.ThreadPoolExecutor.runWorker(ThreadPoolExecutor.java:1134)
        at java.util.concurrent.ThreadPoolExecutor$Worker.run(ThreadPoolExecutor.java:624)
        at java.lang.Thread.run(Thread.java:748)
"EventQueue-DatanodeCommandForSCMNodeManager"  prio=5 tid=5110 in Object.wait()
java.lang.Thread.State: WAITING (on object monitor)
        at sun.misc.Unsafe.park(Native Method)
        at java.util.concurrent.locks.LockSupport.park(LockSupport.java:175)
        at java.util.concurrent.locks.AbstractQueuedSynchronizer$ConditionObject.await(AbstractQueuedSynchronizer.java:2039)
        at java.util.concurrent.LinkedBlockingQueue.take(LinkedBlockingQueue.java:442)
        at java.util.concurrent.ThreadPoolExecutor.getTask(ThreadPoolExecutor.java:1074)
        at java.util.concurrent.ThreadPoolExecutor.runWorker(ThreadPoolExecutor.java:1134)
        at java.util.concurrent.ThreadPoolExecutor$Worker.run(ThreadPoolExecutor.java:624)
        at java.lang.Thread.run(Thread.java:748)
"IPC Server handler 0 on default port 43167" daemon prio=5 tid=4874 timed_waiting
java.lang.Thread.State: TIMED_WAITING
        at sun.misc.Unsafe.park(Native Method)
        at java.util.concurrent.locks.LockSupport.parkNanos(LockSupport.java:215)
        at java.util.concurrent.locks.AbstractQueuedSynchronizer$ConditionObject.awaitNanos(AbstractQueuedSynchronizer.java:2078)
        at java.util.concurrent.LinkedBlockingQueue.poll(LinkedBlockingQueue.java:467)
        at org.apache.hadoop.ipc.CallQueueManager.take(CallQueueManager.java:317)
        at org.apache.hadoop.ipc.Server$Handler.run(Server.java:2932)
"IPC Server handler 9 on default port 43167" daemon prio=5 tid=4883 timed_waiting
java.lang.Thread.State: TIMED_WAITING
        at sun.misc.Unsafe.park(Native Method)
        at java.util.concurrent.locks.LockSupport.parkNanos(LockSupport.java:215)
        at java.util.concurrent.locks.AbstractQueuedSynchronizer$ConditionObject.awaitNanos(AbstractQueuedSynchronizer.java:2078)
        at java.util.concurrent.LinkedBlockingQueue.poll(LinkedBlockingQueue.java:467)
        at org.apache.hadoop.ipc.CallQueueManager.take(CallQueueManager.java:317)
        at org.apache.hadoop.ipc.Server$Handler.run(Server.java:2932)
"ChunkWriter-3-0" daemon prio=5 tid=5069 in Object.wait()
java.lang.Thread.State: WAITING (on object monitor)
        at sun.misc.Unsafe.park(Native Method)
        at java.util.concurrent.locks.LockSupport.park(LockSupport.java:175)
        at java.util.concurrent.locks.AbstractQueuedSynchronizer$ConditionObject.await(AbstractQueuedSynchronizer.java:2039)
        at java.util.concurrent.LinkedBlockingDeque.takeFirst(LinkedBlockingDeque.java:492)
        at java.util.concurrent.LinkedBlockingDeque.take(LinkedBlockingDeque.java:680)
        at java.util.concurrent.ThreadPoolExecutor.getTask(ThreadPoolExecutor.java:1074)
        at java.util.concurrent.ThreadPoolExecutor.runWorker(ThreadPoolExecutor.java:1134)
        at java.util.concurrent.ThreadPoolExecutor$Worker.run(ThreadPoolExecutor.java:624)
        at java.lang.Thread.run(Thread.java:748)
"om1@group-C5BA1605619E-LeaderStateImpl" daemon prio=5 tid=5030 timed_waiting
java.lang.Thread.State: TIMED_WAITING
        at sun.misc.Unsafe.park(Native Method)
        at java.util.concurrent.locks.LockSupport.parkNanos(LockSupport.java:215)
        at java.util.concurrent.locks.AbstractQueuedSynchronizer$ConditionObject.awaitNanos(AbstractQueuedSynchronizer.java:2078)
        at java.util.concurrent.ArrayBlockingQueue.poll(ArrayBlockingQueue.java:418)
        at org.apache.ratis.server.impl.LeaderStateImpl$EventQueue.poll(LeaderStateImpl.java:155)
        at org.apache.ratis.server.impl.LeaderStateImpl$EventProcessor.run(LeaderStateImpl.java:587)
"Session-HouseKeeper-3d75e976-1"  prio=5 tid=5040 timed_waiting
java.lang.Thread.State: TIMED_WAITING
        at sun.misc.Unsafe.park(Native Method)
        at java.util.concurrent.locks.LockSupport.parkNanos(LockSupport.java:215)
        at java.util.concurrent.locks.AbstractQueuedSynchronizer$ConditionObject.awaitNanos(AbstractQueuedSynchronizer.java:2078)
        at java.util.concurrent.ScheduledThreadPoolExecutor$DelayedWorkQueue.take(ScheduledThreadPoolExecutor.java:1093)
        at java.util.concurrent.ScheduledThreadPoolExecutor$DelayedWorkQueue.take(ScheduledThreadPoolExecutor.java:809)
        at java.util.concurrent.ThreadPoolExecutor.getTask(ThreadPoolExecutor.java:1074)
        at java.util.concurrent.ThreadPoolExecutor.runWorker(ThreadPoolExecutor.java:1134)
        at java.util.concurrent.ThreadPoolExecutor$Worker.run(ThreadPoolExecutor.java:624)
        at java.lang.Thread.run(Thread.java:748)
"BlockDeletingService#6" daemon prio=5 tid=5091 in Object.wait()
java.lang.Thread.State: WAITING (on object monitor)
        at sun.misc.Unsafe.park(Native Method)
        at java.util.concurrent.locks.LockSupport.park(LockSupport.java:175)
        at java.util.concurrent.locks.AbstractQueuedSynchronizer$ConditionObject.await(AbstractQueuedSynchronizer.java:2039)
        at java.util.concurrent.ScheduledThreadPoolExecutor$DelayedWorkQueue.take(ScheduledThreadPoolExecutor.java:1088)
        at java.util.concurrent.ScheduledThreadPoolExecutor$DelayedWorkQueue.take(ScheduledThreadPoolExecutor.java:809)
        at java.util.concurrent.ThreadPoolExecutor.getTask(ThreadPoolExecutor.java:1074)
        at java.util.concurrent.ThreadPoolExecutor.runWorker(ThreadPoolExecutor.java:1134)
        at java.util.concurrent.ThreadPoolExecutor$Worker.run(ThreadPoolExecutor.java:624)
        at java.lang.Thread.run(Thread.java:748)
"IPC Server handler 7 on default port 43167" daemon prio=5 tid=4881 timed_waiting
java.lang.Thread.State: TIMED_WAITING
        at sun.misc.Unsafe.park(Native Method)
        at java.util.concurrent.locks.LockSupport.parkNanos(LockSupport.java:215)
        at java.util.concurrent.locks.AbstractQueuedSynchronizer$ConditionObject.awaitNanos(AbstractQueuedSynchronizer.java:2078)
        at java.util.concurrent.LinkedBlockingQueue.poll(LinkedBlockingQueue.java:467)
        at org.apache.hadoop.ipc.CallQueueManager.take(CallQueueManager.java:317)
        at org.apache.hadoop.ipc.Server$Handler.run(Server.java:2932)
"qtp1696189834-4945" daemon prio=5 tid=4945 timed_waiting
java.lang.Thread.State: TIMED_WAITING
        at sun.misc.Unsafe.park(Native Method)
        at java.util.concurrent.locks.LockSupport.parkNanos(LockSupport.java:215)
        at java.util.concurrent.locks.AbstractQueuedSynchronizer$ConditionObject.awaitNanos(AbstractQueuedSynchronizer.java:2078)
        at org.eclipse.jetty.util.BlockingArrayQueue.poll(BlockingArrayQueue.java:382)
        at org.eclipse.jetty.util.thread.QueuedThreadPool$Runner.idleJobPoll(QueuedThreadPool.java:974)
        at org.eclipse.jetty.util.thread.QueuedThreadPool$Runner.run(QueuedThreadPool.java:1018)
        at java.lang.Thread.run(Thread.java:748)
"IPC Server handler 5 on default port 35463" daemon prio=5 tid=4899 timed_waiting
java.lang.Thread.State: TIMED_WAITING
        at sun.misc.Unsafe.park(Native Method)
        at java.util.concurrent.locks.LockSupport.parkNanos(LockSupport.java:215)
        at java.util.concurrent.locks.AbstractQueuedSynchronizer$ConditionObject.awaitNanos(AbstractQueuedSynchronizer.java:2078)
        at java.util.concurrent.LinkedBlockingQueue.poll(LinkedBlockingQueue.java:467)
        at org.apache.hadoop.ipc.CallQueueManager.take(CallQueueManager.java:317)
        at org.apache.hadoop.ipc.Server$Handler.run(Server.java:2932)
"IPC Server handler 14 on default port 37371" daemon prio=5 tid=4868 timed_waiting
java.lang.Thread.State: TIMED_WAITING
        at sun.misc.Unsafe.park(Native Method)
        at java.util.concurrent.locks.LockSupport.parkNanos(LockSupport.java:215)
        at java.util.concurrent.locks.AbstractQueuedSynchronizer$ConditionObject.awaitNanos(AbstractQueuedSynchronizer.java:2078)
        at java.util.concurrent.LinkedBlockingQueue.poll(LinkedBlockingQueue.java:467)
        at org.apache.hadoop.ipc.CallQueueManager.take(CallQueueManager.java:317)
        at org.apache.hadoop.ipc.Server$Handler.run(Server.java:2932)
"pool-407-thread-1"  prio=5 tid=4942 timed_waiting
java.lang.Thread.State: TIMED_WAITING
        at sun.misc.Unsafe.park(Native Method)
        at java.util.concurrent.locks.LockSupport.parkNanos(LockSupport.java:215)
        at java.util.concurrent.locks.AbstractQueuedSynchronizer$ConditionObject.awaitNanos(AbstractQueuedSynchronizer.java:2078)
        at java.util.concurrent.ScheduledThreadPoolExecutor$DelayedWorkQueue.take(ScheduledThreadPoolExecutor.java:1093)
        at java.util.concurrent.ScheduledThreadPoolExecutor$DelayedWorkQueue.take(ScheduledThreadPoolExecutor.java:809)
        at java.util.concurrent.ThreadPoolExecutor.getTask(ThreadPoolExecutor.java:1074)
        at java.util.concurrent.ThreadPoolExecutor.runWorker(ThreadPoolExecutor.java:1134)
        at java.util.concurrent.ThreadPoolExecutor$Worker.run(ThreadPoolExecutor.java:624)
        at java.lang.Thread.run(Thread.java:748)
"pool-465-thread-2"  prio=5 tid=5179 in Object.wait()
java.lang.Thread.State: WAITING (on object monitor)
        at sun.misc.Unsafe.park(Native Method)
        at java.util.concurrent.locks.LockSupport.park(LockSupport.java:175)
        at java.util.concurrent.locks.AbstractQueuedSynchronizer$ConditionObject.await(AbstractQueuedSynchronizer.java:2039)
        at java.util.concurrent.LinkedBlockingQueue.take(LinkedBlockingQueue.java:442)
        at java.util.concurrent.ThreadPoolExecutor.getTask(ThreadPoolExecutor.java:1074)
        at java.util.concurrent.ThreadPoolExecutor.runWorker(ThreadPoolExecutor.java:1134)
        at java.util.concurrent.ThreadPoolExecutor$Worker.run(ThreadPoolExecutor.java:624)
        at java.lang.Thread.run(Thread.java:748)
"IPC Server idle connection scanner for port 35463" daemon prio=5 tid=4841 timed_waiting
java.lang.Thread.State: TIMED_WAITING
        at java.lang.Object.wait(Native Method)
        at java.util.TimerThread.mainLoop(Timer.java:552)
        at java.util.TimerThread.run(Timer.java:505)
"IPC Client (961433677) connection to /0.0.0.0:35463 from runner" daemon prio=5 tid=5052 timed_waiting
java.lang.Thread.State: TIMED_WAITING
        at java.lang.Object.wait(Native Method)
        at org.apache.hadoop.ipc.Client$Connection.waitForWork(Client.java:1053)
        at org.apache.hadoop.ipc.Client$Connection.run(Client.java:1097)
"01235482-5c07-4b37-86e9-3192ec4df84f@group-B7C6AD568D3C-FollowerState" daemon prio=5 tid=5137 timed_waiting
java.lang.Thread.State: TIMED_WAITING
        at java.lang.Thread.sleep(Native Method)
        at java.lang.Thread.sleep(Thread.java:340)
        at java.util.concurrent.TimeUnit.sleep(TimeUnit.java:386)
        at org.apache.ratis.util.TimeDuration.sleep(TimeDuration.java:324)
        at org.apache.ratis.util.TimeDuration.sleep(TimeDuration.java:309)
        at org.apache.ratis.server.impl.FollowerState.run(FollowerState.java:118)
"BlockDeletingService#6" daemon prio=5 tid=5073 in Object.wait()
java.lang.Thread.State: WAITING (on object monitor)
        at sun.misc.Unsafe.park(Native Method)
        at java.util.concurrent.locks.LockSupport.parkNanos(LockSupport.java:215)
        at java.util.concurrent.locks.AbstractQueuedSynchronizer$ConditionObject.awaitNanos(AbstractQueuedSynchronizer.java:2078)
        at java.util.concurrent.ScheduledThreadPoolExecutor$DelayedWorkQueue.take(ScheduledThreadPoolExecutor.java:1093)
        at java.util.concurrent.ScheduledThreadPoolExecutor$DelayedWorkQueue.take(ScheduledThreadPoolExecutor.java:809)
        at java.util.concurrent.ThreadPoolExecutor.getTask(ThreadPoolExecutor.java:1074)
        at java.util.concurrent.ThreadPoolExecutor.runWorker(ThreadPoolExecutor.java:1134)
        at java.util.concurrent.ThreadPoolExecutor$Worker.run(ThreadPoolExecutor.java:624)
        at java.lang.Thread.run(Thread.java:748)
"pool-386-thread-1"  prio=5 tid=4916 timed_waiting
java.lang.Thread.State: TIMED_WAITING
        at sun.misc.Unsafe.park(Native Method)
        at java.util.concurrent.locks.LockSupport.parkNanos(LockSupport.java:215)
        at java.util.concurrent.locks.AbstractQueuedSynchronizer$ConditionObject.awaitNanos(AbstractQueuedSynchronizer.java:2078)
        at java.util.concurrent.ScheduledThreadPoolExecutor$DelayedWorkQueue.take(ScheduledThreadPoolExecutor.java:1093)
        at java.util.concurrent.ScheduledThreadPoolExecutor$DelayedWorkQueue.take(ScheduledThreadPoolExecutor.java:809)
        at java.util.concurrent.ThreadPoolExecutor.getTask(ThreadPoolExecutor.java:1074)
        at java.util.concurrent.ThreadPoolExecutor.runWorker(ThreadPoolExecutor.java:1134)
        at java.util.concurrent.ThreadPoolExecutor$Worker.run(ThreadPoolExecutor.java:624)
        at java.lang.Thread.run(Thread.java:748)
"surefire-forkedjvm-ping-30s" daemon prio=5 tid=10 timed_waiting
java.lang.Thread.State: TIMED_WAITING
        at sun.misc.Unsafe.park(Native Method)
        at java.util.concurrent.locks.LockSupport.parkNanos(LockSupport.java:215)
        at java.util.concurrent.locks.AbstractQueuedSynchronizer$ConditionObject.awaitNanos(AbstractQueuedSynchronizer.java:2078)
        at java.util.concurrent.ScheduledThreadPoolExecutor$DelayedWorkQueue.take(ScheduledThreadPoolExecutor.java:1093)
        at java.util.concurrent.ScheduledThreadPoolExecutor$DelayedWorkQueue.take(ScheduledThreadPoolExecutor.java:809)
        at java.util.concurrent.ThreadPoolExecutor.getTask(ThreadPoolExecutor.java:1074)
        at java.util.concurrent.ThreadPoolExecutor.runWorker(ThreadPoolExecutor.java:1134)
        at java.util.concurrent.ThreadPoolExecutor$Worker.run(ThreadPoolExecutor.java:624)
        at java.lang.Thread.run(Thread.java:748)
"BlockDeletingService#3" daemon prio=5 tid=5061 in Object.wait()
java.lang.Thread.State: WAITING (on object monitor)
        at sun.misc.Unsafe.park(Native Method)
        at java.util.concurrent.locks.LockSupport.park(LockSupport.java:175)
        at java.util.concurrent.locks.AbstractQueuedSynchronizer$ConditionObject.await(AbstractQueuedSynchronizer.java:2039)
        at java.util.concurrent.ScheduledThreadPoolExecutor$DelayedWorkQueue.take(ScheduledThreadPoolExecutor.java:1088)
        at java.util.concurrent.ScheduledThreadPoolExecutor$DelayedWorkQueue.take(ScheduledThreadPoolExecutor.java:809)
        at java.util.concurrent.ThreadPoolExecutor.getTask(ThreadPoolExecutor.java:1074)
        at java.util.concurrent.ThreadPoolExecutor.runWorker(ThreadPoolExecutor.java:1134)
        at java.util.concurrent.ThreadPoolExecutor$Worker.run(ThreadPoolExecutor.java:624)
        at java.lang.Thread.run(Thread.java:748)
"DeleteBlocksCommandHandlerThread-0" daemon prio=5 tid=8315 timed_waiting
java.lang.Thread.State: TIMED_WAITING
        at sun.misc.Unsafe.park(Native Method)
        at java.util.concurrent.locks.LockSupport.parkNanos(LockSupport.java:215)
        at java.util.concurrent.locks.AbstractQueuedSynchronizer$ConditionObject.awaitNanos(AbstractQueuedSynchronizer.java:2078)
        at java.util.concurrent.LinkedBlockingQueue.poll(LinkedBlockingQueue.java:467)
        at java.util.concurrent.ThreadPoolExecutor.getTask(ThreadPoolExecutor.java:1073)
        at java.util.concurrent.ThreadPoolExecutor.runWorker(ThreadPoolExecutor.java:1134)
        at java.util.concurrent.ThreadPoolExecutor$Worker.run(ThreadPoolExecutor.java:624)
        at java.lang.Thread.run(Thread.java:748)
"IPC Server handler 12 on default port 43167" daemon prio=5 tid=4886 timed_waiting
java.lang.Thread.State: TIMED_WAITING
        at sun.misc.Unsafe.park(Native Method)
        at java.util.concurrent.locks.LockSupport.parkNanos(LockSupport.java:215)
        at java.util.concurrent.locks.AbstractQueuedSynchronizer$ConditionObject.awaitNanos(AbstractQueuedSynchronizer.java:2078)
        at java.util.concurrent.LinkedBlockingQueue.poll(LinkedBlockingQueue.java:467)
        at org.apache.hadoop.ipc.CallQueueManager.take(CallQueueManager.java:317)
        at org.apache.hadoop.ipc.Server$Handler.run(Server.java:2932)
"BlockDeletingService#5" daemon prio=5 tid=5089 in Object.wait()
java.lang.Thread.State: WAITING (on object monitor)
        at sun.misc.Unsafe.park(Native Method)
        at java.util.concurrent.locks.LockSupport.park(LockSupport.java:175)
        at java.util.concurrent.locks.AbstractQueuedSynchronizer$ConditionObject.await(AbstractQueuedSynchronizer.java:2039)
        at java.util.concurrent.ScheduledThreadPoolExecutor$DelayedWorkQueue.take(ScheduledThreadPoolExecutor.java:1088)
        at java.util.concurrent.ScheduledThreadPoolExecutor$DelayedWorkQueue.take(ScheduledThreadPoolExecutor.java:809)
        at java.util.concurrent.ThreadPoolExecutor.getTask(ThreadPoolExecutor.java:1074)
        at java.util.concurrent.ThreadPoolExecutor.runWorker(ThreadPoolExecutor.java:1134)
        at java.util.concurrent.ThreadPoolExecutor$Worker.run(ThreadPoolExecutor.java:624)
        at java.lang.Thread.run(Thread.java:748)
"IPC Server handler 19 on default port 43569" daemon prio=5 tid=4971 timed_waiting
java.lang.Thread.State: TIMED_WAITING
        at sun.misc.Unsafe.park(Native Method)
        at java.util.concurrent.locks.LockSupport.parkNanos(LockSupport.java:215)
        at java.util.concurrent.locks.AbstractQueuedSynchronizer$ConditionObject.awaitNanos(AbstractQueuedSynchronizer.java:2078)
        at java.util.concurrent.LinkedBlockingQueue.poll(LinkedBlockingQueue.java:467)
        at org.apache.hadoop.ipc.CallQueueManager.take(CallQueueManager.java:317)
        at org.apache.hadoop.ipc.Server$Handler.run(Server.java:2932)
"ChunkWriter-1-0" daemon prio=5 tid=5067 in Object.wait()
java.lang.Thread.State: WAITING (on object monitor)
        at sun.misc.Unsafe.park(Native Method)
        at java.util.concurrent.locks.LockSupport.park(LockSupport.java:175)
        at java.util.concurrent.locks.AbstractQueuedSynchronizer$ConditionObject.await(AbstractQueuedSynchronizer.java:2039)
        at java.util.concurrent.LinkedBlockingDeque.takeFirst(LinkedBlockingDeque.java:492)
        at java.util.concurrent.LinkedBlockingDeque.take(LinkedBlockingDeque.java:680)
        at java.util.concurrent.ThreadPoolExecutor.getTask(ThreadPoolExecutor.java:1074)
        at java.util.concurrent.ThreadPoolExecutor.runWorker(ThreadPoolExecutor.java:1134)
        at java.util.concurrent.ThreadPoolExecutor$Worker.run(ThreadPoolExecutor.java:624)
        at java.lang.Thread.run(Thread.java:748)
"Session-HouseKeeper-3ceb2d1c-1"  prio=5 tid=4925 timed_waiting
java.lang.Thread.State: TIMED_WAITING
        at sun.misc.Unsafe.park(Native Method)
        at java.util.concurrent.locks.LockSupport.parkNanos(LockSupport.java:215)
        at java.util.concurrent.locks.AbstractQueuedSynchronizer$ConditionObject.awaitNanos(AbstractQueuedSynchronizer.java:2078)
        at java.util.concurrent.ScheduledThreadPoolExecutor$DelayedWorkQueue.take(ScheduledThreadPoolExecutor.java:1093)
        at java.util.concurrent.ScheduledThreadPoolExecutor$DelayedWorkQueue.take(ScheduledThreadPoolExecutor.java:809)
        at java.util.concurrent.ThreadPoolExecutor.getTask(ThreadPoolExecutor.java:1074)
        at java.util.concurrent.ThreadPoolExecutor.runWorker(ThreadPoolExecutor.java:1134)
        at java.util.concurrent.ThreadPoolExecutor$Worker.run(ThreadPoolExecutor.java:624)
        at java.lang.Thread.run(Thread.java:748)
"IPC Parameter Sending Thread #0" daemon prio=5 tid=108 timed_waiting
java.lang.Thread.State: TIMED_WAITING
        at sun.misc.Unsafe.park(Native Method)
        at java.util.concurrent.locks.LockSupport.parkNanos(LockSupport.java:215)
        at java.util.concurrent.SynchronousQueue$TransferStack.awaitFulfill(SynchronousQueue.java:460)
        at java.util.concurrent.SynchronousQueue$TransferStack.transfer(SynchronousQueue.java:362)
        at java.util.concurrent.SynchronousQueue.poll(SynchronousQueue.java:941)
        at java.util.concurrent.ThreadPoolExecutor.getTask(ThreadPoolExecutor.java:1073)
        at java.util.concurrent.ThreadPoolExecutor.runWorker(ThreadPoolExecutor.java:1134)
        at java.util.concurrent.ThreadPoolExecutor$Worker.run(ThreadPoolExecutor.java:624)
        at java.lang.Thread.run(Thread.java:748)
"BlockDeletingService#2" daemon prio=5 tid=5074 in Object.wait()
java.lang.Thread.State: WAITING (on object monitor)
        at sun.misc.Unsafe.park(Native Method)
        at java.util.concurrent.locks.LockSupport.park(LockSupport.java:175)
        at java.util.concurrent.locks.AbstractQueuedSynchronizer$ConditionObject.await(AbstractQueuedSynchronizer.java:2039)
        at java.util.concurrent.ScheduledThreadPoolExecutor$DelayedWorkQueue.take(ScheduledThreadPoolExecutor.java:1088)
        at java.util.concurrent.ScheduledThreadPoolExecutor$DelayedWorkQueue.take(ScheduledThreadPoolExecutor.java:809)
        at java.util.concurrent.ThreadPoolExecutor.getTask(ThreadPoolExecutor.java:1074)
        at java.util.concurrent.ThreadPoolExecutor.runWorker(ThreadPoolExecutor.java:1134)
        at java.util.concurrent.ThreadPoolExecutor$Worker.run(ThreadPoolExecutor.java:624)
        at java.lang.Thread.run(Thread.java:748)
"EventQueue-ContainerReportForContainerReportHandler" daemon prio=5 tid=5116 in Object.wait()
java.lang.Thread.State: WAITING (on object monitor)
        at sun.misc.Unsafe.park(Native Method)
        at java.util.concurrent.locks.LockSupport.park(LockSupport.java:175)
        at java.util.concurrent.locks.AbstractQueuedSynchronizer$ConditionObject.await(AbstractQueuedSynchronizer.java:2039)
        at java.util.concurrent.LinkedBlockingQueue.take(LinkedBlockingQueue.java:442)
        at java.util.concurrent.ThreadPoolExecutor.getTask(ThreadPoolExecutor.java:1074)
        at java.util.concurrent.ThreadPoolExecutor.runWorker(ThreadPoolExecutor.java:1134)
        at java.util.concurrent.ThreadPoolExecutor$Worker.run(ThreadPoolExecutor.java:624)
        at java.lang.Thread.run(Thread.java:748)
"Socket Reader #1 for port 0"  prio=5 tid=4844 runnable
java.lang.Thread.State: RUNNABLE
        at sun.nio.ch.EPollArrayWrapper.epollWait(Native Method)
        at sun.nio.ch.EPollArrayWrapper.poll(EPollArrayWrapper.java:269)
        at sun.nio.ch.EPollSelectorImpl.doSelect(EPollSelectorImpl.java:93)
        at sun.nio.ch.SelectorImpl.lockAndDoSelect(SelectorImpl.java:86)
        at sun.nio.ch.SelectorImpl.select(SelectorImpl.java:97)
        at sun.nio.ch.SelectorImpl.select(SelectorImpl.java:101)
        at org.apache.hadoop.ipc.Server$Listener$Reader.doRunLoop(Server.java:1288)
        at org.apache.hadoop.ipc.Server$Listener$Reader.run(Server.java:1267)
"IPC Server handler 12 on default port 35463" daemon prio=5 tid=4906 timed_waiting
java.lang.Thread.State: TIMED_WAITING
        at sun.misc.Unsafe.park(Native Method)
        at java.util.concurrent.locks.LockSupport.parkNanos(LockSupport.java:215)
        at java.util.concurrent.locks.AbstractQueuedSynchronizer$ConditionObject.awaitNanos(AbstractQueuedSynchronizer.java:2078)
        at java.util.concurrent.LinkedBlockingQueue.poll(LinkedBlockingQueue.java:467)
        at org.apache.hadoop.ipc.CallQueueManager.take(CallQueueManager.java:317)
        at org.apache.hadoop.ipc.Server$Handler.run(Server.java:2932)
"pool-465-thread-4"  prio=5 tid=5186 in Object.wait()
java.lang.Thread.State: WAITING (on object monitor)
        at sun.misc.Unsafe.park(Native Method)
        at java.util.concurrent.locks.LockSupport.park(LockSupport.java:175)
        at java.util.concurrent.locks.AbstractQueuedSynchronizer$ConditionObject.await(AbstractQueuedSynchronizer.java:2039)
        at java.util.concurrent.LinkedBlockingQueue.take(LinkedBlockingQueue.java:442)
        at java.util.concurrent.ThreadPoolExecutor.getTask(ThreadPoolExecutor.java:1074)
        at java.util.concurrent.ThreadPoolExecutor.runWorker(ThreadPoolExecutor.java:1134)
        at java.util.concurrent.ThreadPoolExecutor$Worker.run(ThreadPoolExecutor.java:624)
        at java.lang.Thread.run(Thread.java:748)
"PartialTableCache Cleanup Thread - 0" daemon prio=5 tid=5155 in Object.wait()
java.lang.Thread.State: WAITING (on object monitor)
        at sun.misc.Unsafe.park(Native Method)
        at java.util.concurrent.locks.LockSupport.park(LockSupport.java:175)
        at java.util.concurrent.locks.AbstractQueuedSynchronizer$ConditionObject.await(AbstractQueuedSynchronizer.java:2039)
        at java.util.concurrent.LinkedBlockingQueue.take(LinkedBlockingQueue.java:442)
        at java.util.concurrent.ThreadPoolExecutor.getTask(ThreadPoolExecutor.java:1074)
        at java.util.concurrent.ThreadPoolExecutor.runWorker(ThreadPoolExecutor.java:1134)
        at java.util.concurrent.ThreadPoolExecutor$Worker.run(ThreadPoolExecutor.java:624)
        at java.lang.Thread.run(Thread.java:748)
"EventQueue-ContainerReportForContainerReportHandler" daemon prio=5 tid=5112 in Object.wait()
java.lang.Thread.State: WAITING (on object monitor)
        at sun.misc.Unsafe.park(Native Method)
        at java.util.concurrent.locks.LockSupport.park(LockSupport.java:175)
        at java.util.concurrent.locks.AbstractQueuedSynchronizer$ConditionObject.await(AbstractQueuedSynchronizer.java:2039)
        at java.util.concurrent.LinkedBlockingQueue.take(LinkedBlockingQueue.java:442)
        at java.util.concurrent.ThreadPoolExecutor.getTask(ThreadPoolExecutor.java:1074)
        at java.util.concurrent.ThreadPoolExecutor.runWorker(ThreadPoolExecutor.java:1134)
        at java.util.concurrent.ThreadPoolExecutor$Worker.run(ThreadPoolExecutor.java:624)
        at java.lang.Thread.run(Thread.java:748)
"EventQueue-IncrementalContainerReportForIncrementalContainerReportHandler" daemon prio=5 tid=5158 in Object.wait()
java.lang.Thread.State: WAITING (on object monitor)
        at sun.misc.Unsafe.park(Native Method)
        at java.util.concurrent.locks.LockSupport.park(LockSupport.java:175)
        at java.util.concurrent.locks.AbstractQueuedSynchronizer$ConditionObject.await(AbstractQueuedSynchronizer.java:2039)
        at java.util.concurrent.LinkedBlockingQueue.take(LinkedBlockingQueue.java:442)
        at java.util.concurrent.ThreadPoolExecutor.getTask(ThreadPoolExecutor.java:1074)
        at java.util.concurrent.ThreadPoolExecutor.runWorker(ThreadPoolExecutor.java:1134)
        at java.util.concurrent.ThreadPoolExecutor$Worker.run(ThreadPoolExecutor.java:624)
        at java.lang.Thread.run(Thread.java:748)
"IPC Server handler 4 on default port 35463" daemon prio=5 tid=4898 timed_waiting
java.lang.Thread.State: TIMED_WAITING
        at sun.misc.Unsafe.park(Native Method)
        at java.util.concurrent.locks.LockSupport.parkNanos(LockSupport.java:215)
        at java.util.concurrent.locks.AbstractQueuedSynchronizer$ConditionObject.awaitNanos(AbstractQueuedSynchronizer.java:2078)
        at java.util.concurrent.LinkedBlockingQueue.poll(LinkedBlockingQueue.java:467)
        at org.apache.hadoop.ipc.CallQueueManager.take(CallQueueManager.java:317)
        at org.apache.hadoop.ipc.Server$Handler.run(Server.java:2932)
"IPC Server handler 4 on default port 37371" daemon prio=5 tid=4858 timed_waiting
java.lang.Thread.State: TIMED_WAITING
        at sun.misc.Unsafe.park(Native Method)
        at java.util.concurrent.locks.LockSupport.parkNanos(LockSupport.java:215)
        at java.util.concurrent.locks.AbstractQueuedSynchronizer$ConditionObject.awaitNanos(AbstractQueuedSynchronizer.java:2078)
        at java.util.concurrent.LinkedBlockingQueue.poll(LinkedBlockingQueue.java:467)
        at org.apache.hadoop.ipc.CallQueueManager.take(CallQueueManager.java:317)
        at org.apache.hadoop.ipc.Server$Handler.run(Server.java:2932)
"IPC Server idle connection scanner for port 37371" daemon prio=5 tid=4849 timed_waiting
java.lang.Thread.State: TIMED_WAITING
        at java.lang.Object.wait(Native Method)
        at java.util.TimerThread.mainLoop(Timer.java:552)
        at java.util.TimerThread.run(Timer.java:505)
"PartialTableCache Cleanup Thread - 0" daemon prio=5 tid=4231 in Object.wait()
java.lang.Thread.State: WAITING (on object monitor)
        at sun.misc.Unsafe.park(Native Method)
        at java.util.concurrent.locks.LockSupport.park(LockSupport.java:175)
        at java.util.concurrent.locks.AbstractQueuedSynchronizer$ConditionObject.await(AbstractQueuedSynchronizer.java:2039)
        at java.util.concurrent.LinkedBlockingQueue.take(LinkedBlockingQueue.java:442)
        at java.util.concurrent.ThreadPoolExecutor.getTask(ThreadPoolExecutor.java:1074)
        at java.util.concurrent.ThreadPoolExecutor.runWorker(ThreadPoolExecutor.java:1134)
        at java.util.concurrent.ThreadPoolExecutor$Worker.run(ThreadPoolExecutor.java:624)
        at java.lang.Thread.run(Thread.java:748)
"qtp1834632129-4921" daemon prio=5 tid=4921 timed_waiting
java.lang.Thread.State: TIMED_WAITING
        at sun.misc.Unsafe.park(Native Method)
        at java.util.concurrent.locks.LockSupport.parkNanos(LockSupport.java:215)
        at java.util.concurrent.locks.AbstractQueuedSynchronizer$ConditionObject.awaitNanos(AbstractQueuedSynchronizer.java:2078)
        at org.eclipse.jetty.util.BlockingArrayQueue.poll(BlockingArrayQueue.java:382)
        at org.eclipse.jetty.util.thread.QueuedThreadPool$Runner.idleJobPoll(QueuedThreadPool.java:974)
        at org.eclipse.jetty.util.thread.QueuedThreadPool$Runner.run(QueuedThreadPool.java:1018)
        at java.lang.Thread.run(Thread.java:748)
"IPC Server handler 14 on default port 35463" daemon prio=5 tid=4908 timed_waiting
java.lang.Thread.State: TIMED_WAITING
        at sun.misc.Unsafe.park(Native Method)
        at java.util.concurrent.locks.LockSupport.parkNanos(LockSupport.java:215)
        at java.util.concurrent.locks.AbstractQueuedSynchronizer$ConditionObject.awaitNanos(AbstractQueuedSynchronizer.java:2078)
        at java.util.concurrent.LinkedBlockingQueue.poll(LinkedBlockingQueue.java:467)
        at org.apache.hadoop.ipc.CallQueueManager.take(CallQueueManager.java:317)
        at org.apache.hadoop.ipc.Server$Handler.run(Server.java:2932)
"EventQueue-ContainerReportForContainerReportHandler" daemon prio=5 tid=5109 in Object.wait()
java.lang.Thread.State: WAITING (on object monitor)
        at sun.misc.Unsafe.park(Native Method)
        at java.util.concurrent.locks.LockSupport.park(LockSupport.java:175)
        at java.util.concurrent.locks.AbstractQueuedSynchronizer$ConditionObject.await(AbstractQueuedSynchronizer.java:2039)
        at java.util.concurrent.LinkedBlockingQueue.take(LinkedBlockingQueue.java:442)
        at java.util.concurrent.ThreadPoolExecutor.getTask(ThreadPoolExecutor.java:1074)
        at java.util.concurrent.ThreadPoolExecutor.runWorker(ThreadPoolExecutor.java:1134)
        at java.util.concurrent.ThreadPoolExecutor$Worker.run(ThreadPoolExecutor.java:624)
        at java.lang.Thread.run(Thread.java:748)
"org.apache.ratis.util.JvmPauseMonitor$$Lambda$531/1624044696@5220f3f1" daemon prio=5 tid=5086 timed_waiting
java.lang.Thread.State: TIMED_WAITING
        at java.lang.Thread.sleep(Native Method)
        at java.lang.Thread.sleep(Thread.java:340)
        at java.util.concurrent.TimeUnit.sleep(TimeUnit.java:386)
        at org.apache.ratis.util.TimeDuration.sleep(TimeDuration.java:324)
        at org.apache.ratis.util.TimeDuration.sleep(TimeDuration.java:309)
        at org.apache.ratis.util.JvmPauseMonitor.detectPause(JvmPauseMonitor.java:117)
        at org.apache.ratis.util.JvmPauseMonitor.run(JvmPauseMonitor.java:106)
        at org.apache.ratis.util.JvmPauseMonitor$$Lambda$531/1624044696.run(Unknown Source)
        at java.lang.Thread.run(Thread.java:748)
"IPC Server handler 0 on default port 35463" daemon prio=5 tid=4894 timed_waiting
java.lang.Thread.State: TIMED_WAITING
        at sun.misc.Unsafe.park(Native Method)
        at java.util.concurrent.locks.LockSupport.parkNanos(LockSupport.java:215)
        at java.util.concurrent.locks.AbstractQueuedSynchronizer$ConditionObject.awaitNanos(AbstractQueuedSynchronizer.java:2078)
        at java.util.concurrent.LinkedBlockingQueue.poll(LinkedBlockingQueue.java:467)
        at org.apache.hadoop.ipc.CallQueueManager.take(CallQueueManager.java:317)
        at org.apache.hadoop.ipc.Server$Handler.run(Server.java:2932)
"ad4991cb-97ce-4dd6-b117-42e7f6b0816f@group-B7C6AD568D3C-StateMachineUpdater" daemon prio=5 tid=5120 in Object.wait()
java.lang.Thread.State: WAITING (on object monitor)
        at java.lang.Object.wait(Native Method)
        at java.lang.Object.wait(Object.java:502)
        at org.apache.ratis.server.impl.StateMachineUpdater.waitForCommit(StateMachineUpdater.java:204)
        at org.apache.ratis.server.impl.StateMachineUpdater.run(StateMachineUpdater.java:173)
        at java.lang.Thread.run(Thread.java:748)
"BlockDeletingService#0" daemon prio=5 tid=5058 in Object.wait()
java.lang.Thread.State: WAITING (on object monitor)
        at sun.misc.Unsafe.park(Native Method)
        at java.util.concurrent.locks.LockSupport.park(LockSupport.java:175)
        at java.util.concurrent.locks.AbstractQueuedSynchronizer$ConditionObject.await(AbstractQueuedSynchronizer.java:2039)
        at java.util.concurrent.ScheduledThreadPoolExecutor$DelayedWorkQueue.take(ScheduledThreadPoolExecutor.java:1088)
        at java.util.concurrent.ScheduledThreadPoolExecutor$DelayedWorkQueue.take(ScheduledThreadPoolExecutor.java:809)
        at java.util.concurrent.ThreadPoolExecutor.getTask(ThreadPoolExecutor.java:1074)
        at java.util.concurrent.ThreadPoolExecutor.runWorker(ThreadPoolExecutor.java:1134)
        at java.util.concurrent.ThreadPoolExecutor$Worker.run(ThreadPoolExecutor.java:624)
        at java.lang.Thread.run(Thread.java:748)
"ad4991cb-97ce-4dd6-b117-42e7f6b0816f@group-B7C6AD568D3C-LeaderStateImpl" daemon prio=5 tid=5138 timed_waiting
java.lang.Thread.State: TIMED_WAITING
        at sun.misc.Unsafe.park(Native Method)
        at java.util.concurrent.locks.LockSupport.parkNanos(LockSupport.java:215)
        at java.util.concurrent.locks.AbstractQueuedSynchronizer$ConditionObject.awaitNanos(AbstractQueuedSynchronizer.java:2078)
        at java.util.concurrent.ArrayBlockingQueue.poll(ArrayBlockingQueue.java:418)
        at org.apache.ratis.server.impl.LeaderStateImpl$EventQueue.poll(LeaderStateImpl.java:155)
        at org.apache.ratis.server.impl.LeaderStateImpl$EventProcessor.run(LeaderStateImpl.java:587)
"IPC Server handler 18 on default port 43167" daemon prio=5 tid=4892 timed_waiting
java.lang.Thread.State: TIMED_WAITING
        at sun.misc.Unsafe.park(Native Method)
        at java.util.concurrent.locks.LockSupport.parkNanos(LockSupport.java:215)
        at java.util.concurrent.locks.AbstractQueuedSynchronizer$ConditionObject.awaitNanos(AbstractQueuedSynchronizer.java:2078)
        at java.util.concurrent.LinkedBlockingQueue.poll(LinkedBlockingQueue.java:467)
        at org.apache.hadoop.ipc.CallQueueManager.take(CallQueueManager.java:317)
        at org.apache.hadoop.ipc.Server$Handler.run(Server.java:2932)
"Datanode State Machine Task Thread - 1"  prio=5 tid=5078 in Object.wait()
java.lang.Thread.State: WAITING (on object monitor)
        at sun.misc.Unsafe.park(Native Method)
        at java.util.concurrent.locks.LockSupport.park(LockSupport.java:175)
        at java.util.concurrent.locks.AbstractQueuedSynchronizer$ConditionObject.await(AbstractQueuedSynchronizer.java:2039)
        at java.util.concurrent.LinkedBlockingQueue.take(LinkedBlockingQueue.java:442)
        at java.util.concurrent.ThreadPoolExecutor.getTask(ThreadPoolExecutor.java:1074)
        at java.util.concurrent.ThreadPoolExecutor.runWorker(ThreadPoolExecutor.java:1134)
        at java.util.concurrent.ThreadPoolExecutor$Worker.run(ThreadPoolExecutor.java:624)
        at java.lang.Thread.run(Thread.java:748)
"IPC Server handler 5 on default port 43569" daemon prio=5 tid=4957 timed_waiting
java.lang.Thread.State: TIMED_WAITING
        at sun.misc.Unsafe.park(Native Method)
        at java.util.concurrent.locks.LockSupport.parkNanos(LockSupport.java:215)
        at java.util.concurrent.locks.AbstractQueuedSynchronizer$ConditionObject.awaitNanos(AbstractQueuedSynchronizer.java:2078)
        at java.util.concurrent.LinkedBlockingQueue.poll(LinkedBlockingQueue.java:467)
        at org.apache.hadoop.ipc.CallQueueManager.take(CallQueueManager.java:317)
        at org.apache.hadoop.ipc.Server$Handler.run(Server.java:2932)
"org.apache.hadoop.ozone.container.common.statemachine.commandhandler.DeleteBlocksCommandHandler$DeleteCmdWorker@65d870be" daemon prio=5 tid=211 runnable
java.lang.Thread.State: RUNNABLE
        at java.lang.Thread.sleep(Native Method)
        at org.apache.hadoop.ozone.container.common.statemachine.commandhandler.DeleteBlocksCommandHandler$DeleteCmdWorker.run(DeleteBlocksCommandHandler.java:174)
        at java.lang.Thread.run(Thread.java:748)
"EventQueue-NodeReportForNodeReportHandler" daemon prio=5 tid=7273 in Object.wait()
java.lang.Thread.State: WAITING (on object monitor)
        at sun.misc.Unsafe.park(Native Method)
        at java.util.concurrent.locks.LockSupport.park(LockSupport.java:175)
        at java.util.concurrent.locks.AbstractQueuedSynchronizer$ConditionObject.await(AbstractQueuedSynchronizer.java:2039)
        at java.util.concurrent.LinkedBlockingQueue.take(LinkedBlockingQueue.java:442)
        at java.util.concurrent.ThreadPoolExecutor.getTask(ThreadPoolExecutor.java:1074)
        at java.util.concurrent.ThreadPoolExecutor.runWorker(ThreadPoolExecutor.java:1134)
        at java.util.concurrent.ThreadPoolExecutor$Worker.run(ThreadPoolExecutor.java:624)
        at java.lang.Thread.run(Thread.java:748)
"IPC Server handler 5 on default port 43167" daemon prio=5 tid=4879 timed_waiting
java.lang.Thread.State: TIMED_WAITING
        at sun.misc.Unsafe.park(Native Method)
        at java.util.concurrent.locks.LockSupport.parkNanos(LockSupport.java:215)
        at java.util.concurrent.locks.AbstractQueuedSynchronizer$ConditionObject.awaitNanos(AbstractQueuedSynchronizer.java:2078)
        at java.util.concurrent.LinkedBlockingQueue.poll(LinkedBlockingQueue.java:467)
        at org.apache.hadoop.ipc.CallQueueManager.take(CallQueueManager.java:317)
        at org.apache.hadoop.ipc.Server$Handler.run(Server.java:2932)
"org.apache.hadoop.ozone.container.common.statemachine.commandhandler.DeleteBlocksCommandHandler$DeleteCmdWorker@151c870d" daemon prio=5 tid=4061 runnable
java.lang.Thread.State: RUNNABLE
        at java.lang.Thread.sleep(Native Method)
        at org.apache.hadoop.ozone.container.common.statemachine.commandhandler.DeleteBlocksCommandHandler$DeleteCmdWorker.run(DeleteBlocksCommandHandler.java:174)
        at java.lang.Thread.run(Thread.java:748)
"pool-457-thread-1"  prio=5 tid=5122 in Object.wait()
java.lang.Thread.State: WAITING (on object monitor)
        at sun.misc.Unsafe.park(Native Method)
        at java.util.concurrent.locks.LockSupport.park(LockSupport.java:175)
        at java.util.concurrent.locks.AbstractQueuedSynchronizer$ConditionObject.await(AbstractQueuedSynchronizer.java:2039)
        at java.util.concurrent.LinkedBlockingQueue.take(LinkedBlockingQueue.java:442)
        at java.util.concurrent.ThreadPoolExecutor.getTask(ThreadPoolExecutor.java:1074)
        at java.util.concurrent.ThreadPoolExecutor.runWorker(ThreadPoolExecutor.java:1134)
        at java.util.concurrent.ThreadPoolExecutor$Worker.run(ThreadPoolExecutor.java:624)
        at java.lang.Thread.run(Thread.java:748)
"org.apache.hadoop.ozone.container.common.statemachine.commandhandler.DeleteBlocksCommandHandler$DeleteCmdWorker@203f929" daemon prio=5 tid=161 runnable
java.lang.Thread.State: RUNNABLE
        at java.lang.Thread.sleep(Native Method)
        at org.apache.hadoop.ozone.container.common.statemachine.commandhandler.DeleteBlocksCommandHandler$DeleteCmdWorker.run(DeleteBlocksCommandHandler.java:174)
        at java.lang.Thread.run(Thread.java:748)
"pool-466-thread-9"  prio=5 tid=5226 in Object.wait()
java.lang.Thread.State: WAITING (on object monitor)
        at sun.misc.Unsafe.park(Native Method)
        at java.util.concurrent.locks.LockSupport.park(LockSupport.java:175)
        at java.util.concurrent.locks.AbstractQueuedSynchronizer$ConditionObject.await(AbstractQueuedSynchronizer.java:2039)
        at java.util.concurrent.LinkedBlockingQueue.take(LinkedBlockingQueue.java:442)
        at java.util.concurrent.ThreadPoolExecutor.getTask(ThreadPoolExecutor.java:1074)
        at java.util.concurrent.ThreadPoolExecutor.runWorker(ThreadPoolExecutor.java:1134)
        at java.util.concurrent.ThreadPoolExecutor$Worker.run(ThreadPoolExecutor.java:624)
        at java.lang.Thread.run(Thread.java:748)
"EventQueue-ContainerReportForContainerReportHandler" daemon prio=5 tid=5111 in Object.wait()
java.lang.Thread.State: WAITING (on object monitor)
        at sun.misc.Unsafe.park(Native Method)
        at java.util.concurrent.locks.LockSupport.park(LockSupport.java:175)
        at java.util.concurrent.locks.AbstractQueuedSynchronizer$ConditionObject.await(AbstractQueuedSynchronizer.java:2039)
        at java.util.concurrent.LinkedBlockingQueue.take(LinkedBlockingQueue.java:442)
        at java.util.concurrent.ThreadPoolExecutor.getTask(ThreadPoolExecutor.java:1074)
        at java.util.concurrent.ThreadPoolExecutor.runWorker(ThreadPoolExecutor.java:1134)
        at java.util.concurrent.ThreadPoolExecutor$Worker.run(ThreadPoolExecutor.java:624)
        at java.lang.Thread.run(Thread.java:748)
"BlockDeletingService#5" daemon prio=5 tid=5065 in Object.wait()
java.lang.Thread.State: WAITING (on object monitor)
        at sun.misc.Unsafe.park(Native Method)
        at java.util.concurrent.locks.LockSupport.park(LockSupport.java:175)
        at java.util.concurrent.locks.AbstractQueuedSynchronizer$ConditionObject.await(AbstractQueuedSynchronizer.java:2039)
        at java.util.concurrent.ScheduledThreadPoolExecutor$DelayedWorkQueue.take(ScheduledThreadPoolExecutor.java:1088)
        at java.util.concurrent.ScheduledThreadPoolExecutor$DelayedWorkQueue.take(ScheduledThreadPoolExecutor.java:809)
        at java.util.concurrent.ThreadPoolExecutor.getTask(ThreadPoolExecutor.java:1074)
        at java.util.concurrent.ThreadPoolExecutor.runWorker(ThreadPoolExecutor.java:1134)
        at java.util.concurrent.ThreadPoolExecutor$Worker.run(ThreadPoolExecutor.java:624)
        at java.lang.Thread.run(Thread.java:748)
"IPC Server handler 13 on default port 43569" daemon prio=5 tid=4965 timed_waiting
java.lang.Thread.State: TIMED_WAITING
        at sun.misc.Unsafe.park(Native Method)
        at java.util.concurrent.locks.LockSupport.parkNanos(LockSupport.java:215)
        at java.util.concurrent.locks.AbstractQueuedSynchronizer$ConditionObject.awaitNanos(AbstractQueuedSynchronizer.java:2078)
        at java.util.concurrent.LinkedBlockingQueue.poll(LinkedBlockingQueue.java:467)
        at org.apache.hadoop.ipc.CallQueueManager.take(CallQueueManager.java:317)
        at org.apache.hadoop.ipc.Server$Handler.run(Server.java:2932)
"PartialTableCache Cleanup Thread - 0" daemon prio=5 tid=4230 in Object.wait()
java.lang.Thread.State: WAITING (on object monitor)
        at sun.misc.Unsafe.park(Native Method)
        at java.util.concurrent.locks.LockSupport.park(LockSupport.java:175)
        at java.util.concurrent.locks.AbstractQueuedSynchronizer$ConditionObject.await(AbstractQueuedSynchronizer.java:2039)
        at java.util.concurrent.LinkedBlockingQueue.take(LinkedBlockingQueue.java:442)
        at java.util.concurrent.ThreadPoolExecutor.getTask(ThreadPoolExecutor.java:1074)
        at java.util.concurrent.ThreadPoolExecutor.runWorker(ThreadPoolExecutor.java:1134)
        at java.util.concurrent.ThreadPoolExecutor$Worker.run(ThreadPoolExecutor.java:624)
        at java.lang.Thread.run(Thread.java:748)
"IPC Server handler 7 on default port 37371" daemon prio=5 tid=4861 timed_waiting
java.lang.Thread.State: TIMED_WAITING
        at sun.misc.Unsafe.park(Native Method)
        at java.util.concurrent.locks.LockSupport.parkNanos(LockSupport.java:215)
        at java.util.concurrent.locks.AbstractQueuedSynchronizer$ConditionObject.awaitNanos(AbstractQueuedSynchronizer.java:2078)
        at java.util.concurrent.LinkedBlockingQueue.poll(LinkedBlockingQueue.java:467)
        at org.apache.hadoop.ipc.CallQueueManager.take(CallQueueManager.java:317)
        at org.apache.hadoop.ipc.Server$Handler.run(Server.java:2932)
"IPC Server handler 16 on default port 35463" daemon prio=5 tid=4910 timed_waiting
java.lang.Thread.State: TIMED_WAITING
        at sun.misc.Unsafe.park(Native Method)
        at java.util.concurrent.locks.LockSupport.parkNanos(LockSupport.java:215)
        at java.util.concurrent.locks.AbstractQueuedSynchronizer$ConditionObject.awaitNanos(AbstractQueuedSynchronizer.java:2078)
        at java.util.concurrent.LinkedBlockingQueue.poll(LinkedBlockingQueue.java:467)
        at org.apache.hadoop.ipc.CallQueueManager.take(CallQueueManager.java:317)
        at org.apache.hadoop.ipc.Server$Handler.run(Server.java:2932)
"pool-467-thread-9"  prio=5 tid=5225 in Object.wait()
java.lang.Thread.State: WAITING (on object monitor)
        at sun.misc.Unsafe.park(Native Method)
        at java.util.concurrent.locks.LockSupport.park(LockSupport.java:175)
        at java.util.concurrent.locks.AbstractQueuedSynchronizer$ConditionObject.await(AbstractQueuedSynchronizer.java:2039)
        at java.util.concurrent.LinkedBlockingQueue.take(LinkedBlockingQueue.java:442)
        at java.util.concurrent.ThreadPoolExecutor.getTask(ThreadPoolExecutor.java:1074)
        at java.util.concurrent.ThreadPoolExecutor.runWorker(ThreadPoolExecutor.java:1134)
        at java.util.concurrent.ThreadPoolExecutor$Worker.run(ThreadPoolExecutor.java:624)
        at java.lang.Thread.run(Thread.java:748)
"FullTableCache Cleanup Thread - 0" daemon prio=5 tid=5153 in Object.wait()
java.lang.Thread.State: WAITING (on object monitor)
        at sun.misc.Unsafe.park(Native Method)
        at java.util.concurrent.locks.LockSupport.park(LockSupport.java:175)
        at java.util.concurrent.locks.AbstractQueuedSynchronizer$ConditionObject.await(AbstractQueuedSynchronizer.java:2039)
        at java.util.concurrent.LinkedBlockingQueue.take(LinkedBlockingQueue.java:442)
        at java.util.concurrent.ThreadPoolExecutor.getTask(ThreadPoolExecutor.java:1074)
        at java.util.concurrent.ThreadPoolExecutor.runWorker(ThreadPoolExecutor.java:1134)
        at java.util.concurrent.ThreadPoolExecutor$Worker.run(ThreadPoolExecutor.java:624)
        at java.lang.Thread.run(Thread.java:748)
"BlockDeletingService#2" daemon prio=5 tid=5090 in Object.wait()
java.lang.Thread.State: WAITING (on object monitor)
        at sun.misc.Unsafe.park(Native Method)
        at java.util.concurrent.locks.LockSupport.park(LockSupport.java:175)
        at java.util.concurrent.locks.AbstractQueuedSynchronizer$ConditionObject.await(AbstractQueuedSynchronizer.java:2039)
        at java.util.concurrent.ScheduledThreadPoolExecutor$DelayedWorkQueue.take(ScheduledThreadPoolExecutor.java:1088)
        at java.util.concurrent.ScheduledThreadPoolExecutor$DelayedWorkQueue.take(ScheduledThreadPoolExecutor.java:809)
        at java.util.concurrent.ThreadPoolExecutor.getTask(ThreadPoolExecutor.java:1074)
        at java.util.concurrent.ThreadPoolExecutor.runWorker(ThreadPoolExecutor.java:1134)
        at java.util.concurrent.ThreadPoolExecutor$Worker.run(ThreadPoolExecutor.java:624)
        at java.lang.Thread.run(Thread.java:748)
"IPC Server handler 15 on default port 43167" daemon prio=5 tid=4889 timed_waiting
java.lang.Thread.State: TIMED_WAITING
        at sun.misc.Unsafe.park(Native Method)
        at java.util.concurrent.locks.LockSupport.parkNanos(LockSupport.java:215)
        at java.util.concurrent.locks.AbstractQueuedSynchronizer$ConditionObject.awaitNanos(AbstractQueuedSynchronizer.java:2078)
        at java.util.concurrent.LinkedBlockingQueue.poll(LinkedBlockingQueue.java:467)
        at org.apache.hadoop.ipc.CallQueueManager.take(CallQueueManager.java:317)
        at org.apache.hadoop.ipc.Server$Handler.run(Server.java:2932)
"b13dbf35-3f05-4a51-87e4-7670ffffb89b@group-B7C6AD568D3C-FollowerState" daemon prio=5 tid=5136 timed_waiting
java.lang.Thread.State: TIMED_WAITING
        at java.lang.Thread.sleep(Native Method)
        at java.lang.Thread.sleep(Thread.java:340)
        at java.util.concurrent.TimeUnit.sleep(TimeUnit.java:386)
        at org.apache.ratis.util.TimeDuration.sleep(TimeDuration.java:324)
        at org.apache.ratis.util.TimeDuration.sleep(TimeDuration.java:309)
        at org.apache.ratis.server.impl.FollowerState.run(FollowerState.java:118)
"qtp150540715-5010" daemon prio=5 tid=5010 timed_waiting
java.lang.Thread.State: TIMED_WAITING
        at sun.misc.Unsafe.park(Native Method)
        at java.util.concurrent.locks.LockSupport.parkNanos(LockSupport.java:215)
        at java.util.concurrent.locks.AbstractQueuedSynchronizer$ConditionObject.awaitNanos(AbstractQueuedSynchronizer.java:2078)
        at org.eclipse.jetty.util.BlockingArrayQueue.poll(BlockingArrayQueue.java:382)
        at org.eclipse.jetty.util.thread.QueuedThreadPool$Runner.idleJobPoll(QueuedThreadPool.java:974)
        at org.eclipse.jetty.util.thread.QueuedThreadPool$Runner.run(QueuedThreadPool.java:1018)
        at java.lang.Thread.run(Thread.java:748)
"IPC Server listener on 0" daemon prio=5 tid=4839 runnable
java.lang.Thread.State: RUNNABLE
        at sun.nio.ch.EPollArrayWrapper.epollWait(Native Method)
        at sun.nio.ch.EPollArrayWrapper.poll(EPollArrayWrapper.java:269)
        at sun.nio.ch.EPollSelectorImpl.doSelect(EPollSelectorImpl.java:93)
        at sun.nio.ch.SelectorImpl.lockAndDoSelect(SelectorImpl.java:86)
        at sun.nio.ch.SelectorImpl.select(SelectorImpl.java:97)
        at sun.nio.ch.SelectorImpl.select(SelectorImpl.java:101)
        at org.apache.hadoop.ipc.Server$Listener.run(Server.java:1350)
"IPC Server handler 15 on default port 43569" daemon prio=5 tid=4967 timed_waiting
java.lang.Thread.State: TIMED_WAITING
        at sun.misc.Unsafe.park(Native Method)
        at java.util.concurrent.locks.LockSupport.parkNanos(LockSupport.java:215)
        at java.util.concurrent.locks.AbstractQueuedSynchronizer$ConditionObject.awaitNanos(AbstractQueuedSynchronizer.java:2078)
        at java.util.concurrent.LinkedBlockingQueue.poll(LinkedBlockingQueue.java:467)
        at org.apache.hadoop.ipc.CallQueueManager.take(CallQueueManager.java:317)
        at org.apache.hadoop.ipc.Server$Handler.run(Server.java:2932)
"pool-424-thread-1"  prio=5 tid=4979 timed_waiting
java.lang.Thread.State: TIMED_WAITING
        at sun.misc.Unsafe.park(Native Method)
        at java.util.concurrent.locks.LockSupport.parkNanos(LockSupport.java:215)
        at java.util.concurrent.locks.AbstractQueuedSynchronizer$ConditionObject.awaitNanos(AbstractQueuedSynchronizer.java:2078)
        at java.util.concurrent.ScheduledThreadPoolExecutor$DelayedWorkQueue.take(ScheduledThreadPoolExecutor.java:1093)
        at java.util.concurrent.ScheduledThreadPoolExecutor$DelayedWorkQueue.take(ScheduledThreadPoolExecutor.java:809)
        at java.util.concurrent.ThreadPoolExecutor.getTask(ThreadPoolExecutor.java:1074)
        at java.util.concurrent.ThreadPoolExecutor.runWorker(ThreadPoolExecutor.java:1134)
        at java.util.concurrent.ThreadPoolExecutor$Worker.run(ThreadPoolExecutor.java:624)
        at java.lang.Thread.run(Thread.java:748)
"Session-HouseKeeper-eea87c4-1"  prio=5 tid=4988 timed_waiting
java.lang.Thread.State: TIMED_WAITING
        at sun.misc.Unsafe.park(Native Method)
        at java.util.concurrent.locks.LockSupport.parkNanos(LockSupport.java:215)
        at java.util.concurrent.locks.AbstractQueuedSynchronizer$ConditionObject.awaitNanos(AbstractQueuedSynchronizer.java:2078)
        at java.util.concurrent.ScheduledThreadPoolExecutor$DelayedWorkQueue.take(ScheduledThreadPoolExecutor.java:1093)
        at java.util.concurrent.ScheduledThreadPoolExecutor$DelayedWorkQueue.take(ScheduledThreadPoolExecutor.java:809)
        at java.util.concurrent.ThreadPoolExecutor.getTask(ThreadPoolExecutor.java:1074)
        at java.util.concurrent.ThreadPoolExecutor.runWorker(ThreadPoolExecutor.java:1134)
        at java.util.concurrent.ThreadPoolExecutor$Worker.run(ThreadPoolExecutor.java:624)
        at java.lang.Thread.run(Thread.java:748)
"pool-412-thread-1" daemon prio=5 tid=4976 timed_waiting
java.lang.Thread.State: TIMED_WAITING
        at sun.misc.Unsafe.park(Native Method)
        at java.util.concurrent.locks.LockSupport.parkNanos(LockSupport.java:215)
        at java.util.concurrent.locks.AbstractQueuedSynchronizer$ConditionObject.awaitNanos(AbstractQueuedSynchronizer.java:2078)
        at java.util.concurrent.ScheduledThreadPoolExecutor$DelayedWorkQueue.take(ScheduledThreadPoolExecutor.java:1093)
        at java.util.concurrent.ScheduledThreadPoolExecutor$DelayedWorkQueue.take(ScheduledThreadPoolExecutor.java:809)
        at java.util.concurrent.ThreadPoolExecutor.getTask(ThreadPoolExecutor.java:1074)
        at java.util.concurrent.ThreadPoolExecutor.runWorker(ThreadPoolExecutor.java:1134)
        at java.util.concurrent.ThreadPoolExecutor$Worker.run(ThreadPoolExecutor.java:624)
        at java.lang.Thread.run(Thread.java:748)
"IPC Server handler 7 on default port 35463" daemon prio=5 tid=4901 timed_waiting
java.lang.Thread.State: TIMED_WAITING
        at sun.misc.Unsafe.park(Native Method)
        at java.util.concurrent.locks.LockSupport.parkNanos(LockSupport.java:215)
        at java.util.concurrent.locks.AbstractQueuedSynchronizer$ConditionObject.awaitNanos(AbstractQueuedSynchronizer.java:2078)
        at java.util.concurrent.LinkedBlockingQueue.poll(LinkedBlockingQueue.java:467)
        at org.apache.hadoop.ipc.CallQueueManager.take(CallQueueManager.java:317)
        at org.apache.hadoop.ipc.Server$Handler.run(Server.java:2932)
"org.apache.hadoop.ozone.container.common.statemachine.commandhandler.DeleteBlocksCommandHandler$DeleteCmdWorker@4766d49a" daemon prio=5 tid=4707 runnable
java.lang.Thread.State: RUNNABLE
        at java.lang.Thread.sleep(Native Method)
        at org.apache.hadoop.ozone.container.common.statemachine.commandhandler.DeleteBlocksCommandHandler$DeleteCmdWorker.run(DeleteBlocksCommandHandler.java:174)
        at java.lang.Thread.run(Thread.java:748)
"org.apache.ratis.util.JvmPauseMonitor$$Lambda$531/1624044696@5bb4c05c" daemon prio=5 tid=5057 timed_waiting
java.lang.Thread.State: TIMED_WAITING
        at java.lang.Thread.sleep(Native Method)
        at java.lang.Thread.sleep(Thread.java:340)
        at java.util.concurrent.TimeUnit.sleep(TimeUnit.java:386)
        at org.apache.ratis.util.TimeDuration.sleep(TimeDuration.java:324)
        at org.apache.ratis.util.TimeDuration.sleep(TimeDuration.java:309)
        at org.apache.ratis.util.JvmPauseMonitor.detectPause(JvmPauseMonitor.java:117)
        at org.apache.ratis.util.JvmPauseMonitor.run(JvmPauseMonitor.java:106)
        at org.apache.ratis.util.JvmPauseMonitor$$Lambda$531/1624044696.run(Unknown Source)
        at java.lang.Thread.run(Thread.java:748)
"grpc-default-executor-4" daemon prio=5 tid=4216 timed_waiting
java.lang.Thread.State: TIMED_WAITING
        at sun.misc.Unsafe.park(Native Method)
        at java.util.concurrent.locks.LockSupport.parkNanos(LockSupport.java:215)
        at java.util.concurrent.SynchronousQueue$TransferStack.awaitFulfill(SynchronousQueue.java:460)
        at java.util.concurrent.SynchronousQueue$TransferStack.transfer(SynchronousQueue.java:362)
        at java.util.concurrent.SynchronousQueue.poll(SynchronousQueue.java:941)
        at java.util.concurrent.ThreadPoolExecutor.getTask(ThreadPoolExecutor.java:1073)
        at java.util.concurrent.ThreadPoolExecutor.runWorker(ThreadPoolExecutor.java:1134)
        at java.util.concurrent.ThreadPoolExecutor$Worker.run(ThreadPoolExecutor.java:624)
        at java.lang.Thread.run(Thread.java:748)
"IPC Server handler 15 on default port 35463" daemon prio=5 tid=4909 timed_waiting
java.lang.Thread.State: TIMED_WAITING
        at sun.misc.Unsafe.park(Native Method)
        at java.util.concurrent.locks.LockSupport.parkNanos(LockSupport.java:215)
        at java.util.concurrent.locks.AbstractQueuedSynchronizer$ConditionObject.awaitNanos(AbstractQueuedSynchronizer.java:2078)
        at java.util.concurrent.LinkedBlockingQueue.poll(LinkedBlockingQueue.java:467)
        at org.apache.hadoop.ipc.CallQueueManager.take(CallQueueManager.java:317)
        at org.apache.hadoop.ipc.Server$Handler.run(Server.java:2932)
"Datanode ReportManager Thread - 2" daemon prio=5 tid=5044 timed_waiting
java.lang.Thread.State: TIMED_WAITING
        at sun.misc.Unsafe.park(Native Method)
        at java.util.concurrent.locks.LockSupport.parkNanos(LockSupport.java:215)
        at java.util.concurrent.locks.AbstractQueuedSynchronizer$ConditionObject.awaitNanos(AbstractQueuedSynchronizer.java:2078)
        at java.util.concurrent.ScheduledThreadPoolExecutor$DelayedWorkQueue.take(ScheduledThreadPoolExecutor.java:1093)
        at java.util.concurrent.ScheduledThreadPoolExecutor$DelayedWorkQueue.take(ScheduledThreadPoolExecutor.java:809)
        at java.util.concurrent.ThreadPoolExecutor.getTask(ThreadPoolExecutor.java:1074)
        at java.util.concurrent.ThreadPoolExecutor.runWorker(ThreadPoolExecutor.java:1134)
        at java.util.concurrent.ThreadPoolExecutor$Worker.run(ThreadPoolExecutor.java:624)
        at java.lang.Thread.run(Thread.java:748)
"pool-467-thread-5"  prio=5 tid=5208 in Object.wait()
java.lang.Thread.State: WAITING (on object monitor)
        at sun.misc.Unsafe.park(Native Method)
        at java.util.concurrent.locks.LockSupport.park(LockSupport.java:175)
        at java.util.concurrent.locks.AbstractQueuedSynchronizer$ConditionObject.await(AbstractQueuedSynchronizer.java:2039)
        at java.util.concurrent.LinkedBlockingQueue.take(LinkedBlockingQueue.java:442)
        at java.util.concurrent.ThreadPoolExecutor.getTask(ThreadPoolExecutor.java:1074)
        at java.util.concurrent.ThreadPoolExecutor.runWorker(ThreadPoolExecutor.java:1134)
        at java.util.concurrent.ThreadPoolExecutor$Worker.run(ThreadPoolExecutor.java:624)
        at java.lang.Thread.run(Thread.java:748)
"BlockDeletingService#0" daemon prio=5 tid=5087 runnable
java.lang.Thread.State: RUNNABLE
        at sun.misc.Unsafe.park(Native Method)
        at java.util.concurrent.locks.LockSupport.parkNanos(LockSupport.java:215)
        at java.util.concurrent.locks.AbstractQueuedSynchronizer$ConditionObject.awaitNanos(AbstractQueuedSynchronizer.java:2078)
        at java.util.concurrent.ScheduledThreadPoolExecutor$DelayedWorkQueue.take(ScheduledThreadPoolExecutor.java:1093)
        at java.util.concurrent.ScheduledThreadPoolExecutor$DelayedWorkQueue.take(ScheduledThreadPoolExecutor.java:809)
        at java.util.concurrent.ThreadPoolExecutor.getTask(ThreadPoolExecutor.java:1074)
        at java.util.concurrent.ThreadPoolExecutor.runWorker(ThreadPoolExecutor.java:1134)
        at java.util.concurrent.ThreadPoolExecutor$Worker.run(ThreadPoolExecutor.java:624)
        at java.lang.Thread.run(Thread.java:748)
"IPC Server idle connection scanner for port 43569" daemon prio=5 tid=4933 timed_waiting
java.lang.Thread.State: TIMED_WAITING
        at java.lang.Object.wait(Native Method)
        at java.util.TimerThread.mainLoop(Timer.java:552)
        at java.util.TimerThread.run(Timer.java:505)
"IPC Server handler 6 on default port 43167" daemon prio=5 tid=4880 timed_waiting
java.lang.Thread.State: TIMED_WAITING
        at sun.misc.Unsafe.park(Native Method)
        at java.util.concurrent.locks.LockSupport.parkNanos(LockSupport.java:215)
        at java.util.concurrent.locks.AbstractQueuedSynchronizer$ConditionObject.awaitNanos(AbstractQueuedSynchronizer.java:2078)
        at java.util.concurrent.LinkedBlockingQueue.poll(LinkedBlockingQueue.java:467)
        at org.apache.hadoop.ipc.CallQueueManager.take(CallQueueManager.java:317)
        at org.apache.hadoop.ipc.Server$Handler.run(Server.java:2932)
"process reaper" daemon prio=10 tid=11 timed_waiting
java.lang.Thread.State: TIMED_WAITING
        at sun.misc.Unsafe.park(Native Method)
        at java.util.concurrent.locks.LockSupport.parkNanos(LockSupport.java:215)
        at java.util.concurrent.SynchronousQueue$TransferStack.awaitFulfill(SynchronousQueue.java:460)
        at java.util.concurrent.SynchronousQueue$TransferStack.transfer(SynchronousQueue.java:362)
        at java.util.concurrent.SynchronousQueue.poll(SynchronousQueue.java:941)
        at java.util.concurrent.ThreadPoolExecutor.getTask(ThreadPoolExecutor.java:1073)
        at java.util.concurrent.ThreadPoolExecutor.runWorker(ThreadPoolExecutor.java:1134)
        at java.util.concurrent.ThreadPoolExecutor$Worker.run(ThreadPoolExecutor.java:624)
        at java.lang.Thread.run(Thread.java:748)
"pool-467-thread-1"  prio=5 tid=5170 in Object.wait()
java.lang.Thread.State: WAITING (on object monitor)
        at sun.misc.Unsafe.park(Native Method)
        at java.util.concurrent.locks.LockSupport.park(LockSupport.java:175)
        at java.util.concurrent.locks.AbstractQueuedSynchronizer$ConditionObject.await(AbstractQueuedSynchronizer.java:2039)
        at java.util.concurrent.LinkedBlockingQueue.take(LinkedBlockingQueue.java:442)
        at java.util.concurrent.ThreadPoolExecutor.getTask(ThreadPoolExecutor.java:1074)
        at java.util.concurrent.ThreadPoolExecutor.runWorker(ThreadPoolExecutor.java:1134)
        at java.util.concurrent.ThreadPoolExecutor$Worker.run(ThreadPoolExecutor.java:624)
        at java.lang.Thread.run(Thread.java:748)
"ChunkWriter-3-0" daemon prio=5 tid=5085 in Object.wait()
java.lang.Thread.State: WAITING (on object monitor)
        at sun.misc.Unsafe.park(Native Method)
        at java.util.concurrent.locks.LockSupport.park(LockSupport.java:175)
        at java.util.concurrent.locks.AbstractQueuedSynchronizer$ConditionObject.await(AbstractQueuedSynchronizer.java:2039)
        at java.util.concurrent.LinkedBlockingDeque.takeFirst(LinkedBlockingDeque.java:492)
        at java.util.concurrent.LinkedBlockingDeque.take(LinkedBlockingDeque.java:680)
        at java.util.concurrent.ThreadPoolExecutor.getTask(ThreadPoolExecutor.java:1074)
        at java.util.concurrent.ThreadPoolExecutor.runWorker(ThreadPoolExecutor.java:1134)
        at java.util.concurrent.ThreadPoolExecutor$Worker.run(ThreadPoolExecutor.java:624)
        at java.lang.Thread.run(Thread.java:748)
"Datanode ReportManager Thread - 4" daemon prio=5 tid=5046 in Object.wait()
java.lang.Thread.State: WAITING (on object monitor)
        at sun.misc.Unsafe.park(Native Method)
        at java.util.concurrent.locks.LockSupport.park(LockSupport.java:175)
        at java.util.concurrent.locks.AbstractQueuedSynchronizer$ConditionObject.await(AbstractQueuedSynchronizer.java:2039)
        at java.util.concurrent.ScheduledThreadPoolExecutor$DelayedWorkQueue.take(ScheduledThreadPoolExecutor.java:1088)
        at java.util.concurrent.ScheduledThreadPoolExecutor$DelayedWorkQueue.take(ScheduledThreadPoolExecutor.java:809)
        at java.util.concurrent.ThreadPoolExecutor.getTask(ThreadPoolExecutor.java:1074)
        at java.util.concurrent.ThreadPoolExecutor.runWorker(ThreadPoolExecutor.java:1134)
        at java.util.concurrent.ThreadPoolExecutor$Worker.run(ThreadPoolExecutor.java:624)
        at java.lang.Thread.run(Thread.java:748)
"org.apache.ratis.util.JvmPauseMonitor$$Lambda$531/1624044696@1f068b75" daemon prio=5 tid=5070 timed_waiting
java.lang.Thread.State: TIMED_WAITING
        at java.lang.Thread.sleep(Native Method)
        at java.lang.Thread.sleep(Thread.java:340)
        at java.util.concurrent.TimeUnit.sleep(TimeUnit.java:386)
        at org.apache.ratis.util.TimeDuration.sleep(TimeDuration.java:324)
        at org.apache.ratis.util.TimeDuration.sleep(TimeDuration.java:309)
        at org.apache.ratis.util.JvmPauseMonitor.detectPause(JvmPauseMonitor.java:117)
        at org.apache.ratis.util.JvmPauseMonitor.run(JvmPauseMonitor.java:106)
        at org.apache.ratis.util.JvmPauseMonitor$$Lambda$531/1624044696.run(Unknown Source)
        at java.lang.Thread.run(Thread.java:748)
"org.apache.hadoop.util.JvmPauseMonitor$Monitor@11d09931" daemon prio=5 tid=5048 timed_waiting
java.lang.Thread.State: TIMED_WAITING
        at java.lang.Thread.sleep(Native Method)
        at org.apache.hadoop.util.JvmPauseMonitor$Monitor.run(JvmPauseMonitor.java:192)
        at java.lang.Thread.run(Thread.java:748)
"qtp717308094-4983" daemon prio=5 tid=4983 timed_waiting
java.lang.Thread.State: TIMED_WAITING
        at sun.misc.Unsafe.park(Native Method)
        at java.util.concurrent.locks.LockSupport.parkNanos(LockSupport.java:215)
        at java.util.concurrent.locks.AbstractQueuedSynchronizer$ConditionObject.awaitNanos(AbstractQueuedSynchronizer.java:2078)
        at org.eclipse.jetty.util.BlockingArrayQueue.poll(BlockingArrayQueue.java:382)
        at org.eclipse.jetty.util.thread.QueuedThreadPool$Runner.idleJobPoll(QueuedThreadPool.java:974)
        at org.eclipse.jetty.util.thread.QueuedThreadPool$Runner.run(QueuedThreadPool.java:1018)
        at java.lang.Thread.run(Thread.java:748)
"EventQueue-NewNodeForNewNodeHandler" daemon prio=5 tid=5102 in Object.wait()
java.lang.Thread.State: WAITING (on object monitor)
        at sun.misc.Unsafe.park(Native Method)
        at java.util.concurrent.locks.LockSupport.park(LockSupport.java:175)
        at java.util.concurrent.locks.AbstractQueuedSynchronizer$ConditionObject.await(AbstractQueuedSynchronizer.java:2039)
        at java.util.concurrent.LinkedBlockingQueue.take(LinkedBlockingQueue.java:442)
        at java.util.concurrent.ThreadPoolExecutor.getTask(ThreadPoolExecutor.java:1074)
        at java.util.concurrent.ThreadPoolExecutor.runWorker(ThreadPoolExecutor.java:1134)
        at java.util.concurrent.ThreadPoolExecutor$Worker.run(ThreadPoolExecutor.java:624)
        at java.lang.Thread.run(Thread.java:748)
"qtp1696189834-4944-acceptor-0@737042c9-ServerConnector@6723c986{HTTP/1.1, (http/1.1)}{0.0.0.0:33265}" daemon prio=3 tid=4944 runnable
java.lang.Thread.State: RUNNABLE
        at sun.nio.ch.ServerSocketChannelImpl.accept0(Native Method)
        at sun.nio.ch.ServerSocketChannelImpl.accept(ServerSocketChannelImpl.java:421)
        at sun.nio.ch.ServerSocketChannelImpl.accept(ServerSocketChannelImpl.java:249)
        at org.eclipse.jetty.server.ServerConnector.accept(ServerConnector.java:388)
        at org.eclipse.jetty.server.AbstractConnector$Acceptor.run(AbstractConnector.java:702)
        at org.eclipse.jetty.util.thread.QueuedThreadPool.runJob(QueuedThreadPool.java:883)
        at org.eclipse.jetty.util.thread.QueuedThreadPool$Runner.run(QueuedThreadPool.java:1034)
        at java.lang.Thread.run(Thread.java:748)
"PartialTableCache Cleanup Thread - 0" daemon prio=5 tid=963 in Object.wait()
java.lang.Thread.State: WAITING (on object monitor)
        at sun.misc.Unsafe.park(Native Method)
        at java.util.concurrent.locks.LockSupport.park(LockSupport.java:175)
        at java.util.concurrent.locks.AbstractQueuedSynchronizer$ConditionObject.await(AbstractQueuedSynchronizer.java:2039)
        at java.util.concurrent.LinkedBlockingQueue.take(LinkedBlockingQueue.java:442)
        at java.util.concurrent.ThreadPoolExecutor.getTask(ThreadPoolExecutor.java:1074)
        at java.util.concurrent.ThreadPoolExecutor.runWorker(ThreadPoolExecutor.java:1134)
        at java.util.concurrent.ThreadPoolExecutor$Worker.run(ThreadPoolExecutor.java:624)
        at java.lang.Thread.run(Thread.java:748)
"IPC Server handler 11 on default port 37371" daemon prio=5 tid=4865 timed_waiting
java.lang.Thread.State: TIMED_WAITING
        at sun.misc.Unsafe.park(Native Method)
        at java.util.concurrent.locks.LockSupport.parkNanos(LockSupport.java:215)
        at java.util.concurrent.locks.AbstractQueuedSynchronizer$ConditionObject.awaitNanos(AbstractQueuedSynchronizer.java:2078)
        at java.util.concurrent.LinkedBlockingQueue.poll(LinkedBlockingQueue.java:467)
        at org.apache.hadoop.ipc.CallQueueManager.take(CallQueueManager.java:317)
        at org.apache.hadoop.ipc.Server$Handler.run(Server.java:2932)
"IPC Server handler 6 on default port 37371" daemon prio=5 tid=4860 timed_waiting
java.lang.Thread.State: TIMED_WAITING
        at sun.misc.Unsafe.park(Native Method)
        at java.util.concurrent.locks.LockSupport.parkNanos(LockSupport.java:215)
        at java.util.concurrent.locks.AbstractQueuedSynchronizer$ConditionObject.awaitNanos(AbstractQueuedSynchronizer.java:2078)
        at java.util.concurrent.LinkedBlockingQueue.poll(LinkedBlockingQueue.java:467)
        at org.apache.hadoop.ipc.CallQueueManager.take(CallQueueManager.java:317)
        at org.apache.hadoop.ipc.Server$Handler.run(Server.java:2932)
"pool-465-thread-8"  prio=5 tid=5212 in Object.wait()
java.lang.Thread.State: WAITING (on object monitor)
        at sun.misc.Unsafe.park(Native Method)
        at java.util.concurrent.locks.LockSupport.park(LockSupport.java:175)
        at java.util.concurrent.locks.AbstractQueuedSynchronizer$ConditionObject.await(AbstractQueuedSynchronizer.java:2039)
        at java.util.concurrent.LinkedBlockingQueue.take(LinkedBlockingQueue.java:442)
        at java.util.concurrent.ThreadPoolExecutor.getTask(ThreadPoolExecutor.java:1074)
        at java.util.concurrent.ThreadPoolExecutor.runWorker(ThreadPoolExecutor.java:1134)
        at java.util.concurrent.ThreadPoolExecutor$Worker.run(ThreadPoolExecutor.java:624)
        at java.lang.Thread.run(Thread.java:748)
"IPC Server handler 15 on default port 37371" daemon prio=5 tid=4869 timed_waiting
java.lang.Thread.State: TIMED_WAITING
        at sun.misc.Unsafe.park(Native Method)
        at java.util.concurrent.locks.LockSupport.parkNanos(LockSupport.java:215)
        at java.util.concurrent.locks.AbstractQueuedSynchronizer$ConditionObject.awaitNanos(AbstractQueuedSynchronizer.java:2078)
        at java.util.concurrent.LinkedBlockingQueue.poll(LinkedBlockingQueue.java:467)
        at org.apache.hadoop.ipc.CallQueueManager.take(CallQueueManager.java:317)
        at org.apache.hadoop.ipc.Server$Handler.run(Server.java:2932)
"DeleteBlocksCommandHandlerThread-0" daemon prio=5 tid=8468 timed_waiting
java.lang.Thread.State: TIMED_WAITING
        at sun.misc.Unsafe.park(Native Method)
        at java.util.concurrent.locks.LockSupport.parkNanos(LockSupport.java:215)
        at java.util.concurrent.locks.AbstractQueuedSynchronizer$ConditionObject.awaitNanos(AbstractQueuedSynchronizer.java:2078)
        at java.util.concurrent.LinkedBlockingQueue.poll(LinkedBlockingQueue.java:467)
        at java.util.concurrent.ThreadPoolExecutor.getTask(ThreadPoolExecutor.java:1073)
        at java.util.concurrent.ThreadPoolExecutor.runWorker(ThreadPoolExecutor.java:1134)
        at java.util.concurrent.ThreadPoolExecutor$Worker.run(ThreadPoolExecutor.java:624)
        at java.lang.Thread.run(Thread.java:748)
"pool-465-thread-6"  prio=5 tid=5200 in Object.wait()
java.lang.Thread.State: WAITING (on object monitor)
        at sun.misc.Unsafe.park(Native Method)
        at java.util.concurrent.locks.LockSupport.park(LockSupport.java:175)
        at java.util.concurrent.locks.AbstractQueuedSynchronizer$ConditionObject.await(AbstractQueuedSynchronizer.java:2039)
        at java.util.concurrent.LinkedBlockingQueue.take(LinkedBlockingQueue.java:442)
        at java.util.concurrent.ThreadPoolExecutor.getTask(ThreadPoolExecutor.java:1074)
        at java.util.concurrent.ThreadPoolExecutor.runWorker(ThreadPoolExecutor.java:1134)
        at java.util.concurrent.ThreadPoolExecutor$Worker.run(ThreadPoolExecutor.java:624)
        at java.lang.Thread.run(Thread.java:748)
"FullTableCache Cleanup Thread - 0" daemon prio=5 tid=4228 in Object.wait()
java.lang.Thread.State: WAITING (on object monitor)
        at sun.misc.Unsafe.park(Native Method)
        at java.util.concurrent.locks.LockSupport.park(LockSupport.java:175)
        at java.util.concurrent.locks.AbstractQueuedSynchronizer$ConditionObject.await(AbstractQueuedSynchronizer.java:2039)
        at java.util.concurrent.LinkedBlockingQueue.take(LinkedBlockingQueue.java:442)
        at java.util.concurrent.ThreadPoolExecutor.getTask(ThreadPoolExecutor.java:1074)
        at java.util.concurrent.ThreadPoolExecutor.runWorker(ThreadPoolExecutor.java:1134)
        at java.util.concurrent.ThreadPoolExecutor$Worker.run(ThreadPoolExecutor.java:624)
        at java.lang.Thread.run(Thread.java:748)
"EventQueue-NodeRegistrationContainerReportForDataNodeSafeModeRule" daemon prio=5 tid=5104 in Object.wait()
java.lang.Thread.State: WAITING (on object monitor)
        at sun.misc.Unsafe.park(Native Method)
        at java.util.concurrent.locks.LockSupport.park(LockSupport.java:175)
        at java.util.concurrent.locks.AbstractQueuedSynchronizer$ConditionObject.await(AbstractQueuedSynchronizer.java:2039)
        at java.util.concurrent.LinkedBlockingQueue.take(LinkedBlockingQueue.java:442)
        at java.util.concurrent.ThreadPoolExecutor.getTask(ThreadPoolExecutor.java:1074)
        at java.util.concurrent.ThreadPoolExecutor.runWorker(ThreadPoolExecutor.java:1134)
        at java.util.concurrent.ThreadPoolExecutor$Worker.run(ThreadPoolExecutor.java:624)
        at java.lang.Thread.run(Thread.java:748)
"qtp1696189834-4947" daemon prio=5 tid=4947 timed_waiting
java.lang.Thread.State: TIMED_WAITING
        at sun.misc.Unsafe.park(Native Method)
        at java.util.concurrent.locks.LockSupport.parkNanos(LockSupport.java:215)
        at java.util.concurrent.locks.AbstractQueuedSynchronizer$ConditionObject.awaitNanos(AbstractQueuedSynchronizer.java:2078)
        at org.eclipse.jetty.util.BlockingArrayQueue.poll(BlockingArrayQueue.java:382)
        at org.eclipse.jetty.util.thread.QueuedThreadPool$Runner.idleJobPoll(QueuedThreadPool.java:974)
        at org.eclipse.jetty.util.thread.QueuedThreadPool$Runner.run(QueuedThreadPool.java:1018)
        at java.lang.Thread.run(Thread.java:748)
"IPC Server handler 8 on default port 35463" daemon prio=5 tid=4902 timed_waiting
java.lang.Thread.State: TIMED_WAITING
        at sun.misc.Unsafe.park(Native Method)
        at java.util.concurrent.locks.LockSupport.parkNanos(LockSupport.java:215)
        at java.util.concurrent.locks.AbstractQueuedSynchronizer$ConditionObject.awaitNanos(AbstractQueuedSynchronizer.java:2078)
        at java.util.concurrent.LinkedBlockingQueue.poll(LinkedBlockingQueue.java:467)
        at org.apache.hadoop.ipc.CallQueueManager.take(CallQueueManager.java:317)
        at org.apache.hadoop.ipc.Server$Handler.run(Server.java:2932)
"EndpointStateMachine task thread for /0.0.0.0:35463 - 0 "  prio=5 tid=5080 in Object.wait()
java.lang.Thread.State: WAITING (on object monitor)
        at sun.misc.Unsafe.park(Native Method)
        at java.util.concurrent.locks.LockSupport.park(LockSupport.java:175)
        at java.util.concurrent.locks.AbstractQueuedSynchronizer$ConditionObject.await(AbstractQueuedSynchronizer.java:2039)
        at java.util.concurrent.LinkedBlockingQueue.take(LinkedBlockingQueue.java:442)
        at java.util.concurrent.ThreadPoolExecutor.getTask(ThreadPoolExecutor.java:1074)
        at java.util.concurrent.ThreadPoolExecutor.runWorker(ThreadPoolExecutor.java:1134)
        at java.util.concurrent.ThreadPoolExecutor$Worker.run(ThreadPoolExecutor.java:624)
        at java.lang.Thread.run(Thread.java:748)
"om1@group-C5BA1605619E-SegmentedRaftLogWorker"  prio=5 tid=4935 timed_waiting
java.lang.Thread.State: TIMED_WAITING
        at sun.misc.Unsafe.park(Native Method)
        at java.util.concurrent.locks.LockSupport.parkNanos(LockSupport.java:215)
        at java.util.concurrent.locks.AbstractQueuedSynchronizer$ConditionObject.awaitNanos(AbstractQueuedSynchronizer.java:2078)
        at org.apache.ratis.util.DataBlockingQueue.poll(DataBlockingQueue.java:137)
        at org.apache.ratis.server.raftlog.segmented.SegmentedRaftLogWorker.run(SegmentedRaftLogWorker.java:292)
        at org.apache.ratis.server.raftlog.segmented.SegmentedRaftLogWorker$$Lambda$467/964932874.run(Unknown Source)
        at java.lang.Thread.run(Thread.java:748)
"qtp150540715-5009" daemon prio=5 tid=5009 timed_waiting
java.lang.Thread.State: TIMED_WAITING
        at sun.misc.Unsafe.park(Native Method)
        at java.util.concurrent.locks.LockSupport.parkNanos(LockSupport.java:215)
        at java.util.concurrent.locks.AbstractQueuedSynchronizer$ConditionObject.awaitNanos(AbstractQueuedSynchronizer.java:2078)
        at org.eclipse.jetty.util.BlockingArrayQueue.poll(BlockingArrayQueue.java:382)
        at org.eclipse.jetty.util.thread.QueuedThreadPool$Runner.idleJobPoll(QueuedThreadPool.java:974)
        at org.eclipse.jetty.util.thread.QueuedThreadPool$Runner.run(QueuedThreadPool.java:1018)
        at java.lang.Thread.run(Thread.java:748)
"qtp1834632129-4919" daemon prio=5 tid=4919 timed_waiting
java.lang.Thread.State: TIMED_WAITING
        at sun.misc.Unsafe.park(Native Method)
        at java.util.concurrent.locks.LockSupport.parkNanos(LockSupport.java:215)
        at java.util.concurrent.locks.AbstractQueuedSynchronizer$ConditionObject.awaitNanos(AbstractQueuedSynchronizer.java:2078)
        at org.eclipse.jetty.util.BlockingArrayQueue.poll(BlockingArrayQueue.java:382)
        at org.eclipse.jetty.util.thread.QueuedThreadPool$Runner.idleJobPoll(QueuedThreadPool.java:974)
        at org.eclipse.jetty.util.thread.QueuedThreadPool$Runner.run(QueuedThreadPool.java:1018)
        at java.lang.Thread.run(Thread.java:748)
"Timer for 'StorageContainerManager' metrics system" daemon prio=5 tid=4851 timed_waiting
java.lang.Thread.State: TIMED_WAITING
        at java.lang.Object.wait(Native Method)
        at java.util.TimerThread.mainLoop(Timer.java:552)
        at java.util.TimerThread.run(Timer.java:505)
"pool-466-thread-7"  prio=5 tid=5219 in Object.wait()
java.lang.Thread.State: WAITING (on object monitor)
        at sun.misc.Unsafe.park(Native Method)
        at java.util.concurrent.locks.LockSupport.park(LockSupport.java:175)
        at java.util.concurrent.locks.AbstractQueuedSynchronizer$ConditionObject.await(AbstractQueuedSynchronizer.java:2039)
        at java.util.concurrent.LinkedBlockingQueue.take(LinkedBlockingQueue.java:442)
        at java.util.concurrent.ThreadPoolExecutor.getTask(ThreadPoolExecutor.java:1074)
        at java.util.concurrent.ThreadPoolExecutor.runWorker(ThreadPoolExecutor.java:1134)
        at java.util.concurrent.ThreadPoolExecutor$Worker.run(ThreadPoolExecutor.java:624)
        at java.lang.Thread.run(Thread.java:748)
"Datanode ReportManager Thread - 0" daemon prio=5 tid=5042 in Object.wait()
java.lang.Thread.State: WAITING (on object monitor)
        at sun.misc.Unsafe.park(Native Method)
        at java.util.concurrent.locks.LockSupport.park(LockSupport.java:175)
        at java.util.concurrent.locks.AbstractQueuedSynchronizer$ConditionObject.await(AbstractQueuedSynchronizer.java:2039)
        at java.util.concurrent.ScheduledThreadPoolExecutor$DelayedWorkQueue.take(ScheduledThreadPoolExecutor.java:1088)
        at java.util.concurrent.ScheduledThreadPoolExecutor$DelayedWorkQueue.take(ScheduledThreadPoolExecutor.java:809)
        at java.util.concurrent.ThreadPoolExecutor.getTask(ThreadPoolExecutor.java:1074)
        at java.util.concurrent.ThreadPoolExecutor.runWorker(ThreadPoolExecutor.java:1134)
        at java.util.concurrent.ThreadPoolExecutor$Worker.run(ThreadPoolExecutor.java:624)
        at java.lang.Thread.run(Thread.java:748)
"qtp717308094-4984" daemon prio=5 tid=4984 timed_waiting
java.lang.Thread.State: TIMED_WAITING
        at sun.misc.Unsafe.park(Native Method)
        at java.util.concurrent.locks.LockSupport.parkNanos(LockSupport.java:215)
        at java.util.concurrent.locks.AbstractQueuedSynchronizer$ConditionObject.awaitNanos(AbstractQueuedSynchronizer.java:2078)
        at org.eclipse.jetty.util.BlockingArrayQueue.poll(BlockingArrayQueue.java:382)
        at org.eclipse.jetty.util.thread.QueuedThreadPool$Runner.idleJobPoll(QueuedThreadPool.java:974)
        at org.eclipse.jetty.util.thread.QueuedThreadPool$Runner.run(QueuedThreadPool.java:1018)
        at java.lang.Thread.run(Thread.java:748)
"IPC Server handler 5 on default port 37371" daemon prio=5 tid=4859 timed_waiting
java.lang.Thread.State: TIMED_WAITING
        at sun.misc.Unsafe.park(Native Method)
        at java.util.concurrent.locks.LockSupport.parkNanos(LockSupport.java:215)
        at java.util.concurrent.locks.AbstractQueuedSynchronizer$ConditionObject.awaitNanos(AbstractQueuedSynchronizer.java:2078)
        at java.util.concurrent.LinkedBlockingQueue.poll(LinkedBlockingQueue.java:467)
        at org.apache.hadoop.ipc.CallQueueManager.take(CallQueueManager.java:317)
        at org.apache.hadoop.ipc.Server$Handler.run(Server.java:2932)
"pool-466-thread-5"  prio=5 tid=5205 in Object.wait()
java.lang.Thread.State: WAITING (on object monitor)
        at sun.misc.Unsafe.park(Native Method)
        at java.util.concurrent.locks.LockSupport.park(LockSupport.java:175)
        at java.util.concurrent.locks.AbstractQueuedSynchronizer$ConditionObject.await(AbstractQueuedSynchronizer.java:2039)
        at java.util.concurrent.LinkedBlockingQueue.take(LinkedBlockingQueue.java:442)
        at java.util.concurrent.ThreadPoolExecutor.getTask(ThreadPoolExecutor.java:1074)
        at java.util.concurrent.ThreadPoolExecutor.runWorker(ThreadPoolExecutor.java:1134)
        at java.util.concurrent.ThreadPoolExecutor$Worker.run(ThreadPoolExecutor.java:624)
        at java.lang.Thread.run(Thread.java:748)
"qtp717308094-4982" daemon prio=5 tid=4982 timed_waiting
java.lang.Thread.State: TIMED_WAITING
        at sun.misc.Unsafe.park(Native Method)
        at java.util.concurrent.locks.LockSupport.parkNanos(LockSupport.java:215)
        at java.util.concurrent.locks.AbstractQueuedSynchronizer$ConditionObject.awaitNanos(AbstractQueuedSynchronizer.java:2078)
        at org.eclipse.jetty.util.BlockingArrayQueue.poll(BlockingArrayQueue.java:382)
        at org.eclipse.jetty.util.thread.QueuedThreadPool$Runner.idleJobPoll(QueuedThreadPool.java:974)
        at org.eclipse.jetty.util.thread.QueuedThreadPool$Runner.run(QueuedThreadPool.java:1018)
        at java.lang.Thread.run(Thread.java:748)
"qtp1696189834-4950" daemon prio=5 tid=4950 timed_waiting
java.lang.Thread.State: TIMED_WAITING
        at sun.misc.Unsafe.park(Native Method)
        at java.util.concurrent.locks.LockSupport.parkNanos(LockSupport.java:215)
        at java.util.concurrent.locks.AbstractQueuedSynchronizer$ConditionObject.awaitNanos(AbstractQueuedSynchronizer.java:2078)
        at org.eclipse.jetty.util.BlockingArrayQueue.poll(BlockingArrayQueue.java:382)
        at org.eclipse.jetty.util.thread.QueuedThreadPool$Runner.idleJobPoll(QueuedThreadPool.java:974)
        at org.eclipse.jetty.util.thread.QueuedThreadPool$Runner.run(QueuedThreadPool.java:1018)
        at java.lang.Thread.run(Thread.java:748)
"Socket Reader #1 for port 0"  prio=5 tid=4932 runnable
java.lang.Thread.State: RUNNABLE
        at sun.nio.ch.EPollArrayWrapper.epollWait(Native Method)
        at sun.nio.ch.EPollArrayWrapper.poll(EPollArrayWrapper.java:269)
        at sun.nio.ch.EPollSelectorImpl.doSelect(EPollSelectorImpl.java:93)
        at sun.nio.ch.SelectorImpl.lockAndDoSelect(SelectorImpl.java:86)
        at sun.nio.ch.SelectorImpl.select(SelectorImpl.java:97)
        at sun.nio.ch.SelectorImpl.select(SelectorImpl.java:101)
        at org.apache.hadoop.ipc.Server$Listener$Reader.doRunLoop(Server.java:1288)
        at org.apache.hadoop.ipc.Server$Listener$Reader.run(Server.java:1267)
"qtp150540715-5006-acceptor-0@79a9e09b-ServerConnector@22d0b2d0{HTTP/1.1, (http/1.1)}{0.0.0.0:46789}" daemon prio=3 tid=5006 runnable
java.lang.Thread.State: RUNNABLE
        at sun.nio.ch.ServerSocketChannelImpl.accept0(Native Method)
        at sun.nio.ch.ServerSocketChannelImpl.accept(ServerSocketChannelImpl.java:421)
        at sun.nio.ch.ServerSocketChannelImpl.accept(ServerSocketChannelImpl.java:249)
        at org.eclipse.jetty.server.ServerConnector.accept(ServerConnector.java:388)
        at org.eclipse.jetty.server.AbstractConnector$Acceptor.run(AbstractConnector.java:702)
        at org.eclipse.jetty.util.thread.QueuedThreadPool.runJob(QueuedThreadPool.java:883)
        at org.eclipse.jetty.util.thread.QueuedThreadPool$Runner.run(QueuedThreadPool.java:1034)
        at java.lang.Thread.run(Thread.java:748)
"ChunkWriter-3-0" daemon prio=5 tid=5056 in Object.wait()
java.lang.Thread.State: WAITING (on object monitor)
        at sun.misc.Unsafe.park(Native Method)
        at java.util.concurrent.locks.LockSupport.park(LockSupport.java:175)
        at java.util.concurrent.locks.AbstractQueuedSynchronizer$ConditionObject.await(AbstractQueuedSynchronizer.java:2039)
        at java.util.concurrent.LinkedBlockingDeque.takeFirst(LinkedBlockingDeque.java:492)
        at java.util.concurrent.LinkedBlockingDeque.take(LinkedBlockingDeque.java:680)
        at java.util.concurrent.ThreadPoolExecutor.getTask(ThreadPoolExecutor.java:1074)
        at java.util.concurrent.ThreadPoolExecutor.runWorker(ThreadPoolExecutor.java:1134)
        at java.util.concurrent.ThreadPoolExecutor$Worker.run(ThreadPoolExecutor.java:624)
        at java.lang.Thread.run(Thread.java:748)
"qtp150540715-5008" daemon prio=5 tid=5008 timed_waiting
java.lang.Thread.State: TIMED_WAITING
        at sun.misc.Unsafe.park(Native Method)
        at java.util.concurrent.locks.LockSupport.parkNanos(LockSupport.java:215)
        at java.util.concurrent.locks.AbstractQueuedSynchronizer$ConditionObject.awaitNanos(AbstractQueuedSynchronizer.java:2078)
        at org.eclipse.jetty.util.BlockingArrayQueue.poll(BlockingArrayQueue.java:382)
        at org.eclipse.jetty.util.thread.QueuedThreadPool$Runner.idleJobPoll(QueuedThreadPool.java:974)
        at org.eclipse.jetty.util.thread.QueuedThreadPool$Runner.run(QueuedThreadPool.java:1018)
        at java.lang.Thread.run(Thread.java:748)
"qtp150540715-5011" daemon prio=5 tid=5011 timed_waiting
java.lang.Thread.State: TIMED_WAITING
        at sun.misc.Unsafe.park(Native Method)
        at java.util.concurrent.locks.LockSupport.parkNanos(LockSupport.java:215)
        at java.util.concurrent.locks.AbstractQueuedSynchronizer$ConditionObject.awaitNanos(AbstractQueuedSynchronizer.java:2078)
        at org.eclipse.jetty.util.BlockingArrayQueue.poll(BlockingArrayQueue.java:382)
        at org.eclipse.jetty.util.thread.QueuedThreadPool$Runner.idleJobPoll(QueuedThreadPool.java:974)
        at org.eclipse.jetty.util.thread.QueuedThreadPool$Runner.run(QueuedThreadPool.java:1018)
        at java.lang.Thread.run(Thread.java:748)
"org.apache.hadoop.util.JvmPauseMonitor$Monitor@52e2ea7a" daemon prio=5 tid=4915 timed_waiting
java.lang.Thread.State: TIMED_WAITING
        at java.lang.Thread.sleep(Native Method)
        at org.apache.hadoop.util.JvmPauseMonitor$Monitor.run(JvmPauseMonitor.java:192)
        at java.lang.Thread.run(Thread.java:748)
"IPC Server handler 1 on default port 37371" daemon prio=5 tid=4855 timed_waiting
java.lang.Thread.State: TIMED_WAITING
        at sun.misc.Unsafe.park(Native Method)
        at java.util.concurrent.locks.LockSupport.parkNanos(LockSupport.java:215)
        at java.util.concurrent.locks.AbstractQueuedSynchronizer$ConditionObject.awaitNanos(AbstractQueuedSynchronizer.java:2078)
        at java.util.concurrent.LinkedBlockingQueue.poll(LinkedBlockingQueue.java:467)
        at org.apache.hadoop.ipc.CallQueueManager.take(CallQueueManager.java:317)
        at org.apache.hadoop.ipc.Server$Handler.run(Server.java:2932)
"pool-466-thread-2"  prio=5 tid=5180 in Object.wait()
java.lang.Thread.State: WAITING (on object monitor)
        at sun.misc.Unsafe.park(Native Method)
        at java.util.concurrent.locks.LockSupport.park(LockSupport.java:175)
        at java.util.concurrent.locks.AbstractQueuedSynchronizer$ConditionObject.await(AbstractQueuedSynchronizer.java:2039)
        at java.util.concurrent.LinkedBlockingQueue.take(LinkedBlockingQueue.java:442)
        at java.util.concurrent.ThreadPoolExecutor.getTask(ThreadPoolExecutor.java:1074)
        at java.util.concurrent.ThreadPoolExecutor.runWorker(ThreadPoolExecutor.java:1134)
        at java.util.concurrent.ThreadPoolExecutor$Worker.run(ThreadPoolExecutor.java:624)
        at java.lang.Thread.run(Thread.java:748)
"IPC Server handler 14 on default port 43569" daemon prio=5 tid=4966 timed_waiting
java.lang.Thread.State: TIMED_WAITING
        at sun.misc.Unsafe.park(Native Method)
        at java.util.concurrent.locks.LockSupport.parkNanos(LockSupport.java:215)
        at java.util.concurrent.locks.AbstractQueuedSynchronizer$ConditionObject.awaitNanos(AbstractQueuedSynchronizer.java:2078)
        at java.util.concurrent.LinkedBlockingQueue.poll(LinkedBlockingQueue.java:467)
        at org.apache.hadoop.ipc.CallQueueManager.take(CallQueueManager.java:317)
        at org.apache.hadoop.ipc.Server$Handler.run(Server.java:2932)
"IPC Server handler 1 on default port 43167" daemon prio=5 tid=4875 timed_waiting
java.lang.Thread.State: TIMED_WAITING
        at sun.misc.Unsafe.park(Native Method)
        at java.util.concurrent.locks.LockSupport.parkNanos(LockSupport.java:215)
        at java.util.concurrent.locks.AbstractQueuedSynchronizer$ConditionObject.awaitNanos(AbstractQueuedSynchronizer.java:2078)
        at java.util.concurrent.LinkedBlockingQueue.poll(LinkedBlockingQueue.java:467)
        at org.apache.hadoop.ipc.CallQueueManager.take(CallQueueManager.java:317)
        at org.apache.hadoop.ipc.Server$Handler.run(Server.java:2932)
"pool-466-thread-8"  prio=5 tid=5222 in Object.wait()
java.lang.Thread.State: WAITING (on object monitor)
        at sun.misc.Unsafe.park(Native Method)
        at java.util.concurrent.locks.LockSupport.park(LockSupport.java:175)
        at java.util.concurrent.locks.AbstractQueuedSynchronizer$ConditionObject.await(AbstractQueuedSynchronizer.java:2039)
        at java.util.concurrent.LinkedBlockingQueue.take(LinkedBlockingQueue.java:442)
        at java.util.concurrent.ThreadPoolExecutor.getTask(ThreadPoolExecutor.java:1074)
        at java.util.concurrent.ThreadPoolExecutor.runWorker(ThreadPoolExecutor.java:1134)
        at java.util.concurrent.ThreadPoolExecutor$Worker.run(ThreadPoolExecutor.java:624)
        at java.lang.Thread.run(Thread.java:748)
"Datanode ReportManager Thread - 1" daemon prio=5 tid=5043 in Object.wait()
java.lang.Thread.State: WAITING (on object monitor)
        at sun.misc.Unsafe.park(Native Method)
        at java.util.concurrent.locks.LockSupport.park(LockSupport.java:175)
        at java.util.concurrent.locks.AbstractQueuedSynchronizer$ConditionObject.await(AbstractQueuedSynchronizer.java:2039)
        at java.util.concurrent.ScheduledThreadPoolExecutor$DelayedWorkQueue.take(ScheduledThreadPoolExecutor.java:1088)
        at java.util.concurrent.ScheduledThreadPoolExecutor$DelayedWorkQueue.take(ScheduledThreadPoolExecutor.java:809)
        at java.util.concurrent.ThreadPoolExecutor.getTask(ThreadPoolExecutor.java:1074)
        at java.util.concurrent.ThreadPoolExecutor.runWorker(ThreadPoolExecutor.java:1134)
        at java.util.concurrent.ThreadPoolExecutor$Worker.run(ThreadPoolExecutor.java:624)
        at java.lang.Thread.run(Thread.java:748)
"IPC Server handler 17 on default port 35463" daemon prio=5 tid=4911 timed_waiting
java.lang.Thread.State: TIMED_WAITING
        at sun.misc.Unsafe.park(Native Method)
        at java.util.concurrent.locks.LockSupport.parkNanos(LockSupport.java:215)
        at java.util.concurrent.locks.AbstractQueuedSynchronizer$ConditionObject.awaitNanos(AbstractQueuedSynchronizer.java:2078)
        at java.util.concurrent.LinkedBlockingQueue.poll(LinkedBlockingQueue.java:467)
        at org.apache.hadoop.ipc.CallQueueManager.take(CallQueueManager.java:317)
        at org.apache.hadoop.ipc.Server$Handler.run(Server.java:2932)
"Socket Reader #1 for port 0"  prio=5 tid=4848 runnable
java.lang.Thread.State: RUNNABLE
        at sun.nio.ch.EPollArrayWrapper.epollWait(Native Method)
        at sun.nio.ch.EPollArrayWrapper.poll(EPollArrayWrapper.java:269)
        at sun.nio.ch.EPollSelectorImpl.doSelect(EPollSelectorImpl.java:93)
        at sun.nio.ch.SelectorImpl.lockAndDoSelect(SelectorImpl.java:86)
        at sun.nio.ch.SelectorImpl.select(SelectorImpl.java:97)
        at sun.nio.ch.SelectorImpl.select(SelectorImpl.java:101)
        at org.apache.hadoop.ipc.Server$Listener$Reader.doRunLoop(Server.java:1288)
        at org.apache.hadoop.ipc.Server$Listener$Reader.run(Server.java:1267)
"Command processor thread" daemon prio=5 tid=4995 timed_waiting
java.lang.Thread.State: TIMED_WAITING
        at java.lang.Thread.sleep(Native Method)
        at org.apache.hadoop.ozone.container.common.statemachine.DatanodeStateMachine.lambda$initCommandHandlerThread$2(DatanodeStateMachine.java:563)
        at org.apache.hadoop.ozone.container.common.statemachine.DatanodeStateMachine$$Lambda$571/1478083939.run(Unknown Source)
        at java.lang.Thread.run(Thread.java:748)
"ChunkWriter-0-0" daemon prio=5 tid=5082 in Object.wait()
java.lang.Thread.State: WAITING (on object monitor)
        at sun.misc.Unsafe.park(Native Method)
        at java.util.concurrent.locks.LockSupport.park(LockSupport.java:175)
        at java.util.concurrent.locks.AbstractQueuedSynchronizer$ConditionObject.await(AbstractQueuedSynchronizer.java:2039)
        at java.util.concurrent.LinkedBlockingDeque.takeFirst(LinkedBlockingDeque.java:492)
        at java.util.concurrent.LinkedBlockingDeque.take(LinkedBlockingDeque.java:680)
        at java.util.concurrent.ThreadPoolExecutor.getTask(ThreadPoolExecutor.java:1074)
        at java.util.concurrent.ThreadPoolExecutor.runWorker(ThreadPoolExecutor.java:1134)
        at java.util.concurrent.ThreadPoolExecutor$Worker.run(ThreadPoolExecutor.java:624)
        at java.lang.Thread.run(Thread.java:748)
"Reference Handler" daemon prio=10 tid=2 in Object.wait()
java.lang.Thread.State: WAITING (on object monitor)
        at java.lang.Object.wait(Native Method)
        at java.lang.Object.wait(Object.java:502)
        at java.lang.ref.Reference.tryHandlePending(Reference.java:191)
        at java.lang.ref.Reference$ReferenceHandler.run(Reference.java:153)
"grpc-default-executor-7" daemon prio=5 tid=5294 timed_waiting
java.lang.Thread.State: TIMED_WAITING
        at sun.misc.Unsafe.park(Native Method)
        at java.util.concurrent.locks.LockSupport.parkNanos(LockSupport.java:215)
        at java.util.concurrent.SynchronousQueue$TransferStack.awaitFulfill(SynchronousQueue.java:460)
        at java.util.concurrent.SynchronousQueue$TransferStack.transfer(SynchronousQueue.java:362)
        at java.util.concurrent.SynchronousQueue.poll(SynchronousQueue.java:941)
        at java.util.concurrent.ThreadPoolExecutor.getTask(ThreadPoolExecutor.java:1073)
        at java.util.concurrent.ThreadPoolExecutor.runWorker(ThreadPoolExecutor.java:1134)
        at java.util.concurrent.ThreadPoolExecutor$Worker.run(ThreadPoolExecutor.java:624)
        at java.lang.Thread.run(Thread.java:748)
"FullTableCache Cleanup Thread - 0" daemon prio=5 tid=5152 in Object.wait()
java.lang.Thread.State: WAITING (on object monitor)
        at sun.misc.Unsafe.park(Native Method)
        at java.util.concurrent.locks.LockSupport.park(LockSupport.java:175)
        at java.util.concurrent.locks.AbstractQueuedSynchronizer$ConditionObject.await(AbstractQueuedSynchronizer.java:2039)
        at java.util.concurrent.LinkedBlockingQueue.take(LinkedBlockingQueue.java:442)
        at java.util.concurrent.ThreadPoolExecutor.getTask(ThreadPoolExecutor.java:1074)
        at java.util.concurrent.ThreadPoolExecutor.runWorker(ThreadPoolExecutor.java:1134)
        at java.util.concurrent.ThreadPoolExecutor$Worker.run(ThreadPoolExecutor.java:624)
        at java.lang.Thread.run(Thread.java:748)
"ChunkWriter-2-0" daemon prio=5 tid=5084 in Object.wait()
java.lang.Thread.State: WAITING (on object monitor)
        at sun.misc.Unsafe.park(Native Method)
        at java.util.concurrent.locks.LockSupport.park(LockSupport.java:175)
        at java.util.concurrent.locks.AbstractQueuedSynchronizer$ConditionObject.await(AbstractQueuedSynchronizer.java:2039)
        at java.util.concurrent.LinkedBlockingDeque.takeFirst(LinkedBlockingDeque.java:492)
        at java.util.concurrent.LinkedBlockingDeque.take(LinkedBlockingDeque.java:680)
        at java.util.concurrent.ThreadPoolExecutor.getTask(ThreadPoolExecutor.java:1074)
        at java.util.concurrent.ThreadPoolExecutor.runWorker(ThreadPoolExecutor.java:1134)
        at java.util.concurrent.ThreadPoolExecutor$Worker.run(ThreadPoolExecutor.java:624)
        at java.lang.Thread.run(Thread.java:748)
"IPC Server handler 16 on default port 43569" daemon prio=5 tid=4968 timed_waiting
java.lang.Thread.State: TIMED_WAITING
        at sun.misc.Unsafe.park(Native Method)
        at java.util.concurrent.locks.LockSupport.parkNanos(LockSupport.java:215)
        at java.util.concurrent.locks.AbstractQueuedSynchronizer$ConditionObject.awaitNanos(AbstractQueuedSynchronizer.java:2078)
        at java.util.concurrent.LinkedBlockingQueue.poll(LinkedBlockingQueue.java:467)
        at org.apache.hadoop.ipc.CallQueueManager.take(CallQueueManager.java:317)
        at org.apache.hadoop.ipc.Server$Handler.run(Server.java:2932)
"IPC Server handler 12 on default port 37371" daemon prio=5 tid=4866 timed_waiting
java.lang.Thread.State: TIMED_WAITING
        at sun.misc.Unsafe.park(Native Method)
        at java.util.concurrent.locks.LockSupport.parkNanos(LockSupport.java:215)
        at java.util.concurrent.locks.AbstractQueuedSynchronizer$ConditionObject.awaitNanos(AbstractQueuedSynchronizer.java:2078)
        at java.util.concurrent.LinkedBlockingQueue.poll(LinkedBlockingQueue.java:467)
        at org.apache.hadoop.ipc.CallQueueManager.take(CallQueueManager.java:317)
        at org.apache.hadoop.ipc.Server$Handler.run(Server.java:2932)
"qtp652278729-5032" daemon prio=5 tid=5032 runnable
java.lang.Thread.State: RUNNABLE
        at sun.nio.ch.EPollArrayWrapper.epollWait(Native Method)
        at sun.nio.ch.EPollArrayWrapper.poll(EPollArrayWrapper.java:269)
        at sun.nio.ch.EPollSelectorImpl.doSelect(EPollSelectorImpl.java:93)
        at sun.nio.ch.SelectorImpl.lockAndDoSelect(SelectorImpl.java:86)
        at sun.nio.ch.SelectorImpl.select(SelectorImpl.java:97)
        at sun.nio.ch.SelectorImpl.select(SelectorImpl.java:101)
        at org.eclipse.jetty.io.ManagedSelector.nioSelect(ManagedSelector.java:183)
        at org.eclipse.jetty.io.ManagedSelector.select(ManagedSelector.java:190)
        at org.eclipse.jetty.io.ManagedSelector$SelectorProducer.select(ManagedSelector.java:606)
        at org.eclipse.jetty.io.ManagedSelector$SelectorProducer.produce(ManagedSelector.java:543)
        at org.eclipse.jetty.util.thread.strategy.EatWhatYouKill.produceTask(EatWhatYouKill.java:362)
        at org.eclipse.jetty.util.thread.strategy.EatWhatYouKill.doProduce(EatWhatYouKill.java:186)
        at org.eclipse.jetty.util.thread.strategy.EatWhatYouKill.tryProduce(EatWhatYouKill.java:173)
        at org.eclipse.jetty.util.thread.strategy.EatWhatYouKill.produce(EatWhatYouKill.java:137)
        at org.eclipse.jetty.io.ManagedSelector$$Lambda$309/1426420939.run(Unknown Source)
        at org.eclipse.jetty.util.thread.QueuedThreadPool.runJob(QueuedThreadPool.java:883)
        at org.eclipse.jetty.util.thread.QueuedThreadPool$Runner.run(QueuedThreadPool.java:1034)
        at java.lang.Thread.run(Thread.java:748)
"qtp1834632129-4918-acceptor-0@6ff699e8-ServerConnector@77530cf7{HTTP/1.1, (http/1.1)}{0.0.0.0:38235}" daemon prio=3 tid=4918 runnable
java.lang.Thread.State: RUNNABLE
        at sun.nio.ch.ServerSocketChannelImpl.accept0(Native Method)
        at sun.nio.ch.ServerSocketChannelImpl.accept(ServerSocketChannelImpl.java:421)
        at sun.nio.ch.ServerSocketChannelImpl.accept(ServerSocketChannelImpl.java:249)
        at org.eclipse.jetty.server.ServerConnector.accept(ServerConnector.java:388)
        at org.eclipse.jetty.server.AbstractConnector$Acceptor.run(AbstractConnector.java:702)
        at org.eclipse.jetty.util.thread.QueuedThreadPool.runJob(QueuedThreadPool.java:883)
        at org.eclipse.jetty.util.thread.QueuedThreadPool$Runner.run(QueuedThreadPool.java:1034)
        at java.lang.Thread.run(Thread.java:748)
"Datanode State Machine Task Thread - 1"  prio=5 tid=5063 in Object.wait()
java.lang.Thread.State: WAITING (on object monitor)
        at sun.misc.Unsafe.park(Native Method)
        at java.util.concurrent.locks.LockSupport.park(LockSupport.java:175)
        at java.util.concurrent.locks.AbstractQueuedSynchronizer$ConditionObject.await(AbstractQueuedSynchronizer.java:2039)
        at java.util.concurrent.LinkedBlockingQueue.take(LinkedBlockingQueue.java:442)
        at java.util.concurrent.ThreadPoolExecutor.getTask(ThreadPoolExecutor.java:1074)
        at java.util.concurrent.ThreadPoolExecutor.runWorker(ThreadPoolExecutor.java:1134)
        at java.util.concurrent.ThreadPoolExecutor$Worker.run(ThreadPoolExecutor.java:624)
        at java.lang.Thread.run(Thread.java:748)
"pool-450-thread-1" daemon prio=5 tid=5026 timed_waiting
java.lang.Thread.State: TIMED_WAITING
        at sun.misc.Unsafe.park(Native Method)
        at java.util.concurrent.locks.LockSupport.parkNanos(LockSupport.java:215)
        at java.util.concurrent.locks.AbstractQueuedSynchronizer$ConditionObject.awaitNanos(AbstractQueuedSynchronizer.java:2078)
        at java.util.concurrent.ScheduledThreadPoolExecutor$DelayedWorkQueue.take(ScheduledThreadPoolExecutor.java:1093)
        at java.util.concurrent.ScheduledThreadPoolExecutor$DelayedWorkQueue.take(ScheduledThreadPoolExecutor.java:809)
        at java.util.concurrent.ThreadPoolExecutor.getTask(ThreadPoolExecutor.java:1074)
        at java.util.concurrent.ThreadPoolExecutor.runWorker(ThreadPoolExecutor.java:1134)
        at java.util.concurrent.ThreadPoolExecutor$Worker.run(ThreadPoolExecutor.java:624)
        at java.lang.Thread.run(Thread.java:748)
"IPC Server handler 13 on default port 43167" daemon prio=5 tid=4887 timed_waiting
java.lang.Thread.State: TIMED_WAITING
        at sun.misc.Unsafe.park(Native Method)
        at java.util.concurrent.locks.LockSupport.parkNanos(LockSupport.java:215)
        at java.util.concurrent.locks.AbstractQueuedSynchronizer$ConditionObject.awaitNanos(AbstractQueuedSynchronizer.java:2078)
        at java.util.concurrent.LinkedBlockingQueue.poll(LinkedBlockingQueue.java:467)
        at org.apache.hadoop.ipc.CallQueueManager.take(CallQueueManager.java:317)
        at org.apache.hadoop.ipc.Server$Handler.run(Server.java:2932)
"BlockDeletingService#1" daemon prio=5 tid=5072 in Object.wait()
java.lang.Thread.State: WAITING (on object monitor)
        at sun.misc.Unsafe.park(Native Method)
        at java.util.concurrent.locks.LockSupport.park(LockSupport.java:175)
        at java.util.concurrent.locks.AbstractQueuedSynchronizer$ConditionObject.await(AbstractQueuedSynchronizer.java:2039)
        at java.util.concurrent.ScheduledThreadPoolExecutor$DelayedWorkQueue.take(ScheduledThreadPoolExecutor.java:1088)
        at java.util.concurrent.ScheduledThreadPoolExecutor$DelayedWorkQueue.take(ScheduledThreadPoolExecutor.java:809)
        at java.util.concurrent.ThreadPoolExecutor.getTask(ThreadPoolExecutor.java:1074)
        at java.util.concurrent.ThreadPoolExecutor.runWorker(ThreadPoolExecutor.java:1134)
        at java.util.concurrent.ThreadPoolExecutor$Worker.run(ThreadPoolExecutor.java:624)
        at java.lang.Thread.run(Thread.java:748)
"OMDoubleBufferFlushThread" daemon prio=5 tid=4929 timed_waiting
java.lang.Thread.State: TIMED_WAITING
        at java.lang.Object.wait(Native Method)
        at org.apache.hadoop.ozone.om.ratis.OzoneManagerDoubleBuffer.canFlush(OzoneManagerDoubleBuffer.java:509)
        at org.apache.hadoop.ozone.om.ratis.OzoneManagerDoubleBuffer.flushTransactions(OzoneManagerDoubleBuffer.java:241)
        at org.apache.hadoop.ozone.om.ratis.OzoneManagerDoubleBuffer$$Lambda$365/316752188.run(Unknown Source)
        at java.lang.Thread.run(Thread.java:748)
"Timer-2"  prio=5 tid=4940 timed_waiting
java.lang.Thread.State: TIMED_WAITING
        at java.lang.Object.wait(Native Method)
        at java.util.TimerThread.mainLoop(Timer.java:552)
        at java.util.TimerThread.run(Timer.java:505)
"b13dbf35-3f05-4a51-87e4-7670ffffb89b@group-B7C6AD568D3C-StateMachineUpdater" daemon prio=5 tid=5130 in Object.wait()
java.lang.Thread.State: WAITING (on object monitor)
        at java.lang.Object.wait(Native Method)
        at java.lang.Object.wait(Object.java:502)
        at org.apache.ratis.server.impl.StateMachineUpdater.waitForCommit(StateMachineUpdater.java:204)
        at org.apache.ratis.server.impl.StateMachineUpdater.run(StateMachineUpdater.java:173)
        at java.lang.Thread.run(Thread.java:748)
"ad4991cb-97ce-4dd6-b117-42e7f6b0816f@group-B7C6AD568D3C-SegmentedRaftLogWorker"  prio=5 tid=5119 timed_waiting
java.lang.Thread.State: TIMED_WAITING
        at sun.misc.Unsafe.park(Native Method)
        at java.util.concurrent.locks.LockSupport.parkNanos(LockSupport.java:215)
        at java.util.concurrent.locks.AbstractQueuedSynchronizer$ConditionObject.awaitNanos(AbstractQueuedSynchronizer.java:2078)
        at org.apache.ratis.util.DataBlockingQueue.poll(DataBlockingQueue.java:137)
        at org.apache.ratis.server.raftlog.segmented.SegmentedRaftLogWorker.run(SegmentedRaftLogWorker.java:292)
        at org.apache.ratis.server.raftlog.segmented.SegmentedRaftLogWorker$$Lambda$467/964932874.run(Unknown Source)
        at java.lang.Thread.run(Thread.java:748)
"DatanodeAdminManager-0" daemon prio=5 tid=4838 timed_waiting
java.lang.Thread.State: TIMED_WAITING
        at sun.misc.Unsafe.park(Native Method)
        at java.util.concurrent.locks.LockSupport.parkNanos(LockSupport.java:215)
        at java.util.concurrent.locks.AbstractQueuedSynchronizer$ConditionObject.awaitNanos(AbstractQueuedSynchronizer.java:2078)
        at java.util.concurrent.ScheduledThreadPoolExecutor$DelayedWorkQueue.take(ScheduledThreadPoolExecutor.java:1093)
        at java.util.concurrent.ScheduledThreadPoolExecutor$DelayedWorkQueue.take(ScheduledThreadPoolExecutor.java:809)
        at java.util.concurrent.ThreadPoolExecutor.getTask(ThreadPoolExecutor.java:1074)
        at java.util.concurrent.ThreadPoolExecutor.runWorker(ThreadPoolExecutor.java:1134)
        at java.util.concurrent.ThreadPoolExecutor$Worker.run(ThreadPoolExecutor.java:624)
        at java.lang.Thread.run(Thread.java:748)
"pool-466-thread-4"  prio=5 tid=5189 in Object.wait()
java.lang.Thread.State: WAITING (on object monitor)
        at sun.misc.Unsafe.park(Native Method)
        at java.util.concurrent.locks.LockSupport.park(LockSupport.java:175)
        at java.util.concurrent.locks.AbstractQueuedSynchronizer$ConditionObject.await(AbstractQueuedSynchronizer.java:2039)
        at java.util.concurrent.LinkedBlockingQueue.take(LinkedBlockingQueue.java:442)
        at java.util.concurrent.ThreadPoolExecutor.getTask(ThreadPoolExecutor.java:1074)
        at java.util.concurrent.ThreadPoolExecutor.runWorker(ThreadPoolExecutor.java:1134)
        at java.util.concurrent.ThreadPoolExecutor$Worker.run(ThreadPoolExecutor.java:624)
        at java.lang.Thread.run(Thread.java:748)
"BlockDeletingService#2" daemon prio=5 tid=5060 in Object.wait()
java.lang.Thread.State: WAITING (on object monitor)
        at sun.misc.Unsafe.park(Native Method)
        at java.util.concurrent.locks.LockSupport.park(LockSupport.java:175)
        at java.util.concurrent.locks.AbstractQueuedSynchronizer$ConditionObject.await(AbstractQueuedSynchronizer.java:2039)
        at java.util.concurrent.ScheduledThreadPoolExecutor$DelayedWorkQueue.take(ScheduledThreadPoolExecutor.java:1088)
        at java.util.concurrent.ScheduledThreadPoolExecutor$DelayedWorkQueue.take(ScheduledThreadPoolExecutor.java:809)
        at java.util.concurrent.ThreadPoolExecutor.getTask(ThreadPoolExecutor.java:1074)
        at java.util.concurrent.ThreadPoolExecutor.runWorker(ThreadPoolExecutor.java:1134)
        at java.util.concurrent.ThreadPoolExecutor$Worker.run(ThreadPoolExecutor.java:624)
        at java.lang.Thread.run(Thread.java:748)
"grpc-shared-destroyer-0" daemon prio=5 tid=3891 in Object.wait()
java.lang.Thread.State: WAITING (on object monitor)
        at sun.misc.Unsafe.park(Native Method)
        at java.util.concurrent.locks.LockSupport.park(LockSupport.java:175)
        at java.util.concurrent.locks.AbstractQueuedSynchronizer$ConditionObject.await(AbstractQueuedSynchronizer.java:2039)
        at java.util.concurrent.ScheduledThreadPoolExecutor$DelayedWorkQueue.take(ScheduledThreadPoolExecutor.java:1081)
        at java.util.concurrent.ScheduledThreadPoolExecutor$DelayedWorkQueue.take(ScheduledThreadPoolExecutor.java:809)
        at java.util.concurrent.ThreadPoolExecutor.getTask(ThreadPoolExecutor.java:1074)
        at java.util.concurrent.ThreadPoolExecutor.runWorker(ThreadPoolExecutor.java:1134)
        at java.util.concurrent.ThreadPoolExecutor$Worker.run(ThreadPoolExecutor.java:624)
        at java.lang.Thread.run(Thread.java:748)
"IPC Server handler 7 on default port 43569" daemon prio=5 tid=4959 timed_waiting
java.lang.Thread.State: TIMED_WAITING
        at sun.misc.Unsafe.park(Native Method)
        at java.util.concurrent.locks.LockSupport.parkNanos(LockSupport.java:215)
        at java.util.concurrent.locks.AbstractQueuedSynchronizer$ConditionObject.awaitNanos(AbstractQueuedSynchronizer.java:2078)
        at java.util.concurrent.LinkedBlockingQueue.poll(LinkedBlockingQueue.java:467)
        at org.apache.hadoop.ipc.CallQueueManager.take(CallQueueManager.java:317)
        at org.apache.hadoop.ipc.Server$Handler.run(Server.java:2932)
"org.apache.hadoop.ozone.container.common.statemachine.commandhandler.DeleteBlocksCommandHandler$DeleteCmdWorker@643b9a92" daemon prio=5 tid=4978 timed_waiting
java.lang.Thread.State: TIMED_WAITING
        at java.lang.Thread.sleep(Native Method)
        at org.apache.hadoop.ozone.container.common.statemachine.commandhandler.DeleteBlocksCommandHandler$DeleteCmdWorker.run(DeleteBlocksCommandHandler.java:174)
        at java.lang.Thread.run(Thread.java:748)
"IPC Server handler 2 on default port 37371" daemon prio=5 tid=4856 timed_waiting
java.lang.Thread.State: TIMED_WAITING
        at sun.misc.Unsafe.park(Native Method)
        at java.util.concurrent.locks.LockSupport.parkNanos(LockSupport.java:215)
        at java.util.concurrent.locks.AbstractQueuedSynchronizer$ConditionObject.awaitNanos(AbstractQueuedSynchronizer.java:2078)
        at java.util.concurrent.LinkedBlockingQueue.poll(LinkedBlockingQueue.java:467)
        at org.apache.hadoop.ipc.CallQueueManager.take(CallQueueManager.java:317)
        at org.apache.hadoop.ipc.Server$Handler.run(Server.java:2932)
"pool-465-thread-1"  prio=5 tid=5163 in Object.wait()
java.lang.Thread.State: WAITING (on object monitor)
        at sun.misc.Unsafe.park(Native Method)
        at java.util.concurrent.locks.LockSupport.park(LockSupport.java:175)
        at java.util.concurrent.locks.AbstractQueuedSynchronizer$ConditionObject.await(AbstractQueuedSynchronizer.java:2039)
        at java.util.concurrent.LinkedBlockingQueue.take(LinkedBlockingQueue.java:442)
        at java.util.concurrent.ThreadPoolExecutor.getTask(ThreadPoolExecutor.java:1074)
        at java.util.concurrent.ThreadPoolExecutor.runWorker(ThreadPoolExecutor.java:1134)
        at java.util.concurrent.ThreadPoolExecutor$Worker.run(ThreadPoolExecutor.java:624)
        at java.lang.Thread.run(Thread.java:748)
"pool-467-thread-2"  prio=5 tid=5178 in Object.wait()
java.lang.Thread.State: WAITING (on object monitor)
        at sun.misc.Unsafe.park(Native Method)
        at java.util.concurrent.locks.LockSupport.park(LockSupport.java:175)
        at java.util.concurrent.locks.AbstractQueuedSynchronizer$ConditionObject.await(AbstractQueuedSynchronizer.java:2039)
        at java.util.concurrent.LinkedBlockingQueue.take(LinkedBlockingQueue.java:442)
        at java.util.concurrent.ThreadPoolExecutor.getTask(ThreadPoolExecutor.java:1074)
        at java.util.concurrent.ThreadPoolExecutor.runWorker(ThreadPoolExecutor.java:1134)
        at java.util.concurrent.ThreadPoolExecutor$Worker.run(ThreadPoolExecutor.java:624)
        at java.lang.Thread.run(Thread.java:748)
"BlockDeletingService#0" daemon prio=5 tid=5071 in Object.wait()
java.lang.Thread.State: WAITING (on object monitor)
        at sun.misc.Unsafe.park(Native Method)
        at java.util.concurrent.locks.LockSupport.park(LockSupport.java:175)
        at java.util.concurrent.locks.AbstractQueuedSynchronizer$ConditionObject.await(AbstractQueuedSynchronizer.java:2039)
        at java.util.concurrent.ScheduledThreadPoolExecutor$DelayedWorkQueue.take(ScheduledThreadPoolExecutor.java:1088)
        at java.util.concurrent.ScheduledThreadPoolExecutor$DelayedWorkQueue.take(ScheduledThreadPoolExecutor.java:809)
        at java.util.concurrent.ThreadPoolExecutor.getTask(ThreadPoolExecutor.java:1074)
        at java.util.concurrent.ThreadPoolExecutor.runWorker(ThreadPoolExecutor.java:1134)
        at java.util.concurrent.ThreadPoolExecutor$Worker.run(ThreadPoolExecutor.java:624)
        at java.lang.Thread.run(Thread.java:748)
"pool-467-thread-3"  prio=5 tid=5181 in Object.wait()
java.lang.Thread.State: WAITING (on object monitor)
        at sun.misc.Unsafe.park(Native Method)
        at java.util.concurrent.locks.LockSupport.park(LockSupport.java:175)
        at java.util.concurrent.locks.AbstractQueuedSynchronizer$ConditionObject.await(AbstractQueuedSynchronizer.java:2039)
        at java.util.concurrent.LinkedBlockingQueue.take(LinkedBlockingQueue.java:442)
        at java.util.concurrent.ThreadPoolExecutor.getTask(ThreadPoolExecutor.java:1074)
        at java.util.concurrent.ThreadPoolExecutor.runWorker(ThreadPoolExecutor.java:1134)
        at java.util.concurrent.ThreadPoolExecutor$Worker.run(ThreadPoolExecutor.java:624)
        at java.lang.Thread.run(Thread.java:748)
"BlockDeletingService#5" daemon prio=5 tid=5096 in Object.wait()
java.lang.Thread.State: WAITING (on object monitor)
        at sun.misc.Unsafe.park(Native Method)
        at java.util.concurrent.locks.LockSupport.park(LockSupport.java:175)
        at java.util.concurrent.locks.AbstractQueuedSynchronizer$ConditionObject.await(AbstractQueuedSynchronizer.java:2039)
        at java.util.concurrent.ScheduledThreadPoolExecutor$DelayedWorkQueue.take(ScheduledThreadPoolExecutor.java:1088)
        at java.util.concurrent.ScheduledThreadPoolExecutor$DelayedWorkQueue.take(ScheduledThreadPoolExecutor.java:809)
        at java.util.concurrent.ThreadPoolExecutor.getTask(ThreadPoolExecutor.java:1074)
        at java.util.concurrent.ThreadPoolExecutor.runWorker(ThreadPoolExecutor.java:1134)
        at java.util.concurrent.ThreadPoolExecutor$Worker.run(ThreadPoolExecutor.java:624)
        at java.lang.Thread.run(Thread.java:748)
"IPC Server handler 6 on default port 35463" daemon prio=5 tid=4900 timed_waiting
java.lang.Thread.State: TIMED_WAITING
        at sun.misc.Unsafe.park(Native Method)
        at java.util.concurrent.locks.LockSupport.parkNanos(LockSupport.java:215)
        at java.util.concurrent.locks.AbstractQueuedSynchronizer$ConditionObject.awaitNanos(AbstractQueuedSynchronizer.java:2078)
        at java.util.concurrent.LinkedBlockingQueue.poll(LinkedBlockingQueue.java:467)
        at org.apache.hadoop.ipc.CallQueueManager.take(CallQueueManager.java:317)
        at org.apache.hadoop.ipc.Server$Handler.run(Server.java:2932)
"BlockDeletingService#9" daemon prio=5 tid=5081 in Object.wait()
java.lang.Thread.State: WAITING (on object monitor)
        at sun.misc.Unsafe.park(Native Method)
        at java.util.concurrent.locks.LockSupport.park(LockSupport.java:175)
        at java.util.concurrent.locks.AbstractQueuedSynchronizer$ConditionObject.await(AbstractQueuedSynchronizer.java:2039)
        at java.util.concurrent.ScheduledThreadPoolExecutor$DelayedWorkQueue.take(ScheduledThreadPoolExecutor.java:1088)
        at java.util.concurrent.ScheduledThreadPoolExecutor$DelayedWorkQueue.take(ScheduledThreadPoolExecutor.java:809)
        at java.util.concurrent.ThreadPoolExecutor.getTask(ThreadPoolExecutor.java:1074)
        at java.util.concurrent.ThreadPoolExecutor.runWorker(ThreadPoolExecutor.java:1134)
        at java.util.concurrent.ThreadPoolExecutor$Worker.run(ThreadPoolExecutor.java:624)
        at java.lang.Thread.run(Thread.java:748)
"Datanode ReportManager Thread - 1" daemon prio=5 tid=5016 timed_waiting
java.lang.Thread.State: TIMED_WAITING
        at sun.misc.Unsafe.park(Native Method)
        at java.util.concurrent.locks.LockSupport.parkNanos(LockSupport.java:215)
        at java.util.concurrent.locks.AbstractQueuedSynchronizer$ConditionObject.awaitNanos(AbstractQueuedSynchronizer.java:2078)
        at java.util.concurrent.ScheduledThreadPoolExecutor$DelayedWorkQueue.take(ScheduledThreadPoolExecutor.java:1093)
        at java.util.concurrent.ScheduledThreadPoolExecutor$DelayedWorkQueue.take(ScheduledThreadPoolExecutor.java:809)
        at java.util.concurrent.ThreadPoolExecutor.getTask(ThreadPoolExecutor.java:1074)
        at java.util.concurrent.ThreadPoolExecutor.runWorker(ThreadPoolExecutor.java:1134)
        at java.util.concurrent.ThreadPoolExecutor$Worker.run(ThreadPoolExecutor.java:624)
        at java.lang.Thread.run(Thread.java:748)
"qtp150540715-5007" daemon prio=5 tid=5007 timed_waiting
java.lang.Thread.State: TIMED_WAITING
        at sun.misc.Unsafe.park(Native Method)
        at java.util.concurrent.locks.LockSupport.parkNanos(LockSupport.java:215)
        at java.util.concurrent.locks.AbstractQueuedSynchronizer$ConditionObject.awaitNanos(AbstractQueuedSynchronizer.java:2078)
        at org.eclipse.jetty.util.BlockingArrayQueue.poll(BlockingArrayQueue.java:382)
        at org.eclipse.jetty.util.thread.QueuedThreadPool$Runner.idleJobPoll(QueuedThreadPool.java:974)
        at org.eclipse.jetty.util.thread.QueuedThreadPool$Runner.run(QueuedThreadPool.java:1018)
        at java.lang.Thread.run(Thread.java:748)
"surefire-forkedjvm-command-thread" daemon prio=5 tid=9 runnable
java.lang.Thread.State: RUNNABLE
        at java.io.FileInputStream.readBytes(Native Method)
        at java.io.FileInputStream.read(FileInputStream.java:255)
        at java.io.BufferedInputStream.fill(BufferedInputStream.java:246)
        at java.io.BufferedInputStream.read(BufferedInputStream.java:265)
        at java.io.DataInputStream.readInt(DataInputStream.java:387)
        at org.apache.maven.surefire.booter.MasterProcessCommand.decode(MasterProcessCommand.java:115)
        at org.apache.maven.surefire.booter.CommandReader$CommandRunnable.run(CommandReader.java:390)
        at java.lang.Thread.run(Thread.java:748)
"BlockDeletingService#4" daemon prio=5 tid=5079 in Object.wait()
java.lang.Thread.State: WAITING (on object monitor)
        at sun.misc.Unsafe.park(Native Method)
        at java.util.concurrent.locks.LockSupport.park(LockSupport.java:175)
        at java.util.concurrent.locks.AbstractQueuedSynchronizer$ConditionObject.await(AbstractQueuedSynchronizer.java:2039)
        at java.util.concurrent.ScheduledThreadPoolExecutor$DelayedWorkQueue.take(ScheduledThreadPoolExecutor.java:1088)
        at java.util.concurrent.ScheduledThreadPoolExecutor$DelayedWorkQueue.take(ScheduledThreadPoolExecutor.java:809)
        at java.util.concurrent.ThreadPoolExecutor.getTask(ThreadPoolExecutor.java:1074)
        at java.util.concurrent.ThreadPoolExecutor.runWorker(ThreadPoolExecutor.java:1134)
        at java.util.concurrent.ThreadPoolExecutor$Worker.run(ThreadPoolExecutor.java:624)
        at java.lang.Thread.run(Thread.java:748)
"EventQueue-NodeRegistrationContainerReportForContainerSafeModeRule" daemon prio=5 tid=5105 in Object.wait()
java.lang.Thread.State: WAITING (on object monitor)
        at sun.misc.Unsafe.park(Native Method)
        at java.util.concurrent.locks.LockSupport.park(LockSupport.java:175)
        at java.util.concurrent.locks.AbstractQueuedSynchronizer$ConditionObject.await(AbstractQueuedSynchronizer.java:2039)
        at java.util.concurrent.LinkedBlockingQueue.take(LinkedBlockingQueue.java:442)
        at java.util.concurrent.ThreadPoolExecutor.getTask(ThreadPoolExecutor.java:1074)
        at java.util.concurrent.ThreadPoolExecutor.runWorker(ThreadPoolExecutor.java:1134)
        at java.util.concurrent.ThreadPoolExecutor$Worker.run(ThreadPoolExecutor.java:624)
        at java.lang.Thread.run(Thread.java:748)
"BlockDeletingService#6" daemon prio=5 tid=5098 in Object.wait()
java.lang.Thread.State: WAITING (on object monitor)
        at sun.misc.Unsafe.park(Native Method)
        at java.util.concurrent.locks.LockSupport.park(LockSupport.java:175)
        at java.util.concurrent.locks.AbstractQueuedSynchronizer$ConditionObject.await(AbstractQueuedSynchronizer.java:2039)
        at java.util.concurrent.ScheduledThreadPoolExecutor$DelayedWorkQueue.take(ScheduledThreadPoolExecutor.java:1088)
        at java.util.concurrent.ScheduledThreadPoolExecutor$DelayedWorkQueue.take(ScheduledThreadPoolExecutor.java:809)
        at java.util.concurrent.ThreadPoolExecutor.getTask(ThreadPoolExecutor.java:1074)
        at java.util.concurrent.ThreadPoolExecutor.runWorker(ThreadPoolExecutor.java:1134)
        at java.util.concurrent.ThreadPoolExecutor$Worker.run(ThreadPoolExecutor.java:624)
        at java.lang.Thread.run(Thread.java:748)
"Datanode State Machine Thread - 0" daemon prio=5 tid=5014 timed_waiting
java.lang.Thread.State: TIMED_WAITING
        at java.lang.Thread.sleep(Native Method)
        at org.apache.hadoop.ozone.container.common.statemachine.DatanodeStateMachine.start(DatanodeStateMachine.java:285)
        at org.apache.hadoop.ozone.container.common.statemachine.DatanodeStateMachine.lambda$startDaemon$0(DatanodeStateMachine.java:456)
        at org.apache.hadoop.ozone.container.common.statemachine.DatanodeStateMachine$$Lambda$569/1646977722.run(Unknown Source)
        at java.lang.Thread.run(Thread.java:748)
"BlockDeletingService#9" daemon prio=5 tid=5097 in Object.wait()
java.lang.Thread.State: WAITING (on object monitor)
        at sun.misc.Unsafe.park(Native Method)
        at java.util.concurrent.locks.LockSupport.park(LockSupport.java:175)
        at java.util.concurrent.locks.AbstractQueuedSynchronizer$ConditionObject.await(AbstractQueuedSynchronizer.java:2039)
        at java.util.concurrent.ScheduledThreadPoolExecutor$DelayedWorkQueue.take(ScheduledThreadPoolExecutor.java:1088)
        at java.util.concurrent.ScheduledThreadPoolExecutor$DelayedWorkQueue.take(ScheduledThreadPoolExecutor.java:809)
        at java.util.concurrent.ThreadPoolExecutor.getTask(ThreadPoolExecutor.java:1074)
        at java.util.concurrent.ThreadPoolExecutor.runWorker(ThreadPoolExecutor.java:1134)
        at java.util.concurrent.ThreadPoolExecutor$Worker.run(ThreadPoolExecutor.java:624)
        at java.lang.Thread.run(Thread.java:748)
"Datanode State Machine Thread - 0" daemon prio=5 tid=4989 timed_waiting
java.lang.Thread.State: TIMED_WAITING
        at java.lang.Thread.sleep(Native Method)
        at org.apache.hadoop.ozone.container.common.statemachine.DatanodeStateMachine.start(DatanodeStateMachine.java:285)
        at org.apache.hadoop.ozone.container.common.statemachine.DatanodeStateMachine.lambda$startDaemon$0(DatanodeStateMachine.java:456)
        at org.apache.hadoop.ozone.container.common.statemachine.DatanodeStateMachine$$Lambda$569/1646977722.run(Unknown Source)
        at java.lang.Thread.run(Thread.java:748)
"EventQueue-ContainerReportForContainerReportHandler" daemon prio=5 tid=5113 in Object.wait()
java.lang.Thread.State: WAITING (on object monitor)
        at sun.misc.Unsafe.park(Native Method)
        at java.util.concurrent.locks.LockSupport.park(LockSupport.java:175)
        at java.util.concurrent.locks.AbstractQueuedSynchronizer$ConditionObject.await(AbstractQueuedSynchronizer.java:2039)
        at java.util.concurrent.LinkedBlockingQueue.take(LinkedBlockingQueue.java:442)
        at java.util.concurrent.ThreadPoolExecutor.getTask(ThreadPoolExecutor.java:1074)
        at java.util.concurrent.ThreadPoolExecutor.runWorker(ThreadPoolExecutor.java:1134)
        at java.util.concurrent.ThreadPoolExecutor$Worker.run(ThreadPoolExecutor.java:624)
        at java.lang.Thread.run(Thread.java:748)
"IPC Server Responder" daemon prio=5 tid=4934 runnable
java.lang.Thread.State: RUNNABLE
        at sun.nio.ch.EPollArrayWrapper.epollWait(Native Method)
        at sun.nio.ch.EPollArrayWrapper.poll(EPollArrayWrapper.java:269)
        at sun.nio.ch.EPollSelectorImpl.doSelect(EPollSelectorImpl.java:93)
        at sun.nio.ch.SelectorImpl.lockAndDoSelect(SelectorImpl.java:86)
        at sun.nio.ch.SelectorImpl.select(SelectorImpl.java:97)
        at org.apache.hadoop.ipc.Server$Responder.doRunLoop(Server.java:1527)
        at org.apache.hadoop.ipc.Server$Responder.run(Server.java:1510)
"java.util.concurrent.ThreadPoolExecutor$Worker@7bda90d8[State = -1, empty queue]" daemon prio=5 tid=4213 timed_waiting
java.lang.Thread.State: TIMED_WAITING
        at sun.misc.Unsafe.park(Native Method)
        at java.util.concurrent.locks.LockSupport.parkNanos(LockSupport.java:215)
        at java.util.concurrent.locks.AbstractQueuedSynchronizer$ConditionObject.awaitNanos(AbstractQueuedSynchronizer.java:2078)
        at java.util.concurrent.ScheduledThreadPoolExecutor$DelayedWorkQueue.take(ScheduledThreadPoolExecutor.java:1093)
        at java.util.concurrent.ScheduledThreadPoolExecutor$DelayedWorkQueue.take(ScheduledThreadPoolExecutor.java:809)
        at java.util.concurrent.ThreadPoolExecutor.getTask(ThreadPoolExecutor.java:1074)
        at java.util.concurrent.ThreadPoolExecutor.runWorker(ThreadPoolExecutor.java:1134)
        at java.util.concurrent.ThreadPoolExecutor$Worker.run(ThreadPoolExecutor.java:624)
        at java.lang.Thread.run(Thread.java:748)
"Datanode ReportManager Thread - 2" daemon prio=5 tid=4992 timed_waiting
java.lang.Thread.State: TIMED_WAITING
        at sun.misc.Unsafe.park(Native Method)
        at java.util.concurrent.locks.LockSupport.parkNanos(LockSupport.java:215)
        at java.util.concurrent.locks.AbstractQueuedSynchronizer$ConditionObject.awaitNanos(AbstractQueuedSynchronizer.java:2078)
        at java.util.concurrent.ScheduledThreadPoolExecutor$DelayedWorkQueue.take(ScheduledThreadPoolExecutor.java:1093)
        at java.util.concurrent.ScheduledThreadPoolExecutor$DelayedWorkQueue.take(ScheduledThreadPoolExecutor.java:809)
        at java.util.concurrent.ThreadPoolExecutor.getTask(ThreadPoolExecutor.java:1074)
        at java.util.concurrent.ThreadPoolExecutor.runWorker(ThreadPoolExecutor.java:1134)
        at java.util.concurrent.ThreadPoolExecutor$Worker.run(ThreadPoolExecutor.java:624)
        at java.lang.Thread.run(Thread.java:748)
"EventQueue-OpenPipelineForHealthyPipelineSafeModeRule" daemon prio=5 tid=5141 in Object.wait()
java.lang.Thread.State: WAITING (on object monitor)
        at sun.misc.Unsafe.park(Native Method)
        at java.util.concurrent.locks.LockSupport.park(LockSupport.java:175)
        at java.util.concurrent.locks.AbstractQueuedSynchronizer$ConditionObject.await(AbstractQueuedSynchronizer.java:2039)
        at java.util.concurrent.LinkedBlockingQueue.take(LinkedBlockingQueue.java:442)
        at java.util.concurrent.ThreadPoolExecutor.getTask(ThreadPoolExecutor.java:1074)
        at java.util.concurrent.ThreadPoolExecutor.runWorker(ThreadPoolExecutor.java:1134)
        at java.util.concurrent.ThreadPoolExecutor$Worker.run(ThreadPoolExecutor.java:624)
        at java.lang.Thread.run(Thread.java:748)
"Datanode State Machine Task Thread - 0"  prio=5 tid=4997 in Object.wait()
java.lang.Thread.State: WAITING (on object monitor)
        at sun.misc.Unsafe.park(Native Method)
        at java.util.concurrent.locks.LockSupport.park(LockSupport.java:175)
        at java.util.concurrent.locks.AbstractQueuedSynchronizer$ConditionObject.await(AbstractQueuedSynchronizer.java:2039)
        at java.util.concurrent.LinkedBlockingQueue.take(LinkedBlockingQueue.java:442)
        at java.util.concurrent.ThreadPoolExecutor.getTask(ThreadPoolExecutor.java:1074)
        at java.util.concurrent.ThreadPoolExecutor.runWorker(ThreadPoolExecutor.java:1134)
        at java.util.concurrent.ThreadPoolExecutor$Worker.run(ThreadPoolExecutor.java:624)
        at java.lang.Thread.run(Thread.java:748)
"IPC Server handler 16 on default port 43167" daemon prio=5 tid=4890 timed_waiting
java.lang.Thread.State: TIMED_WAITING
        at sun.misc.Unsafe.park(Native Method)
        at java.util.concurrent.locks.LockSupport.parkNanos(LockSupport.java:215)
        at java.util.concurrent.locks.AbstractQueuedSynchronizer$ConditionObject.awaitNanos(AbstractQueuedSynchronizer.java:2078)
        at java.util.concurrent.LinkedBlockingQueue.poll(LinkedBlockingQueue.java:467)
        at org.apache.hadoop.ipc.CallQueueManager.take(CallQueueManager.java:317)
        at org.apache.hadoop.ipc.Server$Handler.run(Server.java:2932)
"IPC Server idle connection scanner for port 43167" daemon prio=5 tid=4845 timed_waiting
java.lang.Thread.State: TIMED_WAITING
        at java.lang.Object.wait(Native Method)
        at java.util.TimerThread.mainLoop(Timer.java:552)
        at java.util.TimerThread.run(Timer.java:505)
"pool-466-thread-10"  prio=5 tid=5247 in Object.wait()
java.lang.Thread.State: WAITING (on object monitor)
        at sun.misc.Unsafe.park(Native Method)
        at java.util.concurrent.locks.LockSupport.park(LockSupport.java:175)
        at java.util.concurrent.locks.AbstractQueuedSynchronizer$ConditionObject.await(AbstractQueuedSynchronizer.java:2039)
        at java.util.concurrent.LinkedBlockingQueue.take(LinkedBlockingQueue.java:442)
        at java.util.concurrent.ThreadPoolExecutor.getTask(ThreadPoolExecutor.java:1074)
        at java.util.concurrent.ThreadPoolExecutor.runWorker(ThreadPoolExecutor.java:1134)
        at java.util.concurrent.ThreadPoolExecutor$Worker.run(ThreadPoolExecutor.java:624)
        at java.lang.Thread.run(Thread.java:748)
"ChunkWriter-1-0" daemon prio=5 tid=5083 in Object.wait()
java.lang.Thread.State: WAITING (on object monitor)
        at sun.misc.Unsafe.park(Native Method)
        at java.util.concurrent.locks.LockSupport.park(LockSupport.java:175)
        at java.util.concurrent.locks.AbstractQueuedSynchronizer$ConditionObject.await(AbstractQueuedSynchronizer.java:2039)
        at java.util.concurrent.LinkedBlockingDeque.takeFirst(LinkedBlockingDeque.java:492)
        at java.util.concurrent.LinkedBlockingDeque.take(LinkedBlockingDeque.java:680)
        at java.util.concurrent.ThreadPoolExecutor.getTask(ThreadPoolExecutor.java:1074)
        at java.util.concurrent.ThreadPoolExecutor.runWorker(ThreadPoolExecutor.java:1134)
        at java.util.concurrent.ThreadPoolExecutor$Worker.run(ThreadPoolExecutor.java:624)
        at java.lang.Thread.run(Thread.java:748)
"IPC Server handler 0 on default port 43569" daemon prio=5 tid=4952 timed_waiting
java.lang.Thread.State: TIMED_WAITING
        at sun.misc.Unsafe.park(Native Method)
        at java.util.concurrent.locks.LockSupport.parkNanos(LockSupport.java:215)
        at java.util.concurrent.locks.AbstractQueuedSynchronizer$ConditionObject.awaitNanos(AbstractQueuedSynchronizer.java:2078)
        at java.util.concurrent.LinkedBlockingQueue.poll(LinkedBlockingQueue.java:467)
        at org.apache.hadoop.ipc.CallQueueManager.take(CallQueueManager.java:317)
        at org.apache.hadoop.ipc.Server$Handler.run(Server.java:2932)
"EndpointStateMachine task thread for /0.0.0.0:43341 - 0 "  prio=5 tid=245 in Object.wait()
java.lang.Thread.State: WAITING (on object monitor)
        at sun.misc.Unsafe.park(Native Method)
        at java.util.concurrent.locks.LockSupport.park(LockSupport.java:175)
        at java.util.concurrent.locks.AbstractQueuedSynchronizer$ConditionObject.await(AbstractQueuedSynchronizer.java:2039)
        at java.util.concurrent.LinkedBlockingQueue.take(LinkedBlockingQueue.java:442)
        at java.util.concurrent.ThreadPoolExecutor.getTask(ThreadPoolExecutor.java:1074)
        at java.util.concurrent.ThreadPoolExecutor.runWorker(ThreadPoolExecutor.java:1134)
        at java.util.concurrent.ThreadPoolExecutor$Worker.run(ThreadPoolExecutor.java:624)
        at java.lang.Thread.run(Thread.java:748)
"IPC Server handler 11 on default port 43167" daemon prio=5 tid=4885 timed_waiting
java.lang.Thread.State: TIMED_WAITING
        at sun.misc.Unsafe.park(Native Method)
        at java.util.concurrent.locks.LockSupport.parkNanos(LockSupport.java:215)
        at java.util.concurrent.locks.AbstractQueuedSynchronizer$ConditionObject.awaitNanos(AbstractQueuedSynchronizer.java:2078)
        at java.util.concurrent.LinkedBlockingQueue.poll(LinkedBlockingQueue.java:467)
        at org.apache.hadoop.ipc.CallQueueManager.take(CallQueueManager.java:317)
        at org.apache.hadoop.ipc.Server$Handler.run(Server.java:2932)
"qtp717308094-4985" daemon prio=5 tid=4985 timed_waiting
java.lang.Thread.State: TIMED_WAITING
        at sun.misc.Unsafe.park(Native Method)
        at java.util.concurrent.locks.LockSupport.parkNanos(LockSupport.java:215)
        at java.util.concurrent.locks.AbstractQueuedSynchronizer$ConditionObject.awaitNanos(AbstractQueuedSynchronizer.java:2078)
        at org.eclipse.jetty.util.BlockingArrayQueue.poll(BlockingArrayQueue.java:382)
        at org.eclipse.jetty.util.thread.QueuedThreadPool$Runner.idleJobPoll(QueuedThreadPool.java:974)
        at org.eclipse.jetty.util.thread.QueuedThreadPool$Runner.run(QueuedThreadPool.java:1018)
        at java.lang.Thread.run(Thread.java:748)
"EventQueue-ContainerReportForContainerReportHandler" daemon prio=5 tid=5114 in Object.wait()
java.lang.Thread.State: WAITING (on object monitor)
        at sun.misc.Unsafe.park(Native Method)
        at java.util.concurrent.locks.LockSupport.park(LockSupport.java:175)
        at java.util.concurrent.locks.AbstractQueuedSynchronizer$ConditionObject.await(AbstractQueuedSynchronizer.java:2039)
        at java.util.concurrent.LinkedBlockingQueue.take(LinkedBlockingQueue.java:442)
        at java.util.concurrent.ThreadPoolExecutor.getTask(ThreadPoolExecutor.java:1074)
        at java.util.concurrent.ThreadPoolExecutor.runWorker(ThreadPoolExecutor.java:1134)
        at java.util.concurrent.ThreadPoolExecutor$Worker.run(ThreadPoolExecutor.java:624)
        at java.lang.Thread.run(Thread.java:748)
"Datanode ReportManager Thread - 3" daemon prio=5 tid=4993 in Object.wait()
java.lang.Thread.State: WAITING (on object monitor)
        at sun.misc.Unsafe.park(Native Method)
        at java.util.concurrent.locks.LockSupport.park(LockSupport.java:175)
        at java.util.concurrent.locks.AbstractQueuedSynchronizer$ConditionObject.await(AbstractQueuedSynchronizer.java:2039)
        at java.util.concurrent.ScheduledThreadPoolExecutor$DelayedWorkQueue.take(ScheduledThreadPoolExecutor.java:1088)
        at java.util.concurrent.ScheduledThreadPoolExecutor$DelayedWorkQueue.take(ScheduledThreadPoolExecutor.java:809)
        at java.util.concurrent.ThreadPoolExecutor.getTask(ThreadPoolExecutor.java:1074)
        at java.util.concurrent.ThreadPoolExecutor.runWorker(ThreadPoolExecutor.java:1134)
        at java.util.concurrent.ThreadPoolExecutor$Worker.run(ThreadPoolExecutor.java:624)
        at java.lang.Thread.run(Thread.java:748)
"Periodic HDDS volume checker" daemon prio=5 tid=4974 timed_waiting
java.lang.Thread.State: TIMED_WAITING
        at sun.misc.Unsafe.park(Native Method)
        at java.util.concurrent.locks.LockSupport.parkNanos(LockSupport.java:215)
        at java.util.concurrent.locks.AbstractQueuedSynchronizer$ConditionObject.awaitNanos(AbstractQueuedSynchronizer.java:2078)
        at java.util.concurrent.ScheduledThreadPoolExecutor$DelayedWorkQueue.take(ScheduledThreadPoolExecutor.java:1093)
        at java.util.concurrent.ScheduledThreadPoolExecutor$DelayedWorkQueue.take(ScheduledThreadPoolExecutor.java:809)
        at java.util.concurrent.ThreadPoolExecutor.getTask(ThreadPoolExecutor.java:1074)
        at java.util.concurrent.ThreadPoolExecutor.runWorker(ThreadPoolExecutor.java:1134)
        at java.util.concurrent.ThreadPoolExecutor$Worker.run(ThreadPoolExecutor.java:624)
        at java.lang.Thread.run(Thread.java:748)
"prometheus" daemon prio=5 tid=4852 in Object.wait()
java.lang.Thread.State: WAITING (on object monitor)
        at java.lang.Object.wait(Native Method)
        at java.lang.Object.wait(Object.java:502)
        at org.apache.hadoop.metrics2.impl.SinkQueue.waitForData(SinkQueue.java:114)
        at org.apache.hadoop.metrics2.impl.SinkQueue.consumeAll(SinkQueue.java:83)
        at org.apache.hadoop.metrics2.impl.MetricsSinkAdapter.publishMetricsFromQueue(MetricsSinkAdapter.java:135)
        at org.apache.hadoop.metrics2.impl.MetricsSinkAdapter$1.run(MetricsSinkAdapter.java:89)
"EndpointStateMachine task thread for /0.0.0.0:36703 - 0 "  prio=5 tid=4109 in Object.wait()
java.lang.Thread.State: WAITING (on object monitor)
        at sun.misc.Unsafe.park(Native Method)
        at java.util.concurrent.locks.LockSupport.park(LockSupport.java:175)
        at java.util.concurrent.locks.AbstractQueuedSynchronizer$ConditionObject.await(AbstractQueuedSynchronizer.java:2039)
        at java.util.concurrent.LinkedBlockingQueue.take(LinkedBlockingQueue.java:442)
        at java.util.concurrent.ThreadPoolExecutor.getTask(ThreadPoolExecutor.java:1074)
        at java.util.concurrent.ThreadPoolExecutor.runWorker(ThreadPoolExecutor.java:1134)
        at java.util.concurrent.ThreadPoolExecutor$Worker.run(ThreadPoolExecutor.java:624)
        at java.lang.Thread.run(Thread.java:748)
"qtp1696189834-4946" daemon prio=5 tid=4946 timed_waiting
java.lang.Thread.State: TIMED_WAITING
        at sun.misc.Unsafe.park(Native Method)
        at java.util.concurrent.locks.LockSupport.parkNanos(LockSupport.java:215)
        at java.util.concurrent.locks.AbstractQueuedSynchronizer$ConditionObject.awaitNanos(AbstractQueuedSynchronizer.java:2078)
        at org.eclipse.jetty.util.BlockingArrayQueue.poll(BlockingArrayQueue.java:382)
        at org.eclipse.jetty.util.thread.QueuedThreadPool$Runner.idleJobPoll(QueuedThreadPool.java:974)
        at org.eclipse.jetty.util.thread.QueuedThreadPool$Runner.run(QueuedThreadPool.java:1018)
        at java.lang.Thread.run(Thread.java:748)
"BlockDeletingService#7" daemon prio=5 tid=5093 runnable
java.lang.Thread.State: RUNNABLE
        at sun.misc.Unsafe.park(Native Method)
        at java.util.concurrent.locks.LockSupport.parkNanos(LockSupport.java:215)
        at java.util.concurrent.locks.AbstractQueuedSynchronizer$ConditionObject.awaitNanos(AbstractQueuedSynchronizer.java:2078)
        at java.util.concurrent.ScheduledThreadPoolExecutor$DelayedWorkQueue.take(ScheduledThreadPoolExecutor.java:1093)
        at java.util.concurrent.ScheduledThreadPoolExecutor$DelayedWorkQueue.take(ScheduledThreadPoolExecutor.java:809)
        at java.util.concurrent.ThreadPoolExecutor.getTask(ThreadPoolExecutor.java:1074)
        at java.util.concurrent.ThreadPoolExecutor.runWorker(ThreadPoolExecutor.java:1134)
        at java.util.concurrent.ThreadPoolExecutor$Worker.run(ThreadPoolExecutor.java:624)
        at java.lang.Thread.run(Thread.java:748)
"pool-467-thread-4"  prio=5 tid=5190 in Object.wait()
java.lang.Thread.State: WAITING (on object monitor)
        at sun.misc.Unsafe.park(Native Method)
        at java.util.concurrent.locks.LockSupport.park(LockSupport.java:175)
        at java.util.concurrent.locks.AbstractQueuedSynchronizer$ConditionObject.await(AbstractQueuedSynchronizer.java:2039)
        at java.util.concurrent.LinkedBlockingQueue.take(LinkedBlockingQueue.java:442)
        at java.util.concurrent.ThreadPoolExecutor.getTask(ThreadPoolExecutor.java:1074)
        at java.util.concurrent.ThreadPoolExecutor.runWorker(ThreadPoolExecutor.java:1134)
        at java.util.concurrent.ThreadPoolExecutor$Worker.run(ThreadPoolExecutor.java:624)
        at java.lang.Thread.run(Thread.java:748)
"01235482-5c07-4b37-86e9-3192ec4df84f@group-B7C6AD568D3C-StateMachineUpdater" daemon prio=5 tid=5124 in Object.wait()
java.lang.Thread.State: WAITING (on object monitor)
        at java.lang.Object.wait(Native Method)
        at java.lang.Object.wait(Object.java:502)
        at org.apache.ratis.server.impl.StateMachineUpdater.waitForCommit(StateMachineUpdater.java:204)
        at org.apache.ratis.server.impl.StateMachineUpdater.run(StateMachineUpdater.java:173)
        at java.lang.Thread.run(Thread.java:748)
"RatisPipelineUtilsThread - 0"  prio=5 tid=4836 timed_waiting
java.lang.Thread.State: TIMED_WAITING
        at java.lang.Object.wait(Native Method)
        at org.apache.hadoop.hdds.scm.pipeline.BackgroundPipelineCreatorV2.run(BackgroundPipelineCreatorV2.java:183)
        at org.apache.hadoop.hdds.scm.pipeline.BackgroundPipelineCreatorV2$$Lambda$236/1600249858.run(Unknown Source)
        at java.lang.Thread.run(Thread.java:748)
"IPC Server handler 18 on default port 35463" daemon prio=5 tid=4912 timed_waiting
java.lang.Thread.State: TIMED_WAITING
        at sun.misc.Unsafe.park(Native Method)
        at java.util.concurrent.locks.LockSupport.parkNanos(LockSupport.java:215)
        at java.util.concurrent.locks.AbstractQueuedSynchronizer$ConditionObject.awaitNanos(AbstractQueuedSynchronizer.java:2078)
        at java.util.concurrent.LinkedBlockingQueue.poll(LinkedBlockingQueue.java:467)
        at org.apache.hadoop.ipc.CallQueueManager.take(CallQueueManager.java:317)
        at org.apache.hadoop.ipc.Server$Handler.run(Server.java:2932)
"BlockDeletingService#3" daemon prio=5 tid=5076 in Object.wait()
java.lang.Thread.State: WAITING (on object monitor)
        at sun.misc.Unsafe.park(Native Method)
        at java.util.concurrent.locks.LockSupport.park(LockSupport.java:175)
        at java.util.concurrent.locks.AbstractQueuedSynchronizer$ConditionObject.await(AbstractQueuedSynchronizer.java:2039)
        at java.util.concurrent.ScheduledThreadPoolExecutor$DelayedWorkQueue.take(ScheduledThreadPoolExecutor.java:1088)
        at java.util.concurrent.ScheduledThreadPoolExecutor$DelayedWorkQueue.take(ScheduledThreadPoolExecutor.java:809)
        at java.util.concurrent.ThreadPoolExecutor.getTask(ThreadPoolExecutor.java:1074)
        at java.util.concurrent.ThreadPoolExecutor.runWorker(ThreadPoolExecutor.java:1134)
        at java.util.concurrent.ThreadPoolExecutor$Worker.run(ThreadPoolExecutor.java:624)
        at java.lang.Thread.run(Thread.java:748)
"qtp652278729-5036" daemon prio=5 tid=5036 timed_waiting
java.lang.Thread.State: TIMED_WAITING
        at sun.misc.Unsafe.park(Native Method)
        at java.util.concurrent.locks.LockSupport.parkNanos(LockSupport.java:215)
        at java.util.concurrent.locks.AbstractQueuedSynchronizer$ConditionObject.awaitNanos(AbstractQueuedSynchronizer.java:2078)
        at org.eclipse.jetty.util.BlockingArrayQueue.poll(BlockingArrayQueue.java:382)
        at org.eclipse.jetty.util.thread.QueuedThreadPool$Runner.idleJobPoll(QueuedThreadPool.java:974)
        at org.eclipse.jetty.util.thread.QueuedThreadPool$Runner.run(QueuedThreadPool.java:1018)
        at java.lang.Thread.run(Thread.java:748)
"EventQueue-DeleteBlockStatusForDeletedBlockLogImpl" daemon prio=5 tid=8310 in Object.wait()
java.lang.Thread.State: WAITING (on object monitor)
        at sun.misc.Unsafe.park(Native Method)
        at java.util.concurrent.locks.LockSupport.park(LockSupport.java:175)
        at java.util.concurrent.locks.AbstractQueuedSynchronizer$ConditionObject.await(AbstractQueuedSynchronizer.java:2039)
        at java.util.concurrent.LinkedBlockingQueue.take(LinkedBlockingQueue.java:442)
        at java.util.concurrent.ThreadPoolExecutor.getTask(ThreadPoolExecutor.java:1074)
        at java.util.concurrent.ThreadPoolExecutor.runWorker(ThreadPoolExecutor.java:1134)
        at java.util.concurrent.ThreadPoolExecutor$Worker.run(ThreadPoolExecutor.java:624)
        at java.lang.Thread.run(Thread.java:748)
"ChunkWriter-0-0" daemon prio=5 tid=5066 in Object.wait()
java.lang.Thread.State: WAITING (on object monitor)
        at sun.misc.Unsafe.park(Native Method)
        at java.util.concurrent.locks.LockSupport.park(LockSupport.java:175)
        at java.util.concurrent.locks.AbstractQueuedSynchronizer$ConditionObject.await(AbstractQueuedSynchronizer.java:2039)
        at java.util.concurrent.LinkedBlockingDeque.takeFirst(LinkedBlockingDeque.java:492)
        at java.util.concurrent.LinkedBlockingDeque.take(LinkedBlockingDeque.java:680)
        at java.util.concurrent.ThreadPoolExecutor.getTask(ThreadPoolExecutor.java:1074)
        at java.util.concurrent.ThreadPoolExecutor.runWorker(ThreadPoolExecutor.java:1134)
        at java.util.concurrent.ThreadPoolExecutor$Worker.run(ThreadPoolExecutor.java:624)
        at java.lang.Thread.run(Thread.java:748)
"qtp1834632129-4924" daemon prio=5 tid=4924 timed_waiting
java.lang.Thread.State: TIMED_WAITING
        at sun.misc.Unsafe.park(Native Method)
        at java.util.concurrent.locks.LockSupport.parkNanos(LockSupport.java:215)
        at java.util.concurrent.locks.AbstractQueuedSynchronizer$ConditionObject.awaitNanos(AbstractQueuedSynchronizer.java:2078)
        at org.eclipse.jetty.util.BlockingArrayQueue.poll(BlockingArrayQueue.java:382)
        at org.eclipse.jetty.util.thread.QueuedThreadPool$Runner.idleJobPoll(QueuedThreadPool.java:974)
        at org.eclipse.jetty.util.thread.QueuedThreadPool$Runner.run(QueuedThreadPool.java:1018)
        at java.lang.Thread.run(Thread.java:748)
"IPC Parameter Sending Thread #1" daemon prio=5 tid=7364 timed_waiting
java.lang.Thread.State: TIMED_WAITING
        at sun.misc.Unsafe.park(Native Method)
        at java.util.concurrent.locks.LockSupport.parkNanos(LockSupport.java:215)
        at java.util.concurrent.SynchronousQueue$TransferStack.awaitFulfill(SynchronousQueue.java:460)
        at java.util.concurrent.SynchronousQueue$TransferStack.transfer(SynchronousQueue.java:362)
        at java.util.concurrent.SynchronousQueue.poll(SynchronousQueue.java:941)
        at java.util.concurrent.ThreadPoolExecutor.getTask(ThreadPoolExecutor.java:1073)
        at java.util.concurrent.ThreadPoolExecutor.runWorker(ThreadPoolExecutor.java:1134)
        at java.util.concurrent.ThreadPoolExecutor$Worker.run(ThreadPoolExecutor.java:624)
        at java.lang.Thread.run(Thread.java:748)
"ChunkWriter-2-0" daemon prio=5 tid=5055 in Object.wait()
java.lang.Thread.State: WAITING (on object monitor)
        at sun.misc.Unsafe.park(Native Method)
        at java.util.concurrent.locks.LockSupport.park(LockSupport.java:175)
        at java.util.concurrent.locks.AbstractQueuedSynchronizer$ConditionObject.await(AbstractQueuedSynchronizer.java:2039)
        at java.util.concurrent.LinkedBlockingDeque.takeFirst(LinkedBlockingDeque.java:492)
        at java.util.concurrent.LinkedBlockingDeque.take(LinkedBlockingDeque.java:680)
        at java.util.concurrent.ThreadPoolExecutor.getTask(ThreadPoolExecutor.java:1074)
        at java.util.concurrent.ThreadPoolExecutor.runWorker(ThreadPoolExecutor.java:1134)
        at java.util.concurrent.ThreadPoolExecutor$Worker.run(ThreadPoolExecutor.java:624)
        at java.lang.Thread.run(Thread.java:748)
"org.apache.ratis.util.JvmPauseMonitor$$Lambda$531/1624044696@2392ebbb" daemon prio=5 tid=4939 timed_waiting
java.lang.Thread.State: TIMED_WAITING
        at java.lang.Thread.sleep(Native Method)
        at java.lang.Thread.sleep(Thread.java:340)
        at java.util.concurrent.TimeUnit.sleep(TimeUnit.java:386)
        at org.apache.ratis.util.TimeDuration.sleep(TimeDuration.java:324)
        at org.apache.ratis.util.TimeDuration.sleep(TimeDuration.java:309)
        at org.apache.ratis.util.JvmPauseMonitor.detectPause(JvmPauseMonitor.java:117)
        at org.apache.ratis.util.JvmPauseMonitor.run(JvmPauseMonitor.java:106)
        at org.apache.ratis.util.JvmPauseMonitor$$Lambda$531/1624044696.run(Unknown Source)
        at java.lang.Thread.run(Thread.java:748)
"Datanode State Machine Task Thread - 0"  prio=5 tid=5049 in Object.wait()
java.lang.Thread.State: WAITING (on object monitor)
        at sun.misc.Unsafe.park(Native Method)
        at java.util.concurrent.locks.LockSupport.park(LockSupport.java:175)
        at java.util.concurrent.locks.AbstractQueuedSynchronizer$ConditionObject.await(AbstractQueuedSynchronizer.java:2039)
        at java.util.concurrent.LinkedBlockingQueue.take(LinkedBlockingQueue.java:442)
        at java.util.concurrent.ThreadPoolExecutor.getTask(ThreadPoolExecutor.java:1074)
        at java.util.concurrent.ThreadPoolExecutor.runWorker(ThreadPoolExecutor.java:1134)
        at java.util.concurrent.ThreadPoolExecutor$Worker.run(ThreadPoolExecutor.java:624)
        at java.lang.Thread.run(Thread.java:748)
"Datanode ReportManager Thread - 2" daemon prio=5 tid=5017 in Object.wait()
java.lang.Thread.State: WAITING (on object monitor)
        at sun.misc.Unsafe.park(Native Method)
        at java.util.concurrent.locks.LockSupport.park(LockSupport.java:175)
        at java.util.concurrent.locks.AbstractQueuedSynchronizer$ConditionObject.await(AbstractQueuedSynchronizer.java:2039)
        at java.util.concurrent.ScheduledThreadPoolExecutor$DelayedWorkQueue.take(ScheduledThreadPoolExecutor.java:1088)
        at java.util.concurrent.ScheduledThreadPoolExecutor$DelayedWorkQueue.take(ScheduledThreadPoolExecutor.java:809)
        at java.util.concurrent.ThreadPoolExecutor.getTask(ThreadPoolExecutor.java:1074)
        at java.util.concurrent.ThreadPoolExecutor.runWorker(ThreadPoolExecutor.java:1134)
        at java.util.concurrent.ThreadPoolExecutor$Worker.run(ThreadPoolExecutor.java:624)
        at java.lang.Thread.run(Thread.java:748)
"EventQueue-CloseContainerForCloseContainerEventHandler"  prio=5 tid=7616 in Object.wait()
java.lang.Thread.State: WAITING (on object monitor)
        at sun.misc.Unsafe.park(Native Method)
        at java.util.concurrent.locks.LockSupport.park(LockSupport.java:175)
        at java.util.concurrent.locks.AbstractQueuedSynchronizer$ConditionObject.await(AbstractQueuedSynchronizer.java:2039)
        at java.util.concurrent.LinkedBlockingQueue.take(LinkedBlockingQueue.java:442)
        at java.util.concurrent.ThreadPoolExecutor.getTask(ThreadPoolExecutor.java:1074)
        at java.util.concurrent.ThreadPoolExecutor.runWorker(ThreadPoolExecutor.java:1134)
        at java.util.concurrent.ThreadPoolExecutor$Worker.run(ThreadPoolExecutor.java:624)
        at java.lang.Thread.run(Thread.java:748)
"IPC Server handler 10 on default port 35463" daemon prio=5 tid=4904 timed_waiting
java.lang.Thread.State: TIMED_WAITING
        at sun.misc.Unsafe.park(Native Method)
        at java.util.concurrent.locks.LockSupport.parkNanos(LockSupport.java:215)
        at java.util.concurrent.locks.AbstractQueuedSynchronizer$ConditionObject.awaitNanos(AbstractQueuedSynchronizer.java:2078)
        at java.util.concurrent.LinkedBlockingQueue.poll(LinkedBlockingQueue.java:467)
        at org.apache.hadoop.ipc.CallQueueManager.take(CallQueueManager.java:317)
        at org.apache.hadoop.ipc.Server$Handler.run(Server.java:2932)
"EndpointStateMachine task thread for /0.0.0.0:36703 - 0 "  prio=5 tid=4122 in Object.wait()
java.lang.Thread.State: WAITING (on object monitor)
        at sun.misc.Unsafe.park(Native Method)
        at java.util.concurrent.locks.LockSupport.park(LockSupport.java:175)
        at java.util.concurrent.locks.AbstractQueuedSynchronizer$ConditionObject.await(AbstractQueuedSynchronizer.java:2039)
        at java.util.concurrent.LinkedBlockingQueue.take(LinkedBlockingQueue.java:442)
        at java.util.concurrent.ThreadPoolExecutor.getTask(ThreadPoolExecutor.java:1074)
        at java.util.concurrent.ThreadPoolExecutor.runWorker(ThreadPoolExecutor.java:1134)
        at java.util.concurrent.ThreadPoolExecutor$Worker.run(ThreadPoolExecutor.java:624)
        at java.lang.Thread.run(Thread.java:748)
"grpc-default-worker-ELG-3-2" daemon prio=5 tid=307 runnable
java.lang.Thread.State: RUNNABLE
        at org.apache.ratis.thirdparty.io.netty.channel.epoll.Native.epollWait(Native Method)
        at org.apache.ratis.thirdparty.io.netty.channel.epoll.Native.epollWait(Native.java:177)
        at org.apache.ratis.thirdparty.io.netty.channel.epoll.Native.epollWait(Native.java:170)
        at org.apache.ratis.thirdparty.io.netty.channel.epoll.EpollEventLoop.epollWaitNoTimerChange(EpollEventLoop.java:290)
        at org.apache.ratis.thirdparty.io.netty.channel.epoll.EpollEventLoop.run(EpollEventLoop.java:347)
        at org.apache.ratis.thirdparty.io.netty.util.concurrent.SingleThreadEventExecutor$4.run(SingleThreadEventExecutor.java:989)
        at org.apache.ratis.thirdparty.io.netty.util.internal.ThreadExecutorMap$2.run(ThreadExecutorMap.java:74)
        at org.apache.ratis.thirdparty.io.netty.util.concurrent.FastThreadLocalRunnable.run(FastThreadLocalRunnable.java:30)
        at java.lang.Thread.run(Thread.java:748)
"IPC Server handler 2 on default port 43167" daemon prio=5 tid=4876 timed_waiting
java.lang.Thread.State: TIMED_WAITING
        at sun.misc.Unsafe.park(Native Method)
        at java.util.concurrent.locks.LockSupport.parkNanos(LockSupport.java:215)
        at java.util.concurrent.locks.AbstractQueuedSynchronizer$ConditionObject.awaitNanos(AbstractQueuedSynchronizer.java:2078)
        at java.util.concurrent.LinkedBlockingQueue.poll(LinkedBlockingQueue.java:467)
        at org.apache.hadoop.ipc.CallQueueManager.take(CallQueueManager.java:317)
        at org.apache.hadoop.ipc.Server$Handler.run(Server.java:2932)
"EventQueue-ContainerReportForContainerReportHandler" daemon prio=5 tid=5108 in Object.wait()
java.lang.Thread.State: WAITING (on object monitor)
        at sun.misc.Unsafe.park(Native Method)
        at java.util.concurrent.locks.LockSupport.park(LockSupport.java:175)
        at java.util.concurrent.locks.AbstractQueuedSynchronizer$ConditionObject.await(AbstractQueuedSynchronizer.java:2039)
        at java.util.concurrent.LinkedBlockingQueue.take(LinkedBlockingQueue.java:442)
        at java.util.concurrent.ThreadPoolExecutor.getTask(ThreadPoolExecutor.java:1074)
        at java.util.concurrent.ThreadPoolExecutor.runWorker(ThreadPoolExecutor.java:1134)
        at java.util.concurrent.ThreadPoolExecutor$Worker.run(ThreadPoolExecutor.java:624)
        at java.lang.Thread.run(Thread.java:748)
"pool-467-thread-7"  prio=5 tid=5221 in Object.wait()
java.lang.Thread.State: WAITING (on object monitor)
        at sun.misc.Unsafe.park(Native Method)
        at java.util.concurrent.locks.LockSupport.park(LockSupport.java:175)
        at java.util.concurrent.locks.AbstractQueuedSynchronizer$ConditionObject.await(AbstractQueuedSynchronizer.java:2039)
        at java.util.concurrent.LinkedBlockingQueue.take(LinkedBlockingQueue.java:442)
        at java.util.concurrent.ThreadPoolExecutor.getTask(ThreadPoolExecutor.java:1074)
        at java.util.concurrent.ThreadPoolExecutor.runWorker(ThreadPoolExecutor.java:1134)
        at java.util.concurrent.ThreadPoolExecutor$Worker.run(ThreadPoolExecutor.java:624)
        at java.lang.Thread.run(Thread.java:748)
"grpc-default-boss-ELG-5-1" daemon prio=5 tid=4938 runnable
java.lang.Thread.State: RUNNABLE
        at org.apache.ratis.thirdparty.io.netty.channel.epoll.Native.epollWait(Native Method)
        at org.apache.ratis.thirdparty.io.netty.channel.epoll.Native.epollWait(Native.java:177)
        at org.apache.ratis.thirdparty.io.netty.channel.epoll.Native.epollWait(Native.java:170)
        at org.apache.ratis.thirdparty.io.netty.channel.epoll.EpollEventLoop.epollWaitNoTimerChange(EpollEventLoop.java:290)
        at org.apache.ratis.thirdparty.io.netty.channel.epoll.EpollEventLoop.run(EpollEventLoop.java:347)
        at org.apache.ratis.thirdparty.io.netty.util.concurrent.SingleThreadEventExecutor$4.run(SingleThreadEventExecutor.java:989)
        at org.apache.ratis.thirdparty.io.netty.util.internal.ThreadExecutorMap$2.run(ThreadExecutorMap.java:74)
        at org.apache.ratis.thirdparty.io.netty.util.concurrent.FastThreadLocalRunnable.run(FastThreadLocalRunnable.java:30)
        at java.lang.Thread.run(Thread.java:748)
"ForkJoinPool.commonPool-worker-1" daemon prio=5 tid=5187 timed_waiting
java.lang.Thread.State: TIMED_WAITING
        at sun.misc.Unsafe.park(Native Method)
        at java.util.concurrent.ForkJoinPool.awaitWork(ForkJoinPool.java:1824)
        at java.util.concurrent.ForkJoinPool.runWorker(ForkJoinPool.java:1693)
        at java.util.concurrent.ForkJoinWorkerThread.run(ForkJoinWorkerThread.java:175)
"EndpointStateMachine task thread for /0.0.0.0:36703 - 0 "  prio=5 tid=4736 in Object.wait()
java.lang.Thread.State: WAITING (on object monitor)
        at sun.misc.Unsafe.park(Native Method)
        at java.util.concurrent.locks.LockSupport.park(LockSupport.java:175)
        at java.util.concurrent.locks.AbstractQueuedSynchronizer$ConditionObject.await(AbstractQueuedSynchronizer.java:2039)
        at java.util.concurrent.LinkedBlockingQueue.take(LinkedBlockingQueue.java:442)
        at java.util.concurrent.ThreadPoolExecutor.getTask(ThreadPoolExecutor.java:1074)
        at java.util.concurrent.ThreadPoolExecutor.runWorker(ThreadPoolExecutor.java:1134)
        at java.util.concurrent.ThreadPoolExecutor$Worker.run(ThreadPoolExecutor.java:624)
        at java.lang.Thread.run(Thread.java:748)
"Session-HouseKeeper-21ce7fca-1"  prio=5 tid=4951 timed_waiting
java.lang.Thread.State: TIMED_WAITING
        at sun.misc.Unsafe.park(Native Method)
        at java.util.concurrent.locks.LockSupport.parkNanos(LockSupport.java:215)
        at java.util.concurrent.locks.AbstractQueuedSynchronizer$ConditionObject.awaitNanos(AbstractQueuedSynchronizer.java:2078)
        at java.util.concurrent.ScheduledThreadPoolExecutor$DelayedWorkQueue.take(ScheduledThreadPoolExecutor.java:1093)
        at java.util.concurrent.ScheduledThreadPoolExecutor$DelayedWorkQueue.take(ScheduledThreadPoolExecutor.java:809)
        at java.util.concurrent.ThreadPoolExecutor.getTask(ThreadPoolExecutor.java:1074)
        at java.util.concurrent.ThreadPoolExecutor.runWorker(ThreadPoolExecutor.java:1134)
        at java.util.concurrent.ThreadPoolExecutor$Worker.run(ThreadPoolExecutor.java:624)
        at java.lang.Thread.run(Thread.java:748)
"EventQueue-ContainerReportForContainerReportHandler" daemon prio=5 tid=5117 in Object.wait()
java.lang.Thread.State: WAITING (on object monitor)
        at sun.misc.Unsafe.park(Native Method)
        at java.util.concurrent.locks.LockSupport.park(LockSupport.java:175)
        at java.util.concurrent.locks.AbstractQueuedSynchronizer$ConditionObject.await(AbstractQueuedSynchronizer.java:2039)
        at java.util.concurrent.LinkedBlockingQueue.take(LinkedBlockingQueue.java:442)
        at java.util.concurrent.ThreadPoolExecutor.getTask(ThreadPoolExecutor.java:1074)
        at java.util.concurrent.ThreadPoolExecutor.runWorker(ThreadPoolExecutor.java:1134)
        at java.util.concurrent.ThreadPoolExecutor$Worker.run(ThreadPoolExecutor.java:624)
        at java.lang.Thread.run(Thread.java:748)
"pool-465-thread-3"  prio=5 tid=5184 in Object.wait()
java.lang.Thread.State: WAITING (on object monitor)
        at sun.misc.Unsafe.park(Native Method)
        at java.util.concurrent.locks.LockSupport.park(LockSupport.java:175)
        at java.util.concurrent.locks.AbstractQueuedSynchronizer$ConditionObject.await(AbstractQueuedSynchronizer.java:2039)
        at java.util.concurrent.LinkedBlockingQueue.take(LinkedBlockingQueue.java:442)
        at java.util.concurrent.ThreadPoolExecutor.getTask(ThreadPoolExecutor.java:1074)
        at java.util.concurrent.ThreadPoolExecutor.runWorker(ThreadPoolExecutor.java:1134)
        at java.util.concurrent.ThreadPoolExecutor$Worker.run(ThreadPoolExecutor.java:624)
        at java.lang.Thread.run(Thread.java:748)
"grpc-default-executor-1" daemon prio=5 tid=312 timed_waiting
java.lang.Thread.State: TIMED_WAITING
        at sun.misc.Unsafe.park(Native Method)
        at java.util.concurrent.locks.LockSupport.parkNanos(LockSupport.java:215)
        at java.util.concurrent.SynchronousQueue$TransferStack.awaitFulfill(SynchronousQueue.java:460)
        at java.util.concurrent.SynchronousQueue$TransferStack.transfer(SynchronousQueue.java:362)
        at java.util.concurrent.SynchronousQueue.poll(SynchronousQueue.java:941)
        at java.util.concurrent.ThreadPoolExecutor.getTask(ThreadPoolExecutor.java:1073)
        at java.util.concurrent.ThreadPoolExecutor.runWorker(ThreadPoolExecutor.java:1134)
        at java.util.concurrent.ThreadPoolExecutor$Worker.run(ThreadPoolExecutor.java:624)
        at java.lang.Thread.run(Thread.java:748)
"IPC Server handler 2 on default port 35463" daemon prio=5 tid=4896 timed_waiting
java.lang.Thread.State: TIMED_WAITING
        at sun.misc.Unsafe.park(Native Method)
        at java.util.concurrent.locks.LockSupport.parkNanos(LockSupport.java:215)
        at java.util.concurrent.locks.AbstractQueuedSynchronizer$ConditionObject.awaitNanos(AbstractQueuedSynchronizer.java:2078)
        at java.util.concurrent.LinkedBlockingQueue.poll(LinkedBlockingQueue.java:467)
        at org.apache.hadoop.ipc.CallQueueManager.take(CallQueueManager.java:317)
        at org.apache.hadoop.ipc.Server$Handler.run(Server.java:2932)
"IPC Server handler 11 on default port 43569" daemon prio=5 tid=4963 timed_waiting
java.lang.Thread.State: TIMED_WAITING
        at sun.misc.Unsafe.park(Native Method)
        at java.util.concurrent.locks.LockSupport.parkNanos(LockSupport.java:215)
        at java.util.concurrent.locks.AbstractQueuedSynchronizer$ConditionObject.awaitNanos(AbstractQueuedSynchronizer.java:2078)
        at java.util.concurrent.LinkedBlockingQueue.poll(LinkedBlockingQueue.java:467)
        at org.apache.hadoop.ipc.CallQueueManager.take(CallQueueManager.java:317)
        at org.apache.hadoop.ipc.Server$Handler.run(Server.java:2932)
"Periodic HDDS volume checker" daemon prio=5 tid=4999 timed_waiting
java.lang.Thread.State: TIMED_WAITING
        at sun.misc.Unsafe.park(Native Method)
        at java.util.concurrent.locks.LockSupport.parkNanos(LockSupport.java:215)
        at java.util.concurrent.locks.AbstractQueuedSynchronizer$ConditionObject.awaitNanos(AbstractQueuedSynchronizer.java:2078)
        at java.util.concurrent.ScheduledThreadPoolExecutor$DelayedWorkQueue.take(ScheduledThreadPoolExecutor.java:1093)
        at java.util.concurrent.ScheduledThreadPoolExecutor$DelayedWorkQueue.take(ScheduledThreadPoolExecutor.java:809)
        at java.util.concurrent.ThreadPoolExecutor.getTask(ThreadPoolExecutor.java:1074)
        at java.util.concurrent.ThreadPoolExecutor.runWorker(ThreadPoolExecutor.java:1134)
        at java.util.concurrent.ThreadPoolExecutor$Worker.run(ThreadPoolExecutor.java:624)
        at java.lang.Thread.run(Thread.java:748)
"ChunkWriter-2-0" daemon prio=5 tid=5068 in Object.wait()
java.lang.Thread.State: WAITING (on object monitor)
        at sun.misc.Unsafe.park(Native Method)
        at java.util.concurrent.locks.LockSupport.park(LockSupport.java:175)
        at java.util.concurrent.locks.AbstractQueuedSynchronizer$ConditionObject.await(AbstractQueuedSynchronizer.java:2039)
        at java.util.concurrent.LinkedBlockingDeque.takeFirst(LinkedBlockingDeque.java:492)
        at java.util.concurrent.LinkedBlockingDeque.take(LinkedBlockingDeque.java:680)
        at java.util.concurrent.ThreadPoolExecutor.getTask(ThreadPoolExecutor.java:1074)
        at java.util.concurrent.ThreadPoolExecutor.runWorker(ThreadPoolExecutor.java:1134)
        at java.util.concurrent.ThreadPoolExecutor$Worker.run(ThreadPoolExecutor.java:624)
        at java.lang.Thread.run(Thread.java:748)
"qtp1834632129-4923" daemon prio=5 tid=4923 timed_waiting
java.lang.Thread.State: TIMED_WAITING
        at sun.misc.Unsafe.park(Native Method)
        at java.util.concurrent.locks.LockSupport.parkNanos(LockSupport.java:215)
        at java.util.concurrent.locks.AbstractQueuedSynchronizer$ConditionObject.awaitNanos(AbstractQueuedSynchronizer.java:2078)
        at org.eclipse.jetty.util.BlockingArrayQueue.poll(BlockingArrayQueue.java:382)
        at org.eclipse.jetty.util.thread.QueuedThreadPool$Runner.idleJobPoll(QueuedThreadPool.java:974)
        at org.eclipse.jetty.util.thread.QueuedThreadPool$Runner.run(QueuedThreadPool.java:1018)
        at java.lang.Thread.run(Thread.java:748)
"org.apache.hadoop.ozone.container.common.statemachine.commandhandler.DeleteBlocksCommandHandler$DeleteCmdWorker@591f5945" daemon prio=5 tid=186 runnable
java.lang.Thread.State: RUNNABLE
        at java.lang.Thread.sleep(Native Method)
        at org.apache.hadoop.ozone.container.common.statemachine.commandhandler.DeleteBlocksCommandHandler$DeleteCmdWorker.run(DeleteBlocksCommandHandler.java:174)
        at java.lang.Thread.run(Thread.java:748)
"Datanode ReportManager Thread - 1" daemon prio=5 tid=4991 in Object.wait()
java.lang.Thread.State: WAITING (on object monitor)
        at sun.misc.Unsafe.park(Native Method)
        at java.util.concurrent.locks.LockSupport.park(LockSupport.java:175)
        at java.util.concurrent.locks.AbstractQueuedSynchronizer$ConditionObject.await(AbstractQueuedSynchronizer.java:2039)
        at java.util.concurrent.ScheduledThreadPoolExecutor$DelayedWorkQueue.take(ScheduledThreadPoolExecutor.java:1088)
        at java.util.concurrent.ScheduledThreadPoolExecutor$DelayedWorkQueue.take(ScheduledThreadPoolExecutor.java:809)
        at java.util.concurrent.ThreadPoolExecutor.getTask(ThreadPoolExecutor.java:1074)
        at java.util.concurrent.ThreadPoolExecutor.runWorker(ThreadPoolExecutor.java:1134)
        at java.util.concurrent.ThreadPoolExecutor$Worker.run(ThreadPoolExecutor.java:624)
        at java.lang.Thread.run(Thread.java:748)
"qtp1834632129-4922" daemon prio=5 tid=4922 timed_waiting
java.lang.Thread.State: TIMED_WAITING
        at sun.misc.Unsafe.park(Native Method)
        at java.util.concurrent.locks.LockSupport.parkNanos(LockSupport.java:215)
        at java.util.concurrent.locks.AbstractQueuedSynchronizer$ConditionObject.awaitNanos(AbstractQueuedSynchronizer.java:2078)
        at org.eclipse.jetty.util.BlockingArrayQueue.poll(BlockingArrayQueue.java:382)
        at org.eclipse.jetty.util.thread.QueuedThreadPool$Runner.idleJobPoll(QueuedThreadPool.java:974)
        at org.eclipse.jetty.util.thread.QueuedThreadPool$Runner.run(QueuedThreadPool.java:1018)
        at java.lang.Thread.run(Thread.java:748)
"PartialTableCache Cleanup Thread - 0" daemon prio=5 tid=345 in Object.wait()
java.lang.Thread.State: WAITING (on object monitor)
        at sun.misc.Unsafe.park(Native Method)
        at java.util.concurrent.locks.LockSupport.park(LockSupport.java:175)
        at java.util.concurrent.locks.AbstractQueuedSynchronizer$ConditionObject.await(AbstractQueuedSynchronizer.java:2039)
        at java.util.concurrent.LinkedBlockingQueue.take(LinkedBlockingQueue.java:442)
        at java.util.concurrent.ThreadPoolExecutor.getTask(ThreadPoolExecutor.java:1074)
        at java.util.concurrent.ThreadPoolExecutor.runWorker(ThreadPoolExecutor.java:1134)
        at java.util.concurrent.ThreadPoolExecutor$Worker.run(ThreadPoolExecutor.java:624)
        at java.lang.Thread.run(Thread.java:748)
"Finalizer" daemon prio=8 tid=3 in Object.wait()
java.lang.Thread.State: WAITING (on object monitor)
        at java.lang.Object.wait(Native Method)
        at java.lang.ref.ReferenceQueue.remove(ReferenceQueue.java:144)
        at java.lang.ref.ReferenceQueue.remove(ReferenceQueue.java:165)
        at java.lang.ref.Finalizer$FinalizerThread.run(Finalizer.java:216)
"IPC Server handler 9 on default port 43569" daemon prio=5 tid=4961 timed_waiting
java.lang.Thread.State: TIMED_WAITING
        at sun.misc.Unsafe.park(Native Method)
        at java.util.concurrent.locks.LockSupport.parkNanos(LockSupport.java:215)
        at java.util.concurrent.locks.AbstractQueuedSynchronizer$ConditionObject.awaitNanos(AbstractQueuedSynchronizer.java:2078)
        at java.util.concurrent.LinkedBlockingQueue.poll(LinkedBlockingQueue.java:467)
        at org.apache.hadoop.ipc.CallQueueManager.take(CallQueueManager.java:317)
        at org.apache.hadoop.ipc.Server$Handler.run(Server.java:2932)
"IPC Server handler 18 on default port 43569" daemon prio=5 tid=4970 timed_waiting
java.lang.Thread.State: TIMED_WAITING
        at sun.misc.Unsafe.park(Native Method)
        at java.util.concurrent.locks.LockSupport.parkNanos(LockSupport.java:215)
        at java.util.concurrent.locks.AbstractQueuedSynchronizer$ConditionObject.awaitNanos(AbstractQueuedSynchronizer.java:2078)
        at java.util.concurrent.LinkedBlockingQueue.poll(LinkedBlockingQueue.java:467)
        at org.apache.hadoop.ipc.CallQueueManager.take(CallQueueManager.java:317)
        at org.apache.hadoop.ipc.Server$Handler.run(Server.java:2932)
"BlockDeletingService#8" daemon prio=5 tid=5077 in Object.wait()
java.lang.Thread.State: WAITING (on object monitor)
        at sun.misc.Unsafe.park(Native Method)
        at java.util.concurrent.locks.LockSupport.park(LockSupport.java:175)
        at java.util.concurrent.locks.AbstractQueuedSynchronizer$ConditionObject.await(AbstractQueuedSynchronizer.java:2039)
        at java.util.concurrent.ScheduledThreadPoolExecutor$DelayedWorkQueue.take(ScheduledThreadPoolExecutor.java:1088)
        at java.util.concurrent.ScheduledThreadPoolExecutor$DelayedWorkQueue.take(ScheduledThreadPoolExecutor.java:809)
        at java.util.concurrent.ThreadPoolExecutor.getTask(ThreadPoolExecutor.java:1074)
        at java.util.concurrent.ThreadPoolExecutor.runWorker(ThreadPoolExecutor.java:1134)
        at java.util.concurrent.ThreadPoolExecutor$Worker.run(ThreadPoolExecutor.java:624)
        at java.lang.Thread.run(Thread.java:748)
"KeyDeletingService#0" daemon prio=5 tid=4941 timed_waiting
java.lang.Thread.State: TIMED_WAITING
        at sun.misc.Unsafe.park(Native Method)
        at java.util.concurrent.locks.LockSupport.parkNanos(LockSupport.java:215)
        at java.util.concurrent.locks.AbstractQueuedSynchronizer$ConditionObject.awaitNanos(AbstractQueuedSynchronizer.java:2078)
        at java.util.concurrent.ScheduledThreadPoolExecutor$DelayedWorkQueue.take(ScheduledThreadPoolExecutor.java:1093)
        at java.util.concurrent.ScheduledThreadPoolExecutor$DelayedWorkQueue.take(ScheduledThreadPoolExecutor.java:809)
        at java.util.concurrent.ThreadPoolExecutor.getTask(ThreadPoolExecutor.java:1074)
        at java.util.concurrent.ThreadPoolExecutor.runWorker(ThreadPoolExecutor.java:1134)
        at java.util.concurrent.ThreadPoolExecutor$Worker.run(ThreadPoolExecutor.java:624)
        at java.lang.Thread.run(Thread.java:748)
"IPC Server handler 13 on default port 35463" daemon prio=5 tid=4907 timed_waiting
java.lang.Thread.State: TIMED_WAITING
        at sun.misc.Unsafe.park(Native Method)
        at java.util.concurrent.locks.LockSupport.parkNanos(LockSupport.java:215)
        at java.util.concurrent.locks.AbstractQueuedSynchronizer$ConditionObject.awaitNanos(AbstractQueuedSynchronizer.java:2078)
        at java.util.concurrent.LinkedBlockingQueue.poll(LinkedBlockingQueue.java:467)
        at org.apache.hadoop.ipc.CallQueueManager.take(CallQueueManager.java:317)
        at org.apache.hadoop.ipc.Server$Handler.run(Server.java:2932)
"Datanode ReportManager Thread - 3" daemon prio=5 tid=5045 in Object.wait()
java.lang.Thread.State: WAITING (on object monitor)
        at sun.misc.Unsafe.park(Native Method)
        at java.util.concurrent.locks.LockSupport.park(LockSupport.java:175)
        at java.util.concurrent.locks.AbstractQueuedSynchronizer$ConditionObject.await(AbstractQueuedSynchronizer.java:2039)
        at java.util.concurrent.ScheduledThreadPoolExecutor$DelayedWorkQueue.take(ScheduledThreadPoolExecutor.java:1088)
        at java.util.concurrent.ScheduledThreadPoolExecutor$DelayedWorkQueue.take(ScheduledThreadPoolExecutor.java:809)
        at java.util.concurrent.ThreadPoolExecutor.getTask(ThreadPoolExecutor.java:1074)
        at java.util.concurrent.ThreadPoolExecutor.runWorker(ThreadPoolExecutor.java:1134)
        at java.util.concurrent.ThreadPoolExecutor$Worker.run(ThreadPoolExecutor.java:624)
        at java.lang.Thread.run(Thread.java:748)
"qtp652278729-5038" daemon prio=5 tid=5038 timed_waiting
java.lang.Thread.State: TIMED_WAITING
        at sun.misc.Unsafe.park(Native Method)
        at java.util.concurrent.locks.LockSupport.parkNanos(LockSupport.java:215)
        at java.util.concurrent.locks.AbstractQueuedSynchronizer$ConditionObject.awaitNanos(AbstractQueuedSynchronizer.java:2078)
        at org.eclipse.jetty.util.BlockingArrayQueue.poll(BlockingArrayQueue.java:382)
        at org.eclipse.jetty.util.thread.QueuedThreadPool$Runner.idleJobPoll(QueuedThreadPool.java:974)
        at org.eclipse.jetty.util.thread.QueuedThreadPool$Runner.run(QueuedThreadPool.java:1018)
        at java.lang.Thread.run(Thread.java:748)
"IPC Server handler 9 on default port 37371" daemon prio=5 tid=4863 timed_waiting
java.lang.Thread.State: TIMED_WAITING
        at sun.misc.Unsafe.park(Native Method)
        at java.util.concurrent.locks.LockSupport.parkNanos(LockSupport.java:215)
        at java.util.concurrent.locks.AbstractQueuedSynchronizer$ConditionObject.awaitNanos(AbstractQueuedSynchronizer.java:2078)
        at java.util.concurrent.LinkedBlockingQueue.poll(LinkedBlockingQueue.java:467)
        at org.apache.hadoop.ipc.CallQueueManager.take(CallQueueManager.java:317)
        at org.apache.hadoop.ipc.Server$Handler.run(Server.java:2932)
"IPC Server handler 12 on default port 43569" daemon prio=5 tid=4964 timed_waiting
java.lang.Thread.State: TIMED_WAITING
        at sun.misc.Unsafe.park(Native Method)
        at java.util.concurrent.locks.LockSupport.parkNanos(LockSupport.java:215)
        at java.util.concurrent.locks.AbstractQueuedSynchronizer$ConditionObject.awaitNanos(AbstractQueuedSynchronizer.java:2078)
        at java.util.concurrent.LinkedBlockingQueue.poll(LinkedBlockingQueue.java:467)
        at org.apache.hadoop.ipc.CallQueueManager.take(CallQueueManager.java:317)
        at org.apache.hadoop.ipc.Server$Handler.run(Server.java:2932)
"Datanode State Machine Thread - 0" daemon prio=5 tid=5041 timed_waiting
java.lang.Thread.State: TIMED_WAITING
        at java.lang.Thread.sleep(Native Method)
        at org.apache.hadoop.ozone.container.common.statemachine.DatanodeStateMachine.start(DatanodeStateMachine.java:285)
        at org.apache.hadoop.ozone.container.common.statemachine.DatanodeStateMachine.lambda$startDaemon$0(DatanodeStateMachine.java:456)
        at org.apache.hadoop.ozone.container.common.statemachine.DatanodeStateMachine$$Lambda$569/1646977722.run(Unknown Source)
        at java.lang.Thread.run(Thread.java:748)
"PartialTableCache Cleanup Thread - 0" daemon prio=5 tid=5156 in Object.wait()
java.lang.Thread.State: WAITING (on object monitor)
        at sun.misc.Unsafe.park(Native Method)
        at java.util.concurrent.locks.LockSupport.park(LockSupport.java:175)
        at java.util.concurrent.locks.AbstractQueuedSynchronizer$ConditionObject.await(AbstractQueuedSynchronizer.java:2039)
        at java.util.concurrent.LinkedBlockingQueue.take(LinkedBlockingQueue.java:442)
        at java.util.concurrent.ThreadPoolExecutor.getTask(ThreadPoolExecutor.java:1074)
        at java.util.concurrent.ThreadPoolExecutor.runWorker(ThreadPoolExecutor.java:1134)
        at java.util.concurrent.ThreadPoolExecutor$Worker.run(ThreadPoolExecutor.java:624)
        at java.lang.Thread.run(Thread.java:748)
"pool-467-thread-10"  prio=5 tid=5235 in Object.wait()
java.lang.Thread.State: WAITING (on object monitor)
        at sun.misc.Unsafe.park(Native Method)
        at java.util.concurrent.locks.LockSupport.park(LockSupport.java:175)
        at java.util.concurrent.locks.AbstractQueuedSynchronizer$ConditionObject.await(AbstractQueuedSynchronizer.java:2039)
        at java.util.concurrent.LinkedBlockingQueue.take(LinkedBlockingQueue.java:442)
        at java.util.concurrent.ThreadPoolExecutor.getTask(ThreadPoolExecutor.java:1074)
        at java.util.concurrent.ThreadPoolExecutor.runWorker(ThreadPoolExecutor.java:1134)
        at java.util.concurrent.ThreadPoolExecutor$Worker.run(ThreadPoolExecutor.java:624)
        at java.lang.Thread.run(Thread.java:748)
"qtp652278729-5037" daemon prio=5 tid=5037 timed_waiting
java.lang.Thread.State: TIMED_WAITING
        at sun.misc.Unsafe.park(Native Method)
        at java.util.concurrent.locks.LockSupport.parkNanos(LockSupport.java:215)
        at java.util.concurrent.locks.AbstractQueuedSynchronizer$ConditionObject.awaitNanos(AbstractQueuedSynchronizer.java:2078)
        at org.eclipse.jetty.util.BlockingArrayQueue.poll(BlockingArrayQueue.java:382)
        at org.eclipse.jetty.util.thread.QueuedThreadPool$Runner.idleJobPoll(QueuedThreadPool.java:974)
        at org.eclipse.jetty.util.thread.QueuedThreadPool$Runner.run(QueuedThreadPool.java:1018)
        at java.lang.Thread.run(Thread.java:748)
"IPC Server handler 19 on default port 43167" daemon prio=5 tid=4893 timed_waiting
java.lang.Thread.State: TIMED_WAITING
        at sun.misc.Unsafe.park(Native Method)
        at java.util.concurrent.locks.LockSupport.parkNanos(LockSupport.java:215)
        at java.util.concurrent.locks.AbstractQueuedSynchronizer$ConditionObject.awaitNanos(AbstractQueuedSynchronizer.java:2078)
        at java.util.concurrent.LinkedBlockingQueue.poll(LinkedBlockingQueue.java:467)
        at org.apache.hadoop.ipc.CallQueueManager.take(CallQueueManager.java:317)
        at org.apache.hadoop.ipc.Server$Handler.run(Server.java:2932)
"IPC Server handler 8 on default port 43167" daemon prio=5 tid=4882 timed_waiting
java.lang.Thread.State: TIMED_WAITING
        at sun.misc.Unsafe.park(Native Method)
        at java.util.concurrent.locks.LockSupport.parkNanos(LockSupport.java:215)
        at java.util.concurrent.locks.AbstractQueuedSynchronizer$ConditionObject.awaitNanos(AbstractQueuedSynchronizer.java:2078)
        at java.util.concurrent.LinkedBlockingQueue.poll(LinkedBlockingQueue.java:467)
        at org.apache.hadoop.ipc.CallQueueManager.take(CallQueueManager.java:317)
        at org.apache.hadoop.ipc.Server$Handler.run(Server.java:2932)
"Signal Dispatcher" daemon prio=9 tid=4 runnable
java.lang.Thread.State: RUNNABLE
"PartialTableCache Cleanup Thread - 0" daemon prio=5 tid=7611 in Object.wait()
java.lang.Thread.State: WAITING (on object monitor)
        at sun.misc.Unsafe.park(Native Method)
        at java.util.concurrent.locks.LockSupport.park(LockSupport.java:175)
        at java.util.concurrent.locks.AbstractQueuedSynchronizer$ConditionObject.await(AbstractQueuedSynchronizer.java:2039)
        at java.util.concurrent.LinkedBlockingQueue.take(LinkedBlockingQueue.java:442)
        at java.util.concurrent.ThreadPoolExecutor.getTask(ThreadPoolExecutor.java:1074)
        at java.util.concurrent.ThreadPoolExecutor.runWorker(ThreadPoolExecutor.java:1134)
        at java.util.concurrent.ThreadPoolExecutor$Worker.run(ThreadPoolExecutor.java:624)
        at java.lang.Thread.run(Thread.java:748)
"Datanode State Machine Task Thread - 0"  prio=5 tid=5022 in Object.wait()
java.lang.Thread.State: WAITING (on object monitor)
        at sun.misc.Unsafe.park(Native Method)
        at java.util.concurrent.locks.LockSupport.park(LockSupport.java:175)
        at java.util.concurrent.locks.AbstractQueuedSynchronizer$ConditionObject.await(AbstractQueuedSynchronizer.java:2039)
        at java.util.concurrent.LinkedBlockingQueue.take(LinkedBlockingQueue.java:442)
        at java.util.concurrent.ThreadPoolExecutor.getTask(ThreadPoolExecutor.java:1074)
        at java.util.concurrent.ThreadPoolExecutor.runWorker(ThreadPoolExecutor.java:1134)
        at java.util.concurrent.ThreadPoolExecutor$Worker.run(ThreadPoolExecutor.java:624)
        at java.lang.Thread.run(Thread.java:748)
"IPC Server handler 3 on default port 37371" daemon prio=5 tid=4857 timed_waiting
java.lang.Thread.State: TIMED_WAITING
        at sun.misc.Unsafe.park(Native Method)
        at java.util.concurrent.locks.LockSupport.parkNanos(LockSupport.java:215)
        at java.util.concurrent.locks.AbstractQueuedSynchronizer$ConditionObject.awaitNanos(AbstractQueuedSynchronizer.java:2078)
        at java.util.concurrent.LinkedBlockingQueue.poll(LinkedBlockingQueue.java:467)
        at org.apache.hadoop.ipc.CallQueueManager.take(CallQueueManager.java:317)
        at org.apache.hadoop.ipc.Server$Handler.run(Server.java:2932)
"pool-406-thread-1"  prio=5 tid=4930 in Object.wait()
java.lang.Thread.State: WAITING (on object monitor)
        at sun.misc.Unsafe.park(Native Method)
        at java.util.concurrent.locks.LockSupport.park(LockSupport.java:175)
        at java.util.concurrent.locks.AbstractQueuedSynchronizer$ConditionObject.await(AbstractQueuedSynchronizer.java:2039)
        at java.util.concurrent.LinkedBlockingQueue.take(LinkedBlockingQueue.java:442)
        at java.util.concurrent.ThreadPoolExecutor.getTask(ThreadPoolExecutor.java:1074)
        at java.util.concurrent.ThreadPoolExecutor.runWorker(ThreadPoolExecutor.java:1134)
        at java.util.concurrent.ThreadPoolExecutor$Worker.run(ThreadPoolExecutor.java:624)
        at java.lang.Thread.run(Thread.java:748)
"IPC Server handler 8 on default port 37371" daemon prio=5 tid=4862 timed_waiting
java.lang.Thread.State: TIMED_WAITING
        at sun.misc.Unsafe.park(Native Method)
        at java.util.concurrent.locks.LockSupport.parkNanos(LockSupport.java:215)
        at java.util.concurrent.locks.AbstractQueuedSynchronizer$ConditionObject.awaitNanos(AbstractQueuedSynchronizer.java:2078)
        at java.util.concurrent.LinkedBlockingQueue.poll(LinkedBlockingQueue.java:467)
        at org.apache.hadoop.ipc.CallQueueManager.take(CallQueueManager.java:317)
        at org.apache.hadoop.ipc.Server$Handler.run(Server.java:2932)
"pool-419-thread-1"  prio=5 tid=5118 in Object.wait()
java.lang.Thread.State: WAITING (on object monitor)
        at sun.misc.Unsafe.park(Native Method)
        at java.util.concurrent.locks.LockSupport.park(LockSupport.java:175)
        at java.util.concurrent.locks.AbstractQueuedSynchronizer$ConditionObject.await(AbstractQueuedSynchronizer.java:2039)
        at java.util.concurrent.LinkedBlockingQueue.take(LinkedBlockingQueue.java:442)
        at java.util.concurrent.ThreadPoolExecutor.getTask(ThreadPoolExecutor.java:1074)
        at java.util.concurrent.ThreadPoolExecutor.runWorker(ThreadPoolExecutor.java:1134)
        at java.util.concurrent.ThreadPoolExecutor$Worker.run(ThreadPoolExecutor.java:624)
        at java.lang.Thread.run(Thread.java:748)
"OM StateMachine ApplyTransaction Thread - 0" daemon prio=5 tid=5151 in Object.wait()
java.lang.Thread.State: WAITING (on object monitor)
        at sun.misc.Unsafe.park(Native Method)
        at java.util.concurrent.locks.LockSupport.park(LockSupport.java:175)
        at java.util.concurrent.locks.AbstractQueuedSynchronizer$ConditionObject.await(AbstractQueuedSynchronizer.java:2039)
        at java.util.concurrent.LinkedBlockingQueue.take(LinkedBlockingQueue.java:442)
        at java.util.concurrent.ThreadPoolExecutor.getTask(ThreadPoolExecutor.java:1074)
        at java.util.concurrent.ThreadPoolExecutor.runWorker(ThreadPoolExecutor.java:1134)
        at java.util.concurrent.ThreadPoolExecutor$Worker.run(ThreadPoolExecutor.java:624)
        at java.lang.Thread.run(Thread.java:748)
"Datanode ReportManager Thread - 4" daemon prio=5 tid=4994 in Object.wait()
java.lang.Thread.State: WAITING (on object monitor)
        at sun.misc.Unsafe.park(Native Method)
        at java.util.concurrent.locks.LockSupport.park(LockSupport.java:175)
        at java.util.concurrent.locks.AbstractQueuedSynchronizer$ConditionObject.await(AbstractQueuedSynchronizer.java:2039)
        at java.util.concurrent.ScheduledThreadPoolExecutor$DelayedWorkQueue.take(ScheduledThreadPoolExecutor.java:1088)
        at java.util.concurrent.ScheduledThreadPoolExecutor$DelayedWorkQueue.take(ScheduledThreadPoolExecutor.java:809)
        at java.util.concurrent.ThreadPoolExecutor.getTask(ThreadPoolExecutor.java:1074)
        at java.util.concurrent.ThreadPoolExecutor.runWorker(ThreadPoolExecutor.java:1134)
        at java.util.concurrent.ThreadPoolExecutor$Worker.run(ThreadPoolExecutor.java:624)
        at java.lang.Thread.run(Thread.java:748)
"FullTableCache Cleanup Thread - 0" daemon prio=5 tid=4227 in Object.wait()
java.lang.Thread.State: WAITING (on object monitor)
        at sun.misc.Unsafe.park(Native Method)
        at java.util.concurrent.locks.LockSupport.park(LockSupport.java:175)
        at java.util.concurrent.locks.AbstractQueuedSynchronizer$ConditionObject.await(AbstractQueuedSynchronizer.java:2039)
        at java.util.concurrent.LinkedBlockingQueue.take(LinkedBlockingQueue.java:442)
        at java.util.concurrent.ThreadPoolExecutor.getTask(ThreadPoolExecutor.java:1074)
        at java.util.concurrent.ThreadPoolExecutor.runWorker(ThreadPoolExecutor.java:1134)
        at java.util.concurrent.ThreadPoolExecutor$Worker.run(ThreadPoolExecutor.java:624)
        at java.lang.Thread.run(Thread.java:748)
"BlockDeletingService#4" daemon prio=5 tid=5062 in Object.wait()
java.lang.Thread.State: WAITING (on object monitor)
        at sun.misc.Unsafe.park(Native Method)
        at java.util.concurrent.locks.LockSupport.park(LockSupport.java:175)
        at java.util.concurrent.locks.AbstractQueuedSynchronizer$ConditionObject.await(AbstractQueuedSynchronizer.java:2039)
        at java.util.concurrent.ScheduledThreadPoolExecutor$DelayedWorkQueue.take(ScheduledThreadPoolExecutor.java:1088)
        at java.util.concurrent.ScheduledThreadPoolExecutor$DelayedWorkQueue.take(ScheduledThreadPoolExecutor.java:809)
        at java.util.concurrent.ThreadPoolExecutor.getTask(ThreadPoolExecutor.java:1074)
        at java.util.concurrent.ThreadPoolExecutor.runWorker(ThreadPoolExecutor.java:1134)
        at java.util.concurrent.ThreadPoolExecutor$Worker.run(ThreadPoolExecutor.java:624)
        at java.lang.Thread.run(Thread.java:748)
"ReplicationMonitor" daemon prio=5 tid=4837 timed_waiting
java.lang.Thread.State: TIMED_WAITING
        at java.lang.Object.wait(Native Method)
        at org.apache.hadoop.hdds.scm.container.ReplicationManager.run(ReplicationManager.java:354)
        at org.apache.hadoop.hdds.scm.container.ReplicationManager$$Lambda$242/1320566216.run(Unknown Source)
        at java.lang.Thread.run(Thread.java:748)
"BlockDeletingService#7" daemon prio=5 tid=5099 in Object.wait()
java.lang.Thread.State: WAITING (on object monitor)
        at sun.misc.Unsafe.park(Native Method)
        at java.util.concurrent.locks.LockSupport.park(LockSupport.java:175)
        at java.util.concurrent.locks.AbstractQueuedSynchronizer$ConditionObject.await(AbstractQueuedSynchronizer.java:2039)
        at java.util.concurrent.ScheduledThreadPoolExecutor$DelayedWorkQueue.take(ScheduledThreadPoolExecutor.java:1088)
        at java.util.concurrent.ScheduledThreadPoolExecutor$DelayedWorkQueue.take(ScheduledThreadPoolExecutor.java:809)
        at java.util.concurrent.ThreadPoolExecutor.getTask(ThreadPoolExecutor.java:1074)
        at java.util.concurrent.ThreadPoolExecutor.runWorker(ThreadPoolExecutor.java:1134)
        at java.util.concurrent.ThreadPoolExecutor$Worker.run(ThreadPoolExecutor.java:624)
        at java.lang.Thread.run(Thread.java:748)
"qtp652278729-5039" daemon prio=5 tid=5039 timed_waiting
java.lang.Thread.State: TIMED_WAITING
        at sun.misc.Unsafe.park(Native Method)
        at java.util.concurrent.locks.LockSupport.parkNanos(LockSupport.java:215)
        at java.util.concurrent.locks.AbstractQueuedSynchronizer$ConditionObject.awaitNanos(AbstractQueuedSynchronizer.java:2078)
        at org.eclipse.jetty.util.BlockingArrayQueue.poll(BlockingArrayQueue.java:382)
        at org.eclipse.jetty.util.thread.QueuedThreadPool$Runner.idleJobPoll(QueuedThreadPool.java:974)
        at org.eclipse.jetty.util.thread.QueuedThreadPool$Runner.run(QueuedThreadPool.java:1018)
        at java.lang.Thread.run(Thread.java:748)
"org.apache.hadoop.util.JvmPauseMonitor$Monitor@683eb4db" daemon prio=5 tid=5021 timed_waiting
java.lang.Thread.State: TIMED_WAITING
        at java.lang.Thread.sleep(Native Method)
        at org.apache.hadoop.util.JvmPauseMonitor$Monitor.run(JvmPauseMonitor.java:192)
        at java.lang.Thread.run(Thread.java:748)
"Datanode ReportManager Thread - 4" daemon prio=5 tid=5019 in Object.wait()
java.lang.Thread.State: WAITING (on object monitor)
        at sun.misc.Unsafe.park(Native Method)
        at java.util.concurrent.locks.LockSupport.park(LockSupport.java:175)
        at java.util.concurrent.locks.AbstractQueuedSynchronizer$ConditionObject.await(AbstractQueuedSynchronizer.java:2039)
        at java.util.concurrent.ScheduledThreadPoolExecutor$DelayedWorkQueue.take(ScheduledThreadPoolExecutor.java:1088)
        at java.util.concurrent.ScheduledThreadPoolExecutor$DelayedWorkQueue.take(ScheduledThreadPoolExecutor.java:809)
        at java.util.concurrent.ThreadPoolExecutor.getTask(ThreadPoolExecutor.java:1074)
        at java.util.concurrent.ThreadPoolExecutor.runWorker(ThreadPoolExecutor.java:1134)
        at java.util.concurrent.ThreadPoolExecutor$Worker.run(ThreadPoolExecutor.java:624)
        at java.lang.Thread.run(Thread.java:748)
"pool-465-thread-7"  prio=5 tid=5207 in Object.wait()
java.lang.Thread.State: WAITING (on object monitor)
        at sun.misc.Unsafe.park(Native Method)
        at java.util.concurrent.locks.LockSupport.park(LockSupport.java:175)
        at java.util.concurrent.locks.AbstractQueuedSynchronizer$ConditionObject.await(AbstractQueuedSynchronizer.java:2039)
        at java.util.concurrent.LinkedBlockingQueue.take(LinkedBlockingQueue.java:442)
        at java.util.concurrent.ThreadPoolExecutor.getTask(ThreadPoolExecutor.java:1074)
        at java.util.concurrent.ThreadPoolExecutor.runWorker(ThreadPoolExecutor.java:1134)
        at java.util.concurrent.ThreadPoolExecutor$Worker.run(ThreadPoolExecutor.java:624)
        at java.lang.Thread.run(Thread.java:748)
"b13dbf35-3f05-4a51-87e4-7670ffffb89b@group-B7C6AD568D3C-SegmentedRaftLogWorker"  prio=5 tid=5129 timed_waiting
java.lang.Thread.State: TIMED_WAITING
        at sun.misc.Unsafe.park(Native Method)
        at java.util.concurrent.locks.LockSupport.parkNanos(LockSupport.java:215)
        at java.util.concurrent.locks.AbstractQueuedSynchronizer$ConditionObject.awaitNanos(AbstractQueuedSynchronizer.java:2078)
        at org.apache.ratis.util.DataBlockingQueue.poll(DataBlockingQueue.java:137)
        at org.apache.ratis.server.raftlog.segmented.SegmentedRaftLogWorker.run(SegmentedRaftLogWorker.java:292)
        at org.apache.ratis.server.raftlog.segmented.SegmentedRaftLogWorker$$Lambda$467/964932874.run(Unknown Source)
        at java.lang.Thread.run(Thread.java:748)
"Command processor thread" daemon prio=5 tid=5020 timed_waiting
java.lang.Thread.State: TIMED_WAITING
        at java.lang.Thread.sleep(Native Method)
        at org.apache.hadoop.ozone.container.common.statemachine.DatanodeStateMachine.lambda$initCommandHandlerThread$2(DatanodeStateMachine.java:563)
        at org.apache.hadoop.ozone.container.common.statemachine.DatanodeStateMachine$$Lambda$571/1478083939.run(Unknown Source)
        at java.lang.Thread.run(Thread.java:748)
"grpc-default-worker-ELG-3-1" daemon prio=5 tid=305 runnable
java.lang.Thread.State: RUNNABLE
        at org.apache.ratis.thirdparty.io.netty.channel.epoll.Native.epollWait(Native Method)
        at org.apache.ratis.thirdparty.io.netty.channel.epoll.Native.epollWait(Native.java:177)
        at org.apache.ratis.thirdparty.io.netty.channel.epoll.Native.epollWait(Native.java:170)
        at org.apache.ratis.thirdparty.io.netty.channel.epoll.EpollEventLoop.epollWaitNoTimerChange(EpollEventLoop.java:290)
        at org.apache.ratis.thirdparty.io.netty.channel.epoll.EpollEventLoop.run(EpollEventLoop.java:347)
        at org.apache.ratis.thirdparty.io.netty.util.concurrent.SingleThreadEventExecutor$4.run(SingleThreadEventExecutor.java:989)
        at org.apache.ratis.thirdparty.io.netty.util.internal.ThreadExecutorMap$2.run(ThreadExecutorMap.java:74)
        at org.apache.ratis.thirdparty.io.netty.util.concurrent.FastThreadLocalRunnable.run(FastThreadLocalRunnable.java:30)
        at java.lang.Thread.run(Thread.java:748)
"IPC Server listener on 0" daemon prio=5 tid=4843 runnable
java.lang.Thread.State: RUNNABLE
        at sun.nio.ch.EPollArrayWrapper.epollWait(Native Method)
        at sun.nio.ch.EPollArrayWrapper.poll(EPollArrayWrapper.java:269)
        at sun.nio.ch.EPollSelectorImpl.doSelect(EPollSelectorImpl.java:93)
        at sun.nio.ch.SelectorImpl.lockAndDoSelect(SelectorImpl.java:86)
        at sun.nio.ch.SelectorImpl.select(SelectorImpl.java:97)
        at sun.nio.ch.SelectorImpl.select(SelectorImpl.java:101)
        at org.apache.hadoop.ipc.Server$Listener.run(Server.java:1350)
"org.apache.hadoop.ozone.container.common.statemachine.commandhandler.DeleteBlocksCommandHandler$DeleteCmdWorker@27e378d3" daemon prio=5 tid=5003 timed_waiting
java.lang.Thread.State: TIMED_WAITING
        at java.lang.Thread.sleep(Native Method)
        at org.apache.hadoop.ozone.container.common.statemachine.commandhandler.DeleteBlocksCommandHandler$DeleteCmdWorker.run(DeleteBlocksCommandHandler.java:174)
        at java.lang.Thread.run(Thread.java:748)
"ChunkWriter-0-0" daemon prio=5 tid=5053 in Object.wait()
java.lang.Thread.State: WAITING (on object monitor)
        at sun.misc.Unsafe.park(Native Method)
        at java.util.concurrent.locks.LockSupport.park(LockSupport.java:175)
        at java.util.concurrent.locks.AbstractQueuedSynchronizer$ConditionObject.await(AbstractQueuedSynchronizer.java:2039)
        at java.util.concurrent.LinkedBlockingDeque.takeFirst(LinkedBlockingDeque.java:492)
        at java.util.concurrent.LinkedBlockingDeque.take(LinkedBlockingDeque.java:680)
        at java.util.concurrent.ThreadPoolExecutor.getTask(ThreadPoolExecutor.java:1074)
        at java.util.concurrent.ThreadPoolExecutor.runWorker(ThreadPoolExecutor.java:1134)
        at java.util.concurrent.ThreadPoolExecutor$Worker.run(ThreadPoolExecutor.java:624)
        at java.lang.Thread.run(Thread.java:748)
"Periodic HDDS volume checker" daemon prio=5 tid=5024 timed_waiting
java.lang.Thread.State: TIMED_WAITING
        at sun.misc.Unsafe.park(Native Method)
        at java.util.concurrent.locks.LockSupport.parkNanos(LockSupport.java:215)
        at java.util.concurrent.locks.AbstractQueuedSynchronizer$ConditionObject.awaitNanos(AbstractQueuedSynchronizer.java:2078)
        at java.util.concurrent.ScheduledThreadPoolExecutor$DelayedWorkQueue.take(ScheduledThreadPoolExecutor.java:1093)
        at java.util.concurrent.ScheduledThreadPoolExecutor$DelayedWorkQueue.take(ScheduledThreadPoolExecutor.java:809)
        at java.util.concurrent.ThreadPoolExecutor.getTask(ThreadPoolExecutor.java:1074)
        at java.util.concurrent.ThreadPoolExecutor.runWorker(ThreadPoolExecutor.java:1134)
        at java.util.concurrent.ThreadPoolExecutor$Worker.run(ThreadPoolExecutor.java:624)
        at java.lang.Thread.run(Thread.java:748)
"IPC Server handler 17 on default port 43167" daemon prio=5 tid=4891 timed_waiting
java.lang.Thread.State: TIMED_WAITING
        at sun.misc.Unsafe.park(Native Method)
        at java.util.concurrent.locks.LockSupport.parkNanos(LockSupport.java:215)
        at java.util.concurrent.locks.AbstractQueuedSynchronizer$ConditionObject.awaitNanos(AbstractQueuedSynchronizer.java:2078)
        at java.util.concurrent.LinkedBlockingQueue.poll(LinkedBlockingQueue.java:467)
        at org.apache.hadoop.ipc.CallQueueManager.take(CallQueueManager.java:317)
        at org.apache.hadoop.ipc.Server$Handler.run(Server.java:2932)
"IPC Server handler 17 on default port 37371" daemon prio=5 tid=4871 timed_waiting
java.lang.Thread.State: TIMED_WAITING
        at sun.misc.Unsafe.park(Native Method)
        at java.util.concurrent.locks.LockSupport.parkNanos(LockSupport.java:215)
        at java.util.concurrent.locks.AbstractQueuedSynchronizer$ConditionObject.awaitNanos(AbstractQueuedSynchronizer.java:2078)
        at java.util.concurrent.LinkedBlockingQueue.poll(LinkedBlockingQueue.java:467)
        at org.apache.hadoop.ipc.CallQueueManager.take(CallQueueManager.java:317)
        at org.apache.hadoop.ipc.Server$Handler.run(Server.java:2932)
"IPC Server handler 17 on default port 43569" daemon prio=5 tid=4969 timed_waiting
java.lang.Thread.State: TIMED_WAITING
        at sun.misc.Unsafe.park(Native Method)
        at java.util.concurrent.locks.LockSupport.parkNanos(LockSupport.java:215)
        at java.util.concurrent.locks.AbstractQueuedSynchronizer$ConditionObject.awaitNanos(AbstractQueuedSynchronizer.java:2078)
        at java.util.concurrent.LinkedBlockingQueue.poll(LinkedBlockingQueue.java:467)
        at org.apache.hadoop.ipc.CallQueueManager.take(CallQueueManager.java:317)
        at org.apache.hadoop.ipc.Server$Handler.run(Server.java:2932)
"qtp150540715-5005" daemon prio=5 tid=5005 runnable
java.lang.Thread.State: RUNNABLE
        at sun.nio.ch.EPollArrayWrapper.epollWait(Native Method)
        at sun.nio.ch.EPollArrayWrapper.poll(EPollArrayWrapper.java:269)
        at sun.nio.ch.EPollSelectorImpl.doSelect(EPollSelectorImpl.java:93)
        at sun.nio.ch.SelectorImpl.lockAndDoSelect(SelectorImpl.java:86)
        at sun.nio.ch.SelectorImpl.select(SelectorImpl.java:97)
        at sun.nio.ch.SelectorImpl.select(SelectorImpl.java:101)
        at org.eclipse.jetty.io.ManagedSelector.nioSelect(ManagedSelector.java:183)
        at org.eclipse.jetty.io.ManagedSelector.select(ManagedSelector.java:190)
        at org.eclipse.jetty.io.ManagedSelector$SelectorProducer.select(ManagedSelector.java:606)
        at org.eclipse.jetty.io.ManagedSelector$SelectorProducer.produce(ManagedSelector.java:543)
        at org.eclipse.jetty.util.thread.strategy.EatWhatYouKill.produceTask(EatWhatYouKill.java:362)
        at org.eclipse.jetty.util.thread.strategy.EatWhatYouKill.doProduce(EatWhatYouKill.java:186)
        at org.eclipse.jetty.util.thread.strategy.EatWhatYouKill.tryProduce(EatWhatYouKill.java:173)
        at org.eclipse.jetty.util.thread.strategy.EatWhatYouKill.produce(EatWhatYouKill.java:137)
        at org.eclipse.jetty.io.ManagedSelector$$Lambda$309/1426420939.run(Unknown Source)
        at org.eclipse.jetty.util.thread.QueuedThreadPool.runJob(QueuedThreadPool.java:883)
        at org.eclipse.jetty.util.thread.QueuedThreadPool$Runner.run(QueuedThreadPool.java:1034)
        at java.lang.Thread.run(Thread.java:748)
"IPC Server handler 8 on default port 43569" daemon prio=5 tid=4960 timed_waiting
java.lang.Thread.State: TIMED_WAITING
        at sun.misc.Unsafe.park(Native Method)
        at java.util.concurrent.locks.LockSupport.parkNanos(LockSupport.java:215)
        at java.util.concurrent.locks.AbstractQueuedSynchronizer$ConditionObject.awaitNanos(AbstractQueuedSynchronizer.java:2078)
        at java.util.concurrent.LinkedBlockingQueue.poll(LinkedBlockingQueue.java:467)
        at org.apache.hadoop.ipc.CallQueueManager.take(CallQueueManager.java:317)
        at org.apache.hadoop.ipc.Server$Handler.run(Server.java:2932)
"org.apache.hadoop.ozone.container.common.statemachine.commandhandler.DeleteBlocksCommandHandler$DeleteCmdWorker@38d7e9ec" daemon prio=5 tid=5029 timed_waiting
java.lang.Thread.State: TIMED_WAITING
        at java.lang.Thread.sleep(Native Method)
        at org.apache.hadoop.ozone.container.common.statemachine.commandhandler.DeleteBlocksCommandHandler$DeleteCmdWorker.run(DeleteBlocksCommandHandler.java:174)
        at java.lang.Thread.run(Thread.java:748)
"IPC Server handler 11 on default port 35463" daemon prio=5 tid=4905 timed_waiting
java.lang.Thread.State: TIMED_WAITING
        at sun.misc.Unsafe.park(Native Method)
        at java.util.concurrent.locks.LockSupport.parkNanos(LockSupport.java:215)
        at java.util.concurrent.locks.AbstractQueuedSynchronizer$ConditionObject.awaitNanos(AbstractQueuedSynchronizer.java:2078)
        at java.util.concurrent.LinkedBlockingQueue.poll(LinkedBlockingQueue.java:467)
        at org.apache.hadoop.ipc.CallQueueManager.take(CallQueueManager.java:317)
        at org.apache.hadoop.ipc.Server$Handler.run(Server.java:2932)
"01235482-5c07-4b37-86e9-3192ec4df84f@group-B7C6AD568D3C-SegmentedRaftLogWorker"  prio=5 tid=5123 timed_waiting
java.lang.Thread.State: TIMED_WAITING
        at sun.misc.Unsafe.park(Native Method)
        at java.util.concurrent.locks.LockSupport.parkNanos(LockSupport.java:215)
        at java.util.concurrent.locks.AbstractQueuedSynchronizer$ConditionObject.awaitNanos(AbstractQueuedSynchronizer.java:2078)
        at org.apache.ratis.util.DataBlockingQueue.poll(DataBlockingQueue.java:137)
        at org.apache.ratis.server.raftlog.segmented.SegmentedRaftLogWorker.run(SegmentedRaftLogWorker.java:292)
        at org.apache.ratis.server.raftlog.segmented.SegmentedRaftLogWorker$$Lambda$467/964932874.run(Unknown Source)
        at java.lang.Thread.run(Thread.java:748)
"IPC Server handler 1 on default port 43569" daemon prio=5 tid=4953 timed_waiting
java.lang.Thread.State: TIMED_WAITING
        at sun.misc.Unsafe.park(Native Method)
        at java.util.concurrent.locks.LockSupport.parkNanos(LockSupport.java:215)
        at java.util.concurrent.locks.AbstractQueuedSynchronizer$ConditionObject.awaitNanos(AbstractQueuedSynchronizer.java:2078)
        at java.util.concurrent.LinkedBlockingQueue.poll(LinkedBlockingQueue.java:467)
        at org.apache.hadoop.ipc.CallQueueManager.take(CallQueueManager.java:317)
        at org.apache.hadoop.ipc.Server$Handler.run(Server.java:2932)
"IPC Server handler 10 on default port 43569" daemon prio=5 tid=4962 timed_waiting
java.lang.Thread.State: TIMED_WAITING
        at sun.misc.Unsafe.park(Native Method)
        at java.util.concurrent.locks.LockSupport.parkNanos(LockSupport.java:215)
        at java.util.concurrent.locks.AbstractQueuedSynchronizer$ConditionObject.awaitNanos(AbstractQueuedSynchronizer.java:2078)
        at java.util.concurrent.LinkedBlockingQueue.poll(LinkedBlockingQueue.java:467)
        at org.apache.hadoop.ipc.CallQueueManager.take(CallQueueManager.java:317)
        at org.apache.hadoop.ipc.Server$Handler.run(Server.java:2932)
"Command processor thread" daemon prio=5 tid=5047 timed_waiting
java.lang.Thread.State: TIMED_WAITING
        at java.lang.Thread.sleep(Native Method)
        at org.apache.hadoop.ozone.container.common.statemachine.DatanodeStateMachine.lambda$initCommandHandlerThread$2(DatanodeStateMachine.java:563)
        at org.apache.hadoop.ozone.container.common.statemachine.DatanodeStateMachine$$Lambda$571/1478083939.run(Unknown Source)
        at java.lang.Thread.run(Thread.java:748)
"qtp717308094-4986" daemon prio=5 tid=4986 timed_waiting
java.lang.Thread.State: TIMED_WAITING
        at sun.misc.Unsafe.park(Native Method)
        at java.util.concurrent.locks.LockSupport.parkNanos(LockSupport.java:215)
        at java.util.concurrent.locks.AbstractQueuedSynchronizer$ConditionObject.awaitNanos(AbstractQueuedSynchronizer.java:2078)
        at org.eclipse.jetty.util.BlockingArrayQueue.poll(BlockingArrayQueue.java:382)
        at org.eclipse.jetty.util.thread.QueuedThreadPool$Runner.idleJobPoll(QueuedThreadPool.java:974)
        at org.eclipse.jetty.util.thread.QueuedThreadPool$Runner.run(QueuedThreadPool.java:1018)
        at java.lang.Thread.run(Thread.java:748)
"IPC Server handler 4 on default port 43167" daemon prio=5 tid=4878 timed_waiting
java.lang.Thread.State: TIMED_WAITING
        at sun.misc.Unsafe.park(Native Method)
        at java.util.concurrent.locks.LockSupport.parkNanos(LockSupport.java:215)
        at java.util.concurrent.locks.AbstractQueuedSynchronizer$ConditionObject.awaitNanos(AbstractQueuedSynchronizer.java:2078)
        at java.util.concurrent.LinkedBlockingQueue.poll(LinkedBlockingQueue.java:467)
        at org.apache.hadoop.ipc.CallQueueManager.take(CallQueueManager.java:317)
        at org.apache.hadoop.ipc.Server$Handler.run(Server.java:2932)
"om1@group-C5BA1605619E-StateMachineUpdater" daemon prio=5 tid=4936 in Object.wait()
java.lang.Thread.State: WAITING (on object monitor)
        at java.lang.Object.wait(Native Method)
        at java.lang.Object.wait(Object.java:502)
        at org.apache.ratis.server.impl.StateMachineUpdater.waitForCommit(StateMachineUpdater.java:204)
        at org.apache.ratis.server.impl.StateMachineUpdater.run(StateMachineUpdater.java:173)
        at java.lang.Thread.run(Thread.java:748)
"CommandWatcher-LeaseManager#LeaseMonitor" daemon prio=5 tid=4853 timed_waiting
java.lang.Thread.State: TIMED_WAITING
        at java.lang.Object.wait(Native Method)
        at org.apache.hadoop.ozone.lease.LeaseManager$LeaseMonitor.run(LeaseManager.java:238)
        at java.lang.Thread.run(Thread.java:748)
"pool-438-thread-1"  prio=5 tid=5128 in Object.wait()
java.lang.Thread.State: WAITING (on object monitor)
        at sun.misc.Unsafe.park(Native Method)
        at java.util.concurrent.locks.LockSupport.park(LockSupport.java:175)
        at java.util.concurrent.locks.AbstractQueuedSynchronizer$ConditionObject.await(AbstractQueuedSynchronizer.java:2039)
        at java.util.concurrent.LinkedBlockingQueue.take(LinkedBlockingQueue.java:442)
        at java.util.concurrent.ThreadPoolExecutor.getTask(ThreadPoolExecutor.java:1074)
        at java.util.concurrent.ThreadPoolExecutor.runWorker(ThreadPoolExecutor.java:1134)
        at java.util.concurrent.ThreadPoolExecutor$Worker.run(ThreadPoolExecutor.java:624)
        at java.lang.Thread.run(Thread.java:748)
"IPC Server handler 14 on default port 43167" daemon prio=5 tid=4888 timed_waiting
java.lang.Thread.State: TIMED_WAITING
        at sun.misc.Unsafe.park(Native Method)
        at java.util.concurrent.locks.LockSupport.parkNanos(LockSupport.java:215)
        at java.util.concurrent.locks.AbstractQueuedSynchronizer$ConditionObject.awaitNanos(AbstractQueuedSynchronizer.java:2078)
        at java.util.concurrent.LinkedBlockingQueue.poll(LinkedBlockingQueue.java:467)
        at org.apache.hadoop.ipc.CallQueueManager.take(CallQueueManager.java:317)
        at org.apache.hadoop.ipc.Server$Handler.run(Server.java:2932)
"IPC Server handler 10 on default port 43167" daemon prio=5 tid=4884 timed_waiting
java.lang.Thread.State: TIMED_WAITING
        at sun.misc.Unsafe.park(Native Method)
        at java.util.concurrent.locks.LockSupport.parkNanos(LockSupport.java:215)
        at java.util.concurrent.locks.AbstractQueuedSynchronizer$ConditionObject.awaitNanos(AbstractQueuedSynchronizer.java:2078)
        at java.util.concurrent.LinkedBlockingQueue.poll(LinkedBlockingQueue.java:467)
        at org.apache.hadoop.ipc.CallQueueManager.take(CallQueueManager.java:317)
        at org.apache.hadoop.ipc.Server$Handler.run(Server.java:2932)
"pool-465-thread-5"  prio=5 tid=5194 in Object.wait()
java.lang.Thread.State: WAITING (on object monitor)
        at sun.misc.Unsafe.park(Native Method)
        at java.util.concurrent.locks.LockSupport.park(LockSupport.java:175)
        at java.util.concurrent.locks.AbstractQueuedSynchronizer$ConditionObject.await(AbstractQueuedSynchronizer.java:2039)
        at java.util.concurrent.LinkedBlockingQueue.take(LinkedBlockingQueue.java:442)
        at java.util.concurrent.ThreadPoolExecutor.getTask(ThreadPoolExecutor.java:1074)
        at java.util.concurrent.ThreadPoolExecutor.runWorker(ThreadPoolExecutor.java:1134)
        at java.util.concurrent.ThreadPoolExecutor$Worker.run(ThreadPoolExecutor.java:624)
        at java.lang.Thread.run(Thread.java:748)
"BlockDeletingService#8" daemon prio=5 tid=5100 in Object.wait()
java.lang.Thread.State: WAITING (on object monitor)
        at sun.misc.Unsafe.park(Native Method)
        at java.util.concurrent.locks.LockSupport.park(LockSupport.java:175)
        at java.util.concurrent.locks.AbstractQueuedSynchronizer$ConditionObject.await(AbstractQueuedSynchronizer.java:2039)
        at java.util.concurrent.ScheduledThreadPoolExecutor$DelayedWorkQueue.take(ScheduledThreadPoolExecutor.java:1088)
        at java.util.concurrent.ScheduledThreadPoolExecutor$DelayedWorkQueue.take(ScheduledThreadPoolExecutor.java:809)
        at java.util.concurrent.ThreadPoolExecutor.getTask(ThreadPoolExecutor.java:1074)
        at java.util.concurrent.ThreadPoolExecutor.runWorker(ThreadPoolExecutor.java:1134)
        at java.util.concurrent.ThreadPoolExecutor$Worker.run(ThreadPoolExecutor.java:624)
        at java.lang.Thread.run(Thread.java:748)
"BlockDeletingService#9" daemon prio=5 tid=5101 in Object.wait()
java.lang.Thread.State: WAITING (on object monitor)
        at sun.misc.Unsafe.park(Native Method)
        at java.util.concurrent.locks.LockSupport.park(LockSupport.java:175)
        at java.util.concurrent.locks.AbstractQueuedSynchronizer$ConditionObject.await(AbstractQueuedSynchronizer.java:2039)
        at java.util.concurrent.ScheduledThreadPoolExecutor$DelayedWorkQueue.take(ScheduledThreadPoolExecutor.java:1088)
        at java.util.concurrent.ScheduledThreadPoolExecutor$DelayedWorkQueue.take(ScheduledThreadPoolExecutor.java:809)
        at java.util.concurrent.ThreadPoolExecutor.getTask(ThreadPoolExecutor.java:1074)
        at java.util.concurrent.ThreadPoolExecutor.runWorker(ThreadPoolExecutor.java:1134)
        at java.util.concurrent.ThreadPoolExecutor$Worker.run(ThreadPoolExecutor.java:624)
        at java.lang.Thread.run(Thread.java:748)
"qtp652278729-5034" daemon prio=5 tid=5034 timed_waiting
java.lang.Thread.State: TIMED_WAITING
        at sun.misc.Unsafe.park(Native Method)
        at java.util.concurrent.locks.LockSupport.parkNanos(LockSupport.java:215)
        at java.util.concurrent.locks.AbstractQueuedSynchronizer$ConditionObject.awaitNanos(AbstractQueuedSynchronizer.java:2078)
        at org.eclipse.jetty.util.BlockingArrayQueue.poll(BlockingArrayQueue.java:382)
        at org.eclipse.jetty.util.thread.QueuedThreadPool$Runner.idleJobPoll(QueuedThreadPool.java:974)
        at org.eclipse.jetty.util.thread.QueuedThreadPool$Runner.run(QueuedThreadPool.java:1018)
        at java.lang.Thread.run(Thread.java:748)
"IPC Server Responder" daemon prio=5 tid=4842 runnable
java.lang.Thread.State: RUNNABLE
        at sun.nio.ch.EPollArrayWrapper.epollWait(Native Method)
        at sun.nio.ch.EPollArrayWrapper.poll(EPollArrayWrapper.java:269)
        at sun.nio.ch.EPollSelectorImpl.doSelect(EPollSelectorImpl.java:93)
        at sun.nio.ch.SelectorImpl.lockAndDoSelect(SelectorImpl.java:86)
        at sun.nio.ch.SelectorImpl.select(SelectorImpl.java:97)
        at org.apache.hadoop.ipc.Server$Responder.doRunLoop(Server.java:1527)
        at org.apache.hadoop.ipc.Server$Responder.run(Server.java:1510)
"IPC Server listener on 0" daemon prio=5 tid=4847 runnable
java.lang.Thread.State: RUNNABLE
        at sun.nio.ch.EPollArrayWrapper.epollWait(Native Method)
        at sun.nio.ch.EPollArrayWrapper.poll(EPollArrayWrapper.java:269)
        at sun.nio.ch.EPollSelectorImpl.doSelect(EPollSelectorImpl.java:93)
        at sun.nio.ch.SelectorImpl.lockAndDoSelect(SelectorImpl.java:86)
        at sun.nio.ch.SelectorImpl.select(SelectorImpl.java:97)
        at sun.nio.ch.SelectorImpl.select(SelectorImpl.java:101)
        at org.apache.hadoop.ipc.Server$Listener.run(Server.java:1350)
"BlockDeletingService#4" daemon prio=5 tid=5094 in Object.wait()
java.lang.Thread.State: WAITING (on object monitor)
        at sun.misc.Unsafe.park(Native Method)
        at java.util.concurrent.locks.LockSupport.park(LockSupport.java:175)
        at java.util.concurrent.locks.AbstractQueuedSynchronizer$ConditionObject.await(AbstractQueuedSynchronizer.java:2039)
        at java.util.concurrent.ScheduledThreadPoolExecutor$DelayedWorkQueue.take(ScheduledThreadPoolExecutor.java:1088)
        at java.util.concurrent.ScheduledThreadPoolExecutor$DelayedWorkQueue.take(ScheduledThreadPoolExecutor.java:809)
        at java.util.concurrent.ThreadPoolExecutor.getTask(ThreadPoolExecutor.java:1074)
        at java.util.concurrent.ThreadPoolExecutor.runWorker(ThreadPoolExecutor.java:1134)
        at java.util.concurrent.ThreadPoolExecutor$Worker.run(ThreadPoolExecutor.java:624)
        at java.lang.Thread.run(Thread.java:748)
"FullTableCache Cleanup Thread - 0" daemon prio=5 tid=341 in Object.wait()
java.lang.Thread.State: WAITING (on object monitor)
        at sun.misc.Unsafe.park(Native Method)
        at java.util.concurrent.locks.LockSupport.park(LockSupport.java:175)
        at java.util.concurrent.locks.AbstractQueuedSynchronizer$ConditionObject.await(AbstractQueuedSynchronizer.java:2039)
        at java.util.concurrent.LinkedBlockingQueue.take(LinkedBlockingQueue.java:442)
        at java.util.concurrent.ThreadPoolExecutor.getTask(ThreadPoolExecutor.java:1074)
        at java.util.concurrent.ThreadPoolExecutor.runWorker(ThreadPoolExecutor.java:1134)
        at java.util.concurrent.ThreadPoolExecutor$Worker.run(ThreadPoolExecutor.java:624)
        at java.lang.Thread.run(Thread.java:748)
"IPC Server Responder" daemon prio=5 tid=4846 runnable
java.lang.Thread.State: RUNNABLE
        at sun.nio.ch.EPollArrayWrapper.epollWait(Native Method)
        at sun.nio.ch.EPollArrayWrapper.poll(EPollArrayWrapper.java:269)
        at sun.nio.ch.EPollSelectorImpl.doSelect(EPollSelectorImpl.java:93)
        at sun.nio.ch.SelectorImpl.lockAndDoSelect(SelectorImpl.java:86)
        at sun.nio.ch.SelectorImpl.select(SelectorImpl.java:97)
        at org.apache.hadoop.ipc.Server$Responder.doRunLoop(Server.java:1527)
        at org.apache.hadoop.ipc.Server$Responder.run(Server.java:1510)
"pool-465-thread-9"  prio=5 tid=5218 in Object.wait()
java.lang.Thread.State: WAITING (on object monitor)
        at sun.misc.Unsafe.park(Native Method)
        at java.util.concurrent.locks.LockSupport.park(LockSupport.java:175)
        at java.util.concurrent.locks.AbstractQueuedSynchronizer$ConditionObject.await(AbstractQueuedSynchronizer.java:2039)
        at java.util.concurrent.LinkedBlockingQueue.take(LinkedBlockingQueue.java:442)
        at java.util.concurrent.ThreadPoolExecutor.getTask(ThreadPoolExecutor.java:1074)
        at java.util.concurrent.ThreadPoolExecutor.runWorker(ThreadPoolExecutor.java:1134)
        at java.util.concurrent.ThreadPoolExecutor$Worker.run(ThreadPoolExecutor.java:624)
        at java.lang.Thread.run(Thread.java:748)
"pool-443-thread-1"  prio=5 tid=5004 timed_waiting
java.lang.Thread.State: TIMED_WAITING
        at sun.misc.Unsafe.park(Native Method)
        at java.util.concurrent.locks.LockSupport.parkNanos(LockSupport.java:215)
        at java.util.concurrent.locks.AbstractQueuedSynchronizer$ConditionObject.awaitNanos(AbstractQueuedSynchronizer.java:2078)
        at java.util.concurrent.ScheduledThreadPoolExecutor$DelayedWorkQueue.take(ScheduledThreadPoolExecutor.java:1093)
        at java.util.concurrent.ScheduledThreadPoolExecutor$DelayedWorkQueue.take(ScheduledThreadPoolExecutor.java:809)
        at java.util.concurrent.ThreadPoolExecutor.getTask(ThreadPoolExecutor.java:1074)
        at java.util.concurrent.ThreadPoolExecutor.runWorker(ThreadPoolExecutor.java:1134)
        at java.util.concurrent.ThreadPoolExecutor$Worker.run(ThreadPoolExecutor.java:624)
        at java.lang.Thread.run(Thread.java:748)
"SCMBlockDeletingService#0" daemon prio=5 tid=4914 timed_waiting
java.lang.Thread.State: TIMED_WAITING
        at sun.misc.Unsafe.park(Native Method)
        at java.util.concurrent.locks.LockSupport.parkNanos(LockSupport.java:215)
        at java.util.concurrent.locks.AbstractQueuedSynchronizer$ConditionObject.awaitNanos(AbstractQueuedSynchronizer.java:2078)
        at java.util.concurrent.ScheduledThreadPoolExecutor$DelayedWorkQueue.take(ScheduledThreadPoolExecutor.java:1093)
        at java.util.concurrent.ScheduledThreadPoolExecutor$DelayedWorkQueue.take(ScheduledThreadPoolExecutor.java:809)
        at java.util.concurrent.ThreadPoolExecutor.getTask(ThreadPoolExecutor.java:1074)
        at java.util.concurrent.ThreadPoolExecutor.runWorker(ThreadPoolExecutor.java:1134)
        at java.util.concurrent.ThreadPoolExecutor$Worker.run(ThreadPoolExecutor.java:624)
        at java.lang.Thread.run(Thread.java:748)
"pool-465-thread-10"  prio=5 tid=5234 in Object.wait()
java.lang.Thread.State: WAITING (on object monitor)
        at sun.misc.Unsafe.park(Native Method)
        at java.util.concurrent.locks.LockSupport.park(LockSupport.java:175)
        at java.util.concurrent.locks.AbstractQueuedSynchronizer$ConditionObject.await(AbstractQueuedSynchronizer.java:2039)
        at java.util.concurrent.LinkedBlockingQueue.take(LinkedBlockingQueue.java:442)
        at java.util.concurrent.ThreadPoolExecutor.getTask(ThreadPoolExecutor.java:1074)
        at java.util.concurrent.ThreadPoolExecutor.runWorker(ThreadPoolExecutor.java:1134)
        at java.util.concurrent.ThreadPoolExecutor$Worker.run(ThreadPoolExecutor.java:624)
        at java.lang.Thread.run(Thread.java:748)
"pool-467-thread-6"  prio=5 tid=5213 in Object.wait()
java.lang.Thread.State: WAITING (on object monitor)
        at sun.misc.Unsafe.park(Native Method)
        at java.util.concurrent.locks.LockSupport.park(LockSupport.java:175)
        at java.util.concurrent.locks.AbstractQueuedSynchronizer$ConditionObject.await(AbstractQueuedSynchronizer.java:2039)
        at java.util.concurrent.LinkedBlockingQueue.take(LinkedBlockingQueue.java:442)
        at java.util.concurrent.ThreadPoolExecutor.getTask(ThreadPoolExecutor.java:1074)
        at java.util.concurrent.ThreadPoolExecutor.runWorker(ThreadPoolExecutor.java:1134)
        at java.util.concurrent.ThreadPoolExecutor$Worker.run(ThreadPoolExecutor.java:624)
        at java.lang.Thread.run(Thread.java:748)
"Datanode ReportManager Thread - 3" daemon prio=5 tid=5018 in Object.wait()
java.lang.Thread.State: WAITING (on object monitor)
        at sun.misc.Unsafe.park(Native Method)
        at java.util.concurrent.locks.LockSupport.park(LockSupport.java:175)
        at java.util.concurrent.locks.AbstractQueuedSynchronizer$ConditionObject.await(AbstractQueuedSynchronizer.java:2039)
        at java.util.concurrent.ScheduledThreadPoolExecutor$DelayedWorkQueue.take(ScheduledThreadPoolExecutor.java:1088)
        at java.util.concurrent.ScheduledThreadPoolExecutor$DelayedWorkQueue.take(ScheduledThreadPoolExecutor.java:809)
        at java.util.concurrent.ThreadPoolExecutor.getTask(ThreadPoolExecutor.java:1074)
        at java.util.concurrent.ThreadPoolExecutor.runWorker(ThreadPoolExecutor.java:1134)
        at java.util.concurrent.ThreadPoolExecutor$Worker.run(ThreadPoolExecutor.java:624)
        at java.lang.Thread.run(Thread.java:748)
"qtp1696189834-4943" daemon prio=5 tid=4943 runnable
java.lang.Thread.State: RUNNABLE
        at sun.nio.ch.EPollArrayWrapper.epollWait(Native Method)
        at sun.nio.ch.EPollArrayWrapper.poll(EPollArrayWrapper.java:269)
        at sun.nio.ch.EPollSelectorImpl.doSelect(EPollSelectorImpl.java:93)
        at sun.nio.ch.SelectorImpl.lockAndDoSelect(SelectorImpl.java:86)
        at sun.nio.ch.SelectorImpl.select(SelectorImpl.java:97)
        at sun.nio.ch.SelectorImpl.select(SelectorImpl.java:101)
        at org.eclipse.jetty.io.ManagedSelector.nioSelect(ManagedSelector.java:183)
        at org.eclipse.jetty.io.ManagedSelector.select(ManagedSelector.java:190)
        at org.eclipse.jetty.io.ManagedSelector$SelectorProducer.select(ManagedSelector.java:606)
        at org.eclipse.jetty.io.ManagedSelector$SelectorProducer.produce(ManagedSelector.java:543)
        at org.eclipse.jetty.util.thread.strategy.EatWhatYouKill.produceTask(EatWhatYouKill.java:362)
        at org.eclipse.jetty.util.thread.strategy.EatWhatYouKill.doProduce(EatWhatYouKill.java:186)
        at org.eclipse.jetty.util.thread.strategy.EatWhatYouKill.tryProduce(EatWhatYouKill.java:173)
        at org.eclipse.jetty.util.thread.strategy.EatWhatYouKill.produce(EatWhatYouKill.java:137)
        at org.eclipse.jetty.io.ManagedSelector$$Lambda$309/1426420939.run(Unknown Source)
        at org.eclipse.jetty.util.thread.QueuedThreadPool.runJob(QueuedThreadPool.java:883)
        at org.eclipse.jetty.util.thread.QueuedThreadPool$Runner.run(QueuedThreadPool.java:1034)
        at java.lang.Thread.run(Thread.java:748)
"pool-466-thread-3"  prio=5 tid=5183 in Object.wait()
java.lang.Thread.State: WAITING (on object monitor)
        at sun.misc.Unsafe.park(Native Method)
        at java.util.concurrent.locks.LockSupport.park(LockSupport.java:175)
        at java.util.concurrent.locks.AbstractQueuedSynchronizer$ConditionObject.await(AbstractQueuedSynchronizer.java:2039)
        at java.util.concurrent.LinkedBlockingQueue.take(LinkedBlockingQueue.java:442)
        at java.util.concurrent.ThreadPoolExecutor.getTask(ThreadPoolExecutor.java:1074)
        at java.util.concurrent.ThreadPoolExecutor.runWorker(ThreadPoolExecutor.java:1134)
        at java.util.concurrent.ThreadPoolExecutor$Worker.run(ThreadPoolExecutor.java:624)
        at java.lang.Thread.run(Thread.java:748)
"qtp717308094-4980" daemon prio=5 tid=4980 runnable
java.lang.Thread.State: RUNNABLE
        at sun.nio.ch.EPollArrayWrapper.epollWait(Native Method)
        at sun.nio.ch.EPollArrayWrapper.poll(EPollArrayWrapper.java:269)
        at sun.nio.ch.EPollSelectorImpl.doSelect(EPollSelectorImpl.java:93)
        at sun.nio.ch.SelectorImpl.lockAndDoSelect(SelectorImpl.java:86)
        at sun.nio.ch.SelectorImpl.select(SelectorImpl.java:97)
        at sun.nio.ch.SelectorImpl.select(SelectorImpl.java:101)
        at org.eclipse.jetty.io.ManagedSelector.nioSelect(ManagedSelector.java:183)
        at org.eclipse.jetty.io.ManagedSelector.select(ManagedSelector.java:190)
        at org.eclipse.jetty.io.ManagedSelector$SelectorProducer.select(ManagedSelector.java:606)
        at org.eclipse.jetty.io.ManagedSelector$SelectorProducer.produce(ManagedSelector.java:543)
        at org.eclipse.jetty.util.thread.strategy.EatWhatYouKill.produceTask(EatWhatYouKill.java:362)
        at org.eclipse.jetty.util.thread.strategy.EatWhatYouKill.doProduce(EatWhatYouKill.java:186)
        at org.eclipse.jetty.util.thread.strategy.EatWhatYouKill.tryProduce(EatWhatYouKill.java:173)
        at org.eclipse.jetty.util.thread.strategy.EatWhatYouKill.produce(EatWhatYouKill.java:137)
        at org.eclipse.jetty.io.ManagedSelector$$Lambda$309/1426420939.run(Unknown Source)
        at org.eclipse.jetty.util.thread.QueuedThreadPool.runJob(QueuedThreadPool.java:883)
        at org.eclipse.jetty.util.thread.QueuedThreadPool$Runner.run(QueuedThreadPool.java:1034)
        at java.lang.Thread.run(Thread.java:748)
"IPC Server handler 9 on default port 35463" daemon prio=5 tid=4903 timed_waiting
java.lang.Thread.State: TIMED_WAITING
        at sun.misc.Unsafe.park(Native Method)
        at java.util.concurrent.locks.LockSupport.parkNanos(LockSupport.java:215)
        at java.util.concurrent.locks.AbstractQueuedSynchronizer$ConditionObject.awaitNanos(AbstractQueuedSynchronizer.java:2078)
        at java.util.concurrent.LinkedBlockingQueue.poll(LinkedBlockingQueue.java:467)
        at org.apache.hadoop.ipc.CallQueueManager.take(CallQueueManager.java:317)
        at org.apache.hadoop.ipc.Server$Handler.run(Server.java:2932)
"qtp1696189834-4949" daemon prio=5 tid=4949 timed_waiting
java.lang.Thread.State: TIMED_WAITING
        at sun.misc.Unsafe.park(Native Method)
        at java.util.concurrent.locks.LockSupport.parkNanos(LockSupport.java:215)
        at java.util.concurrent.locks.AbstractQueuedSynchronizer$ConditionObject.awaitNanos(AbstractQueuedSynchronizer.java:2078)
        at org.eclipse.jetty.util.BlockingArrayQueue.poll(BlockingArrayQueue.java:382)
        at org.eclipse.jetty.util.thread.QueuedThreadPool$Runner.idleJobPoll(QueuedThreadPool.java:974)
        at org.eclipse.jetty.util.thread.QueuedThreadPool$Runner.run(QueuedThreadPool.java:1018)
        at java.lang.Thread.run(Thread.java:748)
"org.apache.hadoop.ozone.container.common.statemachine.commandhandler.DeleteBlocksCommandHandler$DeleteCmdWorker@47be1b38" daemon prio=5 tid=4036 runnable
java.lang.Thread.State: RUNNABLE
        at java.lang.Thread.sleep(Native Method)
        at org.apache.hadoop.ozone.container.common.statemachine.commandhandler.DeleteBlocksCommandHandler$DeleteCmdWorker.run(DeleteBlocksCommandHandler.java:174)
        at java.lang.Thread.run(Thread.java:748)
"DeleteBlocksCommandHandlerThread-0" daemon prio=5 tid=8196 timed_waiting
java.lang.Thread.State: TIMED_WAITING
        at sun.misc.Unsafe.park(Native Method)
        at java.util.concurrent.locks.LockSupport.parkNanos(LockSupport.java:215)
        at java.util.concurrent.locks.AbstractQueuedSynchronizer$ConditionObject.awaitNanos(AbstractQueuedSynchronizer.java:2078)
        at java.util.concurrent.LinkedBlockingQueue.poll(LinkedBlockingQueue.java:467)
        at java.util.concurrent.ThreadPoolExecutor.getTask(ThreadPoolExecutor.java:1073)
        at java.util.concurrent.ThreadPoolExecutor.runWorker(ThreadPoolExecutor.java:1134)
        at java.util.concurrent.ThreadPoolExecutor$Worker.run(ThreadPoolExecutor.java:624)
        at java.lang.Thread.run(Thread.java:748)
"qtp652278729-5035" daemon prio=5 tid=5035 timed_waiting
java.lang.Thread.State: TIMED_WAITING
        at sun.misc.Unsafe.park(Native Method)
        at java.util.concurrent.locks.LockSupport.parkNanos(LockSupport.java:215)
        at java.util.concurrent.locks.AbstractQueuedSynchronizer$ConditionObject.awaitNanos(AbstractQueuedSynchronizer.java:2078)
        at org.eclipse.jetty.util.BlockingArrayQueue.poll(BlockingArrayQueue.java:382)
        at org.eclipse.jetty.util.thread.QueuedThreadPool$Runner.idleJobPoll(QueuedThreadPool.java:974)
        at org.eclipse.jetty.util.thread.QueuedThreadPool$Runner.run(QueuedThreadPool.java:1018)
        at java.lang.Thread.run(Thread.java:748)
"org.apache.hadoop.util.JvmPauseMonitor$Monitor@5f07379b" daemon prio=5 tid=4996 timed_waiting
java.lang.Thread.State: TIMED_WAITING
        at java.lang.Thread.sleep(Native Method)
        at org.apache.hadoop.util.JvmPauseMonitor$Monitor.run(JvmPauseMonitor.java:192)
        at java.lang.Thread.run(Thread.java:748)
"IPC Server handler 3 on default port 43569" daemon prio=5 tid=4955 timed_waiting
java.lang.Thread.State: TIMED_WAITING
        at sun.misc.Unsafe.park(Native Method)
        at java.util.concurrent.locks.LockSupport.parkNanos(LockSupport.java:215)
        at java.util.concurrent.locks.AbstractQueuedSynchronizer$ConditionObject.awaitNanos(AbstractQueuedSynchronizer.java:2078)
        at java.util.concurrent.LinkedBlockingQueue.poll(LinkedBlockingQueue.java:467)
        at org.apache.hadoop.ipc.CallQueueManager.take(CallQueueManager.java:317)
        at org.apache.hadoop.ipc.Server$Handler.run(Server.java:2932)
"IPC Server handler 3 on default port 43167" daemon prio=5 tid=4877 timed_waiting
java.lang.Thread.State: TIMED_WAITING
        at sun.misc.Unsafe.park(Native Method)
        at java.util.concurrent.locks.LockSupport.parkNanos(LockSupport.java:215)
        at java.util.concurrent.locks.AbstractQueuedSynchronizer$ConditionObject.awaitNanos(AbstractQueuedSynchronizer.java:2078)
        at java.util.concurrent.LinkedBlockingQueue.poll(LinkedBlockingQueue.java:467)
        at org.apache.hadoop.ipc.CallQueueManager.take(CallQueueManager.java:317)
        at org.apache.hadoop.ipc.Server$Handler.run(Server.java:2932)
"Listener at 127.0.0.1/43569"  prio=5 tid=1 runnable
java.lang.Thread.State: RUNNABLE
        at java.lang.Thread.dumpThreads(Native Method)
        at java.lang.Thread.getAllStackTraces(Thread.java:1610)
        at org.apache.ozone.test.TimedOutTestsListener.buildThreadDump(TimedOutTestsListener.java:93)
        at org.apache.ozone.test.TimedOutTestsListener.buildThreadDiagnosticString(TimedOutTestsListener.java:79)
        at org.apache.ozone.test.GenericTestUtils.waitFor(GenericTestUtils.java:225)
        at org.apache.hadoop.ozone.container.common.statemachine.commandhandler.TestBlockDeletion.testBlockDeletion(TestBlockDeletion.java:246)
        at sun.reflect.NativeMethodAccessorImpl.invoke0(Native Method)
        at sun.reflect.NativeMethodAccessorImpl.invoke(NativeMethodAccessorImpl.java:62)
        at sun.reflect.DelegatingMethodAccessorImpl.invoke(DelegatingMethodAccessorImpl.java:43)
        at java.lang.reflect.Method.invoke(Method.java:498)
        at org.junit.runners.model.FrameworkMethod$1.runReflectiveCall(FrameworkMethod.java:59)
        at org.junit.internal.runners.model.ReflectiveCallable.run(ReflectiveCallable.java:12)
        at org.junit.runners.model.FrameworkMethod.invokeExplosively(FrameworkMethod.java:56)
        at org.junit.internal.runners.statements.InvokeMethod.evaluate(InvokeMethod.java:17)
        at org.junit.internal.runners.statements.RunBefores.evaluate(RunBefores.java:26)
        at org.junit.internal.runners.statements.RunAfters.evaluate(RunAfters.java:27)
        at org.junit.runners.ParentRunner$3.evaluate(ParentRunner.java:306)
        at org.junit.runners.BlockJUnit4ClassRunner$1.evaluate(BlockJUnit4ClassRunner.java:100)
        at org.junit.runners.ParentRunner.runLeaf(ParentRunner.java:366)
        at org.junit.runners.BlockJUnit4ClassRunner.runChild(BlockJUnit4ClassRunner.java:103)
        at org.junit.runners.BlockJUnit4ClassRunner.runChild(BlockJUnit4ClassRunner.java:63)
        at org.junit.runners.ParentRunner$4.run(ParentRunner.java:331)
        at org.junit.runners.ParentRunner$1.schedule(ParentRunner.java:79)
        at org.junit.runners.ParentRunner.runChildren(ParentRunner.java:329)
        at org.junit.runners.ParentRunner.access$100(ParentRunner.java:66)
        at org.junit.runners.ParentRunner$2.evaluate(ParentRunner.java:293)
        at org.junit.runners.ParentRunner$3.evaluate(ParentRunner.java:306)
        at org.junit.runners.ParentRunner.run(ParentRunner.java:413)
        at org.junit.runner.JUnitCore.run(JUnitCore.java:137)
        at org.junit.runner.JUnitCore.run(JUnitCore.java:115)
        at org.junit.vintage.engine.execution.RunnerExecutor.execute(RunnerExecutor.java:43)
        at org.junit.vintage.engine.VintageTestEngine$$Lambda$193/1262110193.accept(Unknown Source)
        at java.util.stream.ForEachOps$ForEachOp$OfRef.accept(ForEachOps.java:183)
        at java.util.stream.ReferencePipeline$3$1.accept(ReferencePipeline.java:193)
        at java.util.Iterator.forEachRemaining(Iterator.java:116)
        at java.util.Spliterators$IteratorSpliterator.forEachRemaining(Spliterators.java:1801)
        at java.util.stream.AbstractPipeline.copyInto(AbstractPipeline.java:482)
        at java.util.stream.AbstractPipeline.wrapAndCopyInto(AbstractPipeline.java:472)
        at java.util.stream.ForEachOps$ForEachOp.evaluateSequential(ForEachOps.java:150)
        at java.util.stream.ForEachOps$ForEachOp$OfRef.evaluateSequential(ForEachOps.java:173)
        at java.util.stream.AbstractPipeline.evaluate(AbstractPipeline.java:234)
        at java.util.stream.ReferencePipeline.forEach(ReferencePipeline.java:485)
        at org.junit.vintage.engine.VintageTestEngine.executeAllChildren(VintageTestEngine.java:82)
        at org.junit.vintage.engine.VintageTestEngine.execute(VintageTestEngine.java:73)
        at org.junit.platform.launcher.core.EngineExecutionOrchestrator.execute(EngineExecutionOrchestrator.java:108)
        at org.junit.platform.launcher.core.EngineExecutionOrchestrator.execute(EngineExecutionOrchestrator.java:88)
        at org.junit.platform.launcher.core.EngineExecutionOrchestrator.lambda$execute$0(EngineExecutionOrchestrator.java:54)
        at org.junit.platform.launcher.core.EngineExecutionOrchestrator$$Lambda$141/2018260103.accept(Unknown Source)
        at org.junit.platform.launcher.core.EngineExecutionOrchestrator.withInterceptedStreams(EngineExecutionOrchestrator.java:67)
        at org.junit.platform.launcher.core.EngineExecutionOrchestrator.execute(EngineExecutionOrchestrator.java:52)
        at org.junit.platform.launcher.core.DefaultLauncher.execute(DefaultLauncher.java:96)
        at org.junit.platform.launcher.core.DefaultLauncher.execute(DefaultLauncher.java:75)
        at org.apache.maven.surefire.junitplatform.JUnitPlatformProvider.invokeAllTests(JUnitPlatformProvider.java:142)
        at org.apache.maven.surefire.junitplatform.JUnitPlatformProvider.invoke(JUnitPlatformProvider.java:113)
        at org.apache.maven.surefire.booter.ForkedBooter.invokeProviderInSameClassLoader(ForkedBooter.java:384)
        at org.apache.maven.surefire.booter.ForkedBooter.runSuitesInProcess(ForkedBooter.java:345)
        at org.apache.maven.surefire.booter.ForkedBooter.execute(ForkedBooter.java:126)
        at org.apache.maven.surefire.booter.ForkedBooter.main(ForkedBooter.java:418)
"PartialTableCache Cleanup Thread - 0" daemon prio=5 tid=344 in Object.wait()
java.lang.Thread.State: WAITING (on object monitor)
        at sun.misc.Unsafe.park(Native Method)
        at java.util.concurrent.locks.LockSupport.park(LockSupport.java:175)
        at java.util.concurrent.locks.AbstractQueuedSynchronizer$ConditionObject.await(AbstractQueuedSynchronizer.java:2039)
        at java.util.concurrent.LinkedBlockingQueue.take(LinkedBlockingQueue.java:442)
        at java.util.concurrent.ThreadPoolExecutor.getTask(ThreadPoolExecutor.java:1074)
        at java.util.concurrent.ThreadPoolExecutor.runWorker(ThreadPoolExecutor.java:1134)
        at java.util.concurrent.ThreadPoolExecutor$Worker.run(ThreadPoolExecutor.java:624)
        at java.lang.Thread.run(Thread.java:748)
"Datanode State Machine Task Thread - 1"  prio=5 tid=5050 in Object.wait()
java.lang.Thread.State: WAITING (on object monitor)
        at sun.misc.Unsafe.park(Native Method)
        at java.util.concurrent.locks.LockSupport.park(LockSupport.java:175)
        at java.util.concurrent.locks.AbstractQueuedSynchronizer$ConditionObject.await(AbstractQueuedSynchronizer.java:2039)
        at java.util.concurrent.LinkedBlockingQueue.take(LinkedBlockingQueue.java:442)
        at java.util.concurrent.ThreadPoolExecutor.getTask(ThreadPoolExecutor.java:1074)
        at java.util.concurrent.ThreadPoolExecutor.runWorker(ThreadPoolExecutor.java:1134)
        at java.util.concurrent.ThreadPoolExecutor$Worker.run(ThreadPoolExecutor.java:624)
        at java.lang.Thread.run(Thread.java:748)
"Session-HouseKeeper-1dafed7b-1"  prio=5 tid=5013 timed_waiting
java.lang.Thread.State: TIMED_WAITING
        at sun.misc.Unsafe.park(Native Method)
        at java.util.concurrent.locks.LockSupport.parkNanos(LockSupport.java:215)
        at java.util.concurrent.locks.AbstractQueuedSynchronizer$ConditionObject.awaitNanos(AbstractQueuedSynchronizer.java:2078)
        at java.util.concurrent.ScheduledThreadPoolExecutor$DelayedWorkQueue.take(ScheduledThreadPoolExecutor.java:1093)
        at java.util.concurrent.ScheduledThreadPoolExecutor$DelayedWorkQueue.take(ScheduledThreadPoolExecutor.java:809)
        at java.util.concurrent.ThreadPoolExecutor.getTask(ThreadPoolExecutor.java:1074)
        at java.util.concurrent.ThreadPoolExecutor.runWorker(ThreadPoolExecutor.java:1134)
        at java.util.concurrent.ThreadPoolExecutor$Worker.run(ThreadPoolExecutor.java:624)
        at java.lang.Thread.run(Thread.java:748)
"EndpointStateMachine task thread for /0.0.0.0:43341 - 0 "  prio=5 tid=234 in Object.wait()
java.lang.Thread.State: WAITING (on object monitor)
        at sun.misc.Unsafe.park(Native Method)
        at java.util.concurrent.locks.LockSupport.park(LockSupport.java:175)
        at java.util.concurrent.locks.AbstractQueuedSynchronizer$ConditionObject.await(AbstractQueuedSynchronizer.java:2039)
        at java.util.concurrent.LinkedBlockingQueue.take(LinkedBlockingQueue.java:442)
        at java.util.concurrent.ThreadPoolExecutor.getTask(ThreadPoolExecutor.java:1074)
        at java.util.concurrent.ThreadPoolExecutor.runWorker(ThreadPoolExecutor.java:1134)
        at java.util.concurrent.ThreadPoolExecutor$Worker.run(ThreadPoolExecutor.java:624)
        at java.lang.Thread.run(Thread.java:748)
"qtp1696189834-4948" daemon prio=5 tid=4948 timed_waiting
java.lang.Thread.State: TIMED_WAITING
        at sun.misc.Unsafe.park(Native Method)
        at java.util.concurrent.locks.LockSupport.parkNanos(LockSupport.java:215)
        at java.util.concurrent.locks.AbstractQueuedSynchronizer$ConditionObject.awaitNanos(AbstractQueuedSynchronizer.java:2078)
        at org.eclipse.jetty.util.BlockingArrayQueue.poll(BlockingArrayQueue.java:382)
        at org.eclipse.jetty.util.thread.QueuedThreadPool$Runner.idleJobPoll(QueuedThreadPool.java:974)
        at org.eclipse.jetty.util.thread.QueuedThreadPool$Runner.run(QueuedThreadPool.java:1018)
        at java.lang.Thread.run(Thread.java:748)
"pool-462-thread-1"  prio=5 tid=5031 timed_waiting
java.lang.Thread.State: TIMED_WAITING
        at sun.misc.Unsafe.park(Native Method)
        at java.util.concurrent.locks.LockSupport.parkNanos(LockSupport.java:215)
        at java.util.concurrent.locks.AbstractQueuedSynchronizer$ConditionObject.awaitNanos(AbstractQueuedSynchronizer.java:2078)
        at java.util.concurrent.ScheduledThreadPoolExecutor$DelayedWorkQueue.take(ScheduledThreadPoolExecutor.java:1093)
        at java.util.concurrent.ScheduledThreadPoolExecutor$DelayedWorkQueue.take(ScheduledThreadPoolExecutor.java:809)
        at java.util.concurrent.ThreadPoolExecutor.getTask(ThreadPoolExecutor.java:1074)
        at java.util.concurrent.ThreadPoolExecutor.runWorker(ThreadPoolExecutor.java:1134)
        at java.util.concurrent.ThreadPoolExecutor$Worker.run(ThreadPoolExecutor.java:624)
        at java.lang.Thread.run(Thread.java:748)
"IPC Server handler 4 on default port 43569" daemon prio=5 tid=4956 timed_waiting
java.lang.Thread.State: TIMED_WAITING
        at sun.misc.Unsafe.park(Native Method)
        at java.util.concurrent.locks.LockSupport.parkNanos(LockSupport.java:215)
        at java.util.concurrent.locks.AbstractQueuedSynchronizer$ConditionObject.awaitNanos(AbstractQueuedSynchronizer.java:2078)
        at java.util.concurrent.LinkedBlockingQueue.poll(LinkedBlockingQueue.java:467)
        at org.apache.hadoop.ipc.CallQueueManager.take(CallQueueManager.java:317)
        at org.apache.hadoop.ipc.Server$Handler.run(Server.java:2932)
"IPC Server Responder" daemon prio=5 tid=4850 runnable
java.lang.Thread.State: RUNNABLE
        at sun.nio.ch.EPollArrayWrapper.epollWait(Native Method)
        at sun.nio.ch.EPollArrayWrapper.poll(EPollArrayWrapper.java:269)
        at sun.nio.ch.EPollSelectorImpl.doSelect(EPollSelectorImpl.java:93)
        at sun.nio.ch.SelectorImpl.lockAndDoSelect(SelectorImpl.java:86)
        at sun.nio.ch.SelectorImpl.select(SelectorImpl.java:97)
        at org.apache.hadoop.ipc.Server$Responder.doRunLoop(Server.java:1527)
        at org.apache.hadoop.ipc.Server$Responder.run(Server.java:1510)
"IPC Server handler 18 on default port 37371" daemon prio=5 tid=4872 timed_waiting
java.lang.Thread.State: TIMED_WAITING
        at sun.misc.Unsafe.park(Native Method)
        at java.util.concurrent.locks.LockSupport.parkNanos(LockSupport.java:215)
        at java.util.concurrent.locks.AbstractQueuedSynchronizer$ConditionObject.awaitNanos(AbstractQueuedSynchronizer.java:2078)
        at java.util.concurrent.LinkedBlockingQueue.poll(LinkedBlockingQueue.java:467)
        at org.apache.hadoop.ipc.CallQueueManager.take(CallQueueManager.java:317)
        at org.apache.hadoop.ipc.Server$Handler.run(Server.java:2932)
"IPC Server handler 19 on default port 37371" daemon prio=5 tid=4873 timed_waiting
java.lang.Thread.State: TIMED_WAITING
        at sun.misc.Unsafe.park(Native Method)
        at java.util.concurrent.locks.LockSupport.parkNanos(LockSupport.java:215)
        at java.util.concurrent.locks.AbstractQueuedSynchronizer$ConditionObject.awaitNanos(AbstractQueuedSynchronizer.java:2078)
        at java.util.concurrent.LinkedBlockingQueue.poll(LinkedBlockingQueue.java:467)
        at org.apache.hadoop.ipc.CallQueueManager.take(CallQueueManager.java:317)
        at org.apache.hadoop.ipc.Server$Handler.run(Server.java:2932)
"EventQueue-PipelineReportForPipelineReportHandler" daemon prio=5 tid=5107 in Object.wait()
java.lang.Thread.State: WAITING (on object monitor)
        at sun.misc.Unsafe.park(Native Method)
        at java.util.concurrent.locks.LockSupport.park(LockSupport.java:175)
        at java.util.concurrent.locks.AbstractQueuedSynchronizer$ConditionObject.await(AbstractQueuedSynchronizer.java:2039)
        at java.util.concurrent.LinkedBlockingQueue.take(LinkedBlockingQueue.java:442)
        at java.util.concurrent.ThreadPoolExecutor.getTask(ThreadPoolExecutor.java:1074)
        at java.util.concurrent.ThreadPoolExecutor.runWorker(ThreadPoolExecutor.java:1134)
        at java.util.concurrent.ThreadPoolExecutor$Worker.run(ThreadPoolExecutor.java:624)
        at java.lang.Thread.run(Thread.java:748)
"EventQueue-ContainerReportForContainerReportHandler" daemon prio=5 tid=5103 in Object.wait()
java.lang.Thread.State: WAITING (on object monitor)
        at sun.misc.Unsafe.park(Native Method)
        at java.util.concurrent.locks.LockSupport.park(LockSupport.java:175)
        at java.util.concurrent.locks.AbstractQueuedSynchronizer$ConditionObject.await(AbstractQueuedSynchronizer.java:2039)
        at java.util.concurrent.LinkedBlockingQueue.take(LinkedBlockingQueue.java:442)
        at java.util.concurrent.ThreadPoolExecutor.getTask(ThreadPoolExecutor.java:1074)
        at java.util.concurrent.ThreadPoolExecutor.runWorker(ThreadPoolExecutor.java:1134)
        at java.util.concurrent.ThreadPoolExecutor$Worker.run(ThreadPoolExecutor.java:624)
        at java.lang.Thread.run(Thread.java:748)
"ChunkWriter-1-0" daemon prio=5 tid=5054 in Object.wait()
java.lang.Thread.State: WAITING (on object monitor)
        at sun.misc.Unsafe.park(Native Method)
        at java.util.concurrent.locks.LockSupport.park(LockSupport.java:175)
        at java.util.concurrent.locks.AbstractQueuedSynchronizer$ConditionObject.await(AbstractQueuedSynchronizer.java:2039)
        at java.util.concurrent.LinkedBlockingDeque.takeFirst(LinkedBlockingDeque.java:492)
        at java.util.concurrent.LinkedBlockingDeque.take(LinkedBlockingDeque.java:680)
        at java.util.concurrent.ThreadPoolExecutor.getTask(ThreadPoolExecutor.java:1074)
        at java.util.concurrent.ThreadPoolExecutor.runWorker(ThreadPoolExecutor.java:1134)
        at java.util.concurrent.ThreadPoolExecutor$Worker.run(ThreadPoolExecutor.java:624)
        at java.lang.Thread.run(Thread.java:748)
"BlockDeletingService#7" daemon prio=5 tid=5075 in Object.wait()
java.lang.Thread.State: WAITING (on object monitor)
        at sun.misc.Unsafe.park(Native Method)
        at java.util.concurrent.locks.LockSupport.park(LockSupport.java:175)
        at java.util.concurrent.locks.AbstractQueuedSynchronizer$ConditionObject.await(AbstractQueuedSynchronizer.java:2039)
        at java.util.concurrent.ScheduledThreadPoolExecutor$DelayedWorkQueue.take(ScheduledThreadPoolExecutor.java:1088)
        at java.util.concurrent.ScheduledThreadPoolExecutor$DelayedWorkQueue.take(ScheduledThreadPoolExecutor.java:809)
        at java.util.concurrent.ThreadPoolExecutor.getTask(ThreadPoolExecutor.java:1074)
        at java.util.concurrent.ThreadPoolExecutor.runWorker(ThreadPoolExecutor.java:1134)
        at java.util.concurrent.ThreadPoolExecutor$Worker.run(ThreadPoolExecutor.java:624)
        at java.lang.Thread.run(Thread.java:748)
"Socket Reader #1 for port 0"  prio=5 tid=4840 runnable
java.lang.Thread.State: RUNNABLE
        at sun.nio.ch.EPollArrayWrapper.epollWait(Native Method)
        at sun.nio.ch.EPollArrayWrapper.poll(EPollArrayWrapper.java:269)
        at sun.nio.ch.EPollSelectorImpl.doSelect(EPollSelectorImpl.java:93)
        at sun.nio.ch.SelectorImpl.lockAndDoSelect(SelectorImpl.java:86)
        at sun.nio.ch.SelectorImpl.select(SelectorImpl.java:97)
        at sun.nio.ch.SelectorImpl.select(SelectorImpl.java:101)
        at org.apache.hadoop.ipc.Server$Listener$Reader.doRunLoop(Server.java:1288)
        at org.apache.hadoop.ipc.Server$Listener$Reader.run(Server.java:1267)
"pool-467-thread-8"  prio=5 tid=5224 in Object.wait()
java.lang.Thread.State: WAITING (on object monitor)
        at sun.misc.Unsafe.park(Native Method)
        at java.util.concurrent.locks.LockSupport.park(LockSupport.java:175)
        at java.util.concurrent.locks.AbstractQueuedSynchronizer$ConditionObject.await(AbstractQueuedSynchronizer.java:2039)
        at java.util.concurrent.LinkedBlockingQueue.take(LinkedBlockingQueue.java:442)
        at java.util.concurrent.ThreadPoolExecutor.getTask(ThreadPoolExecutor.java:1074)
        at java.util.concurrent.ThreadPoolExecutor.runWorker(ThreadPoolExecutor.java:1134)
        at java.util.concurrent.ThreadPoolExecutor$Worker.run(ThreadPoolExecutor.java:624)
        at java.lang.Thread.run(Thread.java:748)
"IPC Server handler 10 on default port 37371" daemon prio=5 tid=4864 timed_waiting
java.lang.Thread.State: TIMED_WAITING
        at sun.misc.Unsafe.park(Native Method)
        at java.util.concurrent.locks.LockSupport.parkNanos(LockSupport.java:215)
        at java.util.concurrent.locks.AbstractQueuedSynchronizer$ConditionObject.awaitNanos(AbstractQueuedSynchronizer.java:2078)
        at java.util.concurrent.LinkedBlockingQueue.poll(LinkedBlockingQueue.java:467)
        at org.apache.hadoop.ipc.CallQueueManager.take(CallQueueManager.java:317)
        at org.apache.hadoop.ipc.Server$Handler.run(Server.java:2932)
"EventQueue-PipelineReportForOneReplicaPipelineSafeModeRule" daemon prio=5 tid=5106 in Object.wait()
java.lang.Thread.State: WAITING (on object monitor)
        at sun.misc.Unsafe.park(Native Method)
        at java.util.concurrent.locks.LockSupport.park(LockSupport.java:175)
        at java.util.concurrent.locks.AbstractQueuedSynchronizer$ConditionObject.await(AbstractQueuedSynchronizer.java:2039)
        at java.util.concurrent.LinkedBlockingQueue.take(LinkedBlockingQueue.java:442)
        at java.util.concurrent.ThreadPoolExecutor.getTask(ThreadPoolExecutor.java:1074)
        at java.util.concurrent.ThreadPoolExecutor.runWorker(ThreadPoolExecutor.java:1134)
        at java.util.concurrent.ThreadPoolExecutor$Worker.run(ThreadPoolExecutor.java:624)
        at java.lang.Thread.run(Thread.java:748)
"qtp717308094-4981-acceptor-0@78c74e27-ServerConnector@556ed69c{HTTP/1.1, (http/1.1)}{0.0.0.0:35465}" daemon prio=3 tid=4981 runnable
java.lang.Thread.State: RUNNABLE
        at sun.nio.ch.ServerSocketChannelImpl.accept0(Native Method)
        at sun.nio.ch.ServerSocketChannelImpl.accept(ServerSocketChannelImpl.java:421)
        at sun.nio.ch.ServerSocketChannelImpl.accept(ServerSocketChannelImpl.java:249)
        at org.eclipse.jetty.server.ServerConnector.accept(ServerConnector.java:388)
        at org.eclipse.jetty.server.AbstractConnector$Acceptor.run(AbstractConnector.java:702)
        at org.eclipse.jetty.util.thread.QueuedThreadPool.runJob(QueuedThreadPool.java:883)
        at org.eclipse.jetty.util.thread.QueuedThreadPool$Runner.run(QueuedThreadPool.java:1034)
        at java.lang.Thread.run(Thread.java:748)


	at org.apache.ozone.test.GenericTestUtils.waitFor(GenericTestUtils.java:225)
	at org.apache.hadoop.ozone.container.common.statemachine.commandhandler.TestBlockDeletion.testBlockDeletion(TestBlockDeletion.java:246)
	at sun.reflect.NativeMethodAccessorImpl.invoke0(Native Method)
	at sun.reflect.NativeMethodAccessorImpl.invoke(NativeMethodAccessorImpl.java:62)
	at sun.reflect.DelegatingMethodAccessorImpl.invoke(DelegatingMethodAccessorImpl.java:43)
	at java.lang.reflect.Method.invoke(Method.java:498)
	at org.junit.runners.model.FrameworkMethod$1.runReflectiveCall(FrameworkMethod.java:59)
	at org.junit.internal.runners.model.ReflectiveCallable.run(ReflectiveCallable.java:12)
	at org.junit.runners.model.FrameworkMethod.invokeExplosively(FrameworkMethod.java:56)
	at org.junit.internal.runners.statements.InvokeMethod.evaluate(InvokeMethod.java:17)
	at org.junit.internal.runners.statements.RunBefores.evaluate(RunBefores.java:26)
	at org.junit.internal.runners.statements.RunAfters.evaluate(RunAfters.java:27)
	at org.junit.runners.ParentRunner$3.evaluate(ParentRunner.java:306)
	at org.junit.runners.BlockJUnit4ClassRunner$1.evaluate(BlockJUnit4ClassRunner.java:100)
	at org.junit.runners.ParentRunner.runLeaf(ParentRunner.java:366)
	at org.junit.runners.BlockJUnit4ClassRunner.runChild(BlockJUnit4ClassRunner.java:103)
	at org.junit.runners.BlockJUnit4ClassRunner.runChild(BlockJUnit4ClassRunner.java:63)
	at org.junit.runners.ParentRunner$4.run(ParentRunner.java:331)
	at org.junit.runners.ParentRunner$1.schedule(ParentRunner.java:79)
	at org.junit.runners.ParentRunner.runChildren(ParentRunner.java:329)
	at org.junit.runners.ParentRunner.access$100(ParentRunner.java:66)
	at org.junit.runners.ParentRunner$2.evaluate(ParentRunner.java:293)
	at org.junit.runners.ParentRunner$3.evaluate(ParentRunner.java:306)
	at org.junit.runners.ParentRunner.run(ParentRunner.java:413)
	at org.junit.runner.JUnitCore.run(JUnitCore.java:137)
	at org.junit.runner.JUnitCore.run(JUnitCore.java:115)
	at org.junit.vintage.engine.execution.RunnerExecutor.execute(RunnerExecutor.java:43)
	at java.util.stream.ForEachOps$ForEachOp$OfRef.accept(ForEachOps.java:183)
	at java.util.stream.ReferencePipeline$3$1.accept(ReferencePipeline.java:193)
	at java.util.Iterator.forEachRemaining(Iterator.java:116)
	at java.util.Spliterators$IteratorSpliterator.forEachRemaining(Spliterators.java:1801)
	at java.util.stream.AbstractPipeline.copyInto(AbstractPipeline.java:482)
	at java.util.stream.AbstractPipeline.wrapAndCopyInto(AbstractPipeline.java:472)
	at java.util.stream.ForEachOps$ForEachOp.evaluateSequential(ForEachOps.java:150)
	at java.util.stream.ForEachOps$ForEachOp$OfRef.evaluateSequential(ForEachOps.java:173)
	at java.util.stream.AbstractPipeline.evaluate(AbstractPipeline.java:234)
	at java.util.stream.ReferencePipeline.forEach(ReferencePipeline.java:485)
	at org.junit.vintage.engine.VintageTestEngine.executeAllChildren(VintageTestEngine.java:82)
	at org.junit.vintage.engine.VintageTestEngine.execute(VintageTestEngine.java:73)
	at org.junit.platform.launcher.core.EngineExecutionOrchestrator.execute(EngineExecutionOrchestrator.java:108)
	at org.junit.platform.launcher.core.EngineExecutionOrchestrator.execute(EngineExecutionOrchestrator.java:88)
	at org.junit.platform.launcher.core.EngineExecutionOrchestrator.lambda$execute$0(EngineExecutionOrchestrator.java:54)
	at org.junit.platform.launcher.core.EngineExecutionOrchestrator.withInterceptedStreams(EngineExecutionOrchestrator.java:67)
	at org.junit.platform.launcher.core.EngineExecutionOrchestrator.execute(EngineExecutionOrchestrator.java:52)
	at org.junit.platform.launcher.core.DefaultLauncher.execute(DefaultLauncher.java:96)
	at org.junit.platform.launcher.core.DefaultLauncher.execute(DefaultLauncher.java:75)
	at org.apache.maven.surefire.junitplatform.JUnitPlatformProvider.invokeAllTests(JUnitPlatformProvider.java:142)
	at org.apache.maven.surefire.junitplatform.JUnitPlatformProvider.invoke(JUnitPlatformProvider.java:113)
	at org.apache.maven.surefire.booter.ForkedBooter.invokeProviderInSameClassLoader(ForkedBooter.java:384)
	at org.apache.maven.surefire.booter.ForkedBooter.runSuitesInProcess(ForkedBooter.java:345)
	at org.apache.maven.surefire.booter.ForkedBooter.execute(ForkedBooter.java:126)
	at org.apache.maven.surefire.booter.ForkedBooter.main(ForkedBooter.java:418)
</error>
    <system-out><![CDATA[2021-08-10 12:15:07,809 [Listener at 127.0.0.1/40103] WARN  server.ServerUtils (ServerUtils.java:getScmDbDir(148)) - ozone.scm.db.dirs is not configured. We recommend adding this setting. Falling back to ozone.metadata.dirs instead.
2021-08-10 12:15:07,824 [Listener at 127.0.0.1/40103] INFO  ha.SCMHANodeDetails (SCMHANodeDetails.java:loadSCMHAConfig(157)) - ServiceID for StorageContainerManager is null
2021-08-10 12:15:07,824 [Listener at 127.0.0.1/40103] INFO  ha.SCMHANodeDetails (SCMHANodeDetails.java:loadSCMHAConfig(162)) - ozone.scm.default.service.id is not defined, falling back to ozone.scm.service.ids to find serviceID for StorageContainerManager if it is HA enabled cluster
2021-08-10 12:15:07,825 [Listener at 127.0.0.1/40103] WARN  server.ServerUtils (ServerUtils.java:getScmDbDir(148)) - ozone.scm.db.dirs is not configured. We recommend adding this setting. Falling back to ozone.metadata.dirs instead.
2021-08-10 12:15:07,825 [Listener at 127.0.0.1/40103] INFO  upgrade.AbstractLayoutVersionManager (AbstractLayoutVersionManager.java:init(70)) - Initializing Layout version manager with metadata layout = SCM_HA (version = 2), software layout = SCM_HA (version = 2)
2021-08-10 12:15:07,980 [Listener at 127.0.0.1/40103] INFO  reflections.Reflections (Reflections.java:scan(232)) - Reflections took 154 ms to scan 7 urls, producing 120 keys and 275 values 
2021-08-10 12:15:07,981 [Listener at 127.0.0.1/40103] WARN  utils.HAUtils (HAUtils.java:getMetaDir(342)) - ozone.scm.db.dirs is not configured. We recommend adding this setting. Falling back to ozone.metadata.dirs instead.
2021-08-10 12:15:07,991 [Listener at 127.0.0.1/40103] WARN  db.DBStoreBuilder (DBStoreBuilder.java:applyDBDefinition(145)) - ozone.scm.db.dirs is not configured. We recommend adding this setting. Falling back to ozone.metadata.dirs instead.
2021-08-10 12:15:08,229 [Listener at 127.0.0.1/40103] INFO  net.NodeSchemaLoader (NodeSchemaLoader.java:loadSchemaFromFile(129)) - Loading schema from [jar:file:/home/runner/.m2/repository/org/apache/ozone/hdds-common/1.2.0-SNAPSHOT/hdds-common-1.2.0-SNAPSHOT.jar!/network-topology-default.xml]
2021-08-10 12:15:08,232 [Listener at 127.0.0.1/40103] INFO  net.NodeSchemaLoader (NodeSchemaLoader.java:loadSchema(176)) - Loading network topology layer schema file
2021-08-10 12:15:08,235 [Listener at 127.0.0.1/40103] INFO  ha.SequenceIdGenerator (SequenceIdGenerator.java:upgradeToSequenceId(327)) - upgrade localId to 107544261427200000
2021-08-10 12:15:08,239 [Listener at 127.0.0.1/40103] INFO  ha.SequenceIdGenerator (SequenceIdGenerator.java:upgradeToSequenceId(337)) - upgrade delTxnId to 0
2021-08-10 12:15:08,239 [Listener at 127.0.0.1/40103] INFO  ha.SequenceIdGenerator (SequenceIdGenerator.java:upgradeToSequenceId(351)) - upgrade containerId to 0
2021-08-10 12:15:08,239 [Listener at 127.0.0.1/40103] INFO  ha.SequenceIdGenerator (SequenceIdGenerator.java:<init>(217)) - Init the HA SequenceIdGenerator.
2021-08-10 12:15:08,258 [Listener at 127.0.0.1/40103] INFO  node.SCMNodeManager (SCMNodeManager.java:<init>(145)) - Entering startup safe mode.
2021-08-10 12:15:08,259 [Listener at 127.0.0.1/40103] INFO  algorithms.ContainerPlacementPolicyFactory (ContainerPlacementPolicyFactory.java:getPolicy(60)) - Create container placement policy of type org.apache.hadoop.hdds.scm.container.placement.algorithms.SCMContainerPlacementRandom
2021-08-10 12:15:08,259 [Listener at 127.0.0.1/40103] INFO  pipeline.PipelineStateManager (PipelineStateManagerV2Impl.java:initialize(78)) - No pipeline exists in current db
2021-08-10 12:15:08,259 [Listener at 127.0.0.1/40103] INFO  algorithms.LeaderChoosePolicyFactory (LeaderChoosePolicyFactory.java:getPolicy(57)) - Create leader choose policy of type org.apache.hadoop.hdds.scm.pipeline.leader.choose.algorithms.MinLeaderCountChoosePolicy
2021-08-10 12:15:08,260 [Listener at 127.0.0.1/40103] INFO  ha.SCMServiceManager (SCMServiceManager.java:register(43)) - Registering service BackgroundPipelineCreator.
2021-08-10 12:15:08,260 [Listener at 127.0.0.1/40103] INFO  pipeline.BackgroundPipelineCreator (BackgroundPipelineCreatorV2.java:start(130)) - Starting RatisPipelineUtilsThread.
2021-08-10 12:15:08,263 [Listener at 127.0.0.1/40103] INFO  algorithms.PipelineChoosePolicyFactory (PipelineChoosePolicyFactory.java:createPipelineChoosePolicyFromClass(73)) - Create pipeline choose policy of type org.apache.hadoop.hdds.scm.pipeline.choose.algorithms.RandomPipelineChoosePolicy
2021-08-10 12:15:08,264 [Listener at 127.0.0.1/40103] INFO  ha.SCMServiceManager (SCMServiceManager.java:register(43)) - Registering service SCMBlockDeletingService.
2021-08-10 12:15:08,265 [Listener at 127.0.0.1/40103] INFO  ha.SCMServiceManager (SCMServiceManager.java:register(43)) - Registering service ReplicationManager.
2021-08-10 12:15:08,265 [Listener at 127.0.0.1/40103] INFO  container.ReplicationManager (ReplicationManager.java:start(286)) - Starting Replication Monitor Thread.
2021-08-10 12:15:08,268 [Listener at 127.0.0.1/40103] INFO  safemode.ContainerSafeModeRule (ContainerSafeModeRule.java:<init>(89)) - containers with one replica threshold count 0
2021-08-10 12:15:08,269 [Listener at 127.0.0.1/40103] INFO  safemode.HealthyPipelineSafeModeRule (HealthyPipelineSafeModeRule.java:initializeRule(156)) - Total pipeline count is 0, healthy pipeline threshold count is 1
2021-08-10 12:15:08,269 [Listener at 127.0.0.1/40103] INFO  safemode.OneReplicaPipelineSafeModeRule (OneReplicaPipelineSafeModeRule.java:initializeRule(180)) - Total pipeline count is 0, pipeline's with at least one datanode reported threshold count is 0
2021-08-10 12:15:08,295 [Listener at 127.0.0.1/40103] INFO  ipc.CallQueueManager (CallQueueManager.java:<init>(90)) - Using callQueue: class java.util.concurrent.LinkedBlockingQueue, queueCapacity: 2000, scheduler: class org.apache.hadoop.ipc.DefaultRpcScheduler, ipcBackoff: false.
2021-08-10 12:15:08,306 [Socket Reader #1 for port 0] INFO  ipc.Server (Server.java:run(1265)) - Starting Socket Reader #1 for port 0
2021-08-10 12:15:08,307 [Listener at 0.0.0.0/35463] INFO  ipc.CallQueueManager (CallQueueManager.java:<init>(90)) - Using callQueue: class java.util.concurrent.LinkedBlockingQueue, queueCapacity: 2000, scheduler: class org.apache.hadoop.ipc.DefaultRpcScheduler, ipcBackoff: false.
2021-08-10 12:15:08,295 [ReplicationMonitor] INFO  container.ReplicationManager (ReplicationManager.java:processAll(341)) - Replication Monitor Thread took 0 milliseconds for processing 0 containers.
2021-08-10 12:15:08,339 [Socket Reader #1 for port 0] INFO  ipc.Server (Server.java:run(1265)) - Starting Socket Reader #1 for port 0
2021-08-10 12:15:08,343 [Listener at 0.0.0.0/43167] INFO  ipc.CallQueueManager (CallQueueManager.java:<init>(90)) - Using callQueue: class java.util.concurrent.LinkedBlockingQueue, queueCapacity: 2000, scheduler: class org.apache.hadoop.ipc.DefaultRpcScheduler, ipcBackoff: false.
2021-08-10 12:15:08,355 [Socket Reader #1 for port 0] INFO  ipc.Server (Server.java:run(1265)) - Starting Socket Reader #1 for port 0
2021-08-10 12:15:08,427 [Listener at 0.0.0.0/37371] INFO  server.StorageContainerManager (StorageContainerManager.java:<init>(380)) - 
Container Balancer status:
Key                            Value
Running                        true
Container Balancer Configuration values:
Key                            Value
Threshold                      0.1
Max Datanodes to Balance       5
Max Size to Move               10737418240B

2021-08-10 12:15:08,427 [Listener at 0.0.0.0/37371] WARN  events.EventQueue (EventQueue.java:fireEvent(194)) - No event handler registered for event TypedEvent{payloadType=SafeModeStatus, name='Safe mode status'}
2021-08-10 12:15:08,427 [Listener at 0.0.0.0/37371] INFO  ha.SCMContext (SCMContext.java:updateSafeModeStatus(205)) - Update SafeModeStatus from SafeModeStatus{safeModeStatus=true, preCheckPassed=false} to SafeModeStatus{safeModeStatus=true, preCheckPassed=false}.
2021-08-10 12:15:08,428 [Listener at 0.0.0.0/37371] INFO  server.StorageContainerManager (StorageContainerManager.java:start(1246)) - StorageContainerLocationProtocol RPC server is listening at /0.0.0.0:37371
2021-08-10 12:15:08,429 [Listener at 0.0.0.0/37371] WARN  impl.MetricsConfig (MetricsConfig.java:loadFirst(136)) - Cannot locate configuration: tried hadoop-metrics2-storagecontainermanager.properties,hadoop-metrics2.properties
2021-08-10 12:15:08,451 [Listener at 0.0.0.0/37371] INFO  impl.MetricsSystemImpl (MetricsSystemImpl.java:startTimer(378)) - Scheduled Metric snapshot period at 10 second(s).
2021-08-10 12:15:08,451 [Listener at 0.0.0.0/37371] INFO  impl.MetricsSystemImpl (MetricsSystemImpl.java:start(191)) - StorageContainerManager metrics system started
2021-08-10 12:15:08,482 [Listener at 0.0.0.0/37371] INFO  impl.MetricsSinkAdapter (MetricsSinkAdapter.java:start(204)) - Sink prometheus started
2021-08-10 12:15:08,483 [Listener at 0.0.0.0/37371] INFO  impl.MetricsSystemImpl (MetricsSystemImpl.java:registerSink(305)) - Registered sink prometheus
2021-08-10 12:15:08,559 [Listener at 0.0.0.0/37371] INFO  server.SCMClientProtocolServer (SCMClientProtocolServer.java:start(165)) - RPC server for Client  is listening at /0.0.0.0:37371
2021-08-10 12:15:08,563 [IPC Server Responder] INFO  ipc.Server (Server.java:run(1507)) - IPC Server Responder: starting
2021-08-10 12:15:08,568 [IPC Server listener on 0] INFO  ipc.Server (Server.java:run(1344)) - IPC Server listener on 0: starting
2021-08-10 12:15:08,675 [Listener at 0.0.0.0/37371] INFO  server.StorageContainerManager (StorageContainerManager.java:start(1261)) - ScmBlockLocationProtocol RPC server is listening at /0.0.0.0:43167
2021-08-10 12:15:08,675 [Listener at 0.0.0.0/37371] INFO  server.SCMBlockProtocolServer (SCMBlockProtocolServer.java:start(151)) - RPC server for Block Protocol is listening at /0.0.0.0:43167
2021-08-10 12:15:08,690 [IPC Server Responder] INFO  ipc.Server (Server.java:run(1507)) - IPC Server Responder: starting
2021-08-10 12:15:08,718 [IPC Server listener on 0] INFO  ipc.Server (Server.java:run(1344)) - IPC Server listener on 0: starting
2021-08-10 12:15:08,935 [Listener at 0.0.0.0/37371] INFO  server.StorageContainerManager (StorageContainerManager.java:start(1267)) - ScmDatanodeProtocl RPC server is listening at /0.0.0.0:35463
2021-08-10 12:15:08,935 [Listener at 0.0.0.0/37371] INFO  server.SCMDatanodeProtocolServer (SCMDatanodeProtocolServer.java:start(181)) - RPC server for DataNodes is listening at /0.0.0.0:35463
2021-08-10 12:15:08,939 [IPC Server Responder] INFO  ipc.Server (Server.java:run(1507)) - IPC Server Responder: starting
2021-08-10 12:15:08,963 [IPC Server listener on 0] INFO  ipc.Server (Server.java:run(1344)) - IPC Server listener on 0: starting
2021-08-10 12:15:09,111 [Listener at 0.0.0.0/37371] INFO  http.BaseHttpServer (BaseHttpServer.java:newHttpServer2BuilderForOzone(209)) - Starting Web-server for scm at: http://0.0.0.0:0
2021-08-10 12:15:09,111 [Listener at 0.0.0.0/37371] INFO  http.BaseHttpServer (BaseHttpServer.java:<init>(107)) - Hadoop Security Enabled: false Ozone Security Enabled: false Ozone HTTP Security Enabled: false 
2021-08-10 12:15:09,113 [Listener at 0.0.0.0/37371] INFO  server.AuthenticationFilter (AuthenticationFilter.java:constructSecretProvider(240)) - Unable to initialize FileSignerSecretProvider, falling back to use random secrets.
2021-08-10 12:15:09,116 [org.apache.hadoop.util.JvmPauseMonitor$Monitor@52e2ea7a] INFO  util.JvmPauseMonitor (JvmPauseMonitor.java:run(188)) - Starting JVM pause monitor
2021-08-10 12:15:09,127 [Listener at 0.0.0.0/37371] WARN  http.HttpRequestLog (HttpRequestLog.java:getRequestLog(103)) - Jetty request log can only be enabled using Log4j
2021-08-10 12:15:09,128 [Listener at 0.0.0.0/37371] INFO  http.HttpServer2 (HttpServer2.java:addGlobalFilter(1020)) - Added global filter 'safety' (class=org.apache.hadoop.hdds.server.http.HttpServer2$QuotingInputFilter)
2021-08-10 12:15:09,129 [Listener at 0.0.0.0/37371] INFO  http.HttpServer2 (HttpServer2.java:addFilter(996)) - Added filter static_user_filter (class=org.apache.hadoop.http.lib.StaticUserWebFilter$StaticUserFilter) to context scm
2021-08-10 12:15:09,129 [Listener at 0.0.0.0/37371] INFO  http.HttpServer2 (HttpServer2.java:addFilter(1004)) - Added filter static_user_filter (class=org.apache.hadoop.http.lib.StaticUserWebFilter$StaticUserFilter) to context static
2021-08-10 12:15:09,129 [Listener at 0.0.0.0/37371] INFO  http.HttpServer2 (HttpServer2.java:addFilter(1004)) - Added filter static_user_filter (class=org.apache.hadoop.http.lib.StaticUserWebFilter$StaticUserFilter) to context logs
2021-08-10 12:15:09,129 [Listener at 0.0.0.0/37371] INFO  http.HttpServer2 (HttpServer2.java:bindListener(1239)) - Jetty bound to port 38235
2021-08-10 12:15:09,129 [Listener at 0.0.0.0/37371] INFO  server.Server (Server.java:doStart(375)) - jetty-9.4.43.v20210629; built: 2021-06-30T11:07:22.254Z; git: 526006ecfa3af7f1a27ef3a288e2bef7ea9dd7e8; jvm 1.8.0_292-b10
2021-08-10 12:15:09,131 [Listener at 0.0.0.0/37371] INFO  server.session (DefaultSessionIdManager.java:doStart(334)) - DefaultSessionIdManager workerName=node0
2021-08-10 12:15:09,132 [Listener at 0.0.0.0/37371] INFO  server.session (DefaultSessionIdManager.java:doStart(339)) - No SessionScavenger set, using defaults
2021-08-10 12:15:09,132 [Listener at 0.0.0.0/37371] INFO  server.session (HouseKeeper.java:startScavenging(132)) - node0 Scavenging every 660000ms
2021-08-10 12:15:09,132 [Listener at 0.0.0.0/37371] INFO  handler.ContextHandler (ContextHandler.java:doStart(915)) - Started o.e.j.s.ServletContextHandler@35f5a342{logs,/logs,file:///home/runner/work/ozone/ozone/hadoop-ozone/integration-test/target/log,AVAILABLE}
2021-08-10 12:15:09,133 [Listener at 0.0.0.0/37371] INFO  handler.ContextHandler (ContextHandler.java:doStart(915)) - Started o.e.j.s.ServletContextHandler@2f9ec8ad{static,/static,file:///home/runner/work/ozone/ozone/hadoop-ozone/integration-test/target/test-classes/webapps/static,AVAILABLE}
2021-08-10 12:15:09,135 [Listener at 0.0.0.0/37371] INFO  handler.ContextHandler (ContextHandler.java:doStart(915)) - Started o.e.j.w.WebAppContext@2024f4b7{scm,/,file:///home/runner/work/ozone/ozone/hadoop-ozone/integration-test/target/test-classes/webapps/scm/,AVAILABLE}{file:/home/runner/work/ozone/ozone/hadoop-ozone/integration-test/target/test-classes/webapps/scm}
2021-08-10 12:15:09,143 [Listener at 0.0.0.0/37371] INFO  server.AbstractConnector (AbstractConnector.java:doStart(331)) - Started ServerConnector@77530cf7{HTTP/1.1, (http/1.1)}{0.0.0.0:38235}
2021-08-10 12:15:09,143 [Listener at 0.0.0.0/37371] INFO  server.Server (Server.java:doStart(415)) - Started @115634ms
2021-08-10 12:15:09,143 [Listener at 0.0.0.0/37371] WARN  impl.MetricsSystemImpl (MetricsSystemImpl.java:register(279)) - Sink prometheus already exists!
2021-08-10 12:15:09,144 [Listener at 0.0.0.0/37371] INFO  http.BaseHttpServer (BaseHttpServer.java:updateConnectorAddress(329)) - HTTP server of scm listening at http://0.0.0.0:38235
2021-08-10 12:15:09,144 [Listener at 0.0.0.0/37371] WARN  server.ServerUtils (ServerUtils.java:getDBPath(225)) - ozone.om.db.dirs is not configured. We recommend adding this setting. Falling back to ozone.metadata.dirs instead.
2021-08-10 12:15:09,145 [Listener at 0.0.0.0/37371] INFO  ha.OMHANodeDetails (OMHANodeDetails.java:loadOMHAConfig(112)) - ozone.om.internal.service.id is not defined, falling back to ozone.om.service.ids to find serviceID for OzoneManager if it is HA enabled cluster
2021-08-10 12:15:09,145 [Listener at 0.0.0.0/37371] INFO  ha.OMHANodeDetails (OMHANodeDetails.java:loadOMHAConfig(219)) - Configuration does not have ozone.om.address set. Falling back to the default OM address /127.0.0.1:0
2021-08-10 12:15:09,146 [Listener at 0.0.0.0/37371] INFO  ha.OMHANodeDetails (OMHANodeDetails.java:getOMNodeDetails(247)) - OM Service ID is not set. Setting it to the default ID: omServiceIdDefault
2021-08-10 12:15:09,146 [Listener at 0.0.0.0/37371] INFO  ha.OMHANodeDetails (OMHANodeDetails.java:getOMNodeDetails(254)) - OM Node ID is not set. Setting it to the default ID: om1
2021-08-10 12:15:09,146 [Listener at 0.0.0.0/37371] WARN  server.ServerUtils (ServerUtils.java:getDBPath(225)) - ozone.om.db.dirs is not configured. We recommend adding this setting. Falling back to ozone.metadata.dirs instead.
2021-08-10 12:15:09,146 [Listener at 0.0.0.0/37371] INFO  upgrade.AbstractLayoutVersionManager (AbstractLayoutVersionManager.java:init(70)) - Initializing Layout version manager with metadata layout = INITIAL_VERSION (version = 0), software layout = INITIAL_VERSION (version = 0)
2021-08-10 12:15:09,269 [Listener at 0.0.0.0/37371] INFO  reflections.Reflections (Reflections.java:scan(232)) - Reflections took 122 ms to scan 2 urls, producing 131 keys and 342 values [using 2 cores]
2021-08-10 12:15:09,270 [Listener at 0.0.0.0/37371] INFO  upgrade.OMLayoutVersionManager (OMLayoutVersionManager.java:lambda$0(116)) - Skipping Upgrade Action MockOmUpgradeAction since it has been finalized.
2021-08-10 12:15:09,270 [Listener at 0.0.0.0/37371] WARN  server.ServerUtils (ServerUtils.java:getDBPath(225)) - ozone.om.db.dirs is not configured. We recommend adding this setting. Falling back to ozone.metadata.dirs instead.
2021-08-10 12:15:09,304 [Listener at 0.0.0.0/37371] WARN  server.ServerUtils (ServerUtils.java:getDBPath(225)) - ozone.om.db.dirs is not configured. We recommend adding this setting. Falling back to ozone.metadata.dirs instead.
2021-08-10 12:15:09,304 [Listener at 0.0.0.0/37371] INFO  codec.OmKeyInfoCodec (OmKeyInfoCodec.java:<init>(51)) - OmKeyInfoCodec ignorePipeline = true
2021-08-10 12:15:09,304 [Listener at 0.0.0.0/37371] INFO  codec.RepeatedOmKeyInfoCodec (RepeatedOmKeyInfoCodec.java:<init>(42)) - RepeatedOmKeyInfoCodec ignorePipeline = true
2021-08-10 12:15:09,591 [Listener at 0.0.0.0/37371] INFO  om.OzoneManager (OzoneManager.java:addS3GVolumeToDB(4115)) - Created Volume s3v With Owner runner required for S3Gateway operations.
2021-08-10 12:15:09,592 [Listener at 0.0.0.0/37371] WARN  server.ServerUtils (ServerUtils.java:getDefaultRatisDirectory(237)) - Storage directory for Ratis is not configured. It is a good idea to map this to an SSD disk. Falling back to ozone.metadata.dirs
2021-08-10 12:15:09,592 [Listener at 0.0.0.0/37371] WARN  utils.OzoneManagerRatisUtils (OzoneManagerRatisUtils.java:getOMRatisSnapshotDirectory(391)) - ozone.om.ratis.snapshot.dir is not configured. Falling back to ozone.metadata.dirs config
2021-08-10 12:15:09,592 [Listener at 0.0.0.0/37371] WARN  impl.MetricRegistriesImpl (MetricRegistriesImpl.java:addReporterRegistration(111)) - New reporters are added after registries were created. Some metrics will be missing from the reporter. Please add reporter before adding any new registry.
2021-08-10 12:15:09,592 [Listener at 0.0.0.0/37371] WARN  impl.MetricRegistriesImpl (MetricRegistriesImpl.java:addReporterRegistration(111)) - New reporters are added after registries were created. Some metrics will be missing from the reporter. Please add reporter before adding any new registry.
2021-08-10 12:15:09,592 [Listener at 0.0.0.0/37371] WARN  server.ServerUtils (ServerUtils.java:getDefaultRatisDirectory(237)) - Storage directory for Ratis is not configured. It is a good idea to map this to an SSD disk. Falling back to ozone.metadata.dirs
2021-08-10 12:15:09,593 [Listener at 0.0.0.0/37371] INFO  ratis.OzoneManagerRatisServer (OzoneManagerRatisServer.java:<init>(158)) - Instantiating OM Ratis server with groupID: omServiceIdDefault and peers: localhost:9872
2021-08-10 12:15:09,594 [Listener at 0.0.0.0/37371] INFO  ratis.OzoneManagerStateMachine (OzoneManagerStateMachine.java:loadSnapshotInfoFromDB(605)) - LastAppliedIndex is set from TransactionInfo from OM DB as (t:0, i:~)
2021-08-10 12:15:09,638 [Listener at 0.0.0.0/37371] INFO  server.RaftServer (ConfUtils.java:logGet(44)) - raft.rpc.type = GRPC (default)
2021-08-10 12:15:09,638 [Listener at 0.0.0.0/37371] INFO  grpc.GrpcFactory (GrpcFactory.java:checkPooledByteBufAllocatorUseCacheForAllThreads(48)) - PERFORMANCE WARNING: useCacheForAllThreads is true that may cause Netty to create a lot garbage objects and, as a result, trigger GC.
	It is recommended to disable useCacheForAllThreads by setting -Dorg.apache.ratis.thirdparty.io.netty.allocator.useCacheForAllThreads=false in command line.
2021-08-10 12:15:09,638 [Listener at 0.0.0.0/37371] INFO  grpc.GrpcConfigKeys (ConfUtils.java:logGet(44)) - raft.grpc.admin.port = -1 (default)
2021-08-10 12:15:09,639 [Listener at 0.0.0.0/37371] INFO  grpc.GrpcConfigKeys (ConfUtils.java:logGet(44)) - raft.grpc.server.port = 9872 (custom)
2021-08-10 12:15:09,639 [Listener at 0.0.0.0/37371] INFO  grpc.GrpcConfigKeys (ConfUtils.java:logGet(44)) - raft.grpc.client.port = -1 (default)
2021-08-10 12:15:09,639 [Listener at 0.0.0.0/37371] INFO  grpc.GrpcConfigKeys (ConfUtils.java:logGet(44)) - raft.grpc.server.port = 9872 (custom)
2021-08-10 12:15:09,639 [Listener at 0.0.0.0/37371] INFO  grpc.GrpcConfigKeys (ConfUtils.java:logGet(44)) - raft.grpc.server.port = 9872 (custom)
2021-08-10 12:15:09,639 [Listener at 0.0.0.0/37371] INFO  server.GrpcService (ConfUtils.java:logGet(44)) - raft.grpc.message.size.max = 33554432 (custom)
2021-08-10 12:15:09,639 [Listener at 0.0.0.0/37371] INFO  server.RaftServerConfigKeys (ConfUtils.java:logGet(44)) - raft.server.log.appender.buffer.byte-limit = 33554432 (custom)
2021-08-10 12:15:09,639 [Listener at 0.0.0.0/37371] INFO  server.GrpcService (ConfUtils.java:logGet(44)) - raft.grpc.flow.control.window = 1MB (=1048576) (default)
2021-08-10 12:15:09,639 [Listener at 0.0.0.0/37371] INFO  server.RaftServerConfigKeys (ConfUtils.java:logGet(44)) - raft.server.rpc.request.timeout = 3000ms (default)
2021-08-10 12:15:09,641 [Listener at 0.0.0.0/37371] INFO  impl.DataStreamServerImpl (ConfUtils.java:logGet(44)) - raft.datastream.type = DISABLED (default)
2021-08-10 12:15:09,642 [Listener at 0.0.0.0/37371] INFO  server.RaftServerConfigKeys (ConfUtils.java:logGet(44)) - raft.server.rpc.slowness.timeout = 120s (custom)
2021-08-10 12:15:09,642 [Listener at 0.0.0.0/37371] INFO  server.RaftServerConfigKeys (ConfUtils.java:logGet(44)) - raft.server.leaderelection.leader.step-down.wait-time = 10s (default)
2021-08-10 12:15:09,642 [Listener at 0.0.0.0/37371] INFO  server.RaftServerConfigKeys (ConfUtils.java:logGet(44)) - raft.server.storage.dir = [/home/runner/work/ozone/ozone/hadoop-ozone/integration-test/target/test-dir/MiniOzoneClusterImpl-75f1614f-1661-444a-a475-726e833f1db0/ozone-meta/ratis] (custom)
2021-08-10 12:15:09,647 [Listener at 0.0.0.0/37371] INFO  server.RaftServer (RaftServerProxy.java:addNew(95)) - om1: addNew group-C5BA1605619E:[om1|rpc:localhost:9872|priority:0] returns group-C5BA1605619E:java.util.concurrent.CompletableFuture@20f27d34[Not completed]
2021-08-10 12:15:09,647 [Listener at 0.0.0.0/37371] INFO  om.OzoneManager (OzoneManager.java:initializeRatisServer(1573)) - OzoneManager Ratis server initialized at port 9872
2021-08-10 12:15:09,648 [Listener at 0.0.0.0/37371] INFO  ipc.CallQueueManager (CallQueueManager.java:<init>(90)) - Using callQueue: class java.util.concurrent.LinkedBlockingQueue, queueCapacity: 2000, scheduler: class org.apache.hadoop.ipc.DefaultRpcScheduler, ipcBackoff: false.
2021-08-10 12:15:09,648 [pool-406-thread-1] INFO  server.RaftServer$Division (RaftServerImpl.java:<init>(181)) - om1: new RaftServerImpl for group-C5BA1605619E:[om1|rpc:localhost:9872|priority:0] with OzoneManagerStateMachine:uninitialized
2021-08-10 12:15:09,668 [pool-406-thread-1] INFO  server.RaftServerConfigKeys (ConfUtils.java:logGet(44)) - raft.server.rpc.timeout.min = 1s (custom)
2021-08-10 12:15:09,668 [pool-406-thread-1] INFO  server.RaftServerConfigKeys (ConfUtils.java:logGet(44)) - raft.server.rpc.timeout.max = 1200ms (custom)
2021-08-10 12:15:09,668 [pool-406-thread-1] INFO  server.RaftServerConfigKeys (ConfUtils.java:logGet(44)) - raft.server.rpc.sleep.time = 25ms (default)
2021-08-10 12:15:09,668 [pool-406-thread-1] INFO  server.RaftServerConfigKeys (ConfUtils.java:logGet(44)) - raft.server.rpc.slowness.timeout = 120s (custom)
2021-08-10 12:15:09,669 [pool-406-thread-1] INFO  server.RaftServerConfigKeys (ConfUtils.java:logGet(44)) - raft.server.leaderelection.leader.step-down.wait-time = 10s (default)
2021-08-10 12:15:09,672 [Socket Reader #1 for port 0] INFO  ipc.Server (Server.java:run(1265)) - Starting Socket Reader #1 for port 0
2021-08-10 12:15:09,719 [pool-406-thread-1] INFO  server.RaftServerConfigKeys (ConfUtils.java:logGet(44)) - raft.server.sleep.deviation.threshold = 300ms (default)
2021-08-10 12:15:09,719 [pool-406-thread-1] INFO  server.RaftServerConfigKeys (ConfUtils.java:logGet(44)) - raft.server.log.appender.install.snapshot.enabled = false (custom)
2021-08-10 12:15:09,719 [pool-406-thread-1] INFO  server.RaftServer$Division (ServerState.java:<init>(105)) - om1@group-C5BA1605619E: ConfigurationManager, init=-1: [om1|rpc:localhost:9872|priority:0], old=null, confs=<EMPTY_MAP>
2021-08-10 12:15:09,719 [pool-406-thread-1] INFO  server.RaftServerConfigKeys (ConfUtils.java:logGet(44)) - raft.server.storage.dir = [/home/runner/work/ozone/ozone/hadoop-ozone/integration-test/target/test-dir/MiniOzoneClusterImpl-75f1614f-1661-444a-a475-726e833f1db0/ozone-meta/ratis] (custom)
2021-08-10 12:15:09,719 [pool-406-thread-1] INFO  server.RaftServerConfigKeys (ConfUtils.java:logGet(44)) - raft.server.log.corruption.policy = EXCEPTION (default)
2021-08-10 12:15:09,719 [pool-406-thread-1] INFO  server.RaftServerConfigKeys (ConfUtils.java:logGet(44)) - raft.server.storage.free-space.min = 0MB (=0) (default)
2021-08-10 12:15:09,719 [pool-406-thread-1] INFO  storage.RaftStorageDirectory (RaftStorageDirectoryImpl.java:analyzeStorage(135)) - The storage directory /home/runner/work/ozone/ozone/hadoop-ozone/integration-test/target/test-dir/MiniOzoneClusterImpl-75f1614f-1661-444a-a475-726e833f1db0/ozone-meta/ratis/bf265839-605b-3f16-9796-c5ba1605619e does not exist. Creating ...
2021-08-10 12:15:09,721 [pool-406-thread-1] INFO  storage.RaftStorageDirectory (RaftStorageDirectoryImpl.java:tryLock(230)) - Lock on /home/runner/work/ozone/ozone/hadoop-ozone/integration-test/target/test-dir/MiniOzoneClusterImpl-75f1614f-1661-444a-a475-726e833f1db0/ozone-meta/ratis/bf265839-605b-3f16-9796-c5ba1605619e/in_use.lock acquired by nodename 30050@fv-az270-250
2021-08-10 12:15:09,738 [pool-406-thread-1] INFO  storage.RaftStorage (RaftStorageImpl.java:format(89)) - Storage directory /home/runner/work/ozone/ozone/hadoop-ozone/integration-test/target/test-dir/MiniOzoneClusterImpl-75f1614f-1661-444a-a475-726e833f1db0/ozone-meta/ratis/bf265839-605b-3f16-9796-c5ba1605619e has been successfully formatted.
2021-08-10 12:15:09,757 [Listener at 127.0.0.1/43569] INFO  om.OzoneManager (OzoneManager.java:initFSOLayout(4321)) - Configured ozone.om.metadata.layout=SIMPLE and disabled optimized OM FS operations
2021-08-10 12:15:09,764 [Listener at 127.0.0.1/43569] INFO  impl.MetricsSystemImpl (MetricsSystemImpl.java:init(158)) - OzoneManager metrics system started (again)
2021-08-10 12:15:09,763 [pool-406-thread-1] INFO  server.RaftServerConfigKeys (ConfUtils.java:logGet(44)) - raft.server.notification.no-leader.timeout = 120s (custom)
2021-08-10 12:15:09,767 [pool-406-thread-1] INFO  server.RaftServerConfigKeys (ConfUtils.java:logGet(44)) - raft.server.log.use.memory = false (default)
2021-08-10 12:15:09,767 [pool-406-thread-1] INFO  server.RaftServerConfigKeys (ConfUtils.java:logGet(44)) - raft.server.log.purge.gap = 1000000 (custom)
2021-08-10 12:15:09,767 [pool-406-thread-1] INFO  server.RaftServerConfigKeys (ConfUtils.java:logGet(44)) - raft.server.log.appender.buffer.byte-limit = 33554432 (custom)
2021-08-10 12:15:09,767 [pool-406-thread-1] INFO  server.RaftServerConfigKeys (ConfUtils.java:logGet(44)) - raft.server.log.segment.size.max = 4194304 (custom)
2021-08-10 12:15:09,767 [pool-406-thread-1] INFO  server.RaftServerConfigKeys (ConfUtils.java:logGet(44)) - raft.server.log.segment.cache.num.max = 2 (custom)
2021-08-10 12:15:09,767 [pool-406-thread-1] INFO  server.RaftServerConfigKeys (ConfUtils.java:logGet(44)) - raft.server.log.segment.cache.size.max = 200MB (=209715200) (default)
2021-08-10 12:15:09,767 [pool-406-thread-1] INFO  segmented.SegmentedRaftLogWorker (SegmentedRaftLogWorker.java:<init>(182)) - new om1@group-C5BA1605619E-SegmentedRaftLogWorker for RaftStorageImpl:Storage Directory /home/runner/work/ozone/ozone/hadoop-ozone/integration-test/target/test-dir/MiniOzoneClusterImpl-75f1614f-1661-444a-a475-726e833f1db0/ozone-meta/ratis/bf265839-605b-3f16-9796-c5ba1605619e
2021-08-10 12:15:09,767 [pool-406-thread-1] INFO  server.RaftServerConfigKeys (ConfUtils.java:logGet(44)) - raft.server.log.queue.byte-limit = 64MB (=67108864) (default)
2021-08-10 12:15:09,767 [pool-406-thread-1] INFO  server.RaftServerConfigKeys (ConfUtils.java:logGet(44)) - raft.server.log.queue.element-limit = 4096 (default)
2021-08-10 12:15:09,767 [pool-406-thread-1] INFO  server.RaftServerConfigKeys (ConfUtils.java:logGet(44)) - raft.server.log.segment.size.max = 4194304 (custom)
2021-08-10 12:15:09,767 [pool-406-thread-1] INFO  server.RaftServerConfigKeys (ConfUtils.java:logGet(44)) - raft.server.log.preallocated.size = 4194304 (custom)
2021-08-10 12:15:09,767 [pool-406-thread-1] INFO  server.RaftServerConfigKeys (ConfUtils.java:logGet(44)) - raft.server.log.force.sync.num = 128 (default)
2021-08-10 12:15:09,768 [pool-406-thread-1] INFO  server.RaftServerConfigKeys (ConfUtils.java:logGet(44)) - raft.server.log.statemachine.data.sync = true (default)
2021-08-10 12:15:09,768 [pool-406-thread-1] INFO  server.RaftServerConfigKeys (ConfUtils.java:logGet(44)) - raft.server.log.statemachine.data.sync.timeout = 10s (default)
2021-08-10 12:15:09,768 [pool-406-thread-1] INFO  server.RaftServerConfigKeys (ConfUtils.java:logGet(44)) - raft.server.log.statemachine.data.sync.timeout.retry = -1 (default)
2021-08-10 12:15:09,775 [pool-406-thread-1] INFO  server.RaftServerConfigKeys (ConfUtils.java:logGet(44)) - raft.server.log.write.buffer.size = 64KB (=65536) (default)
2021-08-10 12:15:09,775 [pool-406-thread-1] INFO  server.RaftServerConfigKeys (ConfUtils.java:logGet(44)) - raft.server.log.statemachine.data.caching.enabled = false (default)
2021-08-10 12:15:09,775 [pool-406-thread-1] INFO  segmented.SegmentedRaftLogWorker (SegmentedRaftLogWorker.java:lambda$new$0(133)) - om1@group-C5BA1605619E-SegmentedRaftLogWorker: flushIndex: setUnconditionally 0 -> -1
2021-08-10 12:15:09,775 [pool-406-thread-1] INFO  segmented.SegmentedRaftLogWorker (SegmentedRaftLogWorker.java:lambda$new$0(133)) - om1@group-C5BA1605619E-SegmentedRaftLogWorker: safeCacheEvictIndex: setUnconditionally 0 -> -1
2021-08-10 12:15:09,790 [pool-406-thread-1] INFO  server.RaftServerConfigKeys (ConfUtils.java:logGet(44)) - raft.server.snapshot.auto.trigger.enabled = true (custom)
2021-08-10 12:15:09,790 [pool-406-thread-1] INFO  server.RaftServerConfigKeys (ConfUtils.java:logGet(44)) - raft.server.snapshot.auto.trigger.threshold = 400000 (default)
2021-08-10 12:15:09,790 [pool-406-thread-1] INFO  server.RaftServerConfigKeys (ConfUtils.java:logGet(44)) - raft.server.snapshot.retention.file.num = -1 (default)
2021-08-10 12:15:09,790 [pool-406-thread-1] INFO  server.RaftServerConfigKeys (ConfUtils.java:logGet(44)) - raft.server.log.purge.upto.snapshot.index = true (custom)
2021-08-10 12:15:09,790 [pool-406-thread-1] INFO  server.RaftServerConfigKeys (ConfUtils.java:logGet(44)) - raft.server.retrycache.expirytime = 300s (custom)
2021-08-10 12:15:09,790 [pool-406-thread-1] INFO  server.RaftServerConfigKeys (ConfUtils.java:logGet(44)) - raft.server.retrycache.statistics.expirytime = 100μs (default)
2021-08-10 12:15:09,796 [Listener at 127.0.0.1/43569] INFO  om.OzoneManager (OzoneManager.java:start(1270)) - OzoneManager RPC server is listening at localhost/127.0.0.1:43569
2021-08-10 12:15:09,799 [Listener at 127.0.0.1/43569] INFO  ratis.OzoneManagerRatisServer (OzoneManagerRatisServer.java:start(516)) - Starting OzoneManagerRatisServer om1 at port 9872
2021-08-10 12:15:09,799 [Listener at 127.0.0.1/43569] INFO  server.RaftServer$Division (RaftServerImpl.java:start(296)) - om1@group-C5BA1605619E: start as a follower, conf=-1: [om1|rpc:localhost:9872|priority:0], old=null
2021-08-10 12:15:09,799 [Listener at 127.0.0.1/43569] INFO  server.RaftServer$Division (RaftServerImpl.java:setRole(285)) - om1@group-C5BA1605619E: changes role from      null to FOLLOWER at term 0 for startAsFollower
2021-08-10 12:15:09,799 [Listener at 127.0.0.1/43569] INFO  impl.RoleInfo (RoleInfo.java:updateAndGet(130)) - om1: start om1@group-C5BA1605619E-FollowerState
2021-08-10 12:15:09,803 [Listener at 127.0.0.1/43569] INFO  util.JmxRegister (JmxRegister.java:tryRegister(44)) - Successfully registered JMX Bean with object name Ratis:service=RaftServer,group=group-C5BA1605619E,id=om1
2021-08-10 12:15:09,829 [Listener at 127.0.0.1/43569] INFO  server.RaftServer (RaftServerProxy.java:lambda$start$5(374)) - om1: start RPC server
2021-08-10 12:15:09,899 [Listener at 127.0.0.1/43569] INFO  server.GrpcService (GrpcService.java:startImpl(253)) - om1: GrpcService started, listening on 9872
2021-08-10 12:15:09,907 [Listener at 127.0.0.1/43569] INFO  om.OzoneManager (OzoneManager.java:start(1288)) - Version File has different layout version (0) than OM DB (null). That is expected if this OM has never been finalized to a newer layout version.
2021-08-10 12:15:09,907 [org.apache.ratis.util.JvmPauseMonitor$$Lambda$531/1624044696@2392ebbb] INFO  util.JvmPauseMonitor (JvmPauseMonitor.java:run(103)) - JvmPauseMonitor-om1: Started
2021-08-10 12:15:09,911 [Listener at 127.0.0.1/43569] INFO  http.BaseHttpServer (BaseHttpServer.java:newHttpServer2BuilderForOzone(209)) - Starting Web-server for ozoneManager at: http://0.0.0.0:0
2021-08-10 12:15:09,911 [Listener at 127.0.0.1/43569] INFO  http.BaseHttpServer (BaseHttpServer.java:<init>(107)) - Hadoop Security Enabled: false Ozone Security Enabled: false Ozone HTTP Security Enabled: false 
2021-08-10 12:15:09,912 [Listener at 127.0.0.1/43569] INFO  server.AuthenticationFilter (AuthenticationFilter.java:constructSecretProvider(240)) - Unable to initialize FileSignerSecretProvider, falling back to use random secrets.
2021-08-10 12:15:09,915 [Listener at 127.0.0.1/43569] WARN  http.HttpRequestLog (HttpRequestLog.java:getRequestLog(103)) - Jetty request log can only be enabled using Log4j
2021-08-10 12:15:09,919 [Listener at 127.0.0.1/43569] INFO  http.HttpServer2 (HttpServer2.java:addGlobalFilter(1020)) - Added global filter 'safety' (class=org.apache.hadoop.hdds.server.http.HttpServer2$QuotingInputFilter)
2021-08-10 12:15:09,919 [Listener at 127.0.0.1/43569] INFO  http.HttpServer2 (HttpServer2.java:addFilter(996)) - Added filter static_user_filter (class=org.apache.hadoop.http.lib.StaticUserWebFilter$StaticUserFilter) to context ozoneManager
2021-08-10 12:15:09,919 [Listener at 127.0.0.1/43569] INFO  http.HttpServer2 (HttpServer2.java:addFilter(1004)) - Added filter static_user_filter (class=org.apache.hadoop.http.lib.StaticUserWebFilter$StaticUserFilter) to context static
2021-08-10 12:15:09,919 [Listener at 127.0.0.1/43569] INFO  http.HttpServer2 (HttpServer2.java:addFilter(1004)) - Added filter static_user_filter (class=org.apache.hadoop.http.lib.StaticUserWebFilter$StaticUserFilter) to context logs
2021-08-10 12:15:09,920 [Listener at 127.0.0.1/43569] INFO  http.HttpServer2 (HttpServer2.java:bindListener(1239)) - Jetty bound to port 33265
2021-08-10 12:15:09,920 [Listener at 127.0.0.1/43569] INFO  server.Server (Server.java:doStart(375)) - jetty-9.4.43.v20210629; built: 2021-06-30T11:07:22.254Z; git: 526006ecfa3af7f1a27ef3a288e2bef7ea9dd7e8; jvm 1.8.0_292-b10
2021-08-10 12:15:09,931 [Listener at 127.0.0.1/43569] INFO  server.session (DefaultSessionIdManager.java:doStart(334)) - DefaultSessionIdManager workerName=node0
2021-08-10 12:15:09,932 [Listener at 127.0.0.1/43569] INFO  server.session (DefaultSessionIdManager.java:doStart(339)) - No SessionScavenger set, using defaults
2021-08-10 12:15:09,932 [Listener at 127.0.0.1/43569] INFO  server.session (HouseKeeper.java:startScavenging(132)) - node0 Scavenging every 660000ms
2021-08-10 12:15:09,933 [Listener at 127.0.0.1/43569] INFO  handler.ContextHandler (ContextHandler.java:doStart(915)) - Started o.e.j.s.ServletContextHandler@232ab2c6{logs,/logs,file:///home/runner/work/ozone/ozone/hadoop-ozone/integration-test/target/log,AVAILABLE}
2021-08-10 12:15:09,933 [Listener at 127.0.0.1/43569] INFO  handler.ContextHandler (ContextHandler.java:doStart(915)) - Started o.e.j.s.ServletContextHandler@48bbf53e{static,/static,file:///home/runner/work/ozone/ozone/hadoop-ozone/integration-test/target/test-classes/webapps/static,AVAILABLE}
2021-08-10 12:15:09,938 [Listener at 127.0.0.1/43569] INFO  handler.ContextHandler (ContextHandler.java:doStart(915)) - Started o.e.j.w.WebAppContext@579612f8{ozoneManager,/,file:///home/runner/work/ozone/ozone/hadoop-ozone/integration-test/target/test-classes/webapps/ozoneManager/,AVAILABLE}{file:/home/runner/work/ozone/ozone/hadoop-ozone/integration-test/target/test-classes/webapps/ozoneManager}
2021-08-10 12:15:09,946 [Listener at 127.0.0.1/43569] INFO  server.AbstractConnector (AbstractConnector.java:doStart(331)) - Started ServerConnector@6723c986{HTTP/1.1, (http/1.1)}{0.0.0.0:33265}
2021-08-10 12:15:09,954 [Listener at 127.0.0.1/43569] INFO  server.Server (Server.java:doStart(415)) - Started @116445ms
2021-08-10 12:15:09,955 [Listener at 127.0.0.1/43569] WARN  impl.MetricsSystemImpl (MetricsSystemImpl.java:register(279)) - Sink prometheus already exists!
2021-08-10 12:15:09,955 [Listener at 127.0.0.1/43569] INFO  http.BaseHttpServer (BaseHttpServer.java:updateConnectorAddress(329)) - HTTP server of ozoneManager listening at http://0.0.0.0:33265
2021-08-10 12:15:09,968 [IPC Server Responder] INFO  ipc.Server (Server.java:run(1507)) - IPC Server Responder: starting
2021-08-10 12:15:09,975 [IPC Server listener on 0] INFO  ipc.Server (Server.java:run(1344)) - IPC Server listener on 0: starting
2021-08-10 12:15:10,023 [Listener at 127.0.0.1/43569] INFO  om.OzoneManager (OzoneManager.java:startTrashEmptier(1531)) - Trash Interval set to 0. Files deleted will not move to trash
2021-08-10 12:15:10,056 [org.apache.hadoop.util.JvmPauseMonitor$Monitor@45a7770d] INFO  util.JvmPauseMonitor (JvmPauseMonitor.java:run(188)) - Starting JVM pause monitor
2021-08-10 12:15:10,072 [Listener at 127.0.0.1/43569] WARN  impl.MetricRegistriesImpl (MetricRegistriesImpl.java:addReporterRegistration(111)) - New reporters are added after registries were created. Some metrics will be missing from the reporter. Please add reporter before adding any new registry.
2021-08-10 12:15:10,072 [Listener at 127.0.0.1/43569] WARN  impl.MetricRegistriesImpl (MetricRegistriesImpl.java:addReporterRegistration(111)) - New reporters are added after registries were created. Some metrics will be missing from the reporter. Please add reporter before adding any new registry.
2021-08-10 12:15:10,072 [Listener at 127.0.0.1/43569] INFO  impl.MetricsSystemImpl (MetricsSystemImpl.java:init(158)) - HddsDatanode metrics system started (again)
2021-08-10 12:15:10,097 [Listener at 127.0.0.1/43569] INFO  ozone.HddsDatanodeService (HddsDatanodeService.java:start(234)) - HddsDatanodeService host:fv-az270-250.tacnzluakwdehk1hpragurqkma.bx.internal.cloudapp.net ip:10.1.0.57
2021-08-10 12:15:10,152 [Listener at 127.0.0.1/43569] INFO  upgrade.AbstractLayoutVersionManager (AbstractLayoutVersionManager.java:init(70)) - Initializing Layout version manager with metadata layout = SCM_HA (version = 2), software layout = SCM_HA (version = 2)
2021-08-10 12:15:10,236 [Listener at 127.0.0.1/43569] INFO  reflections.Reflections (Reflections.java:scan(232)) - Reflections took 83 ms to scan 7 urls, producing 120 keys and 275 values 
2021-08-10 12:15:10,240 [Listener at 127.0.0.1/43569] INFO  volume.HddsVolume (HddsVolume.java:<init>(120)) - Creating HddsVolume: /home/runner/work/ozone/ozone/hadoop-ozone/integration-test/target/test-dir/MiniOzoneClusterImpl-75f1614f-1661-444a-a475-726e833f1db0/datanode-0/data-0/containers/hdds of storage type : DISK capacity : 9223372036854775807
2021-08-10 12:15:10,241 [Listener at 127.0.0.1/43569] INFO  volume.MutableVolumeSet (MutableVolumeSet.java:initializeVolumeSet(181)) - Added Volume : /home/runner/work/ozone/ozone/hadoop-ozone/integration-test/target/test-dir/MiniOzoneClusterImpl-75f1614f-1661-444a-a475-726e833f1db0/datanode-0/data-0/containers/hdds to VolumeSet
2021-08-10 12:15:10,241 [Listener at 127.0.0.1/43569] INFO  volume.ThrottledAsyncChecker (ThrottledAsyncChecker.java:schedule(141)) - Scheduling a check for /home/runner/work/ozone/ozone/hadoop-ozone/integration-test/target/test-dir/MiniOzoneClusterImpl-75f1614f-1661-444a-a475-726e833f1db0/datanode-0/data-0/containers/hdds
2021-08-10 12:15:10,248 [Listener at 127.0.0.1/43569] INFO  volume.StorageVolumeChecker (StorageVolumeChecker.java:checkAllVolumes(202)) - Scheduled health check for volume /home/runner/work/ozone/ozone/hadoop-ozone/integration-test/target/test-dir/MiniOzoneClusterImpl-75f1614f-1661-444a-a475-726e833f1db0/datanode-0/data-0/containers/hdds
2021-08-10 12:15:10,269 [Listener at 127.0.0.1/43569] INFO  volume.MutableVolumeSet (MutableVolumeSet.java:initializeVolumeSet(181)) - Added Volume : /home/runner/work/ozone/ozone/hadoop-ozone/integration-test/target/test-dir/MiniOzoneClusterImpl-75f1614f-1661-444a-a475-726e833f1db0/datanode-0/data/ratis to VolumeSet
2021-08-10 12:15:10,269 [Listener at 127.0.0.1/43569] INFO  volume.ThrottledAsyncChecker (ThrottledAsyncChecker.java:schedule(141)) - Scheduling a check for /home/runner/work/ozone/ozone/hadoop-ozone/integration-test/target/test-dir/MiniOzoneClusterImpl-75f1614f-1661-444a-a475-726e833f1db0/datanode-0/data/ratis
2021-08-10 12:15:10,273 [Listener at 127.0.0.1/43569] INFO  volume.StorageVolumeChecker (StorageVolumeChecker.java:checkAllVolumes(202)) - Scheduled health check for volume /home/runner/work/ozone/ozone/hadoop-ozone/integration-test/target/test-dir/MiniOzoneClusterImpl-75f1614f-1661-444a-a475-726e833f1db0/datanode-0/data/ratis
2021-08-10 12:15:10,297 [Listener at 127.0.0.1/43569] INFO  ozoneimpl.ContainerReader (ContainerReader.java:<init>(98)) - Running in upgrade mode:true
2021-08-10 12:15:10,298 [Thread-4659] INFO  ozoneimpl.ContainerReader (ContainerReader.java:readVolume(142)) - Start to verify containers on volume /home/runner/work/ozone/ozone/hadoop-ozone/integration-test/target/test-dir/MiniOzoneClusterImpl-75f1614f-1661-444a-a475-726e833f1db0/datanode-0/data-0/containers/hdds
2021-08-10 12:15:10,298 [Thread-4659] INFO  ozoneimpl.ContainerReader (ContainerReader.java:readVolume(174)) - Finish verifying containers on volume /home/runner/work/ozone/ozone/hadoop-ozone/integration-test/target/test-dir/MiniOzoneClusterImpl-75f1614f-1661-444a-a475-726e833f1db0/datanode-0/data-0/containers/hdds
2021-08-10 12:15:10,298 [Listener at 127.0.0.1/43569] INFO  ozoneimpl.OzoneContainer (OzoneContainer.java:buildContainerSet(237)) - Build ContainerSet costs 0s
2021-08-10 12:15:10,300 [Listener at 127.0.0.1/43569] INFO  server.RaftServer (ConfUtils.java:logGet(44)) - raft.rpc.type = GRPC (default)
2021-08-10 12:15:10,300 [Listener at 127.0.0.1/43569] INFO  grpc.GrpcFactory (GrpcFactory.java:checkPooledByteBufAllocatorUseCacheForAllThreads(48)) - PERFORMANCE WARNING: useCacheForAllThreads is true that may cause Netty to create a lot garbage objects and, as a result, trigger GC.
	It is recommended to disable useCacheForAllThreads by setting -Dorg.apache.ratis.thirdparty.io.netty.allocator.useCacheForAllThreads=false in command line.
2021-08-10 12:15:10,300 [Listener at 127.0.0.1/43569] INFO  grpc.GrpcConfigKeys (ConfUtils.java:logGet(44)) - raft.grpc.admin.port = 0 (custom)
2021-08-10 12:15:10,300 [Listener at 127.0.0.1/43569] INFO  grpc.GrpcConfigKeys (ConfUtils.java:logGet(44)) - raft.grpc.client.port = 0 (custom)
2021-08-10 12:15:10,300 [Listener at 127.0.0.1/43569] INFO  grpc.GrpcConfigKeys (ConfUtils.java:logGet(44)) - raft.grpc.server.port = 0 (default)
2021-08-10 12:15:10,300 [Listener at 127.0.0.1/43569] INFO  server.GrpcService (ConfUtils.java:logGet(44)) - raft.grpc.message.size.max = 32MB (=33554432) (custom)
2021-08-10 12:15:10,300 [Listener at 127.0.0.1/43569] INFO  server.RaftServerConfigKeys (ConfUtils.java:logGet(44)) - raft.server.log.appender.buffer.byte-limit = 33554432 (custom)
2021-08-10 12:15:10,301 [Listener at 127.0.0.1/43569] INFO  server.GrpcService (ConfUtils.java:logGet(44)) - raft.grpc.flow.control.window = 5MB (=5242880) (custom)
2021-08-10 12:15:10,301 [Listener at 127.0.0.1/43569] INFO  server.RaftServerConfigKeys (ConfUtils.java:logGet(44)) - raft.server.rpc.request.timeout = 60s (custom)
2021-08-10 12:15:10,302 [Listener at 127.0.0.1/43569] INFO  impl.DataStreamServerImpl (ConfUtils.java:logGet(44)) - raft.datastream.type = DISABLED (default)
2021-08-10 12:15:10,302 [Listener at 127.0.0.1/43569] INFO  server.RaftServerConfigKeys (ConfUtils.java:logGet(44)) - raft.server.rpc.slowness.timeout = 300s (custom)
2021-08-10 12:15:10,302 [Listener at 127.0.0.1/43569] INFO  server.RaftServerConfigKeys (ConfUtils.java:logGet(44)) - raft.server.leaderelection.leader.step-down.wait-time = 10s (default)
2021-08-10 12:15:10,302 [Listener at 127.0.0.1/43569] INFO  server.RaftServerConfigKeys (ConfUtils.java:logGet(44)) - raft.server.storage.dir = [/home/runner/work/ozone/ozone/hadoop-ozone/integration-test/target/test-dir/MiniOzoneClusterImpl-75f1614f-1661-444a-a475-726e833f1db0/datanode-0/data/ratis] (custom)
2021-08-10 12:15:10,305 [Listener at 127.0.0.1/43569] INFO  http.BaseHttpServer (BaseHttpServer.java:newHttpServer2BuilderForOzone(209)) - Starting Web-server for hddsDatanode at: http://0.0.0.0:0
2021-08-10 12:15:10,305 [Listener at 127.0.0.1/43569] INFO  http.BaseHttpServer (BaseHttpServer.java:<init>(107)) - Hadoop Security Enabled: false Ozone Security Enabled: false Ozone HTTP Security Enabled: false 
2021-08-10 12:15:10,306 [Listener at 127.0.0.1/43569] INFO  server.AuthenticationFilter (AuthenticationFilter.java:constructSecretProvider(240)) - Unable to initialize FileSignerSecretProvider, falling back to use random secrets.
2021-08-10 12:15:10,306 [Listener at 127.0.0.1/43569] WARN  http.HttpRequestLog (HttpRequestLog.java:getRequestLog(103)) - Jetty request log can only be enabled using Log4j
2021-08-10 12:15:10,307 [Listener at 127.0.0.1/43569] INFO  http.HttpServer2 (HttpServer2.java:addGlobalFilter(1020)) - Added global filter 'safety' (class=org.apache.hadoop.hdds.server.http.HttpServer2$QuotingInputFilter)
2021-08-10 12:15:10,307 [Listener at 127.0.0.1/43569] INFO  http.HttpServer2 (HttpServer2.java:addFilter(996)) - Added filter static_user_filter (class=org.apache.hadoop.http.lib.StaticUserWebFilter$StaticUserFilter) to context hddsDatanode
2021-08-10 12:15:10,307 [Listener at 127.0.0.1/43569] INFO  http.HttpServer2 (HttpServer2.java:addFilter(1004)) - Added filter static_user_filter (class=org.apache.hadoop.http.lib.StaticUserWebFilter$StaticUserFilter) to context static
2021-08-10 12:15:10,307 [Listener at 127.0.0.1/43569] INFO  http.HttpServer2 (HttpServer2.java:addFilter(1004)) - Added filter static_user_filter (class=org.apache.hadoop.http.lib.StaticUserWebFilter$StaticUserFilter) to context logs
2021-08-10 12:15:10,308 [Listener at 127.0.0.1/43569] INFO  http.HttpServer2 (HttpServer2.java:bindListener(1239)) - Jetty bound to port 35465
2021-08-10 12:15:10,308 [Listener at 127.0.0.1/43569] INFO  server.Server (Server.java:doStart(375)) - jetty-9.4.43.v20210629; built: 2021-06-30T11:07:22.254Z; git: 526006ecfa3af7f1a27ef3a288e2bef7ea9dd7e8; jvm 1.8.0_292-b10
2021-08-10 12:15:10,309 [Listener at 127.0.0.1/43569] INFO  server.session (DefaultSessionIdManager.java:doStart(334)) - DefaultSessionIdManager workerName=node0
2021-08-10 12:15:10,309 [Listener at 127.0.0.1/43569] INFO  server.session (DefaultSessionIdManager.java:doStart(339)) - No SessionScavenger set, using defaults
2021-08-10 12:15:10,309 [Listener at 127.0.0.1/43569] INFO  server.session (HouseKeeper.java:startScavenging(132)) - node0 Scavenging every 600000ms
2021-08-10 12:15:10,310 [Listener at 127.0.0.1/43569] INFO  handler.ContextHandler (ContextHandler.java:doStart(915)) - Started o.e.j.s.ServletContextHandler@3aa2c4f4{logs,/logs,file:///home/runner/work/ozone/ozone/hadoop-ozone/integration-test/target/log,AVAILABLE}
2021-08-10 12:15:10,310 [Listener at 127.0.0.1/43569] INFO  handler.ContextHandler (ContextHandler.java:doStart(915)) - Started o.e.j.s.ServletContextHandler@e44d951{static,/static,jar:file:/home/runner/.m2/repository/org/apache/ozone/hdds-container-service/1.2.0-SNAPSHOT/hdds-container-service-1.2.0-SNAPSHOT.jar!/webapps/static,AVAILABLE}
2021-08-10 12:15:10,379 [Listener at 127.0.0.1/43569] INFO  handler.ContextHandler (ContextHandler.java:doStart(915)) - Started o.e.j.w.WebAppContext@70cf87c{hddsDatanode,/,file:///tmp/jetty-0_0_0_0-35465-hdds-container-service-1_2_0-SNAPSHOT_jar-_-any-4111626678025460808/webapp/,AVAILABLE}{jar:file:/home/runner/.m2/repository/org/apache/ozone/hdds-container-service/1.2.0-SNAPSHOT/hdds-container-service-1.2.0-SNAPSHOT.jar!/webapps/hddsDatanode}
2021-08-10 12:15:10,391 [Listener at 127.0.0.1/43569] INFO  server.AbstractConnector (AbstractConnector.java:doStart(331)) - Started ServerConnector@556ed69c{HTTP/1.1, (http/1.1)}{0.0.0.0:35465}
2021-08-10 12:15:10,391 [Listener at 127.0.0.1/43569] INFO  server.Server (Server.java:doStart(415)) - Started @116881ms
2021-08-10 12:15:10,391 [Listener at 127.0.0.1/43569] WARN  impl.MetricsSystemImpl (MetricsSystemImpl.java:register(279)) - Sink prometheus already exists!
2021-08-10 12:15:10,392 [Listener at 127.0.0.1/43569] INFO  http.BaseHttpServer (BaseHttpServer.java:updateConnectorAddress(329)) - HTTP server of hddsDatanode listening at http://0.0.0.0:35465
2021-08-10 12:15:10,395 [Listener at 127.0.0.1/43569] WARN  impl.MetricRegistriesImpl (MetricRegistriesImpl.java:addReporterRegistration(111)) - New reporters are added after registries were created. Some metrics will be missing from the reporter. Please add reporter before adding any new registry.
2021-08-10 12:15:10,395 [Listener at 127.0.0.1/43569] WARN  impl.MetricRegistriesImpl (MetricRegistriesImpl.java:addReporterRegistration(111)) - New reporters are added after registries were created. Some metrics will be missing from the reporter. Please add reporter before adding any new registry.
2021-08-10 12:15:10,395 [Listener at 127.0.0.1/43569] INFO  impl.MetricsSystemImpl (MetricsSystemImpl.java:init(158)) - HddsDatanode metrics system started (again)
2021-08-10 12:15:10,430 [org.apache.hadoop.util.JvmPauseMonitor$Monitor@5f07379b] INFO  util.JvmPauseMonitor (JvmPauseMonitor.java:run(188)) - Starting JVM pause monitor
2021-08-10 12:15:10,431 [Listener at 127.0.0.1/43569] INFO  ozone.HddsDatanodeService (HddsDatanodeService.java:start(234)) - HddsDatanodeService host:fv-az270-250.tacnzluakwdehk1hpragurqkma.bx.internal.cloudapp.net ip:10.1.0.57
2021-08-10 12:15:10,439 [Datanode State Machine Task Thread - 0] INFO  datanode.InitDatanodeState (InitDatanodeState.java:persistContainerDatanodeDetails(145)) - DatanodeDetails is persisted to /home/runner/work/ozone/ozone/hadoop-ozone/integration-test/target/test-dir/MiniOzoneClusterImpl-75f1614f-1661-444a-a475-726e833f1db0/datanode-0/meta/datanode.id
2021-08-10 12:15:10,455 [Listener at 127.0.0.1/43569] INFO  upgrade.AbstractLayoutVersionManager (AbstractLayoutVersionManager.java:init(70)) - Initializing Layout version manager with metadata layout = SCM_HA (version = 2), software layout = SCM_HA (version = 2)
2021-08-10 12:15:10,524 [Listener at 127.0.0.1/43569] INFO  reflections.Reflections (Reflections.java:scan(232)) - Reflections took 66 ms to scan 7 urls, producing 120 keys and 275 values 
2021-08-10 12:15:10,529 [Listener at 127.0.0.1/43569] INFO  volume.HddsVolume (HddsVolume.java:<init>(120)) - Creating HddsVolume: /home/runner/work/ozone/ozone/hadoop-ozone/integration-test/target/test-dir/MiniOzoneClusterImpl-75f1614f-1661-444a-a475-726e833f1db0/datanode-1/data-0/containers/hdds of storage type : DISK capacity : 9223372036854775807
2021-08-10 12:15:10,530 [Listener at 127.0.0.1/43569] INFO  volume.MutableVolumeSet (MutableVolumeSet.java:initializeVolumeSet(181)) - Added Volume : /home/runner/work/ozone/ozone/hadoop-ozone/integration-test/target/test-dir/MiniOzoneClusterImpl-75f1614f-1661-444a-a475-726e833f1db0/datanode-1/data-0/containers/hdds to VolumeSet
2021-08-10 12:15:10,530 [Listener at 127.0.0.1/43569] INFO  volume.ThrottledAsyncChecker (ThrottledAsyncChecker.java:schedule(141)) - Scheduling a check for /home/runner/work/ozone/ozone/hadoop-ozone/integration-test/target/test-dir/MiniOzoneClusterImpl-75f1614f-1661-444a-a475-726e833f1db0/datanode-1/data-0/containers/hdds
2021-08-10 12:15:10,550 [Listener at 127.0.0.1/43569] INFO  volume.StorageVolumeChecker (StorageVolumeChecker.java:checkAllVolumes(202)) - Scheduled health check for volume /home/runner/work/ozone/ozone/hadoop-ozone/integration-test/target/test-dir/MiniOzoneClusterImpl-75f1614f-1661-444a-a475-726e833f1db0/datanode-1/data-0/containers/hdds
2021-08-10 12:15:10,599 [Listener at 127.0.0.1/43569] INFO  volume.MutableVolumeSet (MutableVolumeSet.java:initializeVolumeSet(181)) - Added Volume : /home/runner/work/ozone/ozone/hadoop-ozone/integration-test/target/test-dir/MiniOzoneClusterImpl-75f1614f-1661-444a-a475-726e833f1db0/datanode-1/data/ratis to VolumeSet
2021-08-10 12:15:10,599 [Listener at 127.0.0.1/43569] INFO  volume.ThrottledAsyncChecker (ThrottledAsyncChecker.java:schedule(141)) - Scheduling a check for /home/runner/work/ozone/ozone/hadoop-ozone/integration-test/target/test-dir/MiniOzoneClusterImpl-75f1614f-1661-444a-a475-726e833f1db0/datanode-1/data/ratis
2021-08-10 12:15:10,599 [Listener at 127.0.0.1/43569] INFO  volume.StorageVolumeChecker (StorageVolumeChecker.java:checkAllVolumes(202)) - Scheduled health check for volume /home/runner/work/ozone/ozone/hadoop-ozone/integration-test/target/test-dir/MiniOzoneClusterImpl-75f1614f-1661-444a-a475-726e833f1db0/datanode-1/data/ratis
2021-08-10 12:15:10,630 [Listener at 127.0.0.1/43569] INFO  ozoneimpl.ContainerReader (ContainerReader.java:<init>(98)) - Running in upgrade mode:true
2021-08-10 12:15:10,633 [Thread-4671] INFO  ozoneimpl.ContainerReader (ContainerReader.java:readVolume(142)) - Start to verify containers on volume /home/runner/work/ozone/ozone/hadoop-ozone/integration-test/target/test-dir/MiniOzoneClusterImpl-75f1614f-1661-444a-a475-726e833f1db0/datanode-1/data-0/containers/hdds
2021-08-10 12:15:10,633 [Thread-4671] INFO  ozoneimpl.ContainerReader (ContainerReader.java:readVolume(174)) - Finish verifying containers on volume /home/runner/work/ozone/ozone/hadoop-ozone/integration-test/target/test-dir/MiniOzoneClusterImpl-75f1614f-1661-444a-a475-726e833f1db0/datanode-1/data-0/containers/hdds
2021-08-10 12:15:10,633 [Listener at 127.0.0.1/43569] INFO  ozoneimpl.OzoneContainer (OzoneContainer.java:buildContainerSet(237)) - Build ContainerSet costs 0s
2021-08-10 12:15:10,634 [Listener at 127.0.0.1/43569] INFO  server.RaftServer (ConfUtils.java:logGet(44)) - raft.rpc.type = GRPC (default)
2021-08-10 12:15:10,639 [Listener at 127.0.0.1/43569] INFO  grpc.GrpcFactory (GrpcFactory.java:checkPooledByteBufAllocatorUseCacheForAllThreads(48)) - PERFORMANCE WARNING: useCacheForAllThreads is true that may cause Netty to create a lot garbage objects and, as a result, trigger GC.
	It is recommended to disable useCacheForAllThreads by setting -Dorg.apache.ratis.thirdparty.io.netty.allocator.useCacheForAllThreads=false in command line.
2021-08-10 12:15:10,639 [Listener at 127.0.0.1/43569] INFO  grpc.GrpcConfigKeys (ConfUtils.java:logGet(44)) - raft.grpc.admin.port = 0 (custom)
2021-08-10 12:15:10,639 [Listener at 127.0.0.1/43569] INFO  grpc.GrpcConfigKeys (ConfUtils.java:logGet(44)) - raft.grpc.client.port = 0 (custom)
2021-08-10 12:15:10,639 [Listener at 127.0.0.1/43569] INFO  grpc.GrpcConfigKeys (ConfUtils.java:logGet(44)) - raft.grpc.server.port = 0 (default)
2021-08-10 12:15:10,639 [Listener at 127.0.0.1/43569] INFO  server.GrpcService (ConfUtils.java:logGet(44)) - raft.grpc.message.size.max = 32MB (=33554432) (custom)
2021-08-10 12:15:10,639 [Listener at 127.0.0.1/43569] INFO  server.RaftServerConfigKeys (ConfUtils.java:logGet(44)) - raft.server.log.appender.buffer.byte-limit = 33554432 (custom)
2021-08-10 12:15:10,639 [Listener at 127.0.0.1/43569] INFO  server.GrpcService (ConfUtils.java:logGet(44)) - raft.grpc.flow.control.window = 5MB (=5242880) (custom)
2021-08-10 12:15:10,639 [Listener at 127.0.0.1/43569] INFO  server.RaftServerConfigKeys (ConfUtils.java:logGet(44)) - raft.server.rpc.request.timeout = 60s (custom)
2021-08-10 12:15:10,640 [Listener at 127.0.0.1/43569] INFO  impl.DataStreamServerImpl (ConfUtils.java:logGet(44)) - raft.datastream.type = DISABLED (default)
2021-08-10 12:15:10,640 [Listener at 127.0.0.1/43569] INFO  server.RaftServerConfigKeys (ConfUtils.java:logGet(44)) - raft.server.rpc.slowness.timeout = 300s (custom)
2021-08-10 12:15:10,640 [Listener at 127.0.0.1/43569] INFO  server.RaftServerConfigKeys (ConfUtils.java:logGet(44)) - raft.server.leaderelection.leader.step-down.wait-time = 10s (default)
2021-08-10 12:15:10,641 [Listener at 127.0.0.1/43569] INFO  server.RaftServerConfigKeys (ConfUtils.java:logGet(44)) - raft.server.storage.dir = [/home/runner/work/ozone/ozone/hadoop-ozone/integration-test/target/test-dir/MiniOzoneClusterImpl-75f1614f-1661-444a-a475-726e833f1db0/datanode-1/data/ratis] (custom)
2021-08-10 12:15:10,652 [Listener at 127.0.0.1/43569] INFO  http.BaseHttpServer (BaseHttpServer.java:newHttpServer2BuilderForOzone(209)) - Starting Web-server for hddsDatanode at: http://0.0.0.0:0
2021-08-10 12:15:10,652 [Listener at 127.0.0.1/43569] INFO  http.BaseHttpServer (BaseHttpServer.java:<init>(107)) - Hadoop Security Enabled: false Ozone Security Enabled: false Ozone HTTP Security Enabled: false 
2021-08-10 12:15:10,653 [Listener at 127.0.0.1/43569] INFO  server.AuthenticationFilter (AuthenticationFilter.java:constructSecretProvider(240)) - Unable to initialize FileSignerSecretProvider, falling back to use random secrets.
2021-08-10 12:15:10,663 [Listener at 127.0.0.1/43569] WARN  http.HttpRequestLog (HttpRequestLog.java:getRequestLog(103)) - Jetty request log can only be enabled using Log4j
2021-08-10 12:15:10,663 [Listener at 127.0.0.1/43569] INFO  http.HttpServer2 (HttpServer2.java:addGlobalFilter(1020)) - Added global filter 'safety' (class=org.apache.hadoop.hdds.server.http.HttpServer2$QuotingInputFilter)
2021-08-10 12:15:10,664 [Listener at 127.0.0.1/43569] INFO  http.HttpServer2 (HttpServer2.java:addFilter(996)) - Added filter static_user_filter (class=org.apache.hadoop.http.lib.StaticUserWebFilter$StaticUserFilter) to context hddsDatanode
2021-08-10 12:15:10,664 [Listener at 127.0.0.1/43569] INFO  http.HttpServer2 (HttpServer2.java:addFilter(1004)) - Added filter static_user_filter (class=org.apache.hadoop.http.lib.StaticUserWebFilter$StaticUserFilter) to context static
2021-08-10 12:15:10,664 [Listener at 127.0.0.1/43569] INFO  http.HttpServer2 (HttpServer2.java:addFilter(1004)) - Added filter static_user_filter (class=org.apache.hadoop.http.lib.StaticUserWebFilter$StaticUserFilter) to context logs
2021-08-10 12:15:10,664 [Listener at 127.0.0.1/43569] INFO  http.HttpServer2 (HttpServer2.java:bindListener(1239)) - Jetty bound to port 46789
2021-08-10 12:15:10,664 [Listener at 127.0.0.1/43569] INFO  server.Server (Server.java:doStart(375)) - jetty-9.4.43.v20210629; built: 2021-06-30T11:07:22.254Z; git: 526006ecfa3af7f1a27ef3a288e2bef7ea9dd7e8; jvm 1.8.0_292-b10
2021-08-10 12:15:10,666 [Listener at 127.0.0.1/43569] INFO  server.session (DefaultSessionIdManager.java:doStart(334)) - DefaultSessionIdManager workerName=node0
2021-08-10 12:15:10,667 [Listener at 127.0.0.1/43569] INFO  server.session (DefaultSessionIdManager.java:doStart(339)) - No SessionScavenger set, using defaults
2021-08-10 12:15:10,667 [Listener at 127.0.0.1/43569] INFO  server.session (HouseKeeper.java:startScavenging(132)) - node0 Scavenging every 600000ms
2021-08-10 12:15:10,673 [Listener at 127.0.0.1/43569] INFO  handler.ContextHandler (ContextHandler.java:doStart(915)) - Started o.e.j.s.ServletContextHandler@1040ceea{logs,/logs,file:///home/runner/work/ozone/ozone/hadoop-ozone/integration-test/target/log,AVAILABLE}
2021-08-10 12:15:10,673 [Listener at 127.0.0.1/43569] INFO  handler.ContextHandler (ContextHandler.java:doStart(915)) - Started o.e.j.s.ServletContextHandler@52351801{static,/static,jar:file:/home/runner/.m2/repository/org/apache/ozone/hdds-container-service/1.2.0-SNAPSHOT/hdds-container-service-1.2.0-SNAPSHOT.jar!/webapps/static,AVAILABLE}
2021-08-10 12:15:10,773 [Listener at 127.0.0.1/43569] INFO  handler.ContextHandler (ContextHandler.java:doStart(915)) - Started o.e.j.w.WebAppContext@59d20597{hddsDatanode,/,file:///tmp/jetty-0_0_0_0-46789-hdds-container-service-1_2_0-SNAPSHOT_jar-_-any-182782395742136574/webapp/,AVAILABLE}{jar:file:/home/runner/.m2/repository/org/apache/ozone/hdds-container-service/1.2.0-SNAPSHOT/hdds-container-service-1.2.0-SNAPSHOT.jar!/webapps/hddsDatanode}
2021-08-10 12:15:10,779 [Listener at 127.0.0.1/43569] INFO  server.AbstractConnector (AbstractConnector.java:doStart(331)) - Started ServerConnector@22d0b2d0{HTTP/1.1, (http/1.1)}{0.0.0.0:46789}
2021-08-10 12:15:10,779 [Listener at 127.0.0.1/43569] INFO  server.Server (Server.java:doStart(415)) - Started @117270ms
2021-08-10 12:15:10,779 [Listener at 127.0.0.1/43569] WARN  impl.MetricsSystemImpl (MetricsSystemImpl.java:register(279)) - Sink prometheus already exists!
2021-08-10 12:15:10,780 [Listener at 127.0.0.1/43569] INFO  http.BaseHttpServer (BaseHttpServer.java:updateConnectorAddress(329)) - HTTP server of hddsDatanode listening at http://0.0.0.0:46789
2021-08-10 12:15:10,783 [Listener at 127.0.0.1/43569] WARN  impl.MetricRegistriesImpl (MetricRegistriesImpl.java:addReporterRegistration(111)) - New reporters are added after registries were created. Some metrics will be missing from the reporter. Please add reporter before adding any new registry.
2021-08-10 12:15:10,783 [Listener at 127.0.0.1/43569] WARN  impl.MetricRegistriesImpl (MetricRegistriesImpl.java:addReporterRegistration(111)) - New reporters are added after registries were created. Some metrics will be missing from the reporter. Please add reporter before adding any new registry.
2021-08-10 12:15:10,783 [Listener at 127.0.0.1/43569] INFO  impl.MetricsSystemImpl (MetricsSystemImpl.java:init(158)) - HddsDatanode metrics system started (again)
2021-08-10 12:15:10,806 [Listener at 127.0.0.1/43569] INFO  ozone.HddsDatanodeService (HddsDatanodeService.java:start(234)) - HddsDatanodeService host:fv-az270-250.tacnzluakwdehk1hpragurqkma.bx.internal.cloudapp.net ip:10.1.0.57
2021-08-10 12:15:10,871 [Listener at 127.0.0.1/43569] INFO  upgrade.AbstractLayoutVersionManager (AbstractLayoutVersionManager.java:init(70)) - Initializing Layout version manager with metadata layout = SCM_HA (version = 2), software layout = SCM_HA (version = 2)
2021-08-10 12:15:10,901 [org.apache.hadoop.util.JvmPauseMonitor$Monitor@683eb4db] INFO  util.JvmPauseMonitor (JvmPauseMonitor.java:run(188)) - Starting JVM pause monitor
2021-08-10 12:15:10,902 [Datanode State Machine Task Thread - 0] INFO  datanode.InitDatanodeState (InitDatanodeState.java:persistContainerDatanodeDetails(145)) - DatanodeDetails is persisted to /home/runner/work/ozone/ozone/hadoop-ozone/integration-test/target/test-dir/MiniOzoneClusterImpl-75f1614f-1661-444a-a475-726e833f1db0/datanode-1/meta/datanode.id
2021-08-10 12:15:10,964 [Listener at 127.0.0.1/43569] INFO  reflections.Reflections (Reflections.java:scan(232)) - Reflections took 92 ms to scan 7 urls, producing 120 keys and 275 values 
2021-08-10 12:15:10,967 [Listener at 127.0.0.1/43569] INFO  volume.HddsVolume (HddsVolume.java:<init>(120)) - Creating HddsVolume: /home/runner/work/ozone/ozone/hadoop-ozone/integration-test/target/test-dir/MiniOzoneClusterImpl-75f1614f-1661-444a-a475-726e833f1db0/datanode-2/data-0/containers/hdds of storage type : DISK capacity : 9223372036854775807
2021-08-10 12:15:10,967 [Listener at 127.0.0.1/43569] INFO  volume.MutableVolumeSet (MutableVolumeSet.java:initializeVolumeSet(181)) - Added Volume : /home/runner/work/ozone/ozone/hadoop-ozone/integration-test/target/test-dir/MiniOzoneClusterImpl-75f1614f-1661-444a-a475-726e833f1db0/datanode-2/data-0/containers/hdds to VolumeSet
2021-08-10 12:15:10,967 [Listener at 127.0.0.1/43569] INFO  volume.ThrottledAsyncChecker (ThrottledAsyncChecker.java:schedule(141)) - Scheduling a check for /home/runner/work/ozone/ozone/hadoop-ozone/integration-test/target/test-dir/MiniOzoneClusterImpl-75f1614f-1661-444a-a475-726e833f1db0/datanode-2/data-0/containers/hdds
2021-08-10 12:15:10,968 [Listener at 127.0.0.1/43569] INFO  volume.StorageVolumeChecker (StorageVolumeChecker.java:checkAllVolumes(202)) - Scheduled health check for volume /home/runner/work/ozone/ozone/hadoop-ozone/integration-test/target/test-dir/MiniOzoneClusterImpl-75f1614f-1661-444a-a475-726e833f1db0/datanode-2/data-0/containers/hdds
2021-08-10 12:15:10,984 [Listener at 127.0.0.1/43569] INFO  volume.MutableVolumeSet (MutableVolumeSet.java:initializeVolumeSet(181)) - Added Volume : /home/runner/work/ozone/ozone/hadoop-ozone/integration-test/target/test-dir/MiniOzoneClusterImpl-75f1614f-1661-444a-a475-726e833f1db0/datanode-2/data/ratis to VolumeSet
2021-08-10 12:15:10,984 [Listener at 127.0.0.1/43569] INFO  volume.ThrottledAsyncChecker (ThrottledAsyncChecker.java:schedule(141)) - Scheduling a check for /home/runner/work/ozone/ozone/hadoop-ozone/integration-test/target/test-dir/MiniOzoneClusterImpl-75f1614f-1661-444a-a475-726e833f1db0/datanode-2/data/ratis
2021-08-10 12:15:10,985 [Listener at 127.0.0.1/43569] INFO  volume.StorageVolumeChecker (StorageVolumeChecker.java:checkAllVolumes(202)) - Scheduled health check for volume /home/runner/work/ozone/ozone/hadoop-ozone/integration-test/target/test-dir/MiniOzoneClusterImpl-75f1614f-1661-444a-a475-726e833f1db0/datanode-2/data/ratis
2021-08-10 12:15:11,016 [Listener at 127.0.0.1/43569] INFO  ozoneimpl.ContainerReader (ContainerReader.java:<init>(98)) - Running in upgrade mode:true
2021-08-10 12:15:11,016 [Thread-4683] INFO  ozoneimpl.ContainerReader (ContainerReader.java:readVolume(142)) - Start to verify containers on volume /home/runner/work/ozone/ozone/hadoop-ozone/integration-test/target/test-dir/MiniOzoneClusterImpl-75f1614f-1661-444a-a475-726e833f1db0/datanode-2/data-0/containers/hdds
2021-08-10 12:15:11,016 [Thread-4683] INFO  ozoneimpl.ContainerReader (ContainerReader.java:readVolume(174)) - Finish verifying containers on volume /home/runner/work/ozone/ozone/hadoop-ozone/integration-test/target/test-dir/MiniOzoneClusterImpl-75f1614f-1661-444a-a475-726e833f1db0/datanode-2/data-0/containers/hdds
2021-08-10 12:15:11,016 [Listener at 127.0.0.1/43569] INFO  ozoneimpl.OzoneContainer (OzoneContainer.java:buildContainerSet(237)) - Build ContainerSet costs 0s
2021-08-10 12:15:11,018 [Listener at 127.0.0.1/43569] INFO  server.RaftServer (ConfUtils.java:logGet(44)) - raft.rpc.type = GRPC (default)
2021-08-10 12:15:11,018 [Listener at 127.0.0.1/43569] INFO  grpc.GrpcFactory (GrpcFactory.java:checkPooledByteBufAllocatorUseCacheForAllThreads(48)) - PERFORMANCE WARNING: useCacheForAllThreads is true that may cause Netty to create a lot garbage objects and, as a result, trigger GC.
	It is recommended to disable useCacheForAllThreads by setting -Dorg.apache.ratis.thirdparty.io.netty.allocator.useCacheForAllThreads=false in command line.
2021-08-10 12:15:11,018 [Listener at 127.0.0.1/43569] INFO  grpc.GrpcConfigKeys (ConfUtils.java:logGet(44)) - raft.grpc.admin.port = 0 (custom)
2021-08-10 12:15:11,018 [Listener at 127.0.0.1/43569] INFO  grpc.GrpcConfigKeys (ConfUtils.java:logGet(44)) - raft.grpc.client.port = 0 (custom)
2021-08-10 12:15:11,019 [Listener at 127.0.0.1/43569] INFO  grpc.GrpcConfigKeys (ConfUtils.java:logGet(44)) - raft.grpc.server.port = 0 (default)
2021-08-10 12:15:11,019 [Listener at 127.0.0.1/43569] INFO  server.GrpcService (ConfUtils.java:logGet(44)) - raft.grpc.message.size.max = 32MB (=33554432) (custom)
2021-08-10 12:15:11,019 [Listener at 127.0.0.1/43569] INFO  server.RaftServerConfigKeys (ConfUtils.java:logGet(44)) - raft.server.log.appender.buffer.byte-limit = 33554432 (custom)
2021-08-10 12:15:11,020 [Listener at 127.0.0.1/43569] INFO  server.GrpcService (ConfUtils.java:logGet(44)) - raft.grpc.flow.control.window = 5MB (=5242880) (custom)
2021-08-10 12:15:11,020 [Listener at 127.0.0.1/43569] INFO  server.RaftServerConfigKeys (ConfUtils.java:logGet(44)) - raft.server.rpc.request.timeout = 60s (custom)
2021-08-10 12:15:11,021 [Listener at 127.0.0.1/43569] INFO  impl.DataStreamServerImpl (ConfUtils.java:logGet(44)) - raft.datastream.type = DISABLED (default)
2021-08-10 12:15:11,023 [om1@group-C5BA1605619E-FollowerState] INFO  impl.FollowerState (FollowerState.java:run(134)) - om1@group-C5BA1605619E-FollowerState: change to CANDIDATE, lastRpcElapsedTime:1223642135ns, electionTimeout:1188ms
2021-08-10 12:15:11,024 [om1@group-C5BA1605619E-FollowerState] INFO  impl.RoleInfo (RoleInfo.java:shutdownFollowerState(108)) - om1: shutdown om1@group-C5BA1605619E-FollowerState
2021-08-10 12:15:11,024 [om1@group-C5BA1605619E-FollowerState] INFO  server.RaftServer$Division (RaftServerImpl.java:setRole(285)) - om1@group-C5BA1605619E: changes role from  FOLLOWER to CANDIDATE at term 0 for changeToCandidate
2021-08-10 12:15:11,024 [om1@group-C5BA1605619E-FollowerState] INFO  server.RaftServerConfigKeys (ConfUtils.java:logGet(44)) - raft.server.leaderelection.pre-vote = false (custom)
2021-08-10 12:15:11,024 [om1@group-C5BA1605619E-FollowerState] INFO  impl.RoleInfo (RoleInfo.java:updateAndGet(130)) - om1: start om1@group-C5BA1605619E-LeaderElection12
2021-08-10 12:15:11,024 [Listener at 127.0.0.1/43569] INFO  server.RaftServerConfigKeys (ConfUtils.java:logGet(44)) - raft.server.rpc.slowness.timeout = 300s (custom)
2021-08-10 12:15:11,024 [Listener at 127.0.0.1/43569] INFO  server.RaftServerConfigKeys (ConfUtils.java:logGet(44)) - raft.server.leaderelection.leader.step-down.wait-time = 10s (default)
2021-08-10 12:15:11,025 [Listener at 127.0.0.1/43569] INFO  server.RaftServerConfigKeys (ConfUtils.java:logGet(44)) - raft.server.storage.dir = [/home/runner/work/ozone/ozone/hadoop-ozone/integration-test/target/test-dir/MiniOzoneClusterImpl-75f1614f-1661-444a-a475-726e833f1db0/datanode-2/data/ratis] (custom)
2021-08-10 12:15:11,044 [Listener at 127.0.0.1/43569] INFO  http.BaseHttpServer (BaseHttpServer.java:newHttpServer2BuilderForOzone(209)) - Starting Web-server for hddsDatanode at: http://0.0.0.0:0
2021-08-10 12:15:11,044 [Listener at 127.0.0.1/43569] INFO  http.BaseHttpServer (BaseHttpServer.java:<init>(107)) - Hadoop Security Enabled: false Ozone Security Enabled: false Ozone HTTP Security Enabled: false 
2021-08-10 12:15:11,050 [om1@group-C5BA1605619E-LeaderElection12] INFO  impl.LeaderElection (LeaderElection.java:askForVotes(306)) - om1@group-C5BA1605619E-LeaderElection12 ELECTION round 0: submit vote requests at term 1 for -1: [om1|rpc:localhost:9872|priority:0], old=null
2021-08-10 12:15:11,051 [om1@group-C5BA1605619E-LeaderElection12] INFO  impl.LeaderElection (LeaderElection.java:askForVotes(308)) - om1@group-C5BA1605619E-LeaderElection12 ELECTION round 0: result PASSED (term=1)
2021-08-10 12:15:11,051 [om1@group-C5BA1605619E-LeaderElection12] INFO  impl.RoleInfo (RoleInfo.java:shutdownLeaderElection(121)) - om1: shutdown om1@group-C5BA1605619E-LeaderElection12
2021-08-10 12:15:11,051 [om1@group-C5BA1605619E-LeaderElection12] INFO  server.RaftServer$Division (RaftServerImpl.java:setRole(285)) - om1@group-C5BA1605619E: changes role from CANDIDATE to LEADER at term 1 for changeToLeader
2021-08-10 12:15:11,051 [om1@group-C5BA1605619E-LeaderElection12] INFO  server.RaftServer$Division (ServerState.java:setLeader(285)) - om1@group-C5BA1605619E: change Leader from null to om1 at term 1 for becomeLeader, leader elected after 1287ms
2021-08-10 12:15:11,051 [om1@group-C5BA1605619E-LeaderElection12] INFO  server.RaftServerConfigKeys (ConfUtils.java:logGet(44)) - raft.server.staging.catchup.gap = 1000 (default)
2021-08-10 12:15:11,051 [om1@group-C5BA1605619E-LeaderElection12] INFO  server.RaftServerConfigKeys (ConfUtils.java:logGet(44)) - raft.server.write.element-limit = 4096 (default)
2021-08-10 12:15:11,051 [om1@group-C5BA1605619E-LeaderElection12] INFO  server.RaftServerConfigKeys (ConfUtils.java:logGet(44)) - raft.server.write.byte-limit = 64MB (=67108864) (default)
2021-08-10 12:15:11,051 [om1@group-C5BA1605619E-LeaderElection12] INFO  server.RaftServerConfigKeys (ConfUtils.java:logGet(44)) - raft.server.watch.timeout = 10s (default)
2021-08-10 12:15:11,051 [om1@group-C5BA1605619E-LeaderElection12] INFO  server.RaftServerConfigKeys (ConfUtils.java:logGet(44)) - raft.server.watch.timeout.denomination = 1s (default)
2021-08-10 12:15:11,052 [om1@group-C5BA1605619E-LeaderElection12] INFO  server.RaftServerConfigKeys (ConfUtils.java:logGet(44)) - raft.server.watch.element-limit = 65536 (default)
2021-08-10 12:15:11,053 [om1@group-C5BA1605619E-LeaderElection12] INFO  impl.RoleInfo (RoleInfo.java:updateAndGet(130)) - om1: start om1@group-C5BA1605619E-LeaderStateImpl
2021-08-10 12:15:11,053 [om1@group-C5BA1605619E-LeaderElection12] INFO  segmented.SegmentedRaftLogWorker (SegmentedRaftLogWorker.java:startLogSegment(394)) - om1@group-C5BA1605619E-SegmentedRaftLogWorker: Starting segment from index:0
2021-08-10 12:15:11,057 [Listener at 127.0.0.1/43569] INFO  server.AuthenticationFilter (AuthenticationFilter.java:constructSecretProvider(240)) - Unable to initialize FileSignerSecretProvider, falling back to use random secrets.
2021-08-10 12:15:11,059 [om1@group-C5BA1605619E-SegmentedRaftLogWorker] INFO  segmented.SegmentedRaftLogWorker (SegmentedRaftLogWorker.java:execute(601)) - om1@group-C5BA1605619E-SegmentedRaftLogWorker: created new log segment /home/runner/work/ozone/ozone/hadoop-ozone/integration-test/target/test-dir/MiniOzoneClusterImpl-75f1614f-1661-444a-a475-726e833f1db0/ozone-meta/ratis/bf265839-605b-3f16-9796-c5ba1605619e/current/log_inprogress_0
2021-08-10 12:15:11,079 [Listener at 127.0.0.1/43569] WARN  http.HttpRequestLog (HttpRequestLog.java:getRequestLog(103)) - Jetty request log can only be enabled using Log4j
2021-08-10 12:15:11,079 [om1@group-C5BA1605619E-LeaderElection12] INFO  server.RaftServer$Division (ServerState.java:setRaftConf(387)) - om1@group-C5BA1605619E: set configuration 0: [om1|rpc:localhost:9872|admin:|client:|dataStream:|priority:0], old=null
2021-08-10 12:15:11,092 [om1@group-C5BA1605619E-StateMachineUpdater] INFO  ratis.OzoneManagerStateMachine (OzoneManagerStateMachine.java:notifyConfigurationChanged(188)) - Received Configuration change notification from Ratis. New Peer list:
[id: "om1"
address: "localhost:9872"
]
2021-08-10 12:15:11,094 [Listener at 127.0.0.1/43569] INFO  http.HttpServer2 (HttpServer2.java:addGlobalFilter(1020)) - Added global filter 'safety' (class=org.apache.hadoop.hdds.server.http.HttpServer2$QuotingInputFilter)
2021-08-10 12:15:11,095 [Listener at 127.0.0.1/43569] INFO  http.HttpServer2 (HttpServer2.java:addFilter(996)) - Added filter static_user_filter (class=org.apache.hadoop.http.lib.StaticUserWebFilter$StaticUserFilter) to context hddsDatanode
2021-08-10 12:15:11,096 [Listener at 127.0.0.1/43569] INFO  http.HttpServer2 (HttpServer2.java:addFilter(1004)) - Added filter static_user_filter (class=org.apache.hadoop.http.lib.StaticUserWebFilter$StaticUserFilter) to context static
2021-08-10 12:15:11,096 [Listener at 127.0.0.1/43569] INFO  http.HttpServer2 (HttpServer2.java:addFilter(1004)) - Added filter static_user_filter (class=org.apache.hadoop.http.lib.StaticUserWebFilter$StaticUserFilter) to context logs
2021-08-10 12:15:11,097 [Listener at 127.0.0.1/43569] INFO  http.HttpServer2 (HttpServer2.java:bindListener(1239)) - Jetty bound to port 39651
2021-08-10 12:15:11,097 [Listener at 127.0.0.1/43569] INFO  server.Server (Server.java:doStart(375)) - jetty-9.4.43.v20210629; built: 2021-06-30T11:07:22.254Z; git: 526006ecfa3af7f1a27ef3a288e2bef7ea9dd7e8; jvm 1.8.0_292-b10
2021-08-10 12:15:11,108 [Listener at 127.0.0.1/43569] INFO  server.session (DefaultSessionIdManager.java:doStart(334)) - DefaultSessionIdManager workerName=node0
2021-08-10 12:15:11,108 [Listener at 127.0.0.1/43569] INFO  server.session (DefaultSessionIdManager.java:doStart(339)) - No SessionScavenger set, using defaults
2021-08-10 12:15:11,108 [Listener at 127.0.0.1/43569] INFO  server.session (HouseKeeper.java:startScavenging(132)) - node0 Scavenging every 660000ms
2021-08-10 12:15:11,109 [Listener at 127.0.0.1/43569] INFO  handler.ContextHandler (ContextHandler.java:doStart(915)) - Started o.e.j.s.ServletContextHandler@e10be0b{logs,/logs,file:///home/runner/work/ozone/ozone/hadoop-ozone/integration-test/target/log,AVAILABLE}
2021-08-10 12:15:11,109 [Listener at 127.0.0.1/43569] INFO  handler.ContextHandler (ContextHandler.java:doStart(915)) - Started o.e.j.s.ServletContextHandler@71886642{static,/static,jar:file:/home/runner/.m2/repository/org/apache/ozone/hdds-container-service/1.2.0-SNAPSHOT/hdds-container-service-1.2.0-SNAPSHOT.jar!/webapps/static,AVAILABLE}
2021-08-10 12:15:11,237 [Listener at 127.0.0.1/43569] INFO  handler.ContextHandler (ContextHandler.java:doStart(915)) - Started o.e.j.w.WebAppContext@6a279d9e{hddsDatanode,/,file:///tmp/jetty-0_0_0_0-39651-hdds-container-service-1_2_0-SNAPSHOT_jar-_-any-5626224259068218812/webapp/,AVAILABLE}{jar:file:/home/runner/.m2/repository/org/apache/ozone/hdds-container-service/1.2.0-SNAPSHOT/hdds-container-service-1.2.0-SNAPSHOT.jar!/webapps/hddsDatanode}
2021-08-10 12:15:11,247 [Listener at 127.0.0.1/43569] INFO  server.AbstractConnector (AbstractConnector.java:doStart(331)) - Started ServerConnector@4bd97e7e{HTTP/1.1, (http/1.1)}{0.0.0.0:39651}
2021-08-10 12:15:11,247 [Listener at 127.0.0.1/43569] INFO  server.Server (Server.java:doStart(415)) - Started @117737ms
2021-08-10 12:15:11,247 [Listener at 127.0.0.1/43569] WARN  impl.MetricsSystemImpl (MetricsSystemImpl.java:register(279)) - Sink prometheus already exists!
2021-08-10 12:15:11,251 [Listener at 127.0.0.1/43569] INFO  http.BaseHttpServer (BaseHttpServer.java:updateConnectorAddress(329)) - HTTP server of hddsDatanode listening at http://0.0.0.0:39651
2021-08-10 12:15:11,251 [Listener at 127.0.0.1/43569] INFO  ozone.MiniOzoneClusterImpl (MiniOzoneClusterImpl.java:lambda$waitForClusterToBeReady$0(235)) - Waiting for nodes to be ready. Got 0 of 3 DN Heartbeats.
2021-08-10 12:15:11,251 [Listener at 127.0.0.1/43569] INFO  ozone.MiniOzoneClusterImpl (MiniOzoneClusterImpl.java:lambda$waitForClusterToBeReady$0(238)) - Waiting for cluster to exit safe mode
2021-08-10 12:15:11,251 [Listener at 127.0.0.1/43569] INFO  ozone.MiniOzoneClusterImpl (MiniOzoneClusterImpl.java:lambda$waitForClusterToBeReady$0(240)) - SCM became leader
2021-08-10 12:15:11,303 [org.apache.hadoop.util.JvmPauseMonitor$Monitor@11d09931] INFO  util.JvmPauseMonitor (JvmPauseMonitor.java:run(188)) - Starting JVM pause monitor
2021-08-10 12:15:11,304 [Datanode State Machine Task Thread - 0] INFO  datanode.InitDatanodeState (InitDatanodeState.java:persistContainerDatanodeDetails(145)) - DatanodeDetails is persisted to /home/runner/work/ozone/ozone/hadoop-ozone/integration-test/target/test-dir/MiniOzoneClusterImpl-75f1614f-1661-444a-a475-726e833f1db0/datanode-2/meta/datanode.id
2021-08-10 12:15:12,252 [Listener at 127.0.0.1/43569] INFO  ozone.MiniOzoneClusterImpl (MiniOzoneClusterImpl.java:lambda$waitForClusterToBeReady$0(235)) - Waiting for nodes to be ready. Got 0 of 3 DN Heartbeats.
2021-08-10 12:15:12,252 [Listener at 127.0.0.1/43569] INFO  ozone.MiniOzoneClusterImpl (MiniOzoneClusterImpl.java:lambda$waitForClusterToBeReady$0(238)) - Waiting for cluster to exit safe mode
2021-08-10 12:15:12,252 [Listener at 127.0.0.1/43569] INFO  ozone.MiniOzoneClusterImpl (MiniOzoneClusterImpl.java:lambda$waitForClusterToBeReady$0(240)) - SCM became leader
2021-08-10 12:15:12,492 [EndpointStateMachine task thread for /0.0.0.0:35463 - 0 ] INFO  ozoneimpl.OzoneContainer (OzoneContainer.java:start(305)) - Attempting to start container services.
2021-08-10 12:15:12,493 [EndpointStateMachine task thread for /0.0.0.0:35463 - 0 ] INFO  ozoneimpl.OzoneContainer (OzoneContainer.java:startContainerScrub(250)) - Background container scanner has been disabled.
2021-08-10 12:15:12,496 [EndpointStateMachine task thread for /0.0.0.0:35463 - 0 ] INFO  replication.ReplicationServer (ReplicationServer.java:start(106)) - ReplicationServer is started using port 43859
2021-08-10 12:15:12,496 [EndpointStateMachine task thread for /0.0.0.0:35463 - 0 ] INFO  ratis.XceiverServerRatis (XceiverServerRatis.java:start(478)) - Starting XceiverServerRatis ad4991cb-97ce-4dd6-b117-42e7f6b0816f
2021-08-10 12:15:12,497 [EndpointStateMachine task thread for /0.0.0.0:35463 - 0 ] INFO  server.RaftServer (RaftServerProxy.java:lambda$start$5(374)) - ad4991cb-97ce-4dd6-b117-42e7f6b0816f: start RPC server
2021-08-10 12:15:12,515 [EndpointStateMachine task thread for /0.0.0.0:35463 - 0 ] INFO  server.GrpcService (GrpcService.java:startImpl(253)) - ad4991cb-97ce-4dd6-b117-42e7f6b0816f: GrpcService started, listening on 35903
2021-08-10 12:15:12,519 [EndpointStateMachine task thread for /0.0.0.0:35463 - 0 ] INFO  ratis.XceiverServerRatis (XceiverServerRatis.java:getRealPort(499)) - XceiverServerRatis ad4991cb-97ce-4dd6-b117-42e7f6b0816f is started using port 35903 for RATIS
2021-08-10 12:15:12,519 [EndpointStateMachine task thread for /0.0.0.0:35463 - 0 ] INFO  ratis.XceiverServerRatis (XceiverServerRatis.java:getRealPort(499)) - XceiverServerRatis ad4991cb-97ce-4dd6-b117-42e7f6b0816f is started using port 35903 for RATIS_ADMIN
2021-08-10 12:15:12,519 [EndpointStateMachine task thread for /0.0.0.0:35463 - 0 ] INFO  ratis.XceiverServerRatis (XceiverServerRatis.java:getRealPort(499)) - XceiverServerRatis ad4991cb-97ce-4dd6-b117-42e7f6b0816f is started using port 35903 for RATIS_SERVER
2021-08-10 12:15:12,523 [EndpointStateMachine task thread for /0.0.0.0:35463 - 0 ] INFO  server.XceiverServerGrpc (XceiverServerGrpc.java:start(135)) - XceiverServerGrpc ad4991cb-97ce-4dd6-b117-42e7f6b0816f is started using port 33309
2021-08-10 12:15:12,547 [org.apache.ratis.util.JvmPauseMonitor$$Lambda$531/1624044696@5bb4c05c] INFO  util.JvmPauseMonitor (JvmPauseMonitor.java:run(103)) - JvmPauseMonitor-ad4991cb-97ce-4dd6-b117-42e7f6b0816f: Started
2021-08-10 12:15:12,920 [EndpointStateMachine task thread for /0.0.0.0:35463 - 0 ] INFO  ozoneimpl.OzoneContainer (OzoneContainer.java:start(305)) - Attempting to start container services.
2021-08-10 12:15:12,920 [EndpointStateMachine task thread for /0.0.0.0:35463 - 0 ] INFO  ozoneimpl.OzoneContainer (OzoneContainer.java:startContainerScrub(250)) - Background container scanner has been disabled.
2021-08-10 12:15:12,940 [EndpointStateMachine task thread for /0.0.0.0:35463 - 0 ] INFO  replication.ReplicationServer (ReplicationServer.java:start(106)) - ReplicationServer is started using port 43875
2021-08-10 12:15:12,952 [EndpointStateMachine task thread for /0.0.0.0:35463 - 0 ] INFO  ratis.XceiverServerRatis (XceiverServerRatis.java:start(478)) - Starting XceiverServerRatis b13dbf35-3f05-4a51-87e4-7670ffffb89b
2021-08-10 12:15:12,970 [EndpointStateMachine task thread for /0.0.0.0:35463 - 0 ] INFO  server.RaftServer (RaftServerProxy.java:lambda$start$5(374)) - b13dbf35-3f05-4a51-87e4-7670ffffb89b: start RPC server
2021-08-10 12:15:12,977 [EndpointStateMachine task thread for /0.0.0.0:35463 - 0 ] INFO  server.GrpcService (GrpcService.java:startImpl(253)) - b13dbf35-3f05-4a51-87e4-7670ffffb89b: GrpcService started, listening on 42417
2021-08-10 12:15:12,991 [EndpointStateMachine task thread for /0.0.0.0:35463 - 0 ] INFO  ratis.XceiverServerRatis (XceiverServerRatis.java:getRealPort(499)) - XceiverServerRatis b13dbf35-3f05-4a51-87e4-7670ffffb89b is started using port 42417 for RATIS
2021-08-10 12:15:12,991 [EndpointStateMachine task thread for /0.0.0.0:35463 - 0 ] INFO  ratis.XceiverServerRatis (XceiverServerRatis.java:getRealPort(499)) - XceiverServerRatis b13dbf35-3f05-4a51-87e4-7670ffffb89b is started using port 42417 for RATIS_ADMIN
2021-08-10 12:15:12,991 [EndpointStateMachine task thread for /0.0.0.0:35463 - 0 ] INFO  ratis.XceiverServerRatis (XceiverServerRatis.java:getRealPort(499)) - XceiverServerRatis b13dbf35-3f05-4a51-87e4-7670ffffb89b is started using port 42417 for RATIS_SERVER
2021-08-10 12:15:12,995 [EndpointStateMachine task thread for /0.0.0.0:35463 - 0 ] INFO  server.XceiverServerGrpc (XceiverServerGrpc.java:start(135)) - XceiverServerGrpc b13dbf35-3f05-4a51-87e4-7670ffffb89b is started using port 36241
2021-08-10 12:15:13,005 [org.apache.ratis.util.JvmPauseMonitor$$Lambda$531/1624044696@1f068b75] INFO  util.JvmPauseMonitor (JvmPauseMonitor.java:run(103)) - JvmPauseMonitor-b13dbf35-3f05-4a51-87e4-7670ffffb89b: Started
2021-08-10 12:15:13,252 [Listener at 127.0.0.1/43569] INFO  ozone.MiniOzoneClusterImpl (MiniOzoneClusterImpl.java:lambda$waitForClusterToBeReady$0(235)) - Waiting for nodes to be ready. Got 0 of 3 DN Heartbeats.
2021-08-10 12:15:13,252 [Listener at 127.0.0.1/43569] INFO  ozone.MiniOzoneClusterImpl (MiniOzoneClusterImpl.java:lambda$waitForClusterToBeReady$0(238)) - Waiting for cluster to exit safe mode
2021-08-10 12:15:13,252 [Listener at 127.0.0.1/43569] INFO  ozone.MiniOzoneClusterImpl (MiniOzoneClusterImpl.java:lambda$waitForClusterToBeReady$0(240)) - SCM became leader
2021-08-10 12:15:13,343 [EndpointStateMachine task thread for /0.0.0.0:35463 - 0 ] INFO  ozoneimpl.OzoneContainer (OzoneContainer.java:start(305)) - Attempting to start container services.
2021-08-10 12:15:13,347 [EndpointStateMachine task thread for /0.0.0.0:35463 - 0 ] INFO  ozoneimpl.OzoneContainer (OzoneContainer.java:startContainerScrub(250)) - Background container scanner has been disabled.
2021-08-10 12:15:13,351 [EndpointStateMachine task thread for /0.0.0.0:35463 - 0 ] INFO  replication.ReplicationServer (ReplicationServer.java:start(106)) - ReplicationServer is started using port 46851
2021-08-10 12:15:13,359 [EndpointStateMachine task thread for /0.0.0.0:35463 - 0 ] INFO  ratis.XceiverServerRatis (XceiverServerRatis.java:start(478)) - Starting XceiverServerRatis 01235482-5c07-4b37-86e9-3192ec4df84f
2021-08-10 12:15:13,382 [EndpointStateMachine task thread for /0.0.0.0:35463 - 0 ] INFO  server.RaftServer (RaftServerProxy.java:lambda$start$5(374)) - 01235482-5c07-4b37-86e9-3192ec4df84f: start RPC server
2021-08-10 12:15:13,383 [EndpointStateMachine task thread for /0.0.0.0:35463 - 0 ] INFO  server.GrpcService (GrpcService.java:startImpl(253)) - 01235482-5c07-4b37-86e9-3192ec4df84f: GrpcService started, listening on 40019
2021-08-10 12:15:13,383 [EndpointStateMachine task thread for /0.0.0.0:35463 - 0 ] INFO  ratis.XceiverServerRatis (XceiverServerRatis.java:getRealPort(499)) - XceiverServerRatis 01235482-5c07-4b37-86e9-3192ec4df84f is started using port 40019 for RATIS
2021-08-10 12:15:13,383 [EndpointStateMachine task thread for /0.0.0.0:35463 - 0 ] INFO  ratis.XceiverServerRatis (XceiverServerRatis.java:getRealPort(499)) - XceiverServerRatis 01235482-5c07-4b37-86e9-3192ec4df84f is started using port 40019 for RATIS_ADMIN
2021-08-10 12:15:13,383 [EndpointStateMachine task thread for /0.0.0.0:35463 - 0 ] INFO  ratis.XceiverServerRatis (XceiverServerRatis.java:getRealPort(499)) - XceiverServerRatis 01235482-5c07-4b37-86e9-3192ec4df84f is started using port 40019 for RATIS_SERVER
2021-08-10 12:15:13,389 [EndpointStateMachine task thread for /0.0.0.0:35463 - 0 ] INFO  server.XceiverServerGrpc (XceiverServerGrpc.java:start(135)) - XceiverServerGrpc 01235482-5c07-4b37-86e9-3192ec4df84f is started using port 41643
2021-08-10 12:15:13,395 [org.apache.ratis.util.JvmPauseMonitor$$Lambda$531/1624044696@5220f3f1] INFO  util.JvmPauseMonitor (JvmPauseMonitor.java:run(103)) - JvmPauseMonitor-01235482-5c07-4b37-86e9-3192ec4df84f: Started
2021-08-10 12:15:14,253 [Listener at 127.0.0.1/43569] INFO  ozone.MiniOzoneClusterImpl (MiniOzoneClusterImpl.java:lambda$waitForClusterToBeReady$0(235)) - Waiting for nodes to be ready. Got 0 of 3 DN Heartbeats.
2021-08-10 12:15:14,253 [Listener at 127.0.0.1/43569] INFO  ozone.MiniOzoneClusterImpl (MiniOzoneClusterImpl.java:lambda$waitForClusterToBeReady$0(238)) - Waiting for cluster to exit safe mode
2021-08-10 12:15:14,253 [Listener at 127.0.0.1/43569] INFO  ozone.MiniOzoneClusterImpl (MiniOzoneClusterImpl.java:lambda$waitForClusterToBeReady$0(240)) - SCM became leader
2021-08-10 12:15:14,433 [IPC Server handler 2 on default port 35463] INFO  net.NetworkTopologyImpl (NetworkTopologyImpl.java:add(112)) - Added a new node: /default-rack/ad4991cb-97ce-4dd6-b117-42e7f6b0816f
2021-08-10 12:15:14,433 [IPC Server handler 2 on default port 35463] INFO  node.SCMNodeManager (SCMNodeManager.java:register(390)) - Registered Data node : ad4991cb-97ce-4dd6-b117-42e7f6b0816f{ip: 10.1.0.57, host: fv-az270-250.tacnzluakwdehk1hpragurqkma.bx.internal.cloudapp.net, ports: [REPLICATION=43859, RATIS=35903, RATIS_ADMIN=35903, RATIS_SERVER=35903, STANDALONE=33309], networkLocation: /default-rack, certSerialId: null, persistedOpState: null, persistedOpStateExpiryEpochSec: 0}
2021-08-10 12:15:14,435 [EventQueue-NodeRegistrationContainerReportForDataNodeSafeModeRule] INFO  safemode.SCMSafeModeManager (DataNodeSafeModeRule.java:process(71)) - SCM in safe mode. 1 DataNodes registered, 3 required.
2021-08-10 12:15:14,435 [EventQueue-NodeRegistrationContainerReportForContainerSafeModeRule] INFO  safemode.SCMSafeModeManager (SCMSafeModeManager.java:validateSafeModeExitRules(204)) - ContainerSafeModeRule rule is successfully validated
2021-08-10 12:15:14,447 [EventQueue-NewNodeForNewNodeHandler] INFO  pipeline.BackgroundPipelineCreator (BackgroundPipelineCreatorV2.java:notifyEventTriggered(285)) - trigger a one-shot run on RatisPipelineUtilsThread.
2021-08-10 12:15:14,447 [EventQueue-PipelineReportForOneReplicaPipelineSafeModeRule] INFO  safemode.SCMSafeModeManager (SCMSafeModeManager.java:validateSafeModeExitRules(204)) - AtleastOneDatanodeReportedRule rule is successfully validated
2021-08-10 12:15:14,903 [IPC Server handler 3 on default port 35463] INFO  net.NetworkTopologyImpl (NetworkTopologyImpl.java:add(112)) - Added a new node: /default-rack/b13dbf35-3f05-4a51-87e4-7670ffffb89b
2021-08-10 12:15:14,903 [IPC Server handler 3 on default port 35463] INFO  node.SCMNodeManager (SCMNodeManager.java:register(390)) - Registered Data node : b13dbf35-3f05-4a51-87e4-7670ffffb89b{ip: 10.1.0.57, host: fv-az270-250.tacnzluakwdehk1hpragurqkma.bx.internal.cloudapp.net, ports: [REPLICATION=43875, RATIS=42417, RATIS_ADMIN=42417, RATIS_SERVER=42417, STANDALONE=36241], networkLocation: /default-rack, certSerialId: null, persistedOpState: null, persistedOpStateExpiryEpochSec: 0}
2021-08-10 12:15:14,903 [EventQueue-NewNodeForNewNodeHandler] INFO  pipeline.BackgroundPipelineCreator (BackgroundPipelineCreatorV2.java:notifyEventTriggered(285)) - trigger a one-shot run on RatisPipelineUtilsThread.
2021-08-10 12:15:14,911 [EventQueue-NodeRegistrationContainerReportForDataNodeSafeModeRule] INFO  safemode.SCMSafeModeManager (DataNodeSafeModeRule.java:process(71)) - SCM in safe mode. 2 DataNodes registered, 3 required.
2021-08-10 12:15:15,254 [Listener at 127.0.0.1/43569] INFO  ozone.MiniOzoneClusterImpl (MiniOzoneClusterImpl.java:lambda$waitForClusterToBeReady$0(235)) - Waiting for nodes to be ready. Got 2 of 3 DN Heartbeats.
2021-08-10 12:15:15,254 [Listener at 127.0.0.1/43569] INFO  ozone.MiniOzoneClusterImpl (MiniOzoneClusterImpl.java:lambda$waitForClusterToBeReady$0(238)) - Waiting for cluster to exit safe mode
2021-08-10 12:15:15,254 [Listener at 127.0.0.1/43569] INFO  ozone.MiniOzoneClusterImpl (MiniOzoneClusterImpl.java:lambda$waitForClusterToBeReady$0(240)) - SCM became leader
2021-08-10 12:15:15,310 [IPC Server handler 0 on default port 35463] INFO  net.NetworkTopologyImpl (NetworkTopologyImpl.java:add(112)) - Added a new node: /default-rack/01235482-5c07-4b37-86e9-3192ec4df84f
2021-08-10 12:15:15,310 [IPC Server handler 0 on default port 35463] INFO  node.SCMNodeManager (SCMNodeManager.java:register(390)) - Registered Data node : 01235482-5c07-4b37-86e9-3192ec4df84f{ip: 10.1.0.57, host: fv-az270-250.tacnzluakwdehk1hpragurqkma.bx.internal.cloudapp.net, ports: [REPLICATION=46851, RATIS=40019, RATIS_ADMIN=40019, RATIS_SERVER=40019, STANDALONE=41643], networkLocation: /default-rack, certSerialId: null, persistedOpState: null, persistedOpStateExpiryEpochSec: 0}
2021-08-10 12:15:15,310 [EventQueue-NewNodeForNewNodeHandler] INFO  pipeline.BackgroundPipelineCreator (BackgroundPipelineCreatorV2.java:notifyEventTriggered(285)) - trigger a one-shot run on RatisPipelineUtilsThread.
2021-08-10 12:15:15,319 [EventQueue-NodeRegistrationContainerReportForDataNodeSafeModeRule] INFO  safemode.SCMSafeModeManager (DataNodeSafeModeRule.java:process(71)) - SCM in safe mode. 3 DataNodes registered, 3 required.
2021-08-10 12:15:15,320 [EventQueue-NodeRegistrationContainerReportForDataNodeSafeModeRule] INFO  safemode.SCMSafeModeManager (SCMSafeModeManager.java:validateSafeModeExitRules(204)) - DataNodeSafeModeRule rule is successfully validated
2021-08-10 12:15:15,320 [EventQueue-NodeRegistrationContainerReportForDataNodeSafeModeRule] INFO  safemode.SCMSafeModeManager (SCMSafeModeManager.java:completePreCheck(233)) - All SCM safe mode pre check rules have passed
2021-08-10 12:15:15,320 [EventQueue-NodeRegistrationContainerReportForDataNodeSafeModeRule] WARN  events.EventQueue (EventQueue.java:fireEvent(194)) - No event handler registered for event TypedEvent{payloadType=SafeModeStatus, name='Safe mode status'}
2021-08-10 12:15:15,320 [EventQueue-NodeRegistrationContainerReportForDataNodeSafeModeRule] INFO  ha.SCMContext (SCMContext.java:updateSafeModeStatus(205)) - Update SafeModeStatus from SafeModeStatus{safeModeStatus=true, preCheckPassed=false} to SafeModeStatus{safeModeStatus=true, preCheckPassed=true}.
2021-08-10 12:15:15,320 [EventQueue-NodeRegistrationContainerReportForDataNodeSafeModeRule] INFO  pipeline.BackgroundPipelineCreator (BackgroundPipelineCreatorV2.java:notifyEventTriggered(285)) - trigger a one-shot run on RatisPipelineUtilsThread.
2021-08-10 12:15:15,320 [RatisPipelineUtilsThread - 0] INFO  pipeline.RatisPipelineProvider (RatisPipelineProvider.java:lambda$create$0(183)) - Sending CreatePipelineCommand for pipeline:PipelineID=65bf7f16-7800-4a00-a76d-b7c6ad568d3c to datanode:01235482-5c07-4b37-86e9-3192ec4df84f
2021-08-10 12:15:15,322 [RatisPipelineUtilsThread - 0] INFO  pipeline.RatisPipelineProvider (RatisPipelineProvider.java:lambda$create$0(183)) - Sending CreatePipelineCommand for pipeline:PipelineID=65bf7f16-7800-4a00-a76d-b7c6ad568d3c to datanode:b13dbf35-3f05-4a51-87e4-7670ffffb89b
2021-08-10 12:15:15,323 [RatisPipelineUtilsThread - 0] INFO  pipeline.RatisPipelineProvider (RatisPipelineProvider.java:lambda$create$0(183)) - Sending CreatePipelineCommand for pipeline:PipelineID=65bf7f16-7800-4a00-a76d-b7c6ad568d3c to datanode:ad4991cb-97ce-4dd6-b117-42e7f6b0816f
2021-08-10 12:15:15,323 [RatisPipelineUtilsThread - 0] INFO  pipeline.PipelineStateManager (PipelineStateManagerV2Impl.java:addPipeline(101)) - Created pipeline Pipeline[ Id: 65bf7f16-7800-4a00-a76d-b7c6ad568d3c, Nodes: 01235482-5c07-4b37-86e9-3192ec4df84f{ip: 10.1.0.57, host: fv-az270-250.tacnzluakwdehk1hpragurqkma.bx.internal.cloudapp.net, ports: [REPLICATION=46851, RATIS=40019, RATIS_ADMIN=40019, RATIS_SERVER=40019, STANDALONE=41643], networkLocation: /default-rack, certSerialId: null, persistedOpState: IN_SERVICE, persistedOpStateExpiryEpochSec: 0}b13dbf35-3f05-4a51-87e4-7670ffffb89b{ip: 10.1.0.57, host: fv-az270-250.tacnzluakwdehk1hpragurqkma.bx.internal.cloudapp.net, ports: [REPLICATION=43875, RATIS=42417, RATIS_ADMIN=42417, RATIS_SERVER=42417, STANDALONE=36241], networkLocation: /default-rack, certSerialId: null, persistedOpState: IN_SERVICE, persistedOpStateExpiryEpochSec: 0}ad4991cb-97ce-4dd6-b117-42e7f6b0816f{ip: 10.1.0.57, host: fv-az270-250.tacnzluakwdehk1hpragurqkma.bx.internal.cloudapp.net, ports: [REPLICATION=43859, RATIS=35903, RATIS_ADMIN=35903, RATIS_SERVER=35903, STANDALONE=33309], networkLocation: /default-rack, certSerialId: null, persistedOpState: IN_SERVICE, persistedOpStateExpiryEpochSec: 0}, ReplicationConfig: RATIS/THREE, State:ALLOCATED, leaderId:, CreationTimestamp2021-08-10T12:15:15.320Z[Etc/UTC]].
2021-08-10 12:15:16,254 [Listener at 127.0.0.1/43569] INFO  ozone.MiniOzoneClusterImpl (MiniOzoneClusterImpl.java:lambda$waitForClusterToBeReady$0(235)) - Nodes are ready. Got 3 of 3 DN Heartbeats.
2021-08-10 12:15:16,254 [Listener at 127.0.0.1/43569] INFO  ozone.MiniOzoneClusterImpl (MiniOzoneClusterImpl.java:lambda$waitForClusterToBeReady$0(238)) - Waiting for cluster to exit safe mode
2021-08-10 12:15:16,255 [Listener at 127.0.0.1/43569] INFO  ozone.MiniOzoneClusterImpl (MiniOzoneClusterImpl.java:lambda$waitForClusterToBeReady$0(240)) - SCM became leader
2021-08-10 12:15:17,255 [Listener at 127.0.0.1/43569] INFO  ozone.MiniOzoneClusterImpl (MiniOzoneClusterImpl.java:lambda$waitForClusterToBeReady$0(235)) - Nodes are ready. Got 3 of 3 DN Heartbeats.
2021-08-10 12:15:17,255 [Listener at 127.0.0.1/43569] INFO  ozone.MiniOzoneClusterImpl (MiniOzoneClusterImpl.java:lambda$waitForClusterToBeReady$0(238)) - Waiting for cluster to exit safe mode
2021-08-10 12:15:17,255 [Listener at 127.0.0.1/43569] INFO  ozone.MiniOzoneClusterImpl (MiniOzoneClusterImpl.java:lambda$waitForClusterToBeReady$0(240)) - SCM became leader
2021-08-10 12:15:17,435 [Command processor thread] INFO  server.RaftServer (RaftServerProxy.java:addNew(95)) - ad4991cb-97ce-4dd6-b117-42e7f6b0816f: addNew group-B7C6AD568D3C:[ad4991cb-97ce-4dd6-b117-42e7f6b0816f|rpc:10.1.0.57:35903|priority:1, 01235482-5c07-4b37-86e9-3192ec4df84f|rpc:10.1.0.57:40019|priority:0, b13dbf35-3f05-4a51-87e4-7670ffffb89b|rpc:10.1.0.57:42417|priority:0] returns group-B7C6AD568D3C:java.util.concurrent.CompletableFuture@65273459[Not completed]
2021-08-10 12:15:17,455 [pool-419-thread-1] INFO  server.RaftServer$Division (RaftServerImpl.java:<init>(181)) - ad4991cb-97ce-4dd6-b117-42e7f6b0816f: new RaftServerImpl for group-B7C6AD568D3C:[ad4991cb-97ce-4dd6-b117-42e7f6b0816f|rpc:10.1.0.57:35903|priority:1, 01235482-5c07-4b37-86e9-3192ec4df84f|rpc:10.1.0.57:40019|priority:0, b13dbf35-3f05-4a51-87e4-7670ffffb89b|rpc:10.1.0.57:42417|priority:0] with ContainerStateMachine:uninitialized
2021-08-10 12:15:17,455 [pool-419-thread-1] INFO  server.RaftServerConfigKeys (ConfUtils.java:logGet(44)) - raft.server.rpc.timeout.min = 5s (custom)
2021-08-10 12:15:17,456 [pool-419-thread-1] INFO  server.RaftServerConfigKeys (ConfUtils.java:logGet(44)) - raft.server.rpc.timeout.max = 5200ms (custom)
2021-08-10 12:15:17,456 [pool-419-thread-1] INFO  server.RaftServerConfigKeys (ConfUtils.java:logGet(44)) - raft.server.rpc.sleep.time = 25ms (default)
2021-08-10 12:15:17,456 [pool-419-thread-1] INFO  server.RaftServerConfigKeys (ConfUtils.java:logGet(44)) - raft.server.rpc.slowness.timeout = 300s (custom)
2021-08-10 12:15:17,456 [pool-419-thread-1] INFO  server.RaftServerConfigKeys (ConfUtils.java:logGet(44)) - raft.server.leaderelection.leader.step-down.wait-time = 10s (default)
2021-08-10 12:15:17,456 [pool-419-thread-1] INFO  server.RaftServerConfigKeys (ConfUtils.java:logGet(44)) - raft.server.sleep.deviation.threshold = 300ms (default)
2021-08-10 12:15:17,456 [pool-419-thread-1] INFO  server.RaftServerConfigKeys (ConfUtils.java:logGet(44)) - raft.server.log.appender.install.snapshot.enabled = false (custom)
2021-08-10 12:15:17,456 [pool-419-thread-1] INFO  server.RaftServer$Division (ServerState.java:<init>(105)) - ad4991cb-97ce-4dd6-b117-42e7f6b0816f@group-B7C6AD568D3C: ConfigurationManager, init=-1: [ad4991cb-97ce-4dd6-b117-42e7f6b0816f|rpc:10.1.0.57:35903|priority:1, 01235482-5c07-4b37-86e9-3192ec4df84f|rpc:10.1.0.57:40019|priority:0, b13dbf35-3f05-4a51-87e4-7670ffffb89b|rpc:10.1.0.57:42417|priority:0], old=null, confs=<EMPTY_MAP>
2021-08-10 12:15:17,456 [pool-419-thread-1] INFO  server.RaftServerConfigKeys (ConfUtils.java:logGet(44)) - raft.server.storage.dir = [/home/runner/work/ozone/ozone/hadoop-ozone/integration-test/target/test-dir/MiniOzoneClusterImpl-75f1614f-1661-444a-a475-726e833f1db0/datanode-0/data/ratis] (custom)
2021-08-10 12:15:17,456 [pool-419-thread-1] INFO  server.RaftServerConfigKeys (ConfUtils.java:logGet(44)) - raft.server.log.corruption.policy = EXCEPTION (default)
2021-08-10 12:15:17,456 [pool-419-thread-1] INFO  server.RaftServerConfigKeys (ConfUtils.java:logGet(44)) - raft.server.storage.free-space.min = 0MB (=0) (default)
2021-08-10 12:15:17,456 [pool-419-thread-1] INFO  storage.RaftStorageDirectory (RaftStorageDirectoryImpl.java:analyzeStorage(135)) - The storage directory /home/runner/work/ozone/ozone/hadoop-ozone/integration-test/target/test-dir/MiniOzoneClusterImpl-75f1614f-1661-444a-a475-726e833f1db0/datanode-0/data/ratis/65bf7f16-7800-4a00-a76d-b7c6ad568d3c does not exist. Creating ...
2021-08-10 12:15:17,458 [pool-419-thread-1] INFO  storage.RaftStorageDirectory (RaftStorageDirectoryImpl.java:tryLock(230)) - Lock on /home/runner/work/ozone/ozone/hadoop-ozone/integration-test/target/test-dir/MiniOzoneClusterImpl-75f1614f-1661-444a-a475-726e833f1db0/datanode-0/data/ratis/65bf7f16-7800-4a00-a76d-b7c6ad568d3c/in_use.lock acquired by nodename 30050@fv-az270-250
2021-08-10 12:15:17,460 [pool-419-thread-1] INFO  storage.RaftStorage (RaftStorageImpl.java:format(89)) - Storage directory /home/runner/work/ozone/ozone/hadoop-ozone/integration-test/target/test-dir/MiniOzoneClusterImpl-75f1614f-1661-444a-a475-726e833f1db0/datanode-0/data/ratis/65bf7f16-7800-4a00-a76d-b7c6ad568d3c has been successfully formatted.
2021-08-10 12:15:17,462 [pool-419-thread-1] INFO  ratis.ContainerStateMachine (ContainerStateMachine.java:loadSnapshot(223)) - group-B7C6AD568D3C: The snapshot info is null. Setting the last applied indexto:(t:0, i:~)
2021-08-10 12:15:17,462 [pool-419-thread-1] INFO  server.RaftServerConfigKeys (ConfUtils.java:logGet(44)) - raft.server.notification.no-leader.timeout = 300s (custom)
2021-08-10 12:15:17,463 [pool-419-thread-1] INFO  server.RaftServerConfigKeys (ConfUtils.java:logGet(44)) - raft.server.log.use.memory = false (default)
2021-08-10 12:15:17,463 [pool-419-thread-1] INFO  server.RaftServerConfigKeys (ConfUtils.java:logGet(44)) - raft.server.log.purge.gap = 1000000 (custom)
2021-08-10 12:15:17,462 [Datanode State Machine Thread - 0] WARN  statemachine.StateContext (StateContext.java:execute(621)) - No available thread in pool for past 0 seconds.
2021-08-10 12:15:17,463 [pool-419-thread-1] INFO  server.RaftServerConfigKeys (ConfUtils.java:logGet(44)) - raft.server.log.appender.buffer.byte-limit = 33554432 (custom)
2021-08-10 12:15:17,467 [pool-419-thread-1] INFO  server.RaftServerConfigKeys (ConfUtils.java:logGet(44)) - raft.server.log.segment.size.max = 1048576 (custom)
2021-08-10 12:15:17,467 [pool-419-thread-1] INFO  server.RaftServerConfigKeys (ConfUtils.java:logGet(44)) - raft.server.log.segment.cache.num.max = 2 (custom)
2021-08-10 12:15:17,467 [pool-419-thread-1] INFO  server.RaftServerConfigKeys (ConfUtils.java:logGet(44)) - raft.server.log.segment.cache.size.max = 200MB (=209715200) (default)
2021-08-10 12:15:17,467 [pool-419-thread-1] INFO  segmented.SegmentedRaftLogWorker (SegmentedRaftLogWorker.java:<init>(182)) - new ad4991cb-97ce-4dd6-b117-42e7f6b0816f@group-B7C6AD568D3C-SegmentedRaftLogWorker for RaftStorageImpl:Storage Directory /home/runner/work/ozone/ozone/hadoop-ozone/integration-test/target/test-dir/MiniOzoneClusterImpl-75f1614f-1661-444a-a475-726e833f1db0/datanode-0/data/ratis/65bf7f16-7800-4a00-a76d-b7c6ad568d3c
2021-08-10 12:15:17,467 [pool-419-thread-1] INFO  server.RaftServerConfigKeys (ConfUtils.java:logGet(44)) - raft.server.log.queue.byte-limit = 2147483647 (custom)
2021-08-10 12:15:17,467 [pool-419-thread-1] INFO  server.RaftServerConfigKeys (ConfUtils.java:logGet(44)) - raft.server.log.queue.element-limit = 1024 (custom)
2021-08-10 12:15:17,468 [pool-419-thread-1] INFO  server.RaftServerConfigKeys (ConfUtils.java:logGet(44)) - raft.server.log.segment.size.max = 1048576 (custom)
2021-08-10 12:15:17,468 [pool-419-thread-1] INFO  server.RaftServerConfigKeys (ConfUtils.java:logGet(44)) - raft.server.log.preallocated.size = 16384 (custom)
2021-08-10 12:15:17,468 [pool-419-thread-1] INFO  server.RaftServerConfigKeys (ConfUtils.java:logGet(44)) - raft.server.log.force.sync.num = 128 (default)
2021-08-10 12:15:17,468 [pool-419-thread-1] INFO  server.RaftServerConfigKeys (ConfUtils.java:logGet(44)) - raft.server.log.statemachine.data.sync = true (default)
2021-08-10 12:15:17,468 [pool-419-thread-1] INFO  server.RaftServerConfigKeys (ConfUtils.java:logGet(44)) - raft.server.log.statemachine.data.sync.timeout = 10s (default)
2021-08-10 12:15:17,468 [pool-419-thread-1] INFO  server.RaftServerConfigKeys (ConfUtils.java:logGet(44)) - raft.server.log.statemachine.data.sync.timeout.retry = -1 (default)
2021-08-10 12:15:17,469 [pool-419-thread-1] INFO  server.RaftServerConfigKeys (ConfUtils.java:logGet(44)) - raft.server.log.write.buffer.size = 1048576 (custom)
2021-08-10 12:15:17,471 [pool-419-thread-1] INFO  server.RaftServerConfigKeys (ConfUtils.java:logGet(44)) - raft.server.log.statemachine.data.caching.enabled = true (custom)
2021-08-10 12:15:17,471 [pool-419-thread-1] INFO  segmented.SegmentedRaftLogWorker (SegmentedRaftLogWorker.java:lambda$new$0(133)) - ad4991cb-97ce-4dd6-b117-42e7f6b0816f@group-B7C6AD568D3C-SegmentedRaftLogWorker: flushIndex: setUnconditionally 0 -> -1
2021-08-10 12:15:17,471 [pool-419-thread-1] INFO  segmented.SegmentedRaftLogWorker (SegmentedRaftLogWorker.java:lambda$new$0(133)) - ad4991cb-97ce-4dd6-b117-42e7f6b0816f@group-B7C6AD568D3C-SegmentedRaftLogWorker: safeCacheEvictIndex: setUnconditionally 0 -> -1
2021-08-10 12:15:17,482 [pool-419-thread-1] INFO  server.RaftServerConfigKeys (ConfUtils.java:logGet(44)) - raft.server.snapshot.auto.trigger.enabled = true (custom)
2021-08-10 12:15:17,482 [pool-419-thread-1] INFO  server.RaftServerConfigKeys (ConfUtils.java:logGet(44)) - raft.server.snapshot.auto.trigger.threshold = 10000 (custom)
2021-08-10 12:15:17,482 [pool-419-thread-1] INFO  server.RaftServerConfigKeys (ConfUtils.java:logGet(44)) - raft.server.snapshot.retention.file.num = 5 (custom)
2021-08-10 12:15:17,482 [pool-419-thread-1] INFO  server.RaftServerConfigKeys (ConfUtils.java:logGet(44)) - raft.server.log.purge.upto.snapshot.index = false (default)
2021-08-10 12:15:17,482 [pool-419-thread-1] INFO  server.RaftServerConfigKeys (ConfUtils.java:logGet(44)) - raft.server.retrycache.expirytime = 600000ms (custom)
2021-08-10 12:15:17,482 [pool-419-thread-1] INFO  server.RaftServerConfigKeys (ConfUtils.java:logGet(44)) - raft.server.retrycache.statistics.expirytime = 100μs (default)
2021-08-10 12:15:17,483 [pool-419-thread-1] INFO  server.RaftServer$Division (RaftServerImpl.java:start(296)) - ad4991cb-97ce-4dd6-b117-42e7f6b0816f@group-B7C6AD568D3C: start as a follower, conf=-1: [ad4991cb-97ce-4dd6-b117-42e7f6b0816f|rpc:10.1.0.57:35903|priority:1, 01235482-5c07-4b37-86e9-3192ec4df84f|rpc:10.1.0.57:40019|priority:0, b13dbf35-3f05-4a51-87e4-7670ffffb89b|rpc:10.1.0.57:42417|priority:0], old=null
2021-08-10 12:15:17,483 [pool-419-thread-1] INFO  server.RaftServer$Division (RaftServerImpl.java:setRole(285)) - ad4991cb-97ce-4dd6-b117-42e7f6b0816f@group-B7C6AD568D3C: changes role from      null to FOLLOWER at term 0 for startAsFollower
2021-08-10 12:15:17,483 [pool-419-thread-1] INFO  impl.RoleInfo (RoleInfo.java:updateAndGet(130)) - ad4991cb-97ce-4dd6-b117-42e7f6b0816f: start ad4991cb-97ce-4dd6-b117-42e7f6b0816f@group-B7C6AD568D3C-FollowerState
2021-08-10 12:15:17,491 [pool-419-thread-1] INFO  util.JmxRegister (JmxRegister.java:tryRegister(44)) - Successfully registered JMX Bean with object name Ratis:service=RaftServer,group=group-B7C6AD568D3C,id=ad4991cb-97ce-4dd6-b117-42e7f6b0816f
2021-08-10 12:15:17,499 [Command processor thread] INFO  ratis.XceiverServerRatis (XceiverServerRatis.java:addGroup(759)) - Created group PipelineID=65bf7f16-7800-4a00-a76d-b7c6ad568d3c
2021-08-10 12:15:17,527 [grpc-default-executor-1] INFO  server.RaftServer (RaftServerProxy.java:addNew(95)) - 01235482-5c07-4b37-86e9-3192ec4df84f: addNew group-B7C6AD568D3C:[ad4991cb-97ce-4dd6-b117-42e7f6b0816f|rpc:10.1.0.57:35903|dataStream:|priority:1, 01235482-5c07-4b37-86e9-3192ec4df84f|rpc:10.1.0.57:40019|dataStream:|priority:0, b13dbf35-3f05-4a51-87e4-7670ffffb89b|rpc:10.1.0.57:42417|dataStream:|priority:0] returns group-B7C6AD568D3C:java.util.concurrent.CompletableFuture@1878eabe[Not completed]
2021-08-10 12:15:17,556 [pool-457-thread-1] INFO  server.RaftServer$Division (RaftServerImpl.java:<init>(181)) - 01235482-5c07-4b37-86e9-3192ec4df84f: new RaftServerImpl for group-B7C6AD568D3C:[ad4991cb-97ce-4dd6-b117-42e7f6b0816f|rpc:10.1.0.57:35903|dataStream:|priority:1, 01235482-5c07-4b37-86e9-3192ec4df84f|rpc:10.1.0.57:40019|dataStream:|priority:0, b13dbf35-3f05-4a51-87e4-7670ffffb89b|rpc:10.1.0.57:42417|dataStream:|priority:0] with ContainerStateMachine:uninitialized
2021-08-10 12:15:17,568 [pool-457-thread-1] INFO  server.RaftServerConfigKeys (ConfUtils.java:logGet(44)) - raft.server.rpc.timeout.min = 5s (custom)
2021-08-10 12:15:17,569 [pool-457-thread-1] INFO  server.RaftServerConfigKeys (ConfUtils.java:logGet(44)) - raft.server.rpc.timeout.max = 5200ms (custom)
2021-08-10 12:15:17,569 [pool-457-thread-1] INFO  server.RaftServerConfigKeys (ConfUtils.java:logGet(44)) - raft.server.rpc.sleep.time = 25ms (default)
2021-08-10 12:15:17,569 [pool-457-thread-1] INFO  server.RaftServerConfigKeys (ConfUtils.java:logGet(44)) - raft.server.rpc.slowness.timeout = 300s (custom)
2021-08-10 12:15:17,569 [pool-457-thread-1] INFO  server.RaftServerConfigKeys (ConfUtils.java:logGet(44)) - raft.server.leaderelection.leader.step-down.wait-time = 10s (default)
2021-08-10 12:15:17,569 [pool-457-thread-1] INFO  server.RaftServerConfigKeys (ConfUtils.java:logGet(44)) - raft.server.sleep.deviation.threshold = 300ms (default)
2021-08-10 12:15:17,569 [pool-457-thread-1] INFO  server.RaftServerConfigKeys (ConfUtils.java:logGet(44)) - raft.server.log.appender.install.snapshot.enabled = false (custom)
2021-08-10 12:15:17,569 [pool-457-thread-1] INFO  server.RaftServer$Division (ServerState.java:<init>(105)) - 01235482-5c07-4b37-86e9-3192ec4df84f@group-B7C6AD568D3C: ConfigurationManager, init=-1: [ad4991cb-97ce-4dd6-b117-42e7f6b0816f|rpc:10.1.0.57:35903|dataStream:|priority:1, 01235482-5c07-4b37-86e9-3192ec4df84f|rpc:10.1.0.57:40019|dataStream:|priority:0, b13dbf35-3f05-4a51-87e4-7670ffffb89b|rpc:10.1.0.57:42417|dataStream:|priority:0], old=null, confs=<EMPTY_MAP>
2021-08-10 12:15:17,569 [pool-457-thread-1] INFO  server.RaftServerConfigKeys (ConfUtils.java:logGet(44)) - raft.server.storage.dir = [/home/runner/work/ozone/ozone/hadoop-ozone/integration-test/target/test-dir/MiniOzoneClusterImpl-75f1614f-1661-444a-a475-726e833f1db0/datanode-2/data/ratis] (custom)
2021-08-10 12:15:17,569 [pool-457-thread-1] INFO  server.RaftServerConfigKeys (ConfUtils.java:logGet(44)) - raft.server.log.corruption.policy = EXCEPTION (default)
2021-08-10 12:15:17,569 [pool-457-thread-1] INFO  server.RaftServerConfigKeys (ConfUtils.java:logGet(44)) - raft.server.storage.free-space.min = 0MB (=0) (default)
2021-08-10 12:15:17,569 [pool-457-thread-1] INFO  storage.RaftStorageDirectory (RaftStorageDirectoryImpl.java:analyzeStorage(135)) - The storage directory /home/runner/work/ozone/ozone/hadoop-ozone/integration-test/target/test-dir/MiniOzoneClusterImpl-75f1614f-1661-444a-a475-726e833f1db0/datanode-2/data/ratis/65bf7f16-7800-4a00-a76d-b7c6ad568d3c does not exist. Creating ...
2021-08-10 12:15:17,570 [pool-457-thread-1] INFO  storage.RaftStorageDirectory (RaftStorageDirectoryImpl.java:tryLock(230)) - Lock on /home/runner/work/ozone/ozone/hadoop-ozone/integration-test/target/test-dir/MiniOzoneClusterImpl-75f1614f-1661-444a-a475-726e833f1db0/datanode-2/data/ratis/65bf7f16-7800-4a00-a76d-b7c6ad568d3c/in_use.lock acquired by nodename 30050@fv-az270-250
2021-08-10 12:15:17,574 [pool-457-thread-1] INFO  storage.RaftStorage (RaftStorageImpl.java:format(89)) - Storage directory /home/runner/work/ozone/ozone/hadoop-ozone/integration-test/target/test-dir/MiniOzoneClusterImpl-75f1614f-1661-444a-a475-726e833f1db0/datanode-2/data/ratis/65bf7f16-7800-4a00-a76d-b7c6ad568d3c has been successfully formatted.
2021-08-10 12:15:17,587 [pool-457-thread-1] INFO  ratis.ContainerStateMachine (ContainerStateMachine.java:loadSnapshot(223)) - group-B7C6AD568D3C: The snapshot info is null. Setting the last applied indexto:(t:0, i:~)
2021-08-10 12:15:17,587 [pool-457-thread-1] INFO  server.RaftServerConfigKeys (ConfUtils.java:logGet(44)) - raft.server.notification.no-leader.timeout = 300s (custom)
2021-08-10 12:15:17,587 [Datanode State Machine Thread - 0] WARN  statemachine.StateContext (StateContext.java:execute(621)) - No available thread in pool for past 0 seconds.
2021-08-10 12:15:17,587 [pool-457-thread-1] INFO  server.RaftServerConfigKeys (ConfUtils.java:logGet(44)) - raft.server.log.use.memory = false (default)
2021-08-10 12:15:17,587 [pool-457-thread-1] INFO  server.RaftServerConfigKeys (ConfUtils.java:logGet(44)) - raft.server.log.purge.gap = 1000000 (custom)
2021-08-10 12:15:17,587 [pool-457-thread-1] INFO  server.RaftServerConfigKeys (ConfUtils.java:logGet(44)) - raft.server.log.appender.buffer.byte-limit = 33554432 (custom)
2021-08-10 12:15:17,588 [pool-457-thread-1] INFO  server.RaftServerConfigKeys (ConfUtils.java:logGet(44)) - raft.server.log.segment.size.max = 1048576 (custom)
2021-08-10 12:15:17,588 [pool-457-thread-1] INFO  server.RaftServerConfigKeys (ConfUtils.java:logGet(44)) - raft.server.log.segment.cache.num.max = 2 (custom)
2021-08-10 12:15:17,588 [pool-457-thread-1] INFO  server.RaftServerConfigKeys (ConfUtils.java:logGet(44)) - raft.server.log.segment.cache.size.max = 200MB (=209715200) (default)
2021-08-10 12:15:17,588 [pool-457-thread-1] INFO  segmented.SegmentedRaftLogWorker (SegmentedRaftLogWorker.java:<init>(182)) - new 01235482-5c07-4b37-86e9-3192ec4df84f@group-B7C6AD568D3C-SegmentedRaftLogWorker for RaftStorageImpl:Storage Directory /home/runner/work/ozone/ozone/hadoop-ozone/integration-test/target/test-dir/MiniOzoneClusterImpl-75f1614f-1661-444a-a475-726e833f1db0/datanode-2/data/ratis/65bf7f16-7800-4a00-a76d-b7c6ad568d3c
2021-08-10 12:15:17,588 [pool-457-thread-1] INFO  server.RaftServerConfigKeys (ConfUtils.java:logGet(44)) - raft.server.log.queue.byte-limit = 2147483647 (custom)
2021-08-10 12:15:17,588 [pool-457-thread-1] INFO  server.RaftServerConfigKeys (ConfUtils.java:logGet(44)) - raft.server.log.queue.element-limit = 1024 (custom)
2021-08-10 12:15:17,588 [pool-457-thread-1] INFO  server.RaftServerConfigKeys (ConfUtils.java:logGet(44)) - raft.server.log.segment.size.max = 1048576 (custom)
2021-08-10 12:15:17,588 [pool-457-thread-1] INFO  server.RaftServerConfigKeys (ConfUtils.java:logGet(44)) - raft.server.log.preallocated.size = 16384 (custom)
2021-08-10 12:15:17,588 [pool-457-thread-1] INFO  server.RaftServerConfigKeys (ConfUtils.java:logGet(44)) - raft.server.log.force.sync.num = 128 (default)
2021-08-10 12:15:17,588 [pool-457-thread-1] INFO  server.RaftServerConfigKeys (ConfUtils.java:logGet(44)) - raft.server.log.statemachine.data.sync = true (default)
2021-08-10 12:15:17,589 [pool-457-thread-1] INFO  server.RaftServerConfigKeys (ConfUtils.java:logGet(44)) - raft.server.log.statemachine.data.sync.timeout = 10s (default)
2021-08-10 12:15:17,589 [pool-457-thread-1] INFO  server.RaftServerConfigKeys (ConfUtils.java:logGet(44)) - raft.server.log.statemachine.data.sync.timeout.retry = -1 (default)
2021-08-10 12:15:17,589 [pool-457-thread-1] INFO  server.RaftServerConfigKeys (ConfUtils.java:logGet(44)) - raft.server.log.write.buffer.size = 1048576 (custom)
2021-08-10 12:15:17,593 [pool-457-thread-1] INFO  server.RaftServerConfigKeys (ConfUtils.java:logGet(44)) - raft.server.log.statemachine.data.caching.enabled = true (custom)
2021-08-10 12:15:17,593 [pool-457-thread-1] INFO  segmented.SegmentedRaftLogWorker (SegmentedRaftLogWorker.java:lambda$new$0(133)) - 01235482-5c07-4b37-86e9-3192ec4df84f@group-B7C6AD568D3C-SegmentedRaftLogWorker: flushIndex: setUnconditionally 0 -> -1
2021-08-10 12:15:17,593 [pool-457-thread-1] INFO  segmented.SegmentedRaftLogWorker (SegmentedRaftLogWorker.java:lambda$new$0(133)) - 01235482-5c07-4b37-86e9-3192ec4df84f@group-B7C6AD568D3C-SegmentedRaftLogWorker: safeCacheEvictIndex: setUnconditionally 0 -> -1
2021-08-10 12:15:17,599 [pool-457-thread-1] INFO  server.RaftServerConfigKeys (ConfUtils.java:logGet(44)) - raft.server.snapshot.auto.trigger.enabled = true (custom)
2021-08-10 12:15:17,599 [pool-457-thread-1] INFO  server.RaftServerConfigKeys (ConfUtils.java:logGet(44)) - raft.server.snapshot.auto.trigger.threshold = 10000 (custom)
2021-08-10 12:15:17,599 [pool-457-thread-1] INFO  server.RaftServerConfigKeys (ConfUtils.java:logGet(44)) - raft.server.snapshot.retention.file.num = 5 (custom)
2021-08-10 12:15:17,599 [pool-457-thread-1] INFO  server.RaftServerConfigKeys (ConfUtils.java:logGet(44)) - raft.server.log.purge.upto.snapshot.index = false (default)
2021-08-10 12:15:17,599 [pool-457-thread-1] INFO  server.RaftServerConfigKeys (ConfUtils.java:logGet(44)) - raft.server.retrycache.expirytime = 600000ms (custom)
2021-08-10 12:15:17,599 [pool-457-thread-1] INFO  server.RaftServerConfigKeys (ConfUtils.java:logGet(44)) - raft.server.retrycache.statistics.expirytime = 100μs (default)
2021-08-10 12:15:17,600 [pool-457-thread-1] INFO  server.RaftServer$Division (RaftServerImpl.java:start(296)) - 01235482-5c07-4b37-86e9-3192ec4df84f@group-B7C6AD568D3C: start as a follower, conf=-1: [ad4991cb-97ce-4dd6-b117-42e7f6b0816f|rpc:10.1.0.57:35903|dataStream:|priority:1, 01235482-5c07-4b37-86e9-3192ec4df84f|rpc:10.1.0.57:40019|dataStream:|priority:0, b13dbf35-3f05-4a51-87e4-7670ffffb89b|rpc:10.1.0.57:42417|dataStream:|priority:0], old=null
2021-08-10 12:15:17,600 [pool-457-thread-1] INFO  server.RaftServer$Division (RaftServerImpl.java:setRole(285)) - 01235482-5c07-4b37-86e9-3192ec4df84f@group-B7C6AD568D3C: changes role from      null to FOLLOWER at term 0 for startAsFollower
2021-08-10 12:15:17,600 [pool-457-thread-1] INFO  impl.RoleInfo (RoleInfo.java:updateAndGet(130)) - 01235482-5c07-4b37-86e9-3192ec4df84f: start 01235482-5c07-4b37-86e9-3192ec4df84f@group-B7C6AD568D3C-FollowerState
2021-08-10 12:15:17,613 [pool-457-thread-1] INFO  util.JmxRegister (JmxRegister.java:tryRegister(44)) - Successfully registered JMX Bean with object name Ratis:service=RaftServer,group=group-B7C6AD568D3C,id=01235482-5c07-4b37-86e9-3192ec4df84f
2021-08-10 12:15:17,672 [grpc-default-executor-1] INFO  server.RaftServer (RaftServerProxy.java:addNew(95)) - b13dbf35-3f05-4a51-87e4-7670ffffb89b: addNew group-B7C6AD568D3C:[ad4991cb-97ce-4dd6-b117-42e7f6b0816f|rpc:10.1.0.57:35903|dataStream:|priority:1, 01235482-5c07-4b37-86e9-3192ec4df84f|rpc:10.1.0.57:40019|dataStream:|priority:0, b13dbf35-3f05-4a51-87e4-7670ffffb89b|rpc:10.1.0.57:42417|dataStream:|priority:0] returns group-B7C6AD568D3C:java.util.concurrent.CompletableFuture@136b16a1[Not completed]
2021-08-10 12:15:17,692 [pool-438-thread-1] INFO  server.RaftServer$Division (RaftServerImpl.java:<init>(181)) - b13dbf35-3f05-4a51-87e4-7670ffffb89b: new RaftServerImpl for group-B7C6AD568D3C:[ad4991cb-97ce-4dd6-b117-42e7f6b0816f|rpc:10.1.0.57:35903|dataStream:|priority:1, 01235482-5c07-4b37-86e9-3192ec4df84f|rpc:10.1.0.57:40019|dataStream:|priority:0, b13dbf35-3f05-4a51-87e4-7670ffffb89b|rpc:10.1.0.57:42417|dataStream:|priority:0] with ContainerStateMachine:uninitialized
2021-08-10 12:15:17,707 [pool-438-thread-1] INFO  server.RaftServerConfigKeys (ConfUtils.java:logGet(44)) - raft.server.rpc.timeout.min = 5s (custom)
2021-08-10 12:15:17,707 [pool-438-thread-1] INFO  server.RaftServerConfigKeys (ConfUtils.java:logGet(44)) - raft.server.rpc.timeout.max = 5200ms (custom)
2021-08-10 12:15:17,707 [pool-438-thread-1] INFO  server.RaftServerConfigKeys (ConfUtils.java:logGet(44)) - raft.server.rpc.sleep.time = 25ms (default)
2021-08-10 12:15:17,707 [pool-438-thread-1] INFO  server.RaftServerConfigKeys (ConfUtils.java:logGet(44)) - raft.server.rpc.slowness.timeout = 300s (custom)
2021-08-10 12:15:17,707 [pool-438-thread-1] INFO  server.RaftServerConfigKeys (ConfUtils.java:logGet(44)) - raft.server.leaderelection.leader.step-down.wait-time = 10s (default)
2021-08-10 12:15:17,707 [pool-438-thread-1] INFO  server.RaftServerConfigKeys (ConfUtils.java:logGet(44)) - raft.server.sleep.deviation.threshold = 300ms (default)
2021-08-10 12:15:17,707 [pool-438-thread-1] INFO  server.RaftServerConfigKeys (ConfUtils.java:logGet(44)) - raft.server.log.appender.install.snapshot.enabled = false (custom)
2021-08-10 12:15:17,707 [pool-438-thread-1] INFO  server.RaftServer$Division (ServerState.java:<init>(105)) - b13dbf35-3f05-4a51-87e4-7670ffffb89b@group-B7C6AD568D3C: ConfigurationManager, init=-1: [ad4991cb-97ce-4dd6-b117-42e7f6b0816f|rpc:10.1.0.57:35903|dataStream:|priority:1, 01235482-5c07-4b37-86e9-3192ec4df84f|rpc:10.1.0.57:40019|dataStream:|priority:0, b13dbf35-3f05-4a51-87e4-7670ffffb89b|rpc:10.1.0.57:42417|dataStream:|priority:0], old=null, confs=<EMPTY_MAP>
2021-08-10 12:15:17,707 [pool-438-thread-1] INFO  server.RaftServerConfigKeys (ConfUtils.java:logGet(44)) - raft.server.storage.dir = [/home/runner/work/ozone/ozone/hadoop-ozone/integration-test/target/test-dir/MiniOzoneClusterImpl-75f1614f-1661-444a-a475-726e833f1db0/datanode-1/data/ratis] (custom)
2021-08-10 12:15:17,707 [pool-438-thread-1] INFO  server.RaftServerConfigKeys (ConfUtils.java:logGet(44)) - raft.server.log.corruption.policy = EXCEPTION (default)
2021-08-10 12:15:17,707 [pool-438-thread-1] INFO  server.RaftServerConfigKeys (ConfUtils.java:logGet(44)) - raft.server.storage.free-space.min = 0MB (=0) (default)
2021-08-10 12:15:17,707 [pool-438-thread-1] INFO  storage.RaftStorageDirectory (RaftStorageDirectoryImpl.java:analyzeStorage(135)) - The storage directory /home/runner/work/ozone/ozone/hadoop-ozone/integration-test/target/test-dir/MiniOzoneClusterImpl-75f1614f-1661-444a-a475-726e833f1db0/datanode-1/data/ratis/65bf7f16-7800-4a00-a76d-b7c6ad568d3c does not exist. Creating ...
2021-08-10 12:15:17,708 [pool-438-thread-1] INFO  storage.RaftStorageDirectory (RaftStorageDirectoryImpl.java:tryLock(230)) - Lock on /home/runner/work/ozone/ozone/hadoop-ozone/integration-test/target/test-dir/MiniOzoneClusterImpl-75f1614f-1661-444a-a475-726e833f1db0/datanode-1/data/ratis/65bf7f16-7800-4a00-a76d-b7c6ad568d3c/in_use.lock acquired by nodename 30050@fv-az270-250
2021-08-10 12:15:17,709 [pool-438-thread-1] INFO  storage.RaftStorage (RaftStorageImpl.java:format(89)) - Storage directory /home/runner/work/ozone/ozone/hadoop-ozone/integration-test/target/test-dir/MiniOzoneClusterImpl-75f1614f-1661-444a-a475-726e833f1db0/datanode-1/data/ratis/65bf7f16-7800-4a00-a76d-b7c6ad568d3c has been successfully formatted.
2021-08-10 12:15:17,710 [pool-438-thread-1] INFO  ratis.ContainerStateMachine (ContainerStateMachine.java:loadSnapshot(223)) - group-B7C6AD568D3C: The snapshot info is null. Setting the last applied indexto:(t:0, i:~)
2021-08-10 12:15:17,710 [Datanode State Machine Thread - 0] WARN  statemachine.StateContext (StateContext.java:execute(621)) - No available thread in pool for past 0 seconds.
2021-08-10 12:15:17,710 [pool-438-thread-1] INFO  server.RaftServerConfigKeys (ConfUtils.java:logGet(44)) - raft.server.notification.no-leader.timeout = 300s (custom)
2021-08-10 12:15:17,710 [pool-438-thread-1] INFO  server.RaftServerConfigKeys (ConfUtils.java:logGet(44)) - raft.server.log.use.memory = false (default)
2021-08-10 12:15:17,710 [pool-438-thread-1] INFO  server.RaftServerConfigKeys (ConfUtils.java:logGet(44)) - raft.server.log.purge.gap = 1000000 (custom)
2021-08-10 12:15:17,710 [pool-438-thread-1] INFO  server.RaftServerConfigKeys (ConfUtils.java:logGet(44)) - raft.server.log.appender.buffer.byte-limit = 33554432 (custom)
2021-08-10 12:15:17,710 [pool-438-thread-1] INFO  server.RaftServerConfigKeys (ConfUtils.java:logGet(44)) - raft.server.log.segment.size.max = 1048576 (custom)
2021-08-10 12:15:17,711 [pool-438-thread-1] INFO  server.RaftServerConfigKeys (ConfUtils.java:logGet(44)) - raft.server.log.segment.cache.num.max = 2 (custom)
2021-08-10 12:15:17,711 [pool-438-thread-1] INFO  server.RaftServerConfigKeys (ConfUtils.java:logGet(44)) - raft.server.log.segment.cache.size.max = 200MB (=209715200) (default)
2021-08-10 12:15:17,711 [pool-438-thread-1] INFO  segmented.SegmentedRaftLogWorker (SegmentedRaftLogWorker.java:<init>(182)) - new b13dbf35-3f05-4a51-87e4-7670ffffb89b@group-B7C6AD568D3C-SegmentedRaftLogWorker for RaftStorageImpl:Storage Directory /home/runner/work/ozone/ozone/hadoop-ozone/integration-test/target/test-dir/MiniOzoneClusterImpl-75f1614f-1661-444a-a475-726e833f1db0/datanode-1/data/ratis/65bf7f16-7800-4a00-a76d-b7c6ad568d3c
2021-08-10 12:15:17,711 [pool-438-thread-1] INFO  server.RaftServerConfigKeys (ConfUtils.java:logGet(44)) - raft.server.log.queue.byte-limit = 2147483647 (custom)
2021-08-10 12:15:17,711 [pool-438-thread-1] INFO  server.RaftServerConfigKeys (ConfUtils.java:logGet(44)) - raft.server.log.queue.element-limit = 1024 (custom)
2021-08-10 12:15:17,711 [pool-438-thread-1] INFO  server.RaftServerConfigKeys (ConfUtils.java:logGet(44)) - raft.server.log.segment.size.max = 1048576 (custom)
2021-08-10 12:15:17,711 [pool-438-thread-1] INFO  server.RaftServerConfigKeys (ConfUtils.java:logGet(44)) - raft.server.log.preallocated.size = 16384 (custom)
2021-08-10 12:15:17,711 [pool-438-thread-1] INFO  server.RaftServerConfigKeys (ConfUtils.java:logGet(44)) - raft.server.log.force.sync.num = 128 (default)
2021-08-10 12:15:17,711 [pool-438-thread-1] INFO  server.RaftServerConfigKeys (ConfUtils.java:logGet(44)) - raft.server.log.statemachine.data.sync = true (default)
2021-08-10 12:15:17,711 [pool-438-thread-1] INFO  server.RaftServerConfigKeys (ConfUtils.java:logGet(44)) - raft.server.log.statemachine.data.sync.timeout = 10s (default)
2021-08-10 12:15:17,711 [pool-438-thread-1] INFO  server.RaftServerConfigKeys (ConfUtils.java:logGet(44)) - raft.server.log.statemachine.data.sync.timeout.retry = -1 (default)
2021-08-10 12:15:17,712 [pool-438-thread-1] INFO  server.RaftServerConfigKeys (ConfUtils.java:logGet(44)) - raft.server.log.write.buffer.size = 1048576 (custom)
2021-08-10 12:15:17,713 [pool-438-thread-1] INFO  server.RaftServerConfigKeys (ConfUtils.java:logGet(44)) - raft.server.log.statemachine.data.caching.enabled = true (custom)
2021-08-10 12:15:17,713 [pool-438-thread-1] INFO  segmented.SegmentedRaftLogWorker (SegmentedRaftLogWorker.java:lambda$new$0(133)) - b13dbf35-3f05-4a51-87e4-7670ffffb89b@group-B7C6AD568D3C-SegmentedRaftLogWorker: flushIndex: setUnconditionally 0 -> -1
2021-08-10 12:15:17,713 [pool-438-thread-1] INFO  segmented.SegmentedRaftLogWorker (SegmentedRaftLogWorker.java:lambda$new$0(133)) - b13dbf35-3f05-4a51-87e4-7670ffffb89b@group-B7C6AD568D3C-SegmentedRaftLogWorker: safeCacheEvictIndex: setUnconditionally 0 -> -1
2021-08-10 12:15:17,713 [pool-438-thread-1] INFO  server.RaftServerConfigKeys (ConfUtils.java:logGet(44)) - raft.server.snapshot.auto.trigger.enabled = true (custom)
2021-08-10 12:15:17,713 [pool-438-thread-1] INFO  server.RaftServerConfigKeys (ConfUtils.java:logGet(44)) - raft.server.snapshot.auto.trigger.threshold = 10000 (custom)
2021-08-10 12:15:17,713 [pool-438-thread-1] INFO  server.RaftServerConfigKeys (ConfUtils.java:logGet(44)) - raft.server.snapshot.retention.file.num = 5 (custom)
2021-08-10 12:15:17,713 [pool-438-thread-1] INFO  server.RaftServerConfigKeys (ConfUtils.java:logGet(44)) - raft.server.log.purge.upto.snapshot.index = false (default)
2021-08-10 12:15:17,714 [pool-438-thread-1] INFO  server.RaftServerConfigKeys (ConfUtils.java:logGet(44)) - raft.server.retrycache.expirytime = 600000ms (custom)
2021-08-10 12:15:17,714 [pool-438-thread-1] INFO  server.RaftServerConfigKeys (ConfUtils.java:logGet(44)) - raft.server.retrycache.statistics.expirytime = 100μs (default)
2021-08-10 12:15:17,715 [pool-438-thread-1] INFO  server.RaftServer$Division (RaftServerImpl.java:start(296)) - b13dbf35-3f05-4a51-87e4-7670ffffb89b@group-B7C6AD568D3C: start as a follower, conf=-1: [ad4991cb-97ce-4dd6-b117-42e7f6b0816f|rpc:10.1.0.57:35903|dataStream:|priority:1, 01235482-5c07-4b37-86e9-3192ec4df84f|rpc:10.1.0.57:40019|dataStream:|priority:0, b13dbf35-3f05-4a51-87e4-7670ffffb89b|rpc:10.1.0.57:42417|dataStream:|priority:0], old=null
2021-08-10 12:15:17,715 [pool-438-thread-1] INFO  server.RaftServer$Division (RaftServerImpl.java:setRole(285)) - b13dbf35-3f05-4a51-87e4-7670ffffb89b@group-B7C6AD568D3C: changes role from      null to FOLLOWER at term 0 for startAsFollower
2021-08-10 12:15:17,715 [pool-438-thread-1] INFO  impl.RoleInfo (RoleInfo.java:updateAndGet(130)) - b13dbf35-3f05-4a51-87e4-7670ffffb89b: start b13dbf35-3f05-4a51-87e4-7670ffffb89b@group-B7C6AD568D3C-FollowerState
2021-08-10 12:15:17,727 [pool-438-thread-1] INFO  util.JmxRegister (JmxRegister.java:tryRegister(44)) - Successfully registered JMX Bean with object name Ratis:service=RaftServer,group=group-B7C6AD568D3C,id=b13dbf35-3f05-4a51-87e4-7670ffffb89b
2021-08-10 12:15:17,753 [Command processor thread] INFO  commandhandler.CreatePipelineCommandHandler (CreatePipelineCommandHandler.java:handle(106)) - Created Pipeline RATIS THREE PipelineID=65bf7f16-7800-4a00-a76d-b7c6ad568d3c.
2021-08-10 12:15:18,255 [Listener at 127.0.0.1/43569] INFO  ozone.MiniOzoneClusterImpl (MiniOzoneClusterImpl.java:lambda$waitForClusterToBeReady$0(235)) - Nodes are ready. Got 3 of 3 DN Heartbeats.
2021-08-10 12:15:18,255 [Listener at 127.0.0.1/43569] INFO  ozone.MiniOzoneClusterImpl (MiniOzoneClusterImpl.java:lambda$waitForClusterToBeReady$0(238)) - Waiting for cluster to exit safe mode
2021-08-10 12:15:18,256 [Listener at 127.0.0.1/43569] INFO  ozone.MiniOzoneClusterImpl (MiniOzoneClusterImpl.java:lambda$waitForClusterToBeReady$0(240)) - SCM became leader
2021-08-10 12:15:19,256 [Listener at 127.0.0.1/43569] INFO  ozone.MiniOzoneClusterImpl (MiniOzoneClusterImpl.java:lambda$waitForClusterToBeReady$0(235)) - Nodes are ready. Got 3 of 3 DN Heartbeats.
2021-08-10 12:15:19,256 [Listener at 127.0.0.1/43569] INFO  ozone.MiniOzoneClusterImpl (MiniOzoneClusterImpl.java:lambda$waitForClusterToBeReady$0(238)) - Waiting for cluster to exit safe mode
2021-08-10 12:15:19,256 [Listener at 127.0.0.1/43569] INFO  ozone.MiniOzoneClusterImpl (MiniOzoneClusterImpl.java:lambda$waitForClusterToBeReady$0(240)) - SCM became leader
2021-08-10 12:15:20,256 [Listener at 127.0.0.1/43569] INFO  ozone.MiniOzoneClusterImpl (MiniOzoneClusterImpl.java:lambda$waitForClusterToBeReady$0(235)) - Nodes are ready. Got 3 of 3 DN Heartbeats.
2021-08-10 12:15:20,256 [Listener at 127.0.0.1/43569] INFO  ozone.MiniOzoneClusterImpl (MiniOzoneClusterImpl.java:lambda$waitForClusterToBeReady$0(238)) - Waiting for cluster to exit safe mode
2021-08-10 12:15:20,257 [Listener at 127.0.0.1/43569] INFO  ozone.MiniOzoneClusterImpl (MiniOzoneClusterImpl.java:lambda$waitForClusterToBeReady$0(240)) - SCM became leader
2021-08-10 12:15:21,257 [Listener at 127.0.0.1/43569] INFO  ozone.MiniOzoneClusterImpl (MiniOzoneClusterImpl.java:lambda$waitForClusterToBeReady$0(235)) - Nodes are ready. Got 3 of 3 DN Heartbeats.
2021-08-10 12:15:21,257 [Listener at 127.0.0.1/43569] INFO  ozone.MiniOzoneClusterImpl (MiniOzoneClusterImpl.java:lambda$waitForClusterToBeReady$0(238)) - Waiting for cluster to exit safe mode
2021-08-10 12:15:21,257 [Listener at 127.0.0.1/43569] INFO  ozone.MiniOzoneClusterImpl (MiniOzoneClusterImpl.java:lambda$waitForClusterToBeReady$0(240)) - SCM became leader
2021-08-10 12:15:22,257 [Listener at 127.0.0.1/43569] INFO  ozone.MiniOzoneClusterImpl (MiniOzoneClusterImpl.java:lambda$waitForClusterToBeReady$0(235)) - Nodes are ready. Got 3 of 3 DN Heartbeats.
2021-08-10 12:15:22,257 [Listener at 127.0.0.1/43569] INFO  ozone.MiniOzoneClusterImpl (MiniOzoneClusterImpl.java:lambda$waitForClusterToBeReady$0(238)) - Waiting for cluster to exit safe mode
2021-08-10 12:15:22,257 [Listener at 127.0.0.1/43569] INFO  ozone.MiniOzoneClusterImpl (MiniOzoneClusterImpl.java:lambda$waitForClusterToBeReady$0(240)) - SCM became leader
2021-08-10 12:15:22,678 [ad4991cb-97ce-4dd6-b117-42e7f6b0816f@group-B7C6AD568D3C-FollowerState] INFO  impl.FollowerState (FollowerState.java:run(134)) - ad4991cb-97ce-4dd6-b117-42e7f6b0816f@group-B7C6AD568D3C-FollowerState: change to CANDIDATE, lastRpcElapsedTime:5195273184ns, electionTimeout:5176ms
2021-08-10 12:15:22,679 [ad4991cb-97ce-4dd6-b117-42e7f6b0816f@group-B7C6AD568D3C-FollowerState] INFO  impl.RoleInfo (RoleInfo.java:shutdownFollowerState(108)) - ad4991cb-97ce-4dd6-b117-42e7f6b0816f: shutdown ad4991cb-97ce-4dd6-b117-42e7f6b0816f@group-B7C6AD568D3C-FollowerState
2021-08-10 12:15:22,679 [ad4991cb-97ce-4dd6-b117-42e7f6b0816f@group-B7C6AD568D3C-FollowerState] INFO  server.RaftServer$Division (RaftServerImpl.java:setRole(285)) - ad4991cb-97ce-4dd6-b117-42e7f6b0816f@group-B7C6AD568D3C: changes role from  FOLLOWER to CANDIDATE at term 0 for changeToCandidate
2021-08-10 12:15:22,679 [ad4991cb-97ce-4dd6-b117-42e7f6b0816f@group-B7C6AD568D3C-FollowerState] INFO  server.RaftServerConfigKeys (ConfUtils.java:logGet(44)) - raft.server.leaderelection.pre-vote = false (custom)
2021-08-10 12:15:22,679 [ad4991cb-97ce-4dd6-b117-42e7f6b0816f@group-B7C6AD568D3C-FollowerState] INFO  impl.RoleInfo (RoleInfo.java:updateAndGet(130)) - ad4991cb-97ce-4dd6-b117-42e7f6b0816f: start ad4991cb-97ce-4dd6-b117-42e7f6b0816f@group-B7C6AD568D3C-LeaderElection13
2021-08-10 12:15:22,703 [ad4991cb-97ce-4dd6-b117-42e7f6b0816f@group-B7C6AD568D3C-LeaderElection13] INFO  impl.LeaderElection (LeaderElection.java:askForVotes(306)) - ad4991cb-97ce-4dd6-b117-42e7f6b0816f@group-B7C6AD568D3C-LeaderElection13 ELECTION round 0: submit vote requests at term 1 for -1: [ad4991cb-97ce-4dd6-b117-42e7f6b0816f|rpc:10.1.0.57:35903|priority:1, 01235482-5c07-4b37-86e9-3192ec4df84f|rpc:10.1.0.57:40019|priority:0, b13dbf35-3f05-4a51-87e4-7670ffffb89b|rpc:10.1.0.57:42417|priority:0], old=null
2021-08-10 12:15:22,738 [grpc-default-executor-1] INFO  server.RaftServer$Division (RaftServerImpl.java:requestVote(1043)) - b13dbf35-3f05-4a51-87e4-7670ffffb89b@group-B7C6AD568D3C: receive requestVote(ELECTION, ad4991cb-97ce-4dd6-b117-42e7f6b0816f, group-B7C6AD568D3C, 1, (t:0, i:0))
2021-08-10 12:15:22,738 [grpc-default-executor-1] INFO  impl.VoteContext (VoteContext.java:log(48)) - b13dbf35-3f05-4a51-87e4-7670ffffb89b@group-B7C6AD568D3C-FOLLOWER: accept ELECTION from ad4991cb-97ce-4dd6-b117-42e7f6b0816f: our priority 0 <= candidate's priority 1
2021-08-10 12:15:22,738 [grpc-default-executor-1] INFO  server.RaftServer$Division (RaftServerImpl.java:setRole(285)) - b13dbf35-3f05-4a51-87e4-7670ffffb89b@group-B7C6AD568D3C: changes role from  FOLLOWER to FOLLOWER at term 1 for candidate:ad4991cb-97ce-4dd6-b117-42e7f6b0816f
2021-08-10 12:15:22,738 [grpc-default-executor-1] INFO  impl.RoleInfo (RoleInfo.java:shutdownFollowerState(108)) - b13dbf35-3f05-4a51-87e4-7670ffffb89b: shutdown b13dbf35-3f05-4a51-87e4-7670ffffb89b@group-B7C6AD568D3C-FollowerState
2021-08-10 12:15:22,738 [grpc-default-executor-1] INFO  impl.RoleInfo (RoleInfo.java:updateAndGet(130)) - b13dbf35-3f05-4a51-87e4-7670ffffb89b: start b13dbf35-3f05-4a51-87e4-7670ffffb89b@group-B7C6AD568D3C-FollowerState
2021-08-10 12:15:22,738 [b13dbf35-3f05-4a51-87e4-7670ffffb89b@group-B7C6AD568D3C-FollowerState] INFO  impl.FollowerState (FollowerState.java:run(143)) - b13dbf35-3f05-4a51-87e4-7670ffffb89b@group-B7C6AD568D3C-FollowerState was interrupted: {}
java.lang.InterruptedException: sleep interrupted
	at java.lang.Thread.sleep(Native Method)
	at java.lang.Thread.sleep(Thread.java:340)
	at java.util.concurrent.TimeUnit.sleep(TimeUnit.java:386)
	at org.apache.ratis.util.TimeDuration.sleep(TimeDuration.java:324)
	at org.apache.ratis.util.TimeDuration.sleep(TimeDuration.java:309)
	at org.apache.ratis.server.impl.FollowerState.run(FollowerState.java:118)
2021-08-10 12:15:22,745 [grpc-default-executor-1] INFO  server.RaftServer$Division (RaftServerImpl.java:requestVote(1075)) - b13dbf35-3f05-4a51-87e4-7670ffffb89b@group-B7C6AD568D3C replies to ELECTION vote request: ad4991cb-97ce-4dd6-b117-42e7f6b0816f<-b13dbf35-3f05-4a51-87e4-7670ffffb89b#0:OK-t1. Peer's state: b13dbf35-3f05-4a51-87e4-7670ffffb89b@group-B7C6AD568D3C:t1, leader=null, voted=ad4991cb-97ce-4dd6-b117-42e7f6b0816f, raftlog=b13dbf35-3f05-4a51-87e4-7670ffffb89b@group-B7C6AD568D3C-SegmentedRaftLog:OPENED:c-1,f-1,i0, conf=-1: [ad4991cb-97ce-4dd6-b117-42e7f6b0816f|rpc:10.1.0.57:35903|dataStream:|priority:1, 01235482-5c07-4b37-86e9-3192ec4df84f|rpc:10.1.0.57:40019|dataStream:|priority:0, b13dbf35-3f05-4a51-87e4-7670ffffb89b|rpc:10.1.0.57:42417|dataStream:|priority:0], old=null
2021-08-10 12:15:22,746 [grpc-default-executor-3] INFO  server.RaftServer$Division (RaftServerImpl.java:requestVote(1043)) - 01235482-5c07-4b37-86e9-3192ec4df84f@group-B7C6AD568D3C: receive requestVote(ELECTION, ad4991cb-97ce-4dd6-b117-42e7f6b0816f, group-B7C6AD568D3C, 1, (t:0, i:0))
2021-08-10 12:15:22,746 [grpc-default-executor-3] INFO  impl.VoteContext (VoteContext.java:log(48)) - 01235482-5c07-4b37-86e9-3192ec4df84f@group-B7C6AD568D3C-FOLLOWER: accept ELECTION from ad4991cb-97ce-4dd6-b117-42e7f6b0816f: our priority 0 <= candidate's priority 1
2021-08-10 12:15:22,746 [grpc-default-executor-3] INFO  server.RaftServer$Division (RaftServerImpl.java:setRole(285)) - 01235482-5c07-4b37-86e9-3192ec4df84f@group-B7C6AD568D3C: changes role from  FOLLOWER to FOLLOWER at term 1 for candidate:ad4991cb-97ce-4dd6-b117-42e7f6b0816f
2021-08-10 12:15:22,746 [grpc-default-executor-3] INFO  impl.RoleInfo (RoleInfo.java:shutdownFollowerState(108)) - 01235482-5c07-4b37-86e9-3192ec4df84f: shutdown 01235482-5c07-4b37-86e9-3192ec4df84f@group-B7C6AD568D3C-FollowerState
2021-08-10 12:15:22,746 [grpc-default-executor-3] INFO  impl.RoleInfo (RoleInfo.java:updateAndGet(130)) - 01235482-5c07-4b37-86e9-3192ec4df84f: start 01235482-5c07-4b37-86e9-3192ec4df84f@group-B7C6AD568D3C-FollowerState
2021-08-10 12:15:22,746 [01235482-5c07-4b37-86e9-3192ec4df84f@group-B7C6AD568D3C-FollowerState] INFO  impl.FollowerState (FollowerState.java:run(143)) - 01235482-5c07-4b37-86e9-3192ec4df84f@group-B7C6AD568D3C-FollowerState was interrupted: {}
java.lang.InterruptedException: sleep interrupted
	at java.lang.Thread.sleep(Native Method)
	at java.lang.Thread.sleep(Thread.java:340)
	at java.util.concurrent.TimeUnit.sleep(TimeUnit.java:386)
	at org.apache.ratis.util.TimeDuration.sleep(TimeDuration.java:324)
	at org.apache.ratis.util.TimeDuration.sleep(TimeDuration.java:309)
	at org.apache.ratis.server.impl.FollowerState.run(FollowerState.java:118)
2021-08-10 12:15:22,756 [ad4991cb-97ce-4dd6-b117-42e7f6b0816f@group-B7C6AD568D3C-LeaderElection13] INFO  impl.LeaderElection (LeaderElection.java:logAndReturn(89)) - ad4991cb-97ce-4dd6-b117-42e7f6b0816f@group-B7C6AD568D3C-LeaderElection13: ELECTION PASSED received 1 response(s) and 0 exception(s):
2021-08-10 12:15:22,756 [ad4991cb-97ce-4dd6-b117-42e7f6b0816f@group-B7C6AD568D3C-LeaderElection13] INFO  impl.LeaderElection (LeaderElection.java:logAndReturn(93)) -   Response 0: ad4991cb-97ce-4dd6-b117-42e7f6b0816f<-b13dbf35-3f05-4a51-87e4-7670ffffb89b#0:OK-t1
2021-08-10 12:15:22,756 [ad4991cb-97ce-4dd6-b117-42e7f6b0816f@group-B7C6AD568D3C-LeaderElection13] INFO  impl.LeaderElection (LeaderElection.java:askForVotes(308)) - ad4991cb-97ce-4dd6-b117-42e7f6b0816f@group-B7C6AD568D3C-LeaderElection13 ELECTION round 0: result PASSED
2021-08-10 12:15:22,756 [ad4991cb-97ce-4dd6-b117-42e7f6b0816f@group-B7C6AD568D3C-LeaderElection13] INFO  impl.RoleInfo (RoleInfo.java:shutdownLeaderElection(121)) - ad4991cb-97ce-4dd6-b117-42e7f6b0816f: shutdown ad4991cb-97ce-4dd6-b117-42e7f6b0816f@group-B7C6AD568D3C-LeaderElection13
2021-08-10 12:15:22,756 [ad4991cb-97ce-4dd6-b117-42e7f6b0816f@group-B7C6AD568D3C-LeaderElection13] INFO  server.RaftServer$Division (RaftServerImpl.java:setRole(285)) - ad4991cb-97ce-4dd6-b117-42e7f6b0816f@group-B7C6AD568D3C: changes role from CANDIDATE to LEADER at term 1 for changeToLeader
2021-08-10 12:15:22,756 [ad4991cb-97ce-4dd6-b117-42e7f6b0816f@group-B7C6AD568D3C-LeaderElection13] INFO  ratis.XceiverServerRatis (XceiverServerRatis.java:handleLeaderChangedNotification(857)) - Leader change notification received for group: group-B7C6AD568D3C with new leaderId: ad4991cb-97ce-4dd6-b117-42e7f6b0816f
2021-08-10 12:15:22,756 [ad4991cb-97ce-4dd6-b117-42e7f6b0816f@group-B7C6AD568D3C-LeaderElection13] INFO  server.RaftServer$Division (ServerState.java:setLeader(285)) - ad4991cb-97ce-4dd6-b117-42e7f6b0816f@group-B7C6AD568D3C: change Leader from null to ad4991cb-97ce-4dd6-b117-42e7f6b0816f at term 1 for becomeLeader, leader elected after 5293ms
2021-08-10 12:15:22,756 [ad4991cb-97ce-4dd6-b117-42e7f6b0816f@group-B7C6AD568D3C-LeaderElection13] INFO  server.RaftServerConfigKeys (ConfUtils.java:logGet(44)) - raft.server.staging.catchup.gap = 1000 (default)
2021-08-10 12:15:22,756 [ad4991cb-97ce-4dd6-b117-42e7f6b0816f@group-B7C6AD568D3C-LeaderElection13] INFO  server.RaftServerConfigKeys (ConfUtils.java:logGet(44)) - raft.server.write.element-limit = 1024 (custom)
2021-08-10 12:15:22,756 [ad4991cb-97ce-4dd6-b117-42e7f6b0816f@group-B7C6AD568D3C-LeaderElection13] INFO  server.RaftServerConfigKeys (ConfUtils.java:logGet(44)) - raft.server.write.byte-limit = 1073741824 (custom)
2021-08-10 12:15:22,757 [ad4991cb-97ce-4dd6-b117-42e7f6b0816f@group-B7C6AD568D3C-LeaderElection13] INFO  server.RaftServerConfigKeys (ConfUtils.java:logGet(44)) - raft.server.watch.timeout = 180s (custom)
2021-08-10 12:15:22,757 [ad4991cb-97ce-4dd6-b117-42e7f6b0816f@group-B7C6AD568D3C-LeaderElection13] INFO  server.RaftServerConfigKeys (ConfUtils.java:logGet(44)) - raft.server.watch.timeout.denomination = 1s (default)
2021-08-10 12:15:22,757 [ad4991cb-97ce-4dd6-b117-42e7f6b0816f@group-B7C6AD568D3C-LeaderElection13] INFO  server.RaftServerConfigKeys (ConfUtils.java:logGet(44)) - raft.server.watch.element-limit = 65536 (default)
2021-08-10 12:15:22,757 [ad4991cb-97ce-4dd6-b117-42e7f6b0816f@group-B7C6AD568D3C-LeaderElection13] INFO  server.RaftServerConfigKeys (ConfUtils.java:logGet(44)) - raft.server.log.appender.snapshot.chunk.size.max = 16MB (=16777216) (default)
2021-08-10 12:15:22,757 [ad4991cb-97ce-4dd6-b117-42e7f6b0816f@group-B7C6AD568D3C-LeaderElection13] INFO  server.RaftServerConfigKeys (ConfUtils.java:logGet(44)) - raft.server.log.appender.buffer.byte-limit = 33554432 (custom)
2021-08-10 12:15:22,757 [ad4991cb-97ce-4dd6-b117-42e7f6b0816f@group-B7C6AD568D3C-LeaderElection13] INFO  server.RaftServerConfigKeys (ConfUtils.java:logGet(44)) - raft.server.log.appender.buffer.element-limit = 1 (custom)
2021-08-10 12:15:22,757 [ad4991cb-97ce-4dd6-b117-42e7f6b0816f@group-B7C6AD568D3C-LeaderElection13] INFO  grpc.GrpcConfigKeys (ConfUtils.java:logGet(44)) - raft.grpc.server.leader.outstanding.appends.max = 128 (default)
2021-08-10 12:15:22,757 [ad4991cb-97ce-4dd6-b117-42e7f6b0816f@group-B7C6AD568D3C-LeaderElection13] INFO  server.RaftServerConfigKeys (ConfUtils.java:logGet(44)) - raft.server.rpc.request.timeout = 60s (custom)
2021-08-10 12:15:22,757 [ad4991cb-97ce-4dd6-b117-42e7f6b0816f@group-B7C6AD568D3C-LeaderElection13] INFO  server.RaftServerConfigKeys (ConfUtils.java:logGet(44)) - raft.server.log.appender.install.snapshot.enabled = false (custom)
2021-08-10 12:15:22,758 [ad4991cb-97ce-4dd6-b117-42e7f6b0816f@group-B7C6AD568D3C-LeaderElection13] INFO  server.RaftServerConfigKeys (ConfUtils.java:logGet(44)) - raft.server.log.appender.snapshot.chunk.size.max = 16MB (=16777216) (default)
2021-08-10 12:15:22,758 [ad4991cb-97ce-4dd6-b117-42e7f6b0816f@group-B7C6AD568D3C-LeaderElection13] INFO  server.RaftServerConfigKeys (ConfUtils.java:logGet(44)) - raft.server.log.appender.buffer.byte-limit = 33554432 (custom)
2021-08-10 12:15:22,758 [ad4991cb-97ce-4dd6-b117-42e7f6b0816f@group-B7C6AD568D3C-LeaderElection13] INFO  server.RaftServerConfigKeys (ConfUtils.java:logGet(44)) - raft.server.log.appender.buffer.element-limit = 1 (custom)
2021-08-10 12:15:22,758 [ad4991cb-97ce-4dd6-b117-42e7f6b0816f@group-B7C6AD568D3C-LeaderElection13] INFO  grpc.GrpcConfigKeys (ConfUtils.java:logGet(44)) - raft.grpc.server.leader.outstanding.appends.max = 128 (default)
2021-08-10 12:15:22,758 [ad4991cb-97ce-4dd6-b117-42e7f6b0816f@group-B7C6AD568D3C-LeaderElection13] INFO  server.RaftServerConfigKeys (ConfUtils.java:logGet(44)) - raft.server.rpc.request.timeout = 60s (custom)
2021-08-10 12:15:22,758 [ad4991cb-97ce-4dd6-b117-42e7f6b0816f@group-B7C6AD568D3C-LeaderElection13] INFO  server.RaftServerConfigKeys (ConfUtils.java:logGet(44)) - raft.server.log.appender.install.snapshot.enabled = false (custom)
2021-08-10 12:15:22,759 [Datanode State Machine Thread - 0] WARN  statemachine.StateContext (StateContext.java:execute(621)) - No available thread in pool for past 0 seconds.
2021-08-10 12:15:22,759 [EventQueue-PipelineReportForPipelineReportHandler] INFO  pipeline.PipelineManagerImpl (PipelineManagerImpl.java:openPipeline(283)) - Pipeline Pipeline[ Id: 65bf7f16-7800-4a00-a76d-b7c6ad568d3c, Nodes: 01235482-5c07-4b37-86e9-3192ec4df84f{ip: 10.1.0.57, host: fv-az270-250.tacnzluakwdehk1hpragurqkma.bx.internal.cloudapp.net, ports: [REPLICATION=46851, RATIS=40019, RATIS_ADMIN=40019, RATIS_SERVER=40019, STANDALONE=41643], networkLocation: /default-rack, certSerialId: null, persistedOpState: IN_SERVICE, persistedOpStateExpiryEpochSec: 0}b13dbf35-3f05-4a51-87e4-7670ffffb89b{ip: 10.1.0.57, host: fv-az270-250.tacnzluakwdehk1hpragurqkma.bx.internal.cloudapp.net, ports: [REPLICATION=43875, RATIS=42417, RATIS_ADMIN=42417, RATIS_SERVER=42417, STANDALONE=36241], networkLocation: /default-rack, certSerialId: null, persistedOpState: IN_SERVICE, persistedOpStateExpiryEpochSec: 0}ad4991cb-97ce-4dd6-b117-42e7f6b0816f{ip: 10.1.0.57, host: fv-az270-250.tacnzluakwdehk1hpragurqkma.bx.internal.cloudapp.net, ports: [REPLICATION=43859, RATIS=35903, RATIS_ADMIN=35903, RATIS_SERVER=35903, STANDALONE=33309], networkLocation: /default-rack, certSerialId: null, persistedOpState: IN_SERVICE, persistedOpStateExpiryEpochSec: 0}, ReplicationConfig: RATIS/THREE, State:ALLOCATED, leaderId:ad4991cb-97ce-4dd6-b117-42e7f6b0816f, CreationTimestamp2021-08-10T12:15:15.320Z[Etc/UTC]] moved to OPEN state
2021-08-10 12:15:22,760 [ad4991cb-97ce-4dd6-b117-42e7f6b0816f@group-B7C6AD568D3C-LeaderElection13] INFO  impl.RoleInfo (RoleInfo.java:updateAndGet(130)) - ad4991cb-97ce-4dd6-b117-42e7f6b0816f: start ad4991cb-97ce-4dd6-b117-42e7f6b0816f@group-B7C6AD568D3C-LeaderStateImpl
2021-08-10 12:15:22,760 [ad4991cb-97ce-4dd6-b117-42e7f6b0816f@group-B7C6AD568D3C-LeaderElection13] INFO  segmented.SegmentedRaftLogWorker (SegmentedRaftLogWorker.java:startLogSegment(394)) - ad4991cb-97ce-4dd6-b117-42e7f6b0816f@group-B7C6AD568D3C-SegmentedRaftLogWorker: Starting segment from index:0
2021-08-10 12:15:22,761 [ad4991cb-97ce-4dd6-b117-42e7f6b0816f@group-B7C6AD568D3C-SegmentedRaftLogWorker] INFO  segmented.SegmentedRaftLogWorker (SegmentedRaftLogWorker.java:execute(601)) - ad4991cb-97ce-4dd6-b117-42e7f6b0816f@group-B7C6AD568D3C-SegmentedRaftLogWorker: created new log segment /home/runner/work/ozone/ozone/hadoop-ozone/integration-test/target/test-dir/MiniOzoneClusterImpl-75f1614f-1661-444a-a475-726e833f1db0/datanode-0/data/ratis/65bf7f16-7800-4a00-a76d-b7c6ad568d3c/current/log_inprogress_0
2021-08-10 12:15:22,779 [grpc-default-executor-3] INFO  server.RaftServer$Division (RaftServerImpl.java:requestVote(1075)) - 01235482-5c07-4b37-86e9-3192ec4df84f@group-B7C6AD568D3C replies to ELECTION vote request: ad4991cb-97ce-4dd6-b117-42e7f6b0816f<-01235482-5c07-4b37-86e9-3192ec4df84f#0:OK-t1. Peer's state: 01235482-5c07-4b37-86e9-3192ec4df84f@group-B7C6AD568D3C:t1, leader=null, voted=ad4991cb-97ce-4dd6-b117-42e7f6b0816f, raftlog=01235482-5c07-4b37-86e9-3192ec4df84f@group-B7C6AD568D3C-SegmentedRaftLog:OPENED:c-1,f-1,i0, conf=-1: [ad4991cb-97ce-4dd6-b117-42e7f6b0816f|rpc:10.1.0.57:35903|dataStream:|priority:1, 01235482-5c07-4b37-86e9-3192ec4df84f|rpc:10.1.0.57:40019|dataStream:|priority:0, b13dbf35-3f05-4a51-87e4-7670ffffb89b|rpc:10.1.0.57:42417|dataStream:|priority:0], old=null
2021-08-10 12:15:22,787 [ad4991cb-97ce-4dd6-b117-42e7f6b0816f@group-B7C6AD568D3C-LeaderElection13] INFO  server.RaftServer$Division (ServerState.java:setRaftConf(387)) - ad4991cb-97ce-4dd6-b117-42e7f6b0816f@group-B7C6AD568D3C: set configuration 0: [ad4991cb-97ce-4dd6-b117-42e7f6b0816f|rpc:10.1.0.57:35903|dataStream:|priority:1, 01235482-5c07-4b37-86e9-3192ec4df84f|rpc:10.1.0.57:40019|dataStream:|priority:0, b13dbf35-3f05-4a51-87e4-7670ffffb89b|rpc:10.1.0.57:42417|dataStream:|priority:0], old=null
2021-08-10 12:15:22,787 [grpc-default-executor-0] INFO  ratis.XceiverServerRatis (XceiverServerRatis.java:handleLeaderChangedNotification(857)) - Leader change notification received for group: group-B7C6AD568D3C with new leaderId: ad4991cb-97ce-4dd6-b117-42e7f6b0816f
2021-08-10 12:15:22,791 [grpc-default-executor-0] INFO  server.RaftServer$Division (ServerState.java:setLeader(285)) - 01235482-5c07-4b37-86e9-3192ec4df84f@group-B7C6AD568D3C: change Leader from null to ad4991cb-97ce-4dd6-b117-42e7f6b0816f at term 1 for appendEntries, leader elected after 5199ms
2021-08-10 12:15:22,811 [EventQueue-OpenPipelineForHealthyPipelineSafeModeRule] INFO  safemode.SCMSafeModeManager (HealthyPipelineSafeModeRule.java:process(124)) - SCM in safe mode. Healthy pipelines reported count is 1, required healthy pipeline reported count is 1
2021-08-10 12:15:22,811 [EventQueue-OpenPipelineForHealthyPipelineSafeModeRule] INFO  safemode.SCMSafeModeManager (SCMSafeModeManager.java:validateSafeModeExitRules(204)) - HealthyPipelineSafeModeRule rule is successfully validated
2021-08-10 12:15:22,811 [EventQueue-OpenPipelineForHealthyPipelineSafeModeRule] INFO  safemode.SCMSafeModeManager (SCMSafeModeManager.java:validateSafeModeExitRules(219)) - ScmSafeModeManager, all rules are successfully validated
2021-08-10 12:15:22,811 [EventQueue-OpenPipelineForHealthyPipelineSafeModeRule] INFO  safemode.SCMSafeModeManager (SCMSafeModeManager.java:exitSafeMode(248)) - SCM exiting safe mode.
2021-08-10 12:15:22,811 [EventQueue-OpenPipelineForHealthyPipelineSafeModeRule] WARN  events.EventQueue (EventQueue.java:fireEvent(194)) - No event handler registered for event TypedEvent{payloadType=SafeModeStatus, name='Safe mode status'}
2021-08-10 12:15:22,811 [EventQueue-OpenPipelineForHealthyPipelineSafeModeRule] INFO  ha.SCMContext (SCMContext.java:updateSafeModeStatus(205)) - Update SafeModeStatus from SafeModeStatus{safeModeStatus=true, preCheckPassed=true} to SafeModeStatus{safeModeStatus=false, preCheckPassed=true}.
2021-08-10 12:15:22,811 [EventQueue-OpenPipelineForHealthyPipelineSafeModeRule] INFO  pipeline.BackgroundPipelineCreator (BackgroundPipelineCreatorV2.java:notifyStatusChanged(264)) - Service BackgroundPipelineCreator transitions to RUNNING.
2021-08-10 12:15:22,811 [EventQueue-OpenPipelineForHealthyPipelineSafeModeRule] INFO  container.ReplicationManager (ReplicationManager.java:notifyStatusChanged(1674)) - Service ReplicationManager transitions to RUNNING.
2021-08-10 12:15:22,869 [grpc-default-executor-1] INFO  server.RaftServer$Division (ServerState.java:setRaftConf(387)) - 01235482-5c07-4b37-86e9-3192ec4df84f@group-B7C6AD568D3C: set configuration 0: [ad4991cb-97ce-4dd6-b117-42e7f6b0816f|rpc:10.1.0.57:35903|dataStream:|priority:1, 01235482-5c07-4b37-86e9-3192ec4df84f|rpc:10.1.0.57:40019|dataStream:|priority:0, b13dbf35-3f05-4a51-87e4-7670ffffb89b|rpc:10.1.0.57:42417|dataStream:|priority:0], old=null
2021-08-10 12:15:22,869 [grpc-default-executor-1] INFO  segmented.SegmentedRaftLogWorker (SegmentedRaftLogWorker.java:startLogSegment(394)) - 01235482-5c07-4b37-86e9-3192ec4df84f@group-B7C6AD568D3C-SegmentedRaftLogWorker: Starting segment from index:0
2021-08-10 12:15:22,870 [01235482-5c07-4b37-86e9-3192ec4df84f@group-B7C6AD568D3C-SegmentedRaftLogWorker] INFO  segmented.SegmentedRaftLogWorker (SegmentedRaftLogWorker.java:execute(601)) - 01235482-5c07-4b37-86e9-3192ec4df84f@group-B7C6AD568D3C-SegmentedRaftLogWorker: created new log segment /home/runner/work/ozone/ozone/hadoop-ozone/integration-test/target/test-dir/MiniOzoneClusterImpl-75f1614f-1661-444a-a475-726e833f1db0/datanode-2/data/ratis/65bf7f16-7800-4a00-a76d-b7c6ad568d3c/current/log_inprogress_0
2021-08-10 12:15:22,875 [grpc-default-executor-0] INFO  ratis.XceiverServerRatis (XceiverServerRatis.java:handleLeaderChangedNotification(857)) - Leader change notification received for group: group-B7C6AD568D3C with new leaderId: ad4991cb-97ce-4dd6-b117-42e7f6b0816f
2021-08-10 12:15:22,875 [grpc-default-executor-0] INFO  server.RaftServer$Division (ServerState.java:setLeader(285)) - b13dbf35-3f05-4a51-87e4-7670ffffb89b@group-B7C6AD568D3C: change Leader from null to ad4991cb-97ce-4dd6-b117-42e7f6b0816f at term 1 for appendEntries, leader elected after 5164ms
2021-08-10 12:15:22,879 [grpc-default-executor-0] INFO  server.RaftServer$Division (ServerState.java:setRaftConf(387)) - b13dbf35-3f05-4a51-87e4-7670ffffb89b@group-B7C6AD568D3C: set configuration 0: [ad4991cb-97ce-4dd6-b117-42e7f6b0816f|rpc:10.1.0.57:35903|dataStream:|priority:1, 01235482-5c07-4b37-86e9-3192ec4df84f|rpc:10.1.0.57:40019|dataStream:|priority:0, b13dbf35-3f05-4a51-87e4-7670ffffb89b|rpc:10.1.0.57:42417|dataStream:|priority:0], old=null
2021-08-10 12:15:22,879 [grpc-default-executor-0] INFO  segmented.SegmentedRaftLogWorker (SegmentedRaftLogWorker.java:startLogSegment(394)) - b13dbf35-3f05-4a51-87e4-7670ffffb89b@group-B7C6AD568D3C-SegmentedRaftLogWorker: Starting segment from index:0
2021-08-10 12:15:22,881 [b13dbf35-3f05-4a51-87e4-7670ffffb89b@group-B7C6AD568D3C-SegmentedRaftLogWorker] INFO  segmented.SegmentedRaftLogWorker (SegmentedRaftLogWorker.java:execute(601)) - b13dbf35-3f05-4a51-87e4-7670ffffb89b@group-B7C6AD568D3C-SegmentedRaftLogWorker: created new log segment /home/runner/work/ozone/ozone/hadoop-ozone/integration-test/target/test-dir/MiniOzoneClusterImpl-75f1614f-1661-444a-a475-726e833f1db0/datanode-1/data/ratis/65bf7f16-7800-4a00-a76d-b7c6ad568d3c/current/log_inprogress_0
2021-08-10 12:15:22,886 [SCMBlockDeletingService#0] DEBUG block.SCMBlockDeletingService (SCMBlockDeletingService.java:call(133)) - Running DeletedBlockTransactionScanner
2021-08-10 12:15:22,987 [SCMBlockDeletingService#0] DEBUG block.SCMBlockDeletingService (SCMBlockDeletingService.java:call(133)) - Running DeletedBlockTransactionScanner
2021-08-10 12:15:23,087 [SCMBlockDeletingService#0] DEBUG block.SCMBlockDeletingService (SCMBlockDeletingService.java:call(133)) - Running DeletedBlockTransactionScanner
2021-08-10 12:15:23,187 [SCMBlockDeletingService#0] DEBUG block.SCMBlockDeletingService (SCMBlockDeletingService.java:call(133)) - Running DeletedBlockTransactionScanner
2021-08-10 12:15:23,258 [Listener at 127.0.0.1/43569] INFO  ozone.MiniOzoneClusterImpl (MiniOzoneClusterImpl.java:lambda$waitForClusterToBeReady$0(235)) - Nodes are ready. Got 3 of 3 DN Heartbeats.
2021-08-10 12:15:23,258 [Listener at 127.0.0.1/43569] INFO  ozone.MiniOzoneClusterImpl (MiniOzoneClusterImpl.java:lambda$waitForClusterToBeReady$0(238)) - Cluster exits safe mode
2021-08-10 12:15:23,258 [Listener at 127.0.0.1/43569] INFO  ozone.MiniOzoneClusterImpl (MiniOzoneClusterImpl.java:lambda$waitForClusterToBeReady$0(240)) - SCM became leader
2021-08-10 12:15:23,289 [SCMBlockDeletingService#0] DEBUG block.SCMBlockDeletingService (SCMBlockDeletingService.java:call(133)) - Running DeletedBlockTransactionScanner
2021-08-10 12:15:23,389 [SCMBlockDeletingService#0] DEBUG block.SCMBlockDeletingService (SCMBlockDeletingService.java:call(133)) - Running DeletedBlockTransactionScanner
2021-08-10 12:15:23,489 [SCMBlockDeletingService#0] DEBUG block.SCMBlockDeletingService (SCMBlockDeletingService.java:call(133)) - Running DeletedBlockTransactionScanner
2021-08-10 12:15:23,589 [SCMBlockDeletingService#0] DEBUG block.SCMBlockDeletingService (SCMBlockDeletingService.java:call(133)) - Running DeletedBlockTransactionScanner
2021-08-10 12:15:23,689 [SCMBlockDeletingService#0] DEBUG block.SCMBlockDeletingService (SCMBlockDeletingService.java:call(133)) - Running DeletedBlockTransactionScanner
2021-08-10 12:15:23,789 [SCMBlockDeletingService#0] DEBUG block.SCMBlockDeletingService (SCMBlockDeletingService.java:call(133)) - Running DeletedBlockTransactionScanner
2021-08-10 12:15:23,889 [SCMBlockDeletingService#0] DEBUG block.SCMBlockDeletingService (SCMBlockDeletingService.java:call(133)) - Running DeletedBlockTransactionScanner
2021-08-10 12:15:23,989 [SCMBlockDeletingService#0] DEBUG block.SCMBlockDeletingService (SCMBlockDeletingService.java:call(133)) - Running DeletedBlockTransactionScanner
2021-08-10 12:15:24,090 [SCMBlockDeletingService#0] DEBUG block.SCMBlockDeletingService (SCMBlockDeletingService.java:call(133)) - Running DeletedBlockTransactionScanner
2021-08-10 12:15:24,193 [SCMBlockDeletingService#0] DEBUG block.SCMBlockDeletingService (SCMBlockDeletingService.java:call(133)) - Running DeletedBlockTransactionScanner
2021-08-10 12:15:24,293 [SCMBlockDeletingService#0] DEBUG block.SCMBlockDeletingService (SCMBlockDeletingService.java:call(133)) - Running DeletedBlockTransactionScanner
2021-08-10 12:15:24,393 [SCMBlockDeletingService#0] DEBUG block.SCMBlockDeletingService (SCMBlockDeletingService.java:call(133)) - Running DeletedBlockTransactionScanner
2021-08-10 12:15:24,493 [SCMBlockDeletingService#0] DEBUG block.SCMBlockDeletingService (SCMBlockDeletingService.java:call(133)) - Running DeletedBlockTransactionScanner
2021-08-10 12:15:24,593 [SCMBlockDeletingService#0] DEBUG block.SCMBlockDeletingService (SCMBlockDeletingService.java:call(133)) - Running DeletedBlockTransactionScanner
2021-08-10 12:15:24,693 [SCMBlockDeletingService#0] DEBUG block.SCMBlockDeletingService (SCMBlockDeletingService.java:call(133)) - Running DeletedBlockTransactionScanner
2021-08-10 12:15:24,793 [SCMBlockDeletingService#0] DEBUG block.SCMBlockDeletingService (SCMBlockDeletingService.java:call(133)) - Running DeletedBlockTransactionScanner
2021-08-10 12:15:24,894 [SCMBlockDeletingService#0] DEBUG block.SCMBlockDeletingService (SCMBlockDeletingService.java:call(133)) - Running DeletedBlockTransactionScanner
2021-08-10 12:15:24,994 [SCMBlockDeletingService#0] DEBUG block.SCMBlockDeletingService (SCMBlockDeletingService.java:call(133)) - Running DeletedBlockTransactionScanner
2021-08-10 12:15:25,094 [SCMBlockDeletingService#0] DEBUG block.SCMBlockDeletingService (SCMBlockDeletingService.java:call(133)) - Running DeletedBlockTransactionScanner
2021-08-10 12:15:25,194 [SCMBlockDeletingService#0] DEBUG block.SCMBlockDeletingService (SCMBlockDeletingService.java:call(133)) - Running DeletedBlockTransactionScanner
2021-08-10 12:15:25,295 [SCMBlockDeletingService#0] DEBUG block.SCMBlockDeletingService (SCMBlockDeletingService.java:call(133)) - Running DeletedBlockTransactionScanner
2021-08-10 12:15:25,395 [SCMBlockDeletingService#0] DEBUG block.SCMBlockDeletingService (SCMBlockDeletingService.java:call(133)) - Running DeletedBlockTransactionScanner
2021-08-10 12:15:25,498 [SCMBlockDeletingService#0] DEBUG block.SCMBlockDeletingService (SCMBlockDeletingService.java:call(133)) - Running DeletedBlockTransactionScanner
2021-08-10 12:15:25,600 [SCMBlockDeletingService#0] DEBUG block.SCMBlockDeletingService (SCMBlockDeletingService.java:call(133)) - Running DeletedBlockTransactionScanner
2021-08-10 12:15:25,700 [SCMBlockDeletingService#0] DEBUG block.SCMBlockDeletingService (SCMBlockDeletingService.java:call(133)) - Running DeletedBlockTransactionScanner
2021-08-10 12:15:25,800 [SCMBlockDeletingService#0] DEBUG block.SCMBlockDeletingService (SCMBlockDeletingService.java:call(133)) - Running DeletedBlockTransactionScanner
2021-08-10 12:15:25,900 [SCMBlockDeletingService#0] DEBUG block.SCMBlockDeletingService (SCMBlockDeletingService.java:call(133)) - Running DeletedBlockTransactionScanner
2021-08-10 12:15:26,000 [SCMBlockDeletingService#0] DEBUG block.SCMBlockDeletingService (SCMBlockDeletingService.java:call(133)) - Running DeletedBlockTransactionScanner
2021-08-10 12:15:26,102 [SCMBlockDeletingService#0] DEBUG block.SCMBlockDeletingService (SCMBlockDeletingService.java:call(133)) - Running DeletedBlockTransactionScanner
2021-08-10 12:15:26,202 [SCMBlockDeletingService#0] DEBUG block.SCMBlockDeletingService (SCMBlockDeletingService.java:call(133)) - Running DeletedBlockTransactionScanner
2021-08-10 12:15:26,302 [SCMBlockDeletingService#0] DEBUG block.SCMBlockDeletingService (SCMBlockDeletingService.java:call(133)) - Running DeletedBlockTransactionScanner
2021-08-10 12:15:26,402 [SCMBlockDeletingService#0] DEBUG block.SCMBlockDeletingService (SCMBlockDeletingService.java:call(133)) - Running DeletedBlockTransactionScanner
2021-08-10 12:15:26,502 [SCMBlockDeletingService#0] DEBUG block.SCMBlockDeletingService (SCMBlockDeletingService.java:call(133)) - Running DeletedBlockTransactionScanner
2021-08-10 12:15:26,606 [SCMBlockDeletingService#0] DEBUG block.SCMBlockDeletingService (SCMBlockDeletingService.java:call(133)) - Running DeletedBlockTransactionScanner
2021-08-10 12:15:26,707 [SCMBlockDeletingService#0] DEBUG block.SCMBlockDeletingService (SCMBlockDeletingService.java:call(133)) - Running DeletedBlockTransactionScanner
2021-08-10 12:15:26,807 [SCMBlockDeletingService#0] DEBUG block.SCMBlockDeletingService (SCMBlockDeletingService.java:call(133)) - Running DeletedBlockTransactionScanner
2021-08-10 12:15:26,909 [SCMBlockDeletingService#0] DEBUG block.SCMBlockDeletingService (SCMBlockDeletingService.java:call(133)) - Running DeletedBlockTransactionScanner
2021-08-10 12:15:27,009 [SCMBlockDeletingService#0] DEBUG block.SCMBlockDeletingService (SCMBlockDeletingService.java:call(133)) - Running DeletedBlockTransactionScanner
2021-08-10 12:15:27,109 [SCMBlockDeletingService#0] DEBUG block.SCMBlockDeletingService (SCMBlockDeletingService.java:call(133)) - Running DeletedBlockTransactionScanner
2021-08-10 12:15:27,209 [SCMBlockDeletingService#0] DEBUG block.SCMBlockDeletingService (SCMBlockDeletingService.java:call(133)) - Running DeletedBlockTransactionScanner
2021-08-10 12:15:27,310 [SCMBlockDeletingService#0] DEBUG block.SCMBlockDeletingService (SCMBlockDeletingService.java:call(133)) - Running DeletedBlockTransactionScanner
2021-08-10 12:15:27,387 [Listener at 127.0.0.1/43569] INFO  rpc.RpcClient (RpcClient.java:createVolume(342)) - Creating Volume: 3fd330df-b6fd-4a31-979f-2dc356a1a9fb, with runner as owner and space quota set to -1 bytes, counts quota set to -1
2021-08-10 12:15:27,399 [OM StateMachine ApplyTransaction Thread - 0] INFO  volume.OMVolumeCreateRequest (OMVolumeCreateRequest.java:validateAndUpdateCache(195)) - created volume:3fd330df-b6fd-4a31-979f-2dc356a1a9fb for user:runner
2021-08-10 12:15:27,411 [SCMBlockDeletingService#0] DEBUG block.SCMBlockDeletingService (SCMBlockDeletingService.java:call(133)) - Running DeletedBlockTransactionScanner
2021-08-10 12:15:27,419 [Listener at 127.0.0.1/43569] INFO  rpc.RpcClient (RpcClient.java:createBucket(502)) - Creating Bucket: 3fd330df-b6fd-4a31-979f-2dc356a1a9fb/db35c9fc-e66a-43a3-bbde-a17708bd362c, with Versioning false and Storage Type set to DISK and Encryption set to false 
2021-08-10 12:15:27,511 [SCMBlockDeletingService#0] DEBUG block.SCMBlockDeletingService (SCMBlockDeletingService.java:call(133)) - Running DeletedBlockTransactionScanner
2021-08-10 12:15:27,611 [IPC Server handler 1 on default port 43167] INFO  ha.SequenceIdGenerator (SequenceIdGenerator.java:getNextId(127)) - Allocate a batch for containerId, change lastId from 0 to 1000.
2021-08-10 12:15:27,611 [IPC Server handler 1 on default port 43167] WARN  ha.SequenceIdGenerator (SequenceIdGenerator.java:allocateBatch(234)) - Failed to allocate a batch for localId, expected lastId is 0, actual lastId is 107544261427200000.
2021-08-10 12:15:27,611 [IPC Server handler 1 on default port 43167] INFO  ha.SequenceIdGenerator (SequenceIdGenerator.java:getNextId(127)) - Allocate a batch for localId, change lastId from 107544261427200000 to 107544261427201000.
2021-08-10 12:15:27,614 [SCMBlockDeletingService#0] DEBUG block.SCMBlockDeletingService (SCMBlockDeletingService.java:call(133)) - Running DeletedBlockTransactionScanner
2021-08-10 12:15:27,714 [SCMBlockDeletingService#0] DEBUG block.SCMBlockDeletingService (SCMBlockDeletingService.java:call(133)) - Running DeletedBlockTransactionScanner
2021-08-10 12:15:27,814 [SCMBlockDeletingService#0] DEBUG block.SCMBlockDeletingService (SCMBlockDeletingService.java:call(133)) - Running DeletedBlockTransactionScanner
2021-08-10 12:15:27,915 [SCMBlockDeletingService#0] DEBUG block.SCMBlockDeletingService (SCMBlockDeletingService.java:call(133)) - Running DeletedBlockTransactionScanner
2021-08-10 12:15:27,966 [Datanode State Machine Thread - 0] WARN  statemachine.StateContext (StateContext.java:execute(621)) - No available thread in pool for past 0 seconds.
2021-08-10 12:15:28,006 [Datanode State Machine Thread - 0] WARN  statemachine.StateContext (StateContext.java:execute(621)) - No available thread in pool for past 0 seconds.
2021-08-10 12:15:28,015 [SCMBlockDeletingService#0] DEBUG block.SCMBlockDeletingService (SCMBlockDeletingService.java:call(133)) - Running DeletedBlockTransactionScanner
2021-08-10 12:15:28,018 [Datanode State Machine Thread - 0] WARN  statemachine.StateContext (StateContext.java:execute(621)) - No available thread in pool for past 0 seconds.
2021-08-10 12:15:28,115 [SCMBlockDeletingService#0] DEBUG block.SCMBlockDeletingService (SCMBlockDeletingService.java:call(133)) - Running DeletedBlockTransactionScanner
2021-08-10 12:15:28,348 [SCMBlockDeletingService#0] DEBUG block.SCMBlockDeletingService (SCMBlockDeletingService.java:call(133)) - Running DeletedBlockTransactionScanner
2021-08-10 12:15:28,448 [SCMBlockDeletingService#0] DEBUG block.SCMBlockDeletingService (SCMBlockDeletingService.java:call(133)) - Running DeletedBlockTransactionScanner
2021-08-10 12:15:28,548 [SCMBlockDeletingService#0] DEBUG block.SCMBlockDeletingService (SCMBlockDeletingService.java:call(133)) - Running DeletedBlockTransactionScanner
2021-08-10 12:15:28,648 [SCMBlockDeletingService#0] DEBUG block.SCMBlockDeletingService (SCMBlockDeletingService.java:call(133)) - Running DeletedBlockTransactionScanner
2021-08-10 12:15:28,748 [SCMBlockDeletingService#0] DEBUG block.SCMBlockDeletingService (SCMBlockDeletingService.java:call(133)) - Running DeletedBlockTransactionScanner
2021-08-10 12:15:28,847 [Datanode State Machine Thread - 0] WARN  statemachine.StateContext (StateContext.java:execute(621)) - No available thread in pool for past 0 seconds.
2021-08-10 12:15:28,848 [SCMBlockDeletingService#0] DEBUG block.SCMBlockDeletingService (SCMBlockDeletingService.java:call(133)) - Running DeletedBlockTransactionScanner
2021-08-10 12:15:28,878 [Datanode State Machine Thread - 0] WARN  statemachine.StateContext (StateContext.java:execute(621)) - No available thread in pool for past 0 seconds.
2021-08-10 12:15:28,940 [Datanode State Machine Thread - 0] WARN  statemachine.StateContext (StateContext.java:execute(621)) - No available thread in pool for past 0 seconds.
2021-08-10 12:15:28,948 [SCMBlockDeletingService#0] DEBUG block.SCMBlockDeletingService (SCMBlockDeletingService.java:call(133)) - Running DeletedBlockTransactionScanner
2021-08-10 12:15:29,049 [SCMBlockDeletingService#0] DEBUG block.SCMBlockDeletingService (SCMBlockDeletingService.java:call(133)) - Running DeletedBlockTransactionScanner
2021-08-10 12:15:29,149 [SCMBlockDeletingService#0] DEBUG block.SCMBlockDeletingService (SCMBlockDeletingService.java:call(133)) - Running DeletedBlockTransactionScanner
2021-08-10 12:15:29,250 [SCMBlockDeletingService#0] DEBUG block.SCMBlockDeletingService (SCMBlockDeletingService.java:call(133)) - Running DeletedBlockTransactionScanner
2021-08-10 12:15:29,343 [Datanode State Machine Thread - 0] WARN  statemachine.StateContext (StateContext.java:execute(621)) - No available thread in pool for past 0 seconds.
2021-08-10 12:15:29,351 [SCMBlockDeletingService#0] DEBUG block.SCMBlockDeletingService (SCMBlockDeletingService.java:call(133)) - Running DeletedBlockTransactionScanner
2021-08-10 12:15:29,455 [SCMBlockDeletingService#0] DEBUG block.SCMBlockDeletingService (SCMBlockDeletingService.java:call(133)) - Running DeletedBlockTransactionScanner
2021-08-10 12:15:29,555 [SCMBlockDeletingService#0] DEBUG block.SCMBlockDeletingService (SCMBlockDeletingService.java:call(133)) - Running DeletedBlockTransactionScanner
2021-08-10 12:15:29,655 [SCMBlockDeletingService#0] DEBUG block.SCMBlockDeletingService (SCMBlockDeletingService.java:call(133)) - Running DeletedBlockTransactionScanner
2021-08-10 12:15:29,755 [SCMBlockDeletingService#0] DEBUG block.SCMBlockDeletingService (SCMBlockDeletingService.java:call(133)) - Running DeletedBlockTransactionScanner
2021-08-10 12:15:29,855 [SCMBlockDeletingService#0] DEBUG block.SCMBlockDeletingService (SCMBlockDeletingService.java:call(133)) - Running DeletedBlockTransactionScanner
2021-08-10 12:15:29,895 [Datanode State Machine Thread - 0] WARN  statemachine.StateContext (StateContext.java:execute(621)) - No available thread in pool for past 0 seconds.
2021-08-10 12:15:29,901 [Datanode State Machine Thread - 0] WARN  statemachine.StateContext (StateContext.java:execute(621)) - No available thread in pool for past 0 seconds.
2021-08-10 12:15:29,901 [Datanode State Machine Thread - 0] WARN  statemachine.StateContext (StateContext.java:execute(621)) - No available thread in pool for past 0 seconds.
2021-08-10 12:15:29,955 [SCMBlockDeletingService#0] DEBUG block.SCMBlockDeletingService (SCMBlockDeletingService.java:call(133)) - Running DeletedBlockTransactionScanner
2021-08-10 12:15:30,055 [SCMBlockDeletingService#0] DEBUG block.SCMBlockDeletingService (SCMBlockDeletingService.java:call(133)) - Running DeletedBlockTransactionScanner
2021-08-10 12:15:30,159 [SCMBlockDeletingService#0] DEBUG block.SCMBlockDeletingService (SCMBlockDeletingService.java:call(133)) - Running DeletedBlockTransactionScanner
2021-08-10 12:15:30,259 [SCMBlockDeletingService#0] DEBUG block.SCMBlockDeletingService (SCMBlockDeletingService.java:call(133)) - Running DeletedBlockTransactionScanner
2021-08-10 12:15:30,359 [SCMBlockDeletingService#0] DEBUG block.SCMBlockDeletingService (SCMBlockDeletingService.java:call(133)) - Running DeletedBlockTransactionScanner
2021-08-10 12:15:30,377 [Datanode State Machine Thread - 0] WARN  statemachine.StateContext (StateContext.java:execute(621)) - No available thread in pool for past 0 seconds.
2021-08-10 12:15:30,385 [Datanode State Machine Thread - 0] WARN  statemachine.StateContext (StateContext.java:execute(621)) - No available thread in pool for past 0 seconds.
2021-08-10 12:15:30,446 [Datanode State Machine Thread - 0] WARN  statemachine.StateContext (StateContext.java:execute(621)) - No available thread in pool for past 0 seconds.
2021-08-10 12:15:30,459 [SCMBlockDeletingService#0] DEBUG block.SCMBlockDeletingService (SCMBlockDeletingService.java:call(133)) - Running DeletedBlockTransactionScanner
2021-08-10 12:15:30,560 [SCMBlockDeletingService#0] DEBUG block.SCMBlockDeletingService (SCMBlockDeletingService.java:call(133)) - Running DeletedBlockTransactionScanner
2021-08-10 12:15:30,660 [SCMBlockDeletingService#0] DEBUG block.SCMBlockDeletingService (SCMBlockDeletingService.java:call(133)) - Running DeletedBlockTransactionScanner
2021-08-10 12:15:30,760 [SCMBlockDeletingService#0] DEBUG block.SCMBlockDeletingService (SCMBlockDeletingService.java:call(133)) - Running DeletedBlockTransactionScanner
2021-08-10 12:15:30,860 [SCMBlockDeletingService#0] DEBUG block.SCMBlockDeletingService (SCMBlockDeletingService.java:call(133)) - Running DeletedBlockTransactionScanner
2021-08-10 12:15:30,960 [SCMBlockDeletingService#0] DEBUG block.SCMBlockDeletingService (SCMBlockDeletingService.java:call(133)) - Running DeletedBlockTransactionScanner
2021-08-10 12:15:31,021 [Datanode State Machine Thread - 0] WARN  statemachine.StateContext (StateContext.java:execute(621)) - No available thread in pool for past 0 seconds.
2021-08-10 12:15:31,022 [Datanode State Machine Thread - 0] WARN  statemachine.StateContext (StateContext.java:execute(621)) - No available thread in pool for past 0 seconds.
2021-08-10 12:15:31,052 [Datanode State Machine Thread - 0] WARN  statemachine.StateContext (StateContext.java:execute(621)) - No available thread in pool for past 0 seconds.
2021-08-10 12:15:31,060 [SCMBlockDeletingService#0] DEBUG block.SCMBlockDeletingService (SCMBlockDeletingService.java:call(133)) - Running DeletedBlockTransactionScanner
2021-08-10 12:15:31,161 [SCMBlockDeletingService#0] DEBUG block.SCMBlockDeletingService (SCMBlockDeletingService.java:call(133)) - Running DeletedBlockTransactionScanner
2021-08-10 12:15:31,261 [SCMBlockDeletingService#0] DEBUG block.SCMBlockDeletingService (SCMBlockDeletingService.java:call(133)) - Running DeletedBlockTransactionScanner
2021-08-10 12:15:31,361 [SCMBlockDeletingService#0] DEBUG block.SCMBlockDeletingService (SCMBlockDeletingService.java:call(133)) - Running DeletedBlockTransactionScanner
2021-08-10 12:15:31,461 [SCMBlockDeletingService#0] DEBUG block.SCMBlockDeletingService (SCMBlockDeletingService.java:call(133)) - Running DeletedBlockTransactionScanner
2021-08-10 12:15:31,576 [SCMBlockDeletingService#0] DEBUG block.SCMBlockDeletingService (SCMBlockDeletingService.java:call(133)) - Running DeletedBlockTransactionScanner
2021-08-10 12:15:31,676 [SCMBlockDeletingService#0] DEBUG block.SCMBlockDeletingService (SCMBlockDeletingService.java:call(133)) - Running DeletedBlockTransactionScanner
2021-08-10 12:15:31,757 [Datanode State Machine Thread - 0] WARN  statemachine.StateContext (StateContext.java:execute(621)) - No available thread in pool for past 0 seconds.
2021-08-10 12:15:31,766 [Datanode State Machine Thread - 0] WARN  statemachine.StateContext (StateContext.java:execute(621)) - No available thread in pool for past 0 seconds.
2021-08-10 12:15:31,768 [Datanode State Machine Thread - 0] WARN  statemachine.StateContext (StateContext.java:execute(621)) - No available thread in pool for past 0 seconds.
2021-08-10 12:15:31,795 [SCMBlockDeletingService#0] DEBUG block.SCMBlockDeletingService (SCMBlockDeletingService.java:call(133)) - Running DeletedBlockTransactionScanner
2021-08-10 12:15:31,895 [SCMBlockDeletingService#0] DEBUG block.SCMBlockDeletingService (SCMBlockDeletingService.java:call(133)) - Running DeletedBlockTransactionScanner
2021-08-10 12:15:31,995 [SCMBlockDeletingService#0] DEBUG block.SCMBlockDeletingService (SCMBlockDeletingService.java:call(133)) - Running DeletedBlockTransactionScanner
2021-08-10 12:15:32,095 [SCMBlockDeletingService#0] DEBUG block.SCMBlockDeletingService (SCMBlockDeletingService.java:call(133)) - Running DeletedBlockTransactionScanner
2021-08-10 12:15:32,195 [SCMBlockDeletingService#0] DEBUG block.SCMBlockDeletingService (SCMBlockDeletingService.java:call(133)) - Running DeletedBlockTransactionScanner
2021-08-10 12:15:32,223 [Datanode State Machine Thread - 0] WARN  statemachine.StateContext (StateContext.java:execute(621)) - No available thread in pool for past 0 seconds.
2021-08-10 12:15:32,268 [Datanode State Machine Thread - 0] WARN  statemachine.StateContext (StateContext.java:execute(621)) - No available thread in pool for past 0 seconds.
2021-08-10 12:15:32,296 [SCMBlockDeletingService#0] DEBUG block.SCMBlockDeletingService (SCMBlockDeletingService.java:call(133)) - Running DeletedBlockTransactionScanner
2021-08-10 12:15:32,396 [SCMBlockDeletingService#0] DEBUG block.SCMBlockDeletingService (SCMBlockDeletingService.java:call(133)) - Running DeletedBlockTransactionScanner
2021-08-10 12:15:32,496 [SCMBlockDeletingService#0] DEBUG block.SCMBlockDeletingService (SCMBlockDeletingService.java:call(133)) - Running DeletedBlockTransactionScanner
2021-08-10 12:15:32,596 [SCMBlockDeletingService#0] DEBUG block.SCMBlockDeletingService (SCMBlockDeletingService.java:call(133)) - Running DeletedBlockTransactionScanner
2021-08-10 12:15:32,696 [SCMBlockDeletingService#0] DEBUG block.SCMBlockDeletingService (SCMBlockDeletingService.java:call(133)) - Running DeletedBlockTransactionScanner
2021-08-10 12:15:32,721 [Datanode State Machine Thread - 0] WARN  statemachine.StateContext (StateContext.java:execute(621)) - No available thread in pool for past 0 seconds.
2021-08-10 12:15:32,722 [Datanode State Machine Thread - 0] WARN  statemachine.StateContext (StateContext.java:execute(621)) - No available thread in pool for past 0 seconds.
2021-08-10 12:15:32,724 [Datanode State Machine Thread - 0] WARN  statemachine.StateContext (StateContext.java:execute(621)) - No available thread in pool for past 0 seconds.
2021-08-10 12:15:32,796 [SCMBlockDeletingService#0] DEBUG block.SCMBlockDeletingService (SCMBlockDeletingService.java:call(133)) - Running DeletedBlockTransactionScanner
2021-08-10 12:15:32,896 [SCMBlockDeletingService#0] DEBUG block.SCMBlockDeletingService (SCMBlockDeletingService.java:call(133)) - Running DeletedBlockTransactionScanner
2021-08-10 12:15:32,996 [SCMBlockDeletingService#0] DEBUG block.SCMBlockDeletingService (SCMBlockDeletingService.java:call(133)) - Running DeletedBlockTransactionScanner
2021-08-10 12:15:33,096 [SCMBlockDeletingService#0] DEBUG block.SCMBlockDeletingService (SCMBlockDeletingService.java:call(133)) - Running DeletedBlockTransactionScanner
2021-08-10 12:15:33,197 [SCMBlockDeletingService#0] DEBUG block.SCMBlockDeletingService (SCMBlockDeletingService.java:call(133)) - Running DeletedBlockTransactionScanner
2021-08-10 12:15:33,297 [SCMBlockDeletingService#0] DEBUG block.SCMBlockDeletingService (SCMBlockDeletingService.java:call(133)) - Running DeletedBlockTransactionScanner
2021-08-10 12:15:33,360 [Datanode State Machine Thread - 0] WARN  statemachine.StateContext (StateContext.java:execute(621)) - No available thread in pool for past 0 seconds.
2021-08-10 12:15:33,378 [Datanode State Machine Thread - 0] WARN  statemachine.StateContext (StateContext.java:execute(621)) - No available thread in pool for past 0 seconds.
2021-08-10 12:15:33,387 [Datanode State Machine Thread - 0] WARN  statemachine.StateContext (StateContext.java:execute(621)) - No available thread in pool for past 0 seconds.
2021-08-10 12:15:33,397 [SCMBlockDeletingService#0] DEBUG block.SCMBlockDeletingService (SCMBlockDeletingService.java:call(133)) - Running DeletedBlockTransactionScanner
2021-08-10 12:15:33,497 [SCMBlockDeletingService#0] DEBUG block.SCMBlockDeletingService (SCMBlockDeletingService.java:call(133)) - Running DeletedBlockTransactionScanner
2021-08-10 12:15:33,597 [SCMBlockDeletingService#0] DEBUG block.SCMBlockDeletingService (SCMBlockDeletingService.java:call(133)) - Running DeletedBlockTransactionScanner
2021-08-10 12:15:33,697 [SCMBlockDeletingService#0] DEBUG block.SCMBlockDeletingService (SCMBlockDeletingService.java:call(133)) - Running DeletedBlockTransactionScanner
2021-08-10 12:15:33,797 [SCMBlockDeletingService#0] DEBUG block.SCMBlockDeletingService (SCMBlockDeletingService.java:call(133)) - Running DeletedBlockTransactionScanner
2021-08-10 12:15:33,897 [SCMBlockDeletingService#0] DEBUG block.SCMBlockDeletingService (SCMBlockDeletingService.java:call(133)) - Running DeletedBlockTransactionScanner
2021-08-10 12:15:33,997 [SCMBlockDeletingService#0] DEBUG block.SCMBlockDeletingService (SCMBlockDeletingService.java:call(133)) - Running DeletedBlockTransactionScanner
2021-08-10 12:15:34,098 [SCMBlockDeletingService#0] DEBUG block.SCMBlockDeletingService (SCMBlockDeletingService.java:call(133)) - Running DeletedBlockTransactionScanner
2021-08-10 12:15:34,203 [SCMBlockDeletingService#0] DEBUG block.SCMBlockDeletingService (SCMBlockDeletingService.java:call(133)) - Running DeletedBlockTransactionScanner
2021-08-10 12:15:34,306 [SCMBlockDeletingService#0] DEBUG block.SCMBlockDeletingService (SCMBlockDeletingService.java:call(133)) - Running DeletedBlockTransactionScanner
2021-08-10 12:15:34,407 [SCMBlockDeletingService#0] DEBUG block.SCMBlockDeletingService (SCMBlockDeletingService.java:call(133)) - Running DeletedBlockTransactionScanner
2021-08-10 12:15:34,507 [SCMBlockDeletingService#0] DEBUG block.SCMBlockDeletingService (SCMBlockDeletingService.java:call(133)) - Running DeletedBlockTransactionScanner
2021-08-10 12:15:34,607 [SCMBlockDeletingService#0] DEBUG block.SCMBlockDeletingService (SCMBlockDeletingService.java:call(133)) - Running DeletedBlockTransactionScanner
2021-08-10 12:15:34,707 [SCMBlockDeletingService#0] DEBUG block.SCMBlockDeletingService (SCMBlockDeletingService.java:call(133)) - Running DeletedBlockTransactionScanner
2021-08-10 12:15:34,807 [SCMBlockDeletingService#0] DEBUG block.SCMBlockDeletingService (SCMBlockDeletingService.java:call(133)) - Running DeletedBlockTransactionScanner
2021-08-10 12:15:34,907 [SCMBlockDeletingService#0] DEBUG block.SCMBlockDeletingService (SCMBlockDeletingService.java:call(133)) - Running DeletedBlockTransactionScanner
2021-08-10 12:15:35,007 [SCMBlockDeletingService#0] DEBUG block.SCMBlockDeletingService (SCMBlockDeletingService.java:call(133)) - Running DeletedBlockTransactionScanner
2021-08-10 12:15:35,107 [SCMBlockDeletingService#0] DEBUG block.SCMBlockDeletingService (SCMBlockDeletingService.java:call(133)) - Running DeletedBlockTransactionScanner
2021-08-10 12:15:35,207 [SCMBlockDeletingService#0] DEBUG block.SCMBlockDeletingService (SCMBlockDeletingService.java:call(133)) - Running DeletedBlockTransactionScanner
2021-08-10 12:15:35,307 [SCMBlockDeletingService#0] DEBUG block.SCMBlockDeletingService (SCMBlockDeletingService.java:call(133)) - Running DeletedBlockTransactionScanner
2021-08-10 12:15:35,407 [SCMBlockDeletingService#0] DEBUG block.SCMBlockDeletingService (SCMBlockDeletingService.java:call(133)) - Running DeletedBlockTransactionScanner
2021-08-10 12:15:35,507 [SCMBlockDeletingService#0] DEBUG block.SCMBlockDeletingService (SCMBlockDeletingService.java:call(133)) - Running DeletedBlockTransactionScanner
2021-08-10 12:15:35,607 [SCMBlockDeletingService#0] DEBUG block.SCMBlockDeletingService (SCMBlockDeletingService.java:call(133)) - Running DeletedBlockTransactionScanner
2021-08-10 12:15:35,708 [SCMBlockDeletingService#0] DEBUG block.SCMBlockDeletingService (SCMBlockDeletingService.java:call(133)) - Running DeletedBlockTransactionScanner
2021-08-10 12:15:35,808 [SCMBlockDeletingService#0] DEBUG block.SCMBlockDeletingService (SCMBlockDeletingService.java:call(133)) - Running DeletedBlockTransactionScanner
2021-08-10 12:15:35,908 [SCMBlockDeletingService#0] DEBUG block.SCMBlockDeletingService (SCMBlockDeletingService.java:call(133)) - Running DeletedBlockTransactionScanner
2021-08-10 12:15:36,008 [SCMBlockDeletingService#0] DEBUG block.SCMBlockDeletingService (SCMBlockDeletingService.java:call(133)) - Running DeletedBlockTransactionScanner
2021-08-10 12:15:36,108 [SCMBlockDeletingService#0] DEBUG block.SCMBlockDeletingService (SCMBlockDeletingService.java:call(133)) - Running DeletedBlockTransactionScanner
2021-08-10 12:15:36,208 [SCMBlockDeletingService#0] DEBUG block.SCMBlockDeletingService (SCMBlockDeletingService.java:call(133)) - Running DeletedBlockTransactionScanner
2021-08-10 12:15:36,308 [SCMBlockDeletingService#0] DEBUG block.SCMBlockDeletingService (SCMBlockDeletingService.java:call(133)) - Running DeletedBlockTransactionScanner
2021-08-10 12:15:36,385 [Datanode State Machine Thread - 0] WARN  statemachine.StateContext (StateContext.java:execute(621)) - No available thread in pool for past 0 seconds.
2021-08-10 12:15:36,395 [Datanode State Machine Thread - 0] WARN  statemachine.StateContext (StateContext.java:execute(621)) - No available thread in pool for past 0 seconds.
2021-08-10 12:15:36,399 [Datanode State Machine Thread - 0] WARN  statemachine.StateContext (StateContext.java:execute(621)) - No available thread in pool for past 0 seconds.
2021-08-10 12:15:36,408 [SCMBlockDeletingService#0] DEBUG block.SCMBlockDeletingService (SCMBlockDeletingService.java:call(133)) - Running DeletedBlockTransactionScanner
2021-08-10 12:15:36,508 [SCMBlockDeletingService#0] DEBUG block.SCMBlockDeletingService (SCMBlockDeletingService.java:call(133)) - Running DeletedBlockTransactionScanner
2021-08-10 12:15:36,608 [SCMBlockDeletingService#0] DEBUG block.SCMBlockDeletingService (SCMBlockDeletingService.java:call(133)) - Running DeletedBlockTransactionScanner
2021-08-10 12:15:36,709 [SCMBlockDeletingService#0] DEBUG block.SCMBlockDeletingService (SCMBlockDeletingService.java:call(133)) - Running DeletedBlockTransactionScanner
2021-08-10 12:15:36,809 [SCMBlockDeletingService#0] DEBUG block.SCMBlockDeletingService (SCMBlockDeletingService.java:call(133)) - Running DeletedBlockTransactionScanner
2021-08-10 12:15:36,909 [SCMBlockDeletingService#0] DEBUG block.SCMBlockDeletingService (SCMBlockDeletingService.java:call(133)) - Running DeletedBlockTransactionScanner
2021-08-10 12:15:37,009 [SCMBlockDeletingService#0] DEBUG block.SCMBlockDeletingService (SCMBlockDeletingService.java:call(133)) - Running DeletedBlockTransactionScanner
2021-08-10 12:15:37,109 [SCMBlockDeletingService#0] DEBUG block.SCMBlockDeletingService (SCMBlockDeletingService.java:call(133)) - Running DeletedBlockTransactionScanner
2021-08-10 12:15:37,123 [Datanode State Machine Thread - 0] WARN  statemachine.StateContext (StateContext.java:execute(621)) - No available thread in pool for past 0 seconds.
2021-08-10 12:15:37,125 [Datanode State Machine Thread - 0] WARN  statemachine.StateContext (StateContext.java:execute(621)) - No available thread in pool for past 0 seconds.
2021-08-10 12:15:37,159 [Datanode State Machine Thread - 0] WARN  statemachine.StateContext (StateContext.java:execute(621)) - No available thread in pool for past 0 seconds.
2021-08-10 12:15:37,209 [SCMBlockDeletingService#0] DEBUG block.SCMBlockDeletingService (SCMBlockDeletingService.java:call(133)) - Running DeletedBlockTransactionScanner
2021-08-10 12:15:37,309 [SCMBlockDeletingService#0] DEBUG block.SCMBlockDeletingService (SCMBlockDeletingService.java:call(133)) - Running DeletedBlockTransactionScanner
2021-08-10 12:15:37,409 [SCMBlockDeletingService#0] DEBUG block.SCMBlockDeletingService (SCMBlockDeletingService.java:call(133)) - Running DeletedBlockTransactionScanner
2021-08-10 12:15:37,511 [SCMBlockDeletingService#0] DEBUG block.SCMBlockDeletingService (SCMBlockDeletingService.java:call(133)) - Running DeletedBlockTransactionScanner
2021-08-10 12:15:37,607 [Datanode State Machine Thread - 0] WARN  statemachine.StateContext (StateContext.java:execute(621)) - No available thread in pool for past 0 seconds.
2021-08-10 12:15:37,611 [SCMBlockDeletingService#0] DEBUG block.SCMBlockDeletingService (SCMBlockDeletingService.java:call(133)) - Running DeletedBlockTransactionScanner
2021-08-10 12:15:37,617 [Datanode State Machine Thread - 0] WARN  statemachine.StateContext (StateContext.java:execute(621)) - No available thread in pool for past 0 seconds.
2021-08-10 12:15:37,671 [Datanode State Machine Thread - 0] WARN  statemachine.StateContext (StateContext.java:execute(621)) - No available thread in pool for past 0 seconds.
2021-08-10 12:15:37,712 [SCMBlockDeletingService#0] DEBUG block.SCMBlockDeletingService (SCMBlockDeletingService.java:call(133)) - Running DeletedBlockTransactionScanner
2021-08-10 12:15:37,823 [SCMBlockDeletingService#0] DEBUG block.SCMBlockDeletingService (SCMBlockDeletingService.java:call(133)) - Running DeletedBlockTransactionScanner
2021-08-10 12:15:37,923 [SCMBlockDeletingService#0] DEBUG block.SCMBlockDeletingService (SCMBlockDeletingService.java:call(133)) - Running DeletedBlockTransactionScanner
2021-08-10 12:15:38,023 [SCMBlockDeletingService#0] DEBUG block.SCMBlockDeletingService (SCMBlockDeletingService.java:call(133)) - Running DeletedBlockTransactionScanner
2021-08-10 12:15:38,127 [SCMBlockDeletingService#0] DEBUG block.SCMBlockDeletingService (SCMBlockDeletingService.java:call(133)) - Running DeletedBlockTransactionScanner
2021-08-10 12:15:38,227 [SCMBlockDeletingService#0] DEBUG block.SCMBlockDeletingService (SCMBlockDeletingService.java:call(133)) - Running DeletedBlockTransactionScanner
2021-08-10 12:15:38,236 [Datanode State Machine Thread - 0] WARN  statemachine.StateContext (StateContext.java:execute(621)) - No available thread in pool for past 0 seconds.
2021-08-10 12:15:38,280 [Datanode State Machine Thread - 0] WARN  statemachine.StateContext (StateContext.java:execute(621)) - No available thread in pool for past 0 seconds.
2021-08-10 12:15:38,303 [Datanode State Machine Thread - 0] WARN  statemachine.StateContext (StateContext.java:execute(621)) - No available thread in pool for past 0 seconds.
2021-08-10 12:15:38,327 [SCMBlockDeletingService#0] DEBUG block.SCMBlockDeletingService (SCMBlockDeletingService.java:call(133)) - Running DeletedBlockTransactionScanner
2021-08-10 12:15:38,427 [SCMBlockDeletingService#0] DEBUG block.SCMBlockDeletingService (SCMBlockDeletingService.java:call(133)) - Running DeletedBlockTransactionScanner
2021-08-10 12:15:38,527 [SCMBlockDeletingService#0] DEBUG block.SCMBlockDeletingService (SCMBlockDeletingService.java:call(133)) - Running DeletedBlockTransactionScanner
2021-08-10 12:15:38,627 [SCMBlockDeletingService#0] DEBUG block.SCMBlockDeletingService (SCMBlockDeletingService.java:call(133)) - Running DeletedBlockTransactionScanner
2021-08-10 12:15:38,685 [Datanode State Machine Thread - 0] WARN  statemachine.StateContext (StateContext.java:execute(621)) - No available thread in pool for past 0 seconds.
2021-08-10 12:15:38,717 [Datanode State Machine Thread - 0] WARN  statemachine.StateContext (StateContext.java:execute(621)) - No available thread in pool for past 0 seconds.
2021-08-10 12:15:38,718 [Datanode State Machine Thread - 0] WARN  statemachine.StateContext (StateContext.java:execute(621)) - No available thread in pool for past 0 seconds.
2021-08-10 12:15:38,727 [SCMBlockDeletingService#0] DEBUG block.SCMBlockDeletingService (SCMBlockDeletingService.java:call(133)) - Running DeletedBlockTransactionScanner
2021-08-10 12:15:38,827 [SCMBlockDeletingService#0] DEBUG block.SCMBlockDeletingService (SCMBlockDeletingService.java:call(133)) - Running DeletedBlockTransactionScanner
2021-08-10 12:15:38,927 [SCMBlockDeletingService#0] DEBUG block.SCMBlockDeletingService (SCMBlockDeletingService.java:call(133)) - Running DeletedBlockTransactionScanner
2021-08-10 12:15:39,027 [SCMBlockDeletingService#0] DEBUG block.SCMBlockDeletingService (SCMBlockDeletingService.java:call(133)) - Running DeletedBlockTransactionScanner
2021-08-10 12:15:39,127 [SCMBlockDeletingService#0] DEBUG block.SCMBlockDeletingService (SCMBlockDeletingService.java:call(133)) - Running DeletedBlockTransactionScanner
2021-08-10 12:15:39,142 [Datanode State Machine Thread - 0] WARN  statemachine.StateContext (StateContext.java:execute(621)) - No available thread in pool for past 0 seconds.
2021-08-10 12:15:39,151 [Datanode State Machine Thread - 0] WARN  statemachine.StateContext (StateContext.java:execute(621)) - No available thread in pool for past 0 seconds.
2021-08-10 12:15:39,174 [Datanode State Machine Thread - 0] WARN  statemachine.StateContext (StateContext.java:execute(621)) - No available thread in pool for past 0 seconds.
2021-08-10 12:15:39,227 [SCMBlockDeletingService#0] DEBUG block.SCMBlockDeletingService (SCMBlockDeletingService.java:call(133)) - Running DeletedBlockTransactionScanner
2021-08-10 12:15:39,330 [SCMBlockDeletingService#0] DEBUG block.SCMBlockDeletingService (SCMBlockDeletingService.java:call(133)) - Running DeletedBlockTransactionScanner
2021-08-10 12:15:39,431 [SCMBlockDeletingService#0] DEBUG block.SCMBlockDeletingService (SCMBlockDeletingService.java:call(133)) - Running DeletedBlockTransactionScanner
2021-08-10 12:15:39,531 [SCMBlockDeletingService#0] DEBUG block.SCMBlockDeletingService (SCMBlockDeletingService.java:call(133)) - Running DeletedBlockTransactionScanner
2021-08-10 12:15:39,631 [SCMBlockDeletingService#0] DEBUG block.SCMBlockDeletingService (SCMBlockDeletingService.java:call(133)) - Running DeletedBlockTransactionScanner
2021-08-10 12:15:39,653 [Datanode State Machine Thread - 0] WARN  statemachine.StateContext (StateContext.java:execute(621)) - No available thread in pool for past 0 seconds.
2021-08-10 12:15:39,707 [Datanode State Machine Thread - 0] WARN  statemachine.StateContext (StateContext.java:execute(621)) - No available thread in pool for past 0 seconds.
2021-08-10 12:15:39,707 [Datanode State Machine Thread - 0] WARN  statemachine.StateContext (StateContext.java:execute(621)) - No available thread in pool for past 0 seconds.
2021-08-10 12:15:39,734 [SCMBlockDeletingService#0] DEBUG block.SCMBlockDeletingService (SCMBlockDeletingService.java:call(133)) - Running DeletedBlockTransactionScanner
2021-08-10 12:15:39,835 [SCMBlockDeletingService#0] DEBUG block.SCMBlockDeletingService (SCMBlockDeletingService.java:call(133)) - Running DeletedBlockTransactionScanner
2021-08-10 12:15:39,935 [SCMBlockDeletingService#0] DEBUG block.SCMBlockDeletingService (SCMBlockDeletingService.java:call(133)) - Running DeletedBlockTransactionScanner
2021-08-10 12:15:40,035 [SCMBlockDeletingService#0] DEBUG block.SCMBlockDeletingService (SCMBlockDeletingService.java:call(133)) - Running DeletedBlockTransactionScanner
2021-08-10 12:15:40,140 [SCMBlockDeletingService#0] DEBUG block.SCMBlockDeletingService (SCMBlockDeletingService.java:call(133)) - Running DeletedBlockTransactionScanner
2021-08-10 12:15:40,240 [SCMBlockDeletingService#0] DEBUG block.SCMBlockDeletingService (SCMBlockDeletingService.java:call(133)) - Running DeletedBlockTransactionScanner
2021-08-10 12:15:40,342 [SCMBlockDeletingService#0] DEBUG block.SCMBlockDeletingService (SCMBlockDeletingService.java:call(133)) - Running DeletedBlockTransactionScanner
2021-08-10 12:15:40,442 [SCMBlockDeletingService#0] DEBUG block.SCMBlockDeletingService (SCMBlockDeletingService.java:call(133)) - Running DeletedBlockTransactionScanner
2021-08-10 12:15:40,472 [Datanode State Machine Thread - 0] WARN  statemachine.StateContext (StateContext.java:execute(621)) - No available thread in pool for past 0 seconds.
2021-08-10 12:15:40,473 [Datanode State Machine Thread - 0] WARN  statemachine.StateContext (StateContext.java:execute(621)) - No available thread in pool for past 0 seconds.
2021-08-10 12:15:40,525 [Datanode State Machine Thread - 0] WARN  statemachine.StateContext (StateContext.java:execute(621)) - No available thread in pool for past 0 seconds.
2021-08-10 12:15:40,542 [SCMBlockDeletingService#0] DEBUG block.SCMBlockDeletingService (SCMBlockDeletingService.java:call(133)) - Running DeletedBlockTransactionScanner
2021-08-10 12:15:40,642 [SCMBlockDeletingService#0] DEBUG block.SCMBlockDeletingService (SCMBlockDeletingService.java:call(133)) - Running DeletedBlockTransactionScanner
2021-08-10 12:15:40,742 [SCMBlockDeletingService#0] DEBUG block.SCMBlockDeletingService (SCMBlockDeletingService.java:call(133)) - Running DeletedBlockTransactionScanner
2021-08-10 12:15:40,842 [SCMBlockDeletingService#0] DEBUG block.SCMBlockDeletingService (SCMBlockDeletingService.java:call(133)) - Running DeletedBlockTransactionScanner
2021-08-10 12:15:40,942 [SCMBlockDeletingService#0] DEBUG block.SCMBlockDeletingService (SCMBlockDeletingService.java:call(133)) - Running DeletedBlockTransactionScanner
2021-08-10 12:15:41,043 [SCMBlockDeletingService#0] DEBUG block.SCMBlockDeletingService (SCMBlockDeletingService.java:call(133)) - Running DeletedBlockTransactionScanner
2021-08-10 12:15:41,111 [Datanode State Machine Thread - 0] WARN  statemachine.StateContext (StateContext.java:execute(621)) - No available thread in pool for past 0 seconds.
2021-08-10 12:15:41,143 [SCMBlockDeletingService#0] DEBUG block.SCMBlockDeletingService (SCMBlockDeletingService.java:call(133)) - Running DeletedBlockTransactionScanner
2021-08-10 12:15:41,247 [SCMBlockDeletingService#0] DEBUG block.SCMBlockDeletingService (SCMBlockDeletingService.java:call(133)) - Running DeletedBlockTransactionScanner
2021-08-10 12:15:41,347 [SCMBlockDeletingService#0] DEBUG block.SCMBlockDeletingService (SCMBlockDeletingService.java:call(133)) - Running DeletedBlockTransactionScanner
2021-08-10 12:15:41,447 [SCMBlockDeletingService#0] DEBUG block.SCMBlockDeletingService (SCMBlockDeletingService.java:call(133)) - Running DeletedBlockTransactionScanner
2021-08-10 12:15:41,496 [Datanode State Machine Thread - 0] WARN  statemachine.StateContext (StateContext.java:execute(621)) - No available thread in pool for past 0 seconds.
2021-08-10 12:15:41,498 [Datanode State Machine Thread - 0] WARN  statemachine.StateContext (StateContext.java:execute(621)) - No available thread in pool for past 0 seconds.
2021-08-10 12:15:41,547 [SCMBlockDeletingService#0] DEBUG block.SCMBlockDeletingService (SCMBlockDeletingService.java:call(133)) - Running DeletedBlockTransactionScanner
2021-08-10 12:15:41,565 [Datanode State Machine Thread - 0] WARN  statemachine.StateContext (StateContext.java:execute(621)) - No available thread in pool for past 0 seconds.
2021-08-10 12:15:41,647 [SCMBlockDeletingService#0] DEBUG block.SCMBlockDeletingService (SCMBlockDeletingService.java:call(133)) - Running DeletedBlockTransactionScanner
2021-08-10 12:15:41,751 [SCMBlockDeletingService#0] DEBUG block.SCMBlockDeletingService (SCMBlockDeletingService.java:call(133)) - Running DeletedBlockTransactionScanner
2021-08-10 12:15:41,851 [SCMBlockDeletingService#0] DEBUG block.SCMBlockDeletingService (SCMBlockDeletingService.java:call(133)) - Running DeletedBlockTransactionScanner
2021-08-10 12:15:41,926 [Datanode State Machine Thread - 0] WARN  statemachine.StateContext (StateContext.java:execute(621)) - No available thread in pool for past 0 seconds.
2021-08-10 12:15:41,935 [Datanode State Machine Thread - 0] WARN  statemachine.StateContext (StateContext.java:execute(621)) - No available thread in pool for past 0 seconds.
2021-08-10 12:15:41,951 [SCMBlockDeletingService#0] DEBUG block.SCMBlockDeletingService (SCMBlockDeletingService.java:call(133)) - Running DeletedBlockTransactionScanner
2021-08-10 12:15:41,959 [Datanode State Machine Thread - 0] WARN  statemachine.StateContext (StateContext.java:execute(621)) - No available thread in pool for past 0 seconds.
2021-08-10 12:15:42,051 [SCMBlockDeletingService#0] DEBUG block.SCMBlockDeletingService (SCMBlockDeletingService.java:call(133)) - Running DeletedBlockTransactionScanner
2021-08-10 12:15:42,154 [SCMBlockDeletingService#0] DEBUG block.SCMBlockDeletingService (SCMBlockDeletingService.java:call(133)) - Running DeletedBlockTransactionScanner
2021-08-10 12:15:42,255 [SCMBlockDeletingService#0] DEBUG block.SCMBlockDeletingService (SCMBlockDeletingService.java:call(133)) - Running DeletedBlockTransactionScanner
2021-08-10 12:15:42,358 [SCMBlockDeletingService#0] DEBUG block.SCMBlockDeletingService (SCMBlockDeletingService.java:call(133)) - Running DeletedBlockTransactionScanner
2021-08-10 12:15:42,458 [SCMBlockDeletingService#0] DEBUG block.SCMBlockDeletingService (SCMBlockDeletingService.java:call(133)) - Running DeletedBlockTransactionScanner
2021-08-10 12:15:42,558 [SCMBlockDeletingService#0] DEBUG block.SCMBlockDeletingService (SCMBlockDeletingService.java:call(133)) - Running DeletedBlockTransactionScanner
2021-08-10 12:15:42,658 [SCMBlockDeletingService#0] DEBUG block.SCMBlockDeletingService (SCMBlockDeletingService.java:call(133)) - Running DeletedBlockTransactionScanner
2021-08-10 12:15:42,758 [SCMBlockDeletingService#0] DEBUG block.SCMBlockDeletingService (SCMBlockDeletingService.java:call(133)) - Running DeletedBlockTransactionScanner
2021-08-10 12:15:42,883 [SCMBlockDeletingService#0] DEBUG block.SCMBlockDeletingService (SCMBlockDeletingService.java:call(133)) - Running DeletedBlockTransactionScanner
2021-08-10 12:15:42,983 [SCMBlockDeletingService#0] DEBUG block.SCMBlockDeletingService (SCMBlockDeletingService.java:call(133)) - Running DeletedBlockTransactionScanner
2021-08-10 12:15:43,083 [SCMBlockDeletingService#0] DEBUG block.SCMBlockDeletingService (SCMBlockDeletingService.java:call(133)) - Running DeletedBlockTransactionScanner
2021-08-10 12:15:43,183 [SCMBlockDeletingService#0] DEBUG block.SCMBlockDeletingService (SCMBlockDeletingService.java:call(133)) - Running DeletedBlockTransactionScanner
2021-08-10 12:15:43,283 [SCMBlockDeletingService#0] DEBUG block.SCMBlockDeletingService (SCMBlockDeletingService.java:call(133)) - Running DeletedBlockTransactionScanner
2021-08-10 12:15:43,383 [SCMBlockDeletingService#0] DEBUG block.SCMBlockDeletingService (SCMBlockDeletingService.java:call(133)) - Running DeletedBlockTransactionScanner
2021-08-10 12:15:43,483 [SCMBlockDeletingService#0] DEBUG block.SCMBlockDeletingService (SCMBlockDeletingService.java:call(133)) - Running DeletedBlockTransactionScanner
2021-08-10 12:15:43,583 [SCMBlockDeletingService#0] DEBUG block.SCMBlockDeletingService (SCMBlockDeletingService.java:call(133)) - Running DeletedBlockTransactionScanner
2021-08-10 12:15:43,685 [SCMBlockDeletingService#0] DEBUG block.SCMBlockDeletingService (SCMBlockDeletingService.java:call(133)) - Running DeletedBlockTransactionScanner
2021-08-10 12:15:43,785 [SCMBlockDeletingService#0] DEBUG block.SCMBlockDeletingService (SCMBlockDeletingService.java:call(133)) - Running DeletedBlockTransactionScanner
2021-08-10 12:15:43,885 [SCMBlockDeletingService#0] DEBUG block.SCMBlockDeletingService (SCMBlockDeletingService.java:call(133)) - Running DeletedBlockTransactionScanner
2021-08-10 12:15:43,985 [SCMBlockDeletingService#0] DEBUG block.SCMBlockDeletingService (SCMBlockDeletingService.java:call(133)) - Running DeletedBlockTransactionScanner
2021-08-10 12:15:44,085 [SCMBlockDeletingService#0] DEBUG block.SCMBlockDeletingService (SCMBlockDeletingService.java:call(133)) - Running DeletedBlockTransactionScanner
2021-08-10 12:15:44,185 [SCMBlockDeletingService#0] DEBUG block.SCMBlockDeletingService (SCMBlockDeletingService.java:call(133)) - Running DeletedBlockTransactionScanner
2021-08-10 12:15:44,285 [SCMBlockDeletingService#0] DEBUG block.SCMBlockDeletingService (SCMBlockDeletingService.java:call(133)) - Running DeletedBlockTransactionScanner
2021-08-10 12:15:44,386 [SCMBlockDeletingService#0] DEBUG block.SCMBlockDeletingService (SCMBlockDeletingService.java:call(133)) - Running DeletedBlockTransactionScanner
2021-08-10 12:15:44,486 [SCMBlockDeletingService#0] DEBUG block.SCMBlockDeletingService (SCMBlockDeletingService.java:call(133)) - Running DeletedBlockTransactionScanner
2021-08-10 12:15:44,586 [SCMBlockDeletingService#0] DEBUG block.SCMBlockDeletingService (SCMBlockDeletingService.java:call(133)) - Running DeletedBlockTransactionScanner
2021-08-10 12:15:44,686 [SCMBlockDeletingService#0] DEBUG block.SCMBlockDeletingService (SCMBlockDeletingService.java:call(133)) - Running DeletedBlockTransactionScanner
2021-08-10 12:15:44,786 [SCMBlockDeletingService#0] DEBUG block.SCMBlockDeletingService (SCMBlockDeletingService.java:call(133)) - Running DeletedBlockTransactionScanner
2021-08-10 12:15:44,886 [SCMBlockDeletingService#0] DEBUG block.SCMBlockDeletingService (SCMBlockDeletingService.java:call(133)) - Running DeletedBlockTransactionScanner
2021-08-10 12:15:44,910 [Datanode State Machine Thread - 0] WARN  statemachine.StateContext (StateContext.java:execute(621)) - No available thread in pool for past 0 seconds.
2021-08-10 12:15:44,917 [Datanode State Machine Thread - 0] WARN  statemachine.StateContext (StateContext.java:execute(621)) - No available thread in pool for past 0 seconds.
2021-08-10 12:15:44,953 [Datanode State Machine Thread - 0] WARN  statemachine.StateContext (StateContext.java:execute(621)) - No available thread in pool for past 0 seconds.
2021-08-10 12:15:44,986 [SCMBlockDeletingService#0] DEBUG block.SCMBlockDeletingService (SCMBlockDeletingService.java:call(133)) - Running DeletedBlockTransactionScanner
2021-08-10 12:15:45,086 [SCMBlockDeletingService#0] DEBUG block.SCMBlockDeletingService (SCMBlockDeletingService.java:call(133)) - Running DeletedBlockTransactionScanner
2021-08-10 12:15:45,186 [SCMBlockDeletingService#0] DEBUG block.SCMBlockDeletingService (SCMBlockDeletingService.java:call(133)) - Running DeletedBlockTransactionScanner
2021-08-10 12:15:45,286 [SCMBlockDeletingService#0] DEBUG block.SCMBlockDeletingService (SCMBlockDeletingService.java:call(133)) - Running DeletedBlockTransactionScanner
2021-08-10 12:15:45,386 [SCMBlockDeletingService#0] DEBUG block.SCMBlockDeletingService (SCMBlockDeletingService.java:call(133)) - Running DeletedBlockTransactionScanner
2021-08-10 12:15:45,477 [Datanode State Machine Thread - 0] WARN  statemachine.StateContext (StateContext.java:execute(621)) - No available thread in pool for past 0 seconds.
2021-08-10 12:15:45,486 [SCMBlockDeletingService#0] DEBUG block.SCMBlockDeletingService (SCMBlockDeletingService.java:call(133)) - Running DeletedBlockTransactionScanner
2021-08-10 12:15:45,488 [Datanode State Machine Thread - 0] WARN  statemachine.StateContext (StateContext.java:execute(621)) - No available thread in pool for past 0 seconds.
2021-08-10 12:15:45,512 [Datanode State Machine Thread - 0] WARN  statemachine.StateContext (StateContext.java:execute(621)) - No available thread in pool for past 0 seconds.
2021-08-10 12:15:45,587 [SCMBlockDeletingService#0] DEBUG block.SCMBlockDeletingService (SCMBlockDeletingService.java:call(133)) - Running DeletedBlockTransactionScanner
2021-08-10 12:15:45,687 [SCMBlockDeletingService#0] DEBUG block.SCMBlockDeletingService (SCMBlockDeletingService.java:call(133)) - Running DeletedBlockTransactionScanner
2021-08-10 12:15:45,788 [SCMBlockDeletingService#0] DEBUG block.SCMBlockDeletingService (SCMBlockDeletingService.java:call(133)) - Running DeletedBlockTransactionScanner
2021-08-10 12:15:45,881 [Datanode State Machine Thread - 0] WARN  statemachine.StateContext (StateContext.java:execute(621)) - No available thread in pool for past 0 seconds.
2021-08-10 12:15:45,881 [Datanode State Machine Thread - 0] WARN  statemachine.StateContext (StateContext.java:execute(621)) - No available thread in pool for past 0 seconds.
2021-08-10 12:15:45,884 [Datanode State Machine Thread - 0] WARN  statemachine.StateContext (StateContext.java:execute(621)) - No available thread in pool for past 0 seconds.
2021-08-10 12:15:45,888 [SCMBlockDeletingService#0] DEBUG block.SCMBlockDeletingService (SCMBlockDeletingService.java:call(133)) - Running DeletedBlockTransactionScanner
2021-08-10 12:15:45,988 [SCMBlockDeletingService#0] DEBUG block.SCMBlockDeletingService (SCMBlockDeletingService.java:call(133)) - Running DeletedBlockTransactionScanner
2021-08-10 12:15:46,088 [SCMBlockDeletingService#0] DEBUG block.SCMBlockDeletingService (SCMBlockDeletingService.java:call(133)) - Running DeletedBlockTransactionScanner
2021-08-10 12:15:46,188 [SCMBlockDeletingService#0] DEBUG block.SCMBlockDeletingService (SCMBlockDeletingService.java:call(133)) - Running DeletedBlockTransactionScanner
2021-08-10 12:15:46,236 [Datanode State Machine Thread - 0] WARN  statemachine.StateContext (StateContext.java:execute(621)) - No available thread in pool for past 0 seconds.
2021-08-10 12:15:46,236 [Datanode State Machine Thread - 0] WARN  statemachine.StateContext (StateContext.java:execute(621)) - No available thread in pool for past 0 seconds.
2021-08-10 12:15:46,238 [Datanode State Machine Thread - 0] WARN  statemachine.StateContext (StateContext.java:execute(621)) - No available thread in pool for past 0 seconds.
2021-08-10 12:15:46,288 [SCMBlockDeletingService#0] DEBUG block.SCMBlockDeletingService (SCMBlockDeletingService.java:call(133)) - Running DeletedBlockTransactionScanner
2021-08-10 12:15:46,388 [SCMBlockDeletingService#0] DEBUG block.SCMBlockDeletingService (SCMBlockDeletingService.java:call(133)) - Running DeletedBlockTransactionScanner
2021-08-10 12:15:46,488 [SCMBlockDeletingService#0] DEBUG block.SCMBlockDeletingService (SCMBlockDeletingService.java:call(133)) - Running DeletedBlockTransactionScanner
2021-08-10 12:15:46,588 [SCMBlockDeletingService#0] DEBUG block.SCMBlockDeletingService (SCMBlockDeletingService.java:call(133)) - Running DeletedBlockTransactionScanner
2021-08-10 12:15:46,689 [SCMBlockDeletingService#0] DEBUG block.SCMBlockDeletingService (SCMBlockDeletingService.java:call(133)) - Running DeletedBlockTransactionScanner
2021-08-10 12:15:46,730 [Datanode State Machine Thread - 0] WARN  statemachine.StateContext (StateContext.java:execute(621)) - No available thread in pool for past 0 seconds.
2021-08-10 12:15:46,753 [Datanode State Machine Thread - 0] WARN  statemachine.StateContext (StateContext.java:execute(621)) - No available thread in pool for past 0 seconds.
2021-08-10 12:15:46,755 [Datanode State Machine Thread - 0] WARN  statemachine.StateContext (StateContext.java:execute(621)) - No available thread in pool for past 0 seconds.
2021-08-10 12:15:46,789 [SCMBlockDeletingService#0] DEBUG block.SCMBlockDeletingService (SCMBlockDeletingService.java:call(133)) - Running DeletedBlockTransactionScanner
2021-08-10 12:15:46,889 [SCMBlockDeletingService#0] DEBUG block.SCMBlockDeletingService (SCMBlockDeletingService.java:call(133)) - Running DeletedBlockTransactionScanner
2021-08-10 12:15:46,989 [SCMBlockDeletingService#0] DEBUG block.SCMBlockDeletingService (SCMBlockDeletingService.java:call(133)) - Running DeletedBlockTransactionScanner
2021-08-10 12:15:47,066 [Datanode State Machine Thread - 0] WARN  statemachine.StateContext (StateContext.java:execute(621)) - No available thread in pool for past 0 seconds.
2021-08-10 12:15:47,069 [Datanode State Machine Thread - 0] WARN  statemachine.StateContext (StateContext.java:execute(621)) - No available thread in pool for past 0 seconds.
2021-08-10 12:15:47,089 [SCMBlockDeletingService#0] DEBUG block.SCMBlockDeletingService (SCMBlockDeletingService.java:call(133)) - Running DeletedBlockTransactionScanner
2021-08-10 12:15:47,189 [SCMBlockDeletingService#0] DEBUG block.SCMBlockDeletingService (SCMBlockDeletingService.java:call(133)) - Running DeletedBlockTransactionScanner
2021-08-10 12:15:47,292 [SCMBlockDeletingService#0] DEBUG block.SCMBlockDeletingService (SCMBlockDeletingService.java:call(133)) - Running DeletedBlockTransactionScanner
2021-08-10 12:15:47,392 [SCMBlockDeletingService#0] DEBUG block.SCMBlockDeletingService (SCMBlockDeletingService.java:call(133)) - Running DeletedBlockTransactionScanner
2021-08-10 12:15:47,455 [Datanode State Machine Thread - 0] WARN  statemachine.StateContext (StateContext.java:execute(621)) - No available thread in pool for past 0 seconds.
2021-08-10 12:15:47,472 [Datanode State Machine Thread - 0] WARN  statemachine.StateContext (StateContext.java:execute(621)) - No available thread in pool for past 0 seconds.
2021-08-10 12:15:47,475 [Datanode State Machine Thread - 0] WARN  statemachine.StateContext (StateContext.java:execute(621)) - No available thread in pool for past 0 seconds.
2021-08-10 12:15:47,493 [SCMBlockDeletingService#0] DEBUG block.SCMBlockDeletingService (SCMBlockDeletingService.java:call(133)) - Running DeletedBlockTransactionScanner
2021-08-10 12:15:47,593 [SCMBlockDeletingService#0] DEBUG block.SCMBlockDeletingService (SCMBlockDeletingService.java:call(133)) - Running DeletedBlockTransactionScanner
2021-08-10 12:15:47,693 [SCMBlockDeletingService#0] DEBUG block.SCMBlockDeletingService (SCMBlockDeletingService.java:call(133)) - Running DeletedBlockTransactionScanner
2021-08-10 12:15:47,793 [SCMBlockDeletingService#0] DEBUG block.SCMBlockDeletingService (SCMBlockDeletingService.java:call(133)) - Running DeletedBlockTransactionScanner
2021-08-10 12:15:47,893 [SCMBlockDeletingService#0] DEBUG block.SCMBlockDeletingService (SCMBlockDeletingService.java:call(133)) - Running DeletedBlockTransactionScanner
2021-08-10 12:15:47,994 [SCMBlockDeletingService#0] DEBUG block.SCMBlockDeletingService (SCMBlockDeletingService.java:call(133)) - Running DeletedBlockTransactionScanner
2021-08-10 12:15:48,035 [Datanode State Machine Thread - 0] WARN  statemachine.StateContext (StateContext.java:execute(621)) - No available thread in pool for past 0 seconds.
2021-08-10 12:15:48,039 [Datanode State Machine Thread - 0] WARN  statemachine.StateContext (StateContext.java:execute(621)) - No available thread in pool for past 0 seconds.
2021-08-10 12:15:48,041 [Datanode State Machine Thread - 0] WARN  statemachine.StateContext (StateContext.java:execute(621)) - No available thread in pool for past 0 seconds.
2021-08-10 12:15:48,094 [SCMBlockDeletingService#0] DEBUG block.SCMBlockDeletingService (SCMBlockDeletingService.java:call(133)) - Running DeletedBlockTransactionScanner
2021-08-10 12:15:48,196 [SCMBlockDeletingService#0] DEBUG block.SCMBlockDeletingService (SCMBlockDeletingService.java:call(133)) - Running DeletedBlockTransactionScanner
2021-08-10 12:15:48,296 [SCMBlockDeletingService#0] DEBUG block.SCMBlockDeletingService (SCMBlockDeletingService.java:call(133)) - Running DeletedBlockTransactionScanner
2021-08-10 12:15:48,396 [SCMBlockDeletingService#0] DEBUG block.SCMBlockDeletingService (SCMBlockDeletingService.java:call(133)) - Running DeletedBlockTransactionScanner
2021-08-10 12:15:48,404 [Datanode State Machine Thread - 0] WARN  statemachine.StateContext (StateContext.java:execute(621)) - No available thread in pool for past 0 seconds.
2021-08-10 12:15:48,409 [Datanode State Machine Thread - 0] WARN  statemachine.StateContext (StateContext.java:execute(621)) - No available thread in pool for past 0 seconds.
2021-08-10 12:15:48,411 [Datanode State Machine Thread - 0] WARN  statemachine.StateContext (StateContext.java:execute(621)) - No available thread in pool for past 0 seconds.
2021-08-10 12:15:48,496 [SCMBlockDeletingService#0] DEBUG block.SCMBlockDeletingService (SCMBlockDeletingService.java:call(133)) - Running DeletedBlockTransactionScanner
2021-08-10 12:15:48,596 [SCMBlockDeletingService#0] DEBUG block.SCMBlockDeletingService (SCMBlockDeletingService.java:call(133)) - Running DeletedBlockTransactionScanner
2021-08-10 12:15:48,696 [SCMBlockDeletingService#0] DEBUG block.SCMBlockDeletingService (SCMBlockDeletingService.java:call(133)) - Running DeletedBlockTransactionScanner
2021-08-10 12:15:48,796 [SCMBlockDeletingService#0] DEBUG block.SCMBlockDeletingService (SCMBlockDeletingService.java:call(133)) - Running DeletedBlockTransactionScanner
2021-08-10 12:15:48,896 [SCMBlockDeletingService#0] DEBUG block.SCMBlockDeletingService (SCMBlockDeletingService.java:call(133)) - Running DeletedBlockTransactionScanner
2021-08-10 12:15:48,996 [SCMBlockDeletingService#0] DEBUG block.SCMBlockDeletingService (SCMBlockDeletingService.java:call(133)) - Running DeletedBlockTransactionScanner
2021-08-10 12:15:49,041 [Datanode State Machine Thread - 0] WARN  statemachine.StateContext (StateContext.java:execute(621)) - No available thread in pool for past 0 seconds.
2021-08-10 12:15:49,044 [Datanode State Machine Thread - 0] WARN  statemachine.StateContext (StateContext.java:execute(621)) - No available thread in pool for past 0 seconds.
2021-08-10 12:15:49,096 [SCMBlockDeletingService#0] DEBUG block.SCMBlockDeletingService (SCMBlockDeletingService.java:call(133)) - Running DeletedBlockTransactionScanner
2021-08-10 12:15:49,196 [SCMBlockDeletingService#0] DEBUG block.SCMBlockDeletingService (SCMBlockDeletingService.java:call(133)) - Running DeletedBlockTransactionScanner
2021-08-10 12:15:49,296 [SCMBlockDeletingService#0] DEBUG block.SCMBlockDeletingService (SCMBlockDeletingService.java:call(133)) - Running DeletedBlockTransactionScanner
2021-08-10 12:15:49,397 [SCMBlockDeletingService#0] DEBUG block.SCMBlockDeletingService (SCMBlockDeletingService.java:call(133)) - Running DeletedBlockTransactionScanner
2021-08-10 12:15:49,497 [SCMBlockDeletingService#0] DEBUG block.SCMBlockDeletingService (SCMBlockDeletingService.java:call(133)) - Running DeletedBlockTransactionScanner
2021-08-10 12:15:49,597 [SCMBlockDeletingService#0] DEBUG block.SCMBlockDeletingService (SCMBlockDeletingService.java:call(133)) - Running DeletedBlockTransactionScanner
2021-08-10 12:15:49,697 [SCMBlockDeletingService#0] DEBUG block.SCMBlockDeletingService (SCMBlockDeletingService.java:call(133)) - Running DeletedBlockTransactionScanner
2021-08-10 12:15:49,797 [SCMBlockDeletingService#0] DEBUG block.SCMBlockDeletingService (SCMBlockDeletingService.java:call(133)) - Running DeletedBlockTransactionScanner
2021-08-10 12:15:49,897 [SCMBlockDeletingService#0] DEBUG block.SCMBlockDeletingService (SCMBlockDeletingService.java:call(133)) - Running DeletedBlockTransactionScanner
2021-08-10 12:15:49,997 [SCMBlockDeletingService#0] DEBUG block.SCMBlockDeletingService (SCMBlockDeletingService.java:call(133)) - Running DeletedBlockTransactionScanner
2021-08-10 12:15:50,097 [SCMBlockDeletingService#0] DEBUG block.SCMBlockDeletingService (SCMBlockDeletingService.java:call(133)) - Running DeletedBlockTransactionScanner
2021-08-10 12:15:50,197 [SCMBlockDeletingService#0] DEBUG block.SCMBlockDeletingService (SCMBlockDeletingService.java:call(133)) - Running DeletedBlockTransactionScanner
2021-08-10 12:15:50,297 [SCMBlockDeletingService#0] DEBUG block.SCMBlockDeletingService (SCMBlockDeletingService.java:call(133)) - Running DeletedBlockTransactionScanner
2021-08-10 12:15:50,397 [SCMBlockDeletingService#0] DEBUG block.SCMBlockDeletingService (SCMBlockDeletingService.java:call(133)) - Running DeletedBlockTransactionScanner
2021-08-10 12:15:50,497 [SCMBlockDeletingService#0] DEBUG block.SCMBlockDeletingService (SCMBlockDeletingService.java:call(133)) - Running DeletedBlockTransactionScanner
2021-08-10 12:15:50,597 [SCMBlockDeletingService#0] DEBUG block.SCMBlockDeletingService (SCMBlockDeletingService.java:call(133)) - Running DeletedBlockTransactionScanner
2021-08-10 12:15:50,697 [SCMBlockDeletingService#0] DEBUG block.SCMBlockDeletingService (SCMBlockDeletingService.java:call(133)) - Running DeletedBlockTransactionScanner
2021-08-10 12:15:50,798 [SCMBlockDeletingService#0] DEBUG block.SCMBlockDeletingService (SCMBlockDeletingService.java:call(133)) - Running DeletedBlockTransactionScanner
2021-08-10 12:15:50,898 [SCMBlockDeletingService#0] DEBUG block.SCMBlockDeletingService (SCMBlockDeletingService.java:call(133)) - Running DeletedBlockTransactionScanner
2021-08-10 12:15:50,998 [SCMBlockDeletingService#0] DEBUG block.SCMBlockDeletingService (SCMBlockDeletingService.java:call(133)) - Running DeletedBlockTransactionScanner
2021-08-10 12:15:51,098 [SCMBlockDeletingService#0] DEBUG block.SCMBlockDeletingService (SCMBlockDeletingService.java:call(133)) - Running DeletedBlockTransactionScanner
2021-08-10 12:15:51,198 [SCMBlockDeletingService#0] DEBUG block.SCMBlockDeletingService (SCMBlockDeletingService.java:call(133)) - Running DeletedBlockTransactionScanner
2021-08-10 12:15:51,299 [SCMBlockDeletingService#0] DEBUG block.SCMBlockDeletingService (SCMBlockDeletingService.java:call(133)) - Running DeletedBlockTransactionScanner
2021-08-10 12:15:51,399 [SCMBlockDeletingService#0] DEBUG block.SCMBlockDeletingService (SCMBlockDeletingService.java:call(133)) - Running DeletedBlockTransactionScanner
2021-08-10 12:15:51,499 [SCMBlockDeletingService#0] DEBUG block.SCMBlockDeletingService (SCMBlockDeletingService.java:call(133)) - Running DeletedBlockTransactionScanner
2021-08-10 12:15:51,599 [SCMBlockDeletingService#0] DEBUG block.SCMBlockDeletingService (SCMBlockDeletingService.java:call(133)) - Running DeletedBlockTransactionScanner
2021-08-10 12:15:51,699 [SCMBlockDeletingService#0] DEBUG block.SCMBlockDeletingService (SCMBlockDeletingService.java:call(133)) - Running DeletedBlockTransactionScanner
2021-08-10 12:15:51,799 [SCMBlockDeletingService#0] DEBUG block.SCMBlockDeletingService (SCMBlockDeletingService.java:call(133)) - Running DeletedBlockTransactionScanner
2021-08-10 12:15:51,899 [SCMBlockDeletingService#0] DEBUG block.SCMBlockDeletingService (SCMBlockDeletingService.java:call(133)) - Running DeletedBlockTransactionScanner
2021-08-10 12:15:51,929 [Datanode State Machine Thread - 0] WARN  statemachine.StateContext (StateContext.java:execute(621)) - No available thread in pool for past 0 seconds.
2021-08-10 12:15:51,931 [Datanode State Machine Thread - 0] WARN  statemachine.StateContext (StateContext.java:execute(621)) - No available thread in pool for past 0 seconds.
2021-08-10 12:15:51,935 [Datanode State Machine Thread - 0] WARN  statemachine.StateContext (StateContext.java:execute(621)) - No available thread in pool for past 0 seconds.
2021-08-10 12:15:51,999 [SCMBlockDeletingService#0] DEBUG block.SCMBlockDeletingService (SCMBlockDeletingService.java:call(133)) - Running DeletedBlockTransactionScanner
2021-08-10 12:15:52,099 [SCMBlockDeletingService#0] DEBUG block.SCMBlockDeletingService (SCMBlockDeletingService.java:call(133)) - Running DeletedBlockTransactionScanner
2021-08-10 12:15:52,200 [SCMBlockDeletingService#0] DEBUG block.SCMBlockDeletingService (SCMBlockDeletingService.java:call(133)) - Running DeletedBlockTransactionScanner
2021-08-10 12:15:52,300 [SCMBlockDeletingService#0] DEBUG block.SCMBlockDeletingService (SCMBlockDeletingService.java:call(133)) - Running DeletedBlockTransactionScanner
2021-08-10 12:15:52,320 [Datanode State Machine Thread - 0] WARN  statemachine.StateContext (StateContext.java:execute(621)) - No available thread in pool for past 0 seconds.
2021-08-10 12:15:52,349 [Datanode State Machine Thread - 0] WARN  statemachine.StateContext (StateContext.java:execute(621)) - No available thread in pool for past 0 seconds.
2021-08-10 12:15:52,350 [Datanode State Machine Thread - 0] WARN  statemachine.StateContext (StateContext.java:execute(621)) - No available thread in pool for past 0 seconds.
2021-08-10 12:15:52,400 [SCMBlockDeletingService#0] DEBUG block.SCMBlockDeletingService (SCMBlockDeletingService.java:call(133)) - Running DeletedBlockTransactionScanner
2021-08-10 12:15:52,500 [SCMBlockDeletingService#0] DEBUG block.SCMBlockDeletingService (SCMBlockDeletingService.java:call(133)) - Running DeletedBlockTransactionScanner
2021-08-10 12:15:52,600 [SCMBlockDeletingService#0] DEBUG block.SCMBlockDeletingService (SCMBlockDeletingService.java:call(133)) - Running DeletedBlockTransactionScanner
2021-08-10 12:15:52,701 [SCMBlockDeletingService#0] DEBUG block.SCMBlockDeletingService (SCMBlockDeletingService.java:call(133)) - Running DeletedBlockTransactionScanner
2021-08-10 12:15:52,801 [SCMBlockDeletingService#0] DEBUG block.SCMBlockDeletingService (SCMBlockDeletingService.java:call(133)) - Running DeletedBlockTransactionScanner
2021-08-10 12:15:52,862 [Datanode State Machine Thread - 0] WARN  statemachine.StateContext (StateContext.java:execute(621)) - No available thread in pool for past 0 seconds.
2021-08-10 12:15:52,863 [Datanode State Machine Thread - 0] WARN  statemachine.StateContext (StateContext.java:execute(621)) - No available thread in pool for past 0 seconds.
2021-08-10 12:15:52,879 [Datanode State Machine Thread - 0] WARN  statemachine.StateContext (StateContext.java:execute(621)) - No available thread in pool for past 0 seconds.
2021-08-10 12:15:52,901 [SCMBlockDeletingService#0] DEBUG block.SCMBlockDeletingService (SCMBlockDeletingService.java:call(133)) - Running DeletedBlockTransactionScanner
2021-08-10 12:15:53,001 [SCMBlockDeletingService#0] DEBUG block.SCMBlockDeletingService (SCMBlockDeletingService.java:call(133)) - Running DeletedBlockTransactionScanner
2021-08-10 12:15:53,101 [SCMBlockDeletingService#0] DEBUG block.SCMBlockDeletingService (SCMBlockDeletingService.java:call(133)) - Running DeletedBlockTransactionScanner
2021-08-10 12:15:53,202 [SCMBlockDeletingService#0] DEBUG block.SCMBlockDeletingService (SCMBlockDeletingService.java:call(133)) - Running DeletedBlockTransactionScanner
2021-08-10 12:15:53,253 [Datanode State Machine Thread - 0] WARN  statemachine.StateContext (StateContext.java:execute(621)) - No available thread in pool for past 0 seconds.
2021-08-10 12:15:53,274 [Datanode State Machine Thread - 0] WARN  statemachine.StateContext (StateContext.java:execute(621)) - No available thread in pool for past 0 seconds.
2021-08-10 12:15:53,302 [SCMBlockDeletingService#0] DEBUG block.SCMBlockDeletingService (SCMBlockDeletingService.java:call(133)) - Running DeletedBlockTransactionScanner
2021-08-10 12:15:53,402 [SCMBlockDeletingService#0] DEBUG block.SCMBlockDeletingService (SCMBlockDeletingService.java:call(133)) - Running DeletedBlockTransactionScanner
2021-08-10 12:15:53,502 [SCMBlockDeletingService#0] DEBUG block.SCMBlockDeletingService (SCMBlockDeletingService.java:call(133)) - Running DeletedBlockTransactionScanner
2021-08-10 12:15:53,602 [SCMBlockDeletingService#0] DEBUG block.SCMBlockDeletingService (SCMBlockDeletingService.java:call(133)) - Running DeletedBlockTransactionScanner
2021-08-10 12:15:53,702 [SCMBlockDeletingService#0] DEBUG block.SCMBlockDeletingService (SCMBlockDeletingService.java:call(133)) - Running DeletedBlockTransactionScanner
2021-08-10 12:15:53,802 [SCMBlockDeletingService#0] DEBUG block.SCMBlockDeletingService (SCMBlockDeletingService.java:call(133)) - Running DeletedBlockTransactionScanner
2021-08-10 12:15:53,902 [SCMBlockDeletingService#0] DEBUG block.SCMBlockDeletingService (SCMBlockDeletingService.java:call(133)) - Running DeletedBlockTransactionScanner
2021-08-10 12:15:54,002 [SCMBlockDeletingService#0] DEBUG block.SCMBlockDeletingService (SCMBlockDeletingService.java:call(133)) - Running DeletedBlockTransactionScanner
2021-08-10 12:15:54,102 [SCMBlockDeletingService#0] DEBUG block.SCMBlockDeletingService (SCMBlockDeletingService.java:call(133)) - Running DeletedBlockTransactionScanner
2021-08-10 12:15:54,203 [SCMBlockDeletingService#0] DEBUG block.SCMBlockDeletingService (SCMBlockDeletingService.java:call(133)) - Running DeletedBlockTransactionScanner
2021-08-10 12:15:54,303 [SCMBlockDeletingService#0] DEBUG block.SCMBlockDeletingService (SCMBlockDeletingService.java:call(133)) - Running DeletedBlockTransactionScanner
2021-08-10 12:15:54,403 [SCMBlockDeletingService#0] DEBUG block.SCMBlockDeletingService (SCMBlockDeletingService.java:call(133)) - Running DeletedBlockTransactionScanner
2021-08-10 12:15:54,503 [SCMBlockDeletingService#0] DEBUG block.SCMBlockDeletingService (SCMBlockDeletingService.java:call(133)) - Running DeletedBlockTransactionScanner
2021-08-10 12:15:54,603 [SCMBlockDeletingService#0] DEBUG block.SCMBlockDeletingService (SCMBlockDeletingService.java:call(133)) - Running DeletedBlockTransactionScanner
2021-08-10 12:15:54,703 [SCMBlockDeletingService#0] DEBUG block.SCMBlockDeletingService (SCMBlockDeletingService.java:call(133)) - Running DeletedBlockTransactionScanner
2021-08-10 12:15:54,806 [SCMBlockDeletingService#0] DEBUG block.SCMBlockDeletingService (SCMBlockDeletingService.java:call(133)) - Running DeletedBlockTransactionScanner
2021-08-10 12:15:54,907 [SCMBlockDeletingService#0] DEBUG block.SCMBlockDeletingService (SCMBlockDeletingService.java:call(133)) - Running DeletedBlockTransactionScanner
2021-08-10 12:15:54,934 [Datanode State Machine Thread - 0] WARN  statemachine.StateContext (StateContext.java:execute(621)) - No available thread in pool for past 0 seconds.
2021-08-10 12:15:54,937 [Datanode State Machine Thread - 0] WARN  statemachine.StateContext (StateContext.java:execute(621)) - No available thread in pool for past 0 seconds.
2021-08-10 12:15:54,959 [Datanode State Machine Thread - 0] WARN  statemachine.StateContext (StateContext.java:execute(621)) - No available thread in pool for past 0 seconds.
2021-08-10 12:15:55,007 [SCMBlockDeletingService#0] DEBUG block.SCMBlockDeletingService (SCMBlockDeletingService.java:call(133)) - Running DeletedBlockTransactionScanner
2021-08-10 12:15:55,107 [SCMBlockDeletingService#0] DEBUG block.SCMBlockDeletingService (SCMBlockDeletingService.java:call(133)) - Running DeletedBlockTransactionScanner
2021-08-10 12:15:55,207 [SCMBlockDeletingService#0] DEBUG block.SCMBlockDeletingService (SCMBlockDeletingService.java:call(133)) - Running DeletedBlockTransactionScanner
2021-08-10 12:15:55,308 [SCMBlockDeletingService#0] DEBUG block.SCMBlockDeletingService (SCMBlockDeletingService.java:call(133)) - Running DeletedBlockTransactionScanner
2021-08-10 12:15:55,408 [SCMBlockDeletingService#0] DEBUG block.SCMBlockDeletingService (SCMBlockDeletingService.java:call(133)) - Running DeletedBlockTransactionScanner
2021-08-10 12:15:55,508 [SCMBlockDeletingService#0] DEBUG block.SCMBlockDeletingService (SCMBlockDeletingService.java:call(133)) - Running DeletedBlockTransactionScanner
2021-08-10 12:15:55,609 [SCMBlockDeletingService#0] DEBUG block.SCMBlockDeletingService (SCMBlockDeletingService.java:call(133)) - Running DeletedBlockTransactionScanner
2021-08-10 12:15:55,709 [SCMBlockDeletingService#0] DEBUG block.SCMBlockDeletingService (SCMBlockDeletingService.java:call(133)) - Running DeletedBlockTransactionScanner
2021-08-10 12:15:55,823 [SCMBlockDeletingService#0] DEBUG block.SCMBlockDeletingService (SCMBlockDeletingService.java:call(133)) - Running DeletedBlockTransactionScanner
2021-08-10 12:15:55,923 [SCMBlockDeletingService#0] DEBUG block.SCMBlockDeletingService (SCMBlockDeletingService.java:call(133)) - Running DeletedBlockTransactionScanner
2021-08-10 12:15:56,023 [SCMBlockDeletingService#0] DEBUG block.SCMBlockDeletingService (SCMBlockDeletingService.java:call(133)) - Running DeletedBlockTransactionScanner
2021-08-10 12:15:56,123 [SCMBlockDeletingService#0] DEBUG block.SCMBlockDeletingService (SCMBlockDeletingService.java:call(133)) - Running DeletedBlockTransactionScanner
2021-08-10 12:15:56,225 [SCMBlockDeletingService#0] DEBUG block.SCMBlockDeletingService (SCMBlockDeletingService.java:call(133)) - Running DeletedBlockTransactionScanner
2021-08-10 12:15:56,325 [SCMBlockDeletingService#0] DEBUG block.SCMBlockDeletingService (SCMBlockDeletingService.java:call(133)) - Running DeletedBlockTransactionScanner
2021-08-10 12:15:56,425 [SCMBlockDeletingService#0] DEBUG block.SCMBlockDeletingService (SCMBlockDeletingService.java:call(133)) - Running DeletedBlockTransactionScanner
2021-08-10 12:15:56,526 [SCMBlockDeletingService#0] DEBUG block.SCMBlockDeletingService (SCMBlockDeletingService.java:call(133)) - Running DeletedBlockTransactionScanner
2021-08-10 12:15:56,626 [SCMBlockDeletingService#0] DEBUG block.SCMBlockDeletingService (SCMBlockDeletingService.java:call(133)) - Running DeletedBlockTransactionScanner
2021-08-10 12:15:56,726 [SCMBlockDeletingService#0] DEBUG block.SCMBlockDeletingService (SCMBlockDeletingService.java:call(133)) - Running DeletedBlockTransactionScanner
2021-08-10 12:15:56,828 [SCMBlockDeletingService#0] DEBUG block.SCMBlockDeletingService (SCMBlockDeletingService.java:call(133)) - Running DeletedBlockTransactionScanner
2021-08-10 12:15:56,928 [SCMBlockDeletingService#0] DEBUG block.SCMBlockDeletingService (SCMBlockDeletingService.java:call(133)) - Running DeletedBlockTransactionScanner
2021-08-10 12:15:57,028 [SCMBlockDeletingService#0] DEBUG block.SCMBlockDeletingService (SCMBlockDeletingService.java:call(133)) - Running DeletedBlockTransactionScanner
2021-08-10 12:15:57,128 [SCMBlockDeletingService#0] DEBUG block.SCMBlockDeletingService (SCMBlockDeletingService.java:call(133)) - Running DeletedBlockTransactionScanner
2021-08-10 12:15:57,228 [SCMBlockDeletingService#0] DEBUG block.SCMBlockDeletingService (SCMBlockDeletingService.java:call(133)) - Running DeletedBlockTransactionScanner
2021-08-10 12:15:57,328 [SCMBlockDeletingService#0] DEBUG block.SCMBlockDeletingService (SCMBlockDeletingService.java:call(133)) - Running DeletedBlockTransactionScanner
2021-08-10 12:15:57,428 [SCMBlockDeletingService#0] DEBUG block.SCMBlockDeletingService (SCMBlockDeletingService.java:call(133)) - Running DeletedBlockTransactionScanner
2021-08-10 12:15:57,528 [SCMBlockDeletingService#0] DEBUG block.SCMBlockDeletingService (SCMBlockDeletingService.java:call(133)) - Running DeletedBlockTransactionScanner
2021-08-10 12:15:57,628 [SCMBlockDeletingService#0] DEBUG block.SCMBlockDeletingService (SCMBlockDeletingService.java:call(133)) - Running DeletedBlockTransactionScanner
2021-08-10 12:15:57,728 [SCMBlockDeletingService#0] DEBUG block.SCMBlockDeletingService (SCMBlockDeletingService.java:call(133)) - Running DeletedBlockTransactionScanner
2021-08-10 12:15:57,778 [Datanode State Machine Thread - 0] WARN  statemachine.StateContext (StateContext.java:execute(621)) - No available thread in pool for past 0 seconds.
2021-08-10 12:15:57,781 [Datanode State Machine Thread - 0] WARN  statemachine.StateContext (StateContext.java:execute(621)) - No available thread in pool for past 0 seconds.
2021-08-10 12:15:57,795 [Datanode State Machine Thread - 0] WARN  statemachine.StateContext (StateContext.java:execute(621)) - No available thread in pool for past 0 seconds.
2021-08-10 12:15:57,828 [SCMBlockDeletingService#0] DEBUG block.SCMBlockDeletingService (SCMBlockDeletingService.java:call(133)) - Running DeletedBlockTransactionScanner
2021-08-10 12:15:57,975 [SCMBlockDeletingService#0] DEBUG block.SCMBlockDeletingService (SCMBlockDeletingService.java:call(133)) - Running DeletedBlockTransactionScanner
2021-08-10 12:15:58,075 [SCMBlockDeletingService#0] DEBUG block.SCMBlockDeletingService (SCMBlockDeletingService.java:call(133)) - Running DeletedBlockTransactionScanner
2021-08-10 12:15:58,175 [SCMBlockDeletingService#0] DEBUG block.SCMBlockDeletingService (SCMBlockDeletingService.java:call(133)) - Running DeletedBlockTransactionScanner
2021-08-10 12:15:58,193 [Datanode State Machine Thread - 0] WARN  statemachine.StateContext (StateContext.java:execute(621)) - No available thread in pool for past 0 seconds.
2021-08-10 12:15:58,194 [Datanode State Machine Thread - 0] WARN  statemachine.StateContext (StateContext.java:execute(621)) - No available thread in pool for past 0 seconds.
2021-08-10 12:15:58,194 [Datanode State Machine Thread - 0] WARN  statemachine.StateContext (StateContext.java:execute(621)) - No available thread in pool for past 0 seconds.
2021-08-10 12:15:58,275 [SCMBlockDeletingService#0] DEBUG block.SCMBlockDeletingService (SCMBlockDeletingService.java:call(133)) - Running DeletedBlockTransactionScanner
2021-08-10 12:15:58,375 [SCMBlockDeletingService#0] DEBUG block.SCMBlockDeletingService (SCMBlockDeletingService.java:call(133)) - Running DeletedBlockTransactionScanner
2021-08-10 12:15:58,475 [SCMBlockDeletingService#0] DEBUG block.SCMBlockDeletingService (SCMBlockDeletingService.java:call(133)) - Running DeletedBlockTransactionScanner
2021-08-10 12:15:58,575 [SCMBlockDeletingService#0] DEBUG block.SCMBlockDeletingService (SCMBlockDeletingService.java:call(133)) - Running DeletedBlockTransactionScanner
2021-08-10 12:15:58,676 [SCMBlockDeletingService#0] DEBUG block.SCMBlockDeletingService (SCMBlockDeletingService.java:call(133)) - Running DeletedBlockTransactionScanner
2021-08-10 12:15:58,778 [SCMBlockDeletingService#0] DEBUG block.SCMBlockDeletingService (SCMBlockDeletingService.java:call(133)) - Running DeletedBlockTransactionScanner
2021-08-10 12:15:58,879 [SCMBlockDeletingService#0] DEBUG block.SCMBlockDeletingService (SCMBlockDeletingService.java:call(133)) - Running DeletedBlockTransactionScanner
2021-08-10 12:15:58,979 [SCMBlockDeletingService#0] DEBUG block.SCMBlockDeletingService (SCMBlockDeletingService.java:call(133)) - Running DeletedBlockTransactionScanner
2021-08-10 12:15:59,079 [SCMBlockDeletingService#0] DEBUG block.SCMBlockDeletingService (SCMBlockDeletingService.java:call(133)) - Running DeletedBlockTransactionScanner
2021-08-10 12:15:59,179 [SCMBlockDeletingService#0] DEBUG block.SCMBlockDeletingService (SCMBlockDeletingService.java:call(133)) - Running DeletedBlockTransactionScanner
2021-08-10 12:15:59,279 [SCMBlockDeletingService#0] DEBUG block.SCMBlockDeletingService (SCMBlockDeletingService.java:call(133)) - Running DeletedBlockTransactionScanner
2021-08-10 12:15:59,381 [SCMBlockDeletingService#0] DEBUG block.SCMBlockDeletingService (SCMBlockDeletingService.java:call(133)) - Running DeletedBlockTransactionScanner
2021-08-10 12:15:59,481 [SCMBlockDeletingService#0] DEBUG block.SCMBlockDeletingService (SCMBlockDeletingService.java:call(133)) - Running DeletedBlockTransactionScanner
2021-08-10 12:15:59,581 [SCMBlockDeletingService#0] DEBUG block.SCMBlockDeletingService (SCMBlockDeletingService.java:call(133)) - Running DeletedBlockTransactionScanner
2021-08-10 12:15:59,681 [SCMBlockDeletingService#0] DEBUG block.SCMBlockDeletingService (SCMBlockDeletingService.java:call(133)) - Running DeletedBlockTransactionScanner
2021-08-10 12:15:59,781 [SCMBlockDeletingService#0] DEBUG block.SCMBlockDeletingService (SCMBlockDeletingService.java:call(133)) - Running DeletedBlockTransactionScanner
2021-08-10 12:15:59,881 [SCMBlockDeletingService#0] DEBUG block.SCMBlockDeletingService (SCMBlockDeletingService.java:call(133)) - Running DeletedBlockTransactionScanner
2021-08-10 12:15:59,981 [SCMBlockDeletingService#0] DEBUG block.SCMBlockDeletingService (SCMBlockDeletingService.java:call(133)) - Running DeletedBlockTransactionScanner
2021-08-10 12:16:00,081 [SCMBlockDeletingService#0] DEBUG block.SCMBlockDeletingService (SCMBlockDeletingService.java:call(133)) - Running DeletedBlockTransactionScanner
2021-08-10 12:16:00,181 [SCMBlockDeletingService#0] DEBUG block.SCMBlockDeletingService (SCMBlockDeletingService.java:call(133)) - Running DeletedBlockTransactionScanner
2021-08-10 12:16:00,281 [SCMBlockDeletingService#0] DEBUG block.SCMBlockDeletingService (SCMBlockDeletingService.java:call(133)) - Running DeletedBlockTransactionScanner
2021-08-10 12:16:00,382 [SCMBlockDeletingService#0] DEBUG block.SCMBlockDeletingService (SCMBlockDeletingService.java:call(133)) - Running DeletedBlockTransactionScanner
2021-08-10 12:16:00,482 [SCMBlockDeletingService#0] DEBUG block.SCMBlockDeletingService (SCMBlockDeletingService.java:call(133)) - Running DeletedBlockTransactionScanner
2021-08-10 12:16:00,582 [SCMBlockDeletingService#0] DEBUG block.SCMBlockDeletingService (SCMBlockDeletingService.java:call(133)) - Running DeletedBlockTransactionScanner
2021-08-10 12:16:00,682 [SCMBlockDeletingService#0] DEBUG block.SCMBlockDeletingService (SCMBlockDeletingService.java:call(133)) - Running DeletedBlockTransactionScanner
2021-08-10 12:16:00,782 [SCMBlockDeletingService#0] DEBUG block.SCMBlockDeletingService (SCMBlockDeletingService.java:call(133)) - Running DeletedBlockTransactionScanner
2021-08-10 12:16:00,882 [SCMBlockDeletingService#0] DEBUG block.SCMBlockDeletingService (SCMBlockDeletingService.java:call(133)) - Running DeletedBlockTransactionScanner
2021-08-10 12:16:00,942 [Datanode State Machine Thread - 0] WARN  statemachine.StateContext (StateContext.java:execute(621)) - No available thread in pool for past 0 seconds.
2021-08-10 12:16:00,943 [Datanode State Machine Thread - 0] WARN  statemachine.StateContext (StateContext.java:execute(621)) - No available thread in pool for past 0 seconds.
2021-08-10 12:16:00,982 [SCMBlockDeletingService#0] DEBUG block.SCMBlockDeletingService (SCMBlockDeletingService.java:call(133)) - Running DeletedBlockTransactionScanner
2021-08-10 12:16:00,988 [Datanode State Machine Thread - 0] WARN  statemachine.StateContext (StateContext.java:execute(621)) - No available thread in pool for past 0 seconds.
2021-08-10 12:16:01,083 [SCMBlockDeletingService#0] DEBUG block.SCMBlockDeletingService (SCMBlockDeletingService.java:call(133)) - Running DeletedBlockTransactionScanner
2021-08-10 12:16:01,183 [SCMBlockDeletingService#0] DEBUG block.SCMBlockDeletingService (SCMBlockDeletingService.java:call(133)) - Running DeletedBlockTransactionScanner
2021-08-10 12:16:01,283 [SCMBlockDeletingService#0] DEBUG block.SCMBlockDeletingService (SCMBlockDeletingService.java:call(133)) - Running DeletedBlockTransactionScanner
2021-08-10 12:16:01,383 [SCMBlockDeletingService#0] DEBUG block.SCMBlockDeletingService (SCMBlockDeletingService.java:call(133)) - Running DeletedBlockTransactionScanner
2021-08-10 12:16:01,483 [SCMBlockDeletingService#0] DEBUG block.SCMBlockDeletingService (SCMBlockDeletingService.java:call(133)) - Running DeletedBlockTransactionScanner
2021-08-10 12:16:01,583 [SCMBlockDeletingService#0] DEBUG block.SCMBlockDeletingService (SCMBlockDeletingService.java:call(133)) - Running DeletedBlockTransactionScanner
2021-08-10 12:16:01,683 [SCMBlockDeletingService#0] DEBUG block.SCMBlockDeletingService (SCMBlockDeletingService.java:call(133)) - Running DeletedBlockTransactionScanner
2021-08-10 12:16:01,783 [SCMBlockDeletingService#0] DEBUG block.SCMBlockDeletingService (SCMBlockDeletingService.java:call(133)) - Running DeletedBlockTransactionScanner
2021-08-10 12:16:01,883 [SCMBlockDeletingService#0] DEBUG block.SCMBlockDeletingService (SCMBlockDeletingService.java:call(133)) - Running DeletedBlockTransactionScanner
2021-08-10 12:16:01,983 [SCMBlockDeletingService#0] DEBUG block.SCMBlockDeletingService (SCMBlockDeletingService.java:call(133)) - Running DeletedBlockTransactionScanner
2021-08-10 12:16:02,083 [SCMBlockDeletingService#0] DEBUG block.SCMBlockDeletingService (SCMBlockDeletingService.java:call(133)) - Running DeletedBlockTransactionScanner
2021-08-10 12:16:02,183 [SCMBlockDeletingService#0] DEBUG block.SCMBlockDeletingService (SCMBlockDeletingService.java:call(133)) - Running DeletedBlockTransactionScanner
2021-08-10 12:16:02,284 [SCMBlockDeletingService#0] DEBUG block.SCMBlockDeletingService (SCMBlockDeletingService.java:call(133)) - Running DeletedBlockTransactionScanner
2021-08-10 12:16:02,384 [SCMBlockDeletingService#0] DEBUG block.SCMBlockDeletingService (SCMBlockDeletingService.java:call(133)) - Running DeletedBlockTransactionScanner
2021-08-10 12:16:02,484 [SCMBlockDeletingService#0] DEBUG block.SCMBlockDeletingService (SCMBlockDeletingService.java:call(133)) - Running DeletedBlockTransactionScanner
2021-08-10 12:16:02,584 [SCMBlockDeletingService#0] DEBUG block.SCMBlockDeletingService (SCMBlockDeletingService.java:call(133)) - Running DeletedBlockTransactionScanner
2021-08-10 12:16:02,684 [SCMBlockDeletingService#0] DEBUG block.SCMBlockDeletingService (SCMBlockDeletingService.java:call(133)) - Running DeletedBlockTransactionScanner
2021-08-10 12:16:02,784 [SCMBlockDeletingService#0] DEBUG block.SCMBlockDeletingService (SCMBlockDeletingService.java:call(133)) - Running DeletedBlockTransactionScanner
2021-08-10 12:16:02,886 [SCMBlockDeletingService#0] DEBUG block.SCMBlockDeletingService (SCMBlockDeletingService.java:call(133)) - Running DeletedBlockTransactionScanner
2021-08-10 12:16:02,986 [SCMBlockDeletingService#0] DEBUG block.SCMBlockDeletingService (SCMBlockDeletingService.java:call(133)) - Running DeletedBlockTransactionScanner
2021-08-10 12:16:03,086 [SCMBlockDeletingService#0] DEBUG block.SCMBlockDeletingService (SCMBlockDeletingService.java:call(133)) - Running DeletedBlockTransactionScanner
2021-08-10 12:16:03,186 [SCMBlockDeletingService#0] DEBUG block.SCMBlockDeletingService (SCMBlockDeletingService.java:call(133)) - Running DeletedBlockTransactionScanner
2021-08-10 12:16:03,286 [SCMBlockDeletingService#0] DEBUG block.SCMBlockDeletingService (SCMBlockDeletingService.java:call(133)) - Running DeletedBlockTransactionScanner
2021-08-10 12:16:03,386 [SCMBlockDeletingService#0] DEBUG block.SCMBlockDeletingService (SCMBlockDeletingService.java:call(133)) - Running DeletedBlockTransactionScanner
2021-08-10 12:16:03,486 [SCMBlockDeletingService#0] DEBUG block.SCMBlockDeletingService (SCMBlockDeletingService.java:call(133)) - Running DeletedBlockTransactionScanner
2021-08-10 12:16:03,586 [SCMBlockDeletingService#0] DEBUG block.SCMBlockDeletingService (SCMBlockDeletingService.java:call(133)) - Running DeletedBlockTransactionScanner
2021-08-10 12:16:03,686 [SCMBlockDeletingService#0] DEBUG block.SCMBlockDeletingService (SCMBlockDeletingService.java:call(133)) - Running DeletedBlockTransactionScanner
2021-08-10 12:16:03,786 [SCMBlockDeletingService#0] DEBUG block.SCMBlockDeletingService (SCMBlockDeletingService.java:call(133)) - Running DeletedBlockTransactionScanner
2021-08-10 12:16:03,886 [SCMBlockDeletingService#0] DEBUG block.SCMBlockDeletingService (SCMBlockDeletingService.java:call(133)) - Running DeletedBlockTransactionScanner
2021-08-10 12:16:03,926 [Datanode State Machine Thread - 0] WARN  statemachine.StateContext (StateContext.java:execute(621)) - No available thread in pool for past 0 seconds.
2021-08-10 12:16:03,962 [Datanode State Machine Thread - 0] WARN  statemachine.StateContext (StateContext.java:execute(621)) - No available thread in pool for past 0 seconds.
2021-08-10 12:16:03,962 [Datanode State Machine Thread - 0] WARN  statemachine.StateContext (StateContext.java:execute(621)) - No available thread in pool for past 0 seconds.
2021-08-10 12:16:03,986 [SCMBlockDeletingService#0] DEBUG block.SCMBlockDeletingService (SCMBlockDeletingService.java:call(133)) - Running DeletedBlockTransactionScanner
2021-08-10 12:16:04,086 [SCMBlockDeletingService#0] DEBUG block.SCMBlockDeletingService (SCMBlockDeletingService.java:call(133)) - Running DeletedBlockTransactionScanner
2021-08-10 12:16:04,152 [Datanode State Machine Thread - 0] WARN  statemachine.StateContext (StateContext.java:execute(621)) - No available thread in pool for past 0 seconds.
2021-08-10 12:16:04,155 [Datanode State Machine Thread - 0] WARN  statemachine.StateContext (StateContext.java:execute(621)) - No available thread in pool for past 0 seconds.
2021-08-10 12:16:04,187 [SCMBlockDeletingService#0] DEBUG block.SCMBlockDeletingService (SCMBlockDeletingService.java:call(133)) - Running DeletedBlockTransactionScanner
2021-08-10 12:16:04,200 [Datanode State Machine Thread - 0] WARN  statemachine.StateContext (StateContext.java:execute(621)) - No available thread in pool for past 0 seconds.
2021-08-10 12:16:04,287 [SCMBlockDeletingService#0] DEBUG block.SCMBlockDeletingService (SCMBlockDeletingService.java:call(133)) - Running DeletedBlockTransactionScanner
2021-08-10 12:16:04,394 [SCMBlockDeletingService#0] DEBUG block.SCMBlockDeletingService (SCMBlockDeletingService.java:call(133)) - Running DeletedBlockTransactionScanner
2021-08-10 12:16:04,494 [SCMBlockDeletingService#0] DEBUG block.SCMBlockDeletingService (SCMBlockDeletingService.java:call(133)) - Running DeletedBlockTransactionScanner
2021-08-10 12:16:04,594 [SCMBlockDeletingService#0] DEBUG block.SCMBlockDeletingService (SCMBlockDeletingService.java:call(133)) - Running DeletedBlockTransactionScanner
2021-08-10 12:16:04,694 [SCMBlockDeletingService#0] DEBUG block.SCMBlockDeletingService (SCMBlockDeletingService.java:call(133)) - Running DeletedBlockTransactionScanner
2021-08-10 12:16:04,794 [SCMBlockDeletingService#0] DEBUG block.SCMBlockDeletingService (SCMBlockDeletingService.java:call(133)) - Running DeletedBlockTransactionScanner
2021-08-10 12:16:04,894 [SCMBlockDeletingService#0] DEBUG block.SCMBlockDeletingService (SCMBlockDeletingService.java:call(133)) - Running DeletedBlockTransactionScanner
2021-08-10 12:16:04,994 [SCMBlockDeletingService#0] DEBUG block.SCMBlockDeletingService (SCMBlockDeletingService.java:call(133)) - Running DeletedBlockTransactionScanner
2021-08-10 12:16:05,095 [SCMBlockDeletingService#0] DEBUG block.SCMBlockDeletingService (SCMBlockDeletingService.java:call(133)) - Running DeletedBlockTransactionScanner
2021-08-10 12:16:05,198 [SCMBlockDeletingService#0] DEBUG block.SCMBlockDeletingService (SCMBlockDeletingService.java:call(133)) - Running DeletedBlockTransactionScanner
2021-08-10 12:16:05,298 [SCMBlockDeletingService#0] DEBUG block.SCMBlockDeletingService (SCMBlockDeletingService.java:call(133)) - Running DeletedBlockTransactionScanner
2021-08-10 12:16:05,398 [SCMBlockDeletingService#0] DEBUG block.SCMBlockDeletingService (SCMBlockDeletingService.java:call(133)) - Running DeletedBlockTransactionScanner
2021-08-10 12:16:05,498 [SCMBlockDeletingService#0] DEBUG block.SCMBlockDeletingService (SCMBlockDeletingService.java:call(133)) - Running DeletedBlockTransactionScanner
2021-08-10 12:16:05,598 [SCMBlockDeletingService#0] DEBUG block.SCMBlockDeletingService (SCMBlockDeletingService.java:call(133)) - Running DeletedBlockTransactionScanner
2021-08-10 12:16:05,698 [SCMBlockDeletingService#0] DEBUG block.SCMBlockDeletingService (SCMBlockDeletingService.java:call(133)) - Running DeletedBlockTransactionScanner
2021-08-10 12:16:05,799 [SCMBlockDeletingService#0] DEBUG block.SCMBlockDeletingService (SCMBlockDeletingService.java:call(133)) - Running DeletedBlockTransactionScanner
2021-08-10 12:16:05,899 [SCMBlockDeletingService#0] DEBUG block.SCMBlockDeletingService (SCMBlockDeletingService.java:call(133)) - Running DeletedBlockTransactionScanner
2021-08-10 12:16:05,999 [SCMBlockDeletingService#0] DEBUG block.SCMBlockDeletingService (SCMBlockDeletingService.java:call(133)) - Running DeletedBlockTransactionScanner
2021-08-10 12:16:06,099 [SCMBlockDeletingService#0] DEBUG block.SCMBlockDeletingService (SCMBlockDeletingService.java:call(133)) - Running DeletedBlockTransactionScanner
2021-08-10 12:16:06,200 [SCMBlockDeletingService#0] DEBUG block.SCMBlockDeletingService (SCMBlockDeletingService.java:call(133)) - Running DeletedBlockTransactionScanner
2021-08-10 12:16:06,300 [SCMBlockDeletingService#0] DEBUG block.SCMBlockDeletingService (SCMBlockDeletingService.java:call(133)) - Running DeletedBlockTransactionScanner
2021-08-10 12:16:06,400 [SCMBlockDeletingService#0] DEBUG block.SCMBlockDeletingService (SCMBlockDeletingService.java:call(133)) - Running DeletedBlockTransactionScanner
2021-08-10 12:16:06,511 [SCMBlockDeletingService#0] DEBUG block.SCMBlockDeletingService (SCMBlockDeletingService.java:call(133)) - Running DeletedBlockTransactionScanner
2021-08-10 12:16:06,611 [SCMBlockDeletingService#0] DEBUG block.SCMBlockDeletingService (SCMBlockDeletingService.java:call(133)) - Running DeletedBlockTransactionScanner
2021-08-10 12:16:06,712 [SCMBlockDeletingService#0] DEBUG block.SCMBlockDeletingService (SCMBlockDeletingService.java:call(133)) - Running DeletedBlockTransactionScanner
2021-08-10 12:16:06,812 [SCMBlockDeletingService#0] DEBUG block.SCMBlockDeletingService (SCMBlockDeletingService.java:call(133)) - Running DeletedBlockTransactionScanner
2021-08-10 12:16:06,912 [SCMBlockDeletingService#0] DEBUG block.SCMBlockDeletingService (SCMBlockDeletingService.java:call(133)) - Running DeletedBlockTransactionScanner
2021-08-10 12:16:07,012 [SCMBlockDeletingService#0] DEBUG block.SCMBlockDeletingService (SCMBlockDeletingService.java:call(133)) - Running DeletedBlockTransactionScanner
2021-08-10 12:16:07,017 [Datanode State Machine Thread - 0] WARN  statemachine.StateContext (StateContext.java:execute(621)) - No available thread in pool for past 0 seconds.
2021-08-10 12:16:07,018 [Datanode State Machine Thread - 0] WARN  statemachine.StateContext (StateContext.java:execute(621)) - No available thread in pool for past 0 seconds.
2021-08-10 12:16:07,025 [Datanode State Machine Thread - 0] WARN  statemachine.StateContext (StateContext.java:execute(621)) - No available thread in pool for past 0 seconds.
2021-08-10 12:16:07,112 [SCMBlockDeletingService#0] DEBUG block.SCMBlockDeletingService (SCMBlockDeletingService.java:call(133)) - Running DeletedBlockTransactionScanner
2021-08-10 12:16:07,212 [SCMBlockDeletingService#0] DEBUG block.SCMBlockDeletingService (SCMBlockDeletingService.java:call(133)) - Running DeletedBlockTransactionScanner
2021-08-10 12:16:07,312 [SCMBlockDeletingService#0] DEBUG block.SCMBlockDeletingService (SCMBlockDeletingService.java:call(133)) - Running DeletedBlockTransactionScanner
2021-08-10 12:16:07,324 [Datanode State Machine Thread - 0] WARN  statemachine.StateContext (StateContext.java:execute(621)) - No available thread in pool for past 0 seconds.
2021-08-10 12:16:07,336 [Datanode State Machine Thread - 0] WARN  statemachine.StateContext (StateContext.java:execute(621)) - No available thread in pool for past 0 seconds.
2021-08-10 12:16:07,353 [Datanode State Machine Thread - 0] WARN  statemachine.StateContext (StateContext.java:execute(621)) - No available thread in pool for past 0 seconds.
2021-08-10 12:16:07,412 [SCMBlockDeletingService#0] DEBUG block.SCMBlockDeletingService (SCMBlockDeletingService.java:call(133)) - Running DeletedBlockTransactionScanner
2021-08-10 12:16:07,512 [SCMBlockDeletingService#0] DEBUG block.SCMBlockDeletingService (SCMBlockDeletingService.java:call(133)) - Running DeletedBlockTransactionScanner
2021-08-10 12:16:07,612 [SCMBlockDeletingService#0] DEBUG block.SCMBlockDeletingService (SCMBlockDeletingService.java:call(133)) - Running DeletedBlockTransactionScanner
2021-08-10 12:16:07,712 [SCMBlockDeletingService#0] DEBUG block.SCMBlockDeletingService (SCMBlockDeletingService.java:call(133)) - Running DeletedBlockTransactionScanner
2021-08-10 12:16:07,812 [SCMBlockDeletingService#0] DEBUG block.SCMBlockDeletingService (SCMBlockDeletingService.java:call(133)) - Running DeletedBlockTransactionScanner
2021-08-10 12:16:07,912 [SCMBlockDeletingService#0] DEBUG block.SCMBlockDeletingService (SCMBlockDeletingService.java:call(133)) - Running DeletedBlockTransactionScanner
2021-08-10 12:16:08,013 [SCMBlockDeletingService#0] DEBUG block.SCMBlockDeletingService (SCMBlockDeletingService.java:call(133)) - Running DeletedBlockTransactionScanner
2021-08-10 12:16:08,113 [SCMBlockDeletingService#0] DEBUG block.SCMBlockDeletingService (SCMBlockDeletingService.java:call(133)) - Running DeletedBlockTransactionScanner
2021-08-10 12:16:08,213 [SCMBlockDeletingService#0] DEBUG block.SCMBlockDeletingService (SCMBlockDeletingService.java:call(133)) - Running DeletedBlockTransactionScanner
2021-08-10 12:16:08,313 [SCMBlockDeletingService#0] DEBUG block.SCMBlockDeletingService (SCMBlockDeletingService.java:call(133)) - Running DeletedBlockTransactionScanner
2021-08-10 12:16:08,320 [Datanode State Machine Thread - 0] WARN  statemachine.StateContext (StateContext.java:execute(621)) - No available thread in pool for past 0 seconds.
2021-08-10 12:16:08,321 [Datanode State Machine Thread - 0] WARN  statemachine.StateContext (StateContext.java:execute(621)) - No available thread in pool for past 0 seconds.
2021-08-10 12:16:08,327 [Datanode State Machine Thread - 0] WARN  statemachine.StateContext (StateContext.java:execute(621)) - No available thread in pool for past 0 seconds.
2021-08-10 12:16:08,413 [SCMBlockDeletingService#0] DEBUG block.SCMBlockDeletingService (SCMBlockDeletingService.java:call(133)) - Running DeletedBlockTransactionScanner
2021-08-10 12:16:08,513 [SCMBlockDeletingService#0] DEBUG block.SCMBlockDeletingService (SCMBlockDeletingService.java:call(133)) - Running DeletedBlockTransactionScanner
2021-08-10 12:16:08,627 [SCMBlockDeletingService#0] DEBUG block.SCMBlockDeletingService (SCMBlockDeletingService.java:call(133)) - Running DeletedBlockTransactionScanner
2021-08-10 12:16:08,727 [SCMBlockDeletingService#0] DEBUG block.SCMBlockDeletingService (SCMBlockDeletingService.java:call(133)) - Running DeletedBlockTransactionScanner
2021-08-10 12:16:08,831 [SCMBlockDeletingService#0] DEBUG block.SCMBlockDeletingService (SCMBlockDeletingService.java:call(133)) - Running DeletedBlockTransactionScanner
2021-08-10 12:16:08,931 [SCMBlockDeletingService#0] DEBUG block.SCMBlockDeletingService (SCMBlockDeletingService.java:call(133)) - Running DeletedBlockTransactionScanner
2021-08-10 12:16:09,011 [Datanode State Machine Thread - 0] WARN  statemachine.StateContext (StateContext.java:execute(621)) - No available thread in pool for past 0 seconds.
2021-08-10 12:16:09,015 [Datanode State Machine Thread - 0] WARN  statemachine.StateContext (StateContext.java:execute(621)) - No available thread in pool for past 0 seconds.
2021-08-10 12:16:09,021 [Datanode State Machine Thread - 0] WARN  statemachine.StateContext (StateContext.java:execute(621)) - No available thread in pool for past 0 seconds.
2021-08-10 12:16:09,031 [SCMBlockDeletingService#0] DEBUG block.SCMBlockDeletingService (SCMBlockDeletingService.java:call(133)) - Running DeletedBlockTransactionScanner
2021-08-10 12:16:09,131 [SCMBlockDeletingService#0] DEBUG block.SCMBlockDeletingService (SCMBlockDeletingService.java:call(133)) - Running DeletedBlockTransactionScanner
2021-08-10 12:16:09,231 [SCMBlockDeletingService#0] DEBUG block.SCMBlockDeletingService (SCMBlockDeletingService.java:call(133)) - Running DeletedBlockTransactionScanner
2021-08-10 12:16:09,297 [Datanode State Machine Thread - 0] WARN  statemachine.StateContext (StateContext.java:execute(621)) - No available thread in pool for past 0 seconds.
2021-08-10 12:16:09,297 [Datanode State Machine Thread - 0] WARN  statemachine.StateContext (StateContext.java:execute(621)) - No available thread in pool for past 0 seconds.
2021-08-10 12:16:09,323 [Datanode State Machine Thread - 0] WARN  statemachine.StateContext (StateContext.java:execute(621)) - No available thread in pool for past 0 seconds.
2021-08-10 12:16:09,334 [SCMBlockDeletingService#0] DEBUG block.SCMBlockDeletingService (SCMBlockDeletingService.java:call(133)) - Running DeletedBlockTransactionScanner
2021-08-10 12:16:09,434 [SCMBlockDeletingService#0] DEBUG block.SCMBlockDeletingService (SCMBlockDeletingService.java:call(133)) - Running DeletedBlockTransactionScanner
2021-08-10 12:16:09,534 [SCMBlockDeletingService#0] DEBUG block.SCMBlockDeletingService (SCMBlockDeletingService.java:call(133)) - Running DeletedBlockTransactionScanner
2021-08-10 12:16:09,634 [SCMBlockDeletingService#0] DEBUG block.SCMBlockDeletingService (SCMBlockDeletingService.java:call(133)) - Running DeletedBlockTransactionScanner
2021-08-10 12:16:09,734 [SCMBlockDeletingService#0] DEBUG block.SCMBlockDeletingService (SCMBlockDeletingService.java:call(133)) - Running DeletedBlockTransactionScanner
2021-08-10 12:16:09,753 [Datanode State Machine Thread - 0] WARN  statemachine.StateContext (StateContext.java:execute(621)) - No available thread in pool for past 0 seconds.
2021-08-10 12:16:09,753 [Datanode State Machine Thread - 0] WARN  statemachine.StateContext (StateContext.java:execute(621)) - No available thread in pool for past 0 seconds.
2021-08-10 12:16:09,774 [Datanode State Machine Thread - 0] WARN  statemachine.StateContext (StateContext.java:execute(621)) - No available thread in pool for past 0 seconds.
2021-08-10 12:16:09,834 [SCMBlockDeletingService#0] DEBUG block.SCMBlockDeletingService (SCMBlockDeletingService.java:call(133)) - Running DeletedBlockTransactionScanner
2021-08-10 12:16:09,935 [SCMBlockDeletingService#0] DEBUG block.SCMBlockDeletingService (SCMBlockDeletingService.java:call(133)) - Running DeletedBlockTransactionScanner
2021-08-10 12:16:10,035 [SCMBlockDeletingService#0] DEBUG block.SCMBlockDeletingService (SCMBlockDeletingService.java:call(133)) - Running DeletedBlockTransactionScanner
2021-08-10 12:16:10,135 [SCMBlockDeletingService#0] DEBUG block.SCMBlockDeletingService (SCMBlockDeletingService.java:call(133)) - Running DeletedBlockTransactionScanner
2021-08-10 12:16:10,162 [Datanode State Machine Thread - 0] WARN  statemachine.StateContext (StateContext.java:execute(621)) - No available thread in pool for past 0 seconds.
2021-08-10 12:16:10,164 [Datanode State Machine Thread - 0] WARN  statemachine.StateContext (StateContext.java:execute(621)) - No available thread in pool for past 0 seconds.
2021-08-10 12:16:10,192 [Datanode State Machine Thread - 0] WARN  statemachine.StateContext (StateContext.java:execute(621)) - No available thread in pool for past 0 seconds.
2021-08-10 12:16:10,236 [SCMBlockDeletingService#0] DEBUG block.SCMBlockDeletingService (SCMBlockDeletingService.java:call(133)) - Running DeletedBlockTransactionScanner
2021-08-10 12:16:10,336 [SCMBlockDeletingService#0] DEBUG block.SCMBlockDeletingService (SCMBlockDeletingService.java:call(133)) - Running DeletedBlockTransactionScanner
2021-08-10 12:16:10,436 [SCMBlockDeletingService#0] DEBUG block.SCMBlockDeletingService (SCMBlockDeletingService.java:call(133)) - Running DeletedBlockTransactionScanner
2021-08-10 12:16:10,449 [Datanode State Machine Thread - 0] WARN  statemachine.StateContext (StateContext.java:execute(621)) - No available thread in pool for past 0 seconds.
2021-08-10 12:16:10,456 [Datanode State Machine Thread - 0] WARN  statemachine.StateContext (StateContext.java:execute(621)) - No available thread in pool for past 0 seconds.
2021-08-10 12:16:10,457 [Datanode State Machine Thread - 0] WARN  statemachine.StateContext (StateContext.java:execute(621)) - No available thread in pool for past 0 seconds.
2021-08-10 12:16:10,536 [SCMBlockDeletingService#0] DEBUG block.SCMBlockDeletingService (SCMBlockDeletingService.java:call(133)) - Running DeletedBlockTransactionScanner
2021-08-10 12:16:10,644 [SCMBlockDeletingService#0] DEBUG block.SCMBlockDeletingService (SCMBlockDeletingService.java:call(133)) - Running DeletedBlockTransactionScanner
2021-08-10 12:16:10,744 [SCMBlockDeletingService#0] DEBUG block.SCMBlockDeletingService (SCMBlockDeletingService.java:call(133)) - Running DeletedBlockTransactionScanner
2021-08-10 12:16:10,845 [SCMBlockDeletingService#0] DEBUG block.SCMBlockDeletingService (SCMBlockDeletingService.java:call(133)) - Running DeletedBlockTransactionScanner
2021-08-10 12:16:10,945 [SCMBlockDeletingService#0] DEBUG block.SCMBlockDeletingService (SCMBlockDeletingService.java:call(133)) - Running DeletedBlockTransactionScanner
2021-08-10 12:16:11,045 [SCMBlockDeletingService#0] DEBUG block.SCMBlockDeletingService (SCMBlockDeletingService.java:call(133)) - Running DeletedBlockTransactionScanner
2021-08-10 12:16:11,145 [SCMBlockDeletingService#0] DEBUG block.SCMBlockDeletingService (SCMBlockDeletingService.java:call(133)) - Running DeletedBlockTransactionScanner
2021-08-10 12:16:11,245 [SCMBlockDeletingService#0] DEBUG block.SCMBlockDeletingService (SCMBlockDeletingService.java:call(133)) - Running DeletedBlockTransactionScanner
2021-08-10 12:16:11,345 [SCMBlockDeletingService#0] DEBUG block.SCMBlockDeletingService (SCMBlockDeletingService.java:call(133)) - Running DeletedBlockTransactionScanner
2021-08-10 12:16:11,445 [SCMBlockDeletingService#0] DEBUG block.SCMBlockDeletingService (SCMBlockDeletingService.java:call(133)) - Running DeletedBlockTransactionScanner
2021-08-10 12:16:11,545 [SCMBlockDeletingService#0] DEBUG block.SCMBlockDeletingService (SCMBlockDeletingService.java:call(133)) - Running DeletedBlockTransactionScanner
2021-08-10 12:16:11,645 [SCMBlockDeletingService#0] DEBUG block.SCMBlockDeletingService (SCMBlockDeletingService.java:call(133)) - Running DeletedBlockTransactionScanner
2021-08-10 12:16:11,745 [SCMBlockDeletingService#0] DEBUG block.SCMBlockDeletingService (SCMBlockDeletingService.java:call(133)) - Running DeletedBlockTransactionScanner
2021-08-10 12:16:11,845 [SCMBlockDeletingService#0] DEBUG block.SCMBlockDeletingService (SCMBlockDeletingService.java:call(133)) - Running DeletedBlockTransactionScanner
2021-08-10 12:16:11,946 [SCMBlockDeletingService#0] DEBUG block.SCMBlockDeletingService (SCMBlockDeletingService.java:call(133)) - Running DeletedBlockTransactionScanner
2021-08-10 12:16:12,046 [SCMBlockDeletingService#0] DEBUG block.SCMBlockDeletingService (SCMBlockDeletingService.java:call(133)) - Running DeletedBlockTransactionScanner
2021-08-10 12:16:12,146 [SCMBlockDeletingService#0] DEBUG block.SCMBlockDeletingService (SCMBlockDeletingService.java:call(133)) - Running DeletedBlockTransactionScanner
2021-08-10 12:16:12,246 [SCMBlockDeletingService#0] DEBUG block.SCMBlockDeletingService (SCMBlockDeletingService.java:call(133)) - Running DeletedBlockTransactionScanner
2021-08-10 12:16:12,346 [SCMBlockDeletingService#0] DEBUG block.SCMBlockDeletingService (SCMBlockDeletingService.java:call(133)) - Running DeletedBlockTransactionScanner
2021-08-10 12:16:12,448 [SCMBlockDeletingService#0] DEBUG block.SCMBlockDeletingService (SCMBlockDeletingService.java:call(133)) - Running DeletedBlockTransactionScanner
2021-08-10 12:16:12,550 [SCMBlockDeletingService#0] DEBUG block.SCMBlockDeletingService (SCMBlockDeletingService.java:call(133)) - Running DeletedBlockTransactionScanner
2021-08-10 12:16:12,651 [SCMBlockDeletingService#0] DEBUG block.SCMBlockDeletingService (SCMBlockDeletingService.java:call(133)) - Running DeletedBlockTransactionScanner
2021-08-10 12:16:12,751 [SCMBlockDeletingService#0] DEBUG block.SCMBlockDeletingService (SCMBlockDeletingService.java:call(133)) - Running DeletedBlockTransactionScanner
2021-08-10 12:16:12,851 [SCMBlockDeletingService#0] DEBUG block.SCMBlockDeletingService (SCMBlockDeletingService.java:call(133)) - Running DeletedBlockTransactionScanner
2021-08-10 12:16:12,951 [SCMBlockDeletingService#0] DEBUG block.SCMBlockDeletingService (SCMBlockDeletingService.java:call(133)) - Running DeletedBlockTransactionScanner
2021-08-10 12:16:13,051 [SCMBlockDeletingService#0] DEBUG block.SCMBlockDeletingService (SCMBlockDeletingService.java:call(133)) - Running DeletedBlockTransactionScanner
2021-08-10 12:16:13,151 [SCMBlockDeletingService#0] DEBUG block.SCMBlockDeletingService (SCMBlockDeletingService.java:call(133)) - Running DeletedBlockTransactionScanner
2021-08-10 12:16:13,251 [SCMBlockDeletingService#0] DEBUG block.SCMBlockDeletingService (SCMBlockDeletingService.java:call(133)) - Running DeletedBlockTransactionScanner
2021-08-10 12:16:13,336 [Datanode State Machine Thread - 0] WARN  statemachine.StateContext (StateContext.java:execute(621)) - No available thread in pool for past 0 seconds.
2021-08-10 12:16:13,340 [Datanode State Machine Thread - 0] WARN  statemachine.StateContext (StateContext.java:execute(621)) - No available thread in pool for past 0 seconds.
2021-08-10 12:16:13,351 [SCMBlockDeletingService#0] DEBUG block.SCMBlockDeletingService (SCMBlockDeletingService.java:call(133)) - Running DeletedBlockTransactionScanner
2021-08-10 12:16:13,368 [Datanode State Machine Thread - 0] WARN  statemachine.StateContext (StateContext.java:execute(621)) - No available thread in pool for past 0 seconds.
2021-08-10 12:16:13,451 [SCMBlockDeletingService#0] DEBUG block.SCMBlockDeletingService (SCMBlockDeletingService.java:call(133)) - Running DeletedBlockTransactionScanner
2021-08-10 12:16:13,551 [SCMBlockDeletingService#0] DEBUG block.SCMBlockDeletingService (SCMBlockDeletingService.java:call(133)) - Running DeletedBlockTransactionScanner
2021-08-10 12:16:13,652 [SCMBlockDeletingService#0] DEBUG block.SCMBlockDeletingService (SCMBlockDeletingService.java:call(133)) - Running DeletedBlockTransactionScanner
2021-08-10 12:16:13,752 [SCMBlockDeletingService#0] DEBUG block.SCMBlockDeletingService (SCMBlockDeletingService.java:call(133)) - Running DeletedBlockTransactionScanner
2021-08-10 12:16:13,852 [SCMBlockDeletingService#0] DEBUG block.SCMBlockDeletingService (SCMBlockDeletingService.java:call(133)) - Running DeletedBlockTransactionScanner
2021-08-10 12:16:13,893 [Datanode State Machine Thread - 0] WARN  statemachine.StateContext (StateContext.java:execute(621)) - No available thread in pool for past 0 seconds.
2021-08-10 12:16:13,894 [Datanode State Machine Thread - 0] WARN  statemachine.StateContext (StateContext.java:execute(621)) - No available thread in pool for past 0 seconds.
2021-08-10 12:16:13,894 [Datanode State Machine Thread - 0] WARN  statemachine.StateContext (StateContext.java:execute(621)) - No available thread in pool for past 0 seconds.
2021-08-10 12:16:13,955 [SCMBlockDeletingService#0] DEBUG block.SCMBlockDeletingService (SCMBlockDeletingService.java:call(133)) - Running DeletedBlockTransactionScanner
2021-08-10 12:16:14,056 [SCMBlockDeletingService#0] DEBUG block.SCMBlockDeletingService (SCMBlockDeletingService.java:call(133)) - Running DeletedBlockTransactionScanner
2021-08-10 12:16:14,156 [SCMBlockDeletingService#0] DEBUG block.SCMBlockDeletingService (SCMBlockDeletingService.java:call(133)) - Running DeletedBlockTransactionScanner
2021-08-10 12:16:14,197 [Datanode State Machine Thread - 0] WARN  statemachine.StateContext (StateContext.java:execute(621)) - No available thread in pool for past 0 seconds.
2021-08-10 12:16:14,209 [Datanode State Machine Thread - 0] WARN  statemachine.StateContext (StateContext.java:execute(621)) - No available thread in pool for past 0 seconds.
2021-08-10 12:16:14,210 [Datanode State Machine Thread - 0] WARN  statemachine.StateContext (StateContext.java:execute(621)) - No available thread in pool for past 0 seconds.
2021-08-10 12:16:14,256 [SCMBlockDeletingService#0] DEBUG block.SCMBlockDeletingService (SCMBlockDeletingService.java:call(133)) - Running DeletedBlockTransactionScanner
2021-08-10 12:16:14,356 [SCMBlockDeletingService#0] DEBUG block.SCMBlockDeletingService (SCMBlockDeletingService.java:call(133)) - Running DeletedBlockTransactionScanner
2021-08-10 12:16:14,456 [SCMBlockDeletingService#0] DEBUG block.SCMBlockDeletingService (SCMBlockDeletingService.java:call(133)) - Running DeletedBlockTransactionScanner
2021-08-10 12:16:14,555 [Datanode State Machine Thread - 0] WARN  statemachine.StateContext (StateContext.java:execute(621)) - No available thread in pool for past 0 seconds.
2021-08-10 12:16:14,556 [Datanode State Machine Thread - 0] WARN  statemachine.StateContext (StateContext.java:execute(621)) - No available thread in pool for past 0 seconds.
2021-08-10 12:16:14,557 [SCMBlockDeletingService#0] DEBUG block.SCMBlockDeletingService (SCMBlockDeletingService.java:call(133)) - Running DeletedBlockTransactionScanner
2021-08-10 12:16:14,558 [Datanode State Machine Thread - 0] WARN  statemachine.StateContext (StateContext.java:execute(621)) - No available thread in pool for past 0 seconds.
2021-08-10 12:16:14,657 [SCMBlockDeletingService#0] DEBUG block.SCMBlockDeletingService (SCMBlockDeletingService.java:call(133)) - Running DeletedBlockTransactionScanner
2021-08-10 12:16:14,791 [SCMBlockDeletingService#0] DEBUG block.SCMBlockDeletingService (SCMBlockDeletingService.java:call(133)) - Running DeletedBlockTransactionScanner
2021-08-10 12:16:14,891 [SCMBlockDeletingService#0] DEBUG block.SCMBlockDeletingService (SCMBlockDeletingService.java:call(133)) - Running DeletedBlockTransactionScanner
2021-08-10 12:16:14,941 [Datanode State Machine Thread - 0] WARN  statemachine.StateContext (StateContext.java:execute(621)) - No available thread in pool for past 0 seconds.
2021-08-10 12:16:14,943 [Datanode State Machine Thread - 0] WARN  statemachine.StateContext (StateContext.java:execute(621)) - No available thread in pool for past 0 seconds.
2021-08-10 12:16:14,944 [Datanode State Machine Thread - 0] WARN  statemachine.StateContext (StateContext.java:execute(621)) - No available thread in pool for past 0 seconds.
2021-08-10 12:16:14,991 [SCMBlockDeletingService#0] DEBUG block.SCMBlockDeletingService (SCMBlockDeletingService.java:call(133)) - Running DeletedBlockTransactionScanner
2021-08-10 12:16:15,091 [SCMBlockDeletingService#0] DEBUG block.SCMBlockDeletingService (SCMBlockDeletingService.java:call(133)) - Running DeletedBlockTransactionScanner
2021-08-10 12:16:15,191 [SCMBlockDeletingService#0] DEBUG block.SCMBlockDeletingService (SCMBlockDeletingService.java:call(133)) - Running DeletedBlockTransactionScanner
2021-08-10 12:16:15,291 [SCMBlockDeletingService#0] DEBUG block.SCMBlockDeletingService (SCMBlockDeletingService.java:call(133)) - Running DeletedBlockTransactionScanner
2021-08-10 12:16:15,391 [SCMBlockDeletingService#0] DEBUG block.SCMBlockDeletingService (SCMBlockDeletingService.java:call(133)) - Running DeletedBlockTransactionScanner
2021-08-10 12:16:15,395 [Datanode State Machine Thread - 0] WARN  statemachine.StateContext (StateContext.java:execute(621)) - No available thread in pool for past 0 seconds.
2021-08-10 12:16:15,422 [Datanode State Machine Thread - 0] WARN  statemachine.StateContext (StateContext.java:execute(621)) - No available thread in pool for past 0 seconds.
2021-08-10 12:16:15,493 [SCMBlockDeletingService#0] DEBUG block.SCMBlockDeletingService (SCMBlockDeletingService.java:call(133)) - Running DeletedBlockTransactionScanner
2021-08-10 12:16:15,593 [SCMBlockDeletingService#0] DEBUG block.SCMBlockDeletingService (SCMBlockDeletingService.java:call(133)) - Running DeletedBlockTransactionScanner
2021-08-10 12:16:15,693 [SCMBlockDeletingService#0] DEBUG block.SCMBlockDeletingService (SCMBlockDeletingService.java:call(133)) - Running DeletedBlockTransactionScanner
2021-08-10 12:16:15,755 [Datanode State Machine Thread - 0] WARN  statemachine.StateContext (StateContext.java:execute(621)) - No available thread in pool for past 0 seconds.
2021-08-10 12:16:15,758 [Datanode State Machine Thread - 0] WARN  statemachine.StateContext (StateContext.java:execute(621)) - No available thread in pool for past 0 seconds.
2021-08-10 12:16:15,765 [Datanode State Machine Thread - 0] WARN  statemachine.StateContext (StateContext.java:execute(621)) - No available thread in pool for past 0 seconds.
2021-08-10 12:16:15,793 [SCMBlockDeletingService#0] DEBUG block.SCMBlockDeletingService (SCMBlockDeletingService.java:call(133)) - Running DeletedBlockTransactionScanner
2021-08-10 12:16:15,893 [SCMBlockDeletingService#0] DEBUG block.SCMBlockDeletingService (SCMBlockDeletingService.java:call(133)) - Running DeletedBlockTransactionScanner
2021-08-10 12:16:15,993 [SCMBlockDeletingService#0] DEBUG block.SCMBlockDeletingService (SCMBlockDeletingService.java:call(133)) - Running DeletedBlockTransactionScanner
2021-08-10 12:16:16,093 [SCMBlockDeletingService#0] DEBUG block.SCMBlockDeletingService (SCMBlockDeletingService.java:call(133)) - Running DeletedBlockTransactionScanner
2021-08-10 12:16:16,193 [SCMBlockDeletingService#0] DEBUG block.SCMBlockDeletingService (SCMBlockDeletingService.java:call(133)) - Running DeletedBlockTransactionScanner
2021-08-10 12:16:16,293 [SCMBlockDeletingService#0] DEBUG block.SCMBlockDeletingService (SCMBlockDeletingService.java:call(133)) - Running DeletedBlockTransactionScanner
2021-08-10 12:16:16,393 [SCMBlockDeletingService#0] DEBUG block.SCMBlockDeletingService (SCMBlockDeletingService.java:call(133)) - Running DeletedBlockTransactionScanner
2021-08-10 12:16:16,493 [SCMBlockDeletingService#0] DEBUG block.SCMBlockDeletingService (SCMBlockDeletingService.java:call(133)) - Running DeletedBlockTransactionScanner
2021-08-10 12:16:16,593 [SCMBlockDeletingService#0] DEBUG block.SCMBlockDeletingService (SCMBlockDeletingService.java:call(133)) - Running DeletedBlockTransactionScanner
2021-08-10 12:16:16,693 [SCMBlockDeletingService#0] DEBUG block.SCMBlockDeletingService (SCMBlockDeletingService.java:call(133)) - Running DeletedBlockTransactionScanner
2021-08-10 12:16:16,794 [SCMBlockDeletingService#0] DEBUG block.SCMBlockDeletingService (SCMBlockDeletingService.java:call(133)) - Running DeletedBlockTransactionScanner
2021-08-10 12:16:16,894 [SCMBlockDeletingService#0] DEBUG block.SCMBlockDeletingService (SCMBlockDeletingService.java:call(133)) - Running DeletedBlockTransactionScanner
2021-08-10 12:16:16,994 [SCMBlockDeletingService#0] DEBUG block.SCMBlockDeletingService (SCMBlockDeletingService.java:call(133)) - Running DeletedBlockTransactionScanner
2021-08-10 12:16:17,094 [SCMBlockDeletingService#0] DEBUG block.SCMBlockDeletingService (SCMBlockDeletingService.java:call(133)) - Running DeletedBlockTransactionScanner
2021-08-10 12:16:17,195 [SCMBlockDeletingService#0] DEBUG block.SCMBlockDeletingService (SCMBlockDeletingService.java:call(133)) - Running DeletedBlockTransactionScanner
2021-08-10 12:16:17,295 [SCMBlockDeletingService#0] DEBUG block.SCMBlockDeletingService (SCMBlockDeletingService.java:call(133)) - Running DeletedBlockTransactionScanner
2021-08-10 12:16:17,395 [SCMBlockDeletingService#0] DEBUG block.SCMBlockDeletingService (SCMBlockDeletingService.java:call(133)) - Running DeletedBlockTransactionScanner
2021-08-10 12:16:17,495 [SCMBlockDeletingService#0] DEBUG block.SCMBlockDeletingService (SCMBlockDeletingService.java:call(133)) - Running DeletedBlockTransactionScanner
2021-08-10 12:16:17,595 [SCMBlockDeletingService#0] DEBUG block.SCMBlockDeletingService (SCMBlockDeletingService.java:call(133)) - Running DeletedBlockTransactionScanner
2021-08-10 12:16:17,695 [SCMBlockDeletingService#0] DEBUG block.SCMBlockDeletingService (SCMBlockDeletingService.java:call(133)) - Running DeletedBlockTransactionScanner
2021-08-10 12:16:17,795 [SCMBlockDeletingService#0] DEBUG block.SCMBlockDeletingService (SCMBlockDeletingService.java:call(133)) - Running DeletedBlockTransactionScanner
2021-08-10 12:16:17,895 [SCMBlockDeletingService#0] DEBUG block.SCMBlockDeletingService (SCMBlockDeletingService.java:call(133)) - Running DeletedBlockTransactionScanner
2021-08-10 12:16:17,995 [SCMBlockDeletingService#0] DEBUG block.SCMBlockDeletingService (SCMBlockDeletingService.java:call(133)) - Running DeletedBlockTransactionScanner
2021-08-10 12:16:18,095 [SCMBlockDeletingService#0] DEBUG block.SCMBlockDeletingService (SCMBlockDeletingService.java:call(133)) - Running DeletedBlockTransactionScanner
2021-08-10 12:16:18,195 [SCMBlockDeletingService#0] DEBUG block.SCMBlockDeletingService (SCMBlockDeletingService.java:call(133)) - Running DeletedBlockTransactionScanner
2021-08-10 12:16:18,295 [SCMBlockDeletingService#0] DEBUG block.SCMBlockDeletingService (SCMBlockDeletingService.java:call(133)) - Running DeletedBlockTransactionScanner
2021-08-10 12:16:18,398 [SCMBlockDeletingService#0] DEBUG block.SCMBlockDeletingService (SCMBlockDeletingService.java:call(133)) - Running DeletedBlockTransactionScanner
2021-08-10 12:16:18,442 [IPC Server handler 5 on default port 43167] INFO  ha.SequenceIdGenerator (SequenceIdGenerator.java:getNextId(127)) - Allocate a batch for delTxnId, change lastId from 0 to 1000.
2021-08-10 12:16:18,499 [SCMBlockDeletingService#0] DEBUG block.SCMBlockDeletingService (SCMBlockDeletingService.java:call(133)) - Running DeletedBlockTransactionScanner
2021-08-10 12:16:18,599 [SCMBlockDeletingService#0] DEBUG block.SCMBlockDeletingService (SCMBlockDeletingService.java:call(133)) - Running DeletedBlockTransactionScanner
2021-08-10 12:16:18,699 [SCMBlockDeletingService#0] DEBUG block.SCMBlockDeletingService (SCMBlockDeletingService.java:call(133)) - Running DeletedBlockTransactionScanner
2021-08-10 12:16:18,799 [SCMBlockDeletingService#0] DEBUG block.SCMBlockDeletingService (SCMBlockDeletingService.java:call(133)) - Running DeletedBlockTransactionScanner
2021-08-10 12:16:18,899 [SCMBlockDeletingService#0] DEBUG block.SCMBlockDeletingService (SCMBlockDeletingService.java:call(133)) - Running DeletedBlockTransactionScanner
2021-08-10 12:16:18,999 [SCMBlockDeletingService#0] DEBUG block.SCMBlockDeletingService (SCMBlockDeletingService.java:call(133)) - Running DeletedBlockTransactionScanner
2021-08-10 12:16:19,099 [SCMBlockDeletingService#0] DEBUG block.SCMBlockDeletingService (SCMBlockDeletingService.java:call(133)) - Running DeletedBlockTransactionScanner
2021-08-10 12:16:19,202 [SCMBlockDeletingService#0] DEBUG block.SCMBlockDeletingService (SCMBlockDeletingService.java:call(133)) - Running DeletedBlockTransactionScanner
2021-08-10 12:16:19,302 [SCMBlockDeletingService#0] DEBUG block.SCMBlockDeletingService (SCMBlockDeletingService.java:call(133)) - Running DeletedBlockTransactionScanner
2021-08-10 12:16:19,402 [SCMBlockDeletingService#0] DEBUG block.SCMBlockDeletingService (SCMBlockDeletingService.java:call(133)) - Running DeletedBlockTransactionScanner
2021-08-10 12:16:19,502 [SCMBlockDeletingService#0] DEBUG block.SCMBlockDeletingService (SCMBlockDeletingService.java:call(133)) - Running DeletedBlockTransactionScanner
2021-08-10 12:16:19,602 [SCMBlockDeletingService#0] DEBUG block.SCMBlockDeletingService (SCMBlockDeletingService.java:call(133)) - Running DeletedBlockTransactionScanner
2021-08-10 12:16:19,702 [SCMBlockDeletingService#0] DEBUG block.SCMBlockDeletingService (SCMBlockDeletingService.java:call(133)) - Running DeletedBlockTransactionScanner
2021-08-10 12:16:19,802 [SCMBlockDeletingService#0] DEBUG block.SCMBlockDeletingService (SCMBlockDeletingService.java:call(133)) - Running DeletedBlockTransactionScanner
2021-08-10 12:16:19,902 [SCMBlockDeletingService#0] DEBUG block.SCMBlockDeletingService (SCMBlockDeletingService.java:call(133)) - Running DeletedBlockTransactionScanner
2021-08-10 12:16:20,002 [SCMBlockDeletingService#0] DEBUG block.SCMBlockDeletingService (SCMBlockDeletingService.java:call(133)) - Running DeletedBlockTransactionScanner
2021-08-10 12:16:20,102 [SCMBlockDeletingService#0] DEBUG block.SCMBlockDeletingService (SCMBlockDeletingService.java:call(133)) - Running DeletedBlockTransactionScanner
2021-08-10 12:16:20,202 [SCMBlockDeletingService#0] DEBUG block.SCMBlockDeletingService (SCMBlockDeletingService.java:call(133)) - Running DeletedBlockTransactionScanner
2021-08-10 12:16:20,302 [SCMBlockDeletingService#0] DEBUG block.SCMBlockDeletingService (SCMBlockDeletingService.java:call(133)) - Running DeletedBlockTransactionScanner
2021-08-10 12:16:20,406 [SCMBlockDeletingService#0] DEBUG block.SCMBlockDeletingService (SCMBlockDeletingService.java:call(133)) - Running DeletedBlockTransactionScanner
2021-08-10 12:16:20,507 [SCMBlockDeletingService#0] DEBUG block.SCMBlockDeletingService (SCMBlockDeletingService.java:call(133)) - Running DeletedBlockTransactionScanner
2021-08-10 12:16:20,607 [SCMBlockDeletingService#0] DEBUG block.SCMBlockDeletingService (SCMBlockDeletingService.java:call(133)) - Running DeletedBlockTransactionScanner
2021-08-10 12:16:20,707 [SCMBlockDeletingService#0] DEBUG block.SCMBlockDeletingService (SCMBlockDeletingService.java:call(133)) - Running DeletedBlockTransactionScanner
2021-08-10 12:16:20,807 [SCMBlockDeletingService#0] DEBUG block.SCMBlockDeletingService (SCMBlockDeletingService.java:call(133)) - Running DeletedBlockTransactionScanner
2021-08-10 12:16:20,908 [SCMBlockDeletingService#0] DEBUG block.SCMBlockDeletingService (SCMBlockDeletingService.java:call(133)) - Running DeletedBlockTransactionScanner
2021-08-10 12:16:21,008 [SCMBlockDeletingService#0] DEBUG block.SCMBlockDeletingService (SCMBlockDeletingService.java:call(133)) - Running DeletedBlockTransactionScanner
2021-08-10 12:16:21,108 [SCMBlockDeletingService#0] DEBUG block.SCMBlockDeletingService (SCMBlockDeletingService.java:call(133)) - Running DeletedBlockTransactionScanner
2021-08-10 12:16:21,208 [SCMBlockDeletingService#0] DEBUG block.SCMBlockDeletingService (SCMBlockDeletingService.java:call(133)) - Running DeletedBlockTransactionScanner
2021-08-10 12:16:21,308 [SCMBlockDeletingService#0] DEBUG block.SCMBlockDeletingService (SCMBlockDeletingService.java:call(133)) - Running DeletedBlockTransactionScanner
2021-08-10 12:16:21,408 [SCMBlockDeletingService#0] DEBUG block.SCMBlockDeletingService (SCMBlockDeletingService.java:call(133)) - Running DeletedBlockTransactionScanner
2021-08-10 12:16:21,508 [SCMBlockDeletingService#0] DEBUG block.SCMBlockDeletingService (SCMBlockDeletingService.java:call(133)) - Running DeletedBlockTransactionScanner
2021-08-10 12:16:21,608 [SCMBlockDeletingService#0] DEBUG block.SCMBlockDeletingService (SCMBlockDeletingService.java:call(133)) - Running DeletedBlockTransactionScanner
2021-08-10 12:16:21,709 [SCMBlockDeletingService#0] DEBUG block.SCMBlockDeletingService (SCMBlockDeletingService.java:call(133)) - Running DeletedBlockTransactionScanner
2021-08-10 12:16:21,809 [SCMBlockDeletingService#0] DEBUG block.SCMBlockDeletingService (SCMBlockDeletingService.java:call(133)) - Running DeletedBlockTransactionScanner
2021-08-10 12:16:21,909 [SCMBlockDeletingService#0] DEBUG block.SCMBlockDeletingService (SCMBlockDeletingService.java:call(133)) - Running DeletedBlockTransactionScanner
2021-08-10 12:16:22,009 [SCMBlockDeletingService#0] DEBUG block.SCMBlockDeletingService (SCMBlockDeletingService.java:call(133)) - Running DeletedBlockTransactionScanner
2021-08-10 12:16:22,109 [SCMBlockDeletingService#0] DEBUG block.SCMBlockDeletingService (SCMBlockDeletingService.java:call(133)) - Running DeletedBlockTransactionScanner
2021-08-10 12:16:22,209 [SCMBlockDeletingService#0] DEBUG block.SCMBlockDeletingService (SCMBlockDeletingService.java:call(133)) - Running DeletedBlockTransactionScanner
2021-08-10 12:16:22,309 [SCMBlockDeletingService#0] DEBUG block.SCMBlockDeletingService (SCMBlockDeletingService.java:call(133)) - Running DeletedBlockTransactionScanner
2021-08-10 12:16:22,409 [SCMBlockDeletingService#0] DEBUG block.SCMBlockDeletingService (SCMBlockDeletingService.java:call(133)) - Running DeletedBlockTransactionScanner
2021-08-10 12:16:22,509 [SCMBlockDeletingService#0] DEBUG block.SCMBlockDeletingService (SCMBlockDeletingService.java:call(133)) - Running DeletedBlockTransactionScanner
2021-08-10 12:16:22,609 [SCMBlockDeletingService#0] DEBUG block.SCMBlockDeletingService (SCMBlockDeletingService.java:call(133)) - Running DeletedBlockTransactionScanner
2021-08-10 12:16:22,709 [SCMBlockDeletingService#0] DEBUG block.SCMBlockDeletingService (SCMBlockDeletingService.java:call(133)) - Running DeletedBlockTransactionScanner
2021-08-10 12:16:22,809 [SCMBlockDeletingService#0] DEBUG block.SCMBlockDeletingService (SCMBlockDeletingService.java:call(133)) - Running DeletedBlockTransactionScanner
2021-08-10 12:16:22,909 [SCMBlockDeletingService#0] DEBUG block.SCMBlockDeletingService (SCMBlockDeletingService.java:call(133)) - Running DeletedBlockTransactionScanner
2021-08-10 12:16:23,009 [SCMBlockDeletingService#0] DEBUG block.SCMBlockDeletingService (SCMBlockDeletingService.java:call(133)) - Running DeletedBlockTransactionScanner
2021-08-10 12:16:23,109 [SCMBlockDeletingService#0] DEBUG block.SCMBlockDeletingService (SCMBlockDeletingService.java:call(133)) - Running DeletedBlockTransactionScanner
2021-08-10 12:16:23,210 [SCMBlockDeletingService#0] DEBUG block.SCMBlockDeletingService (SCMBlockDeletingService.java:call(133)) - Running DeletedBlockTransactionScanner
2021-08-10 12:16:23,310 [SCMBlockDeletingService#0] DEBUG block.SCMBlockDeletingService (SCMBlockDeletingService.java:call(133)) - Running DeletedBlockTransactionScanner
2021-08-10 12:16:23,379 [EventQueue-CloseContainerForCloseContainerEventHandler] INFO  container.CloseContainerEventHandler (CloseContainerEventHandler.java:onMessage(69)) - Close container Event triggered for container : #1
2021-08-10 12:16:23,381 [EventQueue-CloseContainerForCloseContainerEventHandler] INFO  container.CloseContainerEventHandler (CloseContainerEventHandler.java:onMessage(69)) - Close container Event triggered for container : #2
2021-08-10 12:16:23,386 [EventQueue-CloseContainerForCloseContainerEventHandler] INFO  container.CloseContainerEventHandler (CloseContainerEventHandler.java:onMessage(69)) - Close container Event triggered for container : #3
2021-08-10 12:16:23,394 [EventQueue-CloseContainerForCloseContainerEventHandler] INFO  container.CloseContainerEventHandler (CloseContainerEventHandler.java:onMessage(69)) - Close container Event triggered for container : #4
2021-08-10 12:16:23,394 [EventQueue-CloseContainerForCloseContainerEventHandler] INFO  container.CloseContainerEventHandler (CloseContainerEventHandler.java:onMessage(69)) - Close container Event triggered for container : #5
2021-08-10 12:16:23,395 [EventQueue-CloseContainerForCloseContainerEventHandler] INFO  container.CloseContainerEventHandler (CloseContainerEventHandler.java:onMessage(69)) - Close container Event triggered for container : #6
2021-08-10 12:16:23,395 [EventQueue-CloseContainerForCloseContainerEventHandler] INFO  container.CloseContainerEventHandler (CloseContainerEventHandler.java:onMessage(69)) - Close container Event triggered for container : #7
2021-08-10 12:16:23,395 [EventQueue-CloseContainerForCloseContainerEventHandler] INFO  container.CloseContainerEventHandler (CloseContainerEventHandler.java:onMessage(69)) - Close container Event triggered for container : #8
2021-08-10 12:16:23,395 [EventQueue-CloseContainerForCloseContainerEventHandler] INFO  container.CloseContainerEventHandler (CloseContainerEventHandler.java:onMessage(69)) - Close container Event triggered for container : #9
2021-08-10 12:16:23,395 [EventQueue-CloseContainerForCloseContainerEventHandler] INFO  container.CloseContainerEventHandler (CloseContainerEventHandler.java:onMessage(69)) - Close container Event triggered for container : #10
2021-08-10 12:16:23,396 [EventQueue-CloseContainerForCloseContainerEventHandler] INFO  container.CloseContainerEventHandler (CloseContainerEventHandler.java:onMessage(69)) - Close container Event triggered for container : #11
2021-08-10 12:16:23,396 [EventQueue-CloseContainerForCloseContainerEventHandler] INFO  container.CloseContainerEventHandler (CloseContainerEventHandler.java:onMessage(69)) - Close container Event triggered for container : #12
2021-08-10 12:16:23,397 [EventQueue-CloseContainerForCloseContainerEventHandler] INFO  container.CloseContainerEventHandler (CloseContainerEventHandler.java:onMessage(69)) - Close container Event triggered for container : #13
2021-08-10 12:16:23,397 [EventQueue-CloseContainerForCloseContainerEventHandler] INFO  container.CloseContainerEventHandler (CloseContainerEventHandler.java:onMessage(69)) - Close container Event triggered for container : #14
2021-08-10 12:16:23,401 [EventQueue-CloseContainerForCloseContainerEventHandler] INFO  container.CloseContainerEventHandler (CloseContainerEventHandler.java:onMessage(69)) - Close container Event triggered for container : #15
2021-08-10 12:16:23,401 [EventQueue-CloseContainerForCloseContainerEventHandler] INFO  container.CloseContainerEventHandler (CloseContainerEventHandler.java:onMessage(69)) - Close container Event triggered for container : #16
2021-08-10 12:16:23,403 [EventQueue-CloseContainerForCloseContainerEventHandler] INFO  container.CloseContainerEventHandler (CloseContainerEventHandler.java:onMessage(69)) - Close container Event triggered for container : #17
2021-08-10 12:16:23,403 [EventQueue-CloseContainerForCloseContainerEventHandler] INFO  container.CloseContainerEventHandler (CloseContainerEventHandler.java:onMessage(69)) - Close container Event triggered for container : #18
2021-08-10 12:16:23,403 [EventQueue-CloseContainerForCloseContainerEventHandler] INFO  container.CloseContainerEventHandler (CloseContainerEventHandler.java:onMessage(69)) - Close container Event triggered for container : #19
2021-08-10 12:16:23,405 [EventQueue-CloseContainerForCloseContainerEventHandler] INFO  container.CloseContainerEventHandler (CloseContainerEventHandler.java:onMessage(69)) - Close container Event triggered for container : #20
2021-08-10 12:16:23,405 [EventQueue-CloseContainerForCloseContainerEventHandler] INFO  container.CloseContainerEventHandler (CloseContainerEventHandler.java:onMessage(69)) - Close container Event triggered for container : #21
2021-08-10 12:16:23,410 [SCMBlockDeletingService#0] DEBUG block.SCMBlockDeletingService (SCMBlockDeletingService.java:call(133)) - Running DeletedBlockTransactionScanner
2021-08-10 12:16:23,413 [EventQueue-CloseContainerForCloseContainerEventHandler] INFO  container.CloseContainerEventHandler (CloseContainerEventHandler.java:onMessage(69)) - Close container Event triggered for container : #22
2021-08-10 12:16:23,413 [EventQueue-CloseContainerForCloseContainerEventHandler] INFO  container.CloseContainerEventHandler (CloseContainerEventHandler.java:onMessage(69)) - Close container Event triggered for container : #23
2021-08-10 12:16:23,416 [EventQueue-CloseContainerForCloseContainerEventHandler] INFO  container.CloseContainerEventHandler (CloseContainerEventHandler.java:onMessage(69)) - Close container Event triggered for container : #24
2021-08-10 12:16:23,416 [EventQueue-CloseContainerForCloseContainerEventHandler] INFO  container.CloseContainerEventHandler (CloseContainerEventHandler.java:onMessage(69)) - Close container Event triggered for container : #25
2021-08-10 12:16:23,418 [EventQueue-CloseContainerForCloseContainerEventHandler] INFO  container.CloseContainerEventHandler (CloseContainerEventHandler.java:onMessage(69)) - Close container Event triggered for container : #26
2021-08-10 12:16:23,418 [EventQueue-CloseContainerForCloseContainerEventHandler] INFO  container.CloseContainerEventHandler (CloseContainerEventHandler.java:onMessage(69)) - Close container Event triggered for container : #27
2021-08-10 12:16:23,418 [EventQueue-CloseContainerForCloseContainerEventHandler] INFO  container.CloseContainerEventHandler (CloseContainerEventHandler.java:onMessage(69)) - Close container Event triggered for container : #28
2021-08-10 12:16:23,418 [EventQueue-CloseContainerForCloseContainerEventHandler] INFO  container.CloseContainerEventHandler (CloseContainerEventHandler.java:onMessage(69)) - Close container Event triggered for container : #29
2021-08-10 12:16:23,422 [EventQueue-CloseContainerForCloseContainerEventHandler] INFO  container.CloseContainerEventHandler (CloseContainerEventHandler.java:onMessage(69)) - Close container Event triggered for container : #30
2021-08-10 12:16:23,422 [EventQueue-CloseContainerForCloseContainerEventHandler] INFO  container.CloseContainerEventHandler (CloseContainerEventHandler.java:onMessage(69)) - Close container Event triggered for container : #31
2021-08-10 12:16:23,423 [EventQueue-CloseContainerForCloseContainerEventHandler] INFO  container.CloseContainerEventHandler (CloseContainerEventHandler.java:onMessage(69)) - Close container Event triggered for container : #32
2021-08-10 12:16:23,423 [EventQueue-CloseContainerForCloseContainerEventHandler] INFO  container.CloseContainerEventHandler (CloseContainerEventHandler.java:onMessage(69)) - Close container Event triggered for container : #33
2021-08-10 12:16:23,423 [EventQueue-CloseContainerForCloseContainerEventHandler] INFO  container.CloseContainerEventHandler (CloseContainerEventHandler.java:onMessage(69)) - Close container Event triggered for container : #34
2021-08-10 12:16:23,423 [EventQueue-CloseContainerForCloseContainerEventHandler] INFO  container.CloseContainerEventHandler (CloseContainerEventHandler.java:onMessage(69)) - Close container Event triggered for container : #35
2021-08-10 12:16:23,423 [EventQueue-CloseContainerForCloseContainerEventHandler] INFO  container.CloseContainerEventHandler (CloseContainerEventHandler.java:onMessage(69)) - Close container Event triggered for container : #36
2021-08-10 12:16:23,423 [EventQueue-CloseContainerForCloseContainerEventHandler] INFO  container.CloseContainerEventHandler (CloseContainerEventHandler.java:onMessage(69)) - Close container Event triggered for container : #37
2021-08-10 12:16:23,425 [EventQueue-CloseContainerForCloseContainerEventHandler] INFO  container.CloseContainerEventHandler (CloseContainerEventHandler.java:onMessage(69)) - Close container Event triggered for container : #38
2021-08-10 12:16:23,425 [EventQueue-CloseContainerForCloseContainerEventHandler] INFO  container.CloseContainerEventHandler (CloseContainerEventHandler.java:onMessage(69)) - Close container Event triggered for container : #39
2021-08-10 12:16:23,425 [EventQueue-CloseContainerForCloseContainerEventHandler] INFO  container.CloseContainerEventHandler (CloseContainerEventHandler.java:onMessage(69)) - Close container Event triggered for container : #40
2021-08-10 12:16:23,426 [EventQueue-CloseContainerForCloseContainerEventHandler] INFO  container.CloseContainerEventHandler (CloseContainerEventHandler.java:onMessage(69)) - Close container Event triggered for container : #41
2021-08-10 12:16:23,428 [EventQueue-CloseContainerForCloseContainerEventHandler] INFO  container.CloseContainerEventHandler (CloseContainerEventHandler.java:onMessage(69)) - Close container Event triggered for container : #42
2021-08-10 12:16:23,429 [EventQueue-CloseContainerForCloseContainerEventHandler] INFO  container.CloseContainerEventHandler (CloseContainerEventHandler.java:onMessage(69)) - Close container Event triggered for container : #43
2021-08-10 12:16:23,429 [EventQueue-CloseContainerForCloseContainerEventHandler] INFO  container.CloseContainerEventHandler (CloseContainerEventHandler.java:onMessage(69)) - Close container Event triggered for container : #44
2021-08-10 12:16:23,434 [EventQueue-CloseContainerForCloseContainerEventHandler] INFO  container.CloseContainerEventHandler (CloseContainerEventHandler.java:onMessage(69)) - Close container Event triggered for container : #45
2021-08-10 12:16:23,434 [EventQueue-CloseContainerForCloseContainerEventHandler] INFO  container.CloseContainerEventHandler (CloseContainerEventHandler.java:onMessage(69)) - Close container Event triggered for container : #46
2021-08-10 12:16:23,434 [EventQueue-CloseContainerForCloseContainerEventHandler] INFO  container.CloseContainerEventHandler (CloseContainerEventHandler.java:onMessage(69)) - Close container Event triggered for container : #47
2021-08-10 12:16:23,444 [EventQueue-CloseContainerForCloseContainerEventHandler] INFO  container.CloseContainerEventHandler (CloseContainerEventHandler.java:onMessage(69)) - Close container Event triggered for container : #48
2021-08-10 12:16:23,445 [EventQueue-CloseContainerForCloseContainerEventHandler] INFO  container.CloseContainerEventHandler (CloseContainerEventHandler.java:onMessage(69)) - Close container Event triggered for container : #49
2021-08-10 12:16:23,445 [EventQueue-CloseContainerForCloseContainerEventHandler] INFO  container.CloseContainerEventHandler (CloseContainerEventHandler.java:onMessage(69)) - Close container Event triggered for container : #50
2021-08-10 12:16:23,445 [EventQueue-CloseContainerForCloseContainerEventHandler] INFO  container.CloseContainerEventHandler (CloseContainerEventHandler.java:onMessage(69)) - Close container Event triggered for container : #51
2021-08-10 12:16:23,446 [EventQueue-CloseContainerForCloseContainerEventHandler] INFO  container.CloseContainerEventHandler (CloseContainerEventHandler.java:onMessage(69)) - Close container Event triggered for container : #52
2021-08-10 12:16:23,447 [EventQueue-CloseContainerForCloseContainerEventHandler] INFO  container.CloseContainerEventHandler (CloseContainerEventHandler.java:onMessage(69)) - Close container Event triggered for container : #53
2021-08-10 12:16:23,447 [EventQueue-CloseContainerForCloseContainerEventHandler] INFO  container.CloseContainerEventHandler (CloseContainerEventHandler.java:onMessage(69)) - Close container Event triggered for container : #54
2021-08-10 12:16:23,447 [EventQueue-CloseContainerForCloseContainerEventHandler] INFO  container.CloseContainerEventHandler (CloseContainerEventHandler.java:onMessage(69)) - Close container Event triggered for container : #55
2021-08-10 12:16:23,448 [EventQueue-CloseContainerForCloseContainerEventHandler] INFO  container.CloseContainerEventHandler (CloseContainerEventHandler.java:onMessage(69)) - Close container Event triggered for container : #56
2021-08-10 12:16:23,510 [SCMBlockDeletingService#0] DEBUG block.SCMBlockDeletingService (SCMBlockDeletingService.java:call(133)) - Running DeletedBlockTransactionScanner
2021-08-10 12:16:23,610 [SCMBlockDeletingService#0] DEBUG block.SCMBlockDeletingService (SCMBlockDeletingService.java:call(133)) - Running DeletedBlockTransactionScanner
2021-08-10 12:16:23,710 [SCMBlockDeletingService#0] DEBUG block.SCMBlockDeletingService (SCMBlockDeletingService.java:call(133)) - Running DeletedBlockTransactionScanner
2021-08-10 12:16:23,810 [SCMBlockDeletingService#0] DEBUG block.SCMBlockDeletingService (SCMBlockDeletingService.java:call(133)) - Running DeletedBlockTransactionScanner
2021-08-10 12:16:23,910 [SCMBlockDeletingService#0] DEBUG block.SCMBlockDeletingService (SCMBlockDeletingService.java:call(133)) - Running DeletedBlockTransactionScanner
2021-08-10 12:16:24,010 [SCMBlockDeletingService#0] DEBUG block.SCMBlockDeletingService (SCMBlockDeletingService.java:call(133)) - Running DeletedBlockTransactionScanner
2021-08-10 12:16:24,110 [SCMBlockDeletingService#0] DEBUG block.SCMBlockDeletingService (SCMBlockDeletingService.java:call(133)) - Running DeletedBlockTransactionScanner
2021-08-10 12:16:24,213 [SCMBlockDeletingService#0] DEBUG block.SCMBlockDeletingService (SCMBlockDeletingService.java:call(133)) - Running DeletedBlockTransactionScanner
2021-08-10 12:16:24,317 [SCMBlockDeletingService#0] DEBUG block.SCMBlockDeletingService (SCMBlockDeletingService.java:call(133)) - Running DeletedBlockTransactionScanner
2021-08-10 12:16:24,366 [Datanode State Machine Thread - 0] WARN  statemachine.StateContext (StateContext.java:execute(621)) - No available thread in pool for past 0 seconds.
2021-08-10 12:16:24,368 [Datanode State Machine Thread - 0] WARN  statemachine.StateContext (StateContext.java:execute(621)) - No available thread in pool for past 0 seconds.
2021-08-10 12:16:24,371 [Datanode State Machine Thread - 0] WARN  statemachine.StateContext (StateContext.java:execute(621)) - No available thread in pool for past 0 seconds.
2021-08-10 12:16:24,376 [Datanode State Machine Thread - 0] WARN  statemachine.StateContext (StateContext.java:execute(621)) - No available thread in pool for past 0 seconds.
2021-08-10 12:16:24,378 [Datanode State Machine Thread - 0] WARN  statemachine.StateContext (StateContext.java:execute(621)) - No available thread in pool for past 0 seconds.
2021-08-10 12:16:24,383 [Datanode State Machine Thread - 0] WARN  statemachine.StateContext (StateContext.java:execute(621)) - No available thread in pool for past 0 seconds.
2021-08-10 12:16:24,386 [Datanode State Machine Thread - 0] WARN  statemachine.StateContext (StateContext.java:execute(621)) - No available thread in pool for past 0 seconds.
2021-08-10 12:16:24,399 [Datanode State Machine Thread - 0] WARN  statemachine.StateContext (StateContext.java:execute(621)) - No available thread in pool for past 0 seconds.
2021-08-10 12:16:24,402 [Datanode State Machine Thread - 0] WARN  statemachine.StateContext (StateContext.java:execute(621)) - No available thread in pool for past 0 seconds.
2021-08-10 12:16:24,415 [Datanode State Machine Thread - 0] WARN  statemachine.StateContext (StateContext.java:execute(621)) - No available thread in pool for past 0 seconds.
2021-08-10 12:16:24,417 [SCMBlockDeletingService#0] DEBUG block.SCMBlockDeletingService (SCMBlockDeletingService.java:call(133)) - Running DeletedBlockTransactionScanner
2021-08-10 12:16:24,418 [Datanode State Machine Thread - 0] WARN  statemachine.StateContext (StateContext.java:execute(621)) - No available thread in pool for past 0 seconds.
2021-08-10 12:16:24,439 [Datanode State Machine Thread - 0] WARN  statemachine.StateContext (StateContext.java:execute(621)) - No available thread in pool for past 0 seconds.
2021-08-10 12:16:24,441 [Datanode State Machine Thread - 0] WARN  statemachine.StateContext (StateContext.java:execute(621)) - No available thread in pool for past 0 seconds.
2021-08-10 12:16:24,442 [Datanode State Machine Thread - 0] WARN  statemachine.StateContext (StateContext.java:execute(621)) - No available thread in pool for past 0 seconds.
2021-08-10 12:16:24,468 [Datanode State Machine Thread - 0] WARN  statemachine.StateContext (StateContext.java:execute(621)) - No available thread in pool for past 0 seconds.
2021-08-10 12:16:24,472 [Datanode State Machine Thread - 0] WARN  statemachine.StateContext (StateContext.java:execute(621)) - No available thread in pool for past 0 seconds.
2021-08-10 12:16:24,511 [Datanode State Machine Thread - 0] WARN  statemachine.StateContext (StateContext.java:execute(621)) - No available thread in pool for past 0 seconds.
2021-08-10 12:16:24,513 [Datanode State Machine Thread - 0] WARN  statemachine.StateContext (StateContext.java:execute(621)) - No available thread in pool for past 0 seconds.
2021-08-10 12:16:24,514 [Datanode State Machine Thread - 0] WARN  statemachine.StateContext (StateContext.java:execute(621)) - No available thread in pool for past 0 seconds.
2021-08-10 12:16:24,517 [SCMBlockDeletingService#0] DEBUG block.SCMBlockDeletingService (SCMBlockDeletingService.java:call(133)) - Running DeletedBlockTransactionScanner
2021-08-10 12:16:24,536 [Datanode State Machine Thread - 0] WARN  statemachine.StateContext (StateContext.java:execute(621)) - No available thread in pool for past 0 seconds.
2021-08-10 12:16:24,548 [Datanode State Machine Thread - 0] WARN  statemachine.StateContext (StateContext.java:execute(621)) - No available thread in pool for past 0 seconds.
2021-08-10 12:16:24,551 [Datanode State Machine Thread - 0] WARN  statemachine.StateContext (StateContext.java:execute(621)) - No available thread in pool for past 0 seconds.
2021-08-10 12:16:24,552 [Datanode State Machine Thread - 0] WARN  statemachine.StateContext (StateContext.java:execute(621)) - No available thread in pool for past 0 seconds.
2021-08-10 12:16:24,554 [Datanode State Machine Thread - 0] WARN  statemachine.StateContext (StateContext.java:execute(621)) - No available thread in pool for past 0 seconds.
2021-08-10 12:16:24,555 [Datanode State Machine Thread - 0] WARN  statemachine.StateContext (StateContext.java:execute(621)) - No available thread in pool for past 0 seconds.
2021-08-10 12:16:24,571 [Datanode State Machine Thread - 0] WARN  statemachine.StateContext (StateContext.java:execute(621)) - No available thread in pool for past 0 seconds.
2021-08-10 12:16:24,573 [Datanode State Machine Thread - 0] WARN  statemachine.StateContext (StateContext.java:execute(621)) - No available thread in pool for past 0 seconds.
2021-08-10 12:16:24,599 [Datanode State Machine Thread - 0] WARN  statemachine.StateContext (StateContext.java:execute(621)) - No available thread in pool for past 0 seconds.
2021-08-10 12:16:24,605 [Datanode State Machine Thread - 0] WARN  statemachine.StateContext (StateContext.java:execute(621)) - No available thread in pool for past 0 seconds.
2021-08-10 12:16:24,617 [SCMBlockDeletingService#0] DEBUG block.SCMBlockDeletingService (SCMBlockDeletingService.java:call(133)) - Running DeletedBlockTransactionScanner
2021-08-10 12:16:24,719 [SCMBlockDeletingService#0] DEBUG block.SCMBlockDeletingService (SCMBlockDeletingService.java:call(133)) - Running DeletedBlockTransactionScanner
2021-08-10 12:16:24,774 [Datanode State Machine Thread - 0] WARN  statemachine.StateContext (StateContext.java:execute(621)) - No available thread in pool for past 0 seconds.
2021-08-10 12:16:24,786 [pool-465-thread-8] INFO  keyvalue.KeyValueContainer (KeyValueContainer.java:flushAndSyncDB(397)) - Container 1 is synced with bcsId 14.
2021-08-10 12:16:24,787 [pool-465-thread-8] INFO  keyvalue.KeyValueContainer (KeyValueContainer.java:flushAndSyncDB(397)) - Container 1 is synced with bcsId 14.
2021-08-10 12:16:24,791 [pool-465-thread-8] INFO  keyvalue.KeyValueContainer (KeyValueContainer.java:close(334)) - Container 1 is closed with bcsId 14.
2021-08-10 12:16:24,793 [Datanode State Machine Thread - 0] WARN  statemachine.StateContext (StateContext.java:execute(621)) - No available thread in pool for past 0 seconds.
2021-08-10 12:16:24,793 [EventQueue-IncrementalContainerReportForIncrementalContainerReportHandler] INFO  container.IncrementalContainerReportHandler (AbstractContainerReportHandler.java:updateContainerState(223)) - Moving container #1 to CLOSED state, datanode ad4991cb-97ce-4dd6-b117-42e7f6b0816f{ip: 10.1.0.57, host: fv-az270-250.tacnzluakwdehk1hpragurqkma.bx.internal.cloudapp.net, ports: [REPLICATION=43859, RATIS=35903, RATIS_ADMIN=35903, RATIS_SERVER=35903, STANDALONE=33309], networkLocation: /default-rack, certSerialId: null, persistedOpState: IN_SERVICE, persistedOpStateExpiryEpochSec: 0} reported CLOSED replica.
2021-08-10 12:16:24,796 [pool-467-thread-2] INFO  keyvalue.KeyValueContainer (KeyValueContainer.java:flushAndSyncDB(397)) - Container 1 is synced with bcsId 14.
2021-08-10 12:16:24,796 [pool-467-thread-2] INFO  keyvalue.KeyValueContainer (KeyValueContainer.java:flushAndSyncDB(397)) - Container 1 is synced with bcsId 14.
2021-08-10 12:16:24,800 [pool-467-thread-2] INFO  keyvalue.KeyValueContainer (KeyValueContainer.java:close(334)) - Container 1 is closed with bcsId 14.
2021-08-10 12:16:24,808 [Datanode State Machine Thread - 0] WARN  statemachine.StateContext (StateContext.java:execute(621)) - No available thread in pool for past 0 seconds.
2021-08-10 12:16:24,808 [Datanode State Machine Thread - 0] WARN  statemachine.StateContext (StateContext.java:execute(621)) - No available thread in pool for past 0 seconds.
2021-08-10 12:16:24,822 [SCMBlockDeletingService#0] DEBUG block.SCMBlockDeletingService (SCMBlockDeletingService.java:call(133)) - Running DeletedBlockTransactionScanner
2021-08-10 12:16:24,823 [SCMBlockDeletingService#0] DEBUG block.SCMBlockDeletingService (DatanodeDeletedBlockTransactions.java:addTransactionToDN(50)) - Transaction added: 01235482-5c07-4b37-86e9-3192ec4df84f <- TX(1)
2021-08-10 12:16:24,823 [SCMBlockDeletingService#0] DEBUG block.SCMBlockDeletingService (DatanodeDeletedBlockTransactions.java:addTransactionToDN(50)) - Transaction added: b13dbf35-3f05-4a51-87e4-7670ffffb89b <- TX(1)
2021-08-10 12:16:24,823 [SCMBlockDeletingService#0] DEBUG block.SCMBlockDeletingService (DatanodeDeletedBlockTransactions.java:addTransactionToDN(50)) - Transaction added: ad4991cb-97ce-4dd6-b117-42e7f6b0816f <- TX(1)
2021-08-10 12:16:24,823 [SCMBlockDeletingService#0] DEBUG block.SCMBlockDeletingService (SCMBlockDeletingService.java:call(164)) - Added delete block command for datanode ad4991cb-97ce-4dd6-b117-42e7f6b0816f in the queue, number of delete block transactions: 1
2021-08-10 12:16:24,823 [SCMBlockDeletingService#0] DEBUG block.SCMBlockDeletingService (SCMBlockDeletingService.java:call(164)) - Added delete block command for datanode 01235482-5c07-4b37-86e9-3192ec4df84f in the queue, number of delete block transactions: 1
2021-08-10 12:16:24,823 [SCMBlockDeletingService#0] DEBUG block.SCMBlockDeletingService (SCMBlockDeletingService.java:call(164)) - Added delete block command for datanode b13dbf35-3f05-4a51-87e4-7670ffffb89b in the queue, number of delete block transactions: 1
2021-08-10 12:16:24,823 [SCMBlockDeletingService#0] INFO  block.SCMBlockDeletingService (SCMBlockDeletingService.java:call(174)) - Totally added 3 blocks to be deleted for 3 datanodes, task elapsed time: 0ms
2021-08-10 12:16:24,823 [pool-466-thread-6] INFO  keyvalue.KeyValueContainer (KeyValueContainer.java:flushAndSyncDB(397)) - Container 1 is synced with bcsId 14.
2021-08-10 12:16:24,823 [pool-466-thread-6] INFO  keyvalue.KeyValueContainer (KeyValueContainer.java:flushAndSyncDB(397)) - Container 1 is synced with bcsId 14.
2021-08-10 12:16:24,828 [pool-466-thread-6] INFO  keyvalue.KeyValueContainer (KeyValueContainer.java:close(334)) - Container 1 is closed with bcsId 14.
2021-08-10 12:16:24,828 [Datanode State Machine Thread - 0] WARN  statemachine.StateContext (StateContext.java:execute(621)) - No available thread in pool for past 0 seconds.
2021-08-10 12:16:24,830 [pool-465-thread-6] INFO  keyvalue.KeyValueContainer (KeyValueContainer.java:flushAndSyncDB(397)) - Container 2 is synced with bcsId 32.
2021-08-10 12:16:24,830 [pool-465-thread-6] INFO  keyvalue.KeyValueContainer (KeyValueContainer.java:flushAndSyncDB(397)) - Container 2 is synced with bcsId 32.
2021-08-10 12:16:24,835 [pool-465-thread-6] INFO  keyvalue.KeyValueContainer (KeyValueContainer.java:close(334)) - Container 2 is closed with bcsId 32.
2021-08-10 12:16:24,837 [Datanode State Machine Thread - 0] WARN  statemachine.StateContext (StateContext.java:execute(621)) - No available thread in pool for past 0 seconds.
2021-08-10 12:16:24,840 [pool-466-thread-9] INFO  keyvalue.KeyValueContainer (KeyValueContainer.java:flushAndSyncDB(397)) - Container 2 is synced with bcsId 32.
2021-08-10 12:16:24,840 [pool-466-thread-9] INFO  keyvalue.KeyValueContainer (KeyValueContainer.java:flushAndSyncDB(397)) - Container 2 is synced with bcsId 32.
2021-08-10 12:16:24,840 [EventQueue-ContainerReportForContainerReportHandler] INFO  container.ContainerReportHandler (AbstractContainerReportHandler.java:updateContainerState(223)) - Moving container #2 to CLOSED state, datanode ad4991cb-97ce-4dd6-b117-42e7f6b0816f{ip: 10.1.0.57, host: fv-az270-250.tacnzluakwdehk1hpragurqkma.bx.internal.cloudapp.net, ports: [REPLICATION=43859, RATIS=35903, RATIS_ADMIN=35903, RATIS_SERVER=35903, STANDALONE=33309], networkLocation: /default-rack, certSerialId: null, persistedOpState: IN_SERVICE, persistedOpStateExpiryEpochSec: 0} reported CLOSED replica.
2021-08-10 12:16:24,841 [pool-467-thread-1] INFO  keyvalue.KeyValueContainer (KeyValueContainer.java:flushAndSyncDB(397)) - Container 2 is synced with bcsId 32.
2021-08-10 12:16:24,841 [pool-467-thread-1] INFO  keyvalue.KeyValueContainer (KeyValueContainer.java:flushAndSyncDB(397)) - Container 2 is synced with bcsId 32.
2021-08-10 12:16:24,843 [pool-467-thread-1] INFO  keyvalue.KeyValueContainer (KeyValueContainer.java:close(334)) - Container 2 is closed with bcsId 32.
2021-08-10 12:16:24,843 [pool-466-thread-9] INFO  keyvalue.KeyValueContainer (KeyValueContainer.java:close(334)) - Container 2 is closed with bcsId 32.
2021-08-10 12:16:24,844 [Datanode State Machine Thread - 0] WARN  statemachine.StateContext (StateContext.java:execute(621)) - No available thread in pool for past 0 seconds.
2021-08-10 12:16:24,851 [Datanode State Machine Thread - 0] WARN  statemachine.StateContext (StateContext.java:execute(621)) - No available thread in pool for past 0 seconds.
2021-08-10 12:16:24,862 [pool-465-thread-5] INFO  keyvalue.KeyValueContainer (KeyValueContainer.java:flushAndSyncDB(397)) - Container 3 is synced with bcsId 47.
2021-08-10 12:16:24,862 [pool-465-thread-5] INFO  keyvalue.KeyValueContainer (KeyValueContainer.java:flushAndSyncDB(397)) - Container 3 is synced with bcsId 47.
2021-08-10 12:16:24,868 [pool-466-thread-10] INFO  keyvalue.KeyValueContainer (KeyValueContainer.java:flushAndSyncDB(397)) - Container 3 is synced with bcsId 47.
2021-08-10 12:16:24,868 [pool-465-thread-5] INFO  keyvalue.KeyValueContainer (KeyValueContainer.java:close(334)) - Container 3 is closed with bcsId 47.
2021-08-10 12:16:24,868 [pool-466-thread-10] INFO  keyvalue.KeyValueContainer (KeyValueContainer.java:flushAndSyncDB(397)) - Container 3 is synced with bcsId 47.
2021-08-10 12:16:24,868 [Datanode State Machine Thread - 0] WARN  statemachine.StateContext (StateContext.java:execute(621)) - No available thread in pool for past 0 seconds.
2021-08-10 12:16:24,870 [EventQueue-IncrementalContainerReportForIncrementalContainerReportHandler] INFO  container.IncrementalContainerReportHandler (AbstractContainerReportHandler.java:updateContainerState(223)) - Moving container #3 to CLOSED state, datanode ad4991cb-97ce-4dd6-b117-42e7f6b0816f{ip: 10.1.0.57, host: fv-az270-250.tacnzluakwdehk1hpragurqkma.bx.internal.cloudapp.net, ports: [REPLICATION=43859, RATIS=35903, RATIS_ADMIN=35903, RATIS_SERVER=35903, STANDALONE=33309], networkLocation: /default-rack, certSerialId: null, persistedOpState: IN_SERVICE, persistedOpStateExpiryEpochSec: 0} reported CLOSED replica.
2021-08-10 12:16:24,870 [Datanode State Machine Thread - 0] WARN  statemachine.StateContext (StateContext.java:execute(621)) - No available thread in pool for past 0 seconds.
2021-08-10 12:16:24,871 [pool-466-thread-10] INFO  keyvalue.KeyValueContainer (KeyValueContainer.java:close(334)) - Container 3 is closed with bcsId 47.
2021-08-10 12:16:24,872 [Datanode State Machine Thread - 0] WARN  statemachine.StateContext (StateContext.java:execute(621)) - No available thread in pool for past 0 seconds.
2021-08-10 12:16:24,895 [pool-467-thread-3] INFO  keyvalue.KeyValueContainer (KeyValueContainer.java:flushAndSyncDB(397)) - Container 3 is synced with bcsId 47.
2021-08-10 12:16:24,895 [pool-467-thread-3] INFO  keyvalue.KeyValueContainer (KeyValueContainer.java:flushAndSyncDB(397)) - Container 3 is synced with bcsId 47.
2021-08-10 12:16:24,897 [pool-467-thread-3] INFO  keyvalue.KeyValueContainer (KeyValueContainer.java:close(334)) - Container 3 is closed with bcsId 47.
2021-08-10 12:16:24,897 [Datanode State Machine Thread - 0] WARN  statemachine.StateContext (StateContext.java:execute(621)) - No available thread in pool for past 0 seconds.
2021-08-10 12:16:24,898 [pool-465-thread-10] INFO  keyvalue.KeyValueContainer (KeyValueContainer.java:flushAndSyncDB(397)) - Container 4 is synced with bcsId 61.
2021-08-10 12:16:24,898 [pool-465-thread-10] INFO  keyvalue.KeyValueContainer (KeyValueContainer.java:flushAndSyncDB(397)) - Container 4 is synced with bcsId 61.
2021-08-10 12:16:24,899 [pool-466-thread-1] INFO  keyvalue.KeyValueContainer (KeyValueContainer.java:flushAndSyncDB(397)) - Container 4 is synced with bcsId 61.
2021-08-10 12:16:24,899 [pool-466-thread-1] INFO  keyvalue.KeyValueContainer (KeyValueContainer.java:flushAndSyncDB(397)) - Container 4 is synced with bcsId 61.
2021-08-10 12:16:24,899 [pool-465-thread-10] INFO  keyvalue.KeyValueContainer (KeyValueContainer.java:close(334)) - Container 4 is closed with bcsId 61.
2021-08-10 12:16:24,912 [pool-466-thread-1] INFO  keyvalue.KeyValueContainer (KeyValueContainer.java:close(334)) - Container 4 is closed with bcsId 61.
2021-08-10 12:16:24,919 [Datanode State Machine Thread - 0] WARN  statemachine.StateContext (StateContext.java:execute(621)) - No available thread in pool for past 0 seconds.
2021-08-10 12:16:24,921 [EventQueue-IncrementalContainerReportForIncrementalContainerReportHandler] INFO  container.IncrementalContainerReportHandler (AbstractContainerReportHandler.java:updateContainerState(223)) - Moving container #4 to CLOSED state, datanode 01235482-5c07-4b37-86e9-3192ec4df84f{ip: 10.1.0.57, host: fv-az270-250.tacnzluakwdehk1hpragurqkma.bx.internal.cloudapp.net, ports: [REPLICATION=46851, RATIS=40019, RATIS_ADMIN=40019, RATIS_SERVER=40019, STANDALONE=41643], networkLocation: /default-rack, certSerialId: null, persistedOpState: IN_SERVICE, persistedOpStateExpiryEpochSec: 0} reported CLOSED replica.
2021-08-10 12:16:24,921 [pool-467-thread-10] INFO  keyvalue.KeyValueContainer (KeyValueContainer.java:flushAndSyncDB(397)) - Container 4 is synced with bcsId 61.
2021-08-10 12:16:24,921 [pool-467-thread-10] INFO  keyvalue.KeyValueContainer (KeyValueContainer.java:flushAndSyncDB(397)) - Container 4 is synced with bcsId 61.
2021-08-10 12:16:24,923 [SCMBlockDeletingService#0] DEBUG block.SCMBlockDeletingService (SCMBlockDeletingService.java:call(133)) - Running DeletedBlockTransactionScanner
2021-08-10 12:16:24,935 [SCMBlockDeletingService#0] DEBUG block.SCMBlockDeletingService (DatanodeDeletedBlockTransactions.java:addTransactionToDN(50)) - Transaction added: 01235482-5c07-4b37-86e9-3192ec4df84f <- TX(1)
2021-08-10 12:16:24,935 [SCMBlockDeletingService#0] DEBUG block.SCMBlockDeletingService (DatanodeDeletedBlockTransactions.java:addTransactionToDN(50)) - Transaction added: b13dbf35-3f05-4a51-87e4-7670ffffb89b <- TX(1)
2021-08-10 12:16:24,936 [SCMBlockDeletingService#0] DEBUG block.SCMBlockDeletingService (DatanodeDeletedBlockTransactions.java:addTransactionToDN(50)) - Transaction added: ad4991cb-97ce-4dd6-b117-42e7f6b0816f <- TX(1)
2021-08-10 12:16:24,936 [SCMBlockDeletingService#0] DEBUG block.SCMBlockDeletingService (DatanodeDeletedBlockTransactions.java:addTransactionToDN(50)) - Transaction added: ad4991cb-97ce-4dd6-b117-42e7f6b0816f <- TX(2)
2021-08-10 12:16:24,936 [SCMBlockDeletingService#0] DEBUG block.SCMBlockDeletingService (DatanodeDeletedBlockTransactions.java:addTransactionToDN(50)) - Transaction added: 01235482-5c07-4b37-86e9-3192ec4df84f <- TX(2)
2021-08-10 12:16:24,936 [SCMBlockDeletingService#0] DEBUG block.SCMBlockDeletingService (DatanodeDeletedBlockTransactions.java:addTransactionToDN(50)) - Transaction added: b13dbf35-3f05-4a51-87e4-7670ffffb89b <- TX(2)
2021-08-10 12:16:24,936 [SCMBlockDeletingService#0] DEBUG block.SCMBlockDeletingService (DatanodeDeletedBlockTransactions.java:addTransactionToDN(50)) - Transaction added: b13dbf35-3f05-4a51-87e4-7670ffffb89b <- TX(3)
2021-08-10 12:16:24,936 [SCMBlockDeletingService#0] DEBUG block.SCMBlockDeletingService (DatanodeDeletedBlockTransactions.java:addTransactionToDN(50)) - Transaction added: ad4991cb-97ce-4dd6-b117-42e7f6b0816f <- TX(3)
2021-08-10 12:16:24,936 [SCMBlockDeletingService#0] DEBUG block.SCMBlockDeletingService (DatanodeDeletedBlockTransactions.java:addTransactionToDN(50)) - Transaction added: 01235482-5c07-4b37-86e9-3192ec4df84f <- TX(3)
2021-08-10 12:16:24,936 [SCMBlockDeletingService#0] DEBUG block.SCMBlockDeletingService (DatanodeDeletedBlockTransactions.java:addTransactionToDN(50)) - Transaction added: ad4991cb-97ce-4dd6-b117-42e7f6b0816f <- TX(4)
2021-08-10 12:16:24,936 [SCMBlockDeletingService#0] DEBUG block.SCMBlockDeletingService (DatanodeDeletedBlockTransactions.java:addTransactionToDN(50)) - Transaction added: 01235482-5c07-4b37-86e9-3192ec4df84f <- TX(4)
2021-08-10 12:16:24,936 [SCMBlockDeletingService#0] DEBUG block.SCMBlockDeletingService (DatanodeDeletedBlockTransactions.java:addTransactionToDN(50)) - Transaction added: b13dbf35-3f05-4a51-87e4-7670ffffb89b <- TX(4)
2021-08-10 12:16:24,936 [SCMBlockDeletingService#0] DEBUG block.SCMBlockDeletingService (SCMBlockDeletingService.java:call(164)) - Added delete block command for datanode ad4991cb-97ce-4dd6-b117-42e7f6b0816f in the queue, number of delete block transactions: 4
2021-08-10 12:16:24,936 [SCMBlockDeletingService#0] DEBUG block.SCMBlockDeletingService (SCMBlockDeletingService.java:call(164)) - Added delete block command for datanode 01235482-5c07-4b37-86e9-3192ec4df84f in the queue, number of delete block transactions: 4
2021-08-10 12:16:24,936 [SCMBlockDeletingService#0] DEBUG block.SCMBlockDeletingService (SCMBlockDeletingService.java:call(164)) - Added delete block command for datanode b13dbf35-3f05-4a51-87e4-7670ffffb89b in the queue, number of delete block transactions: 4
2021-08-10 12:16:24,936 [SCMBlockDeletingService#0] INFO  block.SCMBlockDeletingService (SCMBlockDeletingService.java:call(174)) - Totally added 12 blocks to be deleted for 3 datanodes, task elapsed time: 13ms
2021-08-10 12:16:24,930 [Datanode State Machine Thread - 0] WARN  statemachine.StateContext (StateContext.java:execute(621)) - No available thread in pool for past 0 seconds.
2021-08-10 12:16:24,923 [pool-467-thread-10] INFO  keyvalue.KeyValueContainer (KeyValueContainer.java:close(334)) - Container 4 is closed with bcsId 61.
2021-08-10 12:16:24,951 [Datanode State Machine Thread - 0] WARN  statemachine.StateContext (StateContext.java:execute(621)) - No available thread in pool for past 0 seconds.
2021-08-10 12:16:24,990 [pool-465-thread-9] INFO  keyvalue.KeyValueContainer (KeyValueContainer.java:flushAndSyncDB(397)) - Container 5 is synced with bcsId 77.
2021-08-10 12:16:24,990 [pool-465-thread-9] INFO  keyvalue.KeyValueContainer (KeyValueContainer.java:flushAndSyncDB(397)) - Container 5 is synced with bcsId 77.
2021-08-10 12:16:24,992 [pool-465-thread-9] INFO  keyvalue.KeyValueContainer (KeyValueContainer.java:close(334)) - Container 5 is closed with bcsId 77.
2021-08-10 12:16:24,997 [Datanode State Machine Thread - 0] WARN  statemachine.StateContext (StateContext.java:execute(621)) - No available thread in pool for past 0 seconds.
2021-08-10 12:16:24,998 [EventQueue-IncrementalContainerReportForIncrementalContainerReportHandler] INFO  container.IncrementalContainerReportHandler (AbstractContainerReportHandler.java:updateContainerState(223)) - Moving container #5 to CLOSED state, datanode ad4991cb-97ce-4dd6-b117-42e7f6b0816f{ip: 10.1.0.57, host: fv-az270-250.tacnzluakwdehk1hpragurqkma.bx.internal.cloudapp.net, ports: [REPLICATION=43859, RATIS=35903, RATIS_ADMIN=35903, RATIS_SERVER=35903, STANDALONE=33309], networkLocation: /default-rack, certSerialId: null, persistedOpState: IN_SERVICE, persistedOpStateExpiryEpochSec: 0} reported CLOSED replica.
2021-08-10 12:16:25,006 [pool-467-thread-7] INFO  keyvalue.KeyValueContainer (KeyValueContainer.java:flushAndSyncDB(397)) - Container 5 is synced with bcsId 77.
2021-08-10 12:16:25,006 [pool-467-thread-7] INFO  keyvalue.KeyValueContainer (KeyValueContainer.java:flushAndSyncDB(397)) - Container 5 is synced with bcsId 77.
2021-08-10 12:16:25,007 [pool-467-thread-7] INFO  keyvalue.KeyValueContainer (KeyValueContainer.java:close(334)) - Container 5 is closed with bcsId 77.
2021-08-10 12:16:25,012 [Datanode State Machine Thread - 0] WARN  statemachine.StateContext (StateContext.java:execute(621)) - No available thread in pool for past 0 seconds.
2021-08-10 12:16:25,023 [SCMBlockDeletingService#0] DEBUG block.SCMBlockDeletingService (SCMBlockDeletingService.java:call(133)) - Running DeletedBlockTransactionScanner
2021-08-10 12:16:25,023 [SCMBlockDeletingService#0] DEBUG block.SCMBlockDeletingService (DatanodeDeletedBlockTransactions.java:addTransactionToDN(50)) - Transaction added: 01235482-5c07-4b37-86e9-3192ec4df84f <- TX(1)
2021-08-10 12:16:25,023 [SCMBlockDeletingService#0] DEBUG block.SCMBlockDeletingService (DatanodeDeletedBlockTransactions.java:addTransactionToDN(50)) - Transaction added: b13dbf35-3f05-4a51-87e4-7670ffffb89b <- TX(1)
2021-08-10 12:16:25,023 [SCMBlockDeletingService#0] DEBUG block.SCMBlockDeletingService (DatanodeDeletedBlockTransactions.java:addTransactionToDN(50)) - Transaction added: ad4991cb-97ce-4dd6-b117-42e7f6b0816f <- TX(1)
2021-08-10 12:16:25,023 [SCMBlockDeletingService#0] DEBUG block.SCMBlockDeletingService (DatanodeDeletedBlockTransactions.java:addTransactionToDN(50)) - Transaction added: ad4991cb-97ce-4dd6-b117-42e7f6b0816f <- TX(2)
2021-08-10 12:16:25,023 [SCMBlockDeletingService#0] DEBUG block.SCMBlockDeletingService (DatanodeDeletedBlockTransactions.java:addTransactionToDN(50)) - Transaction added: 01235482-5c07-4b37-86e9-3192ec4df84f <- TX(2)
2021-08-10 12:16:25,023 [SCMBlockDeletingService#0] DEBUG block.SCMBlockDeletingService (DatanodeDeletedBlockTransactions.java:addTransactionToDN(50)) - Transaction added: b13dbf35-3f05-4a51-87e4-7670ffffb89b <- TX(2)
2021-08-10 12:16:25,023 [SCMBlockDeletingService#0] DEBUG block.SCMBlockDeletingService (DatanodeDeletedBlockTransactions.java:addTransactionToDN(50)) - Transaction added: b13dbf35-3f05-4a51-87e4-7670ffffb89b <- TX(3)
2021-08-10 12:16:25,023 [SCMBlockDeletingService#0] DEBUG block.SCMBlockDeletingService (DatanodeDeletedBlockTransactions.java:addTransactionToDN(50)) - Transaction added: ad4991cb-97ce-4dd6-b117-42e7f6b0816f <- TX(3)
2021-08-10 12:16:25,023 [SCMBlockDeletingService#0] DEBUG block.SCMBlockDeletingService (DatanodeDeletedBlockTransactions.java:addTransactionToDN(50)) - Transaction added: 01235482-5c07-4b37-86e9-3192ec4df84f <- TX(3)
2021-08-10 12:16:25,023 [SCMBlockDeletingService#0] DEBUG block.SCMBlockDeletingService (DatanodeDeletedBlockTransactions.java:addTransactionToDN(50)) - Transaction added: ad4991cb-97ce-4dd6-b117-42e7f6b0816f <- TX(4)
2021-08-10 12:16:25,023 [SCMBlockDeletingService#0] DEBUG block.SCMBlockDeletingService (DatanodeDeletedBlockTransactions.java:addTransactionToDN(50)) - Transaction added: 01235482-5c07-4b37-86e9-3192ec4df84f <- TX(4)
2021-08-10 12:16:25,023 [SCMBlockDeletingService#0] DEBUG block.SCMBlockDeletingService (DatanodeDeletedBlockTransactions.java:addTransactionToDN(50)) - Transaction added: b13dbf35-3f05-4a51-87e4-7670ffffb89b <- TX(4)
2021-08-10 12:16:25,023 [SCMBlockDeletingService#0] DEBUG block.SCMBlockDeletingService (DatanodeDeletedBlockTransactions.java:addTransactionToDN(50)) - Transaction added: b13dbf35-3f05-4a51-87e4-7670ffffb89b <- TX(5)
2021-08-10 12:16:25,023 [SCMBlockDeletingService#0] DEBUG block.SCMBlockDeletingService (DatanodeDeletedBlockTransactions.java:addTransactionToDN(50)) - Transaction added: ad4991cb-97ce-4dd6-b117-42e7f6b0816f <- TX(5)
2021-08-10 12:16:25,023 [SCMBlockDeletingService#0] DEBUG block.SCMBlockDeletingService (DatanodeDeletedBlockTransactions.java:addTransactionToDN(50)) - Transaction added: 01235482-5c07-4b37-86e9-3192ec4df84f <- TX(5)
2021-08-10 12:16:25,023 [SCMBlockDeletingService#0] DEBUG block.SCMBlockDeletingService (SCMBlockDeletingService.java:call(164)) - Added delete block command for datanode ad4991cb-97ce-4dd6-b117-42e7f6b0816f in the queue, number of delete block transactions: 5
2021-08-10 12:16:25,023 [SCMBlockDeletingService#0] DEBUG block.SCMBlockDeletingService (SCMBlockDeletingService.java:call(164)) - Added delete block command for datanode 01235482-5c07-4b37-86e9-3192ec4df84f in the queue, number of delete block transactions: 5
2021-08-10 12:16:25,023 [SCMBlockDeletingService#0] DEBUG block.SCMBlockDeletingService (SCMBlockDeletingService.java:call(164)) - Added delete block command for datanode b13dbf35-3f05-4a51-87e4-7670ffffb89b in the queue, number of delete block transactions: 5
2021-08-10 12:16:25,025 [SCMBlockDeletingService#0] INFO  block.SCMBlockDeletingService (SCMBlockDeletingService.java:call(174)) - Totally added 15 blocks to be deleted for 3 datanodes, task elapsed time: 2ms
2021-08-10 12:16:25,027 [pool-466-thread-8] INFO  keyvalue.KeyValueContainer (KeyValueContainer.java:flushAndSyncDB(397)) - Container 5 is synced with bcsId 77.
2021-08-10 12:16:25,027 [pool-466-thread-8] INFO  keyvalue.KeyValueContainer (KeyValueContainer.java:flushAndSyncDB(397)) - Container 5 is synced with bcsId 77.
2021-08-10 12:16:25,031 [pool-466-thread-8] INFO  keyvalue.KeyValueContainer (KeyValueContainer.java:close(334)) - Container 5 is closed with bcsId 77.
2021-08-10 12:16:25,045 [Datanode State Machine Thread - 0] WARN  statemachine.StateContext (StateContext.java:execute(621)) - No available thread in pool for past 0 seconds.
2021-08-10 12:16:25,052 [pool-465-thread-1] INFO  keyvalue.KeyValueContainer (KeyValueContainer.java:flushAndSyncDB(397)) - Container 6 is synced with bcsId 91.
2021-08-10 12:16:25,052 [pool-465-thread-1] INFO  keyvalue.KeyValueContainer (KeyValueContainer.java:flushAndSyncDB(397)) - Container 6 is synced with bcsId 91.
2021-08-10 12:16:25,053 [pool-465-thread-1] INFO  keyvalue.KeyValueContainer (KeyValueContainer.java:close(334)) - Container 6 is closed with bcsId 91.
2021-08-10 12:16:25,057 [Datanode State Machine Thread - 0] WARN  statemachine.StateContext (StateContext.java:execute(621)) - No available thread in pool for past 0 seconds.
2021-08-10 12:16:25,057 [EventQueue-IncrementalContainerReportForIncrementalContainerReportHandler] INFO  container.IncrementalContainerReportHandler (AbstractContainerReportHandler.java:updateContainerState(223)) - Moving container #6 to CLOSED state, datanode ad4991cb-97ce-4dd6-b117-42e7f6b0816f{ip: 10.1.0.57, host: fv-az270-250.tacnzluakwdehk1hpragurqkma.bx.internal.cloudapp.net, ports: [REPLICATION=43859, RATIS=35903, RATIS_ADMIN=35903, RATIS_SERVER=35903, STANDALONE=33309], networkLocation: /default-rack, certSerialId: null, persistedOpState: IN_SERVICE, persistedOpStateExpiryEpochSec: 0} reported CLOSED replica.
2021-08-10 12:16:25,063 [Datanode State Machine Thread - 0] WARN  statemachine.StateContext (StateContext.java:execute(621)) - No available thread in pool for past 0 seconds.
2021-08-10 12:16:25,065 [pool-466-thread-5] INFO  keyvalue.KeyValueContainer (KeyValueContainer.java:flushAndSyncDB(397)) - Container 6 is synced with bcsId 91.
2021-08-10 12:16:25,075 [pool-466-thread-5] INFO  keyvalue.KeyValueContainer (KeyValueContainer.java:flushAndSyncDB(397)) - Container 6 is synced with bcsId 91.
2021-08-10 12:16:25,082 [pool-466-thread-5] INFO  keyvalue.KeyValueContainer (KeyValueContainer.java:close(334)) - Container 6 is closed with bcsId 91.
2021-08-10 12:16:25,096 [pool-467-thread-6] INFO  keyvalue.KeyValueContainer (KeyValueContainer.java:flushAndSyncDB(397)) - Container 6 is synced with bcsId 91.
2021-08-10 12:16:25,096 [pool-467-thread-6] INFO  keyvalue.KeyValueContainer (KeyValueContainer.java:flushAndSyncDB(397)) - Container 6 is synced with bcsId 91.
2021-08-10 12:16:25,098 [pool-467-thread-6] INFO  keyvalue.KeyValueContainer (KeyValueContainer.java:close(334)) - Container 6 is closed with bcsId 91.
2021-08-10 12:16:25,099 [pool-465-thread-7] INFO  keyvalue.KeyValueContainer (KeyValueContainer.java:flushAndSyncDB(397)) - Container 7 is synced with bcsId 107.
2021-08-10 12:16:25,099 [pool-465-thread-7] INFO  keyvalue.KeyValueContainer (KeyValueContainer.java:flushAndSyncDB(397)) - Container 7 is synced with bcsId 107.
2021-08-10 12:16:25,101 [pool-465-thread-7] INFO  keyvalue.KeyValueContainer (KeyValueContainer.java:close(334)) - Container 7 is closed with bcsId 107.
2021-08-10 12:16:25,121 [pool-466-thread-7] INFO  keyvalue.KeyValueContainer (KeyValueContainer.java:flushAndSyncDB(397)) - Container 7 is synced with bcsId 107.
2021-08-10 12:16:25,121 [pool-466-thread-7] INFO  keyvalue.KeyValueContainer (KeyValueContainer.java:flushAndSyncDB(397)) - Container 7 is synced with bcsId 107.
2021-08-10 12:16:25,123 [pool-466-thread-7] INFO  keyvalue.KeyValueContainer (KeyValueContainer.java:close(334)) - Container 7 is closed with bcsId 107.
2021-08-10 12:16:25,123 [SCMBlockDeletingService#0] DEBUG block.SCMBlockDeletingService (SCMBlockDeletingService.java:call(133)) - Running DeletedBlockTransactionScanner
2021-08-10 12:16:25,123 [SCMBlockDeletingService#0] DEBUG block.SCMBlockDeletingService (DatanodeDeletedBlockTransactions.java:addTransactionToDN(50)) - Transaction added: 01235482-5c07-4b37-86e9-3192ec4df84f <- TX(1)
2021-08-10 12:16:25,123 [SCMBlockDeletingService#0] DEBUG block.SCMBlockDeletingService (DatanodeDeletedBlockTransactions.java:addTransactionToDN(50)) - Transaction added: b13dbf35-3f05-4a51-87e4-7670ffffb89b <- TX(1)
2021-08-10 12:16:25,123 [SCMBlockDeletingService#0] DEBUG block.SCMBlockDeletingService (DatanodeDeletedBlockTransactions.java:addTransactionToDN(50)) - Transaction added: ad4991cb-97ce-4dd6-b117-42e7f6b0816f <- TX(1)
2021-08-10 12:16:25,123 [SCMBlockDeletingService#0] DEBUG block.SCMBlockDeletingService (DatanodeDeletedBlockTransactions.java:addTransactionToDN(50)) - Transaction added: ad4991cb-97ce-4dd6-b117-42e7f6b0816f <- TX(2)
2021-08-10 12:16:25,123 [SCMBlockDeletingService#0] DEBUG block.SCMBlockDeletingService (DatanodeDeletedBlockTransactions.java:addTransactionToDN(50)) - Transaction added: 01235482-5c07-4b37-86e9-3192ec4df84f <- TX(2)
2021-08-10 12:16:25,123 [SCMBlockDeletingService#0] DEBUG block.SCMBlockDeletingService (DatanodeDeletedBlockTransactions.java:addTransactionToDN(50)) - Transaction added: b13dbf35-3f05-4a51-87e4-7670ffffb89b <- TX(2)
2021-08-10 12:16:25,123 [SCMBlockDeletingService#0] DEBUG block.SCMBlockDeletingService (DatanodeDeletedBlockTransactions.java:addTransactionToDN(50)) - Transaction added: b13dbf35-3f05-4a51-87e4-7670ffffb89b <- TX(3)
2021-08-10 12:16:25,123 [SCMBlockDeletingService#0] DEBUG block.SCMBlockDeletingService (DatanodeDeletedBlockTransactions.java:addTransactionToDN(50)) - Transaction added: ad4991cb-97ce-4dd6-b117-42e7f6b0816f <- TX(3)
2021-08-10 12:16:25,123 [SCMBlockDeletingService#0] DEBUG block.SCMBlockDeletingService (DatanodeDeletedBlockTransactions.java:addTransactionToDN(50)) - Transaction added: 01235482-5c07-4b37-86e9-3192ec4df84f <- TX(3)
2021-08-10 12:16:25,123 [SCMBlockDeletingService#0] DEBUG block.SCMBlockDeletingService (DatanodeDeletedBlockTransactions.java:addTransactionToDN(50)) - Transaction added: ad4991cb-97ce-4dd6-b117-42e7f6b0816f <- TX(4)
2021-08-10 12:16:25,123 [SCMBlockDeletingService#0] DEBUG block.SCMBlockDeletingService (DatanodeDeletedBlockTransactions.java:addTransactionToDN(50)) - Transaction added: 01235482-5c07-4b37-86e9-3192ec4df84f <- TX(4)
2021-08-10 12:16:25,123 [SCMBlockDeletingService#0] DEBUG block.SCMBlockDeletingService (DatanodeDeletedBlockTransactions.java:addTransactionToDN(50)) - Transaction added: b13dbf35-3f05-4a51-87e4-7670ffffb89b <- TX(4)
2021-08-10 12:16:25,123 [SCMBlockDeletingService#0] DEBUG block.SCMBlockDeletingService (DatanodeDeletedBlockTransactions.java:addTransactionToDN(50)) - Transaction added: b13dbf35-3f05-4a51-87e4-7670ffffb89b <- TX(5)
2021-08-10 12:16:25,123 [SCMBlockDeletingService#0] DEBUG block.SCMBlockDeletingService (DatanodeDeletedBlockTransactions.java:addTransactionToDN(50)) - Transaction added: ad4991cb-97ce-4dd6-b117-42e7f6b0816f <- TX(5)
2021-08-10 12:16:25,123 [SCMBlockDeletingService#0] DEBUG block.SCMBlockDeletingService (DatanodeDeletedBlockTransactions.java:addTransactionToDN(50)) - Transaction added: 01235482-5c07-4b37-86e9-3192ec4df84f <- TX(5)
2021-08-10 12:16:25,123 [SCMBlockDeletingService#0] DEBUG block.SCMBlockDeletingService (DatanodeDeletedBlockTransactions.java:addTransactionToDN(50)) - Transaction added: ad4991cb-97ce-4dd6-b117-42e7f6b0816f <- TX(6)
2021-08-10 12:16:25,123 [SCMBlockDeletingService#0] DEBUG block.SCMBlockDeletingService (DatanodeDeletedBlockTransactions.java:addTransactionToDN(50)) - Transaction added: 01235482-5c07-4b37-86e9-3192ec4df84f <- TX(6)
2021-08-10 12:16:25,123 [SCMBlockDeletingService#0] DEBUG block.SCMBlockDeletingService (DatanodeDeletedBlockTransactions.java:addTransactionToDN(50)) - Transaction added: b13dbf35-3f05-4a51-87e4-7670ffffb89b <- TX(6)
2021-08-10 12:16:25,123 [SCMBlockDeletingService#0] DEBUG block.SCMBlockDeletingService (SCMBlockDeletingService.java:call(164)) - Added delete block command for datanode ad4991cb-97ce-4dd6-b117-42e7f6b0816f in the queue, number of delete block transactions: 6
2021-08-10 12:16:25,123 [SCMBlockDeletingService#0] DEBUG block.SCMBlockDeletingService (SCMBlockDeletingService.java:call(164)) - Added delete block command for datanode 01235482-5c07-4b37-86e9-3192ec4df84f in the queue, number of delete block transactions: 6
2021-08-10 12:16:25,124 [SCMBlockDeletingService#0] DEBUG block.SCMBlockDeletingService (SCMBlockDeletingService.java:call(164)) - Added delete block command for datanode b13dbf35-3f05-4a51-87e4-7670ffffb89b in the queue, number of delete block transactions: 6
2021-08-10 12:16:25,124 [SCMBlockDeletingService#0] INFO  block.SCMBlockDeletingService (SCMBlockDeletingService.java:call(174)) - Totally added 18 blocks to be deleted for 3 datanodes, task elapsed time: 1ms
2021-08-10 12:16:25,127 [Datanode State Machine Thread - 0] WARN  statemachine.StateContext (StateContext.java:execute(621)) - No available thread in pool for past 0 seconds.
2021-08-10 12:16:25,128 [EventQueue-IncrementalContainerReportForIncrementalContainerReportHandler] INFO  container.IncrementalContainerReportHandler (AbstractContainerReportHandler.java:updateContainerState(223)) - Moving container #7 to CLOSED state, datanode ad4991cb-97ce-4dd6-b117-42e7f6b0816f{ip: 10.1.0.57, host: fv-az270-250.tacnzluakwdehk1hpragurqkma.bx.internal.cloudapp.net, ports: [REPLICATION=43859, RATIS=35903, RATIS_ADMIN=35903, RATIS_SERVER=35903, STANDALONE=33309], networkLocation: /default-rack, certSerialId: null, persistedOpState: IN_SERVICE, persistedOpStateExpiryEpochSec: 0} reported CLOSED replica.
2021-08-10 12:16:25,153 [pool-467-thread-4] INFO  keyvalue.KeyValueContainer (KeyValueContainer.java:flushAndSyncDB(397)) - Container 7 is synced with bcsId 107.
2021-08-10 12:16:25,153 [pool-467-thread-4] INFO  keyvalue.KeyValueContainer (KeyValueContainer.java:flushAndSyncDB(397)) - Container 7 is synced with bcsId 107.
2021-08-10 12:16:25,156 [pool-467-thread-4] INFO  keyvalue.KeyValueContainer (KeyValueContainer.java:close(334)) - Container 7 is closed with bcsId 107.
2021-08-10 12:16:25,165 [Datanode State Machine Thread - 0] WARN  statemachine.StateContext (StateContext.java:execute(621)) - No available thread in pool for past 0 seconds.
2021-08-10 12:16:25,166 [Datanode State Machine Thread - 0] WARN  statemachine.StateContext (StateContext.java:execute(621)) - No available thread in pool for past 0 seconds.
2021-08-10 12:16:25,206 [pool-465-thread-2] INFO  keyvalue.KeyValueContainer (KeyValueContainer.java:flushAndSyncDB(397)) - Container 8 is synced with bcsId 123.
2021-08-10 12:16:25,206 [pool-465-thread-2] INFO  keyvalue.KeyValueContainer (KeyValueContainer.java:flushAndSyncDB(397)) - Container 8 is synced with bcsId 123.
2021-08-10 12:16:25,208 [pool-465-thread-2] INFO  keyvalue.KeyValueContainer (KeyValueContainer.java:close(334)) - Container 8 is closed with bcsId 123.
2021-08-10 12:16:25,218 [Datanode State Machine Thread - 0] WARN  statemachine.StateContext (StateContext.java:execute(621)) - No available thread in pool for past 0 seconds.
2021-08-10 12:16:25,218 [EventQueue-IncrementalContainerReportForIncrementalContainerReportHandler] INFO  container.IncrementalContainerReportHandler (AbstractContainerReportHandler.java:updateContainerState(223)) - Moving container #8 to CLOSED state, datanode ad4991cb-97ce-4dd6-b117-42e7f6b0816f{ip: 10.1.0.57, host: fv-az270-250.tacnzluakwdehk1hpragurqkma.bx.internal.cloudapp.net, ports: [REPLICATION=43859, RATIS=35903, RATIS_ADMIN=35903, RATIS_SERVER=35903, STANDALONE=33309], networkLocation: /default-rack, certSerialId: null, persistedOpState: IN_SERVICE, persistedOpStateExpiryEpochSec: 0} reported CLOSED replica.
2021-08-10 12:16:25,220 [pool-467-thread-5] INFO  keyvalue.KeyValueContainer (KeyValueContainer.java:flushAndSyncDB(397)) - Container 8 is synced with bcsId 123.
2021-08-10 12:16:25,220 [pool-467-thread-5] INFO  keyvalue.KeyValueContainer (KeyValueContainer.java:flushAndSyncDB(397)) - Container 8 is synced with bcsId 123.
2021-08-10 12:16:25,222 [pool-467-thread-5] INFO  keyvalue.KeyValueContainer (KeyValueContainer.java:close(334)) - Container 8 is closed with bcsId 123.
2021-08-10 12:16:25,223 [SCMBlockDeletingService#0] DEBUG block.SCMBlockDeletingService (SCMBlockDeletingService.java:call(133)) - Running DeletedBlockTransactionScanner
2021-08-10 12:16:25,240 [Datanode State Machine Thread - 0] WARN  statemachine.StateContext (StateContext.java:execute(621)) - No available thread in pool for past 0 seconds.
2021-08-10 12:16:25,241 [Datanode State Machine Thread - 0] WARN  statemachine.StateContext (StateContext.java:execute(621)) - No available thread in pool for past 0 seconds.
2021-08-10 12:16:25,240 [SCMBlockDeletingService#0] DEBUG block.SCMBlockDeletingService (DatanodeDeletedBlockTransactions.java:addTransactionToDN(50)) - Transaction added: 01235482-5c07-4b37-86e9-3192ec4df84f <- TX(1)
2021-08-10 12:16:25,243 [SCMBlockDeletingService#0] DEBUG block.SCMBlockDeletingService (DatanodeDeletedBlockTransactions.java:addTransactionToDN(50)) - Transaction added: b13dbf35-3f05-4a51-87e4-7670ffffb89b <- TX(1)
2021-08-10 12:16:25,243 [SCMBlockDeletingService#0] DEBUG block.SCMBlockDeletingService (DatanodeDeletedBlockTransactions.java:addTransactionToDN(50)) - Transaction added: ad4991cb-97ce-4dd6-b117-42e7f6b0816f <- TX(1)
2021-08-10 12:16:25,243 [SCMBlockDeletingService#0] DEBUG block.SCMBlockDeletingService (DatanodeDeletedBlockTransactions.java:addTransactionToDN(50)) - Transaction added: ad4991cb-97ce-4dd6-b117-42e7f6b0816f <- TX(2)
2021-08-10 12:16:25,243 [SCMBlockDeletingService#0] DEBUG block.SCMBlockDeletingService (DatanodeDeletedBlockTransactions.java:addTransactionToDN(50)) - Transaction added: 01235482-5c07-4b37-86e9-3192ec4df84f <- TX(2)
2021-08-10 12:16:25,243 [SCMBlockDeletingService#0] DEBUG block.SCMBlockDeletingService (DatanodeDeletedBlockTransactions.java:addTransactionToDN(50)) - Transaction added: b13dbf35-3f05-4a51-87e4-7670ffffb89b <- TX(2)
2021-08-10 12:16:25,243 [SCMBlockDeletingService#0] DEBUG block.SCMBlockDeletingService (DatanodeDeletedBlockTransactions.java:addTransactionToDN(50)) - Transaction added: b13dbf35-3f05-4a51-87e4-7670ffffb89b <- TX(3)
2021-08-10 12:16:25,243 [SCMBlockDeletingService#0] DEBUG block.SCMBlockDeletingService (DatanodeDeletedBlockTransactions.java:addTransactionToDN(50)) - Transaction added: 01235482-5c07-4b37-86e9-3192ec4df84f <- TX(3)
2021-08-10 12:16:25,243 [SCMBlockDeletingService#0] DEBUG block.SCMBlockDeletingService (DatanodeDeletedBlockTransactions.java:addTransactionToDN(50)) - Transaction added: ad4991cb-97ce-4dd6-b117-42e7f6b0816f <- TX(3)
2021-08-10 12:16:25,243 [SCMBlockDeletingService#0] DEBUG block.SCMBlockDeletingService (DatanodeDeletedBlockTransactions.java:addTransactionToDN(50)) - Transaction added: ad4991cb-97ce-4dd6-b117-42e7f6b0816f <- TX(4)
2021-08-10 12:16:25,243 [SCMBlockDeletingService#0] DEBUG block.SCMBlockDeletingService (DatanodeDeletedBlockTransactions.java:addTransactionToDN(50)) - Transaction added: 01235482-5c07-4b37-86e9-3192ec4df84f <- TX(4)
2021-08-10 12:16:25,243 [SCMBlockDeletingService#0] DEBUG block.SCMBlockDeletingService (DatanodeDeletedBlockTransactions.java:addTransactionToDN(50)) - Transaction added: b13dbf35-3f05-4a51-87e4-7670ffffb89b <- TX(4)
2021-08-10 12:16:25,243 [SCMBlockDeletingService#0] DEBUG block.SCMBlockDeletingService (DatanodeDeletedBlockTransactions.java:addTransactionToDN(50)) - Transaction added: b13dbf35-3f05-4a51-87e4-7670ffffb89b <- TX(5)
2021-08-10 12:16:25,243 [SCMBlockDeletingService#0] DEBUG block.SCMBlockDeletingService (DatanodeDeletedBlockTransactions.java:addTransactionToDN(50)) - Transaction added: ad4991cb-97ce-4dd6-b117-42e7f6b0816f <- TX(5)
2021-08-10 12:16:25,243 [SCMBlockDeletingService#0] DEBUG block.SCMBlockDeletingService (DatanodeDeletedBlockTransactions.java:addTransactionToDN(50)) - Transaction added: 01235482-5c07-4b37-86e9-3192ec4df84f <- TX(5)
2021-08-10 12:16:25,243 [SCMBlockDeletingService#0] DEBUG block.SCMBlockDeletingService (DatanodeDeletedBlockTransactions.java:addTransactionToDN(50)) - Transaction added: ad4991cb-97ce-4dd6-b117-42e7f6b0816f <- TX(6)
2021-08-10 12:16:25,243 [SCMBlockDeletingService#0] DEBUG block.SCMBlockDeletingService (DatanodeDeletedBlockTransactions.java:addTransactionToDN(50)) - Transaction added: 01235482-5c07-4b37-86e9-3192ec4df84f <- TX(6)
2021-08-10 12:16:25,243 [SCMBlockDeletingService#0] DEBUG block.SCMBlockDeletingService (DatanodeDeletedBlockTransactions.java:addTransactionToDN(50)) - Transaction added: b13dbf35-3f05-4a51-87e4-7670ffffb89b <- TX(6)
2021-08-10 12:16:25,243 [SCMBlockDeletingService#0] DEBUG block.SCMBlockDeletingService (DatanodeDeletedBlockTransactions.java:addTransactionToDN(50)) - Transaction added: b13dbf35-3f05-4a51-87e4-7670ffffb89b <- TX(7)
2021-08-10 12:16:25,243 [SCMBlockDeletingService#0] DEBUG block.SCMBlockDeletingService (DatanodeDeletedBlockTransactions.java:addTransactionToDN(50)) - Transaction added: ad4991cb-97ce-4dd6-b117-42e7f6b0816f <- TX(7)
2021-08-10 12:16:25,243 [SCMBlockDeletingService#0] DEBUG block.SCMBlockDeletingService (DatanodeDeletedBlockTransactions.java:addTransactionToDN(50)) - Transaction added: 01235482-5c07-4b37-86e9-3192ec4df84f <- TX(7)
2021-08-10 12:16:25,243 [SCMBlockDeletingService#0] DEBUG block.SCMBlockDeletingService (DatanodeDeletedBlockTransactions.java:addTransactionToDN(50)) - Transaction added: 01235482-5c07-4b37-86e9-3192ec4df84f <- TX(8)
2021-08-10 12:16:25,243 [SCMBlockDeletingService#0] DEBUG block.SCMBlockDeletingService (DatanodeDeletedBlockTransactions.java:addTransactionToDN(50)) - Transaction added: b13dbf35-3f05-4a51-87e4-7670ffffb89b <- TX(8)
2021-08-10 12:16:25,243 [SCMBlockDeletingService#0] DEBUG block.SCMBlockDeletingService (DatanodeDeletedBlockTransactions.java:addTransactionToDN(50)) - Transaction added: ad4991cb-97ce-4dd6-b117-42e7f6b0816f <- TX(8)
2021-08-10 12:16:25,244 [SCMBlockDeletingService#0] DEBUG block.SCMBlockDeletingService (SCMBlockDeletingService.java:call(164)) - Added delete block command for datanode ad4991cb-97ce-4dd6-b117-42e7f6b0816f in the queue, number of delete block transactions: 8
2021-08-10 12:16:25,244 [SCMBlockDeletingService#0] DEBUG block.SCMBlockDeletingService (SCMBlockDeletingService.java:call(164)) - Added delete block command for datanode 01235482-5c07-4b37-86e9-3192ec4df84f in the queue, number of delete block transactions: 8
2021-08-10 12:16:25,244 [SCMBlockDeletingService#0] DEBUG block.SCMBlockDeletingService (SCMBlockDeletingService.java:call(164)) - Added delete block command for datanode b13dbf35-3f05-4a51-87e4-7670ffffb89b in the queue, number of delete block transactions: 8
2021-08-10 12:16:25,244 [SCMBlockDeletingService#0] INFO  block.SCMBlockDeletingService (SCMBlockDeletingService.java:call(174)) - Totally added 24 blocks to be deleted for 3 datanodes, task elapsed time: 21ms
2021-08-10 12:16:25,250 [pool-466-thread-2] INFO  keyvalue.KeyValueContainer (KeyValueContainer.java:flushAndSyncDB(397)) - Container 8 is synced with bcsId 123.
2021-08-10 12:16:25,251 [pool-466-thread-2] INFO  keyvalue.KeyValueContainer (KeyValueContainer.java:flushAndSyncDB(397)) - Container 8 is synced with bcsId 123.
2021-08-10 12:16:25,255 [pool-466-thread-2] INFO  keyvalue.KeyValueContainer (KeyValueContainer.java:close(334)) - Container 8 is closed with bcsId 123.
2021-08-10 12:16:25,255 [Datanode State Machine Thread - 0] WARN  statemachine.StateContext (StateContext.java:execute(621)) - No available thread in pool for past 0 seconds.
2021-08-10 12:16:25,266 [pool-465-thread-4] INFO  keyvalue.KeyValueContainer (KeyValueContainer.java:flushAndSyncDB(397)) - Container 9 is synced with bcsId 139.
2021-08-10 12:16:25,266 [pool-465-thread-4] INFO  keyvalue.KeyValueContainer (KeyValueContainer.java:flushAndSyncDB(397)) - Container 9 is synced with bcsId 139.
2021-08-10 12:16:25,268 [pool-465-thread-4] INFO  keyvalue.KeyValueContainer (KeyValueContainer.java:close(334)) - Container 9 is closed with bcsId 139.
2021-08-10 12:16:25,272 [Datanode State Machine Thread - 0] WARN  statemachine.StateContext (StateContext.java:execute(621)) - No available thread in pool for past 0 seconds.
2021-08-10 12:16:25,274 [EventQueue-IncrementalContainerReportForIncrementalContainerReportHandler] INFO  container.IncrementalContainerReportHandler (AbstractContainerReportHandler.java:updateContainerState(223)) - Moving container #9 to CLOSED state, datanode ad4991cb-97ce-4dd6-b117-42e7f6b0816f{ip: 10.1.0.57, host: fv-az270-250.tacnzluakwdehk1hpragurqkma.bx.internal.cloudapp.net, ports: [REPLICATION=43859, RATIS=35903, RATIS_ADMIN=35903, RATIS_SERVER=35903, STANDALONE=33309], networkLocation: /default-rack, certSerialId: null, persistedOpState: IN_SERVICE, persistedOpStateExpiryEpochSec: 0} reported CLOSED replica.
2021-08-10 12:16:25,274 [pool-466-thread-4] INFO  keyvalue.KeyValueContainer (KeyValueContainer.java:flushAndSyncDB(397)) - Container 9 is synced with bcsId 139.
2021-08-10 12:16:25,274 [pool-466-thread-4] INFO  keyvalue.KeyValueContainer (KeyValueContainer.java:flushAndSyncDB(397)) - Container 9 is synced with bcsId 139.
2021-08-10 12:16:25,283 [pool-466-thread-4] INFO  keyvalue.KeyValueContainer (KeyValueContainer.java:close(334)) - Container 9 is closed with bcsId 139.
2021-08-10 12:16:25,300 [Datanode State Machine Thread - 0] WARN  statemachine.StateContext (StateContext.java:execute(621)) - No available thread in pool for past 0 seconds.
2021-08-10 12:16:25,306 [pool-467-thread-9] INFO  keyvalue.KeyValueContainer (KeyValueContainer.java:flushAndSyncDB(397)) - Container 9 is synced with bcsId 139.
2021-08-10 12:16:25,323 [pool-467-thread-9] INFO  keyvalue.KeyValueContainer (KeyValueContainer.java:flushAndSyncDB(397)) - Container 9 is synced with bcsId 139.
2021-08-10 12:16:25,303 [Datanode State Machine Thread - 0] WARN  statemachine.StateContext (StateContext.java:execute(621)) - No available thread in pool for past 0 seconds.
2021-08-10 12:16:25,323 [SCMBlockDeletingService#0] DEBUG block.SCMBlockDeletingService (SCMBlockDeletingService.java:call(133)) - Running DeletedBlockTransactionScanner
2021-08-10 12:16:25,324 [SCMBlockDeletingService#0] DEBUG block.SCMBlockDeletingService (DatanodeDeletedBlockTransactions.java:addTransactionToDN(50)) - Transaction added: 01235482-5c07-4b37-86e9-3192ec4df84f <- TX(1)
2021-08-10 12:16:25,324 [SCMBlockDeletingService#0] DEBUG block.SCMBlockDeletingService (DatanodeDeletedBlockTransactions.java:addTransactionToDN(50)) - Transaction added: b13dbf35-3f05-4a51-87e4-7670ffffb89b <- TX(1)
2021-08-10 12:16:25,324 [SCMBlockDeletingService#0] DEBUG block.SCMBlockDeletingService (DatanodeDeletedBlockTransactions.java:addTransactionToDN(50)) - Transaction added: ad4991cb-97ce-4dd6-b117-42e7f6b0816f <- TX(1)
2021-08-10 12:16:25,324 [SCMBlockDeletingService#0] DEBUG block.SCMBlockDeletingService (DatanodeDeletedBlockTransactions.java:addTransactionToDN(50)) - Transaction added: ad4991cb-97ce-4dd6-b117-42e7f6b0816f <- TX(2)
2021-08-10 12:16:25,324 [SCMBlockDeletingService#0] DEBUG block.SCMBlockDeletingService (DatanodeDeletedBlockTransactions.java:addTransactionToDN(50)) - Transaction added: 01235482-5c07-4b37-86e9-3192ec4df84f <- TX(2)
2021-08-10 12:16:25,324 [SCMBlockDeletingService#0] DEBUG block.SCMBlockDeletingService (DatanodeDeletedBlockTransactions.java:addTransactionToDN(50)) - Transaction added: b13dbf35-3f05-4a51-87e4-7670ffffb89b <- TX(2)
2021-08-10 12:16:25,324 [SCMBlockDeletingService#0] DEBUG block.SCMBlockDeletingService (DatanodeDeletedBlockTransactions.java:addTransactionToDN(50)) - Transaction added: b13dbf35-3f05-4a51-87e4-7670ffffb89b <- TX(3)
2021-08-10 12:16:25,324 [SCMBlockDeletingService#0] DEBUG block.SCMBlockDeletingService (DatanodeDeletedBlockTransactions.java:addTransactionToDN(50)) - Transaction added: ad4991cb-97ce-4dd6-b117-42e7f6b0816f <- TX(3)
2021-08-10 12:16:25,324 [SCMBlockDeletingService#0] DEBUG block.SCMBlockDeletingService (DatanodeDeletedBlockTransactions.java:addTransactionToDN(50)) - Transaction added: 01235482-5c07-4b37-86e9-3192ec4df84f <- TX(3)
2021-08-10 12:16:25,324 [SCMBlockDeletingService#0] DEBUG block.SCMBlockDeletingService (DatanodeDeletedBlockTransactions.java:addTransactionToDN(50)) - Transaction added: ad4991cb-97ce-4dd6-b117-42e7f6b0816f <- TX(4)
2021-08-10 12:16:25,324 [SCMBlockDeletingService#0] DEBUG block.SCMBlockDeletingService (DatanodeDeletedBlockTransactions.java:addTransactionToDN(50)) - Transaction added: 01235482-5c07-4b37-86e9-3192ec4df84f <- TX(4)
2021-08-10 12:16:25,324 [SCMBlockDeletingService#0] DEBUG block.SCMBlockDeletingService (DatanodeDeletedBlockTransactions.java:addTransactionToDN(50)) - Transaction added: b13dbf35-3f05-4a51-87e4-7670ffffb89b <- TX(4)
2021-08-10 12:16:25,324 [SCMBlockDeletingService#0] DEBUG block.SCMBlockDeletingService (DatanodeDeletedBlockTransactions.java:addTransactionToDN(50)) - Transaction added: b13dbf35-3f05-4a51-87e4-7670ffffb89b <- TX(5)
2021-08-10 12:16:25,324 [SCMBlockDeletingService#0] DEBUG block.SCMBlockDeletingService (DatanodeDeletedBlockTransactions.java:addTransactionToDN(50)) - Transaction added: ad4991cb-97ce-4dd6-b117-42e7f6b0816f <- TX(5)
2021-08-10 12:16:25,324 [SCMBlockDeletingService#0] DEBUG block.SCMBlockDeletingService (DatanodeDeletedBlockTransactions.java:addTransactionToDN(50)) - Transaction added: 01235482-5c07-4b37-86e9-3192ec4df84f <- TX(5)
2021-08-10 12:16:25,324 [SCMBlockDeletingService#0] DEBUG block.SCMBlockDeletingService (DatanodeDeletedBlockTransactions.java:addTransactionToDN(50)) - Transaction added: ad4991cb-97ce-4dd6-b117-42e7f6b0816f <- TX(6)
2021-08-10 12:16:25,324 [SCMBlockDeletingService#0] DEBUG block.SCMBlockDeletingService (DatanodeDeletedBlockTransactions.java:addTransactionToDN(50)) - Transaction added: 01235482-5c07-4b37-86e9-3192ec4df84f <- TX(6)
2021-08-10 12:16:25,324 [SCMBlockDeletingService#0] DEBUG block.SCMBlockDeletingService (DatanodeDeletedBlockTransactions.java:addTransactionToDN(50)) - Transaction added: b13dbf35-3f05-4a51-87e4-7670ffffb89b <- TX(6)
2021-08-10 12:16:25,324 [SCMBlockDeletingService#0] DEBUG block.SCMBlockDeletingService (DatanodeDeletedBlockTransactions.java:addTransactionToDN(50)) - Transaction added: b13dbf35-3f05-4a51-87e4-7670ffffb89b <- TX(7)
2021-08-10 12:16:25,324 [SCMBlockDeletingService#0] DEBUG block.SCMBlockDeletingService (DatanodeDeletedBlockTransactions.java:addTransactionToDN(50)) - Transaction added: ad4991cb-97ce-4dd6-b117-42e7f6b0816f <- TX(7)
2021-08-10 12:16:25,324 [SCMBlockDeletingService#0] DEBUG block.SCMBlockDeletingService (DatanodeDeletedBlockTransactions.java:addTransactionToDN(50)) - Transaction added: 01235482-5c07-4b37-86e9-3192ec4df84f <- TX(7)
2021-08-10 12:16:25,324 [SCMBlockDeletingService#0] DEBUG block.SCMBlockDeletingService (DatanodeDeletedBlockTransactions.java:addTransactionToDN(50)) - Transaction added: 01235482-5c07-4b37-86e9-3192ec4df84f <- TX(8)
2021-08-10 12:16:25,324 [SCMBlockDeletingService#0] DEBUG block.SCMBlockDeletingService (DatanodeDeletedBlockTransactions.java:addTransactionToDN(50)) - Transaction added: b13dbf35-3f05-4a51-87e4-7670ffffb89b <- TX(8)
2021-08-10 12:16:25,324 [SCMBlockDeletingService#0] DEBUG block.SCMBlockDeletingService (DatanodeDeletedBlockTransactions.java:addTransactionToDN(50)) - Transaction added: ad4991cb-97ce-4dd6-b117-42e7f6b0816f <- TX(8)
2021-08-10 12:16:25,324 [SCMBlockDeletingService#0] DEBUG block.SCMBlockDeletingService (DatanodeDeletedBlockTransactions.java:addTransactionToDN(50)) - Transaction added: b13dbf35-3f05-4a51-87e4-7670ffffb89b <- TX(9)
2021-08-10 12:16:25,327 [SCMBlockDeletingService#0] DEBUG block.SCMBlockDeletingService (DatanodeDeletedBlockTransactions.java:addTransactionToDN(50)) - Transaction added: ad4991cb-97ce-4dd6-b117-42e7f6b0816f <- TX(9)
2021-08-10 12:16:25,327 [SCMBlockDeletingService#0] DEBUG block.SCMBlockDeletingService (DatanodeDeletedBlockTransactions.java:addTransactionToDN(50)) - Transaction added: 01235482-5c07-4b37-86e9-3192ec4df84f <- TX(9)
2021-08-10 12:16:25,327 [SCMBlockDeletingService#0] DEBUG block.SCMBlockDeletingService (SCMBlockDeletingService.java:call(164)) - Added delete block command for datanode ad4991cb-97ce-4dd6-b117-42e7f6b0816f in the queue, number of delete block transactions: 9
2021-08-10 12:16:25,327 [SCMBlockDeletingService#0] DEBUG block.SCMBlockDeletingService (SCMBlockDeletingService.java:call(164)) - Added delete block command for datanode 01235482-5c07-4b37-86e9-3192ec4df84f in the queue, number of delete block transactions: 9
2021-08-10 12:16:25,327 [SCMBlockDeletingService#0] DEBUG block.SCMBlockDeletingService (SCMBlockDeletingService.java:call(164)) - Added delete block command for datanode b13dbf35-3f05-4a51-87e4-7670ffffb89b in the queue, number of delete block transactions: 9
2021-08-10 12:16:25,327 [SCMBlockDeletingService#0] INFO  block.SCMBlockDeletingService (SCMBlockDeletingService.java:call(174)) - Totally added 27 blocks to be deleted for 3 datanodes, task elapsed time: 4ms
2021-08-10 12:16:25,335 [pool-467-thread-9] INFO  keyvalue.KeyValueContainer (KeyValueContainer.java:close(334)) - Container 9 is closed with bcsId 139.
2021-08-10 12:16:25,335 [Datanode State Machine Thread - 0] WARN  statemachine.StateContext (StateContext.java:execute(621)) - No available thread in pool for past 0 seconds.
2021-08-10 12:16:25,344 [pool-465-thread-3] INFO  keyvalue.KeyValueContainer (KeyValueContainer.java:flushAndSyncDB(397)) - Container 10 is synced with bcsId 153.
2021-08-10 12:16:25,344 [pool-465-thread-3] INFO  keyvalue.KeyValueContainer (KeyValueContainer.java:flushAndSyncDB(397)) - Container 10 is synced with bcsId 153.
2021-08-10 12:16:25,347 [pool-467-thread-8] INFO  keyvalue.KeyValueContainer (KeyValueContainer.java:flushAndSyncDB(397)) - Container 10 is synced with bcsId 153.
2021-08-10 12:16:25,347 [pool-467-thread-8] INFO  keyvalue.KeyValueContainer (KeyValueContainer.java:flushAndSyncDB(397)) - Container 10 is synced with bcsId 153.
2021-08-10 12:16:25,350 [pool-465-thread-3] INFO  keyvalue.KeyValueContainer (KeyValueContainer.java:close(334)) - Container 10 is closed with bcsId 153.
2021-08-10 12:16:25,350 [pool-467-thread-8] INFO  keyvalue.KeyValueContainer (KeyValueContainer.java:close(334)) - Container 10 is closed with bcsId 153.
2021-08-10 12:16:25,371 [Datanode State Machine Thread - 0] WARN  statemachine.StateContext (StateContext.java:execute(621)) - No available thread in pool for past 0 seconds.
2021-08-10 12:16:25,371 [Datanode State Machine Thread - 0] WARN  statemachine.StateContext (StateContext.java:execute(621)) - No available thread in pool for past 0 seconds.
2021-08-10 12:16:25,373 [EventQueue-IncrementalContainerReportForIncrementalContainerReportHandler] INFO  container.IncrementalContainerReportHandler (AbstractContainerReportHandler.java:updateContainerState(223)) - Moving container #10 to CLOSED state, datanode ad4991cb-97ce-4dd6-b117-42e7f6b0816f{ip: 10.1.0.57, host: fv-az270-250.tacnzluakwdehk1hpragurqkma.bx.internal.cloudapp.net, ports: [REPLICATION=43859, RATIS=35903, RATIS_ADMIN=35903, RATIS_SERVER=35903, STANDALONE=33309], networkLocation: /default-rack, certSerialId: null, persistedOpState: IN_SERVICE, persistedOpStateExpiryEpochSec: 0} reported CLOSED replica.
2021-08-10 12:16:25,376 [pool-466-thread-3] INFO  keyvalue.KeyValueContainer (KeyValueContainer.java:flushAndSyncDB(397)) - Container 10 is synced with bcsId 153.
2021-08-10 12:16:25,376 [pool-466-thread-3] INFO  keyvalue.KeyValueContainer (KeyValueContainer.java:flushAndSyncDB(397)) - Container 10 is synced with bcsId 153.
2021-08-10 12:16:25,379 [pool-466-thread-3] INFO  keyvalue.KeyValueContainer (KeyValueContainer.java:close(334)) - Container 10 is closed with bcsId 153.
2021-08-10 12:16:25,380 [Listener at 127.0.0.1/43569] WARN  commandhandler.TestBlockDeletion (TestBlockDeletion.java:lambda$testBlockDeletion$3(251)) - Verify blocks deletion failed
java.lang.AssertionError: expected null, but was:<[blockId=conID: 1 locID: 107544261427200001 bcsId: 14, size=4194304]>
	at org.junit.Assert.fail(Assert.java:89)
	at org.junit.Assert.failNotNull(Assert.java:756)
	at org.junit.Assert.assertNull(Assert.java:738)
	at org.junit.Assert.assertNull(Assert.java:748)
	at org.apache.hadoop.ozone.container.common.statemachine.commandhandler.TestBlockDeletion.lambda$verifyBlocksDeleted$15(TestBlockDeletion.java:453)
	at org.apache.hadoop.ozone.OzoneTestUtils.performOperationOnKeyContainers(OzoneTestUtils.java:133)
	at org.apache.hadoop.ozone.container.common.statemachine.commandhandler.TestBlockDeletion.verifyBlocksDeleted(TestBlockDeletion.java:442)
	at org.apache.hadoop.ozone.container.common.statemachine.commandhandler.TestBlockDeletion.lambda$testBlockDeletion$3(TestBlockDeletion.java:248)
	at org.apache.ozone.test.GenericTestUtils.waitFor(GenericTestUtils.java:215)
	at org.apache.hadoop.ozone.container.common.statemachine.commandhandler.TestBlockDeletion.testBlockDeletion(TestBlockDeletion.java:246)
	at sun.reflect.NativeMethodAccessorImpl.invoke0(Native Method)
	at sun.reflect.NativeMethodAccessorImpl.invoke(NativeMethodAccessorImpl.java:62)
	at sun.reflect.DelegatingMethodAccessorImpl.invoke(DelegatingMethodAccessorImpl.java:43)
	at java.lang.reflect.Method.invoke(Method.java:498)
	at org.junit.runners.model.FrameworkMethod$1.runReflectiveCall(FrameworkMethod.java:59)
	at org.junit.internal.runners.model.ReflectiveCallable.run(ReflectiveCallable.java:12)
	at org.junit.runners.model.FrameworkMethod.invokeExplosively(FrameworkMethod.java:56)
	at org.junit.internal.runners.statements.InvokeMethod.evaluate(InvokeMethod.java:17)
	at org.junit.internal.runners.statements.RunBefores.evaluate(RunBefores.java:26)
	at org.junit.internal.runners.statements.RunAfters.evaluate(RunAfters.java:27)
	at org.junit.runners.ParentRunner$3.evaluate(ParentRunner.java:306)
	at org.junit.runners.BlockJUnit4ClassRunner$1.evaluate(BlockJUnit4ClassRunner.java:100)
	at org.junit.runners.ParentRunner.runLeaf(ParentRunner.java:366)
	at org.junit.runners.BlockJUnit4ClassRunner.runChild(BlockJUnit4ClassRunner.java:103)
	at org.junit.runners.BlockJUnit4ClassRunner.runChild(BlockJUnit4ClassRunner.java:63)
	at org.junit.runners.ParentRunner$4.run(ParentRunner.java:331)
	at org.junit.runners.ParentRunner$1.schedule(ParentRunner.java:79)
	at org.junit.runners.ParentRunner.runChildren(ParentRunner.java:329)
	at org.junit.runners.ParentRunner.access$100(ParentRunner.java:66)
	at org.junit.runners.ParentRunner$2.evaluate(ParentRunner.java:293)
	at org.junit.runners.ParentRunner$3.evaluate(ParentRunner.java:306)
	at org.junit.runners.ParentRunner.run(ParentRunner.java:413)
	at org.junit.runner.JUnitCore.run(JUnitCore.java:137)
	at org.junit.runner.JUnitCore.run(JUnitCore.java:115)
	at org.junit.vintage.engine.execution.RunnerExecutor.execute(RunnerExecutor.java:43)
	at java.util.stream.ForEachOps$ForEachOp$OfRef.accept(ForEachOps.java:183)
	at java.util.stream.ReferencePipeline$3$1.accept(ReferencePipeline.java:193)
	at java.util.Iterator.forEachRemaining(Iterator.java:116)
	at java.util.Spliterators$IteratorSpliterator.forEachRemaining(Spliterators.java:1801)
	at java.util.stream.AbstractPipeline.copyInto(AbstractPipeline.java:482)
	at java.util.stream.AbstractPipeline.wrapAndCopyInto(AbstractPipeline.java:472)
	at java.util.stream.ForEachOps$ForEachOp.evaluateSequential(ForEachOps.java:150)
	at java.util.stream.ForEachOps$ForEachOp$OfRef.evaluateSequential(ForEachOps.java:173)
	at java.util.stream.AbstractPipeline.evaluate(AbstractPipeline.java:234)
	at java.util.stream.ReferencePipeline.forEach(ReferencePipeline.java:485)
	at org.junit.vintage.engine.VintageTestEngine.executeAllChildren(VintageTestEngine.java:82)
	at org.junit.vintage.engine.VintageTestEngine.execute(VintageTestEngine.java:73)
	at org.junit.platform.launcher.core.EngineExecutionOrchestrator.execute(EngineExecutionOrchestrator.java:108)
	at org.junit.platform.launcher.core.EngineExecutionOrchestrator.execute(EngineExecutionOrchestrator.java:88)
	at org.junit.platform.launcher.core.EngineExecutionOrchestrator.lambda$execute$0(EngineExecutionOrchestrator.java:54)
	at org.junit.platform.launcher.core.EngineExecutionOrchestrator.withInterceptedStreams(EngineExecutionOrchestrator.java:67)
	at org.junit.platform.launcher.core.EngineExecutionOrchestrator.execute(EngineExecutionOrchestrator.java:52)
	at org.junit.platform.launcher.core.DefaultLauncher.execute(DefaultLauncher.java:96)
	at org.junit.platform.launcher.core.DefaultLauncher.execute(DefaultLauncher.java:75)
	at org.apache.maven.surefire.junitplatform.JUnitPlatformProvider.invokeAllTests(JUnitPlatformProvider.java:142)
	at org.apache.maven.surefire.junitplatform.JUnitPlatformProvider.invoke(JUnitPlatformProvider.java:113)
	at org.apache.maven.surefire.booter.ForkedBooter.invokeProviderInSameClassLoader(ForkedBooter.java:384)
	at org.apache.maven.surefire.booter.ForkedBooter.runSuitesInProcess(ForkedBooter.java:345)
	at org.apache.maven.surefire.booter.ForkedBooter.execute(ForkedBooter.java:126)
	at org.apache.maven.surefire.booter.ForkedBooter.main(ForkedBooter.java:418)
2021-08-10 12:16:25,384 [Datanode State Machine Thread - 0] WARN  statemachine.StateContext (StateContext.java:execute(621)) - No available thread in pool for past 0 seconds.
2021-08-10 12:16:25,383 [Datanode State Machine Thread - 0] WARN  statemachine.StateContext (StateContext.java:execute(621)) - No available thread in pool for past 0 seconds.
2021-08-10 12:16:25,432 [SCMBlockDeletingService#0] DEBUG block.SCMBlockDeletingService (SCMBlockDeletingService.java:call(133)) - Running DeletedBlockTransactionScanner
2021-08-10 12:16:25,432 [SCMBlockDeletingService#0] DEBUG block.SCMBlockDeletingService (DatanodeDeletedBlockTransactions.java:addTransactionToDN(50)) - Transaction added: 01235482-5c07-4b37-86e9-3192ec4df84f <- TX(1)
2021-08-10 12:16:25,432 [SCMBlockDeletingService#0] DEBUG block.SCMBlockDeletingService (DatanodeDeletedBlockTransactions.java:addTransactionToDN(50)) - Transaction added: b13dbf35-3f05-4a51-87e4-7670ffffb89b <- TX(1)
2021-08-10 12:16:25,432 [SCMBlockDeletingService#0] DEBUG block.SCMBlockDeletingService (DatanodeDeletedBlockTransactions.java:addTransactionToDN(50)) - Transaction added: ad4991cb-97ce-4dd6-b117-42e7f6b0816f <- TX(1)
2021-08-10 12:16:25,432 [SCMBlockDeletingService#0] DEBUG block.SCMBlockDeletingService (DatanodeDeletedBlockTransactions.java:addTransactionToDN(50)) - Transaction added: ad4991cb-97ce-4dd6-b117-42e7f6b0816f <- TX(2)
2021-08-10 12:16:25,432 [SCMBlockDeletingService#0] DEBUG block.SCMBlockDeletingService (DatanodeDeletedBlockTransactions.java:addTransactionToDN(50)) - Transaction added: 01235482-5c07-4b37-86e9-3192ec4df84f <- TX(2)
2021-08-10 12:16:25,432 [SCMBlockDeletingService#0] DEBUG block.SCMBlockDeletingService (DatanodeDeletedBlockTransactions.java:addTransactionToDN(50)) - Transaction added: b13dbf35-3f05-4a51-87e4-7670ffffb89b <- TX(2)
2021-08-10 12:16:25,432 [SCMBlockDeletingService#0] DEBUG block.SCMBlockDeletingService (DatanodeDeletedBlockTransactions.java:addTransactionToDN(50)) - Transaction added: b13dbf35-3f05-4a51-87e4-7670ffffb89b <- TX(3)
2021-08-10 12:16:25,432 [SCMBlockDeletingService#0] DEBUG block.SCMBlockDeletingService (DatanodeDeletedBlockTransactions.java:addTransactionToDN(50)) - Transaction added: ad4991cb-97ce-4dd6-b117-42e7f6b0816f <- TX(3)
2021-08-10 12:16:25,432 [SCMBlockDeletingService#0] DEBUG block.SCMBlockDeletingService (DatanodeDeletedBlockTransactions.java:addTransactionToDN(50)) - Transaction added: 01235482-5c07-4b37-86e9-3192ec4df84f <- TX(3)
2021-08-10 12:16:25,432 [SCMBlockDeletingService#0] DEBUG block.SCMBlockDeletingService (DatanodeDeletedBlockTransactions.java:addTransactionToDN(50)) - Transaction added: ad4991cb-97ce-4dd6-b117-42e7f6b0816f <- TX(4)
2021-08-10 12:16:25,432 [SCMBlockDeletingService#0] DEBUG block.SCMBlockDeletingService (DatanodeDeletedBlockTransactions.java:addTransactionToDN(50)) - Transaction added: 01235482-5c07-4b37-86e9-3192ec4df84f <- TX(4)
2021-08-10 12:16:25,433 [SCMBlockDeletingService#0] DEBUG block.SCMBlockDeletingService (DatanodeDeletedBlockTransactions.java:addTransactionToDN(50)) - Transaction added: b13dbf35-3f05-4a51-87e4-7670ffffb89b <- TX(4)
2021-08-10 12:16:25,433 [SCMBlockDeletingService#0] DEBUG block.SCMBlockDeletingService (DatanodeDeletedBlockTransactions.java:addTransactionToDN(50)) - Transaction added: b13dbf35-3f05-4a51-87e4-7670ffffb89b <- TX(5)
2021-08-10 12:16:25,433 [SCMBlockDeletingService#0] DEBUG block.SCMBlockDeletingService (DatanodeDeletedBlockTransactions.java:addTransactionToDN(50)) - Transaction added: ad4991cb-97ce-4dd6-b117-42e7f6b0816f <- TX(5)
2021-08-10 12:16:25,433 [SCMBlockDeletingService#0] DEBUG block.SCMBlockDeletingService (DatanodeDeletedBlockTransactions.java:addTransactionToDN(50)) - Transaction added: 01235482-5c07-4b37-86e9-3192ec4df84f <- TX(5)
2021-08-10 12:16:25,433 [SCMBlockDeletingService#0] DEBUG block.SCMBlockDeletingService (DatanodeDeletedBlockTransactions.java:addTransactionToDN(50)) - Transaction added: ad4991cb-97ce-4dd6-b117-42e7f6b0816f <- TX(6)
2021-08-10 12:16:25,433 [SCMBlockDeletingService#0] DEBUG block.SCMBlockDeletingService (DatanodeDeletedBlockTransactions.java:addTransactionToDN(50)) - Transaction added: 01235482-5c07-4b37-86e9-3192ec4df84f <- TX(6)
2021-08-10 12:16:25,433 [SCMBlockDeletingService#0] DEBUG block.SCMBlockDeletingService (DatanodeDeletedBlockTransactions.java:addTransactionToDN(50)) - Transaction added: b13dbf35-3f05-4a51-87e4-7670ffffb89b <- TX(6)
2021-08-10 12:16:25,433 [SCMBlockDeletingService#0] DEBUG block.SCMBlockDeletingService (DatanodeDeletedBlockTransactions.java:addTransactionToDN(50)) - Transaction added: b13dbf35-3f05-4a51-87e4-7670ffffb89b <- TX(7)
2021-08-10 12:16:25,433 [SCMBlockDeletingService#0] DEBUG block.SCMBlockDeletingService (DatanodeDeletedBlockTransactions.java:addTransactionToDN(50)) - Transaction added: ad4991cb-97ce-4dd6-b117-42e7f6b0816f <- TX(7)
2021-08-10 12:16:25,433 [SCMBlockDeletingService#0] DEBUG block.SCMBlockDeletingService (DatanodeDeletedBlockTransactions.java:addTransactionToDN(50)) - Transaction added: 01235482-5c07-4b37-86e9-3192ec4df84f <- TX(7)
2021-08-10 12:16:25,433 [SCMBlockDeletingService#0] DEBUG block.SCMBlockDeletingService (DatanodeDeletedBlockTransactions.java:addTransactionToDN(50)) - Transaction added: 01235482-5c07-4b37-86e9-3192ec4df84f <- TX(8)
2021-08-10 12:16:25,433 [SCMBlockDeletingService#0] DEBUG block.SCMBlockDeletingService (DatanodeDeletedBlockTransactions.java:addTransactionToDN(50)) - Transaction added: b13dbf35-3f05-4a51-87e4-7670ffffb89b <- TX(8)
2021-08-10 12:16:25,433 [SCMBlockDeletingService#0] DEBUG block.SCMBlockDeletingService (DatanodeDeletedBlockTransactions.java:addTransactionToDN(50)) - Transaction added: ad4991cb-97ce-4dd6-b117-42e7f6b0816f <- TX(8)
2021-08-10 12:16:25,433 [SCMBlockDeletingService#0] DEBUG block.SCMBlockDeletingService (DatanodeDeletedBlockTransactions.java:addTransactionToDN(50)) - Transaction added: b13dbf35-3f05-4a51-87e4-7670ffffb89b <- TX(9)
2021-08-10 12:16:25,433 [SCMBlockDeletingService#0] DEBUG block.SCMBlockDeletingService (DatanodeDeletedBlockTransactions.java:addTransactionToDN(50)) - Transaction added: ad4991cb-97ce-4dd6-b117-42e7f6b0816f <- TX(9)
2021-08-10 12:16:25,433 [SCMBlockDeletingService#0] DEBUG block.SCMBlockDeletingService (DatanodeDeletedBlockTransactions.java:addTransactionToDN(50)) - Transaction added: 01235482-5c07-4b37-86e9-3192ec4df84f <- TX(9)
2021-08-10 12:16:25,433 [SCMBlockDeletingService#0] DEBUG block.SCMBlockDeletingService (DatanodeDeletedBlockTransactions.java:addTransactionToDN(50)) - Transaction added: 01235482-5c07-4b37-86e9-3192ec4df84f <- TX(10)
2021-08-10 12:16:25,433 [SCMBlockDeletingService#0] DEBUG block.SCMBlockDeletingService (DatanodeDeletedBlockTransactions.java:addTransactionToDN(50)) - Transaction added: b13dbf35-3f05-4a51-87e4-7670ffffb89b <- TX(10)
2021-08-10 12:16:25,433 [SCMBlockDeletingService#0] DEBUG block.SCMBlockDeletingService (DatanodeDeletedBlockTransactions.java:addTransactionToDN(50)) - Transaction added: ad4991cb-97ce-4dd6-b117-42e7f6b0816f <- TX(10)
2021-08-10 12:16:25,433 [SCMBlockDeletingService#0] DEBUG block.SCMBlockDeletingService (SCMBlockDeletingService.java:call(164)) - Added delete block command for datanode ad4991cb-97ce-4dd6-b117-42e7f6b0816f in the queue, number of delete block transactions: 10
2021-08-10 12:16:25,433 [SCMBlockDeletingService#0] DEBUG block.SCMBlockDeletingService (SCMBlockDeletingService.java:call(164)) - Added delete block command for datanode 01235482-5c07-4b37-86e9-3192ec4df84f in the queue, number of delete block transactions: 10
2021-08-10 12:16:25,433 [SCMBlockDeletingService#0] DEBUG block.SCMBlockDeletingService (SCMBlockDeletingService.java:call(164)) - Added delete block command for datanode b13dbf35-3f05-4a51-87e4-7670ffffb89b in the queue, number of delete block transactions: 10
2021-08-10 12:16:25,433 [SCMBlockDeletingService#0] INFO  block.SCMBlockDeletingService (SCMBlockDeletingService.java:call(174)) - Totally added 30 blocks to be deleted for 3 datanodes, task elapsed time: 1ms
2021-08-10 12:16:25,532 [SCMBlockDeletingService#0] DEBUG block.SCMBlockDeletingService (SCMBlockDeletingService.java:call(133)) - Running DeletedBlockTransactionScanner
2021-08-10 12:16:25,532 [SCMBlockDeletingService#0] DEBUG block.SCMBlockDeletingService (DatanodeDeletedBlockTransactions.java:addTransactionToDN(50)) - Transaction added: 01235482-5c07-4b37-86e9-3192ec4df84f <- TX(1)
2021-08-10 12:16:25,532 [SCMBlockDeletingService#0] DEBUG block.SCMBlockDeletingService (DatanodeDeletedBlockTransactions.java:addTransactionToDN(50)) - Transaction added: b13dbf35-3f05-4a51-87e4-7670ffffb89b <- TX(1)
2021-08-10 12:16:25,532 [SCMBlockDeletingService#0] DEBUG block.SCMBlockDeletingService (DatanodeDeletedBlockTransactions.java:addTransactionToDN(50)) - Transaction added: ad4991cb-97ce-4dd6-b117-42e7f6b0816f <- TX(1)
2021-08-10 12:16:25,532 [SCMBlockDeletingService#0] DEBUG block.SCMBlockDeletingService (DatanodeDeletedBlockTransactions.java:addTransactionToDN(50)) - Transaction added: ad4991cb-97ce-4dd6-b117-42e7f6b0816f <- TX(2)
2021-08-10 12:16:25,532 [SCMBlockDeletingService#0] DEBUG block.SCMBlockDeletingService (DatanodeDeletedBlockTransactions.java:addTransactionToDN(50)) - Transaction added: 01235482-5c07-4b37-86e9-3192ec4df84f <- TX(2)
2021-08-10 12:16:25,532 [SCMBlockDeletingService#0] DEBUG block.SCMBlockDeletingService (DatanodeDeletedBlockTransactions.java:addTransactionToDN(50)) - Transaction added: b13dbf35-3f05-4a51-87e4-7670ffffb89b <- TX(2)
2021-08-10 12:16:25,532 [SCMBlockDeletingService#0] DEBUG block.SCMBlockDeletingService (DatanodeDeletedBlockTransactions.java:addTransactionToDN(50)) - Transaction added: b13dbf35-3f05-4a51-87e4-7670ffffb89b <- TX(3)
2021-08-10 12:16:25,532 [SCMBlockDeletingService#0] DEBUG block.SCMBlockDeletingService (DatanodeDeletedBlockTransactions.java:addTransactionToDN(50)) - Transaction added: ad4991cb-97ce-4dd6-b117-42e7f6b0816f <- TX(3)
2021-08-10 12:16:25,532 [SCMBlockDeletingService#0] DEBUG block.SCMBlockDeletingService (DatanodeDeletedBlockTransactions.java:addTransactionToDN(50)) - Transaction added: 01235482-5c07-4b37-86e9-3192ec4df84f <- TX(3)
2021-08-10 12:16:25,532 [SCMBlockDeletingService#0] DEBUG block.SCMBlockDeletingService (DatanodeDeletedBlockTransactions.java:addTransactionToDN(50)) - Transaction added: ad4991cb-97ce-4dd6-b117-42e7f6b0816f <- TX(4)
2021-08-10 12:16:25,533 [SCMBlockDeletingService#0] DEBUG block.SCMBlockDeletingService (DatanodeDeletedBlockTransactions.java:addTransactionToDN(50)) - Transaction added: 01235482-5c07-4b37-86e9-3192ec4df84f <- TX(4)
2021-08-10 12:16:25,533 [SCMBlockDeletingService#0] DEBUG block.SCMBlockDeletingService (DatanodeDeletedBlockTransactions.java:addTransactionToDN(50)) - Transaction added: b13dbf35-3f05-4a51-87e4-7670ffffb89b <- TX(4)
2021-08-10 12:16:25,533 [SCMBlockDeletingService#0] DEBUG block.SCMBlockDeletingService (DatanodeDeletedBlockTransactions.java:addTransactionToDN(50)) - Transaction added: b13dbf35-3f05-4a51-87e4-7670ffffb89b <- TX(5)
2021-08-10 12:16:25,533 [SCMBlockDeletingService#0] DEBUG block.SCMBlockDeletingService (DatanodeDeletedBlockTransactions.java:addTransactionToDN(50)) - Transaction added: ad4991cb-97ce-4dd6-b117-42e7f6b0816f <- TX(5)
2021-08-10 12:16:25,533 [SCMBlockDeletingService#0] DEBUG block.SCMBlockDeletingService (DatanodeDeletedBlockTransactions.java:addTransactionToDN(50)) - Transaction added: 01235482-5c07-4b37-86e9-3192ec4df84f <- TX(5)
2021-08-10 12:16:25,533 [SCMBlockDeletingService#0] DEBUG block.SCMBlockDeletingService (DatanodeDeletedBlockTransactions.java:addTransactionToDN(50)) - Transaction added: ad4991cb-97ce-4dd6-b117-42e7f6b0816f <- TX(6)
2021-08-10 12:16:25,533 [SCMBlockDeletingService#0] DEBUG block.SCMBlockDeletingService (DatanodeDeletedBlockTransactions.java:addTransactionToDN(50)) - Transaction added: 01235482-5c07-4b37-86e9-3192ec4df84f <- TX(6)
2021-08-10 12:16:25,533 [SCMBlockDeletingService#0] DEBUG block.SCMBlockDeletingService (DatanodeDeletedBlockTransactions.java:addTransactionToDN(50)) - Transaction added: b13dbf35-3f05-4a51-87e4-7670ffffb89b <- TX(6)
2021-08-10 12:16:25,533 [SCMBlockDeletingService#0] DEBUG block.SCMBlockDeletingService (DatanodeDeletedBlockTransactions.java:addTransactionToDN(50)) - Transaction added: b13dbf35-3f05-4a51-87e4-7670ffffb89b <- TX(7)
2021-08-10 12:16:25,533 [SCMBlockDeletingService#0] DEBUG block.SCMBlockDeletingService (DatanodeDeletedBlockTransactions.java:addTransactionToDN(50)) - Transaction added: ad4991cb-97ce-4dd6-b117-42e7f6b0816f <- TX(7)
2021-08-10 12:16:25,533 [SCMBlockDeletingService#0] DEBUG block.SCMBlockDeletingService (DatanodeDeletedBlockTransactions.java:addTransactionToDN(50)) - Transaction added: 01235482-5c07-4b37-86e9-3192ec4df84f <- TX(7)
2021-08-10 12:16:25,533 [SCMBlockDeletingService#0] DEBUG block.SCMBlockDeletingService (DatanodeDeletedBlockTransactions.java:addTransactionToDN(50)) - Transaction added: 01235482-5c07-4b37-86e9-3192ec4df84f <- TX(8)
2021-08-10 12:16:25,533 [SCMBlockDeletingService#0] DEBUG block.SCMBlockDeletingService (DatanodeDeletedBlockTransactions.java:addTransactionToDN(50)) - Transaction added: b13dbf35-3f05-4a51-87e4-7670ffffb89b <- TX(8)
2021-08-10 12:16:25,533 [SCMBlockDeletingService#0] DEBUG block.SCMBlockDeletingService (DatanodeDeletedBlockTransactions.java:addTransactionToDN(50)) - Transaction added: ad4991cb-97ce-4dd6-b117-42e7f6b0816f <- TX(8)
2021-08-10 12:16:25,533 [SCMBlockDeletingService#0] DEBUG block.SCMBlockDeletingService (DatanodeDeletedBlockTransactions.java:addTransactionToDN(50)) - Transaction added: b13dbf35-3f05-4a51-87e4-7670ffffb89b <- TX(9)
2021-08-10 12:16:25,533 [SCMBlockDeletingService#0] DEBUG block.SCMBlockDeletingService (DatanodeDeletedBlockTransactions.java:addTransactionToDN(50)) - Transaction added: ad4991cb-97ce-4dd6-b117-42e7f6b0816f <- TX(9)
2021-08-10 12:16:25,533 [SCMBlockDeletingService#0] DEBUG block.SCMBlockDeletingService (DatanodeDeletedBlockTransactions.java:addTransactionToDN(50)) - Transaction added: 01235482-5c07-4b37-86e9-3192ec4df84f <- TX(9)
2021-08-10 12:16:25,533 [SCMBlockDeletingService#0] DEBUG block.SCMBlockDeletingService (DatanodeDeletedBlockTransactions.java:addTransactionToDN(50)) - Transaction added: 01235482-5c07-4b37-86e9-3192ec4df84f <- TX(10)
2021-08-10 12:16:25,533 [SCMBlockDeletingService#0] DEBUG block.SCMBlockDeletingService (DatanodeDeletedBlockTransactions.java:addTransactionToDN(50)) - Transaction added: b13dbf35-3f05-4a51-87e4-7670ffffb89b <- TX(10)
2021-08-10 12:16:25,533 [SCMBlockDeletingService#0] DEBUG block.SCMBlockDeletingService (DatanodeDeletedBlockTransactions.java:addTransactionToDN(50)) - Transaction added: ad4991cb-97ce-4dd6-b117-42e7f6b0816f <- TX(10)
2021-08-10 12:16:25,533 [SCMBlockDeletingService#0] DEBUG block.SCMBlockDeletingService (SCMBlockDeletingService.java:call(164)) - Added delete block command for datanode ad4991cb-97ce-4dd6-b117-42e7f6b0816f in the queue, number of delete block transactions: 10
2021-08-10 12:16:25,533 [SCMBlockDeletingService#0] DEBUG block.SCMBlockDeletingService (SCMBlockDeletingService.java:call(164)) - Added delete block command for datanode 01235482-5c07-4b37-86e9-3192ec4df84f in the queue, number of delete block transactions: 10
2021-08-10 12:16:25,533 [SCMBlockDeletingService#0] DEBUG block.SCMBlockDeletingService (SCMBlockDeletingService.java:call(164)) - Added delete block command for datanode b13dbf35-3f05-4a51-87e4-7670ffffb89b in the queue, number of delete block transactions: 10
2021-08-10 12:16:25,533 [SCMBlockDeletingService#0] INFO  block.SCMBlockDeletingService (SCMBlockDeletingService.java:call(174)) - Totally added 30 blocks to be deleted for 3 datanodes, task elapsed time: 1ms
2021-08-10 12:16:25,585 [EventQueue-ContainerReportForContainerReportHandler] INFO  container.ContainerReportHandler (AbstractContainerReportHandler.java:updateContainerState(223)) - Moving container #11 to CLOSED state, datanode ad4991cb-97ce-4dd6-b117-42e7f6b0816f{ip: 10.1.0.57, host: fv-az270-250.tacnzluakwdehk1hpragurqkma.bx.internal.cloudapp.net, ports: [REPLICATION=43859, RATIS=35903, RATIS_ADMIN=35903, RATIS_SERVER=35903, STANDALONE=33309], networkLocation: /default-rack, certSerialId: null, persistedOpState: IN_SERVICE, persistedOpStateExpiryEpochSec: 0} reported CLOSED replica.
2021-08-10 12:16:25,586 [EventQueue-ContainerReportForContainerReportHandler] INFO  container.ContainerReportHandler (AbstractContainerReportHandler.java:updateContainerState(223)) - Moving container #12 to CLOSED state, datanode ad4991cb-97ce-4dd6-b117-42e7f6b0816f{ip: 10.1.0.57, host: fv-az270-250.tacnzluakwdehk1hpragurqkma.bx.internal.cloudapp.net, ports: [REPLICATION=43859, RATIS=35903, RATIS_ADMIN=35903, RATIS_SERVER=35903, STANDALONE=33309], networkLocation: /default-rack, certSerialId: null, persistedOpState: IN_SERVICE, persistedOpStateExpiryEpochSec: 0} reported CLOSED replica.
2021-08-10 12:16:25,586 [EventQueue-ContainerReportForContainerReportHandler] INFO  container.ContainerReportHandler (AbstractContainerReportHandler.java:updateContainerState(223)) - Moving container #13 to CLOSED state, datanode ad4991cb-97ce-4dd6-b117-42e7f6b0816f{ip: 10.1.0.57, host: fv-az270-250.tacnzluakwdehk1hpragurqkma.bx.internal.cloudapp.net, ports: [REPLICATION=43859, RATIS=35903, RATIS_ADMIN=35903, RATIS_SERVER=35903, STANDALONE=33309], networkLocation: /default-rack, certSerialId: null, persistedOpState: IN_SERVICE, persistedOpStateExpiryEpochSec: 0} reported CLOSED replica.
2021-08-10 12:16:25,586 [EventQueue-ContainerReportForContainerReportHandler] INFO  container.ContainerReportHandler (AbstractContainerReportHandler.java:updateContainerState(223)) - Moving container #14 to CLOSED state, datanode ad4991cb-97ce-4dd6-b117-42e7f6b0816f{ip: 10.1.0.57, host: fv-az270-250.tacnzluakwdehk1hpragurqkma.bx.internal.cloudapp.net, ports: [REPLICATION=43859, RATIS=35903, RATIS_ADMIN=35903, RATIS_SERVER=35903, STANDALONE=33309], networkLocation: /default-rack, certSerialId: null, persistedOpState: IN_SERVICE, persistedOpStateExpiryEpochSec: 0} reported CLOSED replica.
2021-08-10 12:16:25,586 [EventQueue-ContainerReportForContainerReportHandler] INFO  container.ContainerReportHandler (AbstractContainerReportHandler.java:updateContainerState(223)) - Moving container #15 to CLOSED state, datanode ad4991cb-97ce-4dd6-b117-42e7f6b0816f{ip: 10.1.0.57, host: fv-az270-250.tacnzluakwdehk1hpragurqkma.bx.internal.cloudapp.net, ports: [REPLICATION=43859, RATIS=35903, RATIS_ADMIN=35903, RATIS_SERVER=35903, STANDALONE=33309], networkLocation: /default-rack, certSerialId: null, persistedOpState: IN_SERVICE, persistedOpStateExpiryEpochSec: 0} reported CLOSED replica.
2021-08-10 12:16:25,586 [EventQueue-ContainerReportForContainerReportHandler] INFO  container.ContainerReportHandler (AbstractContainerReportHandler.java:updateContainerState(223)) - Moving container #16 to CLOSED state, datanode ad4991cb-97ce-4dd6-b117-42e7f6b0816f{ip: 10.1.0.57, host: fv-az270-250.tacnzluakwdehk1hpragurqkma.bx.internal.cloudapp.net, ports: [REPLICATION=43859, RATIS=35903, RATIS_ADMIN=35903, RATIS_SERVER=35903, STANDALONE=33309], networkLocation: /default-rack, certSerialId: null, persistedOpState: IN_SERVICE, persistedOpStateExpiryEpochSec: 0} reported CLOSED replica.
2021-08-10 12:16:25,586 [EventQueue-ContainerReportForContainerReportHandler] INFO  container.ContainerReportHandler (AbstractContainerReportHandler.java:updateContainerState(223)) - Moving container #17 to CLOSED state, datanode ad4991cb-97ce-4dd6-b117-42e7f6b0816f{ip: 10.1.0.57, host: fv-az270-250.tacnzluakwdehk1hpragurqkma.bx.internal.cloudapp.net, ports: [REPLICATION=43859, RATIS=35903, RATIS_ADMIN=35903, RATIS_SERVER=35903, STANDALONE=33309], networkLocation: /default-rack, certSerialId: null, persistedOpState: IN_SERVICE, persistedOpStateExpiryEpochSec: 0} reported CLOSED replica.
2021-08-10 12:16:25,586 [EventQueue-ContainerReportForContainerReportHandler] INFO  container.ContainerReportHandler (AbstractContainerReportHandler.java:updateContainerState(223)) - Moving container #18 to CLOSED state, datanode ad4991cb-97ce-4dd6-b117-42e7f6b0816f{ip: 10.1.0.57, host: fv-az270-250.tacnzluakwdehk1hpragurqkma.bx.internal.cloudapp.net, ports: [REPLICATION=43859, RATIS=35903, RATIS_ADMIN=35903, RATIS_SERVER=35903, STANDALONE=33309], networkLocation: /default-rack, certSerialId: null, persistedOpState: IN_SERVICE, persistedOpStateExpiryEpochSec: 0} reported CLOSED replica.
2021-08-10 12:16:25,586 [EventQueue-ContainerReportForContainerReportHandler] INFO  container.ContainerReportHandler (AbstractContainerReportHandler.java:updateContainerState(223)) - Moving container #19 to CLOSED state, datanode ad4991cb-97ce-4dd6-b117-42e7f6b0816f{ip: 10.1.0.57, host: fv-az270-250.tacnzluakwdehk1hpragurqkma.bx.internal.cloudapp.net, ports: [REPLICATION=43859, RATIS=35903, RATIS_ADMIN=35903, RATIS_SERVER=35903, STANDALONE=33309], networkLocation: /default-rack, certSerialId: null, persistedOpState: IN_SERVICE, persistedOpStateExpiryEpochSec: 0} reported CLOSED replica.
2021-08-10 12:16:25,587 [EventQueue-ContainerReportForContainerReportHandler] INFO  container.ContainerReportHandler (AbstractContainerReportHandler.java:updateContainerState(223)) - Moving container #20 to CLOSED state, datanode ad4991cb-97ce-4dd6-b117-42e7f6b0816f{ip: 10.1.0.57, host: fv-az270-250.tacnzluakwdehk1hpragurqkma.bx.internal.cloudapp.net, ports: [REPLICATION=43859, RATIS=35903, RATIS_ADMIN=35903, RATIS_SERVER=35903, STANDALONE=33309], networkLocation: /default-rack, certSerialId: null, persistedOpState: IN_SERVICE, persistedOpStateExpiryEpochSec: 0} reported CLOSED replica.
2021-08-10 12:16:25,587 [EventQueue-ContainerReportForContainerReportHandler] INFO  container.ContainerReportHandler (AbstractContainerReportHandler.java:updateContainerState(223)) - Moving container #21 to CLOSED state, datanode ad4991cb-97ce-4dd6-b117-42e7f6b0816f{ip: 10.1.0.57, host: fv-az270-250.tacnzluakwdehk1hpragurqkma.bx.internal.cloudapp.net, ports: [REPLICATION=43859, RATIS=35903, RATIS_ADMIN=35903, RATIS_SERVER=35903, STANDALONE=33309], networkLocation: /default-rack, certSerialId: null, persistedOpState: IN_SERVICE, persistedOpStateExpiryEpochSec: 0} reported CLOSED replica.
2021-08-10 12:16:25,587 [EventQueue-ContainerReportForContainerReportHandler] INFO  container.ContainerReportHandler (AbstractContainerReportHandler.java:updateContainerState(223)) - Moving container #22 to CLOSED state, datanode ad4991cb-97ce-4dd6-b117-42e7f6b0816f{ip: 10.1.0.57, host: fv-az270-250.tacnzluakwdehk1hpragurqkma.bx.internal.cloudapp.net, ports: [REPLICATION=43859, RATIS=35903, RATIS_ADMIN=35903, RATIS_SERVER=35903, STANDALONE=33309], networkLocation: /default-rack, certSerialId: null, persistedOpState: IN_SERVICE, persistedOpStateExpiryEpochSec: 0} reported CLOSED replica.
2021-08-10 12:16:25,587 [EventQueue-ContainerReportForContainerReportHandler] INFO  container.ContainerReportHandler (AbstractContainerReportHandler.java:updateContainerState(223)) - Moving container #23 to CLOSED state, datanode ad4991cb-97ce-4dd6-b117-42e7f6b0816f{ip: 10.1.0.57, host: fv-az270-250.tacnzluakwdehk1hpragurqkma.bx.internal.cloudapp.net, ports: [REPLICATION=43859, RATIS=35903, RATIS_ADMIN=35903, RATIS_SERVER=35903, STANDALONE=33309], networkLocation: /default-rack, certSerialId: null, persistedOpState: IN_SERVICE, persistedOpStateExpiryEpochSec: 0} reported CLOSED replica.
2021-08-10 12:16:25,587 [EventQueue-ContainerReportForContainerReportHandler] INFO  container.ContainerReportHandler (AbstractContainerReportHandler.java:updateContainerState(223)) - Moving container #24 to CLOSED state, datanode ad4991cb-97ce-4dd6-b117-42e7f6b0816f{ip: 10.1.0.57, host: fv-az270-250.tacnzluakwdehk1hpragurqkma.bx.internal.cloudapp.net, ports: [REPLICATION=43859, RATIS=35903, RATIS_ADMIN=35903, RATIS_SERVER=35903, STANDALONE=33309], networkLocation: /default-rack, certSerialId: null, persistedOpState: IN_SERVICE, persistedOpStateExpiryEpochSec: 0} reported CLOSED replica.
2021-08-10 12:16:25,587 [EventQueue-ContainerReportForContainerReportHandler] INFO  container.ContainerReportHandler (AbstractContainerReportHandler.java:updateContainerState(223)) - Moving container #25 to CLOSED state, datanode ad4991cb-97ce-4dd6-b117-42e7f6b0816f{ip: 10.1.0.57, host: fv-az270-250.tacnzluakwdehk1hpragurqkma.bx.internal.cloudapp.net, ports: [REPLICATION=43859, RATIS=35903, RATIS_ADMIN=35903, RATIS_SERVER=35903, STANDALONE=33309], networkLocation: /default-rack, certSerialId: null, persistedOpState: IN_SERVICE, persistedOpStateExpiryEpochSec: 0} reported CLOSED replica.
2021-08-10 12:16:25,587 [EventQueue-ContainerReportForContainerReportHandler] INFO  container.ContainerReportHandler (AbstractContainerReportHandler.java:updateContainerState(223)) - Moving container #26 to CLOSED state, datanode ad4991cb-97ce-4dd6-b117-42e7f6b0816f{ip: 10.1.0.57, host: fv-az270-250.tacnzluakwdehk1hpragurqkma.bx.internal.cloudapp.net, ports: [REPLICATION=43859, RATIS=35903, RATIS_ADMIN=35903, RATIS_SERVER=35903, STANDALONE=33309], networkLocation: /default-rack, certSerialId: null, persistedOpState: IN_SERVICE, persistedOpStateExpiryEpochSec: 0} reported CLOSED replica.
2021-08-10 12:16:25,587 [EventQueue-ContainerReportForContainerReportHandler] INFO  container.ContainerReportHandler (AbstractContainerReportHandler.java:updateContainerState(223)) - Moving container #27 to CLOSED state, datanode ad4991cb-97ce-4dd6-b117-42e7f6b0816f{ip: 10.1.0.57, host: fv-az270-250.tacnzluakwdehk1hpragurqkma.bx.internal.cloudapp.net, ports: [REPLICATION=43859, RATIS=35903, RATIS_ADMIN=35903, RATIS_SERVER=35903, STANDALONE=33309], networkLocation: /default-rack, certSerialId: null, persistedOpState: IN_SERVICE, persistedOpStateExpiryEpochSec: 0} reported CLOSED replica.
2021-08-10 12:16:25,587 [EventQueue-ContainerReportForContainerReportHandler] INFO  container.ContainerReportHandler (AbstractContainerReportHandler.java:updateContainerState(223)) - Moving container #28 to CLOSED state, datanode ad4991cb-97ce-4dd6-b117-42e7f6b0816f{ip: 10.1.0.57, host: fv-az270-250.tacnzluakwdehk1hpragurqkma.bx.internal.cloudapp.net, ports: [REPLICATION=43859, RATIS=35903, RATIS_ADMIN=35903, RATIS_SERVER=35903, STANDALONE=33309], networkLocation: /default-rack, certSerialId: null, persistedOpState: IN_SERVICE, persistedOpStateExpiryEpochSec: 0} reported CLOSED replica.
2021-08-10 12:16:25,587 [EventQueue-ContainerReportForContainerReportHandler] INFO  container.ContainerReportHandler (AbstractContainerReportHandler.java:updateContainerState(223)) - Moving container #29 to CLOSED state, datanode ad4991cb-97ce-4dd6-b117-42e7f6b0816f{ip: 10.1.0.57, host: fv-az270-250.tacnzluakwdehk1hpragurqkma.bx.internal.cloudapp.net, ports: [REPLICATION=43859, RATIS=35903, RATIS_ADMIN=35903, RATIS_SERVER=35903, STANDALONE=33309], networkLocation: /default-rack, certSerialId: null, persistedOpState: IN_SERVICE, persistedOpStateExpiryEpochSec: 0} reported CLOSED replica.
2021-08-10 12:16:25,587 [EventQueue-ContainerReportForContainerReportHandler] INFO  container.ContainerReportHandler (AbstractContainerReportHandler.java:updateContainerState(223)) - Moving container #30 to CLOSED state, datanode ad4991cb-97ce-4dd6-b117-42e7f6b0816f{ip: 10.1.0.57, host: fv-az270-250.tacnzluakwdehk1hpragurqkma.bx.internal.cloudapp.net, ports: [REPLICATION=43859, RATIS=35903, RATIS_ADMIN=35903, RATIS_SERVER=35903, STANDALONE=33309], networkLocation: /default-rack, certSerialId: null, persistedOpState: IN_SERVICE, persistedOpStateExpiryEpochSec: 0} reported CLOSED replica.
2021-08-10 12:16:25,588 [EventQueue-ContainerReportForContainerReportHandler] INFO  container.ContainerReportHandler (AbstractContainerReportHandler.java:updateContainerState(223)) - Moving container #31 to CLOSED state, datanode ad4991cb-97ce-4dd6-b117-42e7f6b0816f{ip: 10.1.0.57, host: fv-az270-250.tacnzluakwdehk1hpragurqkma.bx.internal.cloudapp.net, ports: [REPLICATION=43859, RATIS=35903, RATIS_ADMIN=35903, RATIS_SERVER=35903, STANDALONE=33309], networkLocation: /default-rack, certSerialId: null, persistedOpState: IN_SERVICE, persistedOpStateExpiryEpochSec: 0} reported CLOSED replica.
2021-08-10 12:16:25,588 [EventQueue-ContainerReportForContainerReportHandler] INFO  container.ContainerReportHandler (AbstractContainerReportHandler.java:updateContainerState(223)) - Moving container #32 to CLOSED state, datanode ad4991cb-97ce-4dd6-b117-42e7f6b0816f{ip: 10.1.0.57, host: fv-az270-250.tacnzluakwdehk1hpragurqkma.bx.internal.cloudapp.net, ports: [REPLICATION=43859, RATIS=35903, RATIS_ADMIN=35903, RATIS_SERVER=35903, STANDALONE=33309], networkLocation: /default-rack, certSerialId: null, persistedOpState: IN_SERVICE, persistedOpStateExpiryEpochSec: 0} reported CLOSED replica.
2021-08-10 12:16:25,588 [EventQueue-ContainerReportForContainerReportHandler] INFO  container.ContainerReportHandler (AbstractContainerReportHandler.java:updateContainerState(223)) - Moving container #33 to CLOSED state, datanode ad4991cb-97ce-4dd6-b117-42e7f6b0816f{ip: 10.1.0.57, host: fv-az270-250.tacnzluakwdehk1hpragurqkma.bx.internal.cloudapp.net, ports: [REPLICATION=43859, RATIS=35903, RATIS_ADMIN=35903, RATIS_SERVER=35903, STANDALONE=33309], networkLocation: /default-rack, certSerialId: null, persistedOpState: IN_SERVICE, persistedOpStateExpiryEpochSec: 0} reported CLOSED replica.
2021-08-10 12:16:25,588 [EventQueue-ContainerReportForContainerReportHandler] INFO  container.ContainerReportHandler (AbstractContainerReportHandler.java:updateContainerState(223)) - Moving container #34 to CLOSED state, datanode ad4991cb-97ce-4dd6-b117-42e7f6b0816f{ip: 10.1.0.57, host: fv-az270-250.tacnzluakwdehk1hpragurqkma.bx.internal.cloudapp.net, ports: [REPLICATION=43859, RATIS=35903, RATIS_ADMIN=35903, RATIS_SERVER=35903, STANDALONE=33309], networkLocation: /default-rack, certSerialId: null, persistedOpState: IN_SERVICE, persistedOpStateExpiryEpochSec: 0} reported CLOSED replica.
2021-08-10 12:16:25,588 [EventQueue-ContainerReportForContainerReportHandler] INFO  container.ContainerReportHandler (AbstractContainerReportHandler.java:updateContainerState(223)) - Moving container #35 to CLOSED state, datanode ad4991cb-97ce-4dd6-b117-42e7f6b0816f{ip: 10.1.0.57, host: fv-az270-250.tacnzluakwdehk1hpragurqkma.bx.internal.cloudapp.net, ports: [REPLICATION=43859, RATIS=35903, RATIS_ADMIN=35903, RATIS_SERVER=35903, STANDALONE=33309], networkLocation: /default-rack, certSerialId: null, persistedOpState: IN_SERVICE, persistedOpStateExpiryEpochSec: 0} reported CLOSED replica.
2021-08-10 12:16:25,588 [EventQueue-ContainerReportForContainerReportHandler] INFO  container.ContainerReportHandler (AbstractContainerReportHandler.java:updateContainerState(223)) - Moving container #36 to CLOSED state, datanode ad4991cb-97ce-4dd6-b117-42e7f6b0816f{ip: 10.1.0.57, host: fv-az270-250.tacnzluakwdehk1hpragurqkma.bx.internal.cloudapp.net, ports: [REPLICATION=43859, RATIS=35903, RATIS_ADMIN=35903, RATIS_SERVER=35903, STANDALONE=33309], networkLocation: /default-rack, certSerialId: null, persistedOpState: IN_SERVICE, persistedOpStateExpiryEpochSec: 0} reported CLOSED replica.
2021-08-10 12:16:25,588 [EventQueue-ContainerReportForContainerReportHandler] INFO  container.ContainerReportHandler (AbstractContainerReportHandler.java:updateContainerState(223)) - Moving container #37 to CLOSED state, datanode ad4991cb-97ce-4dd6-b117-42e7f6b0816f{ip: 10.1.0.57, host: fv-az270-250.tacnzluakwdehk1hpragurqkma.bx.internal.cloudapp.net, ports: [REPLICATION=43859, RATIS=35903, RATIS_ADMIN=35903, RATIS_SERVER=35903, STANDALONE=33309], networkLocation: /default-rack, certSerialId: null, persistedOpState: IN_SERVICE, persistedOpStateExpiryEpochSec: 0} reported CLOSED replica.
2021-08-10 12:16:25,588 [EventQueue-ContainerReportForContainerReportHandler] INFO  container.ContainerReportHandler (AbstractContainerReportHandler.java:updateContainerState(223)) - Moving container #38 to CLOSED state, datanode ad4991cb-97ce-4dd6-b117-42e7f6b0816f{ip: 10.1.0.57, host: fv-az270-250.tacnzluakwdehk1hpragurqkma.bx.internal.cloudapp.net, ports: [REPLICATION=43859, RATIS=35903, RATIS_ADMIN=35903, RATIS_SERVER=35903, STANDALONE=33309], networkLocation: /default-rack, certSerialId: null, persistedOpState: IN_SERVICE, persistedOpStateExpiryEpochSec: 0} reported CLOSED replica.
2021-08-10 12:16:25,588 [EventQueue-ContainerReportForContainerReportHandler] INFO  container.ContainerReportHandler (AbstractContainerReportHandler.java:updateContainerState(223)) - Moving container #39 to CLOSED state, datanode ad4991cb-97ce-4dd6-b117-42e7f6b0816f{ip: 10.1.0.57, host: fv-az270-250.tacnzluakwdehk1hpragurqkma.bx.internal.cloudapp.net, ports: [REPLICATION=43859, RATIS=35903, RATIS_ADMIN=35903, RATIS_SERVER=35903, STANDALONE=33309], networkLocation: /default-rack, certSerialId: null, persistedOpState: IN_SERVICE, persistedOpStateExpiryEpochSec: 0} reported CLOSED replica.
2021-08-10 12:16:25,588 [EventQueue-ContainerReportForContainerReportHandler] INFO  container.ContainerReportHandler (AbstractContainerReportHandler.java:updateContainerState(223)) - Moving container #40 to CLOSED state, datanode ad4991cb-97ce-4dd6-b117-42e7f6b0816f{ip: 10.1.0.57, host: fv-az270-250.tacnzluakwdehk1hpragurqkma.bx.internal.cloudapp.net, ports: [REPLICATION=43859, RATIS=35903, RATIS_ADMIN=35903, RATIS_SERVER=35903, STANDALONE=33309], networkLocation: /default-rack, certSerialId: null, persistedOpState: IN_SERVICE, persistedOpStateExpiryEpochSec: 0} reported CLOSED replica.
2021-08-10 12:16:25,588 [EventQueue-ContainerReportForContainerReportHandler] INFO  container.ContainerReportHandler (AbstractContainerReportHandler.java:updateContainerState(223)) - Moving container #41 to CLOSED state, datanode ad4991cb-97ce-4dd6-b117-42e7f6b0816f{ip: 10.1.0.57, host: fv-az270-250.tacnzluakwdehk1hpragurqkma.bx.internal.cloudapp.net, ports: [REPLICATION=43859, RATIS=35903, RATIS_ADMIN=35903, RATIS_SERVER=35903, STANDALONE=33309], networkLocation: /default-rack, certSerialId: null, persistedOpState: IN_SERVICE, persistedOpStateExpiryEpochSec: 0} reported CLOSED replica.
2021-08-10 12:16:25,588 [EventQueue-ContainerReportForContainerReportHandler] INFO  container.ContainerReportHandler (AbstractContainerReportHandler.java:updateContainerState(223)) - Moving container #42 to CLOSED state, datanode ad4991cb-97ce-4dd6-b117-42e7f6b0816f{ip: 10.1.0.57, host: fv-az270-250.tacnzluakwdehk1hpragurqkma.bx.internal.cloudapp.net, ports: [REPLICATION=43859, RATIS=35903, RATIS_ADMIN=35903, RATIS_SERVER=35903, STANDALONE=33309], networkLocation: /default-rack, certSerialId: null, persistedOpState: IN_SERVICE, persistedOpStateExpiryEpochSec: 0} reported CLOSED replica.
2021-08-10 12:16:25,589 [EventQueue-ContainerReportForContainerReportHandler] INFO  container.ContainerReportHandler (AbstractContainerReportHandler.java:updateContainerState(223)) - Moving container #43 to CLOSED state, datanode ad4991cb-97ce-4dd6-b117-42e7f6b0816f{ip: 10.1.0.57, host: fv-az270-250.tacnzluakwdehk1hpragurqkma.bx.internal.cloudapp.net, ports: [REPLICATION=43859, RATIS=35903, RATIS_ADMIN=35903, RATIS_SERVER=35903, STANDALONE=33309], networkLocation: /default-rack, certSerialId: null, persistedOpState: IN_SERVICE, persistedOpStateExpiryEpochSec: 0} reported CLOSED replica.
2021-08-10 12:16:25,589 [EventQueue-ContainerReportForContainerReportHandler] INFO  container.ContainerReportHandler (AbstractContainerReportHandler.java:updateContainerState(223)) - Moving container #44 to CLOSED state, datanode ad4991cb-97ce-4dd6-b117-42e7f6b0816f{ip: 10.1.0.57, host: fv-az270-250.tacnzluakwdehk1hpragurqkma.bx.internal.cloudapp.net, ports: [REPLICATION=43859, RATIS=35903, RATIS_ADMIN=35903, RATIS_SERVER=35903, STANDALONE=33309], networkLocation: /default-rack, certSerialId: null, persistedOpState: IN_SERVICE, persistedOpStateExpiryEpochSec: 0} reported CLOSED replica.
2021-08-10 12:16:25,589 [EventQueue-ContainerReportForContainerReportHandler] INFO  container.ContainerReportHandler (AbstractContainerReportHandler.java:updateContainerState(223)) - Moving container #45 to CLOSED state, datanode ad4991cb-97ce-4dd6-b117-42e7f6b0816f{ip: 10.1.0.57, host: fv-az270-250.tacnzluakwdehk1hpragurqkma.bx.internal.cloudapp.net, ports: [REPLICATION=43859, RATIS=35903, RATIS_ADMIN=35903, RATIS_SERVER=35903, STANDALONE=33309], networkLocation: /default-rack, certSerialId: null, persistedOpState: IN_SERVICE, persistedOpStateExpiryEpochSec: 0} reported CLOSED replica.
2021-08-10 12:16:25,589 [EventQueue-ContainerReportForContainerReportHandler] INFO  container.ContainerReportHandler (AbstractContainerReportHandler.java:updateContainerState(223)) - Moving container #46 to CLOSED state, datanode ad4991cb-97ce-4dd6-b117-42e7f6b0816f{ip: 10.1.0.57, host: fv-az270-250.tacnzluakwdehk1hpragurqkma.bx.internal.cloudapp.net, ports: [REPLICATION=43859, RATIS=35903, RATIS_ADMIN=35903, RATIS_SERVER=35903, STANDALONE=33309], networkLocation: /default-rack, certSerialId: null, persistedOpState: IN_SERVICE, persistedOpStateExpiryEpochSec: 0} reported CLOSED replica.
2021-08-10 12:16:25,589 [EventQueue-ContainerReportForContainerReportHandler] INFO  container.ContainerReportHandler (AbstractContainerReportHandler.java:updateContainerState(223)) - Moving container #47 to CLOSED state, datanode ad4991cb-97ce-4dd6-b117-42e7f6b0816f{ip: 10.1.0.57, host: fv-az270-250.tacnzluakwdehk1hpragurqkma.bx.internal.cloudapp.net, ports: [REPLICATION=43859, RATIS=35903, RATIS_ADMIN=35903, RATIS_SERVER=35903, STANDALONE=33309], networkLocation: /default-rack, certSerialId: null, persistedOpState: IN_SERVICE, persistedOpStateExpiryEpochSec: 0} reported CLOSED replica.
2021-08-10 12:16:25,589 [EventQueue-ContainerReportForContainerReportHandler] INFO  container.ContainerReportHandler (AbstractContainerReportHandler.java:updateContainerState(223)) - Moving container #48 to CLOSED state, datanode ad4991cb-97ce-4dd6-b117-42e7f6b0816f{ip: 10.1.0.57, host: fv-az270-250.tacnzluakwdehk1hpragurqkma.bx.internal.cloudapp.net, ports: [REPLICATION=43859, RATIS=35903, RATIS_ADMIN=35903, RATIS_SERVER=35903, STANDALONE=33309], networkLocation: /default-rack, certSerialId: null, persistedOpState: IN_SERVICE, persistedOpStateExpiryEpochSec: 0} reported CLOSED replica.
2021-08-10 12:16:25,589 [EventQueue-ContainerReportForContainerReportHandler] INFO  container.ContainerReportHandler (AbstractContainerReportHandler.java:updateContainerState(223)) - Moving container #49 to CLOSED state, datanode ad4991cb-97ce-4dd6-b117-42e7f6b0816f{ip: 10.1.0.57, host: fv-az270-250.tacnzluakwdehk1hpragurqkma.bx.internal.cloudapp.net, ports: [REPLICATION=43859, RATIS=35903, RATIS_ADMIN=35903, RATIS_SERVER=35903, STANDALONE=33309], networkLocation: /default-rack, certSerialId: null, persistedOpState: IN_SERVICE, persistedOpStateExpiryEpochSec: 0} reported CLOSED replica.
2021-08-10 12:16:25,589 [EventQueue-ContainerReportForContainerReportHandler] INFO  container.ContainerReportHandler (AbstractContainerReportHandler.java:updateContainerState(223)) - Moving container #50 to CLOSED state, datanode ad4991cb-97ce-4dd6-b117-42e7f6b0816f{ip: 10.1.0.57, host: fv-az270-250.tacnzluakwdehk1hpragurqkma.bx.internal.cloudapp.net, ports: [REPLICATION=43859, RATIS=35903, RATIS_ADMIN=35903, RATIS_SERVER=35903, STANDALONE=33309], networkLocation: /default-rack, certSerialId: null, persistedOpState: IN_SERVICE, persistedOpStateExpiryEpochSec: 0} reported CLOSED replica.
2021-08-10 12:16:25,589 [EventQueue-ContainerReportForContainerReportHandler] INFO  container.ContainerReportHandler (AbstractContainerReportHandler.java:updateContainerState(223)) - Moving container #51 to CLOSED state, datanode ad4991cb-97ce-4dd6-b117-42e7f6b0816f{ip: 10.1.0.57, host: fv-az270-250.tacnzluakwdehk1hpragurqkma.bx.internal.cloudapp.net, ports: [REPLICATION=43859, RATIS=35903, RATIS_ADMIN=35903, RATIS_SERVER=35903, STANDALONE=33309], networkLocation: /default-rack, certSerialId: null, persistedOpState: IN_SERVICE, persistedOpStateExpiryEpochSec: 0} reported CLOSED replica.
2021-08-10 12:16:25,589 [EventQueue-ContainerReportForContainerReportHandler] INFO  container.ContainerReportHandler (AbstractContainerReportHandler.java:updateContainerState(223)) - Moving container #52 to CLOSED state, datanode ad4991cb-97ce-4dd6-b117-42e7f6b0816f{ip: 10.1.0.57, host: fv-az270-250.tacnzluakwdehk1hpragurqkma.bx.internal.cloudapp.net, ports: [REPLICATION=43859, RATIS=35903, RATIS_ADMIN=35903, RATIS_SERVER=35903, STANDALONE=33309], networkLocation: /default-rack, certSerialId: null, persistedOpState: IN_SERVICE, persistedOpStateExpiryEpochSec: 0} reported CLOSED replica.
2021-08-10 12:16:25,589 [EventQueue-ContainerReportForContainerReportHandler] INFO  container.ContainerReportHandler (AbstractContainerReportHandler.java:updateContainerState(223)) - Moving container #53 to CLOSED state, datanode ad4991cb-97ce-4dd6-b117-42e7f6b0816f{ip: 10.1.0.57, host: fv-az270-250.tacnzluakwdehk1hpragurqkma.bx.internal.cloudapp.net, ports: [REPLICATION=43859, RATIS=35903, RATIS_ADMIN=35903, RATIS_SERVER=35903, STANDALONE=33309], networkLocation: /default-rack, certSerialId: null, persistedOpState: IN_SERVICE, persistedOpStateExpiryEpochSec: 0} reported CLOSED replica.
2021-08-10 12:16:25,589 [EventQueue-ContainerReportForContainerReportHandler] INFO  container.ContainerReportHandler (AbstractContainerReportHandler.java:updateContainerState(223)) - Moving container #54 to CLOSED state, datanode ad4991cb-97ce-4dd6-b117-42e7f6b0816f{ip: 10.1.0.57, host: fv-az270-250.tacnzluakwdehk1hpragurqkma.bx.internal.cloudapp.net, ports: [REPLICATION=43859, RATIS=35903, RATIS_ADMIN=35903, RATIS_SERVER=35903, STANDALONE=33309], networkLocation: /default-rack, certSerialId: null, persistedOpState: IN_SERVICE, persistedOpStateExpiryEpochSec: 0} reported CLOSED replica.
2021-08-10 12:16:25,590 [EventQueue-ContainerReportForContainerReportHandler] INFO  container.ContainerReportHandler (AbstractContainerReportHandler.java:updateContainerState(223)) - Moving container #55 to CLOSED state, datanode ad4991cb-97ce-4dd6-b117-42e7f6b0816f{ip: 10.1.0.57, host: fv-az270-250.tacnzluakwdehk1hpragurqkma.bx.internal.cloudapp.net, ports: [REPLICATION=43859, RATIS=35903, RATIS_ADMIN=35903, RATIS_SERVER=35903, STANDALONE=33309], networkLocation: /default-rack, certSerialId: null, persistedOpState: IN_SERVICE, persistedOpStateExpiryEpochSec: 0} reported CLOSED replica.
2021-08-10 12:16:25,590 [EventQueue-ContainerReportForContainerReportHandler] INFO  container.ContainerReportHandler (AbstractContainerReportHandler.java:updateContainerState(223)) - Moving container #56 to CLOSED state, datanode ad4991cb-97ce-4dd6-b117-42e7f6b0816f{ip: 10.1.0.57, host: fv-az270-250.tacnzluakwdehk1hpragurqkma.bx.internal.cloudapp.net, ports: [REPLICATION=43859, RATIS=35903, RATIS_ADMIN=35903, RATIS_SERVER=35903, STANDALONE=33309], networkLocation: /default-rack, certSerialId: null, persistedOpState: IN_SERVICE, persistedOpStateExpiryEpochSec: 0} reported CLOSED replica.
2021-08-10 12:16:25,632 [SCMBlockDeletingService#0] DEBUG block.SCMBlockDeletingService (SCMBlockDeletingService.java:call(133)) - Running DeletedBlockTransactionScanner
2021-08-10 12:16:25,639 [SCMBlockDeletingService#0] DEBUG block.SCMBlockDeletingService (DatanodeDeletedBlockTransactions.java:addTransactionToDN(50)) - Transaction added: 01235482-5c07-4b37-86e9-3192ec4df84f <- TX(1)
2021-08-10 12:16:25,639 [SCMBlockDeletingService#0] DEBUG block.SCMBlockDeletingService (DatanodeDeletedBlockTransactions.java:addTransactionToDN(50)) - Transaction added: b13dbf35-3f05-4a51-87e4-7670ffffb89b <- TX(1)
2021-08-10 12:16:25,639 [SCMBlockDeletingService#0] DEBUG block.SCMBlockDeletingService (DatanodeDeletedBlockTransactions.java:addTransactionToDN(50)) - Transaction added: ad4991cb-97ce-4dd6-b117-42e7f6b0816f <- TX(1)
2021-08-10 12:16:25,639 [SCMBlockDeletingService#0] DEBUG block.SCMBlockDeletingService (DatanodeDeletedBlockTransactions.java:addTransactionToDN(50)) - Transaction added: ad4991cb-97ce-4dd6-b117-42e7f6b0816f <- TX(2)
2021-08-10 12:16:25,639 [SCMBlockDeletingService#0] DEBUG block.SCMBlockDeletingService (DatanodeDeletedBlockTransactions.java:addTransactionToDN(50)) - Transaction added: 01235482-5c07-4b37-86e9-3192ec4df84f <- TX(2)
2021-08-10 12:16:25,639 [SCMBlockDeletingService#0] DEBUG block.SCMBlockDeletingService (DatanodeDeletedBlockTransactions.java:addTransactionToDN(50)) - Transaction added: b13dbf35-3f05-4a51-87e4-7670ffffb89b <- TX(2)
2021-08-10 12:16:25,639 [SCMBlockDeletingService#0] DEBUG block.SCMBlockDeletingService (DatanodeDeletedBlockTransactions.java:addTransactionToDN(50)) - Transaction added: b13dbf35-3f05-4a51-87e4-7670ffffb89b <- TX(3)
2021-08-10 12:16:25,639 [SCMBlockDeletingService#0] DEBUG block.SCMBlockDeletingService (DatanodeDeletedBlockTransactions.java:addTransactionToDN(50)) - Transaction added: 01235482-5c07-4b37-86e9-3192ec4df84f <- TX(3)
2021-08-10 12:16:25,639 [SCMBlockDeletingService#0] DEBUG block.SCMBlockDeletingService (DatanodeDeletedBlockTransactions.java:addTransactionToDN(50)) - Transaction added: ad4991cb-97ce-4dd6-b117-42e7f6b0816f <- TX(3)
2021-08-10 12:16:25,639 [SCMBlockDeletingService#0] DEBUG block.SCMBlockDeletingService (DatanodeDeletedBlockTransactions.java:addTransactionToDN(50)) - Transaction added: ad4991cb-97ce-4dd6-b117-42e7f6b0816f <- TX(4)
2021-08-10 12:16:25,639 [SCMBlockDeletingService#0] DEBUG block.SCMBlockDeletingService (DatanodeDeletedBlockTransactions.java:addTransactionToDN(50)) - Transaction added: 01235482-5c07-4b37-86e9-3192ec4df84f <- TX(4)
2021-08-10 12:16:25,639 [SCMBlockDeletingService#0] DEBUG block.SCMBlockDeletingService (DatanodeDeletedBlockTransactions.java:addTransactionToDN(50)) - Transaction added: b13dbf35-3f05-4a51-87e4-7670ffffb89b <- TX(4)
2021-08-10 12:16:25,639 [SCMBlockDeletingService#0] DEBUG block.SCMBlockDeletingService (DatanodeDeletedBlockTransactions.java:addTransactionToDN(50)) - Transaction added: b13dbf35-3f05-4a51-87e4-7670ffffb89b <- TX(5)
2021-08-10 12:16:25,639 [SCMBlockDeletingService#0] DEBUG block.SCMBlockDeletingService (DatanodeDeletedBlockTransactions.java:addTransactionToDN(50)) - Transaction added: ad4991cb-97ce-4dd6-b117-42e7f6b0816f <- TX(5)
2021-08-10 12:16:25,639 [SCMBlockDeletingService#0] DEBUG block.SCMBlockDeletingService (DatanodeDeletedBlockTransactions.java:addTransactionToDN(50)) - Transaction added: 01235482-5c07-4b37-86e9-3192ec4df84f <- TX(5)
2021-08-10 12:16:25,639 [SCMBlockDeletingService#0] DEBUG block.SCMBlockDeletingService (DatanodeDeletedBlockTransactions.java:addTransactionToDN(50)) - Transaction added: ad4991cb-97ce-4dd6-b117-42e7f6b0816f <- TX(6)
2021-08-10 12:16:25,639 [SCMBlockDeletingService#0] DEBUG block.SCMBlockDeletingService (DatanodeDeletedBlockTransactions.java:addTransactionToDN(50)) - Transaction added: 01235482-5c07-4b37-86e9-3192ec4df84f <- TX(6)
2021-08-10 12:16:25,639 [SCMBlockDeletingService#0] DEBUG block.SCMBlockDeletingService (DatanodeDeletedBlockTransactions.java:addTransactionToDN(50)) - Transaction added: b13dbf35-3f05-4a51-87e4-7670ffffb89b <- TX(6)
2021-08-10 12:16:25,639 [SCMBlockDeletingService#0] DEBUG block.SCMBlockDeletingService (DatanodeDeletedBlockTransactions.java:addTransactionToDN(50)) - Transaction added: b13dbf35-3f05-4a51-87e4-7670ffffb89b <- TX(7)
2021-08-10 12:16:25,639 [SCMBlockDeletingService#0] DEBUG block.SCMBlockDeletingService (DatanodeDeletedBlockTransactions.java:addTransactionToDN(50)) - Transaction added: 01235482-5c07-4b37-86e9-3192ec4df84f <- TX(7)
2021-08-10 12:16:25,639 [SCMBlockDeletingService#0] DEBUG block.SCMBlockDeletingService (DatanodeDeletedBlockTransactions.java:addTransactionToDN(50)) - Transaction added: ad4991cb-97ce-4dd6-b117-42e7f6b0816f <- TX(7)
2021-08-10 12:16:25,639 [SCMBlockDeletingService#0] DEBUG block.SCMBlockDeletingService (DatanodeDeletedBlockTransactions.java:addTransactionToDN(50)) - Transaction added: 01235482-5c07-4b37-86e9-3192ec4df84f <- TX(8)
2021-08-10 12:16:25,639 [SCMBlockDeletingService#0] DEBUG block.SCMBlockDeletingService (DatanodeDeletedBlockTransactions.java:addTransactionToDN(50)) - Transaction added: b13dbf35-3f05-4a51-87e4-7670ffffb89b <- TX(8)
2021-08-10 12:16:25,639 [SCMBlockDeletingService#0] DEBUG block.SCMBlockDeletingService (DatanodeDeletedBlockTransactions.java:addTransactionToDN(50)) - Transaction added: ad4991cb-97ce-4dd6-b117-42e7f6b0816f <- TX(8)
2021-08-10 12:16:25,639 [SCMBlockDeletingService#0] DEBUG block.SCMBlockDeletingService (DatanodeDeletedBlockTransactions.java:addTransactionToDN(50)) - Transaction added: b13dbf35-3f05-4a51-87e4-7670ffffb89b <- TX(9)
2021-08-10 12:16:25,639 [SCMBlockDeletingService#0] DEBUG block.SCMBlockDeletingService (DatanodeDeletedBlockTransactions.java:addTransactionToDN(50)) - Transaction added: ad4991cb-97ce-4dd6-b117-42e7f6b0816f <- TX(9)
2021-08-10 12:16:25,639 [SCMBlockDeletingService#0] DEBUG block.SCMBlockDeletingService (DatanodeDeletedBlockTransactions.java:addTransactionToDN(50)) - Transaction added: 01235482-5c07-4b37-86e9-3192ec4df84f <- TX(9)
2021-08-10 12:16:25,639 [SCMBlockDeletingService#0] DEBUG block.SCMBlockDeletingService (DatanodeDeletedBlockTransactions.java:addTransactionToDN(50)) - Transaction added: 01235482-5c07-4b37-86e9-3192ec4df84f <- TX(10)
2021-08-10 12:16:25,639 [SCMBlockDeletingService#0] DEBUG block.SCMBlockDeletingService (DatanodeDeletedBlockTransactions.java:addTransactionToDN(50)) - Transaction added: b13dbf35-3f05-4a51-87e4-7670ffffb89b <- TX(10)
2021-08-10 12:16:25,639 [SCMBlockDeletingService#0] DEBUG block.SCMBlockDeletingService (DatanodeDeletedBlockTransactions.java:addTransactionToDN(50)) - Transaction added: ad4991cb-97ce-4dd6-b117-42e7f6b0816f <- TX(10)
2021-08-10 12:16:25,640 [SCMBlockDeletingService#0] DEBUG block.SCMBlockDeletingService (DatanodeDeletedBlockTransactions.java:addTransactionToDN(50)) - Transaction added: 01235482-5c07-4b37-86e9-3192ec4df84f <- TX(11)
2021-08-10 12:16:25,640 [SCMBlockDeletingService#0] DEBUG block.SCMBlockDeletingService (DatanodeDeletedBlockTransactions.java:addTransactionToDN(50)) - Transaction added: ad4991cb-97ce-4dd6-b117-42e7f6b0816f <- TX(11)
2021-08-10 12:16:25,640 [SCMBlockDeletingService#0] DEBUG block.SCMBlockDeletingService (DatanodeDeletedBlockTransactions.java:addTransactionToDN(50)) - Transaction added: b13dbf35-3f05-4a51-87e4-7670ffffb89b <- TX(11)
2021-08-10 12:16:25,640 [SCMBlockDeletingService#0] DEBUG block.SCMBlockDeletingService (DatanodeDeletedBlockTransactions.java:addTransactionToDN(50)) - Transaction added: b13dbf35-3f05-4a51-87e4-7670ffffb89b <- TX(12)
2021-08-10 12:16:25,640 [SCMBlockDeletingService#0] DEBUG block.SCMBlockDeletingService (DatanodeDeletedBlockTransactions.java:addTransactionToDN(50)) - Transaction added: ad4991cb-97ce-4dd6-b117-42e7f6b0816f <- TX(12)
2021-08-10 12:16:25,640 [SCMBlockDeletingService#0] DEBUG block.SCMBlockDeletingService (DatanodeDeletedBlockTransactions.java:addTransactionToDN(50)) - Transaction added: 01235482-5c07-4b37-86e9-3192ec4df84f <- TX(12)
2021-08-10 12:16:25,640 [SCMBlockDeletingService#0] DEBUG block.SCMBlockDeletingService (DatanodeDeletedBlockTransactions.java:addTransactionToDN(50)) - Transaction added: ad4991cb-97ce-4dd6-b117-42e7f6b0816f <- TX(13)
2021-08-10 12:16:25,640 [SCMBlockDeletingService#0] DEBUG block.SCMBlockDeletingService (DatanodeDeletedBlockTransactions.java:addTransactionToDN(50)) - Transaction added: 01235482-5c07-4b37-86e9-3192ec4df84f <- TX(13)
2021-08-10 12:16:25,640 [SCMBlockDeletingService#0] DEBUG block.SCMBlockDeletingService (DatanodeDeletedBlockTransactions.java:addTransactionToDN(50)) - Transaction added: b13dbf35-3f05-4a51-87e4-7670ffffb89b <- TX(13)
2021-08-10 12:16:25,640 [SCMBlockDeletingService#0] DEBUG block.SCMBlockDeletingService (DatanodeDeletedBlockTransactions.java:addTransactionToDN(50)) - Transaction added: b13dbf35-3f05-4a51-87e4-7670ffffb89b <- TX(14)
2021-08-10 12:16:25,640 [SCMBlockDeletingService#0] DEBUG block.SCMBlockDeletingService (DatanodeDeletedBlockTransactions.java:addTransactionToDN(50)) - Transaction added: ad4991cb-97ce-4dd6-b117-42e7f6b0816f <- TX(14)
2021-08-10 12:16:25,640 [SCMBlockDeletingService#0] DEBUG block.SCMBlockDeletingService (DatanodeDeletedBlockTransactions.java:addTransactionToDN(50)) - Transaction added: 01235482-5c07-4b37-86e9-3192ec4df84f <- TX(14)
2021-08-10 12:16:25,640 [SCMBlockDeletingService#0] DEBUG block.SCMBlockDeletingService (DatanodeDeletedBlockTransactions.java:addTransactionToDN(50)) - Transaction added: 01235482-5c07-4b37-86e9-3192ec4df84f <- TX(15)
2021-08-10 12:16:25,640 [SCMBlockDeletingService#0] DEBUG block.SCMBlockDeletingService (DatanodeDeletedBlockTransactions.java:addTransactionToDN(50)) - Transaction added: ad4991cb-97ce-4dd6-b117-42e7f6b0816f <- TX(15)
2021-08-10 12:16:25,640 [SCMBlockDeletingService#0] DEBUG block.SCMBlockDeletingService (DatanodeDeletedBlockTransactions.java:addTransactionToDN(50)) - Transaction added: b13dbf35-3f05-4a51-87e4-7670ffffb89b <- TX(15)
2021-08-10 12:16:25,640 [SCMBlockDeletingService#0] DEBUG block.SCMBlockDeletingService (DatanodeDeletedBlockTransactions.java:addTransactionToDN(50)) - Transaction added: b13dbf35-3f05-4a51-87e4-7670ffffb89b <- TX(16)
2021-08-10 12:16:25,640 [SCMBlockDeletingService#0] DEBUG block.SCMBlockDeletingService (DatanodeDeletedBlockTransactions.java:addTransactionToDN(50)) - Transaction added: ad4991cb-97ce-4dd6-b117-42e7f6b0816f <- TX(16)
2021-08-10 12:16:25,640 [SCMBlockDeletingService#0] DEBUG block.SCMBlockDeletingService (DatanodeDeletedBlockTransactions.java:addTransactionToDN(50)) - Transaction added: 01235482-5c07-4b37-86e9-3192ec4df84f <- TX(16)
2021-08-10 12:16:25,640 [SCMBlockDeletingService#0] DEBUG block.SCMBlockDeletingService (DatanodeDeletedBlockTransactions.java:addTransactionToDN(50)) - Transaction added: 01235482-5c07-4b37-86e9-3192ec4df84f <- TX(17)
2021-08-10 12:16:25,640 [SCMBlockDeletingService#0] DEBUG block.SCMBlockDeletingService (DatanodeDeletedBlockTransactions.java:addTransactionToDN(50)) - Transaction added: b13dbf35-3f05-4a51-87e4-7670ffffb89b <- TX(17)
2021-08-10 12:16:25,640 [SCMBlockDeletingService#0] DEBUG block.SCMBlockDeletingService (DatanodeDeletedBlockTransactions.java:addTransactionToDN(50)) - Transaction added: ad4991cb-97ce-4dd6-b117-42e7f6b0816f <- TX(17)
2021-08-10 12:16:25,640 [SCMBlockDeletingService#0] DEBUG block.SCMBlockDeletingService (DatanodeDeletedBlockTransactions.java:addTransactionToDN(50)) - Transaction added: ad4991cb-97ce-4dd6-b117-42e7f6b0816f <- TX(18)
2021-08-10 12:16:25,640 [SCMBlockDeletingService#0] DEBUG block.SCMBlockDeletingService (DatanodeDeletedBlockTransactions.java:addTransactionToDN(50)) - Transaction added: 01235482-5c07-4b37-86e9-3192ec4df84f <- TX(18)
2021-08-10 12:16:25,640 [SCMBlockDeletingService#0] DEBUG block.SCMBlockDeletingService (DatanodeDeletedBlockTransactions.java:addTransactionToDN(50)) - Transaction added: b13dbf35-3f05-4a51-87e4-7670ffffb89b <- TX(18)
2021-08-10 12:16:25,640 [SCMBlockDeletingService#0] DEBUG block.SCMBlockDeletingService (DatanodeDeletedBlockTransactions.java:addTransactionToDN(50)) - Transaction added: b13dbf35-3f05-4a51-87e4-7670ffffb89b <- TX(19)
2021-08-10 12:16:25,640 [SCMBlockDeletingService#0] DEBUG block.SCMBlockDeletingService (DatanodeDeletedBlockTransactions.java:addTransactionToDN(50)) - Transaction added: 01235482-5c07-4b37-86e9-3192ec4df84f <- TX(19)
2021-08-10 12:16:25,640 [SCMBlockDeletingService#0] DEBUG block.SCMBlockDeletingService (DatanodeDeletedBlockTransactions.java:addTransactionToDN(50)) - Transaction added: ad4991cb-97ce-4dd6-b117-42e7f6b0816f <- TX(19)
2021-08-10 12:16:25,640 [SCMBlockDeletingService#0] DEBUG block.SCMBlockDeletingService (DatanodeDeletedBlockTransactions.java:addTransactionToDN(50)) - Transaction added: ad4991cb-97ce-4dd6-b117-42e7f6b0816f <- TX(20)
2021-08-10 12:16:25,640 [SCMBlockDeletingService#0] DEBUG block.SCMBlockDeletingService (DatanodeDeletedBlockTransactions.java:addTransactionToDN(50)) - Transaction added: 01235482-5c07-4b37-86e9-3192ec4df84f <- TX(20)
2021-08-10 12:16:25,640 [SCMBlockDeletingService#0] DEBUG block.SCMBlockDeletingService (DatanodeDeletedBlockTransactions.java:addTransactionToDN(50)) - Transaction added: b13dbf35-3f05-4a51-87e4-7670ffffb89b <- TX(20)
2021-08-10 12:16:25,640 [SCMBlockDeletingService#0] DEBUG block.SCMBlockDeletingService (DatanodeDeletedBlockTransactions.java:addTransactionToDN(50)) - Transaction added: b13dbf35-3f05-4a51-87e4-7670ffffb89b <- TX(21)
2021-08-10 12:16:25,640 [SCMBlockDeletingService#0] DEBUG block.SCMBlockDeletingService (DatanodeDeletedBlockTransactions.java:addTransactionToDN(50)) - Transaction added: ad4991cb-97ce-4dd6-b117-42e7f6b0816f <- TX(21)
2021-08-10 12:16:25,640 [SCMBlockDeletingService#0] DEBUG block.SCMBlockDeletingService (DatanodeDeletedBlockTransactions.java:addTransactionToDN(50)) - Transaction added: 01235482-5c07-4b37-86e9-3192ec4df84f <- TX(21)
2021-08-10 12:16:25,640 [SCMBlockDeletingService#0] DEBUG block.SCMBlockDeletingService (DatanodeDeletedBlockTransactions.java:addTransactionToDN(50)) - Transaction added: ad4991cb-97ce-4dd6-b117-42e7f6b0816f <- TX(22)
2021-08-10 12:16:25,640 [SCMBlockDeletingService#0] DEBUG block.SCMBlockDeletingService (DatanodeDeletedBlockTransactions.java:addTransactionToDN(50)) - Transaction added: 01235482-5c07-4b37-86e9-3192ec4df84f <- TX(22)
2021-08-10 12:16:25,640 [SCMBlockDeletingService#0] DEBUG block.SCMBlockDeletingService (DatanodeDeletedBlockTransactions.java:addTransactionToDN(50)) - Transaction added: b13dbf35-3f05-4a51-87e4-7670ffffb89b <- TX(22)
2021-08-10 12:16:25,640 [SCMBlockDeletingService#0] DEBUG block.SCMBlockDeletingService (DatanodeDeletedBlockTransactions.java:addTransactionToDN(50)) - Transaction added: b13dbf35-3f05-4a51-87e4-7670ffffb89b <- TX(23)
2021-08-10 12:16:25,640 [SCMBlockDeletingService#0] DEBUG block.SCMBlockDeletingService (DatanodeDeletedBlockTransactions.java:addTransactionToDN(50)) - Transaction added: 01235482-5c07-4b37-86e9-3192ec4df84f <- TX(23)
2021-08-10 12:16:25,640 [SCMBlockDeletingService#0] DEBUG block.SCMBlockDeletingService (DatanodeDeletedBlockTransactions.java:addTransactionToDN(50)) - Transaction added: ad4991cb-97ce-4dd6-b117-42e7f6b0816f <- TX(23)
2021-08-10 12:16:25,641 [SCMBlockDeletingService#0] DEBUG block.SCMBlockDeletingService (DatanodeDeletedBlockTransactions.java:addTransactionToDN(50)) - Transaction added: 01235482-5c07-4b37-86e9-3192ec4df84f <- TX(24)
2021-08-10 12:16:25,641 [SCMBlockDeletingService#0] DEBUG block.SCMBlockDeletingService (DatanodeDeletedBlockTransactions.java:addTransactionToDN(50)) - Transaction added: b13dbf35-3f05-4a51-87e4-7670ffffb89b <- TX(24)
2021-08-10 12:16:25,641 [SCMBlockDeletingService#0] DEBUG block.SCMBlockDeletingService (DatanodeDeletedBlockTransactions.java:addTransactionToDN(50)) - Transaction added: ad4991cb-97ce-4dd6-b117-42e7f6b0816f <- TX(24)
2021-08-10 12:16:25,641 [SCMBlockDeletingService#0] DEBUG block.SCMBlockDeletingService (DatanodeDeletedBlockTransactions.java:addTransactionToDN(50)) - Transaction added: b13dbf35-3f05-4a51-87e4-7670ffffb89b <- TX(25)
2021-08-10 12:16:25,641 [SCMBlockDeletingService#0] DEBUG block.SCMBlockDeletingService (DatanodeDeletedBlockTransactions.java:addTransactionToDN(50)) - Transaction added: ad4991cb-97ce-4dd6-b117-42e7f6b0816f <- TX(25)
2021-08-10 12:16:25,641 [SCMBlockDeletingService#0] DEBUG block.SCMBlockDeletingService (DatanodeDeletedBlockTransactions.java:addTransactionToDN(50)) - Transaction added: 01235482-5c07-4b37-86e9-3192ec4df84f <- TX(25)
2021-08-10 12:16:25,641 [SCMBlockDeletingService#0] DEBUG block.SCMBlockDeletingService (DatanodeDeletedBlockTransactions.java:addTransactionToDN(50)) - Transaction added: 01235482-5c07-4b37-86e9-3192ec4df84f <- TX(26)
2021-08-10 12:16:25,641 [SCMBlockDeletingService#0] DEBUG block.SCMBlockDeletingService (DatanodeDeletedBlockTransactions.java:addTransactionToDN(50)) - Transaction added: b13dbf35-3f05-4a51-87e4-7670ffffb89b <- TX(26)
2021-08-10 12:16:25,641 [SCMBlockDeletingService#0] DEBUG block.SCMBlockDeletingService (DatanodeDeletedBlockTransactions.java:addTransactionToDN(50)) - Transaction added: ad4991cb-97ce-4dd6-b117-42e7f6b0816f <- TX(26)
2021-08-10 12:16:25,641 [SCMBlockDeletingService#0] DEBUG block.SCMBlockDeletingService (DatanodeDeletedBlockTransactions.java:addTransactionToDN(50)) - Transaction added: 01235482-5c07-4b37-86e9-3192ec4df84f <- TX(27)
2021-08-10 12:16:25,641 [SCMBlockDeletingService#0] DEBUG block.SCMBlockDeletingService (DatanodeDeletedBlockTransactions.java:addTransactionToDN(50)) - Transaction added: ad4991cb-97ce-4dd6-b117-42e7f6b0816f <- TX(27)
2021-08-10 12:16:25,641 [SCMBlockDeletingService#0] DEBUG block.SCMBlockDeletingService (DatanodeDeletedBlockTransactions.java:addTransactionToDN(50)) - Transaction added: b13dbf35-3f05-4a51-87e4-7670ffffb89b <- TX(27)
2021-08-10 12:16:25,641 [SCMBlockDeletingService#0] DEBUG block.SCMBlockDeletingService (DatanodeDeletedBlockTransactions.java:addTransactionToDN(50)) - Transaction added: b13dbf35-3f05-4a51-87e4-7670ffffb89b <- TX(28)
2021-08-10 12:16:25,641 [SCMBlockDeletingService#0] DEBUG block.SCMBlockDeletingService (DatanodeDeletedBlockTransactions.java:addTransactionToDN(50)) - Transaction added: ad4991cb-97ce-4dd6-b117-42e7f6b0816f <- TX(28)
2021-08-10 12:16:25,641 [SCMBlockDeletingService#0] DEBUG block.SCMBlockDeletingService (DatanodeDeletedBlockTransactions.java:addTransactionToDN(50)) - Transaction added: 01235482-5c07-4b37-86e9-3192ec4df84f <- TX(28)
2021-08-10 12:16:25,641 [SCMBlockDeletingService#0] DEBUG block.SCMBlockDeletingService (DatanodeDeletedBlockTransactions.java:addTransactionToDN(50)) - Transaction added: ad4991cb-97ce-4dd6-b117-42e7f6b0816f <- TX(29)
2021-08-10 12:16:25,641 [SCMBlockDeletingService#0] DEBUG block.SCMBlockDeletingService (DatanodeDeletedBlockTransactions.java:addTransactionToDN(50)) - Transaction added: 01235482-5c07-4b37-86e9-3192ec4df84f <- TX(29)
2021-08-10 12:16:25,641 [SCMBlockDeletingService#0] DEBUG block.SCMBlockDeletingService (DatanodeDeletedBlockTransactions.java:addTransactionToDN(50)) - Transaction added: b13dbf35-3f05-4a51-87e4-7670ffffb89b <- TX(29)
2021-08-10 12:16:25,641 [SCMBlockDeletingService#0] DEBUG block.SCMBlockDeletingService (DatanodeDeletedBlockTransactions.java:addTransactionToDN(50)) - Transaction added: b13dbf35-3f05-4a51-87e4-7670ffffb89b <- TX(30)
2021-08-10 12:16:25,641 [SCMBlockDeletingService#0] DEBUG block.SCMBlockDeletingService (DatanodeDeletedBlockTransactions.java:addTransactionToDN(50)) - Transaction added: ad4991cb-97ce-4dd6-b117-42e7f6b0816f <- TX(30)
2021-08-10 12:16:25,641 [SCMBlockDeletingService#0] DEBUG block.SCMBlockDeletingService (DatanodeDeletedBlockTransactions.java:addTransactionToDN(50)) - Transaction added: 01235482-5c07-4b37-86e9-3192ec4df84f <- TX(30)
2021-08-10 12:16:25,641 [SCMBlockDeletingService#0] DEBUG block.SCMBlockDeletingService (DatanodeDeletedBlockTransactions.java:addTransactionToDN(50)) - Transaction added: 01235482-5c07-4b37-86e9-3192ec4df84f <- TX(31)
2021-08-10 12:16:25,641 [SCMBlockDeletingService#0] DEBUG block.SCMBlockDeletingService (DatanodeDeletedBlockTransactions.java:addTransactionToDN(50)) - Transaction added: ad4991cb-97ce-4dd6-b117-42e7f6b0816f <- TX(31)
2021-08-10 12:16:25,641 [SCMBlockDeletingService#0] DEBUG block.SCMBlockDeletingService (DatanodeDeletedBlockTransactions.java:addTransactionToDN(50)) - Transaction added: b13dbf35-3f05-4a51-87e4-7670ffffb89b <- TX(31)
2021-08-10 12:16:25,641 [SCMBlockDeletingService#0] DEBUG block.SCMBlockDeletingService (DatanodeDeletedBlockTransactions.java:addTransactionToDN(50)) - Transaction added: b13dbf35-3f05-4a51-87e4-7670ffffb89b <- TX(32)
2021-08-10 12:16:25,641 [SCMBlockDeletingService#0] DEBUG block.SCMBlockDeletingService (DatanodeDeletedBlockTransactions.java:addTransactionToDN(50)) - Transaction added: ad4991cb-97ce-4dd6-b117-42e7f6b0816f <- TX(32)
2021-08-10 12:16:25,641 [SCMBlockDeletingService#0] DEBUG block.SCMBlockDeletingService (DatanodeDeletedBlockTransactions.java:addTransactionToDN(50)) - Transaction added: 01235482-5c07-4b37-86e9-3192ec4df84f <- TX(32)
2021-08-10 12:16:25,641 [SCMBlockDeletingService#0] DEBUG block.SCMBlockDeletingService (DatanodeDeletedBlockTransactions.java:addTransactionToDN(50)) - Transaction added: 01235482-5c07-4b37-86e9-3192ec4df84f <- TX(33)
2021-08-10 12:16:25,641 [SCMBlockDeletingService#0] DEBUG block.SCMBlockDeletingService (DatanodeDeletedBlockTransactions.java:addTransactionToDN(50)) - Transaction added: b13dbf35-3f05-4a51-87e4-7670ffffb89b <- TX(33)
2021-08-10 12:16:25,641 [SCMBlockDeletingService#0] DEBUG block.SCMBlockDeletingService (DatanodeDeletedBlockTransactions.java:addTransactionToDN(50)) - Transaction added: ad4991cb-97ce-4dd6-b117-42e7f6b0816f <- TX(33)
2021-08-10 12:16:25,641 [SCMBlockDeletingService#0] DEBUG block.SCMBlockDeletingService (DatanodeDeletedBlockTransactions.java:addTransactionToDN(50)) - Transaction added: ad4991cb-97ce-4dd6-b117-42e7f6b0816f <- TX(34)
2021-08-10 12:16:25,641 [SCMBlockDeletingService#0] DEBUG block.SCMBlockDeletingService (DatanodeDeletedBlockTransactions.java:addTransactionToDN(50)) - Transaction added: 01235482-5c07-4b37-86e9-3192ec4df84f <- TX(34)
2021-08-10 12:16:25,641 [SCMBlockDeletingService#0] DEBUG block.SCMBlockDeletingService (DatanodeDeletedBlockTransactions.java:addTransactionToDN(50)) - Transaction added: b13dbf35-3f05-4a51-87e4-7670ffffb89b <- TX(34)
2021-08-10 12:16:25,641 [SCMBlockDeletingService#0] DEBUG block.SCMBlockDeletingService (DatanodeDeletedBlockTransactions.java:addTransactionToDN(50)) - Transaction added: b13dbf35-3f05-4a51-87e4-7670ffffb89b <- TX(35)
2021-08-10 12:16:25,641 [SCMBlockDeletingService#0] DEBUG block.SCMBlockDeletingService (DatanodeDeletedBlockTransactions.java:addTransactionToDN(50)) - Transaction added: 01235482-5c07-4b37-86e9-3192ec4df84f <- TX(35)
2021-08-10 12:16:25,641 [SCMBlockDeletingService#0] DEBUG block.SCMBlockDeletingService (DatanodeDeletedBlockTransactions.java:addTransactionToDN(50)) - Transaction added: ad4991cb-97ce-4dd6-b117-42e7f6b0816f <- TX(35)
2021-08-10 12:16:25,641 [SCMBlockDeletingService#0] DEBUG block.SCMBlockDeletingService (DatanodeDeletedBlockTransactions.java:addTransactionToDN(50)) - Transaction added: ad4991cb-97ce-4dd6-b117-42e7f6b0816f <- TX(36)
2021-08-10 12:16:25,641 [SCMBlockDeletingService#0] DEBUG block.SCMBlockDeletingService (DatanodeDeletedBlockTransactions.java:addTransactionToDN(50)) - Transaction added: 01235482-5c07-4b37-86e9-3192ec4df84f <- TX(36)
2021-08-10 12:16:25,641 [SCMBlockDeletingService#0] DEBUG block.SCMBlockDeletingService (DatanodeDeletedBlockTransactions.java:addTransactionToDN(50)) - Transaction added: b13dbf35-3f05-4a51-87e4-7670ffffb89b <- TX(36)
2021-08-10 12:16:25,642 [SCMBlockDeletingService#0] DEBUG block.SCMBlockDeletingService (DatanodeDeletedBlockTransactions.java:addTransactionToDN(50)) - Transaction added: b13dbf35-3f05-4a51-87e4-7670ffffb89b <- TX(37)
2021-08-10 12:16:25,642 [SCMBlockDeletingService#0] DEBUG block.SCMBlockDeletingService (DatanodeDeletedBlockTransactions.java:addTransactionToDN(50)) - Transaction added: ad4991cb-97ce-4dd6-b117-42e7f6b0816f <- TX(37)
2021-08-10 12:16:25,642 [SCMBlockDeletingService#0] DEBUG block.SCMBlockDeletingService (DatanodeDeletedBlockTransactions.java:addTransactionToDN(50)) - Transaction added: 01235482-5c07-4b37-86e9-3192ec4df84f <- TX(37)
2021-08-10 12:16:25,642 [SCMBlockDeletingService#0] DEBUG block.SCMBlockDeletingService (DatanodeDeletedBlockTransactions.java:addTransactionToDN(50)) - Transaction added: ad4991cb-97ce-4dd6-b117-42e7f6b0816f <- TX(38)
2021-08-10 12:16:25,642 [SCMBlockDeletingService#0] DEBUG block.SCMBlockDeletingService (DatanodeDeletedBlockTransactions.java:addTransactionToDN(50)) - Transaction added: 01235482-5c07-4b37-86e9-3192ec4df84f <- TX(38)
2021-08-10 12:16:25,642 [SCMBlockDeletingService#0] DEBUG block.SCMBlockDeletingService (DatanodeDeletedBlockTransactions.java:addTransactionToDN(50)) - Transaction added: b13dbf35-3f05-4a51-87e4-7670ffffb89b <- TX(38)
2021-08-10 12:16:25,643 [SCMBlockDeletingService#0] DEBUG block.SCMBlockDeletingService (DatanodeDeletedBlockTransactions.java:addTransactionToDN(50)) - Transaction added: b13dbf35-3f05-4a51-87e4-7670ffffb89b <- TX(39)
2021-08-10 12:16:25,643 [SCMBlockDeletingService#0] DEBUG block.SCMBlockDeletingService (DatanodeDeletedBlockTransactions.java:addTransactionToDN(50)) - Transaction added: 01235482-5c07-4b37-86e9-3192ec4df84f <- TX(39)
2021-08-10 12:16:25,643 [SCMBlockDeletingService#0] DEBUG block.SCMBlockDeletingService (DatanodeDeletedBlockTransactions.java:addTransactionToDN(50)) - Transaction added: ad4991cb-97ce-4dd6-b117-42e7f6b0816f <- TX(39)
2021-08-10 12:16:25,643 [SCMBlockDeletingService#0] DEBUG block.SCMBlockDeletingService (DatanodeDeletedBlockTransactions.java:addTransactionToDN(50)) - Transaction added: 01235482-5c07-4b37-86e9-3192ec4df84f <- TX(40)
2021-08-10 12:16:25,643 [SCMBlockDeletingService#0] DEBUG block.SCMBlockDeletingService (DatanodeDeletedBlockTransactions.java:addTransactionToDN(50)) - Transaction added: b13dbf35-3f05-4a51-87e4-7670ffffb89b <- TX(40)
2021-08-10 12:16:25,643 [SCMBlockDeletingService#0] DEBUG block.SCMBlockDeletingService (DatanodeDeletedBlockTransactions.java:addTransactionToDN(50)) - Transaction added: ad4991cb-97ce-4dd6-b117-42e7f6b0816f <- TX(40)
2021-08-10 12:16:25,643 [SCMBlockDeletingService#0] DEBUG block.SCMBlockDeletingService (DatanodeDeletedBlockTransactions.java:addTransactionToDN(50)) - Transaction added: b13dbf35-3f05-4a51-87e4-7670ffffb89b <- TX(41)
2021-08-10 12:16:25,643 [SCMBlockDeletingService#0] DEBUG block.SCMBlockDeletingService (DatanodeDeletedBlockTransactions.java:addTransactionToDN(50)) - Transaction added: ad4991cb-97ce-4dd6-b117-42e7f6b0816f <- TX(41)
2021-08-10 12:16:25,643 [SCMBlockDeletingService#0] DEBUG block.SCMBlockDeletingService (DatanodeDeletedBlockTransactions.java:addTransactionToDN(50)) - Transaction added: 01235482-5c07-4b37-86e9-3192ec4df84f <- TX(41)
2021-08-10 12:16:25,643 [SCMBlockDeletingService#0] DEBUG block.SCMBlockDeletingService (DatanodeDeletedBlockTransactions.java:addTransactionToDN(50)) - Transaction added: 01235482-5c07-4b37-86e9-3192ec4df84f <- TX(42)
2021-08-10 12:16:25,644 [SCMBlockDeletingService#0] DEBUG block.SCMBlockDeletingService (DatanodeDeletedBlockTransactions.java:addTransactionToDN(50)) - Transaction added: b13dbf35-3f05-4a51-87e4-7670ffffb89b <- TX(42)
2021-08-10 12:16:25,644 [SCMBlockDeletingService#0] DEBUG block.SCMBlockDeletingService (DatanodeDeletedBlockTransactions.java:addTransactionToDN(50)) - Transaction added: ad4991cb-97ce-4dd6-b117-42e7f6b0816f <- TX(42)
2021-08-10 12:16:25,644 [SCMBlockDeletingService#0] DEBUG block.SCMBlockDeletingService (DatanodeDeletedBlockTransactions.java:addTransactionToDN(50)) - Transaction added: 01235482-5c07-4b37-86e9-3192ec4df84f <- TX(43)
2021-08-10 12:16:25,644 [SCMBlockDeletingService#0] DEBUG block.SCMBlockDeletingService (DatanodeDeletedBlockTransactions.java:addTransactionToDN(50)) - Transaction added: ad4991cb-97ce-4dd6-b117-42e7f6b0816f <- TX(43)
2021-08-10 12:16:25,644 [SCMBlockDeletingService#0] DEBUG block.SCMBlockDeletingService (DatanodeDeletedBlockTransactions.java:addTransactionToDN(50)) - Transaction added: b13dbf35-3f05-4a51-87e4-7670ffffb89b <- TX(43)
2021-08-10 12:16:25,644 [SCMBlockDeletingService#0] DEBUG block.SCMBlockDeletingService (DatanodeDeletedBlockTransactions.java:addTransactionToDN(50)) - Transaction added: b13dbf35-3f05-4a51-87e4-7670ffffb89b <- TX(44)
2021-08-10 12:16:25,644 [SCMBlockDeletingService#0] DEBUG block.SCMBlockDeletingService (DatanodeDeletedBlockTransactions.java:addTransactionToDN(50)) - Transaction added: ad4991cb-97ce-4dd6-b117-42e7f6b0816f <- TX(44)
2021-08-10 12:16:25,644 [SCMBlockDeletingService#0] DEBUG block.SCMBlockDeletingService (DatanodeDeletedBlockTransactions.java:addTransactionToDN(50)) - Transaction added: 01235482-5c07-4b37-86e9-3192ec4df84f <- TX(44)
2021-08-10 12:16:25,644 [SCMBlockDeletingService#0] DEBUG block.SCMBlockDeletingService (DatanodeDeletedBlockTransactions.java:addTransactionToDN(50)) - Transaction added: ad4991cb-97ce-4dd6-b117-42e7f6b0816f <- TX(45)
2021-08-10 12:16:25,644 [SCMBlockDeletingService#0] DEBUG block.SCMBlockDeletingService (DatanodeDeletedBlockTransactions.java:addTransactionToDN(50)) - Transaction added: 01235482-5c07-4b37-86e9-3192ec4df84f <- TX(45)
2021-08-10 12:16:25,644 [SCMBlockDeletingService#0] DEBUG block.SCMBlockDeletingService (DatanodeDeletedBlockTransactions.java:addTransactionToDN(50)) - Transaction added: b13dbf35-3f05-4a51-87e4-7670ffffb89b <- TX(45)
2021-08-10 12:16:25,644 [SCMBlockDeletingService#0] DEBUG block.SCMBlockDeletingService (DatanodeDeletedBlockTransactions.java:addTransactionToDN(50)) - Transaction added: b13dbf35-3f05-4a51-87e4-7670ffffb89b <- TX(46)
2021-08-10 12:16:25,644 [SCMBlockDeletingService#0] DEBUG block.SCMBlockDeletingService (DatanodeDeletedBlockTransactions.java:addTransactionToDN(50)) - Transaction added: ad4991cb-97ce-4dd6-b117-42e7f6b0816f <- TX(46)
2021-08-10 12:16:25,644 [SCMBlockDeletingService#0] DEBUG block.SCMBlockDeletingService (DatanodeDeletedBlockTransactions.java:addTransactionToDN(50)) - Transaction added: 01235482-5c07-4b37-86e9-3192ec4df84f <- TX(46)
2021-08-10 12:16:25,644 [SCMBlockDeletingService#0] DEBUG block.SCMBlockDeletingService (DatanodeDeletedBlockTransactions.java:addTransactionToDN(50)) - Transaction added: 01235482-5c07-4b37-86e9-3192ec4df84f <- TX(47)
2021-08-10 12:16:25,644 [SCMBlockDeletingService#0] DEBUG block.SCMBlockDeletingService (DatanodeDeletedBlockTransactions.java:addTransactionToDN(50)) - Transaction added: ad4991cb-97ce-4dd6-b117-42e7f6b0816f <- TX(47)
2021-08-10 12:16:25,644 [SCMBlockDeletingService#0] DEBUG block.SCMBlockDeletingService (DatanodeDeletedBlockTransactions.java:addTransactionToDN(50)) - Transaction added: b13dbf35-3f05-4a51-87e4-7670ffffb89b <- TX(47)
2021-08-10 12:16:25,644 [SCMBlockDeletingService#0] DEBUG block.SCMBlockDeletingService (DatanodeDeletedBlockTransactions.java:addTransactionToDN(50)) - Transaction added: b13dbf35-3f05-4a51-87e4-7670ffffb89b <- TX(48)
2021-08-10 12:16:25,644 [SCMBlockDeletingService#0] DEBUG block.SCMBlockDeletingService (DatanodeDeletedBlockTransactions.java:addTransactionToDN(50)) - Transaction added: ad4991cb-97ce-4dd6-b117-42e7f6b0816f <- TX(48)
2021-08-10 12:16:25,644 [SCMBlockDeletingService#0] DEBUG block.SCMBlockDeletingService (DatanodeDeletedBlockTransactions.java:addTransactionToDN(50)) - Transaction added: 01235482-5c07-4b37-86e9-3192ec4df84f <- TX(48)
2021-08-10 12:16:25,644 [SCMBlockDeletingService#0] DEBUG block.SCMBlockDeletingService (DatanodeDeletedBlockTransactions.java:addTransactionToDN(50)) - Transaction added: 01235482-5c07-4b37-86e9-3192ec4df84f <- TX(49)
2021-08-10 12:16:25,644 [SCMBlockDeletingService#0] DEBUG block.SCMBlockDeletingService (DatanodeDeletedBlockTransactions.java:addTransactionToDN(50)) - Transaction added: b13dbf35-3f05-4a51-87e4-7670ffffb89b <- TX(49)
2021-08-10 12:16:25,644 [SCMBlockDeletingService#0] DEBUG block.SCMBlockDeletingService (DatanodeDeletedBlockTransactions.java:addTransactionToDN(50)) - Transaction added: ad4991cb-97ce-4dd6-b117-42e7f6b0816f <- TX(49)
2021-08-10 12:16:25,644 [SCMBlockDeletingService#0] DEBUG block.SCMBlockDeletingService (DatanodeDeletedBlockTransactions.java:addTransactionToDN(50)) - Transaction added: ad4991cb-97ce-4dd6-b117-42e7f6b0816f <- TX(50)
2021-08-10 12:16:25,645 [SCMBlockDeletingService#0] DEBUG block.SCMBlockDeletingService (DatanodeDeletedBlockTransactions.java:addTransactionToDN(50)) - Transaction added: 01235482-5c07-4b37-86e9-3192ec4df84f <- TX(50)
2021-08-10 12:16:25,645 [SCMBlockDeletingService#0] DEBUG block.SCMBlockDeletingService (DatanodeDeletedBlockTransactions.java:addTransactionToDN(50)) - Transaction added: b13dbf35-3f05-4a51-87e4-7670ffffb89b <- TX(50)
2021-08-10 12:16:25,645 [SCMBlockDeletingService#0] DEBUG block.SCMBlockDeletingService (DatanodeDeletedBlockTransactions.java:addTransactionToDN(50)) - Transaction added: b13dbf35-3f05-4a51-87e4-7670ffffb89b <- TX(51)
2021-08-10 12:16:25,645 [SCMBlockDeletingService#0] DEBUG block.SCMBlockDeletingService (DatanodeDeletedBlockTransactions.java:addTransactionToDN(50)) - Transaction added: 01235482-5c07-4b37-86e9-3192ec4df84f <- TX(51)
2021-08-10 12:16:25,645 [SCMBlockDeletingService#0] DEBUG block.SCMBlockDeletingService (DatanodeDeletedBlockTransactions.java:addTransactionToDN(50)) - Transaction added: ad4991cb-97ce-4dd6-b117-42e7f6b0816f <- TX(51)
2021-08-10 12:16:25,645 [SCMBlockDeletingService#0] DEBUG block.SCMBlockDeletingService (DatanodeDeletedBlockTransactions.java:addTransactionToDN(50)) - Transaction added: ad4991cb-97ce-4dd6-b117-42e7f6b0816f <- TX(52)
2021-08-10 12:16:25,645 [SCMBlockDeletingService#0] DEBUG block.SCMBlockDeletingService (DatanodeDeletedBlockTransactions.java:addTransactionToDN(50)) - Transaction added: 01235482-5c07-4b37-86e9-3192ec4df84f <- TX(52)
2021-08-10 12:16:25,645 [SCMBlockDeletingService#0] DEBUG block.SCMBlockDeletingService (DatanodeDeletedBlockTransactions.java:addTransactionToDN(50)) - Transaction added: b13dbf35-3f05-4a51-87e4-7670ffffb89b <- TX(52)
2021-08-10 12:16:25,645 [SCMBlockDeletingService#0] DEBUG block.SCMBlockDeletingService (DatanodeDeletedBlockTransactions.java:addTransactionToDN(50)) - Transaction added: b13dbf35-3f05-4a51-87e4-7670ffffb89b <- TX(53)
2021-08-10 12:16:25,645 [SCMBlockDeletingService#0] DEBUG block.SCMBlockDeletingService (DatanodeDeletedBlockTransactions.java:addTransactionToDN(50)) - Transaction added: ad4991cb-97ce-4dd6-b117-42e7f6b0816f <- TX(53)
2021-08-10 12:16:25,645 [SCMBlockDeletingService#0] DEBUG block.SCMBlockDeletingService (DatanodeDeletedBlockTransactions.java:addTransactionToDN(50)) - Transaction added: 01235482-5c07-4b37-86e9-3192ec4df84f <- TX(53)
2021-08-10 12:16:25,645 [SCMBlockDeletingService#0] DEBUG block.SCMBlockDeletingService (DatanodeDeletedBlockTransactions.java:addTransactionToDN(50)) - Transaction added: ad4991cb-97ce-4dd6-b117-42e7f6b0816f <- TX(54)
2021-08-10 12:16:25,645 [SCMBlockDeletingService#0] DEBUG block.SCMBlockDeletingService (DatanodeDeletedBlockTransactions.java:addTransactionToDN(50)) - Transaction added: 01235482-5c07-4b37-86e9-3192ec4df84f <- TX(54)
2021-08-10 12:16:25,645 [SCMBlockDeletingService#0] DEBUG block.SCMBlockDeletingService (DatanodeDeletedBlockTransactions.java:addTransactionToDN(50)) - Transaction added: b13dbf35-3f05-4a51-87e4-7670ffffb89b <- TX(54)
2021-08-10 12:16:25,645 [SCMBlockDeletingService#0] DEBUG block.SCMBlockDeletingService (DatanodeDeletedBlockTransactions.java:addTransactionToDN(50)) - Transaction added: b13dbf35-3f05-4a51-87e4-7670ffffb89b <- TX(55)
2021-08-10 12:16:25,645 [SCMBlockDeletingService#0] DEBUG block.SCMBlockDeletingService (DatanodeDeletedBlockTransactions.java:addTransactionToDN(50)) - Transaction added: 01235482-5c07-4b37-86e9-3192ec4df84f <- TX(55)
2021-08-10 12:16:25,645 [SCMBlockDeletingService#0] DEBUG block.SCMBlockDeletingService (DatanodeDeletedBlockTransactions.java:addTransactionToDN(50)) - Transaction added: ad4991cb-97ce-4dd6-b117-42e7f6b0816f <- TX(55)
2021-08-10 12:16:25,645 [SCMBlockDeletingService#0] DEBUG block.SCMBlockDeletingService (DatanodeDeletedBlockTransactions.java:addTransactionToDN(50)) - Transaction added: 01235482-5c07-4b37-86e9-3192ec4df84f <- TX(56)
2021-08-10 12:16:25,645 [SCMBlockDeletingService#0] DEBUG block.SCMBlockDeletingService (DatanodeDeletedBlockTransactions.java:addTransactionToDN(50)) - Transaction added: b13dbf35-3f05-4a51-87e4-7670ffffb89b <- TX(56)
2021-08-10 12:16:25,645 [SCMBlockDeletingService#0] DEBUG block.SCMBlockDeletingService (DatanodeDeletedBlockTransactions.java:addTransactionToDN(50)) - Transaction added: ad4991cb-97ce-4dd6-b117-42e7f6b0816f <- TX(56)
2021-08-10 12:16:25,645 [SCMBlockDeletingService#0] DEBUG block.SCMBlockDeletingService (SCMBlockDeletingService.java:call(164)) - Added delete block command for datanode ad4991cb-97ce-4dd6-b117-42e7f6b0816f in the queue, number of delete block transactions: 56
2021-08-10 12:16:25,645 [SCMBlockDeletingService#0] DEBUG block.SCMBlockDeletingService (SCMBlockDeletingService.java:call(164)) - Added delete block command for datanode 01235482-5c07-4b37-86e9-3192ec4df84f in the queue, number of delete block transactions: 56
2021-08-10 12:16:25,645 [SCMBlockDeletingService#0] DEBUG block.SCMBlockDeletingService (SCMBlockDeletingService.java:call(164)) - Added delete block command for datanode b13dbf35-3f05-4a51-87e4-7670ffffb89b in the queue, number of delete block transactions: 56
2021-08-10 12:16:25,645 [SCMBlockDeletingService#0] INFO  block.SCMBlockDeletingService (SCMBlockDeletingService.java:call(174)) - Totally added 168 blocks to be deleted for 3 datanodes, task elapsed time: 14ms
2021-08-10 12:16:25,732 [SCMBlockDeletingService#0] DEBUG block.SCMBlockDeletingService (SCMBlockDeletingService.java:call(133)) - Running DeletedBlockTransactionScanner
2021-08-10 12:16:25,732 [SCMBlockDeletingService#0] DEBUG block.SCMBlockDeletingService (DatanodeDeletedBlockTransactions.java:addTransactionToDN(50)) - Transaction added: 01235482-5c07-4b37-86e9-3192ec4df84f <- TX(1)
2021-08-10 12:16:25,732 [SCMBlockDeletingService#0] DEBUG block.SCMBlockDeletingService (DatanodeDeletedBlockTransactions.java:addTransactionToDN(50)) - Transaction added: b13dbf35-3f05-4a51-87e4-7670ffffb89b <- TX(1)
2021-08-10 12:16:25,732 [SCMBlockDeletingService#0] DEBUG block.SCMBlockDeletingService (DatanodeDeletedBlockTransactions.java:addTransactionToDN(50)) - Transaction added: ad4991cb-97ce-4dd6-b117-42e7f6b0816f <- TX(1)
2021-08-10 12:16:25,732 [SCMBlockDeletingService#0] DEBUG block.SCMBlockDeletingService (DatanodeDeletedBlockTransactions.java:addTransactionToDN(50)) - Transaction added: ad4991cb-97ce-4dd6-b117-42e7f6b0816f <- TX(2)
2021-08-10 12:16:25,732 [SCMBlockDeletingService#0] DEBUG block.SCMBlockDeletingService (DatanodeDeletedBlockTransactions.java:addTransactionToDN(50)) - Transaction added: 01235482-5c07-4b37-86e9-3192ec4df84f <- TX(2)
2021-08-10 12:16:25,733 [SCMBlockDeletingService#0] DEBUG block.SCMBlockDeletingService (DatanodeDeletedBlockTransactions.java:addTransactionToDN(50)) - Transaction added: b13dbf35-3f05-4a51-87e4-7670ffffb89b <- TX(2)
2021-08-10 12:16:25,733 [SCMBlockDeletingService#0] DEBUG block.SCMBlockDeletingService (DatanodeDeletedBlockTransactions.java:addTransactionToDN(50)) - Transaction added: b13dbf35-3f05-4a51-87e4-7670ffffb89b <- TX(3)
2021-08-10 12:16:25,733 [SCMBlockDeletingService#0] DEBUG block.SCMBlockDeletingService (DatanodeDeletedBlockTransactions.java:addTransactionToDN(50)) - Transaction added: 01235482-5c07-4b37-86e9-3192ec4df84f <- TX(3)
2021-08-10 12:16:25,733 [SCMBlockDeletingService#0] DEBUG block.SCMBlockDeletingService (DatanodeDeletedBlockTransactions.java:addTransactionToDN(50)) - Transaction added: ad4991cb-97ce-4dd6-b117-42e7f6b0816f <- TX(3)
2021-08-10 12:16:25,733 [SCMBlockDeletingService#0] DEBUG block.SCMBlockDeletingService (DatanodeDeletedBlockTransactions.java:addTransactionToDN(50)) - Transaction added: ad4991cb-97ce-4dd6-b117-42e7f6b0816f <- TX(4)
2021-08-10 12:16:25,733 [SCMBlockDeletingService#0] DEBUG block.SCMBlockDeletingService (DatanodeDeletedBlockTransactions.java:addTransactionToDN(50)) - Transaction added: 01235482-5c07-4b37-86e9-3192ec4df84f <- TX(4)
2021-08-10 12:16:25,733 [SCMBlockDeletingService#0] DEBUG block.SCMBlockDeletingService (DatanodeDeletedBlockTransactions.java:addTransactionToDN(50)) - Transaction added: b13dbf35-3f05-4a51-87e4-7670ffffb89b <- TX(4)
2021-08-10 12:16:25,733 [SCMBlockDeletingService#0] DEBUG block.SCMBlockDeletingService (DatanodeDeletedBlockTransactions.java:addTransactionToDN(50)) - Transaction added: b13dbf35-3f05-4a51-87e4-7670ffffb89b <- TX(5)
2021-08-10 12:16:25,733 [SCMBlockDeletingService#0] DEBUG block.SCMBlockDeletingService (DatanodeDeletedBlockTransactions.java:addTransactionToDN(50)) - Transaction added: ad4991cb-97ce-4dd6-b117-42e7f6b0816f <- TX(5)
2021-08-10 12:16:25,733 [SCMBlockDeletingService#0] DEBUG block.SCMBlockDeletingService (DatanodeDeletedBlockTransactions.java:addTransactionToDN(50)) - Transaction added: 01235482-5c07-4b37-86e9-3192ec4df84f <- TX(5)
2021-08-10 12:16:25,733 [SCMBlockDeletingService#0] DEBUG block.SCMBlockDeletingService (DatanodeDeletedBlockTransactions.java:addTransactionToDN(50)) - Transaction added: ad4991cb-97ce-4dd6-b117-42e7f6b0816f <- TX(6)
2021-08-10 12:16:25,733 [SCMBlockDeletingService#0] DEBUG block.SCMBlockDeletingService (DatanodeDeletedBlockTransactions.java:addTransactionToDN(50)) - Transaction added: 01235482-5c07-4b37-86e9-3192ec4df84f <- TX(6)
2021-08-10 12:16:25,733 [SCMBlockDeletingService#0] DEBUG block.SCMBlockDeletingService (DatanodeDeletedBlockTransactions.java:addTransactionToDN(50)) - Transaction added: b13dbf35-3f05-4a51-87e4-7670ffffb89b <- TX(6)
2021-08-10 12:16:25,733 [SCMBlockDeletingService#0] DEBUG block.SCMBlockDeletingService (DatanodeDeletedBlockTransactions.java:addTransactionToDN(50)) - Transaction added: b13dbf35-3f05-4a51-87e4-7670ffffb89b <- TX(7)
2021-08-10 12:16:25,733 [SCMBlockDeletingService#0] DEBUG block.SCMBlockDeletingService (DatanodeDeletedBlockTransactions.java:addTransactionToDN(50)) - Transaction added: 01235482-5c07-4b37-86e9-3192ec4df84f <- TX(7)
2021-08-10 12:16:25,733 [SCMBlockDeletingService#0] DEBUG block.SCMBlockDeletingService (DatanodeDeletedBlockTransactions.java:addTransactionToDN(50)) - Transaction added: ad4991cb-97ce-4dd6-b117-42e7f6b0816f <- TX(7)
2021-08-10 12:16:25,733 [SCMBlockDeletingService#0] DEBUG block.SCMBlockDeletingService (DatanodeDeletedBlockTransactions.java:addTransactionToDN(50)) - Transaction added: 01235482-5c07-4b37-86e9-3192ec4df84f <- TX(8)
2021-08-10 12:16:25,733 [SCMBlockDeletingService#0] DEBUG block.SCMBlockDeletingService (DatanodeDeletedBlockTransactions.java:addTransactionToDN(50)) - Transaction added: b13dbf35-3f05-4a51-87e4-7670ffffb89b <- TX(8)
2021-08-10 12:16:25,733 [SCMBlockDeletingService#0] DEBUG block.SCMBlockDeletingService (DatanodeDeletedBlockTransactions.java:addTransactionToDN(50)) - Transaction added: ad4991cb-97ce-4dd6-b117-42e7f6b0816f <- TX(8)
2021-08-10 12:16:25,733 [SCMBlockDeletingService#0] DEBUG block.SCMBlockDeletingService (DatanodeDeletedBlockTransactions.java:addTransactionToDN(50)) - Transaction added: b13dbf35-3f05-4a51-87e4-7670ffffb89b <- TX(9)
2021-08-10 12:16:25,733 [SCMBlockDeletingService#0] DEBUG block.SCMBlockDeletingService (DatanodeDeletedBlockTransactions.java:addTransactionToDN(50)) - Transaction added: ad4991cb-97ce-4dd6-b117-42e7f6b0816f <- TX(9)
2021-08-10 12:16:25,733 [SCMBlockDeletingService#0] DEBUG block.SCMBlockDeletingService (DatanodeDeletedBlockTransactions.java:addTransactionToDN(50)) - Transaction added: 01235482-5c07-4b37-86e9-3192ec4df84f <- TX(9)
2021-08-10 12:16:25,733 [SCMBlockDeletingService#0] DEBUG block.SCMBlockDeletingService (DatanodeDeletedBlockTransactions.java:addTransactionToDN(50)) - Transaction added: 01235482-5c07-4b37-86e9-3192ec4df84f <- TX(10)
2021-08-10 12:16:25,733 [SCMBlockDeletingService#0] DEBUG block.SCMBlockDeletingService (DatanodeDeletedBlockTransactions.java:addTransactionToDN(50)) - Transaction added: b13dbf35-3f05-4a51-87e4-7670ffffb89b <- TX(10)
2021-08-10 12:16:25,733 [SCMBlockDeletingService#0] DEBUG block.SCMBlockDeletingService (DatanodeDeletedBlockTransactions.java:addTransactionToDN(50)) - Transaction added: ad4991cb-97ce-4dd6-b117-42e7f6b0816f <- TX(10)
2021-08-10 12:16:25,733 [SCMBlockDeletingService#0] DEBUG block.SCMBlockDeletingService (DatanodeDeletedBlockTransactions.java:addTransactionToDN(50)) - Transaction added: 01235482-5c07-4b37-86e9-3192ec4df84f <- TX(11)
2021-08-10 12:16:25,733 [SCMBlockDeletingService#0] DEBUG block.SCMBlockDeletingService (DatanodeDeletedBlockTransactions.java:addTransactionToDN(50)) - Transaction added: ad4991cb-97ce-4dd6-b117-42e7f6b0816f <- TX(11)
2021-08-10 12:16:25,733 [SCMBlockDeletingService#0] DEBUG block.SCMBlockDeletingService (DatanodeDeletedBlockTransactions.java:addTransactionToDN(50)) - Transaction added: b13dbf35-3f05-4a51-87e4-7670ffffb89b <- TX(11)
2021-08-10 12:16:25,733 [SCMBlockDeletingService#0] DEBUG block.SCMBlockDeletingService (DatanodeDeletedBlockTransactions.java:addTransactionToDN(50)) - Transaction added: b13dbf35-3f05-4a51-87e4-7670ffffb89b <- TX(12)
2021-08-10 12:16:25,733 [SCMBlockDeletingService#0] DEBUG block.SCMBlockDeletingService (DatanodeDeletedBlockTransactions.java:addTransactionToDN(50)) - Transaction added: ad4991cb-97ce-4dd6-b117-42e7f6b0816f <- TX(12)
2021-08-10 12:16:25,733 [SCMBlockDeletingService#0] DEBUG block.SCMBlockDeletingService (DatanodeDeletedBlockTransactions.java:addTransactionToDN(50)) - Transaction added: 01235482-5c07-4b37-86e9-3192ec4df84f <- TX(12)
2021-08-10 12:16:25,733 [SCMBlockDeletingService#0] DEBUG block.SCMBlockDeletingService (DatanodeDeletedBlockTransactions.java:addTransactionToDN(50)) - Transaction added: ad4991cb-97ce-4dd6-b117-42e7f6b0816f <- TX(13)
2021-08-10 12:16:25,733 [SCMBlockDeletingService#0] DEBUG block.SCMBlockDeletingService (DatanodeDeletedBlockTransactions.java:addTransactionToDN(50)) - Transaction added: 01235482-5c07-4b37-86e9-3192ec4df84f <- TX(13)
2021-08-10 12:16:25,733 [SCMBlockDeletingService#0] DEBUG block.SCMBlockDeletingService (DatanodeDeletedBlockTransactions.java:addTransactionToDN(50)) - Transaction added: b13dbf35-3f05-4a51-87e4-7670ffffb89b <- TX(13)
2021-08-10 12:16:25,734 [SCMBlockDeletingService#0] DEBUG block.SCMBlockDeletingService (DatanodeDeletedBlockTransactions.java:addTransactionToDN(50)) - Transaction added: b13dbf35-3f05-4a51-87e4-7670ffffb89b <- TX(14)
2021-08-10 12:16:25,734 [SCMBlockDeletingService#0] DEBUG block.SCMBlockDeletingService (DatanodeDeletedBlockTransactions.java:addTransactionToDN(50)) - Transaction added: ad4991cb-97ce-4dd6-b117-42e7f6b0816f <- TX(14)
2021-08-10 12:16:25,734 [SCMBlockDeletingService#0] DEBUG block.SCMBlockDeletingService (DatanodeDeletedBlockTransactions.java:addTransactionToDN(50)) - Transaction added: 01235482-5c07-4b37-86e9-3192ec4df84f <- TX(14)
2021-08-10 12:16:25,734 [SCMBlockDeletingService#0] DEBUG block.SCMBlockDeletingService (DatanodeDeletedBlockTransactions.java:addTransactionToDN(50)) - Transaction added: 01235482-5c07-4b37-86e9-3192ec4df84f <- TX(15)
2021-08-10 12:16:25,734 [SCMBlockDeletingService#0] DEBUG block.SCMBlockDeletingService (DatanodeDeletedBlockTransactions.java:addTransactionToDN(50)) - Transaction added: ad4991cb-97ce-4dd6-b117-42e7f6b0816f <- TX(15)
2021-08-10 12:16:25,734 [SCMBlockDeletingService#0] DEBUG block.SCMBlockDeletingService (DatanodeDeletedBlockTransactions.java:addTransactionToDN(50)) - Transaction added: b13dbf35-3f05-4a51-87e4-7670ffffb89b <- TX(15)
2021-08-10 12:16:25,734 [SCMBlockDeletingService#0] DEBUG block.SCMBlockDeletingService (DatanodeDeletedBlockTransactions.java:addTransactionToDN(50)) - Transaction added: b13dbf35-3f05-4a51-87e4-7670ffffb89b <- TX(16)
2021-08-10 12:16:25,734 [SCMBlockDeletingService#0] DEBUG block.SCMBlockDeletingService (DatanodeDeletedBlockTransactions.java:addTransactionToDN(50)) - Transaction added: ad4991cb-97ce-4dd6-b117-42e7f6b0816f <- TX(16)
2021-08-10 12:16:25,734 [SCMBlockDeletingService#0] DEBUG block.SCMBlockDeletingService (DatanodeDeletedBlockTransactions.java:addTransactionToDN(50)) - Transaction added: 01235482-5c07-4b37-86e9-3192ec4df84f <- TX(16)
2021-08-10 12:16:25,734 [SCMBlockDeletingService#0] DEBUG block.SCMBlockDeletingService (DatanodeDeletedBlockTransactions.java:addTransactionToDN(50)) - Transaction added: 01235482-5c07-4b37-86e9-3192ec4df84f <- TX(17)
2021-08-10 12:16:25,734 [SCMBlockDeletingService#0] DEBUG block.SCMBlockDeletingService (DatanodeDeletedBlockTransactions.java:addTransactionToDN(50)) - Transaction added: b13dbf35-3f05-4a51-87e4-7670ffffb89b <- TX(17)
2021-08-10 12:16:25,734 [SCMBlockDeletingService#0] DEBUG block.SCMBlockDeletingService (DatanodeDeletedBlockTransactions.java:addTransactionToDN(50)) - Transaction added: ad4991cb-97ce-4dd6-b117-42e7f6b0816f <- TX(17)
2021-08-10 12:16:25,734 [SCMBlockDeletingService#0] DEBUG block.SCMBlockDeletingService (DatanodeDeletedBlockTransactions.java:addTransactionToDN(50)) - Transaction added: ad4991cb-97ce-4dd6-b117-42e7f6b0816f <- TX(18)
2021-08-10 12:16:25,734 [SCMBlockDeletingService#0] DEBUG block.SCMBlockDeletingService (DatanodeDeletedBlockTransactions.java:addTransactionToDN(50)) - Transaction added: 01235482-5c07-4b37-86e9-3192ec4df84f <- TX(18)
2021-08-10 12:16:25,734 [SCMBlockDeletingService#0] DEBUG block.SCMBlockDeletingService (DatanodeDeletedBlockTransactions.java:addTransactionToDN(50)) - Transaction added: b13dbf35-3f05-4a51-87e4-7670ffffb89b <- TX(18)
2021-08-10 12:16:25,734 [SCMBlockDeletingService#0] DEBUG block.SCMBlockDeletingService (DatanodeDeletedBlockTransactions.java:addTransactionToDN(50)) - Transaction added: b13dbf35-3f05-4a51-87e4-7670ffffb89b <- TX(19)
2021-08-10 12:16:25,734 [SCMBlockDeletingService#0] DEBUG block.SCMBlockDeletingService (DatanodeDeletedBlockTransactions.java:addTransactionToDN(50)) - Transaction added: 01235482-5c07-4b37-86e9-3192ec4df84f <- TX(19)
2021-08-10 12:16:25,734 [SCMBlockDeletingService#0] DEBUG block.SCMBlockDeletingService (DatanodeDeletedBlockTransactions.java:addTransactionToDN(50)) - Transaction added: ad4991cb-97ce-4dd6-b117-42e7f6b0816f <- TX(19)
2021-08-10 12:16:25,734 [SCMBlockDeletingService#0] DEBUG block.SCMBlockDeletingService (DatanodeDeletedBlockTransactions.java:addTransactionToDN(50)) - Transaction added: ad4991cb-97ce-4dd6-b117-42e7f6b0816f <- TX(20)
2021-08-10 12:16:25,734 [SCMBlockDeletingService#0] DEBUG block.SCMBlockDeletingService (DatanodeDeletedBlockTransactions.java:addTransactionToDN(50)) - Transaction added: 01235482-5c07-4b37-86e9-3192ec4df84f <- TX(20)
2021-08-10 12:16:25,734 [SCMBlockDeletingService#0] DEBUG block.SCMBlockDeletingService (DatanodeDeletedBlockTransactions.java:addTransactionToDN(50)) - Transaction added: b13dbf35-3f05-4a51-87e4-7670ffffb89b <- TX(20)
2021-08-10 12:16:25,734 [SCMBlockDeletingService#0] DEBUG block.SCMBlockDeletingService (DatanodeDeletedBlockTransactions.java:addTransactionToDN(50)) - Transaction added: b13dbf35-3f05-4a51-87e4-7670ffffb89b <- TX(21)
2021-08-10 12:16:25,734 [SCMBlockDeletingService#0] DEBUG block.SCMBlockDeletingService (DatanodeDeletedBlockTransactions.java:addTransactionToDN(50)) - Transaction added: ad4991cb-97ce-4dd6-b117-42e7f6b0816f <- TX(21)
2021-08-10 12:16:25,734 [SCMBlockDeletingService#0] DEBUG block.SCMBlockDeletingService (DatanodeDeletedBlockTransactions.java:addTransactionToDN(50)) - Transaction added: 01235482-5c07-4b37-86e9-3192ec4df84f <- TX(21)
2021-08-10 12:16:25,734 [SCMBlockDeletingService#0] DEBUG block.SCMBlockDeletingService (DatanodeDeletedBlockTransactions.java:addTransactionToDN(50)) - Transaction added: ad4991cb-97ce-4dd6-b117-42e7f6b0816f <- TX(22)
2021-08-10 12:16:25,734 [SCMBlockDeletingService#0] DEBUG block.SCMBlockDeletingService (DatanodeDeletedBlockTransactions.java:addTransactionToDN(50)) - Transaction added: 01235482-5c07-4b37-86e9-3192ec4df84f <- TX(22)
2021-08-10 12:16:25,734 [SCMBlockDeletingService#0] DEBUG block.SCMBlockDeletingService (DatanodeDeletedBlockTransactions.java:addTransactionToDN(50)) - Transaction added: b13dbf35-3f05-4a51-87e4-7670ffffb89b <- TX(22)
2021-08-10 12:16:25,734 [SCMBlockDeletingService#0] DEBUG block.SCMBlockDeletingService (DatanodeDeletedBlockTransactions.java:addTransactionToDN(50)) - Transaction added: b13dbf35-3f05-4a51-87e4-7670ffffb89b <- TX(23)
2021-08-10 12:16:25,734 [SCMBlockDeletingService#0] DEBUG block.SCMBlockDeletingService (DatanodeDeletedBlockTransactions.java:addTransactionToDN(50)) - Transaction added: 01235482-5c07-4b37-86e9-3192ec4df84f <- TX(23)
2021-08-10 12:16:25,734 [SCMBlockDeletingService#0] DEBUG block.SCMBlockDeletingService (DatanodeDeletedBlockTransactions.java:addTransactionToDN(50)) - Transaction added: ad4991cb-97ce-4dd6-b117-42e7f6b0816f <- TX(23)
2021-08-10 12:16:25,734 [SCMBlockDeletingService#0] DEBUG block.SCMBlockDeletingService (DatanodeDeletedBlockTransactions.java:addTransactionToDN(50)) - Transaction added: 01235482-5c07-4b37-86e9-3192ec4df84f <- TX(24)
2021-08-10 12:16:25,734 [SCMBlockDeletingService#0] DEBUG block.SCMBlockDeletingService (DatanodeDeletedBlockTransactions.java:addTransactionToDN(50)) - Transaction added: b13dbf35-3f05-4a51-87e4-7670ffffb89b <- TX(24)
2021-08-10 12:16:25,734 [SCMBlockDeletingService#0] DEBUG block.SCMBlockDeletingService (DatanodeDeletedBlockTransactions.java:addTransactionToDN(50)) - Transaction added: ad4991cb-97ce-4dd6-b117-42e7f6b0816f <- TX(24)
2021-08-10 12:16:25,734 [SCMBlockDeletingService#0] DEBUG block.SCMBlockDeletingService (DatanodeDeletedBlockTransactions.java:addTransactionToDN(50)) - Transaction added: b13dbf35-3f05-4a51-87e4-7670ffffb89b <- TX(25)
2021-08-10 12:16:25,734 [SCMBlockDeletingService#0] DEBUG block.SCMBlockDeletingService (DatanodeDeletedBlockTransactions.java:addTransactionToDN(50)) - Transaction added: ad4991cb-97ce-4dd6-b117-42e7f6b0816f <- TX(25)
2021-08-10 12:16:25,734 [SCMBlockDeletingService#0] DEBUG block.SCMBlockDeletingService (DatanodeDeletedBlockTransactions.java:addTransactionToDN(50)) - Transaction added: 01235482-5c07-4b37-86e9-3192ec4df84f <- TX(25)
2021-08-10 12:16:25,734 [SCMBlockDeletingService#0] DEBUG block.SCMBlockDeletingService (DatanodeDeletedBlockTransactions.java:addTransactionToDN(50)) - Transaction added: 01235482-5c07-4b37-86e9-3192ec4df84f <- TX(26)
2021-08-10 12:16:25,735 [SCMBlockDeletingService#0] DEBUG block.SCMBlockDeletingService (DatanodeDeletedBlockTransactions.java:addTransactionToDN(50)) - Transaction added: b13dbf35-3f05-4a51-87e4-7670ffffb89b <- TX(26)
2021-08-10 12:16:25,735 [SCMBlockDeletingService#0] DEBUG block.SCMBlockDeletingService (DatanodeDeletedBlockTransactions.java:addTransactionToDN(50)) - Transaction added: ad4991cb-97ce-4dd6-b117-42e7f6b0816f <- TX(26)
2021-08-10 12:16:25,735 [SCMBlockDeletingService#0] DEBUG block.SCMBlockDeletingService (DatanodeDeletedBlockTransactions.java:addTransactionToDN(50)) - Transaction added: 01235482-5c07-4b37-86e9-3192ec4df84f <- TX(27)
2021-08-10 12:16:25,735 [SCMBlockDeletingService#0] DEBUG block.SCMBlockDeletingService (DatanodeDeletedBlockTransactions.java:addTransactionToDN(50)) - Transaction added: ad4991cb-97ce-4dd6-b117-42e7f6b0816f <- TX(27)
2021-08-10 12:16:25,735 [SCMBlockDeletingService#0] DEBUG block.SCMBlockDeletingService (DatanodeDeletedBlockTransactions.java:addTransactionToDN(50)) - Transaction added: b13dbf35-3f05-4a51-87e4-7670ffffb89b <- TX(27)
2021-08-10 12:16:25,735 [SCMBlockDeletingService#0] DEBUG block.SCMBlockDeletingService (DatanodeDeletedBlockTransactions.java:addTransactionToDN(50)) - Transaction added: b13dbf35-3f05-4a51-87e4-7670ffffb89b <- TX(28)
2021-08-10 12:16:25,735 [SCMBlockDeletingService#0] DEBUG block.SCMBlockDeletingService (DatanodeDeletedBlockTransactions.java:addTransactionToDN(50)) - Transaction added: ad4991cb-97ce-4dd6-b117-42e7f6b0816f <- TX(28)
2021-08-10 12:16:25,735 [SCMBlockDeletingService#0] DEBUG block.SCMBlockDeletingService (DatanodeDeletedBlockTransactions.java:addTransactionToDN(50)) - Transaction added: 01235482-5c07-4b37-86e9-3192ec4df84f <- TX(28)
2021-08-10 12:16:25,735 [SCMBlockDeletingService#0] DEBUG block.SCMBlockDeletingService (DatanodeDeletedBlockTransactions.java:addTransactionToDN(50)) - Transaction added: ad4991cb-97ce-4dd6-b117-42e7f6b0816f <- TX(29)
2021-08-10 12:16:25,735 [SCMBlockDeletingService#0] DEBUG block.SCMBlockDeletingService (DatanodeDeletedBlockTransactions.java:addTransactionToDN(50)) - Transaction added: 01235482-5c07-4b37-86e9-3192ec4df84f <- TX(29)
2021-08-10 12:16:25,735 [SCMBlockDeletingService#0] DEBUG block.SCMBlockDeletingService (DatanodeDeletedBlockTransactions.java:addTransactionToDN(50)) - Transaction added: b13dbf35-3f05-4a51-87e4-7670ffffb89b <- TX(29)
2021-08-10 12:16:25,735 [SCMBlockDeletingService#0] DEBUG block.SCMBlockDeletingService (DatanodeDeletedBlockTransactions.java:addTransactionToDN(50)) - Transaction added: b13dbf35-3f05-4a51-87e4-7670ffffb89b <- TX(30)
2021-08-10 12:16:25,735 [SCMBlockDeletingService#0] DEBUG block.SCMBlockDeletingService (DatanodeDeletedBlockTransactions.java:addTransactionToDN(50)) - Transaction added: ad4991cb-97ce-4dd6-b117-42e7f6b0816f <- TX(30)
2021-08-10 12:16:25,735 [SCMBlockDeletingService#0] DEBUG block.SCMBlockDeletingService (DatanodeDeletedBlockTransactions.java:addTransactionToDN(50)) - Transaction added: 01235482-5c07-4b37-86e9-3192ec4df84f <- TX(30)
2021-08-10 12:16:25,735 [SCMBlockDeletingService#0] DEBUG block.SCMBlockDeletingService (DatanodeDeletedBlockTransactions.java:addTransactionToDN(50)) - Transaction added: 01235482-5c07-4b37-86e9-3192ec4df84f <- TX(31)
2021-08-10 12:16:25,735 [SCMBlockDeletingService#0] DEBUG block.SCMBlockDeletingService (DatanodeDeletedBlockTransactions.java:addTransactionToDN(50)) - Transaction added: ad4991cb-97ce-4dd6-b117-42e7f6b0816f <- TX(31)
2021-08-10 12:16:25,735 [SCMBlockDeletingService#0] DEBUG block.SCMBlockDeletingService (DatanodeDeletedBlockTransactions.java:addTransactionToDN(50)) - Transaction added: b13dbf35-3f05-4a51-87e4-7670ffffb89b <- TX(31)
2021-08-10 12:16:25,735 [SCMBlockDeletingService#0] DEBUG block.SCMBlockDeletingService (DatanodeDeletedBlockTransactions.java:addTransactionToDN(50)) - Transaction added: b13dbf35-3f05-4a51-87e4-7670ffffb89b <- TX(32)
2021-08-10 12:16:25,735 [SCMBlockDeletingService#0] DEBUG block.SCMBlockDeletingService (DatanodeDeletedBlockTransactions.java:addTransactionToDN(50)) - Transaction added: ad4991cb-97ce-4dd6-b117-42e7f6b0816f <- TX(32)
2021-08-10 12:16:25,735 [SCMBlockDeletingService#0] DEBUG block.SCMBlockDeletingService (DatanodeDeletedBlockTransactions.java:addTransactionToDN(50)) - Transaction added: 01235482-5c07-4b37-86e9-3192ec4df84f <- TX(32)
2021-08-10 12:16:25,735 [SCMBlockDeletingService#0] DEBUG block.SCMBlockDeletingService (DatanodeDeletedBlockTransactions.java:addTransactionToDN(50)) - Transaction added: 01235482-5c07-4b37-86e9-3192ec4df84f <- TX(33)
2021-08-10 12:16:25,735 [SCMBlockDeletingService#0] DEBUG block.SCMBlockDeletingService (DatanodeDeletedBlockTransactions.java:addTransactionToDN(50)) - Transaction added: b13dbf35-3f05-4a51-87e4-7670ffffb89b <- TX(33)
2021-08-10 12:16:25,735 [SCMBlockDeletingService#0] DEBUG block.SCMBlockDeletingService (DatanodeDeletedBlockTransactions.java:addTransactionToDN(50)) - Transaction added: ad4991cb-97ce-4dd6-b117-42e7f6b0816f <- TX(33)
2021-08-10 12:16:25,735 [SCMBlockDeletingService#0] DEBUG block.SCMBlockDeletingService (DatanodeDeletedBlockTransactions.java:addTransactionToDN(50)) - Transaction added: ad4991cb-97ce-4dd6-b117-42e7f6b0816f <- TX(34)
2021-08-10 12:16:25,735 [SCMBlockDeletingService#0] DEBUG block.SCMBlockDeletingService (DatanodeDeletedBlockTransactions.java:addTransactionToDN(50)) - Transaction added: 01235482-5c07-4b37-86e9-3192ec4df84f <- TX(34)
2021-08-10 12:16:25,735 [SCMBlockDeletingService#0] DEBUG block.SCMBlockDeletingService (DatanodeDeletedBlockTransactions.java:addTransactionToDN(50)) - Transaction added: b13dbf35-3f05-4a51-87e4-7670ffffb89b <- TX(34)
2021-08-10 12:16:25,735 [SCMBlockDeletingService#0] DEBUG block.SCMBlockDeletingService (DatanodeDeletedBlockTransactions.java:addTransactionToDN(50)) - Transaction added: b13dbf35-3f05-4a51-87e4-7670ffffb89b <- TX(35)
2021-08-10 12:16:25,735 [SCMBlockDeletingService#0] DEBUG block.SCMBlockDeletingService (DatanodeDeletedBlockTransactions.java:addTransactionToDN(50)) - Transaction added: 01235482-5c07-4b37-86e9-3192ec4df84f <- TX(35)
2021-08-10 12:16:25,735 [SCMBlockDeletingService#0] DEBUG block.SCMBlockDeletingService (DatanodeDeletedBlockTransactions.java:addTransactionToDN(50)) - Transaction added: ad4991cb-97ce-4dd6-b117-42e7f6b0816f <- TX(35)
2021-08-10 12:16:25,735 [SCMBlockDeletingService#0] DEBUG block.SCMBlockDeletingService (DatanodeDeletedBlockTransactions.java:addTransactionToDN(50)) - Transaction added: ad4991cb-97ce-4dd6-b117-42e7f6b0816f <- TX(36)
2021-08-10 12:16:25,735 [SCMBlockDeletingService#0] DEBUG block.SCMBlockDeletingService (DatanodeDeletedBlockTransactions.java:addTransactionToDN(50)) - Transaction added: 01235482-5c07-4b37-86e9-3192ec4df84f <- TX(36)
2021-08-10 12:16:25,735 [SCMBlockDeletingService#0] DEBUG block.SCMBlockDeletingService (DatanodeDeletedBlockTransactions.java:addTransactionToDN(50)) - Transaction added: b13dbf35-3f05-4a51-87e4-7670ffffb89b <- TX(36)
2021-08-10 12:16:25,735 [SCMBlockDeletingService#0] DEBUG block.SCMBlockDeletingService (DatanodeDeletedBlockTransactions.java:addTransactionToDN(50)) - Transaction added: b13dbf35-3f05-4a51-87e4-7670ffffb89b <- TX(37)
2021-08-10 12:16:25,735 [SCMBlockDeletingService#0] DEBUG block.SCMBlockDeletingService (DatanodeDeletedBlockTransactions.java:addTransactionToDN(50)) - Transaction added: ad4991cb-97ce-4dd6-b117-42e7f6b0816f <- TX(37)
2021-08-10 12:16:25,735 [SCMBlockDeletingService#0] DEBUG block.SCMBlockDeletingService (DatanodeDeletedBlockTransactions.java:addTransactionToDN(50)) - Transaction added: 01235482-5c07-4b37-86e9-3192ec4df84f <- TX(37)
2021-08-10 12:16:25,735 [SCMBlockDeletingService#0] DEBUG block.SCMBlockDeletingService (DatanodeDeletedBlockTransactions.java:addTransactionToDN(50)) - Transaction added: ad4991cb-97ce-4dd6-b117-42e7f6b0816f <- TX(38)
2021-08-10 12:16:25,735 [SCMBlockDeletingService#0] DEBUG block.SCMBlockDeletingService (DatanodeDeletedBlockTransactions.java:addTransactionToDN(50)) - Transaction added: 01235482-5c07-4b37-86e9-3192ec4df84f <- TX(38)
2021-08-10 12:16:25,735 [SCMBlockDeletingService#0] DEBUG block.SCMBlockDeletingService (DatanodeDeletedBlockTransactions.java:addTransactionToDN(50)) - Transaction added: b13dbf35-3f05-4a51-87e4-7670ffffb89b <- TX(38)
2021-08-10 12:16:25,736 [SCMBlockDeletingService#0] DEBUG block.SCMBlockDeletingService (DatanodeDeletedBlockTransactions.java:addTransactionToDN(50)) - Transaction added: b13dbf35-3f05-4a51-87e4-7670ffffb89b <- TX(39)
2021-08-10 12:16:25,736 [SCMBlockDeletingService#0] DEBUG block.SCMBlockDeletingService (DatanodeDeletedBlockTransactions.java:addTransactionToDN(50)) - Transaction added: 01235482-5c07-4b37-86e9-3192ec4df84f <- TX(39)
2021-08-10 12:16:25,736 [SCMBlockDeletingService#0] DEBUG block.SCMBlockDeletingService (DatanodeDeletedBlockTransactions.java:addTransactionToDN(50)) - Transaction added: ad4991cb-97ce-4dd6-b117-42e7f6b0816f <- TX(39)
2021-08-10 12:16:25,736 [SCMBlockDeletingService#0] DEBUG block.SCMBlockDeletingService (DatanodeDeletedBlockTransactions.java:addTransactionToDN(50)) - Transaction added: 01235482-5c07-4b37-86e9-3192ec4df84f <- TX(40)
2021-08-10 12:16:25,736 [SCMBlockDeletingService#0] DEBUG block.SCMBlockDeletingService (DatanodeDeletedBlockTransactions.java:addTransactionToDN(50)) - Transaction added: b13dbf35-3f05-4a51-87e4-7670ffffb89b <- TX(40)
2021-08-10 12:16:25,736 [SCMBlockDeletingService#0] DEBUG block.SCMBlockDeletingService (DatanodeDeletedBlockTransactions.java:addTransactionToDN(50)) - Transaction added: ad4991cb-97ce-4dd6-b117-42e7f6b0816f <- TX(40)
2021-08-10 12:16:25,736 [SCMBlockDeletingService#0] DEBUG block.SCMBlockDeletingService (DatanodeDeletedBlockTransactions.java:addTransactionToDN(50)) - Transaction added: b13dbf35-3f05-4a51-87e4-7670ffffb89b <- TX(41)
2021-08-10 12:16:25,736 [SCMBlockDeletingService#0] DEBUG block.SCMBlockDeletingService (DatanodeDeletedBlockTransactions.java:addTransactionToDN(50)) - Transaction added: ad4991cb-97ce-4dd6-b117-42e7f6b0816f <- TX(41)
2021-08-10 12:16:25,736 [SCMBlockDeletingService#0] DEBUG block.SCMBlockDeletingService (DatanodeDeletedBlockTransactions.java:addTransactionToDN(50)) - Transaction added: 01235482-5c07-4b37-86e9-3192ec4df84f <- TX(41)
2021-08-10 12:16:25,736 [SCMBlockDeletingService#0] DEBUG block.SCMBlockDeletingService (DatanodeDeletedBlockTransactions.java:addTransactionToDN(50)) - Transaction added: 01235482-5c07-4b37-86e9-3192ec4df84f <- TX(42)
2021-08-10 12:16:25,736 [SCMBlockDeletingService#0] DEBUG block.SCMBlockDeletingService (DatanodeDeletedBlockTransactions.java:addTransactionToDN(50)) - Transaction added: b13dbf35-3f05-4a51-87e4-7670ffffb89b <- TX(42)
2021-08-10 12:16:25,736 [SCMBlockDeletingService#0] DEBUG block.SCMBlockDeletingService (DatanodeDeletedBlockTransactions.java:addTransactionToDN(50)) - Transaction added: ad4991cb-97ce-4dd6-b117-42e7f6b0816f <- TX(42)
2021-08-10 12:16:25,736 [SCMBlockDeletingService#0] DEBUG block.SCMBlockDeletingService (DatanodeDeletedBlockTransactions.java:addTransactionToDN(50)) - Transaction added: 01235482-5c07-4b37-86e9-3192ec4df84f <- TX(43)
2021-08-10 12:16:25,736 [SCMBlockDeletingService#0] DEBUG block.SCMBlockDeletingService (DatanodeDeletedBlockTransactions.java:addTransactionToDN(50)) - Transaction added: ad4991cb-97ce-4dd6-b117-42e7f6b0816f <- TX(43)
2021-08-10 12:16:25,736 [SCMBlockDeletingService#0] DEBUG block.SCMBlockDeletingService (DatanodeDeletedBlockTransactions.java:addTransactionToDN(50)) - Transaction added: b13dbf35-3f05-4a51-87e4-7670ffffb89b <- TX(43)
2021-08-10 12:16:25,736 [SCMBlockDeletingService#0] DEBUG block.SCMBlockDeletingService (DatanodeDeletedBlockTransactions.java:addTransactionToDN(50)) - Transaction added: b13dbf35-3f05-4a51-87e4-7670ffffb89b <- TX(44)
2021-08-10 12:16:25,736 [SCMBlockDeletingService#0] DEBUG block.SCMBlockDeletingService (DatanodeDeletedBlockTransactions.java:addTransactionToDN(50)) - Transaction added: ad4991cb-97ce-4dd6-b117-42e7f6b0816f <- TX(44)
2021-08-10 12:16:25,736 [SCMBlockDeletingService#0] DEBUG block.SCMBlockDeletingService (DatanodeDeletedBlockTransactions.java:addTransactionToDN(50)) - Transaction added: 01235482-5c07-4b37-86e9-3192ec4df84f <- TX(44)
2021-08-10 12:16:25,736 [SCMBlockDeletingService#0] DEBUG block.SCMBlockDeletingService (DatanodeDeletedBlockTransactions.java:addTransactionToDN(50)) - Transaction added: ad4991cb-97ce-4dd6-b117-42e7f6b0816f <- TX(45)
2021-08-10 12:16:25,736 [SCMBlockDeletingService#0] DEBUG block.SCMBlockDeletingService (DatanodeDeletedBlockTransactions.java:addTransactionToDN(50)) - Transaction added: 01235482-5c07-4b37-86e9-3192ec4df84f <- TX(45)
2021-08-10 12:16:25,736 [SCMBlockDeletingService#0] DEBUG block.SCMBlockDeletingService (DatanodeDeletedBlockTransactions.java:addTransactionToDN(50)) - Transaction added: b13dbf35-3f05-4a51-87e4-7670ffffb89b <- TX(45)
2021-08-10 12:16:25,736 [SCMBlockDeletingService#0] DEBUG block.SCMBlockDeletingService (DatanodeDeletedBlockTransactions.java:addTransactionToDN(50)) - Transaction added: b13dbf35-3f05-4a51-87e4-7670ffffb89b <- TX(46)
2021-08-10 12:16:25,736 [SCMBlockDeletingService#0] DEBUG block.SCMBlockDeletingService (DatanodeDeletedBlockTransactions.java:addTransactionToDN(50)) - Transaction added: ad4991cb-97ce-4dd6-b117-42e7f6b0816f <- TX(46)
2021-08-10 12:16:25,736 [SCMBlockDeletingService#0] DEBUG block.SCMBlockDeletingService (DatanodeDeletedBlockTransactions.java:addTransactionToDN(50)) - Transaction added: 01235482-5c07-4b37-86e9-3192ec4df84f <- TX(46)
2021-08-10 12:16:25,736 [SCMBlockDeletingService#0] DEBUG block.SCMBlockDeletingService (DatanodeDeletedBlockTransactions.java:addTransactionToDN(50)) - Transaction added: 01235482-5c07-4b37-86e9-3192ec4df84f <- TX(47)
2021-08-10 12:16:25,736 [SCMBlockDeletingService#0] DEBUG block.SCMBlockDeletingService (DatanodeDeletedBlockTransactions.java:addTransactionToDN(50)) - Transaction added: ad4991cb-97ce-4dd6-b117-42e7f6b0816f <- TX(47)
2021-08-10 12:16:25,736 [SCMBlockDeletingService#0] DEBUG block.SCMBlockDeletingService (DatanodeDeletedBlockTransactions.java:addTransactionToDN(50)) - Transaction added: b13dbf35-3f05-4a51-87e4-7670ffffb89b <- TX(47)
2021-08-10 12:16:25,736 [SCMBlockDeletingService#0] DEBUG block.SCMBlockDeletingService (DatanodeDeletedBlockTransactions.java:addTransactionToDN(50)) - Transaction added: b13dbf35-3f05-4a51-87e4-7670ffffb89b <- TX(48)
2021-08-10 12:16:25,736 [SCMBlockDeletingService#0] DEBUG block.SCMBlockDeletingService (DatanodeDeletedBlockTransactions.java:addTransactionToDN(50)) - Transaction added: ad4991cb-97ce-4dd6-b117-42e7f6b0816f <- TX(48)
2021-08-10 12:16:25,736 [SCMBlockDeletingService#0] DEBUG block.SCMBlockDeletingService (DatanodeDeletedBlockTransactions.java:addTransactionToDN(50)) - Transaction added: 01235482-5c07-4b37-86e9-3192ec4df84f <- TX(48)
2021-08-10 12:16:25,736 [SCMBlockDeletingService#0] DEBUG block.SCMBlockDeletingService (DatanodeDeletedBlockTransactions.java:addTransactionToDN(50)) - Transaction added: 01235482-5c07-4b37-86e9-3192ec4df84f <- TX(49)
2021-08-10 12:16:25,736 [SCMBlockDeletingService#0] DEBUG block.SCMBlockDeletingService (DatanodeDeletedBlockTransactions.java:addTransactionToDN(50)) - Transaction added: b13dbf35-3f05-4a51-87e4-7670ffffb89b <- TX(49)
2021-08-10 12:16:25,736 [SCMBlockDeletingService#0] DEBUG block.SCMBlockDeletingService (DatanodeDeletedBlockTransactions.java:addTransactionToDN(50)) - Transaction added: ad4991cb-97ce-4dd6-b117-42e7f6b0816f <- TX(49)
2021-08-10 12:16:25,736 [SCMBlockDeletingService#0] DEBUG block.SCMBlockDeletingService (DatanodeDeletedBlockTransactions.java:addTransactionToDN(50)) - Transaction added: ad4991cb-97ce-4dd6-b117-42e7f6b0816f <- TX(50)
2021-08-10 12:16:25,736 [SCMBlockDeletingService#0] DEBUG block.SCMBlockDeletingService (DatanodeDeletedBlockTransactions.java:addTransactionToDN(50)) - Transaction added: 01235482-5c07-4b37-86e9-3192ec4df84f <- TX(50)
2021-08-10 12:16:25,736 [SCMBlockDeletingService#0] DEBUG block.SCMBlockDeletingService (DatanodeDeletedBlockTransactions.java:addTransactionToDN(50)) - Transaction added: b13dbf35-3f05-4a51-87e4-7670ffffb89b <- TX(50)
2021-08-10 12:16:25,736 [SCMBlockDeletingService#0] DEBUG block.SCMBlockDeletingService (DatanodeDeletedBlockTransactions.java:addTransactionToDN(50)) - Transaction added: b13dbf35-3f05-4a51-87e4-7670ffffb89b <- TX(51)
2021-08-10 12:16:25,736 [SCMBlockDeletingService#0] DEBUG block.SCMBlockDeletingService (DatanodeDeletedBlockTransactions.java:addTransactionToDN(50)) - Transaction added: 01235482-5c07-4b37-86e9-3192ec4df84f <- TX(51)
2021-08-10 12:16:25,736 [SCMBlockDeletingService#0] DEBUG block.SCMBlockDeletingService (DatanodeDeletedBlockTransactions.java:addTransactionToDN(50)) - Transaction added: ad4991cb-97ce-4dd6-b117-42e7f6b0816f <- TX(51)
2021-08-10 12:16:25,737 [SCMBlockDeletingService#0] DEBUG block.SCMBlockDeletingService (DatanodeDeletedBlockTransactions.java:addTransactionToDN(50)) - Transaction added: ad4991cb-97ce-4dd6-b117-42e7f6b0816f <- TX(52)
2021-08-10 12:16:25,737 [SCMBlockDeletingService#0] DEBUG block.SCMBlockDeletingService (DatanodeDeletedBlockTransactions.java:addTransactionToDN(50)) - Transaction added: 01235482-5c07-4b37-86e9-3192ec4df84f <- TX(52)
2021-08-10 12:16:25,737 [SCMBlockDeletingService#0] DEBUG block.SCMBlockDeletingService (DatanodeDeletedBlockTransactions.java:addTransactionToDN(50)) - Transaction added: b13dbf35-3f05-4a51-87e4-7670ffffb89b <- TX(52)
2021-08-10 12:16:25,737 [SCMBlockDeletingService#0] DEBUG block.SCMBlockDeletingService (DatanodeDeletedBlockTransactions.java:addTransactionToDN(50)) - Transaction added: b13dbf35-3f05-4a51-87e4-7670ffffb89b <- TX(53)
2021-08-10 12:16:25,737 [SCMBlockDeletingService#0] DEBUG block.SCMBlockDeletingService (DatanodeDeletedBlockTransactions.java:addTransactionToDN(50)) - Transaction added: ad4991cb-97ce-4dd6-b117-42e7f6b0816f <- TX(53)
2021-08-10 12:16:25,737 [SCMBlockDeletingService#0] DEBUG block.SCMBlockDeletingService (DatanodeDeletedBlockTransactions.java:addTransactionToDN(50)) - Transaction added: 01235482-5c07-4b37-86e9-3192ec4df84f <- TX(53)
2021-08-10 12:16:25,737 [SCMBlockDeletingService#0] DEBUG block.SCMBlockDeletingService (DatanodeDeletedBlockTransactions.java:addTransactionToDN(50)) - Transaction added: ad4991cb-97ce-4dd6-b117-42e7f6b0816f <- TX(54)
2021-08-10 12:16:25,737 [SCMBlockDeletingService#0] DEBUG block.SCMBlockDeletingService (DatanodeDeletedBlockTransactions.java:addTransactionToDN(50)) - Transaction added: 01235482-5c07-4b37-86e9-3192ec4df84f <- TX(54)
2021-08-10 12:16:25,737 [SCMBlockDeletingService#0] DEBUG block.SCMBlockDeletingService (DatanodeDeletedBlockTransactions.java:addTransactionToDN(50)) - Transaction added: b13dbf35-3f05-4a51-87e4-7670ffffb89b <- TX(54)
2021-08-10 12:16:25,737 [SCMBlockDeletingService#0] DEBUG block.SCMBlockDeletingService (DatanodeDeletedBlockTransactions.java:addTransactionToDN(50)) - Transaction added: b13dbf35-3f05-4a51-87e4-7670ffffb89b <- TX(55)
2021-08-10 12:16:25,737 [SCMBlockDeletingService#0] DEBUG block.SCMBlockDeletingService (DatanodeDeletedBlockTransactions.java:addTransactionToDN(50)) - Transaction added: 01235482-5c07-4b37-86e9-3192ec4df84f <- TX(55)
2021-08-10 12:16:25,737 [SCMBlockDeletingService#0] DEBUG block.SCMBlockDeletingService (DatanodeDeletedBlockTransactions.java:addTransactionToDN(50)) - Transaction added: ad4991cb-97ce-4dd6-b117-42e7f6b0816f <- TX(55)
2021-08-10 12:16:25,737 [SCMBlockDeletingService#0] DEBUG block.SCMBlockDeletingService (DatanodeDeletedBlockTransactions.java:addTransactionToDN(50)) - Transaction added: 01235482-5c07-4b37-86e9-3192ec4df84f <- TX(56)
2021-08-10 12:16:25,737 [SCMBlockDeletingService#0] DEBUG block.SCMBlockDeletingService (DatanodeDeletedBlockTransactions.java:addTransactionToDN(50)) - Transaction added: b13dbf35-3f05-4a51-87e4-7670ffffb89b <- TX(56)
2021-08-10 12:16:25,737 [SCMBlockDeletingService#0] DEBUG block.SCMBlockDeletingService (DatanodeDeletedBlockTransactions.java:addTransactionToDN(50)) - Transaction added: ad4991cb-97ce-4dd6-b117-42e7f6b0816f <- TX(56)
2021-08-10 12:16:25,737 [SCMBlockDeletingService#0] DEBUG block.SCMBlockDeletingService (SCMBlockDeletingService.java:call(164)) - Added delete block command for datanode ad4991cb-97ce-4dd6-b117-42e7f6b0816f in the queue, number of delete block transactions: 56
2021-08-10 12:16:25,737 [SCMBlockDeletingService#0] DEBUG block.SCMBlockDeletingService (SCMBlockDeletingService.java:call(164)) - Added delete block command for datanode 01235482-5c07-4b37-86e9-3192ec4df84f in the queue, number of delete block transactions: 56
2021-08-10 12:16:25,737 [SCMBlockDeletingService#0] DEBUG block.SCMBlockDeletingService (SCMBlockDeletingService.java:call(164)) - Added delete block command for datanode b13dbf35-3f05-4a51-87e4-7670ffffb89b in the queue, number of delete block transactions: 56
2021-08-10 12:16:25,737 [SCMBlockDeletingService#0] INFO  block.SCMBlockDeletingService (SCMBlockDeletingService.java:call(174)) - Totally added 168 blocks to be deleted for 3 datanodes, task elapsed time: 5ms
2021-08-10 12:16:25,832 [SCMBlockDeletingService#0] DEBUG block.SCMBlockDeletingService (SCMBlockDeletingService.java:call(133)) - Running DeletedBlockTransactionScanner
2021-08-10 12:16:25,832 [SCMBlockDeletingService#0] DEBUG block.SCMBlockDeletingService (DatanodeDeletedBlockTransactions.java:addTransactionToDN(50)) - Transaction added: 01235482-5c07-4b37-86e9-3192ec4df84f <- TX(1)
2021-08-10 12:16:25,832 [SCMBlockDeletingService#0] DEBUG block.SCMBlockDeletingService (DatanodeDeletedBlockTransactions.java:addTransactionToDN(50)) - Transaction added: b13dbf35-3f05-4a51-87e4-7670ffffb89b <- TX(1)
2021-08-10 12:16:25,833 [SCMBlockDeletingService#0] DEBUG block.SCMBlockDeletingService (DatanodeDeletedBlockTransactions.java:addTransactionToDN(50)) - Transaction added: ad4991cb-97ce-4dd6-b117-42e7f6b0816f <- TX(1)
2021-08-10 12:16:25,833 [SCMBlockDeletingService#0] DEBUG block.SCMBlockDeletingService (DatanodeDeletedBlockTransactions.java:addTransactionToDN(50)) - Transaction added: ad4991cb-97ce-4dd6-b117-42e7f6b0816f <- TX(2)
2021-08-10 12:16:25,833 [SCMBlockDeletingService#0] DEBUG block.SCMBlockDeletingService (DatanodeDeletedBlockTransactions.java:addTransactionToDN(50)) - Transaction added: 01235482-5c07-4b37-86e9-3192ec4df84f <- TX(2)
2021-08-10 12:16:25,833 [SCMBlockDeletingService#0] DEBUG block.SCMBlockDeletingService (DatanodeDeletedBlockTransactions.java:addTransactionToDN(50)) - Transaction added: b13dbf35-3f05-4a51-87e4-7670ffffb89b <- TX(2)
2021-08-10 12:16:25,833 [SCMBlockDeletingService#0] DEBUG block.SCMBlockDeletingService (DatanodeDeletedBlockTransactions.java:addTransactionToDN(50)) - Transaction added: b13dbf35-3f05-4a51-87e4-7670ffffb89b <- TX(3)
2021-08-10 12:16:25,833 [SCMBlockDeletingService#0] DEBUG block.SCMBlockDeletingService (DatanodeDeletedBlockTransactions.java:addTransactionToDN(50)) - Transaction added: 01235482-5c07-4b37-86e9-3192ec4df84f <- TX(3)
2021-08-10 12:16:25,833 [SCMBlockDeletingService#0] DEBUG block.SCMBlockDeletingService (DatanodeDeletedBlockTransactions.java:addTransactionToDN(50)) - Transaction added: ad4991cb-97ce-4dd6-b117-42e7f6b0816f <- TX(3)
2021-08-10 12:16:25,833 [SCMBlockDeletingService#0] DEBUG block.SCMBlockDeletingService (DatanodeDeletedBlockTransactions.java:addTransactionToDN(50)) - Transaction added: ad4991cb-97ce-4dd6-b117-42e7f6b0816f <- TX(4)
2021-08-10 12:16:25,833 [SCMBlockDeletingService#0] DEBUG block.SCMBlockDeletingService (DatanodeDeletedBlockTransactions.java:addTransactionToDN(50)) - Transaction added: 01235482-5c07-4b37-86e9-3192ec4df84f <- TX(4)
2021-08-10 12:16:25,833 [SCMBlockDeletingService#0] DEBUG block.SCMBlockDeletingService (DatanodeDeletedBlockTransactions.java:addTransactionToDN(50)) - Transaction added: b13dbf35-3f05-4a51-87e4-7670ffffb89b <- TX(4)
2021-08-10 12:16:25,833 [SCMBlockDeletingService#0] DEBUG block.SCMBlockDeletingService (DatanodeDeletedBlockTransactions.java:addTransactionToDN(50)) - Transaction added: b13dbf35-3f05-4a51-87e4-7670ffffb89b <- TX(5)
2021-08-10 12:16:25,833 [SCMBlockDeletingService#0] DEBUG block.SCMBlockDeletingService (DatanodeDeletedBlockTransactions.java:addTransactionToDN(50)) - Transaction added: ad4991cb-97ce-4dd6-b117-42e7f6b0816f <- TX(5)
2021-08-10 12:16:25,833 [SCMBlockDeletingService#0] DEBUG block.SCMBlockDeletingService (DatanodeDeletedBlockTransactions.java:addTransactionToDN(50)) - Transaction added: 01235482-5c07-4b37-86e9-3192ec4df84f <- TX(5)
2021-08-10 12:16:25,833 [SCMBlockDeletingService#0] DEBUG block.SCMBlockDeletingService (DatanodeDeletedBlockTransactions.java:addTransactionToDN(50)) - Transaction added: ad4991cb-97ce-4dd6-b117-42e7f6b0816f <- TX(6)
2021-08-10 12:16:25,833 [SCMBlockDeletingService#0] DEBUG block.SCMBlockDeletingService (DatanodeDeletedBlockTransactions.java:addTransactionToDN(50)) - Transaction added: 01235482-5c07-4b37-86e9-3192ec4df84f <- TX(6)
2021-08-10 12:16:25,833 [SCMBlockDeletingService#0] DEBUG block.SCMBlockDeletingService (DatanodeDeletedBlockTransactions.java:addTransactionToDN(50)) - Transaction added: b13dbf35-3f05-4a51-87e4-7670ffffb89b <- TX(6)
2021-08-10 12:16:25,833 [SCMBlockDeletingService#0] DEBUG block.SCMBlockDeletingService (DatanodeDeletedBlockTransactions.java:addTransactionToDN(50)) - Transaction added: b13dbf35-3f05-4a51-87e4-7670ffffb89b <- TX(7)
2021-08-10 12:16:25,833 [SCMBlockDeletingService#0] DEBUG block.SCMBlockDeletingService (DatanodeDeletedBlockTransactions.java:addTransactionToDN(50)) - Transaction added: 01235482-5c07-4b37-86e9-3192ec4df84f <- TX(7)
2021-08-10 12:16:25,833 [SCMBlockDeletingService#0] DEBUG block.SCMBlockDeletingService (DatanodeDeletedBlockTransactions.java:addTransactionToDN(50)) - Transaction added: ad4991cb-97ce-4dd6-b117-42e7f6b0816f <- TX(7)
2021-08-10 12:16:25,833 [SCMBlockDeletingService#0] DEBUG block.SCMBlockDeletingService (DatanodeDeletedBlockTransactions.java:addTransactionToDN(50)) - Transaction added: 01235482-5c07-4b37-86e9-3192ec4df84f <- TX(8)
2021-08-10 12:16:25,833 [SCMBlockDeletingService#0] DEBUG block.SCMBlockDeletingService (DatanodeDeletedBlockTransactions.java:addTransactionToDN(50)) - Transaction added: b13dbf35-3f05-4a51-87e4-7670ffffb89b <- TX(8)
2021-08-10 12:16:25,833 [SCMBlockDeletingService#0] DEBUG block.SCMBlockDeletingService (DatanodeDeletedBlockTransactions.java:addTransactionToDN(50)) - Transaction added: ad4991cb-97ce-4dd6-b117-42e7f6b0816f <- TX(8)
2021-08-10 12:16:25,833 [SCMBlockDeletingService#0] DEBUG block.SCMBlockDeletingService (DatanodeDeletedBlockTransactions.java:addTransactionToDN(50)) - Transaction added: b13dbf35-3f05-4a51-87e4-7670ffffb89b <- TX(9)
2021-08-10 12:16:25,833 [SCMBlockDeletingService#0] DEBUG block.SCMBlockDeletingService (DatanodeDeletedBlockTransactions.java:addTransactionToDN(50)) - Transaction added: ad4991cb-97ce-4dd6-b117-42e7f6b0816f <- TX(9)
2021-08-10 12:16:25,833 [SCMBlockDeletingService#0] DEBUG block.SCMBlockDeletingService (DatanodeDeletedBlockTransactions.java:addTransactionToDN(50)) - Transaction added: 01235482-5c07-4b37-86e9-3192ec4df84f <- TX(9)
2021-08-10 12:16:25,833 [SCMBlockDeletingService#0] DEBUG block.SCMBlockDeletingService (DatanodeDeletedBlockTransactions.java:addTransactionToDN(50)) - Transaction added: 01235482-5c07-4b37-86e9-3192ec4df84f <- TX(10)
2021-08-10 12:16:25,833 [SCMBlockDeletingService#0] DEBUG block.SCMBlockDeletingService (DatanodeDeletedBlockTransactions.java:addTransactionToDN(50)) - Transaction added: b13dbf35-3f05-4a51-87e4-7670ffffb89b <- TX(10)
2021-08-10 12:16:25,833 [SCMBlockDeletingService#0] DEBUG block.SCMBlockDeletingService (DatanodeDeletedBlockTransactions.java:addTransactionToDN(50)) - Transaction added: ad4991cb-97ce-4dd6-b117-42e7f6b0816f <- TX(10)
2021-08-10 12:16:25,833 [SCMBlockDeletingService#0] DEBUG block.SCMBlockDeletingService (DatanodeDeletedBlockTransactions.java:addTransactionToDN(50)) - Transaction added: 01235482-5c07-4b37-86e9-3192ec4df84f <- TX(11)
2021-08-10 12:16:25,833 [SCMBlockDeletingService#0] DEBUG block.SCMBlockDeletingService (DatanodeDeletedBlockTransactions.java:addTransactionToDN(50)) - Transaction added: ad4991cb-97ce-4dd6-b117-42e7f6b0816f <- TX(11)
2021-08-10 12:16:25,833 [SCMBlockDeletingService#0] DEBUG block.SCMBlockDeletingService (DatanodeDeletedBlockTransactions.java:addTransactionToDN(50)) - Transaction added: b13dbf35-3f05-4a51-87e4-7670ffffb89b <- TX(11)
2021-08-10 12:16:25,833 [SCMBlockDeletingService#0] DEBUG block.SCMBlockDeletingService (DatanodeDeletedBlockTransactions.java:addTransactionToDN(50)) - Transaction added: b13dbf35-3f05-4a51-87e4-7670ffffb89b <- TX(12)
2021-08-10 12:16:25,833 [SCMBlockDeletingService#0] DEBUG block.SCMBlockDeletingService (DatanodeDeletedBlockTransactions.java:addTransactionToDN(50)) - Transaction added: ad4991cb-97ce-4dd6-b117-42e7f6b0816f <- TX(12)
2021-08-10 12:16:25,834 [SCMBlockDeletingService#0] DEBUG block.SCMBlockDeletingService (DatanodeDeletedBlockTransactions.java:addTransactionToDN(50)) - Transaction added: 01235482-5c07-4b37-86e9-3192ec4df84f <- TX(12)
2021-08-10 12:16:25,834 [SCMBlockDeletingService#0] DEBUG block.SCMBlockDeletingService (DatanodeDeletedBlockTransactions.java:addTransactionToDN(50)) - Transaction added: ad4991cb-97ce-4dd6-b117-42e7f6b0816f <- TX(13)
2021-08-10 12:16:25,834 [SCMBlockDeletingService#0] DEBUG block.SCMBlockDeletingService (DatanodeDeletedBlockTransactions.java:addTransactionToDN(50)) - Transaction added: 01235482-5c07-4b37-86e9-3192ec4df84f <- TX(13)
2021-08-10 12:16:25,834 [SCMBlockDeletingService#0] DEBUG block.SCMBlockDeletingService (DatanodeDeletedBlockTransactions.java:addTransactionToDN(50)) - Transaction added: b13dbf35-3f05-4a51-87e4-7670ffffb89b <- TX(13)
2021-08-10 12:16:25,834 [SCMBlockDeletingService#0] DEBUG block.SCMBlockDeletingService (DatanodeDeletedBlockTransactions.java:addTransactionToDN(50)) - Transaction added: b13dbf35-3f05-4a51-87e4-7670ffffb89b <- TX(14)
2021-08-10 12:16:25,834 [SCMBlockDeletingService#0] DEBUG block.SCMBlockDeletingService (DatanodeDeletedBlockTransactions.java:addTransactionToDN(50)) - Transaction added: ad4991cb-97ce-4dd6-b117-42e7f6b0816f <- TX(14)
2021-08-10 12:16:25,834 [SCMBlockDeletingService#0] DEBUG block.SCMBlockDeletingService (DatanodeDeletedBlockTransactions.java:addTransactionToDN(50)) - Transaction added: 01235482-5c07-4b37-86e9-3192ec4df84f <- TX(14)
2021-08-10 12:16:25,834 [SCMBlockDeletingService#0] DEBUG block.SCMBlockDeletingService (DatanodeDeletedBlockTransactions.java:addTransactionToDN(50)) - Transaction added: 01235482-5c07-4b37-86e9-3192ec4df84f <- TX(15)
2021-08-10 12:16:25,834 [SCMBlockDeletingService#0] DEBUG block.SCMBlockDeletingService (DatanodeDeletedBlockTransactions.java:addTransactionToDN(50)) - Transaction added: ad4991cb-97ce-4dd6-b117-42e7f6b0816f <- TX(15)
2021-08-10 12:16:25,834 [SCMBlockDeletingService#0] DEBUG block.SCMBlockDeletingService (DatanodeDeletedBlockTransactions.java:addTransactionToDN(50)) - Transaction added: b13dbf35-3f05-4a51-87e4-7670ffffb89b <- TX(15)
2021-08-10 12:16:25,834 [SCMBlockDeletingService#0] DEBUG block.SCMBlockDeletingService (DatanodeDeletedBlockTransactions.java:addTransactionToDN(50)) - Transaction added: b13dbf35-3f05-4a51-87e4-7670ffffb89b <- TX(16)
2021-08-10 12:16:25,834 [SCMBlockDeletingService#0] DEBUG block.SCMBlockDeletingService (DatanodeDeletedBlockTransactions.java:addTransactionToDN(50)) - Transaction added: ad4991cb-97ce-4dd6-b117-42e7f6b0816f <- TX(16)
2021-08-10 12:16:25,834 [SCMBlockDeletingService#0] DEBUG block.SCMBlockDeletingService (DatanodeDeletedBlockTransactions.java:addTransactionToDN(50)) - Transaction added: 01235482-5c07-4b37-86e9-3192ec4df84f <- TX(16)
2021-08-10 12:16:25,834 [SCMBlockDeletingService#0] DEBUG block.SCMBlockDeletingService (DatanodeDeletedBlockTransactions.java:addTransactionToDN(50)) - Transaction added: 01235482-5c07-4b37-86e9-3192ec4df84f <- TX(17)
2021-08-10 12:16:25,834 [SCMBlockDeletingService#0] DEBUG block.SCMBlockDeletingService (DatanodeDeletedBlockTransactions.java:addTransactionToDN(50)) - Transaction added: b13dbf35-3f05-4a51-87e4-7670ffffb89b <- TX(17)
2021-08-10 12:16:25,834 [SCMBlockDeletingService#0] DEBUG block.SCMBlockDeletingService (DatanodeDeletedBlockTransactions.java:addTransactionToDN(50)) - Transaction added: ad4991cb-97ce-4dd6-b117-42e7f6b0816f <- TX(17)
2021-08-10 12:16:25,834 [SCMBlockDeletingService#0] DEBUG block.SCMBlockDeletingService (DatanodeDeletedBlockTransactions.java:addTransactionToDN(50)) - Transaction added: ad4991cb-97ce-4dd6-b117-42e7f6b0816f <- TX(18)
2021-08-10 12:16:25,834 [SCMBlockDeletingService#0] DEBUG block.SCMBlockDeletingService (DatanodeDeletedBlockTransactions.java:addTransactionToDN(50)) - Transaction added: 01235482-5c07-4b37-86e9-3192ec4df84f <- TX(18)
2021-08-10 12:16:25,834 [SCMBlockDeletingService#0] DEBUG block.SCMBlockDeletingService (DatanodeDeletedBlockTransactions.java:addTransactionToDN(50)) - Transaction added: b13dbf35-3f05-4a51-87e4-7670ffffb89b <- TX(18)
2021-08-10 12:16:25,834 [SCMBlockDeletingService#0] DEBUG block.SCMBlockDeletingService (DatanodeDeletedBlockTransactions.java:addTransactionToDN(50)) - Transaction added: b13dbf35-3f05-4a51-87e4-7670ffffb89b <- TX(19)
2021-08-10 12:16:25,834 [SCMBlockDeletingService#0] DEBUG block.SCMBlockDeletingService (DatanodeDeletedBlockTransactions.java:addTransactionToDN(50)) - Transaction added: 01235482-5c07-4b37-86e9-3192ec4df84f <- TX(19)
2021-08-10 12:16:25,834 [SCMBlockDeletingService#0] DEBUG block.SCMBlockDeletingService (DatanodeDeletedBlockTransactions.java:addTransactionToDN(50)) - Transaction added: ad4991cb-97ce-4dd6-b117-42e7f6b0816f <- TX(19)
2021-08-10 12:16:25,834 [SCMBlockDeletingService#0] DEBUG block.SCMBlockDeletingService (DatanodeDeletedBlockTransactions.java:addTransactionToDN(50)) - Transaction added: ad4991cb-97ce-4dd6-b117-42e7f6b0816f <- TX(20)
2021-08-10 12:16:25,834 [SCMBlockDeletingService#0] DEBUG block.SCMBlockDeletingService (DatanodeDeletedBlockTransactions.java:addTransactionToDN(50)) - Transaction added: 01235482-5c07-4b37-86e9-3192ec4df84f <- TX(20)
2021-08-10 12:16:25,834 [SCMBlockDeletingService#0] DEBUG block.SCMBlockDeletingService (DatanodeDeletedBlockTransactions.java:addTransactionToDN(50)) - Transaction added: b13dbf35-3f05-4a51-87e4-7670ffffb89b <- TX(20)
2021-08-10 12:16:25,834 [SCMBlockDeletingService#0] DEBUG block.SCMBlockDeletingService (DatanodeDeletedBlockTransactions.java:addTransactionToDN(50)) - Transaction added: b13dbf35-3f05-4a51-87e4-7670ffffb89b <- TX(21)
2021-08-10 12:16:25,834 [SCMBlockDeletingService#0] DEBUG block.SCMBlockDeletingService (DatanodeDeletedBlockTransactions.java:addTransactionToDN(50)) - Transaction added: ad4991cb-97ce-4dd6-b117-42e7f6b0816f <- TX(21)
2021-08-10 12:16:25,834 [SCMBlockDeletingService#0] DEBUG block.SCMBlockDeletingService (DatanodeDeletedBlockTransactions.java:addTransactionToDN(50)) - Transaction added: 01235482-5c07-4b37-86e9-3192ec4df84f <- TX(21)
2021-08-10 12:16:25,834 [SCMBlockDeletingService#0] DEBUG block.SCMBlockDeletingService (DatanodeDeletedBlockTransactions.java:addTransactionToDN(50)) - Transaction added: ad4991cb-97ce-4dd6-b117-42e7f6b0816f <- TX(22)
2021-08-10 12:16:25,834 [SCMBlockDeletingService#0] DEBUG block.SCMBlockDeletingService (DatanodeDeletedBlockTransactions.java:addTransactionToDN(50)) - Transaction added: 01235482-5c07-4b37-86e9-3192ec4df84f <- TX(22)
2021-08-10 12:16:25,834 [SCMBlockDeletingService#0] DEBUG block.SCMBlockDeletingService (DatanodeDeletedBlockTransactions.java:addTransactionToDN(50)) - Transaction added: b13dbf35-3f05-4a51-87e4-7670ffffb89b <- TX(22)
2021-08-10 12:16:25,834 [SCMBlockDeletingService#0] DEBUG block.SCMBlockDeletingService (DatanodeDeletedBlockTransactions.java:addTransactionToDN(50)) - Transaction added: b13dbf35-3f05-4a51-87e4-7670ffffb89b <- TX(23)
2021-08-10 12:16:25,834 [SCMBlockDeletingService#0] DEBUG block.SCMBlockDeletingService (DatanodeDeletedBlockTransactions.java:addTransactionToDN(50)) - Transaction added: 01235482-5c07-4b37-86e9-3192ec4df84f <- TX(23)
2021-08-10 12:16:25,835 [SCMBlockDeletingService#0] DEBUG block.SCMBlockDeletingService (DatanodeDeletedBlockTransactions.java:addTransactionToDN(50)) - Transaction added: ad4991cb-97ce-4dd6-b117-42e7f6b0816f <- TX(23)
2021-08-10 12:16:25,835 [SCMBlockDeletingService#0] DEBUG block.SCMBlockDeletingService (DatanodeDeletedBlockTransactions.java:addTransactionToDN(50)) - Transaction added: 01235482-5c07-4b37-86e9-3192ec4df84f <- TX(24)
2021-08-10 12:16:25,835 [SCMBlockDeletingService#0] DEBUG block.SCMBlockDeletingService (DatanodeDeletedBlockTransactions.java:addTransactionToDN(50)) - Transaction added: b13dbf35-3f05-4a51-87e4-7670ffffb89b <- TX(24)
2021-08-10 12:16:25,835 [SCMBlockDeletingService#0] DEBUG block.SCMBlockDeletingService (DatanodeDeletedBlockTransactions.java:addTransactionToDN(50)) - Transaction added: ad4991cb-97ce-4dd6-b117-42e7f6b0816f <- TX(24)
2021-08-10 12:16:25,835 [SCMBlockDeletingService#0] DEBUG block.SCMBlockDeletingService (DatanodeDeletedBlockTransactions.java:addTransactionToDN(50)) - Transaction added: b13dbf35-3f05-4a51-87e4-7670ffffb89b <- TX(25)
2021-08-10 12:16:25,835 [SCMBlockDeletingService#0] DEBUG block.SCMBlockDeletingService (DatanodeDeletedBlockTransactions.java:addTransactionToDN(50)) - Transaction added: ad4991cb-97ce-4dd6-b117-42e7f6b0816f <- TX(25)
2021-08-10 12:16:25,835 [SCMBlockDeletingService#0] DEBUG block.SCMBlockDeletingService (DatanodeDeletedBlockTransactions.java:addTransactionToDN(50)) - Transaction added: 01235482-5c07-4b37-86e9-3192ec4df84f <- TX(25)
2021-08-10 12:16:25,835 [SCMBlockDeletingService#0] DEBUG block.SCMBlockDeletingService (DatanodeDeletedBlockTransactions.java:addTransactionToDN(50)) - Transaction added: 01235482-5c07-4b37-86e9-3192ec4df84f <- TX(26)
2021-08-10 12:16:25,835 [SCMBlockDeletingService#0] DEBUG block.SCMBlockDeletingService (DatanodeDeletedBlockTransactions.java:addTransactionToDN(50)) - Transaction added: b13dbf35-3f05-4a51-87e4-7670ffffb89b <- TX(26)
2021-08-10 12:16:25,835 [SCMBlockDeletingService#0] DEBUG block.SCMBlockDeletingService (DatanodeDeletedBlockTransactions.java:addTransactionToDN(50)) - Transaction added: ad4991cb-97ce-4dd6-b117-42e7f6b0816f <- TX(26)
2021-08-10 12:16:25,835 [SCMBlockDeletingService#0] DEBUG block.SCMBlockDeletingService (DatanodeDeletedBlockTransactions.java:addTransactionToDN(50)) - Transaction added: 01235482-5c07-4b37-86e9-3192ec4df84f <- TX(27)
2021-08-10 12:16:25,835 [SCMBlockDeletingService#0] DEBUG block.SCMBlockDeletingService (DatanodeDeletedBlockTransactions.java:addTransactionToDN(50)) - Transaction added: ad4991cb-97ce-4dd6-b117-42e7f6b0816f <- TX(27)
2021-08-10 12:16:25,835 [SCMBlockDeletingService#0] DEBUG block.SCMBlockDeletingService (DatanodeDeletedBlockTransactions.java:addTransactionToDN(50)) - Transaction added: b13dbf35-3f05-4a51-87e4-7670ffffb89b <- TX(27)
2021-08-10 12:16:25,835 [SCMBlockDeletingService#0] DEBUG block.SCMBlockDeletingService (DatanodeDeletedBlockTransactions.java:addTransactionToDN(50)) - Transaction added: b13dbf35-3f05-4a51-87e4-7670ffffb89b <- TX(28)
2021-08-10 12:16:25,835 [SCMBlockDeletingService#0] DEBUG block.SCMBlockDeletingService (DatanodeDeletedBlockTransactions.java:addTransactionToDN(50)) - Transaction added: ad4991cb-97ce-4dd6-b117-42e7f6b0816f <- TX(28)
2021-08-10 12:16:25,835 [SCMBlockDeletingService#0] DEBUG block.SCMBlockDeletingService (DatanodeDeletedBlockTransactions.java:addTransactionToDN(50)) - Transaction added: 01235482-5c07-4b37-86e9-3192ec4df84f <- TX(28)
2021-08-10 12:16:25,835 [SCMBlockDeletingService#0] DEBUG block.SCMBlockDeletingService (DatanodeDeletedBlockTransactions.java:addTransactionToDN(50)) - Transaction added: ad4991cb-97ce-4dd6-b117-42e7f6b0816f <- TX(29)
2021-08-10 12:16:25,835 [SCMBlockDeletingService#0] DEBUG block.SCMBlockDeletingService (DatanodeDeletedBlockTransactions.java:addTransactionToDN(50)) - Transaction added: 01235482-5c07-4b37-86e9-3192ec4df84f <- TX(29)
2021-08-10 12:16:25,835 [SCMBlockDeletingService#0] DEBUG block.SCMBlockDeletingService (DatanodeDeletedBlockTransactions.java:addTransactionToDN(50)) - Transaction added: b13dbf35-3f05-4a51-87e4-7670ffffb89b <- TX(29)
2021-08-10 12:16:25,835 [SCMBlockDeletingService#0] DEBUG block.SCMBlockDeletingService (DatanodeDeletedBlockTransactions.java:addTransactionToDN(50)) - Transaction added: b13dbf35-3f05-4a51-87e4-7670ffffb89b <- TX(30)
2021-08-10 12:16:25,835 [SCMBlockDeletingService#0] DEBUG block.SCMBlockDeletingService (DatanodeDeletedBlockTransactions.java:addTransactionToDN(50)) - Transaction added: ad4991cb-97ce-4dd6-b117-42e7f6b0816f <- TX(30)
2021-08-10 12:16:25,835 [SCMBlockDeletingService#0] DEBUG block.SCMBlockDeletingService (DatanodeDeletedBlockTransactions.java:addTransactionToDN(50)) - Transaction added: 01235482-5c07-4b37-86e9-3192ec4df84f <- TX(30)
2021-08-10 12:16:25,835 [SCMBlockDeletingService#0] DEBUG block.SCMBlockDeletingService (DatanodeDeletedBlockTransactions.java:addTransactionToDN(50)) - Transaction added: 01235482-5c07-4b37-86e9-3192ec4df84f <- TX(31)
2021-08-10 12:16:25,835 [SCMBlockDeletingService#0] DEBUG block.SCMBlockDeletingService (DatanodeDeletedBlockTransactions.java:addTransactionToDN(50)) - Transaction added: ad4991cb-97ce-4dd6-b117-42e7f6b0816f <- TX(31)
2021-08-10 12:16:25,835 [SCMBlockDeletingService#0] DEBUG block.SCMBlockDeletingService (DatanodeDeletedBlockTransactions.java:addTransactionToDN(50)) - Transaction added: b13dbf35-3f05-4a51-87e4-7670ffffb89b <- TX(31)
2021-08-10 12:16:25,835 [SCMBlockDeletingService#0] DEBUG block.SCMBlockDeletingService (DatanodeDeletedBlockTransactions.java:addTransactionToDN(50)) - Transaction added: b13dbf35-3f05-4a51-87e4-7670ffffb89b <- TX(32)
2021-08-10 12:16:25,835 [SCMBlockDeletingService#0] DEBUG block.SCMBlockDeletingService (DatanodeDeletedBlockTransactions.java:addTransactionToDN(50)) - Transaction added: ad4991cb-97ce-4dd6-b117-42e7f6b0816f <- TX(32)
2021-08-10 12:16:25,835 [SCMBlockDeletingService#0] DEBUG block.SCMBlockDeletingService (DatanodeDeletedBlockTransactions.java:addTransactionToDN(50)) - Transaction added: 01235482-5c07-4b37-86e9-3192ec4df84f <- TX(32)
2021-08-10 12:16:25,835 [SCMBlockDeletingService#0] DEBUG block.SCMBlockDeletingService (DatanodeDeletedBlockTransactions.java:addTransactionToDN(50)) - Transaction added: 01235482-5c07-4b37-86e9-3192ec4df84f <- TX(33)
2021-08-10 12:16:25,835 [SCMBlockDeletingService#0] DEBUG block.SCMBlockDeletingService (DatanodeDeletedBlockTransactions.java:addTransactionToDN(50)) - Transaction added: b13dbf35-3f05-4a51-87e4-7670ffffb89b <- TX(33)
2021-08-10 12:16:25,835 [SCMBlockDeletingService#0] DEBUG block.SCMBlockDeletingService (DatanodeDeletedBlockTransactions.java:addTransactionToDN(50)) - Transaction added: ad4991cb-97ce-4dd6-b117-42e7f6b0816f <- TX(33)
2021-08-10 12:16:25,835 [SCMBlockDeletingService#0] DEBUG block.SCMBlockDeletingService (DatanodeDeletedBlockTransactions.java:addTransactionToDN(50)) - Transaction added: ad4991cb-97ce-4dd6-b117-42e7f6b0816f <- TX(34)
2021-08-10 12:16:25,835 [SCMBlockDeletingService#0] DEBUG block.SCMBlockDeletingService (DatanodeDeletedBlockTransactions.java:addTransactionToDN(50)) - Transaction added: 01235482-5c07-4b37-86e9-3192ec4df84f <- TX(34)
2021-08-10 12:16:25,835 [SCMBlockDeletingService#0] DEBUG block.SCMBlockDeletingService (DatanodeDeletedBlockTransactions.java:addTransactionToDN(50)) - Transaction added: b13dbf35-3f05-4a51-87e4-7670ffffb89b <- TX(34)
2021-08-10 12:16:25,836 [SCMBlockDeletingService#0] DEBUG block.SCMBlockDeletingService (DatanodeDeletedBlockTransactions.java:addTransactionToDN(50)) - Transaction added: b13dbf35-3f05-4a51-87e4-7670ffffb89b <- TX(35)
2021-08-10 12:16:25,836 [SCMBlockDeletingService#0] DEBUG block.SCMBlockDeletingService (DatanodeDeletedBlockTransactions.java:addTransactionToDN(50)) - Transaction added: 01235482-5c07-4b37-86e9-3192ec4df84f <- TX(35)
2021-08-10 12:16:25,836 [SCMBlockDeletingService#0] DEBUG block.SCMBlockDeletingService (DatanodeDeletedBlockTransactions.java:addTransactionToDN(50)) - Transaction added: ad4991cb-97ce-4dd6-b117-42e7f6b0816f <- TX(35)
2021-08-10 12:16:25,836 [SCMBlockDeletingService#0] DEBUG block.SCMBlockDeletingService (DatanodeDeletedBlockTransactions.java:addTransactionToDN(50)) - Transaction added: ad4991cb-97ce-4dd6-b117-42e7f6b0816f <- TX(36)
2021-08-10 12:16:25,836 [SCMBlockDeletingService#0] DEBUG block.SCMBlockDeletingService (DatanodeDeletedBlockTransactions.java:addTransactionToDN(50)) - Transaction added: 01235482-5c07-4b37-86e9-3192ec4df84f <- TX(36)
2021-08-10 12:16:25,836 [SCMBlockDeletingService#0] DEBUG block.SCMBlockDeletingService (DatanodeDeletedBlockTransactions.java:addTransactionToDN(50)) - Transaction added: b13dbf35-3f05-4a51-87e4-7670ffffb89b <- TX(36)
2021-08-10 12:16:25,836 [SCMBlockDeletingService#0] DEBUG block.SCMBlockDeletingService (DatanodeDeletedBlockTransactions.java:addTransactionToDN(50)) - Transaction added: b13dbf35-3f05-4a51-87e4-7670ffffb89b <- TX(37)
2021-08-10 12:16:25,836 [SCMBlockDeletingService#0] DEBUG block.SCMBlockDeletingService (DatanodeDeletedBlockTransactions.java:addTransactionToDN(50)) - Transaction added: ad4991cb-97ce-4dd6-b117-42e7f6b0816f <- TX(37)
2021-08-10 12:16:25,836 [SCMBlockDeletingService#0] DEBUG block.SCMBlockDeletingService (DatanodeDeletedBlockTransactions.java:addTransactionToDN(50)) - Transaction added: 01235482-5c07-4b37-86e9-3192ec4df84f <- TX(37)
2021-08-10 12:16:25,836 [SCMBlockDeletingService#0] DEBUG block.SCMBlockDeletingService (DatanodeDeletedBlockTransactions.java:addTransactionToDN(50)) - Transaction added: ad4991cb-97ce-4dd6-b117-42e7f6b0816f <- TX(38)
2021-08-10 12:16:25,836 [SCMBlockDeletingService#0] DEBUG block.SCMBlockDeletingService (DatanodeDeletedBlockTransactions.java:addTransactionToDN(50)) - Transaction added: 01235482-5c07-4b37-86e9-3192ec4df84f <- TX(38)
2021-08-10 12:16:25,836 [SCMBlockDeletingService#0] DEBUG block.SCMBlockDeletingService (DatanodeDeletedBlockTransactions.java:addTransactionToDN(50)) - Transaction added: b13dbf35-3f05-4a51-87e4-7670ffffb89b <- TX(38)
2021-08-10 12:16:25,836 [SCMBlockDeletingService#0] DEBUG block.SCMBlockDeletingService (DatanodeDeletedBlockTransactions.java:addTransactionToDN(50)) - Transaction added: b13dbf35-3f05-4a51-87e4-7670ffffb89b <- TX(39)
2021-08-10 12:16:25,836 [SCMBlockDeletingService#0] DEBUG block.SCMBlockDeletingService (DatanodeDeletedBlockTransactions.java:addTransactionToDN(50)) - Transaction added: 01235482-5c07-4b37-86e9-3192ec4df84f <- TX(39)
2021-08-10 12:16:25,836 [SCMBlockDeletingService#0] DEBUG block.SCMBlockDeletingService (DatanodeDeletedBlockTransactions.java:addTransactionToDN(50)) - Transaction added: ad4991cb-97ce-4dd6-b117-42e7f6b0816f <- TX(39)
2021-08-10 12:16:25,836 [SCMBlockDeletingService#0] DEBUG block.SCMBlockDeletingService (DatanodeDeletedBlockTransactions.java:addTransactionToDN(50)) - Transaction added: 01235482-5c07-4b37-86e9-3192ec4df84f <- TX(40)
2021-08-10 12:16:25,836 [SCMBlockDeletingService#0] DEBUG block.SCMBlockDeletingService (DatanodeDeletedBlockTransactions.java:addTransactionToDN(50)) - Transaction added: b13dbf35-3f05-4a51-87e4-7670ffffb89b <- TX(40)
2021-08-10 12:16:25,836 [SCMBlockDeletingService#0] DEBUG block.SCMBlockDeletingService (DatanodeDeletedBlockTransactions.java:addTransactionToDN(50)) - Transaction added: ad4991cb-97ce-4dd6-b117-42e7f6b0816f <- TX(40)
2021-08-10 12:16:25,836 [SCMBlockDeletingService#0] DEBUG block.SCMBlockDeletingService (DatanodeDeletedBlockTransactions.java:addTransactionToDN(50)) - Transaction added: b13dbf35-3f05-4a51-87e4-7670ffffb89b <- TX(41)
2021-08-10 12:16:25,836 [SCMBlockDeletingService#0] DEBUG block.SCMBlockDeletingService (DatanodeDeletedBlockTransactions.java:addTransactionToDN(50)) - Transaction added: ad4991cb-97ce-4dd6-b117-42e7f6b0816f <- TX(41)
2021-08-10 12:16:25,836 [SCMBlockDeletingService#0] DEBUG block.SCMBlockDeletingService (DatanodeDeletedBlockTransactions.java:addTransactionToDN(50)) - Transaction added: 01235482-5c07-4b37-86e9-3192ec4df84f <- TX(41)
2021-08-10 12:16:25,836 [SCMBlockDeletingService#0] DEBUG block.SCMBlockDeletingService (DatanodeDeletedBlockTransactions.java:addTransactionToDN(50)) - Transaction added: 01235482-5c07-4b37-86e9-3192ec4df84f <- TX(42)
2021-08-10 12:16:25,836 [SCMBlockDeletingService#0] DEBUG block.SCMBlockDeletingService (DatanodeDeletedBlockTransactions.java:addTransactionToDN(50)) - Transaction added: b13dbf35-3f05-4a51-87e4-7670ffffb89b <- TX(42)
2021-08-10 12:16:25,836 [SCMBlockDeletingService#0] DEBUG block.SCMBlockDeletingService (DatanodeDeletedBlockTransactions.java:addTransactionToDN(50)) - Transaction added: ad4991cb-97ce-4dd6-b117-42e7f6b0816f <- TX(42)
2021-08-10 12:16:25,836 [SCMBlockDeletingService#0] DEBUG block.SCMBlockDeletingService (DatanodeDeletedBlockTransactions.java:addTransactionToDN(50)) - Transaction added: 01235482-5c07-4b37-86e9-3192ec4df84f <- TX(43)
2021-08-10 12:16:25,836 [SCMBlockDeletingService#0] DEBUG block.SCMBlockDeletingService (DatanodeDeletedBlockTransactions.java:addTransactionToDN(50)) - Transaction added: ad4991cb-97ce-4dd6-b117-42e7f6b0816f <- TX(43)
2021-08-10 12:16:25,836 [SCMBlockDeletingService#0] DEBUG block.SCMBlockDeletingService (DatanodeDeletedBlockTransactions.java:addTransactionToDN(50)) - Transaction added: b13dbf35-3f05-4a51-87e4-7670ffffb89b <- TX(43)
2021-08-10 12:16:25,836 [SCMBlockDeletingService#0] DEBUG block.SCMBlockDeletingService (DatanodeDeletedBlockTransactions.java:addTransactionToDN(50)) - Transaction added: b13dbf35-3f05-4a51-87e4-7670ffffb89b <- TX(44)
2021-08-10 12:16:25,836 [SCMBlockDeletingService#0] DEBUG block.SCMBlockDeletingService (DatanodeDeletedBlockTransactions.java:addTransactionToDN(50)) - Transaction added: ad4991cb-97ce-4dd6-b117-42e7f6b0816f <- TX(44)
2021-08-10 12:16:25,836 [SCMBlockDeletingService#0] DEBUG block.SCMBlockDeletingService (DatanodeDeletedBlockTransactions.java:addTransactionToDN(50)) - Transaction added: 01235482-5c07-4b37-86e9-3192ec4df84f <- TX(44)
2021-08-10 12:16:25,836 [SCMBlockDeletingService#0] DEBUG block.SCMBlockDeletingService (DatanodeDeletedBlockTransactions.java:addTransactionToDN(50)) - Transaction added: ad4991cb-97ce-4dd6-b117-42e7f6b0816f <- TX(45)
2021-08-10 12:16:25,836 [SCMBlockDeletingService#0] DEBUG block.SCMBlockDeletingService (DatanodeDeletedBlockTransactions.java:addTransactionToDN(50)) - Transaction added: 01235482-5c07-4b37-86e9-3192ec4df84f <- TX(45)
2021-08-10 12:16:25,836 [SCMBlockDeletingService#0] DEBUG block.SCMBlockDeletingService (DatanodeDeletedBlockTransactions.java:addTransactionToDN(50)) - Transaction added: b13dbf35-3f05-4a51-87e4-7670ffffb89b <- TX(45)
2021-08-10 12:16:25,836 [SCMBlockDeletingService#0] DEBUG block.SCMBlockDeletingService (DatanodeDeletedBlockTransactions.java:addTransactionToDN(50)) - Transaction added: b13dbf35-3f05-4a51-87e4-7670ffffb89b <- TX(46)
2021-08-10 12:16:25,837 [SCMBlockDeletingService#0] DEBUG block.SCMBlockDeletingService (DatanodeDeletedBlockTransactions.java:addTransactionToDN(50)) - Transaction added: ad4991cb-97ce-4dd6-b117-42e7f6b0816f <- TX(46)
2021-08-10 12:16:25,837 [SCMBlockDeletingService#0] DEBUG block.SCMBlockDeletingService (DatanodeDeletedBlockTransactions.java:addTransactionToDN(50)) - Transaction added: 01235482-5c07-4b37-86e9-3192ec4df84f <- TX(46)
2021-08-10 12:16:25,837 [SCMBlockDeletingService#0] DEBUG block.SCMBlockDeletingService (DatanodeDeletedBlockTransactions.java:addTransactionToDN(50)) - Transaction added: 01235482-5c07-4b37-86e9-3192ec4df84f <- TX(47)
2021-08-10 12:16:25,837 [SCMBlockDeletingService#0] DEBUG block.SCMBlockDeletingService (DatanodeDeletedBlockTransactions.java:addTransactionToDN(50)) - Transaction added: ad4991cb-97ce-4dd6-b117-42e7f6b0816f <- TX(47)
2021-08-10 12:16:25,837 [SCMBlockDeletingService#0] DEBUG block.SCMBlockDeletingService (DatanodeDeletedBlockTransactions.java:addTransactionToDN(50)) - Transaction added: b13dbf35-3f05-4a51-87e4-7670ffffb89b <- TX(47)
2021-08-10 12:16:25,837 [SCMBlockDeletingService#0] DEBUG block.SCMBlockDeletingService (DatanodeDeletedBlockTransactions.java:addTransactionToDN(50)) - Transaction added: b13dbf35-3f05-4a51-87e4-7670ffffb89b <- TX(48)
2021-08-10 12:16:25,837 [SCMBlockDeletingService#0] DEBUG block.SCMBlockDeletingService (DatanodeDeletedBlockTransactions.java:addTransactionToDN(50)) - Transaction added: ad4991cb-97ce-4dd6-b117-42e7f6b0816f <- TX(48)
2021-08-10 12:16:25,837 [SCMBlockDeletingService#0] DEBUG block.SCMBlockDeletingService (DatanodeDeletedBlockTransactions.java:addTransactionToDN(50)) - Transaction added: 01235482-5c07-4b37-86e9-3192ec4df84f <- TX(48)
2021-08-10 12:16:25,837 [SCMBlockDeletingService#0] DEBUG block.SCMBlockDeletingService (DatanodeDeletedBlockTransactions.java:addTransactionToDN(50)) - Transaction added: 01235482-5c07-4b37-86e9-3192ec4df84f <- TX(49)
2021-08-10 12:16:25,837 [SCMBlockDeletingService#0] DEBUG block.SCMBlockDeletingService (DatanodeDeletedBlockTransactions.java:addTransactionToDN(50)) - Transaction added: b13dbf35-3f05-4a51-87e4-7670ffffb89b <- TX(49)
2021-08-10 12:16:25,837 [SCMBlockDeletingService#0] DEBUG block.SCMBlockDeletingService (DatanodeDeletedBlockTransactions.java:addTransactionToDN(50)) - Transaction added: ad4991cb-97ce-4dd6-b117-42e7f6b0816f <- TX(49)
2021-08-10 12:16:25,837 [SCMBlockDeletingService#0] DEBUG block.SCMBlockDeletingService (DatanodeDeletedBlockTransactions.java:addTransactionToDN(50)) - Transaction added: ad4991cb-97ce-4dd6-b117-42e7f6b0816f <- TX(50)
2021-08-10 12:16:25,837 [SCMBlockDeletingService#0] DEBUG block.SCMBlockDeletingService (DatanodeDeletedBlockTransactions.java:addTransactionToDN(50)) - Transaction added: 01235482-5c07-4b37-86e9-3192ec4df84f <- TX(50)
2021-08-10 12:16:25,837 [SCMBlockDeletingService#0] DEBUG block.SCMBlockDeletingService (DatanodeDeletedBlockTransactions.java:addTransactionToDN(50)) - Transaction added: b13dbf35-3f05-4a51-87e4-7670ffffb89b <- TX(50)
2021-08-10 12:16:25,837 [SCMBlockDeletingService#0] DEBUG block.SCMBlockDeletingService (DatanodeDeletedBlockTransactions.java:addTransactionToDN(50)) - Transaction added: b13dbf35-3f05-4a51-87e4-7670ffffb89b <- TX(51)
2021-08-10 12:16:25,837 [SCMBlockDeletingService#0] DEBUG block.SCMBlockDeletingService (DatanodeDeletedBlockTransactions.java:addTransactionToDN(50)) - Transaction added: 01235482-5c07-4b37-86e9-3192ec4df84f <- TX(51)
2021-08-10 12:16:25,837 [SCMBlockDeletingService#0] DEBUG block.SCMBlockDeletingService (DatanodeDeletedBlockTransactions.java:addTransactionToDN(50)) - Transaction added: ad4991cb-97ce-4dd6-b117-42e7f6b0816f <- TX(51)
2021-08-10 12:16:25,837 [SCMBlockDeletingService#0] DEBUG block.SCMBlockDeletingService (DatanodeDeletedBlockTransactions.java:addTransactionToDN(50)) - Transaction added: ad4991cb-97ce-4dd6-b117-42e7f6b0816f <- TX(52)
2021-08-10 12:16:25,837 [SCMBlockDeletingService#0] DEBUG block.SCMBlockDeletingService (DatanodeDeletedBlockTransactions.java:addTransactionToDN(50)) - Transaction added: 01235482-5c07-4b37-86e9-3192ec4df84f <- TX(52)
2021-08-10 12:16:25,837 [SCMBlockDeletingService#0] DEBUG block.SCMBlockDeletingService (DatanodeDeletedBlockTransactions.java:addTransactionToDN(50)) - Transaction added: b13dbf35-3f05-4a51-87e4-7670ffffb89b <- TX(52)
2021-08-10 12:16:25,837 [SCMBlockDeletingService#0] DEBUG block.SCMBlockDeletingService (DatanodeDeletedBlockTransactions.java:addTransactionToDN(50)) - Transaction added: b13dbf35-3f05-4a51-87e4-7670ffffb89b <- TX(53)
2021-08-10 12:16:25,837 [SCMBlockDeletingService#0] DEBUG block.SCMBlockDeletingService (DatanodeDeletedBlockTransactions.java:addTransactionToDN(50)) - Transaction added: ad4991cb-97ce-4dd6-b117-42e7f6b0816f <- TX(53)
2021-08-10 12:16:25,837 [SCMBlockDeletingService#0] DEBUG block.SCMBlockDeletingService (DatanodeDeletedBlockTransactions.java:addTransactionToDN(50)) - Transaction added: 01235482-5c07-4b37-86e9-3192ec4df84f <- TX(53)
2021-08-10 12:16:25,837 [SCMBlockDeletingService#0] DEBUG block.SCMBlockDeletingService (DatanodeDeletedBlockTransactions.java:addTransactionToDN(50)) - Transaction added: ad4991cb-97ce-4dd6-b117-42e7f6b0816f <- TX(54)
2021-08-10 12:16:25,837 [SCMBlockDeletingService#0] DEBUG block.SCMBlockDeletingService (DatanodeDeletedBlockTransactions.java:addTransactionToDN(50)) - Transaction added: 01235482-5c07-4b37-86e9-3192ec4df84f <- TX(54)
2021-08-10 12:16:25,847 [SCMBlockDeletingService#0] DEBUG block.SCMBlockDeletingService (DatanodeDeletedBlockTransactions.java:addTransactionToDN(50)) - Transaction added: b13dbf35-3f05-4a51-87e4-7670ffffb89b <- TX(54)
2021-08-10 12:16:25,847 [SCMBlockDeletingService#0] DEBUG block.SCMBlockDeletingService (DatanodeDeletedBlockTransactions.java:addTransactionToDN(50)) - Transaction added: b13dbf35-3f05-4a51-87e4-7670ffffb89b <- TX(55)
2021-08-10 12:16:25,848 [SCMBlockDeletingService#0] DEBUG block.SCMBlockDeletingService (DatanodeDeletedBlockTransactions.java:addTransactionToDN(50)) - Transaction added: 01235482-5c07-4b37-86e9-3192ec4df84f <- TX(55)
2021-08-10 12:16:25,848 [SCMBlockDeletingService#0] DEBUG block.SCMBlockDeletingService (DatanodeDeletedBlockTransactions.java:addTransactionToDN(50)) - Transaction added: ad4991cb-97ce-4dd6-b117-42e7f6b0816f <- TX(55)
2021-08-10 12:16:25,848 [SCMBlockDeletingService#0] DEBUG block.SCMBlockDeletingService (DatanodeDeletedBlockTransactions.java:addTransactionToDN(50)) - Transaction added: 01235482-5c07-4b37-86e9-3192ec4df84f <- TX(56)
2021-08-10 12:16:25,848 [SCMBlockDeletingService#0] DEBUG block.SCMBlockDeletingService (DatanodeDeletedBlockTransactions.java:addTransactionToDN(50)) - Transaction added: b13dbf35-3f05-4a51-87e4-7670ffffb89b <- TX(56)
2021-08-10 12:16:25,848 [SCMBlockDeletingService#0] DEBUG block.SCMBlockDeletingService (DatanodeDeletedBlockTransactions.java:addTransactionToDN(50)) - Transaction added: ad4991cb-97ce-4dd6-b117-42e7f6b0816f <- TX(56)
2021-08-10 12:16:25,848 [SCMBlockDeletingService#0] DEBUG block.SCMBlockDeletingService (SCMBlockDeletingService.java:call(164)) - Added delete block command for datanode ad4991cb-97ce-4dd6-b117-42e7f6b0816f in the queue, number of delete block transactions: 56
2021-08-10 12:16:25,848 [SCMBlockDeletingService#0] DEBUG block.SCMBlockDeletingService (SCMBlockDeletingService.java:call(164)) - Added delete block command for datanode 01235482-5c07-4b37-86e9-3192ec4df84f in the queue, number of delete block transactions: 56
2021-08-10 12:16:25,848 [SCMBlockDeletingService#0] DEBUG block.SCMBlockDeletingService (SCMBlockDeletingService.java:call(164)) - Added delete block command for datanode b13dbf35-3f05-4a51-87e4-7670ffffb89b in the queue, number of delete block transactions: 56
2021-08-10 12:16:25,848 [SCMBlockDeletingService#0] INFO  block.SCMBlockDeletingService (SCMBlockDeletingService.java:call(174)) - Totally added 168 blocks to be deleted for 3 datanodes, task elapsed time: 16ms
2021-08-10 12:16:25,932 [SCMBlockDeletingService#0] DEBUG block.SCMBlockDeletingService (SCMBlockDeletingService.java:call(133)) - Running DeletedBlockTransactionScanner
2021-08-10 12:16:25,933 [SCMBlockDeletingService#0] DEBUG block.SCMBlockDeletingService (DatanodeDeletedBlockTransactions.java:addTransactionToDN(50)) - Transaction added: 01235482-5c07-4b37-86e9-3192ec4df84f <- TX(1)
2021-08-10 12:16:25,933 [SCMBlockDeletingService#0] DEBUG block.SCMBlockDeletingService (DatanodeDeletedBlockTransactions.java:addTransactionToDN(50)) - Transaction added: b13dbf35-3f05-4a51-87e4-7670ffffb89b <- TX(1)
2021-08-10 12:16:25,933 [SCMBlockDeletingService#0] DEBUG block.SCMBlockDeletingService (DatanodeDeletedBlockTransactions.java:addTransactionToDN(50)) - Transaction added: ad4991cb-97ce-4dd6-b117-42e7f6b0816f <- TX(1)
2021-08-10 12:16:25,933 [SCMBlockDeletingService#0] DEBUG block.SCMBlockDeletingService (DatanodeDeletedBlockTransactions.java:addTransactionToDN(50)) - Transaction added: ad4991cb-97ce-4dd6-b117-42e7f6b0816f <- TX(2)
2021-08-10 12:16:25,933 [SCMBlockDeletingService#0] DEBUG block.SCMBlockDeletingService (DatanodeDeletedBlockTransactions.java:addTransactionToDN(50)) - Transaction added: 01235482-5c07-4b37-86e9-3192ec4df84f <- TX(2)
2021-08-10 12:16:25,933 [SCMBlockDeletingService#0] DEBUG block.SCMBlockDeletingService (DatanodeDeletedBlockTransactions.java:addTransactionToDN(50)) - Transaction added: b13dbf35-3f05-4a51-87e4-7670ffffb89b <- TX(2)
2021-08-10 12:16:25,933 [SCMBlockDeletingService#0] DEBUG block.SCMBlockDeletingService (DatanodeDeletedBlockTransactions.java:addTransactionToDN(50)) - Transaction added: b13dbf35-3f05-4a51-87e4-7670ffffb89b <- TX(3)
2021-08-10 12:16:25,933 [SCMBlockDeletingService#0] DEBUG block.SCMBlockDeletingService (DatanodeDeletedBlockTransactions.java:addTransactionToDN(50)) - Transaction added: 01235482-5c07-4b37-86e9-3192ec4df84f <- TX(3)
2021-08-10 12:16:25,933 [SCMBlockDeletingService#0] DEBUG block.SCMBlockDeletingService (DatanodeDeletedBlockTransactions.java:addTransactionToDN(50)) - Transaction added: ad4991cb-97ce-4dd6-b117-42e7f6b0816f <- TX(3)
2021-08-10 12:16:25,933 [SCMBlockDeletingService#0] DEBUG block.SCMBlockDeletingService (DatanodeDeletedBlockTransactions.java:addTransactionToDN(50)) - Transaction added: ad4991cb-97ce-4dd6-b117-42e7f6b0816f <- TX(4)
2021-08-10 12:16:25,933 [SCMBlockDeletingService#0] DEBUG block.SCMBlockDeletingService (DatanodeDeletedBlockTransactions.java:addTransactionToDN(50)) - Transaction added: 01235482-5c07-4b37-86e9-3192ec4df84f <- TX(4)
2021-08-10 12:16:25,933 [SCMBlockDeletingService#0] DEBUG block.SCMBlockDeletingService (DatanodeDeletedBlockTransactions.java:addTransactionToDN(50)) - Transaction added: b13dbf35-3f05-4a51-87e4-7670ffffb89b <- TX(4)
2021-08-10 12:16:25,933 [SCMBlockDeletingService#0] DEBUG block.SCMBlockDeletingService (DatanodeDeletedBlockTransactions.java:addTransactionToDN(50)) - Transaction added: b13dbf35-3f05-4a51-87e4-7670ffffb89b <- TX(5)
2021-08-10 12:16:25,933 [SCMBlockDeletingService#0] DEBUG block.SCMBlockDeletingService (DatanodeDeletedBlockTransactions.java:addTransactionToDN(50)) - Transaction added: ad4991cb-97ce-4dd6-b117-42e7f6b0816f <- TX(5)
2021-08-10 12:16:25,933 [SCMBlockDeletingService#0] DEBUG block.SCMBlockDeletingService (DatanodeDeletedBlockTransactions.java:addTransactionToDN(50)) - Transaction added: 01235482-5c07-4b37-86e9-3192ec4df84f <- TX(5)
2021-08-10 12:16:25,933 [SCMBlockDeletingService#0] DEBUG block.SCMBlockDeletingService (DatanodeDeletedBlockTransactions.java:addTransactionToDN(50)) - Transaction added: ad4991cb-97ce-4dd6-b117-42e7f6b0816f <- TX(6)
2021-08-10 12:16:25,933 [SCMBlockDeletingService#0] DEBUG block.SCMBlockDeletingService (DatanodeDeletedBlockTransactions.java:addTransactionToDN(50)) - Transaction added: 01235482-5c07-4b37-86e9-3192ec4df84f <- TX(6)
2021-08-10 12:16:25,933 [SCMBlockDeletingService#0] DEBUG block.SCMBlockDeletingService (DatanodeDeletedBlockTransactions.java:addTransactionToDN(50)) - Transaction added: b13dbf35-3f05-4a51-87e4-7670ffffb89b <- TX(6)
2021-08-10 12:16:25,933 [SCMBlockDeletingService#0] DEBUG block.SCMBlockDeletingService (DatanodeDeletedBlockTransactions.java:addTransactionToDN(50)) - Transaction added: b13dbf35-3f05-4a51-87e4-7670ffffb89b <- TX(7)
2021-08-10 12:16:25,933 [SCMBlockDeletingService#0] DEBUG block.SCMBlockDeletingService (DatanodeDeletedBlockTransactions.java:addTransactionToDN(50)) - Transaction added: 01235482-5c07-4b37-86e9-3192ec4df84f <- TX(7)
2021-08-10 12:16:25,933 [SCMBlockDeletingService#0] DEBUG block.SCMBlockDeletingService (DatanodeDeletedBlockTransactions.java:addTransactionToDN(50)) - Transaction added: ad4991cb-97ce-4dd6-b117-42e7f6b0816f <- TX(7)
2021-08-10 12:16:25,933 [SCMBlockDeletingService#0] DEBUG block.SCMBlockDeletingService (DatanodeDeletedBlockTransactions.java:addTransactionToDN(50)) - Transaction added: 01235482-5c07-4b37-86e9-3192ec4df84f <- TX(8)
2021-08-10 12:16:25,933 [SCMBlockDeletingService#0] DEBUG block.SCMBlockDeletingService (DatanodeDeletedBlockTransactions.java:addTransactionToDN(50)) - Transaction added: b13dbf35-3f05-4a51-87e4-7670ffffb89b <- TX(8)
2021-08-10 12:16:25,933 [SCMBlockDeletingService#0] DEBUG block.SCMBlockDeletingService (DatanodeDeletedBlockTransactions.java:addTransactionToDN(50)) - Transaction added: ad4991cb-97ce-4dd6-b117-42e7f6b0816f <- TX(8)
2021-08-10 12:16:25,933 [SCMBlockDeletingService#0] DEBUG block.SCMBlockDeletingService (DatanodeDeletedBlockTransactions.java:addTransactionToDN(50)) - Transaction added: b13dbf35-3f05-4a51-87e4-7670ffffb89b <- TX(9)
2021-08-10 12:16:25,933 [SCMBlockDeletingService#0] DEBUG block.SCMBlockDeletingService (DatanodeDeletedBlockTransactions.java:addTransactionToDN(50)) - Transaction added: ad4991cb-97ce-4dd6-b117-42e7f6b0816f <- TX(9)
2021-08-10 12:16:25,933 [SCMBlockDeletingService#0] DEBUG block.SCMBlockDeletingService (DatanodeDeletedBlockTransactions.java:addTransactionToDN(50)) - Transaction added: 01235482-5c07-4b37-86e9-3192ec4df84f <- TX(9)
2021-08-10 12:16:25,933 [SCMBlockDeletingService#0] DEBUG block.SCMBlockDeletingService (DatanodeDeletedBlockTransactions.java:addTransactionToDN(50)) - Transaction added: 01235482-5c07-4b37-86e9-3192ec4df84f <- TX(10)
2021-08-10 12:16:25,933 [SCMBlockDeletingService#0] DEBUG block.SCMBlockDeletingService (DatanodeDeletedBlockTransactions.java:addTransactionToDN(50)) - Transaction added: b13dbf35-3f05-4a51-87e4-7670ffffb89b <- TX(10)
2021-08-10 12:16:25,933 [SCMBlockDeletingService#0] DEBUG block.SCMBlockDeletingService (DatanodeDeletedBlockTransactions.java:addTransactionToDN(50)) - Transaction added: ad4991cb-97ce-4dd6-b117-42e7f6b0816f <- TX(10)
2021-08-10 12:16:25,933 [SCMBlockDeletingService#0] DEBUG block.SCMBlockDeletingService (DatanodeDeletedBlockTransactions.java:addTransactionToDN(50)) - Transaction added: 01235482-5c07-4b37-86e9-3192ec4df84f <- TX(11)
2021-08-10 12:16:25,933 [SCMBlockDeletingService#0] DEBUG block.SCMBlockDeletingService (DatanodeDeletedBlockTransactions.java:addTransactionToDN(50)) - Transaction added: ad4991cb-97ce-4dd6-b117-42e7f6b0816f <- TX(11)
2021-08-10 12:16:25,933 [SCMBlockDeletingService#0] DEBUG block.SCMBlockDeletingService (DatanodeDeletedBlockTransactions.java:addTransactionToDN(50)) - Transaction added: b13dbf35-3f05-4a51-87e4-7670ffffb89b <- TX(11)
2021-08-10 12:16:25,933 [SCMBlockDeletingService#0] DEBUG block.SCMBlockDeletingService (DatanodeDeletedBlockTransactions.java:addTransactionToDN(50)) - Transaction added: b13dbf35-3f05-4a51-87e4-7670ffffb89b <- TX(12)
2021-08-10 12:16:25,933 [SCMBlockDeletingService#0] DEBUG block.SCMBlockDeletingService (DatanodeDeletedBlockTransactions.java:addTransactionToDN(50)) - Transaction added: ad4991cb-97ce-4dd6-b117-42e7f6b0816f <- TX(12)
2021-08-10 12:16:25,933 [SCMBlockDeletingService#0] DEBUG block.SCMBlockDeletingService (DatanodeDeletedBlockTransactions.java:addTransactionToDN(50)) - Transaction added: 01235482-5c07-4b37-86e9-3192ec4df84f <- TX(12)
2021-08-10 12:16:25,933 [SCMBlockDeletingService#0] DEBUG block.SCMBlockDeletingService (DatanodeDeletedBlockTransactions.java:addTransactionToDN(50)) - Transaction added: ad4991cb-97ce-4dd6-b117-42e7f6b0816f <- TX(13)
2021-08-10 12:16:25,934 [SCMBlockDeletingService#0] DEBUG block.SCMBlockDeletingService (DatanodeDeletedBlockTransactions.java:addTransactionToDN(50)) - Transaction added: 01235482-5c07-4b37-86e9-3192ec4df84f <- TX(13)
2021-08-10 12:16:25,934 [SCMBlockDeletingService#0] DEBUG block.SCMBlockDeletingService (DatanodeDeletedBlockTransactions.java:addTransactionToDN(50)) - Transaction added: b13dbf35-3f05-4a51-87e4-7670ffffb89b <- TX(13)
2021-08-10 12:16:25,934 [SCMBlockDeletingService#0] DEBUG block.SCMBlockDeletingService (DatanodeDeletedBlockTransactions.java:addTransactionToDN(50)) - Transaction added: b13dbf35-3f05-4a51-87e4-7670ffffb89b <- TX(14)
2021-08-10 12:16:25,934 [SCMBlockDeletingService#0] DEBUG block.SCMBlockDeletingService (DatanodeDeletedBlockTransactions.java:addTransactionToDN(50)) - Transaction added: ad4991cb-97ce-4dd6-b117-42e7f6b0816f <- TX(14)
2021-08-10 12:16:25,934 [SCMBlockDeletingService#0] DEBUG block.SCMBlockDeletingService (DatanodeDeletedBlockTransactions.java:addTransactionToDN(50)) - Transaction added: 01235482-5c07-4b37-86e9-3192ec4df84f <- TX(14)
2021-08-10 12:16:25,934 [SCMBlockDeletingService#0] DEBUG block.SCMBlockDeletingService (DatanodeDeletedBlockTransactions.java:addTransactionToDN(50)) - Transaction added: 01235482-5c07-4b37-86e9-3192ec4df84f <- TX(15)
2021-08-10 12:16:25,934 [SCMBlockDeletingService#0] DEBUG block.SCMBlockDeletingService (DatanodeDeletedBlockTransactions.java:addTransactionToDN(50)) - Transaction added: ad4991cb-97ce-4dd6-b117-42e7f6b0816f <- TX(15)
2021-08-10 12:16:25,934 [SCMBlockDeletingService#0] DEBUG block.SCMBlockDeletingService (DatanodeDeletedBlockTransactions.java:addTransactionToDN(50)) - Transaction added: b13dbf35-3f05-4a51-87e4-7670ffffb89b <- TX(15)
2021-08-10 12:16:25,934 [SCMBlockDeletingService#0] DEBUG block.SCMBlockDeletingService (DatanodeDeletedBlockTransactions.java:addTransactionToDN(50)) - Transaction added: b13dbf35-3f05-4a51-87e4-7670ffffb89b <- TX(16)
2021-08-10 12:16:25,934 [SCMBlockDeletingService#0] DEBUG block.SCMBlockDeletingService (DatanodeDeletedBlockTransactions.java:addTransactionToDN(50)) - Transaction added: ad4991cb-97ce-4dd6-b117-42e7f6b0816f <- TX(16)
2021-08-10 12:16:25,934 [SCMBlockDeletingService#0] DEBUG block.SCMBlockDeletingService (DatanodeDeletedBlockTransactions.java:addTransactionToDN(50)) - Transaction added: 01235482-5c07-4b37-86e9-3192ec4df84f <- TX(16)
2021-08-10 12:16:25,934 [SCMBlockDeletingService#0] DEBUG block.SCMBlockDeletingService (DatanodeDeletedBlockTransactions.java:addTransactionToDN(50)) - Transaction added: 01235482-5c07-4b37-86e9-3192ec4df84f <- TX(17)
2021-08-10 12:16:25,934 [SCMBlockDeletingService#0] DEBUG block.SCMBlockDeletingService (DatanodeDeletedBlockTransactions.java:addTransactionToDN(50)) - Transaction added: b13dbf35-3f05-4a51-87e4-7670ffffb89b <- TX(17)
2021-08-10 12:16:25,934 [SCMBlockDeletingService#0] DEBUG block.SCMBlockDeletingService (DatanodeDeletedBlockTransactions.java:addTransactionToDN(50)) - Transaction added: ad4991cb-97ce-4dd6-b117-42e7f6b0816f <- TX(17)
2021-08-10 12:16:25,934 [SCMBlockDeletingService#0] DEBUG block.SCMBlockDeletingService (DatanodeDeletedBlockTransactions.java:addTransactionToDN(50)) - Transaction added: ad4991cb-97ce-4dd6-b117-42e7f6b0816f <- TX(18)
2021-08-10 12:16:25,934 [SCMBlockDeletingService#0] DEBUG block.SCMBlockDeletingService (DatanodeDeletedBlockTransactions.java:addTransactionToDN(50)) - Transaction added: 01235482-5c07-4b37-86e9-3192ec4df84f <- TX(18)
2021-08-10 12:16:25,934 [SCMBlockDeletingService#0] DEBUG block.SCMBlockDeletingService (DatanodeDeletedBlockTransactions.java:addTransactionToDN(50)) - Transaction added: b13dbf35-3f05-4a51-87e4-7670ffffb89b <- TX(18)
2021-08-10 12:16:25,934 [SCMBlockDeletingService#0] DEBUG block.SCMBlockDeletingService (DatanodeDeletedBlockTransactions.java:addTransactionToDN(50)) - Transaction added: b13dbf35-3f05-4a51-87e4-7670ffffb89b <- TX(19)
2021-08-10 12:16:25,934 [SCMBlockDeletingService#0] DEBUG block.SCMBlockDeletingService (DatanodeDeletedBlockTransactions.java:addTransactionToDN(50)) - Transaction added: 01235482-5c07-4b37-86e9-3192ec4df84f <- TX(19)
2021-08-10 12:16:25,934 [SCMBlockDeletingService#0] DEBUG block.SCMBlockDeletingService (DatanodeDeletedBlockTransactions.java:addTransactionToDN(50)) - Transaction added: ad4991cb-97ce-4dd6-b117-42e7f6b0816f <- TX(19)
2021-08-10 12:16:25,934 [SCMBlockDeletingService#0] DEBUG block.SCMBlockDeletingService (DatanodeDeletedBlockTransactions.java:addTransactionToDN(50)) - Transaction added: ad4991cb-97ce-4dd6-b117-42e7f6b0816f <- TX(20)
2021-08-10 12:16:25,934 [SCMBlockDeletingService#0] DEBUG block.SCMBlockDeletingService (DatanodeDeletedBlockTransactions.java:addTransactionToDN(50)) - Transaction added: 01235482-5c07-4b37-86e9-3192ec4df84f <- TX(20)
2021-08-10 12:16:25,934 [SCMBlockDeletingService#0] DEBUG block.SCMBlockDeletingService (DatanodeDeletedBlockTransactions.java:addTransactionToDN(50)) - Transaction added: b13dbf35-3f05-4a51-87e4-7670ffffb89b <- TX(20)
2021-08-10 12:16:25,934 [SCMBlockDeletingService#0] DEBUG block.SCMBlockDeletingService (DatanodeDeletedBlockTransactions.java:addTransactionToDN(50)) - Transaction added: b13dbf35-3f05-4a51-87e4-7670ffffb89b <- TX(21)
2021-08-10 12:16:25,934 [SCMBlockDeletingService#0] DEBUG block.SCMBlockDeletingService (DatanodeDeletedBlockTransactions.java:addTransactionToDN(50)) - Transaction added: ad4991cb-97ce-4dd6-b117-42e7f6b0816f <- TX(21)
2021-08-10 12:16:25,934 [SCMBlockDeletingService#0] DEBUG block.SCMBlockDeletingService (DatanodeDeletedBlockTransactions.java:addTransactionToDN(50)) - Transaction added: 01235482-5c07-4b37-86e9-3192ec4df84f <- TX(21)
2021-08-10 12:16:25,934 [SCMBlockDeletingService#0] DEBUG block.SCMBlockDeletingService (DatanodeDeletedBlockTransactions.java:addTransactionToDN(50)) - Transaction added: ad4991cb-97ce-4dd6-b117-42e7f6b0816f <- TX(22)
2021-08-10 12:16:25,934 [SCMBlockDeletingService#0] DEBUG block.SCMBlockDeletingService (DatanodeDeletedBlockTransactions.java:addTransactionToDN(50)) - Transaction added: 01235482-5c07-4b37-86e9-3192ec4df84f <- TX(22)
2021-08-10 12:16:25,934 [SCMBlockDeletingService#0] DEBUG block.SCMBlockDeletingService (DatanodeDeletedBlockTransactions.java:addTransactionToDN(50)) - Transaction added: b13dbf35-3f05-4a51-87e4-7670ffffb89b <- TX(22)
2021-08-10 12:16:25,934 [SCMBlockDeletingService#0] DEBUG block.SCMBlockDeletingService (DatanodeDeletedBlockTransactions.java:addTransactionToDN(50)) - Transaction added: b13dbf35-3f05-4a51-87e4-7670ffffb89b <- TX(23)
2021-08-10 12:16:25,934 [SCMBlockDeletingService#0] DEBUG block.SCMBlockDeletingService (DatanodeDeletedBlockTransactions.java:addTransactionToDN(50)) - Transaction added: 01235482-5c07-4b37-86e9-3192ec4df84f <- TX(23)
2021-08-10 12:16:25,934 [SCMBlockDeletingService#0] DEBUG block.SCMBlockDeletingService (DatanodeDeletedBlockTransactions.java:addTransactionToDN(50)) - Transaction added: ad4991cb-97ce-4dd6-b117-42e7f6b0816f <- TX(23)
2021-08-10 12:16:25,934 [SCMBlockDeletingService#0] DEBUG block.SCMBlockDeletingService (DatanodeDeletedBlockTransactions.java:addTransactionToDN(50)) - Transaction added: 01235482-5c07-4b37-86e9-3192ec4df84f <- TX(24)
2021-08-10 12:16:25,934 [SCMBlockDeletingService#0] DEBUG block.SCMBlockDeletingService (DatanodeDeletedBlockTransactions.java:addTransactionToDN(50)) - Transaction added: b13dbf35-3f05-4a51-87e4-7670ffffb89b <- TX(24)
2021-08-10 12:16:25,934 [SCMBlockDeletingService#0] DEBUG block.SCMBlockDeletingService (DatanodeDeletedBlockTransactions.java:addTransactionToDN(50)) - Transaction added: ad4991cb-97ce-4dd6-b117-42e7f6b0816f <- TX(24)
2021-08-10 12:16:25,934 [SCMBlockDeletingService#0] DEBUG block.SCMBlockDeletingService (DatanodeDeletedBlockTransactions.java:addTransactionToDN(50)) - Transaction added: b13dbf35-3f05-4a51-87e4-7670ffffb89b <- TX(25)
2021-08-10 12:16:25,935 [SCMBlockDeletingService#0] DEBUG block.SCMBlockDeletingService (DatanodeDeletedBlockTransactions.java:addTransactionToDN(50)) - Transaction added: ad4991cb-97ce-4dd6-b117-42e7f6b0816f <- TX(25)
2021-08-10 12:16:25,935 [SCMBlockDeletingService#0] DEBUG block.SCMBlockDeletingService (DatanodeDeletedBlockTransactions.java:addTransactionToDN(50)) - Transaction added: 01235482-5c07-4b37-86e9-3192ec4df84f <- TX(25)
2021-08-10 12:16:25,935 [SCMBlockDeletingService#0] DEBUG block.SCMBlockDeletingService (DatanodeDeletedBlockTransactions.java:addTransactionToDN(50)) - Transaction added: 01235482-5c07-4b37-86e9-3192ec4df84f <- TX(26)
2021-08-10 12:16:25,935 [SCMBlockDeletingService#0] DEBUG block.SCMBlockDeletingService (DatanodeDeletedBlockTransactions.java:addTransactionToDN(50)) - Transaction added: b13dbf35-3f05-4a51-87e4-7670ffffb89b <- TX(26)
2021-08-10 12:16:25,935 [SCMBlockDeletingService#0] DEBUG block.SCMBlockDeletingService (DatanodeDeletedBlockTransactions.java:addTransactionToDN(50)) - Transaction added: ad4991cb-97ce-4dd6-b117-42e7f6b0816f <- TX(26)
2021-08-10 12:16:25,935 [SCMBlockDeletingService#0] DEBUG block.SCMBlockDeletingService (DatanodeDeletedBlockTransactions.java:addTransactionToDN(50)) - Transaction added: 01235482-5c07-4b37-86e9-3192ec4df84f <- TX(27)
2021-08-10 12:16:25,935 [SCMBlockDeletingService#0] DEBUG block.SCMBlockDeletingService (DatanodeDeletedBlockTransactions.java:addTransactionToDN(50)) - Transaction added: ad4991cb-97ce-4dd6-b117-42e7f6b0816f <- TX(27)
2021-08-10 12:16:25,935 [SCMBlockDeletingService#0] DEBUG block.SCMBlockDeletingService (DatanodeDeletedBlockTransactions.java:addTransactionToDN(50)) - Transaction added: b13dbf35-3f05-4a51-87e4-7670ffffb89b <- TX(27)
2021-08-10 12:16:25,935 [SCMBlockDeletingService#0] DEBUG block.SCMBlockDeletingService (DatanodeDeletedBlockTransactions.java:addTransactionToDN(50)) - Transaction added: b13dbf35-3f05-4a51-87e4-7670ffffb89b <- TX(28)
2021-08-10 12:16:25,935 [SCMBlockDeletingService#0] DEBUG block.SCMBlockDeletingService (DatanodeDeletedBlockTransactions.java:addTransactionToDN(50)) - Transaction added: ad4991cb-97ce-4dd6-b117-42e7f6b0816f <- TX(28)
2021-08-10 12:16:25,935 [SCMBlockDeletingService#0] DEBUG block.SCMBlockDeletingService (DatanodeDeletedBlockTransactions.java:addTransactionToDN(50)) - Transaction added: 01235482-5c07-4b37-86e9-3192ec4df84f <- TX(28)
2021-08-10 12:16:25,935 [SCMBlockDeletingService#0] DEBUG block.SCMBlockDeletingService (DatanodeDeletedBlockTransactions.java:addTransactionToDN(50)) - Transaction added: ad4991cb-97ce-4dd6-b117-42e7f6b0816f <- TX(29)
2021-08-10 12:16:25,935 [SCMBlockDeletingService#0] DEBUG block.SCMBlockDeletingService (DatanodeDeletedBlockTransactions.java:addTransactionToDN(50)) - Transaction added: 01235482-5c07-4b37-86e9-3192ec4df84f <- TX(29)
2021-08-10 12:16:25,935 [SCMBlockDeletingService#0] DEBUG block.SCMBlockDeletingService (DatanodeDeletedBlockTransactions.java:addTransactionToDN(50)) - Transaction added: b13dbf35-3f05-4a51-87e4-7670ffffb89b <- TX(29)
2021-08-10 12:16:25,935 [SCMBlockDeletingService#0] DEBUG block.SCMBlockDeletingService (DatanodeDeletedBlockTransactions.java:addTransactionToDN(50)) - Transaction added: b13dbf35-3f05-4a51-87e4-7670ffffb89b <- TX(30)
2021-08-10 12:16:25,935 [SCMBlockDeletingService#0] DEBUG block.SCMBlockDeletingService (DatanodeDeletedBlockTransactions.java:addTransactionToDN(50)) - Transaction added: ad4991cb-97ce-4dd6-b117-42e7f6b0816f <- TX(30)
2021-08-10 12:16:25,935 [SCMBlockDeletingService#0] DEBUG block.SCMBlockDeletingService (DatanodeDeletedBlockTransactions.java:addTransactionToDN(50)) - Transaction added: 01235482-5c07-4b37-86e9-3192ec4df84f <- TX(30)
2021-08-10 12:16:25,936 [SCMBlockDeletingService#0] DEBUG block.SCMBlockDeletingService (DatanodeDeletedBlockTransactions.java:addTransactionToDN(50)) - Transaction added: 01235482-5c07-4b37-86e9-3192ec4df84f <- TX(31)
2021-08-10 12:16:25,936 [SCMBlockDeletingService#0] DEBUG block.SCMBlockDeletingService (DatanodeDeletedBlockTransactions.java:addTransactionToDN(50)) - Transaction added: ad4991cb-97ce-4dd6-b117-42e7f6b0816f <- TX(31)
2021-08-10 12:16:25,936 [SCMBlockDeletingService#0] DEBUG block.SCMBlockDeletingService (DatanodeDeletedBlockTransactions.java:addTransactionToDN(50)) - Transaction added: b13dbf35-3f05-4a51-87e4-7670ffffb89b <- TX(31)
2021-08-10 12:16:25,936 [SCMBlockDeletingService#0] DEBUG block.SCMBlockDeletingService (DatanodeDeletedBlockTransactions.java:addTransactionToDN(50)) - Transaction added: b13dbf35-3f05-4a51-87e4-7670ffffb89b <- TX(32)
2021-08-10 12:16:25,936 [SCMBlockDeletingService#0] DEBUG block.SCMBlockDeletingService (DatanodeDeletedBlockTransactions.java:addTransactionToDN(50)) - Transaction added: ad4991cb-97ce-4dd6-b117-42e7f6b0816f <- TX(32)
2021-08-10 12:16:25,936 [SCMBlockDeletingService#0] DEBUG block.SCMBlockDeletingService (DatanodeDeletedBlockTransactions.java:addTransactionToDN(50)) - Transaction added: 01235482-5c07-4b37-86e9-3192ec4df84f <- TX(32)
2021-08-10 12:16:25,936 [SCMBlockDeletingService#0] DEBUG block.SCMBlockDeletingService (DatanodeDeletedBlockTransactions.java:addTransactionToDN(50)) - Transaction added: 01235482-5c07-4b37-86e9-3192ec4df84f <- TX(33)
2021-08-10 12:16:25,936 [SCMBlockDeletingService#0] DEBUG block.SCMBlockDeletingService (DatanodeDeletedBlockTransactions.java:addTransactionToDN(50)) - Transaction added: b13dbf35-3f05-4a51-87e4-7670ffffb89b <- TX(33)
2021-08-10 12:16:25,936 [SCMBlockDeletingService#0] DEBUG block.SCMBlockDeletingService (DatanodeDeletedBlockTransactions.java:addTransactionToDN(50)) - Transaction added: ad4991cb-97ce-4dd6-b117-42e7f6b0816f <- TX(33)
2021-08-10 12:16:25,936 [SCMBlockDeletingService#0] DEBUG block.SCMBlockDeletingService (DatanodeDeletedBlockTransactions.java:addTransactionToDN(50)) - Transaction added: ad4991cb-97ce-4dd6-b117-42e7f6b0816f <- TX(34)
2021-08-10 12:16:25,936 [SCMBlockDeletingService#0] DEBUG block.SCMBlockDeletingService (DatanodeDeletedBlockTransactions.java:addTransactionToDN(50)) - Transaction added: 01235482-5c07-4b37-86e9-3192ec4df84f <- TX(34)
2021-08-10 12:16:25,936 [SCMBlockDeletingService#0] DEBUG block.SCMBlockDeletingService (DatanodeDeletedBlockTransactions.java:addTransactionToDN(50)) - Transaction added: b13dbf35-3f05-4a51-87e4-7670ffffb89b <- TX(34)
2021-08-10 12:16:25,936 [SCMBlockDeletingService#0] DEBUG block.SCMBlockDeletingService (DatanodeDeletedBlockTransactions.java:addTransactionToDN(50)) - Transaction added: b13dbf35-3f05-4a51-87e4-7670ffffb89b <- TX(35)
2021-08-10 12:16:25,936 [SCMBlockDeletingService#0] DEBUG block.SCMBlockDeletingService (DatanodeDeletedBlockTransactions.java:addTransactionToDN(50)) - Transaction added: 01235482-5c07-4b37-86e9-3192ec4df84f <- TX(35)
2021-08-10 12:16:25,936 [SCMBlockDeletingService#0] DEBUG block.SCMBlockDeletingService (DatanodeDeletedBlockTransactions.java:addTransactionToDN(50)) - Transaction added: ad4991cb-97ce-4dd6-b117-42e7f6b0816f <- TX(35)
2021-08-10 12:16:25,936 [SCMBlockDeletingService#0] DEBUG block.SCMBlockDeletingService (DatanodeDeletedBlockTransactions.java:addTransactionToDN(50)) - Transaction added: ad4991cb-97ce-4dd6-b117-42e7f6b0816f <- TX(36)
2021-08-10 12:16:25,936 [SCMBlockDeletingService#0] DEBUG block.SCMBlockDeletingService (DatanodeDeletedBlockTransactions.java:addTransactionToDN(50)) - Transaction added: 01235482-5c07-4b37-86e9-3192ec4df84f <- TX(36)
2021-08-10 12:16:25,936 [SCMBlockDeletingService#0] DEBUG block.SCMBlockDeletingService (DatanodeDeletedBlockTransactions.java:addTransactionToDN(50)) - Transaction added: b13dbf35-3f05-4a51-87e4-7670ffffb89b <- TX(36)
2021-08-10 12:16:25,936 [SCMBlockDeletingService#0] DEBUG block.SCMBlockDeletingService (DatanodeDeletedBlockTransactions.java:addTransactionToDN(50)) - Transaction added: b13dbf35-3f05-4a51-87e4-7670ffffb89b <- TX(37)
2021-08-10 12:16:25,936 [SCMBlockDeletingService#0] DEBUG block.SCMBlockDeletingService (DatanodeDeletedBlockTransactions.java:addTransactionToDN(50)) - Transaction added: ad4991cb-97ce-4dd6-b117-42e7f6b0816f <- TX(37)
2021-08-10 12:16:25,936 [SCMBlockDeletingService#0] DEBUG block.SCMBlockDeletingService (DatanodeDeletedBlockTransactions.java:addTransactionToDN(50)) - Transaction added: 01235482-5c07-4b37-86e9-3192ec4df84f <- TX(37)
2021-08-10 12:16:25,936 [SCMBlockDeletingService#0] DEBUG block.SCMBlockDeletingService (DatanodeDeletedBlockTransactions.java:addTransactionToDN(50)) - Transaction added: ad4991cb-97ce-4dd6-b117-42e7f6b0816f <- TX(38)
2021-08-10 12:16:25,937 [SCMBlockDeletingService#0] DEBUG block.SCMBlockDeletingService (DatanodeDeletedBlockTransactions.java:addTransactionToDN(50)) - Transaction added: 01235482-5c07-4b37-86e9-3192ec4df84f <- TX(38)
2021-08-10 12:16:25,937 [SCMBlockDeletingService#0] DEBUG block.SCMBlockDeletingService (DatanodeDeletedBlockTransactions.java:addTransactionToDN(50)) - Transaction added: b13dbf35-3f05-4a51-87e4-7670ffffb89b <- TX(38)
2021-08-10 12:16:25,937 [SCMBlockDeletingService#0] DEBUG block.SCMBlockDeletingService (DatanodeDeletedBlockTransactions.java:addTransactionToDN(50)) - Transaction added: b13dbf35-3f05-4a51-87e4-7670ffffb89b <- TX(39)
2021-08-10 12:16:25,937 [SCMBlockDeletingService#0] DEBUG block.SCMBlockDeletingService (DatanodeDeletedBlockTransactions.java:addTransactionToDN(50)) - Transaction added: 01235482-5c07-4b37-86e9-3192ec4df84f <- TX(39)
2021-08-10 12:16:25,937 [SCMBlockDeletingService#0] DEBUG block.SCMBlockDeletingService (DatanodeDeletedBlockTransactions.java:addTransactionToDN(50)) - Transaction added: ad4991cb-97ce-4dd6-b117-42e7f6b0816f <- TX(39)
2021-08-10 12:16:25,937 [SCMBlockDeletingService#0] DEBUG block.SCMBlockDeletingService (DatanodeDeletedBlockTransactions.java:addTransactionToDN(50)) - Transaction added: 01235482-5c07-4b37-86e9-3192ec4df84f <- TX(40)
2021-08-10 12:16:25,937 [SCMBlockDeletingService#0] DEBUG block.SCMBlockDeletingService (DatanodeDeletedBlockTransactions.java:addTransactionToDN(50)) - Transaction added: b13dbf35-3f05-4a51-87e4-7670ffffb89b <- TX(40)
2021-08-10 12:16:25,937 [SCMBlockDeletingService#0] DEBUG block.SCMBlockDeletingService (DatanodeDeletedBlockTransactions.java:addTransactionToDN(50)) - Transaction added: ad4991cb-97ce-4dd6-b117-42e7f6b0816f <- TX(40)
2021-08-10 12:16:25,937 [SCMBlockDeletingService#0] DEBUG block.SCMBlockDeletingService (DatanodeDeletedBlockTransactions.java:addTransactionToDN(50)) - Transaction added: b13dbf35-3f05-4a51-87e4-7670ffffb89b <- TX(41)
2021-08-10 12:16:25,937 [SCMBlockDeletingService#0] DEBUG block.SCMBlockDeletingService (DatanodeDeletedBlockTransactions.java:addTransactionToDN(50)) - Transaction added: ad4991cb-97ce-4dd6-b117-42e7f6b0816f <- TX(41)
2021-08-10 12:16:25,937 [SCMBlockDeletingService#0] DEBUG block.SCMBlockDeletingService (DatanodeDeletedBlockTransactions.java:addTransactionToDN(50)) - Transaction added: 01235482-5c07-4b37-86e9-3192ec4df84f <- TX(41)
2021-08-10 12:16:25,937 [SCMBlockDeletingService#0] DEBUG block.SCMBlockDeletingService (DatanodeDeletedBlockTransactions.java:addTransactionToDN(50)) - Transaction added: 01235482-5c07-4b37-86e9-3192ec4df84f <- TX(42)
2021-08-10 12:16:25,937 [SCMBlockDeletingService#0] DEBUG block.SCMBlockDeletingService (DatanodeDeletedBlockTransactions.java:addTransactionToDN(50)) - Transaction added: b13dbf35-3f05-4a51-87e4-7670ffffb89b <- TX(42)
2021-08-10 12:16:25,937 [SCMBlockDeletingService#0] DEBUG block.SCMBlockDeletingService (DatanodeDeletedBlockTransactions.java:addTransactionToDN(50)) - Transaction added: ad4991cb-97ce-4dd6-b117-42e7f6b0816f <- TX(42)
2021-08-10 12:16:25,937 [SCMBlockDeletingService#0] DEBUG block.SCMBlockDeletingService (DatanodeDeletedBlockTransactions.java:addTransactionToDN(50)) - Transaction added: 01235482-5c07-4b37-86e9-3192ec4df84f <- TX(43)
2021-08-10 12:16:25,937 [SCMBlockDeletingService#0] DEBUG block.SCMBlockDeletingService (DatanodeDeletedBlockTransactions.java:addTransactionToDN(50)) - Transaction added: ad4991cb-97ce-4dd6-b117-42e7f6b0816f <- TX(43)
2021-08-10 12:16:25,937 [SCMBlockDeletingService#0] DEBUG block.SCMBlockDeletingService (DatanodeDeletedBlockTransactions.java:addTransactionToDN(50)) - Transaction added: b13dbf35-3f05-4a51-87e4-7670ffffb89b <- TX(43)
2021-08-10 12:16:25,937 [SCMBlockDeletingService#0] DEBUG block.SCMBlockDeletingService (DatanodeDeletedBlockTransactions.java:addTransactionToDN(50)) - Transaction added: b13dbf35-3f05-4a51-87e4-7670ffffb89b <- TX(44)
2021-08-10 12:16:25,937 [SCMBlockDeletingService#0] DEBUG block.SCMBlockDeletingService (DatanodeDeletedBlockTransactions.java:addTransactionToDN(50)) - Transaction added: ad4991cb-97ce-4dd6-b117-42e7f6b0816f <- TX(44)
2021-08-10 12:16:25,937 [SCMBlockDeletingService#0] DEBUG block.SCMBlockDeletingService (DatanodeDeletedBlockTransactions.java:addTransactionToDN(50)) - Transaction added: 01235482-5c07-4b37-86e9-3192ec4df84f <- TX(44)
2021-08-10 12:16:25,937 [SCMBlockDeletingService#0] DEBUG block.SCMBlockDeletingService (DatanodeDeletedBlockTransactions.java:addTransactionToDN(50)) - Transaction added: ad4991cb-97ce-4dd6-b117-42e7f6b0816f <- TX(45)
2021-08-10 12:16:25,937 [SCMBlockDeletingService#0] DEBUG block.SCMBlockDeletingService (DatanodeDeletedBlockTransactions.java:addTransactionToDN(50)) - Transaction added: 01235482-5c07-4b37-86e9-3192ec4df84f <- TX(45)
2021-08-10 12:16:25,937 [SCMBlockDeletingService#0] DEBUG block.SCMBlockDeletingService (DatanodeDeletedBlockTransactions.java:addTransactionToDN(50)) - Transaction added: b13dbf35-3f05-4a51-87e4-7670ffffb89b <- TX(45)
2021-08-10 12:16:25,938 [SCMBlockDeletingService#0] DEBUG block.SCMBlockDeletingService (DatanodeDeletedBlockTransactions.java:addTransactionToDN(50)) - Transaction added: b13dbf35-3f05-4a51-87e4-7670ffffb89b <- TX(46)
2021-08-10 12:16:25,938 [SCMBlockDeletingService#0] DEBUG block.SCMBlockDeletingService (DatanodeDeletedBlockTransactions.java:addTransactionToDN(50)) - Transaction added: ad4991cb-97ce-4dd6-b117-42e7f6b0816f <- TX(46)
2021-08-10 12:16:25,938 [SCMBlockDeletingService#0] DEBUG block.SCMBlockDeletingService (DatanodeDeletedBlockTransactions.java:addTransactionToDN(50)) - Transaction added: 01235482-5c07-4b37-86e9-3192ec4df84f <- TX(46)
2021-08-10 12:16:25,938 [SCMBlockDeletingService#0] DEBUG block.SCMBlockDeletingService (DatanodeDeletedBlockTransactions.java:addTransactionToDN(50)) - Transaction added: 01235482-5c07-4b37-86e9-3192ec4df84f <- TX(47)
2021-08-10 12:16:25,938 [SCMBlockDeletingService#0] DEBUG block.SCMBlockDeletingService (DatanodeDeletedBlockTransactions.java:addTransactionToDN(50)) - Transaction added: ad4991cb-97ce-4dd6-b117-42e7f6b0816f <- TX(47)
2021-08-10 12:16:25,938 [SCMBlockDeletingService#0] DEBUG block.SCMBlockDeletingService (DatanodeDeletedBlockTransactions.java:addTransactionToDN(50)) - Transaction added: b13dbf35-3f05-4a51-87e4-7670ffffb89b <- TX(47)
2021-08-10 12:16:25,938 [SCMBlockDeletingService#0] DEBUG block.SCMBlockDeletingService (DatanodeDeletedBlockTransactions.java:addTransactionToDN(50)) - Transaction added: b13dbf35-3f05-4a51-87e4-7670ffffb89b <- TX(48)
2021-08-10 12:16:25,938 [SCMBlockDeletingService#0] DEBUG block.SCMBlockDeletingService (DatanodeDeletedBlockTransactions.java:addTransactionToDN(50)) - Transaction added: ad4991cb-97ce-4dd6-b117-42e7f6b0816f <- TX(48)
2021-08-10 12:16:25,938 [SCMBlockDeletingService#0] DEBUG block.SCMBlockDeletingService (DatanodeDeletedBlockTransactions.java:addTransactionToDN(50)) - Transaction added: 01235482-5c07-4b37-86e9-3192ec4df84f <- TX(48)
2021-08-10 12:16:25,938 [SCMBlockDeletingService#0] DEBUG block.SCMBlockDeletingService (DatanodeDeletedBlockTransactions.java:addTransactionToDN(50)) - Transaction added: 01235482-5c07-4b37-86e9-3192ec4df84f <- TX(49)
2021-08-10 12:16:25,938 [SCMBlockDeletingService#0] DEBUG block.SCMBlockDeletingService (DatanodeDeletedBlockTransactions.java:addTransactionToDN(50)) - Transaction added: b13dbf35-3f05-4a51-87e4-7670ffffb89b <- TX(49)
2021-08-10 12:16:25,938 [SCMBlockDeletingService#0] DEBUG block.SCMBlockDeletingService (DatanodeDeletedBlockTransactions.java:addTransactionToDN(50)) - Transaction added: ad4991cb-97ce-4dd6-b117-42e7f6b0816f <- TX(49)
2021-08-10 12:16:25,938 [SCMBlockDeletingService#0] DEBUG block.SCMBlockDeletingService (DatanodeDeletedBlockTransactions.java:addTransactionToDN(50)) - Transaction added: ad4991cb-97ce-4dd6-b117-42e7f6b0816f <- TX(50)
2021-08-10 12:16:25,938 [SCMBlockDeletingService#0] DEBUG block.SCMBlockDeletingService (DatanodeDeletedBlockTransactions.java:addTransactionToDN(50)) - Transaction added: 01235482-5c07-4b37-86e9-3192ec4df84f <- TX(50)
2021-08-10 12:16:25,938 [SCMBlockDeletingService#0] DEBUG block.SCMBlockDeletingService (DatanodeDeletedBlockTransactions.java:addTransactionToDN(50)) - Transaction added: b13dbf35-3f05-4a51-87e4-7670ffffb89b <- TX(50)
2021-08-10 12:16:25,938 [SCMBlockDeletingService#0] DEBUG block.SCMBlockDeletingService (DatanodeDeletedBlockTransactions.java:addTransactionToDN(50)) - Transaction added: b13dbf35-3f05-4a51-87e4-7670ffffb89b <- TX(51)
2021-08-10 12:16:25,938 [SCMBlockDeletingService#0] DEBUG block.SCMBlockDeletingService (DatanodeDeletedBlockTransactions.java:addTransactionToDN(50)) - Transaction added: 01235482-5c07-4b37-86e9-3192ec4df84f <- TX(51)
2021-08-10 12:16:25,938 [SCMBlockDeletingService#0] DEBUG block.SCMBlockDeletingService (DatanodeDeletedBlockTransactions.java:addTransactionToDN(50)) - Transaction added: ad4991cb-97ce-4dd6-b117-42e7f6b0816f <- TX(51)
2021-08-10 12:16:25,938 [SCMBlockDeletingService#0] DEBUG block.SCMBlockDeletingService (DatanodeDeletedBlockTransactions.java:addTransactionToDN(50)) - Transaction added: ad4991cb-97ce-4dd6-b117-42e7f6b0816f <- TX(52)
2021-08-10 12:16:25,938 [SCMBlockDeletingService#0] DEBUG block.SCMBlockDeletingService (DatanodeDeletedBlockTransactions.java:addTransactionToDN(50)) - Transaction added: 01235482-5c07-4b37-86e9-3192ec4df84f <- TX(52)
2021-08-10 12:16:25,938 [SCMBlockDeletingService#0] DEBUG block.SCMBlockDeletingService (DatanodeDeletedBlockTransactions.java:addTransactionToDN(50)) - Transaction added: b13dbf35-3f05-4a51-87e4-7670ffffb89b <- TX(52)
2021-08-10 12:16:25,938 [SCMBlockDeletingService#0] DEBUG block.SCMBlockDeletingService (DatanodeDeletedBlockTransactions.java:addTransactionToDN(50)) - Transaction added: b13dbf35-3f05-4a51-87e4-7670ffffb89b <- TX(53)
2021-08-10 12:16:25,938 [SCMBlockDeletingService#0] DEBUG block.SCMBlockDeletingService (DatanodeDeletedBlockTransactions.java:addTransactionToDN(50)) - Transaction added: ad4991cb-97ce-4dd6-b117-42e7f6b0816f <- TX(53)
2021-08-10 12:16:25,939 [SCMBlockDeletingService#0] DEBUG block.SCMBlockDeletingService (DatanodeDeletedBlockTransactions.java:addTransactionToDN(50)) - Transaction added: 01235482-5c07-4b37-86e9-3192ec4df84f <- TX(53)
2021-08-10 12:16:25,939 [SCMBlockDeletingService#0] DEBUG block.SCMBlockDeletingService (DatanodeDeletedBlockTransactions.java:addTransactionToDN(50)) - Transaction added: ad4991cb-97ce-4dd6-b117-42e7f6b0816f <- TX(54)
2021-08-10 12:16:25,939 [SCMBlockDeletingService#0] DEBUG block.SCMBlockDeletingService (DatanodeDeletedBlockTransactions.java:addTransactionToDN(50)) - Transaction added: 01235482-5c07-4b37-86e9-3192ec4df84f <- TX(54)
2021-08-10 12:16:25,939 [SCMBlockDeletingService#0] DEBUG block.SCMBlockDeletingService (DatanodeDeletedBlockTransactions.java:addTransactionToDN(50)) - Transaction added: b13dbf35-3f05-4a51-87e4-7670ffffb89b <- TX(54)
2021-08-10 12:16:25,939 [SCMBlockDeletingService#0] DEBUG block.SCMBlockDeletingService (DatanodeDeletedBlockTransactions.java:addTransactionToDN(50)) - Transaction added: b13dbf35-3f05-4a51-87e4-7670ffffb89b <- TX(55)
2021-08-10 12:16:25,939 [SCMBlockDeletingService#0] DEBUG block.SCMBlockDeletingService (DatanodeDeletedBlockTransactions.java:addTransactionToDN(50)) - Transaction added: 01235482-5c07-4b37-86e9-3192ec4df84f <- TX(55)
2021-08-10 12:16:25,939 [SCMBlockDeletingService#0] DEBUG block.SCMBlockDeletingService (DatanodeDeletedBlockTransactions.java:addTransactionToDN(50)) - Transaction added: ad4991cb-97ce-4dd6-b117-42e7f6b0816f <- TX(55)
2021-08-10 12:16:25,939 [SCMBlockDeletingService#0] DEBUG block.SCMBlockDeletingService (DatanodeDeletedBlockTransactions.java:addTransactionToDN(50)) - Transaction added: 01235482-5c07-4b37-86e9-3192ec4df84f <- TX(56)
2021-08-10 12:16:25,939 [SCMBlockDeletingService#0] DEBUG block.SCMBlockDeletingService (DatanodeDeletedBlockTransactions.java:addTransactionToDN(50)) - Transaction added: b13dbf35-3f05-4a51-87e4-7670ffffb89b <- TX(56)
2021-08-10 12:16:25,939 [SCMBlockDeletingService#0] DEBUG block.SCMBlockDeletingService (DatanodeDeletedBlockTransactions.java:addTransactionToDN(50)) - Transaction added: ad4991cb-97ce-4dd6-b117-42e7f6b0816f <- TX(56)
2021-08-10 12:16:25,939 [SCMBlockDeletingService#0] DEBUG block.SCMBlockDeletingService (SCMBlockDeletingService.java:call(164)) - Added delete block command for datanode ad4991cb-97ce-4dd6-b117-42e7f6b0816f in the queue, number of delete block transactions: 56
2021-08-10 12:16:25,939 [SCMBlockDeletingService#0] DEBUG block.SCMBlockDeletingService (SCMBlockDeletingService.java:call(164)) - Added delete block command for datanode 01235482-5c07-4b37-86e9-3192ec4df84f in the queue, number of delete block transactions: 56
2021-08-10 12:16:25,939 [SCMBlockDeletingService#0] DEBUG block.SCMBlockDeletingService (SCMBlockDeletingService.java:call(164)) - Added delete block command for datanode b13dbf35-3f05-4a51-87e4-7670ffffb89b in the queue, number of delete block transactions: 56
2021-08-10 12:16:25,939 [SCMBlockDeletingService#0] INFO  block.SCMBlockDeletingService (SCMBlockDeletingService.java:call(174)) - Totally added 168 blocks to be deleted for 3 datanodes, task elapsed time: 7ms
2021-08-10 12:16:26,032 [SCMBlockDeletingService#0] DEBUG block.SCMBlockDeletingService (SCMBlockDeletingService.java:call(133)) - Running DeletedBlockTransactionScanner
2021-08-10 12:16:26,033 [SCMBlockDeletingService#0] DEBUG block.SCMBlockDeletingService (DatanodeDeletedBlockTransactions.java:addTransactionToDN(50)) - Transaction added: 01235482-5c07-4b37-86e9-3192ec4df84f <- TX(1)
2021-08-10 12:16:26,033 [SCMBlockDeletingService#0] DEBUG block.SCMBlockDeletingService (DatanodeDeletedBlockTransactions.java:addTransactionToDN(50)) - Transaction added: b13dbf35-3f05-4a51-87e4-7670ffffb89b <- TX(1)
2021-08-10 12:16:26,033 [SCMBlockDeletingService#0] DEBUG block.SCMBlockDeletingService (DatanodeDeletedBlockTransactions.java:addTransactionToDN(50)) - Transaction added: ad4991cb-97ce-4dd6-b117-42e7f6b0816f <- TX(1)
2021-08-10 12:16:26,033 [SCMBlockDeletingService#0] DEBUG block.SCMBlockDeletingService (DatanodeDeletedBlockTransactions.java:addTransactionToDN(50)) - Transaction added: ad4991cb-97ce-4dd6-b117-42e7f6b0816f <- TX(2)
2021-08-10 12:16:26,033 [SCMBlockDeletingService#0] DEBUG block.SCMBlockDeletingService (DatanodeDeletedBlockTransactions.java:addTransactionToDN(50)) - Transaction added: 01235482-5c07-4b37-86e9-3192ec4df84f <- TX(2)
2021-08-10 12:16:26,033 [SCMBlockDeletingService#0] DEBUG block.SCMBlockDeletingService (DatanodeDeletedBlockTransactions.java:addTransactionToDN(50)) - Transaction added: b13dbf35-3f05-4a51-87e4-7670ffffb89b <- TX(2)
2021-08-10 12:16:26,033 [SCMBlockDeletingService#0] DEBUG block.SCMBlockDeletingService (DatanodeDeletedBlockTransactions.java:addTransactionToDN(50)) - Transaction added: b13dbf35-3f05-4a51-87e4-7670ffffb89b <- TX(3)
2021-08-10 12:16:26,033 [SCMBlockDeletingService#0] DEBUG block.SCMBlockDeletingService (DatanodeDeletedBlockTransactions.java:addTransactionToDN(50)) - Transaction added: ad4991cb-97ce-4dd6-b117-42e7f6b0816f <- TX(3)
2021-08-10 12:16:26,033 [SCMBlockDeletingService#0] DEBUG block.SCMBlockDeletingService (DatanodeDeletedBlockTransactions.java:addTransactionToDN(50)) - Transaction added: 01235482-5c07-4b37-86e9-3192ec4df84f <- TX(3)
2021-08-10 12:16:26,033 [SCMBlockDeletingService#0] DEBUG block.SCMBlockDeletingService (DatanodeDeletedBlockTransactions.java:addTransactionToDN(50)) - Transaction added: ad4991cb-97ce-4dd6-b117-42e7f6b0816f <- TX(4)
2021-08-10 12:16:26,033 [SCMBlockDeletingService#0] DEBUG block.SCMBlockDeletingService (DatanodeDeletedBlockTransactions.java:addTransactionToDN(50)) - Transaction added: 01235482-5c07-4b37-86e9-3192ec4df84f <- TX(4)
2021-08-10 12:16:26,033 [SCMBlockDeletingService#0] DEBUG block.SCMBlockDeletingService (DatanodeDeletedBlockTransactions.java:addTransactionToDN(50)) - Transaction added: b13dbf35-3f05-4a51-87e4-7670ffffb89b <- TX(4)
2021-08-10 12:16:26,033 [SCMBlockDeletingService#0] DEBUG block.SCMBlockDeletingService (DatanodeDeletedBlockTransactions.java:addTransactionToDN(50)) - Transaction added: b13dbf35-3f05-4a51-87e4-7670ffffb89b <- TX(5)
2021-08-10 12:16:26,033 [SCMBlockDeletingService#0] DEBUG block.SCMBlockDeletingService (DatanodeDeletedBlockTransactions.java:addTransactionToDN(50)) - Transaction added: ad4991cb-97ce-4dd6-b117-42e7f6b0816f <- TX(5)
2021-08-10 12:16:26,033 [SCMBlockDeletingService#0] DEBUG block.SCMBlockDeletingService (DatanodeDeletedBlockTransactions.java:addTransactionToDN(50)) - Transaction added: 01235482-5c07-4b37-86e9-3192ec4df84f <- TX(5)
2021-08-10 12:16:26,033 [SCMBlockDeletingService#0] DEBUG block.SCMBlockDeletingService (DatanodeDeletedBlockTransactions.java:addTransactionToDN(50)) - Transaction added: ad4991cb-97ce-4dd6-b117-42e7f6b0816f <- TX(6)
2021-08-10 12:16:26,033 [SCMBlockDeletingService#0] DEBUG block.SCMBlockDeletingService (DatanodeDeletedBlockTransactions.java:addTransactionToDN(50)) - Transaction added: 01235482-5c07-4b37-86e9-3192ec4df84f <- TX(6)
2021-08-10 12:16:26,033 [SCMBlockDeletingService#0] DEBUG block.SCMBlockDeletingService (DatanodeDeletedBlockTransactions.java:addTransactionToDN(50)) - Transaction added: b13dbf35-3f05-4a51-87e4-7670ffffb89b <- TX(6)
2021-08-10 12:16:26,033 [SCMBlockDeletingService#0] DEBUG block.SCMBlockDeletingService (DatanodeDeletedBlockTransactions.java:addTransactionToDN(50)) - Transaction added: b13dbf35-3f05-4a51-87e4-7670ffffb89b <- TX(7)
2021-08-10 12:16:26,033 [SCMBlockDeletingService#0] DEBUG block.SCMBlockDeletingService (DatanodeDeletedBlockTransactions.java:addTransactionToDN(50)) - Transaction added: ad4991cb-97ce-4dd6-b117-42e7f6b0816f <- TX(7)
2021-08-10 12:16:26,033 [SCMBlockDeletingService#0] DEBUG block.SCMBlockDeletingService (DatanodeDeletedBlockTransactions.java:addTransactionToDN(50)) - Transaction added: 01235482-5c07-4b37-86e9-3192ec4df84f <- TX(7)
2021-08-10 12:16:26,033 [SCMBlockDeletingService#0] DEBUG block.SCMBlockDeletingService (DatanodeDeletedBlockTransactions.java:addTransactionToDN(50)) - Transaction added: 01235482-5c07-4b37-86e9-3192ec4df84f <- TX(8)
2021-08-10 12:16:26,033 [SCMBlockDeletingService#0] DEBUG block.SCMBlockDeletingService (DatanodeDeletedBlockTransactions.java:addTransactionToDN(50)) - Transaction added: b13dbf35-3f05-4a51-87e4-7670ffffb89b <- TX(8)
2021-08-10 12:16:26,033 [SCMBlockDeletingService#0] DEBUG block.SCMBlockDeletingService (DatanodeDeletedBlockTransactions.java:addTransactionToDN(50)) - Transaction added: ad4991cb-97ce-4dd6-b117-42e7f6b0816f <- TX(8)
2021-08-10 12:16:26,033 [SCMBlockDeletingService#0] DEBUG block.SCMBlockDeletingService (DatanodeDeletedBlockTransactions.java:addTransactionToDN(50)) - Transaction added: b13dbf35-3f05-4a51-87e4-7670ffffb89b <- TX(9)
2021-08-10 12:16:26,033 [SCMBlockDeletingService#0] DEBUG block.SCMBlockDeletingService (DatanodeDeletedBlockTransactions.java:addTransactionToDN(50)) - Transaction added: ad4991cb-97ce-4dd6-b117-42e7f6b0816f <- TX(9)
2021-08-10 12:16:26,033 [SCMBlockDeletingService#0] DEBUG block.SCMBlockDeletingService (DatanodeDeletedBlockTransactions.java:addTransactionToDN(50)) - Transaction added: 01235482-5c07-4b37-86e9-3192ec4df84f <- TX(9)
2021-08-10 12:16:26,033 [SCMBlockDeletingService#0] DEBUG block.SCMBlockDeletingService (DatanodeDeletedBlockTransactions.java:addTransactionToDN(50)) - Transaction added: 01235482-5c07-4b37-86e9-3192ec4df84f <- TX(10)
2021-08-10 12:16:26,033 [SCMBlockDeletingService#0] DEBUG block.SCMBlockDeletingService (DatanodeDeletedBlockTransactions.java:addTransactionToDN(50)) - Transaction added: b13dbf35-3f05-4a51-87e4-7670ffffb89b <- TX(10)
2021-08-10 12:16:26,033 [SCMBlockDeletingService#0] DEBUG block.SCMBlockDeletingService (DatanodeDeletedBlockTransactions.java:addTransactionToDN(50)) - Transaction added: ad4991cb-97ce-4dd6-b117-42e7f6b0816f <- TX(10)
2021-08-10 12:16:26,033 [SCMBlockDeletingService#0] DEBUG block.SCMBlockDeletingService (DatanodeDeletedBlockTransactions.java:addTransactionToDN(50)) - Transaction added: ad4991cb-97ce-4dd6-b117-42e7f6b0816f <- TX(11)
2021-08-10 12:16:26,033 [SCMBlockDeletingService#0] DEBUG block.SCMBlockDeletingService (DatanodeDeletedBlockTransactions.java:addTransactionToDN(50)) - Transaction added: 01235482-5c07-4b37-86e9-3192ec4df84f <- TX(11)
2021-08-10 12:16:26,033 [SCMBlockDeletingService#0] DEBUG block.SCMBlockDeletingService (DatanodeDeletedBlockTransactions.java:addTransactionToDN(50)) - Transaction added: b13dbf35-3f05-4a51-87e4-7670ffffb89b <- TX(11)
2021-08-10 12:16:26,033 [SCMBlockDeletingService#0] DEBUG block.SCMBlockDeletingService (DatanodeDeletedBlockTransactions.java:addTransactionToDN(50)) - Transaction added: b13dbf35-3f05-4a51-87e4-7670ffffb89b <- TX(12)
2021-08-10 12:16:26,033 [SCMBlockDeletingService#0] DEBUG block.SCMBlockDeletingService (DatanodeDeletedBlockTransactions.java:addTransactionToDN(50)) - Transaction added: ad4991cb-97ce-4dd6-b117-42e7f6b0816f <- TX(12)
2021-08-10 12:16:26,033 [SCMBlockDeletingService#0] DEBUG block.SCMBlockDeletingService (DatanodeDeletedBlockTransactions.java:addTransactionToDN(50)) - Transaction added: 01235482-5c07-4b37-86e9-3192ec4df84f <- TX(12)
2021-08-10 12:16:26,034 [SCMBlockDeletingService#0] DEBUG block.SCMBlockDeletingService (DatanodeDeletedBlockTransactions.java:addTransactionToDN(50)) - Transaction added: ad4991cb-97ce-4dd6-b117-42e7f6b0816f <- TX(13)
2021-08-10 12:16:26,034 [SCMBlockDeletingService#0] DEBUG block.SCMBlockDeletingService (DatanodeDeletedBlockTransactions.java:addTransactionToDN(50)) - Transaction added: 01235482-5c07-4b37-86e9-3192ec4df84f <- TX(13)
2021-08-10 12:16:26,034 [SCMBlockDeletingService#0] DEBUG block.SCMBlockDeletingService (DatanodeDeletedBlockTransactions.java:addTransactionToDN(50)) - Transaction added: b13dbf35-3f05-4a51-87e4-7670ffffb89b <- TX(13)
2021-08-10 12:16:26,034 [SCMBlockDeletingService#0] DEBUG block.SCMBlockDeletingService (DatanodeDeletedBlockTransactions.java:addTransactionToDN(50)) - Transaction added: b13dbf35-3f05-4a51-87e4-7670ffffb89b <- TX(14)
2021-08-10 12:16:26,034 [SCMBlockDeletingService#0] DEBUG block.SCMBlockDeletingService (DatanodeDeletedBlockTransactions.java:addTransactionToDN(50)) - Transaction added: ad4991cb-97ce-4dd6-b117-42e7f6b0816f <- TX(14)
2021-08-10 12:16:26,034 [SCMBlockDeletingService#0] DEBUG block.SCMBlockDeletingService (DatanodeDeletedBlockTransactions.java:addTransactionToDN(50)) - Transaction added: 01235482-5c07-4b37-86e9-3192ec4df84f <- TX(14)
2021-08-10 12:16:26,034 [SCMBlockDeletingService#0] DEBUG block.SCMBlockDeletingService (DatanodeDeletedBlockTransactions.java:addTransactionToDN(50)) - Transaction added: ad4991cb-97ce-4dd6-b117-42e7f6b0816f <- TX(15)
2021-08-10 12:16:26,034 [SCMBlockDeletingService#0] DEBUG block.SCMBlockDeletingService (DatanodeDeletedBlockTransactions.java:addTransactionToDN(50)) - Transaction added: 01235482-5c07-4b37-86e9-3192ec4df84f <- TX(15)
2021-08-10 12:16:26,034 [SCMBlockDeletingService#0] DEBUG block.SCMBlockDeletingService (DatanodeDeletedBlockTransactions.java:addTransactionToDN(50)) - Transaction added: b13dbf35-3f05-4a51-87e4-7670ffffb89b <- TX(15)
2021-08-10 12:16:26,034 [SCMBlockDeletingService#0] DEBUG block.SCMBlockDeletingService (DatanodeDeletedBlockTransactions.java:addTransactionToDN(50)) - Transaction added: b13dbf35-3f05-4a51-87e4-7670ffffb89b <- TX(16)
2021-08-10 12:16:26,034 [SCMBlockDeletingService#0] DEBUG block.SCMBlockDeletingService (DatanodeDeletedBlockTransactions.java:addTransactionToDN(50)) - Transaction added: ad4991cb-97ce-4dd6-b117-42e7f6b0816f <- TX(16)
2021-08-10 12:16:26,034 [SCMBlockDeletingService#0] DEBUG block.SCMBlockDeletingService (DatanodeDeletedBlockTransactions.java:addTransactionToDN(50)) - Transaction added: 01235482-5c07-4b37-86e9-3192ec4df84f <- TX(16)
2021-08-10 12:16:26,034 [SCMBlockDeletingService#0] DEBUG block.SCMBlockDeletingService (DatanodeDeletedBlockTransactions.java:addTransactionToDN(50)) - Transaction added: 01235482-5c07-4b37-86e9-3192ec4df84f <- TX(17)
2021-08-10 12:16:26,034 [SCMBlockDeletingService#0] DEBUG block.SCMBlockDeletingService (DatanodeDeletedBlockTransactions.java:addTransactionToDN(50)) - Transaction added: b13dbf35-3f05-4a51-87e4-7670ffffb89b <- TX(17)
2021-08-10 12:16:26,034 [SCMBlockDeletingService#0] DEBUG block.SCMBlockDeletingService (DatanodeDeletedBlockTransactions.java:addTransactionToDN(50)) - Transaction added: ad4991cb-97ce-4dd6-b117-42e7f6b0816f <- TX(17)
2021-08-10 12:16:26,034 [SCMBlockDeletingService#0] DEBUG block.SCMBlockDeletingService (DatanodeDeletedBlockTransactions.java:addTransactionToDN(50)) - Transaction added: ad4991cb-97ce-4dd6-b117-42e7f6b0816f <- TX(18)
2021-08-10 12:16:26,034 [SCMBlockDeletingService#0] DEBUG block.SCMBlockDeletingService (DatanodeDeletedBlockTransactions.java:addTransactionToDN(50)) - Transaction added: 01235482-5c07-4b37-86e9-3192ec4df84f <- TX(18)
2021-08-10 12:16:26,034 [SCMBlockDeletingService#0] DEBUG block.SCMBlockDeletingService (DatanodeDeletedBlockTransactions.java:addTransactionToDN(50)) - Transaction added: b13dbf35-3f05-4a51-87e4-7670ffffb89b <- TX(18)
2021-08-10 12:16:26,034 [SCMBlockDeletingService#0] DEBUG block.SCMBlockDeletingService (DatanodeDeletedBlockTransactions.java:addTransactionToDN(50)) - Transaction added: b13dbf35-3f05-4a51-87e4-7670ffffb89b <- TX(19)
2021-08-10 12:16:26,034 [SCMBlockDeletingService#0] DEBUG block.SCMBlockDeletingService (DatanodeDeletedBlockTransactions.java:addTransactionToDN(50)) - Transaction added: ad4991cb-97ce-4dd6-b117-42e7f6b0816f <- TX(19)
2021-08-10 12:16:26,034 [SCMBlockDeletingService#0] DEBUG block.SCMBlockDeletingService (DatanodeDeletedBlockTransactions.java:addTransactionToDN(50)) - Transaction added: 01235482-5c07-4b37-86e9-3192ec4df84f <- TX(19)
2021-08-10 12:16:26,034 [SCMBlockDeletingService#0] DEBUG block.SCMBlockDeletingService (DatanodeDeletedBlockTransactions.java:addTransactionToDN(50)) - Transaction added: ad4991cb-97ce-4dd6-b117-42e7f6b0816f <- TX(20)
2021-08-10 12:16:26,034 [SCMBlockDeletingService#0] DEBUG block.SCMBlockDeletingService (DatanodeDeletedBlockTransactions.java:addTransactionToDN(50)) - Transaction added: 01235482-5c07-4b37-86e9-3192ec4df84f <- TX(20)
2021-08-10 12:16:26,034 [SCMBlockDeletingService#0] DEBUG block.SCMBlockDeletingService (DatanodeDeletedBlockTransactions.java:addTransactionToDN(50)) - Transaction added: b13dbf35-3f05-4a51-87e4-7670ffffb89b <- TX(20)
2021-08-10 12:16:26,034 [SCMBlockDeletingService#0] DEBUG block.SCMBlockDeletingService (DatanodeDeletedBlockTransactions.java:addTransactionToDN(50)) - Transaction added: b13dbf35-3f05-4a51-87e4-7670ffffb89b <- TX(21)
2021-08-10 12:16:26,034 [SCMBlockDeletingService#0] DEBUG block.SCMBlockDeletingService (DatanodeDeletedBlockTransactions.java:addTransactionToDN(50)) - Transaction added: ad4991cb-97ce-4dd6-b117-42e7f6b0816f <- TX(21)
2021-08-10 12:16:26,034 [SCMBlockDeletingService#0] DEBUG block.SCMBlockDeletingService (DatanodeDeletedBlockTransactions.java:addTransactionToDN(50)) - Transaction added: 01235482-5c07-4b37-86e9-3192ec4df84f <- TX(21)
2021-08-10 12:16:26,034 [SCMBlockDeletingService#0] DEBUG block.SCMBlockDeletingService (DatanodeDeletedBlockTransactions.java:addTransactionToDN(50)) - Transaction added: ad4991cb-97ce-4dd6-b117-42e7f6b0816f <- TX(22)
2021-08-10 12:16:26,034 [SCMBlockDeletingService#0] DEBUG block.SCMBlockDeletingService (DatanodeDeletedBlockTransactions.java:addTransactionToDN(50)) - Transaction added: 01235482-5c07-4b37-86e9-3192ec4df84f <- TX(22)
2021-08-10 12:16:26,034 [SCMBlockDeletingService#0] DEBUG block.SCMBlockDeletingService (DatanodeDeletedBlockTransactions.java:addTransactionToDN(50)) - Transaction added: b13dbf35-3f05-4a51-87e4-7670ffffb89b <- TX(22)
2021-08-10 12:16:26,034 [SCMBlockDeletingService#0] DEBUG block.SCMBlockDeletingService (DatanodeDeletedBlockTransactions.java:addTransactionToDN(50)) - Transaction added: b13dbf35-3f05-4a51-87e4-7670ffffb89b <- TX(23)
2021-08-10 12:16:26,034 [SCMBlockDeletingService#0] DEBUG block.SCMBlockDeletingService (DatanodeDeletedBlockTransactions.java:addTransactionToDN(50)) - Transaction added: ad4991cb-97ce-4dd6-b117-42e7f6b0816f <- TX(23)
2021-08-10 12:16:26,034 [SCMBlockDeletingService#0] DEBUG block.SCMBlockDeletingService (DatanodeDeletedBlockTransactions.java:addTransactionToDN(50)) - Transaction added: 01235482-5c07-4b37-86e9-3192ec4df84f <- TX(23)
2021-08-10 12:16:26,034 [SCMBlockDeletingService#0] DEBUG block.SCMBlockDeletingService (DatanodeDeletedBlockTransactions.java:addTransactionToDN(50)) - Transaction added: 01235482-5c07-4b37-86e9-3192ec4df84f <- TX(24)
2021-08-10 12:16:26,034 [SCMBlockDeletingService#0] DEBUG block.SCMBlockDeletingService (DatanodeDeletedBlockTransactions.java:addTransactionToDN(50)) - Transaction added: b13dbf35-3f05-4a51-87e4-7670ffffb89b <- TX(24)
2021-08-10 12:16:26,034 [SCMBlockDeletingService#0] DEBUG block.SCMBlockDeletingService (DatanodeDeletedBlockTransactions.java:addTransactionToDN(50)) - Transaction added: ad4991cb-97ce-4dd6-b117-42e7f6b0816f <- TX(24)
2021-08-10 12:16:26,034 [SCMBlockDeletingService#0] DEBUG block.SCMBlockDeletingService (DatanodeDeletedBlockTransactions.java:addTransactionToDN(50)) - Transaction added: b13dbf35-3f05-4a51-87e4-7670ffffb89b <- TX(25)
2021-08-10 12:16:26,034 [SCMBlockDeletingService#0] DEBUG block.SCMBlockDeletingService (DatanodeDeletedBlockTransactions.java:addTransactionToDN(50)) - Transaction added: ad4991cb-97ce-4dd6-b117-42e7f6b0816f <- TX(25)
2021-08-10 12:16:26,034 [SCMBlockDeletingService#0] DEBUG block.SCMBlockDeletingService (DatanodeDeletedBlockTransactions.java:addTransactionToDN(50)) - Transaction added: 01235482-5c07-4b37-86e9-3192ec4df84f <- TX(25)
2021-08-10 12:16:26,035 [SCMBlockDeletingService#0] DEBUG block.SCMBlockDeletingService (DatanodeDeletedBlockTransactions.java:addTransactionToDN(50)) - Transaction added: 01235482-5c07-4b37-86e9-3192ec4df84f <- TX(26)
2021-08-10 12:16:26,035 [SCMBlockDeletingService#0] DEBUG block.SCMBlockDeletingService (DatanodeDeletedBlockTransactions.java:addTransactionToDN(50)) - Transaction added: b13dbf35-3f05-4a51-87e4-7670ffffb89b <- TX(26)
2021-08-10 12:16:26,035 [SCMBlockDeletingService#0] DEBUG block.SCMBlockDeletingService (DatanodeDeletedBlockTransactions.java:addTransactionToDN(50)) - Transaction added: ad4991cb-97ce-4dd6-b117-42e7f6b0816f <- TX(26)
2021-08-10 12:16:26,035 [SCMBlockDeletingService#0] DEBUG block.SCMBlockDeletingService (DatanodeDeletedBlockTransactions.java:addTransactionToDN(50)) - Transaction added: ad4991cb-97ce-4dd6-b117-42e7f6b0816f <- TX(27)
2021-08-10 12:16:26,035 [SCMBlockDeletingService#0] DEBUG block.SCMBlockDeletingService (DatanodeDeletedBlockTransactions.java:addTransactionToDN(50)) - Transaction added: 01235482-5c07-4b37-86e9-3192ec4df84f <- TX(27)
2021-08-10 12:16:26,035 [SCMBlockDeletingService#0] DEBUG block.SCMBlockDeletingService (DatanodeDeletedBlockTransactions.java:addTransactionToDN(50)) - Transaction added: b13dbf35-3f05-4a51-87e4-7670ffffb89b <- TX(27)
2021-08-10 12:16:26,035 [SCMBlockDeletingService#0] DEBUG block.SCMBlockDeletingService (DatanodeDeletedBlockTransactions.java:addTransactionToDN(50)) - Transaction added: b13dbf35-3f05-4a51-87e4-7670ffffb89b <- TX(28)
2021-08-10 12:16:26,035 [SCMBlockDeletingService#0] DEBUG block.SCMBlockDeletingService (DatanodeDeletedBlockTransactions.java:addTransactionToDN(50)) - Transaction added: ad4991cb-97ce-4dd6-b117-42e7f6b0816f <- TX(28)
2021-08-10 12:16:26,035 [SCMBlockDeletingService#0] DEBUG block.SCMBlockDeletingService (DatanodeDeletedBlockTransactions.java:addTransactionToDN(50)) - Transaction added: 01235482-5c07-4b37-86e9-3192ec4df84f <- TX(28)
2021-08-10 12:16:26,035 [SCMBlockDeletingService#0] DEBUG block.SCMBlockDeletingService (DatanodeDeletedBlockTransactions.java:addTransactionToDN(50)) - Transaction added: ad4991cb-97ce-4dd6-b117-42e7f6b0816f <- TX(29)
2021-08-10 12:16:26,035 [SCMBlockDeletingService#0] DEBUG block.SCMBlockDeletingService (DatanodeDeletedBlockTransactions.java:addTransactionToDN(50)) - Transaction added: 01235482-5c07-4b37-86e9-3192ec4df84f <- TX(29)
2021-08-10 12:16:26,035 [SCMBlockDeletingService#0] DEBUG block.SCMBlockDeletingService (DatanodeDeletedBlockTransactions.java:addTransactionToDN(50)) - Transaction added: b13dbf35-3f05-4a51-87e4-7670ffffb89b <- TX(29)
2021-08-10 12:16:26,035 [SCMBlockDeletingService#0] DEBUG block.SCMBlockDeletingService (DatanodeDeletedBlockTransactions.java:addTransactionToDN(50)) - Transaction added: b13dbf35-3f05-4a51-87e4-7670ffffb89b <- TX(30)
2021-08-10 12:16:26,035 [SCMBlockDeletingService#0] DEBUG block.SCMBlockDeletingService (DatanodeDeletedBlockTransactions.java:addTransactionToDN(50)) - Transaction added: ad4991cb-97ce-4dd6-b117-42e7f6b0816f <- TX(30)
2021-08-10 12:16:26,035 [SCMBlockDeletingService#0] DEBUG block.SCMBlockDeletingService (DatanodeDeletedBlockTransactions.java:addTransactionToDN(50)) - Transaction added: 01235482-5c07-4b37-86e9-3192ec4df84f <- TX(30)
2021-08-10 12:16:26,035 [SCMBlockDeletingService#0] DEBUG block.SCMBlockDeletingService (DatanodeDeletedBlockTransactions.java:addTransactionToDN(50)) - Transaction added: ad4991cb-97ce-4dd6-b117-42e7f6b0816f <- TX(31)
2021-08-10 12:16:26,035 [SCMBlockDeletingService#0] DEBUG block.SCMBlockDeletingService (DatanodeDeletedBlockTransactions.java:addTransactionToDN(50)) - Transaction added: 01235482-5c07-4b37-86e9-3192ec4df84f <- TX(31)
2021-08-10 12:16:26,035 [SCMBlockDeletingService#0] DEBUG block.SCMBlockDeletingService (DatanodeDeletedBlockTransactions.java:addTransactionToDN(50)) - Transaction added: b13dbf35-3f05-4a51-87e4-7670ffffb89b <- TX(31)
2021-08-10 12:16:26,035 [SCMBlockDeletingService#0] DEBUG block.SCMBlockDeletingService (DatanodeDeletedBlockTransactions.java:addTransactionToDN(50)) - Transaction added: b13dbf35-3f05-4a51-87e4-7670ffffb89b <- TX(32)
2021-08-10 12:16:26,035 [SCMBlockDeletingService#0] DEBUG block.SCMBlockDeletingService (DatanodeDeletedBlockTransactions.java:addTransactionToDN(50)) - Transaction added: ad4991cb-97ce-4dd6-b117-42e7f6b0816f <- TX(32)
2021-08-10 12:16:26,035 [SCMBlockDeletingService#0] DEBUG block.SCMBlockDeletingService (DatanodeDeletedBlockTransactions.java:addTransactionToDN(50)) - Transaction added: 01235482-5c07-4b37-86e9-3192ec4df84f <- TX(32)
2021-08-10 12:16:26,035 [SCMBlockDeletingService#0] DEBUG block.SCMBlockDeletingService (DatanodeDeletedBlockTransactions.java:addTransactionToDN(50)) - Transaction added: 01235482-5c07-4b37-86e9-3192ec4df84f <- TX(33)
2021-08-10 12:16:26,035 [SCMBlockDeletingService#0] DEBUG block.SCMBlockDeletingService (DatanodeDeletedBlockTransactions.java:addTransactionToDN(50)) - Transaction added: b13dbf35-3f05-4a51-87e4-7670ffffb89b <- TX(33)
2021-08-10 12:16:26,035 [SCMBlockDeletingService#0] DEBUG block.SCMBlockDeletingService (DatanodeDeletedBlockTransactions.java:addTransactionToDN(50)) - Transaction added: ad4991cb-97ce-4dd6-b117-42e7f6b0816f <- TX(33)
2021-08-10 12:16:26,035 [SCMBlockDeletingService#0] DEBUG block.SCMBlockDeletingService (DatanodeDeletedBlockTransactions.java:addTransactionToDN(50)) - Transaction added: ad4991cb-97ce-4dd6-b117-42e7f6b0816f <- TX(34)
2021-08-10 12:16:26,035 [SCMBlockDeletingService#0] DEBUG block.SCMBlockDeletingService (DatanodeDeletedBlockTransactions.java:addTransactionToDN(50)) - Transaction added: 01235482-5c07-4b37-86e9-3192ec4df84f <- TX(34)
2021-08-10 12:16:26,035 [SCMBlockDeletingService#0] DEBUG block.SCMBlockDeletingService (DatanodeDeletedBlockTransactions.java:addTransactionToDN(50)) - Transaction added: b13dbf35-3f05-4a51-87e4-7670ffffb89b <- TX(34)
2021-08-10 12:16:26,035 [SCMBlockDeletingService#0] DEBUG block.SCMBlockDeletingService (DatanodeDeletedBlockTransactions.java:addTransactionToDN(50)) - Transaction added: b13dbf35-3f05-4a51-87e4-7670ffffb89b <- TX(35)
2021-08-10 12:16:26,035 [SCMBlockDeletingService#0] DEBUG block.SCMBlockDeletingService (DatanodeDeletedBlockTransactions.java:addTransactionToDN(50)) - Transaction added: ad4991cb-97ce-4dd6-b117-42e7f6b0816f <- TX(35)
2021-08-10 12:16:26,035 [SCMBlockDeletingService#0] DEBUG block.SCMBlockDeletingService (DatanodeDeletedBlockTransactions.java:addTransactionToDN(50)) - Transaction added: 01235482-5c07-4b37-86e9-3192ec4df84f <- TX(35)
2021-08-10 12:16:26,035 [SCMBlockDeletingService#0] DEBUG block.SCMBlockDeletingService (DatanodeDeletedBlockTransactions.java:addTransactionToDN(50)) - Transaction added: ad4991cb-97ce-4dd6-b117-42e7f6b0816f <- TX(36)
2021-08-10 12:16:26,035 [SCMBlockDeletingService#0] DEBUG block.SCMBlockDeletingService (DatanodeDeletedBlockTransactions.java:addTransactionToDN(50)) - Transaction added: 01235482-5c07-4b37-86e9-3192ec4df84f <- TX(36)
2021-08-10 12:16:26,035 [SCMBlockDeletingService#0] DEBUG block.SCMBlockDeletingService (DatanodeDeletedBlockTransactions.java:addTransactionToDN(50)) - Transaction added: b13dbf35-3f05-4a51-87e4-7670ffffb89b <- TX(36)
2021-08-10 12:16:26,035 [SCMBlockDeletingService#0] DEBUG block.SCMBlockDeletingService (DatanodeDeletedBlockTransactions.java:addTransactionToDN(50)) - Transaction added: b13dbf35-3f05-4a51-87e4-7670ffffb89b <- TX(37)
2021-08-10 12:16:26,035 [SCMBlockDeletingService#0] DEBUG block.SCMBlockDeletingService (DatanodeDeletedBlockTransactions.java:addTransactionToDN(50)) - Transaction added: ad4991cb-97ce-4dd6-b117-42e7f6b0816f <- TX(37)
2021-08-10 12:16:26,035 [SCMBlockDeletingService#0] DEBUG block.SCMBlockDeletingService (DatanodeDeletedBlockTransactions.java:addTransactionToDN(50)) - Transaction added: 01235482-5c07-4b37-86e9-3192ec4df84f <- TX(37)
2021-08-10 12:16:26,035 [SCMBlockDeletingService#0] DEBUG block.SCMBlockDeletingService (DatanodeDeletedBlockTransactions.java:addTransactionToDN(50)) - Transaction added: ad4991cb-97ce-4dd6-b117-42e7f6b0816f <- TX(38)
2021-08-10 12:16:26,036 [SCMBlockDeletingService#0] DEBUG block.SCMBlockDeletingService (DatanodeDeletedBlockTransactions.java:addTransactionToDN(50)) - Transaction added: 01235482-5c07-4b37-86e9-3192ec4df84f <- TX(38)
2021-08-10 12:16:26,036 [SCMBlockDeletingService#0] DEBUG block.SCMBlockDeletingService (DatanodeDeletedBlockTransactions.java:addTransactionToDN(50)) - Transaction added: b13dbf35-3f05-4a51-87e4-7670ffffb89b <- TX(38)
2021-08-10 12:16:26,036 [SCMBlockDeletingService#0] DEBUG block.SCMBlockDeletingService (DatanodeDeletedBlockTransactions.java:addTransactionToDN(50)) - Transaction added: b13dbf35-3f05-4a51-87e4-7670ffffb89b <- TX(39)
2021-08-10 12:16:26,036 [SCMBlockDeletingService#0] DEBUG block.SCMBlockDeletingService (DatanodeDeletedBlockTransactions.java:addTransactionToDN(50)) - Transaction added: ad4991cb-97ce-4dd6-b117-42e7f6b0816f <- TX(39)
2021-08-10 12:16:26,037 [SCMBlockDeletingService#0] DEBUG block.SCMBlockDeletingService (DatanodeDeletedBlockTransactions.java:addTransactionToDN(50)) - Transaction added: 01235482-5c07-4b37-86e9-3192ec4df84f <- TX(39)
2021-08-10 12:16:26,037 [SCMBlockDeletingService#0] DEBUG block.SCMBlockDeletingService (DatanodeDeletedBlockTransactions.java:addTransactionToDN(50)) - Transaction added: 01235482-5c07-4b37-86e9-3192ec4df84f <- TX(40)
2021-08-10 12:16:26,037 [SCMBlockDeletingService#0] DEBUG block.SCMBlockDeletingService (DatanodeDeletedBlockTransactions.java:addTransactionToDN(50)) - Transaction added: b13dbf35-3f05-4a51-87e4-7670ffffb89b <- TX(40)
2021-08-10 12:16:26,037 [SCMBlockDeletingService#0] DEBUG block.SCMBlockDeletingService (DatanodeDeletedBlockTransactions.java:addTransactionToDN(50)) - Transaction added: ad4991cb-97ce-4dd6-b117-42e7f6b0816f <- TX(40)
2021-08-10 12:16:26,037 [SCMBlockDeletingService#0] DEBUG block.SCMBlockDeletingService (DatanodeDeletedBlockTransactions.java:addTransactionToDN(50)) - Transaction added: b13dbf35-3f05-4a51-87e4-7670ffffb89b <- TX(41)
2021-08-10 12:16:26,037 [SCMBlockDeletingService#0] DEBUG block.SCMBlockDeletingService (DatanodeDeletedBlockTransactions.java:addTransactionToDN(50)) - Transaction added: ad4991cb-97ce-4dd6-b117-42e7f6b0816f <- TX(41)
2021-08-10 12:16:26,037 [SCMBlockDeletingService#0] DEBUG block.SCMBlockDeletingService (DatanodeDeletedBlockTransactions.java:addTransactionToDN(50)) - Transaction added: 01235482-5c07-4b37-86e9-3192ec4df84f <- TX(41)
2021-08-10 12:16:26,037 [SCMBlockDeletingService#0] DEBUG block.SCMBlockDeletingService (DatanodeDeletedBlockTransactions.java:addTransactionToDN(50)) - Transaction added: 01235482-5c07-4b37-86e9-3192ec4df84f <- TX(42)
2021-08-10 12:16:26,037 [SCMBlockDeletingService#0] DEBUG block.SCMBlockDeletingService (DatanodeDeletedBlockTransactions.java:addTransactionToDN(50)) - Transaction added: b13dbf35-3f05-4a51-87e4-7670ffffb89b <- TX(42)
2021-08-10 12:16:26,037 [SCMBlockDeletingService#0] DEBUG block.SCMBlockDeletingService (DatanodeDeletedBlockTransactions.java:addTransactionToDN(50)) - Transaction added: ad4991cb-97ce-4dd6-b117-42e7f6b0816f <- TX(42)
2021-08-10 12:16:26,037 [SCMBlockDeletingService#0] DEBUG block.SCMBlockDeletingService (DatanodeDeletedBlockTransactions.java:addTransactionToDN(50)) - Transaction added: ad4991cb-97ce-4dd6-b117-42e7f6b0816f <- TX(43)
2021-08-10 12:16:26,037 [SCMBlockDeletingService#0] DEBUG block.SCMBlockDeletingService (DatanodeDeletedBlockTransactions.java:addTransactionToDN(50)) - Transaction added: 01235482-5c07-4b37-86e9-3192ec4df84f <- TX(43)
2021-08-10 12:16:26,037 [SCMBlockDeletingService#0] DEBUG block.SCMBlockDeletingService (DatanodeDeletedBlockTransactions.java:addTransactionToDN(50)) - Transaction added: b13dbf35-3f05-4a51-87e4-7670ffffb89b <- TX(43)
2021-08-10 12:16:26,037 [SCMBlockDeletingService#0] DEBUG block.SCMBlockDeletingService (DatanodeDeletedBlockTransactions.java:addTransactionToDN(50)) - Transaction added: b13dbf35-3f05-4a51-87e4-7670ffffb89b <- TX(44)
2021-08-10 12:16:26,037 [SCMBlockDeletingService#0] DEBUG block.SCMBlockDeletingService (DatanodeDeletedBlockTransactions.java:addTransactionToDN(50)) - Transaction added: ad4991cb-97ce-4dd6-b117-42e7f6b0816f <- TX(44)
2021-08-10 12:16:26,037 [SCMBlockDeletingService#0] DEBUG block.SCMBlockDeletingService (DatanodeDeletedBlockTransactions.java:addTransactionToDN(50)) - Transaction added: 01235482-5c07-4b37-86e9-3192ec4df84f <- TX(44)
2021-08-10 12:16:26,037 [SCMBlockDeletingService#0] DEBUG block.SCMBlockDeletingService (DatanodeDeletedBlockTransactions.java:addTransactionToDN(50)) - Transaction added: ad4991cb-97ce-4dd6-b117-42e7f6b0816f <- TX(45)
2021-08-10 12:16:26,037 [SCMBlockDeletingService#0] DEBUG block.SCMBlockDeletingService (DatanodeDeletedBlockTransactions.java:addTransactionToDN(50)) - Transaction added: 01235482-5c07-4b37-86e9-3192ec4df84f <- TX(45)
2021-08-10 12:16:26,037 [SCMBlockDeletingService#0] DEBUG block.SCMBlockDeletingService (DatanodeDeletedBlockTransactions.java:addTransactionToDN(50)) - Transaction added: b13dbf35-3f05-4a51-87e4-7670ffffb89b <- TX(45)
2021-08-10 12:16:26,037 [SCMBlockDeletingService#0] DEBUG block.SCMBlockDeletingService (DatanodeDeletedBlockTransactions.java:addTransactionToDN(50)) - Transaction added: b13dbf35-3f05-4a51-87e4-7670ffffb89b <- TX(46)
2021-08-10 12:16:26,037 [SCMBlockDeletingService#0] DEBUG block.SCMBlockDeletingService (DatanodeDeletedBlockTransactions.java:addTransactionToDN(50)) - Transaction added: ad4991cb-97ce-4dd6-b117-42e7f6b0816f <- TX(46)
2021-08-10 12:16:26,037 [SCMBlockDeletingService#0] DEBUG block.SCMBlockDeletingService (DatanodeDeletedBlockTransactions.java:addTransactionToDN(50)) - Transaction added: 01235482-5c07-4b37-86e9-3192ec4df84f <- TX(46)
2021-08-10 12:16:26,037 [SCMBlockDeletingService#0] DEBUG block.SCMBlockDeletingService (DatanodeDeletedBlockTransactions.java:addTransactionToDN(50)) - Transaction added: ad4991cb-97ce-4dd6-b117-42e7f6b0816f <- TX(47)
2021-08-10 12:16:26,040 [SCMBlockDeletingService#0] DEBUG block.SCMBlockDeletingService (DatanodeDeletedBlockTransactions.java:addTransactionToDN(50)) - Transaction added: 01235482-5c07-4b37-86e9-3192ec4df84f <- TX(47)
2021-08-10 12:16:26,040 [SCMBlockDeletingService#0] DEBUG block.SCMBlockDeletingService (DatanodeDeletedBlockTransactions.java:addTransactionToDN(50)) - Transaction added: b13dbf35-3f05-4a51-87e4-7670ffffb89b <- TX(47)
2021-08-10 12:16:26,040 [SCMBlockDeletingService#0] DEBUG block.SCMBlockDeletingService (DatanodeDeletedBlockTransactions.java:addTransactionToDN(50)) - Transaction added: b13dbf35-3f05-4a51-87e4-7670ffffb89b <- TX(48)
2021-08-10 12:16:26,040 [SCMBlockDeletingService#0] DEBUG block.SCMBlockDeletingService (DatanodeDeletedBlockTransactions.java:addTransactionToDN(50)) - Transaction added: ad4991cb-97ce-4dd6-b117-42e7f6b0816f <- TX(48)
2021-08-10 12:16:26,040 [SCMBlockDeletingService#0] DEBUG block.SCMBlockDeletingService (DatanodeDeletedBlockTransactions.java:addTransactionToDN(50)) - Transaction added: 01235482-5c07-4b37-86e9-3192ec4df84f <- TX(48)
2021-08-10 12:16:26,040 [SCMBlockDeletingService#0] DEBUG block.SCMBlockDeletingService (DatanodeDeletedBlockTransactions.java:addTransactionToDN(50)) - Transaction added: 01235482-5c07-4b37-86e9-3192ec4df84f <- TX(49)
2021-08-10 12:16:26,040 [SCMBlockDeletingService#0] DEBUG block.SCMBlockDeletingService (DatanodeDeletedBlockTransactions.java:addTransactionToDN(50)) - Transaction added: b13dbf35-3f05-4a51-87e4-7670ffffb89b <- TX(49)
2021-08-10 12:16:26,040 [SCMBlockDeletingService#0] DEBUG block.SCMBlockDeletingService (DatanodeDeletedBlockTransactions.java:addTransactionToDN(50)) - Transaction added: ad4991cb-97ce-4dd6-b117-42e7f6b0816f <- TX(49)
2021-08-10 12:16:26,040 [SCMBlockDeletingService#0] DEBUG block.SCMBlockDeletingService (DatanodeDeletedBlockTransactions.java:addTransactionToDN(50)) - Transaction added: ad4991cb-97ce-4dd6-b117-42e7f6b0816f <- TX(50)
2021-08-10 12:16:26,040 [SCMBlockDeletingService#0] DEBUG block.SCMBlockDeletingService (DatanodeDeletedBlockTransactions.java:addTransactionToDN(50)) - Transaction added: 01235482-5c07-4b37-86e9-3192ec4df84f <- TX(50)
2021-08-10 12:16:26,040 [SCMBlockDeletingService#0] DEBUG block.SCMBlockDeletingService (DatanodeDeletedBlockTransactions.java:addTransactionToDN(50)) - Transaction added: b13dbf35-3f05-4a51-87e4-7670ffffb89b <- TX(50)
2021-08-10 12:16:26,040 [SCMBlockDeletingService#0] DEBUG block.SCMBlockDeletingService (DatanodeDeletedBlockTransactions.java:addTransactionToDN(50)) - Transaction added: b13dbf35-3f05-4a51-87e4-7670ffffb89b <- TX(51)
2021-08-10 12:16:26,040 [SCMBlockDeletingService#0] DEBUG block.SCMBlockDeletingService (DatanodeDeletedBlockTransactions.java:addTransactionToDN(50)) - Transaction added: ad4991cb-97ce-4dd6-b117-42e7f6b0816f <- TX(51)
2021-08-10 12:16:26,040 [SCMBlockDeletingService#0] DEBUG block.SCMBlockDeletingService (DatanodeDeletedBlockTransactions.java:addTransactionToDN(50)) - Transaction added: 01235482-5c07-4b37-86e9-3192ec4df84f <- TX(51)
2021-08-10 12:16:26,040 [SCMBlockDeletingService#0] DEBUG block.SCMBlockDeletingService (DatanodeDeletedBlockTransactions.java:addTransactionToDN(50)) - Transaction added: ad4991cb-97ce-4dd6-b117-42e7f6b0816f <- TX(52)
2021-08-10 12:16:26,041 [SCMBlockDeletingService#0] DEBUG block.SCMBlockDeletingService (DatanodeDeletedBlockTransactions.java:addTransactionToDN(50)) - Transaction added: 01235482-5c07-4b37-86e9-3192ec4df84f <- TX(52)
2021-08-10 12:16:26,041 [SCMBlockDeletingService#0] DEBUG block.SCMBlockDeletingService (DatanodeDeletedBlockTransactions.java:addTransactionToDN(50)) - Transaction added: b13dbf35-3f05-4a51-87e4-7670ffffb89b <- TX(52)
2021-08-10 12:16:26,041 [SCMBlockDeletingService#0] DEBUG block.SCMBlockDeletingService (DatanodeDeletedBlockTransactions.java:addTransactionToDN(50)) - Transaction added: b13dbf35-3f05-4a51-87e4-7670ffffb89b <- TX(53)
2021-08-10 12:16:26,041 [SCMBlockDeletingService#0] DEBUG block.SCMBlockDeletingService (DatanodeDeletedBlockTransactions.java:addTransactionToDN(50)) - Transaction added: ad4991cb-97ce-4dd6-b117-42e7f6b0816f <- TX(53)
2021-08-10 12:16:26,041 [SCMBlockDeletingService#0] DEBUG block.SCMBlockDeletingService (DatanodeDeletedBlockTransactions.java:addTransactionToDN(50)) - Transaction added: 01235482-5c07-4b37-86e9-3192ec4df84f <- TX(53)
2021-08-10 12:16:26,041 [SCMBlockDeletingService#0] DEBUG block.SCMBlockDeletingService (DatanodeDeletedBlockTransactions.java:addTransactionToDN(50)) - Transaction added: ad4991cb-97ce-4dd6-b117-42e7f6b0816f <- TX(54)
2021-08-10 12:16:26,041 [SCMBlockDeletingService#0] DEBUG block.SCMBlockDeletingService (DatanodeDeletedBlockTransactions.java:addTransactionToDN(50)) - Transaction added: 01235482-5c07-4b37-86e9-3192ec4df84f <- TX(54)
2021-08-10 12:16:26,041 [SCMBlockDeletingService#0] DEBUG block.SCMBlockDeletingService (DatanodeDeletedBlockTransactions.java:addTransactionToDN(50)) - Transaction added: b13dbf35-3f05-4a51-87e4-7670ffffb89b <- TX(54)
2021-08-10 12:16:26,041 [SCMBlockDeletingService#0] DEBUG block.SCMBlockDeletingService (DatanodeDeletedBlockTransactions.java:addTransactionToDN(50)) - Transaction added: b13dbf35-3f05-4a51-87e4-7670ffffb89b <- TX(55)
2021-08-10 12:16:26,041 [SCMBlockDeletingService#0] DEBUG block.SCMBlockDeletingService (DatanodeDeletedBlockTransactions.java:addTransactionToDN(50)) - Transaction added: ad4991cb-97ce-4dd6-b117-42e7f6b0816f <- TX(55)
2021-08-10 12:16:26,041 [SCMBlockDeletingService#0] DEBUG block.SCMBlockDeletingService (DatanodeDeletedBlockTransactions.java:addTransactionToDN(50)) - Transaction added: 01235482-5c07-4b37-86e9-3192ec4df84f <- TX(55)
2021-08-10 12:16:26,041 [SCMBlockDeletingService#0] DEBUG block.SCMBlockDeletingService (DatanodeDeletedBlockTransactions.java:addTransactionToDN(50)) - Transaction added: 01235482-5c07-4b37-86e9-3192ec4df84f <- TX(56)
2021-08-10 12:16:26,041 [SCMBlockDeletingService#0] DEBUG block.SCMBlockDeletingService (DatanodeDeletedBlockTransactions.java:addTransactionToDN(50)) - Transaction added: b13dbf35-3f05-4a51-87e4-7670ffffb89b <- TX(56)
2021-08-10 12:16:26,041 [SCMBlockDeletingService#0] DEBUG block.SCMBlockDeletingService (DatanodeDeletedBlockTransactions.java:addTransactionToDN(50)) - Transaction added: ad4991cb-97ce-4dd6-b117-42e7f6b0816f <- TX(56)
2021-08-10 12:16:26,041 [SCMBlockDeletingService#0] DEBUG block.SCMBlockDeletingService (SCMBlockDeletingService.java:call(164)) - Added delete block command for datanode ad4991cb-97ce-4dd6-b117-42e7f6b0816f in the queue, number of delete block transactions: 56
2021-08-10 12:16:26,041 [SCMBlockDeletingService#0] DEBUG block.SCMBlockDeletingService (SCMBlockDeletingService.java:call(164)) - Added delete block command for datanode 01235482-5c07-4b37-86e9-3192ec4df84f in the queue, number of delete block transactions: 56
2021-08-10 12:16:26,041 [SCMBlockDeletingService#0] DEBUG block.SCMBlockDeletingService (SCMBlockDeletingService.java:call(164)) - Added delete block command for datanode b13dbf35-3f05-4a51-87e4-7670ffffb89b in the queue, number of delete block transactions: 56
2021-08-10 12:16:26,041 [SCMBlockDeletingService#0] INFO  block.SCMBlockDeletingService (SCMBlockDeletingService.java:call(174)) - Totally added 168 blocks to be deleted for 3 datanodes, task elapsed time: 9ms
2021-08-10 12:16:26,132 [SCMBlockDeletingService#0] DEBUG block.SCMBlockDeletingService (SCMBlockDeletingService.java:call(133)) - Running DeletedBlockTransactionScanner
2021-08-10 12:16:26,133 [SCMBlockDeletingService#0] DEBUG block.SCMBlockDeletingService (DatanodeDeletedBlockTransactions.java:addTransactionToDN(50)) - Transaction added: 01235482-5c07-4b37-86e9-3192ec4df84f <- TX(1)
2021-08-10 12:16:26,133 [SCMBlockDeletingService#0] DEBUG block.SCMBlockDeletingService (DatanodeDeletedBlockTransactions.java:addTransactionToDN(50)) - Transaction added: b13dbf35-3f05-4a51-87e4-7670ffffb89b <- TX(1)
2021-08-10 12:16:26,133 [SCMBlockDeletingService#0] DEBUG block.SCMBlockDeletingService (DatanodeDeletedBlockTransactions.java:addTransactionToDN(50)) - Transaction added: ad4991cb-97ce-4dd6-b117-42e7f6b0816f <- TX(1)
2021-08-10 12:16:26,133 [SCMBlockDeletingService#0] DEBUG block.SCMBlockDeletingService (DatanodeDeletedBlockTransactions.java:addTransactionToDN(50)) - Transaction added: ad4991cb-97ce-4dd6-b117-42e7f6b0816f <- TX(2)
2021-08-10 12:16:26,133 [SCMBlockDeletingService#0] DEBUG block.SCMBlockDeletingService (DatanodeDeletedBlockTransactions.java:addTransactionToDN(50)) - Transaction added: 01235482-5c07-4b37-86e9-3192ec4df84f <- TX(2)
2021-08-10 12:16:26,133 [SCMBlockDeletingService#0] DEBUG block.SCMBlockDeletingService (DatanodeDeletedBlockTransactions.java:addTransactionToDN(50)) - Transaction added: b13dbf35-3f05-4a51-87e4-7670ffffb89b <- TX(2)
2021-08-10 12:16:26,133 [SCMBlockDeletingService#0] DEBUG block.SCMBlockDeletingService (DatanodeDeletedBlockTransactions.java:addTransactionToDN(50)) - Transaction added: b13dbf35-3f05-4a51-87e4-7670ffffb89b <- TX(3)
2021-08-10 12:16:26,133 [SCMBlockDeletingService#0] DEBUG block.SCMBlockDeletingService (DatanodeDeletedBlockTransactions.java:addTransactionToDN(50)) - Transaction added: ad4991cb-97ce-4dd6-b117-42e7f6b0816f <- TX(3)
2021-08-10 12:16:26,133 [SCMBlockDeletingService#0] DEBUG block.SCMBlockDeletingService (DatanodeDeletedBlockTransactions.java:addTransactionToDN(50)) - Transaction added: 01235482-5c07-4b37-86e9-3192ec4df84f <- TX(3)
2021-08-10 12:16:26,133 [SCMBlockDeletingService#0] DEBUG block.SCMBlockDeletingService (DatanodeDeletedBlockTransactions.java:addTransactionToDN(50)) - Transaction added: ad4991cb-97ce-4dd6-b117-42e7f6b0816f <- TX(4)
2021-08-10 12:16:26,133 [SCMBlockDeletingService#0] DEBUG block.SCMBlockDeletingService (DatanodeDeletedBlockTransactions.java:addTransactionToDN(50)) - Transaction added: 01235482-5c07-4b37-86e9-3192ec4df84f <- TX(4)
2021-08-10 12:16:26,133 [SCMBlockDeletingService#0] DEBUG block.SCMBlockDeletingService (DatanodeDeletedBlockTransactions.java:addTransactionToDN(50)) - Transaction added: b13dbf35-3f05-4a51-87e4-7670ffffb89b <- TX(4)
2021-08-10 12:16:26,133 [SCMBlockDeletingService#0] DEBUG block.SCMBlockDeletingService (DatanodeDeletedBlockTransactions.java:addTransactionToDN(50)) - Transaction added: b13dbf35-3f05-4a51-87e4-7670ffffb89b <- TX(5)
2021-08-10 12:16:26,133 [SCMBlockDeletingService#0] DEBUG block.SCMBlockDeletingService (DatanodeDeletedBlockTransactions.java:addTransactionToDN(50)) - Transaction added: ad4991cb-97ce-4dd6-b117-42e7f6b0816f <- TX(5)
2021-08-10 12:16:26,133 [SCMBlockDeletingService#0] DEBUG block.SCMBlockDeletingService (DatanodeDeletedBlockTransactions.java:addTransactionToDN(50)) - Transaction added: 01235482-5c07-4b37-86e9-3192ec4df84f <- TX(5)
2021-08-10 12:16:26,133 [SCMBlockDeletingService#0] DEBUG block.SCMBlockDeletingService (DatanodeDeletedBlockTransactions.java:addTransactionToDN(50)) - Transaction added: ad4991cb-97ce-4dd6-b117-42e7f6b0816f <- TX(6)
2021-08-10 12:16:26,133 [SCMBlockDeletingService#0] DEBUG block.SCMBlockDeletingService (DatanodeDeletedBlockTransactions.java:addTransactionToDN(50)) - Transaction added: 01235482-5c07-4b37-86e9-3192ec4df84f <- TX(6)
2021-08-10 12:16:26,133 [SCMBlockDeletingService#0] DEBUG block.SCMBlockDeletingService (DatanodeDeletedBlockTransactions.java:addTransactionToDN(50)) - Transaction added: b13dbf35-3f05-4a51-87e4-7670ffffb89b <- TX(6)
2021-08-10 12:16:26,133 [SCMBlockDeletingService#0] DEBUG block.SCMBlockDeletingService (DatanodeDeletedBlockTransactions.java:addTransactionToDN(50)) - Transaction added: b13dbf35-3f05-4a51-87e4-7670ffffb89b <- TX(7)
2021-08-10 12:16:26,133 [SCMBlockDeletingService#0] DEBUG block.SCMBlockDeletingService (DatanodeDeletedBlockTransactions.java:addTransactionToDN(50)) - Transaction added: ad4991cb-97ce-4dd6-b117-42e7f6b0816f <- TX(7)
2021-08-10 12:16:26,133 [SCMBlockDeletingService#0] DEBUG block.SCMBlockDeletingService (DatanodeDeletedBlockTransactions.java:addTransactionToDN(50)) - Transaction added: 01235482-5c07-4b37-86e9-3192ec4df84f <- TX(7)
2021-08-10 12:16:26,133 [SCMBlockDeletingService#0] DEBUG block.SCMBlockDeletingService (DatanodeDeletedBlockTransactions.java:addTransactionToDN(50)) - Transaction added: 01235482-5c07-4b37-86e9-3192ec4df84f <- TX(8)
2021-08-10 12:16:26,133 [SCMBlockDeletingService#0] DEBUG block.SCMBlockDeletingService (DatanodeDeletedBlockTransactions.java:addTransactionToDN(50)) - Transaction added: b13dbf35-3f05-4a51-87e4-7670ffffb89b <- TX(8)
2021-08-10 12:16:26,133 [SCMBlockDeletingService#0] DEBUG block.SCMBlockDeletingService (DatanodeDeletedBlockTransactions.java:addTransactionToDN(50)) - Transaction added: ad4991cb-97ce-4dd6-b117-42e7f6b0816f <- TX(8)
2021-08-10 12:16:26,133 [SCMBlockDeletingService#0] DEBUG block.SCMBlockDeletingService (DatanodeDeletedBlockTransactions.java:addTransactionToDN(50)) - Transaction added: b13dbf35-3f05-4a51-87e4-7670ffffb89b <- TX(9)
2021-08-10 12:16:26,133 [SCMBlockDeletingService#0] DEBUG block.SCMBlockDeletingService (DatanodeDeletedBlockTransactions.java:addTransactionToDN(50)) - Transaction added: ad4991cb-97ce-4dd6-b117-42e7f6b0816f <- TX(9)
2021-08-10 12:16:26,133 [SCMBlockDeletingService#0] DEBUG block.SCMBlockDeletingService (DatanodeDeletedBlockTransactions.java:addTransactionToDN(50)) - Transaction added: 01235482-5c07-4b37-86e9-3192ec4df84f <- TX(9)
2021-08-10 12:16:26,133 [SCMBlockDeletingService#0] DEBUG block.SCMBlockDeletingService (DatanodeDeletedBlockTransactions.java:addTransactionToDN(50)) - Transaction added: 01235482-5c07-4b37-86e9-3192ec4df84f <- TX(10)
2021-08-10 12:16:26,133 [SCMBlockDeletingService#0] DEBUG block.SCMBlockDeletingService (DatanodeDeletedBlockTransactions.java:addTransactionToDN(50)) - Transaction added: b13dbf35-3f05-4a51-87e4-7670ffffb89b <- TX(10)
2021-08-10 12:16:26,133 [SCMBlockDeletingService#0] DEBUG block.SCMBlockDeletingService (DatanodeDeletedBlockTransactions.java:addTransactionToDN(50)) - Transaction added: ad4991cb-97ce-4dd6-b117-42e7f6b0816f <- TX(10)
2021-08-10 12:16:26,134 [SCMBlockDeletingService#0] DEBUG block.SCMBlockDeletingService (DatanodeDeletedBlockTransactions.java:addTransactionToDN(50)) - Transaction added: ad4991cb-97ce-4dd6-b117-42e7f6b0816f <- TX(11)
2021-08-10 12:16:26,134 [SCMBlockDeletingService#0] DEBUG block.SCMBlockDeletingService (DatanodeDeletedBlockTransactions.java:addTransactionToDN(50)) - Transaction added: 01235482-5c07-4b37-86e9-3192ec4df84f <- TX(11)
2021-08-10 12:16:26,134 [SCMBlockDeletingService#0] DEBUG block.SCMBlockDeletingService (DatanodeDeletedBlockTransactions.java:addTransactionToDN(50)) - Transaction added: b13dbf35-3f05-4a51-87e4-7670ffffb89b <- TX(11)
2021-08-10 12:16:26,134 [SCMBlockDeletingService#0] DEBUG block.SCMBlockDeletingService (DatanodeDeletedBlockTransactions.java:addTransactionToDN(50)) - Transaction added: b13dbf35-3f05-4a51-87e4-7670ffffb89b <- TX(12)
2021-08-10 12:16:26,134 [SCMBlockDeletingService#0] DEBUG block.SCMBlockDeletingService (DatanodeDeletedBlockTransactions.java:addTransactionToDN(50)) - Transaction added: ad4991cb-97ce-4dd6-b117-42e7f6b0816f <- TX(12)
2021-08-10 12:16:26,134 [SCMBlockDeletingService#0] DEBUG block.SCMBlockDeletingService (DatanodeDeletedBlockTransactions.java:addTransactionToDN(50)) - Transaction added: 01235482-5c07-4b37-86e9-3192ec4df84f <- TX(12)
2021-08-10 12:16:26,134 [SCMBlockDeletingService#0] DEBUG block.SCMBlockDeletingService (DatanodeDeletedBlockTransactions.java:addTransactionToDN(50)) - Transaction added: ad4991cb-97ce-4dd6-b117-42e7f6b0816f <- TX(13)
2021-08-10 12:16:26,134 [SCMBlockDeletingService#0] DEBUG block.SCMBlockDeletingService (DatanodeDeletedBlockTransactions.java:addTransactionToDN(50)) - Transaction added: 01235482-5c07-4b37-86e9-3192ec4df84f <- TX(13)
2021-08-10 12:16:26,134 [SCMBlockDeletingService#0] DEBUG block.SCMBlockDeletingService (DatanodeDeletedBlockTransactions.java:addTransactionToDN(50)) - Transaction added: b13dbf35-3f05-4a51-87e4-7670ffffb89b <- TX(13)
2021-08-10 12:16:26,134 [SCMBlockDeletingService#0] DEBUG block.SCMBlockDeletingService (DatanodeDeletedBlockTransactions.java:addTransactionToDN(50)) - Transaction added: b13dbf35-3f05-4a51-87e4-7670ffffb89b <- TX(14)
2021-08-10 12:16:26,134 [SCMBlockDeletingService#0] DEBUG block.SCMBlockDeletingService (DatanodeDeletedBlockTransactions.java:addTransactionToDN(50)) - Transaction added: ad4991cb-97ce-4dd6-b117-42e7f6b0816f <- TX(14)
2021-08-10 12:16:26,134 [SCMBlockDeletingService#0] DEBUG block.SCMBlockDeletingService (DatanodeDeletedBlockTransactions.java:addTransactionToDN(50)) - Transaction added: 01235482-5c07-4b37-86e9-3192ec4df84f <- TX(14)
2021-08-10 12:16:26,134 [SCMBlockDeletingService#0] DEBUG block.SCMBlockDeletingService (DatanodeDeletedBlockTransactions.java:addTransactionToDN(50)) - Transaction added: ad4991cb-97ce-4dd6-b117-42e7f6b0816f <- TX(15)
2021-08-10 12:16:26,134 [SCMBlockDeletingService#0] DEBUG block.SCMBlockDeletingService (DatanodeDeletedBlockTransactions.java:addTransactionToDN(50)) - Transaction added: 01235482-5c07-4b37-86e9-3192ec4df84f <- TX(15)
2021-08-10 12:16:26,134 [SCMBlockDeletingService#0] DEBUG block.SCMBlockDeletingService (DatanodeDeletedBlockTransactions.java:addTransactionToDN(50)) - Transaction added: b13dbf35-3f05-4a51-87e4-7670ffffb89b <- TX(15)
2021-08-10 12:16:26,134 [SCMBlockDeletingService#0] DEBUG block.SCMBlockDeletingService (DatanodeDeletedBlockTransactions.java:addTransactionToDN(50)) - Transaction added: b13dbf35-3f05-4a51-87e4-7670ffffb89b <- TX(16)
2021-08-10 12:16:26,134 [SCMBlockDeletingService#0] DEBUG block.SCMBlockDeletingService (DatanodeDeletedBlockTransactions.java:addTransactionToDN(50)) - Transaction added: ad4991cb-97ce-4dd6-b117-42e7f6b0816f <- TX(16)
2021-08-10 12:16:26,134 [SCMBlockDeletingService#0] DEBUG block.SCMBlockDeletingService (DatanodeDeletedBlockTransactions.java:addTransactionToDN(50)) - Transaction added: 01235482-5c07-4b37-86e9-3192ec4df84f <- TX(16)
2021-08-10 12:16:26,134 [SCMBlockDeletingService#0] DEBUG block.SCMBlockDeletingService (DatanodeDeletedBlockTransactions.java:addTransactionToDN(50)) - Transaction added: 01235482-5c07-4b37-86e9-3192ec4df84f <- TX(17)
2021-08-10 12:16:26,134 [SCMBlockDeletingService#0] DEBUG block.SCMBlockDeletingService (DatanodeDeletedBlockTransactions.java:addTransactionToDN(50)) - Transaction added: b13dbf35-3f05-4a51-87e4-7670ffffb89b <- TX(17)
2021-08-10 12:16:26,134 [SCMBlockDeletingService#0] DEBUG block.SCMBlockDeletingService (DatanodeDeletedBlockTransactions.java:addTransactionToDN(50)) - Transaction added: ad4991cb-97ce-4dd6-b117-42e7f6b0816f <- TX(17)
2021-08-10 12:16:26,134 [SCMBlockDeletingService#0] DEBUG block.SCMBlockDeletingService (DatanodeDeletedBlockTransactions.java:addTransactionToDN(50)) - Transaction added: ad4991cb-97ce-4dd6-b117-42e7f6b0816f <- TX(18)
2021-08-10 12:16:26,134 [SCMBlockDeletingService#0] DEBUG block.SCMBlockDeletingService (DatanodeDeletedBlockTransactions.java:addTransactionToDN(50)) - Transaction added: 01235482-5c07-4b37-86e9-3192ec4df84f <- TX(18)
2021-08-10 12:16:26,134 [SCMBlockDeletingService#0] DEBUG block.SCMBlockDeletingService (DatanodeDeletedBlockTransactions.java:addTransactionToDN(50)) - Transaction added: b13dbf35-3f05-4a51-87e4-7670ffffb89b <- TX(18)
2021-08-10 12:16:26,134 [SCMBlockDeletingService#0] DEBUG block.SCMBlockDeletingService (DatanodeDeletedBlockTransactions.java:addTransactionToDN(50)) - Transaction added: b13dbf35-3f05-4a51-87e4-7670ffffb89b <- TX(19)
2021-08-10 12:16:26,134 [SCMBlockDeletingService#0] DEBUG block.SCMBlockDeletingService (DatanodeDeletedBlockTransactions.java:addTransactionToDN(50)) - Transaction added: ad4991cb-97ce-4dd6-b117-42e7f6b0816f <- TX(19)
2021-08-10 12:16:26,134 [SCMBlockDeletingService#0] DEBUG block.SCMBlockDeletingService (DatanodeDeletedBlockTransactions.java:addTransactionToDN(50)) - Transaction added: 01235482-5c07-4b37-86e9-3192ec4df84f <- TX(19)
2021-08-10 12:16:26,134 [SCMBlockDeletingService#0] DEBUG block.SCMBlockDeletingService (DatanodeDeletedBlockTransactions.java:addTransactionToDN(50)) - Transaction added: ad4991cb-97ce-4dd6-b117-42e7f6b0816f <- TX(20)
2021-08-10 12:16:26,134 [SCMBlockDeletingService#0] DEBUG block.SCMBlockDeletingService (DatanodeDeletedBlockTransactions.java:addTransactionToDN(50)) - Transaction added: 01235482-5c07-4b37-86e9-3192ec4df84f <- TX(20)
2021-08-10 12:16:26,134 [SCMBlockDeletingService#0] DEBUG block.SCMBlockDeletingService (DatanodeDeletedBlockTransactions.java:addTransactionToDN(50)) - Transaction added: b13dbf35-3f05-4a51-87e4-7670ffffb89b <- TX(20)
2021-08-10 12:16:26,134 [SCMBlockDeletingService#0] DEBUG block.SCMBlockDeletingService (DatanodeDeletedBlockTransactions.java:addTransactionToDN(50)) - Transaction added: b13dbf35-3f05-4a51-87e4-7670ffffb89b <- TX(21)
2021-08-10 12:16:26,134 [SCMBlockDeletingService#0] DEBUG block.SCMBlockDeletingService (DatanodeDeletedBlockTransactions.java:addTransactionToDN(50)) - Transaction added: ad4991cb-97ce-4dd6-b117-42e7f6b0816f <- TX(21)
2021-08-10 12:16:26,135 [SCMBlockDeletingService#0] DEBUG block.SCMBlockDeletingService (DatanodeDeletedBlockTransactions.java:addTransactionToDN(50)) - Transaction added: 01235482-5c07-4b37-86e9-3192ec4df84f <- TX(21)
2021-08-10 12:16:26,135 [SCMBlockDeletingService#0] DEBUG block.SCMBlockDeletingService (DatanodeDeletedBlockTransactions.java:addTransactionToDN(50)) - Transaction added: ad4991cb-97ce-4dd6-b117-42e7f6b0816f <- TX(22)
2021-08-10 12:16:26,135 [SCMBlockDeletingService#0] DEBUG block.SCMBlockDeletingService (DatanodeDeletedBlockTransactions.java:addTransactionToDN(50)) - Transaction added: 01235482-5c07-4b37-86e9-3192ec4df84f <- TX(22)
2021-08-10 12:16:26,135 [SCMBlockDeletingService#0] DEBUG block.SCMBlockDeletingService (DatanodeDeletedBlockTransactions.java:addTransactionToDN(50)) - Transaction added: b13dbf35-3f05-4a51-87e4-7670ffffb89b <- TX(22)
2021-08-10 12:16:26,135 [SCMBlockDeletingService#0] DEBUG block.SCMBlockDeletingService (DatanodeDeletedBlockTransactions.java:addTransactionToDN(50)) - Transaction added: b13dbf35-3f05-4a51-87e4-7670ffffb89b <- TX(23)
2021-08-10 12:16:26,135 [SCMBlockDeletingService#0] DEBUG block.SCMBlockDeletingService (DatanodeDeletedBlockTransactions.java:addTransactionToDN(50)) - Transaction added: ad4991cb-97ce-4dd6-b117-42e7f6b0816f <- TX(23)
2021-08-10 12:16:26,135 [SCMBlockDeletingService#0] DEBUG block.SCMBlockDeletingService (DatanodeDeletedBlockTransactions.java:addTransactionToDN(50)) - Transaction added: 01235482-5c07-4b37-86e9-3192ec4df84f <- TX(23)
2021-08-10 12:16:26,135 [SCMBlockDeletingService#0] DEBUG block.SCMBlockDeletingService (DatanodeDeletedBlockTransactions.java:addTransactionToDN(50)) - Transaction added: 01235482-5c07-4b37-86e9-3192ec4df84f <- TX(24)
2021-08-10 12:16:26,135 [SCMBlockDeletingService#0] DEBUG block.SCMBlockDeletingService (DatanodeDeletedBlockTransactions.java:addTransactionToDN(50)) - Transaction added: b13dbf35-3f05-4a51-87e4-7670ffffb89b <- TX(24)
2021-08-10 12:16:26,135 [SCMBlockDeletingService#0] DEBUG block.SCMBlockDeletingService (DatanodeDeletedBlockTransactions.java:addTransactionToDN(50)) - Transaction added: ad4991cb-97ce-4dd6-b117-42e7f6b0816f <- TX(24)
2021-08-10 12:16:26,135 [SCMBlockDeletingService#0] DEBUG block.SCMBlockDeletingService (DatanodeDeletedBlockTransactions.java:addTransactionToDN(50)) - Transaction added: b13dbf35-3f05-4a51-87e4-7670ffffb89b <- TX(25)
2021-08-10 12:16:26,135 [SCMBlockDeletingService#0] DEBUG block.SCMBlockDeletingService (DatanodeDeletedBlockTransactions.java:addTransactionToDN(50)) - Transaction added: ad4991cb-97ce-4dd6-b117-42e7f6b0816f <- TX(25)
2021-08-10 12:16:26,135 [SCMBlockDeletingService#0] DEBUG block.SCMBlockDeletingService (DatanodeDeletedBlockTransactions.java:addTransactionToDN(50)) - Transaction added: 01235482-5c07-4b37-86e9-3192ec4df84f <- TX(25)
2021-08-10 12:16:26,135 [SCMBlockDeletingService#0] DEBUG block.SCMBlockDeletingService (DatanodeDeletedBlockTransactions.java:addTransactionToDN(50)) - Transaction added: 01235482-5c07-4b37-86e9-3192ec4df84f <- TX(26)
2021-08-10 12:16:26,135 [SCMBlockDeletingService#0] DEBUG block.SCMBlockDeletingService (DatanodeDeletedBlockTransactions.java:addTransactionToDN(50)) - Transaction added: b13dbf35-3f05-4a51-87e4-7670ffffb89b <- TX(26)
2021-08-10 12:16:26,135 [SCMBlockDeletingService#0] DEBUG block.SCMBlockDeletingService (DatanodeDeletedBlockTransactions.java:addTransactionToDN(50)) - Transaction added: ad4991cb-97ce-4dd6-b117-42e7f6b0816f <- TX(26)
2021-08-10 12:16:26,135 [SCMBlockDeletingService#0] DEBUG block.SCMBlockDeletingService (DatanodeDeletedBlockTransactions.java:addTransactionToDN(50)) - Transaction added: ad4991cb-97ce-4dd6-b117-42e7f6b0816f <- TX(27)
2021-08-10 12:16:26,135 [SCMBlockDeletingService#0] DEBUG block.SCMBlockDeletingService (DatanodeDeletedBlockTransactions.java:addTransactionToDN(50)) - Transaction added: 01235482-5c07-4b37-86e9-3192ec4df84f <- TX(27)
2021-08-10 12:16:26,135 [SCMBlockDeletingService#0] DEBUG block.SCMBlockDeletingService (DatanodeDeletedBlockTransactions.java:addTransactionToDN(50)) - Transaction added: b13dbf35-3f05-4a51-87e4-7670ffffb89b <- TX(27)
2021-08-10 12:16:26,135 [SCMBlockDeletingService#0] DEBUG block.SCMBlockDeletingService (DatanodeDeletedBlockTransactions.java:addTransactionToDN(50)) - Transaction added: b13dbf35-3f05-4a51-87e4-7670ffffb89b <- TX(28)
2021-08-10 12:16:26,135 [SCMBlockDeletingService#0] DEBUG block.SCMBlockDeletingService (DatanodeDeletedBlockTransactions.java:addTransactionToDN(50)) - Transaction added: ad4991cb-97ce-4dd6-b117-42e7f6b0816f <- TX(28)
2021-08-10 12:16:26,135 [SCMBlockDeletingService#0] DEBUG block.SCMBlockDeletingService (DatanodeDeletedBlockTransactions.java:addTransactionToDN(50)) - Transaction added: 01235482-5c07-4b37-86e9-3192ec4df84f <- TX(28)
2021-08-10 12:16:26,135 [SCMBlockDeletingService#0] DEBUG block.SCMBlockDeletingService (DatanodeDeletedBlockTransactions.java:addTransactionToDN(50)) - Transaction added: ad4991cb-97ce-4dd6-b117-42e7f6b0816f <- TX(29)
2021-08-10 12:16:26,135 [SCMBlockDeletingService#0] DEBUG block.SCMBlockDeletingService (DatanodeDeletedBlockTransactions.java:addTransactionToDN(50)) - Transaction added: 01235482-5c07-4b37-86e9-3192ec4df84f <- TX(29)
2021-08-10 12:16:26,135 [SCMBlockDeletingService#0] DEBUG block.SCMBlockDeletingService (DatanodeDeletedBlockTransactions.java:addTransactionToDN(50)) - Transaction added: b13dbf35-3f05-4a51-87e4-7670ffffb89b <- TX(29)
2021-08-10 12:16:26,135 [SCMBlockDeletingService#0] DEBUG block.SCMBlockDeletingService (DatanodeDeletedBlockTransactions.java:addTransactionToDN(50)) - Transaction added: b13dbf35-3f05-4a51-87e4-7670ffffb89b <- TX(30)
2021-08-10 12:16:26,135 [SCMBlockDeletingService#0] DEBUG block.SCMBlockDeletingService (DatanodeDeletedBlockTransactions.java:addTransactionToDN(50)) - Transaction added: ad4991cb-97ce-4dd6-b117-42e7f6b0816f <- TX(30)
2021-08-10 12:16:26,135 [SCMBlockDeletingService#0] DEBUG block.SCMBlockDeletingService (DatanodeDeletedBlockTransactions.java:addTransactionToDN(50)) - Transaction added: 01235482-5c07-4b37-86e9-3192ec4df84f <- TX(30)
2021-08-10 12:16:26,135 [SCMBlockDeletingService#0] DEBUG block.SCMBlockDeletingService (DatanodeDeletedBlockTransactions.java:addTransactionToDN(50)) - Transaction added: ad4991cb-97ce-4dd6-b117-42e7f6b0816f <- TX(31)
2021-08-10 12:16:26,135 [SCMBlockDeletingService#0] DEBUG block.SCMBlockDeletingService (DatanodeDeletedBlockTransactions.java:addTransactionToDN(50)) - Transaction added: 01235482-5c07-4b37-86e9-3192ec4df84f <- TX(31)
2021-08-10 12:16:26,135 [SCMBlockDeletingService#0] DEBUG block.SCMBlockDeletingService (DatanodeDeletedBlockTransactions.java:addTransactionToDN(50)) - Transaction added: b13dbf35-3f05-4a51-87e4-7670ffffb89b <- TX(31)
2021-08-10 12:16:26,135 [SCMBlockDeletingService#0] DEBUG block.SCMBlockDeletingService (DatanodeDeletedBlockTransactions.java:addTransactionToDN(50)) - Transaction added: b13dbf35-3f05-4a51-87e4-7670ffffb89b <- TX(32)
2021-08-10 12:16:26,135 [SCMBlockDeletingService#0] DEBUG block.SCMBlockDeletingService (DatanodeDeletedBlockTransactions.java:addTransactionToDN(50)) - Transaction added: ad4991cb-97ce-4dd6-b117-42e7f6b0816f <- TX(32)
2021-08-10 12:16:26,135 [SCMBlockDeletingService#0] DEBUG block.SCMBlockDeletingService (DatanodeDeletedBlockTransactions.java:addTransactionToDN(50)) - Transaction added: 01235482-5c07-4b37-86e9-3192ec4df84f <- TX(32)
2021-08-10 12:16:26,135 [SCMBlockDeletingService#0] DEBUG block.SCMBlockDeletingService (DatanodeDeletedBlockTransactions.java:addTransactionToDN(50)) - Transaction added: 01235482-5c07-4b37-86e9-3192ec4df84f <- TX(33)
2021-08-10 12:16:26,135 [SCMBlockDeletingService#0] DEBUG block.SCMBlockDeletingService (DatanodeDeletedBlockTransactions.java:addTransactionToDN(50)) - Transaction added: b13dbf35-3f05-4a51-87e4-7670ffffb89b <- TX(33)
2021-08-10 12:16:26,135 [SCMBlockDeletingService#0] DEBUG block.SCMBlockDeletingService (DatanodeDeletedBlockTransactions.java:addTransactionToDN(50)) - Transaction added: ad4991cb-97ce-4dd6-b117-42e7f6b0816f <- TX(33)
2021-08-10 12:16:26,135 [SCMBlockDeletingService#0] DEBUG block.SCMBlockDeletingService (DatanodeDeletedBlockTransactions.java:addTransactionToDN(50)) - Transaction added: ad4991cb-97ce-4dd6-b117-42e7f6b0816f <- TX(34)
2021-08-10 12:16:26,136 [SCMBlockDeletingService#0] DEBUG block.SCMBlockDeletingService (DatanodeDeletedBlockTransactions.java:addTransactionToDN(50)) - Transaction added: 01235482-5c07-4b37-86e9-3192ec4df84f <- TX(34)
2021-08-10 12:16:26,136 [SCMBlockDeletingService#0] DEBUG block.SCMBlockDeletingService (DatanodeDeletedBlockTransactions.java:addTransactionToDN(50)) - Transaction added: b13dbf35-3f05-4a51-87e4-7670ffffb89b <- TX(34)
2021-08-10 12:16:26,136 [SCMBlockDeletingService#0] DEBUG block.SCMBlockDeletingService (DatanodeDeletedBlockTransactions.java:addTransactionToDN(50)) - Transaction added: b13dbf35-3f05-4a51-87e4-7670ffffb89b <- TX(35)
2021-08-10 12:16:26,136 [SCMBlockDeletingService#0] DEBUG block.SCMBlockDeletingService (DatanodeDeletedBlockTransactions.java:addTransactionToDN(50)) - Transaction added: ad4991cb-97ce-4dd6-b117-42e7f6b0816f <- TX(35)
2021-08-10 12:16:26,136 [SCMBlockDeletingService#0] DEBUG block.SCMBlockDeletingService (DatanodeDeletedBlockTransactions.java:addTransactionToDN(50)) - Transaction added: 01235482-5c07-4b37-86e9-3192ec4df84f <- TX(35)
2021-08-10 12:16:26,136 [SCMBlockDeletingService#0] DEBUG block.SCMBlockDeletingService (DatanodeDeletedBlockTransactions.java:addTransactionToDN(50)) - Transaction added: ad4991cb-97ce-4dd6-b117-42e7f6b0816f <- TX(36)
2021-08-10 12:16:26,136 [SCMBlockDeletingService#0] DEBUG block.SCMBlockDeletingService (DatanodeDeletedBlockTransactions.java:addTransactionToDN(50)) - Transaction added: 01235482-5c07-4b37-86e9-3192ec4df84f <- TX(36)
2021-08-10 12:16:26,136 [SCMBlockDeletingService#0] DEBUG block.SCMBlockDeletingService (DatanodeDeletedBlockTransactions.java:addTransactionToDN(50)) - Transaction added: b13dbf35-3f05-4a51-87e4-7670ffffb89b <- TX(36)
2021-08-10 12:16:26,136 [SCMBlockDeletingService#0] DEBUG block.SCMBlockDeletingService (DatanodeDeletedBlockTransactions.java:addTransactionToDN(50)) - Transaction added: b13dbf35-3f05-4a51-87e4-7670ffffb89b <- TX(37)
2021-08-10 12:16:26,136 [SCMBlockDeletingService#0] DEBUG block.SCMBlockDeletingService (DatanodeDeletedBlockTransactions.java:addTransactionToDN(50)) - Transaction added: ad4991cb-97ce-4dd6-b117-42e7f6b0816f <- TX(37)
2021-08-10 12:16:26,136 [SCMBlockDeletingService#0] DEBUG block.SCMBlockDeletingService (DatanodeDeletedBlockTransactions.java:addTransactionToDN(50)) - Transaction added: 01235482-5c07-4b37-86e9-3192ec4df84f <- TX(37)
2021-08-10 12:16:26,136 [SCMBlockDeletingService#0] DEBUG block.SCMBlockDeletingService (DatanodeDeletedBlockTransactions.java:addTransactionToDN(50)) - Transaction added: ad4991cb-97ce-4dd6-b117-42e7f6b0816f <- TX(38)
2021-08-10 12:16:26,136 [SCMBlockDeletingService#0] DEBUG block.SCMBlockDeletingService (DatanodeDeletedBlockTransactions.java:addTransactionToDN(50)) - Transaction added: 01235482-5c07-4b37-86e9-3192ec4df84f <- TX(38)
2021-08-10 12:16:26,136 [SCMBlockDeletingService#0] DEBUG block.SCMBlockDeletingService (DatanodeDeletedBlockTransactions.java:addTransactionToDN(50)) - Transaction added: b13dbf35-3f05-4a51-87e4-7670ffffb89b <- TX(38)
2021-08-10 12:16:26,136 [SCMBlockDeletingService#0] DEBUG block.SCMBlockDeletingService (DatanodeDeletedBlockTransactions.java:addTransactionToDN(50)) - Transaction added: b13dbf35-3f05-4a51-87e4-7670ffffb89b <- TX(39)
2021-08-10 12:16:26,136 [SCMBlockDeletingService#0] DEBUG block.SCMBlockDeletingService (DatanodeDeletedBlockTransactions.java:addTransactionToDN(50)) - Transaction added: ad4991cb-97ce-4dd6-b117-42e7f6b0816f <- TX(39)
2021-08-10 12:16:26,136 [SCMBlockDeletingService#0] DEBUG block.SCMBlockDeletingService (DatanodeDeletedBlockTransactions.java:addTransactionToDN(50)) - Transaction added: 01235482-5c07-4b37-86e9-3192ec4df84f <- TX(39)
2021-08-10 12:16:26,136 [SCMBlockDeletingService#0] DEBUG block.SCMBlockDeletingService (DatanodeDeletedBlockTransactions.java:addTransactionToDN(50)) - Transaction added: 01235482-5c07-4b37-86e9-3192ec4df84f <- TX(40)
2021-08-10 12:16:26,136 [SCMBlockDeletingService#0] DEBUG block.SCMBlockDeletingService (DatanodeDeletedBlockTransactions.java:addTransactionToDN(50)) - Transaction added: b13dbf35-3f05-4a51-87e4-7670ffffb89b <- TX(40)
2021-08-10 12:16:26,136 [SCMBlockDeletingService#0] DEBUG block.SCMBlockDeletingService (DatanodeDeletedBlockTransactions.java:addTransactionToDN(50)) - Transaction added: ad4991cb-97ce-4dd6-b117-42e7f6b0816f <- TX(40)
2021-08-10 12:16:26,136 [SCMBlockDeletingService#0] DEBUG block.SCMBlockDeletingService (DatanodeDeletedBlockTransactions.java:addTransactionToDN(50)) - Transaction added: b13dbf35-3f05-4a51-87e4-7670ffffb89b <- TX(41)
2021-08-10 12:16:26,136 [SCMBlockDeletingService#0] DEBUG block.SCMBlockDeletingService (DatanodeDeletedBlockTransactions.java:addTransactionToDN(50)) - Transaction added: ad4991cb-97ce-4dd6-b117-42e7f6b0816f <- TX(41)
2021-08-10 12:16:26,136 [SCMBlockDeletingService#0] DEBUG block.SCMBlockDeletingService (DatanodeDeletedBlockTransactions.java:addTransactionToDN(50)) - Transaction added: 01235482-5c07-4b37-86e9-3192ec4df84f <- TX(41)
2021-08-10 12:16:26,136 [SCMBlockDeletingService#0] DEBUG block.SCMBlockDeletingService (DatanodeDeletedBlockTransactions.java:addTransactionToDN(50)) - Transaction added: 01235482-5c07-4b37-86e9-3192ec4df84f <- TX(42)
2021-08-10 12:16:26,136 [SCMBlockDeletingService#0] DEBUG block.SCMBlockDeletingService (DatanodeDeletedBlockTransactions.java:addTransactionToDN(50)) - Transaction added: b13dbf35-3f05-4a51-87e4-7670ffffb89b <- TX(42)
2021-08-10 12:16:26,136 [SCMBlockDeletingService#0] DEBUG block.SCMBlockDeletingService (DatanodeDeletedBlockTransactions.java:addTransactionToDN(50)) - Transaction added: ad4991cb-97ce-4dd6-b117-42e7f6b0816f <- TX(42)
2021-08-10 12:16:26,136 [SCMBlockDeletingService#0] DEBUG block.SCMBlockDeletingService (DatanodeDeletedBlockTransactions.java:addTransactionToDN(50)) - Transaction added: ad4991cb-97ce-4dd6-b117-42e7f6b0816f <- TX(43)
2021-08-10 12:16:26,136 [SCMBlockDeletingService#0] DEBUG block.SCMBlockDeletingService (DatanodeDeletedBlockTransactions.java:addTransactionToDN(50)) - Transaction added: 01235482-5c07-4b37-86e9-3192ec4df84f <- TX(43)
2021-08-10 12:16:26,136 [SCMBlockDeletingService#0] DEBUG block.SCMBlockDeletingService (DatanodeDeletedBlockTransactions.java:addTransactionToDN(50)) - Transaction added: b13dbf35-3f05-4a51-87e4-7670ffffb89b <- TX(43)
2021-08-10 12:16:26,136 [SCMBlockDeletingService#0] DEBUG block.SCMBlockDeletingService (DatanodeDeletedBlockTransactions.java:addTransactionToDN(50)) - Transaction added: b13dbf35-3f05-4a51-87e4-7670ffffb89b <- TX(44)
2021-08-10 12:16:26,136 [SCMBlockDeletingService#0] DEBUG block.SCMBlockDeletingService (DatanodeDeletedBlockTransactions.java:addTransactionToDN(50)) - Transaction added: ad4991cb-97ce-4dd6-b117-42e7f6b0816f <- TX(44)
2021-08-10 12:16:26,136 [SCMBlockDeletingService#0] DEBUG block.SCMBlockDeletingService (DatanodeDeletedBlockTransactions.java:addTransactionToDN(50)) - Transaction added: 01235482-5c07-4b37-86e9-3192ec4df84f <- TX(44)
2021-08-10 12:16:26,136 [SCMBlockDeletingService#0] DEBUG block.SCMBlockDeletingService (DatanodeDeletedBlockTransactions.java:addTransactionToDN(50)) - Transaction added: ad4991cb-97ce-4dd6-b117-42e7f6b0816f <- TX(45)
2021-08-10 12:16:26,136 [SCMBlockDeletingService#0] DEBUG block.SCMBlockDeletingService (DatanodeDeletedBlockTransactions.java:addTransactionToDN(50)) - Transaction added: 01235482-5c07-4b37-86e9-3192ec4df84f <- TX(45)
2021-08-10 12:16:26,136 [SCMBlockDeletingService#0] DEBUG block.SCMBlockDeletingService (DatanodeDeletedBlockTransactions.java:addTransactionToDN(50)) - Transaction added: b13dbf35-3f05-4a51-87e4-7670ffffb89b <- TX(45)
2021-08-10 12:16:26,136 [SCMBlockDeletingService#0] DEBUG block.SCMBlockDeletingService (DatanodeDeletedBlockTransactions.java:addTransactionToDN(50)) - Transaction added: b13dbf35-3f05-4a51-87e4-7670ffffb89b <- TX(46)
2021-08-10 12:16:26,136 [SCMBlockDeletingService#0] DEBUG block.SCMBlockDeletingService (DatanodeDeletedBlockTransactions.java:addTransactionToDN(50)) - Transaction added: ad4991cb-97ce-4dd6-b117-42e7f6b0816f <- TX(46)
2021-08-10 12:16:26,136 [SCMBlockDeletingService#0] DEBUG block.SCMBlockDeletingService (DatanodeDeletedBlockTransactions.java:addTransactionToDN(50)) - Transaction added: 01235482-5c07-4b37-86e9-3192ec4df84f <- TX(46)
2021-08-10 12:16:26,136 [SCMBlockDeletingService#0] DEBUG block.SCMBlockDeletingService (DatanodeDeletedBlockTransactions.java:addTransactionToDN(50)) - Transaction added: ad4991cb-97ce-4dd6-b117-42e7f6b0816f <- TX(47)
2021-08-10 12:16:26,136 [SCMBlockDeletingService#0] DEBUG block.SCMBlockDeletingService (DatanodeDeletedBlockTransactions.java:addTransactionToDN(50)) - Transaction added: 01235482-5c07-4b37-86e9-3192ec4df84f <- TX(47)
2021-08-10 12:16:26,137 [SCMBlockDeletingService#0] DEBUG block.SCMBlockDeletingService (DatanodeDeletedBlockTransactions.java:addTransactionToDN(50)) - Transaction added: b13dbf35-3f05-4a51-87e4-7670ffffb89b <- TX(47)
2021-08-10 12:16:26,137 [SCMBlockDeletingService#0] DEBUG block.SCMBlockDeletingService (DatanodeDeletedBlockTransactions.java:addTransactionToDN(50)) - Transaction added: b13dbf35-3f05-4a51-87e4-7670ffffb89b <- TX(48)
2021-08-10 12:16:26,137 [SCMBlockDeletingService#0] DEBUG block.SCMBlockDeletingService (DatanodeDeletedBlockTransactions.java:addTransactionToDN(50)) - Transaction added: ad4991cb-97ce-4dd6-b117-42e7f6b0816f <- TX(48)
2021-08-10 12:16:26,137 [SCMBlockDeletingService#0] DEBUG block.SCMBlockDeletingService (DatanodeDeletedBlockTransactions.java:addTransactionToDN(50)) - Transaction added: 01235482-5c07-4b37-86e9-3192ec4df84f <- TX(48)
2021-08-10 12:16:26,137 [SCMBlockDeletingService#0] DEBUG block.SCMBlockDeletingService (DatanodeDeletedBlockTransactions.java:addTransactionToDN(50)) - Transaction added: 01235482-5c07-4b37-86e9-3192ec4df84f <- TX(49)
2021-08-10 12:16:26,137 [SCMBlockDeletingService#0] DEBUG block.SCMBlockDeletingService (DatanodeDeletedBlockTransactions.java:addTransactionToDN(50)) - Transaction added: b13dbf35-3f05-4a51-87e4-7670ffffb89b <- TX(49)
2021-08-10 12:16:26,137 [SCMBlockDeletingService#0] DEBUG block.SCMBlockDeletingService (DatanodeDeletedBlockTransactions.java:addTransactionToDN(50)) - Transaction added: ad4991cb-97ce-4dd6-b117-42e7f6b0816f <- TX(49)
2021-08-10 12:16:26,137 [SCMBlockDeletingService#0] DEBUG block.SCMBlockDeletingService (DatanodeDeletedBlockTransactions.java:addTransactionToDN(50)) - Transaction added: ad4991cb-97ce-4dd6-b117-42e7f6b0816f <- TX(50)
2021-08-10 12:16:26,137 [SCMBlockDeletingService#0] DEBUG block.SCMBlockDeletingService (DatanodeDeletedBlockTransactions.java:addTransactionToDN(50)) - Transaction added: 01235482-5c07-4b37-86e9-3192ec4df84f <- TX(50)
2021-08-10 12:16:26,137 [SCMBlockDeletingService#0] DEBUG block.SCMBlockDeletingService (DatanodeDeletedBlockTransactions.java:addTransactionToDN(50)) - Transaction added: b13dbf35-3f05-4a51-87e4-7670ffffb89b <- TX(50)
2021-08-10 12:16:26,137 [SCMBlockDeletingService#0] DEBUG block.SCMBlockDeletingService (DatanodeDeletedBlockTransactions.java:addTransactionToDN(50)) - Transaction added: b13dbf35-3f05-4a51-87e4-7670ffffb89b <- TX(51)
2021-08-10 12:16:26,137 [SCMBlockDeletingService#0] DEBUG block.SCMBlockDeletingService (DatanodeDeletedBlockTransactions.java:addTransactionToDN(50)) - Transaction added: ad4991cb-97ce-4dd6-b117-42e7f6b0816f <- TX(51)
2021-08-10 12:16:26,137 [SCMBlockDeletingService#0] DEBUG block.SCMBlockDeletingService (DatanodeDeletedBlockTransactions.java:addTransactionToDN(50)) - Transaction added: 01235482-5c07-4b37-86e9-3192ec4df84f <- TX(51)
2021-08-10 12:16:26,137 [SCMBlockDeletingService#0] DEBUG block.SCMBlockDeletingService (DatanodeDeletedBlockTransactions.java:addTransactionToDN(50)) - Transaction added: ad4991cb-97ce-4dd6-b117-42e7f6b0816f <- TX(52)
2021-08-10 12:16:26,137 [SCMBlockDeletingService#0] DEBUG block.SCMBlockDeletingService (DatanodeDeletedBlockTransactions.java:addTransactionToDN(50)) - Transaction added: 01235482-5c07-4b37-86e9-3192ec4df84f <- TX(52)
2021-08-10 12:16:26,137 [SCMBlockDeletingService#0] DEBUG block.SCMBlockDeletingService (DatanodeDeletedBlockTransactions.java:addTransactionToDN(50)) - Transaction added: b13dbf35-3f05-4a51-87e4-7670ffffb89b <- TX(52)
2021-08-10 12:16:26,137 [SCMBlockDeletingService#0] DEBUG block.SCMBlockDeletingService (DatanodeDeletedBlockTransactions.java:addTransactionToDN(50)) - Transaction added: b13dbf35-3f05-4a51-87e4-7670ffffb89b <- TX(53)
2021-08-10 12:16:26,137 [SCMBlockDeletingService#0] DEBUG block.SCMBlockDeletingService (DatanodeDeletedBlockTransactions.java:addTransactionToDN(50)) - Transaction added: ad4991cb-97ce-4dd6-b117-42e7f6b0816f <- TX(53)
2021-08-10 12:16:26,137 [SCMBlockDeletingService#0] DEBUG block.SCMBlockDeletingService (DatanodeDeletedBlockTransactions.java:addTransactionToDN(50)) - Transaction added: 01235482-5c07-4b37-86e9-3192ec4df84f <- TX(53)
2021-08-10 12:16:26,137 [SCMBlockDeletingService#0] DEBUG block.SCMBlockDeletingService (DatanodeDeletedBlockTransactions.java:addTransactionToDN(50)) - Transaction added: ad4991cb-97ce-4dd6-b117-42e7f6b0816f <- TX(54)
2021-08-10 12:16:26,137 [SCMBlockDeletingService#0] DEBUG block.SCMBlockDeletingService (DatanodeDeletedBlockTransactions.java:addTransactionToDN(50)) - Transaction added: 01235482-5c07-4b37-86e9-3192ec4df84f <- TX(54)
2021-08-10 12:16:26,137 [SCMBlockDeletingService#0] DEBUG block.SCMBlockDeletingService (DatanodeDeletedBlockTransactions.java:addTransactionToDN(50)) - Transaction added: b13dbf35-3f05-4a51-87e4-7670ffffb89b <- TX(54)
2021-08-10 12:16:26,137 [SCMBlockDeletingService#0] DEBUG block.SCMBlockDeletingService (DatanodeDeletedBlockTransactions.java:addTransactionToDN(50)) - Transaction added: b13dbf35-3f05-4a51-87e4-7670ffffb89b <- TX(55)
2021-08-10 12:16:26,137 [SCMBlockDeletingService#0] DEBUG block.SCMBlockDeletingService (DatanodeDeletedBlockTransactions.java:addTransactionToDN(50)) - Transaction added: ad4991cb-97ce-4dd6-b117-42e7f6b0816f <- TX(55)
2021-08-10 12:16:26,137 [SCMBlockDeletingService#0] DEBUG block.SCMBlockDeletingService (DatanodeDeletedBlockTransactions.java:addTransactionToDN(50)) - Transaction added: 01235482-5c07-4b37-86e9-3192ec4df84f <- TX(55)
2021-08-10 12:16:26,137 [SCMBlockDeletingService#0] DEBUG block.SCMBlockDeletingService (DatanodeDeletedBlockTransactions.java:addTransactionToDN(50)) - Transaction added: 01235482-5c07-4b37-86e9-3192ec4df84f <- TX(56)
2021-08-10 12:16:26,137 [SCMBlockDeletingService#0] DEBUG block.SCMBlockDeletingService (DatanodeDeletedBlockTransactions.java:addTransactionToDN(50)) - Transaction added: b13dbf35-3f05-4a51-87e4-7670ffffb89b <- TX(56)
2021-08-10 12:16:26,137 [SCMBlockDeletingService#0] DEBUG block.SCMBlockDeletingService (DatanodeDeletedBlockTransactions.java:addTransactionToDN(50)) - Transaction added: ad4991cb-97ce-4dd6-b117-42e7f6b0816f <- TX(56)
2021-08-10 12:16:26,137 [SCMBlockDeletingService#0] DEBUG block.SCMBlockDeletingService (SCMBlockDeletingService.java:call(164)) - Added delete block command for datanode ad4991cb-97ce-4dd6-b117-42e7f6b0816f in the queue, number of delete block transactions: 56
2021-08-10 12:16:26,137 [SCMBlockDeletingService#0] DEBUG block.SCMBlockDeletingService (SCMBlockDeletingService.java:call(164)) - Added delete block command for datanode 01235482-5c07-4b37-86e9-3192ec4df84f in the queue, number of delete block transactions: 56
2021-08-10 12:16:26,137 [SCMBlockDeletingService#0] DEBUG block.SCMBlockDeletingService (SCMBlockDeletingService.java:call(164)) - Added delete block command for datanode b13dbf35-3f05-4a51-87e4-7670ffffb89b in the queue, number of delete block transactions: 56
2021-08-10 12:16:26,137 [SCMBlockDeletingService#0] INFO  block.SCMBlockDeletingService (SCMBlockDeletingService.java:call(174)) - Totally added 168 blocks to be deleted for 3 datanodes, task elapsed time: 5ms
2021-08-10 12:16:26,232 [SCMBlockDeletingService#0] DEBUG block.SCMBlockDeletingService (SCMBlockDeletingService.java:call(133)) - Running DeletedBlockTransactionScanner
2021-08-10 12:16:26,233 [SCMBlockDeletingService#0] DEBUG block.SCMBlockDeletingService (DatanodeDeletedBlockTransactions.java:addTransactionToDN(50)) - Transaction added: 01235482-5c07-4b37-86e9-3192ec4df84f <- TX(1)
2021-08-10 12:16:26,233 [SCMBlockDeletingService#0] DEBUG block.SCMBlockDeletingService (DatanodeDeletedBlockTransactions.java:addTransactionToDN(50)) - Transaction added: b13dbf35-3f05-4a51-87e4-7670ffffb89b <- TX(1)
2021-08-10 12:16:26,233 [SCMBlockDeletingService#0] DEBUG block.SCMBlockDeletingService (DatanodeDeletedBlockTransactions.java:addTransactionToDN(50)) - Transaction added: ad4991cb-97ce-4dd6-b117-42e7f6b0816f <- TX(1)
2021-08-10 12:16:26,233 [SCMBlockDeletingService#0] DEBUG block.SCMBlockDeletingService (DatanodeDeletedBlockTransactions.java:addTransactionToDN(50)) - Transaction added: ad4991cb-97ce-4dd6-b117-42e7f6b0816f <- TX(2)
2021-08-10 12:16:26,233 [SCMBlockDeletingService#0] DEBUG block.SCMBlockDeletingService (DatanodeDeletedBlockTransactions.java:addTransactionToDN(50)) - Transaction added: 01235482-5c07-4b37-86e9-3192ec4df84f <- TX(2)
2021-08-10 12:16:26,233 [SCMBlockDeletingService#0] DEBUG block.SCMBlockDeletingService (DatanodeDeletedBlockTransactions.java:addTransactionToDN(50)) - Transaction added: b13dbf35-3f05-4a51-87e4-7670ffffb89b <- TX(2)
2021-08-10 12:16:26,233 [SCMBlockDeletingService#0] DEBUG block.SCMBlockDeletingService (DatanodeDeletedBlockTransactions.java:addTransactionToDN(50)) - Transaction added: b13dbf35-3f05-4a51-87e4-7670ffffb89b <- TX(3)
2021-08-10 12:16:26,233 [SCMBlockDeletingService#0] DEBUG block.SCMBlockDeletingService (DatanodeDeletedBlockTransactions.java:addTransactionToDN(50)) - Transaction added: 01235482-5c07-4b37-86e9-3192ec4df84f <- TX(3)
2021-08-10 12:16:26,233 [SCMBlockDeletingService#0] DEBUG block.SCMBlockDeletingService (DatanodeDeletedBlockTransactions.java:addTransactionToDN(50)) - Transaction added: ad4991cb-97ce-4dd6-b117-42e7f6b0816f <- TX(3)
2021-08-10 12:16:26,233 [SCMBlockDeletingService#0] DEBUG block.SCMBlockDeletingService (DatanodeDeletedBlockTransactions.java:addTransactionToDN(50)) - Transaction added: ad4991cb-97ce-4dd6-b117-42e7f6b0816f <- TX(4)
2021-08-10 12:16:26,233 [SCMBlockDeletingService#0] DEBUG block.SCMBlockDeletingService (DatanodeDeletedBlockTransactions.java:addTransactionToDN(50)) - Transaction added: 01235482-5c07-4b37-86e9-3192ec4df84f <- TX(4)
2021-08-10 12:16:26,233 [SCMBlockDeletingService#0] DEBUG block.SCMBlockDeletingService (DatanodeDeletedBlockTransactions.java:addTransactionToDN(50)) - Transaction added: b13dbf35-3f05-4a51-87e4-7670ffffb89b <- TX(4)
2021-08-10 12:16:26,233 [SCMBlockDeletingService#0] DEBUG block.SCMBlockDeletingService (DatanodeDeletedBlockTransactions.java:addTransactionToDN(50)) - Transaction added: b13dbf35-3f05-4a51-87e4-7670ffffb89b <- TX(5)
2021-08-10 12:16:26,233 [SCMBlockDeletingService#0] DEBUG block.SCMBlockDeletingService (DatanodeDeletedBlockTransactions.java:addTransactionToDN(50)) - Transaction added: ad4991cb-97ce-4dd6-b117-42e7f6b0816f <- TX(5)
2021-08-10 12:16:26,233 [SCMBlockDeletingService#0] DEBUG block.SCMBlockDeletingService (DatanodeDeletedBlockTransactions.java:addTransactionToDN(50)) - Transaction added: 01235482-5c07-4b37-86e9-3192ec4df84f <- TX(5)
2021-08-10 12:16:26,233 [SCMBlockDeletingService#0] DEBUG block.SCMBlockDeletingService (DatanodeDeletedBlockTransactions.java:addTransactionToDN(50)) - Transaction added: ad4991cb-97ce-4dd6-b117-42e7f6b0816f <- TX(6)
2021-08-10 12:16:26,233 [SCMBlockDeletingService#0] DEBUG block.SCMBlockDeletingService (DatanodeDeletedBlockTransactions.java:addTransactionToDN(50)) - Transaction added: 01235482-5c07-4b37-86e9-3192ec4df84f <- TX(6)
2021-08-10 12:16:26,233 [SCMBlockDeletingService#0] DEBUG block.SCMBlockDeletingService (DatanodeDeletedBlockTransactions.java:addTransactionToDN(50)) - Transaction added: b13dbf35-3f05-4a51-87e4-7670ffffb89b <- TX(6)
2021-08-10 12:16:26,233 [SCMBlockDeletingService#0] DEBUG block.SCMBlockDeletingService (DatanodeDeletedBlockTransactions.java:addTransactionToDN(50)) - Transaction added: b13dbf35-3f05-4a51-87e4-7670ffffb89b <- TX(7)
2021-08-10 12:16:26,233 [SCMBlockDeletingService#0] DEBUG block.SCMBlockDeletingService (DatanodeDeletedBlockTransactions.java:addTransactionToDN(50)) - Transaction added: 01235482-5c07-4b37-86e9-3192ec4df84f <- TX(7)
2021-08-10 12:16:26,233 [SCMBlockDeletingService#0] DEBUG block.SCMBlockDeletingService (DatanodeDeletedBlockTransactions.java:addTransactionToDN(50)) - Transaction added: ad4991cb-97ce-4dd6-b117-42e7f6b0816f <- TX(7)
2021-08-10 12:16:26,233 [SCMBlockDeletingService#0] DEBUG block.SCMBlockDeletingService (DatanodeDeletedBlockTransactions.java:addTransactionToDN(50)) - Transaction added: 01235482-5c07-4b37-86e9-3192ec4df84f <- TX(8)
2021-08-10 12:16:26,233 [SCMBlockDeletingService#0] DEBUG block.SCMBlockDeletingService (DatanodeDeletedBlockTransactions.java:addTransactionToDN(50)) - Transaction added: b13dbf35-3f05-4a51-87e4-7670ffffb89b <- TX(8)
2021-08-10 12:16:26,233 [SCMBlockDeletingService#0] DEBUG block.SCMBlockDeletingService (DatanodeDeletedBlockTransactions.java:addTransactionToDN(50)) - Transaction added: ad4991cb-97ce-4dd6-b117-42e7f6b0816f <- TX(8)
2021-08-10 12:16:26,233 [SCMBlockDeletingService#0] DEBUG block.SCMBlockDeletingService (DatanodeDeletedBlockTransactions.java:addTransactionToDN(50)) - Transaction added: b13dbf35-3f05-4a51-87e4-7670ffffb89b <- TX(9)
2021-08-10 12:16:26,233 [SCMBlockDeletingService#0] DEBUG block.SCMBlockDeletingService (DatanodeDeletedBlockTransactions.java:addTransactionToDN(50)) - Transaction added: ad4991cb-97ce-4dd6-b117-42e7f6b0816f <- TX(9)
2021-08-10 12:16:26,233 [SCMBlockDeletingService#0] DEBUG block.SCMBlockDeletingService (DatanodeDeletedBlockTransactions.java:addTransactionToDN(50)) - Transaction added: 01235482-5c07-4b37-86e9-3192ec4df84f <- TX(9)
2021-08-10 12:16:26,233 [SCMBlockDeletingService#0] DEBUG block.SCMBlockDeletingService (DatanodeDeletedBlockTransactions.java:addTransactionToDN(50)) - Transaction added: 01235482-5c07-4b37-86e9-3192ec4df84f <- TX(10)
2021-08-10 12:16:26,233 [SCMBlockDeletingService#0] DEBUG block.SCMBlockDeletingService (DatanodeDeletedBlockTransactions.java:addTransactionToDN(50)) - Transaction added: b13dbf35-3f05-4a51-87e4-7670ffffb89b <- TX(10)
2021-08-10 12:16:26,233 [SCMBlockDeletingService#0] DEBUG block.SCMBlockDeletingService (DatanodeDeletedBlockTransactions.java:addTransactionToDN(50)) - Transaction added: ad4991cb-97ce-4dd6-b117-42e7f6b0816f <- TX(10)
2021-08-10 12:16:26,234 [SCMBlockDeletingService#0] DEBUG block.SCMBlockDeletingService (DatanodeDeletedBlockTransactions.java:addTransactionToDN(50)) - Transaction added: 01235482-5c07-4b37-86e9-3192ec4df84f <- TX(11)
2021-08-10 12:16:26,234 [SCMBlockDeletingService#0] DEBUG block.SCMBlockDeletingService (DatanodeDeletedBlockTransactions.java:addTransactionToDN(50)) - Transaction added: ad4991cb-97ce-4dd6-b117-42e7f6b0816f <- TX(11)
2021-08-10 12:16:26,234 [SCMBlockDeletingService#0] DEBUG block.SCMBlockDeletingService (DatanodeDeletedBlockTransactions.java:addTransactionToDN(50)) - Transaction added: b13dbf35-3f05-4a51-87e4-7670ffffb89b <- TX(11)
2021-08-10 12:16:26,234 [SCMBlockDeletingService#0] DEBUG block.SCMBlockDeletingService (DatanodeDeletedBlockTransactions.java:addTransactionToDN(50)) - Transaction added: b13dbf35-3f05-4a51-87e4-7670ffffb89b <- TX(12)
2021-08-10 12:16:26,234 [SCMBlockDeletingService#0] DEBUG block.SCMBlockDeletingService (DatanodeDeletedBlockTransactions.java:addTransactionToDN(50)) - Transaction added: ad4991cb-97ce-4dd6-b117-42e7f6b0816f <- TX(12)
2021-08-10 12:16:26,234 [SCMBlockDeletingService#0] DEBUG block.SCMBlockDeletingService (DatanodeDeletedBlockTransactions.java:addTransactionToDN(50)) - Transaction added: 01235482-5c07-4b37-86e9-3192ec4df84f <- TX(12)
2021-08-10 12:16:26,234 [SCMBlockDeletingService#0] DEBUG block.SCMBlockDeletingService (DatanodeDeletedBlockTransactions.java:addTransactionToDN(50)) - Transaction added: ad4991cb-97ce-4dd6-b117-42e7f6b0816f <- TX(13)
2021-08-10 12:16:26,234 [SCMBlockDeletingService#0] DEBUG block.SCMBlockDeletingService (DatanodeDeletedBlockTransactions.java:addTransactionToDN(50)) - Transaction added: 01235482-5c07-4b37-86e9-3192ec4df84f <- TX(13)
2021-08-10 12:16:26,234 [SCMBlockDeletingService#0] DEBUG block.SCMBlockDeletingService (DatanodeDeletedBlockTransactions.java:addTransactionToDN(50)) - Transaction added: b13dbf35-3f05-4a51-87e4-7670ffffb89b <- TX(13)
2021-08-10 12:16:26,234 [SCMBlockDeletingService#0] DEBUG block.SCMBlockDeletingService (DatanodeDeletedBlockTransactions.java:addTransactionToDN(50)) - Transaction added: b13dbf35-3f05-4a51-87e4-7670ffffb89b <- TX(14)
2021-08-10 12:16:26,234 [SCMBlockDeletingService#0] DEBUG block.SCMBlockDeletingService (DatanodeDeletedBlockTransactions.java:addTransactionToDN(50)) - Transaction added: ad4991cb-97ce-4dd6-b117-42e7f6b0816f <- TX(14)
2021-08-10 12:16:26,234 [SCMBlockDeletingService#0] DEBUG block.SCMBlockDeletingService (DatanodeDeletedBlockTransactions.java:addTransactionToDN(50)) - Transaction added: 01235482-5c07-4b37-86e9-3192ec4df84f <- TX(14)
2021-08-10 12:16:26,234 [SCMBlockDeletingService#0] DEBUG block.SCMBlockDeletingService (DatanodeDeletedBlockTransactions.java:addTransactionToDN(50)) - Transaction added: 01235482-5c07-4b37-86e9-3192ec4df84f <- TX(15)
2021-08-10 12:16:26,234 [SCMBlockDeletingService#0] DEBUG block.SCMBlockDeletingService (DatanodeDeletedBlockTransactions.java:addTransactionToDN(50)) - Transaction added: ad4991cb-97ce-4dd6-b117-42e7f6b0816f <- TX(15)
2021-08-10 12:16:26,234 [SCMBlockDeletingService#0] DEBUG block.SCMBlockDeletingService (DatanodeDeletedBlockTransactions.java:addTransactionToDN(50)) - Transaction added: b13dbf35-3f05-4a51-87e4-7670ffffb89b <- TX(15)
2021-08-10 12:16:26,234 [SCMBlockDeletingService#0] DEBUG block.SCMBlockDeletingService (DatanodeDeletedBlockTransactions.java:addTransactionToDN(50)) - Transaction added: b13dbf35-3f05-4a51-87e4-7670ffffb89b <- TX(16)
2021-08-10 12:16:26,234 [SCMBlockDeletingService#0] DEBUG block.SCMBlockDeletingService (DatanodeDeletedBlockTransactions.java:addTransactionToDN(50)) - Transaction added: ad4991cb-97ce-4dd6-b117-42e7f6b0816f <- TX(16)
2021-08-10 12:16:26,234 [SCMBlockDeletingService#0] DEBUG block.SCMBlockDeletingService (DatanodeDeletedBlockTransactions.java:addTransactionToDN(50)) - Transaction added: 01235482-5c07-4b37-86e9-3192ec4df84f <- TX(16)
2021-08-10 12:16:26,234 [SCMBlockDeletingService#0] DEBUG block.SCMBlockDeletingService (DatanodeDeletedBlockTransactions.java:addTransactionToDN(50)) - Transaction added: 01235482-5c07-4b37-86e9-3192ec4df84f <- TX(17)
2021-08-10 12:16:26,234 [SCMBlockDeletingService#0] DEBUG block.SCMBlockDeletingService (DatanodeDeletedBlockTransactions.java:addTransactionToDN(50)) - Transaction added: b13dbf35-3f05-4a51-87e4-7670ffffb89b <- TX(17)
2021-08-10 12:16:26,234 [SCMBlockDeletingService#0] DEBUG block.SCMBlockDeletingService (DatanodeDeletedBlockTransactions.java:addTransactionToDN(50)) - Transaction added: ad4991cb-97ce-4dd6-b117-42e7f6b0816f <- TX(17)
2021-08-10 12:16:26,234 [SCMBlockDeletingService#0] DEBUG block.SCMBlockDeletingService (DatanodeDeletedBlockTransactions.java:addTransactionToDN(50)) - Transaction added: ad4991cb-97ce-4dd6-b117-42e7f6b0816f <- TX(18)
2021-08-10 12:16:26,234 [SCMBlockDeletingService#0] DEBUG block.SCMBlockDeletingService (DatanodeDeletedBlockTransactions.java:addTransactionToDN(50)) - Transaction added: 01235482-5c07-4b37-86e9-3192ec4df84f <- TX(18)
2021-08-10 12:16:26,234 [SCMBlockDeletingService#0] DEBUG block.SCMBlockDeletingService (DatanodeDeletedBlockTransactions.java:addTransactionToDN(50)) - Transaction added: b13dbf35-3f05-4a51-87e4-7670ffffb89b <- TX(18)
2021-08-10 12:16:26,234 [SCMBlockDeletingService#0] DEBUG block.SCMBlockDeletingService (DatanodeDeletedBlockTransactions.java:addTransactionToDN(50)) - Transaction added: b13dbf35-3f05-4a51-87e4-7670ffffb89b <- TX(19)
2021-08-10 12:16:26,234 [SCMBlockDeletingService#0] DEBUG block.SCMBlockDeletingService (DatanodeDeletedBlockTransactions.java:addTransactionToDN(50)) - Transaction added: 01235482-5c07-4b37-86e9-3192ec4df84f <- TX(19)
2021-08-10 12:16:26,234 [SCMBlockDeletingService#0] DEBUG block.SCMBlockDeletingService (DatanodeDeletedBlockTransactions.java:addTransactionToDN(50)) - Transaction added: ad4991cb-97ce-4dd6-b117-42e7f6b0816f <- TX(19)
2021-08-10 12:16:26,234 [SCMBlockDeletingService#0] DEBUG block.SCMBlockDeletingService (DatanodeDeletedBlockTransactions.java:addTransactionToDN(50)) - Transaction added: ad4991cb-97ce-4dd6-b117-42e7f6b0816f <- TX(20)
2021-08-10 12:16:26,234 [SCMBlockDeletingService#0] DEBUG block.SCMBlockDeletingService (DatanodeDeletedBlockTransactions.java:addTransactionToDN(50)) - Transaction added: 01235482-5c07-4b37-86e9-3192ec4df84f <- TX(20)
2021-08-10 12:16:26,234 [SCMBlockDeletingService#0] DEBUG block.SCMBlockDeletingService (DatanodeDeletedBlockTransactions.java:addTransactionToDN(50)) - Transaction added: b13dbf35-3f05-4a51-87e4-7670ffffb89b <- TX(20)
2021-08-10 12:16:26,234 [SCMBlockDeletingService#0] DEBUG block.SCMBlockDeletingService (DatanodeDeletedBlockTransactions.java:addTransactionToDN(50)) - Transaction added: b13dbf35-3f05-4a51-87e4-7670ffffb89b <- TX(21)
2021-08-10 12:16:26,234 [SCMBlockDeletingService#0] DEBUG block.SCMBlockDeletingService (DatanodeDeletedBlockTransactions.java:addTransactionToDN(50)) - Transaction added: ad4991cb-97ce-4dd6-b117-42e7f6b0816f <- TX(21)
2021-08-10 12:16:26,234 [SCMBlockDeletingService#0] DEBUG block.SCMBlockDeletingService (DatanodeDeletedBlockTransactions.java:addTransactionToDN(50)) - Transaction added: 01235482-5c07-4b37-86e9-3192ec4df84f <- TX(21)
2021-08-10 12:16:26,234 [SCMBlockDeletingService#0] DEBUG block.SCMBlockDeletingService (DatanodeDeletedBlockTransactions.java:addTransactionToDN(50)) - Transaction added: ad4991cb-97ce-4dd6-b117-42e7f6b0816f <- TX(22)
2021-08-10 12:16:26,234 [SCMBlockDeletingService#0] DEBUG block.SCMBlockDeletingService (DatanodeDeletedBlockTransactions.java:addTransactionToDN(50)) - Transaction added: 01235482-5c07-4b37-86e9-3192ec4df84f <- TX(22)
2021-08-10 12:16:26,234 [SCMBlockDeletingService#0] DEBUG block.SCMBlockDeletingService (DatanodeDeletedBlockTransactions.java:addTransactionToDN(50)) - Transaction added: b13dbf35-3f05-4a51-87e4-7670ffffb89b <- TX(22)
2021-08-10 12:16:26,234 [SCMBlockDeletingService#0] DEBUG block.SCMBlockDeletingService (DatanodeDeletedBlockTransactions.java:addTransactionToDN(50)) - Transaction added: b13dbf35-3f05-4a51-87e4-7670ffffb89b <- TX(23)
2021-08-10 12:16:26,235 [SCMBlockDeletingService#0] DEBUG block.SCMBlockDeletingService (DatanodeDeletedBlockTransactions.java:addTransactionToDN(50)) - Transaction added: 01235482-5c07-4b37-86e9-3192ec4df84f <- TX(23)
2021-08-10 12:16:26,235 [SCMBlockDeletingService#0] DEBUG block.SCMBlockDeletingService (DatanodeDeletedBlockTransactions.java:addTransactionToDN(50)) - Transaction added: ad4991cb-97ce-4dd6-b117-42e7f6b0816f <- TX(23)
2021-08-10 12:16:26,235 [SCMBlockDeletingService#0] DEBUG block.SCMBlockDeletingService (DatanodeDeletedBlockTransactions.java:addTransactionToDN(50)) - Transaction added: 01235482-5c07-4b37-86e9-3192ec4df84f <- TX(24)
2021-08-10 12:16:26,235 [SCMBlockDeletingService#0] DEBUG block.SCMBlockDeletingService (DatanodeDeletedBlockTransactions.java:addTransactionToDN(50)) - Transaction added: b13dbf35-3f05-4a51-87e4-7670ffffb89b <- TX(24)
2021-08-10 12:16:26,235 [SCMBlockDeletingService#0] DEBUG block.SCMBlockDeletingService (DatanodeDeletedBlockTransactions.java:addTransactionToDN(50)) - Transaction added: ad4991cb-97ce-4dd6-b117-42e7f6b0816f <- TX(24)
2021-08-10 12:16:26,235 [SCMBlockDeletingService#0] DEBUG block.SCMBlockDeletingService (DatanodeDeletedBlockTransactions.java:addTransactionToDN(50)) - Transaction added: b13dbf35-3f05-4a51-87e4-7670ffffb89b <- TX(25)
2021-08-10 12:16:26,235 [SCMBlockDeletingService#0] DEBUG block.SCMBlockDeletingService (DatanodeDeletedBlockTransactions.java:addTransactionToDN(50)) - Transaction added: ad4991cb-97ce-4dd6-b117-42e7f6b0816f <- TX(25)
2021-08-10 12:16:26,235 [SCMBlockDeletingService#0] DEBUG block.SCMBlockDeletingService (DatanodeDeletedBlockTransactions.java:addTransactionToDN(50)) - Transaction added: 01235482-5c07-4b37-86e9-3192ec4df84f <- TX(25)
2021-08-10 12:16:26,235 [SCMBlockDeletingService#0] DEBUG block.SCMBlockDeletingService (DatanodeDeletedBlockTransactions.java:addTransactionToDN(50)) - Transaction added: 01235482-5c07-4b37-86e9-3192ec4df84f <- TX(26)
2021-08-10 12:16:26,235 [SCMBlockDeletingService#0] DEBUG block.SCMBlockDeletingService (DatanodeDeletedBlockTransactions.java:addTransactionToDN(50)) - Transaction added: b13dbf35-3f05-4a51-87e4-7670ffffb89b <- TX(26)
2021-08-10 12:16:26,235 [SCMBlockDeletingService#0] DEBUG block.SCMBlockDeletingService (DatanodeDeletedBlockTransactions.java:addTransactionToDN(50)) - Transaction added: ad4991cb-97ce-4dd6-b117-42e7f6b0816f <- TX(26)
2021-08-10 12:16:26,235 [SCMBlockDeletingService#0] DEBUG block.SCMBlockDeletingService (DatanodeDeletedBlockTransactions.java:addTransactionToDN(50)) - Transaction added: 01235482-5c07-4b37-86e9-3192ec4df84f <- TX(27)
2021-08-10 12:16:26,235 [SCMBlockDeletingService#0] DEBUG block.SCMBlockDeletingService (DatanodeDeletedBlockTransactions.java:addTransactionToDN(50)) - Transaction added: ad4991cb-97ce-4dd6-b117-42e7f6b0816f <- TX(27)
2021-08-10 12:16:26,235 [SCMBlockDeletingService#0] DEBUG block.SCMBlockDeletingService (DatanodeDeletedBlockTransactions.java:addTransactionToDN(50)) - Transaction added: b13dbf35-3f05-4a51-87e4-7670ffffb89b <- TX(27)
2021-08-10 12:16:26,235 [SCMBlockDeletingService#0] DEBUG block.SCMBlockDeletingService (DatanodeDeletedBlockTransactions.java:addTransactionToDN(50)) - Transaction added: b13dbf35-3f05-4a51-87e4-7670ffffb89b <- TX(28)
2021-08-10 12:16:26,235 [SCMBlockDeletingService#0] DEBUG block.SCMBlockDeletingService (DatanodeDeletedBlockTransactions.java:addTransactionToDN(50)) - Transaction added: ad4991cb-97ce-4dd6-b117-42e7f6b0816f <- TX(28)
2021-08-10 12:16:26,235 [SCMBlockDeletingService#0] DEBUG block.SCMBlockDeletingService (DatanodeDeletedBlockTransactions.java:addTransactionToDN(50)) - Transaction added: 01235482-5c07-4b37-86e9-3192ec4df84f <- TX(28)
2021-08-10 12:16:26,235 [SCMBlockDeletingService#0] DEBUG block.SCMBlockDeletingService (DatanodeDeletedBlockTransactions.java:addTransactionToDN(50)) - Transaction added: ad4991cb-97ce-4dd6-b117-42e7f6b0816f <- TX(29)
2021-08-10 12:16:26,235 [SCMBlockDeletingService#0] DEBUG block.SCMBlockDeletingService (DatanodeDeletedBlockTransactions.java:addTransactionToDN(50)) - Transaction added: 01235482-5c07-4b37-86e9-3192ec4df84f <- TX(29)
2021-08-10 12:16:26,235 [SCMBlockDeletingService#0] DEBUG block.SCMBlockDeletingService (DatanodeDeletedBlockTransactions.java:addTransactionToDN(50)) - Transaction added: b13dbf35-3f05-4a51-87e4-7670ffffb89b <- TX(29)
2021-08-10 12:16:26,235 [SCMBlockDeletingService#0] DEBUG block.SCMBlockDeletingService (DatanodeDeletedBlockTransactions.java:addTransactionToDN(50)) - Transaction added: b13dbf35-3f05-4a51-87e4-7670ffffb89b <- TX(30)
2021-08-10 12:16:26,235 [SCMBlockDeletingService#0] DEBUG block.SCMBlockDeletingService (DatanodeDeletedBlockTransactions.java:addTransactionToDN(50)) - Transaction added: ad4991cb-97ce-4dd6-b117-42e7f6b0816f <- TX(30)
2021-08-10 12:16:26,235 [SCMBlockDeletingService#0] DEBUG block.SCMBlockDeletingService (DatanodeDeletedBlockTransactions.java:addTransactionToDN(50)) - Transaction added: 01235482-5c07-4b37-86e9-3192ec4df84f <- TX(30)
2021-08-10 12:16:26,235 [SCMBlockDeletingService#0] DEBUG block.SCMBlockDeletingService (DatanodeDeletedBlockTransactions.java:addTransactionToDN(50)) - Transaction added: 01235482-5c07-4b37-86e9-3192ec4df84f <- TX(31)
2021-08-10 12:16:26,235 [SCMBlockDeletingService#0] DEBUG block.SCMBlockDeletingService (DatanodeDeletedBlockTransactions.java:addTransactionToDN(50)) - Transaction added: ad4991cb-97ce-4dd6-b117-42e7f6b0816f <- TX(31)
2021-08-10 12:16:26,235 [SCMBlockDeletingService#0] DEBUG block.SCMBlockDeletingService (DatanodeDeletedBlockTransactions.java:addTransactionToDN(50)) - Transaction added: b13dbf35-3f05-4a51-87e4-7670ffffb89b <- TX(31)
2021-08-10 12:16:26,235 [SCMBlockDeletingService#0] DEBUG block.SCMBlockDeletingService (DatanodeDeletedBlockTransactions.java:addTransactionToDN(50)) - Transaction added: b13dbf35-3f05-4a51-87e4-7670ffffb89b <- TX(32)
2021-08-10 12:16:26,235 [SCMBlockDeletingService#0] DEBUG block.SCMBlockDeletingService (DatanodeDeletedBlockTransactions.java:addTransactionToDN(50)) - Transaction added: ad4991cb-97ce-4dd6-b117-42e7f6b0816f <- TX(32)
2021-08-10 12:16:26,235 [SCMBlockDeletingService#0] DEBUG block.SCMBlockDeletingService (DatanodeDeletedBlockTransactions.java:addTransactionToDN(50)) - Transaction added: 01235482-5c07-4b37-86e9-3192ec4df84f <- TX(32)
2021-08-10 12:16:26,235 [SCMBlockDeletingService#0] DEBUG block.SCMBlockDeletingService (DatanodeDeletedBlockTransactions.java:addTransactionToDN(50)) - Transaction added: 01235482-5c07-4b37-86e9-3192ec4df84f <- TX(33)
2021-08-10 12:16:26,236 [SCMBlockDeletingService#0] DEBUG block.SCMBlockDeletingService (DatanodeDeletedBlockTransactions.java:addTransactionToDN(50)) - Transaction added: b13dbf35-3f05-4a51-87e4-7670ffffb89b <- TX(33)
2021-08-10 12:16:26,236 [SCMBlockDeletingService#0] DEBUG block.SCMBlockDeletingService (DatanodeDeletedBlockTransactions.java:addTransactionToDN(50)) - Transaction added: ad4991cb-97ce-4dd6-b117-42e7f6b0816f <- TX(33)
2021-08-10 12:16:26,236 [SCMBlockDeletingService#0] DEBUG block.SCMBlockDeletingService (DatanodeDeletedBlockTransactions.java:addTransactionToDN(50)) - Transaction added: ad4991cb-97ce-4dd6-b117-42e7f6b0816f <- TX(34)
2021-08-10 12:16:26,236 [SCMBlockDeletingService#0] DEBUG block.SCMBlockDeletingService (DatanodeDeletedBlockTransactions.java:addTransactionToDN(50)) - Transaction added: 01235482-5c07-4b37-86e9-3192ec4df84f <- TX(34)
2021-08-10 12:16:26,236 [SCMBlockDeletingService#0] DEBUG block.SCMBlockDeletingService (DatanodeDeletedBlockTransactions.java:addTransactionToDN(50)) - Transaction added: b13dbf35-3f05-4a51-87e4-7670ffffb89b <- TX(34)
2021-08-10 12:16:26,236 [SCMBlockDeletingService#0] DEBUG block.SCMBlockDeletingService (DatanodeDeletedBlockTransactions.java:addTransactionToDN(50)) - Transaction added: b13dbf35-3f05-4a51-87e4-7670ffffb89b <- TX(35)
2021-08-10 12:16:26,236 [SCMBlockDeletingService#0] DEBUG block.SCMBlockDeletingService (DatanodeDeletedBlockTransactions.java:addTransactionToDN(50)) - Transaction added: 01235482-5c07-4b37-86e9-3192ec4df84f <- TX(35)
2021-08-10 12:16:26,236 [SCMBlockDeletingService#0] DEBUG block.SCMBlockDeletingService (DatanodeDeletedBlockTransactions.java:addTransactionToDN(50)) - Transaction added: ad4991cb-97ce-4dd6-b117-42e7f6b0816f <- TX(35)
2021-08-10 12:16:26,236 [SCMBlockDeletingService#0] DEBUG block.SCMBlockDeletingService (DatanodeDeletedBlockTransactions.java:addTransactionToDN(50)) - Transaction added: ad4991cb-97ce-4dd6-b117-42e7f6b0816f <- TX(36)
2021-08-10 12:16:26,236 [SCMBlockDeletingService#0] DEBUG block.SCMBlockDeletingService (DatanodeDeletedBlockTransactions.java:addTransactionToDN(50)) - Transaction added: 01235482-5c07-4b37-86e9-3192ec4df84f <- TX(36)
2021-08-10 12:16:26,236 [SCMBlockDeletingService#0] DEBUG block.SCMBlockDeletingService (DatanodeDeletedBlockTransactions.java:addTransactionToDN(50)) - Transaction added: b13dbf35-3f05-4a51-87e4-7670ffffb89b <- TX(36)
2021-08-10 12:16:26,236 [SCMBlockDeletingService#0] DEBUG block.SCMBlockDeletingService (DatanodeDeletedBlockTransactions.java:addTransactionToDN(50)) - Transaction added: b13dbf35-3f05-4a51-87e4-7670ffffb89b <- TX(37)
2021-08-10 12:16:26,236 [SCMBlockDeletingService#0] DEBUG block.SCMBlockDeletingService (DatanodeDeletedBlockTransactions.java:addTransactionToDN(50)) - Transaction added: ad4991cb-97ce-4dd6-b117-42e7f6b0816f <- TX(37)
2021-08-10 12:16:26,236 [SCMBlockDeletingService#0] DEBUG block.SCMBlockDeletingService (DatanodeDeletedBlockTransactions.java:addTransactionToDN(50)) - Transaction added: 01235482-5c07-4b37-86e9-3192ec4df84f <- TX(37)
2021-08-10 12:16:26,236 [SCMBlockDeletingService#0] DEBUG block.SCMBlockDeletingService (DatanodeDeletedBlockTransactions.java:addTransactionToDN(50)) - Transaction added: ad4991cb-97ce-4dd6-b117-42e7f6b0816f <- TX(38)
2021-08-10 12:16:26,236 [SCMBlockDeletingService#0] DEBUG block.SCMBlockDeletingService (DatanodeDeletedBlockTransactions.java:addTransactionToDN(50)) - Transaction added: 01235482-5c07-4b37-86e9-3192ec4df84f <- TX(38)
2021-08-10 12:16:26,236 [SCMBlockDeletingService#0] DEBUG block.SCMBlockDeletingService (DatanodeDeletedBlockTransactions.java:addTransactionToDN(50)) - Transaction added: b13dbf35-3f05-4a51-87e4-7670ffffb89b <- TX(38)
2021-08-10 12:16:26,236 [SCMBlockDeletingService#0] DEBUG block.SCMBlockDeletingService (DatanodeDeletedBlockTransactions.java:addTransactionToDN(50)) - Transaction added: b13dbf35-3f05-4a51-87e4-7670ffffb89b <- TX(39)
2021-08-10 12:16:26,236 [SCMBlockDeletingService#0] DEBUG block.SCMBlockDeletingService (DatanodeDeletedBlockTransactions.java:addTransactionToDN(50)) - Transaction added: 01235482-5c07-4b37-86e9-3192ec4df84f <- TX(39)
2021-08-10 12:16:26,236 [SCMBlockDeletingService#0] DEBUG block.SCMBlockDeletingService (DatanodeDeletedBlockTransactions.java:addTransactionToDN(50)) - Transaction added: ad4991cb-97ce-4dd6-b117-42e7f6b0816f <- TX(39)
2021-08-10 12:16:26,236 [SCMBlockDeletingService#0] DEBUG block.SCMBlockDeletingService (DatanodeDeletedBlockTransactions.java:addTransactionToDN(50)) - Transaction added: 01235482-5c07-4b37-86e9-3192ec4df84f <- TX(40)
2021-08-10 12:16:26,236 [SCMBlockDeletingService#0] DEBUG block.SCMBlockDeletingService (DatanodeDeletedBlockTransactions.java:addTransactionToDN(50)) - Transaction added: b13dbf35-3f05-4a51-87e4-7670ffffb89b <- TX(40)
2021-08-10 12:16:26,236 [SCMBlockDeletingService#0] DEBUG block.SCMBlockDeletingService (DatanodeDeletedBlockTransactions.java:addTransactionToDN(50)) - Transaction added: ad4991cb-97ce-4dd6-b117-42e7f6b0816f <- TX(40)
2021-08-10 12:16:26,236 [SCMBlockDeletingService#0] DEBUG block.SCMBlockDeletingService (DatanodeDeletedBlockTransactions.java:addTransactionToDN(50)) - Transaction added: b13dbf35-3f05-4a51-87e4-7670ffffb89b <- TX(41)
2021-08-10 12:16:26,236 [SCMBlockDeletingService#0] DEBUG block.SCMBlockDeletingService (DatanodeDeletedBlockTransactions.java:addTransactionToDN(50)) - Transaction added: ad4991cb-97ce-4dd6-b117-42e7f6b0816f <- TX(41)
2021-08-10 12:16:26,236 [SCMBlockDeletingService#0] DEBUG block.SCMBlockDeletingService (DatanodeDeletedBlockTransactions.java:addTransactionToDN(50)) - Transaction added: 01235482-5c07-4b37-86e9-3192ec4df84f <- TX(41)
2021-08-10 12:16:26,236 [SCMBlockDeletingService#0] DEBUG block.SCMBlockDeletingService (DatanodeDeletedBlockTransactions.java:addTransactionToDN(50)) - Transaction added: 01235482-5c07-4b37-86e9-3192ec4df84f <- TX(42)
2021-08-10 12:16:26,236 [SCMBlockDeletingService#0] DEBUG block.SCMBlockDeletingService (DatanodeDeletedBlockTransactions.java:addTransactionToDN(50)) - Transaction added: b13dbf35-3f05-4a51-87e4-7670ffffb89b <- TX(42)
2021-08-10 12:16:26,236 [SCMBlockDeletingService#0] DEBUG block.SCMBlockDeletingService (DatanodeDeletedBlockTransactions.java:addTransactionToDN(50)) - Transaction added: ad4991cb-97ce-4dd6-b117-42e7f6b0816f <- TX(42)
2021-08-10 12:16:26,236 [SCMBlockDeletingService#0] DEBUG block.SCMBlockDeletingService (DatanodeDeletedBlockTransactions.java:addTransactionToDN(50)) - Transaction added: 01235482-5c07-4b37-86e9-3192ec4df84f <- TX(43)
2021-08-10 12:16:26,236 [SCMBlockDeletingService#0] DEBUG block.SCMBlockDeletingService (DatanodeDeletedBlockTransactions.java:addTransactionToDN(50)) - Transaction added: ad4991cb-97ce-4dd6-b117-42e7f6b0816f <- TX(43)
2021-08-10 12:16:26,236 [SCMBlockDeletingService#0] DEBUG block.SCMBlockDeletingService (DatanodeDeletedBlockTransactions.java:addTransactionToDN(50)) - Transaction added: b13dbf35-3f05-4a51-87e4-7670ffffb89b <- TX(43)
2021-08-10 12:16:26,236 [SCMBlockDeletingService#0] DEBUG block.SCMBlockDeletingService (DatanodeDeletedBlockTransactions.java:addTransactionToDN(50)) - Transaction added: b13dbf35-3f05-4a51-87e4-7670ffffb89b <- TX(44)
2021-08-10 12:16:26,236 [SCMBlockDeletingService#0] DEBUG block.SCMBlockDeletingService (DatanodeDeletedBlockTransactions.java:addTransactionToDN(50)) - Transaction added: ad4991cb-97ce-4dd6-b117-42e7f6b0816f <- TX(44)
2021-08-10 12:16:26,236 [SCMBlockDeletingService#0] DEBUG block.SCMBlockDeletingService (DatanodeDeletedBlockTransactions.java:addTransactionToDN(50)) - Transaction added: 01235482-5c07-4b37-86e9-3192ec4df84f <- TX(44)
2021-08-10 12:16:26,236 [SCMBlockDeletingService#0] DEBUG block.SCMBlockDeletingService (DatanodeDeletedBlockTransactions.java:addTransactionToDN(50)) - Transaction added: ad4991cb-97ce-4dd6-b117-42e7f6b0816f <- TX(45)
2021-08-10 12:16:26,236 [SCMBlockDeletingService#0] DEBUG block.SCMBlockDeletingService (DatanodeDeletedBlockTransactions.java:addTransactionToDN(50)) - Transaction added: 01235482-5c07-4b37-86e9-3192ec4df84f <- TX(45)
2021-08-10 12:16:26,236 [SCMBlockDeletingService#0] DEBUG block.SCMBlockDeletingService (DatanodeDeletedBlockTransactions.java:addTransactionToDN(50)) - Transaction added: b13dbf35-3f05-4a51-87e4-7670ffffb89b <- TX(45)
2021-08-10 12:16:26,236 [SCMBlockDeletingService#0] DEBUG block.SCMBlockDeletingService (DatanodeDeletedBlockTransactions.java:addTransactionToDN(50)) - Transaction added: b13dbf35-3f05-4a51-87e4-7670ffffb89b <- TX(46)
2021-08-10 12:16:26,237 [SCMBlockDeletingService#0] DEBUG block.SCMBlockDeletingService (DatanodeDeletedBlockTransactions.java:addTransactionToDN(50)) - Transaction added: ad4991cb-97ce-4dd6-b117-42e7f6b0816f <- TX(46)
2021-08-10 12:16:26,237 [SCMBlockDeletingService#0] DEBUG block.SCMBlockDeletingService (DatanodeDeletedBlockTransactions.java:addTransactionToDN(50)) - Transaction added: 01235482-5c07-4b37-86e9-3192ec4df84f <- TX(46)
2021-08-10 12:16:26,237 [SCMBlockDeletingService#0] DEBUG block.SCMBlockDeletingService (DatanodeDeletedBlockTransactions.java:addTransactionToDN(50)) - Transaction added: 01235482-5c07-4b37-86e9-3192ec4df84f <- TX(47)
2021-08-10 12:16:26,237 [SCMBlockDeletingService#0] DEBUG block.SCMBlockDeletingService (DatanodeDeletedBlockTransactions.java:addTransactionToDN(50)) - Transaction added: ad4991cb-97ce-4dd6-b117-42e7f6b0816f <- TX(47)
2021-08-10 12:16:26,237 [SCMBlockDeletingService#0] DEBUG block.SCMBlockDeletingService (DatanodeDeletedBlockTransactions.java:addTransactionToDN(50)) - Transaction added: b13dbf35-3f05-4a51-87e4-7670ffffb89b <- TX(47)
2021-08-10 12:16:26,237 [SCMBlockDeletingService#0] DEBUG block.SCMBlockDeletingService (DatanodeDeletedBlockTransactions.java:addTransactionToDN(50)) - Transaction added: b13dbf35-3f05-4a51-87e4-7670ffffb89b <- TX(48)
2021-08-10 12:16:26,237 [SCMBlockDeletingService#0] DEBUG block.SCMBlockDeletingService (DatanodeDeletedBlockTransactions.java:addTransactionToDN(50)) - Transaction added: ad4991cb-97ce-4dd6-b117-42e7f6b0816f <- TX(48)
2021-08-10 12:16:26,237 [SCMBlockDeletingService#0] DEBUG block.SCMBlockDeletingService (DatanodeDeletedBlockTransactions.java:addTransactionToDN(50)) - Transaction added: 01235482-5c07-4b37-86e9-3192ec4df84f <- TX(48)
2021-08-10 12:16:26,237 [SCMBlockDeletingService#0] DEBUG block.SCMBlockDeletingService (DatanodeDeletedBlockTransactions.java:addTransactionToDN(50)) - Transaction added: 01235482-5c07-4b37-86e9-3192ec4df84f <- TX(49)
2021-08-10 12:16:26,237 [SCMBlockDeletingService#0] DEBUG block.SCMBlockDeletingService (DatanodeDeletedBlockTransactions.java:addTransactionToDN(50)) - Transaction added: b13dbf35-3f05-4a51-87e4-7670ffffb89b <- TX(49)
2021-08-10 12:16:26,237 [SCMBlockDeletingService#0] DEBUG block.SCMBlockDeletingService (DatanodeDeletedBlockTransactions.java:addTransactionToDN(50)) - Transaction added: ad4991cb-97ce-4dd6-b117-42e7f6b0816f <- TX(49)
2021-08-10 12:16:26,237 [SCMBlockDeletingService#0] DEBUG block.SCMBlockDeletingService (DatanodeDeletedBlockTransactions.java:addTransactionToDN(50)) - Transaction added: ad4991cb-97ce-4dd6-b117-42e7f6b0816f <- TX(50)
2021-08-10 12:16:26,237 [SCMBlockDeletingService#0] DEBUG block.SCMBlockDeletingService (DatanodeDeletedBlockTransactions.java:addTransactionToDN(50)) - Transaction added: 01235482-5c07-4b37-86e9-3192ec4df84f <- TX(50)
2021-08-10 12:16:26,237 [SCMBlockDeletingService#0] DEBUG block.SCMBlockDeletingService (DatanodeDeletedBlockTransactions.java:addTransactionToDN(50)) - Transaction added: b13dbf35-3f05-4a51-87e4-7670ffffb89b <- TX(50)
2021-08-10 12:16:26,237 [SCMBlockDeletingService#0] DEBUG block.SCMBlockDeletingService (DatanodeDeletedBlockTransactions.java:addTransactionToDN(50)) - Transaction added: b13dbf35-3f05-4a51-87e4-7670ffffb89b <- TX(51)
2021-08-10 12:16:26,237 [SCMBlockDeletingService#0] DEBUG block.SCMBlockDeletingService (DatanodeDeletedBlockTransactions.java:addTransactionToDN(50)) - Transaction added: 01235482-5c07-4b37-86e9-3192ec4df84f <- TX(51)
2021-08-10 12:16:26,237 [SCMBlockDeletingService#0] DEBUG block.SCMBlockDeletingService (DatanodeDeletedBlockTransactions.java:addTransactionToDN(50)) - Transaction added: ad4991cb-97ce-4dd6-b117-42e7f6b0816f <- TX(51)
2021-08-10 12:16:26,237 [SCMBlockDeletingService#0] DEBUG block.SCMBlockDeletingService (DatanodeDeletedBlockTransactions.java:addTransactionToDN(50)) - Transaction added: ad4991cb-97ce-4dd6-b117-42e7f6b0816f <- TX(52)
2021-08-10 12:16:26,237 [SCMBlockDeletingService#0] DEBUG block.SCMBlockDeletingService (DatanodeDeletedBlockTransactions.java:addTransactionToDN(50)) - Transaction added: 01235482-5c07-4b37-86e9-3192ec4df84f <- TX(52)
2021-08-10 12:16:26,237 [SCMBlockDeletingService#0] DEBUG block.SCMBlockDeletingService (DatanodeDeletedBlockTransactions.java:addTransactionToDN(50)) - Transaction added: b13dbf35-3f05-4a51-87e4-7670ffffb89b <- TX(52)
2021-08-10 12:16:26,237 [SCMBlockDeletingService#0] DEBUG block.SCMBlockDeletingService (DatanodeDeletedBlockTransactions.java:addTransactionToDN(50)) - Transaction added: b13dbf35-3f05-4a51-87e4-7670ffffb89b <- TX(53)
2021-08-10 12:16:26,237 [SCMBlockDeletingService#0] DEBUG block.SCMBlockDeletingService (DatanodeDeletedBlockTransactions.java:addTransactionToDN(50)) - Transaction added: ad4991cb-97ce-4dd6-b117-42e7f6b0816f <- TX(53)
2021-08-10 12:16:26,237 [SCMBlockDeletingService#0] DEBUG block.SCMBlockDeletingService (DatanodeDeletedBlockTransactions.java:addTransactionToDN(50)) - Transaction added: 01235482-5c07-4b37-86e9-3192ec4df84f <- TX(53)
2021-08-10 12:16:26,237 [SCMBlockDeletingService#0] DEBUG block.SCMBlockDeletingService (DatanodeDeletedBlockTransactions.java:addTransactionToDN(50)) - Transaction added: ad4991cb-97ce-4dd6-b117-42e7f6b0816f <- TX(54)
2021-08-10 12:16:26,237 [SCMBlockDeletingService#0] DEBUG block.SCMBlockDeletingService (DatanodeDeletedBlockTransactions.java:addTransactionToDN(50)) - Transaction added: 01235482-5c07-4b37-86e9-3192ec4df84f <- TX(54)
2021-08-10 12:16:26,237 [SCMBlockDeletingService#0] DEBUG block.SCMBlockDeletingService (DatanodeDeletedBlockTransactions.java:addTransactionToDN(50)) - Transaction added: b13dbf35-3f05-4a51-87e4-7670ffffb89b <- TX(54)
2021-08-10 12:16:26,237 [SCMBlockDeletingService#0] DEBUG block.SCMBlockDeletingService (DatanodeDeletedBlockTransactions.java:addTransactionToDN(50)) - Transaction added: b13dbf35-3f05-4a51-87e4-7670ffffb89b <- TX(55)
2021-08-10 12:16:26,237 [SCMBlockDeletingService#0] DEBUG block.SCMBlockDeletingService (DatanodeDeletedBlockTransactions.java:addTransactionToDN(50)) - Transaction added: 01235482-5c07-4b37-86e9-3192ec4df84f <- TX(55)
2021-08-10 12:16:26,237 [SCMBlockDeletingService#0] DEBUG block.SCMBlockDeletingService (DatanodeDeletedBlockTransactions.java:addTransactionToDN(50)) - Transaction added: ad4991cb-97ce-4dd6-b117-42e7f6b0816f <- TX(55)
2021-08-10 12:16:26,237 [SCMBlockDeletingService#0] DEBUG block.SCMBlockDeletingService (DatanodeDeletedBlockTransactions.java:addTransactionToDN(50)) - Transaction added: 01235482-5c07-4b37-86e9-3192ec4df84f <- TX(56)
2021-08-10 12:16:26,237 [SCMBlockDeletingService#0] DEBUG block.SCMBlockDeletingService (DatanodeDeletedBlockTransactions.java:addTransactionToDN(50)) - Transaction added: b13dbf35-3f05-4a51-87e4-7670ffffb89b <- TX(56)
2021-08-10 12:16:26,237 [SCMBlockDeletingService#0] DEBUG block.SCMBlockDeletingService (DatanodeDeletedBlockTransactions.java:addTransactionToDN(50)) - Transaction added: ad4991cb-97ce-4dd6-b117-42e7f6b0816f <- TX(56)
2021-08-10 12:16:26,238 [SCMBlockDeletingService#0] DEBUG block.SCMBlockDeletingService (SCMBlockDeletingService.java:call(164)) - Added delete block command for datanode ad4991cb-97ce-4dd6-b117-42e7f6b0816f in the queue, number of delete block transactions: 56
2021-08-10 12:16:26,238 [SCMBlockDeletingService#0] DEBUG block.SCMBlockDeletingService (SCMBlockDeletingService.java:call(164)) - Added delete block command for datanode 01235482-5c07-4b37-86e9-3192ec4df84f in the queue, number of delete block transactions: 56
2021-08-10 12:16:26,238 [SCMBlockDeletingService#0] DEBUG block.SCMBlockDeletingService (SCMBlockDeletingService.java:call(164)) - Added delete block command for datanode b13dbf35-3f05-4a51-87e4-7670ffffb89b in the queue, number of delete block transactions: 56
2021-08-10 12:16:26,238 [SCMBlockDeletingService#0] INFO  block.SCMBlockDeletingService (SCMBlockDeletingService.java:call(174)) - Totally added 168 blocks to be deleted for 3 datanodes, task elapsed time: 5ms
2021-08-10 12:16:26,333 [SCMBlockDeletingService#0] DEBUG block.SCMBlockDeletingService (SCMBlockDeletingService.java:call(133)) - Running DeletedBlockTransactionScanner
2021-08-10 12:16:26,333 [SCMBlockDeletingService#0] DEBUG block.SCMBlockDeletingService (DatanodeDeletedBlockTransactions.java:addTransactionToDN(50)) - Transaction added: 01235482-5c07-4b37-86e9-3192ec4df84f <- TX(1)
2021-08-10 12:16:26,333 [SCMBlockDeletingService#0] DEBUG block.SCMBlockDeletingService (DatanodeDeletedBlockTransactions.java:addTransactionToDN(50)) - Transaction added: b13dbf35-3f05-4a51-87e4-7670ffffb89b <- TX(1)
2021-08-10 12:16:26,333 [SCMBlockDeletingService#0] DEBUG block.SCMBlockDeletingService (DatanodeDeletedBlockTransactions.java:addTransactionToDN(50)) - Transaction added: ad4991cb-97ce-4dd6-b117-42e7f6b0816f <- TX(1)
2021-08-10 12:16:26,333 [SCMBlockDeletingService#0] DEBUG block.SCMBlockDeletingService (DatanodeDeletedBlockTransactions.java:addTransactionToDN(50)) - Transaction added: ad4991cb-97ce-4dd6-b117-42e7f6b0816f <- TX(2)
2021-08-10 12:16:26,333 [SCMBlockDeletingService#0] DEBUG block.SCMBlockDeletingService (DatanodeDeletedBlockTransactions.java:addTransactionToDN(50)) - Transaction added: 01235482-5c07-4b37-86e9-3192ec4df84f <- TX(2)
2021-08-10 12:16:26,333 [SCMBlockDeletingService#0] DEBUG block.SCMBlockDeletingService (DatanodeDeletedBlockTransactions.java:addTransactionToDN(50)) - Transaction added: b13dbf35-3f05-4a51-87e4-7670ffffb89b <- TX(2)
2021-08-10 12:16:26,333 [SCMBlockDeletingService#0] DEBUG block.SCMBlockDeletingService (DatanodeDeletedBlockTransactions.java:addTransactionToDN(50)) - Transaction added: b13dbf35-3f05-4a51-87e4-7670ffffb89b <- TX(3)
2021-08-10 12:16:26,333 [SCMBlockDeletingService#0] DEBUG block.SCMBlockDeletingService (DatanodeDeletedBlockTransactions.java:addTransactionToDN(50)) - Transaction added: 01235482-5c07-4b37-86e9-3192ec4df84f <- TX(3)
2021-08-10 12:16:26,333 [SCMBlockDeletingService#0] DEBUG block.SCMBlockDeletingService (DatanodeDeletedBlockTransactions.java:addTransactionToDN(50)) - Transaction added: ad4991cb-97ce-4dd6-b117-42e7f6b0816f <- TX(3)
2021-08-10 12:16:26,333 [SCMBlockDeletingService#0] DEBUG block.SCMBlockDeletingService (DatanodeDeletedBlockTransactions.java:addTransactionToDN(50)) - Transaction added: ad4991cb-97ce-4dd6-b117-42e7f6b0816f <- TX(4)
2021-08-10 12:16:26,333 [SCMBlockDeletingService#0] DEBUG block.SCMBlockDeletingService (DatanodeDeletedBlockTransactions.java:addTransactionToDN(50)) - Transaction added: 01235482-5c07-4b37-86e9-3192ec4df84f <- TX(4)
2021-08-10 12:16:26,333 [SCMBlockDeletingService#0] DEBUG block.SCMBlockDeletingService (DatanodeDeletedBlockTransactions.java:addTransactionToDN(50)) - Transaction added: b13dbf35-3f05-4a51-87e4-7670ffffb89b <- TX(4)
2021-08-10 12:16:26,333 [SCMBlockDeletingService#0] DEBUG block.SCMBlockDeletingService (DatanodeDeletedBlockTransactions.java:addTransactionToDN(50)) - Transaction added: b13dbf35-3f05-4a51-87e4-7670ffffb89b <- TX(5)
2021-08-10 12:16:26,333 [SCMBlockDeletingService#0] DEBUG block.SCMBlockDeletingService (DatanodeDeletedBlockTransactions.java:addTransactionToDN(50)) - Transaction added: ad4991cb-97ce-4dd6-b117-42e7f6b0816f <- TX(5)
2021-08-10 12:16:26,333 [SCMBlockDeletingService#0] DEBUG block.SCMBlockDeletingService (DatanodeDeletedBlockTransactions.java:addTransactionToDN(50)) - Transaction added: 01235482-5c07-4b37-86e9-3192ec4df84f <- TX(5)
2021-08-10 12:16:26,333 [SCMBlockDeletingService#0] DEBUG block.SCMBlockDeletingService (DatanodeDeletedBlockTransactions.java:addTransactionToDN(50)) - Transaction added: ad4991cb-97ce-4dd6-b117-42e7f6b0816f <- TX(6)
2021-08-10 12:16:26,333 [SCMBlockDeletingService#0] DEBUG block.SCMBlockDeletingService (DatanodeDeletedBlockTransactions.java:addTransactionToDN(50)) - Transaction added: 01235482-5c07-4b37-86e9-3192ec4df84f <- TX(6)
2021-08-10 12:16:26,333 [SCMBlockDeletingService#0] DEBUG block.SCMBlockDeletingService (DatanodeDeletedBlockTransactions.java:addTransactionToDN(50)) - Transaction added: b13dbf35-3f05-4a51-87e4-7670ffffb89b <- TX(6)
2021-08-10 12:16:26,333 [SCMBlockDeletingService#0] DEBUG block.SCMBlockDeletingService (DatanodeDeletedBlockTransactions.java:addTransactionToDN(50)) - Transaction added: b13dbf35-3f05-4a51-87e4-7670ffffb89b <- TX(7)
2021-08-10 12:16:26,333 [SCMBlockDeletingService#0] DEBUG block.SCMBlockDeletingService (DatanodeDeletedBlockTransactions.java:addTransactionToDN(50)) - Transaction added: 01235482-5c07-4b37-86e9-3192ec4df84f <- TX(7)
2021-08-10 12:16:26,333 [SCMBlockDeletingService#0] DEBUG block.SCMBlockDeletingService (DatanodeDeletedBlockTransactions.java:addTransactionToDN(50)) - Transaction added: ad4991cb-97ce-4dd6-b117-42e7f6b0816f <- TX(7)
2021-08-10 12:16:26,333 [SCMBlockDeletingService#0] DEBUG block.SCMBlockDeletingService (DatanodeDeletedBlockTransactions.java:addTransactionToDN(50)) - Transaction added: 01235482-5c07-4b37-86e9-3192ec4df84f <- TX(8)
2021-08-10 12:16:26,333 [SCMBlockDeletingService#0] DEBUG block.SCMBlockDeletingService (DatanodeDeletedBlockTransactions.java:addTransactionToDN(50)) - Transaction added: b13dbf35-3f05-4a51-87e4-7670ffffb89b <- TX(8)
2021-08-10 12:16:26,333 [SCMBlockDeletingService#0] DEBUG block.SCMBlockDeletingService (DatanodeDeletedBlockTransactions.java:addTransactionToDN(50)) - Transaction added: ad4991cb-97ce-4dd6-b117-42e7f6b0816f <- TX(8)
2021-08-10 12:16:26,333 [SCMBlockDeletingService#0] DEBUG block.SCMBlockDeletingService (DatanodeDeletedBlockTransactions.java:addTransactionToDN(50)) - Transaction added: b13dbf35-3f05-4a51-87e4-7670ffffb89b <- TX(9)
2021-08-10 12:16:26,333 [SCMBlockDeletingService#0] DEBUG block.SCMBlockDeletingService (DatanodeDeletedBlockTransactions.java:addTransactionToDN(50)) - Transaction added: ad4991cb-97ce-4dd6-b117-42e7f6b0816f <- TX(9)
2021-08-10 12:16:26,334 [SCMBlockDeletingService#0] DEBUG block.SCMBlockDeletingService (DatanodeDeletedBlockTransactions.java:addTransactionToDN(50)) - Transaction added: 01235482-5c07-4b37-86e9-3192ec4df84f <- TX(9)
2021-08-10 12:16:26,334 [SCMBlockDeletingService#0] DEBUG block.SCMBlockDeletingService (DatanodeDeletedBlockTransactions.java:addTransactionToDN(50)) - Transaction added: 01235482-5c07-4b37-86e9-3192ec4df84f <- TX(10)
2021-08-10 12:16:26,334 [SCMBlockDeletingService#0] DEBUG block.SCMBlockDeletingService (DatanodeDeletedBlockTransactions.java:addTransactionToDN(50)) - Transaction added: b13dbf35-3f05-4a51-87e4-7670ffffb89b <- TX(10)
2021-08-10 12:16:26,334 [SCMBlockDeletingService#0] DEBUG block.SCMBlockDeletingService (DatanodeDeletedBlockTransactions.java:addTransactionToDN(50)) - Transaction added: ad4991cb-97ce-4dd6-b117-42e7f6b0816f <- TX(10)
2021-08-10 12:16:26,334 [SCMBlockDeletingService#0] DEBUG block.SCMBlockDeletingService (DatanodeDeletedBlockTransactions.java:addTransactionToDN(50)) - Transaction added: 01235482-5c07-4b37-86e9-3192ec4df84f <- TX(11)
2021-08-10 12:16:26,334 [SCMBlockDeletingService#0] DEBUG block.SCMBlockDeletingService (DatanodeDeletedBlockTransactions.java:addTransactionToDN(50)) - Transaction added: ad4991cb-97ce-4dd6-b117-42e7f6b0816f <- TX(11)
2021-08-10 12:16:26,334 [SCMBlockDeletingService#0] DEBUG block.SCMBlockDeletingService (DatanodeDeletedBlockTransactions.java:addTransactionToDN(50)) - Transaction added: b13dbf35-3f05-4a51-87e4-7670ffffb89b <- TX(11)
2021-08-10 12:16:26,334 [SCMBlockDeletingService#0] DEBUG block.SCMBlockDeletingService (DatanodeDeletedBlockTransactions.java:addTransactionToDN(50)) - Transaction added: b13dbf35-3f05-4a51-87e4-7670ffffb89b <- TX(12)
2021-08-10 12:16:26,334 [SCMBlockDeletingService#0] DEBUG block.SCMBlockDeletingService (DatanodeDeletedBlockTransactions.java:addTransactionToDN(50)) - Transaction added: ad4991cb-97ce-4dd6-b117-42e7f6b0816f <- TX(12)
2021-08-10 12:16:26,334 [SCMBlockDeletingService#0] DEBUG block.SCMBlockDeletingService (DatanodeDeletedBlockTransactions.java:addTransactionToDN(50)) - Transaction added: 01235482-5c07-4b37-86e9-3192ec4df84f <- TX(12)
2021-08-10 12:16:26,334 [SCMBlockDeletingService#0] DEBUG block.SCMBlockDeletingService (DatanodeDeletedBlockTransactions.java:addTransactionToDN(50)) - Transaction added: ad4991cb-97ce-4dd6-b117-42e7f6b0816f <- TX(13)
2021-08-10 12:16:26,334 [SCMBlockDeletingService#0] DEBUG block.SCMBlockDeletingService (DatanodeDeletedBlockTransactions.java:addTransactionToDN(50)) - Transaction added: 01235482-5c07-4b37-86e9-3192ec4df84f <- TX(13)
2021-08-10 12:16:26,334 [SCMBlockDeletingService#0] DEBUG block.SCMBlockDeletingService (DatanodeDeletedBlockTransactions.java:addTransactionToDN(50)) - Transaction added: b13dbf35-3f05-4a51-87e4-7670ffffb89b <- TX(13)
2021-08-10 12:16:26,334 [SCMBlockDeletingService#0] DEBUG block.SCMBlockDeletingService (DatanodeDeletedBlockTransactions.java:addTransactionToDN(50)) - Transaction added: b13dbf35-3f05-4a51-87e4-7670ffffb89b <- TX(14)
2021-08-10 12:16:26,334 [SCMBlockDeletingService#0] DEBUG block.SCMBlockDeletingService (DatanodeDeletedBlockTransactions.java:addTransactionToDN(50)) - Transaction added: ad4991cb-97ce-4dd6-b117-42e7f6b0816f <- TX(14)
2021-08-10 12:16:26,334 [SCMBlockDeletingService#0] DEBUG block.SCMBlockDeletingService (DatanodeDeletedBlockTransactions.java:addTransactionToDN(50)) - Transaction added: 01235482-5c07-4b37-86e9-3192ec4df84f <- TX(14)
2021-08-10 12:16:26,334 [SCMBlockDeletingService#0] DEBUG block.SCMBlockDeletingService (DatanodeDeletedBlockTransactions.java:addTransactionToDN(50)) - Transaction added: 01235482-5c07-4b37-86e9-3192ec4df84f <- TX(15)
2021-08-10 12:16:26,334 [SCMBlockDeletingService#0] DEBUG block.SCMBlockDeletingService (DatanodeDeletedBlockTransactions.java:addTransactionToDN(50)) - Transaction added: ad4991cb-97ce-4dd6-b117-42e7f6b0816f <- TX(15)
2021-08-10 12:16:26,334 [SCMBlockDeletingService#0] DEBUG block.SCMBlockDeletingService (DatanodeDeletedBlockTransactions.java:addTransactionToDN(50)) - Transaction added: b13dbf35-3f05-4a51-87e4-7670ffffb89b <- TX(15)
2021-08-10 12:16:26,334 [SCMBlockDeletingService#0] DEBUG block.SCMBlockDeletingService (DatanodeDeletedBlockTransactions.java:addTransactionToDN(50)) - Transaction added: b13dbf35-3f05-4a51-87e4-7670ffffb89b <- TX(16)
2021-08-10 12:16:26,334 [SCMBlockDeletingService#0] DEBUG block.SCMBlockDeletingService (DatanodeDeletedBlockTransactions.java:addTransactionToDN(50)) - Transaction added: ad4991cb-97ce-4dd6-b117-42e7f6b0816f <- TX(16)
2021-08-10 12:16:26,334 [SCMBlockDeletingService#0] DEBUG block.SCMBlockDeletingService (DatanodeDeletedBlockTransactions.java:addTransactionToDN(50)) - Transaction added: 01235482-5c07-4b37-86e9-3192ec4df84f <- TX(16)
2021-08-10 12:16:26,334 [SCMBlockDeletingService#0] DEBUG block.SCMBlockDeletingService (DatanodeDeletedBlockTransactions.java:addTransactionToDN(50)) - Transaction added: 01235482-5c07-4b37-86e9-3192ec4df84f <- TX(17)
2021-08-10 12:16:26,334 [SCMBlockDeletingService#0] DEBUG block.SCMBlockDeletingService (DatanodeDeletedBlockTransactions.java:addTransactionToDN(50)) - Transaction added: b13dbf35-3f05-4a51-87e4-7670ffffb89b <- TX(17)
2021-08-10 12:16:26,334 [SCMBlockDeletingService#0] DEBUG block.SCMBlockDeletingService (DatanodeDeletedBlockTransactions.java:addTransactionToDN(50)) - Transaction added: ad4991cb-97ce-4dd6-b117-42e7f6b0816f <- TX(17)
2021-08-10 12:16:26,334 [SCMBlockDeletingService#0] DEBUG block.SCMBlockDeletingService (DatanodeDeletedBlockTransactions.java:addTransactionToDN(50)) - Transaction added: ad4991cb-97ce-4dd6-b117-42e7f6b0816f <- TX(18)
2021-08-10 12:16:26,334 [SCMBlockDeletingService#0] DEBUG block.SCMBlockDeletingService (DatanodeDeletedBlockTransactions.java:addTransactionToDN(50)) - Transaction added: 01235482-5c07-4b37-86e9-3192ec4df84f <- TX(18)
2021-08-10 12:16:26,334 [SCMBlockDeletingService#0] DEBUG block.SCMBlockDeletingService (DatanodeDeletedBlockTransactions.java:addTransactionToDN(50)) - Transaction added: b13dbf35-3f05-4a51-87e4-7670ffffb89b <- TX(18)
2021-08-10 12:16:26,334 [SCMBlockDeletingService#0] DEBUG block.SCMBlockDeletingService (DatanodeDeletedBlockTransactions.java:addTransactionToDN(50)) - Transaction added: b13dbf35-3f05-4a51-87e4-7670ffffb89b <- TX(19)
2021-08-10 12:16:26,334 [SCMBlockDeletingService#0] DEBUG block.SCMBlockDeletingService (DatanodeDeletedBlockTransactions.java:addTransactionToDN(50)) - Transaction added: 01235482-5c07-4b37-86e9-3192ec4df84f <- TX(19)
2021-08-10 12:16:26,334 [SCMBlockDeletingService#0] DEBUG block.SCMBlockDeletingService (DatanodeDeletedBlockTransactions.java:addTransactionToDN(50)) - Transaction added: ad4991cb-97ce-4dd6-b117-42e7f6b0816f <- TX(19)
2021-08-10 12:16:26,334 [SCMBlockDeletingService#0] DEBUG block.SCMBlockDeletingService (DatanodeDeletedBlockTransactions.java:addTransactionToDN(50)) - Transaction added: ad4991cb-97ce-4dd6-b117-42e7f6b0816f <- TX(20)
2021-08-10 12:16:26,334 [SCMBlockDeletingService#0] DEBUG block.SCMBlockDeletingService (DatanodeDeletedBlockTransactions.java:addTransactionToDN(50)) - Transaction added: 01235482-5c07-4b37-86e9-3192ec4df84f <- TX(20)
2021-08-10 12:16:26,334 [SCMBlockDeletingService#0] DEBUG block.SCMBlockDeletingService (DatanodeDeletedBlockTransactions.java:addTransactionToDN(50)) - Transaction added: b13dbf35-3f05-4a51-87e4-7670ffffb89b <- TX(20)
2021-08-10 12:16:26,334 [SCMBlockDeletingService#0] DEBUG block.SCMBlockDeletingService (DatanodeDeletedBlockTransactions.java:addTransactionToDN(50)) - Transaction added: b13dbf35-3f05-4a51-87e4-7670ffffb89b <- TX(21)
2021-08-10 12:16:26,334 [SCMBlockDeletingService#0] DEBUG block.SCMBlockDeletingService (DatanodeDeletedBlockTransactions.java:addTransactionToDN(50)) - Transaction added: ad4991cb-97ce-4dd6-b117-42e7f6b0816f <- TX(21)
2021-08-10 12:16:26,334 [SCMBlockDeletingService#0] DEBUG block.SCMBlockDeletingService (DatanodeDeletedBlockTransactions.java:addTransactionToDN(50)) - Transaction added: 01235482-5c07-4b37-86e9-3192ec4df84f <- TX(21)
2021-08-10 12:16:26,334 [SCMBlockDeletingService#0] DEBUG block.SCMBlockDeletingService (DatanodeDeletedBlockTransactions.java:addTransactionToDN(50)) - Transaction added: ad4991cb-97ce-4dd6-b117-42e7f6b0816f <- TX(22)
2021-08-10 12:16:26,334 [SCMBlockDeletingService#0] DEBUG block.SCMBlockDeletingService (DatanodeDeletedBlockTransactions.java:addTransactionToDN(50)) - Transaction added: 01235482-5c07-4b37-86e9-3192ec4df84f <- TX(22)
2021-08-10 12:16:26,335 [SCMBlockDeletingService#0] DEBUG block.SCMBlockDeletingService (DatanodeDeletedBlockTransactions.java:addTransactionToDN(50)) - Transaction added: b13dbf35-3f05-4a51-87e4-7670ffffb89b <- TX(22)
2021-08-10 12:16:26,335 [SCMBlockDeletingService#0] DEBUG block.SCMBlockDeletingService (DatanodeDeletedBlockTransactions.java:addTransactionToDN(50)) - Transaction added: b13dbf35-3f05-4a51-87e4-7670ffffb89b <- TX(23)
2021-08-10 12:16:26,335 [SCMBlockDeletingService#0] DEBUG block.SCMBlockDeletingService (DatanodeDeletedBlockTransactions.java:addTransactionToDN(50)) - Transaction added: 01235482-5c07-4b37-86e9-3192ec4df84f <- TX(23)
2021-08-10 12:16:26,335 [SCMBlockDeletingService#0] DEBUG block.SCMBlockDeletingService (DatanodeDeletedBlockTransactions.java:addTransactionToDN(50)) - Transaction added: ad4991cb-97ce-4dd6-b117-42e7f6b0816f <- TX(23)
2021-08-10 12:16:26,335 [SCMBlockDeletingService#0] DEBUG block.SCMBlockDeletingService (DatanodeDeletedBlockTransactions.java:addTransactionToDN(50)) - Transaction added: 01235482-5c07-4b37-86e9-3192ec4df84f <- TX(24)
2021-08-10 12:16:26,335 [SCMBlockDeletingService#0] DEBUG block.SCMBlockDeletingService (DatanodeDeletedBlockTransactions.java:addTransactionToDN(50)) - Transaction added: b13dbf35-3f05-4a51-87e4-7670ffffb89b <- TX(24)
2021-08-10 12:16:26,335 [SCMBlockDeletingService#0] DEBUG block.SCMBlockDeletingService (DatanodeDeletedBlockTransactions.java:addTransactionToDN(50)) - Transaction added: ad4991cb-97ce-4dd6-b117-42e7f6b0816f <- TX(24)
2021-08-10 12:16:26,335 [SCMBlockDeletingService#0] DEBUG block.SCMBlockDeletingService (DatanodeDeletedBlockTransactions.java:addTransactionToDN(50)) - Transaction added: b13dbf35-3f05-4a51-87e4-7670ffffb89b <- TX(25)
2021-08-10 12:16:26,335 [SCMBlockDeletingService#0] DEBUG block.SCMBlockDeletingService (DatanodeDeletedBlockTransactions.java:addTransactionToDN(50)) - Transaction added: ad4991cb-97ce-4dd6-b117-42e7f6b0816f <- TX(25)
2021-08-10 12:16:26,335 [SCMBlockDeletingService#0] DEBUG block.SCMBlockDeletingService (DatanodeDeletedBlockTransactions.java:addTransactionToDN(50)) - Transaction added: 01235482-5c07-4b37-86e9-3192ec4df84f <- TX(25)
2021-08-10 12:16:26,335 [SCMBlockDeletingService#0] DEBUG block.SCMBlockDeletingService (DatanodeDeletedBlockTransactions.java:addTransactionToDN(50)) - Transaction added: 01235482-5c07-4b37-86e9-3192ec4df84f <- TX(26)
2021-08-10 12:16:26,335 [SCMBlockDeletingService#0] DEBUG block.SCMBlockDeletingService (DatanodeDeletedBlockTransactions.java:addTransactionToDN(50)) - Transaction added: b13dbf35-3f05-4a51-87e4-7670ffffb89b <- TX(26)
2021-08-10 12:16:26,335 [SCMBlockDeletingService#0] DEBUG block.SCMBlockDeletingService (DatanodeDeletedBlockTransactions.java:addTransactionToDN(50)) - Transaction added: ad4991cb-97ce-4dd6-b117-42e7f6b0816f <- TX(26)
2021-08-10 12:16:26,335 [SCMBlockDeletingService#0] DEBUG block.SCMBlockDeletingService (DatanodeDeletedBlockTransactions.java:addTransactionToDN(50)) - Transaction added: 01235482-5c07-4b37-86e9-3192ec4df84f <- TX(27)
2021-08-10 12:16:26,335 [SCMBlockDeletingService#0] DEBUG block.SCMBlockDeletingService (DatanodeDeletedBlockTransactions.java:addTransactionToDN(50)) - Transaction added: ad4991cb-97ce-4dd6-b117-42e7f6b0816f <- TX(27)
2021-08-10 12:16:26,335 [SCMBlockDeletingService#0] DEBUG block.SCMBlockDeletingService (DatanodeDeletedBlockTransactions.java:addTransactionToDN(50)) - Transaction added: b13dbf35-3f05-4a51-87e4-7670ffffb89b <- TX(27)
2021-08-10 12:16:26,335 [SCMBlockDeletingService#0] DEBUG block.SCMBlockDeletingService (DatanodeDeletedBlockTransactions.java:addTransactionToDN(50)) - Transaction added: b13dbf35-3f05-4a51-87e4-7670ffffb89b <- TX(28)
2021-08-10 12:16:26,335 [SCMBlockDeletingService#0] DEBUG block.SCMBlockDeletingService (DatanodeDeletedBlockTransactions.java:addTransactionToDN(50)) - Transaction added: ad4991cb-97ce-4dd6-b117-42e7f6b0816f <- TX(28)
2021-08-10 12:16:26,335 [SCMBlockDeletingService#0] DEBUG block.SCMBlockDeletingService (DatanodeDeletedBlockTransactions.java:addTransactionToDN(50)) - Transaction added: 01235482-5c07-4b37-86e9-3192ec4df84f <- TX(28)
2021-08-10 12:16:26,335 [SCMBlockDeletingService#0] DEBUG block.SCMBlockDeletingService (DatanodeDeletedBlockTransactions.java:addTransactionToDN(50)) - Transaction added: ad4991cb-97ce-4dd6-b117-42e7f6b0816f <- TX(29)
2021-08-10 12:16:26,335 [SCMBlockDeletingService#0] DEBUG block.SCMBlockDeletingService (DatanodeDeletedBlockTransactions.java:addTransactionToDN(50)) - Transaction added: 01235482-5c07-4b37-86e9-3192ec4df84f <- TX(29)
2021-08-10 12:16:26,335 [SCMBlockDeletingService#0] DEBUG block.SCMBlockDeletingService (DatanodeDeletedBlockTransactions.java:addTransactionToDN(50)) - Transaction added: b13dbf35-3f05-4a51-87e4-7670ffffb89b <- TX(29)
2021-08-10 12:16:26,335 [SCMBlockDeletingService#0] DEBUG block.SCMBlockDeletingService (DatanodeDeletedBlockTransactions.java:addTransactionToDN(50)) - Transaction added: b13dbf35-3f05-4a51-87e4-7670ffffb89b <- TX(30)
2021-08-10 12:16:26,335 [SCMBlockDeletingService#0] DEBUG block.SCMBlockDeletingService (DatanodeDeletedBlockTransactions.java:addTransactionToDN(50)) - Transaction added: ad4991cb-97ce-4dd6-b117-42e7f6b0816f <- TX(30)
2021-08-10 12:16:26,335 [SCMBlockDeletingService#0] DEBUG block.SCMBlockDeletingService (DatanodeDeletedBlockTransactions.java:addTransactionToDN(50)) - Transaction added: 01235482-5c07-4b37-86e9-3192ec4df84f <- TX(30)
2021-08-10 12:16:26,335 [SCMBlockDeletingService#0] DEBUG block.SCMBlockDeletingService (DatanodeDeletedBlockTransactions.java:addTransactionToDN(50)) - Transaction added: 01235482-5c07-4b37-86e9-3192ec4df84f <- TX(31)
2021-08-10 12:16:26,335 [SCMBlockDeletingService#0] DEBUG block.SCMBlockDeletingService (DatanodeDeletedBlockTransactions.java:addTransactionToDN(50)) - Transaction added: ad4991cb-97ce-4dd6-b117-42e7f6b0816f <- TX(31)
2021-08-10 12:16:26,335 [SCMBlockDeletingService#0] DEBUG block.SCMBlockDeletingService (DatanodeDeletedBlockTransactions.java:addTransactionToDN(50)) - Transaction added: b13dbf35-3f05-4a51-87e4-7670ffffb89b <- TX(31)
2021-08-10 12:16:26,335 [SCMBlockDeletingService#0] DEBUG block.SCMBlockDeletingService (DatanodeDeletedBlockTransactions.java:addTransactionToDN(50)) - Transaction added: b13dbf35-3f05-4a51-87e4-7670ffffb89b <- TX(32)
2021-08-10 12:16:26,335 [SCMBlockDeletingService#0] DEBUG block.SCMBlockDeletingService (DatanodeDeletedBlockTransactions.java:addTransactionToDN(50)) - Transaction added: ad4991cb-97ce-4dd6-b117-42e7f6b0816f <- TX(32)
2021-08-10 12:16:26,335 [SCMBlockDeletingService#0] DEBUG block.SCMBlockDeletingService (DatanodeDeletedBlockTransactions.java:addTransactionToDN(50)) - Transaction added: 01235482-5c07-4b37-86e9-3192ec4df84f <- TX(32)
2021-08-10 12:16:26,335 [SCMBlockDeletingService#0] DEBUG block.SCMBlockDeletingService (DatanodeDeletedBlockTransactions.java:addTransactionToDN(50)) - Transaction added: 01235482-5c07-4b37-86e9-3192ec4df84f <- TX(33)
2021-08-10 12:16:26,335 [SCMBlockDeletingService#0] DEBUG block.SCMBlockDeletingService (DatanodeDeletedBlockTransactions.java:addTransactionToDN(50)) - Transaction added: b13dbf35-3f05-4a51-87e4-7670ffffb89b <- TX(33)
2021-08-10 12:16:26,335 [SCMBlockDeletingService#0] DEBUG block.SCMBlockDeletingService (DatanodeDeletedBlockTransactions.java:addTransactionToDN(50)) - Transaction added: ad4991cb-97ce-4dd6-b117-42e7f6b0816f <- TX(33)
2021-08-10 12:16:26,335 [SCMBlockDeletingService#0] DEBUG block.SCMBlockDeletingService (DatanodeDeletedBlockTransactions.java:addTransactionToDN(50)) - Transaction added: ad4991cb-97ce-4dd6-b117-42e7f6b0816f <- TX(34)
2021-08-10 12:16:26,335 [SCMBlockDeletingService#0] DEBUG block.SCMBlockDeletingService (DatanodeDeletedBlockTransactions.java:addTransactionToDN(50)) - Transaction added: 01235482-5c07-4b37-86e9-3192ec4df84f <- TX(34)
2021-08-10 12:16:26,335 [SCMBlockDeletingService#0] DEBUG block.SCMBlockDeletingService (DatanodeDeletedBlockTransactions.java:addTransactionToDN(50)) - Transaction added: b13dbf35-3f05-4a51-87e4-7670ffffb89b <- TX(34)
2021-08-10 12:16:26,335 [SCMBlockDeletingService#0] DEBUG block.SCMBlockDeletingService (DatanodeDeletedBlockTransactions.java:addTransactionToDN(50)) - Transaction added: b13dbf35-3f05-4a51-87e4-7670ffffb89b <- TX(35)
2021-08-10 12:16:26,335 [SCMBlockDeletingService#0] DEBUG block.SCMBlockDeletingService (DatanodeDeletedBlockTransactions.java:addTransactionToDN(50)) - Transaction added: 01235482-5c07-4b37-86e9-3192ec4df84f <- TX(35)
2021-08-10 12:16:26,336 [SCMBlockDeletingService#0] DEBUG block.SCMBlockDeletingService (DatanodeDeletedBlockTransactions.java:addTransactionToDN(50)) - Transaction added: ad4991cb-97ce-4dd6-b117-42e7f6b0816f <- TX(35)
2021-08-10 12:16:26,336 [SCMBlockDeletingService#0] DEBUG block.SCMBlockDeletingService (DatanodeDeletedBlockTransactions.java:addTransactionToDN(50)) - Transaction added: ad4991cb-97ce-4dd6-b117-42e7f6b0816f <- TX(36)
2021-08-10 12:16:26,336 [SCMBlockDeletingService#0] DEBUG block.SCMBlockDeletingService (DatanodeDeletedBlockTransactions.java:addTransactionToDN(50)) - Transaction added: 01235482-5c07-4b37-86e9-3192ec4df84f <- TX(36)
2021-08-10 12:16:26,336 [SCMBlockDeletingService#0] DEBUG block.SCMBlockDeletingService (DatanodeDeletedBlockTransactions.java:addTransactionToDN(50)) - Transaction added: b13dbf35-3f05-4a51-87e4-7670ffffb89b <- TX(36)
2021-08-10 12:16:26,336 [SCMBlockDeletingService#0] DEBUG block.SCMBlockDeletingService (DatanodeDeletedBlockTransactions.java:addTransactionToDN(50)) - Transaction added: b13dbf35-3f05-4a51-87e4-7670ffffb89b <- TX(37)
2021-08-10 12:16:26,336 [SCMBlockDeletingService#0] DEBUG block.SCMBlockDeletingService (DatanodeDeletedBlockTransactions.java:addTransactionToDN(50)) - Transaction added: ad4991cb-97ce-4dd6-b117-42e7f6b0816f <- TX(37)
2021-08-10 12:16:26,336 [SCMBlockDeletingService#0] DEBUG block.SCMBlockDeletingService (DatanodeDeletedBlockTransactions.java:addTransactionToDN(50)) - Transaction added: 01235482-5c07-4b37-86e9-3192ec4df84f <- TX(37)
2021-08-10 12:16:26,336 [SCMBlockDeletingService#0] DEBUG block.SCMBlockDeletingService (DatanodeDeletedBlockTransactions.java:addTransactionToDN(50)) - Transaction added: ad4991cb-97ce-4dd6-b117-42e7f6b0816f <- TX(38)
2021-08-10 12:16:26,336 [SCMBlockDeletingService#0] DEBUG block.SCMBlockDeletingService (DatanodeDeletedBlockTransactions.java:addTransactionToDN(50)) - Transaction added: 01235482-5c07-4b37-86e9-3192ec4df84f <- TX(38)
2021-08-10 12:16:26,336 [SCMBlockDeletingService#0] DEBUG block.SCMBlockDeletingService (DatanodeDeletedBlockTransactions.java:addTransactionToDN(50)) - Transaction added: b13dbf35-3f05-4a51-87e4-7670ffffb89b <- TX(38)
2021-08-10 12:16:26,336 [SCMBlockDeletingService#0] DEBUG block.SCMBlockDeletingService (DatanodeDeletedBlockTransactions.java:addTransactionToDN(50)) - Transaction added: b13dbf35-3f05-4a51-87e4-7670ffffb89b <- TX(39)
2021-08-10 12:16:26,336 [SCMBlockDeletingService#0] DEBUG block.SCMBlockDeletingService (DatanodeDeletedBlockTransactions.java:addTransactionToDN(50)) - Transaction added: 01235482-5c07-4b37-86e9-3192ec4df84f <- TX(39)
2021-08-10 12:16:26,336 [SCMBlockDeletingService#0] DEBUG block.SCMBlockDeletingService (DatanodeDeletedBlockTransactions.java:addTransactionToDN(50)) - Transaction added: ad4991cb-97ce-4dd6-b117-42e7f6b0816f <- TX(39)
2021-08-10 12:16:26,336 [SCMBlockDeletingService#0] DEBUG block.SCMBlockDeletingService (DatanodeDeletedBlockTransactions.java:addTransactionToDN(50)) - Transaction added: 01235482-5c07-4b37-86e9-3192ec4df84f <- TX(40)
2021-08-10 12:16:26,336 [SCMBlockDeletingService#0] DEBUG block.SCMBlockDeletingService (DatanodeDeletedBlockTransactions.java:addTransactionToDN(50)) - Transaction added: b13dbf35-3f05-4a51-87e4-7670ffffb89b <- TX(40)
2021-08-10 12:16:26,336 [SCMBlockDeletingService#0] DEBUG block.SCMBlockDeletingService (DatanodeDeletedBlockTransactions.java:addTransactionToDN(50)) - Transaction added: ad4991cb-97ce-4dd6-b117-42e7f6b0816f <- TX(40)
2021-08-10 12:16:26,336 [SCMBlockDeletingService#0] DEBUG block.SCMBlockDeletingService (DatanodeDeletedBlockTransactions.java:addTransactionToDN(50)) - Transaction added: b13dbf35-3f05-4a51-87e4-7670ffffb89b <- TX(41)
2021-08-10 12:16:26,336 [SCMBlockDeletingService#0] DEBUG block.SCMBlockDeletingService (DatanodeDeletedBlockTransactions.java:addTransactionToDN(50)) - Transaction added: ad4991cb-97ce-4dd6-b117-42e7f6b0816f <- TX(41)
2021-08-10 12:16:26,336 [SCMBlockDeletingService#0] DEBUG block.SCMBlockDeletingService (DatanodeDeletedBlockTransactions.java:addTransactionToDN(50)) - Transaction added: 01235482-5c07-4b37-86e9-3192ec4df84f <- TX(41)
2021-08-10 12:16:26,336 [SCMBlockDeletingService#0] DEBUG block.SCMBlockDeletingService (DatanodeDeletedBlockTransactions.java:addTransactionToDN(50)) - Transaction added: 01235482-5c07-4b37-86e9-3192ec4df84f <- TX(42)
2021-08-10 12:16:26,336 [SCMBlockDeletingService#0] DEBUG block.SCMBlockDeletingService (DatanodeDeletedBlockTransactions.java:addTransactionToDN(50)) - Transaction added: b13dbf35-3f05-4a51-87e4-7670ffffb89b <- TX(42)
2021-08-10 12:16:26,336 [SCMBlockDeletingService#0] DEBUG block.SCMBlockDeletingService (DatanodeDeletedBlockTransactions.java:addTransactionToDN(50)) - Transaction added: ad4991cb-97ce-4dd6-b117-42e7f6b0816f <- TX(42)
2021-08-10 12:16:26,336 [SCMBlockDeletingService#0] DEBUG block.SCMBlockDeletingService (DatanodeDeletedBlockTransactions.java:addTransactionToDN(50)) - Transaction added: 01235482-5c07-4b37-86e9-3192ec4df84f <- TX(43)
2021-08-10 12:16:26,336 [SCMBlockDeletingService#0] DEBUG block.SCMBlockDeletingService (DatanodeDeletedBlockTransactions.java:addTransactionToDN(50)) - Transaction added: ad4991cb-97ce-4dd6-b117-42e7f6b0816f <- TX(43)
2021-08-10 12:16:26,336 [SCMBlockDeletingService#0] DEBUG block.SCMBlockDeletingService (DatanodeDeletedBlockTransactions.java:addTransactionToDN(50)) - Transaction added: b13dbf35-3f05-4a51-87e4-7670ffffb89b <- TX(43)
2021-08-10 12:16:26,336 [SCMBlockDeletingService#0] DEBUG block.SCMBlockDeletingService (DatanodeDeletedBlockTransactions.java:addTransactionToDN(50)) - Transaction added: b13dbf35-3f05-4a51-87e4-7670ffffb89b <- TX(44)
2021-08-10 12:16:26,336 [SCMBlockDeletingService#0] DEBUG block.SCMBlockDeletingService (DatanodeDeletedBlockTransactions.java:addTransactionToDN(50)) - Transaction added: ad4991cb-97ce-4dd6-b117-42e7f6b0816f <- TX(44)
2021-08-10 12:16:26,336 [SCMBlockDeletingService#0] DEBUG block.SCMBlockDeletingService (DatanodeDeletedBlockTransactions.java:addTransactionToDN(50)) - Transaction added: 01235482-5c07-4b37-86e9-3192ec4df84f <- TX(44)
2021-08-10 12:16:26,338 [SCMBlockDeletingService#0] DEBUG block.SCMBlockDeletingService (DatanodeDeletedBlockTransactions.java:addTransactionToDN(50)) - Transaction added: ad4991cb-97ce-4dd6-b117-42e7f6b0816f <- TX(45)
2021-08-10 12:16:26,338 [SCMBlockDeletingService#0] DEBUG block.SCMBlockDeletingService (DatanodeDeletedBlockTransactions.java:addTransactionToDN(50)) - Transaction added: 01235482-5c07-4b37-86e9-3192ec4df84f <- TX(45)
2021-08-10 12:16:26,338 [SCMBlockDeletingService#0] DEBUG block.SCMBlockDeletingService (DatanodeDeletedBlockTransactions.java:addTransactionToDN(50)) - Transaction added: b13dbf35-3f05-4a51-87e4-7670ffffb89b <- TX(45)
2021-08-10 12:16:26,338 [SCMBlockDeletingService#0] DEBUG block.SCMBlockDeletingService (DatanodeDeletedBlockTransactions.java:addTransactionToDN(50)) - Transaction added: b13dbf35-3f05-4a51-87e4-7670ffffb89b <- TX(46)
2021-08-10 12:16:26,338 [SCMBlockDeletingService#0] DEBUG block.SCMBlockDeletingService (DatanodeDeletedBlockTransactions.java:addTransactionToDN(50)) - Transaction added: ad4991cb-97ce-4dd6-b117-42e7f6b0816f <- TX(46)
2021-08-10 12:16:26,338 [SCMBlockDeletingService#0] DEBUG block.SCMBlockDeletingService (DatanodeDeletedBlockTransactions.java:addTransactionToDN(50)) - Transaction added: 01235482-5c07-4b37-86e9-3192ec4df84f <- TX(46)
2021-08-10 12:16:26,338 [SCMBlockDeletingService#0] DEBUG block.SCMBlockDeletingService (DatanodeDeletedBlockTransactions.java:addTransactionToDN(50)) - Transaction added: 01235482-5c07-4b37-86e9-3192ec4df84f <- TX(47)
2021-08-10 12:16:26,338 [SCMBlockDeletingService#0] DEBUG block.SCMBlockDeletingService (DatanodeDeletedBlockTransactions.java:addTransactionToDN(50)) - Transaction added: ad4991cb-97ce-4dd6-b117-42e7f6b0816f <- TX(47)
2021-08-10 12:16:26,338 [SCMBlockDeletingService#0] DEBUG block.SCMBlockDeletingService (DatanodeDeletedBlockTransactions.java:addTransactionToDN(50)) - Transaction added: b13dbf35-3f05-4a51-87e4-7670ffffb89b <- TX(47)
2021-08-10 12:16:26,338 [SCMBlockDeletingService#0] DEBUG block.SCMBlockDeletingService (DatanodeDeletedBlockTransactions.java:addTransactionToDN(50)) - Transaction added: b13dbf35-3f05-4a51-87e4-7670ffffb89b <- TX(48)
2021-08-10 12:16:26,338 [SCMBlockDeletingService#0] DEBUG block.SCMBlockDeletingService (DatanodeDeletedBlockTransactions.java:addTransactionToDN(50)) - Transaction added: ad4991cb-97ce-4dd6-b117-42e7f6b0816f <- TX(48)
2021-08-10 12:16:26,338 [SCMBlockDeletingService#0] DEBUG block.SCMBlockDeletingService (DatanodeDeletedBlockTransactions.java:addTransactionToDN(50)) - Transaction added: 01235482-5c07-4b37-86e9-3192ec4df84f <- TX(48)
2021-08-10 12:16:26,338 [SCMBlockDeletingService#0] DEBUG block.SCMBlockDeletingService (DatanodeDeletedBlockTransactions.java:addTransactionToDN(50)) - Transaction added: 01235482-5c07-4b37-86e9-3192ec4df84f <- TX(49)
2021-08-10 12:16:26,338 [SCMBlockDeletingService#0] DEBUG block.SCMBlockDeletingService (DatanodeDeletedBlockTransactions.java:addTransactionToDN(50)) - Transaction added: b13dbf35-3f05-4a51-87e4-7670ffffb89b <- TX(49)
2021-08-10 12:16:26,338 [SCMBlockDeletingService#0] DEBUG block.SCMBlockDeletingService (DatanodeDeletedBlockTransactions.java:addTransactionToDN(50)) - Transaction added: ad4991cb-97ce-4dd6-b117-42e7f6b0816f <- TX(49)
2021-08-10 12:16:26,338 [SCMBlockDeletingService#0] DEBUG block.SCMBlockDeletingService (DatanodeDeletedBlockTransactions.java:addTransactionToDN(50)) - Transaction added: ad4991cb-97ce-4dd6-b117-42e7f6b0816f <- TX(50)
2021-08-10 12:16:26,338 [SCMBlockDeletingService#0] DEBUG block.SCMBlockDeletingService (DatanodeDeletedBlockTransactions.java:addTransactionToDN(50)) - Transaction added: 01235482-5c07-4b37-86e9-3192ec4df84f <- TX(50)
2021-08-10 12:16:26,338 [SCMBlockDeletingService#0] DEBUG block.SCMBlockDeletingService (DatanodeDeletedBlockTransactions.java:addTransactionToDN(50)) - Transaction added: b13dbf35-3f05-4a51-87e4-7670ffffb89b <- TX(50)
2021-08-10 12:16:26,339 [SCMBlockDeletingService#0] DEBUG block.SCMBlockDeletingService (DatanodeDeletedBlockTransactions.java:addTransactionToDN(50)) - Transaction added: b13dbf35-3f05-4a51-87e4-7670ffffb89b <- TX(51)
2021-08-10 12:16:26,339 [SCMBlockDeletingService#0] DEBUG block.SCMBlockDeletingService (DatanodeDeletedBlockTransactions.java:addTransactionToDN(50)) - Transaction added: 01235482-5c07-4b37-86e9-3192ec4df84f <- TX(51)
2021-08-10 12:16:26,343 [SCMBlockDeletingService#0] DEBUG block.SCMBlockDeletingService (DatanodeDeletedBlockTransactions.java:addTransactionToDN(50)) - Transaction added: ad4991cb-97ce-4dd6-b117-42e7f6b0816f <- TX(51)
2021-08-10 12:16:26,343 [SCMBlockDeletingService#0] DEBUG block.SCMBlockDeletingService (DatanodeDeletedBlockTransactions.java:addTransactionToDN(50)) - Transaction added: ad4991cb-97ce-4dd6-b117-42e7f6b0816f <- TX(52)
2021-08-10 12:16:26,343 [SCMBlockDeletingService#0] DEBUG block.SCMBlockDeletingService (DatanodeDeletedBlockTransactions.java:addTransactionToDN(50)) - Transaction added: 01235482-5c07-4b37-86e9-3192ec4df84f <- TX(52)
2021-08-10 12:16:26,344 [SCMBlockDeletingService#0] DEBUG block.SCMBlockDeletingService (DatanodeDeletedBlockTransactions.java:addTransactionToDN(50)) - Transaction added: b13dbf35-3f05-4a51-87e4-7670ffffb89b <- TX(52)
2021-08-10 12:16:26,344 [SCMBlockDeletingService#0] DEBUG block.SCMBlockDeletingService (DatanodeDeletedBlockTransactions.java:addTransactionToDN(50)) - Transaction added: b13dbf35-3f05-4a51-87e4-7670ffffb89b <- TX(53)
2021-08-10 12:16:26,344 [SCMBlockDeletingService#0] DEBUG block.SCMBlockDeletingService (DatanodeDeletedBlockTransactions.java:addTransactionToDN(50)) - Transaction added: ad4991cb-97ce-4dd6-b117-42e7f6b0816f <- TX(53)
2021-08-10 12:16:26,344 [SCMBlockDeletingService#0] DEBUG block.SCMBlockDeletingService (DatanodeDeletedBlockTransactions.java:addTransactionToDN(50)) - Transaction added: 01235482-5c07-4b37-86e9-3192ec4df84f <- TX(53)
2021-08-10 12:16:26,344 [SCMBlockDeletingService#0] DEBUG block.SCMBlockDeletingService (DatanodeDeletedBlockTransactions.java:addTransactionToDN(50)) - Transaction added: ad4991cb-97ce-4dd6-b117-42e7f6b0816f <- TX(54)
2021-08-10 12:16:26,344 [SCMBlockDeletingService#0] DEBUG block.SCMBlockDeletingService (DatanodeDeletedBlockTransactions.java:addTransactionToDN(50)) - Transaction added: 01235482-5c07-4b37-86e9-3192ec4df84f <- TX(54)
2021-08-10 12:16:26,344 [SCMBlockDeletingService#0] DEBUG block.SCMBlockDeletingService (DatanodeDeletedBlockTransactions.java:addTransactionToDN(50)) - Transaction added: b13dbf35-3f05-4a51-87e4-7670ffffb89b <- TX(54)
2021-08-10 12:16:26,344 [SCMBlockDeletingService#0] DEBUG block.SCMBlockDeletingService (DatanodeDeletedBlockTransactions.java:addTransactionToDN(50)) - Transaction added: b13dbf35-3f05-4a51-87e4-7670ffffb89b <- TX(55)
2021-08-10 12:16:26,344 [SCMBlockDeletingService#0] DEBUG block.SCMBlockDeletingService (DatanodeDeletedBlockTransactions.java:addTransactionToDN(50)) - Transaction added: 01235482-5c07-4b37-86e9-3192ec4df84f <- TX(55)
2021-08-10 12:16:26,344 [SCMBlockDeletingService#0] DEBUG block.SCMBlockDeletingService (DatanodeDeletedBlockTransactions.java:addTransactionToDN(50)) - Transaction added: ad4991cb-97ce-4dd6-b117-42e7f6b0816f <- TX(55)
2021-08-10 12:16:26,344 [SCMBlockDeletingService#0] DEBUG block.SCMBlockDeletingService (DatanodeDeletedBlockTransactions.java:addTransactionToDN(50)) - Transaction added: 01235482-5c07-4b37-86e9-3192ec4df84f <- TX(56)
2021-08-10 12:16:26,344 [SCMBlockDeletingService#0] DEBUG block.SCMBlockDeletingService (DatanodeDeletedBlockTransactions.java:addTransactionToDN(50)) - Transaction added: b13dbf35-3f05-4a51-87e4-7670ffffb89b <- TX(56)
2021-08-10 12:16:26,344 [SCMBlockDeletingService#0] DEBUG block.SCMBlockDeletingService (DatanodeDeletedBlockTransactions.java:addTransactionToDN(50)) - Transaction added: ad4991cb-97ce-4dd6-b117-42e7f6b0816f <- TX(56)
2021-08-10 12:16:26,344 [SCMBlockDeletingService#0] DEBUG block.SCMBlockDeletingService (SCMBlockDeletingService.java:call(164)) - Added delete block command for datanode ad4991cb-97ce-4dd6-b117-42e7f6b0816f in the queue, number of delete block transactions: 56
2021-08-10 12:16:26,344 [SCMBlockDeletingService#0] DEBUG block.SCMBlockDeletingService (SCMBlockDeletingService.java:call(164)) - Added delete block command for datanode 01235482-5c07-4b37-86e9-3192ec4df84f in the queue, number of delete block transactions: 56
2021-08-10 12:16:26,344 [SCMBlockDeletingService#0] DEBUG block.SCMBlockDeletingService (SCMBlockDeletingService.java:call(164)) - Added delete block command for datanode b13dbf35-3f05-4a51-87e4-7670ffffb89b in the queue, number of delete block transactions: 56
2021-08-10 12:16:26,344 [SCMBlockDeletingService#0] INFO  block.SCMBlockDeletingService (SCMBlockDeletingService.java:call(174)) - Totally added 168 blocks to be deleted for 3 datanodes, task elapsed time: 11ms
2021-08-10 12:16:26,350 [org.apache.hadoop.ozone.container.common.statemachine.commandhandler.DeleteBlocksCommandHandler$DeleteCmdWorker@643b9a92] INFO  commandhandler.DeleteBlocksCommandHandler (DeleteBlocksCommandHandler.java:processCmd(261)) - Start to delete container blocks, TXIDs=[1(0)], numOfContainers=1, numOfBlocks=1
2021-08-10 12:16:26,363 [org.apache.hadoop.ozone.container.common.statemachine.commandhandler.DeleteBlocksCommandHandler$DeleteCmdWorker@643b9a92] INFO  commandhandler.DeleteBlocksCommandHandler (DeleteBlocksCommandHandler.java:processCmd(261)) - Start to delete container blocks, TXIDs=[1(0),2(0),3(0),4(0)], numOfContainers=4, numOfBlocks=4
2021-08-10 12:16:26,363 [org.apache.hadoop.ozone.container.common.statemachine.commandhandler.DeleteBlocksCommandHandler$DeleteCmdWorker@643b9a92] INFO  commandhandler.DeleteBlocksCommandHandler (DeleteBlocksCommandHandler.java:processCmd(261)) - Start to delete container blocks, TXIDs=[1(0),2(0),3(0),4(0),5(0)], numOfContainers=5, numOfBlocks=5
2021-08-10 12:16:26,363 [org.apache.hadoop.ozone.container.common.statemachine.commandhandler.DeleteBlocksCommandHandler$DeleteCmdWorker@643b9a92] INFO  commandhandler.DeleteBlocksCommandHandler (DeleteBlocksCommandHandler.java:processCmd(261)) - Start to delete container blocks, TXIDs=[1(0),2(0),3(0),4(0),5(0),6(0)], numOfContainers=6, numOfBlocks=6
2021-08-10 12:16:26,364 [org.apache.hadoop.ozone.container.common.statemachine.commandhandler.DeleteBlocksCommandHandler$DeleteCmdWorker@643b9a92] INFO  commandhandler.DeleteBlocksCommandHandler (DeleteBlocksCommandHandler.java:processCmd(261)) - Start to delete container blocks, TXIDs=[1(0),2(0),3(0),4(0),5(0),6(0),7(0),8(0)], numOfContainers=8, numOfBlocks=8
2021-08-10 12:16:26,364 [org.apache.hadoop.ozone.container.common.statemachine.commandhandler.DeleteBlocksCommandHandler$DeleteCmdWorker@643b9a92] INFO  commandhandler.DeleteBlocksCommandHandler (DeleteBlocksCommandHandler.java:processCmd(261)) - Start to delete container blocks, TXIDs=[1(0),2(0),3(0),4(0),5(0),6(0),7(0),8(0),9(0)], numOfContainers=9, numOfBlocks=9
2021-08-10 12:16:26,425 [BlockDeletingService#2] INFO  background.BlockDeletingService (BlockDeletingService.java:getTasks(158)) - Plan to choose 5000 blocks for block deletion, actually deleting 9 blocks.
2021-08-10 12:16:26,426 [BlockDeletingService#2] INFO  impl.FilePerBlockStrategy (FilePerBlockStrategy.java:deleteChunk(227)) - Deleted block file: /home/runner/work/ozone/ozone/hadoop-ozone/integration-test/target/test-dir/MiniOzoneClusterImpl-75f1614f-1661-444a-a475-726e833f1db0/datanode-0/data-0/containers/hdds/75f1614f-1661-444a-a475-726e833f1db0/current/containerDir0/1/chunks/107544261427200001.block
2021-08-10 12:16:26,426 [BlockDeletingService#2] INFO  background.BlockDeletingService (BlockDeletingService.java:deleteViaSchema2(447)) - Container: 1, deleted blocks: 1, task elapsed time: 2ms
2021-08-10 12:16:26,427 [BlockDeletingService#4] INFO  impl.FilePerBlockStrategy (FilePerBlockStrategy.java:deleteChunk(227)) - Deleted block file: /home/runner/work/ozone/ozone/hadoop-ozone/integration-test/target/test-dir/MiniOzoneClusterImpl-75f1614f-1661-444a-a475-726e833f1db0/datanode-0/data-0/containers/hdds/75f1614f-1661-444a-a475-726e833f1db0/current/containerDir0/8/chunks/107544261427200008.block
2021-08-10 12:16:26,427 [BlockDeletingService#4] INFO  background.BlockDeletingService (BlockDeletingService.java:deleteViaSchema2(447)) - Container: 8, deleted blocks: 1, task elapsed time: 1ms
2021-08-10 12:16:26,429 [BlockDeletingService#1] INFO  impl.FilePerBlockStrategy (FilePerBlockStrategy.java:deleteChunk(227)) - Deleted block file: /home/runner/work/ozone/ozone/hadoop-ozone/integration-test/target/test-dir/MiniOzoneClusterImpl-75f1614f-1661-444a-a475-726e833f1db0/datanode-0/data-0/containers/hdds/75f1614f-1661-444a-a475-726e833f1db0/current/containerDir0/4/chunks/107544261427200004.block
2021-08-10 12:16:26,429 [BlockDeletingService#1] INFO  background.BlockDeletingService (BlockDeletingService.java:deleteViaSchema2(447)) - Container: 4, deleted blocks: 1, task elapsed time: 1ms
2021-08-10 12:16:26,429 [BlockDeletingService#6] INFO  impl.FilePerBlockStrategy (FilePerBlockStrategy.java:deleteChunk(227)) - Deleted block file: /home/runner/work/ozone/ozone/hadoop-ozone/integration-test/target/test-dir/MiniOzoneClusterImpl-75f1614f-1661-444a-a475-726e833f1db0/datanode-0/data-0/containers/hdds/75f1614f-1661-444a-a475-726e833f1db0/current/containerDir0/3/chunks/107544261427200003.block
2021-08-10 12:16:26,429 [BlockDeletingService#6] INFO  background.BlockDeletingService (BlockDeletingService.java:deleteViaSchema2(447)) - Container: 3, deleted blocks: 1, task elapsed time: 1ms
2021-08-10 12:16:26,429 [BlockDeletingService#1] INFO  impl.FilePerBlockStrategy (FilePerBlockStrategy.java:deleteChunk(227)) - Deleted block file: /home/runner/work/ozone/ozone/hadoop-ozone/integration-test/target/test-dir/MiniOzoneClusterImpl-75f1614f-1661-444a-a475-726e833f1db0/datanode-0/data-0/containers/hdds/75f1614f-1661-444a-a475-726e833f1db0/current/containerDir0/2/chunks/107544261427200002.block
2021-08-10 12:16:26,429 [BlockDeletingService#1] INFO  background.BlockDeletingService (BlockDeletingService.java:deleteViaSchema2(447)) - Container: 2, deleted blocks: 1, task elapsed time: 1ms
2021-08-10 12:16:26,431 [BlockDeletingService#5] INFO  impl.FilePerBlockStrategy (FilePerBlockStrategy.java:deleteChunk(227)) - Deleted block file: /home/runner/work/ozone/ozone/hadoop-ozone/integration-test/target/test-dir/MiniOzoneClusterImpl-75f1614f-1661-444a-a475-726e833f1db0/datanode-0/data-0/containers/hdds/75f1614f-1661-444a-a475-726e833f1db0/current/containerDir0/5/chunks/107544261427200005.block
2021-08-10 12:16:26,432 [BlockDeletingService#5] INFO  background.BlockDeletingService (BlockDeletingService.java:deleteViaSchema2(447)) - Container: 5, deleted blocks: 1, task elapsed time: 4ms
2021-08-10 12:16:26,432 [BlockDeletingService#9] INFO  impl.FilePerBlockStrategy (FilePerBlockStrategy.java:deleteChunk(227)) - Deleted block file: /home/runner/work/ozone/ozone/hadoop-ozone/integration-test/target/test-dir/MiniOzoneClusterImpl-75f1614f-1661-444a-a475-726e833f1db0/datanode-0/data-0/containers/hdds/75f1614f-1661-444a-a475-726e833f1db0/current/containerDir0/6/chunks/107544261427200006.block
2021-08-10 12:16:26,432 [BlockDeletingService#9] INFO  background.BlockDeletingService (BlockDeletingService.java:deleteViaSchema2(447)) - Container: 6, deleted blocks: 1, task elapsed time: 4ms
2021-08-10 12:16:26,433 [BlockDeletingService#4] INFO  impl.FilePerBlockStrategy (FilePerBlockStrategy.java:deleteChunk(227)) - Deleted block file: /home/runner/work/ozone/ozone/hadoop-ozone/integration-test/target/test-dir/MiniOzoneClusterImpl-75f1614f-1661-444a-a475-726e833f1db0/datanode-0/data-0/containers/hdds/75f1614f-1661-444a-a475-726e833f1db0/current/containerDir0/7/chunks/107544261427200007.block
2021-08-10 12:16:26,433 [BlockDeletingService#4] INFO  background.BlockDeletingService (BlockDeletingService.java:deleteViaSchema2(447)) - Container: 7, deleted blocks: 1, task elapsed time: 5ms
2021-08-10 12:16:26,433 [SCMBlockDeletingService#0] DEBUG block.SCMBlockDeletingService (SCMBlockDeletingService.java:call(133)) - Running DeletedBlockTransactionScanner
2021-08-10 12:16:26,433 [SCMBlockDeletingService#0] DEBUG block.SCMBlockDeletingService (DatanodeDeletedBlockTransactions.java:addTransactionToDN(50)) - Transaction added: 01235482-5c07-4b37-86e9-3192ec4df84f <- TX(1)
2021-08-10 12:16:26,433 [SCMBlockDeletingService#0] DEBUG block.SCMBlockDeletingService (DatanodeDeletedBlockTransactions.java:addTransactionToDN(50)) - Transaction added: b13dbf35-3f05-4a51-87e4-7670ffffb89b <- TX(1)
2021-08-10 12:16:26,433 [SCMBlockDeletingService#0] DEBUG block.SCMBlockDeletingService (DatanodeDeletedBlockTransactions.java:addTransactionToDN(50)) - Transaction added: ad4991cb-97ce-4dd6-b117-42e7f6b0816f <- TX(1)
2021-08-10 12:16:26,433 [SCMBlockDeletingService#0] DEBUG block.SCMBlockDeletingService (DatanodeDeletedBlockTransactions.java:addTransactionToDN(50)) - Transaction added: ad4991cb-97ce-4dd6-b117-42e7f6b0816f <- TX(2)
2021-08-10 12:16:26,433 [SCMBlockDeletingService#0] DEBUG block.SCMBlockDeletingService (DatanodeDeletedBlockTransactions.java:addTransactionToDN(50)) - Transaction added: 01235482-5c07-4b37-86e9-3192ec4df84f <- TX(2)
2021-08-10 12:16:26,433 [SCMBlockDeletingService#0] DEBUG block.SCMBlockDeletingService (DatanodeDeletedBlockTransactions.java:addTransactionToDN(50)) - Transaction added: b13dbf35-3f05-4a51-87e4-7670ffffb89b <- TX(2)
2021-08-10 12:16:26,433 [SCMBlockDeletingService#0] DEBUG block.SCMBlockDeletingService (DatanodeDeletedBlockTransactions.java:addTransactionToDN(50)) - Transaction added: b13dbf35-3f05-4a51-87e4-7670ffffb89b <- TX(3)
2021-08-10 12:16:26,433 [SCMBlockDeletingService#0] DEBUG block.SCMBlockDeletingService (DatanodeDeletedBlockTransactions.java:addTransactionToDN(50)) - Transaction added: ad4991cb-97ce-4dd6-b117-42e7f6b0816f <- TX(3)
2021-08-10 12:16:26,433 [SCMBlockDeletingService#0] DEBUG block.SCMBlockDeletingService (DatanodeDeletedBlockTransactions.java:addTransactionToDN(50)) - Transaction added: 01235482-5c07-4b37-86e9-3192ec4df84f <- TX(3)
2021-08-10 12:16:26,433 [SCMBlockDeletingService#0] DEBUG block.SCMBlockDeletingService (DatanodeDeletedBlockTransactions.java:addTransactionToDN(50)) - Transaction added: ad4991cb-97ce-4dd6-b117-42e7f6b0816f <- TX(4)
2021-08-10 12:16:26,433 [SCMBlockDeletingService#0] DEBUG block.SCMBlockDeletingService (DatanodeDeletedBlockTransactions.java:addTransactionToDN(50)) - Transaction added: 01235482-5c07-4b37-86e9-3192ec4df84f <- TX(4)
2021-08-10 12:16:26,433 [SCMBlockDeletingService#0] DEBUG block.SCMBlockDeletingService (DatanodeDeletedBlockTransactions.java:addTransactionToDN(50)) - Transaction added: b13dbf35-3f05-4a51-87e4-7670ffffb89b <- TX(4)
2021-08-10 12:16:26,434 [SCMBlockDeletingService#0] DEBUG block.SCMBlockDeletingService (DatanodeDeletedBlockTransactions.java:addTransactionToDN(50)) - Transaction added: b13dbf35-3f05-4a51-87e4-7670ffffb89b <- TX(5)
2021-08-10 12:16:26,434 [SCMBlockDeletingService#0] DEBUG block.SCMBlockDeletingService (DatanodeDeletedBlockTransactions.java:addTransactionToDN(50)) - Transaction added: ad4991cb-97ce-4dd6-b117-42e7f6b0816f <- TX(5)
2021-08-10 12:16:26,434 [SCMBlockDeletingService#0] DEBUG block.SCMBlockDeletingService (DatanodeDeletedBlockTransactions.java:addTransactionToDN(50)) - Transaction added: 01235482-5c07-4b37-86e9-3192ec4df84f <- TX(5)
2021-08-10 12:16:26,434 [SCMBlockDeletingService#0] DEBUG block.SCMBlockDeletingService (DatanodeDeletedBlockTransactions.java:addTransactionToDN(50)) - Transaction added: ad4991cb-97ce-4dd6-b117-42e7f6b0816f <- TX(6)
2021-08-10 12:16:26,434 [SCMBlockDeletingService#0] DEBUG block.SCMBlockDeletingService (DatanodeDeletedBlockTransactions.java:addTransactionToDN(50)) - Transaction added: 01235482-5c07-4b37-86e9-3192ec4df84f <- TX(6)
2021-08-10 12:16:26,434 [SCMBlockDeletingService#0] DEBUG block.SCMBlockDeletingService (DatanodeDeletedBlockTransactions.java:addTransactionToDN(50)) - Transaction added: b13dbf35-3f05-4a51-87e4-7670ffffb89b <- TX(6)
2021-08-10 12:16:26,434 [SCMBlockDeletingService#0] DEBUG block.SCMBlockDeletingService (DatanodeDeletedBlockTransactions.java:addTransactionToDN(50)) - Transaction added: b13dbf35-3f05-4a51-87e4-7670ffffb89b <- TX(7)
2021-08-10 12:16:26,434 [SCMBlockDeletingService#0] DEBUG block.SCMBlockDeletingService (DatanodeDeletedBlockTransactions.java:addTransactionToDN(50)) - Transaction added: ad4991cb-97ce-4dd6-b117-42e7f6b0816f <- TX(7)
2021-08-10 12:16:26,434 [SCMBlockDeletingService#0] DEBUG block.SCMBlockDeletingService (DatanodeDeletedBlockTransactions.java:addTransactionToDN(50)) - Transaction added: 01235482-5c07-4b37-86e9-3192ec4df84f <- TX(7)
2021-08-10 12:16:26,434 [SCMBlockDeletingService#0] DEBUG block.SCMBlockDeletingService (DatanodeDeletedBlockTransactions.java:addTransactionToDN(50)) - Transaction added: 01235482-5c07-4b37-86e9-3192ec4df84f <- TX(8)
2021-08-10 12:16:26,434 [SCMBlockDeletingService#0] DEBUG block.SCMBlockDeletingService (DatanodeDeletedBlockTransactions.java:addTransactionToDN(50)) - Transaction added: b13dbf35-3f05-4a51-87e4-7670ffffb89b <- TX(8)
2021-08-10 12:16:26,434 [SCMBlockDeletingService#0] DEBUG block.SCMBlockDeletingService (DatanodeDeletedBlockTransactions.java:addTransactionToDN(50)) - Transaction added: ad4991cb-97ce-4dd6-b117-42e7f6b0816f <- TX(8)
2021-08-10 12:16:26,434 [SCMBlockDeletingService#0] DEBUG block.SCMBlockDeletingService (DatanodeDeletedBlockTransactions.java:addTransactionToDN(50)) - Transaction added: b13dbf35-3f05-4a51-87e4-7670ffffb89b <- TX(9)
2021-08-10 12:16:26,434 [SCMBlockDeletingService#0] DEBUG block.SCMBlockDeletingService (DatanodeDeletedBlockTransactions.java:addTransactionToDN(50)) - Transaction added: ad4991cb-97ce-4dd6-b117-42e7f6b0816f <- TX(9)
2021-08-10 12:16:26,434 [SCMBlockDeletingService#0] DEBUG block.SCMBlockDeletingService (DatanodeDeletedBlockTransactions.java:addTransactionToDN(50)) - Transaction added: 01235482-5c07-4b37-86e9-3192ec4df84f <- TX(9)
2021-08-10 12:16:26,434 [SCMBlockDeletingService#0] DEBUG block.SCMBlockDeletingService (DatanodeDeletedBlockTransactions.java:addTransactionToDN(50)) - Transaction added: 01235482-5c07-4b37-86e9-3192ec4df84f <- TX(10)
2021-08-10 12:16:26,434 [SCMBlockDeletingService#0] DEBUG block.SCMBlockDeletingService (DatanodeDeletedBlockTransactions.java:addTransactionToDN(50)) - Transaction added: b13dbf35-3f05-4a51-87e4-7670ffffb89b <- TX(10)
2021-08-10 12:16:26,434 [SCMBlockDeletingService#0] DEBUG block.SCMBlockDeletingService (DatanodeDeletedBlockTransactions.java:addTransactionToDN(50)) - Transaction added: ad4991cb-97ce-4dd6-b117-42e7f6b0816f <- TX(10)
2021-08-10 12:16:26,434 [SCMBlockDeletingService#0] DEBUG block.SCMBlockDeletingService (DatanodeDeletedBlockTransactions.java:addTransactionToDN(50)) - Transaction added: ad4991cb-97ce-4dd6-b117-42e7f6b0816f <- TX(11)
2021-08-10 12:16:26,434 [SCMBlockDeletingService#0] DEBUG block.SCMBlockDeletingService (DatanodeDeletedBlockTransactions.java:addTransactionToDN(50)) - Transaction added: 01235482-5c07-4b37-86e9-3192ec4df84f <- TX(11)
2021-08-10 12:16:26,434 [SCMBlockDeletingService#0] DEBUG block.SCMBlockDeletingService (DatanodeDeletedBlockTransactions.java:addTransactionToDN(50)) - Transaction added: b13dbf35-3f05-4a51-87e4-7670ffffb89b <- TX(11)
2021-08-10 12:16:26,434 [SCMBlockDeletingService#0] DEBUG block.SCMBlockDeletingService (DatanodeDeletedBlockTransactions.java:addTransactionToDN(50)) - Transaction added: b13dbf35-3f05-4a51-87e4-7670ffffb89b <- TX(12)
2021-08-10 12:16:26,434 [SCMBlockDeletingService#0] DEBUG block.SCMBlockDeletingService (DatanodeDeletedBlockTransactions.java:addTransactionToDN(50)) - Transaction added: ad4991cb-97ce-4dd6-b117-42e7f6b0816f <- TX(12)
2021-08-10 12:16:26,434 [SCMBlockDeletingService#0] DEBUG block.SCMBlockDeletingService (DatanodeDeletedBlockTransactions.java:addTransactionToDN(50)) - Transaction added: 01235482-5c07-4b37-86e9-3192ec4df84f <- TX(12)
2021-08-10 12:16:26,434 [SCMBlockDeletingService#0] DEBUG block.SCMBlockDeletingService (DatanodeDeletedBlockTransactions.java:addTransactionToDN(50)) - Transaction added: ad4991cb-97ce-4dd6-b117-42e7f6b0816f <- TX(13)
2021-08-10 12:16:26,434 [SCMBlockDeletingService#0] DEBUG block.SCMBlockDeletingService (DatanodeDeletedBlockTransactions.java:addTransactionToDN(50)) - Transaction added: 01235482-5c07-4b37-86e9-3192ec4df84f <- TX(13)
2021-08-10 12:16:26,434 [SCMBlockDeletingService#0] DEBUG block.SCMBlockDeletingService (DatanodeDeletedBlockTransactions.java:addTransactionToDN(50)) - Transaction added: b13dbf35-3f05-4a51-87e4-7670ffffb89b <- TX(13)
2021-08-10 12:16:26,434 [SCMBlockDeletingService#0] DEBUG block.SCMBlockDeletingService (DatanodeDeletedBlockTransactions.java:addTransactionToDN(50)) - Transaction added: b13dbf35-3f05-4a51-87e4-7670ffffb89b <- TX(14)
2021-08-10 12:16:26,434 [SCMBlockDeletingService#0] DEBUG block.SCMBlockDeletingService (DatanodeDeletedBlockTransactions.java:addTransactionToDN(50)) - Transaction added: ad4991cb-97ce-4dd6-b117-42e7f6b0816f <- TX(14)
2021-08-10 12:16:26,434 [SCMBlockDeletingService#0] DEBUG block.SCMBlockDeletingService (DatanodeDeletedBlockTransactions.java:addTransactionToDN(50)) - Transaction added: 01235482-5c07-4b37-86e9-3192ec4df84f <- TX(14)
2021-08-10 12:16:26,434 [SCMBlockDeletingService#0] DEBUG block.SCMBlockDeletingService (DatanodeDeletedBlockTransactions.java:addTransactionToDN(50)) - Transaction added: ad4991cb-97ce-4dd6-b117-42e7f6b0816f <- TX(15)
2021-08-10 12:16:26,434 [SCMBlockDeletingService#0] DEBUG block.SCMBlockDeletingService (DatanodeDeletedBlockTransactions.java:addTransactionToDN(50)) - Transaction added: 01235482-5c07-4b37-86e9-3192ec4df84f <- TX(15)
2021-08-10 12:16:26,434 [SCMBlockDeletingService#0] DEBUG block.SCMBlockDeletingService (DatanodeDeletedBlockTransactions.java:addTransactionToDN(50)) - Transaction added: b13dbf35-3f05-4a51-87e4-7670ffffb89b <- TX(15)
2021-08-10 12:16:26,434 [SCMBlockDeletingService#0] DEBUG block.SCMBlockDeletingService (DatanodeDeletedBlockTransactions.java:addTransactionToDN(50)) - Transaction added: b13dbf35-3f05-4a51-87e4-7670ffffb89b <- TX(16)
2021-08-10 12:16:26,434 [SCMBlockDeletingService#0] DEBUG block.SCMBlockDeletingService (DatanodeDeletedBlockTransactions.java:addTransactionToDN(50)) - Transaction added: ad4991cb-97ce-4dd6-b117-42e7f6b0816f <- TX(16)
2021-08-10 12:16:26,434 [SCMBlockDeletingService#0] DEBUG block.SCMBlockDeletingService (DatanodeDeletedBlockTransactions.java:addTransactionToDN(50)) - Transaction added: 01235482-5c07-4b37-86e9-3192ec4df84f <- TX(16)
2021-08-10 12:16:26,434 [SCMBlockDeletingService#0] DEBUG block.SCMBlockDeletingService (DatanodeDeletedBlockTransactions.java:addTransactionToDN(50)) - Transaction added: 01235482-5c07-4b37-86e9-3192ec4df84f <- TX(17)
2021-08-10 12:16:26,434 [SCMBlockDeletingService#0] DEBUG block.SCMBlockDeletingService (DatanodeDeletedBlockTransactions.java:addTransactionToDN(50)) - Transaction added: b13dbf35-3f05-4a51-87e4-7670ffffb89b <- TX(17)
2021-08-10 12:16:26,435 [SCMBlockDeletingService#0] DEBUG block.SCMBlockDeletingService (DatanodeDeletedBlockTransactions.java:addTransactionToDN(50)) - Transaction added: ad4991cb-97ce-4dd6-b117-42e7f6b0816f <- TX(17)
2021-08-10 12:16:26,435 [SCMBlockDeletingService#0] DEBUG block.SCMBlockDeletingService (DatanodeDeletedBlockTransactions.java:addTransactionToDN(50)) - Transaction added: ad4991cb-97ce-4dd6-b117-42e7f6b0816f <- TX(18)
2021-08-10 12:16:26,435 [SCMBlockDeletingService#0] DEBUG block.SCMBlockDeletingService (DatanodeDeletedBlockTransactions.java:addTransactionToDN(50)) - Transaction added: 01235482-5c07-4b37-86e9-3192ec4df84f <- TX(18)
2021-08-10 12:16:26,435 [SCMBlockDeletingService#0] DEBUG block.SCMBlockDeletingService (DatanodeDeletedBlockTransactions.java:addTransactionToDN(50)) - Transaction added: b13dbf35-3f05-4a51-87e4-7670ffffb89b <- TX(18)
2021-08-10 12:16:26,435 [SCMBlockDeletingService#0] DEBUG block.SCMBlockDeletingService (DatanodeDeletedBlockTransactions.java:addTransactionToDN(50)) - Transaction added: b13dbf35-3f05-4a51-87e4-7670ffffb89b <- TX(19)
2021-08-10 12:16:26,435 [SCMBlockDeletingService#0] DEBUG block.SCMBlockDeletingService (DatanodeDeletedBlockTransactions.java:addTransactionToDN(50)) - Transaction added: ad4991cb-97ce-4dd6-b117-42e7f6b0816f <- TX(19)
2021-08-10 12:16:26,435 [SCMBlockDeletingService#0] DEBUG block.SCMBlockDeletingService (DatanodeDeletedBlockTransactions.java:addTransactionToDN(50)) - Transaction added: 01235482-5c07-4b37-86e9-3192ec4df84f <- TX(19)
2021-08-10 12:16:26,435 [SCMBlockDeletingService#0] DEBUG block.SCMBlockDeletingService (DatanodeDeletedBlockTransactions.java:addTransactionToDN(50)) - Transaction added: ad4991cb-97ce-4dd6-b117-42e7f6b0816f <- TX(20)
2021-08-10 12:16:26,435 [SCMBlockDeletingService#0] DEBUG block.SCMBlockDeletingService (DatanodeDeletedBlockTransactions.java:addTransactionToDN(50)) - Transaction added: 01235482-5c07-4b37-86e9-3192ec4df84f <- TX(20)
2021-08-10 12:16:26,435 [SCMBlockDeletingService#0] DEBUG block.SCMBlockDeletingService (DatanodeDeletedBlockTransactions.java:addTransactionToDN(50)) - Transaction added: b13dbf35-3f05-4a51-87e4-7670ffffb89b <- TX(20)
2021-08-10 12:16:26,435 [SCMBlockDeletingService#0] DEBUG block.SCMBlockDeletingService (DatanodeDeletedBlockTransactions.java:addTransactionToDN(50)) - Transaction added: b13dbf35-3f05-4a51-87e4-7670ffffb89b <- TX(21)
2021-08-10 12:16:26,435 [SCMBlockDeletingService#0] DEBUG block.SCMBlockDeletingService (DatanodeDeletedBlockTransactions.java:addTransactionToDN(50)) - Transaction added: ad4991cb-97ce-4dd6-b117-42e7f6b0816f <- TX(21)
2021-08-10 12:16:26,435 [SCMBlockDeletingService#0] DEBUG block.SCMBlockDeletingService (DatanodeDeletedBlockTransactions.java:addTransactionToDN(50)) - Transaction added: 01235482-5c07-4b37-86e9-3192ec4df84f <- TX(21)
2021-08-10 12:16:26,435 [SCMBlockDeletingService#0] DEBUG block.SCMBlockDeletingService (DatanodeDeletedBlockTransactions.java:addTransactionToDN(50)) - Transaction added: ad4991cb-97ce-4dd6-b117-42e7f6b0816f <- TX(22)
2021-08-10 12:16:26,435 [SCMBlockDeletingService#0] DEBUG block.SCMBlockDeletingService (DatanodeDeletedBlockTransactions.java:addTransactionToDN(50)) - Transaction added: 01235482-5c07-4b37-86e9-3192ec4df84f <- TX(22)
2021-08-10 12:16:26,435 [SCMBlockDeletingService#0] DEBUG block.SCMBlockDeletingService (DatanodeDeletedBlockTransactions.java:addTransactionToDN(50)) - Transaction added: b13dbf35-3f05-4a51-87e4-7670ffffb89b <- TX(22)
2021-08-10 12:16:26,435 [SCMBlockDeletingService#0] DEBUG block.SCMBlockDeletingService (DatanodeDeletedBlockTransactions.java:addTransactionToDN(50)) - Transaction added: b13dbf35-3f05-4a51-87e4-7670ffffb89b <- TX(23)
2021-08-10 12:16:26,435 [SCMBlockDeletingService#0] DEBUG block.SCMBlockDeletingService (DatanodeDeletedBlockTransactions.java:addTransactionToDN(50)) - Transaction added: ad4991cb-97ce-4dd6-b117-42e7f6b0816f <- TX(23)
2021-08-10 12:16:26,435 [SCMBlockDeletingService#0] DEBUG block.SCMBlockDeletingService (DatanodeDeletedBlockTransactions.java:addTransactionToDN(50)) - Transaction added: 01235482-5c07-4b37-86e9-3192ec4df84f <- TX(23)
2021-08-10 12:16:26,435 [SCMBlockDeletingService#0] DEBUG block.SCMBlockDeletingService (DatanodeDeletedBlockTransactions.java:addTransactionToDN(50)) - Transaction added: 01235482-5c07-4b37-86e9-3192ec4df84f <- TX(24)
2021-08-10 12:16:26,435 [SCMBlockDeletingService#0] DEBUG block.SCMBlockDeletingService (DatanodeDeletedBlockTransactions.java:addTransactionToDN(50)) - Transaction added: b13dbf35-3f05-4a51-87e4-7670ffffb89b <- TX(24)
2021-08-10 12:16:26,435 [SCMBlockDeletingService#0] DEBUG block.SCMBlockDeletingService (DatanodeDeletedBlockTransactions.java:addTransactionToDN(50)) - Transaction added: ad4991cb-97ce-4dd6-b117-42e7f6b0816f <- TX(24)
2021-08-10 12:16:26,435 [SCMBlockDeletingService#0] DEBUG block.SCMBlockDeletingService (DatanodeDeletedBlockTransactions.java:addTransactionToDN(50)) - Transaction added: b13dbf35-3f05-4a51-87e4-7670ffffb89b <- TX(25)
2021-08-10 12:16:26,435 [SCMBlockDeletingService#0] DEBUG block.SCMBlockDeletingService (DatanodeDeletedBlockTransactions.java:addTransactionToDN(50)) - Transaction added: ad4991cb-97ce-4dd6-b117-42e7f6b0816f <- TX(25)
2021-08-10 12:16:26,435 [SCMBlockDeletingService#0] DEBUG block.SCMBlockDeletingService (DatanodeDeletedBlockTransactions.java:addTransactionToDN(50)) - Transaction added: 01235482-5c07-4b37-86e9-3192ec4df84f <- TX(25)
2021-08-10 12:16:26,435 [SCMBlockDeletingService#0] DEBUG block.SCMBlockDeletingService (DatanodeDeletedBlockTransactions.java:addTransactionToDN(50)) - Transaction added: 01235482-5c07-4b37-86e9-3192ec4df84f <- TX(26)
2021-08-10 12:16:26,435 [SCMBlockDeletingService#0] DEBUG block.SCMBlockDeletingService (DatanodeDeletedBlockTransactions.java:addTransactionToDN(50)) - Transaction added: b13dbf35-3f05-4a51-87e4-7670ffffb89b <- TX(26)
2021-08-10 12:16:26,435 [SCMBlockDeletingService#0] DEBUG block.SCMBlockDeletingService (DatanodeDeletedBlockTransactions.java:addTransactionToDN(50)) - Transaction added: ad4991cb-97ce-4dd6-b117-42e7f6b0816f <- TX(26)
2021-08-10 12:16:26,435 [SCMBlockDeletingService#0] DEBUG block.SCMBlockDeletingService (DatanodeDeletedBlockTransactions.java:addTransactionToDN(50)) - Transaction added: ad4991cb-97ce-4dd6-b117-42e7f6b0816f <- TX(27)
2021-08-10 12:16:26,435 [SCMBlockDeletingService#0] DEBUG block.SCMBlockDeletingService (DatanodeDeletedBlockTransactions.java:addTransactionToDN(50)) - Transaction added: 01235482-5c07-4b37-86e9-3192ec4df84f <- TX(27)
2021-08-10 12:16:26,435 [SCMBlockDeletingService#0] DEBUG block.SCMBlockDeletingService (DatanodeDeletedBlockTransactions.java:addTransactionToDN(50)) - Transaction added: b13dbf35-3f05-4a51-87e4-7670ffffb89b <- TX(27)
2021-08-10 12:16:26,435 [SCMBlockDeletingService#0] DEBUG block.SCMBlockDeletingService (DatanodeDeletedBlockTransactions.java:addTransactionToDN(50)) - Transaction added: b13dbf35-3f05-4a51-87e4-7670ffffb89b <- TX(28)
2021-08-10 12:16:26,435 [SCMBlockDeletingService#0] DEBUG block.SCMBlockDeletingService (DatanodeDeletedBlockTransactions.java:addTransactionToDN(50)) - Transaction added: ad4991cb-97ce-4dd6-b117-42e7f6b0816f <- TX(28)
2021-08-10 12:16:26,435 [SCMBlockDeletingService#0] DEBUG block.SCMBlockDeletingService (DatanodeDeletedBlockTransactions.java:addTransactionToDN(50)) - Transaction added: 01235482-5c07-4b37-86e9-3192ec4df84f <- TX(28)
2021-08-10 12:16:26,435 [SCMBlockDeletingService#0] DEBUG block.SCMBlockDeletingService (DatanodeDeletedBlockTransactions.java:addTransactionToDN(50)) - Transaction added: ad4991cb-97ce-4dd6-b117-42e7f6b0816f <- TX(29)
2021-08-10 12:16:26,435 [SCMBlockDeletingService#0] DEBUG block.SCMBlockDeletingService (DatanodeDeletedBlockTransactions.java:addTransactionToDN(50)) - Transaction added: 01235482-5c07-4b37-86e9-3192ec4df84f <- TX(29)
2021-08-10 12:16:26,435 [SCMBlockDeletingService#0] DEBUG block.SCMBlockDeletingService (DatanodeDeletedBlockTransactions.java:addTransactionToDN(50)) - Transaction added: b13dbf35-3f05-4a51-87e4-7670ffffb89b <- TX(29)
2021-08-10 12:16:26,435 [SCMBlockDeletingService#0] DEBUG block.SCMBlockDeletingService (DatanodeDeletedBlockTransactions.java:addTransactionToDN(50)) - Transaction added: b13dbf35-3f05-4a51-87e4-7670ffffb89b <- TX(30)
2021-08-10 12:16:26,435 [SCMBlockDeletingService#0] DEBUG block.SCMBlockDeletingService (DatanodeDeletedBlockTransactions.java:addTransactionToDN(50)) - Transaction added: ad4991cb-97ce-4dd6-b117-42e7f6b0816f <- TX(30)
2021-08-10 12:16:26,436 [SCMBlockDeletingService#0] DEBUG block.SCMBlockDeletingService (DatanodeDeletedBlockTransactions.java:addTransactionToDN(50)) - Transaction added: 01235482-5c07-4b37-86e9-3192ec4df84f <- TX(30)
2021-08-10 12:16:26,436 [SCMBlockDeletingService#0] DEBUG block.SCMBlockDeletingService (DatanodeDeletedBlockTransactions.java:addTransactionToDN(50)) - Transaction added: ad4991cb-97ce-4dd6-b117-42e7f6b0816f <- TX(31)
2021-08-10 12:16:26,436 [SCMBlockDeletingService#0] DEBUG block.SCMBlockDeletingService (DatanodeDeletedBlockTransactions.java:addTransactionToDN(50)) - Transaction added: 01235482-5c07-4b37-86e9-3192ec4df84f <- TX(31)
2021-08-10 12:16:26,436 [SCMBlockDeletingService#0] DEBUG block.SCMBlockDeletingService (DatanodeDeletedBlockTransactions.java:addTransactionToDN(50)) - Transaction added: b13dbf35-3f05-4a51-87e4-7670ffffb89b <- TX(31)
2021-08-10 12:16:26,436 [SCMBlockDeletingService#0] DEBUG block.SCMBlockDeletingService (DatanodeDeletedBlockTransactions.java:addTransactionToDN(50)) - Transaction added: b13dbf35-3f05-4a51-87e4-7670ffffb89b <- TX(32)
2021-08-10 12:16:26,436 [SCMBlockDeletingService#0] DEBUG block.SCMBlockDeletingService (DatanodeDeletedBlockTransactions.java:addTransactionToDN(50)) - Transaction added: ad4991cb-97ce-4dd6-b117-42e7f6b0816f <- TX(32)
2021-08-10 12:16:26,436 [SCMBlockDeletingService#0] DEBUG block.SCMBlockDeletingService (DatanodeDeletedBlockTransactions.java:addTransactionToDN(50)) - Transaction added: 01235482-5c07-4b37-86e9-3192ec4df84f <- TX(32)
2021-08-10 12:16:26,436 [SCMBlockDeletingService#0] DEBUG block.SCMBlockDeletingService (DatanodeDeletedBlockTransactions.java:addTransactionToDN(50)) - Transaction added: 01235482-5c07-4b37-86e9-3192ec4df84f <- TX(33)
2021-08-10 12:16:26,436 [SCMBlockDeletingService#0] DEBUG block.SCMBlockDeletingService (DatanodeDeletedBlockTransactions.java:addTransactionToDN(50)) - Transaction added: b13dbf35-3f05-4a51-87e4-7670ffffb89b <- TX(33)
2021-08-10 12:16:26,436 [SCMBlockDeletingService#0] DEBUG block.SCMBlockDeletingService (DatanodeDeletedBlockTransactions.java:addTransactionToDN(50)) - Transaction added: ad4991cb-97ce-4dd6-b117-42e7f6b0816f <- TX(33)
2021-08-10 12:16:26,436 [SCMBlockDeletingService#0] DEBUG block.SCMBlockDeletingService (DatanodeDeletedBlockTransactions.java:addTransactionToDN(50)) - Transaction added: ad4991cb-97ce-4dd6-b117-42e7f6b0816f <- TX(34)
2021-08-10 12:16:26,436 [SCMBlockDeletingService#0] DEBUG block.SCMBlockDeletingService (DatanodeDeletedBlockTransactions.java:addTransactionToDN(50)) - Transaction added: 01235482-5c07-4b37-86e9-3192ec4df84f <- TX(34)
2021-08-10 12:16:26,436 [SCMBlockDeletingService#0] DEBUG block.SCMBlockDeletingService (DatanodeDeletedBlockTransactions.java:addTransactionToDN(50)) - Transaction added: b13dbf35-3f05-4a51-87e4-7670ffffb89b <- TX(34)
2021-08-10 12:16:26,436 [SCMBlockDeletingService#0] DEBUG block.SCMBlockDeletingService (DatanodeDeletedBlockTransactions.java:addTransactionToDN(50)) - Transaction added: b13dbf35-3f05-4a51-87e4-7670ffffb89b <- TX(35)
2021-08-10 12:16:26,436 [SCMBlockDeletingService#0] DEBUG block.SCMBlockDeletingService (DatanodeDeletedBlockTransactions.java:addTransactionToDN(50)) - Transaction added: ad4991cb-97ce-4dd6-b117-42e7f6b0816f <- TX(35)
2021-08-10 12:16:26,436 [SCMBlockDeletingService#0] DEBUG block.SCMBlockDeletingService (DatanodeDeletedBlockTransactions.java:addTransactionToDN(50)) - Transaction added: 01235482-5c07-4b37-86e9-3192ec4df84f <- TX(35)
2021-08-10 12:16:26,436 [SCMBlockDeletingService#0] DEBUG block.SCMBlockDeletingService (DatanodeDeletedBlockTransactions.java:addTransactionToDN(50)) - Transaction added: ad4991cb-97ce-4dd6-b117-42e7f6b0816f <- TX(36)
2021-08-10 12:16:26,436 [SCMBlockDeletingService#0] DEBUG block.SCMBlockDeletingService (DatanodeDeletedBlockTransactions.java:addTransactionToDN(50)) - Transaction added: 01235482-5c07-4b37-86e9-3192ec4df84f <- TX(36)
2021-08-10 12:16:26,436 [SCMBlockDeletingService#0] DEBUG block.SCMBlockDeletingService (DatanodeDeletedBlockTransactions.java:addTransactionToDN(50)) - Transaction added: b13dbf35-3f05-4a51-87e4-7670ffffb89b <- TX(36)
2021-08-10 12:16:26,436 [SCMBlockDeletingService#0] DEBUG block.SCMBlockDeletingService (DatanodeDeletedBlockTransactions.java:addTransactionToDN(50)) - Transaction added: b13dbf35-3f05-4a51-87e4-7670ffffb89b <- TX(37)
2021-08-10 12:16:26,436 [SCMBlockDeletingService#0] DEBUG block.SCMBlockDeletingService (DatanodeDeletedBlockTransactions.java:addTransactionToDN(50)) - Transaction added: ad4991cb-97ce-4dd6-b117-42e7f6b0816f <- TX(37)
2021-08-10 12:16:26,436 [SCMBlockDeletingService#0] DEBUG block.SCMBlockDeletingService (DatanodeDeletedBlockTransactions.java:addTransactionToDN(50)) - Transaction added: 01235482-5c07-4b37-86e9-3192ec4df84f <- TX(37)
2021-08-10 12:16:26,436 [SCMBlockDeletingService#0] DEBUG block.SCMBlockDeletingService (DatanodeDeletedBlockTransactions.java:addTransactionToDN(50)) - Transaction added: ad4991cb-97ce-4dd6-b117-42e7f6b0816f <- TX(38)
2021-08-10 12:16:26,436 [SCMBlockDeletingService#0] DEBUG block.SCMBlockDeletingService (DatanodeDeletedBlockTransactions.java:addTransactionToDN(50)) - Transaction added: 01235482-5c07-4b37-86e9-3192ec4df84f <- TX(38)
2021-08-10 12:16:26,436 [SCMBlockDeletingService#0] DEBUG block.SCMBlockDeletingService (DatanodeDeletedBlockTransactions.java:addTransactionToDN(50)) - Transaction added: b13dbf35-3f05-4a51-87e4-7670ffffb89b <- TX(38)
2021-08-10 12:16:26,436 [SCMBlockDeletingService#0] DEBUG block.SCMBlockDeletingService (DatanodeDeletedBlockTransactions.java:addTransactionToDN(50)) - Transaction added: b13dbf35-3f05-4a51-87e4-7670ffffb89b <- TX(39)
2021-08-10 12:16:26,436 [SCMBlockDeletingService#0] DEBUG block.SCMBlockDeletingService (DatanodeDeletedBlockTransactions.java:addTransactionToDN(50)) - Transaction added: ad4991cb-97ce-4dd6-b117-42e7f6b0816f <- TX(39)
2021-08-10 12:16:26,436 [SCMBlockDeletingService#0] DEBUG block.SCMBlockDeletingService (DatanodeDeletedBlockTransactions.java:addTransactionToDN(50)) - Transaction added: 01235482-5c07-4b37-86e9-3192ec4df84f <- TX(39)
2021-08-10 12:16:26,436 [SCMBlockDeletingService#0] DEBUG block.SCMBlockDeletingService (DatanodeDeletedBlockTransactions.java:addTransactionToDN(50)) - Transaction added: 01235482-5c07-4b37-86e9-3192ec4df84f <- TX(40)
2021-08-10 12:16:26,436 [SCMBlockDeletingService#0] DEBUG block.SCMBlockDeletingService (DatanodeDeletedBlockTransactions.java:addTransactionToDN(50)) - Transaction added: b13dbf35-3f05-4a51-87e4-7670ffffb89b <- TX(40)
2021-08-10 12:16:26,436 [SCMBlockDeletingService#0] DEBUG block.SCMBlockDeletingService (DatanodeDeletedBlockTransactions.java:addTransactionToDN(50)) - Transaction added: ad4991cb-97ce-4dd6-b117-42e7f6b0816f <- TX(40)
2021-08-10 12:16:26,436 [SCMBlockDeletingService#0] DEBUG block.SCMBlockDeletingService (DatanodeDeletedBlockTransactions.java:addTransactionToDN(50)) - Transaction added: b13dbf35-3f05-4a51-87e4-7670ffffb89b <- TX(41)
2021-08-10 12:16:26,436 [SCMBlockDeletingService#0] DEBUG block.SCMBlockDeletingService (DatanodeDeletedBlockTransactions.java:addTransactionToDN(50)) - Transaction added: ad4991cb-97ce-4dd6-b117-42e7f6b0816f <- TX(41)
2021-08-10 12:16:26,436 [SCMBlockDeletingService#0] DEBUG block.SCMBlockDeletingService (DatanodeDeletedBlockTransactions.java:addTransactionToDN(50)) - Transaction added: 01235482-5c07-4b37-86e9-3192ec4df84f <- TX(41)
2021-08-10 12:16:26,436 [SCMBlockDeletingService#0] DEBUG block.SCMBlockDeletingService (DatanodeDeletedBlockTransactions.java:addTransactionToDN(50)) - Transaction added: 01235482-5c07-4b37-86e9-3192ec4df84f <- TX(42)
2021-08-10 12:16:26,436 [SCMBlockDeletingService#0] DEBUG block.SCMBlockDeletingService (DatanodeDeletedBlockTransactions.java:addTransactionToDN(50)) - Transaction added: b13dbf35-3f05-4a51-87e4-7670ffffb89b <- TX(42)
2021-08-10 12:16:26,436 [SCMBlockDeletingService#0] DEBUG block.SCMBlockDeletingService (DatanodeDeletedBlockTransactions.java:addTransactionToDN(50)) - Transaction added: ad4991cb-97ce-4dd6-b117-42e7f6b0816f <- TX(42)
2021-08-10 12:16:26,436 [SCMBlockDeletingService#0] DEBUG block.SCMBlockDeletingService (DatanodeDeletedBlockTransactions.java:addTransactionToDN(50)) - Transaction added: ad4991cb-97ce-4dd6-b117-42e7f6b0816f <- TX(43)
2021-08-10 12:16:26,436 [SCMBlockDeletingService#0] DEBUG block.SCMBlockDeletingService (DatanodeDeletedBlockTransactions.java:addTransactionToDN(50)) - Transaction added: 01235482-5c07-4b37-86e9-3192ec4df84f <- TX(43)
2021-08-10 12:16:26,436 [SCMBlockDeletingService#0] DEBUG block.SCMBlockDeletingService (DatanodeDeletedBlockTransactions.java:addTransactionToDN(50)) - Transaction added: b13dbf35-3f05-4a51-87e4-7670ffffb89b <- TX(43)
2021-08-10 12:16:26,437 [SCMBlockDeletingService#0] DEBUG block.SCMBlockDeletingService (DatanodeDeletedBlockTransactions.java:addTransactionToDN(50)) - Transaction added: b13dbf35-3f05-4a51-87e4-7670ffffb89b <- TX(44)
2021-08-10 12:16:26,437 [SCMBlockDeletingService#0] DEBUG block.SCMBlockDeletingService (DatanodeDeletedBlockTransactions.java:addTransactionToDN(50)) - Transaction added: ad4991cb-97ce-4dd6-b117-42e7f6b0816f <- TX(44)
2021-08-10 12:16:26,437 [SCMBlockDeletingService#0] DEBUG block.SCMBlockDeletingService (DatanodeDeletedBlockTransactions.java:addTransactionToDN(50)) - Transaction added: 01235482-5c07-4b37-86e9-3192ec4df84f <- TX(44)
2021-08-10 12:16:26,437 [SCMBlockDeletingService#0] DEBUG block.SCMBlockDeletingService (DatanodeDeletedBlockTransactions.java:addTransactionToDN(50)) - Transaction added: ad4991cb-97ce-4dd6-b117-42e7f6b0816f <- TX(45)
2021-08-10 12:16:26,437 [SCMBlockDeletingService#0] DEBUG block.SCMBlockDeletingService (DatanodeDeletedBlockTransactions.java:addTransactionToDN(50)) - Transaction added: 01235482-5c07-4b37-86e9-3192ec4df84f <- TX(45)
2021-08-10 12:16:26,437 [SCMBlockDeletingService#0] DEBUG block.SCMBlockDeletingService (DatanodeDeletedBlockTransactions.java:addTransactionToDN(50)) - Transaction added: b13dbf35-3f05-4a51-87e4-7670ffffb89b <- TX(45)
2021-08-10 12:16:26,437 [SCMBlockDeletingService#0] DEBUG block.SCMBlockDeletingService (DatanodeDeletedBlockTransactions.java:addTransactionToDN(50)) - Transaction added: b13dbf35-3f05-4a51-87e4-7670ffffb89b <- TX(46)
2021-08-10 12:16:26,437 [SCMBlockDeletingService#0] DEBUG block.SCMBlockDeletingService (DatanodeDeletedBlockTransactions.java:addTransactionToDN(50)) - Transaction added: ad4991cb-97ce-4dd6-b117-42e7f6b0816f <- TX(46)
2021-08-10 12:16:26,437 [SCMBlockDeletingService#0] DEBUG block.SCMBlockDeletingService (DatanodeDeletedBlockTransactions.java:addTransactionToDN(50)) - Transaction added: 01235482-5c07-4b37-86e9-3192ec4df84f <- TX(46)
2021-08-10 12:16:26,437 [SCMBlockDeletingService#0] DEBUG block.SCMBlockDeletingService (DatanodeDeletedBlockTransactions.java:addTransactionToDN(50)) - Transaction added: ad4991cb-97ce-4dd6-b117-42e7f6b0816f <- TX(47)
2021-08-10 12:16:26,437 [SCMBlockDeletingService#0] DEBUG block.SCMBlockDeletingService (DatanodeDeletedBlockTransactions.java:addTransactionToDN(50)) - Transaction added: 01235482-5c07-4b37-86e9-3192ec4df84f <- TX(47)
2021-08-10 12:16:26,437 [SCMBlockDeletingService#0] DEBUG block.SCMBlockDeletingService (DatanodeDeletedBlockTransactions.java:addTransactionToDN(50)) - Transaction added: b13dbf35-3f05-4a51-87e4-7670ffffb89b <- TX(47)
2021-08-10 12:16:26,437 [SCMBlockDeletingService#0] DEBUG block.SCMBlockDeletingService (DatanodeDeletedBlockTransactions.java:addTransactionToDN(50)) - Transaction added: b13dbf35-3f05-4a51-87e4-7670ffffb89b <- TX(48)
2021-08-10 12:16:26,437 [SCMBlockDeletingService#0] DEBUG block.SCMBlockDeletingService (DatanodeDeletedBlockTransactions.java:addTransactionToDN(50)) - Transaction added: ad4991cb-97ce-4dd6-b117-42e7f6b0816f <- TX(48)
2021-08-10 12:16:26,437 [SCMBlockDeletingService#0] DEBUG block.SCMBlockDeletingService (DatanodeDeletedBlockTransactions.java:addTransactionToDN(50)) - Transaction added: 01235482-5c07-4b37-86e9-3192ec4df84f <- TX(48)
2021-08-10 12:16:26,437 [SCMBlockDeletingService#0] DEBUG block.SCMBlockDeletingService (DatanodeDeletedBlockTransactions.java:addTransactionToDN(50)) - Transaction added: 01235482-5c07-4b37-86e9-3192ec4df84f <- TX(49)
2021-08-10 12:16:26,437 [SCMBlockDeletingService#0] DEBUG block.SCMBlockDeletingService (DatanodeDeletedBlockTransactions.java:addTransactionToDN(50)) - Transaction added: b13dbf35-3f05-4a51-87e4-7670ffffb89b <- TX(49)
2021-08-10 12:16:26,437 [SCMBlockDeletingService#0] DEBUG block.SCMBlockDeletingService (DatanodeDeletedBlockTransactions.java:addTransactionToDN(50)) - Transaction added: ad4991cb-97ce-4dd6-b117-42e7f6b0816f <- TX(49)
2021-08-10 12:16:26,437 [SCMBlockDeletingService#0] DEBUG block.SCMBlockDeletingService (DatanodeDeletedBlockTransactions.java:addTransactionToDN(50)) - Transaction added: ad4991cb-97ce-4dd6-b117-42e7f6b0816f <- TX(50)
2021-08-10 12:16:26,437 [SCMBlockDeletingService#0] DEBUG block.SCMBlockDeletingService (DatanodeDeletedBlockTransactions.java:addTransactionToDN(50)) - Transaction added: 01235482-5c07-4b37-86e9-3192ec4df84f <- TX(50)
2021-08-10 12:16:26,437 [SCMBlockDeletingService#0] DEBUG block.SCMBlockDeletingService (DatanodeDeletedBlockTransactions.java:addTransactionToDN(50)) - Transaction added: b13dbf35-3f05-4a51-87e4-7670ffffb89b <- TX(50)
2021-08-10 12:16:26,437 [SCMBlockDeletingService#0] DEBUG block.SCMBlockDeletingService (DatanodeDeletedBlockTransactions.java:addTransactionToDN(50)) - Transaction added: b13dbf35-3f05-4a51-87e4-7670ffffb89b <- TX(51)
2021-08-10 12:16:26,437 [SCMBlockDeletingService#0] DEBUG block.SCMBlockDeletingService (DatanodeDeletedBlockTransactions.java:addTransactionToDN(50)) - Transaction added: ad4991cb-97ce-4dd6-b117-42e7f6b0816f <- TX(51)
2021-08-10 12:16:26,437 [SCMBlockDeletingService#0] DEBUG block.SCMBlockDeletingService (DatanodeDeletedBlockTransactions.java:addTransactionToDN(50)) - Transaction added: 01235482-5c07-4b37-86e9-3192ec4df84f <- TX(51)
2021-08-10 12:16:26,437 [SCMBlockDeletingService#0] DEBUG block.SCMBlockDeletingService (DatanodeDeletedBlockTransactions.java:addTransactionToDN(50)) - Transaction added: ad4991cb-97ce-4dd6-b117-42e7f6b0816f <- TX(52)
2021-08-10 12:16:26,437 [SCMBlockDeletingService#0] DEBUG block.SCMBlockDeletingService (DatanodeDeletedBlockTransactions.java:addTransactionToDN(50)) - Transaction added: 01235482-5c07-4b37-86e9-3192ec4df84f <- TX(52)
2021-08-10 12:16:26,437 [SCMBlockDeletingService#0] DEBUG block.SCMBlockDeletingService (DatanodeDeletedBlockTransactions.java:addTransactionToDN(50)) - Transaction added: b13dbf35-3f05-4a51-87e4-7670ffffb89b <- TX(52)
2021-08-10 12:16:26,437 [SCMBlockDeletingService#0] DEBUG block.SCMBlockDeletingService (DatanodeDeletedBlockTransactions.java:addTransactionToDN(50)) - Transaction added: b13dbf35-3f05-4a51-87e4-7670ffffb89b <- TX(53)
2021-08-10 12:16:26,437 [SCMBlockDeletingService#0] DEBUG block.SCMBlockDeletingService (DatanodeDeletedBlockTransactions.java:addTransactionToDN(50)) - Transaction added: ad4991cb-97ce-4dd6-b117-42e7f6b0816f <- TX(53)
2021-08-10 12:16:26,437 [SCMBlockDeletingService#0] DEBUG block.SCMBlockDeletingService (DatanodeDeletedBlockTransactions.java:addTransactionToDN(50)) - Transaction added: 01235482-5c07-4b37-86e9-3192ec4df84f <- TX(53)
2021-08-10 12:16:26,437 [SCMBlockDeletingService#0] DEBUG block.SCMBlockDeletingService (DatanodeDeletedBlockTransactions.java:addTransactionToDN(50)) - Transaction added: ad4991cb-97ce-4dd6-b117-42e7f6b0816f <- TX(54)
2021-08-10 12:16:26,437 [SCMBlockDeletingService#0] DEBUG block.SCMBlockDeletingService (DatanodeDeletedBlockTransactions.java:addTransactionToDN(50)) - Transaction added: 01235482-5c07-4b37-86e9-3192ec4df84f <- TX(54)
2021-08-10 12:16:26,437 [SCMBlockDeletingService#0] DEBUG block.SCMBlockDeletingService (DatanodeDeletedBlockTransactions.java:addTransactionToDN(50)) - Transaction added: b13dbf35-3f05-4a51-87e4-7670ffffb89b <- TX(54)
2021-08-10 12:16:26,437 [SCMBlockDeletingService#0] DEBUG block.SCMBlockDeletingService (DatanodeDeletedBlockTransactions.java:addTransactionToDN(50)) - Transaction added: b13dbf35-3f05-4a51-87e4-7670ffffb89b <- TX(55)
2021-08-10 12:16:26,437 [SCMBlockDeletingService#0] DEBUG block.SCMBlockDeletingService (DatanodeDeletedBlockTransactions.java:addTransactionToDN(50)) - Transaction added: ad4991cb-97ce-4dd6-b117-42e7f6b0816f <- TX(55)
2021-08-10 12:16:26,437 [SCMBlockDeletingService#0] DEBUG block.SCMBlockDeletingService (DatanodeDeletedBlockTransactions.java:addTransactionToDN(50)) - Transaction added: 01235482-5c07-4b37-86e9-3192ec4df84f <- TX(55)
2021-08-10 12:16:26,437 [SCMBlockDeletingService#0] DEBUG block.SCMBlockDeletingService (DatanodeDeletedBlockTransactions.java:addTransactionToDN(50)) - Transaction added: 01235482-5c07-4b37-86e9-3192ec4df84f <- TX(56)
2021-08-10 12:16:26,437 [SCMBlockDeletingService#0] DEBUG block.SCMBlockDeletingService (DatanodeDeletedBlockTransactions.java:addTransactionToDN(50)) - Transaction added: b13dbf35-3f05-4a51-87e4-7670ffffb89b <- TX(56)
2021-08-10 12:16:26,437 [SCMBlockDeletingService#0] DEBUG block.SCMBlockDeletingService (DatanodeDeletedBlockTransactions.java:addTransactionToDN(50)) - Transaction added: ad4991cb-97ce-4dd6-b117-42e7f6b0816f <- TX(56)
2021-08-10 12:16:26,438 [BlockDeletingService#2] INFO  impl.FilePerBlockStrategy (FilePerBlockStrategy.java:deleteChunk(227)) - Deleted block file: /home/runner/work/ozone/ozone/hadoop-ozone/integration-test/target/test-dir/MiniOzoneClusterImpl-75f1614f-1661-444a-a475-726e833f1db0/datanode-0/data-0/containers/hdds/75f1614f-1661-444a-a475-726e833f1db0/current/containerDir0/9/chunks/107544261427200009.block
2021-08-10 12:16:26,439 [BlockDeletingService#2] INFO  background.BlockDeletingService (BlockDeletingService.java:deleteViaSchema2(447)) - Container: 9, deleted blocks: 1, task elapsed time: 12ms
2021-08-10 12:16:26,440 [SCMBlockDeletingService#0] DEBUG block.SCMBlockDeletingService (SCMBlockDeletingService.java:call(164)) - Added delete block command for datanode ad4991cb-97ce-4dd6-b117-42e7f6b0816f in the queue, number of delete block transactions: 56
2021-08-10 12:16:26,440 [SCMBlockDeletingService#0] DEBUG block.SCMBlockDeletingService (SCMBlockDeletingService.java:call(164)) - Added delete block command for datanode 01235482-5c07-4b37-86e9-3192ec4df84f in the queue, number of delete block transactions: 56
2021-08-10 12:16:26,440 [SCMBlockDeletingService#0] DEBUG block.SCMBlockDeletingService (SCMBlockDeletingService.java:call(164)) - Added delete block command for datanode b13dbf35-3f05-4a51-87e4-7670ffffb89b in the queue, number of delete block transactions: 56
2021-08-10 12:16:26,440 [SCMBlockDeletingService#0] INFO  block.SCMBlockDeletingService (SCMBlockDeletingService.java:call(174)) - Totally added 168 blocks to be deleted for 3 datanodes, task elapsed time: 7ms
2021-08-10 12:16:26,533 [SCMBlockDeletingService#0] DEBUG block.SCMBlockDeletingService (SCMBlockDeletingService.java:call(133)) - Running DeletedBlockTransactionScanner
2021-08-10 12:16:26,533 [SCMBlockDeletingService#0] DEBUG block.SCMBlockDeletingService (DatanodeDeletedBlockTransactions.java:addTransactionToDN(50)) - Transaction added: 01235482-5c07-4b37-86e9-3192ec4df84f <- TX(1)
2021-08-10 12:16:26,533 [SCMBlockDeletingService#0] DEBUG block.SCMBlockDeletingService (DatanodeDeletedBlockTransactions.java:addTransactionToDN(50)) - Transaction added: b13dbf35-3f05-4a51-87e4-7670ffffb89b <- TX(1)
2021-08-10 12:16:26,533 [SCMBlockDeletingService#0] DEBUG block.SCMBlockDeletingService (DatanodeDeletedBlockTransactions.java:addTransactionToDN(50)) - Transaction added: ad4991cb-97ce-4dd6-b117-42e7f6b0816f <- TX(1)
2021-08-10 12:16:26,533 [SCMBlockDeletingService#0] DEBUG block.SCMBlockDeletingService (DatanodeDeletedBlockTransactions.java:addTransactionToDN(50)) - Transaction added: ad4991cb-97ce-4dd6-b117-42e7f6b0816f <- TX(2)
2021-08-10 12:16:26,533 [SCMBlockDeletingService#0] DEBUG block.SCMBlockDeletingService (DatanodeDeletedBlockTransactions.java:addTransactionToDN(50)) - Transaction added: 01235482-5c07-4b37-86e9-3192ec4df84f <- TX(2)
2021-08-10 12:16:26,533 [SCMBlockDeletingService#0] DEBUG block.SCMBlockDeletingService (DatanodeDeletedBlockTransactions.java:addTransactionToDN(50)) - Transaction added: b13dbf35-3f05-4a51-87e4-7670ffffb89b <- TX(2)
2021-08-10 12:16:26,534 [SCMBlockDeletingService#0] DEBUG block.SCMBlockDeletingService (DatanodeDeletedBlockTransactions.java:addTransactionToDN(50)) - Transaction added: b13dbf35-3f05-4a51-87e4-7670ffffb89b <- TX(3)
2021-08-10 12:16:26,534 [SCMBlockDeletingService#0] DEBUG block.SCMBlockDeletingService (DatanodeDeletedBlockTransactions.java:addTransactionToDN(50)) - Transaction added: ad4991cb-97ce-4dd6-b117-42e7f6b0816f <- TX(3)
2021-08-10 12:16:26,534 [SCMBlockDeletingService#0] DEBUG block.SCMBlockDeletingService (DatanodeDeletedBlockTransactions.java:addTransactionToDN(50)) - Transaction added: 01235482-5c07-4b37-86e9-3192ec4df84f <- TX(3)
2021-08-10 12:16:26,534 [SCMBlockDeletingService#0] DEBUG block.SCMBlockDeletingService (DatanodeDeletedBlockTransactions.java:addTransactionToDN(50)) - Transaction added: ad4991cb-97ce-4dd6-b117-42e7f6b0816f <- TX(4)
2021-08-10 12:16:26,534 [SCMBlockDeletingService#0] DEBUG block.SCMBlockDeletingService (DatanodeDeletedBlockTransactions.java:addTransactionToDN(50)) - Transaction added: 01235482-5c07-4b37-86e9-3192ec4df84f <- TX(4)
2021-08-10 12:16:26,534 [SCMBlockDeletingService#0] DEBUG block.SCMBlockDeletingService (DatanodeDeletedBlockTransactions.java:addTransactionToDN(50)) - Transaction added: b13dbf35-3f05-4a51-87e4-7670ffffb89b <- TX(4)
2021-08-10 12:16:26,534 [SCMBlockDeletingService#0] DEBUG block.SCMBlockDeletingService (DatanodeDeletedBlockTransactions.java:addTransactionToDN(50)) - Transaction added: b13dbf35-3f05-4a51-87e4-7670ffffb89b <- TX(5)
2021-08-10 12:16:26,534 [SCMBlockDeletingService#0] DEBUG block.SCMBlockDeletingService (DatanodeDeletedBlockTransactions.java:addTransactionToDN(50)) - Transaction added: ad4991cb-97ce-4dd6-b117-42e7f6b0816f <- TX(5)
2021-08-10 12:16:26,534 [SCMBlockDeletingService#0] DEBUG block.SCMBlockDeletingService (DatanodeDeletedBlockTransactions.java:addTransactionToDN(50)) - Transaction added: 01235482-5c07-4b37-86e9-3192ec4df84f <- TX(5)
2021-08-10 12:16:26,534 [SCMBlockDeletingService#0] DEBUG block.SCMBlockDeletingService (DatanodeDeletedBlockTransactions.java:addTransactionToDN(50)) - Transaction added: ad4991cb-97ce-4dd6-b117-42e7f6b0816f <- TX(6)
2021-08-10 12:16:26,534 [SCMBlockDeletingService#0] DEBUG block.SCMBlockDeletingService (DatanodeDeletedBlockTransactions.java:addTransactionToDN(50)) - Transaction added: 01235482-5c07-4b37-86e9-3192ec4df84f <- TX(6)
2021-08-10 12:16:26,534 [SCMBlockDeletingService#0] DEBUG block.SCMBlockDeletingService (DatanodeDeletedBlockTransactions.java:addTransactionToDN(50)) - Transaction added: b13dbf35-3f05-4a51-87e4-7670ffffb89b <- TX(6)
2021-08-10 12:16:26,534 [SCMBlockDeletingService#0] DEBUG block.SCMBlockDeletingService (DatanodeDeletedBlockTransactions.java:addTransactionToDN(50)) - Transaction added: b13dbf35-3f05-4a51-87e4-7670ffffb89b <- TX(7)
2021-08-10 12:16:26,534 [SCMBlockDeletingService#0] DEBUG block.SCMBlockDeletingService (DatanodeDeletedBlockTransactions.java:addTransactionToDN(50)) - Transaction added: ad4991cb-97ce-4dd6-b117-42e7f6b0816f <- TX(7)
2021-08-10 12:16:26,534 [SCMBlockDeletingService#0] DEBUG block.SCMBlockDeletingService (DatanodeDeletedBlockTransactions.java:addTransactionToDN(50)) - Transaction added: 01235482-5c07-4b37-86e9-3192ec4df84f <- TX(7)
2021-08-10 12:16:26,534 [SCMBlockDeletingService#0] DEBUG block.SCMBlockDeletingService (DatanodeDeletedBlockTransactions.java:addTransactionToDN(50)) - Transaction added: 01235482-5c07-4b37-86e9-3192ec4df84f <- TX(8)
2021-08-10 12:16:26,534 [SCMBlockDeletingService#0] DEBUG block.SCMBlockDeletingService (DatanodeDeletedBlockTransactions.java:addTransactionToDN(50)) - Transaction added: b13dbf35-3f05-4a51-87e4-7670ffffb89b <- TX(8)
2021-08-10 12:16:26,534 [SCMBlockDeletingService#0] DEBUG block.SCMBlockDeletingService (DatanodeDeletedBlockTransactions.java:addTransactionToDN(50)) - Transaction added: ad4991cb-97ce-4dd6-b117-42e7f6b0816f <- TX(8)
2021-08-10 12:16:26,534 [SCMBlockDeletingService#0] DEBUG block.SCMBlockDeletingService (DatanodeDeletedBlockTransactions.java:addTransactionToDN(50)) - Transaction added: b13dbf35-3f05-4a51-87e4-7670ffffb89b <- TX(9)
2021-08-10 12:16:26,534 [SCMBlockDeletingService#0] DEBUG block.SCMBlockDeletingService (DatanodeDeletedBlockTransactions.java:addTransactionToDN(50)) - Transaction added: ad4991cb-97ce-4dd6-b117-42e7f6b0816f <- TX(9)
2021-08-10 12:16:26,534 [SCMBlockDeletingService#0] DEBUG block.SCMBlockDeletingService (DatanodeDeletedBlockTransactions.java:addTransactionToDN(50)) - Transaction added: 01235482-5c07-4b37-86e9-3192ec4df84f <- TX(9)
2021-08-10 12:16:26,534 [SCMBlockDeletingService#0] DEBUG block.SCMBlockDeletingService (DatanodeDeletedBlockTransactions.java:addTransactionToDN(50)) - Transaction added: 01235482-5c07-4b37-86e9-3192ec4df84f <- TX(10)
2021-08-10 12:16:26,534 [SCMBlockDeletingService#0] DEBUG block.SCMBlockDeletingService (DatanodeDeletedBlockTransactions.java:addTransactionToDN(50)) - Transaction added: b13dbf35-3f05-4a51-87e4-7670ffffb89b <- TX(10)
2021-08-10 12:16:26,534 [SCMBlockDeletingService#0] DEBUG block.SCMBlockDeletingService (DatanodeDeletedBlockTransactions.java:addTransactionToDN(50)) - Transaction added: ad4991cb-97ce-4dd6-b117-42e7f6b0816f <- TX(10)
2021-08-10 12:16:26,534 [SCMBlockDeletingService#0] DEBUG block.SCMBlockDeletingService (DatanodeDeletedBlockTransactions.java:addTransactionToDN(50)) - Transaction added: ad4991cb-97ce-4dd6-b117-42e7f6b0816f <- TX(11)
2021-08-10 12:16:26,534 [SCMBlockDeletingService#0] DEBUG block.SCMBlockDeletingService (DatanodeDeletedBlockTransactions.java:addTransactionToDN(50)) - Transaction added: 01235482-5c07-4b37-86e9-3192ec4df84f <- TX(11)
2021-08-10 12:16:26,534 [SCMBlockDeletingService#0] DEBUG block.SCMBlockDeletingService (DatanodeDeletedBlockTransactions.java:addTransactionToDN(50)) - Transaction added: b13dbf35-3f05-4a51-87e4-7670ffffb89b <- TX(11)
2021-08-10 12:16:26,534 [SCMBlockDeletingService#0] DEBUG block.SCMBlockDeletingService (DatanodeDeletedBlockTransactions.java:addTransactionToDN(50)) - Transaction added: b13dbf35-3f05-4a51-87e4-7670ffffb89b <- TX(12)
2021-08-10 12:16:26,534 [SCMBlockDeletingService#0] DEBUG block.SCMBlockDeletingService (DatanodeDeletedBlockTransactions.java:addTransactionToDN(50)) - Transaction added: ad4991cb-97ce-4dd6-b117-42e7f6b0816f <- TX(12)
2021-08-10 12:16:26,534 [SCMBlockDeletingService#0] DEBUG block.SCMBlockDeletingService (DatanodeDeletedBlockTransactions.java:addTransactionToDN(50)) - Transaction added: 01235482-5c07-4b37-86e9-3192ec4df84f <- TX(12)
2021-08-10 12:16:26,534 [SCMBlockDeletingService#0] DEBUG block.SCMBlockDeletingService (DatanodeDeletedBlockTransactions.java:addTransactionToDN(50)) - Transaction added: ad4991cb-97ce-4dd6-b117-42e7f6b0816f <- TX(13)
2021-08-10 12:16:26,534 [SCMBlockDeletingService#0] DEBUG block.SCMBlockDeletingService (DatanodeDeletedBlockTransactions.java:addTransactionToDN(50)) - Transaction added: 01235482-5c07-4b37-86e9-3192ec4df84f <- TX(13)
2021-08-10 12:16:26,534 [SCMBlockDeletingService#0] DEBUG block.SCMBlockDeletingService (DatanodeDeletedBlockTransactions.java:addTransactionToDN(50)) - Transaction added: b13dbf35-3f05-4a51-87e4-7670ffffb89b <- TX(13)
2021-08-10 12:16:26,534 [SCMBlockDeletingService#0] DEBUG block.SCMBlockDeletingService (DatanodeDeletedBlockTransactions.java:addTransactionToDN(50)) - Transaction added: b13dbf35-3f05-4a51-87e4-7670ffffb89b <- TX(14)
2021-08-10 12:16:26,534 [SCMBlockDeletingService#0] DEBUG block.SCMBlockDeletingService (DatanodeDeletedBlockTransactions.java:addTransactionToDN(50)) - Transaction added: ad4991cb-97ce-4dd6-b117-42e7f6b0816f <- TX(14)
2021-08-10 12:16:26,534 [SCMBlockDeletingService#0] DEBUG block.SCMBlockDeletingService (DatanodeDeletedBlockTransactions.java:addTransactionToDN(50)) - Transaction added: 01235482-5c07-4b37-86e9-3192ec4df84f <- TX(14)
2021-08-10 12:16:26,534 [SCMBlockDeletingService#0] DEBUG block.SCMBlockDeletingService (DatanodeDeletedBlockTransactions.java:addTransactionToDN(50)) - Transaction added: ad4991cb-97ce-4dd6-b117-42e7f6b0816f <- TX(15)
2021-08-10 12:16:26,534 [SCMBlockDeletingService#0] DEBUG block.SCMBlockDeletingService (DatanodeDeletedBlockTransactions.java:addTransactionToDN(50)) - Transaction added: 01235482-5c07-4b37-86e9-3192ec4df84f <- TX(15)
2021-08-10 12:16:26,535 [SCMBlockDeletingService#0] DEBUG block.SCMBlockDeletingService (DatanodeDeletedBlockTransactions.java:addTransactionToDN(50)) - Transaction added: b13dbf35-3f05-4a51-87e4-7670ffffb89b <- TX(15)
2021-08-10 12:16:26,535 [SCMBlockDeletingService#0] DEBUG block.SCMBlockDeletingService (DatanodeDeletedBlockTransactions.java:addTransactionToDN(50)) - Transaction added: b13dbf35-3f05-4a51-87e4-7670ffffb89b <- TX(16)
2021-08-10 12:16:26,535 [SCMBlockDeletingService#0] DEBUG block.SCMBlockDeletingService (DatanodeDeletedBlockTransactions.java:addTransactionToDN(50)) - Transaction added: ad4991cb-97ce-4dd6-b117-42e7f6b0816f <- TX(16)
2021-08-10 12:16:26,535 [SCMBlockDeletingService#0] DEBUG block.SCMBlockDeletingService (DatanodeDeletedBlockTransactions.java:addTransactionToDN(50)) - Transaction added: 01235482-5c07-4b37-86e9-3192ec4df84f <- TX(16)
2021-08-10 12:16:26,535 [SCMBlockDeletingService#0] DEBUG block.SCMBlockDeletingService (DatanodeDeletedBlockTransactions.java:addTransactionToDN(50)) - Transaction added: 01235482-5c07-4b37-86e9-3192ec4df84f <- TX(17)
2021-08-10 12:16:26,535 [SCMBlockDeletingService#0] DEBUG block.SCMBlockDeletingService (DatanodeDeletedBlockTransactions.java:addTransactionToDN(50)) - Transaction added: b13dbf35-3f05-4a51-87e4-7670ffffb89b <- TX(17)
2021-08-10 12:16:26,535 [SCMBlockDeletingService#0] DEBUG block.SCMBlockDeletingService (DatanodeDeletedBlockTransactions.java:addTransactionToDN(50)) - Transaction added: ad4991cb-97ce-4dd6-b117-42e7f6b0816f <- TX(17)
2021-08-10 12:16:26,535 [SCMBlockDeletingService#0] DEBUG block.SCMBlockDeletingService (DatanodeDeletedBlockTransactions.java:addTransactionToDN(50)) - Transaction added: ad4991cb-97ce-4dd6-b117-42e7f6b0816f <- TX(18)
2021-08-10 12:16:26,535 [SCMBlockDeletingService#0] DEBUG block.SCMBlockDeletingService (DatanodeDeletedBlockTransactions.java:addTransactionToDN(50)) - Transaction added: 01235482-5c07-4b37-86e9-3192ec4df84f <- TX(18)
2021-08-10 12:16:26,535 [SCMBlockDeletingService#0] DEBUG block.SCMBlockDeletingService (DatanodeDeletedBlockTransactions.java:addTransactionToDN(50)) - Transaction added: b13dbf35-3f05-4a51-87e4-7670ffffb89b <- TX(18)
2021-08-10 12:16:26,535 [SCMBlockDeletingService#0] DEBUG block.SCMBlockDeletingService (DatanodeDeletedBlockTransactions.java:addTransactionToDN(50)) - Transaction added: b13dbf35-3f05-4a51-87e4-7670ffffb89b <- TX(19)
2021-08-10 12:16:26,535 [SCMBlockDeletingService#0] DEBUG block.SCMBlockDeletingService (DatanodeDeletedBlockTransactions.java:addTransactionToDN(50)) - Transaction added: ad4991cb-97ce-4dd6-b117-42e7f6b0816f <- TX(19)
2021-08-10 12:16:26,535 [SCMBlockDeletingService#0] DEBUG block.SCMBlockDeletingService (DatanodeDeletedBlockTransactions.java:addTransactionToDN(50)) - Transaction added: 01235482-5c07-4b37-86e9-3192ec4df84f <- TX(19)
2021-08-10 12:16:26,535 [SCMBlockDeletingService#0] DEBUG block.SCMBlockDeletingService (DatanodeDeletedBlockTransactions.java:addTransactionToDN(50)) - Transaction added: ad4991cb-97ce-4dd6-b117-42e7f6b0816f <- TX(20)
2021-08-10 12:16:26,535 [SCMBlockDeletingService#0] DEBUG block.SCMBlockDeletingService (DatanodeDeletedBlockTransactions.java:addTransactionToDN(50)) - Transaction added: 01235482-5c07-4b37-86e9-3192ec4df84f <- TX(20)
2021-08-10 12:16:26,535 [SCMBlockDeletingService#0] DEBUG block.SCMBlockDeletingService (DatanodeDeletedBlockTransactions.java:addTransactionToDN(50)) - Transaction added: b13dbf35-3f05-4a51-87e4-7670ffffb89b <- TX(20)
2021-08-10 12:16:26,535 [SCMBlockDeletingService#0] DEBUG block.SCMBlockDeletingService (DatanodeDeletedBlockTransactions.java:addTransactionToDN(50)) - Transaction added: b13dbf35-3f05-4a51-87e4-7670ffffb89b <- TX(21)
2021-08-10 12:16:26,535 [SCMBlockDeletingService#0] DEBUG block.SCMBlockDeletingService (DatanodeDeletedBlockTransactions.java:addTransactionToDN(50)) - Transaction added: ad4991cb-97ce-4dd6-b117-42e7f6b0816f <- TX(21)
2021-08-10 12:16:26,535 [SCMBlockDeletingService#0] DEBUG block.SCMBlockDeletingService (DatanodeDeletedBlockTransactions.java:addTransactionToDN(50)) - Transaction added: 01235482-5c07-4b37-86e9-3192ec4df84f <- TX(21)
2021-08-10 12:16:26,535 [SCMBlockDeletingService#0] DEBUG block.SCMBlockDeletingService (DatanodeDeletedBlockTransactions.java:addTransactionToDN(50)) - Transaction added: ad4991cb-97ce-4dd6-b117-42e7f6b0816f <- TX(22)
2021-08-10 12:16:26,535 [SCMBlockDeletingService#0] DEBUG block.SCMBlockDeletingService (DatanodeDeletedBlockTransactions.java:addTransactionToDN(50)) - Transaction added: 01235482-5c07-4b37-86e9-3192ec4df84f <- TX(22)
2021-08-10 12:16:26,535 [SCMBlockDeletingService#0] DEBUG block.SCMBlockDeletingService (DatanodeDeletedBlockTransactions.java:addTransactionToDN(50)) - Transaction added: b13dbf35-3f05-4a51-87e4-7670ffffb89b <- TX(22)
2021-08-10 12:16:26,535 [SCMBlockDeletingService#0] DEBUG block.SCMBlockDeletingService (DatanodeDeletedBlockTransactions.java:addTransactionToDN(50)) - Transaction added: b13dbf35-3f05-4a51-87e4-7670ffffb89b <- TX(23)
2021-08-10 12:16:26,535 [SCMBlockDeletingService#0] DEBUG block.SCMBlockDeletingService (DatanodeDeletedBlockTransactions.java:addTransactionToDN(50)) - Transaction added: ad4991cb-97ce-4dd6-b117-42e7f6b0816f <- TX(23)
2021-08-10 12:16:26,535 [SCMBlockDeletingService#0] DEBUG block.SCMBlockDeletingService (DatanodeDeletedBlockTransactions.java:addTransactionToDN(50)) - Transaction added: 01235482-5c07-4b37-86e9-3192ec4df84f <- TX(23)
2021-08-10 12:16:26,535 [SCMBlockDeletingService#0] DEBUG block.SCMBlockDeletingService (DatanodeDeletedBlockTransactions.java:addTransactionToDN(50)) - Transaction added: 01235482-5c07-4b37-86e9-3192ec4df84f <- TX(24)
2021-08-10 12:16:26,535 [SCMBlockDeletingService#0] DEBUG block.SCMBlockDeletingService (DatanodeDeletedBlockTransactions.java:addTransactionToDN(50)) - Transaction added: b13dbf35-3f05-4a51-87e4-7670ffffb89b <- TX(24)
2021-08-10 12:16:26,535 [SCMBlockDeletingService#0] DEBUG block.SCMBlockDeletingService (DatanodeDeletedBlockTransactions.java:addTransactionToDN(50)) - Transaction added: ad4991cb-97ce-4dd6-b117-42e7f6b0816f <- TX(24)
2021-08-10 12:16:26,535 [SCMBlockDeletingService#0] DEBUG block.SCMBlockDeletingService (DatanodeDeletedBlockTransactions.java:addTransactionToDN(50)) - Transaction added: b13dbf35-3f05-4a51-87e4-7670ffffb89b <- TX(25)
2021-08-10 12:16:26,535 [SCMBlockDeletingService#0] DEBUG block.SCMBlockDeletingService (DatanodeDeletedBlockTransactions.java:addTransactionToDN(50)) - Transaction added: ad4991cb-97ce-4dd6-b117-42e7f6b0816f <- TX(25)
2021-08-10 12:16:26,535 [SCMBlockDeletingService#0] DEBUG block.SCMBlockDeletingService (DatanodeDeletedBlockTransactions.java:addTransactionToDN(50)) - Transaction added: 01235482-5c07-4b37-86e9-3192ec4df84f <- TX(25)
2021-08-10 12:16:26,535 [SCMBlockDeletingService#0] DEBUG block.SCMBlockDeletingService (DatanodeDeletedBlockTransactions.java:addTransactionToDN(50)) - Transaction added: 01235482-5c07-4b37-86e9-3192ec4df84f <- TX(26)
2021-08-10 12:16:26,535 [SCMBlockDeletingService#0] DEBUG block.SCMBlockDeletingService (DatanodeDeletedBlockTransactions.java:addTransactionToDN(50)) - Transaction added: b13dbf35-3f05-4a51-87e4-7670ffffb89b <- TX(26)
2021-08-10 12:16:26,535 [SCMBlockDeletingService#0] DEBUG block.SCMBlockDeletingService (DatanodeDeletedBlockTransactions.java:addTransactionToDN(50)) - Transaction added: ad4991cb-97ce-4dd6-b117-42e7f6b0816f <- TX(26)
2021-08-10 12:16:26,535 [SCMBlockDeletingService#0] DEBUG block.SCMBlockDeletingService (DatanodeDeletedBlockTransactions.java:addTransactionToDN(50)) - Transaction added: ad4991cb-97ce-4dd6-b117-42e7f6b0816f <- TX(27)
2021-08-10 12:16:26,535 [SCMBlockDeletingService#0] DEBUG block.SCMBlockDeletingService (DatanodeDeletedBlockTransactions.java:addTransactionToDN(50)) - Transaction added: 01235482-5c07-4b37-86e9-3192ec4df84f <- TX(27)
2021-08-10 12:16:26,535 [SCMBlockDeletingService#0] DEBUG block.SCMBlockDeletingService (DatanodeDeletedBlockTransactions.java:addTransactionToDN(50)) - Transaction added: b13dbf35-3f05-4a51-87e4-7670ffffb89b <- TX(27)
2021-08-10 12:16:26,535 [SCMBlockDeletingService#0] DEBUG block.SCMBlockDeletingService (DatanodeDeletedBlockTransactions.java:addTransactionToDN(50)) - Transaction added: b13dbf35-3f05-4a51-87e4-7670ffffb89b <- TX(28)
2021-08-10 12:16:26,535 [SCMBlockDeletingService#0] DEBUG block.SCMBlockDeletingService (DatanodeDeletedBlockTransactions.java:addTransactionToDN(50)) - Transaction added: ad4991cb-97ce-4dd6-b117-42e7f6b0816f <- TX(28)
2021-08-10 12:16:26,536 [SCMBlockDeletingService#0] DEBUG block.SCMBlockDeletingService (DatanodeDeletedBlockTransactions.java:addTransactionToDN(50)) - Transaction added: 01235482-5c07-4b37-86e9-3192ec4df84f <- TX(28)
2021-08-10 12:16:26,536 [SCMBlockDeletingService#0] DEBUG block.SCMBlockDeletingService (DatanodeDeletedBlockTransactions.java:addTransactionToDN(50)) - Transaction added: ad4991cb-97ce-4dd6-b117-42e7f6b0816f <- TX(29)
2021-08-10 12:16:26,536 [SCMBlockDeletingService#0] DEBUG block.SCMBlockDeletingService (DatanodeDeletedBlockTransactions.java:addTransactionToDN(50)) - Transaction added: 01235482-5c07-4b37-86e9-3192ec4df84f <- TX(29)
2021-08-10 12:16:26,536 [SCMBlockDeletingService#0] DEBUG block.SCMBlockDeletingService (DatanodeDeletedBlockTransactions.java:addTransactionToDN(50)) - Transaction added: b13dbf35-3f05-4a51-87e4-7670ffffb89b <- TX(29)
2021-08-10 12:16:26,536 [SCMBlockDeletingService#0] DEBUG block.SCMBlockDeletingService (DatanodeDeletedBlockTransactions.java:addTransactionToDN(50)) - Transaction added: b13dbf35-3f05-4a51-87e4-7670ffffb89b <- TX(30)
2021-08-10 12:16:26,536 [SCMBlockDeletingService#0] DEBUG block.SCMBlockDeletingService (DatanodeDeletedBlockTransactions.java:addTransactionToDN(50)) - Transaction added: ad4991cb-97ce-4dd6-b117-42e7f6b0816f <- TX(30)
2021-08-10 12:16:26,539 [SCMBlockDeletingService#0] DEBUG block.SCMBlockDeletingService (DatanodeDeletedBlockTransactions.java:addTransactionToDN(50)) - Transaction added: 01235482-5c07-4b37-86e9-3192ec4df84f <- TX(30)
2021-08-10 12:16:26,539 [SCMBlockDeletingService#0] DEBUG block.SCMBlockDeletingService (DatanodeDeletedBlockTransactions.java:addTransactionToDN(50)) - Transaction added: ad4991cb-97ce-4dd6-b117-42e7f6b0816f <- TX(31)
2021-08-10 12:16:26,539 [SCMBlockDeletingService#0] DEBUG block.SCMBlockDeletingService (DatanodeDeletedBlockTransactions.java:addTransactionToDN(50)) - Transaction added: 01235482-5c07-4b37-86e9-3192ec4df84f <- TX(31)
2021-08-10 12:16:26,539 [SCMBlockDeletingService#0] DEBUG block.SCMBlockDeletingService (DatanodeDeletedBlockTransactions.java:addTransactionToDN(50)) - Transaction added: b13dbf35-3f05-4a51-87e4-7670ffffb89b <- TX(31)
2021-08-10 12:16:26,539 [SCMBlockDeletingService#0] DEBUG block.SCMBlockDeletingService (DatanodeDeletedBlockTransactions.java:addTransactionToDN(50)) - Transaction added: b13dbf35-3f05-4a51-87e4-7670ffffb89b <- TX(32)
2021-08-10 12:16:26,541 [SCMBlockDeletingService#0] DEBUG block.SCMBlockDeletingService (DatanodeDeletedBlockTransactions.java:addTransactionToDN(50)) - Transaction added: ad4991cb-97ce-4dd6-b117-42e7f6b0816f <- TX(32)
2021-08-10 12:16:26,541 [SCMBlockDeletingService#0] DEBUG block.SCMBlockDeletingService (DatanodeDeletedBlockTransactions.java:addTransactionToDN(50)) - Transaction added: 01235482-5c07-4b37-86e9-3192ec4df84f <- TX(32)
2021-08-10 12:16:26,541 [SCMBlockDeletingService#0] DEBUG block.SCMBlockDeletingService (DatanodeDeletedBlockTransactions.java:addTransactionToDN(50)) - Transaction added: 01235482-5c07-4b37-86e9-3192ec4df84f <- TX(33)
2021-08-10 12:16:26,541 [SCMBlockDeletingService#0] DEBUG block.SCMBlockDeletingService (DatanodeDeletedBlockTransactions.java:addTransactionToDN(50)) - Transaction added: b13dbf35-3f05-4a51-87e4-7670ffffb89b <- TX(33)
2021-08-10 12:16:26,541 [SCMBlockDeletingService#0] DEBUG block.SCMBlockDeletingService (DatanodeDeletedBlockTransactions.java:addTransactionToDN(50)) - Transaction added: ad4991cb-97ce-4dd6-b117-42e7f6b0816f <- TX(33)
2021-08-10 12:16:26,541 [SCMBlockDeletingService#0] DEBUG block.SCMBlockDeletingService (DatanodeDeletedBlockTransactions.java:addTransactionToDN(50)) - Transaction added: ad4991cb-97ce-4dd6-b117-42e7f6b0816f <- TX(34)
2021-08-10 12:16:26,541 [SCMBlockDeletingService#0] DEBUG block.SCMBlockDeletingService (DatanodeDeletedBlockTransactions.java:addTransactionToDN(50)) - Transaction added: 01235482-5c07-4b37-86e9-3192ec4df84f <- TX(34)
2021-08-10 12:16:26,541 [SCMBlockDeletingService#0] DEBUG block.SCMBlockDeletingService (DatanodeDeletedBlockTransactions.java:addTransactionToDN(50)) - Transaction added: b13dbf35-3f05-4a51-87e4-7670ffffb89b <- TX(34)
2021-08-10 12:16:26,541 [SCMBlockDeletingService#0] DEBUG block.SCMBlockDeletingService (DatanodeDeletedBlockTransactions.java:addTransactionToDN(50)) - Transaction added: b13dbf35-3f05-4a51-87e4-7670ffffb89b <- TX(35)
2021-08-10 12:16:26,541 [SCMBlockDeletingService#0] DEBUG block.SCMBlockDeletingService (DatanodeDeletedBlockTransactions.java:addTransactionToDN(50)) - Transaction added: ad4991cb-97ce-4dd6-b117-42e7f6b0816f <- TX(35)
2021-08-10 12:16:26,541 [SCMBlockDeletingService#0] DEBUG block.SCMBlockDeletingService (DatanodeDeletedBlockTransactions.java:addTransactionToDN(50)) - Transaction added: 01235482-5c07-4b37-86e9-3192ec4df84f <- TX(35)
2021-08-10 12:16:26,542 [SCMBlockDeletingService#0] DEBUG block.SCMBlockDeletingService (DatanodeDeletedBlockTransactions.java:addTransactionToDN(50)) - Transaction added: ad4991cb-97ce-4dd6-b117-42e7f6b0816f <- TX(36)
2021-08-10 12:16:26,542 [SCMBlockDeletingService#0] DEBUG block.SCMBlockDeletingService (DatanodeDeletedBlockTransactions.java:addTransactionToDN(50)) - Transaction added: 01235482-5c07-4b37-86e9-3192ec4df84f <- TX(36)
2021-08-10 12:16:26,542 [SCMBlockDeletingService#0] DEBUG block.SCMBlockDeletingService (DatanodeDeletedBlockTransactions.java:addTransactionToDN(50)) - Transaction added: b13dbf35-3f05-4a51-87e4-7670ffffb89b <- TX(36)
2021-08-10 12:16:26,542 [SCMBlockDeletingService#0] DEBUG block.SCMBlockDeletingService (DatanodeDeletedBlockTransactions.java:addTransactionToDN(50)) - Transaction added: b13dbf35-3f05-4a51-87e4-7670ffffb89b <- TX(37)
2021-08-10 12:16:26,542 [SCMBlockDeletingService#0] DEBUG block.SCMBlockDeletingService (DatanodeDeletedBlockTransactions.java:addTransactionToDN(50)) - Transaction added: ad4991cb-97ce-4dd6-b117-42e7f6b0816f <- TX(37)
2021-08-10 12:16:26,542 [SCMBlockDeletingService#0] DEBUG block.SCMBlockDeletingService (DatanodeDeletedBlockTransactions.java:addTransactionToDN(50)) - Transaction added: 01235482-5c07-4b37-86e9-3192ec4df84f <- TX(37)
2021-08-10 12:16:26,542 [SCMBlockDeletingService#0] DEBUG block.SCMBlockDeletingService (DatanodeDeletedBlockTransactions.java:addTransactionToDN(50)) - Transaction added: ad4991cb-97ce-4dd6-b117-42e7f6b0816f <- TX(38)
2021-08-10 12:16:26,542 [SCMBlockDeletingService#0] DEBUG block.SCMBlockDeletingService (DatanodeDeletedBlockTransactions.java:addTransactionToDN(50)) - Transaction added: 01235482-5c07-4b37-86e9-3192ec4df84f <- TX(38)
2021-08-10 12:16:26,542 [SCMBlockDeletingService#0] DEBUG block.SCMBlockDeletingService (DatanodeDeletedBlockTransactions.java:addTransactionToDN(50)) - Transaction added: b13dbf35-3f05-4a51-87e4-7670ffffb89b <- TX(38)
2021-08-10 12:16:26,542 [SCMBlockDeletingService#0] DEBUG block.SCMBlockDeletingService (DatanodeDeletedBlockTransactions.java:addTransactionToDN(50)) - Transaction added: b13dbf35-3f05-4a51-87e4-7670ffffb89b <- TX(39)
2021-08-10 12:16:26,542 [SCMBlockDeletingService#0] DEBUG block.SCMBlockDeletingService (DatanodeDeletedBlockTransactions.java:addTransactionToDN(50)) - Transaction added: ad4991cb-97ce-4dd6-b117-42e7f6b0816f <- TX(39)
2021-08-10 12:16:26,542 [SCMBlockDeletingService#0] DEBUG block.SCMBlockDeletingService (DatanodeDeletedBlockTransactions.java:addTransactionToDN(50)) - Transaction added: 01235482-5c07-4b37-86e9-3192ec4df84f <- TX(39)
2021-08-10 12:16:26,542 [SCMBlockDeletingService#0] DEBUG block.SCMBlockDeletingService (DatanodeDeletedBlockTransactions.java:addTransactionToDN(50)) - Transaction added: 01235482-5c07-4b37-86e9-3192ec4df84f <- TX(40)
2021-08-10 12:16:26,542 [SCMBlockDeletingService#0] DEBUG block.SCMBlockDeletingService (DatanodeDeletedBlockTransactions.java:addTransactionToDN(50)) - Transaction added: b13dbf35-3f05-4a51-87e4-7670ffffb89b <- TX(40)
2021-08-10 12:16:26,542 [SCMBlockDeletingService#0] DEBUG block.SCMBlockDeletingService (DatanodeDeletedBlockTransactions.java:addTransactionToDN(50)) - Transaction added: ad4991cb-97ce-4dd6-b117-42e7f6b0816f <- TX(40)
2021-08-10 12:16:26,542 [SCMBlockDeletingService#0] DEBUG block.SCMBlockDeletingService (DatanodeDeletedBlockTransactions.java:addTransactionToDN(50)) - Transaction added: b13dbf35-3f05-4a51-87e4-7670ffffb89b <- TX(41)
2021-08-10 12:16:26,542 [SCMBlockDeletingService#0] DEBUG block.SCMBlockDeletingService (DatanodeDeletedBlockTransactions.java:addTransactionToDN(50)) - Transaction added: ad4991cb-97ce-4dd6-b117-42e7f6b0816f <- TX(41)
2021-08-10 12:16:26,542 [SCMBlockDeletingService#0] DEBUG block.SCMBlockDeletingService (DatanodeDeletedBlockTransactions.java:addTransactionToDN(50)) - Transaction added: 01235482-5c07-4b37-86e9-3192ec4df84f <- TX(41)
2021-08-10 12:16:26,542 [SCMBlockDeletingService#0] DEBUG block.SCMBlockDeletingService (DatanodeDeletedBlockTransactions.java:addTransactionToDN(50)) - Transaction added: 01235482-5c07-4b37-86e9-3192ec4df84f <- TX(42)
2021-08-10 12:16:26,542 [SCMBlockDeletingService#0] DEBUG block.SCMBlockDeletingService (DatanodeDeletedBlockTransactions.java:addTransactionToDN(50)) - Transaction added: b13dbf35-3f05-4a51-87e4-7670ffffb89b <- TX(42)
2021-08-10 12:16:26,542 [SCMBlockDeletingService#0] DEBUG block.SCMBlockDeletingService (DatanodeDeletedBlockTransactions.java:addTransactionToDN(50)) - Transaction added: ad4991cb-97ce-4dd6-b117-42e7f6b0816f <- TX(42)
2021-08-10 12:16:26,542 [SCMBlockDeletingService#0] DEBUG block.SCMBlockDeletingService (DatanodeDeletedBlockTransactions.java:addTransactionToDN(50)) - Transaction added: ad4991cb-97ce-4dd6-b117-42e7f6b0816f <- TX(43)
2021-08-10 12:16:26,542 [SCMBlockDeletingService#0] DEBUG block.SCMBlockDeletingService (DatanodeDeletedBlockTransactions.java:addTransactionToDN(50)) - Transaction added: 01235482-5c07-4b37-86e9-3192ec4df84f <- TX(43)
2021-08-10 12:16:26,542 [SCMBlockDeletingService#0] DEBUG block.SCMBlockDeletingService (DatanodeDeletedBlockTransactions.java:addTransactionToDN(50)) - Transaction added: b13dbf35-3f05-4a51-87e4-7670ffffb89b <- TX(43)
2021-08-10 12:16:26,543 [SCMBlockDeletingService#0] DEBUG block.SCMBlockDeletingService (DatanodeDeletedBlockTransactions.java:addTransactionToDN(50)) - Transaction added: b13dbf35-3f05-4a51-87e4-7670ffffb89b <- TX(44)
2021-08-10 12:16:26,543 [SCMBlockDeletingService#0] DEBUG block.SCMBlockDeletingService (DatanodeDeletedBlockTransactions.java:addTransactionToDN(50)) - Transaction added: ad4991cb-97ce-4dd6-b117-42e7f6b0816f <- TX(44)
2021-08-10 12:16:26,543 [SCMBlockDeletingService#0] DEBUG block.SCMBlockDeletingService (DatanodeDeletedBlockTransactions.java:addTransactionToDN(50)) - Transaction added: 01235482-5c07-4b37-86e9-3192ec4df84f <- TX(44)
2021-08-10 12:16:26,543 [SCMBlockDeletingService#0] DEBUG block.SCMBlockDeletingService (DatanodeDeletedBlockTransactions.java:addTransactionToDN(50)) - Transaction added: ad4991cb-97ce-4dd6-b117-42e7f6b0816f <- TX(45)
2021-08-10 12:16:26,543 [SCMBlockDeletingService#0] DEBUG block.SCMBlockDeletingService (DatanodeDeletedBlockTransactions.java:addTransactionToDN(50)) - Transaction added: 01235482-5c07-4b37-86e9-3192ec4df84f <- TX(45)
2021-08-10 12:16:26,543 [SCMBlockDeletingService#0] DEBUG block.SCMBlockDeletingService (DatanodeDeletedBlockTransactions.java:addTransactionToDN(50)) - Transaction added: b13dbf35-3f05-4a51-87e4-7670ffffb89b <- TX(45)
2021-08-10 12:16:26,543 [SCMBlockDeletingService#0] DEBUG block.SCMBlockDeletingService (DatanodeDeletedBlockTransactions.java:addTransactionToDN(50)) - Transaction added: b13dbf35-3f05-4a51-87e4-7670ffffb89b <- TX(46)
2021-08-10 12:16:26,543 [SCMBlockDeletingService#0] DEBUG block.SCMBlockDeletingService (DatanodeDeletedBlockTransactions.java:addTransactionToDN(50)) - Transaction added: ad4991cb-97ce-4dd6-b117-42e7f6b0816f <- TX(46)
2021-08-10 12:16:26,543 [SCMBlockDeletingService#0] DEBUG block.SCMBlockDeletingService (DatanodeDeletedBlockTransactions.java:addTransactionToDN(50)) - Transaction added: 01235482-5c07-4b37-86e9-3192ec4df84f <- TX(46)
2021-08-10 12:16:26,543 [SCMBlockDeletingService#0] DEBUG block.SCMBlockDeletingService (DatanodeDeletedBlockTransactions.java:addTransactionToDN(50)) - Transaction added: ad4991cb-97ce-4dd6-b117-42e7f6b0816f <- TX(47)
2021-08-10 12:16:26,543 [SCMBlockDeletingService#0] DEBUG block.SCMBlockDeletingService (DatanodeDeletedBlockTransactions.java:addTransactionToDN(50)) - Transaction added: 01235482-5c07-4b37-86e9-3192ec4df84f <- TX(47)
2021-08-10 12:16:26,543 [SCMBlockDeletingService#0] DEBUG block.SCMBlockDeletingService (DatanodeDeletedBlockTransactions.java:addTransactionToDN(50)) - Transaction added: b13dbf35-3f05-4a51-87e4-7670ffffb89b <- TX(47)
2021-08-10 12:16:26,543 [SCMBlockDeletingService#0] DEBUG block.SCMBlockDeletingService (DatanodeDeletedBlockTransactions.java:addTransactionToDN(50)) - Transaction added: b13dbf35-3f05-4a51-87e4-7670ffffb89b <- TX(48)
2021-08-10 12:16:26,543 [SCMBlockDeletingService#0] DEBUG block.SCMBlockDeletingService (DatanodeDeletedBlockTransactions.java:addTransactionToDN(50)) - Transaction added: ad4991cb-97ce-4dd6-b117-42e7f6b0816f <- TX(48)
2021-08-10 12:16:26,543 [SCMBlockDeletingService#0] DEBUG block.SCMBlockDeletingService (DatanodeDeletedBlockTransactions.java:addTransactionToDN(50)) - Transaction added: 01235482-5c07-4b37-86e9-3192ec4df84f <- TX(48)
2021-08-10 12:16:26,543 [SCMBlockDeletingService#0] DEBUG block.SCMBlockDeletingService (DatanodeDeletedBlockTransactions.java:addTransactionToDN(50)) - Transaction added: 01235482-5c07-4b37-86e9-3192ec4df84f <- TX(49)
2021-08-10 12:16:26,543 [SCMBlockDeletingService#0] DEBUG block.SCMBlockDeletingService (DatanodeDeletedBlockTransactions.java:addTransactionToDN(50)) - Transaction added: b13dbf35-3f05-4a51-87e4-7670ffffb89b <- TX(49)
2021-08-10 12:16:26,543 [SCMBlockDeletingService#0] DEBUG block.SCMBlockDeletingService (DatanodeDeletedBlockTransactions.java:addTransactionToDN(50)) - Transaction added: ad4991cb-97ce-4dd6-b117-42e7f6b0816f <- TX(49)
2021-08-10 12:16:26,543 [SCMBlockDeletingService#0] DEBUG block.SCMBlockDeletingService (DatanodeDeletedBlockTransactions.java:addTransactionToDN(50)) - Transaction added: ad4991cb-97ce-4dd6-b117-42e7f6b0816f <- TX(50)
2021-08-10 12:16:26,543 [SCMBlockDeletingService#0] DEBUG block.SCMBlockDeletingService (DatanodeDeletedBlockTransactions.java:addTransactionToDN(50)) - Transaction added: 01235482-5c07-4b37-86e9-3192ec4df84f <- TX(50)
2021-08-10 12:16:26,543 [SCMBlockDeletingService#0] DEBUG block.SCMBlockDeletingService (DatanodeDeletedBlockTransactions.java:addTransactionToDN(50)) - Transaction added: b13dbf35-3f05-4a51-87e4-7670ffffb89b <- TX(50)
2021-08-10 12:16:26,543 [SCMBlockDeletingService#0] DEBUG block.SCMBlockDeletingService (DatanodeDeletedBlockTransactions.java:addTransactionToDN(50)) - Transaction added: b13dbf35-3f05-4a51-87e4-7670ffffb89b <- TX(51)
2021-08-10 12:16:26,543 [SCMBlockDeletingService#0] DEBUG block.SCMBlockDeletingService (DatanodeDeletedBlockTransactions.java:addTransactionToDN(50)) - Transaction added: ad4991cb-97ce-4dd6-b117-42e7f6b0816f <- TX(51)
2021-08-10 12:16:26,543 [SCMBlockDeletingService#0] DEBUG block.SCMBlockDeletingService (DatanodeDeletedBlockTransactions.java:addTransactionToDN(50)) - Transaction added: 01235482-5c07-4b37-86e9-3192ec4df84f <- TX(51)
2021-08-10 12:16:26,543 [SCMBlockDeletingService#0] DEBUG block.SCMBlockDeletingService (DatanodeDeletedBlockTransactions.java:addTransactionToDN(50)) - Transaction added: ad4991cb-97ce-4dd6-b117-42e7f6b0816f <- TX(52)
2021-08-10 12:16:26,544 [SCMBlockDeletingService#0] DEBUG block.SCMBlockDeletingService (DatanodeDeletedBlockTransactions.java:addTransactionToDN(50)) - Transaction added: 01235482-5c07-4b37-86e9-3192ec4df84f <- TX(52)
2021-08-10 12:16:26,544 [SCMBlockDeletingService#0] DEBUG block.SCMBlockDeletingService (DatanodeDeletedBlockTransactions.java:addTransactionToDN(50)) - Transaction added: b13dbf35-3f05-4a51-87e4-7670ffffb89b <- TX(52)
2021-08-10 12:16:26,544 [SCMBlockDeletingService#0] DEBUG block.SCMBlockDeletingService (DatanodeDeletedBlockTransactions.java:addTransactionToDN(50)) - Transaction added: b13dbf35-3f05-4a51-87e4-7670ffffb89b <- TX(53)
2021-08-10 12:16:26,546 [SCMBlockDeletingService#0] DEBUG block.SCMBlockDeletingService (DatanodeDeletedBlockTransactions.java:addTransactionToDN(50)) - Transaction added: ad4991cb-97ce-4dd6-b117-42e7f6b0816f <- TX(53)
2021-08-10 12:16:26,547 [SCMBlockDeletingService#0] DEBUG block.SCMBlockDeletingService (DatanodeDeletedBlockTransactions.java:addTransactionToDN(50)) - Transaction added: 01235482-5c07-4b37-86e9-3192ec4df84f <- TX(53)
2021-08-10 12:16:26,547 [SCMBlockDeletingService#0] DEBUG block.SCMBlockDeletingService (DatanodeDeletedBlockTransactions.java:addTransactionToDN(50)) - Transaction added: ad4991cb-97ce-4dd6-b117-42e7f6b0816f <- TX(54)
2021-08-10 12:16:26,547 [SCMBlockDeletingService#0] DEBUG block.SCMBlockDeletingService (DatanodeDeletedBlockTransactions.java:addTransactionToDN(50)) - Transaction added: 01235482-5c07-4b37-86e9-3192ec4df84f <- TX(54)
2021-08-10 12:16:26,547 [SCMBlockDeletingService#0] DEBUG block.SCMBlockDeletingService (DatanodeDeletedBlockTransactions.java:addTransactionToDN(50)) - Transaction added: b13dbf35-3f05-4a51-87e4-7670ffffb89b <- TX(54)
2021-08-10 12:16:26,547 [SCMBlockDeletingService#0] DEBUG block.SCMBlockDeletingService (DatanodeDeletedBlockTransactions.java:addTransactionToDN(50)) - Transaction added: b13dbf35-3f05-4a51-87e4-7670ffffb89b <- TX(55)
2021-08-10 12:16:26,547 [SCMBlockDeletingService#0] DEBUG block.SCMBlockDeletingService (DatanodeDeletedBlockTransactions.java:addTransactionToDN(50)) - Transaction added: ad4991cb-97ce-4dd6-b117-42e7f6b0816f <- TX(55)
2021-08-10 12:16:26,547 [SCMBlockDeletingService#0] DEBUG block.SCMBlockDeletingService (DatanodeDeletedBlockTransactions.java:addTransactionToDN(50)) - Transaction added: 01235482-5c07-4b37-86e9-3192ec4df84f <- TX(55)
2021-08-10 12:16:26,547 [SCMBlockDeletingService#0] DEBUG block.SCMBlockDeletingService (DatanodeDeletedBlockTransactions.java:addTransactionToDN(50)) - Transaction added: 01235482-5c07-4b37-86e9-3192ec4df84f <- TX(56)
2021-08-10 12:16:26,547 [SCMBlockDeletingService#0] DEBUG block.SCMBlockDeletingService (DatanodeDeletedBlockTransactions.java:addTransactionToDN(50)) - Transaction added: b13dbf35-3f05-4a51-87e4-7670ffffb89b <- TX(56)
2021-08-10 12:16:26,547 [SCMBlockDeletingService#0] DEBUG block.SCMBlockDeletingService (DatanodeDeletedBlockTransactions.java:addTransactionToDN(50)) - Transaction added: ad4991cb-97ce-4dd6-b117-42e7f6b0816f <- TX(56)
2021-08-10 12:16:26,547 [SCMBlockDeletingService#0] DEBUG block.SCMBlockDeletingService (SCMBlockDeletingService.java:call(164)) - Added delete block command for datanode ad4991cb-97ce-4dd6-b117-42e7f6b0816f in the queue, number of delete block transactions: 56
2021-08-10 12:16:26,547 [SCMBlockDeletingService#0] DEBUG block.SCMBlockDeletingService (SCMBlockDeletingService.java:call(164)) - Added delete block command for datanode 01235482-5c07-4b37-86e9-3192ec4df84f in the queue, number of delete block transactions: 56
2021-08-10 12:16:26,547 [SCMBlockDeletingService#0] DEBUG block.SCMBlockDeletingService (SCMBlockDeletingService.java:call(164)) - Added delete block command for datanode b13dbf35-3f05-4a51-87e4-7670ffffb89b in the queue, number of delete block transactions: 56
2021-08-10 12:16:26,547 [SCMBlockDeletingService#0] INFO  block.SCMBlockDeletingService (SCMBlockDeletingService.java:call(174)) - Totally added 168 blocks to be deleted for 3 datanodes, task elapsed time: 14ms
2021-08-10 12:16:26,633 [SCMBlockDeletingService#0] DEBUG block.SCMBlockDeletingService (SCMBlockDeletingService.java:call(133)) - Running DeletedBlockTransactionScanner
2021-08-10 12:16:26,633 [SCMBlockDeletingService#0] DEBUG block.SCMBlockDeletingService (DatanodeDeletedBlockTransactions.java:addTransactionToDN(50)) - Transaction added: 01235482-5c07-4b37-86e9-3192ec4df84f <- TX(1)
2021-08-10 12:16:26,633 [SCMBlockDeletingService#0] DEBUG block.SCMBlockDeletingService (DatanodeDeletedBlockTransactions.java:addTransactionToDN(50)) - Transaction added: b13dbf35-3f05-4a51-87e4-7670ffffb89b <- TX(1)
2021-08-10 12:16:26,634 [SCMBlockDeletingService#0] DEBUG block.SCMBlockDeletingService (DatanodeDeletedBlockTransactions.java:addTransactionToDN(50)) - Transaction added: ad4991cb-97ce-4dd6-b117-42e7f6b0816f <- TX(1)
2021-08-10 12:16:26,634 [SCMBlockDeletingService#0] DEBUG block.SCMBlockDeletingService (DatanodeDeletedBlockTransactions.java:addTransactionToDN(50)) - Transaction added: ad4991cb-97ce-4dd6-b117-42e7f6b0816f <- TX(2)
2021-08-10 12:16:26,634 [SCMBlockDeletingService#0] DEBUG block.SCMBlockDeletingService (DatanodeDeletedBlockTransactions.java:addTransactionToDN(50)) - Transaction added: 01235482-5c07-4b37-86e9-3192ec4df84f <- TX(2)
2021-08-10 12:16:26,634 [SCMBlockDeletingService#0] DEBUG block.SCMBlockDeletingService (DatanodeDeletedBlockTransactions.java:addTransactionToDN(50)) - Transaction added: b13dbf35-3f05-4a51-87e4-7670ffffb89b <- TX(2)
2021-08-10 12:16:26,634 [SCMBlockDeletingService#0] DEBUG block.SCMBlockDeletingService (DatanodeDeletedBlockTransactions.java:addTransactionToDN(50)) - Transaction added: b13dbf35-3f05-4a51-87e4-7670ffffb89b <- TX(3)
2021-08-10 12:16:26,634 [SCMBlockDeletingService#0] DEBUG block.SCMBlockDeletingService (DatanodeDeletedBlockTransactions.java:addTransactionToDN(50)) - Transaction added: ad4991cb-97ce-4dd6-b117-42e7f6b0816f <- TX(3)
2021-08-10 12:16:26,634 [SCMBlockDeletingService#0] DEBUG block.SCMBlockDeletingService (DatanodeDeletedBlockTransactions.java:addTransactionToDN(50)) - Transaction added: 01235482-5c07-4b37-86e9-3192ec4df84f <- TX(3)
2021-08-10 12:16:26,634 [SCMBlockDeletingService#0] DEBUG block.SCMBlockDeletingService (DatanodeDeletedBlockTransactions.java:addTransactionToDN(50)) - Transaction added: ad4991cb-97ce-4dd6-b117-42e7f6b0816f <- TX(4)
2021-08-10 12:16:26,634 [SCMBlockDeletingService#0] DEBUG block.SCMBlockDeletingService (DatanodeDeletedBlockTransactions.java:addTransactionToDN(50)) - Transaction added: 01235482-5c07-4b37-86e9-3192ec4df84f <- TX(4)
2021-08-10 12:16:26,634 [SCMBlockDeletingService#0] DEBUG block.SCMBlockDeletingService (DatanodeDeletedBlockTransactions.java:addTransactionToDN(50)) - Transaction added: b13dbf35-3f05-4a51-87e4-7670ffffb89b <- TX(4)
2021-08-10 12:16:26,634 [SCMBlockDeletingService#0] DEBUG block.SCMBlockDeletingService (DatanodeDeletedBlockTransactions.java:addTransactionToDN(50)) - Transaction added: b13dbf35-3f05-4a51-87e4-7670ffffb89b <- TX(5)
2021-08-10 12:16:26,634 [SCMBlockDeletingService#0] DEBUG block.SCMBlockDeletingService (DatanodeDeletedBlockTransactions.java:addTransactionToDN(50)) - Transaction added: ad4991cb-97ce-4dd6-b117-42e7f6b0816f <- TX(5)
2021-08-10 12:16:26,634 [SCMBlockDeletingService#0] DEBUG block.SCMBlockDeletingService (DatanodeDeletedBlockTransactions.java:addTransactionToDN(50)) - Transaction added: 01235482-5c07-4b37-86e9-3192ec4df84f <- TX(5)
2021-08-10 12:16:26,634 [SCMBlockDeletingService#0] DEBUG block.SCMBlockDeletingService (DatanodeDeletedBlockTransactions.java:addTransactionToDN(50)) - Transaction added: ad4991cb-97ce-4dd6-b117-42e7f6b0816f <- TX(6)
2021-08-10 12:16:26,634 [SCMBlockDeletingService#0] DEBUG block.SCMBlockDeletingService (DatanodeDeletedBlockTransactions.java:addTransactionToDN(50)) - Transaction added: 01235482-5c07-4b37-86e9-3192ec4df84f <- TX(6)
2021-08-10 12:16:26,634 [SCMBlockDeletingService#0] DEBUG block.SCMBlockDeletingService (DatanodeDeletedBlockTransactions.java:addTransactionToDN(50)) - Transaction added: b13dbf35-3f05-4a51-87e4-7670ffffb89b <- TX(6)
2021-08-10 12:16:26,634 [SCMBlockDeletingService#0] DEBUG block.SCMBlockDeletingService (DatanodeDeletedBlockTransactions.java:addTransactionToDN(50)) - Transaction added: b13dbf35-3f05-4a51-87e4-7670ffffb89b <- TX(7)
2021-08-10 12:16:26,634 [SCMBlockDeletingService#0] DEBUG block.SCMBlockDeletingService (DatanodeDeletedBlockTransactions.java:addTransactionToDN(50)) - Transaction added: ad4991cb-97ce-4dd6-b117-42e7f6b0816f <- TX(7)
2021-08-10 12:16:26,634 [SCMBlockDeletingService#0] DEBUG block.SCMBlockDeletingService (DatanodeDeletedBlockTransactions.java:addTransactionToDN(50)) - Transaction added: 01235482-5c07-4b37-86e9-3192ec4df84f <- TX(7)
2021-08-10 12:16:26,634 [SCMBlockDeletingService#0] DEBUG block.SCMBlockDeletingService (DatanodeDeletedBlockTransactions.java:addTransactionToDN(50)) - Transaction added: 01235482-5c07-4b37-86e9-3192ec4df84f <- TX(8)
2021-08-10 12:16:26,634 [SCMBlockDeletingService#0] DEBUG block.SCMBlockDeletingService (DatanodeDeletedBlockTransactions.java:addTransactionToDN(50)) - Transaction added: b13dbf35-3f05-4a51-87e4-7670ffffb89b <- TX(8)
2021-08-10 12:16:26,634 [SCMBlockDeletingService#0] DEBUG block.SCMBlockDeletingService (DatanodeDeletedBlockTransactions.java:addTransactionToDN(50)) - Transaction added: ad4991cb-97ce-4dd6-b117-42e7f6b0816f <- TX(8)
2021-08-10 12:16:26,634 [SCMBlockDeletingService#0] DEBUG block.SCMBlockDeletingService (DatanodeDeletedBlockTransactions.java:addTransactionToDN(50)) - Transaction added: b13dbf35-3f05-4a51-87e4-7670ffffb89b <- TX(9)
2021-08-10 12:16:26,634 [SCMBlockDeletingService#0] DEBUG block.SCMBlockDeletingService (DatanodeDeletedBlockTransactions.java:addTransactionToDN(50)) - Transaction added: ad4991cb-97ce-4dd6-b117-42e7f6b0816f <- TX(9)
2021-08-10 12:16:26,634 [SCMBlockDeletingService#0] DEBUG block.SCMBlockDeletingService (DatanodeDeletedBlockTransactions.java:addTransactionToDN(50)) - Transaction added: 01235482-5c07-4b37-86e9-3192ec4df84f <- TX(9)
2021-08-10 12:16:26,634 [SCMBlockDeletingService#0] DEBUG block.SCMBlockDeletingService (DatanodeDeletedBlockTransactions.java:addTransactionToDN(50)) - Transaction added: 01235482-5c07-4b37-86e9-3192ec4df84f <- TX(10)
2021-08-10 12:16:26,634 [SCMBlockDeletingService#0] DEBUG block.SCMBlockDeletingService (DatanodeDeletedBlockTransactions.java:addTransactionToDN(50)) - Transaction added: b13dbf35-3f05-4a51-87e4-7670ffffb89b <- TX(10)
2021-08-10 12:16:26,634 [SCMBlockDeletingService#0] DEBUG block.SCMBlockDeletingService (DatanodeDeletedBlockTransactions.java:addTransactionToDN(50)) - Transaction added: ad4991cb-97ce-4dd6-b117-42e7f6b0816f <- TX(10)
2021-08-10 12:16:26,634 [SCMBlockDeletingService#0] DEBUG block.SCMBlockDeletingService (DatanodeDeletedBlockTransactions.java:addTransactionToDN(50)) - Transaction added: ad4991cb-97ce-4dd6-b117-42e7f6b0816f <- TX(11)
2021-08-10 12:16:26,634 [SCMBlockDeletingService#0] DEBUG block.SCMBlockDeletingService (DatanodeDeletedBlockTransactions.java:addTransactionToDN(50)) - Transaction added: 01235482-5c07-4b37-86e9-3192ec4df84f <- TX(11)
2021-08-10 12:16:26,634 [SCMBlockDeletingService#0] DEBUG block.SCMBlockDeletingService (DatanodeDeletedBlockTransactions.java:addTransactionToDN(50)) - Transaction added: b13dbf35-3f05-4a51-87e4-7670ffffb89b <- TX(11)
2021-08-10 12:16:26,634 [SCMBlockDeletingService#0] DEBUG block.SCMBlockDeletingService (DatanodeDeletedBlockTransactions.java:addTransactionToDN(50)) - Transaction added: b13dbf35-3f05-4a51-87e4-7670ffffb89b <- TX(12)
2021-08-10 12:16:26,634 [SCMBlockDeletingService#0] DEBUG block.SCMBlockDeletingService (DatanodeDeletedBlockTransactions.java:addTransactionToDN(50)) - Transaction added: ad4991cb-97ce-4dd6-b117-42e7f6b0816f <- TX(12)
2021-08-10 12:16:26,634 [SCMBlockDeletingService#0] DEBUG block.SCMBlockDeletingService (DatanodeDeletedBlockTransactions.java:addTransactionToDN(50)) - Transaction added: 01235482-5c07-4b37-86e9-3192ec4df84f <- TX(12)
2021-08-10 12:16:26,634 [SCMBlockDeletingService#0] DEBUG block.SCMBlockDeletingService (DatanodeDeletedBlockTransactions.java:addTransactionToDN(50)) - Transaction added: ad4991cb-97ce-4dd6-b117-42e7f6b0816f <- TX(13)
2021-08-10 12:16:26,634 [SCMBlockDeletingService#0] DEBUG block.SCMBlockDeletingService (DatanodeDeletedBlockTransactions.java:addTransactionToDN(50)) - Transaction added: 01235482-5c07-4b37-86e9-3192ec4df84f <- TX(13)
2021-08-10 12:16:26,635 [SCMBlockDeletingService#0] DEBUG block.SCMBlockDeletingService (DatanodeDeletedBlockTransactions.java:addTransactionToDN(50)) - Transaction added: b13dbf35-3f05-4a51-87e4-7670ffffb89b <- TX(13)
2021-08-10 12:16:26,635 [SCMBlockDeletingService#0] DEBUG block.SCMBlockDeletingService (DatanodeDeletedBlockTransactions.java:addTransactionToDN(50)) - Transaction added: b13dbf35-3f05-4a51-87e4-7670ffffb89b <- TX(14)
2021-08-10 12:16:26,635 [SCMBlockDeletingService#0] DEBUG block.SCMBlockDeletingService (DatanodeDeletedBlockTransactions.java:addTransactionToDN(50)) - Transaction added: ad4991cb-97ce-4dd6-b117-42e7f6b0816f <- TX(14)
2021-08-10 12:16:26,635 [SCMBlockDeletingService#0] DEBUG block.SCMBlockDeletingService (DatanodeDeletedBlockTransactions.java:addTransactionToDN(50)) - Transaction added: 01235482-5c07-4b37-86e9-3192ec4df84f <- TX(14)
2021-08-10 12:16:26,635 [SCMBlockDeletingService#0] DEBUG block.SCMBlockDeletingService (DatanodeDeletedBlockTransactions.java:addTransactionToDN(50)) - Transaction added: ad4991cb-97ce-4dd6-b117-42e7f6b0816f <- TX(15)
2021-08-10 12:16:26,635 [SCMBlockDeletingService#0] DEBUG block.SCMBlockDeletingService (DatanodeDeletedBlockTransactions.java:addTransactionToDN(50)) - Transaction added: 01235482-5c07-4b37-86e9-3192ec4df84f <- TX(15)
2021-08-10 12:16:26,635 [SCMBlockDeletingService#0] DEBUG block.SCMBlockDeletingService (DatanodeDeletedBlockTransactions.java:addTransactionToDN(50)) - Transaction added: b13dbf35-3f05-4a51-87e4-7670ffffb89b <- TX(15)
2021-08-10 12:16:26,635 [SCMBlockDeletingService#0] DEBUG block.SCMBlockDeletingService (DatanodeDeletedBlockTransactions.java:addTransactionToDN(50)) - Transaction added: b13dbf35-3f05-4a51-87e4-7670ffffb89b <- TX(16)
2021-08-10 12:16:26,635 [SCMBlockDeletingService#0] DEBUG block.SCMBlockDeletingService (DatanodeDeletedBlockTransactions.java:addTransactionToDN(50)) - Transaction added: ad4991cb-97ce-4dd6-b117-42e7f6b0816f <- TX(16)
2021-08-10 12:16:26,635 [SCMBlockDeletingService#0] DEBUG block.SCMBlockDeletingService (DatanodeDeletedBlockTransactions.java:addTransactionToDN(50)) - Transaction added: 01235482-5c07-4b37-86e9-3192ec4df84f <- TX(16)
2021-08-10 12:16:26,635 [SCMBlockDeletingService#0] DEBUG block.SCMBlockDeletingService (DatanodeDeletedBlockTransactions.java:addTransactionToDN(50)) - Transaction added: 01235482-5c07-4b37-86e9-3192ec4df84f <- TX(17)
2021-08-10 12:16:26,635 [SCMBlockDeletingService#0] DEBUG block.SCMBlockDeletingService (DatanodeDeletedBlockTransactions.java:addTransactionToDN(50)) - Transaction added: b13dbf35-3f05-4a51-87e4-7670ffffb89b <- TX(17)
2021-08-10 12:16:26,635 [SCMBlockDeletingService#0] DEBUG block.SCMBlockDeletingService (DatanodeDeletedBlockTransactions.java:addTransactionToDN(50)) - Transaction added: ad4991cb-97ce-4dd6-b117-42e7f6b0816f <- TX(17)
2021-08-10 12:16:26,635 [SCMBlockDeletingService#0] DEBUG block.SCMBlockDeletingService (DatanodeDeletedBlockTransactions.java:addTransactionToDN(50)) - Transaction added: ad4991cb-97ce-4dd6-b117-42e7f6b0816f <- TX(18)
2021-08-10 12:16:26,635 [SCMBlockDeletingService#0] DEBUG block.SCMBlockDeletingService (DatanodeDeletedBlockTransactions.java:addTransactionToDN(50)) - Transaction added: 01235482-5c07-4b37-86e9-3192ec4df84f <- TX(18)
2021-08-10 12:16:26,635 [SCMBlockDeletingService#0] DEBUG block.SCMBlockDeletingService (DatanodeDeletedBlockTransactions.java:addTransactionToDN(50)) - Transaction added: b13dbf35-3f05-4a51-87e4-7670ffffb89b <- TX(18)
2021-08-10 12:16:26,635 [SCMBlockDeletingService#0] DEBUG block.SCMBlockDeletingService (DatanodeDeletedBlockTransactions.java:addTransactionToDN(50)) - Transaction added: b13dbf35-3f05-4a51-87e4-7670ffffb89b <- TX(19)
2021-08-10 12:16:26,635 [SCMBlockDeletingService#0] DEBUG block.SCMBlockDeletingService (DatanodeDeletedBlockTransactions.java:addTransactionToDN(50)) - Transaction added: ad4991cb-97ce-4dd6-b117-42e7f6b0816f <- TX(19)
2021-08-10 12:16:26,635 [SCMBlockDeletingService#0] DEBUG block.SCMBlockDeletingService (DatanodeDeletedBlockTransactions.java:addTransactionToDN(50)) - Transaction added: 01235482-5c07-4b37-86e9-3192ec4df84f <- TX(19)
2021-08-10 12:16:26,635 [SCMBlockDeletingService#0] DEBUG block.SCMBlockDeletingService (DatanodeDeletedBlockTransactions.java:addTransactionToDN(50)) - Transaction added: ad4991cb-97ce-4dd6-b117-42e7f6b0816f <- TX(20)
2021-08-10 12:16:26,635 [SCMBlockDeletingService#0] DEBUG block.SCMBlockDeletingService (DatanodeDeletedBlockTransactions.java:addTransactionToDN(50)) - Transaction added: 01235482-5c07-4b37-86e9-3192ec4df84f <- TX(20)
2021-08-10 12:16:26,635 [SCMBlockDeletingService#0] DEBUG block.SCMBlockDeletingService (DatanodeDeletedBlockTransactions.java:addTransactionToDN(50)) - Transaction added: b13dbf35-3f05-4a51-87e4-7670ffffb89b <- TX(20)
2021-08-10 12:16:26,635 [SCMBlockDeletingService#0] DEBUG block.SCMBlockDeletingService (DatanodeDeletedBlockTransactions.java:addTransactionToDN(50)) - Transaction added: b13dbf35-3f05-4a51-87e4-7670ffffb89b <- TX(21)
2021-08-10 12:16:26,635 [SCMBlockDeletingService#0] DEBUG block.SCMBlockDeletingService (DatanodeDeletedBlockTransactions.java:addTransactionToDN(50)) - Transaction added: ad4991cb-97ce-4dd6-b117-42e7f6b0816f <- TX(21)
2021-08-10 12:16:26,635 [SCMBlockDeletingService#0] DEBUG block.SCMBlockDeletingService (DatanodeDeletedBlockTransactions.java:addTransactionToDN(50)) - Transaction added: 01235482-5c07-4b37-86e9-3192ec4df84f <- TX(21)
2021-08-10 12:16:26,635 [SCMBlockDeletingService#0] DEBUG block.SCMBlockDeletingService (DatanodeDeletedBlockTransactions.java:addTransactionToDN(50)) - Transaction added: ad4991cb-97ce-4dd6-b117-42e7f6b0816f <- TX(22)
2021-08-10 12:16:26,635 [SCMBlockDeletingService#0] DEBUG block.SCMBlockDeletingService (DatanodeDeletedBlockTransactions.java:addTransactionToDN(50)) - Transaction added: 01235482-5c07-4b37-86e9-3192ec4df84f <- TX(22)
2021-08-10 12:16:26,635 [SCMBlockDeletingService#0] DEBUG block.SCMBlockDeletingService (DatanodeDeletedBlockTransactions.java:addTransactionToDN(50)) - Transaction added: b13dbf35-3f05-4a51-87e4-7670ffffb89b <- TX(22)
2021-08-10 12:16:26,635 [SCMBlockDeletingService#0] DEBUG block.SCMBlockDeletingService (DatanodeDeletedBlockTransactions.java:addTransactionToDN(50)) - Transaction added: b13dbf35-3f05-4a51-87e4-7670ffffb89b <- TX(23)
2021-08-10 12:16:26,635 [SCMBlockDeletingService#0] DEBUG block.SCMBlockDeletingService (DatanodeDeletedBlockTransactions.java:addTransactionToDN(50)) - Transaction added: ad4991cb-97ce-4dd6-b117-42e7f6b0816f <- TX(23)
2021-08-10 12:16:26,635 [SCMBlockDeletingService#0] DEBUG block.SCMBlockDeletingService (DatanodeDeletedBlockTransactions.java:addTransactionToDN(50)) - Transaction added: 01235482-5c07-4b37-86e9-3192ec4df84f <- TX(23)
2021-08-10 12:16:26,635 [SCMBlockDeletingService#0] DEBUG block.SCMBlockDeletingService (DatanodeDeletedBlockTransactions.java:addTransactionToDN(50)) - Transaction added: 01235482-5c07-4b37-86e9-3192ec4df84f <- TX(24)
2021-08-10 12:16:26,635 [SCMBlockDeletingService#0] DEBUG block.SCMBlockDeletingService (DatanodeDeletedBlockTransactions.java:addTransactionToDN(50)) - Transaction added: b13dbf35-3f05-4a51-87e4-7670ffffb89b <- TX(24)
2021-08-10 12:16:26,635 [SCMBlockDeletingService#0] DEBUG block.SCMBlockDeletingService (DatanodeDeletedBlockTransactions.java:addTransactionToDN(50)) - Transaction added: ad4991cb-97ce-4dd6-b117-42e7f6b0816f <- TX(24)
2021-08-10 12:16:26,635 [SCMBlockDeletingService#0] DEBUG block.SCMBlockDeletingService (DatanodeDeletedBlockTransactions.java:addTransactionToDN(50)) - Transaction added: b13dbf35-3f05-4a51-87e4-7670ffffb89b <- TX(25)
2021-08-10 12:16:26,635 [SCMBlockDeletingService#0] DEBUG block.SCMBlockDeletingService (DatanodeDeletedBlockTransactions.java:addTransactionToDN(50)) - Transaction added: ad4991cb-97ce-4dd6-b117-42e7f6b0816f <- TX(25)
2021-08-10 12:16:26,635 [SCMBlockDeletingService#0] DEBUG block.SCMBlockDeletingService (DatanodeDeletedBlockTransactions.java:addTransactionToDN(50)) - Transaction added: 01235482-5c07-4b37-86e9-3192ec4df84f <- TX(25)
2021-08-10 12:16:26,636 [SCMBlockDeletingService#0] DEBUG block.SCMBlockDeletingService (DatanodeDeletedBlockTransactions.java:addTransactionToDN(50)) - Transaction added: 01235482-5c07-4b37-86e9-3192ec4df84f <- TX(26)
2021-08-10 12:16:26,636 [SCMBlockDeletingService#0] DEBUG block.SCMBlockDeletingService (DatanodeDeletedBlockTransactions.java:addTransactionToDN(50)) - Transaction added: b13dbf35-3f05-4a51-87e4-7670ffffb89b <- TX(26)
2021-08-10 12:16:26,636 [SCMBlockDeletingService#0] DEBUG block.SCMBlockDeletingService (DatanodeDeletedBlockTransactions.java:addTransactionToDN(50)) - Transaction added: ad4991cb-97ce-4dd6-b117-42e7f6b0816f <- TX(26)
2021-08-10 12:16:26,636 [SCMBlockDeletingService#0] DEBUG block.SCMBlockDeletingService (DatanodeDeletedBlockTransactions.java:addTransactionToDN(50)) - Transaction added: ad4991cb-97ce-4dd6-b117-42e7f6b0816f <- TX(27)
2021-08-10 12:16:26,636 [SCMBlockDeletingService#0] DEBUG block.SCMBlockDeletingService (DatanodeDeletedBlockTransactions.java:addTransactionToDN(50)) - Transaction added: 01235482-5c07-4b37-86e9-3192ec4df84f <- TX(27)
2021-08-10 12:16:26,636 [SCMBlockDeletingService#0] DEBUG block.SCMBlockDeletingService (DatanodeDeletedBlockTransactions.java:addTransactionToDN(50)) - Transaction added: b13dbf35-3f05-4a51-87e4-7670ffffb89b <- TX(27)
2021-08-10 12:16:26,636 [SCMBlockDeletingService#0] DEBUG block.SCMBlockDeletingService (DatanodeDeletedBlockTransactions.java:addTransactionToDN(50)) - Transaction added: b13dbf35-3f05-4a51-87e4-7670ffffb89b <- TX(28)
2021-08-10 12:16:26,636 [SCMBlockDeletingService#0] DEBUG block.SCMBlockDeletingService (DatanodeDeletedBlockTransactions.java:addTransactionToDN(50)) - Transaction added: ad4991cb-97ce-4dd6-b117-42e7f6b0816f <- TX(28)
2021-08-10 12:16:26,636 [SCMBlockDeletingService#0] DEBUG block.SCMBlockDeletingService (DatanodeDeletedBlockTransactions.java:addTransactionToDN(50)) - Transaction added: 01235482-5c07-4b37-86e9-3192ec4df84f <- TX(28)
2021-08-10 12:16:26,636 [SCMBlockDeletingService#0] DEBUG block.SCMBlockDeletingService (DatanodeDeletedBlockTransactions.java:addTransactionToDN(50)) - Transaction added: ad4991cb-97ce-4dd6-b117-42e7f6b0816f <- TX(29)
2021-08-10 12:16:26,636 [SCMBlockDeletingService#0] DEBUG block.SCMBlockDeletingService (DatanodeDeletedBlockTransactions.java:addTransactionToDN(50)) - Transaction added: 01235482-5c07-4b37-86e9-3192ec4df84f <- TX(29)
2021-08-10 12:16:26,636 [SCMBlockDeletingService#0] DEBUG block.SCMBlockDeletingService (DatanodeDeletedBlockTransactions.java:addTransactionToDN(50)) - Transaction added: b13dbf35-3f05-4a51-87e4-7670ffffb89b <- TX(29)
2021-08-10 12:16:26,636 [SCMBlockDeletingService#0] DEBUG block.SCMBlockDeletingService (DatanodeDeletedBlockTransactions.java:addTransactionToDN(50)) - Transaction added: b13dbf35-3f05-4a51-87e4-7670ffffb89b <- TX(30)
2021-08-10 12:16:26,636 [SCMBlockDeletingService#0] DEBUG block.SCMBlockDeletingService (DatanodeDeletedBlockTransactions.java:addTransactionToDN(50)) - Transaction added: ad4991cb-97ce-4dd6-b117-42e7f6b0816f <- TX(30)
2021-08-10 12:16:26,636 [SCMBlockDeletingService#0] DEBUG block.SCMBlockDeletingService (DatanodeDeletedBlockTransactions.java:addTransactionToDN(50)) - Transaction added: 01235482-5c07-4b37-86e9-3192ec4df84f <- TX(30)
2021-08-10 12:16:26,636 [SCMBlockDeletingService#0] DEBUG block.SCMBlockDeletingService (DatanodeDeletedBlockTransactions.java:addTransactionToDN(50)) - Transaction added: ad4991cb-97ce-4dd6-b117-42e7f6b0816f <- TX(31)
2021-08-10 12:16:26,636 [SCMBlockDeletingService#0] DEBUG block.SCMBlockDeletingService (DatanodeDeletedBlockTransactions.java:addTransactionToDN(50)) - Transaction added: 01235482-5c07-4b37-86e9-3192ec4df84f <- TX(31)
2021-08-10 12:16:26,636 [SCMBlockDeletingService#0] DEBUG block.SCMBlockDeletingService (DatanodeDeletedBlockTransactions.java:addTransactionToDN(50)) - Transaction added: b13dbf35-3f05-4a51-87e4-7670ffffb89b <- TX(31)
2021-08-10 12:16:26,636 [SCMBlockDeletingService#0] DEBUG block.SCMBlockDeletingService (DatanodeDeletedBlockTransactions.java:addTransactionToDN(50)) - Transaction added: b13dbf35-3f05-4a51-87e4-7670ffffb89b <- TX(32)
2021-08-10 12:16:26,636 [SCMBlockDeletingService#0] DEBUG block.SCMBlockDeletingService (DatanodeDeletedBlockTransactions.java:addTransactionToDN(50)) - Transaction added: ad4991cb-97ce-4dd6-b117-42e7f6b0816f <- TX(32)
2021-08-10 12:16:26,636 [SCMBlockDeletingService#0] DEBUG block.SCMBlockDeletingService (DatanodeDeletedBlockTransactions.java:addTransactionToDN(50)) - Transaction added: 01235482-5c07-4b37-86e9-3192ec4df84f <- TX(32)
2021-08-10 12:16:26,636 [SCMBlockDeletingService#0] DEBUG block.SCMBlockDeletingService (DatanodeDeletedBlockTransactions.java:addTransactionToDN(50)) - Transaction added: 01235482-5c07-4b37-86e9-3192ec4df84f <- TX(33)
2021-08-10 12:16:26,636 [SCMBlockDeletingService#0] DEBUG block.SCMBlockDeletingService (DatanodeDeletedBlockTransactions.java:addTransactionToDN(50)) - Transaction added: b13dbf35-3f05-4a51-87e4-7670ffffb89b <- TX(33)
2021-08-10 12:16:26,636 [SCMBlockDeletingService#0] DEBUG block.SCMBlockDeletingService (DatanodeDeletedBlockTransactions.java:addTransactionToDN(50)) - Transaction added: ad4991cb-97ce-4dd6-b117-42e7f6b0816f <- TX(33)
2021-08-10 12:16:26,636 [SCMBlockDeletingService#0] DEBUG block.SCMBlockDeletingService (DatanodeDeletedBlockTransactions.java:addTransactionToDN(50)) - Transaction added: ad4991cb-97ce-4dd6-b117-42e7f6b0816f <- TX(34)
2021-08-10 12:16:26,636 [SCMBlockDeletingService#0] DEBUG block.SCMBlockDeletingService (DatanodeDeletedBlockTransactions.java:addTransactionToDN(50)) - Transaction added: 01235482-5c07-4b37-86e9-3192ec4df84f <- TX(34)
2021-08-10 12:16:26,636 [SCMBlockDeletingService#0] DEBUG block.SCMBlockDeletingService (DatanodeDeletedBlockTransactions.java:addTransactionToDN(50)) - Transaction added: b13dbf35-3f05-4a51-87e4-7670ffffb89b <- TX(34)
2021-08-10 12:16:26,636 [SCMBlockDeletingService#0] DEBUG block.SCMBlockDeletingService (DatanodeDeletedBlockTransactions.java:addTransactionToDN(50)) - Transaction added: b13dbf35-3f05-4a51-87e4-7670ffffb89b <- TX(35)
2021-08-10 12:16:26,636 [SCMBlockDeletingService#0] DEBUG block.SCMBlockDeletingService (DatanodeDeletedBlockTransactions.java:addTransactionToDN(50)) - Transaction added: ad4991cb-97ce-4dd6-b117-42e7f6b0816f <- TX(35)
2021-08-10 12:16:26,636 [SCMBlockDeletingService#0] DEBUG block.SCMBlockDeletingService (DatanodeDeletedBlockTransactions.java:addTransactionToDN(50)) - Transaction added: 01235482-5c07-4b37-86e9-3192ec4df84f <- TX(35)
2021-08-10 12:16:26,636 [SCMBlockDeletingService#0] DEBUG block.SCMBlockDeletingService (DatanodeDeletedBlockTransactions.java:addTransactionToDN(50)) - Transaction added: ad4991cb-97ce-4dd6-b117-42e7f6b0816f <- TX(36)
2021-08-10 12:16:26,636 [SCMBlockDeletingService#0] DEBUG block.SCMBlockDeletingService (DatanodeDeletedBlockTransactions.java:addTransactionToDN(50)) - Transaction added: 01235482-5c07-4b37-86e9-3192ec4df84f <- TX(36)
2021-08-10 12:16:26,636 [SCMBlockDeletingService#0] DEBUG block.SCMBlockDeletingService (DatanodeDeletedBlockTransactions.java:addTransactionToDN(50)) - Transaction added: b13dbf35-3f05-4a51-87e4-7670ffffb89b <- TX(36)
2021-08-10 12:16:26,636 [SCMBlockDeletingService#0] DEBUG block.SCMBlockDeletingService (DatanodeDeletedBlockTransactions.java:addTransactionToDN(50)) - Transaction added: b13dbf35-3f05-4a51-87e4-7670ffffb89b <- TX(37)
2021-08-10 12:16:26,636 [SCMBlockDeletingService#0] DEBUG block.SCMBlockDeletingService (DatanodeDeletedBlockTransactions.java:addTransactionToDN(50)) - Transaction added: ad4991cb-97ce-4dd6-b117-42e7f6b0816f <- TX(37)
2021-08-10 12:16:26,636 [SCMBlockDeletingService#0] DEBUG block.SCMBlockDeletingService (DatanodeDeletedBlockTransactions.java:addTransactionToDN(50)) - Transaction added: 01235482-5c07-4b37-86e9-3192ec4df84f <- TX(37)
2021-08-10 12:16:26,636 [SCMBlockDeletingService#0] DEBUG block.SCMBlockDeletingService (DatanodeDeletedBlockTransactions.java:addTransactionToDN(50)) - Transaction added: ad4991cb-97ce-4dd6-b117-42e7f6b0816f <- TX(38)
2021-08-10 12:16:26,636 [SCMBlockDeletingService#0] DEBUG block.SCMBlockDeletingService (DatanodeDeletedBlockTransactions.java:addTransactionToDN(50)) - Transaction added: 01235482-5c07-4b37-86e9-3192ec4df84f <- TX(38)
2021-08-10 12:16:26,636 [SCMBlockDeletingService#0] DEBUG block.SCMBlockDeletingService (DatanodeDeletedBlockTransactions.java:addTransactionToDN(50)) - Transaction added: b13dbf35-3f05-4a51-87e4-7670ffffb89b <- TX(38)
2021-08-10 12:16:26,636 [SCMBlockDeletingService#0] DEBUG block.SCMBlockDeletingService (DatanodeDeletedBlockTransactions.java:addTransactionToDN(50)) - Transaction added: b13dbf35-3f05-4a51-87e4-7670ffffb89b <- TX(39)
2021-08-10 12:16:26,637 [SCMBlockDeletingService#0] DEBUG block.SCMBlockDeletingService (DatanodeDeletedBlockTransactions.java:addTransactionToDN(50)) - Transaction added: ad4991cb-97ce-4dd6-b117-42e7f6b0816f <- TX(39)
2021-08-10 12:16:26,637 [SCMBlockDeletingService#0] DEBUG block.SCMBlockDeletingService (DatanodeDeletedBlockTransactions.java:addTransactionToDN(50)) - Transaction added: 01235482-5c07-4b37-86e9-3192ec4df84f <- TX(39)
2021-08-10 12:16:26,637 [SCMBlockDeletingService#0] DEBUG block.SCMBlockDeletingService (DatanodeDeletedBlockTransactions.java:addTransactionToDN(50)) - Transaction added: 01235482-5c07-4b37-86e9-3192ec4df84f <- TX(40)
2021-08-10 12:16:26,637 [SCMBlockDeletingService#0] DEBUG block.SCMBlockDeletingService (DatanodeDeletedBlockTransactions.java:addTransactionToDN(50)) - Transaction added: b13dbf35-3f05-4a51-87e4-7670ffffb89b <- TX(40)
2021-08-10 12:16:26,637 [SCMBlockDeletingService#0] DEBUG block.SCMBlockDeletingService (DatanodeDeletedBlockTransactions.java:addTransactionToDN(50)) - Transaction added: ad4991cb-97ce-4dd6-b117-42e7f6b0816f <- TX(40)
2021-08-10 12:16:26,637 [SCMBlockDeletingService#0] DEBUG block.SCMBlockDeletingService (DatanodeDeletedBlockTransactions.java:addTransactionToDN(50)) - Transaction added: b13dbf35-3f05-4a51-87e4-7670ffffb89b <- TX(41)
2021-08-10 12:16:26,637 [SCMBlockDeletingService#0] DEBUG block.SCMBlockDeletingService (DatanodeDeletedBlockTransactions.java:addTransactionToDN(50)) - Transaction added: ad4991cb-97ce-4dd6-b117-42e7f6b0816f <- TX(41)
2021-08-10 12:16:26,637 [SCMBlockDeletingService#0] DEBUG block.SCMBlockDeletingService (DatanodeDeletedBlockTransactions.java:addTransactionToDN(50)) - Transaction added: 01235482-5c07-4b37-86e9-3192ec4df84f <- TX(41)
2021-08-10 12:16:26,637 [SCMBlockDeletingService#0] DEBUG block.SCMBlockDeletingService (DatanodeDeletedBlockTransactions.java:addTransactionToDN(50)) - Transaction added: 01235482-5c07-4b37-86e9-3192ec4df84f <- TX(42)
2021-08-10 12:16:26,637 [SCMBlockDeletingService#0] DEBUG block.SCMBlockDeletingService (DatanodeDeletedBlockTransactions.java:addTransactionToDN(50)) - Transaction added: b13dbf35-3f05-4a51-87e4-7670ffffb89b <- TX(42)
2021-08-10 12:16:26,637 [SCMBlockDeletingService#0] DEBUG block.SCMBlockDeletingService (DatanodeDeletedBlockTransactions.java:addTransactionToDN(50)) - Transaction added: ad4991cb-97ce-4dd6-b117-42e7f6b0816f <- TX(42)
2021-08-10 12:16:26,637 [SCMBlockDeletingService#0] DEBUG block.SCMBlockDeletingService (DatanodeDeletedBlockTransactions.java:addTransactionToDN(50)) - Transaction added: ad4991cb-97ce-4dd6-b117-42e7f6b0816f <- TX(43)
2021-08-10 12:16:26,637 [SCMBlockDeletingService#0] DEBUG block.SCMBlockDeletingService (DatanodeDeletedBlockTransactions.java:addTransactionToDN(50)) - Transaction added: 01235482-5c07-4b37-86e9-3192ec4df84f <- TX(43)
2021-08-10 12:16:26,637 [SCMBlockDeletingService#0] DEBUG block.SCMBlockDeletingService (DatanodeDeletedBlockTransactions.java:addTransactionToDN(50)) - Transaction added: b13dbf35-3f05-4a51-87e4-7670ffffb89b <- TX(43)
2021-08-10 12:16:26,637 [SCMBlockDeletingService#0] DEBUG block.SCMBlockDeletingService (DatanodeDeletedBlockTransactions.java:addTransactionToDN(50)) - Transaction added: b13dbf35-3f05-4a51-87e4-7670ffffb89b <- TX(44)
2021-08-10 12:16:26,637 [SCMBlockDeletingService#0] DEBUG block.SCMBlockDeletingService (DatanodeDeletedBlockTransactions.java:addTransactionToDN(50)) - Transaction added: ad4991cb-97ce-4dd6-b117-42e7f6b0816f <- TX(44)
2021-08-10 12:16:26,637 [SCMBlockDeletingService#0] DEBUG block.SCMBlockDeletingService (DatanodeDeletedBlockTransactions.java:addTransactionToDN(50)) - Transaction added: 01235482-5c07-4b37-86e9-3192ec4df84f <- TX(44)
2021-08-10 12:16:26,637 [SCMBlockDeletingService#0] DEBUG block.SCMBlockDeletingService (DatanodeDeletedBlockTransactions.java:addTransactionToDN(50)) - Transaction added: ad4991cb-97ce-4dd6-b117-42e7f6b0816f <- TX(45)
2021-08-10 12:16:26,637 [SCMBlockDeletingService#0] DEBUG block.SCMBlockDeletingService (DatanodeDeletedBlockTransactions.java:addTransactionToDN(50)) - Transaction added: 01235482-5c07-4b37-86e9-3192ec4df84f <- TX(45)
2021-08-10 12:16:26,637 [SCMBlockDeletingService#0] DEBUG block.SCMBlockDeletingService (DatanodeDeletedBlockTransactions.java:addTransactionToDN(50)) - Transaction added: b13dbf35-3f05-4a51-87e4-7670ffffb89b <- TX(45)
2021-08-10 12:16:26,637 [SCMBlockDeletingService#0] DEBUG block.SCMBlockDeletingService (DatanodeDeletedBlockTransactions.java:addTransactionToDN(50)) - Transaction added: b13dbf35-3f05-4a51-87e4-7670ffffb89b <- TX(46)
2021-08-10 12:16:26,637 [SCMBlockDeletingService#0] DEBUG block.SCMBlockDeletingService (DatanodeDeletedBlockTransactions.java:addTransactionToDN(50)) - Transaction added: ad4991cb-97ce-4dd6-b117-42e7f6b0816f <- TX(46)
2021-08-10 12:16:26,637 [SCMBlockDeletingService#0] DEBUG block.SCMBlockDeletingService (DatanodeDeletedBlockTransactions.java:addTransactionToDN(50)) - Transaction added: 01235482-5c07-4b37-86e9-3192ec4df84f <- TX(46)
2021-08-10 12:16:26,637 [SCMBlockDeletingService#0] DEBUG block.SCMBlockDeletingService (DatanodeDeletedBlockTransactions.java:addTransactionToDN(50)) - Transaction added: ad4991cb-97ce-4dd6-b117-42e7f6b0816f <- TX(47)
2021-08-10 12:16:26,637 [SCMBlockDeletingService#0] DEBUG block.SCMBlockDeletingService (DatanodeDeletedBlockTransactions.java:addTransactionToDN(50)) - Transaction added: 01235482-5c07-4b37-86e9-3192ec4df84f <- TX(47)
2021-08-10 12:16:26,637 [SCMBlockDeletingService#0] DEBUG block.SCMBlockDeletingService (DatanodeDeletedBlockTransactions.java:addTransactionToDN(50)) - Transaction added: b13dbf35-3f05-4a51-87e4-7670ffffb89b <- TX(47)
2021-08-10 12:16:26,637 [SCMBlockDeletingService#0] DEBUG block.SCMBlockDeletingService (DatanodeDeletedBlockTransactions.java:addTransactionToDN(50)) - Transaction added: b13dbf35-3f05-4a51-87e4-7670ffffb89b <- TX(48)
2021-08-10 12:16:26,637 [SCMBlockDeletingService#0] DEBUG block.SCMBlockDeletingService (DatanodeDeletedBlockTransactions.java:addTransactionToDN(50)) - Transaction added: ad4991cb-97ce-4dd6-b117-42e7f6b0816f <- TX(48)
2021-08-10 12:16:26,637 [SCMBlockDeletingService#0] DEBUG block.SCMBlockDeletingService (DatanodeDeletedBlockTransactions.java:addTransactionToDN(50)) - Transaction added: 01235482-5c07-4b37-86e9-3192ec4df84f <- TX(48)
2021-08-10 12:16:26,637 [SCMBlockDeletingService#0] DEBUG block.SCMBlockDeletingService (DatanodeDeletedBlockTransactions.java:addTransactionToDN(50)) - Transaction added: 01235482-5c07-4b37-86e9-3192ec4df84f <- TX(49)
2021-08-10 12:16:26,637 [SCMBlockDeletingService#0] DEBUG block.SCMBlockDeletingService (DatanodeDeletedBlockTransactions.java:addTransactionToDN(50)) - Transaction added: b13dbf35-3f05-4a51-87e4-7670ffffb89b <- TX(49)
2021-08-10 12:16:26,637 [SCMBlockDeletingService#0] DEBUG block.SCMBlockDeletingService (DatanodeDeletedBlockTransactions.java:addTransactionToDN(50)) - Transaction added: ad4991cb-97ce-4dd6-b117-42e7f6b0816f <- TX(49)
2021-08-10 12:16:26,637 [SCMBlockDeletingService#0] DEBUG block.SCMBlockDeletingService (DatanodeDeletedBlockTransactions.java:addTransactionToDN(50)) - Transaction added: ad4991cb-97ce-4dd6-b117-42e7f6b0816f <- TX(50)
2021-08-10 12:16:26,637 [SCMBlockDeletingService#0] DEBUG block.SCMBlockDeletingService (DatanodeDeletedBlockTransactions.java:addTransactionToDN(50)) - Transaction added: 01235482-5c07-4b37-86e9-3192ec4df84f <- TX(50)
2021-08-10 12:16:26,637 [SCMBlockDeletingService#0] DEBUG block.SCMBlockDeletingService (DatanodeDeletedBlockTransactions.java:addTransactionToDN(50)) - Transaction added: b13dbf35-3f05-4a51-87e4-7670ffffb89b <- TX(50)
2021-08-10 12:16:26,637 [SCMBlockDeletingService#0] DEBUG block.SCMBlockDeletingService (DatanodeDeletedBlockTransactions.java:addTransactionToDN(50)) - Transaction added: b13dbf35-3f05-4a51-87e4-7670ffffb89b <- TX(51)
2021-08-10 12:16:26,637 [SCMBlockDeletingService#0] DEBUG block.SCMBlockDeletingService (DatanodeDeletedBlockTransactions.java:addTransactionToDN(50)) - Transaction added: ad4991cb-97ce-4dd6-b117-42e7f6b0816f <- TX(51)
2021-08-10 12:16:26,637 [SCMBlockDeletingService#0] DEBUG block.SCMBlockDeletingService (DatanodeDeletedBlockTransactions.java:addTransactionToDN(50)) - Transaction added: 01235482-5c07-4b37-86e9-3192ec4df84f <- TX(51)
2021-08-10 12:16:26,637 [SCMBlockDeletingService#0] DEBUG block.SCMBlockDeletingService (DatanodeDeletedBlockTransactions.java:addTransactionToDN(50)) - Transaction added: ad4991cb-97ce-4dd6-b117-42e7f6b0816f <- TX(52)
2021-08-10 12:16:26,637 [SCMBlockDeletingService#0] DEBUG block.SCMBlockDeletingService (DatanodeDeletedBlockTransactions.java:addTransactionToDN(50)) - Transaction added: 01235482-5c07-4b37-86e9-3192ec4df84f <- TX(52)
2021-08-10 12:16:26,638 [SCMBlockDeletingService#0] DEBUG block.SCMBlockDeletingService (DatanodeDeletedBlockTransactions.java:addTransactionToDN(50)) - Transaction added: b13dbf35-3f05-4a51-87e4-7670ffffb89b <- TX(52)
2021-08-10 12:16:26,638 [SCMBlockDeletingService#0] DEBUG block.SCMBlockDeletingService (DatanodeDeletedBlockTransactions.java:addTransactionToDN(50)) - Transaction added: b13dbf35-3f05-4a51-87e4-7670ffffb89b <- TX(53)
2021-08-10 12:16:26,638 [SCMBlockDeletingService#0] DEBUG block.SCMBlockDeletingService (DatanodeDeletedBlockTransactions.java:addTransactionToDN(50)) - Transaction added: ad4991cb-97ce-4dd6-b117-42e7f6b0816f <- TX(53)
2021-08-10 12:16:26,638 [SCMBlockDeletingService#0] DEBUG block.SCMBlockDeletingService (DatanodeDeletedBlockTransactions.java:addTransactionToDN(50)) - Transaction added: 01235482-5c07-4b37-86e9-3192ec4df84f <- TX(53)
2021-08-10 12:16:26,638 [SCMBlockDeletingService#0] DEBUG block.SCMBlockDeletingService (DatanodeDeletedBlockTransactions.java:addTransactionToDN(50)) - Transaction added: ad4991cb-97ce-4dd6-b117-42e7f6b0816f <- TX(54)
2021-08-10 12:16:26,638 [SCMBlockDeletingService#0] DEBUG block.SCMBlockDeletingService (DatanodeDeletedBlockTransactions.java:addTransactionToDN(50)) - Transaction added: 01235482-5c07-4b37-86e9-3192ec4df84f <- TX(54)
2021-08-10 12:16:26,638 [SCMBlockDeletingService#0] DEBUG block.SCMBlockDeletingService (DatanodeDeletedBlockTransactions.java:addTransactionToDN(50)) - Transaction added: b13dbf35-3f05-4a51-87e4-7670ffffb89b <- TX(54)
2021-08-10 12:16:26,638 [SCMBlockDeletingService#0] DEBUG block.SCMBlockDeletingService (DatanodeDeletedBlockTransactions.java:addTransactionToDN(50)) - Transaction added: b13dbf35-3f05-4a51-87e4-7670ffffb89b <- TX(55)
2021-08-10 12:16:26,638 [SCMBlockDeletingService#0] DEBUG block.SCMBlockDeletingService (DatanodeDeletedBlockTransactions.java:addTransactionToDN(50)) - Transaction added: ad4991cb-97ce-4dd6-b117-42e7f6b0816f <- TX(55)
2021-08-10 12:16:26,638 [SCMBlockDeletingService#0] DEBUG block.SCMBlockDeletingService (DatanodeDeletedBlockTransactions.java:addTransactionToDN(50)) - Transaction added: 01235482-5c07-4b37-86e9-3192ec4df84f <- TX(55)
2021-08-10 12:16:26,638 [SCMBlockDeletingService#0] DEBUG block.SCMBlockDeletingService (DatanodeDeletedBlockTransactions.java:addTransactionToDN(50)) - Transaction added: 01235482-5c07-4b37-86e9-3192ec4df84f <- TX(56)
2021-08-10 12:16:26,638 [SCMBlockDeletingService#0] DEBUG block.SCMBlockDeletingService (DatanodeDeletedBlockTransactions.java:addTransactionToDN(50)) - Transaction added: b13dbf35-3f05-4a51-87e4-7670ffffb89b <- TX(56)
2021-08-10 12:16:26,638 [SCMBlockDeletingService#0] DEBUG block.SCMBlockDeletingService (DatanodeDeletedBlockTransactions.java:addTransactionToDN(50)) - Transaction added: ad4991cb-97ce-4dd6-b117-42e7f6b0816f <- TX(56)
2021-08-10 12:16:26,638 [SCMBlockDeletingService#0] DEBUG block.SCMBlockDeletingService (SCMBlockDeletingService.java:call(164)) - Added delete block command for datanode ad4991cb-97ce-4dd6-b117-42e7f6b0816f in the queue, number of delete block transactions: 56
2021-08-10 12:16:26,638 [SCMBlockDeletingService#0] DEBUG block.SCMBlockDeletingService (SCMBlockDeletingService.java:call(164)) - Added delete block command for datanode 01235482-5c07-4b37-86e9-3192ec4df84f in the queue, number of delete block transactions: 56
2021-08-10 12:16:26,638 [SCMBlockDeletingService#0] DEBUG block.SCMBlockDeletingService (SCMBlockDeletingService.java:call(164)) - Added delete block command for datanode b13dbf35-3f05-4a51-87e4-7670ffffb89b in the queue, number of delete block transactions: 56
2021-08-10 12:16:26,638 [SCMBlockDeletingService#0] INFO  block.SCMBlockDeletingService (SCMBlockDeletingService.java:call(174)) - Totally added 168 blocks to be deleted for 3 datanodes, task elapsed time: 5ms
2021-08-10 12:16:26,639 [EventQueue-DeleteBlockStatusForDeletedBlockLogImpl] DEBUG block.DeletedBlockLogImpl (DeletedBlockLogImpl.java:isTransactionFailed(278)) - Got block deletion ACK from datanode, TXIDs=1, success=true
2021-08-10 12:16:26,639 [EventQueue-DeleteBlockStatusForDeletedBlockLogImpl] DEBUG block.DeletedBlockLogImpl (DeletedBlockLogImpl.java:commitTransactions(256)) - Datanode txId=1 containerId=#1 committed by dnId=ad4991cb-97ce-4dd6-b117-42e7f6b0816f
2021-08-10 12:16:26,639 [EventQueue-DeleteBlockStatusForDeletedBlockLogImpl] DEBUG block.DeletedBlockLogImpl (DeletedBlockLogImpl.java:isTransactionFailed(278)) - Got block deletion ACK from datanode, TXIDs=1, success=true
2021-08-10 12:16:26,639 [EventQueue-DeleteBlockStatusForDeletedBlockLogImpl] DEBUG block.DeletedBlockLogImpl (DeletedBlockLogImpl.java:commitTransactions(256)) - Datanode txId=1 containerId=#1 committed by dnId=ad4991cb-97ce-4dd6-b117-42e7f6b0816f
2021-08-10 12:16:26,639 [EventQueue-DeleteBlockStatusForDeletedBlockLogImpl] DEBUG block.DeletedBlockLogImpl (DeletedBlockLogImpl.java:isTransactionFailed(278)) - Got block deletion ACK from datanode, TXIDs=2, success=true
2021-08-10 12:16:26,639 [EventQueue-DeleteBlockStatusForDeletedBlockLogImpl] DEBUG block.DeletedBlockLogImpl (DeletedBlockLogImpl.java:commitTransactions(256)) - Datanode txId=2 containerId=#2 committed by dnId=ad4991cb-97ce-4dd6-b117-42e7f6b0816f
2021-08-10 12:16:26,639 [EventQueue-DeleteBlockStatusForDeletedBlockLogImpl] DEBUG block.DeletedBlockLogImpl (DeletedBlockLogImpl.java:isTransactionFailed(278)) - Got block deletion ACK from datanode, TXIDs=3, success=true
2021-08-10 12:16:26,639 [EventQueue-DeleteBlockStatusForDeletedBlockLogImpl] DEBUG block.DeletedBlockLogImpl (DeletedBlockLogImpl.java:commitTransactions(256)) - Datanode txId=3 containerId=#3 committed by dnId=ad4991cb-97ce-4dd6-b117-42e7f6b0816f
2021-08-10 12:16:26,639 [EventQueue-DeleteBlockStatusForDeletedBlockLogImpl] DEBUG block.DeletedBlockLogImpl (DeletedBlockLogImpl.java:isTransactionFailed(278)) - Got block deletion ACK from datanode, TXIDs=4, success=true
2021-08-10 12:16:26,639 [EventQueue-DeleteBlockStatusForDeletedBlockLogImpl] DEBUG block.DeletedBlockLogImpl (DeletedBlockLogImpl.java:commitTransactions(256)) - Datanode txId=4 containerId=#4 committed by dnId=ad4991cb-97ce-4dd6-b117-42e7f6b0816f
2021-08-10 12:16:26,639 [EventQueue-DeleteBlockStatusForDeletedBlockLogImpl] DEBUG block.DeletedBlockLogImpl (DeletedBlockLogImpl.java:isTransactionFailed(278)) - Got block deletion ACK from datanode, TXIDs=1, success=true
2021-08-10 12:16:26,639 [EventQueue-DeleteBlockStatusForDeletedBlockLogImpl] DEBUG block.DeletedBlockLogImpl (DeletedBlockLogImpl.java:commitTransactions(256)) - Datanode txId=1 containerId=#1 committed by dnId=ad4991cb-97ce-4dd6-b117-42e7f6b0816f
2021-08-10 12:16:26,639 [EventQueue-DeleteBlockStatusForDeletedBlockLogImpl] DEBUG block.DeletedBlockLogImpl (DeletedBlockLogImpl.java:isTransactionFailed(278)) - Got block deletion ACK from datanode, TXIDs=2, success=true
2021-08-10 12:16:26,639 [EventQueue-DeleteBlockStatusForDeletedBlockLogImpl] DEBUG block.DeletedBlockLogImpl (DeletedBlockLogImpl.java:commitTransactions(256)) - Datanode txId=2 containerId=#2 committed by dnId=ad4991cb-97ce-4dd6-b117-42e7f6b0816f
2021-08-10 12:16:26,639 [EventQueue-DeleteBlockStatusForDeletedBlockLogImpl] DEBUG block.DeletedBlockLogImpl (DeletedBlockLogImpl.java:isTransactionFailed(278)) - Got block deletion ACK from datanode, TXIDs=3, success=true
2021-08-10 12:16:26,639 [EventQueue-DeleteBlockStatusForDeletedBlockLogImpl] DEBUG block.DeletedBlockLogImpl (DeletedBlockLogImpl.java:commitTransactions(256)) - Datanode txId=3 containerId=#3 committed by dnId=ad4991cb-97ce-4dd6-b117-42e7f6b0816f
2021-08-10 12:16:26,639 [EventQueue-DeleteBlockStatusForDeletedBlockLogImpl] DEBUG block.DeletedBlockLogImpl (DeletedBlockLogImpl.java:isTransactionFailed(278)) - Got block deletion ACK from datanode, TXIDs=4, success=true
2021-08-10 12:16:26,639 [EventQueue-DeleteBlockStatusForDeletedBlockLogImpl] DEBUG block.DeletedBlockLogImpl (DeletedBlockLogImpl.java:commitTransactions(256)) - Datanode txId=4 containerId=#4 committed by dnId=ad4991cb-97ce-4dd6-b117-42e7f6b0816f
2021-08-10 12:16:26,639 [EventQueue-DeleteBlockStatusForDeletedBlockLogImpl] DEBUG block.DeletedBlockLogImpl (DeletedBlockLogImpl.java:isTransactionFailed(278)) - Got block deletion ACK from datanode, TXIDs=5, success=true
2021-08-10 12:16:26,639 [EventQueue-DeleteBlockStatusForDeletedBlockLogImpl] DEBUG block.DeletedBlockLogImpl (DeletedBlockLogImpl.java:commitTransactions(256)) - Datanode txId=5 containerId=#5 committed by dnId=ad4991cb-97ce-4dd6-b117-42e7f6b0816f
2021-08-10 12:16:26,639 [EventQueue-DeleteBlockStatusForDeletedBlockLogImpl] DEBUG block.DeletedBlockLogImpl (DeletedBlockLogImpl.java:isTransactionFailed(278)) - Got block deletion ACK from datanode, TXIDs=1, success=true
2021-08-10 12:16:26,639 [EventQueue-DeleteBlockStatusForDeletedBlockLogImpl] DEBUG block.DeletedBlockLogImpl (DeletedBlockLogImpl.java:commitTransactions(256)) - Datanode txId=1 containerId=#1 committed by dnId=ad4991cb-97ce-4dd6-b117-42e7f6b0816f
2021-08-10 12:16:26,639 [EventQueue-DeleteBlockStatusForDeletedBlockLogImpl] DEBUG block.DeletedBlockLogImpl (DeletedBlockLogImpl.java:isTransactionFailed(278)) - Got block deletion ACK from datanode, TXIDs=2, success=true
2021-08-10 12:16:26,639 [EventQueue-DeleteBlockStatusForDeletedBlockLogImpl] DEBUG block.DeletedBlockLogImpl (DeletedBlockLogImpl.java:commitTransactions(256)) - Datanode txId=2 containerId=#2 committed by dnId=ad4991cb-97ce-4dd6-b117-42e7f6b0816f
2021-08-10 12:16:26,639 [EventQueue-DeleteBlockStatusForDeletedBlockLogImpl] DEBUG block.DeletedBlockLogImpl (DeletedBlockLogImpl.java:isTransactionFailed(278)) - Got block deletion ACK from datanode, TXIDs=3, success=true
2021-08-10 12:16:26,639 [EventQueue-DeleteBlockStatusForDeletedBlockLogImpl] DEBUG block.DeletedBlockLogImpl (DeletedBlockLogImpl.java:commitTransactions(256)) - Datanode txId=3 containerId=#3 committed by dnId=ad4991cb-97ce-4dd6-b117-42e7f6b0816f
2021-08-10 12:16:26,640 [EventQueue-DeleteBlockStatusForDeletedBlockLogImpl] DEBUG block.DeletedBlockLogImpl (DeletedBlockLogImpl.java:isTransactionFailed(278)) - Got block deletion ACK from datanode, TXIDs=4, success=true
2021-08-10 12:16:26,640 [EventQueue-DeleteBlockStatusForDeletedBlockLogImpl] DEBUG block.DeletedBlockLogImpl (DeletedBlockLogImpl.java:commitTransactions(256)) - Datanode txId=4 containerId=#4 committed by dnId=ad4991cb-97ce-4dd6-b117-42e7f6b0816f
2021-08-10 12:16:26,640 [EventQueue-DeleteBlockStatusForDeletedBlockLogImpl] DEBUG block.DeletedBlockLogImpl (DeletedBlockLogImpl.java:isTransactionFailed(278)) - Got block deletion ACK from datanode, TXIDs=5, success=true
2021-08-10 12:16:26,640 [EventQueue-DeleteBlockStatusForDeletedBlockLogImpl] DEBUG block.DeletedBlockLogImpl (DeletedBlockLogImpl.java:commitTransactions(256)) - Datanode txId=5 containerId=#5 committed by dnId=ad4991cb-97ce-4dd6-b117-42e7f6b0816f
2021-08-10 12:16:26,640 [EventQueue-DeleteBlockStatusForDeletedBlockLogImpl] DEBUG block.DeletedBlockLogImpl (DeletedBlockLogImpl.java:isTransactionFailed(278)) - Got block deletion ACK from datanode, TXIDs=6, success=true
2021-08-10 12:16:26,640 [EventQueue-DeleteBlockStatusForDeletedBlockLogImpl] DEBUG block.DeletedBlockLogImpl (DeletedBlockLogImpl.java:commitTransactions(256)) - Datanode txId=6 containerId=#6 committed by dnId=ad4991cb-97ce-4dd6-b117-42e7f6b0816f
2021-08-10 12:16:26,640 [EventQueue-DeleteBlockStatusForDeletedBlockLogImpl] DEBUG block.DeletedBlockLogImpl (DeletedBlockLogImpl.java:isTransactionFailed(278)) - Got block deletion ACK from datanode, TXIDs=1, success=true
2021-08-10 12:16:26,640 [EventQueue-DeleteBlockStatusForDeletedBlockLogImpl] DEBUG block.DeletedBlockLogImpl (DeletedBlockLogImpl.java:commitTransactions(256)) - Datanode txId=1 containerId=#1 committed by dnId=ad4991cb-97ce-4dd6-b117-42e7f6b0816f
2021-08-10 12:16:26,640 [EventQueue-DeleteBlockStatusForDeletedBlockLogImpl] DEBUG block.DeletedBlockLogImpl (DeletedBlockLogImpl.java:isTransactionFailed(278)) - Got block deletion ACK from datanode, TXIDs=2, success=true
2021-08-10 12:16:26,640 [EventQueue-DeleteBlockStatusForDeletedBlockLogImpl] DEBUG block.DeletedBlockLogImpl (DeletedBlockLogImpl.java:commitTransactions(256)) - Datanode txId=2 containerId=#2 committed by dnId=ad4991cb-97ce-4dd6-b117-42e7f6b0816f
2021-08-10 12:16:26,640 [EventQueue-DeleteBlockStatusForDeletedBlockLogImpl] DEBUG block.DeletedBlockLogImpl (DeletedBlockLogImpl.java:isTransactionFailed(278)) - Got block deletion ACK from datanode, TXIDs=3, success=true
2021-08-10 12:16:26,640 [EventQueue-DeleteBlockStatusForDeletedBlockLogImpl] DEBUG block.DeletedBlockLogImpl (DeletedBlockLogImpl.java:commitTransactions(256)) - Datanode txId=3 containerId=#3 committed by dnId=ad4991cb-97ce-4dd6-b117-42e7f6b0816f
2021-08-10 12:16:26,640 [EventQueue-DeleteBlockStatusForDeletedBlockLogImpl] DEBUG block.DeletedBlockLogImpl (DeletedBlockLogImpl.java:isTransactionFailed(278)) - Got block deletion ACK from datanode, TXIDs=4, success=true
2021-08-10 12:16:26,640 [EventQueue-DeleteBlockStatusForDeletedBlockLogImpl] DEBUG block.DeletedBlockLogImpl (DeletedBlockLogImpl.java:commitTransactions(256)) - Datanode txId=4 containerId=#4 committed by dnId=ad4991cb-97ce-4dd6-b117-42e7f6b0816f
2021-08-10 12:16:26,640 [EventQueue-DeleteBlockStatusForDeletedBlockLogImpl] DEBUG block.DeletedBlockLogImpl (DeletedBlockLogImpl.java:isTransactionFailed(278)) - Got block deletion ACK from datanode, TXIDs=5, success=true
2021-08-10 12:16:26,640 [EventQueue-DeleteBlockStatusForDeletedBlockLogImpl] DEBUG block.DeletedBlockLogImpl (DeletedBlockLogImpl.java:commitTransactions(256)) - Datanode txId=5 containerId=#5 committed by dnId=ad4991cb-97ce-4dd6-b117-42e7f6b0816f
2021-08-10 12:16:26,640 [EventQueue-DeleteBlockStatusForDeletedBlockLogImpl] DEBUG block.DeletedBlockLogImpl (DeletedBlockLogImpl.java:isTransactionFailed(278)) - Got block deletion ACK from datanode, TXIDs=6, success=true
2021-08-10 12:16:26,640 [EventQueue-DeleteBlockStatusForDeletedBlockLogImpl] DEBUG block.DeletedBlockLogImpl (DeletedBlockLogImpl.java:commitTransactions(256)) - Datanode txId=6 containerId=#6 committed by dnId=ad4991cb-97ce-4dd6-b117-42e7f6b0816f
2021-08-10 12:16:26,640 [EventQueue-DeleteBlockStatusForDeletedBlockLogImpl] DEBUG block.DeletedBlockLogImpl (DeletedBlockLogImpl.java:isTransactionFailed(278)) - Got block deletion ACK from datanode, TXIDs=7, success=true
2021-08-10 12:16:26,640 [EventQueue-DeleteBlockStatusForDeletedBlockLogImpl] DEBUG block.DeletedBlockLogImpl (DeletedBlockLogImpl.java:commitTransactions(256)) - Datanode txId=7 containerId=#7 committed by dnId=ad4991cb-97ce-4dd6-b117-42e7f6b0816f
2021-08-10 12:16:26,640 [EventQueue-DeleteBlockStatusForDeletedBlockLogImpl] DEBUG block.DeletedBlockLogImpl (DeletedBlockLogImpl.java:isTransactionFailed(278)) - Got block deletion ACK from datanode, TXIDs=8, success=true
2021-08-10 12:16:26,640 [EventQueue-DeleteBlockStatusForDeletedBlockLogImpl] DEBUG block.DeletedBlockLogImpl (DeletedBlockLogImpl.java:commitTransactions(256)) - Datanode txId=8 containerId=#8 committed by dnId=ad4991cb-97ce-4dd6-b117-42e7f6b0816f
2021-08-10 12:16:26,640 [EventQueue-DeleteBlockStatusForDeletedBlockLogImpl] DEBUG block.DeletedBlockLogImpl (DeletedBlockLogImpl.java:isTransactionFailed(278)) - Got block deletion ACK from datanode, TXIDs=1, success=true
2021-08-10 12:16:26,640 [EventQueue-DeleteBlockStatusForDeletedBlockLogImpl] DEBUG block.DeletedBlockLogImpl (DeletedBlockLogImpl.java:commitTransactions(256)) - Datanode txId=1 containerId=#1 committed by dnId=ad4991cb-97ce-4dd6-b117-42e7f6b0816f
2021-08-10 12:16:26,640 [EventQueue-DeleteBlockStatusForDeletedBlockLogImpl] DEBUG block.DeletedBlockLogImpl (DeletedBlockLogImpl.java:isTransactionFailed(278)) - Got block deletion ACK from datanode, TXIDs=2, success=true
2021-08-10 12:16:26,640 [EventQueue-DeleteBlockStatusForDeletedBlockLogImpl] DEBUG block.DeletedBlockLogImpl (DeletedBlockLogImpl.java:commitTransactions(256)) - Datanode txId=2 containerId=#2 committed by dnId=ad4991cb-97ce-4dd6-b117-42e7f6b0816f
2021-08-10 12:16:26,640 [EventQueue-DeleteBlockStatusForDeletedBlockLogImpl] DEBUG block.DeletedBlockLogImpl (DeletedBlockLogImpl.java:isTransactionFailed(278)) - Got block deletion ACK from datanode, TXIDs=3, success=true
2021-08-10 12:16:26,640 [EventQueue-DeleteBlockStatusForDeletedBlockLogImpl] DEBUG block.DeletedBlockLogImpl (DeletedBlockLogImpl.java:commitTransactions(256)) - Datanode txId=3 containerId=#3 committed by dnId=ad4991cb-97ce-4dd6-b117-42e7f6b0816f
2021-08-10 12:16:26,640 [EventQueue-DeleteBlockStatusForDeletedBlockLogImpl] DEBUG block.DeletedBlockLogImpl (DeletedBlockLogImpl.java:isTransactionFailed(278)) - Got block deletion ACK from datanode, TXIDs=4, success=true
2021-08-10 12:16:26,641 [EventQueue-DeleteBlockStatusForDeletedBlockLogImpl] DEBUG block.DeletedBlockLogImpl (DeletedBlockLogImpl.java:commitTransactions(256)) - Datanode txId=4 containerId=#4 committed by dnId=ad4991cb-97ce-4dd6-b117-42e7f6b0816f
2021-08-10 12:16:26,641 [EventQueue-DeleteBlockStatusForDeletedBlockLogImpl] DEBUG block.DeletedBlockLogImpl (DeletedBlockLogImpl.java:isTransactionFailed(278)) - Got block deletion ACK from datanode, TXIDs=5, success=true
2021-08-10 12:16:26,641 [EventQueue-DeleteBlockStatusForDeletedBlockLogImpl] DEBUG block.DeletedBlockLogImpl (DeletedBlockLogImpl.java:commitTransactions(256)) - Datanode txId=5 containerId=#5 committed by dnId=ad4991cb-97ce-4dd6-b117-42e7f6b0816f
2021-08-10 12:16:26,641 [EventQueue-DeleteBlockStatusForDeletedBlockLogImpl] DEBUG block.DeletedBlockLogImpl (DeletedBlockLogImpl.java:isTransactionFailed(278)) - Got block deletion ACK from datanode, TXIDs=6, success=true
2021-08-10 12:16:26,641 [EventQueue-DeleteBlockStatusForDeletedBlockLogImpl] DEBUG block.DeletedBlockLogImpl (DeletedBlockLogImpl.java:commitTransactions(256)) - Datanode txId=6 containerId=#6 committed by dnId=ad4991cb-97ce-4dd6-b117-42e7f6b0816f
2021-08-10 12:16:26,641 [EventQueue-DeleteBlockStatusForDeletedBlockLogImpl] DEBUG block.DeletedBlockLogImpl (DeletedBlockLogImpl.java:isTransactionFailed(278)) - Got block deletion ACK from datanode, TXIDs=7, success=true
2021-08-10 12:16:26,641 [EventQueue-DeleteBlockStatusForDeletedBlockLogImpl] DEBUG block.DeletedBlockLogImpl (DeletedBlockLogImpl.java:commitTransactions(256)) - Datanode txId=7 containerId=#7 committed by dnId=ad4991cb-97ce-4dd6-b117-42e7f6b0816f
2021-08-10 12:16:26,641 [EventQueue-DeleteBlockStatusForDeletedBlockLogImpl] DEBUG block.DeletedBlockLogImpl (DeletedBlockLogImpl.java:isTransactionFailed(278)) - Got block deletion ACK from datanode, TXIDs=8, success=true
2021-08-10 12:16:26,641 [EventQueue-DeleteBlockStatusForDeletedBlockLogImpl] DEBUG block.DeletedBlockLogImpl (DeletedBlockLogImpl.java:commitTransactions(256)) - Datanode txId=8 containerId=#8 committed by dnId=ad4991cb-97ce-4dd6-b117-42e7f6b0816f
2021-08-10 12:16:26,641 [EventQueue-DeleteBlockStatusForDeletedBlockLogImpl] DEBUG block.DeletedBlockLogImpl (DeletedBlockLogImpl.java:isTransactionFailed(278)) - Got block deletion ACK from datanode, TXIDs=9, success=true
2021-08-10 12:16:26,641 [EventQueue-DeleteBlockStatusForDeletedBlockLogImpl] DEBUG block.DeletedBlockLogImpl (DeletedBlockLogImpl.java:commitTransactions(256)) - Datanode txId=9 containerId=#9 committed by dnId=ad4991cb-97ce-4dd6-b117-42e7f6b0816f
2021-08-10 12:16:26,654 [org.apache.hadoop.ozone.container.common.statemachine.commandhandler.DeleteBlocksCommandHandler$DeleteCmdWorker@27e378d3] INFO  commandhandler.DeleteBlocksCommandHandler (DeleteBlocksCommandHandler.java:processCmd(261)) - Start to delete container blocks, TXIDs=[1(0)], numOfContainers=1, numOfBlocks=1
2021-08-10 12:16:26,658 [org.apache.hadoop.ozone.container.common.statemachine.commandhandler.DeleteBlocksCommandHandler$DeleteCmdWorker@27e378d3] INFO  commandhandler.DeleteBlocksCommandHandler (DeleteBlocksCommandHandler.java:processCmd(261)) - Start to delete container blocks, TXIDs=[1(0),2(0),3(0),4(0)], numOfContainers=4, numOfBlocks=4
2021-08-10 12:16:26,658 [org.apache.hadoop.ozone.container.common.statemachine.commandhandler.DeleteBlocksCommandHandler$DeleteCmdWorker@27e378d3] INFO  commandhandler.DeleteBlocksCommandHandler (DeleteBlocksCommandHandler.java:processCmd(261)) - Start to delete container blocks, TXIDs=[1(0),2(0),3(0),4(0),5(0)], numOfContainers=5, numOfBlocks=5
2021-08-10 12:16:26,658 [org.apache.hadoop.ozone.container.common.statemachine.commandhandler.DeleteBlocksCommandHandler$DeleteCmdWorker@27e378d3] INFO  commandhandler.DeleteBlocksCommandHandler (DeleteBlocksCommandHandler.java:processCmd(261)) - Start to delete container blocks, TXIDs=[1(0),2(0),3(0),4(0),5(0),6(0)], numOfContainers=6, numOfBlocks=6
2021-08-10 12:16:26,659 [org.apache.hadoop.ozone.container.common.statemachine.commandhandler.DeleteBlocksCommandHandler$DeleteCmdWorker@27e378d3] INFO  commandhandler.DeleteBlocksCommandHandler (DeleteBlocksCommandHandler.java:processCmd(261)) - Start to delete container blocks, TXIDs=[1(0),2(0),3(0),4(0),5(0),6(0),7(0),8(0)], numOfContainers=8, numOfBlocks=8
2021-08-10 12:16:26,659 [org.apache.hadoop.ozone.container.common.statemachine.commandhandler.DeleteBlocksCommandHandler$DeleteCmdWorker@27e378d3] INFO  commandhandler.DeleteBlocksCommandHandler (DeleteBlocksCommandHandler.java:processCmd(261)) - Start to delete container blocks, TXIDs=[1(0),2(0),3(0),4(0),5(0),6(0),7(0),8(0),9(0)], numOfContainers=9, numOfBlocks=9
2021-08-10 12:16:26,659 [org.apache.hadoop.ozone.container.common.statemachine.commandhandler.DeleteBlocksCommandHandler$DeleteCmdWorker@27e378d3] INFO  commandhandler.DeleteBlocksCommandHandler (DeleteBlocksCommandHandler.java:processCmd(261)) - Start to delete container blocks, TXIDs=[1(0),2(0),3(0),4(0),5(0),6(0),7(0),8(0),9(0),10(0)], numOfContainers=10, numOfBlocks=10
2021-08-10 12:16:26,659 [org.apache.hadoop.ozone.container.common.statemachine.commandhandler.DeleteBlocksCommandHandler$DeleteCmdWorker@27e378d3] INFO  commandhandler.DeleteBlocksCommandHandler (DeleteBlocksCommandHandler.java:processCmd(261)) - Start to delete container blocks, TXIDs=[1(0),2(0),3(0),4(0),5(0),6(0),7(0),8(0),9(0),10(0)], numOfContainers=10, numOfBlocks=10
2021-08-10 12:16:26,659 [org.apache.hadoop.ozone.container.common.statemachine.commandhandler.DeleteBlocksCommandHandler$DeleteCmdWorker@27e378d3] INFO  commandhandler.DeleteBlocksCommandHandler (DeleteBlocksCommandHandler.java:processCmd(261)) - Start to delete container blocks, TXIDs=[1(0),2(0),3(0),4(0),5(0),6(0),7(0),8(0),9(0),10(0),11(0),12(0),13(0),14(0),15(0),16(0),17(0),18(0),19(0),20(0),21(0),22(0),23(0),24(0),25(0),26(0),27(0),28(0),29(0),30(0),31(0),32(0),33(0),34(0),35(0),36(0),37(0),38(0),39(0),40(0),41(0),42(0),43(0),44(0),45(0),46(0),47(0),48(0),49(0),50(0),51(0),52(0),53(0),54(0),55(0),56(0)], numOfContainers=56, numOfBlocks=56
2021-08-10 12:16:26,662 [org.apache.hadoop.ozone.container.common.statemachine.commandhandler.DeleteBlocksCommandHandler$DeleteCmdWorker@27e378d3] INFO  commandhandler.DeleteBlocksCommandHandler (DeleteBlocksCommandHandler.java:processCmd(261)) - Start to delete container blocks, TXIDs=[1(0),2(0),3(0),4(0),5(0),6(0),7(0),8(0),9(0),10(0),11(0),12(0),13(0),14(0),15(0),16(0),17(0),18(0),19(0),20(0),21(0),22(0),23(0),24(0),25(0),26(0),27(0),28(0),29(0),30(0),31(0),32(0),33(0),34(0),35(0),36(0),37(0),38(0),39(0),40(0),41(0),42(0),43(0),44(0),45(0),46(0),47(0),48(0),49(0),50(0),51(0),52(0),53(0),54(0),55(0),56(0)], numOfContainers=56, numOfBlocks=56
2021-08-10 12:16:26,690 [BlockDeletingService#2] INFO  background.BlockDeletingService (BlockDeletingService.java:getTasks(158)) - Plan to choose 5000 blocks for block deletion, actually deleting 10 blocks.
2021-08-10 12:16:26,698 [BlockDeletingService#2] INFO  impl.FilePerBlockStrategy (FilePerBlockStrategy.java:deleteChunk(227)) - Deleted block file: /home/runner/work/ozone/ozone/hadoop-ozone/integration-test/target/test-dir/MiniOzoneClusterImpl-75f1614f-1661-444a-a475-726e833f1db0/datanode-1/data-0/containers/hdds/75f1614f-1661-444a-a475-726e833f1db0/current/containerDir0/10/chunks/107544261427200010.block
2021-08-10 12:16:26,698 [BlockDeletingService#7] INFO  impl.FilePerBlockStrategy (FilePerBlockStrategy.java:deleteChunk(227)) - Deleted block file: /home/runner/work/ozone/ozone/hadoop-ozone/integration-test/target/test-dir/MiniOzoneClusterImpl-75f1614f-1661-444a-a475-726e833f1db0/datanode-1/data-0/containers/hdds/75f1614f-1661-444a-a475-726e833f1db0/current/containerDir0/1/chunks/107544261427200001.block
2021-08-10 12:16:26,701 [BlockDeletingService#7] INFO  background.BlockDeletingService (BlockDeletingService.java:deleteViaSchema2(447)) - Container: 1, deleted blocks: 1, task elapsed time: 4ms
2021-08-10 12:16:26,701 [BlockDeletingService#7] INFO  impl.FilePerBlockStrategy (FilePerBlockStrategy.java:deleteChunk(227)) - Deleted block file: /home/runner/work/ozone/ozone/hadoop-ozone/integration-test/target/test-dir/MiniOzoneClusterImpl-75f1614f-1661-444a-a475-726e833f1db0/datanode-1/data-0/containers/hdds/75f1614f-1661-444a-a475-726e833f1db0/current/containerDir0/6/chunks/107544261427200006.block
2021-08-10 12:16:26,701 [BlockDeletingService#7] INFO  background.BlockDeletingService (BlockDeletingService.java:deleteViaSchema2(447)) - Container: 6, deleted blocks: 1, task elapsed time: 0ms
2021-08-10 12:16:26,702 [BlockDeletingService#7] INFO  impl.FilePerBlockStrategy (FilePerBlockStrategy.java:deleteChunk(227)) - Deleted block file: /home/runner/work/ozone/ozone/hadoop-ozone/integration-test/target/test-dir/MiniOzoneClusterImpl-75f1614f-1661-444a-a475-726e833f1db0/datanode-1/data-0/containers/hdds/75f1614f-1661-444a-a475-726e833f1db0/current/containerDir0/5/chunks/107544261427200005.block
2021-08-10 12:16:26,702 [BlockDeletingService#7] INFO  background.BlockDeletingService (BlockDeletingService.java:deleteViaSchema2(447)) - Container: 5, deleted blocks: 1, task elapsed time: 1ms
2021-08-10 12:16:26,703 [BlockDeletingService#7] INFO  impl.FilePerBlockStrategy (FilePerBlockStrategy.java:deleteChunk(227)) - Deleted block file: /home/runner/work/ozone/ozone/hadoop-ozone/integration-test/target/test-dir/MiniOzoneClusterImpl-75f1614f-1661-444a-a475-726e833f1db0/datanode-1/data-0/containers/hdds/75f1614f-1661-444a-a475-726e833f1db0/current/containerDir0/4/chunks/107544261427200004.block
2021-08-10 12:16:26,703 [BlockDeletingService#7] INFO  background.BlockDeletingService (BlockDeletingService.java:deleteViaSchema2(447)) - Container: 4, deleted blocks: 1, task elapsed time: 1ms
2021-08-10 12:16:26,704 [BlockDeletingService#7] INFO  impl.FilePerBlockStrategy (FilePerBlockStrategy.java:deleteChunk(227)) - Deleted block file: /home/runner/work/ozone/ozone/hadoop-ozone/integration-test/target/test-dir/MiniOzoneClusterImpl-75f1614f-1661-444a-a475-726e833f1db0/datanode-1/data-0/containers/hdds/75f1614f-1661-444a-a475-726e833f1db0/current/containerDir0/3/chunks/107544261427200003.block
2021-08-10 12:16:26,704 [BlockDeletingService#7] INFO  background.BlockDeletingService (BlockDeletingService.java:deleteViaSchema2(447)) - Container: 3, deleted blocks: 1, task elapsed time: 1ms
2021-08-10 12:16:26,704 [BlockDeletingService#7] INFO  impl.FilePerBlockStrategy (FilePerBlockStrategy.java:deleteChunk(227)) - Deleted block file: /home/runner/work/ozone/ozone/hadoop-ozone/integration-test/target/test-dir/MiniOzoneClusterImpl-75f1614f-1661-444a-a475-726e833f1db0/datanode-1/data-0/containers/hdds/75f1614f-1661-444a-a475-726e833f1db0/current/containerDir0/2/chunks/107544261427200002.block
2021-08-10 12:16:26,704 [BlockDeletingService#7] INFO  background.BlockDeletingService (BlockDeletingService.java:deleteViaSchema2(447)) - Container: 2, deleted blocks: 1, task elapsed time: 0ms
2021-08-10 12:16:26,700 [BlockDeletingService#8] INFO  impl.FilePerBlockStrategy (FilePerBlockStrategy.java:deleteChunk(227)) - Deleted block file: /home/runner/work/ozone/ozone/hadoop-ozone/integration-test/target/test-dir/MiniOzoneClusterImpl-75f1614f-1661-444a-a475-726e833f1db0/datanode-1/data-0/containers/hdds/75f1614f-1661-444a-a475-726e833f1db0/current/containerDir0/8/chunks/107544261427200008.block
2021-08-10 12:16:26,706 [BlockDeletingService#8] INFO  background.BlockDeletingService (BlockDeletingService.java:deleteViaSchema2(447)) - Container: 8, deleted blocks: 1, task elapsed time: 7ms
2021-08-10 12:16:26,699 [BlockDeletingService#1] INFO  impl.FilePerBlockStrategy (FilePerBlockStrategy.java:deleteChunk(227)) - Deleted block file: /home/runner/work/ozone/ozone/hadoop-ozone/integration-test/target/test-dir/MiniOzoneClusterImpl-75f1614f-1661-444a-a475-726e833f1db0/datanode-1/data-0/containers/hdds/75f1614f-1661-444a-a475-726e833f1db0/current/containerDir0/9/chunks/107544261427200009.block
2021-08-10 12:16:26,706 [BlockDeletingService#1] INFO  background.BlockDeletingService (BlockDeletingService.java:deleteViaSchema2(447)) - Container: 9, deleted blocks: 1, task elapsed time: 8ms
2021-08-10 12:16:26,698 [BlockDeletingService#2] INFO  background.BlockDeletingService (BlockDeletingService.java:deleteViaSchema2(447)) - Container: 10, deleted blocks: 1, task elapsed time: 1ms
2021-08-10 12:16:26,700 [BlockDeletingService#4] INFO  impl.FilePerBlockStrategy (FilePerBlockStrategy.java:deleteChunk(227)) - Deleted block file: /home/runner/work/ozone/ozone/hadoop-ozone/integration-test/target/test-dir/MiniOzoneClusterImpl-75f1614f-1661-444a-a475-726e833f1db0/datanode-1/data-0/containers/hdds/75f1614f-1661-444a-a475-726e833f1db0/current/containerDir0/7/chunks/107544261427200007.block
2021-08-10 12:16:26,723 [BlockDeletingService#4] INFO  background.BlockDeletingService (BlockDeletingService.java:deleteViaSchema2(447)) - Container: 7, deleted blocks: 1, task elapsed time: 24ms
2021-08-10 12:16:26,734 [SCMBlockDeletingService#0] DEBUG block.SCMBlockDeletingService (SCMBlockDeletingService.java:call(133)) - Running DeletedBlockTransactionScanner
2021-08-10 12:16:26,734 [SCMBlockDeletingService#0] DEBUG block.SCMBlockDeletingService (DatanodeDeletedBlockTransactions.java:addTransactionToDN(50)) - Transaction added: 01235482-5c07-4b37-86e9-3192ec4df84f <- TX(1)
2021-08-10 12:16:26,734 [SCMBlockDeletingService#0] DEBUG block.SCMBlockDeletingService (DatanodeDeletedBlockTransactions.java:addTransactionToDN(50)) - Transaction added: b13dbf35-3f05-4a51-87e4-7670ffffb89b <- TX(1)
2021-08-10 12:16:26,734 [SCMBlockDeletingService#0] DEBUG block.SCMBlockDeletingService (DatanodeDeletedBlockTransactions.java:addTransactionToDN(50)) - Transaction added: 01235482-5c07-4b37-86e9-3192ec4df84f <- TX(2)
2021-08-10 12:16:26,734 [SCMBlockDeletingService#0] DEBUG block.SCMBlockDeletingService (DatanodeDeletedBlockTransactions.java:addTransactionToDN(50)) - Transaction added: b13dbf35-3f05-4a51-87e4-7670ffffb89b <- TX(2)
2021-08-10 12:16:26,734 [SCMBlockDeletingService#0] DEBUG block.SCMBlockDeletingService (DatanodeDeletedBlockTransactions.java:addTransactionToDN(50)) - Transaction added: b13dbf35-3f05-4a51-87e4-7670ffffb89b <- TX(3)
2021-08-10 12:16:26,734 [SCMBlockDeletingService#0] DEBUG block.SCMBlockDeletingService (DatanodeDeletedBlockTransactions.java:addTransactionToDN(50)) - Transaction added: 01235482-5c07-4b37-86e9-3192ec4df84f <- TX(3)
2021-08-10 12:16:26,734 [SCMBlockDeletingService#0] DEBUG block.SCMBlockDeletingService (DatanodeDeletedBlockTransactions.java:addTransactionToDN(50)) - Transaction added: 01235482-5c07-4b37-86e9-3192ec4df84f <- TX(4)
2021-08-10 12:16:26,734 [SCMBlockDeletingService#0] DEBUG block.SCMBlockDeletingService (DatanodeDeletedBlockTransactions.java:addTransactionToDN(50)) - Transaction added: b13dbf35-3f05-4a51-87e4-7670ffffb89b <- TX(4)
2021-08-10 12:16:26,734 [SCMBlockDeletingService#0] DEBUG block.SCMBlockDeletingService (DatanodeDeletedBlockTransactions.java:addTransactionToDN(50)) - Transaction added: b13dbf35-3f05-4a51-87e4-7670ffffb89b <- TX(5)
2021-08-10 12:16:26,734 [SCMBlockDeletingService#0] DEBUG block.SCMBlockDeletingService (DatanodeDeletedBlockTransactions.java:addTransactionToDN(50)) - Transaction added: 01235482-5c07-4b37-86e9-3192ec4df84f <- TX(5)
2021-08-10 12:16:26,734 [SCMBlockDeletingService#0] DEBUG block.SCMBlockDeletingService (DatanodeDeletedBlockTransactions.java:addTransactionToDN(50)) - Transaction added: 01235482-5c07-4b37-86e9-3192ec4df84f <- TX(6)
2021-08-10 12:16:26,734 [SCMBlockDeletingService#0] DEBUG block.SCMBlockDeletingService (DatanodeDeletedBlockTransactions.java:addTransactionToDN(50)) - Transaction added: b13dbf35-3f05-4a51-87e4-7670ffffb89b <- TX(6)
2021-08-10 12:16:26,734 [SCMBlockDeletingService#0] DEBUG block.SCMBlockDeletingService (DatanodeDeletedBlockTransactions.java:addTransactionToDN(50)) - Transaction added: b13dbf35-3f05-4a51-87e4-7670ffffb89b <- TX(7)
2021-08-10 12:16:26,735 [SCMBlockDeletingService#0] DEBUG block.SCMBlockDeletingService (DatanodeDeletedBlockTransactions.java:addTransactionToDN(50)) - Transaction added: 01235482-5c07-4b37-86e9-3192ec4df84f <- TX(7)
2021-08-10 12:16:26,735 [SCMBlockDeletingService#0] DEBUG block.SCMBlockDeletingService (DatanodeDeletedBlockTransactions.java:addTransactionToDN(50)) - Transaction added: 01235482-5c07-4b37-86e9-3192ec4df84f <- TX(8)
2021-08-10 12:16:26,735 [SCMBlockDeletingService#0] DEBUG block.SCMBlockDeletingService (DatanodeDeletedBlockTransactions.java:addTransactionToDN(50)) - Transaction added: b13dbf35-3f05-4a51-87e4-7670ffffb89b <- TX(8)
2021-08-10 12:16:26,735 [SCMBlockDeletingService#0] DEBUG block.SCMBlockDeletingService (DatanodeDeletedBlockTransactions.java:addTransactionToDN(50)) - Transaction added: b13dbf35-3f05-4a51-87e4-7670ffffb89b <- TX(9)
2021-08-10 12:16:26,735 [SCMBlockDeletingService#0] DEBUG block.SCMBlockDeletingService (DatanodeDeletedBlockTransactions.java:addTransactionToDN(50)) - Transaction added: 01235482-5c07-4b37-86e9-3192ec4df84f <- TX(9)
2021-08-10 12:16:26,735 [SCMBlockDeletingService#0] DEBUG block.SCMBlockDeletingService (DatanodeDeletedBlockTransactions.java:addTransactionToDN(50)) - Transaction added: 01235482-5c07-4b37-86e9-3192ec4df84f <- TX(10)
2021-08-10 12:16:26,735 [SCMBlockDeletingService#0] DEBUG block.SCMBlockDeletingService (DatanodeDeletedBlockTransactions.java:addTransactionToDN(50)) - Transaction added: b13dbf35-3f05-4a51-87e4-7670ffffb89b <- TX(10)
2021-08-10 12:16:26,735 [SCMBlockDeletingService#0] DEBUG block.SCMBlockDeletingService (DatanodeDeletedBlockTransactions.java:addTransactionToDN(50)) - Transaction added: ad4991cb-97ce-4dd6-b117-42e7f6b0816f <- TX(10)
2021-08-10 12:16:26,735 [SCMBlockDeletingService#0] DEBUG block.SCMBlockDeletingService (DatanodeDeletedBlockTransactions.java:addTransactionToDN(50)) - Transaction added: ad4991cb-97ce-4dd6-b117-42e7f6b0816f <- TX(11)
2021-08-10 12:16:26,735 [SCMBlockDeletingService#0] DEBUG block.SCMBlockDeletingService (DatanodeDeletedBlockTransactions.java:addTransactionToDN(50)) - Transaction added: 01235482-5c07-4b37-86e9-3192ec4df84f <- TX(11)
2021-08-10 12:16:26,735 [SCMBlockDeletingService#0] DEBUG block.SCMBlockDeletingService (DatanodeDeletedBlockTransactions.java:addTransactionToDN(50)) - Transaction added: b13dbf35-3f05-4a51-87e4-7670ffffb89b <- TX(11)
2021-08-10 12:16:26,735 [SCMBlockDeletingService#0] DEBUG block.SCMBlockDeletingService (DatanodeDeletedBlockTransactions.java:addTransactionToDN(50)) - Transaction added: b13dbf35-3f05-4a51-87e4-7670ffffb89b <- TX(12)
2021-08-10 12:16:26,735 [SCMBlockDeletingService#0] DEBUG block.SCMBlockDeletingService (DatanodeDeletedBlockTransactions.java:addTransactionToDN(50)) - Transaction added: ad4991cb-97ce-4dd6-b117-42e7f6b0816f <- TX(12)
2021-08-10 12:16:26,735 [SCMBlockDeletingService#0] DEBUG block.SCMBlockDeletingService (DatanodeDeletedBlockTransactions.java:addTransactionToDN(50)) - Transaction added: 01235482-5c07-4b37-86e9-3192ec4df84f <- TX(12)
2021-08-10 12:16:26,735 [SCMBlockDeletingService#0] DEBUG block.SCMBlockDeletingService (DatanodeDeletedBlockTransactions.java:addTransactionToDN(50)) - Transaction added: ad4991cb-97ce-4dd6-b117-42e7f6b0816f <- TX(13)
2021-08-10 12:16:26,735 [SCMBlockDeletingService#0] DEBUG block.SCMBlockDeletingService (DatanodeDeletedBlockTransactions.java:addTransactionToDN(50)) - Transaction added: 01235482-5c07-4b37-86e9-3192ec4df84f <- TX(13)
2021-08-10 12:16:26,735 [SCMBlockDeletingService#0] DEBUG block.SCMBlockDeletingService (DatanodeDeletedBlockTransactions.java:addTransactionToDN(50)) - Transaction added: b13dbf35-3f05-4a51-87e4-7670ffffb89b <- TX(13)
2021-08-10 12:16:26,735 [SCMBlockDeletingService#0] DEBUG block.SCMBlockDeletingService (DatanodeDeletedBlockTransactions.java:addTransactionToDN(50)) - Transaction added: b13dbf35-3f05-4a51-87e4-7670ffffb89b <- TX(14)
2021-08-10 12:16:26,735 [SCMBlockDeletingService#0] DEBUG block.SCMBlockDeletingService (DatanodeDeletedBlockTransactions.java:addTransactionToDN(50)) - Transaction added: ad4991cb-97ce-4dd6-b117-42e7f6b0816f <- TX(14)
2021-08-10 12:16:26,735 [SCMBlockDeletingService#0] DEBUG block.SCMBlockDeletingService (DatanodeDeletedBlockTransactions.java:addTransactionToDN(50)) - Transaction added: 01235482-5c07-4b37-86e9-3192ec4df84f <- TX(14)
2021-08-10 12:16:26,735 [SCMBlockDeletingService#0] DEBUG block.SCMBlockDeletingService (DatanodeDeletedBlockTransactions.java:addTransactionToDN(50)) - Transaction added: ad4991cb-97ce-4dd6-b117-42e7f6b0816f <- TX(15)
2021-08-10 12:16:26,735 [SCMBlockDeletingService#0] DEBUG block.SCMBlockDeletingService (DatanodeDeletedBlockTransactions.java:addTransactionToDN(50)) - Transaction added: 01235482-5c07-4b37-86e9-3192ec4df84f <- TX(15)
2021-08-10 12:16:26,735 [SCMBlockDeletingService#0] DEBUG block.SCMBlockDeletingService (DatanodeDeletedBlockTransactions.java:addTransactionToDN(50)) - Transaction added: b13dbf35-3f05-4a51-87e4-7670ffffb89b <- TX(15)
2021-08-10 12:16:26,735 [SCMBlockDeletingService#0] DEBUG block.SCMBlockDeletingService (DatanodeDeletedBlockTransactions.java:addTransactionToDN(50)) - Transaction added: b13dbf35-3f05-4a51-87e4-7670ffffb89b <- TX(16)
2021-08-10 12:16:26,735 [SCMBlockDeletingService#0] DEBUG block.SCMBlockDeletingService (DatanodeDeletedBlockTransactions.java:addTransactionToDN(50)) - Transaction added: ad4991cb-97ce-4dd6-b117-42e7f6b0816f <- TX(16)
2021-08-10 12:16:26,735 [SCMBlockDeletingService#0] DEBUG block.SCMBlockDeletingService (DatanodeDeletedBlockTransactions.java:addTransactionToDN(50)) - Transaction added: 01235482-5c07-4b37-86e9-3192ec4df84f <- TX(16)
2021-08-10 12:16:26,735 [SCMBlockDeletingService#0] DEBUG block.SCMBlockDeletingService (DatanodeDeletedBlockTransactions.java:addTransactionToDN(50)) - Transaction added: 01235482-5c07-4b37-86e9-3192ec4df84f <- TX(17)
2021-08-10 12:16:26,735 [SCMBlockDeletingService#0] DEBUG block.SCMBlockDeletingService (DatanodeDeletedBlockTransactions.java:addTransactionToDN(50)) - Transaction added: b13dbf35-3f05-4a51-87e4-7670ffffb89b <- TX(17)
2021-08-10 12:16:26,735 [SCMBlockDeletingService#0] DEBUG block.SCMBlockDeletingService (DatanodeDeletedBlockTransactions.java:addTransactionToDN(50)) - Transaction added: ad4991cb-97ce-4dd6-b117-42e7f6b0816f <- TX(17)
2021-08-10 12:16:26,735 [SCMBlockDeletingService#0] DEBUG block.SCMBlockDeletingService (DatanodeDeletedBlockTransactions.java:addTransactionToDN(50)) - Transaction added: ad4991cb-97ce-4dd6-b117-42e7f6b0816f <- TX(18)
2021-08-10 12:16:26,735 [SCMBlockDeletingService#0] DEBUG block.SCMBlockDeletingService (DatanodeDeletedBlockTransactions.java:addTransactionToDN(50)) - Transaction added: 01235482-5c07-4b37-86e9-3192ec4df84f <- TX(18)
2021-08-10 12:16:26,735 [SCMBlockDeletingService#0] DEBUG block.SCMBlockDeletingService (DatanodeDeletedBlockTransactions.java:addTransactionToDN(50)) - Transaction added: b13dbf35-3f05-4a51-87e4-7670ffffb89b <- TX(18)
2021-08-10 12:16:26,735 [SCMBlockDeletingService#0] DEBUG block.SCMBlockDeletingService (DatanodeDeletedBlockTransactions.java:addTransactionToDN(50)) - Transaction added: b13dbf35-3f05-4a51-87e4-7670ffffb89b <- TX(19)
2021-08-10 12:16:26,735 [SCMBlockDeletingService#0] DEBUG block.SCMBlockDeletingService (DatanodeDeletedBlockTransactions.java:addTransactionToDN(50)) - Transaction added: ad4991cb-97ce-4dd6-b117-42e7f6b0816f <- TX(19)
2021-08-10 12:16:26,736 [SCMBlockDeletingService#0] DEBUG block.SCMBlockDeletingService (DatanodeDeletedBlockTransactions.java:addTransactionToDN(50)) - Transaction added: 01235482-5c07-4b37-86e9-3192ec4df84f <- TX(19)
2021-08-10 12:16:26,736 [SCMBlockDeletingService#0] DEBUG block.SCMBlockDeletingService (DatanodeDeletedBlockTransactions.java:addTransactionToDN(50)) - Transaction added: ad4991cb-97ce-4dd6-b117-42e7f6b0816f <- TX(20)
2021-08-10 12:16:26,736 [SCMBlockDeletingService#0] DEBUG block.SCMBlockDeletingService (DatanodeDeletedBlockTransactions.java:addTransactionToDN(50)) - Transaction added: 01235482-5c07-4b37-86e9-3192ec4df84f <- TX(20)
2021-08-10 12:16:26,736 [SCMBlockDeletingService#0] DEBUG block.SCMBlockDeletingService (DatanodeDeletedBlockTransactions.java:addTransactionToDN(50)) - Transaction added: b13dbf35-3f05-4a51-87e4-7670ffffb89b <- TX(20)
2021-08-10 12:16:26,736 [SCMBlockDeletingService#0] DEBUG block.SCMBlockDeletingService (DatanodeDeletedBlockTransactions.java:addTransactionToDN(50)) - Transaction added: b13dbf35-3f05-4a51-87e4-7670ffffb89b <- TX(21)
2021-08-10 12:16:26,736 [SCMBlockDeletingService#0] DEBUG block.SCMBlockDeletingService (DatanodeDeletedBlockTransactions.java:addTransactionToDN(50)) - Transaction added: ad4991cb-97ce-4dd6-b117-42e7f6b0816f <- TX(21)
2021-08-10 12:16:26,736 [SCMBlockDeletingService#0] DEBUG block.SCMBlockDeletingService (DatanodeDeletedBlockTransactions.java:addTransactionToDN(50)) - Transaction added: 01235482-5c07-4b37-86e9-3192ec4df84f <- TX(21)
2021-08-10 12:16:26,736 [SCMBlockDeletingService#0] DEBUG block.SCMBlockDeletingService (DatanodeDeletedBlockTransactions.java:addTransactionToDN(50)) - Transaction added: ad4991cb-97ce-4dd6-b117-42e7f6b0816f <- TX(22)
2021-08-10 12:16:26,736 [SCMBlockDeletingService#0] DEBUG block.SCMBlockDeletingService (DatanodeDeletedBlockTransactions.java:addTransactionToDN(50)) - Transaction added: 01235482-5c07-4b37-86e9-3192ec4df84f <- TX(22)
2021-08-10 12:16:26,736 [SCMBlockDeletingService#0] DEBUG block.SCMBlockDeletingService (DatanodeDeletedBlockTransactions.java:addTransactionToDN(50)) - Transaction added: b13dbf35-3f05-4a51-87e4-7670ffffb89b <- TX(22)
2021-08-10 12:16:26,736 [SCMBlockDeletingService#0] DEBUG block.SCMBlockDeletingService (DatanodeDeletedBlockTransactions.java:addTransactionToDN(50)) - Transaction added: b13dbf35-3f05-4a51-87e4-7670ffffb89b <- TX(23)
2021-08-10 12:16:26,736 [SCMBlockDeletingService#0] DEBUG block.SCMBlockDeletingService (DatanodeDeletedBlockTransactions.java:addTransactionToDN(50)) - Transaction added: ad4991cb-97ce-4dd6-b117-42e7f6b0816f <- TX(23)
2021-08-10 12:16:26,736 [SCMBlockDeletingService#0] DEBUG block.SCMBlockDeletingService (DatanodeDeletedBlockTransactions.java:addTransactionToDN(50)) - Transaction added: 01235482-5c07-4b37-86e9-3192ec4df84f <- TX(23)
2021-08-10 12:16:26,736 [SCMBlockDeletingService#0] DEBUG block.SCMBlockDeletingService (DatanodeDeletedBlockTransactions.java:addTransactionToDN(50)) - Transaction added: 01235482-5c07-4b37-86e9-3192ec4df84f <- TX(24)
2021-08-10 12:16:26,736 [SCMBlockDeletingService#0] DEBUG block.SCMBlockDeletingService (DatanodeDeletedBlockTransactions.java:addTransactionToDN(50)) - Transaction added: b13dbf35-3f05-4a51-87e4-7670ffffb89b <- TX(24)
2021-08-10 12:16:26,736 [SCMBlockDeletingService#0] DEBUG block.SCMBlockDeletingService (DatanodeDeletedBlockTransactions.java:addTransactionToDN(50)) - Transaction added: ad4991cb-97ce-4dd6-b117-42e7f6b0816f <- TX(24)
2021-08-10 12:16:26,736 [SCMBlockDeletingService#0] DEBUG block.SCMBlockDeletingService (DatanodeDeletedBlockTransactions.java:addTransactionToDN(50)) - Transaction added: b13dbf35-3f05-4a51-87e4-7670ffffb89b <- TX(25)
2021-08-10 12:16:26,736 [SCMBlockDeletingService#0] DEBUG block.SCMBlockDeletingService (DatanodeDeletedBlockTransactions.java:addTransactionToDN(50)) - Transaction added: ad4991cb-97ce-4dd6-b117-42e7f6b0816f <- TX(25)
2021-08-10 12:16:26,736 [SCMBlockDeletingService#0] DEBUG block.SCMBlockDeletingService (DatanodeDeletedBlockTransactions.java:addTransactionToDN(50)) - Transaction added: 01235482-5c07-4b37-86e9-3192ec4df84f <- TX(25)
2021-08-10 12:16:26,736 [SCMBlockDeletingService#0] DEBUG block.SCMBlockDeletingService (DatanodeDeletedBlockTransactions.java:addTransactionToDN(50)) - Transaction added: 01235482-5c07-4b37-86e9-3192ec4df84f <- TX(26)
2021-08-10 12:16:26,736 [SCMBlockDeletingService#0] DEBUG block.SCMBlockDeletingService (DatanodeDeletedBlockTransactions.java:addTransactionToDN(50)) - Transaction added: b13dbf35-3f05-4a51-87e4-7670ffffb89b <- TX(26)
2021-08-10 12:16:26,736 [SCMBlockDeletingService#0] DEBUG block.SCMBlockDeletingService (DatanodeDeletedBlockTransactions.java:addTransactionToDN(50)) - Transaction added: ad4991cb-97ce-4dd6-b117-42e7f6b0816f <- TX(26)
2021-08-10 12:16:26,736 [SCMBlockDeletingService#0] DEBUG block.SCMBlockDeletingService (DatanodeDeletedBlockTransactions.java:addTransactionToDN(50)) - Transaction added: ad4991cb-97ce-4dd6-b117-42e7f6b0816f <- TX(27)
2021-08-10 12:16:26,736 [SCMBlockDeletingService#0] DEBUG block.SCMBlockDeletingService (DatanodeDeletedBlockTransactions.java:addTransactionToDN(50)) - Transaction added: 01235482-5c07-4b37-86e9-3192ec4df84f <- TX(27)
2021-08-10 12:16:26,736 [SCMBlockDeletingService#0] DEBUG block.SCMBlockDeletingService (DatanodeDeletedBlockTransactions.java:addTransactionToDN(50)) - Transaction added: b13dbf35-3f05-4a51-87e4-7670ffffb89b <- TX(27)
2021-08-10 12:16:26,736 [SCMBlockDeletingService#0] DEBUG block.SCMBlockDeletingService (DatanodeDeletedBlockTransactions.java:addTransactionToDN(50)) - Transaction added: b13dbf35-3f05-4a51-87e4-7670ffffb89b <- TX(28)
2021-08-10 12:16:26,736 [SCMBlockDeletingService#0] DEBUG block.SCMBlockDeletingService (DatanodeDeletedBlockTransactions.java:addTransactionToDN(50)) - Transaction added: ad4991cb-97ce-4dd6-b117-42e7f6b0816f <- TX(28)
2021-08-10 12:16:26,736 [SCMBlockDeletingService#0] DEBUG block.SCMBlockDeletingService (DatanodeDeletedBlockTransactions.java:addTransactionToDN(50)) - Transaction added: 01235482-5c07-4b37-86e9-3192ec4df84f <- TX(28)
2021-08-10 12:16:26,736 [SCMBlockDeletingService#0] DEBUG block.SCMBlockDeletingService (DatanodeDeletedBlockTransactions.java:addTransactionToDN(50)) - Transaction added: ad4991cb-97ce-4dd6-b117-42e7f6b0816f <- TX(29)
2021-08-10 12:16:26,736 [SCMBlockDeletingService#0] DEBUG block.SCMBlockDeletingService (DatanodeDeletedBlockTransactions.java:addTransactionToDN(50)) - Transaction added: 01235482-5c07-4b37-86e9-3192ec4df84f <- TX(29)
2021-08-10 12:16:26,736 [SCMBlockDeletingService#0] DEBUG block.SCMBlockDeletingService (DatanodeDeletedBlockTransactions.java:addTransactionToDN(50)) - Transaction added: b13dbf35-3f05-4a51-87e4-7670ffffb89b <- TX(29)
2021-08-10 12:16:26,736 [SCMBlockDeletingService#0] DEBUG block.SCMBlockDeletingService (DatanodeDeletedBlockTransactions.java:addTransactionToDN(50)) - Transaction added: b13dbf35-3f05-4a51-87e4-7670ffffb89b <- TX(30)
2021-08-10 12:16:26,736 [SCMBlockDeletingService#0] DEBUG block.SCMBlockDeletingService (DatanodeDeletedBlockTransactions.java:addTransactionToDN(50)) - Transaction added: ad4991cb-97ce-4dd6-b117-42e7f6b0816f <- TX(30)
2021-08-10 12:16:26,736 [SCMBlockDeletingService#0] DEBUG block.SCMBlockDeletingService (DatanodeDeletedBlockTransactions.java:addTransactionToDN(50)) - Transaction added: 01235482-5c07-4b37-86e9-3192ec4df84f <- TX(30)
2021-08-10 12:16:26,737 [SCMBlockDeletingService#0] DEBUG block.SCMBlockDeletingService (DatanodeDeletedBlockTransactions.java:addTransactionToDN(50)) - Transaction added: ad4991cb-97ce-4dd6-b117-42e7f6b0816f <- TX(31)
2021-08-10 12:16:26,737 [SCMBlockDeletingService#0] DEBUG block.SCMBlockDeletingService (DatanodeDeletedBlockTransactions.java:addTransactionToDN(50)) - Transaction added: 01235482-5c07-4b37-86e9-3192ec4df84f <- TX(31)
2021-08-10 12:16:26,737 [SCMBlockDeletingService#0] DEBUG block.SCMBlockDeletingService (DatanodeDeletedBlockTransactions.java:addTransactionToDN(50)) - Transaction added: b13dbf35-3f05-4a51-87e4-7670ffffb89b <- TX(31)
2021-08-10 12:16:26,737 [SCMBlockDeletingService#0] DEBUG block.SCMBlockDeletingService (DatanodeDeletedBlockTransactions.java:addTransactionToDN(50)) - Transaction added: b13dbf35-3f05-4a51-87e4-7670ffffb89b <- TX(32)
2021-08-10 12:16:26,737 [SCMBlockDeletingService#0] DEBUG block.SCMBlockDeletingService (DatanodeDeletedBlockTransactions.java:addTransactionToDN(50)) - Transaction added: ad4991cb-97ce-4dd6-b117-42e7f6b0816f <- TX(32)
2021-08-10 12:16:26,737 [SCMBlockDeletingService#0] DEBUG block.SCMBlockDeletingService (DatanodeDeletedBlockTransactions.java:addTransactionToDN(50)) - Transaction added: 01235482-5c07-4b37-86e9-3192ec4df84f <- TX(32)
2021-08-10 12:16:26,737 [SCMBlockDeletingService#0] DEBUG block.SCMBlockDeletingService (DatanodeDeletedBlockTransactions.java:addTransactionToDN(50)) - Transaction added: 01235482-5c07-4b37-86e9-3192ec4df84f <- TX(33)
2021-08-10 12:16:26,737 [SCMBlockDeletingService#0] DEBUG block.SCMBlockDeletingService (DatanodeDeletedBlockTransactions.java:addTransactionToDN(50)) - Transaction added: b13dbf35-3f05-4a51-87e4-7670ffffb89b <- TX(33)
2021-08-10 12:16:26,737 [SCMBlockDeletingService#0] DEBUG block.SCMBlockDeletingService (DatanodeDeletedBlockTransactions.java:addTransactionToDN(50)) - Transaction added: ad4991cb-97ce-4dd6-b117-42e7f6b0816f <- TX(33)
2021-08-10 12:16:26,737 [SCMBlockDeletingService#0] DEBUG block.SCMBlockDeletingService (DatanodeDeletedBlockTransactions.java:addTransactionToDN(50)) - Transaction added: ad4991cb-97ce-4dd6-b117-42e7f6b0816f <- TX(34)
2021-08-10 12:16:26,737 [SCMBlockDeletingService#0] DEBUG block.SCMBlockDeletingService (DatanodeDeletedBlockTransactions.java:addTransactionToDN(50)) - Transaction added: 01235482-5c07-4b37-86e9-3192ec4df84f <- TX(34)
2021-08-10 12:16:26,737 [SCMBlockDeletingService#0] DEBUG block.SCMBlockDeletingService (DatanodeDeletedBlockTransactions.java:addTransactionToDN(50)) - Transaction added: b13dbf35-3f05-4a51-87e4-7670ffffb89b <- TX(34)
2021-08-10 12:16:26,737 [SCMBlockDeletingService#0] DEBUG block.SCMBlockDeletingService (DatanodeDeletedBlockTransactions.java:addTransactionToDN(50)) - Transaction added: b13dbf35-3f05-4a51-87e4-7670ffffb89b <- TX(35)
2021-08-10 12:16:26,737 [SCMBlockDeletingService#0] DEBUG block.SCMBlockDeletingService (DatanodeDeletedBlockTransactions.java:addTransactionToDN(50)) - Transaction added: ad4991cb-97ce-4dd6-b117-42e7f6b0816f <- TX(35)
2021-08-10 12:16:26,737 [SCMBlockDeletingService#0] DEBUG block.SCMBlockDeletingService (DatanodeDeletedBlockTransactions.java:addTransactionToDN(50)) - Transaction added: 01235482-5c07-4b37-86e9-3192ec4df84f <- TX(35)
2021-08-10 12:16:26,737 [SCMBlockDeletingService#0] DEBUG block.SCMBlockDeletingService (DatanodeDeletedBlockTransactions.java:addTransactionToDN(50)) - Transaction added: ad4991cb-97ce-4dd6-b117-42e7f6b0816f <- TX(36)
2021-08-10 12:16:26,737 [SCMBlockDeletingService#0] DEBUG block.SCMBlockDeletingService (DatanodeDeletedBlockTransactions.java:addTransactionToDN(50)) - Transaction added: 01235482-5c07-4b37-86e9-3192ec4df84f <- TX(36)
2021-08-10 12:16:26,737 [SCMBlockDeletingService#0] DEBUG block.SCMBlockDeletingService (DatanodeDeletedBlockTransactions.java:addTransactionToDN(50)) - Transaction added: b13dbf35-3f05-4a51-87e4-7670ffffb89b <- TX(36)
2021-08-10 12:16:26,737 [SCMBlockDeletingService#0] DEBUG block.SCMBlockDeletingService (DatanodeDeletedBlockTransactions.java:addTransactionToDN(50)) - Transaction added: b13dbf35-3f05-4a51-87e4-7670ffffb89b <- TX(37)
2021-08-10 12:16:26,737 [SCMBlockDeletingService#0] DEBUG block.SCMBlockDeletingService (DatanodeDeletedBlockTransactions.java:addTransactionToDN(50)) - Transaction added: ad4991cb-97ce-4dd6-b117-42e7f6b0816f <- TX(37)
2021-08-10 12:16:26,737 [SCMBlockDeletingService#0] DEBUG block.SCMBlockDeletingService (DatanodeDeletedBlockTransactions.java:addTransactionToDN(50)) - Transaction added: 01235482-5c07-4b37-86e9-3192ec4df84f <- TX(37)
2021-08-10 12:16:26,737 [SCMBlockDeletingService#0] DEBUG block.SCMBlockDeletingService (DatanodeDeletedBlockTransactions.java:addTransactionToDN(50)) - Transaction added: ad4991cb-97ce-4dd6-b117-42e7f6b0816f <- TX(38)
2021-08-10 12:16:26,737 [SCMBlockDeletingService#0] DEBUG block.SCMBlockDeletingService (DatanodeDeletedBlockTransactions.java:addTransactionToDN(50)) - Transaction added: 01235482-5c07-4b37-86e9-3192ec4df84f <- TX(38)
2021-08-10 12:16:26,737 [SCMBlockDeletingService#0] DEBUG block.SCMBlockDeletingService (DatanodeDeletedBlockTransactions.java:addTransactionToDN(50)) - Transaction added: b13dbf35-3f05-4a51-87e4-7670ffffb89b <- TX(38)
2021-08-10 12:16:26,737 [SCMBlockDeletingService#0] DEBUG block.SCMBlockDeletingService (DatanodeDeletedBlockTransactions.java:addTransactionToDN(50)) - Transaction added: b13dbf35-3f05-4a51-87e4-7670ffffb89b <- TX(39)
2021-08-10 12:16:26,737 [SCMBlockDeletingService#0] DEBUG block.SCMBlockDeletingService (DatanodeDeletedBlockTransactions.java:addTransactionToDN(50)) - Transaction added: ad4991cb-97ce-4dd6-b117-42e7f6b0816f <- TX(39)
2021-08-10 12:16:26,737 [SCMBlockDeletingService#0] DEBUG block.SCMBlockDeletingService (DatanodeDeletedBlockTransactions.java:addTransactionToDN(50)) - Transaction added: 01235482-5c07-4b37-86e9-3192ec4df84f <- TX(39)
2021-08-10 12:16:26,737 [SCMBlockDeletingService#0] DEBUG block.SCMBlockDeletingService (DatanodeDeletedBlockTransactions.java:addTransactionToDN(50)) - Transaction added: 01235482-5c07-4b37-86e9-3192ec4df84f <- TX(40)
2021-08-10 12:16:26,737 [SCMBlockDeletingService#0] DEBUG block.SCMBlockDeletingService (DatanodeDeletedBlockTransactions.java:addTransactionToDN(50)) - Transaction added: b13dbf35-3f05-4a51-87e4-7670ffffb89b <- TX(40)
2021-08-10 12:16:26,737 [SCMBlockDeletingService#0] DEBUG block.SCMBlockDeletingService (DatanodeDeletedBlockTransactions.java:addTransactionToDN(50)) - Transaction added: ad4991cb-97ce-4dd6-b117-42e7f6b0816f <- TX(40)
2021-08-10 12:16:26,737 [SCMBlockDeletingService#0] DEBUG block.SCMBlockDeletingService (DatanodeDeletedBlockTransactions.java:addTransactionToDN(50)) - Transaction added: b13dbf35-3f05-4a51-87e4-7670ffffb89b <- TX(41)
2021-08-10 12:16:26,737 [SCMBlockDeletingService#0] DEBUG block.SCMBlockDeletingService (DatanodeDeletedBlockTransactions.java:addTransactionToDN(50)) - Transaction added: ad4991cb-97ce-4dd6-b117-42e7f6b0816f <- TX(41)
2021-08-10 12:16:26,737 [SCMBlockDeletingService#0] DEBUG block.SCMBlockDeletingService (DatanodeDeletedBlockTransactions.java:addTransactionToDN(50)) - Transaction added: 01235482-5c07-4b37-86e9-3192ec4df84f <- TX(41)
2021-08-10 12:16:26,737 [SCMBlockDeletingService#0] DEBUG block.SCMBlockDeletingService (DatanodeDeletedBlockTransactions.java:addTransactionToDN(50)) - Transaction added: 01235482-5c07-4b37-86e9-3192ec4df84f <- TX(42)
2021-08-10 12:16:26,737 [SCMBlockDeletingService#0] DEBUG block.SCMBlockDeletingService (DatanodeDeletedBlockTransactions.java:addTransactionToDN(50)) - Transaction added: b13dbf35-3f05-4a51-87e4-7670ffffb89b <- TX(42)
2021-08-10 12:16:26,738 [SCMBlockDeletingService#0] DEBUG block.SCMBlockDeletingService (DatanodeDeletedBlockTransactions.java:addTransactionToDN(50)) - Transaction added: ad4991cb-97ce-4dd6-b117-42e7f6b0816f <- TX(42)
2021-08-10 12:16:26,738 [SCMBlockDeletingService#0] DEBUG block.SCMBlockDeletingService (DatanodeDeletedBlockTransactions.java:addTransactionToDN(50)) - Transaction added: ad4991cb-97ce-4dd6-b117-42e7f6b0816f <- TX(43)
2021-08-10 12:16:26,738 [SCMBlockDeletingService#0] DEBUG block.SCMBlockDeletingService (DatanodeDeletedBlockTransactions.java:addTransactionToDN(50)) - Transaction added: 01235482-5c07-4b37-86e9-3192ec4df84f <- TX(43)
2021-08-10 12:16:26,738 [SCMBlockDeletingService#0] DEBUG block.SCMBlockDeletingService (DatanodeDeletedBlockTransactions.java:addTransactionToDN(50)) - Transaction added: b13dbf35-3f05-4a51-87e4-7670ffffb89b <- TX(43)
2021-08-10 12:16:26,738 [SCMBlockDeletingService#0] DEBUG block.SCMBlockDeletingService (DatanodeDeletedBlockTransactions.java:addTransactionToDN(50)) - Transaction added: b13dbf35-3f05-4a51-87e4-7670ffffb89b <- TX(44)
2021-08-10 12:16:26,738 [SCMBlockDeletingService#0] DEBUG block.SCMBlockDeletingService (DatanodeDeletedBlockTransactions.java:addTransactionToDN(50)) - Transaction added: ad4991cb-97ce-4dd6-b117-42e7f6b0816f <- TX(44)
2021-08-10 12:16:26,738 [SCMBlockDeletingService#0] DEBUG block.SCMBlockDeletingService (DatanodeDeletedBlockTransactions.java:addTransactionToDN(50)) - Transaction added: 01235482-5c07-4b37-86e9-3192ec4df84f <- TX(44)
2021-08-10 12:16:26,738 [SCMBlockDeletingService#0] DEBUG block.SCMBlockDeletingService (DatanodeDeletedBlockTransactions.java:addTransactionToDN(50)) - Transaction added: ad4991cb-97ce-4dd6-b117-42e7f6b0816f <- TX(45)
2021-08-10 12:16:26,738 [SCMBlockDeletingService#0] DEBUG block.SCMBlockDeletingService (DatanodeDeletedBlockTransactions.java:addTransactionToDN(50)) - Transaction added: 01235482-5c07-4b37-86e9-3192ec4df84f <- TX(45)
2021-08-10 12:16:26,738 [SCMBlockDeletingService#0] DEBUG block.SCMBlockDeletingService (DatanodeDeletedBlockTransactions.java:addTransactionToDN(50)) - Transaction added: b13dbf35-3f05-4a51-87e4-7670ffffb89b <- TX(45)
2021-08-10 12:16:26,738 [SCMBlockDeletingService#0] DEBUG block.SCMBlockDeletingService (DatanodeDeletedBlockTransactions.java:addTransactionToDN(50)) - Transaction added: b13dbf35-3f05-4a51-87e4-7670ffffb89b <- TX(46)
2021-08-10 12:16:26,738 [SCMBlockDeletingService#0] DEBUG block.SCMBlockDeletingService (DatanodeDeletedBlockTransactions.java:addTransactionToDN(50)) - Transaction added: ad4991cb-97ce-4dd6-b117-42e7f6b0816f <- TX(46)
2021-08-10 12:16:26,738 [SCMBlockDeletingService#0] DEBUG block.SCMBlockDeletingService (DatanodeDeletedBlockTransactions.java:addTransactionToDN(50)) - Transaction added: 01235482-5c07-4b37-86e9-3192ec4df84f <- TX(46)
2021-08-10 12:16:26,738 [SCMBlockDeletingService#0] DEBUG block.SCMBlockDeletingService (DatanodeDeletedBlockTransactions.java:addTransactionToDN(50)) - Transaction added: ad4991cb-97ce-4dd6-b117-42e7f6b0816f <- TX(47)
2021-08-10 12:16:26,738 [SCMBlockDeletingService#0] DEBUG block.SCMBlockDeletingService (DatanodeDeletedBlockTransactions.java:addTransactionToDN(50)) - Transaction added: 01235482-5c07-4b37-86e9-3192ec4df84f <- TX(47)
2021-08-10 12:16:26,738 [SCMBlockDeletingService#0] DEBUG block.SCMBlockDeletingService (DatanodeDeletedBlockTransactions.java:addTransactionToDN(50)) - Transaction added: b13dbf35-3f05-4a51-87e4-7670ffffb89b <- TX(47)
2021-08-10 12:16:26,738 [SCMBlockDeletingService#0] DEBUG block.SCMBlockDeletingService (DatanodeDeletedBlockTransactions.java:addTransactionToDN(50)) - Transaction added: b13dbf35-3f05-4a51-87e4-7670ffffb89b <- TX(48)
2021-08-10 12:16:26,738 [SCMBlockDeletingService#0] DEBUG block.SCMBlockDeletingService (DatanodeDeletedBlockTransactions.java:addTransactionToDN(50)) - Transaction added: ad4991cb-97ce-4dd6-b117-42e7f6b0816f <- TX(48)
2021-08-10 12:16:26,738 [SCMBlockDeletingService#0] DEBUG block.SCMBlockDeletingService (DatanodeDeletedBlockTransactions.java:addTransactionToDN(50)) - Transaction added: 01235482-5c07-4b37-86e9-3192ec4df84f <- TX(48)
2021-08-10 12:16:26,738 [SCMBlockDeletingService#0] DEBUG block.SCMBlockDeletingService (DatanodeDeletedBlockTransactions.java:addTransactionToDN(50)) - Transaction added: 01235482-5c07-4b37-86e9-3192ec4df84f <- TX(49)
2021-08-10 12:16:26,738 [SCMBlockDeletingService#0] DEBUG block.SCMBlockDeletingService (DatanodeDeletedBlockTransactions.java:addTransactionToDN(50)) - Transaction added: b13dbf35-3f05-4a51-87e4-7670ffffb89b <- TX(49)
2021-08-10 12:16:26,738 [SCMBlockDeletingService#0] DEBUG block.SCMBlockDeletingService (DatanodeDeletedBlockTransactions.java:addTransactionToDN(50)) - Transaction added: ad4991cb-97ce-4dd6-b117-42e7f6b0816f <- TX(49)
2021-08-10 12:16:26,738 [SCMBlockDeletingService#0] DEBUG block.SCMBlockDeletingService (DatanodeDeletedBlockTransactions.java:addTransactionToDN(50)) - Transaction added: ad4991cb-97ce-4dd6-b117-42e7f6b0816f <- TX(50)
2021-08-10 12:16:26,738 [SCMBlockDeletingService#0] DEBUG block.SCMBlockDeletingService (DatanodeDeletedBlockTransactions.java:addTransactionToDN(50)) - Transaction added: 01235482-5c07-4b37-86e9-3192ec4df84f <- TX(50)
2021-08-10 12:16:26,738 [SCMBlockDeletingService#0] DEBUG block.SCMBlockDeletingService (DatanodeDeletedBlockTransactions.java:addTransactionToDN(50)) - Transaction added: b13dbf35-3f05-4a51-87e4-7670ffffb89b <- TX(50)
2021-08-10 12:16:26,738 [SCMBlockDeletingService#0] DEBUG block.SCMBlockDeletingService (DatanodeDeletedBlockTransactions.java:addTransactionToDN(50)) - Transaction added: b13dbf35-3f05-4a51-87e4-7670ffffb89b <- TX(51)
2021-08-10 12:16:26,738 [SCMBlockDeletingService#0] DEBUG block.SCMBlockDeletingService (DatanodeDeletedBlockTransactions.java:addTransactionToDN(50)) - Transaction added: ad4991cb-97ce-4dd6-b117-42e7f6b0816f <- TX(51)
2021-08-10 12:16:26,738 [SCMBlockDeletingService#0] DEBUG block.SCMBlockDeletingService (DatanodeDeletedBlockTransactions.java:addTransactionToDN(50)) - Transaction added: 01235482-5c07-4b37-86e9-3192ec4df84f <- TX(51)
2021-08-10 12:16:26,738 [SCMBlockDeletingService#0] DEBUG block.SCMBlockDeletingService (DatanodeDeletedBlockTransactions.java:addTransactionToDN(50)) - Transaction added: ad4991cb-97ce-4dd6-b117-42e7f6b0816f <- TX(52)
2021-08-10 12:16:26,738 [SCMBlockDeletingService#0] DEBUG block.SCMBlockDeletingService (DatanodeDeletedBlockTransactions.java:addTransactionToDN(50)) - Transaction added: 01235482-5c07-4b37-86e9-3192ec4df84f <- TX(52)
2021-08-10 12:16:26,738 [SCMBlockDeletingService#0] DEBUG block.SCMBlockDeletingService (DatanodeDeletedBlockTransactions.java:addTransactionToDN(50)) - Transaction added: b13dbf35-3f05-4a51-87e4-7670ffffb89b <- TX(52)
2021-08-10 12:16:26,738 [SCMBlockDeletingService#0] DEBUG block.SCMBlockDeletingService (DatanodeDeletedBlockTransactions.java:addTransactionToDN(50)) - Transaction added: b13dbf35-3f05-4a51-87e4-7670ffffb89b <- TX(53)
2021-08-10 12:16:26,739 [SCMBlockDeletingService#0] DEBUG block.SCMBlockDeletingService (DatanodeDeletedBlockTransactions.java:addTransactionToDN(50)) - Transaction added: ad4991cb-97ce-4dd6-b117-42e7f6b0816f <- TX(53)
2021-08-10 12:16:26,739 [SCMBlockDeletingService#0] DEBUG block.SCMBlockDeletingService (DatanodeDeletedBlockTransactions.java:addTransactionToDN(50)) - Transaction added: 01235482-5c07-4b37-86e9-3192ec4df84f <- TX(53)
2021-08-10 12:16:26,739 [SCMBlockDeletingService#0] DEBUG block.SCMBlockDeletingService (DatanodeDeletedBlockTransactions.java:addTransactionToDN(50)) - Transaction added: ad4991cb-97ce-4dd6-b117-42e7f6b0816f <- TX(54)
2021-08-10 12:16:26,739 [SCMBlockDeletingService#0] DEBUG block.SCMBlockDeletingService (DatanodeDeletedBlockTransactions.java:addTransactionToDN(50)) - Transaction added: 01235482-5c07-4b37-86e9-3192ec4df84f <- TX(54)
2021-08-10 12:16:26,739 [SCMBlockDeletingService#0] DEBUG block.SCMBlockDeletingService (DatanodeDeletedBlockTransactions.java:addTransactionToDN(50)) - Transaction added: b13dbf35-3f05-4a51-87e4-7670ffffb89b <- TX(54)
2021-08-10 12:16:26,739 [SCMBlockDeletingService#0] DEBUG block.SCMBlockDeletingService (DatanodeDeletedBlockTransactions.java:addTransactionToDN(50)) - Transaction added: b13dbf35-3f05-4a51-87e4-7670ffffb89b <- TX(55)
2021-08-10 12:16:26,739 [SCMBlockDeletingService#0] DEBUG block.SCMBlockDeletingService (DatanodeDeletedBlockTransactions.java:addTransactionToDN(50)) - Transaction added: ad4991cb-97ce-4dd6-b117-42e7f6b0816f <- TX(55)
2021-08-10 12:16:26,739 [SCMBlockDeletingService#0] DEBUG block.SCMBlockDeletingService (DatanodeDeletedBlockTransactions.java:addTransactionToDN(50)) - Transaction added: 01235482-5c07-4b37-86e9-3192ec4df84f <- TX(55)
2021-08-10 12:16:26,739 [SCMBlockDeletingService#0] DEBUG block.SCMBlockDeletingService (DatanodeDeletedBlockTransactions.java:addTransactionToDN(50)) - Transaction added: 01235482-5c07-4b37-86e9-3192ec4df84f <- TX(56)
2021-08-10 12:16:26,739 [SCMBlockDeletingService#0] DEBUG block.SCMBlockDeletingService (DatanodeDeletedBlockTransactions.java:addTransactionToDN(50)) - Transaction added: b13dbf35-3f05-4a51-87e4-7670ffffb89b <- TX(56)
2021-08-10 12:16:26,739 [SCMBlockDeletingService#0] DEBUG block.SCMBlockDeletingService (DatanodeDeletedBlockTransactions.java:addTransactionToDN(50)) - Transaction added: ad4991cb-97ce-4dd6-b117-42e7f6b0816f <- TX(56)
2021-08-10 12:16:26,739 [SCMBlockDeletingService#0] DEBUG block.SCMBlockDeletingService (SCMBlockDeletingService.java:call(164)) - Added delete block command for datanode ad4991cb-97ce-4dd6-b117-42e7f6b0816f in the queue, number of delete block transactions: 47
2021-08-10 12:16:26,739 [SCMBlockDeletingService#0] DEBUG block.SCMBlockDeletingService (SCMBlockDeletingService.java:call(164)) - Added delete block command for datanode 01235482-5c07-4b37-86e9-3192ec4df84f in the queue, number of delete block transactions: 56
2021-08-10 12:16:26,740 [SCMBlockDeletingService#0] DEBUG block.SCMBlockDeletingService (SCMBlockDeletingService.java:call(164)) - Added delete block command for datanode b13dbf35-3f05-4a51-87e4-7670ffffb89b in the queue, number of delete block transactions: 56
2021-08-10 12:16:26,740 [SCMBlockDeletingService#0] INFO  block.SCMBlockDeletingService (SCMBlockDeletingService.java:call(174)) - Totally added 159 blocks to be deleted for 3 datanodes, task elapsed time: 7ms
2021-08-10 12:16:26,777 [EventQueue-DeleteBlockStatusForDeletedBlockLogImpl] DEBUG block.DeletedBlockLogImpl (DeletedBlockLogImpl.java:isTransactionFailed(278)) - Got block deletion ACK from datanode, TXIDs=1, success=true
2021-08-10 12:16:26,777 [EventQueue-DeleteBlockStatusForDeletedBlockLogImpl] DEBUG block.DeletedBlockLogImpl (DeletedBlockLogImpl.java:commitTransactions(256)) - Datanode txId=1 containerId=#1 committed by dnId=b13dbf35-3f05-4a51-87e4-7670ffffb89b
2021-08-10 12:16:26,777 [EventQueue-DeleteBlockStatusForDeletedBlockLogImpl] DEBUG block.DeletedBlockLogImpl (DeletedBlockLogImpl.java:isTransactionFailed(278)) - Got block deletion ACK from datanode, TXIDs=2, success=true
2021-08-10 12:16:26,777 [EventQueue-DeleteBlockStatusForDeletedBlockLogImpl] DEBUG block.DeletedBlockLogImpl (DeletedBlockLogImpl.java:commitTransactions(256)) - Datanode txId=2 containerId=#2 committed by dnId=b13dbf35-3f05-4a51-87e4-7670ffffb89b
2021-08-10 12:16:26,777 [EventQueue-DeleteBlockStatusForDeletedBlockLogImpl] DEBUG block.DeletedBlockLogImpl (DeletedBlockLogImpl.java:isTransactionFailed(278)) - Got block deletion ACK from datanode, TXIDs=3, success=true
2021-08-10 12:16:26,777 [EventQueue-DeleteBlockStatusForDeletedBlockLogImpl] DEBUG block.DeletedBlockLogImpl (DeletedBlockLogImpl.java:commitTransactions(256)) - Datanode txId=3 containerId=#3 committed by dnId=b13dbf35-3f05-4a51-87e4-7670ffffb89b
2021-08-10 12:16:26,777 [EventQueue-DeleteBlockStatusForDeletedBlockLogImpl] DEBUG block.DeletedBlockLogImpl (DeletedBlockLogImpl.java:isTransactionFailed(278)) - Got block deletion ACK from datanode, TXIDs=4, success=true
2021-08-10 12:16:26,777 [EventQueue-DeleteBlockStatusForDeletedBlockLogImpl] DEBUG block.DeletedBlockLogImpl (DeletedBlockLogImpl.java:commitTransactions(256)) - Datanode txId=4 containerId=#4 committed by dnId=b13dbf35-3f05-4a51-87e4-7670ffffb89b
2021-08-10 12:16:26,777 [EventQueue-DeleteBlockStatusForDeletedBlockLogImpl] DEBUG block.DeletedBlockLogImpl (DeletedBlockLogImpl.java:isTransactionFailed(278)) - Got block deletion ACK from datanode, TXIDs=5, success=true
2021-08-10 12:16:26,777 [EventQueue-DeleteBlockStatusForDeletedBlockLogImpl] DEBUG block.DeletedBlockLogImpl (DeletedBlockLogImpl.java:commitTransactions(256)) - Datanode txId=5 containerId=#5 committed by dnId=b13dbf35-3f05-4a51-87e4-7670ffffb89b
2021-08-10 12:16:26,777 [EventQueue-DeleteBlockStatusForDeletedBlockLogImpl] DEBUG block.DeletedBlockLogImpl (DeletedBlockLogImpl.java:isTransactionFailed(278)) - Got block deletion ACK from datanode, TXIDs=6, success=true
2021-08-10 12:16:26,777 [EventQueue-DeleteBlockStatusForDeletedBlockLogImpl] DEBUG block.DeletedBlockLogImpl (DeletedBlockLogImpl.java:commitTransactions(256)) - Datanode txId=6 containerId=#6 committed by dnId=b13dbf35-3f05-4a51-87e4-7670ffffb89b
2021-08-10 12:16:26,777 [EventQueue-DeleteBlockStatusForDeletedBlockLogImpl] DEBUG block.DeletedBlockLogImpl (DeletedBlockLogImpl.java:isTransactionFailed(278)) - Got block deletion ACK from datanode, TXIDs=7, success=true
2021-08-10 12:16:26,777 [EventQueue-DeleteBlockStatusForDeletedBlockLogImpl] DEBUG block.DeletedBlockLogImpl (DeletedBlockLogImpl.java:commitTransactions(256)) - Datanode txId=7 containerId=#7 committed by dnId=b13dbf35-3f05-4a51-87e4-7670ffffb89b
2021-08-10 12:16:26,777 [EventQueue-DeleteBlockStatusForDeletedBlockLogImpl] DEBUG block.DeletedBlockLogImpl (DeletedBlockLogImpl.java:isTransactionFailed(278)) - Got block deletion ACK from datanode, TXIDs=8, success=true
2021-08-10 12:16:26,777 [EventQueue-DeleteBlockStatusForDeletedBlockLogImpl] DEBUG block.DeletedBlockLogImpl (DeletedBlockLogImpl.java:commitTransactions(256)) - Datanode txId=8 containerId=#8 committed by dnId=b13dbf35-3f05-4a51-87e4-7670ffffb89b
2021-08-10 12:16:26,777 [EventQueue-DeleteBlockStatusForDeletedBlockLogImpl] DEBUG block.DeletedBlockLogImpl (DeletedBlockLogImpl.java:isTransactionFailed(278)) - Got block deletion ACK from datanode, TXIDs=9, success=true
2021-08-10 12:16:26,777 [EventQueue-DeleteBlockStatusForDeletedBlockLogImpl] DEBUG block.DeletedBlockLogImpl (DeletedBlockLogImpl.java:commitTransactions(256)) - Datanode txId=9 containerId=#9 committed by dnId=b13dbf35-3f05-4a51-87e4-7670ffffb89b
2021-08-10 12:16:26,777 [EventQueue-DeleteBlockStatusForDeletedBlockLogImpl] DEBUG block.DeletedBlockLogImpl (DeletedBlockLogImpl.java:isTransactionFailed(278)) - Got block deletion ACK from datanode, TXIDs=10, success=true
2021-08-10 12:16:26,777 [EventQueue-DeleteBlockStatusForDeletedBlockLogImpl] DEBUG block.DeletedBlockLogImpl (DeletedBlockLogImpl.java:commitTransactions(256)) - Datanode txId=10 containerId=#10 committed by dnId=b13dbf35-3f05-4a51-87e4-7670ffffb89b
2021-08-10 12:16:26,777 [EventQueue-DeleteBlockStatusForDeletedBlockLogImpl] DEBUG block.DeletedBlockLogImpl (DeletedBlockLogImpl.java:isTransactionFailed(278)) - Got block deletion ACK from datanode, TXIDs=11, success=true
2021-08-10 12:16:26,777 [EventQueue-DeleteBlockStatusForDeletedBlockLogImpl] DEBUG block.DeletedBlockLogImpl (DeletedBlockLogImpl.java:commitTransactions(256)) - Datanode txId=11 containerId=#11 committed by dnId=b13dbf35-3f05-4a51-87e4-7670ffffb89b
2021-08-10 12:16:26,777 [EventQueue-DeleteBlockStatusForDeletedBlockLogImpl] DEBUG block.DeletedBlockLogImpl (DeletedBlockLogImpl.java:isTransactionFailed(278)) - Got block deletion ACK from datanode, TXIDs=12, success=true
2021-08-10 12:16:26,777 [EventQueue-DeleteBlockStatusForDeletedBlockLogImpl] DEBUG block.DeletedBlockLogImpl (DeletedBlockLogImpl.java:commitTransactions(256)) - Datanode txId=12 containerId=#12 committed by dnId=b13dbf35-3f05-4a51-87e4-7670ffffb89b
2021-08-10 12:16:26,777 [EventQueue-DeleteBlockStatusForDeletedBlockLogImpl] DEBUG block.DeletedBlockLogImpl (DeletedBlockLogImpl.java:isTransactionFailed(278)) - Got block deletion ACK from datanode, TXIDs=13, success=true
2021-08-10 12:16:26,777 [EventQueue-DeleteBlockStatusForDeletedBlockLogImpl] DEBUG block.DeletedBlockLogImpl (DeletedBlockLogImpl.java:commitTransactions(256)) - Datanode txId=13 containerId=#13 committed by dnId=b13dbf35-3f05-4a51-87e4-7670ffffb89b
2021-08-10 12:16:26,777 [EventQueue-DeleteBlockStatusForDeletedBlockLogImpl] DEBUG block.DeletedBlockLogImpl (DeletedBlockLogImpl.java:isTransactionFailed(278)) - Got block deletion ACK from datanode, TXIDs=14, success=true
2021-08-10 12:16:26,777 [EventQueue-DeleteBlockStatusForDeletedBlockLogImpl] DEBUG block.DeletedBlockLogImpl (DeletedBlockLogImpl.java:commitTransactions(256)) - Datanode txId=14 containerId=#14 committed by dnId=b13dbf35-3f05-4a51-87e4-7670ffffb89b
2021-08-10 12:16:26,777 [EventQueue-DeleteBlockStatusForDeletedBlockLogImpl] DEBUG block.DeletedBlockLogImpl (DeletedBlockLogImpl.java:isTransactionFailed(278)) - Got block deletion ACK from datanode, TXIDs=15, success=true
2021-08-10 12:16:26,777 [EventQueue-DeleteBlockStatusForDeletedBlockLogImpl] DEBUG block.DeletedBlockLogImpl (DeletedBlockLogImpl.java:commitTransactions(256)) - Datanode txId=15 containerId=#15 committed by dnId=b13dbf35-3f05-4a51-87e4-7670ffffb89b
2021-08-10 12:16:26,777 [EventQueue-DeleteBlockStatusForDeletedBlockLogImpl] DEBUG block.DeletedBlockLogImpl (DeletedBlockLogImpl.java:isTransactionFailed(278)) - Got block deletion ACK from datanode, TXIDs=16, success=true
2021-08-10 12:16:26,777 [EventQueue-DeleteBlockStatusForDeletedBlockLogImpl] DEBUG block.DeletedBlockLogImpl (DeletedBlockLogImpl.java:commitTransactions(256)) - Datanode txId=16 containerId=#16 committed by dnId=b13dbf35-3f05-4a51-87e4-7670ffffb89b
2021-08-10 12:16:26,777 [EventQueue-DeleteBlockStatusForDeletedBlockLogImpl] DEBUG block.DeletedBlockLogImpl (DeletedBlockLogImpl.java:isTransactionFailed(278)) - Got block deletion ACK from datanode, TXIDs=17, success=true
2021-08-10 12:16:26,777 [EventQueue-DeleteBlockStatusForDeletedBlockLogImpl] DEBUG block.DeletedBlockLogImpl (DeletedBlockLogImpl.java:commitTransactions(256)) - Datanode txId=17 containerId=#17 committed by dnId=b13dbf35-3f05-4a51-87e4-7670ffffb89b
2021-08-10 12:16:26,778 [EventQueue-DeleteBlockStatusForDeletedBlockLogImpl] DEBUG block.DeletedBlockLogImpl (DeletedBlockLogImpl.java:isTransactionFailed(278)) - Got block deletion ACK from datanode, TXIDs=18, success=true
2021-08-10 12:16:26,778 [EventQueue-DeleteBlockStatusForDeletedBlockLogImpl] DEBUG block.DeletedBlockLogImpl (DeletedBlockLogImpl.java:commitTransactions(256)) - Datanode txId=18 containerId=#18 committed by dnId=b13dbf35-3f05-4a51-87e4-7670ffffb89b
2021-08-10 12:16:26,778 [EventQueue-DeleteBlockStatusForDeletedBlockLogImpl] DEBUG block.DeletedBlockLogImpl (DeletedBlockLogImpl.java:isTransactionFailed(278)) - Got block deletion ACK from datanode, TXIDs=19, success=true
2021-08-10 12:16:26,778 [EventQueue-DeleteBlockStatusForDeletedBlockLogImpl] DEBUG block.DeletedBlockLogImpl (DeletedBlockLogImpl.java:commitTransactions(256)) - Datanode txId=19 containerId=#19 committed by dnId=b13dbf35-3f05-4a51-87e4-7670ffffb89b
2021-08-10 12:16:26,778 [EventQueue-DeleteBlockStatusForDeletedBlockLogImpl] DEBUG block.DeletedBlockLogImpl (DeletedBlockLogImpl.java:isTransactionFailed(278)) - Got block deletion ACK from datanode, TXIDs=20, success=true
2021-08-10 12:16:26,778 [EventQueue-DeleteBlockStatusForDeletedBlockLogImpl] DEBUG block.DeletedBlockLogImpl (DeletedBlockLogImpl.java:commitTransactions(256)) - Datanode txId=20 containerId=#20 committed by dnId=b13dbf35-3f05-4a51-87e4-7670ffffb89b
2021-08-10 12:16:26,778 [EventQueue-DeleteBlockStatusForDeletedBlockLogImpl] DEBUG block.DeletedBlockLogImpl (DeletedBlockLogImpl.java:isTransactionFailed(278)) - Got block deletion ACK from datanode, TXIDs=21, success=true
2021-08-10 12:16:26,778 [EventQueue-DeleteBlockStatusForDeletedBlockLogImpl] DEBUG block.DeletedBlockLogImpl (DeletedBlockLogImpl.java:commitTransactions(256)) - Datanode txId=21 containerId=#21 committed by dnId=b13dbf35-3f05-4a51-87e4-7670ffffb89b
2021-08-10 12:16:26,778 [EventQueue-DeleteBlockStatusForDeletedBlockLogImpl] DEBUG block.DeletedBlockLogImpl (DeletedBlockLogImpl.java:isTransactionFailed(278)) - Got block deletion ACK from datanode, TXIDs=22, success=true
2021-08-10 12:16:26,778 [EventQueue-DeleteBlockStatusForDeletedBlockLogImpl] DEBUG block.DeletedBlockLogImpl (DeletedBlockLogImpl.java:commitTransactions(256)) - Datanode txId=22 containerId=#22 committed by dnId=b13dbf35-3f05-4a51-87e4-7670ffffb89b
2021-08-10 12:16:26,778 [EventQueue-DeleteBlockStatusForDeletedBlockLogImpl] DEBUG block.DeletedBlockLogImpl (DeletedBlockLogImpl.java:isTransactionFailed(278)) - Got block deletion ACK from datanode, TXIDs=23, success=true
2021-08-10 12:16:26,778 [EventQueue-DeleteBlockStatusForDeletedBlockLogImpl] DEBUG block.DeletedBlockLogImpl (DeletedBlockLogImpl.java:commitTransactions(256)) - Datanode txId=23 containerId=#23 committed by dnId=b13dbf35-3f05-4a51-87e4-7670ffffb89b
2021-08-10 12:16:26,778 [EventQueue-DeleteBlockStatusForDeletedBlockLogImpl] DEBUG block.DeletedBlockLogImpl (DeletedBlockLogImpl.java:isTransactionFailed(278)) - Got block deletion ACK from datanode, TXIDs=24, success=true
2021-08-10 12:16:26,778 [EventQueue-DeleteBlockStatusForDeletedBlockLogImpl] DEBUG block.DeletedBlockLogImpl (DeletedBlockLogImpl.java:commitTransactions(256)) - Datanode txId=24 containerId=#24 committed by dnId=b13dbf35-3f05-4a51-87e4-7670ffffb89b
2021-08-10 12:16:26,778 [EventQueue-DeleteBlockStatusForDeletedBlockLogImpl] DEBUG block.DeletedBlockLogImpl (DeletedBlockLogImpl.java:isTransactionFailed(278)) - Got block deletion ACK from datanode, TXIDs=25, success=true
2021-08-10 12:16:26,778 [EventQueue-DeleteBlockStatusForDeletedBlockLogImpl] DEBUG block.DeletedBlockLogImpl (DeletedBlockLogImpl.java:commitTransactions(256)) - Datanode txId=25 containerId=#25 committed by dnId=b13dbf35-3f05-4a51-87e4-7670ffffb89b
2021-08-10 12:16:26,778 [EventQueue-DeleteBlockStatusForDeletedBlockLogImpl] DEBUG block.DeletedBlockLogImpl (DeletedBlockLogImpl.java:isTransactionFailed(278)) - Got block deletion ACK from datanode, TXIDs=26, success=true
2021-08-10 12:16:26,778 [EventQueue-DeleteBlockStatusForDeletedBlockLogImpl] DEBUG block.DeletedBlockLogImpl (DeletedBlockLogImpl.java:commitTransactions(256)) - Datanode txId=26 containerId=#26 committed by dnId=b13dbf35-3f05-4a51-87e4-7670ffffb89b
2021-08-10 12:16:26,778 [EventQueue-DeleteBlockStatusForDeletedBlockLogImpl] DEBUG block.DeletedBlockLogImpl (DeletedBlockLogImpl.java:isTransactionFailed(278)) - Got block deletion ACK from datanode, TXIDs=27, success=true
2021-08-10 12:16:26,778 [EventQueue-DeleteBlockStatusForDeletedBlockLogImpl] DEBUG block.DeletedBlockLogImpl (DeletedBlockLogImpl.java:commitTransactions(256)) - Datanode txId=27 containerId=#27 committed by dnId=b13dbf35-3f05-4a51-87e4-7670ffffb89b
2021-08-10 12:16:26,778 [EventQueue-DeleteBlockStatusForDeletedBlockLogImpl] DEBUG block.DeletedBlockLogImpl (DeletedBlockLogImpl.java:isTransactionFailed(278)) - Got block deletion ACK from datanode, TXIDs=28, success=true
2021-08-10 12:16:26,778 [EventQueue-DeleteBlockStatusForDeletedBlockLogImpl] DEBUG block.DeletedBlockLogImpl (DeletedBlockLogImpl.java:commitTransactions(256)) - Datanode txId=28 containerId=#28 committed by dnId=b13dbf35-3f05-4a51-87e4-7670ffffb89b
2021-08-10 12:16:26,778 [EventQueue-DeleteBlockStatusForDeletedBlockLogImpl] DEBUG block.DeletedBlockLogImpl (DeletedBlockLogImpl.java:isTransactionFailed(278)) - Got block deletion ACK from datanode, TXIDs=29, success=true
2021-08-10 12:16:26,778 [EventQueue-DeleteBlockStatusForDeletedBlockLogImpl] DEBUG block.DeletedBlockLogImpl (DeletedBlockLogImpl.java:commitTransactions(256)) - Datanode txId=29 containerId=#29 committed by dnId=b13dbf35-3f05-4a51-87e4-7670ffffb89b
2021-08-10 12:16:26,778 [EventQueue-DeleteBlockStatusForDeletedBlockLogImpl] DEBUG block.DeletedBlockLogImpl (DeletedBlockLogImpl.java:isTransactionFailed(278)) - Got block deletion ACK from datanode, TXIDs=30, success=true
2021-08-10 12:16:26,778 [EventQueue-DeleteBlockStatusForDeletedBlockLogImpl] DEBUG block.DeletedBlockLogImpl (DeletedBlockLogImpl.java:commitTransactions(256)) - Datanode txId=30 containerId=#30 committed by dnId=b13dbf35-3f05-4a51-87e4-7670ffffb89b
2021-08-10 12:16:26,778 [EventQueue-DeleteBlockStatusForDeletedBlockLogImpl] DEBUG block.DeletedBlockLogImpl (DeletedBlockLogImpl.java:isTransactionFailed(278)) - Got block deletion ACK from datanode, TXIDs=31, success=true
2021-08-10 12:16:26,778 [EventQueue-DeleteBlockStatusForDeletedBlockLogImpl] DEBUG block.DeletedBlockLogImpl (DeletedBlockLogImpl.java:commitTransactions(256)) - Datanode txId=31 containerId=#31 committed by dnId=b13dbf35-3f05-4a51-87e4-7670ffffb89b
2021-08-10 12:16:26,778 [EventQueue-DeleteBlockStatusForDeletedBlockLogImpl] DEBUG block.DeletedBlockLogImpl (DeletedBlockLogImpl.java:isTransactionFailed(278)) - Got block deletion ACK from datanode, TXIDs=32, success=true
2021-08-10 12:16:26,778 [EventQueue-DeleteBlockStatusForDeletedBlockLogImpl] DEBUG block.DeletedBlockLogImpl (DeletedBlockLogImpl.java:commitTransactions(256)) - Datanode txId=32 containerId=#32 committed by dnId=b13dbf35-3f05-4a51-87e4-7670ffffb89b
2021-08-10 12:16:26,778 [EventQueue-DeleteBlockStatusForDeletedBlockLogImpl] DEBUG block.DeletedBlockLogImpl (DeletedBlockLogImpl.java:isTransactionFailed(278)) - Got block deletion ACK from datanode, TXIDs=33, success=true
2021-08-10 12:16:26,778 [EventQueue-DeleteBlockStatusForDeletedBlockLogImpl] DEBUG block.DeletedBlockLogImpl (DeletedBlockLogImpl.java:commitTransactions(256)) - Datanode txId=33 containerId=#33 committed by dnId=b13dbf35-3f05-4a51-87e4-7670ffffb89b
2021-08-10 12:16:26,778 [EventQueue-DeleteBlockStatusForDeletedBlockLogImpl] DEBUG block.DeletedBlockLogImpl (DeletedBlockLogImpl.java:isTransactionFailed(278)) - Got block deletion ACK from datanode, TXIDs=34, success=true
2021-08-10 12:16:26,778 [EventQueue-DeleteBlockStatusForDeletedBlockLogImpl] DEBUG block.DeletedBlockLogImpl (DeletedBlockLogImpl.java:commitTransactions(256)) - Datanode txId=34 containerId=#34 committed by dnId=b13dbf35-3f05-4a51-87e4-7670ffffb89b
2021-08-10 12:16:26,778 [EventQueue-DeleteBlockStatusForDeletedBlockLogImpl] DEBUG block.DeletedBlockLogImpl (DeletedBlockLogImpl.java:isTransactionFailed(278)) - Got block deletion ACK from datanode, TXIDs=35, success=true
2021-08-10 12:16:26,778 [EventQueue-DeleteBlockStatusForDeletedBlockLogImpl] DEBUG block.DeletedBlockLogImpl (DeletedBlockLogImpl.java:commitTransactions(256)) - Datanode txId=35 containerId=#35 committed by dnId=b13dbf35-3f05-4a51-87e4-7670ffffb89b
2021-08-10 12:16:26,778 [EventQueue-DeleteBlockStatusForDeletedBlockLogImpl] DEBUG block.DeletedBlockLogImpl (DeletedBlockLogImpl.java:isTransactionFailed(278)) - Got block deletion ACK from datanode, TXIDs=36, success=true
2021-08-10 12:16:26,778 [EventQueue-DeleteBlockStatusForDeletedBlockLogImpl] DEBUG block.DeletedBlockLogImpl (DeletedBlockLogImpl.java:commitTransactions(256)) - Datanode txId=36 containerId=#36 committed by dnId=b13dbf35-3f05-4a51-87e4-7670ffffb89b
2021-08-10 12:16:26,778 [EventQueue-DeleteBlockStatusForDeletedBlockLogImpl] DEBUG block.DeletedBlockLogImpl (DeletedBlockLogImpl.java:isTransactionFailed(278)) - Got block deletion ACK from datanode, TXIDs=37, success=true
2021-08-10 12:16:26,778 [EventQueue-DeleteBlockStatusForDeletedBlockLogImpl] DEBUG block.DeletedBlockLogImpl (DeletedBlockLogImpl.java:commitTransactions(256)) - Datanode txId=37 containerId=#37 committed by dnId=b13dbf35-3f05-4a51-87e4-7670ffffb89b
2021-08-10 12:16:26,778 [EventQueue-DeleteBlockStatusForDeletedBlockLogImpl] DEBUG block.DeletedBlockLogImpl (DeletedBlockLogImpl.java:isTransactionFailed(278)) - Got block deletion ACK from datanode, TXIDs=38, success=true
2021-08-10 12:16:26,778 [EventQueue-DeleteBlockStatusForDeletedBlockLogImpl] DEBUG block.DeletedBlockLogImpl (DeletedBlockLogImpl.java:commitTransactions(256)) - Datanode txId=38 containerId=#38 committed by dnId=b13dbf35-3f05-4a51-87e4-7670ffffb89b
2021-08-10 12:16:26,778 [EventQueue-DeleteBlockStatusForDeletedBlockLogImpl] DEBUG block.DeletedBlockLogImpl (DeletedBlockLogImpl.java:isTransactionFailed(278)) - Got block deletion ACK from datanode, TXIDs=39, success=true
2021-08-10 12:16:26,778 [EventQueue-DeleteBlockStatusForDeletedBlockLogImpl] DEBUG block.DeletedBlockLogImpl (DeletedBlockLogImpl.java:commitTransactions(256)) - Datanode txId=39 containerId=#39 committed by dnId=b13dbf35-3f05-4a51-87e4-7670ffffb89b
2021-08-10 12:16:26,778 [EventQueue-DeleteBlockStatusForDeletedBlockLogImpl] DEBUG block.DeletedBlockLogImpl (DeletedBlockLogImpl.java:isTransactionFailed(278)) - Got block deletion ACK from datanode, TXIDs=40, success=true
2021-08-10 12:16:26,778 [EventQueue-DeleteBlockStatusForDeletedBlockLogImpl] DEBUG block.DeletedBlockLogImpl (DeletedBlockLogImpl.java:commitTransactions(256)) - Datanode txId=40 containerId=#40 committed by dnId=b13dbf35-3f05-4a51-87e4-7670ffffb89b
2021-08-10 12:16:26,778 [EventQueue-DeleteBlockStatusForDeletedBlockLogImpl] DEBUG block.DeletedBlockLogImpl (DeletedBlockLogImpl.java:isTransactionFailed(278)) - Got block deletion ACK from datanode, TXIDs=41, success=true
2021-08-10 12:16:26,778 [EventQueue-DeleteBlockStatusForDeletedBlockLogImpl] DEBUG block.DeletedBlockLogImpl (DeletedBlockLogImpl.java:commitTransactions(256)) - Datanode txId=41 containerId=#41 committed by dnId=b13dbf35-3f05-4a51-87e4-7670ffffb89b
2021-08-10 12:16:26,780 [EventQueue-DeleteBlockStatusForDeletedBlockLogImpl] DEBUG block.DeletedBlockLogImpl (DeletedBlockLogImpl.java:isTransactionFailed(278)) - Got block deletion ACK from datanode, TXIDs=42, success=true
2021-08-10 12:16:26,780 [EventQueue-DeleteBlockStatusForDeletedBlockLogImpl] DEBUG block.DeletedBlockLogImpl (DeletedBlockLogImpl.java:commitTransactions(256)) - Datanode txId=42 containerId=#42 committed by dnId=b13dbf35-3f05-4a51-87e4-7670ffffb89b
2021-08-10 12:16:26,780 [EventQueue-DeleteBlockStatusForDeletedBlockLogImpl] DEBUG block.DeletedBlockLogImpl (DeletedBlockLogImpl.java:isTransactionFailed(278)) - Got block deletion ACK from datanode, TXIDs=43, success=true
2021-08-10 12:16:26,780 [EventQueue-DeleteBlockStatusForDeletedBlockLogImpl] DEBUG block.DeletedBlockLogImpl (DeletedBlockLogImpl.java:commitTransactions(256)) - Datanode txId=43 containerId=#43 committed by dnId=b13dbf35-3f05-4a51-87e4-7670ffffb89b
2021-08-10 12:16:26,780 [EventQueue-DeleteBlockStatusForDeletedBlockLogImpl] DEBUG block.DeletedBlockLogImpl (DeletedBlockLogImpl.java:isTransactionFailed(278)) - Got block deletion ACK from datanode, TXIDs=44, success=true
2021-08-10 12:16:26,780 [EventQueue-DeleteBlockStatusForDeletedBlockLogImpl] DEBUG block.DeletedBlockLogImpl (DeletedBlockLogImpl.java:commitTransactions(256)) - Datanode txId=44 containerId=#44 committed by dnId=b13dbf35-3f05-4a51-87e4-7670ffffb89b
2021-08-10 12:16:26,780 [EventQueue-DeleteBlockStatusForDeletedBlockLogImpl] DEBUG block.DeletedBlockLogImpl (DeletedBlockLogImpl.java:isTransactionFailed(278)) - Got block deletion ACK from datanode, TXIDs=45, success=true
2021-08-10 12:16:26,780 [EventQueue-DeleteBlockStatusForDeletedBlockLogImpl] DEBUG block.DeletedBlockLogImpl (DeletedBlockLogImpl.java:commitTransactions(256)) - Datanode txId=45 containerId=#45 committed by dnId=b13dbf35-3f05-4a51-87e4-7670ffffb89b
2021-08-10 12:16:26,781 [EventQueue-DeleteBlockStatusForDeletedBlockLogImpl] DEBUG block.DeletedBlockLogImpl (DeletedBlockLogImpl.java:isTransactionFailed(278)) - Got block deletion ACK from datanode, TXIDs=46, success=true
2021-08-10 12:16:26,781 [EventQueue-DeleteBlockStatusForDeletedBlockLogImpl] DEBUG block.DeletedBlockLogImpl (DeletedBlockLogImpl.java:commitTransactions(256)) - Datanode txId=46 containerId=#46 committed by dnId=b13dbf35-3f05-4a51-87e4-7670ffffb89b
2021-08-10 12:16:26,781 [EventQueue-DeleteBlockStatusForDeletedBlockLogImpl] DEBUG block.DeletedBlockLogImpl (DeletedBlockLogImpl.java:isTransactionFailed(278)) - Got block deletion ACK from datanode, TXIDs=47, success=true
2021-08-10 12:16:26,781 [EventQueue-DeleteBlockStatusForDeletedBlockLogImpl] DEBUG block.DeletedBlockLogImpl (DeletedBlockLogImpl.java:commitTransactions(256)) - Datanode txId=47 containerId=#47 committed by dnId=b13dbf35-3f05-4a51-87e4-7670ffffb89b
2021-08-10 12:16:26,781 [EventQueue-DeleteBlockStatusForDeletedBlockLogImpl] DEBUG block.DeletedBlockLogImpl (DeletedBlockLogImpl.java:isTransactionFailed(278)) - Got block deletion ACK from datanode, TXIDs=48, success=true
2021-08-10 12:16:26,781 [EventQueue-DeleteBlockStatusForDeletedBlockLogImpl] DEBUG block.DeletedBlockLogImpl (DeletedBlockLogImpl.java:commitTransactions(256)) - Datanode txId=48 containerId=#48 committed by dnId=b13dbf35-3f05-4a51-87e4-7670ffffb89b
2021-08-10 12:16:26,781 [EventQueue-DeleteBlockStatusForDeletedBlockLogImpl] DEBUG block.DeletedBlockLogImpl (DeletedBlockLogImpl.java:isTransactionFailed(278)) - Got block deletion ACK from datanode, TXIDs=49, success=true
2021-08-10 12:16:26,781 [EventQueue-DeleteBlockStatusForDeletedBlockLogImpl] DEBUG block.DeletedBlockLogImpl (DeletedBlockLogImpl.java:commitTransactions(256)) - Datanode txId=49 containerId=#49 committed by dnId=b13dbf35-3f05-4a51-87e4-7670ffffb89b
2021-08-10 12:16:26,781 [EventQueue-DeleteBlockStatusForDeletedBlockLogImpl] DEBUG block.DeletedBlockLogImpl (DeletedBlockLogImpl.java:isTransactionFailed(278)) - Got block deletion ACK from datanode, TXIDs=50, success=true
2021-08-10 12:16:26,781 [EventQueue-DeleteBlockStatusForDeletedBlockLogImpl] DEBUG block.DeletedBlockLogImpl (DeletedBlockLogImpl.java:commitTransactions(256)) - Datanode txId=50 containerId=#50 committed by dnId=b13dbf35-3f05-4a51-87e4-7670ffffb89b
2021-08-10 12:16:26,781 [EventQueue-DeleteBlockStatusForDeletedBlockLogImpl] DEBUG block.DeletedBlockLogImpl (DeletedBlockLogImpl.java:isTransactionFailed(278)) - Got block deletion ACK from datanode, TXIDs=51, success=true
2021-08-10 12:16:26,781 [EventQueue-DeleteBlockStatusForDeletedBlockLogImpl] DEBUG block.DeletedBlockLogImpl (DeletedBlockLogImpl.java:commitTransactions(256)) - Datanode txId=51 containerId=#51 committed by dnId=b13dbf35-3f05-4a51-87e4-7670ffffb89b
2021-08-10 12:16:26,781 [EventQueue-DeleteBlockStatusForDeletedBlockLogImpl] DEBUG block.DeletedBlockLogImpl (DeletedBlockLogImpl.java:isTransactionFailed(278)) - Got block deletion ACK from datanode, TXIDs=52, success=true
2021-08-10 12:16:26,781 [EventQueue-DeleteBlockStatusForDeletedBlockLogImpl] DEBUG block.DeletedBlockLogImpl (DeletedBlockLogImpl.java:commitTransactions(256)) - Datanode txId=52 containerId=#52 committed by dnId=b13dbf35-3f05-4a51-87e4-7670ffffb89b
2021-08-10 12:16:26,781 [EventQueue-DeleteBlockStatusForDeletedBlockLogImpl] DEBUG block.DeletedBlockLogImpl (DeletedBlockLogImpl.java:isTransactionFailed(278)) - Got block deletion ACK from datanode, TXIDs=53, success=true
2021-08-10 12:16:26,781 [EventQueue-DeleteBlockStatusForDeletedBlockLogImpl] DEBUG block.DeletedBlockLogImpl (DeletedBlockLogImpl.java:commitTransactions(256)) - Datanode txId=53 containerId=#53 committed by dnId=b13dbf35-3f05-4a51-87e4-7670ffffb89b
2021-08-10 12:16:26,781 [EventQueue-DeleteBlockStatusForDeletedBlockLogImpl] DEBUG block.DeletedBlockLogImpl (DeletedBlockLogImpl.java:isTransactionFailed(278)) - Got block deletion ACK from datanode, TXIDs=54, success=true
2021-08-10 12:16:26,781 [EventQueue-DeleteBlockStatusForDeletedBlockLogImpl] DEBUG block.DeletedBlockLogImpl (DeletedBlockLogImpl.java:commitTransactions(256)) - Datanode txId=54 containerId=#54 committed by dnId=b13dbf35-3f05-4a51-87e4-7670ffffb89b
2021-08-10 12:16:26,781 [EventQueue-DeleteBlockStatusForDeletedBlockLogImpl] DEBUG block.DeletedBlockLogImpl (DeletedBlockLogImpl.java:isTransactionFailed(278)) - Got block deletion ACK from datanode, TXIDs=55, success=true
2021-08-10 12:16:26,781 [EventQueue-DeleteBlockStatusForDeletedBlockLogImpl] DEBUG block.DeletedBlockLogImpl (DeletedBlockLogImpl.java:commitTransactions(256)) - Datanode txId=55 containerId=#55 committed by dnId=b13dbf35-3f05-4a51-87e4-7670ffffb89b
2021-08-10 12:16:26,781 [EventQueue-DeleteBlockStatusForDeletedBlockLogImpl] DEBUG block.DeletedBlockLogImpl (DeletedBlockLogImpl.java:isTransactionFailed(278)) - Got block deletion ACK from datanode, TXIDs=56, success=true
2021-08-10 12:16:26,781 [EventQueue-DeleteBlockStatusForDeletedBlockLogImpl] DEBUG block.DeletedBlockLogImpl (DeletedBlockLogImpl.java:commitTransactions(256)) - Datanode txId=56 containerId=#56 committed by dnId=b13dbf35-3f05-4a51-87e4-7670ffffb89b
2021-08-10 12:16:26,781 [EventQueue-DeleteBlockStatusForDeletedBlockLogImpl] DEBUG block.DeletedBlockLogImpl (DeletedBlockLogImpl.java:isTransactionFailed(278)) - Got block deletion ACK from datanode, TXIDs=1, success=true
2021-08-10 12:16:26,781 [EventQueue-DeleteBlockStatusForDeletedBlockLogImpl] DEBUG block.DeletedBlockLogImpl (DeletedBlockLogImpl.java:commitTransactions(256)) - Datanode txId=1 containerId=#1 committed by dnId=b13dbf35-3f05-4a51-87e4-7670ffffb89b
2021-08-10 12:16:26,781 [EventQueue-DeleteBlockStatusForDeletedBlockLogImpl] DEBUG block.DeletedBlockLogImpl (DeletedBlockLogImpl.java:isTransactionFailed(278)) - Got block deletion ACK from datanode, TXIDs=1, success=true
2021-08-10 12:16:26,781 [EventQueue-DeleteBlockStatusForDeletedBlockLogImpl] DEBUG block.DeletedBlockLogImpl (DeletedBlockLogImpl.java:commitTransactions(256)) - Datanode txId=1 containerId=#1 committed by dnId=b13dbf35-3f05-4a51-87e4-7670ffffb89b
2021-08-10 12:16:26,781 [EventQueue-DeleteBlockStatusForDeletedBlockLogImpl] DEBUG block.DeletedBlockLogImpl (DeletedBlockLogImpl.java:isTransactionFailed(278)) - Got block deletion ACK from datanode, TXIDs=2, success=true
2021-08-10 12:16:26,781 [EventQueue-DeleteBlockStatusForDeletedBlockLogImpl] DEBUG block.DeletedBlockLogImpl (DeletedBlockLogImpl.java:commitTransactions(256)) - Datanode txId=2 containerId=#2 committed by dnId=b13dbf35-3f05-4a51-87e4-7670ffffb89b
2021-08-10 12:16:26,781 [EventQueue-DeleteBlockStatusForDeletedBlockLogImpl] DEBUG block.DeletedBlockLogImpl (DeletedBlockLogImpl.java:isTransactionFailed(278)) - Got block deletion ACK from datanode, TXIDs=3, success=true
2021-08-10 12:16:26,781 [EventQueue-DeleteBlockStatusForDeletedBlockLogImpl] DEBUG block.DeletedBlockLogImpl (DeletedBlockLogImpl.java:commitTransactions(256)) - Datanode txId=3 containerId=#3 committed by dnId=b13dbf35-3f05-4a51-87e4-7670ffffb89b
2021-08-10 12:16:26,781 [EventQueue-DeleteBlockStatusForDeletedBlockLogImpl] DEBUG block.DeletedBlockLogImpl (DeletedBlockLogImpl.java:isTransactionFailed(278)) - Got block deletion ACK from datanode, TXIDs=4, success=true
2021-08-10 12:16:26,781 [EventQueue-DeleteBlockStatusForDeletedBlockLogImpl] DEBUG block.DeletedBlockLogImpl (DeletedBlockLogImpl.java:commitTransactions(256)) - Datanode txId=4 containerId=#4 committed by dnId=b13dbf35-3f05-4a51-87e4-7670ffffb89b
2021-08-10 12:16:26,781 [EventQueue-DeleteBlockStatusForDeletedBlockLogImpl] DEBUG block.DeletedBlockLogImpl (DeletedBlockLogImpl.java:isTransactionFailed(278)) - Got block deletion ACK from datanode, TXIDs=1, success=true
2021-08-10 12:16:26,781 [EventQueue-DeleteBlockStatusForDeletedBlockLogImpl] DEBUG block.DeletedBlockLogImpl (DeletedBlockLogImpl.java:commitTransactions(256)) - Datanode txId=1 containerId=#1 committed by dnId=b13dbf35-3f05-4a51-87e4-7670ffffb89b
2021-08-10 12:16:26,781 [EventQueue-DeleteBlockStatusForDeletedBlockLogImpl] DEBUG block.DeletedBlockLogImpl (DeletedBlockLogImpl.java:isTransactionFailed(278)) - Got block deletion ACK from datanode, TXIDs=2, success=true
2021-08-10 12:16:26,781 [EventQueue-DeleteBlockStatusForDeletedBlockLogImpl] DEBUG block.DeletedBlockLogImpl (DeletedBlockLogImpl.java:commitTransactions(256)) - Datanode txId=2 containerId=#2 committed by dnId=b13dbf35-3f05-4a51-87e4-7670ffffb89b
2021-08-10 12:16:26,781 [EventQueue-DeleteBlockStatusForDeletedBlockLogImpl] DEBUG block.DeletedBlockLogImpl (DeletedBlockLogImpl.java:isTransactionFailed(278)) - Got block deletion ACK from datanode, TXIDs=3, success=true
2021-08-10 12:16:26,781 [EventQueue-DeleteBlockStatusForDeletedBlockLogImpl] DEBUG block.DeletedBlockLogImpl (DeletedBlockLogImpl.java:commitTransactions(256)) - Datanode txId=3 containerId=#3 committed by dnId=b13dbf35-3f05-4a51-87e4-7670ffffb89b
2021-08-10 12:16:26,781 [EventQueue-DeleteBlockStatusForDeletedBlockLogImpl] DEBUG block.DeletedBlockLogImpl (DeletedBlockLogImpl.java:isTransactionFailed(278)) - Got block deletion ACK from datanode, TXIDs=4, success=true
2021-08-10 12:16:26,781 [EventQueue-DeleteBlockStatusForDeletedBlockLogImpl] DEBUG block.DeletedBlockLogImpl (DeletedBlockLogImpl.java:commitTransactions(256)) - Datanode txId=4 containerId=#4 committed by dnId=b13dbf35-3f05-4a51-87e4-7670ffffb89b
2021-08-10 12:16:26,781 [EventQueue-DeleteBlockStatusForDeletedBlockLogImpl] DEBUG block.DeletedBlockLogImpl (DeletedBlockLogImpl.java:isTransactionFailed(278)) - Got block deletion ACK from datanode, TXIDs=5, success=true
2021-08-10 12:16:26,781 [EventQueue-DeleteBlockStatusForDeletedBlockLogImpl] DEBUG block.DeletedBlockLogImpl (DeletedBlockLogImpl.java:commitTransactions(256)) - Datanode txId=5 containerId=#5 committed by dnId=b13dbf35-3f05-4a51-87e4-7670ffffb89b
2021-08-10 12:16:26,781 [EventQueue-DeleteBlockStatusForDeletedBlockLogImpl] DEBUG block.DeletedBlockLogImpl (DeletedBlockLogImpl.java:isTransactionFailed(278)) - Got block deletion ACK from datanode, TXIDs=1, success=true
2021-08-10 12:16:26,781 [EventQueue-DeleteBlockStatusForDeletedBlockLogImpl] DEBUG block.DeletedBlockLogImpl (DeletedBlockLogImpl.java:commitTransactions(256)) - Datanode txId=1 containerId=#1 committed by dnId=b13dbf35-3f05-4a51-87e4-7670ffffb89b
2021-08-10 12:16:26,781 [EventQueue-DeleteBlockStatusForDeletedBlockLogImpl] DEBUG block.DeletedBlockLogImpl (DeletedBlockLogImpl.java:isTransactionFailed(278)) - Got block deletion ACK from datanode, TXIDs=2, success=true
2021-08-10 12:16:26,781 [EventQueue-DeleteBlockStatusForDeletedBlockLogImpl] DEBUG block.DeletedBlockLogImpl (DeletedBlockLogImpl.java:commitTransactions(256)) - Datanode txId=2 containerId=#2 committed by dnId=b13dbf35-3f05-4a51-87e4-7670ffffb89b
2021-08-10 12:16:26,781 [EventQueue-DeleteBlockStatusForDeletedBlockLogImpl] DEBUG block.DeletedBlockLogImpl (DeletedBlockLogImpl.java:isTransactionFailed(278)) - Got block deletion ACK from datanode, TXIDs=3, success=true
2021-08-10 12:16:26,781 [EventQueue-DeleteBlockStatusForDeletedBlockLogImpl] DEBUG block.DeletedBlockLogImpl (DeletedBlockLogImpl.java:commitTransactions(256)) - Datanode txId=3 containerId=#3 committed by dnId=b13dbf35-3f05-4a51-87e4-7670ffffb89b
2021-08-10 12:16:26,781 [EventQueue-DeleteBlockStatusForDeletedBlockLogImpl] DEBUG block.DeletedBlockLogImpl (DeletedBlockLogImpl.java:isTransactionFailed(278)) - Got block deletion ACK from datanode, TXIDs=4, success=true
2021-08-10 12:16:26,782 [EventQueue-DeleteBlockStatusForDeletedBlockLogImpl] DEBUG block.DeletedBlockLogImpl (DeletedBlockLogImpl.java:commitTransactions(256)) - Datanode txId=4 containerId=#4 committed by dnId=b13dbf35-3f05-4a51-87e4-7670ffffb89b
2021-08-10 12:16:26,782 [EventQueue-DeleteBlockStatusForDeletedBlockLogImpl] DEBUG block.DeletedBlockLogImpl (DeletedBlockLogImpl.java:isTransactionFailed(278)) - Got block deletion ACK from datanode, TXIDs=5, success=true
2021-08-10 12:16:26,782 [EventQueue-DeleteBlockStatusForDeletedBlockLogImpl] DEBUG block.DeletedBlockLogImpl (DeletedBlockLogImpl.java:commitTransactions(256)) - Datanode txId=5 containerId=#5 committed by dnId=b13dbf35-3f05-4a51-87e4-7670ffffb89b
2021-08-10 12:16:26,783 [EventQueue-DeleteBlockStatusForDeletedBlockLogImpl] DEBUG block.DeletedBlockLogImpl (DeletedBlockLogImpl.java:isTransactionFailed(278)) - Got block deletion ACK from datanode, TXIDs=6, success=true
2021-08-10 12:16:26,783 [EventQueue-DeleteBlockStatusForDeletedBlockLogImpl] DEBUG block.DeletedBlockLogImpl (DeletedBlockLogImpl.java:commitTransactions(256)) - Datanode txId=6 containerId=#6 committed by dnId=b13dbf35-3f05-4a51-87e4-7670ffffb89b
2021-08-10 12:16:26,783 [EventQueue-DeleteBlockStatusForDeletedBlockLogImpl] DEBUG block.DeletedBlockLogImpl (DeletedBlockLogImpl.java:isTransactionFailed(278)) - Got block deletion ACK from datanode, TXIDs=1, success=true
2021-08-10 12:16:26,783 [EventQueue-DeleteBlockStatusForDeletedBlockLogImpl] DEBUG block.DeletedBlockLogImpl (DeletedBlockLogImpl.java:commitTransactions(256)) - Datanode txId=1 containerId=#1 committed by dnId=b13dbf35-3f05-4a51-87e4-7670ffffb89b
2021-08-10 12:16:26,783 [EventQueue-DeleteBlockStatusForDeletedBlockLogImpl] DEBUG block.DeletedBlockLogImpl (DeletedBlockLogImpl.java:isTransactionFailed(278)) - Got block deletion ACK from datanode, TXIDs=2, success=true
2021-08-10 12:16:26,784 [EventQueue-DeleteBlockStatusForDeletedBlockLogImpl] DEBUG block.DeletedBlockLogImpl (DeletedBlockLogImpl.java:commitTransactions(256)) - Datanode txId=2 containerId=#2 committed by dnId=b13dbf35-3f05-4a51-87e4-7670ffffb89b
2021-08-10 12:16:26,784 [EventQueue-DeleteBlockStatusForDeletedBlockLogImpl] DEBUG block.DeletedBlockLogImpl (DeletedBlockLogImpl.java:isTransactionFailed(278)) - Got block deletion ACK from datanode, TXIDs=3, success=true
2021-08-10 12:16:26,784 [EventQueue-DeleteBlockStatusForDeletedBlockLogImpl] DEBUG block.DeletedBlockLogImpl (DeletedBlockLogImpl.java:commitTransactions(256)) - Datanode txId=3 containerId=#3 committed by dnId=b13dbf35-3f05-4a51-87e4-7670ffffb89b
2021-08-10 12:16:26,784 [EventQueue-DeleteBlockStatusForDeletedBlockLogImpl] DEBUG block.DeletedBlockLogImpl (DeletedBlockLogImpl.java:isTransactionFailed(278)) - Got block deletion ACK from datanode, TXIDs=4, success=true
2021-08-10 12:16:26,784 [EventQueue-DeleteBlockStatusForDeletedBlockLogImpl] DEBUG block.DeletedBlockLogImpl (DeletedBlockLogImpl.java:commitTransactions(256)) - Datanode txId=4 containerId=#4 committed by dnId=b13dbf35-3f05-4a51-87e4-7670ffffb89b
2021-08-10 12:16:26,784 [EventQueue-DeleteBlockStatusForDeletedBlockLogImpl] DEBUG block.DeletedBlockLogImpl (DeletedBlockLogImpl.java:isTransactionFailed(278)) - Got block deletion ACK from datanode, TXIDs=5, success=true
2021-08-10 12:16:26,784 [EventQueue-DeleteBlockStatusForDeletedBlockLogImpl] DEBUG block.DeletedBlockLogImpl (DeletedBlockLogImpl.java:commitTransactions(256)) - Datanode txId=5 containerId=#5 committed by dnId=b13dbf35-3f05-4a51-87e4-7670ffffb89b
2021-08-10 12:16:26,784 [EventQueue-DeleteBlockStatusForDeletedBlockLogImpl] DEBUG block.DeletedBlockLogImpl (DeletedBlockLogImpl.java:isTransactionFailed(278)) - Got block deletion ACK from datanode, TXIDs=6, success=true
2021-08-10 12:16:26,784 [EventQueue-DeleteBlockStatusForDeletedBlockLogImpl] DEBUG block.DeletedBlockLogImpl (DeletedBlockLogImpl.java:commitTransactions(256)) - Datanode txId=6 containerId=#6 committed by dnId=b13dbf35-3f05-4a51-87e4-7670ffffb89b
2021-08-10 12:16:26,784 [EventQueue-DeleteBlockStatusForDeletedBlockLogImpl] DEBUG block.DeletedBlockLogImpl (DeletedBlockLogImpl.java:isTransactionFailed(278)) - Got block deletion ACK from datanode, TXIDs=7, success=true
2021-08-10 12:16:26,784 [EventQueue-DeleteBlockStatusForDeletedBlockLogImpl] DEBUG block.DeletedBlockLogImpl (DeletedBlockLogImpl.java:commitTransactions(256)) - Datanode txId=7 containerId=#7 committed by dnId=b13dbf35-3f05-4a51-87e4-7670ffffb89b
2021-08-10 12:16:26,784 [EventQueue-DeleteBlockStatusForDeletedBlockLogImpl] DEBUG block.DeletedBlockLogImpl (DeletedBlockLogImpl.java:isTransactionFailed(278)) - Got block deletion ACK from datanode, TXIDs=8, success=true
2021-08-10 12:16:26,784 [EventQueue-DeleteBlockStatusForDeletedBlockLogImpl] DEBUG block.DeletedBlockLogImpl (DeletedBlockLogImpl.java:commitTransactions(256)) - Datanode txId=8 containerId=#8 committed by dnId=b13dbf35-3f05-4a51-87e4-7670ffffb89b
2021-08-10 12:16:26,784 [EventQueue-DeleteBlockStatusForDeletedBlockLogImpl] DEBUG block.DeletedBlockLogImpl (DeletedBlockLogImpl.java:isTransactionFailed(278)) - Got block deletion ACK from datanode, TXIDs=1, success=true
2021-08-10 12:16:26,784 [EventQueue-DeleteBlockStatusForDeletedBlockLogImpl] DEBUG block.DeletedBlockLogImpl (DeletedBlockLogImpl.java:commitTransactions(256)) - Datanode txId=1 containerId=#1 committed by dnId=b13dbf35-3f05-4a51-87e4-7670ffffb89b
2021-08-10 12:16:26,784 [EventQueue-DeleteBlockStatusForDeletedBlockLogImpl] DEBUG block.DeletedBlockLogImpl (DeletedBlockLogImpl.java:isTransactionFailed(278)) - Got block deletion ACK from datanode, TXIDs=2, success=true
2021-08-10 12:16:26,784 [EventQueue-DeleteBlockStatusForDeletedBlockLogImpl] DEBUG block.DeletedBlockLogImpl (DeletedBlockLogImpl.java:commitTransactions(256)) - Datanode txId=2 containerId=#2 committed by dnId=b13dbf35-3f05-4a51-87e4-7670ffffb89b
2021-08-10 12:16:26,784 [EventQueue-DeleteBlockStatusForDeletedBlockLogImpl] DEBUG block.DeletedBlockLogImpl (DeletedBlockLogImpl.java:isTransactionFailed(278)) - Got block deletion ACK from datanode, TXIDs=3, success=true
2021-08-10 12:16:26,784 [EventQueue-DeleteBlockStatusForDeletedBlockLogImpl] DEBUG block.DeletedBlockLogImpl (DeletedBlockLogImpl.java:commitTransactions(256)) - Datanode txId=3 containerId=#3 committed by dnId=b13dbf35-3f05-4a51-87e4-7670ffffb89b
2021-08-10 12:16:26,785 [EventQueue-DeleteBlockStatusForDeletedBlockLogImpl] DEBUG block.DeletedBlockLogImpl (DeletedBlockLogImpl.java:isTransactionFailed(278)) - Got block deletion ACK from datanode, TXIDs=4, success=true
2021-08-10 12:16:26,785 [EventQueue-DeleteBlockStatusForDeletedBlockLogImpl] DEBUG block.DeletedBlockLogImpl (DeletedBlockLogImpl.java:commitTransactions(256)) - Datanode txId=4 containerId=#4 committed by dnId=b13dbf35-3f05-4a51-87e4-7670ffffb89b
2021-08-10 12:16:26,785 [EventQueue-DeleteBlockStatusForDeletedBlockLogImpl] DEBUG block.DeletedBlockLogImpl (DeletedBlockLogImpl.java:isTransactionFailed(278)) - Got block deletion ACK from datanode, TXIDs=5, success=true
2021-08-10 12:16:26,785 [EventQueue-DeleteBlockStatusForDeletedBlockLogImpl] DEBUG block.DeletedBlockLogImpl (DeletedBlockLogImpl.java:commitTransactions(256)) - Datanode txId=5 containerId=#5 committed by dnId=b13dbf35-3f05-4a51-87e4-7670ffffb89b
2021-08-10 12:16:26,785 [EventQueue-DeleteBlockStatusForDeletedBlockLogImpl] DEBUG block.DeletedBlockLogImpl (DeletedBlockLogImpl.java:isTransactionFailed(278)) - Got block deletion ACK from datanode, TXIDs=6, success=true
2021-08-10 12:16:26,785 [EventQueue-DeleteBlockStatusForDeletedBlockLogImpl] DEBUG block.DeletedBlockLogImpl (DeletedBlockLogImpl.java:commitTransactions(256)) - Datanode txId=6 containerId=#6 committed by dnId=b13dbf35-3f05-4a51-87e4-7670ffffb89b
2021-08-10 12:16:26,786 [EventQueue-DeleteBlockStatusForDeletedBlockLogImpl] DEBUG block.DeletedBlockLogImpl (DeletedBlockLogImpl.java:isTransactionFailed(278)) - Got block deletion ACK from datanode, TXIDs=7, success=true
2021-08-10 12:16:26,786 [EventQueue-DeleteBlockStatusForDeletedBlockLogImpl] DEBUG block.DeletedBlockLogImpl (DeletedBlockLogImpl.java:commitTransactions(256)) - Datanode txId=7 containerId=#7 committed by dnId=b13dbf35-3f05-4a51-87e4-7670ffffb89b
2021-08-10 12:16:26,786 [EventQueue-DeleteBlockStatusForDeletedBlockLogImpl] DEBUG block.DeletedBlockLogImpl (DeletedBlockLogImpl.java:isTransactionFailed(278)) - Got block deletion ACK from datanode, TXIDs=8, success=true
2021-08-10 12:16:26,787 [EventQueue-DeleteBlockStatusForDeletedBlockLogImpl] DEBUG block.DeletedBlockLogImpl (DeletedBlockLogImpl.java:commitTransactions(256)) - Datanode txId=8 containerId=#8 committed by dnId=b13dbf35-3f05-4a51-87e4-7670ffffb89b
2021-08-10 12:16:26,787 [EventQueue-DeleteBlockStatusForDeletedBlockLogImpl] DEBUG block.DeletedBlockLogImpl (DeletedBlockLogImpl.java:isTransactionFailed(278)) - Got block deletion ACK from datanode, TXIDs=9, success=true
2021-08-10 12:16:26,787 [EventQueue-DeleteBlockStatusForDeletedBlockLogImpl] DEBUG block.DeletedBlockLogImpl (DeletedBlockLogImpl.java:commitTransactions(256)) - Datanode txId=9 containerId=#9 committed by dnId=b13dbf35-3f05-4a51-87e4-7670ffffb89b
2021-08-10 12:16:26,789 [EventQueue-DeleteBlockStatusForDeletedBlockLogImpl] DEBUG block.DeletedBlockLogImpl (DeletedBlockLogImpl.java:isTransactionFailed(278)) - Got block deletion ACK from datanode, TXIDs=1, success=true
2021-08-10 12:16:26,790 [EventQueue-DeleteBlockStatusForDeletedBlockLogImpl] DEBUG block.DeletedBlockLogImpl (DeletedBlockLogImpl.java:commitTransactions(256)) - Datanode txId=1 containerId=#1 committed by dnId=b13dbf35-3f05-4a51-87e4-7670ffffb89b
2021-08-10 12:16:26,790 [EventQueue-DeleteBlockStatusForDeletedBlockLogImpl] DEBUG block.DeletedBlockLogImpl (DeletedBlockLogImpl.java:isTransactionFailed(278)) - Got block deletion ACK from datanode, TXIDs=2, success=true
2021-08-10 12:16:26,790 [EventQueue-DeleteBlockStatusForDeletedBlockLogImpl] DEBUG block.DeletedBlockLogImpl (DeletedBlockLogImpl.java:commitTransactions(256)) - Datanode txId=2 containerId=#2 committed by dnId=b13dbf35-3f05-4a51-87e4-7670ffffb89b
2021-08-10 12:16:26,790 [EventQueue-DeleteBlockStatusForDeletedBlockLogImpl] DEBUG block.DeletedBlockLogImpl (DeletedBlockLogImpl.java:isTransactionFailed(278)) - Got block deletion ACK from datanode, TXIDs=3, success=true
2021-08-10 12:16:26,790 [EventQueue-DeleteBlockStatusForDeletedBlockLogImpl] DEBUG block.DeletedBlockLogImpl (DeletedBlockLogImpl.java:commitTransactions(256)) - Datanode txId=3 containerId=#3 committed by dnId=b13dbf35-3f05-4a51-87e4-7670ffffb89b
2021-08-10 12:16:26,790 [EventQueue-DeleteBlockStatusForDeletedBlockLogImpl] DEBUG block.DeletedBlockLogImpl (DeletedBlockLogImpl.java:isTransactionFailed(278)) - Got block deletion ACK from datanode, TXIDs=4, success=true
2021-08-10 12:16:26,790 [EventQueue-DeleteBlockStatusForDeletedBlockLogImpl] DEBUG block.DeletedBlockLogImpl (DeletedBlockLogImpl.java:commitTransactions(256)) - Datanode txId=4 containerId=#4 committed by dnId=b13dbf35-3f05-4a51-87e4-7670ffffb89b
2021-08-10 12:16:26,790 [EventQueue-DeleteBlockStatusForDeletedBlockLogImpl] DEBUG block.DeletedBlockLogImpl (DeletedBlockLogImpl.java:isTransactionFailed(278)) - Got block deletion ACK from datanode, TXIDs=5, success=true
2021-08-10 12:16:26,790 [EventQueue-DeleteBlockStatusForDeletedBlockLogImpl] DEBUG block.DeletedBlockLogImpl (DeletedBlockLogImpl.java:commitTransactions(256)) - Datanode txId=5 containerId=#5 committed by dnId=b13dbf35-3f05-4a51-87e4-7670ffffb89b
2021-08-10 12:16:26,790 [EventQueue-DeleteBlockStatusForDeletedBlockLogImpl] DEBUG block.DeletedBlockLogImpl (DeletedBlockLogImpl.java:isTransactionFailed(278)) - Got block deletion ACK from datanode, TXIDs=6, success=true
2021-08-10 12:16:26,790 [EventQueue-DeleteBlockStatusForDeletedBlockLogImpl] DEBUG block.DeletedBlockLogImpl (DeletedBlockLogImpl.java:commitTransactions(256)) - Datanode txId=6 containerId=#6 committed by dnId=b13dbf35-3f05-4a51-87e4-7670ffffb89b
2021-08-10 12:16:26,790 [EventQueue-DeleteBlockStatusForDeletedBlockLogImpl] DEBUG block.DeletedBlockLogImpl (DeletedBlockLogImpl.java:isTransactionFailed(278)) - Got block deletion ACK from datanode, TXIDs=7, success=true
2021-08-10 12:16:26,791 [EventQueue-DeleteBlockStatusForDeletedBlockLogImpl] DEBUG block.DeletedBlockLogImpl (DeletedBlockLogImpl.java:commitTransactions(256)) - Datanode txId=7 containerId=#7 committed by dnId=b13dbf35-3f05-4a51-87e4-7670ffffb89b
2021-08-10 12:16:26,791 [EventQueue-DeleteBlockStatusForDeletedBlockLogImpl] DEBUG block.DeletedBlockLogImpl (DeletedBlockLogImpl.java:isTransactionFailed(278)) - Got block deletion ACK from datanode, TXIDs=8, success=true
2021-08-10 12:16:26,791 [EventQueue-DeleteBlockStatusForDeletedBlockLogImpl] DEBUG block.DeletedBlockLogImpl (DeletedBlockLogImpl.java:commitTransactions(256)) - Datanode txId=8 containerId=#8 committed by dnId=b13dbf35-3f05-4a51-87e4-7670ffffb89b
2021-08-10 12:16:26,791 [EventQueue-DeleteBlockStatusForDeletedBlockLogImpl] DEBUG block.DeletedBlockLogImpl (DeletedBlockLogImpl.java:isTransactionFailed(278)) - Got block deletion ACK from datanode, TXIDs=9, success=true
2021-08-10 12:16:26,791 [EventQueue-DeleteBlockStatusForDeletedBlockLogImpl] DEBUG block.DeletedBlockLogImpl (DeletedBlockLogImpl.java:commitTransactions(256)) - Datanode txId=9 containerId=#9 committed by dnId=b13dbf35-3f05-4a51-87e4-7670ffffb89b
2021-08-10 12:16:26,791 [EventQueue-DeleteBlockStatusForDeletedBlockLogImpl] DEBUG block.DeletedBlockLogImpl (DeletedBlockLogImpl.java:isTransactionFailed(278)) - Got block deletion ACK from datanode, TXIDs=10, success=true
2021-08-10 12:16:26,791 [EventQueue-DeleteBlockStatusForDeletedBlockLogImpl] DEBUG block.DeletedBlockLogImpl (DeletedBlockLogImpl.java:commitTransactions(256)) - Datanode txId=10 containerId=#10 committed by dnId=b13dbf35-3f05-4a51-87e4-7670ffffb89b
2021-08-10 12:16:26,791 [EventQueue-DeleteBlockStatusForDeletedBlockLogImpl] DEBUG block.DeletedBlockLogImpl (DeletedBlockLogImpl.java:isTransactionFailed(278)) - Got block deletion ACK from datanode, TXIDs=1, success=true
2021-08-10 12:16:26,791 [EventQueue-DeleteBlockStatusForDeletedBlockLogImpl] DEBUG block.DeletedBlockLogImpl (DeletedBlockLogImpl.java:commitTransactions(256)) - Datanode txId=1 containerId=#1 committed by dnId=b13dbf35-3f05-4a51-87e4-7670ffffb89b
2021-08-10 12:16:26,791 [EventQueue-DeleteBlockStatusForDeletedBlockLogImpl] DEBUG block.DeletedBlockLogImpl (DeletedBlockLogImpl.java:isTransactionFailed(278)) - Got block deletion ACK from datanode, TXIDs=2, success=true
2021-08-10 12:16:26,791 [EventQueue-DeleteBlockStatusForDeletedBlockLogImpl] DEBUG block.DeletedBlockLogImpl (DeletedBlockLogImpl.java:commitTransactions(256)) - Datanode txId=2 containerId=#2 committed by dnId=b13dbf35-3f05-4a51-87e4-7670ffffb89b
2021-08-10 12:16:26,791 [EventQueue-DeleteBlockStatusForDeletedBlockLogImpl] DEBUG block.DeletedBlockLogImpl (DeletedBlockLogImpl.java:isTransactionFailed(278)) - Got block deletion ACK from datanode, TXIDs=3, success=true
2021-08-10 12:16:26,791 [EventQueue-DeleteBlockStatusForDeletedBlockLogImpl] DEBUG block.DeletedBlockLogImpl (DeletedBlockLogImpl.java:commitTransactions(256)) - Datanode txId=3 containerId=#3 committed by dnId=b13dbf35-3f05-4a51-87e4-7670ffffb89b
2021-08-10 12:16:26,791 [EventQueue-DeleteBlockStatusForDeletedBlockLogImpl] DEBUG block.DeletedBlockLogImpl (DeletedBlockLogImpl.java:isTransactionFailed(278)) - Got block deletion ACK from datanode, TXIDs=4, success=true
2021-08-10 12:16:26,791 [EventQueue-DeleteBlockStatusForDeletedBlockLogImpl] DEBUG block.DeletedBlockLogImpl (DeletedBlockLogImpl.java:commitTransactions(256)) - Datanode txId=4 containerId=#4 committed by dnId=b13dbf35-3f05-4a51-87e4-7670ffffb89b
2021-08-10 12:16:26,791 [EventQueue-DeleteBlockStatusForDeletedBlockLogImpl] DEBUG block.DeletedBlockLogImpl (DeletedBlockLogImpl.java:isTransactionFailed(278)) - Got block deletion ACK from datanode, TXIDs=5, success=true
2021-08-10 12:16:26,791 [EventQueue-DeleteBlockStatusForDeletedBlockLogImpl] DEBUG block.DeletedBlockLogImpl (DeletedBlockLogImpl.java:commitTransactions(256)) - Datanode txId=5 containerId=#5 committed by dnId=b13dbf35-3f05-4a51-87e4-7670ffffb89b
2021-08-10 12:16:26,791 [EventQueue-DeleteBlockStatusForDeletedBlockLogImpl] DEBUG block.DeletedBlockLogImpl (DeletedBlockLogImpl.java:isTransactionFailed(278)) - Got block deletion ACK from datanode, TXIDs=6, success=true
2021-08-10 12:16:26,791 [EventQueue-DeleteBlockStatusForDeletedBlockLogImpl] DEBUG block.DeletedBlockLogImpl (DeletedBlockLogImpl.java:commitTransactions(256)) - Datanode txId=6 containerId=#6 committed by dnId=b13dbf35-3f05-4a51-87e4-7670ffffb89b
2021-08-10 12:16:26,791 [EventQueue-DeleteBlockStatusForDeletedBlockLogImpl] DEBUG block.DeletedBlockLogImpl (DeletedBlockLogImpl.java:isTransactionFailed(278)) - Got block deletion ACK from datanode, TXIDs=7, success=true
2021-08-10 12:16:26,791 [EventQueue-DeleteBlockStatusForDeletedBlockLogImpl] DEBUG block.DeletedBlockLogImpl (DeletedBlockLogImpl.java:commitTransactions(256)) - Datanode txId=7 containerId=#7 committed by dnId=b13dbf35-3f05-4a51-87e4-7670ffffb89b
2021-08-10 12:16:26,795 [EventQueue-DeleteBlockStatusForDeletedBlockLogImpl] DEBUG block.DeletedBlockLogImpl (DeletedBlockLogImpl.java:isTransactionFailed(278)) - Got block deletion ACK from datanode, TXIDs=8, success=true
2021-08-10 12:16:26,796 [EventQueue-DeleteBlockStatusForDeletedBlockLogImpl] DEBUG block.DeletedBlockLogImpl (DeletedBlockLogImpl.java:commitTransactions(256)) - Datanode txId=8 containerId=#8 committed by dnId=b13dbf35-3f05-4a51-87e4-7670ffffb89b
2021-08-10 12:16:26,796 [EventQueue-DeleteBlockStatusForDeletedBlockLogImpl] DEBUG block.DeletedBlockLogImpl (DeletedBlockLogImpl.java:isTransactionFailed(278)) - Got block deletion ACK from datanode, TXIDs=9, success=true
2021-08-10 12:16:26,796 [EventQueue-DeleteBlockStatusForDeletedBlockLogImpl] DEBUG block.DeletedBlockLogImpl (DeletedBlockLogImpl.java:commitTransactions(256)) - Datanode txId=9 containerId=#9 committed by dnId=b13dbf35-3f05-4a51-87e4-7670ffffb89b
2021-08-10 12:16:26,796 [EventQueue-DeleteBlockStatusForDeletedBlockLogImpl] DEBUG block.DeletedBlockLogImpl (DeletedBlockLogImpl.java:isTransactionFailed(278)) - Got block deletion ACK from datanode, TXIDs=10, success=true
2021-08-10 12:16:26,796 [EventQueue-DeleteBlockStatusForDeletedBlockLogImpl] DEBUG block.DeletedBlockLogImpl (DeletedBlockLogImpl.java:commitTransactions(256)) - Datanode txId=10 containerId=#10 committed by dnId=b13dbf35-3f05-4a51-87e4-7670ffffb89b
2021-08-10 12:16:26,796 [EventQueue-DeleteBlockStatusForDeletedBlockLogImpl] DEBUG block.DeletedBlockLogImpl (DeletedBlockLogImpl.java:isTransactionFailed(278)) - Got block deletion ACK from datanode, TXIDs=1, success=true
2021-08-10 12:16:26,796 [EventQueue-DeleteBlockStatusForDeletedBlockLogImpl] DEBUG block.DeletedBlockLogImpl (DeletedBlockLogImpl.java:commitTransactions(256)) - Datanode txId=1 containerId=#1 committed by dnId=b13dbf35-3f05-4a51-87e4-7670ffffb89b
2021-08-10 12:16:26,796 [EventQueue-DeleteBlockStatusForDeletedBlockLogImpl] DEBUG block.DeletedBlockLogImpl (DeletedBlockLogImpl.java:isTransactionFailed(278)) - Got block deletion ACK from datanode, TXIDs=2, success=true
2021-08-10 12:16:26,797 [EventQueue-DeleteBlockStatusForDeletedBlockLogImpl] DEBUG block.DeletedBlockLogImpl (DeletedBlockLogImpl.java:commitTransactions(256)) - Datanode txId=2 containerId=#2 committed by dnId=b13dbf35-3f05-4a51-87e4-7670ffffb89b
2021-08-10 12:16:26,797 [EventQueue-DeleteBlockStatusForDeletedBlockLogImpl] DEBUG block.DeletedBlockLogImpl (DeletedBlockLogImpl.java:isTransactionFailed(278)) - Got block deletion ACK from datanode, TXIDs=3, success=true
2021-08-10 12:16:26,798 [EventQueue-DeleteBlockStatusForDeletedBlockLogImpl] DEBUG block.DeletedBlockLogImpl (DeletedBlockLogImpl.java:commitTransactions(256)) - Datanode txId=3 containerId=#3 committed by dnId=b13dbf35-3f05-4a51-87e4-7670ffffb89b
2021-08-10 12:16:26,798 [EventQueue-DeleteBlockStatusForDeletedBlockLogImpl] DEBUG block.DeletedBlockLogImpl (DeletedBlockLogImpl.java:isTransactionFailed(278)) - Got block deletion ACK from datanode, TXIDs=4, success=true
2021-08-10 12:16:26,798 [EventQueue-DeleteBlockStatusForDeletedBlockLogImpl] DEBUG block.DeletedBlockLogImpl (DeletedBlockLogImpl.java:commitTransactions(256)) - Datanode txId=4 containerId=#4 committed by dnId=b13dbf35-3f05-4a51-87e4-7670ffffb89b
2021-08-10 12:16:26,798 [EventQueue-DeleteBlockStatusForDeletedBlockLogImpl] DEBUG block.DeletedBlockLogImpl (DeletedBlockLogImpl.java:isTransactionFailed(278)) - Got block deletion ACK from datanode, TXIDs=5, success=true
2021-08-10 12:16:26,798 [EventQueue-DeleteBlockStatusForDeletedBlockLogImpl] DEBUG block.DeletedBlockLogImpl (DeletedBlockLogImpl.java:commitTransactions(256)) - Datanode txId=5 containerId=#5 committed by dnId=b13dbf35-3f05-4a51-87e4-7670ffffb89b
2021-08-10 12:16:26,798 [EventQueue-DeleteBlockStatusForDeletedBlockLogImpl] DEBUG block.DeletedBlockLogImpl (DeletedBlockLogImpl.java:isTransactionFailed(278)) - Got block deletion ACK from datanode, TXIDs=6, success=true
2021-08-10 12:16:26,798 [EventQueue-DeleteBlockStatusForDeletedBlockLogImpl] DEBUG block.DeletedBlockLogImpl (DeletedBlockLogImpl.java:commitTransactions(256)) - Datanode txId=6 containerId=#6 committed by dnId=b13dbf35-3f05-4a51-87e4-7670ffffb89b
2021-08-10 12:16:26,798 [EventQueue-DeleteBlockStatusForDeletedBlockLogImpl] DEBUG block.DeletedBlockLogImpl (DeletedBlockLogImpl.java:isTransactionFailed(278)) - Got block deletion ACK from datanode, TXIDs=7, success=true
2021-08-10 12:16:26,798 [EventQueue-DeleteBlockStatusForDeletedBlockLogImpl] DEBUG block.DeletedBlockLogImpl (DeletedBlockLogImpl.java:commitTransactions(256)) - Datanode txId=7 containerId=#7 committed by dnId=b13dbf35-3f05-4a51-87e4-7670ffffb89b
2021-08-10 12:16:26,798 [EventQueue-DeleteBlockStatusForDeletedBlockLogImpl] DEBUG block.DeletedBlockLogImpl (DeletedBlockLogImpl.java:isTransactionFailed(278)) - Got block deletion ACK from datanode, TXIDs=8, success=true
2021-08-10 12:16:26,798 [EventQueue-DeleteBlockStatusForDeletedBlockLogImpl] DEBUG block.DeletedBlockLogImpl (DeletedBlockLogImpl.java:commitTransactions(256)) - Datanode txId=8 containerId=#8 committed by dnId=b13dbf35-3f05-4a51-87e4-7670ffffb89b
2021-08-10 12:16:26,798 [EventQueue-DeleteBlockStatusForDeletedBlockLogImpl] DEBUG block.DeletedBlockLogImpl (DeletedBlockLogImpl.java:isTransactionFailed(278)) - Got block deletion ACK from datanode, TXIDs=9, success=true
2021-08-10 12:16:26,798 [EventQueue-DeleteBlockStatusForDeletedBlockLogImpl] DEBUG block.DeletedBlockLogImpl (DeletedBlockLogImpl.java:commitTransactions(256)) - Datanode txId=9 containerId=#9 committed by dnId=b13dbf35-3f05-4a51-87e4-7670ffffb89b
2021-08-10 12:16:26,798 [EventQueue-DeleteBlockStatusForDeletedBlockLogImpl] DEBUG block.DeletedBlockLogImpl (DeletedBlockLogImpl.java:isTransactionFailed(278)) - Got block deletion ACK from datanode, TXIDs=10, success=true
2021-08-10 12:16:26,798 [EventQueue-DeleteBlockStatusForDeletedBlockLogImpl] DEBUG block.DeletedBlockLogImpl (DeletedBlockLogImpl.java:commitTransactions(256)) - Datanode txId=10 containerId=#10 committed by dnId=b13dbf35-3f05-4a51-87e4-7670ffffb89b
2021-08-10 12:16:26,798 [EventQueue-DeleteBlockStatusForDeletedBlockLogImpl] DEBUG block.DeletedBlockLogImpl (DeletedBlockLogImpl.java:isTransactionFailed(278)) - Got block deletion ACK from datanode, TXIDs=11, success=true
2021-08-10 12:16:26,798 [EventQueue-DeleteBlockStatusForDeletedBlockLogImpl] DEBUG block.DeletedBlockLogImpl (DeletedBlockLogImpl.java:commitTransactions(256)) - Datanode txId=11 containerId=#11 committed by dnId=b13dbf35-3f05-4a51-87e4-7670ffffb89b
2021-08-10 12:16:26,798 [EventQueue-DeleteBlockStatusForDeletedBlockLogImpl] DEBUG block.DeletedBlockLogImpl (DeletedBlockLogImpl.java:isTransactionFailed(278)) - Got block deletion ACK from datanode, TXIDs=12, success=true
2021-08-10 12:16:26,798 [EventQueue-DeleteBlockStatusForDeletedBlockLogImpl] DEBUG block.DeletedBlockLogImpl (DeletedBlockLogImpl.java:commitTransactions(256)) - Datanode txId=12 containerId=#12 committed by dnId=b13dbf35-3f05-4a51-87e4-7670ffffb89b
2021-08-10 12:16:26,798 [EventQueue-DeleteBlockStatusForDeletedBlockLogImpl] DEBUG block.DeletedBlockLogImpl (DeletedBlockLogImpl.java:isTransactionFailed(278)) - Got block deletion ACK from datanode, TXIDs=13, success=true
2021-08-10 12:16:26,798 [EventQueue-DeleteBlockStatusForDeletedBlockLogImpl] DEBUG block.DeletedBlockLogImpl (DeletedBlockLogImpl.java:commitTransactions(256)) - Datanode txId=13 containerId=#13 committed by dnId=b13dbf35-3f05-4a51-87e4-7670ffffb89b
2021-08-10 12:16:26,798 [EventQueue-DeleteBlockStatusForDeletedBlockLogImpl] DEBUG block.DeletedBlockLogImpl (DeletedBlockLogImpl.java:isTransactionFailed(278)) - Got block deletion ACK from datanode, TXIDs=14, success=true
2021-08-10 12:16:26,798 [EventQueue-DeleteBlockStatusForDeletedBlockLogImpl] DEBUG block.DeletedBlockLogImpl (DeletedBlockLogImpl.java:commitTransactions(256)) - Datanode txId=14 containerId=#14 committed by dnId=b13dbf35-3f05-4a51-87e4-7670ffffb89b
2021-08-10 12:16:26,798 [EventQueue-DeleteBlockStatusForDeletedBlockLogImpl] DEBUG block.DeletedBlockLogImpl (DeletedBlockLogImpl.java:isTransactionFailed(278)) - Got block deletion ACK from datanode, TXIDs=15, success=true
2021-08-10 12:16:26,798 [EventQueue-DeleteBlockStatusForDeletedBlockLogImpl] DEBUG block.DeletedBlockLogImpl (DeletedBlockLogImpl.java:commitTransactions(256)) - Datanode txId=15 containerId=#15 committed by dnId=b13dbf35-3f05-4a51-87e4-7670ffffb89b
2021-08-10 12:16:26,798 [EventQueue-DeleteBlockStatusForDeletedBlockLogImpl] DEBUG block.DeletedBlockLogImpl (DeletedBlockLogImpl.java:isTransactionFailed(278)) - Got block deletion ACK from datanode, TXIDs=16, success=true
2021-08-10 12:16:26,798 [EventQueue-DeleteBlockStatusForDeletedBlockLogImpl] DEBUG block.DeletedBlockLogImpl (DeletedBlockLogImpl.java:commitTransactions(256)) - Datanode txId=16 containerId=#16 committed by dnId=b13dbf35-3f05-4a51-87e4-7670ffffb89b
2021-08-10 12:16:26,798 [EventQueue-DeleteBlockStatusForDeletedBlockLogImpl] DEBUG block.DeletedBlockLogImpl (DeletedBlockLogImpl.java:isTransactionFailed(278)) - Got block deletion ACK from datanode, TXIDs=17, success=true
2021-08-10 12:16:26,798 [EventQueue-DeleteBlockStatusForDeletedBlockLogImpl] DEBUG block.DeletedBlockLogImpl (DeletedBlockLogImpl.java:commitTransactions(256)) - Datanode txId=17 containerId=#17 committed by dnId=b13dbf35-3f05-4a51-87e4-7670ffffb89b
2021-08-10 12:16:26,799 [EventQueue-DeleteBlockStatusForDeletedBlockLogImpl] DEBUG block.DeletedBlockLogImpl (DeletedBlockLogImpl.java:isTransactionFailed(278)) - Got block deletion ACK from datanode, TXIDs=18, success=true
2021-08-10 12:16:26,799 [EventQueue-DeleteBlockStatusForDeletedBlockLogImpl] DEBUG block.DeletedBlockLogImpl (DeletedBlockLogImpl.java:commitTransactions(256)) - Datanode txId=18 containerId=#18 committed by dnId=b13dbf35-3f05-4a51-87e4-7670ffffb89b
2021-08-10 12:16:26,799 [EventQueue-DeleteBlockStatusForDeletedBlockLogImpl] DEBUG block.DeletedBlockLogImpl (DeletedBlockLogImpl.java:isTransactionFailed(278)) - Got block deletion ACK from datanode, TXIDs=19, success=true
2021-08-10 12:16:26,799 [EventQueue-DeleteBlockStatusForDeletedBlockLogImpl] DEBUG block.DeletedBlockLogImpl (DeletedBlockLogImpl.java:commitTransactions(256)) - Datanode txId=19 containerId=#19 committed by dnId=b13dbf35-3f05-4a51-87e4-7670ffffb89b
2021-08-10 12:16:26,799 [EventQueue-DeleteBlockStatusForDeletedBlockLogImpl] DEBUG block.DeletedBlockLogImpl (DeletedBlockLogImpl.java:isTransactionFailed(278)) - Got block deletion ACK from datanode, TXIDs=20, success=true
2021-08-10 12:16:26,799 [EventQueue-DeleteBlockStatusForDeletedBlockLogImpl] DEBUG block.DeletedBlockLogImpl (DeletedBlockLogImpl.java:commitTransactions(256)) - Datanode txId=20 containerId=#20 committed by dnId=b13dbf35-3f05-4a51-87e4-7670ffffb89b
2021-08-10 12:16:26,799 [EventQueue-DeleteBlockStatusForDeletedBlockLogImpl] DEBUG block.DeletedBlockLogImpl (DeletedBlockLogImpl.java:isTransactionFailed(278)) - Got block deletion ACK from datanode, TXIDs=21, success=true
2021-08-10 12:16:26,799 [EventQueue-DeleteBlockStatusForDeletedBlockLogImpl] DEBUG block.DeletedBlockLogImpl (DeletedBlockLogImpl.java:commitTransactions(256)) - Datanode txId=21 containerId=#21 committed by dnId=b13dbf35-3f05-4a51-87e4-7670ffffb89b
2021-08-10 12:16:26,799 [EventQueue-DeleteBlockStatusForDeletedBlockLogImpl] DEBUG block.DeletedBlockLogImpl (DeletedBlockLogImpl.java:isTransactionFailed(278)) - Got block deletion ACK from datanode, TXIDs=22, success=true
2021-08-10 12:16:26,799 [EventQueue-DeleteBlockStatusForDeletedBlockLogImpl] DEBUG block.DeletedBlockLogImpl (DeletedBlockLogImpl.java:commitTransactions(256)) - Datanode txId=22 containerId=#22 committed by dnId=b13dbf35-3f05-4a51-87e4-7670ffffb89b
2021-08-10 12:16:26,799 [EventQueue-DeleteBlockStatusForDeletedBlockLogImpl] DEBUG block.DeletedBlockLogImpl (DeletedBlockLogImpl.java:isTransactionFailed(278)) - Got block deletion ACK from datanode, TXIDs=23, success=true
2021-08-10 12:16:26,799 [EventQueue-DeleteBlockStatusForDeletedBlockLogImpl] DEBUG block.DeletedBlockLogImpl (DeletedBlockLogImpl.java:commitTransactions(256)) - Datanode txId=23 containerId=#23 committed by dnId=b13dbf35-3f05-4a51-87e4-7670ffffb89b
2021-08-10 12:16:26,799 [EventQueue-DeleteBlockStatusForDeletedBlockLogImpl] DEBUG block.DeletedBlockLogImpl (DeletedBlockLogImpl.java:isTransactionFailed(278)) - Got block deletion ACK from datanode, TXIDs=24, success=true
2021-08-10 12:16:26,799 [EventQueue-DeleteBlockStatusForDeletedBlockLogImpl] DEBUG block.DeletedBlockLogImpl (DeletedBlockLogImpl.java:commitTransactions(256)) - Datanode txId=24 containerId=#24 committed by dnId=b13dbf35-3f05-4a51-87e4-7670ffffb89b
2021-08-10 12:16:26,799 [EventQueue-DeleteBlockStatusForDeletedBlockLogImpl] DEBUG block.DeletedBlockLogImpl (DeletedBlockLogImpl.java:isTransactionFailed(278)) - Got block deletion ACK from datanode, TXIDs=25, success=true
2021-08-10 12:16:26,799 [EventQueue-DeleteBlockStatusForDeletedBlockLogImpl] DEBUG block.DeletedBlockLogImpl (DeletedBlockLogImpl.java:commitTransactions(256)) - Datanode txId=25 containerId=#25 committed by dnId=b13dbf35-3f05-4a51-87e4-7670ffffb89b
2021-08-10 12:16:26,799 [EventQueue-DeleteBlockStatusForDeletedBlockLogImpl] DEBUG block.DeletedBlockLogImpl (DeletedBlockLogImpl.java:isTransactionFailed(278)) - Got block deletion ACK from datanode, TXIDs=26, success=true
2021-08-10 12:16:26,799 [EventQueue-DeleteBlockStatusForDeletedBlockLogImpl] DEBUG block.DeletedBlockLogImpl (DeletedBlockLogImpl.java:commitTransactions(256)) - Datanode txId=26 containerId=#26 committed by dnId=b13dbf35-3f05-4a51-87e4-7670ffffb89b
2021-08-10 12:16:26,799 [EventQueue-DeleteBlockStatusForDeletedBlockLogImpl] DEBUG block.DeletedBlockLogImpl (DeletedBlockLogImpl.java:isTransactionFailed(278)) - Got block deletion ACK from datanode, TXIDs=27, success=true
2021-08-10 12:16:26,799 [EventQueue-DeleteBlockStatusForDeletedBlockLogImpl] DEBUG block.DeletedBlockLogImpl (DeletedBlockLogImpl.java:commitTransactions(256)) - Datanode txId=27 containerId=#27 committed by dnId=b13dbf35-3f05-4a51-87e4-7670ffffb89b
2021-08-10 12:16:26,799 [EventQueue-DeleteBlockStatusForDeletedBlockLogImpl] DEBUG block.DeletedBlockLogImpl (DeletedBlockLogImpl.java:isTransactionFailed(278)) - Got block deletion ACK from datanode, TXIDs=28, success=true
2021-08-10 12:16:26,799 [EventQueue-DeleteBlockStatusForDeletedBlockLogImpl] DEBUG block.DeletedBlockLogImpl (DeletedBlockLogImpl.java:commitTransactions(256)) - Datanode txId=28 containerId=#28 committed by dnId=b13dbf35-3f05-4a51-87e4-7670ffffb89b
2021-08-10 12:16:26,799 [EventQueue-DeleteBlockStatusForDeletedBlockLogImpl] DEBUG block.DeletedBlockLogImpl (DeletedBlockLogImpl.java:isTransactionFailed(278)) - Got block deletion ACK from datanode, TXIDs=29, success=true
2021-08-10 12:16:26,799 [EventQueue-DeleteBlockStatusForDeletedBlockLogImpl] DEBUG block.DeletedBlockLogImpl (DeletedBlockLogImpl.java:commitTransactions(256)) - Datanode txId=29 containerId=#29 committed by dnId=b13dbf35-3f05-4a51-87e4-7670ffffb89b
2021-08-10 12:16:26,799 [EventQueue-DeleteBlockStatusForDeletedBlockLogImpl] DEBUG block.DeletedBlockLogImpl (DeletedBlockLogImpl.java:isTransactionFailed(278)) - Got block deletion ACK from datanode, TXIDs=30, success=true
2021-08-10 12:16:26,799 [EventQueue-DeleteBlockStatusForDeletedBlockLogImpl] DEBUG block.DeletedBlockLogImpl (DeletedBlockLogImpl.java:commitTransactions(256)) - Datanode txId=30 containerId=#30 committed by dnId=b13dbf35-3f05-4a51-87e4-7670ffffb89b
2021-08-10 12:16:26,799 [EventQueue-DeleteBlockStatusForDeletedBlockLogImpl] DEBUG block.DeletedBlockLogImpl (DeletedBlockLogImpl.java:isTransactionFailed(278)) - Got block deletion ACK from datanode, TXIDs=31, success=true
2021-08-10 12:16:26,799 [EventQueue-DeleteBlockStatusForDeletedBlockLogImpl] DEBUG block.DeletedBlockLogImpl (DeletedBlockLogImpl.java:commitTransactions(256)) - Datanode txId=31 containerId=#31 committed by dnId=b13dbf35-3f05-4a51-87e4-7670ffffb89b
2021-08-10 12:16:26,800 [EventQueue-DeleteBlockStatusForDeletedBlockLogImpl] DEBUG block.DeletedBlockLogImpl (DeletedBlockLogImpl.java:isTransactionFailed(278)) - Got block deletion ACK from datanode, TXIDs=32, success=true
2021-08-10 12:16:26,800 [EventQueue-DeleteBlockStatusForDeletedBlockLogImpl] DEBUG block.DeletedBlockLogImpl (DeletedBlockLogImpl.java:commitTransactions(256)) - Datanode txId=32 containerId=#32 committed by dnId=b13dbf35-3f05-4a51-87e4-7670ffffb89b
2021-08-10 12:16:26,800 [EventQueue-DeleteBlockStatusForDeletedBlockLogImpl] DEBUG block.DeletedBlockLogImpl (DeletedBlockLogImpl.java:isTransactionFailed(278)) - Got block deletion ACK from datanode, TXIDs=33, success=true
2021-08-10 12:16:26,800 [EventQueue-DeleteBlockStatusForDeletedBlockLogImpl] DEBUG block.DeletedBlockLogImpl (DeletedBlockLogImpl.java:commitTransactions(256)) - Datanode txId=33 containerId=#33 committed by dnId=b13dbf35-3f05-4a51-87e4-7670ffffb89b
2021-08-10 12:16:26,800 [EventQueue-DeleteBlockStatusForDeletedBlockLogImpl] DEBUG block.DeletedBlockLogImpl (DeletedBlockLogImpl.java:isTransactionFailed(278)) - Got block deletion ACK from datanode, TXIDs=34, success=true
2021-08-10 12:16:26,800 [EventQueue-DeleteBlockStatusForDeletedBlockLogImpl] DEBUG block.DeletedBlockLogImpl (DeletedBlockLogImpl.java:commitTransactions(256)) - Datanode txId=34 containerId=#34 committed by dnId=b13dbf35-3f05-4a51-87e4-7670ffffb89b
2021-08-10 12:16:26,800 [EventQueue-DeleteBlockStatusForDeletedBlockLogImpl] DEBUG block.DeletedBlockLogImpl (DeletedBlockLogImpl.java:isTransactionFailed(278)) - Got block deletion ACK from datanode, TXIDs=35, success=true
2021-08-10 12:16:26,800 [EventQueue-DeleteBlockStatusForDeletedBlockLogImpl] DEBUG block.DeletedBlockLogImpl (DeletedBlockLogImpl.java:commitTransactions(256)) - Datanode txId=35 containerId=#35 committed by dnId=b13dbf35-3f05-4a51-87e4-7670ffffb89b
2021-08-10 12:16:26,800 [EventQueue-DeleteBlockStatusForDeletedBlockLogImpl] DEBUG block.DeletedBlockLogImpl (DeletedBlockLogImpl.java:isTransactionFailed(278)) - Got block deletion ACK from datanode, TXIDs=36, success=true
2021-08-10 12:16:26,800 [EventQueue-DeleteBlockStatusForDeletedBlockLogImpl] DEBUG block.DeletedBlockLogImpl (DeletedBlockLogImpl.java:commitTransactions(256)) - Datanode txId=36 containerId=#36 committed by dnId=b13dbf35-3f05-4a51-87e4-7670ffffb89b
2021-08-10 12:16:26,800 [EventQueue-DeleteBlockStatusForDeletedBlockLogImpl] DEBUG block.DeletedBlockLogImpl (DeletedBlockLogImpl.java:isTransactionFailed(278)) - Got block deletion ACK from datanode, TXIDs=37, success=true
2021-08-10 12:16:26,800 [EventQueue-DeleteBlockStatusForDeletedBlockLogImpl] DEBUG block.DeletedBlockLogImpl (DeletedBlockLogImpl.java:commitTransactions(256)) - Datanode txId=37 containerId=#37 committed by dnId=b13dbf35-3f05-4a51-87e4-7670ffffb89b
2021-08-10 12:16:26,800 [EventQueue-DeleteBlockStatusForDeletedBlockLogImpl] DEBUG block.DeletedBlockLogImpl (DeletedBlockLogImpl.java:isTransactionFailed(278)) - Got block deletion ACK from datanode, TXIDs=38, success=true
2021-08-10 12:16:26,800 [EventQueue-DeleteBlockStatusForDeletedBlockLogImpl] DEBUG block.DeletedBlockLogImpl (DeletedBlockLogImpl.java:commitTransactions(256)) - Datanode txId=38 containerId=#38 committed by dnId=b13dbf35-3f05-4a51-87e4-7670ffffb89b
2021-08-10 12:16:26,800 [EventQueue-DeleteBlockStatusForDeletedBlockLogImpl] DEBUG block.DeletedBlockLogImpl (DeletedBlockLogImpl.java:isTransactionFailed(278)) - Got block deletion ACK from datanode, TXIDs=39, success=true
2021-08-10 12:16:26,800 [EventQueue-DeleteBlockStatusForDeletedBlockLogImpl] DEBUG block.DeletedBlockLogImpl (DeletedBlockLogImpl.java:commitTransactions(256)) - Datanode txId=39 containerId=#39 committed by dnId=b13dbf35-3f05-4a51-87e4-7670ffffb89b
2021-08-10 12:16:26,800 [EventQueue-DeleteBlockStatusForDeletedBlockLogImpl] DEBUG block.DeletedBlockLogImpl (DeletedBlockLogImpl.java:isTransactionFailed(278)) - Got block deletion ACK from datanode, TXIDs=40, success=true
2021-08-10 12:16:26,800 [EventQueue-DeleteBlockStatusForDeletedBlockLogImpl] DEBUG block.DeletedBlockLogImpl (DeletedBlockLogImpl.java:commitTransactions(256)) - Datanode txId=40 containerId=#40 committed by dnId=b13dbf35-3f05-4a51-87e4-7670ffffb89b
2021-08-10 12:16:26,800 [EventQueue-DeleteBlockStatusForDeletedBlockLogImpl] DEBUG block.DeletedBlockLogImpl (DeletedBlockLogImpl.java:isTransactionFailed(278)) - Got block deletion ACK from datanode, TXIDs=41, success=true
2021-08-10 12:16:26,800 [EventQueue-DeleteBlockStatusForDeletedBlockLogImpl] DEBUG block.DeletedBlockLogImpl (DeletedBlockLogImpl.java:commitTransactions(256)) - Datanode txId=41 containerId=#41 committed by dnId=b13dbf35-3f05-4a51-87e4-7670ffffb89b
2021-08-10 12:16:26,800 [EventQueue-DeleteBlockStatusForDeletedBlockLogImpl] DEBUG block.DeletedBlockLogImpl (DeletedBlockLogImpl.java:isTransactionFailed(278)) - Got block deletion ACK from datanode, TXIDs=42, success=true
2021-08-10 12:16:26,800 [EventQueue-DeleteBlockStatusForDeletedBlockLogImpl] DEBUG block.DeletedBlockLogImpl (DeletedBlockLogImpl.java:commitTransactions(256)) - Datanode txId=42 containerId=#42 committed by dnId=b13dbf35-3f05-4a51-87e4-7670ffffb89b
2021-08-10 12:16:26,800 [EventQueue-DeleteBlockStatusForDeletedBlockLogImpl] DEBUG block.DeletedBlockLogImpl (DeletedBlockLogImpl.java:isTransactionFailed(278)) - Got block deletion ACK from datanode, TXIDs=43, success=true
2021-08-10 12:16:26,800 [EventQueue-DeleteBlockStatusForDeletedBlockLogImpl] DEBUG block.DeletedBlockLogImpl (DeletedBlockLogImpl.java:commitTransactions(256)) - Datanode txId=43 containerId=#43 committed by dnId=b13dbf35-3f05-4a51-87e4-7670ffffb89b
2021-08-10 12:16:26,800 [EventQueue-DeleteBlockStatusForDeletedBlockLogImpl] DEBUG block.DeletedBlockLogImpl (DeletedBlockLogImpl.java:isTransactionFailed(278)) - Got block deletion ACK from datanode, TXIDs=44, success=true
2021-08-10 12:16:26,800 [EventQueue-DeleteBlockStatusForDeletedBlockLogImpl] DEBUG block.DeletedBlockLogImpl (DeletedBlockLogImpl.java:commitTransactions(256)) - Datanode txId=44 containerId=#44 committed by dnId=b13dbf35-3f05-4a51-87e4-7670ffffb89b
2021-08-10 12:16:26,800 [EventQueue-DeleteBlockStatusForDeletedBlockLogImpl] DEBUG block.DeletedBlockLogImpl (DeletedBlockLogImpl.java:isTransactionFailed(278)) - Got block deletion ACK from datanode, TXIDs=45, success=true
2021-08-10 12:16:26,800 [EventQueue-DeleteBlockStatusForDeletedBlockLogImpl] DEBUG block.DeletedBlockLogImpl (DeletedBlockLogImpl.java:commitTransactions(256)) - Datanode txId=45 containerId=#45 committed by dnId=b13dbf35-3f05-4a51-87e4-7670ffffb89b
2021-08-10 12:16:26,800 [EventQueue-DeleteBlockStatusForDeletedBlockLogImpl] DEBUG block.DeletedBlockLogImpl (DeletedBlockLogImpl.java:isTransactionFailed(278)) - Got block deletion ACK from datanode, TXIDs=46, success=true
2021-08-10 12:16:26,801 [EventQueue-DeleteBlockStatusForDeletedBlockLogImpl] DEBUG block.DeletedBlockLogImpl (DeletedBlockLogImpl.java:commitTransactions(256)) - Datanode txId=46 containerId=#46 committed by dnId=b13dbf35-3f05-4a51-87e4-7670ffffb89b
2021-08-10 12:16:26,801 [EventQueue-DeleteBlockStatusForDeletedBlockLogImpl] DEBUG block.DeletedBlockLogImpl (DeletedBlockLogImpl.java:isTransactionFailed(278)) - Got block deletion ACK from datanode, TXIDs=47, success=true
2021-08-10 12:16:26,801 [EventQueue-DeleteBlockStatusForDeletedBlockLogImpl] DEBUG block.DeletedBlockLogImpl (DeletedBlockLogImpl.java:commitTransactions(256)) - Datanode txId=47 containerId=#47 committed by dnId=b13dbf35-3f05-4a51-87e4-7670ffffb89b
2021-08-10 12:16:26,801 [EventQueue-DeleteBlockStatusForDeletedBlockLogImpl] DEBUG block.DeletedBlockLogImpl (DeletedBlockLogImpl.java:isTransactionFailed(278)) - Got block deletion ACK from datanode, TXIDs=48, success=true
2021-08-10 12:16:26,801 [EventQueue-DeleteBlockStatusForDeletedBlockLogImpl] DEBUG block.DeletedBlockLogImpl (DeletedBlockLogImpl.java:commitTransactions(256)) - Datanode txId=48 containerId=#48 committed by dnId=b13dbf35-3f05-4a51-87e4-7670ffffb89b
2021-08-10 12:16:26,801 [EventQueue-DeleteBlockStatusForDeletedBlockLogImpl] DEBUG block.DeletedBlockLogImpl (DeletedBlockLogImpl.java:isTransactionFailed(278)) - Got block deletion ACK from datanode, TXIDs=49, success=true
2021-08-10 12:16:26,801 [EventQueue-DeleteBlockStatusForDeletedBlockLogImpl] DEBUG block.DeletedBlockLogImpl (DeletedBlockLogImpl.java:commitTransactions(256)) - Datanode txId=49 containerId=#49 committed by dnId=b13dbf35-3f05-4a51-87e4-7670ffffb89b
2021-08-10 12:16:26,801 [EventQueue-DeleteBlockStatusForDeletedBlockLogImpl] DEBUG block.DeletedBlockLogImpl (DeletedBlockLogImpl.java:isTransactionFailed(278)) - Got block deletion ACK from datanode, TXIDs=50, success=true
2021-08-10 12:16:26,801 [EventQueue-DeleteBlockStatusForDeletedBlockLogImpl] DEBUG block.DeletedBlockLogImpl (DeletedBlockLogImpl.java:commitTransactions(256)) - Datanode txId=50 containerId=#50 committed by dnId=b13dbf35-3f05-4a51-87e4-7670ffffb89b
2021-08-10 12:16:26,801 [EventQueue-DeleteBlockStatusForDeletedBlockLogImpl] DEBUG block.DeletedBlockLogImpl (DeletedBlockLogImpl.java:isTransactionFailed(278)) - Got block deletion ACK from datanode, TXIDs=51, success=true
2021-08-10 12:16:26,801 [EventQueue-DeleteBlockStatusForDeletedBlockLogImpl] DEBUG block.DeletedBlockLogImpl (DeletedBlockLogImpl.java:commitTransactions(256)) - Datanode txId=51 containerId=#51 committed by dnId=b13dbf35-3f05-4a51-87e4-7670ffffb89b
2021-08-10 12:16:26,801 [EventQueue-DeleteBlockStatusForDeletedBlockLogImpl] DEBUG block.DeletedBlockLogImpl (DeletedBlockLogImpl.java:isTransactionFailed(278)) - Got block deletion ACK from datanode, TXIDs=52, success=true
2021-08-10 12:16:26,801 [EventQueue-DeleteBlockStatusForDeletedBlockLogImpl] DEBUG block.DeletedBlockLogImpl (DeletedBlockLogImpl.java:commitTransactions(256)) - Datanode txId=52 containerId=#52 committed by dnId=b13dbf35-3f05-4a51-87e4-7670ffffb89b
2021-08-10 12:16:26,801 [EventQueue-DeleteBlockStatusForDeletedBlockLogImpl] DEBUG block.DeletedBlockLogImpl (DeletedBlockLogImpl.java:isTransactionFailed(278)) - Got block deletion ACK from datanode, TXIDs=53, success=true
2021-08-10 12:16:26,801 [EventQueue-DeleteBlockStatusForDeletedBlockLogImpl] DEBUG block.DeletedBlockLogImpl (DeletedBlockLogImpl.java:commitTransactions(256)) - Datanode txId=53 containerId=#53 committed by dnId=b13dbf35-3f05-4a51-87e4-7670ffffb89b
2021-08-10 12:16:26,801 [EventQueue-DeleteBlockStatusForDeletedBlockLogImpl] DEBUG block.DeletedBlockLogImpl (DeletedBlockLogImpl.java:isTransactionFailed(278)) - Got block deletion ACK from datanode, TXIDs=54, success=true
2021-08-10 12:16:26,801 [EventQueue-DeleteBlockStatusForDeletedBlockLogImpl] DEBUG block.DeletedBlockLogImpl (DeletedBlockLogImpl.java:commitTransactions(256)) - Datanode txId=54 containerId=#54 committed by dnId=b13dbf35-3f05-4a51-87e4-7670ffffb89b
2021-08-10 12:16:26,801 [EventQueue-DeleteBlockStatusForDeletedBlockLogImpl] DEBUG block.DeletedBlockLogImpl (DeletedBlockLogImpl.java:isTransactionFailed(278)) - Got block deletion ACK from datanode, TXIDs=55, success=true
2021-08-10 12:16:26,801 [EventQueue-DeleteBlockStatusForDeletedBlockLogImpl] DEBUG block.DeletedBlockLogImpl (DeletedBlockLogImpl.java:commitTransactions(256)) - Datanode txId=55 containerId=#55 committed by dnId=b13dbf35-3f05-4a51-87e4-7670ffffb89b
2021-08-10 12:16:26,801 [EventQueue-DeleteBlockStatusForDeletedBlockLogImpl] DEBUG block.DeletedBlockLogImpl (DeletedBlockLogImpl.java:isTransactionFailed(278)) - Got block deletion ACK from datanode, TXIDs=56, success=true
2021-08-10 12:16:26,801 [EventQueue-DeleteBlockStatusForDeletedBlockLogImpl] DEBUG block.DeletedBlockLogImpl (DeletedBlockLogImpl.java:commitTransactions(256)) - Datanode txId=56 containerId=#56 committed by dnId=b13dbf35-3f05-4a51-87e4-7670ffffb89b
2021-08-10 12:16:26,834 [SCMBlockDeletingService#0] DEBUG block.SCMBlockDeletingService (SCMBlockDeletingService.java:call(133)) - Running DeletedBlockTransactionScanner
2021-08-10 12:16:26,834 [SCMBlockDeletingService#0] DEBUG block.SCMBlockDeletingService (DatanodeDeletedBlockTransactions.java:addTransactionToDN(50)) - Transaction added: 01235482-5c07-4b37-86e9-3192ec4df84f <- TX(1)
2021-08-10 12:16:26,834 [SCMBlockDeletingService#0] DEBUG block.SCMBlockDeletingService (DatanodeDeletedBlockTransactions.java:addTransactionToDN(50)) - Transaction added: 01235482-5c07-4b37-86e9-3192ec4df84f <- TX(2)
2021-08-10 12:16:26,834 [SCMBlockDeletingService#0] DEBUG block.SCMBlockDeletingService (DatanodeDeletedBlockTransactions.java:addTransactionToDN(50)) - Transaction added: 01235482-5c07-4b37-86e9-3192ec4df84f <- TX(3)
2021-08-10 12:16:26,834 [SCMBlockDeletingService#0] DEBUG block.SCMBlockDeletingService (DatanodeDeletedBlockTransactions.java:addTransactionToDN(50)) - Transaction added: 01235482-5c07-4b37-86e9-3192ec4df84f <- TX(4)
2021-08-10 12:16:26,834 [SCMBlockDeletingService#0] DEBUG block.SCMBlockDeletingService (DatanodeDeletedBlockTransactions.java:addTransactionToDN(50)) - Transaction added: 01235482-5c07-4b37-86e9-3192ec4df84f <- TX(5)
2021-08-10 12:16:26,834 [SCMBlockDeletingService#0] DEBUG block.SCMBlockDeletingService (DatanodeDeletedBlockTransactions.java:addTransactionToDN(50)) - Transaction added: 01235482-5c07-4b37-86e9-3192ec4df84f <- TX(6)
2021-08-10 12:16:26,834 [SCMBlockDeletingService#0] DEBUG block.SCMBlockDeletingService (DatanodeDeletedBlockTransactions.java:addTransactionToDN(50)) - Transaction added: 01235482-5c07-4b37-86e9-3192ec4df84f <- TX(7)
2021-08-10 12:16:26,834 [SCMBlockDeletingService#0] DEBUG block.SCMBlockDeletingService (DatanodeDeletedBlockTransactions.java:addTransactionToDN(50)) - Transaction added: 01235482-5c07-4b37-86e9-3192ec4df84f <- TX(8)
2021-08-10 12:16:26,834 [SCMBlockDeletingService#0] DEBUG block.SCMBlockDeletingService (DatanodeDeletedBlockTransactions.java:addTransactionToDN(50)) - Transaction added: 01235482-5c07-4b37-86e9-3192ec4df84f <- TX(9)
2021-08-10 12:16:26,835 [SCMBlockDeletingService#0] DEBUG block.SCMBlockDeletingService (DatanodeDeletedBlockTransactions.java:addTransactionToDN(50)) - Transaction added: 01235482-5c07-4b37-86e9-3192ec4df84f <- TX(10)
2021-08-10 12:16:26,835 [SCMBlockDeletingService#0] DEBUG block.SCMBlockDeletingService (DatanodeDeletedBlockTransactions.java:addTransactionToDN(50)) - Transaction added: ad4991cb-97ce-4dd6-b117-42e7f6b0816f <- TX(10)
2021-08-10 12:16:26,835 [SCMBlockDeletingService#0] DEBUG block.SCMBlockDeletingService (DatanodeDeletedBlockTransactions.java:addTransactionToDN(50)) - Transaction added: ad4991cb-97ce-4dd6-b117-42e7f6b0816f <- TX(11)
2021-08-10 12:16:26,835 [SCMBlockDeletingService#0] DEBUG block.SCMBlockDeletingService (DatanodeDeletedBlockTransactions.java:addTransactionToDN(50)) - Transaction added: 01235482-5c07-4b37-86e9-3192ec4df84f <- TX(11)
2021-08-10 12:16:26,835 [SCMBlockDeletingService#0] DEBUG block.SCMBlockDeletingService (DatanodeDeletedBlockTransactions.java:addTransactionToDN(50)) - Transaction added: ad4991cb-97ce-4dd6-b117-42e7f6b0816f <- TX(12)
2021-08-10 12:16:26,835 [SCMBlockDeletingService#0] DEBUG block.SCMBlockDeletingService (DatanodeDeletedBlockTransactions.java:addTransactionToDN(50)) - Transaction added: 01235482-5c07-4b37-86e9-3192ec4df84f <- TX(12)
2021-08-10 12:16:26,835 [SCMBlockDeletingService#0] DEBUG block.SCMBlockDeletingService (DatanodeDeletedBlockTransactions.java:addTransactionToDN(50)) - Transaction added: ad4991cb-97ce-4dd6-b117-42e7f6b0816f <- TX(13)
2021-08-10 12:16:26,835 [SCMBlockDeletingService#0] DEBUG block.SCMBlockDeletingService (DatanodeDeletedBlockTransactions.java:addTransactionToDN(50)) - Transaction added: 01235482-5c07-4b37-86e9-3192ec4df84f <- TX(13)
2021-08-10 12:16:26,835 [SCMBlockDeletingService#0] DEBUG block.SCMBlockDeletingService (DatanodeDeletedBlockTransactions.java:addTransactionToDN(50)) - Transaction added: ad4991cb-97ce-4dd6-b117-42e7f6b0816f <- TX(14)
2021-08-10 12:16:26,835 [SCMBlockDeletingService#0] DEBUG block.SCMBlockDeletingService (DatanodeDeletedBlockTransactions.java:addTransactionToDN(50)) - Transaction added: 01235482-5c07-4b37-86e9-3192ec4df84f <- TX(14)
2021-08-10 12:16:26,835 [SCMBlockDeletingService#0] DEBUG block.SCMBlockDeletingService (DatanodeDeletedBlockTransactions.java:addTransactionToDN(50)) - Transaction added: ad4991cb-97ce-4dd6-b117-42e7f6b0816f <- TX(15)
2021-08-10 12:16:26,835 [SCMBlockDeletingService#0] DEBUG block.SCMBlockDeletingService (DatanodeDeletedBlockTransactions.java:addTransactionToDN(50)) - Transaction added: 01235482-5c07-4b37-86e9-3192ec4df84f <- TX(15)
2021-08-10 12:16:26,835 [SCMBlockDeletingService#0] DEBUG block.SCMBlockDeletingService (DatanodeDeletedBlockTransactions.java:addTransactionToDN(50)) - Transaction added: ad4991cb-97ce-4dd6-b117-42e7f6b0816f <- TX(16)
2021-08-10 12:16:26,835 [SCMBlockDeletingService#0] DEBUG block.SCMBlockDeletingService (DatanodeDeletedBlockTransactions.java:addTransactionToDN(50)) - Transaction added: 01235482-5c07-4b37-86e9-3192ec4df84f <- TX(16)
2021-08-10 12:16:26,835 [SCMBlockDeletingService#0] DEBUG block.SCMBlockDeletingService (DatanodeDeletedBlockTransactions.java:addTransactionToDN(50)) - Transaction added: 01235482-5c07-4b37-86e9-3192ec4df84f <- TX(17)
2021-08-10 12:16:26,835 [SCMBlockDeletingService#0] DEBUG block.SCMBlockDeletingService (DatanodeDeletedBlockTransactions.java:addTransactionToDN(50)) - Transaction added: ad4991cb-97ce-4dd6-b117-42e7f6b0816f <- TX(17)
2021-08-10 12:16:26,835 [SCMBlockDeletingService#0] DEBUG block.SCMBlockDeletingService (DatanodeDeletedBlockTransactions.java:addTransactionToDN(50)) - Transaction added: ad4991cb-97ce-4dd6-b117-42e7f6b0816f <- TX(18)
2021-08-10 12:16:26,835 [SCMBlockDeletingService#0] DEBUG block.SCMBlockDeletingService (DatanodeDeletedBlockTransactions.java:addTransactionToDN(50)) - Transaction added: 01235482-5c07-4b37-86e9-3192ec4df84f <- TX(18)
2021-08-10 12:16:26,835 [SCMBlockDeletingService#0] DEBUG block.SCMBlockDeletingService (DatanodeDeletedBlockTransactions.java:addTransactionToDN(50)) - Transaction added: ad4991cb-97ce-4dd6-b117-42e7f6b0816f <- TX(19)
2021-08-10 12:16:26,835 [SCMBlockDeletingService#0] DEBUG block.SCMBlockDeletingService (DatanodeDeletedBlockTransactions.java:addTransactionToDN(50)) - Transaction added: 01235482-5c07-4b37-86e9-3192ec4df84f <- TX(19)
2021-08-10 12:16:26,835 [SCMBlockDeletingService#0] DEBUG block.SCMBlockDeletingService (DatanodeDeletedBlockTransactions.java:addTransactionToDN(50)) - Transaction added: ad4991cb-97ce-4dd6-b117-42e7f6b0816f <- TX(20)
2021-08-10 12:16:26,835 [SCMBlockDeletingService#0] DEBUG block.SCMBlockDeletingService (DatanodeDeletedBlockTransactions.java:addTransactionToDN(50)) - Transaction added: 01235482-5c07-4b37-86e9-3192ec4df84f <- TX(20)
2021-08-10 12:16:26,835 [SCMBlockDeletingService#0] DEBUG block.SCMBlockDeletingService (DatanodeDeletedBlockTransactions.java:addTransactionToDN(50)) - Transaction added: ad4991cb-97ce-4dd6-b117-42e7f6b0816f <- TX(21)
2021-08-10 12:16:26,835 [SCMBlockDeletingService#0] DEBUG block.SCMBlockDeletingService (DatanodeDeletedBlockTransactions.java:addTransactionToDN(50)) - Transaction added: 01235482-5c07-4b37-86e9-3192ec4df84f <- TX(21)
2021-08-10 12:16:26,835 [SCMBlockDeletingService#0] DEBUG block.SCMBlockDeletingService (DatanodeDeletedBlockTransactions.java:addTransactionToDN(50)) - Transaction added: ad4991cb-97ce-4dd6-b117-42e7f6b0816f <- TX(22)
2021-08-10 12:16:26,835 [SCMBlockDeletingService#0] DEBUG block.SCMBlockDeletingService (DatanodeDeletedBlockTransactions.java:addTransactionToDN(50)) - Transaction added: 01235482-5c07-4b37-86e9-3192ec4df84f <- TX(22)
2021-08-10 12:16:26,835 [SCMBlockDeletingService#0] DEBUG block.SCMBlockDeletingService (DatanodeDeletedBlockTransactions.java:addTransactionToDN(50)) - Transaction added: ad4991cb-97ce-4dd6-b117-42e7f6b0816f <- TX(23)
2021-08-10 12:16:26,835 [SCMBlockDeletingService#0] DEBUG block.SCMBlockDeletingService (DatanodeDeletedBlockTransactions.java:addTransactionToDN(50)) - Transaction added: 01235482-5c07-4b37-86e9-3192ec4df84f <- TX(23)
2021-08-10 12:16:26,835 [SCMBlockDeletingService#0] DEBUG block.SCMBlockDeletingService (DatanodeDeletedBlockTransactions.java:addTransactionToDN(50)) - Transaction added: 01235482-5c07-4b37-86e9-3192ec4df84f <- TX(24)
2021-08-10 12:16:26,835 [SCMBlockDeletingService#0] DEBUG block.SCMBlockDeletingService (DatanodeDeletedBlockTransactions.java:addTransactionToDN(50)) - Transaction added: ad4991cb-97ce-4dd6-b117-42e7f6b0816f <- TX(24)
2021-08-10 12:16:26,835 [SCMBlockDeletingService#0] DEBUG block.SCMBlockDeletingService (DatanodeDeletedBlockTransactions.java:addTransactionToDN(50)) - Transaction added: ad4991cb-97ce-4dd6-b117-42e7f6b0816f <- TX(25)
2021-08-10 12:16:26,835 [SCMBlockDeletingService#0] DEBUG block.SCMBlockDeletingService (DatanodeDeletedBlockTransactions.java:addTransactionToDN(50)) - Transaction added: 01235482-5c07-4b37-86e9-3192ec4df84f <- TX(25)
2021-08-10 12:16:26,835 [SCMBlockDeletingService#0] DEBUG block.SCMBlockDeletingService (DatanodeDeletedBlockTransactions.java:addTransactionToDN(50)) - Transaction added: 01235482-5c07-4b37-86e9-3192ec4df84f <- TX(26)
2021-08-10 12:16:26,836 [SCMBlockDeletingService#0] DEBUG block.SCMBlockDeletingService (DatanodeDeletedBlockTransactions.java:addTransactionToDN(50)) - Transaction added: ad4991cb-97ce-4dd6-b117-42e7f6b0816f <- TX(26)
2021-08-10 12:16:26,836 [SCMBlockDeletingService#0] DEBUG block.SCMBlockDeletingService (DatanodeDeletedBlockTransactions.java:addTransactionToDN(50)) - Transaction added: ad4991cb-97ce-4dd6-b117-42e7f6b0816f <- TX(27)
2021-08-10 12:16:26,836 [SCMBlockDeletingService#0] DEBUG block.SCMBlockDeletingService (DatanodeDeletedBlockTransactions.java:addTransactionToDN(50)) - Transaction added: 01235482-5c07-4b37-86e9-3192ec4df84f <- TX(27)
2021-08-10 12:16:26,836 [SCMBlockDeletingService#0] DEBUG block.SCMBlockDeletingService (DatanodeDeletedBlockTransactions.java:addTransactionToDN(50)) - Transaction added: ad4991cb-97ce-4dd6-b117-42e7f6b0816f <- TX(28)
2021-08-10 12:16:26,836 [SCMBlockDeletingService#0] DEBUG block.SCMBlockDeletingService (DatanodeDeletedBlockTransactions.java:addTransactionToDN(50)) - Transaction added: 01235482-5c07-4b37-86e9-3192ec4df84f <- TX(28)
2021-08-10 12:16:26,836 [SCMBlockDeletingService#0] DEBUG block.SCMBlockDeletingService (DatanodeDeletedBlockTransactions.java:addTransactionToDN(50)) - Transaction added: ad4991cb-97ce-4dd6-b117-42e7f6b0816f <- TX(29)
2021-08-10 12:16:26,836 [SCMBlockDeletingService#0] DEBUG block.SCMBlockDeletingService (DatanodeDeletedBlockTransactions.java:addTransactionToDN(50)) - Transaction added: 01235482-5c07-4b37-86e9-3192ec4df84f <- TX(29)
2021-08-10 12:16:26,836 [SCMBlockDeletingService#0] DEBUG block.SCMBlockDeletingService (DatanodeDeletedBlockTransactions.java:addTransactionToDN(50)) - Transaction added: ad4991cb-97ce-4dd6-b117-42e7f6b0816f <- TX(30)
2021-08-10 12:16:26,836 [SCMBlockDeletingService#0] DEBUG block.SCMBlockDeletingService (DatanodeDeletedBlockTransactions.java:addTransactionToDN(50)) - Transaction added: 01235482-5c07-4b37-86e9-3192ec4df84f <- TX(30)
2021-08-10 12:16:26,836 [SCMBlockDeletingService#0] DEBUG block.SCMBlockDeletingService (DatanodeDeletedBlockTransactions.java:addTransactionToDN(50)) - Transaction added: ad4991cb-97ce-4dd6-b117-42e7f6b0816f <- TX(31)
2021-08-10 12:16:26,836 [SCMBlockDeletingService#0] DEBUG block.SCMBlockDeletingService (DatanodeDeletedBlockTransactions.java:addTransactionToDN(50)) - Transaction added: 01235482-5c07-4b37-86e9-3192ec4df84f <- TX(31)
2021-08-10 12:16:26,836 [SCMBlockDeletingService#0] DEBUG block.SCMBlockDeletingService (DatanodeDeletedBlockTransactions.java:addTransactionToDN(50)) - Transaction added: ad4991cb-97ce-4dd6-b117-42e7f6b0816f <- TX(32)
2021-08-10 12:16:26,836 [SCMBlockDeletingService#0] DEBUG block.SCMBlockDeletingService (DatanodeDeletedBlockTransactions.java:addTransactionToDN(50)) - Transaction added: 01235482-5c07-4b37-86e9-3192ec4df84f <- TX(32)
2021-08-10 12:16:26,836 [SCMBlockDeletingService#0] DEBUG block.SCMBlockDeletingService (DatanodeDeletedBlockTransactions.java:addTransactionToDN(50)) - Transaction added: 01235482-5c07-4b37-86e9-3192ec4df84f <- TX(33)
2021-08-10 12:16:26,836 [SCMBlockDeletingService#0] DEBUG block.SCMBlockDeletingService (DatanodeDeletedBlockTransactions.java:addTransactionToDN(50)) - Transaction added: ad4991cb-97ce-4dd6-b117-42e7f6b0816f <- TX(33)
2021-08-10 12:16:26,836 [SCMBlockDeletingService#0] DEBUG block.SCMBlockDeletingService (DatanodeDeletedBlockTransactions.java:addTransactionToDN(50)) - Transaction added: ad4991cb-97ce-4dd6-b117-42e7f6b0816f <- TX(34)
2021-08-10 12:16:26,836 [SCMBlockDeletingService#0] DEBUG block.SCMBlockDeletingService (DatanodeDeletedBlockTransactions.java:addTransactionToDN(50)) - Transaction added: 01235482-5c07-4b37-86e9-3192ec4df84f <- TX(34)
2021-08-10 12:16:26,836 [SCMBlockDeletingService#0] DEBUG block.SCMBlockDeletingService (DatanodeDeletedBlockTransactions.java:addTransactionToDN(50)) - Transaction added: ad4991cb-97ce-4dd6-b117-42e7f6b0816f <- TX(35)
2021-08-10 12:16:26,836 [SCMBlockDeletingService#0] DEBUG block.SCMBlockDeletingService (DatanodeDeletedBlockTransactions.java:addTransactionToDN(50)) - Transaction added: 01235482-5c07-4b37-86e9-3192ec4df84f <- TX(35)
2021-08-10 12:16:26,836 [SCMBlockDeletingService#0] DEBUG block.SCMBlockDeletingService (DatanodeDeletedBlockTransactions.java:addTransactionToDN(50)) - Transaction added: ad4991cb-97ce-4dd6-b117-42e7f6b0816f <- TX(36)
2021-08-10 12:16:26,836 [SCMBlockDeletingService#0] DEBUG block.SCMBlockDeletingService (DatanodeDeletedBlockTransactions.java:addTransactionToDN(50)) - Transaction added: 01235482-5c07-4b37-86e9-3192ec4df84f <- TX(36)
2021-08-10 12:16:26,836 [SCMBlockDeletingService#0] DEBUG block.SCMBlockDeletingService (DatanodeDeletedBlockTransactions.java:addTransactionToDN(50)) - Transaction added: ad4991cb-97ce-4dd6-b117-42e7f6b0816f <- TX(37)
2021-08-10 12:16:26,836 [SCMBlockDeletingService#0] DEBUG block.SCMBlockDeletingService (DatanodeDeletedBlockTransactions.java:addTransactionToDN(50)) - Transaction added: 01235482-5c07-4b37-86e9-3192ec4df84f <- TX(37)
2021-08-10 12:16:26,836 [SCMBlockDeletingService#0] DEBUG block.SCMBlockDeletingService (DatanodeDeletedBlockTransactions.java:addTransactionToDN(50)) - Transaction added: ad4991cb-97ce-4dd6-b117-42e7f6b0816f <- TX(38)
2021-08-10 12:16:26,836 [SCMBlockDeletingService#0] DEBUG block.SCMBlockDeletingService (DatanodeDeletedBlockTransactions.java:addTransactionToDN(50)) - Transaction added: 01235482-5c07-4b37-86e9-3192ec4df84f <- TX(38)
2021-08-10 12:16:26,836 [SCMBlockDeletingService#0] DEBUG block.SCMBlockDeletingService (DatanodeDeletedBlockTransactions.java:addTransactionToDN(50)) - Transaction added: ad4991cb-97ce-4dd6-b117-42e7f6b0816f <- TX(39)
2021-08-10 12:16:26,836 [SCMBlockDeletingService#0] DEBUG block.SCMBlockDeletingService (DatanodeDeletedBlockTransactions.java:addTransactionToDN(50)) - Transaction added: 01235482-5c07-4b37-86e9-3192ec4df84f <- TX(39)
2021-08-10 12:16:26,836 [SCMBlockDeletingService#0] DEBUG block.SCMBlockDeletingService (DatanodeDeletedBlockTransactions.java:addTransactionToDN(50)) - Transaction added: 01235482-5c07-4b37-86e9-3192ec4df84f <- TX(40)
2021-08-10 12:16:26,836 [SCMBlockDeletingService#0] DEBUG block.SCMBlockDeletingService (DatanodeDeletedBlockTransactions.java:addTransactionToDN(50)) - Transaction added: ad4991cb-97ce-4dd6-b117-42e7f6b0816f <- TX(40)
2021-08-10 12:16:26,836 [SCMBlockDeletingService#0] DEBUG block.SCMBlockDeletingService (DatanodeDeletedBlockTransactions.java:addTransactionToDN(50)) - Transaction added: ad4991cb-97ce-4dd6-b117-42e7f6b0816f <- TX(41)
2021-08-10 12:16:26,836 [SCMBlockDeletingService#0] DEBUG block.SCMBlockDeletingService (DatanodeDeletedBlockTransactions.java:addTransactionToDN(50)) - Transaction added: 01235482-5c07-4b37-86e9-3192ec4df84f <- TX(41)
2021-08-10 12:16:26,836 [SCMBlockDeletingService#0] DEBUG block.SCMBlockDeletingService (DatanodeDeletedBlockTransactions.java:addTransactionToDN(50)) - Transaction added: 01235482-5c07-4b37-86e9-3192ec4df84f <- TX(42)
2021-08-10 12:16:26,836 [SCMBlockDeletingService#0] DEBUG block.SCMBlockDeletingService (DatanodeDeletedBlockTransactions.java:addTransactionToDN(50)) - Transaction added: ad4991cb-97ce-4dd6-b117-42e7f6b0816f <- TX(42)
2021-08-10 12:16:26,837 [SCMBlockDeletingService#0] DEBUG block.SCMBlockDeletingService (DatanodeDeletedBlockTransactions.java:addTransactionToDN(50)) - Transaction added: ad4991cb-97ce-4dd6-b117-42e7f6b0816f <- TX(43)
2021-08-10 12:16:26,837 [SCMBlockDeletingService#0] DEBUG block.SCMBlockDeletingService (DatanodeDeletedBlockTransactions.java:addTransactionToDN(50)) - Transaction added: 01235482-5c07-4b37-86e9-3192ec4df84f <- TX(43)
2021-08-10 12:16:26,837 [SCMBlockDeletingService#0] DEBUG block.SCMBlockDeletingService (DatanodeDeletedBlockTransactions.java:addTransactionToDN(50)) - Transaction added: ad4991cb-97ce-4dd6-b117-42e7f6b0816f <- TX(44)
2021-08-10 12:16:26,837 [SCMBlockDeletingService#0] DEBUG block.SCMBlockDeletingService (DatanodeDeletedBlockTransactions.java:addTransactionToDN(50)) - Transaction added: 01235482-5c07-4b37-86e9-3192ec4df84f <- TX(44)
2021-08-10 12:16:26,837 [SCMBlockDeletingService#0] DEBUG block.SCMBlockDeletingService (DatanodeDeletedBlockTransactions.java:addTransactionToDN(50)) - Transaction added: ad4991cb-97ce-4dd6-b117-42e7f6b0816f <- TX(45)
2021-08-10 12:16:26,837 [SCMBlockDeletingService#0] DEBUG block.SCMBlockDeletingService (DatanodeDeletedBlockTransactions.java:addTransactionToDN(50)) - Transaction added: 01235482-5c07-4b37-86e9-3192ec4df84f <- TX(45)
2021-08-10 12:16:26,837 [SCMBlockDeletingService#0] DEBUG block.SCMBlockDeletingService (DatanodeDeletedBlockTransactions.java:addTransactionToDN(50)) - Transaction added: ad4991cb-97ce-4dd6-b117-42e7f6b0816f <- TX(46)
2021-08-10 12:16:26,837 [SCMBlockDeletingService#0] DEBUG block.SCMBlockDeletingService (DatanodeDeletedBlockTransactions.java:addTransactionToDN(50)) - Transaction added: 01235482-5c07-4b37-86e9-3192ec4df84f <- TX(46)
2021-08-10 12:16:26,837 [SCMBlockDeletingService#0] DEBUG block.SCMBlockDeletingService (DatanodeDeletedBlockTransactions.java:addTransactionToDN(50)) - Transaction added: ad4991cb-97ce-4dd6-b117-42e7f6b0816f <- TX(47)
2021-08-10 12:16:26,837 [SCMBlockDeletingService#0] DEBUG block.SCMBlockDeletingService (DatanodeDeletedBlockTransactions.java:addTransactionToDN(50)) - Transaction added: 01235482-5c07-4b37-86e9-3192ec4df84f <- TX(47)
2021-08-10 12:16:26,837 [SCMBlockDeletingService#0] DEBUG block.SCMBlockDeletingService (DatanodeDeletedBlockTransactions.java:addTransactionToDN(50)) - Transaction added: ad4991cb-97ce-4dd6-b117-42e7f6b0816f <- TX(48)
2021-08-10 12:16:26,837 [SCMBlockDeletingService#0] DEBUG block.SCMBlockDeletingService (DatanodeDeletedBlockTransactions.java:addTransactionToDN(50)) - Transaction added: 01235482-5c07-4b37-86e9-3192ec4df84f <- TX(48)
2021-08-10 12:16:26,837 [SCMBlockDeletingService#0] DEBUG block.SCMBlockDeletingService (DatanodeDeletedBlockTransactions.java:addTransactionToDN(50)) - Transaction added: 01235482-5c07-4b37-86e9-3192ec4df84f <- TX(49)
2021-08-10 12:16:26,837 [SCMBlockDeletingService#0] DEBUG block.SCMBlockDeletingService (DatanodeDeletedBlockTransactions.java:addTransactionToDN(50)) - Transaction added: ad4991cb-97ce-4dd6-b117-42e7f6b0816f <- TX(49)
2021-08-10 12:16:26,837 [SCMBlockDeletingService#0] DEBUG block.SCMBlockDeletingService (DatanodeDeletedBlockTransactions.java:addTransactionToDN(50)) - Transaction added: ad4991cb-97ce-4dd6-b117-42e7f6b0816f <- TX(50)
2021-08-10 12:16:26,837 [SCMBlockDeletingService#0] DEBUG block.SCMBlockDeletingService (DatanodeDeletedBlockTransactions.java:addTransactionToDN(50)) - Transaction added: 01235482-5c07-4b37-86e9-3192ec4df84f <- TX(50)
2021-08-10 12:16:26,837 [SCMBlockDeletingService#0] DEBUG block.SCMBlockDeletingService (DatanodeDeletedBlockTransactions.java:addTransactionToDN(50)) - Transaction added: ad4991cb-97ce-4dd6-b117-42e7f6b0816f <- TX(51)
2021-08-10 12:16:26,837 [SCMBlockDeletingService#0] DEBUG block.SCMBlockDeletingService (DatanodeDeletedBlockTransactions.java:addTransactionToDN(50)) - Transaction added: 01235482-5c07-4b37-86e9-3192ec4df84f <- TX(51)
2021-08-10 12:16:26,837 [SCMBlockDeletingService#0] DEBUG block.SCMBlockDeletingService (DatanodeDeletedBlockTransactions.java:addTransactionToDN(50)) - Transaction added: ad4991cb-97ce-4dd6-b117-42e7f6b0816f <- TX(52)
2021-08-10 12:16:26,837 [SCMBlockDeletingService#0] DEBUG block.SCMBlockDeletingService (DatanodeDeletedBlockTransactions.java:addTransactionToDN(50)) - Transaction added: 01235482-5c07-4b37-86e9-3192ec4df84f <- TX(52)
2021-08-10 12:16:26,837 [SCMBlockDeletingService#0] DEBUG block.SCMBlockDeletingService (DatanodeDeletedBlockTransactions.java:addTransactionToDN(50)) - Transaction added: ad4991cb-97ce-4dd6-b117-42e7f6b0816f <- TX(53)
2021-08-10 12:16:26,837 [SCMBlockDeletingService#0] DEBUG block.SCMBlockDeletingService (DatanodeDeletedBlockTransactions.java:addTransactionToDN(50)) - Transaction added: 01235482-5c07-4b37-86e9-3192ec4df84f <- TX(53)
2021-08-10 12:16:26,837 [SCMBlockDeletingService#0] DEBUG block.SCMBlockDeletingService (DatanodeDeletedBlockTransactions.java:addTransactionToDN(50)) - Transaction added: ad4991cb-97ce-4dd6-b117-42e7f6b0816f <- TX(54)
2021-08-10 12:16:26,837 [SCMBlockDeletingService#0] DEBUG block.SCMBlockDeletingService (DatanodeDeletedBlockTransactions.java:addTransactionToDN(50)) - Transaction added: 01235482-5c07-4b37-86e9-3192ec4df84f <- TX(54)
2021-08-10 12:16:26,837 [SCMBlockDeletingService#0] DEBUG block.SCMBlockDeletingService (DatanodeDeletedBlockTransactions.java:addTransactionToDN(50)) - Transaction added: ad4991cb-97ce-4dd6-b117-42e7f6b0816f <- TX(55)
2021-08-10 12:16:26,837 [SCMBlockDeletingService#0] DEBUG block.SCMBlockDeletingService (DatanodeDeletedBlockTransactions.java:addTransactionToDN(50)) - Transaction added: 01235482-5c07-4b37-86e9-3192ec4df84f <- TX(55)
2021-08-10 12:16:26,837 [SCMBlockDeletingService#0] DEBUG block.SCMBlockDeletingService (DatanodeDeletedBlockTransactions.java:addTransactionToDN(50)) - Transaction added: 01235482-5c07-4b37-86e9-3192ec4df84f <- TX(56)
2021-08-10 12:16:26,837 [SCMBlockDeletingService#0] DEBUG block.SCMBlockDeletingService (DatanodeDeletedBlockTransactions.java:addTransactionToDN(50)) - Transaction added: ad4991cb-97ce-4dd6-b117-42e7f6b0816f <- TX(56)
2021-08-10 12:16:26,837 [SCMBlockDeletingService#0] DEBUG block.SCMBlockDeletingService (SCMBlockDeletingService.java:call(164)) - Added delete block command for datanode ad4991cb-97ce-4dd6-b117-42e7f6b0816f in the queue, number of delete block transactions: 47
2021-08-10 12:16:26,837 [SCMBlockDeletingService#0] DEBUG block.SCMBlockDeletingService (SCMBlockDeletingService.java:call(164)) - Added delete block command for datanode 01235482-5c07-4b37-86e9-3192ec4df84f in the queue, number of delete block transactions: 56
2021-08-10 12:16:26,837 [SCMBlockDeletingService#0] INFO  block.SCMBlockDeletingService (SCMBlockDeletingService.java:call(174)) - Totally added 103 blocks to be deleted for 2 datanodes, task elapsed time: 4ms
2021-08-10 12:16:26,934 [SCMBlockDeletingService#0] DEBUG block.SCMBlockDeletingService (SCMBlockDeletingService.java:call(133)) - Running DeletedBlockTransactionScanner
2021-08-10 12:16:26,934 [SCMBlockDeletingService#0] DEBUG block.SCMBlockDeletingService (DatanodeDeletedBlockTransactions.java:addTransactionToDN(50)) - Transaction added: 01235482-5c07-4b37-86e9-3192ec4df84f <- TX(1)
2021-08-10 12:16:26,934 [SCMBlockDeletingService#0] DEBUG block.SCMBlockDeletingService (DatanodeDeletedBlockTransactions.java:addTransactionToDN(50)) - Transaction added: 01235482-5c07-4b37-86e9-3192ec4df84f <- TX(2)
2021-08-10 12:16:26,934 [SCMBlockDeletingService#0] DEBUG block.SCMBlockDeletingService (DatanodeDeletedBlockTransactions.java:addTransactionToDN(50)) - Transaction added: 01235482-5c07-4b37-86e9-3192ec4df84f <- TX(3)
2021-08-10 12:16:26,934 [SCMBlockDeletingService#0] DEBUG block.SCMBlockDeletingService (DatanodeDeletedBlockTransactions.java:addTransactionToDN(50)) - Transaction added: 01235482-5c07-4b37-86e9-3192ec4df84f <- TX(4)
2021-08-10 12:16:26,934 [SCMBlockDeletingService#0] DEBUG block.SCMBlockDeletingService (DatanodeDeletedBlockTransactions.java:addTransactionToDN(50)) - Transaction added: 01235482-5c07-4b37-86e9-3192ec4df84f <- TX(5)
2021-08-10 12:16:26,935 [SCMBlockDeletingService#0] DEBUG block.SCMBlockDeletingService (DatanodeDeletedBlockTransactions.java:addTransactionToDN(50)) - Transaction added: 01235482-5c07-4b37-86e9-3192ec4df84f <- TX(6)
2021-08-10 12:16:26,935 [SCMBlockDeletingService#0] DEBUG block.SCMBlockDeletingService (DatanodeDeletedBlockTransactions.java:addTransactionToDN(50)) - Transaction added: 01235482-5c07-4b37-86e9-3192ec4df84f <- TX(7)
2021-08-10 12:16:26,935 [SCMBlockDeletingService#0] DEBUG block.SCMBlockDeletingService (DatanodeDeletedBlockTransactions.java:addTransactionToDN(50)) - Transaction added: 01235482-5c07-4b37-86e9-3192ec4df84f <- TX(8)
2021-08-10 12:16:26,935 [SCMBlockDeletingService#0] DEBUG block.SCMBlockDeletingService (DatanodeDeletedBlockTransactions.java:addTransactionToDN(50)) - Transaction added: 01235482-5c07-4b37-86e9-3192ec4df84f <- TX(9)
2021-08-10 12:16:26,935 [SCMBlockDeletingService#0] DEBUG block.SCMBlockDeletingService (DatanodeDeletedBlockTransactions.java:addTransactionToDN(50)) - Transaction added: 01235482-5c07-4b37-86e9-3192ec4df84f <- TX(10)
2021-08-10 12:16:26,935 [SCMBlockDeletingService#0] DEBUG block.SCMBlockDeletingService (DatanodeDeletedBlockTransactions.java:addTransactionToDN(50)) - Transaction added: ad4991cb-97ce-4dd6-b117-42e7f6b0816f <- TX(10)
2021-08-10 12:16:26,935 [SCMBlockDeletingService#0] DEBUG block.SCMBlockDeletingService (DatanodeDeletedBlockTransactions.java:addTransactionToDN(50)) - Transaction added: ad4991cb-97ce-4dd6-b117-42e7f6b0816f <- TX(11)
2021-08-10 12:16:26,935 [SCMBlockDeletingService#0] DEBUG block.SCMBlockDeletingService (DatanodeDeletedBlockTransactions.java:addTransactionToDN(50)) - Transaction added: 01235482-5c07-4b37-86e9-3192ec4df84f <- TX(11)
2021-08-10 12:16:26,935 [SCMBlockDeletingService#0] DEBUG block.SCMBlockDeletingService (DatanodeDeletedBlockTransactions.java:addTransactionToDN(50)) - Transaction added: ad4991cb-97ce-4dd6-b117-42e7f6b0816f <- TX(12)
2021-08-10 12:16:26,935 [SCMBlockDeletingService#0] DEBUG block.SCMBlockDeletingService (DatanodeDeletedBlockTransactions.java:addTransactionToDN(50)) - Transaction added: 01235482-5c07-4b37-86e9-3192ec4df84f <- TX(12)
2021-08-10 12:16:26,935 [SCMBlockDeletingService#0] DEBUG block.SCMBlockDeletingService (DatanodeDeletedBlockTransactions.java:addTransactionToDN(50)) - Transaction added: ad4991cb-97ce-4dd6-b117-42e7f6b0816f <- TX(13)
2021-08-10 12:16:26,935 [SCMBlockDeletingService#0] DEBUG block.SCMBlockDeletingService (DatanodeDeletedBlockTransactions.java:addTransactionToDN(50)) - Transaction added: 01235482-5c07-4b37-86e9-3192ec4df84f <- TX(13)
2021-08-10 12:16:26,935 [SCMBlockDeletingService#0] DEBUG block.SCMBlockDeletingService (DatanodeDeletedBlockTransactions.java:addTransactionToDN(50)) - Transaction added: ad4991cb-97ce-4dd6-b117-42e7f6b0816f <- TX(14)
2021-08-10 12:16:26,935 [SCMBlockDeletingService#0] DEBUG block.SCMBlockDeletingService (DatanodeDeletedBlockTransactions.java:addTransactionToDN(50)) - Transaction added: 01235482-5c07-4b37-86e9-3192ec4df84f <- TX(14)
2021-08-10 12:16:26,935 [SCMBlockDeletingService#0] DEBUG block.SCMBlockDeletingService (DatanodeDeletedBlockTransactions.java:addTransactionToDN(50)) - Transaction added: ad4991cb-97ce-4dd6-b117-42e7f6b0816f <- TX(15)
2021-08-10 12:16:26,935 [SCMBlockDeletingService#0] DEBUG block.SCMBlockDeletingService (DatanodeDeletedBlockTransactions.java:addTransactionToDN(50)) - Transaction added: 01235482-5c07-4b37-86e9-3192ec4df84f <- TX(15)
2021-08-10 12:16:26,935 [SCMBlockDeletingService#0] DEBUG block.SCMBlockDeletingService (DatanodeDeletedBlockTransactions.java:addTransactionToDN(50)) - Transaction added: ad4991cb-97ce-4dd6-b117-42e7f6b0816f <- TX(16)
2021-08-10 12:16:26,935 [SCMBlockDeletingService#0] DEBUG block.SCMBlockDeletingService (DatanodeDeletedBlockTransactions.java:addTransactionToDN(50)) - Transaction added: 01235482-5c07-4b37-86e9-3192ec4df84f <- TX(16)
2021-08-10 12:16:26,935 [SCMBlockDeletingService#0] DEBUG block.SCMBlockDeletingService (DatanodeDeletedBlockTransactions.java:addTransactionToDN(50)) - Transaction added: 01235482-5c07-4b37-86e9-3192ec4df84f <- TX(17)
2021-08-10 12:16:26,935 [SCMBlockDeletingService#0] DEBUG block.SCMBlockDeletingService (DatanodeDeletedBlockTransactions.java:addTransactionToDN(50)) - Transaction added: ad4991cb-97ce-4dd6-b117-42e7f6b0816f <- TX(17)
2021-08-10 12:16:26,935 [SCMBlockDeletingService#0] DEBUG block.SCMBlockDeletingService (DatanodeDeletedBlockTransactions.java:addTransactionToDN(50)) - Transaction added: ad4991cb-97ce-4dd6-b117-42e7f6b0816f <- TX(18)
2021-08-10 12:16:26,935 [SCMBlockDeletingService#0] DEBUG block.SCMBlockDeletingService (DatanodeDeletedBlockTransactions.java:addTransactionToDN(50)) - Transaction added: 01235482-5c07-4b37-86e9-3192ec4df84f <- TX(18)
2021-08-10 12:16:26,935 [SCMBlockDeletingService#0] DEBUG block.SCMBlockDeletingService (DatanodeDeletedBlockTransactions.java:addTransactionToDN(50)) - Transaction added: ad4991cb-97ce-4dd6-b117-42e7f6b0816f <- TX(19)
2021-08-10 12:16:26,935 [SCMBlockDeletingService#0] DEBUG block.SCMBlockDeletingService (DatanodeDeletedBlockTransactions.java:addTransactionToDN(50)) - Transaction added: 01235482-5c07-4b37-86e9-3192ec4df84f <- TX(19)
2021-08-10 12:16:26,935 [SCMBlockDeletingService#0] DEBUG block.SCMBlockDeletingService (DatanodeDeletedBlockTransactions.java:addTransactionToDN(50)) - Transaction added: ad4991cb-97ce-4dd6-b117-42e7f6b0816f <- TX(20)
2021-08-10 12:16:26,935 [SCMBlockDeletingService#0] DEBUG block.SCMBlockDeletingService (DatanodeDeletedBlockTransactions.java:addTransactionToDN(50)) - Transaction added: 01235482-5c07-4b37-86e9-3192ec4df84f <- TX(20)
2021-08-10 12:16:26,935 [SCMBlockDeletingService#0] DEBUG block.SCMBlockDeletingService (DatanodeDeletedBlockTransactions.java:addTransactionToDN(50)) - Transaction added: ad4991cb-97ce-4dd6-b117-42e7f6b0816f <- TX(21)
2021-08-10 12:16:26,935 [SCMBlockDeletingService#0] DEBUG block.SCMBlockDeletingService (DatanodeDeletedBlockTransactions.java:addTransactionToDN(50)) - Transaction added: 01235482-5c07-4b37-86e9-3192ec4df84f <- TX(21)
2021-08-10 12:16:26,935 [SCMBlockDeletingService#0] DEBUG block.SCMBlockDeletingService (DatanodeDeletedBlockTransactions.java:addTransactionToDN(50)) - Transaction added: ad4991cb-97ce-4dd6-b117-42e7f6b0816f <- TX(22)
2021-08-10 12:16:26,935 [SCMBlockDeletingService#0] DEBUG block.SCMBlockDeletingService (DatanodeDeletedBlockTransactions.java:addTransactionToDN(50)) - Transaction added: 01235482-5c07-4b37-86e9-3192ec4df84f <- TX(22)
2021-08-10 12:16:26,935 [SCMBlockDeletingService#0] DEBUG block.SCMBlockDeletingService (DatanodeDeletedBlockTransactions.java:addTransactionToDN(50)) - Transaction added: ad4991cb-97ce-4dd6-b117-42e7f6b0816f <- TX(23)
2021-08-10 12:16:26,935 [SCMBlockDeletingService#0] DEBUG block.SCMBlockDeletingService (DatanodeDeletedBlockTransactions.java:addTransactionToDN(50)) - Transaction added: 01235482-5c07-4b37-86e9-3192ec4df84f <- TX(23)
2021-08-10 12:16:26,935 [SCMBlockDeletingService#0] DEBUG block.SCMBlockDeletingService (DatanodeDeletedBlockTransactions.java:addTransactionToDN(50)) - Transaction added: 01235482-5c07-4b37-86e9-3192ec4df84f <- TX(24)
2021-08-10 12:16:26,935 [SCMBlockDeletingService#0] DEBUG block.SCMBlockDeletingService (DatanodeDeletedBlockTransactions.java:addTransactionToDN(50)) - Transaction added: ad4991cb-97ce-4dd6-b117-42e7f6b0816f <- TX(24)
2021-08-10 12:16:26,935 [SCMBlockDeletingService#0] DEBUG block.SCMBlockDeletingService (DatanodeDeletedBlockTransactions.java:addTransactionToDN(50)) - Transaction added: ad4991cb-97ce-4dd6-b117-42e7f6b0816f <- TX(25)
2021-08-10 12:16:26,935 [SCMBlockDeletingService#0] DEBUG block.SCMBlockDeletingService (DatanodeDeletedBlockTransactions.java:addTransactionToDN(50)) - Transaction added: 01235482-5c07-4b37-86e9-3192ec4df84f <- TX(25)
2021-08-10 12:16:26,935 [SCMBlockDeletingService#0] DEBUG block.SCMBlockDeletingService (DatanodeDeletedBlockTransactions.java:addTransactionToDN(50)) - Transaction added: 01235482-5c07-4b37-86e9-3192ec4df84f <- TX(26)
2021-08-10 12:16:26,936 [SCMBlockDeletingService#0] DEBUG block.SCMBlockDeletingService (DatanodeDeletedBlockTransactions.java:addTransactionToDN(50)) - Transaction added: ad4991cb-97ce-4dd6-b117-42e7f6b0816f <- TX(26)
2021-08-10 12:16:26,936 [SCMBlockDeletingService#0] DEBUG block.SCMBlockDeletingService (DatanodeDeletedBlockTransactions.java:addTransactionToDN(50)) - Transaction added: ad4991cb-97ce-4dd6-b117-42e7f6b0816f <- TX(27)
2021-08-10 12:16:26,936 [SCMBlockDeletingService#0] DEBUG block.SCMBlockDeletingService (DatanodeDeletedBlockTransactions.java:addTransactionToDN(50)) - Transaction added: 01235482-5c07-4b37-86e9-3192ec4df84f <- TX(27)
2021-08-10 12:16:26,936 [SCMBlockDeletingService#0] DEBUG block.SCMBlockDeletingService (DatanodeDeletedBlockTransactions.java:addTransactionToDN(50)) - Transaction added: ad4991cb-97ce-4dd6-b117-42e7f6b0816f <- TX(28)
2021-08-10 12:16:26,936 [SCMBlockDeletingService#0] DEBUG block.SCMBlockDeletingService (DatanodeDeletedBlockTransactions.java:addTransactionToDN(50)) - Transaction added: 01235482-5c07-4b37-86e9-3192ec4df84f <- TX(28)
2021-08-10 12:16:26,936 [SCMBlockDeletingService#0] DEBUG block.SCMBlockDeletingService (DatanodeDeletedBlockTransactions.java:addTransactionToDN(50)) - Transaction added: ad4991cb-97ce-4dd6-b117-42e7f6b0816f <- TX(29)
2021-08-10 12:16:26,936 [SCMBlockDeletingService#0] DEBUG block.SCMBlockDeletingService (DatanodeDeletedBlockTransactions.java:addTransactionToDN(50)) - Transaction added: 01235482-5c07-4b37-86e9-3192ec4df84f <- TX(29)
2021-08-10 12:16:26,936 [SCMBlockDeletingService#0] DEBUG block.SCMBlockDeletingService (DatanodeDeletedBlockTransactions.java:addTransactionToDN(50)) - Transaction added: ad4991cb-97ce-4dd6-b117-42e7f6b0816f <- TX(30)
2021-08-10 12:16:26,936 [SCMBlockDeletingService#0] DEBUG block.SCMBlockDeletingService (DatanodeDeletedBlockTransactions.java:addTransactionToDN(50)) - Transaction added: 01235482-5c07-4b37-86e9-3192ec4df84f <- TX(30)
2021-08-10 12:16:26,936 [SCMBlockDeletingService#0] DEBUG block.SCMBlockDeletingService (DatanodeDeletedBlockTransactions.java:addTransactionToDN(50)) - Transaction added: ad4991cb-97ce-4dd6-b117-42e7f6b0816f <- TX(31)
2021-08-10 12:16:26,936 [SCMBlockDeletingService#0] DEBUG block.SCMBlockDeletingService (DatanodeDeletedBlockTransactions.java:addTransactionToDN(50)) - Transaction added: 01235482-5c07-4b37-86e9-3192ec4df84f <- TX(31)
2021-08-10 12:16:26,936 [SCMBlockDeletingService#0] DEBUG block.SCMBlockDeletingService (DatanodeDeletedBlockTransactions.java:addTransactionToDN(50)) - Transaction added: ad4991cb-97ce-4dd6-b117-42e7f6b0816f <- TX(32)
2021-08-10 12:16:26,936 [SCMBlockDeletingService#0] DEBUG block.SCMBlockDeletingService (DatanodeDeletedBlockTransactions.java:addTransactionToDN(50)) - Transaction added: 01235482-5c07-4b37-86e9-3192ec4df84f <- TX(32)
2021-08-10 12:16:26,936 [SCMBlockDeletingService#0] DEBUG block.SCMBlockDeletingService (DatanodeDeletedBlockTransactions.java:addTransactionToDN(50)) - Transaction added: 01235482-5c07-4b37-86e9-3192ec4df84f <- TX(33)
2021-08-10 12:16:26,936 [SCMBlockDeletingService#0] DEBUG block.SCMBlockDeletingService (DatanodeDeletedBlockTransactions.java:addTransactionToDN(50)) - Transaction added: ad4991cb-97ce-4dd6-b117-42e7f6b0816f <- TX(33)
2021-08-10 12:16:26,936 [SCMBlockDeletingService#0] DEBUG block.SCMBlockDeletingService (DatanodeDeletedBlockTransactions.java:addTransactionToDN(50)) - Transaction added: ad4991cb-97ce-4dd6-b117-42e7f6b0816f <- TX(34)
2021-08-10 12:16:26,936 [SCMBlockDeletingService#0] DEBUG block.SCMBlockDeletingService (DatanodeDeletedBlockTransactions.java:addTransactionToDN(50)) - Transaction added: 01235482-5c07-4b37-86e9-3192ec4df84f <- TX(34)
2021-08-10 12:16:26,936 [SCMBlockDeletingService#0] DEBUG block.SCMBlockDeletingService (DatanodeDeletedBlockTransactions.java:addTransactionToDN(50)) - Transaction added: ad4991cb-97ce-4dd6-b117-42e7f6b0816f <- TX(35)
2021-08-10 12:16:26,936 [SCMBlockDeletingService#0] DEBUG block.SCMBlockDeletingService (DatanodeDeletedBlockTransactions.java:addTransactionToDN(50)) - Transaction added: 01235482-5c07-4b37-86e9-3192ec4df84f <- TX(35)
2021-08-10 12:16:26,936 [SCMBlockDeletingService#0] DEBUG block.SCMBlockDeletingService (DatanodeDeletedBlockTransactions.java:addTransactionToDN(50)) - Transaction added: ad4991cb-97ce-4dd6-b117-42e7f6b0816f <- TX(36)
2021-08-10 12:16:26,936 [SCMBlockDeletingService#0] DEBUG block.SCMBlockDeletingService (DatanodeDeletedBlockTransactions.java:addTransactionToDN(50)) - Transaction added: 01235482-5c07-4b37-86e9-3192ec4df84f <- TX(36)
2021-08-10 12:16:26,936 [SCMBlockDeletingService#0] DEBUG block.SCMBlockDeletingService (DatanodeDeletedBlockTransactions.java:addTransactionToDN(50)) - Transaction added: ad4991cb-97ce-4dd6-b117-42e7f6b0816f <- TX(37)
2021-08-10 12:16:26,936 [SCMBlockDeletingService#0] DEBUG block.SCMBlockDeletingService (DatanodeDeletedBlockTransactions.java:addTransactionToDN(50)) - Transaction added: 01235482-5c07-4b37-86e9-3192ec4df84f <- TX(37)
2021-08-10 12:16:26,936 [SCMBlockDeletingService#0] DEBUG block.SCMBlockDeletingService (DatanodeDeletedBlockTransactions.java:addTransactionToDN(50)) - Transaction added: ad4991cb-97ce-4dd6-b117-42e7f6b0816f <- TX(38)
2021-08-10 12:16:26,936 [SCMBlockDeletingService#0] DEBUG block.SCMBlockDeletingService (DatanodeDeletedBlockTransactions.java:addTransactionToDN(50)) - Transaction added: 01235482-5c07-4b37-86e9-3192ec4df84f <- TX(38)
2021-08-10 12:16:26,936 [SCMBlockDeletingService#0] DEBUG block.SCMBlockDeletingService (DatanodeDeletedBlockTransactions.java:addTransactionToDN(50)) - Transaction added: ad4991cb-97ce-4dd6-b117-42e7f6b0816f <- TX(39)
2021-08-10 12:16:26,936 [SCMBlockDeletingService#0] DEBUG block.SCMBlockDeletingService (DatanodeDeletedBlockTransactions.java:addTransactionToDN(50)) - Transaction added: 01235482-5c07-4b37-86e9-3192ec4df84f <- TX(39)
2021-08-10 12:16:26,936 [SCMBlockDeletingService#0] DEBUG block.SCMBlockDeletingService (DatanodeDeletedBlockTransactions.java:addTransactionToDN(50)) - Transaction added: 01235482-5c07-4b37-86e9-3192ec4df84f <- TX(40)
2021-08-10 12:16:26,936 [SCMBlockDeletingService#0] DEBUG block.SCMBlockDeletingService (DatanodeDeletedBlockTransactions.java:addTransactionToDN(50)) - Transaction added: ad4991cb-97ce-4dd6-b117-42e7f6b0816f <- TX(40)
2021-08-10 12:16:26,936 [SCMBlockDeletingService#0] DEBUG block.SCMBlockDeletingService (DatanodeDeletedBlockTransactions.java:addTransactionToDN(50)) - Transaction added: ad4991cb-97ce-4dd6-b117-42e7f6b0816f <- TX(41)
2021-08-10 12:16:26,936 [SCMBlockDeletingService#0] DEBUG block.SCMBlockDeletingService (DatanodeDeletedBlockTransactions.java:addTransactionToDN(50)) - Transaction added: 01235482-5c07-4b37-86e9-3192ec4df84f <- TX(41)
2021-08-10 12:16:26,936 [SCMBlockDeletingService#0] DEBUG block.SCMBlockDeletingService (DatanodeDeletedBlockTransactions.java:addTransactionToDN(50)) - Transaction added: 01235482-5c07-4b37-86e9-3192ec4df84f <- TX(42)
2021-08-10 12:16:26,936 [SCMBlockDeletingService#0] DEBUG block.SCMBlockDeletingService (DatanodeDeletedBlockTransactions.java:addTransactionToDN(50)) - Transaction added: ad4991cb-97ce-4dd6-b117-42e7f6b0816f <- TX(42)
2021-08-10 12:16:26,936 [SCMBlockDeletingService#0] DEBUG block.SCMBlockDeletingService (DatanodeDeletedBlockTransactions.java:addTransactionToDN(50)) - Transaction added: ad4991cb-97ce-4dd6-b117-42e7f6b0816f <- TX(43)
2021-08-10 12:16:26,937 [SCMBlockDeletingService#0] DEBUG block.SCMBlockDeletingService (DatanodeDeletedBlockTransactions.java:addTransactionToDN(50)) - Transaction added: 01235482-5c07-4b37-86e9-3192ec4df84f <- TX(43)
2021-08-10 12:16:26,937 [SCMBlockDeletingService#0] DEBUG block.SCMBlockDeletingService (DatanodeDeletedBlockTransactions.java:addTransactionToDN(50)) - Transaction added: ad4991cb-97ce-4dd6-b117-42e7f6b0816f <- TX(44)
2021-08-10 12:16:26,937 [SCMBlockDeletingService#0] DEBUG block.SCMBlockDeletingService (DatanodeDeletedBlockTransactions.java:addTransactionToDN(50)) - Transaction added: 01235482-5c07-4b37-86e9-3192ec4df84f <- TX(44)
2021-08-10 12:16:26,937 [SCMBlockDeletingService#0] DEBUG block.SCMBlockDeletingService (DatanodeDeletedBlockTransactions.java:addTransactionToDN(50)) - Transaction added: ad4991cb-97ce-4dd6-b117-42e7f6b0816f <- TX(45)
2021-08-10 12:16:26,937 [SCMBlockDeletingService#0] DEBUG block.SCMBlockDeletingService (DatanodeDeletedBlockTransactions.java:addTransactionToDN(50)) - Transaction added: 01235482-5c07-4b37-86e9-3192ec4df84f <- TX(45)
2021-08-10 12:16:26,937 [SCMBlockDeletingService#0] DEBUG block.SCMBlockDeletingService (DatanodeDeletedBlockTransactions.java:addTransactionToDN(50)) - Transaction added: ad4991cb-97ce-4dd6-b117-42e7f6b0816f <- TX(46)
2021-08-10 12:16:26,937 [SCMBlockDeletingService#0] DEBUG block.SCMBlockDeletingService (DatanodeDeletedBlockTransactions.java:addTransactionToDN(50)) - Transaction added: 01235482-5c07-4b37-86e9-3192ec4df84f <- TX(46)
2021-08-10 12:16:26,937 [SCMBlockDeletingService#0] DEBUG block.SCMBlockDeletingService (DatanodeDeletedBlockTransactions.java:addTransactionToDN(50)) - Transaction added: ad4991cb-97ce-4dd6-b117-42e7f6b0816f <- TX(47)
2021-08-10 12:16:26,937 [SCMBlockDeletingService#0] DEBUG block.SCMBlockDeletingService (DatanodeDeletedBlockTransactions.java:addTransactionToDN(50)) - Transaction added: 01235482-5c07-4b37-86e9-3192ec4df84f <- TX(47)
2021-08-10 12:16:26,937 [SCMBlockDeletingService#0] DEBUG block.SCMBlockDeletingService (DatanodeDeletedBlockTransactions.java:addTransactionToDN(50)) - Transaction added: ad4991cb-97ce-4dd6-b117-42e7f6b0816f <- TX(48)
2021-08-10 12:16:26,937 [SCMBlockDeletingService#0] DEBUG block.SCMBlockDeletingService (DatanodeDeletedBlockTransactions.java:addTransactionToDN(50)) - Transaction added: 01235482-5c07-4b37-86e9-3192ec4df84f <- TX(48)
2021-08-10 12:16:26,937 [SCMBlockDeletingService#0] DEBUG block.SCMBlockDeletingService (DatanodeDeletedBlockTransactions.java:addTransactionToDN(50)) - Transaction added: 01235482-5c07-4b37-86e9-3192ec4df84f <- TX(49)
2021-08-10 12:16:26,937 [SCMBlockDeletingService#0] DEBUG block.SCMBlockDeletingService (DatanodeDeletedBlockTransactions.java:addTransactionToDN(50)) - Transaction added: ad4991cb-97ce-4dd6-b117-42e7f6b0816f <- TX(49)
2021-08-10 12:16:26,937 [SCMBlockDeletingService#0] DEBUG block.SCMBlockDeletingService (DatanodeDeletedBlockTransactions.java:addTransactionToDN(50)) - Transaction added: ad4991cb-97ce-4dd6-b117-42e7f6b0816f <- TX(50)
2021-08-10 12:16:26,937 [SCMBlockDeletingService#0] DEBUG block.SCMBlockDeletingService (DatanodeDeletedBlockTransactions.java:addTransactionToDN(50)) - Transaction added: 01235482-5c07-4b37-86e9-3192ec4df84f <- TX(50)
2021-08-10 12:16:26,937 [SCMBlockDeletingService#0] DEBUG block.SCMBlockDeletingService (DatanodeDeletedBlockTransactions.java:addTransactionToDN(50)) - Transaction added: ad4991cb-97ce-4dd6-b117-42e7f6b0816f <- TX(51)
2021-08-10 12:16:26,937 [SCMBlockDeletingService#0] DEBUG block.SCMBlockDeletingService (DatanodeDeletedBlockTransactions.java:addTransactionToDN(50)) - Transaction added: 01235482-5c07-4b37-86e9-3192ec4df84f <- TX(51)
2021-08-10 12:16:26,937 [SCMBlockDeletingService#0] DEBUG block.SCMBlockDeletingService (DatanodeDeletedBlockTransactions.java:addTransactionToDN(50)) - Transaction added: ad4991cb-97ce-4dd6-b117-42e7f6b0816f <- TX(52)
2021-08-10 12:16:26,937 [SCMBlockDeletingService#0] DEBUG block.SCMBlockDeletingService (DatanodeDeletedBlockTransactions.java:addTransactionToDN(50)) - Transaction added: 01235482-5c07-4b37-86e9-3192ec4df84f <- TX(52)
2021-08-10 12:16:26,937 [SCMBlockDeletingService#0] DEBUG block.SCMBlockDeletingService (DatanodeDeletedBlockTransactions.java:addTransactionToDN(50)) - Transaction added: ad4991cb-97ce-4dd6-b117-42e7f6b0816f <- TX(53)
2021-08-10 12:16:26,937 [SCMBlockDeletingService#0] DEBUG block.SCMBlockDeletingService (DatanodeDeletedBlockTransactions.java:addTransactionToDN(50)) - Transaction added: 01235482-5c07-4b37-86e9-3192ec4df84f <- TX(53)
2021-08-10 12:16:26,937 [SCMBlockDeletingService#0] DEBUG block.SCMBlockDeletingService (DatanodeDeletedBlockTransactions.java:addTransactionToDN(50)) - Transaction added: ad4991cb-97ce-4dd6-b117-42e7f6b0816f <- TX(54)
2021-08-10 12:16:26,937 [SCMBlockDeletingService#0] DEBUG block.SCMBlockDeletingService (DatanodeDeletedBlockTransactions.java:addTransactionToDN(50)) - Transaction added: 01235482-5c07-4b37-86e9-3192ec4df84f <- TX(54)
2021-08-10 12:16:26,937 [SCMBlockDeletingService#0] DEBUG block.SCMBlockDeletingService (DatanodeDeletedBlockTransactions.java:addTransactionToDN(50)) - Transaction added: ad4991cb-97ce-4dd6-b117-42e7f6b0816f <- TX(55)
2021-08-10 12:16:26,937 [SCMBlockDeletingService#0] DEBUG block.SCMBlockDeletingService (DatanodeDeletedBlockTransactions.java:addTransactionToDN(50)) - Transaction added: 01235482-5c07-4b37-86e9-3192ec4df84f <- TX(55)
2021-08-10 12:16:26,937 [SCMBlockDeletingService#0] DEBUG block.SCMBlockDeletingService (DatanodeDeletedBlockTransactions.java:addTransactionToDN(50)) - Transaction added: 01235482-5c07-4b37-86e9-3192ec4df84f <- TX(56)
2021-08-10 12:16:26,937 [SCMBlockDeletingService#0] DEBUG block.SCMBlockDeletingService (DatanodeDeletedBlockTransactions.java:addTransactionToDN(50)) - Transaction added: ad4991cb-97ce-4dd6-b117-42e7f6b0816f <- TX(56)
2021-08-10 12:16:26,939 [SCMBlockDeletingService#0] DEBUG block.SCMBlockDeletingService (SCMBlockDeletingService.java:call(164)) - Added delete block command for datanode ad4991cb-97ce-4dd6-b117-42e7f6b0816f in the queue, number of delete block transactions: 47
2021-08-10 12:16:26,939 [SCMBlockDeletingService#0] DEBUG block.SCMBlockDeletingService (SCMBlockDeletingService.java:call(164)) - Added delete block command for datanode 01235482-5c07-4b37-86e9-3192ec4df84f in the queue, number of delete block transactions: 56
2021-08-10 12:16:26,939 [SCMBlockDeletingService#0] INFO  block.SCMBlockDeletingService (SCMBlockDeletingService.java:call(174)) - Totally added 103 blocks to be deleted for 2 datanodes, task elapsed time: 5ms
2021-08-10 12:16:27,034 [SCMBlockDeletingService#0] DEBUG block.SCMBlockDeletingService (SCMBlockDeletingService.java:call(133)) - Running DeletedBlockTransactionScanner
2021-08-10 12:16:27,034 [SCMBlockDeletingService#0] DEBUG block.SCMBlockDeletingService (DatanodeDeletedBlockTransactions.java:addTransactionToDN(50)) - Transaction added: 01235482-5c07-4b37-86e9-3192ec4df84f <- TX(1)
2021-08-10 12:16:27,034 [SCMBlockDeletingService#0] DEBUG block.SCMBlockDeletingService (DatanodeDeletedBlockTransactions.java:addTransactionToDN(50)) - Transaction added: 01235482-5c07-4b37-86e9-3192ec4df84f <- TX(2)
2021-08-10 12:16:27,034 [SCMBlockDeletingService#0] DEBUG block.SCMBlockDeletingService (DatanodeDeletedBlockTransactions.java:addTransactionToDN(50)) - Transaction added: 01235482-5c07-4b37-86e9-3192ec4df84f <- TX(3)
2021-08-10 12:16:27,035 [SCMBlockDeletingService#0] DEBUG block.SCMBlockDeletingService (DatanodeDeletedBlockTransactions.java:addTransactionToDN(50)) - Transaction added: 01235482-5c07-4b37-86e9-3192ec4df84f <- TX(4)
2021-08-10 12:16:27,035 [SCMBlockDeletingService#0] DEBUG block.SCMBlockDeletingService (DatanodeDeletedBlockTransactions.java:addTransactionToDN(50)) - Transaction added: 01235482-5c07-4b37-86e9-3192ec4df84f <- TX(5)
2021-08-10 12:16:27,035 [SCMBlockDeletingService#0] DEBUG block.SCMBlockDeletingService (DatanodeDeletedBlockTransactions.java:addTransactionToDN(50)) - Transaction added: 01235482-5c07-4b37-86e9-3192ec4df84f <- TX(6)
2021-08-10 12:16:27,035 [SCMBlockDeletingService#0] DEBUG block.SCMBlockDeletingService (DatanodeDeletedBlockTransactions.java:addTransactionToDN(50)) - Transaction added: 01235482-5c07-4b37-86e9-3192ec4df84f <- TX(7)
2021-08-10 12:16:27,035 [SCMBlockDeletingService#0] DEBUG block.SCMBlockDeletingService (DatanodeDeletedBlockTransactions.java:addTransactionToDN(50)) - Transaction added: 01235482-5c07-4b37-86e9-3192ec4df84f <- TX(8)
2021-08-10 12:16:27,035 [SCMBlockDeletingService#0] DEBUG block.SCMBlockDeletingService (DatanodeDeletedBlockTransactions.java:addTransactionToDN(50)) - Transaction added: 01235482-5c07-4b37-86e9-3192ec4df84f <- TX(9)
2021-08-10 12:16:27,035 [SCMBlockDeletingService#0] DEBUG block.SCMBlockDeletingService (DatanodeDeletedBlockTransactions.java:addTransactionToDN(50)) - Transaction added: 01235482-5c07-4b37-86e9-3192ec4df84f <- TX(10)
2021-08-10 12:16:27,035 [SCMBlockDeletingService#0] DEBUG block.SCMBlockDeletingService (DatanodeDeletedBlockTransactions.java:addTransactionToDN(50)) - Transaction added: ad4991cb-97ce-4dd6-b117-42e7f6b0816f <- TX(10)
2021-08-10 12:16:27,035 [SCMBlockDeletingService#0] DEBUG block.SCMBlockDeletingService (DatanodeDeletedBlockTransactions.java:addTransactionToDN(50)) - Transaction added: ad4991cb-97ce-4dd6-b117-42e7f6b0816f <- TX(11)
2021-08-10 12:16:27,035 [SCMBlockDeletingService#0] DEBUG block.SCMBlockDeletingService (DatanodeDeletedBlockTransactions.java:addTransactionToDN(50)) - Transaction added: 01235482-5c07-4b37-86e9-3192ec4df84f <- TX(11)
2021-08-10 12:16:27,035 [SCMBlockDeletingService#0] DEBUG block.SCMBlockDeletingService (DatanodeDeletedBlockTransactions.java:addTransactionToDN(50)) - Transaction added: ad4991cb-97ce-4dd6-b117-42e7f6b0816f <- TX(12)
2021-08-10 12:16:27,035 [SCMBlockDeletingService#0] DEBUG block.SCMBlockDeletingService (DatanodeDeletedBlockTransactions.java:addTransactionToDN(50)) - Transaction added: 01235482-5c07-4b37-86e9-3192ec4df84f <- TX(12)
2021-08-10 12:16:27,035 [SCMBlockDeletingService#0] DEBUG block.SCMBlockDeletingService (DatanodeDeletedBlockTransactions.java:addTransactionToDN(50)) - Transaction added: ad4991cb-97ce-4dd6-b117-42e7f6b0816f <- TX(13)
2021-08-10 12:16:27,035 [SCMBlockDeletingService#0] DEBUG block.SCMBlockDeletingService (DatanodeDeletedBlockTransactions.java:addTransactionToDN(50)) - Transaction added: 01235482-5c07-4b37-86e9-3192ec4df84f <- TX(13)
2021-08-10 12:16:27,035 [SCMBlockDeletingService#0] DEBUG block.SCMBlockDeletingService (DatanodeDeletedBlockTransactions.java:addTransactionToDN(50)) - Transaction added: ad4991cb-97ce-4dd6-b117-42e7f6b0816f <- TX(14)
2021-08-10 12:16:27,035 [SCMBlockDeletingService#0] DEBUG block.SCMBlockDeletingService (DatanodeDeletedBlockTransactions.java:addTransactionToDN(50)) - Transaction added: 01235482-5c07-4b37-86e9-3192ec4df84f <- TX(14)
2021-08-10 12:16:27,035 [SCMBlockDeletingService#0] DEBUG block.SCMBlockDeletingService (DatanodeDeletedBlockTransactions.java:addTransactionToDN(50)) - Transaction added: ad4991cb-97ce-4dd6-b117-42e7f6b0816f <- TX(15)
2021-08-10 12:16:27,035 [SCMBlockDeletingService#0] DEBUG block.SCMBlockDeletingService (DatanodeDeletedBlockTransactions.java:addTransactionToDN(50)) - Transaction added: 01235482-5c07-4b37-86e9-3192ec4df84f <- TX(15)
2021-08-10 12:16:27,035 [SCMBlockDeletingService#0] DEBUG block.SCMBlockDeletingService (DatanodeDeletedBlockTransactions.java:addTransactionToDN(50)) - Transaction added: ad4991cb-97ce-4dd6-b117-42e7f6b0816f <- TX(16)
2021-08-10 12:16:27,035 [SCMBlockDeletingService#0] DEBUG block.SCMBlockDeletingService (DatanodeDeletedBlockTransactions.java:addTransactionToDN(50)) - Transaction added: 01235482-5c07-4b37-86e9-3192ec4df84f <- TX(16)
2021-08-10 12:16:27,035 [SCMBlockDeletingService#0] DEBUG block.SCMBlockDeletingService (DatanodeDeletedBlockTransactions.java:addTransactionToDN(50)) - Transaction added: 01235482-5c07-4b37-86e9-3192ec4df84f <- TX(17)
2021-08-10 12:16:27,035 [SCMBlockDeletingService#0] DEBUG block.SCMBlockDeletingService (DatanodeDeletedBlockTransactions.java:addTransactionToDN(50)) - Transaction added: ad4991cb-97ce-4dd6-b117-42e7f6b0816f <- TX(17)
2021-08-10 12:16:27,035 [SCMBlockDeletingService#0] DEBUG block.SCMBlockDeletingService (DatanodeDeletedBlockTransactions.java:addTransactionToDN(50)) - Transaction added: ad4991cb-97ce-4dd6-b117-42e7f6b0816f <- TX(18)
2021-08-10 12:16:27,035 [SCMBlockDeletingService#0] DEBUG block.SCMBlockDeletingService (DatanodeDeletedBlockTransactions.java:addTransactionToDN(50)) - Transaction added: 01235482-5c07-4b37-86e9-3192ec4df84f <- TX(18)
2021-08-10 12:16:27,035 [SCMBlockDeletingService#0] DEBUG block.SCMBlockDeletingService (DatanodeDeletedBlockTransactions.java:addTransactionToDN(50)) - Transaction added: ad4991cb-97ce-4dd6-b117-42e7f6b0816f <- TX(19)
2021-08-10 12:16:27,035 [SCMBlockDeletingService#0] DEBUG block.SCMBlockDeletingService (DatanodeDeletedBlockTransactions.java:addTransactionToDN(50)) - Transaction added: 01235482-5c07-4b37-86e9-3192ec4df84f <- TX(19)
2021-08-10 12:16:27,035 [SCMBlockDeletingService#0] DEBUG block.SCMBlockDeletingService (DatanodeDeletedBlockTransactions.java:addTransactionToDN(50)) - Transaction added: ad4991cb-97ce-4dd6-b117-42e7f6b0816f <- TX(20)
2021-08-10 12:16:27,035 [SCMBlockDeletingService#0] DEBUG block.SCMBlockDeletingService (DatanodeDeletedBlockTransactions.java:addTransactionToDN(50)) - Transaction added: 01235482-5c07-4b37-86e9-3192ec4df84f <- TX(20)
2021-08-10 12:16:27,035 [SCMBlockDeletingService#0] DEBUG block.SCMBlockDeletingService (DatanodeDeletedBlockTransactions.java:addTransactionToDN(50)) - Transaction added: ad4991cb-97ce-4dd6-b117-42e7f6b0816f <- TX(21)
2021-08-10 12:16:27,035 [SCMBlockDeletingService#0] DEBUG block.SCMBlockDeletingService (DatanodeDeletedBlockTransactions.java:addTransactionToDN(50)) - Transaction added: 01235482-5c07-4b37-86e9-3192ec4df84f <- TX(21)
2021-08-10 12:16:27,036 [SCMBlockDeletingService#0] DEBUG block.SCMBlockDeletingService (DatanodeDeletedBlockTransactions.java:addTransactionToDN(50)) - Transaction added: ad4991cb-97ce-4dd6-b117-42e7f6b0816f <- TX(22)
2021-08-10 12:16:27,036 [SCMBlockDeletingService#0] DEBUG block.SCMBlockDeletingService (DatanodeDeletedBlockTransactions.java:addTransactionToDN(50)) - Transaction added: 01235482-5c07-4b37-86e9-3192ec4df84f <- TX(22)
2021-08-10 12:16:27,036 [SCMBlockDeletingService#0] DEBUG block.SCMBlockDeletingService (DatanodeDeletedBlockTransactions.java:addTransactionToDN(50)) - Transaction added: ad4991cb-97ce-4dd6-b117-42e7f6b0816f <- TX(23)
2021-08-10 12:16:27,036 [SCMBlockDeletingService#0] DEBUG block.SCMBlockDeletingService (DatanodeDeletedBlockTransactions.java:addTransactionToDN(50)) - Transaction added: 01235482-5c07-4b37-86e9-3192ec4df84f <- TX(23)
2021-08-10 12:16:27,036 [SCMBlockDeletingService#0] DEBUG block.SCMBlockDeletingService (DatanodeDeletedBlockTransactions.java:addTransactionToDN(50)) - Transaction added: 01235482-5c07-4b37-86e9-3192ec4df84f <- TX(24)
2021-08-10 12:16:27,036 [SCMBlockDeletingService#0] DEBUG block.SCMBlockDeletingService (DatanodeDeletedBlockTransactions.java:addTransactionToDN(50)) - Transaction added: ad4991cb-97ce-4dd6-b117-42e7f6b0816f <- TX(24)
2021-08-10 12:16:27,036 [SCMBlockDeletingService#0] DEBUG block.SCMBlockDeletingService (DatanodeDeletedBlockTransactions.java:addTransactionToDN(50)) - Transaction added: ad4991cb-97ce-4dd6-b117-42e7f6b0816f <- TX(25)
2021-08-10 12:16:27,036 [SCMBlockDeletingService#0] DEBUG block.SCMBlockDeletingService (DatanodeDeletedBlockTransactions.java:addTransactionToDN(50)) - Transaction added: 01235482-5c07-4b37-86e9-3192ec4df84f <- TX(25)
2021-08-10 12:16:27,036 [SCMBlockDeletingService#0] DEBUG block.SCMBlockDeletingService (DatanodeDeletedBlockTransactions.java:addTransactionToDN(50)) - Transaction added: 01235482-5c07-4b37-86e9-3192ec4df84f <- TX(26)
2021-08-10 12:16:27,036 [SCMBlockDeletingService#0] DEBUG block.SCMBlockDeletingService (DatanodeDeletedBlockTransactions.java:addTransactionToDN(50)) - Transaction added: ad4991cb-97ce-4dd6-b117-42e7f6b0816f <- TX(26)
2021-08-10 12:16:27,036 [SCMBlockDeletingService#0] DEBUG block.SCMBlockDeletingService (DatanodeDeletedBlockTransactions.java:addTransactionToDN(50)) - Transaction added: ad4991cb-97ce-4dd6-b117-42e7f6b0816f <- TX(27)
2021-08-10 12:16:27,036 [SCMBlockDeletingService#0] DEBUG block.SCMBlockDeletingService (DatanodeDeletedBlockTransactions.java:addTransactionToDN(50)) - Transaction added: 01235482-5c07-4b37-86e9-3192ec4df84f <- TX(27)
2021-08-10 12:16:27,036 [SCMBlockDeletingService#0] DEBUG block.SCMBlockDeletingService (DatanodeDeletedBlockTransactions.java:addTransactionToDN(50)) - Transaction added: ad4991cb-97ce-4dd6-b117-42e7f6b0816f <- TX(28)
2021-08-10 12:16:27,036 [SCMBlockDeletingService#0] DEBUG block.SCMBlockDeletingService (DatanodeDeletedBlockTransactions.java:addTransactionToDN(50)) - Transaction added: 01235482-5c07-4b37-86e9-3192ec4df84f <- TX(28)
2021-08-10 12:16:27,036 [SCMBlockDeletingService#0] DEBUG block.SCMBlockDeletingService (DatanodeDeletedBlockTransactions.java:addTransactionToDN(50)) - Transaction added: ad4991cb-97ce-4dd6-b117-42e7f6b0816f <- TX(29)
2021-08-10 12:16:27,036 [SCMBlockDeletingService#0] DEBUG block.SCMBlockDeletingService (DatanodeDeletedBlockTransactions.java:addTransactionToDN(50)) - Transaction added: 01235482-5c07-4b37-86e9-3192ec4df84f <- TX(29)
2021-08-10 12:16:27,036 [SCMBlockDeletingService#0] DEBUG block.SCMBlockDeletingService (DatanodeDeletedBlockTransactions.java:addTransactionToDN(50)) - Transaction added: ad4991cb-97ce-4dd6-b117-42e7f6b0816f <- TX(30)
2021-08-10 12:16:27,036 [SCMBlockDeletingService#0] DEBUG block.SCMBlockDeletingService (DatanodeDeletedBlockTransactions.java:addTransactionToDN(50)) - Transaction added: 01235482-5c07-4b37-86e9-3192ec4df84f <- TX(30)
2021-08-10 12:16:27,036 [SCMBlockDeletingService#0] DEBUG block.SCMBlockDeletingService (DatanodeDeletedBlockTransactions.java:addTransactionToDN(50)) - Transaction added: ad4991cb-97ce-4dd6-b117-42e7f6b0816f <- TX(31)
2021-08-10 12:16:27,036 [SCMBlockDeletingService#0] DEBUG block.SCMBlockDeletingService (DatanodeDeletedBlockTransactions.java:addTransactionToDN(50)) - Transaction added: 01235482-5c07-4b37-86e9-3192ec4df84f <- TX(31)
2021-08-10 12:16:27,036 [SCMBlockDeletingService#0] DEBUG block.SCMBlockDeletingService (DatanodeDeletedBlockTransactions.java:addTransactionToDN(50)) - Transaction added: ad4991cb-97ce-4dd6-b117-42e7f6b0816f <- TX(32)
2021-08-10 12:16:27,036 [SCMBlockDeletingService#0] DEBUG block.SCMBlockDeletingService (DatanodeDeletedBlockTransactions.java:addTransactionToDN(50)) - Transaction added: 01235482-5c07-4b37-86e9-3192ec4df84f <- TX(32)
2021-08-10 12:16:27,036 [SCMBlockDeletingService#0] DEBUG block.SCMBlockDeletingService (DatanodeDeletedBlockTransactions.java:addTransactionToDN(50)) - Transaction added: 01235482-5c07-4b37-86e9-3192ec4df84f <- TX(33)
2021-08-10 12:16:27,036 [SCMBlockDeletingService#0] DEBUG block.SCMBlockDeletingService (DatanodeDeletedBlockTransactions.java:addTransactionToDN(50)) - Transaction added: ad4991cb-97ce-4dd6-b117-42e7f6b0816f <- TX(33)
2021-08-10 12:16:27,036 [SCMBlockDeletingService#0] DEBUG block.SCMBlockDeletingService (DatanodeDeletedBlockTransactions.java:addTransactionToDN(50)) - Transaction added: ad4991cb-97ce-4dd6-b117-42e7f6b0816f <- TX(34)
2021-08-10 12:16:27,036 [SCMBlockDeletingService#0] DEBUG block.SCMBlockDeletingService (DatanodeDeletedBlockTransactions.java:addTransactionToDN(50)) - Transaction added: 01235482-5c07-4b37-86e9-3192ec4df84f <- TX(34)
2021-08-10 12:16:27,036 [SCMBlockDeletingService#0] DEBUG block.SCMBlockDeletingService (DatanodeDeletedBlockTransactions.java:addTransactionToDN(50)) - Transaction added: ad4991cb-97ce-4dd6-b117-42e7f6b0816f <- TX(35)
2021-08-10 12:16:27,036 [SCMBlockDeletingService#0] DEBUG block.SCMBlockDeletingService (DatanodeDeletedBlockTransactions.java:addTransactionToDN(50)) - Transaction added: 01235482-5c07-4b37-86e9-3192ec4df84f <- TX(35)
2021-08-10 12:16:27,036 [SCMBlockDeletingService#0] DEBUG block.SCMBlockDeletingService (DatanodeDeletedBlockTransactions.java:addTransactionToDN(50)) - Transaction added: ad4991cb-97ce-4dd6-b117-42e7f6b0816f <- TX(36)
2021-08-10 12:16:27,036 [SCMBlockDeletingService#0] DEBUG block.SCMBlockDeletingService (DatanodeDeletedBlockTransactions.java:addTransactionToDN(50)) - Transaction added: 01235482-5c07-4b37-86e9-3192ec4df84f <- TX(36)
2021-08-10 12:16:27,036 [SCMBlockDeletingService#0] DEBUG block.SCMBlockDeletingService (DatanodeDeletedBlockTransactions.java:addTransactionToDN(50)) - Transaction added: ad4991cb-97ce-4dd6-b117-42e7f6b0816f <- TX(37)
2021-08-10 12:16:27,036 [SCMBlockDeletingService#0] DEBUG block.SCMBlockDeletingService (DatanodeDeletedBlockTransactions.java:addTransactionToDN(50)) - Transaction added: 01235482-5c07-4b37-86e9-3192ec4df84f <- TX(37)
2021-08-10 12:16:27,036 [SCMBlockDeletingService#0] DEBUG block.SCMBlockDeletingService (DatanodeDeletedBlockTransactions.java:addTransactionToDN(50)) - Transaction added: ad4991cb-97ce-4dd6-b117-42e7f6b0816f <- TX(38)
2021-08-10 12:16:27,037 [SCMBlockDeletingService#0] DEBUG block.SCMBlockDeletingService (DatanodeDeletedBlockTransactions.java:addTransactionToDN(50)) - Transaction added: 01235482-5c07-4b37-86e9-3192ec4df84f <- TX(38)
2021-08-10 12:16:27,037 [SCMBlockDeletingService#0] DEBUG block.SCMBlockDeletingService (DatanodeDeletedBlockTransactions.java:addTransactionToDN(50)) - Transaction added: ad4991cb-97ce-4dd6-b117-42e7f6b0816f <- TX(39)
2021-08-10 12:16:27,037 [SCMBlockDeletingService#0] DEBUG block.SCMBlockDeletingService (DatanodeDeletedBlockTransactions.java:addTransactionToDN(50)) - Transaction added: 01235482-5c07-4b37-86e9-3192ec4df84f <- TX(39)
2021-08-10 12:16:27,037 [SCMBlockDeletingService#0] DEBUG block.SCMBlockDeletingService (DatanodeDeletedBlockTransactions.java:addTransactionToDN(50)) - Transaction added: 01235482-5c07-4b37-86e9-3192ec4df84f <- TX(40)
2021-08-10 12:16:27,037 [SCMBlockDeletingService#0] DEBUG block.SCMBlockDeletingService (DatanodeDeletedBlockTransactions.java:addTransactionToDN(50)) - Transaction added: ad4991cb-97ce-4dd6-b117-42e7f6b0816f <- TX(40)
2021-08-10 12:16:27,037 [SCMBlockDeletingService#0] DEBUG block.SCMBlockDeletingService (DatanodeDeletedBlockTransactions.java:addTransactionToDN(50)) - Transaction added: ad4991cb-97ce-4dd6-b117-42e7f6b0816f <- TX(41)
2021-08-10 12:16:27,037 [SCMBlockDeletingService#0] DEBUG block.SCMBlockDeletingService (DatanodeDeletedBlockTransactions.java:addTransactionToDN(50)) - Transaction added: 01235482-5c07-4b37-86e9-3192ec4df84f <- TX(41)
2021-08-10 12:16:27,037 [SCMBlockDeletingService#0] DEBUG block.SCMBlockDeletingService (DatanodeDeletedBlockTransactions.java:addTransactionToDN(50)) - Transaction added: 01235482-5c07-4b37-86e9-3192ec4df84f <- TX(42)
2021-08-10 12:16:27,037 [SCMBlockDeletingService#0] DEBUG block.SCMBlockDeletingService (DatanodeDeletedBlockTransactions.java:addTransactionToDN(50)) - Transaction added: ad4991cb-97ce-4dd6-b117-42e7f6b0816f <- TX(42)
2021-08-10 12:16:27,037 [SCMBlockDeletingService#0] DEBUG block.SCMBlockDeletingService (DatanodeDeletedBlockTransactions.java:addTransactionToDN(50)) - Transaction added: ad4991cb-97ce-4dd6-b117-42e7f6b0816f <- TX(43)
2021-08-10 12:16:27,037 [SCMBlockDeletingService#0] DEBUG block.SCMBlockDeletingService (DatanodeDeletedBlockTransactions.java:addTransactionToDN(50)) - Transaction added: 01235482-5c07-4b37-86e9-3192ec4df84f <- TX(43)
2021-08-10 12:16:27,037 [SCMBlockDeletingService#0] DEBUG block.SCMBlockDeletingService (DatanodeDeletedBlockTransactions.java:addTransactionToDN(50)) - Transaction added: ad4991cb-97ce-4dd6-b117-42e7f6b0816f <- TX(44)
2021-08-10 12:16:27,037 [SCMBlockDeletingService#0] DEBUG block.SCMBlockDeletingService (DatanodeDeletedBlockTransactions.java:addTransactionToDN(50)) - Transaction added: 01235482-5c07-4b37-86e9-3192ec4df84f <- TX(44)
2021-08-10 12:16:27,037 [SCMBlockDeletingService#0] DEBUG block.SCMBlockDeletingService (DatanodeDeletedBlockTransactions.java:addTransactionToDN(50)) - Transaction added: ad4991cb-97ce-4dd6-b117-42e7f6b0816f <- TX(45)
2021-08-10 12:16:27,037 [SCMBlockDeletingService#0] DEBUG block.SCMBlockDeletingService (DatanodeDeletedBlockTransactions.java:addTransactionToDN(50)) - Transaction added: 01235482-5c07-4b37-86e9-3192ec4df84f <- TX(45)
2021-08-10 12:16:27,037 [SCMBlockDeletingService#0] DEBUG block.SCMBlockDeletingService (DatanodeDeletedBlockTransactions.java:addTransactionToDN(50)) - Transaction added: ad4991cb-97ce-4dd6-b117-42e7f6b0816f <- TX(46)
2021-08-10 12:16:27,037 [SCMBlockDeletingService#0] DEBUG block.SCMBlockDeletingService (DatanodeDeletedBlockTransactions.java:addTransactionToDN(50)) - Transaction added: 01235482-5c07-4b37-86e9-3192ec4df84f <- TX(46)
2021-08-10 12:16:27,037 [SCMBlockDeletingService#0] DEBUG block.SCMBlockDeletingService (DatanodeDeletedBlockTransactions.java:addTransactionToDN(50)) - Transaction added: ad4991cb-97ce-4dd6-b117-42e7f6b0816f <- TX(47)
2021-08-10 12:16:27,037 [SCMBlockDeletingService#0] DEBUG block.SCMBlockDeletingService (DatanodeDeletedBlockTransactions.java:addTransactionToDN(50)) - Transaction added: 01235482-5c07-4b37-86e9-3192ec4df84f <- TX(47)
2021-08-10 12:16:27,037 [SCMBlockDeletingService#0] DEBUG block.SCMBlockDeletingService (DatanodeDeletedBlockTransactions.java:addTransactionToDN(50)) - Transaction added: ad4991cb-97ce-4dd6-b117-42e7f6b0816f <- TX(48)
2021-08-10 12:16:27,037 [SCMBlockDeletingService#0] DEBUG block.SCMBlockDeletingService (DatanodeDeletedBlockTransactions.java:addTransactionToDN(50)) - Transaction added: 01235482-5c07-4b37-86e9-3192ec4df84f <- TX(48)
2021-08-10 12:16:27,037 [SCMBlockDeletingService#0] DEBUG block.SCMBlockDeletingService (DatanodeDeletedBlockTransactions.java:addTransactionToDN(50)) - Transaction added: 01235482-5c07-4b37-86e9-3192ec4df84f <- TX(49)
2021-08-10 12:16:27,037 [SCMBlockDeletingService#0] DEBUG block.SCMBlockDeletingService (DatanodeDeletedBlockTransactions.java:addTransactionToDN(50)) - Transaction added: ad4991cb-97ce-4dd6-b117-42e7f6b0816f <- TX(49)
2021-08-10 12:16:27,037 [SCMBlockDeletingService#0] DEBUG block.SCMBlockDeletingService (DatanodeDeletedBlockTransactions.java:addTransactionToDN(50)) - Transaction added: ad4991cb-97ce-4dd6-b117-42e7f6b0816f <- TX(50)
2021-08-10 12:16:27,037 [SCMBlockDeletingService#0] DEBUG block.SCMBlockDeletingService (DatanodeDeletedBlockTransactions.java:addTransactionToDN(50)) - Transaction added: 01235482-5c07-4b37-86e9-3192ec4df84f <- TX(50)
2021-08-10 12:16:27,037 [SCMBlockDeletingService#0] DEBUG block.SCMBlockDeletingService (DatanodeDeletedBlockTransactions.java:addTransactionToDN(50)) - Transaction added: ad4991cb-97ce-4dd6-b117-42e7f6b0816f <- TX(51)
2021-08-10 12:16:27,037 [SCMBlockDeletingService#0] DEBUG block.SCMBlockDeletingService (DatanodeDeletedBlockTransactions.java:addTransactionToDN(50)) - Transaction added: 01235482-5c07-4b37-86e9-3192ec4df84f <- TX(51)
2021-08-10 12:16:27,037 [SCMBlockDeletingService#0] DEBUG block.SCMBlockDeletingService (DatanodeDeletedBlockTransactions.java:addTransactionToDN(50)) - Transaction added: ad4991cb-97ce-4dd6-b117-42e7f6b0816f <- TX(52)
2021-08-10 12:16:27,037 [SCMBlockDeletingService#0] DEBUG block.SCMBlockDeletingService (DatanodeDeletedBlockTransactions.java:addTransactionToDN(50)) - Transaction added: 01235482-5c07-4b37-86e9-3192ec4df84f <- TX(52)
2021-08-10 12:16:27,037 [SCMBlockDeletingService#0] DEBUG block.SCMBlockDeletingService (DatanodeDeletedBlockTransactions.java:addTransactionToDN(50)) - Transaction added: ad4991cb-97ce-4dd6-b117-42e7f6b0816f <- TX(53)
2021-08-10 12:16:27,037 [SCMBlockDeletingService#0] DEBUG block.SCMBlockDeletingService (DatanodeDeletedBlockTransactions.java:addTransactionToDN(50)) - Transaction added: 01235482-5c07-4b37-86e9-3192ec4df84f <- TX(53)
2021-08-10 12:16:27,037 [SCMBlockDeletingService#0] DEBUG block.SCMBlockDeletingService (DatanodeDeletedBlockTransactions.java:addTransactionToDN(50)) - Transaction added: ad4991cb-97ce-4dd6-b117-42e7f6b0816f <- TX(54)
2021-08-10 12:16:27,037 [SCMBlockDeletingService#0] DEBUG block.SCMBlockDeletingService (DatanodeDeletedBlockTransactions.java:addTransactionToDN(50)) - Transaction added: 01235482-5c07-4b37-86e9-3192ec4df84f <- TX(54)
2021-08-10 12:16:27,038 [SCMBlockDeletingService#0] DEBUG block.SCMBlockDeletingService (DatanodeDeletedBlockTransactions.java:addTransactionToDN(50)) - Transaction added: ad4991cb-97ce-4dd6-b117-42e7f6b0816f <- TX(55)
2021-08-10 12:16:27,038 [SCMBlockDeletingService#0] DEBUG block.SCMBlockDeletingService (DatanodeDeletedBlockTransactions.java:addTransactionToDN(50)) - Transaction added: 01235482-5c07-4b37-86e9-3192ec4df84f <- TX(55)
2021-08-10 12:16:27,038 [SCMBlockDeletingService#0] DEBUG block.SCMBlockDeletingService (DatanodeDeletedBlockTransactions.java:addTransactionToDN(50)) - Transaction added: 01235482-5c07-4b37-86e9-3192ec4df84f <- TX(56)
2021-08-10 12:16:27,038 [SCMBlockDeletingService#0] DEBUG block.SCMBlockDeletingService (DatanodeDeletedBlockTransactions.java:addTransactionToDN(50)) - Transaction added: ad4991cb-97ce-4dd6-b117-42e7f6b0816f <- TX(56)
2021-08-10 12:16:27,038 [SCMBlockDeletingService#0] DEBUG block.SCMBlockDeletingService (SCMBlockDeletingService.java:call(164)) - Added delete block command for datanode ad4991cb-97ce-4dd6-b117-42e7f6b0816f in the queue, number of delete block transactions: 47
2021-08-10 12:16:27,038 [SCMBlockDeletingService#0] DEBUG block.SCMBlockDeletingService (SCMBlockDeletingService.java:call(164)) - Added delete block command for datanode 01235482-5c07-4b37-86e9-3192ec4df84f in the queue, number of delete block transactions: 56
2021-08-10 12:16:27,038 [SCMBlockDeletingService#0] INFO  block.SCMBlockDeletingService (SCMBlockDeletingService.java:call(174)) - Totally added 103 blocks to be deleted for 2 datanodes, task elapsed time: 4ms
2021-08-10 12:16:27,051 [org.apache.hadoop.ozone.container.common.statemachine.commandhandler.DeleteBlocksCommandHandler$DeleteCmdWorker@38d7e9ec] INFO  commandhandler.DeleteBlocksCommandHandler (DeleteBlocksCommandHandler.java:processCmd(261)) - Start to delete container blocks, TXIDs=[1(0)], numOfContainers=1, numOfBlocks=1
2021-08-10 12:16:27,054 [org.apache.hadoop.ozone.container.common.statemachine.commandhandler.DeleteBlocksCommandHandler$DeleteCmdWorker@38d7e9ec] INFO  commandhandler.DeleteBlocksCommandHandler (DeleteBlocksCommandHandler.java:processCmd(261)) - Start to delete container blocks, TXIDs=[1(0),2(0),3(0),4(0)], numOfContainers=4, numOfBlocks=4
2021-08-10 12:16:27,054 [org.apache.hadoop.ozone.container.common.statemachine.commandhandler.DeleteBlocksCommandHandler$DeleteCmdWorker@38d7e9ec] INFO  commandhandler.DeleteBlocksCommandHandler (DeleteBlocksCommandHandler.java:processCmd(261)) - Start to delete container blocks, TXIDs=[1(0),2(0),3(0),4(0),5(0)], numOfContainers=5, numOfBlocks=5
2021-08-10 12:16:27,054 [org.apache.hadoop.ozone.container.common.statemachine.commandhandler.DeleteBlocksCommandHandler$DeleteCmdWorker@38d7e9ec] INFO  commandhandler.DeleteBlocksCommandHandler (DeleteBlocksCommandHandler.java:processCmd(261)) - Start to delete container blocks, TXIDs=[1(0),2(0),3(0),4(0),5(0),6(0)], numOfContainers=6, numOfBlocks=6
2021-08-10 12:16:27,054 [org.apache.hadoop.ozone.container.common.statemachine.commandhandler.DeleteBlocksCommandHandler$DeleteCmdWorker@38d7e9ec] INFO  commandhandler.DeleteBlocksCommandHandler (DeleteBlocksCommandHandler.java:processCmd(261)) - Start to delete container blocks, TXIDs=[1(0),2(0),3(0),4(0),5(0),6(0),7(0),8(0)], numOfContainers=8, numOfBlocks=8
2021-08-10 12:16:27,055 [org.apache.hadoop.ozone.container.common.statemachine.commandhandler.DeleteBlocksCommandHandler$DeleteCmdWorker@38d7e9ec] INFO  commandhandler.DeleteBlocksCommandHandler (DeleteBlocksCommandHandler.java:processCmd(261)) - Start to delete container blocks, TXIDs=[1(0),2(0),3(0),4(0),5(0),6(0),7(0),8(0),9(0)], numOfContainers=9, numOfBlocks=9
2021-08-10 12:16:27,055 [org.apache.hadoop.ozone.container.common.statemachine.commandhandler.DeleteBlocksCommandHandler$DeleteCmdWorker@38d7e9ec] INFO  commandhandler.DeleteBlocksCommandHandler (DeleteBlocksCommandHandler.java:processCmd(261)) - Start to delete container blocks, TXIDs=[1(0),2(0),3(0),4(0),5(0),6(0),7(0),8(0),9(0),10(0)], numOfContainers=10, numOfBlocks=10
2021-08-10 12:16:27,055 [org.apache.hadoop.ozone.container.common.statemachine.commandhandler.DeleteBlocksCommandHandler$DeleteCmdWorker@38d7e9ec] INFO  commandhandler.DeleteBlocksCommandHandler (DeleteBlocksCommandHandler.java:processCmd(261)) - Start to delete container blocks, TXIDs=[1(0),2(0),3(0),4(0),5(0),6(0),7(0),8(0),9(0),10(0)], numOfContainers=10, numOfBlocks=10
2021-08-10 12:16:27,055 [org.apache.hadoop.ozone.container.common.statemachine.commandhandler.DeleteBlocksCommandHandler$DeleteCmdWorker@38d7e9ec] INFO  commandhandler.DeleteBlocksCommandHandler (DeleteBlocksCommandHandler.java:processCmd(261)) - Start to delete container blocks, TXIDs=[1(0),2(0),3(0),4(0),5(0),6(0),7(0),8(0),9(0),10(0),11(0),12(0),13(0),14(0),15(0),16(0),17(0),18(0),19(0),20(0),21(0),22(0),23(0),24(0),25(0),26(0),27(0),28(0),29(0),30(0),31(0),32(0),33(0),34(0),35(0),36(0),37(0),38(0),39(0),40(0),41(0),42(0),43(0),44(0),45(0),46(0),47(0),48(0),49(0),50(0),51(0),52(0),53(0),54(0),55(0),56(0)], numOfContainers=56, numOfBlocks=56
2021-08-10 12:16:27,071 [org.apache.hadoop.ozone.container.common.statemachine.commandhandler.DeleteBlocksCommandHandler$DeleteCmdWorker@38d7e9ec] INFO  commandhandler.DeleteBlocksCommandHandler (DeleteBlocksCommandHandler.java:processCmd(261)) - Start to delete container blocks, TXIDs=[1(0),2(0),3(0),4(0),5(0),6(0),7(0),8(0),9(0),10(0),11(0),12(0),13(0),14(0),15(0),16(0),17(0),18(0),19(0),20(0),21(0),22(0),23(0),24(0),25(0),26(0),27(0),28(0),29(0),30(0),31(0),32(0),33(0),34(0),35(0),36(0),37(0),38(0),39(0),40(0),41(0),42(0),43(0),44(0),45(0),46(0),47(0),48(0),49(0),50(0),51(0),52(0),53(0),54(0),55(0),56(0)], numOfContainers=56, numOfBlocks=56
2021-08-10 12:16:27,072 [org.apache.hadoop.ozone.container.common.statemachine.commandhandler.DeleteBlocksCommandHandler$DeleteCmdWorker@38d7e9ec] INFO  commandhandler.DeleteBlocksCommandHandler (DeleteBlocksCommandHandler.java:processCmd(261)) - Start to delete container blocks, TXIDs=[1(0),2(0),3(0),4(0),5(0),6(0),7(0),8(0),9(0),10(0),11(0),12(0),13(0),14(0),15(0),16(0),17(0),18(0),19(0),20(0),21(0),22(0),23(0),24(0),25(0),26(0),27(0),28(0),29(0),30(0),31(0),32(0),33(0),34(0),35(0),36(0),37(0),38(0),39(0),40(0),41(0),42(0),43(0),44(0),45(0),46(0),47(0),48(0),49(0),50(0),51(0),52(0),53(0),54(0),55(0),56(0)], numOfContainers=56, numOfBlocks=56
2021-08-10 12:16:27,075 [org.apache.hadoop.ozone.container.common.statemachine.commandhandler.DeleteBlocksCommandHandler$DeleteCmdWorker@38d7e9ec] INFO  commandhandler.DeleteBlocksCommandHandler (DeleteBlocksCommandHandler.java:processCmd(261)) - Start to delete container blocks, TXIDs=[1(0),2(0),3(0),4(0),5(0),6(0),7(0),8(0),9(0),10(0),11(0),12(0),13(0),14(0),15(0),16(0),17(0),18(0),19(0),20(0),21(0),22(0),23(0),24(0),25(0),26(0),27(0),28(0),29(0),30(0),31(0),32(0),33(0),34(0),35(0),36(0),37(0),38(0),39(0),40(0),41(0),42(0),43(0),44(0),45(0),46(0),47(0),48(0),49(0),50(0),51(0),52(0),53(0),54(0),55(0),56(0)], numOfContainers=56, numOfBlocks=56
2021-08-10 12:16:27,076 [org.apache.hadoop.ozone.container.common.statemachine.commandhandler.DeleteBlocksCommandHandler$DeleteCmdWorker@38d7e9ec] INFO  commandhandler.DeleteBlocksCommandHandler (DeleteBlocksCommandHandler.java:processCmd(261)) - Start to delete container blocks, TXIDs=[1(0),2(0),3(0),4(0),5(0),6(0),7(0),8(0),9(0),10(0),11(0),12(0),13(0),14(0),15(0),16(0),17(0),18(0),19(0),20(0),21(0),22(0),23(0),24(0),25(0),26(0),27(0),28(0),29(0),30(0),31(0),32(0),33(0),34(0),35(0),36(0),37(0),38(0),39(0),40(0),41(0),42(0),43(0),44(0),45(0),46(0),47(0),48(0),49(0),50(0),51(0),52(0),53(0),54(0),55(0),56(0)], numOfContainers=56, numOfBlocks=56
2021-08-10 12:16:27,076 [org.apache.hadoop.ozone.container.common.statemachine.commandhandler.DeleteBlocksCommandHandler$DeleteCmdWorker@38d7e9ec] INFO  commandhandler.DeleteBlocksCommandHandler (DeleteBlocksCommandHandler.java:processCmd(261)) - Start to delete container blocks, TXIDs=[1(0),2(0),3(0),4(0),5(0),6(0),7(0),8(0),9(0),10(0),11(0),12(0),13(0),14(0),15(0),16(0),17(0),18(0),19(0),20(0),21(0),22(0),23(0),24(0),25(0),26(0),27(0),28(0),29(0),30(0),31(0),32(0),33(0),34(0),35(0),36(0),37(0),38(0),39(0),40(0),41(0),42(0),43(0),44(0),45(0),46(0),47(0),48(0),49(0),50(0),51(0),52(0),53(0),54(0),55(0),56(0)], numOfContainers=56, numOfBlocks=56
2021-08-10 12:16:27,077 [org.apache.hadoop.ozone.container.common.statemachine.commandhandler.DeleteBlocksCommandHandler$DeleteCmdWorker@38d7e9ec] INFO  commandhandler.DeleteBlocksCommandHandler (DeleteBlocksCommandHandler.java:processCmd(261)) - Start to delete container blocks, TXIDs=[1(0),2(0),3(0),4(0),5(0),6(0),7(0),8(0),9(0),10(0),11(0),12(0),13(0),14(0),15(0),16(0),17(0),18(0),19(0),20(0),21(0),22(0),23(0),24(0),25(0),26(0),27(0),28(0),29(0),30(0),31(0),32(0),33(0),34(0),35(0),36(0),37(0),38(0),39(0),40(0),41(0),42(0),43(0),44(0),45(0),46(0),47(0),48(0),49(0),50(0),51(0),52(0),53(0),54(0),55(0),56(0)], numOfContainers=56, numOfBlocks=56
2021-08-10 12:16:27,078 [org.apache.hadoop.ozone.container.common.statemachine.commandhandler.DeleteBlocksCommandHandler$DeleteCmdWorker@38d7e9ec] INFO  commandhandler.DeleteBlocksCommandHandler (DeleteBlocksCommandHandler.java:processCmd(261)) - Start to delete container blocks, TXIDs=[1(0),2(0),3(0),4(0),5(0),6(0),7(0),8(0),9(0),10(0),11(0),12(0),13(0),14(0),15(0),16(0),17(0),18(0),19(0),20(0),21(0),22(0),23(0),24(0),25(0),26(0),27(0),28(0),29(0),30(0),31(0),32(0),33(0),34(0),35(0),36(0),37(0),38(0),39(0),40(0),41(0),42(0),43(0),44(0),45(0),46(0),47(0),48(0),49(0),50(0),51(0),52(0),53(0),54(0),55(0),56(0)], numOfContainers=56, numOfBlocks=56
2021-08-10 12:16:27,078 [org.apache.hadoop.ozone.container.common.statemachine.commandhandler.DeleteBlocksCommandHandler$DeleteCmdWorker@38d7e9ec] INFO  commandhandler.DeleteBlocksCommandHandler (DeleteBlocksCommandHandler.java:processCmd(261)) - Start to delete container blocks, TXIDs=[1(0),2(0),3(0),4(0),5(0),6(0),7(0),8(0),9(0),10(0),11(0),12(0),13(0),14(0),15(0),16(0),17(0),18(0),19(0),20(0),21(0),22(0),23(0),24(0),25(0),26(0),27(0),28(0),29(0),30(0),31(0),32(0),33(0),34(0),35(0),36(0),37(0),38(0),39(0),40(0),41(0),42(0),43(0),44(0),45(0),46(0),47(0),48(0),49(0),50(0),51(0),52(0),53(0),54(0),55(0),56(0)], numOfContainers=56, numOfBlocks=56
2021-08-10 12:16:27,079 [org.apache.hadoop.ozone.container.common.statemachine.commandhandler.DeleteBlocksCommandHandler$DeleteCmdWorker@38d7e9ec] INFO  commandhandler.DeleteBlocksCommandHandler (DeleteBlocksCommandHandler.java:processCmd(261)) - Start to delete container blocks, TXIDs=[1(0),2(0),3(0),4(0),5(0),6(0),7(0),8(0),9(0),10(0),11(0),12(0),13(0),14(0),15(0),16(0),17(0),18(0),19(0),20(0),21(0),22(0),23(0),24(0),25(0),26(0),27(0),28(0),29(0),30(0),31(0),32(0),33(0),34(0),35(0),36(0),37(0),38(0),39(0),40(0),41(0),42(0),43(0),44(0),45(0),46(0),47(0),48(0),49(0),50(0),51(0),52(0),53(0),54(0),55(0),56(0)], numOfContainers=56, numOfBlocks=56
2021-08-10 12:16:27,134 [SCMBlockDeletingService#0] DEBUG block.SCMBlockDeletingService (SCMBlockDeletingService.java:call(133)) - Running DeletedBlockTransactionScanner
2021-08-10 12:16:27,139 [SCMBlockDeletingService#0] DEBUG block.SCMBlockDeletingService (DatanodeDeletedBlockTransactions.java:addTransactionToDN(50)) - Transaction added: 01235482-5c07-4b37-86e9-3192ec4df84f <- TX(1)
2021-08-10 12:16:27,139 [SCMBlockDeletingService#0] DEBUG block.SCMBlockDeletingService (DatanodeDeletedBlockTransactions.java:addTransactionToDN(50)) - Transaction added: 01235482-5c07-4b37-86e9-3192ec4df84f <- TX(2)
2021-08-10 12:16:27,139 [SCMBlockDeletingService#0] DEBUG block.SCMBlockDeletingService (DatanodeDeletedBlockTransactions.java:addTransactionToDN(50)) - Transaction added: 01235482-5c07-4b37-86e9-3192ec4df84f <- TX(3)
2021-08-10 12:16:27,139 [SCMBlockDeletingService#0] DEBUG block.SCMBlockDeletingService (DatanodeDeletedBlockTransactions.java:addTransactionToDN(50)) - Transaction added: 01235482-5c07-4b37-86e9-3192ec4df84f <- TX(4)
2021-08-10 12:16:27,139 [SCMBlockDeletingService#0] DEBUG block.SCMBlockDeletingService (DatanodeDeletedBlockTransactions.java:addTransactionToDN(50)) - Transaction added: 01235482-5c07-4b37-86e9-3192ec4df84f <- TX(5)
2021-08-10 12:16:27,139 [SCMBlockDeletingService#0] DEBUG block.SCMBlockDeletingService (DatanodeDeletedBlockTransactions.java:addTransactionToDN(50)) - Transaction added: 01235482-5c07-4b37-86e9-3192ec4df84f <- TX(6)
2021-08-10 12:16:27,139 [SCMBlockDeletingService#0] DEBUG block.SCMBlockDeletingService (DatanodeDeletedBlockTransactions.java:addTransactionToDN(50)) - Transaction added: 01235482-5c07-4b37-86e9-3192ec4df84f <- TX(7)
2021-08-10 12:16:27,139 [SCMBlockDeletingService#0] DEBUG block.SCMBlockDeletingService (DatanodeDeletedBlockTransactions.java:addTransactionToDN(50)) - Transaction added: 01235482-5c07-4b37-86e9-3192ec4df84f <- TX(8)
2021-08-10 12:16:27,139 [SCMBlockDeletingService#0] DEBUG block.SCMBlockDeletingService (DatanodeDeletedBlockTransactions.java:addTransactionToDN(50)) - Transaction added: 01235482-5c07-4b37-86e9-3192ec4df84f <- TX(9)
2021-08-10 12:16:27,139 [SCMBlockDeletingService#0] DEBUG block.SCMBlockDeletingService (DatanodeDeletedBlockTransactions.java:addTransactionToDN(50)) - Transaction added: 01235482-5c07-4b37-86e9-3192ec4df84f <- TX(10)
2021-08-10 12:16:27,139 [SCMBlockDeletingService#0] DEBUG block.SCMBlockDeletingService (DatanodeDeletedBlockTransactions.java:addTransactionToDN(50)) - Transaction added: ad4991cb-97ce-4dd6-b117-42e7f6b0816f <- TX(10)
2021-08-10 12:16:27,139 [SCMBlockDeletingService#0] DEBUG block.SCMBlockDeletingService (DatanodeDeletedBlockTransactions.java:addTransactionToDN(50)) - Transaction added: ad4991cb-97ce-4dd6-b117-42e7f6b0816f <- TX(11)
2021-08-10 12:16:27,140 [SCMBlockDeletingService#0] DEBUG block.SCMBlockDeletingService (DatanodeDeletedBlockTransactions.java:addTransactionToDN(50)) - Transaction added: 01235482-5c07-4b37-86e9-3192ec4df84f <- TX(11)
2021-08-10 12:16:27,140 [SCMBlockDeletingService#0] DEBUG block.SCMBlockDeletingService (DatanodeDeletedBlockTransactions.java:addTransactionToDN(50)) - Transaction added: ad4991cb-97ce-4dd6-b117-42e7f6b0816f <- TX(12)
2021-08-10 12:16:27,140 [SCMBlockDeletingService#0] DEBUG block.SCMBlockDeletingService (DatanodeDeletedBlockTransactions.java:addTransactionToDN(50)) - Transaction added: 01235482-5c07-4b37-86e9-3192ec4df84f <- TX(12)
2021-08-10 12:16:27,140 [SCMBlockDeletingService#0] DEBUG block.SCMBlockDeletingService (DatanodeDeletedBlockTransactions.java:addTransactionToDN(50)) - Transaction added: ad4991cb-97ce-4dd6-b117-42e7f6b0816f <- TX(13)
2021-08-10 12:16:27,140 [SCMBlockDeletingService#0] DEBUG block.SCMBlockDeletingService (DatanodeDeletedBlockTransactions.java:addTransactionToDN(50)) - Transaction added: 01235482-5c07-4b37-86e9-3192ec4df84f <- TX(13)
2021-08-10 12:16:27,140 [SCMBlockDeletingService#0] DEBUG block.SCMBlockDeletingService (DatanodeDeletedBlockTransactions.java:addTransactionToDN(50)) - Transaction added: ad4991cb-97ce-4dd6-b117-42e7f6b0816f <- TX(14)
2021-08-10 12:16:27,140 [SCMBlockDeletingService#0] DEBUG block.SCMBlockDeletingService (DatanodeDeletedBlockTransactions.java:addTransactionToDN(50)) - Transaction added: 01235482-5c07-4b37-86e9-3192ec4df84f <- TX(14)
2021-08-10 12:16:27,140 [SCMBlockDeletingService#0] DEBUG block.SCMBlockDeletingService (DatanodeDeletedBlockTransactions.java:addTransactionToDN(50)) - Transaction added: ad4991cb-97ce-4dd6-b117-42e7f6b0816f <- TX(15)
2021-08-10 12:16:27,140 [SCMBlockDeletingService#0] DEBUG block.SCMBlockDeletingService (DatanodeDeletedBlockTransactions.java:addTransactionToDN(50)) - Transaction added: 01235482-5c07-4b37-86e9-3192ec4df84f <- TX(15)
2021-08-10 12:16:27,140 [SCMBlockDeletingService#0] DEBUG block.SCMBlockDeletingService (DatanodeDeletedBlockTransactions.java:addTransactionToDN(50)) - Transaction added: ad4991cb-97ce-4dd6-b117-42e7f6b0816f <- TX(16)
2021-08-10 12:16:27,140 [SCMBlockDeletingService#0] DEBUG block.SCMBlockDeletingService (DatanodeDeletedBlockTransactions.java:addTransactionToDN(50)) - Transaction added: 01235482-5c07-4b37-86e9-3192ec4df84f <- TX(16)
2021-08-10 12:16:27,140 [SCMBlockDeletingService#0] DEBUG block.SCMBlockDeletingService (DatanodeDeletedBlockTransactions.java:addTransactionToDN(50)) - Transaction added: 01235482-5c07-4b37-86e9-3192ec4df84f <- TX(17)
2021-08-10 12:16:27,140 [SCMBlockDeletingService#0] DEBUG block.SCMBlockDeletingService (DatanodeDeletedBlockTransactions.java:addTransactionToDN(50)) - Transaction added: ad4991cb-97ce-4dd6-b117-42e7f6b0816f <- TX(17)
2021-08-10 12:16:27,140 [SCMBlockDeletingService#0] DEBUG block.SCMBlockDeletingService (DatanodeDeletedBlockTransactions.java:addTransactionToDN(50)) - Transaction added: ad4991cb-97ce-4dd6-b117-42e7f6b0816f <- TX(18)
2021-08-10 12:16:27,140 [SCMBlockDeletingService#0] DEBUG block.SCMBlockDeletingService (DatanodeDeletedBlockTransactions.java:addTransactionToDN(50)) - Transaction added: 01235482-5c07-4b37-86e9-3192ec4df84f <- TX(18)
2021-08-10 12:16:27,140 [SCMBlockDeletingService#0] DEBUG block.SCMBlockDeletingService (DatanodeDeletedBlockTransactions.java:addTransactionToDN(50)) - Transaction added: ad4991cb-97ce-4dd6-b117-42e7f6b0816f <- TX(19)
2021-08-10 12:16:27,140 [SCMBlockDeletingService#0] DEBUG block.SCMBlockDeletingService (DatanodeDeletedBlockTransactions.java:addTransactionToDN(50)) - Transaction added: 01235482-5c07-4b37-86e9-3192ec4df84f <- TX(19)
2021-08-10 12:16:27,140 [SCMBlockDeletingService#0] DEBUG block.SCMBlockDeletingService (DatanodeDeletedBlockTransactions.java:addTransactionToDN(50)) - Transaction added: ad4991cb-97ce-4dd6-b117-42e7f6b0816f <- TX(20)
2021-08-10 12:16:27,140 [SCMBlockDeletingService#0] DEBUG block.SCMBlockDeletingService (DatanodeDeletedBlockTransactions.java:addTransactionToDN(50)) - Transaction added: 01235482-5c07-4b37-86e9-3192ec4df84f <- TX(20)
2021-08-10 12:16:27,140 [SCMBlockDeletingService#0] DEBUG block.SCMBlockDeletingService (DatanodeDeletedBlockTransactions.java:addTransactionToDN(50)) - Transaction added: ad4991cb-97ce-4dd6-b117-42e7f6b0816f <- TX(21)
2021-08-10 12:16:27,140 [SCMBlockDeletingService#0] DEBUG block.SCMBlockDeletingService (DatanodeDeletedBlockTransactions.java:addTransactionToDN(50)) - Transaction added: 01235482-5c07-4b37-86e9-3192ec4df84f <- TX(21)
2021-08-10 12:16:27,140 [SCMBlockDeletingService#0] DEBUG block.SCMBlockDeletingService (DatanodeDeletedBlockTransactions.java:addTransactionToDN(50)) - Transaction added: ad4991cb-97ce-4dd6-b117-42e7f6b0816f <- TX(22)
2021-08-10 12:16:27,140 [SCMBlockDeletingService#0] DEBUG block.SCMBlockDeletingService (DatanodeDeletedBlockTransactions.java:addTransactionToDN(50)) - Transaction added: 01235482-5c07-4b37-86e9-3192ec4df84f <- TX(22)
2021-08-10 12:16:27,140 [SCMBlockDeletingService#0] DEBUG block.SCMBlockDeletingService (DatanodeDeletedBlockTransactions.java:addTransactionToDN(50)) - Transaction added: ad4991cb-97ce-4dd6-b117-42e7f6b0816f <- TX(23)
2021-08-10 12:16:27,140 [SCMBlockDeletingService#0] DEBUG block.SCMBlockDeletingService (DatanodeDeletedBlockTransactions.java:addTransactionToDN(50)) - Transaction added: 01235482-5c07-4b37-86e9-3192ec4df84f <- TX(23)
2021-08-10 12:16:27,140 [SCMBlockDeletingService#0] DEBUG block.SCMBlockDeletingService (DatanodeDeletedBlockTransactions.java:addTransactionToDN(50)) - Transaction added: 01235482-5c07-4b37-86e9-3192ec4df84f <- TX(24)
2021-08-10 12:16:27,140 [SCMBlockDeletingService#0] DEBUG block.SCMBlockDeletingService (DatanodeDeletedBlockTransactions.java:addTransactionToDN(50)) - Transaction added: ad4991cb-97ce-4dd6-b117-42e7f6b0816f <- TX(24)
2021-08-10 12:16:27,140 [SCMBlockDeletingService#0] DEBUG block.SCMBlockDeletingService (DatanodeDeletedBlockTransactions.java:addTransactionToDN(50)) - Transaction added: ad4991cb-97ce-4dd6-b117-42e7f6b0816f <- TX(25)
2021-08-10 12:16:27,140 [SCMBlockDeletingService#0] DEBUG block.SCMBlockDeletingService (DatanodeDeletedBlockTransactions.java:addTransactionToDN(50)) - Transaction added: 01235482-5c07-4b37-86e9-3192ec4df84f <- TX(25)
2021-08-10 12:16:27,140 [SCMBlockDeletingService#0] DEBUG block.SCMBlockDeletingService (DatanodeDeletedBlockTransactions.java:addTransactionToDN(50)) - Transaction added: 01235482-5c07-4b37-86e9-3192ec4df84f <- TX(26)
2021-08-10 12:16:27,140 [SCMBlockDeletingService#0] DEBUG block.SCMBlockDeletingService (DatanodeDeletedBlockTransactions.java:addTransactionToDN(50)) - Transaction added: ad4991cb-97ce-4dd6-b117-42e7f6b0816f <- TX(26)
2021-08-10 12:16:27,140 [SCMBlockDeletingService#0] DEBUG block.SCMBlockDeletingService (DatanodeDeletedBlockTransactions.java:addTransactionToDN(50)) - Transaction added: ad4991cb-97ce-4dd6-b117-42e7f6b0816f <- TX(27)
2021-08-10 12:16:27,140 [SCMBlockDeletingService#0] DEBUG block.SCMBlockDeletingService (DatanodeDeletedBlockTransactions.java:addTransactionToDN(50)) - Transaction added: 01235482-5c07-4b37-86e9-3192ec4df84f <- TX(27)
2021-08-10 12:16:27,140 [SCMBlockDeletingService#0] DEBUG block.SCMBlockDeletingService (DatanodeDeletedBlockTransactions.java:addTransactionToDN(50)) - Transaction added: ad4991cb-97ce-4dd6-b117-42e7f6b0816f <- TX(28)
2021-08-10 12:16:27,140 [SCMBlockDeletingService#0] DEBUG block.SCMBlockDeletingService (DatanodeDeletedBlockTransactions.java:addTransactionToDN(50)) - Transaction added: 01235482-5c07-4b37-86e9-3192ec4df84f <- TX(28)
2021-08-10 12:16:27,140 [SCMBlockDeletingService#0] DEBUG block.SCMBlockDeletingService (DatanodeDeletedBlockTransactions.java:addTransactionToDN(50)) - Transaction added: ad4991cb-97ce-4dd6-b117-42e7f6b0816f <- TX(29)
2021-08-10 12:16:27,141 [SCMBlockDeletingService#0] DEBUG block.SCMBlockDeletingService (DatanodeDeletedBlockTransactions.java:addTransactionToDN(50)) - Transaction added: 01235482-5c07-4b37-86e9-3192ec4df84f <- TX(29)
2021-08-10 12:16:27,141 [SCMBlockDeletingService#0] DEBUG block.SCMBlockDeletingService (DatanodeDeletedBlockTransactions.java:addTransactionToDN(50)) - Transaction added: ad4991cb-97ce-4dd6-b117-42e7f6b0816f <- TX(30)
2021-08-10 12:16:27,141 [SCMBlockDeletingService#0] DEBUG block.SCMBlockDeletingService (DatanodeDeletedBlockTransactions.java:addTransactionToDN(50)) - Transaction added: 01235482-5c07-4b37-86e9-3192ec4df84f <- TX(30)
2021-08-10 12:16:27,141 [SCMBlockDeletingService#0] DEBUG block.SCMBlockDeletingService (DatanodeDeletedBlockTransactions.java:addTransactionToDN(50)) - Transaction added: ad4991cb-97ce-4dd6-b117-42e7f6b0816f <- TX(31)
2021-08-10 12:16:27,141 [SCMBlockDeletingService#0] DEBUG block.SCMBlockDeletingService (DatanodeDeletedBlockTransactions.java:addTransactionToDN(50)) - Transaction added: 01235482-5c07-4b37-86e9-3192ec4df84f <- TX(31)
2021-08-10 12:16:27,141 [SCMBlockDeletingService#0] DEBUG block.SCMBlockDeletingService (DatanodeDeletedBlockTransactions.java:addTransactionToDN(50)) - Transaction added: ad4991cb-97ce-4dd6-b117-42e7f6b0816f <- TX(32)
2021-08-10 12:16:27,141 [SCMBlockDeletingService#0] DEBUG block.SCMBlockDeletingService (DatanodeDeletedBlockTransactions.java:addTransactionToDN(50)) - Transaction added: 01235482-5c07-4b37-86e9-3192ec4df84f <- TX(32)
2021-08-10 12:16:27,141 [SCMBlockDeletingService#0] DEBUG block.SCMBlockDeletingService (DatanodeDeletedBlockTransactions.java:addTransactionToDN(50)) - Transaction added: 01235482-5c07-4b37-86e9-3192ec4df84f <- TX(33)
2021-08-10 12:16:27,141 [SCMBlockDeletingService#0] DEBUG block.SCMBlockDeletingService (DatanodeDeletedBlockTransactions.java:addTransactionToDN(50)) - Transaction added: ad4991cb-97ce-4dd6-b117-42e7f6b0816f <- TX(33)
2021-08-10 12:16:27,141 [SCMBlockDeletingService#0] DEBUG block.SCMBlockDeletingService (DatanodeDeletedBlockTransactions.java:addTransactionToDN(50)) - Transaction added: ad4991cb-97ce-4dd6-b117-42e7f6b0816f <- TX(34)
2021-08-10 12:16:27,141 [SCMBlockDeletingService#0] DEBUG block.SCMBlockDeletingService (DatanodeDeletedBlockTransactions.java:addTransactionToDN(50)) - Transaction added: 01235482-5c07-4b37-86e9-3192ec4df84f <- TX(34)
2021-08-10 12:16:27,141 [SCMBlockDeletingService#0] DEBUG block.SCMBlockDeletingService (DatanodeDeletedBlockTransactions.java:addTransactionToDN(50)) - Transaction added: ad4991cb-97ce-4dd6-b117-42e7f6b0816f <- TX(35)
2021-08-10 12:16:27,141 [SCMBlockDeletingService#0] DEBUG block.SCMBlockDeletingService (DatanodeDeletedBlockTransactions.java:addTransactionToDN(50)) - Transaction added: 01235482-5c07-4b37-86e9-3192ec4df84f <- TX(35)
2021-08-10 12:16:27,141 [SCMBlockDeletingService#0] DEBUG block.SCMBlockDeletingService (DatanodeDeletedBlockTransactions.java:addTransactionToDN(50)) - Transaction added: ad4991cb-97ce-4dd6-b117-42e7f6b0816f <- TX(36)
2021-08-10 12:16:27,141 [SCMBlockDeletingService#0] DEBUG block.SCMBlockDeletingService (DatanodeDeletedBlockTransactions.java:addTransactionToDN(50)) - Transaction added: 01235482-5c07-4b37-86e9-3192ec4df84f <- TX(36)
2021-08-10 12:16:27,141 [SCMBlockDeletingService#0] DEBUG block.SCMBlockDeletingService (DatanodeDeletedBlockTransactions.java:addTransactionToDN(50)) - Transaction added: ad4991cb-97ce-4dd6-b117-42e7f6b0816f <- TX(37)
2021-08-10 12:16:27,141 [SCMBlockDeletingService#0] DEBUG block.SCMBlockDeletingService (DatanodeDeletedBlockTransactions.java:addTransactionToDN(50)) - Transaction added: 01235482-5c07-4b37-86e9-3192ec4df84f <- TX(37)
2021-08-10 12:16:27,141 [SCMBlockDeletingService#0] DEBUG block.SCMBlockDeletingService (DatanodeDeletedBlockTransactions.java:addTransactionToDN(50)) - Transaction added: ad4991cb-97ce-4dd6-b117-42e7f6b0816f <- TX(38)
2021-08-10 12:16:27,141 [SCMBlockDeletingService#0] DEBUG block.SCMBlockDeletingService (DatanodeDeletedBlockTransactions.java:addTransactionToDN(50)) - Transaction added: 01235482-5c07-4b37-86e9-3192ec4df84f <- TX(38)
2021-08-10 12:16:27,141 [SCMBlockDeletingService#0] DEBUG block.SCMBlockDeletingService (DatanodeDeletedBlockTransactions.java:addTransactionToDN(50)) - Transaction added: ad4991cb-97ce-4dd6-b117-42e7f6b0816f <- TX(39)
2021-08-10 12:16:27,141 [SCMBlockDeletingService#0] DEBUG block.SCMBlockDeletingService (DatanodeDeletedBlockTransactions.java:addTransactionToDN(50)) - Transaction added: 01235482-5c07-4b37-86e9-3192ec4df84f <- TX(39)
2021-08-10 12:16:27,141 [SCMBlockDeletingService#0] DEBUG block.SCMBlockDeletingService (DatanodeDeletedBlockTransactions.java:addTransactionToDN(50)) - Transaction added: 01235482-5c07-4b37-86e9-3192ec4df84f <- TX(40)
2021-08-10 12:16:27,141 [SCMBlockDeletingService#0] DEBUG block.SCMBlockDeletingService (DatanodeDeletedBlockTransactions.java:addTransactionToDN(50)) - Transaction added: ad4991cb-97ce-4dd6-b117-42e7f6b0816f <- TX(40)
2021-08-10 12:16:27,141 [SCMBlockDeletingService#0] DEBUG block.SCMBlockDeletingService (DatanodeDeletedBlockTransactions.java:addTransactionToDN(50)) - Transaction added: ad4991cb-97ce-4dd6-b117-42e7f6b0816f <- TX(41)
2021-08-10 12:16:27,141 [SCMBlockDeletingService#0] DEBUG block.SCMBlockDeletingService (DatanodeDeletedBlockTransactions.java:addTransactionToDN(50)) - Transaction added: 01235482-5c07-4b37-86e9-3192ec4df84f <- TX(41)
2021-08-10 12:16:27,141 [SCMBlockDeletingService#0] DEBUG block.SCMBlockDeletingService (DatanodeDeletedBlockTransactions.java:addTransactionToDN(50)) - Transaction added: 01235482-5c07-4b37-86e9-3192ec4df84f <- TX(42)
2021-08-10 12:16:27,141 [SCMBlockDeletingService#0] DEBUG block.SCMBlockDeletingService (DatanodeDeletedBlockTransactions.java:addTransactionToDN(50)) - Transaction added: ad4991cb-97ce-4dd6-b117-42e7f6b0816f <- TX(42)
2021-08-10 12:16:27,141 [SCMBlockDeletingService#0] DEBUG block.SCMBlockDeletingService (DatanodeDeletedBlockTransactions.java:addTransactionToDN(50)) - Transaction added: ad4991cb-97ce-4dd6-b117-42e7f6b0816f <- TX(43)
2021-08-10 12:16:27,141 [SCMBlockDeletingService#0] DEBUG block.SCMBlockDeletingService (DatanodeDeletedBlockTransactions.java:addTransactionToDN(50)) - Transaction added: 01235482-5c07-4b37-86e9-3192ec4df84f <- TX(43)
2021-08-10 12:16:27,141 [SCMBlockDeletingService#0] DEBUG block.SCMBlockDeletingService (DatanodeDeletedBlockTransactions.java:addTransactionToDN(50)) - Transaction added: ad4991cb-97ce-4dd6-b117-42e7f6b0816f <- TX(44)
2021-08-10 12:16:27,141 [SCMBlockDeletingService#0] DEBUG block.SCMBlockDeletingService (DatanodeDeletedBlockTransactions.java:addTransactionToDN(50)) - Transaction added: 01235482-5c07-4b37-86e9-3192ec4df84f <- TX(44)
2021-08-10 12:16:27,141 [SCMBlockDeletingService#0] DEBUG block.SCMBlockDeletingService (DatanodeDeletedBlockTransactions.java:addTransactionToDN(50)) - Transaction added: ad4991cb-97ce-4dd6-b117-42e7f6b0816f <- TX(45)
2021-08-10 12:16:27,141 [SCMBlockDeletingService#0] DEBUG block.SCMBlockDeletingService (DatanodeDeletedBlockTransactions.java:addTransactionToDN(50)) - Transaction added: 01235482-5c07-4b37-86e9-3192ec4df84f <- TX(45)
2021-08-10 12:16:27,141 [SCMBlockDeletingService#0] DEBUG block.SCMBlockDeletingService (DatanodeDeletedBlockTransactions.java:addTransactionToDN(50)) - Transaction added: ad4991cb-97ce-4dd6-b117-42e7f6b0816f <- TX(46)
2021-08-10 12:16:27,141 [SCMBlockDeletingService#0] DEBUG block.SCMBlockDeletingService (DatanodeDeletedBlockTransactions.java:addTransactionToDN(50)) - Transaction added: 01235482-5c07-4b37-86e9-3192ec4df84f <- TX(46)
2021-08-10 12:16:27,141 [SCMBlockDeletingService#0] DEBUG block.SCMBlockDeletingService (DatanodeDeletedBlockTransactions.java:addTransactionToDN(50)) - Transaction added: ad4991cb-97ce-4dd6-b117-42e7f6b0816f <- TX(47)
2021-08-10 12:16:27,141 [SCMBlockDeletingService#0] DEBUG block.SCMBlockDeletingService (DatanodeDeletedBlockTransactions.java:addTransactionToDN(50)) - Transaction added: 01235482-5c07-4b37-86e9-3192ec4df84f <- TX(47)
2021-08-10 12:16:27,141 [SCMBlockDeletingService#0] DEBUG block.SCMBlockDeletingService (DatanodeDeletedBlockTransactions.java:addTransactionToDN(50)) - Transaction added: ad4991cb-97ce-4dd6-b117-42e7f6b0816f <- TX(48)
2021-08-10 12:16:27,141 [SCMBlockDeletingService#0] DEBUG block.SCMBlockDeletingService (DatanodeDeletedBlockTransactions.java:addTransactionToDN(50)) - Transaction added: 01235482-5c07-4b37-86e9-3192ec4df84f <- TX(48)
2021-08-10 12:16:27,142 [SCMBlockDeletingService#0] DEBUG block.SCMBlockDeletingService (DatanodeDeletedBlockTransactions.java:addTransactionToDN(50)) - Transaction added: 01235482-5c07-4b37-86e9-3192ec4df84f <- TX(49)
2021-08-10 12:16:27,142 [SCMBlockDeletingService#0] DEBUG block.SCMBlockDeletingService (DatanodeDeletedBlockTransactions.java:addTransactionToDN(50)) - Transaction added: ad4991cb-97ce-4dd6-b117-42e7f6b0816f <- TX(49)
2021-08-10 12:16:27,142 [SCMBlockDeletingService#0] DEBUG block.SCMBlockDeletingService (DatanodeDeletedBlockTransactions.java:addTransactionToDN(50)) - Transaction added: ad4991cb-97ce-4dd6-b117-42e7f6b0816f <- TX(50)
2021-08-10 12:16:27,142 [SCMBlockDeletingService#0] DEBUG block.SCMBlockDeletingService (DatanodeDeletedBlockTransactions.java:addTransactionToDN(50)) - Transaction added: 01235482-5c07-4b37-86e9-3192ec4df84f <- TX(50)
2021-08-10 12:16:27,142 [SCMBlockDeletingService#0] DEBUG block.SCMBlockDeletingService (DatanodeDeletedBlockTransactions.java:addTransactionToDN(50)) - Transaction added: ad4991cb-97ce-4dd6-b117-42e7f6b0816f <- TX(51)
2021-08-10 12:16:27,142 [SCMBlockDeletingService#0] DEBUG block.SCMBlockDeletingService (DatanodeDeletedBlockTransactions.java:addTransactionToDN(50)) - Transaction added: 01235482-5c07-4b37-86e9-3192ec4df84f <- TX(51)
2021-08-10 12:16:27,142 [SCMBlockDeletingService#0] DEBUG block.SCMBlockDeletingService (DatanodeDeletedBlockTransactions.java:addTransactionToDN(50)) - Transaction added: ad4991cb-97ce-4dd6-b117-42e7f6b0816f <- TX(52)
2021-08-10 12:16:27,142 [SCMBlockDeletingService#0] DEBUG block.SCMBlockDeletingService (DatanodeDeletedBlockTransactions.java:addTransactionToDN(50)) - Transaction added: 01235482-5c07-4b37-86e9-3192ec4df84f <- TX(52)
2021-08-10 12:16:27,142 [SCMBlockDeletingService#0] DEBUG block.SCMBlockDeletingService (DatanodeDeletedBlockTransactions.java:addTransactionToDN(50)) - Transaction added: ad4991cb-97ce-4dd6-b117-42e7f6b0816f <- TX(53)
2021-08-10 12:16:27,142 [SCMBlockDeletingService#0] DEBUG block.SCMBlockDeletingService (DatanodeDeletedBlockTransactions.java:addTransactionToDN(50)) - Transaction added: 01235482-5c07-4b37-86e9-3192ec4df84f <- TX(53)
2021-08-10 12:16:27,142 [SCMBlockDeletingService#0] DEBUG block.SCMBlockDeletingService (DatanodeDeletedBlockTransactions.java:addTransactionToDN(50)) - Transaction added: ad4991cb-97ce-4dd6-b117-42e7f6b0816f <- TX(54)
2021-08-10 12:16:27,142 [SCMBlockDeletingService#0] DEBUG block.SCMBlockDeletingService (DatanodeDeletedBlockTransactions.java:addTransactionToDN(50)) - Transaction added: 01235482-5c07-4b37-86e9-3192ec4df84f <- TX(54)
2021-08-10 12:16:27,142 [SCMBlockDeletingService#0] DEBUG block.SCMBlockDeletingService (DatanodeDeletedBlockTransactions.java:addTransactionToDN(50)) - Transaction added: ad4991cb-97ce-4dd6-b117-42e7f6b0816f <- TX(55)
2021-08-10 12:16:27,142 [SCMBlockDeletingService#0] DEBUG block.SCMBlockDeletingService (DatanodeDeletedBlockTransactions.java:addTransactionToDN(50)) - Transaction added: 01235482-5c07-4b37-86e9-3192ec4df84f <- TX(55)
2021-08-10 12:16:27,142 [SCMBlockDeletingService#0] DEBUG block.SCMBlockDeletingService (DatanodeDeletedBlockTransactions.java:addTransactionToDN(50)) - Transaction added: 01235482-5c07-4b37-86e9-3192ec4df84f <- TX(56)
2021-08-10 12:16:27,142 [SCMBlockDeletingService#0] DEBUG block.SCMBlockDeletingService (DatanodeDeletedBlockTransactions.java:addTransactionToDN(50)) - Transaction added: ad4991cb-97ce-4dd6-b117-42e7f6b0816f <- TX(56)
2021-08-10 12:16:27,142 [SCMBlockDeletingService#0] DEBUG block.SCMBlockDeletingService (SCMBlockDeletingService.java:call(164)) - Added delete block command for datanode ad4991cb-97ce-4dd6-b117-42e7f6b0816f in the queue, number of delete block transactions: 47
2021-08-10 12:16:27,142 [SCMBlockDeletingService#0] DEBUG block.SCMBlockDeletingService (SCMBlockDeletingService.java:call(164)) - Added delete block command for datanode 01235482-5c07-4b37-86e9-3192ec4df84f in the queue, number of delete block transactions: 56
2021-08-10 12:16:27,142 [SCMBlockDeletingService#0] INFO  block.SCMBlockDeletingService (SCMBlockDeletingService.java:call(174)) - Totally added 103 blocks to be deleted for 2 datanodes, task elapsed time: 8ms
2021-08-10 12:16:27,184 [BlockDeletingService#2] INFO  background.BlockDeletingService (BlockDeletingService.java:getTasks(158)) - Plan to choose 5000 blocks for block deletion, actually deleting 10 blocks.
2021-08-10 12:16:27,186 [BlockDeletingService#2] INFO  impl.FilePerBlockStrategy (FilePerBlockStrategy.java:deleteChunk(227)) - Deleted block file: /home/runner/work/ozone/ozone/hadoop-ozone/integration-test/target/test-dir/MiniOzoneClusterImpl-75f1614f-1661-444a-a475-726e833f1db0/datanode-2/data-0/containers/hdds/75f1614f-1661-444a-a475-726e833f1db0/current/containerDir0/1/chunks/107544261427200001.block
2021-08-10 12:16:27,186 [BlockDeletingService#2] INFO  background.BlockDeletingService (BlockDeletingService.java:deleteViaSchema2(447)) - Container: 1, deleted blocks: 1, task elapsed time: 1ms
2021-08-10 12:16:27,186 [BlockDeletingService#2] INFO  impl.FilePerBlockStrategy (FilePerBlockStrategy.java:deleteChunk(227)) - Deleted block file: /home/runner/work/ozone/ozone/hadoop-ozone/integration-test/target/test-dir/MiniOzoneClusterImpl-75f1614f-1661-444a-a475-726e833f1db0/datanode-2/data-0/containers/hdds/75f1614f-1661-444a-a475-726e833f1db0/current/containerDir0/10/chunks/107544261427200010.block
2021-08-10 12:16:27,188 [BlockDeletingService#0] INFO  impl.FilePerBlockStrategy (FilePerBlockStrategy.java:deleteChunk(227)) - Deleted block file: /home/runner/work/ozone/ozone/hadoop-ozone/integration-test/target/test-dir/MiniOzoneClusterImpl-75f1614f-1661-444a-a475-726e833f1db0/datanode-2/data-0/containers/hdds/75f1614f-1661-444a-a475-726e833f1db0/current/containerDir0/9/chunks/107544261427200009.block
2021-08-10 12:16:27,188 [BlockDeletingService#8] INFO  impl.FilePerBlockStrategy (FilePerBlockStrategy.java:deleteChunk(227)) - Deleted block file: /home/runner/work/ozone/ozone/hadoop-ozone/integration-test/target/test-dir/MiniOzoneClusterImpl-75f1614f-1661-444a-a475-726e833f1db0/datanode-2/data-0/containers/hdds/75f1614f-1661-444a-a475-726e833f1db0/current/containerDir0/8/chunks/107544261427200008.block
2021-08-10 12:16:27,188 [BlockDeletingService#8] INFO  background.BlockDeletingService (BlockDeletingService.java:deleteViaSchema2(447)) - Container: 8, deleted blocks: 1, task elapsed time: 1ms
2021-08-10 12:16:27,188 [BlockDeletingService#4] INFO  impl.FilePerBlockStrategy (FilePerBlockStrategy.java:deleteChunk(227)) - Deleted block file: /home/runner/work/ozone/ozone/hadoop-ozone/integration-test/target/test-dir/MiniOzoneClusterImpl-75f1614f-1661-444a-a475-726e833f1db0/datanode-2/data-0/containers/hdds/75f1614f-1661-444a-a475-726e833f1db0/current/containerDir0/7/chunks/107544261427200007.block
2021-08-10 12:16:27,189 [BlockDeletingService#4] INFO  background.BlockDeletingService (BlockDeletingService.java:deleteViaSchema2(447)) - Container: 7, deleted blocks: 1, task elapsed time: 1ms
2021-08-10 12:16:27,188 [BlockDeletingService#0] INFO  background.BlockDeletingService (BlockDeletingService.java:deleteViaSchema2(447)) - Container: 9, deleted blocks: 1, task elapsed time: 1ms
2021-08-10 12:16:27,189 [BlockDeletingService#4] INFO  impl.FilePerBlockStrategy (FilePerBlockStrategy.java:deleteChunk(227)) - Deleted block file: /home/runner/work/ozone/ozone/hadoop-ozone/integration-test/target/test-dir/MiniOzoneClusterImpl-75f1614f-1661-444a-a475-726e833f1db0/datanode-2/data-0/containers/hdds/75f1614f-1661-444a-a475-726e833f1db0/current/containerDir0/5/chunks/107544261427200005.block
2021-08-10 12:16:27,189 [BlockDeletingService#0] INFO  impl.FilePerBlockStrategy (FilePerBlockStrategy.java:deleteChunk(227)) - Deleted block file: /home/runner/work/ozone/ozone/hadoop-ozone/integration-test/target/test-dir/MiniOzoneClusterImpl-75f1614f-1661-444a-a475-726e833f1db0/datanode-2/data-0/containers/hdds/75f1614f-1661-444a-a475-726e833f1db0/current/containerDir0/4/chunks/107544261427200004.block
2021-08-10 12:16:27,190 [BlockDeletingService#0] INFO  background.BlockDeletingService (BlockDeletingService.java:deleteViaSchema2(447)) - Container: 4, deleted blocks: 1, task elapsed time: 1ms
2021-08-10 12:16:27,190 [BlockDeletingService#9] INFO  impl.FilePerBlockStrategy (FilePerBlockStrategy.java:deleteChunk(227)) - Deleted block file: /home/runner/work/ozone/ozone/hadoop-ozone/integration-test/target/test-dir/MiniOzoneClusterImpl-75f1614f-1661-444a-a475-726e833f1db0/datanode-2/data-0/containers/hdds/75f1614f-1661-444a-a475-726e833f1db0/current/containerDir0/3/chunks/107544261427200003.block
2021-08-10 12:16:27,190 [BlockDeletingService#0] INFO  impl.FilePerBlockStrategy (FilePerBlockStrategy.java:deleteChunk(227)) - Deleted block file: /home/runner/work/ozone/ozone/hadoop-ozone/integration-test/target/test-dir/MiniOzoneClusterImpl-75f1614f-1661-444a-a475-726e833f1db0/datanode-2/data-0/containers/hdds/75f1614f-1661-444a-a475-726e833f1db0/current/containerDir0/2/chunks/107544261427200002.block
2021-08-10 12:16:27,190 [BlockDeletingService#0] INFO  background.BlockDeletingService (BlockDeletingService.java:deleteViaSchema2(447)) - Container: 2, deleted blocks: 1, task elapsed time: 0ms
2021-08-10 12:16:27,189 [BlockDeletingService#8] INFO  impl.FilePerBlockStrategy (FilePerBlockStrategy.java:deleteChunk(227)) - Deleted block file: /home/runner/work/ozone/ozone/hadoop-ozone/integration-test/target/test-dir/MiniOzoneClusterImpl-75f1614f-1661-444a-a475-726e833f1db0/datanode-2/data-0/containers/hdds/75f1614f-1661-444a-a475-726e833f1db0/current/containerDir0/6/chunks/107544261427200006.block
2021-08-10 12:16:27,193 [BlockDeletingService#8] INFO  background.BlockDeletingService (BlockDeletingService.java:deleteViaSchema2(447)) - Container: 6, deleted blocks: 1, task elapsed time: 5ms
2021-08-10 12:16:27,190 [BlockDeletingService#9] INFO  background.BlockDeletingService (BlockDeletingService.java:deleteViaSchema2(447)) - Container: 3, deleted blocks: 1, task elapsed time: 0ms
2021-08-10 12:16:27,189 [BlockDeletingService#4] INFO  background.BlockDeletingService (BlockDeletingService.java:deleteViaSchema2(447)) - Container: 5, deleted blocks: 1, task elapsed time: 0ms
2021-08-10 12:16:27,196 [EventQueue-DeleteBlockStatusForDeletedBlockLogImpl] DEBUG block.DeletedBlockLogImpl (DeletedBlockLogImpl.java:isTransactionFailed(278)) - Got block deletion ACK from datanode, TXIDs=1, success=true
2021-08-10 12:16:27,197 [EventQueue-DeleteBlockStatusForDeletedBlockLogImpl] DEBUG block.DeletedBlockLogImpl (DeletedBlockLogImpl.java:commitTransactions(250)) - Purging txId=1 from block deletion log
2021-08-10 12:16:27,197 [EventQueue-DeleteBlockStatusForDeletedBlockLogImpl] DEBUG block.DeletedBlockLogImpl (DeletedBlockLogImpl.java:commitTransactions(256)) - Datanode txId=1 containerId=#1 committed by dnId=01235482-5c07-4b37-86e9-3192ec4df84f
2021-08-10 12:16:27,197 [EventQueue-DeleteBlockStatusForDeletedBlockLogImpl] DEBUG block.DeletedBlockLogImpl (DeletedBlockLogImpl.java:isTransactionFailed(278)) - Got block deletion ACK from datanode, TXIDs=2, success=true
2021-08-10 12:16:27,197 [EventQueue-DeleteBlockStatusForDeletedBlockLogImpl] DEBUG block.DeletedBlockLogImpl (DeletedBlockLogImpl.java:commitTransactions(250)) - Purging txId=2 from block deletion log
2021-08-10 12:16:27,197 [EventQueue-DeleteBlockStatusForDeletedBlockLogImpl] DEBUG block.DeletedBlockLogImpl (DeletedBlockLogImpl.java:commitTransactions(256)) - Datanode txId=2 containerId=#2 committed by dnId=01235482-5c07-4b37-86e9-3192ec4df84f
2021-08-10 12:16:27,197 [EventQueue-DeleteBlockStatusForDeletedBlockLogImpl] DEBUG block.DeletedBlockLogImpl (DeletedBlockLogImpl.java:isTransactionFailed(278)) - Got block deletion ACK from datanode, TXIDs=3, success=true
2021-08-10 12:16:27,197 [EventQueue-DeleteBlockStatusForDeletedBlockLogImpl] DEBUG block.DeletedBlockLogImpl (DeletedBlockLogImpl.java:commitTransactions(250)) - Purging txId=3 from block deletion log
2021-08-10 12:16:27,197 [EventQueue-DeleteBlockStatusForDeletedBlockLogImpl] DEBUG block.DeletedBlockLogImpl (DeletedBlockLogImpl.java:commitTransactions(256)) - Datanode txId=3 containerId=#3 committed by dnId=01235482-5c07-4b37-86e9-3192ec4df84f
2021-08-10 12:16:27,197 [EventQueue-DeleteBlockStatusForDeletedBlockLogImpl] DEBUG block.DeletedBlockLogImpl (DeletedBlockLogImpl.java:isTransactionFailed(278)) - Got block deletion ACK from datanode, TXIDs=4, success=true
2021-08-10 12:16:27,197 [EventQueue-DeleteBlockStatusForDeletedBlockLogImpl] DEBUG block.DeletedBlockLogImpl (DeletedBlockLogImpl.java:commitTransactions(250)) - Purging txId=4 from block deletion log
2021-08-10 12:16:27,197 [EventQueue-DeleteBlockStatusForDeletedBlockLogImpl] DEBUG block.DeletedBlockLogImpl (DeletedBlockLogImpl.java:commitTransactions(256)) - Datanode txId=4 containerId=#4 committed by dnId=01235482-5c07-4b37-86e9-3192ec4df84f
2021-08-10 12:16:27,197 [EventQueue-DeleteBlockStatusForDeletedBlockLogImpl] DEBUG block.DeletedBlockLogImpl (DeletedBlockLogImpl.java:isTransactionFailed(278)) - Got block deletion ACK from datanode, TXIDs=5, success=true
2021-08-10 12:16:27,197 [EventQueue-DeleteBlockStatusForDeletedBlockLogImpl] DEBUG block.DeletedBlockLogImpl (DeletedBlockLogImpl.java:commitTransactions(250)) - Purging txId=5 from block deletion log
2021-08-10 12:16:27,197 [EventQueue-DeleteBlockStatusForDeletedBlockLogImpl] DEBUG block.DeletedBlockLogImpl (DeletedBlockLogImpl.java:commitTransactions(256)) - Datanode txId=5 containerId=#5 committed by dnId=01235482-5c07-4b37-86e9-3192ec4df84f
2021-08-10 12:16:27,197 [EventQueue-DeleteBlockStatusForDeletedBlockLogImpl] DEBUG block.DeletedBlockLogImpl (DeletedBlockLogImpl.java:isTransactionFailed(278)) - Got block deletion ACK from datanode, TXIDs=6, success=true
2021-08-10 12:16:27,197 [EventQueue-DeleteBlockStatusForDeletedBlockLogImpl] DEBUG block.DeletedBlockLogImpl (DeletedBlockLogImpl.java:commitTransactions(250)) - Purging txId=6 from block deletion log
2021-08-10 12:16:27,197 [EventQueue-DeleteBlockStatusForDeletedBlockLogImpl] DEBUG block.DeletedBlockLogImpl (DeletedBlockLogImpl.java:commitTransactions(256)) - Datanode txId=6 containerId=#6 committed by dnId=01235482-5c07-4b37-86e9-3192ec4df84f
2021-08-10 12:16:27,197 [EventQueue-DeleteBlockStatusForDeletedBlockLogImpl] DEBUG block.DeletedBlockLogImpl (DeletedBlockLogImpl.java:isTransactionFailed(278)) - Got block deletion ACK from datanode, TXIDs=7, success=true
2021-08-10 12:16:27,197 [EventQueue-DeleteBlockStatusForDeletedBlockLogImpl] DEBUG block.DeletedBlockLogImpl (DeletedBlockLogImpl.java:commitTransactions(250)) - Purging txId=7 from block deletion log
2021-08-10 12:16:27,197 [EventQueue-DeleteBlockStatusForDeletedBlockLogImpl] DEBUG block.DeletedBlockLogImpl (DeletedBlockLogImpl.java:commitTransactions(256)) - Datanode txId=7 containerId=#7 committed by dnId=01235482-5c07-4b37-86e9-3192ec4df84f
2021-08-10 12:16:27,197 [EventQueue-DeleteBlockStatusForDeletedBlockLogImpl] DEBUG block.DeletedBlockLogImpl (DeletedBlockLogImpl.java:isTransactionFailed(278)) - Got block deletion ACK from datanode, TXIDs=8, success=true
2021-08-10 12:16:27,197 [EventQueue-DeleteBlockStatusForDeletedBlockLogImpl] DEBUG block.DeletedBlockLogImpl (DeletedBlockLogImpl.java:commitTransactions(250)) - Purging txId=8 from block deletion log
2021-08-10 12:16:27,197 [EventQueue-DeleteBlockStatusForDeletedBlockLogImpl] DEBUG block.DeletedBlockLogImpl (DeletedBlockLogImpl.java:commitTransactions(256)) - Datanode txId=8 containerId=#8 committed by dnId=01235482-5c07-4b37-86e9-3192ec4df84f
2021-08-10 12:16:27,197 [EventQueue-DeleteBlockStatusForDeletedBlockLogImpl] DEBUG block.DeletedBlockLogImpl (DeletedBlockLogImpl.java:isTransactionFailed(278)) - Got block deletion ACK from datanode, TXIDs=9, success=true
2021-08-10 12:16:27,197 [EventQueue-DeleteBlockStatusForDeletedBlockLogImpl] DEBUG block.DeletedBlockLogImpl (DeletedBlockLogImpl.java:commitTransactions(250)) - Purging txId=9 from block deletion log
2021-08-10 12:16:27,197 [EventQueue-DeleteBlockStatusForDeletedBlockLogImpl] DEBUG block.DeletedBlockLogImpl (DeletedBlockLogImpl.java:commitTransactions(256)) - Datanode txId=9 containerId=#9 committed by dnId=01235482-5c07-4b37-86e9-3192ec4df84f
2021-08-10 12:16:27,197 [EventQueue-DeleteBlockStatusForDeletedBlockLogImpl] DEBUG block.DeletedBlockLogImpl (DeletedBlockLogImpl.java:isTransactionFailed(278)) - Got block deletion ACK from datanode, TXIDs=10, success=true
2021-08-10 12:16:27,197 [EventQueue-DeleteBlockStatusForDeletedBlockLogImpl] DEBUG block.DeletedBlockLogImpl (DeletedBlockLogImpl.java:commitTransactions(256)) - Datanode txId=10 containerId=#10 committed by dnId=01235482-5c07-4b37-86e9-3192ec4df84f
2021-08-10 12:16:27,197 [EventQueue-DeleteBlockStatusForDeletedBlockLogImpl] DEBUG block.DeletedBlockLogImpl (DeletedBlockLogImpl.java:isTransactionFailed(278)) - Got block deletion ACK from datanode, TXIDs=11, success=true
2021-08-10 12:16:27,197 [EventQueue-DeleteBlockStatusForDeletedBlockLogImpl] DEBUG block.DeletedBlockLogImpl (DeletedBlockLogImpl.java:commitTransactions(256)) - Datanode txId=11 containerId=#11 committed by dnId=01235482-5c07-4b37-86e9-3192ec4df84f
2021-08-10 12:16:27,197 [EventQueue-DeleteBlockStatusForDeletedBlockLogImpl] DEBUG block.DeletedBlockLogImpl (DeletedBlockLogImpl.java:isTransactionFailed(278)) - Got block deletion ACK from datanode, TXIDs=12, success=true
2021-08-10 12:16:27,197 [EventQueue-DeleteBlockStatusForDeletedBlockLogImpl] DEBUG block.DeletedBlockLogImpl (DeletedBlockLogImpl.java:commitTransactions(256)) - Datanode txId=12 containerId=#12 committed by dnId=01235482-5c07-4b37-86e9-3192ec4df84f
2021-08-10 12:16:27,197 [EventQueue-DeleteBlockStatusForDeletedBlockLogImpl] DEBUG block.DeletedBlockLogImpl (DeletedBlockLogImpl.java:isTransactionFailed(278)) - Got block deletion ACK from datanode, TXIDs=13, success=true
2021-08-10 12:16:27,197 [EventQueue-DeleteBlockStatusForDeletedBlockLogImpl] DEBUG block.DeletedBlockLogImpl (DeletedBlockLogImpl.java:commitTransactions(256)) - Datanode txId=13 containerId=#13 committed by dnId=01235482-5c07-4b37-86e9-3192ec4df84f
2021-08-10 12:16:27,197 [EventQueue-DeleteBlockStatusForDeletedBlockLogImpl] DEBUG block.DeletedBlockLogImpl (DeletedBlockLogImpl.java:isTransactionFailed(278)) - Got block deletion ACK from datanode, TXIDs=14, success=true
2021-08-10 12:16:27,197 [EventQueue-DeleteBlockStatusForDeletedBlockLogImpl] DEBUG block.DeletedBlockLogImpl (DeletedBlockLogImpl.java:commitTransactions(256)) - Datanode txId=14 containerId=#14 committed by dnId=01235482-5c07-4b37-86e9-3192ec4df84f
2021-08-10 12:16:27,197 [EventQueue-DeleteBlockStatusForDeletedBlockLogImpl] DEBUG block.DeletedBlockLogImpl (DeletedBlockLogImpl.java:isTransactionFailed(278)) - Got block deletion ACK from datanode, TXIDs=15, success=true
2021-08-10 12:16:27,197 [EventQueue-DeleteBlockStatusForDeletedBlockLogImpl] DEBUG block.DeletedBlockLogImpl (DeletedBlockLogImpl.java:commitTransactions(256)) - Datanode txId=15 containerId=#15 committed by dnId=01235482-5c07-4b37-86e9-3192ec4df84f
2021-08-10 12:16:27,197 [EventQueue-DeleteBlockStatusForDeletedBlockLogImpl] DEBUG block.DeletedBlockLogImpl (DeletedBlockLogImpl.java:isTransactionFailed(278)) - Got block deletion ACK from datanode, TXIDs=16, success=true
2021-08-10 12:16:27,197 [EventQueue-DeleteBlockStatusForDeletedBlockLogImpl] DEBUG block.DeletedBlockLogImpl (DeletedBlockLogImpl.java:commitTransactions(256)) - Datanode txId=16 containerId=#16 committed by dnId=01235482-5c07-4b37-86e9-3192ec4df84f
2021-08-10 12:16:27,197 [EventQueue-DeleteBlockStatusForDeletedBlockLogImpl] DEBUG block.DeletedBlockLogImpl (DeletedBlockLogImpl.java:isTransactionFailed(278)) - Got block deletion ACK from datanode, TXIDs=17, success=true
2021-08-10 12:16:27,197 [EventQueue-DeleteBlockStatusForDeletedBlockLogImpl] DEBUG block.DeletedBlockLogImpl (DeletedBlockLogImpl.java:commitTransactions(256)) - Datanode txId=17 containerId=#17 committed by dnId=01235482-5c07-4b37-86e9-3192ec4df84f
2021-08-10 12:16:27,197 [EventQueue-DeleteBlockStatusForDeletedBlockLogImpl] DEBUG block.DeletedBlockLogImpl (DeletedBlockLogImpl.java:isTransactionFailed(278)) - Got block deletion ACK from datanode, TXIDs=18, success=true
2021-08-10 12:16:27,197 [EventQueue-DeleteBlockStatusForDeletedBlockLogImpl] DEBUG block.DeletedBlockLogImpl (DeletedBlockLogImpl.java:commitTransactions(256)) - Datanode txId=18 containerId=#18 committed by dnId=01235482-5c07-4b37-86e9-3192ec4df84f
2021-08-10 12:16:27,197 [EventQueue-DeleteBlockStatusForDeletedBlockLogImpl] DEBUG block.DeletedBlockLogImpl (DeletedBlockLogImpl.java:isTransactionFailed(278)) - Got block deletion ACK from datanode, TXIDs=19, success=true
2021-08-10 12:16:27,197 [EventQueue-DeleteBlockStatusForDeletedBlockLogImpl] DEBUG block.DeletedBlockLogImpl (DeletedBlockLogImpl.java:commitTransactions(256)) - Datanode txId=19 containerId=#19 committed by dnId=01235482-5c07-4b37-86e9-3192ec4df84f
2021-08-10 12:16:27,197 [EventQueue-DeleteBlockStatusForDeletedBlockLogImpl] DEBUG block.DeletedBlockLogImpl (DeletedBlockLogImpl.java:isTransactionFailed(278)) - Got block deletion ACK from datanode, TXIDs=20, success=true
2021-08-10 12:16:27,198 [EventQueue-DeleteBlockStatusForDeletedBlockLogImpl] DEBUG block.DeletedBlockLogImpl (DeletedBlockLogImpl.java:commitTransactions(256)) - Datanode txId=20 containerId=#20 committed by dnId=01235482-5c07-4b37-86e9-3192ec4df84f
2021-08-10 12:16:27,198 [EventQueue-DeleteBlockStatusForDeletedBlockLogImpl] DEBUG block.DeletedBlockLogImpl (DeletedBlockLogImpl.java:isTransactionFailed(278)) - Got block deletion ACK from datanode, TXIDs=21, success=true
2021-08-10 12:16:27,198 [EventQueue-DeleteBlockStatusForDeletedBlockLogImpl] DEBUG block.DeletedBlockLogImpl (DeletedBlockLogImpl.java:commitTransactions(256)) - Datanode txId=21 containerId=#21 committed by dnId=01235482-5c07-4b37-86e9-3192ec4df84f
2021-08-10 12:16:27,198 [EventQueue-DeleteBlockStatusForDeletedBlockLogImpl] DEBUG block.DeletedBlockLogImpl (DeletedBlockLogImpl.java:isTransactionFailed(278)) - Got block deletion ACK from datanode, TXIDs=22, success=true
2021-08-10 12:16:27,198 [EventQueue-DeleteBlockStatusForDeletedBlockLogImpl] DEBUG block.DeletedBlockLogImpl (DeletedBlockLogImpl.java:commitTransactions(256)) - Datanode txId=22 containerId=#22 committed by dnId=01235482-5c07-4b37-86e9-3192ec4df84f
2021-08-10 12:16:27,198 [EventQueue-DeleteBlockStatusForDeletedBlockLogImpl] DEBUG block.DeletedBlockLogImpl (DeletedBlockLogImpl.java:isTransactionFailed(278)) - Got block deletion ACK from datanode, TXIDs=23, success=true
2021-08-10 12:16:27,198 [EventQueue-DeleteBlockStatusForDeletedBlockLogImpl] DEBUG block.DeletedBlockLogImpl (DeletedBlockLogImpl.java:commitTransactions(256)) - Datanode txId=23 containerId=#23 committed by dnId=01235482-5c07-4b37-86e9-3192ec4df84f
2021-08-10 12:16:27,198 [EventQueue-DeleteBlockStatusForDeletedBlockLogImpl] DEBUG block.DeletedBlockLogImpl (DeletedBlockLogImpl.java:isTransactionFailed(278)) - Got block deletion ACK from datanode, TXIDs=24, success=true
2021-08-10 12:16:27,198 [EventQueue-DeleteBlockStatusForDeletedBlockLogImpl] DEBUG block.DeletedBlockLogImpl (DeletedBlockLogImpl.java:commitTransactions(256)) - Datanode txId=24 containerId=#24 committed by dnId=01235482-5c07-4b37-86e9-3192ec4df84f
2021-08-10 12:16:27,198 [EventQueue-DeleteBlockStatusForDeletedBlockLogImpl] DEBUG block.DeletedBlockLogImpl (DeletedBlockLogImpl.java:isTransactionFailed(278)) - Got block deletion ACK from datanode, TXIDs=25, success=true
2021-08-10 12:16:27,198 [EventQueue-DeleteBlockStatusForDeletedBlockLogImpl] DEBUG block.DeletedBlockLogImpl (DeletedBlockLogImpl.java:commitTransactions(256)) - Datanode txId=25 containerId=#25 committed by dnId=01235482-5c07-4b37-86e9-3192ec4df84f
2021-08-10 12:16:27,198 [EventQueue-DeleteBlockStatusForDeletedBlockLogImpl] DEBUG block.DeletedBlockLogImpl (DeletedBlockLogImpl.java:isTransactionFailed(278)) - Got block deletion ACK from datanode, TXIDs=26, success=true
2021-08-10 12:16:27,198 [EventQueue-DeleteBlockStatusForDeletedBlockLogImpl] DEBUG block.DeletedBlockLogImpl (DeletedBlockLogImpl.java:commitTransactions(256)) - Datanode txId=26 containerId=#26 committed by dnId=01235482-5c07-4b37-86e9-3192ec4df84f
2021-08-10 12:16:27,198 [EventQueue-DeleteBlockStatusForDeletedBlockLogImpl] DEBUG block.DeletedBlockLogImpl (DeletedBlockLogImpl.java:isTransactionFailed(278)) - Got block deletion ACK from datanode, TXIDs=27, success=true
2021-08-10 12:16:27,198 [EventQueue-DeleteBlockStatusForDeletedBlockLogImpl] DEBUG block.DeletedBlockLogImpl (DeletedBlockLogImpl.java:commitTransactions(256)) - Datanode txId=27 containerId=#27 committed by dnId=01235482-5c07-4b37-86e9-3192ec4df84f
2021-08-10 12:16:27,198 [EventQueue-DeleteBlockStatusForDeletedBlockLogImpl] DEBUG block.DeletedBlockLogImpl (DeletedBlockLogImpl.java:isTransactionFailed(278)) - Got block deletion ACK from datanode, TXIDs=28, success=true
2021-08-10 12:16:27,198 [EventQueue-DeleteBlockStatusForDeletedBlockLogImpl] DEBUG block.DeletedBlockLogImpl (DeletedBlockLogImpl.java:commitTransactions(256)) - Datanode txId=28 containerId=#28 committed by dnId=01235482-5c07-4b37-86e9-3192ec4df84f
2021-08-10 12:16:27,198 [EventQueue-DeleteBlockStatusForDeletedBlockLogImpl] DEBUG block.DeletedBlockLogImpl (DeletedBlockLogImpl.java:isTransactionFailed(278)) - Got block deletion ACK from datanode, TXIDs=29, success=true
2021-08-10 12:16:27,198 [EventQueue-DeleteBlockStatusForDeletedBlockLogImpl] DEBUG block.DeletedBlockLogImpl (DeletedBlockLogImpl.java:commitTransactions(256)) - Datanode txId=29 containerId=#29 committed by dnId=01235482-5c07-4b37-86e9-3192ec4df84f
2021-08-10 12:16:27,198 [EventQueue-DeleteBlockStatusForDeletedBlockLogImpl] DEBUG block.DeletedBlockLogImpl (DeletedBlockLogImpl.java:isTransactionFailed(278)) - Got block deletion ACK from datanode, TXIDs=30, success=true
2021-08-10 12:16:27,198 [EventQueue-DeleteBlockStatusForDeletedBlockLogImpl] DEBUG block.DeletedBlockLogImpl (DeletedBlockLogImpl.java:commitTransactions(256)) - Datanode txId=30 containerId=#30 committed by dnId=01235482-5c07-4b37-86e9-3192ec4df84f
2021-08-10 12:16:27,198 [EventQueue-DeleteBlockStatusForDeletedBlockLogImpl] DEBUG block.DeletedBlockLogImpl (DeletedBlockLogImpl.java:isTransactionFailed(278)) - Got block deletion ACK from datanode, TXIDs=31, success=true
2021-08-10 12:16:27,198 [EventQueue-DeleteBlockStatusForDeletedBlockLogImpl] DEBUG block.DeletedBlockLogImpl (DeletedBlockLogImpl.java:commitTransactions(256)) - Datanode txId=31 containerId=#31 committed by dnId=01235482-5c07-4b37-86e9-3192ec4df84f
2021-08-10 12:16:27,198 [EventQueue-DeleteBlockStatusForDeletedBlockLogImpl] DEBUG block.DeletedBlockLogImpl (DeletedBlockLogImpl.java:isTransactionFailed(278)) - Got block deletion ACK from datanode, TXIDs=32, success=true
2021-08-10 12:16:27,198 [EventQueue-DeleteBlockStatusForDeletedBlockLogImpl] DEBUG block.DeletedBlockLogImpl (DeletedBlockLogImpl.java:commitTransactions(256)) - Datanode txId=32 containerId=#32 committed by dnId=01235482-5c07-4b37-86e9-3192ec4df84f
2021-08-10 12:16:27,198 [EventQueue-DeleteBlockStatusForDeletedBlockLogImpl] DEBUG block.DeletedBlockLogImpl (DeletedBlockLogImpl.java:isTransactionFailed(278)) - Got block deletion ACK from datanode, TXIDs=33, success=true
2021-08-10 12:16:27,198 [EventQueue-DeleteBlockStatusForDeletedBlockLogImpl] DEBUG block.DeletedBlockLogImpl (DeletedBlockLogImpl.java:commitTransactions(256)) - Datanode txId=33 containerId=#33 committed by dnId=01235482-5c07-4b37-86e9-3192ec4df84f
2021-08-10 12:16:27,198 [EventQueue-DeleteBlockStatusForDeletedBlockLogImpl] DEBUG block.DeletedBlockLogImpl (DeletedBlockLogImpl.java:isTransactionFailed(278)) - Got block deletion ACK from datanode, TXIDs=34, success=true
2021-08-10 12:16:27,198 [EventQueue-DeleteBlockStatusForDeletedBlockLogImpl] DEBUG block.DeletedBlockLogImpl (DeletedBlockLogImpl.java:commitTransactions(256)) - Datanode txId=34 containerId=#34 committed by dnId=01235482-5c07-4b37-86e9-3192ec4df84f
2021-08-10 12:16:27,198 [EventQueue-DeleteBlockStatusForDeletedBlockLogImpl] DEBUG block.DeletedBlockLogImpl (DeletedBlockLogImpl.java:isTransactionFailed(278)) - Got block deletion ACK from datanode, TXIDs=35, success=true
2021-08-10 12:16:27,198 [EventQueue-DeleteBlockStatusForDeletedBlockLogImpl] DEBUG block.DeletedBlockLogImpl (DeletedBlockLogImpl.java:commitTransactions(256)) - Datanode txId=35 containerId=#35 committed by dnId=01235482-5c07-4b37-86e9-3192ec4df84f
2021-08-10 12:16:27,198 [EventQueue-DeleteBlockStatusForDeletedBlockLogImpl] DEBUG block.DeletedBlockLogImpl (DeletedBlockLogImpl.java:isTransactionFailed(278)) - Got block deletion ACK from datanode, TXIDs=36, success=true
2021-08-10 12:16:27,198 [EventQueue-DeleteBlockStatusForDeletedBlockLogImpl] DEBUG block.DeletedBlockLogImpl (DeletedBlockLogImpl.java:commitTransactions(256)) - Datanode txId=36 containerId=#36 committed by dnId=01235482-5c07-4b37-86e9-3192ec4df84f
2021-08-10 12:16:27,198 [EventQueue-DeleteBlockStatusForDeletedBlockLogImpl] DEBUG block.DeletedBlockLogImpl (DeletedBlockLogImpl.java:isTransactionFailed(278)) - Got block deletion ACK from datanode, TXIDs=37, success=true
2021-08-10 12:16:27,198 [EventQueue-DeleteBlockStatusForDeletedBlockLogImpl] DEBUG block.DeletedBlockLogImpl (DeletedBlockLogImpl.java:commitTransactions(256)) - Datanode txId=37 containerId=#37 committed by dnId=01235482-5c07-4b37-86e9-3192ec4df84f
2021-08-10 12:16:27,198 [EventQueue-DeleteBlockStatusForDeletedBlockLogImpl] DEBUG block.DeletedBlockLogImpl (DeletedBlockLogImpl.java:isTransactionFailed(278)) - Got block deletion ACK from datanode, TXIDs=38, success=true
2021-08-10 12:16:27,198 [EventQueue-DeleteBlockStatusForDeletedBlockLogImpl] DEBUG block.DeletedBlockLogImpl (DeletedBlockLogImpl.java:commitTransactions(256)) - Datanode txId=38 containerId=#38 committed by dnId=01235482-5c07-4b37-86e9-3192ec4df84f
2021-08-10 12:16:27,198 [EventQueue-DeleteBlockStatusForDeletedBlockLogImpl] DEBUG block.DeletedBlockLogImpl (DeletedBlockLogImpl.java:isTransactionFailed(278)) - Got block deletion ACK from datanode, TXIDs=39, success=true
2021-08-10 12:16:27,198 [EventQueue-DeleteBlockStatusForDeletedBlockLogImpl] DEBUG block.DeletedBlockLogImpl (DeletedBlockLogImpl.java:commitTransactions(256)) - Datanode txId=39 containerId=#39 committed by dnId=01235482-5c07-4b37-86e9-3192ec4df84f
2021-08-10 12:16:27,198 [EventQueue-DeleteBlockStatusForDeletedBlockLogImpl] DEBUG block.DeletedBlockLogImpl (DeletedBlockLogImpl.java:isTransactionFailed(278)) - Got block deletion ACK from datanode, TXIDs=40, success=true
2021-08-10 12:16:27,198 [EventQueue-DeleteBlockStatusForDeletedBlockLogImpl] DEBUG block.DeletedBlockLogImpl (DeletedBlockLogImpl.java:commitTransactions(256)) - Datanode txId=40 containerId=#40 committed by dnId=01235482-5c07-4b37-86e9-3192ec4df84f
2021-08-10 12:16:27,198 [EventQueue-DeleteBlockStatusForDeletedBlockLogImpl] DEBUG block.DeletedBlockLogImpl (DeletedBlockLogImpl.java:isTransactionFailed(278)) - Got block deletion ACK from datanode, TXIDs=41, success=true
2021-08-10 12:16:27,198 [EventQueue-DeleteBlockStatusForDeletedBlockLogImpl] DEBUG block.DeletedBlockLogImpl (DeletedBlockLogImpl.java:commitTransactions(256)) - Datanode txId=41 containerId=#41 committed by dnId=01235482-5c07-4b37-86e9-3192ec4df84f
2021-08-10 12:16:27,198 [EventQueue-DeleteBlockStatusForDeletedBlockLogImpl] DEBUG block.DeletedBlockLogImpl (DeletedBlockLogImpl.java:isTransactionFailed(278)) - Got block deletion ACK from datanode, TXIDs=42, success=true
2021-08-10 12:16:27,198 [EventQueue-DeleteBlockStatusForDeletedBlockLogImpl] DEBUG block.DeletedBlockLogImpl (DeletedBlockLogImpl.java:commitTransactions(256)) - Datanode txId=42 containerId=#42 committed by dnId=01235482-5c07-4b37-86e9-3192ec4df84f
2021-08-10 12:16:27,198 [EventQueue-DeleteBlockStatusForDeletedBlockLogImpl] DEBUG block.DeletedBlockLogImpl (DeletedBlockLogImpl.java:isTransactionFailed(278)) - Got block deletion ACK from datanode, TXIDs=43, success=true
2021-08-10 12:16:27,198 [EventQueue-DeleteBlockStatusForDeletedBlockLogImpl] DEBUG block.DeletedBlockLogImpl (DeletedBlockLogImpl.java:commitTransactions(256)) - Datanode txId=43 containerId=#43 committed by dnId=01235482-5c07-4b37-86e9-3192ec4df84f
2021-08-10 12:16:27,201 [BlockDeletingService#2] INFO  background.BlockDeletingService (BlockDeletingService.java:deleteViaSchema2(447)) - Container: 10, deleted blocks: 1, task elapsed time: 15ms
2021-08-10 12:16:27,201 [EventQueue-DeleteBlockStatusForDeletedBlockLogImpl] DEBUG block.DeletedBlockLogImpl (DeletedBlockLogImpl.java:isTransactionFailed(278)) - Got block deletion ACK from datanode, TXIDs=44, success=true
2021-08-10 12:16:27,201 [EventQueue-DeleteBlockStatusForDeletedBlockLogImpl] DEBUG block.DeletedBlockLogImpl (DeletedBlockLogImpl.java:commitTransactions(256)) - Datanode txId=44 containerId=#44 committed by dnId=01235482-5c07-4b37-86e9-3192ec4df84f
2021-08-10 12:16:27,201 [EventQueue-DeleteBlockStatusForDeletedBlockLogImpl] DEBUG block.DeletedBlockLogImpl (DeletedBlockLogImpl.java:isTransactionFailed(278)) - Got block deletion ACK from datanode, TXIDs=45, success=true
2021-08-10 12:16:27,201 [EventQueue-DeleteBlockStatusForDeletedBlockLogImpl] DEBUG block.DeletedBlockLogImpl (DeletedBlockLogImpl.java:commitTransactions(256)) - Datanode txId=45 containerId=#45 committed by dnId=01235482-5c07-4b37-86e9-3192ec4df84f
2021-08-10 12:16:27,201 [EventQueue-DeleteBlockStatusForDeletedBlockLogImpl] DEBUG block.DeletedBlockLogImpl (DeletedBlockLogImpl.java:isTransactionFailed(278)) - Got block deletion ACK from datanode, TXIDs=46, success=true
2021-08-10 12:16:27,201 [EventQueue-DeleteBlockStatusForDeletedBlockLogImpl] DEBUG block.DeletedBlockLogImpl (DeletedBlockLogImpl.java:commitTransactions(256)) - Datanode txId=46 containerId=#46 committed by dnId=01235482-5c07-4b37-86e9-3192ec4df84f
2021-08-10 12:16:27,201 [EventQueue-DeleteBlockStatusForDeletedBlockLogImpl] DEBUG block.DeletedBlockLogImpl (DeletedBlockLogImpl.java:isTransactionFailed(278)) - Got block deletion ACK from datanode, TXIDs=47, success=true
2021-08-10 12:16:27,201 [EventQueue-DeleteBlockStatusForDeletedBlockLogImpl] DEBUG block.DeletedBlockLogImpl (DeletedBlockLogImpl.java:commitTransactions(256)) - Datanode txId=47 containerId=#47 committed by dnId=01235482-5c07-4b37-86e9-3192ec4df84f
2021-08-10 12:16:27,201 [EventQueue-DeleteBlockStatusForDeletedBlockLogImpl] DEBUG block.DeletedBlockLogImpl (DeletedBlockLogImpl.java:isTransactionFailed(278)) - Got block deletion ACK from datanode, TXIDs=48, success=true
2021-08-10 12:16:27,201 [EventQueue-DeleteBlockStatusForDeletedBlockLogImpl] DEBUG block.DeletedBlockLogImpl (DeletedBlockLogImpl.java:commitTransactions(256)) - Datanode txId=48 containerId=#48 committed by dnId=01235482-5c07-4b37-86e9-3192ec4df84f
2021-08-10 12:16:27,201 [EventQueue-DeleteBlockStatusForDeletedBlockLogImpl] DEBUG block.DeletedBlockLogImpl (DeletedBlockLogImpl.java:isTransactionFailed(278)) - Got block deletion ACK from datanode, TXIDs=49, success=true
2021-08-10 12:16:27,201 [EventQueue-DeleteBlockStatusForDeletedBlockLogImpl] DEBUG block.DeletedBlockLogImpl (DeletedBlockLogImpl.java:commitTransactions(256)) - Datanode txId=49 containerId=#49 committed by dnId=01235482-5c07-4b37-86e9-3192ec4df84f
2021-08-10 12:16:27,201 [EventQueue-DeleteBlockStatusForDeletedBlockLogImpl] DEBUG block.DeletedBlockLogImpl (DeletedBlockLogImpl.java:isTransactionFailed(278)) - Got block deletion ACK from datanode, TXIDs=50, success=true
2021-08-10 12:16:27,201 [EventQueue-DeleteBlockStatusForDeletedBlockLogImpl] DEBUG block.DeletedBlockLogImpl (DeletedBlockLogImpl.java:commitTransactions(256)) - Datanode txId=50 containerId=#50 committed by dnId=01235482-5c07-4b37-86e9-3192ec4df84f
2021-08-10 12:16:27,201 [EventQueue-DeleteBlockStatusForDeletedBlockLogImpl] DEBUG block.DeletedBlockLogImpl (DeletedBlockLogImpl.java:isTransactionFailed(278)) - Got block deletion ACK from datanode, TXIDs=51, success=true
2021-08-10 12:16:27,201 [EventQueue-DeleteBlockStatusForDeletedBlockLogImpl] DEBUG block.DeletedBlockLogImpl (DeletedBlockLogImpl.java:commitTransactions(256)) - Datanode txId=51 containerId=#51 committed by dnId=01235482-5c07-4b37-86e9-3192ec4df84f
2021-08-10 12:16:27,201 [EventQueue-DeleteBlockStatusForDeletedBlockLogImpl] DEBUG block.DeletedBlockLogImpl (DeletedBlockLogImpl.java:isTransactionFailed(278)) - Got block deletion ACK from datanode, TXIDs=52, success=true
2021-08-10 12:16:27,201 [EventQueue-DeleteBlockStatusForDeletedBlockLogImpl] DEBUG block.DeletedBlockLogImpl (DeletedBlockLogImpl.java:commitTransactions(256)) - Datanode txId=52 containerId=#52 committed by dnId=01235482-5c07-4b37-86e9-3192ec4df84f
2021-08-10 12:16:27,201 [EventQueue-DeleteBlockStatusForDeletedBlockLogImpl] DEBUG block.DeletedBlockLogImpl (DeletedBlockLogImpl.java:isTransactionFailed(278)) - Got block deletion ACK from datanode, TXIDs=53, success=true
2021-08-10 12:16:27,202 [EventQueue-DeleteBlockStatusForDeletedBlockLogImpl] DEBUG block.DeletedBlockLogImpl (DeletedBlockLogImpl.java:commitTransactions(256)) - Datanode txId=53 containerId=#53 committed by dnId=01235482-5c07-4b37-86e9-3192ec4df84f
2021-08-10 12:16:27,202 [EventQueue-DeleteBlockStatusForDeletedBlockLogImpl] DEBUG block.DeletedBlockLogImpl (DeletedBlockLogImpl.java:isTransactionFailed(278)) - Got block deletion ACK from datanode, TXIDs=54, success=true
2021-08-10 12:16:27,202 [EventQueue-DeleteBlockStatusForDeletedBlockLogImpl] DEBUG block.DeletedBlockLogImpl (DeletedBlockLogImpl.java:commitTransactions(256)) - Datanode txId=54 containerId=#54 committed by dnId=01235482-5c07-4b37-86e9-3192ec4df84f
2021-08-10 12:16:27,202 [EventQueue-DeleteBlockStatusForDeletedBlockLogImpl] DEBUG block.DeletedBlockLogImpl (DeletedBlockLogImpl.java:isTransactionFailed(278)) - Got block deletion ACK from datanode, TXIDs=55, success=true
2021-08-10 12:16:27,202 [EventQueue-DeleteBlockStatusForDeletedBlockLogImpl] DEBUG block.DeletedBlockLogImpl (DeletedBlockLogImpl.java:commitTransactions(256)) - Datanode txId=55 containerId=#55 committed by dnId=01235482-5c07-4b37-86e9-3192ec4df84f
2021-08-10 12:16:27,202 [EventQueue-DeleteBlockStatusForDeletedBlockLogImpl] DEBUG block.DeletedBlockLogImpl (DeletedBlockLogImpl.java:isTransactionFailed(278)) - Got block deletion ACK from datanode, TXIDs=56, success=true
2021-08-10 12:16:27,202 [EventQueue-DeleteBlockStatusForDeletedBlockLogImpl] DEBUG block.DeletedBlockLogImpl (DeletedBlockLogImpl.java:commitTransactions(256)) - Datanode txId=56 containerId=#56 committed by dnId=01235482-5c07-4b37-86e9-3192ec4df84f
2021-08-10 12:16:27,202 [EventQueue-DeleteBlockStatusForDeletedBlockLogImpl] DEBUG block.DeletedBlockLogImpl (DeletedBlockLogImpl.java:isTransactionFailed(278)) - Got block deletion ACK from datanode, TXIDs=1, success=true
2021-08-10 12:16:27,202 [EventQueue-DeleteBlockStatusForDeletedBlockLogImpl] DEBUG block.DeletedBlockLogImpl (DeletedBlockLogImpl.java:commitTransactions(224)) - Transaction txId=1 commit by dnId=01235482-5c07-4b37-86e9-3192ec4df84f for containerID=#1 failed. Corresponding entry not found.
2021-08-10 12:16:27,202 [EventQueue-DeleteBlockStatusForDeletedBlockLogImpl] DEBUG block.DeletedBlockLogImpl (DeletedBlockLogImpl.java:isTransactionFailed(278)) - Got block deletion ACK from datanode, TXIDs=2, success=true
2021-08-10 12:16:27,202 [EventQueue-DeleteBlockStatusForDeletedBlockLogImpl] DEBUG block.DeletedBlockLogImpl (DeletedBlockLogImpl.java:commitTransactions(224)) - Transaction txId=2 commit by dnId=01235482-5c07-4b37-86e9-3192ec4df84f for containerID=#2 failed. Corresponding entry not found.
2021-08-10 12:16:27,202 [EventQueue-DeleteBlockStatusForDeletedBlockLogImpl] DEBUG block.DeletedBlockLogImpl (DeletedBlockLogImpl.java:isTransactionFailed(278)) - Got block deletion ACK from datanode, TXIDs=3, success=true
2021-08-10 12:16:27,202 [EventQueue-DeleteBlockStatusForDeletedBlockLogImpl] DEBUG block.DeletedBlockLogImpl (DeletedBlockLogImpl.java:commitTransactions(224)) - Transaction txId=3 commit by dnId=01235482-5c07-4b37-86e9-3192ec4df84f for containerID=#3 failed. Corresponding entry not found.
2021-08-10 12:16:27,202 [EventQueue-DeleteBlockStatusForDeletedBlockLogImpl] DEBUG block.DeletedBlockLogImpl (DeletedBlockLogImpl.java:isTransactionFailed(278)) - Got block deletion ACK from datanode, TXIDs=4, success=true
2021-08-10 12:16:27,202 [EventQueue-DeleteBlockStatusForDeletedBlockLogImpl] DEBUG block.DeletedBlockLogImpl (DeletedBlockLogImpl.java:commitTransactions(224)) - Transaction txId=4 commit by dnId=01235482-5c07-4b37-86e9-3192ec4df84f for containerID=#4 failed. Corresponding entry not found.
2021-08-10 12:16:27,202 [EventQueue-DeleteBlockStatusForDeletedBlockLogImpl] DEBUG block.DeletedBlockLogImpl (DeletedBlockLogImpl.java:isTransactionFailed(278)) - Got block deletion ACK from datanode, TXIDs=5, success=true
2021-08-10 12:16:27,202 [EventQueue-DeleteBlockStatusForDeletedBlockLogImpl] DEBUG block.DeletedBlockLogImpl (DeletedBlockLogImpl.java:commitTransactions(224)) - Transaction txId=5 commit by dnId=01235482-5c07-4b37-86e9-3192ec4df84f for containerID=#5 failed. Corresponding entry not found.
2021-08-10 12:16:27,202 [EventQueue-DeleteBlockStatusForDeletedBlockLogImpl] DEBUG block.DeletedBlockLogImpl (DeletedBlockLogImpl.java:isTransactionFailed(278)) - Got block deletion ACK from datanode, TXIDs=6, success=true
2021-08-10 12:16:27,202 [EventQueue-DeleteBlockStatusForDeletedBlockLogImpl] DEBUG block.DeletedBlockLogImpl (DeletedBlockLogImpl.java:commitTransactions(224)) - Transaction txId=6 commit by dnId=01235482-5c07-4b37-86e9-3192ec4df84f for containerID=#6 failed. Corresponding entry not found.
2021-08-10 12:16:27,202 [EventQueue-DeleteBlockStatusForDeletedBlockLogImpl] DEBUG block.DeletedBlockLogImpl (DeletedBlockLogImpl.java:isTransactionFailed(278)) - Got block deletion ACK from datanode, TXIDs=7, success=true
2021-08-10 12:16:27,202 [EventQueue-DeleteBlockStatusForDeletedBlockLogImpl] DEBUG block.DeletedBlockLogImpl (DeletedBlockLogImpl.java:commitTransactions(224)) - Transaction txId=7 commit by dnId=01235482-5c07-4b37-86e9-3192ec4df84f for containerID=#7 failed. Corresponding entry not found.
2021-08-10 12:16:27,202 [EventQueue-DeleteBlockStatusForDeletedBlockLogImpl] DEBUG block.DeletedBlockLogImpl (DeletedBlockLogImpl.java:isTransactionFailed(278)) - Got block deletion ACK from datanode, TXIDs=8, success=true
2021-08-10 12:16:27,202 [EventQueue-DeleteBlockStatusForDeletedBlockLogImpl] DEBUG block.DeletedBlockLogImpl (DeletedBlockLogImpl.java:commitTransactions(224)) - Transaction txId=8 commit by dnId=01235482-5c07-4b37-86e9-3192ec4df84f for containerID=#8 failed. Corresponding entry not found.
2021-08-10 12:16:27,202 [EventQueue-DeleteBlockStatusForDeletedBlockLogImpl] DEBUG block.DeletedBlockLogImpl (DeletedBlockLogImpl.java:isTransactionFailed(278)) - Got block deletion ACK from datanode, TXIDs=9, success=true
2021-08-10 12:16:27,202 [EventQueue-DeleteBlockStatusForDeletedBlockLogImpl] DEBUG block.DeletedBlockLogImpl (DeletedBlockLogImpl.java:commitTransactions(224)) - Transaction txId=9 commit by dnId=01235482-5c07-4b37-86e9-3192ec4df84f for containerID=#9 failed. Corresponding entry not found.
2021-08-10 12:16:27,202 [EventQueue-DeleteBlockStatusForDeletedBlockLogImpl] DEBUG block.DeletedBlockLogImpl (DeletedBlockLogImpl.java:isTransactionFailed(278)) - Got block deletion ACK from datanode, TXIDs=10, success=true
2021-08-10 12:16:27,202 [EventQueue-DeleteBlockStatusForDeletedBlockLogImpl] DEBUG block.DeletedBlockLogImpl (DeletedBlockLogImpl.java:commitTransactions(256)) - Datanode txId=10 containerId=#10 committed by dnId=01235482-5c07-4b37-86e9-3192ec4df84f
2021-08-10 12:16:27,202 [EventQueue-DeleteBlockStatusForDeletedBlockLogImpl] DEBUG block.DeletedBlockLogImpl (DeletedBlockLogImpl.java:isTransactionFailed(278)) - Got block deletion ACK from datanode, TXIDs=11, success=true
2021-08-10 12:16:27,202 [EventQueue-DeleteBlockStatusForDeletedBlockLogImpl] DEBUG block.DeletedBlockLogImpl (DeletedBlockLogImpl.java:commitTransactions(256)) - Datanode txId=11 containerId=#11 committed by dnId=01235482-5c07-4b37-86e9-3192ec4df84f
2021-08-10 12:16:27,202 [EventQueue-DeleteBlockStatusForDeletedBlockLogImpl] DEBUG block.DeletedBlockLogImpl (DeletedBlockLogImpl.java:isTransactionFailed(278)) - Got block deletion ACK from datanode, TXIDs=12, success=true
2021-08-10 12:16:27,202 [EventQueue-DeleteBlockStatusForDeletedBlockLogImpl] DEBUG block.DeletedBlockLogImpl (DeletedBlockLogImpl.java:commitTransactions(256)) - Datanode txId=12 containerId=#12 committed by dnId=01235482-5c07-4b37-86e9-3192ec4df84f
2021-08-10 12:16:27,202 [EventQueue-DeleteBlockStatusForDeletedBlockLogImpl] DEBUG block.DeletedBlockLogImpl (DeletedBlockLogImpl.java:isTransactionFailed(278)) - Got block deletion ACK from datanode, TXIDs=13, success=true
2021-08-10 12:16:27,202 [EventQueue-DeleteBlockStatusForDeletedBlockLogImpl] DEBUG block.DeletedBlockLogImpl (DeletedBlockLogImpl.java:commitTransactions(256)) - Datanode txId=13 containerId=#13 committed by dnId=01235482-5c07-4b37-86e9-3192ec4df84f
2021-08-10 12:16:27,202 [EventQueue-DeleteBlockStatusForDeletedBlockLogImpl] DEBUG block.DeletedBlockLogImpl (DeletedBlockLogImpl.java:isTransactionFailed(278)) - Got block deletion ACK from datanode, TXIDs=14, success=true
2021-08-10 12:16:27,202 [EventQueue-DeleteBlockStatusForDeletedBlockLogImpl] DEBUG block.DeletedBlockLogImpl (DeletedBlockLogImpl.java:commitTransactions(256)) - Datanode txId=14 containerId=#14 committed by dnId=01235482-5c07-4b37-86e9-3192ec4df84f
2021-08-10 12:16:27,202 [EventQueue-DeleteBlockStatusForDeletedBlockLogImpl] DEBUG block.DeletedBlockLogImpl (DeletedBlockLogImpl.java:isTransactionFailed(278)) - Got block deletion ACK from datanode, TXIDs=15, success=true
2021-08-10 12:16:27,202 [EventQueue-DeleteBlockStatusForDeletedBlockLogImpl] DEBUG block.DeletedBlockLogImpl (DeletedBlockLogImpl.java:commitTransactions(256)) - Datanode txId=15 containerId=#15 committed by dnId=01235482-5c07-4b37-86e9-3192ec4df84f
2021-08-10 12:16:27,202 [EventQueue-DeleteBlockStatusForDeletedBlockLogImpl] DEBUG block.DeletedBlockLogImpl (DeletedBlockLogImpl.java:isTransactionFailed(278)) - Got block deletion ACK from datanode, TXIDs=16, success=true
2021-08-10 12:16:27,202 [EventQueue-DeleteBlockStatusForDeletedBlockLogImpl] DEBUG block.DeletedBlockLogImpl (DeletedBlockLogImpl.java:commitTransactions(256)) - Datanode txId=16 containerId=#16 committed by dnId=01235482-5c07-4b37-86e9-3192ec4df84f
2021-08-10 12:16:27,202 [EventQueue-DeleteBlockStatusForDeletedBlockLogImpl] DEBUG block.DeletedBlockLogImpl (DeletedBlockLogImpl.java:isTransactionFailed(278)) - Got block deletion ACK from datanode, TXIDs=17, success=true
2021-08-10 12:16:27,202 [EventQueue-DeleteBlockStatusForDeletedBlockLogImpl] DEBUG block.DeletedBlockLogImpl (DeletedBlockLogImpl.java:commitTransactions(256)) - Datanode txId=17 containerId=#17 committed by dnId=01235482-5c07-4b37-86e9-3192ec4df84f
2021-08-10 12:16:27,202 [EventQueue-DeleteBlockStatusForDeletedBlockLogImpl] DEBUG block.DeletedBlockLogImpl (DeletedBlockLogImpl.java:isTransactionFailed(278)) - Got block deletion ACK from datanode, TXIDs=18, success=true
2021-08-10 12:16:27,202 [EventQueue-DeleteBlockStatusForDeletedBlockLogImpl] DEBUG block.DeletedBlockLogImpl (DeletedBlockLogImpl.java:commitTransactions(256)) - Datanode txId=18 containerId=#18 committed by dnId=01235482-5c07-4b37-86e9-3192ec4df84f
2021-08-10 12:16:27,202 [EventQueue-DeleteBlockStatusForDeletedBlockLogImpl] DEBUG block.DeletedBlockLogImpl (DeletedBlockLogImpl.java:isTransactionFailed(278)) - Got block deletion ACK from datanode, TXIDs=19, success=true
2021-08-10 12:16:27,202 [EventQueue-DeleteBlockStatusForDeletedBlockLogImpl] DEBUG block.DeletedBlockLogImpl (DeletedBlockLogImpl.java:commitTransactions(256)) - Datanode txId=19 containerId=#19 committed by dnId=01235482-5c07-4b37-86e9-3192ec4df84f
2021-08-10 12:16:27,203 [EventQueue-DeleteBlockStatusForDeletedBlockLogImpl] DEBUG block.DeletedBlockLogImpl (DeletedBlockLogImpl.java:isTransactionFailed(278)) - Got block deletion ACK from datanode, TXIDs=20, success=true
2021-08-10 12:16:27,203 [EventQueue-DeleteBlockStatusForDeletedBlockLogImpl] DEBUG block.DeletedBlockLogImpl (DeletedBlockLogImpl.java:commitTransactions(256)) - Datanode txId=20 containerId=#20 committed by dnId=01235482-5c07-4b37-86e9-3192ec4df84f
2021-08-10 12:16:27,203 [EventQueue-DeleteBlockStatusForDeletedBlockLogImpl] DEBUG block.DeletedBlockLogImpl (DeletedBlockLogImpl.java:isTransactionFailed(278)) - Got block deletion ACK from datanode, TXIDs=21, success=true
2021-08-10 12:16:27,203 [EventQueue-DeleteBlockStatusForDeletedBlockLogImpl] DEBUG block.DeletedBlockLogImpl (DeletedBlockLogImpl.java:commitTransactions(256)) - Datanode txId=21 containerId=#21 committed by dnId=01235482-5c07-4b37-86e9-3192ec4df84f
2021-08-10 12:16:27,203 [EventQueue-DeleteBlockStatusForDeletedBlockLogImpl] DEBUG block.DeletedBlockLogImpl (DeletedBlockLogImpl.java:isTransactionFailed(278)) - Got block deletion ACK from datanode, TXIDs=22, success=true
2021-08-10 12:16:27,203 [EventQueue-DeleteBlockStatusForDeletedBlockLogImpl] DEBUG block.DeletedBlockLogImpl (DeletedBlockLogImpl.java:commitTransactions(256)) - Datanode txId=22 containerId=#22 committed by dnId=01235482-5c07-4b37-86e9-3192ec4df84f
2021-08-10 12:16:27,203 [EventQueue-DeleteBlockStatusForDeletedBlockLogImpl] DEBUG block.DeletedBlockLogImpl (DeletedBlockLogImpl.java:isTransactionFailed(278)) - Got block deletion ACK from datanode, TXIDs=23, success=true
2021-08-10 12:16:27,203 [EventQueue-DeleteBlockStatusForDeletedBlockLogImpl] DEBUG block.DeletedBlockLogImpl (DeletedBlockLogImpl.java:commitTransactions(256)) - Datanode txId=23 containerId=#23 committed by dnId=01235482-5c07-4b37-86e9-3192ec4df84f
2021-08-10 12:16:27,203 [EventQueue-DeleteBlockStatusForDeletedBlockLogImpl] DEBUG block.DeletedBlockLogImpl (DeletedBlockLogImpl.java:isTransactionFailed(278)) - Got block deletion ACK from datanode, TXIDs=24, success=true
2021-08-10 12:16:27,203 [EventQueue-DeleteBlockStatusForDeletedBlockLogImpl] DEBUG block.DeletedBlockLogImpl (DeletedBlockLogImpl.java:commitTransactions(256)) - Datanode txId=24 containerId=#24 committed by dnId=01235482-5c07-4b37-86e9-3192ec4df84f
2021-08-10 12:16:27,203 [EventQueue-DeleteBlockStatusForDeletedBlockLogImpl] DEBUG block.DeletedBlockLogImpl (DeletedBlockLogImpl.java:isTransactionFailed(278)) - Got block deletion ACK from datanode, TXIDs=25, success=true
2021-08-10 12:16:27,203 [EventQueue-DeleteBlockStatusForDeletedBlockLogImpl] DEBUG block.DeletedBlockLogImpl (DeletedBlockLogImpl.java:commitTransactions(256)) - Datanode txId=25 containerId=#25 committed by dnId=01235482-5c07-4b37-86e9-3192ec4df84f
2021-08-10 12:16:27,203 [EventQueue-DeleteBlockStatusForDeletedBlockLogImpl] DEBUG block.DeletedBlockLogImpl (DeletedBlockLogImpl.java:isTransactionFailed(278)) - Got block deletion ACK from datanode, TXIDs=26, success=true
2021-08-10 12:16:27,203 [EventQueue-DeleteBlockStatusForDeletedBlockLogImpl] DEBUG block.DeletedBlockLogImpl (DeletedBlockLogImpl.java:commitTransactions(256)) - Datanode txId=26 containerId=#26 committed by dnId=01235482-5c07-4b37-86e9-3192ec4df84f
2021-08-10 12:16:27,203 [EventQueue-DeleteBlockStatusForDeletedBlockLogImpl] DEBUG block.DeletedBlockLogImpl (DeletedBlockLogImpl.java:isTransactionFailed(278)) - Got block deletion ACK from datanode, TXIDs=27, success=true
2021-08-10 12:16:27,203 [EventQueue-DeleteBlockStatusForDeletedBlockLogImpl] DEBUG block.DeletedBlockLogImpl (DeletedBlockLogImpl.java:commitTransactions(256)) - Datanode txId=27 containerId=#27 committed by dnId=01235482-5c07-4b37-86e9-3192ec4df84f
2021-08-10 12:16:27,203 [EventQueue-DeleteBlockStatusForDeletedBlockLogImpl] DEBUG block.DeletedBlockLogImpl (DeletedBlockLogImpl.java:isTransactionFailed(278)) - Got block deletion ACK from datanode, TXIDs=28, success=true
2021-08-10 12:16:27,203 [EventQueue-DeleteBlockStatusForDeletedBlockLogImpl] DEBUG block.DeletedBlockLogImpl (DeletedBlockLogImpl.java:commitTransactions(256)) - Datanode txId=28 containerId=#28 committed by dnId=01235482-5c07-4b37-86e9-3192ec4df84f
2021-08-10 12:16:27,203 [EventQueue-DeleteBlockStatusForDeletedBlockLogImpl] DEBUG block.DeletedBlockLogImpl (DeletedBlockLogImpl.java:isTransactionFailed(278)) - Got block deletion ACK from datanode, TXIDs=29, success=true
2021-08-10 12:16:27,203 [EventQueue-DeleteBlockStatusForDeletedBlockLogImpl] DEBUG block.DeletedBlockLogImpl (DeletedBlockLogImpl.java:commitTransactions(256)) - Datanode txId=29 containerId=#29 committed by dnId=01235482-5c07-4b37-86e9-3192ec4df84f
2021-08-10 12:16:27,203 [EventQueue-DeleteBlockStatusForDeletedBlockLogImpl] DEBUG block.DeletedBlockLogImpl (DeletedBlockLogImpl.java:isTransactionFailed(278)) - Got block deletion ACK from datanode, TXIDs=30, success=true
2021-08-10 12:16:27,203 [EventQueue-DeleteBlockStatusForDeletedBlockLogImpl] DEBUG block.DeletedBlockLogImpl (DeletedBlockLogImpl.java:commitTransactions(256)) - Datanode txId=30 containerId=#30 committed by dnId=01235482-5c07-4b37-86e9-3192ec4df84f
2021-08-10 12:16:27,203 [EventQueue-DeleteBlockStatusForDeletedBlockLogImpl] DEBUG block.DeletedBlockLogImpl (DeletedBlockLogImpl.java:isTransactionFailed(278)) - Got block deletion ACK from datanode, TXIDs=31, success=true
2021-08-10 12:16:27,203 [EventQueue-DeleteBlockStatusForDeletedBlockLogImpl] DEBUG block.DeletedBlockLogImpl (DeletedBlockLogImpl.java:commitTransactions(256)) - Datanode txId=31 containerId=#31 committed by dnId=01235482-5c07-4b37-86e9-3192ec4df84f
2021-08-10 12:16:27,203 [EventQueue-DeleteBlockStatusForDeletedBlockLogImpl] DEBUG block.DeletedBlockLogImpl (DeletedBlockLogImpl.java:isTransactionFailed(278)) - Got block deletion ACK from datanode, TXIDs=32, success=true
2021-08-10 12:16:27,203 [EventQueue-DeleteBlockStatusForDeletedBlockLogImpl] DEBUG block.DeletedBlockLogImpl (DeletedBlockLogImpl.java:commitTransactions(256)) - Datanode txId=32 containerId=#32 committed by dnId=01235482-5c07-4b37-86e9-3192ec4df84f
2021-08-10 12:16:27,203 [EventQueue-DeleteBlockStatusForDeletedBlockLogImpl] DEBUG block.DeletedBlockLogImpl (DeletedBlockLogImpl.java:isTransactionFailed(278)) - Got block deletion ACK from datanode, TXIDs=33, success=true
2021-08-10 12:16:27,203 [EventQueue-DeleteBlockStatusForDeletedBlockLogImpl] DEBUG block.DeletedBlockLogImpl (DeletedBlockLogImpl.java:commitTransactions(256)) - Datanode txId=33 containerId=#33 committed by dnId=01235482-5c07-4b37-86e9-3192ec4df84f
2021-08-10 12:16:27,203 [EventQueue-DeleteBlockStatusForDeletedBlockLogImpl] DEBUG block.DeletedBlockLogImpl (DeletedBlockLogImpl.java:isTransactionFailed(278)) - Got block deletion ACK from datanode, TXIDs=34, success=true
2021-08-10 12:16:27,203 [EventQueue-DeleteBlockStatusForDeletedBlockLogImpl] DEBUG block.DeletedBlockLogImpl (DeletedBlockLogImpl.java:commitTransactions(256)) - Datanode txId=34 containerId=#34 committed by dnId=01235482-5c07-4b37-86e9-3192ec4df84f
2021-08-10 12:16:27,203 [EventQueue-DeleteBlockStatusForDeletedBlockLogImpl] DEBUG block.DeletedBlockLogImpl (DeletedBlockLogImpl.java:isTransactionFailed(278)) - Got block deletion ACK from datanode, TXIDs=35, success=true
2021-08-10 12:16:27,203 [EventQueue-DeleteBlockStatusForDeletedBlockLogImpl] DEBUG block.DeletedBlockLogImpl (DeletedBlockLogImpl.java:commitTransactions(256)) - Datanode txId=35 containerId=#35 committed by dnId=01235482-5c07-4b37-86e9-3192ec4df84f
2021-08-10 12:16:27,203 [EventQueue-DeleteBlockStatusForDeletedBlockLogImpl] DEBUG block.DeletedBlockLogImpl (DeletedBlockLogImpl.java:isTransactionFailed(278)) - Got block deletion ACK from datanode, TXIDs=36, success=true
2021-08-10 12:16:27,203 [EventQueue-DeleteBlockStatusForDeletedBlockLogImpl] DEBUG block.DeletedBlockLogImpl (DeletedBlockLogImpl.java:commitTransactions(256)) - Datanode txId=36 containerId=#36 committed by dnId=01235482-5c07-4b37-86e9-3192ec4df84f
2021-08-10 12:16:27,203 [EventQueue-DeleteBlockStatusForDeletedBlockLogImpl] DEBUG block.DeletedBlockLogImpl (DeletedBlockLogImpl.java:isTransactionFailed(278)) - Got block deletion ACK from datanode, TXIDs=37, success=true
2021-08-10 12:16:27,203 [EventQueue-DeleteBlockStatusForDeletedBlockLogImpl] DEBUG block.DeletedBlockLogImpl (DeletedBlockLogImpl.java:commitTransactions(256)) - Datanode txId=37 containerId=#37 committed by dnId=01235482-5c07-4b37-86e9-3192ec4df84f
2021-08-10 12:16:27,203 [EventQueue-DeleteBlockStatusForDeletedBlockLogImpl] DEBUG block.DeletedBlockLogImpl (DeletedBlockLogImpl.java:isTransactionFailed(278)) - Got block deletion ACK from datanode, TXIDs=38, success=true
2021-08-10 12:16:27,203 [EventQueue-DeleteBlockStatusForDeletedBlockLogImpl] DEBUG block.DeletedBlockLogImpl (DeletedBlockLogImpl.java:commitTransactions(256)) - Datanode txId=38 containerId=#38 committed by dnId=01235482-5c07-4b37-86e9-3192ec4df84f
2021-08-10 12:16:27,203 [EventQueue-DeleteBlockStatusForDeletedBlockLogImpl] DEBUG block.DeletedBlockLogImpl (DeletedBlockLogImpl.java:isTransactionFailed(278)) - Got block deletion ACK from datanode, TXIDs=39, success=true
2021-08-10 12:16:27,203 [EventQueue-DeleteBlockStatusForDeletedBlockLogImpl] DEBUG block.DeletedBlockLogImpl (DeletedBlockLogImpl.java:commitTransactions(256)) - Datanode txId=39 containerId=#39 committed by dnId=01235482-5c07-4b37-86e9-3192ec4df84f
2021-08-10 12:16:27,203 [EventQueue-DeleteBlockStatusForDeletedBlockLogImpl] DEBUG block.DeletedBlockLogImpl (DeletedBlockLogImpl.java:isTransactionFailed(278)) - Got block deletion ACK from datanode, TXIDs=40, success=true
2021-08-10 12:16:27,203 [EventQueue-DeleteBlockStatusForDeletedBlockLogImpl] DEBUG block.DeletedBlockLogImpl (DeletedBlockLogImpl.java:commitTransactions(256)) - Datanode txId=40 containerId=#40 committed by dnId=01235482-5c07-4b37-86e9-3192ec4df84f
2021-08-10 12:16:27,203 [EventQueue-DeleteBlockStatusForDeletedBlockLogImpl] DEBUG block.DeletedBlockLogImpl (DeletedBlockLogImpl.java:isTransactionFailed(278)) - Got block deletion ACK from datanode, TXIDs=41, success=true
2021-08-10 12:16:27,203 [EventQueue-DeleteBlockStatusForDeletedBlockLogImpl] DEBUG block.DeletedBlockLogImpl (DeletedBlockLogImpl.java:commitTransactions(256)) - Datanode txId=41 containerId=#41 committed by dnId=01235482-5c07-4b37-86e9-3192ec4df84f
2021-08-10 12:16:27,203 [EventQueue-DeleteBlockStatusForDeletedBlockLogImpl] DEBUG block.DeletedBlockLogImpl (DeletedBlockLogImpl.java:isTransactionFailed(278)) - Got block deletion ACK from datanode, TXIDs=42, success=true
2021-08-10 12:16:27,203 [EventQueue-DeleteBlockStatusForDeletedBlockLogImpl] DEBUG block.DeletedBlockLogImpl (DeletedBlockLogImpl.java:commitTransactions(256)) - Datanode txId=42 containerId=#42 committed by dnId=01235482-5c07-4b37-86e9-3192ec4df84f
2021-08-10 12:16:27,203 [EventQueue-DeleteBlockStatusForDeletedBlockLogImpl] DEBUG block.DeletedBlockLogImpl (DeletedBlockLogImpl.java:isTransactionFailed(278)) - Got block deletion ACK from datanode, TXIDs=43, success=true
2021-08-10 12:16:27,203 [EventQueue-DeleteBlockStatusForDeletedBlockLogImpl] DEBUG block.DeletedBlockLogImpl (DeletedBlockLogImpl.java:commitTransactions(256)) - Datanode txId=43 containerId=#43 committed by dnId=01235482-5c07-4b37-86e9-3192ec4df84f
2021-08-10 12:16:27,203 [EventQueue-DeleteBlockStatusForDeletedBlockLogImpl] DEBUG block.DeletedBlockLogImpl (DeletedBlockLogImpl.java:isTransactionFailed(278)) - Got block deletion ACK from datanode, TXIDs=44, success=true
2021-08-10 12:16:27,203 [EventQueue-DeleteBlockStatusForDeletedBlockLogImpl] DEBUG block.DeletedBlockLogImpl (DeletedBlockLogImpl.java:commitTransactions(256)) - Datanode txId=44 containerId=#44 committed by dnId=01235482-5c07-4b37-86e9-3192ec4df84f
2021-08-10 12:16:27,203 [EventQueue-DeleteBlockStatusForDeletedBlockLogImpl] DEBUG block.DeletedBlockLogImpl (DeletedBlockLogImpl.java:isTransactionFailed(278)) - Got block deletion ACK from datanode, TXIDs=45, success=true
2021-08-10 12:16:27,203 [EventQueue-DeleteBlockStatusForDeletedBlockLogImpl] DEBUG block.DeletedBlockLogImpl (DeletedBlockLogImpl.java:commitTransactions(256)) - Datanode txId=45 containerId=#45 committed by dnId=01235482-5c07-4b37-86e9-3192ec4df84f
2021-08-10 12:16:27,204 [EventQueue-DeleteBlockStatusForDeletedBlockLogImpl] DEBUG block.DeletedBlockLogImpl (DeletedBlockLogImpl.java:isTransactionFailed(278)) - Got block deletion ACK from datanode, TXIDs=46, success=true
2021-08-10 12:16:27,204 [EventQueue-DeleteBlockStatusForDeletedBlockLogImpl] DEBUG block.DeletedBlockLogImpl (DeletedBlockLogImpl.java:commitTransactions(256)) - Datanode txId=46 containerId=#46 committed by dnId=01235482-5c07-4b37-86e9-3192ec4df84f
2021-08-10 12:16:27,204 [EventQueue-DeleteBlockStatusForDeletedBlockLogImpl] DEBUG block.DeletedBlockLogImpl (DeletedBlockLogImpl.java:isTransactionFailed(278)) - Got block deletion ACK from datanode, TXIDs=47, success=true
2021-08-10 12:16:27,204 [EventQueue-DeleteBlockStatusForDeletedBlockLogImpl] DEBUG block.DeletedBlockLogImpl (DeletedBlockLogImpl.java:commitTransactions(256)) - Datanode txId=47 containerId=#47 committed by dnId=01235482-5c07-4b37-86e9-3192ec4df84f
2021-08-10 12:16:27,204 [EventQueue-DeleteBlockStatusForDeletedBlockLogImpl] DEBUG block.DeletedBlockLogImpl (DeletedBlockLogImpl.java:isTransactionFailed(278)) - Got block deletion ACK from datanode, TXIDs=48, success=true
2021-08-10 12:16:27,204 [EventQueue-DeleteBlockStatusForDeletedBlockLogImpl] DEBUG block.DeletedBlockLogImpl (DeletedBlockLogImpl.java:commitTransactions(256)) - Datanode txId=48 containerId=#48 committed by dnId=01235482-5c07-4b37-86e9-3192ec4df84f
2021-08-10 12:16:27,204 [EventQueue-DeleteBlockStatusForDeletedBlockLogImpl] DEBUG block.DeletedBlockLogImpl (DeletedBlockLogImpl.java:isTransactionFailed(278)) - Got block deletion ACK from datanode, TXIDs=49, success=true
2021-08-10 12:16:27,204 [EventQueue-DeleteBlockStatusForDeletedBlockLogImpl] DEBUG block.DeletedBlockLogImpl (DeletedBlockLogImpl.java:commitTransactions(256)) - Datanode txId=49 containerId=#49 committed by dnId=01235482-5c07-4b37-86e9-3192ec4df84f
2021-08-10 12:16:27,204 [EventQueue-DeleteBlockStatusForDeletedBlockLogImpl] DEBUG block.DeletedBlockLogImpl (DeletedBlockLogImpl.java:isTransactionFailed(278)) - Got block deletion ACK from datanode, TXIDs=50, success=true
2021-08-10 12:16:27,204 [EventQueue-DeleteBlockStatusForDeletedBlockLogImpl] DEBUG block.DeletedBlockLogImpl (DeletedBlockLogImpl.java:commitTransactions(256)) - Datanode txId=50 containerId=#50 committed by dnId=01235482-5c07-4b37-86e9-3192ec4df84f
2021-08-10 12:16:27,204 [EventQueue-DeleteBlockStatusForDeletedBlockLogImpl] DEBUG block.DeletedBlockLogImpl (DeletedBlockLogImpl.java:isTransactionFailed(278)) - Got block deletion ACK from datanode, TXIDs=51, success=true
2021-08-10 12:16:27,204 [EventQueue-DeleteBlockStatusForDeletedBlockLogImpl] DEBUG block.DeletedBlockLogImpl (DeletedBlockLogImpl.java:commitTransactions(256)) - Datanode txId=51 containerId=#51 committed by dnId=01235482-5c07-4b37-86e9-3192ec4df84f
2021-08-10 12:16:27,204 [EventQueue-DeleteBlockStatusForDeletedBlockLogImpl] DEBUG block.DeletedBlockLogImpl (DeletedBlockLogImpl.java:isTransactionFailed(278)) - Got block deletion ACK from datanode, TXIDs=52, success=true
2021-08-10 12:16:27,204 [EventQueue-DeleteBlockStatusForDeletedBlockLogImpl] DEBUG block.DeletedBlockLogImpl (DeletedBlockLogImpl.java:commitTransactions(256)) - Datanode txId=52 containerId=#52 committed by dnId=01235482-5c07-4b37-86e9-3192ec4df84f
2021-08-10 12:16:27,204 [EventQueue-DeleteBlockStatusForDeletedBlockLogImpl] DEBUG block.DeletedBlockLogImpl (DeletedBlockLogImpl.java:isTransactionFailed(278)) - Got block deletion ACK from datanode, TXIDs=53, success=true
2021-08-10 12:16:27,204 [EventQueue-DeleteBlockStatusForDeletedBlockLogImpl] DEBUG block.DeletedBlockLogImpl (DeletedBlockLogImpl.java:commitTransactions(256)) - Datanode txId=53 containerId=#53 committed by dnId=01235482-5c07-4b37-86e9-3192ec4df84f
2021-08-10 12:16:27,204 [EventQueue-DeleteBlockStatusForDeletedBlockLogImpl] DEBUG block.DeletedBlockLogImpl (DeletedBlockLogImpl.java:isTransactionFailed(278)) - Got block deletion ACK from datanode, TXIDs=54, success=true
2021-08-10 12:16:27,204 [EventQueue-DeleteBlockStatusForDeletedBlockLogImpl] DEBUG block.DeletedBlockLogImpl (DeletedBlockLogImpl.java:commitTransactions(256)) - Datanode txId=54 containerId=#54 committed by dnId=01235482-5c07-4b37-86e9-3192ec4df84f
2021-08-10 12:16:27,204 [EventQueue-DeleteBlockStatusForDeletedBlockLogImpl] DEBUG block.DeletedBlockLogImpl (DeletedBlockLogImpl.java:isTransactionFailed(278)) - Got block deletion ACK from datanode, TXIDs=55, success=true
2021-08-10 12:16:27,204 [EventQueue-DeleteBlockStatusForDeletedBlockLogImpl] DEBUG block.DeletedBlockLogImpl (DeletedBlockLogImpl.java:commitTransactions(256)) - Datanode txId=55 containerId=#55 committed by dnId=01235482-5c07-4b37-86e9-3192ec4df84f
2021-08-10 12:16:27,204 [EventQueue-DeleteBlockStatusForDeletedBlockLogImpl] DEBUG block.DeletedBlockLogImpl (DeletedBlockLogImpl.java:isTransactionFailed(278)) - Got block deletion ACK from datanode, TXIDs=56, success=true
2021-08-10 12:16:27,204 [EventQueue-DeleteBlockStatusForDeletedBlockLogImpl] DEBUG block.DeletedBlockLogImpl (DeletedBlockLogImpl.java:commitTransactions(256)) - Datanode txId=56 containerId=#56 committed by dnId=01235482-5c07-4b37-86e9-3192ec4df84f
2021-08-10 12:16:27,204 [EventQueue-DeleteBlockStatusForDeletedBlockLogImpl] DEBUG block.DeletedBlockLogImpl (DeletedBlockLogImpl.java:isTransactionFailed(278)) - Got block deletion ACK from datanode, TXIDs=1, success=true
2021-08-10 12:16:27,204 [EventQueue-DeleteBlockStatusForDeletedBlockLogImpl] DEBUG block.DeletedBlockLogImpl (DeletedBlockLogImpl.java:commitTransactions(224)) - Transaction txId=1 commit by dnId=01235482-5c07-4b37-86e9-3192ec4df84f for containerID=#1 failed. Corresponding entry not found.
2021-08-10 12:16:27,204 [EventQueue-DeleteBlockStatusForDeletedBlockLogImpl] DEBUG block.DeletedBlockLogImpl (DeletedBlockLogImpl.java:isTransactionFailed(278)) - Got block deletion ACK from datanode, TXIDs=1, success=true
2021-08-10 12:16:27,204 [EventQueue-DeleteBlockStatusForDeletedBlockLogImpl] DEBUG block.DeletedBlockLogImpl (DeletedBlockLogImpl.java:commitTransactions(224)) - Transaction txId=1 commit by dnId=01235482-5c07-4b37-86e9-3192ec4df84f for containerID=#1 failed. Corresponding entry not found.
2021-08-10 12:16:27,204 [EventQueue-DeleteBlockStatusForDeletedBlockLogImpl] DEBUG block.DeletedBlockLogImpl (DeletedBlockLogImpl.java:isTransactionFailed(278)) - Got block deletion ACK from datanode, TXIDs=2, success=true
2021-08-10 12:16:27,204 [EventQueue-DeleteBlockStatusForDeletedBlockLogImpl] DEBUG block.DeletedBlockLogImpl (DeletedBlockLogImpl.java:commitTransactions(224)) - Transaction txId=2 commit by dnId=01235482-5c07-4b37-86e9-3192ec4df84f for containerID=#2 failed. Corresponding entry not found.
2021-08-10 12:16:27,204 [EventQueue-DeleteBlockStatusForDeletedBlockLogImpl] DEBUG block.DeletedBlockLogImpl (DeletedBlockLogImpl.java:isTransactionFailed(278)) - Got block deletion ACK from datanode, TXIDs=3, success=true
2021-08-10 12:16:27,204 [EventQueue-DeleteBlockStatusForDeletedBlockLogImpl] DEBUG block.DeletedBlockLogImpl (DeletedBlockLogImpl.java:commitTransactions(224)) - Transaction txId=3 commit by dnId=01235482-5c07-4b37-86e9-3192ec4df84f for containerID=#3 failed. Corresponding entry not found.
2021-08-10 12:16:27,204 [EventQueue-DeleteBlockStatusForDeletedBlockLogImpl] DEBUG block.DeletedBlockLogImpl (DeletedBlockLogImpl.java:isTransactionFailed(278)) - Got block deletion ACK from datanode, TXIDs=4, success=true
2021-08-10 12:16:27,204 [EventQueue-DeleteBlockStatusForDeletedBlockLogImpl] DEBUG block.DeletedBlockLogImpl (DeletedBlockLogImpl.java:commitTransactions(224)) - Transaction txId=4 commit by dnId=01235482-5c07-4b37-86e9-3192ec4df84f for containerID=#4 failed. Corresponding entry not found.
2021-08-10 12:16:27,204 [EventQueue-DeleteBlockStatusForDeletedBlockLogImpl] DEBUG block.DeletedBlockLogImpl (DeletedBlockLogImpl.java:isTransactionFailed(278)) - Got block deletion ACK from datanode, TXIDs=5, success=true
2021-08-10 12:16:27,204 [EventQueue-DeleteBlockStatusForDeletedBlockLogImpl] DEBUG block.DeletedBlockLogImpl (DeletedBlockLogImpl.java:commitTransactions(224)) - Transaction txId=5 commit by dnId=01235482-5c07-4b37-86e9-3192ec4df84f for containerID=#5 failed. Corresponding entry not found.
2021-08-10 12:16:27,204 [EventQueue-DeleteBlockStatusForDeletedBlockLogImpl] DEBUG block.DeletedBlockLogImpl (DeletedBlockLogImpl.java:isTransactionFailed(278)) - Got block deletion ACK from datanode, TXIDs=6, success=true
2021-08-10 12:16:27,204 [EventQueue-DeleteBlockStatusForDeletedBlockLogImpl] DEBUG block.DeletedBlockLogImpl (DeletedBlockLogImpl.java:commitTransactions(224)) - Transaction txId=6 commit by dnId=01235482-5c07-4b37-86e9-3192ec4df84f for containerID=#6 failed. Corresponding entry not found.
2021-08-10 12:16:27,204 [EventQueue-DeleteBlockStatusForDeletedBlockLogImpl] DEBUG block.DeletedBlockLogImpl (DeletedBlockLogImpl.java:isTransactionFailed(278)) - Got block deletion ACK from datanode, TXIDs=7, success=true
2021-08-10 12:16:27,204 [EventQueue-DeleteBlockStatusForDeletedBlockLogImpl] DEBUG block.DeletedBlockLogImpl (DeletedBlockLogImpl.java:commitTransactions(224)) - Transaction txId=7 commit by dnId=01235482-5c07-4b37-86e9-3192ec4df84f for containerID=#7 failed. Corresponding entry not found.
2021-08-10 12:16:27,204 [EventQueue-DeleteBlockStatusForDeletedBlockLogImpl] DEBUG block.DeletedBlockLogImpl (DeletedBlockLogImpl.java:isTransactionFailed(278)) - Got block deletion ACK from datanode, TXIDs=8, success=true
2021-08-10 12:16:27,204 [EventQueue-DeleteBlockStatusForDeletedBlockLogImpl] DEBUG block.DeletedBlockLogImpl (DeletedBlockLogImpl.java:commitTransactions(224)) - Transaction txId=8 commit by dnId=01235482-5c07-4b37-86e9-3192ec4df84f for containerID=#8 failed. Corresponding entry not found.
2021-08-10 12:16:27,204 [EventQueue-DeleteBlockStatusForDeletedBlockLogImpl] DEBUG block.DeletedBlockLogImpl (DeletedBlockLogImpl.java:isTransactionFailed(278)) - Got block deletion ACK from datanode, TXIDs=9, success=true
2021-08-10 12:16:27,204 [EventQueue-DeleteBlockStatusForDeletedBlockLogImpl] DEBUG block.DeletedBlockLogImpl (DeletedBlockLogImpl.java:commitTransactions(224)) - Transaction txId=9 commit by dnId=01235482-5c07-4b37-86e9-3192ec4df84f for containerID=#9 failed. Corresponding entry not found.
2021-08-10 12:16:27,204 [EventQueue-DeleteBlockStatusForDeletedBlockLogImpl] DEBUG block.DeletedBlockLogImpl (DeletedBlockLogImpl.java:isTransactionFailed(278)) - Got block deletion ACK from datanode, TXIDs=10, success=true
2021-08-10 12:16:27,204 [EventQueue-DeleteBlockStatusForDeletedBlockLogImpl] DEBUG block.DeletedBlockLogImpl (DeletedBlockLogImpl.java:commitTransactions(256)) - Datanode txId=10 containerId=#10 committed by dnId=01235482-5c07-4b37-86e9-3192ec4df84f
2021-08-10 12:16:27,204 [EventQueue-DeleteBlockStatusForDeletedBlockLogImpl] DEBUG block.DeletedBlockLogImpl (DeletedBlockLogImpl.java:isTransactionFailed(278)) - Got block deletion ACK from datanode, TXIDs=11, success=true
2021-08-10 12:16:27,204 [EventQueue-DeleteBlockStatusForDeletedBlockLogImpl] DEBUG block.DeletedBlockLogImpl (DeletedBlockLogImpl.java:commitTransactions(256)) - Datanode txId=11 containerId=#11 committed by dnId=01235482-5c07-4b37-86e9-3192ec4df84f
2021-08-10 12:16:27,204 [EventQueue-DeleteBlockStatusForDeletedBlockLogImpl] DEBUG block.DeletedBlockLogImpl (DeletedBlockLogImpl.java:isTransactionFailed(278)) - Got block deletion ACK from datanode, TXIDs=12, success=true
2021-08-10 12:16:27,204 [EventQueue-DeleteBlockStatusForDeletedBlockLogImpl] DEBUG block.DeletedBlockLogImpl (DeletedBlockLogImpl.java:commitTransactions(256)) - Datanode txId=12 containerId=#12 committed by dnId=01235482-5c07-4b37-86e9-3192ec4df84f
2021-08-10 12:16:27,204 [EventQueue-DeleteBlockStatusForDeletedBlockLogImpl] DEBUG block.DeletedBlockLogImpl (DeletedBlockLogImpl.java:isTransactionFailed(278)) - Got block deletion ACK from datanode, TXIDs=13, success=true
2021-08-10 12:16:27,204 [EventQueue-DeleteBlockStatusForDeletedBlockLogImpl] DEBUG block.DeletedBlockLogImpl (DeletedBlockLogImpl.java:commitTransactions(256)) - Datanode txId=13 containerId=#13 committed by dnId=01235482-5c07-4b37-86e9-3192ec4df84f
2021-08-10 12:16:27,204 [EventQueue-DeleteBlockStatusForDeletedBlockLogImpl] DEBUG block.DeletedBlockLogImpl (DeletedBlockLogImpl.java:isTransactionFailed(278)) - Got block deletion ACK from datanode, TXIDs=14, success=true
2021-08-10 12:16:27,205 [EventQueue-DeleteBlockStatusForDeletedBlockLogImpl] DEBUG block.DeletedBlockLogImpl (DeletedBlockLogImpl.java:commitTransactions(256)) - Datanode txId=14 containerId=#14 committed by dnId=01235482-5c07-4b37-86e9-3192ec4df84f
2021-08-10 12:16:27,205 [EventQueue-DeleteBlockStatusForDeletedBlockLogImpl] DEBUG block.DeletedBlockLogImpl (DeletedBlockLogImpl.java:isTransactionFailed(278)) - Got block deletion ACK from datanode, TXIDs=15, success=true
2021-08-10 12:16:27,205 [EventQueue-DeleteBlockStatusForDeletedBlockLogImpl] DEBUG block.DeletedBlockLogImpl (DeletedBlockLogImpl.java:commitTransactions(256)) - Datanode txId=15 containerId=#15 committed by dnId=01235482-5c07-4b37-86e9-3192ec4df84f
2021-08-10 12:16:27,205 [EventQueue-DeleteBlockStatusForDeletedBlockLogImpl] DEBUG block.DeletedBlockLogImpl (DeletedBlockLogImpl.java:isTransactionFailed(278)) - Got block deletion ACK from datanode, TXIDs=16, success=true
2021-08-10 12:16:27,205 [EventQueue-DeleteBlockStatusForDeletedBlockLogImpl] DEBUG block.DeletedBlockLogImpl (DeletedBlockLogImpl.java:commitTransactions(256)) - Datanode txId=16 containerId=#16 committed by dnId=01235482-5c07-4b37-86e9-3192ec4df84f
2021-08-10 12:16:27,205 [EventQueue-DeleteBlockStatusForDeletedBlockLogImpl] DEBUG block.DeletedBlockLogImpl (DeletedBlockLogImpl.java:isTransactionFailed(278)) - Got block deletion ACK from datanode, TXIDs=17, success=true
2021-08-10 12:16:27,205 [EventQueue-DeleteBlockStatusForDeletedBlockLogImpl] DEBUG block.DeletedBlockLogImpl (DeletedBlockLogImpl.java:commitTransactions(256)) - Datanode txId=17 containerId=#17 committed by dnId=01235482-5c07-4b37-86e9-3192ec4df84f
2021-08-10 12:16:27,205 [EventQueue-DeleteBlockStatusForDeletedBlockLogImpl] DEBUG block.DeletedBlockLogImpl (DeletedBlockLogImpl.java:isTransactionFailed(278)) - Got block deletion ACK from datanode, TXIDs=18, success=true
2021-08-10 12:16:27,205 [EventQueue-DeleteBlockStatusForDeletedBlockLogImpl] DEBUG block.DeletedBlockLogImpl (DeletedBlockLogImpl.java:commitTransactions(256)) - Datanode txId=18 containerId=#18 committed by dnId=01235482-5c07-4b37-86e9-3192ec4df84f
2021-08-10 12:16:27,205 [EventQueue-DeleteBlockStatusForDeletedBlockLogImpl] DEBUG block.DeletedBlockLogImpl (DeletedBlockLogImpl.java:isTransactionFailed(278)) - Got block deletion ACK from datanode, TXIDs=19, success=true
2021-08-10 12:16:27,205 [EventQueue-DeleteBlockStatusForDeletedBlockLogImpl] DEBUG block.DeletedBlockLogImpl (DeletedBlockLogImpl.java:commitTransactions(256)) - Datanode txId=19 containerId=#19 committed by dnId=01235482-5c07-4b37-86e9-3192ec4df84f
2021-08-10 12:16:27,205 [EventQueue-DeleteBlockStatusForDeletedBlockLogImpl] DEBUG block.DeletedBlockLogImpl (DeletedBlockLogImpl.java:isTransactionFailed(278)) - Got block deletion ACK from datanode, TXIDs=20, success=true
2021-08-10 12:16:27,205 [EventQueue-DeleteBlockStatusForDeletedBlockLogImpl] DEBUG block.DeletedBlockLogImpl (DeletedBlockLogImpl.java:commitTransactions(256)) - Datanode txId=20 containerId=#20 committed by dnId=01235482-5c07-4b37-86e9-3192ec4df84f
2021-08-10 12:16:27,205 [EventQueue-DeleteBlockStatusForDeletedBlockLogImpl] DEBUG block.DeletedBlockLogImpl (DeletedBlockLogImpl.java:isTransactionFailed(278)) - Got block deletion ACK from datanode, TXIDs=21, success=true
2021-08-10 12:16:27,205 [EventQueue-DeleteBlockStatusForDeletedBlockLogImpl] DEBUG block.DeletedBlockLogImpl (DeletedBlockLogImpl.java:commitTransactions(256)) - Datanode txId=21 containerId=#21 committed by dnId=01235482-5c07-4b37-86e9-3192ec4df84f
2021-08-10 12:16:27,205 [EventQueue-DeleteBlockStatusForDeletedBlockLogImpl] DEBUG block.DeletedBlockLogImpl (DeletedBlockLogImpl.java:isTransactionFailed(278)) - Got block deletion ACK from datanode, TXIDs=22, success=true
2021-08-10 12:16:27,205 [EventQueue-DeleteBlockStatusForDeletedBlockLogImpl] DEBUG block.DeletedBlockLogImpl (DeletedBlockLogImpl.java:commitTransactions(256)) - Datanode txId=22 containerId=#22 committed by dnId=01235482-5c07-4b37-86e9-3192ec4df84f
2021-08-10 12:16:27,205 [EventQueue-DeleteBlockStatusForDeletedBlockLogImpl] DEBUG block.DeletedBlockLogImpl (DeletedBlockLogImpl.java:isTransactionFailed(278)) - Got block deletion ACK from datanode, TXIDs=23, success=true
2021-08-10 12:16:27,205 [EventQueue-DeleteBlockStatusForDeletedBlockLogImpl] DEBUG block.DeletedBlockLogImpl (DeletedBlockLogImpl.java:commitTransactions(256)) - Datanode txId=23 containerId=#23 committed by dnId=01235482-5c07-4b37-86e9-3192ec4df84f
2021-08-10 12:16:27,205 [EventQueue-DeleteBlockStatusForDeletedBlockLogImpl] DEBUG block.DeletedBlockLogImpl (DeletedBlockLogImpl.java:isTransactionFailed(278)) - Got block deletion ACK from datanode, TXIDs=24, success=true
2021-08-10 12:16:27,205 [EventQueue-DeleteBlockStatusForDeletedBlockLogImpl] DEBUG block.DeletedBlockLogImpl (DeletedBlockLogImpl.java:commitTransactions(256)) - Datanode txId=24 containerId=#24 committed by dnId=01235482-5c07-4b37-86e9-3192ec4df84f
2021-08-10 12:16:27,205 [EventQueue-DeleteBlockStatusForDeletedBlockLogImpl] DEBUG block.DeletedBlockLogImpl (DeletedBlockLogImpl.java:isTransactionFailed(278)) - Got block deletion ACK from datanode, TXIDs=25, success=true
2021-08-10 12:16:27,205 [EventQueue-DeleteBlockStatusForDeletedBlockLogImpl] DEBUG block.DeletedBlockLogImpl (DeletedBlockLogImpl.java:commitTransactions(256)) - Datanode txId=25 containerId=#25 committed by dnId=01235482-5c07-4b37-86e9-3192ec4df84f
2021-08-10 12:16:27,205 [EventQueue-DeleteBlockStatusForDeletedBlockLogImpl] DEBUG block.DeletedBlockLogImpl (DeletedBlockLogImpl.java:isTransactionFailed(278)) - Got block deletion ACK from datanode, TXIDs=26, success=true
2021-08-10 12:16:27,205 [EventQueue-DeleteBlockStatusForDeletedBlockLogImpl] DEBUG block.DeletedBlockLogImpl (DeletedBlockLogImpl.java:commitTransactions(256)) - Datanode txId=26 containerId=#26 committed by dnId=01235482-5c07-4b37-86e9-3192ec4df84f
2021-08-10 12:16:27,205 [EventQueue-DeleteBlockStatusForDeletedBlockLogImpl] DEBUG block.DeletedBlockLogImpl (DeletedBlockLogImpl.java:isTransactionFailed(278)) - Got block deletion ACK from datanode, TXIDs=27, success=true
2021-08-10 12:16:27,205 [EventQueue-DeleteBlockStatusForDeletedBlockLogImpl] DEBUG block.DeletedBlockLogImpl (DeletedBlockLogImpl.java:commitTransactions(256)) - Datanode txId=27 containerId=#27 committed by dnId=01235482-5c07-4b37-86e9-3192ec4df84f
2021-08-10 12:16:27,205 [EventQueue-DeleteBlockStatusForDeletedBlockLogImpl] DEBUG block.DeletedBlockLogImpl (DeletedBlockLogImpl.java:isTransactionFailed(278)) - Got block deletion ACK from datanode, TXIDs=28, success=true
2021-08-10 12:16:27,205 [EventQueue-DeleteBlockStatusForDeletedBlockLogImpl] DEBUG block.DeletedBlockLogImpl (DeletedBlockLogImpl.java:commitTransactions(256)) - Datanode txId=28 containerId=#28 committed by dnId=01235482-5c07-4b37-86e9-3192ec4df84f
2021-08-10 12:16:27,205 [EventQueue-DeleteBlockStatusForDeletedBlockLogImpl] DEBUG block.DeletedBlockLogImpl (DeletedBlockLogImpl.java:isTransactionFailed(278)) - Got block deletion ACK from datanode, TXIDs=29, success=true
2021-08-10 12:16:27,205 [EventQueue-DeleteBlockStatusForDeletedBlockLogImpl] DEBUG block.DeletedBlockLogImpl (DeletedBlockLogImpl.java:commitTransactions(256)) - Datanode txId=29 containerId=#29 committed by dnId=01235482-5c07-4b37-86e9-3192ec4df84f
2021-08-10 12:16:27,205 [EventQueue-DeleteBlockStatusForDeletedBlockLogImpl] DEBUG block.DeletedBlockLogImpl (DeletedBlockLogImpl.java:isTransactionFailed(278)) - Got block deletion ACK from datanode, TXIDs=30, success=true
2021-08-10 12:16:27,205 [EventQueue-DeleteBlockStatusForDeletedBlockLogImpl] DEBUG block.DeletedBlockLogImpl (DeletedBlockLogImpl.java:commitTransactions(256)) - Datanode txId=30 containerId=#30 committed by dnId=01235482-5c07-4b37-86e9-3192ec4df84f
2021-08-10 12:16:27,205 [EventQueue-DeleteBlockStatusForDeletedBlockLogImpl] DEBUG block.DeletedBlockLogImpl (DeletedBlockLogImpl.java:isTransactionFailed(278)) - Got block deletion ACK from datanode, TXIDs=31, success=true
2021-08-10 12:16:27,205 [EventQueue-DeleteBlockStatusForDeletedBlockLogImpl] DEBUG block.DeletedBlockLogImpl (DeletedBlockLogImpl.java:commitTransactions(256)) - Datanode txId=31 containerId=#31 committed by dnId=01235482-5c07-4b37-86e9-3192ec4df84f
2021-08-10 12:16:27,205 [EventQueue-DeleteBlockStatusForDeletedBlockLogImpl] DEBUG block.DeletedBlockLogImpl (DeletedBlockLogImpl.java:isTransactionFailed(278)) - Got block deletion ACK from datanode, TXIDs=32, success=true
2021-08-10 12:16:27,205 [EventQueue-DeleteBlockStatusForDeletedBlockLogImpl] DEBUG block.DeletedBlockLogImpl (DeletedBlockLogImpl.java:commitTransactions(256)) - Datanode txId=32 containerId=#32 committed by dnId=01235482-5c07-4b37-86e9-3192ec4df84f
2021-08-10 12:16:27,205 [EventQueue-DeleteBlockStatusForDeletedBlockLogImpl] DEBUG block.DeletedBlockLogImpl (DeletedBlockLogImpl.java:isTransactionFailed(278)) - Got block deletion ACK from datanode, TXIDs=33, success=true
2021-08-10 12:16:27,205 [EventQueue-DeleteBlockStatusForDeletedBlockLogImpl] DEBUG block.DeletedBlockLogImpl (DeletedBlockLogImpl.java:commitTransactions(256)) - Datanode txId=33 containerId=#33 committed by dnId=01235482-5c07-4b37-86e9-3192ec4df84f
2021-08-10 12:16:27,205 [EventQueue-DeleteBlockStatusForDeletedBlockLogImpl] DEBUG block.DeletedBlockLogImpl (DeletedBlockLogImpl.java:isTransactionFailed(278)) - Got block deletion ACK from datanode, TXIDs=34, success=true
2021-08-10 12:16:27,205 [EventQueue-DeleteBlockStatusForDeletedBlockLogImpl] DEBUG block.DeletedBlockLogImpl (DeletedBlockLogImpl.java:commitTransactions(256)) - Datanode txId=34 containerId=#34 committed by dnId=01235482-5c07-4b37-86e9-3192ec4df84f
2021-08-10 12:16:27,205 [EventQueue-DeleteBlockStatusForDeletedBlockLogImpl] DEBUG block.DeletedBlockLogImpl (DeletedBlockLogImpl.java:isTransactionFailed(278)) - Got block deletion ACK from datanode, TXIDs=35, success=true
2021-08-10 12:16:27,205 [EventQueue-DeleteBlockStatusForDeletedBlockLogImpl] DEBUG block.DeletedBlockLogImpl (DeletedBlockLogImpl.java:commitTransactions(256)) - Datanode txId=35 containerId=#35 committed by dnId=01235482-5c07-4b37-86e9-3192ec4df84f
2021-08-10 12:16:27,205 [EventQueue-DeleteBlockStatusForDeletedBlockLogImpl] DEBUG block.DeletedBlockLogImpl (DeletedBlockLogImpl.java:isTransactionFailed(278)) - Got block deletion ACK from datanode, TXIDs=36, success=true
2021-08-10 12:16:27,205 [EventQueue-DeleteBlockStatusForDeletedBlockLogImpl] DEBUG block.DeletedBlockLogImpl (DeletedBlockLogImpl.java:commitTransactions(256)) - Datanode txId=36 containerId=#36 committed by dnId=01235482-5c07-4b37-86e9-3192ec4df84f
2021-08-10 12:16:27,205 [EventQueue-DeleteBlockStatusForDeletedBlockLogImpl] DEBUG block.DeletedBlockLogImpl (DeletedBlockLogImpl.java:isTransactionFailed(278)) - Got block deletion ACK from datanode, TXIDs=37, success=true
2021-08-10 12:16:27,205 [EventQueue-DeleteBlockStatusForDeletedBlockLogImpl] DEBUG block.DeletedBlockLogImpl (DeletedBlockLogImpl.java:commitTransactions(256)) - Datanode txId=37 containerId=#37 committed by dnId=01235482-5c07-4b37-86e9-3192ec4df84f
2021-08-10 12:16:27,205 [EventQueue-DeleteBlockStatusForDeletedBlockLogImpl] DEBUG block.DeletedBlockLogImpl (DeletedBlockLogImpl.java:isTransactionFailed(278)) - Got block deletion ACK from datanode, TXIDs=38, success=true
2021-08-10 12:16:27,205 [EventQueue-DeleteBlockStatusForDeletedBlockLogImpl] DEBUG block.DeletedBlockLogImpl (DeletedBlockLogImpl.java:commitTransactions(256)) - Datanode txId=38 containerId=#38 committed by dnId=01235482-5c07-4b37-86e9-3192ec4df84f
2021-08-10 12:16:27,205 [EventQueue-DeleteBlockStatusForDeletedBlockLogImpl] DEBUG block.DeletedBlockLogImpl (DeletedBlockLogImpl.java:isTransactionFailed(278)) - Got block deletion ACK from datanode, TXIDs=39, success=true
2021-08-10 12:16:27,205 [EventQueue-DeleteBlockStatusForDeletedBlockLogImpl] DEBUG block.DeletedBlockLogImpl (DeletedBlockLogImpl.java:commitTransactions(256)) - Datanode txId=39 containerId=#39 committed by dnId=01235482-5c07-4b37-86e9-3192ec4df84f
2021-08-10 12:16:27,205 [EventQueue-DeleteBlockStatusForDeletedBlockLogImpl] DEBUG block.DeletedBlockLogImpl (DeletedBlockLogImpl.java:isTransactionFailed(278)) - Got block deletion ACK from datanode, TXIDs=40, success=true
2021-08-10 12:16:27,205 [EventQueue-DeleteBlockStatusForDeletedBlockLogImpl] DEBUG block.DeletedBlockLogImpl (DeletedBlockLogImpl.java:commitTransactions(256)) - Datanode txId=40 containerId=#40 committed by dnId=01235482-5c07-4b37-86e9-3192ec4df84f
2021-08-10 12:16:27,206 [EventQueue-DeleteBlockStatusForDeletedBlockLogImpl] DEBUG block.DeletedBlockLogImpl (DeletedBlockLogImpl.java:isTransactionFailed(278)) - Got block deletion ACK from datanode, TXIDs=41, success=true
2021-08-10 12:16:27,206 [EventQueue-DeleteBlockStatusForDeletedBlockLogImpl] DEBUG block.DeletedBlockLogImpl (DeletedBlockLogImpl.java:commitTransactions(256)) - Datanode txId=41 containerId=#41 committed by dnId=01235482-5c07-4b37-86e9-3192ec4df84f
2021-08-10 12:16:27,206 [EventQueue-DeleteBlockStatusForDeletedBlockLogImpl] DEBUG block.DeletedBlockLogImpl (DeletedBlockLogImpl.java:isTransactionFailed(278)) - Got block deletion ACK from datanode, TXIDs=42, success=true
2021-08-10 12:16:27,206 [EventQueue-DeleteBlockStatusForDeletedBlockLogImpl] DEBUG block.DeletedBlockLogImpl (DeletedBlockLogImpl.java:commitTransactions(256)) - Datanode txId=42 containerId=#42 committed by dnId=01235482-5c07-4b37-86e9-3192ec4df84f
2021-08-10 12:16:27,206 [EventQueue-DeleteBlockStatusForDeletedBlockLogImpl] DEBUG block.DeletedBlockLogImpl (DeletedBlockLogImpl.java:isTransactionFailed(278)) - Got block deletion ACK from datanode, TXIDs=43, success=true
2021-08-10 12:16:27,206 [EventQueue-DeleteBlockStatusForDeletedBlockLogImpl] DEBUG block.DeletedBlockLogImpl (DeletedBlockLogImpl.java:commitTransactions(256)) - Datanode txId=43 containerId=#43 committed by dnId=01235482-5c07-4b37-86e9-3192ec4df84f
2021-08-10 12:16:27,206 [EventQueue-DeleteBlockStatusForDeletedBlockLogImpl] DEBUG block.DeletedBlockLogImpl (DeletedBlockLogImpl.java:isTransactionFailed(278)) - Got block deletion ACK from datanode, TXIDs=44, success=true
2021-08-10 12:16:27,206 [EventQueue-DeleteBlockStatusForDeletedBlockLogImpl] DEBUG block.DeletedBlockLogImpl (DeletedBlockLogImpl.java:commitTransactions(256)) - Datanode txId=44 containerId=#44 committed by dnId=01235482-5c07-4b37-86e9-3192ec4df84f
2021-08-10 12:16:27,206 [EventQueue-DeleteBlockStatusForDeletedBlockLogImpl] DEBUG block.DeletedBlockLogImpl (DeletedBlockLogImpl.java:isTransactionFailed(278)) - Got block deletion ACK from datanode, TXIDs=45, success=true
2021-08-10 12:16:27,206 [EventQueue-DeleteBlockStatusForDeletedBlockLogImpl] DEBUG block.DeletedBlockLogImpl (DeletedBlockLogImpl.java:commitTransactions(256)) - Datanode txId=45 containerId=#45 committed by dnId=01235482-5c07-4b37-86e9-3192ec4df84f
2021-08-10 12:16:27,206 [EventQueue-DeleteBlockStatusForDeletedBlockLogImpl] DEBUG block.DeletedBlockLogImpl (DeletedBlockLogImpl.java:isTransactionFailed(278)) - Got block deletion ACK from datanode, TXIDs=46, success=true
2021-08-10 12:16:27,206 [EventQueue-DeleteBlockStatusForDeletedBlockLogImpl] DEBUG block.DeletedBlockLogImpl (DeletedBlockLogImpl.java:commitTransactions(256)) - Datanode txId=46 containerId=#46 committed by dnId=01235482-5c07-4b37-86e9-3192ec4df84f
2021-08-10 12:16:27,206 [EventQueue-DeleteBlockStatusForDeletedBlockLogImpl] DEBUG block.DeletedBlockLogImpl (DeletedBlockLogImpl.java:isTransactionFailed(278)) - Got block deletion ACK from datanode, TXIDs=47, success=true
2021-08-10 12:16:27,206 [EventQueue-DeleteBlockStatusForDeletedBlockLogImpl] DEBUG block.DeletedBlockLogImpl (DeletedBlockLogImpl.java:commitTransactions(256)) - Datanode txId=47 containerId=#47 committed by dnId=01235482-5c07-4b37-86e9-3192ec4df84f
2021-08-10 12:16:27,206 [EventQueue-DeleteBlockStatusForDeletedBlockLogImpl] DEBUG block.DeletedBlockLogImpl (DeletedBlockLogImpl.java:isTransactionFailed(278)) - Got block deletion ACK from datanode, TXIDs=48, success=true
2021-08-10 12:16:27,206 [EventQueue-DeleteBlockStatusForDeletedBlockLogImpl] DEBUG block.DeletedBlockLogImpl (DeletedBlockLogImpl.java:commitTransactions(256)) - Datanode txId=48 containerId=#48 committed by dnId=01235482-5c07-4b37-86e9-3192ec4df84f
2021-08-10 12:16:27,206 [EventQueue-DeleteBlockStatusForDeletedBlockLogImpl] DEBUG block.DeletedBlockLogImpl (DeletedBlockLogImpl.java:isTransactionFailed(278)) - Got block deletion ACK from datanode, TXIDs=49, success=true
2021-08-10 12:16:27,206 [EventQueue-DeleteBlockStatusForDeletedBlockLogImpl] DEBUG block.DeletedBlockLogImpl (DeletedBlockLogImpl.java:commitTransactions(256)) - Datanode txId=49 containerId=#49 committed by dnId=01235482-5c07-4b37-86e9-3192ec4df84f
2021-08-10 12:16:27,206 [EventQueue-DeleteBlockStatusForDeletedBlockLogImpl] DEBUG block.DeletedBlockLogImpl (DeletedBlockLogImpl.java:isTransactionFailed(278)) - Got block deletion ACK from datanode, TXIDs=50, success=true
2021-08-10 12:16:27,206 [EventQueue-DeleteBlockStatusForDeletedBlockLogImpl] DEBUG block.DeletedBlockLogImpl (DeletedBlockLogImpl.java:commitTransactions(256)) - Datanode txId=50 containerId=#50 committed by dnId=01235482-5c07-4b37-86e9-3192ec4df84f
2021-08-10 12:16:27,206 [EventQueue-DeleteBlockStatusForDeletedBlockLogImpl] DEBUG block.DeletedBlockLogImpl (DeletedBlockLogImpl.java:isTransactionFailed(278)) - Got block deletion ACK from datanode, TXIDs=51, success=true
2021-08-10 12:16:27,206 [EventQueue-DeleteBlockStatusForDeletedBlockLogImpl] DEBUG block.DeletedBlockLogImpl (DeletedBlockLogImpl.java:commitTransactions(256)) - Datanode txId=51 containerId=#51 committed by dnId=01235482-5c07-4b37-86e9-3192ec4df84f
2021-08-10 12:16:27,206 [EventQueue-DeleteBlockStatusForDeletedBlockLogImpl] DEBUG block.DeletedBlockLogImpl (DeletedBlockLogImpl.java:isTransactionFailed(278)) - Got block deletion ACK from datanode, TXIDs=52, success=true
2021-08-10 12:16:27,206 [EventQueue-DeleteBlockStatusForDeletedBlockLogImpl] DEBUG block.DeletedBlockLogImpl (DeletedBlockLogImpl.java:commitTransactions(256)) - Datanode txId=52 containerId=#52 committed by dnId=01235482-5c07-4b37-86e9-3192ec4df84f
2021-08-10 12:16:27,206 [EventQueue-DeleteBlockStatusForDeletedBlockLogImpl] DEBUG block.DeletedBlockLogImpl (DeletedBlockLogImpl.java:isTransactionFailed(278)) - Got block deletion ACK from datanode, TXIDs=53, success=true
2021-08-10 12:16:27,206 [EventQueue-DeleteBlockStatusForDeletedBlockLogImpl] DEBUG block.DeletedBlockLogImpl (DeletedBlockLogImpl.java:commitTransactions(256)) - Datanode txId=53 containerId=#53 committed by dnId=01235482-5c07-4b37-86e9-3192ec4df84f
2021-08-10 12:16:27,206 [EventQueue-DeleteBlockStatusForDeletedBlockLogImpl] DEBUG block.DeletedBlockLogImpl (DeletedBlockLogImpl.java:isTransactionFailed(278)) - Got block deletion ACK from datanode, TXIDs=54, success=true
2021-08-10 12:16:27,206 [EventQueue-DeleteBlockStatusForDeletedBlockLogImpl] DEBUG block.DeletedBlockLogImpl (DeletedBlockLogImpl.java:commitTransactions(256)) - Datanode txId=54 containerId=#54 committed by dnId=01235482-5c07-4b37-86e9-3192ec4df84f
2021-08-10 12:16:27,206 [EventQueue-DeleteBlockStatusForDeletedBlockLogImpl] DEBUG block.DeletedBlockLogImpl (DeletedBlockLogImpl.java:isTransactionFailed(278)) - Got block deletion ACK from datanode, TXIDs=55, success=true
2021-08-10 12:16:27,206 [EventQueue-DeleteBlockStatusForDeletedBlockLogImpl] DEBUG block.DeletedBlockLogImpl (DeletedBlockLogImpl.java:commitTransactions(256)) - Datanode txId=55 containerId=#55 committed by dnId=01235482-5c07-4b37-86e9-3192ec4df84f
2021-08-10 12:16:27,206 [EventQueue-DeleteBlockStatusForDeletedBlockLogImpl] DEBUG block.DeletedBlockLogImpl (DeletedBlockLogImpl.java:isTransactionFailed(278)) - Got block deletion ACK from datanode, TXIDs=56, success=true
2021-08-10 12:16:27,219 [EventQueue-DeleteBlockStatusForDeletedBlockLogImpl] DEBUG block.DeletedBlockLogImpl (DeletedBlockLogImpl.java:commitTransactions(256)) - Datanode txId=56 containerId=#56 committed by dnId=01235482-5c07-4b37-86e9-3192ec4df84f
2021-08-10 12:16:27,219 [EventQueue-DeleteBlockStatusForDeletedBlockLogImpl] DEBUG block.DeletedBlockLogImpl (DeletedBlockLogImpl.java:isTransactionFailed(278)) - Got block deletion ACK from datanode, TXIDs=1, success=true
2021-08-10 12:16:27,219 [EventQueue-DeleteBlockStatusForDeletedBlockLogImpl] DEBUG block.DeletedBlockLogImpl (DeletedBlockLogImpl.java:commitTransactions(224)) - Transaction txId=1 commit by dnId=01235482-5c07-4b37-86e9-3192ec4df84f for containerID=#1 failed. Corresponding entry not found.
2021-08-10 12:16:27,219 [EventQueue-DeleteBlockStatusForDeletedBlockLogImpl] DEBUG block.DeletedBlockLogImpl (DeletedBlockLogImpl.java:isTransactionFailed(278)) - Got block deletion ACK from datanode, TXIDs=2, success=true
2021-08-10 12:16:27,219 [EventQueue-DeleteBlockStatusForDeletedBlockLogImpl] DEBUG block.DeletedBlockLogImpl (DeletedBlockLogImpl.java:commitTransactions(224)) - Transaction txId=2 commit by dnId=01235482-5c07-4b37-86e9-3192ec4df84f for containerID=#2 failed. Corresponding entry not found.
2021-08-10 12:16:27,219 [EventQueue-DeleteBlockStatusForDeletedBlockLogImpl] DEBUG block.DeletedBlockLogImpl (DeletedBlockLogImpl.java:isTransactionFailed(278)) - Got block deletion ACK from datanode, TXIDs=3, success=true
2021-08-10 12:16:27,219 [EventQueue-DeleteBlockStatusForDeletedBlockLogImpl] DEBUG block.DeletedBlockLogImpl (DeletedBlockLogImpl.java:commitTransactions(224)) - Transaction txId=3 commit by dnId=01235482-5c07-4b37-86e9-3192ec4df84f for containerID=#3 failed. Corresponding entry not found.
2021-08-10 12:16:27,219 [EventQueue-DeleteBlockStatusForDeletedBlockLogImpl] DEBUG block.DeletedBlockLogImpl (DeletedBlockLogImpl.java:isTransactionFailed(278)) - Got block deletion ACK from datanode, TXIDs=4, success=true
2021-08-10 12:16:27,219 [EventQueue-DeleteBlockStatusForDeletedBlockLogImpl] DEBUG block.DeletedBlockLogImpl (DeletedBlockLogImpl.java:commitTransactions(224)) - Transaction txId=4 commit by dnId=01235482-5c07-4b37-86e9-3192ec4df84f for containerID=#4 failed. Corresponding entry not found.
2021-08-10 12:16:27,219 [EventQueue-DeleteBlockStatusForDeletedBlockLogImpl] DEBUG block.DeletedBlockLogImpl (DeletedBlockLogImpl.java:isTransactionFailed(278)) - Got block deletion ACK from datanode, TXIDs=1, success=true
2021-08-10 12:16:27,219 [EventQueue-DeleteBlockStatusForDeletedBlockLogImpl] DEBUG block.DeletedBlockLogImpl (DeletedBlockLogImpl.java:commitTransactions(224)) - Transaction txId=1 commit by dnId=01235482-5c07-4b37-86e9-3192ec4df84f for containerID=#1 failed. Corresponding entry not found.
2021-08-10 12:16:27,219 [EventQueue-DeleteBlockStatusForDeletedBlockLogImpl] DEBUG block.DeletedBlockLogImpl (DeletedBlockLogImpl.java:isTransactionFailed(278)) - Got block deletion ACK from datanode, TXIDs=2, success=true
2021-08-10 12:16:27,219 [EventQueue-DeleteBlockStatusForDeletedBlockLogImpl] DEBUG block.DeletedBlockLogImpl (DeletedBlockLogImpl.java:commitTransactions(224)) - Transaction txId=2 commit by dnId=01235482-5c07-4b37-86e9-3192ec4df84f for containerID=#2 failed. Corresponding entry not found.
2021-08-10 12:16:27,221 [EventQueue-DeleteBlockStatusForDeletedBlockLogImpl] DEBUG block.DeletedBlockLogImpl (DeletedBlockLogImpl.java:isTransactionFailed(278)) - Got block deletion ACK from datanode, TXIDs=3, success=true
2021-08-10 12:16:27,221 [EventQueue-DeleteBlockStatusForDeletedBlockLogImpl] DEBUG block.DeletedBlockLogImpl (DeletedBlockLogImpl.java:commitTransactions(224)) - Transaction txId=3 commit by dnId=01235482-5c07-4b37-86e9-3192ec4df84f for containerID=#3 failed. Corresponding entry not found.
2021-08-10 12:16:27,221 [EventQueue-DeleteBlockStatusForDeletedBlockLogImpl] DEBUG block.DeletedBlockLogImpl (DeletedBlockLogImpl.java:isTransactionFailed(278)) - Got block deletion ACK from datanode, TXIDs=4, success=true
2021-08-10 12:16:27,221 [EventQueue-DeleteBlockStatusForDeletedBlockLogImpl] DEBUG block.DeletedBlockLogImpl (DeletedBlockLogImpl.java:commitTransactions(224)) - Transaction txId=4 commit by dnId=01235482-5c07-4b37-86e9-3192ec4df84f for containerID=#4 failed. Corresponding entry not found.
2021-08-10 12:16:27,221 [EventQueue-DeleteBlockStatusForDeletedBlockLogImpl] DEBUG block.DeletedBlockLogImpl (DeletedBlockLogImpl.java:isTransactionFailed(278)) - Got block deletion ACK from datanode, TXIDs=5, success=true
2021-08-10 12:16:27,221 [EventQueue-DeleteBlockStatusForDeletedBlockLogImpl] DEBUG block.DeletedBlockLogImpl (DeletedBlockLogImpl.java:commitTransactions(224)) - Transaction txId=5 commit by dnId=01235482-5c07-4b37-86e9-3192ec4df84f for containerID=#5 failed. Corresponding entry not found.
2021-08-10 12:16:27,221 [EventQueue-DeleteBlockStatusForDeletedBlockLogImpl] DEBUG block.DeletedBlockLogImpl (DeletedBlockLogImpl.java:isTransactionFailed(278)) - Got block deletion ACK from datanode, TXIDs=6, success=true
2021-08-10 12:16:27,221 [EventQueue-DeleteBlockStatusForDeletedBlockLogImpl] DEBUG block.DeletedBlockLogImpl (DeletedBlockLogImpl.java:commitTransactions(224)) - Transaction txId=6 commit by dnId=01235482-5c07-4b37-86e9-3192ec4df84f for containerID=#6 failed. Corresponding entry not found.
2021-08-10 12:16:27,221 [EventQueue-DeleteBlockStatusForDeletedBlockLogImpl] DEBUG block.DeletedBlockLogImpl (DeletedBlockLogImpl.java:isTransactionFailed(278)) - Got block deletion ACK from datanode, TXIDs=7, success=true
2021-08-10 12:16:27,221 [EventQueue-DeleteBlockStatusForDeletedBlockLogImpl] DEBUG block.DeletedBlockLogImpl (DeletedBlockLogImpl.java:commitTransactions(224)) - Transaction txId=7 commit by dnId=01235482-5c07-4b37-86e9-3192ec4df84f for containerID=#7 failed. Corresponding entry not found.
2021-08-10 12:16:27,221 [EventQueue-DeleteBlockStatusForDeletedBlockLogImpl] DEBUG block.DeletedBlockLogImpl (DeletedBlockLogImpl.java:isTransactionFailed(278)) - Got block deletion ACK from datanode, TXIDs=8, success=true
2021-08-10 12:16:27,221 [EventQueue-DeleteBlockStatusForDeletedBlockLogImpl] DEBUG block.DeletedBlockLogImpl (DeletedBlockLogImpl.java:commitTransactions(224)) - Transaction txId=8 commit by dnId=01235482-5c07-4b37-86e9-3192ec4df84f for containerID=#8 failed. Corresponding entry not found.
2021-08-10 12:16:27,221 [EventQueue-DeleteBlockStatusForDeletedBlockLogImpl] DEBUG block.DeletedBlockLogImpl (DeletedBlockLogImpl.java:isTransactionFailed(278)) - Got block deletion ACK from datanode, TXIDs=9, success=true
2021-08-10 12:16:27,221 [EventQueue-DeleteBlockStatusForDeletedBlockLogImpl] DEBUG block.DeletedBlockLogImpl (DeletedBlockLogImpl.java:commitTransactions(224)) - Transaction txId=9 commit by dnId=01235482-5c07-4b37-86e9-3192ec4df84f for containerID=#9 failed. Corresponding entry not found.
2021-08-10 12:16:27,221 [EventQueue-DeleteBlockStatusForDeletedBlockLogImpl] DEBUG block.DeletedBlockLogImpl (DeletedBlockLogImpl.java:isTransactionFailed(278)) - Got block deletion ACK from datanode, TXIDs=10, success=true
2021-08-10 12:16:27,221 [EventQueue-DeleteBlockStatusForDeletedBlockLogImpl] DEBUG block.DeletedBlockLogImpl (DeletedBlockLogImpl.java:commitTransactions(256)) - Datanode txId=10 containerId=#10 committed by dnId=01235482-5c07-4b37-86e9-3192ec4df84f
2021-08-10 12:16:27,221 [EventQueue-DeleteBlockStatusForDeletedBlockLogImpl] DEBUG block.DeletedBlockLogImpl (DeletedBlockLogImpl.java:isTransactionFailed(278)) - Got block deletion ACK from datanode, TXIDs=11, success=true
2021-08-10 12:16:27,221 [EventQueue-DeleteBlockStatusForDeletedBlockLogImpl] DEBUG block.DeletedBlockLogImpl (DeletedBlockLogImpl.java:commitTransactions(256)) - Datanode txId=11 containerId=#11 committed by dnId=01235482-5c07-4b37-86e9-3192ec4df84f
2021-08-10 12:16:27,221 [EventQueue-DeleteBlockStatusForDeletedBlockLogImpl] DEBUG block.DeletedBlockLogImpl (DeletedBlockLogImpl.java:isTransactionFailed(278)) - Got block deletion ACK from datanode, TXIDs=12, success=true
2021-08-10 12:16:27,221 [EventQueue-DeleteBlockStatusForDeletedBlockLogImpl] DEBUG block.DeletedBlockLogImpl (DeletedBlockLogImpl.java:commitTransactions(256)) - Datanode txId=12 containerId=#12 committed by dnId=01235482-5c07-4b37-86e9-3192ec4df84f
2021-08-10 12:16:27,221 [EventQueue-DeleteBlockStatusForDeletedBlockLogImpl] DEBUG block.DeletedBlockLogImpl (DeletedBlockLogImpl.java:isTransactionFailed(278)) - Got block deletion ACK from datanode, TXIDs=13, success=true
2021-08-10 12:16:27,221 [EventQueue-DeleteBlockStatusForDeletedBlockLogImpl] DEBUG block.DeletedBlockLogImpl (DeletedBlockLogImpl.java:commitTransactions(256)) - Datanode txId=13 containerId=#13 committed by dnId=01235482-5c07-4b37-86e9-3192ec4df84f
2021-08-10 12:16:27,221 [EventQueue-DeleteBlockStatusForDeletedBlockLogImpl] DEBUG block.DeletedBlockLogImpl (DeletedBlockLogImpl.java:isTransactionFailed(278)) - Got block deletion ACK from datanode, TXIDs=14, success=true
2021-08-10 12:16:27,221 [EventQueue-DeleteBlockStatusForDeletedBlockLogImpl] DEBUG block.DeletedBlockLogImpl (DeletedBlockLogImpl.java:commitTransactions(256)) - Datanode txId=14 containerId=#14 committed by dnId=01235482-5c07-4b37-86e9-3192ec4df84f
2021-08-10 12:16:27,221 [EventQueue-DeleteBlockStatusForDeletedBlockLogImpl] DEBUG block.DeletedBlockLogImpl (DeletedBlockLogImpl.java:isTransactionFailed(278)) - Got block deletion ACK from datanode, TXIDs=15, success=true
2021-08-10 12:16:27,221 [EventQueue-DeleteBlockStatusForDeletedBlockLogImpl] DEBUG block.DeletedBlockLogImpl (DeletedBlockLogImpl.java:commitTransactions(256)) - Datanode txId=15 containerId=#15 committed by dnId=01235482-5c07-4b37-86e9-3192ec4df84f
2021-08-10 12:16:27,231 [EventQueue-DeleteBlockStatusForDeletedBlockLogImpl] DEBUG block.DeletedBlockLogImpl (DeletedBlockLogImpl.java:isTransactionFailed(278)) - Got block deletion ACK from datanode, TXIDs=16, success=true
2021-08-10 12:16:27,231 [EventQueue-DeleteBlockStatusForDeletedBlockLogImpl] DEBUG block.DeletedBlockLogImpl (DeletedBlockLogImpl.java:commitTransactions(256)) - Datanode txId=16 containerId=#16 committed by dnId=01235482-5c07-4b37-86e9-3192ec4df84f
2021-08-10 12:16:27,231 [EventQueue-DeleteBlockStatusForDeletedBlockLogImpl] DEBUG block.DeletedBlockLogImpl (DeletedBlockLogImpl.java:isTransactionFailed(278)) - Got block deletion ACK from datanode, TXIDs=17, success=true
2021-08-10 12:16:27,231 [EventQueue-DeleteBlockStatusForDeletedBlockLogImpl] DEBUG block.DeletedBlockLogImpl (DeletedBlockLogImpl.java:commitTransactions(256)) - Datanode txId=17 containerId=#17 committed by dnId=01235482-5c07-4b37-86e9-3192ec4df84f
2021-08-10 12:16:27,231 [EventQueue-DeleteBlockStatusForDeletedBlockLogImpl] DEBUG block.DeletedBlockLogImpl (DeletedBlockLogImpl.java:isTransactionFailed(278)) - Got block deletion ACK from datanode, TXIDs=18, success=true
2021-08-10 12:16:27,231 [EventQueue-DeleteBlockStatusForDeletedBlockLogImpl] DEBUG block.DeletedBlockLogImpl (DeletedBlockLogImpl.java:commitTransactions(256)) - Datanode txId=18 containerId=#18 committed by dnId=01235482-5c07-4b37-86e9-3192ec4df84f
2021-08-10 12:16:27,231 [EventQueue-DeleteBlockStatusForDeletedBlockLogImpl] DEBUG block.DeletedBlockLogImpl (DeletedBlockLogImpl.java:isTransactionFailed(278)) - Got block deletion ACK from datanode, TXIDs=19, success=true
2021-08-10 12:16:27,231 [EventQueue-DeleteBlockStatusForDeletedBlockLogImpl] DEBUG block.DeletedBlockLogImpl (DeletedBlockLogImpl.java:commitTransactions(256)) - Datanode txId=19 containerId=#19 committed by dnId=01235482-5c07-4b37-86e9-3192ec4df84f
2021-08-10 12:16:27,231 [EventQueue-DeleteBlockStatusForDeletedBlockLogImpl] DEBUG block.DeletedBlockLogImpl (DeletedBlockLogImpl.java:isTransactionFailed(278)) - Got block deletion ACK from datanode, TXIDs=20, success=true
2021-08-10 12:16:27,231 [EventQueue-DeleteBlockStatusForDeletedBlockLogImpl] DEBUG block.DeletedBlockLogImpl (DeletedBlockLogImpl.java:commitTransactions(256)) - Datanode txId=20 containerId=#20 committed by dnId=01235482-5c07-4b37-86e9-3192ec4df84f
2021-08-10 12:16:27,231 [EventQueue-DeleteBlockStatusForDeletedBlockLogImpl] DEBUG block.DeletedBlockLogImpl (DeletedBlockLogImpl.java:isTransactionFailed(278)) - Got block deletion ACK from datanode, TXIDs=21, success=true
2021-08-10 12:16:27,231 [EventQueue-DeleteBlockStatusForDeletedBlockLogImpl] DEBUG block.DeletedBlockLogImpl (DeletedBlockLogImpl.java:commitTransactions(256)) - Datanode txId=21 containerId=#21 committed by dnId=01235482-5c07-4b37-86e9-3192ec4df84f
2021-08-10 12:16:27,231 [EventQueue-DeleteBlockStatusForDeletedBlockLogImpl] DEBUG block.DeletedBlockLogImpl (DeletedBlockLogImpl.java:isTransactionFailed(278)) - Got block deletion ACK from datanode, TXIDs=22, success=true
2021-08-10 12:16:27,231 [EventQueue-DeleteBlockStatusForDeletedBlockLogImpl] DEBUG block.DeletedBlockLogImpl (DeletedBlockLogImpl.java:commitTransactions(256)) - Datanode txId=22 containerId=#22 committed by dnId=01235482-5c07-4b37-86e9-3192ec4df84f
2021-08-10 12:16:27,231 [EventQueue-DeleteBlockStatusForDeletedBlockLogImpl] DEBUG block.DeletedBlockLogImpl (DeletedBlockLogImpl.java:isTransactionFailed(278)) - Got block deletion ACK from datanode, TXIDs=23, success=true
2021-08-10 12:16:27,231 [EventQueue-DeleteBlockStatusForDeletedBlockLogImpl] DEBUG block.DeletedBlockLogImpl (DeletedBlockLogImpl.java:commitTransactions(256)) - Datanode txId=23 containerId=#23 committed by dnId=01235482-5c07-4b37-86e9-3192ec4df84f
2021-08-10 12:16:27,231 [EventQueue-DeleteBlockStatusForDeletedBlockLogImpl] DEBUG block.DeletedBlockLogImpl (DeletedBlockLogImpl.java:isTransactionFailed(278)) - Got block deletion ACK from datanode, TXIDs=24, success=true
2021-08-10 12:16:27,231 [EventQueue-DeleteBlockStatusForDeletedBlockLogImpl] DEBUG block.DeletedBlockLogImpl (DeletedBlockLogImpl.java:commitTransactions(256)) - Datanode txId=24 containerId=#24 committed by dnId=01235482-5c07-4b37-86e9-3192ec4df84f
2021-08-10 12:16:27,231 [EventQueue-DeleteBlockStatusForDeletedBlockLogImpl] DEBUG block.DeletedBlockLogImpl (DeletedBlockLogImpl.java:isTransactionFailed(278)) - Got block deletion ACK from datanode, TXIDs=25, success=true
2021-08-10 12:16:27,231 [EventQueue-DeleteBlockStatusForDeletedBlockLogImpl] DEBUG block.DeletedBlockLogImpl (DeletedBlockLogImpl.java:commitTransactions(256)) - Datanode txId=25 containerId=#25 committed by dnId=01235482-5c07-4b37-86e9-3192ec4df84f
2021-08-10 12:16:27,231 [EventQueue-DeleteBlockStatusForDeletedBlockLogImpl] DEBUG block.DeletedBlockLogImpl (DeletedBlockLogImpl.java:isTransactionFailed(278)) - Got block deletion ACK from datanode, TXIDs=26, success=true
2021-08-10 12:16:27,231 [EventQueue-DeleteBlockStatusForDeletedBlockLogImpl] DEBUG block.DeletedBlockLogImpl (DeletedBlockLogImpl.java:commitTransactions(256)) - Datanode txId=26 containerId=#26 committed by dnId=01235482-5c07-4b37-86e9-3192ec4df84f
2021-08-10 12:16:27,234 [SCMBlockDeletingService#0] DEBUG block.SCMBlockDeletingService (SCMBlockDeletingService.java:call(133)) - Running DeletedBlockTransactionScanner
2021-08-10 12:16:27,234 [EventQueue-DeleteBlockStatusForDeletedBlockLogImpl] DEBUG block.DeletedBlockLogImpl (DeletedBlockLogImpl.java:isTransactionFailed(278)) - Got block deletion ACK from datanode, TXIDs=27, success=true
2021-08-10 12:16:27,235 [EventQueue-DeleteBlockStatusForDeletedBlockLogImpl] DEBUG block.DeletedBlockLogImpl (DeletedBlockLogImpl.java:commitTransactions(256)) - Datanode txId=27 containerId=#27 committed by dnId=01235482-5c07-4b37-86e9-3192ec4df84f
2021-08-10 12:16:27,235 [EventQueue-DeleteBlockStatusForDeletedBlockLogImpl] DEBUG block.DeletedBlockLogImpl (DeletedBlockLogImpl.java:isTransactionFailed(278)) - Got block deletion ACK from datanode, TXIDs=28, success=true
2021-08-10 12:16:27,235 [EventQueue-DeleteBlockStatusForDeletedBlockLogImpl] DEBUG block.DeletedBlockLogImpl (DeletedBlockLogImpl.java:commitTransactions(256)) - Datanode txId=28 containerId=#28 committed by dnId=01235482-5c07-4b37-86e9-3192ec4df84f
2021-08-10 12:16:27,235 [EventQueue-DeleteBlockStatusForDeletedBlockLogImpl] DEBUG block.DeletedBlockLogImpl (DeletedBlockLogImpl.java:isTransactionFailed(278)) - Got block deletion ACK from datanode, TXIDs=29, success=true
2021-08-10 12:16:27,235 [EventQueue-DeleteBlockStatusForDeletedBlockLogImpl] DEBUG block.DeletedBlockLogImpl (DeletedBlockLogImpl.java:commitTransactions(256)) - Datanode txId=29 containerId=#29 committed by dnId=01235482-5c07-4b37-86e9-3192ec4df84f
2021-08-10 12:16:27,235 [EventQueue-DeleteBlockStatusForDeletedBlockLogImpl] DEBUG block.DeletedBlockLogImpl (DeletedBlockLogImpl.java:isTransactionFailed(278)) - Got block deletion ACK from datanode, TXIDs=30, success=true
2021-08-10 12:16:27,235 [EventQueue-DeleteBlockStatusForDeletedBlockLogImpl] DEBUG block.DeletedBlockLogImpl (DeletedBlockLogImpl.java:commitTransactions(256)) - Datanode txId=30 containerId=#30 committed by dnId=01235482-5c07-4b37-86e9-3192ec4df84f
2021-08-10 12:16:27,236 [EventQueue-DeleteBlockStatusForDeletedBlockLogImpl] DEBUG block.DeletedBlockLogImpl (DeletedBlockLogImpl.java:isTransactionFailed(278)) - Got block deletion ACK from datanode, TXIDs=31, success=true
2021-08-10 12:16:27,236 [EventQueue-DeleteBlockStatusForDeletedBlockLogImpl] DEBUG block.DeletedBlockLogImpl (DeletedBlockLogImpl.java:commitTransactions(256)) - Datanode txId=31 containerId=#31 committed by dnId=01235482-5c07-4b37-86e9-3192ec4df84f
2021-08-10 12:16:27,236 [EventQueue-DeleteBlockStatusForDeletedBlockLogImpl] DEBUG block.DeletedBlockLogImpl (DeletedBlockLogImpl.java:isTransactionFailed(278)) - Got block deletion ACK from datanode, TXIDs=32, success=true
2021-08-10 12:16:27,236 [EventQueue-DeleteBlockStatusForDeletedBlockLogImpl] DEBUG block.DeletedBlockLogImpl (DeletedBlockLogImpl.java:commitTransactions(256)) - Datanode txId=32 containerId=#32 committed by dnId=01235482-5c07-4b37-86e9-3192ec4df84f
2021-08-10 12:16:27,236 [EventQueue-DeleteBlockStatusForDeletedBlockLogImpl] DEBUG block.DeletedBlockLogImpl (DeletedBlockLogImpl.java:isTransactionFailed(278)) - Got block deletion ACK from datanode, TXIDs=33, success=true
2021-08-10 12:16:27,236 [EventQueue-DeleteBlockStatusForDeletedBlockLogImpl] DEBUG block.DeletedBlockLogImpl (DeletedBlockLogImpl.java:commitTransactions(256)) - Datanode txId=33 containerId=#33 committed by dnId=01235482-5c07-4b37-86e9-3192ec4df84f
2021-08-10 12:16:27,236 [EventQueue-DeleteBlockStatusForDeletedBlockLogImpl] DEBUG block.DeletedBlockLogImpl (DeletedBlockLogImpl.java:isTransactionFailed(278)) - Got block deletion ACK from datanode, TXIDs=34, success=true
2021-08-10 12:16:27,236 [EventQueue-DeleteBlockStatusForDeletedBlockLogImpl] DEBUG block.DeletedBlockLogImpl (DeletedBlockLogImpl.java:commitTransactions(256)) - Datanode txId=34 containerId=#34 committed by dnId=01235482-5c07-4b37-86e9-3192ec4df84f
2021-08-10 12:16:27,236 [EventQueue-DeleteBlockStatusForDeletedBlockLogImpl] DEBUG block.DeletedBlockLogImpl (DeletedBlockLogImpl.java:isTransactionFailed(278)) - Got block deletion ACK from datanode, TXIDs=35, success=true
2021-08-10 12:16:27,236 [EventQueue-DeleteBlockStatusForDeletedBlockLogImpl] DEBUG block.DeletedBlockLogImpl (DeletedBlockLogImpl.java:commitTransactions(256)) - Datanode txId=35 containerId=#35 committed by dnId=01235482-5c07-4b37-86e9-3192ec4df84f
2021-08-10 12:16:27,236 [EventQueue-DeleteBlockStatusForDeletedBlockLogImpl] DEBUG block.DeletedBlockLogImpl (DeletedBlockLogImpl.java:isTransactionFailed(278)) - Got block deletion ACK from datanode, TXIDs=36, success=true
2021-08-10 12:16:27,236 [EventQueue-DeleteBlockStatusForDeletedBlockLogImpl] DEBUG block.DeletedBlockLogImpl (DeletedBlockLogImpl.java:commitTransactions(256)) - Datanode txId=36 containerId=#36 committed by dnId=01235482-5c07-4b37-86e9-3192ec4df84f
2021-08-10 12:16:27,236 [EventQueue-DeleteBlockStatusForDeletedBlockLogImpl] DEBUG block.DeletedBlockLogImpl (DeletedBlockLogImpl.java:isTransactionFailed(278)) - Got block deletion ACK from datanode, TXIDs=37, success=true
2021-08-10 12:16:27,236 [EventQueue-DeleteBlockStatusForDeletedBlockLogImpl] DEBUG block.DeletedBlockLogImpl (DeletedBlockLogImpl.java:commitTransactions(256)) - Datanode txId=37 containerId=#37 committed by dnId=01235482-5c07-4b37-86e9-3192ec4df84f
2021-08-10 12:16:27,236 [EventQueue-DeleteBlockStatusForDeletedBlockLogImpl] DEBUG block.DeletedBlockLogImpl (DeletedBlockLogImpl.java:isTransactionFailed(278)) - Got block deletion ACK from datanode, TXIDs=38, success=true
2021-08-10 12:16:27,236 [EventQueue-DeleteBlockStatusForDeletedBlockLogImpl] DEBUG block.DeletedBlockLogImpl (DeletedBlockLogImpl.java:commitTransactions(256)) - Datanode txId=38 containerId=#38 committed by dnId=01235482-5c07-4b37-86e9-3192ec4df84f
2021-08-10 12:16:27,236 [EventQueue-DeleteBlockStatusForDeletedBlockLogImpl] DEBUG block.DeletedBlockLogImpl (DeletedBlockLogImpl.java:isTransactionFailed(278)) - Got block deletion ACK from datanode, TXIDs=39, success=true
2021-08-10 12:16:27,236 [EventQueue-DeleteBlockStatusForDeletedBlockLogImpl] DEBUG block.DeletedBlockLogImpl (DeletedBlockLogImpl.java:commitTransactions(256)) - Datanode txId=39 containerId=#39 committed by dnId=01235482-5c07-4b37-86e9-3192ec4df84f
2021-08-10 12:16:27,236 [EventQueue-DeleteBlockStatusForDeletedBlockLogImpl] DEBUG block.DeletedBlockLogImpl (DeletedBlockLogImpl.java:isTransactionFailed(278)) - Got block deletion ACK from datanode, TXIDs=40, success=true
2021-08-10 12:16:27,236 [EventQueue-DeleteBlockStatusForDeletedBlockLogImpl] DEBUG block.DeletedBlockLogImpl (DeletedBlockLogImpl.java:commitTransactions(256)) - Datanode txId=40 containerId=#40 committed by dnId=01235482-5c07-4b37-86e9-3192ec4df84f
2021-08-10 12:16:27,236 [EventQueue-DeleteBlockStatusForDeletedBlockLogImpl] DEBUG block.DeletedBlockLogImpl (DeletedBlockLogImpl.java:isTransactionFailed(278)) - Got block deletion ACK from datanode, TXIDs=41, success=true
2021-08-10 12:16:27,236 [EventQueue-DeleteBlockStatusForDeletedBlockLogImpl] DEBUG block.DeletedBlockLogImpl (DeletedBlockLogImpl.java:commitTransactions(256)) - Datanode txId=41 containerId=#41 committed by dnId=01235482-5c07-4b37-86e9-3192ec4df84f
2021-08-10 12:16:27,236 [EventQueue-DeleteBlockStatusForDeletedBlockLogImpl] DEBUG block.DeletedBlockLogImpl (DeletedBlockLogImpl.java:isTransactionFailed(278)) - Got block deletion ACK from datanode, TXIDs=42, success=true
2021-08-10 12:16:27,236 [EventQueue-DeleteBlockStatusForDeletedBlockLogImpl] DEBUG block.DeletedBlockLogImpl (DeletedBlockLogImpl.java:commitTransactions(256)) - Datanode txId=42 containerId=#42 committed by dnId=01235482-5c07-4b37-86e9-3192ec4df84f
2021-08-10 12:16:27,236 [EventQueue-DeleteBlockStatusForDeletedBlockLogImpl] DEBUG block.DeletedBlockLogImpl (DeletedBlockLogImpl.java:isTransactionFailed(278)) - Got block deletion ACK from datanode, TXIDs=43, success=true
2021-08-10 12:16:27,236 [EventQueue-DeleteBlockStatusForDeletedBlockLogImpl] DEBUG block.DeletedBlockLogImpl (DeletedBlockLogImpl.java:commitTransactions(256)) - Datanode txId=43 containerId=#43 committed by dnId=01235482-5c07-4b37-86e9-3192ec4df84f
2021-08-10 12:16:27,236 [EventQueue-DeleteBlockStatusForDeletedBlockLogImpl] DEBUG block.DeletedBlockLogImpl (DeletedBlockLogImpl.java:isTransactionFailed(278)) - Got block deletion ACK from datanode, TXIDs=44, success=true
2021-08-10 12:16:27,236 [EventQueue-DeleteBlockStatusForDeletedBlockLogImpl] DEBUG block.DeletedBlockLogImpl (DeletedBlockLogImpl.java:commitTransactions(256)) - Datanode txId=44 containerId=#44 committed by dnId=01235482-5c07-4b37-86e9-3192ec4df84f
2021-08-10 12:16:27,236 [EventQueue-DeleteBlockStatusForDeletedBlockLogImpl] DEBUG block.DeletedBlockLogImpl (DeletedBlockLogImpl.java:isTransactionFailed(278)) - Got block deletion ACK from datanode, TXIDs=45, success=true
2021-08-10 12:16:27,236 [EventQueue-DeleteBlockStatusForDeletedBlockLogImpl] DEBUG block.DeletedBlockLogImpl (DeletedBlockLogImpl.java:commitTransactions(256)) - Datanode txId=45 containerId=#45 committed by dnId=01235482-5c07-4b37-86e9-3192ec4df84f
2021-08-10 12:16:27,236 [EventQueue-DeleteBlockStatusForDeletedBlockLogImpl] DEBUG block.DeletedBlockLogImpl (DeletedBlockLogImpl.java:isTransactionFailed(278)) - Got block deletion ACK from datanode, TXIDs=46, success=true
2021-08-10 12:16:27,236 [EventQueue-DeleteBlockStatusForDeletedBlockLogImpl] DEBUG block.DeletedBlockLogImpl (DeletedBlockLogImpl.java:commitTransactions(256)) - Datanode txId=46 containerId=#46 committed by dnId=01235482-5c07-4b37-86e9-3192ec4df84f
2021-08-10 12:16:27,236 [EventQueue-DeleteBlockStatusForDeletedBlockLogImpl] DEBUG block.DeletedBlockLogImpl (DeletedBlockLogImpl.java:isTransactionFailed(278)) - Got block deletion ACK from datanode, TXIDs=47, success=true
2021-08-10 12:16:27,237 [EventQueue-DeleteBlockStatusForDeletedBlockLogImpl] DEBUG block.DeletedBlockLogImpl (DeletedBlockLogImpl.java:commitTransactions(256)) - Datanode txId=47 containerId=#47 committed by dnId=01235482-5c07-4b37-86e9-3192ec4df84f
2021-08-10 12:16:27,237 [EventQueue-DeleteBlockStatusForDeletedBlockLogImpl] DEBUG block.DeletedBlockLogImpl (DeletedBlockLogImpl.java:isTransactionFailed(278)) - Got block deletion ACK from datanode, TXIDs=48, success=true
2021-08-10 12:16:27,237 [EventQueue-DeleteBlockStatusForDeletedBlockLogImpl] DEBUG block.DeletedBlockLogImpl (DeletedBlockLogImpl.java:commitTransactions(256)) - Datanode txId=48 containerId=#48 committed by dnId=01235482-5c07-4b37-86e9-3192ec4df84f
2021-08-10 12:16:27,237 [EventQueue-DeleteBlockStatusForDeletedBlockLogImpl] DEBUG block.DeletedBlockLogImpl (DeletedBlockLogImpl.java:isTransactionFailed(278)) - Got block deletion ACK from datanode, TXIDs=49, success=true
2021-08-10 12:16:27,237 [EventQueue-DeleteBlockStatusForDeletedBlockLogImpl] DEBUG block.DeletedBlockLogImpl (DeletedBlockLogImpl.java:commitTransactions(256)) - Datanode txId=49 containerId=#49 committed by dnId=01235482-5c07-4b37-86e9-3192ec4df84f
2021-08-10 12:16:27,237 [EventQueue-DeleteBlockStatusForDeletedBlockLogImpl] DEBUG block.DeletedBlockLogImpl (DeletedBlockLogImpl.java:isTransactionFailed(278)) - Got block deletion ACK from datanode, TXIDs=50, success=true
2021-08-10 12:16:27,237 [EventQueue-DeleteBlockStatusForDeletedBlockLogImpl] DEBUG block.DeletedBlockLogImpl (DeletedBlockLogImpl.java:commitTransactions(256)) - Datanode txId=50 containerId=#50 committed by dnId=01235482-5c07-4b37-86e9-3192ec4df84f
2021-08-10 12:16:27,237 [EventQueue-DeleteBlockStatusForDeletedBlockLogImpl] DEBUG block.DeletedBlockLogImpl (DeletedBlockLogImpl.java:isTransactionFailed(278)) - Got block deletion ACK from datanode, TXIDs=51, success=true
2021-08-10 12:16:27,237 [EventQueue-DeleteBlockStatusForDeletedBlockLogImpl] DEBUG block.DeletedBlockLogImpl (DeletedBlockLogImpl.java:commitTransactions(256)) - Datanode txId=51 containerId=#51 committed by dnId=01235482-5c07-4b37-86e9-3192ec4df84f
2021-08-10 12:16:27,237 [EventQueue-DeleteBlockStatusForDeletedBlockLogImpl] DEBUG block.DeletedBlockLogImpl (DeletedBlockLogImpl.java:isTransactionFailed(278)) - Got block deletion ACK from datanode, TXIDs=52, success=true
2021-08-10 12:16:27,237 [EventQueue-DeleteBlockStatusForDeletedBlockLogImpl] DEBUG block.DeletedBlockLogImpl (DeletedBlockLogImpl.java:commitTransactions(256)) - Datanode txId=52 containerId=#52 committed by dnId=01235482-5c07-4b37-86e9-3192ec4df84f
2021-08-10 12:16:27,237 [EventQueue-DeleteBlockStatusForDeletedBlockLogImpl] DEBUG block.DeletedBlockLogImpl (DeletedBlockLogImpl.java:isTransactionFailed(278)) - Got block deletion ACK from datanode, TXIDs=53, success=true
2021-08-10 12:16:27,237 [EventQueue-DeleteBlockStatusForDeletedBlockLogImpl] DEBUG block.DeletedBlockLogImpl (DeletedBlockLogImpl.java:commitTransactions(256)) - Datanode txId=53 containerId=#53 committed by dnId=01235482-5c07-4b37-86e9-3192ec4df84f
2021-08-10 12:16:27,237 [EventQueue-DeleteBlockStatusForDeletedBlockLogImpl] DEBUG block.DeletedBlockLogImpl (DeletedBlockLogImpl.java:isTransactionFailed(278)) - Got block deletion ACK from datanode, TXIDs=54, success=true
2021-08-10 12:16:27,237 [EventQueue-DeleteBlockStatusForDeletedBlockLogImpl] DEBUG block.DeletedBlockLogImpl (DeletedBlockLogImpl.java:commitTransactions(256)) - Datanode txId=54 containerId=#54 committed by dnId=01235482-5c07-4b37-86e9-3192ec4df84f
2021-08-10 12:16:27,237 [EventQueue-DeleteBlockStatusForDeletedBlockLogImpl] DEBUG block.DeletedBlockLogImpl (DeletedBlockLogImpl.java:isTransactionFailed(278)) - Got block deletion ACK from datanode, TXIDs=55, success=true
2021-08-10 12:16:27,237 [EventQueue-DeleteBlockStatusForDeletedBlockLogImpl] DEBUG block.DeletedBlockLogImpl (DeletedBlockLogImpl.java:commitTransactions(256)) - Datanode txId=55 containerId=#55 committed by dnId=01235482-5c07-4b37-86e9-3192ec4df84f
2021-08-10 12:16:27,237 [EventQueue-DeleteBlockStatusForDeletedBlockLogImpl] DEBUG block.DeletedBlockLogImpl (DeletedBlockLogImpl.java:isTransactionFailed(278)) - Got block deletion ACK from datanode, TXIDs=56, success=true
2021-08-10 12:16:27,237 [EventQueue-DeleteBlockStatusForDeletedBlockLogImpl] DEBUG block.DeletedBlockLogImpl (DeletedBlockLogImpl.java:commitTransactions(256)) - Datanode txId=56 containerId=#56 committed by dnId=01235482-5c07-4b37-86e9-3192ec4df84f
2021-08-10 12:16:27,237 [SCMBlockDeletingService#0] DEBUG block.SCMBlockDeletingService (DatanodeDeletedBlockTransactions.java:addTransactionToDN(50)) - Transaction added: ad4991cb-97ce-4dd6-b117-42e7f6b0816f <- TX(10)
2021-08-10 12:16:27,237 [SCMBlockDeletingService#0] DEBUG block.SCMBlockDeletingService (DatanodeDeletedBlockTransactions.java:addTransactionToDN(50)) - Transaction added: ad4991cb-97ce-4dd6-b117-42e7f6b0816f <- TX(11)
2021-08-10 12:16:27,237 [SCMBlockDeletingService#0] DEBUG block.SCMBlockDeletingService (DatanodeDeletedBlockTransactions.java:addTransactionToDN(50)) - Transaction added: ad4991cb-97ce-4dd6-b117-42e7f6b0816f <- TX(12)
2021-08-10 12:16:27,237 [SCMBlockDeletingService#0] DEBUG block.SCMBlockDeletingService (DatanodeDeletedBlockTransactions.java:addTransactionToDN(50)) - Transaction added: ad4991cb-97ce-4dd6-b117-42e7f6b0816f <- TX(13)
2021-08-10 12:16:27,237 [SCMBlockDeletingService#0] DEBUG block.SCMBlockDeletingService (DatanodeDeletedBlockTransactions.java:addTransactionToDN(50)) - Transaction added: ad4991cb-97ce-4dd6-b117-42e7f6b0816f <- TX(14)
2021-08-10 12:16:27,237 [SCMBlockDeletingService#0] DEBUG block.SCMBlockDeletingService (DatanodeDeletedBlockTransactions.java:addTransactionToDN(50)) - Transaction added: ad4991cb-97ce-4dd6-b117-42e7f6b0816f <- TX(15)
2021-08-10 12:16:27,237 [SCMBlockDeletingService#0] DEBUG block.SCMBlockDeletingService (DatanodeDeletedBlockTransactions.java:addTransactionToDN(50)) - Transaction added: ad4991cb-97ce-4dd6-b117-42e7f6b0816f <- TX(16)
2021-08-10 12:16:27,237 [SCMBlockDeletingService#0] DEBUG block.SCMBlockDeletingService (DatanodeDeletedBlockTransactions.java:addTransactionToDN(50)) - Transaction added: ad4991cb-97ce-4dd6-b117-42e7f6b0816f <- TX(17)
2021-08-10 12:16:27,237 [SCMBlockDeletingService#0] DEBUG block.SCMBlockDeletingService (DatanodeDeletedBlockTransactions.java:addTransactionToDN(50)) - Transaction added: ad4991cb-97ce-4dd6-b117-42e7f6b0816f <- TX(18)
2021-08-10 12:16:27,237 [SCMBlockDeletingService#0] DEBUG block.SCMBlockDeletingService (DatanodeDeletedBlockTransactions.java:addTransactionToDN(50)) - Transaction added: ad4991cb-97ce-4dd6-b117-42e7f6b0816f <- TX(19)
2021-08-10 12:16:27,237 [SCMBlockDeletingService#0] DEBUG block.SCMBlockDeletingService (DatanodeDeletedBlockTransactions.java:addTransactionToDN(50)) - Transaction added: ad4991cb-97ce-4dd6-b117-42e7f6b0816f <- TX(20)
2021-08-10 12:16:27,237 [SCMBlockDeletingService#0] DEBUG block.SCMBlockDeletingService (DatanodeDeletedBlockTransactions.java:addTransactionToDN(50)) - Transaction added: ad4991cb-97ce-4dd6-b117-42e7f6b0816f <- TX(21)
2021-08-10 12:16:27,237 [SCMBlockDeletingService#0] DEBUG block.SCMBlockDeletingService (DatanodeDeletedBlockTransactions.java:addTransactionToDN(50)) - Transaction added: ad4991cb-97ce-4dd6-b117-42e7f6b0816f <- TX(22)
2021-08-10 12:16:27,237 [SCMBlockDeletingService#0] DEBUG block.SCMBlockDeletingService (DatanodeDeletedBlockTransactions.java:addTransactionToDN(50)) - Transaction added: ad4991cb-97ce-4dd6-b117-42e7f6b0816f <- TX(23)
2021-08-10 12:16:27,237 [SCMBlockDeletingService#0] DEBUG block.SCMBlockDeletingService (DatanodeDeletedBlockTransactions.java:addTransactionToDN(50)) - Transaction added: ad4991cb-97ce-4dd6-b117-42e7f6b0816f <- TX(24)
2021-08-10 12:16:27,238 [SCMBlockDeletingService#0] DEBUG block.SCMBlockDeletingService (DatanodeDeletedBlockTransactions.java:addTransactionToDN(50)) - Transaction added: ad4991cb-97ce-4dd6-b117-42e7f6b0816f <- TX(25)
2021-08-10 12:16:27,238 [SCMBlockDeletingService#0] DEBUG block.SCMBlockDeletingService (DatanodeDeletedBlockTransactions.java:addTransactionToDN(50)) - Transaction added: ad4991cb-97ce-4dd6-b117-42e7f6b0816f <- TX(26)
2021-08-10 12:16:27,238 [SCMBlockDeletingService#0] DEBUG block.SCMBlockDeletingService (DatanodeDeletedBlockTransactions.java:addTransactionToDN(50)) - Transaction added: ad4991cb-97ce-4dd6-b117-42e7f6b0816f <- TX(27)
2021-08-10 12:16:27,238 [SCMBlockDeletingService#0] DEBUG block.SCMBlockDeletingService (DatanodeDeletedBlockTransactions.java:addTransactionToDN(50)) - Transaction added: ad4991cb-97ce-4dd6-b117-42e7f6b0816f <- TX(28)
2021-08-10 12:16:27,238 [SCMBlockDeletingService#0] DEBUG block.SCMBlockDeletingService (DatanodeDeletedBlockTransactions.java:addTransactionToDN(50)) - Transaction added: ad4991cb-97ce-4dd6-b117-42e7f6b0816f <- TX(29)
2021-08-10 12:16:27,238 [SCMBlockDeletingService#0] DEBUG block.SCMBlockDeletingService (DatanodeDeletedBlockTransactions.java:addTransactionToDN(50)) - Transaction added: ad4991cb-97ce-4dd6-b117-42e7f6b0816f <- TX(30)
2021-08-10 12:16:27,238 [SCMBlockDeletingService#0] DEBUG block.SCMBlockDeletingService (DatanodeDeletedBlockTransactions.java:addTransactionToDN(50)) - Transaction added: ad4991cb-97ce-4dd6-b117-42e7f6b0816f <- TX(31)
2021-08-10 12:16:27,238 [SCMBlockDeletingService#0] DEBUG block.SCMBlockDeletingService (DatanodeDeletedBlockTransactions.java:addTransactionToDN(50)) - Transaction added: ad4991cb-97ce-4dd6-b117-42e7f6b0816f <- TX(32)
2021-08-10 12:16:27,238 [SCMBlockDeletingService#0] DEBUG block.SCMBlockDeletingService (DatanodeDeletedBlockTransactions.java:addTransactionToDN(50)) - Transaction added: ad4991cb-97ce-4dd6-b117-42e7f6b0816f <- TX(33)
2021-08-10 12:16:27,238 [SCMBlockDeletingService#0] DEBUG block.SCMBlockDeletingService (DatanodeDeletedBlockTransactions.java:addTransactionToDN(50)) - Transaction added: ad4991cb-97ce-4dd6-b117-42e7f6b0816f <- TX(34)
2021-08-10 12:16:27,238 [SCMBlockDeletingService#0] DEBUG block.SCMBlockDeletingService (DatanodeDeletedBlockTransactions.java:addTransactionToDN(50)) - Transaction added: ad4991cb-97ce-4dd6-b117-42e7f6b0816f <- TX(35)
2021-08-10 12:16:27,238 [SCMBlockDeletingService#0] DEBUG block.SCMBlockDeletingService (DatanodeDeletedBlockTransactions.java:addTransactionToDN(50)) - Transaction added: ad4991cb-97ce-4dd6-b117-42e7f6b0816f <- TX(36)
2021-08-10 12:16:27,238 [SCMBlockDeletingService#0] DEBUG block.SCMBlockDeletingService (DatanodeDeletedBlockTransactions.java:addTransactionToDN(50)) - Transaction added: ad4991cb-97ce-4dd6-b117-42e7f6b0816f <- TX(37)
2021-08-10 12:16:27,238 [SCMBlockDeletingService#0] DEBUG block.SCMBlockDeletingService (DatanodeDeletedBlockTransactions.java:addTransactionToDN(50)) - Transaction added: ad4991cb-97ce-4dd6-b117-42e7f6b0816f <- TX(38)
2021-08-10 12:16:27,238 [SCMBlockDeletingService#0] DEBUG block.SCMBlockDeletingService (DatanodeDeletedBlockTransactions.java:addTransactionToDN(50)) - Transaction added: ad4991cb-97ce-4dd6-b117-42e7f6b0816f <- TX(39)
2021-08-10 12:16:27,238 [SCMBlockDeletingService#0] DEBUG block.SCMBlockDeletingService (DatanodeDeletedBlockTransactions.java:addTransactionToDN(50)) - Transaction added: ad4991cb-97ce-4dd6-b117-42e7f6b0816f <- TX(40)
2021-08-10 12:16:27,238 [SCMBlockDeletingService#0] DEBUG block.SCMBlockDeletingService (DatanodeDeletedBlockTransactions.java:addTransactionToDN(50)) - Transaction added: ad4991cb-97ce-4dd6-b117-42e7f6b0816f <- TX(41)
2021-08-10 12:16:27,238 [SCMBlockDeletingService#0] DEBUG block.SCMBlockDeletingService (DatanodeDeletedBlockTransactions.java:addTransactionToDN(50)) - Transaction added: ad4991cb-97ce-4dd6-b117-42e7f6b0816f <- TX(42)
2021-08-10 12:16:27,238 [SCMBlockDeletingService#0] DEBUG block.SCMBlockDeletingService (DatanodeDeletedBlockTransactions.java:addTransactionToDN(50)) - Transaction added: ad4991cb-97ce-4dd6-b117-42e7f6b0816f <- TX(43)
2021-08-10 12:16:27,238 [SCMBlockDeletingService#0] DEBUG block.SCMBlockDeletingService (DatanodeDeletedBlockTransactions.java:addTransactionToDN(50)) - Transaction added: ad4991cb-97ce-4dd6-b117-42e7f6b0816f <- TX(44)
2021-08-10 12:16:27,238 [SCMBlockDeletingService#0] DEBUG block.SCMBlockDeletingService (DatanodeDeletedBlockTransactions.java:addTransactionToDN(50)) - Transaction added: ad4991cb-97ce-4dd6-b117-42e7f6b0816f <- TX(45)
2021-08-10 12:16:27,238 [SCMBlockDeletingService#0] DEBUG block.SCMBlockDeletingService (DatanodeDeletedBlockTransactions.java:addTransactionToDN(50)) - Transaction added: ad4991cb-97ce-4dd6-b117-42e7f6b0816f <- TX(46)
2021-08-10 12:16:27,238 [SCMBlockDeletingService#0] DEBUG block.SCMBlockDeletingService (DatanodeDeletedBlockTransactions.java:addTransactionToDN(50)) - Transaction added: ad4991cb-97ce-4dd6-b117-42e7f6b0816f <- TX(47)
2021-08-10 12:16:27,238 [SCMBlockDeletingService#0] DEBUG block.SCMBlockDeletingService (DatanodeDeletedBlockTransactions.java:addTransactionToDN(50)) - Transaction added: ad4991cb-97ce-4dd6-b117-42e7f6b0816f <- TX(48)
2021-08-10 12:16:27,238 [SCMBlockDeletingService#0] DEBUG block.SCMBlockDeletingService (DatanodeDeletedBlockTransactions.java:addTransactionToDN(50)) - Transaction added: ad4991cb-97ce-4dd6-b117-42e7f6b0816f <- TX(49)
2021-08-10 12:16:27,238 [SCMBlockDeletingService#0] DEBUG block.SCMBlockDeletingService (DatanodeDeletedBlockTransactions.java:addTransactionToDN(50)) - Transaction added: ad4991cb-97ce-4dd6-b117-42e7f6b0816f <- TX(50)
2021-08-10 12:16:27,238 [SCMBlockDeletingService#0] DEBUG block.SCMBlockDeletingService (DatanodeDeletedBlockTransactions.java:addTransactionToDN(50)) - Transaction added: ad4991cb-97ce-4dd6-b117-42e7f6b0816f <- TX(51)
2021-08-10 12:16:27,238 [SCMBlockDeletingService#0] DEBUG block.SCMBlockDeletingService (DatanodeDeletedBlockTransactions.java:addTransactionToDN(50)) - Transaction added: ad4991cb-97ce-4dd6-b117-42e7f6b0816f <- TX(52)
2021-08-10 12:16:27,238 [SCMBlockDeletingService#0] DEBUG block.SCMBlockDeletingService (DatanodeDeletedBlockTransactions.java:addTransactionToDN(50)) - Transaction added: ad4991cb-97ce-4dd6-b117-42e7f6b0816f <- TX(53)
2021-08-10 12:16:27,238 [SCMBlockDeletingService#0] DEBUG block.SCMBlockDeletingService (DatanodeDeletedBlockTransactions.java:addTransactionToDN(50)) - Transaction added: ad4991cb-97ce-4dd6-b117-42e7f6b0816f <- TX(54)
2021-08-10 12:16:27,239 [SCMBlockDeletingService#0] DEBUG block.SCMBlockDeletingService (DatanodeDeletedBlockTransactions.java:addTransactionToDN(50)) - Transaction added: ad4991cb-97ce-4dd6-b117-42e7f6b0816f <- TX(55)
2021-08-10 12:16:27,239 [SCMBlockDeletingService#0] DEBUG block.SCMBlockDeletingService (DatanodeDeletedBlockTransactions.java:addTransactionToDN(50)) - Transaction added: ad4991cb-97ce-4dd6-b117-42e7f6b0816f <- TX(56)
2021-08-10 12:16:27,239 [SCMBlockDeletingService#0] DEBUG block.SCMBlockDeletingService (SCMBlockDeletingService.java:call(164)) - Added delete block command for datanode ad4991cb-97ce-4dd6-b117-42e7f6b0816f in the queue, number of delete block transactions: 47
2021-08-10 12:16:27,239 [SCMBlockDeletingService#0] INFO  block.SCMBlockDeletingService (SCMBlockDeletingService.java:call(174)) - Totally added 47 blocks to be deleted for 1 datanodes, task elapsed time: 5ms
2021-08-10 12:16:27,241 [EventQueue-DeleteBlockStatusForDeletedBlockLogImpl] DEBUG block.DeletedBlockLogImpl (DeletedBlockLogImpl.java:isTransactionFailed(278)) - Got block deletion ACK from datanode, TXIDs=1, success=true
2021-08-10 12:16:27,241 [EventQueue-DeleteBlockStatusForDeletedBlockLogImpl] DEBUG block.DeletedBlockLogImpl (DeletedBlockLogImpl.java:commitTransactions(224)) - Transaction txId=1 commit by dnId=01235482-5c07-4b37-86e9-3192ec4df84f for containerID=#1 failed. Corresponding entry not found.
2021-08-10 12:16:27,241 [EventQueue-DeleteBlockStatusForDeletedBlockLogImpl] DEBUG block.DeletedBlockLogImpl (DeletedBlockLogImpl.java:isTransactionFailed(278)) - Got block deletion ACK from datanode, TXIDs=2, success=true
2021-08-10 12:16:27,241 [EventQueue-DeleteBlockStatusForDeletedBlockLogImpl] DEBUG block.DeletedBlockLogImpl (DeletedBlockLogImpl.java:commitTransactions(224)) - Transaction txId=2 commit by dnId=01235482-5c07-4b37-86e9-3192ec4df84f for containerID=#2 failed. Corresponding entry not found.
2021-08-10 12:16:27,241 [EventQueue-DeleteBlockStatusForDeletedBlockLogImpl] DEBUG block.DeletedBlockLogImpl (DeletedBlockLogImpl.java:isTransactionFailed(278)) - Got block deletion ACK from datanode, TXIDs=3, success=true
2021-08-10 12:16:27,241 [EventQueue-DeleteBlockStatusForDeletedBlockLogImpl] DEBUG block.DeletedBlockLogImpl (DeletedBlockLogImpl.java:commitTransactions(224)) - Transaction txId=3 commit by dnId=01235482-5c07-4b37-86e9-3192ec4df84f for containerID=#3 failed. Corresponding entry not found.
2021-08-10 12:16:27,241 [EventQueue-DeleteBlockStatusForDeletedBlockLogImpl] DEBUG block.DeletedBlockLogImpl (DeletedBlockLogImpl.java:isTransactionFailed(278)) - Got block deletion ACK from datanode, TXIDs=4, success=true
2021-08-10 12:16:27,241 [EventQueue-DeleteBlockStatusForDeletedBlockLogImpl] DEBUG block.DeletedBlockLogImpl (DeletedBlockLogImpl.java:commitTransactions(224)) - Transaction txId=4 commit by dnId=01235482-5c07-4b37-86e9-3192ec4df84f for containerID=#4 failed. Corresponding entry not found.
2021-08-10 12:16:27,242 [EventQueue-DeleteBlockStatusForDeletedBlockLogImpl] DEBUG block.DeletedBlockLogImpl (DeletedBlockLogImpl.java:isTransactionFailed(278)) - Got block deletion ACK from datanode, TXIDs=5, success=true
2021-08-10 12:16:27,242 [EventQueue-DeleteBlockStatusForDeletedBlockLogImpl] DEBUG block.DeletedBlockLogImpl (DeletedBlockLogImpl.java:commitTransactions(224)) - Transaction txId=5 commit by dnId=01235482-5c07-4b37-86e9-3192ec4df84f for containerID=#5 failed. Corresponding entry not found.
2021-08-10 12:16:27,242 [EventQueue-DeleteBlockStatusForDeletedBlockLogImpl] DEBUG block.DeletedBlockLogImpl (DeletedBlockLogImpl.java:isTransactionFailed(278)) - Got block deletion ACK from datanode, TXIDs=1, success=true
2021-08-10 12:16:27,242 [EventQueue-DeleteBlockStatusForDeletedBlockLogImpl] DEBUG block.DeletedBlockLogImpl (DeletedBlockLogImpl.java:commitTransactions(224)) - Transaction txId=1 commit by dnId=01235482-5c07-4b37-86e9-3192ec4df84f for containerID=#1 failed. Corresponding entry not found.
2021-08-10 12:16:27,242 [EventQueue-DeleteBlockStatusForDeletedBlockLogImpl] DEBUG block.DeletedBlockLogImpl (DeletedBlockLogImpl.java:isTransactionFailed(278)) - Got block deletion ACK from datanode, TXIDs=2, success=true
2021-08-10 12:16:27,242 [EventQueue-DeleteBlockStatusForDeletedBlockLogImpl] DEBUG block.DeletedBlockLogImpl (DeletedBlockLogImpl.java:commitTransactions(224)) - Transaction txId=2 commit by dnId=01235482-5c07-4b37-86e9-3192ec4df84f for containerID=#2 failed. Corresponding entry not found.
2021-08-10 12:16:27,242 [EventQueue-DeleteBlockStatusForDeletedBlockLogImpl] DEBUG block.DeletedBlockLogImpl (DeletedBlockLogImpl.java:isTransactionFailed(278)) - Got block deletion ACK from datanode, TXIDs=3, success=true
2021-08-10 12:16:27,242 [EventQueue-DeleteBlockStatusForDeletedBlockLogImpl] DEBUG block.DeletedBlockLogImpl (DeletedBlockLogImpl.java:commitTransactions(224)) - Transaction txId=3 commit by dnId=01235482-5c07-4b37-86e9-3192ec4df84f for containerID=#3 failed. Corresponding entry not found.
2021-08-10 12:16:27,242 [EventQueue-DeleteBlockStatusForDeletedBlockLogImpl] DEBUG block.DeletedBlockLogImpl (DeletedBlockLogImpl.java:isTransactionFailed(278)) - Got block deletion ACK from datanode, TXIDs=4, success=true
2021-08-10 12:16:27,242 [EventQueue-DeleteBlockStatusForDeletedBlockLogImpl] DEBUG block.DeletedBlockLogImpl (DeletedBlockLogImpl.java:commitTransactions(224)) - Transaction txId=4 commit by dnId=01235482-5c07-4b37-86e9-3192ec4df84f for containerID=#4 failed. Corresponding entry not found.
2021-08-10 12:16:27,242 [EventQueue-DeleteBlockStatusForDeletedBlockLogImpl] DEBUG block.DeletedBlockLogImpl (DeletedBlockLogImpl.java:isTransactionFailed(278)) - Got block deletion ACK from datanode, TXIDs=5, success=true
2021-08-10 12:16:27,242 [EventQueue-DeleteBlockStatusForDeletedBlockLogImpl] DEBUG block.DeletedBlockLogImpl (DeletedBlockLogImpl.java:commitTransactions(224)) - Transaction txId=5 commit by dnId=01235482-5c07-4b37-86e9-3192ec4df84f for containerID=#5 failed. Corresponding entry not found.
2021-08-10 12:16:27,242 [EventQueue-DeleteBlockStatusForDeletedBlockLogImpl] DEBUG block.DeletedBlockLogImpl (DeletedBlockLogImpl.java:isTransactionFailed(278)) - Got block deletion ACK from datanode, TXIDs=6, success=true
2021-08-10 12:16:27,242 [EventQueue-DeleteBlockStatusForDeletedBlockLogImpl] DEBUG block.DeletedBlockLogImpl (DeletedBlockLogImpl.java:commitTransactions(224)) - Transaction txId=6 commit by dnId=01235482-5c07-4b37-86e9-3192ec4df84f for containerID=#6 failed. Corresponding entry not found.
2021-08-10 12:16:27,242 [EventQueue-DeleteBlockStatusForDeletedBlockLogImpl] DEBUG block.DeletedBlockLogImpl (DeletedBlockLogImpl.java:isTransactionFailed(278)) - Got block deletion ACK from datanode, TXIDs=7, success=true
2021-08-10 12:16:27,242 [EventQueue-DeleteBlockStatusForDeletedBlockLogImpl] DEBUG block.DeletedBlockLogImpl (DeletedBlockLogImpl.java:commitTransactions(224)) - Transaction txId=7 commit by dnId=01235482-5c07-4b37-86e9-3192ec4df84f for containerID=#7 failed. Corresponding entry not found.
2021-08-10 12:16:27,242 [EventQueue-DeleteBlockStatusForDeletedBlockLogImpl] DEBUG block.DeletedBlockLogImpl (DeletedBlockLogImpl.java:isTransactionFailed(278)) - Got block deletion ACK from datanode, TXIDs=8, success=true
2021-08-10 12:16:27,242 [EventQueue-DeleteBlockStatusForDeletedBlockLogImpl] DEBUG block.DeletedBlockLogImpl (DeletedBlockLogImpl.java:commitTransactions(224)) - Transaction txId=8 commit by dnId=01235482-5c07-4b37-86e9-3192ec4df84f for containerID=#8 failed. Corresponding entry not found.
2021-08-10 12:16:27,242 [EventQueue-DeleteBlockStatusForDeletedBlockLogImpl] DEBUG block.DeletedBlockLogImpl (DeletedBlockLogImpl.java:isTransactionFailed(278)) - Got block deletion ACK from datanode, TXIDs=9, success=true
2021-08-10 12:16:27,242 [EventQueue-DeleteBlockStatusForDeletedBlockLogImpl] DEBUG block.DeletedBlockLogImpl (DeletedBlockLogImpl.java:commitTransactions(224)) - Transaction txId=9 commit by dnId=01235482-5c07-4b37-86e9-3192ec4df84f for containerID=#9 failed. Corresponding entry not found.
2021-08-10 12:16:27,242 [EventQueue-DeleteBlockStatusForDeletedBlockLogImpl] DEBUG block.DeletedBlockLogImpl (DeletedBlockLogImpl.java:isTransactionFailed(278)) - Got block deletion ACK from datanode, TXIDs=10, success=true
2021-08-10 12:16:27,242 [EventQueue-DeleteBlockStatusForDeletedBlockLogImpl] DEBUG block.DeletedBlockLogImpl (DeletedBlockLogImpl.java:commitTransactions(256)) - Datanode txId=10 containerId=#10 committed by dnId=01235482-5c07-4b37-86e9-3192ec4df84f
2021-08-10 12:16:27,242 [EventQueue-DeleteBlockStatusForDeletedBlockLogImpl] DEBUG block.DeletedBlockLogImpl (DeletedBlockLogImpl.java:isTransactionFailed(278)) - Got block deletion ACK from datanode, TXIDs=11, success=true
2021-08-10 12:16:27,242 [EventQueue-DeleteBlockStatusForDeletedBlockLogImpl] DEBUG block.DeletedBlockLogImpl (DeletedBlockLogImpl.java:commitTransactions(256)) - Datanode txId=11 containerId=#11 committed by dnId=01235482-5c07-4b37-86e9-3192ec4df84f
2021-08-10 12:16:27,242 [EventQueue-DeleteBlockStatusForDeletedBlockLogImpl] DEBUG block.DeletedBlockLogImpl (DeletedBlockLogImpl.java:isTransactionFailed(278)) - Got block deletion ACK from datanode, TXIDs=12, success=true
2021-08-10 12:16:27,242 [EventQueue-DeleteBlockStatusForDeletedBlockLogImpl] DEBUG block.DeletedBlockLogImpl (DeletedBlockLogImpl.java:commitTransactions(256)) - Datanode txId=12 containerId=#12 committed by dnId=01235482-5c07-4b37-86e9-3192ec4df84f
2021-08-10 12:16:27,242 [EventQueue-DeleteBlockStatusForDeletedBlockLogImpl] DEBUG block.DeletedBlockLogImpl (DeletedBlockLogImpl.java:isTransactionFailed(278)) - Got block deletion ACK from datanode, TXIDs=13, success=true
2021-08-10 12:16:27,242 [EventQueue-DeleteBlockStatusForDeletedBlockLogImpl] DEBUG block.DeletedBlockLogImpl (DeletedBlockLogImpl.java:commitTransactions(256)) - Datanode txId=13 containerId=#13 committed by dnId=01235482-5c07-4b37-86e9-3192ec4df84f
2021-08-10 12:16:27,242 [EventQueue-DeleteBlockStatusForDeletedBlockLogImpl] DEBUG block.DeletedBlockLogImpl (DeletedBlockLogImpl.java:isTransactionFailed(278)) - Got block deletion ACK from datanode, TXIDs=14, success=true
2021-08-10 12:16:27,242 [EventQueue-DeleteBlockStatusForDeletedBlockLogImpl] DEBUG block.DeletedBlockLogImpl (DeletedBlockLogImpl.java:commitTransactions(256)) - Datanode txId=14 containerId=#14 committed by dnId=01235482-5c07-4b37-86e9-3192ec4df84f
2021-08-10 12:16:27,242 [EventQueue-DeleteBlockStatusForDeletedBlockLogImpl] DEBUG block.DeletedBlockLogImpl (DeletedBlockLogImpl.java:isTransactionFailed(278)) - Got block deletion ACK from datanode, TXIDs=15, success=true
2021-08-10 12:16:27,242 [EventQueue-DeleteBlockStatusForDeletedBlockLogImpl] DEBUG block.DeletedBlockLogImpl (DeletedBlockLogImpl.java:commitTransactions(256)) - Datanode txId=15 containerId=#15 committed by dnId=01235482-5c07-4b37-86e9-3192ec4df84f
2021-08-10 12:16:27,242 [EventQueue-DeleteBlockStatusForDeletedBlockLogImpl] DEBUG block.DeletedBlockLogImpl (DeletedBlockLogImpl.java:isTransactionFailed(278)) - Got block deletion ACK from datanode, TXIDs=16, success=true
2021-08-10 12:16:27,242 [EventQueue-DeleteBlockStatusForDeletedBlockLogImpl] DEBUG block.DeletedBlockLogImpl (DeletedBlockLogImpl.java:commitTransactions(256)) - Datanode txId=16 containerId=#16 committed by dnId=01235482-5c07-4b37-86e9-3192ec4df84f
2021-08-10 12:16:27,242 [EventQueue-DeleteBlockStatusForDeletedBlockLogImpl] DEBUG block.DeletedBlockLogImpl (DeletedBlockLogImpl.java:isTransactionFailed(278)) - Got block deletion ACK from datanode, TXIDs=17, success=true
2021-08-10 12:16:27,242 [EventQueue-DeleteBlockStatusForDeletedBlockLogImpl] DEBUG block.DeletedBlockLogImpl (DeletedBlockLogImpl.java:commitTransactions(256)) - Datanode txId=17 containerId=#17 committed by dnId=01235482-5c07-4b37-86e9-3192ec4df84f
2021-08-10 12:16:27,242 [EventQueue-DeleteBlockStatusForDeletedBlockLogImpl] DEBUG block.DeletedBlockLogImpl (DeletedBlockLogImpl.java:isTransactionFailed(278)) - Got block deletion ACK from datanode, TXIDs=18, success=true
2021-08-10 12:16:27,242 [EventQueue-DeleteBlockStatusForDeletedBlockLogImpl] DEBUG block.DeletedBlockLogImpl (DeletedBlockLogImpl.java:commitTransactions(256)) - Datanode txId=18 containerId=#18 committed by dnId=01235482-5c07-4b37-86e9-3192ec4df84f
2021-08-10 12:16:27,242 [EventQueue-DeleteBlockStatusForDeletedBlockLogImpl] DEBUG block.DeletedBlockLogImpl (DeletedBlockLogImpl.java:isTransactionFailed(278)) - Got block deletion ACK from datanode, TXIDs=19, success=true
2021-08-10 12:16:27,242 [EventQueue-DeleteBlockStatusForDeletedBlockLogImpl] DEBUG block.DeletedBlockLogImpl (DeletedBlockLogImpl.java:commitTransactions(256)) - Datanode txId=19 containerId=#19 committed by dnId=01235482-5c07-4b37-86e9-3192ec4df84f
2021-08-10 12:16:27,242 [EventQueue-DeleteBlockStatusForDeletedBlockLogImpl] DEBUG block.DeletedBlockLogImpl (DeletedBlockLogImpl.java:isTransactionFailed(278)) - Got block deletion ACK from datanode, TXIDs=20, success=true
2021-08-10 12:16:27,242 [EventQueue-DeleteBlockStatusForDeletedBlockLogImpl] DEBUG block.DeletedBlockLogImpl (DeletedBlockLogImpl.java:commitTransactions(256)) - Datanode txId=20 containerId=#20 committed by dnId=01235482-5c07-4b37-86e9-3192ec4df84f
2021-08-10 12:16:27,242 [EventQueue-DeleteBlockStatusForDeletedBlockLogImpl] DEBUG block.DeletedBlockLogImpl (DeletedBlockLogImpl.java:isTransactionFailed(278)) - Got block deletion ACK from datanode, TXIDs=21, success=true
2021-08-10 12:16:27,242 [EventQueue-DeleteBlockStatusForDeletedBlockLogImpl] DEBUG block.DeletedBlockLogImpl (DeletedBlockLogImpl.java:commitTransactions(256)) - Datanode txId=21 containerId=#21 committed by dnId=01235482-5c07-4b37-86e9-3192ec4df84f
2021-08-10 12:16:27,242 [EventQueue-DeleteBlockStatusForDeletedBlockLogImpl] DEBUG block.DeletedBlockLogImpl (DeletedBlockLogImpl.java:isTransactionFailed(278)) - Got block deletion ACK from datanode, TXIDs=22, success=true
2021-08-10 12:16:27,242 [EventQueue-DeleteBlockStatusForDeletedBlockLogImpl] DEBUG block.DeletedBlockLogImpl (DeletedBlockLogImpl.java:commitTransactions(256)) - Datanode txId=22 containerId=#22 committed by dnId=01235482-5c07-4b37-86e9-3192ec4df84f
2021-08-10 12:16:27,242 [EventQueue-DeleteBlockStatusForDeletedBlockLogImpl] DEBUG block.DeletedBlockLogImpl (DeletedBlockLogImpl.java:isTransactionFailed(278)) - Got block deletion ACK from datanode, TXIDs=23, success=true
2021-08-10 12:16:27,243 [EventQueue-DeleteBlockStatusForDeletedBlockLogImpl] DEBUG block.DeletedBlockLogImpl (DeletedBlockLogImpl.java:commitTransactions(256)) - Datanode txId=23 containerId=#23 committed by dnId=01235482-5c07-4b37-86e9-3192ec4df84f
2021-08-10 12:16:27,243 [EventQueue-DeleteBlockStatusForDeletedBlockLogImpl] DEBUG block.DeletedBlockLogImpl (DeletedBlockLogImpl.java:isTransactionFailed(278)) - Got block deletion ACK from datanode, TXIDs=24, success=true
2021-08-10 12:16:27,243 [EventQueue-DeleteBlockStatusForDeletedBlockLogImpl] DEBUG block.DeletedBlockLogImpl (DeletedBlockLogImpl.java:commitTransactions(256)) - Datanode txId=24 containerId=#24 committed by dnId=01235482-5c07-4b37-86e9-3192ec4df84f
2021-08-10 12:16:27,243 [EventQueue-DeleteBlockStatusForDeletedBlockLogImpl] DEBUG block.DeletedBlockLogImpl (DeletedBlockLogImpl.java:isTransactionFailed(278)) - Got block deletion ACK from datanode, TXIDs=25, success=true
2021-08-10 12:16:27,243 [EventQueue-DeleteBlockStatusForDeletedBlockLogImpl] DEBUG block.DeletedBlockLogImpl (DeletedBlockLogImpl.java:commitTransactions(256)) - Datanode txId=25 containerId=#25 committed by dnId=01235482-5c07-4b37-86e9-3192ec4df84f
2021-08-10 12:16:27,243 [EventQueue-DeleteBlockStatusForDeletedBlockLogImpl] DEBUG block.DeletedBlockLogImpl (DeletedBlockLogImpl.java:isTransactionFailed(278)) - Got block deletion ACK from datanode, TXIDs=26, success=true
2021-08-10 12:16:27,243 [EventQueue-DeleteBlockStatusForDeletedBlockLogImpl] DEBUG block.DeletedBlockLogImpl (DeletedBlockLogImpl.java:commitTransactions(256)) - Datanode txId=26 containerId=#26 committed by dnId=01235482-5c07-4b37-86e9-3192ec4df84f
2021-08-10 12:16:27,243 [EventQueue-DeleteBlockStatusForDeletedBlockLogImpl] DEBUG block.DeletedBlockLogImpl (DeletedBlockLogImpl.java:isTransactionFailed(278)) - Got block deletion ACK from datanode, TXIDs=27, success=true
2021-08-10 12:16:27,243 [EventQueue-DeleteBlockStatusForDeletedBlockLogImpl] DEBUG block.DeletedBlockLogImpl (DeletedBlockLogImpl.java:commitTransactions(256)) - Datanode txId=27 containerId=#27 committed by dnId=01235482-5c07-4b37-86e9-3192ec4df84f
2021-08-10 12:16:27,243 [EventQueue-DeleteBlockStatusForDeletedBlockLogImpl] DEBUG block.DeletedBlockLogImpl (DeletedBlockLogImpl.java:isTransactionFailed(278)) - Got block deletion ACK from datanode, TXIDs=28, success=true
2021-08-10 12:16:27,243 [EventQueue-DeleteBlockStatusForDeletedBlockLogImpl] DEBUG block.DeletedBlockLogImpl (DeletedBlockLogImpl.java:commitTransactions(256)) - Datanode txId=28 containerId=#28 committed by dnId=01235482-5c07-4b37-86e9-3192ec4df84f
2021-08-10 12:16:27,243 [EventQueue-DeleteBlockStatusForDeletedBlockLogImpl] DEBUG block.DeletedBlockLogImpl (DeletedBlockLogImpl.java:isTransactionFailed(278)) - Got block deletion ACK from datanode, TXIDs=29, success=true
2021-08-10 12:16:27,243 [EventQueue-DeleteBlockStatusForDeletedBlockLogImpl] DEBUG block.DeletedBlockLogImpl (DeletedBlockLogImpl.java:commitTransactions(256)) - Datanode txId=29 containerId=#29 committed by dnId=01235482-5c07-4b37-86e9-3192ec4df84f
2021-08-10 12:16:27,243 [EventQueue-DeleteBlockStatusForDeletedBlockLogImpl] DEBUG block.DeletedBlockLogImpl (DeletedBlockLogImpl.java:isTransactionFailed(278)) - Got block deletion ACK from datanode, TXIDs=30, success=true
2021-08-10 12:16:27,243 [EventQueue-DeleteBlockStatusForDeletedBlockLogImpl] DEBUG block.DeletedBlockLogImpl (DeletedBlockLogImpl.java:commitTransactions(256)) - Datanode txId=30 containerId=#30 committed by dnId=01235482-5c07-4b37-86e9-3192ec4df84f
2021-08-10 12:16:27,243 [EventQueue-DeleteBlockStatusForDeletedBlockLogImpl] DEBUG block.DeletedBlockLogImpl (DeletedBlockLogImpl.java:isTransactionFailed(278)) - Got block deletion ACK from datanode, TXIDs=31, success=true
2021-08-10 12:16:27,243 [EventQueue-DeleteBlockStatusForDeletedBlockLogImpl] DEBUG block.DeletedBlockLogImpl (DeletedBlockLogImpl.java:commitTransactions(256)) - Datanode txId=31 containerId=#31 committed by dnId=01235482-5c07-4b37-86e9-3192ec4df84f
2021-08-10 12:16:27,243 [EventQueue-DeleteBlockStatusForDeletedBlockLogImpl] DEBUG block.DeletedBlockLogImpl (DeletedBlockLogImpl.java:isTransactionFailed(278)) - Got block deletion ACK from datanode, TXIDs=32, success=true
2021-08-10 12:16:27,243 [EventQueue-DeleteBlockStatusForDeletedBlockLogImpl] DEBUG block.DeletedBlockLogImpl (DeletedBlockLogImpl.java:commitTransactions(256)) - Datanode txId=32 containerId=#32 committed by dnId=01235482-5c07-4b37-86e9-3192ec4df84f
2021-08-10 12:16:27,243 [EventQueue-DeleteBlockStatusForDeletedBlockLogImpl] DEBUG block.DeletedBlockLogImpl (DeletedBlockLogImpl.java:isTransactionFailed(278)) - Got block deletion ACK from datanode, TXIDs=33, success=true
2021-08-10 12:16:27,243 [EventQueue-DeleteBlockStatusForDeletedBlockLogImpl] DEBUG block.DeletedBlockLogImpl (DeletedBlockLogImpl.java:commitTransactions(256)) - Datanode txId=33 containerId=#33 committed by dnId=01235482-5c07-4b37-86e9-3192ec4df84f
2021-08-10 12:16:27,243 [EventQueue-DeleteBlockStatusForDeletedBlockLogImpl] DEBUG block.DeletedBlockLogImpl (DeletedBlockLogImpl.java:isTransactionFailed(278)) - Got block deletion ACK from datanode, TXIDs=34, success=true
2021-08-10 12:16:27,243 [EventQueue-DeleteBlockStatusForDeletedBlockLogImpl] DEBUG block.DeletedBlockLogImpl (DeletedBlockLogImpl.java:commitTransactions(256)) - Datanode txId=34 containerId=#34 committed by dnId=01235482-5c07-4b37-86e9-3192ec4df84f
2021-08-10 12:16:27,243 [EventQueue-DeleteBlockStatusForDeletedBlockLogImpl] DEBUG block.DeletedBlockLogImpl (DeletedBlockLogImpl.java:isTransactionFailed(278)) - Got block deletion ACK from datanode, TXIDs=35, success=true
2021-08-10 12:16:27,243 [EventQueue-DeleteBlockStatusForDeletedBlockLogImpl] DEBUG block.DeletedBlockLogImpl (DeletedBlockLogImpl.java:commitTransactions(256)) - Datanode txId=35 containerId=#35 committed by dnId=01235482-5c07-4b37-86e9-3192ec4df84f
2021-08-10 12:16:27,243 [EventQueue-DeleteBlockStatusForDeletedBlockLogImpl] DEBUG block.DeletedBlockLogImpl (DeletedBlockLogImpl.java:isTransactionFailed(278)) - Got block deletion ACK from datanode, TXIDs=36, success=true
2021-08-10 12:16:27,243 [EventQueue-DeleteBlockStatusForDeletedBlockLogImpl] DEBUG block.DeletedBlockLogImpl (DeletedBlockLogImpl.java:commitTransactions(256)) - Datanode txId=36 containerId=#36 committed by dnId=01235482-5c07-4b37-86e9-3192ec4df84f
2021-08-10 12:16:27,243 [EventQueue-DeleteBlockStatusForDeletedBlockLogImpl] DEBUG block.DeletedBlockLogImpl (DeletedBlockLogImpl.java:isTransactionFailed(278)) - Got block deletion ACK from datanode, TXIDs=37, success=true
2021-08-10 12:16:27,243 [EventQueue-DeleteBlockStatusForDeletedBlockLogImpl] DEBUG block.DeletedBlockLogImpl (DeletedBlockLogImpl.java:commitTransactions(256)) - Datanode txId=37 containerId=#37 committed by dnId=01235482-5c07-4b37-86e9-3192ec4df84f
2021-08-10 12:16:27,243 [EventQueue-DeleteBlockStatusForDeletedBlockLogImpl] DEBUG block.DeletedBlockLogImpl (DeletedBlockLogImpl.java:isTransactionFailed(278)) - Got block deletion ACK from datanode, TXIDs=38, success=true
2021-08-10 12:16:27,243 [EventQueue-DeleteBlockStatusForDeletedBlockLogImpl] DEBUG block.DeletedBlockLogImpl (DeletedBlockLogImpl.java:commitTransactions(256)) - Datanode txId=38 containerId=#38 committed by dnId=01235482-5c07-4b37-86e9-3192ec4df84f
2021-08-10 12:16:27,243 [EventQueue-DeleteBlockStatusForDeletedBlockLogImpl] DEBUG block.DeletedBlockLogImpl (DeletedBlockLogImpl.java:isTransactionFailed(278)) - Got block deletion ACK from datanode, TXIDs=39, success=true
2021-08-10 12:16:27,243 [EventQueue-DeleteBlockStatusForDeletedBlockLogImpl] DEBUG block.DeletedBlockLogImpl (DeletedBlockLogImpl.java:commitTransactions(256)) - Datanode txId=39 containerId=#39 committed by dnId=01235482-5c07-4b37-86e9-3192ec4df84f
2021-08-10 12:16:27,243 [EventQueue-DeleteBlockStatusForDeletedBlockLogImpl] DEBUG block.DeletedBlockLogImpl (DeletedBlockLogImpl.java:isTransactionFailed(278)) - Got block deletion ACK from datanode, TXIDs=40, success=true
2021-08-10 12:16:27,243 [EventQueue-DeleteBlockStatusForDeletedBlockLogImpl] DEBUG block.DeletedBlockLogImpl (DeletedBlockLogImpl.java:commitTransactions(256)) - Datanode txId=40 containerId=#40 committed by dnId=01235482-5c07-4b37-86e9-3192ec4df84f
2021-08-10 12:16:27,243 [EventQueue-DeleteBlockStatusForDeletedBlockLogImpl] DEBUG block.DeletedBlockLogImpl (DeletedBlockLogImpl.java:isTransactionFailed(278)) - Got block deletion ACK from datanode, TXIDs=41, success=true
2021-08-10 12:16:27,243 [EventQueue-DeleteBlockStatusForDeletedBlockLogImpl] DEBUG block.DeletedBlockLogImpl (DeletedBlockLogImpl.java:commitTransactions(256)) - Datanode txId=41 containerId=#41 committed by dnId=01235482-5c07-4b37-86e9-3192ec4df84f
2021-08-10 12:16:27,243 [EventQueue-DeleteBlockStatusForDeletedBlockLogImpl] DEBUG block.DeletedBlockLogImpl (DeletedBlockLogImpl.java:isTransactionFailed(278)) - Got block deletion ACK from datanode, TXIDs=42, success=true
2021-08-10 12:16:27,243 [EventQueue-DeleteBlockStatusForDeletedBlockLogImpl] DEBUG block.DeletedBlockLogImpl (DeletedBlockLogImpl.java:commitTransactions(256)) - Datanode txId=42 containerId=#42 committed by dnId=01235482-5c07-4b37-86e9-3192ec4df84f
2021-08-10 12:16:27,243 [EventQueue-DeleteBlockStatusForDeletedBlockLogImpl] DEBUG block.DeletedBlockLogImpl (DeletedBlockLogImpl.java:isTransactionFailed(278)) - Got block deletion ACK from datanode, TXIDs=43, success=true
2021-08-10 12:16:27,243 [EventQueue-DeleteBlockStatusForDeletedBlockLogImpl] DEBUG block.DeletedBlockLogImpl (DeletedBlockLogImpl.java:commitTransactions(256)) - Datanode txId=43 containerId=#43 committed by dnId=01235482-5c07-4b37-86e9-3192ec4df84f
2021-08-10 12:16:27,243 [EventQueue-DeleteBlockStatusForDeletedBlockLogImpl] DEBUG block.DeletedBlockLogImpl (DeletedBlockLogImpl.java:isTransactionFailed(278)) - Got block deletion ACK from datanode, TXIDs=44, success=true
2021-08-10 12:16:27,243 [EventQueue-DeleteBlockStatusForDeletedBlockLogImpl] DEBUG block.DeletedBlockLogImpl (DeletedBlockLogImpl.java:commitTransactions(256)) - Datanode txId=44 containerId=#44 committed by dnId=01235482-5c07-4b37-86e9-3192ec4df84f
2021-08-10 12:16:27,243 [EventQueue-DeleteBlockStatusForDeletedBlockLogImpl] DEBUG block.DeletedBlockLogImpl (DeletedBlockLogImpl.java:isTransactionFailed(278)) - Got block deletion ACK from datanode, TXIDs=45, success=true
2021-08-10 12:16:27,243 [EventQueue-DeleteBlockStatusForDeletedBlockLogImpl] DEBUG block.DeletedBlockLogImpl (DeletedBlockLogImpl.java:commitTransactions(256)) - Datanode txId=45 containerId=#45 committed by dnId=01235482-5c07-4b37-86e9-3192ec4df84f
2021-08-10 12:16:27,243 [EventQueue-DeleteBlockStatusForDeletedBlockLogImpl] DEBUG block.DeletedBlockLogImpl (DeletedBlockLogImpl.java:isTransactionFailed(278)) - Got block deletion ACK from datanode, TXIDs=46, success=true
2021-08-10 12:16:27,243 [EventQueue-DeleteBlockStatusForDeletedBlockLogImpl] DEBUG block.DeletedBlockLogImpl (DeletedBlockLogImpl.java:commitTransactions(256)) - Datanode txId=46 containerId=#46 committed by dnId=01235482-5c07-4b37-86e9-3192ec4df84f
2021-08-10 12:16:27,243 [EventQueue-DeleteBlockStatusForDeletedBlockLogImpl] DEBUG block.DeletedBlockLogImpl (DeletedBlockLogImpl.java:isTransactionFailed(278)) - Got block deletion ACK from datanode, TXIDs=47, success=true
2021-08-10 12:16:27,243 [EventQueue-DeleteBlockStatusForDeletedBlockLogImpl] DEBUG block.DeletedBlockLogImpl (DeletedBlockLogImpl.java:commitTransactions(256)) - Datanode txId=47 containerId=#47 committed by dnId=01235482-5c07-4b37-86e9-3192ec4df84f
2021-08-10 12:16:27,243 [EventQueue-DeleteBlockStatusForDeletedBlockLogImpl] DEBUG block.DeletedBlockLogImpl (DeletedBlockLogImpl.java:isTransactionFailed(278)) - Got block deletion ACK from datanode, TXIDs=48, success=true
2021-08-10 12:16:27,243 [EventQueue-DeleteBlockStatusForDeletedBlockLogImpl] DEBUG block.DeletedBlockLogImpl (DeletedBlockLogImpl.java:commitTransactions(256)) - Datanode txId=48 containerId=#48 committed by dnId=01235482-5c07-4b37-86e9-3192ec4df84f
2021-08-10 12:16:27,244 [EventQueue-DeleteBlockStatusForDeletedBlockLogImpl] DEBUG block.DeletedBlockLogImpl (DeletedBlockLogImpl.java:isTransactionFailed(278)) - Got block deletion ACK from datanode, TXIDs=49, success=true
2021-08-10 12:16:27,244 [EventQueue-DeleteBlockStatusForDeletedBlockLogImpl] DEBUG block.DeletedBlockLogImpl (DeletedBlockLogImpl.java:commitTransactions(256)) - Datanode txId=49 containerId=#49 committed by dnId=01235482-5c07-4b37-86e9-3192ec4df84f
2021-08-10 12:16:27,244 [EventQueue-DeleteBlockStatusForDeletedBlockLogImpl] DEBUG block.DeletedBlockLogImpl (DeletedBlockLogImpl.java:isTransactionFailed(278)) - Got block deletion ACK from datanode, TXIDs=50, success=true
2021-08-10 12:16:27,244 [EventQueue-DeleteBlockStatusForDeletedBlockLogImpl] DEBUG block.DeletedBlockLogImpl (DeletedBlockLogImpl.java:commitTransactions(256)) - Datanode txId=50 containerId=#50 committed by dnId=01235482-5c07-4b37-86e9-3192ec4df84f
2021-08-10 12:16:27,244 [EventQueue-DeleteBlockStatusForDeletedBlockLogImpl] DEBUG block.DeletedBlockLogImpl (DeletedBlockLogImpl.java:isTransactionFailed(278)) - Got block deletion ACK from datanode, TXIDs=51, success=true
2021-08-10 12:16:27,244 [EventQueue-DeleteBlockStatusForDeletedBlockLogImpl] DEBUG block.DeletedBlockLogImpl (DeletedBlockLogImpl.java:commitTransactions(256)) - Datanode txId=51 containerId=#51 committed by dnId=01235482-5c07-4b37-86e9-3192ec4df84f
2021-08-10 12:16:27,244 [EventQueue-DeleteBlockStatusForDeletedBlockLogImpl] DEBUG block.DeletedBlockLogImpl (DeletedBlockLogImpl.java:isTransactionFailed(278)) - Got block deletion ACK from datanode, TXIDs=52, success=true
2021-08-10 12:16:27,244 [EventQueue-DeleteBlockStatusForDeletedBlockLogImpl] DEBUG block.DeletedBlockLogImpl (DeletedBlockLogImpl.java:commitTransactions(256)) - Datanode txId=52 containerId=#52 committed by dnId=01235482-5c07-4b37-86e9-3192ec4df84f
2021-08-10 12:16:27,244 [EventQueue-DeleteBlockStatusForDeletedBlockLogImpl] DEBUG block.DeletedBlockLogImpl (DeletedBlockLogImpl.java:isTransactionFailed(278)) - Got block deletion ACK from datanode, TXIDs=53, success=true
2021-08-10 12:16:27,244 [EventQueue-DeleteBlockStatusForDeletedBlockLogImpl] DEBUG block.DeletedBlockLogImpl (DeletedBlockLogImpl.java:commitTransactions(256)) - Datanode txId=53 containerId=#53 committed by dnId=01235482-5c07-4b37-86e9-3192ec4df84f
2021-08-10 12:16:27,244 [EventQueue-DeleteBlockStatusForDeletedBlockLogImpl] DEBUG block.DeletedBlockLogImpl (DeletedBlockLogImpl.java:isTransactionFailed(278)) - Got block deletion ACK from datanode, TXIDs=54, success=true
2021-08-10 12:16:27,244 [EventQueue-DeleteBlockStatusForDeletedBlockLogImpl] DEBUG block.DeletedBlockLogImpl (DeletedBlockLogImpl.java:commitTransactions(256)) - Datanode txId=54 containerId=#54 committed by dnId=01235482-5c07-4b37-86e9-3192ec4df84f
2021-08-10 12:16:27,244 [EventQueue-DeleteBlockStatusForDeletedBlockLogImpl] DEBUG block.DeletedBlockLogImpl (DeletedBlockLogImpl.java:isTransactionFailed(278)) - Got block deletion ACK from datanode, TXIDs=55, success=true
2021-08-10 12:16:27,244 [EventQueue-DeleteBlockStatusForDeletedBlockLogImpl] DEBUG block.DeletedBlockLogImpl (DeletedBlockLogImpl.java:commitTransactions(256)) - Datanode txId=55 containerId=#55 committed by dnId=01235482-5c07-4b37-86e9-3192ec4df84f
2021-08-10 12:16:27,244 [EventQueue-DeleteBlockStatusForDeletedBlockLogImpl] DEBUG block.DeletedBlockLogImpl (DeletedBlockLogImpl.java:isTransactionFailed(278)) - Got block deletion ACK from datanode, TXIDs=56, success=true
2021-08-10 12:16:27,244 [EventQueue-DeleteBlockStatusForDeletedBlockLogImpl] DEBUG block.DeletedBlockLogImpl (DeletedBlockLogImpl.java:commitTransactions(256)) - Datanode txId=56 containerId=#56 committed by dnId=01235482-5c07-4b37-86e9-3192ec4df84f
2021-08-10 12:16:27,244 [EventQueue-DeleteBlockStatusForDeletedBlockLogImpl] DEBUG block.DeletedBlockLogImpl (DeletedBlockLogImpl.java:isTransactionFailed(278)) - Got block deletion ACK from datanode, TXIDs=1, success=true
2021-08-10 12:16:27,244 [EventQueue-DeleteBlockStatusForDeletedBlockLogImpl] DEBUG block.DeletedBlockLogImpl (DeletedBlockLogImpl.java:commitTransactions(224)) - Transaction txId=1 commit by dnId=01235482-5c07-4b37-86e9-3192ec4df84f for containerID=#1 failed. Corresponding entry not found.
2021-08-10 12:16:27,244 [EventQueue-DeleteBlockStatusForDeletedBlockLogImpl] DEBUG block.DeletedBlockLogImpl (DeletedBlockLogImpl.java:isTransactionFailed(278)) - Got block deletion ACK from datanode, TXIDs=2, success=true
2021-08-10 12:16:27,244 [EventQueue-DeleteBlockStatusForDeletedBlockLogImpl] DEBUG block.DeletedBlockLogImpl (DeletedBlockLogImpl.java:commitTransactions(224)) - Transaction txId=2 commit by dnId=01235482-5c07-4b37-86e9-3192ec4df84f for containerID=#2 failed. Corresponding entry not found.
2021-08-10 12:16:27,244 [EventQueue-DeleteBlockStatusForDeletedBlockLogImpl] DEBUG block.DeletedBlockLogImpl (DeletedBlockLogImpl.java:isTransactionFailed(278)) - Got block deletion ACK from datanode, TXIDs=3, success=true
2021-08-10 12:16:27,244 [EventQueue-DeleteBlockStatusForDeletedBlockLogImpl] DEBUG block.DeletedBlockLogImpl (DeletedBlockLogImpl.java:commitTransactions(224)) - Transaction txId=3 commit by dnId=01235482-5c07-4b37-86e9-3192ec4df84f for containerID=#3 failed. Corresponding entry not found.
2021-08-10 12:16:27,244 [EventQueue-DeleteBlockStatusForDeletedBlockLogImpl] DEBUG block.DeletedBlockLogImpl (DeletedBlockLogImpl.java:isTransactionFailed(278)) - Got block deletion ACK from datanode, TXIDs=4, success=true
2021-08-10 12:16:27,244 [EventQueue-DeleteBlockStatusForDeletedBlockLogImpl] DEBUG block.DeletedBlockLogImpl (DeletedBlockLogImpl.java:commitTransactions(224)) - Transaction txId=4 commit by dnId=01235482-5c07-4b37-86e9-3192ec4df84f for containerID=#4 failed. Corresponding entry not found.
2021-08-10 12:16:27,244 [EventQueue-DeleteBlockStatusForDeletedBlockLogImpl] DEBUG block.DeletedBlockLogImpl (DeletedBlockLogImpl.java:isTransactionFailed(278)) - Got block deletion ACK from datanode, TXIDs=5, success=true
2021-08-10 12:16:27,244 [EventQueue-DeleteBlockStatusForDeletedBlockLogImpl] DEBUG block.DeletedBlockLogImpl (DeletedBlockLogImpl.java:commitTransactions(224)) - Transaction txId=5 commit by dnId=01235482-5c07-4b37-86e9-3192ec4df84f for containerID=#5 failed. Corresponding entry not found.
2021-08-10 12:16:27,244 [EventQueue-DeleteBlockStatusForDeletedBlockLogImpl] DEBUG block.DeletedBlockLogImpl (DeletedBlockLogImpl.java:isTransactionFailed(278)) - Got block deletion ACK from datanode, TXIDs=6, success=true
2021-08-10 12:16:27,244 [EventQueue-DeleteBlockStatusForDeletedBlockLogImpl] DEBUG block.DeletedBlockLogImpl (DeletedBlockLogImpl.java:commitTransactions(224)) - Transaction txId=6 commit by dnId=01235482-5c07-4b37-86e9-3192ec4df84f for containerID=#6 failed. Corresponding entry not found.
2021-08-10 12:16:27,244 [EventQueue-DeleteBlockStatusForDeletedBlockLogImpl] DEBUG block.DeletedBlockLogImpl (DeletedBlockLogImpl.java:isTransactionFailed(278)) - Got block deletion ACK from datanode, TXIDs=1, success=true
2021-08-10 12:16:27,244 [EventQueue-DeleteBlockStatusForDeletedBlockLogImpl] DEBUG block.DeletedBlockLogImpl (DeletedBlockLogImpl.java:commitTransactions(224)) - Transaction txId=1 commit by dnId=01235482-5c07-4b37-86e9-3192ec4df84f for containerID=#1 failed. Corresponding entry not found.
2021-08-10 12:16:27,244 [EventQueue-DeleteBlockStatusForDeletedBlockLogImpl] DEBUG block.DeletedBlockLogImpl (DeletedBlockLogImpl.java:isTransactionFailed(278)) - Got block deletion ACK from datanode, TXIDs=2, success=true
2021-08-10 12:16:27,244 [EventQueue-DeleteBlockStatusForDeletedBlockLogImpl] DEBUG block.DeletedBlockLogImpl (DeletedBlockLogImpl.java:commitTransactions(224)) - Transaction txId=2 commit by dnId=01235482-5c07-4b37-86e9-3192ec4df84f for containerID=#2 failed. Corresponding entry not found.
2021-08-10 12:16:27,244 [EventQueue-DeleteBlockStatusForDeletedBlockLogImpl] DEBUG block.DeletedBlockLogImpl (DeletedBlockLogImpl.java:isTransactionFailed(278)) - Got block deletion ACK from datanode, TXIDs=3, success=true
2021-08-10 12:16:27,244 [EventQueue-DeleteBlockStatusForDeletedBlockLogImpl] DEBUG block.DeletedBlockLogImpl (DeletedBlockLogImpl.java:commitTransactions(224)) - Transaction txId=3 commit by dnId=01235482-5c07-4b37-86e9-3192ec4df84f for containerID=#3 failed. Corresponding entry not found.
2021-08-10 12:16:27,244 [EventQueue-DeleteBlockStatusForDeletedBlockLogImpl] DEBUG block.DeletedBlockLogImpl (DeletedBlockLogImpl.java:isTransactionFailed(278)) - Got block deletion ACK from datanode, TXIDs=4, success=true
2021-08-10 12:16:27,244 [EventQueue-DeleteBlockStatusForDeletedBlockLogImpl] DEBUG block.DeletedBlockLogImpl (DeletedBlockLogImpl.java:commitTransactions(224)) - Transaction txId=4 commit by dnId=01235482-5c07-4b37-86e9-3192ec4df84f for containerID=#4 failed. Corresponding entry not found.
2021-08-10 12:16:27,244 [EventQueue-DeleteBlockStatusForDeletedBlockLogImpl] DEBUG block.DeletedBlockLogImpl (DeletedBlockLogImpl.java:isTransactionFailed(278)) - Got block deletion ACK from datanode, TXIDs=5, success=true
2021-08-10 12:16:27,244 [EventQueue-DeleteBlockStatusForDeletedBlockLogImpl] DEBUG block.DeletedBlockLogImpl (DeletedBlockLogImpl.java:commitTransactions(224)) - Transaction txId=5 commit by dnId=01235482-5c07-4b37-86e9-3192ec4df84f for containerID=#5 failed. Corresponding entry not found.
2021-08-10 12:16:27,244 [EventQueue-DeleteBlockStatusForDeletedBlockLogImpl] DEBUG block.DeletedBlockLogImpl (DeletedBlockLogImpl.java:isTransactionFailed(278)) - Got block deletion ACK from datanode, TXIDs=6, success=true
2021-08-10 12:16:27,244 [EventQueue-DeleteBlockStatusForDeletedBlockLogImpl] DEBUG block.DeletedBlockLogImpl (DeletedBlockLogImpl.java:commitTransactions(224)) - Transaction txId=6 commit by dnId=01235482-5c07-4b37-86e9-3192ec4df84f for containerID=#6 failed. Corresponding entry not found.
2021-08-10 12:16:27,244 [EventQueue-DeleteBlockStatusForDeletedBlockLogImpl] DEBUG block.DeletedBlockLogImpl (DeletedBlockLogImpl.java:isTransactionFailed(278)) - Got block deletion ACK from datanode, TXIDs=7, success=true
2021-08-10 12:16:27,244 [EventQueue-DeleteBlockStatusForDeletedBlockLogImpl] DEBUG block.DeletedBlockLogImpl (DeletedBlockLogImpl.java:commitTransactions(224)) - Transaction txId=7 commit by dnId=01235482-5c07-4b37-86e9-3192ec4df84f for containerID=#7 failed. Corresponding entry not found.
2021-08-10 12:16:27,244 [EventQueue-DeleteBlockStatusForDeletedBlockLogImpl] DEBUG block.DeletedBlockLogImpl (DeletedBlockLogImpl.java:isTransactionFailed(278)) - Got block deletion ACK from datanode, TXIDs=8, success=true
2021-08-10 12:16:27,244 [EventQueue-DeleteBlockStatusForDeletedBlockLogImpl] DEBUG block.DeletedBlockLogImpl (DeletedBlockLogImpl.java:commitTransactions(224)) - Transaction txId=8 commit by dnId=01235482-5c07-4b37-86e9-3192ec4df84f for containerID=#8 failed. Corresponding entry not found.
2021-08-10 12:16:27,244 [EventQueue-DeleteBlockStatusForDeletedBlockLogImpl] DEBUG block.DeletedBlockLogImpl (DeletedBlockLogImpl.java:isTransactionFailed(278)) - Got block deletion ACK from datanode, TXIDs=9, success=true
2021-08-10 12:16:27,244 [EventQueue-DeleteBlockStatusForDeletedBlockLogImpl] DEBUG block.DeletedBlockLogImpl (DeletedBlockLogImpl.java:commitTransactions(224)) - Transaction txId=9 commit by dnId=01235482-5c07-4b37-86e9-3192ec4df84f for containerID=#9 failed. Corresponding entry not found.
2021-08-10 12:16:27,244 [EventQueue-DeleteBlockStatusForDeletedBlockLogImpl] DEBUG block.DeletedBlockLogImpl (DeletedBlockLogImpl.java:isTransactionFailed(278)) - Got block deletion ACK from datanode, TXIDs=10, success=true
2021-08-10 12:16:27,244 [EventQueue-DeleteBlockStatusForDeletedBlockLogImpl] DEBUG block.DeletedBlockLogImpl (DeletedBlockLogImpl.java:commitTransactions(256)) - Datanode txId=10 containerId=#10 committed by dnId=01235482-5c07-4b37-86e9-3192ec4df84f
2021-08-10 12:16:27,244 [EventQueue-DeleteBlockStatusForDeletedBlockLogImpl] DEBUG block.DeletedBlockLogImpl (DeletedBlockLogImpl.java:isTransactionFailed(278)) - Got block deletion ACK from datanode, TXIDs=11, success=true
2021-08-10 12:16:27,244 [EventQueue-DeleteBlockStatusForDeletedBlockLogImpl] DEBUG block.DeletedBlockLogImpl (DeletedBlockLogImpl.java:commitTransactions(256)) - Datanode txId=11 containerId=#11 committed by dnId=01235482-5c07-4b37-86e9-3192ec4df84f
2021-08-10 12:16:27,244 [EventQueue-DeleteBlockStatusForDeletedBlockLogImpl] DEBUG block.DeletedBlockLogImpl (DeletedBlockLogImpl.java:isTransactionFailed(278)) - Got block deletion ACK from datanode, TXIDs=12, success=true
2021-08-10 12:16:27,245 [EventQueue-DeleteBlockStatusForDeletedBlockLogImpl] DEBUG block.DeletedBlockLogImpl (DeletedBlockLogImpl.java:commitTransactions(256)) - Datanode txId=12 containerId=#12 committed by dnId=01235482-5c07-4b37-86e9-3192ec4df84f
2021-08-10 12:16:27,245 [EventQueue-DeleteBlockStatusForDeletedBlockLogImpl] DEBUG block.DeletedBlockLogImpl (DeletedBlockLogImpl.java:isTransactionFailed(278)) - Got block deletion ACK from datanode, TXIDs=13, success=true
2021-08-10 12:16:27,245 [EventQueue-DeleteBlockStatusForDeletedBlockLogImpl] DEBUG block.DeletedBlockLogImpl (DeletedBlockLogImpl.java:commitTransactions(256)) - Datanode txId=13 containerId=#13 committed by dnId=01235482-5c07-4b37-86e9-3192ec4df84f
2021-08-10 12:16:27,245 [EventQueue-DeleteBlockStatusForDeletedBlockLogImpl] DEBUG block.DeletedBlockLogImpl (DeletedBlockLogImpl.java:isTransactionFailed(278)) - Got block deletion ACK from datanode, TXIDs=14, success=true
2021-08-10 12:16:27,245 [EventQueue-DeleteBlockStatusForDeletedBlockLogImpl] DEBUG block.DeletedBlockLogImpl (DeletedBlockLogImpl.java:commitTransactions(256)) - Datanode txId=14 containerId=#14 committed by dnId=01235482-5c07-4b37-86e9-3192ec4df84f
2021-08-10 12:16:27,245 [EventQueue-DeleteBlockStatusForDeletedBlockLogImpl] DEBUG block.DeletedBlockLogImpl (DeletedBlockLogImpl.java:isTransactionFailed(278)) - Got block deletion ACK from datanode, TXIDs=15, success=true
2021-08-10 12:16:27,245 [EventQueue-DeleteBlockStatusForDeletedBlockLogImpl] DEBUG block.DeletedBlockLogImpl (DeletedBlockLogImpl.java:commitTransactions(256)) - Datanode txId=15 containerId=#15 committed by dnId=01235482-5c07-4b37-86e9-3192ec4df84f
2021-08-10 12:16:27,245 [EventQueue-DeleteBlockStatusForDeletedBlockLogImpl] DEBUG block.DeletedBlockLogImpl (DeletedBlockLogImpl.java:isTransactionFailed(278)) - Got block deletion ACK from datanode, TXIDs=16, success=true
2021-08-10 12:16:27,245 [EventQueue-DeleteBlockStatusForDeletedBlockLogImpl] DEBUG block.DeletedBlockLogImpl (DeletedBlockLogImpl.java:commitTransactions(256)) - Datanode txId=16 containerId=#16 committed by dnId=01235482-5c07-4b37-86e9-3192ec4df84f
2021-08-10 12:16:27,245 [EventQueue-DeleteBlockStatusForDeletedBlockLogImpl] DEBUG block.DeletedBlockLogImpl (DeletedBlockLogImpl.java:isTransactionFailed(278)) - Got block deletion ACK from datanode, TXIDs=17, success=true
2021-08-10 12:16:27,245 [EventQueue-DeleteBlockStatusForDeletedBlockLogImpl] DEBUG block.DeletedBlockLogImpl (DeletedBlockLogImpl.java:commitTransactions(256)) - Datanode txId=17 containerId=#17 committed by dnId=01235482-5c07-4b37-86e9-3192ec4df84f
2021-08-10 12:16:27,245 [EventQueue-DeleteBlockStatusForDeletedBlockLogImpl] DEBUG block.DeletedBlockLogImpl (DeletedBlockLogImpl.java:isTransactionFailed(278)) - Got block deletion ACK from datanode, TXIDs=18, success=true
2021-08-10 12:16:27,245 [EventQueue-DeleteBlockStatusForDeletedBlockLogImpl] DEBUG block.DeletedBlockLogImpl (DeletedBlockLogImpl.java:commitTransactions(256)) - Datanode txId=18 containerId=#18 committed by dnId=01235482-5c07-4b37-86e9-3192ec4df84f
2021-08-10 12:16:27,245 [EventQueue-DeleteBlockStatusForDeletedBlockLogImpl] DEBUG block.DeletedBlockLogImpl (DeletedBlockLogImpl.java:isTransactionFailed(278)) - Got block deletion ACK from datanode, TXIDs=19, success=true
2021-08-10 12:16:27,245 [EventQueue-DeleteBlockStatusForDeletedBlockLogImpl] DEBUG block.DeletedBlockLogImpl (DeletedBlockLogImpl.java:commitTransactions(256)) - Datanode txId=19 containerId=#19 committed by dnId=01235482-5c07-4b37-86e9-3192ec4df84f
2021-08-10 12:16:27,245 [EventQueue-DeleteBlockStatusForDeletedBlockLogImpl] DEBUG block.DeletedBlockLogImpl (DeletedBlockLogImpl.java:isTransactionFailed(278)) - Got block deletion ACK from datanode, TXIDs=20, success=true
2021-08-10 12:16:27,245 [EventQueue-DeleteBlockStatusForDeletedBlockLogImpl] DEBUG block.DeletedBlockLogImpl (DeletedBlockLogImpl.java:commitTransactions(256)) - Datanode txId=20 containerId=#20 committed by dnId=01235482-5c07-4b37-86e9-3192ec4df84f
2021-08-10 12:16:27,245 [EventQueue-DeleteBlockStatusForDeletedBlockLogImpl] DEBUG block.DeletedBlockLogImpl (DeletedBlockLogImpl.java:isTransactionFailed(278)) - Got block deletion ACK from datanode, TXIDs=21, success=true
2021-08-10 12:16:27,245 [EventQueue-DeleteBlockStatusForDeletedBlockLogImpl] DEBUG block.DeletedBlockLogImpl (DeletedBlockLogImpl.java:commitTransactions(256)) - Datanode txId=21 containerId=#21 committed by dnId=01235482-5c07-4b37-86e9-3192ec4df84f
2021-08-10 12:16:27,245 [EventQueue-DeleteBlockStatusForDeletedBlockLogImpl] DEBUG block.DeletedBlockLogImpl (DeletedBlockLogImpl.java:isTransactionFailed(278)) - Got block deletion ACK from datanode, TXIDs=22, success=true
2021-08-10 12:16:27,245 [EventQueue-DeleteBlockStatusForDeletedBlockLogImpl] DEBUG block.DeletedBlockLogImpl (DeletedBlockLogImpl.java:commitTransactions(256)) - Datanode txId=22 containerId=#22 committed by dnId=01235482-5c07-4b37-86e9-3192ec4df84f
2021-08-10 12:16:27,245 [EventQueue-DeleteBlockStatusForDeletedBlockLogImpl] DEBUG block.DeletedBlockLogImpl (DeletedBlockLogImpl.java:isTransactionFailed(278)) - Got block deletion ACK from datanode, TXIDs=23, success=true
2021-08-10 12:16:27,245 [EventQueue-DeleteBlockStatusForDeletedBlockLogImpl] DEBUG block.DeletedBlockLogImpl (DeletedBlockLogImpl.java:commitTransactions(256)) - Datanode txId=23 containerId=#23 committed by dnId=01235482-5c07-4b37-86e9-3192ec4df84f
2021-08-10 12:16:27,245 [EventQueue-DeleteBlockStatusForDeletedBlockLogImpl] DEBUG block.DeletedBlockLogImpl (DeletedBlockLogImpl.java:isTransactionFailed(278)) - Got block deletion ACK from datanode, TXIDs=24, success=true
2021-08-10 12:16:27,245 [EventQueue-DeleteBlockStatusForDeletedBlockLogImpl] DEBUG block.DeletedBlockLogImpl (DeletedBlockLogImpl.java:commitTransactions(256)) - Datanode txId=24 containerId=#24 committed by dnId=01235482-5c07-4b37-86e9-3192ec4df84f
2021-08-10 12:16:27,245 [EventQueue-DeleteBlockStatusForDeletedBlockLogImpl] DEBUG block.DeletedBlockLogImpl (DeletedBlockLogImpl.java:isTransactionFailed(278)) - Got block deletion ACK from datanode, TXIDs=25, success=true
2021-08-10 12:16:27,245 [EventQueue-DeleteBlockStatusForDeletedBlockLogImpl] DEBUG block.DeletedBlockLogImpl (DeletedBlockLogImpl.java:commitTransactions(256)) - Datanode txId=25 containerId=#25 committed by dnId=01235482-5c07-4b37-86e9-3192ec4df84f
2021-08-10 12:16:27,245 [EventQueue-DeleteBlockStatusForDeletedBlockLogImpl] DEBUG block.DeletedBlockLogImpl (DeletedBlockLogImpl.java:isTransactionFailed(278)) - Got block deletion ACK from datanode, TXIDs=26, success=true
2021-08-10 12:16:27,245 [EventQueue-DeleteBlockStatusForDeletedBlockLogImpl] DEBUG block.DeletedBlockLogImpl (DeletedBlockLogImpl.java:commitTransactions(256)) - Datanode txId=26 containerId=#26 committed by dnId=01235482-5c07-4b37-86e9-3192ec4df84f
2021-08-10 12:16:27,245 [EventQueue-DeleteBlockStatusForDeletedBlockLogImpl] DEBUG block.DeletedBlockLogImpl (DeletedBlockLogImpl.java:isTransactionFailed(278)) - Got block deletion ACK from datanode, TXIDs=27, success=true
2021-08-10 12:16:27,245 [EventQueue-DeleteBlockStatusForDeletedBlockLogImpl] DEBUG block.DeletedBlockLogImpl (DeletedBlockLogImpl.java:commitTransactions(256)) - Datanode txId=27 containerId=#27 committed by dnId=01235482-5c07-4b37-86e9-3192ec4df84f
2021-08-10 12:16:27,245 [EventQueue-DeleteBlockStatusForDeletedBlockLogImpl] DEBUG block.DeletedBlockLogImpl (DeletedBlockLogImpl.java:isTransactionFailed(278)) - Got block deletion ACK from datanode, TXIDs=28, success=true
2021-08-10 12:16:27,245 [EventQueue-DeleteBlockStatusForDeletedBlockLogImpl] DEBUG block.DeletedBlockLogImpl (DeletedBlockLogImpl.java:commitTransactions(256)) - Datanode txId=28 containerId=#28 committed by dnId=01235482-5c07-4b37-86e9-3192ec4df84f
2021-08-10 12:16:27,245 [EventQueue-DeleteBlockStatusForDeletedBlockLogImpl] DEBUG block.DeletedBlockLogImpl (DeletedBlockLogImpl.java:isTransactionFailed(278)) - Got block deletion ACK from datanode, TXIDs=29, success=true
2021-08-10 12:16:27,245 [EventQueue-DeleteBlockStatusForDeletedBlockLogImpl] DEBUG block.DeletedBlockLogImpl (DeletedBlockLogImpl.java:commitTransactions(256)) - Datanode txId=29 containerId=#29 committed by dnId=01235482-5c07-4b37-86e9-3192ec4df84f
2021-08-10 12:16:27,245 [EventQueue-DeleteBlockStatusForDeletedBlockLogImpl] DEBUG block.DeletedBlockLogImpl (DeletedBlockLogImpl.java:isTransactionFailed(278)) - Got block deletion ACK from datanode, TXIDs=30, success=true
2021-08-10 12:16:27,245 [EventQueue-DeleteBlockStatusForDeletedBlockLogImpl] DEBUG block.DeletedBlockLogImpl (DeletedBlockLogImpl.java:commitTransactions(256)) - Datanode txId=30 containerId=#30 committed by dnId=01235482-5c07-4b37-86e9-3192ec4df84f
2021-08-10 12:16:27,245 [EventQueue-DeleteBlockStatusForDeletedBlockLogImpl] DEBUG block.DeletedBlockLogImpl (DeletedBlockLogImpl.java:isTransactionFailed(278)) - Got block deletion ACK from datanode, TXIDs=31, success=true
2021-08-10 12:16:27,245 [EventQueue-DeleteBlockStatusForDeletedBlockLogImpl] DEBUG block.DeletedBlockLogImpl (DeletedBlockLogImpl.java:commitTransactions(256)) - Datanode txId=31 containerId=#31 committed by dnId=01235482-5c07-4b37-86e9-3192ec4df84f
2021-08-10 12:16:27,245 [EventQueue-DeleteBlockStatusForDeletedBlockLogImpl] DEBUG block.DeletedBlockLogImpl (DeletedBlockLogImpl.java:isTransactionFailed(278)) - Got block deletion ACK from datanode, TXIDs=32, success=true
2021-08-10 12:16:27,245 [EventQueue-DeleteBlockStatusForDeletedBlockLogImpl] DEBUG block.DeletedBlockLogImpl (DeletedBlockLogImpl.java:commitTransactions(256)) - Datanode txId=32 containerId=#32 committed by dnId=01235482-5c07-4b37-86e9-3192ec4df84f
2021-08-10 12:16:27,245 [EventQueue-DeleteBlockStatusForDeletedBlockLogImpl] DEBUG block.DeletedBlockLogImpl (DeletedBlockLogImpl.java:isTransactionFailed(278)) - Got block deletion ACK from datanode, TXIDs=33, success=true
2021-08-10 12:16:27,245 [EventQueue-DeleteBlockStatusForDeletedBlockLogImpl] DEBUG block.DeletedBlockLogImpl (DeletedBlockLogImpl.java:commitTransactions(256)) - Datanode txId=33 containerId=#33 committed by dnId=01235482-5c07-4b37-86e9-3192ec4df84f
2021-08-10 12:16:27,245 [EventQueue-DeleteBlockStatusForDeletedBlockLogImpl] DEBUG block.DeletedBlockLogImpl (DeletedBlockLogImpl.java:isTransactionFailed(278)) - Got block deletion ACK from datanode, TXIDs=34, success=true
2021-08-10 12:16:27,245 [EventQueue-DeleteBlockStatusForDeletedBlockLogImpl] DEBUG block.DeletedBlockLogImpl (DeletedBlockLogImpl.java:commitTransactions(256)) - Datanode txId=34 containerId=#34 committed by dnId=01235482-5c07-4b37-86e9-3192ec4df84f
2021-08-10 12:16:27,245 [EventQueue-DeleteBlockStatusForDeletedBlockLogImpl] DEBUG block.DeletedBlockLogImpl (DeletedBlockLogImpl.java:isTransactionFailed(278)) - Got block deletion ACK from datanode, TXIDs=35, success=true
2021-08-10 12:16:27,245 [EventQueue-DeleteBlockStatusForDeletedBlockLogImpl] DEBUG block.DeletedBlockLogImpl (DeletedBlockLogImpl.java:commitTransactions(256)) - Datanode txId=35 containerId=#35 committed by dnId=01235482-5c07-4b37-86e9-3192ec4df84f
2021-08-10 12:16:27,245 [EventQueue-DeleteBlockStatusForDeletedBlockLogImpl] DEBUG block.DeletedBlockLogImpl (DeletedBlockLogImpl.java:isTransactionFailed(278)) - Got block deletion ACK from datanode, TXIDs=36, success=true
2021-08-10 12:16:27,245 [EventQueue-DeleteBlockStatusForDeletedBlockLogImpl] DEBUG block.DeletedBlockLogImpl (DeletedBlockLogImpl.java:commitTransactions(256)) - Datanode txId=36 containerId=#36 committed by dnId=01235482-5c07-4b37-86e9-3192ec4df84f
2021-08-10 12:16:27,245 [EventQueue-DeleteBlockStatusForDeletedBlockLogImpl] DEBUG block.DeletedBlockLogImpl (DeletedBlockLogImpl.java:isTransactionFailed(278)) - Got block deletion ACK from datanode, TXIDs=37, success=true
2021-08-10 12:16:27,245 [EventQueue-DeleteBlockStatusForDeletedBlockLogImpl] DEBUG block.DeletedBlockLogImpl (DeletedBlockLogImpl.java:commitTransactions(256)) - Datanode txId=37 containerId=#37 committed by dnId=01235482-5c07-4b37-86e9-3192ec4df84f
2021-08-10 12:16:27,245 [EventQueue-DeleteBlockStatusForDeletedBlockLogImpl] DEBUG block.DeletedBlockLogImpl (DeletedBlockLogImpl.java:isTransactionFailed(278)) - Got block deletion ACK from datanode, TXIDs=38, success=true
2021-08-10 12:16:27,246 [EventQueue-DeleteBlockStatusForDeletedBlockLogImpl] DEBUG block.DeletedBlockLogImpl (DeletedBlockLogImpl.java:commitTransactions(256)) - Datanode txId=38 containerId=#38 committed by dnId=01235482-5c07-4b37-86e9-3192ec4df84f
2021-08-10 12:16:27,246 [EventQueue-DeleteBlockStatusForDeletedBlockLogImpl] DEBUG block.DeletedBlockLogImpl (DeletedBlockLogImpl.java:isTransactionFailed(278)) - Got block deletion ACK from datanode, TXIDs=39, success=true
2021-08-10 12:16:27,246 [EventQueue-DeleteBlockStatusForDeletedBlockLogImpl] DEBUG block.DeletedBlockLogImpl (DeletedBlockLogImpl.java:commitTransactions(256)) - Datanode txId=39 containerId=#39 committed by dnId=01235482-5c07-4b37-86e9-3192ec4df84f
2021-08-10 12:16:27,246 [EventQueue-DeleteBlockStatusForDeletedBlockLogImpl] DEBUG block.DeletedBlockLogImpl (DeletedBlockLogImpl.java:isTransactionFailed(278)) - Got block deletion ACK from datanode, TXIDs=40, success=true
2021-08-10 12:16:27,246 [EventQueue-DeleteBlockStatusForDeletedBlockLogImpl] DEBUG block.DeletedBlockLogImpl (DeletedBlockLogImpl.java:commitTransactions(256)) - Datanode txId=40 containerId=#40 committed by dnId=01235482-5c07-4b37-86e9-3192ec4df84f
2021-08-10 12:16:27,246 [EventQueue-DeleteBlockStatusForDeletedBlockLogImpl] DEBUG block.DeletedBlockLogImpl (DeletedBlockLogImpl.java:isTransactionFailed(278)) - Got block deletion ACK from datanode, TXIDs=41, success=true
2021-08-10 12:16:27,246 [EventQueue-DeleteBlockStatusForDeletedBlockLogImpl] DEBUG block.DeletedBlockLogImpl (DeletedBlockLogImpl.java:commitTransactions(256)) - Datanode txId=41 containerId=#41 committed by dnId=01235482-5c07-4b37-86e9-3192ec4df84f
2021-08-10 12:16:27,246 [EventQueue-DeleteBlockStatusForDeletedBlockLogImpl] DEBUG block.DeletedBlockLogImpl (DeletedBlockLogImpl.java:isTransactionFailed(278)) - Got block deletion ACK from datanode, TXIDs=42, success=true
2021-08-10 12:16:27,246 [EventQueue-DeleteBlockStatusForDeletedBlockLogImpl] DEBUG block.DeletedBlockLogImpl (DeletedBlockLogImpl.java:commitTransactions(256)) - Datanode txId=42 containerId=#42 committed by dnId=01235482-5c07-4b37-86e9-3192ec4df84f
2021-08-10 12:16:27,246 [EventQueue-DeleteBlockStatusForDeletedBlockLogImpl] DEBUG block.DeletedBlockLogImpl (DeletedBlockLogImpl.java:isTransactionFailed(278)) - Got block deletion ACK from datanode, TXIDs=43, success=true
2021-08-10 12:16:27,246 [EventQueue-DeleteBlockStatusForDeletedBlockLogImpl] DEBUG block.DeletedBlockLogImpl (DeletedBlockLogImpl.java:commitTransactions(256)) - Datanode txId=43 containerId=#43 committed by dnId=01235482-5c07-4b37-86e9-3192ec4df84f
2021-08-10 12:16:27,246 [EventQueue-DeleteBlockStatusForDeletedBlockLogImpl] DEBUG block.DeletedBlockLogImpl (DeletedBlockLogImpl.java:isTransactionFailed(278)) - Got block deletion ACK from datanode, TXIDs=44, success=true
2021-08-10 12:16:27,246 [EventQueue-DeleteBlockStatusForDeletedBlockLogImpl] DEBUG block.DeletedBlockLogImpl (DeletedBlockLogImpl.java:commitTransactions(256)) - Datanode txId=44 containerId=#44 committed by dnId=01235482-5c07-4b37-86e9-3192ec4df84f
2021-08-10 12:16:27,246 [EventQueue-DeleteBlockStatusForDeletedBlockLogImpl] DEBUG block.DeletedBlockLogImpl (DeletedBlockLogImpl.java:isTransactionFailed(278)) - Got block deletion ACK from datanode, TXIDs=45, success=true
2021-08-10 12:16:27,246 [EventQueue-DeleteBlockStatusForDeletedBlockLogImpl] DEBUG block.DeletedBlockLogImpl (DeletedBlockLogImpl.java:commitTransactions(256)) - Datanode txId=45 containerId=#45 committed by dnId=01235482-5c07-4b37-86e9-3192ec4df84f
2021-08-10 12:16:27,246 [EventQueue-DeleteBlockStatusForDeletedBlockLogImpl] DEBUG block.DeletedBlockLogImpl (DeletedBlockLogImpl.java:isTransactionFailed(278)) - Got block deletion ACK from datanode, TXIDs=46, success=true
2021-08-10 12:16:27,246 [EventQueue-DeleteBlockStatusForDeletedBlockLogImpl] DEBUG block.DeletedBlockLogImpl (DeletedBlockLogImpl.java:commitTransactions(256)) - Datanode txId=46 containerId=#46 committed by dnId=01235482-5c07-4b37-86e9-3192ec4df84f
2021-08-10 12:16:27,246 [EventQueue-DeleteBlockStatusForDeletedBlockLogImpl] DEBUG block.DeletedBlockLogImpl (DeletedBlockLogImpl.java:isTransactionFailed(278)) - Got block deletion ACK from datanode, TXIDs=47, success=true
2021-08-10 12:16:27,246 [EventQueue-DeleteBlockStatusForDeletedBlockLogImpl] DEBUG block.DeletedBlockLogImpl (DeletedBlockLogImpl.java:commitTransactions(256)) - Datanode txId=47 containerId=#47 committed by dnId=01235482-5c07-4b37-86e9-3192ec4df84f
2021-08-10 12:16:27,246 [EventQueue-DeleteBlockStatusForDeletedBlockLogImpl] DEBUG block.DeletedBlockLogImpl (DeletedBlockLogImpl.java:isTransactionFailed(278)) - Got block deletion ACK from datanode, TXIDs=48, success=true
2021-08-10 12:16:27,246 [EventQueue-DeleteBlockStatusForDeletedBlockLogImpl] DEBUG block.DeletedBlockLogImpl (DeletedBlockLogImpl.java:commitTransactions(256)) - Datanode txId=48 containerId=#48 committed by dnId=01235482-5c07-4b37-86e9-3192ec4df84f
2021-08-10 12:16:27,246 [EventQueue-DeleteBlockStatusForDeletedBlockLogImpl] DEBUG block.DeletedBlockLogImpl (DeletedBlockLogImpl.java:isTransactionFailed(278)) - Got block deletion ACK from datanode, TXIDs=49, success=true
2021-08-10 12:16:27,246 [EventQueue-DeleteBlockStatusForDeletedBlockLogImpl] DEBUG block.DeletedBlockLogImpl (DeletedBlockLogImpl.java:commitTransactions(256)) - Datanode txId=49 containerId=#49 committed by dnId=01235482-5c07-4b37-86e9-3192ec4df84f
2021-08-10 12:16:27,246 [EventQueue-DeleteBlockStatusForDeletedBlockLogImpl] DEBUG block.DeletedBlockLogImpl (DeletedBlockLogImpl.java:isTransactionFailed(278)) - Got block deletion ACK from datanode, TXIDs=50, success=true
2021-08-10 12:16:27,246 [EventQueue-DeleteBlockStatusForDeletedBlockLogImpl] DEBUG block.DeletedBlockLogImpl (DeletedBlockLogImpl.java:commitTransactions(256)) - Datanode txId=50 containerId=#50 committed by dnId=01235482-5c07-4b37-86e9-3192ec4df84f
2021-08-10 12:16:27,246 [EventQueue-DeleteBlockStatusForDeletedBlockLogImpl] DEBUG block.DeletedBlockLogImpl (DeletedBlockLogImpl.java:isTransactionFailed(278)) - Got block deletion ACK from datanode, TXIDs=51, success=true
2021-08-10 12:16:27,246 [EventQueue-DeleteBlockStatusForDeletedBlockLogImpl] DEBUG block.DeletedBlockLogImpl (DeletedBlockLogImpl.java:commitTransactions(256)) - Datanode txId=51 containerId=#51 committed by dnId=01235482-5c07-4b37-86e9-3192ec4df84f
2021-08-10 12:16:27,246 [EventQueue-DeleteBlockStatusForDeletedBlockLogImpl] DEBUG block.DeletedBlockLogImpl (DeletedBlockLogImpl.java:isTransactionFailed(278)) - Got block deletion ACK from datanode, TXIDs=52, success=true
2021-08-10 12:16:27,246 [EventQueue-DeleteBlockStatusForDeletedBlockLogImpl] DEBUG block.DeletedBlockLogImpl (DeletedBlockLogImpl.java:commitTransactions(256)) - Datanode txId=52 containerId=#52 committed by dnId=01235482-5c07-4b37-86e9-3192ec4df84f
2021-08-10 12:16:27,246 [EventQueue-DeleteBlockStatusForDeletedBlockLogImpl] DEBUG block.DeletedBlockLogImpl (DeletedBlockLogImpl.java:isTransactionFailed(278)) - Got block deletion ACK from datanode, TXIDs=53, success=true
2021-08-10 12:16:27,246 [EventQueue-DeleteBlockStatusForDeletedBlockLogImpl] DEBUG block.DeletedBlockLogImpl (DeletedBlockLogImpl.java:commitTransactions(256)) - Datanode txId=53 containerId=#53 committed by dnId=01235482-5c07-4b37-86e9-3192ec4df84f
2021-08-10 12:16:27,246 [EventQueue-DeleteBlockStatusForDeletedBlockLogImpl] DEBUG block.DeletedBlockLogImpl (DeletedBlockLogImpl.java:isTransactionFailed(278)) - Got block deletion ACK from datanode, TXIDs=54, success=true
2021-08-10 12:16:27,246 [EventQueue-DeleteBlockStatusForDeletedBlockLogImpl] DEBUG block.DeletedBlockLogImpl (DeletedBlockLogImpl.java:commitTransactions(256)) - Datanode txId=54 containerId=#54 committed by dnId=01235482-5c07-4b37-86e9-3192ec4df84f
2021-08-10 12:16:27,246 [EventQueue-DeleteBlockStatusForDeletedBlockLogImpl] DEBUG block.DeletedBlockLogImpl (DeletedBlockLogImpl.java:isTransactionFailed(278)) - Got block deletion ACK from datanode, TXIDs=55, success=true
2021-08-10 12:16:27,246 [EventQueue-DeleteBlockStatusForDeletedBlockLogImpl] DEBUG block.DeletedBlockLogImpl (DeletedBlockLogImpl.java:commitTransactions(256)) - Datanode txId=55 containerId=#55 committed by dnId=01235482-5c07-4b37-86e9-3192ec4df84f
2021-08-10 12:16:27,246 [EventQueue-DeleteBlockStatusForDeletedBlockLogImpl] DEBUG block.DeletedBlockLogImpl (DeletedBlockLogImpl.java:isTransactionFailed(278)) - Got block deletion ACK from datanode, TXIDs=56, success=true
2021-08-10 12:16:27,246 [EventQueue-DeleteBlockStatusForDeletedBlockLogImpl] DEBUG block.DeletedBlockLogImpl (DeletedBlockLogImpl.java:commitTransactions(256)) - Datanode txId=56 containerId=#56 committed by dnId=01235482-5c07-4b37-86e9-3192ec4df84f
2021-08-10 12:16:27,246 [EventQueue-DeleteBlockStatusForDeletedBlockLogImpl] DEBUG block.DeletedBlockLogImpl (DeletedBlockLogImpl.java:isTransactionFailed(278)) - Got block deletion ACK from datanode, TXIDs=1, success=true
2021-08-10 12:16:27,246 [EventQueue-DeleteBlockStatusForDeletedBlockLogImpl] DEBUG block.DeletedBlockLogImpl (DeletedBlockLogImpl.java:commitTransactions(224)) - Transaction txId=1 commit by dnId=01235482-5c07-4b37-86e9-3192ec4df84f for containerID=#1 failed. Corresponding entry not found.
2021-08-10 12:16:27,246 [EventQueue-DeleteBlockStatusForDeletedBlockLogImpl] DEBUG block.DeletedBlockLogImpl (DeletedBlockLogImpl.java:isTransactionFailed(278)) - Got block deletion ACK from datanode, TXIDs=2, success=true
2021-08-10 12:16:27,246 [EventQueue-DeleteBlockStatusForDeletedBlockLogImpl] DEBUG block.DeletedBlockLogImpl (DeletedBlockLogImpl.java:commitTransactions(224)) - Transaction txId=2 commit by dnId=01235482-5c07-4b37-86e9-3192ec4df84f for containerID=#2 failed. Corresponding entry not found.
2021-08-10 12:16:27,246 [EventQueue-DeleteBlockStatusForDeletedBlockLogImpl] DEBUG block.DeletedBlockLogImpl (DeletedBlockLogImpl.java:isTransactionFailed(278)) - Got block deletion ACK from datanode, TXIDs=3, success=true
2021-08-10 12:16:27,246 [EventQueue-DeleteBlockStatusForDeletedBlockLogImpl] DEBUG block.DeletedBlockLogImpl (DeletedBlockLogImpl.java:commitTransactions(224)) - Transaction txId=3 commit by dnId=01235482-5c07-4b37-86e9-3192ec4df84f for containerID=#3 failed. Corresponding entry not found.
2021-08-10 12:16:27,246 [EventQueue-DeleteBlockStatusForDeletedBlockLogImpl] DEBUG block.DeletedBlockLogImpl (DeletedBlockLogImpl.java:isTransactionFailed(278)) - Got block deletion ACK from datanode, TXIDs=4, success=true
2021-08-10 12:16:27,246 [EventQueue-DeleteBlockStatusForDeletedBlockLogImpl] DEBUG block.DeletedBlockLogImpl (DeletedBlockLogImpl.java:commitTransactions(224)) - Transaction txId=4 commit by dnId=01235482-5c07-4b37-86e9-3192ec4df84f for containerID=#4 failed. Corresponding entry not found.
2021-08-10 12:16:27,246 [EventQueue-DeleteBlockStatusForDeletedBlockLogImpl] DEBUG block.DeletedBlockLogImpl (DeletedBlockLogImpl.java:isTransactionFailed(278)) - Got block deletion ACK from datanode, TXIDs=5, success=true
2021-08-10 12:16:27,246 [EventQueue-DeleteBlockStatusForDeletedBlockLogImpl] DEBUG block.DeletedBlockLogImpl (DeletedBlockLogImpl.java:commitTransactions(224)) - Transaction txId=5 commit by dnId=01235482-5c07-4b37-86e9-3192ec4df84f for containerID=#5 failed. Corresponding entry not found.
2021-08-10 12:16:27,246 [EventQueue-DeleteBlockStatusForDeletedBlockLogImpl] DEBUG block.DeletedBlockLogImpl (DeletedBlockLogImpl.java:isTransactionFailed(278)) - Got block deletion ACK from datanode, TXIDs=6, success=true
2021-08-10 12:16:27,246 [EventQueue-DeleteBlockStatusForDeletedBlockLogImpl] DEBUG block.DeletedBlockLogImpl (DeletedBlockLogImpl.java:commitTransactions(224)) - Transaction txId=6 commit by dnId=01235482-5c07-4b37-86e9-3192ec4df84f for containerID=#6 failed. Corresponding entry not found.
2021-08-10 12:16:27,247 [EventQueue-DeleteBlockStatusForDeletedBlockLogImpl] DEBUG block.DeletedBlockLogImpl (DeletedBlockLogImpl.java:isTransactionFailed(278)) - Got block deletion ACK from datanode, TXIDs=7, success=true
2021-08-10 12:16:27,247 [EventQueue-DeleteBlockStatusForDeletedBlockLogImpl] DEBUG block.DeletedBlockLogImpl (DeletedBlockLogImpl.java:commitTransactions(224)) - Transaction txId=7 commit by dnId=01235482-5c07-4b37-86e9-3192ec4df84f for containerID=#7 failed. Corresponding entry not found.
2021-08-10 12:16:27,247 [EventQueue-DeleteBlockStatusForDeletedBlockLogImpl] DEBUG block.DeletedBlockLogImpl (DeletedBlockLogImpl.java:isTransactionFailed(278)) - Got block deletion ACK from datanode, TXIDs=8, success=true
2021-08-10 12:16:27,247 [EventQueue-DeleteBlockStatusForDeletedBlockLogImpl] DEBUG block.DeletedBlockLogImpl (DeletedBlockLogImpl.java:commitTransactions(224)) - Transaction txId=8 commit by dnId=01235482-5c07-4b37-86e9-3192ec4df84f for containerID=#8 failed. Corresponding entry not found.
2021-08-10 12:16:27,247 [EventQueue-DeleteBlockStatusForDeletedBlockLogImpl] DEBUG block.DeletedBlockLogImpl (DeletedBlockLogImpl.java:isTransactionFailed(278)) - Got block deletion ACK from datanode, TXIDs=1, success=true
2021-08-10 12:16:27,247 [EventQueue-DeleteBlockStatusForDeletedBlockLogImpl] DEBUG block.DeletedBlockLogImpl (DeletedBlockLogImpl.java:commitTransactions(224)) - Transaction txId=1 commit by dnId=01235482-5c07-4b37-86e9-3192ec4df84f for containerID=#1 failed. Corresponding entry not found.
2021-08-10 12:16:27,247 [EventQueue-DeleteBlockStatusForDeletedBlockLogImpl] DEBUG block.DeletedBlockLogImpl (DeletedBlockLogImpl.java:isTransactionFailed(278)) - Got block deletion ACK from datanode, TXIDs=2, success=true
2021-08-10 12:16:27,247 [EventQueue-DeleteBlockStatusForDeletedBlockLogImpl] DEBUG block.DeletedBlockLogImpl (DeletedBlockLogImpl.java:commitTransactions(224)) - Transaction txId=2 commit by dnId=01235482-5c07-4b37-86e9-3192ec4df84f for containerID=#2 failed. Corresponding entry not found.
2021-08-10 12:16:27,247 [EventQueue-DeleteBlockStatusForDeletedBlockLogImpl] DEBUG block.DeletedBlockLogImpl (DeletedBlockLogImpl.java:isTransactionFailed(278)) - Got block deletion ACK from datanode, TXIDs=3, success=true
2021-08-10 12:16:27,247 [EventQueue-DeleteBlockStatusForDeletedBlockLogImpl] DEBUG block.DeletedBlockLogImpl (DeletedBlockLogImpl.java:commitTransactions(224)) - Transaction txId=3 commit by dnId=01235482-5c07-4b37-86e9-3192ec4df84f for containerID=#3 failed. Corresponding entry not found.
2021-08-10 12:16:27,247 [EventQueue-DeleteBlockStatusForDeletedBlockLogImpl] DEBUG block.DeletedBlockLogImpl (DeletedBlockLogImpl.java:isTransactionFailed(278)) - Got block deletion ACK from datanode, TXIDs=4, success=true
2021-08-10 12:16:27,247 [EventQueue-DeleteBlockStatusForDeletedBlockLogImpl] DEBUG block.DeletedBlockLogImpl (DeletedBlockLogImpl.java:commitTransactions(224)) - Transaction txId=4 commit by dnId=01235482-5c07-4b37-86e9-3192ec4df84f for containerID=#4 failed. Corresponding entry not found.
2021-08-10 12:16:27,247 [EventQueue-DeleteBlockStatusForDeletedBlockLogImpl] DEBUG block.DeletedBlockLogImpl (DeletedBlockLogImpl.java:isTransactionFailed(278)) - Got block deletion ACK from datanode, TXIDs=5, success=true
2021-08-10 12:16:27,247 [EventQueue-DeleteBlockStatusForDeletedBlockLogImpl] DEBUG block.DeletedBlockLogImpl (DeletedBlockLogImpl.java:commitTransactions(224)) - Transaction txId=5 commit by dnId=01235482-5c07-4b37-86e9-3192ec4df84f for containerID=#5 failed. Corresponding entry not found.
2021-08-10 12:16:27,247 [EventQueue-DeleteBlockStatusForDeletedBlockLogImpl] DEBUG block.DeletedBlockLogImpl (DeletedBlockLogImpl.java:isTransactionFailed(278)) - Got block deletion ACK from datanode, TXIDs=6, success=true
2021-08-10 12:16:27,247 [EventQueue-DeleteBlockStatusForDeletedBlockLogImpl] DEBUG block.DeletedBlockLogImpl (DeletedBlockLogImpl.java:commitTransactions(224)) - Transaction txId=6 commit by dnId=01235482-5c07-4b37-86e9-3192ec4df84f for containerID=#6 failed. Corresponding entry not found.
2021-08-10 12:16:27,247 [EventQueue-DeleteBlockStatusForDeletedBlockLogImpl] DEBUG block.DeletedBlockLogImpl (DeletedBlockLogImpl.java:isTransactionFailed(278)) - Got block deletion ACK from datanode, TXIDs=7, success=true
2021-08-10 12:16:27,247 [EventQueue-DeleteBlockStatusForDeletedBlockLogImpl] DEBUG block.DeletedBlockLogImpl (DeletedBlockLogImpl.java:commitTransactions(224)) - Transaction txId=7 commit by dnId=01235482-5c07-4b37-86e9-3192ec4df84f for containerID=#7 failed. Corresponding entry not found.
2021-08-10 12:16:27,251 [EventQueue-DeleteBlockStatusForDeletedBlockLogImpl] DEBUG block.DeletedBlockLogImpl (DeletedBlockLogImpl.java:isTransactionFailed(278)) - Got block deletion ACK from datanode, TXIDs=8, success=true
2021-08-10 12:16:27,251 [EventQueue-DeleteBlockStatusForDeletedBlockLogImpl] DEBUG block.DeletedBlockLogImpl (DeletedBlockLogImpl.java:commitTransactions(224)) - Transaction txId=8 commit by dnId=01235482-5c07-4b37-86e9-3192ec4df84f for containerID=#8 failed. Corresponding entry not found.
2021-08-10 12:16:27,251 [EventQueue-DeleteBlockStatusForDeletedBlockLogImpl] DEBUG block.DeletedBlockLogImpl (DeletedBlockLogImpl.java:isTransactionFailed(278)) - Got block deletion ACK from datanode, TXIDs=9, success=true
2021-08-10 12:16:27,251 [EventQueue-DeleteBlockStatusForDeletedBlockLogImpl] DEBUG block.DeletedBlockLogImpl (DeletedBlockLogImpl.java:commitTransactions(224)) - Transaction txId=9 commit by dnId=01235482-5c07-4b37-86e9-3192ec4df84f for containerID=#9 failed. Corresponding entry not found.
2021-08-10 12:16:27,251 [EventQueue-DeleteBlockStatusForDeletedBlockLogImpl] DEBUG block.DeletedBlockLogImpl (DeletedBlockLogImpl.java:isTransactionFailed(278)) - Got block deletion ACK from datanode, TXIDs=10, success=true
2021-08-10 12:16:27,251 [EventQueue-DeleteBlockStatusForDeletedBlockLogImpl] DEBUG block.DeletedBlockLogImpl (DeletedBlockLogImpl.java:commitTransactions(256)) - Datanode txId=10 containerId=#10 committed by dnId=01235482-5c07-4b37-86e9-3192ec4df84f
2021-08-10 12:16:27,251 [EventQueue-DeleteBlockStatusForDeletedBlockLogImpl] DEBUG block.DeletedBlockLogImpl (DeletedBlockLogImpl.java:isTransactionFailed(278)) - Got block deletion ACK from datanode, TXIDs=11, success=true
2021-08-10 12:16:27,251 [EventQueue-DeleteBlockStatusForDeletedBlockLogImpl] DEBUG block.DeletedBlockLogImpl (DeletedBlockLogImpl.java:commitTransactions(256)) - Datanode txId=11 containerId=#11 committed by dnId=01235482-5c07-4b37-86e9-3192ec4df84f
2021-08-10 12:16:27,251 [EventQueue-DeleteBlockStatusForDeletedBlockLogImpl] DEBUG block.DeletedBlockLogImpl (DeletedBlockLogImpl.java:isTransactionFailed(278)) - Got block deletion ACK from datanode, TXIDs=12, success=true
2021-08-10 12:16:27,251 [EventQueue-DeleteBlockStatusForDeletedBlockLogImpl] DEBUG block.DeletedBlockLogImpl (DeletedBlockLogImpl.java:commitTransactions(256)) - Datanode txId=12 containerId=#12 committed by dnId=01235482-5c07-4b37-86e9-3192ec4df84f
2021-08-10 12:16:27,251 [EventQueue-DeleteBlockStatusForDeletedBlockLogImpl] DEBUG block.DeletedBlockLogImpl (DeletedBlockLogImpl.java:isTransactionFailed(278)) - Got block deletion ACK from datanode, TXIDs=13, success=true
2021-08-10 12:16:27,251 [EventQueue-DeleteBlockStatusForDeletedBlockLogImpl] DEBUG block.DeletedBlockLogImpl (DeletedBlockLogImpl.java:commitTransactions(256)) - Datanode txId=13 containerId=#13 committed by dnId=01235482-5c07-4b37-86e9-3192ec4df84f
2021-08-10 12:16:27,251 [EventQueue-DeleteBlockStatusForDeletedBlockLogImpl] DEBUG block.DeletedBlockLogImpl (DeletedBlockLogImpl.java:isTransactionFailed(278)) - Got block deletion ACK from datanode, TXIDs=14, success=true
2021-08-10 12:16:27,251 [EventQueue-DeleteBlockStatusForDeletedBlockLogImpl] DEBUG block.DeletedBlockLogImpl (DeletedBlockLogImpl.java:commitTransactions(256)) - Datanode txId=14 containerId=#14 committed by dnId=01235482-5c07-4b37-86e9-3192ec4df84f
2021-08-10 12:16:27,251 [EventQueue-DeleteBlockStatusForDeletedBlockLogImpl] DEBUG block.DeletedBlockLogImpl (DeletedBlockLogImpl.java:isTransactionFailed(278)) - Got block deletion ACK from datanode, TXIDs=15, success=true
2021-08-10 12:16:27,251 [EventQueue-DeleteBlockStatusForDeletedBlockLogImpl] DEBUG block.DeletedBlockLogImpl (DeletedBlockLogImpl.java:commitTransactions(256)) - Datanode txId=15 containerId=#15 committed by dnId=01235482-5c07-4b37-86e9-3192ec4df84f
2021-08-10 12:16:27,251 [EventQueue-DeleteBlockStatusForDeletedBlockLogImpl] DEBUG block.DeletedBlockLogImpl (DeletedBlockLogImpl.java:isTransactionFailed(278)) - Got block deletion ACK from datanode, TXIDs=16, success=true
2021-08-10 12:16:27,251 [EventQueue-DeleteBlockStatusForDeletedBlockLogImpl] DEBUG block.DeletedBlockLogImpl (DeletedBlockLogImpl.java:commitTransactions(256)) - Datanode txId=16 containerId=#16 committed by dnId=01235482-5c07-4b37-86e9-3192ec4df84f
2021-08-10 12:16:27,251 [EventQueue-DeleteBlockStatusForDeletedBlockLogImpl] DEBUG block.DeletedBlockLogImpl (DeletedBlockLogImpl.java:isTransactionFailed(278)) - Got block deletion ACK from datanode, TXIDs=17, success=true
2021-08-10 12:16:27,251 [EventQueue-DeleteBlockStatusForDeletedBlockLogImpl] DEBUG block.DeletedBlockLogImpl (DeletedBlockLogImpl.java:commitTransactions(256)) - Datanode txId=17 containerId=#17 committed by dnId=01235482-5c07-4b37-86e9-3192ec4df84f
2021-08-10 12:16:27,251 [EventQueue-DeleteBlockStatusForDeletedBlockLogImpl] DEBUG block.DeletedBlockLogImpl (DeletedBlockLogImpl.java:isTransactionFailed(278)) - Got block deletion ACK from datanode, TXIDs=18, success=true
2021-08-10 12:16:27,251 [EventQueue-DeleteBlockStatusForDeletedBlockLogImpl] DEBUG block.DeletedBlockLogImpl (DeletedBlockLogImpl.java:commitTransactions(256)) - Datanode txId=18 containerId=#18 committed by dnId=01235482-5c07-4b37-86e9-3192ec4df84f
2021-08-10 12:16:27,251 [EventQueue-DeleteBlockStatusForDeletedBlockLogImpl] DEBUG block.DeletedBlockLogImpl (DeletedBlockLogImpl.java:isTransactionFailed(278)) - Got block deletion ACK from datanode, TXIDs=19, success=true
2021-08-10 12:16:27,251 [EventQueue-DeleteBlockStatusForDeletedBlockLogImpl] DEBUG block.DeletedBlockLogImpl (DeletedBlockLogImpl.java:commitTransactions(256)) - Datanode txId=19 containerId=#19 committed by dnId=01235482-5c07-4b37-86e9-3192ec4df84f
2021-08-10 12:16:27,251 [EventQueue-DeleteBlockStatusForDeletedBlockLogImpl] DEBUG block.DeletedBlockLogImpl (DeletedBlockLogImpl.java:isTransactionFailed(278)) - Got block deletion ACK from datanode, TXIDs=20, success=true
2021-08-10 12:16:27,251 [EventQueue-DeleteBlockStatusForDeletedBlockLogImpl] DEBUG block.DeletedBlockLogImpl (DeletedBlockLogImpl.java:commitTransactions(256)) - Datanode txId=20 containerId=#20 committed by dnId=01235482-5c07-4b37-86e9-3192ec4df84f
2021-08-10 12:16:27,251 [EventQueue-DeleteBlockStatusForDeletedBlockLogImpl] DEBUG block.DeletedBlockLogImpl (DeletedBlockLogImpl.java:isTransactionFailed(278)) - Got block deletion ACK from datanode, TXIDs=21, success=true
2021-08-10 12:16:27,251 [EventQueue-DeleteBlockStatusForDeletedBlockLogImpl] DEBUG block.DeletedBlockLogImpl (DeletedBlockLogImpl.java:commitTransactions(256)) - Datanode txId=21 containerId=#21 committed by dnId=01235482-5c07-4b37-86e9-3192ec4df84f
2021-08-10 12:16:27,251 [EventQueue-DeleteBlockStatusForDeletedBlockLogImpl] DEBUG block.DeletedBlockLogImpl (DeletedBlockLogImpl.java:isTransactionFailed(278)) - Got block deletion ACK from datanode, TXIDs=22, success=true
2021-08-10 12:16:27,251 [EventQueue-DeleteBlockStatusForDeletedBlockLogImpl] DEBUG block.DeletedBlockLogImpl (DeletedBlockLogImpl.java:commitTransactions(256)) - Datanode txId=22 containerId=#22 committed by dnId=01235482-5c07-4b37-86e9-3192ec4df84f
2021-08-10 12:16:27,251 [EventQueue-DeleteBlockStatusForDeletedBlockLogImpl] DEBUG block.DeletedBlockLogImpl (DeletedBlockLogImpl.java:isTransactionFailed(278)) - Got block deletion ACK from datanode, TXIDs=23, success=true
2021-08-10 12:16:27,251 [EventQueue-DeleteBlockStatusForDeletedBlockLogImpl] DEBUG block.DeletedBlockLogImpl (DeletedBlockLogImpl.java:commitTransactions(256)) - Datanode txId=23 containerId=#23 committed by dnId=01235482-5c07-4b37-86e9-3192ec4df84f
2021-08-10 12:16:27,251 [EventQueue-DeleteBlockStatusForDeletedBlockLogImpl] DEBUG block.DeletedBlockLogImpl (DeletedBlockLogImpl.java:isTransactionFailed(278)) - Got block deletion ACK from datanode, TXIDs=24, success=true
2021-08-10 12:16:27,251 [EventQueue-DeleteBlockStatusForDeletedBlockLogImpl] DEBUG block.DeletedBlockLogImpl (DeletedBlockLogImpl.java:commitTransactions(256)) - Datanode txId=24 containerId=#24 committed by dnId=01235482-5c07-4b37-86e9-3192ec4df84f
2021-08-10 12:16:27,251 [EventQueue-DeleteBlockStatusForDeletedBlockLogImpl] DEBUG block.DeletedBlockLogImpl (DeletedBlockLogImpl.java:isTransactionFailed(278)) - Got block deletion ACK from datanode, TXIDs=25, success=true
2021-08-10 12:16:27,251 [EventQueue-DeleteBlockStatusForDeletedBlockLogImpl] DEBUG block.DeletedBlockLogImpl (DeletedBlockLogImpl.java:commitTransactions(256)) - Datanode txId=25 containerId=#25 committed by dnId=01235482-5c07-4b37-86e9-3192ec4df84f
2021-08-10 12:16:27,251 [EventQueue-DeleteBlockStatusForDeletedBlockLogImpl] DEBUG block.DeletedBlockLogImpl (DeletedBlockLogImpl.java:isTransactionFailed(278)) - Got block deletion ACK from datanode, TXIDs=26, success=true
2021-08-10 12:16:27,251 [EventQueue-DeleteBlockStatusForDeletedBlockLogImpl] DEBUG block.DeletedBlockLogImpl (DeletedBlockLogImpl.java:commitTransactions(256)) - Datanode txId=26 containerId=#26 committed by dnId=01235482-5c07-4b37-86e9-3192ec4df84f
2021-08-10 12:16:27,251 [EventQueue-DeleteBlockStatusForDeletedBlockLogImpl] DEBUG block.DeletedBlockLogImpl (DeletedBlockLogImpl.java:isTransactionFailed(278)) - Got block deletion ACK from datanode, TXIDs=27, success=true
2021-08-10 12:16:27,251 [EventQueue-DeleteBlockStatusForDeletedBlockLogImpl] DEBUG block.DeletedBlockLogImpl (DeletedBlockLogImpl.java:commitTransactions(256)) - Datanode txId=27 containerId=#27 committed by dnId=01235482-5c07-4b37-86e9-3192ec4df84f
2021-08-10 12:16:27,251 [EventQueue-DeleteBlockStatusForDeletedBlockLogImpl] DEBUG block.DeletedBlockLogImpl (DeletedBlockLogImpl.java:isTransactionFailed(278)) - Got block deletion ACK from datanode, TXIDs=28, success=true
2021-08-10 12:16:27,252 [EventQueue-DeleteBlockStatusForDeletedBlockLogImpl] DEBUG block.DeletedBlockLogImpl (DeletedBlockLogImpl.java:commitTransactions(256)) - Datanode txId=28 containerId=#28 committed by dnId=01235482-5c07-4b37-86e9-3192ec4df84f
2021-08-10 12:16:27,252 [EventQueue-DeleteBlockStatusForDeletedBlockLogImpl] DEBUG block.DeletedBlockLogImpl (DeletedBlockLogImpl.java:isTransactionFailed(278)) - Got block deletion ACK from datanode, TXIDs=29, success=true
2021-08-10 12:16:27,252 [EventQueue-DeleteBlockStatusForDeletedBlockLogImpl] DEBUG block.DeletedBlockLogImpl (DeletedBlockLogImpl.java:commitTransactions(256)) - Datanode txId=29 containerId=#29 committed by dnId=01235482-5c07-4b37-86e9-3192ec4df84f
2021-08-10 12:16:27,252 [EventQueue-DeleteBlockStatusForDeletedBlockLogImpl] DEBUG block.DeletedBlockLogImpl (DeletedBlockLogImpl.java:isTransactionFailed(278)) - Got block deletion ACK from datanode, TXIDs=30, success=true
2021-08-10 12:16:27,252 [EventQueue-DeleteBlockStatusForDeletedBlockLogImpl] DEBUG block.DeletedBlockLogImpl (DeletedBlockLogImpl.java:commitTransactions(256)) - Datanode txId=30 containerId=#30 committed by dnId=01235482-5c07-4b37-86e9-3192ec4df84f
2021-08-10 12:16:27,252 [EventQueue-DeleteBlockStatusForDeletedBlockLogImpl] DEBUG block.DeletedBlockLogImpl (DeletedBlockLogImpl.java:isTransactionFailed(278)) - Got block deletion ACK from datanode, TXIDs=31, success=true
2021-08-10 12:16:27,252 [EventQueue-DeleteBlockStatusForDeletedBlockLogImpl] DEBUG block.DeletedBlockLogImpl (DeletedBlockLogImpl.java:commitTransactions(256)) - Datanode txId=31 containerId=#31 committed by dnId=01235482-5c07-4b37-86e9-3192ec4df84f
2021-08-10 12:16:27,252 [EventQueue-DeleteBlockStatusForDeletedBlockLogImpl] DEBUG block.DeletedBlockLogImpl (DeletedBlockLogImpl.java:isTransactionFailed(278)) - Got block deletion ACK from datanode, TXIDs=32, success=true
2021-08-10 12:16:27,252 [EventQueue-DeleteBlockStatusForDeletedBlockLogImpl] DEBUG block.DeletedBlockLogImpl (DeletedBlockLogImpl.java:commitTransactions(256)) - Datanode txId=32 containerId=#32 committed by dnId=01235482-5c07-4b37-86e9-3192ec4df84f
2021-08-10 12:16:27,252 [EventQueue-DeleteBlockStatusForDeletedBlockLogImpl] DEBUG block.DeletedBlockLogImpl (DeletedBlockLogImpl.java:isTransactionFailed(278)) - Got block deletion ACK from datanode, TXIDs=33, success=true
2021-08-10 12:16:27,252 [EventQueue-DeleteBlockStatusForDeletedBlockLogImpl] DEBUG block.DeletedBlockLogImpl (DeletedBlockLogImpl.java:commitTransactions(256)) - Datanode txId=33 containerId=#33 committed by dnId=01235482-5c07-4b37-86e9-3192ec4df84f
2021-08-10 12:16:27,252 [EventQueue-DeleteBlockStatusForDeletedBlockLogImpl] DEBUG block.DeletedBlockLogImpl (DeletedBlockLogImpl.java:isTransactionFailed(278)) - Got block deletion ACK from datanode, TXIDs=34, success=true
2021-08-10 12:16:27,252 [EventQueue-DeleteBlockStatusForDeletedBlockLogImpl] DEBUG block.DeletedBlockLogImpl (DeletedBlockLogImpl.java:commitTransactions(256)) - Datanode txId=34 containerId=#34 committed by dnId=01235482-5c07-4b37-86e9-3192ec4df84f
2021-08-10 12:16:27,252 [EventQueue-DeleteBlockStatusForDeletedBlockLogImpl] DEBUG block.DeletedBlockLogImpl (DeletedBlockLogImpl.java:isTransactionFailed(278)) - Got block deletion ACK from datanode, TXIDs=35, success=true
2021-08-10 12:16:27,252 [EventQueue-DeleteBlockStatusForDeletedBlockLogImpl] DEBUG block.DeletedBlockLogImpl (DeletedBlockLogImpl.java:commitTransactions(256)) - Datanode txId=35 containerId=#35 committed by dnId=01235482-5c07-4b37-86e9-3192ec4df84f
2021-08-10 12:16:27,252 [EventQueue-DeleteBlockStatusForDeletedBlockLogImpl] DEBUG block.DeletedBlockLogImpl (DeletedBlockLogImpl.java:isTransactionFailed(278)) - Got block deletion ACK from datanode, TXIDs=36, success=true
2021-08-10 12:16:27,252 [EventQueue-DeleteBlockStatusForDeletedBlockLogImpl] DEBUG block.DeletedBlockLogImpl (DeletedBlockLogImpl.java:commitTransactions(256)) - Datanode txId=36 containerId=#36 committed by dnId=01235482-5c07-4b37-86e9-3192ec4df84f
2021-08-10 12:16:27,252 [EventQueue-DeleteBlockStatusForDeletedBlockLogImpl] DEBUG block.DeletedBlockLogImpl (DeletedBlockLogImpl.java:isTransactionFailed(278)) - Got block deletion ACK from datanode, TXIDs=37, success=true
2021-08-10 12:16:27,252 [EventQueue-DeleteBlockStatusForDeletedBlockLogImpl] DEBUG block.DeletedBlockLogImpl (DeletedBlockLogImpl.java:commitTransactions(256)) - Datanode txId=37 containerId=#37 committed by dnId=01235482-5c07-4b37-86e9-3192ec4df84f
2021-08-10 12:16:27,252 [EventQueue-DeleteBlockStatusForDeletedBlockLogImpl] DEBUG block.DeletedBlockLogImpl (DeletedBlockLogImpl.java:isTransactionFailed(278)) - Got block deletion ACK from datanode, TXIDs=38, success=true
2021-08-10 12:16:27,252 [EventQueue-DeleteBlockStatusForDeletedBlockLogImpl] DEBUG block.DeletedBlockLogImpl (DeletedBlockLogImpl.java:commitTransactions(256)) - Datanode txId=38 containerId=#38 committed by dnId=01235482-5c07-4b37-86e9-3192ec4df84f
2021-08-10 12:16:27,252 [EventQueue-DeleteBlockStatusForDeletedBlockLogImpl] DEBUG block.DeletedBlockLogImpl (DeletedBlockLogImpl.java:isTransactionFailed(278)) - Got block deletion ACK from datanode, TXIDs=39, success=true
2021-08-10 12:16:27,252 [EventQueue-DeleteBlockStatusForDeletedBlockLogImpl] DEBUG block.DeletedBlockLogImpl (DeletedBlockLogImpl.java:commitTransactions(256)) - Datanode txId=39 containerId=#39 committed by dnId=01235482-5c07-4b37-86e9-3192ec4df84f
2021-08-10 12:16:27,252 [EventQueue-DeleteBlockStatusForDeletedBlockLogImpl] DEBUG block.DeletedBlockLogImpl (DeletedBlockLogImpl.java:isTransactionFailed(278)) - Got block deletion ACK from datanode, TXIDs=40, success=true
2021-08-10 12:16:27,252 [EventQueue-DeleteBlockStatusForDeletedBlockLogImpl] DEBUG block.DeletedBlockLogImpl (DeletedBlockLogImpl.java:commitTransactions(256)) - Datanode txId=40 containerId=#40 committed by dnId=01235482-5c07-4b37-86e9-3192ec4df84f
2021-08-10 12:16:27,252 [EventQueue-DeleteBlockStatusForDeletedBlockLogImpl] DEBUG block.DeletedBlockLogImpl (DeletedBlockLogImpl.java:isTransactionFailed(278)) - Got block deletion ACK from datanode, TXIDs=41, success=true
2021-08-10 12:16:27,252 [EventQueue-DeleteBlockStatusForDeletedBlockLogImpl] DEBUG block.DeletedBlockLogImpl (DeletedBlockLogImpl.java:commitTransactions(256)) - Datanode txId=41 containerId=#41 committed by dnId=01235482-5c07-4b37-86e9-3192ec4df84f
2021-08-10 12:16:27,252 [EventQueue-DeleteBlockStatusForDeletedBlockLogImpl] DEBUG block.DeletedBlockLogImpl (DeletedBlockLogImpl.java:isTransactionFailed(278)) - Got block deletion ACK from datanode, TXIDs=42, success=true
2021-08-10 12:16:27,252 [EventQueue-DeleteBlockStatusForDeletedBlockLogImpl] DEBUG block.DeletedBlockLogImpl (DeletedBlockLogImpl.java:commitTransactions(256)) - Datanode txId=42 containerId=#42 committed by dnId=01235482-5c07-4b37-86e9-3192ec4df84f
2021-08-10 12:16:27,252 [EventQueue-DeleteBlockStatusForDeletedBlockLogImpl] DEBUG block.DeletedBlockLogImpl (DeletedBlockLogImpl.java:isTransactionFailed(278)) - Got block deletion ACK from datanode, TXIDs=43, success=true
2021-08-10 12:16:27,252 [EventQueue-DeleteBlockStatusForDeletedBlockLogImpl] DEBUG block.DeletedBlockLogImpl (DeletedBlockLogImpl.java:commitTransactions(256)) - Datanode txId=43 containerId=#43 committed by dnId=01235482-5c07-4b37-86e9-3192ec4df84f
2021-08-10 12:16:27,252 [EventQueue-DeleteBlockStatusForDeletedBlockLogImpl] DEBUG block.DeletedBlockLogImpl (DeletedBlockLogImpl.java:isTransactionFailed(278)) - Got block deletion ACK from datanode, TXIDs=44, success=true
2021-08-10 12:16:27,252 [EventQueue-DeleteBlockStatusForDeletedBlockLogImpl] DEBUG block.DeletedBlockLogImpl (DeletedBlockLogImpl.java:commitTransactions(256)) - Datanode txId=44 containerId=#44 committed by dnId=01235482-5c07-4b37-86e9-3192ec4df84f
2021-08-10 12:16:27,252 [EventQueue-DeleteBlockStatusForDeletedBlockLogImpl] DEBUG block.DeletedBlockLogImpl (DeletedBlockLogImpl.java:isTransactionFailed(278)) - Got block deletion ACK from datanode, TXIDs=45, success=true
2021-08-10 12:16:27,252 [EventQueue-DeleteBlockStatusForDeletedBlockLogImpl] DEBUG block.DeletedBlockLogImpl (DeletedBlockLogImpl.java:commitTransactions(256)) - Datanode txId=45 containerId=#45 committed by dnId=01235482-5c07-4b37-86e9-3192ec4df84f
2021-08-10 12:16:27,252 [EventQueue-DeleteBlockStatusForDeletedBlockLogImpl] DEBUG block.DeletedBlockLogImpl (DeletedBlockLogImpl.java:isTransactionFailed(278)) - Got block deletion ACK from datanode, TXIDs=46, success=true
2021-08-10 12:16:27,252 [EventQueue-DeleteBlockStatusForDeletedBlockLogImpl] DEBUG block.DeletedBlockLogImpl (DeletedBlockLogImpl.java:commitTransactions(256)) - Datanode txId=46 containerId=#46 committed by dnId=01235482-5c07-4b37-86e9-3192ec4df84f
2021-08-10 12:16:27,252 [EventQueue-DeleteBlockStatusForDeletedBlockLogImpl] DEBUG block.DeletedBlockLogImpl (DeletedBlockLogImpl.java:isTransactionFailed(278)) - Got block deletion ACK from datanode, TXIDs=47, success=true
2021-08-10 12:16:27,252 [EventQueue-DeleteBlockStatusForDeletedBlockLogImpl] DEBUG block.DeletedBlockLogImpl (DeletedBlockLogImpl.java:commitTransactions(256)) - Datanode txId=47 containerId=#47 committed by dnId=01235482-5c07-4b37-86e9-3192ec4df84f
2021-08-10 12:16:27,252 [EventQueue-DeleteBlockStatusForDeletedBlockLogImpl] DEBUG block.DeletedBlockLogImpl (DeletedBlockLogImpl.java:isTransactionFailed(278)) - Got block deletion ACK from datanode, TXIDs=48, success=true
2021-08-10 12:16:27,252 [EventQueue-DeleteBlockStatusForDeletedBlockLogImpl] DEBUG block.DeletedBlockLogImpl (DeletedBlockLogImpl.java:commitTransactions(256)) - Datanode txId=48 containerId=#48 committed by dnId=01235482-5c07-4b37-86e9-3192ec4df84f
2021-08-10 12:16:27,252 [EventQueue-DeleteBlockStatusForDeletedBlockLogImpl] DEBUG block.DeletedBlockLogImpl (DeletedBlockLogImpl.java:isTransactionFailed(278)) - Got block deletion ACK from datanode, TXIDs=49, success=true
2021-08-10 12:16:27,252 [EventQueue-DeleteBlockStatusForDeletedBlockLogImpl] DEBUG block.DeletedBlockLogImpl (DeletedBlockLogImpl.java:commitTransactions(256)) - Datanode txId=49 containerId=#49 committed by dnId=01235482-5c07-4b37-86e9-3192ec4df84f
2021-08-10 12:16:27,252 [EventQueue-DeleteBlockStatusForDeletedBlockLogImpl] DEBUG block.DeletedBlockLogImpl (DeletedBlockLogImpl.java:isTransactionFailed(278)) - Got block deletion ACK from datanode, TXIDs=50, success=true
2021-08-10 12:16:27,252 [EventQueue-DeleteBlockStatusForDeletedBlockLogImpl] DEBUG block.DeletedBlockLogImpl (DeletedBlockLogImpl.java:commitTransactions(256)) - Datanode txId=50 containerId=#50 committed by dnId=01235482-5c07-4b37-86e9-3192ec4df84f
2021-08-10 12:16:27,252 [EventQueue-DeleteBlockStatusForDeletedBlockLogImpl] DEBUG block.DeletedBlockLogImpl (DeletedBlockLogImpl.java:isTransactionFailed(278)) - Got block deletion ACK from datanode, TXIDs=51, success=true
2021-08-10 12:16:27,252 [EventQueue-DeleteBlockStatusForDeletedBlockLogImpl] DEBUG block.DeletedBlockLogImpl (DeletedBlockLogImpl.java:commitTransactions(256)) - Datanode txId=51 containerId=#51 committed by dnId=01235482-5c07-4b37-86e9-3192ec4df84f
2021-08-10 12:16:27,252 [EventQueue-DeleteBlockStatusForDeletedBlockLogImpl] DEBUG block.DeletedBlockLogImpl (DeletedBlockLogImpl.java:isTransactionFailed(278)) - Got block deletion ACK from datanode, TXIDs=52, success=true
2021-08-10 12:16:27,252 [EventQueue-DeleteBlockStatusForDeletedBlockLogImpl] DEBUG block.DeletedBlockLogImpl (DeletedBlockLogImpl.java:commitTransactions(256)) - Datanode txId=52 containerId=#52 committed by dnId=01235482-5c07-4b37-86e9-3192ec4df84f
2021-08-10 12:16:27,252 [EventQueue-DeleteBlockStatusForDeletedBlockLogImpl] DEBUG block.DeletedBlockLogImpl (DeletedBlockLogImpl.java:isTransactionFailed(278)) - Got block deletion ACK from datanode, TXIDs=53, success=true
2021-08-10 12:16:27,252 [EventQueue-DeleteBlockStatusForDeletedBlockLogImpl] DEBUG block.DeletedBlockLogImpl (DeletedBlockLogImpl.java:commitTransactions(256)) - Datanode txId=53 containerId=#53 committed by dnId=01235482-5c07-4b37-86e9-3192ec4df84f
2021-08-10 12:16:27,253 [EventQueue-DeleteBlockStatusForDeletedBlockLogImpl] DEBUG block.DeletedBlockLogImpl (DeletedBlockLogImpl.java:isTransactionFailed(278)) - Got block deletion ACK from datanode, TXIDs=54, success=true
2021-08-10 12:16:27,253 [EventQueue-DeleteBlockStatusForDeletedBlockLogImpl] DEBUG block.DeletedBlockLogImpl (DeletedBlockLogImpl.java:commitTransactions(256)) - Datanode txId=54 containerId=#54 committed by dnId=01235482-5c07-4b37-86e9-3192ec4df84f
2021-08-10 12:16:27,253 [EventQueue-DeleteBlockStatusForDeletedBlockLogImpl] DEBUG block.DeletedBlockLogImpl (DeletedBlockLogImpl.java:isTransactionFailed(278)) - Got block deletion ACK from datanode, TXIDs=55, success=true
2021-08-10 12:16:27,253 [EventQueue-DeleteBlockStatusForDeletedBlockLogImpl] DEBUG block.DeletedBlockLogImpl (DeletedBlockLogImpl.java:commitTransactions(256)) - Datanode txId=55 containerId=#55 committed by dnId=01235482-5c07-4b37-86e9-3192ec4df84f
2021-08-10 12:16:27,253 [EventQueue-DeleteBlockStatusForDeletedBlockLogImpl] DEBUG block.DeletedBlockLogImpl (DeletedBlockLogImpl.java:isTransactionFailed(278)) - Got block deletion ACK from datanode, TXIDs=56, success=true
2021-08-10 12:16:27,253 [EventQueue-DeleteBlockStatusForDeletedBlockLogImpl] DEBUG block.DeletedBlockLogImpl (DeletedBlockLogImpl.java:commitTransactions(256)) - Datanode txId=56 containerId=#56 committed by dnId=01235482-5c07-4b37-86e9-3192ec4df84f
2021-08-10 12:16:27,253 [EventQueue-DeleteBlockStatusForDeletedBlockLogImpl] DEBUG block.DeletedBlockLogImpl (DeletedBlockLogImpl.java:isTransactionFailed(278)) - Got block deletion ACK from datanode, TXIDs=1, success=true
2021-08-10 12:16:27,253 [EventQueue-DeleteBlockStatusForDeletedBlockLogImpl] DEBUG block.DeletedBlockLogImpl (DeletedBlockLogImpl.java:commitTransactions(224)) - Transaction txId=1 commit by dnId=01235482-5c07-4b37-86e9-3192ec4df84f for containerID=#1 failed. Corresponding entry not found.
2021-08-10 12:16:27,253 [EventQueue-DeleteBlockStatusForDeletedBlockLogImpl] DEBUG block.DeletedBlockLogImpl (DeletedBlockLogImpl.java:isTransactionFailed(278)) - Got block deletion ACK from datanode, TXIDs=2, success=true
2021-08-10 12:16:27,253 [EventQueue-DeleteBlockStatusForDeletedBlockLogImpl] DEBUG block.DeletedBlockLogImpl (DeletedBlockLogImpl.java:commitTransactions(224)) - Transaction txId=2 commit by dnId=01235482-5c07-4b37-86e9-3192ec4df84f for containerID=#2 failed. Corresponding entry not found.
2021-08-10 12:16:27,253 [EventQueue-DeleteBlockStatusForDeletedBlockLogImpl] DEBUG block.DeletedBlockLogImpl (DeletedBlockLogImpl.java:isTransactionFailed(278)) - Got block deletion ACK from datanode, TXIDs=3, success=true
2021-08-10 12:16:27,253 [EventQueue-DeleteBlockStatusForDeletedBlockLogImpl] DEBUG block.DeletedBlockLogImpl (DeletedBlockLogImpl.java:commitTransactions(224)) - Transaction txId=3 commit by dnId=01235482-5c07-4b37-86e9-3192ec4df84f for containerID=#3 failed. Corresponding entry not found.
2021-08-10 12:16:27,253 [EventQueue-DeleteBlockStatusForDeletedBlockLogImpl] DEBUG block.DeletedBlockLogImpl (DeletedBlockLogImpl.java:isTransactionFailed(278)) - Got block deletion ACK from datanode, TXIDs=4, success=true
2021-08-10 12:16:27,253 [EventQueue-DeleteBlockStatusForDeletedBlockLogImpl] DEBUG block.DeletedBlockLogImpl (DeletedBlockLogImpl.java:commitTransactions(224)) - Transaction txId=4 commit by dnId=01235482-5c07-4b37-86e9-3192ec4df84f for containerID=#4 failed. Corresponding entry not found.
2021-08-10 12:16:27,253 [EventQueue-DeleteBlockStatusForDeletedBlockLogImpl] DEBUG block.DeletedBlockLogImpl (DeletedBlockLogImpl.java:isTransactionFailed(278)) - Got block deletion ACK from datanode, TXIDs=5, success=true
2021-08-10 12:16:27,253 [EventQueue-DeleteBlockStatusForDeletedBlockLogImpl] DEBUG block.DeletedBlockLogImpl (DeletedBlockLogImpl.java:commitTransactions(224)) - Transaction txId=5 commit by dnId=01235482-5c07-4b37-86e9-3192ec4df84f for containerID=#5 failed. Corresponding entry not found.
2021-08-10 12:16:27,253 [EventQueue-DeleteBlockStatusForDeletedBlockLogImpl] DEBUG block.DeletedBlockLogImpl (DeletedBlockLogImpl.java:isTransactionFailed(278)) - Got block deletion ACK from datanode, TXIDs=6, success=true
2021-08-10 12:16:27,253 [EventQueue-DeleteBlockStatusForDeletedBlockLogImpl] DEBUG block.DeletedBlockLogImpl (DeletedBlockLogImpl.java:commitTransactions(224)) - Transaction txId=6 commit by dnId=01235482-5c07-4b37-86e9-3192ec4df84f for containerID=#6 failed. Corresponding entry not found.
2021-08-10 12:16:27,253 [EventQueue-DeleteBlockStatusForDeletedBlockLogImpl] DEBUG block.DeletedBlockLogImpl (DeletedBlockLogImpl.java:isTransactionFailed(278)) - Got block deletion ACK from datanode, TXIDs=7, success=true
2021-08-10 12:16:27,253 [EventQueue-DeleteBlockStatusForDeletedBlockLogImpl] DEBUG block.DeletedBlockLogImpl (DeletedBlockLogImpl.java:commitTransactions(224)) - Transaction txId=7 commit by dnId=01235482-5c07-4b37-86e9-3192ec4df84f for containerID=#7 failed. Corresponding entry not found.
2021-08-10 12:16:27,253 [EventQueue-DeleteBlockStatusForDeletedBlockLogImpl] DEBUG block.DeletedBlockLogImpl (DeletedBlockLogImpl.java:isTransactionFailed(278)) - Got block deletion ACK from datanode, TXIDs=8, success=true
2021-08-10 12:16:27,253 [EventQueue-DeleteBlockStatusForDeletedBlockLogImpl] DEBUG block.DeletedBlockLogImpl (DeletedBlockLogImpl.java:commitTransactions(224)) - Transaction txId=8 commit by dnId=01235482-5c07-4b37-86e9-3192ec4df84f for containerID=#8 failed. Corresponding entry not found.
2021-08-10 12:16:27,253 [EventQueue-DeleteBlockStatusForDeletedBlockLogImpl] DEBUG block.DeletedBlockLogImpl (DeletedBlockLogImpl.java:isTransactionFailed(278)) - Got block deletion ACK from datanode, TXIDs=9, success=true
2021-08-10 12:16:27,253 [EventQueue-DeleteBlockStatusForDeletedBlockLogImpl] DEBUG block.DeletedBlockLogImpl (DeletedBlockLogImpl.java:commitTransactions(224)) - Transaction txId=9 commit by dnId=01235482-5c07-4b37-86e9-3192ec4df84f for containerID=#9 failed. Corresponding entry not found.
2021-08-10 12:16:27,253 [EventQueue-DeleteBlockStatusForDeletedBlockLogImpl] DEBUG block.DeletedBlockLogImpl (DeletedBlockLogImpl.java:isTransactionFailed(278)) - Got block deletion ACK from datanode, TXIDs=1, success=true
2021-08-10 12:16:27,253 [EventQueue-DeleteBlockStatusForDeletedBlockLogImpl] DEBUG block.DeletedBlockLogImpl (DeletedBlockLogImpl.java:commitTransactions(224)) - Transaction txId=1 commit by dnId=01235482-5c07-4b37-86e9-3192ec4df84f for containerID=#1 failed. Corresponding entry not found.
2021-08-10 12:16:27,253 [EventQueue-DeleteBlockStatusForDeletedBlockLogImpl] DEBUG block.DeletedBlockLogImpl (DeletedBlockLogImpl.java:isTransactionFailed(278)) - Got block deletion ACK from datanode, TXIDs=2, success=true
2021-08-10 12:16:27,253 [EventQueue-DeleteBlockStatusForDeletedBlockLogImpl] DEBUG block.DeletedBlockLogImpl (DeletedBlockLogImpl.java:commitTransactions(224)) - Transaction txId=2 commit by dnId=01235482-5c07-4b37-86e9-3192ec4df84f for containerID=#2 failed. Corresponding entry not found.
2021-08-10 12:16:27,253 [EventQueue-DeleteBlockStatusForDeletedBlockLogImpl] DEBUG block.DeletedBlockLogImpl (DeletedBlockLogImpl.java:isTransactionFailed(278)) - Got block deletion ACK from datanode, TXIDs=3, success=true
2021-08-10 12:16:27,253 [EventQueue-DeleteBlockStatusForDeletedBlockLogImpl] DEBUG block.DeletedBlockLogImpl (DeletedBlockLogImpl.java:commitTransactions(224)) - Transaction txId=3 commit by dnId=01235482-5c07-4b37-86e9-3192ec4df84f for containerID=#3 failed. Corresponding entry not found.
2021-08-10 12:16:27,253 [EventQueue-DeleteBlockStatusForDeletedBlockLogImpl] DEBUG block.DeletedBlockLogImpl (DeletedBlockLogImpl.java:isTransactionFailed(278)) - Got block deletion ACK from datanode, TXIDs=4, success=true
2021-08-10 12:16:27,253 [EventQueue-DeleteBlockStatusForDeletedBlockLogImpl] DEBUG block.DeletedBlockLogImpl (DeletedBlockLogImpl.java:commitTransactions(224)) - Transaction txId=4 commit by dnId=01235482-5c07-4b37-86e9-3192ec4df84f for containerID=#4 failed. Corresponding entry not found.
2021-08-10 12:16:27,253 [EventQueue-DeleteBlockStatusForDeletedBlockLogImpl] DEBUG block.DeletedBlockLogImpl (DeletedBlockLogImpl.java:isTransactionFailed(278)) - Got block deletion ACK from datanode, TXIDs=5, success=true
2021-08-10 12:16:27,253 [EventQueue-DeleteBlockStatusForDeletedBlockLogImpl] DEBUG block.DeletedBlockLogImpl (DeletedBlockLogImpl.java:commitTransactions(224)) - Transaction txId=5 commit by dnId=01235482-5c07-4b37-86e9-3192ec4df84f for containerID=#5 failed. Corresponding entry not found.
2021-08-10 12:16:27,253 [EventQueue-DeleteBlockStatusForDeletedBlockLogImpl] DEBUG block.DeletedBlockLogImpl (DeletedBlockLogImpl.java:isTransactionFailed(278)) - Got block deletion ACK from datanode, TXIDs=6, success=true
2021-08-10 12:16:27,253 [EventQueue-DeleteBlockStatusForDeletedBlockLogImpl] DEBUG block.DeletedBlockLogImpl (DeletedBlockLogImpl.java:commitTransactions(224)) - Transaction txId=6 commit by dnId=01235482-5c07-4b37-86e9-3192ec4df84f for containerID=#6 failed. Corresponding entry not found.
2021-08-10 12:16:27,253 [EventQueue-DeleteBlockStatusForDeletedBlockLogImpl] DEBUG block.DeletedBlockLogImpl (DeletedBlockLogImpl.java:isTransactionFailed(278)) - Got block deletion ACK from datanode, TXIDs=7, success=true
2021-08-10 12:16:27,253 [EventQueue-DeleteBlockStatusForDeletedBlockLogImpl] DEBUG block.DeletedBlockLogImpl (DeletedBlockLogImpl.java:commitTransactions(224)) - Transaction txId=7 commit by dnId=01235482-5c07-4b37-86e9-3192ec4df84f for containerID=#7 failed. Corresponding entry not found.
2021-08-10 12:16:27,253 [EventQueue-DeleteBlockStatusForDeletedBlockLogImpl] DEBUG block.DeletedBlockLogImpl (DeletedBlockLogImpl.java:isTransactionFailed(278)) - Got block deletion ACK from datanode, TXIDs=8, success=true
2021-08-10 12:16:27,253 [EventQueue-DeleteBlockStatusForDeletedBlockLogImpl] DEBUG block.DeletedBlockLogImpl (DeletedBlockLogImpl.java:commitTransactions(224)) - Transaction txId=8 commit by dnId=01235482-5c07-4b37-86e9-3192ec4df84f for containerID=#8 failed. Corresponding entry not found.
2021-08-10 12:16:27,253 [EventQueue-DeleteBlockStatusForDeletedBlockLogImpl] DEBUG block.DeletedBlockLogImpl (DeletedBlockLogImpl.java:isTransactionFailed(278)) - Got block deletion ACK from datanode, TXIDs=9, success=true
2021-08-10 12:16:27,253 [EventQueue-DeleteBlockStatusForDeletedBlockLogImpl] DEBUG block.DeletedBlockLogImpl (DeletedBlockLogImpl.java:commitTransactions(224)) - Transaction txId=9 commit by dnId=01235482-5c07-4b37-86e9-3192ec4df84f for containerID=#9 failed. Corresponding entry not found.
2021-08-10 12:16:27,253 [EventQueue-DeleteBlockStatusForDeletedBlockLogImpl] DEBUG block.DeletedBlockLogImpl (DeletedBlockLogImpl.java:isTransactionFailed(278)) - Got block deletion ACK from datanode, TXIDs=10, success=true
2021-08-10 12:16:27,253 [EventQueue-DeleteBlockStatusForDeletedBlockLogImpl] DEBUG block.DeletedBlockLogImpl (DeletedBlockLogImpl.java:commitTransactions(256)) - Datanode txId=10 containerId=#10 committed by dnId=01235482-5c07-4b37-86e9-3192ec4df84f
2021-08-10 12:16:27,253 [EventQueue-DeleteBlockStatusForDeletedBlockLogImpl] DEBUG block.DeletedBlockLogImpl (DeletedBlockLogImpl.java:isTransactionFailed(278)) - Got block deletion ACK from datanode, TXIDs=11, success=true
2021-08-10 12:16:27,253 [EventQueue-DeleteBlockStatusForDeletedBlockLogImpl] DEBUG block.DeletedBlockLogImpl (DeletedBlockLogImpl.java:commitTransactions(256)) - Datanode txId=11 containerId=#11 committed by dnId=01235482-5c07-4b37-86e9-3192ec4df84f
2021-08-10 12:16:27,253 [EventQueue-DeleteBlockStatusForDeletedBlockLogImpl] DEBUG block.DeletedBlockLogImpl (DeletedBlockLogImpl.java:isTransactionFailed(278)) - Got block deletion ACK from datanode, TXIDs=12, success=true
2021-08-10 12:16:27,253 [EventQueue-DeleteBlockStatusForDeletedBlockLogImpl] DEBUG block.DeletedBlockLogImpl (DeletedBlockLogImpl.java:commitTransactions(256)) - Datanode txId=12 containerId=#12 committed by dnId=01235482-5c07-4b37-86e9-3192ec4df84f
2021-08-10 12:16:27,253 [EventQueue-DeleteBlockStatusForDeletedBlockLogImpl] DEBUG block.DeletedBlockLogImpl (DeletedBlockLogImpl.java:isTransactionFailed(278)) - Got block deletion ACK from datanode, TXIDs=13, success=true
2021-08-10 12:16:27,253 [EventQueue-DeleteBlockStatusForDeletedBlockLogImpl] DEBUG block.DeletedBlockLogImpl (DeletedBlockLogImpl.java:commitTransactions(256)) - Datanode txId=13 containerId=#13 committed by dnId=01235482-5c07-4b37-86e9-3192ec4df84f
2021-08-10 12:16:27,253 [EventQueue-DeleteBlockStatusForDeletedBlockLogImpl] DEBUG block.DeletedBlockLogImpl (DeletedBlockLogImpl.java:isTransactionFailed(278)) - Got block deletion ACK from datanode, TXIDs=14, success=true
2021-08-10 12:16:27,254 [EventQueue-DeleteBlockStatusForDeletedBlockLogImpl] DEBUG block.DeletedBlockLogImpl (DeletedBlockLogImpl.java:commitTransactions(256)) - Datanode txId=14 containerId=#14 committed by dnId=01235482-5c07-4b37-86e9-3192ec4df84f
2021-08-10 12:16:27,254 [EventQueue-DeleteBlockStatusForDeletedBlockLogImpl] DEBUG block.DeletedBlockLogImpl (DeletedBlockLogImpl.java:isTransactionFailed(278)) - Got block deletion ACK from datanode, TXIDs=15, success=true
2021-08-10 12:16:27,254 [EventQueue-DeleteBlockStatusForDeletedBlockLogImpl] DEBUG block.DeletedBlockLogImpl (DeletedBlockLogImpl.java:commitTransactions(256)) - Datanode txId=15 containerId=#15 committed by dnId=01235482-5c07-4b37-86e9-3192ec4df84f
2021-08-10 12:16:27,254 [EventQueue-DeleteBlockStatusForDeletedBlockLogImpl] DEBUG block.DeletedBlockLogImpl (DeletedBlockLogImpl.java:isTransactionFailed(278)) - Got block deletion ACK from datanode, TXIDs=16, success=true
2021-08-10 12:16:27,254 [EventQueue-DeleteBlockStatusForDeletedBlockLogImpl] DEBUG block.DeletedBlockLogImpl (DeletedBlockLogImpl.java:commitTransactions(256)) - Datanode txId=16 containerId=#16 committed by dnId=01235482-5c07-4b37-86e9-3192ec4df84f
2021-08-10 12:16:27,254 [EventQueue-DeleteBlockStatusForDeletedBlockLogImpl] DEBUG block.DeletedBlockLogImpl (DeletedBlockLogImpl.java:isTransactionFailed(278)) - Got block deletion ACK from datanode, TXIDs=17, success=true
2021-08-10 12:16:27,254 [EventQueue-DeleteBlockStatusForDeletedBlockLogImpl] DEBUG block.DeletedBlockLogImpl (DeletedBlockLogImpl.java:commitTransactions(256)) - Datanode txId=17 containerId=#17 committed by dnId=01235482-5c07-4b37-86e9-3192ec4df84f
2021-08-10 12:16:27,254 [EventQueue-DeleteBlockStatusForDeletedBlockLogImpl] DEBUG block.DeletedBlockLogImpl (DeletedBlockLogImpl.java:isTransactionFailed(278)) - Got block deletion ACK from datanode, TXIDs=18, success=true
2021-08-10 12:16:27,254 [EventQueue-DeleteBlockStatusForDeletedBlockLogImpl] DEBUG block.DeletedBlockLogImpl (DeletedBlockLogImpl.java:commitTransactions(256)) - Datanode txId=18 containerId=#18 committed by dnId=01235482-5c07-4b37-86e9-3192ec4df84f
2021-08-10 12:16:27,254 [EventQueue-DeleteBlockStatusForDeletedBlockLogImpl] DEBUG block.DeletedBlockLogImpl (DeletedBlockLogImpl.java:isTransactionFailed(278)) - Got block deletion ACK from datanode, TXIDs=19, success=true
2021-08-10 12:16:27,254 [EventQueue-DeleteBlockStatusForDeletedBlockLogImpl] DEBUG block.DeletedBlockLogImpl (DeletedBlockLogImpl.java:commitTransactions(256)) - Datanode txId=19 containerId=#19 committed by dnId=01235482-5c07-4b37-86e9-3192ec4df84f
2021-08-10 12:16:27,254 [EventQueue-DeleteBlockStatusForDeletedBlockLogImpl] DEBUG block.DeletedBlockLogImpl (DeletedBlockLogImpl.java:isTransactionFailed(278)) - Got block deletion ACK from datanode, TXIDs=20, success=true
2021-08-10 12:16:27,254 [EventQueue-DeleteBlockStatusForDeletedBlockLogImpl] DEBUG block.DeletedBlockLogImpl (DeletedBlockLogImpl.java:commitTransactions(256)) - Datanode txId=20 containerId=#20 committed by dnId=01235482-5c07-4b37-86e9-3192ec4df84f
2021-08-10 12:16:27,254 [EventQueue-DeleteBlockStatusForDeletedBlockLogImpl] DEBUG block.DeletedBlockLogImpl (DeletedBlockLogImpl.java:isTransactionFailed(278)) - Got block deletion ACK from datanode, TXIDs=21, success=true
2021-08-10 12:16:27,254 [EventQueue-DeleteBlockStatusForDeletedBlockLogImpl] DEBUG block.DeletedBlockLogImpl (DeletedBlockLogImpl.java:commitTransactions(256)) - Datanode txId=21 containerId=#21 committed by dnId=01235482-5c07-4b37-86e9-3192ec4df84f
2021-08-10 12:16:27,254 [EventQueue-DeleteBlockStatusForDeletedBlockLogImpl] DEBUG block.DeletedBlockLogImpl (DeletedBlockLogImpl.java:isTransactionFailed(278)) - Got block deletion ACK from datanode, TXIDs=22, success=true
2021-08-10 12:16:27,254 [EventQueue-DeleteBlockStatusForDeletedBlockLogImpl] DEBUG block.DeletedBlockLogImpl (DeletedBlockLogImpl.java:commitTransactions(256)) - Datanode txId=22 containerId=#22 committed by dnId=01235482-5c07-4b37-86e9-3192ec4df84f
2021-08-10 12:16:27,254 [EventQueue-DeleteBlockStatusForDeletedBlockLogImpl] DEBUG block.DeletedBlockLogImpl (DeletedBlockLogImpl.java:isTransactionFailed(278)) - Got block deletion ACK from datanode, TXIDs=23, success=true
2021-08-10 12:16:27,254 [EventQueue-DeleteBlockStatusForDeletedBlockLogImpl] DEBUG block.DeletedBlockLogImpl (DeletedBlockLogImpl.java:commitTransactions(256)) - Datanode txId=23 containerId=#23 committed by dnId=01235482-5c07-4b37-86e9-3192ec4df84f
2021-08-10 12:16:27,254 [EventQueue-DeleteBlockStatusForDeletedBlockLogImpl] DEBUG block.DeletedBlockLogImpl (DeletedBlockLogImpl.java:isTransactionFailed(278)) - Got block deletion ACK from datanode, TXIDs=24, success=true
2021-08-10 12:16:27,254 [EventQueue-DeleteBlockStatusForDeletedBlockLogImpl] DEBUG block.DeletedBlockLogImpl (DeletedBlockLogImpl.java:commitTransactions(256)) - Datanode txId=24 containerId=#24 committed by dnId=01235482-5c07-4b37-86e9-3192ec4df84f
2021-08-10 12:16:27,254 [EventQueue-DeleteBlockStatusForDeletedBlockLogImpl] DEBUG block.DeletedBlockLogImpl (DeletedBlockLogImpl.java:isTransactionFailed(278)) - Got block deletion ACK from datanode, TXIDs=25, success=true
2021-08-10 12:16:27,254 [EventQueue-DeleteBlockStatusForDeletedBlockLogImpl] DEBUG block.DeletedBlockLogImpl (DeletedBlockLogImpl.java:commitTransactions(256)) - Datanode txId=25 containerId=#25 committed by dnId=01235482-5c07-4b37-86e9-3192ec4df84f
2021-08-10 12:16:27,254 [EventQueue-DeleteBlockStatusForDeletedBlockLogImpl] DEBUG block.DeletedBlockLogImpl (DeletedBlockLogImpl.java:isTransactionFailed(278)) - Got block deletion ACK from datanode, TXIDs=26, success=true
2021-08-10 12:16:27,254 [EventQueue-DeleteBlockStatusForDeletedBlockLogImpl] DEBUG block.DeletedBlockLogImpl (DeletedBlockLogImpl.java:commitTransactions(256)) - Datanode txId=26 containerId=#26 committed by dnId=01235482-5c07-4b37-86e9-3192ec4df84f
2021-08-10 12:16:27,254 [EventQueue-DeleteBlockStatusForDeletedBlockLogImpl] DEBUG block.DeletedBlockLogImpl (DeletedBlockLogImpl.java:isTransactionFailed(278)) - Got block deletion ACK from datanode, TXIDs=27, success=true
2021-08-10 12:16:27,254 [EventQueue-DeleteBlockStatusForDeletedBlockLogImpl] DEBUG block.DeletedBlockLogImpl (DeletedBlockLogImpl.java:commitTransactions(256)) - Datanode txId=27 containerId=#27 committed by dnId=01235482-5c07-4b37-86e9-3192ec4df84f
2021-08-10 12:16:27,254 [EventQueue-DeleteBlockStatusForDeletedBlockLogImpl] DEBUG block.DeletedBlockLogImpl (DeletedBlockLogImpl.java:isTransactionFailed(278)) - Got block deletion ACK from datanode, TXIDs=28, success=true
2021-08-10 12:16:27,254 [EventQueue-DeleteBlockStatusForDeletedBlockLogImpl] DEBUG block.DeletedBlockLogImpl (DeletedBlockLogImpl.java:commitTransactions(256)) - Datanode txId=28 containerId=#28 committed by dnId=01235482-5c07-4b37-86e9-3192ec4df84f
2021-08-10 12:16:27,254 [EventQueue-DeleteBlockStatusForDeletedBlockLogImpl] DEBUG block.DeletedBlockLogImpl (DeletedBlockLogImpl.java:isTransactionFailed(278)) - Got block deletion ACK from datanode, TXIDs=29, success=true
2021-08-10 12:16:27,254 [EventQueue-DeleteBlockStatusForDeletedBlockLogImpl] DEBUG block.DeletedBlockLogImpl (DeletedBlockLogImpl.java:commitTransactions(256)) - Datanode txId=29 containerId=#29 committed by dnId=01235482-5c07-4b37-86e9-3192ec4df84f
2021-08-10 12:16:27,254 [EventQueue-DeleteBlockStatusForDeletedBlockLogImpl] DEBUG block.DeletedBlockLogImpl (DeletedBlockLogImpl.java:isTransactionFailed(278)) - Got block deletion ACK from datanode, TXIDs=30, success=true
2021-08-10 12:16:27,254 [EventQueue-DeleteBlockStatusForDeletedBlockLogImpl] DEBUG block.DeletedBlockLogImpl (DeletedBlockLogImpl.java:commitTransactions(256)) - Datanode txId=30 containerId=#30 committed by dnId=01235482-5c07-4b37-86e9-3192ec4df84f
2021-08-10 12:16:27,254 [EventQueue-DeleteBlockStatusForDeletedBlockLogImpl] DEBUG block.DeletedBlockLogImpl (DeletedBlockLogImpl.java:isTransactionFailed(278)) - Got block deletion ACK from datanode, TXIDs=31, success=true
2021-08-10 12:16:27,254 [EventQueue-DeleteBlockStatusForDeletedBlockLogImpl] DEBUG block.DeletedBlockLogImpl (DeletedBlockLogImpl.java:commitTransactions(256)) - Datanode txId=31 containerId=#31 committed by dnId=01235482-5c07-4b37-86e9-3192ec4df84f
2021-08-10 12:16:27,254 [EventQueue-DeleteBlockStatusForDeletedBlockLogImpl] DEBUG block.DeletedBlockLogImpl (DeletedBlockLogImpl.java:isTransactionFailed(278)) - Got block deletion ACK from datanode, TXIDs=32, success=true
2021-08-10 12:16:27,254 [EventQueue-DeleteBlockStatusForDeletedBlockLogImpl] DEBUG block.DeletedBlockLogImpl (DeletedBlockLogImpl.java:commitTransactions(256)) - Datanode txId=32 containerId=#32 committed by dnId=01235482-5c07-4b37-86e9-3192ec4df84f
2021-08-10 12:16:27,254 [EventQueue-DeleteBlockStatusForDeletedBlockLogImpl] DEBUG block.DeletedBlockLogImpl (DeletedBlockLogImpl.java:isTransactionFailed(278)) - Got block deletion ACK from datanode, TXIDs=33, success=true
2021-08-10 12:16:27,254 [EventQueue-DeleteBlockStatusForDeletedBlockLogImpl] DEBUG block.DeletedBlockLogImpl (DeletedBlockLogImpl.java:commitTransactions(256)) - Datanode txId=33 containerId=#33 committed by dnId=01235482-5c07-4b37-86e9-3192ec4df84f
2021-08-10 12:16:27,254 [EventQueue-DeleteBlockStatusForDeletedBlockLogImpl] DEBUG block.DeletedBlockLogImpl (DeletedBlockLogImpl.java:isTransactionFailed(278)) - Got block deletion ACK from datanode, TXIDs=34, success=true
2021-08-10 12:16:27,254 [EventQueue-DeleteBlockStatusForDeletedBlockLogImpl] DEBUG block.DeletedBlockLogImpl (DeletedBlockLogImpl.java:commitTransactions(256)) - Datanode txId=34 containerId=#34 committed by dnId=01235482-5c07-4b37-86e9-3192ec4df84f
2021-08-10 12:16:27,254 [EventQueue-DeleteBlockStatusForDeletedBlockLogImpl] DEBUG block.DeletedBlockLogImpl (DeletedBlockLogImpl.java:isTransactionFailed(278)) - Got block deletion ACK from datanode, TXIDs=35, success=true
2021-08-10 12:16:27,254 [EventQueue-DeleteBlockStatusForDeletedBlockLogImpl] DEBUG block.DeletedBlockLogImpl (DeletedBlockLogImpl.java:commitTransactions(256)) - Datanode txId=35 containerId=#35 committed by dnId=01235482-5c07-4b37-86e9-3192ec4df84f
2021-08-10 12:16:27,254 [EventQueue-DeleteBlockStatusForDeletedBlockLogImpl] DEBUG block.DeletedBlockLogImpl (DeletedBlockLogImpl.java:isTransactionFailed(278)) - Got block deletion ACK from datanode, TXIDs=36, success=true
2021-08-10 12:16:27,254 [EventQueue-DeleteBlockStatusForDeletedBlockLogImpl] DEBUG block.DeletedBlockLogImpl (DeletedBlockLogImpl.java:commitTransactions(256)) - Datanode txId=36 containerId=#36 committed by dnId=01235482-5c07-4b37-86e9-3192ec4df84f
2021-08-10 12:16:27,254 [EventQueue-DeleteBlockStatusForDeletedBlockLogImpl] DEBUG block.DeletedBlockLogImpl (DeletedBlockLogImpl.java:isTransactionFailed(278)) - Got block deletion ACK from datanode, TXIDs=37, success=true
2021-08-10 12:16:27,254 [EventQueue-DeleteBlockStatusForDeletedBlockLogImpl] DEBUG block.DeletedBlockLogImpl (DeletedBlockLogImpl.java:commitTransactions(256)) - Datanode txId=37 containerId=#37 committed by dnId=01235482-5c07-4b37-86e9-3192ec4df84f
2021-08-10 12:16:27,254 [EventQueue-DeleteBlockStatusForDeletedBlockLogImpl] DEBUG block.DeletedBlockLogImpl (DeletedBlockLogImpl.java:isTransactionFailed(278)) - Got block deletion ACK from datanode, TXIDs=38, success=true
2021-08-10 12:16:27,254 [EventQueue-DeleteBlockStatusForDeletedBlockLogImpl] DEBUG block.DeletedBlockLogImpl (DeletedBlockLogImpl.java:commitTransactions(256)) - Datanode txId=38 containerId=#38 committed by dnId=01235482-5c07-4b37-86e9-3192ec4df84f
2021-08-10 12:16:27,259 [EventQueue-DeleteBlockStatusForDeletedBlockLogImpl] DEBUG block.DeletedBlockLogImpl (DeletedBlockLogImpl.java:isTransactionFailed(278)) - Got block deletion ACK from datanode, TXIDs=39, success=true
2021-08-10 12:16:27,259 [EventQueue-DeleteBlockStatusForDeletedBlockLogImpl] DEBUG block.DeletedBlockLogImpl (DeletedBlockLogImpl.java:commitTransactions(256)) - Datanode txId=39 containerId=#39 committed by dnId=01235482-5c07-4b37-86e9-3192ec4df84f
2021-08-10 12:16:27,259 [EventQueue-DeleteBlockStatusForDeletedBlockLogImpl] DEBUG block.DeletedBlockLogImpl (DeletedBlockLogImpl.java:isTransactionFailed(278)) - Got block deletion ACK from datanode, TXIDs=40, success=true
2021-08-10 12:16:27,259 [EventQueue-DeleteBlockStatusForDeletedBlockLogImpl] DEBUG block.DeletedBlockLogImpl (DeletedBlockLogImpl.java:commitTransactions(256)) - Datanode txId=40 containerId=#40 committed by dnId=01235482-5c07-4b37-86e9-3192ec4df84f
2021-08-10 12:16:27,259 [EventQueue-DeleteBlockStatusForDeletedBlockLogImpl] DEBUG block.DeletedBlockLogImpl (DeletedBlockLogImpl.java:isTransactionFailed(278)) - Got block deletion ACK from datanode, TXIDs=41, success=true
2021-08-10 12:16:27,259 [EventQueue-DeleteBlockStatusForDeletedBlockLogImpl] DEBUG block.DeletedBlockLogImpl (DeletedBlockLogImpl.java:commitTransactions(256)) - Datanode txId=41 containerId=#41 committed by dnId=01235482-5c07-4b37-86e9-3192ec4df84f
2021-08-10 12:16:27,259 [EventQueue-DeleteBlockStatusForDeletedBlockLogImpl] DEBUG block.DeletedBlockLogImpl (DeletedBlockLogImpl.java:isTransactionFailed(278)) - Got block deletion ACK from datanode, TXIDs=42, success=true
2021-08-10 12:16:27,259 [EventQueue-DeleteBlockStatusForDeletedBlockLogImpl] DEBUG block.DeletedBlockLogImpl (DeletedBlockLogImpl.java:commitTransactions(256)) - Datanode txId=42 containerId=#42 committed by dnId=01235482-5c07-4b37-86e9-3192ec4df84f
2021-08-10 12:16:27,259 [EventQueue-DeleteBlockStatusForDeletedBlockLogImpl] DEBUG block.DeletedBlockLogImpl (DeletedBlockLogImpl.java:isTransactionFailed(278)) - Got block deletion ACK from datanode, TXIDs=43, success=true
2021-08-10 12:16:27,259 [EventQueue-DeleteBlockStatusForDeletedBlockLogImpl] DEBUG block.DeletedBlockLogImpl (DeletedBlockLogImpl.java:commitTransactions(256)) - Datanode txId=43 containerId=#43 committed by dnId=01235482-5c07-4b37-86e9-3192ec4df84f
2021-08-10 12:16:27,259 [EventQueue-DeleteBlockStatusForDeletedBlockLogImpl] DEBUG block.DeletedBlockLogImpl (DeletedBlockLogImpl.java:isTransactionFailed(278)) - Got block deletion ACK from datanode, TXIDs=44, success=true
2021-08-10 12:16:27,259 [EventQueue-DeleteBlockStatusForDeletedBlockLogImpl] DEBUG block.DeletedBlockLogImpl (DeletedBlockLogImpl.java:commitTransactions(256)) - Datanode txId=44 containerId=#44 committed by dnId=01235482-5c07-4b37-86e9-3192ec4df84f
2021-08-10 12:16:27,259 [EventQueue-DeleteBlockStatusForDeletedBlockLogImpl] DEBUG block.DeletedBlockLogImpl (DeletedBlockLogImpl.java:isTransactionFailed(278)) - Got block deletion ACK from datanode, TXIDs=45, success=true
2021-08-10 12:16:27,259 [EventQueue-DeleteBlockStatusForDeletedBlockLogImpl] DEBUG block.DeletedBlockLogImpl (DeletedBlockLogImpl.java:commitTransactions(256)) - Datanode txId=45 containerId=#45 committed by dnId=01235482-5c07-4b37-86e9-3192ec4df84f
2021-08-10 12:16:27,259 [EventQueue-DeleteBlockStatusForDeletedBlockLogImpl] DEBUG block.DeletedBlockLogImpl (DeletedBlockLogImpl.java:isTransactionFailed(278)) - Got block deletion ACK from datanode, TXIDs=46, success=true
2021-08-10 12:16:27,259 [EventQueue-DeleteBlockStatusForDeletedBlockLogImpl] DEBUG block.DeletedBlockLogImpl (DeletedBlockLogImpl.java:commitTransactions(256)) - Datanode txId=46 containerId=#46 committed by dnId=01235482-5c07-4b37-86e9-3192ec4df84f
2021-08-10 12:16:27,259 [EventQueue-DeleteBlockStatusForDeletedBlockLogImpl] DEBUG block.DeletedBlockLogImpl (DeletedBlockLogImpl.java:isTransactionFailed(278)) - Got block deletion ACK from datanode, TXIDs=47, success=true
2021-08-10 12:16:27,259 [EventQueue-DeleteBlockStatusForDeletedBlockLogImpl] DEBUG block.DeletedBlockLogImpl (DeletedBlockLogImpl.java:commitTransactions(256)) - Datanode txId=47 containerId=#47 committed by dnId=01235482-5c07-4b37-86e9-3192ec4df84f
2021-08-10 12:16:27,259 [EventQueue-DeleteBlockStatusForDeletedBlockLogImpl] DEBUG block.DeletedBlockLogImpl (DeletedBlockLogImpl.java:isTransactionFailed(278)) - Got block deletion ACK from datanode, TXIDs=48, success=true
2021-08-10 12:16:27,259 [EventQueue-DeleteBlockStatusForDeletedBlockLogImpl] DEBUG block.DeletedBlockLogImpl (DeletedBlockLogImpl.java:commitTransactions(256)) - Datanode txId=48 containerId=#48 committed by dnId=01235482-5c07-4b37-86e9-3192ec4df84f
2021-08-10 12:16:27,259 [EventQueue-DeleteBlockStatusForDeletedBlockLogImpl] DEBUG block.DeletedBlockLogImpl (DeletedBlockLogImpl.java:isTransactionFailed(278)) - Got block deletion ACK from datanode, TXIDs=49, success=true
2021-08-10 12:16:27,259 [EventQueue-DeleteBlockStatusForDeletedBlockLogImpl] DEBUG block.DeletedBlockLogImpl (DeletedBlockLogImpl.java:commitTransactions(256)) - Datanode txId=49 containerId=#49 committed by dnId=01235482-5c07-4b37-86e9-3192ec4df84f
2021-08-10 12:16:27,259 [EventQueue-DeleteBlockStatusForDeletedBlockLogImpl] DEBUG block.DeletedBlockLogImpl (DeletedBlockLogImpl.java:isTransactionFailed(278)) - Got block deletion ACK from datanode, TXIDs=50, success=true
2021-08-10 12:16:27,259 [EventQueue-DeleteBlockStatusForDeletedBlockLogImpl] DEBUG block.DeletedBlockLogImpl (DeletedBlockLogImpl.java:commitTransactions(256)) - Datanode txId=50 containerId=#50 committed by dnId=01235482-5c07-4b37-86e9-3192ec4df84f
2021-08-10 12:16:27,259 [EventQueue-DeleteBlockStatusForDeletedBlockLogImpl] DEBUG block.DeletedBlockLogImpl (DeletedBlockLogImpl.java:isTransactionFailed(278)) - Got block deletion ACK from datanode, TXIDs=51, success=true
2021-08-10 12:16:27,259 [EventQueue-DeleteBlockStatusForDeletedBlockLogImpl] DEBUG block.DeletedBlockLogImpl (DeletedBlockLogImpl.java:commitTransactions(256)) - Datanode txId=51 containerId=#51 committed by dnId=01235482-5c07-4b37-86e9-3192ec4df84f
2021-08-10 12:16:27,259 [EventQueue-DeleteBlockStatusForDeletedBlockLogImpl] DEBUG block.DeletedBlockLogImpl (DeletedBlockLogImpl.java:isTransactionFailed(278)) - Got block deletion ACK from datanode, TXIDs=52, success=true
2021-08-10 12:16:27,259 [EventQueue-DeleteBlockStatusForDeletedBlockLogImpl] DEBUG block.DeletedBlockLogImpl (DeletedBlockLogImpl.java:commitTransactions(256)) - Datanode txId=52 containerId=#52 committed by dnId=01235482-5c07-4b37-86e9-3192ec4df84f
2021-08-10 12:16:27,259 [EventQueue-DeleteBlockStatusForDeletedBlockLogImpl] DEBUG block.DeletedBlockLogImpl (DeletedBlockLogImpl.java:isTransactionFailed(278)) - Got block deletion ACK from datanode, TXIDs=53, success=true
2021-08-10 12:16:27,259 [EventQueue-DeleteBlockStatusForDeletedBlockLogImpl] DEBUG block.DeletedBlockLogImpl (DeletedBlockLogImpl.java:commitTransactions(256)) - Datanode txId=53 containerId=#53 committed by dnId=01235482-5c07-4b37-86e9-3192ec4df84f
2021-08-10 12:16:27,260 [EventQueue-DeleteBlockStatusForDeletedBlockLogImpl] DEBUG block.DeletedBlockLogImpl (DeletedBlockLogImpl.java:isTransactionFailed(278)) - Got block deletion ACK from datanode, TXIDs=54, success=true
2021-08-10 12:16:27,260 [EventQueue-DeleteBlockStatusForDeletedBlockLogImpl] DEBUG block.DeletedBlockLogImpl (DeletedBlockLogImpl.java:commitTransactions(256)) - Datanode txId=54 containerId=#54 committed by dnId=01235482-5c07-4b37-86e9-3192ec4df84f
2021-08-10 12:16:27,260 [EventQueue-DeleteBlockStatusForDeletedBlockLogImpl] DEBUG block.DeletedBlockLogImpl (DeletedBlockLogImpl.java:isTransactionFailed(278)) - Got block deletion ACK from datanode, TXIDs=55, success=true
2021-08-10 12:16:27,260 [EventQueue-DeleteBlockStatusForDeletedBlockLogImpl] DEBUG block.DeletedBlockLogImpl (DeletedBlockLogImpl.java:commitTransactions(256)) - Datanode txId=55 containerId=#55 committed by dnId=01235482-5c07-4b37-86e9-3192ec4df84f
2021-08-10 12:16:27,260 [EventQueue-DeleteBlockStatusForDeletedBlockLogImpl] DEBUG block.DeletedBlockLogImpl (DeletedBlockLogImpl.java:isTransactionFailed(278)) - Got block deletion ACK from datanode, TXIDs=56, success=true
2021-08-10 12:16:27,260 [EventQueue-DeleteBlockStatusForDeletedBlockLogImpl] DEBUG block.DeletedBlockLogImpl (DeletedBlockLogImpl.java:commitTransactions(256)) - Datanode txId=56 containerId=#56 committed by dnId=01235482-5c07-4b37-86e9-3192ec4df84f
2021-08-10 12:16:27,260 [EventQueue-DeleteBlockStatusForDeletedBlockLogImpl] DEBUG block.DeletedBlockLogImpl (DeletedBlockLogImpl.java:isTransactionFailed(278)) - Got block deletion ACK from datanode, TXIDs=1, success=true
2021-08-10 12:16:27,260 [EventQueue-DeleteBlockStatusForDeletedBlockLogImpl] DEBUG block.DeletedBlockLogImpl (DeletedBlockLogImpl.java:commitTransactions(224)) - Transaction txId=1 commit by dnId=01235482-5c07-4b37-86e9-3192ec4df84f for containerID=#1 failed. Corresponding entry not found.
2021-08-10 12:16:27,260 [EventQueue-DeleteBlockStatusForDeletedBlockLogImpl] DEBUG block.DeletedBlockLogImpl (DeletedBlockLogImpl.java:isTransactionFailed(278)) - Got block deletion ACK from datanode, TXIDs=2, success=true
2021-08-10 12:16:27,260 [EventQueue-DeleteBlockStatusForDeletedBlockLogImpl] DEBUG block.DeletedBlockLogImpl (DeletedBlockLogImpl.java:commitTransactions(224)) - Transaction txId=2 commit by dnId=01235482-5c07-4b37-86e9-3192ec4df84f for containerID=#2 failed. Corresponding entry not found.
2021-08-10 12:16:27,260 [EventQueue-DeleteBlockStatusForDeletedBlockLogImpl] DEBUG block.DeletedBlockLogImpl (DeletedBlockLogImpl.java:isTransactionFailed(278)) - Got block deletion ACK from datanode, TXIDs=3, success=true
2021-08-10 12:16:27,260 [EventQueue-DeleteBlockStatusForDeletedBlockLogImpl] DEBUG block.DeletedBlockLogImpl (DeletedBlockLogImpl.java:commitTransactions(224)) - Transaction txId=3 commit by dnId=01235482-5c07-4b37-86e9-3192ec4df84f for containerID=#3 failed. Corresponding entry not found.
2021-08-10 12:16:27,260 [EventQueue-DeleteBlockStatusForDeletedBlockLogImpl] DEBUG block.DeletedBlockLogImpl (DeletedBlockLogImpl.java:isTransactionFailed(278)) - Got block deletion ACK from datanode, TXIDs=4, success=true
2021-08-10 12:16:27,260 [EventQueue-DeleteBlockStatusForDeletedBlockLogImpl] DEBUG block.DeletedBlockLogImpl (DeletedBlockLogImpl.java:commitTransactions(224)) - Transaction txId=4 commit by dnId=01235482-5c07-4b37-86e9-3192ec4df84f for containerID=#4 failed. Corresponding entry not found.
2021-08-10 12:16:27,260 [EventQueue-DeleteBlockStatusForDeletedBlockLogImpl] DEBUG block.DeletedBlockLogImpl (DeletedBlockLogImpl.java:isTransactionFailed(278)) - Got block deletion ACK from datanode, TXIDs=5, success=true
2021-08-10 12:16:27,260 [EventQueue-DeleteBlockStatusForDeletedBlockLogImpl] DEBUG block.DeletedBlockLogImpl (DeletedBlockLogImpl.java:commitTransactions(224)) - Transaction txId=5 commit by dnId=01235482-5c07-4b37-86e9-3192ec4df84f for containerID=#5 failed. Corresponding entry not found.
2021-08-10 12:16:27,260 [EventQueue-DeleteBlockStatusForDeletedBlockLogImpl] DEBUG block.DeletedBlockLogImpl (DeletedBlockLogImpl.java:isTransactionFailed(278)) - Got block deletion ACK from datanode, TXIDs=6, success=true
2021-08-10 12:16:27,260 [EventQueue-DeleteBlockStatusForDeletedBlockLogImpl] DEBUG block.DeletedBlockLogImpl (DeletedBlockLogImpl.java:commitTransactions(224)) - Transaction txId=6 commit by dnId=01235482-5c07-4b37-86e9-3192ec4df84f for containerID=#6 failed. Corresponding entry not found.
2021-08-10 12:16:27,260 [EventQueue-DeleteBlockStatusForDeletedBlockLogImpl] DEBUG block.DeletedBlockLogImpl (DeletedBlockLogImpl.java:isTransactionFailed(278)) - Got block deletion ACK from datanode, TXIDs=7, success=true
2021-08-10 12:16:27,260 [EventQueue-DeleteBlockStatusForDeletedBlockLogImpl] DEBUG block.DeletedBlockLogImpl (DeletedBlockLogImpl.java:commitTransactions(224)) - Transaction txId=7 commit by dnId=01235482-5c07-4b37-86e9-3192ec4df84f for containerID=#7 failed. Corresponding entry not found.
2021-08-10 12:16:27,260 [EventQueue-DeleteBlockStatusForDeletedBlockLogImpl] DEBUG block.DeletedBlockLogImpl (DeletedBlockLogImpl.java:isTransactionFailed(278)) - Got block deletion ACK from datanode, TXIDs=8, success=true
2021-08-10 12:16:27,260 [EventQueue-DeleteBlockStatusForDeletedBlockLogImpl] DEBUG block.DeletedBlockLogImpl (DeletedBlockLogImpl.java:commitTransactions(224)) - Transaction txId=8 commit by dnId=01235482-5c07-4b37-86e9-3192ec4df84f for containerID=#8 failed. Corresponding entry not found.
2021-08-10 12:16:27,260 [EventQueue-DeleteBlockStatusForDeletedBlockLogImpl] DEBUG block.DeletedBlockLogImpl (DeletedBlockLogImpl.java:isTransactionFailed(278)) - Got block deletion ACK from datanode, TXIDs=9, success=true
2021-08-10 12:16:27,260 [EventQueue-DeleteBlockStatusForDeletedBlockLogImpl] DEBUG block.DeletedBlockLogImpl (DeletedBlockLogImpl.java:commitTransactions(224)) - Transaction txId=9 commit by dnId=01235482-5c07-4b37-86e9-3192ec4df84f for containerID=#9 failed. Corresponding entry not found.
2021-08-10 12:16:27,260 [EventQueue-DeleteBlockStatusForDeletedBlockLogImpl] DEBUG block.DeletedBlockLogImpl (DeletedBlockLogImpl.java:isTransactionFailed(278)) - Got block deletion ACK from datanode, TXIDs=10, success=true
2021-08-10 12:16:27,260 [EventQueue-DeleteBlockStatusForDeletedBlockLogImpl] DEBUG block.DeletedBlockLogImpl (DeletedBlockLogImpl.java:commitTransactions(256)) - Datanode txId=10 containerId=#10 committed by dnId=01235482-5c07-4b37-86e9-3192ec4df84f
2021-08-10 12:16:27,260 [EventQueue-DeleteBlockStatusForDeletedBlockLogImpl] DEBUG block.DeletedBlockLogImpl (DeletedBlockLogImpl.java:isTransactionFailed(278)) - Got block deletion ACK from datanode, TXIDs=1, success=true
2021-08-10 12:16:27,260 [EventQueue-DeleteBlockStatusForDeletedBlockLogImpl] DEBUG block.DeletedBlockLogImpl (DeletedBlockLogImpl.java:commitTransactions(224)) - Transaction txId=1 commit by dnId=01235482-5c07-4b37-86e9-3192ec4df84f for containerID=#1 failed. Corresponding entry not found.
2021-08-10 12:16:27,260 [EventQueue-DeleteBlockStatusForDeletedBlockLogImpl] DEBUG block.DeletedBlockLogImpl (DeletedBlockLogImpl.java:isTransactionFailed(278)) - Got block deletion ACK from datanode, TXIDs=2, success=true
2021-08-10 12:16:27,260 [EventQueue-DeleteBlockStatusForDeletedBlockLogImpl] DEBUG block.DeletedBlockLogImpl (DeletedBlockLogImpl.java:commitTransactions(224)) - Transaction txId=2 commit by dnId=01235482-5c07-4b37-86e9-3192ec4df84f for containerID=#2 failed. Corresponding entry not found.
2021-08-10 12:16:27,260 [EventQueue-DeleteBlockStatusForDeletedBlockLogImpl] DEBUG block.DeletedBlockLogImpl (DeletedBlockLogImpl.java:isTransactionFailed(278)) - Got block deletion ACK from datanode, TXIDs=3, success=true
2021-08-10 12:16:27,260 [EventQueue-DeleteBlockStatusForDeletedBlockLogImpl] DEBUG block.DeletedBlockLogImpl (DeletedBlockLogImpl.java:commitTransactions(224)) - Transaction txId=3 commit by dnId=01235482-5c07-4b37-86e9-3192ec4df84f for containerID=#3 failed. Corresponding entry not found.
2021-08-10 12:16:27,260 [EventQueue-DeleteBlockStatusForDeletedBlockLogImpl] DEBUG block.DeletedBlockLogImpl (DeletedBlockLogImpl.java:isTransactionFailed(278)) - Got block deletion ACK from datanode, TXIDs=4, success=true
2021-08-10 12:16:27,260 [EventQueue-DeleteBlockStatusForDeletedBlockLogImpl] DEBUG block.DeletedBlockLogImpl (DeletedBlockLogImpl.java:commitTransactions(224)) - Transaction txId=4 commit by dnId=01235482-5c07-4b37-86e9-3192ec4df84f for containerID=#4 failed. Corresponding entry not found.
2021-08-10 12:16:27,260 [EventQueue-DeleteBlockStatusForDeletedBlockLogImpl] DEBUG block.DeletedBlockLogImpl (DeletedBlockLogImpl.java:isTransactionFailed(278)) - Got block deletion ACK from datanode, TXIDs=5, success=true
2021-08-10 12:16:27,260 [EventQueue-DeleteBlockStatusForDeletedBlockLogImpl] DEBUG block.DeletedBlockLogImpl (DeletedBlockLogImpl.java:commitTransactions(224)) - Transaction txId=5 commit by dnId=01235482-5c07-4b37-86e9-3192ec4df84f for containerID=#5 failed. Corresponding entry not found.
2021-08-10 12:16:27,261 [EventQueue-DeleteBlockStatusForDeletedBlockLogImpl] DEBUG block.DeletedBlockLogImpl (DeletedBlockLogImpl.java:isTransactionFailed(278)) - Got block deletion ACK from datanode, TXIDs=6, success=true
2021-08-10 12:16:27,261 [EventQueue-DeleteBlockStatusForDeletedBlockLogImpl] DEBUG block.DeletedBlockLogImpl (DeletedBlockLogImpl.java:commitTransactions(224)) - Transaction txId=6 commit by dnId=01235482-5c07-4b37-86e9-3192ec4df84f for containerID=#6 failed. Corresponding entry not found.
2021-08-10 12:16:27,261 [EventQueue-DeleteBlockStatusForDeletedBlockLogImpl] DEBUG block.DeletedBlockLogImpl (DeletedBlockLogImpl.java:isTransactionFailed(278)) - Got block deletion ACK from datanode, TXIDs=7, success=true
2021-08-10 12:16:27,261 [EventQueue-DeleteBlockStatusForDeletedBlockLogImpl] DEBUG block.DeletedBlockLogImpl (DeletedBlockLogImpl.java:commitTransactions(224)) - Transaction txId=7 commit by dnId=01235482-5c07-4b37-86e9-3192ec4df84f for containerID=#7 failed. Corresponding entry not found.
2021-08-10 12:16:27,261 [EventQueue-DeleteBlockStatusForDeletedBlockLogImpl] DEBUG block.DeletedBlockLogImpl (DeletedBlockLogImpl.java:isTransactionFailed(278)) - Got block deletion ACK from datanode, TXIDs=8, success=true
2021-08-10 12:16:27,261 [EventQueue-DeleteBlockStatusForDeletedBlockLogImpl] DEBUG block.DeletedBlockLogImpl (DeletedBlockLogImpl.java:commitTransactions(224)) - Transaction txId=8 commit by dnId=01235482-5c07-4b37-86e9-3192ec4df84f for containerID=#8 failed. Corresponding entry not found.
2021-08-10 12:16:27,261 [EventQueue-DeleteBlockStatusForDeletedBlockLogImpl] DEBUG block.DeletedBlockLogImpl (DeletedBlockLogImpl.java:isTransactionFailed(278)) - Got block deletion ACK from datanode, TXIDs=9, success=true
2021-08-10 12:16:27,261 [EventQueue-DeleteBlockStatusForDeletedBlockLogImpl] DEBUG block.DeletedBlockLogImpl (DeletedBlockLogImpl.java:commitTransactions(224)) - Transaction txId=9 commit by dnId=01235482-5c07-4b37-86e9-3192ec4df84f for containerID=#9 failed. Corresponding entry not found.
2021-08-10 12:16:27,261 [EventQueue-DeleteBlockStatusForDeletedBlockLogImpl] DEBUG block.DeletedBlockLogImpl (DeletedBlockLogImpl.java:isTransactionFailed(278)) - Got block deletion ACK from datanode, TXIDs=10, success=true
2021-08-10 12:16:27,261 [EventQueue-DeleteBlockStatusForDeletedBlockLogImpl] DEBUG block.DeletedBlockLogImpl (DeletedBlockLogImpl.java:commitTransactions(256)) - Datanode txId=10 containerId=#10 committed by dnId=01235482-5c07-4b37-86e9-3192ec4df84f
2021-08-10 12:16:27,261 [EventQueue-DeleteBlockStatusForDeletedBlockLogImpl] DEBUG block.DeletedBlockLogImpl (DeletedBlockLogImpl.java:isTransactionFailed(278)) - Got block deletion ACK from datanode, TXIDs=11, success=true
2021-08-10 12:16:27,261 [EventQueue-DeleteBlockStatusForDeletedBlockLogImpl] DEBUG block.DeletedBlockLogImpl (DeletedBlockLogImpl.java:commitTransactions(256)) - Datanode txId=11 containerId=#11 committed by dnId=01235482-5c07-4b37-86e9-3192ec4df84f
2021-08-10 12:16:27,261 [EventQueue-DeleteBlockStatusForDeletedBlockLogImpl] DEBUG block.DeletedBlockLogImpl (DeletedBlockLogImpl.java:isTransactionFailed(278)) - Got block deletion ACK from datanode, TXIDs=12, success=true
2021-08-10 12:16:27,261 [EventQueue-DeleteBlockStatusForDeletedBlockLogImpl] DEBUG block.DeletedBlockLogImpl (DeletedBlockLogImpl.java:commitTransactions(256)) - Datanode txId=12 containerId=#12 committed by dnId=01235482-5c07-4b37-86e9-3192ec4df84f
2021-08-10 12:16:27,261 [EventQueue-DeleteBlockStatusForDeletedBlockLogImpl] DEBUG block.DeletedBlockLogImpl (DeletedBlockLogImpl.java:isTransactionFailed(278)) - Got block deletion ACK from datanode, TXIDs=13, success=true
2021-08-10 12:16:27,261 [EventQueue-DeleteBlockStatusForDeletedBlockLogImpl] DEBUG block.DeletedBlockLogImpl (DeletedBlockLogImpl.java:commitTransactions(256)) - Datanode txId=13 containerId=#13 committed by dnId=01235482-5c07-4b37-86e9-3192ec4df84f
2021-08-10 12:16:27,261 [EventQueue-DeleteBlockStatusForDeletedBlockLogImpl] DEBUG block.DeletedBlockLogImpl (DeletedBlockLogImpl.java:isTransactionFailed(278)) - Got block deletion ACK from datanode, TXIDs=14, success=true
2021-08-10 12:16:27,261 [EventQueue-DeleteBlockStatusForDeletedBlockLogImpl] DEBUG block.DeletedBlockLogImpl (DeletedBlockLogImpl.java:commitTransactions(256)) - Datanode txId=14 containerId=#14 committed by dnId=01235482-5c07-4b37-86e9-3192ec4df84f
2021-08-10 12:16:27,261 [EventQueue-DeleteBlockStatusForDeletedBlockLogImpl] DEBUG block.DeletedBlockLogImpl (DeletedBlockLogImpl.java:isTransactionFailed(278)) - Got block deletion ACK from datanode, TXIDs=15, success=true
2021-08-10 12:16:27,261 [EventQueue-DeleteBlockStatusForDeletedBlockLogImpl] DEBUG block.DeletedBlockLogImpl (DeletedBlockLogImpl.java:commitTransactions(256)) - Datanode txId=15 containerId=#15 committed by dnId=01235482-5c07-4b37-86e9-3192ec4df84f
2021-08-10 12:16:27,261 [EventQueue-DeleteBlockStatusForDeletedBlockLogImpl] DEBUG block.DeletedBlockLogImpl (DeletedBlockLogImpl.java:isTransactionFailed(278)) - Got block deletion ACK from datanode, TXIDs=16, success=true
2021-08-10 12:16:27,261 [EventQueue-DeleteBlockStatusForDeletedBlockLogImpl] DEBUG block.DeletedBlockLogImpl (DeletedBlockLogImpl.java:commitTransactions(256)) - Datanode txId=16 containerId=#16 committed by dnId=01235482-5c07-4b37-86e9-3192ec4df84f
2021-08-10 12:16:27,261 [EventQueue-DeleteBlockStatusForDeletedBlockLogImpl] DEBUG block.DeletedBlockLogImpl (DeletedBlockLogImpl.java:isTransactionFailed(278)) - Got block deletion ACK from datanode, TXIDs=17, success=true
2021-08-10 12:16:27,261 [EventQueue-DeleteBlockStatusForDeletedBlockLogImpl] DEBUG block.DeletedBlockLogImpl (DeletedBlockLogImpl.java:commitTransactions(256)) - Datanode txId=17 containerId=#17 committed by dnId=01235482-5c07-4b37-86e9-3192ec4df84f
2021-08-10 12:16:27,261 [EventQueue-DeleteBlockStatusForDeletedBlockLogImpl] DEBUG block.DeletedBlockLogImpl (DeletedBlockLogImpl.java:isTransactionFailed(278)) - Got block deletion ACK from datanode, TXIDs=18, success=true
2021-08-10 12:16:27,261 [EventQueue-DeleteBlockStatusForDeletedBlockLogImpl] DEBUG block.DeletedBlockLogImpl (DeletedBlockLogImpl.java:commitTransactions(256)) - Datanode txId=18 containerId=#18 committed by dnId=01235482-5c07-4b37-86e9-3192ec4df84f
2021-08-10 12:16:27,261 [EventQueue-DeleteBlockStatusForDeletedBlockLogImpl] DEBUG block.DeletedBlockLogImpl (DeletedBlockLogImpl.java:isTransactionFailed(278)) - Got block deletion ACK from datanode, TXIDs=19, success=true
2021-08-10 12:16:27,261 [EventQueue-DeleteBlockStatusForDeletedBlockLogImpl] DEBUG block.DeletedBlockLogImpl (DeletedBlockLogImpl.java:commitTransactions(256)) - Datanode txId=19 containerId=#19 committed by dnId=01235482-5c07-4b37-86e9-3192ec4df84f
2021-08-10 12:16:27,261 [EventQueue-DeleteBlockStatusForDeletedBlockLogImpl] DEBUG block.DeletedBlockLogImpl (DeletedBlockLogImpl.java:isTransactionFailed(278)) - Got block deletion ACK from datanode, TXIDs=20, success=true
2021-08-10 12:16:27,261 [EventQueue-DeleteBlockStatusForDeletedBlockLogImpl] DEBUG block.DeletedBlockLogImpl (DeletedBlockLogImpl.java:commitTransactions(256)) - Datanode txId=20 containerId=#20 committed by dnId=01235482-5c07-4b37-86e9-3192ec4df84f
2021-08-10 12:16:27,261 [EventQueue-DeleteBlockStatusForDeletedBlockLogImpl] DEBUG block.DeletedBlockLogImpl (DeletedBlockLogImpl.java:isTransactionFailed(278)) - Got block deletion ACK from datanode, TXIDs=21, success=true
2021-08-10 12:16:27,261 [EventQueue-DeleteBlockStatusForDeletedBlockLogImpl] DEBUG block.DeletedBlockLogImpl (DeletedBlockLogImpl.java:commitTransactions(256)) - Datanode txId=21 containerId=#21 committed by dnId=01235482-5c07-4b37-86e9-3192ec4df84f
2021-08-10 12:16:27,261 [EventQueue-DeleteBlockStatusForDeletedBlockLogImpl] DEBUG block.DeletedBlockLogImpl (DeletedBlockLogImpl.java:isTransactionFailed(278)) - Got block deletion ACK from datanode, TXIDs=22, success=true
2021-08-10 12:16:27,261 [EventQueue-DeleteBlockStatusForDeletedBlockLogImpl] DEBUG block.DeletedBlockLogImpl (DeletedBlockLogImpl.java:commitTransactions(256)) - Datanode txId=22 containerId=#22 committed by dnId=01235482-5c07-4b37-86e9-3192ec4df84f
2021-08-10 12:16:27,261 [EventQueue-DeleteBlockStatusForDeletedBlockLogImpl] DEBUG block.DeletedBlockLogImpl (DeletedBlockLogImpl.java:isTransactionFailed(278)) - Got block deletion ACK from datanode, TXIDs=23, success=true
2021-08-10 12:16:27,261 [EventQueue-DeleteBlockStatusForDeletedBlockLogImpl] DEBUG block.DeletedBlockLogImpl (DeletedBlockLogImpl.java:commitTransactions(256)) - Datanode txId=23 containerId=#23 committed by dnId=01235482-5c07-4b37-86e9-3192ec4df84f
2021-08-10 12:16:27,262 [EventQueue-DeleteBlockStatusForDeletedBlockLogImpl] DEBUG block.DeletedBlockLogImpl (DeletedBlockLogImpl.java:isTransactionFailed(278)) - Got block deletion ACK from datanode, TXIDs=24, success=true
2021-08-10 12:16:27,262 [EventQueue-DeleteBlockStatusForDeletedBlockLogImpl] DEBUG block.DeletedBlockLogImpl (DeletedBlockLogImpl.java:commitTransactions(256)) - Datanode txId=24 containerId=#24 committed by dnId=01235482-5c07-4b37-86e9-3192ec4df84f
2021-08-10 12:16:27,262 [EventQueue-DeleteBlockStatusForDeletedBlockLogImpl] DEBUG block.DeletedBlockLogImpl (DeletedBlockLogImpl.java:isTransactionFailed(278)) - Got block deletion ACK from datanode, TXIDs=25, success=true
2021-08-10 12:16:27,262 [EventQueue-DeleteBlockStatusForDeletedBlockLogImpl] DEBUG block.DeletedBlockLogImpl (DeletedBlockLogImpl.java:commitTransactions(256)) - Datanode txId=25 containerId=#25 committed by dnId=01235482-5c07-4b37-86e9-3192ec4df84f
2021-08-10 12:16:27,262 [EventQueue-DeleteBlockStatusForDeletedBlockLogImpl] DEBUG block.DeletedBlockLogImpl (DeletedBlockLogImpl.java:isTransactionFailed(278)) - Got block deletion ACK from datanode, TXIDs=26, success=true
2021-08-10 12:16:27,262 [EventQueue-DeleteBlockStatusForDeletedBlockLogImpl] DEBUG block.DeletedBlockLogImpl (DeletedBlockLogImpl.java:commitTransactions(256)) - Datanode txId=26 containerId=#26 committed by dnId=01235482-5c07-4b37-86e9-3192ec4df84f
2021-08-10 12:16:27,262 [EventQueue-DeleteBlockStatusForDeletedBlockLogImpl] DEBUG block.DeletedBlockLogImpl (DeletedBlockLogImpl.java:isTransactionFailed(278)) - Got block deletion ACK from datanode, TXIDs=27, success=true
2021-08-10 12:16:27,262 [EventQueue-DeleteBlockStatusForDeletedBlockLogImpl] DEBUG block.DeletedBlockLogImpl (DeletedBlockLogImpl.java:commitTransactions(256)) - Datanode txId=27 containerId=#27 committed by dnId=01235482-5c07-4b37-86e9-3192ec4df84f
2021-08-10 12:16:27,262 [EventQueue-DeleteBlockStatusForDeletedBlockLogImpl] DEBUG block.DeletedBlockLogImpl (DeletedBlockLogImpl.java:isTransactionFailed(278)) - Got block deletion ACK from datanode, TXIDs=28, success=true
2021-08-10 12:16:27,262 [EventQueue-DeleteBlockStatusForDeletedBlockLogImpl] DEBUG block.DeletedBlockLogImpl (DeletedBlockLogImpl.java:commitTransactions(256)) - Datanode txId=28 containerId=#28 committed by dnId=01235482-5c07-4b37-86e9-3192ec4df84f
2021-08-10 12:16:27,262 [EventQueue-DeleteBlockStatusForDeletedBlockLogImpl] DEBUG block.DeletedBlockLogImpl (DeletedBlockLogImpl.java:isTransactionFailed(278)) - Got block deletion ACK from datanode, TXIDs=29, success=true
2021-08-10 12:16:27,262 [EventQueue-DeleteBlockStatusForDeletedBlockLogImpl] DEBUG block.DeletedBlockLogImpl (DeletedBlockLogImpl.java:commitTransactions(256)) - Datanode txId=29 containerId=#29 committed by dnId=01235482-5c07-4b37-86e9-3192ec4df84f
2021-08-10 12:16:27,262 [EventQueue-DeleteBlockStatusForDeletedBlockLogImpl] DEBUG block.DeletedBlockLogImpl (DeletedBlockLogImpl.java:isTransactionFailed(278)) - Got block deletion ACK from datanode, TXIDs=30, success=true
2021-08-10 12:16:27,262 [EventQueue-DeleteBlockStatusForDeletedBlockLogImpl] DEBUG block.DeletedBlockLogImpl (DeletedBlockLogImpl.java:commitTransactions(256)) - Datanode txId=30 containerId=#30 committed by dnId=01235482-5c07-4b37-86e9-3192ec4df84f
2021-08-10 12:16:27,262 [EventQueue-DeleteBlockStatusForDeletedBlockLogImpl] DEBUG block.DeletedBlockLogImpl (DeletedBlockLogImpl.java:isTransactionFailed(278)) - Got block deletion ACK from datanode, TXIDs=31, success=true
2021-08-10 12:16:27,262 [EventQueue-DeleteBlockStatusForDeletedBlockLogImpl] DEBUG block.DeletedBlockLogImpl (DeletedBlockLogImpl.java:commitTransactions(256)) - Datanode txId=31 containerId=#31 committed by dnId=01235482-5c07-4b37-86e9-3192ec4df84f
2021-08-10 12:16:27,262 [EventQueue-DeleteBlockStatusForDeletedBlockLogImpl] DEBUG block.DeletedBlockLogImpl (DeletedBlockLogImpl.java:isTransactionFailed(278)) - Got block deletion ACK from datanode, TXIDs=32, success=true
2021-08-10 12:16:27,262 [EventQueue-DeleteBlockStatusForDeletedBlockLogImpl] DEBUG block.DeletedBlockLogImpl (DeletedBlockLogImpl.java:commitTransactions(256)) - Datanode txId=32 containerId=#32 committed by dnId=01235482-5c07-4b37-86e9-3192ec4df84f
2021-08-10 12:16:27,262 [EventQueue-DeleteBlockStatusForDeletedBlockLogImpl] DEBUG block.DeletedBlockLogImpl (DeletedBlockLogImpl.java:isTransactionFailed(278)) - Got block deletion ACK from datanode, TXIDs=33, success=true
2021-08-10 12:16:27,262 [EventQueue-DeleteBlockStatusForDeletedBlockLogImpl] DEBUG block.DeletedBlockLogImpl (DeletedBlockLogImpl.java:commitTransactions(256)) - Datanode txId=33 containerId=#33 committed by dnId=01235482-5c07-4b37-86e9-3192ec4df84f
2021-08-10 12:16:27,262 [EventQueue-DeleteBlockStatusForDeletedBlockLogImpl] DEBUG block.DeletedBlockLogImpl (DeletedBlockLogImpl.java:isTransactionFailed(278)) - Got block deletion ACK from datanode, TXIDs=34, success=true
2021-08-10 12:16:27,262 [EventQueue-DeleteBlockStatusForDeletedBlockLogImpl] DEBUG block.DeletedBlockLogImpl (DeletedBlockLogImpl.java:commitTransactions(256)) - Datanode txId=34 containerId=#34 committed by dnId=01235482-5c07-4b37-86e9-3192ec4df84f
2021-08-10 12:16:27,262 [EventQueue-DeleteBlockStatusForDeletedBlockLogImpl] DEBUG block.DeletedBlockLogImpl (DeletedBlockLogImpl.java:isTransactionFailed(278)) - Got block deletion ACK from datanode, TXIDs=35, success=true
2021-08-10 12:16:27,262 [EventQueue-DeleteBlockStatusForDeletedBlockLogImpl] DEBUG block.DeletedBlockLogImpl (DeletedBlockLogImpl.java:commitTransactions(256)) - Datanode txId=35 containerId=#35 committed by dnId=01235482-5c07-4b37-86e9-3192ec4df84f
2021-08-10 12:16:27,262 [EventQueue-DeleteBlockStatusForDeletedBlockLogImpl] DEBUG block.DeletedBlockLogImpl (DeletedBlockLogImpl.java:isTransactionFailed(278)) - Got block deletion ACK from datanode, TXIDs=36, success=true
2021-08-10 12:16:27,262 [EventQueue-DeleteBlockStatusForDeletedBlockLogImpl] DEBUG block.DeletedBlockLogImpl (DeletedBlockLogImpl.java:commitTransactions(256)) - Datanode txId=36 containerId=#36 committed by dnId=01235482-5c07-4b37-86e9-3192ec4df84f
2021-08-10 12:16:27,262 [EventQueue-DeleteBlockStatusForDeletedBlockLogImpl] DEBUG block.DeletedBlockLogImpl (DeletedBlockLogImpl.java:isTransactionFailed(278)) - Got block deletion ACK from datanode, TXIDs=37, success=true
2021-08-10 12:16:27,262 [EventQueue-DeleteBlockStatusForDeletedBlockLogImpl] DEBUG block.DeletedBlockLogImpl (DeletedBlockLogImpl.java:commitTransactions(256)) - Datanode txId=37 containerId=#37 committed by dnId=01235482-5c07-4b37-86e9-3192ec4df84f
2021-08-10 12:16:27,262 [EventQueue-DeleteBlockStatusForDeletedBlockLogImpl] DEBUG block.DeletedBlockLogImpl (DeletedBlockLogImpl.java:isTransactionFailed(278)) - Got block deletion ACK from datanode, TXIDs=38, success=true
2021-08-10 12:16:27,262 [EventQueue-DeleteBlockStatusForDeletedBlockLogImpl] DEBUG block.DeletedBlockLogImpl (DeletedBlockLogImpl.java:commitTransactions(256)) - Datanode txId=38 containerId=#38 committed by dnId=01235482-5c07-4b37-86e9-3192ec4df84f
2021-08-10 12:16:27,262 [EventQueue-DeleteBlockStatusForDeletedBlockLogImpl] DEBUG block.DeletedBlockLogImpl (DeletedBlockLogImpl.java:isTransactionFailed(278)) - Got block deletion ACK from datanode, TXIDs=39, success=true
2021-08-10 12:16:27,262 [EventQueue-DeleteBlockStatusForDeletedBlockLogImpl] DEBUG block.DeletedBlockLogImpl (DeletedBlockLogImpl.java:commitTransactions(256)) - Datanode txId=39 containerId=#39 committed by dnId=01235482-5c07-4b37-86e9-3192ec4df84f
2021-08-10 12:16:27,262 [EventQueue-DeleteBlockStatusForDeletedBlockLogImpl] DEBUG block.DeletedBlockLogImpl (DeletedBlockLogImpl.java:isTransactionFailed(278)) - Got block deletion ACK from datanode, TXIDs=40, success=true
2021-08-10 12:16:27,262 [EventQueue-DeleteBlockStatusForDeletedBlockLogImpl] DEBUG block.DeletedBlockLogImpl (DeletedBlockLogImpl.java:commitTransactions(256)) - Datanode txId=40 containerId=#40 committed by dnId=01235482-5c07-4b37-86e9-3192ec4df84f
2021-08-10 12:16:27,262 [EventQueue-DeleteBlockStatusForDeletedBlockLogImpl] DEBUG block.DeletedBlockLogImpl (DeletedBlockLogImpl.java:isTransactionFailed(278)) - Got block deletion ACK from datanode, TXIDs=41, success=true
2021-08-10 12:16:27,263 [EventQueue-DeleteBlockStatusForDeletedBlockLogImpl] DEBUG block.DeletedBlockLogImpl (DeletedBlockLogImpl.java:commitTransactions(256)) - Datanode txId=41 containerId=#41 committed by dnId=01235482-5c07-4b37-86e9-3192ec4df84f
2021-08-10 12:16:27,263 [EventQueue-DeleteBlockStatusForDeletedBlockLogImpl] DEBUG block.DeletedBlockLogImpl (DeletedBlockLogImpl.java:isTransactionFailed(278)) - Got block deletion ACK from datanode, TXIDs=42, success=true
2021-08-10 12:16:27,263 [EventQueue-DeleteBlockStatusForDeletedBlockLogImpl] DEBUG block.DeletedBlockLogImpl (DeletedBlockLogImpl.java:commitTransactions(256)) - Datanode txId=42 containerId=#42 committed by dnId=01235482-5c07-4b37-86e9-3192ec4df84f
2021-08-10 12:16:27,263 [EventQueue-DeleteBlockStatusForDeletedBlockLogImpl] DEBUG block.DeletedBlockLogImpl (DeletedBlockLogImpl.java:isTransactionFailed(278)) - Got block deletion ACK from datanode, TXIDs=43, success=true
2021-08-10 12:16:27,263 [EventQueue-DeleteBlockStatusForDeletedBlockLogImpl] DEBUG block.DeletedBlockLogImpl (DeletedBlockLogImpl.java:commitTransactions(256)) - Datanode txId=43 containerId=#43 committed by dnId=01235482-5c07-4b37-86e9-3192ec4df84f
2021-08-10 12:16:27,263 [EventQueue-DeleteBlockStatusForDeletedBlockLogImpl] DEBUG block.DeletedBlockLogImpl (DeletedBlockLogImpl.java:isTransactionFailed(278)) - Got block deletion ACK from datanode, TXIDs=44, success=true
2021-08-10 12:16:27,263 [EventQueue-DeleteBlockStatusForDeletedBlockLogImpl] DEBUG block.DeletedBlockLogImpl (DeletedBlockLogImpl.java:commitTransactions(256)) - Datanode txId=44 containerId=#44 committed by dnId=01235482-5c07-4b37-86e9-3192ec4df84f
2021-08-10 12:16:27,263 [EventQueue-DeleteBlockStatusForDeletedBlockLogImpl] DEBUG block.DeletedBlockLogImpl (DeletedBlockLogImpl.java:isTransactionFailed(278)) - Got block deletion ACK from datanode, TXIDs=45, success=true
2021-08-10 12:16:27,263 [EventQueue-DeleteBlockStatusForDeletedBlockLogImpl] DEBUG block.DeletedBlockLogImpl (DeletedBlockLogImpl.java:commitTransactions(256)) - Datanode txId=45 containerId=#45 committed by dnId=01235482-5c07-4b37-86e9-3192ec4df84f
2021-08-10 12:16:27,263 [EventQueue-DeleteBlockStatusForDeletedBlockLogImpl] DEBUG block.DeletedBlockLogImpl (DeletedBlockLogImpl.java:isTransactionFailed(278)) - Got block deletion ACK from datanode, TXIDs=46, success=true
2021-08-10 12:16:27,263 [EventQueue-DeleteBlockStatusForDeletedBlockLogImpl] DEBUG block.DeletedBlockLogImpl (DeletedBlockLogImpl.java:commitTransactions(256)) - Datanode txId=46 containerId=#46 committed by dnId=01235482-5c07-4b37-86e9-3192ec4df84f
2021-08-10 12:16:27,263 [EventQueue-DeleteBlockStatusForDeletedBlockLogImpl] DEBUG block.DeletedBlockLogImpl (DeletedBlockLogImpl.java:isTransactionFailed(278)) - Got block deletion ACK from datanode, TXIDs=47, success=true
2021-08-10 12:16:27,263 [EventQueue-DeleteBlockStatusForDeletedBlockLogImpl] DEBUG block.DeletedBlockLogImpl (DeletedBlockLogImpl.java:commitTransactions(256)) - Datanode txId=47 containerId=#47 committed by dnId=01235482-5c07-4b37-86e9-3192ec4df84f
2021-08-10 12:16:27,263 [EventQueue-DeleteBlockStatusForDeletedBlockLogImpl] DEBUG block.DeletedBlockLogImpl (DeletedBlockLogImpl.java:isTransactionFailed(278)) - Got block deletion ACK from datanode, TXIDs=48, success=true
2021-08-10 12:16:27,263 [EventQueue-DeleteBlockStatusForDeletedBlockLogImpl] DEBUG block.DeletedBlockLogImpl (DeletedBlockLogImpl.java:commitTransactions(256)) - Datanode txId=48 containerId=#48 committed by dnId=01235482-5c07-4b37-86e9-3192ec4df84f
2021-08-10 12:16:27,263 [EventQueue-DeleteBlockStatusForDeletedBlockLogImpl] DEBUG block.DeletedBlockLogImpl (DeletedBlockLogImpl.java:isTransactionFailed(278)) - Got block deletion ACK from datanode, TXIDs=49, success=true
2021-08-10 12:16:27,263 [EventQueue-DeleteBlockStatusForDeletedBlockLogImpl] DEBUG block.DeletedBlockLogImpl (DeletedBlockLogImpl.java:commitTransactions(256)) - Datanode txId=49 containerId=#49 committed by dnId=01235482-5c07-4b37-86e9-3192ec4df84f
2021-08-10 12:16:27,263 [EventQueue-DeleteBlockStatusForDeletedBlockLogImpl] DEBUG block.DeletedBlockLogImpl (DeletedBlockLogImpl.java:isTransactionFailed(278)) - Got block deletion ACK from datanode, TXIDs=50, success=true
2021-08-10 12:16:27,263 [EventQueue-DeleteBlockStatusForDeletedBlockLogImpl] DEBUG block.DeletedBlockLogImpl (DeletedBlockLogImpl.java:commitTransactions(256)) - Datanode txId=50 containerId=#50 committed by dnId=01235482-5c07-4b37-86e9-3192ec4df84f
2021-08-10 12:16:27,263 [EventQueue-DeleteBlockStatusForDeletedBlockLogImpl] DEBUG block.DeletedBlockLogImpl (DeletedBlockLogImpl.java:isTransactionFailed(278)) - Got block deletion ACK from datanode, TXIDs=51, success=true
2021-08-10 12:16:27,263 [EventQueue-DeleteBlockStatusForDeletedBlockLogImpl] DEBUG block.DeletedBlockLogImpl (DeletedBlockLogImpl.java:commitTransactions(256)) - Datanode txId=51 containerId=#51 committed by dnId=01235482-5c07-4b37-86e9-3192ec4df84f
2021-08-10 12:16:27,263 [EventQueue-DeleteBlockStatusForDeletedBlockLogImpl] DEBUG block.DeletedBlockLogImpl (DeletedBlockLogImpl.java:isTransactionFailed(278)) - Got block deletion ACK from datanode, TXIDs=52, success=true
2021-08-10 12:16:27,263 [EventQueue-DeleteBlockStatusForDeletedBlockLogImpl] DEBUG block.DeletedBlockLogImpl (DeletedBlockLogImpl.java:commitTransactions(256)) - Datanode txId=52 containerId=#52 committed by dnId=01235482-5c07-4b37-86e9-3192ec4df84f
2021-08-10 12:16:27,263 [EventQueue-DeleteBlockStatusForDeletedBlockLogImpl] DEBUG block.DeletedBlockLogImpl (DeletedBlockLogImpl.java:isTransactionFailed(278)) - Got block deletion ACK from datanode, TXIDs=53, success=true
2021-08-10 12:16:27,263 [EventQueue-DeleteBlockStatusForDeletedBlockLogImpl] DEBUG block.DeletedBlockLogImpl (DeletedBlockLogImpl.java:commitTransactions(256)) - Datanode txId=53 containerId=#53 committed by dnId=01235482-5c07-4b37-86e9-3192ec4df84f
2021-08-10 12:16:27,263 [EventQueue-DeleteBlockStatusForDeletedBlockLogImpl] DEBUG block.DeletedBlockLogImpl (DeletedBlockLogImpl.java:isTransactionFailed(278)) - Got block deletion ACK from datanode, TXIDs=54, success=true
2021-08-10 12:16:27,263 [EventQueue-DeleteBlockStatusForDeletedBlockLogImpl] DEBUG block.DeletedBlockLogImpl (DeletedBlockLogImpl.java:commitTransactions(256)) - Datanode txId=54 containerId=#54 committed by dnId=01235482-5c07-4b37-86e9-3192ec4df84f
2021-08-10 12:16:27,263 [EventQueue-DeleteBlockStatusForDeletedBlockLogImpl] DEBUG block.DeletedBlockLogImpl (DeletedBlockLogImpl.java:isTransactionFailed(278)) - Got block deletion ACK from datanode, TXIDs=55, success=true
2021-08-10 12:16:27,263 [EventQueue-DeleteBlockStatusForDeletedBlockLogImpl] DEBUG block.DeletedBlockLogImpl (DeletedBlockLogImpl.java:commitTransactions(256)) - Datanode txId=55 containerId=#55 committed by dnId=01235482-5c07-4b37-86e9-3192ec4df84f
2021-08-10 12:16:27,263 [EventQueue-DeleteBlockStatusForDeletedBlockLogImpl] DEBUG block.DeletedBlockLogImpl (DeletedBlockLogImpl.java:isTransactionFailed(278)) - Got block deletion ACK from datanode, TXIDs=56, success=true
2021-08-10 12:16:27,263 [EventQueue-DeleteBlockStatusForDeletedBlockLogImpl] DEBUG block.DeletedBlockLogImpl (DeletedBlockLogImpl.java:commitTransactions(256)) - Datanode txId=56 containerId=#56 committed by dnId=01235482-5c07-4b37-86e9-3192ec4df84f
2021-08-10 12:16:27,263 [EventQueue-DeleteBlockStatusForDeletedBlockLogImpl] DEBUG block.DeletedBlockLogImpl (DeletedBlockLogImpl.java:isTransactionFailed(278)) - Got block deletion ACK from datanode, TXIDs=1, success=true
2021-08-10 12:16:27,263 [EventQueue-DeleteBlockStatusForDeletedBlockLogImpl] DEBUG block.DeletedBlockLogImpl (DeletedBlockLogImpl.java:commitTransactions(224)) - Transaction txId=1 commit by dnId=01235482-5c07-4b37-86e9-3192ec4df84f for containerID=#1 failed. Corresponding entry not found.
2021-08-10 12:16:27,264 [EventQueue-DeleteBlockStatusForDeletedBlockLogImpl] DEBUG block.DeletedBlockLogImpl (DeletedBlockLogImpl.java:isTransactionFailed(278)) - Got block deletion ACK from datanode, TXIDs=2, success=true
2021-08-10 12:16:27,264 [EventQueue-DeleteBlockStatusForDeletedBlockLogImpl] DEBUG block.DeletedBlockLogImpl (DeletedBlockLogImpl.java:commitTransactions(224)) - Transaction txId=2 commit by dnId=01235482-5c07-4b37-86e9-3192ec4df84f for containerID=#2 failed. Corresponding entry not found.
2021-08-10 12:16:27,264 [EventQueue-DeleteBlockStatusForDeletedBlockLogImpl] DEBUG block.DeletedBlockLogImpl (DeletedBlockLogImpl.java:isTransactionFailed(278)) - Got block deletion ACK from datanode, TXIDs=3, success=true
2021-08-10 12:16:27,264 [EventQueue-DeleteBlockStatusForDeletedBlockLogImpl] DEBUG block.DeletedBlockLogImpl (DeletedBlockLogImpl.java:commitTransactions(224)) - Transaction txId=3 commit by dnId=01235482-5c07-4b37-86e9-3192ec4df84f for containerID=#3 failed. Corresponding entry not found.
2021-08-10 12:16:27,264 [EventQueue-DeleteBlockStatusForDeletedBlockLogImpl] DEBUG block.DeletedBlockLogImpl (DeletedBlockLogImpl.java:isTransactionFailed(278)) - Got block deletion ACK from datanode, TXIDs=4, success=true
2021-08-10 12:16:27,264 [EventQueue-DeleteBlockStatusForDeletedBlockLogImpl] DEBUG block.DeletedBlockLogImpl (DeletedBlockLogImpl.java:commitTransactions(224)) - Transaction txId=4 commit by dnId=01235482-5c07-4b37-86e9-3192ec4df84f for containerID=#4 failed. Corresponding entry not found.
2021-08-10 12:16:27,264 [EventQueue-DeleteBlockStatusForDeletedBlockLogImpl] DEBUG block.DeletedBlockLogImpl (DeletedBlockLogImpl.java:isTransactionFailed(278)) - Got block deletion ACK from datanode, TXIDs=5, success=true
2021-08-10 12:16:27,264 [EventQueue-DeleteBlockStatusForDeletedBlockLogImpl] DEBUG block.DeletedBlockLogImpl (DeletedBlockLogImpl.java:commitTransactions(224)) - Transaction txId=5 commit by dnId=01235482-5c07-4b37-86e9-3192ec4df84f for containerID=#5 failed. Corresponding entry not found.
2021-08-10 12:16:27,264 [EventQueue-DeleteBlockStatusForDeletedBlockLogImpl] DEBUG block.DeletedBlockLogImpl (DeletedBlockLogImpl.java:isTransactionFailed(278)) - Got block deletion ACK from datanode, TXIDs=6, success=true
2021-08-10 12:16:27,264 [EventQueue-DeleteBlockStatusForDeletedBlockLogImpl] DEBUG block.DeletedBlockLogImpl (DeletedBlockLogImpl.java:commitTransactions(224)) - Transaction txId=6 commit by dnId=01235482-5c07-4b37-86e9-3192ec4df84f for containerID=#6 failed. Corresponding entry not found.
2021-08-10 12:16:27,264 [EventQueue-DeleteBlockStatusForDeletedBlockLogImpl] DEBUG block.DeletedBlockLogImpl (DeletedBlockLogImpl.java:isTransactionFailed(278)) - Got block deletion ACK from datanode, TXIDs=7, success=true
2021-08-10 12:16:27,264 [EventQueue-DeleteBlockStatusForDeletedBlockLogImpl] DEBUG block.DeletedBlockLogImpl (DeletedBlockLogImpl.java:commitTransactions(224)) - Transaction txId=7 commit by dnId=01235482-5c07-4b37-86e9-3192ec4df84f for containerID=#7 failed. Corresponding entry not found.
2021-08-10 12:16:27,264 [EventQueue-DeleteBlockStatusForDeletedBlockLogImpl] DEBUG block.DeletedBlockLogImpl (DeletedBlockLogImpl.java:isTransactionFailed(278)) - Got block deletion ACK from datanode, TXIDs=8, success=true
2021-08-10 12:16:27,264 [EventQueue-DeleteBlockStatusForDeletedBlockLogImpl] DEBUG block.DeletedBlockLogImpl (DeletedBlockLogImpl.java:commitTransactions(224)) - Transaction txId=8 commit by dnId=01235482-5c07-4b37-86e9-3192ec4df84f for containerID=#8 failed. Corresponding entry not found.
2021-08-10 12:16:27,264 [EventQueue-DeleteBlockStatusForDeletedBlockLogImpl] DEBUG block.DeletedBlockLogImpl (DeletedBlockLogImpl.java:isTransactionFailed(278)) - Got block deletion ACK from datanode, TXIDs=9, success=true
2021-08-10 12:16:27,264 [EventQueue-DeleteBlockStatusForDeletedBlockLogImpl] DEBUG block.DeletedBlockLogImpl (DeletedBlockLogImpl.java:commitTransactions(224)) - Transaction txId=9 commit by dnId=01235482-5c07-4b37-86e9-3192ec4df84f for containerID=#9 failed. Corresponding entry not found.
2021-08-10 12:16:27,264 [EventQueue-DeleteBlockStatusForDeletedBlockLogImpl] DEBUG block.DeletedBlockLogImpl (DeletedBlockLogImpl.java:isTransactionFailed(278)) - Got block deletion ACK from datanode, TXIDs=10, success=true
2021-08-10 12:16:27,264 [EventQueue-DeleteBlockStatusForDeletedBlockLogImpl] DEBUG block.DeletedBlockLogImpl (DeletedBlockLogImpl.java:commitTransactions(256)) - Datanode txId=10 containerId=#10 committed by dnId=01235482-5c07-4b37-86e9-3192ec4df84f
2021-08-10 12:16:27,264 [EventQueue-DeleteBlockStatusForDeletedBlockLogImpl] DEBUG block.DeletedBlockLogImpl (DeletedBlockLogImpl.java:isTransactionFailed(278)) - Got block deletion ACK from datanode, TXIDs=1, success=true
2021-08-10 12:16:27,264 [EventQueue-DeleteBlockStatusForDeletedBlockLogImpl] DEBUG block.DeletedBlockLogImpl (DeletedBlockLogImpl.java:commitTransactions(224)) - Transaction txId=1 commit by dnId=01235482-5c07-4b37-86e9-3192ec4df84f for containerID=#1 failed. Corresponding entry not found.
2021-08-10 12:16:27,264 [EventQueue-DeleteBlockStatusForDeletedBlockLogImpl] DEBUG block.DeletedBlockLogImpl (DeletedBlockLogImpl.java:isTransactionFailed(278)) - Got block deletion ACK from datanode, TXIDs=2, success=true
2021-08-10 12:16:27,264 [EventQueue-DeleteBlockStatusForDeletedBlockLogImpl] DEBUG block.DeletedBlockLogImpl (DeletedBlockLogImpl.java:commitTransactions(224)) - Transaction txId=2 commit by dnId=01235482-5c07-4b37-86e9-3192ec4df84f for containerID=#2 failed. Corresponding entry not found.
2021-08-10 12:16:27,264 [EventQueue-DeleteBlockStatusForDeletedBlockLogImpl] DEBUG block.DeletedBlockLogImpl (DeletedBlockLogImpl.java:isTransactionFailed(278)) - Got block deletion ACK from datanode, TXIDs=3, success=true
2021-08-10 12:16:27,264 [EventQueue-DeleteBlockStatusForDeletedBlockLogImpl] DEBUG block.DeletedBlockLogImpl (DeletedBlockLogImpl.java:commitTransactions(224)) - Transaction txId=3 commit by dnId=01235482-5c07-4b37-86e9-3192ec4df84f for containerID=#3 failed. Corresponding entry not found.
2021-08-10 12:16:27,264 [EventQueue-DeleteBlockStatusForDeletedBlockLogImpl] DEBUG block.DeletedBlockLogImpl (DeletedBlockLogImpl.java:isTransactionFailed(278)) - Got block deletion ACK from datanode, TXIDs=4, success=true
2021-08-10 12:16:27,264 [EventQueue-DeleteBlockStatusForDeletedBlockLogImpl] DEBUG block.DeletedBlockLogImpl (DeletedBlockLogImpl.java:commitTransactions(224)) - Transaction txId=4 commit by dnId=01235482-5c07-4b37-86e9-3192ec4df84f for containerID=#4 failed. Corresponding entry not found.
2021-08-10 12:16:27,264 [EventQueue-DeleteBlockStatusForDeletedBlockLogImpl] DEBUG block.DeletedBlockLogImpl (DeletedBlockLogImpl.java:isTransactionFailed(278)) - Got block deletion ACK from datanode, TXIDs=5, success=true
2021-08-10 12:16:27,264 [EventQueue-DeleteBlockStatusForDeletedBlockLogImpl] DEBUG block.DeletedBlockLogImpl (DeletedBlockLogImpl.java:commitTransactions(224)) - Transaction txId=5 commit by dnId=01235482-5c07-4b37-86e9-3192ec4df84f for containerID=#5 failed. Corresponding entry not found.
2021-08-10 12:16:27,264 [EventQueue-DeleteBlockStatusForDeletedBlockLogImpl] DEBUG block.DeletedBlockLogImpl (DeletedBlockLogImpl.java:isTransactionFailed(278)) - Got block deletion ACK from datanode, TXIDs=6, success=true
2021-08-10 12:16:27,264 [EventQueue-DeleteBlockStatusForDeletedBlockLogImpl] DEBUG block.DeletedBlockLogImpl (DeletedBlockLogImpl.java:commitTransactions(224)) - Transaction txId=6 commit by dnId=01235482-5c07-4b37-86e9-3192ec4df84f for containerID=#6 failed. Corresponding entry not found.
2021-08-10 12:16:27,264 [EventQueue-DeleteBlockStatusForDeletedBlockLogImpl] DEBUG block.DeletedBlockLogImpl (DeletedBlockLogImpl.java:isTransactionFailed(278)) - Got block deletion ACK from datanode, TXIDs=7, success=true
2021-08-10 12:16:27,264 [EventQueue-DeleteBlockStatusForDeletedBlockLogImpl] DEBUG block.DeletedBlockLogImpl (DeletedBlockLogImpl.java:commitTransactions(224)) - Transaction txId=7 commit by dnId=01235482-5c07-4b37-86e9-3192ec4df84f for containerID=#7 failed. Corresponding entry not found.
2021-08-10 12:16:27,264 [EventQueue-DeleteBlockStatusForDeletedBlockLogImpl] DEBUG block.DeletedBlockLogImpl (DeletedBlockLogImpl.java:isTransactionFailed(278)) - Got block deletion ACK from datanode, TXIDs=8, success=true
2021-08-10 12:16:27,264 [EventQueue-DeleteBlockStatusForDeletedBlockLogImpl] DEBUG block.DeletedBlockLogImpl (DeletedBlockLogImpl.java:commitTransactions(224)) - Transaction txId=8 commit by dnId=01235482-5c07-4b37-86e9-3192ec4df84f for containerID=#8 failed. Corresponding entry not found.
2021-08-10 12:16:27,264 [EventQueue-DeleteBlockStatusForDeletedBlockLogImpl] DEBUG block.DeletedBlockLogImpl (DeletedBlockLogImpl.java:isTransactionFailed(278)) - Got block deletion ACK from datanode, TXIDs=9, success=true
2021-08-10 12:16:27,264 [EventQueue-DeleteBlockStatusForDeletedBlockLogImpl] DEBUG block.DeletedBlockLogImpl (DeletedBlockLogImpl.java:commitTransactions(224)) - Transaction txId=9 commit by dnId=01235482-5c07-4b37-86e9-3192ec4df84f for containerID=#9 failed. Corresponding entry not found.
2021-08-10 12:16:27,265 [EventQueue-DeleteBlockStatusForDeletedBlockLogImpl] DEBUG block.DeletedBlockLogImpl (DeletedBlockLogImpl.java:isTransactionFailed(278)) - Got block deletion ACK from datanode, TXIDs=10, success=true
2021-08-10 12:16:27,265 [EventQueue-DeleteBlockStatusForDeletedBlockLogImpl] DEBUG block.DeletedBlockLogImpl (DeletedBlockLogImpl.java:commitTransactions(256)) - Datanode txId=10 containerId=#10 committed by dnId=01235482-5c07-4b37-86e9-3192ec4df84f
2021-08-10 12:16:27,265 [EventQueue-DeleteBlockStatusForDeletedBlockLogImpl] DEBUG block.DeletedBlockLogImpl (DeletedBlockLogImpl.java:isTransactionFailed(278)) - Got block deletion ACK from datanode, TXIDs=11, success=true
2021-08-10 12:16:27,265 [EventQueue-DeleteBlockStatusForDeletedBlockLogImpl] DEBUG block.DeletedBlockLogImpl (DeletedBlockLogImpl.java:commitTransactions(256)) - Datanode txId=11 containerId=#11 committed by dnId=01235482-5c07-4b37-86e9-3192ec4df84f
2021-08-10 12:16:27,265 [EventQueue-DeleteBlockStatusForDeletedBlockLogImpl] DEBUG block.DeletedBlockLogImpl (DeletedBlockLogImpl.java:isTransactionFailed(278)) - Got block deletion ACK from datanode, TXIDs=12, success=true
2021-08-10 12:16:27,265 [EventQueue-DeleteBlockStatusForDeletedBlockLogImpl] DEBUG block.DeletedBlockLogImpl (DeletedBlockLogImpl.java:commitTransactions(256)) - Datanode txId=12 containerId=#12 committed by dnId=01235482-5c07-4b37-86e9-3192ec4df84f
2021-08-10 12:16:27,265 [EventQueue-DeleteBlockStatusForDeletedBlockLogImpl] DEBUG block.DeletedBlockLogImpl (DeletedBlockLogImpl.java:isTransactionFailed(278)) - Got block deletion ACK from datanode, TXIDs=13, success=true
2021-08-10 12:16:27,265 [EventQueue-DeleteBlockStatusForDeletedBlockLogImpl] DEBUG block.DeletedBlockLogImpl (DeletedBlockLogImpl.java:commitTransactions(256)) - Datanode txId=13 containerId=#13 committed by dnId=01235482-5c07-4b37-86e9-3192ec4df84f
2021-08-10 12:16:27,265 [EventQueue-DeleteBlockStatusForDeletedBlockLogImpl] DEBUG block.DeletedBlockLogImpl (DeletedBlockLogImpl.java:isTransactionFailed(278)) - Got block deletion ACK from datanode, TXIDs=14, success=true
2021-08-10 12:16:27,265 [EventQueue-DeleteBlockStatusForDeletedBlockLogImpl] DEBUG block.DeletedBlockLogImpl (DeletedBlockLogImpl.java:commitTransactions(256)) - Datanode txId=14 containerId=#14 committed by dnId=01235482-5c07-4b37-86e9-3192ec4df84f
2021-08-10 12:16:27,265 [EventQueue-DeleteBlockStatusForDeletedBlockLogImpl] DEBUG block.DeletedBlockLogImpl (DeletedBlockLogImpl.java:isTransactionFailed(278)) - Got block deletion ACK from datanode, TXIDs=15, success=true
2021-08-10 12:16:27,265 [EventQueue-DeleteBlockStatusForDeletedBlockLogImpl] DEBUG block.DeletedBlockLogImpl (DeletedBlockLogImpl.java:commitTransactions(256)) - Datanode txId=15 containerId=#15 committed by dnId=01235482-5c07-4b37-86e9-3192ec4df84f
2021-08-10 12:16:27,265 [EventQueue-DeleteBlockStatusForDeletedBlockLogImpl] DEBUG block.DeletedBlockLogImpl (DeletedBlockLogImpl.java:isTransactionFailed(278)) - Got block deletion ACK from datanode, TXIDs=16, success=true
2021-08-10 12:16:27,265 [EventQueue-DeleteBlockStatusForDeletedBlockLogImpl] DEBUG block.DeletedBlockLogImpl (DeletedBlockLogImpl.java:commitTransactions(256)) - Datanode txId=16 containerId=#16 committed by dnId=01235482-5c07-4b37-86e9-3192ec4df84f
2021-08-10 12:16:27,265 [EventQueue-DeleteBlockStatusForDeletedBlockLogImpl] DEBUG block.DeletedBlockLogImpl (DeletedBlockLogImpl.java:isTransactionFailed(278)) - Got block deletion ACK from datanode, TXIDs=17, success=true
2021-08-10 12:16:27,265 [EventQueue-DeleteBlockStatusForDeletedBlockLogImpl] DEBUG block.DeletedBlockLogImpl (DeletedBlockLogImpl.java:commitTransactions(256)) - Datanode txId=17 containerId=#17 committed by dnId=01235482-5c07-4b37-86e9-3192ec4df84f
2021-08-10 12:16:27,265 [EventQueue-DeleteBlockStatusForDeletedBlockLogImpl] DEBUG block.DeletedBlockLogImpl (DeletedBlockLogImpl.java:isTransactionFailed(278)) - Got block deletion ACK from datanode, TXIDs=18, success=true
2021-08-10 12:16:27,265 [EventQueue-DeleteBlockStatusForDeletedBlockLogImpl] DEBUG block.DeletedBlockLogImpl (DeletedBlockLogImpl.java:commitTransactions(256)) - Datanode txId=18 containerId=#18 committed by dnId=01235482-5c07-4b37-86e9-3192ec4df84f
2021-08-10 12:16:27,265 [EventQueue-DeleteBlockStatusForDeletedBlockLogImpl] DEBUG block.DeletedBlockLogImpl (DeletedBlockLogImpl.java:isTransactionFailed(278)) - Got block deletion ACK from datanode, TXIDs=19, success=true
2021-08-10 12:16:27,265 [EventQueue-DeleteBlockStatusForDeletedBlockLogImpl] DEBUG block.DeletedBlockLogImpl (DeletedBlockLogImpl.java:commitTransactions(256)) - Datanode txId=19 containerId=#19 committed by dnId=01235482-5c07-4b37-86e9-3192ec4df84f
2021-08-10 12:16:27,265 [EventQueue-DeleteBlockStatusForDeletedBlockLogImpl] DEBUG block.DeletedBlockLogImpl (DeletedBlockLogImpl.java:isTransactionFailed(278)) - Got block deletion ACK from datanode, TXIDs=20, success=true
2021-08-10 12:16:27,265 [EventQueue-DeleteBlockStatusForDeletedBlockLogImpl] DEBUG block.DeletedBlockLogImpl (DeletedBlockLogImpl.java:commitTransactions(256)) - Datanode txId=20 containerId=#20 committed by dnId=01235482-5c07-4b37-86e9-3192ec4df84f
2021-08-10 12:16:27,265 [EventQueue-DeleteBlockStatusForDeletedBlockLogImpl] DEBUG block.DeletedBlockLogImpl (DeletedBlockLogImpl.java:isTransactionFailed(278)) - Got block deletion ACK from datanode, TXIDs=21, success=true
2021-08-10 12:16:27,265 [EventQueue-DeleteBlockStatusForDeletedBlockLogImpl] DEBUG block.DeletedBlockLogImpl (DeletedBlockLogImpl.java:commitTransactions(256)) - Datanode txId=21 containerId=#21 committed by dnId=01235482-5c07-4b37-86e9-3192ec4df84f
2021-08-10 12:16:27,265 [EventQueue-DeleteBlockStatusForDeletedBlockLogImpl] DEBUG block.DeletedBlockLogImpl (DeletedBlockLogImpl.java:isTransactionFailed(278)) - Got block deletion ACK from datanode, TXIDs=22, success=true
2021-08-10 12:16:27,265 [EventQueue-DeleteBlockStatusForDeletedBlockLogImpl] DEBUG block.DeletedBlockLogImpl (DeletedBlockLogImpl.java:commitTransactions(256)) - Datanode txId=22 containerId=#22 committed by dnId=01235482-5c07-4b37-86e9-3192ec4df84f
2021-08-10 12:16:27,265 [EventQueue-DeleteBlockStatusForDeletedBlockLogImpl] DEBUG block.DeletedBlockLogImpl (DeletedBlockLogImpl.java:isTransactionFailed(278)) - Got block deletion ACK from datanode, TXIDs=23, success=true
2021-08-10 12:16:27,265 [EventQueue-DeleteBlockStatusForDeletedBlockLogImpl] DEBUG block.DeletedBlockLogImpl (DeletedBlockLogImpl.java:commitTransactions(256)) - Datanode txId=23 containerId=#23 committed by dnId=01235482-5c07-4b37-86e9-3192ec4df84f
2021-08-10 12:16:27,265 [EventQueue-DeleteBlockStatusForDeletedBlockLogImpl] DEBUG block.DeletedBlockLogImpl (DeletedBlockLogImpl.java:isTransactionFailed(278)) - Got block deletion ACK from datanode, TXIDs=24, success=true
2021-08-10 12:16:27,265 [EventQueue-DeleteBlockStatusForDeletedBlockLogImpl] DEBUG block.DeletedBlockLogImpl (DeletedBlockLogImpl.java:commitTransactions(256)) - Datanode txId=24 containerId=#24 committed by dnId=01235482-5c07-4b37-86e9-3192ec4df84f
2021-08-10 12:16:27,265 [EventQueue-DeleteBlockStatusForDeletedBlockLogImpl] DEBUG block.DeletedBlockLogImpl (DeletedBlockLogImpl.java:isTransactionFailed(278)) - Got block deletion ACK from datanode, TXIDs=25, success=true
2021-08-10 12:16:27,266 [EventQueue-DeleteBlockStatusForDeletedBlockLogImpl] DEBUG block.DeletedBlockLogImpl (DeletedBlockLogImpl.java:commitTransactions(256)) - Datanode txId=25 containerId=#25 committed by dnId=01235482-5c07-4b37-86e9-3192ec4df84f
2021-08-10 12:16:27,266 [EventQueue-DeleteBlockStatusForDeletedBlockLogImpl] DEBUG block.DeletedBlockLogImpl (DeletedBlockLogImpl.java:isTransactionFailed(278)) - Got block deletion ACK from datanode, TXIDs=26, success=true
2021-08-10 12:16:27,266 [EventQueue-DeleteBlockStatusForDeletedBlockLogImpl] DEBUG block.DeletedBlockLogImpl (DeletedBlockLogImpl.java:commitTransactions(256)) - Datanode txId=26 containerId=#26 committed by dnId=01235482-5c07-4b37-86e9-3192ec4df84f
2021-08-10 12:16:27,266 [EventQueue-DeleteBlockStatusForDeletedBlockLogImpl] DEBUG block.DeletedBlockLogImpl (DeletedBlockLogImpl.java:isTransactionFailed(278)) - Got block deletion ACK from datanode, TXIDs=27, success=true
2021-08-10 12:16:27,266 [EventQueue-DeleteBlockStatusForDeletedBlockLogImpl] DEBUG block.DeletedBlockLogImpl (DeletedBlockLogImpl.java:commitTransactions(256)) - Datanode txId=27 containerId=#27 committed by dnId=01235482-5c07-4b37-86e9-3192ec4df84f
2021-08-10 12:16:27,266 [EventQueue-DeleteBlockStatusForDeletedBlockLogImpl] DEBUG block.DeletedBlockLogImpl (DeletedBlockLogImpl.java:isTransactionFailed(278)) - Got block deletion ACK from datanode, TXIDs=28, success=true
2021-08-10 12:16:27,266 [EventQueue-DeleteBlockStatusForDeletedBlockLogImpl] DEBUG block.DeletedBlockLogImpl (DeletedBlockLogImpl.java:commitTransactions(256)) - Datanode txId=28 containerId=#28 committed by dnId=01235482-5c07-4b37-86e9-3192ec4df84f
2021-08-10 12:16:27,266 [EventQueue-DeleteBlockStatusForDeletedBlockLogImpl] DEBUG block.DeletedBlockLogImpl (DeletedBlockLogImpl.java:isTransactionFailed(278)) - Got block deletion ACK from datanode, TXIDs=29, success=true
2021-08-10 12:16:27,266 [EventQueue-DeleteBlockStatusForDeletedBlockLogImpl] DEBUG block.DeletedBlockLogImpl (DeletedBlockLogImpl.java:commitTransactions(256)) - Datanode txId=29 containerId=#29 committed by dnId=01235482-5c07-4b37-86e9-3192ec4df84f
2021-08-10 12:16:27,266 [EventQueue-DeleteBlockStatusForDeletedBlockLogImpl] DEBUG block.DeletedBlockLogImpl (DeletedBlockLogImpl.java:isTransactionFailed(278)) - Got block deletion ACK from datanode, TXIDs=30, success=true
2021-08-10 12:16:27,266 [EventQueue-DeleteBlockStatusForDeletedBlockLogImpl] DEBUG block.DeletedBlockLogImpl (DeletedBlockLogImpl.java:commitTransactions(256)) - Datanode txId=30 containerId=#30 committed by dnId=01235482-5c07-4b37-86e9-3192ec4df84f
2021-08-10 12:16:27,266 [EventQueue-DeleteBlockStatusForDeletedBlockLogImpl] DEBUG block.DeletedBlockLogImpl (DeletedBlockLogImpl.java:isTransactionFailed(278)) - Got block deletion ACK from datanode, TXIDs=31, success=true
2021-08-10 12:16:27,266 [EventQueue-DeleteBlockStatusForDeletedBlockLogImpl] DEBUG block.DeletedBlockLogImpl (DeletedBlockLogImpl.java:commitTransactions(256)) - Datanode txId=31 containerId=#31 committed by dnId=01235482-5c07-4b37-86e9-3192ec4df84f
2021-08-10 12:16:27,266 [EventQueue-DeleteBlockStatusForDeletedBlockLogImpl] DEBUG block.DeletedBlockLogImpl (DeletedBlockLogImpl.java:isTransactionFailed(278)) - Got block deletion ACK from datanode, TXIDs=32, success=true
2021-08-10 12:16:27,266 [EventQueue-DeleteBlockStatusForDeletedBlockLogImpl] DEBUG block.DeletedBlockLogImpl (DeletedBlockLogImpl.java:commitTransactions(256)) - Datanode txId=32 containerId=#32 committed by dnId=01235482-5c07-4b37-86e9-3192ec4df84f
2021-08-10 12:16:27,266 [EventQueue-DeleteBlockStatusForDeletedBlockLogImpl] DEBUG block.DeletedBlockLogImpl (DeletedBlockLogImpl.java:isTransactionFailed(278)) - Got block deletion ACK from datanode, TXIDs=33, success=true
2021-08-10 12:16:27,266 [EventQueue-DeleteBlockStatusForDeletedBlockLogImpl] DEBUG block.DeletedBlockLogImpl (DeletedBlockLogImpl.java:commitTransactions(256)) - Datanode txId=33 containerId=#33 committed by dnId=01235482-5c07-4b37-86e9-3192ec4df84f
2021-08-10 12:16:27,266 [EventQueue-DeleteBlockStatusForDeletedBlockLogImpl] DEBUG block.DeletedBlockLogImpl (DeletedBlockLogImpl.java:isTransactionFailed(278)) - Got block deletion ACK from datanode, TXIDs=34, success=true
2021-08-10 12:16:27,266 [EventQueue-DeleteBlockStatusForDeletedBlockLogImpl] DEBUG block.DeletedBlockLogImpl (DeletedBlockLogImpl.java:commitTransactions(256)) - Datanode txId=34 containerId=#34 committed by dnId=01235482-5c07-4b37-86e9-3192ec4df84f
2021-08-10 12:16:27,266 [EventQueue-DeleteBlockStatusForDeletedBlockLogImpl] DEBUG block.DeletedBlockLogImpl (DeletedBlockLogImpl.java:isTransactionFailed(278)) - Got block deletion ACK from datanode, TXIDs=35, success=true
2021-08-10 12:16:27,266 [EventQueue-DeleteBlockStatusForDeletedBlockLogImpl] DEBUG block.DeletedBlockLogImpl (DeletedBlockLogImpl.java:commitTransactions(256)) - Datanode txId=35 containerId=#35 committed by dnId=01235482-5c07-4b37-86e9-3192ec4df84f
2021-08-10 12:16:27,266 [EventQueue-DeleteBlockStatusForDeletedBlockLogImpl] DEBUG block.DeletedBlockLogImpl (DeletedBlockLogImpl.java:isTransactionFailed(278)) - Got block deletion ACK from datanode, TXIDs=36, success=true
2021-08-10 12:16:27,266 [EventQueue-DeleteBlockStatusForDeletedBlockLogImpl] DEBUG block.DeletedBlockLogImpl (DeletedBlockLogImpl.java:commitTransactions(256)) - Datanode txId=36 containerId=#36 committed by dnId=01235482-5c07-4b37-86e9-3192ec4df84f
2021-08-10 12:16:27,266 [EventQueue-DeleteBlockStatusForDeletedBlockLogImpl] DEBUG block.DeletedBlockLogImpl (DeletedBlockLogImpl.java:isTransactionFailed(278)) - Got block deletion ACK from datanode, TXIDs=37, success=true
2021-08-10 12:16:27,266 [EventQueue-DeleteBlockStatusForDeletedBlockLogImpl] DEBUG block.DeletedBlockLogImpl (DeletedBlockLogImpl.java:commitTransactions(256)) - Datanode txId=37 containerId=#37 committed by dnId=01235482-5c07-4b37-86e9-3192ec4df84f
2021-08-10 12:16:27,266 [EventQueue-DeleteBlockStatusForDeletedBlockLogImpl] DEBUG block.DeletedBlockLogImpl (DeletedBlockLogImpl.java:isTransactionFailed(278)) - Got block deletion ACK from datanode, TXIDs=38, success=true
2021-08-10 12:16:27,266 [EventQueue-DeleteBlockStatusForDeletedBlockLogImpl] DEBUG block.DeletedBlockLogImpl (DeletedBlockLogImpl.java:commitTransactions(256)) - Datanode txId=38 containerId=#38 committed by dnId=01235482-5c07-4b37-86e9-3192ec4df84f
2021-08-10 12:16:27,266 [EventQueue-DeleteBlockStatusForDeletedBlockLogImpl] DEBUG block.DeletedBlockLogImpl (DeletedBlockLogImpl.java:isTransactionFailed(278)) - Got block deletion ACK from datanode, TXIDs=39, success=true
2021-08-10 12:16:27,266 [EventQueue-DeleteBlockStatusForDeletedBlockLogImpl] DEBUG block.DeletedBlockLogImpl (DeletedBlockLogImpl.java:commitTransactions(256)) - Datanode txId=39 containerId=#39 committed by dnId=01235482-5c07-4b37-86e9-3192ec4df84f
2021-08-10 12:16:27,266 [EventQueue-DeleteBlockStatusForDeletedBlockLogImpl] DEBUG block.DeletedBlockLogImpl (DeletedBlockLogImpl.java:isTransactionFailed(278)) - Got block deletion ACK from datanode, TXIDs=40, success=true
2021-08-10 12:16:27,266 [EventQueue-DeleteBlockStatusForDeletedBlockLogImpl] DEBUG block.DeletedBlockLogImpl (DeletedBlockLogImpl.java:commitTransactions(256)) - Datanode txId=40 containerId=#40 committed by dnId=01235482-5c07-4b37-86e9-3192ec4df84f
2021-08-10 12:16:27,266 [EventQueue-DeleteBlockStatusForDeletedBlockLogImpl] DEBUG block.DeletedBlockLogImpl (DeletedBlockLogImpl.java:isTransactionFailed(278)) - Got block deletion ACK from datanode, TXIDs=41, success=true
2021-08-10 12:16:27,267 [EventQueue-DeleteBlockStatusForDeletedBlockLogImpl] DEBUG block.DeletedBlockLogImpl (DeletedBlockLogImpl.java:commitTransactions(256)) - Datanode txId=41 containerId=#41 committed by dnId=01235482-5c07-4b37-86e9-3192ec4df84f
2021-08-10 12:16:27,267 [EventQueue-DeleteBlockStatusForDeletedBlockLogImpl] DEBUG block.DeletedBlockLogImpl (DeletedBlockLogImpl.java:isTransactionFailed(278)) - Got block deletion ACK from datanode, TXIDs=42, success=true
2021-08-10 12:16:27,267 [EventQueue-DeleteBlockStatusForDeletedBlockLogImpl] DEBUG block.DeletedBlockLogImpl (DeletedBlockLogImpl.java:commitTransactions(256)) - Datanode txId=42 containerId=#42 committed by dnId=01235482-5c07-4b37-86e9-3192ec4df84f
2021-08-10 12:16:27,267 [EventQueue-DeleteBlockStatusForDeletedBlockLogImpl] DEBUG block.DeletedBlockLogImpl (DeletedBlockLogImpl.java:isTransactionFailed(278)) - Got block deletion ACK from datanode, TXIDs=43, success=true
2021-08-10 12:16:27,267 [EventQueue-DeleteBlockStatusForDeletedBlockLogImpl] DEBUG block.DeletedBlockLogImpl (DeletedBlockLogImpl.java:commitTransactions(256)) - Datanode txId=43 containerId=#43 committed by dnId=01235482-5c07-4b37-86e9-3192ec4df84f
2021-08-10 12:16:27,267 [EventQueue-DeleteBlockStatusForDeletedBlockLogImpl] DEBUG block.DeletedBlockLogImpl (DeletedBlockLogImpl.java:isTransactionFailed(278)) - Got block deletion ACK from datanode, TXIDs=44, success=true
2021-08-10 12:16:27,267 [EventQueue-DeleteBlockStatusForDeletedBlockLogImpl] DEBUG block.DeletedBlockLogImpl (DeletedBlockLogImpl.java:commitTransactions(256)) - Datanode txId=44 containerId=#44 committed by dnId=01235482-5c07-4b37-86e9-3192ec4df84f
2021-08-10 12:16:27,267 [EventQueue-DeleteBlockStatusForDeletedBlockLogImpl] DEBUG block.DeletedBlockLogImpl (DeletedBlockLogImpl.java:isTransactionFailed(278)) - Got block deletion ACK from datanode, TXIDs=45, success=true
2021-08-10 12:16:27,267 [EventQueue-DeleteBlockStatusForDeletedBlockLogImpl] DEBUG block.DeletedBlockLogImpl (DeletedBlockLogImpl.java:commitTransactions(256)) - Datanode txId=45 containerId=#45 committed by dnId=01235482-5c07-4b37-86e9-3192ec4df84f
2021-08-10 12:16:27,267 [EventQueue-DeleteBlockStatusForDeletedBlockLogImpl] DEBUG block.DeletedBlockLogImpl (DeletedBlockLogImpl.java:isTransactionFailed(278)) - Got block deletion ACK from datanode, TXIDs=46, success=true
2021-08-10 12:16:27,267 [EventQueue-DeleteBlockStatusForDeletedBlockLogImpl] DEBUG block.DeletedBlockLogImpl (DeletedBlockLogImpl.java:commitTransactions(256)) - Datanode txId=46 containerId=#46 committed by dnId=01235482-5c07-4b37-86e9-3192ec4df84f
2021-08-10 12:16:27,267 [EventQueue-DeleteBlockStatusForDeletedBlockLogImpl] DEBUG block.DeletedBlockLogImpl (DeletedBlockLogImpl.java:isTransactionFailed(278)) - Got block deletion ACK from datanode, TXIDs=47, success=true
2021-08-10 12:16:27,267 [EventQueue-DeleteBlockStatusForDeletedBlockLogImpl] DEBUG block.DeletedBlockLogImpl (DeletedBlockLogImpl.java:commitTransactions(256)) - Datanode txId=47 containerId=#47 committed by dnId=01235482-5c07-4b37-86e9-3192ec4df84f
2021-08-10 12:16:27,267 [EventQueue-DeleteBlockStatusForDeletedBlockLogImpl] DEBUG block.DeletedBlockLogImpl (DeletedBlockLogImpl.java:isTransactionFailed(278)) - Got block deletion ACK from datanode, TXIDs=48, success=true
2021-08-10 12:16:27,267 [EventQueue-DeleteBlockStatusForDeletedBlockLogImpl] DEBUG block.DeletedBlockLogImpl (DeletedBlockLogImpl.java:commitTransactions(256)) - Datanode txId=48 containerId=#48 committed by dnId=01235482-5c07-4b37-86e9-3192ec4df84f
2021-08-10 12:16:27,267 [EventQueue-DeleteBlockStatusForDeletedBlockLogImpl] DEBUG block.DeletedBlockLogImpl (DeletedBlockLogImpl.java:isTransactionFailed(278)) - Got block deletion ACK from datanode, TXIDs=49, success=true
2021-08-10 12:16:27,267 [EventQueue-DeleteBlockStatusForDeletedBlockLogImpl] DEBUG block.DeletedBlockLogImpl (DeletedBlockLogImpl.java:commitTransactions(256)) - Datanode txId=49 containerId=#49 committed by dnId=01235482-5c07-4b37-86e9-3192ec4df84f
2021-08-10 12:16:27,267 [EventQueue-DeleteBlockStatusForDeletedBlockLogImpl] DEBUG block.DeletedBlockLogImpl (DeletedBlockLogImpl.java:isTransactionFailed(278)) - Got block deletion ACK from datanode, TXIDs=50, success=true
2021-08-10 12:16:27,267 [EventQueue-DeleteBlockStatusForDeletedBlockLogImpl] DEBUG block.DeletedBlockLogImpl (DeletedBlockLogImpl.java:commitTransactions(256)) - Datanode txId=50 containerId=#50 committed by dnId=01235482-5c07-4b37-86e9-3192ec4df84f
2021-08-10 12:16:27,267 [EventQueue-DeleteBlockStatusForDeletedBlockLogImpl] DEBUG block.DeletedBlockLogImpl (DeletedBlockLogImpl.java:isTransactionFailed(278)) - Got block deletion ACK from datanode, TXIDs=51, success=true
2021-08-10 12:16:27,267 [EventQueue-DeleteBlockStatusForDeletedBlockLogImpl] DEBUG block.DeletedBlockLogImpl (DeletedBlockLogImpl.java:commitTransactions(256)) - Datanode txId=51 containerId=#51 committed by dnId=01235482-5c07-4b37-86e9-3192ec4df84f
2021-08-10 12:16:27,267 [EventQueue-DeleteBlockStatusForDeletedBlockLogImpl] DEBUG block.DeletedBlockLogImpl (DeletedBlockLogImpl.java:isTransactionFailed(278)) - Got block deletion ACK from datanode, TXIDs=52, success=true
2021-08-10 12:16:27,267 [EventQueue-DeleteBlockStatusForDeletedBlockLogImpl] DEBUG block.DeletedBlockLogImpl (DeletedBlockLogImpl.java:commitTransactions(256)) - Datanode txId=52 containerId=#52 committed by dnId=01235482-5c07-4b37-86e9-3192ec4df84f
2021-08-10 12:16:27,267 [EventQueue-DeleteBlockStatusForDeletedBlockLogImpl] DEBUG block.DeletedBlockLogImpl (DeletedBlockLogImpl.java:isTransactionFailed(278)) - Got block deletion ACK from datanode, TXIDs=53, success=true
2021-08-10 12:16:27,267 [EventQueue-DeleteBlockStatusForDeletedBlockLogImpl] DEBUG block.DeletedBlockLogImpl (DeletedBlockLogImpl.java:commitTransactions(256)) - Datanode txId=53 containerId=#53 committed by dnId=01235482-5c07-4b37-86e9-3192ec4df84f
2021-08-10 12:16:27,267 [EventQueue-DeleteBlockStatusForDeletedBlockLogImpl] DEBUG block.DeletedBlockLogImpl (DeletedBlockLogImpl.java:isTransactionFailed(278)) - Got block deletion ACK from datanode, TXIDs=54, success=true
2021-08-10 12:16:27,267 [EventQueue-DeleteBlockStatusForDeletedBlockLogImpl] DEBUG block.DeletedBlockLogImpl (DeletedBlockLogImpl.java:commitTransactions(256)) - Datanode txId=54 containerId=#54 committed by dnId=01235482-5c07-4b37-86e9-3192ec4df84f
2021-08-10 12:16:27,267 [EventQueue-DeleteBlockStatusForDeletedBlockLogImpl] DEBUG block.DeletedBlockLogImpl (DeletedBlockLogImpl.java:isTransactionFailed(278)) - Got block deletion ACK from datanode, TXIDs=55, success=true
2021-08-10 12:16:27,267 [EventQueue-DeleteBlockStatusForDeletedBlockLogImpl] DEBUG block.DeletedBlockLogImpl (DeletedBlockLogImpl.java:commitTransactions(256)) - Datanode txId=55 containerId=#55 committed by dnId=01235482-5c07-4b37-86e9-3192ec4df84f
2021-08-10 12:16:27,267 [EventQueue-DeleteBlockStatusForDeletedBlockLogImpl] DEBUG block.DeletedBlockLogImpl (DeletedBlockLogImpl.java:isTransactionFailed(278)) - Got block deletion ACK from datanode, TXIDs=56, success=true
2021-08-10 12:16:27,267 [EventQueue-DeleteBlockStatusForDeletedBlockLogImpl] DEBUG block.DeletedBlockLogImpl (DeletedBlockLogImpl.java:commitTransactions(256)) - Datanode txId=56 containerId=#56 committed by dnId=01235482-5c07-4b37-86e9-3192ec4df84f
2021-08-10 12:16:27,334 [SCMBlockDeletingService#0] DEBUG block.SCMBlockDeletingService (SCMBlockDeletingService.java:call(133)) - Running DeletedBlockTransactionScanner
2021-08-10 12:16:27,335 [SCMBlockDeletingService#0] DEBUG block.SCMBlockDeletingService (DatanodeDeletedBlockTransactions.java:addTransactionToDN(50)) - Transaction added: ad4991cb-97ce-4dd6-b117-42e7f6b0816f <- TX(10)
2021-08-10 12:16:27,335 [SCMBlockDeletingService#0] DEBUG block.SCMBlockDeletingService (DatanodeDeletedBlockTransactions.java:addTransactionToDN(50)) - Transaction added: ad4991cb-97ce-4dd6-b117-42e7f6b0816f <- TX(11)
2021-08-10 12:16:27,335 [SCMBlockDeletingService#0] DEBUG block.SCMBlockDeletingService (DatanodeDeletedBlockTransactions.java:addTransactionToDN(50)) - Transaction added: ad4991cb-97ce-4dd6-b117-42e7f6b0816f <- TX(12)
2021-08-10 12:16:27,335 [SCMBlockDeletingService#0] DEBUG block.SCMBlockDeletingService (DatanodeDeletedBlockTransactions.java:addTransactionToDN(50)) - Transaction added: ad4991cb-97ce-4dd6-b117-42e7f6b0816f <- TX(13)
2021-08-10 12:16:27,335 [SCMBlockDeletingService#0] DEBUG block.SCMBlockDeletingService (DatanodeDeletedBlockTransactions.java:addTransactionToDN(50)) - Transaction added: ad4991cb-97ce-4dd6-b117-42e7f6b0816f <- TX(14)
2021-08-10 12:16:27,335 [SCMBlockDeletingService#0] DEBUG block.SCMBlockDeletingService (DatanodeDeletedBlockTransactions.java:addTransactionToDN(50)) - Transaction added: ad4991cb-97ce-4dd6-b117-42e7f6b0816f <- TX(15)
2021-08-10 12:16:27,335 [SCMBlockDeletingService#0] DEBUG block.SCMBlockDeletingService (DatanodeDeletedBlockTransactions.java:addTransactionToDN(50)) - Transaction added: ad4991cb-97ce-4dd6-b117-42e7f6b0816f <- TX(16)
2021-08-10 12:16:27,335 [SCMBlockDeletingService#0] DEBUG block.SCMBlockDeletingService (DatanodeDeletedBlockTransactions.java:addTransactionToDN(50)) - Transaction added: ad4991cb-97ce-4dd6-b117-42e7f6b0816f <- TX(17)
2021-08-10 12:16:27,335 [SCMBlockDeletingService#0] DEBUG block.SCMBlockDeletingService (DatanodeDeletedBlockTransactions.java:addTransactionToDN(50)) - Transaction added: ad4991cb-97ce-4dd6-b117-42e7f6b0816f <- TX(18)
2021-08-10 12:16:27,335 [SCMBlockDeletingService#0] DEBUG block.SCMBlockDeletingService (DatanodeDeletedBlockTransactions.java:addTransactionToDN(50)) - Transaction added: ad4991cb-97ce-4dd6-b117-42e7f6b0816f <- TX(19)
2021-08-10 12:16:27,335 [SCMBlockDeletingService#0] DEBUG block.SCMBlockDeletingService (DatanodeDeletedBlockTransactions.java:addTransactionToDN(50)) - Transaction added: ad4991cb-97ce-4dd6-b117-42e7f6b0816f <- TX(20)
2021-08-10 12:16:27,335 [SCMBlockDeletingService#0] DEBUG block.SCMBlockDeletingService (DatanodeDeletedBlockTransactions.java:addTransactionToDN(50)) - Transaction added: ad4991cb-97ce-4dd6-b117-42e7f6b0816f <- TX(21)
2021-08-10 12:16:27,335 [SCMBlockDeletingService#0] DEBUG block.SCMBlockDeletingService (DatanodeDeletedBlockTransactions.java:addTransactionToDN(50)) - Transaction added: ad4991cb-97ce-4dd6-b117-42e7f6b0816f <- TX(22)
2021-08-10 12:16:27,335 [SCMBlockDeletingService#0] DEBUG block.SCMBlockDeletingService (DatanodeDeletedBlockTransactions.java:addTransactionToDN(50)) - Transaction added: ad4991cb-97ce-4dd6-b117-42e7f6b0816f <- TX(23)
2021-08-10 12:16:27,335 [SCMBlockDeletingService#0] DEBUG block.SCMBlockDeletingService (DatanodeDeletedBlockTransactions.java:addTransactionToDN(50)) - Transaction added: ad4991cb-97ce-4dd6-b117-42e7f6b0816f <- TX(24)
2021-08-10 12:16:27,335 [SCMBlockDeletingService#0] DEBUG block.SCMBlockDeletingService (DatanodeDeletedBlockTransactions.java:addTransactionToDN(50)) - Transaction added: ad4991cb-97ce-4dd6-b117-42e7f6b0816f <- TX(25)
2021-08-10 12:16:27,335 [SCMBlockDeletingService#0] DEBUG block.SCMBlockDeletingService (DatanodeDeletedBlockTransactions.java:addTransactionToDN(50)) - Transaction added: ad4991cb-97ce-4dd6-b117-42e7f6b0816f <- TX(26)
2021-08-10 12:16:27,335 [SCMBlockDeletingService#0] DEBUG block.SCMBlockDeletingService (DatanodeDeletedBlockTransactions.java:addTransactionToDN(50)) - Transaction added: ad4991cb-97ce-4dd6-b117-42e7f6b0816f <- TX(27)
2021-08-10 12:16:27,335 [SCMBlockDeletingService#0] DEBUG block.SCMBlockDeletingService (DatanodeDeletedBlockTransactions.java:addTransactionToDN(50)) - Transaction added: ad4991cb-97ce-4dd6-b117-42e7f6b0816f <- TX(28)
2021-08-10 12:16:27,335 [SCMBlockDeletingService#0] DEBUG block.SCMBlockDeletingService (DatanodeDeletedBlockTransactions.java:addTransactionToDN(50)) - Transaction added: ad4991cb-97ce-4dd6-b117-42e7f6b0816f <- TX(29)
2021-08-10 12:16:27,335 [SCMBlockDeletingService#0] DEBUG block.SCMBlockDeletingService (DatanodeDeletedBlockTransactions.java:addTransactionToDN(50)) - Transaction added: ad4991cb-97ce-4dd6-b117-42e7f6b0816f <- TX(30)
2021-08-10 12:16:27,335 [SCMBlockDeletingService#0] DEBUG block.SCMBlockDeletingService (DatanodeDeletedBlockTransactions.java:addTransactionToDN(50)) - Transaction added: ad4991cb-97ce-4dd6-b117-42e7f6b0816f <- TX(31)
2021-08-10 12:16:27,335 [SCMBlockDeletingService#0] DEBUG block.SCMBlockDeletingService (DatanodeDeletedBlockTransactions.java:addTransactionToDN(50)) - Transaction added: ad4991cb-97ce-4dd6-b117-42e7f6b0816f <- TX(32)
2021-08-10 12:16:27,335 [SCMBlockDeletingService#0] DEBUG block.SCMBlockDeletingService (DatanodeDeletedBlockTransactions.java:addTransactionToDN(50)) - Transaction added: ad4991cb-97ce-4dd6-b117-42e7f6b0816f <- TX(33)
2021-08-10 12:16:27,335 [SCMBlockDeletingService#0] DEBUG block.SCMBlockDeletingService (DatanodeDeletedBlockTransactions.java:addTransactionToDN(50)) - Transaction added: ad4991cb-97ce-4dd6-b117-42e7f6b0816f <- TX(34)
2021-08-10 12:16:27,335 [SCMBlockDeletingService#0] DEBUG block.SCMBlockDeletingService (DatanodeDeletedBlockTransactions.java:addTransactionToDN(50)) - Transaction added: ad4991cb-97ce-4dd6-b117-42e7f6b0816f <- TX(35)
2021-08-10 12:16:27,335 [SCMBlockDeletingService#0] DEBUG block.SCMBlockDeletingService (DatanodeDeletedBlockTransactions.java:addTransactionToDN(50)) - Transaction added: ad4991cb-97ce-4dd6-b117-42e7f6b0816f <- TX(36)
2021-08-10 12:16:27,335 [SCMBlockDeletingService#0] DEBUG block.SCMBlockDeletingService (DatanodeDeletedBlockTransactions.java:addTransactionToDN(50)) - Transaction added: ad4991cb-97ce-4dd6-b117-42e7f6b0816f <- TX(37)
2021-08-10 12:16:27,335 [SCMBlockDeletingService#0] DEBUG block.SCMBlockDeletingService (DatanodeDeletedBlockTransactions.java:addTransactionToDN(50)) - Transaction added: ad4991cb-97ce-4dd6-b117-42e7f6b0816f <- TX(38)
2021-08-10 12:16:27,335 [SCMBlockDeletingService#0] DEBUG block.SCMBlockDeletingService (DatanodeDeletedBlockTransactions.java:addTransactionToDN(50)) - Transaction added: ad4991cb-97ce-4dd6-b117-42e7f6b0816f <- TX(39)
2021-08-10 12:16:27,335 [SCMBlockDeletingService#0] DEBUG block.SCMBlockDeletingService (DatanodeDeletedBlockTransactions.java:addTransactionToDN(50)) - Transaction added: ad4991cb-97ce-4dd6-b117-42e7f6b0816f <- TX(40)
2021-08-10 12:16:27,336 [SCMBlockDeletingService#0] DEBUG block.SCMBlockDeletingService (DatanodeDeletedBlockTransactions.java:addTransactionToDN(50)) - Transaction added: ad4991cb-97ce-4dd6-b117-42e7f6b0816f <- TX(41)
2021-08-10 12:16:27,336 [SCMBlockDeletingService#0] DEBUG block.SCMBlockDeletingService (DatanodeDeletedBlockTransactions.java:addTransactionToDN(50)) - Transaction added: ad4991cb-97ce-4dd6-b117-42e7f6b0816f <- TX(42)
2021-08-10 12:16:27,336 [SCMBlockDeletingService#0] DEBUG block.SCMBlockDeletingService (DatanodeDeletedBlockTransactions.java:addTransactionToDN(50)) - Transaction added: ad4991cb-97ce-4dd6-b117-42e7f6b0816f <- TX(43)
2021-08-10 12:16:27,336 [SCMBlockDeletingService#0] DEBUG block.SCMBlockDeletingService (DatanodeDeletedBlockTransactions.java:addTransactionToDN(50)) - Transaction added: ad4991cb-97ce-4dd6-b117-42e7f6b0816f <- TX(44)
2021-08-10 12:16:27,336 [SCMBlockDeletingService#0] DEBUG block.SCMBlockDeletingService (DatanodeDeletedBlockTransactions.java:addTransactionToDN(50)) - Transaction added: ad4991cb-97ce-4dd6-b117-42e7f6b0816f <- TX(45)
2021-08-10 12:16:27,336 [SCMBlockDeletingService#0] DEBUG block.SCMBlockDeletingService (DatanodeDeletedBlockTransactions.java:addTransactionToDN(50)) - Transaction added: ad4991cb-97ce-4dd6-b117-42e7f6b0816f <- TX(46)
2021-08-10 12:16:27,336 [SCMBlockDeletingService#0] DEBUG block.SCMBlockDeletingService (DatanodeDeletedBlockTransactions.java:addTransactionToDN(50)) - Transaction added: ad4991cb-97ce-4dd6-b117-42e7f6b0816f <- TX(47)
2021-08-10 12:16:27,336 [SCMBlockDeletingService#0] DEBUG block.SCMBlockDeletingService (DatanodeDeletedBlockTransactions.java:addTransactionToDN(50)) - Transaction added: ad4991cb-97ce-4dd6-b117-42e7f6b0816f <- TX(48)
2021-08-10 12:16:27,336 [SCMBlockDeletingService#0] DEBUG block.SCMBlockDeletingService (DatanodeDeletedBlockTransactions.java:addTransactionToDN(50)) - Transaction added: ad4991cb-97ce-4dd6-b117-42e7f6b0816f <- TX(49)
2021-08-10 12:16:27,336 [SCMBlockDeletingService#0] DEBUG block.SCMBlockDeletingService (DatanodeDeletedBlockTransactions.java:addTransactionToDN(50)) - Transaction added: ad4991cb-97ce-4dd6-b117-42e7f6b0816f <- TX(50)
2021-08-10 12:16:27,336 [SCMBlockDeletingService#0] DEBUG block.SCMBlockDeletingService (DatanodeDeletedBlockTransactions.java:addTransactionToDN(50)) - Transaction added: ad4991cb-97ce-4dd6-b117-42e7f6b0816f <- TX(51)
2021-08-10 12:16:27,336 [SCMBlockDeletingService#0] DEBUG block.SCMBlockDeletingService (DatanodeDeletedBlockTransactions.java:addTransactionToDN(50)) - Transaction added: ad4991cb-97ce-4dd6-b117-42e7f6b0816f <- TX(52)
2021-08-10 12:16:27,336 [SCMBlockDeletingService#0] DEBUG block.SCMBlockDeletingService (DatanodeDeletedBlockTransactions.java:addTransactionToDN(50)) - Transaction added: ad4991cb-97ce-4dd6-b117-42e7f6b0816f <- TX(53)
2021-08-10 12:16:27,336 [SCMBlockDeletingService#0] DEBUG block.SCMBlockDeletingService (DatanodeDeletedBlockTransactions.java:addTransactionToDN(50)) - Transaction added: ad4991cb-97ce-4dd6-b117-42e7f6b0816f <- TX(54)
2021-08-10 12:16:27,336 [SCMBlockDeletingService#0] DEBUG block.SCMBlockDeletingService (DatanodeDeletedBlockTransactions.java:addTransactionToDN(50)) - Transaction added: ad4991cb-97ce-4dd6-b117-42e7f6b0816f <- TX(55)
2021-08-10 12:16:27,336 [SCMBlockDeletingService#0] DEBUG block.SCMBlockDeletingService (DatanodeDeletedBlockTransactions.java:addTransactionToDN(50)) - Transaction added: ad4991cb-97ce-4dd6-b117-42e7f6b0816f <- TX(56)
2021-08-10 12:16:27,336 [SCMBlockDeletingService#0] DEBUG block.SCMBlockDeletingService (SCMBlockDeletingService.java:call(164)) - Added delete block command for datanode ad4991cb-97ce-4dd6-b117-42e7f6b0816f in the queue, number of delete block transactions: 47
2021-08-10 12:16:27,336 [SCMBlockDeletingService#0] INFO  block.SCMBlockDeletingService (SCMBlockDeletingService.java:call(174)) - Totally added 47 blocks to be deleted for 1 datanodes, task elapsed time: 2ms
2021-08-10 12:16:27,384 [Listener at 127.0.0.1/43569] WARN  commandhandler.TestBlockDeletion (TestBlockDeletion.java:lambda$testBlockDeletion$3(251)) - Verify blocks deletion failed
java.lang.AssertionError: expected null, but was:<[blockId=conID: 10 locID: 107544261427200010 bcsId: 153, size=4194304]>
	at org.junit.Assert.fail(Assert.java:89)
	at org.junit.Assert.failNotNull(Assert.java:756)
	at org.junit.Assert.assertNull(Assert.java:738)
	at org.junit.Assert.assertNull(Assert.java:748)
	at org.apache.hadoop.ozone.container.common.statemachine.commandhandler.TestBlockDeletion.lambda$verifyBlocksDeleted$15(TestBlockDeletion.java:453)
	at org.apache.hadoop.ozone.OzoneTestUtils.performOperationOnKeyContainers(OzoneTestUtils.java:133)
	at org.apache.hadoop.ozone.container.common.statemachine.commandhandler.TestBlockDeletion.verifyBlocksDeleted(TestBlockDeletion.java:442)
	at org.apache.hadoop.ozone.container.common.statemachine.commandhandler.TestBlockDeletion.lambda$testBlockDeletion$3(TestBlockDeletion.java:248)
	at org.apache.ozone.test.GenericTestUtils.waitFor(GenericTestUtils.java:219)
	at org.apache.hadoop.ozone.container.common.statemachine.commandhandler.TestBlockDeletion.testBlockDeletion(TestBlockDeletion.java:246)
	at sun.reflect.NativeMethodAccessorImpl.invoke0(Native Method)
	at sun.reflect.NativeMethodAccessorImpl.invoke(NativeMethodAccessorImpl.java:62)
	at sun.reflect.DelegatingMethodAccessorImpl.invoke(DelegatingMethodAccessorImpl.java:43)
	at java.lang.reflect.Method.invoke(Method.java:498)
	at org.junit.runners.model.FrameworkMethod$1.runReflectiveCall(FrameworkMethod.java:59)
	at org.junit.internal.runners.model.ReflectiveCallable.run(ReflectiveCallable.java:12)
	at org.junit.runners.model.FrameworkMethod.invokeExplosively(FrameworkMethod.java:56)
	at org.junit.internal.runners.statements.InvokeMethod.evaluate(InvokeMethod.java:17)
	at org.junit.internal.runners.statements.RunBefores.evaluate(RunBefores.java:26)
	at org.junit.internal.runners.statements.RunAfters.evaluate(RunAfters.java:27)
	at org.junit.runners.ParentRunner$3.evaluate(ParentRunner.java:306)
	at org.junit.runners.BlockJUnit4ClassRunner$1.evaluate(BlockJUnit4ClassRunner.java:100)
	at org.junit.runners.ParentRunner.runLeaf(ParentRunner.java:366)
	at org.junit.runners.BlockJUnit4ClassRunner.runChild(BlockJUnit4ClassRunner.java:103)
	at org.junit.runners.BlockJUnit4ClassRunner.runChild(BlockJUnit4ClassRunner.java:63)
	at org.junit.runners.ParentRunner$4.run(ParentRunner.java:331)
	at org.junit.runners.ParentRunner$1.schedule(ParentRunner.java:79)
	at org.junit.runners.ParentRunner.runChildren(ParentRunner.java:329)
	at org.junit.runners.ParentRunner.access$100(ParentRunner.java:66)
	at org.junit.runners.ParentRunner$2.evaluate(ParentRunner.java:293)
	at org.junit.runners.ParentRunner$3.evaluate(ParentRunner.java:306)
	at org.junit.runners.ParentRunner.run(ParentRunner.java:413)
	at org.junit.runner.JUnitCore.run(JUnitCore.java:137)
	at org.junit.runner.JUnitCore.run(JUnitCore.java:115)
	at org.junit.vintage.engine.execution.RunnerExecutor.execute(RunnerExecutor.java:43)
	at java.util.stream.ForEachOps$ForEachOp$OfRef.accept(ForEachOps.java:183)
	at java.util.stream.ReferencePipeline$3$1.accept(ReferencePipeline.java:193)
	at java.util.Iterator.forEachRemaining(Iterator.java:116)
	at java.util.Spliterators$IteratorSpliterator.forEachRemaining(Spliterators.java:1801)
	at java.util.stream.AbstractPipeline.copyInto(AbstractPipeline.java:482)
	at java.util.stream.AbstractPipeline.wrapAndCopyInto(AbstractPipeline.java:472)
	at java.util.stream.ForEachOps$ForEachOp.evaluateSequential(ForEachOps.java:150)
	at java.util.stream.ForEachOps$ForEachOp$OfRef.evaluateSequential(ForEachOps.java:173)
	at java.util.stream.AbstractPipeline.evaluate(AbstractPipeline.java:234)
	at java.util.stream.ReferencePipeline.forEach(ReferencePipeline.java:485)
	at org.junit.vintage.engine.VintageTestEngine.executeAllChildren(VintageTestEngine.java:82)
	at org.junit.vintage.engine.VintageTestEngine.execute(VintageTestEngine.java:73)
	at org.junit.platform.launcher.core.EngineExecutionOrchestrator.execute(EngineExecutionOrchestrator.java:108)
	at org.junit.platform.launcher.core.EngineExecutionOrchestrator.execute(EngineExecutionOrchestrator.java:88)
	at org.junit.platform.launcher.core.EngineExecutionOrchestrator.lambda$execute$0(EngineExecutionOrchestrator.java:54)
	at org.junit.platform.launcher.core.EngineExecutionOrchestrator.withInterceptedStreams(EngineExecutionOrchestrator.java:67)
	at org.junit.platform.launcher.core.EngineExecutionOrchestrator.execute(EngineExecutionOrchestrator.java:52)
	at org.junit.platform.launcher.core.DefaultLauncher.execute(DefaultLauncher.java:96)
	at org.junit.platform.launcher.core.DefaultLauncher.execute(DefaultLauncher.java:75)
	at org.apache.maven.surefire.junitplatform.JUnitPlatformProvider.invokeAllTests(JUnitPlatformProvider.java:142)
	at org.apache.maven.surefire.junitplatform.JUnitPlatformProvider.invoke(JUnitPlatformProvider.java:113)
	at org.apache.maven.surefire.booter.ForkedBooter.invokeProviderInSameClassLoader(ForkedBooter.java:384)
	at org.apache.maven.surefire.booter.ForkedBooter.runSuitesInProcess(ForkedBooter.java:345)
	at org.apache.maven.surefire.booter.ForkedBooter.execute(ForkedBooter.java:126)
	at org.apache.maven.surefire.booter.ForkedBooter.main(ForkedBooter.java:418)
2021-08-10 12:16:27,434 [SCMBlockDeletingService#0] DEBUG block.SCMBlockDeletingService (SCMBlockDeletingService.java:call(133)) - Running DeletedBlockTransactionScanner
2021-08-10 12:16:27,435 [SCMBlockDeletingService#0] DEBUG block.SCMBlockDeletingService (DatanodeDeletedBlockTransactions.java:addTransactionToDN(50)) - Transaction added: ad4991cb-97ce-4dd6-b117-42e7f6b0816f <- TX(10)
2021-08-10 12:16:27,435 [SCMBlockDeletingService#0] DEBUG block.SCMBlockDeletingService (DatanodeDeletedBlockTransactions.java:addTransactionToDN(50)) - Transaction added: ad4991cb-97ce-4dd6-b117-42e7f6b0816f <- TX(11)
2021-08-10 12:16:27,435 [SCMBlockDeletingService#0] DEBUG block.SCMBlockDeletingService (DatanodeDeletedBlockTransactions.java:addTransactionToDN(50)) - Transaction added: ad4991cb-97ce-4dd6-b117-42e7f6b0816f <- TX(12)
2021-08-10 12:16:27,435 [SCMBlockDeletingService#0] DEBUG block.SCMBlockDeletingService (DatanodeDeletedBlockTransactions.java:addTransactionToDN(50)) - Transaction added: ad4991cb-97ce-4dd6-b117-42e7f6b0816f <- TX(13)
2021-08-10 12:16:27,435 [SCMBlockDeletingService#0] DEBUG block.SCMBlockDeletingService (DatanodeDeletedBlockTransactions.java:addTransactionToDN(50)) - Transaction added: ad4991cb-97ce-4dd6-b117-42e7f6b0816f <- TX(14)
2021-08-10 12:16:27,435 [SCMBlockDeletingService#0] DEBUG block.SCMBlockDeletingService (DatanodeDeletedBlockTransactions.java:addTransactionToDN(50)) - Transaction added: ad4991cb-97ce-4dd6-b117-42e7f6b0816f <- TX(15)
2021-08-10 12:16:27,435 [SCMBlockDeletingService#0] DEBUG block.SCMBlockDeletingService (DatanodeDeletedBlockTransactions.java:addTransactionToDN(50)) - Transaction added: ad4991cb-97ce-4dd6-b117-42e7f6b0816f <- TX(16)
2021-08-10 12:16:27,435 [SCMBlockDeletingService#0] DEBUG block.SCMBlockDeletingService (DatanodeDeletedBlockTransactions.java:addTransactionToDN(50)) - Transaction added: ad4991cb-97ce-4dd6-b117-42e7f6b0816f <- TX(17)
2021-08-10 12:16:27,435 [SCMBlockDeletingService#0] DEBUG block.SCMBlockDeletingService (DatanodeDeletedBlockTransactions.java:addTransactionToDN(50)) - Transaction added: ad4991cb-97ce-4dd6-b117-42e7f6b0816f <- TX(18)
2021-08-10 12:16:27,435 [SCMBlockDeletingService#0] DEBUG block.SCMBlockDeletingService (DatanodeDeletedBlockTransactions.java:addTransactionToDN(50)) - Transaction added: ad4991cb-97ce-4dd6-b117-42e7f6b0816f <- TX(19)
2021-08-10 12:16:27,435 [SCMBlockDeletingService#0] DEBUG block.SCMBlockDeletingService (DatanodeDeletedBlockTransactions.java:addTransactionToDN(50)) - Transaction added: ad4991cb-97ce-4dd6-b117-42e7f6b0816f <- TX(20)
2021-08-10 12:16:27,435 [SCMBlockDeletingService#0] DEBUG block.SCMBlockDeletingService (DatanodeDeletedBlockTransactions.java:addTransactionToDN(50)) - Transaction added: ad4991cb-97ce-4dd6-b117-42e7f6b0816f <- TX(21)
2021-08-10 12:16:27,435 [SCMBlockDeletingService#0] DEBUG block.SCMBlockDeletingService (DatanodeDeletedBlockTransactions.java:addTransactionToDN(50)) - Transaction added: ad4991cb-97ce-4dd6-b117-42e7f6b0816f <- TX(22)
2021-08-10 12:16:27,435 [SCMBlockDeletingService#0] DEBUG block.SCMBlockDeletingService (DatanodeDeletedBlockTransactions.java:addTransactionToDN(50)) - Transaction added: ad4991cb-97ce-4dd6-b117-42e7f6b0816f <- TX(23)
2021-08-10 12:16:27,435 [SCMBlockDeletingService#0] DEBUG block.SCMBlockDeletingService (DatanodeDeletedBlockTransactions.java:addTransactionToDN(50)) - Transaction added: ad4991cb-97ce-4dd6-b117-42e7f6b0816f <- TX(24)
2021-08-10 12:16:27,435 [SCMBlockDeletingService#0] DEBUG block.SCMBlockDeletingService (DatanodeDeletedBlockTransactions.java:addTransactionToDN(50)) - Transaction added: ad4991cb-97ce-4dd6-b117-42e7f6b0816f <- TX(25)
2021-08-10 12:16:27,435 [SCMBlockDeletingService#0] DEBUG block.SCMBlockDeletingService (DatanodeDeletedBlockTransactions.java:addTransactionToDN(50)) - Transaction added: ad4991cb-97ce-4dd6-b117-42e7f6b0816f <- TX(26)
2021-08-10 12:16:27,435 [SCMBlockDeletingService#0] DEBUG block.SCMBlockDeletingService (DatanodeDeletedBlockTransactions.java:addTransactionToDN(50)) - Transaction added: ad4991cb-97ce-4dd6-b117-42e7f6b0816f <- TX(27)
2021-08-10 12:16:27,435 [SCMBlockDeletingService#0] DEBUG block.SCMBlockDeletingService (DatanodeDeletedBlockTransactions.java:addTransactionToDN(50)) - Transaction added: ad4991cb-97ce-4dd6-b117-42e7f6b0816f <- TX(28)
2021-08-10 12:16:27,435 [SCMBlockDeletingService#0] DEBUG block.SCMBlockDeletingService (DatanodeDeletedBlockTransactions.java:addTransactionToDN(50)) - Transaction added: ad4991cb-97ce-4dd6-b117-42e7f6b0816f <- TX(29)
2021-08-10 12:16:27,435 [SCMBlockDeletingService#0] DEBUG block.SCMBlockDeletingService (DatanodeDeletedBlockTransactions.java:addTransactionToDN(50)) - Transaction added: ad4991cb-97ce-4dd6-b117-42e7f6b0816f <- TX(30)
2021-08-10 12:16:27,435 [SCMBlockDeletingService#0] DEBUG block.SCMBlockDeletingService (DatanodeDeletedBlockTransactions.java:addTransactionToDN(50)) - Transaction added: ad4991cb-97ce-4dd6-b117-42e7f6b0816f <- TX(31)
2021-08-10 12:16:27,435 [SCMBlockDeletingService#0] DEBUG block.SCMBlockDeletingService (DatanodeDeletedBlockTransactions.java:addTransactionToDN(50)) - Transaction added: ad4991cb-97ce-4dd6-b117-42e7f6b0816f <- TX(32)
2021-08-10 12:16:27,435 [SCMBlockDeletingService#0] DEBUG block.SCMBlockDeletingService (DatanodeDeletedBlockTransactions.java:addTransactionToDN(50)) - Transaction added: ad4991cb-97ce-4dd6-b117-42e7f6b0816f <- TX(33)
2021-08-10 12:16:27,435 [SCMBlockDeletingService#0] DEBUG block.SCMBlockDeletingService (DatanodeDeletedBlockTransactions.java:addTransactionToDN(50)) - Transaction added: ad4991cb-97ce-4dd6-b117-42e7f6b0816f <- TX(34)
2021-08-10 12:16:27,435 [SCMBlockDeletingService#0] DEBUG block.SCMBlockDeletingService (DatanodeDeletedBlockTransactions.java:addTransactionToDN(50)) - Transaction added: ad4991cb-97ce-4dd6-b117-42e7f6b0816f <- TX(35)
2021-08-10 12:16:27,435 [SCMBlockDeletingService#0] DEBUG block.SCMBlockDeletingService (DatanodeDeletedBlockTransactions.java:addTransactionToDN(50)) - Transaction added: ad4991cb-97ce-4dd6-b117-42e7f6b0816f <- TX(36)
2021-08-10 12:16:27,435 [SCMBlockDeletingService#0] DEBUG block.SCMBlockDeletingService (DatanodeDeletedBlockTransactions.java:addTransactionToDN(50)) - Transaction added: ad4991cb-97ce-4dd6-b117-42e7f6b0816f <- TX(37)
2021-08-10 12:16:27,435 [SCMBlockDeletingService#0] DEBUG block.SCMBlockDeletingService (DatanodeDeletedBlockTransactions.java:addTransactionToDN(50)) - Transaction added: ad4991cb-97ce-4dd6-b117-42e7f6b0816f <- TX(38)
2021-08-10 12:16:27,435 [SCMBlockDeletingService#0] DEBUG block.SCMBlockDeletingService (DatanodeDeletedBlockTransactions.java:addTransactionToDN(50)) - Transaction added: ad4991cb-97ce-4dd6-b117-42e7f6b0816f <- TX(39)
2021-08-10 12:16:27,436 [SCMBlockDeletingService#0] DEBUG block.SCMBlockDeletingService (DatanodeDeletedBlockTransactions.java:addTransactionToDN(50)) - Transaction added: ad4991cb-97ce-4dd6-b117-42e7f6b0816f <- TX(40)
2021-08-10 12:16:27,436 [SCMBlockDeletingService#0] DEBUG block.SCMBlockDeletingService (DatanodeDeletedBlockTransactions.java:addTransactionToDN(50)) - Transaction added: ad4991cb-97ce-4dd6-b117-42e7f6b0816f <- TX(41)
2021-08-10 12:16:27,436 [SCMBlockDeletingService#0] DEBUG block.SCMBlockDeletingService (DatanodeDeletedBlockTransactions.java:addTransactionToDN(50)) - Transaction added: ad4991cb-97ce-4dd6-b117-42e7f6b0816f <- TX(42)
2021-08-10 12:16:27,436 [SCMBlockDeletingService#0] DEBUG block.SCMBlockDeletingService (DatanodeDeletedBlockTransactions.java:addTransactionToDN(50)) - Transaction added: ad4991cb-97ce-4dd6-b117-42e7f6b0816f <- TX(43)
2021-08-10 12:16:27,436 [SCMBlockDeletingService#0] DEBUG block.SCMBlockDeletingService (DatanodeDeletedBlockTransactions.java:addTransactionToDN(50)) - Transaction added: ad4991cb-97ce-4dd6-b117-42e7f6b0816f <- TX(44)
2021-08-10 12:16:27,436 [SCMBlockDeletingService#0] DEBUG block.SCMBlockDeletingService (DatanodeDeletedBlockTransactions.java:addTransactionToDN(50)) - Transaction added: ad4991cb-97ce-4dd6-b117-42e7f6b0816f <- TX(45)
2021-08-10 12:16:27,436 [SCMBlockDeletingService#0] DEBUG block.SCMBlockDeletingService (DatanodeDeletedBlockTransactions.java:addTransactionToDN(50)) - Transaction added: ad4991cb-97ce-4dd6-b117-42e7f6b0816f <- TX(46)
2021-08-10 12:16:27,436 [SCMBlockDeletingService#0] DEBUG block.SCMBlockDeletingService (DatanodeDeletedBlockTransactions.java:addTransactionToDN(50)) - Transaction added: ad4991cb-97ce-4dd6-b117-42e7f6b0816f <- TX(47)
2021-08-10 12:16:27,436 [SCMBlockDeletingService#0] DEBUG block.SCMBlockDeletingService (DatanodeDeletedBlockTransactions.java:addTransactionToDN(50)) - Transaction added: ad4991cb-97ce-4dd6-b117-42e7f6b0816f <- TX(48)
2021-08-10 12:16:27,436 [SCMBlockDeletingService#0] DEBUG block.SCMBlockDeletingService (DatanodeDeletedBlockTransactions.java:addTransactionToDN(50)) - Transaction added: ad4991cb-97ce-4dd6-b117-42e7f6b0816f <- TX(49)
2021-08-10 12:16:27,436 [SCMBlockDeletingService#0] DEBUG block.SCMBlockDeletingService (DatanodeDeletedBlockTransactions.java:addTransactionToDN(50)) - Transaction added: ad4991cb-97ce-4dd6-b117-42e7f6b0816f <- TX(50)
2021-08-10 12:16:27,436 [SCMBlockDeletingService#0] DEBUG block.SCMBlockDeletingService (DatanodeDeletedBlockTransactions.java:addTransactionToDN(50)) - Transaction added: ad4991cb-97ce-4dd6-b117-42e7f6b0816f <- TX(51)
2021-08-10 12:16:27,436 [SCMBlockDeletingService#0] DEBUG block.SCMBlockDeletingService (DatanodeDeletedBlockTransactions.java:addTransactionToDN(50)) - Transaction added: ad4991cb-97ce-4dd6-b117-42e7f6b0816f <- TX(52)
2021-08-10 12:16:27,436 [SCMBlockDeletingService#0] DEBUG block.SCMBlockDeletingService (DatanodeDeletedBlockTransactions.java:addTransactionToDN(50)) - Transaction added: ad4991cb-97ce-4dd6-b117-42e7f6b0816f <- TX(53)
2021-08-10 12:16:27,436 [SCMBlockDeletingService#0] DEBUG block.SCMBlockDeletingService (DatanodeDeletedBlockTransactions.java:addTransactionToDN(50)) - Transaction added: ad4991cb-97ce-4dd6-b117-42e7f6b0816f <- TX(54)
2021-08-10 12:16:27,436 [SCMBlockDeletingService#0] DEBUG block.SCMBlockDeletingService (DatanodeDeletedBlockTransactions.java:addTransactionToDN(50)) - Transaction added: ad4991cb-97ce-4dd6-b117-42e7f6b0816f <- TX(55)
2021-08-10 12:16:27,436 [SCMBlockDeletingService#0] DEBUG block.SCMBlockDeletingService (DatanodeDeletedBlockTransactions.java:addTransactionToDN(50)) - Transaction added: ad4991cb-97ce-4dd6-b117-42e7f6b0816f <- TX(56)
2021-08-10 12:16:27,436 [SCMBlockDeletingService#0] DEBUG block.SCMBlockDeletingService (SCMBlockDeletingService.java:call(164)) - Added delete block command for datanode ad4991cb-97ce-4dd6-b117-42e7f6b0816f in the queue, number of delete block transactions: 47
2021-08-10 12:16:27,436 [SCMBlockDeletingService#0] INFO  block.SCMBlockDeletingService (SCMBlockDeletingService.java:call(174)) - Totally added 47 blocks to be deleted for 1 datanodes, task elapsed time: 1ms
2021-08-10 12:16:27,538 [SCMBlockDeletingService#0] DEBUG block.SCMBlockDeletingService (SCMBlockDeletingService.java:call(133)) - Running DeletedBlockTransactionScanner
2021-08-10 12:16:27,539 [SCMBlockDeletingService#0] DEBUG block.SCMBlockDeletingService (DatanodeDeletedBlockTransactions.java:addTransactionToDN(50)) - Transaction added: ad4991cb-97ce-4dd6-b117-42e7f6b0816f <- TX(10)
2021-08-10 12:16:27,539 [SCMBlockDeletingService#0] DEBUG block.SCMBlockDeletingService (DatanodeDeletedBlockTransactions.java:addTransactionToDN(50)) - Transaction added: ad4991cb-97ce-4dd6-b117-42e7f6b0816f <- TX(11)
2021-08-10 12:16:27,539 [SCMBlockDeletingService#0] DEBUG block.SCMBlockDeletingService (DatanodeDeletedBlockTransactions.java:addTransactionToDN(50)) - Transaction added: ad4991cb-97ce-4dd6-b117-42e7f6b0816f <- TX(12)
2021-08-10 12:16:27,539 [SCMBlockDeletingService#0] DEBUG block.SCMBlockDeletingService (DatanodeDeletedBlockTransactions.java:addTransactionToDN(50)) - Transaction added: ad4991cb-97ce-4dd6-b117-42e7f6b0816f <- TX(13)
2021-08-10 12:16:27,539 [SCMBlockDeletingService#0] DEBUG block.SCMBlockDeletingService (DatanodeDeletedBlockTransactions.java:addTransactionToDN(50)) - Transaction added: ad4991cb-97ce-4dd6-b117-42e7f6b0816f <- TX(14)
2021-08-10 12:16:27,539 [SCMBlockDeletingService#0] DEBUG block.SCMBlockDeletingService (DatanodeDeletedBlockTransactions.java:addTransactionToDN(50)) - Transaction added: ad4991cb-97ce-4dd6-b117-42e7f6b0816f <- TX(15)
2021-08-10 12:16:27,539 [SCMBlockDeletingService#0] DEBUG block.SCMBlockDeletingService (DatanodeDeletedBlockTransactions.java:addTransactionToDN(50)) - Transaction added: ad4991cb-97ce-4dd6-b117-42e7f6b0816f <- TX(16)
2021-08-10 12:16:27,539 [SCMBlockDeletingService#0] DEBUG block.SCMBlockDeletingService (DatanodeDeletedBlockTransactions.java:addTransactionToDN(50)) - Transaction added: ad4991cb-97ce-4dd6-b117-42e7f6b0816f <- TX(17)
2021-08-10 12:16:27,539 [SCMBlockDeletingService#0] DEBUG block.SCMBlockDeletingService (DatanodeDeletedBlockTransactions.java:addTransactionToDN(50)) - Transaction added: ad4991cb-97ce-4dd6-b117-42e7f6b0816f <- TX(18)
2021-08-10 12:16:27,539 [SCMBlockDeletingService#0] DEBUG block.SCMBlockDeletingService (DatanodeDeletedBlockTransactions.java:addTransactionToDN(50)) - Transaction added: ad4991cb-97ce-4dd6-b117-42e7f6b0816f <- TX(19)
2021-08-10 12:16:27,539 [SCMBlockDeletingService#0] DEBUG block.SCMBlockDeletingService (DatanodeDeletedBlockTransactions.java:addTransactionToDN(50)) - Transaction added: ad4991cb-97ce-4dd6-b117-42e7f6b0816f <- TX(20)
2021-08-10 12:16:27,539 [SCMBlockDeletingService#0] DEBUG block.SCMBlockDeletingService (DatanodeDeletedBlockTransactions.java:addTransactionToDN(50)) - Transaction added: ad4991cb-97ce-4dd6-b117-42e7f6b0816f <- TX(21)
2021-08-10 12:16:27,539 [SCMBlockDeletingService#0] DEBUG block.SCMBlockDeletingService (DatanodeDeletedBlockTransactions.java:addTransactionToDN(50)) - Transaction added: ad4991cb-97ce-4dd6-b117-42e7f6b0816f <- TX(22)
2021-08-10 12:16:27,539 [SCMBlockDeletingService#0] DEBUG block.SCMBlockDeletingService (DatanodeDeletedBlockTransactions.java:addTransactionToDN(50)) - Transaction added: ad4991cb-97ce-4dd6-b117-42e7f6b0816f <- TX(23)
2021-08-10 12:16:27,539 [SCMBlockDeletingService#0] DEBUG block.SCMBlockDeletingService (DatanodeDeletedBlockTransactions.java:addTransactionToDN(50)) - Transaction added: ad4991cb-97ce-4dd6-b117-42e7f6b0816f <- TX(24)
2021-08-10 12:16:27,539 [SCMBlockDeletingService#0] DEBUG block.SCMBlockDeletingService (DatanodeDeletedBlockTransactions.java:addTransactionToDN(50)) - Transaction added: ad4991cb-97ce-4dd6-b117-42e7f6b0816f <- TX(25)
2021-08-10 12:16:27,539 [SCMBlockDeletingService#0] DEBUG block.SCMBlockDeletingService (DatanodeDeletedBlockTransactions.java:addTransactionToDN(50)) - Transaction added: ad4991cb-97ce-4dd6-b117-42e7f6b0816f <- TX(26)
2021-08-10 12:16:27,539 [SCMBlockDeletingService#0] DEBUG block.SCMBlockDeletingService (DatanodeDeletedBlockTransactions.java:addTransactionToDN(50)) - Transaction added: ad4991cb-97ce-4dd6-b117-42e7f6b0816f <- TX(27)
2021-08-10 12:16:27,539 [SCMBlockDeletingService#0] DEBUG block.SCMBlockDeletingService (DatanodeDeletedBlockTransactions.java:addTransactionToDN(50)) - Transaction added: ad4991cb-97ce-4dd6-b117-42e7f6b0816f <- TX(28)
2021-08-10 12:16:27,539 [SCMBlockDeletingService#0] DEBUG block.SCMBlockDeletingService (DatanodeDeletedBlockTransactions.java:addTransactionToDN(50)) - Transaction added: ad4991cb-97ce-4dd6-b117-42e7f6b0816f <- TX(29)
2021-08-10 12:16:27,539 [SCMBlockDeletingService#0] DEBUG block.SCMBlockDeletingService (DatanodeDeletedBlockTransactions.java:addTransactionToDN(50)) - Transaction added: ad4991cb-97ce-4dd6-b117-42e7f6b0816f <- TX(30)
2021-08-10 12:16:27,539 [SCMBlockDeletingService#0] DEBUG block.SCMBlockDeletingService (DatanodeDeletedBlockTransactions.java:addTransactionToDN(50)) - Transaction added: ad4991cb-97ce-4dd6-b117-42e7f6b0816f <- TX(31)
2021-08-10 12:16:27,539 [SCMBlockDeletingService#0] DEBUG block.SCMBlockDeletingService (DatanodeDeletedBlockTransactions.java:addTransactionToDN(50)) - Transaction added: ad4991cb-97ce-4dd6-b117-42e7f6b0816f <- TX(32)
2021-08-10 12:16:27,539 [SCMBlockDeletingService#0] DEBUG block.SCMBlockDeletingService (DatanodeDeletedBlockTransactions.java:addTransactionToDN(50)) - Transaction added: ad4991cb-97ce-4dd6-b117-42e7f6b0816f <- TX(33)
2021-08-10 12:16:27,539 [SCMBlockDeletingService#0] DEBUG block.SCMBlockDeletingService (DatanodeDeletedBlockTransactions.java:addTransactionToDN(50)) - Transaction added: ad4991cb-97ce-4dd6-b117-42e7f6b0816f <- TX(34)
2021-08-10 12:16:27,539 [SCMBlockDeletingService#0] DEBUG block.SCMBlockDeletingService (DatanodeDeletedBlockTransactions.java:addTransactionToDN(50)) - Transaction added: ad4991cb-97ce-4dd6-b117-42e7f6b0816f <- TX(35)
2021-08-10 12:16:27,539 [SCMBlockDeletingService#0] DEBUG block.SCMBlockDeletingService (DatanodeDeletedBlockTransactions.java:addTransactionToDN(50)) - Transaction added: ad4991cb-97ce-4dd6-b117-42e7f6b0816f <- TX(36)
2021-08-10 12:16:27,539 [SCMBlockDeletingService#0] DEBUG block.SCMBlockDeletingService (DatanodeDeletedBlockTransactions.java:addTransactionToDN(50)) - Transaction added: ad4991cb-97ce-4dd6-b117-42e7f6b0816f <- TX(37)
2021-08-10 12:16:27,539 [SCMBlockDeletingService#0] DEBUG block.SCMBlockDeletingService (DatanodeDeletedBlockTransactions.java:addTransactionToDN(50)) - Transaction added: ad4991cb-97ce-4dd6-b117-42e7f6b0816f <- TX(38)
2021-08-10 12:16:27,539 [SCMBlockDeletingService#0] DEBUG block.SCMBlockDeletingService (DatanodeDeletedBlockTransactions.java:addTransactionToDN(50)) - Transaction added: ad4991cb-97ce-4dd6-b117-42e7f6b0816f <- TX(39)
2021-08-10 12:16:27,539 [SCMBlockDeletingService#0] DEBUG block.SCMBlockDeletingService (DatanodeDeletedBlockTransactions.java:addTransactionToDN(50)) - Transaction added: ad4991cb-97ce-4dd6-b117-42e7f6b0816f <- TX(40)
2021-08-10 12:16:27,540 [SCMBlockDeletingService#0] DEBUG block.SCMBlockDeletingService (DatanodeDeletedBlockTransactions.java:addTransactionToDN(50)) - Transaction added: ad4991cb-97ce-4dd6-b117-42e7f6b0816f <- TX(41)
2021-08-10 12:16:27,540 [SCMBlockDeletingService#0] DEBUG block.SCMBlockDeletingService (DatanodeDeletedBlockTransactions.java:addTransactionToDN(50)) - Transaction added: ad4991cb-97ce-4dd6-b117-42e7f6b0816f <- TX(42)
2021-08-10 12:16:27,540 [SCMBlockDeletingService#0] DEBUG block.SCMBlockDeletingService (DatanodeDeletedBlockTransactions.java:addTransactionToDN(50)) - Transaction added: ad4991cb-97ce-4dd6-b117-42e7f6b0816f <- TX(43)
2021-08-10 12:16:27,540 [SCMBlockDeletingService#0] DEBUG block.SCMBlockDeletingService (DatanodeDeletedBlockTransactions.java:addTransactionToDN(50)) - Transaction added: ad4991cb-97ce-4dd6-b117-42e7f6b0816f <- TX(44)
2021-08-10 12:16:27,540 [SCMBlockDeletingService#0] DEBUG block.SCMBlockDeletingService (DatanodeDeletedBlockTransactions.java:addTransactionToDN(50)) - Transaction added: ad4991cb-97ce-4dd6-b117-42e7f6b0816f <- TX(45)
2021-08-10 12:16:27,540 [SCMBlockDeletingService#0] DEBUG block.SCMBlockDeletingService (DatanodeDeletedBlockTransactions.java:addTransactionToDN(50)) - Transaction added: ad4991cb-97ce-4dd6-b117-42e7f6b0816f <- TX(46)
2021-08-10 12:16:27,540 [SCMBlockDeletingService#0] DEBUG block.SCMBlockDeletingService (DatanodeDeletedBlockTransactions.java:addTransactionToDN(50)) - Transaction added: ad4991cb-97ce-4dd6-b117-42e7f6b0816f <- TX(47)
2021-08-10 12:16:27,540 [SCMBlockDeletingService#0] DEBUG block.SCMBlockDeletingService (DatanodeDeletedBlockTransactions.java:addTransactionToDN(50)) - Transaction added: ad4991cb-97ce-4dd6-b117-42e7f6b0816f <- TX(48)
2021-08-10 12:16:27,540 [SCMBlockDeletingService#0] DEBUG block.SCMBlockDeletingService (DatanodeDeletedBlockTransactions.java:addTransactionToDN(50)) - Transaction added: ad4991cb-97ce-4dd6-b117-42e7f6b0816f <- TX(49)
2021-08-10 12:16:27,540 [SCMBlockDeletingService#0] DEBUG block.SCMBlockDeletingService (DatanodeDeletedBlockTransactions.java:addTransactionToDN(50)) - Transaction added: ad4991cb-97ce-4dd6-b117-42e7f6b0816f <- TX(50)
2021-08-10 12:16:27,540 [SCMBlockDeletingService#0] DEBUG block.SCMBlockDeletingService (DatanodeDeletedBlockTransactions.java:addTransactionToDN(50)) - Transaction added: ad4991cb-97ce-4dd6-b117-42e7f6b0816f <- TX(51)
2021-08-10 12:16:27,540 [SCMBlockDeletingService#0] DEBUG block.SCMBlockDeletingService (DatanodeDeletedBlockTransactions.java:addTransactionToDN(50)) - Transaction added: ad4991cb-97ce-4dd6-b117-42e7f6b0816f <- TX(52)
2021-08-10 12:16:27,540 [SCMBlockDeletingService#0] DEBUG block.SCMBlockDeletingService (DatanodeDeletedBlockTransactions.java:addTransactionToDN(50)) - Transaction added: ad4991cb-97ce-4dd6-b117-42e7f6b0816f <- TX(53)
2021-08-10 12:16:27,540 [SCMBlockDeletingService#0] DEBUG block.SCMBlockDeletingService (DatanodeDeletedBlockTransactions.java:addTransactionToDN(50)) - Transaction added: ad4991cb-97ce-4dd6-b117-42e7f6b0816f <- TX(54)
2021-08-10 12:16:27,540 [SCMBlockDeletingService#0] DEBUG block.SCMBlockDeletingService (DatanodeDeletedBlockTransactions.java:addTransactionToDN(50)) - Transaction added: ad4991cb-97ce-4dd6-b117-42e7f6b0816f <- TX(55)
2021-08-10 12:16:27,540 [SCMBlockDeletingService#0] DEBUG block.SCMBlockDeletingService (DatanodeDeletedBlockTransactions.java:addTransactionToDN(50)) - Transaction added: ad4991cb-97ce-4dd6-b117-42e7f6b0816f <- TX(56)
2021-08-10 12:16:27,540 [SCMBlockDeletingService#0] DEBUG block.SCMBlockDeletingService (SCMBlockDeletingService.java:call(164)) - Added delete block command for datanode ad4991cb-97ce-4dd6-b117-42e7f6b0816f in the queue, number of delete block transactions: 47
2021-08-10 12:16:27,540 [SCMBlockDeletingService#0] INFO  block.SCMBlockDeletingService (SCMBlockDeletingService.java:call(174)) - Totally added 47 blocks to be deleted for 1 datanodes, task elapsed time: 1ms
2021-08-10 12:16:27,639 [SCMBlockDeletingService#0] DEBUG block.SCMBlockDeletingService (SCMBlockDeletingService.java:call(133)) - Running DeletedBlockTransactionScanner
2021-08-10 12:16:27,639 [SCMBlockDeletingService#0] DEBUG block.SCMBlockDeletingService (DatanodeDeletedBlockTransactions.java:addTransactionToDN(50)) - Transaction added: ad4991cb-97ce-4dd6-b117-42e7f6b0816f <- TX(10)
2021-08-10 12:16:27,639 [SCMBlockDeletingService#0] DEBUG block.SCMBlockDeletingService (DatanodeDeletedBlockTransactions.java:addTransactionToDN(50)) - Transaction added: ad4991cb-97ce-4dd6-b117-42e7f6b0816f <- TX(11)
2021-08-10 12:16:27,639 [SCMBlockDeletingService#0] DEBUG block.SCMBlockDeletingService (DatanodeDeletedBlockTransactions.java:addTransactionToDN(50)) - Transaction added: ad4991cb-97ce-4dd6-b117-42e7f6b0816f <- TX(12)
2021-08-10 12:16:27,639 [SCMBlockDeletingService#0] DEBUG block.SCMBlockDeletingService (DatanodeDeletedBlockTransactions.java:addTransactionToDN(50)) - Transaction added: ad4991cb-97ce-4dd6-b117-42e7f6b0816f <- TX(13)
2021-08-10 12:16:27,639 [SCMBlockDeletingService#0] DEBUG block.SCMBlockDeletingService (DatanodeDeletedBlockTransactions.java:addTransactionToDN(50)) - Transaction added: ad4991cb-97ce-4dd6-b117-42e7f6b0816f <- TX(14)
2021-08-10 12:16:27,639 [SCMBlockDeletingService#0] DEBUG block.SCMBlockDeletingService (DatanodeDeletedBlockTransactions.java:addTransactionToDN(50)) - Transaction added: ad4991cb-97ce-4dd6-b117-42e7f6b0816f <- TX(15)
2021-08-10 12:16:27,639 [SCMBlockDeletingService#0] DEBUG block.SCMBlockDeletingService (DatanodeDeletedBlockTransactions.java:addTransactionToDN(50)) - Transaction added: ad4991cb-97ce-4dd6-b117-42e7f6b0816f <- TX(16)
2021-08-10 12:16:27,639 [SCMBlockDeletingService#0] DEBUG block.SCMBlockDeletingService (DatanodeDeletedBlockTransactions.java:addTransactionToDN(50)) - Transaction added: ad4991cb-97ce-4dd6-b117-42e7f6b0816f <- TX(17)
2021-08-10 12:16:27,639 [SCMBlockDeletingService#0] DEBUG block.SCMBlockDeletingService (DatanodeDeletedBlockTransactions.java:addTransactionToDN(50)) - Transaction added: ad4991cb-97ce-4dd6-b117-42e7f6b0816f <- TX(18)
2021-08-10 12:16:27,639 [SCMBlockDeletingService#0] DEBUG block.SCMBlockDeletingService (DatanodeDeletedBlockTransactions.java:addTransactionToDN(50)) - Transaction added: ad4991cb-97ce-4dd6-b117-42e7f6b0816f <- TX(19)
2021-08-10 12:16:27,639 [SCMBlockDeletingService#0] DEBUG block.SCMBlockDeletingService (DatanodeDeletedBlockTransactions.java:addTransactionToDN(50)) - Transaction added: ad4991cb-97ce-4dd6-b117-42e7f6b0816f <- TX(20)
2021-08-10 12:16:27,639 [SCMBlockDeletingService#0] DEBUG block.SCMBlockDeletingService (DatanodeDeletedBlockTransactions.java:addTransactionToDN(50)) - Transaction added: ad4991cb-97ce-4dd6-b117-42e7f6b0816f <- TX(21)
2021-08-10 12:16:27,639 [SCMBlockDeletingService#0] DEBUG block.SCMBlockDeletingService (DatanodeDeletedBlockTransactions.java:addTransactionToDN(50)) - Transaction added: ad4991cb-97ce-4dd6-b117-42e7f6b0816f <- TX(22)
2021-08-10 12:16:27,639 [SCMBlockDeletingService#0] DEBUG block.SCMBlockDeletingService (DatanodeDeletedBlockTransactions.java:addTransactionToDN(50)) - Transaction added: ad4991cb-97ce-4dd6-b117-42e7f6b0816f <- TX(23)
2021-08-10 12:16:27,639 [SCMBlockDeletingService#0] DEBUG block.SCMBlockDeletingService (DatanodeDeletedBlockTransactions.java:addTransactionToDN(50)) - Transaction added: ad4991cb-97ce-4dd6-b117-42e7f6b0816f <- TX(24)
2021-08-10 12:16:27,639 [SCMBlockDeletingService#0] DEBUG block.SCMBlockDeletingService (DatanodeDeletedBlockTransactions.java:addTransactionToDN(50)) - Transaction added: ad4991cb-97ce-4dd6-b117-42e7f6b0816f <- TX(25)
2021-08-10 12:16:27,639 [SCMBlockDeletingService#0] DEBUG block.SCMBlockDeletingService (DatanodeDeletedBlockTransactions.java:addTransactionToDN(50)) - Transaction added: ad4991cb-97ce-4dd6-b117-42e7f6b0816f <- TX(26)
2021-08-10 12:16:27,639 [SCMBlockDeletingService#0] DEBUG block.SCMBlockDeletingService (DatanodeDeletedBlockTransactions.java:addTransactionToDN(50)) - Transaction added: ad4991cb-97ce-4dd6-b117-42e7f6b0816f <- TX(27)
2021-08-10 12:16:27,639 [SCMBlockDeletingService#0] DEBUG block.SCMBlockDeletingService (DatanodeDeletedBlockTransactions.java:addTransactionToDN(50)) - Transaction added: ad4991cb-97ce-4dd6-b117-42e7f6b0816f <- TX(28)
2021-08-10 12:16:27,639 [SCMBlockDeletingService#0] DEBUG block.SCMBlockDeletingService (DatanodeDeletedBlockTransactions.java:addTransactionToDN(50)) - Transaction added: ad4991cb-97ce-4dd6-b117-42e7f6b0816f <- TX(29)
2021-08-10 12:16:27,639 [SCMBlockDeletingService#0] DEBUG block.SCMBlockDeletingService (DatanodeDeletedBlockTransactions.java:addTransactionToDN(50)) - Transaction added: ad4991cb-97ce-4dd6-b117-42e7f6b0816f <- TX(30)
2021-08-10 12:16:27,639 [SCMBlockDeletingService#0] DEBUG block.SCMBlockDeletingService (DatanodeDeletedBlockTransactions.java:addTransactionToDN(50)) - Transaction added: ad4991cb-97ce-4dd6-b117-42e7f6b0816f <- TX(31)
2021-08-10 12:16:27,639 [SCMBlockDeletingService#0] DEBUG block.SCMBlockDeletingService (DatanodeDeletedBlockTransactions.java:addTransactionToDN(50)) - Transaction added: ad4991cb-97ce-4dd6-b117-42e7f6b0816f <- TX(32)
2021-08-10 12:16:27,639 [SCMBlockDeletingService#0] DEBUG block.SCMBlockDeletingService (DatanodeDeletedBlockTransactions.java:addTransactionToDN(50)) - Transaction added: ad4991cb-97ce-4dd6-b117-42e7f6b0816f <- TX(33)
2021-08-10 12:16:27,639 [SCMBlockDeletingService#0] DEBUG block.SCMBlockDeletingService (DatanodeDeletedBlockTransactions.java:addTransactionToDN(50)) - Transaction added: ad4991cb-97ce-4dd6-b117-42e7f6b0816f <- TX(34)
2021-08-10 12:16:27,639 [SCMBlockDeletingService#0] DEBUG block.SCMBlockDeletingService (DatanodeDeletedBlockTransactions.java:addTransactionToDN(50)) - Transaction added: ad4991cb-97ce-4dd6-b117-42e7f6b0816f <- TX(35)
2021-08-10 12:16:27,639 [SCMBlockDeletingService#0] DEBUG block.SCMBlockDeletingService (DatanodeDeletedBlockTransactions.java:addTransactionToDN(50)) - Transaction added: ad4991cb-97ce-4dd6-b117-42e7f6b0816f <- TX(36)
2021-08-10 12:16:27,639 [SCMBlockDeletingService#0] DEBUG block.SCMBlockDeletingService (DatanodeDeletedBlockTransactions.java:addTransactionToDN(50)) - Transaction added: ad4991cb-97ce-4dd6-b117-42e7f6b0816f <- TX(37)
2021-08-10 12:16:27,640 [SCMBlockDeletingService#0] DEBUG block.SCMBlockDeletingService (DatanodeDeletedBlockTransactions.java:addTransactionToDN(50)) - Transaction added: ad4991cb-97ce-4dd6-b117-42e7f6b0816f <- TX(38)
2021-08-10 12:16:27,640 [SCMBlockDeletingService#0] DEBUG block.SCMBlockDeletingService (DatanodeDeletedBlockTransactions.java:addTransactionToDN(50)) - Transaction added: ad4991cb-97ce-4dd6-b117-42e7f6b0816f <- TX(39)
2021-08-10 12:16:27,640 [SCMBlockDeletingService#0] DEBUG block.SCMBlockDeletingService (DatanodeDeletedBlockTransactions.java:addTransactionToDN(50)) - Transaction added: ad4991cb-97ce-4dd6-b117-42e7f6b0816f <- TX(40)
2021-08-10 12:16:27,640 [SCMBlockDeletingService#0] DEBUG block.SCMBlockDeletingService (DatanodeDeletedBlockTransactions.java:addTransactionToDN(50)) - Transaction added: ad4991cb-97ce-4dd6-b117-42e7f6b0816f <- TX(41)
2021-08-10 12:16:27,640 [SCMBlockDeletingService#0] DEBUG block.SCMBlockDeletingService (DatanodeDeletedBlockTransactions.java:addTransactionToDN(50)) - Transaction added: ad4991cb-97ce-4dd6-b117-42e7f6b0816f <- TX(42)
2021-08-10 12:16:27,640 [SCMBlockDeletingService#0] DEBUG block.SCMBlockDeletingService (DatanodeDeletedBlockTransactions.java:addTransactionToDN(50)) - Transaction added: ad4991cb-97ce-4dd6-b117-42e7f6b0816f <- TX(43)
2021-08-10 12:16:27,640 [SCMBlockDeletingService#0] DEBUG block.SCMBlockDeletingService (DatanodeDeletedBlockTransactions.java:addTransactionToDN(50)) - Transaction added: ad4991cb-97ce-4dd6-b117-42e7f6b0816f <- TX(44)
2021-08-10 12:16:27,640 [SCMBlockDeletingService#0] DEBUG block.SCMBlockDeletingService (DatanodeDeletedBlockTransactions.java:addTransactionToDN(50)) - Transaction added: ad4991cb-97ce-4dd6-b117-42e7f6b0816f <- TX(45)
2021-08-10 12:16:27,640 [SCMBlockDeletingService#0] DEBUG block.SCMBlockDeletingService (DatanodeDeletedBlockTransactions.java:addTransactionToDN(50)) - Transaction added: ad4991cb-97ce-4dd6-b117-42e7f6b0816f <- TX(46)
2021-08-10 12:16:27,640 [SCMBlockDeletingService#0] DEBUG block.SCMBlockDeletingService (DatanodeDeletedBlockTransactions.java:addTransactionToDN(50)) - Transaction added: ad4991cb-97ce-4dd6-b117-42e7f6b0816f <- TX(47)
2021-08-10 12:16:27,640 [SCMBlockDeletingService#0] DEBUG block.SCMBlockDeletingService (DatanodeDeletedBlockTransactions.java:addTransactionToDN(50)) - Transaction added: ad4991cb-97ce-4dd6-b117-42e7f6b0816f <- TX(48)
2021-08-10 12:16:27,640 [SCMBlockDeletingService#0] DEBUG block.SCMBlockDeletingService (DatanodeDeletedBlockTransactions.java:addTransactionToDN(50)) - Transaction added: ad4991cb-97ce-4dd6-b117-42e7f6b0816f <- TX(49)
2021-08-10 12:16:27,640 [SCMBlockDeletingService#0] DEBUG block.SCMBlockDeletingService (DatanodeDeletedBlockTransactions.java:addTransactionToDN(50)) - Transaction added: ad4991cb-97ce-4dd6-b117-42e7f6b0816f <- TX(50)
2021-08-10 12:16:27,640 [SCMBlockDeletingService#0] DEBUG block.SCMBlockDeletingService (DatanodeDeletedBlockTransactions.java:addTransactionToDN(50)) - Transaction added: ad4991cb-97ce-4dd6-b117-42e7f6b0816f <- TX(51)
2021-08-10 12:16:27,640 [SCMBlockDeletingService#0] DEBUG block.SCMBlockDeletingService (DatanodeDeletedBlockTransactions.java:addTransactionToDN(50)) - Transaction added: ad4991cb-97ce-4dd6-b117-42e7f6b0816f <- TX(52)
2021-08-10 12:16:27,640 [SCMBlockDeletingService#0] DEBUG block.SCMBlockDeletingService (DatanodeDeletedBlockTransactions.java:addTransactionToDN(50)) - Transaction added: ad4991cb-97ce-4dd6-b117-42e7f6b0816f <- TX(53)
2021-08-10 12:16:27,640 [SCMBlockDeletingService#0] DEBUG block.SCMBlockDeletingService (DatanodeDeletedBlockTransactions.java:addTransactionToDN(50)) - Transaction added: ad4991cb-97ce-4dd6-b117-42e7f6b0816f <- TX(54)
2021-08-10 12:16:27,640 [SCMBlockDeletingService#0] DEBUG block.SCMBlockDeletingService (DatanodeDeletedBlockTransactions.java:addTransactionToDN(50)) - Transaction added: ad4991cb-97ce-4dd6-b117-42e7f6b0816f <- TX(55)
2021-08-10 12:16:27,640 [SCMBlockDeletingService#0] DEBUG block.SCMBlockDeletingService (DatanodeDeletedBlockTransactions.java:addTransactionToDN(50)) - Transaction added: ad4991cb-97ce-4dd6-b117-42e7f6b0816f <- TX(56)
2021-08-10 12:16:27,640 [SCMBlockDeletingService#0] DEBUG block.SCMBlockDeletingService (SCMBlockDeletingService.java:call(164)) - Added delete block command for datanode ad4991cb-97ce-4dd6-b117-42e7f6b0816f in the queue, number of delete block transactions: 47
2021-08-10 12:16:27,640 [SCMBlockDeletingService#0] INFO  block.SCMBlockDeletingService (SCMBlockDeletingService.java:call(174)) - Totally added 47 blocks to be deleted for 1 datanodes, task elapsed time: 1ms
2021-08-10 12:16:27,739 [SCMBlockDeletingService#0] DEBUG block.SCMBlockDeletingService (SCMBlockDeletingService.java:call(133)) - Running DeletedBlockTransactionScanner
2021-08-10 12:16:27,739 [SCMBlockDeletingService#0] DEBUG block.SCMBlockDeletingService (DatanodeDeletedBlockTransactions.java:addTransactionToDN(50)) - Transaction added: ad4991cb-97ce-4dd6-b117-42e7f6b0816f <- TX(10)
2021-08-10 12:16:27,739 [SCMBlockDeletingService#0] DEBUG block.SCMBlockDeletingService (DatanodeDeletedBlockTransactions.java:addTransactionToDN(50)) - Transaction added: ad4991cb-97ce-4dd6-b117-42e7f6b0816f <- TX(11)
2021-08-10 12:16:27,739 [SCMBlockDeletingService#0] DEBUG block.SCMBlockDeletingService (DatanodeDeletedBlockTransactions.java:addTransactionToDN(50)) - Transaction added: ad4991cb-97ce-4dd6-b117-42e7f6b0816f <- TX(12)
2021-08-10 12:16:27,739 [SCMBlockDeletingService#0] DEBUG block.SCMBlockDeletingService (DatanodeDeletedBlockTransactions.java:addTransactionToDN(50)) - Transaction added: ad4991cb-97ce-4dd6-b117-42e7f6b0816f <- TX(13)
2021-08-10 12:16:27,739 [SCMBlockDeletingService#0] DEBUG block.SCMBlockDeletingService (DatanodeDeletedBlockTransactions.java:addTransactionToDN(50)) - Transaction added: ad4991cb-97ce-4dd6-b117-42e7f6b0816f <- TX(14)
2021-08-10 12:16:27,739 [SCMBlockDeletingService#0] DEBUG block.SCMBlockDeletingService (DatanodeDeletedBlockTransactions.java:addTransactionToDN(50)) - Transaction added: ad4991cb-97ce-4dd6-b117-42e7f6b0816f <- TX(15)
2021-08-10 12:16:27,739 [SCMBlockDeletingService#0] DEBUG block.SCMBlockDeletingService (DatanodeDeletedBlockTransactions.java:addTransactionToDN(50)) - Transaction added: ad4991cb-97ce-4dd6-b117-42e7f6b0816f <- TX(16)
2021-08-10 12:16:27,739 [SCMBlockDeletingService#0] DEBUG block.SCMBlockDeletingService (DatanodeDeletedBlockTransactions.java:addTransactionToDN(50)) - Transaction added: ad4991cb-97ce-4dd6-b117-42e7f6b0816f <- TX(17)
2021-08-10 12:16:27,739 [SCMBlockDeletingService#0] DEBUG block.SCMBlockDeletingService (DatanodeDeletedBlockTransactions.java:addTransactionToDN(50)) - Transaction added: ad4991cb-97ce-4dd6-b117-42e7f6b0816f <- TX(18)
2021-08-10 12:16:27,739 [SCMBlockDeletingService#0] DEBUG block.SCMBlockDeletingService (DatanodeDeletedBlockTransactions.java:addTransactionToDN(50)) - Transaction added: ad4991cb-97ce-4dd6-b117-42e7f6b0816f <- TX(19)
2021-08-10 12:16:27,739 [SCMBlockDeletingService#0] DEBUG block.SCMBlockDeletingService (DatanodeDeletedBlockTransactions.java:addTransactionToDN(50)) - Transaction added: ad4991cb-97ce-4dd6-b117-42e7f6b0816f <- TX(20)
2021-08-10 12:16:27,739 [SCMBlockDeletingService#0] DEBUG block.SCMBlockDeletingService (DatanodeDeletedBlockTransactions.java:addTransactionToDN(50)) - Transaction added: ad4991cb-97ce-4dd6-b117-42e7f6b0816f <- TX(21)
2021-08-10 12:16:27,739 [SCMBlockDeletingService#0] DEBUG block.SCMBlockDeletingService (DatanodeDeletedBlockTransactions.java:addTransactionToDN(50)) - Transaction added: ad4991cb-97ce-4dd6-b117-42e7f6b0816f <- TX(22)
2021-08-10 12:16:27,739 [SCMBlockDeletingService#0] DEBUG block.SCMBlockDeletingService (DatanodeDeletedBlockTransactions.java:addTransactionToDN(50)) - Transaction added: ad4991cb-97ce-4dd6-b117-42e7f6b0816f <- TX(23)
2021-08-10 12:16:27,739 [SCMBlockDeletingService#0] DEBUG block.SCMBlockDeletingService (DatanodeDeletedBlockTransactions.java:addTransactionToDN(50)) - Transaction added: ad4991cb-97ce-4dd6-b117-42e7f6b0816f <- TX(24)
2021-08-10 12:16:27,739 [SCMBlockDeletingService#0] DEBUG block.SCMBlockDeletingService (DatanodeDeletedBlockTransactions.java:addTransactionToDN(50)) - Transaction added: ad4991cb-97ce-4dd6-b117-42e7f6b0816f <- TX(25)
2021-08-10 12:16:27,739 [SCMBlockDeletingService#0] DEBUG block.SCMBlockDeletingService (DatanodeDeletedBlockTransactions.java:addTransactionToDN(50)) - Transaction added: ad4991cb-97ce-4dd6-b117-42e7f6b0816f <- TX(26)
2021-08-10 12:16:27,739 [SCMBlockDeletingService#0] DEBUG block.SCMBlockDeletingService (DatanodeDeletedBlockTransactions.java:addTransactionToDN(50)) - Transaction added: ad4991cb-97ce-4dd6-b117-42e7f6b0816f <- TX(27)
2021-08-10 12:16:27,739 [SCMBlockDeletingService#0] DEBUG block.SCMBlockDeletingService (DatanodeDeletedBlockTransactions.java:addTransactionToDN(50)) - Transaction added: ad4991cb-97ce-4dd6-b117-42e7f6b0816f <- TX(28)
2021-08-10 12:16:27,739 [SCMBlockDeletingService#0] DEBUG block.SCMBlockDeletingService (DatanodeDeletedBlockTransactions.java:addTransactionToDN(50)) - Transaction added: ad4991cb-97ce-4dd6-b117-42e7f6b0816f <- TX(29)
2021-08-10 12:16:27,739 [SCMBlockDeletingService#0] DEBUG block.SCMBlockDeletingService (DatanodeDeletedBlockTransactions.java:addTransactionToDN(50)) - Transaction added: ad4991cb-97ce-4dd6-b117-42e7f6b0816f <- TX(30)
2021-08-10 12:16:27,739 [SCMBlockDeletingService#0] DEBUG block.SCMBlockDeletingService (DatanodeDeletedBlockTransactions.java:addTransactionToDN(50)) - Transaction added: ad4991cb-97ce-4dd6-b117-42e7f6b0816f <- TX(31)
2021-08-10 12:16:27,739 [SCMBlockDeletingService#0] DEBUG block.SCMBlockDeletingService (DatanodeDeletedBlockTransactions.java:addTransactionToDN(50)) - Transaction added: ad4991cb-97ce-4dd6-b117-42e7f6b0816f <- TX(32)
2021-08-10 12:16:27,739 [SCMBlockDeletingService#0] DEBUG block.SCMBlockDeletingService (DatanodeDeletedBlockTransactions.java:addTransactionToDN(50)) - Transaction added: ad4991cb-97ce-4dd6-b117-42e7f6b0816f <- TX(33)
2021-08-10 12:16:27,740 [SCMBlockDeletingService#0] DEBUG block.SCMBlockDeletingService (DatanodeDeletedBlockTransactions.java:addTransactionToDN(50)) - Transaction added: ad4991cb-97ce-4dd6-b117-42e7f6b0816f <- TX(34)
2021-08-10 12:16:27,740 [SCMBlockDeletingService#0] DEBUG block.SCMBlockDeletingService (DatanodeDeletedBlockTransactions.java:addTransactionToDN(50)) - Transaction added: ad4991cb-97ce-4dd6-b117-42e7f6b0816f <- TX(35)
2021-08-10 12:16:27,740 [SCMBlockDeletingService#0] DEBUG block.SCMBlockDeletingService (DatanodeDeletedBlockTransactions.java:addTransactionToDN(50)) - Transaction added: ad4991cb-97ce-4dd6-b117-42e7f6b0816f <- TX(36)
2021-08-10 12:16:27,740 [SCMBlockDeletingService#0] DEBUG block.SCMBlockDeletingService (DatanodeDeletedBlockTransactions.java:addTransactionToDN(50)) - Transaction added: ad4991cb-97ce-4dd6-b117-42e7f6b0816f <- TX(37)
2021-08-10 12:16:27,740 [SCMBlockDeletingService#0] DEBUG block.SCMBlockDeletingService (DatanodeDeletedBlockTransactions.java:addTransactionToDN(50)) - Transaction added: ad4991cb-97ce-4dd6-b117-42e7f6b0816f <- TX(38)
2021-08-10 12:16:27,740 [SCMBlockDeletingService#0] DEBUG block.SCMBlockDeletingService (DatanodeDeletedBlockTransactions.java:addTransactionToDN(50)) - Transaction added: ad4991cb-97ce-4dd6-b117-42e7f6b0816f <- TX(39)
2021-08-10 12:16:27,740 [SCMBlockDeletingService#0] DEBUG block.SCMBlockDeletingService (DatanodeDeletedBlockTransactions.java:addTransactionToDN(50)) - Transaction added: ad4991cb-97ce-4dd6-b117-42e7f6b0816f <- TX(40)
2021-08-10 12:16:27,740 [SCMBlockDeletingService#0] DEBUG block.SCMBlockDeletingService (DatanodeDeletedBlockTransactions.java:addTransactionToDN(50)) - Transaction added: ad4991cb-97ce-4dd6-b117-42e7f6b0816f <- TX(41)
2021-08-10 12:16:27,740 [SCMBlockDeletingService#0] DEBUG block.SCMBlockDeletingService (DatanodeDeletedBlockTransactions.java:addTransactionToDN(50)) - Transaction added: ad4991cb-97ce-4dd6-b117-42e7f6b0816f <- TX(42)
2021-08-10 12:16:27,740 [SCMBlockDeletingService#0] DEBUG block.SCMBlockDeletingService (DatanodeDeletedBlockTransactions.java:addTransactionToDN(50)) - Transaction added: ad4991cb-97ce-4dd6-b117-42e7f6b0816f <- TX(43)
2021-08-10 12:16:27,740 [SCMBlockDeletingService#0] DEBUG block.SCMBlockDeletingService (DatanodeDeletedBlockTransactions.java:addTransactionToDN(50)) - Transaction added: ad4991cb-97ce-4dd6-b117-42e7f6b0816f <- TX(44)
2021-08-10 12:16:27,740 [SCMBlockDeletingService#0] DEBUG block.SCMBlockDeletingService (DatanodeDeletedBlockTransactions.java:addTransactionToDN(50)) - Transaction added: ad4991cb-97ce-4dd6-b117-42e7f6b0816f <- TX(45)
2021-08-10 12:16:27,740 [SCMBlockDeletingService#0] DEBUG block.SCMBlockDeletingService (DatanodeDeletedBlockTransactions.java:addTransactionToDN(50)) - Transaction added: ad4991cb-97ce-4dd6-b117-42e7f6b0816f <- TX(46)
2021-08-10 12:16:27,740 [SCMBlockDeletingService#0] DEBUG block.SCMBlockDeletingService (DatanodeDeletedBlockTransactions.java:addTransactionToDN(50)) - Transaction added: ad4991cb-97ce-4dd6-b117-42e7f6b0816f <- TX(47)
2021-08-10 12:16:27,740 [SCMBlockDeletingService#0] DEBUG block.SCMBlockDeletingService (DatanodeDeletedBlockTransactions.java:addTransactionToDN(50)) - Transaction added: ad4991cb-97ce-4dd6-b117-42e7f6b0816f <- TX(48)
2021-08-10 12:16:27,740 [SCMBlockDeletingService#0] DEBUG block.SCMBlockDeletingService (DatanodeDeletedBlockTransactions.java:addTransactionToDN(50)) - Transaction added: ad4991cb-97ce-4dd6-b117-42e7f6b0816f <- TX(49)
2021-08-10 12:16:27,740 [SCMBlockDeletingService#0] DEBUG block.SCMBlockDeletingService (DatanodeDeletedBlockTransactions.java:addTransactionToDN(50)) - Transaction added: ad4991cb-97ce-4dd6-b117-42e7f6b0816f <- TX(50)
2021-08-10 12:16:27,740 [SCMBlockDeletingService#0] DEBUG block.SCMBlockDeletingService (DatanodeDeletedBlockTransactions.java:addTransactionToDN(50)) - Transaction added: ad4991cb-97ce-4dd6-b117-42e7f6b0816f <- TX(51)
2021-08-10 12:16:27,740 [SCMBlockDeletingService#0] DEBUG block.SCMBlockDeletingService (DatanodeDeletedBlockTransactions.java:addTransactionToDN(50)) - Transaction added: ad4991cb-97ce-4dd6-b117-42e7f6b0816f <- TX(52)
2021-08-10 12:16:27,740 [SCMBlockDeletingService#0] DEBUG block.SCMBlockDeletingService (DatanodeDeletedBlockTransactions.java:addTransactionToDN(50)) - Transaction added: ad4991cb-97ce-4dd6-b117-42e7f6b0816f <- TX(53)
2021-08-10 12:16:27,740 [SCMBlockDeletingService#0] DEBUG block.SCMBlockDeletingService (DatanodeDeletedBlockTransactions.java:addTransactionToDN(50)) - Transaction added: ad4991cb-97ce-4dd6-b117-42e7f6b0816f <- TX(54)
2021-08-10 12:16:27,740 [SCMBlockDeletingService#0] DEBUG block.SCMBlockDeletingService (DatanodeDeletedBlockTransactions.java:addTransactionToDN(50)) - Transaction added: ad4991cb-97ce-4dd6-b117-42e7f6b0816f <- TX(55)
2021-08-10 12:16:27,740 [SCMBlockDeletingService#0] DEBUG block.SCMBlockDeletingService (DatanodeDeletedBlockTransactions.java:addTransactionToDN(50)) - Transaction added: ad4991cb-97ce-4dd6-b117-42e7f6b0816f <- TX(56)
2021-08-10 12:16:27,740 [SCMBlockDeletingService#0] DEBUG block.SCMBlockDeletingService (SCMBlockDeletingService.java:call(164)) - Added delete block command for datanode ad4991cb-97ce-4dd6-b117-42e7f6b0816f in the queue, number of delete block transactions: 47
2021-08-10 12:16:27,740 [SCMBlockDeletingService#0] INFO  block.SCMBlockDeletingService (SCMBlockDeletingService.java:call(174)) - Totally added 47 blocks to be deleted for 1 datanodes, task elapsed time: 1ms
2021-08-10 12:16:27,839 [SCMBlockDeletingService#0] DEBUG block.SCMBlockDeletingService (SCMBlockDeletingService.java:call(133)) - Running DeletedBlockTransactionScanner
2021-08-10 12:16:27,839 [SCMBlockDeletingService#0] DEBUG block.SCMBlockDeletingService (DatanodeDeletedBlockTransactions.java:addTransactionToDN(50)) - Transaction added: ad4991cb-97ce-4dd6-b117-42e7f6b0816f <- TX(10)
2021-08-10 12:16:27,839 [SCMBlockDeletingService#0] DEBUG block.SCMBlockDeletingService (DatanodeDeletedBlockTransactions.java:addTransactionToDN(50)) - Transaction added: ad4991cb-97ce-4dd6-b117-42e7f6b0816f <- TX(11)
2021-08-10 12:16:27,839 [SCMBlockDeletingService#0] DEBUG block.SCMBlockDeletingService (DatanodeDeletedBlockTransactions.java:addTransactionToDN(50)) - Transaction added: ad4991cb-97ce-4dd6-b117-42e7f6b0816f <- TX(12)
2021-08-10 12:16:27,839 [SCMBlockDeletingService#0] DEBUG block.SCMBlockDeletingService (DatanodeDeletedBlockTransactions.java:addTransactionToDN(50)) - Transaction added: ad4991cb-97ce-4dd6-b117-42e7f6b0816f <- TX(13)
2021-08-10 12:16:27,839 [SCMBlockDeletingService#0] DEBUG block.SCMBlockDeletingService (DatanodeDeletedBlockTransactions.java:addTransactionToDN(50)) - Transaction added: ad4991cb-97ce-4dd6-b117-42e7f6b0816f <- TX(14)
2021-08-10 12:16:27,839 [SCMBlockDeletingService#0] DEBUG block.SCMBlockDeletingService (DatanodeDeletedBlockTransactions.java:addTransactionToDN(50)) - Transaction added: ad4991cb-97ce-4dd6-b117-42e7f6b0816f <- TX(15)
2021-08-10 12:16:27,839 [SCMBlockDeletingService#0] DEBUG block.SCMBlockDeletingService (DatanodeDeletedBlockTransactions.java:addTransactionToDN(50)) - Transaction added: ad4991cb-97ce-4dd6-b117-42e7f6b0816f <- TX(16)
2021-08-10 12:16:27,839 [SCMBlockDeletingService#0] DEBUG block.SCMBlockDeletingService (DatanodeDeletedBlockTransactions.java:addTransactionToDN(50)) - Transaction added: ad4991cb-97ce-4dd6-b117-42e7f6b0816f <- TX(17)
2021-08-10 12:16:27,839 [SCMBlockDeletingService#0] DEBUG block.SCMBlockDeletingService (DatanodeDeletedBlockTransactions.java:addTransactionToDN(50)) - Transaction added: ad4991cb-97ce-4dd6-b117-42e7f6b0816f <- TX(18)
2021-08-10 12:16:27,839 [SCMBlockDeletingService#0] DEBUG block.SCMBlockDeletingService (DatanodeDeletedBlockTransactions.java:addTransactionToDN(50)) - Transaction added: ad4991cb-97ce-4dd6-b117-42e7f6b0816f <- TX(19)
2021-08-10 12:16:27,839 [SCMBlockDeletingService#0] DEBUG block.SCMBlockDeletingService (DatanodeDeletedBlockTransactions.java:addTransactionToDN(50)) - Transaction added: ad4991cb-97ce-4dd6-b117-42e7f6b0816f <- TX(20)
2021-08-10 12:16:27,839 [SCMBlockDeletingService#0] DEBUG block.SCMBlockDeletingService (DatanodeDeletedBlockTransactions.java:addTransactionToDN(50)) - Transaction added: ad4991cb-97ce-4dd6-b117-42e7f6b0816f <- TX(21)
2021-08-10 12:16:27,839 [SCMBlockDeletingService#0] DEBUG block.SCMBlockDeletingService (DatanodeDeletedBlockTransactions.java:addTransactionToDN(50)) - Transaction added: ad4991cb-97ce-4dd6-b117-42e7f6b0816f <- TX(22)
2021-08-10 12:16:27,839 [SCMBlockDeletingService#0] DEBUG block.SCMBlockDeletingService (DatanodeDeletedBlockTransactions.java:addTransactionToDN(50)) - Transaction added: ad4991cb-97ce-4dd6-b117-42e7f6b0816f <- TX(23)
2021-08-10 12:16:27,839 [SCMBlockDeletingService#0] DEBUG block.SCMBlockDeletingService (DatanodeDeletedBlockTransactions.java:addTransactionToDN(50)) - Transaction added: ad4991cb-97ce-4dd6-b117-42e7f6b0816f <- TX(24)
2021-08-10 12:16:27,839 [SCMBlockDeletingService#0] DEBUG block.SCMBlockDeletingService (DatanodeDeletedBlockTransactions.java:addTransactionToDN(50)) - Transaction added: ad4991cb-97ce-4dd6-b117-42e7f6b0816f <- TX(25)
2021-08-10 12:16:27,839 [SCMBlockDeletingService#0] DEBUG block.SCMBlockDeletingService (DatanodeDeletedBlockTransactions.java:addTransactionToDN(50)) - Transaction added: ad4991cb-97ce-4dd6-b117-42e7f6b0816f <- TX(26)
2021-08-10 12:16:27,839 [SCMBlockDeletingService#0] DEBUG block.SCMBlockDeletingService (DatanodeDeletedBlockTransactions.java:addTransactionToDN(50)) - Transaction added: ad4991cb-97ce-4dd6-b117-42e7f6b0816f <- TX(27)
2021-08-10 12:16:27,839 [SCMBlockDeletingService#0] DEBUG block.SCMBlockDeletingService (DatanodeDeletedBlockTransactions.java:addTransactionToDN(50)) - Transaction added: ad4991cb-97ce-4dd6-b117-42e7f6b0816f <- TX(28)
2021-08-10 12:16:27,839 [SCMBlockDeletingService#0] DEBUG block.SCMBlockDeletingService (DatanodeDeletedBlockTransactions.java:addTransactionToDN(50)) - Transaction added: ad4991cb-97ce-4dd6-b117-42e7f6b0816f <- TX(29)
2021-08-10 12:16:27,839 [SCMBlockDeletingService#0] DEBUG block.SCMBlockDeletingService (DatanodeDeletedBlockTransactions.java:addTransactionToDN(50)) - Transaction added: ad4991cb-97ce-4dd6-b117-42e7f6b0816f <- TX(30)
2021-08-10 12:16:27,839 [SCMBlockDeletingService#0] DEBUG block.SCMBlockDeletingService (DatanodeDeletedBlockTransactions.java:addTransactionToDN(50)) - Transaction added: ad4991cb-97ce-4dd6-b117-42e7f6b0816f <- TX(31)
2021-08-10 12:16:27,839 [SCMBlockDeletingService#0] DEBUG block.SCMBlockDeletingService (DatanodeDeletedBlockTransactions.java:addTransactionToDN(50)) - Transaction added: ad4991cb-97ce-4dd6-b117-42e7f6b0816f <- TX(32)
2021-08-10 12:16:27,840 [SCMBlockDeletingService#0] DEBUG block.SCMBlockDeletingService (DatanodeDeletedBlockTransactions.java:addTransactionToDN(50)) - Transaction added: ad4991cb-97ce-4dd6-b117-42e7f6b0816f <- TX(33)
2021-08-10 12:16:27,840 [SCMBlockDeletingService#0] DEBUG block.SCMBlockDeletingService (DatanodeDeletedBlockTransactions.java:addTransactionToDN(50)) - Transaction added: ad4991cb-97ce-4dd6-b117-42e7f6b0816f <- TX(34)
2021-08-10 12:16:27,840 [SCMBlockDeletingService#0] DEBUG block.SCMBlockDeletingService (DatanodeDeletedBlockTransactions.java:addTransactionToDN(50)) - Transaction added: ad4991cb-97ce-4dd6-b117-42e7f6b0816f <- TX(35)
2021-08-10 12:16:27,840 [SCMBlockDeletingService#0] DEBUG block.SCMBlockDeletingService (DatanodeDeletedBlockTransactions.java:addTransactionToDN(50)) - Transaction added: ad4991cb-97ce-4dd6-b117-42e7f6b0816f <- TX(36)
2021-08-10 12:16:27,840 [SCMBlockDeletingService#0] DEBUG block.SCMBlockDeletingService (DatanodeDeletedBlockTransactions.java:addTransactionToDN(50)) - Transaction added: ad4991cb-97ce-4dd6-b117-42e7f6b0816f <- TX(37)
2021-08-10 12:16:27,840 [SCMBlockDeletingService#0] DEBUG block.SCMBlockDeletingService (DatanodeDeletedBlockTransactions.java:addTransactionToDN(50)) - Transaction added: ad4991cb-97ce-4dd6-b117-42e7f6b0816f <- TX(38)
2021-08-10 12:16:27,840 [SCMBlockDeletingService#0] DEBUG block.SCMBlockDeletingService (DatanodeDeletedBlockTransactions.java:addTransactionToDN(50)) - Transaction added: ad4991cb-97ce-4dd6-b117-42e7f6b0816f <- TX(39)
2021-08-10 12:16:27,840 [SCMBlockDeletingService#0] DEBUG block.SCMBlockDeletingService (DatanodeDeletedBlockTransactions.java:addTransactionToDN(50)) - Transaction added: ad4991cb-97ce-4dd6-b117-42e7f6b0816f <- TX(40)
2021-08-10 12:16:27,840 [SCMBlockDeletingService#0] DEBUG block.SCMBlockDeletingService (DatanodeDeletedBlockTransactions.java:addTransactionToDN(50)) - Transaction added: ad4991cb-97ce-4dd6-b117-42e7f6b0816f <- TX(41)
2021-08-10 12:16:27,840 [SCMBlockDeletingService#0] DEBUG block.SCMBlockDeletingService (DatanodeDeletedBlockTransactions.java:addTransactionToDN(50)) - Transaction added: ad4991cb-97ce-4dd6-b117-42e7f6b0816f <- TX(42)
2021-08-10 12:16:27,840 [SCMBlockDeletingService#0] DEBUG block.SCMBlockDeletingService (DatanodeDeletedBlockTransactions.java:addTransactionToDN(50)) - Transaction added: ad4991cb-97ce-4dd6-b117-42e7f6b0816f <- TX(43)
2021-08-10 12:16:27,840 [SCMBlockDeletingService#0] DEBUG block.SCMBlockDeletingService (DatanodeDeletedBlockTransactions.java:addTransactionToDN(50)) - Transaction added: ad4991cb-97ce-4dd6-b117-42e7f6b0816f <- TX(44)
2021-08-10 12:16:27,840 [SCMBlockDeletingService#0] DEBUG block.SCMBlockDeletingService (DatanodeDeletedBlockTransactions.java:addTransactionToDN(50)) - Transaction added: ad4991cb-97ce-4dd6-b117-42e7f6b0816f <- TX(45)
2021-08-10 12:16:27,840 [SCMBlockDeletingService#0] DEBUG block.SCMBlockDeletingService (DatanodeDeletedBlockTransactions.java:addTransactionToDN(50)) - Transaction added: ad4991cb-97ce-4dd6-b117-42e7f6b0816f <- TX(46)
2021-08-10 12:16:27,840 [SCMBlockDeletingService#0] DEBUG block.SCMBlockDeletingService (DatanodeDeletedBlockTransactions.java:addTransactionToDN(50)) - Transaction added: ad4991cb-97ce-4dd6-b117-42e7f6b0816f <- TX(47)
2021-08-10 12:16:27,840 [SCMBlockDeletingService#0] DEBUG block.SCMBlockDeletingService (DatanodeDeletedBlockTransactions.java:addTransactionToDN(50)) - Transaction added: ad4991cb-97ce-4dd6-b117-42e7f6b0816f <- TX(48)
2021-08-10 12:16:27,840 [SCMBlockDeletingService#0] DEBUG block.SCMBlockDeletingService (DatanodeDeletedBlockTransactions.java:addTransactionToDN(50)) - Transaction added: ad4991cb-97ce-4dd6-b117-42e7f6b0816f <- TX(49)
2021-08-10 12:16:27,840 [SCMBlockDeletingService#0] DEBUG block.SCMBlockDeletingService (DatanodeDeletedBlockTransactions.java:addTransactionToDN(50)) - Transaction added: ad4991cb-97ce-4dd6-b117-42e7f6b0816f <- TX(50)
2021-08-10 12:16:27,840 [SCMBlockDeletingService#0] DEBUG block.SCMBlockDeletingService (DatanodeDeletedBlockTransactions.java:addTransactionToDN(50)) - Transaction added: ad4991cb-97ce-4dd6-b117-42e7f6b0816f <- TX(51)
2021-08-10 12:16:27,840 [SCMBlockDeletingService#0] DEBUG block.SCMBlockDeletingService (DatanodeDeletedBlockTransactions.java:addTransactionToDN(50)) - Transaction added: ad4991cb-97ce-4dd6-b117-42e7f6b0816f <- TX(52)
2021-08-10 12:16:27,840 [SCMBlockDeletingService#0] DEBUG block.SCMBlockDeletingService (DatanodeDeletedBlockTransactions.java:addTransactionToDN(50)) - Transaction added: ad4991cb-97ce-4dd6-b117-42e7f6b0816f <- TX(53)
2021-08-10 12:16:27,840 [SCMBlockDeletingService#0] DEBUG block.SCMBlockDeletingService (DatanodeDeletedBlockTransactions.java:addTransactionToDN(50)) - Transaction added: ad4991cb-97ce-4dd6-b117-42e7f6b0816f <- TX(54)
2021-08-10 12:16:27,840 [SCMBlockDeletingService#0] DEBUG block.SCMBlockDeletingService (DatanodeDeletedBlockTransactions.java:addTransactionToDN(50)) - Transaction added: ad4991cb-97ce-4dd6-b117-42e7f6b0816f <- TX(55)
2021-08-10 12:16:27,840 [SCMBlockDeletingService#0] DEBUG block.SCMBlockDeletingService (DatanodeDeletedBlockTransactions.java:addTransactionToDN(50)) - Transaction added: ad4991cb-97ce-4dd6-b117-42e7f6b0816f <- TX(56)
2021-08-10 12:16:27,840 [SCMBlockDeletingService#0] DEBUG block.SCMBlockDeletingService (SCMBlockDeletingService.java:call(164)) - Added delete block command for datanode ad4991cb-97ce-4dd6-b117-42e7f6b0816f in the queue, number of delete block transactions: 47
2021-08-10 12:16:27,840 [SCMBlockDeletingService#0] INFO  block.SCMBlockDeletingService (SCMBlockDeletingService.java:call(174)) - Totally added 47 blocks to be deleted for 1 datanodes, task elapsed time: 1ms
2021-08-10 12:16:27,939 [SCMBlockDeletingService#0] DEBUG block.SCMBlockDeletingService (SCMBlockDeletingService.java:call(133)) - Running DeletedBlockTransactionScanner
2021-08-10 12:16:27,939 [SCMBlockDeletingService#0] DEBUG block.SCMBlockDeletingService (DatanodeDeletedBlockTransactions.java:addTransactionToDN(50)) - Transaction added: ad4991cb-97ce-4dd6-b117-42e7f6b0816f <- TX(10)
2021-08-10 12:16:27,939 [SCMBlockDeletingService#0] DEBUG block.SCMBlockDeletingService (DatanodeDeletedBlockTransactions.java:addTransactionToDN(50)) - Transaction added: ad4991cb-97ce-4dd6-b117-42e7f6b0816f <- TX(11)
2021-08-10 12:16:27,939 [SCMBlockDeletingService#0] DEBUG block.SCMBlockDeletingService (DatanodeDeletedBlockTransactions.java:addTransactionToDN(50)) - Transaction added: ad4991cb-97ce-4dd6-b117-42e7f6b0816f <- TX(12)
2021-08-10 12:16:27,939 [SCMBlockDeletingService#0] DEBUG block.SCMBlockDeletingService (DatanodeDeletedBlockTransactions.java:addTransactionToDN(50)) - Transaction added: ad4991cb-97ce-4dd6-b117-42e7f6b0816f <- TX(13)
2021-08-10 12:16:27,939 [SCMBlockDeletingService#0] DEBUG block.SCMBlockDeletingService (DatanodeDeletedBlockTransactions.java:addTransactionToDN(50)) - Transaction added: ad4991cb-97ce-4dd6-b117-42e7f6b0816f <- TX(14)
2021-08-10 12:16:27,939 [SCMBlockDeletingService#0] DEBUG block.SCMBlockDeletingService (DatanodeDeletedBlockTransactions.java:addTransactionToDN(50)) - Transaction added: ad4991cb-97ce-4dd6-b117-42e7f6b0816f <- TX(15)
2021-08-10 12:16:27,939 [SCMBlockDeletingService#0] DEBUG block.SCMBlockDeletingService (DatanodeDeletedBlockTransactions.java:addTransactionToDN(50)) - Transaction added: ad4991cb-97ce-4dd6-b117-42e7f6b0816f <- TX(16)
2021-08-10 12:16:27,939 [SCMBlockDeletingService#0] DEBUG block.SCMBlockDeletingService (DatanodeDeletedBlockTransactions.java:addTransactionToDN(50)) - Transaction added: ad4991cb-97ce-4dd6-b117-42e7f6b0816f <- TX(17)
2021-08-10 12:16:27,939 [SCMBlockDeletingService#0] DEBUG block.SCMBlockDeletingService (DatanodeDeletedBlockTransactions.java:addTransactionToDN(50)) - Transaction added: ad4991cb-97ce-4dd6-b117-42e7f6b0816f <- TX(18)
2021-08-10 12:16:27,939 [SCMBlockDeletingService#0] DEBUG block.SCMBlockDeletingService (DatanodeDeletedBlockTransactions.java:addTransactionToDN(50)) - Transaction added: ad4991cb-97ce-4dd6-b117-42e7f6b0816f <- TX(19)
2021-08-10 12:16:27,939 [SCMBlockDeletingService#0] DEBUG block.SCMBlockDeletingService (DatanodeDeletedBlockTransactions.java:addTransactionToDN(50)) - Transaction added: ad4991cb-97ce-4dd6-b117-42e7f6b0816f <- TX(20)
2021-08-10 12:16:27,939 [SCMBlockDeletingService#0] DEBUG block.SCMBlockDeletingService (DatanodeDeletedBlockTransactions.java:addTransactionToDN(50)) - Transaction added: ad4991cb-97ce-4dd6-b117-42e7f6b0816f <- TX(21)
2021-08-10 12:16:27,939 [SCMBlockDeletingService#0] DEBUG block.SCMBlockDeletingService (DatanodeDeletedBlockTransactions.java:addTransactionToDN(50)) - Transaction added: ad4991cb-97ce-4dd6-b117-42e7f6b0816f <- TX(22)
2021-08-10 12:16:27,939 [SCMBlockDeletingService#0] DEBUG block.SCMBlockDeletingService (DatanodeDeletedBlockTransactions.java:addTransactionToDN(50)) - Transaction added: ad4991cb-97ce-4dd6-b117-42e7f6b0816f <- TX(23)
2021-08-10 12:16:27,939 [SCMBlockDeletingService#0] DEBUG block.SCMBlockDeletingService (DatanodeDeletedBlockTransactions.java:addTransactionToDN(50)) - Transaction added: ad4991cb-97ce-4dd6-b117-42e7f6b0816f <- TX(24)
2021-08-10 12:16:27,939 [SCMBlockDeletingService#0] DEBUG block.SCMBlockDeletingService (DatanodeDeletedBlockTransactions.java:addTransactionToDN(50)) - Transaction added: ad4991cb-97ce-4dd6-b117-42e7f6b0816f <- TX(25)
2021-08-10 12:16:27,939 [SCMBlockDeletingService#0] DEBUG block.SCMBlockDeletingService (DatanodeDeletedBlockTransactions.java:addTransactionToDN(50)) - Transaction added: ad4991cb-97ce-4dd6-b117-42e7f6b0816f <- TX(26)
2021-08-10 12:16:27,939 [SCMBlockDeletingService#0] DEBUG block.SCMBlockDeletingService (DatanodeDeletedBlockTransactions.java:addTransactionToDN(50)) - Transaction added: ad4991cb-97ce-4dd6-b117-42e7f6b0816f <- TX(27)
2021-08-10 12:16:27,939 [SCMBlockDeletingService#0] DEBUG block.SCMBlockDeletingService (DatanodeDeletedBlockTransactions.java:addTransactionToDN(50)) - Transaction added: ad4991cb-97ce-4dd6-b117-42e7f6b0816f <- TX(28)
2021-08-10 12:16:27,939 [SCMBlockDeletingService#0] DEBUG block.SCMBlockDeletingService (DatanodeDeletedBlockTransactions.java:addTransactionToDN(50)) - Transaction added: ad4991cb-97ce-4dd6-b117-42e7f6b0816f <- TX(29)
2021-08-10 12:16:27,940 [SCMBlockDeletingService#0] DEBUG block.SCMBlockDeletingService (DatanodeDeletedBlockTransactions.java:addTransactionToDN(50)) - Transaction added: ad4991cb-97ce-4dd6-b117-42e7f6b0816f <- TX(30)
2021-08-10 12:16:27,940 [SCMBlockDeletingService#0] DEBUG block.SCMBlockDeletingService (DatanodeDeletedBlockTransactions.java:addTransactionToDN(50)) - Transaction added: ad4991cb-97ce-4dd6-b117-42e7f6b0816f <- TX(31)
2021-08-10 12:16:27,940 [SCMBlockDeletingService#0] DEBUG block.SCMBlockDeletingService (DatanodeDeletedBlockTransactions.java:addTransactionToDN(50)) - Transaction added: ad4991cb-97ce-4dd6-b117-42e7f6b0816f <- TX(32)
2021-08-10 12:16:27,940 [SCMBlockDeletingService#0] DEBUG block.SCMBlockDeletingService (DatanodeDeletedBlockTransactions.java:addTransactionToDN(50)) - Transaction added: ad4991cb-97ce-4dd6-b117-42e7f6b0816f <- TX(33)
2021-08-10 12:16:27,940 [SCMBlockDeletingService#0] DEBUG block.SCMBlockDeletingService (DatanodeDeletedBlockTransactions.java:addTransactionToDN(50)) - Transaction added: ad4991cb-97ce-4dd6-b117-42e7f6b0816f <- TX(34)
2021-08-10 12:16:27,940 [SCMBlockDeletingService#0] DEBUG block.SCMBlockDeletingService (DatanodeDeletedBlockTransactions.java:addTransactionToDN(50)) - Transaction added: ad4991cb-97ce-4dd6-b117-42e7f6b0816f <- TX(35)
2021-08-10 12:16:27,940 [SCMBlockDeletingService#0] DEBUG block.SCMBlockDeletingService (DatanodeDeletedBlockTransactions.java:addTransactionToDN(50)) - Transaction added: ad4991cb-97ce-4dd6-b117-42e7f6b0816f <- TX(36)
2021-08-10 12:16:27,940 [SCMBlockDeletingService#0] DEBUG block.SCMBlockDeletingService (DatanodeDeletedBlockTransactions.java:addTransactionToDN(50)) - Transaction added: ad4991cb-97ce-4dd6-b117-42e7f6b0816f <- TX(37)
2021-08-10 12:16:27,940 [SCMBlockDeletingService#0] DEBUG block.SCMBlockDeletingService (DatanodeDeletedBlockTransactions.java:addTransactionToDN(50)) - Transaction added: ad4991cb-97ce-4dd6-b117-42e7f6b0816f <- TX(38)
2021-08-10 12:16:27,940 [SCMBlockDeletingService#0] DEBUG block.SCMBlockDeletingService (DatanodeDeletedBlockTransactions.java:addTransactionToDN(50)) - Transaction added: ad4991cb-97ce-4dd6-b117-42e7f6b0816f <- TX(39)
2021-08-10 12:16:27,940 [SCMBlockDeletingService#0] DEBUG block.SCMBlockDeletingService (DatanodeDeletedBlockTransactions.java:addTransactionToDN(50)) - Transaction added: ad4991cb-97ce-4dd6-b117-42e7f6b0816f <- TX(40)
2021-08-10 12:16:27,940 [SCMBlockDeletingService#0] DEBUG block.SCMBlockDeletingService (DatanodeDeletedBlockTransactions.java:addTransactionToDN(50)) - Transaction added: ad4991cb-97ce-4dd6-b117-42e7f6b0816f <- TX(41)
2021-08-10 12:16:27,940 [SCMBlockDeletingService#0] DEBUG block.SCMBlockDeletingService (DatanodeDeletedBlockTransactions.java:addTransactionToDN(50)) - Transaction added: ad4991cb-97ce-4dd6-b117-42e7f6b0816f <- TX(42)
2021-08-10 12:16:27,940 [SCMBlockDeletingService#0] DEBUG block.SCMBlockDeletingService (DatanodeDeletedBlockTransactions.java:addTransactionToDN(50)) - Transaction added: ad4991cb-97ce-4dd6-b117-42e7f6b0816f <- TX(43)
2021-08-10 12:16:27,940 [SCMBlockDeletingService#0] DEBUG block.SCMBlockDeletingService (DatanodeDeletedBlockTransactions.java:addTransactionToDN(50)) - Transaction added: ad4991cb-97ce-4dd6-b117-42e7f6b0816f <- TX(44)
2021-08-10 12:16:27,940 [SCMBlockDeletingService#0] DEBUG block.SCMBlockDeletingService (DatanodeDeletedBlockTransactions.java:addTransactionToDN(50)) - Transaction added: ad4991cb-97ce-4dd6-b117-42e7f6b0816f <- TX(45)
2021-08-10 12:16:27,940 [SCMBlockDeletingService#0] DEBUG block.SCMBlockDeletingService (DatanodeDeletedBlockTransactions.java:addTransactionToDN(50)) - Transaction added: ad4991cb-97ce-4dd6-b117-42e7f6b0816f <- TX(46)
2021-08-10 12:16:27,940 [SCMBlockDeletingService#0] DEBUG block.SCMBlockDeletingService (DatanodeDeletedBlockTransactions.java:addTransactionToDN(50)) - Transaction added: ad4991cb-97ce-4dd6-b117-42e7f6b0816f <- TX(47)
2021-08-10 12:16:27,940 [SCMBlockDeletingService#0] DEBUG block.SCMBlockDeletingService (DatanodeDeletedBlockTransactions.java:addTransactionToDN(50)) - Transaction added: ad4991cb-97ce-4dd6-b117-42e7f6b0816f <- TX(48)
2021-08-10 12:16:27,940 [SCMBlockDeletingService#0] DEBUG block.SCMBlockDeletingService (DatanodeDeletedBlockTransactions.java:addTransactionToDN(50)) - Transaction added: ad4991cb-97ce-4dd6-b117-42e7f6b0816f <- TX(49)
2021-08-10 12:16:27,940 [SCMBlockDeletingService#0] DEBUG block.SCMBlockDeletingService (DatanodeDeletedBlockTransactions.java:addTransactionToDN(50)) - Transaction added: ad4991cb-97ce-4dd6-b117-42e7f6b0816f <- TX(50)
2021-08-10 12:16:27,940 [SCMBlockDeletingService#0] DEBUG block.SCMBlockDeletingService (DatanodeDeletedBlockTransactions.java:addTransactionToDN(50)) - Transaction added: ad4991cb-97ce-4dd6-b117-42e7f6b0816f <- TX(51)
2021-08-10 12:16:27,940 [SCMBlockDeletingService#0] DEBUG block.SCMBlockDeletingService (DatanodeDeletedBlockTransactions.java:addTransactionToDN(50)) - Transaction added: ad4991cb-97ce-4dd6-b117-42e7f6b0816f <- TX(52)
2021-08-10 12:16:27,940 [SCMBlockDeletingService#0] DEBUG block.SCMBlockDeletingService (DatanodeDeletedBlockTransactions.java:addTransactionToDN(50)) - Transaction added: ad4991cb-97ce-4dd6-b117-42e7f6b0816f <- TX(53)
2021-08-10 12:16:27,940 [SCMBlockDeletingService#0] DEBUG block.SCMBlockDeletingService (DatanodeDeletedBlockTransactions.java:addTransactionToDN(50)) - Transaction added: ad4991cb-97ce-4dd6-b117-42e7f6b0816f <- TX(54)
2021-08-10 12:16:27,940 [SCMBlockDeletingService#0] DEBUG block.SCMBlockDeletingService (DatanodeDeletedBlockTransactions.java:addTransactionToDN(50)) - Transaction added: ad4991cb-97ce-4dd6-b117-42e7f6b0816f <- TX(55)
2021-08-10 12:16:27,940 [SCMBlockDeletingService#0] DEBUG block.SCMBlockDeletingService (DatanodeDeletedBlockTransactions.java:addTransactionToDN(50)) - Transaction added: ad4991cb-97ce-4dd6-b117-42e7f6b0816f <- TX(56)
2021-08-10 12:16:27,940 [SCMBlockDeletingService#0] DEBUG block.SCMBlockDeletingService (SCMBlockDeletingService.java:call(164)) - Added delete block command for datanode ad4991cb-97ce-4dd6-b117-42e7f6b0816f in the queue, number of delete block transactions: 47
2021-08-10 12:16:27,940 [SCMBlockDeletingService#0] INFO  block.SCMBlockDeletingService (SCMBlockDeletingService.java:call(174)) - Totally added 47 blocks to be deleted for 1 datanodes, task elapsed time: 1ms
2021-08-10 12:16:28,039 [SCMBlockDeletingService#0] DEBUG block.SCMBlockDeletingService (SCMBlockDeletingService.java:call(133)) - Running DeletedBlockTransactionScanner
2021-08-10 12:16:28,039 [SCMBlockDeletingService#0] DEBUG block.SCMBlockDeletingService (DatanodeDeletedBlockTransactions.java:addTransactionToDN(50)) - Transaction added: ad4991cb-97ce-4dd6-b117-42e7f6b0816f <- TX(10)
2021-08-10 12:16:28,039 [SCMBlockDeletingService#0] DEBUG block.SCMBlockDeletingService (DatanodeDeletedBlockTransactions.java:addTransactionToDN(50)) - Transaction added: ad4991cb-97ce-4dd6-b117-42e7f6b0816f <- TX(11)
2021-08-10 12:16:28,039 [SCMBlockDeletingService#0] DEBUG block.SCMBlockDeletingService (DatanodeDeletedBlockTransactions.java:addTransactionToDN(50)) - Transaction added: ad4991cb-97ce-4dd6-b117-42e7f6b0816f <- TX(12)
2021-08-10 12:16:28,039 [SCMBlockDeletingService#0] DEBUG block.SCMBlockDeletingService (DatanodeDeletedBlockTransactions.java:addTransactionToDN(50)) - Transaction added: ad4991cb-97ce-4dd6-b117-42e7f6b0816f <- TX(13)
2021-08-10 12:16:28,039 [SCMBlockDeletingService#0] DEBUG block.SCMBlockDeletingService (DatanodeDeletedBlockTransactions.java:addTransactionToDN(50)) - Transaction added: ad4991cb-97ce-4dd6-b117-42e7f6b0816f <- TX(14)
2021-08-10 12:16:28,039 [SCMBlockDeletingService#0] DEBUG block.SCMBlockDeletingService (DatanodeDeletedBlockTransactions.java:addTransactionToDN(50)) - Transaction added: ad4991cb-97ce-4dd6-b117-42e7f6b0816f <- TX(15)
2021-08-10 12:16:28,039 [SCMBlockDeletingService#0] DEBUG block.SCMBlockDeletingService (DatanodeDeletedBlockTransactions.java:addTransactionToDN(50)) - Transaction added: ad4991cb-97ce-4dd6-b117-42e7f6b0816f <- TX(16)
2021-08-10 12:16:28,039 [SCMBlockDeletingService#0] DEBUG block.SCMBlockDeletingService (DatanodeDeletedBlockTransactions.java:addTransactionToDN(50)) - Transaction added: ad4991cb-97ce-4dd6-b117-42e7f6b0816f <- TX(17)
2021-08-10 12:16:28,039 [SCMBlockDeletingService#0] DEBUG block.SCMBlockDeletingService (DatanodeDeletedBlockTransactions.java:addTransactionToDN(50)) - Transaction added: ad4991cb-97ce-4dd6-b117-42e7f6b0816f <- TX(18)
2021-08-10 12:16:28,039 [SCMBlockDeletingService#0] DEBUG block.SCMBlockDeletingService (DatanodeDeletedBlockTransactions.java:addTransactionToDN(50)) - Transaction added: ad4991cb-97ce-4dd6-b117-42e7f6b0816f <- TX(19)
2021-08-10 12:16:28,039 [SCMBlockDeletingService#0] DEBUG block.SCMBlockDeletingService (DatanodeDeletedBlockTransactions.java:addTransactionToDN(50)) - Transaction added: ad4991cb-97ce-4dd6-b117-42e7f6b0816f <- TX(20)
2021-08-10 12:16:28,039 [SCMBlockDeletingService#0] DEBUG block.SCMBlockDeletingService (DatanodeDeletedBlockTransactions.java:addTransactionToDN(50)) - Transaction added: ad4991cb-97ce-4dd6-b117-42e7f6b0816f <- TX(21)
2021-08-10 12:16:28,039 [SCMBlockDeletingService#0] DEBUG block.SCMBlockDeletingService (DatanodeDeletedBlockTransactions.java:addTransactionToDN(50)) - Transaction added: ad4991cb-97ce-4dd6-b117-42e7f6b0816f <- TX(22)
2021-08-10 12:16:28,039 [SCMBlockDeletingService#0] DEBUG block.SCMBlockDeletingService (DatanodeDeletedBlockTransactions.java:addTransactionToDN(50)) - Transaction added: ad4991cb-97ce-4dd6-b117-42e7f6b0816f <- TX(23)
2021-08-10 12:16:28,039 [SCMBlockDeletingService#0] DEBUG block.SCMBlockDeletingService (DatanodeDeletedBlockTransactions.java:addTransactionToDN(50)) - Transaction added: ad4991cb-97ce-4dd6-b117-42e7f6b0816f <- TX(24)
2021-08-10 12:16:28,039 [SCMBlockDeletingService#0] DEBUG block.SCMBlockDeletingService (DatanodeDeletedBlockTransactions.java:addTransactionToDN(50)) - Transaction added: ad4991cb-97ce-4dd6-b117-42e7f6b0816f <- TX(25)
2021-08-10 12:16:28,039 [SCMBlockDeletingService#0] DEBUG block.SCMBlockDeletingService (DatanodeDeletedBlockTransactions.java:addTransactionToDN(50)) - Transaction added: ad4991cb-97ce-4dd6-b117-42e7f6b0816f <- TX(26)
2021-08-10 12:16:28,040 [SCMBlockDeletingService#0] DEBUG block.SCMBlockDeletingService (DatanodeDeletedBlockTransactions.java:addTransactionToDN(50)) - Transaction added: ad4991cb-97ce-4dd6-b117-42e7f6b0816f <- TX(27)
2021-08-10 12:16:28,040 [SCMBlockDeletingService#0] DEBUG block.SCMBlockDeletingService (DatanodeDeletedBlockTransactions.java:addTransactionToDN(50)) - Transaction added: ad4991cb-97ce-4dd6-b117-42e7f6b0816f <- TX(28)
2021-08-10 12:16:28,040 [SCMBlockDeletingService#0] DEBUG block.SCMBlockDeletingService (DatanodeDeletedBlockTransactions.java:addTransactionToDN(50)) - Transaction added: ad4991cb-97ce-4dd6-b117-42e7f6b0816f <- TX(29)
2021-08-10 12:16:28,040 [SCMBlockDeletingService#0] DEBUG block.SCMBlockDeletingService (DatanodeDeletedBlockTransactions.java:addTransactionToDN(50)) - Transaction added: ad4991cb-97ce-4dd6-b117-42e7f6b0816f <- TX(30)
2021-08-10 12:16:28,040 [SCMBlockDeletingService#0] DEBUG block.SCMBlockDeletingService (DatanodeDeletedBlockTransactions.java:addTransactionToDN(50)) - Transaction added: ad4991cb-97ce-4dd6-b117-42e7f6b0816f <- TX(31)
2021-08-10 12:16:28,040 [SCMBlockDeletingService#0] DEBUG block.SCMBlockDeletingService (DatanodeDeletedBlockTransactions.java:addTransactionToDN(50)) - Transaction added: ad4991cb-97ce-4dd6-b117-42e7f6b0816f <- TX(32)
2021-08-10 12:16:28,040 [SCMBlockDeletingService#0] DEBUG block.SCMBlockDeletingService (DatanodeDeletedBlockTransactions.java:addTransactionToDN(50)) - Transaction added: ad4991cb-97ce-4dd6-b117-42e7f6b0816f <- TX(33)
2021-08-10 12:16:28,040 [SCMBlockDeletingService#0] DEBUG block.SCMBlockDeletingService (DatanodeDeletedBlockTransactions.java:addTransactionToDN(50)) - Transaction added: ad4991cb-97ce-4dd6-b117-42e7f6b0816f <- TX(34)
2021-08-10 12:16:28,040 [SCMBlockDeletingService#0] DEBUG block.SCMBlockDeletingService (DatanodeDeletedBlockTransactions.java:addTransactionToDN(50)) - Transaction added: ad4991cb-97ce-4dd6-b117-42e7f6b0816f <- TX(35)
2021-08-10 12:16:28,040 [SCMBlockDeletingService#0] DEBUG block.SCMBlockDeletingService (DatanodeDeletedBlockTransactions.java:addTransactionToDN(50)) - Transaction added: ad4991cb-97ce-4dd6-b117-42e7f6b0816f <- TX(36)
2021-08-10 12:16:28,040 [SCMBlockDeletingService#0] DEBUG block.SCMBlockDeletingService (DatanodeDeletedBlockTransactions.java:addTransactionToDN(50)) - Transaction added: ad4991cb-97ce-4dd6-b117-42e7f6b0816f <- TX(37)
2021-08-10 12:16:28,040 [SCMBlockDeletingService#0] DEBUG block.SCMBlockDeletingService (DatanodeDeletedBlockTransactions.java:addTransactionToDN(50)) - Transaction added: ad4991cb-97ce-4dd6-b117-42e7f6b0816f <- TX(38)
2021-08-10 12:16:28,040 [SCMBlockDeletingService#0] DEBUG block.SCMBlockDeletingService (DatanodeDeletedBlockTransactions.java:addTransactionToDN(50)) - Transaction added: ad4991cb-97ce-4dd6-b117-42e7f6b0816f <- TX(39)
2021-08-10 12:16:28,040 [SCMBlockDeletingService#0] DEBUG block.SCMBlockDeletingService (DatanodeDeletedBlockTransactions.java:addTransactionToDN(50)) - Transaction added: ad4991cb-97ce-4dd6-b117-42e7f6b0816f <- TX(40)
2021-08-10 12:16:28,040 [SCMBlockDeletingService#0] DEBUG block.SCMBlockDeletingService (DatanodeDeletedBlockTransactions.java:addTransactionToDN(50)) - Transaction added: ad4991cb-97ce-4dd6-b117-42e7f6b0816f <- TX(41)
2021-08-10 12:16:28,040 [SCMBlockDeletingService#0] DEBUG block.SCMBlockDeletingService (DatanodeDeletedBlockTransactions.java:addTransactionToDN(50)) - Transaction added: ad4991cb-97ce-4dd6-b117-42e7f6b0816f <- TX(42)
2021-08-10 12:16:28,040 [SCMBlockDeletingService#0] DEBUG block.SCMBlockDeletingService (DatanodeDeletedBlockTransactions.java:addTransactionToDN(50)) - Transaction added: ad4991cb-97ce-4dd6-b117-42e7f6b0816f <- TX(43)
2021-08-10 12:16:28,040 [SCMBlockDeletingService#0] DEBUG block.SCMBlockDeletingService (DatanodeDeletedBlockTransactions.java:addTransactionToDN(50)) - Transaction added: ad4991cb-97ce-4dd6-b117-42e7f6b0816f <- TX(44)
2021-08-10 12:16:28,040 [SCMBlockDeletingService#0] DEBUG block.SCMBlockDeletingService (DatanodeDeletedBlockTransactions.java:addTransactionToDN(50)) - Transaction added: ad4991cb-97ce-4dd6-b117-42e7f6b0816f <- TX(45)
2021-08-10 12:16:28,040 [SCMBlockDeletingService#0] DEBUG block.SCMBlockDeletingService (DatanodeDeletedBlockTransactions.java:addTransactionToDN(50)) - Transaction added: ad4991cb-97ce-4dd6-b117-42e7f6b0816f <- TX(46)
2021-08-10 12:16:28,040 [SCMBlockDeletingService#0] DEBUG block.SCMBlockDeletingService (DatanodeDeletedBlockTransactions.java:addTransactionToDN(50)) - Transaction added: ad4991cb-97ce-4dd6-b117-42e7f6b0816f <- TX(47)
2021-08-10 12:16:28,040 [SCMBlockDeletingService#0] DEBUG block.SCMBlockDeletingService (DatanodeDeletedBlockTransactions.java:addTransactionToDN(50)) - Transaction added: ad4991cb-97ce-4dd6-b117-42e7f6b0816f <- TX(48)
2021-08-10 12:16:28,040 [SCMBlockDeletingService#0] DEBUG block.SCMBlockDeletingService (DatanodeDeletedBlockTransactions.java:addTransactionToDN(50)) - Transaction added: ad4991cb-97ce-4dd6-b117-42e7f6b0816f <- TX(49)
2021-08-10 12:16:28,040 [SCMBlockDeletingService#0] DEBUG block.SCMBlockDeletingService (DatanodeDeletedBlockTransactions.java:addTransactionToDN(50)) - Transaction added: ad4991cb-97ce-4dd6-b117-42e7f6b0816f <- TX(50)
2021-08-10 12:16:28,040 [SCMBlockDeletingService#0] DEBUG block.SCMBlockDeletingService (DatanodeDeletedBlockTransactions.java:addTransactionToDN(50)) - Transaction added: ad4991cb-97ce-4dd6-b117-42e7f6b0816f <- TX(51)
2021-08-10 12:16:28,040 [SCMBlockDeletingService#0] DEBUG block.SCMBlockDeletingService (DatanodeDeletedBlockTransactions.java:addTransactionToDN(50)) - Transaction added: ad4991cb-97ce-4dd6-b117-42e7f6b0816f <- TX(52)
2021-08-10 12:16:28,040 [SCMBlockDeletingService#0] DEBUG block.SCMBlockDeletingService (DatanodeDeletedBlockTransactions.java:addTransactionToDN(50)) - Transaction added: ad4991cb-97ce-4dd6-b117-42e7f6b0816f <- TX(53)
2021-08-10 12:16:28,040 [SCMBlockDeletingService#0] DEBUG block.SCMBlockDeletingService (DatanodeDeletedBlockTransactions.java:addTransactionToDN(50)) - Transaction added: ad4991cb-97ce-4dd6-b117-42e7f6b0816f <- TX(54)
2021-08-10 12:16:28,040 [SCMBlockDeletingService#0] DEBUG block.SCMBlockDeletingService (DatanodeDeletedBlockTransactions.java:addTransactionToDN(50)) - Transaction added: ad4991cb-97ce-4dd6-b117-42e7f6b0816f <- TX(55)
2021-08-10 12:16:28,040 [SCMBlockDeletingService#0] DEBUG block.SCMBlockDeletingService (DatanodeDeletedBlockTransactions.java:addTransactionToDN(50)) - Transaction added: ad4991cb-97ce-4dd6-b117-42e7f6b0816f <- TX(56)
2021-08-10 12:16:28,040 [SCMBlockDeletingService#0] DEBUG block.SCMBlockDeletingService (SCMBlockDeletingService.java:call(164)) - Added delete block command for datanode ad4991cb-97ce-4dd6-b117-42e7f6b0816f in the queue, number of delete block transactions: 47
2021-08-10 12:16:28,041 [SCMBlockDeletingService#0] INFO  block.SCMBlockDeletingService (SCMBlockDeletingService.java:call(174)) - Totally added 47 blocks to be deleted for 1 datanodes, task elapsed time: 2ms
2021-08-10 12:16:28,139 [SCMBlockDeletingService#0] DEBUG block.SCMBlockDeletingService (SCMBlockDeletingService.java:call(133)) - Running DeletedBlockTransactionScanner
2021-08-10 12:16:28,139 [SCMBlockDeletingService#0] DEBUG block.SCMBlockDeletingService (DatanodeDeletedBlockTransactions.java:addTransactionToDN(50)) - Transaction added: ad4991cb-97ce-4dd6-b117-42e7f6b0816f <- TX(10)
2021-08-10 12:16:28,139 [SCMBlockDeletingService#0] DEBUG block.SCMBlockDeletingService (DatanodeDeletedBlockTransactions.java:addTransactionToDN(50)) - Transaction added: ad4991cb-97ce-4dd6-b117-42e7f6b0816f <- TX(11)
2021-08-10 12:16:28,139 [SCMBlockDeletingService#0] DEBUG block.SCMBlockDeletingService (DatanodeDeletedBlockTransactions.java:addTransactionToDN(50)) - Transaction added: ad4991cb-97ce-4dd6-b117-42e7f6b0816f <- TX(12)
2021-08-10 12:16:28,139 [SCMBlockDeletingService#0] DEBUG block.SCMBlockDeletingService (DatanodeDeletedBlockTransactions.java:addTransactionToDN(50)) - Transaction added: ad4991cb-97ce-4dd6-b117-42e7f6b0816f <- TX(13)
2021-08-10 12:16:28,139 [SCMBlockDeletingService#0] DEBUG block.SCMBlockDeletingService (DatanodeDeletedBlockTransactions.java:addTransactionToDN(50)) - Transaction added: ad4991cb-97ce-4dd6-b117-42e7f6b0816f <- TX(14)
2021-08-10 12:16:28,139 [SCMBlockDeletingService#0] DEBUG block.SCMBlockDeletingService (DatanodeDeletedBlockTransactions.java:addTransactionToDN(50)) - Transaction added: ad4991cb-97ce-4dd6-b117-42e7f6b0816f <- TX(15)
2021-08-10 12:16:28,139 [SCMBlockDeletingService#0] DEBUG block.SCMBlockDeletingService (DatanodeDeletedBlockTransactions.java:addTransactionToDN(50)) - Transaction added: ad4991cb-97ce-4dd6-b117-42e7f6b0816f <- TX(16)
2021-08-10 12:16:28,140 [SCMBlockDeletingService#0] DEBUG block.SCMBlockDeletingService (DatanodeDeletedBlockTransactions.java:addTransactionToDN(50)) - Transaction added: ad4991cb-97ce-4dd6-b117-42e7f6b0816f <- TX(17)
2021-08-10 12:16:28,140 [SCMBlockDeletingService#0] DEBUG block.SCMBlockDeletingService (DatanodeDeletedBlockTransactions.java:addTransactionToDN(50)) - Transaction added: ad4991cb-97ce-4dd6-b117-42e7f6b0816f <- TX(18)
2021-08-10 12:16:28,140 [SCMBlockDeletingService#0] DEBUG block.SCMBlockDeletingService (DatanodeDeletedBlockTransactions.java:addTransactionToDN(50)) - Transaction added: ad4991cb-97ce-4dd6-b117-42e7f6b0816f <- TX(19)
2021-08-10 12:16:28,140 [SCMBlockDeletingService#0] DEBUG block.SCMBlockDeletingService (DatanodeDeletedBlockTransactions.java:addTransactionToDN(50)) - Transaction added: ad4991cb-97ce-4dd6-b117-42e7f6b0816f <- TX(20)
2021-08-10 12:16:28,140 [SCMBlockDeletingService#0] DEBUG block.SCMBlockDeletingService (DatanodeDeletedBlockTransactions.java:addTransactionToDN(50)) - Transaction added: ad4991cb-97ce-4dd6-b117-42e7f6b0816f <- TX(21)
2021-08-10 12:16:28,140 [SCMBlockDeletingService#0] DEBUG block.SCMBlockDeletingService (DatanodeDeletedBlockTransactions.java:addTransactionToDN(50)) - Transaction added: ad4991cb-97ce-4dd6-b117-42e7f6b0816f <- TX(22)
2021-08-10 12:16:28,140 [SCMBlockDeletingService#0] DEBUG block.SCMBlockDeletingService (DatanodeDeletedBlockTransactions.java:addTransactionToDN(50)) - Transaction added: ad4991cb-97ce-4dd6-b117-42e7f6b0816f <- TX(23)
2021-08-10 12:16:28,140 [SCMBlockDeletingService#0] DEBUG block.SCMBlockDeletingService (DatanodeDeletedBlockTransactions.java:addTransactionToDN(50)) - Transaction added: ad4991cb-97ce-4dd6-b117-42e7f6b0816f <- TX(24)
2021-08-10 12:16:28,140 [SCMBlockDeletingService#0] DEBUG block.SCMBlockDeletingService (DatanodeDeletedBlockTransactions.java:addTransactionToDN(50)) - Transaction added: ad4991cb-97ce-4dd6-b117-42e7f6b0816f <- TX(25)
2021-08-10 12:16:28,140 [SCMBlockDeletingService#0] DEBUG block.SCMBlockDeletingService (DatanodeDeletedBlockTransactions.java:addTransactionToDN(50)) - Transaction added: ad4991cb-97ce-4dd6-b117-42e7f6b0816f <- TX(26)
2021-08-10 12:16:28,140 [SCMBlockDeletingService#0] DEBUG block.SCMBlockDeletingService (DatanodeDeletedBlockTransactions.java:addTransactionToDN(50)) - Transaction added: ad4991cb-97ce-4dd6-b117-42e7f6b0816f <- TX(27)
2021-08-10 12:16:28,140 [SCMBlockDeletingService#0] DEBUG block.SCMBlockDeletingService (DatanodeDeletedBlockTransactions.java:addTransactionToDN(50)) - Transaction added: ad4991cb-97ce-4dd6-b117-42e7f6b0816f <- TX(28)
2021-08-10 12:16:28,140 [SCMBlockDeletingService#0] DEBUG block.SCMBlockDeletingService (DatanodeDeletedBlockTransactions.java:addTransactionToDN(50)) - Transaction added: ad4991cb-97ce-4dd6-b117-42e7f6b0816f <- TX(29)
2021-08-10 12:16:28,140 [SCMBlockDeletingService#0] DEBUG block.SCMBlockDeletingService (DatanodeDeletedBlockTransactions.java:addTransactionToDN(50)) - Transaction added: ad4991cb-97ce-4dd6-b117-42e7f6b0816f <- TX(30)
2021-08-10 12:16:28,140 [SCMBlockDeletingService#0] DEBUG block.SCMBlockDeletingService (DatanodeDeletedBlockTransactions.java:addTransactionToDN(50)) - Transaction added: ad4991cb-97ce-4dd6-b117-42e7f6b0816f <- TX(31)
2021-08-10 12:16:28,140 [SCMBlockDeletingService#0] DEBUG block.SCMBlockDeletingService (DatanodeDeletedBlockTransactions.java:addTransactionToDN(50)) - Transaction added: ad4991cb-97ce-4dd6-b117-42e7f6b0816f <- TX(32)
2021-08-10 12:16:28,140 [SCMBlockDeletingService#0] DEBUG block.SCMBlockDeletingService (DatanodeDeletedBlockTransactions.java:addTransactionToDN(50)) - Transaction added: ad4991cb-97ce-4dd6-b117-42e7f6b0816f <- TX(33)
2021-08-10 12:16:28,140 [SCMBlockDeletingService#0] DEBUG block.SCMBlockDeletingService (DatanodeDeletedBlockTransactions.java:addTransactionToDN(50)) - Transaction added: ad4991cb-97ce-4dd6-b117-42e7f6b0816f <- TX(34)
2021-08-10 12:16:28,140 [SCMBlockDeletingService#0] DEBUG block.SCMBlockDeletingService (DatanodeDeletedBlockTransactions.java:addTransactionToDN(50)) - Transaction added: ad4991cb-97ce-4dd6-b117-42e7f6b0816f <- TX(35)
2021-08-10 12:16:28,140 [SCMBlockDeletingService#0] DEBUG block.SCMBlockDeletingService (DatanodeDeletedBlockTransactions.java:addTransactionToDN(50)) - Transaction added: ad4991cb-97ce-4dd6-b117-42e7f6b0816f <- TX(36)
2021-08-10 12:16:28,140 [SCMBlockDeletingService#0] DEBUG block.SCMBlockDeletingService (DatanodeDeletedBlockTransactions.java:addTransactionToDN(50)) - Transaction added: ad4991cb-97ce-4dd6-b117-42e7f6b0816f <- TX(37)
2021-08-10 12:16:28,140 [SCMBlockDeletingService#0] DEBUG block.SCMBlockDeletingService (DatanodeDeletedBlockTransactions.java:addTransactionToDN(50)) - Transaction added: ad4991cb-97ce-4dd6-b117-42e7f6b0816f <- TX(38)
2021-08-10 12:16:28,140 [SCMBlockDeletingService#0] DEBUG block.SCMBlockDeletingService (DatanodeDeletedBlockTransactions.java:addTransactionToDN(50)) - Transaction added: ad4991cb-97ce-4dd6-b117-42e7f6b0816f <- TX(39)
2021-08-10 12:16:28,140 [SCMBlockDeletingService#0] DEBUG block.SCMBlockDeletingService (DatanodeDeletedBlockTransactions.java:addTransactionToDN(50)) - Transaction added: ad4991cb-97ce-4dd6-b117-42e7f6b0816f <- TX(40)
2021-08-10 12:16:28,140 [SCMBlockDeletingService#0] DEBUG block.SCMBlockDeletingService (DatanodeDeletedBlockTransactions.java:addTransactionToDN(50)) - Transaction added: ad4991cb-97ce-4dd6-b117-42e7f6b0816f <- TX(41)
2021-08-10 12:16:28,140 [SCMBlockDeletingService#0] DEBUG block.SCMBlockDeletingService (DatanodeDeletedBlockTransactions.java:addTransactionToDN(50)) - Transaction added: ad4991cb-97ce-4dd6-b117-42e7f6b0816f <- TX(42)
2021-08-10 12:16:28,140 [SCMBlockDeletingService#0] DEBUG block.SCMBlockDeletingService (DatanodeDeletedBlockTransactions.java:addTransactionToDN(50)) - Transaction added: ad4991cb-97ce-4dd6-b117-42e7f6b0816f <- TX(43)
2021-08-10 12:16:28,140 [SCMBlockDeletingService#0] DEBUG block.SCMBlockDeletingService (DatanodeDeletedBlockTransactions.java:addTransactionToDN(50)) - Transaction added: ad4991cb-97ce-4dd6-b117-42e7f6b0816f <- TX(44)
2021-08-10 12:16:28,140 [SCMBlockDeletingService#0] DEBUG block.SCMBlockDeletingService (DatanodeDeletedBlockTransactions.java:addTransactionToDN(50)) - Transaction added: ad4991cb-97ce-4dd6-b117-42e7f6b0816f <- TX(45)
2021-08-10 12:16:28,140 [SCMBlockDeletingService#0] DEBUG block.SCMBlockDeletingService (DatanodeDeletedBlockTransactions.java:addTransactionToDN(50)) - Transaction added: ad4991cb-97ce-4dd6-b117-42e7f6b0816f <- TX(46)
2021-08-10 12:16:28,140 [SCMBlockDeletingService#0] DEBUG block.SCMBlockDeletingService (DatanodeDeletedBlockTransactions.java:addTransactionToDN(50)) - Transaction added: ad4991cb-97ce-4dd6-b117-42e7f6b0816f <- TX(47)
2021-08-10 12:16:28,140 [SCMBlockDeletingService#0] DEBUG block.SCMBlockDeletingService (DatanodeDeletedBlockTransactions.java:addTransactionToDN(50)) - Transaction added: ad4991cb-97ce-4dd6-b117-42e7f6b0816f <- TX(48)
2021-08-10 12:16:28,140 [SCMBlockDeletingService#0] DEBUG block.SCMBlockDeletingService (DatanodeDeletedBlockTransactions.java:addTransactionToDN(50)) - Transaction added: ad4991cb-97ce-4dd6-b117-42e7f6b0816f <- TX(49)
2021-08-10 12:16:28,140 [SCMBlockDeletingService#0] DEBUG block.SCMBlockDeletingService (DatanodeDeletedBlockTransactions.java:addTransactionToDN(50)) - Transaction added: ad4991cb-97ce-4dd6-b117-42e7f6b0816f <- TX(50)
2021-08-10 12:16:28,140 [SCMBlockDeletingService#0] DEBUG block.SCMBlockDeletingService (DatanodeDeletedBlockTransactions.java:addTransactionToDN(50)) - Transaction added: ad4991cb-97ce-4dd6-b117-42e7f6b0816f <- TX(51)
2021-08-10 12:16:28,140 [SCMBlockDeletingService#0] DEBUG block.SCMBlockDeletingService (DatanodeDeletedBlockTransactions.java:addTransactionToDN(50)) - Transaction added: ad4991cb-97ce-4dd6-b117-42e7f6b0816f <- TX(52)
2021-08-10 12:16:28,140 [SCMBlockDeletingService#0] DEBUG block.SCMBlockDeletingService (DatanodeDeletedBlockTransactions.java:addTransactionToDN(50)) - Transaction added: ad4991cb-97ce-4dd6-b117-42e7f6b0816f <- TX(53)
2021-08-10 12:16:28,141 [SCMBlockDeletingService#0] DEBUG block.SCMBlockDeletingService (DatanodeDeletedBlockTransactions.java:addTransactionToDN(50)) - Transaction added: ad4991cb-97ce-4dd6-b117-42e7f6b0816f <- TX(54)
2021-08-10 12:16:28,141 [SCMBlockDeletingService#0] DEBUG block.SCMBlockDeletingService (DatanodeDeletedBlockTransactions.java:addTransactionToDN(50)) - Transaction added: ad4991cb-97ce-4dd6-b117-42e7f6b0816f <- TX(55)
2021-08-10 12:16:28,141 [SCMBlockDeletingService#0] DEBUG block.SCMBlockDeletingService (DatanodeDeletedBlockTransactions.java:addTransactionToDN(50)) - Transaction added: ad4991cb-97ce-4dd6-b117-42e7f6b0816f <- TX(56)
2021-08-10 12:16:28,141 [SCMBlockDeletingService#0] DEBUG block.SCMBlockDeletingService (SCMBlockDeletingService.java:call(164)) - Added delete block command for datanode ad4991cb-97ce-4dd6-b117-42e7f6b0816f in the queue, number of delete block transactions: 47
2021-08-10 12:16:28,141 [SCMBlockDeletingService#0] INFO  block.SCMBlockDeletingService (SCMBlockDeletingService.java:call(174)) - Totally added 47 blocks to be deleted for 1 datanodes, task elapsed time: 2ms
2021-08-10 12:16:28,239 [SCMBlockDeletingService#0] DEBUG block.SCMBlockDeletingService (SCMBlockDeletingService.java:call(133)) - Running DeletedBlockTransactionScanner
2021-08-10 12:16:28,239 [SCMBlockDeletingService#0] DEBUG block.SCMBlockDeletingService (DatanodeDeletedBlockTransactions.java:addTransactionToDN(50)) - Transaction added: ad4991cb-97ce-4dd6-b117-42e7f6b0816f <- TX(10)
2021-08-10 12:16:28,239 [SCMBlockDeletingService#0] DEBUG block.SCMBlockDeletingService (DatanodeDeletedBlockTransactions.java:addTransactionToDN(50)) - Transaction added: ad4991cb-97ce-4dd6-b117-42e7f6b0816f <- TX(11)
2021-08-10 12:16:28,239 [SCMBlockDeletingService#0] DEBUG block.SCMBlockDeletingService (DatanodeDeletedBlockTransactions.java:addTransactionToDN(50)) - Transaction added: ad4991cb-97ce-4dd6-b117-42e7f6b0816f <- TX(12)
2021-08-10 12:16:28,240 [SCMBlockDeletingService#0] DEBUG block.SCMBlockDeletingService (DatanodeDeletedBlockTransactions.java:addTransactionToDN(50)) - Transaction added: ad4991cb-97ce-4dd6-b117-42e7f6b0816f <- TX(13)
2021-08-10 12:16:28,240 [SCMBlockDeletingService#0] DEBUG block.SCMBlockDeletingService (DatanodeDeletedBlockTransactions.java:addTransactionToDN(50)) - Transaction added: ad4991cb-97ce-4dd6-b117-42e7f6b0816f <- TX(14)
2021-08-10 12:16:28,240 [SCMBlockDeletingService#0] DEBUG block.SCMBlockDeletingService (DatanodeDeletedBlockTransactions.java:addTransactionToDN(50)) - Transaction added: ad4991cb-97ce-4dd6-b117-42e7f6b0816f <- TX(15)
2021-08-10 12:16:28,240 [SCMBlockDeletingService#0] DEBUG block.SCMBlockDeletingService (DatanodeDeletedBlockTransactions.java:addTransactionToDN(50)) - Transaction added: ad4991cb-97ce-4dd6-b117-42e7f6b0816f <- TX(16)
2021-08-10 12:16:28,240 [SCMBlockDeletingService#0] DEBUG block.SCMBlockDeletingService (DatanodeDeletedBlockTransactions.java:addTransactionToDN(50)) - Transaction added: ad4991cb-97ce-4dd6-b117-42e7f6b0816f <- TX(17)
2021-08-10 12:16:28,240 [SCMBlockDeletingService#0] DEBUG block.SCMBlockDeletingService (DatanodeDeletedBlockTransactions.java:addTransactionToDN(50)) - Transaction added: ad4991cb-97ce-4dd6-b117-42e7f6b0816f <- TX(18)
2021-08-10 12:16:28,240 [SCMBlockDeletingService#0] DEBUG block.SCMBlockDeletingService (DatanodeDeletedBlockTransactions.java:addTransactionToDN(50)) - Transaction added: ad4991cb-97ce-4dd6-b117-42e7f6b0816f <- TX(19)
2021-08-10 12:16:28,240 [SCMBlockDeletingService#0] DEBUG block.SCMBlockDeletingService (DatanodeDeletedBlockTransactions.java:addTransactionToDN(50)) - Transaction added: ad4991cb-97ce-4dd6-b117-42e7f6b0816f <- TX(20)
2021-08-10 12:16:28,240 [SCMBlockDeletingService#0] DEBUG block.SCMBlockDeletingService (DatanodeDeletedBlockTransactions.java:addTransactionToDN(50)) - Transaction added: ad4991cb-97ce-4dd6-b117-42e7f6b0816f <- TX(21)
2021-08-10 12:16:28,240 [SCMBlockDeletingService#0] DEBUG block.SCMBlockDeletingService (DatanodeDeletedBlockTransactions.java:addTransactionToDN(50)) - Transaction added: ad4991cb-97ce-4dd6-b117-42e7f6b0816f <- TX(22)
2021-08-10 12:16:28,240 [SCMBlockDeletingService#0] DEBUG block.SCMBlockDeletingService (DatanodeDeletedBlockTransactions.java:addTransactionToDN(50)) - Transaction added: ad4991cb-97ce-4dd6-b117-42e7f6b0816f <- TX(23)
2021-08-10 12:16:28,240 [SCMBlockDeletingService#0] DEBUG block.SCMBlockDeletingService (DatanodeDeletedBlockTransactions.java:addTransactionToDN(50)) - Transaction added: ad4991cb-97ce-4dd6-b117-42e7f6b0816f <- TX(24)
2021-08-10 12:16:28,240 [SCMBlockDeletingService#0] DEBUG block.SCMBlockDeletingService (DatanodeDeletedBlockTransactions.java:addTransactionToDN(50)) - Transaction added: ad4991cb-97ce-4dd6-b117-42e7f6b0816f <- TX(25)
2021-08-10 12:16:28,240 [SCMBlockDeletingService#0] DEBUG block.SCMBlockDeletingService (DatanodeDeletedBlockTransactions.java:addTransactionToDN(50)) - Transaction added: ad4991cb-97ce-4dd6-b117-42e7f6b0816f <- TX(26)
2021-08-10 12:16:28,240 [SCMBlockDeletingService#0] DEBUG block.SCMBlockDeletingService (DatanodeDeletedBlockTransactions.java:addTransactionToDN(50)) - Transaction added: ad4991cb-97ce-4dd6-b117-42e7f6b0816f <- TX(27)
2021-08-10 12:16:28,240 [SCMBlockDeletingService#0] DEBUG block.SCMBlockDeletingService (DatanodeDeletedBlockTransactions.java:addTransactionToDN(50)) - Transaction added: ad4991cb-97ce-4dd6-b117-42e7f6b0816f <- TX(28)
2021-08-10 12:16:28,240 [SCMBlockDeletingService#0] DEBUG block.SCMBlockDeletingService (DatanodeDeletedBlockTransactions.java:addTransactionToDN(50)) - Transaction added: ad4991cb-97ce-4dd6-b117-42e7f6b0816f <- TX(29)
2021-08-10 12:16:28,240 [SCMBlockDeletingService#0] DEBUG block.SCMBlockDeletingService (DatanodeDeletedBlockTransactions.java:addTransactionToDN(50)) - Transaction added: ad4991cb-97ce-4dd6-b117-42e7f6b0816f <- TX(30)
2021-08-10 12:16:28,240 [SCMBlockDeletingService#0] DEBUG block.SCMBlockDeletingService (DatanodeDeletedBlockTransactions.java:addTransactionToDN(50)) - Transaction added: ad4991cb-97ce-4dd6-b117-42e7f6b0816f <- TX(31)
2021-08-10 12:16:28,240 [SCMBlockDeletingService#0] DEBUG block.SCMBlockDeletingService (DatanodeDeletedBlockTransactions.java:addTransactionToDN(50)) - Transaction added: ad4991cb-97ce-4dd6-b117-42e7f6b0816f <- TX(32)
2021-08-10 12:16:28,240 [SCMBlockDeletingService#0] DEBUG block.SCMBlockDeletingService (DatanodeDeletedBlockTransactions.java:addTransactionToDN(50)) - Transaction added: ad4991cb-97ce-4dd6-b117-42e7f6b0816f <- TX(33)
2021-08-10 12:16:28,240 [SCMBlockDeletingService#0] DEBUG block.SCMBlockDeletingService (DatanodeDeletedBlockTransactions.java:addTransactionToDN(50)) - Transaction added: ad4991cb-97ce-4dd6-b117-42e7f6b0816f <- TX(34)
2021-08-10 12:16:28,240 [SCMBlockDeletingService#0] DEBUG block.SCMBlockDeletingService (DatanodeDeletedBlockTransactions.java:addTransactionToDN(50)) - Transaction added: ad4991cb-97ce-4dd6-b117-42e7f6b0816f <- TX(35)
2021-08-10 12:16:28,240 [SCMBlockDeletingService#0] DEBUG block.SCMBlockDeletingService (DatanodeDeletedBlockTransactions.java:addTransactionToDN(50)) - Transaction added: ad4991cb-97ce-4dd6-b117-42e7f6b0816f <- TX(36)
2021-08-10 12:16:28,240 [SCMBlockDeletingService#0] DEBUG block.SCMBlockDeletingService (DatanodeDeletedBlockTransactions.java:addTransactionToDN(50)) - Transaction added: ad4991cb-97ce-4dd6-b117-42e7f6b0816f <- TX(37)
2021-08-10 12:16:28,240 [SCMBlockDeletingService#0] DEBUG block.SCMBlockDeletingService (DatanodeDeletedBlockTransactions.java:addTransactionToDN(50)) - Transaction added: ad4991cb-97ce-4dd6-b117-42e7f6b0816f <- TX(38)
2021-08-10 12:16:28,240 [SCMBlockDeletingService#0] DEBUG block.SCMBlockDeletingService (DatanodeDeletedBlockTransactions.java:addTransactionToDN(50)) - Transaction added: ad4991cb-97ce-4dd6-b117-42e7f6b0816f <- TX(39)
2021-08-10 12:16:28,240 [SCMBlockDeletingService#0] DEBUG block.SCMBlockDeletingService (DatanodeDeletedBlockTransactions.java:addTransactionToDN(50)) - Transaction added: ad4991cb-97ce-4dd6-b117-42e7f6b0816f <- TX(40)
2021-08-10 12:16:28,240 [SCMBlockDeletingService#0] DEBUG block.SCMBlockDeletingService (DatanodeDeletedBlockTransactions.java:addTransactionToDN(50)) - Transaction added: ad4991cb-97ce-4dd6-b117-42e7f6b0816f <- TX(41)
2021-08-10 12:16:28,240 [SCMBlockDeletingService#0] DEBUG block.SCMBlockDeletingService (DatanodeDeletedBlockTransactions.java:addTransactionToDN(50)) - Transaction added: ad4991cb-97ce-4dd6-b117-42e7f6b0816f <- TX(42)
2021-08-10 12:16:28,240 [SCMBlockDeletingService#0] DEBUG block.SCMBlockDeletingService (DatanodeDeletedBlockTransactions.java:addTransactionToDN(50)) - Transaction added: ad4991cb-97ce-4dd6-b117-42e7f6b0816f <- TX(43)
2021-08-10 12:16:28,240 [SCMBlockDeletingService#0] DEBUG block.SCMBlockDeletingService (DatanodeDeletedBlockTransactions.java:addTransactionToDN(50)) - Transaction added: ad4991cb-97ce-4dd6-b117-42e7f6b0816f <- TX(44)
2021-08-10 12:16:28,240 [SCMBlockDeletingService#0] DEBUG block.SCMBlockDeletingService (DatanodeDeletedBlockTransactions.java:addTransactionToDN(50)) - Transaction added: ad4991cb-97ce-4dd6-b117-42e7f6b0816f <- TX(45)
2021-08-10 12:16:28,240 [SCMBlockDeletingService#0] DEBUG block.SCMBlockDeletingService (DatanodeDeletedBlockTransactions.java:addTransactionToDN(50)) - Transaction added: ad4991cb-97ce-4dd6-b117-42e7f6b0816f <- TX(46)
2021-08-10 12:16:28,240 [SCMBlockDeletingService#0] DEBUG block.SCMBlockDeletingService (DatanodeDeletedBlockTransactions.java:addTransactionToDN(50)) - Transaction added: ad4991cb-97ce-4dd6-b117-42e7f6b0816f <- TX(47)
2021-08-10 12:16:28,240 [SCMBlockDeletingService#0] DEBUG block.SCMBlockDeletingService (DatanodeDeletedBlockTransactions.java:addTransactionToDN(50)) - Transaction added: ad4991cb-97ce-4dd6-b117-42e7f6b0816f <- TX(48)
2021-08-10 12:16:28,240 [SCMBlockDeletingService#0] DEBUG block.SCMBlockDeletingService (DatanodeDeletedBlockTransactions.java:addTransactionToDN(50)) - Transaction added: ad4991cb-97ce-4dd6-b117-42e7f6b0816f <- TX(49)
2021-08-10 12:16:28,241 [SCMBlockDeletingService#0] DEBUG block.SCMBlockDeletingService (DatanodeDeletedBlockTransactions.java:addTransactionToDN(50)) - Transaction added: ad4991cb-97ce-4dd6-b117-42e7f6b0816f <- TX(50)
2021-08-10 12:16:28,241 [SCMBlockDeletingService#0] DEBUG block.SCMBlockDeletingService (DatanodeDeletedBlockTransactions.java:addTransactionToDN(50)) - Transaction added: ad4991cb-97ce-4dd6-b117-42e7f6b0816f <- TX(51)
2021-08-10 12:16:28,241 [SCMBlockDeletingService#0] DEBUG block.SCMBlockDeletingService (DatanodeDeletedBlockTransactions.java:addTransactionToDN(50)) - Transaction added: ad4991cb-97ce-4dd6-b117-42e7f6b0816f <- TX(52)
2021-08-10 12:16:28,241 [SCMBlockDeletingService#0] DEBUG block.SCMBlockDeletingService (DatanodeDeletedBlockTransactions.java:addTransactionToDN(50)) - Transaction added: ad4991cb-97ce-4dd6-b117-42e7f6b0816f <- TX(53)
2021-08-10 12:16:28,241 [SCMBlockDeletingService#0] DEBUG block.SCMBlockDeletingService (DatanodeDeletedBlockTransactions.java:addTransactionToDN(50)) - Transaction added: ad4991cb-97ce-4dd6-b117-42e7f6b0816f <- TX(54)
2021-08-10 12:16:28,241 [SCMBlockDeletingService#0] DEBUG block.SCMBlockDeletingService (DatanodeDeletedBlockTransactions.java:addTransactionToDN(50)) - Transaction added: ad4991cb-97ce-4dd6-b117-42e7f6b0816f <- TX(55)
2021-08-10 12:16:28,241 [SCMBlockDeletingService#0] DEBUG block.SCMBlockDeletingService (DatanodeDeletedBlockTransactions.java:addTransactionToDN(50)) - Transaction added: ad4991cb-97ce-4dd6-b117-42e7f6b0816f <- TX(56)
2021-08-10 12:16:28,241 [SCMBlockDeletingService#0] DEBUG block.SCMBlockDeletingService (SCMBlockDeletingService.java:call(164)) - Added delete block command for datanode ad4991cb-97ce-4dd6-b117-42e7f6b0816f in the queue, number of delete block transactions: 47
2021-08-10 12:16:28,241 [SCMBlockDeletingService#0] INFO  block.SCMBlockDeletingService (SCMBlockDeletingService.java:call(174)) - Totally added 47 blocks to be deleted for 1 datanodes, task elapsed time: 2ms
2021-08-10 12:16:28,339 [SCMBlockDeletingService#0] DEBUG block.SCMBlockDeletingService (SCMBlockDeletingService.java:call(133)) - Running DeletedBlockTransactionScanner
2021-08-10 12:16:28,339 [SCMBlockDeletingService#0] DEBUG block.SCMBlockDeletingService (DatanodeDeletedBlockTransactions.java:addTransactionToDN(50)) - Transaction added: ad4991cb-97ce-4dd6-b117-42e7f6b0816f <- TX(10)
2021-08-10 12:16:28,339 [SCMBlockDeletingService#0] DEBUG block.SCMBlockDeletingService (DatanodeDeletedBlockTransactions.java:addTransactionToDN(50)) - Transaction added: ad4991cb-97ce-4dd6-b117-42e7f6b0816f <- TX(11)
2021-08-10 12:16:28,340 [SCMBlockDeletingService#0] DEBUG block.SCMBlockDeletingService (DatanodeDeletedBlockTransactions.java:addTransactionToDN(50)) - Transaction added: ad4991cb-97ce-4dd6-b117-42e7f6b0816f <- TX(12)
2021-08-10 12:16:28,340 [SCMBlockDeletingService#0] DEBUG block.SCMBlockDeletingService (DatanodeDeletedBlockTransactions.java:addTransactionToDN(50)) - Transaction added: ad4991cb-97ce-4dd6-b117-42e7f6b0816f <- TX(13)
2021-08-10 12:16:28,340 [SCMBlockDeletingService#0] DEBUG block.SCMBlockDeletingService (DatanodeDeletedBlockTransactions.java:addTransactionToDN(50)) - Transaction added: ad4991cb-97ce-4dd6-b117-42e7f6b0816f <- TX(14)
2021-08-10 12:16:28,340 [SCMBlockDeletingService#0] DEBUG block.SCMBlockDeletingService (DatanodeDeletedBlockTransactions.java:addTransactionToDN(50)) - Transaction added: ad4991cb-97ce-4dd6-b117-42e7f6b0816f <- TX(15)
2021-08-10 12:16:28,340 [SCMBlockDeletingService#0] DEBUG block.SCMBlockDeletingService (DatanodeDeletedBlockTransactions.java:addTransactionToDN(50)) - Transaction added: ad4991cb-97ce-4dd6-b117-42e7f6b0816f <- TX(16)
2021-08-10 12:16:28,340 [SCMBlockDeletingService#0] DEBUG block.SCMBlockDeletingService (DatanodeDeletedBlockTransactions.java:addTransactionToDN(50)) - Transaction added: ad4991cb-97ce-4dd6-b117-42e7f6b0816f <- TX(17)
2021-08-10 12:16:28,340 [SCMBlockDeletingService#0] DEBUG block.SCMBlockDeletingService (DatanodeDeletedBlockTransactions.java:addTransactionToDN(50)) - Transaction added: ad4991cb-97ce-4dd6-b117-42e7f6b0816f <- TX(18)
2021-08-10 12:16:28,340 [SCMBlockDeletingService#0] DEBUG block.SCMBlockDeletingService (DatanodeDeletedBlockTransactions.java:addTransactionToDN(50)) - Transaction added: ad4991cb-97ce-4dd6-b117-42e7f6b0816f <- TX(19)
2021-08-10 12:16:28,340 [SCMBlockDeletingService#0] DEBUG block.SCMBlockDeletingService (DatanodeDeletedBlockTransactions.java:addTransactionToDN(50)) - Transaction added: ad4991cb-97ce-4dd6-b117-42e7f6b0816f <- TX(20)
2021-08-10 12:16:28,340 [SCMBlockDeletingService#0] DEBUG block.SCMBlockDeletingService (DatanodeDeletedBlockTransactions.java:addTransactionToDN(50)) - Transaction added: ad4991cb-97ce-4dd6-b117-42e7f6b0816f <- TX(21)
2021-08-10 12:16:28,340 [SCMBlockDeletingService#0] DEBUG block.SCMBlockDeletingService (DatanodeDeletedBlockTransactions.java:addTransactionToDN(50)) - Transaction added: ad4991cb-97ce-4dd6-b117-42e7f6b0816f <- TX(22)
2021-08-10 12:16:28,340 [SCMBlockDeletingService#0] DEBUG block.SCMBlockDeletingService (DatanodeDeletedBlockTransactions.java:addTransactionToDN(50)) - Transaction added: ad4991cb-97ce-4dd6-b117-42e7f6b0816f <- TX(23)
2021-08-10 12:16:28,340 [SCMBlockDeletingService#0] DEBUG block.SCMBlockDeletingService (DatanodeDeletedBlockTransactions.java:addTransactionToDN(50)) - Transaction added: ad4991cb-97ce-4dd6-b117-42e7f6b0816f <- TX(24)
2021-08-10 12:16:28,340 [SCMBlockDeletingService#0] DEBUG block.SCMBlockDeletingService (DatanodeDeletedBlockTransactions.java:addTransactionToDN(50)) - Transaction added: ad4991cb-97ce-4dd6-b117-42e7f6b0816f <- TX(25)
2021-08-10 12:16:28,340 [SCMBlockDeletingService#0] DEBUG block.SCMBlockDeletingService (DatanodeDeletedBlockTransactions.java:addTransactionToDN(50)) - Transaction added: ad4991cb-97ce-4dd6-b117-42e7f6b0816f <- TX(26)
2021-08-10 12:16:28,340 [SCMBlockDeletingService#0] DEBUG block.SCMBlockDeletingService (DatanodeDeletedBlockTransactions.java:addTransactionToDN(50)) - Transaction added: ad4991cb-97ce-4dd6-b117-42e7f6b0816f <- TX(27)
2021-08-10 12:16:28,340 [SCMBlockDeletingService#0] DEBUG block.SCMBlockDeletingService (DatanodeDeletedBlockTransactions.java:addTransactionToDN(50)) - Transaction added: ad4991cb-97ce-4dd6-b117-42e7f6b0816f <- TX(28)
2021-08-10 12:16:28,340 [SCMBlockDeletingService#0] DEBUG block.SCMBlockDeletingService (DatanodeDeletedBlockTransactions.java:addTransactionToDN(50)) - Transaction added: ad4991cb-97ce-4dd6-b117-42e7f6b0816f <- TX(29)
2021-08-10 12:16:28,340 [SCMBlockDeletingService#0] DEBUG block.SCMBlockDeletingService (DatanodeDeletedBlockTransactions.java:addTransactionToDN(50)) - Transaction added: ad4991cb-97ce-4dd6-b117-42e7f6b0816f <- TX(30)
2021-08-10 12:16:28,340 [SCMBlockDeletingService#0] DEBUG block.SCMBlockDeletingService (DatanodeDeletedBlockTransactions.java:addTransactionToDN(50)) - Transaction added: ad4991cb-97ce-4dd6-b117-42e7f6b0816f <- TX(31)
2021-08-10 12:16:28,340 [SCMBlockDeletingService#0] DEBUG block.SCMBlockDeletingService (DatanodeDeletedBlockTransactions.java:addTransactionToDN(50)) - Transaction added: ad4991cb-97ce-4dd6-b117-42e7f6b0816f <- TX(32)
2021-08-10 12:16:28,340 [SCMBlockDeletingService#0] DEBUG block.SCMBlockDeletingService (DatanodeDeletedBlockTransactions.java:addTransactionToDN(50)) - Transaction added: ad4991cb-97ce-4dd6-b117-42e7f6b0816f <- TX(33)
2021-08-10 12:16:28,340 [SCMBlockDeletingService#0] DEBUG block.SCMBlockDeletingService (DatanodeDeletedBlockTransactions.java:addTransactionToDN(50)) - Transaction added: ad4991cb-97ce-4dd6-b117-42e7f6b0816f <- TX(34)
2021-08-10 12:16:28,340 [SCMBlockDeletingService#0] DEBUG block.SCMBlockDeletingService (DatanodeDeletedBlockTransactions.java:addTransactionToDN(50)) - Transaction added: ad4991cb-97ce-4dd6-b117-42e7f6b0816f <- TX(35)
2021-08-10 12:16:28,340 [SCMBlockDeletingService#0] DEBUG block.SCMBlockDeletingService (DatanodeDeletedBlockTransactions.java:addTransactionToDN(50)) - Transaction added: ad4991cb-97ce-4dd6-b117-42e7f6b0816f <- TX(36)
2021-08-10 12:16:28,340 [SCMBlockDeletingService#0] DEBUG block.SCMBlockDeletingService (DatanodeDeletedBlockTransactions.java:addTransactionToDN(50)) - Transaction added: ad4991cb-97ce-4dd6-b117-42e7f6b0816f <- TX(37)
2021-08-10 12:16:28,340 [SCMBlockDeletingService#0] DEBUG block.SCMBlockDeletingService (DatanodeDeletedBlockTransactions.java:addTransactionToDN(50)) - Transaction added: ad4991cb-97ce-4dd6-b117-42e7f6b0816f <- TX(38)
2021-08-10 12:16:28,340 [SCMBlockDeletingService#0] DEBUG block.SCMBlockDeletingService (DatanodeDeletedBlockTransactions.java:addTransactionToDN(50)) - Transaction added: ad4991cb-97ce-4dd6-b117-42e7f6b0816f <- TX(39)
2021-08-10 12:16:28,340 [SCMBlockDeletingService#0] DEBUG block.SCMBlockDeletingService (DatanodeDeletedBlockTransactions.java:addTransactionToDN(50)) - Transaction added: ad4991cb-97ce-4dd6-b117-42e7f6b0816f <- TX(40)
2021-08-10 12:16:28,340 [SCMBlockDeletingService#0] DEBUG block.SCMBlockDeletingService (DatanodeDeletedBlockTransactions.java:addTransactionToDN(50)) - Transaction added: ad4991cb-97ce-4dd6-b117-42e7f6b0816f <- TX(41)
2021-08-10 12:16:28,340 [SCMBlockDeletingService#0] DEBUG block.SCMBlockDeletingService (DatanodeDeletedBlockTransactions.java:addTransactionToDN(50)) - Transaction added: ad4991cb-97ce-4dd6-b117-42e7f6b0816f <- TX(42)
2021-08-10 12:16:28,340 [SCMBlockDeletingService#0] DEBUG block.SCMBlockDeletingService (DatanodeDeletedBlockTransactions.java:addTransactionToDN(50)) - Transaction added: ad4991cb-97ce-4dd6-b117-42e7f6b0816f <- TX(43)
2021-08-10 12:16:28,340 [SCMBlockDeletingService#0] DEBUG block.SCMBlockDeletingService (DatanodeDeletedBlockTransactions.java:addTransactionToDN(50)) - Transaction added: ad4991cb-97ce-4dd6-b117-42e7f6b0816f <- TX(44)
2021-08-10 12:16:28,340 [SCMBlockDeletingService#0] DEBUG block.SCMBlockDeletingService (DatanodeDeletedBlockTransactions.java:addTransactionToDN(50)) - Transaction added: ad4991cb-97ce-4dd6-b117-42e7f6b0816f <- TX(45)
2021-08-10 12:16:28,340 [SCMBlockDeletingService#0] DEBUG block.SCMBlockDeletingService (DatanodeDeletedBlockTransactions.java:addTransactionToDN(50)) - Transaction added: ad4991cb-97ce-4dd6-b117-42e7f6b0816f <- TX(46)
2021-08-10 12:16:28,340 [SCMBlockDeletingService#0] DEBUG block.SCMBlockDeletingService (DatanodeDeletedBlockTransactions.java:addTransactionToDN(50)) - Transaction added: ad4991cb-97ce-4dd6-b117-42e7f6b0816f <- TX(47)
2021-08-10 12:16:28,340 [SCMBlockDeletingService#0] DEBUG block.SCMBlockDeletingService (DatanodeDeletedBlockTransactions.java:addTransactionToDN(50)) - Transaction added: ad4991cb-97ce-4dd6-b117-42e7f6b0816f <- TX(48)
2021-08-10 12:16:28,341 [SCMBlockDeletingService#0] DEBUG block.SCMBlockDeletingService (DatanodeDeletedBlockTransactions.java:addTransactionToDN(50)) - Transaction added: ad4991cb-97ce-4dd6-b117-42e7f6b0816f <- TX(49)
2021-08-10 12:16:28,341 [SCMBlockDeletingService#0] DEBUG block.SCMBlockDeletingService (DatanodeDeletedBlockTransactions.java:addTransactionToDN(50)) - Transaction added: ad4991cb-97ce-4dd6-b117-42e7f6b0816f <- TX(50)
2021-08-10 12:16:28,341 [SCMBlockDeletingService#0] DEBUG block.SCMBlockDeletingService (DatanodeDeletedBlockTransactions.java:addTransactionToDN(50)) - Transaction added: ad4991cb-97ce-4dd6-b117-42e7f6b0816f <- TX(51)
2021-08-10 12:16:28,341 [SCMBlockDeletingService#0] DEBUG block.SCMBlockDeletingService (DatanodeDeletedBlockTransactions.java:addTransactionToDN(50)) - Transaction added: ad4991cb-97ce-4dd6-b117-42e7f6b0816f <- TX(52)
2021-08-10 12:16:28,341 [SCMBlockDeletingService#0] DEBUG block.SCMBlockDeletingService (DatanodeDeletedBlockTransactions.java:addTransactionToDN(50)) - Transaction added: ad4991cb-97ce-4dd6-b117-42e7f6b0816f <- TX(53)
2021-08-10 12:16:28,341 [SCMBlockDeletingService#0] DEBUG block.SCMBlockDeletingService (DatanodeDeletedBlockTransactions.java:addTransactionToDN(50)) - Transaction added: ad4991cb-97ce-4dd6-b117-42e7f6b0816f <- TX(54)
2021-08-10 12:16:28,341 [SCMBlockDeletingService#0] DEBUG block.SCMBlockDeletingService (DatanodeDeletedBlockTransactions.java:addTransactionToDN(50)) - Transaction added: ad4991cb-97ce-4dd6-b117-42e7f6b0816f <- TX(55)
2021-08-10 12:16:28,341 [SCMBlockDeletingService#0] DEBUG block.SCMBlockDeletingService (DatanodeDeletedBlockTransactions.java:addTransactionToDN(50)) - Transaction added: ad4991cb-97ce-4dd6-b117-42e7f6b0816f <- TX(56)
2021-08-10 12:16:28,341 [SCMBlockDeletingService#0] DEBUG block.SCMBlockDeletingService (SCMBlockDeletingService.java:call(164)) - Added delete block command for datanode ad4991cb-97ce-4dd6-b117-42e7f6b0816f in the queue, number of delete block transactions: 47
2021-08-10 12:16:28,341 [SCMBlockDeletingService#0] INFO  block.SCMBlockDeletingService (SCMBlockDeletingService.java:call(174)) - Totally added 47 blocks to be deleted for 1 datanodes, task elapsed time: 2ms
2021-08-10 12:16:28,364 [org.apache.hadoop.ozone.container.common.statemachine.commandhandler.DeleteBlocksCommandHandler$DeleteCmdWorker@643b9a92] INFO  commandhandler.DeleteBlocksCommandHandler (DeleteBlocksCommandHandler.java:processCmd(261)) - Start to delete container blocks, TXIDs=[1(0),2(0),3(0),4(0),5(0),6(0),7(0),8(0),9(0),10(0)], numOfContainers=10, numOfBlocks=10
2021-08-10 12:16:28,365 [org.apache.hadoop.ozone.container.common.statemachine.commandhandler.DeleteBlocksCommandHandler$DeleteCmdWorker@643b9a92] INFO  commandhandler.DeleteBlocksCommandHandler (DeleteBlocksCommandHandler.java:processCmd(261)) - Start to delete container blocks, TXIDs=[1(0),2(0),3(0),4(0),5(0),6(0),7(0),8(0),9(0),10(0)], numOfContainers=10, numOfBlocks=10
2021-08-10 12:16:28,365 [org.apache.hadoop.ozone.container.common.statemachine.commandhandler.DeleteBlocksCommandHandler$DeleteCmdWorker@643b9a92] INFO  commandhandler.DeleteBlocksCommandHandler (DeleteBlocksCommandHandler.java:processCmd(261)) - Start to delete container blocks, TXIDs=[1(0),2(0),3(0),4(0),5(0),6(0),7(0),8(0),9(0),10(0),11(0),12(0),13(0),14(0),15(0),16(0),17(0),18(0),19(0),20(0),21(0),22(0),23(0),24(0),25(0),26(0),27(0),28(0),29(0),30(0),31(0),32(0),33(0),34(0),35(0),36(0),37(0),38(0),39(0),40(0),41(0),42(0),43(0),44(0),45(0),46(0),47(0),48(0),49(0),50(0),51(0),52(0),53(0),54(0),55(0),56(0)], numOfContainers=56, numOfBlocks=56
2021-08-10 12:16:28,367 [org.apache.hadoop.ozone.container.common.statemachine.commandhandler.DeleteBlocksCommandHandler$DeleteCmdWorker@643b9a92] INFO  commandhandler.DeleteBlocksCommandHandler (DeleteBlocksCommandHandler.java:processCmd(261)) - Start to delete container blocks, TXIDs=[1(0),2(0),3(0),4(0),5(0),6(0),7(0),8(0),9(0),10(0),11(0),12(0),13(0),14(0),15(0),16(0),17(0),18(0),19(0),20(0),21(0),22(0),23(0),24(0),25(0),26(0),27(0),28(0),29(0),30(0),31(0),32(0),33(0),34(0),35(0),36(0),37(0),38(0),39(0),40(0),41(0),42(0),43(0),44(0),45(0),46(0),47(0),48(0),49(0),50(0),51(0),52(0),53(0),54(0),55(0),56(0)], numOfContainers=56, numOfBlocks=56
2021-08-10 12:16:28,367 [org.apache.hadoop.ozone.container.common.statemachine.commandhandler.DeleteBlocksCommandHandler$DeleteCmdWorker@643b9a92] INFO  commandhandler.DeleteBlocksCommandHandler (DeleteBlocksCommandHandler.java:processCmd(261)) - Start to delete container blocks, TXIDs=[1(0),2(0),3(0),4(0),5(0),6(0),7(0),8(0),9(0),10(0),11(0),12(0),13(0),14(0),15(0),16(0),17(0),18(0),19(0),20(0),21(0),22(0),23(0),24(0),25(0),26(0),27(0),28(0),29(0),30(0),31(0),32(0),33(0),34(0),35(0),36(0),37(0),38(0),39(0),40(0),41(0),42(0),43(0),44(0),45(0),46(0),47(0),48(0),49(0),50(0),51(0),52(0),53(0),54(0),55(0),56(0)], numOfContainers=56, numOfBlocks=56
2021-08-10 12:16:28,367 [org.apache.hadoop.ozone.container.common.statemachine.commandhandler.DeleteBlocksCommandHandler$DeleteCmdWorker@643b9a92] INFO  commandhandler.DeleteBlocksCommandHandler (DeleteBlocksCommandHandler.java:processCmd(261)) - Start to delete container blocks, TXIDs=[1(0),2(0),3(0),4(0),5(0),6(0),7(0),8(0),9(0),10(0),11(0),12(0),13(0),14(0),15(0),16(0),17(0),18(0),19(0),20(0),21(0),22(0),23(0),24(0),25(0),26(0),27(0),28(0),29(0),30(0),31(0),32(0),33(0),34(0),35(0),36(0),37(0),38(0),39(0),40(0),41(0),42(0),43(0),44(0),45(0),46(0),47(0),48(0),49(0),50(0),51(0),52(0),53(0),54(0),55(0),56(0)], numOfContainers=56, numOfBlocks=56
2021-08-10 12:16:28,368 [org.apache.hadoop.ozone.container.common.statemachine.commandhandler.DeleteBlocksCommandHandler$DeleteCmdWorker@643b9a92] INFO  commandhandler.DeleteBlocksCommandHandler (DeleteBlocksCommandHandler.java:processCmd(261)) - Start to delete container blocks, TXIDs=[1(0),2(0),3(0),4(0),5(0),6(0),7(0),8(0),9(0),10(0),11(0),12(0),13(0),14(0),15(0),16(0),17(0),18(0),19(0),20(0),21(0),22(0),23(0),24(0),25(0),26(0),27(0),28(0),29(0),30(0),31(0),32(0),33(0),34(0),35(0),36(0),37(0),38(0),39(0),40(0),41(0),42(0),43(0),44(0),45(0),46(0),47(0),48(0),49(0),50(0),51(0),52(0),53(0),54(0),55(0),56(0)], numOfContainers=56, numOfBlocks=56
2021-08-10 12:16:28,368 [org.apache.hadoop.ozone.container.common.statemachine.commandhandler.DeleteBlocksCommandHandler$DeleteCmdWorker@643b9a92] INFO  commandhandler.DeleteBlocksCommandHandler (DeleteBlocksCommandHandler.java:processCmd(261)) - Start to delete container blocks, TXIDs=[1(0),2(0),3(0),4(0),5(0),6(0),7(0),8(0),9(0),10(0),11(0),12(0),13(0),14(0),15(0),16(0),17(0),18(0),19(0),20(0),21(0),22(0),23(0),24(0),25(0),26(0),27(0),28(0),29(0),30(0),31(0),32(0),33(0),34(0),35(0),36(0),37(0),38(0),39(0),40(0),41(0),42(0),43(0),44(0),45(0),46(0),47(0),48(0),49(0),50(0),51(0),52(0),53(0),54(0),55(0),56(0)], numOfContainers=56, numOfBlocks=56
2021-08-10 12:16:28,368 [org.apache.hadoop.ozone.container.common.statemachine.commandhandler.DeleteBlocksCommandHandler$DeleteCmdWorker@643b9a92] INFO  commandhandler.DeleteBlocksCommandHandler (DeleteBlocksCommandHandler.java:processCmd(261)) - Start to delete container blocks, TXIDs=[1(0),2(0),3(0),4(0),5(0),6(0),7(0),8(0),9(0),10(0),11(0),12(0),13(0),14(0),15(0),16(0),17(0),18(0),19(0),20(0),21(0),22(0),23(0),24(0),25(0),26(0),27(0),28(0),29(0),30(0),31(0),32(0),33(0),34(0),35(0),36(0),37(0),38(0),39(0),40(0),41(0),42(0),43(0),44(0),45(0),46(0),47(0),48(0),49(0),50(0),51(0),52(0),53(0),54(0),55(0),56(0)], numOfContainers=56, numOfBlocks=56
2021-08-10 12:16:28,368 [org.apache.hadoop.ozone.container.common.statemachine.commandhandler.DeleteBlocksCommandHandler$DeleteCmdWorker@643b9a92] INFO  commandhandler.DeleteBlocksCommandHandler (DeleteBlocksCommandHandler.java:processCmd(261)) - Start to delete container blocks, TXIDs=[1(0),2(0),3(0),4(0),5(0),6(0),7(0),8(0),9(0),10(0),11(0),12(0),13(0),14(0),15(0),16(0),17(0),18(0),19(0),20(0),21(0),22(0),23(0),24(0),25(0),26(0),27(0),28(0),29(0),30(0),31(0),32(0),33(0),34(0),35(0),36(0),37(0),38(0),39(0),40(0),41(0),42(0),43(0),44(0),45(0),46(0),47(0),48(0),49(0),50(0),51(0),52(0),53(0),54(0),55(0),56(0)], numOfContainers=56, numOfBlocks=56
2021-08-10 12:16:28,368 [org.apache.hadoop.ozone.container.common.statemachine.commandhandler.DeleteBlocksCommandHandler$DeleteCmdWorker@643b9a92] INFO  commandhandler.DeleteBlocksCommandHandler (DeleteBlocksCommandHandler.java:processCmd(261)) - Start to delete container blocks, TXIDs=[1(0),2(0),3(0),4(0),5(0),6(0),7(0),8(0),9(0),10(0),11(0),12(0),13(0),14(0),15(0),16(0),17(0),18(0),19(0),20(0),21(0),22(0),23(0),24(0),25(0),26(0),27(0),28(0),29(0),30(0),31(0),32(0),33(0),34(0),35(0),36(0),37(0),38(0),39(0),40(0),41(0),42(0),43(0),44(0),45(0),46(0),47(0),48(0),49(0),50(0),51(0),52(0),53(0),54(0),55(0),56(0)], numOfContainers=56, numOfBlocks=56
2021-08-10 12:16:28,368 [org.apache.hadoop.ozone.container.common.statemachine.commandhandler.DeleteBlocksCommandHandler$DeleteCmdWorker@643b9a92] INFO  commandhandler.DeleteBlocksCommandHandler (DeleteBlocksCommandHandler.java:processCmd(261)) - Start to delete container blocks, TXIDs=[1(0),2(0),3(0),4(0),5(0),6(0),7(0),8(0),9(0),10(0),11(0),12(0),13(0),14(0),15(0),16(0),17(0),18(0),19(0),20(0),21(0),22(0),23(0),24(0),25(0),26(0),27(0),28(0),29(0),30(0),31(0),32(0),33(0),34(0),35(0),36(0),37(0),38(0),39(0),40(0),41(0),42(0),43(0),44(0),45(0),46(0),47(0),48(0),49(0),50(0),51(0),52(0),53(0),54(0),55(0),56(0)], numOfContainers=56, numOfBlocks=56
2021-08-10 12:16:28,369 [org.apache.hadoop.ozone.container.common.statemachine.commandhandler.DeleteBlocksCommandHandler$DeleteCmdWorker@643b9a92] INFO  commandhandler.DeleteBlocksCommandHandler (DeleteBlocksCommandHandler.java:processCmd(261)) - Start to delete container blocks, TXIDs=[1(0),2(0),3(0),4(0),5(0),6(0),7(0),8(0),9(0),10(0),11(0),12(0),13(0),14(0),15(0),16(0),17(0),18(0),19(0),20(0),21(0),22(0),23(0),24(0),25(0),26(0),27(0),28(0),29(0),30(0),31(0),32(0),33(0),34(0),35(0),36(0),37(0),38(0),39(0),40(0),41(0),42(0),43(0),44(0),45(0),46(0),47(0),48(0),49(0),50(0),51(0),52(0),53(0),54(0),55(0),56(0)], numOfContainers=56, numOfBlocks=56
2021-08-10 12:16:28,369 [org.apache.hadoop.ozone.container.common.statemachine.commandhandler.DeleteBlocksCommandHandler$DeleteCmdWorker@643b9a92] INFO  commandhandler.DeleteBlocksCommandHandler (DeleteBlocksCommandHandler.java:processCmd(261)) - Start to delete container blocks, TXIDs=[10(0),11(0),12(0),13(0),14(0),15(0),16(0),17(0),18(0),19(0),20(0),21(0),22(0),23(0),24(0),25(0),26(0),27(0),28(0),29(0),30(0),31(0),32(0),33(0),34(0),35(0),36(0),37(0),38(0),39(0),40(0),41(0),42(0),43(0),44(0),45(0),46(0),47(0),48(0),49(0),50(0),51(0),52(0),53(0),54(0),55(0),56(0)], numOfContainers=47, numOfBlocks=47
2021-08-10 12:16:28,369 [org.apache.hadoop.ozone.container.common.statemachine.commandhandler.DeleteBlocksCommandHandler$DeleteCmdWorker@643b9a92] INFO  commandhandler.DeleteBlocksCommandHandler (DeleteBlocksCommandHandler.java:processCmd(261)) - Start to delete container blocks, TXIDs=[10(0),11(0),12(0),13(0),14(0),15(0),16(0),17(0),18(0),19(0),20(0),21(0),22(0),23(0),24(0),25(0),26(0),27(0),28(0),29(0),30(0),31(0),32(0),33(0),34(0),35(0),36(0),37(0),38(0),39(0),40(0),41(0),42(0),43(0),44(0),45(0),46(0),47(0),48(0),49(0),50(0),51(0),52(0),53(0),54(0),55(0),56(0)], numOfContainers=47, numOfBlocks=47
2021-08-10 12:16:28,369 [org.apache.hadoop.ozone.container.common.statemachine.commandhandler.DeleteBlocksCommandHandler$DeleteCmdWorker@643b9a92] INFO  commandhandler.DeleteBlocksCommandHandler (DeleteBlocksCommandHandler.java:processCmd(261)) - Start to delete container blocks, TXIDs=[10(0),11(0),12(0),13(0),14(0),15(0),16(0),17(0),18(0),19(0),20(0),21(0),22(0),23(0),24(0),25(0),26(0),27(0),28(0),29(0),30(0),31(0),32(0),33(0),34(0),35(0),36(0),37(0),38(0),39(0),40(0),41(0),42(0),43(0),44(0),45(0),46(0),47(0),48(0),49(0),50(0),51(0),52(0),53(0),54(0),55(0),56(0)], numOfContainers=47, numOfBlocks=47
2021-08-10 12:16:28,369 [org.apache.hadoop.ozone.container.common.statemachine.commandhandler.DeleteBlocksCommandHandler$DeleteCmdWorker@643b9a92] INFO  commandhandler.DeleteBlocksCommandHandler (DeleteBlocksCommandHandler.java:processCmd(261)) - Start to delete container blocks, TXIDs=[10(0),11(0),12(0),13(0),14(0),15(0),16(0),17(0),18(0),19(0),20(0),21(0),22(0),23(0),24(0),25(0),26(0),27(0),28(0),29(0),30(0),31(0),32(0),33(0),34(0),35(0),36(0),37(0),38(0),39(0),40(0),41(0),42(0),43(0),44(0),45(0),46(0),47(0),48(0),49(0),50(0),51(0),52(0),53(0),54(0),55(0),56(0)], numOfContainers=47, numOfBlocks=47
2021-08-10 12:16:28,369 [org.apache.hadoop.ozone.container.common.statemachine.commandhandler.DeleteBlocksCommandHandler$DeleteCmdWorker@643b9a92] INFO  commandhandler.DeleteBlocksCommandHandler (DeleteBlocksCommandHandler.java:processCmd(261)) - Start to delete container blocks, TXIDs=[10(0),11(0),12(0),13(0),14(0),15(0),16(0),17(0),18(0),19(0),20(0),21(0),22(0),23(0),24(0),25(0),26(0),27(0),28(0),29(0),30(0),31(0),32(0),33(0),34(0),35(0),36(0),37(0),38(0),39(0),40(0),41(0),42(0),43(0),44(0),45(0),46(0),47(0),48(0),49(0),50(0),51(0),52(0),53(0),54(0),55(0),56(0)], numOfContainers=47, numOfBlocks=47
2021-08-10 12:16:28,369 [org.apache.hadoop.ozone.container.common.statemachine.commandhandler.DeleteBlocksCommandHandler$DeleteCmdWorker@643b9a92] INFO  commandhandler.DeleteBlocksCommandHandler (DeleteBlocksCommandHandler.java:processCmd(261)) - Start to delete container blocks, TXIDs=[10(0),11(0),12(0),13(0),14(0),15(0),16(0),17(0),18(0),19(0),20(0),21(0),22(0),23(0),24(0),25(0),26(0),27(0),28(0),29(0),30(0),31(0),32(0),33(0),34(0),35(0),36(0),37(0),38(0),39(0),40(0),41(0),42(0),43(0),44(0),45(0),46(0),47(0),48(0),49(0),50(0),51(0),52(0),53(0),54(0),55(0),56(0)], numOfContainers=47, numOfBlocks=47
2021-08-10 12:16:28,370 [org.apache.hadoop.ozone.container.common.statemachine.commandhandler.DeleteBlocksCommandHandler$DeleteCmdWorker@643b9a92] INFO  commandhandler.DeleteBlocksCommandHandler (DeleteBlocksCommandHandler.java:processCmd(261)) - Start to delete container blocks, TXIDs=[10(0),11(0),12(0),13(0),14(0),15(0),16(0),17(0),18(0),19(0),20(0),21(0),22(0),23(0),24(0),25(0),26(0),27(0),28(0),29(0),30(0),31(0),32(0),33(0),34(0),35(0),36(0),37(0),38(0),39(0),40(0),41(0),42(0),43(0),44(0),45(0),46(0),47(0),48(0),49(0),50(0),51(0),52(0),53(0),54(0),55(0),56(0)], numOfContainers=47, numOfBlocks=47
2021-08-10 12:16:28,439 [SCMBlockDeletingService#0] DEBUG block.SCMBlockDeletingService (SCMBlockDeletingService.java:call(133)) - Running DeletedBlockTransactionScanner
2021-08-10 12:16:28,440 [SCMBlockDeletingService#0] DEBUG block.SCMBlockDeletingService (DatanodeDeletedBlockTransactions.java:addTransactionToDN(50)) - Transaction added: ad4991cb-97ce-4dd6-b117-42e7f6b0816f <- TX(10)
2021-08-10 12:16:28,440 [SCMBlockDeletingService#0] DEBUG block.SCMBlockDeletingService (DatanodeDeletedBlockTransactions.java:addTransactionToDN(50)) - Transaction added: ad4991cb-97ce-4dd6-b117-42e7f6b0816f <- TX(11)
2021-08-10 12:16:28,440 [SCMBlockDeletingService#0] DEBUG block.SCMBlockDeletingService (DatanodeDeletedBlockTransactions.java:addTransactionToDN(50)) - Transaction added: ad4991cb-97ce-4dd6-b117-42e7f6b0816f <- TX(12)
2021-08-10 12:16:28,440 [SCMBlockDeletingService#0] DEBUG block.SCMBlockDeletingService (DatanodeDeletedBlockTransactions.java:addTransactionToDN(50)) - Transaction added: ad4991cb-97ce-4dd6-b117-42e7f6b0816f <- TX(13)
2021-08-10 12:16:28,440 [SCMBlockDeletingService#0] DEBUG block.SCMBlockDeletingService (DatanodeDeletedBlockTransactions.java:addTransactionToDN(50)) - Transaction added: ad4991cb-97ce-4dd6-b117-42e7f6b0816f <- TX(14)
2021-08-10 12:16:28,440 [SCMBlockDeletingService#0] DEBUG block.SCMBlockDeletingService (DatanodeDeletedBlockTransactions.java:addTransactionToDN(50)) - Transaction added: ad4991cb-97ce-4dd6-b117-42e7f6b0816f <- TX(15)
2021-08-10 12:16:28,440 [SCMBlockDeletingService#0] DEBUG block.SCMBlockDeletingService (DatanodeDeletedBlockTransactions.java:addTransactionToDN(50)) - Transaction added: ad4991cb-97ce-4dd6-b117-42e7f6b0816f <- TX(16)
2021-08-10 12:16:28,440 [SCMBlockDeletingService#0] DEBUG block.SCMBlockDeletingService (DatanodeDeletedBlockTransactions.java:addTransactionToDN(50)) - Transaction added: ad4991cb-97ce-4dd6-b117-42e7f6b0816f <- TX(17)
2021-08-10 12:16:28,440 [SCMBlockDeletingService#0] DEBUG block.SCMBlockDeletingService (DatanodeDeletedBlockTransactions.java:addTransactionToDN(50)) - Transaction added: ad4991cb-97ce-4dd6-b117-42e7f6b0816f <- TX(18)
2021-08-10 12:16:28,441 [SCMBlockDeletingService#0] DEBUG block.SCMBlockDeletingService (DatanodeDeletedBlockTransactions.java:addTransactionToDN(50)) - Transaction added: ad4991cb-97ce-4dd6-b117-42e7f6b0816f <- TX(19)
2021-08-10 12:16:28,441 [SCMBlockDeletingService#0] DEBUG block.SCMBlockDeletingService (DatanodeDeletedBlockTransactions.java:addTransactionToDN(50)) - Transaction added: ad4991cb-97ce-4dd6-b117-42e7f6b0816f <- TX(20)
2021-08-10 12:16:28,441 [SCMBlockDeletingService#0] DEBUG block.SCMBlockDeletingService (DatanodeDeletedBlockTransactions.java:addTransactionToDN(50)) - Transaction added: ad4991cb-97ce-4dd6-b117-42e7f6b0816f <- TX(21)
2021-08-10 12:16:28,441 [SCMBlockDeletingService#0] DEBUG block.SCMBlockDeletingService (DatanodeDeletedBlockTransactions.java:addTransactionToDN(50)) - Transaction added: ad4991cb-97ce-4dd6-b117-42e7f6b0816f <- TX(22)
2021-08-10 12:16:28,441 [SCMBlockDeletingService#0] DEBUG block.SCMBlockDeletingService (DatanodeDeletedBlockTransactions.java:addTransactionToDN(50)) - Transaction added: ad4991cb-97ce-4dd6-b117-42e7f6b0816f <- TX(23)
2021-08-10 12:16:28,441 [SCMBlockDeletingService#0] DEBUG block.SCMBlockDeletingService (DatanodeDeletedBlockTransactions.java:addTransactionToDN(50)) - Transaction added: ad4991cb-97ce-4dd6-b117-42e7f6b0816f <- TX(24)
2021-08-10 12:16:28,441 [SCMBlockDeletingService#0] DEBUG block.SCMBlockDeletingService (DatanodeDeletedBlockTransactions.java:addTransactionToDN(50)) - Transaction added: ad4991cb-97ce-4dd6-b117-42e7f6b0816f <- TX(25)
2021-08-10 12:16:28,441 [SCMBlockDeletingService#0] DEBUG block.SCMBlockDeletingService (DatanodeDeletedBlockTransactions.java:addTransactionToDN(50)) - Transaction added: ad4991cb-97ce-4dd6-b117-42e7f6b0816f <- TX(26)
2021-08-10 12:16:28,441 [SCMBlockDeletingService#0] DEBUG block.SCMBlockDeletingService (DatanodeDeletedBlockTransactions.java:addTransactionToDN(50)) - Transaction added: ad4991cb-97ce-4dd6-b117-42e7f6b0816f <- TX(27)
2021-08-10 12:16:28,441 [SCMBlockDeletingService#0] DEBUG block.SCMBlockDeletingService (DatanodeDeletedBlockTransactions.java:addTransactionToDN(50)) - Transaction added: ad4991cb-97ce-4dd6-b117-42e7f6b0816f <- TX(28)
2021-08-10 12:16:28,441 [SCMBlockDeletingService#0] DEBUG block.SCMBlockDeletingService (DatanodeDeletedBlockTransactions.java:addTransactionToDN(50)) - Transaction added: ad4991cb-97ce-4dd6-b117-42e7f6b0816f <- TX(29)
2021-08-10 12:16:28,441 [SCMBlockDeletingService#0] DEBUG block.SCMBlockDeletingService (DatanodeDeletedBlockTransactions.java:addTransactionToDN(50)) - Transaction added: ad4991cb-97ce-4dd6-b117-42e7f6b0816f <- TX(30)
2021-08-10 12:16:28,441 [SCMBlockDeletingService#0] DEBUG block.SCMBlockDeletingService (DatanodeDeletedBlockTransactions.java:addTransactionToDN(50)) - Transaction added: ad4991cb-97ce-4dd6-b117-42e7f6b0816f <- TX(31)
2021-08-10 12:16:28,441 [SCMBlockDeletingService#0] DEBUG block.SCMBlockDeletingService (DatanodeDeletedBlockTransactions.java:addTransactionToDN(50)) - Transaction added: ad4991cb-97ce-4dd6-b117-42e7f6b0816f <- TX(32)
2021-08-10 12:16:28,441 [SCMBlockDeletingService#0] DEBUG block.SCMBlockDeletingService (DatanodeDeletedBlockTransactions.java:addTransactionToDN(50)) - Transaction added: ad4991cb-97ce-4dd6-b117-42e7f6b0816f <- TX(33)
2021-08-10 12:16:28,441 [SCMBlockDeletingService#0] DEBUG block.SCMBlockDeletingService (DatanodeDeletedBlockTransactions.java:addTransactionToDN(50)) - Transaction added: ad4991cb-97ce-4dd6-b117-42e7f6b0816f <- TX(34)
2021-08-10 12:16:28,441 [SCMBlockDeletingService#0] DEBUG block.SCMBlockDeletingService (DatanodeDeletedBlockTransactions.java:addTransactionToDN(50)) - Transaction added: ad4991cb-97ce-4dd6-b117-42e7f6b0816f <- TX(35)
2021-08-10 12:16:28,441 [SCMBlockDeletingService#0] DEBUG block.SCMBlockDeletingService (DatanodeDeletedBlockTransactions.java:addTransactionToDN(50)) - Transaction added: ad4991cb-97ce-4dd6-b117-42e7f6b0816f <- TX(36)
2021-08-10 12:16:28,441 [SCMBlockDeletingService#0] DEBUG block.SCMBlockDeletingService (DatanodeDeletedBlockTransactions.java:addTransactionToDN(50)) - Transaction added: ad4991cb-97ce-4dd6-b117-42e7f6b0816f <- TX(37)
2021-08-10 12:16:28,441 [SCMBlockDeletingService#0] DEBUG block.SCMBlockDeletingService (DatanodeDeletedBlockTransactions.java:addTransactionToDN(50)) - Transaction added: ad4991cb-97ce-4dd6-b117-42e7f6b0816f <- TX(38)
2021-08-10 12:16:28,441 [SCMBlockDeletingService#0] DEBUG block.SCMBlockDeletingService (DatanodeDeletedBlockTransactions.java:addTransactionToDN(50)) - Transaction added: ad4991cb-97ce-4dd6-b117-42e7f6b0816f <- TX(39)
2021-08-10 12:16:28,441 [SCMBlockDeletingService#0] DEBUG block.SCMBlockDeletingService (DatanodeDeletedBlockTransactions.java:addTransactionToDN(50)) - Transaction added: ad4991cb-97ce-4dd6-b117-42e7f6b0816f <- TX(40)
2021-08-10 12:16:28,441 [SCMBlockDeletingService#0] DEBUG block.SCMBlockDeletingService (DatanodeDeletedBlockTransactions.java:addTransactionToDN(50)) - Transaction added: ad4991cb-97ce-4dd6-b117-42e7f6b0816f <- TX(41)
2021-08-10 12:16:28,441 [SCMBlockDeletingService#0] DEBUG block.SCMBlockDeletingService (DatanodeDeletedBlockTransactions.java:addTransactionToDN(50)) - Transaction added: ad4991cb-97ce-4dd6-b117-42e7f6b0816f <- TX(42)
2021-08-10 12:16:28,441 [SCMBlockDeletingService#0] DEBUG block.SCMBlockDeletingService (DatanodeDeletedBlockTransactions.java:addTransactionToDN(50)) - Transaction added: ad4991cb-97ce-4dd6-b117-42e7f6b0816f <- TX(43)
2021-08-10 12:16:28,441 [SCMBlockDeletingService#0] DEBUG block.SCMBlockDeletingService (DatanodeDeletedBlockTransactions.java:addTransactionToDN(50)) - Transaction added: ad4991cb-97ce-4dd6-b117-42e7f6b0816f <- TX(44)
2021-08-10 12:16:28,441 [SCMBlockDeletingService#0] DEBUG block.SCMBlockDeletingService (DatanodeDeletedBlockTransactions.java:addTransactionToDN(50)) - Transaction added: ad4991cb-97ce-4dd6-b117-42e7f6b0816f <- TX(45)
2021-08-10 12:16:28,441 [SCMBlockDeletingService#0] DEBUG block.SCMBlockDeletingService (DatanodeDeletedBlockTransactions.java:addTransactionToDN(50)) - Transaction added: ad4991cb-97ce-4dd6-b117-42e7f6b0816f <- TX(46)
2021-08-10 12:16:28,441 [SCMBlockDeletingService#0] DEBUG block.SCMBlockDeletingService (DatanodeDeletedBlockTransactions.java:addTransactionToDN(50)) - Transaction added: ad4991cb-97ce-4dd6-b117-42e7f6b0816f <- TX(47)
2021-08-10 12:16:28,441 [SCMBlockDeletingService#0] DEBUG block.SCMBlockDeletingService (DatanodeDeletedBlockTransactions.java:addTransactionToDN(50)) - Transaction added: ad4991cb-97ce-4dd6-b117-42e7f6b0816f <- TX(48)
2021-08-10 12:16:28,441 [SCMBlockDeletingService#0] DEBUG block.SCMBlockDeletingService (DatanodeDeletedBlockTransactions.java:addTransactionToDN(50)) - Transaction added: ad4991cb-97ce-4dd6-b117-42e7f6b0816f <- TX(49)
2021-08-10 12:16:28,441 [SCMBlockDeletingService#0] DEBUG block.SCMBlockDeletingService (DatanodeDeletedBlockTransactions.java:addTransactionToDN(50)) - Transaction added: ad4991cb-97ce-4dd6-b117-42e7f6b0816f <- TX(50)
2021-08-10 12:16:28,441 [SCMBlockDeletingService#0] DEBUG block.SCMBlockDeletingService (DatanodeDeletedBlockTransactions.java:addTransactionToDN(50)) - Transaction added: ad4991cb-97ce-4dd6-b117-42e7f6b0816f <- TX(51)
2021-08-10 12:16:28,441 [SCMBlockDeletingService#0] DEBUG block.SCMBlockDeletingService (DatanodeDeletedBlockTransactions.java:addTransactionToDN(50)) - Transaction added: ad4991cb-97ce-4dd6-b117-42e7f6b0816f <- TX(52)
2021-08-10 12:16:28,441 [SCMBlockDeletingService#0] DEBUG block.SCMBlockDeletingService (DatanodeDeletedBlockTransactions.java:addTransactionToDN(50)) - Transaction added: ad4991cb-97ce-4dd6-b117-42e7f6b0816f <- TX(53)
2021-08-10 12:16:28,441 [SCMBlockDeletingService#0] DEBUG block.SCMBlockDeletingService (DatanodeDeletedBlockTransactions.java:addTransactionToDN(50)) - Transaction added: ad4991cb-97ce-4dd6-b117-42e7f6b0816f <- TX(54)
2021-08-10 12:16:28,441 [SCMBlockDeletingService#0] DEBUG block.SCMBlockDeletingService (DatanodeDeletedBlockTransactions.java:addTransactionToDN(50)) - Transaction added: ad4991cb-97ce-4dd6-b117-42e7f6b0816f <- TX(55)
2021-08-10 12:16:28,442 [SCMBlockDeletingService#0] DEBUG block.SCMBlockDeletingService (DatanodeDeletedBlockTransactions.java:addTransactionToDN(50)) - Transaction added: ad4991cb-97ce-4dd6-b117-42e7f6b0816f <- TX(56)
2021-08-10 12:16:28,442 [SCMBlockDeletingService#0] DEBUG block.SCMBlockDeletingService (SCMBlockDeletingService.java:call(164)) - Added delete block command for datanode ad4991cb-97ce-4dd6-b117-42e7f6b0816f in the queue, number of delete block transactions: 47
2021-08-10 12:16:28,442 [SCMBlockDeletingService#0] INFO  block.SCMBlockDeletingService (SCMBlockDeletingService.java:call(174)) - Totally added 47 blocks to be deleted for 1 datanodes, task elapsed time: 3ms
2021-08-10 12:16:28,539 [SCMBlockDeletingService#0] DEBUG block.SCMBlockDeletingService (SCMBlockDeletingService.java:call(133)) - Running DeletedBlockTransactionScanner
2021-08-10 12:16:28,540 [SCMBlockDeletingService#0] DEBUG block.SCMBlockDeletingService (DatanodeDeletedBlockTransactions.java:addTransactionToDN(50)) - Transaction added: ad4991cb-97ce-4dd6-b117-42e7f6b0816f <- TX(10)
2021-08-10 12:16:28,540 [SCMBlockDeletingService#0] DEBUG block.SCMBlockDeletingService (DatanodeDeletedBlockTransactions.java:addTransactionToDN(50)) - Transaction added: ad4991cb-97ce-4dd6-b117-42e7f6b0816f <- TX(11)
2021-08-10 12:16:28,540 [SCMBlockDeletingService#0] DEBUG block.SCMBlockDeletingService (DatanodeDeletedBlockTransactions.java:addTransactionToDN(50)) - Transaction added: ad4991cb-97ce-4dd6-b117-42e7f6b0816f <- TX(12)
2021-08-10 12:16:28,540 [SCMBlockDeletingService#0] DEBUG block.SCMBlockDeletingService (DatanodeDeletedBlockTransactions.java:addTransactionToDN(50)) - Transaction added: ad4991cb-97ce-4dd6-b117-42e7f6b0816f <- TX(13)
2021-08-10 12:16:28,540 [SCMBlockDeletingService#0] DEBUG block.SCMBlockDeletingService (DatanodeDeletedBlockTransactions.java:addTransactionToDN(50)) - Transaction added: ad4991cb-97ce-4dd6-b117-42e7f6b0816f <- TX(14)
2021-08-10 12:16:28,540 [SCMBlockDeletingService#0] DEBUG block.SCMBlockDeletingService (DatanodeDeletedBlockTransactions.java:addTransactionToDN(50)) - Transaction added: ad4991cb-97ce-4dd6-b117-42e7f6b0816f <- TX(15)
2021-08-10 12:16:28,540 [SCMBlockDeletingService#0] DEBUG block.SCMBlockDeletingService (DatanodeDeletedBlockTransactions.java:addTransactionToDN(50)) - Transaction added: ad4991cb-97ce-4dd6-b117-42e7f6b0816f <- TX(16)
2021-08-10 12:16:28,540 [SCMBlockDeletingService#0] DEBUG block.SCMBlockDeletingService (DatanodeDeletedBlockTransactions.java:addTransactionToDN(50)) - Transaction added: ad4991cb-97ce-4dd6-b117-42e7f6b0816f <- TX(17)
2021-08-10 12:16:28,540 [SCMBlockDeletingService#0] DEBUG block.SCMBlockDeletingService (DatanodeDeletedBlockTransactions.java:addTransactionToDN(50)) - Transaction added: ad4991cb-97ce-4dd6-b117-42e7f6b0816f <- TX(18)
2021-08-10 12:16:28,540 [SCMBlockDeletingService#0] DEBUG block.SCMBlockDeletingService (DatanodeDeletedBlockTransactions.java:addTransactionToDN(50)) - Transaction added: ad4991cb-97ce-4dd6-b117-42e7f6b0816f <- TX(19)
2021-08-10 12:16:28,540 [SCMBlockDeletingService#0] DEBUG block.SCMBlockDeletingService (DatanodeDeletedBlockTransactions.java:addTransactionToDN(50)) - Transaction added: ad4991cb-97ce-4dd6-b117-42e7f6b0816f <- TX(20)
2021-08-10 12:16:28,540 [SCMBlockDeletingService#0] DEBUG block.SCMBlockDeletingService (DatanodeDeletedBlockTransactions.java:addTransactionToDN(50)) - Transaction added: ad4991cb-97ce-4dd6-b117-42e7f6b0816f <- TX(21)
2021-08-10 12:16:28,540 [SCMBlockDeletingService#0] DEBUG block.SCMBlockDeletingService (DatanodeDeletedBlockTransactions.java:addTransactionToDN(50)) - Transaction added: ad4991cb-97ce-4dd6-b117-42e7f6b0816f <- TX(22)
2021-08-10 12:16:28,540 [SCMBlockDeletingService#0] DEBUG block.SCMBlockDeletingService (DatanodeDeletedBlockTransactions.java:addTransactionToDN(50)) - Transaction added: ad4991cb-97ce-4dd6-b117-42e7f6b0816f <- TX(23)
2021-08-10 12:16:28,540 [SCMBlockDeletingService#0] DEBUG block.SCMBlockDeletingService (DatanodeDeletedBlockTransactions.java:addTransactionToDN(50)) - Transaction added: ad4991cb-97ce-4dd6-b117-42e7f6b0816f <- TX(24)
2021-08-10 12:16:28,540 [SCMBlockDeletingService#0] DEBUG block.SCMBlockDeletingService (DatanodeDeletedBlockTransactions.java:addTransactionToDN(50)) - Transaction added: ad4991cb-97ce-4dd6-b117-42e7f6b0816f <- TX(25)
2021-08-10 12:16:28,540 [SCMBlockDeletingService#0] DEBUG block.SCMBlockDeletingService (DatanodeDeletedBlockTransactions.java:addTransactionToDN(50)) - Transaction added: ad4991cb-97ce-4dd6-b117-42e7f6b0816f <- TX(26)
2021-08-10 12:16:28,540 [SCMBlockDeletingService#0] DEBUG block.SCMBlockDeletingService (DatanodeDeletedBlockTransactions.java:addTransactionToDN(50)) - Transaction added: ad4991cb-97ce-4dd6-b117-42e7f6b0816f <- TX(27)
2021-08-10 12:16:28,540 [SCMBlockDeletingService#0] DEBUG block.SCMBlockDeletingService (DatanodeDeletedBlockTransactions.java:addTransactionToDN(50)) - Transaction added: ad4991cb-97ce-4dd6-b117-42e7f6b0816f <- TX(28)
2021-08-10 12:16:28,540 [SCMBlockDeletingService#0] DEBUG block.SCMBlockDeletingService (DatanodeDeletedBlockTransactions.java:addTransactionToDN(50)) - Transaction added: ad4991cb-97ce-4dd6-b117-42e7f6b0816f <- TX(29)
2021-08-10 12:16:28,540 [SCMBlockDeletingService#0] DEBUG block.SCMBlockDeletingService (DatanodeDeletedBlockTransactions.java:addTransactionToDN(50)) - Transaction added: ad4991cb-97ce-4dd6-b117-42e7f6b0816f <- TX(30)
2021-08-10 12:16:28,540 [SCMBlockDeletingService#0] DEBUG block.SCMBlockDeletingService (DatanodeDeletedBlockTransactions.java:addTransactionToDN(50)) - Transaction added: ad4991cb-97ce-4dd6-b117-42e7f6b0816f <- TX(31)
2021-08-10 12:16:28,540 [SCMBlockDeletingService#0] DEBUG block.SCMBlockDeletingService (DatanodeDeletedBlockTransactions.java:addTransactionToDN(50)) - Transaction added: ad4991cb-97ce-4dd6-b117-42e7f6b0816f <- TX(32)
2021-08-10 12:16:28,540 [SCMBlockDeletingService#0] DEBUG block.SCMBlockDeletingService (DatanodeDeletedBlockTransactions.java:addTransactionToDN(50)) - Transaction added: ad4991cb-97ce-4dd6-b117-42e7f6b0816f <- TX(33)
2021-08-10 12:16:28,540 [SCMBlockDeletingService#0] DEBUG block.SCMBlockDeletingService (DatanodeDeletedBlockTransactions.java:addTransactionToDN(50)) - Transaction added: ad4991cb-97ce-4dd6-b117-42e7f6b0816f <- TX(34)
2021-08-10 12:16:28,540 [SCMBlockDeletingService#0] DEBUG block.SCMBlockDeletingService (DatanodeDeletedBlockTransactions.java:addTransactionToDN(50)) - Transaction added: ad4991cb-97ce-4dd6-b117-42e7f6b0816f <- TX(35)
2021-08-10 12:16:28,540 [SCMBlockDeletingService#0] DEBUG block.SCMBlockDeletingService (DatanodeDeletedBlockTransactions.java:addTransactionToDN(50)) - Transaction added: ad4991cb-97ce-4dd6-b117-42e7f6b0816f <- TX(36)
2021-08-10 12:16:28,540 [SCMBlockDeletingService#0] DEBUG block.SCMBlockDeletingService (DatanodeDeletedBlockTransactions.java:addTransactionToDN(50)) - Transaction added: ad4991cb-97ce-4dd6-b117-42e7f6b0816f <- TX(37)
2021-08-10 12:16:28,540 [SCMBlockDeletingService#0] DEBUG block.SCMBlockDeletingService (DatanodeDeletedBlockTransactions.java:addTransactionToDN(50)) - Transaction added: ad4991cb-97ce-4dd6-b117-42e7f6b0816f <- TX(38)
2021-08-10 12:16:28,540 [SCMBlockDeletingService#0] DEBUG block.SCMBlockDeletingService (DatanodeDeletedBlockTransactions.java:addTransactionToDN(50)) - Transaction added: ad4991cb-97ce-4dd6-b117-42e7f6b0816f <- TX(39)
2021-08-10 12:16:28,540 [SCMBlockDeletingService#0] DEBUG block.SCMBlockDeletingService (DatanodeDeletedBlockTransactions.java:addTransactionToDN(50)) - Transaction added: ad4991cb-97ce-4dd6-b117-42e7f6b0816f <- TX(40)
2021-08-10 12:16:28,540 [SCMBlockDeletingService#0] DEBUG block.SCMBlockDeletingService (DatanodeDeletedBlockTransactions.java:addTransactionToDN(50)) - Transaction added: ad4991cb-97ce-4dd6-b117-42e7f6b0816f <- TX(41)
2021-08-10 12:16:28,540 [SCMBlockDeletingService#0] DEBUG block.SCMBlockDeletingService (DatanodeDeletedBlockTransactions.java:addTransactionToDN(50)) - Transaction added: ad4991cb-97ce-4dd6-b117-42e7f6b0816f <- TX(42)
2021-08-10 12:16:28,540 [SCMBlockDeletingService#0] DEBUG block.SCMBlockDeletingService (DatanodeDeletedBlockTransactions.java:addTransactionToDN(50)) - Transaction added: ad4991cb-97ce-4dd6-b117-42e7f6b0816f <- TX(43)
2021-08-10 12:16:28,541 [SCMBlockDeletingService#0] DEBUG block.SCMBlockDeletingService (DatanodeDeletedBlockTransactions.java:addTransactionToDN(50)) - Transaction added: ad4991cb-97ce-4dd6-b117-42e7f6b0816f <- TX(44)
2021-08-10 12:16:28,541 [SCMBlockDeletingService#0] DEBUG block.SCMBlockDeletingService (DatanodeDeletedBlockTransactions.java:addTransactionToDN(50)) - Transaction added: ad4991cb-97ce-4dd6-b117-42e7f6b0816f <- TX(45)
2021-08-10 12:16:28,541 [SCMBlockDeletingService#0] DEBUG block.SCMBlockDeletingService (DatanodeDeletedBlockTransactions.java:addTransactionToDN(50)) - Transaction added: ad4991cb-97ce-4dd6-b117-42e7f6b0816f <- TX(46)
2021-08-10 12:16:28,541 [SCMBlockDeletingService#0] DEBUG block.SCMBlockDeletingService (DatanodeDeletedBlockTransactions.java:addTransactionToDN(50)) - Transaction added: ad4991cb-97ce-4dd6-b117-42e7f6b0816f <- TX(47)
2021-08-10 12:16:28,541 [SCMBlockDeletingService#0] DEBUG block.SCMBlockDeletingService (DatanodeDeletedBlockTransactions.java:addTransactionToDN(50)) - Transaction added: ad4991cb-97ce-4dd6-b117-42e7f6b0816f <- TX(48)
2021-08-10 12:16:28,541 [SCMBlockDeletingService#0] DEBUG block.SCMBlockDeletingService (DatanodeDeletedBlockTransactions.java:addTransactionToDN(50)) - Transaction added: ad4991cb-97ce-4dd6-b117-42e7f6b0816f <- TX(49)
2021-08-10 12:16:28,541 [SCMBlockDeletingService#0] DEBUG block.SCMBlockDeletingService (DatanodeDeletedBlockTransactions.java:addTransactionToDN(50)) - Transaction added: ad4991cb-97ce-4dd6-b117-42e7f6b0816f <- TX(50)
2021-08-10 12:16:28,541 [SCMBlockDeletingService#0] DEBUG block.SCMBlockDeletingService (DatanodeDeletedBlockTransactions.java:addTransactionToDN(50)) - Transaction added: ad4991cb-97ce-4dd6-b117-42e7f6b0816f <- TX(51)
2021-08-10 12:16:28,541 [SCMBlockDeletingService#0] DEBUG block.SCMBlockDeletingService (DatanodeDeletedBlockTransactions.java:addTransactionToDN(50)) - Transaction added: ad4991cb-97ce-4dd6-b117-42e7f6b0816f <- TX(52)
2021-08-10 12:16:28,541 [SCMBlockDeletingService#0] DEBUG block.SCMBlockDeletingService (DatanodeDeletedBlockTransactions.java:addTransactionToDN(50)) - Transaction added: ad4991cb-97ce-4dd6-b117-42e7f6b0816f <- TX(53)
2021-08-10 12:16:28,541 [SCMBlockDeletingService#0] DEBUG block.SCMBlockDeletingService (DatanodeDeletedBlockTransactions.java:addTransactionToDN(50)) - Transaction added: ad4991cb-97ce-4dd6-b117-42e7f6b0816f <- TX(54)
2021-08-10 12:16:28,541 [SCMBlockDeletingService#0] DEBUG block.SCMBlockDeletingService (DatanodeDeletedBlockTransactions.java:addTransactionToDN(50)) - Transaction added: ad4991cb-97ce-4dd6-b117-42e7f6b0816f <- TX(55)
2021-08-10 12:16:28,541 [SCMBlockDeletingService#0] DEBUG block.SCMBlockDeletingService (DatanodeDeletedBlockTransactions.java:addTransactionToDN(50)) - Transaction added: ad4991cb-97ce-4dd6-b117-42e7f6b0816f <- TX(56)
2021-08-10 12:16:28,541 [SCMBlockDeletingService#0] DEBUG block.SCMBlockDeletingService (SCMBlockDeletingService.java:call(164)) - Added delete block command for datanode ad4991cb-97ce-4dd6-b117-42e7f6b0816f in the queue, number of delete block transactions: 47
2021-08-10 12:16:28,541 [SCMBlockDeletingService#0] INFO  block.SCMBlockDeletingService (SCMBlockDeletingService.java:call(174)) - Totally added 47 blocks to be deleted for 1 datanodes, task elapsed time: 2ms
2021-08-10 12:16:28,598 [EventQueue-DeleteBlockStatusForDeletedBlockLogImpl] DEBUG block.DeletedBlockLogImpl (DeletedBlockLogImpl.java:isTransactionFailed(278)) - Got block deletion ACK from datanode, TXIDs=10, success=true
2021-08-10 12:16:28,609 [EventQueue-DeleteBlockStatusForDeletedBlockLogImpl] DEBUG block.DeletedBlockLogImpl (DeletedBlockLogImpl.java:commitTransactions(250)) - Purging txId=10 from block deletion log
2021-08-10 12:16:28,609 [EventQueue-DeleteBlockStatusForDeletedBlockLogImpl] DEBUG block.DeletedBlockLogImpl (DeletedBlockLogImpl.java:commitTransactions(256)) - Datanode txId=10 containerId=#10 committed by dnId=ad4991cb-97ce-4dd6-b117-42e7f6b0816f
2021-08-10 12:16:28,609 [EventQueue-DeleteBlockStatusForDeletedBlockLogImpl] DEBUG block.DeletedBlockLogImpl (DeletedBlockLogImpl.java:isTransactionFailed(278)) - Got block deletion ACK from datanode, TXIDs=11, success=true
2021-08-10 12:16:28,609 [EventQueue-DeleteBlockStatusForDeletedBlockLogImpl] DEBUG block.DeletedBlockLogImpl (DeletedBlockLogImpl.java:commitTransactions(250)) - Purging txId=11 from block deletion log
2021-08-10 12:16:28,609 [EventQueue-DeleteBlockStatusForDeletedBlockLogImpl] DEBUG block.DeletedBlockLogImpl (DeletedBlockLogImpl.java:commitTransactions(256)) - Datanode txId=11 containerId=#11 committed by dnId=ad4991cb-97ce-4dd6-b117-42e7f6b0816f
2021-08-10 12:16:28,609 [EventQueue-DeleteBlockStatusForDeletedBlockLogImpl] DEBUG block.DeletedBlockLogImpl (DeletedBlockLogImpl.java:isTransactionFailed(278)) - Got block deletion ACK from datanode, TXIDs=12, success=true
2021-08-10 12:16:28,609 [EventQueue-DeleteBlockStatusForDeletedBlockLogImpl] DEBUG block.DeletedBlockLogImpl (DeletedBlockLogImpl.java:commitTransactions(250)) - Purging txId=12 from block deletion log
2021-08-10 12:16:28,609 [EventQueue-DeleteBlockStatusForDeletedBlockLogImpl] DEBUG block.DeletedBlockLogImpl (DeletedBlockLogImpl.java:commitTransactions(256)) - Datanode txId=12 containerId=#12 committed by dnId=ad4991cb-97ce-4dd6-b117-42e7f6b0816f
2021-08-10 12:16:28,609 [EventQueue-DeleteBlockStatusForDeletedBlockLogImpl] DEBUG block.DeletedBlockLogImpl (DeletedBlockLogImpl.java:isTransactionFailed(278)) - Got block deletion ACK from datanode, TXIDs=13, success=true
2021-08-10 12:16:28,609 [EventQueue-DeleteBlockStatusForDeletedBlockLogImpl] DEBUG block.DeletedBlockLogImpl (DeletedBlockLogImpl.java:commitTransactions(250)) - Purging txId=13 from block deletion log
2021-08-10 12:16:28,609 [EventQueue-DeleteBlockStatusForDeletedBlockLogImpl] DEBUG block.DeletedBlockLogImpl (DeletedBlockLogImpl.java:commitTransactions(256)) - Datanode txId=13 containerId=#13 committed by dnId=ad4991cb-97ce-4dd6-b117-42e7f6b0816f
2021-08-10 12:16:28,609 [EventQueue-DeleteBlockStatusForDeletedBlockLogImpl] DEBUG block.DeletedBlockLogImpl (DeletedBlockLogImpl.java:isTransactionFailed(278)) - Got block deletion ACK from datanode, TXIDs=14, success=true
2021-08-10 12:16:28,609 [EventQueue-DeleteBlockStatusForDeletedBlockLogImpl] DEBUG block.DeletedBlockLogImpl (DeletedBlockLogImpl.java:commitTransactions(250)) - Purging txId=14 from block deletion log
2021-08-10 12:16:28,609 [EventQueue-DeleteBlockStatusForDeletedBlockLogImpl] DEBUG block.DeletedBlockLogImpl (DeletedBlockLogImpl.java:commitTransactions(256)) - Datanode txId=14 containerId=#14 committed by dnId=ad4991cb-97ce-4dd6-b117-42e7f6b0816f
2021-08-10 12:16:28,609 [EventQueue-DeleteBlockStatusForDeletedBlockLogImpl] DEBUG block.DeletedBlockLogImpl (DeletedBlockLogImpl.java:isTransactionFailed(278)) - Got block deletion ACK from datanode, TXIDs=15, success=true
2021-08-10 12:16:28,609 [EventQueue-DeleteBlockStatusForDeletedBlockLogImpl] DEBUG block.DeletedBlockLogImpl (DeletedBlockLogImpl.java:commitTransactions(250)) - Purging txId=15 from block deletion log
2021-08-10 12:16:28,609 [EventQueue-DeleteBlockStatusForDeletedBlockLogImpl] DEBUG block.DeletedBlockLogImpl (DeletedBlockLogImpl.java:commitTransactions(256)) - Datanode txId=15 containerId=#15 committed by dnId=ad4991cb-97ce-4dd6-b117-42e7f6b0816f
2021-08-10 12:16:28,609 [EventQueue-DeleteBlockStatusForDeletedBlockLogImpl] DEBUG block.DeletedBlockLogImpl (DeletedBlockLogImpl.java:isTransactionFailed(278)) - Got block deletion ACK from datanode, TXIDs=16, success=true
2021-08-10 12:16:28,609 [EventQueue-DeleteBlockStatusForDeletedBlockLogImpl] DEBUG block.DeletedBlockLogImpl (DeletedBlockLogImpl.java:commitTransactions(250)) - Purging txId=16 from block deletion log
2021-08-10 12:16:28,609 [EventQueue-DeleteBlockStatusForDeletedBlockLogImpl] DEBUG block.DeletedBlockLogImpl (DeletedBlockLogImpl.java:commitTransactions(256)) - Datanode txId=16 containerId=#16 committed by dnId=ad4991cb-97ce-4dd6-b117-42e7f6b0816f
2021-08-10 12:16:28,609 [EventQueue-DeleteBlockStatusForDeletedBlockLogImpl] DEBUG block.DeletedBlockLogImpl (DeletedBlockLogImpl.java:isTransactionFailed(278)) - Got block deletion ACK from datanode, TXIDs=17, success=true
2021-08-10 12:16:28,609 [EventQueue-DeleteBlockStatusForDeletedBlockLogImpl] DEBUG block.DeletedBlockLogImpl (DeletedBlockLogImpl.java:commitTransactions(250)) - Purging txId=17 from block deletion log
2021-08-10 12:16:28,609 [EventQueue-DeleteBlockStatusForDeletedBlockLogImpl] DEBUG block.DeletedBlockLogImpl (DeletedBlockLogImpl.java:commitTransactions(256)) - Datanode txId=17 containerId=#17 committed by dnId=ad4991cb-97ce-4dd6-b117-42e7f6b0816f
2021-08-10 12:16:28,609 [EventQueue-DeleteBlockStatusForDeletedBlockLogImpl] DEBUG block.DeletedBlockLogImpl (DeletedBlockLogImpl.java:isTransactionFailed(278)) - Got block deletion ACK from datanode, TXIDs=18, success=true
2021-08-10 12:16:28,609 [EventQueue-DeleteBlockStatusForDeletedBlockLogImpl] DEBUG block.DeletedBlockLogImpl (DeletedBlockLogImpl.java:commitTransactions(250)) - Purging txId=18 from block deletion log
2021-08-10 12:16:28,609 [EventQueue-DeleteBlockStatusForDeletedBlockLogImpl] DEBUG block.DeletedBlockLogImpl (DeletedBlockLogImpl.java:commitTransactions(256)) - Datanode txId=18 containerId=#18 committed by dnId=ad4991cb-97ce-4dd6-b117-42e7f6b0816f
2021-08-10 12:16:28,609 [EventQueue-DeleteBlockStatusForDeletedBlockLogImpl] DEBUG block.DeletedBlockLogImpl (DeletedBlockLogImpl.java:isTransactionFailed(278)) - Got block deletion ACK from datanode, TXIDs=19, success=true
2021-08-10 12:16:28,609 [EventQueue-DeleteBlockStatusForDeletedBlockLogImpl] DEBUG block.DeletedBlockLogImpl (DeletedBlockLogImpl.java:commitTransactions(250)) - Purging txId=19 from block deletion log
2021-08-10 12:16:28,609 [EventQueue-DeleteBlockStatusForDeletedBlockLogImpl] DEBUG block.DeletedBlockLogImpl (DeletedBlockLogImpl.java:commitTransactions(256)) - Datanode txId=19 containerId=#19 committed by dnId=ad4991cb-97ce-4dd6-b117-42e7f6b0816f
2021-08-10 12:16:28,609 [EventQueue-DeleteBlockStatusForDeletedBlockLogImpl] DEBUG block.DeletedBlockLogImpl (DeletedBlockLogImpl.java:isTransactionFailed(278)) - Got block deletion ACK from datanode, TXIDs=20, success=true
2021-08-10 12:16:28,609 [EventQueue-DeleteBlockStatusForDeletedBlockLogImpl] DEBUG block.DeletedBlockLogImpl (DeletedBlockLogImpl.java:commitTransactions(250)) - Purging txId=20 from block deletion log
2021-08-10 12:16:28,609 [EventQueue-DeleteBlockStatusForDeletedBlockLogImpl] DEBUG block.DeletedBlockLogImpl (DeletedBlockLogImpl.java:commitTransactions(256)) - Datanode txId=20 containerId=#20 committed by dnId=ad4991cb-97ce-4dd6-b117-42e7f6b0816f
2021-08-10 12:16:28,610 [EventQueue-DeleteBlockStatusForDeletedBlockLogImpl] DEBUG block.DeletedBlockLogImpl (DeletedBlockLogImpl.java:isTransactionFailed(278)) - Got block deletion ACK from datanode, TXIDs=21, success=true
2021-08-10 12:16:28,610 [EventQueue-DeleteBlockStatusForDeletedBlockLogImpl] DEBUG block.DeletedBlockLogImpl (DeletedBlockLogImpl.java:commitTransactions(250)) - Purging txId=21 from block deletion log
2021-08-10 12:16:28,610 [EventQueue-DeleteBlockStatusForDeletedBlockLogImpl] DEBUG block.DeletedBlockLogImpl (DeletedBlockLogImpl.java:commitTransactions(256)) - Datanode txId=21 containerId=#21 committed by dnId=ad4991cb-97ce-4dd6-b117-42e7f6b0816f
2021-08-10 12:16:28,610 [EventQueue-DeleteBlockStatusForDeletedBlockLogImpl] DEBUG block.DeletedBlockLogImpl (DeletedBlockLogImpl.java:isTransactionFailed(278)) - Got block deletion ACK from datanode, TXIDs=22, success=true
2021-08-10 12:16:28,610 [EventQueue-DeleteBlockStatusForDeletedBlockLogImpl] DEBUG block.DeletedBlockLogImpl (DeletedBlockLogImpl.java:commitTransactions(250)) - Purging txId=22 from block deletion log
2021-08-10 12:16:28,610 [EventQueue-DeleteBlockStatusForDeletedBlockLogImpl] DEBUG block.DeletedBlockLogImpl (DeletedBlockLogImpl.java:commitTransactions(256)) - Datanode txId=22 containerId=#22 committed by dnId=ad4991cb-97ce-4dd6-b117-42e7f6b0816f
2021-08-10 12:16:28,610 [EventQueue-DeleteBlockStatusForDeletedBlockLogImpl] DEBUG block.DeletedBlockLogImpl (DeletedBlockLogImpl.java:isTransactionFailed(278)) - Got block deletion ACK from datanode, TXIDs=23, success=true
2021-08-10 12:16:28,610 [EventQueue-DeleteBlockStatusForDeletedBlockLogImpl] DEBUG block.DeletedBlockLogImpl (DeletedBlockLogImpl.java:commitTransactions(250)) - Purging txId=23 from block deletion log
2021-08-10 12:16:28,610 [EventQueue-DeleteBlockStatusForDeletedBlockLogImpl] DEBUG block.DeletedBlockLogImpl (DeletedBlockLogImpl.java:commitTransactions(256)) - Datanode txId=23 containerId=#23 committed by dnId=ad4991cb-97ce-4dd6-b117-42e7f6b0816f
2021-08-10 12:16:28,610 [EventQueue-DeleteBlockStatusForDeletedBlockLogImpl] DEBUG block.DeletedBlockLogImpl (DeletedBlockLogImpl.java:isTransactionFailed(278)) - Got block deletion ACK from datanode, TXIDs=24, success=true
2021-08-10 12:16:28,610 [EventQueue-DeleteBlockStatusForDeletedBlockLogImpl] DEBUG block.DeletedBlockLogImpl (DeletedBlockLogImpl.java:commitTransactions(250)) - Purging txId=24 from block deletion log
2021-08-10 12:16:28,610 [EventQueue-DeleteBlockStatusForDeletedBlockLogImpl] DEBUG block.DeletedBlockLogImpl (DeletedBlockLogImpl.java:commitTransactions(256)) - Datanode txId=24 containerId=#24 committed by dnId=ad4991cb-97ce-4dd6-b117-42e7f6b0816f
2021-08-10 12:16:28,610 [EventQueue-DeleteBlockStatusForDeletedBlockLogImpl] DEBUG block.DeletedBlockLogImpl (DeletedBlockLogImpl.java:isTransactionFailed(278)) - Got block deletion ACK from datanode, TXIDs=25, success=true
2021-08-10 12:16:28,610 [EventQueue-DeleteBlockStatusForDeletedBlockLogImpl] DEBUG block.DeletedBlockLogImpl (DeletedBlockLogImpl.java:commitTransactions(250)) - Purging txId=25 from block deletion log
2021-08-10 12:16:28,610 [EventQueue-DeleteBlockStatusForDeletedBlockLogImpl] DEBUG block.DeletedBlockLogImpl (DeletedBlockLogImpl.java:commitTransactions(256)) - Datanode txId=25 containerId=#25 committed by dnId=ad4991cb-97ce-4dd6-b117-42e7f6b0816f
2021-08-10 12:16:28,610 [EventQueue-DeleteBlockStatusForDeletedBlockLogImpl] DEBUG block.DeletedBlockLogImpl (DeletedBlockLogImpl.java:isTransactionFailed(278)) - Got block deletion ACK from datanode, TXIDs=26, success=true
2021-08-10 12:16:28,610 [EventQueue-DeleteBlockStatusForDeletedBlockLogImpl] DEBUG block.DeletedBlockLogImpl (DeletedBlockLogImpl.java:commitTransactions(250)) - Purging txId=26 from block deletion log
2021-08-10 12:16:28,610 [EventQueue-DeleteBlockStatusForDeletedBlockLogImpl] DEBUG block.DeletedBlockLogImpl (DeletedBlockLogImpl.java:commitTransactions(256)) - Datanode txId=26 containerId=#26 committed by dnId=ad4991cb-97ce-4dd6-b117-42e7f6b0816f
2021-08-10 12:16:28,610 [EventQueue-DeleteBlockStatusForDeletedBlockLogImpl] DEBUG block.DeletedBlockLogImpl (DeletedBlockLogImpl.java:isTransactionFailed(278)) - Got block deletion ACK from datanode, TXIDs=27, success=true
2021-08-10 12:16:28,610 [EventQueue-DeleteBlockStatusForDeletedBlockLogImpl] DEBUG block.DeletedBlockLogImpl (DeletedBlockLogImpl.java:commitTransactions(250)) - Purging txId=27 from block deletion log
2021-08-10 12:16:28,610 [EventQueue-DeleteBlockStatusForDeletedBlockLogImpl] DEBUG block.DeletedBlockLogImpl (DeletedBlockLogImpl.java:commitTransactions(256)) - Datanode txId=27 containerId=#27 committed by dnId=ad4991cb-97ce-4dd6-b117-42e7f6b0816f
2021-08-10 12:16:28,610 [EventQueue-DeleteBlockStatusForDeletedBlockLogImpl] DEBUG block.DeletedBlockLogImpl (DeletedBlockLogImpl.java:isTransactionFailed(278)) - Got block deletion ACK from datanode, TXIDs=28, success=true
2021-08-10 12:16:28,610 [EventQueue-DeleteBlockStatusForDeletedBlockLogImpl] DEBUG block.DeletedBlockLogImpl (DeletedBlockLogImpl.java:commitTransactions(250)) - Purging txId=28 from block deletion log
2021-08-10 12:16:28,610 [EventQueue-DeleteBlockStatusForDeletedBlockLogImpl] DEBUG block.DeletedBlockLogImpl (DeletedBlockLogImpl.java:commitTransactions(256)) - Datanode txId=28 containerId=#28 committed by dnId=ad4991cb-97ce-4dd6-b117-42e7f6b0816f
2021-08-10 12:16:28,610 [EventQueue-DeleteBlockStatusForDeletedBlockLogImpl] DEBUG block.DeletedBlockLogImpl (DeletedBlockLogImpl.java:isTransactionFailed(278)) - Got block deletion ACK from datanode, TXIDs=29, success=true
2021-08-10 12:16:28,610 [EventQueue-DeleteBlockStatusForDeletedBlockLogImpl] DEBUG block.DeletedBlockLogImpl (DeletedBlockLogImpl.java:commitTransactions(250)) - Purging txId=29 from block deletion log
2021-08-10 12:16:28,610 [EventQueue-DeleteBlockStatusForDeletedBlockLogImpl] DEBUG block.DeletedBlockLogImpl (DeletedBlockLogImpl.java:commitTransactions(256)) - Datanode txId=29 containerId=#29 committed by dnId=ad4991cb-97ce-4dd6-b117-42e7f6b0816f
2021-08-10 12:16:28,610 [EventQueue-DeleteBlockStatusForDeletedBlockLogImpl] DEBUG block.DeletedBlockLogImpl (DeletedBlockLogImpl.java:isTransactionFailed(278)) - Got block deletion ACK from datanode, TXIDs=30, success=true
2021-08-10 12:16:28,610 [EventQueue-DeleteBlockStatusForDeletedBlockLogImpl] DEBUG block.DeletedBlockLogImpl (DeletedBlockLogImpl.java:commitTransactions(250)) - Purging txId=30 from block deletion log
2021-08-10 12:16:28,610 [EventQueue-DeleteBlockStatusForDeletedBlockLogImpl] DEBUG block.DeletedBlockLogImpl (DeletedBlockLogImpl.java:commitTransactions(256)) - Datanode txId=30 containerId=#30 committed by dnId=ad4991cb-97ce-4dd6-b117-42e7f6b0816f
2021-08-10 12:16:28,610 [EventQueue-DeleteBlockStatusForDeletedBlockLogImpl] DEBUG block.DeletedBlockLogImpl (DeletedBlockLogImpl.java:isTransactionFailed(278)) - Got block deletion ACK from datanode, TXIDs=31, success=true
2021-08-10 12:16:28,610 [EventQueue-DeleteBlockStatusForDeletedBlockLogImpl] DEBUG block.DeletedBlockLogImpl (DeletedBlockLogImpl.java:commitTransactions(250)) - Purging txId=31 from block deletion log
2021-08-10 12:16:28,610 [EventQueue-DeleteBlockStatusForDeletedBlockLogImpl] DEBUG block.DeletedBlockLogImpl (DeletedBlockLogImpl.java:commitTransactions(256)) - Datanode txId=31 containerId=#31 committed by dnId=ad4991cb-97ce-4dd6-b117-42e7f6b0816f
2021-08-10 12:16:28,610 [EventQueue-DeleteBlockStatusForDeletedBlockLogImpl] DEBUG block.DeletedBlockLogImpl (DeletedBlockLogImpl.java:isTransactionFailed(278)) - Got block deletion ACK from datanode, TXIDs=32, success=true
2021-08-10 12:16:28,610 [EventQueue-DeleteBlockStatusForDeletedBlockLogImpl] DEBUG block.DeletedBlockLogImpl (DeletedBlockLogImpl.java:commitTransactions(250)) - Purging txId=32 from block deletion log
2021-08-10 12:16:28,610 [EventQueue-DeleteBlockStatusForDeletedBlockLogImpl] DEBUG block.DeletedBlockLogImpl (DeletedBlockLogImpl.java:commitTransactions(256)) - Datanode txId=32 containerId=#32 committed by dnId=ad4991cb-97ce-4dd6-b117-42e7f6b0816f
2021-08-10 12:16:28,610 [EventQueue-DeleteBlockStatusForDeletedBlockLogImpl] DEBUG block.DeletedBlockLogImpl (DeletedBlockLogImpl.java:isTransactionFailed(278)) - Got block deletion ACK from datanode, TXIDs=33, success=true
2021-08-10 12:16:28,610 [EventQueue-DeleteBlockStatusForDeletedBlockLogImpl] DEBUG block.DeletedBlockLogImpl (DeletedBlockLogImpl.java:commitTransactions(250)) - Purging txId=33 from block deletion log
2021-08-10 12:16:28,610 [EventQueue-DeleteBlockStatusForDeletedBlockLogImpl] DEBUG block.DeletedBlockLogImpl (DeletedBlockLogImpl.java:commitTransactions(256)) - Datanode txId=33 containerId=#33 committed by dnId=ad4991cb-97ce-4dd6-b117-42e7f6b0816f
2021-08-10 12:16:28,611 [EventQueue-DeleteBlockStatusForDeletedBlockLogImpl] DEBUG block.DeletedBlockLogImpl (DeletedBlockLogImpl.java:isTransactionFailed(278)) - Got block deletion ACK from datanode, TXIDs=34, success=true
2021-08-10 12:16:28,611 [EventQueue-DeleteBlockStatusForDeletedBlockLogImpl] DEBUG block.DeletedBlockLogImpl (DeletedBlockLogImpl.java:commitTransactions(250)) - Purging txId=34 from block deletion log
2021-08-10 12:16:28,611 [EventQueue-DeleteBlockStatusForDeletedBlockLogImpl] DEBUG block.DeletedBlockLogImpl (DeletedBlockLogImpl.java:commitTransactions(256)) - Datanode txId=34 containerId=#34 committed by dnId=ad4991cb-97ce-4dd6-b117-42e7f6b0816f
2021-08-10 12:16:28,611 [EventQueue-DeleteBlockStatusForDeletedBlockLogImpl] DEBUG block.DeletedBlockLogImpl (DeletedBlockLogImpl.java:isTransactionFailed(278)) - Got block deletion ACK from datanode, TXIDs=35, success=true
2021-08-10 12:16:28,611 [EventQueue-DeleteBlockStatusForDeletedBlockLogImpl] DEBUG block.DeletedBlockLogImpl (DeletedBlockLogImpl.java:commitTransactions(250)) - Purging txId=35 from block deletion log
2021-08-10 12:16:28,611 [EventQueue-DeleteBlockStatusForDeletedBlockLogImpl] DEBUG block.DeletedBlockLogImpl (DeletedBlockLogImpl.java:commitTransactions(256)) - Datanode txId=35 containerId=#35 committed by dnId=ad4991cb-97ce-4dd6-b117-42e7f6b0816f
2021-08-10 12:16:28,611 [EventQueue-DeleteBlockStatusForDeletedBlockLogImpl] DEBUG block.DeletedBlockLogImpl (DeletedBlockLogImpl.java:isTransactionFailed(278)) - Got block deletion ACK from datanode, TXIDs=36, success=true
2021-08-10 12:16:28,611 [EventQueue-DeleteBlockStatusForDeletedBlockLogImpl] DEBUG block.DeletedBlockLogImpl (DeletedBlockLogImpl.java:commitTransactions(250)) - Purging txId=36 from block deletion log
2021-08-10 12:16:28,611 [EventQueue-DeleteBlockStatusForDeletedBlockLogImpl] DEBUG block.DeletedBlockLogImpl (DeletedBlockLogImpl.java:commitTransactions(256)) - Datanode txId=36 containerId=#36 committed by dnId=ad4991cb-97ce-4dd6-b117-42e7f6b0816f
2021-08-10 12:16:28,611 [EventQueue-DeleteBlockStatusForDeletedBlockLogImpl] DEBUG block.DeletedBlockLogImpl (DeletedBlockLogImpl.java:isTransactionFailed(278)) - Got block deletion ACK from datanode, TXIDs=37, success=true
2021-08-10 12:16:28,611 [EventQueue-DeleteBlockStatusForDeletedBlockLogImpl] DEBUG block.DeletedBlockLogImpl (DeletedBlockLogImpl.java:commitTransactions(250)) - Purging txId=37 from block deletion log
2021-08-10 12:16:28,611 [EventQueue-DeleteBlockStatusForDeletedBlockLogImpl] DEBUG block.DeletedBlockLogImpl (DeletedBlockLogImpl.java:commitTransactions(256)) - Datanode txId=37 containerId=#37 committed by dnId=ad4991cb-97ce-4dd6-b117-42e7f6b0816f
2021-08-10 12:16:28,611 [EventQueue-DeleteBlockStatusForDeletedBlockLogImpl] DEBUG block.DeletedBlockLogImpl (DeletedBlockLogImpl.java:isTransactionFailed(278)) - Got block deletion ACK from datanode, TXIDs=38, success=true
2021-08-10 12:16:28,611 [EventQueue-DeleteBlockStatusForDeletedBlockLogImpl] DEBUG block.DeletedBlockLogImpl (DeletedBlockLogImpl.java:commitTransactions(250)) - Purging txId=38 from block deletion log
2021-08-10 12:16:28,611 [EventQueue-DeleteBlockStatusForDeletedBlockLogImpl] DEBUG block.DeletedBlockLogImpl (DeletedBlockLogImpl.java:commitTransactions(256)) - Datanode txId=38 containerId=#38 committed by dnId=ad4991cb-97ce-4dd6-b117-42e7f6b0816f
2021-08-10 12:16:28,611 [EventQueue-DeleteBlockStatusForDeletedBlockLogImpl] DEBUG block.DeletedBlockLogImpl (DeletedBlockLogImpl.java:isTransactionFailed(278)) - Got block deletion ACK from datanode, TXIDs=39, success=true
2021-08-10 12:16:28,611 [EventQueue-DeleteBlockStatusForDeletedBlockLogImpl] DEBUG block.DeletedBlockLogImpl (DeletedBlockLogImpl.java:commitTransactions(250)) - Purging txId=39 from block deletion log
2021-08-10 12:16:28,611 [EventQueue-DeleteBlockStatusForDeletedBlockLogImpl] DEBUG block.DeletedBlockLogImpl (DeletedBlockLogImpl.java:commitTransactions(256)) - Datanode txId=39 containerId=#39 committed by dnId=ad4991cb-97ce-4dd6-b117-42e7f6b0816f
2021-08-10 12:16:28,611 [EventQueue-DeleteBlockStatusForDeletedBlockLogImpl] DEBUG block.DeletedBlockLogImpl (DeletedBlockLogImpl.java:isTransactionFailed(278)) - Got block deletion ACK from datanode, TXIDs=40, success=true
2021-08-10 12:16:28,611 [EventQueue-DeleteBlockStatusForDeletedBlockLogImpl] DEBUG block.DeletedBlockLogImpl (DeletedBlockLogImpl.java:commitTransactions(250)) - Purging txId=40 from block deletion log
2021-08-10 12:16:28,611 [EventQueue-DeleteBlockStatusForDeletedBlockLogImpl] DEBUG block.DeletedBlockLogImpl (DeletedBlockLogImpl.java:commitTransactions(256)) - Datanode txId=40 containerId=#40 committed by dnId=ad4991cb-97ce-4dd6-b117-42e7f6b0816f
2021-08-10 12:16:28,611 [EventQueue-DeleteBlockStatusForDeletedBlockLogImpl] DEBUG block.DeletedBlockLogImpl (DeletedBlockLogImpl.java:isTransactionFailed(278)) - Got block deletion ACK from datanode, TXIDs=41, success=true
2021-08-10 12:16:28,611 [EventQueue-DeleteBlockStatusForDeletedBlockLogImpl] DEBUG block.DeletedBlockLogImpl (DeletedBlockLogImpl.java:commitTransactions(250)) - Purging txId=41 from block deletion log
2021-08-10 12:16:28,611 [EventQueue-DeleteBlockStatusForDeletedBlockLogImpl] DEBUG block.DeletedBlockLogImpl (DeletedBlockLogImpl.java:commitTransactions(256)) - Datanode txId=41 containerId=#41 committed by dnId=ad4991cb-97ce-4dd6-b117-42e7f6b0816f
2021-08-10 12:16:28,611 [EventQueue-DeleteBlockStatusForDeletedBlockLogImpl] DEBUG block.DeletedBlockLogImpl (DeletedBlockLogImpl.java:isTransactionFailed(278)) - Got block deletion ACK from datanode, TXIDs=42, success=true
2021-08-10 12:16:28,611 [EventQueue-DeleteBlockStatusForDeletedBlockLogImpl] DEBUG block.DeletedBlockLogImpl (DeletedBlockLogImpl.java:commitTransactions(250)) - Purging txId=42 from block deletion log
2021-08-10 12:16:28,611 [EventQueue-DeleteBlockStatusForDeletedBlockLogImpl] DEBUG block.DeletedBlockLogImpl (DeletedBlockLogImpl.java:commitTransactions(256)) - Datanode txId=42 containerId=#42 committed by dnId=ad4991cb-97ce-4dd6-b117-42e7f6b0816f
2021-08-10 12:16:28,611 [EventQueue-DeleteBlockStatusForDeletedBlockLogImpl] DEBUG block.DeletedBlockLogImpl (DeletedBlockLogImpl.java:isTransactionFailed(278)) - Got block deletion ACK from datanode, TXIDs=43, success=true
2021-08-10 12:16:28,611 [EventQueue-DeleteBlockStatusForDeletedBlockLogImpl] DEBUG block.DeletedBlockLogImpl (DeletedBlockLogImpl.java:commitTransactions(250)) - Purging txId=43 from block deletion log
2021-08-10 12:16:28,611 [EventQueue-DeleteBlockStatusForDeletedBlockLogImpl] DEBUG block.DeletedBlockLogImpl (DeletedBlockLogImpl.java:commitTransactions(256)) - Datanode txId=43 containerId=#43 committed by dnId=ad4991cb-97ce-4dd6-b117-42e7f6b0816f
2021-08-10 12:16:28,611 [EventQueue-DeleteBlockStatusForDeletedBlockLogImpl] DEBUG block.DeletedBlockLogImpl (DeletedBlockLogImpl.java:isTransactionFailed(278)) - Got block deletion ACK from datanode, TXIDs=44, success=true
2021-08-10 12:16:28,611 [EventQueue-DeleteBlockStatusForDeletedBlockLogImpl] DEBUG block.DeletedBlockLogImpl (DeletedBlockLogImpl.java:commitTransactions(250)) - Purging txId=44 from block deletion log
2021-08-10 12:16:28,611 [EventQueue-DeleteBlockStatusForDeletedBlockLogImpl] DEBUG block.DeletedBlockLogImpl (DeletedBlockLogImpl.java:commitTransactions(256)) - Datanode txId=44 containerId=#44 committed by dnId=ad4991cb-97ce-4dd6-b117-42e7f6b0816f
2021-08-10 12:16:28,611 [EventQueue-DeleteBlockStatusForDeletedBlockLogImpl] DEBUG block.DeletedBlockLogImpl (DeletedBlockLogImpl.java:isTransactionFailed(278)) - Got block deletion ACK from datanode, TXIDs=45, success=true
2021-08-10 12:16:28,611 [EventQueue-DeleteBlockStatusForDeletedBlockLogImpl] DEBUG block.DeletedBlockLogImpl (DeletedBlockLogImpl.java:commitTransactions(250)) - Purging txId=45 from block deletion log
2021-08-10 12:16:28,611 [EventQueue-DeleteBlockStatusForDeletedBlockLogImpl] DEBUG block.DeletedBlockLogImpl (DeletedBlockLogImpl.java:commitTransactions(256)) - Datanode txId=45 containerId=#45 committed by dnId=ad4991cb-97ce-4dd6-b117-42e7f6b0816f
2021-08-10 12:16:28,611 [EventQueue-DeleteBlockStatusForDeletedBlockLogImpl] DEBUG block.DeletedBlockLogImpl (DeletedBlockLogImpl.java:isTransactionFailed(278)) - Got block deletion ACK from datanode, TXIDs=46, success=true
2021-08-10 12:16:28,611 [EventQueue-DeleteBlockStatusForDeletedBlockLogImpl] DEBUG block.DeletedBlockLogImpl (DeletedBlockLogImpl.java:commitTransactions(250)) - Purging txId=46 from block deletion log
2021-08-10 12:16:28,612 [EventQueue-DeleteBlockStatusForDeletedBlockLogImpl] DEBUG block.DeletedBlockLogImpl (DeletedBlockLogImpl.java:commitTransactions(256)) - Datanode txId=46 containerId=#46 committed by dnId=ad4991cb-97ce-4dd6-b117-42e7f6b0816f
2021-08-10 12:16:28,612 [EventQueue-DeleteBlockStatusForDeletedBlockLogImpl] DEBUG block.DeletedBlockLogImpl (DeletedBlockLogImpl.java:isTransactionFailed(278)) - Got block deletion ACK from datanode, TXIDs=47, success=true
2021-08-10 12:16:28,612 [EventQueue-DeleteBlockStatusForDeletedBlockLogImpl] DEBUG block.DeletedBlockLogImpl (DeletedBlockLogImpl.java:commitTransactions(250)) - Purging txId=47 from block deletion log
2021-08-10 12:16:28,612 [EventQueue-DeleteBlockStatusForDeletedBlockLogImpl] DEBUG block.DeletedBlockLogImpl (DeletedBlockLogImpl.java:commitTransactions(256)) - Datanode txId=47 containerId=#47 committed by dnId=ad4991cb-97ce-4dd6-b117-42e7f6b0816f
2021-08-10 12:16:28,612 [EventQueue-DeleteBlockStatusForDeletedBlockLogImpl] DEBUG block.DeletedBlockLogImpl (DeletedBlockLogImpl.java:isTransactionFailed(278)) - Got block deletion ACK from datanode, TXIDs=48, success=true
2021-08-10 12:16:28,612 [EventQueue-DeleteBlockStatusForDeletedBlockLogImpl] DEBUG block.DeletedBlockLogImpl (DeletedBlockLogImpl.java:commitTransactions(250)) - Purging txId=48 from block deletion log
2021-08-10 12:16:28,612 [EventQueue-DeleteBlockStatusForDeletedBlockLogImpl] DEBUG block.DeletedBlockLogImpl (DeletedBlockLogImpl.java:commitTransactions(256)) - Datanode txId=48 containerId=#48 committed by dnId=ad4991cb-97ce-4dd6-b117-42e7f6b0816f
2021-08-10 12:16:28,612 [EventQueue-DeleteBlockStatusForDeletedBlockLogImpl] DEBUG block.DeletedBlockLogImpl (DeletedBlockLogImpl.java:isTransactionFailed(278)) - Got block deletion ACK from datanode, TXIDs=49, success=true
2021-08-10 12:16:28,612 [EventQueue-DeleteBlockStatusForDeletedBlockLogImpl] DEBUG block.DeletedBlockLogImpl (DeletedBlockLogImpl.java:commitTransactions(250)) - Purging txId=49 from block deletion log
2021-08-10 12:16:28,612 [EventQueue-DeleteBlockStatusForDeletedBlockLogImpl] DEBUG block.DeletedBlockLogImpl (DeletedBlockLogImpl.java:commitTransactions(256)) - Datanode txId=49 containerId=#49 committed by dnId=ad4991cb-97ce-4dd6-b117-42e7f6b0816f
2021-08-10 12:16:28,612 [EventQueue-DeleteBlockStatusForDeletedBlockLogImpl] DEBUG block.DeletedBlockLogImpl (DeletedBlockLogImpl.java:isTransactionFailed(278)) - Got block deletion ACK from datanode, TXIDs=50, success=true
2021-08-10 12:16:28,612 [EventQueue-DeleteBlockStatusForDeletedBlockLogImpl] DEBUG block.DeletedBlockLogImpl (DeletedBlockLogImpl.java:commitTransactions(250)) - Purging txId=50 from block deletion log
2021-08-10 12:16:28,612 [EventQueue-DeleteBlockStatusForDeletedBlockLogImpl] DEBUG block.DeletedBlockLogImpl (DeletedBlockLogImpl.java:commitTransactions(256)) - Datanode txId=50 containerId=#50 committed by dnId=ad4991cb-97ce-4dd6-b117-42e7f6b0816f
2021-08-10 12:16:28,612 [EventQueue-DeleteBlockStatusForDeletedBlockLogImpl] DEBUG block.DeletedBlockLogImpl (DeletedBlockLogImpl.java:isTransactionFailed(278)) - Got block deletion ACK from datanode, TXIDs=51, success=true
2021-08-10 12:16:28,612 [EventQueue-DeleteBlockStatusForDeletedBlockLogImpl] DEBUG block.DeletedBlockLogImpl (DeletedBlockLogImpl.java:commitTransactions(250)) - Purging txId=51 from block deletion log
2021-08-10 12:16:28,612 [EventQueue-DeleteBlockStatusForDeletedBlockLogImpl] DEBUG block.DeletedBlockLogImpl (DeletedBlockLogImpl.java:commitTransactions(256)) - Datanode txId=51 containerId=#51 committed by dnId=ad4991cb-97ce-4dd6-b117-42e7f6b0816f
2021-08-10 12:16:28,612 [EventQueue-DeleteBlockStatusForDeletedBlockLogImpl] DEBUG block.DeletedBlockLogImpl (DeletedBlockLogImpl.java:isTransactionFailed(278)) - Got block deletion ACK from datanode, TXIDs=52, success=true
2021-08-10 12:16:28,612 [EventQueue-DeleteBlockStatusForDeletedBlockLogImpl] DEBUG block.DeletedBlockLogImpl (DeletedBlockLogImpl.java:commitTransactions(250)) - Purging txId=52 from block deletion log
2021-08-10 12:16:28,612 [EventQueue-DeleteBlockStatusForDeletedBlockLogImpl] DEBUG block.DeletedBlockLogImpl (DeletedBlockLogImpl.java:commitTransactions(256)) - Datanode txId=52 containerId=#52 committed by dnId=ad4991cb-97ce-4dd6-b117-42e7f6b0816f
2021-08-10 12:16:28,612 [EventQueue-DeleteBlockStatusForDeletedBlockLogImpl] DEBUG block.DeletedBlockLogImpl (DeletedBlockLogImpl.java:isTransactionFailed(278)) - Got block deletion ACK from datanode, TXIDs=53, success=true
2021-08-10 12:16:28,612 [EventQueue-DeleteBlockStatusForDeletedBlockLogImpl] DEBUG block.DeletedBlockLogImpl (DeletedBlockLogImpl.java:commitTransactions(250)) - Purging txId=53 from block deletion log
2021-08-10 12:16:28,612 [EventQueue-DeleteBlockStatusForDeletedBlockLogImpl] DEBUG block.DeletedBlockLogImpl (DeletedBlockLogImpl.java:commitTransactions(256)) - Datanode txId=53 containerId=#53 committed by dnId=ad4991cb-97ce-4dd6-b117-42e7f6b0816f
2021-08-10 12:16:28,612 [EventQueue-DeleteBlockStatusForDeletedBlockLogImpl] DEBUG block.DeletedBlockLogImpl (DeletedBlockLogImpl.java:isTransactionFailed(278)) - Got block deletion ACK from datanode, TXIDs=54, success=true
2021-08-10 12:16:28,612 [EventQueue-DeleteBlockStatusForDeletedBlockLogImpl] DEBUG block.DeletedBlockLogImpl (DeletedBlockLogImpl.java:commitTransactions(250)) - Purging txId=54 from block deletion log
2021-08-10 12:16:28,612 [EventQueue-DeleteBlockStatusForDeletedBlockLogImpl] DEBUG block.DeletedBlockLogImpl (DeletedBlockLogImpl.java:commitTransactions(256)) - Datanode txId=54 containerId=#54 committed by dnId=ad4991cb-97ce-4dd6-b117-42e7f6b0816f
2021-08-10 12:16:28,612 [EventQueue-DeleteBlockStatusForDeletedBlockLogImpl] DEBUG block.DeletedBlockLogImpl (DeletedBlockLogImpl.java:isTransactionFailed(278)) - Got block deletion ACK from datanode, TXIDs=55, success=true
2021-08-10 12:16:28,612 [EventQueue-DeleteBlockStatusForDeletedBlockLogImpl] DEBUG block.DeletedBlockLogImpl (DeletedBlockLogImpl.java:commitTransactions(250)) - Purging txId=55 from block deletion log
2021-08-10 12:16:28,612 [EventQueue-DeleteBlockStatusForDeletedBlockLogImpl] DEBUG block.DeletedBlockLogImpl (DeletedBlockLogImpl.java:commitTransactions(256)) - Datanode txId=55 containerId=#55 committed by dnId=ad4991cb-97ce-4dd6-b117-42e7f6b0816f
2021-08-10 12:16:28,612 [EventQueue-DeleteBlockStatusForDeletedBlockLogImpl] DEBUG block.DeletedBlockLogImpl (DeletedBlockLogImpl.java:isTransactionFailed(278)) - Got block deletion ACK from datanode, TXIDs=56, success=true
2021-08-10 12:16:28,612 [EventQueue-DeleteBlockStatusForDeletedBlockLogImpl] DEBUG block.DeletedBlockLogImpl (DeletedBlockLogImpl.java:commitTransactions(250)) - Purging txId=56 from block deletion log
2021-08-10 12:16:28,612 [EventQueue-DeleteBlockStatusForDeletedBlockLogImpl] DEBUG block.DeletedBlockLogImpl (DeletedBlockLogImpl.java:commitTransactions(256)) - Datanode txId=56 containerId=#56 committed by dnId=ad4991cb-97ce-4dd6-b117-42e7f6b0816f
2021-08-10 12:16:28,613 [EventQueue-DeleteBlockStatusForDeletedBlockLogImpl] DEBUG block.DeletedBlockLogImpl (DeletedBlockLogImpl.java:isTransactionFailed(278)) - Got block deletion ACK from datanode, TXIDs=10, success=true
2021-08-10 12:16:28,613 [EventQueue-DeleteBlockStatusForDeletedBlockLogImpl] DEBUG block.DeletedBlockLogImpl (DeletedBlockLogImpl.java:commitTransactions(224)) - Transaction txId=10 commit by dnId=ad4991cb-97ce-4dd6-b117-42e7f6b0816f for containerID=#10 failed. Corresponding entry not found.
2021-08-10 12:16:28,613 [EventQueue-DeleteBlockStatusForDeletedBlockLogImpl] DEBUG block.DeletedBlockLogImpl (DeletedBlockLogImpl.java:isTransactionFailed(278)) - Got block deletion ACK from datanode, TXIDs=11, success=true
2021-08-10 12:16:28,613 [EventQueue-DeleteBlockStatusForDeletedBlockLogImpl] DEBUG block.DeletedBlockLogImpl (DeletedBlockLogImpl.java:commitTransactions(224)) - Transaction txId=11 commit by dnId=ad4991cb-97ce-4dd6-b117-42e7f6b0816f for containerID=#11 failed. Corresponding entry not found.
2021-08-10 12:16:28,613 [EventQueue-DeleteBlockStatusForDeletedBlockLogImpl] DEBUG block.DeletedBlockLogImpl (DeletedBlockLogImpl.java:isTransactionFailed(278)) - Got block deletion ACK from datanode, TXIDs=12, success=true
2021-08-10 12:16:28,613 [EventQueue-DeleteBlockStatusForDeletedBlockLogImpl] DEBUG block.DeletedBlockLogImpl (DeletedBlockLogImpl.java:commitTransactions(224)) - Transaction txId=12 commit by dnId=ad4991cb-97ce-4dd6-b117-42e7f6b0816f for containerID=#12 failed. Corresponding entry not found.
2021-08-10 12:16:28,613 [EventQueue-DeleteBlockStatusForDeletedBlockLogImpl] DEBUG block.DeletedBlockLogImpl (DeletedBlockLogImpl.java:isTransactionFailed(278)) - Got block deletion ACK from datanode, TXIDs=13, success=true
2021-08-10 12:16:28,613 [EventQueue-DeleteBlockStatusForDeletedBlockLogImpl] DEBUG block.DeletedBlockLogImpl (DeletedBlockLogImpl.java:commitTransactions(224)) - Transaction txId=13 commit by dnId=ad4991cb-97ce-4dd6-b117-42e7f6b0816f for containerID=#13 failed. Corresponding entry not found.
2021-08-10 12:16:28,613 [EventQueue-DeleteBlockStatusForDeletedBlockLogImpl] DEBUG block.DeletedBlockLogImpl (DeletedBlockLogImpl.java:isTransactionFailed(278)) - Got block deletion ACK from datanode, TXIDs=14, success=true
2021-08-10 12:16:28,613 [EventQueue-DeleteBlockStatusForDeletedBlockLogImpl] DEBUG block.DeletedBlockLogImpl (DeletedBlockLogImpl.java:commitTransactions(224)) - Transaction txId=14 commit by dnId=ad4991cb-97ce-4dd6-b117-42e7f6b0816f for containerID=#14 failed. Corresponding entry not found.
2021-08-10 12:16:28,613 [EventQueue-DeleteBlockStatusForDeletedBlockLogImpl] DEBUG block.DeletedBlockLogImpl (DeletedBlockLogImpl.java:isTransactionFailed(278)) - Got block deletion ACK from datanode, TXIDs=15, success=true
2021-08-10 12:16:28,613 [EventQueue-DeleteBlockStatusForDeletedBlockLogImpl] DEBUG block.DeletedBlockLogImpl (DeletedBlockLogImpl.java:commitTransactions(224)) - Transaction txId=15 commit by dnId=ad4991cb-97ce-4dd6-b117-42e7f6b0816f for containerID=#15 failed. Corresponding entry not found.
2021-08-10 12:16:28,613 [EventQueue-DeleteBlockStatusForDeletedBlockLogImpl] DEBUG block.DeletedBlockLogImpl (DeletedBlockLogImpl.java:isTransactionFailed(278)) - Got block deletion ACK from datanode, TXIDs=16, success=true
2021-08-10 12:16:28,613 [EventQueue-DeleteBlockStatusForDeletedBlockLogImpl] DEBUG block.DeletedBlockLogImpl (DeletedBlockLogImpl.java:commitTransactions(224)) - Transaction txId=16 commit by dnId=ad4991cb-97ce-4dd6-b117-42e7f6b0816f for containerID=#16 failed. Corresponding entry not found.
2021-08-10 12:16:28,613 [EventQueue-DeleteBlockStatusForDeletedBlockLogImpl] DEBUG block.DeletedBlockLogImpl (DeletedBlockLogImpl.java:isTransactionFailed(278)) - Got block deletion ACK from datanode, TXIDs=17, success=true
2021-08-10 12:16:28,613 [EventQueue-DeleteBlockStatusForDeletedBlockLogImpl] DEBUG block.DeletedBlockLogImpl (DeletedBlockLogImpl.java:commitTransactions(224)) - Transaction txId=17 commit by dnId=ad4991cb-97ce-4dd6-b117-42e7f6b0816f for containerID=#17 failed. Corresponding entry not found.
2021-08-10 12:16:28,613 [EventQueue-DeleteBlockStatusForDeletedBlockLogImpl] DEBUG block.DeletedBlockLogImpl (DeletedBlockLogImpl.java:isTransactionFailed(278)) - Got block deletion ACK from datanode, TXIDs=18, success=true
2021-08-10 12:16:28,613 [EventQueue-DeleteBlockStatusForDeletedBlockLogImpl] DEBUG block.DeletedBlockLogImpl (DeletedBlockLogImpl.java:commitTransactions(224)) - Transaction txId=18 commit by dnId=ad4991cb-97ce-4dd6-b117-42e7f6b0816f for containerID=#18 failed. Corresponding entry not found.
2021-08-10 12:16:28,613 [EventQueue-DeleteBlockStatusForDeletedBlockLogImpl] DEBUG block.DeletedBlockLogImpl (DeletedBlockLogImpl.java:isTransactionFailed(278)) - Got block deletion ACK from datanode, TXIDs=19, success=true
2021-08-10 12:16:28,613 [EventQueue-DeleteBlockStatusForDeletedBlockLogImpl] DEBUG block.DeletedBlockLogImpl (DeletedBlockLogImpl.java:commitTransactions(224)) - Transaction txId=19 commit by dnId=ad4991cb-97ce-4dd6-b117-42e7f6b0816f for containerID=#19 failed. Corresponding entry not found.
2021-08-10 12:16:28,613 [EventQueue-DeleteBlockStatusForDeletedBlockLogImpl] DEBUG block.DeletedBlockLogImpl (DeletedBlockLogImpl.java:isTransactionFailed(278)) - Got block deletion ACK from datanode, TXIDs=20, success=true
2021-08-10 12:16:28,613 [EventQueue-DeleteBlockStatusForDeletedBlockLogImpl] DEBUG block.DeletedBlockLogImpl (DeletedBlockLogImpl.java:commitTransactions(224)) - Transaction txId=20 commit by dnId=ad4991cb-97ce-4dd6-b117-42e7f6b0816f for containerID=#20 failed. Corresponding entry not found.
2021-08-10 12:16:28,613 [EventQueue-DeleteBlockStatusForDeletedBlockLogImpl] DEBUG block.DeletedBlockLogImpl (DeletedBlockLogImpl.java:isTransactionFailed(278)) - Got block deletion ACK from datanode, TXIDs=21, success=true
2021-08-10 12:16:28,613 [EventQueue-DeleteBlockStatusForDeletedBlockLogImpl] DEBUG block.DeletedBlockLogImpl (DeletedBlockLogImpl.java:commitTransactions(224)) - Transaction txId=21 commit by dnId=ad4991cb-97ce-4dd6-b117-42e7f6b0816f for containerID=#21 failed. Corresponding entry not found.
2021-08-10 12:16:28,613 [EventQueue-DeleteBlockStatusForDeletedBlockLogImpl] DEBUG block.DeletedBlockLogImpl (DeletedBlockLogImpl.java:isTransactionFailed(278)) - Got block deletion ACK from datanode, TXIDs=22, success=true
2021-08-10 12:16:28,613 [EventQueue-DeleteBlockStatusForDeletedBlockLogImpl] DEBUG block.DeletedBlockLogImpl (DeletedBlockLogImpl.java:commitTransactions(224)) - Transaction txId=22 commit by dnId=ad4991cb-97ce-4dd6-b117-42e7f6b0816f for containerID=#22 failed. Corresponding entry not found.
2021-08-10 12:16:28,613 [EventQueue-DeleteBlockStatusForDeletedBlockLogImpl] DEBUG block.DeletedBlockLogImpl (DeletedBlockLogImpl.java:isTransactionFailed(278)) - Got block deletion ACK from datanode, TXIDs=23, success=true
2021-08-10 12:16:28,613 [EventQueue-DeleteBlockStatusForDeletedBlockLogImpl] DEBUG block.DeletedBlockLogImpl (DeletedBlockLogImpl.java:commitTransactions(224)) - Transaction txId=23 commit by dnId=ad4991cb-97ce-4dd6-b117-42e7f6b0816f for containerID=#23 failed. Corresponding entry not found.
2021-08-10 12:16:28,613 [EventQueue-DeleteBlockStatusForDeletedBlockLogImpl] DEBUG block.DeletedBlockLogImpl (DeletedBlockLogImpl.java:isTransactionFailed(278)) - Got block deletion ACK from datanode, TXIDs=24, success=true
2021-08-10 12:16:28,613 [EventQueue-DeleteBlockStatusForDeletedBlockLogImpl] DEBUG block.DeletedBlockLogImpl (DeletedBlockLogImpl.java:commitTransactions(224)) - Transaction txId=24 commit by dnId=ad4991cb-97ce-4dd6-b117-42e7f6b0816f for containerID=#24 failed. Corresponding entry not found.
2021-08-10 12:16:28,613 [EventQueue-DeleteBlockStatusForDeletedBlockLogImpl] DEBUG block.DeletedBlockLogImpl (DeletedBlockLogImpl.java:isTransactionFailed(278)) - Got block deletion ACK from datanode, TXIDs=25, success=true
2021-08-10 12:16:28,613 [EventQueue-DeleteBlockStatusForDeletedBlockLogImpl] DEBUG block.DeletedBlockLogImpl (DeletedBlockLogImpl.java:commitTransactions(224)) - Transaction txId=25 commit by dnId=ad4991cb-97ce-4dd6-b117-42e7f6b0816f for containerID=#25 failed. Corresponding entry not found.
2021-08-10 12:16:28,613 [EventQueue-DeleteBlockStatusForDeletedBlockLogImpl] DEBUG block.DeletedBlockLogImpl (DeletedBlockLogImpl.java:isTransactionFailed(278)) - Got block deletion ACK from datanode, TXIDs=26, success=true
2021-08-10 12:16:28,613 [EventQueue-DeleteBlockStatusForDeletedBlockLogImpl] DEBUG block.DeletedBlockLogImpl (DeletedBlockLogImpl.java:commitTransactions(224)) - Transaction txId=26 commit by dnId=ad4991cb-97ce-4dd6-b117-42e7f6b0816f for containerID=#26 failed. Corresponding entry not found.
2021-08-10 12:16:28,613 [EventQueue-DeleteBlockStatusForDeletedBlockLogImpl] DEBUG block.DeletedBlockLogImpl (DeletedBlockLogImpl.java:isTransactionFailed(278)) - Got block deletion ACK from datanode, TXIDs=27, success=true
2021-08-10 12:16:28,613 [EventQueue-DeleteBlockStatusForDeletedBlockLogImpl] DEBUG block.DeletedBlockLogImpl (DeletedBlockLogImpl.java:commitTransactions(224)) - Transaction txId=27 commit by dnId=ad4991cb-97ce-4dd6-b117-42e7f6b0816f for containerID=#27 failed. Corresponding entry not found.
2021-08-10 12:16:28,613 [EventQueue-DeleteBlockStatusForDeletedBlockLogImpl] DEBUG block.DeletedBlockLogImpl (DeletedBlockLogImpl.java:isTransactionFailed(278)) - Got block deletion ACK from datanode, TXIDs=28, success=true
2021-08-10 12:16:28,613 [EventQueue-DeleteBlockStatusForDeletedBlockLogImpl] DEBUG block.DeletedBlockLogImpl (DeletedBlockLogImpl.java:commitTransactions(224)) - Transaction txId=28 commit by dnId=ad4991cb-97ce-4dd6-b117-42e7f6b0816f for containerID=#28 failed. Corresponding entry not found.
2021-08-10 12:16:28,613 [EventQueue-DeleteBlockStatusForDeletedBlockLogImpl] DEBUG block.DeletedBlockLogImpl (DeletedBlockLogImpl.java:isTransactionFailed(278)) - Got block deletion ACK from datanode, TXIDs=29, success=true
2021-08-10 12:16:28,613 [EventQueue-DeleteBlockStatusForDeletedBlockLogImpl] DEBUG block.DeletedBlockLogImpl (DeletedBlockLogImpl.java:commitTransactions(224)) - Transaction txId=29 commit by dnId=ad4991cb-97ce-4dd6-b117-42e7f6b0816f for containerID=#29 failed. Corresponding entry not found.
2021-08-10 12:16:28,613 [EventQueue-DeleteBlockStatusForDeletedBlockLogImpl] DEBUG block.DeletedBlockLogImpl (DeletedBlockLogImpl.java:isTransactionFailed(278)) - Got block deletion ACK from datanode, TXIDs=30, success=true
2021-08-10 12:16:28,613 [EventQueue-DeleteBlockStatusForDeletedBlockLogImpl] DEBUG block.DeletedBlockLogImpl (DeletedBlockLogImpl.java:commitTransactions(224)) - Transaction txId=30 commit by dnId=ad4991cb-97ce-4dd6-b117-42e7f6b0816f for containerID=#30 failed. Corresponding entry not found.
2021-08-10 12:16:28,614 [EventQueue-DeleteBlockStatusForDeletedBlockLogImpl] DEBUG block.DeletedBlockLogImpl (DeletedBlockLogImpl.java:isTransactionFailed(278)) - Got block deletion ACK from datanode, TXIDs=31, success=true
2021-08-10 12:16:28,614 [EventQueue-DeleteBlockStatusForDeletedBlockLogImpl] DEBUG block.DeletedBlockLogImpl (DeletedBlockLogImpl.java:commitTransactions(224)) - Transaction txId=31 commit by dnId=ad4991cb-97ce-4dd6-b117-42e7f6b0816f for containerID=#31 failed. Corresponding entry not found.
2021-08-10 12:16:28,614 [EventQueue-DeleteBlockStatusForDeletedBlockLogImpl] DEBUG block.DeletedBlockLogImpl (DeletedBlockLogImpl.java:isTransactionFailed(278)) - Got block deletion ACK from datanode, TXIDs=32, success=true
2021-08-10 12:16:28,614 [EventQueue-DeleteBlockStatusForDeletedBlockLogImpl] DEBUG block.DeletedBlockLogImpl (DeletedBlockLogImpl.java:commitTransactions(224)) - Transaction txId=32 commit by dnId=ad4991cb-97ce-4dd6-b117-42e7f6b0816f for containerID=#32 failed. Corresponding entry not found.
2021-08-10 12:16:28,614 [EventQueue-DeleteBlockStatusForDeletedBlockLogImpl] DEBUG block.DeletedBlockLogImpl (DeletedBlockLogImpl.java:isTransactionFailed(278)) - Got block deletion ACK from datanode, TXIDs=33, success=true
2021-08-10 12:16:28,614 [EventQueue-DeleteBlockStatusForDeletedBlockLogImpl] DEBUG block.DeletedBlockLogImpl (DeletedBlockLogImpl.java:commitTransactions(224)) - Transaction txId=33 commit by dnId=ad4991cb-97ce-4dd6-b117-42e7f6b0816f for containerID=#33 failed. Corresponding entry not found.
2021-08-10 12:16:28,614 [EventQueue-DeleteBlockStatusForDeletedBlockLogImpl] DEBUG block.DeletedBlockLogImpl (DeletedBlockLogImpl.java:isTransactionFailed(278)) - Got block deletion ACK from datanode, TXIDs=34, success=true
2021-08-10 12:16:28,614 [EventQueue-DeleteBlockStatusForDeletedBlockLogImpl] DEBUG block.DeletedBlockLogImpl (DeletedBlockLogImpl.java:commitTransactions(224)) - Transaction txId=34 commit by dnId=ad4991cb-97ce-4dd6-b117-42e7f6b0816f for containerID=#34 failed. Corresponding entry not found.
2021-08-10 12:16:28,614 [EventQueue-DeleteBlockStatusForDeletedBlockLogImpl] DEBUG block.DeletedBlockLogImpl (DeletedBlockLogImpl.java:isTransactionFailed(278)) - Got block deletion ACK from datanode, TXIDs=35, success=true
2021-08-10 12:16:28,614 [EventQueue-DeleteBlockStatusForDeletedBlockLogImpl] DEBUG block.DeletedBlockLogImpl (DeletedBlockLogImpl.java:commitTransactions(224)) - Transaction txId=35 commit by dnId=ad4991cb-97ce-4dd6-b117-42e7f6b0816f for containerID=#35 failed. Corresponding entry not found.
2021-08-10 12:16:28,614 [EventQueue-DeleteBlockStatusForDeletedBlockLogImpl] DEBUG block.DeletedBlockLogImpl (DeletedBlockLogImpl.java:isTransactionFailed(278)) - Got block deletion ACK from datanode, TXIDs=36, success=true
2021-08-10 12:16:28,614 [EventQueue-DeleteBlockStatusForDeletedBlockLogImpl] DEBUG block.DeletedBlockLogImpl (DeletedBlockLogImpl.java:commitTransactions(224)) - Transaction txId=36 commit by dnId=ad4991cb-97ce-4dd6-b117-42e7f6b0816f for containerID=#36 failed. Corresponding entry not found.
2021-08-10 12:16:28,614 [EventQueue-DeleteBlockStatusForDeletedBlockLogImpl] DEBUG block.DeletedBlockLogImpl (DeletedBlockLogImpl.java:isTransactionFailed(278)) - Got block deletion ACK from datanode, TXIDs=37, success=true
2021-08-10 12:16:28,614 [EventQueue-DeleteBlockStatusForDeletedBlockLogImpl] DEBUG block.DeletedBlockLogImpl (DeletedBlockLogImpl.java:commitTransactions(224)) - Transaction txId=37 commit by dnId=ad4991cb-97ce-4dd6-b117-42e7f6b0816f for containerID=#37 failed. Corresponding entry not found.
2021-08-10 12:16:28,614 [EventQueue-DeleteBlockStatusForDeletedBlockLogImpl] DEBUG block.DeletedBlockLogImpl (DeletedBlockLogImpl.java:isTransactionFailed(278)) - Got block deletion ACK from datanode, TXIDs=38, success=true
2021-08-10 12:16:28,614 [EventQueue-DeleteBlockStatusForDeletedBlockLogImpl] DEBUG block.DeletedBlockLogImpl (DeletedBlockLogImpl.java:commitTransactions(224)) - Transaction txId=38 commit by dnId=ad4991cb-97ce-4dd6-b117-42e7f6b0816f for containerID=#38 failed. Corresponding entry not found.
2021-08-10 12:16:28,614 [EventQueue-DeleteBlockStatusForDeletedBlockLogImpl] DEBUG block.DeletedBlockLogImpl (DeletedBlockLogImpl.java:isTransactionFailed(278)) - Got block deletion ACK from datanode, TXIDs=39, success=true
2021-08-10 12:16:28,614 [EventQueue-DeleteBlockStatusForDeletedBlockLogImpl] DEBUG block.DeletedBlockLogImpl (DeletedBlockLogImpl.java:commitTransactions(224)) - Transaction txId=39 commit by dnId=ad4991cb-97ce-4dd6-b117-42e7f6b0816f for containerID=#39 failed. Corresponding entry not found.
2021-08-10 12:16:28,614 [EventQueue-DeleteBlockStatusForDeletedBlockLogImpl] DEBUG block.DeletedBlockLogImpl (DeletedBlockLogImpl.java:isTransactionFailed(278)) - Got block deletion ACK from datanode, TXIDs=40, success=true
2021-08-10 12:16:28,614 [EventQueue-DeleteBlockStatusForDeletedBlockLogImpl] DEBUG block.DeletedBlockLogImpl (DeletedBlockLogImpl.java:commitTransactions(224)) - Transaction txId=40 commit by dnId=ad4991cb-97ce-4dd6-b117-42e7f6b0816f for containerID=#40 failed. Corresponding entry not found.
2021-08-10 12:16:28,614 [EventQueue-DeleteBlockStatusForDeletedBlockLogImpl] DEBUG block.DeletedBlockLogImpl (DeletedBlockLogImpl.java:isTransactionFailed(278)) - Got block deletion ACK from datanode, TXIDs=41, success=true
2021-08-10 12:16:28,614 [EventQueue-DeleteBlockStatusForDeletedBlockLogImpl] DEBUG block.DeletedBlockLogImpl (DeletedBlockLogImpl.java:commitTransactions(224)) - Transaction txId=41 commit by dnId=ad4991cb-97ce-4dd6-b117-42e7f6b0816f for containerID=#41 failed. Corresponding entry not found.
2021-08-10 12:16:28,614 [EventQueue-DeleteBlockStatusForDeletedBlockLogImpl] DEBUG block.DeletedBlockLogImpl (DeletedBlockLogImpl.java:isTransactionFailed(278)) - Got block deletion ACK from datanode, TXIDs=42, success=true
2021-08-10 12:16:28,614 [EventQueue-DeleteBlockStatusForDeletedBlockLogImpl] DEBUG block.DeletedBlockLogImpl (DeletedBlockLogImpl.java:commitTransactions(224)) - Transaction txId=42 commit by dnId=ad4991cb-97ce-4dd6-b117-42e7f6b0816f for containerID=#42 failed. Corresponding entry not found.
2021-08-10 12:16:28,614 [EventQueue-DeleteBlockStatusForDeletedBlockLogImpl] DEBUG block.DeletedBlockLogImpl (DeletedBlockLogImpl.java:isTransactionFailed(278)) - Got block deletion ACK from datanode, TXIDs=43, success=true
2021-08-10 12:16:28,614 [EventQueue-DeleteBlockStatusForDeletedBlockLogImpl] DEBUG block.DeletedBlockLogImpl (DeletedBlockLogImpl.java:commitTransactions(224)) - Transaction txId=43 commit by dnId=ad4991cb-97ce-4dd6-b117-42e7f6b0816f for containerID=#43 failed. Corresponding entry not found.
2021-08-10 12:16:28,614 [EventQueue-DeleteBlockStatusForDeletedBlockLogImpl] DEBUG block.DeletedBlockLogImpl (DeletedBlockLogImpl.java:isTransactionFailed(278)) - Got block deletion ACK from datanode, TXIDs=44, success=true
2021-08-10 12:16:28,614 [EventQueue-DeleteBlockStatusForDeletedBlockLogImpl] DEBUG block.DeletedBlockLogImpl (DeletedBlockLogImpl.java:commitTransactions(224)) - Transaction txId=44 commit by dnId=ad4991cb-97ce-4dd6-b117-42e7f6b0816f for containerID=#44 failed. Corresponding entry not found.
2021-08-10 12:16:28,614 [EventQueue-DeleteBlockStatusForDeletedBlockLogImpl] DEBUG block.DeletedBlockLogImpl (DeletedBlockLogImpl.java:isTransactionFailed(278)) - Got block deletion ACK from datanode, TXIDs=45, success=true
2021-08-10 12:16:28,614 [EventQueue-DeleteBlockStatusForDeletedBlockLogImpl] DEBUG block.DeletedBlockLogImpl (DeletedBlockLogImpl.java:commitTransactions(224)) - Transaction txId=45 commit by dnId=ad4991cb-97ce-4dd6-b117-42e7f6b0816f for containerID=#45 failed. Corresponding entry not found.
2021-08-10 12:16:28,614 [EventQueue-DeleteBlockStatusForDeletedBlockLogImpl] DEBUG block.DeletedBlockLogImpl (DeletedBlockLogImpl.java:isTransactionFailed(278)) - Got block deletion ACK from datanode, TXIDs=46, success=true
2021-08-10 12:16:28,614 [EventQueue-DeleteBlockStatusForDeletedBlockLogImpl] DEBUG block.DeletedBlockLogImpl (DeletedBlockLogImpl.java:commitTransactions(224)) - Transaction txId=46 commit by dnId=ad4991cb-97ce-4dd6-b117-42e7f6b0816f for containerID=#46 failed. Corresponding entry not found.
2021-08-10 12:16:28,614 [EventQueue-DeleteBlockStatusForDeletedBlockLogImpl] DEBUG block.DeletedBlockLogImpl (DeletedBlockLogImpl.java:isTransactionFailed(278)) - Got block deletion ACK from datanode, TXIDs=47, success=true
2021-08-10 12:16:28,614 [EventQueue-DeleteBlockStatusForDeletedBlockLogImpl] DEBUG block.DeletedBlockLogImpl (DeletedBlockLogImpl.java:commitTransactions(224)) - Transaction txId=47 commit by dnId=ad4991cb-97ce-4dd6-b117-42e7f6b0816f for containerID=#47 failed. Corresponding entry not found.
2021-08-10 12:16:28,614 [EventQueue-DeleteBlockStatusForDeletedBlockLogImpl] DEBUG block.DeletedBlockLogImpl (DeletedBlockLogImpl.java:isTransactionFailed(278)) - Got block deletion ACK from datanode, TXIDs=48, success=true
2021-08-10 12:16:28,614 [EventQueue-DeleteBlockStatusForDeletedBlockLogImpl] DEBUG block.DeletedBlockLogImpl (DeletedBlockLogImpl.java:commitTransactions(224)) - Transaction txId=48 commit by dnId=ad4991cb-97ce-4dd6-b117-42e7f6b0816f for containerID=#48 failed. Corresponding entry not found.
2021-08-10 12:16:28,614 [EventQueue-DeleteBlockStatusForDeletedBlockLogImpl] DEBUG block.DeletedBlockLogImpl (DeletedBlockLogImpl.java:isTransactionFailed(278)) - Got block deletion ACK from datanode, TXIDs=49, success=true
2021-08-10 12:16:28,614 [EventQueue-DeleteBlockStatusForDeletedBlockLogImpl] DEBUG block.DeletedBlockLogImpl (DeletedBlockLogImpl.java:commitTransactions(224)) - Transaction txId=49 commit by dnId=ad4991cb-97ce-4dd6-b117-42e7f6b0816f for containerID=#49 failed. Corresponding entry not found.
2021-08-10 12:16:28,614 [EventQueue-DeleteBlockStatusForDeletedBlockLogImpl] DEBUG block.DeletedBlockLogImpl (DeletedBlockLogImpl.java:isTransactionFailed(278)) - Got block deletion ACK from datanode, TXIDs=50, success=true
2021-08-10 12:16:28,614 [EventQueue-DeleteBlockStatusForDeletedBlockLogImpl] DEBUG block.DeletedBlockLogImpl (DeletedBlockLogImpl.java:commitTransactions(224)) - Transaction txId=50 commit by dnId=ad4991cb-97ce-4dd6-b117-42e7f6b0816f for containerID=#50 failed. Corresponding entry not found.
2021-08-10 12:16:28,614 [EventQueue-DeleteBlockStatusForDeletedBlockLogImpl] DEBUG block.DeletedBlockLogImpl (DeletedBlockLogImpl.java:isTransactionFailed(278)) - Got block deletion ACK from datanode, TXIDs=51, success=true
2021-08-10 12:16:28,615 [EventQueue-DeleteBlockStatusForDeletedBlockLogImpl] DEBUG block.DeletedBlockLogImpl (DeletedBlockLogImpl.java:commitTransactions(224)) - Transaction txId=51 commit by dnId=ad4991cb-97ce-4dd6-b117-42e7f6b0816f for containerID=#51 failed. Corresponding entry not found.
2021-08-10 12:16:28,615 [EventQueue-DeleteBlockStatusForDeletedBlockLogImpl] DEBUG block.DeletedBlockLogImpl (DeletedBlockLogImpl.java:isTransactionFailed(278)) - Got block deletion ACK from datanode, TXIDs=52, success=true
2021-08-10 12:16:28,615 [EventQueue-DeleteBlockStatusForDeletedBlockLogImpl] DEBUG block.DeletedBlockLogImpl (DeletedBlockLogImpl.java:commitTransactions(224)) - Transaction txId=52 commit by dnId=ad4991cb-97ce-4dd6-b117-42e7f6b0816f for containerID=#52 failed. Corresponding entry not found.
2021-08-10 12:16:28,615 [EventQueue-DeleteBlockStatusForDeletedBlockLogImpl] DEBUG block.DeletedBlockLogImpl (DeletedBlockLogImpl.java:isTransactionFailed(278)) - Got block deletion ACK from datanode, TXIDs=53, success=true
2021-08-10 12:16:28,615 [EventQueue-DeleteBlockStatusForDeletedBlockLogImpl] DEBUG block.DeletedBlockLogImpl (DeletedBlockLogImpl.java:commitTransactions(224)) - Transaction txId=53 commit by dnId=ad4991cb-97ce-4dd6-b117-42e7f6b0816f for containerID=#53 failed. Corresponding entry not found.
2021-08-10 12:16:28,615 [EventQueue-DeleteBlockStatusForDeletedBlockLogImpl] DEBUG block.DeletedBlockLogImpl (DeletedBlockLogImpl.java:isTransactionFailed(278)) - Got block deletion ACK from datanode, TXIDs=54, success=true
2021-08-10 12:16:28,615 [EventQueue-DeleteBlockStatusForDeletedBlockLogImpl] DEBUG block.DeletedBlockLogImpl (DeletedBlockLogImpl.java:commitTransactions(224)) - Transaction txId=54 commit by dnId=ad4991cb-97ce-4dd6-b117-42e7f6b0816f for containerID=#54 failed. Corresponding entry not found.
2021-08-10 12:16:28,615 [EventQueue-DeleteBlockStatusForDeletedBlockLogImpl] DEBUG block.DeletedBlockLogImpl (DeletedBlockLogImpl.java:isTransactionFailed(278)) - Got block deletion ACK from datanode, TXIDs=55, success=true
2021-08-10 12:16:28,615 [EventQueue-DeleteBlockStatusForDeletedBlockLogImpl] DEBUG block.DeletedBlockLogImpl (DeletedBlockLogImpl.java:commitTransactions(224)) - Transaction txId=55 commit by dnId=ad4991cb-97ce-4dd6-b117-42e7f6b0816f for containerID=#55 failed. Corresponding entry not found.
2021-08-10 12:16:28,615 [EventQueue-DeleteBlockStatusForDeletedBlockLogImpl] DEBUG block.DeletedBlockLogImpl (DeletedBlockLogImpl.java:isTransactionFailed(278)) - Got block deletion ACK from datanode, TXIDs=56, success=true
2021-08-10 12:16:28,615 [EventQueue-DeleteBlockStatusForDeletedBlockLogImpl] DEBUG block.DeletedBlockLogImpl (DeletedBlockLogImpl.java:commitTransactions(224)) - Transaction txId=56 commit by dnId=ad4991cb-97ce-4dd6-b117-42e7f6b0816f for containerID=#56 failed. Corresponding entry not found.
2021-08-10 12:16:28,615 [EventQueue-DeleteBlockStatusForDeletedBlockLogImpl] DEBUG block.DeletedBlockLogImpl (DeletedBlockLogImpl.java:isTransactionFailed(278)) - Got block deletion ACK from datanode, TXIDs=10, success=true
2021-08-10 12:16:28,615 [EventQueue-DeleteBlockStatusForDeletedBlockLogImpl] DEBUG block.DeletedBlockLogImpl (DeletedBlockLogImpl.java:commitTransactions(224)) - Transaction txId=10 commit by dnId=ad4991cb-97ce-4dd6-b117-42e7f6b0816f for containerID=#10 failed. Corresponding entry not found.
2021-08-10 12:16:28,615 [EventQueue-DeleteBlockStatusForDeletedBlockLogImpl] DEBUG block.DeletedBlockLogImpl (DeletedBlockLogImpl.java:isTransactionFailed(278)) - Got block deletion ACK from datanode, TXIDs=11, success=true
2021-08-10 12:16:28,615 [EventQueue-DeleteBlockStatusForDeletedBlockLogImpl] DEBUG block.DeletedBlockLogImpl (DeletedBlockLogImpl.java:commitTransactions(224)) - Transaction txId=11 commit by dnId=ad4991cb-97ce-4dd6-b117-42e7f6b0816f for containerID=#11 failed. Corresponding entry not found.
2021-08-10 12:16:28,615 [EventQueue-DeleteBlockStatusForDeletedBlockLogImpl] DEBUG block.DeletedBlockLogImpl (DeletedBlockLogImpl.java:isTransactionFailed(278)) - Got block deletion ACK from datanode, TXIDs=12, success=true
2021-08-10 12:16:28,615 [EventQueue-DeleteBlockStatusForDeletedBlockLogImpl] DEBUG block.DeletedBlockLogImpl (DeletedBlockLogImpl.java:commitTransactions(224)) - Transaction txId=12 commit by dnId=ad4991cb-97ce-4dd6-b117-42e7f6b0816f for containerID=#12 failed. Corresponding entry not found.
2021-08-10 12:16:28,615 [EventQueue-DeleteBlockStatusForDeletedBlockLogImpl] DEBUG block.DeletedBlockLogImpl (DeletedBlockLogImpl.java:isTransactionFailed(278)) - Got block deletion ACK from datanode, TXIDs=13, success=true
2021-08-10 12:16:28,615 [EventQueue-DeleteBlockStatusForDeletedBlockLogImpl] DEBUG block.DeletedBlockLogImpl (DeletedBlockLogImpl.java:commitTransactions(224)) - Transaction txId=13 commit by dnId=ad4991cb-97ce-4dd6-b117-42e7f6b0816f for containerID=#13 failed. Corresponding entry not found.
2021-08-10 12:16:28,615 [EventQueue-DeleteBlockStatusForDeletedBlockLogImpl] DEBUG block.DeletedBlockLogImpl (DeletedBlockLogImpl.java:isTransactionFailed(278)) - Got block deletion ACK from datanode, TXIDs=14, success=true
2021-08-10 12:16:28,615 [EventQueue-DeleteBlockStatusForDeletedBlockLogImpl] DEBUG block.DeletedBlockLogImpl (DeletedBlockLogImpl.java:commitTransactions(224)) - Transaction txId=14 commit by dnId=ad4991cb-97ce-4dd6-b117-42e7f6b0816f for containerID=#14 failed. Corresponding entry not found.
2021-08-10 12:16:28,615 [EventQueue-DeleteBlockStatusForDeletedBlockLogImpl] DEBUG block.DeletedBlockLogImpl (DeletedBlockLogImpl.java:isTransactionFailed(278)) - Got block deletion ACK from datanode, TXIDs=15, success=true
2021-08-10 12:16:28,615 [EventQueue-DeleteBlockStatusForDeletedBlockLogImpl] DEBUG block.DeletedBlockLogImpl (DeletedBlockLogImpl.java:commitTransactions(224)) - Transaction txId=15 commit by dnId=ad4991cb-97ce-4dd6-b117-42e7f6b0816f for containerID=#15 failed. Corresponding entry not found.
2021-08-10 12:16:28,615 [EventQueue-DeleteBlockStatusForDeletedBlockLogImpl] DEBUG block.DeletedBlockLogImpl (DeletedBlockLogImpl.java:isTransactionFailed(278)) - Got block deletion ACK from datanode, TXIDs=16, success=true
2021-08-10 12:16:28,615 [EventQueue-DeleteBlockStatusForDeletedBlockLogImpl] DEBUG block.DeletedBlockLogImpl (DeletedBlockLogImpl.java:commitTransactions(224)) - Transaction txId=16 commit by dnId=ad4991cb-97ce-4dd6-b117-42e7f6b0816f for containerID=#16 failed. Corresponding entry not found.
2021-08-10 12:16:28,615 [EventQueue-DeleteBlockStatusForDeletedBlockLogImpl] DEBUG block.DeletedBlockLogImpl (DeletedBlockLogImpl.java:isTransactionFailed(278)) - Got block deletion ACK from datanode, TXIDs=17, success=true
2021-08-10 12:16:28,615 [EventQueue-DeleteBlockStatusForDeletedBlockLogImpl] DEBUG block.DeletedBlockLogImpl (DeletedBlockLogImpl.java:commitTransactions(224)) - Transaction txId=17 commit by dnId=ad4991cb-97ce-4dd6-b117-42e7f6b0816f for containerID=#17 failed. Corresponding entry not found.
2021-08-10 12:16:28,615 [EventQueue-DeleteBlockStatusForDeletedBlockLogImpl] DEBUG block.DeletedBlockLogImpl (DeletedBlockLogImpl.java:isTransactionFailed(278)) - Got block deletion ACK from datanode, TXIDs=18, success=true
2021-08-10 12:16:28,615 [EventQueue-DeleteBlockStatusForDeletedBlockLogImpl] DEBUG block.DeletedBlockLogImpl (DeletedBlockLogImpl.java:commitTransactions(224)) - Transaction txId=18 commit by dnId=ad4991cb-97ce-4dd6-b117-42e7f6b0816f for containerID=#18 failed. Corresponding entry not found.
2021-08-10 12:16:28,615 [EventQueue-DeleteBlockStatusForDeletedBlockLogImpl] DEBUG block.DeletedBlockLogImpl (DeletedBlockLogImpl.java:isTransactionFailed(278)) - Got block deletion ACK from datanode, TXIDs=19, success=true
2021-08-10 12:16:28,615 [EventQueue-DeleteBlockStatusForDeletedBlockLogImpl] DEBUG block.DeletedBlockLogImpl (DeletedBlockLogImpl.java:commitTransactions(224)) - Transaction txId=19 commit by dnId=ad4991cb-97ce-4dd6-b117-42e7f6b0816f for containerID=#19 failed. Corresponding entry not found.
2021-08-10 12:16:28,615 [EventQueue-DeleteBlockStatusForDeletedBlockLogImpl] DEBUG block.DeletedBlockLogImpl (DeletedBlockLogImpl.java:isTransactionFailed(278)) - Got block deletion ACK from datanode, TXIDs=20, success=true
2021-08-10 12:16:28,615 [EventQueue-DeleteBlockStatusForDeletedBlockLogImpl] DEBUG block.DeletedBlockLogImpl (DeletedBlockLogImpl.java:commitTransactions(224)) - Transaction txId=20 commit by dnId=ad4991cb-97ce-4dd6-b117-42e7f6b0816f for containerID=#20 failed. Corresponding entry not found.
2021-08-10 12:16:28,615 [EventQueue-DeleteBlockStatusForDeletedBlockLogImpl] DEBUG block.DeletedBlockLogImpl (DeletedBlockLogImpl.java:isTransactionFailed(278)) - Got block deletion ACK from datanode, TXIDs=21, success=true
2021-08-10 12:16:28,615 [EventQueue-DeleteBlockStatusForDeletedBlockLogImpl] DEBUG block.DeletedBlockLogImpl (DeletedBlockLogImpl.java:commitTransactions(224)) - Transaction txId=21 commit by dnId=ad4991cb-97ce-4dd6-b117-42e7f6b0816f for containerID=#21 failed. Corresponding entry not found.
2021-08-10 12:16:28,615 [EventQueue-DeleteBlockStatusForDeletedBlockLogImpl] DEBUG block.DeletedBlockLogImpl (DeletedBlockLogImpl.java:isTransactionFailed(278)) - Got block deletion ACK from datanode, TXIDs=22, success=true
2021-08-10 12:16:28,615 [EventQueue-DeleteBlockStatusForDeletedBlockLogImpl] DEBUG block.DeletedBlockLogImpl (DeletedBlockLogImpl.java:commitTransactions(224)) - Transaction txId=22 commit by dnId=ad4991cb-97ce-4dd6-b117-42e7f6b0816f for containerID=#22 failed. Corresponding entry not found.
2021-08-10 12:16:28,615 [EventQueue-DeleteBlockStatusForDeletedBlockLogImpl] DEBUG block.DeletedBlockLogImpl (DeletedBlockLogImpl.java:isTransactionFailed(278)) - Got block deletion ACK from datanode, TXIDs=23, success=true
2021-08-10 12:16:28,615 [EventQueue-DeleteBlockStatusForDeletedBlockLogImpl] DEBUG block.DeletedBlockLogImpl (DeletedBlockLogImpl.java:commitTransactions(224)) - Transaction txId=23 commit by dnId=ad4991cb-97ce-4dd6-b117-42e7f6b0816f for containerID=#23 failed. Corresponding entry not found.
2021-08-10 12:16:28,615 [EventQueue-DeleteBlockStatusForDeletedBlockLogImpl] DEBUG block.DeletedBlockLogImpl (DeletedBlockLogImpl.java:isTransactionFailed(278)) - Got block deletion ACK from datanode, TXIDs=24, success=true
2021-08-10 12:16:28,615 [EventQueue-DeleteBlockStatusForDeletedBlockLogImpl] DEBUG block.DeletedBlockLogImpl (DeletedBlockLogImpl.java:commitTransactions(224)) - Transaction txId=24 commit by dnId=ad4991cb-97ce-4dd6-b117-42e7f6b0816f for containerID=#24 failed. Corresponding entry not found.
2021-08-10 12:16:28,615 [EventQueue-DeleteBlockStatusForDeletedBlockLogImpl] DEBUG block.DeletedBlockLogImpl (DeletedBlockLogImpl.java:isTransactionFailed(278)) - Got block deletion ACK from datanode, TXIDs=25, success=true
2021-08-10 12:16:28,615 [EventQueue-DeleteBlockStatusForDeletedBlockLogImpl] DEBUG block.DeletedBlockLogImpl (DeletedBlockLogImpl.java:commitTransactions(224)) - Transaction txId=25 commit by dnId=ad4991cb-97ce-4dd6-b117-42e7f6b0816f for containerID=#25 failed. Corresponding entry not found.
2021-08-10 12:16:28,615 [EventQueue-DeleteBlockStatusForDeletedBlockLogImpl] DEBUG block.DeletedBlockLogImpl (DeletedBlockLogImpl.java:isTransactionFailed(278)) - Got block deletion ACK from datanode, TXIDs=26, success=true
2021-08-10 12:16:28,616 [EventQueue-DeleteBlockStatusForDeletedBlockLogImpl] DEBUG block.DeletedBlockLogImpl (DeletedBlockLogImpl.java:commitTransactions(224)) - Transaction txId=26 commit by dnId=ad4991cb-97ce-4dd6-b117-42e7f6b0816f for containerID=#26 failed. Corresponding entry not found.
2021-08-10 12:16:28,616 [EventQueue-DeleteBlockStatusForDeletedBlockLogImpl] DEBUG block.DeletedBlockLogImpl (DeletedBlockLogImpl.java:isTransactionFailed(278)) - Got block deletion ACK from datanode, TXIDs=27, success=true
2021-08-10 12:16:28,616 [EventQueue-DeleteBlockStatusForDeletedBlockLogImpl] DEBUG block.DeletedBlockLogImpl (DeletedBlockLogImpl.java:commitTransactions(224)) - Transaction txId=27 commit by dnId=ad4991cb-97ce-4dd6-b117-42e7f6b0816f for containerID=#27 failed. Corresponding entry not found.
2021-08-10 12:16:28,616 [EventQueue-DeleteBlockStatusForDeletedBlockLogImpl] DEBUG block.DeletedBlockLogImpl (DeletedBlockLogImpl.java:isTransactionFailed(278)) - Got block deletion ACK from datanode, TXIDs=28, success=true
2021-08-10 12:16:28,616 [EventQueue-DeleteBlockStatusForDeletedBlockLogImpl] DEBUG block.DeletedBlockLogImpl (DeletedBlockLogImpl.java:commitTransactions(224)) - Transaction txId=28 commit by dnId=ad4991cb-97ce-4dd6-b117-42e7f6b0816f for containerID=#28 failed. Corresponding entry not found.
2021-08-10 12:16:28,616 [EventQueue-DeleteBlockStatusForDeletedBlockLogImpl] DEBUG block.DeletedBlockLogImpl (DeletedBlockLogImpl.java:isTransactionFailed(278)) - Got block deletion ACK from datanode, TXIDs=29, success=true
2021-08-10 12:16:28,616 [EventQueue-DeleteBlockStatusForDeletedBlockLogImpl] DEBUG block.DeletedBlockLogImpl (DeletedBlockLogImpl.java:commitTransactions(224)) - Transaction txId=29 commit by dnId=ad4991cb-97ce-4dd6-b117-42e7f6b0816f for containerID=#29 failed. Corresponding entry not found.
2021-08-10 12:16:28,616 [EventQueue-DeleteBlockStatusForDeletedBlockLogImpl] DEBUG block.DeletedBlockLogImpl (DeletedBlockLogImpl.java:isTransactionFailed(278)) - Got block deletion ACK from datanode, TXIDs=30, success=true
2021-08-10 12:16:28,616 [EventQueue-DeleteBlockStatusForDeletedBlockLogImpl] DEBUG block.DeletedBlockLogImpl (DeletedBlockLogImpl.java:commitTransactions(224)) - Transaction txId=30 commit by dnId=ad4991cb-97ce-4dd6-b117-42e7f6b0816f for containerID=#30 failed. Corresponding entry not found.
2021-08-10 12:16:28,616 [EventQueue-DeleteBlockStatusForDeletedBlockLogImpl] DEBUG block.DeletedBlockLogImpl (DeletedBlockLogImpl.java:isTransactionFailed(278)) - Got block deletion ACK from datanode, TXIDs=31, success=true
2021-08-10 12:16:28,616 [EventQueue-DeleteBlockStatusForDeletedBlockLogImpl] DEBUG block.DeletedBlockLogImpl (DeletedBlockLogImpl.java:commitTransactions(224)) - Transaction txId=31 commit by dnId=ad4991cb-97ce-4dd6-b117-42e7f6b0816f for containerID=#31 failed. Corresponding entry not found.
2021-08-10 12:16:28,616 [EventQueue-DeleteBlockStatusForDeletedBlockLogImpl] DEBUG block.DeletedBlockLogImpl (DeletedBlockLogImpl.java:isTransactionFailed(278)) - Got block deletion ACK from datanode, TXIDs=32, success=true
2021-08-10 12:16:28,616 [EventQueue-DeleteBlockStatusForDeletedBlockLogImpl] DEBUG block.DeletedBlockLogImpl (DeletedBlockLogImpl.java:commitTransactions(224)) - Transaction txId=32 commit by dnId=ad4991cb-97ce-4dd6-b117-42e7f6b0816f for containerID=#32 failed. Corresponding entry not found.
2021-08-10 12:16:28,616 [EventQueue-DeleteBlockStatusForDeletedBlockLogImpl] DEBUG block.DeletedBlockLogImpl (DeletedBlockLogImpl.java:isTransactionFailed(278)) - Got block deletion ACK from datanode, TXIDs=33, success=true
2021-08-10 12:16:28,616 [EventQueue-DeleteBlockStatusForDeletedBlockLogImpl] DEBUG block.DeletedBlockLogImpl (DeletedBlockLogImpl.java:commitTransactions(224)) - Transaction txId=33 commit by dnId=ad4991cb-97ce-4dd6-b117-42e7f6b0816f for containerID=#33 failed. Corresponding entry not found.
2021-08-10 12:16:28,616 [EventQueue-DeleteBlockStatusForDeletedBlockLogImpl] DEBUG block.DeletedBlockLogImpl (DeletedBlockLogImpl.java:isTransactionFailed(278)) - Got block deletion ACK from datanode, TXIDs=34, success=true
2021-08-10 12:16:28,616 [EventQueue-DeleteBlockStatusForDeletedBlockLogImpl] DEBUG block.DeletedBlockLogImpl (DeletedBlockLogImpl.java:commitTransactions(224)) - Transaction txId=34 commit by dnId=ad4991cb-97ce-4dd6-b117-42e7f6b0816f for containerID=#34 failed. Corresponding entry not found.
2021-08-10 12:16:28,616 [EventQueue-DeleteBlockStatusForDeletedBlockLogImpl] DEBUG block.DeletedBlockLogImpl (DeletedBlockLogImpl.java:isTransactionFailed(278)) - Got block deletion ACK from datanode, TXIDs=35, success=true
2021-08-10 12:16:28,616 [EventQueue-DeleteBlockStatusForDeletedBlockLogImpl] DEBUG block.DeletedBlockLogImpl (DeletedBlockLogImpl.java:commitTransactions(224)) - Transaction txId=35 commit by dnId=ad4991cb-97ce-4dd6-b117-42e7f6b0816f for containerID=#35 failed. Corresponding entry not found.
2021-08-10 12:16:28,616 [EventQueue-DeleteBlockStatusForDeletedBlockLogImpl] DEBUG block.DeletedBlockLogImpl (DeletedBlockLogImpl.java:isTransactionFailed(278)) - Got block deletion ACK from datanode, TXIDs=36, success=true
2021-08-10 12:16:28,616 [EventQueue-DeleteBlockStatusForDeletedBlockLogImpl] DEBUG block.DeletedBlockLogImpl (DeletedBlockLogImpl.java:commitTransactions(224)) - Transaction txId=36 commit by dnId=ad4991cb-97ce-4dd6-b117-42e7f6b0816f for containerID=#36 failed. Corresponding entry not found.
2021-08-10 12:16:28,616 [EventQueue-DeleteBlockStatusForDeletedBlockLogImpl] DEBUG block.DeletedBlockLogImpl (DeletedBlockLogImpl.java:isTransactionFailed(278)) - Got block deletion ACK from datanode, TXIDs=37, success=true
2021-08-10 12:16:28,616 [EventQueue-DeleteBlockStatusForDeletedBlockLogImpl] DEBUG block.DeletedBlockLogImpl (DeletedBlockLogImpl.java:commitTransactions(224)) - Transaction txId=37 commit by dnId=ad4991cb-97ce-4dd6-b117-42e7f6b0816f for containerID=#37 failed. Corresponding entry not found.
2021-08-10 12:16:28,616 [EventQueue-DeleteBlockStatusForDeletedBlockLogImpl] DEBUG block.DeletedBlockLogImpl (DeletedBlockLogImpl.java:isTransactionFailed(278)) - Got block deletion ACK from datanode, TXIDs=38, success=true
2021-08-10 12:16:28,616 [EventQueue-DeleteBlockStatusForDeletedBlockLogImpl] DEBUG block.DeletedBlockLogImpl (DeletedBlockLogImpl.java:commitTransactions(224)) - Transaction txId=38 commit by dnId=ad4991cb-97ce-4dd6-b117-42e7f6b0816f for containerID=#38 failed. Corresponding entry not found.
2021-08-10 12:16:28,616 [EventQueue-DeleteBlockStatusForDeletedBlockLogImpl] DEBUG block.DeletedBlockLogImpl (DeletedBlockLogImpl.java:isTransactionFailed(278)) - Got block deletion ACK from datanode, TXIDs=39, success=true
2021-08-10 12:16:28,616 [EventQueue-DeleteBlockStatusForDeletedBlockLogImpl] DEBUG block.DeletedBlockLogImpl (DeletedBlockLogImpl.java:commitTransactions(224)) - Transaction txId=39 commit by dnId=ad4991cb-97ce-4dd6-b117-42e7f6b0816f for containerID=#39 failed. Corresponding entry not found.
2021-08-10 12:16:28,616 [EventQueue-DeleteBlockStatusForDeletedBlockLogImpl] DEBUG block.DeletedBlockLogImpl (DeletedBlockLogImpl.java:isTransactionFailed(278)) - Got block deletion ACK from datanode, TXIDs=40, success=true
2021-08-10 12:16:28,616 [EventQueue-DeleteBlockStatusForDeletedBlockLogImpl] DEBUG block.DeletedBlockLogImpl (DeletedBlockLogImpl.java:commitTransactions(224)) - Transaction txId=40 commit by dnId=ad4991cb-97ce-4dd6-b117-42e7f6b0816f for containerID=#40 failed. Corresponding entry not found.
2021-08-10 12:16:28,616 [EventQueue-DeleteBlockStatusForDeletedBlockLogImpl] DEBUG block.DeletedBlockLogImpl (DeletedBlockLogImpl.java:isTransactionFailed(278)) - Got block deletion ACK from datanode, TXIDs=41, success=true
2021-08-10 12:16:28,616 [EventQueue-DeleteBlockStatusForDeletedBlockLogImpl] DEBUG block.DeletedBlockLogImpl (DeletedBlockLogImpl.java:commitTransactions(224)) - Transaction txId=41 commit by dnId=ad4991cb-97ce-4dd6-b117-42e7f6b0816f for containerID=#41 failed. Corresponding entry not found.
2021-08-10 12:16:28,616 [EventQueue-DeleteBlockStatusForDeletedBlockLogImpl] DEBUG block.DeletedBlockLogImpl (DeletedBlockLogImpl.java:isTransactionFailed(278)) - Got block deletion ACK from datanode, TXIDs=42, success=true
2021-08-10 12:16:28,616 [EventQueue-DeleteBlockStatusForDeletedBlockLogImpl] DEBUG block.DeletedBlockLogImpl (DeletedBlockLogImpl.java:commitTransactions(224)) - Transaction txId=42 commit by dnId=ad4991cb-97ce-4dd6-b117-42e7f6b0816f for containerID=#42 failed. Corresponding entry not found.
2021-08-10 12:16:28,616 [EventQueue-DeleteBlockStatusForDeletedBlockLogImpl] DEBUG block.DeletedBlockLogImpl (DeletedBlockLogImpl.java:isTransactionFailed(278)) - Got block deletion ACK from datanode, TXIDs=43, success=true
2021-08-10 12:16:28,616 [EventQueue-DeleteBlockStatusForDeletedBlockLogImpl] DEBUG block.DeletedBlockLogImpl (DeletedBlockLogImpl.java:commitTransactions(224)) - Transaction txId=43 commit by dnId=ad4991cb-97ce-4dd6-b117-42e7f6b0816f for containerID=#43 failed. Corresponding entry not found.
2021-08-10 12:16:28,616 [EventQueue-DeleteBlockStatusForDeletedBlockLogImpl] DEBUG block.DeletedBlockLogImpl (DeletedBlockLogImpl.java:isTransactionFailed(278)) - Got block deletion ACK from datanode, TXIDs=44, success=true
2021-08-10 12:16:28,616 [EventQueue-DeleteBlockStatusForDeletedBlockLogImpl] DEBUG block.DeletedBlockLogImpl (DeletedBlockLogImpl.java:commitTransactions(224)) - Transaction txId=44 commit by dnId=ad4991cb-97ce-4dd6-b117-42e7f6b0816f for containerID=#44 failed. Corresponding entry not found.
2021-08-10 12:16:28,616 [EventQueue-DeleteBlockStatusForDeletedBlockLogImpl] DEBUG block.DeletedBlockLogImpl (DeletedBlockLogImpl.java:isTransactionFailed(278)) - Got block deletion ACK from datanode, TXIDs=45, success=true
2021-08-10 12:16:28,616 [EventQueue-DeleteBlockStatusForDeletedBlockLogImpl] DEBUG block.DeletedBlockLogImpl (DeletedBlockLogImpl.java:commitTransactions(224)) - Transaction txId=45 commit by dnId=ad4991cb-97ce-4dd6-b117-42e7f6b0816f for containerID=#45 failed. Corresponding entry not found.
2021-08-10 12:16:28,616 [EventQueue-DeleteBlockStatusForDeletedBlockLogImpl] DEBUG block.DeletedBlockLogImpl (DeletedBlockLogImpl.java:isTransactionFailed(278)) - Got block deletion ACK from datanode, TXIDs=46, success=true
2021-08-10 12:16:28,616 [EventQueue-DeleteBlockStatusForDeletedBlockLogImpl] DEBUG block.DeletedBlockLogImpl (DeletedBlockLogImpl.java:commitTransactions(224)) - Transaction txId=46 commit by dnId=ad4991cb-97ce-4dd6-b117-42e7f6b0816f for containerID=#46 failed. Corresponding entry not found.
2021-08-10 12:16:28,616 [EventQueue-DeleteBlockStatusForDeletedBlockLogImpl] DEBUG block.DeletedBlockLogImpl (DeletedBlockLogImpl.java:isTransactionFailed(278)) - Got block deletion ACK from datanode, TXIDs=47, success=true
2021-08-10 12:16:28,616 [EventQueue-DeleteBlockStatusForDeletedBlockLogImpl] DEBUG block.DeletedBlockLogImpl (DeletedBlockLogImpl.java:commitTransactions(224)) - Transaction txId=47 commit by dnId=ad4991cb-97ce-4dd6-b117-42e7f6b0816f for containerID=#47 failed. Corresponding entry not found.
2021-08-10 12:16:28,616 [EventQueue-DeleteBlockStatusForDeletedBlockLogImpl] DEBUG block.DeletedBlockLogImpl (DeletedBlockLogImpl.java:isTransactionFailed(278)) - Got block deletion ACK from datanode, TXIDs=48, success=true
2021-08-10 12:16:28,616 [EventQueue-DeleteBlockStatusForDeletedBlockLogImpl] DEBUG block.DeletedBlockLogImpl (DeletedBlockLogImpl.java:commitTransactions(224)) - Transaction txId=48 commit by dnId=ad4991cb-97ce-4dd6-b117-42e7f6b0816f for containerID=#48 failed. Corresponding entry not found.
2021-08-10 12:16:28,617 [EventQueue-DeleteBlockStatusForDeletedBlockLogImpl] DEBUG block.DeletedBlockLogImpl (DeletedBlockLogImpl.java:isTransactionFailed(278)) - Got block deletion ACK from datanode, TXIDs=49, success=true
2021-08-10 12:16:28,617 [EventQueue-DeleteBlockStatusForDeletedBlockLogImpl] DEBUG block.DeletedBlockLogImpl (DeletedBlockLogImpl.java:commitTransactions(224)) - Transaction txId=49 commit by dnId=ad4991cb-97ce-4dd6-b117-42e7f6b0816f for containerID=#49 failed. Corresponding entry not found.
2021-08-10 12:16:28,617 [EventQueue-DeleteBlockStatusForDeletedBlockLogImpl] DEBUG block.DeletedBlockLogImpl (DeletedBlockLogImpl.java:isTransactionFailed(278)) - Got block deletion ACK from datanode, TXIDs=50, success=true
2021-08-10 12:16:28,617 [EventQueue-DeleteBlockStatusForDeletedBlockLogImpl] DEBUG block.DeletedBlockLogImpl (DeletedBlockLogImpl.java:commitTransactions(224)) - Transaction txId=50 commit by dnId=ad4991cb-97ce-4dd6-b117-42e7f6b0816f for containerID=#50 failed. Corresponding entry not found.
2021-08-10 12:16:28,617 [EventQueue-DeleteBlockStatusForDeletedBlockLogImpl] DEBUG block.DeletedBlockLogImpl (DeletedBlockLogImpl.java:isTransactionFailed(278)) - Got block deletion ACK from datanode, TXIDs=51, success=true
2021-08-10 12:16:28,617 [EventQueue-DeleteBlockStatusForDeletedBlockLogImpl] DEBUG block.DeletedBlockLogImpl (DeletedBlockLogImpl.java:commitTransactions(224)) - Transaction txId=51 commit by dnId=ad4991cb-97ce-4dd6-b117-42e7f6b0816f for containerID=#51 failed. Corresponding entry not found.
2021-08-10 12:16:28,617 [EventQueue-DeleteBlockStatusForDeletedBlockLogImpl] DEBUG block.DeletedBlockLogImpl (DeletedBlockLogImpl.java:isTransactionFailed(278)) - Got block deletion ACK from datanode, TXIDs=52, success=true
2021-08-10 12:16:28,617 [EventQueue-DeleteBlockStatusForDeletedBlockLogImpl] DEBUG block.DeletedBlockLogImpl (DeletedBlockLogImpl.java:commitTransactions(224)) - Transaction txId=52 commit by dnId=ad4991cb-97ce-4dd6-b117-42e7f6b0816f for containerID=#52 failed. Corresponding entry not found.
2021-08-10 12:16:28,617 [EventQueue-DeleteBlockStatusForDeletedBlockLogImpl] DEBUG block.DeletedBlockLogImpl (DeletedBlockLogImpl.java:isTransactionFailed(278)) - Got block deletion ACK from datanode, TXIDs=53, success=true
2021-08-10 12:16:28,617 [EventQueue-DeleteBlockStatusForDeletedBlockLogImpl] DEBUG block.DeletedBlockLogImpl (DeletedBlockLogImpl.java:commitTransactions(224)) - Transaction txId=53 commit by dnId=ad4991cb-97ce-4dd6-b117-42e7f6b0816f for containerID=#53 failed. Corresponding entry not found.
2021-08-10 12:16:28,617 [EventQueue-DeleteBlockStatusForDeletedBlockLogImpl] DEBUG block.DeletedBlockLogImpl (DeletedBlockLogImpl.java:isTransactionFailed(278)) - Got block deletion ACK from datanode, TXIDs=54, success=true
2021-08-10 12:16:28,617 [EventQueue-DeleteBlockStatusForDeletedBlockLogImpl] DEBUG block.DeletedBlockLogImpl (DeletedBlockLogImpl.java:commitTransactions(224)) - Transaction txId=54 commit by dnId=ad4991cb-97ce-4dd6-b117-42e7f6b0816f for containerID=#54 failed. Corresponding entry not found.
2021-08-10 12:16:28,617 [EventQueue-DeleteBlockStatusForDeletedBlockLogImpl] DEBUG block.DeletedBlockLogImpl (DeletedBlockLogImpl.java:isTransactionFailed(278)) - Got block deletion ACK from datanode, TXIDs=55, success=true
2021-08-10 12:16:28,617 [EventQueue-DeleteBlockStatusForDeletedBlockLogImpl] DEBUG block.DeletedBlockLogImpl (DeletedBlockLogImpl.java:commitTransactions(224)) - Transaction txId=55 commit by dnId=ad4991cb-97ce-4dd6-b117-42e7f6b0816f for containerID=#55 failed. Corresponding entry not found.
2021-08-10 12:16:28,617 [EventQueue-DeleteBlockStatusForDeletedBlockLogImpl] DEBUG block.DeletedBlockLogImpl (DeletedBlockLogImpl.java:isTransactionFailed(278)) - Got block deletion ACK from datanode, TXIDs=56, success=true
2021-08-10 12:16:28,617 [EventQueue-DeleteBlockStatusForDeletedBlockLogImpl] DEBUG block.DeletedBlockLogImpl (DeletedBlockLogImpl.java:commitTransactions(224)) - Transaction txId=56 commit by dnId=ad4991cb-97ce-4dd6-b117-42e7f6b0816f for containerID=#56 failed. Corresponding entry not found.
2021-08-10 12:16:28,617 [EventQueue-DeleteBlockStatusForDeletedBlockLogImpl] DEBUG block.DeletedBlockLogImpl (DeletedBlockLogImpl.java:isTransactionFailed(278)) - Got block deletion ACK from datanode, TXIDs=10, success=true
2021-08-10 12:16:28,617 [EventQueue-DeleteBlockStatusForDeletedBlockLogImpl] DEBUG block.DeletedBlockLogImpl (DeletedBlockLogImpl.java:commitTransactions(224)) - Transaction txId=10 commit by dnId=ad4991cb-97ce-4dd6-b117-42e7f6b0816f for containerID=#10 failed. Corresponding entry not found.
2021-08-10 12:16:28,617 [EventQueue-DeleteBlockStatusForDeletedBlockLogImpl] DEBUG block.DeletedBlockLogImpl (DeletedBlockLogImpl.java:isTransactionFailed(278)) - Got block deletion ACK from datanode, TXIDs=11, success=true
2021-08-10 12:16:28,617 [EventQueue-DeleteBlockStatusForDeletedBlockLogImpl] DEBUG block.DeletedBlockLogImpl (DeletedBlockLogImpl.java:commitTransactions(224)) - Transaction txId=11 commit by dnId=ad4991cb-97ce-4dd6-b117-42e7f6b0816f for containerID=#11 failed. Corresponding entry not found.
2021-08-10 12:16:28,617 [EventQueue-DeleteBlockStatusForDeletedBlockLogImpl] DEBUG block.DeletedBlockLogImpl (DeletedBlockLogImpl.java:isTransactionFailed(278)) - Got block deletion ACK from datanode, TXIDs=12, success=true
2021-08-10 12:16:28,617 [EventQueue-DeleteBlockStatusForDeletedBlockLogImpl] DEBUG block.DeletedBlockLogImpl (DeletedBlockLogImpl.java:commitTransactions(224)) - Transaction txId=12 commit by dnId=ad4991cb-97ce-4dd6-b117-42e7f6b0816f for containerID=#12 failed. Corresponding entry not found.
2021-08-10 12:16:28,617 [EventQueue-DeleteBlockStatusForDeletedBlockLogImpl] DEBUG block.DeletedBlockLogImpl (DeletedBlockLogImpl.java:isTransactionFailed(278)) - Got block deletion ACK from datanode, TXIDs=13, success=true
2021-08-10 12:16:28,617 [EventQueue-DeleteBlockStatusForDeletedBlockLogImpl] DEBUG block.DeletedBlockLogImpl (DeletedBlockLogImpl.java:commitTransactions(224)) - Transaction txId=13 commit by dnId=ad4991cb-97ce-4dd6-b117-42e7f6b0816f for containerID=#13 failed. Corresponding entry not found.
2021-08-10 12:16:28,617 [EventQueue-DeleteBlockStatusForDeletedBlockLogImpl] DEBUG block.DeletedBlockLogImpl (DeletedBlockLogImpl.java:isTransactionFailed(278)) - Got block deletion ACK from datanode, TXIDs=14, success=true
2021-08-10 12:16:28,617 [EventQueue-DeleteBlockStatusForDeletedBlockLogImpl] DEBUG block.DeletedBlockLogImpl (DeletedBlockLogImpl.java:commitTransactions(224)) - Transaction txId=14 commit by dnId=ad4991cb-97ce-4dd6-b117-42e7f6b0816f for containerID=#14 failed. Corresponding entry not found.
2021-08-10 12:16:28,617 [EventQueue-DeleteBlockStatusForDeletedBlockLogImpl] DEBUG block.DeletedBlockLogImpl (DeletedBlockLogImpl.java:isTransactionFailed(278)) - Got block deletion ACK from datanode, TXIDs=15, success=true
2021-08-10 12:16:28,617 [EventQueue-DeleteBlockStatusForDeletedBlockLogImpl] DEBUG block.DeletedBlockLogImpl (DeletedBlockLogImpl.java:commitTransactions(224)) - Transaction txId=15 commit by dnId=ad4991cb-97ce-4dd6-b117-42e7f6b0816f for containerID=#15 failed. Corresponding entry not found.
2021-08-10 12:16:28,617 [EventQueue-DeleteBlockStatusForDeletedBlockLogImpl] DEBUG block.DeletedBlockLogImpl (DeletedBlockLogImpl.java:isTransactionFailed(278)) - Got block deletion ACK from datanode, TXIDs=16, success=true
2021-08-10 12:16:28,617 [EventQueue-DeleteBlockStatusForDeletedBlockLogImpl] DEBUG block.DeletedBlockLogImpl (DeletedBlockLogImpl.java:commitTransactions(224)) - Transaction txId=16 commit by dnId=ad4991cb-97ce-4dd6-b117-42e7f6b0816f for containerID=#16 failed. Corresponding entry not found.
2021-08-10 12:16:28,617 [EventQueue-DeleteBlockStatusForDeletedBlockLogImpl] DEBUG block.DeletedBlockLogImpl (DeletedBlockLogImpl.java:isTransactionFailed(278)) - Got block deletion ACK from datanode, TXIDs=17, success=true
2021-08-10 12:16:28,617 [EventQueue-DeleteBlockStatusForDeletedBlockLogImpl] DEBUG block.DeletedBlockLogImpl (DeletedBlockLogImpl.java:commitTransactions(224)) - Transaction txId=17 commit by dnId=ad4991cb-97ce-4dd6-b117-42e7f6b0816f for containerID=#17 failed. Corresponding entry not found.
2021-08-10 12:16:28,617 [EventQueue-DeleteBlockStatusForDeletedBlockLogImpl] DEBUG block.DeletedBlockLogImpl (DeletedBlockLogImpl.java:isTransactionFailed(278)) - Got block deletion ACK from datanode, TXIDs=18, success=true
2021-08-10 12:16:28,617 [EventQueue-DeleteBlockStatusForDeletedBlockLogImpl] DEBUG block.DeletedBlockLogImpl (DeletedBlockLogImpl.java:commitTransactions(224)) - Transaction txId=18 commit by dnId=ad4991cb-97ce-4dd6-b117-42e7f6b0816f for containerID=#18 failed. Corresponding entry not found.
2021-08-10 12:16:28,617 [EventQueue-DeleteBlockStatusForDeletedBlockLogImpl] DEBUG block.DeletedBlockLogImpl (DeletedBlockLogImpl.java:isTransactionFailed(278)) - Got block deletion ACK from datanode, TXIDs=19, success=true
2021-08-10 12:16:28,617 [EventQueue-DeleteBlockStatusForDeletedBlockLogImpl] DEBUG block.DeletedBlockLogImpl (DeletedBlockLogImpl.java:commitTransactions(224)) - Transaction txId=19 commit by dnId=ad4991cb-97ce-4dd6-b117-42e7f6b0816f for containerID=#19 failed. Corresponding entry not found.
2021-08-10 12:16:28,617 [EventQueue-DeleteBlockStatusForDeletedBlockLogImpl] DEBUG block.DeletedBlockLogImpl (DeletedBlockLogImpl.java:isTransactionFailed(278)) - Got block deletion ACK from datanode, TXIDs=20, success=true
2021-08-10 12:16:28,617 [EventQueue-DeleteBlockStatusForDeletedBlockLogImpl] DEBUG block.DeletedBlockLogImpl (DeletedBlockLogImpl.java:commitTransactions(224)) - Transaction txId=20 commit by dnId=ad4991cb-97ce-4dd6-b117-42e7f6b0816f for containerID=#20 failed. Corresponding entry not found.
2021-08-10 12:16:28,617 [EventQueue-DeleteBlockStatusForDeletedBlockLogImpl] DEBUG block.DeletedBlockLogImpl (DeletedBlockLogImpl.java:isTransactionFailed(278)) - Got block deletion ACK from datanode, TXIDs=21, success=true
2021-08-10 12:16:28,617 [EventQueue-DeleteBlockStatusForDeletedBlockLogImpl] DEBUG block.DeletedBlockLogImpl (DeletedBlockLogImpl.java:commitTransactions(224)) - Transaction txId=21 commit by dnId=ad4991cb-97ce-4dd6-b117-42e7f6b0816f for containerID=#21 failed. Corresponding entry not found.
2021-08-10 12:16:28,617 [EventQueue-DeleteBlockStatusForDeletedBlockLogImpl] DEBUG block.DeletedBlockLogImpl (DeletedBlockLogImpl.java:isTransactionFailed(278)) - Got block deletion ACK from datanode, TXIDs=22, success=true
2021-08-10 12:16:28,617 [EventQueue-DeleteBlockStatusForDeletedBlockLogImpl] DEBUG block.DeletedBlockLogImpl (DeletedBlockLogImpl.java:commitTransactions(224)) - Transaction txId=22 commit by dnId=ad4991cb-97ce-4dd6-b117-42e7f6b0816f for containerID=#22 failed. Corresponding entry not found.
2021-08-10 12:16:28,617 [EventQueue-DeleteBlockStatusForDeletedBlockLogImpl] DEBUG block.DeletedBlockLogImpl (DeletedBlockLogImpl.java:isTransactionFailed(278)) - Got block deletion ACK from datanode, TXIDs=23, success=true
2021-08-10 12:16:28,617 [EventQueue-DeleteBlockStatusForDeletedBlockLogImpl] DEBUG block.DeletedBlockLogImpl (DeletedBlockLogImpl.java:commitTransactions(224)) - Transaction txId=23 commit by dnId=ad4991cb-97ce-4dd6-b117-42e7f6b0816f for containerID=#23 failed. Corresponding entry not found.
2021-08-10 12:16:28,618 [EventQueue-DeleteBlockStatusForDeletedBlockLogImpl] DEBUG block.DeletedBlockLogImpl (DeletedBlockLogImpl.java:isTransactionFailed(278)) - Got block deletion ACK from datanode, TXIDs=24, success=true
2021-08-10 12:16:28,618 [EventQueue-DeleteBlockStatusForDeletedBlockLogImpl] DEBUG block.DeletedBlockLogImpl (DeletedBlockLogImpl.java:commitTransactions(224)) - Transaction txId=24 commit by dnId=ad4991cb-97ce-4dd6-b117-42e7f6b0816f for containerID=#24 failed. Corresponding entry not found.
2021-08-10 12:16:28,618 [EventQueue-DeleteBlockStatusForDeletedBlockLogImpl] DEBUG block.DeletedBlockLogImpl (DeletedBlockLogImpl.java:isTransactionFailed(278)) - Got block deletion ACK from datanode, TXIDs=25, success=true
2021-08-10 12:16:28,618 [EventQueue-DeleteBlockStatusForDeletedBlockLogImpl] DEBUG block.DeletedBlockLogImpl (DeletedBlockLogImpl.java:commitTransactions(224)) - Transaction txId=25 commit by dnId=ad4991cb-97ce-4dd6-b117-42e7f6b0816f for containerID=#25 failed. Corresponding entry not found.
2021-08-10 12:16:28,618 [EventQueue-DeleteBlockStatusForDeletedBlockLogImpl] DEBUG block.DeletedBlockLogImpl (DeletedBlockLogImpl.java:isTransactionFailed(278)) - Got block deletion ACK from datanode, TXIDs=26, success=true
2021-08-10 12:16:28,618 [EventQueue-DeleteBlockStatusForDeletedBlockLogImpl] DEBUG block.DeletedBlockLogImpl (DeletedBlockLogImpl.java:commitTransactions(224)) - Transaction txId=26 commit by dnId=ad4991cb-97ce-4dd6-b117-42e7f6b0816f for containerID=#26 failed. Corresponding entry not found.
2021-08-10 12:16:28,618 [EventQueue-DeleteBlockStatusForDeletedBlockLogImpl] DEBUG block.DeletedBlockLogImpl (DeletedBlockLogImpl.java:isTransactionFailed(278)) - Got block deletion ACK from datanode, TXIDs=27, success=true
2021-08-10 12:16:28,618 [EventQueue-DeleteBlockStatusForDeletedBlockLogImpl] DEBUG block.DeletedBlockLogImpl (DeletedBlockLogImpl.java:commitTransactions(224)) - Transaction txId=27 commit by dnId=ad4991cb-97ce-4dd6-b117-42e7f6b0816f for containerID=#27 failed. Corresponding entry not found.
2021-08-10 12:16:28,618 [EventQueue-DeleteBlockStatusForDeletedBlockLogImpl] DEBUG block.DeletedBlockLogImpl (DeletedBlockLogImpl.java:isTransactionFailed(278)) - Got block deletion ACK from datanode, TXIDs=28, success=true
2021-08-10 12:16:28,618 [EventQueue-DeleteBlockStatusForDeletedBlockLogImpl] DEBUG block.DeletedBlockLogImpl (DeletedBlockLogImpl.java:commitTransactions(224)) - Transaction txId=28 commit by dnId=ad4991cb-97ce-4dd6-b117-42e7f6b0816f for containerID=#28 failed. Corresponding entry not found.
2021-08-10 12:16:28,618 [EventQueue-DeleteBlockStatusForDeletedBlockLogImpl] DEBUG block.DeletedBlockLogImpl (DeletedBlockLogImpl.java:isTransactionFailed(278)) - Got block deletion ACK from datanode, TXIDs=29, success=true
2021-08-10 12:16:28,618 [EventQueue-DeleteBlockStatusForDeletedBlockLogImpl] DEBUG block.DeletedBlockLogImpl (DeletedBlockLogImpl.java:commitTransactions(224)) - Transaction txId=29 commit by dnId=ad4991cb-97ce-4dd6-b117-42e7f6b0816f for containerID=#29 failed. Corresponding entry not found.
2021-08-10 12:16:28,618 [EventQueue-DeleteBlockStatusForDeletedBlockLogImpl] DEBUG block.DeletedBlockLogImpl (DeletedBlockLogImpl.java:isTransactionFailed(278)) - Got block deletion ACK from datanode, TXIDs=30, success=true
2021-08-10 12:16:28,618 [EventQueue-DeleteBlockStatusForDeletedBlockLogImpl] DEBUG block.DeletedBlockLogImpl (DeletedBlockLogImpl.java:commitTransactions(224)) - Transaction txId=30 commit by dnId=ad4991cb-97ce-4dd6-b117-42e7f6b0816f for containerID=#30 failed. Corresponding entry not found.
2021-08-10 12:16:28,618 [EventQueue-DeleteBlockStatusForDeletedBlockLogImpl] DEBUG block.DeletedBlockLogImpl (DeletedBlockLogImpl.java:isTransactionFailed(278)) - Got block deletion ACK from datanode, TXIDs=31, success=true
2021-08-10 12:16:28,618 [EventQueue-DeleteBlockStatusForDeletedBlockLogImpl] DEBUG block.DeletedBlockLogImpl (DeletedBlockLogImpl.java:commitTransactions(224)) - Transaction txId=31 commit by dnId=ad4991cb-97ce-4dd6-b117-42e7f6b0816f for containerID=#31 failed. Corresponding entry not found.
2021-08-10 12:16:28,618 [EventQueue-DeleteBlockStatusForDeletedBlockLogImpl] DEBUG block.DeletedBlockLogImpl (DeletedBlockLogImpl.java:isTransactionFailed(278)) - Got block deletion ACK from datanode, TXIDs=32, success=true
2021-08-10 12:16:28,618 [EventQueue-DeleteBlockStatusForDeletedBlockLogImpl] DEBUG block.DeletedBlockLogImpl (DeletedBlockLogImpl.java:commitTransactions(224)) - Transaction txId=32 commit by dnId=ad4991cb-97ce-4dd6-b117-42e7f6b0816f for containerID=#32 failed. Corresponding entry not found.
2021-08-10 12:16:28,618 [EventQueue-DeleteBlockStatusForDeletedBlockLogImpl] DEBUG block.DeletedBlockLogImpl (DeletedBlockLogImpl.java:isTransactionFailed(278)) - Got block deletion ACK from datanode, TXIDs=33, success=true
2021-08-10 12:16:28,618 [EventQueue-DeleteBlockStatusForDeletedBlockLogImpl] DEBUG block.DeletedBlockLogImpl (DeletedBlockLogImpl.java:commitTransactions(224)) - Transaction txId=33 commit by dnId=ad4991cb-97ce-4dd6-b117-42e7f6b0816f for containerID=#33 failed. Corresponding entry not found.
2021-08-10 12:16:28,618 [EventQueue-DeleteBlockStatusForDeletedBlockLogImpl] DEBUG block.DeletedBlockLogImpl (DeletedBlockLogImpl.java:isTransactionFailed(278)) - Got block deletion ACK from datanode, TXIDs=34, success=true
2021-08-10 12:16:28,618 [EventQueue-DeleteBlockStatusForDeletedBlockLogImpl] DEBUG block.DeletedBlockLogImpl (DeletedBlockLogImpl.java:commitTransactions(224)) - Transaction txId=34 commit by dnId=ad4991cb-97ce-4dd6-b117-42e7f6b0816f for containerID=#34 failed. Corresponding entry not found.
2021-08-10 12:16:28,618 [EventQueue-DeleteBlockStatusForDeletedBlockLogImpl] DEBUG block.DeletedBlockLogImpl (DeletedBlockLogImpl.java:isTransactionFailed(278)) - Got block deletion ACK from datanode, TXIDs=35, success=true
2021-08-10 12:16:28,618 [EventQueue-DeleteBlockStatusForDeletedBlockLogImpl] DEBUG block.DeletedBlockLogImpl (DeletedBlockLogImpl.java:commitTransactions(224)) - Transaction txId=35 commit by dnId=ad4991cb-97ce-4dd6-b117-42e7f6b0816f for containerID=#35 failed. Corresponding entry not found.
2021-08-10 12:16:28,618 [EventQueue-DeleteBlockStatusForDeletedBlockLogImpl] DEBUG block.DeletedBlockLogImpl (DeletedBlockLogImpl.java:isTransactionFailed(278)) - Got block deletion ACK from datanode, TXIDs=36, success=true
2021-08-10 12:16:28,618 [EventQueue-DeleteBlockStatusForDeletedBlockLogImpl] DEBUG block.DeletedBlockLogImpl (DeletedBlockLogImpl.java:commitTransactions(224)) - Transaction txId=36 commit by dnId=ad4991cb-97ce-4dd6-b117-42e7f6b0816f for containerID=#36 failed. Corresponding entry not found.
2021-08-10 12:16:28,618 [EventQueue-DeleteBlockStatusForDeletedBlockLogImpl] DEBUG block.DeletedBlockLogImpl (DeletedBlockLogImpl.java:isTransactionFailed(278)) - Got block deletion ACK from datanode, TXIDs=37, success=true
2021-08-10 12:16:28,618 [EventQueue-DeleteBlockStatusForDeletedBlockLogImpl] DEBUG block.DeletedBlockLogImpl (DeletedBlockLogImpl.java:commitTransactions(224)) - Transaction txId=37 commit by dnId=ad4991cb-97ce-4dd6-b117-42e7f6b0816f for containerID=#37 failed. Corresponding entry not found.
2021-08-10 12:16:28,618 [EventQueue-DeleteBlockStatusForDeletedBlockLogImpl] DEBUG block.DeletedBlockLogImpl (DeletedBlockLogImpl.java:isTransactionFailed(278)) - Got block deletion ACK from datanode, TXIDs=38, success=true
2021-08-10 12:16:28,618 [EventQueue-DeleteBlockStatusForDeletedBlockLogImpl] DEBUG block.DeletedBlockLogImpl (DeletedBlockLogImpl.java:commitTransactions(224)) - Transaction txId=38 commit by dnId=ad4991cb-97ce-4dd6-b117-42e7f6b0816f for containerID=#38 failed. Corresponding entry not found.
2021-08-10 12:16:28,618 [EventQueue-DeleteBlockStatusForDeletedBlockLogImpl] DEBUG block.DeletedBlockLogImpl (DeletedBlockLogImpl.java:isTransactionFailed(278)) - Got block deletion ACK from datanode, TXIDs=39, success=true
2021-08-10 12:16:28,618 [EventQueue-DeleteBlockStatusForDeletedBlockLogImpl] DEBUG block.DeletedBlockLogImpl (DeletedBlockLogImpl.java:commitTransactions(224)) - Transaction txId=39 commit by dnId=ad4991cb-97ce-4dd6-b117-42e7f6b0816f for containerID=#39 failed. Corresponding entry not found.
2021-08-10 12:16:28,618 [EventQueue-DeleteBlockStatusForDeletedBlockLogImpl] DEBUG block.DeletedBlockLogImpl (DeletedBlockLogImpl.java:isTransactionFailed(278)) - Got block deletion ACK from datanode, TXIDs=40, success=true
2021-08-10 12:16:28,618 [EventQueue-DeleteBlockStatusForDeletedBlockLogImpl] DEBUG block.DeletedBlockLogImpl (DeletedBlockLogImpl.java:commitTransactions(224)) - Transaction txId=40 commit by dnId=ad4991cb-97ce-4dd6-b117-42e7f6b0816f for containerID=#40 failed. Corresponding entry not found.
2021-08-10 12:16:28,618 [EventQueue-DeleteBlockStatusForDeletedBlockLogImpl] DEBUG block.DeletedBlockLogImpl (DeletedBlockLogImpl.java:isTransactionFailed(278)) - Got block deletion ACK from datanode, TXIDs=41, success=true
2021-08-10 12:16:28,618 [EventQueue-DeleteBlockStatusForDeletedBlockLogImpl] DEBUG block.DeletedBlockLogImpl (DeletedBlockLogImpl.java:commitTransactions(224)) - Transaction txId=41 commit by dnId=ad4991cb-97ce-4dd6-b117-42e7f6b0816f for containerID=#41 failed. Corresponding entry not found.
2021-08-10 12:16:28,618 [EventQueue-DeleteBlockStatusForDeletedBlockLogImpl] DEBUG block.DeletedBlockLogImpl (DeletedBlockLogImpl.java:isTransactionFailed(278)) - Got block deletion ACK from datanode, TXIDs=42, success=true
2021-08-10 12:16:28,618 [EventQueue-DeleteBlockStatusForDeletedBlockLogImpl] DEBUG block.DeletedBlockLogImpl (DeletedBlockLogImpl.java:commitTransactions(224)) - Transaction txId=42 commit by dnId=ad4991cb-97ce-4dd6-b117-42e7f6b0816f for containerID=#42 failed. Corresponding entry not found.
2021-08-10 12:16:28,618 [EventQueue-DeleteBlockStatusForDeletedBlockLogImpl] DEBUG block.DeletedBlockLogImpl (DeletedBlockLogImpl.java:isTransactionFailed(278)) - Got block deletion ACK from datanode, TXIDs=43, success=true
2021-08-10 12:16:28,618 [EventQueue-DeleteBlockStatusForDeletedBlockLogImpl] DEBUG block.DeletedBlockLogImpl (DeletedBlockLogImpl.java:commitTransactions(224)) - Transaction txId=43 commit by dnId=ad4991cb-97ce-4dd6-b117-42e7f6b0816f for containerID=#43 failed. Corresponding entry not found.
2021-08-10 12:16:28,618 [EventQueue-DeleteBlockStatusForDeletedBlockLogImpl] DEBUG block.DeletedBlockLogImpl (DeletedBlockLogImpl.java:isTransactionFailed(278)) - Got block deletion ACK from datanode, TXIDs=44, success=true
2021-08-10 12:16:28,618 [EventQueue-DeleteBlockStatusForDeletedBlockLogImpl] DEBUG block.DeletedBlockLogImpl (DeletedBlockLogImpl.java:commitTransactions(224)) - Transaction txId=44 commit by dnId=ad4991cb-97ce-4dd6-b117-42e7f6b0816f for containerID=#44 failed. Corresponding entry not found.
2021-08-10 12:16:28,619 [EventQueue-DeleteBlockStatusForDeletedBlockLogImpl] DEBUG block.DeletedBlockLogImpl (DeletedBlockLogImpl.java:isTransactionFailed(278)) - Got block deletion ACK from datanode, TXIDs=45, success=true
2021-08-10 12:16:28,619 [EventQueue-DeleteBlockStatusForDeletedBlockLogImpl] DEBUG block.DeletedBlockLogImpl (DeletedBlockLogImpl.java:commitTransactions(224)) - Transaction txId=45 commit by dnId=ad4991cb-97ce-4dd6-b117-42e7f6b0816f for containerID=#45 failed. Corresponding entry not found.
2021-08-10 12:16:28,619 [EventQueue-DeleteBlockStatusForDeletedBlockLogImpl] DEBUG block.DeletedBlockLogImpl (DeletedBlockLogImpl.java:isTransactionFailed(278)) - Got block deletion ACK from datanode, TXIDs=46, success=true
2021-08-10 12:16:28,619 [EventQueue-DeleteBlockStatusForDeletedBlockLogImpl] DEBUG block.DeletedBlockLogImpl (DeletedBlockLogImpl.java:commitTransactions(224)) - Transaction txId=46 commit by dnId=ad4991cb-97ce-4dd6-b117-42e7f6b0816f for containerID=#46 failed. Corresponding entry not found.
2021-08-10 12:16:28,619 [EventQueue-DeleteBlockStatusForDeletedBlockLogImpl] DEBUG block.DeletedBlockLogImpl (DeletedBlockLogImpl.java:isTransactionFailed(278)) - Got block deletion ACK from datanode, TXIDs=47, success=true
2021-08-10 12:16:28,619 [EventQueue-DeleteBlockStatusForDeletedBlockLogImpl] DEBUG block.DeletedBlockLogImpl (DeletedBlockLogImpl.java:commitTransactions(224)) - Transaction txId=47 commit by dnId=ad4991cb-97ce-4dd6-b117-42e7f6b0816f for containerID=#47 failed. Corresponding entry not found.
2021-08-10 12:16:28,619 [EventQueue-DeleteBlockStatusForDeletedBlockLogImpl] DEBUG block.DeletedBlockLogImpl (DeletedBlockLogImpl.java:isTransactionFailed(278)) - Got block deletion ACK from datanode, TXIDs=48, success=true
2021-08-10 12:16:28,619 [EventQueue-DeleteBlockStatusForDeletedBlockLogImpl] DEBUG block.DeletedBlockLogImpl (DeletedBlockLogImpl.java:commitTransactions(224)) - Transaction txId=48 commit by dnId=ad4991cb-97ce-4dd6-b117-42e7f6b0816f for containerID=#48 failed. Corresponding entry not found.
2021-08-10 12:16:28,619 [EventQueue-DeleteBlockStatusForDeletedBlockLogImpl] DEBUG block.DeletedBlockLogImpl (DeletedBlockLogImpl.java:isTransactionFailed(278)) - Got block deletion ACK from datanode, TXIDs=49, success=true
2021-08-10 12:16:28,619 [EventQueue-DeleteBlockStatusForDeletedBlockLogImpl] DEBUG block.DeletedBlockLogImpl (DeletedBlockLogImpl.java:commitTransactions(224)) - Transaction txId=49 commit by dnId=ad4991cb-97ce-4dd6-b117-42e7f6b0816f for containerID=#49 failed. Corresponding entry not found.
2021-08-10 12:16:28,619 [EventQueue-DeleteBlockStatusForDeletedBlockLogImpl] DEBUG block.DeletedBlockLogImpl (DeletedBlockLogImpl.java:isTransactionFailed(278)) - Got block deletion ACK from datanode, TXIDs=50, success=true
2021-08-10 12:16:28,619 [EventQueue-DeleteBlockStatusForDeletedBlockLogImpl] DEBUG block.DeletedBlockLogImpl (DeletedBlockLogImpl.java:commitTransactions(224)) - Transaction txId=50 commit by dnId=ad4991cb-97ce-4dd6-b117-42e7f6b0816f for containerID=#50 failed. Corresponding entry not found.
2021-08-10 12:16:28,619 [EventQueue-DeleteBlockStatusForDeletedBlockLogImpl] DEBUG block.DeletedBlockLogImpl (DeletedBlockLogImpl.java:isTransactionFailed(278)) - Got block deletion ACK from datanode, TXIDs=51, success=true
2021-08-10 12:16:28,619 [EventQueue-DeleteBlockStatusForDeletedBlockLogImpl] DEBUG block.DeletedBlockLogImpl (DeletedBlockLogImpl.java:commitTransactions(224)) - Transaction txId=51 commit by dnId=ad4991cb-97ce-4dd6-b117-42e7f6b0816f for containerID=#51 failed. Corresponding entry not found.
2021-08-10 12:16:28,619 [EventQueue-DeleteBlockStatusForDeletedBlockLogImpl] DEBUG block.DeletedBlockLogImpl (DeletedBlockLogImpl.java:isTransactionFailed(278)) - Got block deletion ACK from datanode, TXIDs=52, success=true
2021-08-10 12:16:28,619 [EventQueue-DeleteBlockStatusForDeletedBlockLogImpl] DEBUG block.DeletedBlockLogImpl (DeletedBlockLogImpl.java:commitTransactions(224)) - Transaction txId=52 commit by dnId=ad4991cb-97ce-4dd6-b117-42e7f6b0816f for containerID=#52 failed. Corresponding entry not found.
2021-08-10 12:16:28,619 [EventQueue-DeleteBlockStatusForDeletedBlockLogImpl] DEBUG block.DeletedBlockLogImpl (DeletedBlockLogImpl.java:isTransactionFailed(278)) - Got block deletion ACK from datanode, TXIDs=53, success=true
2021-08-10 12:16:28,619 [EventQueue-DeleteBlockStatusForDeletedBlockLogImpl] DEBUG block.DeletedBlockLogImpl (DeletedBlockLogImpl.java:commitTransactions(224)) - Transaction txId=53 commit by dnId=ad4991cb-97ce-4dd6-b117-42e7f6b0816f for containerID=#53 failed. Corresponding entry not found.
2021-08-10 12:16:28,619 [EventQueue-DeleteBlockStatusForDeletedBlockLogImpl] DEBUG block.DeletedBlockLogImpl (DeletedBlockLogImpl.java:isTransactionFailed(278)) - Got block deletion ACK from datanode, TXIDs=54, success=true
2021-08-10 12:16:28,619 [EventQueue-DeleteBlockStatusForDeletedBlockLogImpl] DEBUG block.DeletedBlockLogImpl (DeletedBlockLogImpl.java:commitTransactions(224)) - Transaction txId=54 commit by dnId=ad4991cb-97ce-4dd6-b117-42e7f6b0816f for containerID=#54 failed. Corresponding entry not found.
2021-08-10 12:16:28,619 [EventQueue-DeleteBlockStatusForDeletedBlockLogImpl] DEBUG block.DeletedBlockLogImpl (DeletedBlockLogImpl.java:isTransactionFailed(278)) - Got block deletion ACK from datanode, TXIDs=55, success=true
2021-08-10 12:16:28,619 [EventQueue-DeleteBlockStatusForDeletedBlockLogImpl] DEBUG block.DeletedBlockLogImpl (DeletedBlockLogImpl.java:commitTransactions(224)) - Transaction txId=55 commit by dnId=ad4991cb-97ce-4dd6-b117-42e7f6b0816f for containerID=#55 failed. Corresponding entry not found.
2021-08-10 12:16:28,619 [EventQueue-DeleteBlockStatusForDeletedBlockLogImpl] DEBUG block.DeletedBlockLogImpl (DeletedBlockLogImpl.java:isTransactionFailed(278)) - Got block deletion ACK from datanode, TXIDs=56, success=true
2021-08-10 12:16:28,619 [EventQueue-DeleteBlockStatusForDeletedBlockLogImpl] DEBUG block.DeletedBlockLogImpl (DeletedBlockLogImpl.java:commitTransactions(224)) - Transaction txId=56 commit by dnId=ad4991cb-97ce-4dd6-b117-42e7f6b0816f for containerID=#56 failed. Corresponding entry not found.
2021-08-10 12:16:28,619 [EventQueue-DeleteBlockStatusForDeletedBlockLogImpl] DEBUG block.DeletedBlockLogImpl (DeletedBlockLogImpl.java:isTransactionFailed(278)) - Got block deletion ACK from datanode, TXIDs=10, success=true
2021-08-10 12:16:28,619 [EventQueue-DeleteBlockStatusForDeletedBlockLogImpl] DEBUG block.DeletedBlockLogImpl (DeletedBlockLogImpl.java:commitTransactions(224)) - Transaction txId=10 commit by dnId=ad4991cb-97ce-4dd6-b117-42e7f6b0816f for containerID=#10 failed. Corresponding entry not found.
2021-08-10 12:16:28,619 [EventQueue-DeleteBlockStatusForDeletedBlockLogImpl] DEBUG block.DeletedBlockLogImpl (DeletedBlockLogImpl.java:isTransactionFailed(278)) - Got block deletion ACK from datanode, TXIDs=11, success=true
2021-08-10 12:16:28,619 [EventQueue-DeleteBlockStatusForDeletedBlockLogImpl] DEBUG block.DeletedBlockLogImpl (DeletedBlockLogImpl.java:commitTransactions(224)) - Transaction txId=11 commit by dnId=ad4991cb-97ce-4dd6-b117-42e7f6b0816f for containerID=#11 failed. Corresponding entry not found.
2021-08-10 12:16:28,619 [EventQueue-DeleteBlockStatusForDeletedBlockLogImpl] DEBUG block.DeletedBlockLogImpl (DeletedBlockLogImpl.java:isTransactionFailed(278)) - Got block deletion ACK from datanode, TXIDs=12, success=true
2021-08-10 12:16:28,619 [EventQueue-DeleteBlockStatusForDeletedBlockLogImpl] DEBUG block.DeletedBlockLogImpl (DeletedBlockLogImpl.java:commitTransactions(224)) - Transaction txId=12 commit by dnId=ad4991cb-97ce-4dd6-b117-42e7f6b0816f for containerID=#12 failed. Corresponding entry not found.
2021-08-10 12:16:28,619 [EventQueue-DeleteBlockStatusForDeletedBlockLogImpl] DEBUG block.DeletedBlockLogImpl (DeletedBlockLogImpl.java:isTransactionFailed(278)) - Got block deletion ACK from datanode, TXIDs=13, success=true
2021-08-10 12:16:28,619 [EventQueue-DeleteBlockStatusForDeletedBlockLogImpl] DEBUG block.DeletedBlockLogImpl (DeletedBlockLogImpl.java:commitTransactions(224)) - Transaction txId=13 commit by dnId=ad4991cb-97ce-4dd6-b117-42e7f6b0816f for containerID=#13 failed. Corresponding entry not found.
2021-08-10 12:16:28,619 [EventQueue-DeleteBlockStatusForDeletedBlockLogImpl] DEBUG block.DeletedBlockLogImpl (DeletedBlockLogImpl.java:isTransactionFailed(278)) - Got block deletion ACK from datanode, TXIDs=14, success=true
2021-08-10 12:16:28,619 [EventQueue-DeleteBlockStatusForDeletedBlockLogImpl] DEBUG block.DeletedBlockLogImpl (DeletedBlockLogImpl.java:commitTransactions(224)) - Transaction txId=14 commit by dnId=ad4991cb-97ce-4dd6-b117-42e7f6b0816f for containerID=#14 failed. Corresponding entry not found.
2021-08-10 12:16:28,619 [EventQueue-DeleteBlockStatusForDeletedBlockLogImpl] DEBUG block.DeletedBlockLogImpl (DeletedBlockLogImpl.java:isTransactionFailed(278)) - Got block deletion ACK from datanode, TXIDs=15, success=true
2021-08-10 12:16:28,619 [EventQueue-DeleteBlockStatusForDeletedBlockLogImpl] DEBUG block.DeletedBlockLogImpl (DeletedBlockLogImpl.java:commitTransactions(224)) - Transaction txId=15 commit by dnId=ad4991cb-97ce-4dd6-b117-42e7f6b0816f for containerID=#15 failed. Corresponding entry not found.
2021-08-10 12:16:28,619 [EventQueue-DeleteBlockStatusForDeletedBlockLogImpl] DEBUG block.DeletedBlockLogImpl (DeletedBlockLogImpl.java:isTransactionFailed(278)) - Got block deletion ACK from datanode, TXIDs=16, success=true
2021-08-10 12:16:28,619 [EventQueue-DeleteBlockStatusForDeletedBlockLogImpl] DEBUG block.DeletedBlockLogImpl (DeletedBlockLogImpl.java:commitTransactions(224)) - Transaction txId=16 commit by dnId=ad4991cb-97ce-4dd6-b117-42e7f6b0816f for containerID=#16 failed. Corresponding entry not found.
2021-08-10 12:16:28,619 [EventQueue-DeleteBlockStatusForDeletedBlockLogImpl] DEBUG block.DeletedBlockLogImpl (DeletedBlockLogImpl.java:isTransactionFailed(278)) - Got block deletion ACK from datanode, TXIDs=17, success=true
2021-08-10 12:16:28,619 [EventQueue-DeleteBlockStatusForDeletedBlockLogImpl] DEBUG block.DeletedBlockLogImpl (DeletedBlockLogImpl.java:commitTransactions(224)) - Transaction txId=17 commit by dnId=ad4991cb-97ce-4dd6-b117-42e7f6b0816f for containerID=#17 failed. Corresponding entry not found.
2021-08-10 12:16:28,619 [EventQueue-DeleteBlockStatusForDeletedBlockLogImpl] DEBUG block.DeletedBlockLogImpl (DeletedBlockLogImpl.java:isTransactionFailed(278)) - Got block deletion ACK from datanode, TXIDs=18, success=true
2021-08-10 12:16:28,619 [EventQueue-DeleteBlockStatusForDeletedBlockLogImpl] DEBUG block.DeletedBlockLogImpl (DeletedBlockLogImpl.java:commitTransactions(224)) - Transaction txId=18 commit by dnId=ad4991cb-97ce-4dd6-b117-42e7f6b0816f for containerID=#18 failed. Corresponding entry not found.
2021-08-10 12:16:28,619 [EventQueue-DeleteBlockStatusForDeletedBlockLogImpl] DEBUG block.DeletedBlockLogImpl (DeletedBlockLogImpl.java:isTransactionFailed(278)) - Got block deletion ACK from datanode, TXIDs=19, success=true
2021-08-10 12:16:28,620 [EventQueue-DeleteBlockStatusForDeletedBlockLogImpl] DEBUG block.DeletedBlockLogImpl (DeletedBlockLogImpl.java:commitTransactions(224)) - Transaction txId=19 commit by dnId=ad4991cb-97ce-4dd6-b117-42e7f6b0816f for containerID=#19 failed. Corresponding entry not found.
2021-08-10 12:16:28,620 [EventQueue-DeleteBlockStatusForDeletedBlockLogImpl] DEBUG block.DeletedBlockLogImpl (DeletedBlockLogImpl.java:isTransactionFailed(278)) - Got block deletion ACK from datanode, TXIDs=20, success=true
2021-08-10 12:16:28,620 [EventQueue-DeleteBlockStatusForDeletedBlockLogImpl] DEBUG block.DeletedBlockLogImpl (DeletedBlockLogImpl.java:commitTransactions(224)) - Transaction txId=20 commit by dnId=ad4991cb-97ce-4dd6-b117-42e7f6b0816f for containerID=#20 failed. Corresponding entry not found.
2021-08-10 12:16:28,620 [EventQueue-DeleteBlockStatusForDeletedBlockLogImpl] DEBUG block.DeletedBlockLogImpl (DeletedBlockLogImpl.java:isTransactionFailed(278)) - Got block deletion ACK from datanode, TXIDs=21, success=true
2021-08-10 12:16:28,620 [EventQueue-DeleteBlockStatusForDeletedBlockLogImpl] DEBUG block.DeletedBlockLogImpl (DeletedBlockLogImpl.java:commitTransactions(224)) - Transaction txId=21 commit by dnId=ad4991cb-97ce-4dd6-b117-42e7f6b0816f for containerID=#21 failed. Corresponding entry not found.
2021-08-10 12:16:28,620 [EventQueue-DeleteBlockStatusForDeletedBlockLogImpl] DEBUG block.DeletedBlockLogImpl (DeletedBlockLogImpl.java:isTransactionFailed(278)) - Got block deletion ACK from datanode, TXIDs=22, success=true
2021-08-10 12:16:28,620 [EventQueue-DeleteBlockStatusForDeletedBlockLogImpl] DEBUG block.DeletedBlockLogImpl (DeletedBlockLogImpl.java:commitTransactions(224)) - Transaction txId=22 commit by dnId=ad4991cb-97ce-4dd6-b117-42e7f6b0816f for containerID=#22 failed. Corresponding entry not found.
2021-08-10 12:16:28,620 [EventQueue-DeleteBlockStatusForDeletedBlockLogImpl] DEBUG block.DeletedBlockLogImpl (DeletedBlockLogImpl.java:isTransactionFailed(278)) - Got block deletion ACK from datanode, TXIDs=23, success=true
2021-08-10 12:16:28,620 [EventQueue-DeleteBlockStatusForDeletedBlockLogImpl] DEBUG block.DeletedBlockLogImpl (DeletedBlockLogImpl.java:commitTransactions(224)) - Transaction txId=23 commit by dnId=ad4991cb-97ce-4dd6-b117-42e7f6b0816f for containerID=#23 failed. Corresponding entry not found.
2021-08-10 12:16:28,620 [EventQueue-DeleteBlockStatusForDeletedBlockLogImpl] DEBUG block.DeletedBlockLogImpl (DeletedBlockLogImpl.java:isTransactionFailed(278)) - Got block deletion ACK from datanode, TXIDs=24, success=true
2021-08-10 12:16:28,620 [EventQueue-DeleteBlockStatusForDeletedBlockLogImpl] DEBUG block.DeletedBlockLogImpl (DeletedBlockLogImpl.java:commitTransactions(224)) - Transaction txId=24 commit by dnId=ad4991cb-97ce-4dd6-b117-42e7f6b0816f for containerID=#24 failed. Corresponding entry not found.
2021-08-10 12:16:28,620 [EventQueue-DeleteBlockStatusForDeletedBlockLogImpl] DEBUG block.DeletedBlockLogImpl (DeletedBlockLogImpl.java:isTransactionFailed(278)) - Got block deletion ACK from datanode, TXIDs=25, success=true
2021-08-10 12:16:28,620 [EventQueue-DeleteBlockStatusForDeletedBlockLogImpl] DEBUG block.DeletedBlockLogImpl (DeletedBlockLogImpl.java:commitTransactions(224)) - Transaction txId=25 commit by dnId=ad4991cb-97ce-4dd6-b117-42e7f6b0816f for containerID=#25 failed. Corresponding entry not found.
2021-08-10 12:16:28,620 [EventQueue-DeleteBlockStatusForDeletedBlockLogImpl] DEBUG block.DeletedBlockLogImpl (DeletedBlockLogImpl.java:isTransactionFailed(278)) - Got block deletion ACK from datanode, TXIDs=26, success=true
2021-08-10 12:16:28,620 [EventQueue-DeleteBlockStatusForDeletedBlockLogImpl] DEBUG block.DeletedBlockLogImpl (DeletedBlockLogImpl.java:commitTransactions(224)) - Transaction txId=26 commit by dnId=ad4991cb-97ce-4dd6-b117-42e7f6b0816f for containerID=#26 failed. Corresponding entry not found.
2021-08-10 12:16:28,620 [EventQueue-DeleteBlockStatusForDeletedBlockLogImpl] DEBUG block.DeletedBlockLogImpl (DeletedBlockLogImpl.java:isTransactionFailed(278)) - Got block deletion ACK from datanode, TXIDs=27, success=true
2021-08-10 12:16:28,620 [EventQueue-DeleteBlockStatusForDeletedBlockLogImpl] DEBUG block.DeletedBlockLogImpl (DeletedBlockLogImpl.java:commitTransactions(224)) - Transaction txId=27 commit by dnId=ad4991cb-97ce-4dd6-b117-42e7f6b0816f for containerID=#27 failed. Corresponding entry not found.
2021-08-10 12:16:28,620 [EventQueue-DeleteBlockStatusForDeletedBlockLogImpl] DEBUG block.DeletedBlockLogImpl (DeletedBlockLogImpl.java:isTransactionFailed(278)) - Got block deletion ACK from datanode, TXIDs=28, success=true
2021-08-10 12:16:28,620 [EventQueue-DeleteBlockStatusForDeletedBlockLogImpl] DEBUG block.DeletedBlockLogImpl (DeletedBlockLogImpl.java:commitTransactions(224)) - Transaction txId=28 commit by dnId=ad4991cb-97ce-4dd6-b117-42e7f6b0816f for containerID=#28 failed. Corresponding entry not found.
2021-08-10 12:16:28,620 [EventQueue-DeleteBlockStatusForDeletedBlockLogImpl] DEBUG block.DeletedBlockLogImpl (DeletedBlockLogImpl.java:isTransactionFailed(278)) - Got block deletion ACK from datanode, TXIDs=29, success=true
2021-08-10 12:16:28,620 [EventQueue-DeleteBlockStatusForDeletedBlockLogImpl] DEBUG block.DeletedBlockLogImpl (DeletedBlockLogImpl.java:commitTransactions(224)) - Transaction txId=29 commit by dnId=ad4991cb-97ce-4dd6-b117-42e7f6b0816f for containerID=#29 failed. Corresponding entry not found.
2021-08-10 12:16:28,620 [EventQueue-DeleteBlockStatusForDeletedBlockLogImpl] DEBUG block.DeletedBlockLogImpl (DeletedBlockLogImpl.java:isTransactionFailed(278)) - Got block deletion ACK from datanode, TXIDs=30, success=true
2021-08-10 12:16:28,620 [EventQueue-DeleteBlockStatusForDeletedBlockLogImpl] DEBUG block.DeletedBlockLogImpl (DeletedBlockLogImpl.java:commitTransactions(224)) - Transaction txId=30 commit by dnId=ad4991cb-97ce-4dd6-b117-42e7f6b0816f for containerID=#30 failed. Corresponding entry not found.
2021-08-10 12:16:28,620 [EventQueue-DeleteBlockStatusForDeletedBlockLogImpl] DEBUG block.DeletedBlockLogImpl (DeletedBlockLogImpl.java:isTransactionFailed(278)) - Got block deletion ACK from datanode, TXIDs=31, success=true
2021-08-10 12:16:28,620 [EventQueue-DeleteBlockStatusForDeletedBlockLogImpl] DEBUG block.DeletedBlockLogImpl (DeletedBlockLogImpl.java:commitTransactions(224)) - Transaction txId=31 commit by dnId=ad4991cb-97ce-4dd6-b117-42e7f6b0816f for containerID=#31 failed. Corresponding entry not found.
2021-08-10 12:16:28,620 [EventQueue-DeleteBlockStatusForDeletedBlockLogImpl] DEBUG block.DeletedBlockLogImpl (DeletedBlockLogImpl.java:isTransactionFailed(278)) - Got block deletion ACK from datanode, TXIDs=32, success=true
2021-08-10 12:16:28,620 [EventQueue-DeleteBlockStatusForDeletedBlockLogImpl] DEBUG block.DeletedBlockLogImpl (DeletedBlockLogImpl.java:commitTransactions(224)) - Transaction txId=32 commit by dnId=ad4991cb-97ce-4dd6-b117-42e7f6b0816f for containerID=#32 failed. Corresponding entry not found.
2021-08-10 12:16:28,620 [EventQueue-DeleteBlockStatusForDeletedBlockLogImpl] DEBUG block.DeletedBlockLogImpl (DeletedBlockLogImpl.java:isTransactionFailed(278)) - Got block deletion ACK from datanode, TXIDs=33, success=true
2021-08-10 12:16:28,620 [EventQueue-DeleteBlockStatusForDeletedBlockLogImpl] DEBUG block.DeletedBlockLogImpl (DeletedBlockLogImpl.java:commitTransactions(224)) - Transaction txId=33 commit by dnId=ad4991cb-97ce-4dd6-b117-42e7f6b0816f for containerID=#33 failed. Corresponding entry not found.
2021-08-10 12:16:28,620 [EventQueue-DeleteBlockStatusForDeletedBlockLogImpl] DEBUG block.DeletedBlockLogImpl (DeletedBlockLogImpl.java:isTransactionFailed(278)) - Got block deletion ACK from datanode, TXIDs=34, success=true
2021-08-10 12:16:28,620 [EventQueue-DeleteBlockStatusForDeletedBlockLogImpl] DEBUG block.DeletedBlockLogImpl (DeletedBlockLogImpl.java:commitTransactions(224)) - Transaction txId=34 commit by dnId=ad4991cb-97ce-4dd6-b117-42e7f6b0816f for containerID=#34 failed. Corresponding entry not found.
2021-08-10 12:16:28,620 [EventQueue-DeleteBlockStatusForDeletedBlockLogImpl] DEBUG block.DeletedBlockLogImpl (DeletedBlockLogImpl.java:isTransactionFailed(278)) - Got block deletion ACK from datanode, TXIDs=35, success=true
2021-08-10 12:16:28,620 [EventQueue-DeleteBlockStatusForDeletedBlockLogImpl] DEBUG block.DeletedBlockLogImpl (DeletedBlockLogImpl.java:commitTransactions(224)) - Transaction txId=35 commit by dnId=ad4991cb-97ce-4dd6-b117-42e7f6b0816f for containerID=#35 failed. Corresponding entry not found.
2021-08-10 12:16:28,620 [EventQueue-DeleteBlockStatusForDeletedBlockLogImpl] DEBUG block.DeletedBlockLogImpl (DeletedBlockLogImpl.java:isTransactionFailed(278)) - Got block deletion ACK from datanode, TXIDs=36, success=true
2021-08-10 12:16:28,620 [EventQueue-DeleteBlockStatusForDeletedBlockLogImpl] DEBUG block.DeletedBlockLogImpl (DeletedBlockLogImpl.java:commitTransactions(224)) - Transaction txId=36 commit by dnId=ad4991cb-97ce-4dd6-b117-42e7f6b0816f for containerID=#36 failed. Corresponding entry not found.
2021-08-10 12:16:28,620 [EventQueue-DeleteBlockStatusForDeletedBlockLogImpl] DEBUG block.DeletedBlockLogImpl (DeletedBlockLogImpl.java:isTransactionFailed(278)) - Got block deletion ACK from datanode, TXIDs=37, success=true
2021-08-10 12:16:28,620 [EventQueue-DeleteBlockStatusForDeletedBlockLogImpl] DEBUG block.DeletedBlockLogImpl (DeletedBlockLogImpl.java:commitTransactions(224)) - Transaction txId=37 commit by dnId=ad4991cb-97ce-4dd6-b117-42e7f6b0816f for containerID=#37 failed. Corresponding entry not found.
2021-08-10 12:16:28,620 [EventQueue-DeleteBlockStatusForDeletedBlockLogImpl] DEBUG block.DeletedBlockLogImpl (DeletedBlockLogImpl.java:isTransactionFailed(278)) - Got block deletion ACK from datanode, TXIDs=38, success=true
2021-08-10 12:16:28,620 [EventQueue-DeleteBlockStatusForDeletedBlockLogImpl] DEBUG block.DeletedBlockLogImpl (DeletedBlockLogImpl.java:commitTransactions(224)) - Transaction txId=38 commit by dnId=ad4991cb-97ce-4dd6-b117-42e7f6b0816f for containerID=#38 failed. Corresponding entry not found.
2021-08-10 12:16:28,620 [EventQueue-DeleteBlockStatusForDeletedBlockLogImpl] DEBUG block.DeletedBlockLogImpl (DeletedBlockLogImpl.java:isTransactionFailed(278)) - Got block deletion ACK from datanode, TXIDs=39, success=true
2021-08-10 12:16:28,620 [EventQueue-DeleteBlockStatusForDeletedBlockLogImpl] DEBUG block.DeletedBlockLogImpl (DeletedBlockLogImpl.java:commitTransactions(224)) - Transaction txId=39 commit by dnId=ad4991cb-97ce-4dd6-b117-42e7f6b0816f for containerID=#39 failed. Corresponding entry not found.
2021-08-10 12:16:28,620 [EventQueue-DeleteBlockStatusForDeletedBlockLogImpl] DEBUG block.DeletedBlockLogImpl (DeletedBlockLogImpl.java:isTransactionFailed(278)) - Got block deletion ACK from datanode, TXIDs=40, success=true
2021-08-10 12:16:28,620 [EventQueue-DeleteBlockStatusForDeletedBlockLogImpl] DEBUG block.DeletedBlockLogImpl (DeletedBlockLogImpl.java:commitTransactions(224)) - Transaction txId=40 commit by dnId=ad4991cb-97ce-4dd6-b117-42e7f6b0816f for containerID=#40 failed. Corresponding entry not found.
2021-08-10 12:16:28,620 [EventQueue-DeleteBlockStatusForDeletedBlockLogImpl] DEBUG block.DeletedBlockLogImpl (DeletedBlockLogImpl.java:isTransactionFailed(278)) - Got block deletion ACK from datanode, TXIDs=41, success=true
2021-08-10 12:16:28,620 [EventQueue-DeleteBlockStatusForDeletedBlockLogImpl] DEBUG block.DeletedBlockLogImpl (DeletedBlockLogImpl.java:commitTransactions(224)) - Transaction txId=41 commit by dnId=ad4991cb-97ce-4dd6-b117-42e7f6b0816f for containerID=#41 failed. Corresponding entry not found.
2021-08-10 12:16:28,620 [EventQueue-DeleteBlockStatusForDeletedBlockLogImpl] DEBUG block.DeletedBlockLogImpl (DeletedBlockLogImpl.java:isTransactionFailed(278)) - Got block deletion ACK from datanode, TXIDs=42, success=true
2021-08-10 12:16:28,620 [EventQueue-DeleteBlockStatusForDeletedBlockLogImpl] DEBUG block.DeletedBlockLogImpl (DeletedBlockLogImpl.java:commitTransactions(224)) - Transaction txId=42 commit by dnId=ad4991cb-97ce-4dd6-b117-42e7f6b0816f for containerID=#42 failed. Corresponding entry not found.
2021-08-10 12:16:28,620 [EventQueue-DeleteBlockStatusForDeletedBlockLogImpl] DEBUG block.DeletedBlockLogImpl (DeletedBlockLogImpl.java:isTransactionFailed(278)) - Got block deletion ACK from datanode, TXIDs=43, success=true
2021-08-10 12:16:28,620 [EventQueue-DeleteBlockStatusForDeletedBlockLogImpl] DEBUG block.DeletedBlockLogImpl (DeletedBlockLogImpl.java:commitTransactions(224)) - Transaction txId=43 commit by dnId=ad4991cb-97ce-4dd6-b117-42e7f6b0816f for containerID=#43 failed. Corresponding entry not found.
2021-08-10 12:16:28,620 [EventQueue-DeleteBlockStatusForDeletedBlockLogImpl] DEBUG block.DeletedBlockLogImpl (DeletedBlockLogImpl.java:isTransactionFailed(278)) - Got block deletion ACK from datanode, TXIDs=44, success=true
2021-08-10 12:16:28,620 [EventQueue-DeleteBlockStatusForDeletedBlockLogImpl] DEBUG block.DeletedBlockLogImpl (DeletedBlockLogImpl.java:commitTransactions(224)) - Transaction txId=44 commit by dnId=ad4991cb-97ce-4dd6-b117-42e7f6b0816f for containerID=#44 failed. Corresponding entry not found.
2021-08-10 12:16:28,620 [EventQueue-DeleteBlockStatusForDeletedBlockLogImpl] DEBUG block.DeletedBlockLogImpl (DeletedBlockLogImpl.java:isTransactionFailed(278)) - Got block deletion ACK from datanode, TXIDs=45, success=true
2021-08-10 12:16:28,620 [EventQueue-DeleteBlockStatusForDeletedBlockLogImpl] DEBUG block.DeletedBlockLogImpl (DeletedBlockLogImpl.java:commitTransactions(224)) - Transaction txId=45 commit by dnId=ad4991cb-97ce-4dd6-b117-42e7f6b0816f for containerID=#45 failed. Corresponding entry not found.
2021-08-10 12:16:28,621 [EventQueue-DeleteBlockStatusForDeletedBlockLogImpl] DEBUG block.DeletedBlockLogImpl (DeletedBlockLogImpl.java:isTransactionFailed(278)) - Got block deletion ACK from datanode, TXIDs=46, success=true
2021-08-10 12:16:28,621 [EventQueue-DeleteBlockStatusForDeletedBlockLogImpl] DEBUG block.DeletedBlockLogImpl (DeletedBlockLogImpl.java:commitTransactions(224)) - Transaction txId=46 commit by dnId=ad4991cb-97ce-4dd6-b117-42e7f6b0816f for containerID=#46 failed. Corresponding entry not found.
2021-08-10 12:16:28,621 [EventQueue-DeleteBlockStatusForDeletedBlockLogImpl] DEBUG block.DeletedBlockLogImpl (DeletedBlockLogImpl.java:isTransactionFailed(278)) - Got block deletion ACK from datanode, TXIDs=47, success=true
2021-08-10 12:16:28,621 [EventQueue-DeleteBlockStatusForDeletedBlockLogImpl] DEBUG block.DeletedBlockLogImpl (DeletedBlockLogImpl.java:commitTransactions(224)) - Transaction txId=47 commit by dnId=ad4991cb-97ce-4dd6-b117-42e7f6b0816f for containerID=#47 failed. Corresponding entry not found.
2021-08-10 12:16:28,621 [EventQueue-DeleteBlockStatusForDeletedBlockLogImpl] DEBUG block.DeletedBlockLogImpl (DeletedBlockLogImpl.java:isTransactionFailed(278)) - Got block deletion ACK from datanode, TXIDs=48, success=true
2021-08-10 12:16:28,621 [EventQueue-DeleteBlockStatusForDeletedBlockLogImpl] DEBUG block.DeletedBlockLogImpl (DeletedBlockLogImpl.java:commitTransactions(224)) - Transaction txId=48 commit by dnId=ad4991cb-97ce-4dd6-b117-42e7f6b0816f for containerID=#48 failed. Corresponding entry not found.
2021-08-10 12:16:28,621 [EventQueue-DeleteBlockStatusForDeletedBlockLogImpl] DEBUG block.DeletedBlockLogImpl (DeletedBlockLogImpl.java:isTransactionFailed(278)) - Got block deletion ACK from datanode, TXIDs=49, success=true
2021-08-10 12:16:28,621 [EventQueue-DeleteBlockStatusForDeletedBlockLogImpl] DEBUG block.DeletedBlockLogImpl (DeletedBlockLogImpl.java:commitTransactions(224)) - Transaction txId=49 commit by dnId=ad4991cb-97ce-4dd6-b117-42e7f6b0816f for containerID=#49 failed. Corresponding entry not found.
2021-08-10 12:16:28,621 [EventQueue-DeleteBlockStatusForDeletedBlockLogImpl] DEBUG block.DeletedBlockLogImpl (DeletedBlockLogImpl.java:isTransactionFailed(278)) - Got block deletion ACK from datanode, TXIDs=50, success=true
2021-08-10 12:16:28,621 [EventQueue-DeleteBlockStatusForDeletedBlockLogImpl] DEBUG block.DeletedBlockLogImpl (DeletedBlockLogImpl.java:commitTransactions(224)) - Transaction txId=50 commit by dnId=ad4991cb-97ce-4dd6-b117-42e7f6b0816f for containerID=#50 failed. Corresponding entry not found.
2021-08-10 12:16:28,621 [EventQueue-DeleteBlockStatusForDeletedBlockLogImpl] DEBUG block.DeletedBlockLogImpl (DeletedBlockLogImpl.java:isTransactionFailed(278)) - Got block deletion ACK from datanode, TXIDs=51, success=true
2021-08-10 12:16:28,621 [EventQueue-DeleteBlockStatusForDeletedBlockLogImpl] DEBUG block.DeletedBlockLogImpl (DeletedBlockLogImpl.java:commitTransactions(224)) - Transaction txId=51 commit by dnId=ad4991cb-97ce-4dd6-b117-42e7f6b0816f for containerID=#51 failed. Corresponding entry not found.
2021-08-10 12:16:28,621 [EventQueue-DeleteBlockStatusForDeletedBlockLogImpl] DEBUG block.DeletedBlockLogImpl (DeletedBlockLogImpl.java:isTransactionFailed(278)) - Got block deletion ACK from datanode, TXIDs=52, success=true
2021-08-10 12:16:28,621 [EventQueue-DeleteBlockStatusForDeletedBlockLogImpl] DEBUG block.DeletedBlockLogImpl (DeletedBlockLogImpl.java:commitTransactions(224)) - Transaction txId=52 commit by dnId=ad4991cb-97ce-4dd6-b117-42e7f6b0816f for containerID=#52 failed. Corresponding entry not found.
2021-08-10 12:16:28,621 [EventQueue-DeleteBlockStatusForDeletedBlockLogImpl] DEBUG block.DeletedBlockLogImpl (DeletedBlockLogImpl.java:isTransactionFailed(278)) - Got block deletion ACK from datanode, TXIDs=53, success=true
2021-08-10 12:16:28,621 [EventQueue-DeleteBlockStatusForDeletedBlockLogImpl] DEBUG block.DeletedBlockLogImpl (DeletedBlockLogImpl.java:commitTransactions(224)) - Transaction txId=53 commit by dnId=ad4991cb-97ce-4dd6-b117-42e7f6b0816f for containerID=#53 failed. Corresponding entry not found.
2021-08-10 12:16:28,621 [EventQueue-DeleteBlockStatusForDeletedBlockLogImpl] DEBUG block.DeletedBlockLogImpl (DeletedBlockLogImpl.java:isTransactionFailed(278)) - Got block deletion ACK from datanode, TXIDs=54, success=true
2021-08-10 12:16:28,621 [EventQueue-DeleteBlockStatusForDeletedBlockLogImpl] DEBUG block.DeletedBlockLogImpl (DeletedBlockLogImpl.java:commitTransactions(224)) - Transaction txId=54 commit by dnId=ad4991cb-97ce-4dd6-b117-42e7f6b0816f for containerID=#54 failed. Corresponding entry not found.
2021-08-10 12:16:28,621 [EventQueue-DeleteBlockStatusForDeletedBlockLogImpl] DEBUG block.DeletedBlockLogImpl (DeletedBlockLogImpl.java:isTransactionFailed(278)) - Got block deletion ACK from datanode, TXIDs=55, success=true
2021-08-10 12:16:28,621 [EventQueue-DeleteBlockStatusForDeletedBlockLogImpl] DEBUG block.DeletedBlockLogImpl (DeletedBlockLogImpl.java:commitTransactions(224)) - Transaction txId=55 commit by dnId=ad4991cb-97ce-4dd6-b117-42e7f6b0816f for containerID=#55 failed. Corresponding entry not found.
2021-08-10 12:16:28,621 [EventQueue-DeleteBlockStatusForDeletedBlockLogImpl] DEBUG block.DeletedBlockLogImpl (DeletedBlockLogImpl.java:isTransactionFailed(278)) - Got block deletion ACK from datanode, TXIDs=56, success=true
2021-08-10 12:16:28,621 [EventQueue-DeleteBlockStatusForDeletedBlockLogImpl] DEBUG block.DeletedBlockLogImpl (DeletedBlockLogImpl.java:commitTransactions(224)) - Transaction txId=56 commit by dnId=ad4991cb-97ce-4dd6-b117-42e7f6b0816f for containerID=#56 failed. Corresponding entry not found.
2021-08-10 12:16:28,621 [EventQueue-DeleteBlockStatusForDeletedBlockLogImpl] DEBUG block.DeletedBlockLogImpl (DeletedBlockLogImpl.java:isTransactionFailed(278)) - Got block deletion ACK from datanode, TXIDs=10, success=true
2021-08-10 12:16:28,621 [EventQueue-DeleteBlockStatusForDeletedBlockLogImpl] DEBUG block.DeletedBlockLogImpl (DeletedBlockLogImpl.java:commitTransactions(224)) - Transaction txId=10 commit by dnId=ad4991cb-97ce-4dd6-b117-42e7f6b0816f for containerID=#10 failed. Corresponding entry not found.
2021-08-10 12:16:28,621 [EventQueue-DeleteBlockStatusForDeletedBlockLogImpl] DEBUG block.DeletedBlockLogImpl (DeletedBlockLogImpl.java:isTransactionFailed(278)) - Got block deletion ACK from datanode, TXIDs=11, success=true
2021-08-10 12:16:28,621 [EventQueue-DeleteBlockStatusForDeletedBlockLogImpl] DEBUG block.DeletedBlockLogImpl (DeletedBlockLogImpl.java:commitTransactions(224)) - Transaction txId=11 commit by dnId=ad4991cb-97ce-4dd6-b117-42e7f6b0816f for containerID=#11 failed. Corresponding entry not found.
2021-08-10 12:16:28,621 [EventQueue-DeleteBlockStatusForDeletedBlockLogImpl] DEBUG block.DeletedBlockLogImpl (DeletedBlockLogImpl.java:isTransactionFailed(278)) - Got block deletion ACK from datanode, TXIDs=12, success=true
2021-08-10 12:16:28,621 [EventQueue-DeleteBlockStatusForDeletedBlockLogImpl] DEBUG block.DeletedBlockLogImpl (DeletedBlockLogImpl.java:commitTransactions(224)) - Transaction txId=12 commit by dnId=ad4991cb-97ce-4dd6-b117-42e7f6b0816f for containerID=#12 failed. Corresponding entry not found.
2021-08-10 12:16:28,621 [EventQueue-DeleteBlockStatusForDeletedBlockLogImpl] DEBUG block.DeletedBlockLogImpl (DeletedBlockLogImpl.java:isTransactionFailed(278)) - Got block deletion ACK from datanode, TXIDs=13, success=true
2021-08-10 12:16:28,621 [EventQueue-DeleteBlockStatusForDeletedBlockLogImpl] DEBUG block.DeletedBlockLogImpl (DeletedBlockLogImpl.java:commitTransactions(224)) - Transaction txId=13 commit by dnId=ad4991cb-97ce-4dd6-b117-42e7f6b0816f for containerID=#13 failed. Corresponding entry not found.
2021-08-10 12:16:28,621 [EventQueue-DeleteBlockStatusForDeletedBlockLogImpl] DEBUG block.DeletedBlockLogImpl (DeletedBlockLogImpl.java:isTransactionFailed(278)) - Got block deletion ACK from datanode, TXIDs=14, success=true
2021-08-10 12:16:28,621 [EventQueue-DeleteBlockStatusForDeletedBlockLogImpl] DEBUG block.DeletedBlockLogImpl (DeletedBlockLogImpl.java:commitTransactions(224)) - Transaction txId=14 commit by dnId=ad4991cb-97ce-4dd6-b117-42e7f6b0816f for containerID=#14 failed. Corresponding entry not found.
2021-08-10 12:16:28,621 [EventQueue-DeleteBlockStatusForDeletedBlockLogImpl] DEBUG block.DeletedBlockLogImpl (DeletedBlockLogImpl.java:isTransactionFailed(278)) - Got block deletion ACK from datanode, TXIDs=15, success=true
2021-08-10 12:16:28,621 [EventQueue-DeleteBlockStatusForDeletedBlockLogImpl] DEBUG block.DeletedBlockLogImpl (DeletedBlockLogImpl.java:commitTransactions(224)) - Transaction txId=15 commit by dnId=ad4991cb-97ce-4dd6-b117-42e7f6b0816f for containerID=#15 failed. Corresponding entry not found.
2021-08-10 12:16:28,621 [EventQueue-DeleteBlockStatusForDeletedBlockLogImpl] DEBUG block.DeletedBlockLogImpl (DeletedBlockLogImpl.java:isTransactionFailed(278)) - Got block deletion ACK from datanode, TXIDs=16, success=true
2021-08-10 12:16:28,621 [EventQueue-DeleteBlockStatusForDeletedBlockLogImpl] DEBUG block.DeletedBlockLogImpl (DeletedBlockLogImpl.java:commitTransactions(224)) - Transaction txId=16 commit by dnId=ad4991cb-97ce-4dd6-b117-42e7f6b0816f for containerID=#16 failed. Corresponding entry not found.
2021-08-10 12:16:28,621 [EventQueue-DeleteBlockStatusForDeletedBlockLogImpl] DEBUG block.DeletedBlockLogImpl (DeletedBlockLogImpl.java:isTransactionFailed(278)) - Got block deletion ACK from datanode, TXIDs=17, success=true
2021-08-10 12:16:28,621 [EventQueue-DeleteBlockStatusForDeletedBlockLogImpl] DEBUG block.DeletedBlockLogImpl (DeletedBlockLogImpl.java:commitTransactions(224)) - Transaction txId=17 commit by dnId=ad4991cb-97ce-4dd6-b117-42e7f6b0816f for containerID=#17 failed. Corresponding entry not found.
2021-08-10 12:16:28,621 [EventQueue-DeleteBlockStatusForDeletedBlockLogImpl] DEBUG block.DeletedBlockLogImpl (DeletedBlockLogImpl.java:isTransactionFailed(278)) - Got block deletion ACK from datanode, TXIDs=18, success=true
2021-08-10 12:16:28,621 [EventQueue-DeleteBlockStatusForDeletedBlockLogImpl] DEBUG block.DeletedBlockLogImpl (DeletedBlockLogImpl.java:commitTransactions(224)) - Transaction txId=18 commit by dnId=ad4991cb-97ce-4dd6-b117-42e7f6b0816f for containerID=#18 failed. Corresponding entry not found.
2021-08-10 12:16:28,621 [EventQueue-DeleteBlockStatusForDeletedBlockLogImpl] DEBUG block.DeletedBlockLogImpl (DeletedBlockLogImpl.java:isTransactionFailed(278)) - Got block deletion ACK from datanode, TXIDs=19, success=true
2021-08-10 12:16:28,621 [EventQueue-DeleteBlockStatusForDeletedBlockLogImpl] DEBUG block.DeletedBlockLogImpl (DeletedBlockLogImpl.java:commitTransactions(224)) - Transaction txId=19 commit by dnId=ad4991cb-97ce-4dd6-b117-42e7f6b0816f for containerID=#19 failed. Corresponding entry not found.
2021-08-10 12:16:28,621 [EventQueue-DeleteBlockStatusForDeletedBlockLogImpl] DEBUG block.DeletedBlockLogImpl (DeletedBlockLogImpl.java:isTransactionFailed(278)) - Got block deletion ACK from datanode, TXIDs=20, success=true
2021-08-10 12:16:28,621 [EventQueue-DeleteBlockStatusForDeletedBlockLogImpl] DEBUG block.DeletedBlockLogImpl (DeletedBlockLogImpl.java:commitTransactions(224)) - Transaction txId=20 commit by dnId=ad4991cb-97ce-4dd6-b117-42e7f6b0816f for containerID=#20 failed. Corresponding entry not found.
2021-08-10 12:16:28,621 [EventQueue-DeleteBlockStatusForDeletedBlockLogImpl] DEBUG block.DeletedBlockLogImpl (DeletedBlockLogImpl.java:isTransactionFailed(278)) - Got block deletion ACK from datanode, TXIDs=21, success=true
2021-08-10 12:16:28,621 [EventQueue-DeleteBlockStatusForDeletedBlockLogImpl] DEBUG block.DeletedBlockLogImpl (DeletedBlockLogImpl.java:commitTransactions(224)) - Transaction txId=21 commit by dnId=ad4991cb-97ce-4dd6-b117-42e7f6b0816f for containerID=#21 failed. Corresponding entry not found.
2021-08-10 12:16:28,621 [EventQueue-DeleteBlockStatusForDeletedBlockLogImpl] DEBUG block.DeletedBlockLogImpl (DeletedBlockLogImpl.java:isTransactionFailed(278)) - Got block deletion ACK from datanode, TXIDs=22, success=true
2021-08-10 12:16:28,621 [EventQueue-DeleteBlockStatusForDeletedBlockLogImpl] DEBUG block.DeletedBlockLogImpl (DeletedBlockLogImpl.java:commitTransactions(224)) - Transaction txId=22 commit by dnId=ad4991cb-97ce-4dd6-b117-42e7f6b0816f for containerID=#22 failed. Corresponding entry not found.
2021-08-10 12:16:28,621 [EventQueue-DeleteBlockStatusForDeletedBlockLogImpl] DEBUG block.DeletedBlockLogImpl (DeletedBlockLogImpl.java:isTransactionFailed(278)) - Got block deletion ACK from datanode, TXIDs=23, success=true
2021-08-10 12:16:28,621 [EventQueue-DeleteBlockStatusForDeletedBlockLogImpl] DEBUG block.DeletedBlockLogImpl (DeletedBlockLogImpl.java:commitTransactions(224)) - Transaction txId=23 commit by dnId=ad4991cb-97ce-4dd6-b117-42e7f6b0816f for containerID=#23 failed. Corresponding entry not found.
2021-08-10 12:16:28,621 [EventQueue-DeleteBlockStatusForDeletedBlockLogImpl] DEBUG block.DeletedBlockLogImpl (DeletedBlockLogImpl.java:isTransactionFailed(278)) - Got block deletion ACK from datanode, TXIDs=24, success=true
2021-08-10 12:16:28,621 [EventQueue-DeleteBlockStatusForDeletedBlockLogImpl] DEBUG block.DeletedBlockLogImpl (DeletedBlockLogImpl.java:commitTransactions(224)) - Transaction txId=24 commit by dnId=ad4991cb-97ce-4dd6-b117-42e7f6b0816f for containerID=#24 failed. Corresponding entry not found.
2021-08-10 12:16:28,621 [EventQueue-DeleteBlockStatusForDeletedBlockLogImpl] DEBUG block.DeletedBlockLogImpl (DeletedBlockLogImpl.java:isTransactionFailed(278)) - Got block deletion ACK from datanode, TXIDs=25, success=true
2021-08-10 12:16:28,622 [EventQueue-DeleteBlockStatusForDeletedBlockLogImpl] DEBUG block.DeletedBlockLogImpl (DeletedBlockLogImpl.java:commitTransactions(224)) - Transaction txId=25 commit by dnId=ad4991cb-97ce-4dd6-b117-42e7f6b0816f for containerID=#25 failed. Corresponding entry not found.
2021-08-10 12:16:28,622 [EventQueue-DeleteBlockStatusForDeletedBlockLogImpl] DEBUG block.DeletedBlockLogImpl (DeletedBlockLogImpl.java:isTransactionFailed(278)) - Got block deletion ACK from datanode, TXIDs=26, success=true
2021-08-10 12:16:28,622 [EventQueue-DeleteBlockStatusForDeletedBlockLogImpl] DEBUG block.DeletedBlockLogImpl (DeletedBlockLogImpl.java:commitTransactions(224)) - Transaction txId=26 commit by dnId=ad4991cb-97ce-4dd6-b117-42e7f6b0816f for containerID=#26 failed. Corresponding entry not found.
2021-08-10 12:16:28,622 [EventQueue-DeleteBlockStatusForDeletedBlockLogImpl] DEBUG block.DeletedBlockLogImpl (DeletedBlockLogImpl.java:isTransactionFailed(278)) - Got block deletion ACK from datanode, TXIDs=27, success=true
2021-08-10 12:16:28,622 [EventQueue-DeleteBlockStatusForDeletedBlockLogImpl] DEBUG block.DeletedBlockLogImpl (DeletedBlockLogImpl.java:commitTransactions(224)) - Transaction txId=27 commit by dnId=ad4991cb-97ce-4dd6-b117-42e7f6b0816f for containerID=#27 failed. Corresponding entry not found.
2021-08-10 12:16:28,622 [EventQueue-DeleteBlockStatusForDeletedBlockLogImpl] DEBUG block.DeletedBlockLogImpl (DeletedBlockLogImpl.java:isTransactionFailed(278)) - Got block deletion ACK from datanode, TXIDs=28, success=true
2021-08-10 12:16:28,622 [EventQueue-DeleteBlockStatusForDeletedBlockLogImpl] DEBUG block.DeletedBlockLogImpl (DeletedBlockLogImpl.java:commitTransactions(224)) - Transaction txId=28 commit by dnId=ad4991cb-97ce-4dd6-b117-42e7f6b0816f for containerID=#28 failed. Corresponding entry not found.
2021-08-10 12:16:28,622 [EventQueue-DeleteBlockStatusForDeletedBlockLogImpl] DEBUG block.DeletedBlockLogImpl (DeletedBlockLogImpl.java:isTransactionFailed(278)) - Got block deletion ACK from datanode, TXIDs=29, success=true
2021-08-10 12:16:28,622 [EventQueue-DeleteBlockStatusForDeletedBlockLogImpl] DEBUG block.DeletedBlockLogImpl (DeletedBlockLogImpl.java:commitTransactions(224)) - Transaction txId=29 commit by dnId=ad4991cb-97ce-4dd6-b117-42e7f6b0816f for containerID=#29 failed. Corresponding entry not found.
2021-08-10 12:16:28,622 [EventQueue-DeleteBlockStatusForDeletedBlockLogImpl] DEBUG block.DeletedBlockLogImpl (DeletedBlockLogImpl.java:isTransactionFailed(278)) - Got block deletion ACK from datanode, TXIDs=30, success=true
2021-08-10 12:16:28,622 [EventQueue-DeleteBlockStatusForDeletedBlockLogImpl] DEBUG block.DeletedBlockLogImpl (DeletedBlockLogImpl.java:commitTransactions(224)) - Transaction txId=30 commit by dnId=ad4991cb-97ce-4dd6-b117-42e7f6b0816f for containerID=#30 failed. Corresponding entry not found.
2021-08-10 12:16:28,622 [EventQueue-DeleteBlockStatusForDeletedBlockLogImpl] DEBUG block.DeletedBlockLogImpl (DeletedBlockLogImpl.java:isTransactionFailed(278)) - Got block deletion ACK from datanode, TXIDs=31, success=true
2021-08-10 12:16:28,622 [EventQueue-DeleteBlockStatusForDeletedBlockLogImpl] DEBUG block.DeletedBlockLogImpl (DeletedBlockLogImpl.java:commitTransactions(224)) - Transaction txId=31 commit by dnId=ad4991cb-97ce-4dd6-b117-42e7f6b0816f for containerID=#31 failed. Corresponding entry not found.
2021-08-10 12:16:28,622 [EventQueue-DeleteBlockStatusForDeletedBlockLogImpl] DEBUG block.DeletedBlockLogImpl (DeletedBlockLogImpl.java:isTransactionFailed(278)) - Got block deletion ACK from datanode, TXIDs=32, success=true
2021-08-10 12:16:28,622 [EventQueue-DeleteBlockStatusForDeletedBlockLogImpl] DEBUG block.DeletedBlockLogImpl (DeletedBlockLogImpl.java:commitTransactions(224)) - Transaction txId=32 commit by dnId=ad4991cb-97ce-4dd6-b117-42e7f6b0816f for containerID=#32 failed. Corresponding entry not found.
2021-08-10 12:16:28,622 [EventQueue-DeleteBlockStatusForDeletedBlockLogImpl] DEBUG block.DeletedBlockLogImpl (DeletedBlockLogImpl.java:isTransactionFailed(278)) - Got block deletion ACK from datanode, TXIDs=33, success=true
2021-08-10 12:16:28,622 [EventQueue-DeleteBlockStatusForDeletedBlockLogImpl] DEBUG block.DeletedBlockLogImpl (DeletedBlockLogImpl.java:commitTransactions(224)) - Transaction txId=33 commit by dnId=ad4991cb-97ce-4dd6-b117-42e7f6b0816f for containerID=#33 failed. Corresponding entry not found.
2021-08-10 12:16:28,622 [EventQueue-DeleteBlockStatusForDeletedBlockLogImpl] DEBUG block.DeletedBlockLogImpl (DeletedBlockLogImpl.java:isTransactionFailed(278)) - Got block deletion ACK from datanode, TXIDs=34, success=true
2021-08-10 12:16:28,622 [EventQueue-DeleteBlockStatusForDeletedBlockLogImpl] DEBUG block.DeletedBlockLogImpl (DeletedBlockLogImpl.java:commitTransactions(224)) - Transaction txId=34 commit by dnId=ad4991cb-97ce-4dd6-b117-42e7f6b0816f for containerID=#34 failed. Corresponding entry not found.
2021-08-10 12:16:28,622 [EventQueue-DeleteBlockStatusForDeletedBlockLogImpl] DEBUG block.DeletedBlockLogImpl (DeletedBlockLogImpl.java:isTransactionFailed(278)) - Got block deletion ACK from datanode, TXIDs=35, success=true
2021-08-10 12:16:28,622 [EventQueue-DeleteBlockStatusForDeletedBlockLogImpl] DEBUG block.DeletedBlockLogImpl (DeletedBlockLogImpl.java:commitTransactions(224)) - Transaction txId=35 commit by dnId=ad4991cb-97ce-4dd6-b117-42e7f6b0816f for containerID=#35 failed. Corresponding entry not found.
2021-08-10 12:16:28,622 [EventQueue-DeleteBlockStatusForDeletedBlockLogImpl] DEBUG block.DeletedBlockLogImpl (DeletedBlockLogImpl.java:isTransactionFailed(278)) - Got block deletion ACK from datanode, TXIDs=36, success=true
2021-08-10 12:16:28,622 [EventQueue-DeleteBlockStatusForDeletedBlockLogImpl] DEBUG block.DeletedBlockLogImpl (DeletedBlockLogImpl.java:commitTransactions(224)) - Transaction txId=36 commit by dnId=ad4991cb-97ce-4dd6-b117-42e7f6b0816f for containerID=#36 failed. Corresponding entry not found.
2021-08-10 12:16:28,622 [EventQueue-DeleteBlockStatusForDeletedBlockLogImpl] DEBUG block.DeletedBlockLogImpl (DeletedBlockLogImpl.java:isTransactionFailed(278)) - Got block deletion ACK from datanode, TXIDs=37, success=true
2021-08-10 12:16:28,622 [EventQueue-DeleteBlockStatusForDeletedBlockLogImpl] DEBUG block.DeletedBlockLogImpl (DeletedBlockLogImpl.java:commitTransactions(224)) - Transaction txId=37 commit by dnId=ad4991cb-97ce-4dd6-b117-42e7f6b0816f for containerID=#37 failed. Corresponding entry not found.
2021-08-10 12:16:28,622 [EventQueue-DeleteBlockStatusForDeletedBlockLogImpl] DEBUG block.DeletedBlockLogImpl (DeletedBlockLogImpl.java:isTransactionFailed(278)) - Got block deletion ACK from datanode, TXIDs=38, success=true
2021-08-10 12:16:28,622 [EventQueue-DeleteBlockStatusForDeletedBlockLogImpl] DEBUG block.DeletedBlockLogImpl (DeletedBlockLogImpl.java:commitTransactions(224)) - Transaction txId=38 commit by dnId=ad4991cb-97ce-4dd6-b117-42e7f6b0816f for containerID=#38 failed. Corresponding entry not found.
2021-08-10 12:16:28,622 [EventQueue-DeleteBlockStatusForDeletedBlockLogImpl] DEBUG block.DeletedBlockLogImpl (DeletedBlockLogImpl.java:isTransactionFailed(278)) - Got block deletion ACK from datanode, TXIDs=39, success=true
2021-08-10 12:16:28,622 [EventQueue-DeleteBlockStatusForDeletedBlockLogImpl] DEBUG block.DeletedBlockLogImpl (DeletedBlockLogImpl.java:commitTransactions(224)) - Transaction txId=39 commit by dnId=ad4991cb-97ce-4dd6-b117-42e7f6b0816f for containerID=#39 failed. Corresponding entry not found.
2021-08-10 12:16:28,622 [EventQueue-DeleteBlockStatusForDeletedBlockLogImpl] DEBUG block.DeletedBlockLogImpl (DeletedBlockLogImpl.java:isTransactionFailed(278)) - Got block deletion ACK from datanode, TXIDs=40, success=true
2021-08-10 12:16:28,622 [EventQueue-DeleteBlockStatusForDeletedBlockLogImpl] DEBUG block.DeletedBlockLogImpl (DeletedBlockLogImpl.java:commitTransactions(224)) - Transaction txId=40 commit by dnId=ad4991cb-97ce-4dd6-b117-42e7f6b0816f for containerID=#40 failed. Corresponding entry not found.
2021-08-10 12:16:28,622 [EventQueue-DeleteBlockStatusForDeletedBlockLogImpl] DEBUG block.DeletedBlockLogImpl (DeletedBlockLogImpl.java:isTransactionFailed(278)) - Got block deletion ACK from datanode, TXIDs=41, success=true
2021-08-10 12:16:28,622 [EventQueue-DeleteBlockStatusForDeletedBlockLogImpl] DEBUG block.DeletedBlockLogImpl (DeletedBlockLogImpl.java:commitTransactions(224)) - Transaction txId=41 commit by dnId=ad4991cb-97ce-4dd6-b117-42e7f6b0816f for containerID=#41 failed. Corresponding entry not found.
2021-08-10 12:16:28,622 [EventQueue-DeleteBlockStatusForDeletedBlockLogImpl] DEBUG block.DeletedBlockLogImpl (DeletedBlockLogImpl.java:isTransactionFailed(278)) - Got block deletion ACK from datanode, TXIDs=42, success=true
2021-08-10 12:16:28,622 [EventQueue-DeleteBlockStatusForDeletedBlockLogImpl] DEBUG block.DeletedBlockLogImpl (DeletedBlockLogImpl.java:commitTransactions(224)) - Transaction txId=42 commit by dnId=ad4991cb-97ce-4dd6-b117-42e7f6b0816f for containerID=#42 failed. Corresponding entry not found.
2021-08-10 12:16:28,622 [EventQueue-DeleteBlockStatusForDeletedBlockLogImpl] DEBUG block.DeletedBlockLogImpl (DeletedBlockLogImpl.java:isTransactionFailed(278)) - Got block deletion ACK from datanode, TXIDs=43, success=true
2021-08-10 12:16:28,622 [EventQueue-DeleteBlockStatusForDeletedBlockLogImpl] DEBUG block.DeletedBlockLogImpl (DeletedBlockLogImpl.java:commitTransactions(224)) - Transaction txId=43 commit by dnId=ad4991cb-97ce-4dd6-b117-42e7f6b0816f for containerID=#43 failed. Corresponding entry not found.
2021-08-10 12:16:28,622 [EventQueue-DeleteBlockStatusForDeletedBlockLogImpl] DEBUG block.DeletedBlockLogImpl (DeletedBlockLogImpl.java:isTransactionFailed(278)) - Got block deletion ACK from datanode, TXIDs=44, success=true
2021-08-10 12:16:28,622 [EventQueue-DeleteBlockStatusForDeletedBlockLogImpl] DEBUG block.DeletedBlockLogImpl (DeletedBlockLogImpl.java:commitTransactions(224)) - Transaction txId=44 commit by dnId=ad4991cb-97ce-4dd6-b117-42e7f6b0816f for containerID=#44 failed. Corresponding entry not found.
2021-08-10 12:16:28,622 [EventQueue-DeleteBlockStatusForDeletedBlockLogImpl] DEBUG block.DeletedBlockLogImpl (DeletedBlockLogImpl.java:isTransactionFailed(278)) - Got block deletion ACK from datanode, TXIDs=45, success=true
2021-08-10 12:16:28,622 [EventQueue-DeleteBlockStatusForDeletedBlockLogImpl] DEBUG block.DeletedBlockLogImpl (DeletedBlockLogImpl.java:commitTransactions(224)) - Transaction txId=45 commit by dnId=ad4991cb-97ce-4dd6-b117-42e7f6b0816f for containerID=#45 failed. Corresponding entry not found.
2021-08-10 12:16:28,622 [EventQueue-DeleteBlockStatusForDeletedBlockLogImpl] DEBUG block.DeletedBlockLogImpl (DeletedBlockLogImpl.java:isTransactionFailed(278)) - Got block deletion ACK from datanode, TXIDs=46, success=true
2021-08-10 12:16:28,622 [EventQueue-DeleteBlockStatusForDeletedBlockLogImpl] DEBUG block.DeletedBlockLogImpl (DeletedBlockLogImpl.java:commitTransactions(224)) - Transaction txId=46 commit by dnId=ad4991cb-97ce-4dd6-b117-42e7f6b0816f for containerID=#46 failed. Corresponding entry not found.
2021-08-10 12:16:28,622 [EventQueue-DeleteBlockStatusForDeletedBlockLogImpl] DEBUG block.DeletedBlockLogImpl (DeletedBlockLogImpl.java:isTransactionFailed(278)) - Got block deletion ACK from datanode, TXIDs=47, success=true
2021-08-10 12:16:28,622 [EventQueue-DeleteBlockStatusForDeletedBlockLogImpl] DEBUG block.DeletedBlockLogImpl (DeletedBlockLogImpl.java:commitTransactions(224)) - Transaction txId=47 commit by dnId=ad4991cb-97ce-4dd6-b117-42e7f6b0816f for containerID=#47 failed. Corresponding entry not found.
2021-08-10 12:16:28,622 [EventQueue-DeleteBlockStatusForDeletedBlockLogImpl] DEBUG block.DeletedBlockLogImpl (DeletedBlockLogImpl.java:isTransactionFailed(278)) - Got block deletion ACK from datanode, TXIDs=48, success=true
2021-08-10 12:16:28,622 [EventQueue-DeleteBlockStatusForDeletedBlockLogImpl] DEBUG block.DeletedBlockLogImpl (DeletedBlockLogImpl.java:commitTransactions(224)) - Transaction txId=48 commit by dnId=ad4991cb-97ce-4dd6-b117-42e7f6b0816f for containerID=#48 failed. Corresponding entry not found.
2021-08-10 12:16:28,622 [EventQueue-DeleteBlockStatusForDeletedBlockLogImpl] DEBUG block.DeletedBlockLogImpl (DeletedBlockLogImpl.java:isTransactionFailed(278)) - Got block deletion ACK from datanode, TXIDs=49, success=true
2021-08-10 12:16:28,622 [EventQueue-DeleteBlockStatusForDeletedBlockLogImpl] DEBUG block.DeletedBlockLogImpl (DeletedBlockLogImpl.java:commitTransactions(224)) - Transaction txId=49 commit by dnId=ad4991cb-97ce-4dd6-b117-42e7f6b0816f for containerID=#49 failed. Corresponding entry not found.
2021-08-10 12:16:28,622 [EventQueue-DeleteBlockStatusForDeletedBlockLogImpl] DEBUG block.DeletedBlockLogImpl (DeletedBlockLogImpl.java:isTransactionFailed(278)) - Got block deletion ACK from datanode, TXIDs=50, success=true
2021-08-10 12:16:28,622 [EventQueue-DeleteBlockStatusForDeletedBlockLogImpl] DEBUG block.DeletedBlockLogImpl (DeletedBlockLogImpl.java:commitTransactions(224)) - Transaction txId=50 commit by dnId=ad4991cb-97ce-4dd6-b117-42e7f6b0816f for containerID=#50 failed. Corresponding entry not found.
2021-08-10 12:16:28,622 [EventQueue-DeleteBlockStatusForDeletedBlockLogImpl] DEBUG block.DeletedBlockLogImpl (DeletedBlockLogImpl.java:isTransactionFailed(278)) - Got block deletion ACK from datanode, TXIDs=51, success=true
2021-08-10 12:16:28,623 [EventQueue-DeleteBlockStatusForDeletedBlockLogImpl] DEBUG block.DeletedBlockLogImpl (DeletedBlockLogImpl.java:commitTransactions(224)) - Transaction txId=51 commit by dnId=ad4991cb-97ce-4dd6-b117-42e7f6b0816f for containerID=#51 failed. Corresponding entry not found.
2021-08-10 12:16:28,623 [EventQueue-DeleteBlockStatusForDeletedBlockLogImpl] DEBUG block.DeletedBlockLogImpl (DeletedBlockLogImpl.java:isTransactionFailed(278)) - Got block deletion ACK from datanode, TXIDs=52, success=true
2021-08-10 12:16:28,623 [EventQueue-DeleteBlockStatusForDeletedBlockLogImpl] DEBUG block.DeletedBlockLogImpl (DeletedBlockLogImpl.java:commitTransactions(224)) - Transaction txId=52 commit by dnId=ad4991cb-97ce-4dd6-b117-42e7f6b0816f for containerID=#52 failed. Corresponding entry not found.
2021-08-10 12:16:28,623 [EventQueue-DeleteBlockStatusForDeletedBlockLogImpl] DEBUG block.DeletedBlockLogImpl (DeletedBlockLogImpl.java:isTransactionFailed(278)) - Got block deletion ACK from datanode, TXIDs=53, success=true
2021-08-10 12:16:28,623 [EventQueue-DeleteBlockStatusForDeletedBlockLogImpl] DEBUG block.DeletedBlockLogImpl (DeletedBlockLogImpl.java:commitTransactions(224)) - Transaction txId=53 commit by dnId=ad4991cb-97ce-4dd6-b117-42e7f6b0816f for containerID=#53 failed. Corresponding entry not found.
2021-08-10 12:16:28,623 [EventQueue-DeleteBlockStatusForDeletedBlockLogImpl] DEBUG block.DeletedBlockLogImpl (DeletedBlockLogImpl.java:isTransactionFailed(278)) - Got block deletion ACK from datanode, TXIDs=54, success=true
2021-08-10 12:16:28,623 [EventQueue-DeleteBlockStatusForDeletedBlockLogImpl] DEBUG block.DeletedBlockLogImpl (DeletedBlockLogImpl.java:commitTransactions(224)) - Transaction txId=54 commit by dnId=ad4991cb-97ce-4dd6-b117-42e7f6b0816f for containerID=#54 failed. Corresponding entry not found.
2021-08-10 12:16:28,623 [EventQueue-DeleteBlockStatusForDeletedBlockLogImpl] DEBUG block.DeletedBlockLogImpl (DeletedBlockLogImpl.java:isTransactionFailed(278)) - Got block deletion ACK from datanode, TXIDs=55, success=true
2021-08-10 12:16:28,623 [EventQueue-DeleteBlockStatusForDeletedBlockLogImpl] DEBUG block.DeletedBlockLogImpl (DeletedBlockLogImpl.java:commitTransactions(224)) - Transaction txId=55 commit by dnId=ad4991cb-97ce-4dd6-b117-42e7f6b0816f for containerID=#55 failed. Corresponding entry not found.
2021-08-10 12:16:28,623 [EventQueue-DeleteBlockStatusForDeletedBlockLogImpl] DEBUG block.DeletedBlockLogImpl (DeletedBlockLogImpl.java:isTransactionFailed(278)) - Got block deletion ACK from datanode, TXIDs=56, success=true
2021-08-10 12:16:28,623 [EventQueue-DeleteBlockStatusForDeletedBlockLogImpl] DEBUG block.DeletedBlockLogImpl (DeletedBlockLogImpl.java:commitTransactions(224)) - Transaction txId=56 commit by dnId=ad4991cb-97ce-4dd6-b117-42e7f6b0816f for containerID=#56 failed. Corresponding entry not found.
2021-08-10 12:16:28,623 [EventQueue-DeleteBlockStatusForDeletedBlockLogImpl] DEBUG block.DeletedBlockLogImpl (DeletedBlockLogImpl.java:isTransactionFailed(278)) - Got block deletion ACK from datanode, TXIDs=1, success=true
2021-08-10 12:16:28,623 [EventQueue-DeleteBlockStatusForDeletedBlockLogImpl] DEBUG block.DeletedBlockLogImpl (DeletedBlockLogImpl.java:commitTransactions(224)) - Transaction txId=1 commit by dnId=ad4991cb-97ce-4dd6-b117-42e7f6b0816f for containerID=#1 failed. Corresponding entry not found.
2021-08-10 12:16:28,623 [EventQueue-DeleteBlockStatusForDeletedBlockLogImpl] DEBUG block.DeletedBlockLogImpl (DeletedBlockLogImpl.java:isTransactionFailed(278)) - Got block deletion ACK from datanode, TXIDs=2, success=true
2021-08-10 12:16:28,623 [EventQueue-DeleteBlockStatusForDeletedBlockLogImpl] DEBUG block.DeletedBlockLogImpl (DeletedBlockLogImpl.java:commitTransactions(224)) - Transaction txId=2 commit by dnId=ad4991cb-97ce-4dd6-b117-42e7f6b0816f for containerID=#2 failed. Corresponding entry not found.
2021-08-10 12:16:28,623 [EventQueue-DeleteBlockStatusForDeletedBlockLogImpl] DEBUG block.DeletedBlockLogImpl (DeletedBlockLogImpl.java:isTransactionFailed(278)) - Got block deletion ACK from datanode, TXIDs=3, success=true
2021-08-10 12:16:28,623 [EventQueue-DeleteBlockStatusForDeletedBlockLogImpl] DEBUG block.DeletedBlockLogImpl (DeletedBlockLogImpl.java:commitTransactions(224)) - Transaction txId=3 commit by dnId=ad4991cb-97ce-4dd6-b117-42e7f6b0816f for containerID=#3 failed. Corresponding entry not found.
2021-08-10 12:16:28,623 [EventQueue-DeleteBlockStatusForDeletedBlockLogImpl] DEBUG block.DeletedBlockLogImpl (DeletedBlockLogImpl.java:isTransactionFailed(278)) - Got block deletion ACK from datanode, TXIDs=4, success=true
2021-08-10 12:16:28,623 [EventQueue-DeleteBlockStatusForDeletedBlockLogImpl] DEBUG block.DeletedBlockLogImpl (DeletedBlockLogImpl.java:commitTransactions(224)) - Transaction txId=4 commit by dnId=ad4991cb-97ce-4dd6-b117-42e7f6b0816f for containerID=#4 failed. Corresponding entry not found.
2021-08-10 12:16:28,623 [EventQueue-DeleteBlockStatusForDeletedBlockLogImpl] DEBUG block.DeletedBlockLogImpl (DeletedBlockLogImpl.java:isTransactionFailed(278)) - Got block deletion ACK from datanode, TXIDs=5, success=true
2021-08-10 12:16:28,623 [EventQueue-DeleteBlockStatusForDeletedBlockLogImpl] DEBUG block.DeletedBlockLogImpl (DeletedBlockLogImpl.java:commitTransactions(224)) - Transaction txId=5 commit by dnId=ad4991cb-97ce-4dd6-b117-42e7f6b0816f for containerID=#5 failed. Corresponding entry not found.
2021-08-10 12:16:28,623 [EventQueue-DeleteBlockStatusForDeletedBlockLogImpl] DEBUG block.DeletedBlockLogImpl (DeletedBlockLogImpl.java:isTransactionFailed(278)) - Got block deletion ACK from datanode, TXIDs=6, success=true
2021-08-10 12:16:28,623 [EventQueue-DeleteBlockStatusForDeletedBlockLogImpl] DEBUG block.DeletedBlockLogImpl (DeletedBlockLogImpl.java:commitTransactions(224)) - Transaction txId=6 commit by dnId=ad4991cb-97ce-4dd6-b117-42e7f6b0816f for containerID=#6 failed. Corresponding entry not found.
2021-08-10 12:16:28,623 [EventQueue-DeleteBlockStatusForDeletedBlockLogImpl] DEBUG block.DeletedBlockLogImpl (DeletedBlockLogImpl.java:isTransactionFailed(278)) - Got block deletion ACK from datanode, TXIDs=7, success=true
2021-08-10 12:16:28,623 [EventQueue-DeleteBlockStatusForDeletedBlockLogImpl] DEBUG block.DeletedBlockLogImpl (DeletedBlockLogImpl.java:commitTransactions(224)) - Transaction txId=7 commit by dnId=ad4991cb-97ce-4dd6-b117-42e7f6b0816f for containerID=#7 failed. Corresponding entry not found.
2021-08-10 12:16:28,623 [EventQueue-DeleteBlockStatusForDeletedBlockLogImpl] DEBUG block.DeletedBlockLogImpl (DeletedBlockLogImpl.java:isTransactionFailed(278)) - Got block deletion ACK from datanode, TXIDs=8, success=true
2021-08-10 12:16:28,623 [EventQueue-DeleteBlockStatusForDeletedBlockLogImpl] DEBUG block.DeletedBlockLogImpl (DeletedBlockLogImpl.java:commitTransactions(224)) - Transaction txId=8 commit by dnId=ad4991cb-97ce-4dd6-b117-42e7f6b0816f for containerID=#8 failed. Corresponding entry not found.
2021-08-10 12:16:28,623 [EventQueue-DeleteBlockStatusForDeletedBlockLogImpl] DEBUG block.DeletedBlockLogImpl (DeletedBlockLogImpl.java:isTransactionFailed(278)) - Got block deletion ACK from datanode, TXIDs=9, success=true
2021-08-10 12:16:28,623 [EventQueue-DeleteBlockStatusForDeletedBlockLogImpl] DEBUG block.DeletedBlockLogImpl (DeletedBlockLogImpl.java:commitTransactions(224)) - Transaction txId=9 commit by dnId=ad4991cb-97ce-4dd6-b117-42e7f6b0816f for containerID=#9 failed. Corresponding entry not found.
2021-08-10 12:16:28,623 [EventQueue-DeleteBlockStatusForDeletedBlockLogImpl] DEBUG block.DeletedBlockLogImpl (DeletedBlockLogImpl.java:isTransactionFailed(278)) - Got block deletion ACK from datanode, TXIDs=10, success=true
2021-08-10 12:16:28,623 [EventQueue-DeleteBlockStatusForDeletedBlockLogImpl] DEBUG block.DeletedBlockLogImpl (DeletedBlockLogImpl.java:commitTransactions(224)) - Transaction txId=10 commit by dnId=ad4991cb-97ce-4dd6-b117-42e7f6b0816f for containerID=#10 failed. Corresponding entry not found.
2021-08-10 12:16:28,623 [EventQueue-DeleteBlockStatusForDeletedBlockLogImpl] DEBUG block.DeletedBlockLogImpl (DeletedBlockLogImpl.java:isTransactionFailed(278)) - Got block deletion ACK from datanode, TXIDs=1, success=true
2021-08-10 12:16:28,623 [EventQueue-DeleteBlockStatusForDeletedBlockLogImpl] DEBUG block.DeletedBlockLogImpl (DeletedBlockLogImpl.java:commitTransactions(224)) - Transaction txId=1 commit by dnId=ad4991cb-97ce-4dd6-b117-42e7f6b0816f for containerID=#1 failed. Corresponding entry not found.
2021-08-10 12:16:28,623 [EventQueue-DeleteBlockStatusForDeletedBlockLogImpl] DEBUG block.DeletedBlockLogImpl (DeletedBlockLogImpl.java:isTransactionFailed(278)) - Got block deletion ACK from datanode, TXIDs=2, success=true
2021-08-10 12:16:28,623 [EventQueue-DeleteBlockStatusForDeletedBlockLogImpl] DEBUG block.DeletedBlockLogImpl (DeletedBlockLogImpl.java:commitTransactions(224)) - Transaction txId=2 commit by dnId=ad4991cb-97ce-4dd6-b117-42e7f6b0816f for containerID=#2 failed. Corresponding entry not found.
2021-08-10 12:16:28,623 [EventQueue-DeleteBlockStatusForDeletedBlockLogImpl] DEBUG block.DeletedBlockLogImpl (DeletedBlockLogImpl.java:isTransactionFailed(278)) - Got block deletion ACK from datanode, TXIDs=3, success=true
2021-08-10 12:16:28,623 [EventQueue-DeleteBlockStatusForDeletedBlockLogImpl] DEBUG block.DeletedBlockLogImpl (DeletedBlockLogImpl.java:commitTransactions(224)) - Transaction txId=3 commit by dnId=ad4991cb-97ce-4dd6-b117-42e7f6b0816f for containerID=#3 failed. Corresponding entry not found.
2021-08-10 12:16:28,623 [EventQueue-DeleteBlockStatusForDeletedBlockLogImpl] DEBUG block.DeletedBlockLogImpl (DeletedBlockLogImpl.java:isTransactionFailed(278)) - Got block deletion ACK from datanode, TXIDs=4, success=true
2021-08-10 12:16:28,623 [EventQueue-DeleteBlockStatusForDeletedBlockLogImpl] DEBUG block.DeletedBlockLogImpl (DeletedBlockLogImpl.java:commitTransactions(224)) - Transaction txId=4 commit by dnId=ad4991cb-97ce-4dd6-b117-42e7f6b0816f for containerID=#4 failed. Corresponding entry not found.
2021-08-10 12:16:28,623 [EventQueue-DeleteBlockStatusForDeletedBlockLogImpl] DEBUG block.DeletedBlockLogImpl (DeletedBlockLogImpl.java:isTransactionFailed(278)) - Got block deletion ACK from datanode, TXIDs=5, success=true
2021-08-10 12:16:28,623 [EventQueue-DeleteBlockStatusForDeletedBlockLogImpl] DEBUG block.DeletedBlockLogImpl (DeletedBlockLogImpl.java:commitTransactions(224)) - Transaction txId=5 commit by dnId=ad4991cb-97ce-4dd6-b117-42e7f6b0816f for containerID=#5 failed. Corresponding entry not found.
2021-08-10 12:16:28,623 [EventQueue-DeleteBlockStatusForDeletedBlockLogImpl] DEBUG block.DeletedBlockLogImpl (DeletedBlockLogImpl.java:isTransactionFailed(278)) - Got block deletion ACK from datanode, TXIDs=6, success=true
2021-08-10 12:16:28,623 [EventQueue-DeleteBlockStatusForDeletedBlockLogImpl] DEBUG block.DeletedBlockLogImpl (DeletedBlockLogImpl.java:commitTransactions(224)) - Transaction txId=6 commit by dnId=ad4991cb-97ce-4dd6-b117-42e7f6b0816f for containerID=#6 failed. Corresponding entry not found.
2021-08-10 12:16:28,623 [EventQueue-DeleteBlockStatusForDeletedBlockLogImpl] DEBUG block.DeletedBlockLogImpl (DeletedBlockLogImpl.java:isTransactionFailed(278)) - Got block deletion ACK from datanode, TXIDs=7, success=true
2021-08-10 12:16:28,623 [EventQueue-DeleteBlockStatusForDeletedBlockLogImpl] DEBUG block.DeletedBlockLogImpl (DeletedBlockLogImpl.java:commitTransactions(224)) - Transaction txId=7 commit by dnId=ad4991cb-97ce-4dd6-b117-42e7f6b0816f for containerID=#7 failed. Corresponding entry not found.
2021-08-10 12:16:28,623 [EventQueue-DeleteBlockStatusForDeletedBlockLogImpl] DEBUG block.DeletedBlockLogImpl (DeletedBlockLogImpl.java:isTransactionFailed(278)) - Got block deletion ACK from datanode, TXIDs=8, success=true
2021-08-10 12:16:28,623 [EventQueue-DeleteBlockStatusForDeletedBlockLogImpl] DEBUG block.DeletedBlockLogImpl (DeletedBlockLogImpl.java:commitTransactions(224)) - Transaction txId=8 commit by dnId=ad4991cb-97ce-4dd6-b117-42e7f6b0816f for containerID=#8 failed. Corresponding entry not found.
2021-08-10 12:16:28,623 [EventQueue-DeleteBlockStatusForDeletedBlockLogImpl] DEBUG block.DeletedBlockLogImpl (DeletedBlockLogImpl.java:isTransactionFailed(278)) - Got block deletion ACK from datanode, TXIDs=9, success=true
2021-08-10 12:16:28,623 [EventQueue-DeleteBlockStatusForDeletedBlockLogImpl] DEBUG block.DeletedBlockLogImpl (DeletedBlockLogImpl.java:commitTransactions(224)) - Transaction txId=9 commit by dnId=ad4991cb-97ce-4dd6-b117-42e7f6b0816f for containerID=#9 failed. Corresponding entry not found.
2021-08-10 12:16:28,623 [EventQueue-DeleteBlockStatusForDeletedBlockLogImpl] DEBUG block.DeletedBlockLogImpl (DeletedBlockLogImpl.java:isTransactionFailed(278)) - Got block deletion ACK from datanode, TXIDs=10, success=true
2021-08-10 12:16:28,623 [EventQueue-DeleteBlockStatusForDeletedBlockLogImpl] DEBUG block.DeletedBlockLogImpl (DeletedBlockLogImpl.java:commitTransactions(224)) - Transaction txId=10 commit by dnId=ad4991cb-97ce-4dd6-b117-42e7f6b0816f for containerID=#10 failed. Corresponding entry not found.
2021-08-10 12:16:28,624 [EventQueue-DeleteBlockStatusForDeletedBlockLogImpl] DEBUG block.DeletedBlockLogImpl (DeletedBlockLogImpl.java:isTransactionFailed(278)) - Got block deletion ACK from datanode, TXIDs=1, success=true
2021-08-10 12:16:28,624 [EventQueue-DeleteBlockStatusForDeletedBlockLogImpl] DEBUG block.DeletedBlockLogImpl (DeletedBlockLogImpl.java:commitTransactions(224)) - Transaction txId=1 commit by dnId=ad4991cb-97ce-4dd6-b117-42e7f6b0816f for containerID=#1 failed. Corresponding entry not found.
2021-08-10 12:16:28,624 [EventQueue-DeleteBlockStatusForDeletedBlockLogImpl] DEBUG block.DeletedBlockLogImpl (DeletedBlockLogImpl.java:isTransactionFailed(278)) - Got block deletion ACK from datanode, TXIDs=2, success=true
2021-08-10 12:16:28,624 [EventQueue-DeleteBlockStatusForDeletedBlockLogImpl] DEBUG block.DeletedBlockLogImpl (DeletedBlockLogImpl.java:commitTransactions(224)) - Transaction txId=2 commit by dnId=ad4991cb-97ce-4dd6-b117-42e7f6b0816f for containerID=#2 failed. Corresponding entry not found.
2021-08-10 12:16:28,624 [EventQueue-DeleteBlockStatusForDeletedBlockLogImpl] DEBUG block.DeletedBlockLogImpl (DeletedBlockLogImpl.java:isTransactionFailed(278)) - Got block deletion ACK from datanode, TXIDs=3, success=true
2021-08-10 12:16:28,624 [EventQueue-DeleteBlockStatusForDeletedBlockLogImpl] DEBUG block.DeletedBlockLogImpl (DeletedBlockLogImpl.java:commitTransactions(224)) - Transaction txId=3 commit by dnId=ad4991cb-97ce-4dd6-b117-42e7f6b0816f for containerID=#3 failed. Corresponding entry not found.
2021-08-10 12:16:28,624 [EventQueue-DeleteBlockStatusForDeletedBlockLogImpl] DEBUG block.DeletedBlockLogImpl (DeletedBlockLogImpl.java:isTransactionFailed(278)) - Got block deletion ACK from datanode, TXIDs=4, success=true
2021-08-10 12:16:28,624 [EventQueue-DeleteBlockStatusForDeletedBlockLogImpl] DEBUG block.DeletedBlockLogImpl (DeletedBlockLogImpl.java:commitTransactions(224)) - Transaction txId=4 commit by dnId=ad4991cb-97ce-4dd6-b117-42e7f6b0816f for containerID=#4 failed. Corresponding entry not found.
2021-08-10 12:16:28,624 [EventQueue-DeleteBlockStatusForDeletedBlockLogImpl] DEBUG block.DeletedBlockLogImpl (DeletedBlockLogImpl.java:isTransactionFailed(278)) - Got block deletion ACK from datanode, TXIDs=5, success=true
2021-08-10 12:16:28,624 [EventQueue-DeleteBlockStatusForDeletedBlockLogImpl] DEBUG block.DeletedBlockLogImpl (DeletedBlockLogImpl.java:commitTransactions(224)) - Transaction txId=5 commit by dnId=ad4991cb-97ce-4dd6-b117-42e7f6b0816f for containerID=#5 failed. Corresponding entry not found.
2021-08-10 12:16:28,624 [EventQueue-DeleteBlockStatusForDeletedBlockLogImpl] DEBUG block.DeletedBlockLogImpl (DeletedBlockLogImpl.java:isTransactionFailed(278)) - Got block deletion ACK from datanode, TXIDs=6, success=true
2021-08-10 12:16:28,624 [EventQueue-DeleteBlockStatusForDeletedBlockLogImpl] DEBUG block.DeletedBlockLogImpl (DeletedBlockLogImpl.java:commitTransactions(224)) - Transaction txId=6 commit by dnId=ad4991cb-97ce-4dd6-b117-42e7f6b0816f for containerID=#6 failed. Corresponding entry not found.
2021-08-10 12:16:28,624 [EventQueue-DeleteBlockStatusForDeletedBlockLogImpl] DEBUG block.DeletedBlockLogImpl (DeletedBlockLogImpl.java:isTransactionFailed(278)) - Got block deletion ACK from datanode, TXIDs=7, success=true
2021-08-10 12:16:28,624 [EventQueue-DeleteBlockStatusForDeletedBlockLogImpl] DEBUG block.DeletedBlockLogImpl (DeletedBlockLogImpl.java:commitTransactions(224)) - Transaction txId=7 commit by dnId=ad4991cb-97ce-4dd6-b117-42e7f6b0816f for containerID=#7 failed. Corresponding entry not found.
2021-08-10 12:16:28,624 [EventQueue-DeleteBlockStatusForDeletedBlockLogImpl] DEBUG block.DeletedBlockLogImpl (DeletedBlockLogImpl.java:isTransactionFailed(278)) - Got block deletion ACK from datanode, TXIDs=8, success=true
2021-08-10 12:16:28,624 [EventQueue-DeleteBlockStatusForDeletedBlockLogImpl] DEBUG block.DeletedBlockLogImpl (DeletedBlockLogImpl.java:commitTransactions(224)) - Transaction txId=8 commit by dnId=ad4991cb-97ce-4dd6-b117-42e7f6b0816f for containerID=#8 failed. Corresponding entry not found.
2021-08-10 12:16:28,624 [EventQueue-DeleteBlockStatusForDeletedBlockLogImpl] DEBUG block.DeletedBlockLogImpl (DeletedBlockLogImpl.java:isTransactionFailed(278)) - Got block deletion ACK from datanode, TXIDs=9, success=true
2021-08-10 12:16:28,624 [EventQueue-DeleteBlockStatusForDeletedBlockLogImpl] DEBUG block.DeletedBlockLogImpl (DeletedBlockLogImpl.java:commitTransactions(224)) - Transaction txId=9 commit by dnId=ad4991cb-97ce-4dd6-b117-42e7f6b0816f for containerID=#9 failed. Corresponding entry not found.
2021-08-10 12:16:28,624 [EventQueue-DeleteBlockStatusForDeletedBlockLogImpl] DEBUG block.DeletedBlockLogImpl (DeletedBlockLogImpl.java:isTransactionFailed(278)) - Got block deletion ACK from datanode, TXIDs=10, success=true
2021-08-10 12:16:28,624 [EventQueue-DeleteBlockStatusForDeletedBlockLogImpl] DEBUG block.DeletedBlockLogImpl (DeletedBlockLogImpl.java:commitTransactions(224)) - Transaction txId=10 commit by dnId=ad4991cb-97ce-4dd6-b117-42e7f6b0816f for containerID=#10 failed. Corresponding entry not found.
2021-08-10 12:16:28,624 [EventQueue-DeleteBlockStatusForDeletedBlockLogImpl] DEBUG block.DeletedBlockLogImpl (DeletedBlockLogImpl.java:isTransactionFailed(278)) - Got block deletion ACK from datanode, TXIDs=11, success=true
2021-08-10 12:16:28,624 [EventQueue-DeleteBlockStatusForDeletedBlockLogImpl] DEBUG block.DeletedBlockLogImpl (DeletedBlockLogImpl.java:commitTransactions(224)) - Transaction txId=11 commit by dnId=ad4991cb-97ce-4dd6-b117-42e7f6b0816f for containerID=#11 failed. Corresponding entry not found.
2021-08-10 12:16:28,624 [EventQueue-DeleteBlockStatusForDeletedBlockLogImpl] DEBUG block.DeletedBlockLogImpl (DeletedBlockLogImpl.java:isTransactionFailed(278)) - Got block deletion ACK from datanode, TXIDs=12, success=true
2021-08-10 12:16:28,624 [EventQueue-DeleteBlockStatusForDeletedBlockLogImpl] DEBUG block.DeletedBlockLogImpl (DeletedBlockLogImpl.java:commitTransactions(224)) - Transaction txId=12 commit by dnId=ad4991cb-97ce-4dd6-b117-42e7f6b0816f for containerID=#12 failed. Corresponding entry not found.
2021-08-10 12:16:28,624 [EventQueue-DeleteBlockStatusForDeletedBlockLogImpl] DEBUG block.DeletedBlockLogImpl (DeletedBlockLogImpl.java:isTransactionFailed(278)) - Got block deletion ACK from datanode, TXIDs=13, success=true
2021-08-10 12:16:28,624 [EventQueue-DeleteBlockStatusForDeletedBlockLogImpl] DEBUG block.DeletedBlockLogImpl (DeletedBlockLogImpl.java:commitTransactions(224)) - Transaction txId=13 commit by dnId=ad4991cb-97ce-4dd6-b117-42e7f6b0816f for containerID=#13 failed. Corresponding entry not found.
2021-08-10 12:16:28,624 [EventQueue-DeleteBlockStatusForDeletedBlockLogImpl] DEBUG block.DeletedBlockLogImpl (DeletedBlockLogImpl.java:isTransactionFailed(278)) - Got block deletion ACK from datanode, TXIDs=14, success=true
2021-08-10 12:16:28,624 [EventQueue-DeleteBlockStatusForDeletedBlockLogImpl] DEBUG block.DeletedBlockLogImpl (DeletedBlockLogImpl.java:commitTransactions(224)) - Transaction txId=14 commit by dnId=ad4991cb-97ce-4dd6-b117-42e7f6b0816f for containerID=#14 failed. Corresponding entry not found.
2021-08-10 12:16:28,624 [EventQueue-DeleteBlockStatusForDeletedBlockLogImpl] DEBUG block.DeletedBlockLogImpl (DeletedBlockLogImpl.java:isTransactionFailed(278)) - Got block deletion ACK from datanode, TXIDs=15, success=true
2021-08-10 12:16:28,624 [EventQueue-DeleteBlockStatusForDeletedBlockLogImpl] DEBUG block.DeletedBlockLogImpl (DeletedBlockLogImpl.java:commitTransactions(224)) - Transaction txId=15 commit by dnId=ad4991cb-97ce-4dd6-b117-42e7f6b0816f for containerID=#15 failed. Corresponding entry not found.
2021-08-10 12:16:28,624 [EventQueue-DeleteBlockStatusForDeletedBlockLogImpl] DEBUG block.DeletedBlockLogImpl (DeletedBlockLogImpl.java:isTransactionFailed(278)) - Got block deletion ACK from datanode, TXIDs=16, success=true
2021-08-10 12:16:28,624 [EventQueue-DeleteBlockStatusForDeletedBlockLogImpl] DEBUG block.DeletedBlockLogImpl (DeletedBlockLogImpl.java:commitTransactions(224)) - Transaction txId=16 commit by dnId=ad4991cb-97ce-4dd6-b117-42e7f6b0816f for containerID=#16 failed. Corresponding entry not found.
2021-08-10 12:16:28,624 [EventQueue-DeleteBlockStatusForDeletedBlockLogImpl] DEBUG block.DeletedBlockLogImpl (DeletedBlockLogImpl.java:isTransactionFailed(278)) - Got block deletion ACK from datanode, TXIDs=17, success=true
2021-08-10 12:16:28,624 [EventQueue-DeleteBlockStatusForDeletedBlockLogImpl] DEBUG block.DeletedBlockLogImpl (DeletedBlockLogImpl.java:commitTransactions(224)) - Transaction txId=17 commit by dnId=ad4991cb-97ce-4dd6-b117-42e7f6b0816f for containerID=#17 failed. Corresponding entry not found.
2021-08-10 12:16:28,624 [EventQueue-DeleteBlockStatusForDeletedBlockLogImpl] DEBUG block.DeletedBlockLogImpl (DeletedBlockLogImpl.java:isTransactionFailed(278)) - Got block deletion ACK from datanode, TXIDs=18, success=true
2021-08-10 12:16:28,624 [EventQueue-DeleteBlockStatusForDeletedBlockLogImpl] DEBUG block.DeletedBlockLogImpl (DeletedBlockLogImpl.java:commitTransactions(224)) - Transaction txId=18 commit by dnId=ad4991cb-97ce-4dd6-b117-42e7f6b0816f for containerID=#18 failed. Corresponding entry not found.
2021-08-10 12:16:28,624 [EventQueue-DeleteBlockStatusForDeletedBlockLogImpl] DEBUG block.DeletedBlockLogImpl (DeletedBlockLogImpl.java:isTransactionFailed(278)) - Got block deletion ACK from datanode, TXIDs=19, success=true
2021-08-10 12:16:28,624 [EventQueue-DeleteBlockStatusForDeletedBlockLogImpl] DEBUG block.DeletedBlockLogImpl (DeletedBlockLogImpl.java:commitTransactions(224)) - Transaction txId=19 commit by dnId=ad4991cb-97ce-4dd6-b117-42e7f6b0816f for containerID=#19 failed. Corresponding entry not found.
2021-08-10 12:16:28,624 [EventQueue-DeleteBlockStatusForDeletedBlockLogImpl] DEBUG block.DeletedBlockLogImpl (DeletedBlockLogImpl.java:isTransactionFailed(278)) - Got block deletion ACK from datanode, TXIDs=20, success=true
2021-08-10 12:16:28,624 [EventQueue-DeleteBlockStatusForDeletedBlockLogImpl] DEBUG block.DeletedBlockLogImpl (DeletedBlockLogImpl.java:commitTransactions(224)) - Transaction txId=20 commit by dnId=ad4991cb-97ce-4dd6-b117-42e7f6b0816f for containerID=#20 failed. Corresponding entry not found.
2021-08-10 12:16:28,624 [EventQueue-DeleteBlockStatusForDeletedBlockLogImpl] DEBUG block.DeletedBlockLogImpl (DeletedBlockLogImpl.java:isTransactionFailed(278)) - Got block deletion ACK from datanode, TXIDs=21, success=true
2021-08-10 12:16:28,624 [EventQueue-DeleteBlockStatusForDeletedBlockLogImpl] DEBUG block.DeletedBlockLogImpl (DeletedBlockLogImpl.java:commitTransactions(224)) - Transaction txId=21 commit by dnId=ad4991cb-97ce-4dd6-b117-42e7f6b0816f for containerID=#21 failed. Corresponding entry not found.
2021-08-10 12:16:28,624 [EventQueue-DeleteBlockStatusForDeletedBlockLogImpl] DEBUG block.DeletedBlockLogImpl (DeletedBlockLogImpl.java:isTransactionFailed(278)) - Got block deletion ACK from datanode, TXIDs=22, success=true
2021-08-10 12:16:28,624 [EventQueue-DeleteBlockStatusForDeletedBlockLogImpl] DEBUG block.DeletedBlockLogImpl (DeletedBlockLogImpl.java:commitTransactions(224)) - Transaction txId=22 commit by dnId=ad4991cb-97ce-4dd6-b117-42e7f6b0816f for containerID=#22 failed. Corresponding entry not found.
2021-08-10 12:16:28,624 [EventQueue-DeleteBlockStatusForDeletedBlockLogImpl] DEBUG block.DeletedBlockLogImpl (DeletedBlockLogImpl.java:isTransactionFailed(278)) - Got block deletion ACK from datanode, TXIDs=23, success=true
2021-08-10 12:16:28,624 [EventQueue-DeleteBlockStatusForDeletedBlockLogImpl] DEBUG block.DeletedBlockLogImpl (DeletedBlockLogImpl.java:commitTransactions(224)) - Transaction txId=23 commit by dnId=ad4991cb-97ce-4dd6-b117-42e7f6b0816f for containerID=#23 failed. Corresponding entry not found.
2021-08-10 12:16:28,624 [EventQueue-DeleteBlockStatusForDeletedBlockLogImpl] DEBUG block.DeletedBlockLogImpl (DeletedBlockLogImpl.java:isTransactionFailed(278)) - Got block deletion ACK from datanode, TXIDs=24, success=true
2021-08-10 12:16:28,624 [EventQueue-DeleteBlockStatusForDeletedBlockLogImpl] DEBUG block.DeletedBlockLogImpl (DeletedBlockLogImpl.java:commitTransactions(224)) - Transaction txId=24 commit by dnId=ad4991cb-97ce-4dd6-b117-42e7f6b0816f for containerID=#24 failed. Corresponding entry not found.
2021-08-10 12:16:28,624 [EventQueue-DeleteBlockStatusForDeletedBlockLogImpl] DEBUG block.DeletedBlockLogImpl (DeletedBlockLogImpl.java:isTransactionFailed(278)) - Got block deletion ACK from datanode, TXIDs=25, success=true
2021-08-10 12:16:28,624 [EventQueue-DeleteBlockStatusForDeletedBlockLogImpl] DEBUG block.DeletedBlockLogImpl (DeletedBlockLogImpl.java:commitTransactions(224)) - Transaction txId=25 commit by dnId=ad4991cb-97ce-4dd6-b117-42e7f6b0816f for containerID=#25 failed. Corresponding entry not found.
2021-08-10 12:16:28,624 [EventQueue-DeleteBlockStatusForDeletedBlockLogImpl] DEBUG block.DeletedBlockLogImpl (DeletedBlockLogImpl.java:isTransactionFailed(278)) - Got block deletion ACK from datanode, TXIDs=26, success=true
2021-08-10 12:16:28,624 [EventQueue-DeleteBlockStatusForDeletedBlockLogImpl] DEBUG block.DeletedBlockLogImpl (DeletedBlockLogImpl.java:commitTransactions(224)) - Transaction txId=26 commit by dnId=ad4991cb-97ce-4dd6-b117-42e7f6b0816f for containerID=#26 failed. Corresponding entry not found.
2021-08-10 12:16:28,624 [EventQueue-DeleteBlockStatusForDeletedBlockLogImpl] DEBUG block.DeletedBlockLogImpl (DeletedBlockLogImpl.java:isTransactionFailed(278)) - Got block deletion ACK from datanode, TXIDs=27, success=true
2021-08-10 12:16:28,625 [EventQueue-DeleteBlockStatusForDeletedBlockLogImpl] DEBUG block.DeletedBlockLogImpl (DeletedBlockLogImpl.java:commitTransactions(224)) - Transaction txId=27 commit by dnId=ad4991cb-97ce-4dd6-b117-42e7f6b0816f for containerID=#27 failed. Corresponding entry not found.
2021-08-10 12:16:28,625 [EventQueue-DeleteBlockStatusForDeletedBlockLogImpl] DEBUG block.DeletedBlockLogImpl (DeletedBlockLogImpl.java:isTransactionFailed(278)) - Got block deletion ACK from datanode, TXIDs=28, success=true
2021-08-10 12:16:28,625 [EventQueue-DeleteBlockStatusForDeletedBlockLogImpl] DEBUG block.DeletedBlockLogImpl (DeletedBlockLogImpl.java:commitTransactions(224)) - Transaction txId=28 commit by dnId=ad4991cb-97ce-4dd6-b117-42e7f6b0816f for containerID=#28 failed. Corresponding entry not found.
2021-08-10 12:16:28,625 [EventQueue-DeleteBlockStatusForDeletedBlockLogImpl] DEBUG block.DeletedBlockLogImpl (DeletedBlockLogImpl.java:isTransactionFailed(278)) - Got block deletion ACK from datanode, TXIDs=29, success=true
2021-08-10 12:16:28,625 [EventQueue-DeleteBlockStatusForDeletedBlockLogImpl] DEBUG block.DeletedBlockLogImpl (DeletedBlockLogImpl.java:commitTransactions(224)) - Transaction txId=29 commit by dnId=ad4991cb-97ce-4dd6-b117-42e7f6b0816f for containerID=#29 failed. Corresponding entry not found.
2021-08-10 12:16:28,625 [EventQueue-DeleteBlockStatusForDeletedBlockLogImpl] DEBUG block.DeletedBlockLogImpl (DeletedBlockLogImpl.java:isTransactionFailed(278)) - Got block deletion ACK from datanode, TXIDs=30, success=true
2021-08-10 12:16:28,625 [EventQueue-DeleteBlockStatusForDeletedBlockLogImpl] DEBUG block.DeletedBlockLogImpl (DeletedBlockLogImpl.java:commitTransactions(224)) - Transaction txId=30 commit by dnId=ad4991cb-97ce-4dd6-b117-42e7f6b0816f for containerID=#30 failed. Corresponding entry not found.
2021-08-10 12:16:28,625 [EventQueue-DeleteBlockStatusForDeletedBlockLogImpl] DEBUG block.DeletedBlockLogImpl (DeletedBlockLogImpl.java:isTransactionFailed(278)) - Got block deletion ACK from datanode, TXIDs=31, success=true
2021-08-10 12:16:28,625 [EventQueue-DeleteBlockStatusForDeletedBlockLogImpl] DEBUG block.DeletedBlockLogImpl (DeletedBlockLogImpl.java:commitTransactions(224)) - Transaction txId=31 commit by dnId=ad4991cb-97ce-4dd6-b117-42e7f6b0816f for containerID=#31 failed. Corresponding entry not found.
2021-08-10 12:16:28,625 [EventQueue-DeleteBlockStatusForDeletedBlockLogImpl] DEBUG block.DeletedBlockLogImpl (DeletedBlockLogImpl.java:isTransactionFailed(278)) - Got block deletion ACK from datanode, TXIDs=32, success=true
2021-08-10 12:16:28,625 [EventQueue-DeleteBlockStatusForDeletedBlockLogImpl] DEBUG block.DeletedBlockLogImpl (DeletedBlockLogImpl.java:commitTransactions(224)) - Transaction txId=32 commit by dnId=ad4991cb-97ce-4dd6-b117-42e7f6b0816f for containerID=#32 failed. Corresponding entry not found.
2021-08-10 12:16:28,625 [EventQueue-DeleteBlockStatusForDeletedBlockLogImpl] DEBUG block.DeletedBlockLogImpl (DeletedBlockLogImpl.java:isTransactionFailed(278)) - Got block deletion ACK from datanode, TXIDs=33, success=true
2021-08-10 12:16:28,625 [EventQueue-DeleteBlockStatusForDeletedBlockLogImpl] DEBUG block.DeletedBlockLogImpl (DeletedBlockLogImpl.java:commitTransactions(224)) - Transaction txId=33 commit by dnId=ad4991cb-97ce-4dd6-b117-42e7f6b0816f for containerID=#33 failed. Corresponding entry not found.
2021-08-10 12:16:28,625 [EventQueue-DeleteBlockStatusForDeletedBlockLogImpl] DEBUG block.DeletedBlockLogImpl (DeletedBlockLogImpl.java:isTransactionFailed(278)) - Got block deletion ACK from datanode, TXIDs=34, success=true
2021-08-10 12:16:28,625 [EventQueue-DeleteBlockStatusForDeletedBlockLogImpl] DEBUG block.DeletedBlockLogImpl (DeletedBlockLogImpl.java:commitTransactions(224)) - Transaction txId=34 commit by dnId=ad4991cb-97ce-4dd6-b117-42e7f6b0816f for containerID=#34 failed. Corresponding entry not found.
2021-08-10 12:16:28,625 [EventQueue-DeleteBlockStatusForDeletedBlockLogImpl] DEBUG block.DeletedBlockLogImpl (DeletedBlockLogImpl.java:isTransactionFailed(278)) - Got block deletion ACK from datanode, TXIDs=35, success=true
2021-08-10 12:16:28,625 [EventQueue-DeleteBlockStatusForDeletedBlockLogImpl] DEBUG block.DeletedBlockLogImpl (DeletedBlockLogImpl.java:commitTransactions(224)) - Transaction txId=35 commit by dnId=ad4991cb-97ce-4dd6-b117-42e7f6b0816f for containerID=#35 failed. Corresponding entry not found.
2021-08-10 12:16:28,625 [EventQueue-DeleteBlockStatusForDeletedBlockLogImpl] DEBUG block.DeletedBlockLogImpl (DeletedBlockLogImpl.java:isTransactionFailed(278)) - Got block deletion ACK from datanode, TXIDs=36, success=true
2021-08-10 12:16:28,625 [EventQueue-DeleteBlockStatusForDeletedBlockLogImpl] DEBUG block.DeletedBlockLogImpl (DeletedBlockLogImpl.java:commitTransactions(224)) - Transaction txId=36 commit by dnId=ad4991cb-97ce-4dd6-b117-42e7f6b0816f for containerID=#36 failed. Corresponding entry not found.
2021-08-10 12:16:28,625 [EventQueue-DeleteBlockStatusForDeletedBlockLogImpl] DEBUG block.DeletedBlockLogImpl (DeletedBlockLogImpl.java:isTransactionFailed(278)) - Got block deletion ACK from datanode, TXIDs=37, success=true
2021-08-10 12:16:28,625 [EventQueue-DeleteBlockStatusForDeletedBlockLogImpl] DEBUG block.DeletedBlockLogImpl (DeletedBlockLogImpl.java:commitTransactions(224)) - Transaction txId=37 commit by dnId=ad4991cb-97ce-4dd6-b117-42e7f6b0816f for containerID=#37 failed. Corresponding entry not found.
2021-08-10 12:16:28,625 [EventQueue-DeleteBlockStatusForDeletedBlockLogImpl] DEBUG block.DeletedBlockLogImpl (DeletedBlockLogImpl.java:isTransactionFailed(278)) - Got block deletion ACK from datanode, TXIDs=38, success=true
2021-08-10 12:16:28,625 [EventQueue-DeleteBlockStatusForDeletedBlockLogImpl] DEBUG block.DeletedBlockLogImpl (DeletedBlockLogImpl.java:commitTransactions(224)) - Transaction txId=38 commit by dnId=ad4991cb-97ce-4dd6-b117-42e7f6b0816f for containerID=#38 failed. Corresponding entry not found.
2021-08-10 12:16:28,625 [EventQueue-DeleteBlockStatusForDeletedBlockLogImpl] DEBUG block.DeletedBlockLogImpl (DeletedBlockLogImpl.java:isTransactionFailed(278)) - Got block deletion ACK from datanode, TXIDs=39, success=true
2021-08-10 12:16:28,625 [EventQueue-DeleteBlockStatusForDeletedBlockLogImpl] DEBUG block.DeletedBlockLogImpl (DeletedBlockLogImpl.java:commitTransactions(224)) - Transaction txId=39 commit by dnId=ad4991cb-97ce-4dd6-b117-42e7f6b0816f for containerID=#39 failed. Corresponding entry not found.
2021-08-10 12:16:28,625 [EventQueue-DeleteBlockStatusForDeletedBlockLogImpl] DEBUG block.DeletedBlockLogImpl (DeletedBlockLogImpl.java:isTransactionFailed(278)) - Got block deletion ACK from datanode, TXIDs=40, success=true
2021-08-10 12:16:28,625 [EventQueue-DeleteBlockStatusForDeletedBlockLogImpl] DEBUG block.DeletedBlockLogImpl (DeletedBlockLogImpl.java:commitTransactions(224)) - Transaction txId=40 commit by dnId=ad4991cb-97ce-4dd6-b117-42e7f6b0816f for containerID=#40 failed. Corresponding entry not found.
2021-08-10 12:16:28,625 [EventQueue-DeleteBlockStatusForDeletedBlockLogImpl] DEBUG block.DeletedBlockLogImpl (DeletedBlockLogImpl.java:isTransactionFailed(278)) - Got block deletion ACK from datanode, TXIDs=41, success=true
2021-08-10 12:16:28,625 [EventQueue-DeleteBlockStatusForDeletedBlockLogImpl] DEBUG block.DeletedBlockLogImpl (DeletedBlockLogImpl.java:commitTransactions(224)) - Transaction txId=41 commit by dnId=ad4991cb-97ce-4dd6-b117-42e7f6b0816f for containerID=#41 failed. Corresponding entry not found.
2021-08-10 12:16:28,625 [EventQueue-DeleteBlockStatusForDeletedBlockLogImpl] DEBUG block.DeletedBlockLogImpl (DeletedBlockLogImpl.java:isTransactionFailed(278)) - Got block deletion ACK from datanode, TXIDs=42, success=true
2021-08-10 12:16:28,625 [EventQueue-DeleteBlockStatusForDeletedBlockLogImpl] DEBUG block.DeletedBlockLogImpl (DeletedBlockLogImpl.java:commitTransactions(224)) - Transaction txId=42 commit by dnId=ad4991cb-97ce-4dd6-b117-42e7f6b0816f for containerID=#42 failed. Corresponding entry not found.
2021-08-10 12:16:28,625 [EventQueue-DeleteBlockStatusForDeletedBlockLogImpl] DEBUG block.DeletedBlockLogImpl (DeletedBlockLogImpl.java:isTransactionFailed(278)) - Got block deletion ACK from datanode, TXIDs=43, success=true
2021-08-10 12:16:28,625 [EventQueue-DeleteBlockStatusForDeletedBlockLogImpl] DEBUG block.DeletedBlockLogImpl (DeletedBlockLogImpl.java:commitTransactions(224)) - Transaction txId=43 commit by dnId=ad4991cb-97ce-4dd6-b117-42e7f6b0816f for containerID=#43 failed. Corresponding entry not found.
2021-08-10 12:16:28,625 [EventQueue-DeleteBlockStatusForDeletedBlockLogImpl] DEBUG block.DeletedBlockLogImpl (DeletedBlockLogImpl.java:isTransactionFailed(278)) - Got block deletion ACK from datanode, TXIDs=44, success=true
2021-08-10 12:16:28,625 [EventQueue-DeleteBlockStatusForDeletedBlockLogImpl] DEBUG block.DeletedBlockLogImpl (DeletedBlockLogImpl.java:commitTransactions(224)) - Transaction txId=44 commit by dnId=ad4991cb-97ce-4dd6-b117-42e7f6b0816f for containerID=#44 failed. Corresponding entry not found.
2021-08-10 12:16:28,625 [EventQueue-DeleteBlockStatusForDeletedBlockLogImpl] DEBUG block.DeletedBlockLogImpl (DeletedBlockLogImpl.java:isTransactionFailed(278)) - Got block deletion ACK from datanode, TXIDs=45, success=true
2021-08-10 12:16:28,625 [EventQueue-DeleteBlockStatusForDeletedBlockLogImpl] DEBUG block.DeletedBlockLogImpl (DeletedBlockLogImpl.java:commitTransactions(224)) - Transaction txId=45 commit by dnId=ad4991cb-97ce-4dd6-b117-42e7f6b0816f for containerID=#45 failed. Corresponding entry not found.
2021-08-10 12:16:28,625 [EventQueue-DeleteBlockStatusForDeletedBlockLogImpl] DEBUG block.DeletedBlockLogImpl (DeletedBlockLogImpl.java:isTransactionFailed(278)) - Got block deletion ACK from datanode, TXIDs=46, success=true
2021-08-10 12:16:28,625 [EventQueue-DeleteBlockStatusForDeletedBlockLogImpl] DEBUG block.DeletedBlockLogImpl (DeletedBlockLogImpl.java:commitTransactions(224)) - Transaction txId=46 commit by dnId=ad4991cb-97ce-4dd6-b117-42e7f6b0816f for containerID=#46 failed. Corresponding entry not found.
2021-08-10 12:16:28,625 [EventQueue-DeleteBlockStatusForDeletedBlockLogImpl] DEBUG block.DeletedBlockLogImpl (DeletedBlockLogImpl.java:isTransactionFailed(278)) - Got block deletion ACK from datanode, TXIDs=47, success=true
2021-08-10 12:16:28,625 [EventQueue-DeleteBlockStatusForDeletedBlockLogImpl] DEBUG block.DeletedBlockLogImpl (DeletedBlockLogImpl.java:commitTransactions(224)) - Transaction txId=47 commit by dnId=ad4991cb-97ce-4dd6-b117-42e7f6b0816f for containerID=#47 failed. Corresponding entry not found.
2021-08-10 12:16:28,625 [EventQueue-DeleteBlockStatusForDeletedBlockLogImpl] DEBUG block.DeletedBlockLogImpl (DeletedBlockLogImpl.java:isTransactionFailed(278)) - Got block deletion ACK from datanode, TXIDs=48, success=true
2021-08-10 12:16:28,625 [EventQueue-DeleteBlockStatusForDeletedBlockLogImpl] DEBUG block.DeletedBlockLogImpl (DeletedBlockLogImpl.java:commitTransactions(224)) - Transaction txId=48 commit by dnId=ad4991cb-97ce-4dd6-b117-42e7f6b0816f for containerID=#48 failed. Corresponding entry not found.
2021-08-10 12:16:28,625 [EventQueue-DeleteBlockStatusForDeletedBlockLogImpl] DEBUG block.DeletedBlockLogImpl (DeletedBlockLogImpl.java:isTransactionFailed(278)) - Got block deletion ACK from datanode, TXIDs=49, success=true
2021-08-10 12:16:28,625 [EventQueue-DeleteBlockStatusForDeletedBlockLogImpl] DEBUG block.DeletedBlockLogImpl (DeletedBlockLogImpl.java:commitTransactions(224)) - Transaction txId=49 commit by dnId=ad4991cb-97ce-4dd6-b117-42e7f6b0816f for containerID=#49 failed. Corresponding entry not found.
2021-08-10 12:16:28,625 [EventQueue-DeleteBlockStatusForDeletedBlockLogImpl] DEBUG block.DeletedBlockLogImpl (DeletedBlockLogImpl.java:isTransactionFailed(278)) - Got block deletion ACK from datanode, TXIDs=50, success=true
2021-08-10 12:16:28,625 [EventQueue-DeleteBlockStatusForDeletedBlockLogImpl] DEBUG block.DeletedBlockLogImpl (DeletedBlockLogImpl.java:commitTransactions(224)) - Transaction txId=50 commit by dnId=ad4991cb-97ce-4dd6-b117-42e7f6b0816f for containerID=#50 failed. Corresponding entry not found.
2021-08-10 12:16:28,625 [EventQueue-DeleteBlockStatusForDeletedBlockLogImpl] DEBUG block.DeletedBlockLogImpl (DeletedBlockLogImpl.java:isTransactionFailed(278)) - Got block deletion ACK from datanode, TXIDs=51, success=true
2021-08-10 12:16:28,625 [EventQueue-DeleteBlockStatusForDeletedBlockLogImpl] DEBUG block.DeletedBlockLogImpl (DeletedBlockLogImpl.java:commitTransactions(224)) - Transaction txId=51 commit by dnId=ad4991cb-97ce-4dd6-b117-42e7f6b0816f for containerID=#51 failed. Corresponding entry not found.
2021-08-10 12:16:28,625 [EventQueue-DeleteBlockStatusForDeletedBlockLogImpl] DEBUG block.DeletedBlockLogImpl (DeletedBlockLogImpl.java:isTransactionFailed(278)) - Got block deletion ACK from datanode, TXIDs=52, success=true
2021-08-10 12:16:28,625 [EventQueue-DeleteBlockStatusForDeletedBlockLogImpl] DEBUG block.DeletedBlockLogImpl (DeletedBlockLogImpl.java:commitTransactions(224)) - Transaction txId=52 commit by dnId=ad4991cb-97ce-4dd6-b117-42e7f6b0816f for containerID=#52 failed. Corresponding entry not found.
2021-08-10 12:16:28,625 [EventQueue-DeleteBlockStatusForDeletedBlockLogImpl] DEBUG block.DeletedBlockLogImpl (DeletedBlockLogImpl.java:isTransactionFailed(278)) - Got block deletion ACK from datanode, TXIDs=53, success=true
2021-08-10 12:16:28,625 [EventQueue-DeleteBlockStatusForDeletedBlockLogImpl] DEBUG block.DeletedBlockLogImpl (DeletedBlockLogImpl.java:commitTransactions(224)) - Transaction txId=53 commit by dnId=ad4991cb-97ce-4dd6-b117-42e7f6b0816f for containerID=#53 failed. Corresponding entry not found.
2021-08-10 12:16:28,625 [EventQueue-DeleteBlockStatusForDeletedBlockLogImpl] DEBUG block.DeletedBlockLogImpl (DeletedBlockLogImpl.java:isTransactionFailed(278)) - Got block deletion ACK from datanode, TXIDs=54, success=true
2021-08-10 12:16:28,626 [EventQueue-DeleteBlockStatusForDeletedBlockLogImpl] DEBUG block.DeletedBlockLogImpl (DeletedBlockLogImpl.java:commitTransactions(224)) - Transaction txId=54 commit by dnId=ad4991cb-97ce-4dd6-b117-42e7f6b0816f for containerID=#54 failed. Corresponding entry not found.
2021-08-10 12:16:28,626 [EventQueue-DeleteBlockStatusForDeletedBlockLogImpl] DEBUG block.DeletedBlockLogImpl (DeletedBlockLogImpl.java:isTransactionFailed(278)) - Got block deletion ACK from datanode, TXIDs=55, success=true
2021-08-10 12:16:28,626 [EventQueue-DeleteBlockStatusForDeletedBlockLogImpl] DEBUG block.DeletedBlockLogImpl (DeletedBlockLogImpl.java:commitTransactions(224)) - Transaction txId=55 commit by dnId=ad4991cb-97ce-4dd6-b117-42e7f6b0816f for containerID=#55 failed. Corresponding entry not found.
2021-08-10 12:16:28,626 [EventQueue-DeleteBlockStatusForDeletedBlockLogImpl] DEBUG block.DeletedBlockLogImpl (DeletedBlockLogImpl.java:isTransactionFailed(278)) - Got block deletion ACK from datanode, TXIDs=56, success=true
2021-08-10 12:16:28,626 [EventQueue-DeleteBlockStatusForDeletedBlockLogImpl] DEBUG block.DeletedBlockLogImpl (DeletedBlockLogImpl.java:commitTransactions(224)) - Transaction txId=56 commit by dnId=ad4991cb-97ce-4dd6-b117-42e7f6b0816f for containerID=#56 failed. Corresponding entry not found.
2021-08-10 12:16:28,626 [EventQueue-DeleteBlockStatusForDeletedBlockLogImpl] DEBUG block.DeletedBlockLogImpl (DeletedBlockLogImpl.java:isTransactionFailed(278)) - Got block deletion ACK from datanode, TXIDs=1, success=true
2021-08-10 12:16:28,626 [EventQueue-DeleteBlockStatusForDeletedBlockLogImpl] DEBUG block.DeletedBlockLogImpl (DeletedBlockLogImpl.java:commitTransactions(224)) - Transaction txId=1 commit by dnId=ad4991cb-97ce-4dd6-b117-42e7f6b0816f for containerID=#1 failed. Corresponding entry not found.
2021-08-10 12:16:28,626 [EventQueue-DeleteBlockStatusForDeletedBlockLogImpl] DEBUG block.DeletedBlockLogImpl (DeletedBlockLogImpl.java:isTransactionFailed(278)) - Got block deletion ACK from datanode, TXIDs=2, success=true
2021-08-10 12:16:28,626 [EventQueue-DeleteBlockStatusForDeletedBlockLogImpl] DEBUG block.DeletedBlockLogImpl (DeletedBlockLogImpl.java:commitTransactions(224)) - Transaction txId=2 commit by dnId=ad4991cb-97ce-4dd6-b117-42e7f6b0816f for containerID=#2 failed. Corresponding entry not found.
2021-08-10 12:16:28,626 [EventQueue-DeleteBlockStatusForDeletedBlockLogImpl] DEBUG block.DeletedBlockLogImpl (DeletedBlockLogImpl.java:isTransactionFailed(278)) - Got block deletion ACK from datanode, TXIDs=3, success=true
2021-08-10 12:16:28,626 [EventQueue-DeleteBlockStatusForDeletedBlockLogImpl] DEBUG block.DeletedBlockLogImpl (DeletedBlockLogImpl.java:commitTransactions(224)) - Transaction txId=3 commit by dnId=ad4991cb-97ce-4dd6-b117-42e7f6b0816f for containerID=#3 failed. Corresponding entry not found.
2021-08-10 12:16:28,626 [EventQueue-DeleteBlockStatusForDeletedBlockLogImpl] DEBUG block.DeletedBlockLogImpl (DeletedBlockLogImpl.java:isTransactionFailed(278)) - Got block deletion ACK from datanode, TXIDs=4, success=true
2021-08-10 12:16:28,626 [EventQueue-DeleteBlockStatusForDeletedBlockLogImpl] DEBUG block.DeletedBlockLogImpl (DeletedBlockLogImpl.java:commitTransactions(224)) - Transaction txId=4 commit by dnId=ad4991cb-97ce-4dd6-b117-42e7f6b0816f for containerID=#4 failed. Corresponding entry not found.
2021-08-10 12:16:28,626 [EventQueue-DeleteBlockStatusForDeletedBlockLogImpl] DEBUG block.DeletedBlockLogImpl (DeletedBlockLogImpl.java:isTransactionFailed(278)) - Got block deletion ACK from datanode, TXIDs=5, success=true
2021-08-10 12:16:28,626 [EventQueue-DeleteBlockStatusForDeletedBlockLogImpl] DEBUG block.DeletedBlockLogImpl (DeletedBlockLogImpl.java:commitTransactions(224)) - Transaction txId=5 commit by dnId=ad4991cb-97ce-4dd6-b117-42e7f6b0816f for containerID=#5 failed. Corresponding entry not found.
2021-08-10 12:16:28,626 [EventQueue-DeleteBlockStatusForDeletedBlockLogImpl] DEBUG block.DeletedBlockLogImpl (DeletedBlockLogImpl.java:isTransactionFailed(278)) - Got block deletion ACK from datanode, TXIDs=6, success=true
2021-08-10 12:16:28,626 [EventQueue-DeleteBlockStatusForDeletedBlockLogImpl] DEBUG block.DeletedBlockLogImpl (DeletedBlockLogImpl.java:commitTransactions(224)) - Transaction txId=6 commit by dnId=ad4991cb-97ce-4dd6-b117-42e7f6b0816f for containerID=#6 failed. Corresponding entry not found.
2021-08-10 12:16:28,626 [EventQueue-DeleteBlockStatusForDeletedBlockLogImpl] DEBUG block.DeletedBlockLogImpl (DeletedBlockLogImpl.java:isTransactionFailed(278)) - Got block deletion ACK from datanode, TXIDs=7, success=true
2021-08-10 12:16:28,626 [EventQueue-DeleteBlockStatusForDeletedBlockLogImpl] DEBUG block.DeletedBlockLogImpl (DeletedBlockLogImpl.java:commitTransactions(224)) - Transaction txId=7 commit by dnId=ad4991cb-97ce-4dd6-b117-42e7f6b0816f for containerID=#7 failed. Corresponding entry not found.
2021-08-10 12:16:28,626 [EventQueue-DeleteBlockStatusForDeletedBlockLogImpl] DEBUG block.DeletedBlockLogImpl (DeletedBlockLogImpl.java:isTransactionFailed(278)) - Got block deletion ACK from datanode, TXIDs=8, success=true
2021-08-10 12:16:28,626 [EventQueue-DeleteBlockStatusForDeletedBlockLogImpl] DEBUG block.DeletedBlockLogImpl (DeletedBlockLogImpl.java:commitTransactions(224)) - Transaction txId=8 commit by dnId=ad4991cb-97ce-4dd6-b117-42e7f6b0816f for containerID=#8 failed. Corresponding entry not found.
2021-08-10 12:16:28,626 [EventQueue-DeleteBlockStatusForDeletedBlockLogImpl] DEBUG block.DeletedBlockLogImpl (DeletedBlockLogImpl.java:isTransactionFailed(278)) - Got block deletion ACK from datanode, TXIDs=9, success=true
2021-08-10 12:16:28,626 [EventQueue-DeleteBlockStatusForDeletedBlockLogImpl] DEBUG block.DeletedBlockLogImpl (DeletedBlockLogImpl.java:commitTransactions(224)) - Transaction txId=9 commit by dnId=ad4991cb-97ce-4dd6-b117-42e7f6b0816f for containerID=#9 failed. Corresponding entry not found.
2021-08-10 12:16:28,626 [EventQueue-DeleteBlockStatusForDeletedBlockLogImpl] DEBUG block.DeletedBlockLogImpl (DeletedBlockLogImpl.java:isTransactionFailed(278)) - Got block deletion ACK from datanode, TXIDs=10, success=true
2021-08-10 12:16:28,626 [EventQueue-DeleteBlockStatusForDeletedBlockLogImpl] DEBUG block.DeletedBlockLogImpl (DeletedBlockLogImpl.java:commitTransactions(224)) - Transaction txId=10 commit by dnId=ad4991cb-97ce-4dd6-b117-42e7f6b0816f for containerID=#10 failed. Corresponding entry not found.
2021-08-10 12:16:28,626 [EventQueue-DeleteBlockStatusForDeletedBlockLogImpl] DEBUG block.DeletedBlockLogImpl (DeletedBlockLogImpl.java:isTransactionFailed(278)) - Got block deletion ACK from datanode, TXIDs=11, success=true
2021-08-10 12:16:28,626 [EventQueue-DeleteBlockStatusForDeletedBlockLogImpl] DEBUG block.DeletedBlockLogImpl (DeletedBlockLogImpl.java:commitTransactions(224)) - Transaction txId=11 commit by dnId=ad4991cb-97ce-4dd6-b117-42e7f6b0816f for containerID=#11 failed. Corresponding entry not found.
2021-08-10 12:16:28,626 [EventQueue-DeleteBlockStatusForDeletedBlockLogImpl] DEBUG block.DeletedBlockLogImpl (DeletedBlockLogImpl.java:isTransactionFailed(278)) - Got block deletion ACK from datanode, TXIDs=12, success=true
2021-08-10 12:16:28,626 [EventQueue-DeleteBlockStatusForDeletedBlockLogImpl] DEBUG block.DeletedBlockLogImpl (DeletedBlockLogImpl.java:commitTransactions(224)) - Transaction txId=12 commit by dnId=ad4991cb-97ce-4dd6-b117-42e7f6b0816f for containerID=#12 failed. Corresponding entry not found.
2021-08-10 12:16:28,626 [EventQueue-DeleteBlockStatusForDeletedBlockLogImpl] DEBUG block.DeletedBlockLogImpl (DeletedBlockLogImpl.java:isTransactionFailed(278)) - Got block deletion ACK from datanode, TXIDs=13, success=true
2021-08-10 12:16:28,626 [EventQueue-DeleteBlockStatusForDeletedBlockLogImpl] DEBUG block.DeletedBlockLogImpl (DeletedBlockLogImpl.java:commitTransactions(224)) - Transaction txId=13 commit by dnId=ad4991cb-97ce-4dd6-b117-42e7f6b0816f for containerID=#13 failed. Corresponding entry not found.
2021-08-10 12:16:28,626 [EventQueue-DeleteBlockStatusForDeletedBlockLogImpl] DEBUG block.DeletedBlockLogImpl (DeletedBlockLogImpl.java:isTransactionFailed(278)) - Got block deletion ACK from datanode, TXIDs=14, success=true
2021-08-10 12:16:28,626 [EventQueue-DeleteBlockStatusForDeletedBlockLogImpl] DEBUG block.DeletedBlockLogImpl (DeletedBlockLogImpl.java:commitTransactions(224)) - Transaction txId=14 commit by dnId=ad4991cb-97ce-4dd6-b117-42e7f6b0816f for containerID=#14 failed. Corresponding entry not found.
2021-08-10 12:16:28,626 [EventQueue-DeleteBlockStatusForDeletedBlockLogImpl] DEBUG block.DeletedBlockLogImpl (DeletedBlockLogImpl.java:isTransactionFailed(278)) - Got block deletion ACK from datanode, TXIDs=15, success=true
2021-08-10 12:16:28,626 [EventQueue-DeleteBlockStatusForDeletedBlockLogImpl] DEBUG block.DeletedBlockLogImpl (DeletedBlockLogImpl.java:commitTransactions(224)) - Transaction txId=15 commit by dnId=ad4991cb-97ce-4dd6-b117-42e7f6b0816f for containerID=#15 failed. Corresponding entry not found.
2021-08-10 12:16:28,626 [EventQueue-DeleteBlockStatusForDeletedBlockLogImpl] DEBUG block.DeletedBlockLogImpl (DeletedBlockLogImpl.java:isTransactionFailed(278)) - Got block deletion ACK from datanode, TXIDs=16, success=true
2021-08-10 12:16:28,626 [EventQueue-DeleteBlockStatusForDeletedBlockLogImpl] DEBUG block.DeletedBlockLogImpl (DeletedBlockLogImpl.java:commitTransactions(224)) - Transaction txId=16 commit by dnId=ad4991cb-97ce-4dd6-b117-42e7f6b0816f for containerID=#16 failed. Corresponding entry not found.
2021-08-10 12:16:28,626 [EventQueue-DeleteBlockStatusForDeletedBlockLogImpl] DEBUG block.DeletedBlockLogImpl (DeletedBlockLogImpl.java:isTransactionFailed(278)) - Got block deletion ACK from datanode, TXIDs=17, success=true
2021-08-10 12:16:28,626 [EventQueue-DeleteBlockStatusForDeletedBlockLogImpl] DEBUG block.DeletedBlockLogImpl (DeletedBlockLogImpl.java:commitTransactions(224)) - Transaction txId=17 commit by dnId=ad4991cb-97ce-4dd6-b117-42e7f6b0816f for containerID=#17 failed. Corresponding entry not found.
2021-08-10 12:16:28,626 [EventQueue-DeleteBlockStatusForDeletedBlockLogImpl] DEBUG block.DeletedBlockLogImpl (DeletedBlockLogImpl.java:isTransactionFailed(278)) - Got block deletion ACK from datanode, TXIDs=18, success=true
2021-08-10 12:16:28,626 [EventQueue-DeleteBlockStatusForDeletedBlockLogImpl] DEBUG block.DeletedBlockLogImpl (DeletedBlockLogImpl.java:commitTransactions(224)) - Transaction txId=18 commit by dnId=ad4991cb-97ce-4dd6-b117-42e7f6b0816f for containerID=#18 failed. Corresponding entry not found.
2021-08-10 12:16:28,626 [EventQueue-DeleteBlockStatusForDeletedBlockLogImpl] DEBUG block.DeletedBlockLogImpl (DeletedBlockLogImpl.java:isTransactionFailed(278)) - Got block deletion ACK from datanode, TXIDs=19, success=true
2021-08-10 12:16:28,626 [EventQueue-DeleteBlockStatusForDeletedBlockLogImpl] DEBUG block.DeletedBlockLogImpl (DeletedBlockLogImpl.java:commitTransactions(224)) - Transaction txId=19 commit by dnId=ad4991cb-97ce-4dd6-b117-42e7f6b0816f for containerID=#19 failed. Corresponding entry not found.
2021-08-10 12:16:28,626 [EventQueue-DeleteBlockStatusForDeletedBlockLogImpl] DEBUG block.DeletedBlockLogImpl (DeletedBlockLogImpl.java:isTransactionFailed(278)) - Got block deletion ACK from datanode, TXIDs=20, success=true
2021-08-10 12:16:28,626 [EventQueue-DeleteBlockStatusForDeletedBlockLogImpl] DEBUG block.DeletedBlockLogImpl (DeletedBlockLogImpl.java:commitTransactions(224)) - Transaction txId=20 commit by dnId=ad4991cb-97ce-4dd6-b117-42e7f6b0816f for containerID=#20 failed. Corresponding entry not found.
2021-08-10 12:16:28,626 [EventQueue-DeleteBlockStatusForDeletedBlockLogImpl] DEBUG block.DeletedBlockLogImpl (DeletedBlockLogImpl.java:isTransactionFailed(278)) - Got block deletion ACK from datanode, TXIDs=21, success=true
2021-08-10 12:16:28,626 [EventQueue-DeleteBlockStatusForDeletedBlockLogImpl] DEBUG block.DeletedBlockLogImpl (DeletedBlockLogImpl.java:commitTransactions(224)) - Transaction txId=21 commit by dnId=ad4991cb-97ce-4dd6-b117-42e7f6b0816f for containerID=#21 failed. Corresponding entry not found.
2021-08-10 12:16:28,626 [EventQueue-DeleteBlockStatusForDeletedBlockLogImpl] DEBUG block.DeletedBlockLogImpl (DeletedBlockLogImpl.java:isTransactionFailed(278)) - Got block deletion ACK from datanode, TXIDs=22, success=true
2021-08-10 12:16:28,626 [EventQueue-DeleteBlockStatusForDeletedBlockLogImpl] DEBUG block.DeletedBlockLogImpl (DeletedBlockLogImpl.java:commitTransactions(224)) - Transaction txId=22 commit by dnId=ad4991cb-97ce-4dd6-b117-42e7f6b0816f for containerID=#22 failed. Corresponding entry not found.
2021-08-10 12:16:28,626 [EventQueue-DeleteBlockStatusForDeletedBlockLogImpl] DEBUG block.DeletedBlockLogImpl (DeletedBlockLogImpl.java:isTransactionFailed(278)) - Got block deletion ACK from datanode, TXIDs=23, success=true
2021-08-10 12:16:28,626 [EventQueue-DeleteBlockStatusForDeletedBlockLogImpl] DEBUG block.DeletedBlockLogImpl (DeletedBlockLogImpl.java:commitTransactions(224)) - Transaction txId=23 commit by dnId=ad4991cb-97ce-4dd6-b117-42e7f6b0816f for containerID=#23 failed. Corresponding entry not found.
2021-08-10 12:16:28,626 [EventQueue-DeleteBlockStatusForDeletedBlockLogImpl] DEBUG block.DeletedBlockLogImpl (DeletedBlockLogImpl.java:isTransactionFailed(278)) - Got block deletion ACK from datanode, TXIDs=24, success=true
2021-08-10 12:16:28,627 [EventQueue-DeleteBlockStatusForDeletedBlockLogImpl] DEBUG block.DeletedBlockLogImpl (DeletedBlockLogImpl.java:commitTransactions(224)) - Transaction txId=24 commit by dnId=ad4991cb-97ce-4dd6-b117-42e7f6b0816f for containerID=#24 failed. Corresponding entry not found.
2021-08-10 12:16:28,627 [EventQueue-DeleteBlockStatusForDeletedBlockLogImpl] DEBUG block.DeletedBlockLogImpl (DeletedBlockLogImpl.java:isTransactionFailed(278)) - Got block deletion ACK from datanode, TXIDs=25, success=true
2021-08-10 12:16:28,627 [EventQueue-DeleteBlockStatusForDeletedBlockLogImpl] DEBUG block.DeletedBlockLogImpl (DeletedBlockLogImpl.java:commitTransactions(224)) - Transaction txId=25 commit by dnId=ad4991cb-97ce-4dd6-b117-42e7f6b0816f for containerID=#25 failed. Corresponding entry not found.
2021-08-10 12:16:28,627 [EventQueue-DeleteBlockStatusForDeletedBlockLogImpl] DEBUG block.DeletedBlockLogImpl (DeletedBlockLogImpl.java:isTransactionFailed(278)) - Got block deletion ACK from datanode, TXIDs=26, success=true
2021-08-10 12:16:28,627 [EventQueue-DeleteBlockStatusForDeletedBlockLogImpl] DEBUG block.DeletedBlockLogImpl (DeletedBlockLogImpl.java:commitTransactions(224)) - Transaction txId=26 commit by dnId=ad4991cb-97ce-4dd6-b117-42e7f6b0816f for containerID=#26 failed. Corresponding entry not found.
2021-08-10 12:16:28,627 [EventQueue-DeleteBlockStatusForDeletedBlockLogImpl] DEBUG block.DeletedBlockLogImpl (DeletedBlockLogImpl.java:isTransactionFailed(278)) - Got block deletion ACK from datanode, TXIDs=27, success=true
2021-08-10 12:16:28,627 [EventQueue-DeleteBlockStatusForDeletedBlockLogImpl] DEBUG block.DeletedBlockLogImpl (DeletedBlockLogImpl.java:commitTransactions(224)) - Transaction txId=27 commit by dnId=ad4991cb-97ce-4dd6-b117-42e7f6b0816f for containerID=#27 failed. Corresponding entry not found.
2021-08-10 12:16:28,627 [EventQueue-DeleteBlockStatusForDeletedBlockLogImpl] DEBUG block.DeletedBlockLogImpl (DeletedBlockLogImpl.java:isTransactionFailed(278)) - Got block deletion ACK from datanode, TXIDs=28, success=true
2021-08-10 12:16:28,627 [EventQueue-DeleteBlockStatusForDeletedBlockLogImpl] DEBUG block.DeletedBlockLogImpl (DeletedBlockLogImpl.java:commitTransactions(224)) - Transaction txId=28 commit by dnId=ad4991cb-97ce-4dd6-b117-42e7f6b0816f for containerID=#28 failed. Corresponding entry not found.
2021-08-10 12:16:28,627 [EventQueue-DeleteBlockStatusForDeletedBlockLogImpl] DEBUG block.DeletedBlockLogImpl (DeletedBlockLogImpl.java:isTransactionFailed(278)) - Got block deletion ACK from datanode, TXIDs=29, success=true
2021-08-10 12:16:28,627 [EventQueue-DeleteBlockStatusForDeletedBlockLogImpl] DEBUG block.DeletedBlockLogImpl (DeletedBlockLogImpl.java:commitTransactions(224)) - Transaction txId=29 commit by dnId=ad4991cb-97ce-4dd6-b117-42e7f6b0816f for containerID=#29 failed. Corresponding entry not found.
2021-08-10 12:16:28,627 [EventQueue-DeleteBlockStatusForDeletedBlockLogImpl] DEBUG block.DeletedBlockLogImpl (DeletedBlockLogImpl.java:isTransactionFailed(278)) - Got block deletion ACK from datanode, TXIDs=30, success=true
2021-08-10 12:16:28,627 [EventQueue-DeleteBlockStatusForDeletedBlockLogImpl] DEBUG block.DeletedBlockLogImpl (DeletedBlockLogImpl.java:commitTransactions(224)) - Transaction txId=30 commit by dnId=ad4991cb-97ce-4dd6-b117-42e7f6b0816f for containerID=#30 failed. Corresponding entry not found.
2021-08-10 12:16:28,627 [EventQueue-DeleteBlockStatusForDeletedBlockLogImpl] DEBUG block.DeletedBlockLogImpl (DeletedBlockLogImpl.java:isTransactionFailed(278)) - Got block deletion ACK from datanode, TXIDs=31, success=true
2021-08-10 12:16:28,627 [EventQueue-DeleteBlockStatusForDeletedBlockLogImpl] DEBUG block.DeletedBlockLogImpl (DeletedBlockLogImpl.java:commitTransactions(224)) - Transaction txId=31 commit by dnId=ad4991cb-97ce-4dd6-b117-42e7f6b0816f for containerID=#31 failed. Corresponding entry not found.
2021-08-10 12:16:28,627 [EventQueue-DeleteBlockStatusForDeletedBlockLogImpl] DEBUG block.DeletedBlockLogImpl (DeletedBlockLogImpl.java:isTransactionFailed(278)) - Got block deletion ACK from datanode, TXIDs=32, success=true
2021-08-10 12:16:28,627 [EventQueue-DeleteBlockStatusForDeletedBlockLogImpl] DEBUG block.DeletedBlockLogImpl (DeletedBlockLogImpl.java:commitTransactions(224)) - Transaction txId=32 commit by dnId=ad4991cb-97ce-4dd6-b117-42e7f6b0816f for containerID=#32 failed. Corresponding entry not found.
2021-08-10 12:16:28,627 [EventQueue-DeleteBlockStatusForDeletedBlockLogImpl] DEBUG block.DeletedBlockLogImpl (DeletedBlockLogImpl.java:isTransactionFailed(278)) - Got block deletion ACK from datanode, TXIDs=33, success=true
2021-08-10 12:16:28,627 [EventQueue-DeleteBlockStatusForDeletedBlockLogImpl] DEBUG block.DeletedBlockLogImpl (DeletedBlockLogImpl.java:commitTransactions(224)) - Transaction txId=33 commit by dnId=ad4991cb-97ce-4dd6-b117-42e7f6b0816f for containerID=#33 failed. Corresponding entry not found.
2021-08-10 12:16:28,627 [EventQueue-DeleteBlockStatusForDeletedBlockLogImpl] DEBUG block.DeletedBlockLogImpl (DeletedBlockLogImpl.java:isTransactionFailed(278)) - Got block deletion ACK from datanode, TXIDs=34, success=true
2021-08-10 12:16:28,627 [EventQueue-DeleteBlockStatusForDeletedBlockLogImpl] DEBUG block.DeletedBlockLogImpl (DeletedBlockLogImpl.java:commitTransactions(224)) - Transaction txId=34 commit by dnId=ad4991cb-97ce-4dd6-b117-42e7f6b0816f for containerID=#34 failed. Corresponding entry not found.
2021-08-10 12:16:28,627 [EventQueue-DeleteBlockStatusForDeletedBlockLogImpl] DEBUG block.DeletedBlockLogImpl (DeletedBlockLogImpl.java:isTransactionFailed(278)) - Got block deletion ACK from datanode, TXIDs=35, success=true
2021-08-10 12:16:28,627 [EventQueue-DeleteBlockStatusForDeletedBlockLogImpl] DEBUG block.DeletedBlockLogImpl (DeletedBlockLogImpl.java:commitTransactions(224)) - Transaction txId=35 commit by dnId=ad4991cb-97ce-4dd6-b117-42e7f6b0816f for containerID=#35 failed. Corresponding entry not found.
2021-08-10 12:16:28,627 [EventQueue-DeleteBlockStatusForDeletedBlockLogImpl] DEBUG block.DeletedBlockLogImpl (DeletedBlockLogImpl.java:isTransactionFailed(278)) - Got block deletion ACK from datanode, TXIDs=36, success=true
2021-08-10 12:16:28,627 [EventQueue-DeleteBlockStatusForDeletedBlockLogImpl] DEBUG block.DeletedBlockLogImpl (DeletedBlockLogImpl.java:commitTransactions(224)) - Transaction txId=36 commit by dnId=ad4991cb-97ce-4dd6-b117-42e7f6b0816f for containerID=#36 failed. Corresponding entry not found.
2021-08-10 12:16:28,627 [EventQueue-DeleteBlockStatusForDeletedBlockLogImpl] DEBUG block.DeletedBlockLogImpl (DeletedBlockLogImpl.java:isTransactionFailed(278)) - Got block deletion ACK from datanode, TXIDs=37, success=true
2021-08-10 12:16:28,627 [EventQueue-DeleteBlockStatusForDeletedBlockLogImpl] DEBUG block.DeletedBlockLogImpl (DeletedBlockLogImpl.java:commitTransactions(224)) - Transaction txId=37 commit by dnId=ad4991cb-97ce-4dd6-b117-42e7f6b0816f for containerID=#37 failed. Corresponding entry not found.
2021-08-10 12:16:28,627 [EventQueue-DeleteBlockStatusForDeletedBlockLogImpl] DEBUG block.DeletedBlockLogImpl (DeletedBlockLogImpl.java:isTransactionFailed(278)) - Got block deletion ACK from datanode, TXIDs=38, success=true
2021-08-10 12:16:28,627 [EventQueue-DeleteBlockStatusForDeletedBlockLogImpl] DEBUG block.DeletedBlockLogImpl (DeletedBlockLogImpl.java:commitTransactions(224)) - Transaction txId=38 commit by dnId=ad4991cb-97ce-4dd6-b117-42e7f6b0816f for containerID=#38 failed. Corresponding entry not found.
2021-08-10 12:16:28,627 [EventQueue-DeleteBlockStatusForDeletedBlockLogImpl] DEBUG block.DeletedBlockLogImpl (DeletedBlockLogImpl.java:isTransactionFailed(278)) - Got block deletion ACK from datanode, TXIDs=39, success=true
2021-08-10 12:16:28,627 [EventQueue-DeleteBlockStatusForDeletedBlockLogImpl] DEBUG block.DeletedBlockLogImpl (DeletedBlockLogImpl.java:commitTransactions(224)) - Transaction txId=39 commit by dnId=ad4991cb-97ce-4dd6-b117-42e7f6b0816f for containerID=#39 failed. Corresponding entry not found.
2021-08-10 12:16:28,627 [EventQueue-DeleteBlockStatusForDeletedBlockLogImpl] DEBUG block.DeletedBlockLogImpl (DeletedBlockLogImpl.java:isTransactionFailed(278)) - Got block deletion ACK from datanode, TXIDs=40, success=true
2021-08-10 12:16:28,627 [EventQueue-DeleteBlockStatusForDeletedBlockLogImpl] DEBUG block.DeletedBlockLogImpl (DeletedBlockLogImpl.java:commitTransactions(224)) - Transaction txId=40 commit by dnId=ad4991cb-97ce-4dd6-b117-42e7f6b0816f for containerID=#40 failed. Corresponding entry not found.
2021-08-10 12:16:28,627 [EventQueue-DeleteBlockStatusForDeletedBlockLogImpl] DEBUG block.DeletedBlockLogImpl (DeletedBlockLogImpl.java:isTransactionFailed(278)) - Got block deletion ACK from datanode, TXIDs=41, success=true
2021-08-10 12:16:28,627 [EventQueue-DeleteBlockStatusForDeletedBlockLogImpl] DEBUG block.DeletedBlockLogImpl (DeletedBlockLogImpl.java:commitTransactions(224)) - Transaction txId=41 commit by dnId=ad4991cb-97ce-4dd6-b117-42e7f6b0816f for containerID=#41 failed. Corresponding entry not found.
2021-08-10 12:16:28,627 [EventQueue-DeleteBlockStatusForDeletedBlockLogImpl] DEBUG block.DeletedBlockLogImpl (DeletedBlockLogImpl.java:isTransactionFailed(278)) - Got block deletion ACK from datanode, TXIDs=42, success=true
2021-08-10 12:16:28,627 [EventQueue-DeleteBlockStatusForDeletedBlockLogImpl] DEBUG block.DeletedBlockLogImpl (DeletedBlockLogImpl.java:commitTransactions(224)) - Transaction txId=42 commit by dnId=ad4991cb-97ce-4dd6-b117-42e7f6b0816f for containerID=#42 failed. Corresponding entry not found.
2021-08-10 12:16:28,627 [EventQueue-DeleteBlockStatusForDeletedBlockLogImpl] DEBUG block.DeletedBlockLogImpl (DeletedBlockLogImpl.java:isTransactionFailed(278)) - Got block deletion ACK from datanode, TXIDs=43, success=true
2021-08-10 12:16:28,627 [EventQueue-DeleteBlockStatusForDeletedBlockLogImpl] DEBUG block.DeletedBlockLogImpl (DeletedBlockLogImpl.java:commitTransactions(224)) - Transaction txId=43 commit by dnId=ad4991cb-97ce-4dd6-b117-42e7f6b0816f for containerID=#43 failed. Corresponding entry not found.
2021-08-10 12:16:28,627 [EventQueue-DeleteBlockStatusForDeletedBlockLogImpl] DEBUG block.DeletedBlockLogImpl (DeletedBlockLogImpl.java:isTransactionFailed(278)) - Got block deletion ACK from datanode, TXIDs=44, success=true
2021-08-10 12:16:28,627 [EventQueue-DeleteBlockStatusForDeletedBlockLogImpl] DEBUG block.DeletedBlockLogImpl (DeletedBlockLogImpl.java:commitTransactions(224)) - Transaction txId=44 commit by dnId=ad4991cb-97ce-4dd6-b117-42e7f6b0816f for containerID=#44 failed. Corresponding entry not found.
2021-08-10 12:16:28,627 [EventQueue-DeleteBlockStatusForDeletedBlockLogImpl] DEBUG block.DeletedBlockLogImpl (DeletedBlockLogImpl.java:isTransactionFailed(278)) - Got block deletion ACK from datanode, TXIDs=45, success=true
2021-08-10 12:16:28,627 [EventQueue-DeleteBlockStatusForDeletedBlockLogImpl] DEBUG block.DeletedBlockLogImpl (DeletedBlockLogImpl.java:commitTransactions(224)) - Transaction txId=45 commit by dnId=ad4991cb-97ce-4dd6-b117-42e7f6b0816f for containerID=#45 failed. Corresponding entry not found.
2021-08-10 12:16:28,627 [EventQueue-DeleteBlockStatusForDeletedBlockLogImpl] DEBUG block.DeletedBlockLogImpl (DeletedBlockLogImpl.java:isTransactionFailed(278)) - Got block deletion ACK from datanode, TXIDs=46, success=true
2021-08-10 12:16:28,627 [EventQueue-DeleteBlockStatusForDeletedBlockLogImpl] DEBUG block.DeletedBlockLogImpl (DeletedBlockLogImpl.java:commitTransactions(224)) - Transaction txId=46 commit by dnId=ad4991cb-97ce-4dd6-b117-42e7f6b0816f for containerID=#46 failed. Corresponding entry not found.
2021-08-10 12:16:28,627 [EventQueue-DeleteBlockStatusForDeletedBlockLogImpl] DEBUG block.DeletedBlockLogImpl (DeletedBlockLogImpl.java:isTransactionFailed(278)) - Got block deletion ACK from datanode, TXIDs=47, success=true
2021-08-10 12:16:28,627 [EventQueue-DeleteBlockStatusForDeletedBlockLogImpl] DEBUG block.DeletedBlockLogImpl (DeletedBlockLogImpl.java:commitTransactions(224)) - Transaction txId=47 commit by dnId=ad4991cb-97ce-4dd6-b117-42e7f6b0816f for containerID=#47 failed. Corresponding entry not found.
2021-08-10 12:16:28,627 [EventQueue-DeleteBlockStatusForDeletedBlockLogImpl] DEBUG block.DeletedBlockLogImpl (DeletedBlockLogImpl.java:isTransactionFailed(278)) - Got block deletion ACK from datanode, TXIDs=48, success=true
2021-08-10 12:16:28,627 [EventQueue-DeleteBlockStatusForDeletedBlockLogImpl] DEBUG block.DeletedBlockLogImpl (DeletedBlockLogImpl.java:commitTransactions(224)) - Transaction txId=48 commit by dnId=ad4991cb-97ce-4dd6-b117-42e7f6b0816f for containerID=#48 failed. Corresponding entry not found.
2021-08-10 12:16:28,627 [EventQueue-DeleteBlockStatusForDeletedBlockLogImpl] DEBUG block.DeletedBlockLogImpl (DeletedBlockLogImpl.java:isTransactionFailed(278)) - Got block deletion ACK from datanode, TXIDs=49, success=true
2021-08-10 12:16:28,627 [EventQueue-DeleteBlockStatusForDeletedBlockLogImpl] DEBUG block.DeletedBlockLogImpl (DeletedBlockLogImpl.java:commitTransactions(224)) - Transaction txId=49 commit by dnId=ad4991cb-97ce-4dd6-b117-42e7f6b0816f for containerID=#49 failed. Corresponding entry not found.
2021-08-10 12:16:28,628 [EventQueue-DeleteBlockStatusForDeletedBlockLogImpl] DEBUG block.DeletedBlockLogImpl (DeletedBlockLogImpl.java:isTransactionFailed(278)) - Got block deletion ACK from datanode, TXIDs=50, success=true
2021-08-10 12:16:28,628 [EventQueue-DeleteBlockStatusForDeletedBlockLogImpl] DEBUG block.DeletedBlockLogImpl (DeletedBlockLogImpl.java:commitTransactions(224)) - Transaction txId=50 commit by dnId=ad4991cb-97ce-4dd6-b117-42e7f6b0816f for containerID=#50 failed. Corresponding entry not found.
2021-08-10 12:16:28,628 [EventQueue-DeleteBlockStatusForDeletedBlockLogImpl] DEBUG block.DeletedBlockLogImpl (DeletedBlockLogImpl.java:isTransactionFailed(278)) - Got block deletion ACK from datanode, TXIDs=51, success=true
2021-08-10 12:16:28,628 [EventQueue-DeleteBlockStatusForDeletedBlockLogImpl] DEBUG block.DeletedBlockLogImpl (DeletedBlockLogImpl.java:commitTransactions(224)) - Transaction txId=51 commit by dnId=ad4991cb-97ce-4dd6-b117-42e7f6b0816f for containerID=#51 failed. Corresponding entry not found.
2021-08-10 12:16:28,628 [EventQueue-DeleteBlockStatusForDeletedBlockLogImpl] DEBUG block.DeletedBlockLogImpl (DeletedBlockLogImpl.java:isTransactionFailed(278)) - Got block deletion ACK from datanode, TXIDs=52, success=true
2021-08-10 12:16:28,628 [EventQueue-DeleteBlockStatusForDeletedBlockLogImpl] DEBUG block.DeletedBlockLogImpl (DeletedBlockLogImpl.java:commitTransactions(224)) - Transaction txId=52 commit by dnId=ad4991cb-97ce-4dd6-b117-42e7f6b0816f for containerID=#52 failed. Corresponding entry not found.
2021-08-10 12:16:28,628 [EventQueue-DeleteBlockStatusForDeletedBlockLogImpl] DEBUG block.DeletedBlockLogImpl (DeletedBlockLogImpl.java:isTransactionFailed(278)) - Got block deletion ACK from datanode, TXIDs=53, success=true
2021-08-10 12:16:28,628 [EventQueue-DeleteBlockStatusForDeletedBlockLogImpl] DEBUG block.DeletedBlockLogImpl (DeletedBlockLogImpl.java:commitTransactions(224)) - Transaction txId=53 commit by dnId=ad4991cb-97ce-4dd6-b117-42e7f6b0816f for containerID=#53 failed. Corresponding entry not found.
2021-08-10 12:16:28,628 [EventQueue-DeleteBlockStatusForDeletedBlockLogImpl] DEBUG block.DeletedBlockLogImpl (DeletedBlockLogImpl.java:isTransactionFailed(278)) - Got block deletion ACK from datanode, TXIDs=54, success=true
2021-08-10 12:16:28,628 [EventQueue-DeleteBlockStatusForDeletedBlockLogImpl] DEBUG block.DeletedBlockLogImpl (DeletedBlockLogImpl.java:commitTransactions(224)) - Transaction txId=54 commit by dnId=ad4991cb-97ce-4dd6-b117-42e7f6b0816f for containerID=#54 failed. Corresponding entry not found.
2021-08-10 12:16:28,628 [EventQueue-DeleteBlockStatusForDeletedBlockLogImpl] DEBUG block.DeletedBlockLogImpl (DeletedBlockLogImpl.java:isTransactionFailed(278)) - Got block deletion ACK from datanode, TXIDs=55, success=true
2021-08-10 12:16:28,628 [EventQueue-DeleteBlockStatusForDeletedBlockLogImpl] DEBUG block.DeletedBlockLogImpl (DeletedBlockLogImpl.java:commitTransactions(224)) - Transaction txId=55 commit by dnId=ad4991cb-97ce-4dd6-b117-42e7f6b0816f for containerID=#55 failed. Corresponding entry not found.
2021-08-10 12:16:28,628 [EventQueue-DeleteBlockStatusForDeletedBlockLogImpl] DEBUG block.DeletedBlockLogImpl (DeletedBlockLogImpl.java:isTransactionFailed(278)) - Got block deletion ACK from datanode, TXIDs=56, success=true
2021-08-10 12:16:28,628 [EventQueue-DeleteBlockStatusForDeletedBlockLogImpl] DEBUG block.DeletedBlockLogImpl (DeletedBlockLogImpl.java:commitTransactions(224)) - Transaction txId=56 commit by dnId=ad4991cb-97ce-4dd6-b117-42e7f6b0816f for containerID=#56 failed. Corresponding entry not found.
2021-08-10 12:16:28,628 [EventQueue-DeleteBlockStatusForDeletedBlockLogImpl] DEBUG block.DeletedBlockLogImpl (DeletedBlockLogImpl.java:isTransactionFailed(278)) - Got block deletion ACK from datanode, TXIDs=1, success=true
2021-08-10 12:16:28,628 [EventQueue-DeleteBlockStatusForDeletedBlockLogImpl] DEBUG block.DeletedBlockLogImpl (DeletedBlockLogImpl.java:commitTransactions(224)) - Transaction txId=1 commit by dnId=ad4991cb-97ce-4dd6-b117-42e7f6b0816f for containerID=#1 failed. Corresponding entry not found.
2021-08-10 12:16:28,628 [EventQueue-DeleteBlockStatusForDeletedBlockLogImpl] DEBUG block.DeletedBlockLogImpl (DeletedBlockLogImpl.java:isTransactionFailed(278)) - Got block deletion ACK from datanode, TXIDs=2, success=true
2021-08-10 12:16:28,628 [EventQueue-DeleteBlockStatusForDeletedBlockLogImpl] DEBUG block.DeletedBlockLogImpl (DeletedBlockLogImpl.java:commitTransactions(224)) - Transaction txId=2 commit by dnId=ad4991cb-97ce-4dd6-b117-42e7f6b0816f for containerID=#2 failed. Corresponding entry not found.
2021-08-10 12:16:28,628 [EventQueue-DeleteBlockStatusForDeletedBlockLogImpl] DEBUG block.DeletedBlockLogImpl (DeletedBlockLogImpl.java:isTransactionFailed(278)) - Got block deletion ACK from datanode, TXIDs=3, success=true
2021-08-10 12:16:28,628 [EventQueue-DeleteBlockStatusForDeletedBlockLogImpl] DEBUG block.DeletedBlockLogImpl (DeletedBlockLogImpl.java:commitTransactions(224)) - Transaction txId=3 commit by dnId=ad4991cb-97ce-4dd6-b117-42e7f6b0816f for containerID=#3 failed. Corresponding entry not found.
2021-08-10 12:16:28,628 [EventQueue-DeleteBlockStatusForDeletedBlockLogImpl] DEBUG block.DeletedBlockLogImpl (DeletedBlockLogImpl.java:isTransactionFailed(278)) - Got block deletion ACK from datanode, TXIDs=4, success=true
2021-08-10 12:16:28,628 [EventQueue-DeleteBlockStatusForDeletedBlockLogImpl] DEBUG block.DeletedBlockLogImpl (DeletedBlockLogImpl.java:commitTransactions(224)) - Transaction txId=4 commit by dnId=ad4991cb-97ce-4dd6-b117-42e7f6b0816f for containerID=#4 failed. Corresponding entry not found.
2021-08-10 12:16:28,628 [EventQueue-DeleteBlockStatusForDeletedBlockLogImpl] DEBUG block.DeletedBlockLogImpl (DeletedBlockLogImpl.java:isTransactionFailed(278)) - Got block deletion ACK from datanode, TXIDs=5, success=true
2021-08-10 12:16:28,628 [EventQueue-DeleteBlockStatusForDeletedBlockLogImpl] DEBUG block.DeletedBlockLogImpl (DeletedBlockLogImpl.java:commitTransactions(224)) - Transaction txId=5 commit by dnId=ad4991cb-97ce-4dd6-b117-42e7f6b0816f for containerID=#5 failed. Corresponding entry not found.
2021-08-10 12:16:28,628 [EventQueue-DeleteBlockStatusForDeletedBlockLogImpl] DEBUG block.DeletedBlockLogImpl (DeletedBlockLogImpl.java:isTransactionFailed(278)) - Got block deletion ACK from datanode, TXIDs=6, success=true
2021-08-10 12:16:28,628 [EventQueue-DeleteBlockStatusForDeletedBlockLogImpl] DEBUG block.DeletedBlockLogImpl (DeletedBlockLogImpl.java:commitTransactions(224)) - Transaction txId=6 commit by dnId=ad4991cb-97ce-4dd6-b117-42e7f6b0816f for containerID=#6 failed. Corresponding entry not found.
2021-08-10 12:16:28,628 [EventQueue-DeleteBlockStatusForDeletedBlockLogImpl] DEBUG block.DeletedBlockLogImpl (DeletedBlockLogImpl.java:isTransactionFailed(278)) - Got block deletion ACK from datanode, TXIDs=7, success=true
2021-08-10 12:16:28,628 [EventQueue-DeleteBlockStatusForDeletedBlockLogImpl] DEBUG block.DeletedBlockLogImpl (DeletedBlockLogImpl.java:commitTransactions(224)) - Transaction txId=7 commit by dnId=ad4991cb-97ce-4dd6-b117-42e7f6b0816f for containerID=#7 failed. Corresponding entry not found.
2021-08-10 12:16:28,628 [EventQueue-DeleteBlockStatusForDeletedBlockLogImpl] DEBUG block.DeletedBlockLogImpl (DeletedBlockLogImpl.java:isTransactionFailed(278)) - Got block deletion ACK from datanode, TXIDs=8, success=true
2021-08-10 12:16:28,628 [EventQueue-DeleteBlockStatusForDeletedBlockLogImpl] DEBUG block.DeletedBlockLogImpl (DeletedBlockLogImpl.java:commitTransactions(224)) - Transaction txId=8 commit by dnId=ad4991cb-97ce-4dd6-b117-42e7f6b0816f for containerID=#8 failed. Corresponding entry not found.
2021-08-10 12:16:28,628 [EventQueue-DeleteBlockStatusForDeletedBlockLogImpl] DEBUG block.DeletedBlockLogImpl (DeletedBlockLogImpl.java:isTransactionFailed(278)) - Got block deletion ACK from datanode, TXIDs=9, success=true
2021-08-10 12:16:28,628 [EventQueue-DeleteBlockStatusForDeletedBlockLogImpl] DEBUG block.DeletedBlockLogImpl (DeletedBlockLogImpl.java:commitTransactions(224)) - Transaction txId=9 commit by dnId=ad4991cb-97ce-4dd6-b117-42e7f6b0816f for containerID=#9 failed. Corresponding entry not found.
2021-08-10 12:16:28,628 [EventQueue-DeleteBlockStatusForDeletedBlockLogImpl] DEBUG block.DeletedBlockLogImpl (DeletedBlockLogImpl.java:isTransactionFailed(278)) - Got block deletion ACK from datanode, TXIDs=10, success=true
2021-08-10 12:16:28,628 [EventQueue-DeleteBlockStatusForDeletedBlockLogImpl] DEBUG block.DeletedBlockLogImpl (DeletedBlockLogImpl.java:commitTransactions(224)) - Transaction txId=10 commit by dnId=ad4991cb-97ce-4dd6-b117-42e7f6b0816f for containerID=#10 failed. Corresponding entry not found.
2021-08-10 12:16:28,628 [EventQueue-DeleteBlockStatusForDeletedBlockLogImpl] DEBUG block.DeletedBlockLogImpl (DeletedBlockLogImpl.java:isTransactionFailed(278)) - Got block deletion ACK from datanode, TXIDs=11, success=true
2021-08-10 12:16:28,628 [EventQueue-DeleteBlockStatusForDeletedBlockLogImpl] DEBUG block.DeletedBlockLogImpl (DeletedBlockLogImpl.java:commitTransactions(224)) - Transaction txId=11 commit by dnId=ad4991cb-97ce-4dd6-b117-42e7f6b0816f for containerID=#11 failed. Corresponding entry not found.
2021-08-10 12:16:28,628 [EventQueue-DeleteBlockStatusForDeletedBlockLogImpl] DEBUG block.DeletedBlockLogImpl (DeletedBlockLogImpl.java:isTransactionFailed(278)) - Got block deletion ACK from datanode, TXIDs=12, success=true
2021-08-10 12:16:28,628 [EventQueue-DeleteBlockStatusForDeletedBlockLogImpl] DEBUG block.DeletedBlockLogImpl (DeletedBlockLogImpl.java:commitTransactions(224)) - Transaction txId=12 commit by dnId=ad4991cb-97ce-4dd6-b117-42e7f6b0816f for containerID=#12 failed. Corresponding entry not found.
2021-08-10 12:16:28,628 [EventQueue-DeleteBlockStatusForDeletedBlockLogImpl] DEBUG block.DeletedBlockLogImpl (DeletedBlockLogImpl.java:isTransactionFailed(278)) - Got block deletion ACK from datanode, TXIDs=13, success=true
2021-08-10 12:16:28,628 [EventQueue-DeleteBlockStatusForDeletedBlockLogImpl] DEBUG block.DeletedBlockLogImpl (DeletedBlockLogImpl.java:commitTransactions(224)) - Transaction txId=13 commit by dnId=ad4991cb-97ce-4dd6-b117-42e7f6b0816f for containerID=#13 failed. Corresponding entry not found.
2021-08-10 12:16:28,628 [EventQueue-DeleteBlockStatusForDeletedBlockLogImpl] DEBUG block.DeletedBlockLogImpl (DeletedBlockLogImpl.java:isTransactionFailed(278)) - Got block deletion ACK from datanode, TXIDs=14, success=true
2021-08-10 12:16:28,628 [EventQueue-DeleteBlockStatusForDeletedBlockLogImpl] DEBUG block.DeletedBlockLogImpl (DeletedBlockLogImpl.java:commitTransactions(224)) - Transaction txId=14 commit by dnId=ad4991cb-97ce-4dd6-b117-42e7f6b0816f for containerID=#14 failed. Corresponding entry not found.
2021-08-10 12:16:28,628 [EventQueue-DeleteBlockStatusForDeletedBlockLogImpl] DEBUG block.DeletedBlockLogImpl (DeletedBlockLogImpl.java:isTransactionFailed(278)) - Got block deletion ACK from datanode, TXIDs=15, success=true
2021-08-10 12:16:28,628 [EventQueue-DeleteBlockStatusForDeletedBlockLogImpl] DEBUG block.DeletedBlockLogImpl (DeletedBlockLogImpl.java:commitTransactions(224)) - Transaction txId=15 commit by dnId=ad4991cb-97ce-4dd6-b117-42e7f6b0816f for containerID=#15 failed. Corresponding entry not found.
2021-08-10 12:16:28,629 [EventQueue-DeleteBlockStatusForDeletedBlockLogImpl] DEBUG block.DeletedBlockLogImpl (DeletedBlockLogImpl.java:isTransactionFailed(278)) - Got block deletion ACK from datanode, TXIDs=16, success=true
2021-08-10 12:16:28,629 [EventQueue-DeleteBlockStatusForDeletedBlockLogImpl] DEBUG block.DeletedBlockLogImpl (DeletedBlockLogImpl.java:commitTransactions(224)) - Transaction txId=16 commit by dnId=ad4991cb-97ce-4dd6-b117-42e7f6b0816f for containerID=#16 failed. Corresponding entry not found.
2021-08-10 12:16:28,629 [EventQueue-DeleteBlockStatusForDeletedBlockLogImpl] DEBUG block.DeletedBlockLogImpl (DeletedBlockLogImpl.java:isTransactionFailed(278)) - Got block deletion ACK from datanode, TXIDs=17, success=true
2021-08-10 12:16:28,629 [EventQueue-DeleteBlockStatusForDeletedBlockLogImpl] DEBUG block.DeletedBlockLogImpl (DeletedBlockLogImpl.java:commitTransactions(224)) - Transaction txId=17 commit by dnId=ad4991cb-97ce-4dd6-b117-42e7f6b0816f for containerID=#17 failed. Corresponding entry not found.
2021-08-10 12:16:28,629 [EventQueue-DeleteBlockStatusForDeletedBlockLogImpl] DEBUG block.DeletedBlockLogImpl (DeletedBlockLogImpl.java:isTransactionFailed(278)) - Got block deletion ACK from datanode, TXIDs=18, success=true
2021-08-10 12:16:28,629 [EventQueue-DeleteBlockStatusForDeletedBlockLogImpl] DEBUG block.DeletedBlockLogImpl (DeletedBlockLogImpl.java:commitTransactions(224)) - Transaction txId=18 commit by dnId=ad4991cb-97ce-4dd6-b117-42e7f6b0816f for containerID=#18 failed. Corresponding entry not found.
2021-08-10 12:16:28,629 [EventQueue-DeleteBlockStatusForDeletedBlockLogImpl] DEBUG block.DeletedBlockLogImpl (DeletedBlockLogImpl.java:isTransactionFailed(278)) - Got block deletion ACK from datanode, TXIDs=19, success=true
2021-08-10 12:16:28,629 [EventQueue-DeleteBlockStatusForDeletedBlockLogImpl] DEBUG block.DeletedBlockLogImpl (DeletedBlockLogImpl.java:commitTransactions(224)) - Transaction txId=19 commit by dnId=ad4991cb-97ce-4dd6-b117-42e7f6b0816f for containerID=#19 failed. Corresponding entry not found.
2021-08-10 12:16:28,629 [EventQueue-DeleteBlockStatusForDeletedBlockLogImpl] DEBUG block.DeletedBlockLogImpl (DeletedBlockLogImpl.java:isTransactionFailed(278)) - Got block deletion ACK from datanode, TXIDs=20, success=true
2021-08-10 12:16:28,629 [EventQueue-DeleteBlockStatusForDeletedBlockLogImpl] DEBUG block.DeletedBlockLogImpl (DeletedBlockLogImpl.java:commitTransactions(224)) - Transaction txId=20 commit by dnId=ad4991cb-97ce-4dd6-b117-42e7f6b0816f for containerID=#20 failed. Corresponding entry not found.
2021-08-10 12:16:28,629 [EventQueue-DeleteBlockStatusForDeletedBlockLogImpl] DEBUG block.DeletedBlockLogImpl (DeletedBlockLogImpl.java:isTransactionFailed(278)) - Got block deletion ACK from datanode, TXIDs=21, success=true
2021-08-10 12:16:28,629 [EventQueue-DeleteBlockStatusForDeletedBlockLogImpl] DEBUG block.DeletedBlockLogImpl (DeletedBlockLogImpl.java:commitTransactions(224)) - Transaction txId=21 commit by dnId=ad4991cb-97ce-4dd6-b117-42e7f6b0816f for containerID=#21 failed. Corresponding entry not found.
2021-08-10 12:16:28,629 [EventQueue-DeleteBlockStatusForDeletedBlockLogImpl] DEBUG block.DeletedBlockLogImpl (DeletedBlockLogImpl.java:isTransactionFailed(278)) - Got block deletion ACK from datanode, TXIDs=22, success=true
2021-08-10 12:16:28,629 [EventQueue-DeleteBlockStatusForDeletedBlockLogImpl] DEBUG block.DeletedBlockLogImpl (DeletedBlockLogImpl.java:commitTransactions(224)) - Transaction txId=22 commit by dnId=ad4991cb-97ce-4dd6-b117-42e7f6b0816f for containerID=#22 failed. Corresponding entry not found.
2021-08-10 12:16:28,629 [EventQueue-DeleteBlockStatusForDeletedBlockLogImpl] DEBUG block.DeletedBlockLogImpl (DeletedBlockLogImpl.java:isTransactionFailed(278)) - Got block deletion ACK from datanode, TXIDs=23, success=true
2021-08-10 12:16:28,629 [EventQueue-DeleteBlockStatusForDeletedBlockLogImpl] DEBUG block.DeletedBlockLogImpl (DeletedBlockLogImpl.java:commitTransactions(224)) - Transaction txId=23 commit by dnId=ad4991cb-97ce-4dd6-b117-42e7f6b0816f for containerID=#23 failed. Corresponding entry not found.
2021-08-10 12:16:28,629 [EventQueue-DeleteBlockStatusForDeletedBlockLogImpl] DEBUG block.DeletedBlockLogImpl (DeletedBlockLogImpl.java:isTransactionFailed(278)) - Got block deletion ACK from datanode, TXIDs=24, success=true
2021-08-10 12:16:28,629 [EventQueue-DeleteBlockStatusForDeletedBlockLogImpl] DEBUG block.DeletedBlockLogImpl (DeletedBlockLogImpl.java:commitTransactions(224)) - Transaction txId=24 commit by dnId=ad4991cb-97ce-4dd6-b117-42e7f6b0816f for containerID=#24 failed. Corresponding entry not found.
2021-08-10 12:16:28,629 [EventQueue-DeleteBlockStatusForDeletedBlockLogImpl] DEBUG block.DeletedBlockLogImpl (DeletedBlockLogImpl.java:isTransactionFailed(278)) - Got block deletion ACK from datanode, TXIDs=25, success=true
2021-08-10 12:16:28,629 [EventQueue-DeleteBlockStatusForDeletedBlockLogImpl] DEBUG block.DeletedBlockLogImpl (DeletedBlockLogImpl.java:commitTransactions(224)) - Transaction txId=25 commit by dnId=ad4991cb-97ce-4dd6-b117-42e7f6b0816f for containerID=#25 failed. Corresponding entry not found.
2021-08-10 12:16:28,629 [EventQueue-DeleteBlockStatusForDeletedBlockLogImpl] DEBUG block.DeletedBlockLogImpl (DeletedBlockLogImpl.java:isTransactionFailed(278)) - Got block deletion ACK from datanode, TXIDs=26, success=true
2021-08-10 12:16:28,629 [EventQueue-DeleteBlockStatusForDeletedBlockLogImpl] DEBUG block.DeletedBlockLogImpl (DeletedBlockLogImpl.java:commitTransactions(224)) - Transaction txId=26 commit by dnId=ad4991cb-97ce-4dd6-b117-42e7f6b0816f for containerID=#26 failed. Corresponding entry not found.
2021-08-10 12:16:28,629 [EventQueue-DeleteBlockStatusForDeletedBlockLogImpl] DEBUG block.DeletedBlockLogImpl (DeletedBlockLogImpl.java:isTransactionFailed(278)) - Got block deletion ACK from datanode, TXIDs=27, success=true
2021-08-10 12:16:28,629 [EventQueue-DeleteBlockStatusForDeletedBlockLogImpl] DEBUG block.DeletedBlockLogImpl (DeletedBlockLogImpl.java:commitTransactions(224)) - Transaction txId=27 commit by dnId=ad4991cb-97ce-4dd6-b117-42e7f6b0816f for containerID=#27 failed. Corresponding entry not found.
2021-08-10 12:16:28,629 [EventQueue-DeleteBlockStatusForDeletedBlockLogImpl] DEBUG block.DeletedBlockLogImpl (DeletedBlockLogImpl.java:isTransactionFailed(278)) - Got block deletion ACK from datanode, TXIDs=28, success=true
2021-08-10 12:16:28,629 [EventQueue-DeleteBlockStatusForDeletedBlockLogImpl] DEBUG block.DeletedBlockLogImpl (DeletedBlockLogImpl.java:commitTransactions(224)) - Transaction txId=28 commit by dnId=ad4991cb-97ce-4dd6-b117-42e7f6b0816f for containerID=#28 failed. Corresponding entry not found.
2021-08-10 12:16:28,629 [EventQueue-DeleteBlockStatusForDeletedBlockLogImpl] DEBUG block.DeletedBlockLogImpl (DeletedBlockLogImpl.java:isTransactionFailed(278)) - Got block deletion ACK from datanode, TXIDs=29, success=true
2021-08-10 12:16:28,629 [EventQueue-DeleteBlockStatusForDeletedBlockLogImpl] DEBUG block.DeletedBlockLogImpl (DeletedBlockLogImpl.java:commitTransactions(224)) - Transaction txId=29 commit by dnId=ad4991cb-97ce-4dd6-b117-42e7f6b0816f for containerID=#29 failed. Corresponding entry not found.
2021-08-10 12:16:28,629 [EventQueue-DeleteBlockStatusForDeletedBlockLogImpl] DEBUG block.DeletedBlockLogImpl (DeletedBlockLogImpl.java:isTransactionFailed(278)) - Got block deletion ACK from datanode, TXIDs=30, success=true
2021-08-10 12:16:28,629 [EventQueue-DeleteBlockStatusForDeletedBlockLogImpl] DEBUG block.DeletedBlockLogImpl (DeletedBlockLogImpl.java:commitTransactions(224)) - Transaction txId=30 commit by dnId=ad4991cb-97ce-4dd6-b117-42e7f6b0816f for containerID=#30 failed. Corresponding entry not found.
2021-08-10 12:16:28,629 [EventQueue-DeleteBlockStatusForDeletedBlockLogImpl] DEBUG block.DeletedBlockLogImpl (DeletedBlockLogImpl.java:isTransactionFailed(278)) - Got block deletion ACK from datanode, TXIDs=31, success=true
2021-08-10 12:16:28,629 [EventQueue-DeleteBlockStatusForDeletedBlockLogImpl] DEBUG block.DeletedBlockLogImpl (DeletedBlockLogImpl.java:commitTransactions(224)) - Transaction txId=31 commit by dnId=ad4991cb-97ce-4dd6-b117-42e7f6b0816f for containerID=#31 failed. Corresponding entry not found.
2021-08-10 12:16:28,629 [EventQueue-DeleteBlockStatusForDeletedBlockLogImpl] DEBUG block.DeletedBlockLogImpl (DeletedBlockLogImpl.java:isTransactionFailed(278)) - Got block deletion ACK from datanode, TXIDs=32, success=true
2021-08-10 12:16:28,629 [EventQueue-DeleteBlockStatusForDeletedBlockLogImpl] DEBUG block.DeletedBlockLogImpl (DeletedBlockLogImpl.java:commitTransactions(224)) - Transaction txId=32 commit by dnId=ad4991cb-97ce-4dd6-b117-42e7f6b0816f for containerID=#32 failed. Corresponding entry not found.
2021-08-10 12:16:28,629 [EventQueue-DeleteBlockStatusForDeletedBlockLogImpl] DEBUG block.DeletedBlockLogImpl (DeletedBlockLogImpl.java:isTransactionFailed(278)) - Got block deletion ACK from datanode, TXIDs=33, success=true
2021-08-10 12:16:28,629 [EventQueue-DeleteBlockStatusForDeletedBlockLogImpl] DEBUG block.DeletedBlockLogImpl (DeletedBlockLogImpl.java:commitTransactions(224)) - Transaction txId=33 commit by dnId=ad4991cb-97ce-4dd6-b117-42e7f6b0816f for containerID=#33 failed. Corresponding entry not found.
2021-08-10 12:16:28,629 [EventQueue-DeleteBlockStatusForDeletedBlockLogImpl] DEBUG block.DeletedBlockLogImpl (DeletedBlockLogImpl.java:isTransactionFailed(278)) - Got block deletion ACK from datanode, TXIDs=34, success=true
2021-08-10 12:16:28,629 [EventQueue-DeleteBlockStatusForDeletedBlockLogImpl] DEBUG block.DeletedBlockLogImpl (DeletedBlockLogImpl.java:commitTransactions(224)) - Transaction txId=34 commit by dnId=ad4991cb-97ce-4dd6-b117-42e7f6b0816f for containerID=#34 failed. Corresponding entry not found.
2021-08-10 12:16:28,629 [EventQueue-DeleteBlockStatusForDeletedBlockLogImpl] DEBUG block.DeletedBlockLogImpl (DeletedBlockLogImpl.java:isTransactionFailed(278)) - Got block deletion ACK from datanode, TXIDs=35, success=true
2021-08-10 12:16:28,629 [EventQueue-DeleteBlockStatusForDeletedBlockLogImpl] DEBUG block.DeletedBlockLogImpl (DeletedBlockLogImpl.java:commitTransactions(224)) - Transaction txId=35 commit by dnId=ad4991cb-97ce-4dd6-b117-42e7f6b0816f for containerID=#35 failed. Corresponding entry not found.
2021-08-10 12:16:28,629 [EventQueue-DeleteBlockStatusForDeletedBlockLogImpl] DEBUG block.DeletedBlockLogImpl (DeletedBlockLogImpl.java:isTransactionFailed(278)) - Got block deletion ACK from datanode, TXIDs=36, success=true
2021-08-10 12:16:28,629 [EventQueue-DeleteBlockStatusForDeletedBlockLogImpl] DEBUG block.DeletedBlockLogImpl (DeletedBlockLogImpl.java:commitTransactions(224)) - Transaction txId=36 commit by dnId=ad4991cb-97ce-4dd6-b117-42e7f6b0816f for containerID=#36 failed. Corresponding entry not found.
2021-08-10 12:16:28,629 [EventQueue-DeleteBlockStatusForDeletedBlockLogImpl] DEBUG block.DeletedBlockLogImpl (DeletedBlockLogImpl.java:isTransactionFailed(278)) - Got block deletion ACK from datanode, TXIDs=37, success=true
2021-08-10 12:16:28,629 [EventQueue-DeleteBlockStatusForDeletedBlockLogImpl] DEBUG block.DeletedBlockLogImpl (DeletedBlockLogImpl.java:commitTransactions(224)) - Transaction txId=37 commit by dnId=ad4991cb-97ce-4dd6-b117-42e7f6b0816f for containerID=#37 failed. Corresponding entry not found.
2021-08-10 12:16:28,629 [EventQueue-DeleteBlockStatusForDeletedBlockLogImpl] DEBUG block.DeletedBlockLogImpl (DeletedBlockLogImpl.java:isTransactionFailed(278)) - Got block deletion ACK from datanode, TXIDs=38, success=true
2021-08-10 12:16:28,629 [EventQueue-DeleteBlockStatusForDeletedBlockLogImpl] DEBUG block.DeletedBlockLogImpl (DeletedBlockLogImpl.java:commitTransactions(224)) - Transaction txId=38 commit by dnId=ad4991cb-97ce-4dd6-b117-42e7f6b0816f for containerID=#38 failed. Corresponding entry not found.
2021-08-10 12:16:28,630 [EventQueue-DeleteBlockStatusForDeletedBlockLogImpl] DEBUG block.DeletedBlockLogImpl (DeletedBlockLogImpl.java:isTransactionFailed(278)) - Got block deletion ACK from datanode, TXIDs=39, success=true
2021-08-10 12:16:28,630 [EventQueue-DeleteBlockStatusForDeletedBlockLogImpl] DEBUG block.DeletedBlockLogImpl (DeletedBlockLogImpl.java:commitTransactions(224)) - Transaction txId=39 commit by dnId=ad4991cb-97ce-4dd6-b117-42e7f6b0816f for containerID=#39 failed. Corresponding entry not found.
2021-08-10 12:16:28,630 [EventQueue-DeleteBlockStatusForDeletedBlockLogImpl] DEBUG block.DeletedBlockLogImpl (DeletedBlockLogImpl.java:isTransactionFailed(278)) - Got block deletion ACK from datanode, TXIDs=40, success=true
2021-08-10 12:16:28,630 [EventQueue-DeleteBlockStatusForDeletedBlockLogImpl] DEBUG block.DeletedBlockLogImpl (DeletedBlockLogImpl.java:commitTransactions(224)) - Transaction txId=40 commit by dnId=ad4991cb-97ce-4dd6-b117-42e7f6b0816f for containerID=#40 failed. Corresponding entry not found.
2021-08-10 12:16:28,630 [EventQueue-DeleteBlockStatusForDeletedBlockLogImpl] DEBUG block.DeletedBlockLogImpl (DeletedBlockLogImpl.java:isTransactionFailed(278)) - Got block deletion ACK from datanode, TXIDs=41, success=true
2021-08-10 12:16:28,630 [EventQueue-DeleteBlockStatusForDeletedBlockLogImpl] DEBUG block.DeletedBlockLogImpl (DeletedBlockLogImpl.java:commitTransactions(224)) - Transaction txId=41 commit by dnId=ad4991cb-97ce-4dd6-b117-42e7f6b0816f for containerID=#41 failed. Corresponding entry not found.
2021-08-10 12:16:28,630 [EventQueue-DeleteBlockStatusForDeletedBlockLogImpl] DEBUG block.DeletedBlockLogImpl (DeletedBlockLogImpl.java:isTransactionFailed(278)) - Got block deletion ACK from datanode, TXIDs=42, success=true
2021-08-10 12:16:28,630 [EventQueue-DeleteBlockStatusForDeletedBlockLogImpl] DEBUG block.DeletedBlockLogImpl (DeletedBlockLogImpl.java:commitTransactions(224)) - Transaction txId=42 commit by dnId=ad4991cb-97ce-4dd6-b117-42e7f6b0816f for containerID=#42 failed. Corresponding entry not found.
2021-08-10 12:16:28,630 [EventQueue-DeleteBlockStatusForDeletedBlockLogImpl] DEBUG block.DeletedBlockLogImpl (DeletedBlockLogImpl.java:isTransactionFailed(278)) - Got block deletion ACK from datanode, TXIDs=43, success=true
2021-08-10 12:16:28,630 [EventQueue-DeleteBlockStatusForDeletedBlockLogImpl] DEBUG block.DeletedBlockLogImpl (DeletedBlockLogImpl.java:commitTransactions(224)) - Transaction txId=43 commit by dnId=ad4991cb-97ce-4dd6-b117-42e7f6b0816f for containerID=#43 failed. Corresponding entry not found.
2021-08-10 12:16:28,630 [EventQueue-DeleteBlockStatusForDeletedBlockLogImpl] DEBUG block.DeletedBlockLogImpl (DeletedBlockLogImpl.java:isTransactionFailed(278)) - Got block deletion ACK from datanode, TXIDs=44, success=true
2021-08-10 12:16:28,630 [EventQueue-DeleteBlockStatusForDeletedBlockLogImpl] DEBUG block.DeletedBlockLogImpl (DeletedBlockLogImpl.java:commitTransactions(224)) - Transaction txId=44 commit by dnId=ad4991cb-97ce-4dd6-b117-42e7f6b0816f for containerID=#44 failed. Corresponding entry not found.
2021-08-10 12:16:28,630 [EventQueue-DeleteBlockStatusForDeletedBlockLogImpl] DEBUG block.DeletedBlockLogImpl (DeletedBlockLogImpl.java:isTransactionFailed(278)) - Got block deletion ACK from datanode, TXIDs=45, success=true
2021-08-10 12:16:28,630 [EventQueue-DeleteBlockStatusForDeletedBlockLogImpl] DEBUG block.DeletedBlockLogImpl (DeletedBlockLogImpl.java:commitTransactions(224)) - Transaction txId=45 commit by dnId=ad4991cb-97ce-4dd6-b117-42e7f6b0816f for containerID=#45 failed. Corresponding entry not found.
2021-08-10 12:16:28,630 [EventQueue-DeleteBlockStatusForDeletedBlockLogImpl] DEBUG block.DeletedBlockLogImpl (DeletedBlockLogImpl.java:isTransactionFailed(278)) - Got block deletion ACK from datanode, TXIDs=46, success=true
2021-08-10 12:16:28,630 [EventQueue-DeleteBlockStatusForDeletedBlockLogImpl] DEBUG block.DeletedBlockLogImpl (DeletedBlockLogImpl.java:commitTransactions(224)) - Transaction txId=46 commit by dnId=ad4991cb-97ce-4dd6-b117-42e7f6b0816f for containerID=#46 failed. Corresponding entry not found.
2021-08-10 12:16:28,630 [EventQueue-DeleteBlockStatusForDeletedBlockLogImpl] DEBUG block.DeletedBlockLogImpl (DeletedBlockLogImpl.java:isTransactionFailed(278)) - Got block deletion ACK from datanode, TXIDs=47, success=true
2021-08-10 12:16:28,630 [EventQueue-DeleteBlockStatusForDeletedBlockLogImpl] DEBUG block.DeletedBlockLogImpl (DeletedBlockLogImpl.java:commitTransactions(224)) - Transaction txId=47 commit by dnId=ad4991cb-97ce-4dd6-b117-42e7f6b0816f for containerID=#47 failed. Corresponding entry not found.
2021-08-10 12:16:28,630 [EventQueue-DeleteBlockStatusForDeletedBlockLogImpl] DEBUG block.DeletedBlockLogImpl (DeletedBlockLogImpl.java:isTransactionFailed(278)) - Got block deletion ACK from datanode, TXIDs=48, success=true
2021-08-10 12:16:28,630 [EventQueue-DeleteBlockStatusForDeletedBlockLogImpl] DEBUG block.DeletedBlockLogImpl (DeletedBlockLogImpl.java:commitTransactions(224)) - Transaction txId=48 commit by dnId=ad4991cb-97ce-4dd6-b117-42e7f6b0816f for containerID=#48 failed. Corresponding entry not found.
2021-08-10 12:16:28,630 [EventQueue-DeleteBlockStatusForDeletedBlockLogImpl] DEBUG block.DeletedBlockLogImpl (DeletedBlockLogImpl.java:isTransactionFailed(278)) - Got block deletion ACK from datanode, TXIDs=49, success=true
2021-08-10 12:16:28,630 [EventQueue-DeleteBlockStatusForDeletedBlockLogImpl] DEBUG block.DeletedBlockLogImpl (DeletedBlockLogImpl.java:commitTransactions(224)) - Transaction txId=49 commit by dnId=ad4991cb-97ce-4dd6-b117-42e7f6b0816f for containerID=#49 failed. Corresponding entry not found.
2021-08-10 12:16:28,630 [EventQueue-DeleteBlockStatusForDeletedBlockLogImpl] DEBUG block.DeletedBlockLogImpl (DeletedBlockLogImpl.java:isTransactionFailed(278)) - Got block deletion ACK from datanode, TXIDs=50, success=true
2021-08-10 12:16:28,630 [EventQueue-DeleteBlockStatusForDeletedBlockLogImpl] DEBUG block.DeletedBlockLogImpl (DeletedBlockLogImpl.java:commitTransactions(224)) - Transaction txId=50 commit by dnId=ad4991cb-97ce-4dd6-b117-42e7f6b0816f for containerID=#50 failed. Corresponding entry not found.
2021-08-10 12:16:28,630 [EventQueue-DeleteBlockStatusForDeletedBlockLogImpl] DEBUG block.DeletedBlockLogImpl (DeletedBlockLogImpl.java:isTransactionFailed(278)) - Got block deletion ACK from datanode, TXIDs=51, success=true
2021-08-10 12:16:28,630 [EventQueue-DeleteBlockStatusForDeletedBlockLogImpl] DEBUG block.DeletedBlockLogImpl (DeletedBlockLogImpl.java:commitTransactions(224)) - Transaction txId=51 commit by dnId=ad4991cb-97ce-4dd6-b117-42e7f6b0816f for containerID=#51 failed. Corresponding entry not found.
2021-08-10 12:16:28,630 [EventQueue-DeleteBlockStatusForDeletedBlockLogImpl] DEBUG block.DeletedBlockLogImpl (DeletedBlockLogImpl.java:isTransactionFailed(278)) - Got block deletion ACK from datanode, TXIDs=52, success=true
2021-08-10 12:16:28,630 [EventQueue-DeleteBlockStatusForDeletedBlockLogImpl] DEBUG block.DeletedBlockLogImpl (DeletedBlockLogImpl.java:commitTransactions(224)) - Transaction txId=52 commit by dnId=ad4991cb-97ce-4dd6-b117-42e7f6b0816f for containerID=#52 failed. Corresponding entry not found.
2021-08-10 12:16:28,630 [EventQueue-DeleteBlockStatusForDeletedBlockLogImpl] DEBUG block.DeletedBlockLogImpl (DeletedBlockLogImpl.java:isTransactionFailed(278)) - Got block deletion ACK from datanode, TXIDs=53, success=true
2021-08-10 12:16:28,630 [EventQueue-DeleteBlockStatusForDeletedBlockLogImpl] DEBUG block.DeletedBlockLogImpl (DeletedBlockLogImpl.java:commitTransactions(224)) - Transaction txId=53 commit by dnId=ad4991cb-97ce-4dd6-b117-42e7f6b0816f for containerID=#53 failed. Corresponding entry not found.
2021-08-10 12:16:28,630 [EventQueue-DeleteBlockStatusForDeletedBlockLogImpl] DEBUG block.DeletedBlockLogImpl (DeletedBlockLogImpl.java:isTransactionFailed(278)) - Got block deletion ACK from datanode, TXIDs=54, success=true
2021-08-10 12:16:28,630 [EventQueue-DeleteBlockStatusForDeletedBlockLogImpl] DEBUG block.DeletedBlockLogImpl (DeletedBlockLogImpl.java:commitTransactions(224)) - Transaction txId=54 commit by dnId=ad4991cb-97ce-4dd6-b117-42e7f6b0816f for containerID=#54 failed. Corresponding entry not found.
2021-08-10 12:16:28,630 [EventQueue-DeleteBlockStatusForDeletedBlockLogImpl] DEBUG block.DeletedBlockLogImpl (DeletedBlockLogImpl.java:isTransactionFailed(278)) - Got block deletion ACK from datanode, TXIDs=55, success=true
2021-08-10 12:16:28,630 [EventQueue-DeleteBlockStatusForDeletedBlockLogImpl] DEBUG block.DeletedBlockLogImpl (DeletedBlockLogImpl.java:commitTransactions(224)) - Transaction txId=55 commit by dnId=ad4991cb-97ce-4dd6-b117-42e7f6b0816f for containerID=#55 failed. Corresponding entry not found.
2021-08-10 12:16:28,630 [EventQueue-DeleteBlockStatusForDeletedBlockLogImpl] DEBUG block.DeletedBlockLogImpl (DeletedBlockLogImpl.java:isTransactionFailed(278)) - Got block deletion ACK from datanode, TXIDs=56, success=true
2021-08-10 12:16:28,630 [EventQueue-DeleteBlockStatusForDeletedBlockLogImpl] DEBUG block.DeletedBlockLogImpl (DeletedBlockLogImpl.java:commitTransactions(224)) - Transaction txId=56 commit by dnId=ad4991cb-97ce-4dd6-b117-42e7f6b0816f for containerID=#56 failed. Corresponding entry not found.
2021-08-10 12:16:28,630 [EventQueue-DeleteBlockStatusForDeletedBlockLogImpl] DEBUG block.DeletedBlockLogImpl (DeletedBlockLogImpl.java:isTransactionFailed(278)) - Got block deletion ACK from datanode, TXIDs=1, success=true
2021-08-10 12:16:28,630 [EventQueue-DeleteBlockStatusForDeletedBlockLogImpl] DEBUG block.DeletedBlockLogImpl (DeletedBlockLogImpl.java:commitTransactions(224)) - Transaction txId=1 commit by dnId=ad4991cb-97ce-4dd6-b117-42e7f6b0816f for containerID=#1 failed. Corresponding entry not found.
2021-08-10 12:16:28,630 [EventQueue-DeleteBlockStatusForDeletedBlockLogImpl] DEBUG block.DeletedBlockLogImpl (DeletedBlockLogImpl.java:isTransactionFailed(278)) - Got block deletion ACK from datanode, TXIDs=2, success=true
2021-08-10 12:16:28,630 [EventQueue-DeleteBlockStatusForDeletedBlockLogImpl] DEBUG block.DeletedBlockLogImpl (DeletedBlockLogImpl.java:commitTransactions(224)) - Transaction txId=2 commit by dnId=ad4991cb-97ce-4dd6-b117-42e7f6b0816f for containerID=#2 failed. Corresponding entry not found.
2021-08-10 12:16:28,630 [EventQueue-DeleteBlockStatusForDeletedBlockLogImpl] DEBUG block.DeletedBlockLogImpl (DeletedBlockLogImpl.java:isTransactionFailed(278)) - Got block deletion ACK from datanode, TXIDs=3, success=true
2021-08-10 12:16:28,630 [EventQueue-DeleteBlockStatusForDeletedBlockLogImpl] DEBUG block.DeletedBlockLogImpl (DeletedBlockLogImpl.java:commitTransactions(224)) - Transaction txId=3 commit by dnId=ad4991cb-97ce-4dd6-b117-42e7f6b0816f for containerID=#3 failed. Corresponding entry not found.
2021-08-10 12:16:28,630 [EventQueue-DeleteBlockStatusForDeletedBlockLogImpl] DEBUG block.DeletedBlockLogImpl (DeletedBlockLogImpl.java:isTransactionFailed(278)) - Got block deletion ACK from datanode, TXIDs=4, success=true
2021-08-10 12:16:28,630 [EventQueue-DeleteBlockStatusForDeletedBlockLogImpl] DEBUG block.DeletedBlockLogImpl (DeletedBlockLogImpl.java:commitTransactions(224)) - Transaction txId=4 commit by dnId=ad4991cb-97ce-4dd6-b117-42e7f6b0816f for containerID=#4 failed. Corresponding entry not found.
2021-08-10 12:16:28,630 [EventQueue-DeleteBlockStatusForDeletedBlockLogImpl] DEBUG block.DeletedBlockLogImpl (DeletedBlockLogImpl.java:isTransactionFailed(278)) - Got block deletion ACK from datanode, TXIDs=5, success=true
2021-08-10 12:16:28,630 [EventQueue-DeleteBlockStatusForDeletedBlockLogImpl] DEBUG block.DeletedBlockLogImpl (DeletedBlockLogImpl.java:commitTransactions(224)) - Transaction txId=5 commit by dnId=ad4991cb-97ce-4dd6-b117-42e7f6b0816f for containerID=#5 failed. Corresponding entry not found.
2021-08-10 12:16:28,630 [EventQueue-DeleteBlockStatusForDeletedBlockLogImpl] DEBUG block.DeletedBlockLogImpl (DeletedBlockLogImpl.java:isTransactionFailed(278)) - Got block deletion ACK from datanode, TXIDs=6, success=true
2021-08-10 12:16:28,630 [EventQueue-DeleteBlockStatusForDeletedBlockLogImpl] DEBUG block.DeletedBlockLogImpl (DeletedBlockLogImpl.java:commitTransactions(224)) - Transaction txId=6 commit by dnId=ad4991cb-97ce-4dd6-b117-42e7f6b0816f for containerID=#6 failed. Corresponding entry not found.
2021-08-10 12:16:28,630 [EventQueue-DeleteBlockStatusForDeletedBlockLogImpl] DEBUG block.DeletedBlockLogImpl (DeletedBlockLogImpl.java:isTransactionFailed(278)) - Got block deletion ACK from datanode, TXIDs=7, success=true
2021-08-10 12:16:28,630 [EventQueue-DeleteBlockStatusForDeletedBlockLogImpl] DEBUG block.DeletedBlockLogImpl (DeletedBlockLogImpl.java:commitTransactions(224)) - Transaction txId=7 commit by dnId=ad4991cb-97ce-4dd6-b117-42e7f6b0816f for containerID=#7 failed. Corresponding entry not found.
2021-08-10 12:16:28,630 [EventQueue-DeleteBlockStatusForDeletedBlockLogImpl] DEBUG block.DeletedBlockLogImpl (DeletedBlockLogImpl.java:isTransactionFailed(278)) - Got block deletion ACK from datanode, TXIDs=8, success=true
2021-08-10 12:16:28,630 [EventQueue-DeleteBlockStatusForDeletedBlockLogImpl] DEBUG block.DeletedBlockLogImpl (DeletedBlockLogImpl.java:commitTransactions(224)) - Transaction txId=8 commit by dnId=ad4991cb-97ce-4dd6-b117-42e7f6b0816f for containerID=#8 failed. Corresponding entry not found.
2021-08-10 12:16:28,631 [EventQueue-DeleteBlockStatusForDeletedBlockLogImpl] DEBUG block.DeletedBlockLogImpl (DeletedBlockLogImpl.java:isTransactionFailed(278)) - Got block deletion ACK from datanode, TXIDs=9, success=true
2021-08-10 12:16:28,631 [EventQueue-DeleteBlockStatusForDeletedBlockLogImpl] DEBUG block.DeletedBlockLogImpl (DeletedBlockLogImpl.java:commitTransactions(224)) - Transaction txId=9 commit by dnId=ad4991cb-97ce-4dd6-b117-42e7f6b0816f for containerID=#9 failed. Corresponding entry not found.
2021-08-10 12:16:28,631 [EventQueue-DeleteBlockStatusForDeletedBlockLogImpl] DEBUG block.DeletedBlockLogImpl (DeletedBlockLogImpl.java:isTransactionFailed(278)) - Got block deletion ACK from datanode, TXIDs=10, success=true
2021-08-10 12:16:28,631 [EventQueue-DeleteBlockStatusForDeletedBlockLogImpl] DEBUG block.DeletedBlockLogImpl (DeletedBlockLogImpl.java:commitTransactions(224)) - Transaction txId=10 commit by dnId=ad4991cb-97ce-4dd6-b117-42e7f6b0816f for containerID=#10 failed. Corresponding entry not found.
2021-08-10 12:16:28,631 [EventQueue-DeleteBlockStatusForDeletedBlockLogImpl] DEBUG block.DeletedBlockLogImpl (DeletedBlockLogImpl.java:isTransactionFailed(278)) - Got block deletion ACK from datanode, TXIDs=11, success=true
2021-08-10 12:16:28,631 [EventQueue-DeleteBlockStatusForDeletedBlockLogImpl] DEBUG block.DeletedBlockLogImpl (DeletedBlockLogImpl.java:commitTransactions(224)) - Transaction txId=11 commit by dnId=ad4991cb-97ce-4dd6-b117-42e7f6b0816f for containerID=#11 failed. Corresponding entry not found.
2021-08-10 12:16:28,631 [EventQueue-DeleteBlockStatusForDeletedBlockLogImpl] DEBUG block.DeletedBlockLogImpl (DeletedBlockLogImpl.java:isTransactionFailed(278)) - Got block deletion ACK from datanode, TXIDs=12, success=true
2021-08-10 12:16:28,631 [EventQueue-DeleteBlockStatusForDeletedBlockLogImpl] DEBUG block.DeletedBlockLogImpl (DeletedBlockLogImpl.java:commitTransactions(224)) - Transaction txId=12 commit by dnId=ad4991cb-97ce-4dd6-b117-42e7f6b0816f for containerID=#12 failed. Corresponding entry not found.
2021-08-10 12:16:28,631 [EventQueue-DeleteBlockStatusForDeletedBlockLogImpl] DEBUG block.DeletedBlockLogImpl (DeletedBlockLogImpl.java:isTransactionFailed(278)) - Got block deletion ACK from datanode, TXIDs=13, success=true
2021-08-10 12:16:28,631 [EventQueue-DeleteBlockStatusForDeletedBlockLogImpl] DEBUG block.DeletedBlockLogImpl (DeletedBlockLogImpl.java:commitTransactions(224)) - Transaction txId=13 commit by dnId=ad4991cb-97ce-4dd6-b117-42e7f6b0816f for containerID=#13 failed. Corresponding entry not found.
2021-08-10 12:16:28,631 [EventQueue-DeleteBlockStatusForDeletedBlockLogImpl] DEBUG block.DeletedBlockLogImpl (DeletedBlockLogImpl.java:isTransactionFailed(278)) - Got block deletion ACK from datanode, TXIDs=14, success=true
2021-08-10 12:16:28,631 [EventQueue-DeleteBlockStatusForDeletedBlockLogImpl] DEBUG block.DeletedBlockLogImpl (DeletedBlockLogImpl.java:commitTransactions(224)) - Transaction txId=14 commit by dnId=ad4991cb-97ce-4dd6-b117-42e7f6b0816f for containerID=#14 failed. Corresponding entry not found.
2021-08-10 12:16:28,631 [EventQueue-DeleteBlockStatusForDeletedBlockLogImpl] DEBUG block.DeletedBlockLogImpl (DeletedBlockLogImpl.java:isTransactionFailed(278)) - Got block deletion ACK from datanode, TXIDs=15, success=true
2021-08-10 12:16:28,631 [EventQueue-DeleteBlockStatusForDeletedBlockLogImpl] DEBUG block.DeletedBlockLogImpl (DeletedBlockLogImpl.java:commitTransactions(224)) - Transaction txId=15 commit by dnId=ad4991cb-97ce-4dd6-b117-42e7f6b0816f for containerID=#15 failed. Corresponding entry not found.
2021-08-10 12:16:28,631 [EventQueue-DeleteBlockStatusForDeletedBlockLogImpl] DEBUG block.DeletedBlockLogImpl (DeletedBlockLogImpl.java:isTransactionFailed(278)) - Got block deletion ACK from datanode, TXIDs=16, success=true
2021-08-10 12:16:28,631 [EventQueue-DeleteBlockStatusForDeletedBlockLogImpl] DEBUG block.DeletedBlockLogImpl (DeletedBlockLogImpl.java:commitTransactions(224)) - Transaction txId=16 commit by dnId=ad4991cb-97ce-4dd6-b117-42e7f6b0816f for containerID=#16 failed. Corresponding entry not found.
2021-08-10 12:16:28,631 [EventQueue-DeleteBlockStatusForDeletedBlockLogImpl] DEBUG block.DeletedBlockLogImpl (DeletedBlockLogImpl.java:isTransactionFailed(278)) - Got block deletion ACK from datanode, TXIDs=17, success=true
2021-08-10 12:16:28,631 [EventQueue-DeleteBlockStatusForDeletedBlockLogImpl] DEBUG block.DeletedBlockLogImpl (DeletedBlockLogImpl.java:commitTransactions(224)) - Transaction txId=17 commit by dnId=ad4991cb-97ce-4dd6-b117-42e7f6b0816f for containerID=#17 failed. Corresponding entry not found.
2021-08-10 12:16:28,631 [EventQueue-DeleteBlockStatusForDeletedBlockLogImpl] DEBUG block.DeletedBlockLogImpl (DeletedBlockLogImpl.java:isTransactionFailed(278)) - Got block deletion ACK from datanode, TXIDs=18, success=true
2021-08-10 12:16:28,631 [EventQueue-DeleteBlockStatusForDeletedBlockLogImpl] DEBUG block.DeletedBlockLogImpl (DeletedBlockLogImpl.java:commitTransactions(224)) - Transaction txId=18 commit by dnId=ad4991cb-97ce-4dd6-b117-42e7f6b0816f for containerID=#18 failed. Corresponding entry not found.
2021-08-10 12:16:28,631 [EventQueue-DeleteBlockStatusForDeletedBlockLogImpl] DEBUG block.DeletedBlockLogImpl (DeletedBlockLogImpl.java:isTransactionFailed(278)) - Got block deletion ACK from datanode, TXIDs=19, success=true
2021-08-10 12:16:28,631 [EventQueue-DeleteBlockStatusForDeletedBlockLogImpl] DEBUG block.DeletedBlockLogImpl (DeletedBlockLogImpl.java:commitTransactions(224)) - Transaction txId=19 commit by dnId=ad4991cb-97ce-4dd6-b117-42e7f6b0816f for containerID=#19 failed. Corresponding entry not found.
2021-08-10 12:16:28,631 [EventQueue-DeleteBlockStatusForDeletedBlockLogImpl] DEBUG block.DeletedBlockLogImpl (DeletedBlockLogImpl.java:isTransactionFailed(278)) - Got block deletion ACK from datanode, TXIDs=20, success=true
2021-08-10 12:16:28,631 [EventQueue-DeleteBlockStatusForDeletedBlockLogImpl] DEBUG block.DeletedBlockLogImpl (DeletedBlockLogImpl.java:commitTransactions(224)) - Transaction txId=20 commit by dnId=ad4991cb-97ce-4dd6-b117-42e7f6b0816f for containerID=#20 failed. Corresponding entry not found.
2021-08-10 12:16:28,631 [EventQueue-DeleteBlockStatusForDeletedBlockLogImpl] DEBUG block.DeletedBlockLogImpl (DeletedBlockLogImpl.java:isTransactionFailed(278)) - Got block deletion ACK from datanode, TXIDs=21, success=true
2021-08-10 12:16:28,631 [EventQueue-DeleteBlockStatusForDeletedBlockLogImpl] DEBUG block.DeletedBlockLogImpl (DeletedBlockLogImpl.java:commitTransactions(224)) - Transaction txId=21 commit by dnId=ad4991cb-97ce-4dd6-b117-42e7f6b0816f for containerID=#21 failed. Corresponding entry not found.
2021-08-10 12:16:28,631 [EventQueue-DeleteBlockStatusForDeletedBlockLogImpl] DEBUG block.DeletedBlockLogImpl (DeletedBlockLogImpl.java:isTransactionFailed(278)) - Got block deletion ACK from datanode, TXIDs=22, success=true
2021-08-10 12:16:28,631 [EventQueue-DeleteBlockStatusForDeletedBlockLogImpl] DEBUG block.DeletedBlockLogImpl (DeletedBlockLogImpl.java:commitTransactions(224)) - Transaction txId=22 commit by dnId=ad4991cb-97ce-4dd6-b117-42e7f6b0816f for containerID=#22 failed. Corresponding entry not found.
2021-08-10 12:16:28,631 [EventQueue-DeleteBlockStatusForDeletedBlockLogImpl] DEBUG block.DeletedBlockLogImpl (DeletedBlockLogImpl.java:isTransactionFailed(278)) - Got block deletion ACK from datanode, TXIDs=23, success=true
2021-08-10 12:16:28,631 [EventQueue-DeleteBlockStatusForDeletedBlockLogImpl] DEBUG block.DeletedBlockLogImpl (DeletedBlockLogImpl.java:commitTransactions(224)) - Transaction txId=23 commit by dnId=ad4991cb-97ce-4dd6-b117-42e7f6b0816f for containerID=#23 failed. Corresponding entry not found.
2021-08-10 12:16:28,631 [EventQueue-DeleteBlockStatusForDeletedBlockLogImpl] DEBUG block.DeletedBlockLogImpl (DeletedBlockLogImpl.java:isTransactionFailed(278)) - Got block deletion ACK from datanode, TXIDs=24, success=true
2021-08-10 12:16:28,631 [EventQueue-DeleteBlockStatusForDeletedBlockLogImpl] DEBUG block.DeletedBlockLogImpl (DeletedBlockLogImpl.java:commitTransactions(224)) - Transaction txId=24 commit by dnId=ad4991cb-97ce-4dd6-b117-42e7f6b0816f for containerID=#24 failed. Corresponding entry not found.
2021-08-10 12:16:28,631 [EventQueue-DeleteBlockStatusForDeletedBlockLogImpl] DEBUG block.DeletedBlockLogImpl (DeletedBlockLogImpl.java:isTransactionFailed(278)) - Got block deletion ACK from datanode, TXIDs=25, success=true
2021-08-10 12:16:28,631 [EventQueue-DeleteBlockStatusForDeletedBlockLogImpl] DEBUG block.DeletedBlockLogImpl (DeletedBlockLogImpl.java:commitTransactions(224)) - Transaction txId=25 commit by dnId=ad4991cb-97ce-4dd6-b117-42e7f6b0816f for containerID=#25 failed. Corresponding entry not found.
2021-08-10 12:16:28,631 [EventQueue-DeleteBlockStatusForDeletedBlockLogImpl] DEBUG block.DeletedBlockLogImpl (DeletedBlockLogImpl.java:isTransactionFailed(278)) - Got block deletion ACK from datanode, TXIDs=26, success=true
2021-08-10 12:16:28,631 [EventQueue-DeleteBlockStatusForDeletedBlockLogImpl] DEBUG block.DeletedBlockLogImpl (DeletedBlockLogImpl.java:commitTransactions(224)) - Transaction txId=26 commit by dnId=ad4991cb-97ce-4dd6-b117-42e7f6b0816f for containerID=#26 failed. Corresponding entry not found.
2021-08-10 12:16:28,631 [EventQueue-DeleteBlockStatusForDeletedBlockLogImpl] DEBUG block.DeletedBlockLogImpl (DeletedBlockLogImpl.java:isTransactionFailed(278)) - Got block deletion ACK from datanode, TXIDs=27, success=true
2021-08-10 12:16:28,631 [EventQueue-DeleteBlockStatusForDeletedBlockLogImpl] DEBUG block.DeletedBlockLogImpl (DeletedBlockLogImpl.java:commitTransactions(224)) - Transaction txId=27 commit by dnId=ad4991cb-97ce-4dd6-b117-42e7f6b0816f for containerID=#27 failed. Corresponding entry not found.
2021-08-10 12:16:28,631 [EventQueue-DeleteBlockStatusForDeletedBlockLogImpl] DEBUG block.DeletedBlockLogImpl (DeletedBlockLogImpl.java:isTransactionFailed(278)) - Got block deletion ACK from datanode, TXIDs=28, success=true
2021-08-10 12:16:28,631 [EventQueue-DeleteBlockStatusForDeletedBlockLogImpl] DEBUG block.DeletedBlockLogImpl (DeletedBlockLogImpl.java:commitTransactions(224)) - Transaction txId=28 commit by dnId=ad4991cb-97ce-4dd6-b117-42e7f6b0816f for containerID=#28 failed. Corresponding entry not found.
2021-08-10 12:16:28,631 [EventQueue-DeleteBlockStatusForDeletedBlockLogImpl] DEBUG block.DeletedBlockLogImpl (DeletedBlockLogImpl.java:isTransactionFailed(278)) - Got block deletion ACK from datanode, TXIDs=29, success=true
2021-08-10 12:16:28,631 [EventQueue-DeleteBlockStatusForDeletedBlockLogImpl] DEBUG block.DeletedBlockLogImpl (DeletedBlockLogImpl.java:commitTransactions(224)) - Transaction txId=29 commit by dnId=ad4991cb-97ce-4dd6-b117-42e7f6b0816f for containerID=#29 failed. Corresponding entry not found.
2021-08-10 12:16:28,631 [EventQueue-DeleteBlockStatusForDeletedBlockLogImpl] DEBUG block.DeletedBlockLogImpl (DeletedBlockLogImpl.java:isTransactionFailed(278)) - Got block deletion ACK from datanode, TXIDs=30, success=true
2021-08-10 12:16:28,631 [EventQueue-DeleteBlockStatusForDeletedBlockLogImpl] DEBUG block.DeletedBlockLogImpl (DeletedBlockLogImpl.java:commitTransactions(224)) - Transaction txId=30 commit by dnId=ad4991cb-97ce-4dd6-b117-42e7f6b0816f for containerID=#30 failed. Corresponding entry not found.
2021-08-10 12:16:28,631 [EventQueue-DeleteBlockStatusForDeletedBlockLogImpl] DEBUG block.DeletedBlockLogImpl (DeletedBlockLogImpl.java:isTransactionFailed(278)) - Got block deletion ACK from datanode, TXIDs=31, success=true
2021-08-10 12:16:28,631 [EventQueue-DeleteBlockStatusForDeletedBlockLogImpl] DEBUG block.DeletedBlockLogImpl (DeletedBlockLogImpl.java:commitTransactions(224)) - Transaction txId=31 commit by dnId=ad4991cb-97ce-4dd6-b117-42e7f6b0816f for containerID=#31 failed. Corresponding entry not found.
2021-08-10 12:16:28,631 [EventQueue-DeleteBlockStatusForDeletedBlockLogImpl] DEBUG block.DeletedBlockLogImpl (DeletedBlockLogImpl.java:isTransactionFailed(278)) - Got block deletion ACK from datanode, TXIDs=32, success=true
2021-08-10 12:16:28,631 [EventQueue-DeleteBlockStatusForDeletedBlockLogImpl] DEBUG block.DeletedBlockLogImpl (DeletedBlockLogImpl.java:commitTransactions(224)) - Transaction txId=32 commit by dnId=ad4991cb-97ce-4dd6-b117-42e7f6b0816f for containerID=#32 failed. Corresponding entry not found.
2021-08-10 12:16:28,631 [EventQueue-DeleteBlockStatusForDeletedBlockLogImpl] DEBUG block.DeletedBlockLogImpl (DeletedBlockLogImpl.java:isTransactionFailed(278)) - Got block deletion ACK from datanode, TXIDs=33, success=true
2021-08-10 12:16:28,631 [EventQueue-DeleteBlockStatusForDeletedBlockLogImpl] DEBUG block.DeletedBlockLogImpl (DeletedBlockLogImpl.java:commitTransactions(224)) - Transaction txId=33 commit by dnId=ad4991cb-97ce-4dd6-b117-42e7f6b0816f for containerID=#33 failed. Corresponding entry not found.
2021-08-10 12:16:28,631 [EventQueue-DeleteBlockStatusForDeletedBlockLogImpl] DEBUG block.DeletedBlockLogImpl (DeletedBlockLogImpl.java:isTransactionFailed(278)) - Got block deletion ACK from datanode, TXIDs=34, success=true
2021-08-10 12:16:28,631 [EventQueue-DeleteBlockStatusForDeletedBlockLogImpl] DEBUG block.DeletedBlockLogImpl (DeletedBlockLogImpl.java:commitTransactions(224)) - Transaction txId=34 commit by dnId=ad4991cb-97ce-4dd6-b117-42e7f6b0816f for containerID=#34 failed. Corresponding entry not found.
2021-08-10 12:16:28,631 [EventQueue-DeleteBlockStatusForDeletedBlockLogImpl] DEBUG block.DeletedBlockLogImpl (DeletedBlockLogImpl.java:isTransactionFailed(278)) - Got block deletion ACK from datanode, TXIDs=35, success=true
2021-08-10 12:16:28,632 [EventQueue-DeleteBlockStatusForDeletedBlockLogImpl] DEBUG block.DeletedBlockLogImpl (DeletedBlockLogImpl.java:commitTransactions(224)) - Transaction txId=35 commit by dnId=ad4991cb-97ce-4dd6-b117-42e7f6b0816f for containerID=#35 failed. Corresponding entry not found.
2021-08-10 12:16:28,632 [EventQueue-DeleteBlockStatusForDeletedBlockLogImpl] DEBUG block.DeletedBlockLogImpl (DeletedBlockLogImpl.java:isTransactionFailed(278)) - Got block deletion ACK from datanode, TXIDs=36, success=true
2021-08-10 12:16:28,632 [EventQueue-DeleteBlockStatusForDeletedBlockLogImpl] DEBUG block.DeletedBlockLogImpl (DeletedBlockLogImpl.java:commitTransactions(224)) - Transaction txId=36 commit by dnId=ad4991cb-97ce-4dd6-b117-42e7f6b0816f for containerID=#36 failed. Corresponding entry not found.
2021-08-10 12:16:28,632 [EventQueue-DeleteBlockStatusForDeletedBlockLogImpl] DEBUG block.DeletedBlockLogImpl (DeletedBlockLogImpl.java:isTransactionFailed(278)) - Got block deletion ACK from datanode, TXIDs=37, success=true
2021-08-10 12:16:28,632 [EventQueue-DeleteBlockStatusForDeletedBlockLogImpl] DEBUG block.DeletedBlockLogImpl (DeletedBlockLogImpl.java:commitTransactions(224)) - Transaction txId=37 commit by dnId=ad4991cb-97ce-4dd6-b117-42e7f6b0816f for containerID=#37 failed. Corresponding entry not found.
2021-08-10 12:16:28,632 [EventQueue-DeleteBlockStatusForDeletedBlockLogImpl] DEBUG block.DeletedBlockLogImpl (DeletedBlockLogImpl.java:isTransactionFailed(278)) - Got block deletion ACK from datanode, TXIDs=38, success=true
2021-08-10 12:16:28,632 [EventQueue-DeleteBlockStatusForDeletedBlockLogImpl] DEBUG block.DeletedBlockLogImpl (DeletedBlockLogImpl.java:commitTransactions(224)) - Transaction txId=38 commit by dnId=ad4991cb-97ce-4dd6-b117-42e7f6b0816f for containerID=#38 failed. Corresponding entry not found.
2021-08-10 12:16:28,632 [EventQueue-DeleteBlockStatusForDeletedBlockLogImpl] DEBUG block.DeletedBlockLogImpl (DeletedBlockLogImpl.java:isTransactionFailed(278)) - Got block deletion ACK from datanode, TXIDs=39, success=true
2021-08-10 12:16:28,632 [EventQueue-DeleteBlockStatusForDeletedBlockLogImpl] DEBUG block.DeletedBlockLogImpl (DeletedBlockLogImpl.java:commitTransactions(224)) - Transaction txId=39 commit by dnId=ad4991cb-97ce-4dd6-b117-42e7f6b0816f for containerID=#39 failed. Corresponding entry not found.
2021-08-10 12:16:28,632 [EventQueue-DeleteBlockStatusForDeletedBlockLogImpl] DEBUG block.DeletedBlockLogImpl (DeletedBlockLogImpl.java:isTransactionFailed(278)) - Got block deletion ACK from datanode, TXIDs=40, success=true
2021-08-10 12:16:28,632 [EventQueue-DeleteBlockStatusForDeletedBlockLogImpl] DEBUG block.DeletedBlockLogImpl (DeletedBlockLogImpl.java:commitTransactions(224)) - Transaction txId=40 commit by dnId=ad4991cb-97ce-4dd6-b117-42e7f6b0816f for containerID=#40 failed. Corresponding entry not found.
2021-08-10 12:16:28,632 [EventQueue-DeleteBlockStatusForDeletedBlockLogImpl] DEBUG block.DeletedBlockLogImpl (DeletedBlockLogImpl.java:isTransactionFailed(278)) - Got block deletion ACK from datanode, TXIDs=41, success=true
2021-08-10 12:16:28,632 [EventQueue-DeleteBlockStatusForDeletedBlockLogImpl] DEBUG block.DeletedBlockLogImpl (DeletedBlockLogImpl.java:commitTransactions(224)) - Transaction txId=41 commit by dnId=ad4991cb-97ce-4dd6-b117-42e7f6b0816f for containerID=#41 failed. Corresponding entry not found.
2021-08-10 12:16:28,632 [EventQueue-DeleteBlockStatusForDeletedBlockLogImpl] DEBUG block.DeletedBlockLogImpl (DeletedBlockLogImpl.java:isTransactionFailed(278)) - Got block deletion ACK from datanode, TXIDs=42, success=true
2021-08-10 12:16:28,632 [EventQueue-DeleteBlockStatusForDeletedBlockLogImpl] DEBUG block.DeletedBlockLogImpl (DeletedBlockLogImpl.java:commitTransactions(224)) - Transaction txId=42 commit by dnId=ad4991cb-97ce-4dd6-b117-42e7f6b0816f for containerID=#42 failed. Corresponding entry not found.
2021-08-10 12:16:28,632 [EventQueue-DeleteBlockStatusForDeletedBlockLogImpl] DEBUG block.DeletedBlockLogImpl (DeletedBlockLogImpl.java:isTransactionFailed(278)) - Got block deletion ACK from datanode, TXIDs=43, success=true
2021-08-10 12:16:28,632 [EventQueue-DeleteBlockStatusForDeletedBlockLogImpl] DEBUG block.DeletedBlockLogImpl (DeletedBlockLogImpl.java:commitTransactions(224)) - Transaction txId=43 commit by dnId=ad4991cb-97ce-4dd6-b117-42e7f6b0816f for containerID=#43 failed. Corresponding entry not found.
2021-08-10 12:16:28,632 [EventQueue-DeleteBlockStatusForDeletedBlockLogImpl] DEBUG block.DeletedBlockLogImpl (DeletedBlockLogImpl.java:isTransactionFailed(278)) - Got block deletion ACK from datanode, TXIDs=44, success=true
2021-08-10 12:16:28,632 [EventQueue-DeleteBlockStatusForDeletedBlockLogImpl] DEBUG block.DeletedBlockLogImpl (DeletedBlockLogImpl.java:commitTransactions(224)) - Transaction txId=44 commit by dnId=ad4991cb-97ce-4dd6-b117-42e7f6b0816f for containerID=#44 failed. Corresponding entry not found.
2021-08-10 12:16:28,632 [EventQueue-DeleteBlockStatusForDeletedBlockLogImpl] DEBUG block.DeletedBlockLogImpl (DeletedBlockLogImpl.java:isTransactionFailed(278)) - Got block deletion ACK from datanode, TXIDs=45, success=true
2021-08-10 12:16:28,632 [EventQueue-DeleteBlockStatusForDeletedBlockLogImpl] DEBUG block.DeletedBlockLogImpl (DeletedBlockLogImpl.java:commitTransactions(224)) - Transaction txId=45 commit by dnId=ad4991cb-97ce-4dd6-b117-42e7f6b0816f for containerID=#45 failed. Corresponding entry not found.
2021-08-10 12:16:28,632 [EventQueue-DeleteBlockStatusForDeletedBlockLogImpl] DEBUG block.DeletedBlockLogImpl (DeletedBlockLogImpl.java:isTransactionFailed(278)) - Got block deletion ACK from datanode, TXIDs=46, success=true
2021-08-10 12:16:28,632 [EventQueue-DeleteBlockStatusForDeletedBlockLogImpl] DEBUG block.DeletedBlockLogImpl (DeletedBlockLogImpl.java:commitTransactions(224)) - Transaction txId=46 commit by dnId=ad4991cb-97ce-4dd6-b117-42e7f6b0816f for containerID=#46 failed. Corresponding entry not found.
2021-08-10 12:16:28,632 [EventQueue-DeleteBlockStatusForDeletedBlockLogImpl] DEBUG block.DeletedBlockLogImpl (DeletedBlockLogImpl.java:isTransactionFailed(278)) - Got block deletion ACK from datanode, TXIDs=47, success=true
2021-08-10 12:16:28,632 [EventQueue-DeleteBlockStatusForDeletedBlockLogImpl] DEBUG block.DeletedBlockLogImpl (DeletedBlockLogImpl.java:commitTransactions(224)) - Transaction txId=47 commit by dnId=ad4991cb-97ce-4dd6-b117-42e7f6b0816f for containerID=#47 failed. Corresponding entry not found.
2021-08-10 12:16:28,632 [EventQueue-DeleteBlockStatusForDeletedBlockLogImpl] DEBUG block.DeletedBlockLogImpl (DeletedBlockLogImpl.java:isTransactionFailed(278)) - Got block deletion ACK from datanode, TXIDs=48, success=true
2021-08-10 12:16:28,632 [EventQueue-DeleteBlockStatusForDeletedBlockLogImpl] DEBUG block.DeletedBlockLogImpl (DeletedBlockLogImpl.java:commitTransactions(224)) - Transaction txId=48 commit by dnId=ad4991cb-97ce-4dd6-b117-42e7f6b0816f for containerID=#48 failed. Corresponding entry not found.
2021-08-10 12:16:28,632 [EventQueue-DeleteBlockStatusForDeletedBlockLogImpl] DEBUG block.DeletedBlockLogImpl (DeletedBlockLogImpl.java:isTransactionFailed(278)) - Got block deletion ACK from datanode, TXIDs=49, success=true
2021-08-10 12:16:28,632 [EventQueue-DeleteBlockStatusForDeletedBlockLogImpl] DEBUG block.DeletedBlockLogImpl (DeletedBlockLogImpl.java:commitTransactions(224)) - Transaction txId=49 commit by dnId=ad4991cb-97ce-4dd6-b117-42e7f6b0816f for containerID=#49 failed. Corresponding entry not found.
2021-08-10 12:16:28,632 [EventQueue-DeleteBlockStatusForDeletedBlockLogImpl] DEBUG block.DeletedBlockLogImpl (DeletedBlockLogImpl.java:isTransactionFailed(278)) - Got block deletion ACK from datanode, TXIDs=50, success=true
2021-08-10 12:16:28,632 [EventQueue-DeleteBlockStatusForDeletedBlockLogImpl] DEBUG block.DeletedBlockLogImpl (DeletedBlockLogImpl.java:commitTransactions(224)) - Transaction txId=50 commit by dnId=ad4991cb-97ce-4dd6-b117-42e7f6b0816f for containerID=#50 failed. Corresponding entry not found.
2021-08-10 12:16:28,632 [EventQueue-DeleteBlockStatusForDeletedBlockLogImpl] DEBUG block.DeletedBlockLogImpl (DeletedBlockLogImpl.java:isTransactionFailed(278)) - Got block deletion ACK from datanode, TXIDs=51, success=true
2021-08-10 12:16:28,632 [EventQueue-DeleteBlockStatusForDeletedBlockLogImpl] DEBUG block.DeletedBlockLogImpl (DeletedBlockLogImpl.java:commitTransactions(224)) - Transaction txId=51 commit by dnId=ad4991cb-97ce-4dd6-b117-42e7f6b0816f for containerID=#51 failed. Corresponding entry not found.
2021-08-10 12:16:28,632 [EventQueue-DeleteBlockStatusForDeletedBlockLogImpl] DEBUG block.DeletedBlockLogImpl (DeletedBlockLogImpl.java:isTransactionFailed(278)) - Got block deletion ACK from datanode, TXIDs=52, success=true
2021-08-10 12:16:28,632 [EventQueue-DeleteBlockStatusForDeletedBlockLogImpl] DEBUG block.DeletedBlockLogImpl (DeletedBlockLogImpl.java:commitTransactions(224)) - Transaction txId=52 commit by dnId=ad4991cb-97ce-4dd6-b117-42e7f6b0816f for containerID=#52 failed. Corresponding entry not found.
2021-08-10 12:16:28,632 [EventQueue-DeleteBlockStatusForDeletedBlockLogImpl] DEBUG block.DeletedBlockLogImpl (DeletedBlockLogImpl.java:isTransactionFailed(278)) - Got block deletion ACK from datanode, TXIDs=53, success=true
2021-08-10 12:16:28,632 [EventQueue-DeleteBlockStatusForDeletedBlockLogImpl] DEBUG block.DeletedBlockLogImpl (DeletedBlockLogImpl.java:commitTransactions(224)) - Transaction txId=53 commit by dnId=ad4991cb-97ce-4dd6-b117-42e7f6b0816f for containerID=#53 failed. Corresponding entry not found.
2021-08-10 12:16:28,632 [EventQueue-DeleteBlockStatusForDeletedBlockLogImpl] DEBUG block.DeletedBlockLogImpl (DeletedBlockLogImpl.java:isTransactionFailed(278)) - Got block deletion ACK from datanode, TXIDs=54, success=true
2021-08-10 12:16:28,632 [EventQueue-DeleteBlockStatusForDeletedBlockLogImpl] DEBUG block.DeletedBlockLogImpl (DeletedBlockLogImpl.java:commitTransactions(224)) - Transaction txId=54 commit by dnId=ad4991cb-97ce-4dd6-b117-42e7f6b0816f for containerID=#54 failed. Corresponding entry not found.
2021-08-10 12:16:28,632 [EventQueue-DeleteBlockStatusForDeletedBlockLogImpl] DEBUG block.DeletedBlockLogImpl (DeletedBlockLogImpl.java:isTransactionFailed(278)) - Got block deletion ACK from datanode, TXIDs=55, success=true
2021-08-10 12:16:28,632 [EventQueue-DeleteBlockStatusForDeletedBlockLogImpl] DEBUG block.DeletedBlockLogImpl (DeletedBlockLogImpl.java:commitTransactions(224)) - Transaction txId=55 commit by dnId=ad4991cb-97ce-4dd6-b117-42e7f6b0816f for containerID=#55 failed. Corresponding entry not found.
2021-08-10 12:16:28,632 [EventQueue-DeleteBlockStatusForDeletedBlockLogImpl] DEBUG block.DeletedBlockLogImpl (DeletedBlockLogImpl.java:isTransactionFailed(278)) - Got block deletion ACK from datanode, TXIDs=56, success=true
2021-08-10 12:16:28,632 [EventQueue-DeleteBlockStatusForDeletedBlockLogImpl] DEBUG block.DeletedBlockLogImpl (DeletedBlockLogImpl.java:commitTransactions(224)) - Transaction txId=56 commit by dnId=ad4991cb-97ce-4dd6-b117-42e7f6b0816f for containerID=#56 failed. Corresponding entry not found.
2021-08-10 12:16:28,632 [EventQueue-DeleteBlockStatusForDeletedBlockLogImpl] DEBUG block.DeletedBlockLogImpl (DeletedBlockLogImpl.java:isTransactionFailed(278)) - Got block deletion ACK from datanode, TXIDs=1, success=true
2021-08-10 12:16:28,632 [EventQueue-DeleteBlockStatusForDeletedBlockLogImpl] DEBUG block.DeletedBlockLogImpl (DeletedBlockLogImpl.java:commitTransactions(224)) - Transaction txId=1 commit by dnId=ad4991cb-97ce-4dd6-b117-42e7f6b0816f for containerID=#1 failed. Corresponding entry not found.
2021-08-10 12:16:28,632 [EventQueue-DeleteBlockStatusForDeletedBlockLogImpl] DEBUG block.DeletedBlockLogImpl (DeletedBlockLogImpl.java:isTransactionFailed(278)) - Got block deletion ACK from datanode, TXIDs=2, success=true
2021-08-10 12:16:28,632 [EventQueue-DeleteBlockStatusForDeletedBlockLogImpl] DEBUG block.DeletedBlockLogImpl (DeletedBlockLogImpl.java:commitTransactions(224)) - Transaction txId=2 commit by dnId=ad4991cb-97ce-4dd6-b117-42e7f6b0816f for containerID=#2 failed. Corresponding entry not found.
2021-08-10 12:16:28,632 [EventQueue-DeleteBlockStatusForDeletedBlockLogImpl] DEBUG block.DeletedBlockLogImpl (DeletedBlockLogImpl.java:isTransactionFailed(278)) - Got block deletion ACK from datanode, TXIDs=3, success=true
2021-08-10 12:16:28,632 [EventQueue-DeleteBlockStatusForDeletedBlockLogImpl] DEBUG block.DeletedBlockLogImpl (DeletedBlockLogImpl.java:commitTransactions(224)) - Transaction txId=3 commit by dnId=ad4991cb-97ce-4dd6-b117-42e7f6b0816f for containerID=#3 failed. Corresponding entry not found.
2021-08-10 12:16:28,632 [EventQueue-DeleteBlockStatusForDeletedBlockLogImpl] DEBUG block.DeletedBlockLogImpl (DeletedBlockLogImpl.java:isTransactionFailed(278)) - Got block deletion ACK from datanode, TXIDs=4, success=true
2021-08-10 12:16:28,632 [EventQueue-DeleteBlockStatusForDeletedBlockLogImpl] DEBUG block.DeletedBlockLogImpl (DeletedBlockLogImpl.java:commitTransactions(224)) - Transaction txId=4 commit by dnId=ad4991cb-97ce-4dd6-b117-42e7f6b0816f for containerID=#4 failed. Corresponding entry not found.
2021-08-10 12:16:28,632 [EventQueue-DeleteBlockStatusForDeletedBlockLogImpl] DEBUG block.DeletedBlockLogImpl (DeletedBlockLogImpl.java:isTransactionFailed(278)) - Got block deletion ACK from datanode, TXIDs=5, success=true
2021-08-10 12:16:28,633 [EventQueue-DeleteBlockStatusForDeletedBlockLogImpl] DEBUG block.DeletedBlockLogImpl (DeletedBlockLogImpl.java:commitTransactions(224)) - Transaction txId=5 commit by dnId=ad4991cb-97ce-4dd6-b117-42e7f6b0816f for containerID=#5 failed. Corresponding entry not found.
2021-08-10 12:16:28,633 [EventQueue-DeleteBlockStatusForDeletedBlockLogImpl] DEBUG block.DeletedBlockLogImpl (DeletedBlockLogImpl.java:isTransactionFailed(278)) - Got block deletion ACK from datanode, TXIDs=6, success=true
2021-08-10 12:16:28,633 [EventQueue-DeleteBlockStatusForDeletedBlockLogImpl] DEBUG block.DeletedBlockLogImpl (DeletedBlockLogImpl.java:commitTransactions(224)) - Transaction txId=6 commit by dnId=ad4991cb-97ce-4dd6-b117-42e7f6b0816f for containerID=#6 failed. Corresponding entry not found.
2021-08-10 12:16:28,633 [EventQueue-DeleteBlockStatusForDeletedBlockLogImpl] DEBUG block.DeletedBlockLogImpl (DeletedBlockLogImpl.java:isTransactionFailed(278)) - Got block deletion ACK from datanode, TXIDs=7, success=true
2021-08-10 12:16:28,633 [EventQueue-DeleteBlockStatusForDeletedBlockLogImpl] DEBUG block.DeletedBlockLogImpl (DeletedBlockLogImpl.java:commitTransactions(224)) - Transaction txId=7 commit by dnId=ad4991cb-97ce-4dd6-b117-42e7f6b0816f for containerID=#7 failed. Corresponding entry not found.
2021-08-10 12:16:28,633 [EventQueue-DeleteBlockStatusForDeletedBlockLogImpl] DEBUG block.DeletedBlockLogImpl (DeletedBlockLogImpl.java:isTransactionFailed(278)) - Got block deletion ACK from datanode, TXIDs=8, success=true
2021-08-10 12:16:28,633 [EventQueue-DeleteBlockStatusForDeletedBlockLogImpl] DEBUG block.DeletedBlockLogImpl (DeletedBlockLogImpl.java:commitTransactions(224)) - Transaction txId=8 commit by dnId=ad4991cb-97ce-4dd6-b117-42e7f6b0816f for containerID=#8 failed. Corresponding entry not found.
2021-08-10 12:16:28,633 [EventQueue-DeleteBlockStatusForDeletedBlockLogImpl] DEBUG block.DeletedBlockLogImpl (DeletedBlockLogImpl.java:isTransactionFailed(278)) - Got block deletion ACK from datanode, TXIDs=9, success=true
2021-08-10 12:16:28,633 [EventQueue-DeleteBlockStatusForDeletedBlockLogImpl] DEBUG block.DeletedBlockLogImpl (DeletedBlockLogImpl.java:commitTransactions(224)) - Transaction txId=9 commit by dnId=ad4991cb-97ce-4dd6-b117-42e7f6b0816f for containerID=#9 failed. Corresponding entry not found.
2021-08-10 12:16:28,633 [EventQueue-DeleteBlockStatusForDeletedBlockLogImpl] DEBUG block.DeletedBlockLogImpl (DeletedBlockLogImpl.java:isTransactionFailed(278)) - Got block deletion ACK from datanode, TXIDs=10, success=true
2021-08-10 12:16:28,633 [EventQueue-DeleteBlockStatusForDeletedBlockLogImpl] DEBUG block.DeletedBlockLogImpl (DeletedBlockLogImpl.java:commitTransactions(224)) - Transaction txId=10 commit by dnId=ad4991cb-97ce-4dd6-b117-42e7f6b0816f for containerID=#10 failed. Corresponding entry not found.
2021-08-10 12:16:28,633 [EventQueue-DeleteBlockStatusForDeletedBlockLogImpl] DEBUG block.DeletedBlockLogImpl (DeletedBlockLogImpl.java:isTransactionFailed(278)) - Got block deletion ACK from datanode, TXIDs=11, success=true
2021-08-10 12:16:28,633 [EventQueue-DeleteBlockStatusForDeletedBlockLogImpl] DEBUG block.DeletedBlockLogImpl (DeletedBlockLogImpl.java:commitTransactions(224)) - Transaction txId=11 commit by dnId=ad4991cb-97ce-4dd6-b117-42e7f6b0816f for containerID=#11 failed. Corresponding entry not found.
2021-08-10 12:16:28,633 [EventQueue-DeleteBlockStatusForDeletedBlockLogImpl] DEBUG block.DeletedBlockLogImpl (DeletedBlockLogImpl.java:isTransactionFailed(278)) - Got block deletion ACK from datanode, TXIDs=12, success=true
2021-08-10 12:16:28,633 [EventQueue-DeleteBlockStatusForDeletedBlockLogImpl] DEBUG block.DeletedBlockLogImpl (DeletedBlockLogImpl.java:commitTransactions(224)) - Transaction txId=12 commit by dnId=ad4991cb-97ce-4dd6-b117-42e7f6b0816f for containerID=#12 failed. Corresponding entry not found.
2021-08-10 12:16:28,633 [EventQueue-DeleteBlockStatusForDeletedBlockLogImpl] DEBUG block.DeletedBlockLogImpl (DeletedBlockLogImpl.java:isTransactionFailed(278)) - Got block deletion ACK from datanode, TXIDs=13, success=true
2021-08-10 12:16:28,633 [EventQueue-DeleteBlockStatusForDeletedBlockLogImpl] DEBUG block.DeletedBlockLogImpl (DeletedBlockLogImpl.java:commitTransactions(224)) - Transaction txId=13 commit by dnId=ad4991cb-97ce-4dd6-b117-42e7f6b0816f for containerID=#13 failed. Corresponding entry not found.
2021-08-10 12:16:28,633 [EventQueue-DeleteBlockStatusForDeletedBlockLogImpl] DEBUG block.DeletedBlockLogImpl (DeletedBlockLogImpl.java:isTransactionFailed(278)) - Got block deletion ACK from datanode, TXIDs=14, success=true
2021-08-10 12:16:28,633 [EventQueue-DeleteBlockStatusForDeletedBlockLogImpl] DEBUG block.DeletedBlockLogImpl (DeletedBlockLogImpl.java:commitTransactions(224)) - Transaction txId=14 commit by dnId=ad4991cb-97ce-4dd6-b117-42e7f6b0816f for containerID=#14 failed. Corresponding entry not found.
2021-08-10 12:16:28,633 [EventQueue-DeleteBlockStatusForDeletedBlockLogImpl] DEBUG block.DeletedBlockLogImpl (DeletedBlockLogImpl.java:isTransactionFailed(278)) - Got block deletion ACK from datanode, TXIDs=15, success=true
2021-08-10 12:16:28,633 [EventQueue-DeleteBlockStatusForDeletedBlockLogImpl] DEBUG block.DeletedBlockLogImpl (DeletedBlockLogImpl.java:commitTransactions(224)) - Transaction txId=15 commit by dnId=ad4991cb-97ce-4dd6-b117-42e7f6b0816f for containerID=#15 failed. Corresponding entry not found.
2021-08-10 12:16:28,633 [EventQueue-DeleteBlockStatusForDeletedBlockLogImpl] DEBUG block.DeletedBlockLogImpl (DeletedBlockLogImpl.java:isTransactionFailed(278)) - Got block deletion ACK from datanode, TXIDs=16, success=true
2021-08-10 12:16:28,633 [EventQueue-DeleteBlockStatusForDeletedBlockLogImpl] DEBUG block.DeletedBlockLogImpl (DeletedBlockLogImpl.java:commitTransactions(224)) - Transaction txId=16 commit by dnId=ad4991cb-97ce-4dd6-b117-42e7f6b0816f for containerID=#16 failed. Corresponding entry not found.
2021-08-10 12:16:28,633 [EventQueue-DeleteBlockStatusForDeletedBlockLogImpl] DEBUG block.DeletedBlockLogImpl (DeletedBlockLogImpl.java:isTransactionFailed(278)) - Got block deletion ACK from datanode, TXIDs=17, success=true
2021-08-10 12:16:28,633 [EventQueue-DeleteBlockStatusForDeletedBlockLogImpl] DEBUG block.DeletedBlockLogImpl (DeletedBlockLogImpl.java:commitTransactions(224)) - Transaction txId=17 commit by dnId=ad4991cb-97ce-4dd6-b117-42e7f6b0816f for containerID=#17 failed. Corresponding entry not found.
2021-08-10 12:16:28,633 [EventQueue-DeleteBlockStatusForDeletedBlockLogImpl] DEBUG block.DeletedBlockLogImpl (DeletedBlockLogImpl.java:isTransactionFailed(278)) - Got block deletion ACK from datanode, TXIDs=18, success=true
2021-08-10 12:16:28,633 [EventQueue-DeleteBlockStatusForDeletedBlockLogImpl] DEBUG block.DeletedBlockLogImpl (DeletedBlockLogImpl.java:commitTransactions(224)) - Transaction txId=18 commit by dnId=ad4991cb-97ce-4dd6-b117-42e7f6b0816f for containerID=#18 failed. Corresponding entry not found.
2021-08-10 12:16:28,633 [EventQueue-DeleteBlockStatusForDeletedBlockLogImpl] DEBUG block.DeletedBlockLogImpl (DeletedBlockLogImpl.java:isTransactionFailed(278)) - Got block deletion ACK from datanode, TXIDs=19, success=true
2021-08-10 12:16:28,633 [EventQueue-DeleteBlockStatusForDeletedBlockLogImpl] DEBUG block.DeletedBlockLogImpl (DeletedBlockLogImpl.java:commitTransactions(224)) - Transaction txId=19 commit by dnId=ad4991cb-97ce-4dd6-b117-42e7f6b0816f for containerID=#19 failed. Corresponding entry not found.
2021-08-10 12:16:28,633 [EventQueue-DeleteBlockStatusForDeletedBlockLogImpl] DEBUG block.DeletedBlockLogImpl (DeletedBlockLogImpl.java:isTransactionFailed(278)) - Got block deletion ACK from datanode, TXIDs=20, success=true
2021-08-10 12:16:28,633 [EventQueue-DeleteBlockStatusForDeletedBlockLogImpl] DEBUG block.DeletedBlockLogImpl (DeletedBlockLogImpl.java:commitTransactions(224)) - Transaction txId=20 commit by dnId=ad4991cb-97ce-4dd6-b117-42e7f6b0816f for containerID=#20 failed. Corresponding entry not found.
2021-08-10 12:16:28,633 [EventQueue-DeleteBlockStatusForDeletedBlockLogImpl] DEBUG block.DeletedBlockLogImpl (DeletedBlockLogImpl.java:isTransactionFailed(278)) - Got block deletion ACK from datanode, TXIDs=21, success=true
2021-08-10 12:16:28,633 [EventQueue-DeleteBlockStatusForDeletedBlockLogImpl] DEBUG block.DeletedBlockLogImpl (DeletedBlockLogImpl.java:commitTransactions(224)) - Transaction txId=21 commit by dnId=ad4991cb-97ce-4dd6-b117-42e7f6b0816f for containerID=#21 failed. Corresponding entry not found.
2021-08-10 12:16:28,633 [EventQueue-DeleteBlockStatusForDeletedBlockLogImpl] DEBUG block.DeletedBlockLogImpl (DeletedBlockLogImpl.java:isTransactionFailed(278)) - Got block deletion ACK from datanode, TXIDs=22, success=true
2021-08-10 12:16:28,633 [EventQueue-DeleteBlockStatusForDeletedBlockLogImpl] DEBUG block.DeletedBlockLogImpl (DeletedBlockLogImpl.java:commitTransactions(224)) - Transaction txId=22 commit by dnId=ad4991cb-97ce-4dd6-b117-42e7f6b0816f for containerID=#22 failed. Corresponding entry not found.
2021-08-10 12:16:28,633 [EventQueue-DeleteBlockStatusForDeletedBlockLogImpl] DEBUG block.DeletedBlockLogImpl (DeletedBlockLogImpl.java:isTransactionFailed(278)) - Got block deletion ACK from datanode, TXIDs=23, success=true
2021-08-10 12:16:28,633 [EventQueue-DeleteBlockStatusForDeletedBlockLogImpl] DEBUG block.DeletedBlockLogImpl (DeletedBlockLogImpl.java:commitTransactions(224)) - Transaction txId=23 commit by dnId=ad4991cb-97ce-4dd6-b117-42e7f6b0816f for containerID=#23 failed. Corresponding entry not found.
2021-08-10 12:16:28,633 [EventQueue-DeleteBlockStatusForDeletedBlockLogImpl] DEBUG block.DeletedBlockLogImpl (DeletedBlockLogImpl.java:isTransactionFailed(278)) - Got block deletion ACK from datanode, TXIDs=24, success=true
2021-08-10 12:16:28,633 [EventQueue-DeleteBlockStatusForDeletedBlockLogImpl] DEBUG block.DeletedBlockLogImpl (DeletedBlockLogImpl.java:commitTransactions(224)) - Transaction txId=24 commit by dnId=ad4991cb-97ce-4dd6-b117-42e7f6b0816f for containerID=#24 failed. Corresponding entry not found.
2021-08-10 12:16:28,633 [EventQueue-DeleteBlockStatusForDeletedBlockLogImpl] DEBUG block.DeletedBlockLogImpl (DeletedBlockLogImpl.java:isTransactionFailed(278)) - Got block deletion ACK from datanode, TXIDs=25, success=true
2021-08-10 12:16:28,633 [EventQueue-DeleteBlockStatusForDeletedBlockLogImpl] DEBUG block.DeletedBlockLogImpl (DeletedBlockLogImpl.java:commitTransactions(224)) - Transaction txId=25 commit by dnId=ad4991cb-97ce-4dd6-b117-42e7f6b0816f for containerID=#25 failed. Corresponding entry not found.
2021-08-10 12:16:28,633 [EventQueue-DeleteBlockStatusForDeletedBlockLogImpl] DEBUG block.DeletedBlockLogImpl (DeletedBlockLogImpl.java:isTransactionFailed(278)) - Got block deletion ACK from datanode, TXIDs=26, success=true
2021-08-10 12:16:28,633 [EventQueue-DeleteBlockStatusForDeletedBlockLogImpl] DEBUG block.DeletedBlockLogImpl (DeletedBlockLogImpl.java:commitTransactions(224)) - Transaction txId=26 commit by dnId=ad4991cb-97ce-4dd6-b117-42e7f6b0816f for containerID=#26 failed. Corresponding entry not found.
2021-08-10 12:16:28,633 [EventQueue-DeleteBlockStatusForDeletedBlockLogImpl] DEBUG block.DeletedBlockLogImpl (DeletedBlockLogImpl.java:isTransactionFailed(278)) - Got block deletion ACK from datanode, TXIDs=27, success=true
2021-08-10 12:16:28,633 [EventQueue-DeleteBlockStatusForDeletedBlockLogImpl] DEBUG block.DeletedBlockLogImpl (DeletedBlockLogImpl.java:commitTransactions(224)) - Transaction txId=27 commit by dnId=ad4991cb-97ce-4dd6-b117-42e7f6b0816f for containerID=#27 failed. Corresponding entry not found.
2021-08-10 12:16:28,633 [EventQueue-DeleteBlockStatusForDeletedBlockLogImpl] DEBUG block.DeletedBlockLogImpl (DeletedBlockLogImpl.java:isTransactionFailed(278)) - Got block deletion ACK from datanode, TXIDs=28, success=true
2021-08-10 12:16:28,633 [EventQueue-DeleteBlockStatusForDeletedBlockLogImpl] DEBUG block.DeletedBlockLogImpl (DeletedBlockLogImpl.java:commitTransactions(224)) - Transaction txId=28 commit by dnId=ad4991cb-97ce-4dd6-b117-42e7f6b0816f for containerID=#28 failed. Corresponding entry not found.
2021-08-10 12:16:28,633 [EventQueue-DeleteBlockStatusForDeletedBlockLogImpl] DEBUG block.DeletedBlockLogImpl (DeletedBlockLogImpl.java:isTransactionFailed(278)) - Got block deletion ACK from datanode, TXIDs=29, success=true
2021-08-10 12:16:28,633 [EventQueue-DeleteBlockStatusForDeletedBlockLogImpl] DEBUG block.DeletedBlockLogImpl (DeletedBlockLogImpl.java:commitTransactions(224)) - Transaction txId=29 commit by dnId=ad4991cb-97ce-4dd6-b117-42e7f6b0816f for containerID=#29 failed. Corresponding entry not found.
2021-08-10 12:16:28,633 [EventQueue-DeleteBlockStatusForDeletedBlockLogImpl] DEBUG block.DeletedBlockLogImpl (DeletedBlockLogImpl.java:isTransactionFailed(278)) - Got block deletion ACK from datanode, TXIDs=30, success=true
2021-08-10 12:16:28,633 [EventQueue-DeleteBlockStatusForDeletedBlockLogImpl] DEBUG block.DeletedBlockLogImpl (DeletedBlockLogImpl.java:commitTransactions(224)) - Transaction txId=30 commit by dnId=ad4991cb-97ce-4dd6-b117-42e7f6b0816f for containerID=#30 failed. Corresponding entry not found.
2021-08-10 12:16:28,633 [EventQueue-DeleteBlockStatusForDeletedBlockLogImpl] DEBUG block.DeletedBlockLogImpl (DeletedBlockLogImpl.java:isTransactionFailed(278)) - Got block deletion ACK from datanode, TXIDs=31, success=true
2021-08-10 12:16:28,633 [EventQueue-DeleteBlockStatusForDeletedBlockLogImpl] DEBUG block.DeletedBlockLogImpl (DeletedBlockLogImpl.java:commitTransactions(224)) - Transaction txId=31 commit by dnId=ad4991cb-97ce-4dd6-b117-42e7f6b0816f for containerID=#31 failed. Corresponding entry not found.
2021-08-10 12:16:28,634 [EventQueue-DeleteBlockStatusForDeletedBlockLogImpl] DEBUG block.DeletedBlockLogImpl (DeletedBlockLogImpl.java:isTransactionFailed(278)) - Got block deletion ACK from datanode, TXIDs=32, success=true
2021-08-10 12:16:28,634 [EventQueue-DeleteBlockStatusForDeletedBlockLogImpl] DEBUG block.DeletedBlockLogImpl (DeletedBlockLogImpl.java:commitTransactions(224)) - Transaction txId=32 commit by dnId=ad4991cb-97ce-4dd6-b117-42e7f6b0816f for containerID=#32 failed. Corresponding entry not found.
2021-08-10 12:16:28,634 [EventQueue-DeleteBlockStatusForDeletedBlockLogImpl] DEBUG block.DeletedBlockLogImpl (DeletedBlockLogImpl.java:isTransactionFailed(278)) - Got block deletion ACK from datanode, TXIDs=33, success=true
2021-08-10 12:16:28,634 [EventQueue-DeleteBlockStatusForDeletedBlockLogImpl] DEBUG block.DeletedBlockLogImpl (DeletedBlockLogImpl.java:commitTransactions(224)) - Transaction txId=33 commit by dnId=ad4991cb-97ce-4dd6-b117-42e7f6b0816f for containerID=#33 failed. Corresponding entry not found.
2021-08-10 12:16:28,634 [EventQueue-DeleteBlockStatusForDeletedBlockLogImpl] DEBUG block.DeletedBlockLogImpl (DeletedBlockLogImpl.java:isTransactionFailed(278)) - Got block deletion ACK from datanode, TXIDs=34, success=true
2021-08-10 12:16:28,634 [EventQueue-DeleteBlockStatusForDeletedBlockLogImpl] DEBUG block.DeletedBlockLogImpl (DeletedBlockLogImpl.java:commitTransactions(224)) - Transaction txId=34 commit by dnId=ad4991cb-97ce-4dd6-b117-42e7f6b0816f for containerID=#34 failed. Corresponding entry not found.
2021-08-10 12:16:28,634 [EventQueue-DeleteBlockStatusForDeletedBlockLogImpl] DEBUG block.DeletedBlockLogImpl (DeletedBlockLogImpl.java:isTransactionFailed(278)) - Got block deletion ACK from datanode, TXIDs=35, success=true
2021-08-10 12:16:28,634 [EventQueue-DeleteBlockStatusForDeletedBlockLogImpl] DEBUG block.DeletedBlockLogImpl (DeletedBlockLogImpl.java:commitTransactions(224)) - Transaction txId=35 commit by dnId=ad4991cb-97ce-4dd6-b117-42e7f6b0816f for containerID=#35 failed. Corresponding entry not found.
2021-08-10 12:16:28,634 [EventQueue-DeleteBlockStatusForDeletedBlockLogImpl] DEBUG block.DeletedBlockLogImpl (DeletedBlockLogImpl.java:isTransactionFailed(278)) - Got block deletion ACK from datanode, TXIDs=36, success=true
2021-08-10 12:16:28,634 [EventQueue-DeleteBlockStatusForDeletedBlockLogImpl] DEBUG block.DeletedBlockLogImpl (DeletedBlockLogImpl.java:commitTransactions(224)) - Transaction txId=36 commit by dnId=ad4991cb-97ce-4dd6-b117-42e7f6b0816f for containerID=#36 failed. Corresponding entry not found.
2021-08-10 12:16:28,634 [EventQueue-DeleteBlockStatusForDeletedBlockLogImpl] DEBUG block.DeletedBlockLogImpl (DeletedBlockLogImpl.java:isTransactionFailed(278)) - Got block deletion ACK from datanode, TXIDs=37, success=true
2021-08-10 12:16:28,634 [EventQueue-DeleteBlockStatusForDeletedBlockLogImpl] DEBUG block.DeletedBlockLogImpl (DeletedBlockLogImpl.java:commitTransactions(224)) - Transaction txId=37 commit by dnId=ad4991cb-97ce-4dd6-b117-42e7f6b0816f for containerID=#37 failed. Corresponding entry not found.
2021-08-10 12:16:28,634 [EventQueue-DeleteBlockStatusForDeletedBlockLogImpl] DEBUG block.DeletedBlockLogImpl (DeletedBlockLogImpl.java:isTransactionFailed(278)) - Got block deletion ACK from datanode, TXIDs=38, success=true
2021-08-10 12:16:28,634 [EventQueue-DeleteBlockStatusForDeletedBlockLogImpl] DEBUG block.DeletedBlockLogImpl (DeletedBlockLogImpl.java:commitTransactions(224)) - Transaction txId=38 commit by dnId=ad4991cb-97ce-4dd6-b117-42e7f6b0816f for containerID=#38 failed. Corresponding entry not found.
2021-08-10 12:16:28,634 [EventQueue-DeleteBlockStatusForDeletedBlockLogImpl] DEBUG block.DeletedBlockLogImpl (DeletedBlockLogImpl.java:isTransactionFailed(278)) - Got block deletion ACK from datanode, TXIDs=39, success=true
2021-08-10 12:16:28,634 [EventQueue-DeleteBlockStatusForDeletedBlockLogImpl] DEBUG block.DeletedBlockLogImpl (DeletedBlockLogImpl.java:commitTransactions(224)) - Transaction txId=39 commit by dnId=ad4991cb-97ce-4dd6-b117-42e7f6b0816f for containerID=#39 failed. Corresponding entry not found.
2021-08-10 12:16:28,634 [EventQueue-DeleteBlockStatusForDeletedBlockLogImpl] DEBUG block.DeletedBlockLogImpl (DeletedBlockLogImpl.java:isTransactionFailed(278)) - Got block deletion ACK from datanode, TXIDs=40, success=true
2021-08-10 12:16:28,634 [EventQueue-DeleteBlockStatusForDeletedBlockLogImpl] DEBUG block.DeletedBlockLogImpl (DeletedBlockLogImpl.java:commitTransactions(224)) - Transaction txId=40 commit by dnId=ad4991cb-97ce-4dd6-b117-42e7f6b0816f for containerID=#40 failed. Corresponding entry not found.
2021-08-10 12:16:28,634 [EventQueue-DeleteBlockStatusForDeletedBlockLogImpl] DEBUG block.DeletedBlockLogImpl (DeletedBlockLogImpl.java:isTransactionFailed(278)) - Got block deletion ACK from datanode, TXIDs=41, success=true
2021-08-10 12:16:28,634 [EventQueue-DeleteBlockStatusForDeletedBlockLogImpl] DEBUG block.DeletedBlockLogImpl (DeletedBlockLogImpl.java:commitTransactions(224)) - Transaction txId=41 commit by dnId=ad4991cb-97ce-4dd6-b117-42e7f6b0816f for containerID=#41 failed. Corresponding entry not found.
2021-08-10 12:16:28,634 [EventQueue-DeleteBlockStatusForDeletedBlockLogImpl] DEBUG block.DeletedBlockLogImpl (DeletedBlockLogImpl.java:isTransactionFailed(278)) - Got block deletion ACK from datanode, TXIDs=42, success=true
2021-08-10 12:16:28,634 [EventQueue-DeleteBlockStatusForDeletedBlockLogImpl] DEBUG block.DeletedBlockLogImpl (DeletedBlockLogImpl.java:commitTransactions(224)) - Transaction txId=42 commit by dnId=ad4991cb-97ce-4dd6-b117-42e7f6b0816f for containerID=#42 failed. Corresponding entry not found.
2021-08-10 12:16:28,634 [EventQueue-DeleteBlockStatusForDeletedBlockLogImpl] DEBUG block.DeletedBlockLogImpl (DeletedBlockLogImpl.java:isTransactionFailed(278)) - Got block deletion ACK from datanode, TXIDs=43, success=true
2021-08-10 12:16:28,634 [EventQueue-DeleteBlockStatusForDeletedBlockLogImpl] DEBUG block.DeletedBlockLogImpl (DeletedBlockLogImpl.java:commitTransactions(224)) - Transaction txId=43 commit by dnId=ad4991cb-97ce-4dd6-b117-42e7f6b0816f for containerID=#43 failed. Corresponding entry not found.
2021-08-10 12:16:28,634 [EventQueue-DeleteBlockStatusForDeletedBlockLogImpl] DEBUG block.DeletedBlockLogImpl (DeletedBlockLogImpl.java:isTransactionFailed(278)) - Got block deletion ACK from datanode, TXIDs=44, success=true
2021-08-10 12:16:28,634 [EventQueue-DeleteBlockStatusForDeletedBlockLogImpl] DEBUG block.DeletedBlockLogImpl (DeletedBlockLogImpl.java:commitTransactions(224)) - Transaction txId=44 commit by dnId=ad4991cb-97ce-4dd6-b117-42e7f6b0816f for containerID=#44 failed. Corresponding entry not found.
2021-08-10 12:16:28,634 [EventQueue-DeleteBlockStatusForDeletedBlockLogImpl] DEBUG block.DeletedBlockLogImpl (DeletedBlockLogImpl.java:isTransactionFailed(278)) - Got block deletion ACK from datanode, TXIDs=45, success=true
2021-08-10 12:16:28,634 [EventQueue-DeleteBlockStatusForDeletedBlockLogImpl] DEBUG block.DeletedBlockLogImpl (DeletedBlockLogImpl.java:commitTransactions(224)) - Transaction txId=45 commit by dnId=ad4991cb-97ce-4dd6-b117-42e7f6b0816f for containerID=#45 failed. Corresponding entry not found.
2021-08-10 12:16:28,634 [EventQueue-DeleteBlockStatusForDeletedBlockLogImpl] DEBUG block.DeletedBlockLogImpl (DeletedBlockLogImpl.java:isTransactionFailed(278)) - Got block deletion ACK from datanode, TXIDs=46, success=true
2021-08-10 12:16:28,634 [EventQueue-DeleteBlockStatusForDeletedBlockLogImpl] DEBUG block.DeletedBlockLogImpl (DeletedBlockLogImpl.java:commitTransactions(224)) - Transaction txId=46 commit by dnId=ad4991cb-97ce-4dd6-b117-42e7f6b0816f for containerID=#46 failed. Corresponding entry not found.
2021-08-10 12:16:28,634 [EventQueue-DeleteBlockStatusForDeletedBlockLogImpl] DEBUG block.DeletedBlockLogImpl (DeletedBlockLogImpl.java:isTransactionFailed(278)) - Got block deletion ACK from datanode, TXIDs=47, success=true
2021-08-10 12:16:28,634 [EventQueue-DeleteBlockStatusForDeletedBlockLogImpl] DEBUG block.DeletedBlockLogImpl (DeletedBlockLogImpl.java:commitTransactions(224)) - Transaction txId=47 commit by dnId=ad4991cb-97ce-4dd6-b117-42e7f6b0816f for containerID=#47 failed. Corresponding entry not found.
2021-08-10 12:16:28,634 [EventQueue-DeleteBlockStatusForDeletedBlockLogImpl] DEBUG block.DeletedBlockLogImpl (DeletedBlockLogImpl.java:isTransactionFailed(278)) - Got block deletion ACK from datanode, TXIDs=48, success=true
2021-08-10 12:16:28,634 [EventQueue-DeleteBlockStatusForDeletedBlockLogImpl] DEBUG block.DeletedBlockLogImpl (DeletedBlockLogImpl.java:commitTransactions(224)) - Transaction txId=48 commit by dnId=ad4991cb-97ce-4dd6-b117-42e7f6b0816f for containerID=#48 failed. Corresponding entry not found.
2021-08-10 12:16:28,634 [EventQueue-DeleteBlockStatusForDeletedBlockLogImpl] DEBUG block.DeletedBlockLogImpl (DeletedBlockLogImpl.java:isTransactionFailed(278)) - Got block deletion ACK from datanode, TXIDs=49, success=true
2021-08-10 12:16:28,634 [EventQueue-DeleteBlockStatusForDeletedBlockLogImpl] DEBUG block.DeletedBlockLogImpl (DeletedBlockLogImpl.java:commitTransactions(224)) - Transaction txId=49 commit by dnId=ad4991cb-97ce-4dd6-b117-42e7f6b0816f for containerID=#49 failed. Corresponding entry not found.
2021-08-10 12:16:28,634 [EventQueue-DeleteBlockStatusForDeletedBlockLogImpl] DEBUG block.DeletedBlockLogImpl (DeletedBlockLogImpl.java:isTransactionFailed(278)) - Got block deletion ACK from datanode, TXIDs=50, success=true
2021-08-10 12:16:28,634 [EventQueue-DeleteBlockStatusForDeletedBlockLogImpl] DEBUG block.DeletedBlockLogImpl (DeletedBlockLogImpl.java:commitTransactions(224)) - Transaction txId=50 commit by dnId=ad4991cb-97ce-4dd6-b117-42e7f6b0816f for containerID=#50 failed. Corresponding entry not found.
2021-08-10 12:16:28,634 [EventQueue-DeleteBlockStatusForDeletedBlockLogImpl] DEBUG block.DeletedBlockLogImpl (DeletedBlockLogImpl.java:isTransactionFailed(278)) - Got block deletion ACK from datanode, TXIDs=51, success=true
2021-08-10 12:16:28,634 [EventQueue-DeleteBlockStatusForDeletedBlockLogImpl] DEBUG block.DeletedBlockLogImpl (DeletedBlockLogImpl.java:commitTransactions(224)) - Transaction txId=51 commit by dnId=ad4991cb-97ce-4dd6-b117-42e7f6b0816f for containerID=#51 failed. Corresponding entry not found.
2021-08-10 12:16:28,634 [EventQueue-DeleteBlockStatusForDeletedBlockLogImpl] DEBUG block.DeletedBlockLogImpl (DeletedBlockLogImpl.java:isTransactionFailed(278)) - Got block deletion ACK from datanode, TXIDs=52, success=true
2021-08-10 12:16:28,634 [EventQueue-DeleteBlockStatusForDeletedBlockLogImpl] DEBUG block.DeletedBlockLogImpl (DeletedBlockLogImpl.java:commitTransactions(224)) - Transaction txId=52 commit by dnId=ad4991cb-97ce-4dd6-b117-42e7f6b0816f for containerID=#52 failed. Corresponding entry not found.
2021-08-10 12:16:28,634 [EventQueue-DeleteBlockStatusForDeletedBlockLogImpl] DEBUG block.DeletedBlockLogImpl (DeletedBlockLogImpl.java:isTransactionFailed(278)) - Got block deletion ACK from datanode, TXIDs=53, success=true
2021-08-10 12:16:28,634 [EventQueue-DeleteBlockStatusForDeletedBlockLogImpl] DEBUG block.DeletedBlockLogImpl (DeletedBlockLogImpl.java:commitTransactions(224)) - Transaction txId=53 commit by dnId=ad4991cb-97ce-4dd6-b117-42e7f6b0816f for containerID=#53 failed. Corresponding entry not found.
2021-08-10 12:16:28,634 [EventQueue-DeleteBlockStatusForDeletedBlockLogImpl] DEBUG block.DeletedBlockLogImpl (DeletedBlockLogImpl.java:isTransactionFailed(278)) - Got block deletion ACK from datanode, TXIDs=54, success=true
2021-08-10 12:16:28,634 [EventQueue-DeleteBlockStatusForDeletedBlockLogImpl] DEBUG block.DeletedBlockLogImpl (DeletedBlockLogImpl.java:commitTransactions(224)) - Transaction txId=54 commit by dnId=ad4991cb-97ce-4dd6-b117-42e7f6b0816f for containerID=#54 failed. Corresponding entry not found.
2021-08-10 12:16:28,634 [EventQueue-DeleteBlockStatusForDeletedBlockLogImpl] DEBUG block.DeletedBlockLogImpl (DeletedBlockLogImpl.java:isTransactionFailed(278)) - Got block deletion ACK from datanode, TXIDs=55, success=true
2021-08-10 12:16:28,634 [EventQueue-DeleteBlockStatusForDeletedBlockLogImpl] DEBUG block.DeletedBlockLogImpl (DeletedBlockLogImpl.java:commitTransactions(224)) - Transaction txId=55 commit by dnId=ad4991cb-97ce-4dd6-b117-42e7f6b0816f for containerID=#55 failed. Corresponding entry not found.
2021-08-10 12:16:28,634 [EventQueue-DeleteBlockStatusForDeletedBlockLogImpl] DEBUG block.DeletedBlockLogImpl (DeletedBlockLogImpl.java:isTransactionFailed(278)) - Got block deletion ACK from datanode, TXIDs=56, success=true
2021-08-10 12:16:28,634 [EventQueue-DeleteBlockStatusForDeletedBlockLogImpl] DEBUG block.DeletedBlockLogImpl (DeletedBlockLogImpl.java:commitTransactions(224)) - Transaction txId=56 commit by dnId=ad4991cb-97ce-4dd6-b117-42e7f6b0816f for containerID=#56 failed. Corresponding entry not found.
2021-08-10 12:16:28,634 [EventQueue-DeleteBlockStatusForDeletedBlockLogImpl] DEBUG block.DeletedBlockLogImpl (DeletedBlockLogImpl.java:isTransactionFailed(278)) - Got block deletion ACK from datanode, TXIDs=1, success=true
2021-08-10 12:16:28,635 [EventQueue-DeleteBlockStatusForDeletedBlockLogImpl] DEBUG block.DeletedBlockLogImpl (DeletedBlockLogImpl.java:commitTransactions(224)) - Transaction txId=1 commit by dnId=ad4991cb-97ce-4dd6-b117-42e7f6b0816f for containerID=#1 failed. Corresponding entry not found.
2021-08-10 12:16:28,635 [EventQueue-DeleteBlockStatusForDeletedBlockLogImpl] DEBUG block.DeletedBlockLogImpl (DeletedBlockLogImpl.java:isTransactionFailed(278)) - Got block deletion ACK from datanode, TXIDs=2, success=true
2021-08-10 12:16:28,635 [EventQueue-DeleteBlockStatusForDeletedBlockLogImpl] DEBUG block.DeletedBlockLogImpl (DeletedBlockLogImpl.java:commitTransactions(224)) - Transaction txId=2 commit by dnId=ad4991cb-97ce-4dd6-b117-42e7f6b0816f for containerID=#2 failed. Corresponding entry not found.
2021-08-10 12:16:28,635 [EventQueue-DeleteBlockStatusForDeletedBlockLogImpl] DEBUG block.DeletedBlockLogImpl (DeletedBlockLogImpl.java:isTransactionFailed(278)) - Got block deletion ACK from datanode, TXIDs=3, success=true
2021-08-10 12:16:28,635 [EventQueue-DeleteBlockStatusForDeletedBlockLogImpl] DEBUG block.DeletedBlockLogImpl (DeletedBlockLogImpl.java:commitTransactions(224)) - Transaction txId=3 commit by dnId=ad4991cb-97ce-4dd6-b117-42e7f6b0816f for containerID=#3 failed. Corresponding entry not found.
2021-08-10 12:16:28,635 [EventQueue-DeleteBlockStatusForDeletedBlockLogImpl] DEBUG block.DeletedBlockLogImpl (DeletedBlockLogImpl.java:isTransactionFailed(278)) - Got block deletion ACK from datanode, TXIDs=4, success=true
2021-08-10 12:16:28,635 [EventQueue-DeleteBlockStatusForDeletedBlockLogImpl] DEBUG block.DeletedBlockLogImpl (DeletedBlockLogImpl.java:commitTransactions(224)) - Transaction txId=4 commit by dnId=ad4991cb-97ce-4dd6-b117-42e7f6b0816f for containerID=#4 failed. Corresponding entry not found.
2021-08-10 12:16:28,635 [EventQueue-DeleteBlockStatusForDeletedBlockLogImpl] DEBUG block.DeletedBlockLogImpl (DeletedBlockLogImpl.java:isTransactionFailed(278)) - Got block deletion ACK from datanode, TXIDs=5, success=true
2021-08-10 12:16:28,635 [EventQueue-DeleteBlockStatusForDeletedBlockLogImpl] DEBUG block.DeletedBlockLogImpl (DeletedBlockLogImpl.java:commitTransactions(224)) - Transaction txId=5 commit by dnId=ad4991cb-97ce-4dd6-b117-42e7f6b0816f for containerID=#5 failed. Corresponding entry not found.
2021-08-10 12:16:28,635 [EventQueue-DeleteBlockStatusForDeletedBlockLogImpl] DEBUG block.DeletedBlockLogImpl (DeletedBlockLogImpl.java:isTransactionFailed(278)) - Got block deletion ACK from datanode, TXIDs=6, success=true
2021-08-10 12:16:28,635 [EventQueue-DeleteBlockStatusForDeletedBlockLogImpl] DEBUG block.DeletedBlockLogImpl (DeletedBlockLogImpl.java:commitTransactions(224)) - Transaction txId=6 commit by dnId=ad4991cb-97ce-4dd6-b117-42e7f6b0816f for containerID=#6 failed. Corresponding entry not found.
2021-08-10 12:16:28,635 [EventQueue-DeleteBlockStatusForDeletedBlockLogImpl] DEBUG block.DeletedBlockLogImpl (DeletedBlockLogImpl.java:isTransactionFailed(278)) - Got block deletion ACK from datanode, TXIDs=7, success=true
2021-08-10 12:16:28,635 [EventQueue-DeleteBlockStatusForDeletedBlockLogImpl] DEBUG block.DeletedBlockLogImpl (DeletedBlockLogImpl.java:commitTransactions(224)) - Transaction txId=7 commit by dnId=ad4991cb-97ce-4dd6-b117-42e7f6b0816f for containerID=#7 failed. Corresponding entry not found.
2021-08-10 12:16:28,635 [EventQueue-DeleteBlockStatusForDeletedBlockLogImpl] DEBUG block.DeletedBlockLogImpl (DeletedBlockLogImpl.java:isTransactionFailed(278)) - Got block deletion ACK from datanode, TXIDs=8, success=true
2021-08-10 12:16:28,635 [EventQueue-DeleteBlockStatusForDeletedBlockLogImpl] DEBUG block.DeletedBlockLogImpl (DeletedBlockLogImpl.java:commitTransactions(224)) - Transaction txId=8 commit by dnId=ad4991cb-97ce-4dd6-b117-42e7f6b0816f for containerID=#8 failed. Corresponding entry not found.
2021-08-10 12:16:28,635 [EventQueue-DeleteBlockStatusForDeletedBlockLogImpl] DEBUG block.DeletedBlockLogImpl (DeletedBlockLogImpl.java:isTransactionFailed(278)) - Got block deletion ACK from datanode, TXIDs=9, success=true
2021-08-10 12:16:28,635 [EventQueue-DeleteBlockStatusForDeletedBlockLogImpl] DEBUG block.DeletedBlockLogImpl (DeletedBlockLogImpl.java:commitTransactions(224)) - Transaction txId=9 commit by dnId=ad4991cb-97ce-4dd6-b117-42e7f6b0816f for containerID=#9 failed. Corresponding entry not found.
2021-08-10 12:16:28,635 [EventQueue-DeleteBlockStatusForDeletedBlockLogImpl] DEBUG block.DeletedBlockLogImpl (DeletedBlockLogImpl.java:isTransactionFailed(278)) - Got block deletion ACK from datanode, TXIDs=10, success=true
2021-08-10 12:16:28,635 [EventQueue-DeleteBlockStatusForDeletedBlockLogImpl] DEBUG block.DeletedBlockLogImpl (DeletedBlockLogImpl.java:commitTransactions(224)) - Transaction txId=10 commit by dnId=ad4991cb-97ce-4dd6-b117-42e7f6b0816f for containerID=#10 failed. Corresponding entry not found.
2021-08-10 12:16:28,635 [EventQueue-DeleteBlockStatusForDeletedBlockLogImpl] DEBUG block.DeletedBlockLogImpl (DeletedBlockLogImpl.java:isTransactionFailed(278)) - Got block deletion ACK from datanode, TXIDs=11, success=true
2021-08-10 12:16:28,635 [EventQueue-DeleteBlockStatusForDeletedBlockLogImpl] DEBUG block.DeletedBlockLogImpl (DeletedBlockLogImpl.java:commitTransactions(224)) - Transaction txId=11 commit by dnId=ad4991cb-97ce-4dd6-b117-42e7f6b0816f for containerID=#11 failed. Corresponding entry not found.
2021-08-10 12:16:28,635 [EventQueue-DeleteBlockStatusForDeletedBlockLogImpl] DEBUG block.DeletedBlockLogImpl (DeletedBlockLogImpl.java:isTransactionFailed(278)) - Got block deletion ACK from datanode, TXIDs=12, success=true
2021-08-10 12:16:28,635 [EventQueue-DeleteBlockStatusForDeletedBlockLogImpl] DEBUG block.DeletedBlockLogImpl (DeletedBlockLogImpl.java:commitTransactions(224)) - Transaction txId=12 commit by dnId=ad4991cb-97ce-4dd6-b117-42e7f6b0816f for containerID=#12 failed. Corresponding entry not found.
2021-08-10 12:16:28,635 [EventQueue-DeleteBlockStatusForDeletedBlockLogImpl] DEBUG block.DeletedBlockLogImpl (DeletedBlockLogImpl.java:isTransactionFailed(278)) - Got block deletion ACK from datanode, TXIDs=13, success=true
2021-08-10 12:16:28,635 [EventQueue-DeleteBlockStatusForDeletedBlockLogImpl] DEBUG block.DeletedBlockLogImpl (DeletedBlockLogImpl.java:commitTransactions(224)) - Transaction txId=13 commit by dnId=ad4991cb-97ce-4dd6-b117-42e7f6b0816f for containerID=#13 failed. Corresponding entry not found.
2021-08-10 12:16:28,635 [EventQueue-DeleteBlockStatusForDeletedBlockLogImpl] DEBUG block.DeletedBlockLogImpl (DeletedBlockLogImpl.java:isTransactionFailed(278)) - Got block deletion ACK from datanode, TXIDs=14, success=true
2021-08-10 12:16:28,635 [EventQueue-DeleteBlockStatusForDeletedBlockLogImpl] DEBUG block.DeletedBlockLogImpl (DeletedBlockLogImpl.java:commitTransactions(224)) - Transaction txId=14 commit by dnId=ad4991cb-97ce-4dd6-b117-42e7f6b0816f for containerID=#14 failed. Corresponding entry not found.
2021-08-10 12:16:28,635 [EventQueue-DeleteBlockStatusForDeletedBlockLogImpl] DEBUG block.DeletedBlockLogImpl (DeletedBlockLogImpl.java:isTransactionFailed(278)) - Got block deletion ACK from datanode, TXIDs=15, success=true
2021-08-10 12:16:28,635 [EventQueue-DeleteBlockStatusForDeletedBlockLogImpl] DEBUG block.DeletedBlockLogImpl (DeletedBlockLogImpl.java:commitTransactions(224)) - Transaction txId=15 commit by dnId=ad4991cb-97ce-4dd6-b117-42e7f6b0816f for containerID=#15 failed. Corresponding entry not found.
2021-08-10 12:16:28,635 [EventQueue-DeleteBlockStatusForDeletedBlockLogImpl] DEBUG block.DeletedBlockLogImpl (DeletedBlockLogImpl.java:isTransactionFailed(278)) - Got block deletion ACK from datanode, TXIDs=16, success=true
2021-08-10 12:16:28,635 [EventQueue-DeleteBlockStatusForDeletedBlockLogImpl] DEBUG block.DeletedBlockLogImpl (DeletedBlockLogImpl.java:commitTransactions(224)) - Transaction txId=16 commit by dnId=ad4991cb-97ce-4dd6-b117-42e7f6b0816f for containerID=#16 failed. Corresponding entry not found.
2021-08-10 12:16:28,635 [EventQueue-DeleteBlockStatusForDeletedBlockLogImpl] DEBUG block.DeletedBlockLogImpl (DeletedBlockLogImpl.java:isTransactionFailed(278)) - Got block deletion ACK from datanode, TXIDs=17, success=true
2021-08-10 12:16:28,635 [EventQueue-DeleteBlockStatusForDeletedBlockLogImpl] DEBUG block.DeletedBlockLogImpl (DeletedBlockLogImpl.java:commitTransactions(224)) - Transaction txId=17 commit by dnId=ad4991cb-97ce-4dd6-b117-42e7f6b0816f for containerID=#17 failed. Corresponding entry not found.
2021-08-10 12:16:28,635 [EventQueue-DeleteBlockStatusForDeletedBlockLogImpl] DEBUG block.DeletedBlockLogImpl (DeletedBlockLogImpl.java:isTransactionFailed(278)) - Got block deletion ACK from datanode, TXIDs=18, success=true
2021-08-10 12:16:28,635 [EventQueue-DeleteBlockStatusForDeletedBlockLogImpl] DEBUG block.DeletedBlockLogImpl (DeletedBlockLogImpl.java:commitTransactions(224)) - Transaction txId=18 commit by dnId=ad4991cb-97ce-4dd6-b117-42e7f6b0816f for containerID=#18 failed. Corresponding entry not found.
2021-08-10 12:16:28,635 [EventQueue-DeleteBlockStatusForDeletedBlockLogImpl] DEBUG block.DeletedBlockLogImpl (DeletedBlockLogImpl.java:isTransactionFailed(278)) - Got block deletion ACK from datanode, TXIDs=19, success=true
2021-08-10 12:16:28,635 [EventQueue-DeleteBlockStatusForDeletedBlockLogImpl] DEBUG block.DeletedBlockLogImpl (DeletedBlockLogImpl.java:commitTransactions(224)) - Transaction txId=19 commit by dnId=ad4991cb-97ce-4dd6-b117-42e7f6b0816f for containerID=#19 failed. Corresponding entry not found.
2021-08-10 12:16:28,635 [EventQueue-DeleteBlockStatusForDeletedBlockLogImpl] DEBUG block.DeletedBlockLogImpl (DeletedBlockLogImpl.java:isTransactionFailed(278)) - Got block deletion ACK from datanode, TXIDs=20, success=true
2021-08-10 12:16:28,635 [EventQueue-DeleteBlockStatusForDeletedBlockLogImpl] DEBUG block.DeletedBlockLogImpl (DeletedBlockLogImpl.java:commitTransactions(224)) - Transaction txId=20 commit by dnId=ad4991cb-97ce-4dd6-b117-42e7f6b0816f for containerID=#20 failed. Corresponding entry not found.
2021-08-10 12:16:28,635 [EventQueue-DeleteBlockStatusForDeletedBlockLogImpl] DEBUG block.DeletedBlockLogImpl (DeletedBlockLogImpl.java:isTransactionFailed(278)) - Got block deletion ACK from datanode, TXIDs=21, success=true
2021-08-10 12:16:28,635 [EventQueue-DeleteBlockStatusForDeletedBlockLogImpl] DEBUG block.DeletedBlockLogImpl (DeletedBlockLogImpl.java:commitTransactions(224)) - Transaction txId=21 commit by dnId=ad4991cb-97ce-4dd6-b117-42e7f6b0816f for containerID=#21 failed. Corresponding entry not found.
2021-08-10 12:16:28,635 [EventQueue-DeleteBlockStatusForDeletedBlockLogImpl] DEBUG block.DeletedBlockLogImpl (DeletedBlockLogImpl.java:isTransactionFailed(278)) - Got block deletion ACK from datanode, TXIDs=22, success=true
2021-08-10 12:16:28,635 [EventQueue-DeleteBlockStatusForDeletedBlockLogImpl] DEBUG block.DeletedBlockLogImpl (DeletedBlockLogImpl.java:commitTransactions(224)) - Transaction txId=22 commit by dnId=ad4991cb-97ce-4dd6-b117-42e7f6b0816f for containerID=#22 failed. Corresponding entry not found.
2021-08-10 12:16:28,635 [EventQueue-DeleteBlockStatusForDeletedBlockLogImpl] DEBUG block.DeletedBlockLogImpl (DeletedBlockLogImpl.java:isTransactionFailed(278)) - Got block deletion ACK from datanode, TXIDs=23, success=true
2021-08-10 12:16:28,635 [EventQueue-DeleteBlockStatusForDeletedBlockLogImpl] DEBUG block.DeletedBlockLogImpl (DeletedBlockLogImpl.java:commitTransactions(224)) - Transaction txId=23 commit by dnId=ad4991cb-97ce-4dd6-b117-42e7f6b0816f for containerID=#23 failed. Corresponding entry not found.
2021-08-10 12:16:28,635 [EventQueue-DeleteBlockStatusForDeletedBlockLogImpl] DEBUG block.DeletedBlockLogImpl (DeletedBlockLogImpl.java:isTransactionFailed(278)) - Got block deletion ACK from datanode, TXIDs=24, success=true
2021-08-10 12:16:28,635 [EventQueue-DeleteBlockStatusForDeletedBlockLogImpl] DEBUG block.DeletedBlockLogImpl (DeletedBlockLogImpl.java:commitTransactions(224)) - Transaction txId=24 commit by dnId=ad4991cb-97ce-4dd6-b117-42e7f6b0816f for containerID=#24 failed. Corresponding entry not found.
2021-08-10 12:16:28,635 [EventQueue-DeleteBlockStatusForDeletedBlockLogImpl] DEBUG block.DeletedBlockLogImpl (DeletedBlockLogImpl.java:isTransactionFailed(278)) - Got block deletion ACK from datanode, TXIDs=25, success=true
2021-08-10 12:16:28,635 [EventQueue-DeleteBlockStatusForDeletedBlockLogImpl] DEBUG block.DeletedBlockLogImpl (DeletedBlockLogImpl.java:commitTransactions(224)) - Transaction txId=25 commit by dnId=ad4991cb-97ce-4dd6-b117-42e7f6b0816f for containerID=#25 failed. Corresponding entry not found.
2021-08-10 12:16:28,635 [EventQueue-DeleteBlockStatusForDeletedBlockLogImpl] DEBUG block.DeletedBlockLogImpl (DeletedBlockLogImpl.java:isTransactionFailed(278)) - Got block deletion ACK from datanode, TXIDs=26, success=true
2021-08-10 12:16:28,635 [EventQueue-DeleteBlockStatusForDeletedBlockLogImpl] DEBUG block.DeletedBlockLogImpl (DeletedBlockLogImpl.java:commitTransactions(224)) - Transaction txId=26 commit by dnId=ad4991cb-97ce-4dd6-b117-42e7f6b0816f for containerID=#26 failed. Corresponding entry not found.
2021-08-10 12:16:28,635 [EventQueue-DeleteBlockStatusForDeletedBlockLogImpl] DEBUG block.DeletedBlockLogImpl (DeletedBlockLogImpl.java:isTransactionFailed(278)) - Got block deletion ACK from datanode, TXIDs=27, success=true
2021-08-10 12:16:28,635 [EventQueue-DeleteBlockStatusForDeletedBlockLogImpl] DEBUG block.DeletedBlockLogImpl (DeletedBlockLogImpl.java:commitTransactions(224)) - Transaction txId=27 commit by dnId=ad4991cb-97ce-4dd6-b117-42e7f6b0816f for containerID=#27 failed. Corresponding entry not found.
2021-08-10 12:16:28,635 [EventQueue-DeleteBlockStatusForDeletedBlockLogImpl] DEBUG block.DeletedBlockLogImpl (DeletedBlockLogImpl.java:isTransactionFailed(278)) - Got block deletion ACK from datanode, TXIDs=28, success=true
2021-08-10 12:16:28,636 [EventQueue-DeleteBlockStatusForDeletedBlockLogImpl] DEBUG block.DeletedBlockLogImpl (DeletedBlockLogImpl.java:commitTransactions(224)) - Transaction txId=28 commit by dnId=ad4991cb-97ce-4dd6-b117-42e7f6b0816f for containerID=#28 failed. Corresponding entry not found.
2021-08-10 12:16:28,636 [EventQueue-DeleteBlockStatusForDeletedBlockLogImpl] DEBUG block.DeletedBlockLogImpl (DeletedBlockLogImpl.java:isTransactionFailed(278)) - Got block deletion ACK from datanode, TXIDs=29, success=true
2021-08-10 12:16:28,636 [EventQueue-DeleteBlockStatusForDeletedBlockLogImpl] DEBUG block.DeletedBlockLogImpl (DeletedBlockLogImpl.java:commitTransactions(224)) - Transaction txId=29 commit by dnId=ad4991cb-97ce-4dd6-b117-42e7f6b0816f for containerID=#29 failed. Corresponding entry not found.
2021-08-10 12:16:28,636 [EventQueue-DeleteBlockStatusForDeletedBlockLogImpl] DEBUG block.DeletedBlockLogImpl (DeletedBlockLogImpl.java:isTransactionFailed(278)) - Got block deletion ACK from datanode, TXIDs=30, success=true
2021-08-10 12:16:28,636 [EventQueue-DeleteBlockStatusForDeletedBlockLogImpl] DEBUG block.DeletedBlockLogImpl (DeletedBlockLogImpl.java:commitTransactions(224)) - Transaction txId=30 commit by dnId=ad4991cb-97ce-4dd6-b117-42e7f6b0816f for containerID=#30 failed. Corresponding entry not found.
2021-08-10 12:16:28,636 [EventQueue-DeleteBlockStatusForDeletedBlockLogImpl] DEBUG block.DeletedBlockLogImpl (DeletedBlockLogImpl.java:isTransactionFailed(278)) - Got block deletion ACK from datanode, TXIDs=31, success=true
2021-08-10 12:16:28,636 [EventQueue-DeleteBlockStatusForDeletedBlockLogImpl] DEBUG block.DeletedBlockLogImpl (DeletedBlockLogImpl.java:commitTransactions(224)) - Transaction txId=31 commit by dnId=ad4991cb-97ce-4dd6-b117-42e7f6b0816f for containerID=#31 failed. Corresponding entry not found.
2021-08-10 12:16:28,636 [EventQueue-DeleteBlockStatusForDeletedBlockLogImpl] DEBUG block.DeletedBlockLogImpl (DeletedBlockLogImpl.java:isTransactionFailed(278)) - Got block deletion ACK from datanode, TXIDs=32, success=true
2021-08-10 12:16:28,636 [EventQueue-DeleteBlockStatusForDeletedBlockLogImpl] DEBUG block.DeletedBlockLogImpl (DeletedBlockLogImpl.java:commitTransactions(224)) - Transaction txId=32 commit by dnId=ad4991cb-97ce-4dd6-b117-42e7f6b0816f for containerID=#32 failed. Corresponding entry not found.
2021-08-10 12:16:28,636 [EventQueue-DeleteBlockStatusForDeletedBlockLogImpl] DEBUG block.DeletedBlockLogImpl (DeletedBlockLogImpl.java:isTransactionFailed(278)) - Got block deletion ACK from datanode, TXIDs=33, success=true
2021-08-10 12:16:28,636 [EventQueue-DeleteBlockStatusForDeletedBlockLogImpl] DEBUG block.DeletedBlockLogImpl (DeletedBlockLogImpl.java:commitTransactions(224)) - Transaction txId=33 commit by dnId=ad4991cb-97ce-4dd6-b117-42e7f6b0816f for containerID=#33 failed. Corresponding entry not found.
2021-08-10 12:16:28,636 [EventQueue-DeleteBlockStatusForDeletedBlockLogImpl] DEBUG block.DeletedBlockLogImpl (DeletedBlockLogImpl.java:isTransactionFailed(278)) - Got block deletion ACK from datanode, TXIDs=34, success=true
2021-08-10 12:16:28,636 [EventQueue-DeleteBlockStatusForDeletedBlockLogImpl] DEBUG block.DeletedBlockLogImpl (DeletedBlockLogImpl.java:commitTransactions(224)) - Transaction txId=34 commit by dnId=ad4991cb-97ce-4dd6-b117-42e7f6b0816f for containerID=#34 failed. Corresponding entry not found.
2021-08-10 12:16:28,636 [EventQueue-DeleteBlockStatusForDeletedBlockLogImpl] DEBUG block.DeletedBlockLogImpl (DeletedBlockLogImpl.java:isTransactionFailed(278)) - Got block deletion ACK from datanode, TXIDs=35, success=true
2021-08-10 12:16:28,636 [EventQueue-DeleteBlockStatusForDeletedBlockLogImpl] DEBUG block.DeletedBlockLogImpl (DeletedBlockLogImpl.java:commitTransactions(224)) - Transaction txId=35 commit by dnId=ad4991cb-97ce-4dd6-b117-42e7f6b0816f for containerID=#35 failed. Corresponding entry not found.
2021-08-10 12:16:28,636 [EventQueue-DeleteBlockStatusForDeletedBlockLogImpl] DEBUG block.DeletedBlockLogImpl (DeletedBlockLogImpl.java:isTransactionFailed(278)) - Got block deletion ACK from datanode, TXIDs=36, success=true
2021-08-10 12:16:28,636 [EventQueue-DeleteBlockStatusForDeletedBlockLogImpl] DEBUG block.DeletedBlockLogImpl (DeletedBlockLogImpl.java:commitTransactions(224)) - Transaction txId=36 commit by dnId=ad4991cb-97ce-4dd6-b117-42e7f6b0816f for containerID=#36 failed. Corresponding entry not found.
2021-08-10 12:16:28,636 [EventQueue-DeleteBlockStatusForDeletedBlockLogImpl] DEBUG block.DeletedBlockLogImpl (DeletedBlockLogImpl.java:isTransactionFailed(278)) - Got block deletion ACK from datanode, TXIDs=37, success=true
2021-08-10 12:16:28,636 [EventQueue-DeleteBlockStatusForDeletedBlockLogImpl] DEBUG block.DeletedBlockLogImpl (DeletedBlockLogImpl.java:commitTransactions(224)) - Transaction txId=37 commit by dnId=ad4991cb-97ce-4dd6-b117-42e7f6b0816f for containerID=#37 failed. Corresponding entry not found.
2021-08-10 12:16:28,636 [EventQueue-DeleteBlockStatusForDeletedBlockLogImpl] DEBUG block.DeletedBlockLogImpl (DeletedBlockLogImpl.java:isTransactionFailed(278)) - Got block deletion ACK from datanode, TXIDs=38, success=true
2021-08-10 12:16:28,636 [EventQueue-DeleteBlockStatusForDeletedBlockLogImpl] DEBUG block.DeletedBlockLogImpl (DeletedBlockLogImpl.java:commitTransactions(224)) - Transaction txId=38 commit by dnId=ad4991cb-97ce-4dd6-b117-42e7f6b0816f for containerID=#38 failed. Corresponding entry not found.
2021-08-10 12:16:28,636 [EventQueue-DeleteBlockStatusForDeletedBlockLogImpl] DEBUG block.DeletedBlockLogImpl (DeletedBlockLogImpl.java:isTransactionFailed(278)) - Got block deletion ACK from datanode, TXIDs=39, success=true
2021-08-10 12:16:28,636 [EventQueue-DeleteBlockStatusForDeletedBlockLogImpl] DEBUG block.DeletedBlockLogImpl (DeletedBlockLogImpl.java:commitTransactions(224)) - Transaction txId=39 commit by dnId=ad4991cb-97ce-4dd6-b117-42e7f6b0816f for containerID=#39 failed. Corresponding entry not found.
2021-08-10 12:16:28,636 [EventQueue-DeleteBlockStatusForDeletedBlockLogImpl] DEBUG block.DeletedBlockLogImpl (DeletedBlockLogImpl.java:isTransactionFailed(278)) - Got block deletion ACK from datanode, TXIDs=40, success=true
2021-08-10 12:16:28,636 [EventQueue-DeleteBlockStatusForDeletedBlockLogImpl] DEBUG block.DeletedBlockLogImpl (DeletedBlockLogImpl.java:commitTransactions(224)) - Transaction txId=40 commit by dnId=ad4991cb-97ce-4dd6-b117-42e7f6b0816f for containerID=#40 failed. Corresponding entry not found.
2021-08-10 12:16:28,636 [EventQueue-DeleteBlockStatusForDeletedBlockLogImpl] DEBUG block.DeletedBlockLogImpl (DeletedBlockLogImpl.java:isTransactionFailed(278)) - Got block deletion ACK from datanode, TXIDs=41, success=true
2021-08-10 12:16:28,636 [EventQueue-DeleteBlockStatusForDeletedBlockLogImpl] DEBUG block.DeletedBlockLogImpl (DeletedBlockLogImpl.java:commitTransactions(224)) - Transaction txId=41 commit by dnId=ad4991cb-97ce-4dd6-b117-42e7f6b0816f for containerID=#41 failed. Corresponding entry not found.
2021-08-10 12:16:28,636 [EventQueue-DeleteBlockStatusForDeletedBlockLogImpl] DEBUG block.DeletedBlockLogImpl (DeletedBlockLogImpl.java:isTransactionFailed(278)) - Got block deletion ACK from datanode, TXIDs=42, success=true
2021-08-10 12:16:28,636 [EventQueue-DeleteBlockStatusForDeletedBlockLogImpl] DEBUG block.DeletedBlockLogImpl (DeletedBlockLogImpl.java:commitTransactions(224)) - Transaction txId=42 commit by dnId=ad4991cb-97ce-4dd6-b117-42e7f6b0816f for containerID=#42 failed. Corresponding entry not found.
2021-08-10 12:16:28,636 [EventQueue-DeleteBlockStatusForDeletedBlockLogImpl] DEBUG block.DeletedBlockLogImpl (DeletedBlockLogImpl.java:isTransactionFailed(278)) - Got block deletion ACK from datanode, TXIDs=43, success=true
2021-08-10 12:16:28,636 [EventQueue-DeleteBlockStatusForDeletedBlockLogImpl] DEBUG block.DeletedBlockLogImpl (DeletedBlockLogImpl.java:commitTransactions(224)) - Transaction txId=43 commit by dnId=ad4991cb-97ce-4dd6-b117-42e7f6b0816f for containerID=#43 failed. Corresponding entry not found.
2021-08-10 12:16:28,636 [EventQueue-DeleteBlockStatusForDeletedBlockLogImpl] DEBUG block.DeletedBlockLogImpl (DeletedBlockLogImpl.java:isTransactionFailed(278)) - Got block deletion ACK from datanode, TXIDs=44, success=true
2021-08-10 12:16:28,636 [EventQueue-DeleteBlockStatusForDeletedBlockLogImpl] DEBUG block.DeletedBlockLogImpl (DeletedBlockLogImpl.java:commitTransactions(224)) - Transaction txId=44 commit by dnId=ad4991cb-97ce-4dd6-b117-42e7f6b0816f for containerID=#44 failed. Corresponding entry not found.
2021-08-10 12:16:28,636 [EventQueue-DeleteBlockStatusForDeletedBlockLogImpl] DEBUG block.DeletedBlockLogImpl (DeletedBlockLogImpl.java:isTransactionFailed(278)) - Got block deletion ACK from datanode, TXIDs=45, success=true
2021-08-10 12:16:28,636 [EventQueue-DeleteBlockStatusForDeletedBlockLogImpl] DEBUG block.DeletedBlockLogImpl (DeletedBlockLogImpl.java:commitTransactions(224)) - Transaction txId=45 commit by dnId=ad4991cb-97ce-4dd6-b117-42e7f6b0816f for containerID=#45 failed. Corresponding entry not found.
2021-08-10 12:16:28,636 [EventQueue-DeleteBlockStatusForDeletedBlockLogImpl] DEBUG block.DeletedBlockLogImpl (DeletedBlockLogImpl.java:isTransactionFailed(278)) - Got block deletion ACK from datanode, TXIDs=46, success=true
2021-08-10 12:16:28,636 [EventQueue-DeleteBlockStatusForDeletedBlockLogImpl] DEBUG block.DeletedBlockLogImpl (DeletedBlockLogImpl.java:commitTransactions(224)) - Transaction txId=46 commit by dnId=ad4991cb-97ce-4dd6-b117-42e7f6b0816f for containerID=#46 failed. Corresponding entry not found.
2021-08-10 12:16:28,636 [EventQueue-DeleteBlockStatusForDeletedBlockLogImpl] DEBUG block.DeletedBlockLogImpl (DeletedBlockLogImpl.java:isTransactionFailed(278)) - Got block deletion ACK from datanode, TXIDs=47, success=true
2021-08-10 12:16:28,636 [EventQueue-DeleteBlockStatusForDeletedBlockLogImpl] DEBUG block.DeletedBlockLogImpl (DeletedBlockLogImpl.java:commitTransactions(224)) - Transaction txId=47 commit by dnId=ad4991cb-97ce-4dd6-b117-42e7f6b0816f for containerID=#47 failed. Corresponding entry not found.
2021-08-10 12:16:28,636 [EventQueue-DeleteBlockStatusForDeletedBlockLogImpl] DEBUG block.DeletedBlockLogImpl (DeletedBlockLogImpl.java:isTransactionFailed(278)) - Got block deletion ACK from datanode, TXIDs=48, success=true
2021-08-10 12:16:28,636 [EventQueue-DeleteBlockStatusForDeletedBlockLogImpl] DEBUG block.DeletedBlockLogImpl (DeletedBlockLogImpl.java:commitTransactions(224)) - Transaction txId=48 commit by dnId=ad4991cb-97ce-4dd6-b117-42e7f6b0816f for containerID=#48 failed. Corresponding entry not found.
2021-08-10 12:16:28,636 [EventQueue-DeleteBlockStatusForDeletedBlockLogImpl] DEBUG block.DeletedBlockLogImpl (DeletedBlockLogImpl.java:isTransactionFailed(278)) - Got block deletion ACK from datanode, TXIDs=49, success=true
2021-08-10 12:16:28,636 [EventQueue-DeleteBlockStatusForDeletedBlockLogImpl] DEBUG block.DeletedBlockLogImpl (DeletedBlockLogImpl.java:commitTransactions(224)) - Transaction txId=49 commit by dnId=ad4991cb-97ce-4dd6-b117-42e7f6b0816f for containerID=#49 failed. Corresponding entry not found.
2021-08-10 12:16:28,636 [EventQueue-DeleteBlockStatusForDeletedBlockLogImpl] DEBUG block.DeletedBlockLogImpl (DeletedBlockLogImpl.java:isTransactionFailed(278)) - Got block deletion ACK from datanode, TXIDs=50, success=true
2021-08-10 12:16:28,636 [EventQueue-DeleteBlockStatusForDeletedBlockLogImpl] DEBUG block.DeletedBlockLogImpl (DeletedBlockLogImpl.java:commitTransactions(224)) - Transaction txId=50 commit by dnId=ad4991cb-97ce-4dd6-b117-42e7f6b0816f for containerID=#50 failed. Corresponding entry not found.
2021-08-10 12:16:28,636 [EventQueue-DeleteBlockStatusForDeletedBlockLogImpl] DEBUG block.DeletedBlockLogImpl (DeletedBlockLogImpl.java:isTransactionFailed(278)) - Got block deletion ACK from datanode, TXIDs=51, success=true
2021-08-10 12:16:28,636 [EventQueue-DeleteBlockStatusForDeletedBlockLogImpl] DEBUG block.DeletedBlockLogImpl (DeletedBlockLogImpl.java:commitTransactions(224)) - Transaction txId=51 commit by dnId=ad4991cb-97ce-4dd6-b117-42e7f6b0816f for containerID=#51 failed. Corresponding entry not found.
2021-08-10 12:16:28,636 [EventQueue-DeleteBlockStatusForDeletedBlockLogImpl] DEBUG block.DeletedBlockLogImpl (DeletedBlockLogImpl.java:isTransactionFailed(278)) - Got block deletion ACK from datanode, TXIDs=52, success=true
2021-08-10 12:16:28,636 [EventQueue-DeleteBlockStatusForDeletedBlockLogImpl] DEBUG block.DeletedBlockLogImpl (DeletedBlockLogImpl.java:commitTransactions(224)) - Transaction txId=52 commit by dnId=ad4991cb-97ce-4dd6-b117-42e7f6b0816f for containerID=#52 failed. Corresponding entry not found.
2021-08-10 12:16:28,636 [EventQueue-DeleteBlockStatusForDeletedBlockLogImpl] DEBUG block.DeletedBlockLogImpl (DeletedBlockLogImpl.java:isTransactionFailed(278)) - Got block deletion ACK from datanode, TXIDs=53, success=true
2021-08-10 12:16:28,636 [EventQueue-DeleteBlockStatusForDeletedBlockLogImpl] DEBUG block.DeletedBlockLogImpl (DeletedBlockLogImpl.java:commitTransactions(224)) - Transaction txId=53 commit by dnId=ad4991cb-97ce-4dd6-b117-42e7f6b0816f for containerID=#53 failed. Corresponding entry not found.
2021-08-10 12:16:28,636 [EventQueue-DeleteBlockStatusForDeletedBlockLogImpl] DEBUG block.DeletedBlockLogImpl (DeletedBlockLogImpl.java:isTransactionFailed(278)) - Got block deletion ACK from datanode, TXIDs=54, success=true
2021-08-10 12:16:28,636 [EventQueue-DeleteBlockStatusForDeletedBlockLogImpl] DEBUG block.DeletedBlockLogImpl (DeletedBlockLogImpl.java:commitTransactions(224)) - Transaction txId=54 commit by dnId=ad4991cb-97ce-4dd6-b117-42e7f6b0816f for containerID=#54 failed. Corresponding entry not found.
2021-08-10 12:16:28,637 [EventQueue-DeleteBlockStatusForDeletedBlockLogImpl] DEBUG block.DeletedBlockLogImpl (DeletedBlockLogImpl.java:isTransactionFailed(278)) - Got block deletion ACK from datanode, TXIDs=55, success=true
2021-08-10 12:16:28,637 [EventQueue-DeleteBlockStatusForDeletedBlockLogImpl] DEBUG block.DeletedBlockLogImpl (DeletedBlockLogImpl.java:commitTransactions(224)) - Transaction txId=55 commit by dnId=ad4991cb-97ce-4dd6-b117-42e7f6b0816f for containerID=#55 failed. Corresponding entry not found.
2021-08-10 12:16:28,637 [EventQueue-DeleteBlockStatusForDeletedBlockLogImpl] DEBUG block.DeletedBlockLogImpl (DeletedBlockLogImpl.java:isTransactionFailed(278)) - Got block deletion ACK from datanode, TXIDs=56, success=true
2021-08-10 12:16:28,637 [EventQueue-DeleteBlockStatusForDeletedBlockLogImpl] DEBUG block.DeletedBlockLogImpl (DeletedBlockLogImpl.java:commitTransactions(224)) - Transaction txId=56 commit by dnId=ad4991cb-97ce-4dd6-b117-42e7f6b0816f for containerID=#56 failed. Corresponding entry not found.
2021-08-10 12:16:28,637 [EventQueue-DeleteBlockStatusForDeletedBlockLogImpl] DEBUG block.DeletedBlockLogImpl (DeletedBlockLogImpl.java:isTransactionFailed(278)) - Got block deletion ACK from datanode, TXIDs=1, success=true
2021-08-10 12:16:28,637 [EventQueue-DeleteBlockStatusForDeletedBlockLogImpl] DEBUG block.DeletedBlockLogImpl (DeletedBlockLogImpl.java:commitTransactions(224)) - Transaction txId=1 commit by dnId=ad4991cb-97ce-4dd6-b117-42e7f6b0816f for containerID=#1 failed. Corresponding entry not found.
2021-08-10 12:16:28,637 [EventQueue-DeleteBlockStatusForDeletedBlockLogImpl] DEBUG block.DeletedBlockLogImpl (DeletedBlockLogImpl.java:isTransactionFailed(278)) - Got block deletion ACK from datanode, TXIDs=2, success=true
2021-08-10 12:16:28,637 [EventQueue-DeleteBlockStatusForDeletedBlockLogImpl] DEBUG block.DeletedBlockLogImpl (DeletedBlockLogImpl.java:commitTransactions(224)) - Transaction txId=2 commit by dnId=ad4991cb-97ce-4dd6-b117-42e7f6b0816f for containerID=#2 failed. Corresponding entry not found.
2021-08-10 12:16:28,637 [EventQueue-DeleteBlockStatusForDeletedBlockLogImpl] DEBUG block.DeletedBlockLogImpl (DeletedBlockLogImpl.java:isTransactionFailed(278)) - Got block deletion ACK from datanode, TXIDs=3, success=true
2021-08-10 12:16:28,637 [EventQueue-DeleteBlockStatusForDeletedBlockLogImpl] DEBUG block.DeletedBlockLogImpl (DeletedBlockLogImpl.java:commitTransactions(224)) - Transaction txId=3 commit by dnId=ad4991cb-97ce-4dd6-b117-42e7f6b0816f for containerID=#3 failed. Corresponding entry not found.
2021-08-10 12:16:28,637 [EventQueue-DeleteBlockStatusForDeletedBlockLogImpl] DEBUG block.DeletedBlockLogImpl (DeletedBlockLogImpl.java:isTransactionFailed(278)) - Got block deletion ACK from datanode, TXIDs=4, success=true
2021-08-10 12:16:28,637 [EventQueue-DeleteBlockStatusForDeletedBlockLogImpl] DEBUG block.DeletedBlockLogImpl (DeletedBlockLogImpl.java:commitTransactions(224)) - Transaction txId=4 commit by dnId=ad4991cb-97ce-4dd6-b117-42e7f6b0816f for containerID=#4 failed. Corresponding entry not found.
2021-08-10 12:16:28,637 [EventQueue-DeleteBlockStatusForDeletedBlockLogImpl] DEBUG block.DeletedBlockLogImpl (DeletedBlockLogImpl.java:isTransactionFailed(278)) - Got block deletion ACK from datanode, TXIDs=5, success=true
2021-08-10 12:16:28,637 [EventQueue-DeleteBlockStatusForDeletedBlockLogImpl] DEBUG block.DeletedBlockLogImpl (DeletedBlockLogImpl.java:commitTransactions(224)) - Transaction txId=5 commit by dnId=ad4991cb-97ce-4dd6-b117-42e7f6b0816f for containerID=#5 failed. Corresponding entry not found.
2021-08-10 12:16:28,637 [EventQueue-DeleteBlockStatusForDeletedBlockLogImpl] DEBUG block.DeletedBlockLogImpl (DeletedBlockLogImpl.java:isTransactionFailed(278)) - Got block deletion ACK from datanode, TXIDs=6, success=true
2021-08-10 12:16:28,637 [EventQueue-DeleteBlockStatusForDeletedBlockLogImpl] DEBUG block.DeletedBlockLogImpl (DeletedBlockLogImpl.java:commitTransactions(224)) - Transaction txId=6 commit by dnId=ad4991cb-97ce-4dd6-b117-42e7f6b0816f for containerID=#6 failed. Corresponding entry not found.
2021-08-10 12:16:28,637 [EventQueue-DeleteBlockStatusForDeletedBlockLogImpl] DEBUG block.DeletedBlockLogImpl (DeletedBlockLogImpl.java:isTransactionFailed(278)) - Got block deletion ACK from datanode, TXIDs=7, success=true
2021-08-10 12:16:28,637 [EventQueue-DeleteBlockStatusForDeletedBlockLogImpl] DEBUG block.DeletedBlockLogImpl (DeletedBlockLogImpl.java:commitTransactions(224)) - Transaction txId=7 commit by dnId=ad4991cb-97ce-4dd6-b117-42e7f6b0816f for containerID=#7 failed. Corresponding entry not found.
2021-08-10 12:16:28,643 [SCMBlockDeletingService#0] DEBUG block.SCMBlockDeletingService (SCMBlockDeletingService.java:call(133)) - Running DeletedBlockTransactionScanner
2021-08-10 12:16:28,651 [EventQueue-DeleteBlockStatusForDeletedBlockLogImpl] DEBUG block.DeletedBlockLogImpl (DeletedBlockLogImpl.java:isTransactionFailed(278)) - Got block deletion ACK from datanode, TXIDs=8, success=true
2021-08-10 12:16:28,651 [EventQueue-DeleteBlockStatusForDeletedBlockLogImpl] DEBUG block.DeletedBlockLogImpl (DeletedBlockLogImpl.java:commitTransactions(224)) - Transaction txId=8 commit by dnId=ad4991cb-97ce-4dd6-b117-42e7f6b0816f for containerID=#8 failed. Corresponding entry not found.
2021-08-10 12:16:28,651 [EventQueue-DeleteBlockStatusForDeletedBlockLogImpl] DEBUG block.DeletedBlockLogImpl (DeletedBlockLogImpl.java:isTransactionFailed(278)) - Got block deletion ACK from datanode, TXIDs=9, success=true
2021-08-10 12:16:28,651 [EventQueue-DeleteBlockStatusForDeletedBlockLogImpl] DEBUG block.DeletedBlockLogImpl (DeletedBlockLogImpl.java:commitTransactions(224)) - Transaction txId=9 commit by dnId=ad4991cb-97ce-4dd6-b117-42e7f6b0816f for containerID=#9 failed. Corresponding entry not found.
2021-08-10 12:16:28,651 [EventQueue-DeleteBlockStatusForDeletedBlockLogImpl] DEBUG block.DeletedBlockLogImpl (DeletedBlockLogImpl.java:isTransactionFailed(278)) - Got block deletion ACK from datanode, TXIDs=10, success=true
2021-08-10 12:16:28,651 [EventQueue-DeleteBlockStatusForDeletedBlockLogImpl] DEBUG block.DeletedBlockLogImpl (DeletedBlockLogImpl.java:commitTransactions(224)) - Transaction txId=10 commit by dnId=ad4991cb-97ce-4dd6-b117-42e7f6b0816f for containerID=#10 failed. Corresponding entry not found.
2021-08-10 12:16:28,651 [EventQueue-DeleteBlockStatusForDeletedBlockLogImpl] DEBUG block.DeletedBlockLogImpl (DeletedBlockLogImpl.java:isTransactionFailed(278)) - Got block deletion ACK from datanode, TXIDs=11, success=true
2021-08-10 12:16:28,651 [EventQueue-DeleteBlockStatusForDeletedBlockLogImpl] DEBUG block.DeletedBlockLogImpl (DeletedBlockLogImpl.java:commitTransactions(224)) - Transaction txId=11 commit by dnId=ad4991cb-97ce-4dd6-b117-42e7f6b0816f for containerID=#11 failed. Corresponding entry not found.
2021-08-10 12:16:28,651 [EventQueue-DeleteBlockStatusForDeletedBlockLogImpl] DEBUG block.DeletedBlockLogImpl (DeletedBlockLogImpl.java:isTransactionFailed(278)) - Got block deletion ACK from datanode, TXIDs=12, success=true
2021-08-10 12:16:28,651 [EventQueue-DeleteBlockStatusForDeletedBlockLogImpl] DEBUG block.DeletedBlockLogImpl (DeletedBlockLogImpl.java:commitTransactions(224)) - Transaction txId=12 commit by dnId=ad4991cb-97ce-4dd6-b117-42e7f6b0816f for containerID=#12 failed. Corresponding entry not found.
2021-08-10 12:16:28,652 [EventQueue-DeleteBlockStatusForDeletedBlockLogImpl] DEBUG block.DeletedBlockLogImpl (DeletedBlockLogImpl.java:isTransactionFailed(278)) - Got block deletion ACK from datanode, TXIDs=13, success=true
2021-08-10 12:16:28,652 [EventQueue-DeleteBlockStatusForDeletedBlockLogImpl] DEBUG block.DeletedBlockLogImpl (DeletedBlockLogImpl.java:commitTransactions(224)) - Transaction txId=13 commit by dnId=ad4991cb-97ce-4dd6-b117-42e7f6b0816f for containerID=#13 failed. Corresponding entry not found.
2021-08-10 12:16:28,652 [EventQueue-DeleteBlockStatusForDeletedBlockLogImpl] DEBUG block.DeletedBlockLogImpl (DeletedBlockLogImpl.java:isTransactionFailed(278)) - Got block deletion ACK from datanode, TXIDs=14, success=true
2021-08-10 12:16:28,652 [EventQueue-DeleteBlockStatusForDeletedBlockLogImpl] DEBUG block.DeletedBlockLogImpl (DeletedBlockLogImpl.java:commitTransactions(224)) - Transaction txId=14 commit by dnId=ad4991cb-97ce-4dd6-b117-42e7f6b0816f for containerID=#14 failed. Corresponding entry not found.
2021-08-10 12:16:28,652 [EventQueue-DeleteBlockStatusForDeletedBlockLogImpl] DEBUG block.DeletedBlockLogImpl (DeletedBlockLogImpl.java:isTransactionFailed(278)) - Got block deletion ACK from datanode, TXIDs=15, success=true
2021-08-10 12:16:28,652 [EventQueue-DeleteBlockStatusForDeletedBlockLogImpl] DEBUG block.DeletedBlockLogImpl (DeletedBlockLogImpl.java:commitTransactions(224)) - Transaction txId=15 commit by dnId=ad4991cb-97ce-4dd6-b117-42e7f6b0816f for containerID=#15 failed. Corresponding entry not found.
2021-08-10 12:16:28,652 [EventQueue-DeleteBlockStatusForDeletedBlockLogImpl] DEBUG block.DeletedBlockLogImpl (DeletedBlockLogImpl.java:isTransactionFailed(278)) - Got block deletion ACK from datanode, TXIDs=16, success=true
2021-08-10 12:16:28,652 [EventQueue-DeleteBlockStatusForDeletedBlockLogImpl] DEBUG block.DeletedBlockLogImpl (DeletedBlockLogImpl.java:commitTransactions(224)) - Transaction txId=16 commit by dnId=ad4991cb-97ce-4dd6-b117-42e7f6b0816f for containerID=#16 failed. Corresponding entry not found.
2021-08-10 12:16:28,652 [EventQueue-DeleteBlockStatusForDeletedBlockLogImpl] DEBUG block.DeletedBlockLogImpl (DeletedBlockLogImpl.java:isTransactionFailed(278)) - Got block deletion ACK from datanode, TXIDs=17, success=true
2021-08-10 12:16:28,652 [EventQueue-DeleteBlockStatusForDeletedBlockLogImpl] DEBUG block.DeletedBlockLogImpl (DeletedBlockLogImpl.java:commitTransactions(224)) - Transaction txId=17 commit by dnId=ad4991cb-97ce-4dd6-b117-42e7f6b0816f for containerID=#17 failed. Corresponding entry not found.
2021-08-10 12:16:28,652 [EventQueue-DeleteBlockStatusForDeletedBlockLogImpl] DEBUG block.DeletedBlockLogImpl (DeletedBlockLogImpl.java:isTransactionFailed(278)) - Got block deletion ACK from datanode, TXIDs=18, success=true
2021-08-10 12:16:28,652 [EventQueue-DeleteBlockStatusForDeletedBlockLogImpl] DEBUG block.DeletedBlockLogImpl (DeletedBlockLogImpl.java:commitTransactions(224)) - Transaction txId=18 commit by dnId=ad4991cb-97ce-4dd6-b117-42e7f6b0816f for containerID=#18 failed. Corresponding entry not found.
2021-08-10 12:16:28,652 [EventQueue-DeleteBlockStatusForDeletedBlockLogImpl] DEBUG block.DeletedBlockLogImpl (DeletedBlockLogImpl.java:isTransactionFailed(278)) - Got block deletion ACK from datanode, TXIDs=19, success=true
2021-08-10 12:16:28,652 [EventQueue-DeleteBlockStatusForDeletedBlockLogImpl] DEBUG block.DeletedBlockLogImpl (DeletedBlockLogImpl.java:commitTransactions(224)) - Transaction txId=19 commit by dnId=ad4991cb-97ce-4dd6-b117-42e7f6b0816f for containerID=#19 failed. Corresponding entry not found.
2021-08-10 12:16:28,652 [EventQueue-DeleteBlockStatusForDeletedBlockLogImpl] DEBUG block.DeletedBlockLogImpl (DeletedBlockLogImpl.java:isTransactionFailed(278)) - Got block deletion ACK from datanode, TXIDs=20, success=true
2021-08-10 12:16:28,652 [EventQueue-DeleteBlockStatusForDeletedBlockLogImpl] DEBUG block.DeletedBlockLogImpl (DeletedBlockLogImpl.java:commitTransactions(224)) - Transaction txId=20 commit by dnId=ad4991cb-97ce-4dd6-b117-42e7f6b0816f for containerID=#20 failed. Corresponding entry not found.
2021-08-10 12:16:28,652 [EventQueue-DeleteBlockStatusForDeletedBlockLogImpl] DEBUG block.DeletedBlockLogImpl (DeletedBlockLogImpl.java:isTransactionFailed(278)) - Got block deletion ACK from datanode, TXIDs=21, success=true
2021-08-10 12:16:28,652 [EventQueue-DeleteBlockStatusForDeletedBlockLogImpl] DEBUG block.DeletedBlockLogImpl (DeletedBlockLogImpl.java:commitTransactions(224)) - Transaction txId=21 commit by dnId=ad4991cb-97ce-4dd6-b117-42e7f6b0816f for containerID=#21 failed. Corresponding entry not found.
2021-08-10 12:16:28,652 [EventQueue-DeleteBlockStatusForDeletedBlockLogImpl] DEBUG block.DeletedBlockLogImpl (DeletedBlockLogImpl.java:isTransactionFailed(278)) - Got block deletion ACK from datanode, TXIDs=22, success=true
2021-08-10 12:16:28,652 [EventQueue-DeleteBlockStatusForDeletedBlockLogImpl] DEBUG block.DeletedBlockLogImpl (DeletedBlockLogImpl.java:commitTransactions(224)) - Transaction txId=22 commit by dnId=ad4991cb-97ce-4dd6-b117-42e7f6b0816f for containerID=#22 failed. Corresponding entry not found.
2021-08-10 12:16:28,652 [EventQueue-DeleteBlockStatusForDeletedBlockLogImpl] DEBUG block.DeletedBlockLogImpl (DeletedBlockLogImpl.java:isTransactionFailed(278)) - Got block deletion ACK from datanode, TXIDs=23, success=true
2021-08-10 12:16:28,652 [EventQueue-DeleteBlockStatusForDeletedBlockLogImpl] DEBUG block.DeletedBlockLogImpl (DeletedBlockLogImpl.java:commitTransactions(224)) - Transaction txId=23 commit by dnId=ad4991cb-97ce-4dd6-b117-42e7f6b0816f for containerID=#23 failed. Corresponding entry not found.
2021-08-10 12:16:28,652 [EventQueue-DeleteBlockStatusForDeletedBlockLogImpl] DEBUG block.DeletedBlockLogImpl (DeletedBlockLogImpl.java:isTransactionFailed(278)) - Got block deletion ACK from datanode, TXIDs=24, success=true
2021-08-10 12:16:28,652 [EventQueue-DeleteBlockStatusForDeletedBlockLogImpl] DEBUG block.DeletedBlockLogImpl (DeletedBlockLogImpl.java:commitTransactions(224)) - Transaction txId=24 commit by dnId=ad4991cb-97ce-4dd6-b117-42e7f6b0816f for containerID=#24 failed. Corresponding entry not found.
2021-08-10 12:16:28,652 [EventQueue-DeleteBlockStatusForDeletedBlockLogImpl] DEBUG block.DeletedBlockLogImpl (DeletedBlockLogImpl.java:isTransactionFailed(278)) - Got block deletion ACK from datanode, TXIDs=25, success=true
2021-08-10 12:16:28,652 [EventQueue-DeleteBlockStatusForDeletedBlockLogImpl] DEBUG block.DeletedBlockLogImpl (DeletedBlockLogImpl.java:commitTransactions(224)) - Transaction txId=25 commit by dnId=ad4991cb-97ce-4dd6-b117-42e7f6b0816f for containerID=#25 failed. Corresponding entry not found.
2021-08-10 12:16:28,652 [EventQueue-DeleteBlockStatusForDeletedBlockLogImpl] DEBUG block.DeletedBlockLogImpl (DeletedBlockLogImpl.java:isTransactionFailed(278)) - Got block deletion ACK from datanode, TXIDs=26, success=true
2021-08-10 12:16:28,652 [EventQueue-DeleteBlockStatusForDeletedBlockLogImpl] DEBUG block.DeletedBlockLogImpl (DeletedBlockLogImpl.java:commitTransactions(224)) - Transaction txId=26 commit by dnId=ad4991cb-97ce-4dd6-b117-42e7f6b0816f for containerID=#26 failed. Corresponding entry not found.
2021-08-10 12:16:28,652 [EventQueue-DeleteBlockStatusForDeletedBlockLogImpl] DEBUG block.DeletedBlockLogImpl (DeletedBlockLogImpl.java:isTransactionFailed(278)) - Got block deletion ACK from datanode, TXIDs=27, success=true
2021-08-10 12:16:28,652 [EventQueue-DeleteBlockStatusForDeletedBlockLogImpl] DEBUG block.DeletedBlockLogImpl (DeletedBlockLogImpl.java:commitTransactions(224)) - Transaction txId=27 commit by dnId=ad4991cb-97ce-4dd6-b117-42e7f6b0816f for containerID=#27 failed. Corresponding entry not found.
2021-08-10 12:16:28,652 [EventQueue-DeleteBlockStatusForDeletedBlockLogImpl] DEBUG block.DeletedBlockLogImpl (DeletedBlockLogImpl.java:isTransactionFailed(278)) - Got block deletion ACK from datanode, TXIDs=28, success=true
2021-08-10 12:16:28,652 [EventQueue-DeleteBlockStatusForDeletedBlockLogImpl] DEBUG block.DeletedBlockLogImpl (DeletedBlockLogImpl.java:commitTransactions(224)) - Transaction txId=28 commit by dnId=ad4991cb-97ce-4dd6-b117-42e7f6b0816f for containerID=#28 failed. Corresponding entry not found.
2021-08-10 12:16:28,652 [EventQueue-DeleteBlockStatusForDeletedBlockLogImpl] DEBUG block.DeletedBlockLogImpl (DeletedBlockLogImpl.java:isTransactionFailed(278)) - Got block deletion ACK from datanode, TXIDs=29, success=true
2021-08-10 12:16:28,652 [EventQueue-DeleteBlockStatusForDeletedBlockLogImpl] DEBUG block.DeletedBlockLogImpl (DeletedBlockLogImpl.java:commitTransactions(224)) - Transaction txId=29 commit by dnId=ad4991cb-97ce-4dd6-b117-42e7f6b0816f for containerID=#29 failed. Corresponding entry not found.
2021-08-10 12:16:28,652 [EventQueue-DeleteBlockStatusForDeletedBlockLogImpl] DEBUG block.DeletedBlockLogImpl (DeletedBlockLogImpl.java:isTransactionFailed(278)) - Got block deletion ACK from datanode, TXIDs=30, success=true
2021-08-10 12:16:28,652 [EventQueue-DeleteBlockStatusForDeletedBlockLogImpl] DEBUG block.DeletedBlockLogImpl (DeletedBlockLogImpl.java:commitTransactions(224)) - Transaction txId=30 commit by dnId=ad4991cb-97ce-4dd6-b117-42e7f6b0816f for containerID=#30 failed. Corresponding entry not found.
2021-08-10 12:16:28,652 [EventQueue-DeleteBlockStatusForDeletedBlockLogImpl] DEBUG block.DeletedBlockLogImpl (DeletedBlockLogImpl.java:isTransactionFailed(278)) - Got block deletion ACK from datanode, TXIDs=31, success=true
2021-08-10 12:16:28,652 [EventQueue-DeleteBlockStatusForDeletedBlockLogImpl] DEBUG block.DeletedBlockLogImpl (DeletedBlockLogImpl.java:commitTransactions(224)) - Transaction txId=31 commit by dnId=ad4991cb-97ce-4dd6-b117-42e7f6b0816f for containerID=#31 failed. Corresponding entry not found.
2021-08-10 12:16:28,652 [EventQueue-DeleteBlockStatusForDeletedBlockLogImpl] DEBUG block.DeletedBlockLogImpl (DeletedBlockLogImpl.java:isTransactionFailed(278)) - Got block deletion ACK from datanode, TXIDs=32, success=true
2021-08-10 12:16:28,652 [EventQueue-DeleteBlockStatusForDeletedBlockLogImpl] DEBUG block.DeletedBlockLogImpl (DeletedBlockLogImpl.java:commitTransactions(224)) - Transaction txId=32 commit by dnId=ad4991cb-97ce-4dd6-b117-42e7f6b0816f for containerID=#32 failed. Corresponding entry not found.
2021-08-10 12:16:28,652 [EventQueue-DeleteBlockStatusForDeletedBlockLogImpl] DEBUG block.DeletedBlockLogImpl (DeletedBlockLogImpl.java:isTransactionFailed(278)) - Got block deletion ACK from datanode, TXIDs=33, success=true
2021-08-10 12:16:28,652 [EventQueue-DeleteBlockStatusForDeletedBlockLogImpl] DEBUG block.DeletedBlockLogImpl (DeletedBlockLogImpl.java:commitTransactions(224)) - Transaction txId=33 commit by dnId=ad4991cb-97ce-4dd6-b117-42e7f6b0816f for containerID=#33 failed. Corresponding entry not found.
2021-08-10 12:16:28,653 [EventQueue-DeleteBlockStatusForDeletedBlockLogImpl] DEBUG block.DeletedBlockLogImpl (DeletedBlockLogImpl.java:isTransactionFailed(278)) - Got block deletion ACK from datanode, TXIDs=34, success=true
2021-08-10 12:16:28,653 [EventQueue-DeleteBlockStatusForDeletedBlockLogImpl] DEBUG block.DeletedBlockLogImpl (DeletedBlockLogImpl.java:commitTransactions(224)) - Transaction txId=34 commit by dnId=ad4991cb-97ce-4dd6-b117-42e7f6b0816f for containerID=#34 failed. Corresponding entry not found.
2021-08-10 12:16:28,653 [EventQueue-DeleteBlockStatusForDeletedBlockLogImpl] DEBUG block.DeletedBlockLogImpl (DeletedBlockLogImpl.java:isTransactionFailed(278)) - Got block deletion ACK from datanode, TXIDs=35, success=true
2021-08-10 12:16:28,653 [EventQueue-DeleteBlockStatusForDeletedBlockLogImpl] DEBUG block.DeletedBlockLogImpl (DeletedBlockLogImpl.java:commitTransactions(224)) - Transaction txId=35 commit by dnId=ad4991cb-97ce-4dd6-b117-42e7f6b0816f for containerID=#35 failed. Corresponding entry not found.
2021-08-10 12:16:28,653 [EventQueue-DeleteBlockStatusForDeletedBlockLogImpl] DEBUG block.DeletedBlockLogImpl (DeletedBlockLogImpl.java:isTransactionFailed(278)) - Got block deletion ACK from datanode, TXIDs=36, success=true
2021-08-10 12:16:28,653 [EventQueue-DeleteBlockStatusForDeletedBlockLogImpl] DEBUG block.DeletedBlockLogImpl (DeletedBlockLogImpl.java:commitTransactions(224)) - Transaction txId=36 commit by dnId=ad4991cb-97ce-4dd6-b117-42e7f6b0816f for containerID=#36 failed. Corresponding entry not found.
2021-08-10 12:16:28,653 [EventQueue-DeleteBlockStatusForDeletedBlockLogImpl] DEBUG block.DeletedBlockLogImpl (DeletedBlockLogImpl.java:isTransactionFailed(278)) - Got block deletion ACK from datanode, TXIDs=37, success=true
2021-08-10 12:16:28,653 [EventQueue-DeleteBlockStatusForDeletedBlockLogImpl] DEBUG block.DeletedBlockLogImpl (DeletedBlockLogImpl.java:commitTransactions(224)) - Transaction txId=37 commit by dnId=ad4991cb-97ce-4dd6-b117-42e7f6b0816f for containerID=#37 failed. Corresponding entry not found.
2021-08-10 12:16:28,653 [EventQueue-DeleteBlockStatusForDeletedBlockLogImpl] DEBUG block.DeletedBlockLogImpl (DeletedBlockLogImpl.java:isTransactionFailed(278)) - Got block deletion ACK from datanode, TXIDs=38, success=true
2021-08-10 12:16:28,653 [EventQueue-DeleteBlockStatusForDeletedBlockLogImpl] DEBUG block.DeletedBlockLogImpl (DeletedBlockLogImpl.java:commitTransactions(224)) - Transaction txId=38 commit by dnId=ad4991cb-97ce-4dd6-b117-42e7f6b0816f for containerID=#38 failed. Corresponding entry not found.
2021-08-10 12:16:28,653 [EventQueue-DeleteBlockStatusForDeletedBlockLogImpl] DEBUG block.DeletedBlockLogImpl (DeletedBlockLogImpl.java:isTransactionFailed(278)) - Got block deletion ACK from datanode, TXIDs=39, success=true
2021-08-10 12:16:28,653 [EventQueue-DeleteBlockStatusForDeletedBlockLogImpl] DEBUG block.DeletedBlockLogImpl (DeletedBlockLogImpl.java:commitTransactions(224)) - Transaction txId=39 commit by dnId=ad4991cb-97ce-4dd6-b117-42e7f6b0816f for containerID=#39 failed. Corresponding entry not found.
2021-08-10 12:16:28,653 [EventQueue-DeleteBlockStatusForDeletedBlockLogImpl] DEBUG block.DeletedBlockLogImpl (DeletedBlockLogImpl.java:isTransactionFailed(278)) - Got block deletion ACK from datanode, TXIDs=40, success=true
2021-08-10 12:16:28,653 [EventQueue-DeleteBlockStatusForDeletedBlockLogImpl] DEBUG block.DeletedBlockLogImpl (DeletedBlockLogImpl.java:commitTransactions(224)) - Transaction txId=40 commit by dnId=ad4991cb-97ce-4dd6-b117-42e7f6b0816f for containerID=#40 failed. Corresponding entry not found.
2021-08-10 12:16:28,653 [EventQueue-DeleteBlockStatusForDeletedBlockLogImpl] DEBUG block.DeletedBlockLogImpl (DeletedBlockLogImpl.java:isTransactionFailed(278)) - Got block deletion ACK from datanode, TXIDs=41, success=true
2021-08-10 12:16:28,653 [EventQueue-DeleteBlockStatusForDeletedBlockLogImpl] DEBUG block.DeletedBlockLogImpl (DeletedBlockLogImpl.java:commitTransactions(224)) - Transaction txId=41 commit by dnId=ad4991cb-97ce-4dd6-b117-42e7f6b0816f for containerID=#41 failed. Corresponding entry not found.
2021-08-10 12:16:28,653 [EventQueue-DeleteBlockStatusForDeletedBlockLogImpl] DEBUG block.DeletedBlockLogImpl (DeletedBlockLogImpl.java:isTransactionFailed(278)) - Got block deletion ACK from datanode, TXIDs=42, success=true
2021-08-10 12:16:28,653 [EventQueue-DeleteBlockStatusForDeletedBlockLogImpl] DEBUG block.DeletedBlockLogImpl (DeletedBlockLogImpl.java:commitTransactions(224)) - Transaction txId=42 commit by dnId=ad4991cb-97ce-4dd6-b117-42e7f6b0816f for containerID=#42 failed. Corresponding entry not found.
2021-08-10 12:16:28,653 [EventQueue-DeleteBlockStatusForDeletedBlockLogImpl] DEBUG block.DeletedBlockLogImpl (DeletedBlockLogImpl.java:isTransactionFailed(278)) - Got block deletion ACK from datanode, TXIDs=43, success=true
2021-08-10 12:16:28,653 [EventQueue-DeleteBlockStatusForDeletedBlockLogImpl] DEBUG block.DeletedBlockLogImpl (DeletedBlockLogImpl.java:commitTransactions(224)) - Transaction txId=43 commit by dnId=ad4991cb-97ce-4dd6-b117-42e7f6b0816f for containerID=#43 failed. Corresponding entry not found.
2021-08-10 12:16:28,653 [EventQueue-DeleteBlockStatusForDeletedBlockLogImpl] DEBUG block.DeletedBlockLogImpl (DeletedBlockLogImpl.java:isTransactionFailed(278)) - Got block deletion ACK from datanode, TXIDs=44, success=true
2021-08-10 12:16:28,653 [EventQueue-DeleteBlockStatusForDeletedBlockLogImpl] DEBUG block.DeletedBlockLogImpl (DeletedBlockLogImpl.java:commitTransactions(224)) - Transaction txId=44 commit by dnId=ad4991cb-97ce-4dd6-b117-42e7f6b0816f for containerID=#44 failed. Corresponding entry not found.
2021-08-10 12:16:28,653 [EventQueue-DeleteBlockStatusForDeletedBlockLogImpl] DEBUG block.DeletedBlockLogImpl (DeletedBlockLogImpl.java:isTransactionFailed(278)) - Got block deletion ACK from datanode, TXIDs=45, success=true
2021-08-10 12:16:28,653 [EventQueue-DeleteBlockStatusForDeletedBlockLogImpl] DEBUG block.DeletedBlockLogImpl (DeletedBlockLogImpl.java:commitTransactions(224)) - Transaction txId=45 commit by dnId=ad4991cb-97ce-4dd6-b117-42e7f6b0816f for containerID=#45 failed. Corresponding entry not found.
2021-08-10 12:16:28,653 [EventQueue-DeleteBlockStatusForDeletedBlockLogImpl] DEBUG block.DeletedBlockLogImpl (DeletedBlockLogImpl.java:isTransactionFailed(278)) - Got block deletion ACK from datanode, TXIDs=46, success=true
2021-08-10 12:16:28,653 [EventQueue-DeleteBlockStatusForDeletedBlockLogImpl] DEBUG block.DeletedBlockLogImpl (DeletedBlockLogImpl.java:commitTransactions(224)) - Transaction txId=46 commit by dnId=ad4991cb-97ce-4dd6-b117-42e7f6b0816f for containerID=#46 failed. Corresponding entry not found.
2021-08-10 12:16:28,653 [EventQueue-DeleteBlockStatusForDeletedBlockLogImpl] DEBUG block.DeletedBlockLogImpl (DeletedBlockLogImpl.java:isTransactionFailed(278)) - Got block deletion ACK from datanode, TXIDs=47, success=true
2021-08-10 12:16:28,653 [EventQueue-DeleteBlockStatusForDeletedBlockLogImpl] DEBUG block.DeletedBlockLogImpl (DeletedBlockLogImpl.java:commitTransactions(224)) - Transaction txId=47 commit by dnId=ad4991cb-97ce-4dd6-b117-42e7f6b0816f for containerID=#47 failed. Corresponding entry not found.
2021-08-10 12:16:28,653 [EventQueue-DeleteBlockStatusForDeletedBlockLogImpl] DEBUG block.DeletedBlockLogImpl (DeletedBlockLogImpl.java:isTransactionFailed(278)) - Got block deletion ACK from datanode, TXIDs=48, success=true
2021-08-10 12:16:28,653 [EventQueue-DeleteBlockStatusForDeletedBlockLogImpl] DEBUG block.DeletedBlockLogImpl (DeletedBlockLogImpl.java:commitTransactions(224)) - Transaction txId=48 commit by dnId=ad4991cb-97ce-4dd6-b117-42e7f6b0816f for containerID=#48 failed. Corresponding entry not found.
2021-08-10 12:16:28,653 [EventQueue-DeleteBlockStatusForDeletedBlockLogImpl] DEBUG block.DeletedBlockLogImpl (DeletedBlockLogImpl.java:isTransactionFailed(278)) - Got block deletion ACK from datanode, TXIDs=49, success=true
2021-08-10 12:16:28,653 [EventQueue-DeleteBlockStatusForDeletedBlockLogImpl] DEBUG block.DeletedBlockLogImpl (DeletedBlockLogImpl.java:commitTransactions(224)) - Transaction txId=49 commit by dnId=ad4991cb-97ce-4dd6-b117-42e7f6b0816f for containerID=#49 failed. Corresponding entry not found.
2021-08-10 12:16:28,653 [EventQueue-DeleteBlockStatusForDeletedBlockLogImpl] DEBUG block.DeletedBlockLogImpl (DeletedBlockLogImpl.java:isTransactionFailed(278)) - Got block deletion ACK from datanode, TXIDs=50, success=true
2021-08-10 12:16:28,653 [EventQueue-DeleteBlockStatusForDeletedBlockLogImpl] DEBUG block.DeletedBlockLogImpl (DeletedBlockLogImpl.java:commitTransactions(224)) - Transaction txId=50 commit by dnId=ad4991cb-97ce-4dd6-b117-42e7f6b0816f for containerID=#50 failed. Corresponding entry not found.
2021-08-10 12:16:28,653 [EventQueue-DeleteBlockStatusForDeletedBlockLogImpl] DEBUG block.DeletedBlockLogImpl (DeletedBlockLogImpl.java:isTransactionFailed(278)) - Got block deletion ACK from datanode, TXIDs=51, success=true
2021-08-10 12:16:28,653 [EventQueue-DeleteBlockStatusForDeletedBlockLogImpl] DEBUG block.DeletedBlockLogImpl (DeletedBlockLogImpl.java:commitTransactions(224)) - Transaction txId=51 commit by dnId=ad4991cb-97ce-4dd6-b117-42e7f6b0816f for containerID=#51 failed. Corresponding entry not found.
2021-08-10 12:16:28,653 [EventQueue-DeleteBlockStatusForDeletedBlockLogImpl] DEBUG block.DeletedBlockLogImpl (DeletedBlockLogImpl.java:isTransactionFailed(278)) - Got block deletion ACK from datanode, TXIDs=52, success=true
2021-08-10 12:16:28,653 [EventQueue-DeleteBlockStatusForDeletedBlockLogImpl] DEBUG block.DeletedBlockLogImpl (DeletedBlockLogImpl.java:commitTransactions(224)) - Transaction txId=52 commit by dnId=ad4991cb-97ce-4dd6-b117-42e7f6b0816f for containerID=#52 failed. Corresponding entry not found.
2021-08-10 12:16:28,653 [EventQueue-DeleteBlockStatusForDeletedBlockLogImpl] DEBUG block.DeletedBlockLogImpl (DeletedBlockLogImpl.java:isTransactionFailed(278)) - Got block deletion ACK from datanode, TXIDs=53, success=true
2021-08-10 12:16:28,653 [EventQueue-DeleteBlockStatusForDeletedBlockLogImpl] DEBUG block.DeletedBlockLogImpl (DeletedBlockLogImpl.java:commitTransactions(224)) - Transaction txId=53 commit by dnId=ad4991cb-97ce-4dd6-b117-42e7f6b0816f for containerID=#53 failed. Corresponding entry not found.
2021-08-10 12:16:28,653 [EventQueue-DeleteBlockStatusForDeletedBlockLogImpl] DEBUG block.DeletedBlockLogImpl (DeletedBlockLogImpl.java:isTransactionFailed(278)) - Got block deletion ACK from datanode, TXIDs=54, success=true
2021-08-10 12:16:28,653 [EventQueue-DeleteBlockStatusForDeletedBlockLogImpl] DEBUG block.DeletedBlockLogImpl (DeletedBlockLogImpl.java:commitTransactions(224)) - Transaction txId=54 commit by dnId=ad4991cb-97ce-4dd6-b117-42e7f6b0816f for containerID=#54 failed. Corresponding entry not found.
2021-08-10 12:16:28,654 [EventQueue-DeleteBlockStatusForDeletedBlockLogImpl] DEBUG block.DeletedBlockLogImpl (DeletedBlockLogImpl.java:isTransactionFailed(278)) - Got block deletion ACK from datanode, TXIDs=55, success=true
2021-08-10 12:16:28,654 [EventQueue-DeleteBlockStatusForDeletedBlockLogImpl] DEBUG block.DeletedBlockLogImpl (DeletedBlockLogImpl.java:commitTransactions(224)) - Transaction txId=55 commit by dnId=ad4991cb-97ce-4dd6-b117-42e7f6b0816f for containerID=#55 failed. Corresponding entry not found.
2021-08-10 12:16:28,654 [EventQueue-DeleteBlockStatusForDeletedBlockLogImpl] DEBUG block.DeletedBlockLogImpl (DeletedBlockLogImpl.java:isTransactionFailed(278)) - Got block deletion ACK from datanode, TXIDs=56, success=true
2021-08-10 12:16:28,654 [EventQueue-DeleteBlockStatusForDeletedBlockLogImpl] DEBUG block.DeletedBlockLogImpl (DeletedBlockLogImpl.java:commitTransactions(224)) - Transaction txId=56 commit by dnId=ad4991cb-97ce-4dd6-b117-42e7f6b0816f for containerID=#56 failed. Corresponding entry not found.
2021-08-10 12:16:28,654 [EventQueue-DeleteBlockStatusForDeletedBlockLogImpl] DEBUG block.DeletedBlockLogImpl (DeletedBlockLogImpl.java:isTransactionFailed(278)) - Got block deletion ACK from datanode, TXIDs=1, success=true
2021-08-10 12:16:28,654 [EventQueue-DeleteBlockStatusForDeletedBlockLogImpl] DEBUG block.DeletedBlockLogImpl (DeletedBlockLogImpl.java:commitTransactions(224)) - Transaction txId=1 commit by dnId=ad4991cb-97ce-4dd6-b117-42e7f6b0816f for containerID=#1 failed. Corresponding entry not found.
2021-08-10 12:16:28,654 [EventQueue-DeleteBlockStatusForDeletedBlockLogImpl] DEBUG block.DeletedBlockLogImpl (DeletedBlockLogImpl.java:isTransactionFailed(278)) - Got block deletion ACK from datanode, TXIDs=2, success=true
2021-08-10 12:16:28,654 [EventQueue-DeleteBlockStatusForDeletedBlockLogImpl] DEBUG block.DeletedBlockLogImpl (DeletedBlockLogImpl.java:commitTransactions(224)) - Transaction txId=2 commit by dnId=ad4991cb-97ce-4dd6-b117-42e7f6b0816f for containerID=#2 failed. Corresponding entry not found.
2021-08-10 12:16:28,654 [EventQueue-DeleteBlockStatusForDeletedBlockLogImpl] DEBUG block.DeletedBlockLogImpl (DeletedBlockLogImpl.java:isTransactionFailed(278)) - Got block deletion ACK from datanode, TXIDs=3, success=true
2021-08-10 12:16:28,654 [EventQueue-DeleteBlockStatusForDeletedBlockLogImpl] DEBUG block.DeletedBlockLogImpl (DeletedBlockLogImpl.java:commitTransactions(224)) - Transaction txId=3 commit by dnId=ad4991cb-97ce-4dd6-b117-42e7f6b0816f for containerID=#3 failed. Corresponding entry not found.
2021-08-10 12:16:28,654 [EventQueue-DeleteBlockStatusForDeletedBlockLogImpl] DEBUG block.DeletedBlockLogImpl (DeletedBlockLogImpl.java:isTransactionFailed(278)) - Got block deletion ACK from datanode, TXIDs=4, success=true
2021-08-10 12:16:28,654 [EventQueue-DeleteBlockStatusForDeletedBlockLogImpl] DEBUG block.DeletedBlockLogImpl (DeletedBlockLogImpl.java:commitTransactions(224)) - Transaction txId=4 commit by dnId=ad4991cb-97ce-4dd6-b117-42e7f6b0816f for containerID=#4 failed. Corresponding entry not found.
2021-08-10 12:16:28,654 [EventQueue-DeleteBlockStatusForDeletedBlockLogImpl] DEBUG block.DeletedBlockLogImpl (DeletedBlockLogImpl.java:isTransactionFailed(278)) - Got block deletion ACK from datanode, TXIDs=5, success=true
2021-08-10 12:16:28,654 [EventQueue-DeleteBlockStatusForDeletedBlockLogImpl] DEBUG block.DeletedBlockLogImpl (DeletedBlockLogImpl.java:commitTransactions(224)) - Transaction txId=5 commit by dnId=ad4991cb-97ce-4dd6-b117-42e7f6b0816f for containerID=#5 failed. Corresponding entry not found.
2021-08-10 12:16:28,654 [EventQueue-DeleteBlockStatusForDeletedBlockLogImpl] DEBUG block.DeletedBlockLogImpl (DeletedBlockLogImpl.java:isTransactionFailed(278)) - Got block deletion ACK from datanode, TXIDs=6, success=true
2021-08-10 12:16:28,654 [EventQueue-DeleteBlockStatusForDeletedBlockLogImpl] DEBUG block.DeletedBlockLogImpl (DeletedBlockLogImpl.java:commitTransactions(224)) - Transaction txId=6 commit by dnId=ad4991cb-97ce-4dd6-b117-42e7f6b0816f for containerID=#6 failed. Corresponding entry not found.
2021-08-10 12:16:28,655 [EventQueue-DeleteBlockStatusForDeletedBlockLogImpl] DEBUG block.DeletedBlockLogImpl (DeletedBlockLogImpl.java:isTransactionFailed(278)) - Got block deletion ACK from datanode, TXIDs=7, success=true
2021-08-10 12:16:28,655 [EventQueue-DeleteBlockStatusForDeletedBlockLogImpl] DEBUG block.DeletedBlockLogImpl (DeletedBlockLogImpl.java:commitTransactions(224)) - Transaction txId=7 commit by dnId=ad4991cb-97ce-4dd6-b117-42e7f6b0816f for containerID=#7 failed. Corresponding entry not found.
2021-08-10 12:16:28,655 [EventQueue-DeleteBlockStatusForDeletedBlockLogImpl] DEBUG block.DeletedBlockLogImpl (DeletedBlockLogImpl.java:isTransactionFailed(278)) - Got block deletion ACK from datanode, TXIDs=8, success=true
2021-08-10 12:16:28,655 [EventQueue-DeleteBlockStatusForDeletedBlockLogImpl] DEBUG block.DeletedBlockLogImpl (DeletedBlockLogImpl.java:commitTransactions(224)) - Transaction txId=8 commit by dnId=ad4991cb-97ce-4dd6-b117-42e7f6b0816f for containerID=#8 failed. Corresponding entry not found.
2021-08-10 12:16:28,655 [EventQueue-DeleteBlockStatusForDeletedBlockLogImpl] DEBUG block.DeletedBlockLogImpl (DeletedBlockLogImpl.java:isTransactionFailed(278)) - Got block deletion ACK from datanode, TXIDs=9, success=true
2021-08-10 12:16:28,655 [EventQueue-DeleteBlockStatusForDeletedBlockLogImpl] DEBUG block.DeletedBlockLogImpl (DeletedBlockLogImpl.java:commitTransactions(224)) - Transaction txId=9 commit by dnId=ad4991cb-97ce-4dd6-b117-42e7f6b0816f for containerID=#9 failed. Corresponding entry not found.
2021-08-10 12:16:28,655 [EventQueue-DeleteBlockStatusForDeletedBlockLogImpl] DEBUG block.DeletedBlockLogImpl (DeletedBlockLogImpl.java:isTransactionFailed(278)) - Got block deletion ACK from datanode, TXIDs=10, success=true
2021-08-10 12:16:28,655 [EventQueue-DeleteBlockStatusForDeletedBlockLogImpl] DEBUG block.DeletedBlockLogImpl (DeletedBlockLogImpl.java:commitTransactions(224)) - Transaction txId=10 commit by dnId=ad4991cb-97ce-4dd6-b117-42e7f6b0816f for containerID=#10 failed. Corresponding entry not found.
2021-08-10 12:16:28,655 [EventQueue-DeleteBlockStatusForDeletedBlockLogImpl] DEBUG block.DeletedBlockLogImpl (DeletedBlockLogImpl.java:isTransactionFailed(278)) - Got block deletion ACK from datanode, TXIDs=11, success=true
2021-08-10 12:16:28,655 [EventQueue-DeleteBlockStatusForDeletedBlockLogImpl] DEBUG block.DeletedBlockLogImpl (DeletedBlockLogImpl.java:commitTransactions(224)) - Transaction txId=11 commit by dnId=ad4991cb-97ce-4dd6-b117-42e7f6b0816f for containerID=#11 failed. Corresponding entry not found.
2021-08-10 12:16:28,655 [EventQueue-DeleteBlockStatusForDeletedBlockLogImpl] DEBUG block.DeletedBlockLogImpl (DeletedBlockLogImpl.java:isTransactionFailed(278)) - Got block deletion ACK from datanode, TXIDs=12, success=true
2021-08-10 12:16:28,655 [EventQueue-DeleteBlockStatusForDeletedBlockLogImpl] DEBUG block.DeletedBlockLogImpl (DeletedBlockLogImpl.java:commitTransactions(224)) - Transaction txId=12 commit by dnId=ad4991cb-97ce-4dd6-b117-42e7f6b0816f for containerID=#12 failed. Corresponding entry not found.
2021-08-10 12:16:28,655 [EventQueue-DeleteBlockStatusForDeletedBlockLogImpl] DEBUG block.DeletedBlockLogImpl (DeletedBlockLogImpl.java:isTransactionFailed(278)) - Got block deletion ACK from datanode, TXIDs=13, success=true
2021-08-10 12:16:28,655 [EventQueue-DeleteBlockStatusForDeletedBlockLogImpl] DEBUG block.DeletedBlockLogImpl (DeletedBlockLogImpl.java:commitTransactions(224)) - Transaction txId=13 commit by dnId=ad4991cb-97ce-4dd6-b117-42e7f6b0816f for containerID=#13 failed. Corresponding entry not found.
2021-08-10 12:16:28,655 [EventQueue-DeleteBlockStatusForDeletedBlockLogImpl] DEBUG block.DeletedBlockLogImpl (DeletedBlockLogImpl.java:isTransactionFailed(278)) - Got block deletion ACK from datanode, TXIDs=14, success=true
2021-08-10 12:16:28,655 [EventQueue-DeleteBlockStatusForDeletedBlockLogImpl] DEBUG block.DeletedBlockLogImpl (DeletedBlockLogImpl.java:commitTransactions(224)) - Transaction txId=14 commit by dnId=ad4991cb-97ce-4dd6-b117-42e7f6b0816f for containerID=#14 failed. Corresponding entry not found.
2021-08-10 12:16:28,655 [EventQueue-DeleteBlockStatusForDeletedBlockLogImpl] DEBUG block.DeletedBlockLogImpl (DeletedBlockLogImpl.java:isTransactionFailed(278)) - Got block deletion ACK from datanode, TXIDs=15, success=true
2021-08-10 12:16:28,655 [EventQueue-DeleteBlockStatusForDeletedBlockLogImpl] DEBUG block.DeletedBlockLogImpl (DeletedBlockLogImpl.java:commitTransactions(224)) - Transaction txId=15 commit by dnId=ad4991cb-97ce-4dd6-b117-42e7f6b0816f for containerID=#15 failed. Corresponding entry not found.
2021-08-10 12:16:28,655 [EventQueue-DeleteBlockStatusForDeletedBlockLogImpl] DEBUG block.DeletedBlockLogImpl (DeletedBlockLogImpl.java:isTransactionFailed(278)) - Got block deletion ACK from datanode, TXIDs=16, success=true
2021-08-10 12:16:28,655 [EventQueue-DeleteBlockStatusForDeletedBlockLogImpl] DEBUG block.DeletedBlockLogImpl (DeletedBlockLogImpl.java:commitTransactions(224)) - Transaction txId=16 commit by dnId=ad4991cb-97ce-4dd6-b117-42e7f6b0816f for containerID=#16 failed. Corresponding entry not found.
2021-08-10 12:16:28,655 [EventQueue-DeleteBlockStatusForDeletedBlockLogImpl] DEBUG block.DeletedBlockLogImpl (DeletedBlockLogImpl.java:isTransactionFailed(278)) - Got block deletion ACK from datanode, TXIDs=17, success=true
2021-08-10 12:16:28,655 [EventQueue-DeleteBlockStatusForDeletedBlockLogImpl] DEBUG block.DeletedBlockLogImpl (DeletedBlockLogImpl.java:commitTransactions(224)) - Transaction txId=17 commit by dnId=ad4991cb-97ce-4dd6-b117-42e7f6b0816f for containerID=#17 failed. Corresponding entry not found.
2021-08-10 12:16:28,655 [EventQueue-DeleteBlockStatusForDeletedBlockLogImpl] DEBUG block.DeletedBlockLogImpl (DeletedBlockLogImpl.java:isTransactionFailed(278)) - Got block deletion ACK from datanode, TXIDs=18, success=true
2021-08-10 12:16:28,655 [EventQueue-DeleteBlockStatusForDeletedBlockLogImpl] DEBUG block.DeletedBlockLogImpl (DeletedBlockLogImpl.java:commitTransactions(224)) - Transaction txId=18 commit by dnId=ad4991cb-97ce-4dd6-b117-42e7f6b0816f for containerID=#18 failed. Corresponding entry not found.
2021-08-10 12:16:28,655 [EventQueue-DeleteBlockStatusForDeletedBlockLogImpl] DEBUG block.DeletedBlockLogImpl (DeletedBlockLogImpl.java:isTransactionFailed(278)) - Got block deletion ACK from datanode, TXIDs=19, success=true
2021-08-10 12:16:28,655 [EventQueue-DeleteBlockStatusForDeletedBlockLogImpl] DEBUG block.DeletedBlockLogImpl (DeletedBlockLogImpl.java:commitTransactions(224)) - Transaction txId=19 commit by dnId=ad4991cb-97ce-4dd6-b117-42e7f6b0816f for containerID=#19 failed. Corresponding entry not found.
2021-08-10 12:16:28,655 [EventQueue-DeleteBlockStatusForDeletedBlockLogImpl] DEBUG block.DeletedBlockLogImpl (DeletedBlockLogImpl.java:isTransactionFailed(278)) - Got block deletion ACK from datanode, TXIDs=20, success=true
2021-08-10 12:16:28,655 [EventQueue-DeleteBlockStatusForDeletedBlockLogImpl] DEBUG block.DeletedBlockLogImpl (DeletedBlockLogImpl.java:commitTransactions(224)) - Transaction txId=20 commit by dnId=ad4991cb-97ce-4dd6-b117-42e7f6b0816f for containerID=#20 failed. Corresponding entry not found.
2021-08-10 12:16:28,655 [EventQueue-DeleteBlockStatusForDeletedBlockLogImpl] DEBUG block.DeletedBlockLogImpl (DeletedBlockLogImpl.java:isTransactionFailed(278)) - Got block deletion ACK from datanode, TXIDs=21, success=true
2021-08-10 12:16:28,655 [EventQueue-DeleteBlockStatusForDeletedBlockLogImpl] DEBUG block.DeletedBlockLogImpl (DeletedBlockLogImpl.java:commitTransactions(224)) - Transaction txId=21 commit by dnId=ad4991cb-97ce-4dd6-b117-42e7f6b0816f for containerID=#21 failed. Corresponding entry not found.
2021-08-10 12:16:28,655 [EventQueue-DeleteBlockStatusForDeletedBlockLogImpl] DEBUG block.DeletedBlockLogImpl (DeletedBlockLogImpl.java:isTransactionFailed(278)) - Got block deletion ACK from datanode, TXIDs=22, success=true
2021-08-10 12:16:28,655 [EventQueue-DeleteBlockStatusForDeletedBlockLogImpl] DEBUG block.DeletedBlockLogImpl (DeletedBlockLogImpl.java:commitTransactions(224)) - Transaction txId=22 commit by dnId=ad4991cb-97ce-4dd6-b117-42e7f6b0816f for containerID=#22 failed. Corresponding entry not found.
2021-08-10 12:16:28,655 [EventQueue-DeleteBlockStatusForDeletedBlockLogImpl] DEBUG block.DeletedBlockLogImpl (DeletedBlockLogImpl.java:isTransactionFailed(278)) - Got block deletion ACK from datanode, TXIDs=23, success=true
2021-08-10 12:16:28,655 [EventQueue-DeleteBlockStatusForDeletedBlockLogImpl] DEBUG block.DeletedBlockLogImpl (DeletedBlockLogImpl.java:commitTransactions(224)) - Transaction txId=23 commit by dnId=ad4991cb-97ce-4dd6-b117-42e7f6b0816f for containerID=#23 failed. Corresponding entry not found.
2021-08-10 12:16:28,655 [EventQueue-DeleteBlockStatusForDeletedBlockLogImpl] DEBUG block.DeletedBlockLogImpl (DeletedBlockLogImpl.java:isTransactionFailed(278)) - Got block deletion ACK from datanode, TXIDs=24, success=true
2021-08-10 12:16:28,655 [EventQueue-DeleteBlockStatusForDeletedBlockLogImpl] DEBUG block.DeletedBlockLogImpl (DeletedBlockLogImpl.java:commitTransactions(224)) - Transaction txId=24 commit by dnId=ad4991cb-97ce-4dd6-b117-42e7f6b0816f for containerID=#24 failed. Corresponding entry not found.
2021-08-10 12:16:28,655 [EventQueue-DeleteBlockStatusForDeletedBlockLogImpl] DEBUG block.DeletedBlockLogImpl (DeletedBlockLogImpl.java:isTransactionFailed(278)) - Got block deletion ACK from datanode, TXIDs=25, success=true
2021-08-10 12:16:28,655 [EventQueue-DeleteBlockStatusForDeletedBlockLogImpl] DEBUG block.DeletedBlockLogImpl (DeletedBlockLogImpl.java:commitTransactions(224)) - Transaction txId=25 commit by dnId=ad4991cb-97ce-4dd6-b117-42e7f6b0816f for containerID=#25 failed. Corresponding entry not found.
2021-08-10 12:16:28,655 [EventQueue-DeleteBlockStatusForDeletedBlockLogImpl] DEBUG block.DeletedBlockLogImpl (DeletedBlockLogImpl.java:isTransactionFailed(278)) - Got block deletion ACK from datanode, TXIDs=26, success=true
2021-08-10 12:16:28,655 [EventQueue-DeleteBlockStatusForDeletedBlockLogImpl] DEBUG block.DeletedBlockLogImpl (DeletedBlockLogImpl.java:commitTransactions(224)) - Transaction txId=26 commit by dnId=ad4991cb-97ce-4dd6-b117-42e7f6b0816f for containerID=#26 failed. Corresponding entry not found.
2021-08-10 12:16:28,655 [EventQueue-DeleteBlockStatusForDeletedBlockLogImpl] DEBUG block.DeletedBlockLogImpl (DeletedBlockLogImpl.java:isTransactionFailed(278)) - Got block deletion ACK from datanode, TXIDs=27, success=true
2021-08-10 12:16:28,655 [EventQueue-DeleteBlockStatusForDeletedBlockLogImpl] DEBUG block.DeletedBlockLogImpl (DeletedBlockLogImpl.java:commitTransactions(224)) - Transaction txId=27 commit by dnId=ad4991cb-97ce-4dd6-b117-42e7f6b0816f for containerID=#27 failed. Corresponding entry not found.
2021-08-10 12:16:28,655 [EventQueue-DeleteBlockStatusForDeletedBlockLogImpl] DEBUG block.DeletedBlockLogImpl (DeletedBlockLogImpl.java:isTransactionFailed(278)) - Got block deletion ACK from datanode, TXIDs=28, success=true
2021-08-10 12:16:28,655 [EventQueue-DeleteBlockStatusForDeletedBlockLogImpl] DEBUG block.DeletedBlockLogImpl (DeletedBlockLogImpl.java:commitTransactions(224)) - Transaction txId=28 commit by dnId=ad4991cb-97ce-4dd6-b117-42e7f6b0816f for containerID=#28 failed. Corresponding entry not found.
2021-08-10 12:16:28,656 [EventQueue-DeleteBlockStatusForDeletedBlockLogImpl] DEBUG block.DeletedBlockLogImpl (DeletedBlockLogImpl.java:isTransactionFailed(278)) - Got block deletion ACK from datanode, TXIDs=29, success=true
2021-08-10 12:16:28,656 [EventQueue-DeleteBlockStatusForDeletedBlockLogImpl] DEBUG block.DeletedBlockLogImpl (DeletedBlockLogImpl.java:commitTransactions(224)) - Transaction txId=29 commit by dnId=ad4991cb-97ce-4dd6-b117-42e7f6b0816f for containerID=#29 failed. Corresponding entry not found.
2021-08-10 12:16:28,656 [EventQueue-DeleteBlockStatusForDeletedBlockLogImpl] DEBUG block.DeletedBlockLogImpl (DeletedBlockLogImpl.java:isTransactionFailed(278)) - Got block deletion ACK from datanode, TXIDs=30, success=true
2021-08-10 12:16:28,656 [EventQueue-DeleteBlockStatusForDeletedBlockLogImpl] DEBUG block.DeletedBlockLogImpl (DeletedBlockLogImpl.java:commitTransactions(224)) - Transaction txId=30 commit by dnId=ad4991cb-97ce-4dd6-b117-42e7f6b0816f for containerID=#30 failed. Corresponding entry not found.
2021-08-10 12:16:28,656 [EventQueue-DeleteBlockStatusForDeletedBlockLogImpl] DEBUG block.DeletedBlockLogImpl (DeletedBlockLogImpl.java:isTransactionFailed(278)) - Got block deletion ACK from datanode, TXIDs=31, success=true
2021-08-10 12:16:28,656 [EventQueue-DeleteBlockStatusForDeletedBlockLogImpl] DEBUG block.DeletedBlockLogImpl (DeletedBlockLogImpl.java:commitTransactions(224)) - Transaction txId=31 commit by dnId=ad4991cb-97ce-4dd6-b117-42e7f6b0816f for containerID=#31 failed. Corresponding entry not found.
2021-08-10 12:16:28,656 [EventQueue-DeleteBlockStatusForDeletedBlockLogImpl] DEBUG block.DeletedBlockLogImpl (DeletedBlockLogImpl.java:isTransactionFailed(278)) - Got block deletion ACK from datanode, TXIDs=32, success=true
2021-08-10 12:16:28,656 [EventQueue-DeleteBlockStatusForDeletedBlockLogImpl] DEBUG block.DeletedBlockLogImpl (DeletedBlockLogImpl.java:commitTransactions(224)) - Transaction txId=32 commit by dnId=ad4991cb-97ce-4dd6-b117-42e7f6b0816f for containerID=#32 failed. Corresponding entry not found.
2021-08-10 12:16:28,656 [EventQueue-DeleteBlockStatusForDeletedBlockLogImpl] DEBUG block.DeletedBlockLogImpl (DeletedBlockLogImpl.java:isTransactionFailed(278)) - Got block deletion ACK from datanode, TXIDs=33, success=true
2021-08-10 12:16:28,656 [EventQueue-DeleteBlockStatusForDeletedBlockLogImpl] DEBUG block.DeletedBlockLogImpl (DeletedBlockLogImpl.java:commitTransactions(224)) - Transaction txId=33 commit by dnId=ad4991cb-97ce-4dd6-b117-42e7f6b0816f for containerID=#33 failed. Corresponding entry not found.
2021-08-10 12:16:28,656 [EventQueue-DeleteBlockStatusForDeletedBlockLogImpl] DEBUG block.DeletedBlockLogImpl (DeletedBlockLogImpl.java:isTransactionFailed(278)) - Got block deletion ACK from datanode, TXIDs=34, success=true
2021-08-10 12:16:28,656 [EventQueue-DeleteBlockStatusForDeletedBlockLogImpl] DEBUG block.DeletedBlockLogImpl (DeletedBlockLogImpl.java:commitTransactions(224)) - Transaction txId=34 commit by dnId=ad4991cb-97ce-4dd6-b117-42e7f6b0816f for containerID=#34 failed. Corresponding entry not found.
2021-08-10 12:16:28,656 [EventQueue-DeleteBlockStatusForDeletedBlockLogImpl] DEBUG block.DeletedBlockLogImpl (DeletedBlockLogImpl.java:isTransactionFailed(278)) - Got block deletion ACK from datanode, TXIDs=35, success=true
2021-08-10 12:16:28,656 [EventQueue-DeleteBlockStatusForDeletedBlockLogImpl] DEBUG block.DeletedBlockLogImpl (DeletedBlockLogImpl.java:commitTransactions(224)) - Transaction txId=35 commit by dnId=ad4991cb-97ce-4dd6-b117-42e7f6b0816f for containerID=#35 failed. Corresponding entry not found.
2021-08-10 12:16:28,656 [EventQueue-DeleteBlockStatusForDeletedBlockLogImpl] DEBUG block.DeletedBlockLogImpl (DeletedBlockLogImpl.java:isTransactionFailed(278)) - Got block deletion ACK from datanode, TXIDs=36, success=true
2021-08-10 12:16:28,656 [EventQueue-DeleteBlockStatusForDeletedBlockLogImpl] DEBUG block.DeletedBlockLogImpl (DeletedBlockLogImpl.java:commitTransactions(224)) - Transaction txId=36 commit by dnId=ad4991cb-97ce-4dd6-b117-42e7f6b0816f for containerID=#36 failed. Corresponding entry not found.
2021-08-10 12:16:28,656 [EventQueue-DeleteBlockStatusForDeletedBlockLogImpl] DEBUG block.DeletedBlockLogImpl (DeletedBlockLogImpl.java:isTransactionFailed(278)) - Got block deletion ACK from datanode, TXIDs=37, success=true
2021-08-10 12:16:28,656 [EventQueue-DeleteBlockStatusForDeletedBlockLogImpl] DEBUG block.DeletedBlockLogImpl (DeletedBlockLogImpl.java:commitTransactions(224)) - Transaction txId=37 commit by dnId=ad4991cb-97ce-4dd6-b117-42e7f6b0816f for containerID=#37 failed. Corresponding entry not found.
2021-08-10 12:16:28,656 [EventQueue-DeleteBlockStatusForDeletedBlockLogImpl] DEBUG block.DeletedBlockLogImpl (DeletedBlockLogImpl.java:isTransactionFailed(278)) - Got block deletion ACK from datanode, TXIDs=38, success=true
2021-08-10 12:16:28,656 [EventQueue-DeleteBlockStatusForDeletedBlockLogImpl] DEBUG block.DeletedBlockLogImpl (DeletedBlockLogImpl.java:commitTransactions(224)) - Transaction txId=38 commit by dnId=ad4991cb-97ce-4dd6-b117-42e7f6b0816f for containerID=#38 failed. Corresponding entry not found.
2021-08-10 12:16:28,656 [EventQueue-DeleteBlockStatusForDeletedBlockLogImpl] DEBUG block.DeletedBlockLogImpl (DeletedBlockLogImpl.java:isTransactionFailed(278)) - Got block deletion ACK from datanode, TXIDs=39, success=true
2021-08-10 12:16:28,656 [EventQueue-DeleteBlockStatusForDeletedBlockLogImpl] DEBUG block.DeletedBlockLogImpl (DeletedBlockLogImpl.java:commitTransactions(224)) - Transaction txId=39 commit by dnId=ad4991cb-97ce-4dd6-b117-42e7f6b0816f for containerID=#39 failed. Corresponding entry not found.
2021-08-10 12:16:28,656 [EventQueue-DeleteBlockStatusForDeletedBlockLogImpl] DEBUG block.DeletedBlockLogImpl (DeletedBlockLogImpl.java:isTransactionFailed(278)) - Got block deletion ACK from datanode, TXIDs=40, success=true
2021-08-10 12:16:28,656 [EventQueue-DeleteBlockStatusForDeletedBlockLogImpl] DEBUG block.DeletedBlockLogImpl (DeletedBlockLogImpl.java:commitTransactions(224)) - Transaction txId=40 commit by dnId=ad4991cb-97ce-4dd6-b117-42e7f6b0816f for containerID=#40 failed. Corresponding entry not found.
2021-08-10 12:16:28,656 [EventQueue-DeleteBlockStatusForDeletedBlockLogImpl] DEBUG block.DeletedBlockLogImpl (DeletedBlockLogImpl.java:isTransactionFailed(278)) - Got block deletion ACK from datanode, TXIDs=41, success=true
2021-08-10 12:16:28,656 [EventQueue-DeleteBlockStatusForDeletedBlockLogImpl] DEBUG block.DeletedBlockLogImpl (DeletedBlockLogImpl.java:commitTransactions(224)) - Transaction txId=41 commit by dnId=ad4991cb-97ce-4dd6-b117-42e7f6b0816f for containerID=#41 failed. Corresponding entry not found.
2021-08-10 12:16:28,656 [EventQueue-DeleteBlockStatusForDeletedBlockLogImpl] DEBUG block.DeletedBlockLogImpl (DeletedBlockLogImpl.java:isTransactionFailed(278)) - Got block deletion ACK from datanode, TXIDs=42, success=true
2021-08-10 12:16:28,656 [EventQueue-DeleteBlockStatusForDeletedBlockLogImpl] DEBUG block.DeletedBlockLogImpl (DeletedBlockLogImpl.java:commitTransactions(224)) - Transaction txId=42 commit by dnId=ad4991cb-97ce-4dd6-b117-42e7f6b0816f for containerID=#42 failed. Corresponding entry not found.
2021-08-10 12:16:28,656 [EventQueue-DeleteBlockStatusForDeletedBlockLogImpl] DEBUG block.DeletedBlockLogImpl (DeletedBlockLogImpl.java:isTransactionFailed(278)) - Got block deletion ACK from datanode, TXIDs=43, success=true
2021-08-10 12:16:28,656 [EventQueue-DeleteBlockStatusForDeletedBlockLogImpl] DEBUG block.DeletedBlockLogImpl (DeletedBlockLogImpl.java:commitTransactions(224)) - Transaction txId=43 commit by dnId=ad4991cb-97ce-4dd6-b117-42e7f6b0816f for containerID=#43 failed. Corresponding entry not found.
2021-08-10 12:16:28,656 [EventQueue-DeleteBlockStatusForDeletedBlockLogImpl] DEBUG block.DeletedBlockLogImpl (DeletedBlockLogImpl.java:isTransactionFailed(278)) - Got block deletion ACK from datanode, TXIDs=44, success=true
2021-08-10 12:16:28,656 [EventQueue-DeleteBlockStatusForDeletedBlockLogImpl] DEBUG block.DeletedBlockLogImpl (DeletedBlockLogImpl.java:commitTransactions(224)) - Transaction txId=44 commit by dnId=ad4991cb-97ce-4dd6-b117-42e7f6b0816f for containerID=#44 failed. Corresponding entry not found.
2021-08-10 12:16:28,656 [EventQueue-DeleteBlockStatusForDeletedBlockLogImpl] DEBUG block.DeletedBlockLogImpl (DeletedBlockLogImpl.java:isTransactionFailed(278)) - Got block deletion ACK from datanode, TXIDs=45, success=true
2021-08-10 12:16:28,656 [EventQueue-DeleteBlockStatusForDeletedBlockLogImpl] DEBUG block.DeletedBlockLogImpl (DeletedBlockLogImpl.java:commitTransactions(224)) - Transaction txId=45 commit by dnId=ad4991cb-97ce-4dd6-b117-42e7f6b0816f for containerID=#45 failed. Corresponding entry not found.
2021-08-10 12:16:28,656 [EventQueue-DeleteBlockStatusForDeletedBlockLogImpl] DEBUG block.DeletedBlockLogImpl (DeletedBlockLogImpl.java:isTransactionFailed(278)) - Got block deletion ACK from datanode, TXIDs=46, success=true
2021-08-10 12:16:28,656 [EventQueue-DeleteBlockStatusForDeletedBlockLogImpl] DEBUG block.DeletedBlockLogImpl (DeletedBlockLogImpl.java:commitTransactions(224)) - Transaction txId=46 commit by dnId=ad4991cb-97ce-4dd6-b117-42e7f6b0816f for containerID=#46 failed. Corresponding entry not found.
2021-08-10 12:16:28,656 [EventQueue-DeleteBlockStatusForDeletedBlockLogImpl] DEBUG block.DeletedBlockLogImpl (DeletedBlockLogImpl.java:isTransactionFailed(278)) - Got block deletion ACK from datanode, TXIDs=47, success=true
2021-08-10 12:16:28,656 [EventQueue-DeleteBlockStatusForDeletedBlockLogImpl] DEBUG block.DeletedBlockLogImpl (DeletedBlockLogImpl.java:commitTransactions(224)) - Transaction txId=47 commit by dnId=ad4991cb-97ce-4dd6-b117-42e7f6b0816f for containerID=#47 failed. Corresponding entry not found.
2021-08-10 12:16:28,656 [EventQueue-DeleteBlockStatusForDeletedBlockLogImpl] DEBUG block.DeletedBlockLogImpl (DeletedBlockLogImpl.java:isTransactionFailed(278)) - Got block deletion ACK from datanode, TXIDs=48, success=true
2021-08-10 12:16:28,656 [EventQueue-DeleteBlockStatusForDeletedBlockLogImpl] DEBUG block.DeletedBlockLogImpl (DeletedBlockLogImpl.java:commitTransactions(224)) - Transaction txId=48 commit by dnId=ad4991cb-97ce-4dd6-b117-42e7f6b0816f for containerID=#48 failed. Corresponding entry not found.
2021-08-10 12:16:28,656 [EventQueue-DeleteBlockStatusForDeletedBlockLogImpl] DEBUG block.DeletedBlockLogImpl (DeletedBlockLogImpl.java:isTransactionFailed(278)) - Got block deletion ACK from datanode, TXIDs=49, success=true
2021-08-10 12:16:28,656 [EventQueue-DeleteBlockStatusForDeletedBlockLogImpl] DEBUG block.DeletedBlockLogImpl (DeletedBlockLogImpl.java:commitTransactions(224)) - Transaction txId=49 commit by dnId=ad4991cb-97ce-4dd6-b117-42e7f6b0816f for containerID=#49 failed. Corresponding entry not found.
2021-08-10 12:16:28,656 [EventQueue-DeleteBlockStatusForDeletedBlockLogImpl] DEBUG block.DeletedBlockLogImpl (DeletedBlockLogImpl.java:isTransactionFailed(278)) - Got block deletion ACK from datanode, TXIDs=50, success=true
2021-08-10 12:16:28,656 [EventQueue-DeleteBlockStatusForDeletedBlockLogImpl] DEBUG block.DeletedBlockLogImpl (DeletedBlockLogImpl.java:commitTransactions(224)) - Transaction txId=50 commit by dnId=ad4991cb-97ce-4dd6-b117-42e7f6b0816f for containerID=#50 failed. Corresponding entry not found.
2021-08-10 12:16:28,656 [EventQueue-DeleteBlockStatusForDeletedBlockLogImpl] DEBUG block.DeletedBlockLogImpl (DeletedBlockLogImpl.java:isTransactionFailed(278)) - Got block deletion ACK from datanode, TXIDs=51, success=true
2021-08-10 12:16:28,657 [EventQueue-DeleteBlockStatusForDeletedBlockLogImpl] DEBUG block.DeletedBlockLogImpl (DeletedBlockLogImpl.java:commitTransactions(224)) - Transaction txId=51 commit by dnId=ad4991cb-97ce-4dd6-b117-42e7f6b0816f for containerID=#51 failed. Corresponding entry not found.
2021-08-10 12:16:28,657 [EventQueue-DeleteBlockStatusForDeletedBlockLogImpl] DEBUG block.DeletedBlockLogImpl (DeletedBlockLogImpl.java:isTransactionFailed(278)) - Got block deletion ACK from datanode, TXIDs=52, success=true
2021-08-10 12:16:28,657 [EventQueue-DeleteBlockStatusForDeletedBlockLogImpl] DEBUG block.DeletedBlockLogImpl (DeletedBlockLogImpl.java:commitTransactions(224)) - Transaction txId=52 commit by dnId=ad4991cb-97ce-4dd6-b117-42e7f6b0816f for containerID=#52 failed. Corresponding entry not found.
2021-08-10 12:16:28,657 [EventQueue-DeleteBlockStatusForDeletedBlockLogImpl] DEBUG block.DeletedBlockLogImpl (DeletedBlockLogImpl.java:isTransactionFailed(278)) - Got block deletion ACK from datanode, TXIDs=53, success=true
2021-08-10 12:16:28,657 [EventQueue-DeleteBlockStatusForDeletedBlockLogImpl] DEBUG block.DeletedBlockLogImpl (DeletedBlockLogImpl.java:commitTransactions(224)) - Transaction txId=53 commit by dnId=ad4991cb-97ce-4dd6-b117-42e7f6b0816f for containerID=#53 failed. Corresponding entry not found.
2021-08-10 12:16:28,657 [EventQueue-DeleteBlockStatusForDeletedBlockLogImpl] DEBUG block.DeletedBlockLogImpl (DeletedBlockLogImpl.java:isTransactionFailed(278)) - Got block deletion ACK from datanode, TXIDs=54, success=true
2021-08-10 12:16:28,657 [EventQueue-DeleteBlockStatusForDeletedBlockLogImpl] DEBUG block.DeletedBlockLogImpl (DeletedBlockLogImpl.java:commitTransactions(224)) - Transaction txId=54 commit by dnId=ad4991cb-97ce-4dd6-b117-42e7f6b0816f for containerID=#54 failed. Corresponding entry not found.
2021-08-10 12:16:28,657 [EventQueue-DeleteBlockStatusForDeletedBlockLogImpl] DEBUG block.DeletedBlockLogImpl (DeletedBlockLogImpl.java:isTransactionFailed(278)) - Got block deletion ACK from datanode, TXIDs=55, success=true
2021-08-10 12:16:28,657 [EventQueue-DeleteBlockStatusForDeletedBlockLogImpl] DEBUG block.DeletedBlockLogImpl (DeletedBlockLogImpl.java:commitTransactions(224)) - Transaction txId=55 commit by dnId=ad4991cb-97ce-4dd6-b117-42e7f6b0816f for containerID=#55 failed. Corresponding entry not found.
2021-08-10 12:16:28,657 [EventQueue-DeleteBlockStatusForDeletedBlockLogImpl] DEBUG block.DeletedBlockLogImpl (DeletedBlockLogImpl.java:isTransactionFailed(278)) - Got block deletion ACK from datanode, TXIDs=56, success=true
2021-08-10 12:16:28,657 [EventQueue-DeleteBlockStatusForDeletedBlockLogImpl] DEBUG block.DeletedBlockLogImpl (DeletedBlockLogImpl.java:commitTransactions(224)) - Transaction txId=56 commit by dnId=ad4991cb-97ce-4dd6-b117-42e7f6b0816f for containerID=#56 failed. Corresponding entry not found.
2021-08-10 12:16:28,657 [EventQueue-DeleteBlockStatusForDeletedBlockLogImpl] DEBUG block.DeletedBlockLogImpl (DeletedBlockLogImpl.java:isTransactionFailed(278)) - Got block deletion ACK from datanode, TXIDs=1, success=true
2021-08-10 12:16:28,657 [EventQueue-DeleteBlockStatusForDeletedBlockLogImpl] DEBUG block.DeletedBlockLogImpl (DeletedBlockLogImpl.java:commitTransactions(224)) - Transaction txId=1 commit by dnId=ad4991cb-97ce-4dd6-b117-42e7f6b0816f for containerID=#1 failed. Corresponding entry not found.
2021-08-10 12:16:28,657 [EventQueue-DeleteBlockStatusForDeletedBlockLogImpl] DEBUG block.DeletedBlockLogImpl (DeletedBlockLogImpl.java:isTransactionFailed(278)) - Got block deletion ACK from datanode, TXIDs=2, success=true
2021-08-10 12:16:28,657 [EventQueue-DeleteBlockStatusForDeletedBlockLogImpl] DEBUG block.DeletedBlockLogImpl (DeletedBlockLogImpl.java:commitTransactions(224)) - Transaction txId=2 commit by dnId=ad4991cb-97ce-4dd6-b117-42e7f6b0816f for containerID=#2 failed. Corresponding entry not found.
2021-08-10 12:16:28,657 [EventQueue-DeleteBlockStatusForDeletedBlockLogImpl] DEBUG block.DeletedBlockLogImpl (DeletedBlockLogImpl.java:isTransactionFailed(278)) - Got block deletion ACK from datanode, TXIDs=3, success=true
2021-08-10 12:16:28,657 [EventQueue-DeleteBlockStatusForDeletedBlockLogImpl] DEBUG block.DeletedBlockLogImpl (DeletedBlockLogImpl.java:commitTransactions(224)) - Transaction txId=3 commit by dnId=ad4991cb-97ce-4dd6-b117-42e7f6b0816f for containerID=#3 failed. Corresponding entry not found.
2021-08-10 12:16:28,657 [EventQueue-DeleteBlockStatusForDeletedBlockLogImpl] DEBUG block.DeletedBlockLogImpl (DeletedBlockLogImpl.java:isTransactionFailed(278)) - Got block deletion ACK from datanode, TXIDs=4, success=true
2021-08-10 12:16:28,657 [EventQueue-DeleteBlockStatusForDeletedBlockLogImpl] DEBUG block.DeletedBlockLogImpl (DeletedBlockLogImpl.java:commitTransactions(224)) - Transaction txId=4 commit by dnId=ad4991cb-97ce-4dd6-b117-42e7f6b0816f for containerID=#4 failed. Corresponding entry not found.
2021-08-10 12:16:28,657 [EventQueue-DeleteBlockStatusForDeletedBlockLogImpl] DEBUG block.DeletedBlockLogImpl (DeletedBlockLogImpl.java:isTransactionFailed(278)) - Got block deletion ACK from datanode, TXIDs=5, success=true
2021-08-10 12:16:28,657 [EventQueue-DeleteBlockStatusForDeletedBlockLogImpl] DEBUG block.DeletedBlockLogImpl (DeletedBlockLogImpl.java:commitTransactions(224)) - Transaction txId=5 commit by dnId=ad4991cb-97ce-4dd6-b117-42e7f6b0816f for containerID=#5 failed. Corresponding entry not found.
2021-08-10 12:16:28,657 [EventQueue-DeleteBlockStatusForDeletedBlockLogImpl] DEBUG block.DeletedBlockLogImpl (DeletedBlockLogImpl.java:isTransactionFailed(278)) - Got block deletion ACK from datanode, TXIDs=6, success=true
2021-08-10 12:16:28,657 [EventQueue-DeleteBlockStatusForDeletedBlockLogImpl] DEBUG block.DeletedBlockLogImpl (DeletedBlockLogImpl.java:commitTransactions(224)) - Transaction txId=6 commit by dnId=ad4991cb-97ce-4dd6-b117-42e7f6b0816f for containerID=#6 failed. Corresponding entry not found.
2021-08-10 12:16:28,657 [EventQueue-DeleteBlockStatusForDeletedBlockLogImpl] DEBUG block.DeletedBlockLogImpl (DeletedBlockLogImpl.java:isTransactionFailed(278)) - Got block deletion ACK from datanode, TXIDs=7, success=true
2021-08-10 12:16:28,657 [EventQueue-DeleteBlockStatusForDeletedBlockLogImpl] DEBUG block.DeletedBlockLogImpl (DeletedBlockLogImpl.java:commitTransactions(224)) - Transaction txId=7 commit by dnId=ad4991cb-97ce-4dd6-b117-42e7f6b0816f for containerID=#7 failed. Corresponding entry not found.
2021-08-10 12:16:28,657 [EventQueue-DeleteBlockStatusForDeletedBlockLogImpl] DEBUG block.DeletedBlockLogImpl (DeletedBlockLogImpl.java:isTransactionFailed(278)) - Got block deletion ACK from datanode, TXIDs=8, success=true
2021-08-10 12:16:28,657 [EventQueue-DeleteBlockStatusForDeletedBlockLogImpl] DEBUG block.DeletedBlockLogImpl (DeletedBlockLogImpl.java:commitTransactions(224)) - Transaction txId=8 commit by dnId=ad4991cb-97ce-4dd6-b117-42e7f6b0816f for containerID=#8 failed. Corresponding entry not found.
2021-08-10 12:16:28,657 [EventQueue-DeleteBlockStatusForDeletedBlockLogImpl] DEBUG block.DeletedBlockLogImpl (DeletedBlockLogImpl.java:isTransactionFailed(278)) - Got block deletion ACK from datanode, TXIDs=9, success=true
2021-08-10 12:16:28,657 [EventQueue-DeleteBlockStatusForDeletedBlockLogImpl] DEBUG block.DeletedBlockLogImpl (DeletedBlockLogImpl.java:commitTransactions(224)) - Transaction txId=9 commit by dnId=ad4991cb-97ce-4dd6-b117-42e7f6b0816f for containerID=#9 failed. Corresponding entry not found.
2021-08-10 12:16:28,657 [EventQueue-DeleteBlockStatusForDeletedBlockLogImpl] DEBUG block.DeletedBlockLogImpl (DeletedBlockLogImpl.java:isTransactionFailed(278)) - Got block deletion ACK from datanode, TXIDs=10, success=true
2021-08-10 12:16:28,657 [EventQueue-DeleteBlockStatusForDeletedBlockLogImpl] DEBUG block.DeletedBlockLogImpl (DeletedBlockLogImpl.java:commitTransactions(224)) - Transaction txId=10 commit by dnId=ad4991cb-97ce-4dd6-b117-42e7f6b0816f for containerID=#10 failed. Corresponding entry not found.
2021-08-10 12:16:28,657 [EventQueue-DeleteBlockStatusForDeletedBlockLogImpl] DEBUG block.DeletedBlockLogImpl (DeletedBlockLogImpl.java:isTransactionFailed(278)) - Got block deletion ACK from datanode, TXIDs=11, success=true
2021-08-10 12:16:28,657 [EventQueue-DeleteBlockStatusForDeletedBlockLogImpl] DEBUG block.DeletedBlockLogImpl (DeletedBlockLogImpl.java:commitTransactions(224)) - Transaction txId=11 commit by dnId=ad4991cb-97ce-4dd6-b117-42e7f6b0816f for containerID=#11 failed. Corresponding entry not found.
2021-08-10 12:16:28,657 [EventQueue-DeleteBlockStatusForDeletedBlockLogImpl] DEBUG block.DeletedBlockLogImpl (DeletedBlockLogImpl.java:isTransactionFailed(278)) - Got block deletion ACK from datanode, TXIDs=12, success=true
2021-08-10 12:16:28,657 [EventQueue-DeleteBlockStatusForDeletedBlockLogImpl] DEBUG block.DeletedBlockLogImpl (DeletedBlockLogImpl.java:commitTransactions(224)) - Transaction txId=12 commit by dnId=ad4991cb-97ce-4dd6-b117-42e7f6b0816f for containerID=#12 failed. Corresponding entry not found.
2021-08-10 12:16:28,657 [EventQueue-DeleteBlockStatusForDeletedBlockLogImpl] DEBUG block.DeletedBlockLogImpl (DeletedBlockLogImpl.java:isTransactionFailed(278)) - Got block deletion ACK from datanode, TXIDs=13, success=true
2021-08-10 12:16:28,657 [EventQueue-DeleteBlockStatusForDeletedBlockLogImpl] DEBUG block.DeletedBlockLogImpl (DeletedBlockLogImpl.java:commitTransactions(224)) - Transaction txId=13 commit by dnId=ad4991cb-97ce-4dd6-b117-42e7f6b0816f for containerID=#13 failed. Corresponding entry not found.
2021-08-10 12:16:28,657 [EventQueue-DeleteBlockStatusForDeletedBlockLogImpl] DEBUG block.DeletedBlockLogImpl (DeletedBlockLogImpl.java:isTransactionFailed(278)) - Got block deletion ACK from datanode, TXIDs=14, success=true
2021-08-10 12:16:28,657 [EventQueue-DeleteBlockStatusForDeletedBlockLogImpl] DEBUG block.DeletedBlockLogImpl (DeletedBlockLogImpl.java:commitTransactions(224)) - Transaction txId=14 commit by dnId=ad4991cb-97ce-4dd6-b117-42e7f6b0816f for containerID=#14 failed. Corresponding entry not found.
2021-08-10 12:16:28,657 [EventQueue-DeleteBlockStatusForDeletedBlockLogImpl] DEBUG block.DeletedBlockLogImpl (DeletedBlockLogImpl.java:isTransactionFailed(278)) - Got block deletion ACK from datanode, TXIDs=15, success=true
2021-08-10 12:16:28,657 [EventQueue-DeleteBlockStatusForDeletedBlockLogImpl] DEBUG block.DeletedBlockLogImpl (DeletedBlockLogImpl.java:commitTransactions(224)) - Transaction txId=15 commit by dnId=ad4991cb-97ce-4dd6-b117-42e7f6b0816f for containerID=#15 failed. Corresponding entry not found.
2021-08-10 12:16:28,657 [EventQueue-DeleteBlockStatusForDeletedBlockLogImpl] DEBUG block.DeletedBlockLogImpl (DeletedBlockLogImpl.java:isTransactionFailed(278)) - Got block deletion ACK from datanode, TXIDs=16, success=true
2021-08-10 12:16:28,657 [EventQueue-DeleteBlockStatusForDeletedBlockLogImpl] DEBUG block.DeletedBlockLogImpl (DeletedBlockLogImpl.java:commitTransactions(224)) - Transaction txId=16 commit by dnId=ad4991cb-97ce-4dd6-b117-42e7f6b0816f for containerID=#16 failed. Corresponding entry not found.
2021-08-10 12:16:28,657 [EventQueue-DeleteBlockStatusForDeletedBlockLogImpl] DEBUG block.DeletedBlockLogImpl (DeletedBlockLogImpl.java:isTransactionFailed(278)) - Got block deletion ACK from datanode, TXIDs=17, success=true
2021-08-10 12:16:28,657 [EventQueue-DeleteBlockStatusForDeletedBlockLogImpl] DEBUG block.DeletedBlockLogImpl (DeletedBlockLogImpl.java:commitTransactions(224)) - Transaction txId=17 commit by dnId=ad4991cb-97ce-4dd6-b117-42e7f6b0816f for containerID=#17 failed. Corresponding entry not found.
2021-08-10 12:16:28,657 [EventQueue-DeleteBlockStatusForDeletedBlockLogImpl] DEBUG block.DeletedBlockLogImpl (DeletedBlockLogImpl.java:isTransactionFailed(278)) - Got block deletion ACK from datanode, TXIDs=18, success=true
2021-08-10 12:16:28,657 [EventQueue-DeleteBlockStatusForDeletedBlockLogImpl] DEBUG block.DeletedBlockLogImpl (DeletedBlockLogImpl.java:commitTransactions(224)) - Transaction txId=18 commit by dnId=ad4991cb-97ce-4dd6-b117-42e7f6b0816f for containerID=#18 failed. Corresponding entry not found.
2021-08-10 12:16:28,657 [EventQueue-DeleteBlockStatusForDeletedBlockLogImpl] DEBUG block.DeletedBlockLogImpl (DeletedBlockLogImpl.java:isTransactionFailed(278)) - Got block deletion ACK from datanode, TXIDs=19, success=true
2021-08-10 12:16:28,657 [EventQueue-DeleteBlockStatusForDeletedBlockLogImpl] DEBUG block.DeletedBlockLogImpl (DeletedBlockLogImpl.java:commitTransactions(224)) - Transaction txId=19 commit by dnId=ad4991cb-97ce-4dd6-b117-42e7f6b0816f for containerID=#19 failed. Corresponding entry not found.
2021-08-10 12:16:28,657 [EventQueue-DeleteBlockStatusForDeletedBlockLogImpl] DEBUG block.DeletedBlockLogImpl (DeletedBlockLogImpl.java:isTransactionFailed(278)) - Got block deletion ACK from datanode, TXIDs=20, success=true
2021-08-10 12:16:28,657 [EventQueue-DeleteBlockStatusForDeletedBlockLogImpl] DEBUG block.DeletedBlockLogImpl (DeletedBlockLogImpl.java:commitTransactions(224)) - Transaction txId=20 commit by dnId=ad4991cb-97ce-4dd6-b117-42e7f6b0816f for containerID=#20 failed. Corresponding entry not found.
2021-08-10 12:16:28,657 [EventQueue-DeleteBlockStatusForDeletedBlockLogImpl] DEBUG block.DeletedBlockLogImpl (DeletedBlockLogImpl.java:isTransactionFailed(278)) - Got block deletion ACK from datanode, TXIDs=21, success=true
2021-08-10 12:16:28,658 [EventQueue-DeleteBlockStatusForDeletedBlockLogImpl] DEBUG block.DeletedBlockLogImpl (DeletedBlockLogImpl.java:commitTransactions(224)) - Transaction txId=21 commit by dnId=ad4991cb-97ce-4dd6-b117-42e7f6b0816f for containerID=#21 failed. Corresponding entry not found.
2021-08-10 12:16:28,658 [EventQueue-DeleteBlockStatusForDeletedBlockLogImpl] DEBUG block.DeletedBlockLogImpl (DeletedBlockLogImpl.java:isTransactionFailed(278)) - Got block deletion ACK from datanode, TXIDs=22, success=true
2021-08-10 12:16:28,658 [EventQueue-DeleteBlockStatusForDeletedBlockLogImpl] DEBUG block.DeletedBlockLogImpl (DeletedBlockLogImpl.java:commitTransactions(224)) - Transaction txId=22 commit by dnId=ad4991cb-97ce-4dd6-b117-42e7f6b0816f for containerID=#22 failed. Corresponding entry not found.
2021-08-10 12:16:28,658 [EventQueue-DeleteBlockStatusForDeletedBlockLogImpl] DEBUG block.DeletedBlockLogImpl (DeletedBlockLogImpl.java:isTransactionFailed(278)) - Got block deletion ACK from datanode, TXIDs=23, success=true
2021-08-10 12:16:28,658 [EventQueue-DeleteBlockStatusForDeletedBlockLogImpl] DEBUG block.DeletedBlockLogImpl (DeletedBlockLogImpl.java:commitTransactions(224)) - Transaction txId=23 commit by dnId=ad4991cb-97ce-4dd6-b117-42e7f6b0816f for containerID=#23 failed. Corresponding entry not found.
2021-08-10 12:16:28,658 [EventQueue-DeleteBlockStatusForDeletedBlockLogImpl] DEBUG block.DeletedBlockLogImpl (DeletedBlockLogImpl.java:isTransactionFailed(278)) - Got block deletion ACK from datanode, TXIDs=24, success=true
2021-08-10 12:16:28,658 [EventQueue-DeleteBlockStatusForDeletedBlockLogImpl] DEBUG block.DeletedBlockLogImpl (DeletedBlockLogImpl.java:commitTransactions(224)) - Transaction txId=24 commit by dnId=ad4991cb-97ce-4dd6-b117-42e7f6b0816f for containerID=#24 failed. Corresponding entry not found.
2021-08-10 12:16:28,658 [EventQueue-DeleteBlockStatusForDeletedBlockLogImpl] DEBUG block.DeletedBlockLogImpl (DeletedBlockLogImpl.java:isTransactionFailed(278)) - Got block deletion ACK from datanode, TXIDs=25, success=true
2021-08-10 12:16:28,658 [EventQueue-DeleteBlockStatusForDeletedBlockLogImpl] DEBUG block.DeletedBlockLogImpl (DeletedBlockLogImpl.java:commitTransactions(224)) - Transaction txId=25 commit by dnId=ad4991cb-97ce-4dd6-b117-42e7f6b0816f for containerID=#25 failed. Corresponding entry not found.
2021-08-10 12:16:28,658 [EventQueue-DeleteBlockStatusForDeletedBlockLogImpl] DEBUG block.DeletedBlockLogImpl (DeletedBlockLogImpl.java:isTransactionFailed(278)) - Got block deletion ACK from datanode, TXIDs=26, success=true
2021-08-10 12:16:28,658 [EventQueue-DeleteBlockStatusForDeletedBlockLogImpl] DEBUG block.DeletedBlockLogImpl (DeletedBlockLogImpl.java:commitTransactions(224)) - Transaction txId=26 commit by dnId=ad4991cb-97ce-4dd6-b117-42e7f6b0816f for containerID=#26 failed. Corresponding entry not found.
2021-08-10 12:16:28,658 [EventQueue-DeleteBlockStatusForDeletedBlockLogImpl] DEBUG block.DeletedBlockLogImpl (DeletedBlockLogImpl.java:isTransactionFailed(278)) - Got block deletion ACK from datanode, TXIDs=27, success=true
2021-08-10 12:16:28,658 [EventQueue-DeleteBlockStatusForDeletedBlockLogImpl] DEBUG block.DeletedBlockLogImpl (DeletedBlockLogImpl.java:commitTransactions(224)) - Transaction txId=27 commit by dnId=ad4991cb-97ce-4dd6-b117-42e7f6b0816f for containerID=#27 failed. Corresponding entry not found.
2021-08-10 12:16:28,658 [EventQueue-DeleteBlockStatusForDeletedBlockLogImpl] DEBUG block.DeletedBlockLogImpl (DeletedBlockLogImpl.java:isTransactionFailed(278)) - Got block deletion ACK from datanode, TXIDs=28, success=true
2021-08-10 12:16:28,658 [EventQueue-DeleteBlockStatusForDeletedBlockLogImpl] DEBUG block.DeletedBlockLogImpl (DeletedBlockLogImpl.java:commitTransactions(224)) - Transaction txId=28 commit by dnId=ad4991cb-97ce-4dd6-b117-42e7f6b0816f for containerID=#28 failed. Corresponding entry not found.
2021-08-10 12:16:28,658 [EventQueue-DeleteBlockStatusForDeletedBlockLogImpl] DEBUG block.DeletedBlockLogImpl (DeletedBlockLogImpl.java:isTransactionFailed(278)) - Got block deletion ACK from datanode, TXIDs=29, success=true
2021-08-10 12:16:28,658 [EventQueue-DeleteBlockStatusForDeletedBlockLogImpl] DEBUG block.DeletedBlockLogImpl (DeletedBlockLogImpl.java:commitTransactions(224)) - Transaction txId=29 commit by dnId=ad4991cb-97ce-4dd6-b117-42e7f6b0816f for containerID=#29 failed. Corresponding entry not found.
2021-08-10 12:16:28,658 [EventQueue-DeleteBlockStatusForDeletedBlockLogImpl] DEBUG block.DeletedBlockLogImpl (DeletedBlockLogImpl.java:isTransactionFailed(278)) - Got block deletion ACK from datanode, TXIDs=30, success=true
2021-08-10 12:16:28,658 [EventQueue-DeleteBlockStatusForDeletedBlockLogImpl] DEBUG block.DeletedBlockLogImpl (DeletedBlockLogImpl.java:commitTransactions(224)) - Transaction txId=30 commit by dnId=ad4991cb-97ce-4dd6-b117-42e7f6b0816f for containerID=#30 failed. Corresponding entry not found.
2021-08-10 12:16:28,658 [EventQueue-DeleteBlockStatusForDeletedBlockLogImpl] DEBUG block.DeletedBlockLogImpl (DeletedBlockLogImpl.java:isTransactionFailed(278)) - Got block deletion ACK from datanode, TXIDs=31, success=true
2021-08-10 12:16:28,658 [EventQueue-DeleteBlockStatusForDeletedBlockLogImpl] DEBUG block.DeletedBlockLogImpl (DeletedBlockLogImpl.java:commitTransactions(224)) - Transaction txId=31 commit by dnId=ad4991cb-97ce-4dd6-b117-42e7f6b0816f for containerID=#31 failed. Corresponding entry not found.
2021-08-10 12:16:28,658 [EventQueue-DeleteBlockStatusForDeletedBlockLogImpl] DEBUG block.DeletedBlockLogImpl (DeletedBlockLogImpl.java:isTransactionFailed(278)) - Got block deletion ACK from datanode, TXIDs=32, success=true
2021-08-10 12:16:28,658 [EventQueue-DeleteBlockStatusForDeletedBlockLogImpl] DEBUG block.DeletedBlockLogImpl (DeletedBlockLogImpl.java:commitTransactions(224)) - Transaction txId=32 commit by dnId=ad4991cb-97ce-4dd6-b117-42e7f6b0816f for containerID=#32 failed. Corresponding entry not found.
2021-08-10 12:16:28,658 [EventQueue-DeleteBlockStatusForDeletedBlockLogImpl] DEBUG block.DeletedBlockLogImpl (DeletedBlockLogImpl.java:isTransactionFailed(278)) - Got block deletion ACK from datanode, TXIDs=33, success=true
2021-08-10 12:16:28,658 [EventQueue-DeleteBlockStatusForDeletedBlockLogImpl] DEBUG block.DeletedBlockLogImpl (DeletedBlockLogImpl.java:commitTransactions(224)) - Transaction txId=33 commit by dnId=ad4991cb-97ce-4dd6-b117-42e7f6b0816f for containerID=#33 failed. Corresponding entry not found.
2021-08-10 12:16:28,658 [EventQueue-DeleteBlockStatusForDeletedBlockLogImpl] DEBUG block.DeletedBlockLogImpl (DeletedBlockLogImpl.java:isTransactionFailed(278)) - Got block deletion ACK from datanode, TXIDs=34, success=true
2021-08-10 12:16:28,658 [EventQueue-DeleteBlockStatusForDeletedBlockLogImpl] DEBUG block.DeletedBlockLogImpl (DeletedBlockLogImpl.java:commitTransactions(224)) - Transaction txId=34 commit by dnId=ad4991cb-97ce-4dd6-b117-42e7f6b0816f for containerID=#34 failed. Corresponding entry not found.
2021-08-10 12:16:28,658 [EventQueue-DeleteBlockStatusForDeletedBlockLogImpl] DEBUG block.DeletedBlockLogImpl (DeletedBlockLogImpl.java:isTransactionFailed(278)) - Got block deletion ACK from datanode, TXIDs=35, success=true
2021-08-10 12:16:28,658 [EventQueue-DeleteBlockStatusForDeletedBlockLogImpl] DEBUG block.DeletedBlockLogImpl (DeletedBlockLogImpl.java:commitTransactions(224)) - Transaction txId=35 commit by dnId=ad4991cb-97ce-4dd6-b117-42e7f6b0816f for containerID=#35 failed. Corresponding entry not found.
2021-08-10 12:16:28,658 [EventQueue-DeleteBlockStatusForDeletedBlockLogImpl] DEBUG block.DeletedBlockLogImpl (DeletedBlockLogImpl.java:isTransactionFailed(278)) - Got block deletion ACK from datanode, TXIDs=36, success=true
2021-08-10 12:16:28,658 [EventQueue-DeleteBlockStatusForDeletedBlockLogImpl] DEBUG block.DeletedBlockLogImpl (DeletedBlockLogImpl.java:commitTransactions(224)) - Transaction txId=36 commit by dnId=ad4991cb-97ce-4dd6-b117-42e7f6b0816f for containerID=#36 failed. Corresponding entry not found.
2021-08-10 12:16:28,658 [EventQueue-DeleteBlockStatusForDeletedBlockLogImpl] DEBUG block.DeletedBlockLogImpl (DeletedBlockLogImpl.java:isTransactionFailed(278)) - Got block deletion ACK from datanode, TXIDs=37, success=true
2021-08-10 12:16:28,658 [EventQueue-DeleteBlockStatusForDeletedBlockLogImpl] DEBUG block.DeletedBlockLogImpl (DeletedBlockLogImpl.java:commitTransactions(224)) - Transaction txId=37 commit by dnId=ad4991cb-97ce-4dd6-b117-42e7f6b0816f for containerID=#37 failed. Corresponding entry not found.
2021-08-10 12:16:28,658 [EventQueue-DeleteBlockStatusForDeletedBlockLogImpl] DEBUG block.DeletedBlockLogImpl (DeletedBlockLogImpl.java:isTransactionFailed(278)) - Got block deletion ACK from datanode, TXIDs=38, success=true
2021-08-10 12:16:28,658 [EventQueue-DeleteBlockStatusForDeletedBlockLogImpl] DEBUG block.DeletedBlockLogImpl (DeletedBlockLogImpl.java:commitTransactions(224)) - Transaction txId=38 commit by dnId=ad4991cb-97ce-4dd6-b117-42e7f6b0816f for containerID=#38 failed. Corresponding entry not found.
2021-08-10 12:16:28,658 [EventQueue-DeleteBlockStatusForDeletedBlockLogImpl] DEBUG block.DeletedBlockLogImpl (DeletedBlockLogImpl.java:isTransactionFailed(278)) - Got block deletion ACK from datanode, TXIDs=39, success=true
2021-08-10 12:16:28,658 [EventQueue-DeleteBlockStatusForDeletedBlockLogImpl] DEBUG block.DeletedBlockLogImpl (DeletedBlockLogImpl.java:commitTransactions(224)) - Transaction txId=39 commit by dnId=ad4991cb-97ce-4dd6-b117-42e7f6b0816f for containerID=#39 failed. Corresponding entry not found.
2021-08-10 12:16:28,658 [EventQueue-DeleteBlockStatusForDeletedBlockLogImpl] DEBUG block.DeletedBlockLogImpl (DeletedBlockLogImpl.java:isTransactionFailed(278)) - Got block deletion ACK from datanode, TXIDs=40, success=true
2021-08-10 12:16:28,658 [EventQueue-DeleteBlockStatusForDeletedBlockLogImpl] DEBUG block.DeletedBlockLogImpl (DeletedBlockLogImpl.java:commitTransactions(224)) - Transaction txId=40 commit by dnId=ad4991cb-97ce-4dd6-b117-42e7f6b0816f for containerID=#40 failed. Corresponding entry not found.
2021-08-10 12:16:28,658 [EventQueue-DeleteBlockStatusForDeletedBlockLogImpl] DEBUG block.DeletedBlockLogImpl (DeletedBlockLogImpl.java:isTransactionFailed(278)) - Got block deletion ACK from datanode, TXIDs=41, success=true
2021-08-10 12:16:28,658 [EventQueue-DeleteBlockStatusForDeletedBlockLogImpl] DEBUG block.DeletedBlockLogImpl (DeletedBlockLogImpl.java:commitTransactions(224)) - Transaction txId=41 commit by dnId=ad4991cb-97ce-4dd6-b117-42e7f6b0816f for containerID=#41 failed. Corresponding entry not found.
2021-08-10 12:16:28,658 [EventQueue-DeleteBlockStatusForDeletedBlockLogImpl] DEBUG block.DeletedBlockLogImpl (DeletedBlockLogImpl.java:isTransactionFailed(278)) - Got block deletion ACK from datanode, TXIDs=42, success=true
2021-08-10 12:16:28,658 [EventQueue-DeleteBlockStatusForDeletedBlockLogImpl] DEBUG block.DeletedBlockLogImpl (DeletedBlockLogImpl.java:commitTransactions(224)) - Transaction txId=42 commit by dnId=ad4991cb-97ce-4dd6-b117-42e7f6b0816f for containerID=#42 failed. Corresponding entry not found.
2021-08-10 12:16:28,658 [EventQueue-DeleteBlockStatusForDeletedBlockLogImpl] DEBUG block.DeletedBlockLogImpl (DeletedBlockLogImpl.java:isTransactionFailed(278)) - Got block deletion ACK from datanode, TXIDs=43, success=true
2021-08-10 12:16:28,658 [EventQueue-DeleteBlockStatusForDeletedBlockLogImpl] DEBUG block.DeletedBlockLogImpl (DeletedBlockLogImpl.java:commitTransactions(224)) - Transaction txId=43 commit by dnId=ad4991cb-97ce-4dd6-b117-42e7f6b0816f for containerID=#43 failed. Corresponding entry not found.
2021-08-10 12:16:28,658 [EventQueue-DeleteBlockStatusForDeletedBlockLogImpl] DEBUG block.DeletedBlockLogImpl (DeletedBlockLogImpl.java:isTransactionFailed(278)) - Got block deletion ACK from datanode, TXIDs=44, success=true
2021-08-10 12:16:28,658 [EventQueue-DeleteBlockStatusForDeletedBlockLogImpl] DEBUG block.DeletedBlockLogImpl (DeletedBlockLogImpl.java:commitTransactions(224)) - Transaction txId=44 commit by dnId=ad4991cb-97ce-4dd6-b117-42e7f6b0816f for containerID=#44 failed. Corresponding entry not found.
2021-08-10 12:16:28,658 [EventQueue-DeleteBlockStatusForDeletedBlockLogImpl] DEBUG block.DeletedBlockLogImpl (DeletedBlockLogImpl.java:isTransactionFailed(278)) - Got block deletion ACK from datanode, TXIDs=45, success=true
2021-08-10 12:16:28,658 [EventQueue-DeleteBlockStatusForDeletedBlockLogImpl] DEBUG block.DeletedBlockLogImpl (DeletedBlockLogImpl.java:commitTransactions(224)) - Transaction txId=45 commit by dnId=ad4991cb-97ce-4dd6-b117-42e7f6b0816f for containerID=#45 failed. Corresponding entry not found.
2021-08-10 12:16:28,658 [EventQueue-DeleteBlockStatusForDeletedBlockLogImpl] DEBUG block.DeletedBlockLogImpl (DeletedBlockLogImpl.java:isTransactionFailed(278)) - Got block deletion ACK from datanode, TXIDs=46, success=true
2021-08-10 12:16:28,658 [EventQueue-DeleteBlockStatusForDeletedBlockLogImpl] DEBUG block.DeletedBlockLogImpl (DeletedBlockLogImpl.java:commitTransactions(224)) - Transaction txId=46 commit by dnId=ad4991cb-97ce-4dd6-b117-42e7f6b0816f for containerID=#46 failed. Corresponding entry not found.
2021-08-10 12:16:28,686 [EventQueue-DeleteBlockStatusForDeletedBlockLogImpl] DEBUG block.DeletedBlockLogImpl (DeletedBlockLogImpl.java:isTransactionFailed(278)) - Got block deletion ACK from datanode, TXIDs=47, success=true
2021-08-10 12:16:28,686 [EventQueue-DeleteBlockStatusForDeletedBlockLogImpl] DEBUG block.DeletedBlockLogImpl (DeletedBlockLogImpl.java:commitTransactions(224)) - Transaction txId=47 commit by dnId=ad4991cb-97ce-4dd6-b117-42e7f6b0816f for containerID=#47 failed. Corresponding entry not found.
2021-08-10 12:16:28,686 [EventQueue-DeleteBlockStatusForDeletedBlockLogImpl] DEBUG block.DeletedBlockLogImpl (DeletedBlockLogImpl.java:isTransactionFailed(278)) - Got block deletion ACK from datanode, TXIDs=48, success=true
2021-08-10 12:16:28,686 [EventQueue-DeleteBlockStatusForDeletedBlockLogImpl] DEBUG block.DeletedBlockLogImpl (DeletedBlockLogImpl.java:commitTransactions(224)) - Transaction txId=48 commit by dnId=ad4991cb-97ce-4dd6-b117-42e7f6b0816f for containerID=#48 failed. Corresponding entry not found.
2021-08-10 12:16:28,686 [EventQueue-DeleteBlockStatusForDeletedBlockLogImpl] DEBUG block.DeletedBlockLogImpl (DeletedBlockLogImpl.java:isTransactionFailed(278)) - Got block deletion ACK from datanode, TXIDs=49, success=true
2021-08-10 12:16:28,686 [EventQueue-DeleteBlockStatusForDeletedBlockLogImpl] DEBUG block.DeletedBlockLogImpl (DeletedBlockLogImpl.java:commitTransactions(224)) - Transaction txId=49 commit by dnId=ad4991cb-97ce-4dd6-b117-42e7f6b0816f for containerID=#49 failed. Corresponding entry not found.
2021-08-10 12:16:28,686 [EventQueue-DeleteBlockStatusForDeletedBlockLogImpl] DEBUG block.DeletedBlockLogImpl (DeletedBlockLogImpl.java:isTransactionFailed(278)) - Got block deletion ACK from datanode, TXIDs=50, success=true
2021-08-10 12:16:28,686 [EventQueue-DeleteBlockStatusForDeletedBlockLogImpl] DEBUG block.DeletedBlockLogImpl (DeletedBlockLogImpl.java:commitTransactions(224)) - Transaction txId=50 commit by dnId=ad4991cb-97ce-4dd6-b117-42e7f6b0816f for containerID=#50 failed. Corresponding entry not found.
2021-08-10 12:16:28,686 [EventQueue-DeleteBlockStatusForDeletedBlockLogImpl] DEBUG block.DeletedBlockLogImpl (DeletedBlockLogImpl.java:isTransactionFailed(278)) - Got block deletion ACK from datanode, TXIDs=51, success=true
2021-08-10 12:16:28,686 [EventQueue-DeleteBlockStatusForDeletedBlockLogImpl] DEBUG block.DeletedBlockLogImpl (DeletedBlockLogImpl.java:commitTransactions(224)) - Transaction txId=51 commit by dnId=ad4991cb-97ce-4dd6-b117-42e7f6b0816f for containerID=#51 failed. Corresponding entry not found.
2021-08-10 12:16:28,686 [EventQueue-DeleteBlockStatusForDeletedBlockLogImpl] DEBUG block.DeletedBlockLogImpl (DeletedBlockLogImpl.java:isTransactionFailed(278)) - Got block deletion ACK from datanode, TXIDs=52, success=true
2021-08-10 12:16:28,686 [EventQueue-DeleteBlockStatusForDeletedBlockLogImpl] DEBUG block.DeletedBlockLogImpl (DeletedBlockLogImpl.java:commitTransactions(224)) - Transaction txId=52 commit by dnId=ad4991cb-97ce-4dd6-b117-42e7f6b0816f for containerID=#52 failed. Corresponding entry not found.
2021-08-10 12:16:28,686 [EventQueue-DeleteBlockStatusForDeletedBlockLogImpl] DEBUG block.DeletedBlockLogImpl (DeletedBlockLogImpl.java:isTransactionFailed(278)) - Got block deletion ACK from datanode, TXIDs=53, success=true
2021-08-10 12:16:28,686 [EventQueue-DeleteBlockStatusForDeletedBlockLogImpl] DEBUG block.DeletedBlockLogImpl (DeletedBlockLogImpl.java:commitTransactions(224)) - Transaction txId=53 commit by dnId=ad4991cb-97ce-4dd6-b117-42e7f6b0816f for containerID=#53 failed. Corresponding entry not found.
2021-08-10 12:16:28,686 [EventQueue-DeleteBlockStatusForDeletedBlockLogImpl] DEBUG block.DeletedBlockLogImpl (DeletedBlockLogImpl.java:isTransactionFailed(278)) - Got block deletion ACK from datanode, TXIDs=54, success=true
2021-08-10 12:16:28,686 [EventQueue-DeleteBlockStatusForDeletedBlockLogImpl] DEBUG block.DeletedBlockLogImpl (DeletedBlockLogImpl.java:commitTransactions(224)) - Transaction txId=54 commit by dnId=ad4991cb-97ce-4dd6-b117-42e7f6b0816f for containerID=#54 failed. Corresponding entry not found.
2021-08-10 12:16:28,686 [EventQueue-DeleteBlockStatusForDeletedBlockLogImpl] DEBUG block.DeletedBlockLogImpl (DeletedBlockLogImpl.java:isTransactionFailed(278)) - Got block deletion ACK from datanode, TXIDs=55, success=true
2021-08-10 12:16:28,686 [EventQueue-DeleteBlockStatusForDeletedBlockLogImpl] DEBUG block.DeletedBlockLogImpl (DeletedBlockLogImpl.java:commitTransactions(224)) - Transaction txId=55 commit by dnId=ad4991cb-97ce-4dd6-b117-42e7f6b0816f for containerID=#55 failed. Corresponding entry not found.
2021-08-10 12:16:28,686 [EventQueue-DeleteBlockStatusForDeletedBlockLogImpl] DEBUG block.DeletedBlockLogImpl (DeletedBlockLogImpl.java:isTransactionFailed(278)) - Got block deletion ACK from datanode, TXIDs=56, success=true
2021-08-10 12:16:28,686 [EventQueue-DeleteBlockStatusForDeletedBlockLogImpl] DEBUG block.DeletedBlockLogImpl (DeletedBlockLogImpl.java:commitTransactions(224)) - Transaction txId=56 commit by dnId=ad4991cb-97ce-4dd6-b117-42e7f6b0816f for containerID=#56 failed. Corresponding entry not found.
2021-08-10 12:16:28,664 [org.apache.hadoop.ozone.container.common.statemachine.commandhandler.DeleteBlocksCommandHandler$DeleteCmdWorker@27e378d3] INFO  commandhandler.DeleteBlocksCommandHandler (DeleteBlocksCommandHandler.java:processCmd(261)) - Start to delete container blocks, TXIDs=[1(0),2(0),3(0),4(0),5(0),6(0),7(0),8(0),9(0),10(0),11(0),12(0),13(0),14(0),15(0),16(0),17(0),18(0),19(0),20(0),21(0),22(0),23(0),24(0),25(0),26(0),27(0),28(0),29(0),30(0),31(0),32(0),33(0),34(0),35(0),36(0),37(0),38(0),39(0),40(0),41(0),42(0),43(0),44(0),45(0),46(0),47(0),48(0),49(0),50(0),51(0),52(0),53(0),54(0),55(0),56(0)], numOfContainers=56, numOfBlocks=56
2021-08-10 12:16:28,686 [EventQueue-DeleteBlockStatusForDeletedBlockLogImpl] DEBUG block.DeletedBlockLogImpl (DeletedBlockLogImpl.java:isTransactionFailed(278)) - Got block deletion ACK from datanode, TXIDs=1, success=true
2021-08-10 12:16:28,687 [EventQueue-DeleteBlockStatusForDeletedBlockLogImpl] DEBUG block.DeletedBlockLogImpl (DeletedBlockLogImpl.java:commitTransactions(224)) - Transaction txId=1 commit by dnId=ad4991cb-97ce-4dd6-b117-42e7f6b0816f for containerID=#1 failed. Corresponding entry not found.
2021-08-10 12:16:28,687 [EventQueue-DeleteBlockStatusForDeletedBlockLogImpl] DEBUG block.DeletedBlockLogImpl (DeletedBlockLogImpl.java:isTransactionFailed(278)) - Got block deletion ACK from datanode, TXIDs=2, success=true
2021-08-10 12:16:28,687 [EventQueue-DeleteBlockStatusForDeletedBlockLogImpl] DEBUG block.DeletedBlockLogImpl (DeletedBlockLogImpl.java:commitTransactions(224)) - Transaction txId=2 commit by dnId=ad4991cb-97ce-4dd6-b117-42e7f6b0816f for containerID=#2 failed. Corresponding entry not found.
2021-08-10 12:16:28,687 [EventQueue-DeleteBlockStatusForDeletedBlockLogImpl] DEBUG block.DeletedBlockLogImpl (DeletedBlockLogImpl.java:isTransactionFailed(278)) - Got block deletion ACK from datanode, TXIDs=3, success=true
2021-08-10 12:16:28,687 [EventQueue-DeleteBlockStatusForDeletedBlockLogImpl] DEBUG block.DeletedBlockLogImpl (DeletedBlockLogImpl.java:commitTransactions(224)) - Transaction txId=3 commit by dnId=ad4991cb-97ce-4dd6-b117-42e7f6b0816f for containerID=#3 failed. Corresponding entry not found.
2021-08-10 12:16:28,687 [EventQueue-DeleteBlockStatusForDeletedBlockLogImpl] DEBUG block.DeletedBlockLogImpl (DeletedBlockLogImpl.java:isTransactionFailed(278)) - Got block deletion ACK from datanode, TXIDs=4, success=true
2021-08-10 12:16:28,687 [EventQueue-DeleteBlockStatusForDeletedBlockLogImpl] DEBUG block.DeletedBlockLogImpl (DeletedBlockLogImpl.java:commitTransactions(224)) - Transaction txId=4 commit by dnId=ad4991cb-97ce-4dd6-b117-42e7f6b0816f for containerID=#4 failed. Corresponding entry not found.
2021-08-10 12:16:28,687 [org.apache.hadoop.ozone.container.common.statemachine.commandhandler.DeleteBlocksCommandHandler$DeleteCmdWorker@27e378d3] INFO  commandhandler.DeleteBlocksCommandHandler (DeleteBlocksCommandHandler.java:processCmd(261)) - Start to delete container blocks, TXIDs=[1(0),2(0),3(0),4(0),5(0),6(0),7(0),8(0),9(0),10(0),11(0),12(0),13(0),14(0),15(0),16(0),17(0),18(0),19(0),20(0),21(0),22(0),23(0),24(0),25(0),26(0),27(0),28(0),29(0),30(0),31(0),32(0),33(0),34(0),35(0),36(0),37(0),38(0),39(0),40(0),41(0),42(0),43(0),44(0),45(0),46(0),47(0),48(0),49(0),50(0),51(0),52(0),53(0),54(0),55(0),56(0)], numOfContainers=56, numOfBlocks=56
2021-08-10 12:16:28,687 [EventQueue-DeleteBlockStatusForDeletedBlockLogImpl] DEBUG block.DeletedBlockLogImpl (DeletedBlockLogImpl.java:isTransactionFailed(278)) - Got block deletion ACK from datanode, TXIDs=5, success=true
2021-08-10 12:16:28,694 [EventQueue-DeleteBlockStatusForDeletedBlockLogImpl] DEBUG block.DeletedBlockLogImpl (DeletedBlockLogImpl.java:commitTransactions(224)) - Transaction txId=5 commit by dnId=ad4991cb-97ce-4dd6-b117-42e7f6b0816f for containerID=#5 failed. Corresponding entry not found.
2021-08-10 12:16:28,694 [EventQueue-DeleteBlockStatusForDeletedBlockLogImpl] DEBUG block.DeletedBlockLogImpl (DeletedBlockLogImpl.java:isTransactionFailed(278)) - Got block deletion ACK from datanode, TXIDs=6, success=true
2021-08-10 12:16:28,694 [org.apache.hadoop.ozone.container.common.statemachine.commandhandler.DeleteBlocksCommandHandler$DeleteCmdWorker@27e378d3] INFO  commandhandler.DeleteBlocksCommandHandler (DeleteBlocksCommandHandler.java:processCmd(261)) - Start to delete container blocks, TXIDs=[1(0),2(0),3(0),4(0),5(0),6(0),7(0),8(0),9(0),10(0),11(0),12(0),13(0),14(0),15(0),16(0),17(0),18(0),19(0),20(0),21(0),22(0),23(0),24(0),25(0),26(0),27(0),28(0),29(0),30(0),31(0),32(0),33(0),34(0),35(0),36(0),37(0),38(0),39(0),40(0),41(0),42(0),43(0),44(0),45(0),46(0),47(0),48(0),49(0),50(0),51(0),52(0),53(0),54(0),55(0),56(0)], numOfContainers=56, numOfBlocks=56
2021-08-10 12:16:28,694 [EventQueue-DeleteBlockStatusForDeletedBlockLogImpl] DEBUG block.DeletedBlockLogImpl (DeletedBlockLogImpl.java:commitTransactions(224)) - Transaction txId=6 commit by dnId=ad4991cb-97ce-4dd6-b117-42e7f6b0816f for containerID=#6 failed. Corresponding entry not found.
2021-08-10 12:16:28,727 [EventQueue-DeleteBlockStatusForDeletedBlockLogImpl] DEBUG block.DeletedBlockLogImpl (DeletedBlockLogImpl.java:isTransactionFailed(278)) - Got block deletion ACK from datanode, TXIDs=7, success=true
2021-08-10 12:16:28,725 [org.apache.hadoop.ozone.container.common.statemachine.commandhandler.DeleteBlocksCommandHandler$DeleteCmdWorker@27e378d3] INFO  commandhandler.DeleteBlocksCommandHandler (DeleteBlocksCommandHandler.java:processCmd(261)) - Start to delete container blocks, TXIDs=[1(0),2(0),3(0),4(0),5(0),6(0),7(0),8(0),9(0),10(0),11(0),12(0),13(0),14(0),15(0),16(0),17(0),18(0),19(0),20(0),21(0),22(0),23(0),24(0),25(0),26(0),27(0),28(0),29(0),30(0),31(0),32(0),33(0),34(0),35(0),36(0),37(0),38(0),39(0),40(0),41(0),42(0),43(0),44(0),45(0),46(0),47(0),48(0),49(0),50(0),51(0),52(0),53(0),54(0),55(0),56(0)], numOfContainers=56, numOfBlocks=56
2021-08-10 12:16:28,731 [org.apache.hadoop.ozone.container.common.statemachine.commandhandler.DeleteBlocksCommandHandler$DeleteCmdWorker@27e378d3] INFO  commandhandler.DeleteBlocksCommandHandler (DeleteBlocksCommandHandler.java:processCmd(261)) - Start to delete container blocks, TXIDs=[1(0),2(0),3(0),4(0),5(0),6(0),7(0),8(0),9(0),10(0),11(0),12(0),13(0),14(0),15(0),16(0),17(0),18(0),19(0),20(0),21(0),22(0),23(0),24(0),25(0),26(0),27(0),28(0),29(0),30(0),31(0),32(0),33(0),34(0),35(0),36(0),37(0),38(0),39(0),40(0),41(0),42(0),43(0),44(0),45(0),46(0),47(0),48(0),49(0),50(0),51(0),52(0),53(0),54(0),55(0),56(0)], numOfContainers=56, numOfBlocks=56
2021-08-10 12:16:28,727 [EventQueue-DeleteBlockStatusForDeletedBlockLogImpl] DEBUG block.DeletedBlockLogImpl (DeletedBlockLogImpl.java:commitTransactions(224)) - Transaction txId=7 commit by dnId=ad4991cb-97ce-4dd6-b117-42e7f6b0816f for containerID=#7 failed. Corresponding entry not found.
2021-08-10 12:16:28,735 [EventQueue-DeleteBlockStatusForDeletedBlockLogImpl] DEBUG block.DeletedBlockLogImpl (DeletedBlockLogImpl.java:isTransactionFailed(278)) - Got block deletion ACK from datanode, TXIDs=8, success=true
2021-08-10 12:16:28,735 [EventQueue-DeleteBlockStatusForDeletedBlockLogImpl] DEBUG block.DeletedBlockLogImpl (DeletedBlockLogImpl.java:commitTransactions(224)) - Transaction txId=8 commit by dnId=ad4991cb-97ce-4dd6-b117-42e7f6b0816f for containerID=#8 failed. Corresponding entry not found.
2021-08-10 12:16:28,735 [EventQueue-DeleteBlockStatusForDeletedBlockLogImpl] DEBUG block.DeletedBlockLogImpl (DeletedBlockLogImpl.java:isTransactionFailed(278)) - Got block deletion ACK from datanode, TXIDs=9, success=true
2021-08-10 12:16:28,735 [EventQueue-DeleteBlockStatusForDeletedBlockLogImpl] DEBUG block.DeletedBlockLogImpl (DeletedBlockLogImpl.java:commitTransactions(224)) - Transaction txId=9 commit by dnId=ad4991cb-97ce-4dd6-b117-42e7f6b0816f for containerID=#9 failed. Corresponding entry not found.
2021-08-10 12:16:28,735 [EventQueue-DeleteBlockStatusForDeletedBlockLogImpl] DEBUG block.DeletedBlockLogImpl (DeletedBlockLogImpl.java:isTransactionFailed(278)) - Got block deletion ACK from datanode, TXIDs=10, success=true
2021-08-10 12:16:28,735 [EventQueue-DeleteBlockStatusForDeletedBlockLogImpl] DEBUG block.DeletedBlockLogImpl (DeletedBlockLogImpl.java:commitTransactions(224)) - Transaction txId=10 commit by dnId=ad4991cb-97ce-4dd6-b117-42e7f6b0816f for containerID=#10 failed. Corresponding entry not found.
2021-08-10 12:16:28,735 [EventQueue-DeleteBlockStatusForDeletedBlockLogImpl] DEBUG block.DeletedBlockLogImpl (DeletedBlockLogImpl.java:isTransactionFailed(278)) - Got block deletion ACK from datanode, TXIDs=11, success=true
2021-08-10 12:16:28,735 [EventQueue-DeleteBlockStatusForDeletedBlockLogImpl] DEBUG block.DeletedBlockLogImpl (DeletedBlockLogImpl.java:commitTransactions(224)) - Transaction txId=11 commit by dnId=ad4991cb-97ce-4dd6-b117-42e7f6b0816f for containerID=#11 failed. Corresponding entry not found.
2021-08-10 12:16:28,735 [EventQueue-DeleteBlockStatusForDeletedBlockLogImpl] DEBUG block.DeletedBlockLogImpl (DeletedBlockLogImpl.java:isTransactionFailed(278)) - Got block deletion ACK from datanode, TXIDs=12, success=true
2021-08-10 12:16:28,735 [EventQueue-DeleteBlockStatusForDeletedBlockLogImpl] DEBUG block.DeletedBlockLogImpl (DeletedBlockLogImpl.java:commitTransactions(224)) - Transaction txId=12 commit by dnId=ad4991cb-97ce-4dd6-b117-42e7f6b0816f for containerID=#12 failed. Corresponding entry not found.
2021-08-10 12:16:28,735 [EventQueue-DeleteBlockStatusForDeletedBlockLogImpl] DEBUG block.DeletedBlockLogImpl (DeletedBlockLogImpl.java:isTransactionFailed(278)) - Got block deletion ACK from datanode, TXIDs=13, success=true
2021-08-10 12:16:28,735 [EventQueue-DeleteBlockStatusForDeletedBlockLogImpl] DEBUG block.DeletedBlockLogImpl (DeletedBlockLogImpl.java:commitTransactions(224)) - Transaction txId=13 commit by dnId=ad4991cb-97ce-4dd6-b117-42e7f6b0816f for containerID=#13 failed. Corresponding entry not found.
2021-08-10 12:16:28,735 [EventQueue-DeleteBlockStatusForDeletedBlockLogImpl] DEBUG block.DeletedBlockLogImpl (DeletedBlockLogImpl.java:isTransactionFailed(278)) - Got block deletion ACK from datanode, TXIDs=14, success=true
2021-08-10 12:16:28,735 [EventQueue-DeleteBlockStatusForDeletedBlockLogImpl] DEBUG block.DeletedBlockLogImpl (DeletedBlockLogImpl.java:commitTransactions(224)) - Transaction txId=14 commit by dnId=ad4991cb-97ce-4dd6-b117-42e7f6b0816f for containerID=#14 failed. Corresponding entry not found.
2021-08-10 12:16:28,735 [EventQueue-DeleteBlockStatusForDeletedBlockLogImpl] DEBUG block.DeletedBlockLogImpl (DeletedBlockLogImpl.java:isTransactionFailed(278)) - Got block deletion ACK from datanode, TXIDs=15, success=true
2021-08-10 12:16:28,735 [EventQueue-DeleteBlockStatusForDeletedBlockLogImpl] DEBUG block.DeletedBlockLogImpl (DeletedBlockLogImpl.java:commitTransactions(224)) - Transaction txId=15 commit by dnId=ad4991cb-97ce-4dd6-b117-42e7f6b0816f for containerID=#15 failed. Corresponding entry not found.
2021-08-10 12:16:28,735 [EventQueue-DeleteBlockStatusForDeletedBlockLogImpl] DEBUG block.DeletedBlockLogImpl (DeletedBlockLogImpl.java:isTransactionFailed(278)) - Got block deletion ACK from datanode, TXIDs=16, success=true
2021-08-10 12:16:28,735 [EventQueue-DeleteBlockStatusForDeletedBlockLogImpl] DEBUG block.DeletedBlockLogImpl (DeletedBlockLogImpl.java:commitTransactions(224)) - Transaction txId=16 commit by dnId=ad4991cb-97ce-4dd6-b117-42e7f6b0816f for containerID=#16 failed. Corresponding entry not found.
2021-08-10 12:16:28,735 [EventQueue-DeleteBlockStatusForDeletedBlockLogImpl] DEBUG block.DeletedBlockLogImpl (DeletedBlockLogImpl.java:isTransactionFailed(278)) - Got block deletion ACK from datanode, TXIDs=17, success=true
2021-08-10 12:16:28,735 [EventQueue-DeleteBlockStatusForDeletedBlockLogImpl] DEBUG block.DeletedBlockLogImpl (DeletedBlockLogImpl.java:commitTransactions(224)) - Transaction txId=17 commit by dnId=ad4991cb-97ce-4dd6-b117-42e7f6b0816f for containerID=#17 failed. Corresponding entry not found.
2021-08-10 12:16:28,735 [EventQueue-DeleteBlockStatusForDeletedBlockLogImpl] DEBUG block.DeletedBlockLogImpl (DeletedBlockLogImpl.java:isTransactionFailed(278)) - Got block deletion ACK from datanode, TXIDs=18, success=true
2021-08-10 12:16:28,735 [EventQueue-DeleteBlockStatusForDeletedBlockLogImpl] DEBUG block.DeletedBlockLogImpl (DeletedBlockLogImpl.java:commitTransactions(224)) - Transaction txId=18 commit by dnId=ad4991cb-97ce-4dd6-b117-42e7f6b0816f for containerID=#18 failed. Corresponding entry not found.
2021-08-10 12:16:28,735 [EventQueue-DeleteBlockStatusForDeletedBlockLogImpl] DEBUG block.DeletedBlockLogImpl (DeletedBlockLogImpl.java:isTransactionFailed(278)) - Got block deletion ACK from datanode, TXIDs=19, success=true
2021-08-10 12:16:28,735 [EventQueue-DeleteBlockStatusForDeletedBlockLogImpl] DEBUG block.DeletedBlockLogImpl (DeletedBlockLogImpl.java:commitTransactions(224)) - Transaction txId=19 commit by dnId=ad4991cb-97ce-4dd6-b117-42e7f6b0816f for containerID=#19 failed. Corresponding entry not found.
2021-08-10 12:16:28,735 [EventQueue-DeleteBlockStatusForDeletedBlockLogImpl] DEBUG block.DeletedBlockLogImpl (DeletedBlockLogImpl.java:isTransactionFailed(278)) - Got block deletion ACK from datanode, TXIDs=20, success=true
2021-08-10 12:16:28,735 [EventQueue-DeleteBlockStatusForDeletedBlockLogImpl] DEBUG block.DeletedBlockLogImpl (DeletedBlockLogImpl.java:commitTransactions(224)) - Transaction txId=20 commit by dnId=ad4991cb-97ce-4dd6-b117-42e7f6b0816f for containerID=#20 failed. Corresponding entry not found.
2021-08-10 12:16:28,735 [EventQueue-DeleteBlockStatusForDeletedBlockLogImpl] DEBUG block.DeletedBlockLogImpl (DeletedBlockLogImpl.java:isTransactionFailed(278)) - Got block deletion ACK from datanode, TXIDs=21, success=true
2021-08-10 12:16:28,735 [EventQueue-DeleteBlockStatusForDeletedBlockLogImpl] DEBUG block.DeletedBlockLogImpl (DeletedBlockLogImpl.java:commitTransactions(224)) - Transaction txId=21 commit by dnId=ad4991cb-97ce-4dd6-b117-42e7f6b0816f for containerID=#21 failed. Corresponding entry not found.
2021-08-10 12:16:28,735 [EventQueue-DeleteBlockStatusForDeletedBlockLogImpl] DEBUG block.DeletedBlockLogImpl (DeletedBlockLogImpl.java:isTransactionFailed(278)) - Got block deletion ACK from datanode, TXIDs=22, success=true
2021-08-10 12:16:28,735 [EventQueue-DeleteBlockStatusForDeletedBlockLogImpl] DEBUG block.DeletedBlockLogImpl (DeletedBlockLogImpl.java:commitTransactions(224)) - Transaction txId=22 commit by dnId=ad4991cb-97ce-4dd6-b117-42e7f6b0816f for containerID=#22 failed. Corresponding entry not found.
2021-08-10 12:16:28,736 [EventQueue-DeleteBlockStatusForDeletedBlockLogImpl] DEBUG block.DeletedBlockLogImpl (DeletedBlockLogImpl.java:isTransactionFailed(278)) - Got block deletion ACK from datanode, TXIDs=23, success=true
2021-08-10 12:16:28,736 [EventQueue-DeleteBlockStatusForDeletedBlockLogImpl] DEBUG block.DeletedBlockLogImpl (DeletedBlockLogImpl.java:commitTransactions(224)) - Transaction txId=23 commit by dnId=ad4991cb-97ce-4dd6-b117-42e7f6b0816f for containerID=#23 failed. Corresponding entry not found.
2021-08-10 12:16:28,736 [EventQueue-DeleteBlockStatusForDeletedBlockLogImpl] DEBUG block.DeletedBlockLogImpl (DeletedBlockLogImpl.java:isTransactionFailed(278)) - Got block deletion ACK from datanode, TXIDs=24, success=true
2021-08-10 12:16:28,736 [EventQueue-DeleteBlockStatusForDeletedBlockLogImpl] DEBUG block.DeletedBlockLogImpl (DeletedBlockLogImpl.java:commitTransactions(224)) - Transaction txId=24 commit by dnId=ad4991cb-97ce-4dd6-b117-42e7f6b0816f for containerID=#24 failed. Corresponding entry not found.
2021-08-10 12:16:28,736 [EventQueue-DeleteBlockStatusForDeletedBlockLogImpl] DEBUG block.DeletedBlockLogImpl (DeletedBlockLogImpl.java:isTransactionFailed(278)) - Got block deletion ACK from datanode, TXIDs=25, success=true
2021-08-10 12:16:28,736 [EventQueue-DeleteBlockStatusForDeletedBlockLogImpl] DEBUG block.DeletedBlockLogImpl (DeletedBlockLogImpl.java:commitTransactions(224)) - Transaction txId=25 commit by dnId=ad4991cb-97ce-4dd6-b117-42e7f6b0816f for containerID=#25 failed. Corresponding entry not found.
2021-08-10 12:16:28,736 [EventQueue-DeleteBlockStatusForDeletedBlockLogImpl] DEBUG block.DeletedBlockLogImpl (DeletedBlockLogImpl.java:isTransactionFailed(278)) - Got block deletion ACK from datanode, TXIDs=26, success=true
2021-08-10 12:16:28,736 [EventQueue-DeleteBlockStatusForDeletedBlockLogImpl] DEBUG block.DeletedBlockLogImpl (DeletedBlockLogImpl.java:commitTransactions(224)) - Transaction txId=26 commit by dnId=ad4991cb-97ce-4dd6-b117-42e7f6b0816f for containerID=#26 failed. Corresponding entry not found.
2021-08-10 12:16:28,736 [EventQueue-DeleteBlockStatusForDeletedBlockLogImpl] DEBUG block.DeletedBlockLogImpl (DeletedBlockLogImpl.java:isTransactionFailed(278)) - Got block deletion ACK from datanode, TXIDs=27, success=true
2021-08-10 12:16:28,736 [EventQueue-DeleteBlockStatusForDeletedBlockLogImpl] DEBUG block.DeletedBlockLogImpl (DeletedBlockLogImpl.java:commitTransactions(224)) - Transaction txId=27 commit by dnId=ad4991cb-97ce-4dd6-b117-42e7f6b0816f for containerID=#27 failed. Corresponding entry not found.
2021-08-10 12:16:28,736 [EventQueue-DeleteBlockStatusForDeletedBlockLogImpl] DEBUG block.DeletedBlockLogImpl (DeletedBlockLogImpl.java:isTransactionFailed(278)) - Got block deletion ACK from datanode, TXIDs=28, success=true
2021-08-10 12:16:28,736 [EventQueue-DeleteBlockStatusForDeletedBlockLogImpl] DEBUG block.DeletedBlockLogImpl (DeletedBlockLogImpl.java:commitTransactions(224)) - Transaction txId=28 commit by dnId=ad4991cb-97ce-4dd6-b117-42e7f6b0816f for containerID=#28 failed. Corresponding entry not found.
2021-08-10 12:16:28,736 [EventQueue-DeleteBlockStatusForDeletedBlockLogImpl] DEBUG block.DeletedBlockLogImpl (DeletedBlockLogImpl.java:isTransactionFailed(278)) - Got block deletion ACK from datanode, TXIDs=29, success=true
2021-08-10 12:16:28,736 [EventQueue-DeleteBlockStatusForDeletedBlockLogImpl] DEBUG block.DeletedBlockLogImpl (DeletedBlockLogImpl.java:commitTransactions(224)) - Transaction txId=29 commit by dnId=ad4991cb-97ce-4dd6-b117-42e7f6b0816f for containerID=#29 failed. Corresponding entry not found.
2021-08-10 12:16:28,736 [EventQueue-DeleteBlockStatusForDeletedBlockLogImpl] DEBUG block.DeletedBlockLogImpl (DeletedBlockLogImpl.java:isTransactionFailed(278)) - Got block deletion ACK from datanode, TXIDs=30, success=true
2021-08-10 12:16:28,736 [EventQueue-DeleteBlockStatusForDeletedBlockLogImpl] DEBUG block.DeletedBlockLogImpl (DeletedBlockLogImpl.java:commitTransactions(224)) - Transaction txId=30 commit by dnId=ad4991cb-97ce-4dd6-b117-42e7f6b0816f for containerID=#30 failed. Corresponding entry not found.
2021-08-10 12:16:28,736 [EventQueue-DeleteBlockStatusForDeletedBlockLogImpl] DEBUG block.DeletedBlockLogImpl (DeletedBlockLogImpl.java:isTransactionFailed(278)) - Got block deletion ACK from datanode, TXIDs=31, success=true
2021-08-10 12:16:28,736 [EventQueue-DeleteBlockStatusForDeletedBlockLogImpl] DEBUG block.DeletedBlockLogImpl (DeletedBlockLogImpl.java:commitTransactions(224)) - Transaction txId=31 commit by dnId=ad4991cb-97ce-4dd6-b117-42e7f6b0816f for containerID=#31 failed. Corresponding entry not found.
2021-08-10 12:16:28,736 [EventQueue-DeleteBlockStatusForDeletedBlockLogImpl] DEBUG block.DeletedBlockLogImpl (DeletedBlockLogImpl.java:isTransactionFailed(278)) - Got block deletion ACK from datanode, TXIDs=32, success=true
2021-08-10 12:16:28,736 [EventQueue-DeleteBlockStatusForDeletedBlockLogImpl] DEBUG block.DeletedBlockLogImpl (DeletedBlockLogImpl.java:commitTransactions(224)) - Transaction txId=32 commit by dnId=ad4991cb-97ce-4dd6-b117-42e7f6b0816f for containerID=#32 failed. Corresponding entry not found.
2021-08-10 12:16:28,736 [EventQueue-DeleteBlockStatusForDeletedBlockLogImpl] DEBUG block.DeletedBlockLogImpl (DeletedBlockLogImpl.java:isTransactionFailed(278)) - Got block deletion ACK from datanode, TXIDs=33, success=true
2021-08-10 12:16:28,736 [EventQueue-DeleteBlockStatusForDeletedBlockLogImpl] DEBUG block.DeletedBlockLogImpl (DeletedBlockLogImpl.java:commitTransactions(224)) - Transaction txId=33 commit by dnId=ad4991cb-97ce-4dd6-b117-42e7f6b0816f for containerID=#33 failed. Corresponding entry not found.
2021-08-10 12:16:28,736 [EventQueue-DeleteBlockStatusForDeletedBlockLogImpl] DEBUG block.DeletedBlockLogImpl (DeletedBlockLogImpl.java:isTransactionFailed(278)) - Got block deletion ACK from datanode, TXIDs=34, success=true
2021-08-10 12:16:28,736 [EventQueue-DeleteBlockStatusForDeletedBlockLogImpl] DEBUG block.DeletedBlockLogImpl (DeletedBlockLogImpl.java:commitTransactions(224)) - Transaction txId=34 commit by dnId=ad4991cb-97ce-4dd6-b117-42e7f6b0816f for containerID=#34 failed. Corresponding entry not found.
2021-08-10 12:16:28,736 [EventQueue-DeleteBlockStatusForDeletedBlockLogImpl] DEBUG block.DeletedBlockLogImpl (DeletedBlockLogImpl.java:isTransactionFailed(278)) - Got block deletion ACK from datanode, TXIDs=35, success=true
2021-08-10 12:16:28,736 [EventQueue-DeleteBlockStatusForDeletedBlockLogImpl] DEBUG block.DeletedBlockLogImpl (DeletedBlockLogImpl.java:commitTransactions(224)) - Transaction txId=35 commit by dnId=ad4991cb-97ce-4dd6-b117-42e7f6b0816f for containerID=#35 failed. Corresponding entry not found.
2021-08-10 12:16:28,736 [EventQueue-DeleteBlockStatusForDeletedBlockLogImpl] DEBUG block.DeletedBlockLogImpl (DeletedBlockLogImpl.java:isTransactionFailed(278)) - Got block deletion ACK from datanode, TXIDs=36, success=true
2021-08-10 12:16:28,736 [EventQueue-DeleteBlockStatusForDeletedBlockLogImpl] DEBUG block.DeletedBlockLogImpl (DeletedBlockLogImpl.java:commitTransactions(224)) - Transaction txId=36 commit by dnId=ad4991cb-97ce-4dd6-b117-42e7f6b0816f for containerID=#36 failed. Corresponding entry not found.
2021-08-10 12:16:28,736 [EventQueue-DeleteBlockStatusForDeletedBlockLogImpl] DEBUG block.DeletedBlockLogImpl (DeletedBlockLogImpl.java:isTransactionFailed(278)) - Got block deletion ACK from datanode, TXIDs=37, success=true
2021-08-10 12:16:28,736 [EventQueue-DeleteBlockStatusForDeletedBlockLogImpl] DEBUG block.DeletedBlockLogImpl (DeletedBlockLogImpl.java:commitTransactions(224)) - Transaction txId=37 commit by dnId=ad4991cb-97ce-4dd6-b117-42e7f6b0816f for containerID=#37 failed. Corresponding entry not found.
2021-08-10 12:16:28,736 [EventQueue-DeleteBlockStatusForDeletedBlockLogImpl] DEBUG block.DeletedBlockLogImpl (DeletedBlockLogImpl.java:isTransactionFailed(278)) - Got block deletion ACK from datanode, TXIDs=38, success=true
2021-08-10 12:16:28,736 [EventQueue-DeleteBlockStatusForDeletedBlockLogImpl] DEBUG block.DeletedBlockLogImpl (DeletedBlockLogImpl.java:commitTransactions(224)) - Transaction txId=38 commit by dnId=ad4991cb-97ce-4dd6-b117-42e7f6b0816f for containerID=#38 failed. Corresponding entry not found.
2021-08-10 12:16:28,736 [EventQueue-DeleteBlockStatusForDeletedBlockLogImpl] DEBUG block.DeletedBlockLogImpl (DeletedBlockLogImpl.java:isTransactionFailed(278)) - Got block deletion ACK from datanode, TXIDs=39, success=true
2021-08-10 12:16:28,736 [EventQueue-DeleteBlockStatusForDeletedBlockLogImpl] DEBUG block.DeletedBlockLogImpl (DeletedBlockLogImpl.java:commitTransactions(224)) - Transaction txId=39 commit by dnId=ad4991cb-97ce-4dd6-b117-42e7f6b0816f for containerID=#39 failed. Corresponding entry not found.
2021-08-10 12:16:28,736 [EventQueue-DeleteBlockStatusForDeletedBlockLogImpl] DEBUG block.DeletedBlockLogImpl (DeletedBlockLogImpl.java:isTransactionFailed(278)) - Got block deletion ACK from datanode, TXIDs=40, success=true
2021-08-10 12:16:28,736 [EventQueue-DeleteBlockStatusForDeletedBlockLogImpl] DEBUG block.DeletedBlockLogImpl (DeletedBlockLogImpl.java:commitTransactions(224)) - Transaction txId=40 commit by dnId=ad4991cb-97ce-4dd6-b117-42e7f6b0816f for containerID=#40 failed. Corresponding entry not found.
2021-08-10 12:16:28,736 [EventQueue-DeleteBlockStatusForDeletedBlockLogImpl] DEBUG block.DeletedBlockLogImpl (DeletedBlockLogImpl.java:isTransactionFailed(278)) - Got block deletion ACK from datanode, TXIDs=41, success=true
2021-08-10 12:16:28,736 [EventQueue-DeleteBlockStatusForDeletedBlockLogImpl] DEBUG block.DeletedBlockLogImpl (DeletedBlockLogImpl.java:commitTransactions(224)) - Transaction txId=41 commit by dnId=ad4991cb-97ce-4dd6-b117-42e7f6b0816f for containerID=#41 failed. Corresponding entry not found.
2021-08-10 12:16:28,736 [EventQueue-DeleteBlockStatusForDeletedBlockLogImpl] DEBUG block.DeletedBlockLogImpl (DeletedBlockLogImpl.java:isTransactionFailed(278)) - Got block deletion ACK from datanode, TXIDs=42, success=true
2021-08-10 12:16:28,736 [EventQueue-DeleteBlockStatusForDeletedBlockLogImpl] DEBUG block.DeletedBlockLogImpl (DeletedBlockLogImpl.java:commitTransactions(224)) - Transaction txId=42 commit by dnId=ad4991cb-97ce-4dd6-b117-42e7f6b0816f for containerID=#42 failed. Corresponding entry not found.
2021-08-10 12:16:28,736 [EventQueue-DeleteBlockStatusForDeletedBlockLogImpl] DEBUG block.DeletedBlockLogImpl (DeletedBlockLogImpl.java:isTransactionFailed(278)) - Got block deletion ACK from datanode, TXIDs=43, success=true
2021-08-10 12:16:28,736 [EventQueue-DeleteBlockStatusForDeletedBlockLogImpl] DEBUG block.DeletedBlockLogImpl (DeletedBlockLogImpl.java:commitTransactions(224)) - Transaction txId=43 commit by dnId=ad4991cb-97ce-4dd6-b117-42e7f6b0816f for containerID=#43 failed. Corresponding entry not found.
2021-08-10 12:16:28,736 [EventQueue-DeleteBlockStatusForDeletedBlockLogImpl] DEBUG block.DeletedBlockLogImpl (DeletedBlockLogImpl.java:isTransactionFailed(278)) - Got block deletion ACK from datanode, TXIDs=44, success=true
2021-08-10 12:16:28,736 [EventQueue-DeleteBlockStatusForDeletedBlockLogImpl] DEBUG block.DeletedBlockLogImpl (DeletedBlockLogImpl.java:commitTransactions(224)) - Transaction txId=44 commit by dnId=ad4991cb-97ce-4dd6-b117-42e7f6b0816f for containerID=#44 failed. Corresponding entry not found.
2021-08-10 12:16:28,736 [EventQueue-DeleteBlockStatusForDeletedBlockLogImpl] DEBUG block.DeletedBlockLogImpl (DeletedBlockLogImpl.java:isTransactionFailed(278)) - Got block deletion ACK from datanode, TXIDs=45, success=true
2021-08-10 12:16:28,736 [EventQueue-DeleteBlockStatusForDeletedBlockLogImpl] DEBUG block.DeletedBlockLogImpl (DeletedBlockLogImpl.java:commitTransactions(224)) - Transaction txId=45 commit by dnId=ad4991cb-97ce-4dd6-b117-42e7f6b0816f for containerID=#45 failed. Corresponding entry not found.
2021-08-10 12:16:28,736 [EventQueue-DeleteBlockStatusForDeletedBlockLogImpl] DEBUG block.DeletedBlockLogImpl (DeletedBlockLogImpl.java:isTransactionFailed(278)) - Got block deletion ACK from datanode, TXIDs=46, success=true
2021-08-10 12:16:28,736 [EventQueue-DeleteBlockStatusForDeletedBlockLogImpl] DEBUG block.DeletedBlockLogImpl (DeletedBlockLogImpl.java:commitTransactions(224)) - Transaction txId=46 commit by dnId=ad4991cb-97ce-4dd6-b117-42e7f6b0816f for containerID=#46 failed. Corresponding entry not found.
2021-08-10 12:16:28,736 [EventQueue-DeleteBlockStatusForDeletedBlockLogImpl] DEBUG block.DeletedBlockLogImpl (DeletedBlockLogImpl.java:isTransactionFailed(278)) - Got block deletion ACK from datanode, TXIDs=47, success=true
2021-08-10 12:16:28,736 [EventQueue-DeleteBlockStatusForDeletedBlockLogImpl] DEBUG block.DeletedBlockLogImpl (DeletedBlockLogImpl.java:commitTransactions(224)) - Transaction txId=47 commit by dnId=ad4991cb-97ce-4dd6-b117-42e7f6b0816f for containerID=#47 failed. Corresponding entry not found.
2021-08-10 12:16:28,736 [EventQueue-DeleteBlockStatusForDeletedBlockLogImpl] DEBUG block.DeletedBlockLogImpl (DeletedBlockLogImpl.java:isTransactionFailed(278)) - Got block deletion ACK from datanode, TXIDs=48, success=true
2021-08-10 12:16:28,736 [EventQueue-DeleteBlockStatusForDeletedBlockLogImpl] DEBUG block.DeletedBlockLogImpl (DeletedBlockLogImpl.java:commitTransactions(224)) - Transaction txId=48 commit by dnId=ad4991cb-97ce-4dd6-b117-42e7f6b0816f for containerID=#48 failed. Corresponding entry not found.
2021-08-10 12:16:28,736 [EventQueue-DeleteBlockStatusForDeletedBlockLogImpl] DEBUG block.DeletedBlockLogImpl (DeletedBlockLogImpl.java:isTransactionFailed(278)) - Got block deletion ACK from datanode, TXIDs=49, success=true
2021-08-10 12:16:28,736 [EventQueue-DeleteBlockStatusForDeletedBlockLogImpl] DEBUG block.DeletedBlockLogImpl (DeletedBlockLogImpl.java:commitTransactions(224)) - Transaction txId=49 commit by dnId=ad4991cb-97ce-4dd6-b117-42e7f6b0816f for containerID=#49 failed. Corresponding entry not found.
2021-08-10 12:16:28,737 [EventQueue-DeleteBlockStatusForDeletedBlockLogImpl] DEBUG block.DeletedBlockLogImpl (DeletedBlockLogImpl.java:isTransactionFailed(278)) - Got block deletion ACK from datanode, TXIDs=50, success=true
2021-08-10 12:16:28,737 [EventQueue-DeleteBlockStatusForDeletedBlockLogImpl] DEBUG block.DeletedBlockLogImpl (DeletedBlockLogImpl.java:commitTransactions(224)) - Transaction txId=50 commit by dnId=ad4991cb-97ce-4dd6-b117-42e7f6b0816f for containerID=#50 failed. Corresponding entry not found.
2021-08-10 12:16:28,737 [EventQueue-DeleteBlockStatusForDeletedBlockLogImpl] DEBUG block.DeletedBlockLogImpl (DeletedBlockLogImpl.java:isTransactionFailed(278)) - Got block deletion ACK from datanode, TXIDs=51, success=true
2021-08-10 12:16:28,737 [EventQueue-DeleteBlockStatusForDeletedBlockLogImpl] DEBUG block.DeletedBlockLogImpl (DeletedBlockLogImpl.java:commitTransactions(224)) - Transaction txId=51 commit by dnId=ad4991cb-97ce-4dd6-b117-42e7f6b0816f for containerID=#51 failed. Corresponding entry not found.
2021-08-10 12:16:28,737 [EventQueue-DeleteBlockStatusForDeletedBlockLogImpl] DEBUG block.DeletedBlockLogImpl (DeletedBlockLogImpl.java:isTransactionFailed(278)) - Got block deletion ACK from datanode, TXIDs=52, success=true
2021-08-10 12:16:28,737 [EventQueue-DeleteBlockStatusForDeletedBlockLogImpl] DEBUG block.DeletedBlockLogImpl (DeletedBlockLogImpl.java:commitTransactions(224)) - Transaction txId=52 commit by dnId=ad4991cb-97ce-4dd6-b117-42e7f6b0816f for containerID=#52 failed. Corresponding entry not found.
2021-08-10 12:16:28,737 [EventQueue-DeleteBlockStatusForDeletedBlockLogImpl] DEBUG block.DeletedBlockLogImpl (DeletedBlockLogImpl.java:isTransactionFailed(278)) - Got block deletion ACK from datanode, TXIDs=53, success=true
2021-08-10 12:16:28,737 [EventQueue-DeleteBlockStatusForDeletedBlockLogImpl] DEBUG block.DeletedBlockLogImpl (DeletedBlockLogImpl.java:commitTransactions(224)) - Transaction txId=53 commit by dnId=ad4991cb-97ce-4dd6-b117-42e7f6b0816f for containerID=#53 failed. Corresponding entry not found.
2021-08-10 12:16:28,737 [EventQueue-DeleteBlockStatusForDeletedBlockLogImpl] DEBUG block.DeletedBlockLogImpl (DeletedBlockLogImpl.java:isTransactionFailed(278)) - Got block deletion ACK from datanode, TXIDs=54, success=true
2021-08-10 12:16:28,737 [EventQueue-DeleteBlockStatusForDeletedBlockLogImpl] DEBUG block.DeletedBlockLogImpl (DeletedBlockLogImpl.java:commitTransactions(224)) - Transaction txId=54 commit by dnId=ad4991cb-97ce-4dd6-b117-42e7f6b0816f for containerID=#54 failed. Corresponding entry not found.
2021-08-10 12:16:28,737 [EventQueue-DeleteBlockStatusForDeletedBlockLogImpl] DEBUG block.DeletedBlockLogImpl (DeletedBlockLogImpl.java:isTransactionFailed(278)) - Got block deletion ACK from datanode, TXIDs=55, success=true
2021-08-10 12:16:28,737 [EventQueue-DeleteBlockStatusForDeletedBlockLogImpl] DEBUG block.DeletedBlockLogImpl (DeletedBlockLogImpl.java:commitTransactions(224)) - Transaction txId=55 commit by dnId=ad4991cb-97ce-4dd6-b117-42e7f6b0816f for containerID=#55 failed. Corresponding entry not found.
2021-08-10 12:16:28,737 [EventQueue-DeleteBlockStatusForDeletedBlockLogImpl] DEBUG block.DeletedBlockLogImpl (DeletedBlockLogImpl.java:isTransactionFailed(278)) - Got block deletion ACK from datanode, TXIDs=56, success=true
2021-08-10 12:16:28,737 [EventQueue-DeleteBlockStatusForDeletedBlockLogImpl] DEBUG block.DeletedBlockLogImpl (DeletedBlockLogImpl.java:commitTransactions(224)) - Transaction txId=56 commit by dnId=ad4991cb-97ce-4dd6-b117-42e7f6b0816f for containerID=#56 failed. Corresponding entry not found.
2021-08-10 12:16:28,737 [EventQueue-DeleteBlockStatusForDeletedBlockLogImpl] DEBUG block.DeletedBlockLogImpl (DeletedBlockLogImpl.java:isTransactionFailed(278)) - Got block deletion ACK from datanode, TXIDs=1, success=true
2021-08-10 12:16:28,737 [EventQueue-DeleteBlockStatusForDeletedBlockLogImpl] DEBUG block.DeletedBlockLogImpl (DeletedBlockLogImpl.java:commitTransactions(224)) - Transaction txId=1 commit by dnId=ad4991cb-97ce-4dd6-b117-42e7f6b0816f for containerID=#1 failed. Corresponding entry not found.
2021-08-10 12:16:28,737 [EventQueue-DeleteBlockStatusForDeletedBlockLogImpl] DEBUG block.DeletedBlockLogImpl (DeletedBlockLogImpl.java:isTransactionFailed(278)) - Got block deletion ACK from datanode, TXIDs=2, success=true
2021-08-10 12:16:28,737 [EventQueue-DeleteBlockStatusForDeletedBlockLogImpl] DEBUG block.DeletedBlockLogImpl (DeletedBlockLogImpl.java:commitTransactions(224)) - Transaction txId=2 commit by dnId=ad4991cb-97ce-4dd6-b117-42e7f6b0816f for containerID=#2 failed. Corresponding entry not found.
2021-08-10 12:16:28,737 [EventQueue-DeleteBlockStatusForDeletedBlockLogImpl] DEBUG block.DeletedBlockLogImpl (DeletedBlockLogImpl.java:isTransactionFailed(278)) - Got block deletion ACK from datanode, TXIDs=3, success=true
2021-08-10 12:16:28,737 [EventQueue-DeleteBlockStatusForDeletedBlockLogImpl] DEBUG block.DeletedBlockLogImpl (DeletedBlockLogImpl.java:commitTransactions(224)) - Transaction txId=3 commit by dnId=ad4991cb-97ce-4dd6-b117-42e7f6b0816f for containerID=#3 failed. Corresponding entry not found.
2021-08-10 12:16:28,737 [EventQueue-DeleteBlockStatusForDeletedBlockLogImpl] DEBUG block.DeletedBlockLogImpl (DeletedBlockLogImpl.java:isTransactionFailed(278)) - Got block deletion ACK from datanode, TXIDs=4, success=true
2021-08-10 12:16:28,737 [EventQueue-DeleteBlockStatusForDeletedBlockLogImpl] DEBUG block.DeletedBlockLogImpl (DeletedBlockLogImpl.java:commitTransactions(224)) - Transaction txId=4 commit by dnId=ad4991cb-97ce-4dd6-b117-42e7f6b0816f for containerID=#4 failed. Corresponding entry not found.
2021-08-10 12:16:28,737 [EventQueue-DeleteBlockStatusForDeletedBlockLogImpl] DEBUG block.DeletedBlockLogImpl (DeletedBlockLogImpl.java:isTransactionFailed(278)) - Got block deletion ACK from datanode, TXIDs=5, success=true
2021-08-10 12:16:28,737 [EventQueue-DeleteBlockStatusForDeletedBlockLogImpl] DEBUG block.DeletedBlockLogImpl (DeletedBlockLogImpl.java:commitTransactions(224)) - Transaction txId=5 commit by dnId=ad4991cb-97ce-4dd6-b117-42e7f6b0816f for containerID=#5 failed. Corresponding entry not found.
2021-08-10 12:16:28,737 [EventQueue-DeleteBlockStatusForDeletedBlockLogImpl] DEBUG block.DeletedBlockLogImpl (DeletedBlockLogImpl.java:isTransactionFailed(278)) - Got block deletion ACK from datanode, TXIDs=6, success=true
2021-08-10 12:16:28,737 [EventQueue-DeleteBlockStatusForDeletedBlockLogImpl] DEBUG block.DeletedBlockLogImpl (DeletedBlockLogImpl.java:commitTransactions(224)) - Transaction txId=6 commit by dnId=ad4991cb-97ce-4dd6-b117-42e7f6b0816f for containerID=#6 failed. Corresponding entry not found.
2021-08-10 12:16:28,737 [EventQueue-DeleteBlockStatusForDeletedBlockLogImpl] DEBUG block.DeletedBlockLogImpl (DeletedBlockLogImpl.java:isTransactionFailed(278)) - Got block deletion ACK from datanode, TXIDs=7, success=true
2021-08-10 12:16:28,737 [EventQueue-DeleteBlockStatusForDeletedBlockLogImpl] DEBUG block.DeletedBlockLogImpl (DeletedBlockLogImpl.java:commitTransactions(224)) - Transaction txId=7 commit by dnId=ad4991cb-97ce-4dd6-b117-42e7f6b0816f for containerID=#7 failed. Corresponding entry not found.
2021-08-10 12:16:28,737 [EventQueue-DeleteBlockStatusForDeletedBlockLogImpl] DEBUG block.DeletedBlockLogImpl (DeletedBlockLogImpl.java:isTransactionFailed(278)) - Got block deletion ACK from datanode, TXIDs=8, success=true
2021-08-10 12:16:28,737 [EventQueue-DeleteBlockStatusForDeletedBlockLogImpl] DEBUG block.DeletedBlockLogImpl (DeletedBlockLogImpl.java:commitTransactions(224)) - Transaction txId=8 commit by dnId=ad4991cb-97ce-4dd6-b117-42e7f6b0816f for containerID=#8 failed. Corresponding entry not found.
2021-08-10 12:16:28,737 [EventQueue-DeleteBlockStatusForDeletedBlockLogImpl] DEBUG block.DeletedBlockLogImpl (DeletedBlockLogImpl.java:isTransactionFailed(278)) - Got block deletion ACK from datanode, TXIDs=9, success=true
2021-08-10 12:16:28,737 [EventQueue-DeleteBlockStatusForDeletedBlockLogImpl] DEBUG block.DeletedBlockLogImpl (DeletedBlockLogImpl.java:commitTransactions(224)) - Transaction txId=9 commit by dnId=ad4991cb-97ce-4dd6-b117-42e7f6b0816f for containerID=#9 failed. Corresponding entry not found.
2021-08-10 12:16:28,737 [EventQueue-DeleteBlockStatusForDeletedBlockLogImpl] DEBUG block.DeletedBlockLogImpl (DeletedBlockLogImpl.java:isTransactionFailed(278)) - Got block deletion ACK from datanode, TXIDs=10, success=true
2021-08-10 12:16:28,737 [EventQueue-DeleteBlockStatusForDeletedBlockLogImpl] DEBUG block.DeletedBlockLogImpl (DeletedBlockLogImpl.java:commitTransactions(224)) - Transaction txId=10 commit by dnId=ad4991cb-97ce-4dd6-b117-42e7f6b0816f for containerID=#10 failed. Corresponding entry not found.
2021-08-10 12:16:28,737 [EventQueue-DeleteBlockStatusForDeletedBlockLogImpl] DEBUG block.DeletedBlockLogImpl (DeletedBlockLogImpl.java:isTransactionFailed(278)) - Got block deletion ACK from datanode, TXIDs=11, success=true
2021-08-10 12:16:28,737 [EventQueue-DeleteBlockStatusForDeletedBlockLogImpl] DEBUG block.DeletedBlockLogImpl (DeletedBlockLogImpl.java:commitTransactions(224)) - Transaction txId=11 commit by dnId=ad4991cb-97ce-4dd6-b117-42e7f6b0816f for containerID=#11 failed. Corresponding entry not found.
2021-08-10 12:16:28,737 [EventQueue-DeleteBlockStatusForDeletedBlockLogImpl] DEBUG block.DeletedBlockLogImpl (DeletedBlockLogImpl.java:isTransactionFailed(278)) - Got block deletion ACK from datanode, TXIDs=12, success=true
2021-08-10 12:16:28,737 [EventQueue-DeleteBlockStatusForDeletedBlockLogImpl] DEBUG block.DeletedBlockLogImpl (DeletedBlockLogImpl.java:commitTransactions(224)) - Transaction txId=12 commit by dnId=ad4991cb-97ce-4dd6-b117-42e7f6b0816f for containerID=#12 failed. Corresponding entry not found.
2021-08-10 12:16:28,737 [EventQueue-DeleteBlockStatusForDeletedBlockLogImpl] DEBUG block.DeletedBlockLogImpl (DeletedBlockLogImpl.java:isTransactionFailed(278)) - Got block deletion ACK from datanode, TXIDs=13, success=true
2021-08-10 12:16:28,737 [EventQueue-DeleteBlockStatusForDeletedBlockLogImpl] DEBUG block.DeletedBlockLogImpl (DeletedBlockLogImpl.java:commitTransactions(224)) - Transaction txId=13 commit by dnId=ad4991cb-97ce-4dd6-b117-42e7f6b0816f for containerID=#13 failed. Corresponding entry not found.
2021-08-10 12:16:28,737 [EventQueue-DeleteBlockStatusForDeletedBlockLogImpl] DEBUG block.DeletedBlockLogImpl (DeletedBlockLogImpl.java:isTransactionFailed(278)) - Got block deletion ACK from datanode, TXIDs=14, success=true
2021-08-10 12:16:28,737 [EventQueue-DeleteBlockStatusForDeletedBlockLogImpl] DEBUG block.DeletedBlockLogImpl (DeletedBlockLogImpl.java:commitTransactions(224)) - Transaction txId=14 commit by dnId=ad4991cb-97ce-4dd6-b117-42e7f6b0816f for containerID=#14 failed. Corresponding entry not found.
2021-08-10 12:16:28,737 [EventQueue-DeleteBlockStatusForDeletedBlockLogImpl] DEBUG block.DeletedBlockLogImpl (DeletedBlockLogImpl.java:isTransactionFailed(278)) - Got block deletion ACK from datanode, TXIDs=15, success=true
2021-08-10 12:16:28,737 [EventQueue-DeleteBlockStatusForDeletedBlockLogImpl] DEBUG block.DeletedBlockLogImpl (DeletedBlockLogImpl.java:commitTransactions(224)) - Transaction txId=15 commit by dnId=ad4991cb-97ce-4dd6-b117-42e7f6b0816f for containerID=#15 failed. Corresponding entry not found.
2021-08-10 12:16:28,737 [EventQueue-DeleteBlockStatusForDeletedBlockLogImpl] DEBUG block.DeletedBlockLogImpl (DeletedBlockLogImpl.java:isTransactionFailed(278)) - Got block deletion ACK from datanode, TXIDs=16, success=true
2021-08-10 12:16:28,737 [EventQueue-DeleteBlockStatusForDeletedBlockLogImpl] DEBUG block.DeletedBlockLogImpl (DeletedBlockLogImpl.java:commitTransactions(224)) - Transaction txId=16 commit by dnId=ad4991cb-97ce-4dd6-b117-42e7f6b0816f for containerID=#16 failed. Corresponding entry not found.
2021-08-10 12:16:28,737 [EventQueue-DeleteBlockStatusForDeletedBlockLogImpl] DEBUG block.DeletedBlockLogImpl (DeletedBlockLogImpl.java:isTransactionFailed(278)) - Got block deletion ACK from datanode, TXIDs=17, success=true
2021-08-10 12:16:28,737 [EventQueue-DeleteBlockStatusForDeletedBlockLogImpl] DEBUG block.DeletedBlockLogImpl (DeletedBlockLogImpl.java:commitTransactions(224)) - Transaction txId=17 commit by dnId=ad4991cb-97ce-4dd6-b117-42e7f6b0816f for containerID=#17 failed. Corresponding entry not found.
2021-08-10 12:16:28,737 [EventQueue-DeleteBlockStatusForDeletedBlockLogImpl] DEBUG block.DeletedBlockLogImpl (DeletedBlockLogImpl.java:isTransactionFailed(278)) - Got block deletion ACK from datanode, TXIDs=18, success=true
2021-08-10 12:16:28,737 [EventQueue-DeleteBlockStatusForDeletedBlockLogImpl] DEBUG block.DeletedBlockLogImpl (DeletedBlockLogImpl.java:commitTransactions(224)) - Transaction txId=18 commit by dnId=ad4991cb-97ce-4dd6-b117-42e7f6b0816f for containerID=#18 failed. Corresponding entry not found.
2021-08-10 12:16:28,737 [EventQueue-DeleteBlockStatusForDeletedBlockLogImpl] DEBUG block.DeletedBlockLogImpl (DeletedBlockLogImpl.java:isTransactionFailed(278)) - Got block deletion ACK from datanode, TXIDs=19, success=true
2021-08-10 12:16:28,737 [EventQueue-DeleteBlockStatusForDeletedBlockLogImpl] DEBUG block.DeletedBlockLogImpl (DeletedBlockLogImpl.java:commitTransactions(224)) - Transaction txId=19 commit by dnId=ad4991cb-97ce-4dd6-b117-42e7f6b0816f for containerID=#19 failed. Corresponding entry not found.
2021-08-10 12:16:28,737 [EventQueue-DeleteBlockStatusForDeletedBlockLogImpl] DEBUG block.DeletedBlockLogImpl (DeletedBlockLogImpl.java:isTransactionFailed(278)) - Got block deletion ACK from datanode, TXIDs=20, success=true
2021-08-10 12:16:28,738 [EventQueue-DeleteBlockStatusForDeletedBlockLogImpl] DEBUG block.DeletedBlockLogImpl (DeletedBlockLogImpl.java:commitTransactions(224)) - Transaction txId=20 commit by dnId=ad4991cb-97ce-4dd6-b117-42e7f6b0816f for containerID=#20 failed. Corresponding entry not found.
2021-08-10 12:16:28,738 [EventQueue-DeleteBlockStatusForDeletedBlockLogImpl] DEBUG block.DeletedBlockLogImpl (DeletedBlockLogImpl.java:isTransactionFailed(278)) - Got block deletion ACK from datanode, TXIDs=21, success=true
2021-08-10 12:16:28,738 [EventQueue-DeleteBlockStatusForDeletedBlockLogImpl] DEBUG block.DeletedBlockLogImpl (DeletedBlockLogImpl.java:commitTransactions(224)) - Transaction txId=21 commit by dnId=ad4991cb-97ce-4dd6-b117-42e7f6b0816f for containerID=#21 failed. Corresponding entry not found.
2021-08-10 12:16:28,738 [EventQueue-DeleteBlockStatusForDeletedBlockLogImpl] DEBUG block.DeletedBlockLogImpl (DeletedBlockLogImpl.java:isTransactionFailed(278)) - Got block deletion ACK from datanode, TXIDs=22, success=true
2021-08-10 12:16:28,738 [EventQueue-DeleteBlockStatusForDeletedBlockLogImpl] DEBUG block.DeletedBlockLogImpl (DeletedBlockLogImpl.java:commitTransactions(224)) - Transaction txId=22 commit by dnId=ad4991cb-97ce-4dd6-b117-42e7f6b0816f for containerID=#22 failed. Corresponding entry not found.
2021-08-10 12:16:28,738 [EventQueue-DeleteBlockStatusForDeletedBlockLogImpl] DEBUG block.DeletedBlockLogImpl (DeletedBlockLogImpl.java:isTransactionFailed(278)) - Got block deletion ACK from datanode, TXIDs=23, success=true
2021-08-10 12:16:28,738 [EventQueue-DeleteBlockStatusForDeletedBlockLogImpl] DEBUG block.DeletedBlockLogImpl (DeletedBlockLogImpl.java:commitTransactions(224)) - Transaction txId=23 commit by dnId=ad4991cb-97ce-4dd6-b117-42e7f6b0816f for containerID=#23 failed. Corresponding entry not found.
2021-08-10 12:16:28,738 [EventQueue-DeleteBlockStatusForDeletedBlockLogImpl] DEBUG block.DeletedBlockLogImpl (DeletedBlockLogImpl.java:isTransactionFailed(278)) - Got block deletion ACK from datanode, TXIDs=24, success=true
2021-08-10 12:16:28,738 [EventQueue-DeleteBlockStatusForDeletedBlockLogImpl] DEBUG block.DeletedBlockLogImpl (DeletedBlockLogImpl.java:commitTransactions(224)) - Transaction txId=24 commit by dnId=ad4991cb-97ce-4dd6-b117-42e7f6b0816f for containerID=#24 failed. Corresponding entry not found.
2021-08-10 12:16:28,738 [EventQueue-DeleteBlockStatusForDeletedBlockLogImpl] DEBUG block.DeletedBlockLogImpl (DeletedBlockLogImpl.java:isTransactionFailed(278)) - Got block deletion ACK from datanode, TXIDs=25, success=true
2021-08-10 12:16:28,738 [EventQueue-DeleteBlockStatusForDeletedBlockLogImpl] DEBUG block.DeletedBlockLogImpl (DeletedBlockLogImpl.java:commitTransactions(224)) - Transaction txId=25 commit by dnId=ad4991cb-97ce-4dd6-b117-42e7f6b0816f for containerID=#25 failed. Corresponding entry not found.
2021-08-10 12:16:28,738 [EventQueue-DeleteBlockStatusForDeletedBlockLogImpl] DEBUG block.DeletedBlockLogImpl (DeletedBlockLogImpl.java:isTransactionFailed(278)) - Got block deletion ACK from datanode, TXIDs=26, success=true
2021-08-10 12:16:28,738 [EventQueue-DeleteBlockStatusForDeletedBlockLogImpl] DEBUG block.DeletedBlockLogImpl (DeletedBlockLogImpl.java:commitTransactions(224)) - Transaction txId=26 commit by dnId=ad4991cb-97ce-4dd6-b117-42e7f6b0816f for containerID=#26 failed. Corresponding entry not found.
2021-08-10 12:16:28,738 [EventQueue-DeleteBlockStatusForDeletedBlockLogImpl] DEBUG block.DeletedBlockLogImpl (DeletedBlockLogImpl.java:isTransactionFailed(278)) - Got block deletion ACK from datanode, TXIDs=27, success=true
2021-08-10 12:16:28,738 [EventQueue-DeleteBlockStatusForDeletedBlockLogImpl] DEBUG block.DeletedBlockLogImpl (DeletedBlockLogImpl.java:commitTransactions(224)) - Transaction txId=27 commit by dnId=ad4991cb-97ce-4dd6-b117-42e7f6b0816f for containerID=#27 failed. Corresponding entry not found.
2021-08-10 12:16:28,738 [EventQueue-DeleteBlockStatusForDeletedBlockLogImpl] DEBUG block.DeletedBlockLogImpl (DeletedBlockLogImpl.java:isTransactionFailed(278)) - Got block deletion ACK from datanode, TXIDs=28, success=true
2021-08-10 12:16:28,738 [EventQueue-DeleteBlockStatusForDeletedBlockLogImpl] DEBUG block.DeletedBlockLogImpl (DeletedBlockLogImpl.java:commitTransactions(224)) - Transaction txId=28 commit by dnId=ad4991cb-97ce-4dd6-b117-42e7f6b0816f for containerID=#28 failed. Corresponding entry not found.
2021-08-10 12:16:28,738 [EventQueue-DeleteBlockStatusForDeletedBlockLogImpl] DEBUG block.DeletedBlockLogImpl (DeletedBlockLogImpl.java:isTransactionFailed(278)) - Got block deletion ACK from datanode, TXIDs=29, success=true
2021-08-10 12:16:28,738 [EventQueue-DeleteBlockStatusForDeletedBlockLogImpl] DEBUG block.DeletedBlockLogImpl (DeletedBlockLogImpl.java:commitTransactions(224)) - Transaction txId=29 commit by dnId=ad4991cb-97ce-4dd6-b117-42e7f6b0816f for containerID=#29 failed. Corresponding entry not found.
2021-08-10 12:16:28,738 [EventQueue-DeleteBlockStatusForDeletedBlockLogImpl] DEBUG block.DeletedBlockLogImpl (DeletedBlockLogImpl.java:isTransactionFailed(278)) - Got block deletion ACK from datanode, TXIDs=30, success=true
2021-08-10 12:16:28,738 [EventQueue-DeleteBlockStatusForDeletedBlockLogImpl] DEBUG block.DeletedBlockLogImpl (DeletedBlockLogImpl.java:commitTransactions(224)) - Transaction txId=30 commit by dnId=ad4991cb-97ce-4dd6-b117-42e7f6b0816f for containerID=#30 failed. Corresponding entry not found.
2021-08-10 12:16:28,738 [EventQueue-DeleteBlockStatusForDeletedBlockLogImpl] DEBUG block.DeletedBlockLogImpl (DeletedBlockLogImpl.java:isTransactionFailed(278)) - Got block deletion ACK from datanode, TXIDs=31, success=true
2021-08-10 12:16:28,738 [EventQueue-DeleteBlockStatusForDeletedBlockLogImpl] DEBUG block.DeletedBlockLogImpl (DeletedBlockLogImpl.java:commitTransactions(224)) - Transaction txId=31 commit by dnId=ad4991cb-97ce-4dd6-b117-42e7f6b0816f for containerID=#31 failed. Corresponding entry not found.
2021-08-10 12:16:28,738 [EventQueue-DeleteBlockStatusForDeletedBlockLogImpl] DEBUG block.DeletedBlockLogImpl (DeletedBlockLogImpl.java:isTransactionFailed(278)) - Got block deletion ACK from datanode, TXIDs=32, success=true
2021-08-10 12:16:28,738 [EventQueue-DeleteBlockStatusForDeletedBlockLogImpl] DEBUG block.DeletedBlockLogImpl (DeletedBlockLogImpl.java:commitTransactions(224)) - Transaction txId=32 commit by dnId=ad4991cb-97ce-4dd6-b117-42e7f6b0816f for containerID=#32 failed. Corresponding entry not found.
2021-08-10 12:16:28,738 [EventQueue-DeleteBlockStatusForDeletedBlockLogImpl] DEBUG block.DeletedBlockLogImpl (DeletedBlockLogImpl.java:isTransactionFailed(278)) - Got block deletion ACK from datanode, TXIDs=33, success=true
2021-08-10 12:16:28,738 [EventQueue-DeleteBlockStatusForDeletedBlockLogImpl] DEBUG block.DeletedBlockLogImpl (DeletedBlockLogImpl.java:commitTransactions(224)) - Transaction txId=33 commit by dnId=ad4991cb-97ce-4dd6-b117-42e7f6b0816f for containerID=#33 failed. Corresponding entry not found.
2021-08-10 12:16:28,738 [EventQueue-DeleteBlockStatusForDeletedBlockLogImpl] DEBUG block.DeletedBlockLogImpl (DeletedBlockLogImpl.java:isTransactionFailed(278)) - Got block deletion ACK from datanode, TXIDs=34, success=true
2021-08-10 12:16:28,738 [EventQueue-DeleteBlockStatusForDeletedBlockLogImpl] DEBUG block.DeletedBlockLogImpl (DeletedBlockLogImpl.java:commitTransactions(224)) - Transaction txId=34 commit by dnId=ad4991cb-97ce-4dd6-b117-42e7f6b0816f for containerID=#34 failed. Corresponding entry not found.
2021-08-10 12:16:28,738 [EventQueue-DeleteBlockStatusForDeletedBlockLogImpl] DEBUG block.DeletedBlockLogImpl (DeletedBlockLogImpl.java:isTransactionFailed(278)) - Got block deletion ACK from datanode, TXIDs=35, success=true
2021-08-10 12:16:28,738 [EventQueue-DeleteBlockStatusForDeletedBlockLogImpl] DEBUG block.DeletedBlockLogImpl (DeletedBlockLogImpl.java:commitTransactions(224)) - Transaction txId=35 commit by dnId=ad4991cb-97ce-4dd6-b117-42e7f6b0816f for containerID=#35 failed. Corresponding entry not found.
2021-08-10 12:16:28,738 [EventQueue-DeleteBlockStatusForDeletedBlockLogImpl] DEBUG block.DeletedBlockLogImpl (DeletedBlockLogImpl.java:isTransactionFailed(278)) - Got block deletion ACK from datanode, TXIDs=36, success=true
2021-08-10 12:16:28,738 [EventQueue-DeleteBlockStatusForDeletedBlockLogImpl] DEBUG block.DeletedBlockLogImpl (DeletedBlockLogImpl.java:commitTransactions(224)) - Transaction txId=36 commit by dnId=ad4991cb-97ce-4dd6-b117-42e7f6b0816f for containerID=#36 failed. Corresponding entry not found.
2021-08-10 12:16:28,738 [EventQueue-DeleteBlockStatusForDeletedBlockLogImpl] DEBUG block.DeletedBlockLogImpl (DeletedBlockLogImpl.java:isTransactionFailed(278)) - Got block deletion ACK from datanode, TXIDs=37, success=true
2021-08-10 12:16:28,738 [EventQueue-DeleteBlockStatusForDeletedBlockLogImpl] DEBUG block.DeletedBlockLogImpl (DeletedBlockLogImpl.java:commitTransactions(224)) - Transaction txId=37 commit by dnId=ad4991cb-97ce-4dd6-b117-42e7f6b0816f for containerID=#37 failed. Corresponding entry not found.
2021-08-10 12:16:28,738 [EventQueue-DeleteBlockStatusForDeletedBlockLogImpl] DEBUG block.DeletedBlockLogImpl (DeletedBlockLogImpl.java:isTransactionFailed(278)) - Got block deletion ACK from datanode, TXIDs=38, success=true
2021-08-10 12:16:28,738 [EventQueue-DeleteBlockStatusForDeletedBlockLogImpl] DEBUG block.DeletedBlockLogImpl (DeletedBlockLogImpl.java:commitTransactions(224)) - Transaction txId=38 commit by dnId=ad4991cb-97ce-4dd6-b117-42e7f6b0816f for containerID=#38 failed. Corresponding entry not found.
2021-08-10 12:16:28,738 [EventQueue-DeleteBlockStatusForDeletedBlockLogImpl] DEBUG block.DeletedBlockLogImpl (DeletedBlockLogImpl.java:isTransactionFailed(278)) - Got block deletion ACK from datanode, TXIDs=39, success=true
2021-08-10 12:16:28,738 [EventQueue-DeleteBlockStatusForDeletedBlockLogImpl] DEBUG block.DeletedBlockLogImpl (DeletedBlockLogImpl.java:commitTransactions(224)) - Transaction txId=39 commit by dnId=ad4991cb-97ce-4dd6-b117-42e7f6b0816f for containerID=#39 failed. Corresponding entry not found.
2021-08-10 12:16:28,738 [EventQueue-DeleteBlockStatusForDeletedBlockLogImpl] DEBUG block.DeletedBlockLogImpl (DeletedBlockLogImpl.java:isTransactionFailed(278)) - Got block deletion ACK from datanode, TXIDs=40, success=true
2021-08-10 12:16:28,738 [EventQueue-DeleteBlockStatusForDeletedBlockLogImpl] DEBUG block.DeletedBlockLogImpl (DeletedBlockLogImpl.java:commitTransactions(224)) - Transaction txId=40 commit by dnId=ad4991cb-97ce-4dd6-b117-42e7f6b0816f for containerID=#40 failed. Corresponding entry not found.
2021-08-10 12:16:28,738 [EventQueue-DeleteBlockStatusForDeletedBlockLogImpl] DEBUG block.DeletedBlockLogImpl (DeletedBlockLogImpl.java:isTransactionFailed(278)) - Got block deletion ACK from datanode, TXIDs=41, success=true
2021-08-10 12:16:28,738 [EventQueue-DeleteBlockStatusForDeletedBlockLogImpl] DEBUG block.DeletedBlockLogImpl (DeletedBlockLogImpl.java:commitTransactions(224)) - Transaction txId=41 commit by dnId=ad4991cb-97ce-4dd6-b117-42e7f6b0816f for containerID=#41 failed. Corresponding entry not found.
2021-08-10 12:16:28,738 [EventQueue-DeleteBlockStatusForDeletedBlockLogImpl] DEBUG block.DeletedBlockLogImpl (DeletedBlockLogImpl.java:isTransactionFailed(278)) - Got block deletion ACK from datanode, TXIDs=42, success=true
2021-08-10 12:16:28,738 [EventQueue-DeleteBlockStatusForDeletedBlockLogImpl] DEBUG block.DeletedBlockLogImpl (DeletedBlockLogImpl.java:commitTransactions(224)) - Transaction txId=42 commit by dnId=ad4991cb-97ce-4dd6-b117-42e7f6b0816f for containerID=#42 failed. Corresponding entry not found.
2021-08-10 12:16:28,738 [EventQueue-DeleteBlockStatusForDeletedBlockLogImpl] DEBUG block.DeletedBlockLogImpl (DeletedBlockLogImpl.java:isTransactionFailed(278)) - Got block deletion ACK from datanode, TXIDs=43, success=true
2021-08-10 12:16:28,738 [EventQueue-DeleteBlockStatusForDeletedBlockLogImpl] DEBUG block.DeletedBlockLogImpl (DeletedBlockLogImpl.java:commitTransactions(224)) - Transaction txId=43 commit by dnId=ad4991cb-97ce-4dd6-b117-42e7f6b0816f for containerID=#43 failed. Corresponding entry not found.
2021-08-10 12:16:28,738 [EventQueue-DeleteBlockStatusForDeletedBlockLogImpl] DEBUG block.DeletedBlockLogImpl (DeletedBlockLogImpl.java:isTransactionFailed(278)) - Got block deletion ACK from datanode, TXIDs=44, success=true
2021-08-10 12:16:28,738 [EventQueue-DeleteBlockStatusForDeletedBlockLogImpl] DEBUG block.DeletedBlockLogImpl (DeletedBlockLogImpl.java:commitTransactions(224)) - Transaction txId=44 commit by dnId=ad4991cb-97ce-4dd6-b117-42e7f6b0816f for containerID=#44 failed. Corresponding entry not found.
2021-08-10 12:16:28,738 [EventQueue-DeleteBlockStatusForDeletedBlockLogImpl] DEBUG block.DeletedBlockLogImpl (DeletedBlockLogImpl.java:isTransactionFailed(278)) - Got block deletion ACK from datanode, TXIDs=45, success=true
2021-08-10 12:16:28,738 [EventQueue-DeleteBlockStatusForDeletedBlockLogImpl] DEBUG block.DeletedBlockLogImpl (DeletedBlockLogImpl.java:commitTransactions(224)) - Transaction txId=45 commit by dnId=ad4991cb-97ce-4dd6-b117-42e7f6b0816f for containerID=#45 failed. Corresponding entry not found.
2021-08-10 12:16:28,738 [EventQueue-DeleteBlockStatusForDeletedBlockLogImpl] DEBUG block.DeletedBlockLogImpl (DeletedBlockLogImpl.java:isTransactionFailed(278)) - Got block deletion ACK from datanode, TXIDs=46, success=true
2021-08-10 12:16:28,731 [org.apache.hadoop.ozone.container.common.statemachine.commandhandler.DeleteBlocksCommandHandler$DeleteCmdWorker@27e378d3] INFO  commandhandler.DeleteBlocksCommandHandler (DeleteBlocksCommandHandler.java:processCmd(261)) - Start to delete container blocks, TXIDs=[1(0),2(0),3(0),4(0),5(0),6(0),7(0),8(0),9(0),10(0),11(0),12(0),13(0),14(0),15(0),16(0),17(0),18(0),19(0),20(0),21(0),22(0),23(0),24(0),25(0),26(0),27(0),28(0),29(0),30(0),31(0),32(0),33(0),34(0),35(0),36(0),37(0),38(0),39(0),40(0),41(0),42(0),43(0),44(0),45(0),46(0),47(0),48(0),49(0),50(0),51(0),52(0),53(0),54(0),55(0),56(0)], numOfContainers=56, numOfBlocks=56
2021-08-10 12:16:28,743 [SCMBlockDeletingService#0] DEBUG block.SCMBlockDeletingService (SCMBlockDeletingService.java:call(133)) - Running DeletedBlockTransactionScanner
2021-08-10 12:16:28,756 [org.apache.hadoop.ozone.container.common.statemachine.commandhandler.DeleteBlocksCommandHandler$DeleteCmdWorker@27e378d3] INFO  commandhandler.DeleteBlocksCommandHandler (DeleteBlocksCommandHandler.java:processCmd(261)) - Start to delete container blocks, TXIDs=[1(0),2(0),3(0),4(0),5(0),6(0),7(0),8(0),9(0),10(0),11(0),12(0),13(0),14(0),15(0),16(0),17(0),18(0),19(0),20(0),21(0),22(0),23(0),24(0),25(0),26(0),27(0),28(0),29(0),30(0),31(0),32(0),33(0),34(0),35(0),36(0),37(0),38(0),39(0),40(0),41(0),42(0),43(0),44(0),45(0),46(0),47(0),48(0),49(0),50(0),51(0),52(0),53(0),54(0),55(0),56(0)], numOfContainers=56, numOfBlocks=56
2021-08-10 12:16:28,739 [EventQueue-DeleteBlockStatusForDeletedBlockLogImpl] DEBUG block.DeletedBlockLogImpl (DeletedBlockLogImpl.java:commitTransactions(224)) - Transaction txId=46 commit by dnId=ad4991cb-97ce-4dd6-b117-42e7f6b0816f for containerID=#46 failed. Corresponding entry not found.
2021-08-10 12:16:28,756 [EventQueue-DeleteBlockStatusForDeletedBlockLogImpl] DEBUG block.DeletedBlockLogImpl (DeletedBlockLogImpl.java:isTransactionFailed(278)) - Got block deletion ACK from datanode, TXIDs=47, success=true
2021-08-10 12:16:28,757 [EventQueue-DeleteBlockStatusForDeletedBlockLogImpl] DEBUG block.DeletedBlockLogImpl (DeletedBlockLogImpl.java:commitTransactions(224)) - Transaction txId=47 commit by dnId=ad4991cb-97ce-4dd6-b117-42e7f6b0816f for containerID=#47 failed. Corresponding entry not found.
2021-08-10 12:16:28,757 [EventQueue-DeleteBlockStatusForDeletedBlockLogImpl] DEBUG block.DeletedBlockLogImpl (DeletedBlockLogImpl.java:isTransactionFailed(278)) - Got block deletion ACK from datanode, TXIDs=48, success=true
2021-08-10 12:16:28,757 [EventQueue-DeleteBlockStatusForDeletedBlockLogImpl] DEBUG block.DeletedBlockLogImpl (DeletedBlockLogImpl.java:commitTransactions(224)) - Transaction txId=48 commit by dnId=ad4991cb-97ce-4dd6-b117-42e7f6b0816f for containerID=#48 failed. Corresponding entry not found.
2021-08-10 12:16:28,757 [EventQueue-DeleteBlockStatusForDeletedBlockLogImpl] DEBUG block.DeletedBlockLogImpl (DeletedBlockLogImpl.java:isTransactionFailed(278)) - Got block deletion ACK from datanode, TXIDs=49, success=true
2021-08-10 12:16:28,757 [EventQueue-DeleteBlockStatusForDeletedBlockLogImpl] DEBUG block.DeletedBlockLogImpl (DeletedBlockLogImpl.java:commitTransactions(224)) - Transaction txId=49 commit by dnId=ad4991cb-97ce-4dd6-b117-42e7f6b0816f for containerID=#49 failed. Corresponding entry not found.
2021-08-10 12:16:28,757 [EventQueue-DeleteBlockStatusForDeletedBlockLogImpl] DEBUG block.DeletedBlockLogImpl (DeletedBlockLogImpl.java:isTransactionFailed(278)) - Got block deletion ACK from datanode, TXIDs=50, success=true
2021-08-10 12:16:28,757 [EventQueue-DeleteBlockStatusForDeletedBlockLogImpl] DEBUG block.DeletedBlockLogImpl (DeletedBlockLogImpl.java:commitTransactions(224)) - Transaction txId=50 commit by dnId=ad4991cb-97ce-4dd6-b117-42e7f6b0816f for containerID=#50 failed. Corresponding entry not found.
2021-08-10 12:16:28,757 [EventQueue-DeleteBlockStatusForDeletedBlockLogImpl] DEBUG block.DeletedBlockLogImpl (DeletedBlockLogImpl.java:isTransactionFailed(278)) - Got block deletion ACK from datanode, TXIDs=51, success=true
2021-08-10 12:16:28,757 [EventQueue-DeleteBlockStatusForDeletedBlockLogImpl] DEBUG block.DeletedBlockLogImpl (DeletedBlockLogImpl.java:commitTransactions(224)) - Transaction txId=51 commit by dnId=ad4991cb-97ce-4dd6-b117-42e7f6b0816f for containerID=#51 failed. Corresponding entry not found.
2021-08-10 12:16:28,757 [EventQueue-DeleteBlockStatusForDeletedBlockLogImpl] DEBUG block.DeletedBlockLogImpl (DeletedBlockLogImpl.java:isTransactionFailed(278)) - Got block deletion ACK from datanode, TXIDs=52, success=true
2021-08-10 12:16:28,757 [EventQueue-DeleteBlockStatusForDeletedBlockLogImpl] DEBUG block.DeletedBlockLogImpl (DeletedBlockLogImpl.java:commitTransactions(224)) - Transaction txId=52 commit by dnId=ad4991cb-97ce-4dd6-b117-42e7f6b0816f for containerID=#52 failed. Corresponding entry not found.
2021-08-10 12:16:28,757 [EventQueue-DeleteBlockStatusForDeletedBlockLogImpl] DEBUG block.DeletedBlockLogImpl (DeletedBlockLogImpl.java:isTransactionFailed(278)) - Got block deletion ACK from datanode, TXIDs=53, success=true
2021-08-10 12:16:28,757 [EventQueue-DeleteBlockStatusForDeletedBlockLogImpl] DEBUG block.DeletedBlockLogImpl (DeletedBlockLogImpl.java:commitTransactions(224)) - Transaction txId=53 commit by dnId=ad4991cb-97ce-4dd6-b117-42e7f6b0816f for containerID=#53 failed. Corresponding entry not found.
2021-08-10 12:16:28,757 [EventQueue-DeleteBlockStatusForDeletedBlockLogImpl] DEBUG block.DeletedBlockLogImpl (DeletedBlockLogImpl.java:isTransactionFailed(278)) - Got block deletion ACK from datanode, TXIDs=54, success=true
2021-08-10 12:16:28,757 [EventQueue-DeleteBlockStatusForDeletedBlockLogImpl] DEBUG block.DeletedBlockLogImpl (DeletedBlockLogImpl.java:commitTransactions(224)) - Transaction txId=54 commit by dnId=ad4991cb-97ce-4dd6-b117-42e7f6b0816f for containerID=#54 failed. Corresponding entry not found.
2021-08-10 12:16:28,757 [EventQueue-DeleteBlockStatusForDeletedBlockLogImpl] DEBUG block.DeletedBlockLogImpl (DeletedBlockLogImpl.java:isTransactionFailed(278)) - Got block deletion ACK from datanode, TXIDs=55, success=true
2021-08-10 12:16:28,757 [EventQueue-DeleteBlockStatusForDeletedBlockLogImpl] DEBUG block.DeletedBlockLogImpl (DeletedBlockLogImpl.java:commitTransactions(224)) - Transaction txId=55 commit by dnId=ad4991cb-97ce-4dd6-b117-42e7f6b0816f for containerID=#55 failed. Corresponding entry not found.
2021-08-10 12:16:28,757 [EventQueue-DeleteBlockStatusForDeletedBlockLogImpl] DEBUG block.DeletedBlockLogImpl (DeletedBlockLogImpl.java:isTransactionFailed(278)) - Got block deletion ACK from datanode, TXIDs=56, success=true
2021-08-10 12:16:28,757 [EventQueue-DeleteBlockStatusForDeletedBlockLogImpl] DEBUG block.DeletedBlockLogImpl (DeletedBlockLogImpl.java:commitTransactions(224)) - Transaction txId=56 commit by dnId=ad4991cb-97ce-4dd6-b117-42e7f6b0816f for containerID=#56 failed. Corresponding entry not found.
2021-08-10 12:16:28,757 [EventQueue-DeleteBlockStatusForDeletedBlockLogImpl] DEBUG block.DeletedBlockLogImpl (DeletedBlockLogImpl.java:isTransactionFailed(278)) - Got block deletion ACK from datanode, TXIDs=10, success=true
2021-08-10 12:16:28,757 [EventQueue-DeleteBlockStatusForDeletedBlockLogImpl] DEBUG block.DeletedBlockLogImpl (DeletedBlockLogImpl.java:commitTransactions(224)) - Transaction txId=10 commit by dnId=ad4991cb-97ce-4dd6-b117-42e7f6b0816f for containerID=#10 failed. Corresponding entry not found.
2021-08-10 12:16:28,757 [EventQueue-DeleteBlockStatusForDeletedBlockLogImpl] DEBUG block.DeletedBlockLogImpl (DeletedBlockLogImpl.java:isTransactionFailed(278)) - Got block deletion ACK from datanode, TXIDs=11, success=true
2021-08-10 12:16:28,757 [EventQueue-DeleteBlockStatusForDeletedBlockLogImpl] DEBUG block.DeletedBlockLogImpl (DeletedBlockLogImpl.java:commitTransactions(224)) - Transaction txId=11 commit by dnId=ad4991cb-97ce-4dd6-b117-42e7f6b0816f for containerID=#11 failed. Corresponding entry not found.
2021-08-10 12:16:28,757 [EventQueue-DeleteBlockStatusForDeletedBlockLogImpl] DEBUG block.DeletedBlockLogImpl (DeletedBlockLogImpl.java:isTransactionFailed(278)) - Got block deletion ACK from datanode, TXIDs=12, success=true
2021-08-10 12:16:28,757 [EventQueue-DeleteBlockStatusForDeletedBlockLogImpl] DEBUG block.DeletedBlockLogImpl (DeletedBlockLogImpl.java:commitTransactions(224)) - Transaction txId=12 commit by dnId=ad4991cb-97ce-4dd6-b117-42e7f6b0816f for containerID=#12 failed. Corresponding entry not found.
2021-08-10 12:16:28,757 [EventQueue-DeleteBlockStatusForDeletedBlockLogImpl] DEBUG block.DeletedBlockLogImpl (DeletedBlockLogImpl.java:isTransactionFailed(278)) - Got block deletion ACK from datanode, TXIDs=13, success=true
2021-08-10 12:16:28,757 [EventQueue-DeleteBlockStatusForDeletedBlockLogImpl] DEBUG block.DeletedBlockLogImpl (DeletedBlockLogImpl.java:commitTransactions(224)) - Transaction txId=13 commit by dnId=ad4991cb-97ce-4dd6-b117-42e7f6b0816f for containerID=#13 failed. Corresponding entry not found.
2021-08-10 12:16:28,757 [EventQueue-DeleteBlockStatusForDeletedBlockLogImpl] DEBUG block.DeletedBlockLogImpl (DeletedBlockLogImpl.java:isTransactionFailed(278)) - Got block deletion ACK from datanode, TXIDs=14, success=true
2021-08-10 12:16:28,757 [EventQueue-DeleteBlockStatusForDeletedBlockLogImpl] DEBUG block.DeletedBlockLogImpl (DeletedBlockLogImpl.java:commitTransactions(224)) - Transaction txId=14 commit by dnId=ad4991cb-97ce-4dd6-b117-42e7f6b0816f for containerID=#14 failed. Corresponding entry not found.
2021-08-10 12:16:28,757 [EventQueue-DeleteBlockStatusForDeletedBlockLogImpl] DEBUG block.DeletedBlockLogImpl (DeletedBlockLogImpl.java:isTransactionFailed(278)) - Got block deletion ACK from datanode, TXIDs=15, success=true
2021-08-10 12:16:28,757 [EventQueue-DeleteBlockStatusForDeletedBlockLogImpl] DEBUG block.DeletedBlockLogImpl (DeletedBlockLogImpl.java:commitTransactions(224)) - Transaction txId=15 commit by dnId=ad4991cb-97ce-4dd6-b117-42e7f6b0816f for containerID=#15 failed. Corresponding entry not found.
2021-08-10 12:16:28,757 [EventQueue-DeleteBlockStatusForDeletedBlockLogImpl] DEBUG block.DeletedBlockLogImpl (DeletedBlockLogImpl.java:isTransactionFailed(278)) - Got block deletion ACK from datanode, TXIDs=16, success=true
2021-08-10 12:16:28,757 [EventQueue-DeleteBlockStatusForDeletedBlockLogImpl] DEBUG block.DeletedBlockLogImpl (DeletedBlockLogImpl.java:commitTransactions(224)) - Transaction txId=16 commit by dnId=ad4991cb-97ce-4dd6-b117-42e7f6b0816f for containerID=#16 failed. Corresponding entry not found.
2021-08-10 12:16:28,758 [EventQueue-DeleteBlockStatusForDeletedBlockLogImpl] DEBUG block.DeletedBlockLogImpl (DeletedBlockLogImpl.java:isTransactionFailed(278)) - Got block deletion ACK from datanode, TXIDs=17, success=true
2021-08-10 12:16:28,758 [EventQueue-DeleteBlockStatusForDeletedBlockLogImpl] DEBUG block.DeletedBlockLogImpl (DeletedBlockLogImpl.java:commitTransactions(224)) - Transaction txId=17 commit by dnId=ad4991cb-97ce-4dd6-b117-42e7f6b0816f for containerID=#17 failed. Corresponding entry not found.
2021-08-10 12:16:28,758 [EventQueue-DeleteBlockStatusForDeletedBlockLogImpl] DEBUG block.DeletedBlockLogImpl (DeletedBlockLogImpl.java:isTransactionFailed(278)) - Got block deletion ACK from datanode, TXIDs=18, success=true
2021-08-10 12:16:28,758 [EventQueue-DeleteBlockStatusForDeletedBlockLogImpl] DEBUG block.DeletedBlockLogImpl (DeletedBlockLogImpl.java:commitTransactions(224)) - Transaction txId=18 commit by dnId=ad4991cb-97ce-4dd6-b117-42e7f6b0816f for containerID=#18 failed. Corresponding entry not found.
2021-08-10 12:16:28,758 [EventQueue-DeleteBlockStatusForDeletedBlockLogImpl] DEBUG block.DeletedBlockLogImpl (DeletedBlockLogImpl.java:isTransactionFailed(278)) - Got block deletion ACK from datanode, TXIDs=19, success=true
2021-08-10 12:16:28,758 [EventQueue-DeleteBlockStatusForDeletedBlockLogImpl] DEBUG block.DeletedBlockLogImpl (DeletedBlockLogImpl.java:commitTransactions(224)) - Transaction txId=19 commit by dnId=ad4991cb-97ce-4dd6-b117-42e7f6b0816f for containerID=#19 failed. Corresponding entry not found.
2021-08-10 12:16:28,758 [EventQueue-DeleteBlockStatusForDeletedBlockLogImpl] DEBUG block.DeletedBlockLogImpl (DeletedBlockLogImpl.java:isTransactionFailed(278)) - Got block deletion ACK from datanode, TXIDs=20, success=true
2021-08-10 12:16:28,758 [EventQueue-DeleteBlockStatusForDeletedBlockLogImpl] DEBUG block.DeletedBlockLogImpl (DeletedBlockLogImpl.java:commitTransactions(224)) - Transaction txId=20 commit by dnId=ad4991cb-97ce-4dd6-b117-42e7f6b0816f for containerID=#20 failed. Corresponding entry not found.
2021-08-10 12:16:28,758 [EventQueue-DeleteBlockStatusForDeletedBlockLogImpl] DEBUG block.DeletedBlockLogImpl (DeletedBlockLogImpl.java:isTransactionFailed(278)) - Got block deletion ACK from datanode, TXIDs=21, success=true
2021-08-10 12:16:28,758 [EventQueue-DeleteBlockStatusForDeletedBlockLogImpl] DEBUG block.DeletedBlockLogImpl (DeletedBlockLogImpl.java:commitTransactions(224)) - Transaction txId=21 commit by dnId=ad4991cb-97ce-4dd6-b117-42e7f6b0816f for containerID=#21 failed. Corresponding entry not found.
2021-08-10 12:16:28,758 [EventQueue-DeleteBlockStatusForDeletedBlockLogImpl] DEBUG block.DeletedBlockLogImpl (DeletedBlockLogImpl.java:isTransactionFailed(278)) - Got block deletion ACK from datanode, TXIDs=22, success=true
2021-08-10 12:16:28,758 [EventQueue-DeleteBlockStatusForDeletedBlockLogImpl] DEBUG block.DeletedBlockLogImpl (DeletedBlockLogImpl.java:commitTransactions(224)) - Transaction txId=22 commit by dnId=ad4991cb-97ce-4dd6-b117-42e7f6b0816f for containerID=#22 failed. Corresponding entry not found.
2021-08-10 12:16:28,758 [EventQueue-DeleteBlockStatusForDeletedBlockLogImpl] DEBUG block.DeletedBlockLogImpl (DeletedBlockLogImpl.java:isTransactionFailed(278)) - Got block deletion ACK from datanode, TXIDs=23, success=true
2021-08-10 12:16:28,758 [EventQueue-DeleteBlockStatusForDeletedBlockLogImpl] DEBUG block.DeletedBlockLogImpl (DeletedBlockLogImpl.java:commitTransactions(224)) - Transaction txId=23 commit by dnId=ad4991cb-97ce-4dd6-b117-42e7f6b0816f for containerID=#23 failed. Corresponding entry not found.
2021-08-10 12:16:28,758 [EventQueue-DeleteBlockStatusForDeletedBlockLogImpl] DEBUG block.DeletedBlockLogImpl (DeletedBlockLogImpl.java:isTransactionFailed(278)) - Got block deletion ACK from datanode, TXIDs=24, success=true
2021-08-10 12:16:28,758 [EventQueue-DeleteBlockStatusForDeletedBlockLogImpl] DEBUG block.DeletedBlockLogImpl (DeletedBlockLogImpl.java:commitTransactions(224)) - Transaction txId=24 commit by dnId=ad4991cb-97ce-4dd6-b117-42e7f6b0816f for containerID=#24 failed. Corresponding entry not found.
2021-08-10 12:16:28,758 [EventQueue-DeleteBlockStatusForDeletedBlockLogImpl] DEBUG block.DeletedBlockLogImpl (DeletedBlockLogImpl.java:isTransactionFailed(278)) - Got block deletion ACK from datanode, TXIDs=25, success=true
2021-08-10 12:16:28,758 [EventQueue-DeleteBlockStatusForDeletedBlockLogImpl] DEBUG block.DeletedBlockLogImpl (DeletedBlockLogImpl.java:commitTransactions(224)) - Transaction txId=25 commit by dnId=ad4991cb-97ce-4dd6-b117-42e7f6b0816f for containerID=#25 failed. Corresponding entry not found.
2021-08-10 12:16:28,758 [EventQueue-DeleteBlockStatusForDeletedBlockLogImpl] DEBUG block.DeletedBlockLogImpl (DeletedBlockLogImpl.java:isTransactionFailed(278)) - Got block deletion ACK from datanode, TXIDs=26, success=true
2021-08-10 12:16:28,758 [EventQueue-DeleteBlockStatusForDeletedBlockLogImpl] DEBUG block.DeletedBlockLogImpl (DeletedBlockLogImpl.java:commitTransactions(224)) - Transaction txId=26 commit by dnId=ad4991cb-97ce-4dd6-b117-42e7f6b0816f for containerID=#26 failed. Corresponding entry not found.
2021-08-10 12:16:28,758 [EventQueue-DeleteBlockStatusForDeletedBlockLogImpl] DEBUG block.DeletedBlockLogImpl (DeletedBlockLogImpl.java:isTransactionFailed(278)) - Got block deletion ACK from datanode, TXIDs=27, success=true
2021-08-10 12:16:28,758 [EventQueue-DeleteBlockStatusForDeletedBlockLogImpl] DEBUG block.DeletedBlockLogImpl (DeletedBlockLogImpl.java:commitTransactions(224)) - Transaction txId=27 commit by dnId=ad4991cb-97ce-4dd6-b117-42e7f6b0816f for containerID=#27 failed. Corresponding entry not found.
2021-08-10 12:16:28,758 [EventQueue-DeleteBlockStatusForDeletedBlockLogImpl] DEBUG block.DeletedBlockLogImpl (DeletedBlockLogImpl.java:isTransactionFailed(278)) - Got block deletion ACK from datanode, TXIDs=28, success=true
2021-08-10 12:16:28,758 [EventQueue-DeleteBlockStatusForDeletedBlockLogImpl] DEBUG block.DeletedBlockLogImpl (DeletedBlockLogImpl.java:commitTransactions(224)) - Transaction txId=28 commit by dnId=ad4991cb-97ce-4dd6-b117-42e7f6b0816f for containerID=#28 failed. Corresponding entry not found.
2021-08-10 12:16:28,758 [EventQueue-DeleteBlockStatusForDeletedBlockLogImpl] DEBUG block.DeletedBlockLogImpl (DeletedBlockLogImpl.java:isTransactionFailed(278)) - Got block deletion ACK from datanode, TXIDs=29, success=true
2021-08-10 12:16:28,758 [EventQueue-DeleteBlockStatusForDeletedBlockLogImpl] DEBUG block.DeletedBlockLogImpl (DeletedBlockLogImpl.java:commitTransactions(224)) - Transaction txId=29 commit by dnId=ad4991cb-97ce-4dd6-b117-42e7f6b0816f for containerID=#29 failed. Corresponding entry not found.
2021-08-10 12:16:28,758 [EventQueue-DeleteBlockStatusForDeletedBlockLogImpl] DEBUG block.DeletedBlockLogImpl (DeletedBlockLogImpl.java:isTransactionFailed(278)) - Got block deletion ACK from datanode, TXIDs=30, success=true
2021-08-10 12:16:28,758 [EventQueue-DeleteBlockStatusForDeletedBlockLogImpl] DEBUG block.DeletedBlockLogImpl (DeletedBlockLogImpl.java:commitTransactions(224)) - Transaction txId=30 commit by dnId=ad4991cb-97ce-4dd6-b117-42e7f6b0816f for containerID=#30 failed. Corresponding entry not found.
2021-08-10 12:16:28,758 [EventQueue-DeleteBlockStatusForDeletedBlockLogImpl] DEBUG block.DeletedBlockLogImpl (DeletedBlockLogImpl.java:isTransactionFailed(278)) - Got block deletion ACK from datanode, TXIDs=31, success=true
2021-08-10 12:16:28,758 [EventQueue-DeleteBlockStatusForDeletedBlockLogImpl] DEBUG block.DeletedBlockLogImpl (DeletedBlockLogImpl.java:commitTransactions(224)) - Transaction txId=31 commit by dnId=ad4991cb-97ce-4dd6-b117-42e7f6b0816f for containerID=#31 failed. Corresponding entry not found.
2021-08-10 12:16:28,758 [EventQueue-DeleteBlockStatusForDeletedBlockLogImpl] DEBUG block.DeletedBlockLogImpl (DeletedBlockLogImpl.java:isTransactionFailed(278)) - Got block deletion ACK from datanode, TXIDs=32, success=true
2021-08-10 12:16:28,758 [EventQueue-DeleteBlockStatusForDeletedBlockLogImpl] DEBUG block.DeletedBlockLogImpl (DeletedBlockLogImpl.java:commitTransactions(224)) - Transaction txId=32 commit by dnId=ad4991cb-97ce-4dd6-b117-42e7f6b0816f for containerID=#32 failed. Corresponding entry not found.
2021-08-10 12:16:28,758 [EventQueue-DeleteBlockStatusForDeletedBlockLogImpl] DEBUG block.DeletedBlockLogImpl (DeletedBlockLogImpl.java:isTransactionFailed(278)) - Got block deletion ACK from datanode, TXIDs=33, success=true
2021-08-10 12:16:28,758 [EventQueue-DeleteBlockStatusForDeletedBlockLogImpl] DEBUG block.DeletedBlockLogImpl (DeletedBlockLogImpl.java:commitTransactions(224)) - Transaction txId=33 commit by dnId=ad4991cb-97ce-4dd6-b117-42e7f6b0816f for containerID=#33 failed. Corresponding entry not found.
2021-08-10 12:16:28,758 [EventQueue-DeleteBlockStatusForDeletedBlockLogImpl] DEBUG block.DeletedBlockLogImpl (DeletedBlockLogImpl.java:isTransactionFailed(278)) - Got block deletion ACK from datanode, TXIDs=34, success=true
2021-08-10 12:16:28,758 [EventQueue-DeleteBlockStatusForDeletedBlockLogImpl] DEBUG block.DeletedBlockLogImpl (DeletedBlockLogImpl.java:commitTransactions(224)) - Transaction txId=34 commit by dnId=ad4991cb-97ce-4dd6-b117-42e7f6b0816f for containerID=#34 failed. Corresponding entry not found.
2021-08-10 12:16:28,758 [EventQueue-DeleteBlockStatusForDeletedBlockLogImpl] DEBUG block.DeletedBlockLogImpl (DeletedBlockLogImpl.java:isTransactionFailed(278)) - Got block deletion ACK from datanode, TXIDs=35, success=true
2021-08-10 12:16:28,758 [EventQueue-DeleteBlockStatusForDeletedBlockLogImpl] DEBUG block.DeletedBlockLogImpl (DeletedBlockLogImpl.java:commitTransactions(224)) - Transaction txId=35 commit by dnId=ad4991cb-97ce-4dd6-b117-42e7f6b0816f for containerID=#35 failed. Corresponding entry not found.
2021-08-10 12:16:28,758 [EventQueue-DeleteBlockStatusForDeletedBlockLogImpl] DEBUG block.DeletedBlockLogImpl (DeletedBlockLogImpl.java:isTransactionFailed(278)) - Got block deletion ACK from datanode, TXIDs=36, success=true
2021-08-10 12:16:28,758 [EventQueue-DeleteBlockStatusForDeletedBlockLogImpl] DEBUG block.DeletedBlockLogImpl (DeletedBlockLogImpl.java:commitTransactions(224)) - Transaction txId=36 commit by dnId=ad4991cb-97ce-4dd6-b117-42e7f6b0816f for containerID=#36 failed. Corresponding entry not found.
2021-08-10 12:16:28,758 [EventQueue-DeleteBlockStatusForDeletedBlockLogImpl] DEBUG block.DeletedBlockLogImpl (DeletedBlockLogImpl.java:isTransactionFailed(278)) - Got block deletion ACK from datanode, TXIDs=37, success=true
2021-08-10 12:16:28,758 [EventQueue-DeleteBlockStatusForDeletedBlockLogImpl] DEBUG block.DeletedBlockLogImpl (DeletedBlockLogImpl.java:commitTransactions(224)) - Transaction txId=37 commit by dnId=ad4991cb-97ce-4dd6-b117-42e7f6b0816f for containerID=#37 failed. Corresponding entry not found.
2021-08-10 12:16:28,758 [EventQueue-DeleteBlockStatusForDeletedBlockLogImpl] DEBUG block.DeletedBlockLogImpl (DeletedBlockLogImpl.java:isTransactionFailed(278)) - Got block deletion ACK from datanode, TXIDs=38, success=true
2021-08-10 12:16:28,758 [EventQueue-DeleteBlockStatusForDeletedBlockLogImpl] DEBUG block.DeletedBlockLogImpl (DeletedBlockLogImpl.java:commitTransactions(224)) - Transaction txId=38 commit by dnId=ad4991cb-97ce-4dd6-b117-42e7f6b0816f for containerID=#38 failed. Corresponding entry not found.
2021-08-10 12:16:28,759 [EventQueue-DeleteBlockStatusForDeletedBlockLogImpl] DEBUG block.DeletedBlockLogImpl (DeletedBlockLogImpl.java:isTransactionFailed(278)) - Got block deletion ACK from datanode, TXIDs=39, success=true
2021-08-10 12:16:28,759 [EventQueue-DeleteBlockStatusForDeletedBlockLogImpl] DEBUG block.DeletedBlockLogImpl (DeletedBlockLogImpl.java:commitTransactions(224)) - Transaction txId=39 commit by dnId=ad4991cb-97ce-4dd6-b117-42e7f6b0816f for containerID=#39 failed. Corresponding entry not found.
2021-08-10 12:16:28,759 [EventQueue-DeleteBlockStatusForDeletedBlockLogImpl] DEBUG block.DeletedBlockLogImpl (DeletedBlockLogImpl.java:isTransactionFailed(278)) - Got block deletion ACK from datanode, TXIDs=40, success=true
2021-08-10 12:16:28,759 [EventQueue-DeleteBlockStatusForDeletedBlockLogImpl] DEBUG block.DeletedBlockLogImpl (DeletedBlockLogImpl.java:commitTransactions(224)) - Transaction txId=40 commit by dnId=ad4991cb-97ce-4dd6-b117-42e7f6b0816f for containerID=#40 failed. Corresponding entry not found.
2021-08-10 12:16:28,759 [EventQueue-DeleteBlockStatusForDeletedBlockLogImpl] DEBUG block.DeletedBlockLogImpl (DeletedBlockLogImpl.java:isTransactionFailed(278)) - Got block deletion ACK from datanode, TXIDs=41, success=true
2021-08-10 12:16:28,759 [EventQueue-DeleteBlockStatusForDeletedBlockLogImpl] DEBUG block.DeletedBlockLogImpl (DeletedBlockLogImpl.java:commitTransactions(224)) - Transaction txId=41 commit by dnId=ad4991cb-97ce-4dd6-b117-42e7f6b0816f for containerID=#41 failed. Corresponding entry not found.
2021-08-10 12:16:28,759 [EventQueue-DeleteBlockStatusForDeletedBlockLogImpl] DEBUG block.DeletedBlockLogImpl (DeletedBlockLogImpl.java:isTransactionFailed(278)) - Got block deletion ACK from datanode, TXIDs=42, success=true
2021-08-10 12:16:28,759 [EventQueue-DeleteBlockStatusForDeletedBlockLogImpl] DEBUG block.DeletedBlockLogImpl (DeletedBlockLogImpl.java:commitTransactions(224)) - Transaction txId=42 commit by dnId=ad4991cb-97ce-4dd6-b117-42e7f6b0816f for containerID=#42 failed. Corresponding entry not found.
2021-08-10 12:16:28,759 [EventQueue-DeleteBlockStatusForDeletedBlockLogImpl] DEBUG block.DeletedBlockLogImpl (DeletedBlockLogImpl.java:isTransactionFailed(278)) - Got block deletion ACK from datanode, TXIDs=43, success=true
2021-08-10 12:16:28,759 [EventQueue-DeleteBlockStatusForDeletedBlockLogImpl] DEBUG block.DeletedBlockLogImpl (DeletedBlockLogImpl.java:commitTransactions(224)) - Transaction txId=43 commit by dnId=ad4991cb-97ce-4dd6-b117-42e7f6b0816f for containerID=#43 failed. Corresponding entry not found.
2021-08-10 12:16:28,759 [EventQueue-DeleteBlockStatusForDeletedBlockLogImpl] DEBUG block.DeletedBlockLogImpl (DeletedBlockLogImpl.java:isTransactionFailed(278)) - Got block deletion ACK from datanode, TXIDs=44, success=true
2021-08-10 12:16:28,759 [EventQueue-DeleteBlockStatusForDeletedBlockLogImpl] DEBUG block.DeletedBlockLogImpl (DeletedBlockLogImpl.java:commitTransactions(224)) - Transaction txId=44 commit by dnId=ad4991cb-97ce-4dd6-b117-42e7f6b0816f for containerID=#44 failed. Corresponding entry not found.
2021-08-10 12:16:28,759 [EventQueue-DeleteBlockStatusForDeletedBlockLogImpl] DEBUG block.DeletedBlockLogImpl (DeletedBlockLogImpl.java:isTransactionFailed(278)) - Got block deletion ACK from datanode, TXIDs=45, success=true
2021-08-10 12:16:28,759 [EventQueue-DeleteBlockStatusForDeletedBlockLogImpl] DEBUG block.DeletedBlockLogImpl (DeletedBlockLogImpl.java:commitTransactions(224)) - Transaction txId=45 commit by dnId=ad4991cb-97ce-4dd6-b117-42e7f6b0816f for containerID=#45 failed. Corresponding entry not found.
2021-08-10 12:16:28,759 [EventQueue-DeleteBlockStatusForDeletedBlockLogImpl] DEBUG block.DeletedBlockLogImpl (DeletedBlockLogImpl.java:isTransactionFailed(278)) - Got block deletion ACK from datanode, TXIDs=46, success=true
2021-08-10 12:16:28,759 [EventQueue-DeleteBlockStatusForDeletedBlockLogImpl] DEBUG block.DeletedBlockLogImpl (DeletedBlockLogImpl.java:commitTransactions(224)) - Transaction txId=46 commit by dnId=ad4991cb-97ce-4dd6-b117-42e7f6b0816f for containerID=#46 failed. Corresponding entry not found.
2021-08-10 12:16:28,759 [EventQueue-DeleteBlockStatusForDeletedBlockLogImpl] DEBUG block.DeletedBlockLogImpl (DeletedBlockLogImpl.java:isTransactionFailed(278)) - Got block deletion ACK from datanode, TXIDs=47, success=true
2021-08-10 12:16:28,759 [EventQueue-DeleteBlockStatusForDeletedBlockLogImpl] DEBUG block.DeletedBlockLogImpl (DeletedBlockLogImpl.java:commitTransactions(224)) - Transaction txId=47 commit by dnId=ad4991cb-97ce-4dd6-b117-42e7f6b0816f for containerID=#47 failed. Corresponding entry not found.
2021-08-10 12:16:28,759 [EventQueue-DeleteBlockStatusForDeletedBlockLogImpl] DEBUG block.DeletedBlockLogImpl (DeletedBlockLogImpl.java:isTransactionFailed(278)) - Got block deletion ACK from datanode, TXIDs=48, success=true
2021-08-10 12:16:28,759 [EventQueue-DeleteBlockStatusForDeletedBlockLogImpl] DEBUG block.DeletedBlockLogImpl (DeletedBlockLogImpl.java:commitTransactions(224)) - Transaction txId=48 commit by dnId=ad4991cb-97ce-4dd6-b117-42e7f6b0816f for containerID=#48 failed. Corresponding entry not found.
2021-08-10 12:16:28,759 [EventQueue-DeleteBlockStatusForDeletedBlockLogImpl] DEBUG block.DeletedBlockLogImpl (DeletedBlockLogImpl.java:isTransactionFailed(278)) - Got block deletion ACK from datanode, TXIDs=49, success=true
2021-08-10 12:16:28,759 [EventQueue-DeleteBlockStatusForDeletedBlockLogImpl] DEBUG block.DeletedBlockLogImpl (DeletedBlockLogImpl.java:commitTransactions(224)) - Transaction txId=49 commit by dnId=ad4991cb-97ce-4dd6-b117-42e7f6b0816f for containerID=#49 failed. Corresponding entry not found.
2021-08-10 12:16:28,759 [EventQueue-DeleteBlockStatusForDeletedBlockLogImpl] DEBUG block.DeletedBlockLogImpl (DeletedBlockLogImpl.java:isTransactionFailed(278)) - Got block deletion ACK from datanode, TXIDs=50, success=true
2021-08-10 12:16:28,759 [EventQueue-DeleteBlockStatusForDeletedBlockLogImpl] DEBUG block.DeletedBlockLogImpl (DeletedBlockLogImpl.java:commitTransactions(224)) - Transaction txId=50 commit by dnId=ad4991cb-97ce-4dd6-b117-42e7f6b0816f for containerID=#50 failed. Corresponding entry not found.
2021-08-10 12:16:28,759 [EventQueue-DeleteBlockStatusForDeletedBlockLogImpl] DEBUG block.DeletedBlockLogImpl (DeletedBlockLogImpl.java:isTransactionFailed(278)) - Got block deletion ACK from datanode, TXIDs=51, success=true
2021-08-10 12:16:28,759 [EventQueue-DeleteBlockStatusForDeletedBlockLogImpl] DEBUG block.DeletedBlockLogImpl (DeletedBlockLogImpl.java:commitTransactions(224)) - Transaction txId=51 commit by dnId=ad4991cb-97ce-4dd6-b117-42e7f6b0816f for containerID=#51 failed. Corresponding entry not found.
2021-08-10 12:16:28,759 [EventQueue-DeleteBlockStatusForDeletedBlockLogImpl] DEBUG block.DeletedBlockLogImpl (DeletedBlockLogImpl.java:isTransactionFailed(278)) - Got block deletion ACK from datanode, TXIDs=52, success=true
2021-08-10 12:16:28,759 [EventQueue-DeleteBlockStatusForDeletedBlockLogImpl] DEBUG block.DeletedBlockLogImpl (DeletedBlockLogImpl.java:commitTransactions(224)) - Transaction txId=52 commit by dnId=ad4991cb-97ce-4dd6-b117-42e7f6b0816f for containerID=#52 failed. Corresponding entry not found.
2021-08-10 12:16:28,759 [EventQueue-DeleteBlockStatusForDeletedBlockLogImpl] DEBUG block.DeletedBlockLogImpl (DeletedBlockLogImpl.java:isTransactionFailed(278)) - Got block deletion ACK from datanode, TXIDs=53, success=true
2021-08-10 12:16:28,759 [EventQueue-DeleteBlockStatusForDeletedBlockLogImpl] DEBUG block.DeletedBlockLogImpl (DeletedBlockLogImpl.java:commitTransactions(224)) - Transaction txId=53 commit by dnId=ad4991cb-97ce-4dd6-b117-42e7f6b0816f for containerID=#53 failed. Corresponding entry not found.
2021-08-10 12:16:28,759 [EventQueue-DeleteBlockStatusForDeletedBlockLogImpl] DEBUG block.DeletedBlockLogImpl (DeletedBlockLogImpl.java:isTransactionFailed(278)) - Got block deletion ACK from datanode, TXIDs=54, success=true
2021-08-10 12:16:28,759 [EventQueue-DeleteBlockStatusForDeletedBlockLogImpl] DEBUG block.DeletedBlockLogImpl (DeletedBlockLogImpl.java:commitTransactions(224)) - Transaction txId=54 commit by dnId=ad4991cb-97ce-4dd6-b117-42e7f6b0816f for containerID=#54 failed. Corresponding entry not found.
2021-08-10 12:16:28,759 [EventQueue-DeleteBlockStatusForDeletedBlockLogImpl] DEBUG block.DeletedBlockLogImpl (DeletedBlockLogImpl.java:isTransactionFailed(278)) - Got block deletion ACK from datanode, TXIDs=55, success=true
2021-08-10 12:16:28,759 [EventQueue-DeleteBlockStatusForDeletedBlockLogImpl] DEBUG block.DeletedBlockLogImpl (DeletedBlockLogImpl.java:commitTransactions(224)) - Transaction txId=55 commit by dnId=ad4991cb-97ce-4dd6-b117-42e7f6b0816f for containerID=#55 failed. Corresponding entry not found.
2021-08-10 12:16:28,759 [EventQueue-DeleteBlockStatusForDeletedBlockLogImpl] DEBUG block.DeletedBlockLogImpl (DeletedBlockLogImpl.java:isTransactionFailed(278)) - Got block deletion ACK from datanode, TXIDs=56, success=true
2021-08-10 12:16:28,759 [EventQueue-DeleteBlockStatusForDeletedBlockLogImpl] DEBUG block.DeletedBlockLogImpl (DeletedBlockLogImpl.java:commitTransactions(224)) - Transaction txId=56 commit by dnId=ad4991cb-97ce-4dd6-b117-42e7f6b0816f for containerID=#56 failed. Corresponding entry not found.
2021-08-10 12:16:28,757 [org.apache.hadoop.ozone.container.common.statemachine.commandhandler.DeleteBlocksCommandHandler$DeleteCmdWorker@27e378d3] INFO  commandhandler.DeleteBlocksCommandHandler (DeleteBlocksCommandHandler.java:processCmd(261)) - Start to delete container blocks, TXIDs=[1(0),2(0),3(0),4(0),5(0),6(0),7(0),8(0),9(0),10(0),11(0),12(0),13(0),14(0),15(0),16(0),17(0),18(0),19(0),20(0),21(0),22(0),23(0),24(0),25(0),26(0),27(0),28(0),29(0),30(0),31(0),32(0),33(0),34(0),35(0),36(0),37(0),38(0),39(0),40(0),41(0),42(0),43(0),44(0),45(0),46(0),47(0),48(0),49(0),50(0),51(0),52(0),53(0),54(0),55(0),56(0)], numOfContainers=56, numOfBlocks=56
2021-08-10 12:16:28,768 [org.apache.hadoop.ozone.container.common.statemachine.commandhandler.DeleteBlocksCommandHandler$DeleteCmdWorker@27e378d3] INFO  commandhandler.DeleteBlocksCommandHandler (DeleteBlocksCommandHandler.java:processCmd(261)) - Start to delete container blocks, TXIDs=[1(0),2(0),3(0),4(0),5(0),6(0),7(0),8(0),9(0),10(0),11(0),12(0),13(0),14(0),15(0),16(0),17(0),18(0),19(0),20(0),21(0),22(0),23(0),24(0),25(0),26(0),27(0),28(0),29(0),30(0),31(0),32(0),33(0),34(0),35(0),36(0),37(0),38(0),39(0),40(0),41(0),42(0),43(0),44(0),45(0),46(0),47(0),48(0),49(0),50(0),51(0),52(0),53(0),54(0),55(0),56(0)], numOfContainers=56, numOfBlocks=56
2021-08-10 12:16:28,769 [org.apache.hadoop.ozone.container.common.statemachine.commandhandler.DeleteBlocksCommandHandler$DeleteCmdWorker@27e378d3] INFO  commandhandler.DeleteBlocksCommandHandler (DeleteBlocksCommandHandler.java:processCmd(261)) - Start to delete container blocks, TXIDs=[1(0),2(0),3(0),4(0),5(0),6(0),7(0),8(0),9(0),10(0),11(0),12(0),13(0),14(0),15(0),16(0),17(0),18(0),19(0),20(0),21(0),22(0),23(0),24(0),25(0),26(0),27(0),28(0),29(0),30(0),31(0),32(0),33(0),34(0),35(0),36(0),37(0),38(0),39(0),40(0),41(0),42(0),43(0),44(0),45(0),46(0),47(0),48(0),49(0),50(0),51(0),52(0),53(0),54(0),55(0),56(0)], numOfContainers=56, numOfBlocks=56
2021-08-10 12:16:28,784 [EventQueue-DeleteBlockStatusForDeletedBlockLogImpl] DEBUG block.DeletedBlockLogImpl (DeletedBlockLogImpl.java:isTransactionFailed(278)) - Got block deletion ACK from datanode, TXIDs=1, success=true
2021-08-10 12:16:28,841 [EventQueue-DeleteBlockStatusForDeletedBlockLogImpl] DEBUG block.DeletedBlockLogImpl (DeletedBlockLogImpl.java:commitTransactions(224)) - Transaction txId=1 commit by dnId=b13dbf35-3f05-4a51-87e4-7670ffffb89b for containerID=#1 failed. Corresponding entry not found.
2021-08-10 12:16:28,841 [EventQueue-DeleteBlockStatusForDeletedBlockLogImpl] DEBUG block.DeletedBlockLogImpl (DeletedBlockLogImpl.java:isTransactionFailed(278)) - Got block deletion ACK from datanode, TXIDs=2, success=true
2021-08-10 12:16:28,841 [EventQueue-DeleteBlockStatusForDeletedBlockLogImpl] DEBUG block.DeletedBlockLogImpl (DeletedBlockLogImpl.java:commitTransactions(224)) - Transaction txId=2 commit by dnId=b13dbf35-3f05-4a51-87e4-7670ffffb89b for containerID=#2 failed. Corresponding entry not found.
2021-08-10 12:16:28,841 [EventQueue-DeleteBlockStatusForDeletedBlockLogImpl] DEBUG block.DeletedBlockLogImpl (DeletedBlockLogImpl.java:isTransactionFailed(278)) - Got block deletion ACK from datanode, TXIDs=3, success=true
2021-08-10 12:16:28,841 [EventQueue-DeleteBlockStatusForDeletedBlockLogImpl] DEBUG block.DeletedBlockLogImpl (DeletedBlockLogImpl.java:commitTransactions(224)) - Transaction txId=3 commit by dnId=b13dbf35-3f05-4a51-87e4-7670ffffb89b for containerID=#3 failed. Corresponding entry not found.
2021-08-10 12:16:28,841 [EventQueue-DeleteBlockStatusForDeletedBlockLogImpl] DEBUG block.DeletedBlockLogImpl (DeletedBlockLogImpl.java:isTransactionFailed(278)) - Got block deletion ACK from datanode, TXIDs=4, success=true
2021-08-10 12:16:28,841 [EventQueue-DeleteBlockStatusForDeletedBlockLogImpl] DEBUG block.DeletedBlockLogImpl (DeletedBlockLogImpl.java:commitTransactions(224)) - Transaction txId=4 commit by dnId=b13dbf35-3f05-4a51-87e4-7670ffffb89b for containerID=#4 failed. Corresponding entry not found.
2021-08-10 12:16:28,841 [EventQueue-DeleteBlockStatusForDeletedBlockLogImpl] DEBUG block.DeletedBlockLogImpl (DeletedBlockLogImpl.java:isTransactionFailed(278)) - Got block deletion ACK from datanode, TXIDs=5, success=true
2021-08-10 12:16:28,841 [EventQueue-DeleteBlockStatusForDeletedBlockLogImpl] DEBUG block.DeletedBlockLogImpl (DeletedBlockLogImpl.java:commitTransactions(224)) - Transaction txId=5 commit by dnId=b13dbf35-3f05-4a51-87e4-7670ffffb89b for containerID=#5 failed. Corresponding entry not found.
2021-08-10 12:16:28,841 [EventQueue-DeleteBlockStatusForDeletedBlockLogImpl] DEBUG block.DeletedBlockLogImpl (DeletedBlockLogImpl.java:isTransactionFailed(278)) - Got block deletion ACK from datanode, TXIDs=6, success=true
2021-08-10 12:16:28,841 [EventQueue-DeleteBlockStatusForDeletedBlockLogImpl] DEBUG block.DeletedBlockLogImpl (DeletedBlockLogImpl.java:commitTransactions(224)) - Transaction txId=6 commit by dnId=b13dbf35-3f05-4a51-87e4-7670ffffb89b for containerID=#6 failed. Corresponding entry not found.
2021-08-10 12:16:28,841 [EventQueue-DeleteBlockStatusForDeletedBlockLogImpl] DEBUG block.DeletedBlockLogImpl (DeletedBlockLogImpl.java:isTransactionFailed(278)) - Got block deletion ACK from datanode, TXIDs=7, success=true
2021-08-10 12:16:28,841 [EventQueue-DeleteBlockStatusForDeletedBlockLogImpl] DEBUG block.DeletedBlockLogImpl (DeletedBlockLogImpl.java:commitTransactions(224)) - Transaction txId=7 commit by dnId=b13dbf35-3f05-4a51-87e4-7670ffffb89b for containerID=#7 failed. Corresponding entry not found.
2021-08-10 12:16:28,841 [EventQueue-DeleteBlockStatusForDeletedBlockLogImpl] DEBUG block.DeletedBlockLogImpl (DeletedBlockLogImpl.java:isTransactionFailed(278)) - Got block deletion ACK from datanode, TXIDs=8, success=true
2021-08-10 12:16:28,841 [EventQueue-DeleteBlockStatusForDeletedBlockLogImpl] DEBUG block.DeletedBlockLogImpl (DeletedBlockLogImpl.java:commitTransactions(224)) - Transaction txId=8 commit by dnId=b13dbf35-3f05-4a51-87e4-7670ffffb89b for containerID=#8 failed. Corresponding entry not found.
2021-08-10 12:16:28,841 [EventQueue-DeleteBlockStatusForDeletedBlockLogImpl] DEBUG block.DeletedBlockLogImpl (DeletedBlockLogImpl.java:isTransactionFailed(278)) - Got block deletion ACK from datanode, TXIDs=9, success=true
2021-08-10 12:16:28,841 [EventQueue-DeleteBlockStatusForDeletedBlockLogImpl] DEBUG block.DeletedBlockLogImpl (DeletedBlockLogImpl.java:commitTransactions(224)) - Transaction txId=9 commit by dnId=b13dbf35-3f05-4a51-87e4-7670ffffb89b for containerID=#9 failed. Corresponding entry not found.
2021-08-10 12:16:28,841 [EventQueue-DeleteBlockStatusForDeletedBlockLogImpl] DEBUG block.DeletedBlockLogImpl (DeletedBlockLogImpl.java:isTransactionFailed(278)) - Got block deletion ACK from datanode, TXIDs=10, success=true
2021-08-10 12:16:28,841 [EventQueue-DeleteBlockStatusForDeletedBlockLogImpl] DEBUG block.DeletedBlockLogImpl (DeletedBlockLogImpl.java:commitTransactions(224)) - Transaction txId=10 commit by dnId=b13dbf35-3f05-4a51-87e4-7670ffffb89b for containerID=#10 failed. Corresponding entry not found.
2021-08-10 12:16:28,841 [EventQueue-DeleteBlockStatusForDeletedBlockLogImpl] DEBUG block.DeletedBlockLogImpl (DeletedBlockLogImpl.java:isTransactionFailed(278)) - Got block deletion ACK from datanode, TXIDs=11, success=true
2021-08-10 12:16:28,841 [EventQueue-DeleteBlockStatusForDeletedBlockLogImpl] DEBUG block.DeletedBlockLogImpl (DeletedBlockLogImpl.java:commitTransactions(224)) - Transaction txId=11 commit by dnId=b13dbf35-3f05-4a51-87e4-7670ffffb89b for containerID=#11 failed. Corresponding entry not found.
2021-08-10 12:16:28,841 [EventQueue-DeleteBlockStatusForDeletedBlockLogImpl] DEBUG block.DeletedBlockLogImpl (DeletedBlockLogImpl.java:isTransactionFailed(278)) - Got block deletion ACK from datanode, TXIDs=12, success=true
2021-08-10 12:16:28,841 [EventQueue-DeleteBlockStatusForDeletedBlockLogImpl] DEBUG block.DeletedBlockLogImpl (DeletedBlockLogImpl.java:commitTransactions(224)) - Transaction txId=12 commit by dnId=b13dbf35-3f05-4a51-87e4-7670ffffb89b for containerID=#12 failed. Corresponding entry not found.
2021-08-10 12:16:28,841 [EventQueue-DeleteBlockStatusForDeletedBlockLogImpl] DEBUG block.DeletedBlockLogImpl (DeletedBlockLogImpl.java:isTransactionFailed(278)) - Got block deletion ACK from datanode, TXIDs=13, success=true
2021-08-10 12:16:28,841 [EventQueue-DeleteBlockStatusForDeletedBlockLogImpl] DEBUG block.DeletedBlockLogImpl (DeletedBlockLogImpl.java:commitTransactions(224)) - Transaction txId=13 commit by dnId=b13dbf35-3f05-4a51-87e4-7670ffffb89b for containerID=#13 failed. Corresponding entry not found.
2021-08-10 12:16:28,841 [EventQueue-DeleteBlockStatusForDeletedBlockLogImpl] DEBUG block.DeletedBlockLogImpl (DeletedBlockLogImpl.java:isTransactionFailed(278)) - Got block deletion ACK from datanode, TXIDs=14, success=true
2021-08-10 12:16:28,841 [EventQueue-DeleteBlockStatusForDeletedBlockLogImpl] DEBUG block.DeletedBlockLogImpl (DeletedBlockLogImpl.java:commitTransactions(224)) - Transaction txId=14 commit by dnId=b13dbf35-3f05-4a51-87e4-7670ffffb89b for containerID=#14 failed. Corresponding entry not found.
2021-08-10 12:16:28,841 [EventQueue-DeleteBlockStatusForDeletedBlockLogImpl] DEBUG block.DeletedBlockLogImpl (DeletedBlockLogImpl.java:isTransactionFailed(278)) - Got block deletion ACK from datanode, TXIDs=15, success=true
2021-08-10 12:16:28,841 [EventQueue-DeleteBlockStatusForDeletedBlockLogImpl] DEBUG block.DeletedBlockLogImpl (DeletedBlockLogImpl.java:commitTransactions(224)) - Transaction txId=15 commit by dnId=b13dbf35-3f05-4a51-87e4-7670ffffb89b for containerID=#15 failed. Corresponding entry not found.
2021-08-10 12:16:28,841 [EventQueue-DeleteBlockStatusForDeletedBlockLogImpl] DEBUG block.DeletedBlockLogImpl (DeletedBlockLogImpl.java:isTransactionFailed(278)) - Got block deletion ACK from datanode, TXIDs=16, success=true
2021-08-10 12:16:28,841 [EventQueue-DeleteBlockStatusForDeletedBlockLogImpl] DEBUG block.DeletedBlockLogImpl (DeletedBlockLogImpl.java:commitTransactions(224)) - Transaction txId=16 commit by dnId=b13dbf35-3f05-4a51-87e4-7670ffffb89b for containerID=#16 failed. Corresponding entry not found.
2021-08-10 12:16:28,841 [EventQueue-DeleteBlockStatusForDeletedBlockLogImpl] DEBUG block.DeletedBlockLogImpl (DeletedBlockLogImpl.java:isTransactionFailed(278)) - Got block deletion ACK from datanode, TXIDs=17, success=true
2021-08-10 12:16:28,841 [EventQueue-DeleteBlockStatusForDeletedBlockLogImpl] DEBUG block.DeletedBlockLogImpl (DeletedBlockLogImpl.java:commitTransactions(224)) - Transaction txId=17 commit by dnId=b13dbf35-3f05-4a51-87e4-7670ffffb89b for containerID=#17 failed. Corresponding entry not found.
2021-08-10 12:16:28,841 [EventQueue-DeleteBlockStatusForDeletedBlockLogImpl] DEBUG block.DeletedBlockLogImpl (DeletedBlockLogImpl.java:isTransactionFailed(278)) - Got block deletion ACK from datanode, TXIDs=18, success=true
2021-08-10 12:16:28,841 [EventQueue-DeleteBlockStatusForDeletedBlockLogImpl] DEBUG block.DeletedBlockLogImpl (DeletedBlockLogImpl.java:commitTransactions(224)) - Transaction txId=18 commit by dnId=b13dbf35-3f05-4a51-87e4-7670ffffb89b for containerID=#18 failed. Corresponding entry not found.
2021-08-10 12:16:28,841 [EventQueue-DeleteBlockStatusForDeletedBlockLogImpl] DEBUG block.DeletedBlockLogImpl (DeletedBlockLogImpl.java:isTransactionFailed(278)) - Got block deletion ACK from datanode, TXIDs=19, success=true
2021-08-10 12:16:28,841 [EventQueue-DeleteBlockStatusForDeletedBlockLogImpl] DEBUG block.DeletedBlockLogImpl (DeletedBlockLogImpl.java:commitTransactions(224)) - Transaction txId=19 commit by dnId=b13dbf35-3f05-4a51-87e4-7670ffffb89b for containerID=#19 failed. Corresponding entry not found.
2021-08-10 12:16:28,841 [EventQueue-DeleteBlockStatusForDeletedBlockLogImpl] DEBUG block.DeletedBlockLogImpl (DeletedBlockLogImpl.java:isTransactionFailed(278)) - Got block deletion ACK from datanode, TXIDs=20, success=true
2021-08-10 12:16:28,841 [EventQueue-DeleteBlockStatusForDeletedBlockLogImpl] DEBUG block.DeletedBlockLogImpl (DeletedBlockLogImpl.java:commitTransactions(224)) - Transaction txId=20 commit by dnId=b13dbf35-3f05-4a51-87e4-7670ffffb89b for containerID=#20 failed. Corresponding entry not found.
2021-08-10 12:16:28,841 [EventQueue-DeleteBlockStatusForDeletedBlockLogImpl] DEBUG block.DeletedBlockLogImpl (DeletedBlockLogImpl.java:isTransactionFailed(278)) - Got block deletion ACK from datanode, TXIDs=21, success=true
2021-08-10 12:16:28,841 [EventQueue-DeleteBlockStatusForDeletedBlockLogImpl] DEBUG block.DeletedBlockLogImpl (DeletedBlockLogImpl.java:commitTransactions(224)) - Transaction txId=21 commit by dnId=b13dbf35-3f05-4a51-87e4-7670ffffb89b for containerID=#21 failed. Corresponding entry not found.
2021-08-10 12:16:28,841 [EventQueue-DeleteBlockStatusForDeletedBlockLogImpl] DEBUG block.DeletedBlockLogImpl (DeletedBlockLogImpl.java:isTransactionFailed(278)) - Got block deletion ACK from datanode, TXIDs=22, success=true
2021-08-10 12:16:28,841 [EventQueue-DeleteBlockStatusForDeletedBlockLogImpl] DEBUG block.DeletedBlockLogImpl (DeletedBlockLogImpl.java:commitTransactions(224)) - Transaction txId=22 commit by dnId=b13dbf35-3f05-4a51-87e4-7670ffffb89b for containerID=#22 failed. Corresponding entry not found.
2021-08-10 12:16:28,842 [EventQueue-DeleteBlockStatusForDeletedBlockLogImpl] DEBUG block.DeletedBlockLogImpl (DeletedBlockLogImpl.java:isTransactionFailed(278)) - Got block deletion ACK from datanode, TXIDs=23, success=true
2021-08-10 12:16:28,842 [EventQueue-DeleteBlockStatusForDeletedBlockLogImpl] DEBUG block.DeletedBlockLogImpl (DeletedBlockLogImpl.java:commitTransactions(224)) - Transaction txId=23 commit by dnId=b13dbf35-3f05-4a51-87e4-7670ffffb89b for containerID=#23 failed. Corresponding entry not found.
2021-08-10 12:16:28,842 [EventQueue-DeleteBlockStatusForDeletedBlockLogImpl] DEBUG block.DeletedBlockLogImpl (DeletedBlockLogImpl.java:isTransactionFailed(278)) - Got block deletion ACK from datanode, TXIDs=24, success=true
2021-08-10 12:16:28,842 [EventQueue-DeleteBlockStatusForDeletedBlockLogImpl] DEBUG block.DeletedBlockLogImpl (DeletedBlockLogImpl.java:commitTransactions(224)) - Transaction txId=24 commit by dnId=b13dbf35-3f05-4a51-87e4-7670ffffb89b for containerID=#24 failed. Corresponding entry not found.
2021-08-10 12:16:28,842 [EventQueue-DeleteBlockStatusForDeletedBlockLogImpl] DEBUG block.DeletedBlockLogImpl (DeletedBlockLogImpl.java:isTransactionFailed(278)) - Got block deletion ACK from datanode, TXIDs=25, success=true
2021-08-10 12:16:28,842 [EventQueue-DeleteBlockStatusForDeletedBlockLogImpl] DEBUG block.DeletedBlockLogImpl (DeletedBlockLogImpl.java:commitTransactions(224)) - Transaction txId=25 commit by dnId=b13dbf35-3f05-4a51-87e4-7670ffffb89b for containerID=#25 failed. Corresponding entry not found.
2021-08-10 12:16:28,842 [EventQueue-DeleteBlockStatusForDeletedBlockLogImpl] DEBUG block.DeletedBlockLogImpl (DeletedBlockLogImpl.java:isTransactionFailed(278)) - Got block deletion ACK from datanode, TXIDs=26, success=true
2021-08-10 12:16:28,842 [EventQueue-DeleteBlockStatusForDeletedBlockLogImpl] DEBUG block.DeletedBlockLogImpl (DeletedBlockLogImpl.java:commitTransactions(224)) - Transaction txId=26 commit by dnId=b13dbf35-3f05-4a51-87e4-7670ffffb89b for containerID=#26 failed. Corresponding entry not found.
2021-08-10 12:16:28,842 [EventQueue-DeleteBlockStatusForDeletedBlockLogImpl] DEBUG block.DeletedBlockLogImpl (DeletedBlockLogImpl.java:isTransactionFailed(278)) - Got block deletion ACK from datanode, TXIDs=27, success=true
2021-08-10 12:16:28,842 [EventQueue-DeleteBlockStatusForDeletedBlockLogImpl] DEBUG block.DeletedBlockLogImpl (DeletedBlockLogImpl.java:commitTransactions(224)) - Transaction txId=27 commit by dnId=b13dbf35-3f05-4a51-87e4-7670ffffb89b for containerID=#27 failed. Corresponding entry not found.
2021-08-10 12:16:28,842 [EventQueue-DeleteBlockStatusForDeletedBlockLogImpl] DEBUG block.DeletedBlockLogImpl (DeletedBlockLogImpl.java:isTransactionFailed(278)) - Got block deletion ACK from datanode, TXIDs=28, success=true
2021-08-10 12:16:28,842 [EventQueue-DeleteBlockStatusForDeletedBlockLogImpl] DEBUG block.DeletedBlockLogImpl (DeletedBlockLogImpl.java:commitTransactions(224)) - Transaction txId=28 commit by dnId=b13dbf35-3f05-4a51-87e4-7670ffffb89b for containerID=#28 failed. Corresponding entry not found.
2021-08-10 12:16:28,842 [EventQueue-DeleteBlockStatusForDeletedBlockLogImpl] DEBUG block.DeletedBlockLogImpl (DeletedBlockLogImpl.java:isTransactionFailed(278)) - Got block deletion ACK from datanode, TXIDs=29, success=true
2021-08-10 12:16:28,842 [EventQueue-DeleteBlockStatusForDeletedBlockLogImpl] DEBUG block.DeletedBlockLogImpl (DeletedBlockLogImpl.java:commitTransactions(224)) - Transaction txId=29 commit by dnId=b13dbf35-3f05-4a51-87e4-7670ffffb89b for containerID=#29 failed. Corresponding entry not found.
2021-08-10 12:16:28,842 [EventQueue-DeleteBlockStatusForDeletedBlockLogImpl] DEBUG block.DeletedBlockLogImpl (DeletedBlockLogImpl.java:isTransactionFailed(278)) - Got block deletion ACK from datanode, TXIDs=30, success=true
2021-08-10 12:16:28,842 [EventQueue-DeleteBlockStatusForDeletedBlockLogImpl] DEBUG block.DeletedBlockLogImpl (DeletedBlockLogImpl.java:commitTransactions(224)) - Transaction txId=30 commit by dnId=b13dbf35-3f05-4a51-87e4-7670ffffb89b for containerID=#30 failed. Corresponding entry not found.
2021-08-10 12:16:28,842 [EventQueue-DeleteBlockStatusForDeletedBlockLogImpl] DEBUG block.DeletedBlockLogImpl (DeletedBlockLogImpl.java:isTransactionFailed(278)) - Got block deletion ACK from datanode, TXIDs=31, success=true
2021-08-10 12:16:28,842 [EventQueue-DeleteBlockStatusForDeletedBlockLogImpl] DEBUG block.DeletedBlockLogImpl (DeletedBlockLogImpl.java:commitTransactions(224)) - Transaction txId=31 commit by dnId=b13dbf35-3f05-4a51-87e4-7670ffffb89b for containerID=#31 failed. Corresponding entry not found.
2021-08-10 12:16:28,842 [EventQueue-DeleteBlockStatusForDeletedBlockLogImpl] DEBUG block.DeletedBlockLogImpl (DeletedBlockLogImpl.java:isTransactionFailed(278)) - Got block deletion ACK from datanode, TXIDs=32, success=true
2021-08-10 12:16:28,842 [EventQueue-DeleteBlockStatusForDeletedBlockLogImpl] DEBUG block.DeletedBlockLogImpl (DeletedBlockLogImpl.java:commitTransactions(224)) - Transaction txId=32 commit by dnId=b13dbf35-3f05-4a51-87e4-7670ffffb89b for containerID=#32 failed. Corresponding entry not found.
2021-08-10 12:16:28,842 [EventQueue-DeleteBlockStatusForDeletedBlockLogImpl] DEBUG block.DeletedBlockLogImpl (DeletedBlockLogImpl.java:isTransactionFailed(278)) - Got block deletion ACK from datanode, TXIDs=33, success=true
2021-08-10 12:16:28,842 [EventQueue-DeleteBlockStatusForDeletedBlockLogImpl] DEBUG block.DeletedBlockLogImpl (DeletedBlockLogImpl.java:commitTransactions(224)) - Transaction txId=33 commit by dnId=b13dbf35-3f05-4a51-87e4-7670ffffb89b for containerID=#33 failed. Corresponding entry not found.
2021-08-10 12:16:28,842 [EventQueue-DeleteBlockStatusForDeletedBlockLogImpl] DEBUG block.DeletedBlockLogImpl (DeletedBlockLogImpl.java:isTransactionFailed(278)) - Got block deletion ACK from datanode, TXIDs=34, success=true
2021-08-10 12:16:28,842 [EventQueue-DeleteBlockStatusForDeletedBlockLogImpl] DEBUG block.DeletedBlockLogImpl (DeletedBlockLogImpl.java:commitTransactions(224)) - Transaction txId=34 commit by dnId=b13dbf35-3f05-4a51-87e4-7670ffffb89b for containerID=#34 failed. Corresponding entry not found.
2021-08-10 12:16:28,842 [EventQueue-DeleteBlockStatusForDeletedBlockLogImpl] DEBUG block.DeletedBlockLogImpl (DeletedBlockLogImpl.java:isTransactionFailed(278)) - Got block deletion ACK from datanode, TXIDs=35, success=true
2021-08-10 12:16:28,842 [EventQueue-DeleteBlockStatusForDeletedBlockLogImpl] DEBUG block.DeletedBlockLogImpl (DeletedBlockLogImpl.java:commitTransactions(224)) - Transaction txId=35 commit by dnId=b13dbf35-3f05-4a51-87e4-7670ffffb89b for containerID=#35 failed. Corresponding entry not found.
2021-08-10 12:16:28,842 [EventQueue-DeleteBlockStatusForDeletedBlockLogImpl] DEBUG block.DeletedBlockLogImpl (DeletedBlockLogImpl.java:isTransactionFailed(278)) - Got block deletion ACK from datanode, TXIDs=36, success=true
2021-08-10 12:16:28,842 [EventQueue-DeleteBlockStatusForDeletedBlockLogImpl] DEBUG block.DeletedBlockLogImpl (DeletedBlockLogImpl.java:commitTransactions(224)) - Transaction txId=36 commit by dnId=b13dbf35-3f05-4a51-87e4-7670ffffb89b for containerID=#36 failed. Corresponding entry not found.
2021-08-10 12:16:28,842 [EventQueue-DeleteBlockStatusForDeletedBlockLogImpl] DEBUG block.DeletedBlockLogImpl (DeletedBlockLogImpl.java:isTransactionFailed(278)) - Got block deletion ACK from datanode, TXIDs=37, success=true
2021-08-10 12:16:28,842 [EventQueue-DeleteBlockStatusForDeletedBlockLogImpl] DEBUG block.DeletedBlockLogImpl (DeletedBlockLogImpl.java:commitTransactions(224)) - Transaction txId=37 commit by dnId=b13dbf35-3f05-4a51-87e4-7670ffffb89b for containerID=#37 failed. Corresponding entry not found.
2021-08-10 12:16:28,842 [EventQueue-DeleteBlockStatusForDeletedBlockLogImpl] DEBUG block.DeletedBlockLogImpl (DeletedBlockLogImpl.java:isTransactionFailed(278)) - Got block deletion ACK from datanode, TXIDs=38, success=true
2021-08-10 12:16:28,842 [EventQueue-DeleteBlockStatusForDeletedBlockLogImpl] DEBUG block.DeletedBlockLogImpl (DeletedBlockLogImpl.java:commitTransactions(224)) - Transaction txId=38 commit by dnId=b13dbf35-3f05-4a51-87e4-7670ffffb89b for containerID=#38 failed. Corresponding entry not found.
2021-08-10 12:16:28,842 [EventQueue-DeleteBlockStatusForDeletedBlockLogImpl] DEBUG block.DeletedBlockLogImpl (DeletedBlockLogImpl.java:isTransactionFailed(278)) - Got block deletion ACK from datanode, TXIDs=39, success=true
2021-08-10 12:16:28,842 [EventQueue-DeleteBlockStatusForDeletedBlockLogImpl] DEBUG block.DeletedBlockLogImpl (DeletedBlockLogImpl.java:commitTransactions(224)) - Transaction txId=39 commit by dnId=b13dbf35-3f05-4a51-87e4-7670ffffb89b for containerID=#39 failed. Corresponding entry not found.
2021-08-10 12:16:28,842 [EventQueue-DeleteBlockStatusForDeletedBlockLogImpl] DEBUG block.DeletedBlockLogImpl (DeletedBlockLogImpl.java:isTransactionFailed(278)) - Got block deletion ACK from datanode, TXIDs=40, success=true
2021-08-10 12:16:28,842 [EventQueue-DeleteBlockStatusForDeletedBlockLogImpl] DEBUG block.DeletedBlockLogImpl (DeletedBlockLogImpl.java:commitTransactions(224)) - Transaction txId=40 commit by dnId=b13dbf35-3f05-4a51-87e4-7670ffffb89b for containerID=#40 failed. Corresponding entry not found.
2021-08-10 12:16:28,842 [EventQueue-DeleteBlockStatusForDeletedBlockLogImpl] DEBUG block.DeletedBlockLogImpl (DeletedBlockLogImpl.java:isTransactionFailed(278)) - Got block deletion ACK from datanode, TXIDs=41, success=true
2021-08-10 12:16:28,842 [EventQueue-DeleteBlockStatusForDeletedBlockLogImpl] DEBUG block.DeletedBlockLogImpl (DeletedBlockLogImpl.java:commitTransactions(224)) - Transaction txId=41 commit by dnId=b13dbf35-3f05-4a51-87e4-7670ffffb89b for containerID=#41 failed. Corresponding entry not found.
2021-08-10 12:16:28,842 [EventQueue-DeleteBlockStatusForDeletedBlockLogImpl] DEBUG block.DeletedBlockLogImpl (DeletedBlockLogImpl.java:isTransactionFailed(278)) - Got block deletion ACK from datanode, TXIDs=42, success=true
2021-08-10 12:16:28,842 [EventQueue-DeleteBlockStatusForDeletedBlockLogImpl] DEBUG block.DeletedBlockLogImpl (DeletedBlockLogImpl.java:commitTransactions(224)) - Transaction txId=42 commit by dnId=b13dbf35-3f05-4a51-87e4-7670ffffb89b for containerID=#42 failed. Corresponding entry not found.
2021-08-10 12:16:28,842 [EventQueue-DeleteBlockStatusForDeletedBlockLogImpl] DEBUG block.DeletedBlockLogImpl (DeletedBlockLogImpl.java:isTransactionFailed(278)) - Got block deletion ACK from datanode, TXIDs=43, success=true
2021-08-10 12:16:28,842 [EventQueue-DeleteBlockStatusForDeletedBlockLogImpl] DEBUG block.DeletedBlockLogImpl (DeletedBlockLogImpl.java:commitTransactions(224)) - Transaction txId=43 commit by dnId=b13dbf35-3f05-4a51-87e4-7670ffffb89b for containerID=#43 failed. Corresponding entry not found.
2021-08-10 12:16:28,842 [EventQueue-DeleteBlockStatusForDeletedBlockLogImpl] DEBUG block.DeletedBlockLogImpl (DeletedBlockLogImpl.java:isTransactionFailed(278)) - Got block deletion ACK from datanode, TXIDs=44, success=true
2021-08-10 12:16:28,842 [EventQueue-DeleteBlockStatusForDeletedBlockLogImpl] DEBUG block.DeletedBlockLogImpl (DeletedBlockLogImpl.java:commitTransactions(224)) - Transaction txId=44 commit by dnId=b13dbf35-3f05-4a51-87e4-7670ffffb89b for containerID=#44 failed. Corresponding entry not found.
2021-08-10 12:16:28,843 [EventQueue-DeleteBlockStatusForDeletedBlockLogImpl] DEBUG block.DeletedBlockLogImpl (DeletedBlockLogImpl.java:isTransactionFailed(278)) - Got block deletion ACK from datanode, TXIDs=45, success=true
2021-08-10 12:16:28,843 [EventQueue-DeleteBlockStatusForDeletedBlockLogImpl] DEBUG block.DeletedBlockLogImpl (DeletedBlockLogImpl.java:commitTransactions(224)) - Transaction txId=45 commit by dnId=b13dbf35-3f05-4a51-87e4-7670ffffb89b for containerID=#45 failed. Corresponding entry not found.
2021-08-10 12:16:28,843 [EventQueue-DeleteBlockStatusForDeletedBlockLogImpl] DEBUG block.DeletedBlockLogImpl (DeletedBlockLogImpl.java:isTransactionFailed(278)) - Got block deletion ACK from datanode, TXIDs=46, success=true
2021-08-10 12:16:28,843 [EventQueue-DeleteBlockStatusForDeletedBlockLogImpl] DEBUG block.DeletedBlockLogImpl (DeletedBlockLogImpl.java:commitTransactions(224)) - Transaction txId=46 commit by dnId=b13dbf35-3f05-4a51-87e4-7670ffffb89b for containerID=#46 failed. Corresponding entry not found.
2021-08-10 12:16:28,843 [EventQueue-DeleteBlockStatusForDeletedBlockLogImpl] DEBUG block.DeletedBlockLogImpl (DeletedBlockLogImpl.java:isTransactionFailed(278)) - Got block deletion ACK from datanode, TXIDs=47, success=true
2021-08-10 12:16:28,843 [EventQueue-DeleteBlockStatusForDeletedBlockLogImpl] DEBUG block.DeletedBlockLogImpl (DeletedBlockLogImpl.java:commitTransactions(224)) - Transaction txId=47 commit by dnId=b13dbf35-3f05-4a51-87e4-7670ffffb89b for containerID=#47 failed. Corresponding entry not found.
2021-08-10 12:16:28,843 [EventQueue-DeleteBlockStatusForDeletedBlockLogImpl] DEBUG block.DeletedBlockLogImpl (DeletedBlockLogImpl.java:isTransactionFailed(278)) - Got block deletion ACK from datanode, TXIDs=48, success=true
2021-08-10 12:16:28,843 [EventQueue-DeleteBlockStatusForDeletedBlockLogImpl] DEBUG block.DeletedBlockLogImpl (DeletedBlockLogImpl.java:commitTransactions(224)) - Transaction txId=48 commit by dnId=b13dbf35-3f05-4a51-87e4-7670ffffb89b for containerID=#48 failed. Corresponding entry not found.
2021-08-10 12:16:28,843 [EventQueue-DeleteBlockStatusForDeletedBlockLogImpl] DEBUG block.DeletedBlockLogImpl (DeletedBlockLogImpl.java:isTransactionFailed(278)) - Got block deletion ACK from datanode, TXIDs=49, success=true
2021-08-10 12:16:28,843 [EventQueue-DeleteBlockStatusForDeletedBlockLogImpl] DEBUG block.DeletedBlockLogImpl (DeletedBlockLogImpl.java:commitTransactions(224)) - Transaction txId=49 commit by dnId=b13dbf35-3f05-4a51-87e4-7670ffffb89b for containerID=#49 failed. Corresponding entry not found.
2021-08-10 12:16:28,843 [EventQueue-DeleteBlockStatusForDeletedBlockLogImpl] DEBUG block.DeletedBlockLogImpl (DeletedBlockLogImpl.java:isTransactionFailed(278)) - Got block deletion ACK from datanode, TXIDs=50, success=true
2021-08-10 12:16:28,843 [EventQueue-DeleteBlockStatusForDeletedBlockLogImpl] DEBUG block.DeletedBlockLogImpl (DeletedBlockLogImpl.java:commitTransactions(224)) - Transaction txId=50 commit by dnId=b13dbf35-3f05-4a51-87e4-7670ffffb89b for containerID=#50 failed. Corresponding entry not found.
2021-08-10 12:16:28,843 [EventQueue-DeleteBlockStatusForDeletedBlockLogImpl] DEBUG block.DeletedBlockLogImpl (DeletedBlockLogImpl.java:isTransactionFailed(278)) - Got block deletion ACK from datanode, TXIDs=51, success=true
2021-08-10 12:16:28,843 [EventQueue-DeleteBlockStatusForDeletedBlockLogImpl] DEBUG block.DeletedBlockLogImpl (DeletedBlockLogImpl.java:commitTransactions(224)) - Transaction txId=51 commit by dnId=b13dbf35-3f05-4a51-87e4-7670ffffb89b for containerID=#51 failed. Corresponding entry not found.
2021-08-10 12:16:28,843 [EventQueue-DeleteBlockStatusForDeletedBlockLogImpl] DEBUG block.DeletedBlockLogImpl (DeletedBlockLogImpl.java:isTransactionFailed(278)) - Got block deletion ACK from datanode, TXIDs=52, success=true
2021-08-10 12:16:28,843 [EventQueue-DeleteBlockStatusForDeletedBlockLogImpl] DEBUG block.DeletedBlockLogImpl (DeletedBlockLogImpl.java:commitTransactions(224)) - Transaction txId=52 commit by dnId=b13dbf35-3f05-4a51-87e4-7670ffffb89b for containerID=#52 failed. Corresponding entry not found.
2021-08-10 12:16:28,843 [EventQueue-DeleteBlockStatusForDeletedBlockLogImpl] DEBUG block.DeletedBlockLogImpl (DeletedBlockLogImpl.java:isTransactionFailed(278)) - Got block deletion ACK from datanode, TXIDs=53, success=true
2021-08-10 12:16:28,843 [EventQueue-DeleteBlockStatusForDeletedBlockLogImpl] DEBUG block.DeletedBlockLogImpl (DeletedBlockLogImpl.java:commitTransactions(224)) - Transaction txId=53 commit by dnId=b13dbf35-3f05-4a51-87e4-7670ffffb89b for containerID=#53 failed. Corresponding entry not found.
2021-08-10 12:16:28,843 [EventQueue-DeleteBlockStatusForDeletedBlockLogImpl] DEBUG block.DeletedBlockLogImpl (DeletedBlockLogImpl.java:isTransactionFailed(278)) - Got block deletion ACK from datanode, TXIDs=54, success=true
2021-08-10 12:16:28,843 [EventQueue-DeleteBlockStatusForDeletedBlockLogImpl] DEBUG block.DeletedBlockLogImpl (DeletedBlockLogImpl.java:commitTransactions(224)) - Transaction txId=54 commit by dnId=b13dbf35-3f05-4a51-87e4-7670ffffb89b for containerID=#54 failed. Corresponding entry not found.
2021-08-10 12:16:28,843 [EventQueue-DeleteBlockStatusForDeletedBlockLogImpl] DEBUG block.DeletedBlockLogImpl (DeletedBlockLogImpl.java:isTransactionFailed(278)) - Got block deletion ACK from datanode, TXIDs=55, success=true
2021-08-10 12:16:28,843 [EventQueue-DeleteBlockStatusForDeletedBlockLogImpl] DEBUG block.DeletedBlockLogImpl (DeletedBlockLogImpl.java:commitTransactions(224)) - Transaction txId=55 commit by dnId=b13dbf35-3f05-4a51-87e4-7670ffffb89b for containerID=#55 failed. Corresponding entry not found.
2021-08-10 12:16:28,843 [EventQueue-DeleteBlockStatusForDeletedBlockLogImpl] DEBUG block.DeletedBlockLogImpl (DeletedBlockLogImpl.java:isTransactionFailed(278)) - Got block deletion ACK from datanode, TXIDs=56, success=true
2021-08-10 12:16:28,844 [EventQueue-DeleteBlockStatusForDeletedBlockLogImpl] DEBUG block.DeletedBlockLogImpl (DeletedBlockLogImpl.java:commitTransactions(224)) - Transaction txId=56 commit by dnId=b13dbf35-3f05-4a51-87e4-7670ffffb89b for containerID=#56 failed. Corresponding entry not found.
2021-08-10 12:16:28,843 [SCMBlockDeletingService#0] DEBUG block.SCMBlockDeletingService (SCMBlockDeletingService.java:call(133)) - Running DeletedBlockTransactionScanner
2021-08-10 12:16:28,844 [EventQueue-DeleteBlockStatusForDeletedBlockLogImpl] DEBUG block.DeletedBlockLogImpl (DeletedBlockLogImpl.java:isTransactionFailed(278)) - Got block deletion ACK from datanode, TXIDs=1, success=true
2021-08-10 12:16:28,847 [EventQueue-DeleteBlockStatusForDeletedBlockLogImpl] DEBUG block.DeletedBlockLogImpl (DeletedBlockLogImpl.java:commitTransactions(224)) - Transaction txId=1 commit by dnId=b13dbf35-3f05-4a51-87e4-7670ffffb89b for containerID=#1 failed. Corresponding entry not found.
2021-08-10 12:16:28,847 [EventQueue-DeleteBlockStatusForDeletedBlockLogImpl] DEBUG block.DeletedBlockLogImpl (DeletedBlockLogImpl.java:isTransactionFailed(278)) - Got block deletion ACK from datanode, TXIDs=2, success=true
2021-08-10 12:16:28,847 [EventQueue-DeleteBlockStatusForDeletedBlockLogImpl] DEBUG block.DeletedBlockLogImpl (DeletedBlockLogImpl.java:commitTransactions(224)) - Transaction txId=2 commit by dnId=b13dbf35-3f05-4a51-87e4-7670ffffb89b for containerID=#2 failed. Corresponding entry not found.
2021-08-10 12:16:28,847 [EventQueue-DeleteBlockStatusForDeletedBlockLogImpl] DEBUG block.DeletedBlockLogImpl (DeletedBlockLogImpl.java:isTransactionFailed(278)) - Got block deletion ACK from datanode, TXIDs=3, success=true
2021-08-10 12:16:28,847 [EventQueue-DeleteBlockStatusForDeletedBlockLogImpl] DEBUG block.DeletedBlockLogImpl (DeletedBlockLogImpl.java:commitTransactions(224)) - Transaction txId=3 commit by dnId=b13dbf35-3f05-4a51-87e4-7670ffffb89b for containerID=#3 failed. Corresponding entry not found.
2021-08-10 12:16:28,847 [EventQueue-DeleteBlockStatusForDeletedBlockLogImpl] DEBUG block.DeletedBlockLogImpl (DeletedBlockLogImpl.java:isTransactionFailed(278)) - Got block deletion ACK from datanode, TXIDs=4, success=true
2021-08-10 12:16:28,847 [EventQueue-DeleteBlockStatusForDeletedBlockLogImpl] DEBUG block.DeletedBlockLogImpl (DeletedBlockLogImpl.java:commitTransactions(224)) - Transaction txId=4 commit by dnId=b13dbf35-3f05-4a51-87e4-7670ffffb89b for containerID=#4 failed. Corresponding entry not found.
2021-08-10 12:16:28,847 [EventQueue-DeleteBlockStatusForDeletedBlockLogImpl] DEBUG block.DeletedBlockLogImpl (DeletedBlockLogImpl.java:isTransactionFailed(278)) - Got block deletion ACK from datanode, TXIDs=5, success=true
2021-08-10 12:16:28,847 [EventQueue-DeleteBlockStatusForDeletedBlockLogImpl] DEBUG block.DeletedBlockLogImpl (DeletedBlockLogImpl.java:commitTransactions(224)) - Transaction txId=5 commit by dnId=b13dbf35-3f05-4a51-87e4-7670ffffb89b for containerID=#5 failed. Corresponding entry not found.
2021-08-10 12:16:28,847 [EventQueue-DeleteBlockStatusForDeletedBlockLogImpl] DEBUG block.DeletedBlockLogImpl (DeletedBlockLogImpl.java:isTransactionFailed(278)) - Got block deletion ACK from datanode, TXIDs=6, success=true
2021-08-10 12:16:28,847 [EventQueue-DeleteBlockStatusForDeletedBlockLogImpl] DEBUG block.DeletedBlockLogImpl (DeletedBlockLogImpl.java:commitTransactions(224)) - Transaction txId=6 commit by dnId=b13dbf35-3f05-4a51-87e4-7670ffffb89b for containerID=#6 failed. Corresponding entry not found.
2021-08-10 12:16:28,847 [EventQueue-DeleteBlockStatusForDeletedBlockLogImpl] DEBUG block.DeletedBlockLogImpl (DeletedBlockLogImpl.java:isTransactionFailed(278)) - Got block deletion ACK from datanode, TXIDs=7, success=true
2021-08-10 12:16:28,848 [EventQueue-DeleteBlockStatusForDeletedBlockLogImpl] DEBUG block.DeletedBlockLogImpl (DeletedBlockLogImpl.java:commitTransactions(224)) - Transaction txId=7 commit by dnId=b13dbf35-3f05-4a51-87e4-7670ffffb89b for containerID=#7 failed. Corresponding entry not found.
2021-08-10 12:16:28,848 [EventQueue-DeleteBlockStatusForDeletedBlockLogImpl] DEBUG block.DeletedBlockLogImpl (DeletedBlockLogImpl.java:isTransactionFailed(278)) - Got block deletion ACK from datanode, TXIDs=8, success=true
2021-08-10 12:16:28,848 [EventQueue-DeleteBlockStatusForDeletedBlockLogImpl] DEBUG block.DeletedBlockLogImpl (DeletedBlockLogImpl.java:commitTransactions(224)) - Transaction txId=8 commit by dnId=b13dbf35-3f05-4a51-87e4-7670ffffb89b for containerID=#8 failed. Corresponding entry not found.
2021-08-10 12:16:28,848 [EventQueue-DeleteBlockStatusForDeletedBlockLogImpl] DEBUG block.DeletedBlockLogImpl (DeletedBlockLogImpl.java:isTransactionFailed(278)) - Got block deletion ACK from datanode, TXIDs=9, success=true
2021-08-10 12:16:28,848 [EventQueue-DeleteBlockStatusForDeletedBlockLogImpl] DEBUG block.DeletedBlockLogImpl (DeletedBlockLogImpl.java:commitTransactions(224)) - Transaction txId=9 commit by dnId=b13dbf35-3f05-4a51-87e4-7670ffffb89b for containerID=#9 failed. Corresponding entry not found.
2021-08-10 12:16:28,848 [EventQueue-DeleteBlockStatusForDeletedBlockLogImpl] DEBUG block.DeletedBlockLogImpl (DeletedBlockLogImpl.java:isTransactionFailed(278)) - Got block deletion ACK from datanode, TXIDs=10, success=true
2021-08-10 12:16:28,848 [EventQueue-DeleteBlockStatusForDeletedBlockLogImpl] DEBUG block.DeletedBlockLogImpl (DeletedBlockLogImpl.java:commitTransactions(224)) - Transaction txId=10 commit by dnId=b13dbf35-3f05-4a51-87e4-7670ffffb89b for containerID=#10 failed. Corresponding entry not found.
2021-08-10 12:16:28,848 [EventQueue-DeleteBlockStatusForDeletedBlockLogImpl] DEBUG block.DeletedBlockLogImpl (DeletedBlockLogImpl.java:isTransactionFailed(278)) - Got block deletion ACK from datanode, TXIDs=11, success=true
2021-08-10 12:16:28,848 [EventQueue-DeleteBlockStatusForDeletedBlockLogImpl] DEBUG block.DeletedBlockLogImpl (DeletedBlockLogImpl.java:commitTransactions(224)) - Transaction txId=11 commit by dnId=b13dbf35-3f05-4a51-87e4-7670ffffb89b for containerID=#11 failed. Corresponding entry not found.
2021-08-10 12:16:28,848 [EventQueue-DeleteBlockStatusForDeletedBlockLogImpl] DEBUG block.DeletedBlockLogImpl (DeletedBlockLogImpl.java:isTransactionFailed(278)) - Got block deletion ACK from datanode, TXIDs=12, success=true
2021-08-10 12:16:28,848 [EventQueue-DeleteBlockStatusForDeletedBlockLogImpl] DEBUG block.DeletedBlockLogImpl (DeletedBlockLogImpl.java:commitTransactions(224)) - Transaction txId=12 commit by dnId=b13dbf35-3f05-4a51-87e4-7670ffffb89b for containerID=#12 failed. Corresponding entry not found.
2021-08-10 12:16:28,848 [EventQueue-DeleteBlockStatusForDeletedBlockLogImpl] DEBUG block.DeletedBlockLogImpl (DeletedBlockLogImpl.java:isTransactionFailed(278)) - Got block deletion ACK from datanode, TXIDs=13, success=true
2021-08-10 12:16:28,848 [EventQueue-DeleteBlockStatusForDeletedBlockLogImpl] DEBUG block.DeletedBlockLogImpl (DeletedBlockLogImpl.java:commitTransactions(224)) - Transaction txId=13 commit by dnId=b13dbf35-3f05-4a51-87e4-7670ffffb89b for containerID=#13 failed. Corresponding entry not found.
2021-08-10 12:16:28,848 [EventQueue-DeleteBlockStatusForDeletedBlockLogImpl] DEBUG block.DeletedBlockLogImpl (DeletedBlockLogImpl.java:isTransactionFailed(278)) - Got block deletion ACK from datanode, TXIDs=14, success=true
2021-08-10 12:16:28,848 [EventQueue-DeleteBlockStatusForDeletedBlockLogImpl] DEBUG block.DeletedBlockLogImpl (DeletedBlockLogImpl.java:commitTransactions(224)) - Transaction txId=14 commit by dnId=b13dbf35-3f05-4a51-87e4-7670ffffb89b for containerID=#14 failed. Corresponding entry not found.
2021-08-10 12:16:28,848 [EventQueue-DeleteBlockStatusForDeletedBlockLogImpl] DEBUG block.DeletedBlockLogImpl (DeletedBlockLogImpl.java:isTransactionFailed(278)) - Got block deletion ACK from datanode, TXIDs=15, success=true
2021-08-10 12:16:28,848 [EventQueue-DeleteBlockStatusForDeletedBlockLogImpl] DEBUG block.DeletedBlockLogImpl (DeletedBlockLogImpl.java:commitTransactions(224)) - Transaction txId=15 commit by dnId=b13dbf35-3f05-4a51-87e4-7670ffffb89b for containerID=#15 failed. Corresponding entry not found.
2021-08-10 12:16:28,848 [EventQueue-DeleteBlockStatusForDeletedBlockLogImpl] DEBUG block.DeletedBlockLogImpl (DeletedBlockLogImpl.java:isTransactionFailed(278)) - Got block deletion ACK from datanode, TXIDs=16, success=true
2021-08-10 12:16:28,848 [EventQueue-DeleteBlockStatusForDeletedBlockLogImpl] DEBUG block.DeletedBlockLogImpl (DeletedBlockLogImpl.java:commitTransactions(224)) - Transaction txId=16 commit by dnId=b13dbf35-3f05-4a51-87e4-7670ffffb89b for containerID=#16 failed. Corresponding entry not found.
2021-08-10 12:16:28,848 [EventQueue-DeleteBlockStatusForDeletedBlockLogImpl] DEBUG block.DeletedBlockLogImpl (DeletedBlockLogImpl.java:isTransactionFailed(278)) - Got block deletion ACK from datanode, TXIDs=17, success=true
2021-08-10 12:16:28,848 [EventQueue-DeleteBlockStatusForDeletedBlockLogImpl] DEBUG block.DeletedBlockLogImpl (DeletedBlockLogImpl.java:commitTransactions(224)) - Transaction txId=17 commit by dnId=b13dbf35-3f05-4a51-87e4-7670ffffb89b for containerID=#17 failed. Corresponding entry not found.
2021-08-10 12:16:28,848 [EventQueue-DeleteBlockStatusForDeletedBlockLogImpl] DEBUG block.DeletedBlockLogImpl (DeletedBlockLogImpl.java:isTransactionFailed(278)) - Got block deletion ACK from datanode, TXIDs=18, success=true
2021-08-10 12:16:28,848 [EventQueue-DeleteBlockStatusForDeletedBlockLogImpl] DEBUG block.DeletedBlockLogImpl (DeletedBlockLogImpl.java:commitTransactions(224)) - Transaction txId=18 commit by dnId=b13dbf35-3f05-4a51-87e4-7670ffffb89b for containerID=#18 failed. Corresponding entry not found.
2021-08-10 12:16:28,848 [EventQueue-DeleteBlockStatusForDeletedBlockLogImpl] DEBUG block.DeletedBlockLogImpl (DeletedBlockLogImpl.java:isTransactionFailed(278)) - Got block deletion ACK from datanode, TXIDs=19, success=true
2021-08-10 12:16:28,848 [EventQueue-DeleteBlockStatusForDeletedBlockLogImpl] DEBUG block.DeletedBlockLogImpl (DeletedBlockLogImpl.java:commitTransactions(224)) - Transaction txId=19 commit by dnId=b13dbf35-3f05-4a51-87e4-7670ffffb89b for containerID=#19 failed. Corresponding entry not found.
2021-08-10 12:16:28,848 [EventQueue-DeleteBlockStatusForDeletedBlockLogImpl] DEBUG block.DeletedBlockLogImpl (DeletedBlockLogImpl.java:isTransactionFailed(278)) - Got block deletion ACK from datanode, TXIDs=20, success=true
2021-08-10 12:16:28,849 [EventQueue-DeleteBlockStatusForDeletedBlockLogImpl] DEBUG block.DeletedBlockLogImpl (DeletedBlockLogImpl.java:commitTransactions(224)) - Transaction txId=20 commit by dnId=b13dbf35-3f05-4a51-87e4-7670ffffb89b for containerID=#20 failed. Corresponding entry not found.
2021-08-10 12:16:28,849 [EventQueue-DeleteBlockStatusForDeletedBlockLogImpl] DEBUG block.DeletedBlockLogImpl (DeletedBlockLogImpl.java:isTransactionFailed(278)) - Got block deletion ACK from datanode, TXIDs=21, success=true
2021-08-10 12:16:28,849 [EventQueue-DeleteBlockStatusForDeletedBlockLogImpl] DEBUG block.DeletedBlockLogImpl (DeletedBlockLogImpl.java:commitTransactions(224)) - Transaction txId=21 commit by dnId=b13dbf35-3f05-4a51-87e4-7670ffffb89b for containerID=#21 failed. Corresponding entry not found.
2021-08-10 12:16:28,849 [EventQueue-DeleteBlockStatusForDeletedBlockLogImpl] DEBUG block.DeletedBlockLogImpl (DeletedBlockLogImpl.java:isTransactionFailed(278)) - Got block deletion ACK from datanode, TXIDs=22, success=true
2021-08-10 12:16:28,849 [EventQueue-DeleteBlockStatusForDeletedBlockLogImpl] DEBUG block.DeletedBlockLogImpl (DeletedBlockLogImpl.java:commitTransactions(224)) - Transaction txId=22 commit by dnId=b13dbf35-3f05-4a51-87e4-7670ffffb89b for containerID=#22 failed. Corresponding entry not found.
2021-08-10 12:16:28,849 [EventQueue-DeleteBlockStatusForDeletedBlockLogImpl] DEBUG block.DeletedBlockLogImpl (DeletedBlockLogImpl.java:isTransactionFailed(278)) - Got block deletion ACK from datanode, TXIDs=23, success=true
2021-08-10 12:16:28,849 [EventQueue-DeleteBlockStatusForDeletedBlockLogImpl] DEBUG block.DeletedBlockLogImpl (DeletedBlockLogImpl.java:commitTransactions(224)) - Transaction txId=23 commit by dnId=b13dbf35-3f05-4a51-87e4-7670ffffb89b for containerID=#23 failed. Corresponding entry not found.
2021-08-10 12:16:28,849 [EventQueue-DeleteBlockStatusForDeletedBlockLogImpl] DEBUG block.DeletedBlockLogImpl (DeletedBlockLogImpl.java:isTransactionFailed(278)) - Got block deletion ACK from datanode, TXIDs=24, success=true
2021-08-10 12:16:28,849 [EventQueue-DeleteBlockStatusForDeletedBlockLogImpl] DEBUG block.DeletedBlockLogImpl (DeletedBlockLogImpl.java:commitTransactions(224)) - Transaction txId=24 commit by dnId=b13dbf35-3f05-4a51-87e4-7670ffffb89b for containerID=#24 failed. Corresponding entry not found.
2021-08-10 12:16:28,849 [EventQueue-DeleteBlockStatusForDeletedBlockLogImpl] DEBUG block.DeletedBlockLogImpl (DeletedBlockLogImpl.java:isTransactionFailed(278)) - Got block deletion ACK from datanode, TXIDs=25, success=true
2021-08-10 12:16:28,849 [EventQueue-DeleteBlockStatusForDeletedBlockLogImpl] DEBUG block.DeletedBlockLogImpl (DeletedBlockLogImpl.java:commitTransactions(224)) - Transaction txId=25 commit by dnId=b13dbf35-3f05-4a51-87e4-7670ffffb89b for containerID=#25 failed. Corresponding entry not found.
2021-08-10 12:16:28,849 [EventQueue-DeleteBlockStatusForDeletedBlockLogImpl] DEBUG block.DeletedBlockLogImpl (DeletedBlockLogImpl.java:isTransactionFailed(278)) - Got block deletion ACK from datanode, TXIDs=26, success=true
2021-08-10 12:16:28,849 [EventQueue-DeleteBlockStatusForDeletedBlockLogImpl] DEBUG block.DeletedBlockLogImpl (DeletedBlockLogImpl.java:commitTransactions(224)) - Transaction txId=26 commit by dnId=b13dbf35-3f05-4a51-87e4-7670ffffb89b for containerID=#26 failed. Corresponding entry not found.
2021-08-10 12:16:28,849 [EventQueue-DeleteBlockStatusForDeletedBlockLogImpl] DEBUG block.DeletedBlockLogImpl (DeletedBlockLogImpl.java:isTransactionFailed(278)) - Got block deletion ACK from datanode, TXIDs=27, success=true
2021-08-10 12:16:28,849 [EventQueue-DeleteBlockStatusForDeletedBlockLogImpl] DEBUG block.DeletedBlockLogImpl (DeletedBlockLogImpl.java:commitTransactions(224)) - Transaction txId=27 commit by dnId=b13dbf35-3f05-4a51-87e4-7670ffffb89b for containerID=#27 failed. Corresponding entry not found.
2021-08-10 12:16:28,849 [EventQueue-DeleteBlockStatusForDeletedBlockLogImpl] DEBUG block.DeletedBlockLogImpl (DeletedBlockLogImpl.java:isTransactionFailed(278)) - Got block deletion ACK from datanode, TXIDs=28, success=true
2021-08-10 12:16:28,849 [EventQueue-DeleteBlockStatusForDeletedBlockLogImpl] DEBUG block.DeletedBlockLogImpl (DeletedBlockLogImpl.java:commitTransactions(224)) - Transaction txId=28 commit by dnId=b13dbf35-3f05-4a51-87e4-7670ffffb89b for containerID=#28 failed. Corresponding entry not found.
2021-08-10 12:16:28,849 [EventQueue-DeleteBlockStatusForDeletedBlockLogImpl] DEBUG block.DeletedBlockLogImpl (DeletedBlockLogImpl.java:isTransactionFailed(278)) - Got block deletion ACK from datanode, TXIDs=29, success=true
2021-08-10 12:16:28,849 [EventQueue-DeleteBlockStatusForDeletedBlockLogImpl] DEBUG block.DeletedBlockLogImpl (DeletedBlockLogImpl.java:commitTransactions(224)) - Transaction txId=29 commit by dnId=b13dbf35-3f05-4a51-87e4-7670ffffb89b for containerID=#29 failed. Corresponding entry not found.
2021-08-10 12:16:28,849 [EventQueue-DeleteBlockStatusForDeletedBlockLogImpl] DEBUG block.DeletedBlockLogImpl (DeletedBlockLogImpl.java:isTransactionFailed(278)) - Got block deletion ACK from datanode, TXIDs=30, success=true
2021-08-10 12:16:28,849 [EventQueue-DeleteBlockStatusForDeletedBlockLogImpl] DEBUG block.DeletedBlockLogImpl (DeletedBlockLogImpl.java:commitTransactions(224)) - Transaction txId=30 commit by dnId=b13dbf35-3f05-4a51-87e4-7670ffffb89b for containerID=#30 failed. Corresponding entry not found.
2021-08-10 12:16:28,849 [EventQueue-DeleteBlockStatusForDeletedBlockLogImpl] DEBUG block.DeletedBlockLogImpl (DeletedBlockLogImpl.java:isTransactionFailed(278)) - Got block deletion ACK from datanode, TXIDs=31, success=true
2021-08-10 12:16:28,849 [EventQueue-DeleteBlockStatusForDeletedBlockLogImpl] DEBUG block.DeletedBlockLogImpl (DeletedBlockLogImpl.java:commitTransactions(224)) - Transaction txId=31 commit by dnId=b13dbf35-3f05-4a51-87e4-7670ffffb89b for containerID=#31 failed. Corresponding entry not found.
2021-08-10 12:16:28,849 [EventQueue-DeleteBlockStatusForDeletedBlockLogImpl] DEBUG block.DeletedBlockLogImpl (DeletedBlockLogImpl.java:isTransactionFailed(278)) - Got block deletion ACK from datanode, TXIDs=32, success=true
2021-08-10 12:16:28,849 [EventQueue-DeleteBlockStatusForDeletedBlockLogImpl] DEBUG block.DeletedBlockLogImpl (DeletedBlockLogImpl.java:commitTransactions(224)) - Transaction txId=32 commit by dnId=b13dbf35-3f05-4a51-87e4-7670ffffb89b for containerID=#32 failed. Corresponding entry not found.
2021-08-10 12:16:28,849 [EventQueue-DeleteBlockStatusForDeletedBlockLogImpl] DEBUG block.DeletedBlockLogImpl (DeletedBlockLogImpl.java:isTransactionFailed(278)) - Got block deletion ACK from datanode, TXIDs=33, success=true
2021-08-10 12:16:28,849 [EventQueue-DeleteBlockStatusForDeletedBlockLogImpl] DEBUG block.DeletedBlockLogImpl (DeletedBlockLogImpl.java:commitTransactions(224)) - Transaction txId=33 commit by dnId=b13dbf35-3f05-4a51-87e4-7670ffffb89b for containerID=#33 failed. Corresponding entry not found.
2021-08-10 12:16:28,849 [EventQueue-DeleteBlockStatusForDeletedBlockLogImpl] DEBUG block.DeletedBlockLogImpl (DeletedBlockLogImpl.java:isTransactionFailed(278)) - Got block deletion ACK from datanode, TXIDs=34, success=true
2021-08-10 12:16:28,850 [EventQueue-DeleteBlockStatusForDeletedBlockLogImpl] DEBUG block.DeletedBlockLogImpl (DeletedBlockLogImpl.java:commitTransactions(224)) - Transaction txId=34 commit by dnId=b13dbf35-3f05-4a51-87e4-7670ffffb89b for containerID=#34 failed. Corresponding entry not found.
2021-08-10 12:16:28,850 [EventQueue-DeleteBlockStatusForDeletedBlockLogImpl] DEBUG block.DeletedBlockLogImpl (DeletedBlockLogImpl.java:isTransactionFailed(278)) - Got block deletion ACK from datanode, TXIDs=35, success=true
2021-08-10 12:16:28,850 [EventQueue-DeleteBlockStatusForDeletedBlockLogImpl] DEBUG block.DeletedBlockLogImpl (DeletedBlockLogImpl.java:commitTransactions(224)) - Transaction txId=35 commit by dnId=b13dbf35-3f05-4a51-87e4-7670ffffb89b for containerID=#35 failed. Corresponding entry not found.
2021-08-10 12:16:28,850 [EventQueue-DeleteBlockStatusForDeletedBlockLogImpl] DEBUG block.DeletedBlockLogImpl (DeletedBlockLogImpl.java:isTransactionFailed(278)) - Got block deletion ACK from datanode, TXIDs=36, success=true
2021-08-10 12:16:28,850 [EventQueue-DeleteBlockStatusForDeletedBlockLogImpl] DEBUG block.DeletedBlockLogImpl (DeletedBlockLogImpl.java:commitTransactions(224)) - Transaction txId=36 commit by dnId=b13dbf35-3f05-4a51-87e4-7670ffffb89b for containerID=#36 failed. Corresponding entry not found.
2021-08-10 12:16:28,850 [EventQueue-DeleteBlockStatusForDeletedBlockLogImpl] DEBUG block.DeletedBlockLogImpl (DeletedBlockLogImpl.java:isTransactionFailed(278)) - Got block deletion ACK from datanode, TXIDs=37, success=true
2021-08-10 12:16:28,850 [EventQueue-DeleteBlockStatusForDeletedBlockLogImpl] DEBUG block.DeletedBlockLogImpl (DeletedBlockLogImpl.java:commitTransactions(224)) - Transaction txId=37 commit by dnId=b13dbf35-3f05-4a51-87e4-7670ffffb89b for containerID=#37 failed. Corresponding entry not found.
2021-08-10 12:16:28,850 [EventQueue-DeleteBlockStatusForDeletedBlockLogImpl] DEBUG block.DeletedBlockLogImpl (DeletedBlockLogImpl.java:isTransactionFailed(278)) - Got block deletion ACK from datanode, TXIDs=38, success=true
2021-08-10 12:16:28,850 [EventQueue-DeleteBlockStatusForDeletedBlockLogImpl] DEBUG block.DeletedBlockLogImpl (DeletedBlockLogImpl.java:commitTransactions(224)) - Transaction txId=38 commit by dnId=b13dbf35-3f05-4a51-87e4-7670ffffb89b for containerID=#38 failed. Corresponding entry not found.
2021-08-10 12:16:28,850 [EventQueue-DeleteBlockStatusForDeletedBlockLogImpl] DEBUG block.DeletedBlockLogImpl (DeletedBlockLogImpl.java:isTransactionFailed(278)) - Got block deletion ACK from datanode, TXIDs=39, success=true
2021-08-10 12:16:28,858 [EventQueue-DeleteBlockStatusForDeletedBlockLogImpl] DEBUG block.DeletedBlockLogImpl (DeletedBlockLogImpl.java:commitTransactions(224)) - Transaction txId=39 commit by dnId=b13dbf35-3f05-4a51-87e4-7670ffffb89b for containerID=#39 failed. Corresponding entry not found.
2021-08-10 12:16:28,859 [EventQueue-DeleteBlockStatusForDeletedBlockLogImpl] DEBUG block.DeletedBlockLogImpl (DeletedBlockLogImpl.java:isTransactionFailed(278)) - Got block deletion ACK from datanode, TXIDs=40, success=true
2021-08-10 12:16:28,859 [EventQueue-DeleteBlockStatusForDeletedBlockLogImpl] DEBUG block.DeletedBlockLogImpl (DeletedBlockLogImpl.java:commitTransactions(224)) - Transaction txId=40 commit by dnId=b13dbf35-3f05-4a51-87e4-7670ffffb89b for containerID=#40 failed. Corresponding entry not found.
2021-08-10 12:16:28,859 [EventQueue-DeleteBlockStatusForDeletedBlockLogImpl] DEBUG block.DeletedBlockLogImpl (DeletedBlockLogImpl.java:isTransactionFailed(278)) - Got block deletion ACK from datanode, TXIDs=41, success=true
2021-08-10 12:16:28,859 [EventQueue-DeleteBlockStatusForDeletedBlockLogImpl] DEBUG block.DeletedBlockLogImpl (DeletedBlockLogImpl.java:commitTransactions(224)) - Transaction txId=41 commit by dnId=b13dbf35-3f05-4a51-87e4-7670ffffb89b for containerID=#41 failed. Corresponding entry not found.
2021-08-10 12:16:28,859 [EventQueue-DeleteBlockStatusForDeletedBlockLogImpl] DEBUG block.DeletedBlockLogImpl (DeletedBlockLogImpl.java:isTransactionFailed(278)) - Got block deletion ACK from datanode, TXIDs=42, success=true
2021-08-10 12:16:28,859 [EventQueue-DeleteBlockStatusForDeletedBlockLogImpl] DEBUG block.DeletedBlockLogImpl (DeletedBlockLogImpl.java:commitTransactions(224)) - Transaction txId=42 commit by dnId=b13dbf35-3f05-4a51-87e4-7670ffffb89b for containerID=#42 failed. Corresponding entry not found.
2021-08-10 12:16:28,862 [EventQueue-DeleteBlockStatusForDeletedBlockLogImpl] DEBUG block.DeletedBlockLogImpl (DeletedBlockLogImpl.java:isTransactionFailed(278)) - Got block deletion ACK from datanode, TXIDs=43, success=true
2021-08-10 12:16:28,863 [EventQueue-DeleteBlockStatusForDeletedBlockLogImpl] DEBUG block.DeletedBlockLogImpl (DeletedBlockLogImpl.java:commitTransactions(224)) - Transaction txId=43 commit by dnId=b13dbf35-3f05-4a51-87e4-7670ffffb89b for containerID=#43 failed. Corresponding entry not found.
2021-08-10 12:16:28,863 [EventQueue-DeleteBlockStatusForDeletedBlockLogImpl] DEBUG block.DeletedBlockLogImpl (DeletedBlockLogImpl.java:isTransactionFailed(278)) - Got block deletion ACK from datanode, TXIDs=44, success=true
2021-08-10 12:16:28,863 [EventQueue-DeleteBlockStatusForDeletedBlockLogImpl] DEBUG block.DeletedBlockLogImpl (DeletedBlockLogImpl.java:commitTransactions(224)) - Transaction txId=44 commit by dnId=b13dbf35-3f05-4a51-87e4-7670ffffb89b for containerID=#44 failed. Corresponding entry not found.
2021-08-10 12:16:28,863 [EventQueue-DeleteBlockStatusForDeletedBlockLogImpl] DEBUG block.DeletedBlockLogImpl (DeletedBlockLogImpl.java:isTransactionFailed(278)) - Got block deletion ACK from datanode, TXIDs=45, success=true
2021-08-10 12:16:28,863 [EventQueue-DeleteBlockStatusForDeletedBlockLogImpl] DEBUG block.DeletedBlockLogImpl (DeletedBlockLogImpl.java:commitTransactions(224)) - Transaction txId=45 commit by dnId=b13dbf35-3f05-4a51-87e4-7670ffffb89b for containerID=#45 failed. Corresponding entry not found.
2021-08-10 12:16:28,863 [EventQueue-DeleteBlockStatusForDeletedBlockLogImpl] DEBUG block.DeletedBlockLogImpl (DeletedBlockLogImpl.java:isTransactionFailed(278)) - Got block deletion ACK from datanode, TXIDs=46, success=true
2021-08-10 12:16:28,863 [EventQueue-DeleteBlockStatusForDeletedBlockLogImpl] DEBUG block.DeletedBlockLogImpl (DeletedBlockLogImpl.java:commitTransactions(224)) - Transaction txId=46 commit by dnId=b13dbf35-3f05-4a51-87e4-7670ffffb89b for containerID=#46 failed. Corresponding entry not found.
2021-08-10 12:16:28,863 [EventQueue-DeleteBlockStatusForDeletedBlockLogImpl] DEBUG block.DeletedBlockLogImpl (DeletedBlockLogImpl.java:isTransactionFailed(278)) - Got block deletion ACK from datanode, TXIDs=47, success=true
2021-08-10 12:16:28,863 [EventQueue-DeleteBlockStatusForDeletedBlockLogImpl] DEBUG block.DeletedBlockLogImpl (DeletedBlockLogImpl.java:commitTransactions(224)) - Transaction txId=47 commit by dnId=b13dbf35-3f05-4a51-87e4-7670ffffb89b for containerID=#47 failed. Corresponding entry not found.
2021-08-10 12:16:28,863 [EventQueue-DeleteBlockStatusForDeletedBlockLogImpl] DEBUG block.DeletedBlockLogImpl (DeletedBlockLogImpl.java:isTransactionFailed(278)) - Got block deletion ACK from datanode, TXIDs=48, success=true
2021-08-10 12:16:28,863 [EventQueue-DeleteBlockStatusForDeletedBlockLogImpl] DEBUG block.DeletedBlockLogImpl (DeletedBlockLogImpl.java:commitTransactions(224)) - Transaction txId=48 commit by dnId=b13dbf35-3f05-4a51-87e4-7670ffffb89b for containerID=#48 failed. Corresponding entry not found.
2021-08-10 12:16:28,863 [EventQueue-DeleteBlockStatusForDeletedBlockLogImpl] DEBUG block.DeletedBlockLogImpl (DeletedBlockLogImpl.java:isTransactionFailed(278)) - Got block deletion ACK from datanode, TXIDs=49, success=true
2021-08-10 12:16:28,863 [EventQueue-DeleteBlockStatusForDeletedBlockLogImpl] DEBUG block.DeletedBlockLogImpl (DeletedBlockLogImpl.java:commitTransactions(224)) - Transaction txId=49 commit by dnId=b13dbf35-3f05-4a51-87e4-7670ffffb89b for containerID=#49 failed. Corresponding entry not found.
2021-08-10 12:16:28,863 [EventQueue-DeleteBlockStatusForDeletedBlockLogImpl] DEBUG block.DeletedBlockLogImpl (DeletedBlockLogImpl.java:isTransactionFailed(278)) - Got block deletion ACK from datanode, TXIDs=50, success=true
2021-08-10 12:16:28,863 [EventQueue-DeleteBlockStatusForDeletedBlockLogImpl] DEBUG block.DeletedBlockLogImpl (DeletedBlockLogImpl.java:commitTransactions(224)) - Transaction txId=50 commit by dnId=b13dbf35-3f05-4a51-87e4-7670ffffb89b for containerID=#50 failed. Corresponding entry not found.
2021-08-10 12:16:28,863 [EventQueue-DeleteBlockStatusForDeletedBlockLogImpl] DEBUG block.DeletedBlockLogImpl (DeletedBlockLogImpl.java:isTransactionFailed(278)) - Got block deletion ACK from datanode, TXIDs=51, success=true
2021-08-10 12:16:28,863 [EventQueue-DeleteBlockStatusForDeletedBlockLogImpl] DEBUG block.DeletedBlockLogImpl (DeletedBlockLogImpl.java:commitTransactions(224)) - Transaction txId=51 commit by dnId=b13dbf35-3f05-4a51-87e4-7670ffffb89b for containerID=#51 failed. Corresponding entry not found.
2021-08-10 12:16:28,863 [EventQueue-DeleteBlockStatusForDeletedBlockLogImpl] DEBUG block.DeletedBlockLogImpl (DeletedBlockLogImpl.java:isTransactionFailed(278)) - Got block deletion ACK from datanode, TXIDs=52, success=true
2021-08-10 12:16:28,863 [EventQueue-DeleteBlockStatusForDeletedBlockLogImpl] DEBUG block.DeletedBlockLogImpl (DeletedBlockLogImpl.java:commitTransactions(224)) - Transaction txId=52 commit by dnId=b13dbf35-3f05-4a51-87e4-7670ffffb89b for containerID=#52 failed. Corresponding entry not found.
2021-08-10 12:16:28,863 [EventQueue-DeleteBlockStatusForDeletedBlockLogImpl] DEBUG block.DeletedBlockLogImpl (DeletedBlockLogImpl.java:isTransactionFailed(278)) - Got block deletion ACK from datanode, TXIDs=53, success=true
2021-08-10 12:16:28,863 [EventQueue-DeleteBlockStatusForDeletedBlockLogImpl] DEBUG block.DeletedBlockLogImpl (DeletedBlockLogImpl.java:commitTransactions(224)) - Transaction txId=53 commit by dnId=b13dbf35-3f05-4a51-87e4-7670ffffb89b for containerID=#53 failed. Corresponding entry not found.
2021-08-10 12:16:28,863 [EventQueue-DeleteBlockStatusForDeletedBlockLogImpl] DEBUG block.DeletedBlockLogImpl (DeletedBlockLogImpl.java:isTransactionFailed(278)) - Got block deletion ACK from datanode, TXIDs=54, success=true
2021-08-10 12:16:28,863 [EventQueue-DeleteBlockStatusForDeletedBlockLogImpl] DEBUG block.DeletedBlockLogImpl (DeletedBlockLogImpl.java:commitTransactions(224)) - Transaction txId=54 commit by dnId=b13dbf35-3f05-4a51-87e4-7670ffffb89b for containerID=#54 failed. Corresponding entry not found.
2021-08-10 12:16:28,863 [EventQueue-DeleteBlockStatusForDeletedBlockLogImpl] DEBUG block.DeletedBlockLogImpl (DeletedBlockLogImpl.java:isTransactionFailed(278)) - Got block deletion ACK from datanode, TXIDs=55, success=true
2021-08-10 12:16:28,863 [EventQueue-DeleteBlockStatusForDeletedBlockLogImpl] DEBUG block.DeletedBlockLogImpl (DeletedBlockLogImpl.java:commitTransactions(224)) - Transaction txId=55 commit by dnId=b13dbf35-3f05-4a51-87e4-7670ffffb89b for containerID=#55 failed. Corresponding entry not found.
2021-08-10 12:16:28,863 [EventQueue-DeleteBlockStatusForDeletedBlockLogImpl] DEBUG block.DeletedBlockLogImpl (DeletedBlockLogImpl.java:isTransactionFailed(278)) - Got block deletion ACK from datanode, TXIDs=56, success=true
2021-08-10 12:16:28,863 [EventQueue-DeleteBlockStatusForDeletedBlockLogImpl] DEBUG block.DeletedBlockLogImpl (DeletedBlockLogImpl.java:commitTransactions(224)) - Transaction txId=56 commit by dnId=b13dbf35-3f05-4a51-87e4-7670ffffb89b for containerID=#56 failed. Corresponding entry not found.
2021-08-10 12:16:28,867 [EventQueue-DeleteBlockStatusForDeletedBlockLogImpl] DEBUG block.DeletedBlockLogImpl (DeletedBlockLogImpl.java:isTransactionFailed(278)) - Got block deletion ACK from datanode, TXIDs=1, success=true
2021-08-10 12:16:28,867 [EventQueue-DeleteBlockStatusForDeletedBlockLogImpl] DEBUG block.DeletedBlockLogImpl (DeletedBlockLogImpl.java:commitTransactions(224)) - Transaction txId=1 commit by dnId=b13dbf35-3f05-4a51-87e4-7670ffffb89b for containerID=#1 failed. Corresponding entry not found.
2021-08-10 12:16:28,867 [EventQueue-DeleteBlockStatusForDeletedBlockLogImpl] DEBUG block.DeletedBlockLogImpl (DeletedBlockLogImpl.java:isTransactionFailed(278)) - Got block deletion ACK from datanode, TXIDs=2, success=true
2021-08-10 12:16:28,867 [EventQueue-DeleteBlockStatusForDeletedBlockLogImpl] DEBUG block.DeletedBlockLogImpl (DeletedBlockLogImpl.java:commitTransactions(224)) - Transaction txId=2 commit by dnId=b13dbf35-3f05-4a51-87e4-7670ffffb89b for containerID=#2 failed. Corresponding entry not found.
2021-08-10 12:16:28,867 [EventQueue-DeleteBlockStatusForDeletedBlockLogImpl] DEBUG block.DeletedBlockLogImpl (DeletedBlockLogImpl.java:isTransactionFailed(278)) - Got block deletion ACK from datanode, TXIDs=3, success=true
2021-08-10 12:16:28,867 [EventQueue-DeleteBlockStatusForDeletedBlockLogImpl] DEBUG block.DeletedBlockLogImpl (DeletedBlockLogImpl.java:commitTransactions(224)) - Transaction txId=3 commit by dnId=b13dbf35-3f05-4a51-87e4-7670ffffb89b for containerID=#3 failed. Corresponding entry not found.
2021-08-10 12:16:28,867 [EventQueue-DeleteBlockStatusForDeletedBlockLogImpl] DEBUG block.DeletedBlockLogImpl (DeletedBlockLogImpl.java:isTransactionFailed(278)) - Got block deletion ACK from datanode, TXIDs=4, success=true
2021-08-10 12:16:28,867 [EventQueue-DeleteBlockStatusForDeletedBlockLogImpl] DEBUG block.DeletedBlockLogImpl (DeletedBlockLogImpl.java:commitTransactions(224)) - Transaction txId=4 commit by dnId=b13dbf35-3f05-4a51-87e4-7670ffffb89b for containerID=#4 failed. Corresponding entry not found.
2021-08-10 12:16:28,867 [EventQueue-DeleteBlockStatusForDeletedBlockLogImpl] DEBUG block.DeletedBlockLogImpl (DeletedBlockLogImpl.java:isTransactionFailed(278)) - Got block deletion ACK from datanode, TXIDs=5, success=true
2021-08-10 12:16:28,867 [EventQueue-DeleteBlockStatusForDeletedBlockLogImpl] DEBUG block.DeletedBlockLogImpl (DeletedBlockLogImpl.java:commitTransactions(224)) - Transaction txId=5 commit by dnId=b13dbf35-3f05-4a51-87e4-7670ffffb89b for containerID=#5 failed. Corresponding entry not found.
2021-08-10 12:16:28,867 [EventQueue-DeleteBlockStatusForDeletedBlockLogImpl] DEBUG block.DeletedBlockLogImpl (DeletedBlockLogImpl.java:isTransactionFailed(278)) - Got block deletion ACK from datanode, TXIDs=6, success=true
2021-08-10 12:16:28,867 [EventQueue-DeleteBlockStatusForDeletedBlockLogImpl] DEBUG block.DeletedBlockLogImpl (DeletedBlockLogImpl.java:commitTransactions(224)) - Transaction txId=6 commit by dnId=b13dbf35-3f05-4a51-87e4-7670ffffb89b for containerID=#6 failed. Corresponding entry not found.
2021-08-10 12:16:28,867 [EventQueue-DeleteBlockStatusForDeletedBlockLogImpl] DEBUG block.DeletedBlockLogImpl (DeletedBlockLogImpl.java:isTransactionFailed(278)) - Got block deletion ACK from datanode, TXIDs=7, success=true
2021-08-10 12:16:28,867 [EventQueue-DeleteBlockStatusForDeletedBlockLogImpl] DEBUG block.DeletedBlockLogImpl (DeletedBlockLogImpl.java:commitTransactions(224)) - Transaction txId=7 commit by dnId=b13dbf35-3f05-4a51-87e4-7670ffffb89b for containerID=#7 failed. Corresponding entry not found.
2021-08-10 12:16:28,867 [EventQueue-DeleteBlockStatusForDeletedBlockLogImpl] DEBUG block.DeletedBlockLogImpl (DeletedBlockLogImpl.java:isTransactionFailed(278)) - Got block deletion ACK from datanode, TXIDs=8, success=true
2021-08-10 12:16:28,867 [EventQueue-DeleteBlockStatusForDeletedBlockLogImpl] DEBUG block.DeletedBlockLogImpl (DeletedBlockLogImpl.java:commitTransactions(224)) - Transaction txId=8 commit by dnId=b13dbf35-3f05-4a51-87e4-7670ffffb89b for containerID=#8 failed. Corresponding entry not found.
2021-08-10 12:16:28,867 [EventQueue-DeleteBlockStatusForDeletedBlockLogImpl] DEBUG block.DeletedBlockLogImpl (DeletedBlockLogImpl.java:isTransactionFailed(278)) - Got block deletion ACK from datanode, TXIDs=9, success=true
2021-08-10 12:16:28,867 [EventQueue-DeleteBlockStatusForDeletedBlockLogImpl] DEBUG block.DeletedBlockLogImpl (DeletedBlockLogImpl.java:commitTransactions(224)) - Transaction txId=9 commit by dnId=b13dbf35-3f05-4a51-87e4-7670ffffb89b for containerID=#9 failed. Corresponding entry not found.
2021-08-10 12:16:28,867 [EventQueue-DeleteBlockStatusForDeletedBlockLogImpl] DEBUG block.DeletedBlockLogImpl (DeletedBlockLogImpl.java:isTransactionFailed(278)) - Got block deletion ACK from datanode, TXIDs=10, success=true
2021-08-10 12:16:28,867 [EventQueue-DeleteBlockStatusForDeletedBlockLogImpl] DEBUG block.DeletedBlockLogImpl (DeletedBlockLogImpl.java:commitTransactions(224)) - Transaction txId=10 commit by dnId=b13dbf35-3f05-4a51-87e4-7670ffffb89b for containerID=#10 failed. Corresponding entry not found.
2021-08-10 12:16:28,867 [EventQueue-DeleteBlockStatusForDeletedBlockLogImpl] DEBUG block.DeletedBlockLogImpl (DeletedBlockLogImpl.java:isTransactionFailed(278)) - Got block deletion ACK from datanode, TXIDs=11, success=true
2021-08-10 12:16:28,867 [EventQueue-DeleteBlockStatusForDeletedBlockLogImpl] DEBUG block.DeletedBlockLogImpl (DeletedBlockLogImpl.java:commitTransactions(224)) - Transaction txId=11 commit by dnId=b13dbf35-3f05-4a51-87e4-7670ffffb89b for containerID=#11 failed. Corresponding entry not found.
2021-08-10 12:16:28,867 [EventQueue-DeleteBlockStatusForDeletedBlockLogImpl] DEBUG block.DeletedBlockLogImpl (DeletedBlockLogImpl.java:isTransactionFailed(278)) - Got block deletion ACK from datanode, TXIDs=12, success=true
2021-08-10 12:16:28,867 [EventQueue-DeleteBlockStatusForDeletedBlockLogImpl] DEBUG block.DeletedBlockLogImpl (DeletedBlockLogImpl.java:commitTransactions(224)) - Transaction txId=12 commit by dnId=b13dbf35-3f05-4a51-87e4-7670ffffb89b for containerID=#12 failed. Corresponding entry not found.
2021-08-10 12:16:28,867 [EventQueue-DeleteBlockStatusForDeletedBlockLogImpl] DEBUG block.DeletedBlockLogImpl (DeletedBlockLogImpl.java:isTransactionFailed(278)) - Got block deletion ACK from datanode, TXIDs=13, success=true
2021-08-10 12:16:28,867 [EventQueue-DeleteBlockStatusForDeletedBlockLogImpl] DEBUG block.DeletedBlockLogImpl (DeletedBlockLogImpl.java:commitTransactions(224)) - Transaction txId=13 commit by dnId=b13dbf35-3f05-4a51-87e4-7670ffffb89b for containerID=#13 failed. Corresponding entry not found.
2021-08-10 12:16:28,867 [EventQueue-DeleteBlockStatusForDeletedBlockLogImpl] DEBUG block.DeletedBlockLogImpl (DeletedBlockLogImpl.java:isTransactionFailed(278)) - Got block deletion ACK from datanode, TXIDs=14, success=true
2021-08-10 12:16:28,867 [EventQueue-DeleteBlockStatusForDeletedBlockLogImpl] DEBUG block.DeletedBlockLogImpl (DeletedBlockLogImpl.java:commitTransactions(224)) - Transaction txId=14 commit by dnId=b13dbf35-3f05-4a51-87e4-7670ffffb89b for containerID=#14 failed. Corresponding entry not found.
2021-08-10 12:16:28,867 [EventQueue-DeleteBlockStatusForDeletedBlockLogImpl] DEBUG block.DeletedBlockLogImpl (DeletedBlockLogImpl.java:isTransactionFailed(278)) - Got block deletion ACK from datanode, TXIDs=15, success=true
2021-08-10 12:16:28,867 [EventQueue-DeleteBlockStatusForDeletedBlockLogImpl] DEBUG block.DeletedBlockLogImpl (DeletedBlockLogImpl.java:commitTransactions(224)) - Transaction txId=15 commit by dnId=b13dbf35-3f05-4a51-87e4-7670ffffb89b for containerID=#15 failed. Corresponding entry not found.
2021-08-10 12:16:28,867 [EventQueue-DeleteBlockStatusForDeletedBlockLogImpl] DEBUG block.DeletedBlockLogImpl (DeletedBlockLogImpl.java:isTransactionFailed(278)) - Got block deletion ACK from datanode, TXIDs=16, success=true
2021-08-10 12:16:28,867 [EventQueue-DeleteBlockStatusForDeletedBlockLogImpl] DEBUG block.DeletedBlockLogImpl (DeletedBlockLogImpl.java:commitTransactions(224)) - Transaction txId=16 commit by dnId=b13dbf35-3f05-4a51-87e4-7670ffffb89b for containerID=#16 failed. Corresponding entry not found.
2021-08-10 12:16:28,867 [EventQueue-DeleteBlockStatusForDeletedBlockLogImpl] DEBUG block.DeletedBlockLogImpl (DeletedBlockLogImpl.java:isTransactionFailed(278)) - Got block deletion ACK from datanode, TXIDs=17, success=true
2021-08-10 12:16:28,867 [EventQueue-DeleteBlockStatusForDeletedBlockLogImpl] DEBUG block.DeletedBlockLogImpl (DeletedBlockLogImpl.java:commitTransactions(224)) - Transaction txId=17 commit by dnId=b13dbf35-3f05-4a51-87e4-7670ffffb89b for containerID=#17 failed. Corresponding entry not found.
2021-08-10 12:16:28,867 [EventQueue-DeleteBlockStatusForDeletedBlockLogImpl] DEBUG block.DeletedBlockLogImpl (DeletedBlockLogImpl.java:isTransactionFailed(278)) - Got block deletion ACK from datanode, TXIDs=18, success=true
2021-08-10 12:16:28,867 [EventQueue-DeleteBlockStatusForDeletedBlockLogImpl] DEBUG block.DeletedBlockLogImpl (DeletedBlockLogImpl.java:commitTransactions(224)) - Transaction txId=18 commit by dnId=b13dbf35-3f05-4a51-87e4-7670ffffb89b for containerID=#18 failed. Corresponding entry not found.
2021-08-10 12:16:28,867 [EventQueue-DeleteBlockStatusForDeletedBlockLogImpl] DEBUG block.DeletedBlockLogImpl (DeletedBlockLogImpl.java:isTransactionFailed(278)) - Got block deletion ACK from datanode, TXIDs=19, success=true
2021-08-10 12:16:28,867 [EventQueue-DeleteBlockStatusForDeletedBlockLogImpl] DEBUG block.DeletedBlockLogImpl (DeletedBlockLogImpl.java:commitTransactions(224)) - Transaction txId=19 commit by dnId=b13dbf35-3f05-4a51-87e4-7670ffffb89b for containerID=#19 failed. Corresponding entry not found.
2021-08-10 12:16:28,867 [EventQueue-DeleteBlockStatusForDeletedBlockLogImpl] DEBUG block.DeletedBlockLogImpl (DeletedBlockLogImpl.java:isTransactionFailed(278)) - Got block deletion ACK from datanode, TXIDs=20, success=true
2021-08-10 12:16:28,867 [EventQueue-DeleteBlockStatusForDeletedBlockLogImpl] DEBUG block.DeletedBlockLogImpl (DeletedBlockLogImpl.java:commitTransactions(224)) - Transaction txId=20 commit by dnId=b13dbf35-3f05-4a51-87e4-7670ffffb89b for containerID=#20 failed. Corresponding entry not found.
2021-08-10 12:16:28,867 [EventQueue-DeleteBlockStatusForDeletedBlockLogImpl] DEBUG block.DeletedBlockLogImpl (DeletedBlockLogImpl.java:isTransactionFailed(278)) - Got block deletion ACK from datanode, TXIDs=21, success=true
2021-08-10 12:16:28,867 [EventQueue-DeleteBlockStatusForDeletedBlockLogImpl] DEBUG block.DeletedBlockLogImpl (DeletedBlockLogImpl.java:commitTransactions(224)) - Transaction txId=21 commit by dnId=b13dbf35-3f05-4a51-87e4-7670ffffb89b for containerID=#21 failed. Corresponding entry not found.
2021-08-10 12:16:28,867 [EventQueue-DeleteBlockStatusForDeletedBlockLogImpl] DEBUG block.DeletedBlockLogImpl (DeletedBlockLogImpl.java:isTransactionFailed(278)) - Got block deletion ACK from datanode, TXIDs=22, success=true
2021-08-10 12:16:28,867 [EventQueue-DeleteBlockStatusForDeletedBlockLogImpl] DEBUG block.DeletedBlockLogImpl (DeletedBlockLogImpl.java:commitTransactions(224)) - Transaction txId=22 commit by dnId=b13dbf35-3f05-4a51-87e4-7670ffffb89b for containerID=#22 failed. Corresponding entry not found.
2021-08-10 12:16:28,867 [EventQueue-DeleteBlockStatusForDeletedBlockLogImpl] DEBUG block.DeletedBlockLogImpl (DeletedBlockLogImpl.java:isTransactionFailed(278)) - Got block deletion ACK from datanode, TXIDs=23, success=true
2021-08-10 12:16:28,867 [EventQueue-DeleteBlockStatusForDeletedBlockLogImpl] DEBUG block.DeletedBlockLogImpl (DeletedBlockLogImpl.java:commitTransactions(224)) - Transaction txId=23 commit by dnId=b13dbf35-3f05-4a51-87e4-7670ffffb89b for containerID=#23 failed. Corresponding entry not found.
2021-08-10 12:16:28,867 [EventQueue-DeleteBlockStatusForDeletedBlockLogImpl] DEBUG block.DeletedBlockLogImpl (DeletedBlockLogImpl.java:isTransactionFailed(278)) - Got block deletion ACK from datanode, TXIDs=24, success=true
2021-08-10 12:16:28,867 [EventQueue-DeleteBlockStatusForDeletedBlockLogImpl] DEBUG block.DeletedBlockLogImpl (DeletedBlockLogImpl.java:commitTransactions(224)) - Transaction txId=24 commit by dnId=b13dbf35-3f05-4a51-87e4-7670ffffb89b for containerID=#24 failed. Corresponding entry not found.
2021-08-10 12:16:28,867 [EventQueue-DeleteBlockStatusForDeletedBlockLogImpl] DEBUG block.DeletedBlockLogImpl (DeletedBlockLogImpl.java:isTransactionFailed(278)) - Got block deletion ACK from datanode, TXIDs=25, success=true
2021-08-10 12:16:28,867 [EventQueue-DeleteBlockStatusForDeletedBlockLogImpl] DEBUG block.DeletedBlockLogImpl (DeletedBlockLogImpl.java:commitTransactions(224)) - Transaction txId=25 commit by dnId=b13dbf35-3f05-4a51-87e4-7670ffffb89b for containerID=#25 failed. Corresponding entry not found.
2021-08-10 12:16:28,868 [EventQueue-DeleteBlockStatusForDeletedBlockLogImpl] DEBUG block.DeletedBlockLogImpl (DeletedBlockLogImpl.java:isTransactionFailed(278)) - Got block deletion ACK from datanode, TXIDs=26, success=true
2021-08-10 12:16:28,868 [EventQueue-DeleteBlockStatusForDeletedBlockLogImpl] DEBUG block.DeletedBlockLogImpl (DeletedBlockLogImpl.java:commitTransactions(224)) - Transaction txId=26 commit by dnId=b13dbf35-3f05-4a51-87e4-7670ffffb89b for containerID=#26 failed. Corresponding entry not found.
2021-08-10 12:16:28,868 [EventQueue-DeleteBlockStatusForDeletedBlockLogImpl] DEBUG block.DeletedBlockLogImpl (DeletedBlockLogImpl.java:isTransactionFailed(278)) - Got block deletion ACK from datanode, TXIDs=27, success=true
2021-08-10 12:16:28,868 [EventQueue-DeleteBlockStatusForDeletedBlockLogImpl] DEBUG block.DeletedBlockLogImpl (DeletedBlockLogImpl.java:commitTransactions(224)) - Transaction txId=27 commit by dnId=b13dbf35-3f05-4a51-87e4-7670ffffb89b for containerID=#27 failed. Corresponding entry not found.
2021-08-10 12:16:28,868 [EventQueue-DeleteBlockStatusForDeletedBlockLogImpl] DEBUG block.DeletedBlockLogImpl (DeletedBlockLogImpl.java:isTransactionFailed(278)) - Got block deletion ACK from datanode, TXIDs=28, success=true
2021-08-10 12:16:28,868 [EventQueue-DeleteBlockStatusForDeletedBlockLogImpl] DEBUG block.DeletedBlockLogImpl (DeletedBlockLogImpl.java:commitTransactions(224)) - Transaction txId=28 commit by dnId=b13dbf35-3f05-4a51-87e4-7670ffffb89b for containerID=#28 failed. Corresponding entry not found.
2021-08-10 12:16:28,868 [EventQueue-DeleteBlockStatusForDeletedBlockLogImpl] DEBUG block.DeletedBlockLogImpl (DeletedBlockLogImpl.java:isTransactionFailed(278)) - Got block deletion ACK from datanode, TXIDs=29, success=true
2021-08-10 12:16:28,868 [EventQueue-DeleteBlockStatusForDeletedBlockLogImpl] DEBUG block.DeletedBlockLogImpl (DeletedBlockLogImpl.java:commitTransactions(224)) - Transaction txId=29 commit by dnId=b13dbf35-3f05-4a51-87e4-7670ffffb89b for containerID=#29 failed. Corresponding entry not found.
2021-08-10 12:16:28,868 [EventQueue-DeleteBlockStatusForDeletedBlockLogImpl] DEBUG block.DeletedBlockLogImpl (DeletedBlockLogImpl.java:isTransactionFailed(278)) - Got block deletion ACK from datanode, TXIDs=30, success=true
2021-08-10 12:16:28,868 [EventQueue-DeleteBlockStatusForDeletedBlockLogImpl] DEBUG block.DeletedBlockLogImpl (DeletedBlockLogImpl.java:commitTransactions(224)) - Transaction txId=30 commit by dnId=b13dbf35-3f05-4a51-87e4-7670ffffb89b for containerID=#30 failed. Corresponding entry not found.
2021-08-10 12:16:28,868 [EventQueue-DeleteBlockStatusForDeletedBlockLogImpl] DEBUG block.DeletedBlockLogImpl (DeletedBlockLogImpl.java:isTransactionFailed(278)) - Got block deletion ACK from datanode, TXIDs=31, success=true
2021-08-10 12:16:28,868 [EventQueue-DeleteBlockStatusForDeletedBlockLogImpl] DEBUG block.DeletedBlockLogImpl (DeletedBlockLogImpl.java:commitTransactions(224)) - Transaction txId=31 commit by dnId=b13dbf35-3f05-4a51-87e4-7670ffffb89b for containerID=#31 failed. Corresponding entry not found.
2021-08-10 12:16:28,868 [EventQueue-DeleteBlockStatusForDeletedBlockLogImpl] DEBUG block.DeletedBlockLogImpl (DeletedBlockLogImpl.java:isTransactionFailed(278)) - Got block deletion ACK from datanode, TXIDs=32, success=true
2021-08-10 12:16:28,868 [EventQueue-DeleteBlockStatusForDeletedBlockLogImpl] DEBUG block.DeletedBlockLogImpl (DeletedBlockLogImpl.java:commitTransactions(224)) - Transaction txId=32 commit by dnId=b13dbf35-3f05-4a51-87e4-7670ffffb89b for containerID=#32 failed. Corresponding entry not found.
2021-08-10 12:16:28,868 [EventQueue-DeleteBlockStatusForDeletedBlockLogImpl] DEBUG block.DeletedBlockLogImpl (DeletedBlockLogImpl.java:isTransactionFailed(278)) - Got block deletion ACK from datanode, TXIDs=33, success=true
2021-08-10 12:16:28,868 [EventQueue-DeleteBlockStatusForDeletedBlockLogImpl] DEBUG block.DeletedBlockLogImpl (DeletedBlockLogImpl.java:commitTransactions(224)) - Transaction txId=33 commit by dnId=b13dbf35-3f05-4a51-87e4-7670ffffb89b for containerID=#33 failed. Corresponding entry not found.
2021-08-10 12:16:28,868 [EventQueue-DeleteBlockStatusForDeletedBlockLogImpl] DEBUG block.DeletedBlockLogImpl (DeletedBlockLogImpl.java:isTransactionFailed(278)) - Got block deletion ACK from datanode, TXIDs=34, success=true
2021-08-10 12:16:28,868 [EventQueue-DeleteBlockStatusForDeletedBlockLogImpl] DEBUG block.DeletedBlockLogImpl (DeletedBlockLogImpl.java:commitTransactions(224)) - Transaction txId=34 commit by dnId=b13dbf35-3f05-4a51-87e4-7670ffffb89b for containerID=#34 failed. Corresponding entry not found.
2021-08-10 12:16:28,868 [EventQueue-DeleteBlockStatusForDeletedBlockLogImpl] DEBUG block.DeletedBlockLogImpl (DeletedBlockLogImpl.java:isTransactionFailed(278)) - Got block deletion ACK from datanode, TXIDs=35, success=true
2021-08-10 12:16:28,868 [EventQueue-DeleteBlockStatusForDeletedBlockLogImpl] DEBUG block.DeletedBlockLogImpl (DeletedBlockLogImpl.java:commitTransactions(224)) - Transaction txId=35 commit by dnId=b13dbf35-3f05-4a51-87e4-7670ffffb89b for containerID=#35 failed. Corresponding entry not found.
2021-08-10 12:16:28,868 [EventQueue-DeleteBlockStatusForDeletedBlockLogImpl] DEBUG block.DeletedBlockLogImpl (DeletedBlockLogImpl.java:isTransactionFailed(278)) - Got block deletion ACK from datanode, TXIDs=36, success=true
2021-08-10 12:16:28,868 [EventQueue-DeleteBlockStatusForDeletedBlockLogImpl] DEBUG block.DeletedBlockLogImpl (DeletedBlockLogImpl.java:commitTransactions(224)) - Transaction txId=36 commit by dnId=b13dbf35-3f05-4a51-87e4-7670ffffb89b for containerID=#36 failed. Corresponding entry not found.
2021-08-10 12:16:28,868 [EventQueue-DeleteBlockStatusForDeletedBlockLogImpl] DEBUG block.DeletedBlockLogImpl (DeletedBlockLogImpl.java:isTransactionFailed(278)) - Got block deletion ACK from datanode, TXIDs=37, success=true
2021-08-10 12:16:28,868 [EventQueue-DeleteBlockStatusForDeletedBlockLogImpl] DEBUG block.DeletedBlockLogImpl (DeletedBlockLogImpl.java:commitTransactions(224)) - Transaction txId=37 commit by dnId=b13dbf35-3f05-4a51-87e4-7670ffffb89b for containerID=#37 failed. Corresponding entry not found.
2021-08-10 12:16:28,868 [EventQueue-DeleteBlockStatusForDeletedBlockLogImpl] DEBUG block.DeletedBlockLogImpl (DeletedBlockLogImpl.java:isTransactionFailed(278)) - Got block deletion ACK from datanode, TXIDs=38, success=true
2021-08-10 12:16:28,868 [EventQueue-DeleteBlockStatusForDeletedBlockLogImpl] DEBUG block.DeletedBlockLogImpl (DeletedBlockLogImpl.java:commitTransactions(224)) - Transaction txId=38 commit by dnId=b13dbf35-3f05-4a51-87e4-7670ffffb89b for containerID=#38 failed. Corresponding entry not found.
2021-08-10 12:16:28,868 [EventQueue-DeleteBlockStatusForDeletedBlockLogImpl] DEBUG block.DeletedBlockLogImpl (DeletedBlockLogImpl.java:isTransactionFailed(278)) - Got block deletion ACK from datanode, TXIDs=39, success=true
2021-08-10 12:16:28,868 [EventQueue-DeleteBlockStatusForDeletedBlockLogImpl] DEBUG block.DeletedBlockLogImpl (DeletedBlockLogImpl.java:commitTransactions(224)) - Transaction txId=39 commit by dnId=b13dbf35-3f05-4a51-87e4-7670ffffb89b for containerID=#39 failed. Corresponding entry not found.
2021-08-10 12:16:28,868 [EventQueue-DeleteBlockStatusForDeletedBlockLogImpl] DEBUG block.DeletedBlockLogImpl (DeletedBlockLogImpl.java:isTransactionFailed(278)) - Got block deletion ACK from datanode, TXIDs=40, success=true
2021-08-10 12:16:28,868 [EventQueue-DeleteBlockStatusForDeletedBlockLogImpl] DEBUG block.DeletedBlockLogImpl (DeletedBlockLogImpl.java:commitTransactions(224)) - Transaction txId=40 commit by dnId=b13dbf35-3f05-4a51-87e4-7670ffffb89b for containerID=#40 failed. Corresponding entry not found.
2021-08-10 12:16:28,868 [EventQueue-DeleteBlockStatusForDeletedBlockLogImpl] DEBUG block.DeletedBlockLogImpl (DeletedBlockLogImpl.java:isTransactionFailed(278)) - Got block deletion ACK from datanode, TXIDs=41, success=true
2021-08-10 12:16:28,868 [EventQueue-DeleteBlockStatusForDeletedBlockLogImpl] DEBUG block.DeletedBlockLogImpl (DeletedBlockLogImpl.java:commitTransactions(224)) - Transaction txId=41 commit by dnId=b13dbf35-3f05-4a51-87e4-7670ffffb89b for containerID=#41 failed. Corresponding entry not found.
2021-08-10 12:16:28,868 [EventQueue-DeleteBlockStatusForDeletedBlockLogImpl] DEBUG block.DeletedBlockLogImpl (DeletedBlockLogImpl.java:isTransactionFailed(278)) - Got block deletion ACK from datanode, TXIDs=42, success=true
2021-08-10 12:16:28,868 [EventQueue-DeleteBlockStatusForDeletedBlockLogImpl] DEBUG block.DeletedBlockLogImpl (DeletedBlockLogImpl.java:commitTransactions(224)) - Transaction txId=42 commit by dnId=b13dbf35-3f05-4a51-87e4-7670ffffb89b for containerID=#42 failed. Corresponding entry not found.
2021-08-10 12:16:28,868 [EventQueue-DeleteBlockStatusForDeletedBlockLogImpl] DEBUG block.DeletedBlockLogImpl (DeletedBlockLogImpl.java:isTransactionFailed(278)) - Got block deletion ACK from datanode, TXIDs=43, success=true
2021-08-10 12:16:28,868 [EventQueue-DeleteBlockStatusForDeletedBlockLogImpl] DEBUG block.DeletedBlockLogImpl (DeletedBlockLogImpl.java:commitTransactions(224)) - Transaction txId=43 commit by dnId=b13dbf35-3f05-4a51-87e4-7670ffffb89b for containerID=#43 failed. Corresponding entry not found.
2021-08-10 12:16:28,868 [EventQueue-DeleteBlockStatusForDeletedBlockLogImpl] DEBUG block.DeletedBlockLogImpl (DeletedBlockLogImpl.java:isTransactionFailed(278)) - Got block deletion ACK from datanode, TXIDs=44, success=true
2021-08-10 12:16:28,868 [EventQueue-DeleteBlockStatusForDeletedBlockLogImpl] DEBUG block.DeletedBlockLogImpl (DeletedBlockLogImpl.java:commitTransactions(224)) - Transaction txId=44 commit by dnId=b13dbf35-3f05-4a51-87e4-7670ffffb89b for containerID=#44 failed. Corresponding entry not found.
2021-08-10 12:16:28,868 [EventQueue-DeleteBlockStatusForDeletedBlockLogImpl] DEBUG block.DeletedBlockLogImpl (DeletedBlockLogImpl.java:isTransactionFailed(278)) - Got block deletion ACK from datanode, TXIDs=45, success=true
2021-08-10 12:16:28,868 [EventQueue-DeleteBlockStatusForDeletedBlockLogImpl] DEBUG block.DeletedBlockLogImpl (DeletedBlockLogImpl.java:commitTransactions(224)) - Transaction txId=45 commit by dnId=b13dbf35-3f05-4a51-87e4-7670ffffb89b for containerID=#45 failed. Corresponding entry not found.
2021-08-10 12:16:28,868 [EventQueue-DeleteBlockStatusForDeletedBlockLogImpl] DEBUG block.DeletedBlockLogImpl (DeletedBlockLogImpl.java:isTransactionFailed(278)) - Got block deletion ACK from datanode, TXIDs=46, success=true
2021-08-10 12:16:28,868 [EventQueue-DeleteBlockStatusForDeletedBlockLogImpl] DEBUG block.DeletedBlockLogImpl (DeletedBlockLogImpl.java:commitTransactions(224)) - Transaction txId=46 commit by dnId=b13dbf35-3f05-4a51-87e4-7670ffffb89b for containerID=#46 failed. Corresponding entry not found.
2021-08-10 12:16:28,868 [EventQueue-DeleteBlockStatusForDeletedBlockLogImpl] DEBUG block.DeletedBlockLogImpl (DeletedBlockLogImpl.java:isTransactionFailed(278)) - Got block deletion ACK from datanode, TXIDs=47, success=true
2021-08-10 12:16:28,868 [EventQueue-DeleteBlockStatusForDeletedBlockLogImpl] DEBUG block.DeletedBlockLogImpl (DeletedBlockLogImpl.java:commitTransactions(224)) - Transaction txId=47 commit by dnId=b13dbf35-3f05-4a51-87e4-7670ffffb89b for containerID=#47 failed. Corresponding entry not found.
2021-08-10 12:16:28,868 [EventQueue-DeleteBlockStatusForDeletedBlockLogImpl] DEBUG block.DeletedBlockLogImpl (DeletedBlockLogImpl.java:isTransactionFailed(278)) - Got block deletion ACK from datanode, TXIDs=48, success=true
2021-08-10 12:16:28,868 [EventQueue-DeleteBlockStatusForDeletedBlockLogImpl] DEBUG block.DeletedBlockLogImpl (DeletedBlockLogImpl.java:commitTransactions(224)) - Transaction txId=48 commit by dnId=b13dbf35-3f05-4a51-87e4-7670ffffb89b for containerID=#48 failed. Corresponding entry not found.
2021-08-10 12:16:28,868 [EventQueue-DeleteBlockStatusForDeletedBlockLogImpl] DEBUG block.DeletedBlockLogImpl (DeletedBlockLogImpl.java:isTransactionFailed(278)) - Got block deletion ACK from datanode, TXIDs=49, success=true
2021-08-10 12:16:28,868 [EventQueue-DeleteBlockStatusForDeletedBlockLogImpl] DEBUG block.DeletedBlockLogImpl (DeletedBlockLogImpl.java:commitTransactions(224)) - Transaction txId=49 commit by dnId=b13dbf35-3f05-4a51-87e4-7670ffffb89b for containerID=#49 failed. Corresponding entry not found.
2021-08-10 12:16:28,868 [EventQueue-DeleteBlockStatusForDeletedBlockLogImpl] DEBUG block.DeletedBlockLogImpl (DeletedBlockLogImpl.java:isTransactionFailed(278)) - Got block deletion ACK from datanode, TXIDs=50, success=true
2021-08-10 12:16:28,868 [EventQueue-DeleteBlockStatusForDeletedBlockLogImpl] DEBUG block.DeletedBlockLogImpl (DeletedBlockLogImpl.java:commitTransactions(224)) - Transaction txId=50 commit by dnId=b13dbf35-3f05-4a51-87e4-7670ffffb89b for containerID=#50 failed. Corresponding entry not found.
2021-08-10 12:16:28,868 [EventQueue-DeleteBlockStatusForDeletedBlockLogImpl] DEBUG block.DeletedBlockLogImpl (DeletedBlockLogImpl.java:isTransactionFailed(278)) - Got block deletion ACK from datanode, TXIDs=51, success=true
2021-08-10 12:16:28,868 [EventQueue-DeleteBlockStatusForDeletedBlockLogImpl] DEBUG block.DeletedBlockLogImpl (DeletedBlockLogImpl.java:commitTransactions(224)) - Transaction txId=51 commit by dnId=b13dbf35-3f05-4a51-87e4-7670ffffb89b for containerID=#51 failed. Corresponding entry not found.
2021-08-10 12:16:28,868 [EventQueue-DeleteBlockStatusForDeletedBlockLogImpl] DEBUG block.DeletedBlockLogImpl (DeletedBlockLogImpl.java:isTransactionFailed(278)) - Got block deletion ACK from datanode, TXIDs=52, success=true
2021-08-10 12:16:28,868 [EventQueue-DeleteBlockStatusForDeletedBlockLogImpl] DEBUG block.DeletedBlockLogImpl (DeletedBlockLogImpl.java:commitTransactions(224)) - Transaction txId=52 commit by dnId=b13dbf35-3f05-4a51-87e4-7670ffffb89b for containerID=#52 failed. Corresponding entry not found.
2021-08-10 12:16:28,869 [EventQueue-DeleteBlockStatusForDeletedBlockLogImpl] DEBUG block.DeletedBlockLogImpl (DeletedBlockLogImpl.java:isTransactionFailed(278)) - Got block deletion ACK from datanode, TXIDs=53, success=true
2021-08-10 12:16:28,869 [EventQueue-DeleteBlockStatusForDeletedBlockLogImpl] DEBUG block.DeletedBlockLogImpl (DeletedBlockLogImpl.java:commitTransactions(224)) - Transaction txId=53 commit by dnId=b13dbf35-3f05-4a51-87e4-7670ffffb89b for containerID=#53 failed. Corresponding entry not found.
2021-08-10 12:16:28,869 [EventQueue-DeleteBlockStatusForDeletedBlockLogImpl] DEBUG block.DeletedBlockLogImpl (DeletedBlockLogImpl.java:isTransactionFailed(278)) - Got block deletion ACK from datanode, TXIDs=54, success=true
2021-08-10 12:16:28,869 [EventQueue-DeleteBlockStatusForDeletedBlockLogImpl] DEBUG block.DeletedBlockLogImpl (DeletedBlockLogImpl.java:commitTransactions(224)) - Transaction txId=54 commit by dnId=b13dbf35-3f05-4a51-87e4-7670ffffb89b for containerID=#54 failed. Corresponding entry not found.
2021-08-10 12:16:28,869 [EventQueue-DeleteBlockStatusForDeletedBlockLogImpl] DEBUG block.DeletedBlockLogImpl (DeletedBlockLogImpl.java:isTransactionFailed(278)) - Got block deletion ACK from datanode, TXIDs=55, success=true
2021-08-10 12:16:28,869 [EventQueue-DeleteBlockStatusForDeletedBlockLogImpl] DEBUG block.DeletedBlockLogImpl (DeletedBlockLogImpl.java:commitTransactions(224)) - Transaction txId=55 commit by dnId=b13dbf35-3f05-4a51-87e4-7670ffffb89b for containerID=#55 failed. Corresponding entry not found.
2021-08-10 12:16:28,869 [EventQueue-DeleteBlockStatusForDeletedBlockLogImpl] DEBUG block.DeletedBlockLogImpl (DeletedBlockLogImpl.java:isTransactionFailed(278)) - Got block deletion ACK from datanode, TXIDs=56, success=true
2021-08-10 12:16:28,869 [EventQueue-DeleteBlockStatusForDeletedBlockLogImpl] DEBUG block.DeletedBlockLogImpl (DeletedBlockLogImpl.java:commitTransactions(224)) - Transaction txId=56 commit by dnId=b13dbf35-3f05-4a51-87e4-7670ffffb89b for containerID=#56 failed. Corresponding entry not found.
2021-08-10 12:16:28,869 [EventQueue-DeleteBlockStatusForDeletedBlockLogImpl] DEBUG block.DeletedBlockLogImpl (DeletedBlockLogImpl.java:isTransactionFailed(278)) - Got block deletion ACK from datanode, TXIDs=1, success=true
2021-08-10 12:16:28,869 [EventQueue-DeleteBlockStatusForDeletedBlockLogImpl] DEBUG block.DeletedBlockLogImpl (DeletedBlockLogImpl.java:commitTransactions(224)) - Transaction txId=1 commit by dnId=b13dbf35-3f05-4a51-87e4-7670ffffb89b for containerID=#1 failed. Corresponding entry not found.
2021-08-10 12:16:28,869 [EventQueue-DeleteBlockStatusForDeletedBlockLogImpl] DEBUG block.DeletedBlockLogImpl (DeletedBlockLogImpl.java:isTransactionFailed(278)) - Got block deletion ACK from datanode, TXIDs=2, success=true
2021-08-10 12:16:28,869 [EventQueue-DeleteBlockStatusForDeletedBlockLogImpl] DEBUG block.DeletedBlockLogImpl (DeletedBlockLogImpl.java:commitTransactions(224)) - Transaction txId=2 commit by dnId=b13dbf35-3f05-4a51-87e4-7670ffffb89b for containerID=#2 failed. Corresponding entry not found.
2021-08-10 12:16:28,869 [EventQueue-DeleteBlockStatusForDeletedBlockLogImpl] DEBUG block.DeletedBlockLogImpl (DeletedBlockLogImpl.java:isTransactionFailed(278)) - Got block deletion ACK from datanode, TXIDs=3, success=true
2021-08-10 12:16:28,869 [EventQueue-DeleteBlockStatusForDeletedBlockLogImpl] DEBUG block.DeletedBlockLogImpl (DeletedBlockLogImpl.java:commitTransactions(224)) - Transaction txId=3 commit by dnId=b13dbf35-3f05-4a51-87e4-7670ffffb89b for containerID=#3 failed. Corresponding entry not found.
2021-08-10 12:16:28,869 [EventQueue-DeleteBlockStatusForDeletedBlockLogImpl] DEBUG block.DeletedBlockLogImpl (DeletedBlockLogImpl.java:isTransactionFailed(278)) - Got block deletion ACK from datanode, TXIDs=4, success=true
2021-08-10 12:16:28,869 [EventQueue-DeleteBlockStatusForDeletedBlockLogImpl] DEBUG block.DeletedBlockLogImpl (DeletedBlockLogImpl.java:commitTransactions(224)) - Transaction txId=4 commit by dnId=b13dbf35-3f05-4a51-87e4-7670ffffb89b for containerID=#4 failed. Corresponding entry not found.
2021-08-10 12:16:28,869 [EventQueue-DeleteBlockStatusForDeletedBlockLogImpl] DEBUG block.DeletedBlockLogImpl (DeletedBlockLogImpl.java:isTransactionFailed(278)) - Got block deletion ACK from datanode, TXIDs=5, success=true
2021-08-10 12:16:28,869 [EventQueue-DeleteBlockStatusForDeletedBlockLogImpl] DEBUG block.DeletedBlockLogImpl (DeletedBlockLogImpl.java:commitTransactions(224)) - Transaction txId=5 commit by dnId=b13dbf35-3f05-4a51-87e4-7670ffffb89b for containerID=#5 failed. Corresponding entry not found.
2021-08-10 12:16:28,869 [EventQueue-DeleteBlockStatusForDeletedBlockLogImpl] DEBUG block.DeletedBlockLogImpl (DeletedBlockLogImpl.java:isTransactionFailed(278)) - Got block deletion ACK from datanode, TXIDs=6, success=true
2021-08-10 12:16:28,869 [EventQueue-DeleteBlockStatusForDeletedBlockLogImpl] DEBUG block.DeletedBlockLogImpl (DeletedBlockLogImpl.java:commitTransactions(224)) - Transaction txId=6 commit by dnId=b13dbf35-3f05-4a51-87e4-7670ffffb89b for containerID=#6 failed. Corresponding entry not found.
2021-08-10 12:16:28,869 [EventQueue-DeleteBlockStatusForDeletedBlockLogImpl] DEBUG block.DeletedBlockLogImpl (DeletedBlockLogImpl.java:isTransactionFailed(278)) - Got block deletion ACK from datanode, TXIDs=7, success=true
2021-08-10 12:16:28,869 [EventQueue-DeleteBlockStatusForDeletedBlockLogImpl] DEBUG block.DeletedBlockLogImpl (DeletedBlockLogImpl.java:commitTransactions(224)) - Transaction txId=7 commit by dnId=b13dbf35-3f05-4a51-87e4-7670ffffb89b for containerID=#7 failed. Corresponding entry not found.
2021-08-10 12:16:28,869 [EventQueue-DeleteBlockStatusForDeletedBlockLogImpl] DEBUG block.DeletedBlockLogImpl (DeletedBlockLogImpl.java:isTransactionFailed(278)) - Got block deletion ACK from datanode, TXIDs=8, success=true
2021-08-10 12:16:28,869 [EventQueue-DeleteBlockStatusForDeletedBlockLogImpl] DEBUG block.DeletedBlockLogImpl (DeletedBlockLogImpl.java:commitTransactions(224)) - Transaction txId=8 commit by dnId=b13dbf35-3f05-4a51-87e4-7670ffffb89b for containerID=#8 failed. Corresponding entry not found.
2021-08-10 12:16:28,869 [EventQueue-DeleteBlockStatusForDeletedBlockLogImpl] DEBUG block.DeletedBlockLogImpl (DeletedBlockLogImpl.java:isTransactionFailed(278)) - Got block deletion ACK from datanode, TXIDs=9, success=true
2021-08-10 12:16:28,869 [EventQueue-DeleteBlockStatusForDeletedBlockLogImpl] DEBUG block.DeletedBlockLogImpl (DeletedBlockLogImpl.java:commitTransactions(224)) - Transaction txId=9 commit by dnId=b13dbf35-3f05-4a51-87e4-7670ffffb89b for containerID=#9 failed. Corresponding entry not found.
2021-08-10 12:16:28,869 [EventQueue-DeleteBlockStatusForDeletedBlockLogImpl] DEBUG block.DeletedBlockLogImpl (DeletedBlockLogImpl.java:isTransactionFailed(278)) - Got block deletion ACK from datanode, TXIDs=10, success=true
2021-08-10 12:16:28,869 [EventQueue-DeleteBlockStatusForDeletedBlockLogImpl] DEBUG block.DeletedBlockLogImpl (DeletedBlockLogImpl.java:commitTransactions(224)) - Transaction txId=10 commit by dnId=b13dbf35-3f05-4a51-87e4-7670ffffb89b for containerID=#10 failed. Corresponding entry not found.
2021-08-10 12:16:28,869 [EventQueue-DeleteBlockStatusForDeletedBlockLogImpl] DEBUG block.DeletedBlockLogImpl (DeletedBlockLogImpl.java:isTransactionFailed(278)) - Got block deletion ACK from datanode, TXIDs=11, success=true
2021-08-10 12:16:28,869 [EventQueue-DeleteBlockStatusForDeletedBlockLogImpl] DEBUG block.DeletedBlockLogImpl (DeletedBlockLogImpl.java:commitTransactions(224)) - Transaction txId=11 commit by dnId=b13dbf35-3f05-4a51-87e4-7670ffffb89b for containerID=#11 failed. Corresponding entry not found.
2021-08-10 12:16:28,869 [EventQueue-DeleteBlockStatusForDeletedBlockLogImpl] DEBUG block.DeletedBlockLogImpl (DeletedBlockLogImpl.java:isTransactionFailed(278)) - Got block deletion ACK from datanode, TXIDs=12, success=true
2021-08-10 12:16:28,869 [EventQueue-DeleteBlockStatusForDeletedBlockLogImpl] DEBUG block.DeletedBlockLogImpl (DeletedBlockLogImpl.java:commitTransactions(224)) - Transaction txId=12 commit by dnId=b13dbf35-3f05-4a51-87e4-7670ffffb89b for containerID=#12 failed. Corresponding entry not found.
2021-08-10 12:16:28,869 [EventQueue-DeleteBlockStatusForDeletedBlockLogImpl] DEBUG block.DeletedBlockLogImpl (DeletedBlockLogImpl.java:isTransactionFailed(278)) - Got block deletion ACK from datanode, TXIDs=13, success=true
2021-08-10 12:16:28,869 [EventQueue-DeleteBlockStatusForDeletedBlockLogImpl] DEBUG block.DeletedBlockLogImpl (DeletedBlockLogImpl.java:commitTransactions(224)) - Transaction txId=13 commit by dnId=b13dbf35-3f05-4a51-87e4-7670ffffb89b for containerID=#13 failed. Corresponding entry not found.
2021-08-10 12:16:28,869 [EventQueue-DeleteBlockStatusForDeletedBlockLogImpl] DEBUG block.DeletedBlockLogImpl (DeletedBlockLogImpl.java:isTransactionFailed(278)) - Got block deletion ACK from datanode, TXIDs=14, success=true
2021-08-10 12:16:28,869 [EventQueue-DeleteBlockStatusForDeletedBlockLogImpl] DEBUG block.DeletedBlockLogImpl (DeletedBlockLogImpl.java:commitTransactions(224)) - Transaction txId=14 commit by dnId=b13dbf35-3f05-4a51-87e4-7670ffffb89b for containerID=#14 failed. Corresponding entry not found.
2021-08-10 12:16:28,869 [EventQueue-DeleteBlockStatusForDeletedBlockLogImpl] DEBUG block.DeletedBlockLogImpl (DeletedBlockLogImpl.java:isTransactionFailed(278)) - Got block deletion ACK from datanode, TXIDs=15, success=true
2021-08-10 12:16:28,869 [EventQueue-DeleteBlockStatusForDeletedBlockLogImpl] DEBUG block.DeletedBlockLogImpl (DeletedBlockLogImpl.java:commitTransactions(224)) - Transaction txId=15 commit by dnId=b13dbf35-3f05-4a51-87e4-7670ffffb89b for containerID=#15 failed. Corresponding entry not found.
2021-08-10 12:16:28,869 [EventQueue-DeleteBlockStatusForDeletedBlockLogImpl] DEBUG block.DeletedBlockLogImpl (DeletedBlockLogImpl.java:isTransactionFailed(278)) - Got block deletion ACK from datanode, TXIDs=16, success=true
2021-08-10 12:16:28,869 [EventQueue-DeleteBlockStatusForDeletedBlockLogImpl] DEBUG block.DeletedBlockLogImpl (DeletedBlockLogImpl.java:commitTransactions(224)) - Transaction txId=16 commit by dnId=b13dbf35-3f05-4a51-87e4-7670ffffb89b for containerID=#16 failed. Corresponding entry not found.
2021-08-10 12:16:28,869 [EventQueue-DeleteBlockStatusForDeletedBlockLogImpl] DEBUG block.DeletedBlockLogImpl (DeletedBlockLogImpl.java:isTransactionFailed(278)) - Got block deletion ACK from datanode, TXIDs=17, success=true
2021-08-10 12:16:28,869 [EventQueue-DeleteBlockStatusForDeletedBlockLogImpl] DEBUG block.DeletedBlockLogImpl (DeletedBlockLogImpl.java:commitTransactions(224)) - Transaction txId=17 commit by dnId=b13dbf35-3f05-4a51-87e4-7670ffffb89b for containerID=#17 failed. Corresponding entry not found.
2021-08-10 12:16:28,869 [EventQueue-DeleteBlockStatusForDeletedBlockLogImpl] DEBUG block.DeletedBlockLogImpl (DeletedBlockLogImpl.java:isTransactionFailed(278)) - Got block deletion ACK from datanode, TXIDs=18, success=true
2021-08-10 12:16:28,869 [EventQueue-DeleteBlockStatusForDeletedBlockLogImpl] DEBUG block.DeletedBlockLogImpl (DeletedBlockLogImpl.java:commitTransactions(224)) - Transaction txId=18 commit by dnId=b13dbf35-3f05-4a51-87e4-7670ffffb89b for containerID=#18 failed. Corresponding entry not found.
2021-08-10 12:16:28,869 [EventQueue-DeleteBlockStatusForDeletedBlockLogImpl] DEBUG block.DeletedBlockLogImpl (DeletedBlockLogImpl.java:isTransactionFailed(278)) - Got block deletion ACK from datanode, TXIDs=19, success=true
2021-08-10 12:16:28,869 [EventQueue-DeleteBlockStatusForDeletedBlockLogImpl] DEBUG block.DeletedBlockLogImpl (DeletedBlockLogImpl.java:commitTransactions(224)) - Transaction txId=19 commit by dnId=b13dbf35-3f05-4a51-87e4-7670ffffb89b for containerID=#19 failed. Corresponding entry not found.
2021-08-10 12:16:28,869 [EventQueue-DeleteBlockStatusForDeletedBlockLogImpl] DEBUG block.DeletedBlockLogImpl (DeletedBlockLogImpl.java:isTransactionFailed(278)) - Got block deletion ACK from datanode, TXIDs=20, success=true
2021-08-10 12:16:28,869 [EventQueue-DeleteBlockStatusForDeletedBlockLogImpl] DEBUG block.DeletedBlockLogImpl (DeletedBlockLogImpl.java:commitTransactions(224)) - Transaction txId=20 commit by dnId=b13dbf35-3f05-4a51-87e4-7670ffffb89b for containerID=#20 failed. Corresponding entry not found.
2021-08-10 12:16:28,869 [EventQueue-DeleteBlockStatusForDeletedBlockLogImpl] DEBUG block.DeletedBlockLogImpl (DeletedBlockLogImpl.java:isTransactionFailed(278)) - Got block deletion ACK from datanode, TXIDs=21, success=true
2021-08-10 12:16:28,869 [EventQueue-DeleteBlockStatusForDeletedBlockLogImpl] DEBUG block.DeletedBlockLogImpl (DeletedBlockLogImpl.java:commitTransactions(224)) - Transaction txId=21 commit by dnId=b13dbf35-3f05-4a51-87e4-7670ffffb89b for containerID=#21 failed. Corresponding entry not found.
2021-08-10 12:16:28,869 [EventQueue-DeleteBlockStatusForDeletedBlockLogImpl] DEBUG block.DeletedBlockLogImpl (DeletedBlockLogImpl.java:isTransactionFailed(278)) - Got block deletion ACK from datanode, TXIDs=22, success=true
2021-08-10 12:16:28,869 [EventQueue-DeleteBlockStatusForDeletedBlockLogImpl] DEBUG block.DeletedBlockLogImpl (DeletedBlockLogImpl.java:commitTransactions(224)) - Transaction txId=22 commit by dnId=b13dbf35-3f05-4a51-87e4-7670ffffb89b for containerID=#22 failed. Corresponding entry not found.
2021-08-10 12:16:28,870 [EventQueue-DeleteBlockStatusForDeletedBlockLogImpl] DEBUG block.DeletedBlockLogImpl (DeletedBlockLogImpl.java:isTransactionFailed(278)) - Got block deletion ACK from datanode, TXIDs=23, success=true
2021-08-10 12:16:28,870 [EventQueue-DeleteBlockStatusForDeletedBlockLogImpl] DEBUG block.DeletedBlockLogImpl (DeletedBlockLogImpl.java:commitTransactions(224)) - Transaction txId=23 commit by dnId=b13dbf35-3f05-4a51-87e4-7670ffffb89b for containerID=#23 failed. Corresponding entry not found.
2021-08-10 12:16:28,870 [EventQueue-DeleteBlockStatusForDeletedBlockLogImpl] DEBUG block.DeletedBlockLogImpl (DeletedBlockLogImpl.java:isTransactionFailed(278)) - Got block deletion ACK from datanode, TXIDs=24, success=true
2021-08-10 12:16:28,870 [EventQueue-DeleteBlockStatusForDeletedBlockLogImpl] DEBUG block.DeletedBlockLogImpl (DeletedBlockLogImpl.java:commitTransactions(224)) - Transaction txId=24 commit by dnId=b13dbf35-3f05-4a51-87e4-7670ffffb89b for containerID=#24 failed. Corresponding entry not found.
2021-08-10 12:16:28,870 [EventQueue-DeleteBlockStatusForDeletedBlockLogImpl] DEBUG block.DeletedBlockLogImpl (DeletedBlockLogImpl.java:isTransactionFailed(278)) - Got block deletion ACK from datanode, TXIDs=25, success=true
2021-08-10 12:16:28,870 [EventQueue-DeleteBlockStatusForDeletedBlockLogImpl] DEBUG block.DeletedBlockLogImpl (DeletedBlockLogImpl.java:commitTransactions(224)) - Transaction txId=25 commit by dnId=b13dbf35-3f05-4a51-87e4-7670ffffb89b for containerID=#25 failed. Corresponding entry not found.
2021-08-10 12:16:28,870 [EventQueue-DeleteBlockStatusForDeletedBlockLogImpl] DEBUG block.DeletedBlockLogImpl (DeletedBlockLogImpl.java:isTransactionFailed(278)) - Got block deletion ACK from datanode, TXIDs=26, success=true
2021-08-10 12:16:28,870 [EventQueue-DeleteBlockStatusForDeletedBlockLogImpl] DEBUG block.DeletedBlockLogImpl (DeletedBlockLogImpl.java:commitTransactions(224)) - Transaction txId=26 commit by dnId=b13dbf35-3f05-4a51-87e4-7670ffffb89b for containerID=#26 failed. Corresponding entry not found.
2021-08-10 12:16:28,870 [EventQueue-DeleteBlockStatusForDeletedBlockLogImpl] DEBUG block.DeletedBlockLogImpl (DeletedBlockLogImpl.java:isTransactionFailed(278)) - Got block deletion ACK from datanode, TXIDs=27, success=true
2021-08-10 12:16:28,870 [EventQueue-DeleteBlockStatusForDeletedBlockLogImpl] DEBUG block.DeletedBlockLogImpl (DeletedBlockLogImpl.java:commitTransactions(224)) - Transaction txId=27 commit by dnId=b13dbf35-3f05-4a51-87e4-7670ffffb89b for containerID=#27 failed. Corresponding entry not found.
2021-08-10 12:16:28,870 [EventQueue-DeleteBlockStatusForDeletedBlockLogImpl] DEBUG block.DeletedBlockLogImpl (DeletedBlockLogImpl.java:isTransactionFailed(278)) - Got block deletion ACK from datanode, TXIDs=28, success=true
2021-08-10 12:16:28,870 [EventQueue-DeleteBlockStatusForDeletedBlockLogImpl] DEBUG block.DeletedBlockLogImpl (DeletedBlockLogImpl.java:commitTransactions(224)) - Transaction txId=28 commit by dnId=b13dbf35-3f05-4a51-87e4-7670ffffb89b for containerID=#28 failed. Corresponding entry not found.
2021-08-10 12:16:28,870 [EventQueue-DeleteBlockStatusForDeletedBlockLogImpl] DEBUG block.DeletedBlockLogImpl (DeletedBlockLogImpl.java:isTransactionFailed(278)) - Got block deletion ACK from datanode, TXIDs=29, success=true
2021-08-10 12:16:28,870 [EventQueue-DeleteBlockStatusForDeletedBlockLogImpl] DEBUG block.DeletedBlockLogImpl (DeletedBlockLogImpl.java:commitTransactions(224)) - Transaction txId=29 commit by dnId=b13dbf35-3f05-4a51-87e4-7670ffffb89b for containerID=#29 failed. Corresponding entry not found.
2021-08-10 12:16:28,870 [EventQueue-DeleteBlockStatusForDeletedBlockLogImpl] DEBUG block.DeletedBlockLogImpl (DeletedBlockLogImpl.java:isTransactionFailed(278)) - Got block deletion ACK from datanode, TXIDs=30, success=true
2021-08-10 12:16:28,870 [EventQueue-DeleteBlockStatusForDeletedBlockLogImpl] DEBUG block.DeletedBlockLogImpl (DeletedBlockLogImpl.java:commitTransactions(224)) - Transaction txId=30 commit by dnId=b13dbf35-3f05-4a51-87e4-7670ffffb89b for containerID=#30 failed. Corresponding entry not found.
2021-08-10 12:16:28,870 [EventQueue-DeleteBlockStatusForDeletedBlockLogImpl] DEBUG block.DeletedBlockLogImpl (DeletedBlockLogImpl.java:isTransactionFailed(278)) - Got block deletion ACK from datanode, TXIDs=31, success=true
2021-08-10 12:16:28,870 [EventQueue-DeleteBlockStatusForDeletedBlockLogImpl] DEBUG block.DeletedBlockLogImpl (DeletedBlockLogImpl.java:commitTransactions(224)) - Transaction txId=31 commit by dnId=b13dbf35-3f05-4a51-87e4-7670ffffb89b for containerID=#31 failed. Corresponding entry not found.
2021-08-10 12:16:28,870 [EventQueue-DeleteBlockStatusForDeletedBlockLogImpl] DEBUG block.DeletedBlockLogImpl (DeletedBlockLogImpl.java:isTransactionFailed(278)) - Got block deletion ACK from datanode, TXIDs=32, success=true
2021-08-10 12:16:28,870 [EventQueue-DeleteBlockStatusForDeletedBlockLogImpl] DEBUG block.DeletedBlockLogImpl (DeletedBlockLogImpl.java:commitTransactions(224)) - Transaction txId=32 commit by dnId=b13dbf35-3f05-4a51-87e4-7670ffffb89b for containerID=#32 failed. Corresponding entry not found.
2021-08-10 12:16:28,870 [EventQueue-DeleteBlockStatusForDeletedBlockLogImpl] DEBUG block.DeletedBlockLogImpl (DeletedBlockLogImpl.java:isTransactionFailed(278)) - Got block deletion ACK from datanode, TXIDs=33, success=true
2021-08-10 12:16:28,870 [EventQueue-DeleteBlockStatusForDeletedBlockLogImpl] DEBUG block.DeletedBlockLogImpl (DeletedBlockLogImpl.java:commitTransactions(224)) - Transaction txId=33 commit by dnId=b13dbf35-3f05-4a51-87e4-7670ffffb89b for containerID=#33 failed. Corresponding entry not found.
2021-08-10 12:16:28,870 [EventQueue-DeleteBlockStatusForDeletedBlockLogImpl] DEBUG block.DeletedBlockLogImpl (DeletedBlockLogImpl.java:isTransactionFailed(278)) - Got block deletion ACK from datanode, TXIDs=34, success=true
2021-08-10 12:16:28,870 [EventQueue-DeleteBlockStatusForDeletedBlockLogImpl] DEBUG block.DeletedBlockLogImpl (DeletedBlockLogImpl.java:commitTransactions(224)) - Transaction txId=34 commit by dnId=b13dbf35-3f05-4a51-87e4-7670ffffb89b for containerID=#34 failed. Corresponding entry not found.
2021-08-10 12:16:28,870 [EventQueue-DeleteBlockStatusForDeletedBlockLogImpl] DEBUG block.DeletedBlockLogImpl (DeletedBlockLogImpl.java:isTransactionFailed(278)) - Got block deletion ACK from datanode, TXIDs=35, success=true
2021-08-10 12:16:28,870 [EventQueue-DeleteBlockStatusForDeletedBlockLogImpl] DEBUG block.DeletedBlockLogImpl (DeletedBlockLogImpl.java:commitTransactions(224)) - Transaction txId=35 commit by dnId=b13dbf35-3f05-4a51-87e4-7670ffffb89b for containerID=#35 failed. Corresponding entry not found.
2021-08-10 12:16:28,870 [EventQueue-DeleteBlockStatusForDeletedBlockLogImpl] DEBUG block.DeletedBlockLogImpl (DeletedBlockLogImpl.java:isTransactionFailed(278)) - Got block deletion ACK from datanode, TXIDs=36, success=true
2021-08-10 12:16:28,870 [EventQueue-DeleteBlockStatusForDeletedBlockLogImpl] DEBUG block.DeletedBlockLogImpl (DeletedBlockLogImpl.java:commitTransactions(224)) - Transaction txId=36 commit by dnId=b13dbf35-3f05-4a51-87e4-7670ffffb89b for containerID=#36 failed. Corresponding entry not found.
2021-08-10 12:16:28,870 [EventQueue-DeleteBlockStatusForDeletedBlockLogImpl] DEBUG block.DeletedBlockLogImpl (DeletedBlockLogImpl.java:isTransactionFailed(278)) - Got block deletion ACK from datanode, TXIDs=37, success=true
2021-08-10 12:16:28,870 [EventQueue-DeleteBlockStatusForDeletedBlockLogImpl] DEBUG block.DeletedBlockLogImpl (DeletedBlockLogImpl.java:commitTransactions(224)) - Transaction txId=37 commit by dnId=b13dbf35-3f05-4a51-87e4-7670ffffb89b for containerID=#37 failed. Corresponding entry not found.
2021-08-10 12:16:28,870 [EventQueue-DeleteBlockStatusForDeletedBlockLogImpl] DEBUG block.DeletedBlockLogImpl (DeletedBlockLogImpl.java:isTransactionFailed(278)) - Got block deletion ACK from datanode, TXIDs=38, success=true
2021-08-10 12:16:28,870 [EventQueue-DeleteBlockStatusForDeletedBlockLogImpl] DEBUG block.DeletedBlockLogImpl (DeletedBlockLogImpl.java:commitTransactions(224)) - Transaction txId=38 commit by dnId=b13dbf35-3f05-4a51-87e4-7670ffffb89b for containerID=#38 failed. Corresponding entry not found.
2021-08-10 12:16:28,870 [EventQueue-DeleteBlockStatusForDeletedBlockLogImpl] DEBUG block.DeletedBlockLogImpl (DeletedBlockLogImpl.java:isTransactionFailed(278)) - Got block deletion ACK from datanode, TXIDs=39, success=true
2021-08-10 12:16:28,870 [EventQueue-DeleteBlockStatusForDeletedBlockLogImpl] DEBUG block.DeletedBlockLogImpl (DeletedBlockLogImpl.java:commitTransactions(224)) - Transaction txId=39 commit by dnId=b13dbf35-3f05-4a51-87e4-7670ffffb89b for containerID=#39 failed. Corresponding entry not found.
2021-08-10 12:16:28,870 [EventQueue-DeleteBlockStatusForDeletedBlockLogImpl] DEBUG block.DeletedBlockLogImpl (DeletedBlockLogImpl.java:isTransactionFailed(278)) - Got block deletion ACK from datanode, TXIDs=40, success=true
2021-08-10 12:16:28,870 [EventQueue-DeleteBlockStatusForDeletedBlockLogImpl] DEBUG block.DeletedBlockLogImpl (DeletedBlockLogImpl.java:commitTransactions(224)) - Transaction txId=40 commit by dnId=b13dbf35-3f05-4a51-87e4-7670ffffb89b for containerID=#40 failed. Corresponding entry not found.
2021-08-10 12:16:28,870 [EventQueue-DeleteBlockStatusForDeletedBlockLogImpl] DEBUG block.DeletedBlockLogImpl (DeletedBlockLogImpl.java:isTransactionFailed(278)) - Got block deletion ACK from datanode, TXIDs=41, success=true
2021-08-10 12:16:28,870 [EventQueue-DeleteBlockStatusForDeletedBlockLogImpl] DEBUG block.DeletedBlockLogImpl (DeletedBlockLogImpl.java:commitTransactions(224)) - Transaction txId=41 commit by dnId=b13dbf35-3f05-4a51-87e4-7670ffffb89b for containerID=#41 failed. Corresponding entry not found.
2021-08-10 12:16:28,870 [EventQueue-DeleteBlockStatusForDeletedBlockLogImpl] DEBUG block.DeletedBlockLogImpl (DeletedBlockLogImpl.java:isTransactionFailed(278)) - Got block deletion ACK from datanode, TXIDs=42, success=true
2021-08-10 12:16:28,870 [EventQueue-DeleteBlockStatusForDeletedBlockLogImpl] DEBUG block.DeletedBlockLogImpl (DeletedBlockLogImpl.java:commitTransactions(224)) - Transaction txId=42 commit by dnId=b13dbf35-3f05-4a51-87e4-7670ffffb89b for containerID=#42 failed. Corresponding entry not found.
2021-08-10 12:16:28,875 [EventQueue-DeleteBlockStatusForDeletedBlockLogImpl] DEBUG block.DeletedBlockLogImpl (DeletedBlockLogImpl.java:isTransactionFailed(278)) - Got block deletion ACK from datanode, TXIDs=43, success=true
2021-08-10 12:16:28,875 [EventQueue-DeleteBlockStatusForDeletedBlockLogImpl] DEBUG block.DeletedBlockLogImpl (DeletedBlockLogImpl.java:commitTransactions(224)) - Transaction txId=43 commit by dnId=b13dbf35-3f05-4a51-87e4-7670ffffb89b for containerID=#43 failed. Corresponding entry not found.
2021-08-10 12:16:28,875 [EventQueue-DeleteBlockStatusForDeletedBlockLogImpl] DEBUG block.DeletedBlockLogImpl (DeletedBlockLogImpl.java:isTransactionFailed(278)) - Got block deletion ACK from datanode, TXIDs=44, success=true
2021-08-10 12:16:28,875 [EventQueue-DeleteBlockStatusForDeletedBlockLogImpl] DEBUG block.DeletedBlockLogImpl (DeletedBlockLogImpl.java:commitTransactions(224)) - Transaction txId=44 commit by dnId=b13dbf35-3f05-4a51-87e4-7670ffffb89b for containerID=#44 failed. Corresponding entry not found.
2021-08-10 12:16:28,878 [EventQueue-DeleteBlockStatusForDeletedBlockLogImpl] DEBUG block.DeletedBlockLogImpl (DeletedBlockLogImpl.java:isTransactionFailed(278)) - Got block deletion ACK from datanode, TXIDs=45, success=true
2021-08-10 12:16:28,882 [EventQueue-DeleteBlockStatusForDeletedBlockLogImpl] DEBUG block.DeletedBlockLogImpl (DeletedBlockLogImpl.java:commitTransactions(224)) - Transaction txId=45 commit by dnId=b13dbf35-3f05-4a51-87e4-7670ffffb89b for containerID=#45 failed. Corresponding entry not found.
2021-08-10 12:16:28,883 [EventQueue-DeleteBlockStatusForDeletedBlockLogImpl] DEBUG block.DeletedBlockLogImpl (DeletedBlockLogImpl.java:isTransactionFailed(278)) - Got block deletion ACK from datanode, TXIDs=46, success=true
2021-08-10 12:16:28,883 [EventQueue-DeleteBlockStatusForDeletedBlockLogImpl] DEBUG block.DeletedBlockLogImpl (DeletedBlockLogImpl.java:commitTransactions(224)) - Transaction txId=46 commit by dnId=b13dbf35-3f05-4a51-87e4-7670ffffb89b for containerID=#46 failed. Corresponding entry not found.
2021-08-10 12:16:28,883 [EventQueue-DeleteBlockStatusForDeletedBlockLogImpl] DEBUG block.DeletedBlockLogImpl (DeletedBlockLogImpl.java:isTransactionFailed(278)) - Got block deletion ACK from datanode, TXIDs=47, success=true
2021-08-10 12:16:28,883 [EventQueue-DeleteBlockStatusForDeletedBlockLogImpl] DEBUG block.DeletedBlockLogImpl (DeletedBlockLogImpl.java:commitTransactions(224)) - Transaction txId=47 commit by dnId=b13dbf35-3f05-4a51-87e4-7670ffffb89b for containerID=#47 failed. Corresponding entry not found.
2021-08-10 12:16:28,883 [EventQueue-DeleteBlockStatusForDeletedBlockLogImpl] DEBUG block.DeletedBlockLogImpl (DeletedBlockLogImpl.java:isTransactionFailed(278)) - Got block deletion ACK from datanode, TXIDs=48, success=true
2021-08-10 12:16:28,883 [EventQueue-DeleteBlockStatusForDeletedBlockLogImpl] DEBUG block.DeletedBlockLogImpl (DeletedBlockLogImpl.java:commitTransactions(224)) - Transaction txId=48 commit by dnId=b13dbf35-3f05-4a51-87e4-7670ffffb89b for containerID=#48 failed. Corresponding entry not found.
2021-08-10 12:16:28,883 [EventQueue-DeleteBlockStatusForDeletedBlockLogImpl] DEBUG block.DeletedBlockLogImpl (DeletedBlockLogImpl.java:isTransactionFailed(278)) - Got block deletion ACK from datanode, TXIDs=49, success=true
2021-08-10 12:16:28,883 [EventQueue-DeleteBlockStatusForDeletedBlockLogImpl] DEBUG block.DeletedBlockLogImpl (DeletedBlockLogImpl.java:commitTransactions(224)) - Transaction txId=49 commit by dnId=b13dbf35-3f05-4a51-87e4-7670ffffb89b for containerID=#49 failed. Corresponding entry not found.
2021-08-10 12:16:28,883 [EventQueue-DeleteBlockStatusForDeletedBlockLogImpl] DEBUG block.DeletedBlockLogImpl (DeletedBlockLogImpl.java:isTransactionFailed(278)) - Got block deletion ACK from datanode, TXIDs=50, success=true
2021-08-10 12:16:28,883 [EventQueue-DeleteBlockStatusForDeletedBlockLogImpl] DEBUG block.DeletedBlockLogImpl (DeletedBlockLogImpl.java:commitTransactions(224)) - Transaction txId=50 commit by dnId=b13dbf35-3f05-4a51-87e4-7670ffffb89b for containerID=#50 failed. Corresponding entry not found.
2021-08-10 12:16:28,883 [EventQueue-DeleteBlockStatusForDeletedBlockLogImpl] DEBUG block.DeletedBlockLogImpl (DeletedBlockLogImpl.java:isTransactionFailed(278)) - Got block deletion ACK from datanode, TXIDs=51, success=true
2021-08-10 12:16:28,883 [EventQueue-DeleteBlockStatusForDeletedBlockLogImpl] DEBUG block.DeletedBlockLogImpl (DeletedBlockLogImpl.java:commitTransactions(224)) - Transaction txId=51 commit by dnId=b13dbf35-3f05-4a51-87e4-7670ffffb89b for containerID=#51 failed. Corresponding entry not found.
2021-08-10 12:16:28,883 [EventQueue-DeleteBlockStatusForDeletedBlockLogImpl] DEBUG block.DeletedBlockLogImpl (DeletedBlockLogImpl.java:isTransactionFailed(278)) - Got block deletion ACK from datanode, TXIDs=52, success=true
2021-08-10 12:16:28,883 [EventQueue-DeleteBlockStatusForDeletedBlockLogImpl] DEBUG block.DeletedBlockLogImpl (DeletedBlockLogImpl.java:commitTransactions(224)) - Transaction txId=52 commit by dnId=b13dbf35-3f05-4a51-87e4-7670ffffb89b for containerID=#52 failed. Corresponding entry not found.
2021-08-10 12:16:28,883 [EventQueue-DeleteBlockStatusForDeletedBlockLogImpl] DEBUG block.DeletedBlockLogImpl (DeletedBlockLogImpl.java:isTransactionFailed(278)) - Got block deletion ACK from datanode, TXIDs=53, success=true
2021-08-10 12:16:28,883 [EventQueue-DeleteBlockStatusForDeletedBlockLogImpl] DEBUG block.DeletedBlockLogImpl (DeletedBlockLogImpl.java:commitTransactions(224)) - Transaction txId=53 commit by dnId=b13dbf35-3f05-4a51-87e4-7670ffffb89b for containerID=#53 failed. Corresponding entry not found.
2021-08-10 12:16:28,883 [EventQueue-DeleteBlockStatusForDeletedBlockLogImpl] DEBUG block.DeletedBlockLogImpl (DeletedBlockLogImpl.java:isTransactionFailed(278)) - Got block deletion ACK from datanode, TXIDs=54, success=true
2021-08-10 12:16:28,883 [EventQueue-DeleteBlockStatusForDeletedBlockLogImpl] DEBUG block.DeletedBlockLogImpl (DeletedBlockLogImpl.java:commitTransactions(224)) - Transaction txId=54 commit by dnId=b13dbf35-3f05-4a51-87e4-7670ffffb89b for containerID=#54 failed. Corresponding entry not found.
2021-08-10 12:16:28,883 [EventQueue-DeleteBlockStatusForDeletedBlockLogImpl] DEBUG block.DeletedBlockLogImpl (DeletedBlockLogImpl.java:isTransactionFailed(278)) - Got block deletion ACK from datanode, TXIDs=55, success=true
2021-08-10 12:16:28,884 [EventQueue-DeleteBlockStatusForDeletedBlockLogImpl] DEBUG block.DeletedBlockLogImpl (DeletedBlockLogImpl.java:commitTransactions(224)) - Transaction txId=55 commit by dnId=b13dbf35-3f05-4a51-87e4-7670ffffb89b for containerID=#55 failed. Corresponding entry not found.
2021-08-10 12:16:28,884 [EventQueue-DeleteBlockStatusForDeletedBlockLogImpl] DEBUG block.DeletedBlockLogImpl (DeletedBlockLogImpl.java:isTransactionFailed(278)) - Got block deletion ACK from datanode, TXIDs=56, success=true
2021-08-10 12:16:28,884 [EventQueue-DeleteBlockStatusForDeletedBlockLogImpl] DEBUG block.DeletedBlockLogImpl (DeletedBlockLogImpl.java:commitTransactions(224)) - Transaction txId=56 commit by dnId=b13dbf35-3f05-4a51-87e4-7670ffffb89b for containerID=#56 failed. Corresponding entry not found.
2021-08-10 12:16:28,884 [EventQueue-DeleteBlockStatusForDeletedBlockLogImpl] DEBUG block.DeletedBlockLogImpl (DeletedBlockLogImpl.java:isTransactionFailed(278)) - Got block deletion ACK from datanode, TXIDs=1, success=true
2021-08-10 12:16:28,884 [EventQueue-DeleteBlockStatusForDeletedBlockLogImpl] DEBUG block.DeletedBlockLogImpl (DeletedBlockLogImpl.java:commitTransactions(224)) - Transaction txId=1 commit by dnId=b13dbf35-3f05-4a51-87e4-7670ffffb89b for containerID=#1 failed. Corresponding entry not found.
2021-08-10 12:16:28,884 [EventQueue-DeleteBlockStatusForDeletedBlockLogImpl] DEBUG block.DeletedBlockLogImpl (DeletedBlockLogImpl.java:isTransactionFailed(278)) - Got block deletion ACK from datanode, TXIDs=2, success=true
2021-08-10 12:16:28,884 [EventQueue-DeleteBlockStatusForDeletedBlockLogImpl] DEBUG block.DeletedBlockLogImpl (DeletedBlockLogImpl.java:commitTransactions(224)) - Transaction txId=2 commit by dnId=b13dbf35-3f05-4a51-87e4-7670ffffb89b for containerID=#2 failed. Corresponding entry not found.
2021-08-10 12:16:28,885 [EventQueue-DeleteBlockStatusForDeletedBlockLogImpl] DEBUG block.DeletedBlockLogImpl (DeletedBlockLogImpl.java:isTransactionFailed(278)) - Got block deletion ACK from datanode, TXIDs=3, success=true
2021-08-10 12:16:28,885 [EventQueue-DeleteBlockStatusForDeletedBlockLogImpl] DEBUG block.DeletedBlockLogImpl (DeletedBlockLogImpl.java:commitTransactions(224)) - Transaction txId=3 commit by dnId=b13dbf35-3f05-4a51-87e4-7670ffffb89b for containerID=#3 failed. Corresponding entry not found.
2021-08-10 12:16:28,890 [EventQueue-DeleteBlockStatusForDeletedBlockLogImpl] DEBUG block.DeletedBlockLogImpl (DeletedBlockLogImpl.java:isTransactionFailed(278)) - Got block deletion ACK from datanode, TXIDs=4, success=true
2021-08-10 12:16:28,891 [EventQueue-DeleteBlockStatusForDeletedBlockLogImpl] DEBUG block.DeletedBlockLogImpl (DeletedBlockLogImpl.java:commitTransactions(224)) - Transaction txId=4 commit by dnId=b13dbf35-3f05-4a51-87e4-7670ffffb89b for containerID=#4 failed. Corresponding entry not found.
2021-08-10 12:16:28,891 [EventQueue-DeleteBlockStatusForDeletedBlockLogImpl] DEBUG block.DeletedBlockLogImpl (DeletedBlockLogImpl.java:isTransactionFailed(278)) - Got block deletion ACK from datanode, TXIDs=5, success=true
2021-08-10 12:16:28,891 [EventQueue-DeleteBlockStatusForDeletedBlockLogImpl] DEBUG block.DeletedBlockLogImpl (DeletedBlockLogImpl.java:commitTransactions(224)) - Transaction txId=5 commit by dnId=b13dbf35-3f05-4a51-87e4-7670ffffb89b for containerID=#5 failed. Corresponding entry not found.
2021-08-10 12:16:28,891 [EventQueue-DeleteBlockStatusForDeletedBlockLogImpl] DEBUG block.DeletedBlockLogImpl (DeletedBlockLogImpl.java:isTransactionFailed(278)) - Got block deletion ACK from datanode, TXIDs=6, success=true
2021-08-10 12:16:28,891 [EventQueue-DeleteBlockStatusForDeletedBlockLogImpl] DEBUG block.DeletedBlockLogImpl (DeletedBlockLogImpl.java:commitTransactions(224)) - Transaction txId=6 commit by dnId=b13dbf35-3f05-4a51-87e4-7670ffffb89b for containerID=#6 failed. Corresponding entry not found.
2021-08-10 12:16:28,891 [EventQueue-DeleteBlockStatusForDeletedBlockLogImpl] DEBUG block.DeletedBlockLogImpl (DeletedBlockLogImpl.java:isTransactionFailed(278)) - Got block deletion ACK from datanode, TXIDs=7, success=true
2021-08-10 12:16:28,891 [EventQueue-DeleteBlockStatusForDeletedBlockLogImpl] DEBUG block.DeletedBlockLogImpl (DeletedBlockLogImpl.java:commitTransactions(224)) - Transaction txId=7 commit by dnId=b13dbf35-3f05-4a51-87e4-7670ffffb89b for containerID=#7 failed. Corresponding entry not found.
2021-08-10 12:16:28,891 [EventQueue-DeleteBlockStatusForDeletedBlockLogImpl] DEBUG block.DeletedBlockLogImpl (DeletedBlockLogImpl.java:isTransactionFailed(278)) - Got block deletion ACK from datanode, TXIDs=8, success=true
2021-08-10 12:16:28,891 [EventQueue-DeleteBlockStatusForDeletedBlockLogImpl] DEBUG block.DeletedBlockLogImpl (DeletedBlockLogImpl.java:commitTransactions(224)) - Transaction txId=8 commit by dnId=b13dbf35-3f05-4a51-87e4-7670ffffb89b for containerID=#8 failed. Corresponding entry not found.
2021-08-10 12:16:28,891 [EventQueue-DeleteBlockStatusForDeletedBlockLogImpl] DEBUG block.DeletedBlockLogImpl (DeletedBlockLogImpl.java:isTransactionFailed(278)) - Got block deletion ACK from datanode, TXIDs=9, success=true
2021-08-10 12:16:28,891 [EventQueue-DeleteBlockStatusForDeletedBlockLogImpl] DEBUG block.DeletedBlockLogImpl (DeletedBlockLogImpl.java:commitTransactions(224)) - Transaction txId=9 commit by dnId=b13dbf35-3f05-4a51-87e4-7670ffffb89b for containerID=#9 failed. Corresponding entry not found.
2021-08-10 12:16:28,891 [EventQueue-DeleteBlockStatusForDeletedBlockLogImpl] DEBUG block.DeletedBlockLogImpl (DeletedBlockLogImpl.java:isTransactionFailed(278)) - Got block deletion ACK from datanode, TXIDs=10, success=true
2021-08-10 12:16:28,891 [EventQueue-DeleteBlockStatusForDeletedBlockLogImpl] DEBUG block.DeletedBlockLogImpl (DeletedBlockLogImpl.java:commitTransactions(224)) - Transaction txId=10 commit by dnId=b13dbf35-3f05-4a51-87e4-7670ffffb89b for containerID=#10 failed. Corresponding entry not found.
2021-08-10 12:16:28,891 [EventQueue-DeleteBlockStatusForDeletedBlockLogImpl] DEBUG block.DeletedBlockLogImpl (DeletedBlockLogImpl.java:isTransactionFailed(278)) - Got block deletion ACK from datanode, TXIDs=11, success=true
2021-08-10 12:16:28,891 [EventQueue-DeleteBlockStatusForDeletedBlockLogImpl] DEBUG block.DeletedBlockLogImpl (DeletedBlockLogImpl.java:commitTransactions(224)) - Transaction txId=11 commit by dnId=b13dbf35-3f05-4a51-87e4-7670ffffb89b for containerID=#11 failed. Corresponding entry not found.
2021-08-10 12:16:28,891 [EventQueue-DeleteBlockStatusForDeletedBlockLogImpl] DEBUG block.DeletedBlockLogImpl (DeletedBlockLogImpl.java:isTransactionFailed(278)) - Got block deletion ACK from datanode, TXIDs=12, success=true
2021-08-10 12:16:28,891 [EventQueue-DeleteBlockStatusForDeletedBlockLogImpl] DEBUG block.DeletedBlockLogImpl (DeletedBlockLogImpl.java:commitTransactions(224)) - Transaction txId=12 commit by dnId=b13dbf35-3f05-4a51-87e4-7670ffffb89b for containerID=#12 failed. Corresponding entry not found.
2021-08-10 12:16:28,891 [EventQueue-DeleteBlockStatusForDeletedBlockLogImpl] DEBUG block.DeletedBlockLogImpl (DeletedBlockLogImpl.java:isTransactionFailed(278)) - Got block deletion ACK from datanode, TXIDs=13, success=true
2021-08-10 12:16:28,891 [EventQueue-DeleteBlockStatusForDeletedBlockLogImpl] DEBUG block.DeletedBlockLogImpl (DeletedBlockLogImpl.java:commitTransactions(224)) - Transaction txId=13 commit by dnId=b13dbf35-3f05-4a51-87e4-7670ffffb89b for containerID=#13 failed. Corresponding entry not found.
2021-08-10 12:16:28,891 [EventQueue-DeleteBlockStatusForDeletedBlockLogImpl] DEBUG block.DeletedBlockLogImpl (DeletedBlockLogImpl.java:isTransactionFailed(278)) - Got block deletion ACK from datanode, TXIDs=14, success=true
2021-08-10 12:16:28,891 [EventQueue-DeleteBlockStatusForDeletedBlockLogImpl] DEBUG block.DeletedBlockLogImpl (DeletedBlockLogImpl.java:commitTransactions(224)) - Transaction txId=14 commit by dnId=b13dbf35-3f05-4a51-87e4-7670ffffb89b for containerID=#14 failed. Corresponding entry not found.
2021-08-10 12:16:28,891 [EventQueue-DeleteBlockStatusForDeletedBlockLogImpl] DEBUG block.DeletedBlockLogImpl (DeletedBlockLogImpl.java:isTransactionFailed(278)) - Got block deletion ACK from datanode, TXIDs=15, success=true
2021-08-10 12:16:28,891 [EventQueue-DeleteBlockStatusForDeletedBlockLogImpl] DEBUG block.DeletedBlockLogImpl (DeletedBlockLogImpl.java:commitTransactions(224)) - Transaction txId=15 commit by dnId=b13dbf35-3f05-4a51-87e4-7670ffffb89b for containerID=#15 failed. Corresponding entry not found.
2021-08-10 12:16:28,891 [EventQueue-DeleteBlockStatusForDeletedBlockLogImpl] DEBUG block.DeletedBlockLogImpl (DeletedBlockLogImpl.java:isTransactionFailed(278)) - Got block deletion ACK from datanode, TXIDs=16, success=true
2021-08-10 12:16:28,891 [EventQueue-DeleteBlockStatusForDeletedBlockLogImpl] DEBUG block.DeletedBlockLogImpl (DeletedBlockLogImpl.java:commitTransactions(224)) - Transaction txId=16 commit by dnId=b13dbf35-3f05-4a51-87e4-7670ffffb89b for containerID=#16 failed. Corresponding entry not found.
2021-08-10 12:16:28,891 [EventQueue-DeleteBlockStatusForDeletedBlockLogImpl] DEBUG block.DeletedBlockLogImpl (DeletedBlockLogImpl.java:isTransactionFailed(278)) - Got block deletion ACK from datanode, TXIDs=17, success=true
2021-08-10 12:16:28,892 [EventQueue-DeleteBlockStatusForDeletedBlockLogImpl] DEBUG block.DeletedBlockLogImpl (DeletedBlockLogImpl.java:commitTransactions(224)) - Transaction txId=17 commit by dnId=b13dbf35-3f05-4a51-87e4-7670ffffb89b for containerID=#17 failed. Corresponding entry not found.
2021-08-10 12:16:28,892 [EventQueue-DeleteBlockStatusForDeletedBlockLogImpl] DEBUG block.DeletedBlockLogImpl (DeletedBlockLogImpl.java:isTransactionFailed(278)) - Got block deletion ACK from datanode, TXIDs=18, success=true
2021-08-10 12:16:28,892 [EventQueue-DeleteBlockStatusForDeletedBlockLogImpl] DEBUG block.DeletedBlockLogImpl (DeletedBlockLogImpl.java:commitTransactions(224)) - Transaction txId=18 commit by dnId=b13dbf35-3f05-4a51-87e4-7670ffffb89b for containerID=#18 failed. Corresponding entry not found.
2021-08-10 12:16:28,892 [EventQueue-DeleteBlockStatusForDeletedBlockLogImpl] DEBUG block.DeletedBlockLogImpl (DeletedBlockLogImpl.java:isTransactionFailed(278)) - Got block deletion ACK from datanode, TXIDs=19, success=true
2021-08-10 12:16:28,892 [EventQueue-DeleteBlockStatusForDeletedBlockLogImpl] DEBUG block.DeletedBlockLogImpl (DeletedBlockLogImpl.java:commitTransactions(224)) - Transaction txId=19 commit by dnId=b13dbf35-3f05-4a51-87e4-7670ffffb89b for containerID=#19 failed. Corresponding entry not found.
2021-08-10 12:16:28,892 [EventQueue-DeleteBlockStatusForDeletedBlockLogImpl] DEBUG block.DeletedBlockLogImpl (DeletedBlockLogImpl.java:isTransactionFailed(278)) - Got block deletion ACK from datanode, TXIDs=20, success=true
2021-08-10 12:16:28,892 [EventQueue-DeleteBlockStatusForDeletedBlockLogImpl] DEBUG block.DeletedBlockLogImpl (DeletedBlockLogImpl.java:commitTransactions(224)) - Transaction txId=20 commit by dnId=b13dbf35-3f05-4a51-87e4-7670ffffb89b for containerID=#20 failed. Corresponding entry not found.
2021-08-10 12:16:28,892 [EventQueue-DeleteBlockStatusForDeletedBlockLogImpl] DEBUG block.DeletedBlockLogImpl (DeletedBlockLogImpl.java:isTransactionFailed(278)) - Got block deletion ACK from datanode, TXIDs=21, success=true
2021-08-10 12:16:28,892 [EventQueue-DeleteBlockStatusForDeletedBlockLogImpl] DEBUG block.DeletedBlockLogImpl (DeletedBlockLogImpl.java:commitTransactions(224)) - Transaction txId=21 commit by dnId=b13dbf35-3f05-4a51-87e4-7670ffffb89b for containerID=#21 failed. Corresponding entry not found.
2021-08-10 12:16:28,892 [EventQueue-DeleteBlockStatusForDeletedBlockLogImpl] DEBUG block.DeletedBlockLogImpl (DeletedBlockLogImpl.java:isTransactionFailed(278)) - Got block deletion ACK from datanode, TXIDs=22, success=true
2021-08-10 12:16:28,892 [EventQueue-DeleteBlockStatusForDeletedBlockLogImpl] DEBUG block.DeletedBlockLogImpl (DeletedBlockLogImpl.java:commitTransactions(224)) - Transaction txId=22 commit by dnId=b13dbf35-3f05-4a51-87e4-7670ffffb89b for containerID=#22 failed. Corresponding entry not found.
2021-08-10 12:16:28,892 [EventQueue-DeleteBlockStatusForDeletedBlockLogImpl] DEBUG block.DeletedBlockLogImpl (DeletedBlockLogImpl.java:isTransactionFailed(278)) - Got block deletion ACK from datanode, TXIDs=23, success=true
2021-08-10 12:16:28,892 [EventQueue-DeleteBlockStatusForDeletedBlockLogImpl] DEBUG block.DeletedBlockLogImpl (DeletedBlockLogImpl.java:commitTransactions(224)) - Transaction txId=23 commit by dnId=b13dbf35-3f05-4a51-87e4-7670ffffb89b for containerID=#23 failed. Corresponding entry not found.
2021-08-10 12:16:28,892 [EventQueue-DeleteBlockStatusForDeletedBlockLogImpl] DEBUG block.DeletedBlockLogImpl (DeletedBlockLogImpl.java:isTransactionFailed(278)) - Got block deletion ACK from datanode, TXIDs=24, success=true
2021-08-10 12:16:28,892 [EventQueue-DeleteBlockStatusForDeletedBlockLogImpl] DEBUG block.DeletedBlockLogImpl (DeletedBlockLogImpl.java:commitTransactions(224)) - Transaction txId=24 commit by dnId=b13dbf35-3f05-4a51-87e4-7670ffffb89b for containerID=#24 failed. Corresponding entry not found.
2021-08-10 12:16:28,892 [EventQueue-DeleteBlockStatusForDeletedBlockLogImpl] DEBUG block.DeletedBlockLogImpl (DeletedBlockLogImpl.java:isTransactionFailed(278)) - Got block deletion ACK from datanode, TXIDs=25, success=true
2021-08-10 12:16:28,892 [EventQueue-DeleteBlockStatusForDeletedBlockLogImpl] DEBUG block.DeletedBlockLogImpl (DeletedBlockLogImpl.java:commitTransactions(224)) - Transaction txId=25 commit by dnId=b13dbf35-3f05-4a51-87e4-7670ffffb89b for containerID=#25 failed. Corresponding entry not found.
2021-08-10 12:16:28,892 [EventQueue-DeleteBlockStatusForDeletedBlockLogImpl] DEBUG block.DeletedBlockLogImpl (DeletedBlockLogImpl.java:isTransactionFailed(278)) - Got block deletion ACK from datanode, TXIDs=26, success=true
2021-08-10 12:16:28,892 [EventQueue-DeleteBlockStatusForDeletedBlockLogImpl] DEBUG block.DeletedBlockLogImpl (DeletedBlockLogImpl.java:commitTransactions(224)) - Transaction txId=26 commit by dnId=b13dbf35-3f05-4a51-87e4-7670ffffb89b for containerID=#26 failed. Corresponding entry not found.
2021-08-10 12:16:28,892 [EventQueue-DeleteBlockStatusForDeletedBlockLogImpl] DEBUG block.DeletedBlockLogImpl (DeletedBlockLogImpl.java:isTransactionFailed(278)) - Got block deletion ACK from datanode, TXIDs=27, success=true
2021-08-10 12:16:28,892 [EventQueue-DeleteBlockStatusForDeletedBlockLogImpl] DEBUG block.DeletedBlockLogImpl (DeletedBlockLogImpl.java:commitTransactions(224)) - Transaction txId=27 commit by dnId=b13dbf35-3f05-4a51-87e4-7670ffffb89b for containerID=#27 failed. Corresponding entry not found.
2021-08-10 12:16:28,892 [EventQueue-DeleteBlockStatusForDeletedBlockLogImpl] DEBUG block.DeletedBlockLogImpl (DeletedBlockLogImpl.java:isTransactionFailed(278)) - Got block deletion ACK from datanode, TXIDs=28, success=true
2021-08-10 12:16:28,892 [EventQueue-DeleteBlockStatusForDeletedBlockLogImpl] DEBUG block.DeletedBlockLogImpl (DeletedBlockLogImpl.java:commitTransactions(224)) - Transaction txId=28 commit by dnId=b13dbf35-3f05-4a51-87e4-7670ffffb89b for containerID=#28 failed. Corresponding entry not found.
2021-08-10 12:16:28,892 [EventQueue-DeleteBlockStatusForDeletedBlockLogImpl] DEBUG block.DeletedBlockLogImpl (DeletedBlockLogImpl.java:isTransactionFailed(278)) - Got block deletion ACK from datanode, TXIDs=29, success=true
2021-08-10 12:16:28,892 [EventQueue-DeleteBlockStatusForDeletedBlockLogImpl] DEBUG block.DeletedBlockLogImpl (DeletedBlockLogImpl.java:commitTransactions(224)) - Transaction txId=29 commit by dnId=b13dbf35-3f05-4a51-87e4-7670ffffb89b for containerID=#29 failed. Corresponding entry not found.
2021-08-10 12:16:28,892 [EventQueue-DeleteBlockStatusForDeletedBlockLogImpl] DEBUG block.DeletedBlockLogImpl (DeletedBlockLogImpl.java:isTransactionFailed(278)) - Got block deletion ACK from datanode, TXIDs=30, success=true
2021-08-10 12:16:28,892 [EventQueue-DeleteBlockStatusForDeletedBlockLogImpl] DEBUG block.DeletedBlockLogImpl (DeletedBlockLogImpl.java:commitTransactions(224)) - Transaction txId=30 commit by dnId=b13dbf35-3f05-4a51-87e4-7670ffffb89b for containerID=#30 failed. Corresponding entry not found.
2021-08-10 12:16:28,893 [EventQueue-DeleteBlockStatusForDeletedBlockLogImpl] DEBUG block.DeletedBlockLogImpl (DeletedBlockLogImpl.java:isTransactionFailed(278)) - Got block deletion ACK from datanode, TXIDs=31, success=true
2021-08-10 12:16:28,893 [EventQueue-DeleteBlockStatusForDeletedBlockLogImpl] DEBUG block.DeletedBlockLogImpl (DeletedBlockLogImpl.java:commitTransactions(224)) - Transaction txId=31 commit by dnId=b13dbf35-3f05-4a51-87e4-7670ffffb89b for containerID=#31 failed. Corresponding entry not found.
2021-08-10 12:16:28,893 [EventQueue-DeleteBlockStatusForDeletedBlockLogImpl] DEBUG block.DeletedBlockLogImpl (DeletedBlockLogImpl.java:isTransactionFailed(278)) - Got block deletion ACK from datanode, TXIDs=32, success=true
2021-08-10 12:16:28,893 [EventQueue-DeleteBlockStatusForDeletedBlockLogImpl] DEBUG block.DeletedBlockLogImpl (DeletedBlockLogImpl.java:commitTransactions(224)) - Transaction txId=32 commit by dnId=b13dbf35-3f05-4a51-87e4-7670ffffb89b for containerID=#32 failed. Corresponding entry not found.
2021-08-10 12:16:28,893 [EventQueue-DeleteBlockStatusForDeletedBlockLogImpl] DEBUG block.DeletedBlockLogImpl (DeletedBlockLogImpl.java:isTransactionFailed(278)) - Got block deletion ACK from datanode, TXIDs=33, success=true
2021-08-10 12:16:28,893 [EventQueue-DeleteBlockStatusForDeletedBlockLogImpl] DEBUG block.DeletedBlockLogImpl (DeletedBlockLogImpl.java:commitTransactions(224)) - Transaction txId=33 commit by dnId=b13dbf35-3f05-4a51-87e4-7670ffffb89b for containerID=#33 failed. Corresponding entry not found.
2021-08-10 12:16:28,893 [EventQueue-DeleteBlockStatusForDeletedBlockLogImpl] DEBUG block.DeletedBlockLogImpl (DeletedBlockLogImpl.java:isTransactionFailed(278)) - Got block deletion ACK from datanode, TXIDs=34, success=true
2021-08-10 12:16:28,893 [EventQueue-DeleteBlockStatusForDeletedBlockLogImpl] DEBUG block.DeletedBlockLogImpl (DeletedBlockLogImpl.java:commitTransactions(224)) - Transaction txId=34 commit by dnId=b13dbf35-3f05-4a51-87e4-7670ffffb89b for containerID=#34 failed. Corresponding entry not found.
2021-08-10 12:16:28,893 [EventQueue-DeleteBlockStatusForDeletedBlockLogImpl] DEBUG block.DeletedBlockLogImpl (DeletedBlockLogImpl.java:isTransactionFailed(278)) - Got block deletion ACK from datanode, TXIDs=35, success=true
2021-08-10 12:16:28,893 [EventQueue-DeleteBlockStatusForDeletedBlockLogImpl] DEBUG block.DeletedBlockLogImpl (DeletedBlockLogImpl.java:commitTransactions(224)) - Transaction txId=35 commit by dnId=b13dbf35-3f05-4a51-87e4-7670ffffb89b for containerID=#35 failed. Corresponding entry not found.
2021-08-10 12:16:28,893 [EventQueue-DeleteBlockStatusForDeletedBlockLogImpl] DEBUG block.DeletedBlockLogImpl (DeletedBlockLogImpl.java:isTransactionFailed(278)) - Got block deletion ACK from datanode, TXIDs=36, success=true
2021-08-10 12:16:28,893 [EventQueue-DeleteBlockStatusForDeletedBlockLogImpl] DEBUG block.DeletedBlockLogImpl (DeletedBlockLogImpl.java:commitTransactions(224)) - Transaction txId=36 commit by dnId=b13dbf35-3f05-4a51-87e4-7670ffffb89b for containerID=#36 failed. Corresponding entry not found.
2021-08-10 12:16:28,893 [EventQueue-DeleteBlockStatusForDeletedBlockLogImpl] DEBUG block.DeletedBlockLogImpl (DeletedBlockLogImpl.java:isTransactionFailed(278)) - Got block deletion ACK from datanode, TXIDs=37, success=true
2021-08-10 12:16:28,893 [EventQueue-DeleteBlockStatusForDeletedBlockLogImpl] DEBUG block.DeletedBlockLogImpl (DeletedBlockLogImpl.java:commitTransactions(224)) - Transaction txId=37 commit by dnId=b13dbf35-3f05-4a51-87e4-7670ffffb89b for containerID=#37 failed. Corresponding entry not found.
2021-08-10 12:16:28,893 [EventQueue-DeleteBlockStatusForDeletedBlockLogImpl] DEBUG block.DeletedBlockLogImpl (DeletedBlockLogImpl.java:isTransactionFailed(278)) - Got block deletion ACK from datanode, TXIDs=38, success=true
2021-08-10 12:16:28,893 [EventQueue-DeleteBlockStatusForDeletedBlockLogImpl] DEBUG block.DeletedBlockLogImpl (DeletedBlockLogImpl.java:commitTransactions(224)) - Transaction txId=38 commit by dnId=b13dbf35-3f05-4a51-87e4-7670ffffb89b for containerID=#38 failed. Corresponding entry not found.
2021-08-10 12:16:28,893 [EventQueue-DeleteBlockStatusForDeletedBlockLogImpl] DEBUG block.DeletedBlockLogImpl (DeletedBlockLogImpl.java:isTransactionFailed(278)) - Got block deletion ACK from datanode, TXIDs=39, success=true
2021-08-10 12:16:28,893 [EventQueue-DeleteBlockStatusForDeletedBlockLogImpl] DEBUG block.DeletedBlockLogImpl (DeletedBlockLogImpl.java:commitTransactions(224)) - Transaction txId=39 commit by dnId=b13dbf35-3f05-4a51-87e4-7670ffffb89b for containerID=#39 failed. Corresponding entry not found.
2021-08-10 12:16:28,893 [EventQueue-DeleteBlockStatusForDeletedBlockLogImpl] DEBUG block.DeletedBlockLogImpl (DeletedBlockLogImpl.java:isTransactionFailed(278)) - Got block deletion ACK from datanode, TXIDs=40, success=true
2021-08-10 12:16:28,893 [EventQueue-DeleteBlockStatusForDeletedBlockLogImpl] DEBUG block.DeletedBlockLogImpl (DeletedBlockLogImpl.java:commitTransactions(224)) - Transaction txId=40 commit by dnId=b13dbf35-3f05-4a51-87e4-7670ffffb89b for containerID=#40 failed. Corresponding entry not found.
2021-08-10 12:16:28,893 [EventQueue-DeleteBlockStatusForDeletedBlockLogImpl] DEBUG block.DeletedBlockLogImpl (DeletedBlockLogImpl.java:isTransactionFailed(278)) - Got block deletion ACK from datanode, TXIDs=41, success=true
2021-08-10 12:16:28,893 [EventQueue-DeleteBlockStatusForDeletedBlockLogImpl] DEBUG block.DeletedBlockLogImpl (DeletedBlockLogImpl.java:commitTransactions(224)) - Transaction txId=41 commit by dnId=b13dbf35-3f05-4a51-87e4-7670ffffb89b for containerID=#41 failed. Corresponding entry not found.
2021-08-10 12:16:28,893 [EventQueue-DeleteBlockStatusForDeletedBlockLogImpl] DEBUG block.DeletedBlockLogImpl (DeletedBlockLogImpl.java:isTransactionFailed(278)) - Got block deletion ACK from datanode, TXIDs=42, success=true
2021-08-10 12:16:28,894 [EventQueue-DeleteBlockStatusForDeletedBlockLogImpl] DEBUG block.DeletedBlockLogImpl (DeletedBlockLogImpl.java:commitTransactions(224)) - Transaction txId=42 commit by dnId=b13dbf35-3f05-4a51-87e4-7670ffffb89b for containerID=#42 failed. Corresponding entry not found.
2021-08-10 12:16:28,894 [EventQueue-DeleteBlockStatusForDeletedBlockLogImpl] DEBUG block.DeletedBlockLogImpl (DeletedBlockLogImpl.java:isTransactionFailed(278)) - Got block deletion ACK from datanode, TXIDs=43, success=true
2021-08-10 12:16:28,895 [EventQueue-DeleteBlockStatusForDeletedBlockLogImpl] DEBUG block.DeletedBlockLogImpl (DeletedBlockLogImpl.java:commitTransactions(224)) - Transaction txId=43 commit by dnId=b13dbf35-3f05-4a51-87e4-7670ffffb89b for containerID=#43 failed. Corresponding entry not found.
2021-08-10 12:16:28,895 [EventQueue-DeleteBlockStatusForDeletedBlockLogImpl] DEBUG block.DeletedBlockLogImpl (DeletedBlockLogImpl.java:isTransactionFailed(278)) - Got block deletion ACK from datanode, TXIDs=44, success=true
2021-08-10 12:16:28,895 [EventQueue-DeleteBlockStatusForDeletedBlockLogImpl] DEBUG block.DeletedBlockLogImpl (DeletedBlockLogImpl.java:commitTransactions(224)) - Transaction txId=44 commit by dnId=b13dbf35-3f05-4a51-87e4-7670ffffb89b for containerID=#44 failed. Corresponding entry not found.
2021-08-10 12:16:28,895 [EventQueue-DeleteBlockStatusForDeletedBlockLogImpl] DEBUG block.DeletedBlockLogImpl (DeletedBlockLogImpl.java:isTransactionFailed(278)) - Got block deletion ACK from datanode, TXIDs=45, success=true
2021-08-10 12:16:28,895 [EventQueue-DeleteBlockStatusForDeletedBlockLogImpl] DEBUG block.DeletedBlockLogImpl (DeletedBlockLogImpl.java:commitTransactions(224)) - Transaction txId=45 commit by dnId=b13dbf35-3f05-4a51-87e4-7670ffffb89b for containerID=#45 failed. Corresponding entry not found.
2021-08-10 12:16:28,895 [EventQueue-DeleteBlockStatusForDeletedBlockLogImpl] DEBUG block.DeletedBlockLogImpl (DeletedBlockLogImpl.java:isTransactionFailed(278)) - Got block deletion ACK from datanode, TXIDs=46, success=true
2021-08-10 12:16:28,895 [EventQueue-DeleteBlockStatusForDeletedBlockLogImpl] DEBUG block.DeletedBlockLogImpl (DeletedBlockLogImpl.java:commitTransactions(224)) - Transaction txId=46 commit by dnId=b13dbf35-3f05-4a51-87e4-7670ffffb89b for containerID=#46 failed. Corresponding entry not found.
2021-08-10 12:16:28,895 [EventQueue-DeleteBlockStatusForDeletedBlockLogImpl] DEBUG block.DeletedBlockLogImpl (DeletedBlockLogImpl.java:isTransactionFailed(278)) - Got block deletion ACK from datanode, TXIDs=47, success=true
2021-08-10 12:16:28,895 [EventQueue-DeleteBlockStatusForDeletedBlockLogImpl] DEBUG block.DeletedBlockLogImpl (DeletedBlockLogImpl.java:commitTransactions(224)) - Transaction txId=47 commit by dnId=b13dbf35-3f05-4a51-87e4-7670ffffb89b for containerID=#47 failed. Corresponding entry not found.
2021-08-10 12:16:28,895 [EventQueue-DeleteBlockStatusForDeletedBlockLogImpl] DEBUG block.DeletedBlockLogImpl (DeletedBlockLogImpl.java:isTransactionFailed(278)) - Got block deletion ACK from datanode, TXIDs=48, success=true
2021-08-10 12:16:28,895 [EventQueue-DeleteBlockStatusForDeletedBlockLogImpl] DEBUG block.DeletedBlockLogImpl (DeletedBlockLogImpl.java:commitTransactions(224)) - Transaction txId=48 commit by dnId=b13dbf35-3f05-4a51-87e4-7670ffffb89b for containerID=#48 failed. Corresponding entry not found.
2021-08-10 12:16:28,895 [EventQueue-DeleteBlockStatusForDeletedBlockLogImpl] DEBUG block.DeletedBlockLogImpl (DeletedBlockLogImpl.java:isTransactionFailed(278)) - Got block deletion ACK from datanode, TXIDs=49, success=true
2021-08-10 12:16:28,895 [EventQueue-DeleteBlockStatusForDeletedBlockLogImpl] DEBUG block.DeletedBlockLogImpl (DeletedBlockLogImpl.java:commitTransactions(224)) - Transaction txId=49 commit by dnId=b13dbf35-3f05-4a51-87e4-7670ffffb89b for containerID=#49 failed. Corresponding entry not found.
2021-08-10 12:16:28,895 [EventQueue-DeleteBlockStatusForDeletedBlockLogImpl] DEBUG block.DeletedBlockLogImpl (DeletedBlockLogImpl.java:isTransactionFailed(278)) - Got block deletion ACK from datanode, TXIDs=50, success=true
2021-08-10 12:16:28,895 [EventQueue-DeleteBlockStatusForDeletedBlockLogImpl] DEBUG block.DeletedBlockLogImpl (DeletedBlockLogImpl.java:commitTransactions(224)) - Transaction txId=50 commit by dnId=b13dbf35-3f05-4a51-87e4-7670ffffb89b for containerID=#50 failed. Corresponding entry not found.
2021-08-10 12:16:28,895 [EventQueue-DeleteBlockStatusForDeletedBlockLogImpl] DEBUG block.DeletedBlockLogImpl (DeletedBlockLogImpl.java:isTransactionFailed(278)) - Got block deletion ACK from datanode, TXIDs=51, success=true
2021-08-10 12:16:28,895 [EventQueue-DeleteBlockStatusForDeletedBlockLogImpl] DEBUG block.DeletedBlockLogImpl (DeletedBlockLogImpl.java:commitTransactions(224)) - Transaction txId=51 commit by dnId=b13dbf35-3f05-4a51-87e4-7670ffffb89b for containerID=#51 failed. Corresponding entry not found.
2021-08-10 12:16:28,895 [EventQueue-DeleteBlockStatusForDeletedBlockLogImpl] DEBUG block.DeletedBlockLogImpl (DeletedBlockLogImpl.java:isTransactionFailed(278)) - Got block deletion ACK from datanode, TXIDs=52, success=true
2021-08-10 12:16:28,895 [EventQueue-DeleteBlockStatusForDeletedBlockLogImpl] DEBUG block.DeletedBlockLogImpl (DeletedBlockLogImpl.java:commitTransactions(224)) - Transaction txId=52 commit by dnId=b13dbf35-3f05-4a51-87e4-7670ffffb89b for containerID=#52 failed. Corresponding entry not found.
2021-08-10 12:16:28,896 [EventQueue-DeleteBlockStatusForDeletedBlockLogImpl] DEBUG block.DeletedBlockLogImpl (DeletedBlockLogImpl.java:isTransactionFailed(278)) - Got block deletion ACK from datanode, TXIDs=53, success=true
2021-08-10 12:16:28,896 [EventQueue-DeleteBlockStatusForDeletedBlockLogImpl] DEBUG block.DeletedBlockLogImpl (DeletedBlockLogImpl.java:commitTransactions(224)) - Transaction txId=53 commit by dnId=b13dbf35-3f05-4a51-87e4-7670ffffb89b for containerID=#53 failed. Corresponding entry not found.
2021-08-10 12:16:28,896 [EventQueue-DeleteBlockStatusForDeletedBlockLogImpl] DEBUG block.DeletedBlockLogImpl (DeletedBlockLogImpl.java:isTransactionFailed(278)) - Got block deletion ACK from datanode, TXIDs=54, success=true
2021-08-10 12:16:28,896 [EventQueue-DeleteBlockStatusForDeletedBlockLogImpl] DEBUG block.DeletedBlockLogImpl (DeletedBlockLogImpl.java:commitTransactions(224)) - Transaction txId=54 commit by dnId=b13dbf35-3f05-4a51-87e4-7670ffffb89b for containerID=#54 failed. Corresponding entry not found.
2021-08-10 12:16:28,896 [EventQueue-DeleteBlockStatusForDeletedBlockLogImpl] DEBUG block.DeletedBlockLogImpl (DeletedBlockLogImpl.java:isTransactionFailed(278)) - Got block deletion ACK from datanode, TXIDs=55, success=true
2021-08-10 12:16:28,896 [EventQueue-DeleteBlockStatusForDeletedBlockLogImpl] DEBUG block.DeletedBlockLogImpl (DeletedBlockLogImpl.java:commitTransactions(224)) - Transaction txId=55 commit by dnId=b13dbf35-3f05-4a51-87e4-7670ffffb89b for containerID=#55 failed. Corresponding entry not found.
2021-08-10 12:16:28,896 [EventQueue-DeleteBlockStatusForDeletedBlockLogImpl] DEBUG block.DeletedBlockLogImpl (DeletedBlockLogImpl.java:isTransactionFailed(278)) - Got block deletion ACK from datanode, TXIDs=56, success=true
2021-08-10 12:16:28,896 [EventQueue-DeleteBlockStatusForDeletedBlockLogImpl] DEBUG block.DeletedBlockLogImpl (DeletedBlockLogImpl.java:commitTransactions(224)) - Transaction txId=56 commit by dnId=b13dbf35-3f05-4a51-87e4-7670ffffb89b for containerID=#56 failed. Corresponding entry not found.
2021-08-10 12:16:28,896 [EventQueue-DeleteBlockStatusForDeletedBlockLogImpl] DEBUG block.DeletedBlockLogImpl (DeletedBlockLogImpl.java:isTransactionFailed(278)) - Got block deletion ACK from datanode, TXIDs=1, success=true
2021-08-10 12:16:28,896 [EventQueue-DeleteBlockStatusForDeletedBlockLogImpl] DEBUG block.DeletedBlockLogImpl (DeletedBlockLogImpl.java:commitTransactions(224)) - Transaction txId=1 commit by dnId=b13dbf35-3f05-4a51-87e4-7670ffffb89b for containerID=#1 failed. Corresponding entry not found.
2021-08-10 12:16:28,896 [EventQueue-DeleteBlockStatusForDeletedBlockLogImpl] DEBUG block.DeletedBlockLogImpl (DeletedBlockLogImpl.java:isTransactionFailed(278)) - Got block deletion ACK from datanode, TXIDs=2, success=true
2021-08-10 12:16:28,896 [EventQueue-DeleteBlockStatusForDeletedBlockLogImpl] DEBUG block.DeletedBlockLogImpl (DeletedBlockLogImpl.java:commitTransactions(224)) - Transaction txId=2 commit by dnId=b13dbf35-3f05-4a51-87e4-7670ffffb89b for containerID=#2 failed. Corresponding entry not found.
2021-08-10 12:16:28,896 [EventQueue-DeleteBlockStatusForDeletedBlockLogImpl] DEBUG block.DeletedBlockLogImpl (DeletedBlockLogImpl.java:isTransactionFailed(278)) - Got block deletion ACK from datanode, TXIDs=3, success=true
2021-08-10 12:16:28,896 [EventQueue-DeleteBlockStatusForDeletedBlockLogImpl] DEBUG block.DeletedBlockLogImpl (DeletedBlockLogImpl.java:commitTransactions(224)) - Transaction txId=3 commit by dnId=b13dbf35-3f05-4a51-87e4-7670ffffb89b for containerID=#3 failed. Corresponding entry not found.
2021-08-10 12:16:28,896 [EventQueue-DeleteBlockStatusForDeletedBlockLogImpl] DEBUG block.DeletedBlockLogImpl (DeletedBlockLogImpl.java:isTransactionFailed(278)) - Got block deletion ACK from datanode, TXIDs=4, success=true
2021-08-10 12:16:28,896 [EventQueue-DeleteBlockStatusForDeletedBlockLogImpl] DEBUG block.DeletedBlockLogImpl (DeletedBlockLogImpl.java:commitTransactions(224)) - Transaction txId=4 commit by dnId=b13dbf35-3f05-4a51-87e4-7670ffffb89b for containerID=#4 failed. Corresponding entry not found.
2021-08-10 12:16:28,896 [EventQueue-DeleteBlockStatusForDeletedBlockLogImpl] DEBUG block.DeletedBlockLogImpl (DeletedBlockLogImpl.java:isTransactionFailed(278)) - Got block deletion ACK from datanode, TXIDs=5, success=true
2021-08-10 12:16:28,896 [EventQueue-DeleteBlockStatusForDeletedBlockLogImpl] DEBUG block.DeletedBlockLogImpl (DeletedBlockLogImpl.java:commitTransactions(224)) - Transaction txId=5 commit by dnId=b13dbf35-3f05-4a51-87e4-7670ffffb89b for containerID=#5 failed. Corresponding entry not found.
2021-08-10 12:16:28,896 [EventQueue-DeleteBlockStatusForDeletedBlockLogImpl] DEBUG block.DeletedBlockLogImpl (DeletedBlockLogImpl.java:isTransactionFailed(278)) - Got block deletion ACK from datanode, TXIDs=6, success=true
2021-08-10 12:16:28,896 [EventQueue-DeleteBlockStatusForDeletedBlockLogImpl] DEBUG block.DeletedBlockLogImpl (DeletedBlockLogImpl.java:commitTransactions(224)) - Transaction txId=6 commit by dnId=b13dbf35-3f05-4a51-87e4-7670ffffb89b for containerID=#6 failed. Corresponding entry not found.
2021-08-10 12:16:28,896 [EventQueue-DeleteBlockStatusForDeletedBlockLogImpl] DEBUG block.DeletedBlockLogImpl (DeletedBlockLogImpl.java:isTransactionFailed(278)) - Got block deletion ACK from datanode, TXIDs=7, success=true
2021-08-10 12:16:28,896 [EventQueue-DeleteBlockStatusForDeletedBlockLogImpl] DEBUG block.DeletedBlockLogImpl (DeletedBlockLogImpl.java:commitTransactions(224)) - Transaction txId=7 commit by dnId=b13dbf35-3f05-4a51-87e4-7670ffffb89b for containerID=#7 failed. Corresponding entry not found.
2021-08-10 12:16:28,896 [EventQueue-DeleteBlockStatusForDeletedBlockLogImpl] DEBUG block.DeletedBlockLogImpl (DeletedBlockLogImpl.java:isTransactionFailed(278)) - Got block deletion ACK from datanode, TXIDs=8, success=true
2021-08-10 12:16:28,896 [EventQueue-DeleteBlockStatusForDeletedBlockLogImpl] DEBUG block.DeletedBlockLogImpl (DeletedBlockLogImpl.java:commitTransactions(224)) - Transaction txId=8 commit by dnId=b13dbf35-3f05-4a51-87e4-7670ffffb89b for containerID=#8 failed. Corresponding entry not found.
2021-08-10 12:16:28,896 [EventQueue-DeleteBlockStatusForDeletedBlockLogImpl] DEBUG block.DeletedBlockLogImpl (DeletedBlockLogImpl.java:isTransactionFailed(278)) - Got block deletion ACK from datanode, TXIDs=9, success=true
2021-08-10 12:16:28,896 [EventQueue-DeleteBlockStatusForDeletedBlockLogImpl] DEBUG block.DeletedBlockLogImpl (DeletedBlockLogImpl.java:commitTransactions(224)) - Transaction txId=9 commit by dnId=b13dbf35-3f05-4a51-87e4-7670ffffb89b for containerID=#9 failed. Corresponding entry not found.
2021-08-10 12:16:28,896 [EventQueue-DeleteBlockStatusForDeletedBlockLogImpl] DEBUG block.DeletedBlockLogImpl (DeletedBlockLogImpl.java:isTransactionFailed(278)) - Got block deletion ACK from datanode, TXIDs=10, success=true
2021-08-10 12:16:28,896 [EventQueue-DeleteBlockStatusForDeletedBlockLogImpl] DEBUG block.DeletedBlockLogImpl (DeletedBlockLogImpl.java:commitTransactions(224)) - Transaction txId=10 commit by dnId=b13dbf35-3f05-4a51-87e4-7670ffffb89b for containerID=#10 failed. Corresponding entry not found.
2021-08-10 12:16:28,896 [EventQueue-DeleteBlockStatusForDeletedBlockLogImpl] DEBUG block.DeletedBlockLogImpl (DeletedBlockLogImpl.java:isTransactionFailed(278)) - Got block deletion ACK from datanode, TXIDs=11, success=true
2021-08-10 12:16:28,896 [EventQueue-DeleteBlockStatusForDeletedBlockLogImpl] DEBUG block.DeletedBlockLogImpl (DeletedBlockLogImpl.java:commitTransactions(224)) - Transaction txId=11 commit by dnId=b13dbf35-3f05-4a51-87e4-7670ffffb89b for containerID=#11 failed. Corresponding entry not found.
2021-08-10 12:16:28,896 [EventQueue-DeleteBlockStatusForDeletedBlockLogImpl] DEBUG block.DeletedBlockLogImpl (DeletedBlockLogImpl.java:isTransactionFailed(278)) - Got block deletion ACK from datanode, TXIDs=12, success=true
2021-08-10 12:16:28,896 [EventQueue-DeleteBlockStatusForDeletedBlockLogImpl] DEBUG block.DeletedBlockLogImpl (DeletedBlockLogImpl.java:commitTransactions(224)) - Transaction txId=12 commit by dnId=b13dbf35-3f05-4a51-87e4-7670ffffb89b for containerID=#12 failed. Corresponding entry not found.
2021-08-10 12:16:28,896 [EventQueue-DeleteBlockStatusForDeletedBlockLogImpl] DEBUG block.DeletedBlockLogImpl (DeletedBlockLogImpl.java:isTransactionFailed(278)) - Got block deletion ACK from datanode, TXIDs=13, success=true
2021-08-10 12:16:28,896 [EventQueue-DeleteBlockStatusForDeletedBlockLogImpl] DEBUG block.DeletedBlockLogImpl (DeletedBlockLogImpl.java:commitTransactions(224)) - Transaction txId=13 commit by dnId=b13dbf35-3f05-4a51-87e4-7670ffffb89b for containerID=#13 failed. Corresponding entry not found.
2021-08-10 12:16:28,896 [EventQueue-DeleteBlockStatusForDeletedBlockLogImpl] DEBUG block.DeletedBlockLogImpl (DeletedBlockLogImpl.java:isTransactionFailed(278)) - Got block deletion ACK from datanode, TXIDs=14, success=true
2021-08-10 12:16:28,896 [EventQueue-DeleteBlockStatusForDeletedBlockLogImpl] DEBUG block.DeletedBlockLogImpl (DeletedBlockLogImpl.java:commitTransactions(224)) - Transaction txId=14 commit by dnId=b13dbf35-3f05-4a51-87e4-7670ffffb89b for containerID=#14 failed. Corresponding entry not found.
2021-08-10 12:16:28,896 [EventQueue-DeleteBlockStatusForDeletedBlockLogImpl] DEBUG block.DeletedBlockLogImpl (DeletedBlockLogImpl.java:isTransactionFailed(278)) - Got block deletion ACK from datanode, TXIDs=15, success=true
2021-08-10 12:16:28,896 [EventQueue-DeleteBlockStatusForDeletedBlockLogImpl] DEBUG block.DeletedBlockLogImpl (DeletedBlockLogImpl.java:commitTransactions(224)) - Transaction txId=15 commit by dnId=b13dbf35-3f05-4a51-87e4-7670ffffb89b for containerID=#15 failed. Corresponding entry not found.
2021-08-10 12:16:28,896 [EventQueue-DeleteBlockStatusForDeletedBlockLogImpl] DEBUG block.DeletedBlockLogImpl (DeletedBlockLogImpl.java:isTransactionFailed(278)) - Got block deletion ACK from datanode, TXIDs=16, success=true
2021-08-10 12:16:28,896 [EventQueue-DeleteBlockStatusForDeletedBlockLogImpl] DEBUG block.DeletedBlockLogImpl (DeletedBlockLogImpl.java:commitTransactions(224)) - Transaction txId=16 commit by dnId=b13dbf35-3f05-4a51-87e4-7670ffffb89b for containerID=#16 failed. Corresponding entry not found.
2021-08-10 12:16:28,896 [EventQueue-DeleteBlockStatusForDeletedBlockLogImpl] DEBUG block.DeletedBlockLogImpl (DeletedBlockLogImpl.java:isTransactionFailed(278)) - Got block deletion ACK from datanode, TXIDs=17, success=true
2021-08-10 12:16:28,896 [EventQueue-DeleteBlockStatusForDeletedBlockLogImpl] DEBUG block.DeletedBlockLogImpl (DeletedBlockLogImpl.java:commitTransactions(224)) - Transaction txId=17 commit by dnId=b13dbf35-3f05-4a51-87e4-7670ffffb89b for containerID=#17 failed. Corresponding entry not found.
2021-08-10 12:16:28,896 [EventQueue-DeleteBlockStatusForDeletedBlockLogImpl] DEBUG block.DeletedBlockLogImpl (DeletedBlockLogImpl.java:isTransactionFailed(278)) - Got block deletion ACK from datanode, TXIDs=18, success=true
2021-08-10 12:16:28,896 [EventQueue-DeleteBlockStatusForDeletedBlockLogImpl] DEBUG block.DeletedBlockLogImpl (DeletedBlockLogImpl.java:commitTransactions(224)) - Transaction txId=18 commit by dnId=b13dbf35-3f05-4a51-87e4-7670ffffb89b for containerID=#18 failed. Corresponding entry not found.
2021-08-10 12:16:28,896 [EventQueue-DeleteBlockStatusForDeletedBlockLogImpl] DEBUG block.DeletedBlockLogImpl (DeletedBlockLogImpl.java:isTransactionFailed(278)) - Got block deletion ACK from datanode, TXIDs=19, success=true
2021-08-10 12:16:28,896 [EventQueue-DeleteBlockStatusForDeletedBlockLogImpl] DEBUG block.DeletedBlockLogImpl (DeletedBlockLogImpl.java:commitTransactions(224)) - Transaction txId=19 commit by dnId=b13dbf35-3f05-4a51-87e4-7670ffffb89b for containerID=#19 failed. Corresponding entry not found.
2021-08-10 12:16:28,896 [EventQueue-DeleteBlockStatusForDeletedBlockLogImpl] DEBUG block.DeletedBlockLogImpl (DeletedBlockLogImpl.java:isTransactionFailed(278)) - Got block deletion ACK from datanode, TXIDs=20, success=true
2021-08-10 12:16:28,896 [EventQueue-DeleteBlockStatusForDeletedBlockLogImpl] DEBUG block.DeletedBlockLogImpl (DeletedBlockLogImpl.java:commitTransactions(224)) - Transaction txId=20 commit by dnId=b13dbf35-3f05-4a51-87e4-7670ffffb89b for containerID=#20 failed. Corresponding entry not found.
2021-08-10 12:16:28,896 [EventQueue-DeleteBlockStatusForDeletedBlockLogImpl] DEBUG block.DeletedBlockLogImpl (DeletedBlockLogImpl.java:isTransactionFailed(278)) - Got block deletion ACK from datanode, TXIDs=21, success=true
2021-08-10 12:16:28,896 [EventQueue-DeleteBlockStatusForDeletedBlockLogImpl] DEBUG block.DeletedBlockLogImpl (DeletedBlockLogImpl.java:commitTransactions(224)) - Transaction txId=21 commit by dnId=b13dbf35-3f05-4a51-87e4-7670ffffb89b for containerID=#21 failed. Corresponding entry not found.
2021-08-10 12:16:28,896 [EventQueue-DeleteBlockStatusForDeletedBlockLogImpl] DEBUG block.DeletedBlockLogImpl (DeletedBlockLogImpl.java:isTransactionFailed(278)) - Got block deletion ACK from datanode, TXIDs=22, success=true
2021-08-10 12:16:28,896 [EventQueue-DeleteBlockStatusForDeletedBlockLogImpl] DEBUG block.DeletedBlockLogImpl (DeletedBlockLogImpl.java:commitTransactions(224)) - Transaction txId=22 commit by dnId=b13dbf35-3f05-4a51-87e4-7670ffffb89b for containerID=#22 failed. Corresponding entry not found.
2021-08-10 12:16:28,897 [EventQueue-DeleteBlockStatusForDeletedBlockLogImpl] DEBUG block.DeletedBlockLogImpl (DeletedBlockLogImpl.java:isTransactionFailed(278)) - Got block deletion ACK from datanode, TXIDs=23, success=true
2021-08-10 12:16:28,897 [EventQueue-DeleteBlockStatusForDeletedBlockLogImpl] DEBUG block.DeletedBlockLogImpl (DeletedBlockLogImpl.java:commitTransactions(224)) - Transaction txId=23 commit by dnId=b13dbf35-3f05-4a51-87e4-7670ffffb89b for containerID=#23 failed. Corresponding entry not found.
2021-08-10 12:16:28,897 [EventQueue-DeleteBlockStatusForDeletedBlockLogImpl] DEBUG block.DeletedBlockLogImpl (DeletedBlockLogImpl.java:isTransactionFailed(278)) - Got block deletion ACK from datanode, TXIDs=24, success=true
2021-08-10 12:16:28,897 [EventQueue-DeleteBlockStatusForDeletedBlockLogImpl] DEBUG block.DeletedBlockLogImpl (DeletedBlockLogImpl.java:commitTransactions(224)) - Transaction txId=24 commit by dnId=b13dbf35-3f05-4a51-87e4-7670ffffb89b for containerID=#24 failed. Corresponding entry not found.
2021-08-10 12:16:28,897 [EventQueue-DeleteBlockStatusForDeletedBlockLogImpl] DEBUG block.DeletedBlockLogImpl (DeletedBlockLogImpl.java:isTransactionFailed(278)) - Got block deletion ACK from datanode, TXIDs=25, success=true
2021-08-10 12:16:28,897 [EventQueue-DeleteBlockStatusForDeletedBlockLogImpl] DEBUG block.DeletedBlockLogImpl (DeletedBlockLogImpl.java:commitTransactions(224)) - Transaction txId=25 commit by dnId=b13dbf35-3f05-4a51-87e4-7670ffffb89b for containerID=#25 failed. Corresponding entry not found.
2021-08-10 12:16:28,897 [EventQueue-DeleteBlockStatusForDeletedBlockLogImpl] DEBUG block.DeletedBlockLogImpl (DeletedBlockLogImpl.java:isTransactionFailed(278)) - Got block deletion ACK from datanode, TXIDs=26, success=true
2021-08-10 12:16:28,897 [EventQueue-DeleteBlockStatusForDeletedBlockLogImpl] DEBUG block.DeletedBlockLogImpl (DeletedBlockLogImpl.java:commitTransactions(224)) - Transaction txId=26 commit by dnId=b13dbf35-3f05-4a51-87e4-7670ffffb89b for containerID=#26 failed. Corresponding entry not found.
2021-08-10 12:16:28,897 [EventQueue-DeleteBlockStatusForDeletedBlockLogImpl] DEBUG block.DeletedBlockLogImpl (DeletedBlockLogImpl.java:isTransactionFailed(278)) - Got block deletion ACK from datanode, TXIDs=27, success=true
2021-08-10 12:16:28,897 [EventQueue-DeleteBlockStatusForDeletedBlockLogImpl] DEBUG block.DeletedBlockLogImpl (DeletedBlockLogImpl.java:commitTransactions(224)) - Transaction txId=27 commit by dnId=b13dbf35-3f05-4a51-87e4-7670ffffb89b for containerID=#27 failed. Corresponding entry not found.
2021-08-10 12:16:28,897 [EventQueue-DeleteBlockStatusForDeletedBlockLogImpl] DEBUG block.DeletedBlockLogImpl (DeletedBlockLogImpl.java:isTransactionFailed(278)) - Got block deletion ACK from datanode, TXIDs=28, success=true
2021-08-10 12:16:28,897 [EventQueue-DeleteBlockStatusForDeletedBlockLogImpl] DEBUG block.DeletedBlockLogImpl (DeletedBlockLogImpl.java:commitTransactions(224)) - Transaction txId=28 commit by dnId=b13dbf35-3f05-4a51-87e4-7670ffffb89b for containerID=#28 failed. Corresponding entry not found.
2021-08-10 12:16:28,897 [EventQueue-DeleteBlockStatusForDeletedBlockLogImpl] DEBUG block.DeletedBlockLogImpl (DeletedBlockLogImpl.java:isTransactionFailed(278)) - Got block deletion ACK from datanode, TXIDs=29, success=true
2021-08-10 12:16:28,897 [EventQueue-DeleteBlockStatusForDeletedBlockLogImpl] DEBUG block.DeletedBlockLogImpl (DeletedBlockLogImpl.java:commitTransactions(224)) - Transaction txId=29 commit by dnId=b13dbf35-3f05-4a51-87e4-7670ffffb89b for containerID=#29 failed. Corresponding entry not found.
2021-08-10 12:16:28,897 [EventQueue-DeleteBlockStatusForDeletedBlockLogImpl] DEBUG block.DeletedBlockLogImpl (DeletedBlockLogImpl.java:isTransactionFailed(278)) - Got block deletion ACK from datanode, TXIDs=30, success=true
2021-08-10 12:16:28,897 [EventQueue-DeleteBlockStatusForDeletedBlockLogImpl] DEBUG block.DeletedBlockLogImpl (DeletedBlockLogImpl.java:commitTransactions(224)) - Transaction txId=30 commit by dnId=b13dbf35-3f05-4a51-87e4-7670ffffb89b for containerID=#30 failed. Corresponding entry not found.
2021-08-10 12:16:28,897 [EventQueue-DeleteBlockStatusForDeletedBlockLogImpl] DEBUG block.DeletedBlockLogImpl (DeletedBlockLogImpl.java:isTransactionFailed(278)) - Got block deletion ACK from datanode, TXIDs=31, success=true
2021-08-10 12:16:28,897 [EventQueue-DeleteBlockStatusForDeletedBlockLogImpl] DEBUG block.DeletedBlockLogImpl (DeletedBlockLogImpl.java:commitTransactions(224)) - Transaction txId=31 commit by dnId=b13dbf35-3f05-4a51-87e4-7670ffffb89b for containerID=#31 failed. Corresponding entry not found.
2021-08-10 12:16:28,897 [EventQueue-DeleteBlockStatusForDeletedBlockLogImpl] DEBUG block.DeletedBlockLogImpl (DeletedBlockLogImpl.java:isTransactionFailed(278)) - Got block deletion ACK from datanode, TXIDs=32, success=true
2021-08-10 12:16:28,897 [EventQueue-DeleteBlockStatusForDeletedBlockLogImpl] DEBUG block.DeletedBlockLogImpl (DeletedBlockLogImpl.java:commitTransactions(224)) - Transaction txId=32 commit by dnId=b13dbf35-3f05-4a51-87e4-7670ffffb89b for containerID=#32 failed. Corresponding entry not found.
2021-08-10 12:16:28,897 [EventQueue-DeleteBlockStatusForDeletedBlockLogImpl] DEBUG block.DeletedBlockLogImpl (DeletedBlockLogImpl.java:isTransactionFailed(278)) - Got block deletion ACK from datanode, TXIDs=33, success=true
2021-08-10 12:16:28,897 [EventQueue-DeleteBlockStatusForDeletedBlockLogImpl] DEBUG block.DeletedBlockLogImpl (DeletedBlockLogImpl.java:commitTransactions(224)) - Transaction txId=33 commit by dnId=b13dbf35-3f05-4a51-87e4-7670ffffb89b for containerID=#33 failed. Corresponding entry not found.
2021-08-10 12:16:28,897 [EventQueue-DeleteBlockStatusForDeletedBlockLogImpl] DEBUG block.DeletedBlockLogImpl (DeletedBlockLogImpl.java:isTransactionFailed(278)) - Got block deletion ACK from datanode, TXIDs=34, success=true
2021-08-10 12:16:28,897 [EventQueue-DeleteBlockStatusForDeletedBlockLogImpl] DEBUG block.DeletedBlockLogImpl (DeletedBlockLogImpl.java:commitTransactions(224)) - Transaction txId=34 commit by dnId=b13dbf35-3f05-4a51-87e4-7670ffffb89b for containerID=#34 failed. Corresponding entry not found.
2021-08-10 12:16:28,897 [EventQueue-DeleteBlockStatusForDeletedBlockLogImpl] DEBUG block.DeletedBlockLogImpl (DeletedBlockLogImpl.java:isTransactionFailed(278)) - Got block deletion ACK from datanode, TXIDs=35, success=true
2021-08-10 12:16:28,897 [EventQueue-DeleteBlockStatusForDeletedBlockLogImpl] DEBUG block.DeletedBlockLogImpl (DeletedBlockLogImpl.java:commitTransactions(224)) - Transaction txId=35 commit by dnId=b13dbf35-3f05-4a51-87e4-7670ffffb89b for containerID=#35 failed. Corresponding entry not found.
2021-08-10 12:16:28,897 [EventQueue-DeleteBlockStatusForDeletedBlockLogImpl] DEBUG block.DeletedBlockLogImpl (DeletedBlockLogImpl.java:isTransactionFailed(278)) - Got block deletion ACK from datanode, TXIDs=36, success=true
2021-08-10 12:16:28,897 [EventQueue-DeleteBlockStatusForDeletedBlockLogImpl] DEBUG block.DeletedBlockLogImpl (DeletedBlockLogImpl.java:commitTransactions(224)) - Transaction txId=36 commit by dnId=b13dbf35-3f05-4a51-87e4-7670ffffb89b for containerID=#36 failed. Corresponding entry not found.
2021-08-10 12:16:28,897 [EventQueue-DeleteBlockStatusForDeletedBlockLogImpl] DEBUG block.DeletedBlockLogImpl (DeletedBlockLogImpl.java:isTransactionFailed(278)) - Got block deletion ACK from datanode, TXIDs=37, success=true
2021-08-10 12:16:28,897 [EventQueue-DeleteBlockStatusForDeletedBlockLogImpl] DEBUG block.DeletedBlockLogImpl (DeletedBlockLogImpl.java:commitTransactions(224)) - Transaction txId=37 commit by dnId=b13dbf35-3f05-4a51-87e4-7670ffffb89b for containerID=#37 failed. Corresponding entry not found.
2021-08-10 12:16:28,897 [EventQueue-DeleteBlockStatusForDeletedBlockLogImpl] DEBUG block.DeletedBlockLogImpl (DeletedBlockLogImpl.java:isTransactionFailed(278)) - Got block deletion ACK from datanode, TXIDs=38, success=true
2021-08-10 12:16:28,897 [EventQueue-DeleteBlockStatusForDeletedBlockLogImpl] DEBUG block.DeletedBlockLogImpl (DeletedBlockLogImpl.java:commitTransactions(224)) - Transaction txId=38 commit by dnId=b13dbf35-3f05-4a51-87e4-7670ffffb89b for containerID=#38 failed. Corresponding entry not found.
2021-08-10 12:16:28,897 [EventQueue-DeleteBlockStatusForDeletedBlockLogImpl] DEBUG block.DeletedBlockLogImpl (DeletedBlockLogImpl.java:isTransactionFailed(278)) - Got block deletion ACK from datanode, TXIDs=39, success=true
2021-08-10 12:16:28,897 [EventQueue-DeleteBlockStatusForDeletedBlockLogImpl] DEBUG block.DeletedBlockLogImpl (DeletedBlockLogImpl.java:commitTransactions(224)) - Transaction txId=39 commit by dnId=b13dbf35-3f05-4a51-87e4-7670ffffb89b for containerID=#39 failed. Corresponding entry not found.
2021-08-10 12:16:28,897 [EventQueue-DeleteBlockStatusForDeletedBlockLogImpl] DEBUG block.DeletedBlockLogImpl (DeletedBlockLogImpl.java:isTransactionFailed(278)) - Got block deletion ACK from datanode, TXIDs=40, success=true
2021-08-10 12:16:28,897 [EventQueue-DeleteBlockStatusForDeletedBlockLogImpl] DEBUG block.DeletedBlockLogImpl (DeletedBlockLogImpl.java:commitTransactions(224)) - Transaction txId=40 commit by dnId=b13dbf35-3f05-4a51-87e4-7670ffffb89b for containerID=#40 failed. Corresponding entry not found.
2021-08-10 12:16:28,897 [EventQueue-DeleteBlockStatusForDeletedBlockLogImpl] DEBUG block.DeletedBlockLogImpl (DeletedBlockLogImpl.java:isTransactionFailed(278)) - Got block deletion ACK from datanode, TXIDs=41, success=true
2021-08-10 12:16:28,897 [EventQueue-DeleteBlockStatusForDeletedBlockLogImpl] DEBUG block.DeletedBlockLogImpl (DeletedBlockLogImpl.java:commitTransactions(224)) - Transaction txId=41 commit by dnId=b13dbf35-3f05-4a51-87e4-7670ffffb89b for containerID=#41 failed. Corresponding entry not found.
2021-08-10 12:16:28,897 [EventQueue-DeleteBlockStatusForDeletedBlockLogImpl] DEBUG block.DeletedBlockLogImpl (DeletedBlockLogImpl.java:isTransactionFailed(278)) - Got block deletion ACK from datanode, TXIDs=42, success=true
2021-08-10 12:16:28,897 [EventQueue-DeleteBlockStatusForDeletedBlockLogImpl] DEBUG block.DeletedBlockLogImpl (DeletedBlockLogImpl.java:commitTransactions(224)) - Transaction txId=42 commit by dnId=b13dbf35-3f05-4a51-87e4-7670ffffb89b for containerID=#42 failed. Corresponding entry not found.
2021-08-10 12:16:28,897 [EventQueue-DeleteBlockStatusForDeletedBlockLogImpl] DEBUG block.DeletedBlockLogImpl (DeletedBlockLogImpl.java:isTransactionFailed(278)) - Got block deletion ACK from datanode, TXIDs=43, success=true
2021-08-10 12:16:28,897 [EventQueue-DeleteBlockStatusForDeletedBlockLogImpl] DEBUG block.DeletedBlockLogImpl (DeletedBlockLogImpl.java:commitTransactions(224)) - Transaction txId=43 commit by dnId=b13dbf35-3f05-4a51-87e4-7670ffffb89b for containerID=#43 failed. Corresponding entry not found.
2021-08-10 12:16:28,897 [EventQueue-DeleteBlockStatusForDeletedBlockLogImpl] DEBUG block.DeletedBlockLogImpl (DeletedBlockLogImpl.java:isTransactionFailed(278)) - Got block deletion ACK from datanode, TXIDs=44, success=true
2021-08-10 12:16:28,897 [EventQueue-DeleteBlockStatusForDeletedBlockLogImpl] DEBUG block.DeletedBlockLogImpl (DeletedBlockLogImpl.java:commitTransactions(224)) - Transaction txId=44 commit by dnId=b13dbf35-3f05-4a51-87e4-7670ffffb89b for containerID=#44 failed. Corresponding entry not found.
2021-08-10 12:16:28,897 [EventQueue-DeleteBlockStatusForDeletedBlockLogImpl] DEBUG block.DeletedBlockLogImpl (DeletedBlockLogImpl.java:isTransactionFailed(278)) - Got block deletion ACK from datanode, TXIDs=45, success=true
2021-08-10 12:16:28,897 [EventQueue-DeleteBlockStatusForDeletedBlockLogImpl] DEBUG block.DeletedBlockLogImpl (DeletedBlockLogImpl.java:commitTransactions(224)) - Transaction txId=45 commit by dnId=b13dbf35-3f05-4a51-87e4-7670ffffb89b for containerID=#45 failed. Corresponding entry not found.
2021-08-10 12:16:28,897 [EventQueue-DeleteBlockStatusForDeletedBlockLogImpl] DEBUG block.DeletedBlockLogImpl (DeletedBlockLogImpl.java:isTransactionFailed(278)) - Got block deletion ACK from datanode, TXIDs=46, success=true
2021-08-10 12:16:28,897 [EventQueue-DeleteBlockStatusForDeletedBlockLogImpl] DEBUG block.DeletedBlockLogImpl (DeletedBlockLogImpl.java:commitTransactions(224)) - Transaction txId=46 commit by dnId=b13dbf35-3f05-4a51-87e4-7670ffffb89b for containerID=#46 failed. Corresponding entry not found.
2021-08-10 12:16:28,897 [EventQueue-DeleteBlockStatusForDeletedBlockLogImpl] DEBUG block.DeletedBlockLogImpl (DeletedBlockLogImpl.java:isTransactionFailed(278)) - Got block deletion ACK from datanode, TXIDs=47, success=true
2021-08-10 12:16:28,897 [EventQueue-DeleteBlockStatusForDeletedBlockLogImpl] DEBUG block.DeletedBlockLogImpl (DeletedBlockLogImpl.java:commitTransactions(224)) - Transaction txId=47 commit by dnId=b13dbf35-3f05-4a51-87e4-7670ffffb89b for containerID=#47 failed. Corresponding entry not found.
2021-08-10 12:16:28,897 [EventQueue-DeleteBlockStatusForDeletedBlockLogImpl] DEBUG block.DeletedBlockLogImpl (DeletedBlockLogImpl.java:isTransactionFailed(278)) - Got block deletion ACK from datanode, TXIDs=48, success=true
2021-08-10 12:16:28,897 [EventQueue-DeleteBlockStatusForDeletedBlockLogImpl] DEBUG block.DeletedBlockLogImpl (DeletedBlockLogImpl.java:commitTransactions(224)) - Transaction txId=48 commit by dnId=b13dbf35-3f05-4a51-87e4-7670ffffb89b for containerID=#48 failed. Corresponding entry not found.
2021-08-10 12:16:28,897 [EventQueue-DeleteBlockStatusForDeletedBlockLogImpl] DEBUG block.DeletedBlockLogImpl (DeletedBlockLogImpl.java:isTransactionFailed(278)) - Got block deletion ACK from datanode, TXIDs=49, success=true
2021-08-10 12:16:28,898 [EventQueue-DeleteBlockStatusForDeletedBlockLogImpl] DEBUG block.DeletedBlockLogImpl (DeletedBlockLogImpl.java:commitTransactions(224)) - Transaction txId=49 commit by dnId=b13dbf35-3f05-4a51-87e4-7670ffffb89b for containerID=#49 failed. Corresponding entry not found.
2021-08-10 12:16:28,898 [EventQueue-DeleteBlockStatusForDeletedBlockLogImpl] DEBUG block.DeletedBlockLogImpl (DeletedBlockLogImpl.java:isTransactionFailed(278)) - Got block deletion ACK from datanode, TXIDs=50, success=true
2021-08-10 12:16:28,898 [EventQueue-DeleteBlockStatusForDeletedBlockLogImpl] DEBUG block.DeletedBlockLogImpl (DeletedBlockLogImpl.java:commitTransactions(224)) - Transaction txId=50 commit by dnId=b13dbf35-3f05-4a51-87e4-7670ffffb89b for containerID=#50 failed. Corresponding entry not found.
2021-08-10 12:16:28,898 [EventQueue-DeleteBlockStatusForDeletedBlockLogImpl] DEBUG block.DeletedBlockLogImpl (DeletedBlockLogImpl.java:isTransactionFailed(278)) - Got block deletion ACK from datanode, TXIDs=51, success=true
2021-08-10 12:16:28,898 [EventQueue-DeleteBlockStatusForDeletedBlockLogImpl] DEBUG block.DeletedBlockLogImpl (DeletedBlockLogImpl.java:commitTransactions(224)) - Transaction txId=51 commit by dnId=b13dbf35-3f05-4a51-87e4-7670ffffb89b for containerID=#51 failed. Corresponding entry not found.
2021-08-10 12:16:28,898 [EventQueue-DeleteBlockStatusForDeletedBlockLogImpl] DEBUG block.DeletedBlockLogImpl (DeletedBlockLogImpl.java:isTransactionFailed(278)) - Got block deletion ACK from datanode, TXIDs=52, success=true
2021-08-10 12:16:28,898 [EventQueue-DeleteBlockStatusForDeletedBlockLogImpl] DEBUG block.DeletedBlockLogImpl (DeletedBlockLogImpl.java:commitTransactions(224)) - Transaction txId=52 commit by dnId=b13dbf35-3f05-4a51-87e4-7670ffffb89b for containerID=#52 failed. Corresponding entry not found.
2021-08-10 12:16:28,898 [EventQueue-DeleteBlockStatusForDeletedBlockLogImpl] DEBUG block.DeletedBlockLogImpl (DeletedBlockLogImpl.java:isTransactionFailed(278)) - Got block deletion ACK from datanode, TXIDs=53, success=true
2021-08-10 12:16:28,898 [EventQueue-DeleteBlockStatusForDeletedBlockLogImpl] DEBUG block.DeletedBlockLogImpl (DeletedBlockLogImpl.java:commitTransactions(224)) - Transaction txId=53 commit by dnId=b13dbf35-3f05-4a51-87e4-7670ffffb89b for containerID=#53 failed. Corresponding entry not found.
2021-08-10 12:16:28,898 [EventQueue-DeleteBlockStatusForDeletedBlockLogImpl] DEBUG block.DeletedBlockLogImpl (DeletedBlockLogImpl.java:isTransactionFailed(278)) - Got block deletion ACK from datanode, TXIDs=54, success=true
2021-08-10 12:16:28,898 [EventQueue-DeleteBlockStatusForDeletedBlockLogImpl] DEBUG block.DeletedBlockLogImpl (DeletedBlockLogImpl.java:commitTransactions(224)) - Transaction txId=54 commit by dnId=b13dbf35-3f05-4a51-87e4-7670ffffb89b for containerID=#54 failed. Corresponding entry not found.
2021-08-10 12:16:28,898 [EventQueue-DeleteBlockStatusForDeletedBlockLogImpl] DEBUG block.DeletedBlockLogImpl (DeletedBlockLogImpl.java:isTransactionFailed(278)) - Got block deletion ACK from datanode, TXIDs=55, success=true
2021-08-10 12:16:28,898 [EventQueue-DeleteBlockStatusForDeletedBlockLogImpl] DEBUG block.DeletedBlockLogImpl (DeletedBlockLogImpl.java:commitTransactions(224)) - Transaction txId=55 commit by dnId=b13dbf35-3f05-4a51-87e4-7670ffffb89b for containerID=#55 failed. Corresponding entry not found.
2021-08-10 12:16:28,898 [EventQueue-DeleteBlockStatusForDeletedBlockLogImpl] DEBUG block.DeletedBlockLogImpl (DeletedBlockLogImpl.java:isTransactionFailed(278)) - Got block deletion ACK from datanode, TXIDs=56, success=true
2021-08-10 12:16:28,898 [EventQueue-DeleteBlockStatusForDeletedBlockLogImpl] DEBUG block.DeletedBlockLogImpl (DeletedBlockLogImpl.java:commitTransactions(224)) - Transaction txId=56 commit by dnId=b13dbf35-3f05-4a51-87e4-7670ffffb89b for containerID=#56 failed. Corresponding entry not found.
2021-08-10 12:16:28,898 [EventQueue-DeleteBlockStatusForDeletedBlockLogImpl] DEBUG block.DeletedBlockLogImpl (DeletedBlockLogImpl.java:isTransactionFailed(278)) - Got block deletion ACK from datanode, TXIDs=1, success=true
2021-08-10 12:16:28,898 [EventQueue-DeleteBlockStatusForDeletedBlockLogImpl] DEBUG block.DeletedBlockLogImpl (DeletedBlockLogImpl.java:commitTransactions(224)) - Transaction txId=1 commit by dnId=b13dbf35-3f05-4a51-87e4-7670ffffb89b for containerID=#1 failed. Corresponding entry not found.
2021-08-10 12:16:28,898 [EventQueue-DeleteBlockStatusForDeletedBlockLogImpl] DEBUG block.DeletedBlockLogImpl (DeletedBlockLogImpl.java:isTransactionFailed(278)) - Got block deletion ACK from datanode, TXIDs=2, success=true
2021-08-10 12:16:28,898 [EventQueue-DeleteBlockStatusForDeletedBlockLogImpl] DEBUG block.DeletedBlockLogImpl (DeletedBlockLogImpl.java:commitTransactions(224)) - Transaction txId=2 commit by dnId=b13dbf35-3f05-4a51-87e4-7670ffffb89b for containerID=#2 failed. Corresponding entry not found.
2021-08-10 12:16:28,898 [EventQueue-DeleteBlockStatusForDeletedBlockLogImpl] DEBUG block.DeletedBlockLogImpl (DeletedBlockLogImpl.java:isTransactionFailed(278)) - Got block deletion ACK from datanode, TXIDs=3, success=true
2021-08-10 12:16:28,898 [EventQueue-DeleteBlockStatusForDeletedBlockLogImpl] DEBUG block.DeletedBlockLogImpl (DeletedBlockLogImpl.java:commitTransactions(224)) - Transaction txId=3 commit by dnId=b13dbf35-3f05-4a51-87e4-7670ffffb89b for containerID=#3 failed. Corresponding entry not found.
2021-08-10 12:16:28,898 [EventQueue-DeleteBlockStatusForDeletedBlockLogImpl] DEBUG block.DeletedBlockLogImpl (DeletedBlockLogImpl.java:isTransactionFailed(278)) - Got block deletion ACK from datanode, TXIDs=4, success=true
2021-08-10 12:16:28,898 [EventQueue-DeleteBlockStatusForDeletedBlockLogImpl] DEBUG block.DeletedBlockLogImpl (DeletedBlockLogImpl.java:commitTransactions(224)) - Transaction txId=4 commit by dnId=b13dbf35-3f05-4a51-87e4-7670ffffb89b for containerID=#4 failed. Corresponding entry not found.
2021-08-10 12:16:28,898 [EventQueue-DeleteBlockStatusForDeletedBlockLogImpl] DEBUG block.DeletedBlockLogImpl (DeletedBlockLogImpl.java:isTransactionFailed(278)) - Got block deletion ACK from datanode, TXIDs=5, success=true
2021-08-10 12:16:28,898 [EventQueue-DeleteBlockStatusForDeletedBlockLogImpl] DEBUG block.DeletedBlockLogImpl (DeletedBlockLogImpl.java:commitTransactions(224)) - Transaction txId=5 commit by dnId=b13dbf35-3f05-4a51-87e4-7670ffffb89b for containerID=#5 failed. Corresponding entry not found.
2021-08-10 12:16:28,898 [EventQueue-DeleteBlockStatusForDeletedBlockLogImpl] DEBUG block.DeletedBlockLogImpl (DeletedBlockLogImpl.java:isTransactionFailed(278)) - Got block deletion ACK from datanode, TXIDs=6, success=true
2021-08-10 12:16:28,898 [EventQueue-DeleteBlockStatusForDeletedBlockLogImpl] DEBUG block.DeletedBlockLogImpl (DeletedBlockLogImpl.java:commitTransactions(224)) - Transaction txId=6 commit by dnId=b13dbf35-3f05-4a51-87e4-7670ffffb89b for containerID=#6 failed. Corresponding entry not found.
2021-08-10 12:16:28,898 [EventQueue-DeleteBlockStatusForDeletedBlockLogImpl] DEBUG block.DeletedBlockLogImpl (DeletedBlockLogImpl.java:isTransactionFailed(278)) - Got block deletion ACK from datanode, TXIDs=7, success=true
2021-08-10 12:16:28,898 [EventQueue-DeleteBlockStatusForDeletedBlockLogImpl] DEBUG block.DeletedBlockLogImpl (DeletedBlockLogImpl.java:commitTransactions(224)) - Transaction txId=7 commit by dnId=b13dbf35-3f05-4a51-87e4-7670ffffb89b for containerID=#7 failed. Corresponding entry not found.
2021-08-10 12:16:28,898 [EventQueue-DeleteBlockStatusForDeletedBlockLogImpl] DEBUG block.DeletedBlockLogImpl (DeletedBlockLogImpl.java:isTransactionFailed(278)) - Got block deletion ACK from datanode, TXIDs=8, success=true
2021-08-10 12:16:28,898 [EventQueue-DeleteBlockStatusForDeletedBlockLogImpl] DEBUG block.DeletedBlockLogImpl (DeletedBlockLogImpl.java:commitTransactions(224)) - Transaction txId=8 commit by dnId=b13dbf35-3f05-4a51-87e4-7670ffffb89b for containerID=#8 failed. Corresponding entry not found.
2021-08-10 12:16:28,898 [EventQueue-DeleteBlockStatusForDeletedBlockLogImpl] DEBUG block.DeletedBlockLogImpl (DeletedBlockLogImpl.java:isTransactionFailed(278)) - Got block deletion ACK from datanode, TXIDs=9, success=true
2021-08-10 12:16:28,898 [EventQueue-DeleteBlockStatusForDeletedBlockLogImpl] DEBUG block.DeletedBlockLogImpl (DeletedBlockLogImpl.java:commitTransactions(224)) - Transaction txId=9 commit by dnId=b13dbf35-3f05-4a51-87e4-7670ffffb89b for containerID=#9 failed. Corresponding entry not found.
2021-08-10 12:16:28,898 [EventQueue-DeleteBlockStatusForDeletedBlockLogImpl] DEBUG block.DeletedBlockLogImpl (DeletedBlockLogImpl.java:isTransactionFailed(278)) - Got block deletion ACK from datanode, TXIDs=10, success=true
2021-08-10 12:16:28,898 [EventQueue-DeleteBlockStatusForDeletedBlockLogImpl] DEBUG block.DeletedBlockLogImpl (DeletedBlockLogImpl.java:commitTransactions(224)) - Transaction txId=10 commit by dnId=b13dbf35-3f05-4a51-87e4-7670ffffb89b for containerID=#10 failed. Corresponding entry not found.
2021-08-10 12:16:28,898 [EventQueue-DeleteBlockStatusForDeletedBlockLogImpl] DEBUG block.DeletedBlockLogImpl (DeletedBlockLogImpl.java:isTransactionFailed(278)) - Got block deletion ACK from datanode, TXIDs=11, success=true
2021-08-10 12:16:28,898 [EventQueue-DeleteBlockStatusForDeletedBlockLogImpl] DEBUG block.DeletedBlockLogImpl (DeletedBlockLogImpl.java:commitTransactions(224)) - Transaction txId=11 commit by dnId=b13dbf35-3f05-4a51-87e4-7670ffffb89b for containerID=#11 failed. Corresponding entry not found.
2021-08-10 12:16:28,898 [EventQueue-DeleteBlockStatusForDeletedBlockLogImpl] DEBUG block.DeletedBlockLogImpl (DeletedBlockLogImpl.java:isTransactionFailed(278)) - Got block deletion ACK from datanode, TXIDs=12, success=true
2021-08-10 12:16:28,898 [EventQueue-DeleteBlockStatusForDeletedBlockLogImpl] DEBUG block.DeletedBlockLogImpl (DeletedBlockLogImpl.java:commitTransactions(224)) - Transaction txId=12 commit by dnId=b13dbf35-3f05-4a51-87e4-7670ffffb89b for containerID=#12 failed. Corresponding entry not found.
2021-08-10 12:16:28,898 [EventQueue-DeleteBlockStatusForDeletedBlockLogImpl] DEBUG block.DeletedBlockLogImpl (DeletedBlockLogImpl.java:isTransactionFailed(278)) - Got block deletion ACK from datanode, TXIDs=13, success=true
2021-08-10 12:16:28,898 [EventQueue-DeleteBlockStatusForDeletedBlockLogImpl] DEBUG block.DeletedBlockLogImpl (DeletedBlockLogImpl.java:commitTransactions(224)) - Transaction txId=13 commit by dnId=b13dbf35-3f05-4a51-87e4-7670ffffb89b for containerID=#13 failed. Corresponding entry not found.
2021-08-10 12:16:28,898 [EventQueue-DeleteBlockStatusForDeletedBlockLogImpl] DEBUG block.DeletedBlockLogImpl (DeletedBlockLogImpl.java:isTransactionFailed(278)) - Got block deletion ACK from datanode, TXIDs=14, success=true
2021-08-10 12:16:28,898 [EventQueue-DeleteBlockStatusForDeletedBlockLogImpl] DEBUG block.DeletedBlockLogImpl (DeletedBlockLogImpl.java:commitTransactions(224)) - Transaction txId=14 commit by dnId=b13dbf35-3f05-4a51-87e4-7670ffffb89b for containerID=#14 failed. Corresponding entry not found.
2021-08-10 12:16:28,898 [EventQueue-DeleteBlockStatusForDeletedBlockLogImpl] DEBUG block.DeletedBlockLogImpl (DeletedBlockLogImpl.java:isTransactionFailed(278)) - Got block deletion ACK from datanode, TXIDs=15, success=true
2021-08-10 12:16:28,898 [EventQueue-DeleteBlockStatusForDeletedBlockLogImpl] DEBUG block.DeletedBlockLogImpl (DeletedBlockLogImpl.java:commitTransactions(224)) - Transaction txId=15 commit by dnId=b13dbf35-3f05-4a51-87e4-7670ffffb89b for containerID=#15 failed. Corresponding entry not found.
2021-08-10 12:16:28,898 [EventQueue-DeleteBlockStatusForDeletedBlockLogImpl] DEBUG block.DeletedBlockLogImpl (DeletedBlockLogImpl.java:isTransactionFailed(278)) - Got block deletion ACK from datanode, TXIDs=16, success=true
2021-08-10 12:16:28,898 [EventQueue-DeleteBlockStatusForDeletedBlockLogImpl] DEBUG block.DeletedBlockLogImpl (DeletedBlockLogImpl.java:commitTransactions(224)) - Transaction txId=16 commit by dnId=b13dbf35-3f05-4a51-87e4-7670ffffb89b for containerID=#16 failed. Corresponding entry not found.
2021-08-10 12:16:28,898 [EventQueue-DeleteBlockStatusForDeletedBlockLogImpl] DEBUG block.DeletedBlockLogImpl (DeletedBlockLogImpl.java:isTransactionFailed(278)) - Got block deletion ACK from datanode, TXIDs=17, success=true
2021-08-10 12:16:28,898 [EventQueue-DeleteBlockStatusForDeletedBlockLogImpl] DEBUG block.DeletedBlockLogImpl (DeletedBlockLogImpl.java:commitTransactions(224)) - Transaction txId=17 commit by dnId=b13dbf35-3f05-4a51-87e4-7670ffffb89b for containerID=#17 failed. Corresponding entry not found.
2021-08-10 12:16:28,898 [EventQueue-DeleteBlockStatusForDeletedBlockLogImpl] DEBUG block.DeletedBlockLogImpl (DeletedBlockLogImpl.java:isTransactionFailed(278)) - Got block deletion ACK from datanode, TXIDs=18, success=true
2021-08-10 12:16:28,911 [EventQueue-DeleteBlockStatusForDeletedBlockLogImpl] DEBUG block.DeletedBlockLogImpl (DeletedBlockLogImpl.java:commitTransactions(224)) - Transaction txId=18 commit by dnId=b13dbf35-3f05-4a51-87e4-7670ffffb89b for containerID=#18 failed. Corresponding entry not found.
2021-08-10 12:16:28,911 [EventQueue-DeleteBlockStatusForDeletedBlockLogImpl] DEBUG block.DeletedBlockLogImpl (DeletedBlockLogImpl.java:isTransactionFailed(278)) - Got block deletion ACK from datanode, TXIDs=19, success=true
2021-08-10 12:16:28,911 [EventQueue-DeleteBlockStatusForDeletedBlockLogImpl] DEBUG block.DeletedBlockLogImpl (DeletedBlockLogImpl.java:commitTransactions(224)) - Transaction txId=19 commit by dnId=b13dbf35-3f05-4a51-87e4-7670ffffb89b for containerID=#19 failed. Corresponding entry not found.
2021-08-10 12:16:28,911 [EventQueue-DeleteBlockStatusForDeletedBlockLogImpl] DEBUG block.DeletedBlockLogImpl (DeletedBlockLogImpl.java:isTransactionFailed(278)) - Got block deletion ACK from datanode, TXIDs=20, success=true
2021-08-10 12:16:28,911 [EventQueue-DeleteBlockStatusForDeletedBlockLogImpl] DEBUG block.DeletedBlockLogImpl (DeletedBlockLogImpl.java:commitTransactions(224)) - Transaction txId=20 commit by dnId=b13dbf35-3f05-4a51-87e4-7670ffffb89b for containerID=#20 failed. Corresponding entry not found.
2021-08-10 12:16:28,911 [EventQueue-DeleteBlockStatusForDeletedBlockLogImpl] DEBUG block.DeletedBlockLogImpl (DeletedBlockLogImpl.java:isTransactionFailed(278)) - Got block deletion ACK from datanode, TXIDs=21, success=true
2021-08-10 12:16:28,911 [EventQueue-DeleteBlockStatusForDeletedBlockLogImpl] DEBUG block.DeletedBlockLogImpl (DeletedBlockLogImpl.java:commitTransactions(224)) - Transaction txId=21 commit by dnId=b13dbf35-3f05-4a51-87e4-7670ffffb89b for containerID=#21 failed. Corresponding entry not found.
2021-08-10 12:16:28,911 [EventQueue-DeleteBlockStatusForDeletedBlockLogImpl] DEBUG block.DeletedBlockLogImpl (DeletedBlockLogImpl.java:isTransactionFailed(278)) - Got block deletion ACK from datanode, TXIDs=22, success=true
2021-08-10 12:16:28,911 [EventQueue-DeleteBlockStatusForDeletedBlockLogImpl] DEBUG block.DeletedBlockLogImpl (DeletedBlockLogImpl.java:commitTransactions(224)) - Transaction txId=22 commit by dnId=b13dbf35-3f05-4a51-87e4-7670ffffb89b for containerID=#22 failed. Corresponding entry not found.
2021-08-10 12:16:28,911 [EventQueue-DeleteBlockStatusForDeletedBlockLogImpl] DEBUG block.DeletedBlockLogImpl (DeletedBlockLogImpl.java:isTransactionFailed(278)) - Got block deletion ACK from datanode, TXIDs=23, success=true
2021-08-10 12:16:28,911 [EventQueue-DeleteBlockStatusForDeletedBlockLogImpl] DEBUG block.DeletedBlockLogImpl (DeletedBlockLogImpl.java:commitTransactions(224)) - Transaction txId=23 commit by dnId=b13dbf35-3f05-4a51-87e4-7670ffffb89b for containerID=#23 failed. Corresponding entry not found.
2021-08-10 12:16:28,911 [EventQueue-DeleteBlockStatusForDeletedBlockLogImpl] DEBUG block.DeletedBlockLogImpl (DeletedBlockLogImpl.java:isTransactionFailed(278)) - Got block deletion ACK from datanode, TXIDs=24, success=true
2021-08-10 12:16:28,911 [EventQueue-DeleteBlockStatusForDeletedBlockLogImpl] DEBUG block.DeletedBlockLogImpl (DeletedBlockLogImpl.java:commitTransactions(224)) - Transaction txId=24 commit by dnId=b13dbf35-3f05-4a51-87e4-7670ffffb89b for containerID=#24 failed. Corresponding entry not found.
2021-08-10 12:16:28,911 [EventQueue-DeleteBlockStatusForDeletedBlockLogImpl] DEBUG block.DeletedBlockLogImpl (DeletedBlockLogImpl.java:isTransactionFailed(278)) - Got block deletion ACK from datanode, TXIDs=25, success=true
2021-08-10 12:16:28,911 [EventQueue-DeleteBlockStatusForDeletedBlockLogImpl] DEBUG block.DeletedBlockLogImpl (DeletedBlockLogImpl.java:commitTransactions(224)) - Transaction txId=25 commit by dnId=b13dbf35-3f05-4a51-87e4-7670ffffb89b for containerID=#25 failed. Corresponding entry not found.
2021-08-10 12:16:28,911 [EventQueue-DeleteBlockStatusForDeletedBlockLogImpl] DEBUG block.DeletedBlockLogImpl (DeletedBlockLogImpl.java:isTransactionFailed(278)) - Got block deletion ACK from datanode, TXIDs=26, success=true
2021-08-10 12:16:28,911 [EventQueue-DeleteBlockStatusForDeletedBlockLogImpl] DEBUG block.DeletedBlockLogImpl (DeletedBlockLogImpl.java:commitTransactions(224)) - Transaction txId=26 commit by dnId=b13dbf35-3f05-4a51-87e4-7670ffffb89b for containerID=#26 failed. Corresponding entry not found.
2021-08-10 12:16:28,911 [EventQueue-DeleteBlockStatusForDeletedBlockLogImpl] DEBUG block.DeletedBlockLogImpl (DeletedBlockLogImpl.java:isTransactionFailed(278)) - Got block deletion ACK from datanode, TXIDs=27, success=true
2021-08-10 12:16:28,911 [EventQueue-DeleteBlockStatusForDeletedBlockLogImpl] DEBUG block.DeletedBlockLogImpl (DeletedBlockLogImpl.java:commitTransactions(224)) - Transaction txId=27 commit by dnId=b13dbf35-3f05-4a51-87e4-7670ffffb89b for containerID=#27 failed. Corresponding entry not found.
2021-08-10 12:16:28,911 [EventQueue-DeleteBlockStatusForDeletedBlockLogImpl] DEBUG block.DeletedBlockLogImpl (DeletedBlockLogImpl.java:isTransactionFailed(278)) - Got block deletion ACK from datanode, TXIDs=28, success=true
2021-08-10 12:16:28,911 [EventQueue-DeleteBlockStatusForDeletedBlockLogImpl] DEBUG block.DeletedBlockLogImpl (DeletedBlockLogImpl.java:commitTransactions(224)) - Transaction txId=28 commit by dnId=b13dbf35-3f05-4a51-87e4-7670ffffb89b for containerID=#28 failed. Corresponding entry not found.
2021-08-10 12:16:28,911 [EventQueue-DeleteBlockStatusForDeletedBlockLogImpl] DEBUG block.DeletedBlockLogImpl (DeletedBlockLogImpl.java:isTransactionFailed(278)) - Got block deletion ACK from datanode, TXIDs=29, success=true
2021-08-10 12:16:28,911 [EventQueue-DeleteBlockStatusForDeletedBlockLogImpl] DEBUG block.DeletedBlockLogImpl (DeletedBlockLogImpl.java:commitTransactions(224)) - Transaction txId=29 commit by dnId=b13dbf35-3f05-4a51-87e4-7670ffffb89b for containerID=#29 failed. Corresponding entry not found.
2021-08-10 12:16:28,911 [EventQueue-DeleteBlockStatusForDeletedBlockLogImpl] DEBUG block.DeletedBlockLogImpl (DeletedBlockLogImpl.java:isTransactionFailed(278)) - Got block deletion ACK from datanode, TXIDs=30, success=true
2021-08-10 12:16:28,911 [EventQueue-DeleteBlockStatusForDeletedBlockLogImpl] DEBUG block.DeletedBlockLogImpl (DeletedBlockLogImpl.java:commitTransactions(224)) - Transaction txId=30 commit by dnId=b13dbf35-3f05-4a51-87e4-7670ffffb89b for containerID=#30 failed. Corresponding entry not found.
2021-08-10 12:16:28,912 [EventQueue-DeleteBlockStatusForDeletedBlockLogImpl] DEBUG block.DeletedBlockLogImpl (DeletedBlockLogImpl.java:isTransactionFailed(278)) - Got block deletion ACK from datanode, TXIDs=31, success=true
2021-08-10 12:16:28,912 [EventQueue-DeleteBlockStatusForDeletedBlockLogImpl] DEBUG block.DeletedBlockLogImpl (DeletedBlockLogImpl.java:commitTransactions(224)) - Transaction txId=31 commit by dnId=b13dbf35-3f05-4a51-87e4-7670ffffb89b for containerID=#31 failed. Corresponding entry not found.
2021-08-10 12:16:28,912 [EventQueue-DeleteBlockStatusForDeletedBlockLogImpl] DEBUG block.DeletedBlockLogImpl (DeletedBlockLogImpl.java:isTransactionFailed(278)) - Got block deletion ACK from datanode, TXIDs=32, success=true
2021-08-10 12:16:28,912 [EventQueue-DeleteBlockStatusForDeletedBlockLogImpl] DEBUG block.DeletedBlockLogImpl (DeletedBlockLogImpl.java:commitTransactions(224)) - Transaction txId=32 commit by dnId=b13dbf35-3f05-4a51-87e4-7670ffffb89b for containerID=#32 failed. Corresponding entry not found.
2021-08-10 12:16:28,912 [EventQueue-DeleteBlockStatusForDeletedBlockLogImpl] DEBUG block.DeletedBlockLogImpl (DeletedBlockLogImpl.java:isTransactionFailed(278)) - Got block deletion ACK from datanode, TXIDs=33, success=true
2021-08-10 12:16:28,912 [EventQueue-DeleteBlockStatusForDeletedBlockLogImpl] DEBUG block.DeletedBlockLogImpl (DeletedBlockLogImpl.java:commitTransactions(224)) - Transaction txId=33 commit by dnId=b13dbf35-3f05-4a51-87e4-7670ffffb89b for containerID=#33 failed. Corresponding entry not found.
2021-08-10 12:16:28,912 [EventQueue-DeleteBlockStatusForDeletedBlockLogImpl] DEBUG block.DeletedBlockLogImpl (DeletedBlockLogImpl.java:isTransactionFailed(278)) - Got block deletion ACK from datanode, TXIDs=34, success=true
2021-08-10 12:16:28,912 [EventQueue-DeleteBlockStatusForDeletedBlockLogImpl] DEBUG block.DeletedBlockLogImpl (DeletedBlockLogImpl.java:commitTransactions(224)) - Transaction txId=34 commit by dnId=b13dbf35-3f05-4a51-87e4-7670ffffb89b for containerID=#34 failed. Corresponding entry not found.
2021-08-10 12:16:28,912 [EventQueue-DeleteBlockStatusForDeletedBlockLogImpl] DEBUG block.DeletedBlockLogImpl (DeletedBlockLogImpl.java:isTransactionFailed(278)) - Got block deletion ACK from datanode, TXIDs=35, success=true
2021-08-10 12:16:28,912 [EventQueue-DeleteBlockStatusForDeletedBlockLogImpl] DEBUG block.DeletedBlockLogImpl (DeletedBlockLogImpl.java:commitTransactions(224)) - Transaction txId=35 commit by dnId=b13dbf35-3f05-4a51-87e4-7670ffffb89b for containerID=#35 failed. Corresponding entry not found.
2021-08-10 12:16:28,912 [EventQueue-DeleteBlockStatusForDeletedBlockLogImpl] DEBUG block.DeletedBlockLogImpl (DeletedBlockLogImpl.java:isTransactionFailed(278)) - Got block deletion ACK from datanode, TXIDs=36, success=true
2021-08-10 12:16:28,912 [EventQueue-DeleteBlockStatusForDeletedBlockLogImpl] DEBUG block.DeletedBlockLogImpl (DeletedBlockLogImpl.java:commitTransactions(224)) - Transaction txId=36 commit by dnId=b13dbf35-3f05-4a51-87e4-7670ffffb89b for containerID=#36 failed. Corresponding entry not found.
2021-08-10 12:16:28,912 [EventQueue-DeleteBlockStatusForDeletedBlockLogImpl] DEBUG block.DeletedBlockLogImpl (DeletedBlockLogImpl.java:isTransactionFailed(278)) - Got block deletion ACK from datanode, TXIDs=37, success=true
2021-08-10 12:16:28,912 [EventQueue-DeleteBlockStatusForDeletedBlockLogImpl] DEBUG block.DeletedBlockLogImpl (DeletedBlockLogImpl.java:commitTransactions(224)) - Transaction txId=37 commit by dnId=b13dbf35-3f05-4a51-87e4-7670ffffb89b for containerID=#37 failed. Corresponding entry not found.
2021-08-10 12:16:28,912 [EventQueue-DeleteBlockStatusForDeletedBlockLogImpl] DEBUG block.DeletedBlockLogImpl (DeletedBlockLogImpl.java:isTransactionFailed(278)) - Got block deletion ACK from datanode, TXIDs=38, success=true
2021-08-10 12:16:28,912 [EventQueue-DeleteBlockStatusForDeletedBlockLogImpl] DEBUG block.DeletedBlockLogImpl (DeletedBlockLogImpl.java:commitTransactions(224)) - Transaction txId=38 commit by dnId=b13dbf35-3f05-4a51-87e4-7670ffffb89b for containerID=#38 failed. Corresponding entry not found.
2021-08-10 12:16:28,912 [EventQueue-DeleteBlockStatusForDeletedBlockLogImpl] DEBUG block.DeletedBlockLogImpl (DeletedBlockLogImpl.java:isTransactionFailed(278)) - Got block deletion ACK from datanode, TXIDs=39, success=true
2021-08-10 12:16:28,912 [EventQueue-DeleteBlockStatusForDeletedBlockLogImpl] DEBUG block.DeletedBlockLogImpl (DeletedBlockLogImpl.java:commitTransactions(224)) - Transaction txId=39 commit by dnId=b13dbf35-3f05-4a51-87e4-7670ffffb89b for containerID=#39 failed. Corresponding entry not found.
2021-08-10 12:16:28,912 [EventQueue-DeleteBlockStatusForDeletedBlockLogImpl] DEBUG block.DeletedBlockLogImpl (DeletedBlockLogImpl.java:isTransactionFailed(278)) - Got block deletion ACK from datanode, TXIDs=40, success=true
2021-08-10 12:16:28,912 [EventQueue-DeleteBlockStatusForDeletedBlockLogImpl] DEBUG block.DeletedBlockLogImpl (DeletedBlockLogImpl.java:commitTransactions(224)) - Transaction txId=40 commit by dnId=b13dbf35-3f05-4a51-87e4-7670ffffb89b for containerID=#40 failed. Corresponding entry not found.
2021-08-10 12:16:28,912 [EventQueue-DeleteBlockStatusForDeletedBlockLogImpl] DEBUG block.DeletedBlockLogImpl (DeletedBlockLogImpl.java:isTransactionFailed(278)) - Got block deletion ACK from datanode, TXIDs=41, success=true
2021-08-10 12:16:28,912 [EventQueue-DeleteBlockStatusForDeletedBlockLogImpl] DEBUG block.DeletedBlockLogImpl (DeletedBlockLogImpl.java:commitTransactions(224)) - Transaction txId=41 commit by dnId=b13dbf35-3f05-4a51-87e4-7670ffffb89b for containerID=#41 failed. Corresponding entry not found.
2021-08-10 12:16:28,912 [EventQueue-DeleteBlockStatusForDeletedBlockLogImpl] DEBUG block.DeletedBlockLogImpl (DeletedBlockLogImpl.java:isTransactionFailed(278)) - Got block deletion ACK from datanode, TXIDs=42, success=true
2021-08-10 12:16:28,912 [EventQueue-DeleteBlockStatusForDeletedBlockLogImpl] DEBUG block.DeletedBlockLogImpl (DeletedBlockLogImpl.java:commitTransactions(224)) - Transaction txId=42 commit by dnId=b13dbf35-3f05-4a51-87e4-7670ffffb89b for containerID=#42 failed. Corresponding entry not found.
2021-08-10 12:16:28,912 [EventQueue-DeleteBlockStatusForDeletedBlockLogImpl] DEBUG block.DeletedBlockLogImpl (DeletedBlockLogImpl.java:isTransactionFailed(278)) - Got block deletion ACK from datanode, TXIDs=43, success=true
2021-08-10 12:16:28,912 [EventQueue-DeleteBlockStatusForDeletedBlockLogImpl] DEBUG block.DeletedBlockLogImpl (DeletedBlockLogImpl.java:commitTransactions(224)) - Transaction txId=43 commit by dnId=b13dbf35-3f05-4a51-87e4-7670ffffb89b for containerID=#43 failed. Corresponding entry not found.
2021-08-10 12:16:28,912 [EventQueue-DeleteBlockStatusForDeletedBlockLogImpl] DEBUG block.DeletedBlockLogImpl (DeletedBlockLogImpl.java:isTransactionFailed(278)) - Got block deletion ACK from datanode, TXIDs=44, success=true
2021-08-10 12:16:28,913 [EventQueue-DeleteBlockStatusForDeletedBlockLogImpl] DEBUG block.DeletedBlockLogImpl (DeletedBlockLogImpl.java:commitTransactions(224)) - Transaction txId=44 commit by dnId=b13dbf35-3f05-4a51-87e4-7670ffffb89b for containerID=#44 failed. Corresponding entry not found.
2021-08-10 12:16:28,913 [EventQueue-DeleteBlockStatusForDeletedBlockLogImpl] DEBUG block.DeletedBlockLogImpl (DeletedBlockLogImpl.java:isTransactionFailed(278)) - Got block deletion ACK from datanode, TXIDs=45, success=true
2021-08-10 12:16:28,913 [EventQueue-DeleteBlockStatusForDeletedBlockLogImpl] DEBUG block.DeletedBlockLogImpl (DeletedBlockLogImpl.java:commitTransactions(224)) - Transaction txId=45 commit by dnId=b13dbf35-3f05-4a51-87e4-7670ffffb89b for containerID=#45 failed. Corresponding entry not found.
2021-08-10 12:16:28,913 [EventQueue-DeleteBlockStatusForDeletedBlockLogImpl] DEBUG block.DeletedBlockLogImpl (DeletedBlockLogImpl.java:isTransactionFailed(278)) - Got block deletion ACK from datanode, TXIDs=46, success=true
2021-08-10 12:16:28,913 [EventQueue-DeleteBlockStatusForDeletedBlockLogImpl] DEBUG block.DeletedBlockLogImpl (DeletedBlockLogImpl.java:commitTransactions(224)) - Transaction txId=46 commit by dnId=b13dbf35-3f05-4a51-87e4-7670ffffb89b for containerID=#46 failed. Corresponding entry not found.
2021-08-10 12:16:28,913 [EventQueue-DeleteBlockStatusForDeletedBlockLogImpl] DEBUG block.DeletedBlockLogImpl (DeletedBlockLogImpl.java:isTransactionFailed(278)) - Got block deletion ACK from datanode, TXIDs=47, success=true
2021-08-10 12:16:28,913 [EventQueue-DeleteBlockStatusForDeletedBlockLogImpl] DEBUG block.DeletedBlockLogImpl (DeletedBlockLogImpl.java:commitTransactions(224)) - Transaction txId=47 commit by dnId=b13dbf35-3f05-4a51-87e4-7670ffffb89b for containerID=#47 failed. Corresponding entry not found.
2021-08-10 12:16:28,913 [EventQueue-DeleteBlockStatusForDeletedBlockLogImpl] DEBUG block.DeletedBlockLogImpl (DeletedBlockLogImpl.java:isTransactionFailed(278)) - Got block deletion ACK from datanode, TXIDs=48, success=true
2021-08-10 12:16:28,913 [EventQueue-DeleteBlockStatusForDeletedBlockLogImpl] DEBUG block.DeletedBlockLogImpl (DeletedBlockLogImpl.java:commitTransactions(224)) - Transaction txId=48 commit by dnId=b13dbf35-3f05-4a51-87e4-7670ffffb89b for containerID=#48 failed. Corresponding entry not found.
2021-08-10 12:16:28,913 [EventQueue-DeleteBlockStatusForDeletedBlockLogImpl] DEBUG block.DeletedBlockLogImpl (DeletedBlockLogImpl.java:isTransactionFailed(278)) - Got block deletion ACK from datanode, TXIDs=49, success=true
2021-08-10 12:16:28,913 [EventQueue-DeleteBlockStatusForDeletedBlockLogImpl] DEBUG block.DeletedBlockLogImpl (DeletedBlockLogImpl.java:commitTransactions(224)) - Transaction txId=49 commit by dnId=b13dbf35-3f05-4a51-87e4-7670ffffb89b for containerID=#49 failed. Corresponding entry not found.
2021-08-10 12:16:28,913 [EventQueue-DeleteBlockStatusForDeletedBlockLogImpl] DEBUG block.DeletedBlockLogImpl (DeletedBlockLogImpl.java:isTransactionFailed(278)) - Got block deletion ACK from datanode, TXIDs=50, success=true
2021-08-10 12:16:28,913 [EventQueue-DeleteBlockStatusForDeletedBlockLogImpl] DEBUG block.DeletedBlockLogImpl (DeletedBlockLogImpl.java:commitTransactions(224)) - Transaction txId=50 commit by dnId=b13dbf35-3f05-4a51-87e4-7670ffffb89b for containerID=#50 failed. Corresponding entry not found.
2021-08-10 12:16:28,913 [EventQueue-DeleteBlockStatusForDeletedBlockLogImpl] DEBUG block.DeletedBlockLogImpl (DeletedBlockLogImpl.java:isTransactionFailed(278)) - Got block deletion ACK from datanode, TXIDs=51, success=true
2021-08-10 12:16:28,913 [EventQueue-DeleteBlockStatusForDeletedBlockLogImpl] DEBUG block.DeletedBlockLogImpl (DeletedBlockLogImpl.java:commitTransactions(224)) - Transaction txId=51 commit by dnId=b13dbf35-3f05-4a51-87e4-7670ffffb89b for containerID=#51 failed. Corresponding entry not found.
2021-08-10 12:16:28,913 [EventQueue-DeleteBlockStatusForDeletedBlockLogImpl] DEBUG block.DeletedBlockLogImpl (DeletedBlockLogImpl.java:isTransactionFailed(278)) - Got block deletion ACK from datanode, TXIDs=52, success=true
2021-08-10 12:16:28,913 [EventQueue-DeleteBlockStatusForDeletedBlockLogImpl] DEBUG block.DeletedBlockLogImpl (DeletedBlockLogImpl.java:commitTransactions(224)) - Transaction txId=52 commit by dnId=b13dbf35-3f05-4a51-87e4-7670ffffb89b for containerID=#52 failed. Corresponding entry not found.
2021-08-10 12:16:28,913 [EventQueue-DeleteBlockStatusForDeletedBlockLogImpl] DEBUG block.DeletedBlockLogImpl (DeletedBlockLogImpl.java:isTransactionFailed(278)) - Got block deletion ACK from datanode, TXIDs=53, success=true
2021-08-10 12:16:28,913 [EventQueue-DeleteBlockStatusForDeletedBlockLogImpl] DEBUG block.DeletedBlockLogImpl (DeletedBlockLogImpl.java:commitTransactions(224)) - Transaction txId=53 commit by dnId=b13dbf35-3f05-4a51-87e4-7670ffffb89b for containerID=#53 failed. Corresponding entry not found.
2021-08-10 12:16:28,913 [EventQueue-DeleteBlockStatusForDeletedBlockLogImpl] DEBUG block.DeletedBlockLogImpl (DeletedBlockLogImpl.java:isTransactionFailed(278)) - Got block deletion ACK from datanode, TXIDs=54, success=true
2021-08-10 12:16:28,913 [EventQueue-DeleteBlockStatusForDeletedBlockLogImpl] DEBUG block.DeletedBlockLogImpl (DeletedBlockLogImpl.java:commitTransactions(224)) - Transaction txId=54 commit by dnId=b13dbf35-3f05-4a51-87e4-7670ffffb89b for containerID=#54 failed. Corresponding entry not found.
2021-08-10 12:16:28,913 [EventQueue-DeleteBlockStatusForDeletedBlockLogImpl] DEBUG block.DeletedBlockLogImpl (DeletedBlockLogImpl.java:isTransactionFailed(278)) - Got block deletion ACK from datanode, TXIDs=55, success=true
2021-08-10 12:16:28,913 [EventQueue-DeleteBlockStatusForDeletedBlockLogImpl] DEBUG block.DeletedBlockLogImpl (DeletedBlockLogImpl.java:commitTransactions(224)) - Transaction txId=55 commit by dnId=b13dbf35-3f05-4a51-87e4-7670ffffb89b for containerID=#55 failed. Corresponding entry not found.
2021-08-10 12:16:28,913 [EventQueue-DeleteBlockStatusForDeletedBlockLogImpl] DEBUG block.DeletedBlockLogImpl (DeletedBlockLogImpl.java:isTransactionFailed(278)) - Got block deletion ACK from datanode, TXIDs=56, success=true
2021-08-10 12:16:28,913 [EventQueue-DeleteBlockStatusForDeletedBlockLogImpl] DEBUG block.DeletedBlockLogImpl (DeletedBlockLogImpl.java:commitTransactions(224)) - Transaction txId=56 commit by dnId=b13dbf35-3f05-4a51-87e4-7670ffffb89b for containerID=#56 failed. Corresponding entry not found.
2021-08-10 12:16:28,914 [EventQueue-DeleteBlockStatusForDeletedBlockLogImpl] DEBUG block.DeletedBlockLogImpl (DeletedBlockLogImpl.java:isTransactionFailed(278)) - Got block deletion ACK from datanode, TXIDs=1, success=true
2021-08-10 12:16:28,914 [EventQueue-DeleteBlockStatusForDeletedBlockLogImpl] DEBUG block.DeletedBlockLogImpl (DeletedBlockLogImpl.java:commitTransactions(224)) - Transaction txId=1 commit by dnId=b13dbf35-3f05-4a51-87e4-7670ffffb89b for containerID=#1 failed. Corresponding entry not found.
2021-08-10 12:16:28,914 [EventQueue-DeleteBlockStatusForDeletedBlockLogImpl] DEBUG block.DeletedBlockLogImpl (DeletedBlockLogImpl.java:isTransactionFailed(278)) - Got block deletion ACK from datanode, TXIDs=2, success=true
2021-08-10 12:16:28,914 [EventQueue-DeleteBlockStatusForDeletedBlockLogImpl] DEBUG block.DeletedBlockLogImpl (DeletedBlockLogImpl.java:commitTransactions(224)) - Transaction txId=2 commit by dnId=b13dbf35-3f05-4a51-87e4-7670ffffb89b for containerID=#2 failed. Corresponding entry not found.
2021-08-10 12:16:28,914 [EventQueue-DeleteBlockStatusForDeletedBlockLogImpl] DEBUG block.DeletedBlockLogImpl (DeletedBlockLogImpl.java:isTransactionFailed(278)) - Got block deletion ACK from datanode, TXIDs=3, success=true
2021-08-10 12:16:28,914 [EventQueue-DeleteBlockStatusForDeletedBlockLogImpl] DEBUG block.DeletedBlockLogImpl (DeletedBlockLogImpl.java:commitTransactions(224)) - Transaction txId=3 commit by dnId=b13dbf35-3f05-4a51-87e4-7670ffffb89b for containerID=#3 failed. Corresponding entry not found.
2021-08-10 12:16:28,914 [EventQueue-DeleteBlockStatusForDeletedBlockLogImpl] DEBUG block.DeletedBlockLogImpl (DeletedBlockLogImpl.java:isTransactionFailed(278)) - Got block deletion ACK from datanode, TXIDs=4, success=true
2021-08-10 12:16:28,914 [EventQueue-DeleteBlockStatusForDeletedBlockLogImpl] DEBUG block.DeletedBlockLogImpl (DeletedBlockLogImpl.java:commitTransactions(224)) - Transaction txId=4 commit by dnId=b13dbf35-3f05-4a51-87e4-7670ffffb89b for containerID=#4 failed. Corresponding entry not found.
2021-08-10 12:16:28,914 [EventQueue-DeleteBlockStatusForDeletedBlockLogImpl] DEBUG block.DeletedBlockLogImpl (DeletedBlockLogImpl.java:isTransactionFailed(278)) - Got block deletion ACK from datanode, TXIDs=5, success=true
2021-08-10 12:16:28,914 [EventQueue-DeleteBlockStatusForDeletedBlockLogImpl] DEBUG block.DeletedBlockLogImpl (DeletedBlockLogImpl.java:commitTransactions(224)) - Transaction txId=5 commit by dnId=b13dbf35-3f05-4a51-87e4-7670ffffb89b for containerID=#5 failed. Corresponding entry not found.
2021-08-10 12:16:28,914 [EventQueue-DeleteBlockStatusForDeletedBlockLogImpl] DEBUG block.DeletedBlockLogImpl (DeletedBlockLogImpl.java:isTransactionFailed(278)) - Got block deletion ACK from datanode, TXIDs=6, success=true
2021-08-10 12:16:28,914 [EventQueue-DeleteBlockStatusForDeletedBlockLogImpl] DEBUG block.DeletedBlockLogImpl (DeletedBlockLogImpl.java:commitTransactions(224)) - Transaction txId=6 commit by dnId=b13dbf35-3f05-4a51-87e4-7670ffffb89b for containerID=#6 failed. Corresponding entry not found.
2021-08-10 12:16:28,914 [EventQueue-DeleteBlockStatusForDeletedBlockLogImpl] DEBUG block.DeletedBlockLogImpl (DeletedBlockLogImpl.java:isTransactionFailed(278)) - Got block deletion ACK from datanode, TXIDs=7, success=true
2021-08-10 12:16:28,914 [EventQueue-DeleteBlockStatusForDeletedBlockLogImpl] DEBUG block.DeletedBlockLogImpl (DeletedBlockLogImpl.java:commitTransactions(224)) - Transaction txId=7 commit by dnId=b13dbf35-3f05-4a51-87e4-7670ffffb89b for containerID=#7 failed. Corresponding entry not found.
2021-08-10 12:16:28,914 [EventQueue-DeleteBlockStatusForDeletedBlockLogImpl] DEBUG block.DeletedBlockLogImpl (DeletedBlockLogImpl.java:isTransactionFailed(278)) - Got block deletion ACK from datanode, TXIDs=8, success=true
2021-08-10 12:16:28,914 [EventQueue-DeleteBlockStatusForDeletedBlockLogImpl] DEBUG block.DeletedBlockLogImpl (DeletedBlockLogImpl.java:commitTransactions(224)) - Transaction txId=8 commit by dnId=b13dbf35-3f05-4a51-87e4-7670ffffb89b for containerID=#8 failed. Corresponding entry not found.
2021-08-10 12:16:28,914 [EventQueue-DeleteBlockStatusForDeletedBlockLogImpl] DEBUG block.DeletedBlockLogImpl (DeletedBlockLogImpl.java:isTransactionFailed(278)) - Got block deletion ACK from datanode, TXIDs=9, success=true
2021-08-10 12:16:28,914 [EventQueue-DeleteBlockStatusForDeletedBlockLogImpl] DEBUG block.DeletedBlockLogImpl (DeletedBlockLogImpl.java:commitTransactions(224)) - Transaction txId=9 commit by dnId=b13dbf35-3f05-4a51-87e4-7670ffffb89b for containerID=#9 failed. Corresponding entry not found.
2021-08-10 12:16:28,914 [EventQueue-DeleteBlockStatusForDeletedBlockLogImpl] DEBUG block.DeletedBlockLogImpl (DeletedBlockLogImpl.java:isTransactionFailed(278)) - Got block deletion ACK from datanode, TXIDs=10, success=true
2021-08-10 12:16:28,914 [EventQueue-DeleteBlockStatusForDeletedBlockLogImpl] DEBUG block.DeletedBlockLogImpl (DeletedBlockLogImpl.java:commitTransactions(224)) - Transaction txId=10 commit by dnId=b13dbf35-3f05-4a51-87e4-7670ffffb89b for containerID=#10 failed. Corresponding entry not found.
2021-08-10 12:16:28,914 [EventQueue-DeleteBlockStatusForDeletedBlockLogImpl] DEBUG block.DeletedBlockLogImpl (DeletedBlockLogImpl.java:isTransactionFailed(278)) - Got block deletion ACK from datanode, TXIDs=11, success=true
2021-08-10 12:16:28,914 [EventQueue-DeleteBlockStatusForDeletedBlockLogImpl] DEBUG block.DeletedBlockLogImpl (DeletedBlockLogImpl.java:commitTransactions(224)) - Transaction txId=11 commit by dnId=b13dbf35-3f05-4a51-87e4-7670ffffb89b for containerID=#11 failed. Corresponding entry not found.
2021-08-10 12:16:28,914 [EventQueue-DeleteBlockStatusForDeletedBlockLogImpl] DEBUG block.DeletedBlockLogImpl (DeletedBlockLogImpl.java:isTransactionFailed(278)) - Got block deletion ACK from datanode, TXIDs=12, success=true
2021-08-10 12:16:28,914 [EventQueue-DeleteBlockStatusForDeletedBlockLogImpl] DEBUG block.DeletedBlockLogImpl (DeletedBlockLogImpl.java:commitTransactions(224)) - Transaction txId=12 commit by dnId=b13dbf35-3f05-4a51-87e4-7670ffffb89b for containerID=#12 failed. Corresponding entry not found.
2021-08-10 12:16:28,914 [EventQueue-DeleteBlockStatusForDeletedBlockLogImpl] DEBUG block.DeletedBlockLogImpl (DeletedBlockLogImpl.java:isTransactionFailed(278)) - Got block deletion ACK from datanode, TXIDs=13, success=true
2021-08-10 12:16:28,914 [EventQueue-DeleteBlockStatusForDeletedBlockLogImpl] DEBUG block.DeletedBlockLogImpl (DeletedBlockLogImpl.java:commitTransactions(224)) - Transaction txId=13 commit by dnId=b13dbf35-3f05-4a51-87e4-7670ffffb89b for containerID=#13 failed. Corresponding entry not found.
2021-08-10 12:16:28,914 [EventQueue-DeleteBlockStatusForDeletedBlockLogImpl] DEBUG block.DeletedBlockLogImpl (DeletedBlockLogImpl.java:isTransactionFailed(278)) - Got block deletion ACK from datanode, TXIDs=14, success=true
2021-08-10 12:16:28,914 [EventQueue-DeleteBlockStatusForDeletedBlockLogImpl] DEBUG block.DeletedBlockLogImpl (DeletedBlockLogImpl.java:commitTransactions(224)) - Transaction txId=14 commit by dnId=b13dbf35-3f05-4a51-87e4-7670ffffb89b for containerID=#14 failed. Corresponding entry not found.
2021-08-10 12:16:28,914 [EventQueue-DeleteBlockStatusForDeletedBlockLogImpl] DEBUG block.DeletedBlockLogImpl (DeletedBlockLogImpl.java:isTransactionFailed(278)) - Got block deletion ACK from datanode, TXIDs=15, success=true
2021-08-10 12:16:28,914 [EventQueue-DeleteBlockStatusForDeletedBlockLogImpl] DEBUG block.DeletedBlockLogImpl (DeletedBlockLogImpl.java:commitTransactions(224)) - Transaction txId=15 commit by dnId=b13dbf35-3f05-4a51-87e4-7670ffffb89b for containerID=#15 failed. Corresponding entry not found.
2021-08-10 12:16:28,914 [EventQueue-DeleteBlockStatusForDeletedBlockLogImpl] DEBUG block.DeletedBlockLogImpl (DeletedBlockLogImpl.java:isTransactionFailed(278)) - Got block deletion ACK from datanode, TXIDs=16, success=true
2021-08-10 12:16:28,914 [EventQueue-DeleteBlockStatusForDeletedBlockLogImpl] DEBUG block.DeletedBlockLogImpl (DeletedBlockLogImpl.java:commitTransactions(224)) - Transaction txId=16 commit by dnId=b13dbf35-3f05-4a51-87e4-7670ffffb89b for containerID=#16 failed. Corresponding entry not found.
2021-08-10 12:16:28,914 [EventQueue-DeleteBlockStatusForDeletedBlockLogImpl] DEBUG block.DeletedBlockLogImpl (DeletedBlockLogImpl.java:isTransactionFailed(278)) - Got block deletion ACK from datanode, TXIDs=17, success=true
2021-08-10 12:16:28,914 [EventQueue-DeleteBlockStatusForDeletedBlockLogImpl] DEBUG block.DeletedBlockLogImpl (DeletedBlockLogImpl.java:commitTransactions(224)) - Transaction txId=17 commit by dnId=b13dbf35-3f05-4a51-87e4-7670ffffb89b for containerID=#17 failed. Corresponding entry not found.
2021-08-10 12:16:28,914 [EventQueue-DeleteBlockStatusForDeletedBlockLogImpl] DEBUG block.DeletedBlockLogImpl (DeletedBlockLogImpl.java:isTransactionFailed(278)) - Got block deletion ACK from datanode, TXIDs=18, success=true
2021-08-10 12:16:28,914 [EventQueue-DeleteBlockStatusForDeletedBlockLogImpl] DEBUG block.DeletedBlockLogImpl (DeletedBlockLogImpl.java:commitTransactions(224)) - Transaction txId=18 commit by dnId=b13dbf35-3f05-4a51-87e4-7670ffffb89b for containerID=#18 failed. Corresponding entry not found.
2021-08-10 12:16:28,914 [EventQueue-DeleteBlockStatusForDeletedBlockLogImpl] DEBUG block.DeletedBlockLogImpl (DeletedBlockLogImpl.java:isTransactionFailed(278)) - Got block deletion ACK from datanode, TXIDs=19, success=true
2021-08-10 12:16:28,914 [EventQueue-DeleteBlockStatusForDeletedBlockLogImpl] DEBUG block.DeletedBlockLogImpl (DeletedBlockLogImpl.java:commitTransactions(224)) - Transaction txId=19 commit by dnId=b13dbf35-3f05-4a51-87e4-7670ffffb89b for containerID=#19 failed. Corresponding entry not found.
2021-08-10 12:16:28,914 [EventQueue-DeleteBlockStatusForDeletedBlockLogImpl] DEBUG block.DeletedBlockLogImpl (DeletedBlockLogImpl.java:isTransactionFailed(278)) - Got block deletion ACK from datanode, TXIDs=20, success=true
2021-08-10 12:16:28,914 [EventQueue-DeleteBlockStatusForDeletedBlockLogImpl] DEBUG block.DeletedBlockLogImpl (DeletedBlockLogImpl.java:commitTransactions(224)) - Transaction txId=20 commit by dnId=b13dbf35-3f05-4a51-87e4-7670ffffb89b for containerID=#20 failed. Corresponding entry not found.
2021-08-10 12:16:28,914 [EventQueue-DeleteBlockStatusForDeletedBlockLogImpl] DEBUG block.DeletedBlockLogImpl (DeletedBlockLogImpl.java:isTransactionFailed(278)) - Got block deletion ACK from datanode, TXIDs=21, success=true
2021-08-10 12:16:28,914 [EventQueue-DeleteBlockStatusForDeletedBlockLogImpl] DEBUG block.DeletedBlockLogImpl (DeletedBlockLogImpl.java:commitTransactions(224)) - Transaction txId=21 commit by dnId=b13dbf35-3f05-4a51-87e4-7670ffffb89b for containerID=#21 failed. Corresponding entry not found.
2021-08-10 12:16:28,914 [EventQueue-DeleteBlockStatusForDeletedBlockLogImpl] DEBUG block.DeletedBlockLogImpl (DeletedBlockLogImpl.java:isTransactionFailed(278)) - Got block deletion ACK from datanode, TXIDs=22, success=true
2021-08-10 12:16:28,914 [EventQueue-DeleteBlockStatusForDeletedBlockLogImpl] DEBUG block.DeletedBlockLogImpl (DeletedBlockLogImpl.java:commitTransactions(224)) - Transaction txId=22 commit by dnId=b13dbf35-3f05-4a51-87e4-7670ffffb89b for containerID=#22 failed. Corresponding entry not found.
2021-08-10 12:16:28,914 [EventQueue-DeleteBlockStatusForDeletedBlockLogImpl] DEBUG block.DeletedBlockLogImpl (DeletedBlockLogImpl.java:isTransactionFailed(278)) - Got block deletion ACK from datanode, TXIDs=23, success=true
2021-08-10 12:16:28,914 [EventQueue-DeleteBlockStatusForDeletedBlockLogImpl] DEBUG block.DeletedBlockLogImpl (DeletedBlockLogImpl.java:commitTransactions(224)) - Transaction txId=23 commit by dnId=b13dbf35-3f05-4a51-87e4-7670ffffb89b for containerID=#23 failed. Corresponding entry not found.
2021-08-10 12:16:28,914 [EventQueue-DeleteBlockStatusForDeletedBlockLogImpl] DEBUG block.DeletedBlockLogImpl (DeletedBlockLogImpl.java:isTransactionFailed(278)) - Got block deletion ACK from datanode, TXIDs=24, success=true
2021-08-10 12:16:28,914 [EventQueue-DeleteBlockStatusForDeletedBlockLogImpl] DEBUG block.DeletedBlockLogImpl (DeletedBlockLogImpl.java:commitTransactions(224)) - Transaction txId=24 commit by dnId=b13dbf35-3f05-4a51-87e4-7670ffffb89b for containerID=#24 failed. Corresponding entry not found.
2021-08-10 12:16:28,914 [EventQueue-DeleteBlockStatusForDeletedBlockLogImpl] DEBUG block.DeletedBlockLogImpl (DeletedBlockLogImpl.java:isTransactionFailed(278)) - Got block deletion ACK from datanode, TXIDs=25, success=true
2021-08-10 12:16:28,914 [EventQueue-DeleteBlockStatusForDeletedBlockLogImpl] DEBUG block.DeletedBlockLogImpl (DeletedBlockLogImpl.java:commitTransactions(224)) - Transaction txId=25 commit by dnId=b13dbf35-3f05-4a51-87e4-7670ffffb89b for containerID=#25 failed. Corresponding entry not found.
2021-08-10 12:16:28,914 [EventQueue-DeleteBlockStatusForDeletedBlockLogImpl] DEBUG block.DeletedBlockLogImpl (DeletedBlockLogImpl.java:isTransactionFailed(278)) - Got block deletion ACK from datanode, TXIDs=26, success=true
2021-08-10 12:16:28,915 [EventQueue-DeleteBlockStatusForDeletedBlockLogImpl] DEBUG block.DeletedBlockLogImpl (DeletedBlockLogImpl.java:commitTransactions(224)) - Transaction txId=26 commit by dnId=b13dbf35-3f05-4a51-87e4-7670ffffb89b for containerID=#26 failed. Corresponding entry not found.
2021-08-10 12:16:28,930 [EventQueue-DeleteBlockStatusForDeletedBlockLogImpl] DEBUG block.DeletedBlockLogImpl (DeletedBlockLogImpl.java:isTransactionFailed(278)) - Got block deletion ACK from datanode, TXIDs=27, success=true
2021-08-10 12:16:28,931 [EventQueue-DeleteBlockStatusForDeletedBlockLogImpl] DEBUG block.DeletedBlockLogImpl (DeletedBlockLogImpl.java:commitTransactions(224)) - Transaction txId=27 commit by dnId=b13dbf35-3f05-4a51-87e4-7670ffffb89b for containerID=#27 failed. Corresponding entry not found.
2021-08-10 12:16:28,931 [EventQueue-DeleteBlockStatusForDeletedBlockLogImpl] DEBUG block.DeletedBlockLogImpl (DeletedBlockLogImpl.java:isTransactionFailed(278)) - Got block deletion ACK from datanode, TXIDs=28, success=true
2021-08-10 12:16:28,931 [EventQueue-DeleteBlockStatusForDeletedBlockLogImpl] DEBUG block.DeletedBlockLogImpl (DeletedBlockLogImpl.java:commitTransactions(224)) - Transaction txId=28 commit by dnId=b13dbf35-3f05-4a51-87e4-7670ffffb89b for containerID=#28 failed. Corresponding entry not found.
2021-08-10 12:16:28,931 [EventQueue-DeleteBlockStatusForDeletedBlockLogImpl] DEBUG block.DeletedBlockLogImpl (DeletedBlockLogImpl.java:isTransactionFailed(278)) - Got block deletion ACK from datanode, TXIDs=29, success=true
2021-08-10 12:16:28,931 [EventQueue-DeleteBlockStatusForDeletedBlockLogImpl] DEBUG block.DeletedBlockLogImpl (DeletedBlockLogImpl.java:commitTransactions(224)) - Transaction txId=29 commit by dnId=b13dbf35-3f05-4a51-87e4-7670ffffb89b for containerID=#29 failed. Corresponding entry not found.
2021-08-10 12:16:28,931 [EventQueue-DeleteBlockStatusForDeletedBlockLogImpl] DEBUG block.DeletedBlockLogImpl (DeletedBlockLogImpl.java:isTransactionFailed(278)) - Got block deletion ACK from datanode, TXIDs=30, success=true
2021-08-10 12:16:28,931 [EventQueue-DeleteBlockStatusForDeletedBlockLogImpl] DEBUG block.DeletedBlockLogImpl (DeletedBlockLogImpl.java:commitTransactions(224)) - Transaction txId=30 commit by dnId=b13dbf35-3f05-4a51-87e4-7670ffffb89b for containerID=#30 failed. Corresponding entry not found.
2021-08-10 12:16:28,931 [EventQueue-DeleteBlockStatusForDeletedBlockLogImpl] DEBUG block.DeletedBlockLogImpl (DeletedBlockLogImpl.java:isTransactionFailed(278)) - Got block deletion ACK from datanode, TXIDs=31, success=true
2021-08-10 12:16:28,931 [EventQueue-DeleteBlockStatusForDeletedBlockLogImpl] DEBUG block.DeletedBlockLogImpl (DeletedBlockLogImpl.java:commitTransactions(224)) - Transaction txId=31 commit by dnId=b13dbf35-3f05-4a51-87e4-7670ffffb89b for containerID=#31 failed. Corresponding entry not found.
2021-08-10 12:16:28,931 [EventQueue-DeleteBlockStatusForDeletedBlockLogImpl] DEBUG block.DeletedBlockLogImpl (DeletedBlockLogImpl.java:isTransactionFailed(278)) - Got block deletion ACK from datanode, TXIDs=32, success=true
2021-08-10 12:16:28,932 [EventQueue-DeleteBlockStatusForDeletedBlockLogImpl] DEBUG block.DeletedBlockLogImpl (DeletedBlockLogImpl.java:commitTransactions(224)) - Transaction txId=32 commit by dnId=b13dbf35-3f05-4a51-87e4-7670ffffb89b for containerID=#32 failed. Corresponding entry not found.
2021-08-10 12:16:28,932 [EventQueue-DeleteBlockStatusForDeletedBlockLogImpl] DEBUG block.DeletedBlockLogImpl (DeletedBlockLogImpl.java:isTransactionFailed(278)) - Got block deletion ACK from datanode, TXIDs=33, success=true
2021-08-10 12:16:28,932 [EventQueue-DeleteBlockStatusForDeletedBlockLogImpl] DEBUG block.DeletedBlockLogImpl (DeletedBlockLogImpl.java:commitTransactions(224)) - Transaction txId=33 commit by dnId=b13dbf35-3f05-4a51-87e4-7670ffffb89b for containerID=#33 failed. Corresponding entry not found.
2021-08-10 12:16:28,932 [EventQueue-DeleteBlockStatusForDeletedBlockLogImpl] DEBUG block.DeletedBlockLogImpl (DeletedBlockLogImpl.java:isTransactionFailed(278)) - Got block deletion ACK from datanode, TXIDs=34, success=true
2021-08-10 12:16:28,932 [EventQueue-DeleteBlockStatusForDeletedBlockLogImpl] DEBUG block.DeletedBlockLogImpl (DeletedBlockLogImpl.java:commitTransactions(224)) - Transaction txId=34 commit by dnId=b13dbf35-3f05-4a51-87e4-7670ffffb89b for containerID=#34 failed. Corresponding entry not found.
2021-08-10 12:16:28,932 [EventQueue-DeleteBlockStatusForDeletedBlockLogImpl] DEBUG block.DeletedBlockLogImpl (DeletedBlockLogImpl.java:isTransactionFailed(278)) - Got block deletion ACK from datanode, TXIDs=35, success=true
2021-08-10 12:16:28,932 [EventQueue-DeleteBlockStatusForDeletedBlockLogImpl] DEBUG block.DeletedBlockLogImpl (DeletedBlockLogImpl.java:commitTransactions(224)) - Transaction txId=35 commit by dnId=b13dbf35-3f05-4a51-87e4-7670ffffb89b for containerID=#35 failed. Corresponding entry not found.
2021-08-10 12:16:28,932 [EventQueue-DeleteBlockStatusForDeletedBlockLogImpl] DEBUG block.DeletedBlockLogImpl (DeletedBlockLogImpl.java:isTransactionFailed(278)) - Got block deletion ACK from datanode, TXIDs=36, success=true
2021-08-10 12:16:28,932 [EventQueue-DeleteBlockStatusForDeletedBlockLogImpl] DEBUG block.DeletedBlockLogImpl (DeletedBlockLogImpl.java:commitTransactions(224)) - Transaction txId=36 commit by dnId=b13dbf35-3f05-4a51-87e4-7670ffffb89b for containerID=#36 failed. Corresponding entry not found.
2021-08-10 12:16:28,932 [EventQueue-DeleteBlockStatusForDeletedBlockLogImpl] DEBUG block.DeletedBlockLogImpl (DeletedBlockLogImpl.java:isTransactionFailed(278)) - Got block deletion ACK from datanode, TXIDs=37, success=true
2021-08-10 12:16:28,932 [EventQueue-DeleteBlockStatusForDeletedBlockLogImpl] DEBUG block.DeletedBlockLogImpl (DeletedBlockLogImpl.java:commitTransactions(224)) - Transaction txId=37 commit by dnId=b13dbf35-3f05-4a51-87e4-7670ffffb89b for containerID=#37 failed. Corresponding entry not found.
2021-08-10 12:16:28,932 [EventQueue-DeleteBlockStatusForDeletedBlockLogImpl] DEBUG block.DeletedBlockLogImpl (DeletedBlockLogImpl.java:isTransactionFailed(278)) - Got block deletion ACK from datanode, TXIDs=38, success=true
2021-08-10 12:16:28,932 [EventQueue-DeleteBlockStatusForDeletedBlockLogImpl] DEBUG block.DeletedBlockLogImpl (DeletedBlockLogImpl.java:commitTransactions(224)) - Transaction txId=38 commit by dnId=b13dbf35-3f05-4a51-87e4-7670ffffb89b for containerID=#38 failed. Corresponding entry not found.
2021-08-10 12:16:28,933 [EventQueue-DeleteBlockStatusForDeletedBlockLogImpl] DEBUG block.DeletedBlockLogImpl (DeletedBlockLogImpl.java:isTransactionFailed(278)) - Got block deletion ACK from datanode, TXIDs=39, success=true
2021-08-10 12:16:28,938 [EventQueue-DeleteBlockStatusForDeletedBlockLogImpl] DEBUG block.DeletedBlockLogImpl (DeletedBlockLogImpl.java:commitTransactions(224)) - Transaction txId=39 commit by dnId=b13dbf35-3f05-4a51-87e4-7670ffffb89b for containerID=#39 failed. Corresponding entry not found.
2021-08-10 12:16:28,939 [EventQueue-DeleteBlockStatusForDeletedBlockLogImpl] DEBUG block.DeletedBlockLogImpl (DeletedBlockLogImpl.java:isTransactionFailed(278)) - Got block deletion ACK from datanode, TXIDs=40, success=true
2021-08-10 12:16:28,941 [EventQueue-DeleteBlockStatusForDeletedBlockLogImpl] DEBUG block.DeletedBlockLogImpl (DeletedBlockLogImpl.java:commitTransactions(224)) - Transaction txId=40 commit by dnId=b13dbf35-3f05-4a51-87e4-7670ffffb89b for containerID=#40 failed. Corresponding entry not found.
2021-08-10 12:16:28,941 [EventQueue-DeleteBlockStatusForDeletedBlockLogImpl] DEBUG block.DeletedBlockLogImpl (DeletedBlockLogImpl.java:isTransactionFailed(278)) - Got block deletion ACK from datanode, TXIDs=41, success=true
2021-08-10 12:16:28,941 [EventQueue-DeleteBlockStatusForDeletedBlockLogImpl] DEBUG block.DeletedBlockLogImpl (DeletedBlockLogImpl.java:commitTransactions(224)) - Transaction txId=41 commit by dnId=b13dbf35-3f05-4a51-87e4-7670ffffb89b for containerID=#41 failed. Corresponding entry not found.
2021-08-10 12:16:28,941 [EventQueue-DeleteBlockStatusForDeletedBlockLogImpl] DEBUG block.DeletedBlockLogImpl (DeletedBlockLogImpl.java:isTransactionFailed(278)) - Got block deletion ACK from datanode, TXIDs=42, success=true
2021-08-10 12:16:28,941 [EventQueue-DeleteBlockStatusForDeletedBlockLogImpl] DEBUG block.DeletedBlockLogImpl (DeletedBlockLogImpl.java:commitTransactions(224)) - Transaction txId=42 commit by dnId=b13dbf35-3f05-4a51-87e4-7670ffffb89b for containerID=#42 failed. Corresponding entry not found.
2021-08-10 12:16:28,941 [EventQueue-DeleteBlockStatusForDeletedBlockLogImpl] DEBUG block.DeletedBlockLogImpl (DeletedBlockLogImpl.java:isTransactionFailed(278)) - Got block deletion ACK from datanode, TXIDs=43, success=true
2021-08-10 12:16:28,941 [EventQueue-DeleteBlockStatusForDeletedBlockLogImpl] DEBUG block.DeletedBlockLogImpl (DeletedBlockLogImpl.java:commitTransactions(224)) - Transaction txId=43 commit by dnId=b13dbf35-3f05-4a51-87e4-7670ffffb89b for containerID=#43 failed. Corresponding entry not found.
2021-08-10 12:16:28,941 [EventQueue-DeleteBlockStatusForDeletedBlockLogImpl] DEBUG block.DeletedBlockLogImpl (DeletedBlockLogImpl.java:isTransactionFailed(278)) - Got block deletion ACK from datanode, TXIDs=44, success=true
2021-08-10 12:16:28,941 [EventQueue-DeleteBlockStatusForDeletedBlockLogImpl] DEBUG block.DeletedBlockLogImpl (DeletedBlockLogImpl.java:commitTransactions(224)) - Transaction txId=44 commit by dnId=b13dbf35-3f05-4a51-87e4-7670ffffb89b for containerID=#44 failed. Corresponding entry not found.
2021-08-10 12:16:28,941 [EventQueue-DeleteBlockStatusForDeletedBlockLogImpl] DEBUG block.DeletedBlockLogImpl (DeletedBlockLogImpl.java:isTransactionFailed(278)) - Got block deletion ACK from datanode, TXIDs=45, success=true
2021-08-10 12:16:28,941 [EventQueue-DeleteBlockStatusForDeletedBlockLogImpl] DEBUG block.DeletedBlockLogImpl (DeletedBlockLogImpl.java:commitTransactions(224)) - Transaction txId=45 commit by dnId=b13dbf35-3f05-4a51-87e4-7670ffffb89b for containerID=#45 failed. Corresponding entry not found.
2021-08-10 12:16:28,941 [EventQueue-DeleteBlockStatusForDeletedBlockLogImpl] DEBUG block.DeletedBlockLogImpl (DeletedBlockLogImpl.java:isTransactionFailed(278)) - Got block deletion ACK from datanode, TXIDs=46, success=true
2021-08-10 12:16:28,941 [EventQueue-DeleteBlockStatusForDeletedBlockLogImpl] DEBUG block.DeletedBlockLogImpl (DeletedBlockLogImpl.java:commitTransactions(224)) - Transaction txId=46 commit by dnId=b13dbf35-3f05-4a51-87e4-7670ffffb89b for containerID=#46 failed. Corresponding entry not found.
2021-08-10 12:16:28,942 [EventQueue-DeleteBlockStatusForDeletedBlockLogImpl] DEBUG block.DeletedBlockLogImpl (DeletedBlockLogImpl.java:isTransactionFailed(278)) - Got block deletion ACK from datanode, TXIDs=47, success=true
2021-08-10 12:16:28,942 [EventQueue-DeleteBlockStatusForDeletedBlockLogImpl] DEBUG block.DeletedBlockLogImpl (DeletedBlockLogImpl.java:commitTransactions(224)) - Transaction txId=47 commit by dnId=b13dbf35-3f05-4a51-87e4-7670ffffb89b for containerID=#47 failed. Corresponding entry not found.
2021-08-10 12:16:28,942 [EventQueue-DeleteBlockStatusForDeletedBlockLogImpl] DEBUG block.DeletedBlockLogImpl (DeletedBlockLogImpl.java:isTransactionFailed(278)) - Got block deletion ACK from datanode, TXIDs=48, success=true
2021-08-10 12:16:28,942 [EventQueue-DeleteBlockStatusForDeletedBlockLogImpl] DEBUG block.DeletedBlockLogImpl (DeletedBlockLogImpl.java:commitTransactions(224)) - Transaction txId=48 commit by dnId=b13dbf35-3f05-4a51-87e4-7670ffffb89b for containerID=#48 failed. Corresponding entry not found.
2021-08-10 12:16:28,942 [EventQueue-DeleteBlockStatusForDeletedBlockLogImpl] DEBUG block.DeletedBlockLogImpl (DeletedBlockLogImpl.java:isTransactionFailed(278)) - Got block deletion ACK from datanode, TXIDs=49, success=true
2021-08-10 12:16:28,942 [EventQueue-DeleteBlockStatusForDeletedBlockLogImpl] DEBUG block.DeletedBlockLogImpl (DeletedBlockLogImpl.java:commitTransactions(224)) - Transaction txId=49 commit by dnId=b13dbf35-3f05-4a51-87e4-7670ffffb89b for containerID=#49 failed. Corresponding entry not found.
2021-08-10 12:16:28,942 [EventQueue-DeleteBlockStatusForDeletedBlockLogImpl] DEBUG block.DeletedBlockLogImpl (DeletedBlockLogImpl.java:isTransactionFailed(278)) - Got block deletion ACK from datanode, TXIDs=50, success=true
2021-08-10 12:16:28,942 [EventQueue-DeleteBlockStatusForDeletedBlockLogImpl] DEBUG block.DeletedBlockLogImpl (DeletedBlockLogImpl.java:commitTransactions(224)) - Transaction txId=50 commit by dnId=b13dbf35-3f05-4a51-87e4-7670ffffb89b for containerID=#50 failed. Corresponding entry not found.
2021-08-10 12:16:28,942 [EventQueue-DeleteBlockStatusForDeletedBlockLogImpl] DEBUG block.DeletedBlockLogImpl (DeletedBlockLogImpl.java:isTransactionFailed(278)) - Got block deletion ACK from datanode, TXIDs=51, success=true
2021-08-10 12:16:28,942 [EventQueue-DeleteBlockStatusForDeletedBlockLogImpl] DEBUG block.DeletedBlockLogImpl (DeletedBlockLogImpl.java:commitTransactions(224)) - Transaction txId=51 commit by dnId=b13dbf35-3f05-4a51-87e4-7670ffffb89b for containerID=#51 failed. Corresponding entry not found.
2021-08-10 12:16:28,942 [EventQueue-DeleteBlockStatusForDeletedBlockLogImpl] DEBUG block.DeletedBlockLogImpl (DeletedBlockLogImpl.java:isTransactionFailed(278)) - Got block deletion ACK from datanode, TXIDs=52, success=true
2021-08-10 12:16:28,942 [EventQueue-DeleteBlockStatusForDeletedBlockLogImpl] DEBUG block.DeletedBlockLogImpl (DeletedBlockLogImpl.java:commitTransactions(224)) - Transaction txId=52 commit by dnId=b13dbf35-3f05-4a51-87e4-7670ffffb89b for containerID=#52 failed. Corresponding entry not found.
2021-08-10 12:16:28,942 [EventQueue-DeleteBlockStatusForDeletedBlockLogImpl] DEBUG block.DeletedBlockLogImpl (DeletedBlockLogImpl.java:isTransactionFailed(278)) - Got block deletion ACK from datanode, TXIDs=53, success=true
2021-08-10 12:16:28,942 [EventQueue-DeleteBlockStatusForDeletedBlockLogImpl] DEBUG block.DeletedBlockLogImpl (DeletedBlockLogImpl.java:commitTransactions(224)) - Transaction txId=53 commit by dnId=b13dbf35-3f05-4a51-87e4-7670ffffb89b for containerID=#53 failed. Corresponding entry not found.
2021-08-10 12:16:28,942 [EventQueue-DeleteBlockStatusForDeletedBlockLogImpl] DEBUG block.DeletedBlockLogImpl (DeletedBlockLogImpl.java:isTransactionFailed(278)) - Got block deletion ACK from datanode, TXIDs=54, success=true
2021-08-10 12:16:28,942 [EventQueue-DeleteBlockStatusForDeletedBlockLogImpl] DEBUG block.DeletedBlockLogImpl (DeletedBlockLogImpl.java:commitTransactions(224)) - Transaction txId=54 commit by dnId=b13dbf35-3f05-4a51-87e4-7670ffffb89b for containerID=#54 failed. Corresponding entry not found.
2021-08-10 12:16:28,943 [EventQueue-DeleteBlockStatusForDeletedBlockLogImpl] DEBUG block.DeletedBlockLogImpl (DeletedBlockLogImpl.java:isTransactionFailed(278)) - Got block deletion ACK from datanode, TXIDs=55, success=true
2021-08-10 12:16:28,943 [EventQueue-DeleteBlockStatusForDeletedBlockLogImpl] DEBUG block.DeletedBlockLogImpl (DeletedBlockLogImpl.java:commitTransactions(224)) - Transaction txId=55 commit by dnId=b13dbf35-3f05-4a51-87e4-7670ffffb89b for containerID=#55 failed. Corresponding entry not found.
2021-08-10 12:16:28,943 [EventQueue-DeleteBlockStatusForDeletedBlockLogImpl] DEBUG block.DeletedBlockLogImpl (DeletedBlockLogImpl.java:isTransactionFailed(278)) - Got block deletion ACK from datanode, TXIDs=56, success=true
2021-08-10 12:16:28,943 [EventQueue-DeleteBlockStatusForDeletedBlockLogImpl] DEBUG block.DeletedBlockLogImpl (DeletedBlockLogImpl.java:commitTransactions(224)) - Transaction txId=56 commit by dnId=b13dbf35-3f05-4a51-87e4-7670ffffb89b for containerID=#56 failed. Corresponding entry not found.
2021-08-10 12:16:28,943 [SCMBlockDeletingService#0] DEBUG block.SCMBlockDeletingService (SCMBlockDeletingService.java:call(133)) - Running DeletedBlockTransactionScanner
2021-08-10 12:16:28,943 [EventQueue-DeleteBlockStatusForDeletedBlockLogImpl] DEBUG block.DeletedBlockLogImpl (DeletedBlockLogImpl.java:isTransactionFailed(278)) - Got block deletion ACK from datanode, TXIDs=1, success=true
2021-08-10 12:16:28,943 [EventQueue-DeleteBlockStatusForDeletedBlockLogImpl] DEBUG block.DeletedBlockLogImpl (DeletedBlockLogImpl.java:commitTransactions(224)) - Transaction txId=1 commit by dnId=b13dbf35-3f05-4a51-87e4-7670ffffb89b for containerID=#1 failed. Corresponding entry not found.
2021-08-10 12:16:28,943 [EventQueue-DeleteBlockStatusForDeletedBlockLogImpl] DEBUG block.DeletedBlockLogImpl (DeletedBlockLogImpl.java:isTransactionFailed(278)) - Got block deletion ACK from datanode, TXIDs=2, success=true
2021-08-10 12:16:28,943 [EventQueue-DeleteBlockStatusForDeletedBlockLogImpl] DEBUG block.DeletedBlockLogImpl (DeletedBlockLogImpl.java:commitTransactions(224)) - Transaction txId=2 commit by dnId=b13dbf35-3f05-4a51-87e4-7670ffffb89b for containerID=#2 failed. Corresponding entry not found.
2021-08-10 12:16:28,943 [EventQueue-DeleteBlockStatusForDeletedBlockLogImpl] DEBUG block.DeletedBlockLogImpl (DeletedBlockLogImpl.java:isTransactionFailed(278)) - Got block deletion ACK from datanode, TXIDs=3, success=true
2021-08-10 12:16:28,943 [EventQueue-DeleteBlockStatusForDeletedBlockLogImpl] DEBUG block.DeletedBlockLogImpl (DeletedBlockLogImpl.java:commitTransactions(224)) - Transaction txId=3 commit by dnId=b13dbf35-3f05-4a51-87e4-7670ffffb89b for containerID=#3 failed. Corresponding entry not found.
2021-08-10 12:16:28,943 [EventQueue-DeleteBlockStatusForDeletedBlockLogImpl] DEBUG block.DeletedBlockLogImpl (DeletedBlockLogImpl.java:isTransactionFailed(278)) - Got block deletion ACK from datanode, TXIDs=4, success=true
2021-08-10 12:16:28,943 [EventQueue-DeleteBlockStatusForDeletedBlockLogImpl] DEBUG block.DeletedBlockLogImpl (DeletedBlockLogImpl.java:commitTransactions(224)) - Transaction txId=4 commit by dnId=b13dbf35-3f05-4a51-87e4-7670ffffb89b for containerID=#4 failed. Corresponding entry not found.
2021-08-10 12:16:28,943 [EventQueue-DeleteBlockStatusForDeletedBlockLogImpl] DEBUG block.DeletedBlockLogImpl (DeletedBlockLogImpl.java:isTransactionFailed(278)) - Got block deletion ACK from datanode, TXIDs=5, success=true
2021-08-10 12:16:28,943 [EventQueue-DeleteBlockStatusForDeletedBlockLogImpl] DEBUG block.DeletedBlockLogImpl (DeletedBlockLogImpl.java:commitTransactions(224)) - Transaction txId=5 commit by dnId=b13dbf35-3f05-4a51-87e4-7670ffffb89b for containerID=#5 failed. Corresponding entry not found.
2021-08-10 12:16:28,943 [EventQueue-DeleteBlockStatusForDeletedBlockLogImpl] DEBUG block.DeletedBlockLogImpl (DeletedBlockLogImpl.java:isTransactionFailed(278)) - Got block deletion ACK from datanode, TXIDs=6, success=true
2021-08-10 12:16:28,943 [EventQueue-DeleteBlockStatusForDeletedBlockLogImpl] DEBUG block.DeletedBlockLogImpl (DeletedBlockLogImpl.java:commitTransactions(224)) - Transaction txId=6 commit by dnId=b13dbf35-3f05-4a51-87e4-7670ffffb89b for containerID=#6 failed. Corresponding entry not found.
2021-08-10 12:16:28,943 [EventQueue-DeleteBlockStatusForDeletedBlockLogImpl] DEBUG block.DeletedBlockLogImpl (DeletedBlockLogImpl.java:isTransactionFailed(278)) - Got block deletion ACK from datanode, TXIDs=7, success=true
2021-08-10 12:16:28,943 [EventQueue-DeleteBlockStatusForDeletedBlockLogImpl] DEBUG block.DeletedBlockLogImpl (DeletedBlockLogImpl.java:commitTransactions(224)) - Transaction txId=7 commit by dnId=b13dbf35-3f05-4a51-87e4-7670ffffb89b for containerID=#7 failed. Corresponding entry not found.
2021-08-10 12:16:28,944 [EventQueue-DeleteBlockStatusForDeletedBlockLogImpl] DEBUG block.DeletedBlockLogImpl (DeletedBlockLogImpl.java:isTransactionFailed(278)) - Got block deletion ACK from datanode, TXIDs=8, success=true
2021-08-10 12:16:28,944 [EventQueue-DeleteBlockStatusForDeletedBlockLogImpl] DEBUG block.DeletedBlockLogImpl (DeletedBlockLogImpl.java:commitTransactions(224)) - Transaction txId=8 commit by dnId=b13dbf35-3f05-4a51-87e4-7670ffffb89b for containerID=#8 failed. Corresponding entry not found.
2021-08-10 12:16:28,944 [EventQueue-DeleteBlockStatusForDeletedBlockLogImpl] DEBUG block.DeletedBlockLogImpl (DeletedBlockLogImpl.java:isTransactionFailed(278)) - Got block deletion ACK from datanode, TXIDs=9, success=true
2021-08-10 12:16:28,944 [EventQueue-DeleteBlockStatusForDeletedBlockLogImpl] DEBUG block.DeletedBlockLogImpl (DeletedBlockLogImpl.java:commitTransactions(224)) - Transaction txId=9 commit by dnId=b13dbf35-3f05-4a51-87e4-7670ffffb89b for containerID=#9 failed. Corresponding entry not found.
2021-08-10 12:16:28,944 [EventQueue-DeleteBlockStatusForDeletedBlockLogImpl] DEBUG block.DeletedBlockLogImpl (DeletedBlockLogImpl.java:isTransactionFailed(278)) - Got block deletion ACK from datanode, TXIDs=10, success=true
2021-08-10 12:16:28,944 [EventQueue-DeleteBlockStatusForDeletedBlockLogImpl] DEBUG block.DeletedBlockLogImpl (DeletedBlockLogImpl.java:commitTransactions(224)) - Transaction txId=10 commit by dnId=b13dbf35-3f05-4a51-87e4-7670ffffb89b for containerID=#10 failed. Corresponding entry not found.
2021-08-10 12:16:28,944 [EventQueue-DeleteBlockStatusForDeletedBlockLogImpl] DEBUG block.DeletedBlockLogImpl (DeletedBlockLogImpl.java:isTransactionFailed(278)) - Got block deletion ACK from datanode, TXIDs=11, success=true
2021-08-10 12:16:28,944 [EventQueue-DeleteBlockStatusForDeletedBlockLogImpl] DEBUG block.DeletedBlockLogImpl (DeletedBlockLogImpl.java:commitTransactions(224)) - Transaction txId=11 commit by dnId=b13dbf35-3f05-4a51-87e4-7670ffffb89b for containerID=#11 failed. Corresponding entry not found.
2021-08-10 12:16:28,944 [EventQueue-DeleteBlockStatusForDeletedBlockLogImpl] DEBUG block.DeletedBlockLogImpl (DeletedBlockLogImpl.java:isTransactionFailed(278)) - Got block deletion ACK from datanode, TXIDs=12, success=true
2021-08-10 12:16:28,944 [EventQueue-DeleteBlockStatusForDeletedBlockLogImpl] DEBUG block.DeletedBlockLogImpl (DeletedBlockLogImpl.java:commitTransactions(224)) - Transaction txId=12 commit by dnId=b13dbf35-3f05-4a51-87e4-7670ffffb89b for containerID=#12 failed. Corresponding entry not found.
2021-08-10 12:16:28,944 [EventQueue-DeleteBlockStatusForDeletedBlockLogImpl] DEBUG block.DeletedBlockLogImpl (DeletedBlockLogImpl.java:isTransactionFailed(278)) - Got block deletion ACK from datanode, TXIDs=13, success=true
2021-08-10 12:16:28,944 [EventQueue-DeleteBlockStatusForDeletedBlockLogImpl] DEBUG block.DeletedBlockLogImpl (DeletedBlockLogImpl.java:commitTransactions(224)) - Transaction txId=13 commit by dnId=b13dbf35-3f05-4a51-87e4-7670ffffb89b for containerID=#13 failed. Corresponding entry not found.
2021-08-10 12:16:28,946 [EventQueue-DeleteBlockStatusForDeletedBlockLogImpl] DEBUG block.DeletedBlockLogImpl (DeletedBlockLogImpl.java:isTransactionFailed(278)) - Got block deletion ACK from datanode, TXIDs=14, success=true
2021-08-10 12:16:28,947 [EventQueue-DeleteBlockStatusForDeletedBlockLogImpl] DEBUG block.DeletedBlockLogImpl (DeletedBlockLogImpl.java:commitTransactions(224)) - Transaction txId=14 commit by dnId=b13dbf35-3f05-4a51-87e4-7670ffffb89b for containerID=#14 failed. Corresponding entry not found.
2021-08-10 12:16:28,947 [EventQueue-DeleteBlockStatusForDeletedBlockLogImpl] DEBUG block.DeletedBlockLogImpl (DeletedBlockLogImpl.java:isTransactionFailed(278)) - Got block deletion ACK from datanode, TXIDs=15, success=true
2021-08-10 12:16:28,950 [EventQueue-DeleteBlockStatusForDeletedBlockLogImpl] DEBUG block.DeletedBlockLogImpl (DeletedBlockLogImpl.java:commitTransactions(224)) - Transaction txId=15 commit by dnId=b13dbf35-3f05-4a51-87e4-7670ffffb89b for containerID=#15 failed. Corresponding entry not found.
2021-08-10 12:16:28,951 [EventQueue-DeleteBlockStatusForDeletedBlockLogImpl] DEBUG block.DeletedBlockLogImpl (DeletedBlockLogImpl.java:isTransactionFailed(278)) - Got block deletion ACK from datanode, TXIDs=16, success=true
2021-08-10 12:16:28,951 [EventQueue-DeleteBlockStatusForDeletedBlockLogImpl] DEBUG block.DeletedBlockLogImpl (DeletedBlockLogImpl.java:commitTransactions(224)) - Transaction txId=16 commit by dnId=b13dbf35-3f05-4a51-87e4-7670ffffb89b for containerID=#16 failed. Corresponding entry not found.
2021-08-10 12:16:28,951 [EventQueue-DeleteBlockStatusForDeletedBlockLogImpl] DEBUG block.DeletedBlockLogImpl (DeletedBlockLogImpl.java:isTransactionFailed(278)) - Got block deletion ACK from datanode, TXIDs=17, success=true
2021-08-10 12:16:28,951 [EventQueue-DeleteBlockStatusForDeletedBlockLogImpl] DEBUG block.DeletedBlockLogImpl (DeletedBlockLogImpl.java:commitTransactions(224)) - Transaction txId=17 commit by dnId=b13dbf35-3f05-4a51-87e4-7670ffffb89b for containerID=#17 failed. Corresponding entry not found.
2021-08-10 12:16:28,951 [EventQueue-DeleteBlockStatusForDeletedBlockLogImpl] DEBUG block.DeletedBlockLogImpl (DeletedBlockLogImpl.java:isTransactionFailed(278)) - Got block deletion ACK from datanode, TXIDs=18, success=true
2021-08-10 12:16:28,951 [EventQueue-DeleteBlockStatusForDeletedBlockLogImpl] DEBUG block.DeletedBlockLogImpl (DeletedBlockLogImpl.java:commitTransactions(224)) - Transaction txId=18 commit by dnId=b13dbf35-3f05-4a51-87e4-7670ffffb89b for containerID=#18 failed. Corresponding entry not found.
2021-08-10 12:16:28,951 [EventQueue-DeleteBlockStatusForDeletedBlockLogImpl] DEBUG block.DeletedBlockLogImpl (DeletedBlockLogImpl.java:isTransactionFailed(278)) - Got block deletion ACK from datanode, TXIDs=19, success=true
2021-08-10 12:16:28,951 [EventQueue-DeleteBlockStatusForDeletedBlockLogImpl] DEBUG block.DeletedBlockLogImpl (DeletedBlockLogImpl.java:commitTransactions(224)) - Transaction txId=19 commit by dnId=b13dbf35-3f05-4a51-87e4-7670ffffb89b for containerID=#19 failed. Corresponding entry not found.
2021-08-10 12:16:28,951 [EventQueue-DeleteBlockStatusForDeletedBlockLogImpl] DEBUG block.DeletedBlockLogImpl (DeletedBlockLogImpl.java:isTransactionFailed(278)) - Got block deletion ACK from datanode, TXIDs=20, success=true
2021-08-10 12:16:28,951 [EventQueue-DeleteBlockStatusForDeletedBlockLogImpl] DEBUG block.DeletedBlockLogImpl (DeletedBlockLogImpl.java:commitTransactions(224)) - Transaction txId=20 commit by dnId=b13dbf35-3f05-4a51-87e4-7670ffffb89b for containerID=#20 failed. Corresponding entry not found.
2021-08-10 12:16:28,951 [EventQueue-DeleteBlockStatusForDeletedBlockLogImpl] DEBUG block.DeletedBlockLogImpl (DeletedBlockLogImpl.java:isTransactionFailed(278)) - Got block deletion ACK from datanode, TXIDs=21, success=true
2021-08-10 12:16:28,951 [EventQueue-DeleteBlockStatusForDeletedBlockLogImpl] DEBUG block.DeletedBlockLogImpl (DeletedBlockLogImpl.java:commitTransactions(224)) - Transaction txId=21 commit by dnId=b13dbf35-3f05-4a51-87e4-7670ffffb89b for containerID=#21 failed. Corresponding entry not found.
2021-08-10 12:16:28,951 [EventQueue-DeleteBlockStatusForDeletedBlockLogImpl] DEBUG block.DeletedBlockLogImpl (DeletedBlockLogImpl.java:isTransactionFailed(278)) - Got block deletion ACK from datanode, TXIDs=22, success=true
2021-08-10 12:16:28,951 [EventQueue-DeleteBlockStatusForDeletedBlockLogImpl] DEBUG block.DeletedBlockLogImpl (DeletedBlockLogImpl.java:commitTransactions(224)) - Transaction txId=22 commit by dnId=b13dbf35-3f05-4a51-87e4-7670ffffb89b for containerID=#22 failed. Corresponding entry not found.
2021-08-10 12:16:28,951 [EventQueue-DeleteBlockStatusForDeletedBlockLogImpl] DEBUG block.DeletedBlockLogImpl (DeletedBlockLogImpl.java:isTransactionFailed(278)) - Got block deletion ACK from datanode, TXIDs=23, success=true
2021-08-10 12:16:28,951 [EventQueue-DeleteBlockStatusForDeletedBlockLogImpl] DEBUG block.DeletedBlockLogImpl (DeletedBlockLogImpl.java:commitTransactions(224)) - Transaction txId=23 commit by dnId=b13dbf35-3f05-4a51-87e4-7670ffffb89b for containerID=#23 failed. Corresponding entry not found.
2021-08-10 12:16:28,951 [EventQueue-DeleteBlockStatusForDeletedBlockLogImpl] DEBUG block.DeletedBlockLogImpl (DeletedBlockLogImpl.java:isTransactionFailed(278)) - Got block deletion ACK from datanode, TXIDs=24, success=true
2021-08-10 12:16:28,951 [EventQueue-DeleteBlockStatusForDeletedBlockLogImpl] DEBUG block.DeletedBlockLogImpl (DeletedBlockLogImpl.java:commitTransactions(224)) - Transaction txId=24 commit by dnId=b13dbf35-3f05-4a51-87e4-7670ffffb89b for containerID=#24 failed. Corresponding entry not found.
2021-08-10 12:16:28,951 [EventQueue-DeleteBlockStatusForDeletedBlockLogImpl] DEBUG block.DeletedBlockLogImpl (DeletedBlockLogImpl.java:isTransactionFailed(278)) - Got block deletion ACK from datanode, TXIDs=25, success=true
2021-08-10 12:16:28,951 [EventQueue-DeleteBlockStatusForDeletedBlockLogImpl] DEBUG block.DeletedBlockLogImpl (DeletedBlockLogImpl.java:commitTransactions(224)) - Transaction txId=25 commit by dnId=b13dbf35-3f05-4a51-87e4-7670ffffb89b for containerID=#25 failed. Corresponding entry not found.
2021-08-10 12:16:28,951 [EventQueue-DeleteBlockStatusForDeletedBlockLogImpl] DEBUG block.DeletedBlockLogImpl (DeletedBlockLogImpl.java:isTransactionFailed(278)) - Got block deletion ACK from datanode, TXIDs=26, success=true
2021-08-10 12:16:28,951 [EventQueue-DeleteBlockStatusForDeletedBlockLogImpl] DEBUG block.DeletedBlockLogImpl (DeletedBlockLogImpl.java:commitTransactions(224)) - Transaction txId=26 commit by dnId=b13dbf35-3f05-4a51-87e4-7670ffffb89b for containerID=#26 failed. Corresponding entry not found.
2021-08-10 12:16:28,951 [EventQueue-DeleteBlockStatusForDeletedBlockLogImpl] DEBUG block.DeletedBlockLogImpl (DeletedBlockLogImpl.java:isTransactionFailed(278)) - Got block deletion ACK from datanode, TXIDs=27, success=true
2021-08-10 12:16:28,951 [EventQueue-DeleteBlockStatusForDeletedBlockLogImpl] DEBUG block.DeletedBlockLogImpl (DeletedBlockLogImpl.java:commitTransactions(224)) - Transaction txId=27 commit by dnId=b13dbf35-3f05-4a51-87e4-7670ffffb89b for containerID=#27 failed. Corresponding entry not found.
2021-08-10 12:16:28,951 [EventQueue-DeleteBlockStatusForDeletedBlockLogImpl] DEBUG block.DeletedBlockLogImpl (DeletedBlockLogImpl.java:isTransactionFailed(278)) - Got block deletion ACK from datanode, TXIDs=28, success=true
2021-08-10 12:16:28,951 [EventQueue-DeleteBlockStatusForDeletedBlockLogImpl] DEBUG block.DeletedBlockLogImpl (DeletedBlockLogImpl.java:commitTransactions(224)) - Transaction txId=28 commit by dnId=b13dbf35-3f05-4a51-87e4-7670ffffb89b for containerID=#28 failed. Corresponding entry not found.
2021-08-10 12:16:28,951 [EventQueue-DeleteBlockStatusForDeletedBlockLogImpl] DEBUG block.DeletedBlockLogImpl (DeletedBlockLogImpl.java:isTransactionFailed(278)) - Got block deletion ACK from datanode, TXIDs=29, success=true
2021-08-10 12:16:28,952 [EventQueue-DeleteBlockStatusForDeletedBlockLogImpl] DEBUG block.DeletedBlockLogImpl (DeletedBlockLogImpl.java:commitTransactions(224)) - Transaction txId=29 commit by dnId=b13dbf35-3f05-4a51-87e4-7670ffffb89b for containerID=#29 failed. Corresponding entry not found.
2021-08-10 12:16:28,952 [EventQueue-DeleteBlockStatusForDeletedBlockLogImpl] DEBUG block.DeletedBlockLogImpl (DeletedBlockLogImpl.java:isTransactionFailed(278)) - Got block deletion ACK from datanode, TXIDs=30, success=true
2021-08-10 12:16:28,952 [EventQueue-DeleteBlockStatusForDeletedBlockLogImpl] DEBUG block.DeletedBlockLogImpl (DeletedBlockLogImpl.java:commitTransactions(224)) - Transaction txId=30 commit by dnId=b13dbf35-3f05-4a51-87e4-7670ffffb89b for containerID=#30 failed. Corresponding entry not found.
2021-08-10 12:16:28,952 [EventQueue-DeleteBlockStatusForDeletedBlockLogImpl] DEBUG block.DeletedBlockLogImpl (DeletedBlockLogImpl.java:isTransactionFailed(278)) - Got block deletion ACK from datanode, TXIDs=31, success=true
2021-08-10 12:16:28,952 [EventQueue-DeleteBlockStatusForDeletedBlockLogImpl] DEBUG block.DeletedBlockLogImpl (DeletedBlockLogImpl.java:commitTransactions(224)) - Transaction txId=31 commit by dnId=b13dbf35-3f05-4a51-87e4-7670ffffb89b for containerID=#31 failed. Corresponding entry not found.
2021-08-10 12:16:28,952 [EventQueue-DeleteBlockStatusForDeletedBlockLogImpl] DEBUG block.DeletedBlockLogImpl (DeletedBlockLogImpl.java:isTransactionFailed(278)) - Got block deletion ACK from datanode, TXIDs=32, success=true
2021-08-10 12:16:28,952 [EventQueue-DeleteBlockStatusForDeletedBlockLogImpl] DEBUG block.DeletedBlockLogImpl (DeletedBlockLogImpl.java:commitTransactions(224)) - Transaction txId=32 commit by dnId=b13dbf35-3f05-4a51-87e4-7670ffffb89b for containerID=#32 failed. Corresponding entry not found.
2021-08-10 12:16:28,952 [EventQueue-DeleteBlockStatusForDeletedBlockLogImpl] DEBUG block.DeletedBlockLogImpl (DeletedBlockLogImpl.java:isTransactionFailed(278)) - Got block deletion ACK from datanode, TXIDs=33, success=true
2021-08-10 12:16:28,952 [EventQueue-DeleteBlockStatusForDeletedBlockLogImpl] DEBUG block.DeletedBlockLogImpl (DeletedBlockLogImpl.java:commitTransactions(224)) - Transaction txId=33 commit by dnId=b13dbf35-3f05-4a51-87e4-7670ffffb89b for containerID=#33 failed. Corresponding entry not found.
2021-08-10 12:16:28,952 [EventQueue-DeleteBlockStatusForDeletedBlockLogImpl] DEBUG block.DeletedBlockLogImpl (DeletedBlockLogImpl.java:isTransactionFailed(278)) - Got block deletion ACK from datanode, TXIDs=34, success=true
2021-08-10 12:16:28,952 [EventQueue-DeleteBlockStatusForDeletedBlockLogImpl] DEBUG block.DeletedBlockLogImpl (DeletedBlockLogImpl.java:commitTransactions(224)) - Transaction txId=34 commit by dnId=b13dbf35-3f05-4a51-87e4-7670ffffb89b for containerID=#34 failed. Corresponding entry not found.
2021-08-10 12:16:28,952 [EventQueue-DeleteBlockStatusForDeletedBlockLogImpl] DEBUG block.DeletedBlockLogImpl (DeletedBlockLogImpl.java:isTransactionFailed(278)) - Got block deletion ACK from datanode, TXIDs=35, success=true
2021-08-10 12:16:28,952 [EventQueue-DeleteBlockStatusForDeletedBlockLogImpl] DEBUG block.DeletedBlockLogImpl (DeletedBlockLogImpl.java:commitTransactions(224)) - Transaction txId=35 commit by dnId=b13dbf35-3f05-4a51-87e4-7670ffffb89b for containerID=#35 failed. Corresponding entry not found.
2021-08-10 12:16:28,952 [EventQueue-DeleteBlockStatusForDeletedBlockLogImpl] DEBUG block.DeletedBlockLogImpl (DeletedBlockLogImpl.java:isTransactionFailed(278)) - Got block deletion ACK from datanode, TXIDs=36, success=true
2021-08-10 12:16:28,952 [EventQueue-DeleteBlockStatusForDeletedBlockLogImpl] DEBUG block.DeletedBlockLogImpl (DeletedBlockLogImpl.java:commitTransactions(224)) - Transaction txId=36 commit by dnId=b13dbf35-3f05-4a51-87e4-7670ffffb89b for containerID=#36 failed. Corresponding entry not found.
2021-08-10 12:16:28,952 [EventQueue-DeleteBlockStatusForDeletedBlockLogImpl] DEBUG block.DeletedBlockLogImpl (DeletedBlockLogImpl.java:isTransactionFailed(278)) - Got block deletion ACK from datanode, TXIDs=37, success=true
2021-08-10 12:16:28,952 [EventQueue-DeleteBlockStatusForDeletedBlockLogImpl] DEBUG block.DeletedBlockLogImpl (DeletedBlockLogImpl.java:commitTransactions(224)) - Transaction txId=37 commit by dnId=b13dbf35-3f05-4a51-87e4-7670ffffb89b for containerID=#37 failed. Corresponding entry not found.
2021-08-10 12:16:28,952 [EventQueue-DeleteBlockStatusForDeletedBlockLogImpl] DEBUG block.DeletedBlockLogImpl (DeletedBlockLogImpl.java:isTransactionFailed(278)) - Got block deletion ACK from datanode, TXIDs=38, success=true
2021-08-10 12:16:28,952 [EventQueue-DeleteBlockStatusForDeletedBlockLogImpl] DEBUG block.DeletedBlockLogImpl (DeletedBlockLogImpl.java:commitTransactions(224)) - Transaction txId=38 commit by dnId=b13dbf35-3f05-4a51-87e4-7670ffffb89b for containerID=#38 failed. Corresponding entry not found.
2021-08-10 12:16:28,952 [EventQueue-DeleteBlockStatusForDeletedBlockLogImpl] DEBUG block.DeletedBlockLogImpl (DeletedBlockLogImpl.java:isTransactionFailed(278)) - Got block deletion ACK from datanode, TXIDs=39, success=true
2021-08-10 12:16:28,952 [EventQueue-DeleteBlockStatusForDeletedBlockLogImpl] DEBUG block.DeletedBlockLogImpl (DeletedBlockLogImpl.java:commitTransactions(224)) - Transaction txId=39 commit by dnId=b13dbf35-3f05-4a51-87e4-7670ffffb89b for containerID=#39 failed. Corresponding entry not found.
2021-08-10 12:16:28,952 [EventQueue-DeleteBlockStatusForDeletedBlockLogImpl] DEBUG block.DeletedBlockLogImpl (DeletedBlockLogImpl.java:isTransactionFailed(278)) - Got block deletion ACK from datanode, TXIDs=40, success=true
2021-08-10 12:16:28,952 [EventQueue-DeleteBlockStatusForDeletedBlockLogImpl] DEBUG block.DeletedBlockLogImpl (DeletedBlockLogImpl.java:commitTransactions(224)) - Transaction txId=40 commit by dnId=b13dbf35-3f05-4a51-87e4-7670ffffb89b for containerID=#40 failed. Corresponding entry not found.
2021-08-10 12:16:28,952 [EventQueue-DeleteBlockStatusForDeletedBlockLogImpl] DEBUG block.DeletedBlockLogImpl (DeletedBlockLogImpl.java:isTransactionFailed(278)) - Got block deletion ACK from datanode, TXIDs=41, success=true
2021-08-10 12:16:28,952 [EventQueue-DeleteBlockStatusForDeletedBlockLogImpl] DEBUG block.DeletedBlockLogImpl (DeletedBlockLogImpl.java:commitTransactions(224)) - Transaction txId=41 commit by dnId=b13dbf35-3f05-4a51-87e4-7670ffffb89b for containerID=#41 failed. Corresponding entry not found.
2021-08-10 12:16:28,952 [EventQueue-DeleteBlockStatusForDeletedBlockLogImpl] DEBUG block.DeletedBlockLogImpl (DeletedBlockLogImpl.java:isTransactionFailed(278)) - Got block deletion ACK from datanode, TXIDs=42, success=true
2021-08-10 12:16:28,952 [EventQueue-DeleteBlockStatusForDeletedBlockLogImpl] DEBUG block.DeletedBlockLogImpl (DeletedBlockLogImpl.java:commitTransactions(224)) - Transaction txId=42 commit by dnId=b13dbf35-3f05-4a51-87e4-7670ffffb89b for containerID=#42 failed. Corresponding entry not found.
2021-08-10 12:16:28,953 [EventQueue-DeleteBlockStatusForDeletedBlockLogImpl] DEBUG block.DeletedBlockLogImpl (DeletedBlockLogImpl.java:isTransactionFailed(278)) - Got block deletion ACK from datanode, TXIDs=43, success=true
2021-08-10 12:16:28,953 [EventQueue-DeleteBlockStatusForDeletedBlockLogImpl] DEBUG block.DeletedBlockLogImpl (DeletedBlockLogImpl.java:commitTransactions(224)) - Transaction txId=43 commit by dnId=b13dbf35-3f05-4a51-87e4-7670ffffb89b for containerID=#43 failed. Corresponding entry not found.
2021-08-10 12:16:28,953 [EventQueue-DeleteBlockStatusForDeletedBlockLogImpl] DEBUG block.DeletedBlockLogImpl (DeletedBlockLogImpl.java:isTransactionFailed(278)) - Got block deletion ACK from datanode, TXIDs=44, success=true
2021-08-10 12:16:28,953 [EventQueue-DeleteBlockStatusForDeletedBlockLogImpl] DEBUG block.DeletedBlockLogImpl (DeletedBlockLogImpl.java:commitTransactions(224)) - Transaction txId=44 commit by dnId=b13dbf35-3f05-4a51-87e4-7670ffffb89b for containerID=#44 failed. Corresponding entry not found.
2021-08-10 12:16:28,953 [EventQueue-DeleteBlockStatusForDeletedBlockLogImpl] DEBUG block.DeletedBlockLogImpl (DeletedBlockLogImpl.java:isTransactionFailed(278)) - Got block deletion ACK from datanode, TXIDs=45, success=true
2021-08-10 12:16:28,953 [EventQueue-DeleteBlockStatusForDeletedBlockLogImpl] DEBUG block.DeletedBlockLogImpl (DeletedBlockLogImpl.java:commitTransactions(224)) - Transaction txId=45 commit by dnId=b13dbf35-3f05-4a51-87e4-7670ffffb89b for containerID=#45 failed. Corresponding entry not found.
2021-08-10 12:16:28,953 [EventQueue-DeleteBlockStatusForDeletedBlockLogImpl] DEBUG block.DeletedBlockLogImpl (DeletedBlockLogImpl.java:isTransactionFailed(278)) - Got block deletion ACK from datanode, TXIDs=46, success=true
2021-08-10 12:16:28,953 [EventQueue-DeleteBlockStatusForDeletedBlockLogImpl] DEBUG block.DeletedBlockLogImpl (DeletedBlockLogImpl.java:commitTransactions(224)) - Transaction txId=46 commit by dnId=b13dbf35-3f05-4a51-87e4-7670ffffb89b for containerID=#46 failed. Corresponding entry not found.
2021-08-10 12:16:28,953 [EventQueue-DeleteBlockStatusForDeletedBlockLogImpl] DEBUG block.DeletedBlockLogImpl (DeletedBlockLogImpl.java:isTransactionFailed(278)) - Got block deletion ACK from datanode, TXIDs=47, success=true
2021-08-10 12:16:28,953 [EventQueue-DeleteBlockStatusForDeletedBlockLogImpl] DEBUG block.DeletedBlockLogImpl (DeletedBlockLogImpl.java:commitTransactions(224)) - Transaction txId=47 commit by dnId=b13dbf35-3f05-4a51-87e4-7670ffffb89b for containerID=#47 failed. Corresponding entry not found.
2021-08-10 12:16:28,953 [EventQueue-DeleteBlockStatusForDeletedBlockLogImpl] DEBUG block.DeletedBlockLogImpl (DeletedBlockLogImpl.java:isTransactionFailed(278)) - Got block deletion ACK from datanode, TXIDs=48, success=true
2021-08-10 12:16:28,953 [EventQueue-DeleteBlockStatusForDeletedBlockLogImpl] DEBUG block.DeletedBlockLogImpl (DeletedBlockLogImpl.java:commitTransactions(224)) - Transaction txId=48 commit by dnId=b13dbf35-3f05-4a51-87e4-7670ffffb89b for containerID=#48 failed. Corresponding entry not found.
2021-08-10 12:16:28,953 [EventQueue-DeleteBlockStatusForDeletedBlockLogImpl] DEBUG block.DeletedBlockLogImpl (DeletedBlockLogImpl.java:isTransactionFailed(278)) - Got block deletion ACK from datanode, TXIDs=49, success=true
2021-08-10 12:16:28,953 [EventQueue-DeleteBlockStatusForDeletedBlockLogImpl] DEBUG block.DeletedBlockLogImpl (DeletedBlockLogImpl.java:commitTransactions(224)) - Transaction txId=49 commit by dnId=b13dbf35-3f05-4a51-87e4-7670ffffb89b for containerID=#49 failed. Corresponding entry not found.
2021-08-10 12:16:28,953 [EventQueue-DeleteBlockStatusForDeletedBlockLogImpl] DEBUG block.DeletedBlockLogImpl (DeletedBlockLogImpl.java:isTransactionFailed(278)) - Got block deletion ACK from datanode, TXIDs=50, success=true
2021-08-10 12:16:28,953 [EventQueue-DeleteBlockStatusForDeletedBlockLogImpl] DEBUG block.DeletedBlockLogImpl (DeletedBlockLogImpl.java:commitTransactions(224)) - Transaction txId=50 commit by dnId=b13dbf35-3f05-4a51-87e4-7670ffffb89b for containerID=#50 failed. Corresponding entry not found.
2021-08-10 12:16:28,953 [EventQueue-DeleteBlockStatusForDeletedBlockLogImpl] DEBUG block.DeletedBlockLogImpl (DeletedBlockLogImpl.java:isTransactionFailed(278)) - Got block deletion ACK from datanode, TXIDs=51, success=true
2021-08-10 12:16:28,953 [EventQueue-DeleteBlockStatusForDeletedBlockLogImpl] DEBUG block.DeletedBlockLogImpl (DeletedBlockLogImpl.java:commitTransactions(224)) - Transaction txId=51 commit by dnId=b13dbf35-3f05-4a51-87e4-7670ffffb89b for containerID=#51 failed. Corresponding entry not found.
2021-08-10 12:16:28,953 [EventQueue-DeleteBlockStatusForDeletedBlockLogImpl] DEBUG block.DeletedBlockLogImpl (DeletedBlockLogImpl.java:isTransactionFailed(278)) - Got block deletion ACK from datanode, TXIDs=52, success=true
2021-08-10 12:16:28,953 [EventQueue-DeleteBlockStatusForDeletedBlockLogImpl] DEBUG block.DeletedBlockLogImpl (DeletedBlockLogImpl.java:commitTransactions(224)) - Transaction txId=52 commit by dnId=b13dbf35-3f05-4a51-87e4-7670ffffb89b for containerID=#52 failed. Corresponding entry not found.
2021-08-10 12:16:28,953 [EventQueue-DeleteBlockStatusForDeletedBlockLogImpl] DEBUG block.DeletedBlockLogImpl (DeletedBlockLogImpl.java:isTransactionFailed(278)) - Got block deletion ACK from datanode, TXIDs=53, success=true
2021-08-10 12:16:28,953 [EventQueue-DeleteBlockStatusForDeletedBlockLogImpl] DEBUG block.DeletedBlockLogImpl (DeletedBlockLogImpl.java:commitTransactions(224)) - Transaction txId=53 commit by dnId=b13dbf35-3f05-4a51-87e4-7670ffffb89b for containerID=#53 failed. Corresponding entry not found.
2021-08-10 12:16:28,953 [EventQueue-DeleteBlockStatusForDeletedBlockLogImpl] DEBUG block.DeletedBlockLogImpl (DeletedBlockLogImpl.java:isTransactionFailed(278)) - Got block deletion ACK from datanode, TXIDs=54, success=true
2021-08-10 12:16:28,953 [EventQueue-DeleteBlockStatusForDeletedBlockLogImpl] DEBUG block.DeletedBlockLogImpl (DeletedBlockLogImpl.java:commitTransactions(224)) - Transaction txId=54 commit by dnId=b13dbf35-3f05-4a51-87e4-7670ffffb89b for containerID=#54 failed. Corresponding entry not found.
2021-08-10 12:16:28,953 [EventQueue-DeleteBlockStatusForDeletedBlockLogImpl] DEBUG block.DeletedBlockLogImpl (DeletedBlockLogImpl.java:isTransactionFailed(278)) - Got block deletion ACK from datanode, TXIDs=55, success=true
2021-08-10 12:16:28,953 [EventQueue-DeleteBlockStatusForDeletedBlockLogImpl] DEBUG block.DeletedBlockLogImpl (DeletedBlockLogImpl.java:commitTransactions(224)) - Transaction txId=55 commit by dnId=b13dbf35-3f05-4a51-87e4-7670ffffb89b for containerID=#55 failed. Corresponding entry not found.
2021-08-10 12:16:28,954 [EventQueue-DeleteBlockStatusForDeletedBlockLogImpl] DEBUG block.DeletedBlockLogImpl (DeletedBlockLogImpl.java:isTransactionFailed(278)) - Got block deletion ACK from datanode, TXIDs=56, success=true
2021-08-10 12:16:28,954 [EventQueue-DeleteBlockStatusForDeletedBlockLogImpl] DEBUG block.DeletedBlockLogImpl (DeletedBlockLogImpl.java:commitTransactions(224)) - Transaction txId=56 commit by dnId=b13dbf35-3f05-4a51-87e4-7670ffffb89b for containerID=#56 failed. Corresponding entry not found.
2021-08-10 12:16:28,954 [EventQueue-DeleteBlockStatusForDeletedBlockLogImpl] DEBUG block.DeletedBlockLogImpl (DeletedBlockLogImpl.java:isTransactionFailed(278)) - Got block deletion ACK from datanode, TXIDs=1, success=true
2021-08-10 12:16:28,955 [EventQueue-DeleteBlockStatusForDeletedBlockLogImpl] DEBUG block.DeletedBlockLogImpl (DeletedBlockLogImpl.java:commitTransactions(224)) - Transaction txId=1 commit by dnId=b13dbf35-3f05-4a51-87e4-7670ffffb89b for containerID=#1 failed. Corresponding entry not found.
2021-08-10 12:16:28,955 [EventQueue-DeleteBlockStatusForDeletedBlockLogImpl] DEBUG block.DeletedBlockLogImpl (DeletedBlockLogImpl.java:isTransactionFailed(278)) - Got block deletion ACK from datanode, TXIDs=2, success=true
2021-08-10 12:16:28,955 [EventQueue-DeleteBlockStatusForDeletedBlockLogImpl] DEBUG block.DeletedBlockLogImpl (DeletedBlockLogImpl.java:commitTransactions(224)) - Transaction txId=2 commit by dnId=b13dbf35-3f05-4a51-87e4-7670ffffb89b for containerID=#2 failed. Corresponding entry not found.
2021-08-10 12:16:28,955 [EventQueue-DeleteBlockStatusForDeletedBlockLogImpl] DEBUG block.DeletedBlockLogImpl (DeletedBlockLogImpl.java:isTransactionFailed(278)) - Got block deletion ACK from datanode, TXIDs=3, success=true
2021-08-10 12:16:28,955 [EventQueue-DeleteBlockStatusForDeletedBlockLogImpl] DEBUG block.DeletedBlockLogImpl (DeletedBlockLogImpl.java:commitTransactions(224)) - Transaction txId=3 commit by dnId=b13dbf35-3f05-4a51-87e4-7670ffffb89b for containerID=#3 failed. Corresponding entry not found.
2021-08-10 12:16:28,955 [EventQueue-DeleteBlockStatusForDeletedBlockLogImpl] DEBUG block.DeletedBlockLogImpl (DeletedBlockLogImpl.java:isTransactionFailed(278)) - Got block deletion ACK from datanode, TXIDs=4, success=true
2021-08-10 12:16:28,955 [EventQueue-DeleteBlockStatusForDeletedBlockLogImpl] DEBUG block.DeletedBlockLogImpl (DeletedBlockLogImpl.java:commitTransactions(224)) - Transaction txId=4 commit by dnId=b13dbf35-3f05-4a51-87e4-7670ffffb89b for containerID=#4 failed. Corresponding entry not found.
2021-08-10 12:16:28,955 [EventQueue-DeleteBlockStatusForDeletedBlockLogImpl] DEBUG block.DeletedBlockLogImpl (DeletedBlockLogImpl.java:isTransactionFailed(278)) - Got block deletion ACK from datanode, TXIDs=5, success=true
2021-08-10 12:16:28,955 [EventQueue-DeleteBlockStatusForDeletedBlockLogImpl] DEBUG block.DeletedBlockLogImpl (DeletedBlockLogImpl.java:commitTransactions(224)) - Transaction txId=5 commit by dnId=b13dbf35-3f05-4a51-87e4-7670ffffb89b for containerID=#5 failed. Corresponding entry not found.
2021-08-10 12:16:28,955 [EventQueue-DeleteBlockStatusForDeletedBlockLogImpl] DEBUG block.DeletedBlockLogImpl (DeletedBlockLogImpl.java:isTransactionFailed(278)) - Got block deletion ACK from datanode, TXIDs=6, success=true
2021-08-10 12:16:28,955 [EventQueue-DeleteBlockStatusForDeletedBlockLogImpl] DEBUG block.DeletedBlockLogImpl (DeletedBlockLogImpl.java:commitTransactions(224)) - Transaction txId=6 commit by dnId=b13dbf35-3f05-4a51-87e4-7670ffffb89b for containerID=#6 failed. Corresponding entry not found.
2021-08-10 12:16:28,955 [EventQueue-DeleteBlockStatusForDeletedBlockLogImpl] DEBUG block.DeletedBlockLogImpl (DeletedBlockLogImpl.java:isTransactionFailed(278)) - Got block deletion ACK from datanode, TXIDs=7, success=true
2021-08-10 12:16:28,955 [EventQueue-DeleteBlockStatusForDeletedBlockLogImpl] DEBUG block.DeletedBlockLogImpl (DeletedBlockLogImpl.java:commitTransactions(224)) - Transaction txId=7 commit by dnId=b13dbf35-3f05-4a51-87e4-7670ffffb89b for containerID=#7 failed. Corresponding entry not found.
2021-08-10 12:16:28,955 [EventQueue-DeleteBlockStatusForDeletedBlockLogImpl] DEBUG block.DeletedBlockLogImpl (DeletedBlockLogImpl.java:isTransactionFailed(278)) - Got block deletion ACK from datanode, TXIDs=8, success=true
2021-08-10 12:16:28,955 [EventQueue-DeleteBlockStatusForDeletedBlockLogImpl] DEBUG block.DeletedBlockLogImpl (DeletedBlockLogImpl.java:commitTransactions(224)) - Transaction txId=8 commit by dnId=b13dbf35-3f05-4a51-87e4-7670ffffb89b for containerID=#8 failed. Corresponding entry not found.
2021-08-10 12:16:28,955 [EventQueue-DeleteBlockStatusForDeletedBlockLogImpl] DEBUG block.DeletedBlockLogImpl (DeletedBlockLogImpl.java:isTransactionFailed(278)) - Got block deletion ACK from datanode, TXIDs=9, success=true
2021-08-10 12:16:28,955 [EventQueue-DeleteBlockStatusForDeletedBlockLogImpl] DEBUG block.DeletedBlockLogImpl (DeletedBlockLogImpl.java:commitTransactions(224)) - Transaction txId=9 commit by dnId=b13dbf35-3f05-4a51-87e4-7670ffffb89b for containerID=#9 failed. Corresponding entry not found.
2021-08-10 12:16:28,955 [EventQueue-DeleteBlockStatusForDeletedBlockLogImpl] DEBUG block.DeletedBlockLogImpl (DeletedBlockLogImpl.java:isTransactionFailed(278)) - Got block deletion ACK from datanode, TXIDs=10, success=true
2021-08-10 12:16:28,955 [EventQueue-DeleteBlockStatusForDeletedBlockLogImpl] DEBUG block.DeletedBlockLogImpl (DeletedBlockLogImpl.java:commitTransactions(224)) - Transaction txId=10 commit by dnId=b13dbf35-3f05-4a51-87e4-7670ffffb89b for containerID=#10 failed. Corresponding entry not found.
2021-08-10 12:16:28,955 [EventQueue-DeleteBlockStatusForDeletedBlockLogImpl] DEBUG block.DeletedBlockLogImpl (DeletedBlockLogImpl.java:isTransactionFailed(278)) - Got block deletion ACK from datanode, TXIDs=11, success=true
2021-08-10 12:16:28,955 [EventQueue-DeleteBlockStatusForDeletedBlockLogImpl] DEBUG block.DeletedBlockLogImpl (DeletedBlockLogImpl.java:commitTransactions(224)) - Transaction txId=11 commit by dnId=b13dbf35-3f05-4a51-87e4-7670ffffb89b for containerID=#11 failed. Corresponding entry not found.
2021-08-10 12:16:28,955 [EventQueue-DeleteBlockStatusForDeletedBlockLogImpl] DEBUG block.DeletedBlockLogImpl (DeletedBlockLogImpl.java:isTransactionFailed(278)) - Got block deletion ACK from datanode, TXIDs=12, success=true
2021-08-10 12:16:28,955 [EventQueue-DeleteBlockStatusForDeletedBlockLogImpl] DEBUG block.DeletedBlockLogImpl (DeletedBlockLogImpl.java:commitTransactions(224)) - Transaction txId=12 commit by dnId=b13dbf35-3f05-4a51-87e4-7670ffffb89b for containerID=#12 failed. Corresponding entry not found.
2021-08-10 12:16:28,955 [EventQueue-DeleteBlockStatusForDeletedBlockLogImpl] DEBUG block.DeletedBlockLogImpl (DeletedBlockLogImpl.java:isTransactionFailed(278)) - Got block deletion ACK from datanode, TXIDs=13, success=true
2021-08-10 12:16:28,955 [EventQueue-DeleteBlockStatusForDeletedBlockLogImpl] DEBUG block.DeletedBlockLogImpl (DeletedBlockLogImpl.java:commitTransactions(224)) - Transaction txId=13 commit by dnId=b13dbf35-3f05-4a51-87e4-7670ffffb89b for containerID=#13 failed. Corresponding entry not found.
2021-08-10 12:16:28,955 [EventQueue-DeleteBlockStatusForDeletedBlockLogImpl] DEBUG block.DeletedBlockLogImpl (DeletedBlockLogImpl.java:isTransactionFailed(278)) - Got block deletion ACK from datanode, TXIDs=14, success=true
2021-08-10 12:16:28,955 [EventQueue-DeleteBlockStatusForDeletedBlockLogImpl] DEBUG block.DeletedBlockLogImpl (DeletedBlockLogImpl.java:commitTransactions(224)) - Transaction txId=14 commit by dnId=b13dbf35-3f05-4a51-87e4-7670ffffb89b for containerID=#14 failed. Corresponding entry not found.
2021-08-10 12:16:28,956 [EventQueue-DeleteBlockStatusForDeletedBlockLogImpl] DEBUG block.DeletedBlockLogImpl (DeletedBlockLogImpl.java:isTransactionFailed(278)) - Got block deletion ACK from datanode, TXIDs=15, success=true
2021-08-10 12:16:28,956 [EventQueue-DeleteBlockStatusForDeletedBlockLogImpl] DEBUG block.DeletedBlockLogImpl (DeletedBlockLogImpl.java:commitTransactions(224)) - Transaction txId=15 commit by dnId=b13dbf35-3f05-4a51-87e4-7670ffffb89b for containerID=#15 failed. Corresponding entry not found.
2021-08-10 12:16:28,956 [EventQueue-DeleteBlockStatusForDeletedBlockLogImpl] DEBUG block.DeletedBlockLogImpl (DeletedBlockLogImpl.java:isTransactionFailed(278)) - Got block deletion ACK from datanode, TXIDs=16, success=true
2021-08-10 12:16:28,956 [EventQueue-DeleteBlockStatusForDeletedBlockLogImpl] DEBUG block.DeletedBlockLogImpl (DeletedBlockLogImpl.java:commitTransactions(224)) - Transaction txId=16 commit by dnId=b13dbf35-3f05-4a51-87e4-7670ffffb89b for containerID=#16 failed. Corresponding entry not found.
2021-08-10 12:16:28,956 [EventQueue-DeleteBlockStatusForDeletedBlockLogImpl] DEBUG block.DeletedBlockLogImpl (DeletedBlockLogImpl.java:isTransactionFailed(278)) - Got block deletion ACK from datanode, TXIDs=17, success=true
2021-08-10 12:16:28,961 [EventQueue-DeleteBlockStatusForDeletedBlockLogImpl] DEBUG block.DeletedBlockLogImpl (DeletedBlockLogImpl.java:commitTransactions(224)) - Transaction txId=17 commit by dnId=b13dbf35-3f05-4a51-87e4-7670ffffb89b for containerID=#17 failed. Corresponding entry not found.
2021-08-10 12:16:28,962 [EventQueue-DeleteBlockStatusForDeletedBlockLogImpl] DEBUG block.DeletedBlockLogImpl (DeletedBlockLogImpl.java:isTransactionFailed(278)) - Got block deletion ACK from datanode, TXIDs=18, success=true
2021-08-10 12:16:28,962 [EventQueue-DeleteBlockStatusForDeletedBlockLogImpl] DEBUG block.DeletedBlockLogImpl (DeletedBlockLogImpl.java:commitTransactions(224)) - Transaction txId=18 commit by dnId=b13dbf35-3f05-4a51-87e4-7670ffffb89b for containerID=#18 failed. Corresponding entry not found.
2021-08-10 12:16:28,962 [EventQueue-DeleteBlockStatusForDeletedBlockLogImpl] DEBUG block.DeletedBlockLogImpl (DeletedBlockLogImpl.java:isTransactionFailed(278)) - Got block deletion ACK from datanode, TXIDs=19, success=true
2021-08-10 12:16:28,962 [EventQueue-DeleteBlockStatusForDeletedBlockLogImpl] DEBUG block.DeletedBlockLogImpl (DeletedBlockLogImpl.java:commitTransactions(224)) - Transaction txId=19 commit by dnId=b13dbf35-3f05-4a51-87e4-7670ffffb89b for containerID=#19 failed. Corresponding entry not found.
2021-08-10 12:16:28,962 [EventQueue-DeleteBlockStatusForDeletedBlockLogImpl] DEBUG block.DeletedBlockLogImpl (DeletedBlockLogImpl.java:isTransactionFailed(278)) - Got block deletion ACK from datanode, TXIDs=20, success=true
2021-08-10 12:16:28,962 [EventQueue-DeleteBlockStatusForDeletedBlockLogImpl] DEBUG block.DeletedBlockLogImpl (DeletedBlockLogImpl.java:commitTransactions(224)) - Transaction txId=20 commit by dnId=b13dbf35-3f05-4a51-87e4-7670ffffb89b for containerID=#20 failed. Corresponding entry not found.
2021-08-10 12:16:28,962 [EventQueue-DeleteBlockStatusForDeletedBlockLogImpl] DEBUG block.DeletedBlockLogImpl (DeletedBlockLogImpl.java:isTransactionFailed(278)) - Got block deletion ACK from datanode, TXIDs=21, success=true
2021-08-10 12:16:28,962 [EventQueue-DeleteBlockStatusForDeletedBlockLogImpl] DEBUG block.DeletedBlockLogImpl (DeletedBlockLogImpl.java:commitTransactions(224)) - Transaction txId=21 commit by dnId=b13dbf35-3f05-4a51-87e4-7670ffffb89b for containerID=#21 failed. Corresponding entry not found.
2021-08-10 12:16:28,962 [EventQueue-DeleteBlockStatusForDeletedBlockLogImpl] DEBUG block.DeletedBlockLogImpl (DeletedBlockLogImpl.java:isTransactionFailed(278)) - Got block deletion ACK from datanode, TXIDs=22, success=true
2021-08-10 12:16:28,962 [EventQueue-DeleteBlockStatusForDeletedBlockLogImpl] DEBUG block.DeletedBlockLogImpl (DeletedBlockLogImpl.java:commitTransactions(224)) - Transaction txId=22 commit by dnId=b13dbf35-3f05-4a51-87e4-7670ffffb89b for containerID=#22 failed. Corresponding entry not found.
2021-08-10 12:16:28,962 [EventQueue-DeleteBlockStatusForDeletedBlockLogImpl] DEBUG block.DeletedBlockLogImpl (DeletedBlockLogImpl.java:isTransactionFailed(278)) - Got block deletion ACK from datanode, TXIDs=23, success=true
2021-08-10 12:16:28,962 [EventQueue-DeleteBlockStatusForDeletedBlockLogImpl] DEBUG block.DeletedBlockLogImpl (DeletedBlockLogImpl.java:commitTransactions(224)) - Transaction txId=23 commit by dnId=b13dbf35-3f05-4a51-87e4-7670ffffb89b for containerID=#23 failed. Corresponding entry not found.
2021-08-10 12:16:28,962 [EventQueue-DeleteBlockStatusForDeletedBlockLogImpl] DEBUG block.DeletedBlockLogImpl (DeletedBlockLogImpl.java:isTransactionFailed(278)) - Got block deletion ACK from datanode, TXIDs=24, success=true
2021-08-10 12:16:28,962 [EventQueue-DeleteBlockStatusForDeletedBlockLogImpl] DEBUG block.DeletedBlockLogImpl (DeletedBlockLogImpl.java:commitTransactions(224)) - Transaction txId=24 commit by dnId=b13dbf35-3f05-4a51-87e4-7670ffffb89b for containerID=#24 failed. Corresponding entry not found.
2021-08-10 12:16:28,962 [EventQueue-DeleteBlockStatusForDeletedBlockLogImpl] DEBUG block.DeletedBlockLogImpl (DeletedBlockLogImpl.java:isTransactionFailed(278)) - Got block deletion ACK from datanode, TXIDs=25, success=true
2021-08-10 12:16:28,962 [EventQueue-DeleteBlockStatusForDeletedBlockLogImpl] DEBUG block.DeletedBlockLogImpl (DeletedBlockLogImpl.java:commitTransactions(224)) - Transaction txId=25 commit by dnId=b13dbf35-3f05-4a51-87e4-7670ffffb89b for containerID=#25 failed. Corresponding entry not found.
2021-08-10 12:16:28,962 [EventQueue-DeleteBlockStatusForDeletedBlockLogImpl] DEBUG block.DeletedBlockLogImpl (DeletedBlockLogImpl.java:isTransactionFailed(278)) - Got block deletion ACK from datanode, TXIDs=26, success=true
2021-08-10 12:16:28,962 [EventQueue-DeleteBlockStatusForDeletedBlockLogImpl] DEBUG block.DeletedBlockLogImpl (DeletedBlockLogImpl.java:commitTransactions(224)) - Transaction txId=26 commit by dnId=b13dbf35-3f05-4a51-87e4-7670ffffb89b for containerID=#26 failed. Corresponding entry not found.
2021-08-10 12:16:28,962 [EventQueue-DeleteBlockStatusForDeletedBlockLogImpl] DEBUG block.DeletedBlockLogImpl (DeletedBlockLogImpl.java:isTransactionFailed(278)) - Got block deletion ACK from datanode, TXIDs=27, success=true
2021-08-10 12:16:28,962 [EventQueue-DeleteBlockStatusForDeletedBlockLogImpl] DEBUG block.DeletedBlockLogImpl (DeletedBlockLogImpl.java:commitTransactions(224)) - Transaction txId=27 commit by dnId=b13dbf35-3f05-4a51-87e4-7670ffffb89b for containerID=#27 failed. Corresponding entry not found.
2021-08-10 12:16:28,962 [EventQueue-DeleteBlockStatusForDeletedBlockLogImpl] DEBUG block.DeletedBlockLogImpl (DeletedBlockLogImpl.java:isTransactionFailed(278)) - Got block deletion ACK from datanode, TXIDs=28, success=true
2021-08-10 12:16:28,962 [EventQueue-DeleteBlockStatusForDeletedBlockLogImpl] DEBUG block.DeletedBlockLogImpl (DeletedBlockLogImpl.java:commitTransactions(224)) - Transaction txId=28 commit by dnId=b13dbf35-3f05-4a51-87e4-7670ffffb89b for containerID=#28 failed. Corresponding entry not found.
2021-08-10 12:16:28,962 [EventQueue-DeleteBlockStatusForDeletedBlockLogImpl] DEBUG block.DeletedBlockLogImpl (DeletedBlockLogImpl.java:isTransactionFailed(278)) - Got block deletion ACK from datanode, TXIDs=29, success=true
2021-08-10 12:16:28,962 [EventQueue-DeleteBlockStatusForDeletedBlockLogImpl] DEBUG block.DeletedBlockLogImpl (DeletedBlockLogImpl.java:commitTransactions(224)) - Transaction txId=29 commit by dnId=b13dbf35-3f05-4a51-87e4-7670ffffb89b for containerID=#29 failed. Corresponding entry not found.
2021-08-10 12:16:28,962 [EventQueue-DeleteBlockStatusForDeletedBlockLogImpl] DEBUG block.DeletedBlockLogImpl (DeletedBlockLogImpl.java:isTransactionFailed(278)) - Got block deletion ACK from datanode, TXIDs=30, success=true
2021-08-10 12:16:28,963 [EventQueue-DeleteBlockStatusForDeletedBlockLogImpl] DEBUG block.DeletedBlockLogImpl (DeletedBlockLogImpl.java:commitTransactions(224)) - Transaction txId=30 commit by dnId=b13dbf35-3f05-4a51-87e4-7670ffffb89b for containerID=#30 failed. Corresponding entry not found.
2021-08-10 12:16:28,963 [EventQueue-DeleteBlockStatusForDeletedBlockLogImpl] DEBUG block.DeletedBlockLogImpl (DeletedBlockLogImpl.java:isTransactionFailed(278)) - Got block deletion ACK from datanode, TXIDs=31, success=true
2021-08-10 12:16:28,963 [EventQueue-DeleteBlockStatusForDeletedBlockLogImpl] DEBUG block.DeletedBlockLogImpl (DeletedBlockLogImpl.java:commitTransactions(224)) - Transaction txId=31 commit by dnId=b13dbf35-3f05-4a51-87e4-7670ffffb89b for containerID=#31 failed. Corresponding entry not found.
2021-08-10 12:16:28,963 [EventQueue-DeleteBlockStatusForDeletedBlockLogImpl] DEBUG block.DeletedBlockLogImpl (DeletedBlockLogImpl.java:isTransactionFailed(278)) - Got block deletion ACK from datanode, TXIDs=32, success=true
2021-08-10 12:16:28,963 [EventQueue-DeleteBlockStatusForDeletedBlockLogImpl] DEBUG block.DeletedBlockLogImpl (DeletedBlockLogImpl.java:commitTransactions(224)) - Transaction txId=32 commit by dnId=b13dbf35-3f05-4a51-87e4-7670ffffb89b for containerID=#32 failed. Corresponding entry not found.
2021-08-10 12:16:28,963 [EventQueue-DeleteBlockStatusForDeletedBlockLogImpl] DEBUG block.DeletedBlockLogImpl (DeletedBlockLogImpl.java:isTransactionFailed(278)) - Got block deletion ACK from datanode, TXIDs=33, success=true
2021-08-10 12:16:28,963 [EventQueue-DeleteBlockStatusForDeletedBlockLogImpl] DEBUG block.DeletedBlockLogImpl (DeletedBlockLogImpl.java:commitTransactions(224)) - Transaction txId=33 commit by dnId=b13dbf35-3f05-4a51-87e4-7670ffffb89b for containerID=#33 failed. Corresponding entry not found.
2021-08-10 12:16:28,963 [EventQueue-DeleteBlockStatusForDeletedBlockLogImpl] DEBUG block.DeletedBlockLogImpl (DeletedBlockLogImpl.java:isTransactionFailed(278)) - Got block deletion ACK from datanode, TXIDs=34, success=true
2021-08-10 12:16:28,963 [EventQueue-DeleteBlockStatusForDeletedBlockLogImpl] DEBUG block.DeletedBlockLogImpl (DeletedBlockLogImpl.java:commitTransactions(224)) - Transaction txId=34 commit by dnId=b13dbf35-3f05-4a51-87e4-7670ffffb89b for containerID=#34 failed. Corresponding entry not found.
2021-08-10 12:16:28,963 [EventQueue-DeleteBlockStatusForDeletedBlockLogImpl] DEBUG block.DeletedBlockLogImpl (DeletedBlockLogImpl.java:isTransactionFailed(278)) - Got block deletion ACK from datanode, TXIDs=35, success=true
2021-08-10 12:16:28,963 [EventQueue-DeleteBlockStatusForDeletedBlockLogImpl] DEBUG block.DeletedBlockLogImpl (DeletedBlockLogImpl.java:commitTransactions(224)) - Transaction txId=35 commit by dnId=b13dbf35-3f05-4a51-87e4-7670ffffb89b for containerID=#35 failed. Corresponding entry not found.
2021-08-10 12:16:28,963 [EventQueue-DeleteBlockStatusForDeletedBlockLogImpl] DEBUG block.DeletedBlockLogImpl (DeletedBlockLogImpl.java:isTransactionFailed(278)) - Got block deletion ACK from datanode, TXIDs=36, success=true
2021-08-10 12:16:28,963 [EventQueue-DeleteBlockStatusForDeletedBlockLogImpl] DEBUG block.DeletedBlockLogImpl (DeletedBlockLogImpl.java:commitTransactions(224)) - Transaction txId=36 commit by dnId=b13dbf35-3f05-4a51-87e4-7670ffffb89b for containerID=#36 failed. Corresponding entry not found.
2021-08-10 12:16:28,963 [EventQueue-DeleteBlockStatusForDeletedBlockLogImpl] DEBUG block.DeletedBlockLogImpl (DeletedBlockLogImpl.java:isTransactionFailed(278)) - Got block deletion ACK from datanode, TXIDs=37, success=true
2021-08-10 12:16:28,963 [EventQueue-DeleteBlockStatusForDeletedBlockLogImpl] DEBUG block.DeletedBlockLogImpl (DeletedBlockLogImpl.java:commitTransactions(224)) - Transaction txId=37 commit by dnId=b13dbf35-3f05-4a51-87e4-7670ffffb89b for containerID=#37 failed. Corresponding entry not found.
2021-08-10 12:16:28,963 [EventQueue-DeleteBlockStatusForDeletedBlockLogImpl] DEBUG block.DeletedBlockLogImpl (DeletedBlockLogImpl.java:isTransactionFailed(278)) - Got block deletion ACK from datanode, TXIDs=38, success=true
2021-08-10 12:16:28,963 [EventQueue-DeleteBlockStatusForDeletedBlockLogImpl] DEBUG block.DeletedBlockLogImpl (DeletedBlockLogImpl.java:commitTransactions(224)) - Transaction txId=38 commit by dnId=b13dbf35-3f05-4a51-87e4-7670ffffb89b for containerID=#38 failed. Corresponding entry not found.
2021-08-10 12:16:28,963 [EventQueue-DeleteBlockStatusForDeletedBlockLogImpl] DEBUG block.DeletedBlockLogImpl (DeletedBlockLogImpl.java:isTransactionFailed(278)) - Got block deletion ACK from datanode, TXIDs=39, success=true
2021-08-10 12:16:28,963 [EventQueue-DeleteBlockStatusForDeletedBlockLogImpl] DEBUG block.DeletedBlockLogImpl (DeletedBlockLogImpl.java:commitTransactions(224)) - Transaction txId=39 commit by dnId=b13dbf35-3f05-4a51-87e4-7670ffffb89b for containerID=#39 failed. Corresponding entry not found.
2021-08-10 12:16:28,964 [EventQueue-DeleteBlockStatusForDeletedBlockLogImpl] DEBUG block.DeletedBlockLogImpl (DeletedBlockLogImpl.java:isTransactionFailed(278)) - Got block deletion ACK from datanode, TXIDs=40, success=true
2021-08-10 12:16:28,964 [EventQueue-DeleteBlockStatusForDeletedBlockLogImpl] DEBUG block.DeletedBlockLogImpl (DeletedBlockLogImpl.java:commitTransactions(224)) - Transaction txId=40 commit by dnId=b13dbf35-3f05-4a51-87e4-7670ffffb89b for containerID=#40 failed. Corresponding entry not found.
2021-08-10 12:16:28,964 [EventQueue-DeleteBlockStatusForDeletedBlockLogImpl] DEBUG block.DeletedBlockLogImpl (DeletedBlockLogImpl.java:isTransactionFailed(278)) - Got block deletion ACK from datanode, TXIDs=41, success=true
2021-08-10 12:16:28,964 [EventQueue-DeleteBlockStatusForDeletedBlockLogImpl] DEBUG block.DeletedBlockLogImpl (DeletedBlockLogImpl.java:commitTransactions(224)) - Transaction txId=41 commit by dnId=b13dbf35-3f05-4a51-87e4-7670ffffb89b for containerID=#41 failed. Corresponding entry not found.
2021-08-10 12:16:28,964 [EventQueue-DeleteBlockStatusForDeletedBlockLogImpl] DEBUG block.DeletedBlockLogImpl (DeletedBlockLogImpl.java:isTransactionFailed(278)) - Got block deletion ACK from datanode, TXIDs=42, success=true
2021-08-10 12:16:28,964 [EventQueue-DeleteBlockStatusForDeletedBlockLogImpl] DEBUG block.DeletedBlockLogImpl (DeletedBlockLogImpl.java:commitTransactions(224)) - Transaction txId=42 commit by dnId=b13dbf35-3f05-4a51-87e4-7670ffffb89b for containerID=#42 failed. Corresponding entry not found.
2021-08-10 12:16:28,964 [EventQueue-DeleteBlockStatusForDeletedBlockLogImpl] DEBUG block.DeletedBlockLogImpl (DeletedBlockLogImpl.java:isTransactionFailed(278)) - Got block deletion ACK from datanode, TXIDs=43, success=true
2021-08-10 12:16:28,964 [EventQueue-DeleteBlockStatusForDeletedBlockLogImpl] DEBUG block.DeletedBlockLogImpl (DeletedBlockLogImpl.java:commitTransactions(224)) - Transaction txId=43 commit by dnId=b13dbf35-3f05-4a51-87e4-7670ffffb89b for containerID=#43 failed. Corresponding entry not found.
2021-08-10 12:16:28,964 [EventQueue-DeleteBlockStatusForDeletedBlockLogImpl] DEBUG block.DeletedBlockLogImpl (DeletedBlockLogImpl.java:isTransactionFailed(278)) - Got block deletion ACK from datanode, TXIDs=44, success=true
2021-08-10 12:16:28,965 [EventQueue-DeleteBlockStatusForDeletedBlockLogImpl] DEBUG block.DeletedBlockLogImpl (DeletedBlockLogImpl.java:commitTransactions(224)) - Transaction txId=44 commit by dnId=b13dbf35-3f05-4a51-87e4-7670ffffb89b for containerID=#44 failed. Corresponding entry not found.
2021-08-10 12:16:28,965 [EventQueue-DeleteBlockStatusForDeletedBlockLogImpl] DEBUG block.DeletedBlockLogImpl (DeletedBlockLogImpl.java:isTransactionFailed(278)) - Got block deletion ACK from datanode, TXIDs=45, success=true
2021-08-10 12:16:28,965 [EventQueue-DeleteBlockStatusForDeletedBlockLogImpl] DEBUG block.DeletedBlockLogImpl (DeletedBlockLogImpl.java:commitTransactions(224)) - Transaction txId=45 commit by dnId=b13dbf35-3f05-4a51-87e4-7670ffffb89b for containerID=#45 failed. Corresponding entry not found.
2021-08-10 12:16:28,965 [EventQueue-DeleteBlockStatusForDeletedBlockLogImpl] DEBUG block.DeletedBlockLogImpl (DeletedBlockLogImpl.java:isTransactionFailed(278)) - Got block deletion ACK from datanode, TXIDs=46, success=true
2021-08-10 12:16:28,965 [EventQueue-DeleteBlockStatusForDeletedBlockLogImpl] DEBUG block.DeletedBlockLogImpl (DeletedBlockLogImpl.java:commitTransactions(224)) - Transaction txId=46 commit by dnId=b13dbf35-3f05-4a51-87e4-7670ffffb89b for containerID=#46 failed. Corresponding entry not found.
2021-08-10 12:16:28,965 [EventQueue-DeleteBlockStatusForDeletedBlockLogImpl] DEBUG block.DeletedBlockLogImpl (DeletedBlockLogImpl.java:isTransactionFailed(278)) - Got block deletion ACK from datanode, TXIDs=47, success=true
2021-08-10 12:16:28,965 [EventQueue-DeleteBlockStatusForDeletedBlockLogImpl] DEBUG block.DeletedBlockLogImpl (DeletedBlockLogImpl.java:commitTransactions(224)) - Transaction txId=47 commit by dnId=b13dbf35-3f05-4a51-87e4-7670ffffb89b for containerID=#47 failed. Corresponding entry not found.
2021-08-10 12:16:28,965 [EventQueue-DeleteBlockStatusForDeletedBlockLogImpl] DEBUG block.DeletedBlockLogImpl (DeletedBlockLogImpl.java:isTransactionFailed(278)) - Got block deletion ACK from datanode, TXIDs=48, success=true
2021-08-10 12:16:28,965 [EventQueue-DeleteBlockStatusForDeletedBlockLogImpl] DEBUG block.DeletedBlockLogImpl (DeletedBlockLogImpl.java:commitTransactions(224)) - Transaction txId=48 commit by dnId=b13dbf35-3f05-4a51-87e4-7670ffffb89b for containerID=#48 failed. Corresponding entry not found.
2021-08-10 12:16:28,965 [EventQueue-DeleteBlockStatusForDeletedBlockLogImpl] DEBUG block.DeletedBlockLogImpl (DeletedBlockLogImpl.java:isTransactionFailed(278)) - Got block deletion ACK from datanode, TXIDs=49, success=true
2021-08-10 12:16:28,965 [EventQueue-DeleteBlockStatusForDeletedBlockLogImpl] DEBUG block.DeletedBlockLogImpl (DeletedBlockLogImpl.java:commitTransactions(224)) - Transaction txId=49 commit by dnId=b13dbf35-3f05-4a51-87e4-7670ffffb89b for containerID=#49 failed. Corresponding entry not found.
2021-08-10 12:16:28,965 [EventQueue-DeleteBlockStatusForDeletedBlockLogImpl] DEBUG block.DeletedBlockLogImpl (DeletedBlockLogImpl.java:isTransactionFailed(278)) - Got block deletion ACK from datanode, TXIDs=50, success=true
2021-08-10 12:16:28,965 [EventQueue-DeleteBlockStatusForDeletedBlockLogImpl] DEBUG block.DeletedBlockLogImpl (DeletedBlockLogImpl.java:commitTransactions(224)) - Transaction txId=50 commit by dnId=b13dbf35-3f05-4a51-87e4-7670ffffb89b for containerID=#50 failed. Corresponding entry not found.
2021-08-10 12:16:28,965 [EventQueue-DeleteBlockStatusForDeletedBlockLogImpl] DEBUG block.DeletedBlockLogImpl (DeletedBlockLogImpl.java:isTransactionFailed(278)) - Got block deletion ACK from datanode, TXIDs=51, success=true
2021-08-10 12:16:28,965 [EventQueue-DeleteBlockStatusForDeletedBlockLogImpl] DEBUG block.DeletedBlockLogImpl (DeletedBlockLogImpl.java:commitTransactions(224)) - Transaction txId=51 commit by dnId=b13dbf35-3f05-4a51-87e4-7670ffffb89b for containerID=#51 failed. Corresponding entry not found.
2021-08-10 12:16:28,967 [EventQueue-DeleteBlockStatusForDeletedBlockLogImpl] DEBUG block.DeletedBlockLogImpl (DeletedBlockLogImpl.java:isTransactionFailed(278)) - Got block deletion ACK from datanode, TXIDs=52, success=true
2021-08-10 12:16:28,967 [EventQueue-DeleteBlockStatusForDeletedBlockLogImpl] DEBUG block.DeletedBlockLogImpl (DeletedBlockLogImpl.java:commitTransactions(224)) - Transaction txId=52 commit by dnId=b13dbf35-3f05-4a51-87e4-7670ffffb89b for containerID=#52 failed. Corresponding entry not found.
2021-08-10 12:16:28,967 [EventQueue-DeleteBlockStatusForDeletedBlockLogImpl] DEBUG block.DeletedBlockLogImpl (DeletedBlockLogImpl.java:isTransactionFailed(278)) - Got block deletion ACK from datanode, TXIDs=53, success=true
2021-08-10 12:16:28,967 [EventQueue-DeleteBlockStatusForDeletedBlockLogImpl] DEBUG block.DeletedBlockLogImpl (DeletedBlockLogImpl.java:commitTransactions(224)) - Transaction txId=53 commit by dnId=b13dbf35-3f05-4a51-87e4-7670ffffb89b for containerID=#53 failed. Corresponding entry not found.
2021-08-10 12:16:28,968 [EventQueue-DeleteBlockStatusForDeletedBlockLogImpl] DEBUG block.DeletedBlockLogImpl (DeletedBlockLogImpl.java:isTransactionFailed(278)) - Got block deletion ACK from datanode, TXIDs=54, success=true
2021-08-10 12:16:28,968 [EventQueue-DeleteBlockStatusForDeletedBlockLogImpl] DEBUG block.DeletedBlockLogImpl (DeletedBlockLogImpl.java:commitTransactions(224)) - Transaction txId=54 commit by dnId=b13dbf35-3f05-4a51-87e4-7670ffffb89b for containerID=#54 failed. Corresponding entry not found.
2021-08-10 12:16:28,968 [EventQueue-DeleteBlockStatusForDeletedBlockLogImpl] DEBUG block.DeletedBlockLogImpl (DeletedBlockLogImpl.java:isTransactionFailed(278)) - Got block deletion ACK from datanode, TXIDs=55, success=true
2021-08-10 12:16:28,968 [EventQueue-DeleteBlockStatusForDeletedBlockLogImpl] DEBUG block.DeletedBlockLogImpl (DeletedBlockLogImpl.java:commitTransactions(224)) - Transaction txId=55 commit by dnId=b13dbf35-3f05-4a51-87e4-7670ffffb89b for containerID=#55 failed. Corresponding entry not found.
2021-08-10 12:16:28,968 [EventQueue-DeleteBlockStatusForDeletedBlockLogImpl] DEBUG block.DeletedBlockLogImpl (DeletedBlockLogImpl.java:isTransactionFailed(278)) - Got block deletion ACK from datanode, TXIDs=56, success=true
2021-08-10 12:16:28,968 [EventQueue-DeleteBlockStatusForDeletedBlockLogImpl] DEBUG block.DeletedBlockLogImpl (DeletedBlockLogImpl.java:commitTransactions(224)) - Transaction txId=56 commit by dnId=b13dbf35-3f05-4a51-87e4-7670ffffb89b for containerID=#56 failed. Corresponding entry not found.
2021-08-10 12:16:28,979 [BlockDeletingService#6] INFO  background.BlockDeletingService (BlockDeletingService.java:getTasks(158)) - Plan to choose 5000 blocks for block deletion, actually deleting 47 blocks.
2021-08-10 12:16:28,980 [BlockDeletingService#6] INFO  impl.FilePerBlockStrategy (FilePerBlockStrategy.java:deleteChunk(227)) - Deleted block file: /home/runner/work/ozone/ozone/hadoop-ozone/integration-test/target/test-dir/MiniOzoneClusterImpl-75f1614f-1661-444a-a475-726e833f1db0/datanode-0/data-0/containers/hdds/75f1614f-1661-444a-a475-726e833f1db0/current/containerDir0/10/chunks/107544261427200010.block
2021-08-10 12:16:28,980 [BlockDeletingService#6] INFO  background.BlockDeletingService (BlockDeletingService.java:deleteViaSchema2(447)) - Container: 10, deleted blocks: 1, task elapsed time: 1ms
2021-08-10 12:16:28,980 [BlockDeletingService#6] INFO  impl.FilePerBlockStrategy (FilePerBlockStrategy.java:deleteChunk(227)) - Deleted block file: /home/runner/work/ozone/ozone/hadoop-ozone/integration-test/target/test-dir/MiniOzoneClusterImpl-75f1614f-1661-444a-a475-726e833f1db0/datanode-0/data-0/containers/hdds/75f1614f-1661-444a-a475-726e833f1db0/current/containerDir0/56/chunks/107544261427200056.block
2021-08-10 12:16:28,980 [BlockDeletingService#6] INFO  background.BlockDeletingService (BlockDeletingService.java:deleteViaSchema2(447)) - Container: 56, deleted blocks: 1, task elapsed time: 0ms
2021-08-10 12:16:28,981 [BlockDeletingService#6] INFO  impl.FilePerBlockStrategy (FilePerBlockStrategy.java:deleteChunk(227)) - Deleted block file: /home/runner/work/ozone/ozone/hadoop-ozone/integration-test/target/test-dir/MiniOzoneClusterImpl-75f1614f-1661-444a-a475-726e833f1db0/datanode-0/data-0/containers/hdds/75f1614f-1661-444a-a475-726e833f1db0/current/containerDir0/55/chunks/107544261427200055.block
2021-08-10 12:16:28,981 [BlockDeletingService#6] INFO  background.BlockDeletingService (BlockDeletingService.java:deleteViaSchema2(447)) - Container: 55, deleted blocks: 1, task elapsed time: 0ms
2021-08-10 12:16:28,982 [BlockDeletingService#6] INFO  impl.FilePerBlockStrategy (FilePerBlockStrategy.java:deleteChunk(227)) - Deleted block file: /home/runner/work/ozone/ozone/hadoop-ozone/integration-test/target/test-dir/MiniOzoneClusterImpl-75f1614f-1661-444a-a475-726e833f1db0/datanode-0/data-0/containers/hdds/75f1614f-1661-444a-a475-726e833f1db0/current/containerDir0/54/chunks/107544261427200054.block
2021-08-10 12:16:28,982 [BlockDeletingService#6] INFO  background.BlockDeletingService (BlockDeletingService.java:deleteViaSchema2(447)) - Container: 54, deleted blocks: 1, task elapsed time: 1ms
2021-08-10 12:16:28,982 [BlockDeletingService#3] INFO  impl.FilePerBlockStrategy (FilePerBlockStrategy.java:deleteChunk(227)) - Deleted block file: /home/runner/work/ozone/ozone/hadoop-ozone/integration-test/target/test-dir/MiniOzoneClusterImpl-75f1614f-1661-444a-a475-726e833f1db0/datanode-0/data-0/containers/hdds/75f1614f-1661-444a-a475-726e833f1db0/current/containerDir0/53/chunks/107544261427200053.block
2021-08-10 12:16:28,982 [BlockDeletingService#3] INFO  background.BlockDeletingService (BlockDeletingService.java:deleteViaSchema2(447)) - Container: 53, deleted blocks: 1, task elapsed time: 1ms
2021-08-10 12:16:28,983 [BlockDeletingService#6] INFO  impl.FilePerBlockStrategy (FilePerBlockStrategy.java:deleteChunk(227)) - Deleted block file: /home/runner/work/ozone/ozone/hadoop-ozone/integration-test/target/test-dir/MiniOzoneClusterImpl-75f1614f-1661-444a-a475-726e833f1db0/datanode-0/data-0/containers/hdds/75f1614f-1661-444a-a475-726e833f1db0/current/containerDir0/52/chunks/107544261427200052.block
2021-08-10 12:16:28,983 [BlockDeletingService#6] INFO  background.BlockDeletingService (BlockDeletingService.java:deleteViaSchema2(447)) - Container: 52, deleted blocks: 1, task elapsed time: 1ms
2021-08-10 12:16:28,983 [BlockDeletingService#3] INFO  impl.FilePerBlockStrategy (FilePerBlockStrategy.java:deleteChunk(227)) - Deleted block file: /home/runner/work/ozone/ozone/hadoop-ozone/integration-test/target/test-dir/MiniOzoneClusterImpl-75f1614f-1661-444a-a475-726e833f1db0/datanode-0/data-0/containers/hdds/75f1614f-1661-444a-a475-726e833f1db0/current/containerDir0/51/chunks/107544261427200051.block
2021-08-10 12:16:28,983 [BlockDeletingService#3] INFO  background.BlockDeletingService (BlockDeletingService.java:deleteViaSchema2(447)) - Container: 51, deleted blocks: 1, task elapsed time: 0ms
2021-08-10 12:16:28,984 [BlockDeletingService#6] INFO  impl.FilePerBlockStrategy (FilePerBlockStrategy.java:deleteChunk(227)) - Deleted block file: /home/runner/work/ozone/ozone/hadoop-ozone/integration-test/target/test-dir/MiniOzoneClusterImpl-75f1614f-1661-444a-a475-726e833f1db0/datanode-0/data-0/containers/hdds/75f1614f-1661-444a-a475-726e833f1db0/current/containerDir0/50/chunks/107544261427200050.block
2021-08-10 12:16:28,984 [BlockDeletingService#6] INFO  background.BlockDeletingService (BlockDeletingService.java:deleteViaSchema2(447)) - Container: 50, deleted blocks: 1, task elapsed time: 1ms
2021-08-10 12:16:28,984 [BlockDeletingService#3] INFO  impl.FilePerBlockStrategy (FilePerBlockStrategy.java:deleteChunk(227)) - Deleted block file: /home/runner/work/ozone/ozone/hadoop-ozone/integration-test/target/test-dir/MiniOzoneClusterImpl-75f1614f-1661-444a-a475-726e833f1db0/datanode-0/data-0/containers/hdds/75f1614f-1661-444a-a475-726e833f1db0/current/containerDir0/49/chunks/107544261427200049.block
2021-08-10 12:16:28,986 [BlockDeletingService#3] INFO  background.BlockDeletingService (BlockDeletingService.java:deleteViaSchema2(447)) - Container: 49, deleted blocks: 1, task elapsed time: 3ms
2021-08-10 12:16:28,986 [BlockDeletingService#1] INFO  impl.FilePerBlockStrategy (FilePerBlockStrategy.java:deleteChunk(227)) - Deleted block file: /home/runner/work/ozone/ozone/hadoop-ozone/integration-test/target/test-dir/MiniOzoneClusterImpl-75f1614f-1661-444a-a475-726e833f1db0/datanode-0/data-0/containers/hdds/75f1614f-1661-444a-a475-726e833f1db0/current/containerDir0/44/chunks/107544261427200044.block
2021-08-10 12:16:28,986 [BlockDeletingService#8] INFO  impl.FilePerBlockStrategy (FilePerBlockStrategy.java:deleteChunk(227)) - Deleted block file: /home/runner/work/ozone/ozone/hadoop-ozone/integration-test/target/test-dir/MiniOzoneClusterImpl-75f1614f-1661-444a-a475-726e833f1db0/datanode-0/data-0/containers/hdds/75f1614f-1661-444a-a475-726e833f1db0/current/containerDir0/45/chunks/107544261427200045.block
2021-08-10 12:16:28,988 [BlockDeletingService#1] INFO  background.BlockDeletingService (BlockDeletingService.java:deleteViaSchema2(447)) - Container: 44, deleted blocks: 1, task elapsed time: 2ms
2021-08-10 12:16:28,988 [BlockDeletingService#8] INFO  background.BlockDeletingService (BlockDeletingService.java:deleteViaSchema2(447)) - Container: 45, deleted blocks: 1, task elapsed time: 3ms
2021-08-10 12:16:28,985 [BlockDeletingService#0] INFO  impl.FilePerBlockStrategy (FilePerBlockStrategy.java:deleteChunk(227)) - Deleted block file: /home/runner/work/ozone/ozone/hadoop-ozone/integration-test/target/test-dir/MiniOzoneClusterImpl-75f1614f-1661-444a-a475-726e833f1db0/datanode-0/data-0/containers/hdds/75f1614f-1661-444a-a475-726e833f1db0/current/containerDir0/46/chunks/107544261427200046.block
2021-08-10 12:16:28,985 [BlockDeletingService#7] INFO  impl.FilePerBlockStrategy (FilePerBlockStrategy.java:deleteChunk(227)) - Deleted block file: /home/runner/work/ozone/ozone/hadoop-ozone/integration-test/target/test-dir/MiniOzoneClusterImpl-75f1614f-1661-444a-a475-726e833f1db0/datanode-0/data-0/containers/hdds/75f1614f-1661-444a-a475-726e833f1db0/current/containerDir0/47/chunks/107544261427200047.block
2021-08-10 12:16:28,988 [BlockDeletingService#0] INFO  background.BlockDeletingService (BlockDeletingService.java:deleteViaSchema2(447)) - Container: 46, deleted blocks: 1, task elapsed time: 4ms
2021-08-10 12:16:28,989 [BlockDeletingService#7] INFO  background.BlockDeletingService (BlockDeletingService.java:deleteViaSchema2(447)) - Container: 47, deleted blocks: 1, task elapsed time: 5ms
2021-08-10 12:16:28,984 [BlockDeletingService#6] INFO  impl.FilePerBlockStrategy (FilePerBlockStrategy.java:deleteChunk(227)) - Deleted block file: /home/runner/work/ozone/ozone/hadoop-ozone/integration-test/target/test-dir/MiniOzoneClusterImpl-75f1614f-1661-444a-a475-726e833f1db0/datanode-0/data-0/containers/hdds/75f1614f-1661-444a-a475-726e833f1db0/current/containerDir0/48/chunks/107544261427200048.block
2021-08-10 12:16:28,987 [BlockDeletingService#5] INFO  impl.FilePerBlockStrategy (FilePerBlockStrategy.java:deleteChunk(227)) - Deleted block file: /home/runner/work/ozone/ozone/hadoop-ozone/integration-test/target/test-dir/MiniOzoneClusterImpl-75f1614f-1661-444a-a475-726e833f1db0/datanode-0/data-0/containers/hdds/75f1614f-1661-444a-a475-726e833f1db0/current/containerDir0/43/chunks/107544261427200043.block
2021-08-10 12:16:28,989 [BlockDeletingService#5] INFO  background.BlockDeletingService (BlockDeletingService.java:deleteViaSchema2(447)) - Container: 43, deleted blocks: 1, task elapsed time: 3ms
2021-08-10 12:16:28,989 [BlockDeletingService#6] INFO  background.BlockDeletingService (BlockDeletingService.java:deleteViaSchema2(447)) - Container: 48, deleted blocks: 1, task elapsed time: 5ms
2021-08-10 12:16:28,992 [BlockDeletingService#7] INFO  impl.FilePerBlockStrategy (FilePerBlockStrategy.java:deleteChunk(227)) - Deleted block file: /home/runner/work/ozone/ozone/hadoop-ozone/integration-test/target/test-dir/MiniOzoneClusterImpl-75f1614f-1661-444a-a475-726e833f1db0/datanode-0/data-0/containers/hdds/75f1614f-1661-444a-a475-726e833f1db0/current/containerDir0/35/chunks/107544261427200035.block
2021-08-10 12:16:28,993 [BlockDeletingService#5] INFO  impl.FilePerBlockStrategy (FilePerBlockStrategy.java:deleteChunk(227)) - Deleted block file: /home/runner/work/ozone/ozone/hadoop-ozone/integration-test/target/test-dir/MiniOzoneClusterImpl-75f1614f-1661-444a-a475-726e833f1db0/datanode-0/data-0/containers/hdds/75f1614f-1661-444a-a475-726e833f1db0/current/containerDir0/34/chunks/107544261427200034.block
2021-08-10 12:16:28,993 [BlockDeletingService#7] INFO  background.BlockDeletingService (BlockDeletingService.java:deleteViaSchema2(447)) - Container: 35, deleted blocks: 1, task elapsed time: 4ms
2021-08-10 12:16:28,993 [BlockDeletingService#5] INFO  background.BlockDeletingService (BlockDeletingService.java:deleteViaSchema2(447)) - Container: 34, deleted blocks: 1, task elapsed time: 4ms
2021-08-10 12:16:28,993 [BlockDeletingService#7] INFO  impl.FilePerBlockStrategy (FilePerBlockStrategy.java:deleteChunk(227)) - Deleted block file: /home/runner/work/ozone/ozone/hadoop-ozone/integration-test/target/test-dir/MiniOzoneClusterImpl-75f1614f-1661-444a-a475-726e833f1db0/datanode-0/data-0/containers/hdds/75f1614f-1661-444a-a475-726e833f1db0/current/containerDir0/32/chunks/107544261427200032.block
2021-08-10 12:16:28,993 [BlockDeletingService#5] INFO  impl.FilePerBlockStrategy (FilePerBlockStrategy.java:deleteChunk(227)) - Deleted block file: /home/runner/work/ozone/ozone/hadoop-ozone/integration-test/target/test-dir/MiniOzoneClusterImpl-75f1614f-1661-444a-a475-726e833f1db0/datanode-0/data-0/containers/hdds/75f1614f-1661-444a-a475-726e833f1db0/current/containerDir0/31/chunks/107544261427200031.block
2021-08-10 12:16:28,993 [BlockDeletingService#7] INFO  background.BlockDeletingService (BlockDeletingService.java:deleteViaSchema2(447)) - Container: 32, deleted blocks: 1, task elapsed time: 0ms
2021-08-10 12:16:28,993 [BlockDeletingService#5] INFO  background.BlockDeletingService (BlockDeletingService.java:deleteViaSchema2(447)) - Container: 31, deleted blocks: 1, task elapsed time: 1ms
2021-08-10 12:16:28,994 [BlockDeletingService#5] INFO  impl.FilePerBlockStrategy (FilePerBlockStrategy.java:deleteChunk(227)) - Deleted block file: /home/runner/work/ozone/ozone/hadoop-ozone/integration-test/target/test-dir/MiniOzoneClusterImpl-75f1614f-1661-444a-a475-726e833f1db0/datanode-0/data-0/containers/hdds/75f1614f-1661-444a-a475-726e833f1db0/current/containerDir0/29/chunks/107544261427200029.block
2021-08-10 12:16:28,994 [BlockDeletingService#5] INFO  background.BlockDeletingService (BlockDeletingService.java:deleteViaSchema2(447)) - Container: 29, deleted blocks: 1, task elapsed time: 0ms
2021-08-10 12:16:28,996 [BlockDeletingService#4] INFO  impl.FilePerBlockStrategy (FilePerBlockStrategy.java:deleteChunk(227)) - Deleted block file: /home/runner/work/ozone/ozone/hadoop-ozone/integration-test/target/test-dir/MiniOzoneClusterImpl-75f1614f-1661-444a-a475-726e833f1db0/datanode-0/data-0/containers/hdds/75f1614f-1661-444a-a475-726e833f1db0/current/containerDir0/40/chunks/107544261427200040.block
2021-08-10 12:16:28,996 [BlockDeletingService#4] INFO  background.BlockDeletingService (BlockDeletingService.java:deleteViaSchema2(447)) - Container: 40, deleted blocks: 1, task elapsed time: 8ms
2021-08-10 12:16:28,997 [BlockDeletingService#0] INFO  impl.FilePerBlockStrategy (FilePerBlockStrategy.java:deleteChunk(227)) - Deleted block file: /home/runner/work/ozone/ozone/hadoop-ozone/integration-test/target/test-dir/MiniOzoneClusterImpl-75f1614f-1661-444a-a475-726e833f1db0/datanode-0/data-0/containers/hdds/75f1614f-1661-444a-a475-726e833f1db0/current/containerDir0/36/chunks/107544261427200036.block
2021-08-10 12:16:28,997 [BlockDeletingService#0] INFO  background.BlockDeletingService (BlockDeletingService.java:deleteViaSchema2(447)) - Container: 36, deleted blocks: 1, task elapsed time: 8ms
2021-08-10 12:16:28,997 [BlockDeletingService#4] INFO  impl.FilePerBlockStrategy (FilePerBlockStrategy.java:deleteChunk(227)) - Deleted block file: /home/runner/work/ozone/ozone/hadoop-ozone/integration-test/target/test-dir/MiniOzoneClusterImpl-75f1614f-1661-444a-a475-726e833f1db0/datanode-0/data-0/containers/hdds/75f1614f-1661-444a-a475-726e833f1db0/current/containerDir0/28/chunks/107544261427200028.block
2021-08-10 12:16:28,997 [BlockDeletingService#4] INFO  background.BlockDeletingService (BlockDeletingService.java:deleteViaSchema2(447)) - Container: 28, deleted blocks: 1, task elapsed time: 1ms
2021-08-10 12:16:28,997 [BlockDeletingService#0] INFO  impl.FilePerBlockStrategy (FilePerBlockStrategy.java:deleteChunk(227)) - Deleted block file: /home/runner/work/ozone/ozone/hadoop-ozone/integration-test/target/test-dir/MiniOzoneClusterImpl-75f1614f-1661-444a-a475-726e833f1db0/datanode-0/data-0/containers/hdds/75f1614f-1661-444a-a475-726e833f1db0/current/containerDir0/27/chunks/107544261427200027.block
2021-08-10 12:16:28,998 [BlockDeletingService#0] INFO  background.BlockDeletingService (BlockDeletingService.java:deleteViaSchema2(447)) - Container: 27, deleted blocks: 1, task elapsed time: 1ms
2021-08-10 12:16:28,998 [BlockDeletingService#4] INFO  impl.FilePerBlockStrategy (FilePerBlockStrategy.java:deleteChunk(227)) - Deleted block file: /home/runner/work/ozone/ozone/hadoop-ozone/integration-test/target/test-dir/MiniOzoneClusterImpl-75f1614f-1661-444a-a475-726e833f1db0/datanode-0/data-0/containers/hdds/75f1614f-1661-444a-a475-726e833f1db0/current/containerDir0/26/chunks/107544261427200026.block
2021-08-10 12:16:28,998 [BlockDeletingService#4] INFO  background.BlockDeletingService (BlockDeletingService.java:deleteViaSchema2(447)) - Container: 26, deleted blocks: 1, task elapsed time: 1ms
2021-08-10 12:16:28,998 [BlockDeletingService#0] INFO  impl.FilePerBlockStrategy (FilePerBlockStrategy.java:deleteChunk(227)) - Deleted block file: /home/runner/work/ozone/ozone/hadoop-ozone/integration-test/target/test-dir/MiniOzoneClusterImpl-75f1614f-1661-444a-a475-726e833f1db0/datanode-0/data-0/containers/hdds/75f1614f-1661-444a-a475-726e833f1db0/current/containerDir0/25/chunks/107544261427200025.block
2021-08-10 12:16:28,998 [BlockDeletingService#0] INFO  background.BlockDeletingService (BlockDeletingService.java:deleteViaSchema2(447)) - Container: 25, deleted blocks: 1, task elapsed time: 0ms
2021-08-10 12:16:28,996 [BlockDeletingService#2] INFO  impl.FilePerBlockStrategy (FilePerBlockStrategy.java:deleteChunk(227)) - Deleted block file: /home/runner/work/ozone/ozone/hadoop-ozone/integration-test/target/test-dir/MiniOzoneClusterImpl-75f1614f-1661-444a-a475-726e833f1db0/datanode-0/data-0/containers/hdds/75f1614f-1661-444a-a475-726e833f1db0/current/containerDir0/39/chunks/107544261427200039.block
2021-08-10 12:16:28,999 [BlockDeletingService#2] INFO  background.BlockDeletingService (BlockDeletingService.java:deleteViaSchema2(447)) - Container: 39, deleted blocks: 1, task elapsed time: 11ms
2021-08-10 12:16:28,999 [BlockDeletingService#4] INFO  impl.FilePerBlockStrategy (FilePerBlockStrategy.java:deleteChunk(227)) - Deleted block file: /home/runner/work/ozone/ozone/hadoop-ozone/integration-test/target/test-dir/MiniOzoneClusterImpl-75f1614f-1661-444a-a475-726e833f1db0/datanode-0/data-0/containers/hdds/75f1614f-1661-444a-a475-726e833f1db0/current/containerDir0/24/chunks/107544261427200024.block
2021-08-10 12:16:28,999 [BlockDeletingService#4] INFO  background.BlockDeletingService (BlockDeletingService.java:deleteViaSchema2(447)) - Container: 24, deleted blocks: 1, task elapsed time: 1ms
2021-08-10 12:16:28,999 [BlockDeletingService#2] INFO  impl.FilePerBlockStrategy (FilePerBlockStrategy.java:deleteChunk(227)) - Deleted block file: /home/runner/work/ozone/ozone/hadoop-ozone/integration-test/target/test-dir/MiniOzoneClusterImpl-75f1614f-1661-444a-a475-726e833f1db0/datanode-0/data-0/containers/hdds/75f1614f-1661-444a-a475-726e833f1db0/current/containerDir0/22/chunks/107544261427200022.block
2021-08-10 12:16:29,000 [BlockDeletingService#2] INFO  background.BlockDeletingService (BlockDeletingService.java:deleteViaSchema2(447)) - Container: 22, deleted blocks: 1, task elapsed time: 1ms
2021-08-10 12:16:29,000 [BlockDeletingService#4] INFO  impl.FilePerBlockStrategy (FilePerBlockStrategy.java:deleteChunk(227)) - Deleted block file: /home/runner/work/ozone/ozone/hadoop-ozone/integration-test/target/test-dir/MiniOzoneClusterImpl-75f1614f-1661-444a-a475-726e833f1db0/datanode-0/data-0/containers/hdds/75f1614f-1661-444a-a475-726e833f1db0/current/containerDir0/21/chunks/107544261427200021.block
2021-08-10 12:16:29,000 [BlockDeletingService#4] INFO  background.BlockDeletingService (BlockDeletingService.java:deleteViaSchema2(447)) - Container: 21, deleted blocks: 1, task elapsed time: 1ms
2021-08-10 12:16:29,000 [BlockDeletingService#2] INFO  impl.FilePerBlockStrategy (FilePerBlockStrategy.java:deleteChunk(227)) - Deleted block file: /home/runner/work/ozone/ozone/hadoop-ozone/integration-test/target/test-dir/MiniOzoneClusterImpl-75f1614f-1661-444a-a475-726e833f1db0/datanode-0/data-0/containers/hdds/75f1614f-1661-444a-a475-726e833f1db0/current/containerDir0/20/chunks/107544261427200020.block
2021-08-10 12:16:29,000 [BlockDeletingService#2] INFO  background.BlockDeletingService (BlockDeletingService.java:deleteViaSchema2(447)) - Container: 20, deleted blocks: 1, task elapsed time: 0ms
2021-08-10 12:16:29,001 [BlockDeletingService#4] INFO  impl.FilePerBlockStrategy (FilePerBlockStrategy.java:deleteChunk(227)) - Deleted block file: /home/runner/work/ozone/ozone/hadoop-ozone/integration-test/target/test-dir/MiniOzoneClusterImpl-75f1614f-1661-444a-a475-726e833f1db0/datanode-0/data-0/containers/hdds/75f1614f-1661-444a-a475-726e833f1db0/current/containerDir0/19/chunks/107544261427200019.block
2021-08-10 12:16:29,001 [BlockDeletingService#4] INFO  background.BlockDeletingService (BlockDeletingService.java:deleteViaSchema2(447)) - Container: 19, deleted blocks: 1, task elapsed time: 1ms
2021-08-10 12:16:29,001 [BlockDeletingService#2] INFO  impl.FilePerBlockStrategy (FilePerBlockStrategy.java:deleteChunk(227)) - Deleted block file: /home/runner/work/ozone/ozone/hadoop-ozone/integration-test/target/test-dir/MiniOzoneClusterImpl-75f1614f-1661-444a-a475-726e833f1db0/datanode-0/data-0/containers/hdds/75f1614f-1661-444a-a475-726e833f1db0/current/containerDir0/18/chunks/107544261427200018.block
2021-08-10 12:16:29,001 [BlockDeletingService#2] INFO  background.BlockDeletingService (BlockDeletingService.java:deleteViaSchema2(447)) - Container: 18, deleted blocks: 1, task elapsed time: 1ms
2021-08-10 12:16:29,001 [BlockDeletingService#4] INFO  impl.FilePerBlockStrategy (FilePerBlockStrategy.java:deleteChunk(227)) - Deleted block file: /home/runner/work/ozone/ozone/hadoop-ozone/integration-test/target/test-dir/MiniOzoneClusterImpl-75f1614f-1661-444a-a475-726e833f1db0/datanode-0/data-0/containers/hdds/75f1614f-1661-444a-a475-726e833f1db0/current/containerDir0/17/chunks/107544261427200017.block
2021-08-10 12:16:29,001 [BlockDeletingService#4] INFO  background.BlockDeletingService (BlockDeletingService.java:deleteViaSchema2(447)) - Container: 17, deleted blocks: 1, task elapsed time: 0ms
2021-08-10 12:16:29,002 [BlockDeletingService#2] INFO  impl.FilePerBlockStrategy (FilePerBlockStrategy.java:deleteChunk(227)) - Deleted block file: /home/runner/work/ozone/ozone/hadoop-ozone/integration-test/target/test-dir/MiniOzoneClusterImpl-75f1614f-1661-444a-a475-726e833f1db0/datanode-0/data-0/containers/hdds/75f1614f-1661-444a-a475-726e833f1db0/current/containerDir0/16/chunks/107544261427200016.block
2021-08-10 12:16:29,002 [BlockDeletingService#2] INFO  background.BlockDeletingService (BlockDeletingService.java:deleteViaSchema2(447)) - Container: 16, deleted blocks: 1, task elapsed time: 1ms
2021-08-10 12:16:29,002 [BlockDeletingService#4] INFO  impl.FilePerBlockStrategy (FilePerBlockStrategy.java:deleteChunk(227)) - Deleted block file: /home/runner/work/ozone/ozone/hadoop-ozone/integration-test/target/test-dir/MiniOzoneClusterImpl-75f1614f-1661-444a-a475-726e833f1db0/datanode-0/data-0/containers/hdds/75f1614f-1661-444a-a475-726e833f1db0/current/containerDir0/15/chunks/107544261427200015.block
2021-08-10 12:16:29,002 [BlockDeletingService#4] INFO  background.BlockDeletingService (BlockDeletingService.java:deleteViaSchema2(447)) - Container: 15, deleted blocks: 1, task elapsed time: 1ms
2021-08-10 12:16:28,995 [BlockDeletingService#1] INFO  impl.FilePerBlockStrategy (FilePerBlockStrategy.java:deleteChunk(227)) - Deleted block file: /home/runner/work/ozone/ozone/hadoop-ozone/integration-test/target/test-dir/MiniOzoneClusterImpl-75f1614f-1661-444a-a475-726e833f1db0/datanode-0/data-0/containers/hdds/75f1614f-1661-444a-a475-726e833f1db0/current/containerDir0/38/chunks/107544261427200038.block
2021-08-10 12:16:29,003 [BlockDeletingService#1] INFO  background.BlockDeletingService (BlockDeletingService.java:deleteViaSchema2(447)) - Container: 38, deleted blocks: 1, task elapsed time: 15ms
2021-08-10 12:16:28,995 [BlockDeletingService#8] INFO  impl.FilePerBlockStrategy (FilePerBlockStrategy.java:deleteChunk(227)) - Deleted block file: /home/runner/work/ozone/ozone/hadoop-ozone/integration-test/target/test-dir/MiniOzoneClusterImpl-75f1614f-1661-444a-a475-726e833f1db0/datanode-0/data-0/containers/hdds/75f1614f-1661-444a-a475-726e833f1db0/current/containerDir0/37/chunks/107544261427200037.block
2021-08-10 12:16:29,003 [BlockDeletingService#8] INFO  background.BlockDeletingService (BlockDeletingService.java:deleteViaSchema2(447)) - Container: 37, deleted blocks: 1, task elapsed time: 15ms
2021-08-10 12:16:29,003 [BlockDeletingService#1] INFO  impl.FilePerBlockStrategy (FilePerBlockStrategy.java:deleteChunk(227)) - Deleted block file: /home/runner/work/ozone/ozone/hadoop-ozone/integration-test/target/test-dir/MiniOzoneClusterImpl-75f1614f-1661-444a-a475-726e833f1db0/datanode-0/data-0/containers/hdds/75f1614f-1661-444a-a475-726e833f1db0/current/containerDir0/12/chunks/107544261427200012.block
2021-08-10 12:16:29,003 [BlockDeletingService#1] INFO  background.BlockDeletingService (BlockDeletingService.java:deleteViaSchema2(447)) - Container: 12, deleted blocks: 1, task elapsed time: 0ms
2021-08-10 12:16:29,004 [BlockDeletingService#8] INFO  impl.FilePerBlockStrategy (FilePerBlockStrategy.java:deleteChunk(227)) - Deleted block file: /home/runner/work/ozone/ozone/hadoop-ozone/integration-test/target/test-dir/MiniOzoneClusterImpl-75f1614f-1661-444a-a475-726e833f1db0/datanode-0/data-0/containers/hdds/75f1614f-1661-444a-a475-726e833f1db0/current/containerDir0/11/chunks/107544261427200011.block
2021-08-10 12:16:29,004 [BlockDeletingService#8] INFO  background.BlockDeletingService (BlockDeletingService.java:deleteViaSchema2(447)) - Container: 11, deleted blocks: 1, task elapsed time: 1ms
2021-08-10 12:16:29,004 [BlockDeletingService#9] INFO  impl.FilePerBlockStrategy (FilePerBlockStrategy.java:deleteChunk(227)) - Deleted block file: /home/runner/work/ozone/ozone/hadoop-ozone/integration-test/target/test-dir/MiniOzoneClusterImpl-75f1614f-1661-444a-a475-726e833f1db0/datanode-0/data-0/containers/hdds/75f1614f-1661-444a-a475-726e833f1db0/current/containerDir0/42/chunks/107544261427200042.block
2021-08-10 12:16:29,004 [BlockDeletingService#9] INFO  background.BlockDeletingService (BlockDeletingService.java:deleteViaSchema2(447)) - Container: 42, deleted blocks: 1, task elapsed time: 18ms
2021-08-10 12:16:29,005 [BlockDeletingService#3] INFO  impl.FilePerBlockStrategy (FilePerBlockStrategy.java:deleteChunk(227)) - Deleted block file: /home/runner/work/ozone/ozone/hadoop-ozone/integration-test/target/test-dir/MiniOzoneClusterImpl-75f1614f-1661-444a-a475-726e833f1db0/datanode-0/data-0/containers/hdds/75f1614f-1661-444a-a475-726e833f1db0/current/containerDir0/41/chunks/107544261427200041.block
2021-08-10 12:16:29,005 [BlockDeletingService#7] INFO  impl.FilePerBlockStrategy (FilePerBlockStrategy.java:deleteChunk(227)) - Deleted block file: /home/runner/work/ozone/ozone/hadoop-ozone/integration-test/target/test-dir/MiniOzoneClusterImpl-75f1614f-1661-444a-a475-726e833f1db0/datanode-0/data-0/containers/hdds/75f1614f-1661-444a-a475-726e833f1db0/current/containerDir0/30/chunks/107544261427200030.block
2021-08-10 12:16:29,005 [BlockDeletingService#7] INFO  background.BlockDeletingService (BlockDeletingService.java:deleteViaSchema2(447)) - Container: 30, deleted blocks: 1, task elapsed time: 11ms
2021-08-10 12:16:29,005 [BlockDeletingService#3] INFO  background.BlockDeletingService (BlockDeletingService.java:deleteViaSchema2(447)) - Container: 41, deleted blocks: 1, task elapsed time: 19ms
2021-08-10 12:16:29,006 [BlockDeletingService#0] INFO  impl.FilePerBlockStrategy (FilePerBlockStrategy.java:deleteChunk(227)) - Deleted block file: /home/runner/work/ozone/ozone/hadoop-ozone/integration-test/target/test-dir/MiniOzoneClusterImpl-75f1614f-1661-444a-a475-726e833f1db0/datanode-0/data-0/containers/hdds/75f1614f-1661-444a-a475-726e833f1db0/current/containerDir0/23/chunks/107544261427200023.block
2021-08-10 12:16:29,006 [BlockDeletingService#0] INFO  background.BlockDeletingService (BlockDeletingService.java:deleteViaSchema2(447)) - Container: 23, deleted blocks: 1, task elapsed time: 8ms
2021-08-10 12:16:29,007 [BlockDeletingService#2] INFO  impl.FilePerBlockStrategy (FilePerBlockStrategy.java:deleteChunk(227)) - Deleted block file: /home/runner/work/ozone/ozone/hadoop-ozone/integration-test/target/test-dir/MiniOzoneClusterImpl-75f1614f-1661-444a-a475-726e833f1db0/datanode-0/data-0/containers/hdds/75f1614f-1661-444a-a475-726e833f1db0/current/containerDir0/14/chunks/107544261427200014.block
2021-08-10 12:16:29,007 [BlockDeletingService#2] INFO  background.BlockDeletingService (BlockDeletingService.java:deleteViaSchema2(447)) - Container: 14, deleted blocks: 1, task elapsed time: 5ms
2021-08-10 12:16:29,010 [BlockDeletingService#6] INFO  impl.FilePerBlockStrategy (FilePerBlockStrategy.java:deleteChunk(227)) - Deleted block file: /home/runner/work/ozone/ozone/hadoop-ozone/integration-test/target/test-dir/MiniOzoneClusterImpl-75f1614f-1661-444a-a475-726e833f1db0/datanode-0/data-0/containers/hdds/75f1614f-1661-444a-a475-726e833f1db0/current/containerDir0/33/chunks/107544261427200033.block
2021-08-10 12:16:29,016 [BlockDeletingService#4] INFO  impl.FilePerBlockStrategy (FilePerBlockStrategy.java:deleteChunk(227)) - Deleted block file: /home/runner/work/ozone/ozone/hadoop-ozone/integration-test/target/test-dir/MiniOzoneClusterImpl-75f1614f-1661-444a-a475-726e833f1db0/datanode-0/data-0/containers/hdds/75f1614f-1661-444a-a475-726e833f1db0/current/containerDir0/13/chunks/107544261427200013.block
2021-08-10 12:16:29,016 [BlockDeletingService#4] INFO  background.BlockDeletingService (BlockDeletingService.java:deleteViaSchema2(447)) - Container: 13, deleted blocks: 1, task elapsed time: 14ms
2021-08-10 12:16:29,025 [BlockDeletingService#6] INFO  background.BlockDeletingService (BlockDeletingService.java:deleteViaSchema2(447)) - Container: 33, deleted blocks: 1, task elapsed time: 36ms
2021-08-10 12:16:29,043 [SCMBlockDeletingService#0] DEBUG block.SCMBlockDeletingService (SCMBlockDeletingService.java:call(133)) - Running DeletedBlockTransactionScanner
2021-08-10 12:16:29,080 [org.apache.hadoop.ozone.container.common.statemachine.commandhandler.DeleteBlocksCommandHandler$DeleteCmdWorker@38d7e9ec] INFO  commandhandler.DeleteBlocksCommandHandler (DeleteBlocksCommandHandler.java:processCmd(261)) - Start to delete container blocks, TXIDs=[1(0),2(0),3(0),4(0),5(0),6(0),7(0),8(0),9(0),10(0),11(0),12(0),13(0),14(0),15(0),16(0),17(0),18(0),19(0),20(0),21(0),22(0),23(0),24(0),25(0),26(0),27(0),28(0),29(0),30(0),31(0),32(0),33(0),34(0),35(0),36(0),37(0),38(0),39(0),40(0),41(0),42(0),43(0),44(0),45(0),46(0),47(0),48(0),49(0),50(0),51(0),52(0),53(0),54(0),55(0),56(0)], numOfContainers=56, numOfBlocks=56
2021-08-10 12:16:29,082 [org.apache.hadoop.ozone.container.common.statemachine.commandhandler.DeleteBlocksCommandHandler$DeleteCmdWorker@38d7e9ec] INFO  commandhandler.DeleteBlocksCommandHandler (DeleteBlocksCommandHandler.java:processCmd(261)) - Start to delete container blocks, TXIDs=[1(0),2(0),3(0),4(0),5(0),6(0),7(0),8(0),9(0),10(0),11(0),12(0),13(0),14(0),15(0),16(0),17(0),18(0),19(0),20(0),21(0),22(0),23(0),24(0),25(0),26(0),27(0),28(0),29(0),30(0),31(0),32(0),33(0),34(0),35(0),36(0),37(0),38(0),39(0),40(0),41(0),42(0),43(0),44(0),45(0),46(0),47(0),48(0),49(0),50(0),51(0),52(0),53(0),54(0),55(0),56(0)], numOfContainers=56, numOfBlocks=56
2021-08-10 12:16:29,082 [org.apache.hadoop.ozone.container.common.statemachine.commandhandler.DeleteBlocksCommandHandler$DeleteCmdWorker@38d7e9ec] INFO  commandhandler.DeleteBlocksCommandHandler (DeleteBlocksCommandHandler.java:processCmd(261)) - Start to delete container blocks, TXIDs=[1(0),2(0),3(0),4(0),5(0),6(0),7(0),8(0),9(0),10(0),11(0),12(0),13(0),14(0),15(0),16(0),17(0),18(0),19(0),20(0),21(0),22(0),23(0),24(0),25(0),26(0),27(0),28(0),29(0),30(0),31(0),32(0),33(0),34(0),35(0),36(0),37(0),38(0),39(0),40(0),41(0),42(0),43(0),44(0),45(0),46(0),47(0),48(0),49(0),50(0),51(0),52(0),53(0),54(0),55(0),56(0)], numOfContainers=56, numOfBlocks=56
2021-08-10 12:16:29,082 [org.apache.hadoop.ozone.container.common.statemachine.commandhandler.DeleteBlocksCommandHandler$DeleteCmdWorker@38d7e9ec] INFO  commandhandler.DeleteBlocksCommandHandler (DeleteBlocksCommandHandler.java:processCmd(261)) - Start to delete container blocks, TXIDs=[1(0),2(0),3(0),4(0),5(0),6(0),7(0),8(0),9(0),10(0),11(0),12(0),13(0),14(0),15(0),16(0),17(0),18(0),19(0),20(0),21(0),22(0),23(0),24(0),25(0),26(0),27(0),28(0),29(0),30(0),31(0),32(0),33(0),34(0),35(0),36(0),37(0),38(0),39(0),40(0),41(0),42(0),43(0),44(0),45(0),46(0),47(0),48(0),49(0),50(0),51(0),52(0),53(0),54(0),55(0),56(0)], numOfContainers=56, numOfBlocks=56
2021-08-10 12:16:29,083 [org.apache.hadoop.ozone.container.common.statemachine.commandhandler.DeleteBlocksCommandHandler$DeleteCmdWorker@38d7e9ec] INFO  commandhandler.DeleteBlocksCommandHandler (DeleteBlocksCommandHandler.java:processCmd(261)) - Start to delete container blocks, TXIDs=[1(0),2(0),3(0),4(0),5(0),6(0),7(0),8(0),9(0),10(0),11(0),12(0),13(0),14(0),15(0),16(0),17(0),18(0),19(0),20(0),21(0),22(0),23(0),24(0),25(0),26(0),27(0),28(0),29(0),30(0),31(0),32(0),33(0),34(0),35(0),36(0),37(0),38(0),39(0),40(0),41(0),42(0),43(0),44(0),45(0),46(0),47(0),48(0),49(0),50(0),51(0),52(0),53(0),54(0),55(0),56(0)], numOfContainers=56, numOfBlocks=56
2021-08-10 12:16:29,083 [org.apache.hadoop.ozone.container.common.statemachine.commandhandler.DeleteBlocksCommandHandler$DeleteCmdWorker@38d7e9ec] INFO  commandhandler.DeleteBlocksCommandHandler (DeleteBlocksCommandHandler.java:processCmd(261)) - Start to delete container blocks, TXIDs=[1(0),2(0),3(0),4(0),5(0),6(0),7(0),8(0),9(0),10(0),11(0),12(0),13(0),14(0),15(0),16(0),17(0),18(0),19(0),20(0),21(0),22(0),23(0),24(0),25(0),26(0),27(0),28(0),29(0),30(0),31(0),32(0),33(0),34(0),35(0),36(0),37(0),38(0),39(0),40(0),41(0),42(0),43(0),44(0),45(0),46(0),47(0),48(0),49(0),50(0),51(0),52(0),53(0),54(0),55(0),56(0)], numOfContainers=56, numOfBlocks=56
2021-08-10 12:16:29,143 [SCMBlockDeletingService#0] DEBUG block.SCMBlockDeletingService (SCMBlockDeletingService.java:call(133)) - Running DeletedBlockTransactionScanner
2021-08-10 12:16:29,195 [EventQueue-DeleteBlockStatusForDeletedBlockLogImpl] DEBUG block.DeletedBlockLogImpl (DeletedBlockLogImpl.java:isTransactionFailed(278)) - Got block deletion ACK from datanode, TXIDs=1, success=true
2021-08-10 12:16:29,203 [EventQueue-DeleteBlockStatusForDeletedBlockLogImpl] DEBUG block.DeletedBlockLogImpl (DeletedBlockLogImpl.java:commitTransactions(224)) - Transaction txId=1 commit by dnId=01235482-5c07-4b37-86e9-3192ec4df84f for containerID=#1 failed. Corresponding entry not found.
2021-08-10 12:16:29,203 [EventQueue-DeleteBlockStatusForDeletedBlockLogImpl] DEBUG block.DeletedBlockLogImpl (DeletedBlockLogImpl.java:isTransactionFailed(278)) - Got block deletion ACK from datanode, TXIDs=2, success=true
2021-08-10 12:16:29,203 [EventQueue-DeleteBlockStatusForDeletedBlockLogImpl] DEBUG block.DeletedBlockLogImpl (DeletedBlockLogImpl.java:commitTransactions(224)) - Transaction txId=2 commit by dnId=01235482-5c07-4b37-86e9-3192ec4df84f for containerID=#2 failed. Corresponding entry not found.
2021-08-10 12:16:29,203 [EventQueue-DeleteBlockStatusForDeletedBlockLogImpl] DEBUG block.DeletedBlockLogImpl (DeletedBlockLogImpl.java:isTransactionFailed(278)) - Got block deletion ACK from datanode, TXIDs=3, success=true
2021-08-10 12:16:29,203 [EventQueue-DeleteBlockStatusForDeletedBlockLogImpl] DEBUG block.DeletedBlockLogImpl (DeletedBlockLogImpl.java:commitTransactions(224)) - Transaction txId=3 commit by dnId=01235482-5c07-4b37-86e9-3192ec4df84f for containerID=#3 failed. Corresponding entry not found.
2021-08-10 12:16:29,203 [EventQueue-DeleteBlockStatusForDeletedBlockLogImpl] DEBUG block.DeletedBlockLogImpl (DeletedBlockLogImpl.java:isTransactionFailed(278)) - Got block deletion ACK from datanode, TXIDs=4, success=true
2021-08-10 12:16:29,203 [EventQueue-DeleteBlockStatusForDeletedBlockLogImpl] DEBUG block.DeletedBlockLogImpl (DeletedBlockLogImpl.java:commitTransactions(224)) - Transaction txId=4 commit by dnId=01235482-5c07-4b37-86e9-3192ec4df84f for containerID=#4 failed. Corresponding entry not found.
2021-08-10 12:16:29,203 [EventQueue-DeleteBlockStatusForDeletedBlockLogImpl] DEBUG block.DeletedBlockLogImpl (DeletedBlockLogImpl.java:isTransactionFailed(278)) - Got block deletion ACK from datanode, TXIDs=5, success=true
2021-08-10 12:16:29,203 [EventQueue-DeleteBlockStatusForDeletedBlockLogImpl] DEBUG block.DeletedBlockLogImpl (DeletedBlockLogImpl.java:commitTransactions(224)) - Transaction txId=5 commit by dnId=01235482-5c07-4b37-86e9-3192ec4df84f for containerID=#5 failed. Corresponding entry not found.
2021-08-10 12:16:29,203 [EventQueue-DeleteBlockStatusForDeletedBlockLogImpl] DEBUG block.DeletedBlockLogImpl (DeletedBlockLogImpl.java:isTransactionFailed(278)) - Got block deletion ACK from datanode, TXIDs=6, success=true
2021-08-10 12:16:29,203 [EventQueue-DeleteBlockStatusForDeletedBlockLogImpl] DEBUG block.DeletedBlockLogImpl (DeletedBlockLogImpl.java:commitTransactions(224)) - Transaction txId=6 commit by dnId=01235482-5c07-4b37-86e9-3192ec4df84f for containerID=#6 failed. Corresponding entry not found.
2021-08-10 12:16:29,203 [EventQueue-DeleteBlockStatusForDeletedBlockLogImpl] DEBUG block.DeletedBlockLogImpl (DeletedBlockLogImpl.java:isTransactionFailed(278)) - Got block deletion ACK from datanode, TXIDs=7, success=true
2021-08-10 12:16:29,203 [EventQueue-DeleteBlockStatusForDeletedBlockLogImpl] DEBUG block.DeletedBlockLogImpl (DeletedBlockLogImpl.java:commitTransactions(224)) - Transaction txId=7 commit by dnId=01235482-5c07-4b37-86e9-3192ec4df84f for containerID=#7 failed. Corresponding entry not found.
2021-08-10 12:16:29,203 [EventQueue-DeleteBlockStatusForDeletedBlockLogImpl] DEBUG block.DeletedBlockLogImpl (DeletedBlockLogImpl.java:isTransactionFailed(278)) - Got block deletion ACK from datanode, TXIDs=8, success=true
2021-08-10 12:16:29,204 [EventQueue-DeleteBlockStatusForDeletedBlockLogImpl] DEBUG block.DeletedBlockLogImpl (DeletedBlockLogImpl.java:commitTransactions(224)) - Transaction txId=8 commit by dnId=01235482-5c07-4b37-86e9-3192ec4df84f for containerID=#8 failed. Corresponding entry not found.
2021-08-10 12:16:29,204 [EventQueue-DeleteBlockStatusForDeletedBlockLogImpl] DEBUG block.DeletedBlockLogImpl (DeletedBlockLogImpl.java:isTransactionFailed(278)) - Got block deletion ACK from datanode, TXIDs=9, success=true
2021-08-10 12:16:29,204 [EventQueue-DeleteBlockStatusForDeletedBlockLogImpl] DEBUG block.DeletedBlockLogImpl (DeletedBlockLogImpl.java:commitTransactions(224)) - Transaction txId=9 commit by dnId=01235482-5c07-4b37-86e9-3192ec4df84f for containerID=#9 failed. Corresponding entry not found.
2021-08-10 12:16:29,204 [EventQueue-DeleteBlockStatusForDeletedBlockLogImpl] DEBUG block.DeletedBlockLogImpl (DeletedBlockLogImpl.java:isTransactionFailed(278)) - Got block deletion ACK from datanode, TXIDs=10, success=true
2021-08-10 12:16:29,204 [EventQueue-DeleteBlockStatusForDeletedBlockLogImpl] DEBUG block.DeletedBlockLogImpl (DeletedBlockLogImpl.java:commitTransactions(224)) - Transaction txId=10 commit by dnId=01235482-5c07-4b37-86e9-3192ec4df84f for containerID=#10 failed. Corresponding entry not found.
2021-08-10 12:16:29,204 [EventQueue-DeleteBlockStatusForDeletedBlockLogImpl] DEBUG block.DeletedBlockLogImpl (DeletedBlockLogImpl.java:isTransactionFailed(278)) - Got block deletion ACK from datanode, TXIDs=11, success=true
2021-08-10 12:16:29,204 [EventQueue-DeleteBlockStatusForDeletedBlockLogImpl] DEBUG block.DeletedBlockLogImpl (DeletedBlockLogImpl.java:commitTransactions(224)) - Transaction txId=11 commit by dnId=01235482-5c07-4b37-86e9-3192ec4df84f for containerID=#11 failed. Corresponding entry not found.
2021-08-10 12:16:29,204 [EventQueue-DeleteBlockStatusForDeletedBlockLogImpl] DEBUG block.DeletedBlockLogImpl (DeletedBlockLogImpl.java:isTransactionFailed(278)) - Got block deletion ACK from datanode, TXIDs=12, success=true
2021-08-10 12:16:29,204 [EventQueue-DeleteBlockStatusForDeletedBlockLogImpl] DEBUG block.DeletedBlockLogImpl (DeletedBlockLogImpl.java:commitTransactions(224)) - Transaction txId=12 commit by dnId=01235482-5c07-4b37-86e9-3192ec4df84f for containerID=#12 failed. Corresponding entry not found.
2021-08-10 12:16:29,204 [EventQueue-DeleteBlockStatusForDeletedBlockLogImpl] DEBUG block.DeletedBlockLogImpl (DeletedBlockLogImpl.java:isTransactionFailed(278)) - Got block deletion ACK from datanode, TXIDs=13, success=true
2021-08-10 12:16:29,204 [EventQueue-DeleteBlockStatusForDeletedBlockLogImpl] DEBUG block.DeletedBlockLogImpl (DeletedBlockLogImpl.java:commitTransactions(224)) - Transaction txId=13 commit by dnId=01235482-5c07-4b37-86e9-3192ec4df84f for containerID=#13 failed. Corresponding entry not found.
2021-08-10 12:16:29,204 [EventQueue-DeleteBlockStatusForDeletedBlockLogImpl] DEBUG block.DeletedBlockLogImpl (DeletedBlockLogImpl.java:isTransactionFailed(278)) - Got block deletion ACK from datanode, TXIDs=14, success=true
2021-08-10 12:16:29,204 [EventQueue-DeleteBlockStatusForDeletedBlockLogImpl] DEBUG block.DeletedBlockLogImpl (DeletedBlockLogImpl.java:commitTransactions(224)) - Transaction txId=14 commit by dnId=01235482-5c07-4b37-86e9-3192ec4df84f for containerID=#14 failed. Corresponding entry not found.
2021-08-10 12:16:29,204 [EventQueue-DeleteBlockStatusForDeletedBlockLogImpl] DEBUG block.DeletedBlockLogImpl (DeletedBlockLogImpl.java:isTransactionFailed(278)) - Got block deletion ACK from datanode, TXIDs=15, success=true
2021-08-10 12:16:29,204 [EventQueue-DeleteBlockStatusForDeletedBlockLogImpl] DEBUG block.DeletedBlockLogImpl (DeletedBlockLogImpl.java:commitTransactions(224)) - Transaction txId=15 commit by dnId=01235482-5c07-4b37-86e9-3192ec4df84f for containerID=#15 failed. Corresponding entry not found.
2021-08-10 12:16:29,204 [EventQueue-DeleteBlockStatusForDeletedBlockLogImpl] DEBUG block.DeletedBlockLogImpl (DeletedBlockLogImpl.java:isTransactionFailed(278)) - Got block deletion ACK from datanode, TXIDs=16, success=true
2021-08-10 12:16:29,204 [EventQueue-DeleteBlockStatusForDeletedBlockLogImpl] DEBUG block.DeletedBlockLogImpl (DeletedBlockLogImpl.java:commitTransactions(224)) - Transaction txId=16 commit by dnId=01235482-5c07-4b37-86e9-3192ec4df84f for containerID=#16 failed. Corresponding entry not found.
2021-08-10 12:16:29,204 [EventQueue-DeleteBlockStatusForDeletedBlockLogImpl] DEBUG block.DeletedBlockLogImpl (DeletedBlockLogImpl.java:isTransactionFailed(278)) - Got block deletion ACK from datanode, TXIDs=17, success=true
2021-08-10 12:16:29,204 [EventQueue-DeleteBlockStatusForDeletedBlockLogImpl] DEBUG block.DeletedBlockLogImpl (DeletedBlockLogImpl.java:commitTransactions(224)) - Transaction txId=17 commit by dnId=01235482-5c07-4b37-86e9-3192ec4df84f for containerID=#17 failed. Corresponding entry not found.
2021-08-10 12:16:29,204 [EventQueue-DeleteBlockStatusForDeletedBlockLogImpl] DEBUG block.DeletedBlockLogImpl (DeletedBlockLogImpl.java:isTransactionFailed(278)) - Got block deletion ACK from datanode, TXIDs=18, success=true
2021-08-10 12:16:29,204 [EventQueue-DeleteBlockStatusForDeletedBlockLogImpl] DEBUG block.DeletedBlockLogImpl (DeletedBlockLogImpl.java:commitTransactions(224)) - Transaction txId=18 commit by dnId=01235482-5c07-4b37-86e9-3192ec4df84f for containerID=#18 failed. Corresponding entry not found.
2021-08-10 12:16:29,204 [EventQueue-DeleteBlockStatusForDeletedBlockLogImpl] DEBUG block.DeletedBlockLogImpl (DeletedBlockLogImpl.java:isTransactionFailed(278)) - Got block deletion ACK from datanode, TXIDs=19, success=true
2021-08-10 12:16:29,204 [EventQueue-DeleteBlockStatusForDeletedBlockLogImpl] DEBUG block.DeletedBlockLogImpl (DeletedBlockLogImpl.java:commitTransactions(224)) - Transaction txId=19 commit by dnId=01235482-5c07-4b37-86e9-3192ec4df84f for containerID=#19 failed. Corresponding entry not found.
2021-08-10 12:16:29,204 [EventQueue-DeleteBlockStatusForDeletedBlockLogImpl] DEBUG block.DeletedBlockLogImpl (DeletedBlockLogImpl.java:isTransactionFailed(278)) - Got block deletion ACK from datanode, TXIDs=20, success=true
2021-08-10 12:16:29,204 [EventQueue-DeleteBlockStatusForDeletedBlockLogImpl] DEBUG block.DeletedBlockLogImpl (DeletedBlockLogImpl.java:commitTransactions(224)) - Transaction txId=20 commit by dnId=01235482-5c07-4b37-86e9-3192ec4df84f for containerID=#20 failed. Corresponding entry not found.
2021-08-10 12:16:29,204 [EventQueue-DeleteBlockStatusForDeletedBlockLogImpl] DEBUG block.DeletedBlockLogImpl (DeletedBlockLogImpl.java:isTransactionFailed(278)) - Got block deletion ACK from datanode, TXIDs=21, success=true
2021-08-10 12:16:29,204 [EventQueue-DeleteBlockStatusForDeletedBlockLogImpl] DEBUG block.DeletedBlockLogImpl (DeletedBlockLogImpl.java:commitTransactions(224)) - Transaction txId=21 commit by dnId=01235482-5c07-4b37-86e9-3192ec4df84f for containerID=#21 failed. Corresponding entry not found.
2021-08-10 12:16:29,204 [EventQueue-DeleteBlockStatusForDeletedBlockLogImpl] DEBUG block.DeletedBlockLogImpl (DeletedBlockLogImpl.java:isTransactionFailed(278)) - Got block deletion ACK from datanode, TXIDs=22, success=true
2021-08-10 12:16:29,204 [EventQueue-DeleteBlockStatusForDeletedBlockLogImpl] DEBUG block.DeletedBlockLogImpl (DeletedBlockLogImpl.java:commitTransactions(224)) - Transaction txId=22 commit by dnId=01235482-5c07-4b37-86e9-3192ec4df84f for containerID=#22 failed. Corresponding entry not found.
2021-08-10 12:16:29,204 [EventQueue-DeleteBlockStatusForDeletedBlockLogImpl] DEBUG block.DeletedBlockLogImpl (DeletedBlockLogImpl.java:isTransactionFailed(278)) - Got block deletion ACK from datanode, TXIDs=23, success=true
2021-08-10 12:16:29,204 [EventQueue-DeleteBlockStatusForDeletedBlockLogImpl] DEBUG block.DeletedBlockLogImpl (DeletedBlockLogImpl.java:commitTransactions(224)) - Transaction txId=23 commit by dnId=01235482-5c07-4b37-86e9-3192ec4df84f for containerID=#23 failed. Corresponding entry not found.
2021-08-10 12:16:29,204 [EventQueue-DeleteBlockStatusForDeletedBlockLogImpl] DEBUG block.DeletedBlockLogImpl (DeletedBlockLogImpl.java:isTransactionFailed(278)) - Got block deletion ACK from datanode, TXIDs=24, success=true
2021-08-10 12:16:29,204 [EventQueue-DeleteBlockStatusForDeletedBlockLogImpl] DEBUG block.DeletedBlockLogImpl (DeletedBlockLogImpl.java:commitTransactions(224)) - Transaction txId=24 commit by dnId=01235482-5c07-4b37-86e9-3192ec4df84f for containerID=#24 failed. Corresponding entry not found.
2021-08-10 12:16:29,204 [EventQueue-DeleteBlockStatusForDeletedBlockLogImpl] DEBUG block.DeletedBlockLogImpl (DeletedBlockLogImpl.java:isTransactionFailed(278)) - Got block deletion ACK from datanode, TXIDs=25, success=true
2021-08-10 12:16:29,204 [EventQueue-DeleteBlockStatusForDeletedBlockLogImpl] DEBUG block.DeletedBlockLogImpl (DeletedBlockLogImpl.java:commitTransactions(224)) - Transaction txId=25 commit by dnId=01235482-5c07-4b37-86e9-3192ec4df84f for containerID=#25 failed. Corresponding entry not found.
2021-08-10 12:16:29,204 [EventQueue-DeleteBlockStatusForDeletedBlockLogImpl] DEBUG block.DeletedBlockLogImpl (DeletedBlockLogImpl.java:isTransactionFailed(278)) - Got block deletion ACK from datanode, TXIDs=26, success=true
2021-08-10 12:16:29,204 [EventQueue-DeleteBlockStatusForDeletedBlockLogImpl] DEBUG block.DeletedBlockLogImpl (DeletedBlockLogImpl.java:commitTransactions(224)) - Transaction txId=26 commit by dnId=01235482-5c07-4b37-86e9-3192ec4df84f for containerID=#26 failed. Corresponding entry not found.
2021-08-10 12:16:29,204 [EventQueue-DeleteBlockStatusForDeletedBlockLogImpl] DEBUG block.DeletedBlockLogImpl (DeletedBlockLogImpl.java:isTransactionFailed(278)) - Got block deletion ACK from datanode, TXIDs=27, success=true
2021-08-10 12:16:29,204 [EventQueue-DeleteBlockStatusForDeletedBlockLogImpl] DEBUG block.DeletedBlockLogImpl (DeletedBlockLogImpl.java:commitTransactions(224)) - Transaction txId=27 commit by dnId=01235482-5c07-4b37-86e9-3192ec4df84f for containerID=#27 failed. Corresponding entry not found.
2021-08-10 12:16:29,204 [EventQueue-DeleteBlockStatusForDeletedBlockLogImpl] DEBUG block.DeletedBlockLogImpl (DeletedBlockLogImpl.java:isTransactionFailed(278)) - Got block deletion ACK from datanode, TXIDs=28, success=true
2021-08-10 12:16:29,204 [EventQueue-DeleteBlockStatusForDeletedBlockLogImpl] DEBUG block.DeletedBlockLogImpl (DeletedBlockLogImpl.java:commitTransactions(224)) - Transaction txId=28 commit by dnId=01235482-5c07-4b37-86e9-3192ec4df84f for containerID=#28 failed. Corresponding entry not found.
2021-08-10 12:16:29,204 [EventQueue-DeleteBlockStatusForDeletedBlockLogImpl] DEBUG block.DeletedBlockLogImpl (DeletedBlockLogImpl.java:isTransactionFailed(278)) - Got block deletion ACK from datanode, TXIDs=29, success=true
2021-08-10 12:16:29,204 [EventQueue-DeleteBlockStatusForDeletedBlockLogImpl] DEBUG block.DeletedBlockLogImpl (DeletedBlockLogImpl.java:commitTransactions(224)) - Transaction txId=29 commit by dnId=01235482-5c07-4b37-86e9-3192ec4df84f for containerID=#29 failed. Corresponding entry not found.
2021-08-10 12:16:29,204 [EventQueue-DeleteBlockStatusForDeletedBlockLogImpl] DEBUG block.DeletedBlockLogImpl (DeletedBlockLogImpl.java:isTransactionFailed(278)) - Got block deletion ACK from datanode, TXIDs=30, success=true
2021-08-10 12:16:29,204 [EventQueue-DeleteBlockStatusForDeletedBlockLogImpl] DEBUG block.DeletedBlockLogImpl (DeletedBlockLogImpl.java:commitTransactions(224)) - Transaction txId=30 commit by dnId=01235482-5c07-4b37-86e9-3192ec4df84f for containerID=#30 failed. Corresponding entry not found.
2021-08-10 12:16:29,204 [EventQueue-DeleteBlockStatusForDeletedBlockLogImpl] DEBUG block.DeletedBlockLogImpl (DeletedBlockLogImpl.java:isTransactionFailed(278)) - Got block deletion ACK from datanode, TXIDs=31, success=true
2021-08-10 12:16:29,204 [EventQueue-DeleteBlockStatusForDeletedBlockLogImpl] DEBUG block.DeletedBlockLogImpl (DeletedBlockLogImpl.java:commitTransactions(224)) - Transaction txId=31 commit by dnId=01235482-5c07-4b37-86e9-3192ec4df84f for containerID=#31 failed. Corresponding entry not found.
2021-08-10 12:16:29,204 [EventQueue-DeleteBlockStatusForDeletedBlockLogImpl] DEBUG block.DeletedBlockLogImpl (DeletedBlockLogImpl.java:isTransactionFailed(278)) - Got block deletion ACK from datanode, TXIDs=32, success=true
2021-08-10 12:16:29,204 [EventQueue-DeleteBlockStatusForDeletedBlockLogImpl] DEBUG block.DeletedBlockLogImpl (DeletedBlockLogImpl.java:commitTransactions(224)) - Transaction txId=32 commit by dnId=01235482-5c07-4b37-86e9-3192ec4df84f for containerID=#32 failed. Corresponding entry not found.
2021-08-10 12:16:29,204 [EventQueue-DeleteBlockStatusForDeletedBlockLogImpl] DEBUG block.DeletedBlockLogImpl (DeletedBlockLogImpl.java:isTransactionFailed(278)) - Got block deletion ACK from datanode, TXIDs=33, success=true
2021-08-10 12:16:29,204 [EventQueue-DeleteBlockStatusForDeletedBlockLogImpl] DEBUG block.DeletedBlockLogImpl (DeletedBlockLogImpl.java:commitTransactions(224)) - Transaction txId=33 commit by dnId=01235482-5c07-4b37-86e9-3192ec4df84f for containerID=#33 failed. Corresponding entry not found.
2021-08-10 12:16:29,204 [EventQueue-DeleteBlockStatusForDeletedBlockLogImpl] DEBUG block.DeletedBlockLogImpl (DeletedBlockLogImpl.java:isTransactionFailed(278)) - Got block deletion ACK from datanode, TXIDs=34, success=true
2021-08-10 12:16:29,204 [EventQueue-DeleteBlockStatusForDeletedBlockLogImpl] DEBUG block.DeletedBlockLogImpl (DeletedBlockLogImpl.java:commitTransactions(224)) - Transaction txId=34 commit by dnId=01235482-5c07-4b37-86e9-3192ec4df84f for containerID=#34 failed. Corresponding entry not found.
2021-08-10 12:16:29,205 [EventQueue-DeleteBlockStatusForDeletedBlockLogImpl] DEBUG block.DeletedBlockLogImpl (DeletedBlockLogImpl.java:isTransactionFailed(278)) - Got block deletion ACK from datanode, TXIDs=35, success=true
2021-08-10 12:16:29,205 [EventQueue-DeleteBlockStatusForDeletedBlockLogImpl] DEBUG block.DeletedBlockLogImpl (DeletedBlockLogImpl.java:commitTransactions(224)) - Transaction txId=35 commit by dnId=01235482-5c07-4b37-86e9-3192ec4df84f for containerID=#35 failed. Corresponding entry not found.
2021-08-10 12:16:29,205 [EventQueue-DeleteBlockStatusForDeletedBlockLogImpl] DEBUG block.DeletedBlockLogImpl (DeletedBlockLogImpl.java:isTransactionFailed(278)) - Got block deletion ACK from datanode, TXIDs=36, success=true
2021-08-10 12:16:29,205 [EventQueue-DeleteBlockStatusForDeletedBlockLogImpl] DEBUG block.DeletedBlockLogImpl (DeletedBlockLogImpl.java:commitTransactions(224)) - Transaction txId=36 commit by dnId=01235482-5c07-4b37-86e9-3192ec4df84f for containerID=#36 failed. Corresponding entry not found.
2021-08-10 12:16:29,205 [EventQueue-DeleteBlockStatusForDeletedBlockLogImpl] DEBUG block.DeletedBlockLogImpl (DeletedBlockLogImpl.java:isTransactionFailed(278)) - Got block deletion ACK from datanode, TXIDs=37, success=true
2021-08-10 12:16:29,205 [EventQueue-DeleteBlockStatusForDeletedBlockLogImpl] DEBUG block.DeletedBlockLogImpl (DeletedBlockLogImpl.java:commitTransactions(224)) - Transaction txId=37 commit by dnId=01235482-5c07-4b37-86e9-3192ec4df84f for containerID=#37 failed. Corresponding entry not found.
2021-08-10 12:16:29,205 [EventQueue-DeleteBlockStatusForDeletedBlockLogImpl] DEBUG block.DeletedBlockLogImpl (DeletedBlockLogImpl.java:isTransactionFailed(278)) - Got block deletion ACK from datanode, TXIDs=38, success=true
2021-08-10 12:16:29,205 [EventQueue-DeleteBlockStatusForDeletedBlockLogImpl] DEBUG block.DeletedBlockLogImpl (DeletedBlockLogImpl.java:commitTransactions(224)) - Transaction txId=38 commit by dnId=01235482-5c07-4b37-86e9-3192ec4df84f for containerID=#38 failed. Corresponding entry not found.
2021-08-10 12:16:29,205 [EventQueue-DeleteBlockStatusForDeletedBlockLogImpl] DEBUG block.DeletedBlockLogImpl (DeletedBlockLogImpl.java:isTransactionFailed(278)) - Got block deletion ACK from datanode, TXIDs=39, success=true
2021-08-10 12:16:29,205 [EventQueue-DeleteBlockStatusForDeletedBlockLogImpl] DEBUG block.DeletedBlockLogImpl (DeletedBlockLogImpl.java:commitTransactions(224)) - Transaction txId=39 commit by dnId=01235482-5c07-4b37-86e9-3192ec4df84f for containerID=#39 failed. Corresponding entry not found.
2021-08-10 12:16:29,205 [EventQueue-DeleteBlockStatusForDeletedBlockLogImpl] DEBUG block.DeletedBlockLogImpl (DeletedBlockLogImpl.java:isTransactionFailed(278)) - Got block deletion ACK from datanode, TXIDs=40, success=true
2021-08-10 12:16:29,205 [EventQueue-DeleteBlockStatusForDeletedBlockLogImpl] DEBUG block.DeletedBlockLogImpl (DeletedBlockLogImpl.java:commitTransactions(224)) - Transaction txId=40 commit by dnId=01235482-5c07-4b37-86e9-3192ec4df84f for containerID=#40 failed. Corresponding entry not found.
2021-08-10 12:16:29,205 [EventQueue-DeleteBlockStatusForDeletedBlockLogImpl] DEBUG block.DeletedBlockLogImpl (DeletedBlockLogImpl.java:isTransactionFailed(278)) - Got block deletion ACK from datanode, TXIDs=41, success=true
2021-08-10 12:16:29,205 [EventQueue-DeleteBlockStatusForDeletedBlockLogImpl] DEBUG block.DeletedBlockLogImpl (DeletedBlockLogImpl.java:commitTransactions(224)) - Transaction txId=41 commit by dnId=01235482-5c07-4b37-86e9-3192ec4df84f for containerID=#41 failed. Corresponding entry not found.
2021-08-10 12:16:29,205 [EventQueue-DeleteBlockStatusForDeletedBlockLogImpl] DEBUG block.DeletedBlockLogImpl (DeletedBlockLogImpl.java:isTransactionFailed(278)) - Got block deletion ACK from datanode, TXIDs=42, success=true
2021-08-10 12:16:29,205 [EventQueue-DeleteBlockStatusForDeletedBlockLogImpl] DEBUG block.DeletedBlockLogImpl (DeletedBlockLogImpl.java:commitTransactions(224)) - Transaction txId=42 commit by dnId=01235482-5c07-4b37-86e9-3192ec4df84f for containerID=#42 failed. Corresponding entry not found.
2021-08-10 12:16:29,205 [EventQueue-DeleteBlockStatusForDeletedBlockLogImpl] DEBUG block.DeletedBlockLogImpl (DeletedBlockLogImpl.java:isTransactionFailed(278)) - Got block deletion ACK from datanode, TXIDs=43, success=true
2021-08-10 12:16:29,205 [EventQueue-DeleteBlockStatusForDeletedBlockLogImpl] DEBUG block.DeletedBlockLogImpl (DeletedBlockLogImpl.java:commitTransactions(224)) - Transaction txId=43 commit by dnId=01235482-5c07-4b37-86e9-3192ec4df84f for containerID=#43 failed. Corresponding entry not found.
2021-08-10 12:16:29,205 [EventQueue-DeleteBlockStatusForDeletedBlockLogImpl] DEBUG block.DeletedBlockLogImpl (DeletedBlockLogImpl.java:isTransactionFailed(278)) - Got block deletion ACK from datanode, TXIDs=44, success=true
2021-08-10 12:16:29,205 [EventQueue-DeleteBlockStatusForDeletedBlockLogImpl] DEBUG block.DeletedBlockLogImpl (DeletedBlockLogImpl.java:commitTransactions(224)) - Transaction txId=44 commit by dnId=01235482-5c07-4b37-86e9-3192ec4df84f for containerID=#44 failed. Corresponding entry not found.
2021-08-10 12:16:29,205 [EventQueue-DeleteBlockStatusForDeletedBlockLogImpl] DEBUG block.DeletedBlockLogImpl (DeletedBlockLogImpl.java:isTransactionFailed(278)) - Got block deletion ACK from datanode, TXIDs=45, success=true
2021-08-10 12:16:29,205 [EventQueue-DeleteBlockStatusForDeletedBlockLogImpl] DEBUG block.DeletedBlockLogImpl (DeletedBlockLogImpl.java:commitTransactions(224)) - Transaction txId=45 commit by dnId=01235482-5c07-4b37-86e9-3192ec4df84f for containerID=#45 failed. Corresponding entry not found.
2021-08-10 12:16:29,205 [EventQueue-DeleteBlockStatusForDeletedBlockLogImpl] DEBUG block.DeletedBlockLogImpl (DeletedBlockLogImpl.java:isTransactionFailed(278)) - Got block deletion ACK from datanode, TXIDs=46, success=true
2021-08-10 12:16:29,205 [EventQueue-DeleteBlockStatusForDeletedBlockLogImpl] DEBUG block.DeletedBlockLogImpl (DeletedBlockLogImpl.java:commitTransactions(224)) - Transaction txId=46 commit by dnId=01235482-5c07-4b37-86e9-3192ec4df84f for containerID=#46 failed. Corresponding entry not found.
2021-08-10 12:16:29,205 [EventQueue-DeleteBlockStatusForDeletedBlockLogImpl] DEBUG block.DeletedBlockLogImpl (DeletedBlockLogImpl.java:isTransactionFailed(278)) - Got block deletion ACK from datanode, TXIDs=47, success=true
2021-08-10 12:16:29,205 [EventQueue-DeleteBlockStatusForDeletedBlockLogImpl] DEBUG block.DeletedBlockLogImpl (DeletedBlockLogImpl.java:commitTransactions(224)) - Transaction txId=47 commit by dnId=01235482-5c07-4b37-86e9-3192ec4df84f for containerID=#47 failed. Corresponding entry not found.
2021-08-10 12:16:29,205 [EventQueue-DeleteBlockStatusForDeletedBlockLogImpl] DEBUG block.DeletedBlockLogImpl (DeletedBlockLogImpl.java:isTransactionFailed(278)) - Got block deletion ACK from datanode, TXIDs=48, success=true
2021-08-10 12:16:29,205 [EventQueue-DeleteBlockStatusForDeletedBlockLogImpl] DEBUG block.DeletedBlockLogImpl (DeletedBlockLogImpl.java:commitTransactions(224)) - Transaction txId=48 commit by dnId=01235482-5c07-4b37-86e9-3192ec4df84f for containerID=#48 failed. Corresponding entry not found.
2021-08-10 12:16:29,205 [EventQueue-DeleteBlockStatusForDeletedBlockLogImpl] DEBUG block.DeletedBlockLogImpl (DeletedBlockLogImpl.java:isTransactionFailed(278)) - Got block deletion ACK from datanode, TXIDs=49, success=true
2021-08-10 12:16:29,205 [EventQueue-DeleteBlockStatusForDeletedBlockLogImpl] DEBUG block.DeletedBlockLogImpl (DeletedBlockLogImpl.java:commitTransactions(224)) - Transaction txId=49 commit by dnId=01235482-5c07-4b37-86e9-3192ec4df84f for containerID=#49 failed. Corresponding entry not found.
2021-08-10 12:16:29,205 [EventQueue-DeleteBlockStatusForDeletedBlockLogImpl] DEBUG block.DeletedBlockLogImpl (DeletedBlockLogImpl.java:isTransactionFailed(278)) - Got block deletion ACK from datanode, TXIDs=50, success=true
2021-08-10 12:16:29,205 [EventQueue-DeleteBlockStatusForDeletedBlockLogImpl] DEBUG block.DeletedBlockLogImpl (DeletedBlockLogImpl.java:commitTransactions(224)) - Transaction txId=50 commit by dnId=01235482-5c07-4b37-86e9-3192ec4df84f for containerID=#50 failed. Corresponding entry not found.
2021-08-10 12:16:29,205 [EventQueue-DeleteBlockStatusForDeletedBlockLogImpl] DEBUG block.DeletedBlockLogImpl (DeletedBlockLogImpl.java:isTransactionFailed(278)) - Got block deletion ACK from datanode, TXIDs=51, success=true
2021-08-10 12:16:29,205 [EventQueue-DeleteBlockStatusForDeletedBlockLogImpl] DEBUG block.DeletedBlockLogImpl (DeletedBlockLogImpl.java:commitTransactions(224)) - Transaction txId=51 commit by dnId=01235482-5c07-4b37-86e9-3192ec4df84f for containerID=#51 failed. Corresponding entry not found.
2021-08-10 12:16:29,205 [EventQueue-DeleteBlockStatusForDeletedBlockLogImpl] DEBUG block.DeletedBlockLogImpl (DeletedBlockLogImpl.java:isTransactionFailed(278)) - Got block deletion ACK from datanode, TXIDs=52, success=true
2021-08-10 12:16:29,205 [EventQueue-DeleteBlockStatusForDeletedBlockLogImpl] DEBUG block.DeletedBlockLogImpl (DeletedBlockLogImpl.java:commitTransactions(224)) - Transaction txId=52 commit by dnId=01235482-5c07-4b37-86e9-3192ec4df84f for containerID=#52 failed. Corresponding entry not found.
2021-08-10 12:16:29,205 [EventQueue-DeleteBlockStatusForDeletedBlockLogImpl] DEBUG block.DeletedBlockLogImpl (DeletedBlockLogImpl.java:isTransactionFailed(278)) - Got block deletion ACK from datanode, TXIDs=53, success=true
2021-08-10 12:16:29,205 [EventQueue-DeleteBlockStatusForDeletedBlockLogImpl] DEBUG block.DeletedBlockLogImpl (DeletedBlockLogImpl.java:commitTransactions(224)) - Transaction txId=53 commit by dnId=01235482-5c07-4b37-86e9-3192ec4df84f for containerID=#53 failed. Corresponding entry not found.
2021-08-10 12:16:29,205 [EventQueue-DeleteBlockStatusForDeletedBlockLogImpl] DEBUG block.DeletedBlockLogImpl (DeletedBlockLogImpl.java:isTransactionFailed(278)) - Got block deletion ACK from datanode, TXIDs=54, success=true
2021-08-10 12:16:29,205 [EventQueue-DeleteBlockStatusForDeletedBlockLogImpl] DEBUG block.DeletedBlockLogImpl (DeletedBlockLogImpl.java:commitTransactions(224)) - Transaction txId=54 commit by dnId=01235482-5c07-4b37-86e9-3192ec4df84f for containerID=#54 failed. Corresponding entry not found.
2021-08-10 12:16:29,205 [EventQueue-DeleteBlockStatusForDeletedBlockLogImpl] DEBUG block.DeletedBlockLogImpl (DeletedBlockLogImpl.java:isTransactionFailed(278)) - Got block deletion ACK from datanode, TXIDs=55, success=true
2021-08-10 12:16:29,205 [EventQueue-DeleteBlockStatusForDeletedBlockLogImpl] DEBUG block.DeletedBlockLogImpl (DeletedBlockLogImpl.java:commitTransactions(224)) - Transaction txId=55 commit by dnId=01235482-5c07-4b37-86e9-3192ec4df84f for containerID=#55 failed. Corresponding entry not found.
2021-08-10 12:16:29,205 [EventQueue-DeleteBlockStatusForDeletedBlockLogImpl] DEBUG block.DeletedBlockLogImpl (DeletedBlockLogImpl.java:isTransactionFailed(278)) - Got block deletion ACK from datanode, TXIDs=56, success=true
2021-08-10 12:16:29,205 [EventQueue-DeleteBlockStatusForDeletedBlockLogImpl] DEBUG block.DeletedBlockLogImpl (DeletedBlockLogImpl.java:commitTransactions(224)) - Transaction txId=56 commit by dnId=01235482-5c07-4b37-86e9-3192ec4df84f for containerID=#56 failed. Corresponding entry not found.
2021-08-10 12:16:29,205 [EventQueue-DeleteBlockStatusForDeletedBlockLogImpl] DEBUG block.DeletedBlockLogImpl (DeletedBlockLogImpl.java:isTransactionFailed(278)) - Got block deletion ACK from datanode, TXIDs=1, success=true
2021-08-10 12:16:29,205 [EventQueue-DeleteBlockStatusForDeletedBlockLogImpl] DEBUG block.DeletedBlockLogImpl (DeletedBlockLogImpl.java:commitTransactions(224)) - Transaction txId=1 commit by dnId=01235482-5c07-4b37-86e9-3192ec4df84f for containerID=#1 failed. Corresponding entry not found.
2021-08-10 12:16:29,205 [EventQueue-DeleteBlockStatusForDeletedBlockLogImpl] DEBUG block.DeletedBlockLogImpl (DeletedBlockLogImpl.java:isTransactionFailed(278)) - Got block deletion ACK from datanode, TXIDs=2, success=true
2021-08-10 12:16:29,205 [EventQueue-DeleteBlockStatusForDeletedBlockLogImpl] DEBUG block.DeletedBlockLogImpl (DeletedBlockLogImpl.java:commitTransactions(224)) - Transaction txId=2 commit by dnId=01235482-5c07-4b37-86e9-3192ec4df84f for containerID=#2 failed. Corresponding entry not found.
2021-08-10 12:16:29,205 [EventQueue-DeleteBlockStatusForDeletedBlockLogImpl] DEBUG block.DeletedBlockLogImpl (DeletedBlockLogImpl.java:isTransactionFailed(278)) - Got block deletion ACK from datanode, TXIDs=3, success=true
2021-08-10 12:16:29,205 [EventQueue-DeleteBlockStatusForDeletedBlockLogImpl] DEBUG block.DeletedBlockLogImpl (DeletedBlockLogImpl.java:commitTransactions(224)) - Transaction txId=3 commit by dnId=01235482-5c07-4b37-86e9-3192ec4df84f for containerID=#3 failed. Corresponding entry not found.
2021-08-10 12:16:29,205 [EventQueue-DeleteBlockStatusForDeletedBlockLogImpl] DEBUG block.DeletedBlockLogImpl (DeletedBlockLogImpl.java:isTransactionFailed(278)) - Got block deletion ACK from datanode, TXIDs=4, success=true
2021-08-10 12:16:29,205 [EventQueue-DeleteBlockStatusForDeletedBlockLogImpl] DEBUG block.DeletedBlockLogImpl (DeletedBlockLogImpl.java:commitTransactions(224)) - Transaction txId=4 commit by dnId=01235482-5c07-4b37-86e9-3192ec4df84f for containerID=#4 failed. Corresponding entry not found.
2021-08-10 12:16:29,206 [EventQueue-DeleteBlockStatusForDeletedBlockLogImpl] DEBUG block.DeletedBlockLogImpl (DeletedBlockLogImpl.java:isTransactionFailed(278)) - Got block deletion ACK from datanode, TXIDs=5, success=true
2021-08-10 12:16:29,206 [EventQueue-DeleteBlockStatusForDeletedBlockLogImpl] DEBUG block.DeletedBlockLogImpl (DeletedBlockLogImpl.java:commitTransactions(224)) - Transaction txId=5 commit by dnId=01235482-5c07-4b37-86e9-3192ec4df84f for containerID=#5 failed. Corresponding entry not found.
2021-08-10 12:16:29,206 [EventQueue-DeleteBlockStatusForDeletedBlockLogImpl] DEBUG block.DeletedBlockLogImpl (DeletedBlockLogImpl.java:isTransactionFailed(278)) - Got block deletion ACK from datanode, TXIDs=6, success=true
2021-08-10 12:16:29,206 [EventQueue-DeleteBlockStatusForDeletedBlockLogImpl] DEBUG block.DeletedBlockLogImpl (DeletedBlockLogImpl.java:commitTransactions(224)) - Transaction txId=6 commit by dnId=01235482-5c07-4b37-86e9-3192ec4df84f for containerID=#6 failed. Corresponding entry not found.
2021-08-10 12:16:29,206 [EventQueue-DeleteBlockStatusForDeletedBlockLogImpl] DEBUG block.DeletedBlockLogImpl (DeletedBlockLogImpl.java:isTransactionFailed(278)) - Got block deletion ACK from datanode, TXIDs=7, success=true
2021-08-10 12:16:29,206 [EventQueue-DeleteBlockStatusForDeletedBlockLogImpl] DEBUG block.DeletedBlockLogImpl (DeletedBlockLogImpl.java:commitTransactions(224)) - Transaction txId=7 commit by dnId=01235482-5c07-4b37-86e9-3192ec4df84f for containerID=#7 failed. Corresponding entry not found.
2021-08-10 12:16:29,206 [EventQueue-DeleteBlockStatusForDeletedBlockLogImpl] DEBUG block.DeletedBlockLogImpl (DeletedBlockLogImpl.java:isTransactionFailed(278)) - Got block deletion ACK from datanode, TXIDs=8, success=true
2021-08-10 12:16:29,206 [EventQueue-DeleteBlockStatusForDeletedBlockLogImpl] DEBUG block.DeletedBlockLogImpl (DeletedBlockLogImpl.java:commitTransactions(224)) - Transaction txId=8 commit by dnId=01235482-5c07-4b37-86e9-3192ec4df84f for containerID=#8 failed. Corresponding entry not found.
2021-08-10 12:16:29,206 [EventQueue-DeleteBlockStatusForDeletedBlockLogImpl] DEBUG block.DeletedBlockLogImpl (DeletedBlockLogImpl.java:isTransactionFailed(278)) - Got block deletion ACK from datanode, TXIDs=9, success=true
2021-08-10 12:16:29,206 [EventQueue-DeleteBlockStatusForDeletedBlockLogImpl] DEBUG block.DeletedBlockLogImpl (DeletedBlockLogImpl.java:commitTransactions(224)) - Transaction txId=9 commit by dnId=01235482-5c07-4b37-86e9-3192ec4df84f for containerID=#9 failed. Corresponding entry not found.
2021-08-10 12:16:29,206 [EventQueue-DeleteBlockStatusForDeletedBlockLogImpl] DEBUG block.DeletedBlockLogImpl (DeletedBlockLogImpl.java:isTransactionFailed(278)) - Got block deletion ACK from datanode, TXIDs=10, success=true
2021-08-10 12:16:29,206 [EventQueue-DeleteBlockStatusForDeletedBlockLogImpl] DEBUG block.DeletedBlockLogImpl (DeletedBlockLogImpl.java:commitTransactions(224)) - Transaction txId=10 commit by dnId=01235482-5c07-4b37-86e9-3192ec4df84f for containerID=#10 failed. Corresponding entry not found.
2021-08-10 12:16:29,206 [EventQueue-DeleteBlockStatusForDeletedBlockLogImpl] DEBUG block.DeletedBlockLogImpl (DeletedBlockLogImpl.java:isTransactionFailed(278)) - Got block deletion ACK from datanode, TXIDs=11, success=true
2021-08-10 12:16:29,206 [EventQueue-DeleteBlockStatusForDeletedBlockLogImpl] DEBUG block.DeletedBlockLogImpl (DeletedBlockLogImpl.java:commitTransactions(224)) - Transaction txId=11 commit by dnId=01235482-5c07-4b37-86e9-3192ec4df84f for containerID=#11 failed. Corresponding entry not found.
2021-08-10 12:16:29,206 [EventQueue-DeleteBlockStatusForDeletedBlockLogImpl] DEBUG block.DeletedBlockLogImpl (DeletedBlockLogImpl.java:isTransactionFailed(278)) - Got block deletion ACK from datanode, TXIDs=12, success=true
2021-08-10 12:16:29,206 [EventQueue-DeleteBlockStatusForDeletedBlockLogImpl] DEBUG block.DeletedBlockLogImpl (DeletedBlockLogImpl.java:commitTransactions(224)) - Transaction txId=12 commit by dnId=01235482-5c07-4b37-86e9-3192ec4df84f for containerID=#12 failed. Corresponding entry not found.
2021-08-10 12:16:29,206 [EventQueue-DeleteBlockStatusForDeletedBlockLogImpl] DEBUG block.DeletedBlockLogImpl (DeletedBlockLogImpl.java:isTransactionFailed(278)) - Got block deletion ACK from datanode, TXIDs=13, success=true
2021-08-10 12:16:29,206 [EventQueue-DeleteBlockStatusForDeletedBlockLogImpl] DEBUG block.DeletedBlockLogImpl (DeletedBlockLogImpl.java:commitTransactions(224)) - Transaction txId=13 commit by dnId=01235482-5c07-4b37-86e9-3192ec4df84f for containerID=#13 failed. Corresponding entry not found.
2021-08-10 12:16:29,206 [EventQueue-DeleteBlockStatusForDeletedBlockLogImpl] DEBUG block.DeletedBlockLogImpl (DeletedBlockLogImpl.java:isTransactionFailed(278)) - Got block deletion ACK from datanode, TXIDs=14, success=true
2021-08-10 12:16:29,206 [EventQueue-DeleteBlockStatusForDeletedBlockLogImpl] DEBUG block.DeletedBlockLogImpl (DeletedBlockLogImpl.java:commitTransactions(224)) - Transaction txId=14 commit by dnId=01235482-5c07-4b37-86e9-3192ec4df84f for containerID=#14 failed. Corresponding entry not found.
2021-08-10 12:16:29,206 [EventQueue-DeleteBlockStatusForDeletedBlockLogImpl] DEBUG block.DeletedBlockLogImpl (DeletedBlockLogImpl.java:isTransactionFailed(278)) - Got block deletion ACK from datanode, TXIDs=15, success=true
2021-08-10 12:16:29,206 [EventQueue-DeleteBlockStatusForDeletedBlockLogImpl] DEBUG block.DeletedBlockLogImpl (DeletedBlockLogImpl.java:commitTransactions(224)) - Transaction txId=15 commit by dnId=01235482-5c07-4b37-86e9-3192ec4df84f for containerID=#15 failed. Corresponding entry not found.
2021-08-10 12:16:29,206 [EventQueue-DeleteBlockStatusForDeletedBlockLogImpl] DEBUG block.DeletedBlockLogImpl (DeletedBlockLogImpl.java:isTransactionFailed(278)) - Got block deletion ACK from datanode, TXIDs=16, success=true
2021-08-10 12:16:29,206 [EventQueue-DeleteBlockStatusForDeletedBlockLogImpl] DEBUG block.DeletedBlockLogImpl (DeletedBlockLogImpl.java:commitTransactions(224)) - Transaction txId=16 commit by dnId=01235482-5c07-4b37-86e9-3192ec4df84f for containerID=#16 failed. Corresponding entry not found.
2021-08-10 12:16:29,206 [EventQueue-DeleteBlockStatusForDeletedBlockLogImpl] DEBUG block.DeletedBlockLogImpl (DeletedBlockLogImpl.java:isTransactionFailed(278)) - Got block deletion ACK from datanode, TXIDs=17, success=true
2021-08-10 12:16:29,206 [EventQueue-DeleteBlockStatusForDeletedBlockLogImpl] DEBUG block.DeletedBlockLogImpl (DeletedBlockLogImpl.java:commitTransactions(224)) - Transaction txId=17 commit by dnId=01235482-5c07-4b37-86e9-3192ec4df84f for containerID=#17 failed. Corresponding entry not found.
2021-08-10 12:16:29,206 [EventQueue-DeleteBlockStatusForDeletedBlockLogImpl] DEBUG block.DeletedBlockLogImpl (DeletedBlockLogImpl.java:isTransactionFailed(278)) - Got block deletion ACK from datanode, TXIDs=18, success=true
2021-08-10 12:16:29,206 [EventQueue-DeleteBlockStatusForDeletedBlockLogImpl] DEBUG block.DeletedBlockLogImpl (DeletedBlockLogImpl.java:commitTransactions(224)) - Transaction txId=18 commit by dnId=01235482-5c07-4b37-86e9-3192ec4df84f for containerID=#18 failed. Corresponding entry not found.
2021-08-10 12:16:29,206 [EventQueue-DeleteBlockStatusForDeletedBlockLogImpl] DEBUG block.DeletedBlockLogImpl (DeletedBlockLogImpl.java:isTransactionFailed(278)) - Got block deletion ACK from datanode, TXIDs=19, success=true
2021-08-10 12:16:29,206 [EventQueue-DeleteBlockStatusForDeletedBlockLogImpl] DEBUG block.DeletedBlockLogImpl (DeletedBlockLogImpl.java:commitTransactions(224)) - Transaction txId=19 commit by dnId=01235482-5c07-4b37-86e9-3192ec4df84f for containerID=#19 failed. Corresponding entry not found.
2021-08-10 12:16:29,206 [EventQueue-DeleteBlockStatusForDeletedBlockLogImpl] DEBUG block.DeletedBlockLogImpl (DeletedBlockLogImpl.java:isTransactionFailed(278)) - Got block deletion ACK from datanode, TXIDs=20, success=true
2021-08-10 12:16:29,206 [EventQueue-DeleteBlockStatusForDeletedBlockLogImpl] DEBUG block.DeletedBlockLogImpl (DeletedBlockLogImpl.java:commitTransactions(224)) - Transaction txId=20 commit by dnId=01235482-5c07-4b37-86e9-3192ec4df84f for containerID=#20 failed. Corresponding entry not found.
2021-08-10 12:16:29,206 [EventQueue-DeleteBlockStatusForDeletedBlockLogImpl] DEBUG block.DeletedBlockLogImpl (DeletedBlockLogImpl.java:isTransactionFailed(278)) - Got block deletion ACK from datanode, TXIDs=21, success=true
2021-08-10 12:16:29,206 [EventQueue-DeleteBlockStatusForDeletedBlockLogImpl] DEBUG block.DeletedBlockLogImpl (DeletedBlockLogImpl.java:commitTransactions(224)) - Transaction txId=21 commit by dnId=01235482-5c07-4b37-86e9-3192ec4df84f for containerID=#21 failed. Corresponding entry not found.
2021-08-10 12:16:29,206 [EventQueue-DeleteBlockStatusForDeletedBlockLogImpl] DEBUG block.DeletedBlockLogImpl (DeletedBlockLogImpl.java:isTransactionFailed(278)) - Got block deletion ACK from datanode, TXIDs=22, success=true
2021-08-10 12:16:29,206 [EventQueue-DeleteBlockStatusForDeletedBlockLogImpl] DEBUG block.DeletedBlockLogImpl (DeletedBlockLogImpl.java:commitTransactions(224)) - Transaction txId=22 commit by dnId=01235482-5c07-4b37-86e9-3192ec4df84f for containerID=#22 failed. Corresponding entry not found.
2021-08-10 12:16:29,206 [EventQueue-DeleteBlockStatusForDeletedBlockLogImpl] DEBUG block.DeletedBlockLogImpl (DeletedBlockLogImpl.java:isTransactionFailed(278)) - Got block deletion ACK from datanode, TXIDs=23, success=true
2021-08-10 12:16:29,206 [EventQueue-DeleteBlockStatusForDeletedBlockLogImpl] DEBUG block.DeletedBlockLogImpl (DeletedBlockLogImpl.java:commitTransactions(224)) - Transaction txId=23 commit by dnId=01235482-5c07-4b37-86e9-3192ec4df84f for containerID=#23 failed. Corresponding entry not found.
2021-08-10 12:16:29,206 [EventQueue-DeleteBlockStatusForDeletedBlockLogImpl] DEBUG block.DeletedBlockLogImpl (DeletedBlockLogImpl.java:isTransactionFailed(278)) - Got block deletion ACK from datanode, TXIDs=24, success=true
2021-08-10 12:16:29,206 [EventQueue-DeleteBlockStatusForDeletedBlockLogImpl] DEBUG block.DeletedBlockLogImpl (DeletedBlockLogImpl.java:commitTransactions(224)) - Transaction txId=24 commit by dnId=01235482-5c07-4b37-86e9-3192ec4df84f for containerID=#24 failed. Corresponding entry not found.
2021-08-10 12:16:29,206 [EventQueue-DeleteBlockStatusForDeletedBlockLogImpl] DEBUG block.DeletedBlockLogImpl (DeletedBlockLogImpl.java:isTransactionFailed(278)) - Got block deletion ACK from datanode, TXIDs=25, success=true
2021-08-10 12:16:29,206 [EventQueue-DeleteBlockStatusForDeletedBlockLogImpl] DEBUG block.DeletedBlockLogImpl (DeletedBlockLogImpl.java:commitTransactions(224)) - Transaction txId=25 commit by dnId=01235482-5c07-4b37-86e9-3192ec4df84f for containerID=#25 failed. Corresponding entry not found.
2021-08-10 12:16:29,206 [EventQueue-DeleteBlockStatusForDeletedBlockLogImpl] DEBUG block.DeletedBlockLogImpl (DeletedBlockLogImpl.java:isTransactionFailed(278)) - Got block deletion ACK from datanode, TXIDs=26, success=true
2021-08-10 12:16:29,206 [EventQueue-DeleteBlockStatusForDeletedBlockLogImpl] DEBUG block.DeletedBlockLogImpl (DeletedBlockLogImpl.java:commitTransactions(224)) - Transaction txId=26 commit by dnId=01235482-5c07-4b37-86e9-3192ec4df84f for containerID=#26 failed. Corresponding entry not found.
2021-08-10 12:16:29,206 [EventQueue-DeleteBlockStatusForDeletedBlockLogImpl] DEBUG block.DeletedBlockLogImpl (DeletedBlockLogImpl.java:isTransactionFailed(278)) - Got block deletion ACK from datanode, TXIDs=27, success=true
2021-08-10 12:16:29,206 [EventQueue-DeleteBlockStatusForDeletedBlockLogImpl] DEBUG block.DeletedBlockLogImpl (DeletedBlockLogImpl.java:commitTransactions(224)) - Transaction txId=27 commit by dnId=01235482-5c07-4b37-86e9-3192ec4df84f for containerID=#27 failed. Corresponding entry not found.
2021-08-10 12:16:29,206 [EventQueue-DeleteBlockStatusForDeletedBlockLogImpl] DEBUG block.DeletedBlockLogImpl (DeletedBlockLogImpl.java:isTransactionFailed(278)) - Got block deletion ACK from datanode, TXIDs=28, success=true
2021-08-10 12:16:29,206 [EventQueue-DeleteBlockStatusForDeletedBlockLogImpl] DEBUG block.DeletedBlockLogImpl (DeletedBlockLogImpl.java:commitTransactions(224)) - Transaction txId=28 commit by dnId=01235482-5c07-4b37-86e9-3192ec4df84f for containerID=#28 failed. Corresponding entry not found.
2021-08-10 12:16:29,206 [EventQueue-DeleteBlockStatusForDeletedBlockLogImpl] DEBUG block.DeletedBlockLogImpl (DeletedBlockLogImpl.java:isTransactionFailed(278)) - Got block deletion ACK from datanode, TXIDs=29, success=true
2021-08-10 12:16:29,206 [EventQueue-DeleteBlockStatusForDeletedBlockLogImpl] DEBUG block.DeletedBlockLogImpl (DeletedBlockLogImpl.java:commitTransactions(224)) - Transaction txId=29 commit by dnId=01235482-5c07-4b37-86e9-3192ec4df84f for containerID=#29 failed. Corresponding entry not found.
2021-08-10 12:16:29,206 [EventQueue-DeleteBlockStatusForDeletedBlockLogImpl] DEBUG block.DeletedBlockLogImpl (DeletedBlockLogImpl.java:isTransactionFailed(278)) - Got block deletion ACK from datanode, TXIDs=30, success=true
2021-08-10 12:16:29,206 [EventQueue-DeleteBlockStatusForDeletedBlockLogImpl] DEBUG block.DeletedBlockLogImpl (DeletedBlockLogImpl.java:commitTransactions(224)) - Transaction txId=30 commit by dnId=01235482-5c07-4b37-86e9-3192ec4df84f for containerID=#30 failed. Corresponding entry not found.
2021-08-10 12:16:29,207 [EventQueue-DeleteBlockStatusForDeletedBlockLogImpl] DEBUG block.DeletedBlockLogImpl (DeletedBlockLogImpl.java:isTransactionFailed(278)) - Got block deletion ACK from datanode, TXIDs=31, success=true
2021-08-10 12:16:29,207 [EventQueue-DeleteBlockStatusForDeletedBlockLogImpl] DEBUG block.DeletedBlockLogImpl (DeletedBlockLogImpl.java:commitTransactions(224)) - Transaction txId=31 commit by dnId=01235482-5c07-4b37-86e9-3192ec4df84f for containerID=#31 failed. Corresponding entry not found.
2021-08-10 12:16:29,207 [EventQueue-DeleteBlockStatusForDeletedBlockLogImpl] DEBUG block.DeletedBlockLogImpl (DeletedBlockLogImpl.java:isTransactionFailed(278)) - Got block deletion ACK from datanode, TXIDs=32, success=true
2021-08-10 12:16:29,207 [EventQueue-DeleteBlockStatusForDeletedBlockLogImpl] DEBUG block.DeletedBlockLogImpl (DeletedBlockLogImpl.java:commitTransactions(224)) - Transaction txId=32 commit by dnId=01235482-5c07-4b37-86e9-3192ec4df84f for containerID=#32 failed. Corresponding entry not found.
2021-08-10 12:16:29,207 [EventQueue-DeleteBlockStatusForDeletedBlockLogImpl] DEBUG block.DeletedBlockLogImpl (DeletedBlockLogImpl.java:isTransactionFailed(278)) - Got block deletion ACK from datanode, TXIDs=33, success=true
2021-08-10 12:16:29,207 [EventQueue-DeleteBlockStatusForDeletedBlockLogImpl] DEBUG block.DeletedBlockLogImpl (DeletedBlockLogImpl.java:commitTransactions(224)) - Transaction txId=33 commit by dnId=01235482-5c07-4b37-86e9-3192ec4df84f for containerID=#33 failed. Corresponding entry not found.
2021-08-10 12:16:29,207 [EventQueue-DeleteBlockStatusForDeletedBlockLogImpl] DEBUG block.DeletedBlockLogImpl (DeletedBlockLogImpl.java:isTransactionFailed(278)) - Got block deletion ACK from datanode, TXIDs=34, success=true
2021-08-10 12:16:29,207 [EventQueue-DeleteBlockStatusForDeletedBlockLogImpl] DEBUG block.DeletedBlockLogImpl (DeletedBlockLogImpl.java:commitTransactions(224)) - Transaction txId=34 commit by dnId=01235482-5c07-4b37-86e9-3192ec4df84f for containerID=#34 failed. Corresponding entry not found.
2021-08-10 12:16:29,207 [EventQueue-DeleteBlockStatusForDeletedBlockLogImpl] DEBUG block.DeletedBlockLogImpl (DeletedBlockLogImpl.java:isTransactionFailed(278)) - Got block deletion ACK from datanode, TXIDs=35, success=true
2021-08-10 12:16:29,207 [EventQueue-DeleteBlockStatusForDeletedBlockLogImpl] DEBUG block.DeletedBlockLogImpl (DeletedBlockLogImpl.java:commitTransactions(224)) - Transaction txId=35 commit by dnId=01235482-5c07-4b37-86e9-3192ec4df84f for containerID=#35 failed. Corresponding entry not found.
2021-08-10 12:16:29,207 [EventQueue-DeleteBlockStatusForDeletedBlockLogImpl] DEBUG block.DeletedBlockLogImpl (DeletedBlockLogImpl.java:isTransactionFailed(278)) - Got block deletion ACK from datanode, TXIDs=36, success=true
2021-08-10 12:16:29,207 [EventQueue-DeleteBlockStatusForDeletedBlockLogImpl] DEBUG block.DeletedBlockLogImpl (DeletedBlockLogImpl.java:commitTransactions(224)) - Transaction txId=36 commit by dnId=01235482-5c07-4b37-86e9-3192ec4df84f for containerID=#36 failed. Corresponding entry not found.
2021-08-10 12:16:29,207 [EventQueue-DeleteBlockStatusForDeletedBlockLogImpl] DEBUG block.DeletedBlockLogImpl (DeletedBlockLogImpl.java:isTransactionFailed(278)) - Got block deletion ACK from datanode, TXIDs=37, success=true
2021-08-10 12:16:29,207 [EventQueue-DeleteBlockStatusForDeletedBlockLogImpl] DEBUG block.DeletedBlockLogImpl (DeletedBlockLogImpl.java:commitTransactions(224)) - Transaction txId=37 commit by dnId=01235482-5c07-4b37-86e9-3192ec4df84f for containerID=#37 failed. Corresponding entry not found.
2021-08-10 12:16:29,207 [EventQueue-DeleteBlockStatusForDeletedBlockLogImpl] DEBUG block.DeletedBlockLogImpl (DeletedBlockLogImpl.java:isTransactionFailed(278)) - Got block deletion ACK from datanode, TXIDs=38, success=true
2021-08-10 12:16:29,207 [EventQueue-DeleteBlockStatusForDeletedBlockLogImpl] DEBUG block.DeletedBlockLogImpl (DeletedBlockLogImpl.java:commitTransactions(224)) - Transaction txId=38 commit by dnId=01235482-5c07-4b37-86e9-3192ec4df84f for containerID=#38 failed. Corresponding entry not found.
2021-08-10 12:16:29,207 [EventQueue-DeleteBlockStatusForDeletedBlockLogImpl] DEBUG block.DeletedBlockLogImpl (DeletedBlockLogImpl.java:isTransactionFailed(278)) - Got block deletion ACK from datanode, TXIDs=39, success=true
2021-08-10 12:16:29,207 [EventQueue-DeleteBlockStatusForDeletedBlockLogImpl] DEBUG block.DeletedBlockLogImpl (DeletedBlockLogImpl.java:commitTransactions(224)) - Transaction txId=39 commit by dnId=01235482-5c07-4b37-86e9-3192ec4df84f for containerID=#39 failed. Corresponding entry not found.
2021-08-10 12:16:29,207 [EventQueue-DeleteBlockStatusForDeletedBlockLogImpl] DEBUG block.DeletedBlockLogImpl (DeletedBlockLogImpl.java:isTransactionFailed(278)) - Got block deletion ACK from datanode, TXIDs=40, success=true
2021-08-10 12:16:29,207 [EventQueue-DeleteBlockStatusForDeletedBlockLogImpl] DEBUG block.DeletedBlockLogImpl (DeletedBlockLogImpl.java:commitTransactions(224)) - Transaction txId=40 commit by dnId=01235482-5c07-4b37-86e9-3192ec4df84f for containerID=#40 failed. Corresponding entry not found.
2021-08-10 12:16:29,207 [EventQueue-DeleteBlockStatusForDeletedBlockLogImpl] DEBUG block.DeletedBlockLogImpl (DeletedBlockLogImpl.java:isTransactionFailed(278)) - Got block deletion ACK from datanode, TXIDs=41, success=true
2021-08-10 12:16:29,207 [EventQueue-DeleteBlockStatusForDeletedBlockLogImpl] DEBUG block.DeletedBlockLogImpl (DeletedBlockLogImpl.java:commitTransactions(224)) - Transaction txId=41 commit by dnId=01235482-5c07-4b37-86e9-3192ec4df84f for containerID=#41 failed. Corresponding entry not found.
2021-08-10 12:16:29,207 [EventQueue-DeleteBlockStatusForDeletedBlockLogImpl] DEBUG block.DeletedBlockLogImpl (DeletedBlockLogImpl.java:isTransactionFailed(278)) - Got block deletion ACK from datanode, TXIDs=42, success=true
2021-08-10 12:16:29,207 [EventQueue-DeleteBlockStatusForDeletedBlockLogImpl] DEBUG block.DeletedBlockLogImpl (DeletedBlockLogImpl.java:commitTransactions(224)) - Transaction txId=42 commit by dnId=01235482-5c07-4b37-86e9-3192ec4df84f for containerID=#42 failed. Corresponding entry not found.
2021-08-10 12:16:29,207 [EventQueue-DeleteBlockStatusForDeletedBlockLogImpl] DEBUG block.DeletedBlockLogImpl (DeletedBlockLogImpl.java:isTransactionFailed(278)) - Got block deletion ACK from datanode, TXIDs=43, success=true
2021-08-10 12:16:29,207 [EventQueue-DeleteBlockStatusForDeletedBlockLogImpl] DEBUG block.DeletedBlockLogImpl (DeletedBlockLogImpl.java:commitTransactions(224)) - Transaction txId=43 commit by dnId=01235482-5c07-4b37-86e9-3192ec4df84f for containerID=#43 failed. Corresponding entry not found.
2021-08-10 12:16:29,207 [EventQueue-DeleteBlockStatusForDeletedBlockLogImpl] DEBUG block.DeletedBlockLogImpl (DeletedBlockLogImpl.java:isTransactionFailed(278)) - Got block deletion ACK from datanode, TXIDs=44, success=true
2021-08-10 12:16:29,207 [EventQueue-DeleteBlockStatusForDeletedBlockLogImpl] DEBUG block.DeletedBlockLogImpl (DeletedBlockLogImpl.java:commitTransactions(224)) - Transaction txId=44 commit by dnId=01235482-5c07-4b37-86e9-3192ec4df84f for containerID=#44 failed. Corresponding entry not found.
2021-08-10 12:16:29,207 [EventQueue-DeleteBlockStatusForDeletedBlockLogImpl] DEBUG block.DeletedBlockLogImpl (DeletedBlockLogImpl.java:isTransactionFailed(278)) - Got block deletion ACK from datanode, TXIDs=45, success=true
2021-08-10 12:16:29,207 [EventQueue-DeleteBlockStatusForDeletedBlockLogImpl] DEBUG block.DeletedBlockLogImpl (DeletedBlockLogImpl.java:commitTransactions(224)) - Transaction txId=45 commit by dnId=01235482-5c07-4b37-86e9-3192ec4df84f for containerID=#45 failed. Corresponding entry not found.
2021-08-10 12:16:29,207 [EventQueue-DeleteBlockStatusForDeletedBlockLogImpl] DEBUG block.DeletedBlockLogImpl (DeletedBlockLogImpl.java:isTransactionFailed(278)) - Got block deletion ACK from datanode, TXIDs=46, success=true
2021-08-10 12:16:29,207 [EventQueue-DeleteBlockStatusForDeletedBlockLogImpl] DEBUG block.DeletedBlockLogImpl (DeletedBlockLogImpl.java:commitTransactions(224)) - Transaction txId=46 commit by dnId=01235482-5c07-4b37-86e9-3192ec4df84f for containerID=#46 failed. Corresponding entry not found.
2021-08-10 12:16:29,207 [EventQueue-DeleteBlockStatusForDeletedBlockLogImpl] DEBUG block.DeletedBlockLogImpl (DeletedBlockLogImpl.java:isTransactionFailed(278)) - Got block deletion ACK from datanode, TXIDs=47, success=true
2021-08-10 12:16:29,207 [EventQueue-DeleteBlockStatusForDeletedBlockLogImpl] DEBUG block.DeletedBlockLogImpl (DeletedBlockLogImpl.java:commitTransactions(224)) - Transaction txId=47 commit by dnId=01235482-5c07-4b37-86e9-3192ec4df84f for containerID=#47 failed. Corresponding entry not found.
2021-08-10 12:16:29,207 [EventQueue-DeleteBlockStatusForDeletedBlockLogImpl] DEBUG block.DeletedBlockLogImpl (DeletedBlockLogImpl.java:isTransactionFailed(278)) - Got block deletion ACK from datanode, TXIDs=48, success=true
2021-08-10 12:16:29,207 [EventQueue-DeleteBlockStatusForDeletedBlockLogImpl] DEBUG block.DeletedBlockLogImpl (DeletedBlockLogImpl.java:commitTransactions(224)) - Transaction txId=48 commit by dnId=01235482-5c07-4b37-86e9-3192ec4df84f for containerID=#48 failed. Corresponding entry not found.
2021-08-10 12:16:29,207 [EventQueue-DeleteBlockStatusForDeletedBlockLogImpl] DEBUG block.DeletedBlockLogImpl (DeletedBlockLogImpl.java:isTransactionFailed(278)) - Got block deletion ACK from datanode, TXIDs=49, success=true
2021-08-10 12:16:29,207 [EventQueue-DeleteBlockStatusForDeletedBlockLogImpl] DEBUG block.DeletedBlockLogImpl (DeletedBlockLogImpl.java:commitTransactions(224)) - Transaction txId=49 commit by dnId=01235482-5c07-4b37-86e9-3192ec4df84f for containerID=#49 failed. Corresponding entry not found.
2021-08-10 12:16:29,207 [EventQueue-DeleteBlockStatusForDeletedBlockLogImpl] DEBUG block.DeletedBlockLogImpl (DeletedBlockLogImpl.java:isTransactionFailed(278)) - Got block deletion ACK from datanode, TXIDs=50, success=true
2021-08-10 12:16:29,207 [EventQueue-DeleteBlockStatusForDeletedBlockLogImpl] DEBUG block.DeletedBlockLogImpl (DeletedBlockLogImpl.java:commitTransactions(224)) - Transaction txId=50 commit by dnId=01235482-5c07-4b37-86e9-3192ec4df84f for containerID=#50 failed. Corresponding entry not found.
2021-08-10 12:16:29,207 [EventQueue-DeleteBlockStatusForDeletedBlockLogImpl] DEBUG block.DeletedBlockLogImpl (DeletedBlockLogImpl.java:isTransactionFailed(278)) - Got block deletion ACK from datanode, TXIDs=51, success=true
2021-08-10 12:16:29,207 [EventQueue-DeleteBlockStatusForDeletedBlockLogImpl] DEBUG block.DeletedBlockLogImpl (DeletedBlockLogImpl.java:commitTransactions(224)) - Transaction txId=51 commit by dnId=01235482-5c07-4b37-86e9-3192ec4df84f for containerID=#51 failed. Corresponding entry not found.
2021-08-10 12:16:29,207 [EventQueue-DeleteBlockStatusForDeletedBlockLogImpl] DEBUG block.DeletedBlockLogImpl (DeletedBlockLogImpl.java:isTransactionFailed(278)) - Got block deletion ACK from datanode, TXIDs=52, success=true
2021-08-10 12:16:29,207 [EventQueue-DeleteBlockStatusForDeletedBlockLogImpl] DEBUG block.DeletedBlockLogImpl (DeletedBlockLogImpl.java:commitTransactions(224)) - Transaction txId=52 commit by dnId=01235482-5c07-4b37-86e9-3192ec4df84f for containerID=#52 failed. Corresponding entry not found.
2021-08-10 12:16:29,207 [EventQueue-DeleteBlockStatusForDeletedBlockLogImpl] DEBUG block.DeletedBlockLogImpl (DeletedBlockLogImpl.java:isTransactionFailed(278)) - Got block deletion ACK from datanode, TXIDs=53, success=true
2021-08-10 12:16:29,207 [EventQueue-DeleteBlockStatusForDeletedBlockLogImpl] DEBUG block.DeletedBlockLogImpl (DeletedBlockLogImpl.java:commitTransactions(224)) - Transaction txId=53 commit by dnId=01235482-5c07-4b37-86e9-3192ec4df84f for containerID=#53 failed. Corresponding entry not found.
2021-08-10 12:16:29,207 [EventQueue-DeleteBlockStatusForDeletedBlockLogImpl] DEBUG block.DeletedBlockLogImpl (DeletedBlockLogImpl.java:isTransactionFailed(278)) - Got block deletion ACK from datanode, TXIDs=54, success=true
2021-08-10 12:16:29,207 [EventQueue-DeleteBlockStatusForDeletedBlockLogImpl] DEBUG block.DeletedBlockLogImpl (DeletedBlockLogImpl.java:commitTransactions(224)) - Transaction txId=54 commit by dnId=01235482-5c07-4b37-86e9-3192ec4df84f for containerID=#54 failed. Corresponding entry not found.
2021-08-10 12:16:29,208 [EventQueue-DeleteBlockStatusForDeletedBlockLogImpl] DEBUG block.DeletedBlockLogImpl (DeletedBlockLogImpl.java:isTransactionFailed(278)) - Got block deletion ACK from datanode, TXIDs=55, success=true
2021-08-10 12:16:29,209 [EventQueue-DeleteBlockStatusForDeletedBlockLogImpl] DEBUG block.DeletedBlockLogImpl (DeletedBlockLogImpl.java:commitTransactions(224)) - Transaction txId=55 commit by dnId=01235482-5c07-4b37-86e9-3192ec4df84f for containerID=#55 failed. Corresponding entry not found.
2021-08-10 12:16:29,209 [EventQueue-DeleteBlockStatusForDeletedBlockLogImpl] DEBUG block.DeletedBlockLogImpl (DeletedBlockLogImpl.java:isTransactionFailed(278)) - Got block deletion ACK from datanode, TXIDs=56, success=true
2021-08-10 12:16:29,209 [EventQueue-DeleteBlockStatusForDeletedBlockLogImpl] DEBUG block.DeletedBlockLogImpl (DeletedBlockLogImpl.java:commitTransactions(224)) - Transaction txId=56 commit by dnId=01235482-5c07-4b37-86e9-3192ec4df84f for containerID=#56 failed. Corresponding entry not found.
2021-08-10 12:16:29,209 [EventQueue-DeleteBlockStatusForDeletedBlockLogImpl] DEBUG block.DeletedBlockLogImpl (DeletedBlockLogImpl.java:isTransactionFailed(278)) - Got block deletion ACK from datanode, TXIDs=1, success=true
2021-08-10 12:16:29,209 [EventQueue-DeleteBlockStatusForDeletedBlockLogImpl] DEBUG block.DeletedBlockLogImpl (DeletedBlockLogImpl.java:commitTransactions(224)) - Transaction txId=1 commit by dnId=01235482-5c07-4b37-86e9-3192ec4df84f for containerID=#1 failed. Corresponding entry not found.
2021-08-10 12:16:29,209 [EventQueue-DeleteBlockStatusForDeletedBlockLogImpl] DEBUG block.DeletedBlockLogImpl (DeletedBlockLogImpl.java:isTransactionFailed(278)) - Got block deletion ACK from datanode, TXIDs=2, success=true
2021-08-10 12:16:29,209 [EventQueue-DeleteBlockStatusForDeletedBlockLogImpl] DEBUG block.DeletedBlockLogImpl (DeletedBlockLogImpl.java:commitTransactions(224)) - Transaction txId=2 commit by dnId=01235482-5c07-4b37-86e9-3192ec4df84f for containerID=#2 failed. Corresponding entry not found.
2021-08-10 12:16:29,209 [EventQueue-DeleteBlockStatusForDeletedBlockLogImpl] DEBUG block.DeletedBlockLogImpl (DeletedBlockLogImpl.java:isTransactionFailed(278)) - Got block deletion ACK from datanode, TXIDs=3, success=true
2021-08-10 12:16:29,209 [EventQueue-DeleteBlockStatusForDeletedBlockLogImpl] DEBUG block.DeletedBlockLogImpl (DeletedBlockLogImpl.java:commitTransactions(224)) - Transaction txId=3 commit by dnId=01235482-5c07-4b37-86e9-3192ec4df84f for containerID=#3 failed. Corresponding entry not found.
2021-08-10 12:16:29,209 [EventQueue-DeleteBlockStatusForDeletedBlockLogImpl] DEBUG block.DeletedBlockLogImpl (DeletedBlockLogImpl.java:isTransactionFailed(278)) - Got block deletion ACK from datanode, TXIDs=4, success=true
2021-08-10 12:16:29,209 [EventQueue-DeleteBlockStatusForDeletedBlockLogImpl] DEBUG block.DeletedBlockLogImpl (DeletedBlockLogImpl.java:commitTransactions(224)) - Transaction txId=4 commit by dnId=01235482-5c07-4b37-86e9-3192ec4df84f for containerID=#4 failed. Corresponding entry not found.
2021-08-10 12:16:29,209 [EventQueue-DeleteBlockStatusForDeletedBlockLogImpl] DEBUG block.DeletedBlockLogImpl (DeletedBlockLogImpl.java:isTransactionFailed(278)) - Got block deletion ACK from datanode, TXIDs=5, success=true
2021-08-10 12:16:29,209 [EventQueue-DeleteBlockStatusForDeletedBlockLogImpl] DEBUG block.DeletedBlockLogImpl (DeletedBlockLogImpl.java:commitTransactions(224)) - Transaction txId=5 commit by dnId=01235482-5c07-4b37-86e9-3192ec4df84f for containerID=#5 failed. Corresponding entry not found.
2021-08-10 12:16:29,209 [EventQueue-DeleteBlockStatusForDeletedBlockLogImpl] DEBUG block.DeletedBlockLogImpl (DeletedBlockLogImpl.java:isTransactionFailed(278)) - Got block deletion ACK from datanode, TXIDs=6, success=true
2021-08-10 12:16:29,209 [EventQueue-DeleteBlockStatusForDeletedBlockLogImpl] DEBUG block.DeletedBlockLogImpl (DeletedBlockLogImpl.java:commitTransactions(224)) - Transaction txId=6 commit by dnId=01235482-5c07-4b37-86e9-3192ec4df84f for containerID=#6 failed. Corresponding entry not found.
2021-08-10 12:16:29,209 [EventQueue-DeleteBlockStatusForDeletedBlockLogImpl] DEBUG block.DeletedBlockLogImpl (DeletedBlockLogImpl.java:isTransactionFailed(278)) - Got block deletion ACK from datanode, TXIDs=7, success=true
2021-08-10 12:16:29,209 [EventQueue-DeleteBlockStatusForDeletedBlockLogImpl] DEBUG block.DeletedBlockLogImpl (DeletedBlockLogImpl.java:commitTransactions(224)) - Transaction txId=7 commit by dnId=01235482-5c07-4b37-86e9-3192ec4df84f for containerID=#7 failed. Corresponding entry not found.
2021-08-10 12:16:29,209 [EventQueue-DeleteBlockStatusForDeletedBlockLogImpl] DEBUG block.DeletedBlockLogImpl (DeletedBlockLogImpl.java:isTransactionFailed(278)) - Got block deletion ACK from datanode, TXIDs=8, success=true
2021-08-10 12:16:29,209 [EventQueue-DeleteBlockStatusForDeletedBlockLogImpl] DEBUG block.DeletedBlockLogImpl (DeletedBlockLogImpl.java:commitTransactions(224)) - Transaction txId=8 commit by dnId=01235482-5c07-4b37-86e9-3192ec4df84f for containerID=#8 failed. Corresponding entry not found.
2021-08-10 12:16:29,209 [EventQueue-DeleteBlockStatusForDeletedBlockLogImpl] DEBUG block.DeletedBlockLogImpl (DeletedBlockLogImpl.java:isTransactionFailed(278)) - Got block deletion ACK from datanode, TXIDs=9, success=true
2021-08-10 12:16:29,209 [EventQueue-DeleteBlockStatusForDeletedBlockLogImpl] DEBUG block.DeletedBlockLogImpl (DeletedBlockLogImpl.java:commitTransactions(224)) - Transaction txId=9 commit by dnId=01235482-5c07-4b37-86e9-3192ec4df84f for containerID=#9 failed. Corresponding entry not found.
2021-08-10 12:16:29,209 [EventQueue-DeleteBlockStatusForDeletedBlockLogImpl] DEBUG block.DeletedBlockLogImpl (DeletedBlockLogImpl.java:isTransactionFailed(278)) - Got block deletion ACK from datanode, TXIDs=10, success=true
2021-08-10 12:16:29,209 [EventQueue-DeleteBlockStatusForDeletedBlockLogImpl] DEBUG block.DeletedBlockLogImpl (DeletedBlockLogImpl.java:commitTransactions(224)) - Transaction txId=10 commit by dnId=01235482-5c07-4b37-86e9-3192ec4df84f for containerID=#10 failed. Corresponding entry not found.
2021-08-10 12:16:29,209 [EventQueue-DeleteBlockStatusForDeletedBlockLogImpl] DEBUG block.DeletedBlockLogImpl (DeletedBlockLogImpl.java:isTransactionFailed(278)) - Got block deletion ACK from datanode, TXIDs=11, success=true
2021-08-10 12:16:29,209 [EventQueue-DeleteBlockStatusForDeletedBlockLogImpl] DEBUG block.DeletedBlockLogImpl (DeletedBlockLogImpl.java:commitTransactions(224)) - Transaction txId=11 commit by dnId=01235482-5c07-4b37-86e9-3192ec4df84f for containerID=#11 failed. Corresponding entry not found.
2021-08-10 12:16:29,209 [EventQueue-DeleteBlockStatusForDeletedBlockLogImpl] DEBUG block.DeletedBlockLogImpl (DeletedBlockLogImpl.java:isTransactionFailed(278)) - Got block deletion ACK from datanode, TXIDs=12, success=true
2021-08-10 12:16:29,209 [EventQueue-DeleteBlockStatusForDeletedBlockLogImpl] DEBUG block.DeletedBlockLogImpl (DeletedBlockLogImpl.java:commitTransactions(224)) - Transaction txId=12 commit by dnId=01235482-5c07-4b37-86e9-3192ec4df84f for containerID=#12 failed. Corresponding entry not found.
2021-08-10 12:16:29,209 [EventQueue-DeleteBlockStatusForDeletedBlockLogImpl] DEBUG block.DeletedBlockLogImpl (DeletedBlockLogImpl.java:isTransactionFailed(278)) - Got block deletion ACK from datanode, TXIDs=13, success=true
2021-08-10 12:16:29,210 [EventQueue-DeleteBlockStatusForDeletedBlockLogImpl] DEBUG block.DeletedBlockLogImpl (DeletedBlockLogImpl.java:commitTransactions(224)) - Transaction txId=13 commit by dnId=01235482-5c07-4b37-86e9-3192ec4df84f for containerID=#13 failed. Corresponding entry not found.
2021-08-10 12:16:29,210 [EventQueue-DeleteBlockStatusForDeletedBlockLogImpl] DEBUG block.DeletedBlockLogImpl (DeletedBlockLogImpl.java:isTransactionFailed(278)) - Got block deletion ACK from datanode, TXIDs=14, success=true
2021-08-10 12:16:29,210 [EventQueue-DeleteBlockStatusForDeletedBlockLogImpl] DEBUG block.DeletedBlockLogImpl (DeletedBlockLogImpl.java:commitTransactions(224)) - Transaction txId=14 commit by dnId=01235482-5c07-4b37-86e9-3192ec4df84f for containerID=#14 failed. Corresponding entry not found.
2021-08-10 12:16:29,210 [EventQueue-DeleteBlockStatusForDeletedBlockLogImpl] DEBUG block.DeletedBlockLogImpl (DeletedBlockLogImpl.java:isTransactionFailed(278)) - Got block deletion ACK from datanode, TXIDs=15, success=true
2021-08-10 12:16:29,210 [EventQueue-DeleteBlockStatusForDeletedBlockLogImpl] DEBUG block.DeletedBlockLogImpl (DeletedBlockLogImpl.java:commitTransactions(224)) - Transaction txId=15 commit by dnId=01235482-5c07-4b37-86e9-3192ec4df84f for containerID=#15 failed. Corresponding entry not found.
2021-08-10 12:16:29,210 [EventQueue-DeleteBlockStatusForDeletedBlockLogImpl] DEBUG block.DeletedBlockLogImpl (DeletedBlockLogImpl.java:isTransactionFailed(278)) - Got block deletion ACK from datanode, TXIDs=16, success=true
2021-08-10 12:16:29,210 [EventQueue-DeleteBlockStatusForDeletedBlockLogImpl] DEBUG block.DeletedBlockLogImpl (DeletedBlockLogImpl.java:commitTransactions(224)) - Transaction txId=16 commit by dnId=01235482-5c07-4b37-86e9-3192ec4df84f for containerID=#16 failed. Corresponding entry not found.
2021-08-10 12:16:29,210 [EventQueue-DeleteBlockStatusForDeletedBlockLogImpl] DEBUG block.DeletedBlockLogImpl (DeletedBlockLogImpl.java:isTransactionFailed(278)) - Got block deletion ACK from datanode, TXIDs=17, success=true
2021-08-10 12:16:29,210 [EventQueue-DeleteBlockStatusForDeletedBlockLogImpl] DEBUG block.DeletedBlockLogImpl (DeletedBlockLogImpl.java:commitTransactions(224)) - Transaction txId=17 commit by dnId=01235482-5c07-4b37-86e9-3192ec4df84f for containerID=#17 failed. Corresponding entry not found.
2021-08-10 12:16:29,210 [EventQueue-DeleteBlockStatusForDeletedBlockLogImpl] DEBUG block.DeletedBlockLogImpl (DeletedBlockLogImpl.java:isTransactionFailed(278)) - Got block deletion ACK from datanode, TXIDs=18, success=true
2021-08-10 12:16:29,210 [EventQueue-DeleteBlockStatusForDeletedBlockLogImpl] DEBUG block.DeletedBlockLogImpl (DeletedBlockLogImpl.java:commitTransactions(224)) - Transaction txId=18 commit by dnId=01235482-5c07-4b37-86e9-3192ec4df84f for containerID=#18 failed. Corresponding entry not found.
2021-08-10 12:16:29,210 [EventQueue-DeleteBlockStatusForDeletedBlockLogImpl] DEBUG block.DeletedBlockLogImpl (DeletedBlockLogImpl.java:isTransactionFailed(278)) - Got block deletion ACK from datanode, TXIDs=19, success=true
2021-08-10 12:16:29,210 [EventQueue-DeleteBlockStatusForDeletedBlockLogImpl] DEBUG block.DeletedBlockLogImpl (DeletedBlockLogImpl.java:commitTransactions(224)) - Transaction txId=19 commit by dnId=01235482-5c07-4b37-86e9-3192ec4df84f for containerID=#19 failed. Corresponding entry not found.
2021-08-10 12:16:29,210 [EventQueue-DeleteBlockStatusForDeletedBlockLogImpl] DEBUG block.DeletedBlockLogImpl (DeletedBlockLogImpl.java:isTransactionFailed(278)) - Got block deletion ACK from datanode, TXIDs=20, success=true
2021-08-10 12:16:29,210 [EventQueue-DeleteBlockStatusForDeletedBlockLogImpl] DEBUG block.DeletedBlockLogImpl (DeletedBlockLogImpl.java:commitTransactions(224)) - Transaction txId=20 commit by dnId=01235482-5c07-4b37-86e9-3192ec4df84f for containerID=#20 failed. Corresponding entry not found.
2021-08-10 12:16:29,210 [EventQueue-DeleteBlockStatusForDeletedBlockLogImpl] DEBUG block.DeletedBlockLogImpl (DeletedBlockLogImpl.java:isTransactionFailed(278)) - Got block deletion ACK from datanode, TXIDs=21, success=true
2021-08-10 12:16:29,210 [EventQueue-DeleteBlockStatusForDeletedBlockLogImpl] DEBUG block.DeletedBlockLogImpl (DeletedBlockLogImpl.java:commitTransactions(224)) - Transaction txId=21 commit by dnId=01235482-5c07-4b37-86e9-3192ec4df84f for containerID=#21 failed. Corresponding entry not found.
2021-08-10 12:16:29,210 [EventQueue-DeleteBlockStatusForDeletedBlockLogImpl] DEBUG block.DeletedBlockLogImpl (DeletedBlockLogImpl.java:isTransactionFailed(278)) - Got block deletion ACK from datanode, TXIDs=22, success=true
2021-08-10 12:16:29,210 [EventQueue-DeleteBlockStatusForDeletedBlockLogImpl] DEBUG block.DeletedBlockLogImpl (DeletedBlockLogImpl.java:commitTransactions(224)) - Transaction txId=22 commit by dnId=01235482-5c07-4b37-86e9-3192ec4df84f for containerID=#22 failed. Corresponding entry not found.
2021-08-10 12:16:29,210 [EventQueue-DeleteBlockStatusForDeletedBlockLogImpl] DEBUG block.DeletedBlockLogImpl (DeletedBlockLogImpl.java:isTransactionFailed(278)) - Got block deletion ACK from datanode, TXIDs=23, success=true
2021-08-10 12:16:29,210 [EventQueue-DeleteBlockStatusForDeletedBlockLogImpl] DEBUG block.DeletedBlockLogImpl (DeletedBlockLogImpl.java:commitTransactions(224)) - Transaction txId=23 commit by dnId=01235482-5c07-4b37-86e9-3192ec4df84f for containerID=#23 failed. Corresponding entry not found.
2021-08-10 12:16:29,210 [EventQueue-DeleteBlockStatusForDeletedBlockLogImpl] DEBUG block.DeletedBlockLogImpl (DeletedBlockLogImpl.java:isTransactionFailed(278)) - Got block deletion ACK from datanode, TXIDs=24, success=true
2021-08-10 12:16:29,210 [EventQueue-DeleteBlockStatusForDeletedBlockLogImpl] DEBUG block.DeletedBlockLogImpl (DeletedBlockLogImpl.java:commitTransactions(224)) - Transaction txId=24 commit by dnId=01235482-5c07-4b37-86e9-3192ec4df84f for containerID=#24 failed. Corresponding entry not found.
2021-08-10 12:16:29,210 [EventQueue-DeleteBlockStatusForDeletedBlockLogImpl] DEBUG block.DeletedBlockLogImpl (DeletedBlockLogImpl.java:isTransactionFailed(278)) - Got block deletion ACK from datanode, TXIDs=25, success=true
2021-08-10 12:16:29,210 [EventQueue-DeleteBlockStatusForDeletedBlockLogImpl] DEBUG block.DeletedBlockLogImpl (DeletedBlockLogImpl.java:commitTransactions(224)) - Transaction txId=25 commit by dnId=01235482-5c07-4b37-86e9-3192ec4df84f for containerID=#25 failed. Corresponding entry not found.
2021-08-10 12:16:29,211 [EventQueue-DeleteBlockStatusForDeletedBlockLogImpl] DEBUG block.DeletedBlockLogImpl (DeletedBlockLogImpl.java:isTransactionFailed(278)) - Got block deletion ACK from datanode, TXIDs=26, success=true
2021-08-10 12:16:29,211 [EventQueue-DeleteBlockStatusForDeletedBlockLogImpl] DEBUG block.DeletedBlockLogImpl (DeletedBlockLogImpl.java:commitTransactions(224)) - Transaction txId=26 commit by dnId=01235482-5c07-4b37-86e9-3192ec4df84f for containerID=#26 failed. Corresponding entry not found.
2021-08-10 12:16:29,211 [EventQueue-DeleteBlockStatusForDeletedBlockLogImpl] DEBUG block.DeletedBlockLogImpl (DeletedBlockLogImpl.java:isTransactionFailed(278)) - Got block deletion ACK from datanode, TXIDs=27, success=true
2021-08-10 12:16:29,211 [EventQueue-DeleteBlockStatusForDeletedBlockLogImpl] DEBUG block.DeletedBlockLogImpl (DeletedBlockLogImpl.java:commitTransactions(224)) - Transaction txId=27 commit by dnId=01235482-5c07-4b37-86e9-3192ec4df84f for containerID=#27 failed. Corresponding entry not found.
2021-08-10 12:16:29,211 [EventQueue-DeleteBlockStatusForDeletedBlockLogImpl] DEBUG block.DeletedBlockLogImpl (DeletedBlockLogImpl.java:isTransactionFailed(278)) - Got block deletion ACK from datanode, TXIDs=28, success=true
2021-08-10 12:16:29,211 [EventQueue-DeleteBlockStatusForDeletedBlockLogImpl] DEBUG block.DeletedBlockLogImpl (DeletedBlockLogImpl.java:commitTransactions(224)) - Transaction txId=28 commit by dnId=01235482-5c07-4b37-86e9-3192ec4df84f for containerID=#28 failed. Corresponding entry not found.
2021-08-10 12:16:29,211 [EventQueue-DeleteBlockStatusForDeletedBlockLogImpl] DEBUG block.DeletedBlockLogImpl (DeletedBlockLogImpl.java:isTransactionFailed(278)) - Got block deletion ACK from datanode, TXIDs=29, success=true
2021-08-10 12:16:29,211 [EventQueue-DeleteBlockStatusForDeletedBlockLogImpl] DEBUG block.DeletedBlockLogImpl (DeletedBlockLogImpl.java:commitTransactions(224)) - Transaction txId=29 commit by dnId=01235482-5c07-4b37-86e9-3192ec4df84f for containerID=#29 failed. Corresponding entry not found.
2021-08-10 12:16:29,211 [EventQueue-DeleteBlockStatusForDeletedBlockLogImpl] DEBUG block.DeletedBlockLogImpl (DeletedBlockLogImpl.java:isTransactionFailed(278)) - Got block deletion ACK from datanode, TXIDs=30, success=true
2021-08-10 12:16:29,211 [EventQueue-DeleteBlockStatusForDeletedBlockLogImpl] DEBUG block.DeletedBlockLogImpl (DeletedBlockLogImpl.java:commitTransactions(224)) - Transaction txId=30 commit by dnId=01235482-5c07-4b37-86e9-3192ec4df84f for containerID=#30 failed. Corresponding entry not found.
2021-08-10 12:16:29,211 [EventQueue-DeleteBlockStatusForDeletedBlockLogImpl] DEBUG block.DeletedBlockLogImpl (DeletedBlockLogImpl.java:isTransactionFailed(278)) - Got block deletion ACK from datanode, TXIDs=31, success=true
2021-08-10 12:16:29,211 [EventQueue-DeleteBlockStatusForDeletedBlockLogImpl] DEBUG block.DeletedBlockLogImpl (DeletedBlockLogImpl.java:commitTransactions(224)) - Transaction txId=31 commit by dnId=01235482-5c07-4b37-86e9-3192ec4df84f for containerID=#31 failed. Corresponding entry not found.
2021-08-10 12:16:29,211 [EventQueue-DeleteBlockStatusForDeletedBlockLogImpl] DEBUG block.DeletedBlockLogImpl (DeletedBlockLogImpl.java:isTransactionFailed(278)) - Got block deletion ACK from datanode, TXIDs=32, success=true
2021-08-10 12:16:29,211 [EventQueue-DeleteBlockStatusForDeletedBlockLogImpl] DEBUG block.DeletedBlockLogImpl (DeletedBlockLogImpl.java:commitTransactions(224)) - Transaction txId=32 commit by dnId=01235482-5c07-4b37-86e9-3192ec4df84f for containerID=#32 failed. Corresponding entry not found.
2021-08-10 12:16:29,211 [EventQueue-DeleteBlockStatusForDeletedBlockLogImpl] DEBUG block.DeletedBlockLogImpl (DeletedBlockLogImpl.java:isTransactionFailed(278)) - Got block deletion ACK from datanode, TXIDs=33, success=true
2021-08-10 12:16:29,211 [EventQueue-DeleteBlockStatusForDeletedBlockLogImpl] DEBUG block.DeletedBlockLogImpl (DeletedBlockLogImpl.java:commitTransactions(224)) - Transaction txId=33 commit by dnId=01235482-5c07-4b37-86e9-3192ec4df84f for containerID=#33 failed. Corresponding entry not found.
2021-08-10 12:16:29,211 [EventQueue-DeleteBlockStatusForDeletedBlockLogImpl] DEBUG block.DeletedBlockLogImpl (DeletedBlockLogImpl.java:isTransactionFailed(278)) - Got block deletion ACK from datanode, TXIDs=34, success=true
2021-08-10 12:16:29,211 [EventQueue-DeleteBlockStatusForDeletedBlockLogImpl] DEBUG block.DeletedBlockLogImpl (DeletedBlockLogImpl.java:commitTransactions(224)) - Transaction txId=34 commit by dnId=01235482-5c07-4b37-86e9-3192ec4df84f for containerID=#34 failed. Corresponding entry not found.
2021-08-10 12:16:29,211 [EventQueue-DeleteBlockStatusForDeletedBlockLogImpl] DEBUG block.DeletedBlockLogImpl (DeletedBlockLogImpl.java:isTransactionFailed(278)) - Got block deletion ACK from datanode, TXIDs=35, success=true
2021-08-10 12:16:29,211 [EventQueue-DeleteBlockStatusForDeletedBlockLogImpl] DEBUG block.DeletedBlockLogImpl (DeletedBlockLogImpl.java:commitTransactions(224)) - Transaction txId=35 commit by dnId=01235482-5c07-4b37-86e9-3192ec4df84f for containerID=#35 failed. Corresponding entry not found.
2021-08-10 12:16:29,211 [EventQueue-DeleteBlockStatusForDeletedBlockLogImpl] DEBUG block.DeletedBlockLogImpl (DeletedBlockLogImpl.java:isTransactionFailed(278)) - Got block deletion ACK from datanode, TXIDs=36, success=true
2021-08-10 12:16:29,211 [EventQueue-DeleteBlockStatusForDeletedBlockLogImpl] DEBUG block.DeletedBlockLogImpl (DeletedBlockLogImpl.java:commitTransactions(224)) - Transaction txId=36 commit by dnId=01235482-5c07-4b37-86e9-3192ec4df84f for containerID=#36 failed. Corresponding entry not found.
2021-08-10 12:16:29,212 [EventQueue-DeleteBlockStatusForDeletedBlockLogImpl] DEBUG block.DeletedBlockLogImpl (DeletedBlockLogImpl.java:isTransactionFailed(278)) - Got block deletion ACK from datanode, TXIDs=37, success=true
2021-08-10 12:16:29,212 [EventQueue-DeleteBlockStatusForDeletedBlockLogImpl] DEBUG block.DeletedBlockLogImpl (DeletedBlockLogImpl.java:commitTransactions(224)) - Transaction txId=37 commit by dnId=01235482-5c07-4b37-86e9-3192ec4df84f for containerID=#37 failed. Corresponding entry not found.
2021-08-10 12:16:29,212 [EventQueue-DeleteBlockStatusForDeletedBlockLogImpl] DEBUG block.DeletedBlockLogImpl (DeletedBlockLogImpl.java:isTransactionFailed(278)) - Got block deletion ACK from datanode, TXIDs=38, success=true
2021-08-10 12:16:29,212 [EventQueue-DeleteBlockStatusForDeletedBlockLogImpl] DEBUG block.DeletedBlockLogImpl (DeletedBlockLogImpl.java:commitTransactions(224)) - Transaction txId=38 commit by dnId=01235482-5c07-4b37-86e9-3192ec4df84f for containerID=#38 failed. Corresponding entry not found.
2021-08-10 12:16:29,212 [EventQueue-DeleteBlockStatusForDeletedBlockLogImpl] DEBUG block.DeletedBlockLogImpl (DeletedBlockLogImpl.java:isTransactionFailed(278)) - Got block deletion ACK from datanode, TXIDs=39, success=true
2021-08-10 12:16:29,212 [EventQueue-DeleteBlockStatusForDeletedBlockLogImpl] DEBUG block.DeletedBlockLogImpl (DeletedBlockLogImpl.java:commitTransactions(224)) - Transaction txId=39 commit by dnId=01235482-5c07-4b37-86e9-3192ec4df84f for containerID=#39 failed. Corresponding entry not found.
2021-08-10 12:16:29,212 [EventQueue-DeleteBlockStatusForDeletedBlockLogImpl] DEBUG block.DeletedBlockLogImpl (DeletedBlockLogImpl.java:isTransactionFailed(278)) - Got block deletion ACK from datanode, TXIDs=40, success=true
2021-08-10 12:16:29,212 [EventQueue-DeleteBlockStatusForDeletedBlockLogImpl] DEBUG block.DeletedBlockLogImpl (DeletedBlockLogImpl.java:commitTransactions(224)) - Transaction txId=40 commit by dnId=01235482-5c07-4b37-86e9-3192ec4df84f for containerID=#40 failed. Corresponding entry not found.
2021-08-10 12:16:29,212 [EventQueue-DeleteBlockStatusForDeletedBlockLogImpl] DEBUG block.DeletedBlockLogImpl (DeletedBlockLogImpl.java:isTransactionFailed(278)) - Got block deletion ACK from datanode, TXIDs=41, success=true
2021-08-10 12:16:29,212 [EventQueue-DeleteBlockStatusForDeletedBlockLogImpl] DEBUG block.DeletedBlockLogImpl (DeletedBlockLogImpl.java:commitTransactions(224)) - Transaction txId=41 commit by dnId=01235482-5c07-4b37-86e9-3192ec4df84f for containerID=#41 failed. Corresponding entry not found.
2021-08-10 12:16:29,212 [EventQueue-DeleteBlockStatusForDeletedBlockLogImpl] DEBUG block.DeletedBlockLogImpl (DeletedBlockLogImpl.java:isTransactionFailed(278)) - Got block deletion ACK from datanode, TXIDs=42, success=true
2021-08-10 12:16:29,212 [EventQueue-DeleteBlockStatusForDeletedBlockLogImpl] DEBUG block.DeletedBlockLogImpl (DeletedBlockLogImpl.java:commitTransactions(224)) - Transaction txId=42 commit by dnId=01235482-5c07-4b37-86e9-3192ec4df84f for containerID=#42 failed. Corresponding entry not found.
2021-08-10 12:16:29,212 [EventQueue-DeleteBlockStatusForDeletedBlockLogImpl] DEBUG block.DeletedBlockLogImpl (DeletedBlockLogImpl.java:isTransactionFailed(278)) - Got block deletion ACK from datanode, TXIDs=43, success=true
2021-08-10 12:16:29,212 [EventQueue-DeleteBlockStatusForDeletedBlockLogImpl] DEBUG block.DeletedBlockLogImpl (DeletedBlockLogImpl.java:commitTransactions(224)) - Transaction txId=43 commit by dnId=01235482-5c07-4b37-86e9-3192ec4df84f for containerID=#43 failed. Corresponding entry not found.
2021-08-10 12:16:29,212 [EventQueue-DeleteBlockStatusForDeletedBlockLogImpl] DEBUG block.DeletedBlockLogImpl (DeletedBlockLogImpl.java:isTransactionFailed(278)) - Got block deletion ACK from datanode, TXIDs=44, success=true
2021-08-10 12:16:29,212 [EventQueue-DeleteBlockStatusForDeletedBlockLogImpl] DEBUG block.DeletedBlockLogImpl (DeletedBlockLogImpl.java:commitTransactions(224)) - Transaction txId=44 commit by dnId=01235482-5c07-4b37-86e9-3192ec4df84f for containerID=#44 failed. Corresponding entry not found.
2021-08-10 12:16:29,212 [EventQueue-DeleteBlockStatusForDeletedBlockLogImpl] DEBUG block.DeletedBlockLogImpl (DeletedBlockLogImpl.java:isTransactionFailed(278)) - Got block deletion ACK from datanode, TXIDs=45, success=true
2021-08-10 12:16:29,212 [EventQueue-DeleteBlockStatusForDeletedBlockLogImpl] DEBUG block.DeletedBlockLogImpl (DeletedBlockLogImpl.java:commitTransactions(224)) - Transaction txId=45 commit by dnId=01235482-5c07-4b37-86e9-3192ec4df84f for containerID=#45 failed. Corresponding entry not found.
2021-08-10 12:16:29,212 [EventQueue-DeleteBlockStatusForDeletedBlockLogImpl] DEBUG block.DeletedBlockLogImpl (DeletedBlockLogImpl.java:isTransactionFailed(278)) - Got block deletion ACK from datanode, TXIDs=46, success=true
2021-08-10 12:16:29,212 [EventQueue-DeleteBlockStatusForDeletedBlockLogImpl] DEBUG block.DeletedBlockLogImpl (DeletedBlockLogImpl.java:commitTransactions(224)) - Transaction txId=46 commit by dnId=01235482-5c07-4b37-86e9-3192ec4df84f for containerID=#46 failed. Corresponding entry not found.
2021-08-10 12:16:29,212 [EventQueue-DeleteBlockStatusForDeletedBlockLogImpl] DEBUG block.DeletedBlockLogImpl (DeletedBlockLogImpl.java:isTransactionFailed(278)) - Got block deletion ACK from datanode, TXIDs=47, success=true
2021-08-10 12:16:29,212 [EventQueue-DeleteBlockStatusForDeletedBlockLogImpl] DEBUG block.DeletedBlockLogImpl (DeletedBlockLogImpl.java:commitTransactions(224)) - Transaction txId=47 commit by dnId=01235482-5c07-4b37-86e9-3192ec4df84f for containerID=#47 failed. Corresponding entry not found.
2021-08-10 12:16:29,212 [EventQueue-DeleteBlockStatusForDeletedBlockLogImpl] DEBUG block.DeletedBlockLogImpl (DeletedBlockLogImpl.java:isTransactionFailed(278)) - Got block deletion ACK from datanode, TXIDs=48, success=true
2021-08-10 12:16:29,212 [EventQueue-DeleteBlockStatusForDeletedBlockLogImpl] DEBUG block.DeletedBlockLogImpl (DeletedBlockLogImpl.java:commitTransactions(224)) - Transaction txId=48 commit by dnId=01235482-5c07-4b37-86e9-3192ec4df84f for containerID=#48 failed. Corresponding entry not found.
2021-08-10 12:16:29,212 [EventQueue-DeleteBlockStatusForDeletedBlockLogImpl] DEBUG block.DeletedBlockLogImpl (DeletedBlockLogImpl.java:isTransactionFailed(278)) - Got block deletion ACK from datanode, TXIDs=49, success=true
2021-08-10 12:16:29,212 [EventQueue-DeleteBlockStatusForDeletedBlockLogImpl] DEBUG block.DeletedBlockLogImpl (DeletedBlockLogImpl.java:commitTransactions(224)) - Transaction txId=49 commit by dnId=01235482-5c07-4b37-86e9-3192ec4df84f for containerID=#49 failed. Corresponding entry not found.
2021-08-10 12:16:29,212 [EventQueue-DeleteBlockStatusForDeletedBlockLogImpl] DEBUG block.DeletedBlockLogImpl (DeletedBlockLogImpl.java:isTransactionFailed(278)) - Got block deletion ACK from datanode, TXIDs=50, success=true
2021-08-10 12:16:29,212 [EventQueue-DeleteBlockStatusForDeletedBlockLogImpl] DEBUG block.DeletedBlockLogImpl (DeletedBlockLogImpl.java:commitTransactions(224)) - Transaction txId=50 commit by dnId=01235482-5c07-4b37-86e9-3192ec4df84f for containerID=#50 failed. Corresponding entry not found.
2021-08-10 12:16:29,213 [EventQueue-DeleteBlockStatusForDeletedBlockLogImpl] DEBUG block.DeletedBlockLogImpl (DeletedBlockLogImpl.java:isTransactionFailed(278)) - Got block deletion ACK from datanode, TXIDs=51, success=true
2021-08-10 12:16:29,213 [EventQueue-DeleteBlockStatusForDeletedBlockLogImpl] DEBUG block.DeletedBlockLogImpl (DeletedBlockLogImpl.java:commitTransactions(224)) - Transaction txId=51 commit by dnId=01235482-5c07-4b37-86e9-3192ec4df84f for containerID=#51 failed. Corresponding entry not found.
2021-08-10 12:16:29,213 [EventQueue-DeleteBlockStatusForDeletedBlockLogImpl] DEBUG block.DeletedBlockLogImpl (DeletedBlockLogImpl.java:isTransactionFailed(278)) - Got block deletion ACK from datanode, TXIDs=52, success=true
2021-08-10 12:16:29,213 [EventQueue-DeleteBlockStatusForDeletedBlockLogImpl] DEBUG block.DeletedBlockLogImpl (DeletedBlockLogImpl.java:commitTransactions(224)) - Transaction txId=52 commit by dnId=01235482-5c07-4b37-86e9-3192ec4df84f for containerID=#52 failed. Corresponding entry not found.
2021-08-10 12:16:29,213 [EventQueue-DeleteBlockStatusForDeletedBlockLogImpl] DEBUG block.DeletedBlockLogImpl (DeletedBlockLogImpl.java:isTransactionFailed(278)) - Got block deletion ACK from datanode, TXIDs=53, success=true
2021-08-10 12:16:29,213 [EventQueue-DeleteBlockStatusForDeletedBlockLogImpl] DEBUG block.DeletedBlockLogImpl (DeletedBlockLogImpl.java:commitTransactions(224)) - Transaction txId=53 commit by dnId=01235482-5c07-4b37-86e9-3192ec4df84f for containerID=#53 failed. Corresponding entry not found.
2021-08-10 12:16:29,213 [EventQueue-DeleteBlockStatusForDeletedBlockLogImpl] DEBUG block.DeletedBlockLogImpl (DeletedBlockLogImpl.java:isTransactionFailed(278)) - Got block deletion ACK from datanode, TXIDs=54, success=true
2021-08-10 12:16:29,213 [EventQueue-DeleteBlockStatusForDeletedBlockLogImpl] DEBUG block.DeletedBlockLogImpl (DeletedBlockLogImpl.java:commitTransactions(224)) - Transaction txId=54 commit by dnId=01235482-5c07-4b37-86e9-3192ec4df84f for containerID=#54 failed. Corresponding entry not found.
2021-08-10 12:16:29,213 [EventQueue-DeleteBlockStatusForDeletedBlockLogImpl] DEBUG block.DeletedBlockLogImpl (DeletedBlockLogImpl.java:isTransactionFailed(278)) - Got block deletion ACK from datanode, TXIDs=55, success=true
2021-08-10 12:16:29,213 [EventQueue-DeleteBlockStatusForDeletedBlockLogImpl] DEBUG block.DeletedBlockLogImpl (DeletedBlockLogImpl.java:commitTransactions(224)) - Transaction txId=55 commit by dnId=01235482-5c07-4b37-86e9-3192ec4df84f for containerID=#55 failed. Corresponding entry not found.
2021-08-10 12:16:29,213 [EventQueue-DeleteBlockStatusForDeletedBlockLogImpl] DEBUG block.DeletedBlockLogImpl (DeletedBlockLogImpl.java:isTransactionFailed(278)) - Got block deletion ACK from datanode, TXIDs=56, success=true
2021-08-10 12:16:29,213 [EventQueue-DeleteBlockStatusForDeletedBlockLogImpl] DEBUG block.DeletedBlockLogImpl (DeletedBlockLogImpl.java:commitTransactions(224)) - Transaction txId=56 commit by dnId=01235482-5c07-4b37-86e9-3192ec4df84f for containerID=#56 failed. Corresponding entry not found.
2021-08-10 12:16:29,213 [EventQueue-DeleteBlockStatusForDeletedBlockLogImpl] DEBUG block.DeletedBlockLogImpl (DeletedBlockLogImpl.java:isTransactionFailed(278)) - Got block deletion ACK from datanode, TXIDs=1, success=true
2021-08-10 12:16:29,213 [EventQueue-DeleteBlockStatusForDeletedBlockLogImpl] DEBUG block.DeletedBlockLogImpl (DeletedBlockLogImpl.java:commitTransactions(224)) - Transaction txId=1 commit by dnId=01235482-5c07-4b37-86e9-3192ec4df84f for containerID=#1 failed. Corresponding entry not found.
2021-08-10 12:16:29,213 [EventQueue-DeleteBlockStatusForDeletedBlockLogImpl] DEBUG block.DeletedBlockLogImpl (DeletedBlockLogImpl.java:isTransactionFailed(278)) - Got block deletion ACK from datanode, TXIDs=2, success=true
2021-08-10 12:16:29,213 [EventQueue-DeleteBlockStatusForDeletedBlockLogImpl] DEBUG block.DeletedBlockLogImpl (DeletedBlockLogImpl.java:commitTransactions(224)) - Transaction txId=2 commit by dnId=01235482-5c07-4b37-86e9-3192ec4df84f for containerID=#2 failed. Corresponding entry not found.
2021-08-10 12:16:29,213 [EventQueue-DeleteBlockStatusForDeletedBlockLogImpl] DEBUG block.DeletedBlockLogImpl (DeletedBlockLogImpl.java:isTransactionFailed(278)) - Got block deletion ACK from datanode, TXIDs=3, success=true
2021-08-10 12:16:29,213 [EventQueue-DeleteBlockStatusForDeletedBlockLogImpl] DEBUG block.DeletedBlockLogImpl (DeletedBlockLogImpl.java:commitTransactions(224)) - Transaction txId=3 commit by dnId=01235482-5c07-4b37-86e9-3192ec4df84f for containerID=#3 failed. Corresponding entry not found.
2021-08-10 12:16:29,213 [EventQueue-DeleteBlockStatusForDeletedBlockLogImpl] DEBUG block.DeletedBlockLogImpl (DeletedBlockLogImpl.java:isTransactionFailed(278)) - Got block deletion ACK from datanode, TXIDs=4, success=true
2021-08-10 12:16:29,213 [EventQueue-DeleteBlockStatusForDeletedBlockLogImpl] DEBUG block.DeletedBlockLogImpl (DeletedBlockLogImpl.java:commitTransactions(224)) - Transaction txId=4 commit by dnId=01235482-5c07-4b37-86e9-3192ec4df84f for containerID=#4 failed. Corresponding entry not found.
2021-08-10 12:16:29,213 [EventQueue-DeleteBlockStatusForDeletedBlockLogImpl] DEBUG block.DeletedBlockLogImpl (DeletedBlockLogImpl.java:isTransactionFailed(278)) - Got block deletion ACK from datanode, TXIDs=5, success=true
2021-08-10 12:16:29,213 [EventQueue-DeleteBlockStatusForDeletedBlockLogImpl] DEBUG block.DeletedBlockLogImpl (DeletedBlockLogImpl.java:commitTransactions(224)) - Transaction txId=5 commit by dnId=01235482-5c07-4b37-86e9-3192ec4df84f for containerID=#5 failed. Corresponding entry not found.
2021-08-10 12:16:29,213 [EventQueue-DeleteBlockStatusForDeletedBlockLogImpl] DEBUG block.DeletedBlockLogImpl (DeletedBlockLogImpl.java:isTransactionFailed(278)) - Got block deletion ACK from datanode, TXIDs=6, success=true
2021-08-10 12:16:29,213 [EventQueue-DeleteBlockStatusForDeletedBlockLogImpl] DEBUG block.DeletedBlockLogImpl (DeletedBlockLogImpl.java:commitTransactions(224)) - Transaction txId=6 commit by dnId=01235482-5c07-4b37-86e9-3192ec4df84f for containerID=#6 failed. Corresponding entry not found.
2021-08-10 12:16:29,213 [EventQueue-DeleteBlockStatusForDeletedBlockLogImpl] DEBUG block.DeletedBlockLogImpl (DeletedBlockLogImpl.java:isTransactionFailed(278)) - Got block deletion ACK from datanode, TXIDs=7, success=true
2021-08-10 12:16:29,213 [EventQueue-DeleteBlockStatusForDeletedBlockLogImpl] DEBUG block.DeletedBlockLogImpl (DeletedBlockLogImpl.java:commitTransactions(224)) - Transaction txId=7 commit by dnId=01235482-5c07-4b37-86e9-3192ec4df84f for containerID=#7 failed. Corresponding entry not found.
2021-08-10 12:16:29,213 [EventQueue-DeleteBlockStatusForDeletedBlockLogImpl] DEBUG block.DeletedBlockLogImpl (DeletedBlockLogImpl.java:isTransactionFailed(278)) - Got block deletion ACK from datanode, TXIDs=8, success=true
2021-08-10 12:16:29,214 [EventQueue-DeleteBlockStatusForDeletedBlockLogImpl] DEBUG block.DeletedBlockLogImpl (DeletedBlockLogImpl.java:commitTransactions(224)) - Transaction txId=8 commit by dnId=01235482-5c07-4b37-86e9-3192ec4df84f for containerID=#8 failed. Corresponding entry not found.
2021-08-10 12:16:29,214 [EventQueue-DeleteBlockStatusForDeletedBlockLogImpl] DEBUG block.DeletedBlockLogImpl (DeletedBlockLogImpl.java:isTransactionFailed(278)) - Got block deletion ACK from datanode, TXIDs=9, success=true
2021-08-10 12:16:29,214 [EventQueue-DeleteBlockStatusForDeletedBlockLogImpl] DEBUG block.DeletedBlockLogImpl (DeletedBlockLogImpl.java:commitTransactions(224)) - Transaction txId=9 commit by dnId=01235482-5c07-4b37-86e9-3192ec4df84f for containerID=#9 failed. Corresponding entry not found.
2021-08-10 12:16:29,214 [EventQueue-DeleteBlockStatusForDeletedBlockLogImpl] DEBUG block.DeletedBlockLogImpl (DeletedBlockLogImpl.java:isTransactionFailed(278)) - Got block deletion ACK from datanode, TXIDs=10, success=true
2021-08-10 12:16:29,214 [EventQueue-DeleteBlockStatusForDeletedBlockLogImpl] DEBUG block.DeletedBlockLogImpl (DeletedBlockLogImpl.java:commitTransactions(224)) - Transaction txId=10 commit by dnId=01235482-5c07-4b37-86e9-3192ec4df84f for containerID=#10 failed. Corresponding entry not found.
2021-08-10 12:16:29,214 [EventQueue-DeleteBlockStatusForDeletedBlockLogImpl] DEBUG block.DeletedBlockLogImpl (DeletedBlockLogImpl.java:isTransactionFailed(278)) - Got block deletion ACK from datanode, TXIDs=11, success=true
2021-08-10 12:16:29,214 [EventQueue-DeleteBlockStatusForDeletedBlockLogImpl] DEBUG block.DeletedBlockLogImpl (DeletedBlockLogImpl.java:commitTransactions(224)) - Transaction txId=11 commit by dnId=01235482-5c07-4b37-86e9-3192ec4df84f for containerID=#11 failed. Corresponding entry not found.
2021-08-10 12:16:29,214 [EventQueue-DeleteBlockStatusForDeletedBlockLogImpl] DEBUG block.DeletedBlockLogImpl (DeletedBlockLogImpl.java:isTransactionFailed(278)) - Got block deletion ACK from datanode, TXIDs=12, success=true
2021-08-10 12:16:29,214 [EventQueue-DeleteBlockStatusForDeletedBlockLogImpl] DEBUG block.DeletedBlockLogImpl (DeletedBlockLogImpl.java:commitTransactions(224)) - Transaction txId=12 commit by dnId=01235482-5c07-4b37-86e9-3192ec4df84f for containerID=#12 failed. Corresponding entry not found.
2021-08-10 12:16:29,214 [EventQueue-DeleteBlockStatusForDeletedBlockLogImpl] DEBUG block.DeletedBlockLogImpl (DeletedBlockLogImpl.java:isTransactionFailed(278)) - Got block deletion ACK from datanode, TXIDs=13, success=true
2021-08-10 12:16:29,214 [EventQueue-DeleteBlockStatusForDeletedBlockLogImpl] DEBUG block.DeletedBlockLogImpl (DeletedBlockLogImpl.java:commitTransactions(224)) - Transaction txId=13 commit by dnId=01235482-5c07-4b37-86e9-3192ec4df84f for containerID=#13 failed. Corresponding entry not found.
2021-08-10 12:16:29,214 [EventQueue-DeleteBlockStatusForDeletedBlockLogImpl] DEBUG block.DeletedBlockLogImpl (DeletedBlockLogImpl.java:isTransactionFailed(278)) - Got block deletion ACK from datanode, TXIDs=14, success=true
2021-08-10 12:16:29,214 [EventQueue-DeleteBlockStatusForDeletedBlockLogImpl] DEBUG block.DeletedBlockLogImpl (DeletedBlockLogImpl.java:commitTransactions(224)) - Transaction txId=14 commit by dnId=01235482-5c07-4b37-86e9-3192ec4df84f for containerID=#14 failed. Corresponding entry not found.
2021-08-10 12:16:29,214 [EventQueue-DeleteBlockStatusForDeletedBlockLogImpl] DEBUG block.DeletedBlockLogImpl (DeletedBlockLogImpl.java:isTransactionFailed(278)) - Got block deletion ACK from datanode, TXIDs=15, success=true
2021-08-10 12:16:29,214 [EventQueue-DeleteBlockStatusForDeletedBlockLogImpl] DEBUG block.DeletedBlockLogImpl (DeletedBlockLogImpl.java:commitTransactions(224)) - Transaction txId=15 commit by dnId=01235482-5c07-4b37-86e9-3192ec4df84f for containerID=#15 failed. Corresponding entry not found.
2021-08-10 12:16:29,214 [EventQueue-DeleteBlockStatusForDeletedBlockLogImpl] DEBUG block.DeletedBlockLogImpl (DeletedBlockLogImpl.java:isTransactionFailed(278)) - Got block deletion ACK from datanode, TXIDs=16, success=true
2021-08-10 12:16:29,214 [EventQueue-DeleteBlockStatusForDeletedBlockLogImpl] DEBUG block.DeletedBlockLogImpl (DeletedBlockLogImpl.java:commitTransactions(224)) - Transaction txId=16 commit by dnId=01235482-5c07-4b37-86e9-3192ec4df84f for containerID=#16 failed. Corresponding entry not found.
2021-08-10 12:16:29,214 [EventQueue-DeleteBlockStatusForDeletedBlockLogImpl] DEBUG block.DeletedBlockLogImpl (DeletedBlockLogImpl.java:isTransactionFailed(278)) - Got block deletion ACK from datanode, TXIDs=17, success=true
2021-08-10 12:16:29,214 [EventQueue-DeleteBlockStatusForDeletedBlockLogImpl] DEBUG block.DeletedBlockLogImpl (DeletedBlockLogImpl.java:commitTransactions(224)) - Transaction txId=17 commit by dnId=01235482-5c07-4b37-86e9-3192ec4df84f for containerID=#17 failed. Corresponding entry not found.
2021-08-10 12:16:29,214 [EventQueue-DeleteBlockStatusForDeletedBlockLogImpl] DEBUG block.DeletedBlockLogImpl (DeletedBlockLogImpl.java:isTransactionFailed(278)) - Got block deletion ACK from datanode, TXIDs=18, success=true
2021-08-10 12:16:29,214 [EventQueue-DeleteBlockStatusForDeletedBlockLogImpl] DEBUG block.DeletedBlockLogImpl (DeletedBlockLogImpl.java:commitTransactions(224)) - Transaction txId=18 commit by dnId=01235482-5c07-4b37-86e9-3192ec4df84f for containerID=#18 failed. Corresponding entry not found.
2021-08-10 12:16:29,214 [EventQueue-DeleteBlockStatusForDeletedBlockLogImpl] DEBUG block.DeletedBlockLogImpl (DeletedBlockLogImpl.java:isTransactionFailed(278)) - Got block deletion ACK from datanode, TXIDs=19, success=true
2021-08-10 12:16:29,214 [EventQueue-DeleteBlockStatusForDeletedBlockLogImpl] DEBUG block.DeletedBlockLogImpl (DeletedBlockLogImpl.java:commitTransactions(224)) - Transaction txId=19 commit by dnId=01235482-5c07-4b37-86e9-3192ec4df84f for containerID=#19 failed. Corresponding entry not found.
2021-08-10 12:16:29,214 [EventQueue-DeleteBlockStatusForDeletedBlockLogImpl] DEBUG block.DeletedBlockLogImpl (DeletedBlockLogImpl.java:isTransactionFailed(278)) - Got block deletion ACK from datanode, TXIDs=20, success=true
2021-08-10 12:16:29,214 [EventQueue-DeleteBlockStatusForDeletedBlockLogImpl] DEBUG block.DeletedBlockLogImpl (DeletedBlockLogImpl.java:commitTransactions(224)) - Transaction txId=20 commit by dnId=01235482-5c07-4b37-86e9-3192ec4df84f for containerID=#20 failed. Corresponding entry not found.
2021-08-10 12:16:29,214 [EventQueue-DeleteBlockStatusForDeletedBlockLogImpl] DEBUG block.DeletedBlockLogImpl (DeletedBlockLogImpl.java:isTransactionFailed(278)) - Got block deletion ACK from datanode, TXIDs=21, success=true
2021-08-10 12:16:29,214 [EventQueue-DeleteBlockStatusForDeletedBlockLogImpl] DEBUG block.DeletedBlockLogImpl (DeletedBlockLogImpl.java:commitTransactions(224)) - Transaction txId=21 commit by dnId=01235482-5c07-4b37-86e9-3192ec4df84f for containerID=#21 failed. Corresponding entry not found.
2021-08-10 12:16:29,215 [EventQueue-DeleteBlockStatusForDeletedBlockLogImpl] DEBUG block.DeletedBlockLogImpl (DeletedBlockLogImpl.java:isTransactionFailed(278)) - Got block deletion ACK from datanode, TXIDs=22, success=true
2021-08-10 12:16:29,215 [EventQueue-DeleteBlockStatusForDeletedBlockLogImpl] DEBUG block.DeletedBlockLogImpl (DeletedBlockLogImpl.java:commitTransactions(224)) - Transaction txId=22 commit by dnId=01235482-5c07-4b37-86e9-3192ec4df84f for containerID=#22 failed. Corresponding entry not found.
2021-08-10 12:16:29,215 [EventQueue-DeleteBlockStatusForDeletedBlockLogImpl] DEBUG block.DeletedBlockLogImpl (DeletedBlockLogImpl.java:isTransactionFailed(278)) - Got block deletion ACK from datanode, TXIDs=23, success=true
2021-08-10 12:16:29,215 [EventQueue-DeleteBlockStatusForDeletedBlockLogImpl] DEBUG block.DeletedBlockLogImpl (DeletedBlockLogImpl.java:commitTransactions(224)) - Transaction txId=23 commit by dnId=01235482-5c07-4b37-86e9-3192ec4df84f for containerID=#23 failed. Corresponding entry not found.
2021-08-10 12:16:29,215 [EventQueue-DeleteBlockStatusForDeletedBlockLogImpl] DEBUG block.DeletedBlockLogImpl (DeletedBlockLogImpl.java:isTransactionFailed(278)) - Got block deletion ACK from datanode, TXIDs=24, success=true
2021-08-10 12:16:29,215 [EventQueue-DeleteBlockStatusForDeletedBlockLogImpl] DEBUG block.DeletedBlockLogImpl (DeletedBlockLogImpl.java:commitTransactions(224)) - Transaction txId=24 commit by dnId=01235482-5c07-4b37-86e9-3192ec4df84f for containerID=#24 failed. Corresponding entry not found.
2021-08-10 12:16:29,215 [EventQueue-DeleteBlockStatusForDeletedBlockLogImpl] DEBUG block.DeletedBlockLogImpl (DeletedBlockLogImpl.java:isTransactionFailed(278)) - Got block deletion ACK from datanode, TXIDs=25, success=true
2021-08-10 12:16:29,215 [EventQueue-DeleteBlockStatusForDeletedBlockLogImpl] DEBUG block.DeletedBlockLogImpl (DeletedBlockLogImpl.java:commitTransactions(224)) - Transaction txId=25 commit by dnId=01235482-5c07-4b37-86e9-3192ec4df84f for containerID=#25 failed. Corresponding entry not found.
2021-08-10 12:16:29,215 [EventQueue-DeleteBlockStatusForDeletedBlockLogImpl] DEBUG block.DeletedBlockLogImpl (DeletedBlockLogImpl.java:isTransactionFailed(278)) - Got block deletion ACK from datanode, TXIDs=26, success=true
2021-08-10 12:16:29,215 [EventQueue-DeleteBlockStatusForDeletedBlockLogImpl] DEBUG block.DeletedBlockLogImpl (DeletedBlockLogImpl.java:commitTransactions(224)) - Transaction txId=26 commit by dnId=01235482-5c07-4b37-86e9-3192ec4df84f for containerID=#26 failed. Corresponding entry not found.
2021-08-10 12:16:29,215 [EventQueue-DeleteBlockStatusForDeletedBlockLogImpl] DEBUG block.DeletedBlockLogImpl (DeletedBlockLogImpl.java:isTransactionFailed(278)) - Got block deletion ACK from datanode, TXIDs=27, success=true
2021-08-10 12:16:29,215 [EventQueue-DeleteBlockStatusForDeletedBlockLogImpl] DEBUG block.DeletedBlockLogImpl (DeletedBlockLogImpl.java:commitTransactions(224)) - Transaction txId=27 commit by dnId=01235482-5c07-4b37-86e9-3192ec4df84f for containerID=#27 failed. Corresponding entry not found.
2021-08-10 12:16:29,215 [EventQueue-DeleteBlockStatusForDeletedBlockLogImpl] DEBUG block.DeletedBlockLogImpl (DeletedBlockLogImpl.java:isTransactionFailed(278)) - Got block deletion ACK from datanode, TXIDs=28, success=true
2021-08-10 12:16:29,215 [EventQueue-DeleteBlockStatusForDeletedBlockLogImpl] DEBUG block.DeletedBlockLogImpl (DeletedBlockLogImpl.java:commitTransactions(224)) - Transaction txId=28 commit by dnId=01235482-5c07-4b37-86e9-3192ec4df84f for containerID=#28 failed. Corresponding entry not found.
2021-08-10 12:16:29,215 [EventQueue-DeleteBlockStatusForDeletedBlockLogImpl] DEBUG block.DeletedBlockLogImpl (DeletedBlockLogImpl.java:isTransactionFailed(278)) - Got block deletion ACK from datanode, TXIDs=29, success=true
2021-08-10 12:16:29,215 [EventQueue-DeleteBlockStatusForDeletedBlockLogImpl] DEBUG block.DeletedBlockLogImpl (DeletedBlockLogImpl.java:commitTransactions(224)) - Transaction txId=29 commit by dnId=01235482-5c07-4b37-86e9-3192ec4df84f for containerID=#29 failed. Corresponding entry not found.
2021-08-10 12:16:29,215 [EventQueue-DeleteBlockStatusForDeletedBlockLogImpl] DEBUG block.DeletedBlockLogImpl (DeletedBlockLogImpl.java:isTransactionFailed(278)) - Got block deletion ACK from datanode, TXIDs=30, success=true
2021-08-10 12:16:29,215 [EventQueue-DeleteBlockStatusForDeletedBlockLogImpl] DEBUG block.DeletedBlockLogImpl (DeletedBlockLogImpl.java:commitTransactions(224)) - Transaction txId=30 commit by dnId=01235482-5c07-4b37-86e9-3192ec4df84f for containerID=#30 failed. Corresponding entry not found.
2021-08-10 12:16:29,215 [EventQueue-DeleteBlockStatusForDeletedBlockLogImpl] DEBUG block.DeletedBlockLogImpl (DeletedBlockLogImpl.java:isTransactionFailed(278)) - Got block deletion ACK from datanode, TXIDs=31, success=true
2021-08-10 12:16:29,215 [EventQueue-DeleteBlockStatusForDeletedBlockLogImpl] DEBUG block.DeletedBlockLogImpl (DeletedBlockLogImpl.java:commitTransactions(224)) - Transaction txId=31 commit by dnId=01235482-5c07-4b37-86e9-3192ec4df84f for containerID=#31 failed. Corresponding entry not found.
2021-08-10 12:16:29,215 [EventQueue-DeleteBlockStatusForDeletedBlockLogImpl] DEBUG block.DeletedBlockLogImpl (DeletedBlockLogImpl.java:isTransactionFailed(278)) - Got block deletion ACK from datanode, TXIDs=32, success=true
2021-08-10 12:16:29,215 [EventQueue-DeleteBlockStatusForDeletedBlockLogImpl] DEBUG block.DeletedBlockLogImpl (DeletedBlockLogImpl.java:commitTransactions(224)) - Transaction txId=32 commit by dnId=01235482-5c07-4b37-86e9-3192ec4df84f for containerID=#32 failed. Corresponding entry not found.
2021-08-10 12:16:29,215 [EventQueue-DeleteBlockStatusForDeletedBlockLogImpl] DEBUG block.DeletedBlockLogImpl (DeletedBlockLogImpl.java:isTransactionFailed(278)) - Got block deletion ACK from datanode, TXIDs=33, success=true
2021-08-10 12:16:29,215 [EventQueue-DeleteBlockStatusForDeletedBlockLogImpl] DEBUG block.DeletedBlockLogImpl (DeletedBlockLogImpl.java:commitTransactions(224)) - Transaction txId=33 commit by dnId=01235482-5c07-4b37-86e9-3192ec4df84f for containerID=#33 failed. Corresponding entry not found.
2021-08-10 12:16:29,215 [EventQueue-DeleteBlockStatusForDeletedBlockLogImpl] DEBUG block.DeletedBlockLogImpl (DeletedBlockLogImpl.java:isTransactionFailed(278)) - Got block deletion ACK from datanode, TXIDs=34, success=true
2021-08-10 12:16:29,215 [EventQueue-DeleteBlockStatusForDeletedBlockLogImpl] DEBUG block.DeletedBlockLogImpl (DeletedBlockLogImpl.java:commitTransactions(224)) - Transaction txId=34 commit by dnId=01235482-5c07-4b37-86e9-3192ec4df84f for containerID=#34 failed. Corresponding entry not found.
2021-08-10 12:16:29,215 [EventQueue-DeleteBlockStatusForDeletedBlockLogImpl] DEBUG block.DeletedBlockLogImpl (DeletedBlockLogImpl.java:isTransactionFailed(278)) - Got block deletion ACK from datanode, TXIDs=35, success=true
2021-08-10 12:16:29,216 [EventQueue-DeleteBlockStatusForDeletedBlockLogImpl] DEBUG block.DeletedBlockLogImpl (DeletedBlockLogImpl.java:commitTransactions(224)) - Transaction txId=35 commit by dnId=01235482-5c07-4b37-86e9-3192ec4df84f for containerID=#35 failed. Corresponding entry not found.
2021-08-10 12:16:29,216 [EventQueue-DeleteBlockStatusForDeletedBlockLogImpl] DEBUG block.DeletedBlockLogImpl (DeletedBlockLogImpl.java:isTransactionFailed(278)) - Got block deletion ACK from datanode, TXIDs=36, success=true
2021-08-10 12:16:29,216 [EventQueue-DeleteBlockStatusForDeletedBlockLogImpl] DEBUG block.DeletedBlockLogImpl (DeletedBlockLogImpl.java:commitTransactions(224)) - Transaction txId=36 commit by dnId=01235482-5c07-4b37-86e9-3192ec4df84f for containerID=#36 failed. Corresponding entry not found.
2021-08-10 12:16:29,216 [EventQueue-DeleteBlockStatusForDeletedBlockLogImpl] DEBUG block.DeletedBlockLogImpl (DeletedBlockLogImpl.java:isTransactionFailed(278)) - Got block deletion ACK from datanode, TXIDs=37, success=true
2021-08-10 12:16:29,216 [EventQueue-DeleteBlockStatusForDeletedBlockLogImpl] DEBUG block.DeletedBlockLogImpl (DeletedBlockLogImpl.java:commitTransactions(224)) - Transaction txId=37 commit by dnId=01235482-5c07-4b37-86e9-3192ec4df84f for containerID=#37 failed. Corresponding entry not found.
2021-08-10 12:16:29,216 [EventQueue-DeleteBlockStatusForDeletedBlockLogImpl] DEBUG block.DeletedBlockLogImpl (DeletedBlockLogImpl.java:isTransactionFailed(278)) - Got block deletion ACK from datanode, TXIDs=38, success=true
2021-08-10 12:16:29,216 [EventQueue-DeleteBlockStatusForDeletedBlockLogImpl] DEBUG block.DeletedBlockLogImpl (DeletedBlockLogImpl.java:commitTransactions(224)) - Transaction txId=38 commit by dnId=01235482-5c07-4b37-86e9-3192ec4df84f for containerID=#38 failed. Corresponding entry not found.
2021-08-10 12:16:29,216 [EventQueue-DeleteBlockStatusForDeletedBlockLogImpl] DEBUG block.DeletedBlockLogImpl (DeletedBlockLogImpl.java:isTransactionFailed(278)) - Got block deletion ACK from datanode, TXIDs=39, success=true
2021-08-10 12:16:29,216 [EventQueue-DeleteBlockStatusForDeletedBlockLogImpl] DEBUG block.DeletedBlockLogImpl (DeletedBlockLogImpl.java:commitTransactions(224)) - Transaction txId=39 commit by dnId=01235482-5c07-4b37-86e9-3192ec4df84f for containerID=#39 failed. Corresponding entry not found.
2021-08-10 12:16:29,216 [EventQueue-DeleteBlockStatusForDeletedBlockLogImpl] DEBUG block.DeletedBlockLogImpl (DeletedBlockLogImpl.java:isTransactionFailed(278)) - Got block deletion ACK from datanode, TXIDs=40, success=true
2021-08-10 12:16:29,216 [EventQueue-DeleteBlockStatusForDeletedBlockLogImpl] DEBUG block.DeletedBlockLogImpl (DeletedBlockLogImpl.java:commitTransactions(224)) - Transaction txId=40 commit by dnId=01235482-5c07-4b37-86e9-3192ec4df84f for containerID=#40 failed. Corresponding entry not found.
2021-08-10 12:16:29,216 [EventQueue-DeleteBlockStatusForDeletedBlockLogImpl] DEBUG block.DeletedBlockLogImpl (DeletedBlockLogImpl.java:isTransactionFailed(278)) - Got block deletion ACK from datanode, TXIDs=41, success=true
2021-08-10 12:16:29,216 [EventQueue-DeleteBlockStatusForDeletedBlockLogImpl] DEBUG block.DeletedBlockLogImpl (DeletedBlockLogImpl.java:commitTransactions(224)) - Transaction txId=41 commit by dnId=01235482-5c07-4b37-86e9-3192ec4df84f for containerID=#41 failed. Corresponding entry not found.
2021-08-10 12:16:29,216 [EventQueue-DeleteBlockStatusForDeletedBlockLogImpl] DEBUG block.DeletedBlockLogImpl (DeletedBlockLogImpl.java:isTransactionFailed(278)) - Got block deletion ACK from datanode, TXIDs=42, success=true
2021-08-10 12:16:29,216 [EventQueue-DeleteBlockStatusForDeletedBlockLogImpl] DEBUG block.DeletedBlockLogImpl (DeletedBlockLogImpl.java:commitTransactions(224)) - Transaction txId=42 commit by dnId=01235482-5c07-4b37-86e9-3192ec4df84f for containerID=#42 failed. Corresponding entry not found.
2021-08-10 12:16:29,216 [EventQueue-DeleteBlockStatusForDeletedBlockLogImpl] DEBUG block.DeletedBlockLogImpl (DeletedBlockLogImpl.java:isTransactionFailed(278)) - Got block deletion ACK from datanode, TXIDs=43, success=true
2021-08-10 12:16:29,216 [EventQueue-DeleteBlockStatusForDeletedBlockLogImpl] DEBUG block.DeletedBlockLogImpl (DeletedBlockLogImpl.java:commitTransactions(224)) - Transaction txId=43 commit by dnId=01235482-5c07-4b37-86e9-3192ec4df84f for containerID=#43 failed. Corresponding entry not found.
2021-08-10 12:16:29,216 [EventQueue-DeleteBlockStatusForDeletedBlockLogImpl] DEBUG block.DeletedBlockLogImpl (DeletedBlockLogImpl.java:isTransactionFailed(278)) - Got block deletion ACK from datanode, TXIDs=44, success=true
2021-08-10 12:16:29,216 [EventQueue-DeleteBlockStatusForDeletedBlockLogImpl] DEBUG block.DeletedBlockLogImpl (DeletedBlockLogImpl.java:commitTransactions(224)) - Transaction txId=44 commit by dnId=01235482-5c07-4b37-86e9-3192ec4df84f for containerID=#44 failed. Corresponding entry not found.
2021-08-10 12:16:29,216 [EventQueue-DeleteBlockStatusForDeletedBlockLogImpl] DEBUG block.DeletedBlockLogImpl (DeletedBlockLogImpl.java:isTransactionFailed(278)) - Got block deletion ACK from datanode, TXIDs=45, success=true
2021-08-10 12:16:29,216 [EventQueue-DeleteBlockStatusForDeletedBlockLogImpl] DEBUG block.DeletedBlockLogImpl (DeletedBlockLogImpl.java:commitTransactions(224)) - Transaction txId=45 commit by dnId=01235482-5c07-4b37-86e9-3192ec4df84f for containerID=#45 failed. Corresponding entry not found.
2021-08-10 12:16:29,216 [EventQueue-DeleteBlockStatusForDeletedBlockLogImpl] DEBUG block.DeletedBlockLogImpl (DeletedBlockLogImpl.java:isTransactionFailed(278)) - Got block deletion ACK from datanode, TXIDs=46, success=true
2021-08-10 12:16:29,216 [EventQueue-DeleteBlockStatusForDeletedBlockLogImpl] DEBUG block.DeletedBlockLogImpl (DeletedBlockLogImpl.java:commitTransactions(224)) - Transaction txId=46 commit by dnId=01235482-5c07-4b37-86e9-3192ec4df84f for containerID=#46 failed. Corresponding entry not found.
2021-08-10 12:16:29,216 [EventQueue-DeleteBlockStatusForDeletedBlockLogImpl] DEBUG block.DeletedBlockLogImpl (DeletedBlockLogImpl.java:isTransactionFailed(278)) - Got block deletion ACK from datanode, TXIDs=47, success=true
2021-08-10 12:16:29,216 [EventQueue-DeleteBlockStatusForDeletedBlockLogImpl] DEBUG block.DeletedBlockLogImpl (DeletedBlockLogImpl.java:commitTransactions(224)) - Transaction txId=47 commit by dnId=01235482-5c07-4b37-86e9-3192ec4df84f for containerID=#47 failed. Corresponding entry not found.
2021-08-10 12:16:29,216 [EventQueue-DeleteBlockStatusForDeletedBlockLogImpl] DEBUG block.DeletedBlockLogImpl (DeletedBlockLogImpl.java:isTransactionFailed(278)) - Got block deletion ACK from datanode, TXIDs=48, success=true
2021-08-10 12:16:29,216 [EventQueue-DeleteBlockStatusForDeletedBlockLogImpl] DEBUG block.DeletedBlockLogImpl (DeletedBlockLogImpl.java:commitTransactions(224)) - Transaction txId=48 commit by dnId=01235482-5c07-4b37-86e9-3192ec4df84f for containerID=#48 failed. Corresponding entry not found.
2021-08-10 12:16:29,216 [EventQueue-DeleteBlockStatusForDeletedBlockLogImpl] DEBUG block.DeletedBlockLogImpl (DeletedBlockLogImpl.java:isTransactionFailed(278)) - Got block deletion ACK from datanode, TXIDs=49, success=true
2021-08-10 12:16:29,217 [EventQueue-DeleteBlockStatusForDeletedBlockLogImpl] DEBUG block.DeletedBlockLogImpl (DeletedBlockLogImpl.java:commitTransactions(224)) - Transaction txId=49 commit by dnId=01235482-5c07-4b37-86e9-3192ec4df84f for containerID=#49 failed. Corresponding entry not found.
2021-08-10 12:16:29,217 [EventQueue-DeleteBlockStatusForDeletedBlockLogImpl] DEBUG block.DeletedBlockLogImpl (DeletedBlockLogImpl.java:isTransactionFailed(278)) - Got block deletion ACK from datanode, TXIDs=50, success=true
2021-08-10 12:16:29,217 [EventQueue-DeleteBlockStatusForDeletedBlockLogImpl] DEBUG block.DeletedBlockLogImpl (DeletedBlockLogImpl.java:commitTransactions(224)) - Transaction txId=50 commit by dnId=01235482-5c07-4b37-86e9-3192ec4df84f for containerID=#50 failed. Corresponding entry not found.
2021-08-10 12:16:29,217 [EventQueue-DeleteBlockStatusForDeletedBlockLogImpl] DEBUG block.DeletedBlockLogImpl (DeletedBlockLogImpl.java:isTransactionFailed(278)) - Got block deletion ACK from datanode, TXIDs=51, success=true
2021-08-10 12:16:29,217 [EventQueue-DeleteBlockStatusForDeletedBlockLogImpl] DEBUG block.DeletedBlockLogImpl (DeletedBlockLogImpl.java:commitTransactions(224)) - Transaction txId=51 commit by dnId=01235482-5c07-4b37-86e9-3192ec4df84f for containerID=#51 failed. Corresponding entry not found.
2021-08-10 12:16:29,217 [EventQueue-DeleteBlockStatusForDeletedBlockLogImpl] DEBUG block.DeletedBlockLogImpl (DeletedBlockLogImpl.java:isTransactionFailed(278)) - Got block deletion ACK from datanode, TXIDs=52, success=true
2021-08-10 12:16:29,217 [EventQueue-DeleteBlockStatusForDeletedBlockLogImpl] DEBUG block.DeletedBlockLogImpl (DeletedBlockLogImpl.java:commitTransactions(224)) - Transaction txId=52 commit by dnId=01235482-5c07-4b37-86e9-3192ec4df84f for containerID=#52 failed. Corresponding entry not found.
2021-08-10 12:16:29,217 [EventQueue-DeleteBlockStatusForDeletedBlockLogImpl] DEBUG block.DeletedBlockLogImpl (DeletedBlockLogImpl.java:isTransactionFailed(278)) - Got block deletion ACK from datanode, TXIDs=53, success=true
2021-08-10 12:16:29,217 [EventQueue-DeleteBlockStatusForDeletedBlockLogImpl] DEBUG block.DeletedBlockLogImpl (DeletedBlockLogImpl.java:commitTransactions(224)) - Transaction txId=53 commit by dnId=01235482-5c07-4b37-86e9-3192ec4df84f for containerID=#53 failed. Corresponding entry not found.
2021-08-10 12:16:29,217 [EventQueue-DeleteBlockStatusForDeletedBlockLogImpl] DEBUG block.DeletedBlockLogImpl (DeletedBlockLogImpl.java:isTransactionFailed(278)) - Got block deletion ACK from datanode, TXIDs=54, success=true
2021-08-10 12:16:29,217 [EventQueue-DeleteBlockStatusForDeletedBlockLogImpl] DEBUG block.DeletedBlockLogImpl (DeletedBlockLogImpl.java:commitTransactions(224)) - Transaction txId=54 commit by dnId=01235482-5c07-4b37-86e9-3192ec4df84f for containerID=#54 failed. Corresponding entry not found.
2021-08-10 12:16:29,217 [EventQueue-DeleteBlockStatusForDeletedBlockLogImpl] DEBUG block.DeletedBlockLogImpl (DeletedBlockLogImpl.java:isTransactionFailed(278)) - Got block deletion ACK from datanode, TXIDs=55, success=true
2021-08-10 12:16:29,217 [EventQueue-DeleteBlockStatusForDeletedBlockLogImpl] DEBUG block.DeletedBlockLogImpl (DeletedBlockLogImpl.java:commitTransactions(224)) - Transaction txId=55 commit by dnId=01235482-5c07-4b37-86e9-3192ec4df84f for containerID=#55 failed. Corresponding entry not found.
2021-08-10 12:16:29,217 [EventQueue-DeleteBlockStatusForDeletedBlockLogImpl] DEBUG block.DeletedBlockLogImpl (DeletedBlockLogImpl.java:isTransactionFailed(278)) - Got block deletion ACK from datanode, TXIDs=56, success=true
2021-08-10 12:16:29,217 [EventQueue-DeleteBlockStatusForDeletedBlockLogImpl] DEBUG block.DeletedBlockLogImpl (DeletedBlockLogImpl.java:commitTransactions(224)) - Transaction txId=56 commit by dnId=01235482-5c07-4b37-86e9-3192ec4df84f for containerID=#56 failed. Corresponding entry not found.
2021-08-10 12:16:29,217 [EventQueue-DeleteBlockStatusForDeletedBlockLogImpl] DEBUG block.DeletedBlockLogImpl (DeletedBlockLogImpl.java:isTransactionFailed(278)) - Got block deletion ACK from datanode, TXIDs=1, success=true
2021-08-10 12:16:29,217 [EventQueue-DeleteBlockStatusForDeletedBlockLogImpl] DEBUG block.DeletedBlockLogImpl (DeletedBlockLogImpl.java:commitTransactions(224)) - Transaction txId=1 commit by dnId=01235482-5c07-4b37-86e9-3192ec4df84f for containerID=#1 failed. Corresponding entry not found.
2021-08-10 12:16:29,217 [EventQueue-DeleteBlockStatusForDeletedBlockLogImpl] DEBUG block.DeletedBlockLogImpl (DeletedBlockLogImpl.java:isTransactionFailed(278)) - Got block deletion ACK from datanode, TXIDs=2, success=true
2021-08-10 12:16:29,217 [EventQueue-DeleteBlockStatusForDeletedBlockLogImpl] DEBUG block.DeletedBlockLogImpl (DeletedBlockLogImpl.java:commitTransactions(224)) - Transaction txId=2 commit by dnId=01235482-5c07-4b37-86e9-3192ec4df84f for containerID=#2 failed. Corresponding entry not found.
2021-08-10 12:16:29,217 [EventQueue-DeleteBlockStatusForDeletedBlockLogImpl] DEBUG block.DeletedBlockLogImpl (DeletedBlockLogImpl.java:isTransactionFailed(278)) - Got block deletion ACK from datanode, TXIDs=3, success=true
2021-08-10 12:16:29,217 [EventQueue-DeleteBlockStatusForDeletedBlockLogImpl] DEBUG block.DeletedBlockLogImpl (DeletedBlockLogImpl.java:commitTransactions(224)) - Transaction txId=3 commit by dnId=01235482-5c07-4b37-86e9-3192ec4df84f for containerID=#3 failed. Corresponding entry not found.
2021-08-10 12:16:29,217 [EventQueue-DeleteBlockStatusForDeletedBlockLogImpl] DEBUG block.DeletedBlockLogImpl (DeletedBlockLogImpl.java:isTransactionFailed(278)) - Got block deletion ACK from datanode, TXIDs=4, success=true
2021-08-10 12:16:29,217 [EventQueue-DeleteBlockStatusForDeletedBlockLogImpl] DEBUG block.DeletedBlockLogImpl (DeletedBlockLogImpl.java:commitTransactions(224)) - Transaction txId=4 commit by dnId=01235482-5c07-4b37-86e9-3192ec4df84f for containerID=#4 failed. Corresponding entry not found.
2021-08-10 12:16:29,217 [EventQueue-DeleteBlockStatusForDeletedBlockLogImpl] DEBUG block.DeletedBlockLogImpl (DeletedBlockLogImpl.java:isTransactionFailed(278)) - Got block deletion ACK from datanode, TXIDs=5, success=true
2021-08-10 12:16:29,217 [EventQueue-DeleteBlockStatusForDeletedBlockLogImpl] DEBUG block.DeletedBlockLogImpl (DeletedBlockLogImpl.java:commitTransactions(224)) - Transaction txId=5 commit by dnId=01235482-5c07-4b37-86e9-3192ec4df84f for containerID=#5 failed. Corresponding entry not found.
2021-08-10 12:16:29,217 [EventQueue-DeleteBlockStatusForDeletedBlockLogImpl] DEBUG block.DeletedBlockLogImpl (DeletedBlockLogImpl.java:isTransactionFailed(278)) - Got block deletion ACK from datanode, TXIDs=6, success=true
2021-08-10 12:16:29,217 [EventQueue-DeleteBlockStatusForDeletedBlockLogImpl] DEBUG block.DeletedBlockLogImpl (DeletedBlockLogImpl.java:commitTransactions(224)) - Transaction txId=6 commit by dnId=01235482-5c07-4b37-86e9-3192ec4df84f for containerID=#6 failed. Corresponding entry not found.
2021-08-10 12:16:29,218 [EventQueue-DeleteBlockStatusForDeletedBlockLogImpl] DEBUG block.DeletedBlockLogImpl (DeletedBlockLogImpl.java:isTransactionFailed(278)) - Got block deletion ACK from datanode, TXIDs=7, success=true
2021-08-10 12:16:29,218 [EventQueue-DeleteBlockStatusForDeletedBlockLogImpl] DEBUG block.DeletedBlockLogImpl (DeletedBlockLogImpl.java:commitTransactions(224)) - Transaction txId=7 commit by dnId=01235482-5c07-4b37-86e9-3192ec4df84f for containerID=#7 failed. Corresponding entry not found.
2021-08-10 12:16:29,218 [EventQueue-DeleteBlockStatusForDeletedBlockLogImpl] DEBUG block.DeletedBlockLogImpl (DeletedBlockLogImpl.java:isTransactionFailed(278)) - Got block deletion ACK from datanode, TXIDs=8, success=true
2021-08-10 12:16:29,218 [EventQueue-DeleteBlockStatusForDeletedBlockLogImpl] DEBUG block.DeletedBlockLogImpl (DeletedBlockLogImpl.java:commitTransactions(224)) - Transaction txId=8 commit by dnId=01235482-5c07-4b37-86e9-3192ec4df84f for containerID=#8 failed. Corresponding entry not found.
2021-08-10 12:16:29,218 [EventQueue-DeleteBlockStatusForDeletedBlockLogImpl] DEBUG block.DeletedBlockLogImpl (DeletedBlockLogImpl.java:isTransactionFailed(278)) - Got block deletion ACK from datanode, TXIDs=9, success=true
2021-08-10 12:16:29,218 [EventQueue-DeleteBlockStatusForDeletedBlockLogImpl] DEBUG block.DeletedBlockLogImpl (DeletedBlockLogImpl.java:commitTransactions(224)) - Transaction txId=9 commit by dnId=01235482-5c07-4b37-86e9-3192ec4df84f for containerID=#9 failed. Corresponding entry not found.
2021-08-10 12:16:29,218 [EventQueue-DeleteBlockStatusForDeletedBlockLogImpl] DEBUG block.DeletedBlockLogImpl (DeletedBlockLogImpl.java:isTransactionFailed(278)) - Got block deletion ACK from datanode, TXIDs=10, success=true
2021-08-10 12:16:29,218 [EventQueue-DeleteBlockStatusForDeletedBlockLogImpl] DEBUG block.DeletedBlockLogImpl (DeletedBlockLogImpl.java:commitTransactions(224)) - Transaction txId=10 commit by dnId=01235482-5c07-4b37-86e9-3192ec4df84f for containerID=#10 failed. Corresponding entry not found.
2021-08-10 12:16:29,218 [EventQueue-DeleteBlockStatusForDeletedBlockLogImpl] DEBUG block.DeletedBlockLogImpl (DeletedBlockLogImpl.java:isTransactionFailed(278)) - Got block deletion ACK from datanode, TXIDs=11, success=true
2021-08-10 12:16:29,218 [EventQueue-DeleteBlockStatusForDeletedBlockLogImpl] DEBUG block.DeletedBlockLogImpl (DeletedBlockLogImpl.java:commitTransactions(224)) - Transaction txId=11 commit by dnId=01235482-5c07-4b37-86e9-3192ec4df84f for containerID=#11 failed. Corresponding entry not found.
2021-08-10 12:16:29,218 [EventQueue-DeleteBlockStatusForDeletedBlockLogImpl] DEBUG block.DeletedBlockLogImpl (DeletedBlockLogImpl.java:isTransactionFailed(278)) - Got block deletion ACK from datanode, TXIDs=12, success=true
2021-08-10 12:16:29,218 [EventQueue-DeleteBlockStatusForDeletedBlockLogImpl] DEBUG block.DeletedBlockLogImpl (DeletedBlockLogImpl.java:commitTransactions(224)) - Transaction txId=12 commit by dnId=01235482-5c07-4b37-86e9-3192ec4df84f for containerID=#12 failed. Corresponding entry not found.
2021-08-10 12:16:29,218 [EventQueue-DeleteBlockStatusForDeletedBlockLogImpl] DEBUG block.DeletedBlockLogImpl (DeletedBlockLogImpl.java:isTransactionFailed(278)) - Got block deletion ACK from datanode, TXIDs=13, success=true
2021-08-10 12:16:29,218 [EventQueue-DeleteBlockStatusForDeletedBlockLogImpl] DEBUG block.DeletedBlockLogImpl (DeletedBlockLogImpl.java:commitTransactions(224)) - Transaction txId=13 commit by dnId=01235482-5c07-4b37-86e9-3192ec4df84f for containerID=#13 failed. Corresponding entry not found.
2021-08-10 12:16:29,218 [EventQueue-DeleteBlockStatusForDeletedBlockLogImpl] DEBUG block.DeletedBlockLogImpl (DeletedBlockLogImpl.java:isTransactionFailed(278)) - Got block deletion ACK from datanode, TXIDs=14, success=true
2021-08-10 12:16:29,218 [EventQueue-DeleteBlockStatusForDeletedBlockLogImpl] DEBUG block.DeletedBlockLogImpl (DeletedBlockLogImpl.java:commitTransactions(224)) - Transaction txId=14 commit by dnId=01235482-5c07-4b37-86e9-3192ec4df84f for containerID=#14 failed. Corresponding entry not found.
2021-08-10 12:16:29,218 [EventQueue-DeleteBlockStatusForDeletedBlockLogImpl] DEBUG block.DeletedBlockLogImpl (DeletedBlockLogImpl.java:isTransactionFailed(278)) - Got block deletion ACK from datanode, TXIDs=15, success=true
2021-08-10 12:16:29,218 [EventQueue-DeleteBlockStatusForDeletedBlockLogImpl] DEBUG block.DeletedBlockLogImpl (DeletedBlockLogImpl.java:commitTransactions(224)) - Transaction txId=15 commit by dnId=01235482-5c07-4b37-86e9-3192ec4df84f for containerID=#15 failed. Corresponding entry not found.
2021-08-10 12:16:29,218 [EventQueue-DeleteBlockStatusForDeletedBlockLogImpl] DEBUG block.DeletedBlockLogImpl (DeletedBlockLogImpl.java:isTransactionFailed(278)) - Got block deletion ACK from datanode, TXIDs=16, success=true
2021-08-10 12:16:29,218 [EventQueue-DeleteBlockStatusForDeletedBlockLogImpl] DEBUG block.DeletedBlockLogImpl (DeletedBlockLogImpl.java:commitTransactions(224)) - Transaction txId=16 commit by dnId=01235482-5c07-4b37-86e9-3192ec4df84f for containerID=#16 failed. Corresponding entry not found.
2021-08-10 12:16:29,218 [EventQueue-DeleteBlockStatusForDeletedBlockLogImpl] DEBUG block.DeletedBlockLogImpl (DeletedBlockLogImpl.java:isTransactionFailed(278)) - Got block deletion ACK from datanode, TXIDs=17, success=true
2021-08-10 12:16:29,218 [EventQueue-DeleteBlockStatusForDeletedBlockLogImpl] DEBUG block.DeletedBlockLogImpl (DeletedBlockLogImpl.java:commitTransactions(224)) - Transaction txId=17 commit by dnId=01235482-5c07-4b37-86e9-3192ec4df84f for containerID=#17 failed. Corresponding entry not found.
2021-08-10 12:16:29,218 [EventQueue-DeleteBlockStatusForDeletedBlockLogImpl] DEBUG block.DeletedBlockLogImpl (DeletedBlockLogImpl.java:isTransactionFailed(278)) - Got block deletion ACK from datanode, TXIDs=18, success=true
2021-08-10 12:16:29,218 [EventQueue-DeleteBlockStatusForDeletedBlockLogImpl] DEBUG block.DeletedBlockLogImpl (DeletedBlockLogImpl.java:commitTransactions(224)) - Transaction txId=18 commit by dnId=01235482-5c07-4b37-86e9-3192ec4df84f for containerID=#18 failed. Corresponding entry not found.
2021-08-10 12:16:29,218 [EventQueue-DeleteBlockStatusForDeletedBlockLogImpl] DEBUG block.DeletedBlockLogImpl (DeletedBlockLogImpl.java:isTransactionFailed(278)) - Got block deletion ACK from datanode, TXIDs=19, success=true
2021-08-10 12:16:29,218 [EventQueue-DeleteBlockStatusForDeletedBlockLogImpl] DEBUG block.DeletedBlockLogImpl (DeletedBlockLogImpl.java:commitTransactions(224)) - Transaction txId=19 commit by dnId=01235482-5c07-4b37-86e9-3192ec4df84f for containerID=#19 failed. Corresponding entry not found.
2021-08-10 12:16:29,218 [EventQueue-DeleteBlockStatusForDeletedBlockLogImpl] DEBUG block.DeletedBlockLogImpl (DeletedBlockLogImpl.java:isTransactionFailed(278)) - Got block deletion ACK from datanode, TXIDs=20, success=true
2021-08-10 12:16:29,218 [EventQueue-DeleteBlockStatusForDeletedBlockLogImpl] DEBUG block.DeletedBlockLogImpl (DeletedBlockLogImpl.java:commitTransactions(224)) - Transaction txId=20 commit by dnId=01235482-5c07-4b37-86e9-3192ec4df84f for containerID=#20 failed. Corresponding entry not found.
2021-08-10 12:16:29,219 [EventQueue-DeleteBlockStatusForDeletedBlockLogImpl] DEBUG block.DeletedBlockLogImpl (DeletedBlockLogImpl.java:isTransactionFailed(278)) - Got block deletion ACK from datanode, TXIDs=21, success=true
2021-08-10 12:16:29,219 [EventQueue-DeleteBlockStatusForDeletedBlockLogImpl] DEBUG block.DeletedBlockLogImpl (DeletedBlockLogImpl.java:commitTransactions(224)) - Transaction txId=21 commit by dnId=01235482-5c07-4b37-86e9-3192ec4df84f for containerID=#21 failed. Corresponding entry not found.
2021-08-10 12:16:29,219 [EventQueue-DeleteBlockStatusForDeletedBlockLogImpl] DEBUG block.DeletedBlockLogImpl (DeletedBlockLogImpl.java:isTransactionFailed(278)) - Got block deletion ACK from datanode, TXIDs=22, success=true
2021-08-10 12:16:29,219 [EventQueue-DeleteBlockStatusForDeletedBlockLogImpl] DEBUG block.DeletedBlockLogImpl (DeletedBlockLogImpl.java:commitTransactions(224)) - Transaction txId=22 commit by dnId=01235482-5c07-4b37-86e9-3192ec4df84f for containerID=#22 failed. Corresponding entry not found.
2021-08-10 12:16:29,219 [EventQueue-DeleteBlockStatusForDeletedBlockLogImpl] DEBUG block.DeletedBlockLogImpl (DeletedBlockLogImpl.java:isTransactionFailed(278)) - Got block deletion ACK from datanode, TXIDs=23, success=true
2021-08-10 12:16:29,219 [EventQueue-DeleteBlockStatusForDeletedBlockLogImpl] DEBUG block.DeletedBlockLogImpl (DeletedBlockLogImpl.java:commitTransactions(224)) - Transaction txId=23 commit by dnId=01235482-5c07-4b37-86e9-3192ec4df84f for containerID=#23 failed. Corresponding entry not found.
2021-08-10 12:16:29,219 [EventQueue-DeleteBlockStatusForDeletedBlockLogImpl] DEBUG block.DeletedBlockLogImpl (DeletedBlockLogImpl.java:isTransactionFailed(278)) - Got block deletion ACK from datanode, TXIDs=24, success=true
2021-08-10 12:16:29,219 [EventQueue-DeleteBlockStatusForDeletedBlockLogImpl] DEBUG block.DeletedBlockLogImpl (DeletedBlockLogImpl.java:commitTransactions(224)) - Transaction txId=24 commit by dnId=01235482-5c07-4b37-86e9-3192ec4df84f for containerID=#24 failed. Corresponding entry not found.
2021-08-10 12:16:29,219 [EventQueue-DeleteBlockStatusForDeletedBlockLogImpl] DEBUG block.DeletedBlockLogImpl (DeletedBlockLogImpl.java:isTransactionFailed(278)) - Got block deletion ACK from datanode, TXIDs=25, success=true
2021-08-10 12:16:29,219 [EventQueue-DeleteBlockStatusForDeletedBlockLogImpl] DEBUG block.DeletedBlockLogImpl (DeletedBlockLogImpl.java:commitTransactions(224)) - Transaction txId=25 commit by dnId=01235482-5c07-4b37-86e9-3192ec4df84f for containerID=#25 failed. Corresponding entry not found.
2021-08-10 12:16:29,219 [EventQueue-DeleteBlockStatusForDeletedBlockLogImpl] DEBUG block.DeletedBlockLogImpl (DeletedBlockLogImpl.java:isTransactionFailed(278)) - Got block deletion ACK from datanode, TXIDs=26, success=true
2021-08-10 12:16:29,219 [EventQueue-DeleteBlockStatusForDeletedBlockLogImpl] DEBUG block.DeletedBlockLogImpl (DeletedBlockLogImpl.java:commitTransactions(224)) - Transaction txId=26 commit by dnId=01235482-5c07-4b37-86e9-3192ec4df84f for containerID=#26 failed. Corresponding entry not found.
2021-08-10 12:16:29,219 [EventQueue-DeleteBlockStatusForDeletedBlockLogImpl] DEBUG block.DeletedBlockLogImpl (DeletedBlockLogImpl.java:isTransactionFailed(278)) - Got block deletion ACK from datanode, TXIDs=27, success=true
2021-08-10 12:16:29,219 [EventQueue-DeleteBlockStatusForDeletedBlockLogImpl] DEBUG block.DeletedBlockLogImpl (DeletedBlockLogImpl.java:commitTransactions(224)) - Transaction txId=27 commit by dnId=01235482-5c07-4b37-86e9-3192ec4df84f for containerID=#27 failed. Corresponding entry not found.
2021-08-10 12:16:29,219 [EventQueue-DeleteBlockStatusForDeletedBlockLogImpl] DEBUG block.DeletedBlockLogImpl (DeletedBlockLogImpl.java:isTransactionFailed(278)) - Got block deletion ACK from datanode, TXIDs=28, success=true
2021-08-10 12:16:29,219 [EventQueue-DeleteBlockStatusForDeletedBlockLogImpl] DEBUG block.DeletedBlockLogImpl (DeletedBlockLogImpl.java:commitTransactions(224)) - Transaction txId=28 commit by dnId=01235482-5c07-4b37-86e9-3192ec4df84f for containerID=#28 failed. Corresponding entry not found.
2021-08-10 12:16:29,219 [EventQueue-DeleteBlockStatusForDeletedBlockLogImpl] DEBUG block.DeletedBlockLogImpl (DeletedBlockLogImpl.java:isTransactionFailed(278)) - Got block deletion ACK from datanode, TXIDs=29, success=true
2021-08-10 12:16:29,219 [EventQueue-DeleteBlockStatusForDeletedBlockLogImpl] DEBUG block.DeletedBlockLogImpl (DeletedBlockLogImpl.java:commitTransactions(224)) - Transaction txId=29 commit by dnId=01235482-5c07-4b37-86e9-3192ec4df84f for containerID=#29 failed. Corresponding entry not found.
2021-08-10 12:16:29,219 [EventQueue-DeleteBlockStatusForDeletedBlockLogImpl] DEBUG block.DeletedBlockLogImpl (DeletedBlockLogImpl.java:isTransactionFailed(278)) - Got block deletion ACK from datanode, TXIDs=30, success=true
2021-08-10 12:16:29,219 [EventQueue-DeleteBlockStatusForDeletedBlockLogImpl] DEBUG block.DeletedBlockLogImpl (DeletedBlockLogImpl.java:commitTransactions(224)) - Transaction txId=30 commit by dnId=01235482-5c07-4b37-86e9-3192ec4df84f for containerID=#30 failed. Corresponding entry not found.
2021-08-10 12:16:29,219 [EventQueue-DeleteBlockStatusForDeletedBlockLogImpl] DEBUG block.DeletedBlockLogImpl (DeletedBlockLogImpl.java:isTransactionFailed(278)) - Got block deletion ACK from datanode, TXIDs=31, success=true
2021-08-10 12:16:29,219 [EventQueue-DeleteBlockStatusForDeletedBlockLogImpl] DEBUG block.DeletedBlockLogImpl (DeletedBlockLogImpl.java:commitTransactions(224)) - Transaction txId=31 commit by dnId=01235482-5c07-4b37-86e9-3192ec4df84f for containerID=#31 failed. Corresponding entry not found.
2021-08-10 12:16:29,219 [EventQueue-DeleteBlockStatusForDeletedBlockLogImpl] DEBUG block.DeletedBlockLogImpl (DeletedBlockLogImpl.java:isTransactionFailed(278)) - Got block deletion ACK from datanode, TXIDs=32, success=true
2021-08-10 12:16:29,219 [EventQueue-DeleteBlockStatusForDeletedBlockLogImpl] DEBUG block.DeletedBlockLogImpl (DeletedBlockLogImpl.java:commitTransactions(224)) - Transaction txId=32 commit by dnId=01235482-5c07-4b37-86e9-3192ec4df84f for containerID=#32 failed. Corresponding entry not found.
2021-08-10 12:16:29,219 [EventQueue-DeleteBlockStatusForDeletedBlockLogImpl] DEBUG block.DeletedBlockLogImpl (DeletedBlockLogImpl.java:isTransactionFailed(278)) - Got block deletion ACK from datanode, TXIDs=33, success=true
2021-08-10 12:16:29,219 [EventQueue-DeleteBlockStatusForDeletedBlockLogImpl] DEBUG block.DeletedBlockLogImpl (DeletedBlockLogImpl.java:commitTransactions(224)) - Transaction txId=33 commit by dnId=01235482-5c07-4b37-86e9-3192ec4df84f for containerID=#33 failed. Corresponding entry not found.
2021-08-10 12:16:29,219 [EventQueue-DeleteBlockStatusForDeletedBlockLogImpl] DEBUG block.DeletedBlockLogImpl (DeletedBlockLogImpl.java:isTransactionFailed(278)) - Got block deletion ACK from datanode, TXIDs=34, success=true
2021-08-10 12:16:29,219 [EventQueue-DeleteBlockStatusForDeletedBlockLogImpl] DEBUG block.DeletedBlockLogImpl (DeletedBlockLogImpl.java:commitTransactions(224)) - Transaction txId=34 commit by dnId=01235482-5c07-4b37-86e9-3192ec4df84f for containerID=#34 failed. Corresponding entry not found.
2021-08-10 12:16:29,220 [EventQueue-DeleteBlockStatusForDeletedBlockLogImpl] DEBUG block.DeletedBlockLogImpl (DeletedBlockLogImpl.java:isTransactionFailed(278)) - Got block deletion ACK from datanode, TXIDs=35, success=true
2021-08-10 12:16:29,220 [EventQueue-DeleteBlockStatusForDeletedBlockLogImpl] DEBUG block.DeletedBlockLogImpl (DeletedBlockLogImpl.java:commitTransactions(224)) - Transaction txId=35 commit by dnId=01235482-5c07-4b37-86e9-3192ec4df84f for containerID=#35 failed. Corresponding entry not found.
2021-08-10 12:16:29,220 [EventQueue-DeleteBlockStatusForDeletedBlockLogImpl] DEBUG block.DeletedBlockLogImpl (DeletedBlockLogImpl.java:isTransactionFailed(278)) - Got block deletion ACK from datanode, TXIDs=36, success=true
2021-08-10 12:16:29,220 [EventQueue-DeleteBlockStatusForDeletedBlockLogImpl] DEBUG block.DeletedBlockLogImpl (DeletedBlockLogImpl.java:commitTransactions(224)) - Transaction txId=36 commit by dnId=01235482-5c07-4b37-86e9-3192ec4df84f for containerID=#36 failed. Corresponding entry not found.
2021-08-10 12:16:29,220 [EventQueue-DeleteBlockStatusForDeletedBlockLogImpl] DEBUG block.DeletedBlockLogImpl (DeletedBlockLogImpl.java:isTransactionFailed(278)) - Got block deletion ACK from datanode, TXIDs=37, success=true
2021-08-10 12:16:29,220 [EventQueue-DeleteBlockStatusForDeletedBlockLogImpl] DEBUG block.DeletedBlockLogImpl (DeletedBlockLogImpl.java:commitTransactions(224)) - Transaction txId=37 commit by dnId=01235482-5c07-4b37-86e9-3192ec4df84f for containerID=#37 failed. Corresponding entry not found.
2021-08-10 12:16:29,220 [EventQueue-DeleteBlockStatusForDeletedBlockLogImpl] DEBUG block.DeletedBlockLogImpl (DeletedBlockLogImpl.java:isTransactionFailed(278)) - Got block deletion ACK from datanode, TXIDs=38, success=true
2021-08-10 12:16:29,220 [EventQueue-DeleteBlockStatusForDeletedBlockLogImpl] DEBUG block.DeletedBlockLogImpl (DeletedBlockLogImpl.java:commitTransactions(224)) - Transaction txId=38 commit by dnId=01235482-5c07-4b37-86e9-3192ec4df84f for containerID=#38 failed. Corresponding entry not found.
2021-08-10 12:16:29,220 [EventQueue-DeleteBlockStatusForDeletedBlockLogImpl] DEBUG block.DeletedBlockLogImpl (DeletedBlockLogImpl.java:isTransactionFailed(278)) - Got block deletion ACK from datanode, TXIDs=39, success=true
2021-08-10 12:16:29,220 [EventQueue-DeleteBlockStatusForDeletedBlockLogImpl] DEBUG block.DeletedBlockLogImpl (DeletedBlockLogImpl.java:commitTransactions(224)) - Transaction txId=39 commit by dnId=01235482-5c07-4b37-86e9-3192ec4df84f for containerID=#39 failed. Corresponding entry not found.
2021-08-10 12:16:29,220 [EventQueue-DeleteBlockStatusForDeletedBlockLogImpl] DEBUG block.DeletedBlockLogImpl (DeletedBlockLogImpl.java:isTransactionFailed(278)) - Got block deletion ACK from datanode, TXIDs=40, success=true
2021-08-10 12:16:29,220 [EventQueue-DeleteBlockStatusForDeletedBlockLogImpl] DEBUG block.DeletedBlockLogImpl (DeletedBlockLogImpl.java:commitTransactions(224)) - Transaction txId=40 commit by dnId=01235482-5c07-4b37-86e9-3192ec4df84f for containerID=#40 failed. Corresponding entry not found.
2021-08-10 12:16:29,220 [EventQueue-DeleteBlockStatusForDeletedBlockLogImpl] DEBUG block.DeletedBlockLogImpl (DeletedBlockLogImpl.java:isTransactionFailed(278)) - Got block deletion ACK from datanode, TXIDs=41, success=true
2021-08-10 12:16:29,220 [EventQueue-DeleteBlockStatusForDeletedBlockLogImpl] DEBUG block.DeletedBlockLogImpl (DeletedBlockLogImpl.java:commitTransactions(224)) - Transaction txId=41 commit by dnId=01235482-5c07-4b37-86e9-3192ec4df84f for containerID=#41 failed. Corresponding entry not found.
2021-08-10 12:16:29,220 [EventQueue-DeleteBlockStatusForDeletedBlockLogImpl] DEBUG block.DeletedBlockLogImpl (DeletedBlockLogImpl.java:isTransactionFailed(278)) - Got block deletion ACK from datanode, TXIDs=42, success=true
2021-08-10 12:16:29,220 [EventQueue-DeleteBlockStatusForDeletedBlockLogImpl] DEBUG block.DeletedBlockLogImpl (DeletedBlockLogImpl.java:commitTransactions(224)) - Transaction txId=42 commit by dnId=01235482-5c07-4b37-86e9-3192ec4df84f for containerID=#42 failed. Corresponding entry not found.
2021-08-10 12:16:29,220 [EventQueue-DeleteBlockStatusForDeletedBlockLogImpl] DEBUG block.DeletedBlockLogImpl (DeletedBlockLogImpl.java:isTransactionFailed(278)) - Got block deletion ACK from datanode, TXIDs=43, success=true
2021-08-10 12:16:29,220 [EventQueue-DeleteBlockStatusForDeletedBlockLogImpl] DEBUG block.DeletedBlockLogImpl (DeletedBlockLogImpl.java:commitTransactions(224)) - Transaction txId=43 commit by dnId=01235482-5c07-4b37-86e9-3192ec4df84f for containerID=#43 failed. Corresponding entry not found.
2021-08-10 12:16:29,220 [EventQueue-DeleteBlockStatusForDeletedBlockLogImpl] DEBUG block.DeletedBlockLogImpl (DeletedBlockLogImpl.java:isTransactionFailed(278)) - Got block deletion ACK from datanode, TXIDs=44, success=true
2021-08-10 12:16:29,220 [EventQueue-DeleteBlockStatusForDeletedBlockLogImpl] DEBUG block.DeletedBlockLogImpl (DeletedBlockLogImpl.java:commitTransactions(224)) - Transaction txId=44 commit by dnId=01235482-5c07-4b37-86e9-3192ec4df84f for containerID=#44 failed. Corresponding entry not found.
2021-08-10 12:16:29,220 [EventQueue-DeleteBlockStatusForDeletedBlockLogImpl] DEBUG block.DeletedBlockLogImpl (DeletedBlockLogImpl.java:isTransactionFailed(278)) - Got block deletion ACK from datanode, TXIDs=45, success=true
2021-08-10 12:16:29,220 [EventQueue-DeleteBlockStatusForDeletedBlockLogImpl] DEBUG block.DeletedBlockLogImpl (DeletedBlockLogImpl.java:commitTransactions(224)) - Transaction txId=45 commit by dnId=01235482-5c07-4b37-86e9-3192ec4df84f for containerID=#45 failed. Corresponding entry not found.
2021-08-10 12:16:29,220 [EventQueue-DeleteBlockStatusForDeletedBlockLogImpl] DEBUG block.DeletedBlockLogImpl (DeletedBlockLogImpl.java:isTransactionFailed(278)) - Got block deletion ACK from datanode, TXIDs=46, success=true
2021-08-10 12:16:29,220 [EventQueue-DeleteBlockStatusForDeletedBlockLogImpl] DEBUG block.DeletedBlockLogImpl (DeletedBlockLogImpl.java:commitTransactions(224)) - Transaction txId=46 commit by dnId=01235482-5c07-4b37-86e9-3192ec4df84f for containerID=#46 failed. Corresponding entry not found.
2021-08-10 12:16:29,220 [EventQueue-DeleteBlockStatusForDeletedBlockLogImpl] DEBUG block.DeletedBlockLogImpl (DeletedBlockLogImpl.java:isTransactionFailed(278)) - Got block deletion ACK from datanode, TXIDs=47, success=true
2021-08-10 12:16:29,220 [EventQueue-DeleteBlockStatusForDeletedBlockLogImpl] DEBUG block.DeletedBlockLogImpl (DeletedBlockLogImpl.java:commitTransactions(224)) - Transaction txId=47 commit by dnId=01235482-5c07-4b37-86e9-3192ec4df84f for containerID=#47 failed. Corresponding entry not found.
2021-08-10 12:16:29,221 [EventQueue-DeleteBlockStatusForDeletedBlockLogImpl] DEBUG block.DeletedBlockLogImpl (DeletedBlockLogImpl.java:isTransactionFailed(278)) - Got block deletion ACK from datanode, TXIDs=48, success=true
2021-08-10 12:16:29,221 [EventQueue-DeleteBlockStatusForDeletedBlockLogImpl] DEBUG block.DeletedBlockLogImpl (DeletedBlockLogImpl.java:commitTransactions(224)) - Transaction txId=48 commit by dnId=01235482-5c07-4b37-86e9-3192ec4df84f for containerID=#48 failed. Corresponding entry not found.
2021-08-10 12:16:29,221 [EventQueue-DeleteBlockStatusForDeletedBlockLogImpl] DEBUG block.DeletedBlockLogImpl (DeletedBlockLogImpl.java:isTransactionFailed(278)) - Got block deletion ACK from datanode, TXIDs=49, success=true
2021-08-10 12:16:29,221 [EventQueue-DeleteBlockStatusForDeletedBlockLogImpl] DEBUG block.DeletedBlockLogImpl (DeletedBlockLogImpl.java:commitTransactions(224)) - Transaction txId=49 commit by dnId=01235482-5c07-4b37-86e9-3192ec4df84f for containerID=#49 failed. Corresponding entry not found.
2021-08-10 12:16:29,221 [EventQueue-DeleteBlockStatusForDeletedBlockLogImpl] DEBUG block.DeletedBlockLogImpl (DeletedBlockLogImpl.java:isTransactionFailed(278)) - Got block deletion ACK from datanode, TXIDs=50, success=true
2021-08-10 12:16:29,221 [EventQueue-DeleteBlockStatusForDeletedBlockLogImpl] DEBUG block.DeletedBlockLogImpl (DeletedBlockLogImpl.java:commitTransactions(224)) - Transaction txId=50 commit by dnId=01235482-5c07-4b37-86e9-3192ec4df84f for containerID=#50 failed. Corresponding entry not found.
2021-08-10 12:16:29,221 [EventQueue-DeleteBlockStatusForDeletedBlockLogImpl] DEBUG block.DeletedBlockLogImpl (DeletedBlockLogImpl.java:isTransactionFailed(278)) - Got block deletion ACK from datanode, TXIDs=51, success=true
2021-08-10 12:16:29,221 [EventQueue-DeleteBlockStatusForDeletedBlockLogImpl] DEBUG block.DeletedBlockLogImpl (DeletedBlockLogImpl.java:commitTransactions(224)) - Transaction txId=51 commit by dnId=01235482-5c07-4b37-86e9-3192ec4df84f for containerID=#51 failed. Corresponding entry not found.
2021-08-10 12:16:29,221 [EventQueue-DeleteBlockStatusForDeletedBlockLogImpl] DEBUG block.DeletedBlockLogImpl (DeletedBlockLogImpl.java:isTransactionFailed(278)) - Got block deletion ACK from datanode, TXIDs=52, success=true
2021-08-10 12:16:29,221 [EventQueue-DeleteBlockStatusForDeletedBlockLogImpl] DEBUG block.DeletedBlockLogImpl (DeletedBlockLogImpl.java:commitTransactions(224)) - Transaction txId=52 commit by dnId=01235482-5c07-4b37-86e9-3192ec4df84f for containerID=#52 failed. Corresponding entry not found.
2021-08-10 12:16:29,221 [EventQueue-DeleteBlockStatusForDeletedBlockLogImpl] DEBUG block.DeletedBlockLogImpl (DeletedBlockLogImpl.java:isTransactionFailed(278)) - Got block deletion ACK from datanode, TXIDs=53, success=true
2021-08-10 12:16:29,221 [EventQueue-DeleteBlockStatusForDeletedBlockLogImpl] DEBUG block.DeletedBlockLogImpl (DeletedBlockLogImpl.java:commitTransactions(224)) - Transaction txId=53 commit by dnId=01235482-5c07-4b37-86e9-3192ec4df84f for containerID=#53 failed. Corresponding entry not found.
2021-08-10 12:16:29,221 [EventQueue-DeleteBlockStatusForDeletedBlockLogImpl] DEBUG block.DeletedBlockLogImpl (DeletedBlockLogImpl.java:isTransactionFailed(278)) - Got block deletion ACK from datanode, TXIDs=54, success=true
2021-08-10 12:16:29,221 [EventQueue-DeleteBlockStatusForDeletedBlockLogImpl] DEBUG block.DeletedBlockLogImpl (DeletedBlockLogImpl.java:commitTransactions(224)) - Transaction txId=54 commit by dnId=01235482-5c07-4b37-86e9-3192ec4df84f for containerID=#54 failed. Corresponding entry not found.
2021-08-10 12:16:29,221 [EventQueue-DeleteBlockStatusForDeletedBlockLogImpl] DEBUG block.DeletedBlockLogImpl (DeletedBlockLogImpl.java:isTransactionFailed(278)) - Got block deletion ACK from datanode, TXIDs=55, success=true
2021-08-10 12:16:29,221 [EventQueue-DeleteBlockStatusForDeletedBlockLogImpl] DEBUG block.DeletedBlockLogImpl (DeletedBlockLogImpl.java:commitTransactions(224)) - Transaction txId=55 commit by dnId=01235482-5c07-4b37-86e9-3192ec4df84f for containerID=#55 failed. Corresponding entry not found.
2021-08-10 12:16:29,221 [EventQueue-DeleteBlockStatusForDeletedBlockLogImpl] DEBUG block.DeletedBlockLogImpl (DeletedBlockLogImpl.java:isTransactionFailed(278)) - Got block deletion ACK from datanode, TXIDs=56, success=true
2021-08-10 12:16:29,221 [EventQueue-DeleteBlockStatusForDeletedBlockLogImpl] DEBUG block.DeletedBlockLogImpl (DeletedBlockLogImpl.java:commitTransactions(224)) - Transaction txId=56 commit by dnId=01235482-5c07-4b37-86e9-3192ec4df84f for containerID=#56 failed. Corresponding entry not found.
2021-08-10 12:16:29,221 [EventQueue-DeleteBlockStatusForDeletedBlockLogImpl] DEBUG block.DeletedBlockLogImpl (DeletedBlockLogImpl.java:isTransactionFailed(278)) - Got block deletion ACK from datanode, TXIDs=1, success=true
2021-08-10 12:16:29,221 [EventQueue-DeleteBlockStatusForDeletedBlockLogImpl] DEBUG block.DeletedBlockLogImpl (DeletedBlockLogImpl.java:commitTransactions(224)) - Transaction txId=1 commit by dnId=01235482-5c07-4b37-86e9-3192ec4df84f for containerID=#1 failed. Corresponding entry not found.
2021-08-10 12:16:29,221 [EventQueue-DeleteBlockStatusForDeletedBlockLogImpl] DEBUG block.DeletedBlockLogImpl (DeletedBlockLogImpl.java:isTransactionFailed(278)) - Got block deletion ACK from datanode, TXIDs=2, success=true
2021-08-10 12:16:29,221 [EventQueue-DeleteBlockStatusForDeletedBlockLogImpl] DEBUG block.DeletedBlockLogImpl (DeletedBlockLogImpl.java:commitTransactions(224)) - Transaction txId=2 commit by dnId=01235482-5c07-4b37-86e9-3192ec4df84f for containerID=#2 failed. Corresponding entry not found.
2021-08-10 12:16:29,221 [EventQueue-DeleteBlockStatusForDeletedBlockLogImpl] DEBUG block.DeletedBlockLogImpl (DeletedBlockLogImpl.java:isTransactionFailed(278)) - Got block deletion ACK from datanode, TXIDs=3, success=true
2021-08-10 12:16:29,221 [EventQueue-DeleteBlockStatusForDeletedBlockLogImpl] DEBUG block.DeletedBlockLogImpl (DeletedBlockLogImpl.java:commitTransactions(224)) - Transaction txId=3 commit by dnId=01235482-5c07-4b37-86e9-3192ec4df84f for containerID=#3 failed. Corresponding entry not found.
2021-08-10 12:16:29,221 [EventQueue-DeleteBlockStatusForDeletedBlockLogImpl] DEBUG block.DeletedBlockLogImpl (DeletedBlockLogImpl.java:isTransactionFailed(278)) - Got block deletion ACK from datanode, TXIDs=4, success=true
2021-08-10 12:16:29,221 [EventQueue-DeleteBlockStatusForDeletedBlockLogImpl] DEBUG block.DeletedBlockLogImpl (DeletedBlockLogImpl.java:commitTransactions(224)) - Transaction txId=4 commit by dnId=01235482-5c07-4b37-86e9-3192ec4df84f for containerID=#4 failed. Corresponding entry not found.
2021-08-10 12:16:29,221 [EventQueue-DeleteBlockStatusForDeletedBlockLogImpl] DEBUG block.DeletedBlockLogImpl (DeletedBlockLogImpl.java:isTransactionFailed(278)) - Got block deletion ACK from datanode, TXIDs=5, success=true
2021-08-10 12:16:29,221 [EventQueue-DeleteBlockStatusForDeletedBlockLogImpl] DEBUG block.DeletedBlockLogImpl (DeletedBlockLogImpl.java:commitTransactions(224)) - Transaction txId=5 commit by dnId=01235482-5c07-4b37-86e9-3192ec4df84f for containerID=#5 failed. Corresponding entry not found.
2021-08-10 12:16:29,222 [EventQueue-DeleteBlockStatusForDeletedBlockLogImpl] DEBUG block.DeletedBlockLogImpl (DeletedBlockLogImpl.java:isTransactionFailed(278)) - Got block deletion ACK from datanode, TXIDs=6, success=true
2021-08-10 12:16:29,222 [EventQueue-DeleteBlockStatusForDeletedBlockLogImpl] DEBUG block.DeletedBlockLogImpl (DeletedBlockLogImpl.java:commitTransactions(224)) - Transaction txId=6 commit by dnId=01235482-5c07-4b37-86e9-3192ec4df84f for containerID=#6 failed. Corresponding entry not found.
2021-08-10 12:16:29,222 [EventQueue-DeleteBlockStatusForDeletedBlockLogImpl] DEBUG block.DeletedBlockLogImpl (DeletedBlockLogImpl.java:isTransactionFailed(278)) - Got block deletion ACK from datanode, TXIDs=7, success=true
2021-08-10 12:16:29,222 [EventQueue-DeleteBlockStatusForDeletedBlockLogImpl] DEBUG block.DeletedBlockLogImpl (DeletedBlockLogImpl.java:commitTransactions(224)) - Transaction txId=7 commit by dnId=01235482-5c07-4b37-86e9-3192ec4df84f for containerID=#7 failed. Corresponding entry not found.
2021-08-10 12:16:29,222 [EventQueue-DeleteBlockStatusForDeletedBlockLogImpl] DEBUG block.DeletedBlockLogImpl (DeletedBlockLogImpl.java:isTransactionFailed(278)) - Got block deletion ACK from datanode, TXIDs=8, success=true
2021-08-10 12:16:29,222 [EventQueue-DeleteBlockStatusForDeletedBlockLogImpl] DEBUG block.DeletedBlockLogImpl (DeletedBlockLogImpl.java:commitTransactions(224)) - Transaction txId=8 commit by dnId=01235482-5c07-4b37-86e9-3192ec4df84f for containerID=#8 failed. Corresponding entry not found.
2021-08-10 12:16:29,222 [EventQueue-DeleteBlockStatusForDeletedBlockLogImpl] DEBUG block.DeletedBlockLogImpl (DeletedBlockLogImpl.java:isTransactionFailed(278)) - Got block deletion ACK from datanode, TXIDs=9, success=true
2021-08-10 12:16:29,222 [EventQueue-DeleteBlockStatusForDeletedBlockLogImpl] DEBUG block.DeletedBlockLogImpl (DeletedBlockLogImpl.java:commitTransactions(224)) - Transaction txId=9 commit by dnId=01235482-5c07-4b37-86e9-3192ec4df84f for containerID=#9 failed. Corresponding entry not found.
2021-08-10 12:16:29,222 [EventQueue-DeleteBlockStatusForDeletedBlockLogImpl] DEBUG block.DeletedBlockLogImpl (DeletedBlockLogImpl.java:isTransactionFailed(278)) - Got block deletion ACK from datanode, TXIDs=10, success=true
2021-08-10 12:16:29,222 [EventQueue-DeleteBlockStatusForDeletedBlockLogImpl] DEBUG block.DeletedBlockLogImpl (DeletedBlockLogImpl.java:commitTransactions(224)) - Transaction txId=10 commit by dnId=01235482-5c07-4b37-86e9-3192ec4df84f for containerID=#10 failed. Corresponding entry not found.
2021-08-10 12:16:29,222 [EventQueue-DeleteBlockStatusForDeletedBlockLogImpl] DEBUG block.DeletedBlockLogImpl (DeletedBlockLogImpl.java:isTransactionFailed(278)) - Got block deletion ACK from datanode, TXIDs=11, success=true
2021-08-10 12:16:29,222 [EventQueue-DeleteBlockStatusForDeletedBlockLogImpl] DEBUG block.DeletedBlockLogImpl (DeletedBlockLogImpl.java:commitTransactions(224)) - Transaction txId=11 commit by dnId=01235482-5c07-4b37-86e9-3192ec4df84f for containerID=#11 failed. Corresponding entry not found.
2021-08-10 12:16:29,222 [EventQueue-DeleteBlockStatusForDeletedBlockLogImpl] DEBUG block.DeletedBlockLogImpl (DeletedBlockLogImpl.java:isTransactionFailed(278)) - Got block deletion ACK from datanode, TXIDs=12, success=true
2021-08-10 12:16:29,230 [EventQueue-DeleteBlockStatusForDeletedBlockLogImpl] DEBUG block.DeletedBlockLogImpl (DeletedBlockLogImpl.java:commitTransactions(224)) - Transaction txId=12 commit by dnId=01235482-5c07-4b37-86e9-3192ec4df84f for containerID=#12 failed. Corresponding entry not found.
2021-08-10 12:16:29,230 [EventQueue-DeleteBlockStatusForDeletedBlockLogImpl] DEBUG block.DeletedBlockLogImpl (DeletedBlockLogImpl.java:isTransactionFailed(278)) - Got block deletion ACK from datanode, TXIDs=13, success=true
2021-08-10 12:16:29,230 [EventQueue-DeleteBlockStatusForDeletedBlockLogImpl] DEBUG block.DeletedBlockLogImpl (DeletedBlockLogImpl.java:commitTransactions(224)) - Transaction txId=13 commit by dnId=01235482-5c07-4b37-86e9-3192ec4df84f for containerID=#13 failed. Corresponding entry not found.
2021-08-10 12:16:29,230 [EventQueue-DeleteBlockStatusForDeletedBlockLogImpl] DEBUG block.DeletedBlockLogImpl (DeletedBlockLogImpl.java:isTransactionFailed(278)) - Got block deletion ACK from datanode, TXIDs=14, success=true
2021-08-10 12:16:29,230 [EventQueue-DeleteBlockStatusForDeletedBlockLogImpl] DEBUG block.DeletedBlockLogImpl (DeletedBlockLogImpl.java:commitTransactions(224)) - Transaction txId=14 commit by dnId=01235482-5c07-4b37-86e9-3192ec4df84f for containerID=#14 failed. Corresponding entry not found.
2021-08-10 12:16:29,230 [EventQueue-DeleteBlockStatusForDeletedBlockLogImpl] DEBUG block.DeletedBlockLogImpl (DeletedBlockLogImpl.java:isTransactionFailed(278)) - Got block deletion ACK from datanode, TXIDs=15, success=true
2021-08-10 12:16:29,230 [EventQueue-DeleteBlockStatusForDeletedBlockLogImpl] DEBUG block.DeletedBlockLogImpl (DeletedBlockLogImpl.java:commitTransactions(224)) - Transaction txId=15 commit by dnId=01235482-5c07-4b37-86e9-3192ec4df84f for containerID=#15 failed. Corresponding entry not found.
2021-08-10 12:16:29,230 [EventQueue-DeleteBlockStatusForDeletedBlockLogImpl] DEBUG block.DeletedBlockLogImpl (DeletedBlockLogImpl.java:isTransactionFailed(278)) - Got block deletion ACK from datanode, TXIDs=16, success=true
2021-08-10 12:16:29,230 [EventQueue-DeleteBlockStatusForDeletedBlockLogImpl] DEBUG block.DeletedBlockLogImpl (DeletedBlockLogImpl.java:commitTransactions(224)) - Transaction txId=16 commit by dnId=01235482-5c07-4b37-86e9-3192ec4df84f for containerID=#16 failed. Corresponding entry not found.
2021-08-10 12:16:29,230 [EventQueue-DeleteBlockStatusForDeletedBlockLogImpl] DEBUG block.DeletedBlockLogImpl (DeletedBlockLogImpl.java:isTransactionFailed(278)) - Got block deletion ACK from datanode, TXIDs=17, success=true
2021-08-10 12:16:29,230 [EventQueue-DeleteBlockStatusForDeletedBlockLogImpl] DEBUG block.DeletedBlockLogImpl (DeletedBlockLogImpl.java:commitTransactions(224)) - Transaction txId=17 commit by dnId=01235482-5c07-4b37-86e9-3192ec4df84f for containerID=#17 failed. Corresponding entry not found.
2021-08-10 12:16:29,230 [EventQueue-DeleteBlockStatusForDeletedBlockLogImpl] DEBUG block.DeletedBlockLogImpl (DeletedBlockLogImpl.java:isTransactionFailed(278)) - Got block deletion ACK from datanode, TXIDs=18, success=true
2021-08-10 12:16:29,230 [EventQueue-DeleteBlockStatusForDeletedBlockLogImpl] DEBUG block.DeletedBlockLogImpl (DeletedBlockLogImpl.java:commitTransactions(224)) - Transaction txId=18 commit by dnId=01235482-5c07-4b37-86e9-3192ec4df84f for containerID=#18 failed. Corresponding entry not found.
2021-08-10 12:16:29,230 [EventQueue-DeleteBlockStatusForDeletedBlockLogImpl] DEBUG block.DeletedBlockLogImpl (DeletedBlockLogImpl.java:isTransactionFailed(278)) - Got block deletion ACK from datanode, TXIDs=19, success=true
2021-08-10 12:16:29,230 [EventQueue-DeleteBlockStatusForDeletedBlockLogImpl] DEBUG block.DeletedBlockLogImpl (DeletedBlockLogImpl.java:commitTransactions(224)) - Transaction txId=19 commit by dnId=01235482-5c07-4b37-86e9-3192ec4df84f for containerID=#19 failed. Corresponding entry not found.
2021-08-10 12:16:29,230 [EventQueue-DeleteBlockStatusForDeletedBlockLogImpl] DEBUG block.DeletedBlockLogImpl (DeletedBlockLogImpl.java:isTransactionFailed(278)) - Got block deletion ACK from datanode, TXIDs=20, success=true
2021-08-10 12:16:29,230 [EventQueue-DeleteBlockStatusForDeletedBlockLogImpl] DEBUG block.DeletedBlockLogImpl (DeletedBlockLogImpl.java:commitTransactions(224)) - Transaction txId=20 commit by dnId=01235482-5c07-4b37-86e9-3192ec4df84f for containerID=#20 failed. Corresponding entry not found.
2021-08-10 12:16:29,231 [EventQueue-DeleteBlockStatusForDeletedBlockLogImpl] DEBUG block.DeletedBlockLogImpl (DeletedBlockLogImpl.java:isTransactionFailed(278)) - Got block deletion ACK from datanode, TXIDs=21, success=true
2021-08-10 12:16:29,231 [EventQueue-DeleteBlockStatusForDeletedBlockLogImpl] DEBUG block.DeletedBlockLogImpl (DeletedBlockLogImpl.java:commitTransactions(224)) - Transaction txId=21 commit by dnId=01235482-5c07-4b37-86e9-3192ec4df84f for containerID=#21 failed. Corresponding entry not found.
2021-08-10 12:16:29,231 [EventQueue-DeleteBlockStatusForDeletedBlockLogImpl] DEBUG block.DeletedBlockLogImpl (DeletedBlockLogImpl.java:isTransactionFailed(278)) - Got block deletion ACK from datanode, TXIDs=22, success=true
2021-08-10 12:16:29,231 [EventQueue-DeleteBlockStatusForDeletedBlockLogImpl] DEBUG block.DeletedBlockLogImpl (DeletedBlockLogImpl.java:commitTransactions(224)) - Transaction txId=22 commit by dnId=01235482-5c07-4b37-86e9-3192ec4df84f for containerID=#22 failed. Corresponding entry not found.
2021-08-10 12:16:29,231 [EventQueue-DeleteBlockStatusForDeletedBlockLogImpl] DEBUG block.DeletedBlockLogImpl (DeletedBlockLogImpl.java:isTransactionFailed(278)) - Got block deletion ACK from datanode, TXIDs=23, success=true
2021-08-10 12:16:29,231 [EventQueue-DeleteBlockStatusForDeletedBlockLogImpl] DEBUG block.DeletedBlockLogImpl (DeletedBlockLogImpl.java:commitTransactions(224)) - Transaction txId=23 commit by dnId=01235482-5c07-4b37-86e9-3192ec4df84f for containerID=#23 failed. Corresponding entry not found.
2021-08-10 12:16:29,231 [EventQueue-DeleteBlockStatusForDeletedBlockLogImpl] DEBUG block.DeletedBlockLogImpl (DeletedBlockLogImpl.java:isTransactionFailed(278)) - Got block deletion ACK from datanode, TXIDs=24, success=true
2021-08-10 12:16:29,231 [EventQueue-DeleteBlockStatusForDeletedBlockLogImpl] DEBUG block.DeletedBlockLogImpl (DeletedBlockLogImpl.java:commitTransactions(224)) - Transaction txId=24 commit by dnId=01235482-5c07-4b37-86e9-3192ec4df84f for containerID=#24 failed. Corresponding entry not found.
2021-08-10 12:16:29,231 [EventQueue-DeleteBlockStatusForDeletedBlockLogImpl] DEBUG block.DeletedBlockLogImpl (DeletedBlockLogImpl.java:isTransactionFailed(278)) - Got block deletion ACK from datanode, TXIDs=25, success=true
2021-08-10 12:16:29,231 [EventQueue-DeleteBlockStatusForDeletedBlockLogImpl] DEBUG block.DeletedBlockLogImpl (DeletedBlockLogImpl.java:commitTransactions(224)) - Transaction txId=25 commit by dnId=01235482-5c07-4b37-86e9-3192ec4df84f for containerID=#25 failed. Corresponding entry not found.
2021-08-10 12:16:29,231 [EventQueue-DeleteBlockStatusForDeletedBlockLogImpl] DEBUG block.DeletedBlockLogImpl (DeletedBlockLogImpl.java:isTransactionFailed(278)) - Got block deletion ACK from datanode, TXIDs=26, success=true
2021-08-10 12:16:29,231 [EventQueue-DeleteBlockStatusForDeletedBlockLogImpl] DEBUG block.DeletedBlockLogImpl (DeletedBlockLogImpl.java:commitTransactions(224)) - Transaction txId=26 commit by dnId=01235482-5c07-4b37-86e9-3192ec4df84f for containerID=#26 failed. Corresponding entry not found.
2021-08-10 12:16:29,231 [EventQueue-DeleteBlockStatusForDeletedBlockLogImpl] DEBUG block.DeletedBlockLogImpl (DeletedBlockLogImpl.java:isTransactionFailed(278)) - Got block deletion ACK from datanode, TXIDs=27, success=true
2021-08-10 12:16:29,231 [EventQueue-DeleteBlockStatusForDeletedBlockLogImpl] DEBUG block.DeletedBlockLogImpl (DeletedBlockLogImpl.java:commitTransactions(224)) - Transaction txId=27 commit by dnId=01235482-5c07-4b37-86e9-3192ec4df84f for containerID=#27 failed. Corresponding entry not found.
2021-08-10 12:16:29,231 [EventQueue-DeleteBlockStatusForDeletedBlockLogImpl] DEBUG block.DeletedBlockLogImpl (DeletedBlockLogImpl.java:isTransactionFailed(278)) - Got block deletion ACK from datanode, TXIDs=28, success=true
2021-08-10 12:16:29,231 [EventQueue-DeleteBlockStatusForDeletedBlockLogImpl] DEBUG block.DeletedBlockLogImpl (DeletedBlockLogImpl.java:commitTransactions(224)) - Transaction txId=28 commit by dnId=01235482-5c07-4b37-86e9-3192ec4df84f for containerID=#28 failed. Corresponding entry not found.
2021-08-10 12:16:29,231 [EventQueue-DeleteBlockStatusForDeletedBlockLogImpl] DEBUG block.DeletedBlockLogImpl (DeletedBlockLogImpl.java:isTransactionFailed(278)) - Got block deletion ACK from datanode, TXIDs=29, success=true
2021-08-10 12:16:29,231 [EventQueue-DeleteBlockStatusForDeletedBlockLogImpl] DEBUG block.DeletedBlockLogImpl (DeletedBlockLogImpl.java:commitTransactions(224)) - Transaction txId=29 commit by dnId=01235482-5c07-4b37-86e9-3192ec4df84f for containerID=#29 failed. Corresponding entry not found.
2021-08-10 12:16:29,231 [EventQueue-DeleteBlockStatusForDeletedBlockLogImpl] DEBUG block.DeletedBlockLogImpl (DeletedBlockLogImpl.java:isTransactionFailed(278)) - Got block deletion ACK from datanode, TXIDs=30, success=true
2021-08-10 12:16:29,231 [EventQueue-DeleteBlockStatusForDeletedBlockLogImpl] DEBUG block.DeletedBlockLogImpl (DeletedBlockLogImpl.java:commitTransactions(224)) - Transaction txId=30 commit by dnId=01235482-5c07-4b37-86e9-3192ec4df84f for containerID=#30 failed. Corresponding entry not found.
2021-08-10 12:16:29,231 [EventQueue-DeleteBlockStatusForDeletedBlockLogImpl] DEBUG block.DeletedBlockLogImpl (DeletedBlockLogImpl.java:isTransactionFailed(278)) - Got block deletion ACK from datanode, TXIDs=31, success=true
2021-08-10 12:16:29,231 [EventQueue-DeleteBlockStatusForDeletedBlockLogImpl] DEBUG block.DeletedBlockLogImpl (DeletedBlockLogImpl.java:commitTransactions(224)) - Transaction txId=31 commit by dnId=01235482-5c07-4b37-86e9-3192ec4df84f for containerID=#31 failed. Corresponding entry not found.
2021-08-10 12:16:29,231 [EventQueue-DeleteBlockStatusForDeletedBlockLogImpl] DEBUG block.DeletedBlockLogImpl (DeletedBlockLogImpl.java:isTransactionFailed(278)) - Got block deletion ACK from datanode, TXIDs=32, success=true
2021-08-10 12:16:29,231 [EventQueue-DeleteBlockStatusForDeletedBlockLogImpl] DEBUG block.DeletedBlockLogImpl (DeletedBlockLogImpl.java:commitTransactions(224)) - Transaction txId=32 commit by dnId=01235482-5c07-4b37-86e9-3192ec4df84f for containerID=#32 failed. Corresponding entry not found.
2021-08-10 12:16:29,231 [EventQueue-DeleteBlockStatusForDeletedBlockLogImpl] DEBUG block.DeletedBlockLogImpl (DeletedBlockLogImpl.java:isTransactionFailed(278)) - Got block deletion ACK from datanode, TXIDs=33, success=true
2021-08-10 12:16:29,231 [EventQueue-DeleteBlockStatusForDeletedBlockLogImpl] DEBUG block.DeletedBlockLogImpl (DeletedBlockLogImpl.java:commitTransactions(224)) - Transaction txId=33 commit by dnId=01235482-5c07-4b37-86e9-3192ec4df84f for containerID=#33 failed. Corresponding entry not found.
2021-08-10 12:16:29,231 [EventQueue-DeleteBlockStatusForDeletedBlockLogImpl] DEBUG block.DeletedBlockLogImpl (DeletedBlockLogImpl.java:isTransactionFailed(278)) - Got block deletion ACK from datanode, TXIDs=34, success=true
2021-08-10 12:16:29,231 [EventQueue-DeleteBlockStatusForDeletedBlockLogImpl] DEBUG block.DeletedBlockLogImpl (DeletedBlockLogImpl.java:commitTransactions(224)) - Transaction txId=34 commit by dnId=01235482-5c07-4b37-86e9-3192ec4df84f for containerID=#34 failed. Corresponding entry not found.
2021-08-10 12:16:29,232 [EventQueue-DeleteBlockStatusForDeletedBlockLogImpl] DEBUG block.DeletedBlockLogImpl (DeletedBlockLogImpl.java:isTransactionFailed(278)) - Got block deletion ACK from datanode, TXIDs=35, success=true
2021-08-10 12:16:29,232 [EventQueue-DeleteBlockStatusForDeletedBlockLogImpl] DEBUG block.DeletedBlockLogImpl (DeletedBlockLogImpl.java:commitTransactions(224)) - Transaction txId=35 commit by dnId=01235482-5c07-4b37-86e9-3192ec4df84f for containerID=#35 failed. Corresponding entry not found.
2021-08-10 12:16:29,232 [EventQueue-DeleteBlockStatusForDeletedBlockLogImpl] DEBUG block.DeletedBlockLogImpl (DeletedBlockLogImpl.java:isTransactionFailed(278)) - Got block deletion ACK from datanode, TXIDs=36, success=true
2021-08-10 12:16:29,232 [EventQueue-DeleteBlockStatusForDeletedBlockLogImpl] DEBUG block.DeletedBlockLogImpl (DeletedBlockLogImpl.java:commitTransactions(224)) - Transaction txId=36 commit by dnId=01235482-5c07-4b37-86e9-3192ec4df84f for containerID=#36 failed. Corresponding entry not found.
2021-08-10 12:16:29,232 [EventQueue-DeleteBlockStatusForDeletedBlockLogImpl] DEBUG block.DeletedBlockLogImpl (DeletedBlockLogImpl.java:isTransactionFailed(278)) - Got block deletion ACK from datanode, TXIDs=37, success=true
2021-08-10 12:16:29,232 [EventQueue-DeleteBlockStatusForDeletedBlockLogImpl] DEBUG block.DeletedBlockLogImpl (DeletedBlockLogImpl.java:commitTransactions(224)) - Transaction txId=37 commit by dnId=01235482-5c07-4b37-86e9-3192ec4df84f for containerID=#37 failed. Corresponding entry not found.
2021-08-10 12:16:29,232 [EventQueue-DeleteBlockStatusForDeletedBlockLogImpl] DEBUG block.DeletedBlockLogImpl (DeletedBlockLogImpl.java:isTransactionFailed(278)) - Got block deletion ACK from datanode, TXIDs=38, success=true
2021-08-10 12:16:29,232 [EventQueue-DeleteBlockStatusForDeletedBlockLogImpl] DEBUG block.DeletedBlockLogImpl (DeletedBlockLogImpl.java:commitTransactions(224)) - Transaction txId=38 commit by dnId=01235482-5c07-4b37-86e9-3192ec4df84f for containerID=#38 failed. Corresponding entry not found.
2021-08-10 12:16:29,232 [EventQueue-DeleteBlockStatusForDeletedBlockLogImpl] DEBUG block.DeletedBlockLogImpl (DeletedBlockLogImpl.java:isTransactionFailed(278)) - Got block deletion ACK from datanode, TXIDs=39, success=true
2021-08-10 12:16:29,232 [EventQueue-DeleteBlockStatusForDeletedBlockLogImpl] DEBUG block.DeletedBlockLogImpl (DeletedBlockLogImpl.java:commitTransactions(224)) - Transaction txId=39 commit by dnId=01235482-5c07-4b37-86e9-3192ec4df84f for containerID=#39 failed. Corresponding entry not found.
2021-08-10 12:16:29,232 [EventQueue-DeleteBlockStatusForDeletedBlockLogImpl] DEBUG block.DeletedBlockLogImpl (DeletedBlockLogImpl.java:isTransactionFailed(278)) - Got block deletion ACK from datanode, TXIDs=40, success=true
2021-08-10 12:16:29,232 [EventQueue-DeleteBlockStatusForDeletedBlockLogImpl] DEBUG block.DeletedBlockLogImpl (DeletedBlockLogImpl.java:commitTransactions(224)) - Transaction txId=40 commit by dnId=01235482-5c07-4b37-86e9-3192ec4df84f for containerID=#40 failed. Corresponding entry not found.
2021-08-10 12:16:29,232 [EventQueue-DeleteBlockStatusForDeletedBlockLogImpl] DEBUG block.DeletedBlockLogImpl (DeletedBlockLogImpl.java:isTransactionFailed(278)) - Got block deletion ACK from datanode, TXIDs=41, success=true
2021-08-10 12:16:29,232 [EventQueue-DeleteBlockStatusForDeletedBlockLogImpl] DEBUG block.DeletedBlockLogImpl (DeletedBlockLogImpl.java:commitTransactions(224)) - Transaction txId=41 commit by dnId=01235482-5c07-4b37-86e9-3192ec4df84f for containerID=#41 failed. Corresponding entry not found.
2021-08-10 12:16:29,232 [EventQueue-DeleteBlockStatusForDeletedBlockLogImpl] DEBUG block.DeletedBlockLogImpl (DeletedBlockLogImpl.java:isTransactionFailed(278)) - Got block deletion ACK from datanode, TXIDs=42, success=true
2021-08-10 12:16:29,232 [EventQueue-DeleteBlockStatusForDeletedBlockLogImpl] DEBUG block.DeletedBlockLogImpl (DeletedBlockLogImpl.java:commitTransactions(224)) - Transaction txId=42 commit by dnId=01235482-5c07-4b37-86e9-3192ec4df84f for containerID=#42 failed. Corresponding entry not found.
2021-08-10 12:16:29,232 [EventQueue-DeleteBlockStatusForDeletedBlockLogImpl] DEBUG block.DeletedBlockLogImpl (DeletedBlockLogImpl.java:isTransactionFailed(278)) - Got block deletion ACK from datanode, TXIDs=43, success=true
2021-08-10 12:16:29,232 [EventQueue-DeleteBlockStatusForDeletedBlockLogImpl] DEBUG block.DeletedBlockLogImpl (DeletedBlockLogImpl.java:commitTransactions(224)) - Transaction txId=43 commit by dnId=01235482-5c07-4b37-86e9-3192ec4df84f for containerID=#43 failed. Corresponding entry not found.
2021-08-10 12:16:29,232 [EventQueue-DeleteBlockStatusForDeletedBlockLogImpl] DEBUG block.DeletedBlockLogImpl (DeletedBlockLogImpl.java:isTransactionFailed(278)) - Got block deletion ACK from datanode, TXIDs=44, success=true
2021-08-10 12:16:29,232 [EventQueue-DeleteBlockStatusForDeletedBlockLogImpl] DEBUG block.DeletedBlockLogImpl (DeletedBlockLogImpl.java:commitTransactions(224)) - Transaction txId=44 commit by dnId=01235482-5c07-4b37-86e9-3192ec4df84f for containerID=#44 failed. Corresponding entry not found.
2021-08-10 12:16:29,232 [EventQueue-DeleteBlockStatusForDeletedBlockLogImpl] DEBUG block.DeletedBlockLogImpl (DeletedBlockLogImpl.java:isTransactionFailed(278)) - Got block deletion ACK from datanode, TXIDs=45, success=true
2021-08-10 12:16:29,232 [EventQueue-DeleteBlockStatusForDeletedBlockLogImpl] DEBUG block.DeletedBlockLogImpl (DeletedBlockLogImpl.java:commitTransactions(224)) - Transaction txId=45 commit by dnId=01235482-5c07-4b37-86e9-3192ec4df84f for containerID=#45 failed. Corresponding entry not found.
2021-08-10 12:16:29,232 [EventQueue-DeleteBlockStatusForDeletedBlockLogImpl] DEBUG block.DeletedBlockLogImpl (DeletedBlockLogImpl.java:isTransactionFailed(278)) - Got block deletion ACK from datanode, TXIDs=46, success=true
2021-08-10 12:16:29,232 [EventQueue-DeleteBlockStatusForDeletedBlockLogImpl] DEBUG block.DeletedBlockLogImpl (DeletedBlockLogImpl.java:commitTransactions(224)) - Transaction txId=46 commit by dnId=01235482-5c07-4b37-86e9-3192ec4df84f for containerID=#46 failed. Corresponding entry not found.
2021-08-10 12:16:29,232 [EventQueue-DeleteBlockStatusForDeletedBlockLogImpl] DEBUG block.DeletedBlockLogImpl (DeletedBlockLogImpl.java:isTransactionFailed(278)) - Got block deletion ACK from datanode, TXIDs=47, success=true
2021-08-10 12:16:29,232 [EventQueue-DeleteBlockStatusForDeletedBlockLogImpl] DEBUG block.DeletedBlockLogImpl (DeletedBlockLogImpl.java:commitTransactions(224)) - Transaction txId=47 commit by dnId=01235482-5c07-4b37-86e9-3192ec4df84f for containerID=#47 failed. Corresponding entry not found.
2021-08-10 12:16:29,232 [EventQueue-DeleteBlockStatusForDeletedBlockLogImpl] DEBUG block.DeletedBlockLogImpl (DeletedBlockLogImpl.java:isTransactionFailed(278)) - Got block deletion ACK from datanode, TXIDs=48, success=true
2021-08-10 12:16:29,233 [EventQueue-DeleteBlockStatusForDeletedBlockLogImpl] DEBUG block.DeletedBlockLogImpl (DeletedBlockLogImpl.java:commitTransactions(224)) - Transaction txId=48 commit by dnId=01235482-5c07-4b37-86e9-3192ec4df84f for containerID=#48 failed. Corresponding entry not found.
2021-08-10 12:16:29,233 [EventQueue-DeleteBlockStatusForDeletedBlockLogImpl] DEBUG block.DeletedBlockLogImpl (DeletedBlockLogImpl.java:isTransactionFailed(278)) - Got block deletion ACK from datanode, TXIDs=49, success=true
2021-08-10 12:16:29,233 [EventQueue-DeleteBlockStatusForDeletedBlockLogImpl] DEBUG block.DeletedBlockLogImpl (DeletedBlockLogImpl.java:commitTransactions(224)) - Transaction txId=49 commit by dnId=01235482-5c07-4b37-86e9-3192ec4df84f for containerID=#49 failed. Corresponding entry not found.
2021-08-10 12:16:29,233 [EventQueue-DeleteBlockStatusForDeletedBlockLogImpl] DEBUG block.DeletedBlockLogImpl (DeletedBlockLogImpl.java:isTransactionFailed(278)) - Got block deletion ACK from datanode, TXIDs=50, success=true
2021-08-10 12:16:29,233 [EventQueue-DeleteBlockStatusForDeletedBlockLogImpl] DEBUG block.DeletedBlockLogImpl (DeletedBlockLogImpl.java:commitTransactions(224)) - Transaction txId=50 commit by dnId=01235482-5c07-4b37-86e9-3192ec4df84f for containerID=#50 failed. Corresponding entry not found.
2021-08-10 12:16:29,233 [EventQueue-DeleteBlockStatusForDeletedBlockLogImpl] DEBUG block.DeletedBlockLogImpl (DeletedBlockLogImpl.java:isTransactionFailed(278)) - Got block deletion ACK from datanode, TXIDs=51, success=true
2021-08-10 12:16:29,233 [EventQueue-DeleteBlockStatusForDeletedBlockLogImpl] DEBUG block.DeletedBlockLogImpl (DeletedBlockLogImpl.java:commitTransactions(224)) - Transaction txId=51 commit by dnId=01235482-5c07-4b37-86e9-3192ec4df84f for containerID=#51 failed. Corresponding entry not found.
2021-08-10 12:16:29,233 [EventQueue-DeleteBlockStatusForDeletedBlockLogImpl] DEBUG block.DeletedBlockLogImpl (DeletedBlockLogImpl.java:isTransactionFailed(278)) - Got block deletion ACK from datanode, TXIDs=52, success=true
2021-08-10 12:16:29,233 [EventQueue-DeleteBlockStatusForDeletedBlockLogImpl] DEBUG block.DeletedBlockLogImpl (DeletedBlockLogImpl.java:commitTransactions(224)) - Transaction txId=52 commit by dnId=01235482-5c07-4b37-86e9-3192ec4df84f for containerID=#52 failed. Corresponding entry not found.
2021-08-10 12:16:29,233 [EventQueue-DeleteBlockStatusForDeletedBlockLogImpl] DEBUG block.DeletedBlockLogImpl (DeletedBlockLogImpl.java:isTransactionFailed(278)) - Got block deletion ACK from datanode, TXIDs=53, success=true
2021-08-10 12:16:29,233 [EventQueue-DeleteBlockStatusForDeletedBlockLogImpl] DEBUG block.DeletedBlockLogImpl (DeletedBlockLogImpl.java:commitTransactions(224)) - Transaction txId=53 commit by dnId=01235482-5c07-4b37-86e9-3192ec4df84f for containerID=#53 failed. Corresponding entry not found.
2021-08-10 12:16:29,233 [EventQueue-DeleteBlockStatusForDeletedBlockLogImpl] DEBUG block.DeletedBlockLogImpl (DeletedBlockLogImpl.java:isTransactionFailed(278)) - Got block deletion ACK from datanode, TXIDs=54, success=true
2021-08-10 12:16:29,233 [EventQueue-DeleteBlockStatusForDeletedBlockLogImpl] DEBUG block.DeletedBlockLogImpl (DeletedBlockLogImpl.java:commitTransactions(224)) - Transaction txId=54 commit by dnId=01235482-5c07-4b37-86e9-3192ec4df84f for containerID=#54 failed. Corresponding entry not found.
2021-08-10 12:16:29,233 [EventQueue-DeleteBlockStatusForDeletedBlockLogImpl] DEBUG block.DeletedBlockLogImpl (DeletedBlockLogImpl.java:isTransactionFailed(278)) - Got block deletion ACK from datanode, TXIDs=55, success=true
2021-08-10 12:16:29,233 [EventQueue-DeleteBlockStatusForDeletedBlockLogImpl] DEBUG block.DeletedBlockLogImpl (DeletedBlockLogImpl.java:commitTransactions(224)) - Transaction txId=55 commit by dnId=01235482-5c07-4b37-86e9-3192ec4df84f for containerID=#55 failed. Corresponding entry not found.
2021-08-10 12:16:29,233 [EventQueue-DeleteBlockStatusForDeletedBlockLogImpl] DEBUG block.DeletedBlockLogImpl (DeletedBlockLogImpl.java:isTransactionFailed(278)) - Got block deletion ACK from datanode, TXIDs=56, success=true
2021-08-10 12:16:29,233 [EventQueue-DeleteBlockStatusForDeletedBlockLogImpl] DEBUG block.DeletedBlockLogImpl (DeletedBlockLogImpl.java:commitTransactions(224)) - Transaction txId=56 commit by dnId=01235482-5c07-4b37-86e9-3192ec4df84f for containerID=#56 failed. Corresponding entry not found.
2021-08-10 12:16:29,243 [SCMBlockDeletingService#0] DEBUG block.SCMBlockDeletingService (SCMBlockDeletingService.java:call(133)) - Running DeletedBlockTransactionScanner
2021-08-10 12:16:29,343 [SCMBlockDeletingService#0] DEBUG block.SCMBlockDeletingService (SCMBlockDeletingService.java:call(133)) - Running DeletedBlockTransactionScanner
2021-08-10 12:16:29,387 [Listener at 127.0.0.1/43569] WARN  commandhandler.TestBlockDeletion (TestBlockDeletion.java:lambda$testBlockDeletion$3(251)) - Verify blocks deletion failed
java.lang.AssertionError: expected null, but was:<[blockId=conID: 11 locID: 107544261427200011 bcsId: 169, size=4194304]>
	at org.junit.Assert.fail(Assert.java:89)
	at org.junit.Assert.failNotNull(Assert.java:756)
	at org.junit.Assert.assertNull(Assert.java:738)
	at org.junit.Assert.assertNull(Assert.java:748)
	at org.apache.hadoop.ozone.container.common.statemachine.commandhandler.TestBlockDeletion.lambda$verifyBlocksDeleted$15(TestBlockDeletion.java:453)
	at org.apache.hadoop.ozone.OzoneTestUtils.performOperationOnKeyContainers(OzoneTestUtils.java:133)
	at org.apache.hadoop.ozone.container.common.statemachine.commandhandler.TestBlockDeletion.verifyBlocksDeleted(TestBlockDeletion.java:442)
	at org.apache.hadoop.ozone.container.common.statemachine.commandhandler.TestBlockDeletion.lambda$testBlockDeletion$3(TestBlockDeletion.java:248)
	at org.apache.ozone.test.GenericTestUtils.waitFor(GenericTestUtils.java:219)
	at org.apache.hadoop.ozone.container.common.statemachine.commandhandler.TestBlockDeletion.testBlockDeletion(TestBlockDeletion.java:246)
	at sun.reflect.NativeMethodAccessorImpl.invoke0(Native Method)
	at sun.reflect.NativeMethodAccessorImpl.invoke(NativeMethodAccessorImpl.java:62)
	at sun.reflect.DelegatingMethodAccessorImpl.invoke(DelegatingMethodAccessorImpl.java:43)
	at java.lang.reflect.Method.invoke(Method.java:498)
	at org.junit.runners.model.FrameworkMethod$1.runReflectiveCall(FrameworkMethod.java:59)
	at org.junit.internal.runners.model.ReflectiveCallable.run(ReflectiveCallable.java:12)
	at org.junit.runners.model.FrameworkMethod.invokeExplosively(FrameworkMethod.java:56)
	at org.junit.internal.runners.statements.InvokeMethod.evaluate(InvokeMethod.java:17)
	at org.junit.internal.runners.statements.RunBefores.evaluate(RunBefores.java:26)
	at org.junit.internal.runners.statements.RunAfters.evaluate(RunAfters.java:27)
	at org.junit.runners.ParentRunner$3.evaluate(ParentRunner.java:306)
	at org.junit.runners.BlockJUnit4ClassRunner$1.evaluate(BlockJUnit4ClassRunner.java:100)
	at org.junit.runners.ParentRunner.runLeaf(ParentRunner.java:366)
	at org.junit.runners.BlockJUnit4ClassRunner.runChild(BlockJUnit4ClassRunner.java:103)
	at org.junit.runners.BlockJUnit4ClassRunner.runChild(BlockJUnit4ClassRunner.java:63)
	at org.junit.runners.ParentRunner$4.run(ParentRunner.java:331)
	at org.junit.runners.ParentRunner$1.schedule(ParentRunner.java:79)
	at org.junit.runners.ParentRunner.runChildren(ParentRunner.java:329)
	at org.junit.runners.ParentRunner.access$100(ParentRunner.java:66)
	at org.junit.runners.ParentRunner$2.evaluate(ParentRunner.java:293)
	at org.junit.runners.ParentRunner$3.evaluate(ParentRunner.java:306)
	at org.junit.runners.ParentRunner.run(ParentRunner.java:413)
	at org.junit.runner.JUnitCore.run(JUnitCore.java:137)
	at org.junit.runner.JUnitCore.run(JUnitCore.java:115)
	at org.junit.vintage.engine.execution.RunnerExecutor.execute(RunnerExecutor.java:43)
	at java.util.stream.ForEachOps$ForEachOp$OfRef.accept(ForEachOps.java:183)
	at java.util.stream.ReferencePipeline$3$1.accept(ReferencePipeline.java:193)
	at java.util.Iterator.forEachRemaining(Iterator.java:116)
	at java.util.Spliterators$IteratorSpliterator.forEachRemaining(Spliterators.java:1801)
	at java.util.stream.AbstractPipeline.copyInto(AbstractPipeline.java:482)
	at java.util.stream.AbstractPipeline.wrapAndCopyInto(AbstractPipeline.java:472)
	at java.util.stream.ForEachOps$ForEachOp.evaluateSequential(ForEachOps.java:150)
	at java.util.stream.ForEachOps$ForEachOp$OfRef.evaluateSequential(ForEachOps.java:173)
	at java.util.stream.AbstractPipeline.evaluate(AbstractPipeline.java:234)
	at java.util.stream.ReferencePipeline.forEach(ReferencePipeline.java:485)
	at org.junit.vintage.engine.VintageTestEngine.executeAllChildren(VintageTestEngine.java:82)
	at org.junit.vintage.engine.VintageTestEngine.execute(VintageTestEngine.java:73)
	at org.junit.platform.launcher.core.EngineExecutionOrchestrator.execute(EngineExecutionOrchestrator.java:108)
	at org.junit.platform.launcher.core.EngineExecutionOrchestrator.execute(EngineExecutionOrchestrator.java:88)
	at org.junit.platform.launcher.core.EngineExecutionOrchestrator.lambda$execute$0(EngineExecutionOrchestrator.java:54)
	at org.junit.platform.launcher.core.EngineExecutionOrchestrator.withInterceptedStreams(EngineExecutionOrchestrator.java:67)
	at org.junit.platform.launcher.core.EngineExecutionOrchestrator.execute(EngineExecutionOrchestrator.java:52)
	at org.junit.platform.launcher.core.DefaultLauncher.execute(DefaultLauncher.java:96)
	at org.junit.platform.launcher.core.DefaultLauncher.execute(DefaultLauncher.java:75)
	at org.apache.maven.surefire.junitplatform.JUnitPlatformProvider.invokeAllTests(JUnitPlatformProvider.java:142)
	at org.apache.maven.surefire.junitplatform.JUnitPlatformProvider.invoke(JUnitPlatformProvider.java:113)
	at org.apache.maven.surefire.booter.ForkedBooter.invokeProviderInSameClassLoader(ForkedBooter.java:384)
	at org.apache.maven.surefire.booter.ForkedBooter.runSuitesInProcess(ForkedBooter.java:345)
	at org.apache.maven.surefire.booter.ForkedBooter.execute(ForkedBooter.java:126)
	at org.apache.maven.surefire.booter.ForkedBooter.main(ForkedBooter.java:418)
2021-08-10 12:16:29,445 [SCMBlockDeletingService#0] DEBUG block.SCMBlockDeletingService (SCMBlockDeletingService.java:call(133)) - Running DeletedBlockTransactionScanner
2021-08-10 12:16:29,545 [SCMBlockDeletingService#0] DEBUG block.SCMBlockDeletingService (SCMBlockDeletingService.java:call(133)) - Running DeletedBlockTransactionScanner
2021-08-10 12:16:29,645 [SCMBlockDeletingService#0] DEBUG block.SCMBlockDeletingService (SCMBlockDeletingService.java:call(133)) - Running DeletedBlockTransactionScanner
2021-08-10 12:16:29,745 [SCMBlockDeletingService#0] DEBUG block.SCMBlockDeletingService (SCMBlockDeletingService.java:call(133)) - Running DeletedBlockTransactionScanner
2021-08-10 12:16:29,846 [SCMBlockDeletingService#0] DEBUG block.SCMBlockDeletingService (SCMBlockDeletingService.java:call(133)) - Running DeletedBlockTransactionScanner
2021-08-10 12:16:29,946 [SCMBlockDeletingService#0] DEBUG block.SCMBlockDeletingService (SCMBlockDeletingService.java:call(133)) - Running DeletedBlockTransactionScanner
2021-08-10 12:16:30,046 [SCMBlockDeletingService#0] DEBUG block.SCMBlockDeletingService (SCMBlockDeletingService.java:call(133)) - Running DeletedBlockTransactionScanner
2021-08-10 12:16:30,146 [SCMBlockDeletingService#0] DEBUG block.SCMBlockDeletingService (SCMBlockDeletingService.java:call(133)) - Running DeletedBlockTransactionScanner
2021-08-10 12:16:30,246 [SCMBlockDeletingService#0] DEBUG block.SCMBlockDeletingService (SCMBlockDeletingService.java:call(133)) - Running DeletedBlockTransactionScanner
2021-08-10 12:16:30,346 [SCMBlockDeletingService#0] DEBUG block.SCMBlockDeletingService (SCMBlockDeletingService.java:call(133)) - Running DeletedBlockTransactionScanner
2021-08-10 12:16:30,370 [org.apache.hadoop.ozone.container.common.statemachine.commandhandler.DeleteBlocksCommandHandler$DeleteCmdWorker@643b9a92] INFO  commandhandler.DeleteBlocksCommandHandler (DeleteBlocksCommandHandler.java:processCmd(261)) - Start to delete container blocks, TXIDs=[10(0),11(0),12(0),13(0),14(0),15(0),16(0),17(0),18(0),19(0),20(0),21(0),22(0),23(0),24(0),25(0),26(0),27(0),28(0),29(0),30(0),31(0),32(0),33(0),34(0),35(0),36(0),37(0),38(0),39(0),40(0),41(0),42(0),43(0),44(0),45(0),46(0),47(0),48(0),49(0),50(0),51(0),52(0),53(0),54(0),55(0),56(0)], numOfContainers=47, numOfBlocks=47
2021-08-10 12:16:30,370 [org.apache.hadoop.ozone.container.common.statemachine.commandhandler.DeleteBlocksCommandHandler$DeleteCmdWorker@643b9a92] INFO  commandhandler.DeleteBlocksCommandHandler (DeleteBlocksCommandHandler.java:processCmd(261)) - Start to delete container blocks, TXIDs=[10(0),11(0),12(0),13(0),14(0),15(0),16(0),17(0),18(0),19(0),20(0),21(0),22(0),23(0),24(0),25(0),26(0),27(0),28(0),29(0),30(0),31(0),32(0),33(0),34(0),35(0),36(0),37(0),38(0),39(0),40(0),41(0),42(0),43(0),44(0),45(0),46(0),47(0),48(0),49(0),50(0),51(0),52(0),53(0),54(0),55(0),56(0)], numOfContainers=47, numOfBlocks=47
2021-08-10 12:16:30,370 [org.apache.hadoop.ozone.container.common.statemachine.commandhandler.DeleteBlocksCommandHandler$DeleteCmdWorker@643b9a92] INFO  commandhandler.DeleteBlocksCommandHandler (DeleteBlocksCommandHandler.java:processCmd(261)) - Start to delete container blocks, TXIDs=[10(0),11(0),12(0),13(0),14(0),15(0),16(0),17(0),18(0),19(0),20(0),21(0),22(0),23(0),24(0),25(0),26(0),27(0),28(0),29(0),30(0),31(0),32(0),33(0),34(0),35(0),36(0),37(0),38(0),39(0),40(0),41(0),42(0),43(0),44(0),45(0),46(0),47(0),48(0),49(0),50(0),51(0),52(0),53(0),54(0),55(0),56(0)], numOfContainers=47, numOfBlocks=47
2021-08-10 12:16:30,370 [org.apache.hadoop.ozone.container.common.statemachine.commandhandler.DeleteBlocksCommandHandler$DeleteCmdWorker@643b9a92] INFO  commandhandler.DeleteBlocksCommandHandler (DeleteBlocksCommandHandler.java:processCmd(261)) - Start to delete container blocks, TXIDs=[10(0),11(0),12(0),13(0),14(0),15(0),16(0),17(0),18(0),19(0),20(0),21(0),22(0),23(0),24(0),25(0),26(0),27(0),28(0),29(0),30(0),31(0),32(0),33(0),34(0),35(0),36(0),37(0),38(0),39(0),40(0),41(0),42(0),43(0),44(0),45(0),46(0),47(0),48(0),49(0),50(0),51(0),52(0),53(0),54(0),55(0),56(0)], numOfContainers=47, numOfBlocks=47
2021-08-10 12:16:30,371 [org.apache.hadoop.ozone.container.common.statemachine.commandhandler.DeleteBlocksCommandHandler$DeleteCmdWorker@643b9a92] INFO  commandhandler.DeleteBlocksCommandHandler (DeleteBlocksCommandHandler.java:processCmd(261)) - Start to delete container blocks, TXIDs=[10(0),11(0),12(0),13(0),14(0),15(0),16(0),17(0),18(0),19(0),20(0),21(0),22(0),23(0),24(0),25(0),26(0),27(0),28(0),29(0),30(0),31(0),32(0),33(0),34(0),35(0),36(0),37(0),38(0),39(0),40(0),41(0),42(0),43(0),44(0),45(0),46(0),47(0),48(0),49(0),50(0),51(0),52(0),53(0),54(0),55(0),56(0)], numOfContainers=47, numOfBlocks=47
2021-08-10 12:16:30,371 [org.apache.hadoop.ozone.container.common.statemachine.commandhandler.DeleteBlocksCommandHandler$DeleteCmdWorker@643b9a92] INFO  commandhandler.DeleteBlocksCommandHandler (DeleteBlocksCommandHandler.java:processCmd(261)) - Start to delete container blocks, TXIDs=[10(0),11(0),12(0),13(0),14(0),15(0),16(0),17(0),18(0),19(0),20(0),21(0),22(0),23(0),24(0),25(0),26(0),27(0),28(0),29(0),30(0),31(0),32(0),33(0),34(0),35(0),36(0),37(0),38(0),39(0),40(0),41(0),42(0),43(0),44(0),45(0),46(0),47(0),48(0),49(0),50(0),51(0),52(0),53(0),54(0),55(0),56(0)], numOfContainers=47, numOfBlocks=47
2021-08-10 12:16:30,371 [org.apache.hadoop.ozone.container.common.statemachine.commandhandler.DeleteBlocksCommandHandler$DeleteCmdWorker@643b9a92] INFO  commandhandler.DeleteBlocksCommandHandler (DeleteBlocksCommandHandler.java:processCmd(261)) - Start to delete container blocks, TXIDs=[10(0),11(0),12(0),13(0),14(0),15(0),16(0),17(0),18(0),19(0),20(0),21(0),22(0),23(0),24(0),25(0),26(0),27(0),28(0),29(0),30(0),31(0),32(0),33(0),34(0),35(0),36(0),37(0),38(0),39(0),40(0),41(0),42(0),43(0),44(0),45(0),46(0),47(0),48(0),49(0),50(0),51(0),52(0),53(0),54(0),55(0),56(0)], numOfContainers=47, numOfBlocks=47
2021-08-10 12:16:30,371 [org.apache.hadoop.ozone.container.common.statemachine.commandhandler.DeleteBlocksCommandHandler$DeleteCmdWorker@643b9a92] INFO  commandhandler.DeleteBlocksCommandHandler (DeleteBlocksCommandHandler.java:processCmd(261)) - Start to delete container blocks, TXIDs=[10(0),11(0),12(0),13(0),14(0),15(0),16(0),17(0),18(0),19(0),20(0),21(0),22(0),23(0),24(0),25(0),26(0),27(0),28(0),29(0),30(0),31(0),32(0),33(0),34(0),35(0),36(0),37(0),38(0),39(0),40(0),41(0),42(0),43(0),44(0),45(0),46(0),47(0),48(0),49(0),50(0),51(0),52(0),53(0),54(0),55(0),56(0)], numOfContainers=47, numOfBlocks=47
2021-08-10 12:16:30,371 [org.apache.hadoop.ozone.container.common.statemachine.commandhandler.DeleteBlocksCommandHandler$DeleteCmdWorker@643b9a92] INFO  commandhandler.DeleteBlocksCommandHandler (DeleteBlocksCommandHandler.java:processCmd(261)) - Start to delete container blocks, TXIDs=[10(0),11(0),12(0),13(0),14(0),15(0),16(0),17(0),18(0),19(0),20(0),21(0),22(0),23(0),24(0),25(0),26(0),27(0),28(0),29(0),30(0),31(0),32(0),33(0),34(0),35(0),36(0),37(0),38(0),39(0),40(0),41(0),42(0),43(0),44(0),45(0),46(0),47(0),48(0),49(0),50(0),51(0),52(0),53(0),54(0),55(0),56(0)], numOfContainers=47, numOfBlocks=47
2021-08-10 12:16:30,372 [org.apache.hadoop.ozone.container.common.statemachine.commandhandler.DeleteBlocksCommandHandler$DeleteCmdWorker@643b9a92] INFO  commandhandler.DeleteBlocksCommandHandler (DeleteBlocksCommandHandler.java:processCmd(261)) - Start to delete container blocks, TXIDs=[10(0),11(0),12(0),13(0),14(0),15(0),16(0),17(0),18(0),19(0),20(0),21(0),22(0),23(0),24(0),25(0),26(0),27(0),28(0),29(0),30(0),31(0),32(0),33(0),34(0),35(0),36(0),37(0),38(0),39(0),40(0),41(0),42(0),43(0),44(0),45(0),46(0),47(0),48(0),49(0),50(0),51(0),52(0),53(0),54(0),55(0),56(0)], numOfContainers=47, numOfBlocks=47
2021-08-10 12:16:30,372 [org.apache.hadoop.ozone.container.common.statemachine.commandhandler.DeleteBlocksCommandHandler$DeleteCmdWorker@643b9a92] INFO  commandhandler.DeleteBlocksCommandHandler (DeleteBlocksCommandHandler.java:processCmd(261)) - Start to delete container blocks, TXIDs=[10(0),11(0),12(0),13(0),14(0),15(0),16(0),17(0),18(0),19(0),20(0),21(0),22(0),23(0),24(0),25(0),26(0),27(0),28(0),29(0),30(0),31(0),32(0),33(0),34(0),35(0),36(0),37(0),38(0),39(0),40(0),41(0),42(0),43(0),44(0),45(0),46(0),47(0),48(0),49(0),50(0),51(0),52(0),53(0),54(0),55(0),56(0)], numOfContainers=47, numOfBlocks=47
2021-08-10 12:16:30,372 [org.apache.hadoop.ozone.container.common.statemachine.commandhandler.DeleteBlocksCommandHandler$DeleteCmdWorker@643b9a92] INFO  commandhandler.DeleteBlocksCommandHandler (DeleteBlocksCommandHandler.java:processCmd(261)) - Start to delete container blocks, TXIDs=[10(0),11(0),12(0),13(0),14(0),15(0),16(0),17(0),18(0),19(0),20(0),21(0),22(0),23(0),24(0),25(0),26(0),27(0),28(0),29(0),30(0),31(0),32(0),33(0),34(0),35(0),36(0),37(0),38(0),39(0),40(0),41(0),42(0),43(0),44(0),45(0),46(0),47(0),48(0),49(0),50(0),51(0),52(0),53(0),54(0),55(0),56(0)], numOfContainers=47, numOfBlocks=47
2021-08-10 12:16:30,446 [SCMBlockDeletingService#0] DEBUG block.SCMBlockDeletingService (SCMBlockDeletingService.java:call(133)) - Running DeletedBlockTransactionScanner
2021-08-10 12:16:30,546 [SCMBlockDeletingService#0] DEBUG block.SCMBlockDeletingService (SCMBlockDeletingService.java:call(133)) - Running DeletedBlockTransactionScanner
2021-08-10 12:16:30,603 [EventQueue-DeleteBlockStatusForDeletedBlockLogImpl] DEBUG block.DeletedBlockLogImpl (DeletedBlockLogImpl.java:isTransactionFailed(278)) - Got block deletion ACK from datanode, TXIDs=10, success=true
2021-08-10 12:16:30,604 [EventQueue-DeleteBlockStatusForDeletedBlockLogImpl] DEBUG block.DeletedBlockLogImpl (DeletedBlockLogImpl.java:commitTransactions(224)) - Transaction txId=10 commit by dnId=ad4991cb-97ce-4dd6-b117-42e7f6b0816f for containerID=#10 failed. Corresponding entry not found.
2021-08-10 12:16:30,604 [EventQueue-DeleteBlockStatusForDeletedBlockLogImpl] DEBUG block.DeletedBlockLogImpl (DeletedBlockLogImpl.java:isTransactionFailed(278)) - Got block deletion ACK from datanode, TXIDs=11, success=true
2021-08-10 12:16:30,604 [EventQueue-DeleteBlockStatusForDeletedBlockLogImpl] DEBUG block.DeletedBlockLogImpl (DeletedBlockLogImpl.java:commitTransactions(224)) - Transaction txId=11 commit by dnId=ad4991cb-97ce-4dd6-b117-42e7f6b0816f for containerID=#11 failed. Corresponding entry not found.
2021-08-10 12:16:30,604 [EventQueue-DeleteBlockStatusForDeletedBlockLogImpl] DEBUG block.DeletedBlockLogImpl (DeletedBlockLogImpl.java:isTransactionFailed(278)) - Got block deletion ACK from datanode, TXIDs=12, success=true
2021-08-10 12:16:30,604 [EventQueue-DeleteBlockStatusForDeletedBlockLogImpl] DEBUG block.DeletedBlockLogImpl (DeletedBlockLogImpl.java:commitTransactions(224)) - Transaction txId=12 commit by dnId=ad4991cb-97ce-4dd6-b117-42e7f6b0816f for containerID=#12 failed. Corresponding entry not found.
2021-08-10 12:16:30,604 [EventQueue-DeleteBlockStatusForDeletedBlockLogImpl] DEBUG block.DeletedBlockLogImpl (DeletedBlockLogImpl.java:isTransactionFailed(278)) - Got block deletion ACK from datanode, TXIDs=13, success=true
2021-08-10 12:16:30,604 [EventQueue-DeleteBlockStatusForDeletedBlockLogImpl] DEBUG block.DeletedBlockLogImpl (DeletedBlockLogImpl.java:commitTransactions(224)) - Transaction txId=13 commit by dnId=ad4991cb-97ce-4dd6-b117-42e7f6b0816f for containerID=#13 failed. Corresponding entry not found.
2021-08-10 12:16:30,604 [EventQueue-DeleteBlockStatusForDeletedBlockLogImpl] DEBUG block.DeletedBlockLogImpl (DeletedBlockLogImpl.java:isTransactionFailed(278)) - Got block deletion ACK from datanode, TXIDs=14, success=true
2021-08-10 12:16:30,604 [EventQueue-DeleteBlockStatusForDeletedBlockLogImpl] DEBUG block.DeletedBlockLogImpl (DeletedBlockLogImpl.java:commitTransactions(224)) - Transaction txId=14 commit by dnId=ad4991cb-97ce-4dd6-b117-42e7f6b0816f for containerID=#14 failed. Corresponding entry not found.
2021-08-10 12:16:30,604 [EventQueue-DeleteBlockStatusForDeletedBlockLogImpl] DEBUG block.DeletedBlockLogImpl (DeletedBlockLogImpl.java:isTransactionFailed(278)) - Got block deletion ACK from datanode, TXIDs=15, success=true
2021-08-10 12:16:30,604 [EventQueue-DeleteBlockStatusForDeletedBlockLogImpl] DEBUG block.DeletedBlockLogImpl (DeletedBlockLogImpl.java:commitTransactions(224)) - Transaction txId=15 commit by dnId=ad4991cb-97ce-4dd6-b117-42e7f6b0816f for containerID=#15 failed. Corresponding entry not found.
2021-08-10 12:16:30,604 [EventQueue-DeleteBlockStatusForDeletedBlockLogImpl] DEBUG block.DeletedBlockLogImpl (DeletedBlockLogImpl.java:isTransactionFailed(278)) - Got block deletion ACK from datanode, TXIDs=16, success=true
2021-08-10 12:16:30,604 [EventQueue-DeleteBlockStatusForDeletedBlockLogImpl] DEBUG block.DeletedBlockLogImpl (DeletedBlockLogImpl.java:commitTransactions(224)) - Transaction txId=16 commit by dnId=ad4991cb-97ce-4dd6-b117-42e7f6b0816f for containerID=#16 failed. Corresponding entry not found.
2021-08-10 12:16:30,604 [EventQueue-DeleteBlockStatusForDeletedBlockLogImpl] DEBUG block.DeletedBlockLogImpl (DeletedBlockLogImpl.java:isTransactionFailed(278)) - Got block deletion ACK from datanode, TXIDs=17, success=true
2021-08-10 12:16:30,604 [EventQueue-DeleteBlockStatusForDeletedBlockLogImpl] DEBUG block.DeletedBlockLogImpl (DeletedBlockLogImpl.java:commitTransactions(224)) - Transaction txId=17 commit by dnId=ad4991cb-97ce-4dd6-b117-42e7f6b0816f for containerID=#17 failed. Corresponding entry not found.
2021-08-10 12:16:30,604 [EventQueue-DeleteBlockStatusForDeletedBlockLogImpl] DEBUG block.DeletedBlockLogImpl (DeletedBlockLogImpl.java:isTransactionFailed(278)) - Got block deletion ACK from datanode, TXIDs=18, success=true
2021-08-10 12:16:30,604 [EventQueue-DeleteBlockStatusForDeletedBlockLogImpl] DEBUG block.DeletedBlockLogImpl (DeletedBlockLogImpl.java:commitTransactions(224)) - Transaction txId=18 commit by dnId=ad4991cb-97ce-4dd6-b117-42e7f6b0816f for containerID=#18 failed. Corresponding entry not found.
2021-08-10 12:16:30,604 [EventQueue-DeleteBlockStatusForDeletedBlockLogImpl] DEBUG block.DeletedBlockLogImpl (DeletedBlockLogImpl.java:isTransactionFailed(278)) - Got block deletion ACK from datanode, TXIDs=19, success=true
2021-08-10 12:16:30,604 [EventQueue-DeleteBlockStatusForDeletedBlockLogImpl] DEBUG block.DeletedBlockLogImpl (DeletedBlockLogImpl.java:commitTransactions(224)) - Transaction txId=19 commit by dnId=ad4991cb-97ce-4dd6-b117-42e7f6b0816f for containerID=#19 failed. Corresponding entry not found.
2021-08-10 12:16:30,604 [EventQueue-DeleteBlockStatusForDeletedBlockLogImpl] DEBUG block.DeletedBlockLogImpl (DeletedBlockLogImpl.java:isTransactionFailed(278)) - Got block deletion ACK from datanode, TXIDs=20, success=true
2021-08-10 12:16:30,604 [EventQueue-DeleteBlockStatusForDeletedBlockLogImpl] DEBUG block.DeletedBlockLogImpl (DeletedBlockLogImpl.java:commitTransactions(224)) - Transaction txId=20 commit by dnId=ad4991cb-97ce-4dd6-b117-42e7f6b0816f for containerID=#20 failed. Corresponding entry not found.
2021-08-10 12:16:30,604 [EventQueue-DeleteBlockStatusForDeletedBlockLogImpl] DEBUG block.DeletedBlockLogImpl (DeletedBlockLogImpl.java:isTransactionFailed(278)) - Got block deletion ACK from datanode, TXIDs=21, success=true
2021-08-10 12:16:30,604 [EventQueue-DeleteBlockStatusForDeletedBlockLogImpl] DEBUG block.DeletedBlockLogImpl (DeletedBlockLogImpl.java:commitTransactions(224)) - Transaction txId=21 commit by dnId=ad4991cb-97ce-4dd6-b117-42e7f6b0816f for containerID=#21 failed. Corresponding entry not found.
2021-08-10 12:16:30,604 [EventQueue-DeleteBlockStatusForDeletedBlockLogImpl] DEBUG block.DeletedBlockLogImpl (DeletedBlockLogImpl.java:isTransactionFailed(278)) - Got block deletion ACK from datanode, TXIDs=22, success=true
2021-08-10 12:16:30,604 [EventQueue-DeleteBlockStatusForDeletedBlockLogImpl] DEBUG block.DeletedBlockLogImpl (DeletedBlockLogImpl.java:commitTransactions(224)) - Transaction txId=22 commit by dnId=ad4991cb-97ce-4dd6-b117-42e7f6b0816f for containerID=#22 failed. Corresponding entry not found.
2021-08-10 12:16:30,604 [EventQueue-DeleteBlockStatusForDeletedBlockLogImpl] DEBUG block.DeletedBlockLogImpl (DeletedBlockLogImpl.java:isTransactionFailed(278)) - Got block deletion ACK from datanode, TXIDs=23, success=true
2021-08-10 12:16:30,604 [EventQueue-DeleteBlockStatusForDeletedBlockLogImpl] DEBUG block.DeletedBlockLogImpl (DeletedBlockLogImpl.java:commitTransactions(224)) - Transaction txId=23 commit by dnId=ad4991cb-97ce-4dd6-b117-42e7f6b0816f for containerID=#23 failed. Corresponding entry not found.
2021-08-10 12:16:30,605 [EventQueue-DeleteBlockStatusForDeletedBlockLogImpl] DEBUG block.DeletedBlockLogImpl (DeletedBlockLogImpl.java:isTransactionFailed(278)) - Got block deletion ACK from datanode, TXIDs=24, success=true
2021-08-10 12:16:30,605 [EventQueue-DeleteBlockStatusForDeletedBlockLogImpl] DEBUG block.DeletedBlockLogImpl (DeletedBlockLogImpl.java:commitTransactions(224)) - Transaction txId=24 commit by dnId=ad4991cb-97ce-4dd6-b117-42e7f6b0816f for containerID=#24 failed. Corresponding entry not found.
2021-08-10 12:16:30,605 [EventQueue-DeleteBlockStatusForDeletedBlockLogImpl] DEBUG block.DeletedBlockLogImpl (DeletedBlockLogImpl.java:isTransactionFailed(278)) - Got block deletion ACK from datanode, TXIDs=25, success=true
2021-08-10 12:16:30,605 [EventQueue-DeleteBlockStatusForDeletedBlockLogImpl] DEBUG block.DeletedBlockLogImpl (DeletedBlockLogImpl.java:commitTransactions(224)) - Transaction txId=25 commit by dnId=ad4991cb-97ce-4dd6-b117-42e7f6b0816f for containerID=#25 failed. Corresponding entry not found.
2021-08-10 12:16:30,605 [EventQueue-DeleteBlockStatusForDeletedBlockLogImpl] DEBUG block.DeletedBlockLogImpl (DeletedBlockLogImpl.java:isTransactionFailed(278)) - Got block deletion ACK from datanode, TXIDs=26, success=true
2021-08-10 12:16:30,605 [EventQueue-DeleteBlockStatusForDeletedBlockLogImpl] DEBUG block.DeletedBlockLogImpl (DeletedBlockLogImpl.java:commitTransactions(224)) - Transaction txId=26 commit by dnId=ad4991cb-97ce-4dd6-b117-42e7f6b0816f for containerID=#26 failed. Corresponding entry not found.
2021-08-10 12:16:30,605 [EventQueue-DeleteBlockStatusForDeletedBlockLogImpl] DEBUG block.DeletedBlockLogImpl (DeletedBlockLogImpl.java:isTransactionFailed(278)) - Got block deletion ACK from datanode, TXIDs=27, success=true
2021-08-10 12:16:30,605 [EventQueue-DeleteBlockStatusForDeletedBlockLogImpl] DEBUG block.DeletedBlockLogImpl (DeletedBlockLogImpl.java:commitTransactions(224)) - Transaction txId=27 commit by dnId=ad4991cb-97ce-4dd6-b117-42e7f6b0816f for containerID=#27 failed. Corresponding entry not found.
2021-08-10 12:16:30,605 [EventQueue-DeleteBlockStatusForDeletedBlockLogImpl] DEBUG block.DeletedBlockLogImpl (DeletedBlockLogImpl.java:isTransactionFailed(278)) - Got block deletion ACK from datanode, TXIDs=28, success=true
2021-08-10 12:16:30,605 [EventQueue-DeleteBlockStatusForDeletedBlockLogImpl] DEBUG block.DeletedBlockLogImpl (DeletedBlockLogImpl.java:commitTransactions(224)) - Transaction txId=28 commit by dnId=ad4991cb-97ce-4dd6-b117-42e7f6b0816f for containerID=#28 failed. Corresponding entry not found.
2021-08-10 12:16:30,605 [EventQueue-DeleteBlockStatusForDeletedBlockLogImpl] DEBUG block.DeletedBlockLogImpl (DeletedBlockLogImpl.java:isTransactionFailed(278)) - Got block deletion ACK from datanode, TXIDs=29, success=true
2021-08-10 12:16:30,605 [EventQueue-DeleteBlockStatusForDeletedBlockLogImpl] DEBUG block.DeletedBlockLogImpl (DeletedBlockLogImpl.java:commitTransactions(224)) - Transaction txId=29 commit by dnId=ad4991cb-97ce-4dd6-b117-42e7f6b0816f for containerID=#29 failed. Corresponding entry not found.
2021-08-10 12:16:30,605 [EventQueue-DeleteBlockStatusForDeletedBlockLogImpl] DEBUG block.DeletedBlockLogImpl (DeletedBlockLogImpl.java:isTransactionFailed(278)) - Got block deletion ACK from datanode, TXIDs=30, success=true
2021-08-10 12:16:30,605 [EventQueue-DeleteBlockStatusForDeletedBlockLogImpl] DEBUG block.DeletedBlockLogImpl (DeletedBlockLogImpl.java:commitTransactions(224)) - Transaction txId=30 commit by dnId=ad4991cb-97ce-4dd6-b117-42e7f6b0816f for containerID=#30 failed. Corresponding entry not found.
2021-08-10 12:16:30,605 [EventQueue-DeleteBlockStatusForDeletedBlockLogImpl] DEBUG block.DeletedBlockLogImpl (DeletedBlockLogImpl.java:isTransactionFailed(278)) - Got block deletion ACK from datanode, TXIDs=31, success=true
2021-08-10 12:16:30,605 [EventQueue-DeleteBlockStatusForDeletedBlockLogImpl] DEBUG block.DeletedBlockLogImpl (DeletedBlockLogImpl.java:commitTransactions(224)) - Transaction txId=31 commit by dnId=ad4991cb-97ce-4dd6-b117-42e7f6b0816f for containerID=#31 failed. Corresponding entry not found.
2021-08-10 12:16:30,605 [EventQueue-DeleteBlockStatusForDeletedBlockLogImpl] DEBUG block.DeletedBlockLogImpl (DeletedBlockLogImpl.java:isTransactionFailed(278)) - Got block deletion ACK from datanode, TXIDs=32, success=true
2021-08-10 12:16:30,605 [EventQueue-DeleteBlockStatusForDeletedBlockLogImpl] DEBUG block.DeletedBlockLogImpl (DeletedBlockLogImpl.java:commitTransactions(224)) - Transaction txId=32 commit by dnId=ad4991cb-97ce-4dd6-b117-42e7f6b0816f for containerID=#32 failed. Corresponding entry not found.
2021-08-10 12:16:30,605 [EventQueue-DeleteBlockStatusForDeletedBlockLogImpl] DEBUG block.DeletedBlockLogImpl (DeletedBlockLogImpl.java:isTransactionFailed(278)) - Got block deletion ACK from datanode, TXIDs=33, success=true
2021-08-10 12:16:30,605 [EventQueue-DeleteBlockStatusForDeletedBlockLogImpl] DEBUG block.DeletedBlockLogImpl (DeletedBlockLogImpl.java:commitTransactions(224)) - Transaction txId=33 commit by dnId=ad4991cb-97ce-4dd6-b117-42e7f6b0816f for containerID=#33 failed. Corresponding entry not found.
2021-08-10 12:16:30,605 [EventQueue-DeleteBlockStatusForDeletedBlockLogImpl] DEBUG block.DeletedBlockLogImpl (DeletedBlockLogImpl.java:isTransactionFailed(278)) - Got block deletion ACK from datanode, TXIDs=34, success=true
2021-08-10 12:16:30,605 [EventQueue-DeleteBlockStatusForDeletedBlockLogImpl] DEBUG block.DeletedBlockLogImpl (DeletedBlockLogImpl.java:commitTransactions(224)) - Transaction txId=34 commit by dnId=ad4991cb-97ce-4dd6-b117-42e7f6b0816f for containerID=#34 failed. Corresponding entry not found.
2021-08-10 12:16:30,605 [EventQueue-DeleteBlockStatusForDeletedBlockLogImpl] DEBUG block.DeletedBlockLogImpl (DeletedBlockLogImpl.java:isTransactionFailed(278)) - Got block deletion ACK from datanode, TXIDs=35, success=true
2021-08-10 12:16:30,605 [EventQueue-DeleteBlockStatusForDeletedBlockLogImpl] DEBUG block.DeletedBlockLogImpl (DeletedBlockLogImpl.java:commitTransactions(224)) - Transaction txId=35 commit by dnId=ad4991cb-97ce-4dd6-b117-42e7f6b0816f for containerID=#35 failed. Corresponding entry not found.
2021-08-10 12:16:30,605 [EventQueue-DeleteBlockStatusForDeletedBlockLogImpl] DEBUG block.DeletedBlockLogImpl (DeletedBlockLogImpl.java:isTransactionFailed(278)) - Got block deletion ACK from datanode, TXIDs=36, success=true
2021-08-10 12:16:30,605 [EventQueue-DeleteBlockStatusForDeletedBlockLogImpl] DEBUG block.DeletedBlockLogImpl (DeletedBlockLogImpl.java:commitTransactions(224)) - Transaction txId=36 commit by dnId=ad4991cb-97ce-4dd6-b117-42e7f6b0816f for containerID=#36 failed. Corresponding entry not found.
2021-08-10 12:16:30,605 [EventQueue-DeleteBlockStatusForDeletedBlockLogImpl] DEBUG block.DeletedBlockLogImpl (DeletedBlockLogImpl.java:isTransactionFailed(278)) - Got block deletion ACK from datanode, TXIDs=37, success=true
2021-08-10 12:16:30,605 [EventQueue-DeleteBlockStatusForDeletedBlockLogImpl] DEBUG block.DeletedBlockLogImpl (DeletedBlockLogImpl.java:commitTransactions(224)) - Transaction txId=37 commit by dnId=ad4991cb-97ce-4dd6-b117-42e7f6b0816f for containerID=#37 failed. Corresponding entry not found.
2021-08-10 12:16:30,605 [EventQueue-DeleteBlockStatusForDeletedBlockLogImpl] DEBUG block.DeletedBlockLogImpl (DeletedBlockLogImpl.java:isTransactionFailed(278)) - Got block deletion ACK from datanode, TXIDs=38, success=true
2021-08-10 12:16:30,605 [EventQueue-DeleteBlockStatusForDeletedBlockLogImpl] DEBUG block.DeletedBlockLogImpl (DeletedBlockLogImpl.java:commitTransactions(224)) - Transaction txId=38 commit by dnId=ad4991cb-97ce-4dd6-b117-42e7f6b0816f for containerID=#38 failed. Corresponding entry not found.
2021-08-10 12:16:30,605 [EventQueue-DeleteBlockStatusForDeletedBlockLogImpl] DEBUG block.DeletedBlockLogImpl (DeletedBlockLogImpl.java:isTransactionFailed(278)) - Got block deletion ACK from datanode, TXIDs=39, success=true
2021-08-10 12:16:30,605 [EventQueue-DeleteBlockStatusForDeletedBlockLogImpl] DEBUG block.DeletedBlockLogImpl (DeletedBlockLogImpl.java:commitTransactions(224)) - Transaction txId=39 commit by dnId=ad4991cb-97ce-4dd6-b117-42e7f6b0816f for containerID=#39 failed. Corresponding entry not found.
2021-08-10 12:16:30,605 [EventQueue-DeleteBlockStatusForDeletedBlockLogImpl] DEBUG block.DeletedBlockLogImpl (DeletedBlockLogImpl.java:isTransactionFailed(278)) - Got block deletion ACK from datanode, TXIDs=40, success=true
2021-08-10 12:16:30,605 [EventQueue-DeleteBlockStatusForDeletedBlockLogImpl] DEBUG block.DeletedBlockLogImpl (DeletedBlockLogImpl.java:commitTransactions(224)) - Transaction txId=40 commit by dnId=ad4991cb-97ce-4dd6-b117-42e7f6b0816f for containerID=#40 failed. Corresponding entry not found.
2021-08-10 12:16:30,605 [EventQueue-DeleteBlockStatusForDeletedBlockLogImpl] DEBUG block.DeletedBlockLogImpl (DeletedBlockLogImpl.java:isTransactionFailed(278)) - Got block deletion ACK from datanode, TXIDs=41, success=true
2021-08-10 12:16:30,605 [EventQueue-DeleteBlockStatusForDeletedBlockLogImpl] DEBUG block.DeletedBlockLogImpl (DeletedBlockLogImpl.java:commitTransactions(224)) - Transaction txId=41 commit by dnId=ad4991cb-97ce-4dd6-b117-42e7f6b0816f for containerID=#41 failed. Corresponding entry not found.
2021-08-10 12:16:30,605 [EventQueue-DeleteBlockStatusForDeletedBlockLogImpl] DEBUG block.DeletedBlockLogImpl (DeletedBlockLogImpl.java:isTransactionFailed(278)) - Got block deletion ACK from datanode, TXIDs=42, success=true
2021-08-10 12:16:30,605 [EventQueue-DeleteBlockStatusForDeletedBlockLogImpl] DEBUG block.DeletedBlockLogImpl (DeletedBlockLogImpl.java:commitTransactions(224)) - Transaction txId=42 commit by dnId=ad4991cb-97ce-4dd6-b117-42e7f6b0816f for containerID=#42 failed. Corresponding entry not found.
2021-08-10 12:16:30,605 [EventQueue-DeleteBlockStatusForDeletedBlockLogImpl] DEBUG block.DeletedBlockLogImpl (DeletedBlockLogImpl.java:isTransactionFailed(278)) - Got block deletion ACK from datanode, TXIDs=43, success=true
2021-08-10 12:16:30,605 [EventQueue-DeleteBlockStatusForDeletedBlockLogImpl] DEBUG block.DeletedBlockLogImpl (DeletedBlockLogImpl.java:commitTransactions(224)) - Transaction txId=43 commit by dnId=ad4991cb-97ce-4dd6-b117-42e7f6b0816f for containerID=#43 failed. Corresponding entry not found.
2021-08-10 12:16:30,605 [EventQueue-DeleteBlockStatusForDeletedBlockLogImpl] DEBUG block.DeletedBlockLogImpl (DeletedBlockLogImpl.java:isTransactionFailed(278)) - Got block deletion ACK from datanode, TXIDs=44, success=true
2021-08-10 12:16:30,605 [EventQueue-DeleteBlockStatusForDeletedBlockLogImpl] DEBUG block.DeletedBlockLogImpl (DeletedBlockLogImpl.java:commitTransactions(224)) - Transaction txId=44 commit by dnId=ad4991cb-97ce-4dd6-b117-42e7f6b0816f for containerID=#44 failed. Corresponding entry not found.
2021-08-10 12:16:30,605 [EventQueue-DeleteBlockStatusForDeletedBlockLogImpl] DEBUG block.DeletedBlockLogImpl (DeletedBlockLogImpl.java:isTransactionFailed(278)) - Got block deletion ACK from datanode, TXIDs=45, success=true
2021-08-10 12:16:30,605 [EventQueue-DeleteBlockStatusForDeletedBlockLogImpl] DEBUG block.DeletedBlockLogImpl (DeletedBlockLogImpl.java:commitTransactions(224)) - Transaction txId=45 commit by dnId=ad4991cb-97ce-4dd6-b117-42e7f6b0816f for containerID=#45 failed. Corresponding entry not found.
2021-08-10 12:16:30,605 [EventQueue-DeleteBlockStatusForDeletedBlockLogImpl] DEBUG block.DeletedBlockLogImpl (DeletedBlockLogImpl.java:isTransactionFailed(278)) - Got block deletion ACK from datanode, TXIDs=46, success=true
2021-08-10 12:16:30,605 [EventQueue-DeleteBlockStatusForDeletedBlockLogImpl] DEBUG block.DeletedBlockLogImpl (DeletedBlockLogImpl.java:commitTransactions(224)) - Transaction txId=46 commit by dnId=ad4991cb-97ce-4dd6-b117-42e7f6b0816f for containerID=#46 failed. Corresponding entry not found.
2021-08-10 12:16:30,605 [EventQueue-DeleteBlockStatusForDeletedBlockLogImpl] DEBUG block.DeletedBlockLogImpl (DeletedBlockLogImpl.java:isTransactionFailed(278)) - Got block deletion ACK from datanode, TXIDs=47, success=true
2021-08-10 12:16:30,606 [EventQueue-DeleteBlockStatusForDeletedBlockLogImpl] DEBUG block.DeletedBlockLogImpl (DeletedBlockLogImpl.java:commitTransactions(224)) - Transaction txId=47 commit by dnId=ad4991cb-97ce-4dd6-b117-42e7f6b0816f for containerID=#47 failed. Corresponding entry not found.
2021-08-10 12:16:30,606 [EventQueue-DeleteBlockStatusForDeletedBlockLogImpl] DEBUG block.DeletedBlockLogImpl (DeletedBlockLogImpl.java:isTransactionFailed(278)) - Got block deletion ACK from datanode, TXIDs=48, success=true
2021-08-10 12:16:30,606 [EventQueue-DeleteBlockStatusForDeletedBlockLogImpl] DEBUG block.DeletedBlockLogImpl (DeletedBlockLogImpl.java:commitTransactions(224)) - Transaction txId=48 commit by dnId=ad4991cb-97ce-4dd6-b117-42e7f6b0816f for containerID=#48 failed. Corresponding entry not found.
2021-08-10 12:16:30,606 [EventQueue-DeleteBlockStatusForDeletedBlockLogImpl] DEBUG block.DeletedBlockLogImpl (DeletedBlockLogImpl.java:isTransactionFailed(278)) - Got block deletion ACK from datanode, TXIDs=49, success=true
2021-08-10 12:16:30,606 [EventQueue-DeleteBlockStatusForDeletedBlockLogImpl] DEBUG block.DeletedBlockLogImpl (DeletedBlockLogImpl.java:commitTransactions(224)) - Transaction txId=49 commit by dnId=ad4991cb-97ce-4dd6-b117-42e7f6b0816f for containerID=#49 failed. Corresponding entry not found.
2021-08-10 12:16:30,606 [EventQueue-DeleteBlockStatusForDeletedBlockLogImpl] DEBUG block.DeletedBlockLogImpl (DeletedBlockLogImpl.java:isTransactionFailed(278)) - Got block deletion ACK from datanode, TXIDs=50, success=true
2021-08-10 12:16:30,606 [EventQueue-DeleteBlockStatusForDeletedBlockLogImpl] DEBUG block.DeletedBlockLogImpl (DeletedBlockLogImpl.java:commitTransactions(224)) - Transaction txId=50 commit by dnId=ad4991cb-97ce-4dd6-b117-42e7f6b0816f for containerID=#50 failed. Corresponding entry not found.
2021-08-10 12:16:30,606 [EventQueue-DeleteBlockStatusForDeletedBlockLogImpl] DEBUG block.DeletedBlockLogImpl (DeletedBlockLogImpl.java:isTransactionFailed(278)) - Got block deletion ACK from datanode, TXIDs=51, success=true
2021-08-10 12:16:30,606 [EventQueue-DeleteBlockStatusForDeletedBlockLogImpl] DEBUG block.DeletedBlockLogImpl (DeletedBlockLogImpl.java:commitTransactions(224)) - Transaction txId=51 commit by dnId=ad4991cb-97ce-4dd6-b117-42e7f6b0816f for containerID=#51 failed. Corresponding entry not found.
2021-08-10 12:16:30,606 [EventQueue-DeleteBlockStatusForDeletedBlockLogImpl] DEBUG block.DeletedBlockLogImpl (DeletedBlockLogImpl.java:isTransactionFailed(278)) - Got block deletion ACK from datanode, TXIDs=52, success=true
2021-08-10 12:16:30,606 [EventQueue-DeleteBlockStatusForDeletedBlockLogImpl] DEBUG block.DeletedBlockLogImpl (DeletedBlockLogImpl.java:commitTransactions(224)) - Transaction txId=52 commit by dnId=ad4991cb-97ce-4dd6-b117-42e7f6b0816f for containerID=#52 failed. Corresponding entry not found.
2021-08-10 12:16:30,606 [EventQueue-DeleteBlockStatusForDeletedBlockLogImpl] DEBUG block.DeletedBlockLogImpl (DeletedBlockLogImpl.java:isTransactionFailed(278)) - Got block deletion ACK from datanode, TXIDs=53, success=true
2021-08-10 12:16:30,606 [EventQueue-DeleteBlockStatusForDeletedBlockLogImpl] DEBUG block.DeletedBlockLogImpl (DeletedBlockLogImpl.java:commitTransactions(224)) - Transaction txId=53 commit by dnId=ad4991cb-97ce-4dd6-b117-42e7f6b0816f for containerID=#53 failed. Corresponding entry not found.
2021-08-10 12:16:30,606 [EventQueue-DeleteBlockStatusForDeletedBlockLogImpl] DEBUG block.DeletedBlockLogImpl (DeletedBlockLogImpl.java:isTransactionFailed(278)) - Got block deletion ACK from datanode, TXIDs=54, success=true
2021-08-10 12:16:30,606 [EventQueue-DeleteBlockStatusForDeletedBlockLogImpl] DEBUG block.DeletedBlockLogImpl (DeletedBlockLogImpl.java:commitTransactions(224)) - Transaction txId=54 commit by dnId=ad4991cb-97ce-4dd6-b117-42e7f6b0816f for containerID=#54 failed. Corresponding entry not found.
2021-08-10 12:16:30,606 [EventQueue-DeleteBlockStatusForDeletedBlockLogImpl] DEBUG block.DeletedBlockLogImpl (DeletedBlockLogImpl.java:isTransactionFailed(278)) - Got block deletion ACK from datanode, TXIDs=55, success=true
2021-08-10 12:16:30,606 [EventQueue-DeleteBlockStatusForDeletedBlockLogImpl] DEBUG block.DeletedBlockLogImpl (DeletedBlockLogImpl.java:commitTransactions(224)) - Transaction txId=55 commit by dnId=ad4991cb-97ce-4dd6-b117-42e7f6b0816f for containerID=#55 failed. Corresponding entry not found.
2021-08-10 12:16:30,606 [EventQueue-DeleteBlockStatusForDeletedBlockLogImpl] DEBUG block.DeletedBlockLogImpl (DeletedBlockLogImpl.java:isTransactionFailed(278)) - Got block deletion ACK from datanode, TXIDs=56, success=true
2021-08-10 12:16:30,606 [EventQueue-DeleteBlockStatusForDeletedBlockLogImpl] DEBUG block.DeletedBlockLogImpl (DeletedBlockLogImpl.java:commitTransactions(224)) - Transaction txId=56 commit by dnId=ad4991cb-97ce-4dd6-b117-42e7f6b0816f for containerID=#56 failed. Corresponding entry not found.
2021-08-10 12:16:30,606 [EventQueue-DeleteBlockStatusForDeletedBlockLogImpl] DEBUG block.DeletedBlockLogImpl (DeletedBlockLogImpl.java:isTransactionFailed(278)) - Got block deletion ACK from datanode, TXIDs=10, success=true
2021-08-10 12:16:30,606 [EventQueue-DeleteBlockStatusForDeletedBlockLogImpl] DEBUG block.DeletedBlockLogImpl (DeletedBlockLogImpl.java:commitTransactions(224)) - Transaction txId=10 commit by dnId=ad4991cb-97ce-4dd6-b117-42e7f6b0816f for containerID=#10 failed. Corresponding entry not found.
2021-08-10 12:16:30,606 [EventQueue-DeleteBlockStatusForDeletedBlockLogImpl] DEBUG block.DeletedBlockLogImpl (DeletedBlockLogImpl.java:isTransactionFailed(278)) - Got block deletion ACK from datanode, TXIDs=11, success=true
2021-08-10 12:16:30,606 [EventQueue-DeleteBlockStatusForDeletedBlockLogImpl] DEBUG block.DeletedBlockLogImpl (DeletedBlockLogImpl.java:commitTransactions(224)) - Transaction txId=11 commit by dnId=ad4991cb-97ce-4dd6-b117-42e7f6b0816f for containerID=#11 failed. Corresponding entry not found.
2021-08-10 12:16:30,606 [EventQueue-DeleteBlockStatusForDeletedBlockLogImpl] DEBUG block.DeletedBlockLogImpl (DeletedBlockLogImpl.java:isTransactionFailed(278)) - Got block deletion ACK from datanode, TXIDs=12, success=true
2021-08-10 12:16:30,606 [EventQueue-DeleteBlockStatusForDeletedBlockLogImpl] DEBUG block.DeletedBlockLogImpl (DeletedBlockLogImpl.java:commitTransactions(224)) - Transaction txId=12 commit by dnId=ad4991cb-97ce-4dd6-b117-42e7f6b0816f for containerID=#12 failed. Corresponding entry not found.
2021-08-10 12:16:30,606 [EventQueue-DeleteBlockStatusForDeletedBlockLogImpl] DEBUG block.DeletedBlockLogImpl (DeletedBlockLogImpl.java:isTransactionFailed(278)) - Got block deletion ACK from datanode, TXIDs=13, success=true
2021-08-10 12:16:30,606 [EventQueue-DeleteBlockStatusForDeletedBlockLogImpl] DEBUG block.DeletedBlockLogImpl (DeletedBlockLogImpl.java:commitTransactions(224)) - Transaction txId=13 commit by dnId=ad4991cb-97ce-4dd6-b117-42e7f6b0816f for containerID=#13 failed. Corresponding entry not found.
2021-08-10 12:16:30,606 [EventQueue-DeleteBlockStatusForDeletedBlockLogImpl] DEBUG block.DeletedBlockLogImpl (DeletedBlockLogImpl.java:isTransactionFailed(278)) - Got block deletion ACK from datanode, TXIDs=14, success=true
2021-08-10 12:16:30,606 [EventQueue-DeleteBlockStatusForDeletedBlockLogImpl] DEBUG block.DeletedBlockLogImpl (DeletedBlockLogImpl.java:commitTransactions(224)) - Transaction txId=14 commit by dnId=ad4991cb-97ce-4dd6-b117-42e7f6b0816f for containerID=#14 failed. Corresponding entry not found.
2021-08-10 12:16:30,606 [EventQueue-DeleteBlockStatusForDeletedBlockLogImpl] DEBUG block.DeletedBlockLogImpl (DeletedBlockLogImpl.java:isTransactionFailed(278)) - Got block deletion ACK from datanode, TXIDs=15, success=true
2021-08-10 12:16:30,606 [EventQueue-DeleteBlockStatusForDeletedBlockLogImpl] DEBUG block.DeletedBlockLogImpl (DeletedBlockLogImpl.java:commitTransactions(224)) - Transaction txId=15 commit by dnId=ad4991cb-97ce-4dd6-b117-42e7f6b0816f for containerID=#15 failed. Corresponding entry not found.
2021-08-10 12:16:30,606 [EventQueue-DeleteBlockStatusForDeletedBlockLogImpl] DEBUG block.DeletedBlockLogImpl (DeletedBlockLogImpl.java:isTransactionFailed(278)) - Got block deletion ACK from datanode, TXIDs=16, success=true
2021-08-10 12:16:30,606 [EventQueue-DeleteBlockStatusForDeletedBlockLogImpl] DEBUG block.DeletedBlockLogImpl (DeletedBlockLogImpl.java:commitTransactions(224)) - Transaction txId=16 commit by dnId=ad4991cb-97ce-4dd6-b117-42e7f6b0816f for containerID=#16 failed. Corresponding entry not found.
2021-08-10 12:16:30,606 [EventQueue-DeleteBlockStatusForDeletedBlockLogImpl] DEBUG block.DeletedBlockLogImpl (DeletedBlockLogImpl.java:isTransactionFailed(278)) - Got block deletion ACK from datanode, TXIDs=17, success=true
2021-08-10 12:16:30,606 [EventQueue-DeleteBlockStatusForDeletedBlockLogImpl] DEBUG block.DeletedBlockLogImpl (DeletedBlockLogImpl.java:commitTransactions(224)) - Transaction txId=17 commit by dnId=ad4991cb-97ce-4dd6-b117-42e7f6b0816f for containerID=#17 failed. Corresponding entry not found.
2021-08-10 12:16:30,606 [EventQueue-DeleteBlockStatusForDeletedBlockLogImpl] DEBUG block.DeletedBlockLogImpl (DeletedBlockLogImpl.java:isTransactionFailed(278)) - Got block deletion ACK from datanode, TXIDs=18, success=true
2021-08-10 12:16:30,606 [EventQueue-DeleteBlockStatusForDeletedBlockLogImpl] DEBUG block.DeletedBlockLogImpl (DeletedBlockLogImpl.java:commitTransactions(224)) - Transaction txId=18 commit by dnId=ad4991cb-97ce-4dd6-b117-42e7f6b0816f for containerID=#18 failed. Corresponding entry not found.
2021-08-10 12:16:30,606 [EventQueue-DeleteBlockStatusForDeletedBlockLogImpl] DEBUG block.DeletedBlockLogImpl (DeletedBlockLogImpl.java:isTransactionFailed(278)) - Got block deletion ACK from datanode, TXIDs=19, success=true
2021-08-10 12:16:30,606 [EventQueue-DeleteBlockStatusForDeletedBlockLogImpl] DEBUG block.DeletedBlockLogImpl (DeletedBlockLogImpl.java:commitTransactions(224)) - Transaction txId=19 commit by dnId=ad4991cb-97ce-4dd6-b117-42e7f6b0816f for containerID=#19 failed. Corresponding entry not found.
2021-08-10 12:16:30,606 [EventQueue-DeleteBlockStatusForDeletedBlockLogImpl] DEBUG block.DeletedBlockLogImpl (DeletedBlockLogImpl.java:isTransactionFailed(278)) - Got block deletion ACK from datanode, TXIDs=20, success=true
2021-08-10 12:16:30,606 [EventQueue-DeleteBlockStatusForDeletedBlockLogImpl] DEBUG block.DeletedBlockLogImpl (DeletedBlockLogImpl.java:commitTransactions(224)) - Transaction txId=20 commit by dnId=ad4991cb-97ce-4dd6-b117-42e7f6b0816f for containerID=#20 failed. Corresponding entry not found.
2021-08-10 12:16:30,606 [EventQueue-DeleteBlockStatusForDeletedBlockLogImpl] DEBUG block.DeletedBlockLogImpl (DeletedBlockLogImpl.java:isTransactionFailed(278)) - Got block deletion ACK from datanode, TXIDs=21, success=true
2021-08-10 12:16:30,606 [EventQueue-DeleteBlockStatusForDeletedBlockLogImpl] DEBUG block.DeletedBlockLogImpl (DeletedBlockLogImpl.java:commitTransactions(224)) - Transaction txId=21 commit by dnId=ad4991cb-97ce-4dd6-b117-42e7f6b0816f for containerID=#21 failed. Corresponding entry not found.
2021-08-10 12:16:30,606 [EventQueue-DeleteBlockStatusForDeletedBlockLogImpl] DEBUG block.DeletedBlockLogImpl (DeletedBlockLogImpl.java:isTransactionFailed(278)) - Got block deletion ACK from datanode, TXIDs=22, success=true
2021-08-10 12:16:30,606 [EventQueue-DeleteBlockStatusForDeletedBlockLogImpl] DEBUG block.DeletedBlockLogImpl (DeletedBlockLogImpl.java:commitTransactions(224)) - Transaction txId=22 commit by dnId=ad4991cb-97ce-4dd6-b117-42e7f6b0816f for containerID=#22 failed. Corresponding entry not found.
2021-08-10 12:16:30,607 [EventQueue-DeleteBlockStatusForDeletedBlockLogImpl] DEBUG block.DeletedBlockLogImpl (DeletedBlockLogImpl.java:isTransactionFailed(278)) - Got block deletion ACK from datanode, TXIDs=23, success=true
2021-08-10 12:16:30,607 [EventQueue-DeleteBlockStatusForDeletedBlockLogImpl] DEBUG block.DeletedBlockLogImpl (DeletedBlockLogImpl.java:commitTransactions(224)) - Transaction txId=23 commit by dnId=ad4991cb-97ce-4dd6-b117-42e7f6b0816f for containerID=#23 failed. Corresponding entry not found.
2021-08-10 12:16:30,607 [EventQueue-DeleteBlockStatusForDeletedBlockLogImpl] DEBUG block.DeletedBlockLogImpl (DeletedBlockLogImpl.java:isTransactionFailed(278)) - Got block deletion ACK from datanode, TXIDs=24, success=true
2021-08-10 12:16:30,607 [EventQueue-DeleteBlockStatusForDeletedBlockLogImpl] DEBUG block.DeletedBlockLogImpl (DeletedBlockLogImpl.java:commitTransactions(224)) - Transaction txId=24 commit by dnId=ad4991cb-97ce-4dd6-b117-42e7f6b0816f for containerID=#24 failed. Corresponding entry not found.
2021-08-10 12:16:30,607 [EventQueue-DeleteBlockStatusForDeletedBlockLogImpl] DEBUG block.DeletedBlockLogImpl (DeletedBlockLogImpl.java:isTransactionFailed(278)) - Got block deletion ACK from datanode, TXIDs=25, success=true
2021-08-10 12:16:30,607 [EventQueue-DeleteBlockStatusForDeletedBlockLogImpl] DEBUG block.DeletedBlockLogImpl (DeletedBlockLogImpl.java:commitTransactions(224)) - Transaction txId=25 commit by dnId=ad4991cb-97ce-4dd6-b117-42e7f6b0816f for containerID=#25 failed. Corresponding entry not found.
2021-08-10 12:16:30,607 [EventQueue-DeleteBlockStatusForDeletedBlockLogImpl] DEBUG block.DeletedBlockLogImpl (DeletedBlockLogImpl.java:isTransactionFailed(278)) - Got block deletion ACK from datanode, TXIDs=26, success=true
2021-08-10 12:16:30,607 [EventQueue-DeleteBlockStatusForDeletedBlockLogImpl] DEBUG block.DeletedBlockLogImpl (DeletedBlockLogImpl.java:commitTransactions(224)) - Transaction txId=26 commit by dnId=ad4991cb-97ce-4dd6-b117-42e7f6b0816f for containerID=#26 failed. Corresponding entry not found.
2021-08-10 12:16:30,607 [EventQueue-DeleteBlockStatusForDeletedBlockLogImpl] DEBUG block.DeletedBlockLogImpl (DeletedBlockLogImpl.java:isTransactionFailed(278)) - Got block deletion ACK from datanode, TXIDs=27, success=true
2021-08-10 12:16:30,607 [EventQueue-DeleteBlockStatusForDeletedBlockLogImpl] DEBUG block.DeletedBlockLogImpl (DeletedBlockLogImpl.java:commitTransactions(224)) - Transaction txId=27 commit by dnId=ad4991cb-97ce-4dd6-b117-42e7f6b0816f for containerID=#27 failed. Corresponding entry not found.
2021-08-10 12:16:30,607 [EventQueue-DeleteBlockStatusForDeletedBlockLogImpl] DEBUG block.DeletedBlockLogImpl (DeletedBlockLogImpl.java:isTransactionFailed(278)) - Got block deletion ACK from datanode, TXIDs=28, success=true
2021-08-10 12:16:30,607 [EventQueue-DeleteBlockStatusForDeletedBlockLogImpl] DEBUG block.DeletedBlockLogImpl (DeletedBlockLogImpl.java:commitTransactions(224)) - Transaction txId=28 commit by dnId=ad4991cb-97ce-4dd6-b117-42e7f6b0816f for containerID=#28 failed. Corresponding entry not found.
2021-08-10 12:16:30,607 [EventQueue-DeleteBlockStatusForDeletedBlockLogImpl] DEBUG block.DeletedBlockLogImpl (DeletedBlockLogImpl.java:isTransactionFailed(278)) - Got block deletion ACK from datanode, TXIDs=29, success=true
2021-08-10 12:16:30,607 [EventQueue-DeleteBlockStatusForDeletedBlockLogImpl] DEBUG block.DeletedBlockLogImpl (DeletedBlockLogImpl.java:commitTransactions(224)) - Transaction txId=29 commit by dnId=ad4991cb-97ce-4dd6-b117-42e7f6b0816f for containerID=#29 failed. Corresponding entry not found.
2021-08-10 12:16:30,607 [EventQueue-DeleteBlockStatusForDeletedBlockLogImpl] DEBUG block.DeletedBlockLogImpl (DeletedBlockLogImpl.java:isTransactionFailed(278)) - Got block deletion ACK from datanode, TXIDs=30, success=true
2021-08-10 12:16:30,607 [EventQueue-DeleteBlockStatusForDeletedBlockLogImpl] DEBUG block.DeletedBlockLogImpl (DeletedBlockLogImpl.java:commitTransactions(224)) - Transaction txId=30 commit by dnId=ad4991cb-97ce-4dd6-b117-42e7f6b0816f for containerID=#30 failed. Corresponding entry not found.
2021-08-10 12:16:30,607 [EventQueue-DeleteBlockStatusForDeletedBlockLogImpl] DEBUG block.DeletedBlockLogImpl (DeletedBlockLogImpl.java:isTransactionFailed(278)) - Got block deletion ACK from datanode, TXIDs=31, success=true
2021-08-10 12:16:30,607 [EventQueue-DeleteBlockStatusForDeletedBlockLogImpl] DEBUG block.DeletedBlockLogImpl (DeletedBlockLogImpl.java:commitTransactions(224)) - Transaction txId=31 commit by dnId=ad4991cb-97ce-4dd6-b117-42e7f6b0816f for containerID=#31 failed. Corresponding entry not found.
2021-08-10 12:16:30,607 [EventQueue-DeleteBlockStatusForDeletedBlockLogImpl] DEBUG block.DeletedBlockLogImpl (DeletedBlockLogImpl.java:isTransactionFailed(278)) - Got block deletion ACK from datanode, TXIDs=32, success=true
2021-08-10 12:16:30,607 [EventQueue-DeleteBlockStatusForDeletedBlockLogImpl] DEBUG block.DeletedBlockLogImpl (DeletedBlockLogImpl.java:commitTransactions(224)) - Transaction txId=32 commit by dnId=ad4991cb-97ce-4dd6-b117-42e7f6b0816f for containerID=#32 failed. Corresponding entry not found.
2021-08-10 12:16:30,607 [EventQueue-DeleteBlockStatusForDeletedBlockLogImpl] DEBUG block.DeletedBlockLogImpl (DeletedBlockLogImpl.java:isTransactionFailed(278)) - Got block deletion ACK from datanode, TXIDs=33, success=true
2021-08-10 12:16:30,607 [EventQueue-DeleteBlockStatusForDeletedBlockLogImpl] DEBUG block.DeletedBlockLogImpl (DeletedBlockLogImpl.java:commitTransactions(224)) - Transaction txId=33 commit by dnId=ad4991cb-97ce-4dd6-b117-42e7f6b0816f for containerID=#33 failed. Corresponding entry not found.
2021-08-10 12:16:30,607 [EventQueue-DeleteBlockStatusForDeletedBlockLogImpl] DEBUG block.DeletedBlockLogImpl (DeletedBlockLogImpl.java:isTransactionFailed(278)) - Got block deletion ACK from datanode, TXIDs=34, success=true
2021-08-10 12:16:30,607 [EventQueue-DeleteBlockStatusForDeletedBlockLogImpl] DEBUG block.DeletedBlockLogImpl (DeletedBlockLogImpl.java:commitTransactions(224)) - Transaction txId=34 commit by dnId=ad4991cb-97ce-4dd6-b117-42e7f6b0816f for containerID=#34 failed. Corresponding entry not found.
2021-08-10 12:16:30,607 [EventQueue-DeleteBlockStatusForDeletedBlockLogImpl] DEBUG block.DeletedBlockLogImpl (DeletedBlockLogImpl.java:isTransactionFailed(278)) - Got block deletion ACK from datanode, TXIDs=35, success=true
2021-08-10 12:16:30,607 [EventQueue-DeleteBlockStatusForDeletedBlockLogImpl] DEBUG block.DeletedBlockLogImpl (DeletedBlockLogImpl.java:commitTransactions(224)) - Transaction txId=35 commit by dnId=ad4991cb-97ce-4dd6-b117-42e7f6b0816f for containerID=#35 failed. Corresponding entry not found.
2021-08-10 12:16:30,607 [EventQueue-DeleteBlockStatusForDeletedBlockLogImpl] DEBUG block.DeletedBlockLogImpl (DeletedBlockLogImpl.java:isTransactionFailed(278)) - Got block deletion ACK from datanode, TXIDs=36, success=true
2021-08-10 12:16:30,607 [EventQueue-DeleteBlockStatusForDeletedBlockLogImpl] DEBUG block.DeletedBlockLogImpl (DeletedBlockLogImpl.java:commitTransactions(224)) - Transaction txId=36 commit by dnId=ad4991cb-97ce-4dd6-b117-42e7f6b0816f for containerID=#36 failed. Corresponding entry not found.
2021-08-10 12:16:30,607 [EventQueue-DeleteBlockStatusForDeletedBlockLogImpl] DEBUG block.DeletedBlockLogImpl (DeletedBlockLogImpl.java:isTransactionFailed(278)) - Got block deletion ACK from datanode, TXIDs=37, success=true
2021-08-10 12:16:30,607 [EventQueue-DeleteBlockStatusForDeletedBlockLogImpl] DEBUG block.DeletedBlockLogImpl (DeletedBlockLogImpl.java:commitTransactions(224)) - Transaction txId=37 commit by dnId=ad4991cb-97ce-4dd6-b117-42e7f6b0816f for containerID=#37 failed. Corresponding entry not found.
2021-08-10 12:16:30,607 [EventQueue-DeleteBlockStatusForDeletedBlockLogImpl] DEBUG block.DeletedBlockLogImpl (DeletedBlockLogImpl.java:isTransactionFailed(278)) - Got block deletion ACK from datanode, TXIDs=38, success=true
2021-08-10 12:16:30,607 [EventQueue-DeleteBlockStatusForDeletedBlockLogImpl] DEBUG block.DeletedBlockLogImpl (DeletedBlockLogImpl.java:commitTransactions(224)) - Transaction txId=38 commit by dnId=ad4991cb-97ce-4dd6-b117-42e7f6b0816f for containerID=#38 failed. Corresponding entry not found.
2021-08-10 12:16:30,607 [EventQueue-DeleteBlockStatusForDeletedBlockLogImpl] DEBUG block.DeletedBlockLogImpl (DeletedBlockLogImpl.java:isTransactionFailed(278)) - Got block deletion ACK from datanode, TXIDs=39, success=true
2021-08-10 12:16:30,607 [EventQueue-DeleteBlockStatusForDeletedBlockLogImpl] DEBUG block.DeletedBlockLogImpl (DeletedBlockLogImpl.java:commitTransactions(224)) - Transaction txId=39 commit by dnId=ad4991cb-97ce-4dd6-b117-42e7f6b0816f for containerID=#39 failed. Corresponding entry not found.
2021-08-10 12:16:30,607 [EventQueue-DeleteBlockStatusForDeletedBlockLogImpl] DEBUG block.DeletedBlockLogImpl (DeletedBlockLogImpl.java:isTransactionFailed(278)) - Got block deletion ACK from datanode, TXIDs=40, success=true
2021-08-10 12:16:30,607 [EventQueue-DeleteBlockStatusForDeletedBlockLogImpl] DEBUG block.DeletedBlockLogImpl (DeletedBlockLogImpl.java:commitTransactions(224)) - Transaction txId=40 commit by dnId=ad4991cb-97ce-4dd6-b117-42e7f6b0816f for containerID=#40 failed. Corresponding entry not found.
2021-08-10 12:16:30,607 [EventQueue-DeleteBlockStatusForDeletedBlockLogImpl] DEBUG block.DeletedBlockLogImpl (DeletedBlockLogImpl.java:isTransactionFailed(278)) - Got block deletion ACK from datanode, TXIDs=41, success=true
2021-08-10 12:16:30,607 [EventQueue-DeleteBlockStatusForDeletedBlockLogImpl] DEBUG block.DeletedBlockLogImpl (DeletedBlockLogImpl.java:commitTransactions(224)) - Transaction txId=41 commit by dnId=ad4991cb-97ce-4dd6-b117-42e7f6b0816f for containerID=#41 failed. Corresponding entry not found.
2021-08-10 12:16:30,607 [EventQueue-DeleteBlockStatusForDeletedBlockLogImpl] DEBUG block.DeletedBlockLogImpl (DeletedBlockLogImpl.java:isTransactionFailed(278)) - Got block deletion ACK from datanode, TXIDs=42, success=true
2021-08-10 12:16:30,607 [EventQueue-DeleteBlockStatusForDeletedBlockLogImpl] DEBUG block.DeletedBlockLogImpl (DeletedBlockLogImpl.java:commitTransactions(224)) - Transaction txId=42 commit by dnId=ad4991cb-97ce-4dd6-b117-42e7f6b0816f for containerID=#42 failed. Corresponding entry not found.
2021-08-10 12:16:30,607 [EventQueue-DeleteBlockStatusForDeletedBlockLogImpl] DEBUG block.DeletedBlockLogImpl (DeletedBlockLogImpl.java:isTransactionFailed(278)) - Got block deletion ACK from datanode, TXIDs=43, success=true
2021-08-10 12:16:30,607 [EventQueue-DeleteBlockStatusForDeletedBlockLogImpl] DEBUG block.DeletedBlockLogImpl (DeletedBlockLogImpl.java:commitTransactions(224)) - Transaction txId=43 commit by dnId=ad4991cb-97ce-4dd6-b117-42e7f6b0816f for containerID=#43 failed. Corresponding entry not found.
2021-08-10 12:16:30,607 [EventQueue-DeleteBlockStatusForDeletedBlockLogImpl] DEBUG block.DeletedBlockLogImpl (DeletedBlockLogImpl.java:isTransactionFailed(278)) - Got block deletion ACK from datanode, TXIDs=44, success=true
2021-08-10 12:16:30,607 [EventQueue-DeleteBlockStatusForDeletedBlockLogImpl] DEBUG block.DeletedBlockLogImpl (DeletedBlockLogImpl.java:commitTransactions(224)) - Transaction txId=44 commit by dnId=ad4991cb-97ce-4dd6-b117-42e7f6b0816f for containerID=#44 failed. Corresponding entry not found.
2021-08-10 12:16:30,607 [EventQueue-DeleteBlockStatusForDeletedBlockLogImpl] DEBUG block.DeletedBlockLogImpl (DeletedBlockLogImpl.java:isTransactionFailed(278)) - Got block deletion ACK from datanode, TXIDs=45, success=true
2021-08-10 12:16:30,607 [EventQueue-DeleteBlockStatusForDeletedBlockLogImpl] DEBUG block.DeletedBlockLogImpl (DeletedBlockLogImpl.java:commitTransactions(224)) - Transaction txId=45 commit by dnId=ad4991cb-97ce-4dd6-b117-42e7f6b0816f for containerID=#45 failed. Corresponding entry not found.
2021-08-10 12:16:30,607 [EventQueue-DeleteBlockStatusForDeletedBlockLogImpl] DEBUG block.DeletedBlockLogImpl (DeletedBlockLogImpl.java:isTransactionFailed(278)) - Got block deletion ACK from datanode, TXIDs=46, success=true
2021-08-10 12:16:30,607 [EventQueue-DeleteBlockStatusForDeletedBlockLogImpl] DEBUG block.DeletedBlockLogImpl (DeletedBlockLogImpl.java:commitTransactions(224)) - Transaction txId=46 commit by dnId=ad4991cb-97ce-4dd6-b117-42e7f6b0816f for containerID=#46 failed. Corresponding entry not found.
2021-08-10 12:16:30,607 [EventQueue-DeleteBlockStatusForDeletedBlockLogImpl] DEBUG block.DeletedBlockLogImpl (DeletedBlockLogImpl.java:isTransactionFailed(278)) - Got block deletion ACK from datanode, TXIDs=47, success=true
2021-08-10 12:16:30,608 [EventQueue-DeleteBlockStatusForDeletedBlockLogImpl] DEBUG block.DeletedBlockLogImpl (DeletedBlockLogImpl.java:commitTransactions(224)) - Transaction txId=47 commit by dnId=ad4991cb-97ce-4dd6-b117-42e7f6b0816f for containerID=#47 failed. Corresponding entry not found.
2021-08-10 12:16:30,608 [EventQueue-DeleteBlockStatusForDeletedBlockLogImpl] DEBUG block.DeletedBlockLogImpl (DeletedBlockLogImpl.java:isTransactionFailed(278)) - Got block deletion ACK from datanode, TXIDs=48, success=true
2021-08-10 12:16:30,608 [EventQueue-DeleteBlockStatusForDeletedBlockLogImpl] DEBUG block.DeletedBlockLogImpl (DeletedBlockLogImpl.java:commitTransactions(224)) - Transaction txId=48 commit by dnId=ad4991cb-97ce-4dd6-b117-42e7f6b0816f for containerID=#48 failed. Corresponding entry not found.
2021-08-10 12:16:30,608 [EventQueue-DeleteBlockStatusForDeletedBlockLogImpl] DEBUG block.DeletedBlockLogImpl (DeletedBlockLogImpl.java:isTransactionFailed(278)) - Got block deletion ACK from datanode, TXIDs=49, success=true
2021-08-10 12:16:30,608 [EventQueue-DeleteBlockStatusForDeletedBlockLogImpl] DEBUG block.DeletedBlockLogImpl (DeletedBlockLogImpl.java:commitTransactions(224)) - Transaction txId=49 commit by dnId=ad4991cb-97ce-4dd6-b117-42e7f6b0816f for containerID=#49 failed. Corresponding entry not found.
2021-08-10 12:16:30,608 [EventQueue-DeleteBlockStatusForDeletedBlockLogImpl] DEBUG block.DeletedBlockLogImpl (DeletedBlockLogImpl.java:isTransactionFailed(278)) - Got block deletion ACK from datanode, TXIDs=50, success=true
2021-08-10 12:16:30,608 [EventQueue-DeleteBlockStatusForDeletedBlockLogImpl] DEBUG block.DeletedBlockLogImpl (DeletedBlockLogImpl.java:commitTransactions(224)) - Transaction txId=50 commit by dnId=ad4991cb-97ce-4dd6-b117-42e7f6b0816f for containerID=#50 failed. Corresponding entry not found.
2021-08-10 12:16:30,608 [EventQueue-DeleteBlockStatusForDeletedBlockLogImpl] DEBUG block.DeletedBlockLogImpl (DeletedBlockLogImpl.java:isTransactionFailed(278)) - Got block deletion ACK from datanode, TXIDs=51, success=true
2021-08-10 12:16:30,608 [EventQueue-DeleteBlockStatusForDeletedBlockLogImpl] DEBUG block.DeletedBlockLogImpl (DeletedBlockLogImpl.java:commitTransactions(224)) - Transaction txId=51 commit by dnId=ad4991cb-97ce-4dd6-b117-42e7f6b0816f for containerID=#51 failed. Corresponding entry not found.
2021-08-10 12:16:30,608 [EventQueue-DeleteBlockStatusForDeletedBlockLogImpl] DEBUG block.DeletedBlockLogImpl (DeletedBlockLogImpl.java:isTransactionFailed(278)) - Got block deletion ACK from datanode, TXIDs=52, success=true
2021-08-10 12:16:30,608 [EventQueue-DeleteBlockStatusForDeletedBlockLogImpl] DEBUG block.DeletedBlockLogImpl (DeletedBlockLogImpl.java:commitTransactions(224)) - Transaction txId=52 commit by dnId=ad4991cb-97ce-4dd6-b117-42e7f6b0816f for containerID=#52 failed. Corresponding entry not found.
2021-08-10 12:16:30,608 [EventQueue-DeleteBlockStatusForDeletedBlockLogImpl] DEBUG block.DeletedBlockLogImpl (DeletedBlockLogImpl.java:isTransactionFailed(278)) - Got block deletion ACK from datanode, TXIDs=53, success=true
2021-08-10 12:16:30,608 [EventQueue-DeleteBlockStatusForDeletedBlockLogImpl] DEBUG block.DeletedBlockLogImpl (DeletedBlockLogImpl.java:commitTransactions(224)) - Transaction txId=53 commit by dnId=ad4991cb-97ce-4dd6-b117-42e7f6b0816f for containerID=#53 failed. Corresponding entry not found.
2021-08-10 12:16:30,608 [EventQueue-DeleteBlockStatusForDeletedBlockLogImpl] DEBUG block.DeletedBlockLogImpl (DeletedBlockLogImpl.java:isTransactionFailed(278)) - Got block deletion ACK from datanode, TXIDs=54, success=true
2021-08-10 12:16:30,608 [EventQueue-DeleteBlockStatusForDeletedBlockLogImpl] DEBUG block.DeletedBlockLogImpl (DeletedBlockLogImpl.java:commitTransactions(224)) - Transaction txId=54 commit by dnId=ad4991cb-97ce-4dd6-b117-42e7f6b0816f for containerID=#54 failed. Corresponding entry not found.
2021-08-10 12:16:30,608 [EventQueue-DeleteBlockStatusForDeletedBlockLogImpl] DEBUG block.DeletedBlockLogImpl (DeletedBlockLogImpl.java:isTransactionFailed(278)) - Got block deletion ACK from datanode, TXIDs=55, success=true
2021-08-10 12:16:30,608 [EventQueue-DeleteBlockStatusForDeletedBlockLogImpl] DEBUG block.DeletedBlockLogImpl (DeletedBlockLogImpl.java:commitTransactions(224)) - Transaction txId=55 commit by dnId=ad4991cb-97ce-4dd6-b117-42e7f6b0816f for containerID=#55 failed. Corresponding entry not found.
2021-08-10 12:16:30,608 [EventQueue-DeleteBlockStatusForDeletedBlockLogImpl] DEBUG block.DeletedBlockLogImpl (DeletedBlockLogImpl.java:isTransactionFailed(278)) - Got block deletion ACK from datanode, TXIDs=56, success=true
2021-08-10 12:16:30,608 [EventQueue-DeleteBlockStatusForDeletedBlockLogImpl] DEBUG block.DeletedBlockLogImpl (DeletedBlockLogImpl.java:commitTransactions(224)) - Transaction txId=56 commit by dnId=ad4991cb-97ce-4dd6-b117-42e7f6b0816f for containerID=#56 failed. Corresponding entry not found.
2021-08-10 12:16:30,608 [EventQueue-DeleteBlockStatusForDeletedBlockLogImpl] DEBUG block.DeletedBlockLogImpl (DeletedBlockLogImpl.java:isTransactionFailed(278)) - Got block deletion ACK from datanode, TXIDs=10, success=true
2021-08-10 12:16:30,608 [EventQueue-DeleteBlockStatusForDeletedBlockLogImpl] DEBUG block.DeletedBlockLogImpl (DeletedBlockLogImpl.java:commitTransactions(224)) - Transaction txId=10 commit by dnId=ad4991cb-97ce-4dd6-b117-42e7f6b0816f for containerID=#10 failed. Corresponding entry not found.
2021-08-10 12:16:30,608 [EventQueue-DeleteBlockStatusForDeletedBlockLogImpl] DEBUG block.DeletedBlockLogImpl (DeletedBlockLogImpl.java:isTransactionFailed(278)) - Got block deletion ACK from datanode, TXIDs=11, success=true
2021-08-10 12:16:30,608 [EventQueue-DeleteBlockStatusForDeletedBlockLogImpl] DEBUG block.DeletedBlockLogImpl (DeletedBlockLogImpl.java:commitTransactions(224)) - Transaction txId=11 commit by dnId=ad4991cb-97ce-4dd6-b117-42e7f6b0816f for containerID=#11 failed. Corresponding entry not found.
2021-08-10 12:16:30,608 [EventQueue-DeleteBlockStatusForDeletedBlockLogImpl] DEBUG block.DeletedBlockLogImpl (DeletedBlockLogImpl.java:isTransactionFailed(278)) - Got block deletion ACK from datanode, TXIDs=12, success=true
2021-08-10 12:16:30,608 [EventQueue-DeleteBlockStatusForDeletedBlockLogImpl] DEBUG block.DeletedBlockLogImpl (DeletedBlockLogImpl.java:commitTransactions(224)) - Transaction txId=12 commit by dnId=ad4991cb-97ce-4dd6-b117-42e7f6b0816f for containerID=#12 failed. Corresponding entry not found.
2021-08-10 12:16:30,608 [EventQueue-DeleteBlockStatusForDeletedBlockLogImpl] DEBUG block.DeletedBlockLogImpl (DeletedBlockLogImpl.java:isTransactionFailed(278)) - Got block deletion ACK from datanode, TXIDs=13, success=true
2021-08-10 12:16:30,608 [EventQueue-DeleteBlockStatusForDeletedBlockLogImpl] DEBUG block.DeletedBlockLogImpl (DeletedBlockLogImpl.java:commitTransactions(224)) - Transaction txId=13 commit by dnId=ad4991cb-97ce-4dd6-b117-42e7f6b0816f for containerID=#13 failed. Corresponding entry not found.
2021-08-10 12:16:30,608 [EventQueue-DeleteBlockStatusForDeletedBlockLogImpl] DEBUG block.DeletedBlockLogImpl (DeletedBlockLogImpl.java:isTransactionFailed(278)) - Got block deletion ACK from datanode, TXIDs=14, success=true
2021-08-10 12:16:30,608 [EventQueue-DeleteBlockStatusForDeletedBlockLogImpl] DEBUG block.DeletedBlockLogImpl (DeletedBlockLogImpl.java:commitTransactions(224)) - Transaction txId=14 commit by dnId=ad4991cb-97ce-4dd6-b117-42e7f6b0816f for containerID=#14 failed. Corresponding entry not found.
2021-08-10 12:16:30,608 [EventQueue-DeleteBlockStatusForDeletedBlockLogImpl] DEBUG block.DeletedBlockLogImpl (DeletedBlockLogImpl.java:isTransactionFailed(278)) - Got block deletion ACK from datanode, TXIDs=15, success=true
2021-08-10 12:16:30,608 [EventQueue-DeleteBlockStatusForDeletedBlockLogImpl] DEBUG block.DeletedBlockLogImpl (DeletedBlockLogImpl.java:commitTransactions(224)) - Transaction txId=15 commit by dnId=ad4991cb-97ce-4dd6-b117-42e7f6b0816f for containerID=#15 failed. Corresponding entry not found.
2021-08-10 12:16:30,608 [EventQueue-DeleteBlockStatusForDeletedBlockLogImpl] DEBUG block.DeletedBlockLogImpl (DeletedBlockLogImpl.java:isTransactionFailed(278)) - Got block deletion ACK from datanode, TXIDs=16, success=true
2021-08-10 12:16:30,608 [EventQueue-DeleteBlockStatusForDeletedBlockLogImpl] DEBUG block.DeletedBlockLogImpl (DeletedBlockLogImpl.java:commitTransactions(224)) - Transaction txId=16 commit by dnId=ad4991cb-97ce-4dd6-b117-42e7f6b0816f for containerID=#16 failed. Corresponding entry not found.
2021-08-10 12:16:30,608 [EventQueue-DeleteBlockStatusForDeletedBlockLogImpl] DEBUG block.DeletedBlockLogImpl (DeletedBlockLogImpl.java:isTransactionFailed(278)) - Got block deletion ACK from datanode, TXIDs=17, success=true
2021-08-10 12:16:30,608 [EventQueue-DeleteBlockStatusForDeletedBlockLogImpl] DEBUG block.DeletedBlockLogImpl (DeletedBlockLogImpl.java:commitTransactions(224)) - Transaction txId=17 commit by dnId=ad4991cb-97ce-4dd6-b117-42e7f6b0816f for containerID=#17 failed. Corresponding entry not found.
2021-08-10 12:16:30,608 [EventQueue-DeleteBlockStatusForDeletedBlockLogImpl] DEBUG block.DeletedBlockLogImpl (DeletedBlockLogImpl.java:isTransactionFailed(278)) - Got block deletion ACK from datanode, TXIDs=18, success=true
2021-08-10 12:16:30,608 [EventQueue-DeleteBlockStatusForDeletedBlockLogImpl] DEBUG block.DeletedBlockLogImpl (DeletedBlockLogImpl.java:commitTransactions(224)) - Transaction txId=18 commit by dnId=ad4991cb-97ce-4dd6-b117-42e7f6b0816f for containerID=#18 failed. Corresponding entry not found.
2021-08-10 12:16:30,608 [EventQueue-DeleteBlockStatusForDeletedBlockLogImpl] DEBUG block.DeletedBlockLogImpl (DeletedBlockLogImpl.java:isTransactionFailed(278)) - Got block deletion ACK from datanode, TXIDs=19, success=true
2021-08-10 12:16:30,608 [EventQueue-DeleteBlockStatusForDeletedBlockLogImpl] DEBUG block.DeletedBlockLogImpl (DeletedBlockLogImpl.java:commitTransactions(224)) - Transaction txId=19 commit by dnId=ad4991cb-97ce-4dd6-b117-42e7f6b0816f for containerID=#19 failed. Corresponding entry not found.
2021-08-10 12:16:30,608 [EventQueue-DeleteBlockStatusForDeletedBlockLogImpl] DEBUG block.DeletedBlockLogImpl (DeletedBlockLogImpl.java:isTransactionFailed(278)) - Got block deletion ACK from datanode, TXIDs=20, success=true
2021-08-10 12:16:30,608 [EventQueue-DeleteBlockStatusForDeletedBlockLogImpl] DEBUG block.DeletedBlockLogImpl (DeletedBlockLogImpl.java:commitTransactions(224)) - Transaction txId=20 commit by dnId=ad4991cb-97ce-4dd6-b117-42e7f6b0816f for containerID=#20 failed. Corresponding entry not found.
2021-08-10 12:16:30,608 [EventQueue-DeleteBlockStatusForDeletedBlockLogImpl] DEBUG block.DeletedBlockLogImpl (DeletedBlockLogImpl.java:isTransactionFailed(278)) - Got block deletion ACK from datanode, TXIDs=21, success=true
2021-08-10 12:16:30,608 [EventQueue-DeleteBlockStatusForDeletedBlockLogImpl] DEBUG block.DeletedBlockLogImpl (DeletedBlockLogImpl.java:commitTransactions(224)) - Transaction txId=21 commit by dnId=ad4991cb-97ce-4dd6-b117-42e7f6b0816f for containerID=#21 failed. Corresponding entry not found.
2021-08-10 12:16:30,608 [EventQueue-DeleteBlockStatusForDeletedBlockLogImpl] DEBUG block.DeletedBlockLogImpl (DeletedBlockLogImpl.java:isTransactionFailed(278)) - Got block deletion ACK from datanode, TXIDs=22, success=true
2021-08-10 12:16:30,608 [EventQueue-DeleteBlockStatusForDeletedBlockLogImpl] DEBUG block.DeletedBlockLogImpl (DeletedBlockLogImpl.java:commitTransactions(224)) - Transaction txId=22 commit by dnId=ad4991cb-97ce-4dd6-b117-42e7f6b0816f for containerID=#22 failed. Corresponding entry not found.
2021-08-10 12:16:30,608 [EventQueue-DeleteBlockStatusForDeletedBlockLogImpl] DEBUG block.DeletedBlockLogImpl (DeletedBlockLogImpl.java:isTransactionFailed(278)) - Got block deletion ACK from datanode, TXIDs=23, success=true
2021-08-10 12:16:30,608 [EventQueue-DeleteBlockStatusForDeletedBlockLogImpl] DEBUG block.DeletedBlockLogImpl (DeletedBlockLogImpl.java:commitTransactions(224)) - Transaction txId=23 commit by dnId=ad4991cb-97ce-4dd6-b117-42e7f6b0816f for containerID=#23 failed. Corresponding entry not found.
2021-08-10 12:16:30,608 [EventQueue-DeleteBlockStatusForDeletedBlockLogImpl] DEBUG block.DeletedBlockLogImpl (DeletedBlockLogImpl.java:isTransactionFailed(278)) - Got block deletion ACK from datanode, TXIDs=24, success=true
2021-08-10 12:16:30,608 [EventQueue-DeleteBlockStatusForDeletedBlockLogImpl] DEBUG block.DeletedBlockLogImpl (DeletedBlockLogImpl.java:commitTransactions(224)) - Transaction txId=24 commit by dnId=ad4991cb-97ce-4dd6-b117-42e7f6b0816f for containerID=#24 failed. Corresponding entry not found.
2021-08-10 12:16:30,608 [EventQueue-DeleteBlockStatusForDeletedBlockLogImpl] DEBUG block.DeletedBlockLogImpl (DeletedBlockLogImpl.java:isTransactionFailed(278)) - Got block deletion ACK from datanode, TXIDs=25, success=true
2021-08-10 12:16:30,608 [EventQueue-DeleteBlockStatusForDeletedBlockLogImpl] DEBUG block.DeletedBlockLogImpl (DeletedBlockLogImpl.java:commitTransactions(224)) - Transaction txId=25 commit by dnId=ad4991cb-97ce-4dd6-b117-42e7f6b0816f for containerID=#25 failed. Corresponding entry not found.
2021-08-10 12:16:30,608 [EventQueue-DeleteBlockStatusForDeletedBlockLogImpl] DEBUG block.DeletedBlockLogImpl (DeletedBlockLogImpl.java:isTransactionFailed(278)) - Got block deletion ACK from datanode, TXIDs=26, success=true
2021-08-10 12:16:30,609 [EventQueue-DeleteBlockStatusForDeletedBlockLogImpl] DEBUG block.DeletedBlockLogImpl (DeletedBlockLogImpl.java:commitTransactions(224)) - Transaction txId=26 commit by dnId=ad4991cb-97ce-4dd6-b117-42e7f6b0816f for containerID=#26 failed. Corresponding entry not found.
2021-08-10 12:16:30,609 [EventQueue-DeleteBlockStatusForDeletedBlockLogImpl] DEBUG block.DeletedBlockLogImpl (DeletedBlockLogImpl.java:isTransactionFailed(278)) - Got block deletion ACK from datanode, TXIDs=27, success=true
2021-08-10 12:16:30,609 [EventQueue-DeleteBlockStatusForDeletedBlockLogImpl] DEBUG block.DeletedBlockLogImpl (DeletedBlockLogImpl.java:commitTransactions(224)) - Transaction txId=27 commit by dnId=ad4991cb-97ce-4dd6-b117-42e7f6b0816f for containerID=#27 failed. Corresponding entry not found.
2021-08-10 12:16:30,609 [EventQueue-DeleteBlockStatusForDeletedBlockLogImpl] DEBUG block.DeletedBlockLogImpl (DeletedBlockLogImpl.java:isTransactionFailed(278)) - Got block deletion ACK from datanode, TXIDs=28, success=true
2021-08-10 12:16:30,609 [EventQueue-DeleteBlockStatusForDeletedBlockLogImpl] DEBUG block.DeletedBlockLogImpl (DeletedBlockLogImpl.java:commitTransactions(224)) - Transaction txId=28 commit by dnId=ad4991cb-97ce-4dd6-b117-42e7f6b0816f for containerID=#28 failed. Corresponding entry not found.
2021-08-10 12:16:30,609 [EventQueue-DeleteBlockStatusForDeletedBlockLogImpl] DEBUG block.DeletedBlockLogImpl (DeletedBlockLogImpl.java:isTransactionFailed(278)) - Got block deletion ACK from datanode, TXIDs=29, success=true
2021-08-10 12:16:30,609 [EventQueue-DeleteBlockStatusForDeletedBlockLogImpl] DEBUG block.DeletedBlockLogImpl (DeletedBlockLogImpl.java:commitTransactions(224)) - Transaction txId=29 commit by dnId=ad4991cb-97ce-4dd6-b117-42e7f6b0816f for containerID=#29 failed. Corresponding entry not found.
2021-08-10 12:16:30,609 [EventQueue-DeleteBlockStatusForDeletedBlockLogImpl] DEBUG block.DeletedBlockLogImpl (DeletedBlockLogImpl.java:isTransactionFailed(278)) - Got block deletion ACK from datanode, TXIDs=30, success=true
2021-08-10 12:16:30,609 [EventQueue-DeleteBlockStatusForDeletedBlockLogImpl] DEBUG block.DeletedBlockLogImpl (DeletedBlockLogImpl.java:commitTransactions(224)) - Transaction txId=30 commit by dnId=ad4991cb-97ce-4dd6-b117-42e7f6b0816f for containerID=#30 failed. Corresponding entry not found.
2021-08-10 12:16:30,609 [EventQueue-DeleteBlockStatusForDeletedBlockLogImpl] DEBUG block.DeletedBlockLogImpl (DeletedBlockLogImpl.java:isTransactionFailed(278)) - Got block deletion ACK from datanode, TXIDs=31, success=true
2021-08-10 12:16:30,609 [EventQueue-DeleteBlockStatusForDeletedBlockLogImpl] DEBUG block.DeletedBlockLogImpl (DeletedBlockLogImpl.java:commitTransactions(224)) - Transaction txId=31 commit by dnId=ad4991cb-97ce-4dd6-b117-42e7f6b0816f for containerID=#31 failed. Corresponding entry not found.
2021-08-10 12:16:30,609 [EventQueue-DeleteBlockStatusForDeletedBlockLogImpl] DEBUG block.DeletedBlockLogImpl (DeletedBlockLogImpl.java:isTransactionFailed(278)) - Got block deletion ACK from datanode, TXIDs=32, success=true
2021-08-10 12:16:30,609 [EventQueue-DeleteBlockStatusForDeletedBlockLogImpl] DEBUG block.DeletedBlockLogImpl (DeletedBlockLogImpl.java:commitTransactions(224)) - Transaction txId=32 commit by dnId=ad4991cb-97ce-4dd6-b117-42e7f6b0816f for containerID=#32 failed. Corresponding entry not found.
2021-08-10 12:16:30,609 [EventQueue-DeleteBlockStatusForDeletedBlockLogImpl] DEBUG block.DeletedBlockLogImpl (DeletedBlockLogImpl.java:isTransactionFailed(278)) - Got block deletion ACK from datanode, TXIDs=33, success=true
2021-08-10 12:16:30,609 [EventQueue-DeleteBlockStatusForDeletedBlockLogImpl] DEBUG block.DeletedBlockLogImpl (DeletedBlockLogImpl.java:commitTransactions(224)) - Transaction txId=33 commit by dnId=ad4991cb-97ce-4dd6-b117-42e7f6b0816f for containerID=#33 failed. Corresponding entry not found.
2021-08-10 12:16:30,609 [EventQueue-DeleteBlockStatusForDeletedBlockLogImpl] DEBUG block.DeletedBlockLogImpl (DeletedBlockLogImpl.java:isTransactionFailed(278)) - Got block deletion ACK from datanode, TXIDs=34, success=true
2021-08-10 12:16:30,609 [EventQueue-DeleteBlockStatusForDeletedBlockLogImpl] DEBUG block.DeletedBlockLogImpl (DeletedBlockLogImpl.java:commitTransactions(224)) - Transaction txId=34 commit by dnId=ad4991cb-97ce-4dd6-b117-42e7f6b0816f for containerID=#34 failed. Corresponding entry not found.
2021-08-10 12:16:30,609 [EventQueue-DeleteBlockStatusForDeletedBlockLogImpl] DEBUG block.DeletedBlockLogImpl (DeletedBlockLogImpl.java:isTransactionFailed(278)) - Got block deletion ACK from datanode, TXIDs=35, success=true
2021-08-10 12:16:30,609 [EventQueue-DeleteBlockStatusForDeletedBlockLogImpl] DEBUG block.DeletedBlockLogImpl (DeletedBlockLogImpl.java:commitTransactions(224)) - Transaction txId=35 commit by dnId=ad4991cb-97ce-4dd6-b117-42e7f6b0816f for containerID=#35 failed. Corresponding entry not found.
2021-08-10 12:16:30,609 [EventQueue-DeleteBlockStatusForDeletedBlockLogImpl] DEBUG block.DeletedBlockLogImpl (DeletedBlockLogImpl.java:isTransactionFailed(278)) - Got block deletion ACK from datanode, TXIDs=36, success=true
2021-08-10 12:16:30,609 [EventQueue-DeleteBlockStatusForDeletedBlockLogImpl] DEBUG block.DeletedBlockLogImpl (DeletedBlockLogImpl.java:commitTransactions(224)) - Transaction txId=36 commit by dnId=ad4991cb-97ce-4dd6-b117-42e7f6b0816f for containerID=#36 failed. Corresponding entry not found.
2021-08-10 12:16:30,609 [EventQueue-DeleteBlockStatusForDeletedBlockLogImpl] DEBUG block.DeletedBlockLogImpl (DeletedBlockLogImpl.java:isTransactionFailed(278)) - Got block deletion ACK from datanode, TXIDs=37, success=true
2021-08-10 12:16:30,609 [EventQueue-DeleteBlockStatusForDeletedBlockLogImpl] DEBUG block.DeletedBlockLogImpl (DeletedBlockLogImpl.java:commitTransactions(224)) - Transaction txId=37 commit by dnId=ad4991cb-97ce-4dd6-b117-42e7f6b0816f for containerID=#37 failed. Corresponding entry not found.
2021-08-10 12:16:30,609 [EventQueue-DeleteBlockStatusForDeletedBlockLogImpl] DEBUG block.DeletedBlockLogImpl (DeletedBlockLogImpl.java:isTransactionFailed(278)) - Got block deletion ACK from datanode, TXIDs=38, success=true
2021-08-10 12:16:30,609 [EventQueue-DeleteBlockStatusForDeletedBlockLogImpl] DEBUG block.DeletedBlockLogImpl (DeletedBlockLogImpl.java:commitTransactions(224)) - Transaction txId=38 commit by dnId=ad4991cb-97ce-4dd6-b117-42e7f6b0816f for containerID=#38 failed. Corresponding entry not found.
2021-08-10 12:16:30,609 [EventQueue-DeleteBlockStatusForDeletedBlockLogImpl] DEBUG block.DeletedBlockLogImpl (DeletedBlockLogImpl.java:isTransactionFailed(278)) - Got block deletion ACK from datanode, TXIDs=39, success=true
2021-08-10 12:16:30,609 [EventQueue-DeleteBlockStatusForDeletedBlockLogImpl] DEBUG block.DeletedBlockLogImpl (DeletedBlockLogImpl.java:commitTransactions(224)) - Transaction txId=39 commit by dnId=ad4991cb-97ce-4dd6-b117-42e7f6b0816f for containerID=#39 failed. Corresponding entry not found.
2021-08-10 12:16:30,609 [EventQueue-DeleteBlockStatusForDeletedBlockLogImpl] DEBUG block.DeletedBlockLogImpl (DeletedBlockLogImpl.java:isTransactionFailed(278)) - Got block deletion ACK from datanode, TXIDs=40, success=true
2021-08-10 12:16:30,609 [EventQueue-DeleteBlockStatusForDeletedBlockLogImpl] DEBUG block.DeletedBlockLogImpl (DeletedBlockLogImpl.java:commitTransactions(224)) - Transaction txId=40 commit by dnId=ad4991cb-97ce-4dd6-b117-42e7f6b0816f for containerID=#40 failed. Corresponding entry not found.
2021-08-10 12:16:30,609 [EventQueue-DeleteBlockStatusForDeletedBlockLogImpl] DEBUG block.DeletedBlockLogImpl (DeletedBlockLogImpl.java:isTransactionFailed(278)) - Got block deletion ACK from datanode, TXIDs=41, success=true
2021-08-10 12:16:30,609 [EventQueue-DeleteBlockStatusForDeletedBlockLogImpl] DEBUG block.DeletedBlockLogImpl (DeletedBlockLogImpl.java:commitTransactions(224)) - Transaction txId=41 commit by dnId=ad4991cb-97ce-4dd6-b117-42e7f6b0816f for containerID=#41 failed. Corresponding entry not found.
2021-08-10 12:16:30,609 [EventQueue-DeleteBlockStatusForDeletedBlockLogImpl] DEBUG block.DeletedBlockLogImpl (DeletedBlockLogImpl.java:isTransactionFailed(278)) - Got block deletion ACK from datanode, TXIDs=42, success=true
2021-08-10 12:16:30,609 [EventQueue-DeleteBlockStatusForDeletedBlockLogImpl] DEBUG block.DeletedBlockLogImpl (DeletedBlockLogImpl.java:commitTransactions(224)) - Transaction txId=42 commit by dnId=ad4991cb-97ce-4dd6-b117-42e7f6b0816f for containerID=#42 failed. Corresponding entry not found.
2021-08-10 12:16:30,609 [EventQueue-DeleteBlockStatusForDeletedBlockLogImpl] DEBUG block.DeletedBlockLogImpl (DeletedBlockLogImpl.java:isTransactionFailed(278)) - Got block deletion ACK from datanode, TXIDs=43, success=true
2021-08-10 12:16:30,609 [EventQueue-DeleteBlockStatusForDeletedBlockLogImpl] DEBUG block.DeletedBlockLogImpl (DeletedBlockLogImpl.java:commitTransactions(224)) - Transaction txId=43 commit by dnId=ad4991cb-97ce-4dd6-b117-42e7f6b0816f for containerID=#43 failed. Corresponding entry not found.
2021-08-10 12:16:30,609 [EventQueue-DeleteBlockStatusForDeletedBlockLogImpl] DEBUG block.DeletedBlockLogImpl (DeletedBlockLogImpl.java:isTransactionFailed(278)) - Got block deletion ACK from datanode, TXIDs=44, success=true
2021-08-10 12:16:30,609 [EventQueue-DeleteBlockStatusForDeletedBlockLogImpl] DEBUG block.DeletedBlockLogImpl (DeletedBlockLogImpl.java:commitTransactions(224)) - Transaction txId=44 commit by dnId=ad4991cb-97ce-4dd6-b117-42e7f6b0816f for containerID=#44 failed. Corresponding entry not found.
2021-08-10 12:16:30,609 [EventQueue-DeleteBlockStatusForDeletedBlockLogImpl] DEBUG block.DeletedBlockLogImpl (DeletedBlockLogImpl.java:isTransactionFailed(278)) - Got block deletion ACK from datanode, TXIDs=45, success=true
2021-08-10 12:16:30,609 [EventQueue-DeleteBlockStatusForDeletedBlockLogImpl] DEBUG block.DeletedBlockLogImpl (DeletedBlockLogImpl.java:commitTransactions(224)) - Transaction txId=45 commit by dnId=ad4991cb-97ce-4dd6-b117-42e7f6b0816f for containerID=#45 failed. Corresponding entry not found.
2021-08-10 12:16:30,609 [EventQueue-DeleteBlockStatusForDeletedBlockLogImpl] DEBUG block.DeletedBlockLogImpl (DeletedBlockLogImpl.java:isTransactionFailed(278)) - Got block deletion ACK from datanode, TXIDs=46, success=true
2021-08-10 12:16:30,609 [EventQueue-DeleteBlockStatusForDeletedBlockLogImpl] DEBUG block.DeletedBlockLogImpl (DeletedBlockLogImpl.java:commitTransactions(224)) - Transaction txId=46 commit by dnId=ad4991cb-97ce-4dd6-b117-42e7f6b0816f for containerID=#46 failed. Corresponding entry not found.
2021-08-10 12:16:30,609 [EventQueue-DeleteBlockStatusForDeletedBlockLogImpl] DEBUG block.DeletedBlockLogImpl (DeletedBlockLogImpl.java:isTransactionFailed(278)) - Got block deletion ACK from datanode, TXIDs=47, success=true
2021-08-10 12:16:30,609 [EventQueue-DeleteBlockStatusForDeletedBlockLogImpl] DEBUG block.DeletedBlockLogImpl (DeletedBlockLogImpl.java:commitTransactions(224)) - Transaction txId=47 commit by dnId=ad4991cb-97ce-4dd6-b117-42e7f6b0816f for containerID=#47 failed. Corresponding entry not found.
2021-08-10 12:16:30,609 [EventQueue-DeleteBlockStatusForDeletedBlockLogImpl] DEBUG block.DeletedBlockLogImpl (DeletedBlockLogImpl.java:isTransactionFailed(278)) - Got block deletion ACK from datanode, TXIDs=48, success=true
2021-08-10 12:16:30,609 [EventQueue-DeleteBlockStatusForDeletedBlockLogImpl] DEBUG block.DeletedBlockLogImpl (DeletedBlockLogImpl.java:commitTransactions(224)) - Transaction txId=48 commit by dnId=ad4991cb-97ce-4dd6-b117-42e7f6b0816f for containerID=#48 failed. Corresponding entry not found.
2021-08-10 12:16:30,609 [EventQueue-DeleteBlockStatusForDeletedBlockLogImpl] DEBUG block.DeletedBlockLogImpl (DeletedBlockLogImpl.java:isTransactionFailed(278)) - Got block deletion ACK from datanode, TXIDs=49, success=true
2021-08-10 12:16:30,609 [EventQueue-DeleteBlockStatusForDeletedBlockLogImpl] DEBUG block.DeletedBlockLogImpl (DeletedBlockLogImpl.java:commitTransactions(224)) - Transaction txId=49 commit by dnId=ad4991cb-97ce-4dd6-b117-42e7f6b0816f for containerID=#49 failed. Corresponding entry not found.
2021-08-10 12:16:30,609 [EventQueue-DeleteBlockStatusForDeletedBlockLogImpl] DEBUG block.DeletedBlockLogImpl (DeletedBlockLogImpl.java:isTransactionFailed(278)) - Got block deletion ACK from datanode, TXIDs=50, success=true
2021-08-10 12:16:30,609 [EventQueue-DeleteBlockStatusForDeletedBlockLogImpl] DEBUG block.DeletedBlockLogImpl (DeletedBlockLogImpl.java:commitTransactions(224)) - Transaction txId=50 commit by dnId=ad4991cb-97ce-4dd6-b117-42e7f6b0816f for containerID=#50 failed. Corresponding entry not found.
2021-08-10 12:16:30,609 [EventQueue-DeleteBlockStatusForDeletedBlockLogImpl] DEBUG block.DeletedBlockLogImpl (DeletedBlockLogImpl.java:isTransactionFailed(278)) - Got block deletion ACK from datanode, TXIDs=51, success=true
2021-08-10 12:16:30,609 [EventQueue-DeleteBlockStatusForDeletedBlockLogImpl] DEBUG block.DeletedBlockLogImpl (DeletedBlockLogImpl.java:commitTransactions(224)) - Transaction txId=51 commit by dnId=ad4991cb-97ce-4dd6-b117-42e7f6b0816f for containerID=#51 failed. Corresponding entry not found.
2021-08-10 12:16:30,609 [EventQueue-DeleteBlockStatusForDeletedBlockLogImpl] DEBUG block.DeletedBlockLogImpl (DeletedBlockLogImpl.java:isTransactionFailed(278)) - Got block deletion ACK from datanode, TXIDs=52, success=true
2021-08-10 12:16:30,609 [EventQueue-DeleteBlockStatusForDeletedBlockLogImpl] DEBUG block.DeletedBlockLogImpl (DeletedBlockLogImpl.java:commitTransactions(224)) - Transaction txId=52 commit by dnId=ad4991cb-97ce-4dd6-b117-42e7f6b0816f for containerID=#52 failed. Corresponding entry not found.
2021-08-10 12:16:30,610 [EventQueue-DeleteBlockStatusForDeletedBlockLogImpl] DEBUG block.DeletedBlockLogImpl (DeletedBlockLogImpl.java:isTransactionFailed(278)) - Got block deletion ACK from datanode, TXIDs=53, success=true
2021-08-10 12:16:30,610 [EventQueue-DeleteBlockStatusForDeletedBlockLogImpl] DEBUG block.DeletedBlockLogImpl (DeletedBlockLogImpl.java:commitTransactions(224)) - Transaction txId=53 commit by dnId=ad4991cb-97ce-4dd6-b117-42e7f6b0816f for containerID=#53 failed. Corresponding entry not found.
2021-08-10 12:16:30,610 [EventQueue-DeleteBlockStatusForDeletedBlockLogImpl] DEBUG block.DeletedBlockLogImpl (DeletedBlockLogImpl.java:isTransactionFailed(278)) - Got block deletion ACK from datanode, TXIDs=54, success=true
2021-08-10 12:16:30,610 [EventQueue-DeleteBlockStatusForDeletedBlockLogImpl] DEBUG block.DeletedBlockLogImpl (DeletedBlockLogImpl.java:commitTransactions(224)) - Transaction txId=54 commit by dnId=ad4991cb-97ce-4dd6-b117-42e7f6b0816f for containerID=#54 failed. Corresponding entry not found.
2021-08-10 12:16:30,610 [EventQueue-DeleteBlockStatusForDeletedBlockLogImpl] DEBUG block.DeletedBlockLogImpl (DeletedBlockLogImpl.java:isTransactionFailed(278)) - Got block deletion ACK from datanode, TXIDs=55, success=true
2021-08-10 12:16:30,610 [EventQueue-DeleteBlockStatusForDeletedBlockLogImpl] DEBUG block.DeletedBlockLogImpl (DeletedBlockLogImpl.java:commitTransactions(224)) - Transaction txId=55 commit by dnId=ad4991cb-97ce-4dd6-b117-42e7f6b0816f for containerID=#55 failed. Corresponding entry not found.
2021-08-10 12:16:30,610 [EventQueue-DeleteBlockStatusForDeletedBlockLogImpl] DEBUG block.DeletedBlockLogImpl (DeletedBlockLogImpl.java:isTransactionFailed(278)) - Got block deletion ACK from datanode, TXIDs=56, success=true
2021-08-10 12:16:30,610 [EventQueue-DeleteBlockStatusForDeletedBlockLogImpl] DEBUG block.DeletedBlockLogImpl (DeletedBlockLogImpl.java:commitTransactions(224)) - Transaction txId=56 commit by dnId=ad4991cb-97ce-4dd6-b117-42e7f6b0816f for containerID=#56 failed. Corresponding entry not found.
2021-08-10 12:16:30,610 [EventQueue-DeleteBlockStatusForDeletedBlockLogImpl] DEBUG block.DeletedBlockLogImpl (DeletedBlockLogImpl.java:isTransactionFailed(278)) - Got block deletion ACK from datanode, TXIDs=10, success=true
2021-08-10 12:16:30,610 [EventQueue-DeleteBlockStatusForDeletedBlockLogImpl] DEBUG block.DeletedBlockLogImpl (DeletedBlockLogImpl.java:commitTransactions(224)) - Transaction txId=10 commit by dnId=ad4991cb-97ce-4dd6-b117-42e7f6b0816f for containerID=#10 failed. Corresponding entry not found.
2021-08-10 12:16:30,610 [EventQueue-DeleteBlockStatusForDeletedBlockLogImpl] DEBUG block.DeletedBlockLogImpl (DeletedBlockLogImpl.java:isTransactionFailed(278)) - Got block deletion ACK from datanode, TXIDs=11, success=true
2021-08-10 12:16:30,610 [EventQueue-DeleteBlockStatusForDeletedBlockLogImpl] DEBUG block.DeletedBlockLogImpl (DeletedBlockLogImpl.java:commitTransactions(224)) - Transaction txId=11 commit by dnId=ad4991cb-97ce-4dd6-b117-42e7f6b0816f for containerID=#11 failed. Corresponding entry not found.
2021-08-10 12:16:30,610 [EventQueue-DeleteBlockStatusForDeletedBlockLogImpl] DEBUG block.DeletedBlockLogImpl (DeletedBlockLogImpl.java:isTransactionFailed(278)) - Got block deletion ACK from datanode, TXIDs=12, success=true
2021-08-10 12:16:30,610 [EventQueue-DeleteBlockStatusForDeletedBlockLogImpl] DEBUG block.DeletedBlockLogImpl (DeletedBlockLogImpl.java:commitTransactions(224)) - Transaction txId=12 commit by dnId=ad4991cb-97ce-4dd6-b117-42e7f6b0816f for containerID=#12 failed. Corresponding entry not found.
2021-08-10 12:16:30,610 [EventQueue-DeleteBlockStatusForDeletedBlockLogImpl] DEBUG block.DeletedBlockLogImpl (DeletedBlockLogImpl.java:isTransactionFailed(278)) - Got block deletion ACK from datanode, TXIDs=13, success=true
2021-08-10 12:16:30,610 [EventQueue-DeleteBlockStatusForDeletedBlockLogImpl] DEBUG block.DeletedBlockLogImpl (DeletedBlockLogImpl.java:commitTransactions(224)) - Transaction txId=13 commit by dnId=ad4991cb-97ce-4dd6-b117-42e7f6b0816f for containerID=#13 failed. Corresponding entry not found.
2021-08-10 12:16:30,610 [EventQueue-DeleteBlockStatusForDeletedBlockLogImpl] DEBUG block.DeletedBlockLogImpl (DeletedBlockLogImpl.java:isTransactionFailed(278)) - Got block deletion ACK from datanode, TXIDs=14, success=true
2021-08-10 12:16:30,610 [EventQueue-DeleteBlockStatusForDeletedBlockLogImpl] DEBUG block.DeletedBlockLogImpl (DeletedBlockLogImpl.java:commitTransactions(224)) - Transaction txId=14 commit by dnId=ad4991cb-97ce-4dd6-b117-42e7f6b0816f for containerID=#14 failed. Corresponding entry not found.
2021-08-10 12:16:30,610 [EventQueue-DeleteBlockStatusForDeletedBlockLogImpl] DEBUG block.DeletedBlockLogImpl (DeletedBlockLogImpl.java:isTransactionFailed(278)) - Got block deletion ACK from datanode, TXIDs=15, success=true
2021-08-10 12:16:30,610 [EventQueue-DeleteBlockStatusForDeletedBlockLogImpl] DEBUG block.DeletedBlockLogImpl (DeletedBlockLogImpl.java:commitTransactions(224)) - Transaction txId=15 commit by dnId=ad4991cb-97ce-4dd6-b117-42e7f6b0816f for containerID=#15 failed. Corresponding entry not found.
2021-08-10 12:16:30,610 [EventQueue-DeleteBlockStatusForDeletedBlockLogImpl] DEBUG block.DeletedBlockLogImpl (DeletedBlockLogImpl.java:isTransactionFailed(278)) - Got block deletion ACK from datanode, TXIDs=16, success=true
2021-08-10 12:16:30,610 [EventQueue-DeleteBlockStatusForDeletedBlockLogImpl] DEBUG block.DeletedBlockLogImpl (DeletedBlockLogImpl.java:commitTransactions(224)) - Transaction txId=16 commit by dnId=ad4991cb-97ce-4dd6-b117-42e7f6b0816f for containerID=#16 failed. Corresponding entry not found.
2021-08-10 12:16:30,610 [EventQueue-DeleteBlockStatusForDeletedBlockLogImpl] DEBUG block.DeletedBlockLogImpl (DeletedBlockLogImpl.java:isTransactionFailed(278)) - Got block deletion ACK from datanode, TXIDs=17, success=true
2021-08-10 12:16:30,610 [EventQueue-DeleteBlockStatusForDeletedBlockLogImpl] DEBUG block.DeletedBlockLogImpl (DeletedBlockLogImpl.java:commitTransactions(224)) - Transaction txId=17 commit by dnId=ad4991cb-97ce-4dd6-b117-42e7f6b0816f for containerID=#17 failed. Corresponding entry not found.
2021-08-10 12:16:30,610 [EventQueue-DeleteBlockStatusForDeletedBlockLogImpl] DEBUG block.DeletedBlockLogImpl (DeletedBlockLogImpl.java:isTransactionFailed(278)) - Got block deletion ACK from datanode, TXIDs=18, success=true
2021-08-10 12:16:30,610 [EventQueue-DeleteBlockStatusForDeletedBlockLogImpl] DEBUG block.DeletedBlockLogImpl (DeletedBlockLogImpl.java:commitTransactions(224)) - Transaction txId=18 commit by dnId=ad4991cb-97ce-4dd6-b117-42e7f6b0816f for containerID=#18 failed. Corresponding entry not found.
2021-08-10 12:16:30,610 [EventQueue-DeleteBlockStatusForDeletedBlockLogImpl] DEBUG block.DeletedBlockLogImpl (DeletedBlockLogImpl.java:isTransactionFailed(278)) - Got block deletion ACK from datanode, TXIDs=19, success=true
2021-08-10 12:16:30,610 [EventQueue-DeleteBlockStatusForDeletedBlockLogImpl] DEBUG block.DeletedBlockLogImpl (DeletedBlockLogImpl.java:commitTransactions(224)) - Transaction txId=19 commit by dnId=ad4991cb-97ce-4dd6-b117-42e7f6b0816f for containerID=#19 failed. Corresponding entry not found.
2021-08-10 12:16:30,610 [EventQueue-DeleteBlockStatusForDeletedBlockLogImpl] DEBUG block.DeletedBlockLogImpl (DeletedBlockLogImpl.java:isTransactionFailed(278)) - Got block deletion ACK from datanode, TXIDs=20, success=true
2021-08-10 12:16:30,610 [EventQueue-DeleteBlockStatusForDeletedBlockLogImpl] DEBUG block.DeletedBlockLogImpl (DeletedBlockLogImpl.java:commitTransactions(224)) - Transaction txId=20 commit by dnId=ad4991cb-97ce-4dd6-b117-42e7f6b0816f for containerID=#20 failed. Corresponding entry not found.
2021-08-10 12:16:30,610 [EventQueue-DeleteBlockStatusForDeletedBlockLogImpl] DEBUG block.DeletedBlockLogImpl (DeletedBlockLogImpl.java:isTransactionFailed(278)) - Got block deletion ACK from datanode, TXIDs=21, success=true
2021-08-10 12:16:30,610 [EventQueue-DeleteBlockStatusForDeletedBlockLogImpl] DEBUG block.DeletedBlockLogImpl (DeletedBlockLogImpl.java:commitTransactions(224)) - Transaction txId=21 commit by dnId=ad4991cb-97ce-4dd6-b117-42e7f6b0816f for containerID=#21 failed. Corresponding entry not found.
2021-08-10 12:16:30,610 [EventQueue-DeleteBlockStatusForDeletedBlockLogImpl] DEBUG block.DeletedBlockLogImpl (DeletedBlockLogImpl.java:isTransactionFailed(278)) - Got block deletion ACK from datanode, TXIDs=22, success=true
2021-08-10 12:16:30,610 [EventQueue-DeleteBlockStatusForDeletedBlockLogImpl] DEBUG block.DeletedBlockLogImpl (DeletedBlockLogImpl.java:commitTransactions(224)) - Transaction txId=22 commit by dnId=ad4991cb-97ce-4dd6-b117-42e7f6b0816f for containerID=#22 failed. Corresponding entry not found.
2021-08-10 12:16:30,610 [EventQueue-DeleteBlockStatusForDeletedBlockLogImpl] DEBUG block.DeletedBlockLogImpl (DeletedBlockLogImpl.java:isTransactionFailed(278)) - Got block deletion ACK from datanode, TXIDs=23, success=true
2021-08-10 12:16:30,610 [EventQueue-DeleteBlockStatusForDeletedBlockLogImpl] DEBUG block.DeletedBlockLogImpl (DeletedBlockLogImpl.java:commitTransactions(224)) - Transaction txId=23 commit by dnId=ad4991cb-97ce-4dd6-b117-42e7f6b0816f for containerID=#23 failed. Corresponding entry not found.
2021-08-10 12:16:30,610 [EventQueue-DeleteBlockStatusForDeletedBlockLogImpl] DEBUG block.DeletedBlockLogImpl (DeletedBlockLogImpl.java:isTransactionFailed(278)) - Got block deletion ACK from datanode, TXIDs=24, success=true
2021-08-10 12:16:30,610 [EventQueue-DeleteBlockStatusForDeletedBlockLogImpl] DEBUG block.DeletedBlockLogImpl (DeletedBlockLogImpl.java:commitTransactions(224)) - Transaction txId=24 commit by dnId=ad4991cb-97ce-4dd6-b117-42e7f6b0816f for containerID=#24 failed. Corresponding entry not found.
2021-08-10 12:16:30,610 [EventQueue-DeleteBlockStatusForDeletedBlockLogImpl] DEBUG block.DeletedBlockLogImpl (DeletedBlockLogImpl.java:isTransactionFailed(278)) - Got block deletion ACK from datanode, TXIDs=25, success=true
2021-08-10 12:16:30,610 [EventQueue-DeleteBlockStatusForDeletedBlockLogImpl] DEBUG block.DeletedBlockLogImpl (DeletedBlockLogImpl.java:commitTransactions(224)) - Transaction txId=25 commit by dnId=ad4991cb-97ce-4dd6-b117-42e7f6b0816f for containerID=#25 failed. Corresponding entry not found.
2021-08-10 12:16:30,610 [EventQueue-DeleteBlockStatusForDeletedBlockLogImpl] DEBUG block.DeletedBlockLogImpl (DeletedBlockLogImpl.java:isTransactionFailed(278)) - Got block deletion ACK from datanode, TXIDs=26, success=true
2021-08-10 12:16:30,610 [EventQueue-DeleteBlockStatusForDeletedBlockLogImpl] DEBUG block.DeletedBlockLogImpl (DeletedBlockLogImpl.java:commitTransactions(224)) - Transaction txId=26 commit by dnId=ad4991cb-97ce-4dd6-b117-42e7f6b0816f for containerID=#26 failed. Corresponding entry not found.
2021-08-10 12:16:30,610 [EventQueue-DeleteBlockStatusForDeletedBlockLogImpl] DEBUG block.DeletedBlockLogImpl (DeletedBlockLogImpl.java:isTransactionFailed(278)) - Got block deletion ACK from datanode, TXIDs=27, success=true
2021-08-10 12:16:30,610 [EventQueue-DeleteBlockStatusForDeletedBlockLogImpl] DEBUG block.DeletedBlockLogImpl (DeletedBlockLogImpl.java:commitTransactions(224)) - Transaction txId=27 commit by dnId=ad4991cb-97ce-4dd6-b117-42e7f6b0816f for containerID=#27 failed. Corresponding entry not found.
2021-08-10 12:16:30,610 [EventQueue-DeleteBlockStatusForDeletedBlockLogImpl] DEBUG block.DeletedBlockLogImpl (DeletedBlockLogImpl.java:isTransactionFailed(278)) - Got block deletion ACK from datanode, TXIDs=28, success=true
2021-08-10 12:16:30,610 [EventQueue-DeleteBlockStatusForDeletedBlockLogImpl] DEBUG block.DeletedBlockLogImpl (DeletedBlockLogImpl.java:commitTransactions(224)) - Transaction txId=28 commit by dnId=ad4991cb-97ce-4dd6-b117-42e7f6b0816f for containerID=#28 failed. Corresponding entry not found.
2021-08-10 12:16:30,610 [EventQueue-DeleteBlockStatusForDeletedBlockLogImpl] DEBUG block.DeletedBlockLogImpl (DeletedBlockLogImpl.java:isTransactionFailed(278)) - Got block deletion ACK from datanode, TXIDs=29, success=true
2021-08-10 12:16:30,610 [EventQueue-DeleteBlockStatusForDeletedBlockLogImpl] DEBUG block.DeletedBlockLogImpl (DeletedBlockLogImpl.java:commitTransactions(224)) - Transaction txId=29 commit by dnId=ad4991cb-97ce-4dd6-b117-42e7f6b0816f for containerID=#29 failed. Corresponding entry not found.
2021-08-10 12:16:30,610 [EventQueue-DeleteBlockStatusForDeletedBlockLogImpl] DEBUG block.DeletedBlockLogImpl (DeletedBlockLogImpl.java:isTransactionFailed(278)) - Got block deletion ACK from datanode, TXIDs=30, success=true
2021-08-10 12:16:30,627 [EventQueue-DeleteBlockStatusForDeletedBlockLogImpl] DEBUG block.DeletedBlockLogImpl (DeletedBlockLogImpl.java:commitTransactions(224)) - Transaction txId=30 commit by dnId=ad4991cb-97ce-4dd6-b117-42e7f6b0816f for containerID=#30 failed. Corresponding entry not found.
2021-08-10 12:16:30,627 [EventQueue-DeleteBlockStatusForDeletedBlockLogImpl] DEBUG block.DeletedBlockLogImpl (DeletedBlockLogImpl.java:isTransactionFailed(278)) - Got block deletion ACK from datanode, TXIDs=31, success=true
2021-08-10 12:16:30,627 [EventQueue-DeleteBlockStatusForDeletedBlockLogImpl] DEBUG block.DeletedBlockLogImpl (DeletedBlockLogImpl.java:commitTransactions(224)) - Transaction txId=31 commit by dnId=ad4991cb-97ce-4dd6-b117-42e7f6b0816f for containerID=#31 failed. Corresponding entry not found.
2021-08-10 12:16:30,627 [EventQueue-DeleteBlockStatusForDeletedBlockLogImpl] DEBUG block.DeletedBlockLogImpl (DeletedBlockLogImpl.java:isTransactionFailed(278)) - Got block deletion ACK from datanode, TXIDs=32, success=true
2021-08-10 12:16:30,627 [EventQueue-DeleteBlockStatusForDeletedBlockLogImpl] DEBUG block.DeletedBlockLogImpl (DeletedBlockLogImpl.java:commitTransactions(224)) - Transaction txId=32 commit by dnId=ad4991cb-97ce-4dd6-b117-42e7f6b0816f for containerID=#32 failed. Corresponding entry not found.
2021-08-10 12:16:30,627 [EventQueue-DeleteBlockStatusForDeletedBlockLogImpl] DEBUG block.DeletedBlockLogImpl (DeletedBlockLogImpl.java:isTransactionFailed(278)) - Got block deletion ACK from datanode, TXIDs=33, success=true
2021-08-10 12:16:30,627 [EventQueue-DeleteBlockStatusForDeletedBlockLogImpl] DEBUG block.DeletedBlockLogImpl (DeletedBlockLogImpl.java:commitTransactions(224)) - Transaction txId=33 commit by dnId=ad4991cb-97ce-4dd6-b117-42e7f6b0816f for containerID=#33 failed. Corresponding entry not found.
2021-08-10 12:16:30,627 [EventQueue-DeleteBlockStatusForDeletedBlockLogImpl] DEBUG block.DeletedBlockLogImpl (DeletedBlockLogImpl.java:isTransactionFailed(278)) - Got block deletion ACK from datanode, TXIDs=34, success=true
2021-08-10 12:16:30,627 [EventQueue-DeleteBlockStatusForDeletedBlockLogImpl] DEBUG block.DeletedBlockLogImpl (DeletedBlockLogImpl.java:commitTransactions(224)) - Transaction txId=34 commit by dnId=ad4991cb-97ce-4dd6-b117-42e7f6b0816f for containerID=#34 failed. Corresponding entry not found.
2021-08-10 12:16:30,627 [EventQueue-DeleteBlockStatusForDeletedBlockLogImpl] DEBUG block.DeletedBlockLogImpl (DeletedBlockLogImpl.java:isTransactionFailed(278)) - Got block deletion ACK from datanode, TXIDs=35, success=true
2021-08-10 12:16:30,627 [EventQueue-DeleteBlockStatusForDeletedBlockLogImpl] DEBUG block.DeletedBlockLogImpl (DeletedBlockLogImpl.java:commitTransactions(224)) - Transaction txId=35 commit by dnId=ad4991cb-97ce-4dd6-b117-42e7f6b0816f for containerID=#35 failed. Corresponding entry not found.
2021-08-10 12:16:30,627 [EventQueue-DeleteBlockStatusForDeletedBlockLogImpl] DEBUG block.DeletedBlockLogImpl (DeletedBlockLogImpl.java:isTransactionFailed(278)) - Got block deletion ACK from datanode, TXIDs=36, success=true
2021-08-10 12:16:30,627 [EventQueue-DeleteBlockStatusForDeletedBlockLogImpl] DEBUG block.DeletedBlockLogImpl (DeletedBlockLogImpl.java:commitTransactions(224)) - Transaction txId=36 commit by dnId=ad4991cb-97ce-4dd6-b117-42e7f6b0816f for containerID=#36 failed. Corresponding entry not found.
2021-08-10 12:16:30,627 [EventQueue-DeleteBlockStatusForDeletedBlockLogImpl] DEBUG block.DeletedBlockLogImpl (DeletedBlockLogImpl.java:isTransactionFailed(278)) - Got block deletion ACK from datanode, TXIDs=37, success=true
2021-08-10 12:16:30,627 [EventQueue-DeleteBlockStatusForDeletedBlockLogImpl] DEBUG block.DeletedBlockLogImpl (DeletedBlockLogImpl.java:commitTransactions(224)) - Transaction txId=37 commit by dnId=ad4991cb-97ce-4dd6-b117-42e7f6b0816f for containerID=#37 failed. Corresponding entry not found.
2021-08-10 12:16:30,627 [EventQueue-DeleteBlockStatusForDeletedBlockLogImpl] DEBUG block.DeletedBlockLogImpl (DeletedBlockLogImpl.java:isTransactionFailed(278)) - Got block deletion ACK from datanode, TXIDs=38, success=true
2021-08-10 12:16:30,627 [EventQueue-DeleteBlockStatusForDeletedBlockLogImpl] DEBUG block.DeletedBlockLogImpl (DeletedBlockLogImpl.java:commitTransactions(224)) - Transaction txId=38 commit by dnId=ad4991cb-97ce-4dd6-b117-42e7f6b0816f for containerID=#38 failed. Corresponding entry not found.
2021-08-10 12:16:30,627 [EventQueue-DeleteBlockStatusForDeletedBlockLogImpl] DEBUG block.DeletedBlockLogImpl (DeletedBlockLogImpl.java:isTransactionFailed(278)) - Got block deletion ACK from datanode, TXIDs=39, success=true
2021-08-10 12:16:30,627 [EventQueue-DeleteBlockStatusForDeletedBlockLogImpl] DEBUG block.DeletedBlockLogImpl (DeletedBlockLogImpl.java:commitTransactions(224)) - Transaction txId=39 commit by dnId=ad4991cb-97ce-4dd6-b117-42e7f6b0816f for containerID=#39 failed. Corresponding entry not found.
2021-08-10 12:16:30,627 [EventQueue-DeleteBlockStatusForDeletedBlockLogImpl] DEBUG block.DeletedBlockLogImpl (DeletedBlockLogImpl.java:isTransactionFailed(278)) - Got block deletion ACK from datanode, TXIDs=40, success=true
2021-08-10 12:16:30,627 [EventQueue-DeleteBlockStatusForDeletedBlockLogImpl] DEBUG block.DeletedBlockLogImpl (DeletedBlockLogImpl.java:commitTransactions(224)) - Transaction txId=40 commit by dnId=ad4991cb-97ce-4dd6-b117-42e7f6b0816f for containerID=#40 failed. Corresponding entry not found.
2021-08-10 12:16:30,627 [EventQueue-DeleteBlockStatusForDeletedBlockLogImpl] DEBUG block.DeletedBlockLogImpl (DeletedBlockLogImpl.java:isTransactionFailed(278)) - Got block deletion ACK from datanode, TXIDs=41, success=true
2021-08-10 12:16:30,627 [EventQueue-DeleteBlockStatusForDeletedBlockLogImpl] DEBUG block.DeletedBlockLogImpl (DeletedBlockLogImpl.java:commitTransactions(224)) - Transaction txId=41 commit by dnId=ad4991cb-97ce-4dd6-b117-42e7f6b0816f for containerID=#41 failed. Corresponding entry not found.
2021-08-10 12:16:30,627 [EventQueue-DeleteBlockStatusForDeletedBlockLogImpl] DEBUG block.DeletedBlockLogImpl (DeletedBlockLogImpl.java:isTransactionFailed(278)) - Got block deletion ACK from datanode, TXIDs=42, success=true
2021-08-10 12:16:30,627 [EventQueue-DeleteBlockStatusForDeletedBlockLogImpl] DEBUG block.DeletedBlockLogImpl (DeletedBlockLogImpl.java:commitTransactions(224)) - Transaction txId=42 commit by dnId=ad4991cb-97ce-4dd6-b117-42e7f6b0816f for containerID=#42 failed. Corresponding entry not found.
2021-08-10 12:16:30,627 [EventQueue-DeleteBlockStatusForDeletedBlockLogImpl] DEBUG block.DeletedBlockLogImpl (DeletedBlockLogImpl.java:isTransactionFailed(278)) - Got block deletion ACK from datanode, TXIDs=43, success=true
2021-08-10 12:16:30,627 [EventQueue-DeleteBlockStatusForDeletedBlockLogImpl] DEBUG block.DeletedBlockLogImpl (DeletedBlockLogImpl.java:commitTransactions(224)) - Transaction txId=43 commit by dnId=ad4991cb-97ce-4dd6-b117-42e7f6b0816f for containerID=#43 failed. Corresponding entry not found.
2021-08-10 12:16:30,627 [EventQueue-DeleteBlockStatusForDeletedBlockLogImpl] DEBUG block.DeletedBlockLogImpl (DeletedBlockLogImpl.java:isTransactionFailed(278)) - Got block deletion ACK from datanode, TXIDs=44, success=true
2021-08-10 12:16:30,627 [EventQueue-DeleteBlockStatusForDeletedBlockLogImpl] DEBUG block.DeletedBlockLogImpl (DeletedBlockLogImpl.java:commitTransactions(224)) - Transaction txId=44 commit by dnId=ad4991cb-97ce-4dd6-b117-42e7f6b0816f for containerID=#44 failed. Corresponding entry not found.
2021-08-10 12:16:30,627 [EventQueue-DeleteBlockStatusForDeletedBlockLogImpl] DEBUG block.DeletedBlockLogImpl (DeletedBlockLogImpl.java:isTransactionFailed(278)) - Got block deletion ACK from datanode, TXIDs=45, success=true
2021-08-10 12:16:30,627 [EventQueue-DeleteBlockStatusForDeletedBlockLogImpl] DEBUG block.DeletedBlockLogImpl (DeletedBlockLogImpl.java:commitTransactions(224)) - Transaction txId=45 commit by dnId=ad4991cb-97ce-4dd6-b117-42e7f6b0816f for containerID=#45 failed. Corresponding entry not found.
2021-08-10 12:16:30,627 [EventQueue-DeleteBlockStatusForDeletedBlockLogImpl] DEBUG block.DeletedBlockLogImpl (DeletedBlockLogImpl.java:isTransactionFailed(278)) - Got block deletion ACK from datanode, TXIDs=46, success=true
2021-08-10 12:16:30,627 [EventQueue-DeleteBlockStatusForDeletedBlockLogImpl] DEBUG block.DeletedBlockLogImpl (DeletedBlockLogImpl.java:commitTransactions(224)) - Transaction txId=46 commit by dnId=ad4991cb-97ce-4dd6-b117-42e7f6b0816f for containerID=#46 failed. Corresponding entry not found.
2021-08-10 12:16:30,627 [EventQueue-DeleteBlockStatusForDeletedBlockLogImpl] DEBUG block.DeletedBlockLogImpl (DeletedBlockLogImpl.java:isTransactionFailed(278)) - Got block deletion ACK from datanode, TXIDs=47, success=true
2021-08-10 12:16:30,627 [EventQueue-DeleteBlockStatusForDeletedBlockLogImpl] DEBUG block.DeletedBlockLogImpl (DeletedBlockLogImpl.java:commitTransactions(224)) - Transaction txId=47 commit by dnId=ad4991cb-97ce-4dd6-b117-42e7f6b0816f for containerID=#47 failed. Corresponding entry not found.
2021-08-10 12:16:30,627 [EventQueue-DeleteBlockStatusForDeletedBlockLogImpl] DEBUG block.DeletedBlockLogImpl (DeletedBlockLogImpl.java:isTransactionFailed(278)) - Got block deletion ACK from datanode, TXIDs=48, success=true
2021-08-10 12:16:30,628 [EventQueue-DeleteBlockStatusForDeletedBlockLogImpl] DEBUG block.DeletedBlockLogImpl (DeletedBlockLogImpl.java:commitTransactions(224)) - Transaction txId=48 commit by dnId=ad4991cb-97ce-4dd6-b117-42e7f6b0816f for containerID=#48 failed. Corresponding entry not found.
2021-08-10 12:16:30,628 [EventQueue-DeleteBlockStatusForDeletedBlockLogImpl] DEBUG block.DeletedBlockLogImpl (DeletedBlockLogImpl.java:isTransactionFailed(278)) - Got block deletion ACK from datanode, TXIDs=49, success=true
2021-08-10 12:16:30,628 [EventQueue-DeleteBlockStatusForDeletedBlockLogImpl] DEBUG block.DeletedBlockLogImpl (DeletedBlockLogImpl.java:commitTransactions(224)) - Transaction txId=49 commit by dnId=ad4991cb-97ce-4dd6-b117-42e7f6b0816f for containerID=#49 failed. Corresponding entry not found.
2021-08-10 12:16:30,628 [EventQueue-DeleteBlockStatusForDeletedBlockLogImpl] DEBUG block.DeletedBlockLogImpl (DeletedBlockLogImpl.java:isTransactionFailed(278)) - Got block deletion ACK from datanode, TXIDs=50, success=true
2021-08-10 12:16:30,628 [EventQueue-DeleteBlockStatusForDeletedBlockLogImpl] DEBUG block.DeletedBlockLogImpl (DeletedBlockLogImpl.java:commitTransactions(224)) - Transaction txId=50 commit by dnId=ad4991cb-97ce-4dd6-b117-42e7f6b0816f for containerID=#50 failed. Corresponding entry not found.
2021-08-10 12:16:30,628 [EventQueue-DeleteBlockStatusForDeletedBlockLogImpl] DEBUG block.DeletedBlockLogImpl (DeletedBlockLogImpl.java:isTransactionFailed(278)) - Got block deletion ACK from datanode, TXIDs=51, success=true
2021-08-10 12:16:30,628 [EventQueue-DeleteBlockStatusForDeletedBlockLogImpl] DEBUG block.DeletedBlockLogImpl (DeletedBlockLogImpl.java:commitTransactions(224)) - Transaction txId=51 commit by dnId=ad4991cb-97ce-4dd6-b117-42e7f6b0816f for containerID=#51 failed. Corresponding entry not found.
2021-08-10 12:16:30,628 [EventQueue-DeleteBlockStatusForDeletedBlockLogImpl] DEBUG block.DeletedBlockLogImpl (DeletedBlockLogImpl.java:isTransactionFailed(278)) - Got block deletion ACK from datanode, TXIDs=52, success=true
2021-08-10 12:16:30,628 [EventQueue-DeleteBlockStatusForDeletedBlockLogImpl] DEBUG block.DeletedBlockLogImpl (DeletedBlockLogImpl.java:commitTransactions(224)) - Transaction txId=52 commit by dnId=ad4991cb-97ce-4dd6-b117-42e7f6b0816f for containerID=#52 failed. Corresponding entry not found.
2021-08-10 12:16:30,628 [EventQueue-DeleteBlockStatusForDeletedBlockLogImpl] DEBUG block.DeletedBlockLogImpl (DeletedBlockLogImpl.java:isTransactionFailed(278)) - Got block deletion ACK from datanode, TXIDs=53, success=true
2021-08-10 12:16:30,628 [EventQueue-DeleteBlockStatusForDeletedBlockLogImpl] DEBUG block.DeletedBlockLogImpl (DeletedBlockLogImpl.java:commitTransactions(224)) - Transaction txId=53 commit by dnId=ad4991cb-97ce-4dd6-b117-42e7f6b0816f for containerID=#53 failed. Corresponding entry not found.
2021-08-10 12:16:30,628 [EventQueue-DeleteBlockStatusForDeletedBlockLogImpl] DEBUG block.DeletedBlockLogImpl (DeletedBlockLogImpl.java:isTransactionFailed(278)) - Got block deletion ACK from datanode, TXIDs=54, success=true
2021-08-10 12:16:30,628 [EventQueue-DeleteBlockStatusForDeletedBlockLogImpl] DEBUG block.DeletedBlockLogImpl (DeletedBlockLogImpl.java:commitTransactions(224)) - Transaction txId=54 commit by dnId=ad4991cb-97ce-4dd6-b117-42e7f6b0816f for containerID=#54 failed. Corresponding entry not found.
2021-08-10 12:16:30,628 [EventQueue-DeleteBlockStatusForDeletedBlockLogImpl] DEBUG block.DeletedBlockLogImpl (DeletedBlockLogImpl.java:isTransactionFailed(278)) - Got block deletion ACK from datanode, TXIDs=55, success=true
2021-08-10 12:16:30,628 [EventQueue-DeleteBlockStatusForDeletedBlockLogImpl] DEBUG block.DeletedBlockLogImpl (DeletedBlockLogImpl.java:commitTransactions(224)) - Transaction txId=55 commit by dnId=ad4991cb-97ce-4dd6-b117-42e7f6b0816f for containerID=#55 failed. Corresponding entry not found.
2021-08-10 12:16:30,628 [EventQueue-DeleteBlockStatusForDeletedBlockLogImpl] DEBUG block.DeletedBlockLogImpl (DeletedBlockLogImpl.java:isTransactionFailed(278)) - Got block deletion ACK from datanode, TXIDs=56, success=true
2021-08-10 12:16:30,628 [EventQueue-DeleteBlockStatusForDeletedBlockLogImpl] DEBUG block.DeletedBlockLogImpl (DeletedBlockLogImpl.java:commitTransactions(224)) - Transaction txId=56 commit by dnId=ad4991cb-97ce-4dd6-b117-42e7f6b0816f for containerID=#56 failed. Corresponding entry not found.
2021-08-10 12:16:30,628 [EventQueue-DeleteBlockStatusForDeletedBlockLogImpl] DEBUG block.DeletedBlockLogImpl (DeletedBlockLogImpl.java:isTransactionFailed(278)) - Got block deletion ACK from datanode, TXIDs=10, success=true
2021-08-10 12:16:30,628 [EventQueue-DeleteBlockStatusForDeletedBlockLogImpl] DEBUG block.DeletedBlockLogImpl (DeletedBlockLogImpl.java:commitTransactions(224)) - Transaction txId=10 commit by dnId=ad4991cb-97ce-4dd6-b117-42e7f6b0816f for containerID=#10 failed. Corresponding entry not found.
2021-08-10 12:16:30,628 [EventQueue-DeleteBlockStatusForDeletedBlockLogImpl] DEBUG block.DeletedBlockLogImpl (DeletedBlockLogImpl.java:isTransactionFailed(278)) - Got block deletion ACK from datanode, TXIDs=11, success=true
2021-08-10 12:16:30,628 [EventQueue-DeleteBlockStatusForDeletedBlockLogImpl] DEBUG block.DeletedBlockLogImpl (DeletedBlockLogImpl.java:commitTransactions(224)) - Transaction txId=11 commit by dnId=ad4991cb-97ce-4dd6-b117-42e7f6b0816f for containerID=#11 failed. Corresponding entry not found.
2021-08-10 12:16:30,628 [EventQueue-DeleteBlockStatusForDeletedBlockLogImpl] DEBUG block.DeletedBlockLogImpl (DeletedBlockLogImpl.java:isTransactionFailed(278)) - Got block deletion ACK from datanode, TXIDs=12, success=true
2021-08-10 12:16:30,628 [EventQueue-DeleteBlockStatusForDeletedBlockLogImpl] DEBUG block.DeletedBlockLogImpl (DeletedBlockLogImpl.java:commitTransactions(224)) - Transaction txId=12 commit by dnId=ad4991cb-97ce-4dd6-b117-42e7f6b0816f for containerID=#12 failed. Corresponding entry not found.
2021-08-10 12:16:30,628 [EventQueue-DeleteBlockStatusForDeletedBlockLogImpl] DEBUG block.DeletedBlockLogImpl (DeletedBlockLogImpl.java:isTransactionFailed(278)) - Got block deletion ACK from datanode, TXIDs=13, success=true
2021-08-10 12:16:30,628 [EventQueue-DeleteBlockStatusForDeletedBlockLogImpl] DEBUG block.DeletedBlockLogImpl (DeletedBlockLogImpl.java:commitTransactions(224)) - Transaction txId=13 commit by dnId=ad4991cb-97ce-4dd6-b117-42e7f6b0816f for containerID=#13 failed. Corresponding entry not found.
2021-08-10 12:16:30,628 [EventQueue-DeleteBlockStatusForDeletedBlockLogImpl] DEBUG block.DeletedBlockLogImpl (DeletedBlockLogImpl.java:isTransactionFailed(278)) - Got block deletion ACK from datanode, TXIDs=14, success=true
2021-08-10 12:16:30,628 [EventQueue-DeleteBlockStatusForDeletedBlockLogImpl] DEBUG block.DeletedBlockLogImpl (DeletedBlockLogImpl.java:commitTransactions(224)) - Transaction txId=14 commit by dnId=ad4991cb-97ce-4dd6-b117-42e7f6b0816f for containerID=#14 failed. Corresponding entry not found.
2021-08-10 12:16:30,628 [EventQueue-DeleteBlockStatusForDeletedBlockLogImpl] DEBUG block.DeletedBlockLogImpl (DeletedBlockLogImpl.java:isTransactionFailed(278)) - Got block deletion ACK from datanode, TXIDs=15, success=true
2021-08-10 12:16:30,628 [EventQueue-DeleteBlockStatusForDeletedBlockLogImpl] DEBUG block.DeletedBlockLogImpl (DeletedBlockLogImpl.java:commitTransactions(224)) - Transaction txId=15 commit by dnId=ad4991cb-97ce-4dd6-b117-42e7f6b0816f for containerID=#15 failed. Corresponding entry not found.
2021-08-10 12:16:30,628 [EventQueue-DeleteBlockStatusForDeletedBlockLogImpl] DEBUG block.DeletedBlockLogImpl (DeletedBlockLogImpl.java:isTransactionFailed(278)) - Got block deletion ACK from datanode, TXIDs=16, success=true
2021-08-10 12:16:30,628 [EventQueue-DeleteBlockStatusForDeletedBlockLogImpl] DEBUG block.DeletedBlockLogImpl (DeletedBlockLogImpl.java:commitTransactions(224)) - Transaction txId=16 commit by dnId=ad4991cb-97ce-4dd6-b117-42e7f6b0816f for containerID=#16 failed. Corresponding entry not found.
2021-08-10 12:16:30,628 [EventQueue-DeleteBlockStatusForDeletedBlockLogImpl] DEBUG block.DeletedBlockLogImpl (DeletedBlockLogImpl.java:isTransactionFailed(278)) - Got block deletion ACK from datanode, TXIDs=17, success=true
2021-08-10 12:16:30,628 [EventQueue-DeleteBlockStatusForDeletedBlockLogImpl] DEBUG block.DeletedBlockLogImpl (DeletedBlockLogImpl.java:commitTransactions(224)) - Transaction txId=17 commit by dnId=ad4991cb-97ce-4dd6-b117-42e7f6b0816f for containerID=#17 failed. Corresponding entry not found.
2021-08-10 12:16:30,628 [EventQueue-DeleteBlockStatusForDeletedBlockLogImpl] DEBUG block.DeletedBlockLogImpl (DeletedBlockLogImpl.java:isTransactionFailed(278)) - Got block deletion ACK from datanode, TXIDs=18, success=true
2021-08-10 12:16:30,628 [EventQueue-DeleteBlockStatusForDeletedBlockLogImpl] DEBUG block.DeletedBlockLogImpl (DeletedBlockLogImpl.java:commitTransactions(224)) - Transaction txId=18 commit by dnId=ad4991cb-97ce-4dd6-b117-42e7f6b0816f for containerID=#18 failed. Corresponding entry not found.
2021-08-10 12:16:30,628 [EventQueue-DeleteBlockStatusForDeletedBlockLogImpl] DEBUG block.DeletedBlockLogImpl (DeletedBlockLogImpl.java:isTransactionFailed(278)) - Got block deletion ACK from datanode, TXIDs=19, success=true
2021-08-10 12:16:30,628 [EventQueue-DeleteBlockStatusForDeletedBlockLogImpl] DEBUG block.DeletedBlockLogImpl (DeletedBlockLogImpl.java:commitTransactions(224)) - Transaction txId=19 commit by dnId=ad4991cb-97ce-4dd6-b117-42e7f6b0816f for containerID=#19 failed. Corresponding entry not found.
2021-08-10 12:16:30,628 [EventQueue-DeleteBlockStatusForDeletedBlockLogImpl] DEBUG block.DeletedBlockLogImpl (DeletedBlockLogImpl.java:isTransactionFailed(278)) - Got block deletion ACK from datanode, TXIDs=20, success=true
2021-08-10 12:16:30,628 [EventQueue-DeleteBlockStatusForDeletedBlockLogImpl] DEBUG block.DeletedBlockLogImpl (DeletedBlockLogImpl.java:commitTransactions(224)) - Transaction txId=20 commit by dnId=ad4991cb-97ce-4dd6-b117-42e7f6b0816f for containerID=#20 failed. Corresponding entry not found.
2021-08-10 12:16:30,628 [EventQueue-DeleteBlockStatusForDeletedBlockLogImpl] DEBUG block.DeletedBlockLogImpl (DeletedBlockLogImpl.java:isTransactionFailed(278)) - Got block deletion ACK from datanode, TXIDs=21, success=true
2021-08-10 12:16:30,628 [EventQueue-DeleteBlockStatusForDeletedBlockLogImpl] DEBUG block.DeletedBlockLogImpl (DeletedBlockLogImpl.java:commitTransactions(224)) - Transaction txId=21 commit by dnId=ad4991cb-97ce-4dd6-b117-42e7f6b0816f for containerID=#21 failed. Corresponding entry not found.
2021-08-10 12:16:30,628 [EventQueue-DeleteBlockStatusForDeletedBlockLogImpl] DEBUG block.DeletedBlockLogImpl (DeletedBlockLogImpl.java:isTransactionFailed(278)) - Got block deletion ACK from datanode, TXIDs=22, success=true
2021-08-10 12:16:30,628 [EventQueue-DeleteBlockStatusForDeletedBlockLogImpl] DEBUG block.DeletedBlockLogImpl (DeletedBlockLogImpl.java:commitTransactions(224)) - Transaction txId=22 commit by dnId=ad4991cb-97ce-4dd6-b117-42e7f6b0816f for containerID=#22 failed. Corresponding entry not found.
2021-08-10 12:16:30,628 [EventQueue-DeleteBlockStatusForDeletedBlockLogImpl] DEBUG block.DeletedBlockLogImpl (DeletedBlockLogImpl.java:isTransactionFailed(278)) - Got block deletion ACK from datanode, TXIDs=23, success=true
2021-08-10 12:16:30,629 [EventQueue-DeleteBlockStatusForDeletedBlockLogImpl] DEBUG block.DeletedBlockLogImpl (DeletedBlockLogImpl.java:commitTransactions(224)) - Transaction txId=23 commit by dnId=ad4991cb-97ce-4dd6-b117-42e7f6b0816f for containerID=#23 failed. Corresponding entry not found.
2021-08-10 12:16:30,629 [EventQueue-DeleteBlockStatusForDeletedBlockLogImpl] DEBUG block.DeletedBlockLogImpl (DeletedBlockLogImpl.java:isTransactionFailed(278)) - Got block deletion ACK from datanode, TXIDs=24, success=true
2021-08-10 12:16:30,629 [EventQueue-DeleteBlockStatusForDeletedBlockLogImpl] DEBUG block.DeletedBlockLogImpl (DeletedBlockLogImpl.java:commitTransactions(224)) - Transaction txId=24 commit by dnId=ad4991cb-97ce-4dd6-b117-42e7f6b0816f for containerID=#24 failed. Corresponding entry not found.
2021-08-10 12:16:30,629 [EventQueue-DeleteBlockStatusForDeletedBlockLogImpl] DEBUG block.DeletedBlockLogImpl (DeletedBlockLogImpl.java:isTransactionFailed(278)) - Got block deletion ACK from datanode, TXIDs=25, success=true
2021-08-10 12:16:30,629 [EventQueue-DeleteBlockStatusForDeletedBlockLogImpl] DEBUG block.DeletedBlockLogImpl (DeletedBlockLogImpl.java:commitTransactions(224)) - Transaction txId=25 commit by dnId=ad4991cb-97ce-4dd6-b117-42e7f6b0816f for containerID=#25 failed. Corresponding entry not found.
2021-08-10 12:16:30,629 [EventQueue-DeleteBlockStatusForDeletedBlockLogImpl] DEBUG block.DeletedBlockLogImpl (DeletedBlockLogImpl.java:isTransactionFailed(278)) - Got block deletion ACK from datanode, TXIDs=26, success=true
2021-08-10 12:16:30,629 [EventQueue-DeleteBlockStatusForDeletedBlockLogImpl] DEBUG block.DeletedBlockLogImpl (DeletedBlockLogImpl.java:commitTransactions(224)) - Transaction txId=26 commit by dnId=ad4991cb-97ce-4dd6-b117-42e7f6b0816f for containerID=#26 failed. Corresponding entry not found.
2021-08-10 12:16:30,629 [EventQueue-DeleteBlockStatusForDeletedBlockLogImpl] DEBUG block.DeletedBlockLogImpl (DeletedBlockLogImpl.java:isTransactionFailed(278)) - Got block deletion ACK from datanode, TXIDs=27, success=true
2021-08-10 12:16:30,629 [EventQueue-DeleteBlockStatusForDeletedBlockLogImpl] DEBUG block.DeletedBlockLogImpl (DeletedBlockLogImpl.java:commitTransactions(224)) - Transaction txId=27 commit by dnId=ad4991cb-97ce-4dd6-b117-42e7f6b0816f for containerID=#27 failed. Corresponding entry not found.
2021-08-10 12:16:30,629 [EventQueue-DeleteBlockStatusForDeletedBlockLogImpl] DEBUG block.DeletedBlockLogImpl (DeletedBlockLogImpl.java:isTransactionFailed(278)) - Got block deletion ACK from datanode, TXIDs=28, success=true
2021-08-10 12:16:30,629 [EventQueue-DeleteBlockStatusForDeletedBlockLogImpl] DEBUG block.DeletedBlockLogImpl (DeletedBlockLogImpl.java:commitTransactions(224)) - Transaction txId=28 commit by dnId=ad4991cb-97ce-4dd6-b117-42e7f6b0816f for containerID=#28 failed. Corresponding entry not found.
2021-08-10 12:16:30,629 [EventQueue-DeleteBlockStatusForDeletedBlockLogImpl] DEBUG block.DeletedBlockLogImpl (DeletedBlockLogImpl.java:isTransactionFailed(278)) - Got block deletion ACK from datanode, TXIDs=29, success=true
2021-08-10 12:16:30,629 [EventQueue-DeleteBlockStatusForDeletedBlockLogImpl] DEBUG block.DeletedBlockLogImpl (DeletedBlockLogImpl.java:commitTransactions(224)) - Transaction txId=29 commit by dnId=ad4991cb-97ce-4dd6-b117-42e7f6b0816f for containerID=#29 failed. Corresponding entry not found.
2021-08-10 12:16:30,629 [EventQueue-DeleteBlockStatusForDeletedBlockLogImpl] DEBUG block.DeletedBlockLogImpl (DeletedBlockLogImpl.java:isTransactionFailed(278)) - Got block deletion ACK from datanode, TXIDs=30, success=true
2021-08-10 12:16:30,629 [EventQueue-DeleteBlockStatusForDeletedBlockLogImpl] DEBUG block.DeletedBlockLogImpl (DeletedBlockLogImpl.java:commitTransactions(224)) - Transaction txId=30 commit by dnId=ad4991cb-97ce-4dd6-b117-42e7f6b0816f for containerID=#30 failed. Corresponding entry not found.
2021-08-10 12:16:30,629 [EventQueue-DeleteBlockStatusForDeletedBlockLogImpl] DEBUG block.DeletedBlockLogImpl (DeletedBlockLogImpl.java:isTransactionFailed(278)) - Got block deletion ACK from datanode, TXIDs=31, success=true
2021-08-10 12:16:30,629 [EventQueue-DeleteBlockStatusForDeletedBlockLogImpl] DEBUG block.DeletedBlockLogImpl (DeletedBlockLogImpl.java:commitTransactions(224)) - Transaction txId=31 commit by dnId=ad4991cb-97ce-4dd6-b117-42e7f6b0816f for containerID=#31 failed. Corresponding entry not found.
2021-08-10 12:16:30,629 [EventQueue-DeleteBlockStatusForDeletedBlockLogImpl] DEBUG block.DeletedBlockLogImpl (DeletedBlockLogImpl.java:isTransactionFailed(278)) - Got block deletion ACK from datanode, TXIDs=32, success=true
2021-08-10 12:16:30,629 [EventQueue-DeleteBlockStatusForDeletedBlockLogImpl] DEBUG block.DeletedBlockLogImpl (DeletedBlockLogImpl.java:commitTransactions(224)) - Transaction txId=32 commit by dnId=ad4991cb-97ce-4dd6-b117-42e7f6b0816f for containerID=#32 failed. Corresponding entry not found.
2021-08-10 12:16:30,629 [EventQueue-DeleteBlockStatusForDeletedBlockLogImpl] DEBUG block.DeletedBlockLogImpl (DeletedBlockLogImpl.java:isTransactionFailed(278)) - Got block deletion ACK from datanode, TXIDs=33, success=true
2021-08-10 12:16:30,629 [EventQueue-DeleteBlockStatusForDeletedBlockLogImpl] DEBUG block.DeletedBlockLogImpl (DeletedBlockLogImpl.java:commitTransactions(224)) - Transaction txId=33 commit by dnId=ad4991cb-97ce-4dd6-b117-42e7f6b0816f for containerID=#33 failed. Corresponding entry not found.
2021-08-10 12:16:30,629 [EventQueue-DeleteBlockStatusForDeletedBlockLogImpl] DEBUG block.DeletedBlockLogImpl (DeletedBlockLogImpl.java:isTransactionFailed(278)) - Got block deletion ACK from datanode, TXIDs=34, success=true
2021-08-10 12:16:30,629 [EventQueue-DeleteBlockStatusForDeletedBlockLogImpl] DEBUG block.DeletedBlockLogImpl (DeletedBlockLogImpl.java:commitTransactions(224)) - Transaction txId=34 commit by dnId=ad4991cb-97ce-4dd6-b117-42e7f6b0816f for containerID=#34 failed. Corresponding entry not found.
2021-08-10 12:16:30,629 [EventQueue-DeleteBlockStatusForDeletedBlockLogImpl] DEBUG block.DeletedBlockLogImpl (DeletedBlockLogImpl.java:isTransactionFailed(278)) - Got block deletion ACK from datanode, TXIDs=35, success=true
2021-08-10 12:16:30,629 [EventQueue-DeleteBlockStatusForDeletedBlockLogImpl] DEBUG block.DeletedBlockLogImpl (DeletedBlockLogImpl.java:commitTransactions(224)) - Transaction txId=35 commit by dnId=ad4991cb-97ce-4dd6-b117-42e7f6b0816f for containerID=#35 failed. Corresponding entry not found.
2021-08-10 12:16:30,629 [EventQueue-DeleteBlockStatusForDeletedBlockLogImpl] DEBUG block.DeletedBlockLogImpl (DeletedBlockLogImpl.java:isTransactionFailed(278)) - Got block deletion ACK from datanode, TXIDs=36, success=true
2021-08-10 12:16:30,629 [EventQueue-DeleteBlockStatusForDeletedBlockLogImpl] DEBUG block.DeletedBlockLogImpl (DeletedBlockLogImpl.java:commitTransactions(224)) - Transaction txId=36 commit by dnId=ad4991cb-97ce-4dd6-b117-42e7f6b0816f for containerID=#36 failed. Corresponding entry not found.
2021-08-10 12:16:30,629 [EventQueue-DeleteBlockStatusForDeletedBlockLogImpl] DEBUG block.DeletedBlockLogImpl (DeletedBlockLogImpl.java:isTransactionFailed(278)) - Got block deletion ACK from datanode, TXIDs=37, success=true
2021-08-10 12:16:30,629 [EventQueue-DeleteBlockStatusForDeletedBlockLogImpl] DEBUG block.DeletedBlockLogImpl (DeletedBlockLogImpl.java:commitTransactions(224)) - Transaction txId=37 commit by dnId=ad4991cb-97ce-4dd6-b117-42e7f6b0816f for containerID=#37 failed. Corresponding entry not found.
2021-08-10 12:16:30,629 [EventQueue-DeleteBlockStatusForDeletedBlockLogImpl] DEBUG block.DeletedBlockLogImpl (DeletedBlockLogImpl.java:isTransactionFailed(278)) - Got block deletion ACK from datanode, TXIDs=38, success=true
2021-08-10 12:16:30,629 [EventQueue-DeleteBlockStatusForDeletedBlockLogImpl] DEBUG block.DeletedBlockLogImpl (DeletedBlockLogImpl.java:commitTransactions(224)) - Transaction txId=38 commit by dnId=ad4991cb-97ce-4dd6-b117-42e7f6b0816f for containerID=#38 failed. Corresponding entry not found.
2021-08-10 12:16:30,629 [EventQueue-DeleteBlockStatusForDeletedBlockLogImpl] DEBUG block.DeletedBlockLogImpl (DeletedBlockLogImpl.java:isTransactionFailed(278)) - Got block deletion ACK from datanode, TXIDs=39, success=true
2021-08-10 12:16:30,629 [EventQueue-DeleteBlockStatusForDeletedBlockLogImpl] DEBUG block.DeletedBlockLogImpl (DeletedBlockLogImpl.java:commitTransactions(224)) - Transaction txId=39 commit by dnId=ad4991cb-97ce-4dd6-b117-42e7f6b0816f for containerID=#39 failed. Corresponding entry not found.
2021-08-10 12:16:30,629 [EventQueue-DeleteBlockStatusForDeletedBlockLogImpl] DEBUG block.DeletedBlockLogImpl (DeletedBlockLogImpl.java:isTransactionFailed(278)) - Got block deletion ACK from datanode, TXIDs=40, success=true
2021-08-10 12:16:30,629 [EventQueue-DeleteBlockStatusForDeletedBlockLogImpl] DEBUG block.DeletedBlockLogImpl (DeletedBlockLogImpl.java:commitTransactions(224)) - Transaction txId=40 commit by dnId=ad4991cb-97ce-4dd6-b117-42e7f6b0816f for containerID=#40 failed. Corresponding entry not found.
2021-08-10 12:16:30,629 [EventQueue-DeleteBlockStatusForDeletedBlockLogImpl] DEBUG block.DeletedBlockLogImpl (DeletedBlockLogImpl.java:isTransactionFailed(278)) - Got block deletion ACK from datanode, TXIDs=41, success=true
2021-08-10 12:16:30,629 [EventQueue-DeleteBlockStatusForDeletedBlockLogImpl] DEBUG block.DeletedBlockLogImpl (DeletedBlockLogImpl.java:commitTransactions(224)) - Transaction txId=41 commit by dnId=ad4991cb-97ce-4dd6-b117-42e7f6b0816f for containerID=#41 failed. Corresponding entry not found.
2021-08-10 12:16:30,629 [EventQueue-DeleteBlockStatusForDeletedBlockLogImpl] DEBUG block.DeletedBlockLogImpl (DeletedBlockLogImpl.java:isTransactionFailed(278)) - Got block deletion ACK from datanode, TXIDs=42, success=true
2021-08-10 12:16:30,629 [EventQueue-DeleteBlockStatusForDeletedBlockLogImpl] DEBUG block.DeletedBlockLogImpl (DeletedBlockLogImpl.java:commitTransactions(224)) - Transaction txId=42 commit by dnId=ad4991cb-97ce-4dd6-b117-42e7f6b0816f for containerID=#42 failed. Corresponding entry not found.
2021-08-10 12:16:30,629 [EventQueue-DeleteBlockStatusForDeletedBlockLogImpl] DEBUG block.DeletedBlockLogImpl (DeletedBlockLogImpl.java:isTransactionFailed(278)) - Got block deletion ACK from datanode, TXIDs=43, success=true
2021-08-10 12:16:30,629 [EventQueue-DeleteBlockStatusForDeletedBlockLogImpl] DEBUG block.DeletedBlockLogImpl (DeletedBlockLogImpl.java:commitTransactions(224)) - Transaction txId=43 commit by dnId=ad4991cb-97ce-4dd6-b117-42e7f6b0816f for containerID=#43 failed. Corresponding entry not found.
2021-08-10 12:16:30,629 [EventQueue-DeleteBlockStatusForDeletedBlockLogImpl] DEBUG block.DeletedBlockLogImpl (DeletedBlockLogImpl.java:isTransactionFailed(278)) - Got block deletion ACK from datanode, TXIDs=44, success=true
2021-08-10 12:16:30,629 [EventQueue-DeleteBlockStatusForDeletedBlockLogImpl] DEBUG block.DeletedBlockLogImpl (DeletedBlockLogImpl.java:commitTransactions(224)) - Transaction txId=44 commit by dnId=ad4991cb-97ce-4dd6-b117-42e7f6b0816f for containerID=#44 failed. Corresponding entry not found.
2021-08-10 12:16:30,629 [EventQueue-DeleteBlockStatusForDeletedBlockLogImpl] DEBUG block.DeletedBlockLogImpl (DeletedBlockLogImpl.java:isTransactionFailed(278)) - Got block deletion ACK from datanode, TXIDs=45, success=true
2021-08-10 12:16:30,629 [EventQueue-DeleteBlockStatusForDeletedBlockLogImpl] DEBUG block.DeletedBlockLogImpl (DeletedBlockLogImpl.java:commitTransactions(224)) - Transaction txId=45 commit by dnId=ad4991cb-97ce-4dd6-b117-42e7f6b0816f for containerID=#45 failed. Corresponding entry not found.
2021-08-10 12:16:30,630 [EventQueue-DeleteBlockStatusForDeletedBlockLogImpl] DEBUG block.DeletedBlockLogImpl (DeletedBlockLogImpl.java:isTransactionFailed(278)) - Got block deletion ACK from datanode, TXIDs=46, success=true
2021-08-10 12:16:30,630 [EventQueue-DeleteBlockStatusForDeletedBlockLogImpl] DEBUG block.DeletedBlockLogImpl (DeletedBlockLogImpl.java:commitTransactions(224)) - Transaction txId=46 commit by dnId=ad4991cb-97ce-4dd6-b117-42e7f6b0816f for containerID=#46 failed. Corresponding entry not found.
2021-08-10 12:16:30,630 [EventQueue-DeleteBlockStatusForDeletedBlockLogImpl] DEBUG block.DeletedBlockLogImpl (DeletedBlockLogImpl.java:isTransactionFailed(278)) - Got block deletion ACK from datanode, TXIDs=47, success=true
2021-08-10 12:16:30,630 [EventQueue-DeleteBlockStatusForDeletedBlockLogImpl] DEBUG block.DeletedBlockLogImpl (DeletedBlockLogImpl.java:commitTransactions(224)) - Transaction txId=47 commit by dnId=ad4991cb-97ce-4dd6-b117-42e7f6b0816f for containerID=#47 failed. Corresponding entry not found.
2021-08-10 12:16:30,630 [EventQueue-DeleteBlockStatusForDeletedBlockLogImpl] DEBUG block.DeletedBlockLogImpl (DeletedBlockLogImpl.java:isTransactionFailed(278)) - Got block deletion ACK from datanode, TXIDs=48, success=true
2021-08-10 12:16:30,630 [EventQueue-DeleteBlockStatusForDeletedBlockLogImpl] DEBUG block.DeletedBlockLogImpl (DeletedBlockLogImpl.java:commitTransactions(224)) - Transaction txId=48 commit by dnId=ad4991cb-97ce-4dd6-b117-42e7f6b0816f for containerID=#48 failed. Corresponding entry not found.
2021-08-10 12:16:30,630 [EventQueue-DeleteBlockStatusForDeletedBlockLogImpl] DEBUG block.DeletedBlockLogImpl (DeletedBlockLogImpl.java:isTransactionFailed(278)) - Got block deletion ACK from datanode, TXIDs=49, success=true
2021-08-10 12:16:30,630 [EventQueue-DeleteBlockStatusForDeletedBlockLogImpl] DEBUG block.DeletedBlockLogImpl (DeletedBlockLogImpl.java:commitTransactions(224)) - Transaction txId=49 commit by dnId=ad4991cb-97ce-4dd6-b117-42e7f6b0816f for containerID=#49 failed. Corresponding entry not found.
2021-08-10 12:16:30,630 [EventQueue-DeleteBlockStatusForDeletedBlockLogImpl] DEBUG block.DeletedBlockLogImpl (DeletedBlockLogImpl.java:isTransactionFailed(278)) - Got block deletion ACK from datanode, TXIDs=50, success=true
2021-08-10 12:16:30,630 [EventQueue-DeleteBlockStatusForDeletedBlockLogImpl] DEBUG block.DeletedBlockLogImpl (DeletedBlockLogImpl.java:commitTransactions(224)) - Transaction txId=50 commit by dnId=ad4991cb-97ce-4dd6-b117-42e7f6b0816f for containerID=#50 failed. Corresponding entry not found.
2021-08-10 12:16:30,630 [EventQueue-DeleteBlockStatusForDeletedBlockLogImpl] DEBUG block.DeletedBlockLogImpl (DeletedBlockLogImpl.java:isTransactionFailed(278)) - Got block deletion ACK from datanode, TXIDs=51, success=true
2021-08-10 12:16:30,630 [EventQueue-DeleteBlockStatusForDeletedBlockLogImpl] DEBUG block.DeletedBlockLogImpl (DeletedBlockLogImpl.java:commitTransactions(224)) - Transaction txId=51 commit by dnId=ad4991cb-97ce-4dd6-b117-42e7f6b0816f for containerID=#51 failed. Corresponding entry not found.
2021-08-10 12:16:30,630 [EventQueue-DeleteBlockStatusForDeletedBlockLogImpl] DEBUG block.DeletedBlockLogImpl (DeletedBlockLogImpl.java:isTransactionFailed(278)) - Got block deletion ACK from datanode, TXIDs=52, success=true
2021-08-10 12:16:30,630 [EventQueue-DeleteBlockStatusForDeletedBlockLogImpl] DEBUG block.DeletedBlockLogImpl (DeletedBlockLogImpl.java:commitTransactions(224)) - Transaction txId=52 commit by dnId=ad4991cb-97ce-4dd6-b117-42e7f6b0816f for containerID=#52 failed. Corresponding entry not found.
2021-08-10 12:16:30,630 [EventQueue-DeleteBlockStatusForDeletedBlockLogImpl] DEBUG block.DeletedBlockLogImpl (DeletedBlockLogImpl.java:isTransactionFailed(278)) - Got block deletion ACK from datanode, TXIDs=53, success=true
2021-08-10 12:16:30,630 [EventQueue-DeleteBlockStatusForDeletedBlockLogImpl] DEBUG block.DeletedBlockLogImpl (DeletedBlockLogImpl.java:commitTransactions(224)) - Transaction txId=53 commit by dnId=ad4991cb-97ce-4dd6-b117-42e7f6b0816f for containerID=#53 failed. Corresponding entry not found.
2021-08-10 12:16:30,630 [EventQueue-DeleteBlockStatusForDeletedBlockLogImpl] DEBUG block.DeletedBlockLogImpl (DeletedBlockLogImpl.java:isTransactionFailed(278)) - Got block deletion ACK from datanode, TXIDs=54, success=true
2021-08-10 12:16:30,630 [EventQueue-DeleteBlockStatusForDeletedBlockLogImpl] DEBUG block.DeletedBlockLogImpl (DeletedBlockLogImpl.java:commitTransactions(224)) - Transaction txId=54 commit by dnId=ad4991cb-97ce-4dd6-b117-42e7f6b0816f for containerID=#54 failed. Corresponding entry not found.
2021-08-10 12:16:30,630 [EventQueue-DeleteBlockStatusForDeletedBlockLogImpl] DEBUG block.DeletedBlockLogImpl (DeletedBlockLogImpl.java:isTransactionFailed(278)) - Got block deletion ACK from datanode, TXIDs=55, success=true
2021-08-10 12:16:30,630 [EventQueue-DeleteBlockStatusForDeletedBlockLogImpl] DEBUG block.DeletedBlockLogImpl (DeletedBlockLogImpl.java:commitTransactions(224)) - Transaction txId=55 commit by dnId=ad4991cb-97ce-4dd6-b117-42e7f6b0816f for containerID=#55 failed. Corresponding entry not found.
2021-08-10 12:16:30,630 [EventQueue-DeleteBlockStatusForDeletedBlockLogImpl] DEBUG block.DeletedBlockLogImpl (DeletedBlockLogImpl.java:isTransactionFailed(278)) - Got block deletion ACK from datanode, TXIDs=56, success=true
2021-08-10 12:16:30,630 [EventQueue-DeleteBlockStatusForDeletedBlockLogImpl] DEBUG block.DeletedBlockLogImpl (DeletedBlockLogImpl.java:commitTransactions(224)) - Transaction txId=56 commit by dnId=ad4991cb-97ce-4dd6-b117-42e7f6b0816f for containerID=#56 failed. Corresponding entry not found.
2021-08-10 12:16:30,630 [EventQueue-DeleteBlockStatusForDeletedBlockLogImpl] DEBUG block.DeletedBlockLogImpl (DeletedBlockLogImpl.java:isTransactionFailed(278)) - Got block deletion ACK from datanode, TXIDs=10, success=true
2021-08-10 12:16:30,630 [EventQueue-DeleteBlockStatusForDeletedBlockLogImpl] DEBUG block.DeletedBlockLogImpl (DeletedBlockLogImpl.java:commitTransactions(224)) - Transaction txId=10 commit by dnId=ad4991cb-97ce-4dd6-b117-42e7f6b0816f for containerID=#10 failed. Corresponding entry not found.
2021-08-10 12:16:30,630 [EventQueue-DeleteBlockStatusForDeletedBlockLogImpl] DEBUG block.DeletedBlockLogImpl (DeletedBlockLogImpl.java:isTransactionFailed(278)) - Got block deletion ACK from datanode, TXIDs=11, success=true
2021-08-10 12:16:30,630 [EventQueue-DeleteBlockStatusForDeletedBlockLogImpl] DEBUG block.DeletedBlockLogImpl (DeletedBlockLogImpl.java:commitTransactions(224)) - Transaction txId=11 commit by dnId=ad4991cb-97ce-4dd6-b117-42e7f6b0816f for containerID=#11 failed. Corresponding entry not found.
2021-08-10 12:16:30,630 [EventQueue-DeleteBlockStatusForDeletedBlockLogImpl] DEBUG block.DeletedBlockLogImpl (DeletedBlockLogImpl.java:isTransactionFailed(278)) - Got block deletion ACK from datanode, TXIDs=12, success=true
2021-08-10 12:16:30,630 [EventQueue-DeleteBlockStatusForDeletedBlockLogImpl] DEBUG block.DeletedBlockLogImpl (DeletedBlockLogImpl.java:commitTransactions(224)) - Transaction txId=12 commit by dnId=ad4991cb-97ce-4dd6-b117-42e7f6b0816f for containerID=#12 failed. Corresponding entry not found.
2021-08-10 12:16:30,630 [EventQueue-DeleteBlockStatusForDeletedBlockLogImpl] DEBUG block.DeletedBlockLogImpl (DeletedBlockLogImpl.java:isTransactionFailed(278)) - Got block deletion ACK from datanode, TXIDs=13, success=true
2021-08-10 12:16:30,630 [EventQueue-DeleteBlockStatusForDeletedBlockLogImpl] DEBUG block.DeletedBlockLogImpl (DeletedBlockLogImpl.java:commitTransactions(224)) - Transaction txId=13 commit by dnId=ad4991cb-97ce-4dd6-b117-42e7f6b0816f for containerID=#13 failed. Corresponding entry not found.
2021-08-10 12:16:30,630 [EventQueue-DeleteBlockStatusForDeletedBlockLogImpl] DEBUG block.DeletedBlockLogImpl (DeletedBlockLogImpl.java:isTransactionFailed(278)) - Got block deletion ACK from datanode, TXIDs=14, success=true
2021-08-10 12:16:30,630 [EventQueue-DeleteBlockStatusForDeletedBlockLogImpl] DEBUG block.DeletedBlockLogImpl (DeletedBlockLogImpl.java:commitTransactions(224)) - Transaction txId=14 commit by dnId=ad4991cb-97ce-4dd6-b117-42e7f6b0816f for containerID=#14 failed. Corresponding entry not found.
2021-08-10 12:16:30,630 [EventQueue-DeleteBlockStatusForDeletedBlockLogImpl] DEBUG block.DeletedBlockLogImpl (DeletedBlockLogImpl.java:isTransactionFailed(278)) - Got block deletion ACK from datanode, TXIDs=15, success=true
2021-08-10 12:16:30,630 [EventQueue-DeleteBlockStatusForDeletedBlockLogImpl] DEBUG block.DeletedBlockLogImpl (DeletedBlockLogImpl.java:commitTransactions(224)) - Transaction txId=15 commit by dnId=ad4991cb-97ce-4dd6-b117-42e7f6b0816f for containerID=#15 failed. Corresponding entry not found.
2021-08-10 12:16:30,630 [EventQueue-DeleteBlockStatusForDeletedBlockLogImpl] DEBUG block.DeletedBlockLogImpl (DeletedBlockLogImpl.java:isTransactionFailed(278)) - Got block deletion ACK from datanode, TXIDs=16, success=true
2021-08-10 12:16:30,630 [EventQueue-DeleteBlockStatusForDeletedBlockLogImpl] DEBUG block.DeletedBlockLogImpl (DeletedBlockLogImpl.java:commitTransactions(224)) - Transaction txId=16 commit by dnId=ad4991cb-97ce-4dd6-b117-42e7f6b0816f for containerID=#16 failed. Corresponding entry not found.
2021-08-10 12:16:30,630 [EventQueue-DeleteBlockStatusForDeletedBlockLogImpl] DEBUG block.DeletedBlockLogImpl (DeletedBlockLogImpl.java:isTransactionFailed(278)) - Got block deletion ACK from datanode, TXIDs=17, success=true
2021-08-10 12:16:30,630 [EventQueue-DeleteBlockStatusForDeletedBlockLogImpl] DEBUG block.DeletedBlockLogImpl (DeletedBlockLogImpl.java:commitTransactions(224)) - Transaction txId=17 commit by dnId=ad4991cb-97ce-4dd6-b117-42e7f6b0816f for containerID=#17 failed. Corresponding entry not found.
2021-08-10 12:16:30,630 [EventQueue-DeleteBlockStatusForDeletedBlockLogImpl] DEBUG block.DeletedBlockLogImpl (DeletedBlockLogImpl.java:isTransactionFailed(278)) - Got block deletion ACK from datanode, TXIDs=18, success=true
2021-08-10 12:16:30,630 [EventQueue-DeleteBlockStatusForDeletedBlockLogImpl] DEBUG block.DeletedBlockLogImpl (DeletedBlockLogImpl.java:commitTransactions(224)) - Transaction txId=18 commit by dnId=ad4991cb-97ce-4dd6-b117-42e7f6b0816f for containerID=#18 failed. Corresponding entry not found.
2021-08-10 12:16:30,630 [EventQueue-DeleteBlockStatusForDeletedBlockLogImpl] DEBUG block.DeletedBlockLogImpl (DeletedBlockLogImpl.java:isTransactionFailed(278)) - Got block deletion ACK from datanode, TXIDs=19, success=true
2021-08-10 12:16:30,630 [EventQueue-DeleteBlockStatusForDeletedBlockLogImpl] DEBUG block.DeletedBlockLogImpl (DeletedBlockLogImpl.java:commitTransactions(224)) - Transaction txId=19 commit by dnId=ad4991cb-97ce-4dd6-b117-42e7f6b0816f for containerID=#19 failed. Corresponding entry not found.
2021-08-10 12:16:30,630 [EventQueue-DeleteBlockStatusForDeletedBlockLogImpl] DEBUG block.DeletedBlockLogImpl (DeletedBlockLogImpl.java:isTransactionFailed(278)) - Got block deletion ACK from datanode, TXIDs=20, success=true
2021-08-10 12:16:30,630 [EventQueue-DeleteBlockStatusForDeletedBlockLogImpl] DEBUG block.DeletedBlockLogImpl (DeletedBlockLogImpl.java:commitTransactions(224)) - Transaction txId=20 commit by dnId=ad4991cb-97ce-4dd6-b117-42e7f6b0816f for containerID=#20 failed. Corresponding entry not found.
2021-08-10 12:16:30,631 [EventQueue-DeleteBlockStatusForDeletedBlockLogImpl] DEBUG block.DeletedBlockLogImpl (DeletedBlockLogImpl.java:isTransactionFailed(278)) - Got block deletion ACK from datanode, TXIDs=21, success=true
2021-08-10 12:16:30,631 [EventQueue-DeleteBlockStatusForDeletedBlockLogImpl] DEBUG block.DeletedBlockLogImpl (DeletedBlockLogImpl.java:commitTransactions(224)) - Transaction txId=21 commit by dnId=ad4991cb-97ce-4dd6-b117-42e7f6b0816f for containerID=#21 failed. Corresponding entry not found.
2021-08-10 12:16:30,631 [EventQueue-DeleteBlockStatusForDeletedBlockLogImpl] DEBUG block.DeletedBlockLogImpl (DeletedBlockLogImpl.java:isTransactionFailed(278)) - Got block deletion ACK from datanode, TXIDs=22, success=true
2021-08-10 12:16:30,631 [EventQueue-DeleteBlockStatusForDeletedBlockLogImpl] DEBUG block.DeletedBlockLogImpl (DeletedBlockLogImpl.java:commitTransactions(224)) - Transaction txId=22 commit by dnId=ad4991cb-97ce-4dd6-b117-42e7f6b0816f for containerID=#22 failed. Corresponding entry not found.
2021-08-10 12:16:30,631 [EventQueue-DeleteBlockStatusForDeletedBlockLogImpl] DEBUG block.DeletedBlockLogImpl (DeletedBlockLogImpl.java:isTransactionFailed(278)) - Got block deletion ACK from datanode, TXIDs=23, success=true
2021-08-10 12:16:30,631 [EventQueue-DeleteBlockStatusForDeletedBlockLogImpl] DEBUG block.DeletedBlockLogImpl (DeletedBlockLogImpl.java:commitTransactions(224)) - Transaction txId=23 commit by dnId=ad4991cb-97ce-4dd6-b117-42e7f6b0816f for containerID=#23 failed. Corresponding entry not found.
2021-08-10 12:16:30,631 [EventQueue-DeleteBlockStatusForDeletedBlockLogImpl] DEBUG block.DeletedBlockLogImpl (DeletedBlockLogImpl.java:isTransactionFailed(278)) - Got block deletion ACK from datanode, TXIDs=24, success=true
2021-08-10 12:16:30,631 [EventQueue-DeleteBlockStatusForDeletedBlockLogImpl] DEBUG block.DeletedBlockLogImpl (DeletedBlockLogImpl.java:commitTransactions(224)) - Transaction txId=24 commit by dnId=ad4991cb-97ce-4dd6-b117-42e7f6b0816f for containerID=#24 failed. Corresponding entry not found.
2021-08-10 12:16:30,631 [EventQueue-DeleteBlockStatusForDeletedBlockLogImpl] DEBUG block.DeletedBlockLogImpl (DeletedBlockLogImpl.java:isTransactionFailed(278)) - Got block deletion ACK from datanode, TXIDs=25, success=true
2021-08-10 12:16:30,631 [EventQueue-DeleteBlockStatusForDeletedBlockLogImpl] DEBUG block.DeletedBlockLogImpl (DeletedBlockLogImpl.java:commitTransactions(224)) - Transaction txId=25 commit by dnId=ad4991cb-97ce-4dd6-b117-42e7f6b0816f for containerID=#25 failed. Corresponding entry not found.
2021-08-10 12:16:30,631 [EventQueue-DeleteBlockStatusForDeletedBlockLogImpl] DEBUG block.DeletedBlockLogImpl (DeletedBlockLogImpl.java:isTransactionFailed(278)) - Got block deletion ACK from datanode, TXIDs=26, success=true
2021-08-10 12:16:30,631 [EventQueue-DeleteBlockStatusForDeletedBlockLogImpl] DEBUG block.DeletedBlockLogImpl (DeletedBlockLogImpl.java:commitTransactions(224)) - Transaction txId=26 commit by dnId=ad4991cb-97ce-4dd6-b117-42e7f6b0816f for containerID=#26 failed. Corresponding entry not found.
2021-08-10 12:16:30,631 [EventQueue-DeleteBlockStatusForDeletedBlockLogImpl] DEBUG block.DeletedBlockLogImpl (DeletedBlockLogImpl.java:isTransactionFailed(278)) - Got block deletion ACK from datanode, TXIDs=27, success=true
2021-08-10 12:16:30,631 [EventQueue-DeleteBlockStatusForDeletedBlockLogImpl] DEBUG block.DeletedBlockLogImpl (DeletedBlockLogImpl.java:commitTransactions(224)) - Transaction txId=27 commit by dnId=ad4991cb-97ce-4dd6-b117-42e7f6b0816f for containerID=#27 failed. Corresponding entry not found.
2021-08-10 12:16:30,631 [EventQueue-DeleteBlockStatusForDeletedBlockLogImpl] DEBUG block.DeletedBlockLogImpl (DeletedBlockLogImpl.java:isTransactionFailed(278)) - Got block deletion ACK from datanode, TXIDs=28, success=true
2021-08-10 12:16:30,631 [EventQueue-DeleteBlockStatusForDeletedBlockLogImpl] DEBUG block.DeletedBlockLogImpl (DeletedBlockLogImpl.java:commitTransactions(224)) - Transaction txId=28 commit by dnId=ad4991cb-97ce-4dd6-b117-42e7f6b0816f for containerID=#28 failed. Corresponding entry not found.
2021-08-10 12:16:30,631 [EventQueue-DeleteBlockStatusForDeletedBlockLogImpl] DEBUG block.DeletedBlockLogImpl (DeletedBlockLogImpl.java:isTransactionFailed(278)) - Got block deletion ACK from datanode, TXIDs=29, success=true
2021-08-10 12:16:30,631 [EventQueue-DeleteBlockStatusForDeletedBlockLogImpl] DEBUG block.DeletedBlockLogImpl (DeletedBlockLogImpl.java:commitTransactions(224)) - Transaction txId=29 commit by dnId=ad4991cb-97ce-4dd6-b117-42e7f6b0816f for containerID=#29 failed. Corresponding entry not found.
2021-08-10 12:16:30,631 [EventQueue-DeleteBlockStatusForDeletedBlockLogImpl] DEBUG block.DeletedBlockLogImpl (DeletedBlockLogImpl.java:isTransactionFailed(278)) - Got block deletion ACK from datanode, TXIDs=30, success=true
2021-08-10 12:16:30,631 [EventQueue-DeleteBlockStatusForDeletedBlockLogImpl] DEBUG block.DeletedBlockLogImpl (DeletedBlockLogImpl.java:commitTransactions(224)) - Transaction txId=30 commit by dnId=ad4991cb-97ce-4dd6-b117-42e7f6b0816f for containerID=#30 failed. Corresponding entry not found.
2021-08-10 12:16:30,631 [EventQueue-DeleteBlockStatusForDeletedBlockLogImpl] DEBUG block.DeletedBlockLogImpl (DeletedBlockLogImpl.java:isTransactionFailed(278)) - Got block deletion ACK from datanode, TXIDs=31, success=true
2021-08-10 12:16:30,631 [EventQueue-DeleteBlockStatusForDeletedBlockLogImpl] DEBUG block.DeletedBlockLogImpl (DeletedBlockLogImpl.java:commitTransactions(224)) - Transaction txId=31 commit by dnId=ad4991cb-97ce-4dd6-b117-42e7f6b0816f for containerID=#31 failed. Corresponding entry not found.
2021-08-10 12:16:30,631 [EventQueue-DeleteBlockStatusForDeletedBlockLogImpl] DEBUG block.DeletedBlockLogImpl (DeletedBlockLogImpl.java:isTransactionFailed(278)) - Got block deletion ACK from datanode, TXIDs=32, success=true
2021-08-10 12:16:30,631 [EventQueue-DeleteBlockStatusForDeletedBlockLogImpl] DEBUG block.DeletedBlockLogImpl (DeletedBlockLogImpl.java:commitTransactions(224)) - Transaction txId=32 commit by dnId=ad4991cb-97ce-4dd6-b117-42e7f6b0816f for containerID=#32 failed. Corresponding entry not found.
2021-08-10 12:16:30,631 [EventQueue-DeleteBlockStatusForDeletedBlockLogImpl] DEBUG block.DeletedBlockLogImpl (DeletedBlockLogImpl.java:isTransactionFailed(278)) - Got block deletion ACK from datanode, TXIDs=33, success=true
2021-08-10 12:16:30,631 [EventQueue-DeleteBlockStatusForDeletedBlockLogImpl] DEBUG block.DeletedBlockLogImpl (DeletedBlockLogImpl.java:commitTransactions(224)) - Transaction txId=33 commit by dnId=ad4991cb-97ce-4dd6-b117-42e7f6b0816f for containerID=#33 failed. Corresponding entry not found.
2021-08-10 12:16:30,631 [EventQueue-DeleteBlockStatusForDeletedBlockLogImpl] DEBUG block.DeletedBlockLogImpl (DeletedBlockLogImpl.java:isTransactionFailed(278)) - Got block deletion ACK from datanode, TXIDs=34, success=true
2021-08-10 12:16:30,631 [EventQueue-DeleteBlockStatusForDeletedBlockLogImpl] DEBUG block.DeletedBlockLogImpl (DeletedBlockLogImpl.java:commitTransactions(224)) - Transaction txId=34 commit by dnId=ad4991cb-97ce-4dd6-b117-42e7f6b0816f for containerID=#34 failed. Corresponding entry not found.
2021-08-10 12:16:30,631 [EventQueue-DeleteBlockStatusForDeletedBlockLogImpl] DEBUG block.DeletedBlockLogImpl (DeletedBlockLogImpl.java:isTransactionFailed(278)) - Got block deletion ACK from datanode, TXIDs=35, success=true
2021-08-10 12:16:30,631 [EventQueue-DeleteBlockStatusForDeletedBlockLogImpl] DEBUG block.DeletedBlockLogImpl (DeletedBlockLogImpl.java:commitTransactions(224)) - Transaction txId=35 commit by dnId=ad4991cb-97ce-4dd6-b117-42e7f6b0816f for containerID=#35 failed. Corresponding entry not found.
2021-08-10 12:16:30,631 [EventQueue-DeleteBlockStatusForDeletedBlockLogImpl] DEBUG block.DeletedBlockLogImpl (DeletedBlockLogImpl.java:isTransactionFailed(278)) - Got block deletion ACK from datanode, TXIDs=36, success=true
2021-08-10 12:16:30,631 [EventQueue-DeleteBlockStatusForDeletedBlockLogImpl] DEBUG block.DeletedBlockLogImpl (DeletedBlockLogImpl.java:commitTransactions(224)) - Transaction txId=36 commit by dnId=ad4991cb-97ce-4dd6-b117-42e7f6b0816f for containerID=#36 failed. Corresponding entry not found.
2021-08-10 12:16:30,631 [EventQueue-DeleteBlockStatusForDeletedBlockLogImpl] DEBUG block.DeletedBlockLogImpl (DeletedBlockLogImpl.java:isTransactionFailed(278)) - Got block deletion ACK from datanode, TXIDs=37, success=true
2021-08-10 12:16:30,631 [EventQueue-DeleteBlockStatusForDeletedBlockLogImpl] DEBUG block.DeletedBlockLogImpl (DeletedBlockLogImpl.java:commitTransactions(224)) - Transaction txId=37 commit by dnId=ad4991cb-97ce-4dd6-b117-42e7f6b0816f for containerID=#37 failed. Corresponding entry not found.
2021-08-10 12:16:30,631 [EventQueue-DeleteBlockStatusForDeletedBlockLogImpl] DEBUG block.DeletedBlockLogImpl (DeletedBlockLogImpl.java:isTransactionFailed(278)) - Got block deletion ACK from datanode, TXIDs=38, success=true
2021-08-10 12:16:30,631 [EventQueue-DeleteBlockStatusForDeletedBlockLogImpl] DEBUG block.DeletedBlockLogImpl (DeletedBlockLogImpl.java:commitTransactions(224)) - Transaction txId=38 commit by dnId=ad4991cb-97ce-4dd6-b117-42e7f6b0816f for containerID=#38 failed. Corresponding entry not found.
2021-08-10 12:16:30,631 [EventQueue-DeleteBlockStatusForDeletedBlockLogImpl] DEBUG block.DeletedBlockLogImpl (DeletedBlockLogImpl.java:isTransactionFailed(278)) - Got block deletion ACK from datanode, TXIDs=39, success=true
2021-08-10 12:16:30,631 [EventQueue-DeleteBlockStatusForDeletedBlockLogImpl] DEBUG block.DeletedBlockLogImpl (DeletedBlockLogImpl.java:commitTransactions(224)) - Transaction txId=39 commit by dnId=ad4991cb-97ce-4dd6-b117-42e7f6b0816f for containerID=#39 failed. Corresponding entry not found.
2021-08-10 12:16:30,631 [EventQueue-DeleteBlockStatusForDeletedBlockLogImpl] DEBUG block.DeletedBlockLogImpl (DeletedBlockLogImpl.java:isTransactionFailed(278)) - Got block deletion ACK from datanode, TXIDs=40, success=true
2021-08-10 12:16:30,631 [EventQueue-DeleteBlockStatusForDeletedBlockLogImpl] DEBUG block.DeletedBlockLogImpl (DeletedBlockLogImpl.java:commitTransactions(224)) - Transaction txId=40 commit by dnId=ad4991cb-97ce-4dd6-b117-42e7f6b0816f for containerID=#40 failed. Corresponding entry not found.
2021-08-10 12:16:30,631 [EventQueue-DeleteBlockStatusForDeletedBlockLogImpl] DEBUG block.DeletedBlockLogImpl (DeletedBlockLogImpl.java:isTransactionFailed(278)) - Got block deletion ACK from datanode, TXIDs=41, success=true
2021-08-10 12:16:30,631 [EventQueue-DeleteBlockStatusForDeletedBlockLogImpl] DEBUG block.DeletedBlockLogImpl (DeletedBlockLogImpl.java:commitTransactions(224)) - Transaction txId=41 commit by dnId=ad4991cb-97ce-4dd6-b117-42e7f6b0816f for containerID=#41 failed. Corresponding entry not found.
2021-08-10 12:16:30,631 [EventQueue-DeleteBlockStatusForDeletedBlockLogImpl] DEBUG block.DeletedBlockLogImpl (DeletedBlockLogImpl.java:isTransactionFailed(278)) - Got block deletion ACK from datanode, TXIDs=42, success=true
2021-08-10 12:16:30,631 [EventQueue-DeleteBlockStatusForDeletedBlockLogImpl] DEBUG block.DeletedBlockLogImpl (DeletedBlockLogImpl.java:commitTransactions(224)) - Transaction txId=42 commit by dnId=ad4991cb-97ce-4dd6-b117-42e7f6b0816f for containerID=#42 failed. Corresponding entry not found.
2021-08-10 12:16:30,632 [EventQueue-DeleteBlockStatusForDeletedBlockLogImpl] DEBUG block.DeletedBlockLogImpl (DeletedBlockLogImpl.java:isTransactionFailed(278)) - Got block deletion ACK from datanode, TXIDs=43, success=true
2021-08-10 12:16:30,632 [EventQueue-DeleteBlockStatusForDeletedBlockLogImpl] DEBUG block.DeletedBlockLogImpl (DeletedBlockLogImpl.java:commitTransactions(224)) - Transaction txId=43 commit by dnId=ad4991cb-97ce-4dd6-b117-42e7f6b0816f for containerID=#43 failed. Corresponding entry not found.
2021-08-10 12:16:30,632 [EventQueue-DeleteBlockStatusForDeletedBlockLogImpl] DEBUG block.DeletedBlockLogImpl (DeletedBlockLogImpl.java:isTransactionFailed(278)) - Got block deletion ACK from datanode, TXIDs=44, success=true
2021-08-10 12:16:30,632 [EventQueue-DeleteBlockStatusForDeletedBlockLogImpl] DEBUG block.DeletedBlockLogImpl (DeletedBlockLogImpl.java:commitTransactions(224)) - Transaction txId=44 commit by dnId=ad4991cb-97ce-4dd6-b117-42e7f6b0816f for containerID=#44 failed. Corresponding entry not found.
2021-08-10 12:16:30,632 [EventQueue-DeleteBlockStatusForDeletedBlockLogImpl] DEBUG block.DeletedBlockLogImpl (DeletedBlockLogImpl.java:isTransactionFailed(278)) - Got block deletion ACK from datanode, TXIDs=45, success=true
2021-08-10 12:16:30,632 [EventQueue-DeleteBlockStatusForDeletedBlockLogImpl] DEBUG block.DeletedBlockLogImpl (DeletedBlockLogImpl.java:commitTransactions(224)) - Transaction txId=45 commit by dnId=ad4991cb-97ce-4dd6-b117-42e7f6b0816f for containerID=#45 failed. Corresponding entry not found.
2021-08-10 12:16:30,632 [EventQueue-DeleteBlockStatusForDeletedBlockLogImpl] DEBUG block.DeletedBlockLogImpl (DeletedBlockLogImpl.java:isTransactionFailed(278)) - Got block deletion ACK from datanode, TXIDs=46, success=true
2021-08-10 12:16:30,632 [EventQueue-DeleteBlockStatusForDeletedBlockLogImpl] DEBUG block.DeletedBlockLogImpl (DeletedBlockLogImpl.java:commitTransactions(224)) - Transaction txId=46 commit by dnId=ad4991cb-97ce-4dd6-b117-42e7f6b0816f for containerID=#46 failed. Corresponding entry not found.
2021-08-10 12:16:30,632 [EventQueue-DeleteBlockStatusForDeletedBlockLogImpl] DEBUG block.DeletedBlockLogImpl (DeletedBlockLogImpl.java:isTransactionFailed(278)) - Got block deletion ACK from datanode, TXIDs=47, success=true
2021-08-10 12:16:30,632 [EventQueue-DeleteBlockStatusForDeletedBlockLogImpl] DEBUG block.DeletedBlockLogImpl (DeletedBlockLogImpl.java:commitTransactions(224)) - Transaction txId=47 commit by dnId=ad4991cb-97ce-4dd6-b117-42e7f6b0816f for containerID=#47 failed. Corresponding entry not found.
2021-08-10 12:16:30,632 [EventQueue-DeleteBlockStatusForDeletedBlockLogImpl] DEBUG block.DeletedBlockLogImpl (DeletedBlockLogImpl.java:isTransactionFailed(278)) - Got block deletion ACK from datanode, TXIDs=48, success=true
2021-08-10 12:16:30,632 [EventQueue-DeleteBlockStatusForDeletedBlockLogImpl] DEBUG block.DeletedBlockLogImpl (DeletedBlockLogImpl.java:commitTransactions(224)) - Transaction txId=48 commit by dnId=ad4991cb-97ce-4dd6-b117-42e7f6b0816f for containerID=#48 failed. Corresponding entry not found.
2021-08-10 12:16:30,632 [EventQueue-DeleteBlockStatusForDeletedBlockLogImpl] DEBUG block.DeletedBlockLogImpl (DeletedBlockLogImpl.java:isTransactionFailed(278)) - Got block deletion ACK from datanode, TXIDs=49, success=true
2021-08-10 12:16:30,632 [EventQueue-DeleteBlockStatusForDeletedBlockLogImpl] DEBUG block.DeletedBlockLogImpl (DeletedBlockLogImpl.java:commitTransactions(224)) - Transaction txId=49 commit by dnId=ad4991cb-97ce-4dd6-b117-42e7f6b0816f for containerID=#49 failed. Corresponding entry not found.
2021-08-10 12:16:30,632 [EventQueue-DeleteBlockStatusForDeletedBlockLogImpl] DEBUG block.DeletedBlockLogImpl (DeletedBlockLogImpl.java:isTransactionFailed(278)) - Got block deletion ACK from datanode, TXIDs=50, success=true
2021-08-10 12:16:30,632 [EventQueue-DeleteBlockStatusForDeletedBlockLogImpl] DEBUG block.DeletedBlockLogImpl (DeletedBlockLogImpl.java:commitTransactions(224)) - Transaction txId=50 commit by dnId=ad4991cb-97ce-4dd6-b117-42e7f6b0816f for containerID=#50 failed. Corresponding entry not found.
2021-08-10 12:16:30,632 [EventQueue-DeleteBlockStatusForDeletedBlockLogImpl] DEBUG block.DeletedBlockLogImpl (DeletedBlockLogImpl.java:isTransactionFailed(278)) - Got block deletion ACK from datanode, TXIDs=51, success=true
2021-08-10 12:16:30,632 [EventQueue-DeleteBlockStatusForDeletedBlockLogImpl] DEBUG block.DeletedBlockLogImpl (DeletedBlockLogImpl.java:commitTransactions(224)) - Transaction txId=51 commit by dnId=ad4991cb-97ce-4dd6-b117-42e7f6b0816f for containerID=#51 failed. Corresponding entry not found.
2021-08-10 12:16:30,632 [EventQueue-DeleteBlockStatusForDeletedBlockLogImpl] DEBUG block.DeletedBlockLogImpl (DeletedBlockLogImpl.java:isTransactionFailed(278)) - Got block deletion ACK from datanode, TXIDs=52, success=true
2021-08-10 12:16:30,632 [EventQueue-DeleteBlockStatusForDeletedBlockLogImpl] DEBUG block.DeletedBlockLogImpl (DeletedBlockLogImpl.java:commitTransactions(224)) - Transaction txId=52 commit by dnId=ad4991cb-97ce-4dd6-b117-42e7f6b0816f for containerID=#52 failed. Corresponding entry not found.
2021-08-10 12:16:30,632 [EventQueue-DeleteBlockStatusForDeletedBlockLogImpl] DEBUG block.DeletedBlockLogImpl (DeletedBlockLogImpl.java:isTransactionFailed(278)) - Got block deletion ACK from datanode, TXIDs=53, success=true
2021-08-10 12:16:30,632 [EventQueue-DeleteBlockStatusForDeletedBlockLogImpl] DEBUG block.DeletedBlockLogImpl (DeletedBlockLogImpl.java:commitTransactions(224)) - Transaction txId=53 commit by dnId=ad4991cb-97ce-4dd6-b117-42e7f6b0816f for containerID=#53 failed. Corresponding entry not found.
2021-08-10 12:16:30,632 [EventQueue-DeleteBlockStatusForDeletedBlockLogImpl] DEBUG block.DeletedBlockLogImpl (DeletedBlockLogImpl.java:isTransactionFailed(278)) - Got block deletion ACK from datanode, TXIDs=54, success=true
2021-08-10 12:16:30,632 [EventQueue-DeleteBlockStatusForDeletedBlockLogImpl] DEBUG block.DeletedBlockLogImpl (DeletedBlockLogImpl.java:commitTransactions(224)) - Transaction txId=54 commit by dnId=ad4991cb-97ce-4dd6-b117-42e7f6b0816f for containerID=#54 failed. Corresponding entry not found.
2021-08-10 12:16:30,632 [EventQueue-DeleteBlockStatusForDeletedBlockLogImpl] DEBUG block.DeletedBlockLogImpl (DeletedBlockLogImpl.java:isTransactionFailed(278)) - Got block deletion ACK from datanode, TXIDs=55, success=true
2021-08-10 12:16:30,632 [EventQueue-DeleteBlockStatusForDeletedBlockLogImpl] DEBUG block.DeletedBlockLogImpl (DeletedBlockLogImpl.java:commitTransactions(224)) - Transaction txId=55 commit by dnId=ad4991cb-97ce-4dd6-b117-42e7f6b0816f for containerID=#55 failed. Corresponding entry not found.
2021-08-10 12:16:30,632 [EventQueue-DeleteBlockStatusForDeletedBlockLogImpl] DEBUG block.DeletedBlockLogImpl (DeletedBlockLogImpl.java:isTransactionFailed(278)) - Got block deletion ACK from datanode, TXIDs=56, success=true
2021-08-10 12:16:30,632 [EventQueue-DeleteBlockStatusForDeletedBlockLogImpl] DEBUG block.DeletedBlockLogImpl (DeletedBlockLogImpl.java:commitTransactions(224)) - Transaction txId=56 commit by dnId=ad4991cb-97ce-4dd6-b117-42e7f6b0816f for containerID=#56 failed. Corresponding entry not found.
2021-08-10 12:16:30,632 [EventQueue-DeleteBlockStatusForDeletedBlockLogImpl] DEBUG block.DeletedBlockLogImpl (DeletedBlockLogImpl.java:isTransactionFailed(278)) - Got block deletion ACK from datanode, TXIDs=10, success=true
2021-08-10 12:16:30,632 [EventQueue-DeleteBlockStatusForDeletedBlockLogImpl] DEBUG block.DeletedBlockLogImpl (DeletedBlockLogImpl.java:commitTransactions(224)) - Transaction txId=10 commit by dnId=ad4991cb-97ce-4dd6-b117-42e7f6b0816f for containerID=#10 failed. Corresponding entry not found.
2021-08-10 12:16:30,632 [EventQueue-DeleteBlockStatusForDeletedBlockLogImpl] DEBUG block.DeletedBlockLogImpl (DeletedBlockLogImpl.java:isTransactionFailed(278)) - Got block deletion ACK from datanode, TXIDs=11, success=true
2021-08-10 12:16:30,632 [EventQueue-DeleteBlockStatusForDeletedBlockLogImpl] DEBUG block.DeletedBlockLogImpl (DeletedBlockLogImpl.java:commitTransactions(224)) - Transaction txId=11 commit by dnId=ad4991cb-97ce-4dd6-b117-42e7f6b0816f for containerID=#11 failed. Corresponding entry not found.
2021-08-10 12:16:30,632 [EventQueue-DeleteBlockStatusForDeletedBlockLogImpl] DEBUG block.DeletedBlockLogImpl (DeletedBlockLogImpl.java:isTransactionFailed(278)) - Got block deletion ACK from datanode, TXIDs=12, success=true
2021-08-10 12:16:30,632 [EventQueue-DeleteBlockStatusForDeletedBlockLogImpl] DEBUG block.DeletedBlockLogImpl (DeletedBlockLogImpl.java:commitTransactions(224)) - Transaction txId=12 commit by dnId=ad4991cb-97ce-4dd6-b117-42e7f6b0816f for containerID=#12 failed. Corresponding entry not found.
2021-08-10 12:16:30,632 [EventQueue-DeleteBlockStatusForDeletedBlockLogImpl] DEBUG block.DeletedBlockLogImpl (DeletedBlockLogImpl.java:isTransactionFailed(278)) - Got block deletion ACK from datanode, TXIDs=13, success=true
2021-08-10 12:16:30,632 [EventQueue-DeleteBlockStatusForDeletedBlockLogImpl] DEBUG block.DeletedBlockLogImpl (DeletedBlockLogImpl.java:commitTransactions(224)) - Transaction txId=13 commit by dnId=ad4991cb-97ce-4dd6-b117-42e7f6b0816f for containerID=#13 failed. Corresponding entry not found.
2021-08-10 12:16:30,632 [EventQueue-DeleteBlockStatusForDeletedBlockLogImpl] DEBUG block.DeletedBlockLogImpl (DeletedBlockLogImpl.java:isTransactionFailed(278)) - Got block deletion ACK from datanode, TXIDs=14, success=true
2021-08-10 12:16:30,632 [EventQueue-DeleteBlockStatusForDeletedBlockLogImpl] DEBUG block.DeletedBlockLogImpl (DeletedBlockLogImpl.java:commitTransactions(224)) - Transaction txId=14 commit by dnId=ad4991cb-97ce-4dd6-b117-42e7f6b0816f for containerID=#14 failed. Corresponding entry not found.
2021-08-10 12:16:30,632 [EventQueue-DeleteBlockStatusForDeletedBlockLogImpl] DEBUG block.DeletedBlockLogImpl (DeletedBlockLogImpl.java:isTransactionFailed(278)) - Got block deletion ACK from datanode, TXIDs=15, success=true
2021-08-10 12:16:30,632 [EventQueue-DeleteBlockStatusForDeletedBlockLogImpl] DEBUG block.DeletedBlockLogImpl (DeletedBlockLogImpl.java:commitTransactions(224)) - Transaction txId=15 commit by dnId=ad4991cb-97ce-4dd6-b117-42e7f6b0816f for containerID=#15 failed. Corresponding entry not found.
2021-08-10 12:16:30,632 [EventQueue-DeleteBlockStatusForDeletedBlockLogImpl] DEBUG block.DeletedBlockLogImpl (DeletedBlockLogImpl.java:isTransactionFailed(278)) - Got block deletion ACK from datanode, TXIDs=16, success=true
2021-08-10 12:16:30,632 [EventQueue-DeleteBlockStatusForDeletedBlockLogImpl] DEBUG block.DeletedBlockLogImpl (DeletedBlockLogImpl.java:commitTransactions(224)) - Transaction txId=16 commit by dnId=ad4991cb-97ce-4dd6-b117-42e7f6b0816f for containerID=#16 failed. Corresponding entry not found.
2021-08-10 12:16:30,632 [EventQueue-DeleteBlockStatusForDeletedBlockLogImpl] DEBUG block.DeletedBlockLogImpl (DeletedBlockLogImpl.java:isTransactionFailed(278)) - Got block deletion ACK from datanode, TXIDs=17, success=true
2021-08-10 12:16:30,632 [EventQueue-DeleteBlockStatusForDeletedBlockLogImpl] DEBUG block.DeletedBlockLogImpl (DeletedBlockLogImpl.java:commitTransactions(224)) - Transaction txId=17 commit by dnId=ad4991cb-97ce-4dd6-b117-42e7f6b0816f for containerID=#17 failed. Corresponding entry not found.
2021-08-10 12:16:30,632 [EventQueue-DeleteBlockStatusForDeletedBlockLogImpl] DEBUG block.DeletedBlockLogImpl (DeletedBlockLogImpl.java:isTransactionFailed(278)) - Got block deletion ACK from datanode, TXIDs=18, success=true
2021-08-10 12:16:30,633 [EventQueue-DeleteBlockStatusForDeletedBlockLogImpl] DEBUG block.DeletedBlockLogImpl (DeletedBlockLogImpl.java:commitTransactions(224)) - Transaction txId=18 commit by dnId=ad4991cb-97ce-4dd6-b117-42e7f6b0816f for containerID=#18 failed. Corresponding entry not found.
2021-08-10 12:16:30,633 [EventQueue-DeleteBlockStatusForDeletedBlockLogImpl] DEBUG block.DeletedBlockLogImpl (DeletedBlockLogImpl.java:isTransactionFailed(278)) - Got block deletion ACK from datanode, TXIDs=19, success=true
2021-08-10 12:16:30,633 [EventQueue-DeleteBlockStatusForDeletedBlockLogImpl] DEBUG block.DeletedBlockLogImpl (DeletedBlockLogImpl.java:commitTransactions(224)) - Transaction txId=19 commit by dnId=ad4991cb-97ce-4dd6-b117-42e7f6b0816f for containerID=#19 failed. Corresponding entry not found.
2021-08-10 12:16:30,633 [EventQueue-DeleteBlockStatusForDeletedBlockLogImpl] DEBUG block.DeletedBlockLogImpl (DeletedBlockLogImpl.java:isTransactionFailed(278)) - Got block deletion ACK from datanode, TXIDs=20, success=true
2021-08-10 12:16:30,633 [EventQueue-DeleteBlockStatusForDeletedBlockLogImpl] DEBUG block.DeletedBlockLogImpl (DeletedBlockLogImpl.java:commitTransactions(224)) - Transaction txId=20 commit by dnId=ad4991cb-97ce-4dd6-b117-42e7f6b0816f for containerID=#20 failed. Corresponding entry not found.
2021-08-10 12:16:30,633 [EventQueue-DeleteBlockStatusForDeletedBlockLogImpl] DEBUG block.DeletedBlockLogImpl (DeletedBlockLogImpl.java:isTransactionFailed(278)) - Got block deletion ACK from datanode, TXIDs=21, success=true
2021-08-10 12:16:30,633 [EventQueue-DeleteBlockStatusForDeletedBlockLogImpl] DEBUG block.DeletedBlockLogImpl (DeletedBlockLogImpl.java:commitTransactions(224)) - Transaction txId=21 commit by dnId=ad4991cb-97ce-4dd6-b117-42e7f6b0816f for containerID=#21 failed. Corresponding entry not found.
2021-08-10 12:16:30,633 [EventQueue-DeleteBlockStatusForDeletedBlockLogImpl] DEBUG block.DeletedBlockLogImpl (DeletedBlockLogImpl.java:isTransactionFailed(278)) - Got block deletion ACK from datanode, TXIDs=22, success=true
2021-08-10 12:16:30,633 [EventQueue-DeleteBlockStatusForDeletedBlockLogImpl] DEBUG block.DeletedBlockLogImpl (DeletedBlockLogImpl.java:commitTransactions(224)) - Transaction txId=22 commit by dnId=ad4991cb-97ce-4dd6-b117-42e7f6b0816f for containerID=#22 failed. Corresponding entry not found.
2021-08-10 12:16:30,633 [EventQueue-DeleteBlockStatusForDeletedBlockLogImpl] DEBUG block.DeletedBlockLogImpl (DeletedBlockLogImpl.java:isTransactionFailed(278)) - Got block deletion ACK from datanode, TXIDs=23, success=true
2021-08-10 12:16:30,633 [EventQueue-DeleteBlockStatusForDeletedBlockLogImpl] DEBUG block.DeletedBlockLogImpl (DeletedBlockLogImpl.java:commitTransactions(224)) - Transaction txId=23 commit by dnId=ad4991cb-97ce-4dd6-b117-42e7f6b0816f for containerID=#23 failed. Corresponding entry not found.
2021-08-10 12:16:30,633 [EventQueue-DeleteBlockStatusForDeletedBlockLogImpl] DEBUG block.DeletedBlockLogImpl (DeletedBlockLogImpl.java:isTransactionFailed(278)) - Got block deletion ACK from datanode, TXIDs=24, success=true
2021-08-10 12:16:30,633 [EventQueue-DeleteBlockStatusForDeletedBlockLogImpl] DEBUG block.DeletedBlockLogImpl (DeletedBlockLogImpl.java:commitTransactions(224)) - Transaction txId=24 commit by dnId=ad4991cb-97ce-4dd6-b117-42e7f6b0816f for containerID=#24 failed. Corresponding entry not found.
2021-08-10 12:16:30,633 [EventQueue-DeleteBlockStatusForDeletedBlockLogImpl] DEBUG block.DeletedBlockLogImpl (DeletedBlockLogImpl.java:isTransactionFailed(278)) - Got block deletion ACK from datanode, TXIDs=25, success=true
2021-08-10 12:16:30,633 [EventQueue-DeleteBlockStatusForDeletedBlockLogImpl] DEBUG block.DeletedBlockLogImpl (DeletedBlockLogImpl.java:commitTransactions(224)) - Transaction txId=25 commit by dnId=ad4991cb-97ce-4dd6-b117-42e7f6b0816f for containerID=#25 failed. Corresponding entry not found.
2021-08-10 12:16:30,633 [EventQueue-DeleteBlockStatusForDeletedBlockLogImpl] DEBUG block.DeletedBlockLogImpl (DeletedBlockLogImpl.java:isTransactionFailed(278)) - Got block deletion ACK from datanode, TXIDs=26, success=true
2021-08-10 12:16:30,633 [EventQueue-DeleteBlockStatusForDeletedBlockLogImpl] DEBUG block.DeletedBlockLogImpl (DeletedBlockLogImpl.java:commitTransactions(224)) - Transaction txId=26 commit by dnId=ad4991cb-97ce-4dd6-b117-42e7f6b0816f for containerID=#26 failed. Corresponding entry not found.
2021-08-10 12:16:30,633 [EventQueue-DeleteBlockStatusForDeletedBlockLogImpl] DEBUG block.DeletedBlockLogImpl (DeletedBlockLogImpl.java:isTransactionFailed(278)) - Got block deletion ACK from datanode, TXIDs=27, success=true
2021-08-10 12:16:30,633 [EventQueue-DeleteBlockStatusForDeletedBlockLogImpl] DEBUG block.DeletedBlockLogImpl (DeletedBlockLogImpl.java:commitTransactions(224)) - Transaction txId=27 commit by dnId=ad4991cb-97ce-4dd6-b117-42e7f6b0816f for containerID=#27 failed. Corresponding entry not found.
2021-08-10 12:16:30,633 [EventQueue-DeleteBlockStatusForDeletedBlockLogImpl] DEBUG block.DeletedBlockLogImpl (DeletedBlockLogImpl.java:isTransactionFailed(278)) - Got block deletion ACK from datanode, TXIDs=28, success=true
2021-08-10 12:16:30,633 [EventQueue-DeleteBlockStatusForDeletedBlockLogImpl] DEBUG block.DeletedBlockLogImpl (DeletedBlockLogImpl.java:commitTransactions(224)) - Transaction txId=28 commit by dnId=ad4991cb-97ce-4dd6-b117-42e7f6b0816f for containerID=#28 failed. Corresponding entry not found.
2021-08-10 12:16:30,633 [EventQueue-DeleteBlockStatusForDeletedBlockLogImpl] DEBUG block.DeletedBlockLogImpl (DeletedBlockLogImpl.java:isTransactionFailed(278)) - Got block deletion ACK from datanode, TXIDs=29, success=true
2021-08-10 12:16:30,633 [EventQueue-DeleteBlockStatusForDeletedBlockLogImpl] DEBUG block.DeletedBlockLogImpl (DeletedBlockLogImpl.java:commitTransactions(224)) - Transaction txId=29 commit by dnId=ad4991cb-97ce-4dd6-b117-42e7f6b0816f for containerID=#29 failed. Corresponding entry not found.
2021-08-10 12:16:30,633 [EventQueue-DeleteBlockStatusForDeletedBlockLogImpl] DEBUG block.DeletedBlockLogImpl (DeletedBlockLogImpl.java:isTransactionFailed(278)) - Got block deletion ACK from datanode, TXIDs=30, success=true
2021-08-10 12:16:30,633 [EventQueue-DeleteBlockStatusForDeletedBlockLogImpl] DEBUG block.DeletedBlockLogImpl (DeletedBlockLogImpl.java:commitTransactions(224)) - Transaction txId=30 commit by dnId=ad4991cb-97ce-4dd6-b117-42e7f6b0816f for containerID=#30 failed. Corresponding entry not found.
2021-08-10 12:16:30,633 [EventQueue-DeleteBlockStatusForDeletedBlockLogImpl] DEBUG block.DeletedBlockLogImpl (DeletedBlockLogImpl.java:isTransactionFailed(278)) - Got block deletion ACK from datanode, TXIDs=31, success=true
2021-08-10 12:16:30,633 [EventQueue-DeleteBlockStatusForDeletedBlockLogImpl] DEBUG block.DeletedBlockLogImpl (DeletedBlockLogImpl.java:commitTransactions(224)) - Transaction txId=31 commit by dnId=ad4991cb-97ce-4dd6-b117-42e7f6b0816f for containerID=#31 failed. Corresponding entry not found.
2021-08-10 12:16:30,633 [EventQueue-DeleteBlockStatusForDeletedBlockLogImpl] DEBUG block.DeletedBlockLogImpl (DeletedBlockLogImpl.java:isTransactionFailed(278)) - Got block deletion ACK from datanode, TXIDs=32, success=true
2021-08-10 12:16:30,633 [EventQueue-DeleteBlockStatusForDeletedBlockLogImpl] DEBUG block.DeletedBlockLogImpl (DeletedBlockLogImpl.java:commitTransactions(224)) - Transaction txId=32 commit by dnId=ad4991cb-97ce-4dd6-b117-42e7f6b0816f for containerID=#32 failed. Corresponding entry not found.
2021-08-10 12:16:30,633 [EventQueue-DeleteBlockStatusForDeletedBlockLogImpl] DEBUG block.DeletedBlockLogImpl (DeletedBlockLogImpl.java:isTransactionFailed(278)) - Got block deletion ACK from datanode, TXIDs=33, success=true
2021-08-10 12:16:30,633 [EventQueue-DeleteBlockStatusForDeletedBlockLogImpl] DEBUG block.DeletedBlockLogImpl (DeletedBlockLogImpl.java:commitTransactions(224)) - Transaction txId=33 commit by dnId=ad4991cb-97ce-4dd6-b117-42e7f6b0816f for containerID=#33 failed. Corresponding entry not found.
2021-08-10 12:16:30,633 [EventQueue-DeleteBlockStatusForDeletedBlockLogImpl] DEBUG block.DeletedBlockLogImpl (DeletedBlockLogImpl.java:isTransactionFailed(278)) - Got block deletion ACK from datanode, TXIDs=34, success=true
2021-08-10 12:16:30,633 [EventQueue-DeleteBlockStatusForDeletedBlockLogImpl] DEBUG block.DeletedBlockLogImpl (DeletedBlockLogImpl.java:commitTransactions(224)) - Transaction txId=34 commit by dnId=ad4991cb-97ce-4dd6-b117-42e7f6b0816f for containerID=#34 failed. Corresponding entry not found.
2021-08-10 12:16:30,633 [EventQueue-DeleteBlockStatusForDeletedBlockLogImpl] DEBUG block.DeletedBlockLogImpl (DeletedBlockLogImpl.java:isTransactionFailed(278)) - Got block deletion ACK from datanode, TXIDs=35, success=true
2021-08-10 12:16:30,633 [EventQueue-DeleteBlockStatusForDeletedBlockLogImpl] DEBUG block.DeletedBlockLogImpl (DeletedBlockLogImpl.java:commitTransactions(224)) - Transaction txId=35 commit by dnId=ad4991cb-97ce-4dd6-b117-42e7f6b0816f for containerID=#35 failed. Corresponding entry not found.
2021-08-10 12:16:30,633 [EventQueue-DeleteBlockStatusForDeletedBlockLogImpl] DEBUG block.DeletedBlockLogImpl (DeletedBlockLogImpl.java:isTransactionFailed(278)) - Got block deletion ACK from datanode, TXIDs=36, success=true
2021-08-10 12:16:30,633 [EventQueue-DeleteBlockStatusForDeletedBlockLogImpl] DEBUG block.DeletedBlockLogImpl (DeletedBlockLogImpl.java:commitTransactions(224)) - Transaction txId=36 commit by dnId=ad4991cb-97ce-4dd6-b117-42e7f6b0816f for containerID=#36 failed. Corresponding entry not found.
2021-08-10 12:16:30,633 [EventQueue-DeleteBlockStatusForDeletedBlockLogImpl] DEBUG block.DeletedBlockLogImpl (DeletedBlockLogImpl.java:isTransactionFailed(278)) - Got block deletion ACK from datanode, TXIDs=37, success=true
2021-08-10 12:16:30,633 [EventQueue-DeleteBlockStatusForDeletedBlockLogImpl] DEBUG block.DeletedBlockLogImpl (DeletedBlockLogImpl.java:commitTransactions(224)) - Transaction txId=37 commit by dnId=ad4991cb-97ce-4dd6-b117-42e7f6b0816f for containerID=#37 failed. Corresponding entry not found.
2021-08-10 12:16:30,633 [EventQueue-DeleteBlockStatusForDeletedBlockLogImpl] DEBUG block.DeletedBlockLogImpl (DeletedBlockLogImpl.java:isTransactionFailed(278)) - Got block deletion ACK from datanode, TXIDs=38, success=true
2021-08-10 12:16:30,633 [EventQueue-DeleteBlockStatusForDeletedBlockLogImpl] DEBUG block.DeletedBlockLogImpl (DeletedBlockLogImpl.java:commitTransactions(224)) - Transaction txId=38 commit by dnId=ad4991cb-97ce-4dd6-b117-42e7f6b0816f for containerID=#38 failed. Corresponding entry not found.
2021-08-10 12:16:30,633 [EventQueue-DeleteBlockStatusForDeletedBlockLogImpl] DEBUG block.DeletedBlockLogImpl (DeletedBlockLogImpl.java:isTransactionFailed(278)) - Got block deletion ACK from datanode, TXIDs=39, success=true
2021-08-10 12:16:30,633 [EventQueue-DeleteBlockStatusForDeletedBlockLogImpl] DEBUG block.DeletedBlockLogImpl (DeletedBlockLogImpl.java:commitTransactions(224)) - Transaction txId=39 commit by dnId=ad4991cb-97ce-4dd6-b117-42e7f6b0816f for containerID=#39 failed. Corresponding entry not found.
2021-08-10 12:16:30,633 [EventQueue-DeleteBlockStatusForDeletedBlockLogImpl] DEBUG block.DeletedBlockLogImpl (DeletedBlockLogImpl.java:isTransactionFailed(278)) - Got block deletion ACK from datanode, TXIDs=40, success=true
2021-08-10 12:16:30,634 [EventQueue-DeleteBlockStatusForDeletedBlockLogImpl] DEBUG block.DeletedBlockLogImpl (DeletedBlockLogImpl.java:commitTransactions(224)) - Transaction txId=40 commit by dnId=ad4991cb-97ce-4dd6-b117-42e7f6b0816f for containerID=#40 failed. Corresponding entry not found.
2021-08-10 12:16:30,634 [EventQueue-DeleteBlockStatusForDeletedBlockLogImpl] DEBUG block.DeletedBlockLogImpl (DeletedBlockLogImpl.java:isTransactionFailed(278)) - Got block deletion ACK from datanode, TXIDs=41, success=true
2021-08-10 12:16:30,634 [EventQueue-DeleteBlockStatusForDeletedBlockLogImpl] DEBUG block.DeletedBlockLogImpl (DeletedBlockLogImpl.java:commitTransactions(224)) - Transaction txId=41 commit by dnId=ad4991cb-97ce-4dd6-b117-42e7f6b0816f for containerID=#41 failed. Corresponding entry not found.
2021-08-10 12:16:30,634 [EventQueue-DeleteBlockStatusForDeletedBlockLogImpl] DEBUG block.DeletedBlockLogImpl (DeletedBlockLogImpl.java:isTransactionFailed(278)) - Got block deletion ACK from datanode, TXIDs=42, success=true
2021-08-10 12:16:30,634 [EventQueue-DeleteBlockStatusForDeletedBlockLogImpl] DEBUG block.DeletedBlockLogImpl (DeletedBlockLogImpl.java:commitTransactions(224)) - Transaction txId=42 commit by dnId=ad4991cb-97ce-4dd6-b117-42e7f6b0816f for containerID=#42 failed. Corresponding entry not found.
2021-08-10 12:16:30,634 [EventQueue-DeleteBlockStatusForDeletedBlockLogImpl] DEBUG block.DeletedBlockLogImpl (DeletedBlockLogImpl.java:isTransactionFailed(278)) - Got block deletion ACK from datanode, TXIDs=43, success=true
2021-08-10 12:16:30,634 [EventQueue-DeleteBlockStatusForDeletedBlockLogImpl] DEBUG block.DeletedBlockLogImpl (DeletedBlockLogImpl.java:commitTransactions(224)) - Transaction txId=43 commit by dnId=ad4991cb-97ce-4dd6-b117-42e7f6b0816f for containerID=#43 failed. Corresponding entry not found.
2021-08-10 12:16:30,634 [EventQueue-DeleteBlockStatusForDeletedBlockLogImpl] DEBUG block.DeletedBlockLogImpl (DeletedBlockLogImpl.java:isTransactionFailed(278)) - Got block deletion ACK from datanode, TXIDs=44, success=true
2021-08-10 12:16:30,634 [EventQueue-DeleteBlockStatusForDeletedBlockLogImpl] DEBUG block.DeletedBlockLogImpl (DeletedBlockLogImpl.java:commitTransactions(224)) - Transaction txId=44 commit by dnId=ad4991cb-97ce-4dd6-b117-42e7f6b0816f for containerID=#44 failed. Corresponding entry not found.
2021-08-10 12:16:30,634 [EventQueue-DeleteBlockStatusForDeletedBlockLogImpl] DEBUG block.DeletedBlockLogImpl (DeletedBlockLogImpl.java:isTransactionFailed(278)) - Got block deletion ACK from datanode, TXIDs=45, success=true
2021-08-10 12:16:30,634 [EventQueue-DeleteBlockStatusForDeletedBlockLogImpl] DEBUG block.DeletedBlockLogImpl (DeletedBlockLogImpl.java:commitTransactions(224)) - Transaction txId=45 commit by dnId=ad4991cb-97ce-4dd6-b117-42e7f6b0816f for containerID=#45 failed. Corresponding entry not found.
2021-08-10 12:16:30,634 [EventQueue-DeleteBlockStatusForDeletedBlockLogImpl] DEBUG block.DeletedBlockLogImpl (DeletedBlockLogImpl.java:isTransactionFailed(278)) - Got block deletion ACK from datanode, TXIDs=46, success=true
2021-08-10 12:16:30,634 [EventQueue-DeleteBlockStatusForDeletedBlockLogImpl] DEBUG block.DeletedBlockLogImpl (DeletedBlockLogImpl.java:commitTransactions(224)) - Transaction txId=46 commit by dnId=ad4991cb-97ce-4dd6-b117-42e7f6b0816f for containerID=#46 failed. Corresponding entry not found.
2021-08-10 12:16:30,634 [EventQueue-DeleteBlockStatusForDeletedBlockLogImpl] DEBUG block.DeletedBlockLogImpl (DeletedBlockLogImpl.java:isTransactionFailed(278)) - Got block deletion ACK from datanode, TXIDs=47, success=true
2021-08-10 12:16:30,634 [EventQueue-DeleteBlockStatusForDeletedBlockLogImpl] DEBUG block.DeletedBlockLogImpl (DeletedBlockLogImpl.java:commitTransactions(224)) - Transaction txId=47 commit by dnId=ad4991cb-97ce-4dd6-b117-42e7f6b0816f for containerID=#47 failed. Corresponding entry not found.
2021-08-10 12:16:30,634 [EventQueue-DeleteBlockStatusForDeletedBlockLogImpl] DEBUG block.DeletedBlockLogImpl (DeletedBlockLogImpl.java:isTransactionFailed(278)) - Got block deletion ACK from datanode, TXIDs=48, success=true
2021-08-10 12:16:30,634 [EventQueue-DeleteBlockStatusForDeletedBlockLogImpl] DEBUG block.DeletedBlockLogImpl (DeletedBlockLogImpl.java:commitTransactions(224)) - Transaction txId=48 commit by dnId=ad4991cb-97ce-4dd6-b117-42e7f6b0816f for containerID=#48 failed. Corresponding entry not found.
2021-08-10 12:16:30,634 [EventQueue-DeleteBlockStatusForDeletedBlockLogImpl] DEBUG block.DeletedBlockLogImpl (DeletedBlockLogImpl.java:isTransactionFailed(278)) - Got block deletion ACK from datanode, TXIDs=49, success=true
2021-08-10 12:16:30,634 [EventQueue-DeleteBlockStatusForDeletedBlockLogImpl] DEBUG block.DeletedBlockLogImpl (DeletedBlockLogImpl.java:commitTransactions(224)) - Transaction txId=49 commit by dnId=ad4991cb-97ce-4dd6-b117-42e7f6b0816f for containerID=#49 failed. Corresponding entry not found.
2021-08-10 12:16:30,634 [EventQueue-DeleteBlockStatusForDeletedBlockLogImpl] DEBUG block.DeletedBlockLogImpl (DeletedBlockLogImpl.java:isTransactionFailed(278)) - Got block deletion ACK from datanode, TXIDs=50, success=true
2021-08-10 12:16:30,634 [EventQueue-DeleteBlockStatusForDeletedBlockLogImpl] DEBUG block.DeletedBlockLogImpl (DeletedBlockLogImpl.java:commitTransactions(224)) - Transaction txId=50 commit by dnId=ad4991cb-97ce-4dd6-b117-42e7f6b0816f for containerID=#50 failed. Corresponding entry not found.
2021-08-10 12:16:30,634 [EventQueue-DeleteBlockStatusForDeletedBlockLogImpl] DEBUG block.DeletedBlockLogImpl (DeletedBlockLogImpl.java:isTransactionFailed(278)) - Got block deletion ACK from datanode, TXIDs=51, success=true
2021-08-10 12:16:30,634 [EventQueue-DeleteBlockStatusForDeletedBlockLogImpl] DEBUG block.DeletedBlockLogImpl (DeletedBlockLogImpl.java:commitTransactions(224)) - Transaction txId=51 commit by dnId=ad4991cb-97ce-4dd6-b117-42e7f6b0816f for containerID=#51 failed. Corresponding entry not found.
2021-08-10 12:16:30,634 [EventQueue-DeleteBlockStatusForDeletedBlockLogImpl] DEBUG block.DeletedBlockLogImpl (DeletedBlockLogImpl.java:isTransactionFailed(278)) - Got block deletion ACK from datanode, TXIDs=52, success=true
2021-08-10 12:16:30,634 [EventQueue-DeleteBlockStatusForDeletedBlockLogImpl] DEBUG block.DeletedBlockLogImpl (DeletedBlockLogImpl.java:commitTransactions(224)) - Transaction txId=52 commit by dnId=ad4991cb-97ce-4dd6-b117-42e7f6b0816f for containerID=#52 failed. Corresponding entry not found.
2021-08-10 12:16:30,634 [EventQueue-DeleteBlockStatusForDeletedBlockLogImpl] DEBUG block.DeletedBlockLogImpl (DeletedBlockLogImpl.java:isTransactionFailed(278)) - Got block deletion ACK from datanode, TXIDs=53, success=true
2021-08-10 12:16:30,634 [EventQueue-DeleteBlockStatusForDeletedBlockLogImpl] DEBUG block.DeletedBlockLogImpl (DeletedBlockLogImpl.java:commitTransactions(224)) - Transaction txId=53 commit by dnId=ad4991cb-97ce-4dd6-b117-42e7f6b0816f for containerID=#53 failed. Corresponding entry not found.
2021-08-10 12:16:30,634 [EventQueue-DeleteBlockStatusForDeletedBlockLogImpl] DEBUG block.DeletedBlockLogImpl (DeletedBlockLogImpl.java:isTransactionFailed(278)) - Got block deletion ACK from datanode, TXIDs=54, success=true
2021-08-10 12:16:30,634 [EventQueue-DeleteBlockStatusForDeletedBlockLogImpl] DEBUG block.DeletedBlockLogImpl (DeletedBlockLogImpl.java:commitTransactions(224)) - Transaction txId=54 commit by dnId=ad4991cb-97ce-4dd6-b117-42e7f6b0816f for containerID=#54 failed. Corresponding entry not found.
2021-08-10 12:16:30,634 [EventQueue-DeleteBlockStatusForDeletedBlockLogImpl] DEBUG block.DeletedBlockLogImpl (DeletedBlockLogImpl.java:isTransactionFailed(278)) - Got block deletion ACK from datanode, TXIDs=55, success=true
2021-08-10 12:16:30,634 [EventQueue-DeleteBlockStatusForDeletedBlockLogImpl] DEBUG block.DeletedBlockLogImpl (DeletedBlockLogImpl.java:commitTransactions(224)) - Transaction txId=55 commit by dnId=ad4991cb-97ce-4dd6-b117-42e7f6b0816f for containerID=#55 failed. Corresponding entry not found.
2021-08-10 12:16:30,634 [EventQueue-DeleteBlockStatusForDeletedBlockLogImpl] DEBUG block.DeletedBlockLogImpl (DeletedBlockLogImpl.java:isTransactionFailed(278)) - Got block deletion ACK from datanode, TXIDs=56, success=true
2021-08-10 12:16:30,634 [EventQueue-DeleteBlockStatusForDeletedBlockLogImpl] DEBUG block.DeletedBlockLogImpl (DeletedBlockLogImpl.java:commitTransactions(224)) - Transaction txId=56 commit by dnId=ad4991cb-97ce-4dd6-b117-42e7f6b0816f for containerID=#56 failed. Corresponding entry not found.
2021-08-10 12:16:30,634 [EventQueue-DeleteBlockStatusForDeletedBlockLogImpl] DEBUG block.DeletedBlockLogImpl (DeletedBlockLogImpl.java:isTransactionFailed(278)) - Got block deletion ACK from datanode, TXIDs=10, success=true
2021-08-10 12:16:30,634 [EventQueue-DeleteBlockStatusForDeletedBlockLogImpl] DEBUG block.DeletedBlockLogImpl (DeletedBlockLogImpl.java:commitTransactions(224)) - Transaction txId=10 commit by dnId=ad4991cb-97ce-4dd6-b117-42e7f6b0816f for containerID=#10 failed. Corresponding entry not found.
2021-08-10 12:16:30,634 [EventQueue-DeleteBlockStatusForDeletedBlockLogImpl] DEBUG block.DeletedBlockLogImpl (DeletedBlockLogImpl.java:isTransactionFailed(278)) - Got block deletion ACK from datanode, TXIDs=11, success=true
2021-08-10 12:16:30,634 [EventQueue-DeleteBlockStatusForDeletedBlockLogImpl] DEBUG block.DeletedBlockLogImpl (DeletedBlockLogImpl.java:commitTransactions(224)) - Transaction txId=11 commit by dnId=ad4991cb-97ce-4dd6-b117-42e7f6b0816f for containerID=#11 failed. Corresponding entry not found.
2021-08-10 12:16:30,634 [EventQueue-DeleteBlockStatusForDeletedBlockLogImpl] DEBUG block.DeletedBlockLogImpl (DeletedBlockLogImpl.java:isTransactionFailed(278)) - Got block deletion ACK from datanode, TXIDs=12, success=true
2021-08-10 12:16:30,634 [EventQueue-DeleteBlockStatusForDeletedBlockLogImpl] DEBUG block.DeletedBlockLogImpl (DeletedBlockLogImpl.java:commitTransactions(224)) - Transaction txId=12 commit by dnId=ad4991cb-97ce-4dd6-b117-42e7f6b0816f for containerID=#12 failed. Corresponding entry not found.
2021-08-10 12:16:30,634 [EventQueue-DeleteBlockStatusForDeletedBlockLogImpl] DEBUG block.DeletedBlockLogImpl (DeletedBlockLogImpl.java:isTransactionFailed(278)) - Got block deletion ACK from datanode, TXIDs=13, success=true
2021-08-10 12:16:30,634 [EventQueue-DeleteBlockStatusForDeletedBlockLogImpl] DEBUG block.DeletedBlockLogImpl (DeletedBlockLogImpl.java:commitTransactions(224)) - Transaction txId=13 commit by dnId=ad4991cb-97ce-4dd6-b117-42e7f6b0816f for containerID=#13 failed. Corresponding entry not found.
2021-08-10 12:16:30,634 [EventQueue-DeleteBlockStatusForDeletedBlockLogImpl] DEBUG block.DeletedBlockLogImpl (DeletedBlockLogImpl.java:isTransactionFailed(278)) - Got block deletion ACK from datanode, TXIDs=14, success=true
2021-08-10 12:16:30,634 [EventQueue-DeleteBlockStatusForDeletedBlockLogImpl] DEBUG block.DeletedBlockLogImpl (DeletedBlockLogImpl.java:commitTransactions(224)) - Transaction txId=14 commit by dnId=ad4991cb-97ce-4dd6-b117-42e7f6b0816f for containerID=#14 failed. Corresponding entry not found.
2021-08-10 12:16:30,634 [EventQueue-DeleteBlockStatusForDeletedBlockLogImpl] DEBUG block.DeletedBlockLogImpl (DeletedBlockLogImpl.java:isTransactionFailed(278)) - Got block deletion ACK from datanode, TXIDs=15, success=true
2021-08-10 12:16:30,634 [EventQueue-DeleteBlockStatusForDeletedBlockLogImpl] DEBUG block.DeletedBlockLogImpl (DeletedBlockLogImpl.java:commitTransactions(224)) - Transaction txId=15 commit by dnId=ad4991cb-97ce-4dd6-b117-42e7f6b0816f for containerID=#15 failed. Corresponding entry not found.
2021-08-10 12:16:30,634 [EventQueue-DeleteBlockStatusForDeletedBlockLogImpl] DEBUG block.DeletedBlockLogImpl (DeletedBlockLogImpl.java:isTransactionFailed(278)) - Got block deletion ACK from datanode, TXIDs=16, success=true
2021-08-10 12:16:30,635 [EventQueue-DeleteBlockStatusForDeletedBlockLogImpl] DEBUG block.DeletedBlockLogImpl (DeletedBlockLogImpl.java:commitTransactions(224)) - Transaction txId=16 commit by dnId=ad4991cb-97ce-4dd6-b117-42e7f6b0816f for containerID=#16 failed. Corresponding entry not found.
2021-08-10 12:16:30,635 [EventQueue-DeleteBlockStatusForDeletedBlockLogImpl] DEBUG block.DeletedBlockLogImpl (DeletedBlockLogImpl.java:isTransactionFailed(278)) - Got block deletion ACK from datanode, TXIDs=17, success=true
2021-08-10 12:16:30,635 [EventQueue-DeleteBlockStatusForDeletedBlockLogImpl] DEBUG block.DeletedBlockLogImpl (DeletedBlockLogImpl.java:commitTransactions(224)) - Transaction txId=17 commit by dnId=ad4991cb-97ce-4dd6-b117-42e7f6b0816f for containerID=#17 failed. Corresponding entry not found.
2021-08-10 12:16:30,635 [EventQueue-DeleteBlockStatusForDeletedBlockLogImpl] DEBUG block.DeletedBlockLogImpl (DeletedBlockLogImpl.java:isTransactionFailed(278)) - Got block deletion ACK from datanode, TXIDs=18, success=true
2021-08-10 12:16:30,635 [EventQueue-DeleteBlockStatusForDeletedBlockLogImpl] DEBUG block.DeletedBlockLogImpl (DeletedBlockLogImpl.java:commitTransactions(224)) - Transaction txId=18 commit by dnId=ad4991cb-97ce-4dd6-b117-42e7f6b0816f for containerID=#18 failed. Corresponding entry not found.
2021-08-10 12:16:30,635 [EventQueue-DeleteBlockStatusForDeletedBlockLogImpl] DEBUG block.DeletedBlockLogImpl (DeletedBlockLogImpl.java:isTransactionFailed(278)) - Got block deletion ACK from datanode, TXIDs=19, success=true
2021-08-10 12:16:30,635 [EventQueue-DeleteBlockStatusForDeletedBlockLogImpl] DEBUG block.DeletedBlockLogImpl (DeletedBlockLogImpl.java:commitTransactions(224)) - Transaction txId=19 commit by dnId=ad4991cb-97ce-4dd6-b117-42e7f6b0816f for containerID=#19 failed. Corresponding entry not found.
2021-08-10 12:16:30,635 [EventQueue-DeleteBlockStatusForDeletedBlockLogImpl] DEBUG block.DeletedBlockLogImpl (DeletedBlockLogImpl.java:isTransactionFailed(278)) - Got block deletion ACK from datanode, TXIDs=20, success=true
2021-08-10 12:16:30,635 [EventQueue-DeleteBlockStatusForDeletedBlockLogImpl] DEBUG block.DeletedBlockLogImpl (DeletedBlockLogImpl.java:commitTransactions(224)) - Transaction txId=20 commit by dnId=ad4991cb-97ce-4dd6-b117-42e7f6b0816f for containerID=#20 failed. Corresponding entry not found.
2021-08-10 12:16:30,635 [EventQueue-DeleteBlockStatusForDeletedBlockLogImpl] DEBUG block.DeletedBlockLogImpl (DeletedBlockLogImpl.java:isTransactionFailed(278)) - Got block deletion ACK from datanode, TXIDs=21, success=true
2021-08-10 12:16:30,635 [EventQueue-DeleteBlockStatusForDeletedBlockLogImpl] DEBUG block.DeletedBlockLogImpl (DeletedBlockLogImpl.java:commitTransactions(224)) - Transaction txId=21 commit by dnId=ad4991cb-97ce-4dd6-b117-42e7f6b0816f for containerID=#21 failed. Corresponding entry not found.
2021-08-10 12:16:30,635 [EventQueue-DeleteBlockStatusForDeletedBlockLogImpl] DEBUG block.DeletedBlockLogImpl (DeletedBlockLogImpl.java:isTransactionFailed(278)) - Got block deletion ACK from datanode, TXIDs=22, success=true
2021-08-10 12:16:30,635 [EventQueue-DeleteBlockStatusForDeletedBlockLogImpl] DEBUG block.DeletedBlockLogImpl (DeletedBlockLogImpl.java:commitTransactions(224)) - Transaction txId=22 commit by dnId=ad4991cb-97ce-4dd6-b117-42e7f6b0816f for containerID=#22 failed. Corresponding entry not found.
2021-08-10 12:16:30,635 [EventQueue-DeleteBlockStatusForDeletedBlockLogImpl] DEBUG block.DeletedBlockLogImpl (DeletedBlockLogImpl.java:isTransactionFailed(278)) - Got block deletion ACK from datanode, TXIDs=23, success=true
2021-08-10 12:16:30,635 [EventQueue-DeleteBlockStatusForDeletedBlockLogImpl] DEBUG block.DeletedBlockLogImpl (DeletedBlockLogImpl.java:commitTransactions(224)) - Transaction txId=23 commit by dnId=ad4991cb-97ce-4dd6-b117-42e7f6b0816f for containerID=#23 failed. Corresponding entry not found.
2021-08-10 12:16:30,635 [EventQueue-DeleteBlockStatusForDeletedBlockLogImpl] DEBUG block.DeletedBlockLogImpl (DeletedBlockLogImpl.java:isTransactionFailed(278)) - Got block deletion ACK from datanode, TXIDs=24, success=true
2021-08-10 12:16:30,635 [EventQueue-DeleteBlockStatusForDeletedBlockLogImpl] DEBUG block.DeletedBlockLogImpl (DeletedBlockLogImpl.java:commitTransactions(224)) - Transaction txId=24 commit by dnId=ad4991cb-97ce-4dd6-b117-42e7f6b0816f for containerID=#24 failed. Corresponding entry not found.
2021-08-10 12:16:30,635 [EventQueue-DeleteBlockStatusForDeletedBlockLogImpl] DEBUG block.DeletedBlockLogImpl (DeletedBlockLogImpl.java:isTransactionFailed(278)) - Got block deletion ACK from datanode, TXIDs=25, success=true
2021-08-10 12:16:30,635 [EventQueue-DeleteBlockStatusForDeletedBlockLogImpl] DEBUG block.DeletedBlockLogImpl (DeletedBlockLogImpl.java:commitTransactions(224)) - Transaction txId=25 commit by dnId=ad4991cb-97ce-4dd6-b117-42e7f6b0816f for containerID=#25 failed. Corresponding entry not found.
2021-08-10 12:16:30,635 [EventQueue-DeleteBlockStatusForDeletedBlockLogImpl] DEBUG block.DeletedBlockLogImpl (DeletedBlockLogImpl.java:isTransactionFailed(278)) - Got block deletion ACK from datanode, TXIDs=26, success=true
2021-08-10 12:16:30,635 [EventQueue-DeleteBlockStatusForDeletedBlockLogImpl] DEBUG block.DeletedBlockLogImpl (DeletedBlockLogImpl.java:commitTransactions(224)) - Transaction txId=26 commit by dnId=ad4991cb-97ce-4dd6-b117-42e7f6b0816f for containerID=#26 failed. Corresponding entry not found.
2021-08-10 12:16:30,635 [EventQueue-DeleteBlockStatusForDeletedBlockLogImpl] DEBUG block.DeletedBlockLogImpl (DeletedBlockLogImpl.java:isTransactionFailed(278)) - Got block deletion ACK from datanode, TXIDs=27, success=true
2021-08-10 12:16:30,635 [EventQueue-DeleteBlockStatusForDeletedBlockLogImpl] DEBUG block.DeletedBlockLogImpl (DeletedBlockLogImpl.java:commitTransactions(224)) - Transaction txId=27 commit by dnId=ad4991cb-97ce-4dd6-b117-42e7f6b0816f for containerID=#27 failed. Corresponding entry not found.
2021-08-10 12:16:30,635 [EventQueue-DeleteBlockStatusForDeletedBlockLogImpl] DEBUG block.DeletedBlockLogImpl (DeletedBlockLogImpl.java:isTransactionFailed(278)) - Got block deletion ACK from datanode, TXIDs=28, success=true
2021-08-10 12:16:30,635 [EventQueue-DeleteBlockStatusForDeletedBlockLogImpl] DEBUG block.DeletedBlockLogImpl (DeletedBlockLogImpl.java:commitTransactions(224)) - Transaction txId=28 commit by dnId=ad4991cb-97ce-4dd6-b117-42e7f6b0816f for containerID=#28 failed. Corresponding entry not found.
2021-08-10 12:16:30,635 [EventQueue-DeleteBlockStatusForDeletedBlockLogImpl] DEBUG block.DeletedBlockLogImpl (DeletedBlockLogImpl.java:isTransactionFailed(278)) - Got block deletion ACK from datanode, TXIDs=29, success=true
2021-08-10 12:16:30,635 [EventQueue-DeleteBlockStatusForDeletedBlockLogImpl] DEBUG block.DeletedBlockLogImpl (DeletedBlockLogImpl.java:commitTransactions(224)) - Transaction txId=29 commit by dnId=ad4991cb-97ce-4dd6-b117-42e7f6b0816f for containerID=#29 failed. Corresponding entry not found.
2021-08-10 12:16:30,635 [EventQueue-DeleteBlockStatusForDeletedBlockLogImpl] DEBUG block.DeletedBlockLogImpl (DeletedBlockLogImpl.java:isTransactionFailed(278)) - Got block deletion ACK from datanode, TXIDs=30, success=true
2021-08-10 12:16:30,635 [EventQueue-DeleteBlockStatusForDeletedBlockLogImpl] DEBUG block.DeletedBlockLogImpl (DeletedBlockLogImpl.java:commitTransactions(224)) - Transaction txId=30 commit by dnId=ad4991cb-97ce-4dd6-b117-42e7f6b0816f for containerID=#30 failed. Corresponding entry not found.
2021-08-10 12:16:30,635 [EventQueue-DeleteBlockStatusForDeletedBlockLogImpl] DEBUG block.DeletedBlockLogImpl (DeletedBlockLogImpl.java:isTransactionFailed(278)) - Got block deletion ACK from datanode, TXIDs=31, success=true
2021-08-10 12:16:30,635 [EventQueue-DeleteBlockStatusForDeletedBlockLogImpl] DEBUG block.DeletedBlockLogImpl (DeletedBlockLogImpl.java:commitTransactions(224)) - Transaction txId=31 commit by dnId=ad4991cb-97ce-4dd6-b117-42e7f6b0816f for containerID=#31 failed. Corresponding entry not found.
2021-08-10 12:16:30,635 [EventQueue-DeleteBlockStatusForDeletedBlockLogImpl] DEBUG block.DeletedBlockLogImpl (DeletedBlockLogImpl.java:isTransactionFailed(278)) - Got block deletion ACK from datanode, TXIDs=32, success=true
2021-08-10 12:16:30,635 [EventQueue-DeleteBlockStatusForDeletedBlockLogImpl] DEBUG block.DeletedBlockLogImpl (DeletedBlockLogImpl.java:commitTransactions(224)) - Transaction txId=32 commit by dnId=ad4991cb-97ce-4dd6-b117-42e7f6b0816f for containerID=#32 failed. Corresponding entry not found.
2021-08-10 12:16:30,635 [EventQueue-DeleteBlockStatusForDeletedBlockLogImpl] DEBUG block.DeletedBlockLogImpl (DeletedBlockLogImpl.java:isTransactionFailed(278)) - Got block deletion ACK from datanode, TXIDs=33, success=true
2021-08-10 12:16:30,635 [EventQueue-DeleteBlockStatusForDeletedBlockLogImpl] DEBUG block.DeletedBlockLogImpl (DeletedBlockLogImpl.java:commitTransactions(224)) - Transaction txId=33 commit by dnId=ad4991cb-97ce-4dd6-b117-42e7f6b0816f for containerID=#33 failed. Corresponding entry not found.
2021-08-10 12:16:30,635 [EventQueue-DeleteBlockStatusForDeletedBlockLogImpl] DEBUG block.DeletedBlockLogImpl (DeletedBlockLogImpl.java:isTransactionFailed(278)) - Got block deletion ACK from datanode, TXIDs=34, success=true
2021-08-10 12:16:30,635 [EventQueue-DeleteBlockStatusForDeletedBlockLogImpl] DEBUG block.DeletedBlockLogImpl (DeletedBlockLogImpl.java:commitTransactions(224)) - Transaction txId=34 commit by dnId=ad4991cb-97ce-4dd6-b117-42e7f6b0816f for containerID=#34 failed. Corresponding entry not found.
2021-08-10 12:16:30,635 [EventQueue-DeleteBlockStatusForDeletedBlockLogImpl] DEBUG block.DeletedBlockLogImpl (DeletedBlockLogImpl.java:isTransactionFailed(278)) - Got block deletion ACK from datanode, TXIDs=35, success=true
2021-08-10 12:16:30,635 [EventQueue-DeleteBlockStatusForDeletedBlockLogImpl] DEBUG block.DeletedBlockLogImpl (DeletedBlockLogImpl.java:commitTransactions(224)) - Transaction txId=35 commit by dnId=ad4991cb-97ce-4dd6-b117-42e7f6b0816f for containerID=#35 failed. Corresponding entry not found.
2021-08-10 12:16:30,635 [EventQueue-DeleteBlockStatusForDeletedBlockLogImpl] DEBUG block.DeletedBlockLogImpl (DeletedBlockLogImpl.java:isTransactionFailed(278)) - Got block deletion ACK from datanode, TXIDs=36, success=true
2021-08-10 12:16:30,635 [EventQueue-DeleteBlockStatusForDeletedBlockLogImpl] DEBUG block.DeletedBlockLogImpl (DeletedBlockLogImpl.java:commitTransactions(224)) - Transaction txId=36 commit by dnId=ad4991cb-97ce-4dd6-b117-42e7f6b0816f for containerID=#36 failed. Corresponding entry not found.
2021-08-10 12:16:30,635 [EventQueue-DeleteBlockStatusForDeletedBlockLogImpl] DEBUG block.DeletedBlockLogImpl (DeletedBlockLogImpl.java:isTransactionFailed(278)) - Got block deletion ACK from datanode, TXIDs=37, success=true
2021-08-10 12:16:30,635 [EventQueue-DeleteBlockStatusForDeletedBlockLogImpl] DEBUG block.DeletedBlockLogImpl (DeletedBlockLogImpl.java:commitTransactions(224)) - Transaction txId=37 commit by dnId=ad4991cb-97ce-4dd6-b117-42e7f6b0816f for containerID=#37 failed. Corresponding entry not found.
2021-08-10 12:16:30,635 [EventQueue-DeleteBlockStatusForDeletedBlockLogImpl] DEBUG block.DeletedBlockLogImpl (DeletedBlockLogImpl.java:isTransactionFailed(278)) - Got block deletion ACK from datanode, TXIDs=38, success=true
2021-08-10 12:16:30,635 [EventQueue-DeleteBlockStatusForDeletedBlockLogImpl] DEBUG block.DeletedBlockLogImpl (DeletedBlockLogImpl.java:commitTransactions(224)) - Transaction txId=38 commit by dnId=ad4991cb-97ce-4dd6-b117-42e7f6b0816f for containerID=#38 failed. Corresponding entry not found.
2021-08-10 12:16:30,635 [EventQueue-DeleteBlockStatusForDeletedBlockLogImpl] DEBUG block.DeletedBlockLogImpl (DeletedBlockLogImpl.java:isTransactionFailed(278)) - Got block deletion ACK from datanode, TXIDs=39, success=true
2021-08-10 12:16:30,635 [EventQueue-DeleteBlockStatusForDeletedBlockLogImpl] DEBUG block.DeletedBlockLogImpl (DeletedBlockLogImpl.java:commitTransactions(224)) - Transaction txId=39 commit by dnId=ad4991cb-97ce-4dd6-b117-42e7f6b0816f for containerID=#39 failed. Corresponding entry not found.
2021-08-10 12:16:30,636 [EventQueue-DeleteBlockStatusForDeletedBlockLogImpl] DEBUG block.DeletedBlockLogImpl (DeletedBlockLogImpl.java:isTransactionFailed(278)) - Got block deletion ACK from datanode, TXIDs=40, success=true
2021-08-10 12:16:30,636 [EventQueue-DeleteBlockStatusForDeletedBlockLogImpl] DEBUG block.DeletedBlockLogImpl (DeletedBlockLogImpl.java:commitTransactions(224)) - Transaction txId=40 commit by dnId=ad4991cb-97ce-4dd6-b117-42e7f6b0816f for containerID=#40 failed. Corresponding entry not found.
2021-08-10 12:16:30,636 [EventQueue-DeleteBlockStatusForDeletedBlockLogImpl] DEBUG block.DeletedBlockLogImpl (DeletedBlockLogImpl.java:isTransactionFailed(278)) - Got block deletion ACK from datanode, TXIDs=41, success=true
2021-08-10 12:16:30,636 [EventQueue-DeleteBlockStatusForDeletedBlockLogImpl] DEBUG block.DeletedBlockLogImpl (DeletedBlockLogImpl.java:commitTransactions(224)) - Transaction txId=41 commit by dnId=ad4991cb-97ce-4dd6-b117-42e7f6b0816f for containerID=#41 failed. Corresponding entry not found.
2021-08-10 12:16:30,636 [EventQueue-DeleteBlockStatusForDeletedBlockLogImpl] DEBUG block.DeletedBlockLogImpl (DeletedBlockLogImpl.java:isTransactionFailed(278)) - Got block deletion ACK from datanode, TXIDs=42, success=true
2021-08-10 12:16:30,636 [EventQueue-DeleteBlockStatusForDeletedBlockLogImpl] DEBUG block.DeletedBlockLogImpl (DeletedBlockLogImpl.java:commitTransactions(224)) - Transaction txId=42 commit by dnId=ad4991cb-97ce-4dd6-b117-42e7f6b0816f for containerID=#42 failed. Corresponding entry not found.
2021-08-10 12:16:30,636 [EventQueue-DeleteBlockStatusForDeletedBlockLogImpl] DEBUG block.DeletedBlockLogImpl (DeletedBlockLogImpl.java:isTransactionFailed(278)) - Got block deletion ACK from datanode, TXIDs=43, success=true
2021-08-10 12:16:30,636 [EventQueue-DeleteBlockStatusForDeletedBlockLogImpl] DEBUG block.DeletedBlockLogImpl (DeletedBlockLogImpl.java:commitTransactions(224)) - Transaction txId=43 commit by dnId=ad4991cb-97ce-4dd6-b117-42e7f6b0816f for containerID=#43 failed. Corresponding entry not found.
2021-08-10 12:16:30,636 [EventQueue-DeleteBlockStatusForDeletedBlockLogImpl] DEBUG block.DeletedBlockLogImpl (DeletedBlockLogImpl.java:isTransactionFailed(278)) - Got block deletion ACK from datanode, TXIDs=44, success=true
2021-08-10 12:16:30,636 [EventQueue-DeleteBlockStatusForDeletedBlockLogImpl] DEBUG block.DeletedBlockLogImpl (DeletedBlockLogImpl.java:commitTransactions(224)) - Transaction txId=44 commit by dnId=ad4991cb-97ce-4dd6-b117-42e7f6b0816f for containerID=#44 failed. Corresponding entry not found.
2021-08-10 12:16:30,636 [EventQueue-DeleteBlockStatusForDeletedBlockLogImpl] DEBUG block.DeletedBlockLogImpl (DeletedBlockLogImpl.java:isTransactionFailed(278)) - Got block deletion ACK from datanode, TXIDs=45, success=true
2021-08-10 12:16:30,636 [EventQueue-DeleteBlockStatusForDeletedBlockLogImpl] DEBUG block.DeletedBlockLogImpl (DeletedBlockLogImpl.java:commitTransactions(224)) - Transaction txId=45 commit by dnId=ad4991cb-97ce-4dd6-b117-42e7f6b0816f for containerID=#45 failed. Corresponding entry not found.
2021-08-10 12:16:30,636 [EventQueue-DeleteBlockStatusForDeletedBlockLogImpl] DEBUG block.DeletedBlockLogImpl (DeletedBlockLogImpl.java:isTransactionFailed(278)) - Got block deletion ACK from datanode, TXIDs=46, success=true
2021-08-10 12:16:30,636 [EventQueue-DeleteBlockStatusForDeletedBlockLogImpl] DEBUG block.DeletedBlockLogImpl (DeletedBlockLogImpl.java:commitTransactions(224)) - Transaction txId=46 commit by dnId=ad4991cb-97ce-4dd6-b117-42e7f6b0816f for containerID=#46 failed. Corresponding entry not found.
2021-08-10 12:16:30,636 [EventQueue-DeleteBlockStatusForDeletedBlockLogImpl] DEBUG block.DeletedBlockLogImpl (DeletedBlockLogImpl.java:isTransactionFailed(278)) - Got block deletion ACK from datanode, TXIDs=47, success=true
2021-08-10 12:16:30,636 [EventQueue-DeleteBlockStatusForDeletedBlockLogImpl] DEBUG block.DeletedBlockLogImpl (DeletedBlockLogImpl.java:commitTransactions(224)) - Transaction txId=47 commit by dnId=ad4991cb-97ce-4dd6-b117-42e7f6b0816f for containerID=#47 failed. Corresponding entry not found.
2021-08-10 12:16:30,636 [EventQueue-DeleteBlockStatusForDeletedBlockLogImpl] DEBUG block.DeletedBlockLogImpl (DeletedBlockLogImpl.java:isTransactionFailed(278)) - Got block deletion ACK from datanode, TXIDs=48, success=true
2021-08-10 12:16:30,636 [EventQueue-DeleteBlockStatusForDeletedBlockLogImpl] DEBUG block.DeletedBlockLogImpl (DeletedBlockLogImpl.java:commitTransactions(224)) - Transaction txId=48 commit by dnId=ad4991cb-97ce-4dd6-b117-42e7f6b0816f for containerID=#48 failed. Corresponding entry not found.
2021-08-10 12:16:30,636 [EventQueue-DeleteBlockStatusForDeletedBlockLogImpl] DEBUG block.DeletedBlockLogImpl (DeletedBlockLogImpl.java:isTransactionFailed(278)) - Got block deletion ACK from datanode, TXIDs=49, success=true
2021-08-10 12:16:30,636 [EventQueue-DeleteBlockStatusForDeletedBlockLogImpl] DEBUG block.DeletedBlockLogImpl (DeletedBlockLogImpl.java:commitTransactions(224)) - Transaction txId=49 commit by dnId=ad4991cb-97ce-4dd6-b117-42e7f6b0816f for containerID=#49 failed. Corresponding entry not found.
2021-08-10 12:16:30,636 [EventQueue-DeleteBlockStatusForDeletedBlockLogImpl] DEBUG block.DeletedBlockLogImpl (DeletedBlockLogImpl.java:isTransactionFailed(278)) - Got block deletion ACK from datanode, TXIDs=50, success=true
2021-08-10 12:16:30,636 [EventQueue-DeleteBlockStatusForDeletedBlockLogImpl] DEBUG block.DeletedBlockLogImpl (DeletedBlockLogImpl.java:commitTransactions(224)) - Transaction txId=50 commit by dnId=ad4991cb-97ce-4dd6-b117-42e7f6b0816f for containerID=#50 failed. Corresponding entry not found.
2021-08-10 12:16:30,636 [EventQueue-DeleteBlockStatusForDeletedBlockLogImpl] DEBUG block.DeletedBlockLogImpl (DeletedBlockLogImpl.java:isTransactionFailed(278)) - Got block deletion ACK from datanode, TXIDs=51, success=true
2021-08-10 12:16:30,636 [EventQueue-DeleteBlockStatusForDeletedBlockLogImpl] DEBUG block.DeletedBlockLogImpl (DeletedBlockLogImpl.java:commitTransactions(224)) - Transaction txId=51 commit by dnId=ad4991cb-97ce-4dd6-b117-42e7f6b0816f for containerID=#51 failed. Corresponding entry not found.
2021-08-10 12:16:30,636 [EventQueue-DeleteBlockStatusForDeletedBlockLogImpl] DEBUG block.DeletedBlockLogImpl (DeletedBlockLogImpl.java:isTransactionFailed(278)) - Got block deletion ACK from datanode, TXIDs=52, success=true
2021-08-10 12:16:30,636 [EventQueue-DeleteBlockStatusForDeletedBlockLogImpl] DEBUG block.DeletedBlockLogImpl (DeletedBlockLogImpl.java:commitTransactions(224)) - Transaction txId=52 commit by dnId=ad4991cb-97ce-4dd6-b117-42e7f6b0816f for containerID=#52 failed. Corresponding entry not found.
2021-08-10 12:16:30,636 [EventQueue-DeleteBlockStatusForDeletedBlockLogImpl] DEBUG block.DeletedBlockLogImpl (DeletedBlockLogImpl.java:isTransactionFailed(278)) - Got block deletion ACK from datanode, TXIDs=53, success=true
2021-08-10 12:16:30,636 [EventQueue-DeleteBlockStatusForDeletedBlockLogImpl] DEBUG block.DeletedBlockLogImpl (DeletedBlockLogImpl.java:commitTransactions(224)) - Transaction txId=53 commit by dnId=ad4991cb-97ce-4dd6-b117-42e7f6b0816f for containerID=#53 failed. Corresponding entry not found.
2021-08-10 12:16:30,636 [EventQueue-DeleteBlockStatusForDeletedBlockLogImpl] DEBUG block.DeletedBlockLogImpl (DeletedBlockLogImpl.java:isTransactionFailed(278)) - Got block deletion ACK from datanode, TXIDs=54, success=true
2021-08-10 12:16:30,636 [EventQueue-DeleteBlockStatusForDeletedBlockLogImpl] DEBUG block.DeletedBlockLogImpl (DeletedBlockLogImpl.java:commitTransactions(224)) - Transaction txId=54 commit by dnId=ad4991cb-97ce-4dd6-b117-42e7f6b0816f for containerID=#54 failed. Corresponding entry not found.
2021-08-10 12:16:30,636 [EventQueue-DeleteBlockStatusForDeletedBlockLogImpl] DEBUG block.DeletedBlockLogImpl (DeletedBlockLogImpl.java:isTransactionFailed(278)) - Got block deletion ACK from datanode, TXIDs=55, success=true
2021-08-10 12:16:30,636 [EventQueue-DeleteBlockStatusForDeletedBlockLogImpl] DEBUG block.DeletedBlockLogImpl (DeletedBlockLogImpl.java:commitTransactions(224)) - Transaction txId=55 commit by dnId=ad4991cb-97ce-4dd6-b117-42e7f6b0816f for containerID=#55 failed. Corresponding entry not found.
2021-08-10 12:16:30,636 [EventQueue-DeleteBlockStatusForDeletedBlockLogImpl] DEBUG block.DeletedBlockLogImpl (DeletedBlockLogImpl.java:isTransactionFailed(278)) - Got block deletion ACK from datanode, TXIDs=56, success=true
2021-08-10 12:16:30,636 [EventQueue-DeleteBlockStatusForDeletedBlockLogImpl] DEBUG block.DeletedBlockLogImpl (DeletedBlockLogImpl.java:commitTransactions(224)) - Transaction txId=56 commit by dnId=ad4991cb-97ce-4dd6-b117-42e7f6b0816f for containerID=#56 failed. Corresponding entry not found.
2021-08-10 12:16:30,636 [EventQueue-DeleteBlockStatusForDeletedBlockLogImpl] DEBUG block.DeletedBlockLogImpl (DeletedBlockLogImpl.java:isTransactionFailed(278)) - Got block deletion ACK from datanode, TXIDs=10, success=true
2021-08-10 12:16:30,636 [EventQueue-DeleteBlockStatusForDeletedBlockLogImpl] DEBUG block.DeletedBlockLogImpl (DeletedBlockLogImpl.java:commitTransactions(224)) - Transaction txId=10 commit by dnId=ad4991cb-97ce-4dd6-b117-42e7f6b0816f for containerID=#10 failed. Corresponding entry not found.
2021-08-10 12:16:30,636 [EventQueue-DeleteBlockStatusForDeletedBlockLogImpl] DEBUG block.DeletedBlockLogImpl (DeletedBlockLogImpl.java:isTransactionFailed(278)) - Got block deletion ACK from datanode, TXIDs=11, success=true
2021-08-10 12:16:30,636 [EventQueue-DeleteBlockStatusForDeletedBlockLogImpl] DEBUG block.DeletedBlockLogImpl (DeletedBlockLogImpl.java:commitTransactions(224)) - Transaction txId=11 commit by dnId=ad4991cb-97ce-4dd6-b117-42e7f6b0816f for containerID=#11 failed. Corresponding entry not found.
2021-08-10 12:16:30,636 [EventQueue-DeleteBlockStatusForDeletedBlockLogImpl] DEBUG block.DeletedBlockLogImpl (DeletedBlockLogImpl.java:isTransactionFailed(278)) - Got block deletion ACK from datanode, TXIDs=12, success=true
2021-08-10 12:16:30,636 [EventQueue-DeleteBlockStatusForDeletedBlockLogImpl] DEBUG block.DeletedBlockLogImpl (DeletedBlockLogImpl.java:commitTransactions(224)) - Transaction txId=12 commit by dnId=ad4991cb-97ce-4dd6-b117-42e7f6b0816f for containerID=#12 failed. Corresponding entry not found.
2021-08-10 12:16:30,636 [EventQueue-DeleteBlockStatusForDeletedBlockLogImpl] DEBUG block.DeletedBlockLogImpl (DeletedBlockLogImpl.java:isTransactionFailed(278)) - Got block deletion ACK from datanode, TXIDs=13, success=true
2021-08-10 12:16:30,636 [EventQueue-DeleteBlockStatusForDeletedBlockLogImpl] DEBUG block.DeletedBlockLogImpl (DeletedBlockLogImpl.java:commitTransactions(224)) - Transaction txId=13 commit by dnId=ad4991cb-97ce-4dd6-b117-42e7f6b0816f for containerID=#13 failed. Corresponding entry not found.
2021-08-10 12:16:30,636 [EventQueue-DeleteBlockStatusForDeletedBlockLogImpl] DEBUG block.DeletedBlockLogImpl (DeletedBlockLogImpl.java:isTransactionFailed(278)) - Got block deletion ACK from datanode, TXIDs=14, success=true
2021-08-10 12:16:30,636 [EventQueue-DeleteBlockStatusForDeletedBlockLogImpl] DEBUG block.DeletedBlockLogImpl (DeletedBlockLogImpl.java:commitTransactions(224)) - Transaction txId=14 commit by dnId=ad4991cb-97ce-4dd6-b117-42e7f6b0816f for containerID=#14 failed. Corresponding entry not found.
2021-08-10 12:16:30,636 [EventQueue-DeleteBlockStatusForDeletedBlockLogImpl] DEBUG block.DeletedBlockLogImpl (DeletedBlockLogImpl.java:isTransactionFailed(278)) - Got block deletion ACK from datanode, TXIDs=15, success=true
2021-08-10 12:16:30,636 [EventQueue-DeleteBlockStatusForDeletedBlockLogImpl] DEBUG block.DeletedBlockLogImpl (DeletedBlockLogImpl.java:commitTransactions(224)) - Transaction txId=15 commit by dnId=ad4991cb-97ce-4dd6-b117-42e7f6b0816f for containerID=#15 failed. Corresponding entry not found.
2021-08-10 12:16:30,636 [EventQueue-DeleteBlockStatusForDeletedBlockLogImpl] DEBUG block.DeletedBlockLogImpl (DeletedBlockLogImpl.java:isTransactionFailed(278)) - Got block deletion ACK from datanode, TXIDs=16, success=true
2021-08-10 12:16:30,637 [EventQueue-DeleteBlockStatusForDeletedBlockLogImpl] DEBUG block.DeletedBlockLogImpl (DeletedBlockLogImpl.java:commitTransactions(224)) - Transaction txId=16 commit by dnId=ad4991cb-97ce-4dd6-b117-42e7f6b0816f for containerID=#16 failed. Corresponding entry not found.
2021-08-10 12:16:30,637 [EventQueue-DeleteBlockStatusForDeletedBlockLogImpl] DEBUG block.DeletedBlockLogImpl (DeletedBlockLogImpl.java:isTransactionFailed(278)) - Got block deletion ACK from datanode, TXIDs=17, success=true
2021-08-10 12:16:30,637 [EventQueue-DeleteBlockStatusForDeletedBlockLogImpl] DEBUG block.DeletedBlockLogImpl (DeletedBlockLogImpl.java:commitTransactions(224)) - Transaction txId=17 commit by dnId=ad4991cb-97ce-4dd6-b117-42e7f6b0816f for containerID=#17 failed. Corresponding entry not found.
2021-08-10 12:16:30,637 [EventQueue-DeleteBlockStatusForDeletedBlockLogImpl] DEBUG block.DeletedBlockLogImpl (DeletedBlockLogImpl.java:isTransactionFailed(278)) - Got block deletion ACK from datanode, TXIDs=18, success=true
2021-08-10 12:16:30,637 [EventQueue-DeleteBlockStatusForDeletedBlockLogImpl] DEBUG block.DeletedBlockLogImpl (DeletedBlockLogImpl.java:commitTransactions(224)) - Transaction txId=18 commit by dnId=ad4991cb-97ce-4dd6-b117-42e7f6b0816f for containerID=#18 failed. Corresponding entry not found.
2021-08-10 12:16:30,637 [EventQueue-DeleteBlockStatusForDeletedBlockLogImpl] DEBUG block.DeletedBlockLogImpl (DeletedBlockLogImpl.java:isTransactionFailed(278)) - Got block deletion ACK from datanode, TXIDs=19, success=true
2021-08-10 12:16:30,637 [EventQueue-DeleteBlockStatusForDeletedBlockLogImpl] DEBUG block.DeletedBlockLogImpl (DeletedBlockLogImpl.java:commitTransactions(224)) - Transaction txId=19 commit by dnId=ad4991cb-97ce-4dd6-b117-42e7f6b0816f for containerID=#19 failed. Corresponding entry not found.
2021-08-10 12:16:30,637 [EventQueue-DeleteBlockStatusForDeletedBlockLogImpl] DEBUG block.DeletedBlockLogImpl (DeletedBlockLogImpl.java:isTransactionFailed(278)) - Got block deletion ACK from datanode, TXIDs=20, success=true
2021-08-10 12:16:30,637 [EventQueue-DeleteBlockStatusForDeletedBlockLogImpl] DEBUG block.DeletedBlockLogImpl (DeletedBlockLogImpl.java:commitTransactions(224)) - Transaction txId=20 commit by dnId=ad4991cb-97ce-4dd6-b117-42e7f6b0816f for containerID=#20 failed. Corresponding entry not found.
2021-08-10 12:16:30,637 [EventQueue-DeleteBlockStatusForDeletedBlockLogImpl] DEBUG block.DeletedBlockLogImpl (DeletedBlockLogImpl.java:isTransactionFailed(278)) - Got block deletion ACK from datanode, TXIDs=21, success=true
2021-08-10 12:16:30,637 [EventQueue-DeleteBlockStatusForDeletedBlockLogImpl] DEBUG block.DeletedBlockLogImpl (DeletedBlockLogImpl.java:commitTransactions(224)) - Transaction txId=21 commit by dnId=ad4991cb-97ce-4dd6-b117-42e7f6b0816f for containerID=#21 failed. Corresponding entry not found.
2021-08-10 12:16:30,637 [EventQueue-DeleteBlockStatusForDeletedBlockLogImpl] DEBUG block.DeletedBlockLogImpl (DeletedBlockLogImpl.java:isTransactionFailed(278)) - Got block deletion ACK from datanode, TXIDs=22, success=true
2021-08-10 12:16:30,637 [EventQueue-DeleteBlockStatusForDeletedBlockLogImpl] DEBUG block.DeletedBlockLogImpl (DeletedBlockLogImpl.java:commitTransactions(224)) - Transaction txId=22 commit by dnId=ad4991cb-97ce-4dd6-b117-42e7f6b0816f for containerID=#22 failed. Corresponding entry not found.
2021-08-10 12:16:30,637 [EventQueue-DeleteBlockStatusForDeletedBlockLogImpl] DEBUG block.DeletedBlockLogImpl (DeletedBlockLogImpl.java:isTransactionFailed(278)) - Got block deletion ACK from datanode, TXIDs=23, success=true
2021-08-10 12:16:30,637 [EventQueue-DeleteBlockStatusForDeletedBlockLogImpl] DEBUG block.DeletedBlockLogImpl (DeletedBlockLogImpl.java:commitTransactions(224)) - Transaction txId=23 commit by dnId=ad4991cb-97ce-4dd6-b117-42e7f6b0816f for containerID=#23 failed. Corresponding entry not found.
2021-08-10 12:16:30,637 [EventQueue-DeleteBlockStatusForDeletedBlockLogImpl] DEBUG block.DeletedBlockLogImpl (DeletedBlockLogImpl.java:isTransactionFailed(278)) - Got block deletion ACK from datanode, TXIDs=24, success=true
2021-08-10 12:16:30,637 [EventQueue-DeleteBlockStatusForDeletedBlockLogImpl] DEBUG block.DeletedBlockLogImpl (DeletedBlockLogImpl.java:commitTransactions(224)) - Transaction txId=24 commit by dnId=ad4991cb-97ce-4dd6-b117-42e7f6b0816f for containerID=#24 failed. Corresponding entry not found.
2021-08-10 12:16:30,637 [EventQueue-DeleteBlockStatusForDeletedBlockLogImpl] DEBUG block.DeletedBlockLogImpl (DeletedBlockLogImpl.java:isTransactionFailed(278)) - Got block deletion ACK from datanode, TXIDs=25, success=true
2021-08-10 12:16:30,637 [EventQueue-DeleteBlockStatusForDeletedBlockLogImpl] DEBUG block.DeletedBlockLogImpl (DeletedBlockLogImpl.java:commitTransactions(224)) - Transaction txId=25 commit by dnId=ad4991cb-97ce-4dd6-b117-42e7f6b0816f for containerID=#25 failed. Corresponding entry not found.
2021-08-10 12:16:30,637 [EventQueue-DeleteBlockStatusForDeletedBlockLogImpl] DEBUG block.DeletedBlockLogImpl (DeletedBlockLogImpl.java:isTransactionFailed(278)) - Got block deletion ACK from datanode, TXIDs=26, success=true
2021-08-10 12:16:30,637 [EventQueue-DeleteBlockStatusForDeletedBlockLogImpl] DEBUG block.DeletedBlockLogImpl (DeletedBlockLogImpl.java:commitTransactions(224)) - Transaction txId=26 commit by dnId=ad4991cb-97ce-4dd6-b117-42e7f6b0816f for containerID=#26 failed. Corresponding entry not found.
2021-08-10 12:16:30,637 [EventQueue-DeleteBlockStatusForDeletedBlockLogImpl] DEBUG block.DeletedBlockLogImpl (DeletedBlockLogImpl.java:isTransactionFailed(278)) - Got block deletion ACK from datanode, TXIDs=27, success=true
2021-08-10 12:16:30,637 [EventQueue-DeleteBlockStatusForDeletedBlockLogImpl] DEBUG block.DeletedBlockLogImpl (DeletedBlockLogImpl.java:commitTransactions(224)) - Transaction txId=27 commit by dnId=ad4991cb-97ce-4dd6-b117-42e7f6b0816f for containerID=#27 failed. Corresponding entry not found.
2021-08-10 12:16:30,637 [EventQueue-DeleteBlockStatusForDeletedBlockLogImpl] DEBUG block.DeletedBlockLogImpl (DeletedBlockLogImpl.java:isTransactionFailed(278)) - Got block deletion ACK from datanode, TXIDs=28, success=true
2021-08-10 12:16:30,637 [EventQueue-DeleteBlockStatusForDeletedBlockLogImpl] DEBUG block.DeletedBlockLogImpl (DeletedBlockLogImpl.java:commitTransactions(224)) - Transaction txId=28 commit by dnId=ad4991cb-97ce-4dd6-b117-42e7f6b0816f for containerID=#28 failed. Corresponding entry not found.
2021-08-10 12:16:30,637 [EventQueue-DeleteBlockStatusForDeletedBlockLogImpl] DEBUG block.DeletedBlockLogImpl (DeletedBlockLogImpl.java:isTransactionFailed(278)) - Got block deletion ACK from datanode, TXIDs=29, success=true
2021-08-10 12:16:30,637 [EventQueue-DeleteBlockStatusForDeletedBlockLogImpl] DEBUG block.DeletedBlockLogImpl (DeletedBlockLogImpl.java:commitTransactions(224)) - Transaction txId=29 commit by dnId=ad4991cb-97ce-4dd6-b117-42e7f6b0816f for containerID=#29 failed. Corresponding entry not found.
2021-08-10 12:16:30,637 [EventQueue-DeleteBlockStatusForDeletedBlockLogImpl] DEBUG block.DeletedBlockLogImpl (DeletedBlockLogImpl.java:isTransactionFailed(278)) - Got block deletion ACK from datanode, TXIDs=30, success=true
2021-08-10 12:16:30,637 [EventQueue-DeleteBlockStatusForDeletedBlockLogImpl] DEBUG block.DeletedBlockLogImpl (DeletedBlockLogImpl.java:commitTransactions(224)) - Transaction txId=30 commit by dnId=ad4991cb-97ce-4dd6-b117-42e7f6b0816f for containerID=#30 failed. Corresponding entry not found.
2021-08-10 12:16:30,637 [EventQueue-DeleteBlockStatusForDeletedBlockLogImpl] DEBUG block.DeletedBlockLogImpl (DeletedBlockLogImpl.java:isTransactionFailed(278)) - Got block deletion ACK from datanode, TXIDs=31, success=true
2021-08-10 12:16:30,637 [EventQueue-DeleteBlockStatusForDeletedBlockLogImpl] DEBUG block.DeletedBlockLogImpl (DeletedBlockLogImpl.java:commitTransactions(224)) - Transaction txId=31 commit by dnId=ad4991cb-97ce-4dd6-b117-42e7f6b0816f for containerID=#31 failed. Corresponding entry not found.
2021-08-10 12:16:30,637 [EventQueue-DeleteBlockStatusForDeletedBlockLogImpl] DEBUG block.DeletedBlockLogImpl (DeletedBlockLogImpl.java:isTransactionFailed(278)) - Got block deletion ACK from datanode, TXIDs=32, success=true
2021-08-10 12:16:30,637 [EventQueue-DeleteBlockStatusForDeletedBlockLogImpl] DEBUG block.DeletedBlockLogImpl (DeletedBlockLogImpl.java:commitTransactions(224)) - Transaction txId=32 commit by dnId=ad4991cb-97ce-4dd6-b117-42e7f6b0816f for containerID=#32 failed. Corresponding entry not found.
2021-08-10 12:16:30,637 [EventQueue-DeleteBlockStatusForDeletedBlockLogImpl] DEBUG block.DeletedBlockLogImpl (DeletedBlockLogImpl.java:isTransactionFailed(278)) - Got block deletion ACK from datanode, TXIDs=33, success=true
2021-08-10 12:16:30,637 [EventQueue-DeleteBlockStatusForDeletedBlockLogImpl] DEBUG block.DeletedBlockLogImpl (DeletedBlockLogImpl.java:commitTransactions(224)) - Transaction txId=33 commit by dnId=ad4991cb-97ce-4dd6-b117-42e7f6b0816f for containerID=#33 failed. Corresponding entry not found.
2021-08-10 12:16:30,637 [EventQueue-DeleteBlockStatusForDeletedBlockLogImpl] DEBUG block.DeletedBlockLogImpl (DeletedBlockLogImpl.java:isTransactionFailed(278)) - Got block deletion ACK from datanode, TXIDs=34, success=true
2021-08-10 12:16:30,637 [EventQueue-DeleteBlockStatusForDeletedBlockLogImpl] DEBUG block.DeletedBlockLogImpl (DeletedBlockLogImpl.java:commitTransactions(224)) - Transaction txId=34 commit by dnId=ad4991cb-97ce-4dd6-b117-42e7f6b0816f for containerID=#34 failed. Corresponding entry not found.
2021-08-10 12:16:30,637 [EventQueue-DeleteBlockStatusForDeletedBlockLogImpl] DEBUG block.DeletedBlockLogImpl (DeletedBlockLogImpl.java:isTransactionFailed(278)) - Got block deletion ACK from datanode, TXIDs=35, success=true
2021-08-10 12:16:30,637 [EventQueue-DeleteBlockStatusForDeletedBlockLogImpl] DEBUG block.DeletedBlockLogImpl (DeletedBlockLogImpl.java:commitTransactions(224)) - Transaction txId=35 commit by dnId=ad4991cb-97ce-4dd6-b117-42e7f6b0816f for containerID=#35 failed. Corresponding entry not found.
2021-08-10 12:16:30,637 [EventQueue-DeleteBlockStatusForDeletedBlockLogImpl] DEBUG block.DeletedBlockLogImpl (DeletedBlockLogImpl.java:isTransactionFailed(278)) - Got block deletion ACK from datanode, TXIDs=36, success=true
2021-08-10 12:16:30,637 [EventQueue-DeleteBlockStatusForDeletedBlockLogImpl] DEBUG block.DeletedBlockLogImpl (DeletedBlockLogImpl.java:commitTransactions(224)) - Transaction txId=36 commit by dnId=ad4991cb-97ce-4dd6-b117-42e7f6b0816f for containerID=#36 failed. Corresponding entry not found.
2021-08-10 12:16:30,637 [EventQueue-DeleteBlockStatusForDeletedBlockLogImpl] DEBUG block.DeletedBlockLogImpl (DeletedBlockLogImpl.java:isTransactionFailed(278)) - Got block deletion ACK from datanode, TXIDs=37, success=true
2021-08-10 12:16:30,637 [EventQueue-DeleteBlockStatusForDeletedBlockLogImpl] DEBUG block.DeletedBlockLogImpl (DeletedBlockLogImpl.java:commitTransactions(224)) - Transaction txId=37 commit by dnId=ad4991cb-97ce-4dd6-b117-42e7f6b0816f for containerID=#37 failed. Corresponding entry not found.
2021-08-10 12:16:30,637 [EventQueue-DeleteBlockStatusForDeletedBlockLogImpl] DEBUG block.DeletedBlockLogImpl (DeletedBlockLogImpl.java:isTransactionFailed(278)) - Got block deletion ACK from datanode, TXIDs=38, success=true
2021-08-10 12:16:30,637 [EventQueue-DeleteBlockStatusForDeletedBlockLogImpl] DEBUG block.DeletedBlockLogImpl (DeletedBlockLogImpl.java:commitTransactions(224)) - Transaction txId=38 commit by dnId=ad4991cb-97ce-4dd6-b117-42e7f6b0816f for containerID=#38 failed. Corresponding entry not found.
2021-08-10 12:16:30,637 [EventQueue-DeleteBlockStatusForDeletedBlockLogImpl] DEBUG block.DeletedBlockLogImpl (DeletedBlockLogImpl.java:isTransactionFailed(278)) - Got block deletion ACK from datanode, TXIDs=39, success=true
2021-08-10 12:16:30,637 [EventQueue-DeleteBlockStatusForDeletedBlockLogImpl] DEBUG block.DeletedBlockLogImpl (DeletedBlockLogImpl.java:commitTransactions(224)) - Transaction txId=39 commit by dnId=ad4991cb-97ce-4dd6-b117-42e7f6b0816f for containerID=#39 failed. Corresponding entry not found.
2021-08-10 12:16:30,637 [EventQueue-DeleteBlockStatusForDeletedBlockLogImpl] DEBUG block.DeletedBlockLogImpl (DeletedBlockLogImpl.java:isTransactionFailed(278)) - Got block deletion ACK from datanode, TXIDs=40, success=true
2021-08-10 12:16:30,637 [EventQueue-DeleteBlockStatusForDeletedBlockLogImpl] DEBUG block.DeletedBlockLogImpl (DeletedBlockLogImpl.java:commitTransactions(224)) - Transaction txId=40 commit by dnId=ad4991cb-97ce-4dd6-b117-42e7f6b0816f for containerID=#40 failed. Corresponding entry not found.
2021-08-10 12:16:30,637 [EventQueue-DeleteBlockStatusForDeletedBlockLogImpl] DEBUG block.DeletedBlockLogImpl (DeletedBlockLogImpl.java:isTransactionFailed(278)) - Got block deletion ACK from datanode, TXIDs=41, success=true
2021-08-10 12:16:30,637 [EventQueue-DeleteBlockStatusForDeletedBlockLogImpl] DEBUG block.DeletedBlockLogImpl (DeletedBlockLogImpl.java:commitTransactions(224)) - Transaction txId=41 commit by dnId=ad4991cb-97ce-4dd6-b117-42e7f6b0816f for containerID=#41 failed. Corresponding entry not found.
2021-08-10 12:16:30,637 [EventQueue-DeleteBlockStatusForDeletedBlockLogImpl] DEBUG block.DeletedBlockLogImpl (DeletedBlockLogImpl.java:isTransactionFailed(278)) - Got block deletion ACK from datanode, TXIDs=42, success=true
2021-08-10 12:16:30,638 [EventQueue-DeleteBlockStatusForDeletedBlockLogImpl] DEBUG block.DeletedBlockLogImpl (DeletedBlockLogImpl.java:commitTransactions(224)) - Transaction txId=42 commit by dnId=ad4991cb-97ce-4dd6-b117-42e7f6b0816f for containerID=#42 failed. Corresponding entry not found.
2021-08-10 12:16:30,638 [EventQueue-DeleteBlockStatusForDeletedBlockLogImpl] DEBUG block.DeletedBlockLogImpl (DeletedBlockLogImpl.java:isTransactionFailed(278)) - Got block deletion ACK from datanode, TXIDs=43, success=true
2021-08-10 12:16:30,638 [EventQueue-DeleteBlockStatusForDeletedBlockLogImpl] DEBUG block.DeletedBlockLogImpl (DeletedBlockLogImpl.java:commitTransactions(224)) - Transaction txId=43 commit by dnId=ad4991cb-97ce-4dd6-b117-42e7f6b0816f for containerID=#43 failed. Corresponding entry not found.
2021-08-10 12:16:30,638 [EventQueue-DeleteBlockStatusForDeletedBlockLogImpl] DEBUG block.DeletedBlockLogImpl (DeletedBlockLogImpl.java:isTransactionFailed(278)) - Got block deletion ACK from datanode, TXIDs=44, success=true
2021-08-10 12:16:30,638 [EventQueue-DeleteBlockStatusForDeletedBlockLogImpl] DEBUG block.DeletedBlockLogImpl (DeletedBlockLogImpl.java:commitTransactions(224)) - Transaction txId=44 commit by dnId=ad4991cb-97ce-4dd6-b117-42e7f6b0816f for containerID=#44 failed. Corresponding entry not found.
2021-08-10 12:16:30,638 [EventQueue-DeleteBlockStatusForDeletedBlockLogImpl] DEBUG block.DeletedBlockLogImpl (DeletedBlockLogImpl.java:isTransactionFailed(278)) - Got block deletion ACK from datanode, TXIDs=45, success=true
2021-08-10 12:16:30,638 [EventQueue-DeleteBlockStatusForDeletedBlockLogImpl] DEBUG block.DeletedBlockLogImpl (DeletedBlockLogImpl.java:commitTransactions(224)) - Transaction txId=45 commit by dnId=ad4991cb-97ce-4dd6-b117-42e7f6b0816f for containerID=#45 failed. Corresponding entry not found.
2021-08-10 12:16:30,638 [EventQueue-DeleteBlockStatusForDeletedBlockLogImpl] DEBUG block.DeletedBlockLogImpl (DeletedBlockLogImpl.java:isTransactionFailed(278)) - Got block deletion ACK from datanode, TXIDs=46, success=true
2021-08-10 12:16:30,638 [EventQueue-DeleteBlockStatusForDeletedBlockLogImpl] DEBUG block.DeletedBlockLogImpl (DeletedBlockLogImpl.java:commitTransactions(224)) - Transaction txId=46 commit by dnId=ad4991cb-97ce-4dd6-b117-42e7f6b0816f for containerID=#46 failed. Corresponding entry not found.
2021-08-10 12:16:30,638 [EventQueue-DeleteBlockStatusForDeletedBlockLogImpl] DEBUG block.DeletedBlockLogImpl (DeletedBlockLogImpl.java:isTransactionFailed(278)) - Got block deletion ACK from datanode, TXIDs=47, success=true
2021-08-10 12:16:30,638 [EventQueue-DeleteBlockStatusForDeletedBlockLogImpl] DEBUG block.DeletedBlockLogImpl (DeletedBlockLogImpl.java:commitTransactions(224)) - Transaction txId=47 commit by dnId=ad4991cb-97ce-4dd6-b117-42e7f6b0816f for containerID=#47 failed. Corresponding entry not found.
2021-08-10 12:16:30,638 [EventQueue-DeleteBlockStatusForDeletedBlockLogImpl] DEBUG block.DeletedBlockLogImpl (DeletedBlockLogImpl.java:isTransactionFailed(278)) - Got block deletion ACK from datanode, TXIDs=48, success=true
2021-08-10 12:16:30,638 [EventQueue-DeleteBlockStatusForDeletedBlockLogImpl] DEBUG block.DeletedBlockLogImpl (DeletedBlockLogImpl.java:commitTransactions(224)) - Transaction txId=48 commit by dnId=ad4991cb-97ce-4dd6-b117-42e7f6b0816f for containerID=#48 failed. Corresponding entry not found.
2021-08-10 12:16:30,638 [EventQueue-DeleteBlockStatusForDeletedBlockLogImpl] DEBUG block.DeletedBlockLogImpl (DeletedBlockLogImpl.java:isTransactionFailed(278)) - Got block deletion ACK from datanode, TXIDs=49, success=true
2021-08-10 12:16:30,638 [EventQueue-DeleteBlockStatusForDeletedBlockLogImpl] DEBUG block.DeletedBlockLogImpl (DeletedBlockLogImpl.java:commitTransactions(224)) - Transaction txId=49 commit by dnId=ad4991cb-97ce-4dd6-b117-42e7f6b0816f for containerID=#49 failed. Corresponding entry not found.
2021-08-10 12:16:30,638 [EventQueue-DeleteBlockStatusForDeletedBlockLogImpl] DEBUG block.DeletedBlockLogImpl (DeletedBlockLogImpl.java:isTransactionFailed(278)) - Got block deletion ACK from datanode, TXIDs=50, success=true
2021-08-10 12:16:30,638 [EventQueue-DeleteBlockStatusForDeletedBlockLogImpl] DEBUG block.DeletedBlockLogImpl (DeletedBlockLogImpl.java:commitTransactions(224)) - Transaction txId=50 commit by dnId=ad4991cb-97ce-4dd6-b117-42e7f6b0816f for containerID=#50 failed. Corresponding entry not found.
2021-08-10 12:16:30,638 [EventQueue-DeleteBlockStatusForDeletedBlockLogImpl] DEBUG block.DeletedBlockLogImpl (DeletedBlockLogImpl.java:isTransactionFailed(278)) - Got block deletion ACK from datanode, TXIDs=51, success=true
2021-08-10 12:16:30,638 [EventQueue-DeleteBlockStatusForDeletedBlockLogImpl] DEBUG block.DeletedBlockLogImpl (DeletedBlockLogImpl.java:commitTransactions(224)) - Transaction txId=51 commit by dnId=ad4991cb-97ce-4dd6-b117-42e7f6b0816f for containerID=#51 failed. Corresponding entry not found.
2021-08-10 12:16:30,638 [EventQueue-DeleteBlockStatusForDeletedBlockLogImpl] DEBUG block.DeletedBlockLogImpl (DeletedBlockLogImpl.java:isTransactionFailed(278)) - Got block deletion ACK from datanode, TXIDs=52, success=true
2021-08-10 12:16:30,638 [EventQueue-DeleteBlockStatusForDeletedBlockLogImpl] DEBUG block.DeletedBlockLogImpl (DeletedBlockLogImpl.java:commitTransactions(224)) - Transaction txId=52 commit by dnId=ad4991cb-97ce-4dd6-b117-42e7f6b0816f for containerID=#52 failed. Corresponding entry not found.
2021-08-10 12:16:30,638 [EventQueue-DeleteBlockStatusForDeletedBlockLogImpl] DEBUG block.DeletedBlockLogImpl (DeletedBlockLogImpl.java:isTransactionFailed(278)) - Got block deletion ACK from datanode, TXIDs=53, success=true
2021-08-10 12:16:30,638 [EventQueue-DeleteBlockStatusForDeletedBlockLogImpl] DEBUG block.DeletedBlockLogImpl (DeletedBlockLogImpl.java:commitTransactions(224)) - Transaction txId=53 commit by dnId=ad4991cb-97ce-4dd6-b117-42e7f6b0816f for containerID=#53 failed. Corresponding entry not found.
2021-08-10 12:16:30,638 [EventQueue-DeleteBlockStatusForDeletedBlockLogImpl] DEBUG block.DeletedBlockLogImpl (DeletedBlockLogImpl.java:isTransactionFailed(278)) - Got block deletion ACK from datanode, TXIDs=54, success=true
2021-08-10 12:16:30,638 [EventQueue-DeleteBlockStatusForDeletedBlockLogImpl] DEBUG block.DeletedBlockLogImpl (DeletedBlockLogImpl.java:commitTransactions(224)) - Transaction txId=54 commit by dnId=ad4991cb-97ce-4dd6-b117-42e7f6b0816f for containerID=#54 failed. Corresponding entry not found.
2021-08-10 12:16:30,638 [EventQueue-DeleteBlockStatusForDeletedBlockLogImpl] DEBUG block.DeletedBlockLogImpl (DeletedBlockLogImpl.java:isTransactionFailed(278)) - Got block deletion ACK from datanode, TXIDs=55, success=true
2021-08-10 12:16:30,638 [EventQueue-DeleteBlockStatusForDeletedBlockLogImpl] DEBUG block.DeletedBlockLogImpl (DeletedBlockLogImpl.java:commitTransactions(224)) - Transaction txId=55 commit by dnId=ad4991cb-97ce-4dd6-b117-42e7f6b0816f for containerID=#55 failed. Corresponding entry not found.
2021-08-10 12:16:30,638 [EventQueue-DeleteBlockStatusForDeletedBlockLogImpl] DEBUG block.DeletedBlockLogImpl (DeletedBlockLogImpl.java:isTransactionFailed(278)) - Got block deletion ACK from datanode, TXIDs=56, success=true
2021-08-10 12:16:30,638 [EventQueue-DeleteBlockStatusForDeletedBlockLogImpl] DEBUG block.DeletedBlockLogImpl (DeletedBlockLogImpl.java:commitTransactions(224)) - Transaction txId=56 commit by dnId=ad4991cb-97ce-4dd6-b117-42e7f6b0816f for containerID=#56 failed. Corresponding entry not found.
2021-08-10 12:16:30,638 [EventQueue-DeleteBlockStatusForDeletedBlockLogImpl] DEBUG block.DeletedBlockLogImpl (DeletedBlockLogImpl.java:isTransactionFailed(278)) - Got block deletion ACK from datanode, TXIDs=10, success=true
2021-08-10 12:16:30,638 [EventQueue-DeleteBlockStatusForDeletedBlockLogImpl] DEBUG block.DeletedBlockLogImpl (DeletedBlockLogImpl.java:commitTransactions(224)) - Transaction txId=10 commit by dnId=ad4991cb-97ce-4dd6-b117-42e7f6b0816f for containerID=#10 failed. Corresponding entry not found.
2021-08-10 12:16:30,638 [EventQueue-DeleteBlockStatusForDeletedBlockLogImpl] DEBUG block.DeletedBlockLogImpl (DeletedBlockLogImpl.java:isTransactionFailed(278)) - Got block deletion ACK from datanode, TXIDs=11, success=true
2021-08-10 12:16:30,638 [EventQueue-DeleteBlockStatusForDeletedBlockLogImpl] DEBUG block.DeletedBlockLogImpl (DeletedBlockLogImpl.java:commitTransactions(224)) - Transaction txId=11 commit by dnId=ad4991cb-97ce-4dd6-b117-42e7f6b0816f for containerID=#11 failed. Corresponding entry not found.
2021-08-10 12:16:30,638 [EventQueue-DeleteBlockStatusForDeletedBlockLogImpl] DEBUG block.DeletedBlockLogImpl (DeletedBlockLogImpl.java:isTransactionFailed(278)) - Got block deletion ACK from datanode, TXIDs=12, success=true
2021-08-10 12:16:30,638 [EventQueue-DeleteBlockStatusForDeletedBlockLogImpl] DEBUG block.DeletedBlockLogImpl (DeletedBlockLogImpl.java:commitTransactions(224)) - Transaction txId=12 commit by dnId=ad4991cb-97ce-4dd6-b117-42e7f6b0816f for containerID=#12 failed. Corresponding entry not found.
2021-08-10 12:16:30,638 [EventQueue-DeleteBlockStatusForDeletedBlockLogImpl] DEBUG block.DeletedBlockLogImpl (DeletedBlockLogImpl.java:isTransactionFailed(278)) - Got block deletion ACK from datanode, TXIDs=13, success=true
2021-08-10 12:16:30,638 [EventQueue-DeleteBlockStatusForDeletedBlockLogImpl] DEBUG block.DeletedBlockLogImpl (DeletedBlockLogImpl.java:commitTransactions(224)) - Transaction txId=13 commit by dnId=ad4991cb-97ce-4dd6-b117-42e7f6b0816f for containerID=#13 failed. Corresponding entry not found.
2021-08-10 12:16:30,638 [EventQueue-DeleteBlockStatusForDeletedBlockLogImpl] DEBUG block.DeletedBlockLogImpl (DeletedBlockLogImpl.java:isTransactionFailed(278)) - Got block deletion ACK from datanode, TXIDs=14, success=true
2021-08-10 12:16:30,638 [EventQueue-DeleteBlockStatusForDeletedBlockLogImpl] DEBUG block.DeletedBlockLogImpl (DeletedBlockLogImpl.java:commitTransactions(224)) - Transaction txId=14 commit by dnId=ad4991cb-97ce-4dd6-b117-42e7f6b0816f for containerID=#14 failed. Corresponding entry not found.
2021-08-10 12:16:30,638 [EventQueue-DeleteBlockStatusForDeletedBlockLogImpl] DEBUG block.DeletedBlockLogImpl (DeletedBlockLogImpl.java:isTransactionFailed(278)) - Got block deletion ACK from datanode, TXIDs=15, success=true
2021-08-10 12:16:30,638 [EventQueue-DeleteBlockStatusForDeletedBlockLogImpl] DEBUG block.DeletedBlockLogImpl (DeletedBlockLogImpl.java:commitTransactions(224)) - Transaction txId=15 commit by dnId=ad4991cb-97ce-4dd6-b117-42e7f6b0816f for containerID=#15 failed. Corresponding entry not found.
2021-08-10 12:16:30,638 [EventQueue-DeleteBlockStatusForDeletedBlockLogImpl] DEBUG block.DeletedBlockLogImpl (DeletedBlockLogImpl.java:isTransactionFailed(278)) - Got block deletion ACK from datanode, TXIDs=16, success=true
2021-08-10 12:16:30,638 [EventQueue-DeleteBlockStatusForDeletedBlockLogImpl] DEBUG block.DeletedBlockLogImpl (DeletedBlockLogImpl.java:commitTransactions(224)) - Transaction txId=16 commit by dnId=ad4991cb-97ce-4dd6-b117-42e7f6b0816f for containerID=#16 failed. Corresponding entry not found.
2021-08-10 12:16:30,638 [EventQueue-DeleteBlockStatusForDeletedBlockLogImpl] DEBUG block.DeletedBlockLogImpl (DeletedBlockLogImpl.java:isTransactionFailed(278)) - Got block deletion ACK from datanode, TXIDs=17, success=true
2021-08-10 12:16:30,638 [EventQueue-DeleteBlockStatusForDeletedBlockLogImpl] DEBUG block.DeletedBlockLogImpl (DeletedBlockLogImpl.java:commitTransactions(224)) - Transaction txId=17 commit by dnId=ad4991cb-97ce-4dd6-b117-42e7f6b0816f for containerID=#17 failed. Corresponding entry not found.
2021-08-10 12:16:30,638 [EventQueue-DeleteBlockStatusForDeletedBlockLogImpl] DEBUG block.DeletedBlockLogImpl (DeletedBlockLogImpl.java:isTransactionFailed(278)) - Got block deletion ACK from datanode, TXIDs=18, success=true
2021-08-10 12:16:30,638 [EventQueue-DeleteBlockStatusForDeletedBlockLogImpl] DEBUG block.DeletedBlockLogImpl (DeletedBlockLogImpl.java:commitTransactions(224)) - Transaction txId=18 commit by dnId=ad4991cb-97ce-4dd6-b117-42e7f6b0816f for containerID=#18 failed. Corresponding entry not found.
2021-08-10 12:16:30,638 [EventQueue-DeleteBlockStatusForDeletedBlockLogImpl] DEBUG block.DeletedBlockLogImpl (DeletedBlockLogImpl.java:isTransactionFailed(278)) - Got block deletion ACK from datanode, TXIDs=19, success=true
2021-08-10 12:16:30,638 [EventQueue-DeleteBlockStatusForDeletedBlockLogImpl] DEBUG block.DeletedBlockLogImpl (DeletedBlockLogImpl.java:commitTransactions(224)) - Transaction txId=19 commit by dnId=ad4991cb-97ce-4dd6-b117-42e7f6b0816f for containerID=#19 failed. Corresponding entry not found.
2021-08-10 12:16:30,638 [EventQueue-DeleteBlockStatusForDeletedBlockLogImpl] DEBUG block.DeletedBlockLogImpl (DeletedBlockLogImpl.java:isTransactionFailed(278)) - Got block deletion ACK from datanode, TXIDs=20, success=true
2021-08-10 12:16:30,638 [EventQueue-DeleteBlockStatusForDeletedBlockLogImpl] DEBUG block.DeletedBlockLogImpl (DeletedBlockLogImpl.java:commitTransactions(224)) - Transaction txId=20 commit by dnId=ad4991cb-97ce-4dd6-b117-42e7f6b0816f for containerID=#20 failed. Corresponding entry not found.
2021-08-10 12:16:30,639 [EventQueue-DeleteBlockStatusForDeletedBlockLogImpl] DEBUG block.DeletedBlockLogImpl (DeletedBlockLogImpl.java:isTransactionFailed(278)) - Got block deletion ACK from datanode, TXIDs=21, success=true
2021-08-10 12:16:30,639 [EventQueue-DeleteBlockStatusForDeletedBlockLogImpl] DEBUG block.DeletedBlockLogImpl (DeletedBlockLogImpl.java:commitTransactions(224)) - Transaction txId=21 commit by dnId=ad4991cb-97ce-4dd6-b117-42e7f6b0816f for containerID=#21 failed. Corresponding entry not found.
2021-08-10 12:16:30,639 [EventQueue-DeleteBlockStatusForDeletedBlockLogImpl] DEBUG block.DeletedBlockLogImpl (DeletedBlockLogImpl.java:isTransactionFailed(278)) - Got block deletion ACK from datanode, TXIDs=22, success=true
2021-08-10 12:16:30,639 [EventQueue-DeleteBlockStatusForDeletedBlockLogImpl] DEBUG block.DeletedBlockLogImpl (DeletedBlockLogImpl.java:commitTransactions(224)) - Transaction txId=22 commit by dnId=ad4991cb-97ce-4dd6-b117-42e7f6b0816f for containerID=#22 failed. Corresponding entry not found.
2021-08-10 12:16:30,639 [EventQueue-DeleteBlockStatusForDeletedBlockLogImpl] DEBUG block.DeletedBlockLogImpl (DeletedBlockLogImpl.java:isTransactionFailed(278)) - Got block deletion ACK from datanode, TXIDs=23, success=true
2021-08-10 12:16:30,639 [EventQueue-DeleteBlockStatusForDeletedBlockLogImpl] DEBUG block.DeletedBlockLogImpl (DeletedBlockLogImpl.java:commitTransactions(224)) - Transaction txId=23 commit by dnId=ad4991cb-97ce-4dd6-b117-42e7f6b0816f for containerID=#23 failed. Corresponding entry not found.
2021-08-10 12:16:30,639 [EventQueue-DeleteBlockStatusForDeletedBlockLogImpl] DEBUG block.DeletedBlockLogImpl (DeletedBlockLogImpl.java:isTransactionFailed(278)) - Got block deletion ACK from datanode, TXIDs=24, success=true
2021-08-10 12:16:30,639 [EventQueue-DeleteBlockStatusForDeletedBlockLogImpl] DEBUG block.DeletedBlockLogImpl (DeletedBlockLogImpl.java:commitTransactions(224)) - Transaction txId=24 commit by dnId=ad4991cb-97ce-4dd6-b117-42e7f6b0816f for containerID=#24 failed. Corresponding entry not found.
2021-08-10 12:16:30,639 [EventQueue-DeleteBlockStatusForDeletedBlockLogImpl] DEBUG block.DeletedBlockLogImpl (DeletedBlockLogImpl.java:isTransactionFailed(278)) - Got block deletion ACK from datanode, TXIDs=25, success=true
2021-08-10 12:16:30,639 [EventQueue-DeleteBlockStatusForDeletedBlockLogImpl] DEBUG block.DeletedBlockLogImpl (DeletedBlockLogImpl.java:commitTransactions(224)) - Transaction txId=25 commit by dnId=ad4991cb-97ce-4dd6-b117-42e7f6b0816f for containerID=#25 failed. Corresponding entry not found.
2021-08-10 12:16:30,639 [EventQueue-DeleteBlockStatusForDeletedBlockLogImpl] DEBUG block.DeletedBlockLogImpl (DeletedBlockLogImpl.java:isTransactionFailed(278)) - Got block deletion ACK from datanode, TXIDs=26, success=true
2021-08-10 12:16:30,639 [EventQueue-DeleteBlockStatusForDeletedBlockLogImpl] DEBUG block.DeletedBlockLogImpl (DeletedBlockLogImpl.java:commitTransactions(224)) - Transaction txId=26 commit by dnId=ad4991cb-97ce-4dd6-b117-42e7f6b0816f for containerID=#26 failed. Corresponding entry not found.
2021-08-10 12:16:30,639 [EventQueue-DeleteBlockStatusForDeletedBlockLogImpl] DEBUG block.DeletedBlockLogImpl (DeletedBlockLogImpl.java:isTransactionFailed(278)) - Got block deletion ACK from datanode, TXIDs=27, success=true
2021-08-10 12:16:30,639 [EventQueue-DeleteBlockStatusForDeletedBlockLogImpl] DEBUG block.DeletedBlockLogImpl (DeletedBlockLogImpl.java:commitTransactions(224)) - Transaction txId=27 commit by dnId=ad4991cb-97ce-4dd6-b117-42e7f6b0816f for containerID=#27 failed. Corresponding entry not found.
2021-08-10 12:16:30,639 [EventQueue-DeleteBlockStatusForDeletedBlockLogImpl] DEBUG block.DeletedBlockLogImpl (DeletedBlockLogImpl.java:isTransactionFailed(278)) - Got block deletion ACK from datanode, TXIDs=28, success=true
2021-08-10 12:16:30,639 [EventQueue-DeleteBlockStatusForDeletedBlockLogImpl] DEBUG block.DeletedBlockLogImpl (DeletedBlockLogImpl.java:commitTransactions(224)) - Transaction txId=28 commit by dnId=ad4991cb-97ce-4dd6-b117-42e7f6b0816f for containerID=#28 failed. Corresponding entry not found.
2021-08-10 12:16:30,639 [EventQueue-DeleteBlockStatusForDeletedBlockLogImpl] DEBUG block.DeletedBlockLogImpl (DeletedBlockLogImpl.java:isTransactionFailed(278)) - Got block deletion ACK from datanode, TXIDs=29, success=true
2021-08-10 12:16:30,639 [EventQueue-DeleteBlockStatusForDeletedBlockLogImpl] DEBUG block.DeletedBlockLogImpl (DeletedBlockLogImpl.java:commitTransactions(224)) - Transaction txId=29 commit by dnId=ad4991cb-97ce-4dd6-b117-42e7f6b0816f for containerID=#29 failed. Corresponding entry not found.
2021-08-10 12:16:30,639 [EventQueue-DeleteBlockStatusForDeletedBlockLogImpl] DEBUG block.DeletedBlockLogImpl (DeletedBlockLogImpl.java:isTransactionFailed(278)) - Got block deletion ACK from datanode, TXIDs=30, success=true
2021-08-10 12:16:30,639 [EventQueue-DeleteBlockStatusForDeletedBlockLogImpl] DEBUG block.DeletedBlockLogImpl (DeletedBlockLogImpl.java:commitTransactions(224)) - Transaction txId=30 commit by dnId=ad4991cb-97ce-4dd6-b117-42e7f6b0816f for containerID=#30 failed. Corresponding entry not found.
2021-08-10 12:16:30,639 [EventQueue-DeleteBlockStatusForDeletedBlockLogImpl] DEBUG block.DeletedBlockLogImpl (DeletedBlockLogImpl.java:isTransactionFailed(278)) - Got block deletion ACK from datanode, TXIDs=31, success=true
2021-08-10 12:16:30,639 [EventQueue-DeleteBlockStatusForDeletedBlockLogImpl] DEBUG block.DeletedBlockLogImpl (DeletedBlockLogImpl.java:commitTransactions(224)) - Transaction txId=31 commit by dnId=ad4991cb-97ce-4dd6-b117-42e7f6b0816f for containerID=#31 failed. Corresponding entry not found.
2021-08-10 12:16:30,639 [EventQueue-DeleteBlockStatusForDeletedBlockLogImpl] DEBUG block.DeletedBlockLogImpl (DeletedBlockLogImpl.java:isTransactionFailed(278)) - Got block deletion ACK from datanode, TXIDs=32, success=true
2021-08-10 12:16:30,639 [EventQueue-DeleteBlockStatusForDeletedBlockLogImpl] DEBUG block.DeletedBlockLogImpl (DeletedBlockLogImpl.java:commitTransactions(224)) - Transaction txId=32 commit by dnId=ad4991cb-97ce-4dd6-b117-42e7f6b0816f for containerID=#32 failed. Corresponding entry not found.
2021-08-10 12:16:30,639 [EventQueue-DeleteBlockStatusForDeletedBlockLogImpl] DEBUG block.DeletedBlockLogImpl (DeletedBlockLogImpl.java:isTransactionFailed(278)) - Got block deletion ACK from datanode, TXIDs=33, success=true
2021-08-10 12:16:30,639 [EventQueue-DeleteBlockStatusForDeletedBlockLogImpl] DEBUG block.DeletedBlockLogImpl (DeletedBlockLogImpl.java:commitTransactions(224)) - Transaction txId=33 commit by dnId=ad4991cb-97ce-4dd6-b117-42e7f6b0816f for containerID=#33 failed. Corresponding entry not found.
2021-08-10 12:16:30,639 [EventQueue-DeleteBlockStatusForDeletedBlockLogImpl] DEBUG block.DeletedBlockLogImpl (DeletedBlockLogImpl.java:isTransactionFailed(278)) - Got block deletion ACK from datanode, TXIDs=34, success=true
2021-08-10 12:16:30,639 [EventQueue-DeleteBlockStatusForDeletedBlockLogImpl] DEBUG block.DeletedBlockLogImpl (DeletedBlockLogImpl.java:commitTransactions(224)) - Transaction txId=34 commit by dnId=ad4991cb-97ce-4dd6-b117-42e7f6b0816f for containerID=#34 failed. Corresponding entry not found.
2021-08-10 12:16:30,639 [EventQueue-DeleteBlockStatusForDeletedBlockLogImpl] DEBUG block.DeletedBlockLogImpl (DeletedBlockLogImpl.java:isTransactionFailed(278)) - Got block deletion ACK from datanode, TXIDs=35, success=true
2021-08-10 12:16:30,639 [EventQueue-DeleteBlockStatusForDeletedBlockLogImpl] DEBUG block.DeletedBlockLogImpl (DeletedBlockLogImpl.java:commitTransactions(224)) - Transaction txId=35 commit by dnId=ad4991cb-97ce-4dd6-b117-42e7f6b0816f for containerID=#35 failed. Corresponding entry not found.
2021-08-10 12:16:30,639 [EventQueue-DeleteBlockStatusForDeletedBlockLogImpl] DEBUG block.DeletedBlockLogImpl (DeletedBlockLogImpl.java:isTransactionFailed(278)) - Got block deletion ACK from datanode, TXIDs=36, success=true
2021-08-10 12:16:30,639 [EventQueue-DeleteBlockStatusForDeletedBlockLogImpl] DEBUG block.DeletedBlockLogImpl (DeletedBlockLogImpl.java:commitTransactions(224)) - Transaction txId=36 commit by dnId=ad4991cb-97ce-4dd6-b117-42e7f6b0816f for containerID=#36 failed. Corresponding entry not found.
2021-08-10 12:16:30,639 [EventQueue-DeleteBlockStatusForDeletedBlockLogImpl] DEBUG block.DeletedBlockLogImpl (DeletedBlockLogImpl.java:isTransactionFailed(278)) - Got block deletion ACK from datanode, TXIDs=37, success=true
2021-08-10 12:16:30,639 [EventQueue-DeleteBlockStatusForDeletedBlockLogImpl] DEBUG block.DeletedBlockLogImpl (DeletedBlockLogImpl.java:commitTransactions(224)) - Transaction txId=37 commit by dnId=ad4991cb-97ce-4dd6-b117-42e7f6b0816f for containerID=#37 failed. Corresponding entry not found.
2021-08-10 12:16:30,639 [EventQueue-DeleteBlockStatusForDeletedBlockLogImpl] DEBUG block.DeletedBlockLogImpl (DeletedBlockLogImpl.java:isTransactionFailed(278)) - Got block deletion ACK from datanode, TXIDs=38, success=true
2021-08-10 12:16:30,639 [EventQueue-DeleteBlockStatusForDeletedBlockLogImpl] DEBUG block.DeletedBlockLogImpl (DeletedBlockLogImpl.java:commitTransactions(224)) - Transaction txId=38 commit by dnId=ad4991cb-97ce-4dd6-b117-42e7f6b0816f for containerID=#38 failed. Corresponding entry not found.
2021-08-10 12:16:30,639 [EventQueue-DeleteBlockStatusForDeletedBlockLogImpl] DEBUG block.DeletedBlockLogImpl (DeletedBlockLogImpl.java:isTransactionFailed(278)) - Got block deletion ACK from datanode, TXIDs=39, success=true
2021-08-10 12:16:30,639 [EventQueue-DeleteBlockStatusForDeletedBlockLogImpl] DEBUG block.DeletedBlockLogImpl (DeletedBlockLogImpl.java:commitTransactions(224)) - Transaction txId=39 commit by dnId=ad4991cb-97ce-4dd6-b117-42e7f6b0816f for containerID=#39 failed. Corresponding entry not found.
2021-08-10 12:16:30,646 [SCMBlockDeletingService#0] DEBUG block.SCMBlockDeletingService (SCMBlockDeletingService.java:call(133)) - Running DeletedBlockTransactionScanner
2021-08-10 12:16:30,647 [EventQueue-DeleteBlockStatusForDeletedBlockLogImpl] DEBUG block.DeletedBlockLogImpl (DeletedBlockLogImpl.java:isTransactionFailed(278)) - Got block deletion ACK from datanode, TXIDs=40, success=true
2021-08-10 12:16:30,647 [EventQueue-DeleteBlockStatusForDeletedBlockLogImpl] DEBUG block.DeletedBlockLogImpl (DeletedBlockLogImpl.java:commitTransactions(224)) - Transaction txId=40 commit by dnId=ad4991cb-97ce-4dd6-b117-42e7f6b0816f for containerID=#40 failed. Corresponding entry not found.
2021-08-10 12:16:30,647 [EventQueue-DeleteBlockStatusForDeletedBlockLogImpl] DEBUG block.DeletedBlockLogImpl (DeletedBlockLogImpl.java:isTransactionFailed(278)) - Got block deletion ACK from datanode, TXIDs=41, success=true
2021-08-10 12:16:30,647 [EventQueue-DeleteBlockStatusForDeletedBlockLogImpl] DEBUG block.DeletedBlockLogImpl (DeletedBlockLogImpl.java:commitTransactions(224)) - Transaction txId=41 commit by dnId=ad4991cb-97ce-4dd6-b117-42e7f6b0816f for containerID=#41 failed. Corresponding entry not found.
2021-08-10 12:16:30,647 [EventQueue-DeleteBlockStatusForDeletedBlockLogImpl] DEBUG block.DeletedBlockLogImpl (DeletedBlockLogImpl.java:isTransactionFailed(278)) - Got block deletion ACK from datanode, TXIDs=42, success=true
2021-08-10 12:16:30,647 [EventQueue-DeleteBlockStatusForDeletedBlockLogImpl] DEBUG block.DeletedBlockLogImpl (DeletedBlockLogImpl.java:commitTransactions(224)) - Transaction txId=42 commit by dnId=ad4991cb-97ce-4dd6-b117-42e7f6b0816f for containerID=#42 failed. Corresponding entry not found.
2021-08-10 12:16:30,647 [EventQueue-DeleteBlockStatusForDeletedBlockLogImpl] DEBUG block.DeletedBlockLogImpl (DeletedBlockLogImpl.java:isTransactionFailed(278)) - Got block deletion ACK from datanode, TXIDs=43, success=true
2021-08-10 12:16:30,647 [EventQueue-DeleteBlockStatusForDeletedBlockLogImpl] DEBUG block.DeletedBlockLogImpl (DeletedBlockLogImpl.java:commitTransactions(224)) - Transaction txId=43 commit by dnId=ad4991cb-97ce-4dd6-b117-42e7f6b0816f for containerID=#43 failed. Corresponding entry not found.
2021-08-10 12:16:30,647 [EventQueue-DeleteBlockStatusForDeletedBlockLogImpl] DEBUG block.DeletedBlockLogImpl (DeletedBlockLogImpl.java:isTransactionFailed(278)) - Got block deletion ACK from datanode, TXIDs=44, success=true
2021-08-10 12:16:30,647 [EventQueue-DeleteBlockStatusForDeletedBlockLogImpl] DEBUG block.DeletedBlockLogImpl (DeletedBlockLogImpl.java:commitTransactions(224)) - Transaction txId=44 commit by dnId=ad4991cb-97ce-4dd6-b117-42e7f6b0816f for containerID=#44 failed. Corresponding entry not found.
2021-08-10 12:16:30,647 [EventQueue-DeleteBlockStatusForDeletedBlockLogImpl] DEBUG block.DeletedBlockLogImpl (DeletedBlockLogImpl.java:isTransactionFailed(278)) - Got block deletion ACK from datanode, TXIDs=45, success=true
2021-08-10 12:16:30,647 [EventQueue-DeleteBlockStatusForDeletedBlockLogImpl] DEBUG block.DeletedBlockLogImpl (DeletedBlockLogImpl.java:commitTransactions(224)) - Transaction txId=45 commit by dnId=ad4991cb-97ce-4dd6-b117-42e7f6b0816f for containerID=#45 failed. Corresponding entry not found.
2021-08-10 12:16:30,647 [EventQueue-DeleteBlockStatusForDeletedBlockLogImpl] DEBUG block.DeletedBlockLogImpl (DeletedBlockLogImpl.java:isTransactionFailed(278)) - Got block deletion ACK from datanode, TXIDs=46, success=true
2021-08-10 12:16:30,647 [EventQueue-DeleteBlockStatusForDeletedBlockLogImpl] DEBUG block.DeletedBlockLogImpl (DeletedBlockLogImpl.java:commitTransactions(224)) - Transaction txId=46 commit by dnId=ad4991cb-97ce-4dd6-b117-42e7f6b0816f for containerID=#46 failed. Corresponding entry not found.
2021-08-10 12:16:30,647 [EventQueue-DeleteBlockStatusForDeletedBlockLogImpl] DEBUG block.DeletedBlockLogImpl (DeletedBlockLogImpl.java:isTransactionFailed(278)) - Got block deletion ACK from datanode, TXIDs=47, success=true
2021-08-10 12:16:30,647 [EventQueue-DeleteBlockStatusForDeletedBlockLogImpl] DEBUG block.DeletedBlockLogImpl (DeletedBlockLogImpl.java:commitTransactions(224)) - Transaction txId=47 commit by dnId=ad4991cb-97ce-4dd6-b117-42e7f6b0816f for containerID=#47 failed. Corresponding entry not found.
2021-08-10 12:16:30,647 [EventQueue-DeleteBlockStatusForDeletedBlockLogImpl] DEBUG block.DeletedBlockLogImpl (DeletedBlockLogImpl.java:isTransactionFailed(278)) - Got block deletion ACK from datanode, TXIDs=48, success=true
2021-08-10 12:16:30,647 [EventQueue-DeleteBlockStatusForDeletedBlockLogImpl] DEBUG block.DeletedBlockLogImpl (DeletedBlockLogImpl.java:commitTransactions(224)) - Transaction txId=48 commit by dnId=ad4991cb-97ce-4dd6-b117-42e7f6b0816f for containerID=#48 failed. Corresponding entry not found.
2021-08-10 12:16:30,647 [EventQueue-DeleteBlockStatusForDeletedBlockLogImpl] DEBUG block.DeletedBlockLogImpl (DeletedBlockLogImpl.java:isTransactionFailed(278)) - Got block deletion ACK from datanode, TXIDs=49, success=true
2021-08-10 12:16:30,647 [EventQueue-DeleteBlockStatusForDeletedBlockLogImpl] DEBUG block.DeletedBlockLogImpl (DeletedBlockLogImpl.java:commitTransactions(224)) - Transaction txId=49 commit by dnId=ad4991cb-97ce-4dd6-b117-42e7f6b0816f for containerID=#49 failed. Corresponding entry not found.
2021-08-10 12:16:30,647 [EventQueue-DeleteBlockStatusForDeletedBlockLogImpl] DEBUG block.DeletedBlockLogImpl (DeletedBlockLogImpl.java:isTransactionFailed(278)) - Got block deletion ACK from datanode, TXIDs=50, success=true
2021-08-10 12:16:30,647 [EventQueue-DeleteBlockStatusForDeletedBlockLogImpl] DEBUG block.DeletedBlockLogImpl (DeletedBlockLogImpl.java:commitTransactions(224)) - Transaction txId=50 commit by dnId=ad4991cb-97ce-4dd6-b117-42e7f6b0816f for containerID=#50 failed. Corresponding entry not found.
2021-08-10 12:16:30,647 [EventQueue-DeleteBlockStatusForDeletedBlockLogImpl] DEBUG block.DeletedBlockLogImpl (DeletedBlockLogImpl.java:isTransactionFailed(278)) - Got block deletion ACK from datanode, TXIDs=51, success=true
2021-08-10 12:16:30,648 [EventQueue-DeleteBlockStatusForDeletedBlockLogImpl] DEBUG block.DeletedBlockLogImpl (DeletedBlockLogImpl.java:commitTransactions(224)) - Transaction txId=51 commit by dnId=ad4991cb-97ce-4dd6-b117-42e7f6b0816f for containerID=#51 failed. Corresponding entry not found.
2021-08-10 12:16:30,648 [EventQueue-DeleteBlockStatusForDeletedBlockLogImpl] DEBUG block.DeletedBlockLogImpl (DeletedBlockLogImpl.java:isTransactionFailed(278)) - Got block deletion ACK from datanode, TXIDs=52, success=true
2021-08-10 12:16:30,648 [EventQueue-DeleteBlockStatusForDeletedBlockLogImpl] DEBUG block.DeletedBlockLogImpl (DeletedBlockLogImpl.java:commitTransactions(224)) - Transaction txId=52 commit by dnId=ad4991cb-97ce-4dd6-b117-42e7f6b0816f for containerID=#52 failed. Corresponding entry not found.
2021-08-10 12:16:30,648 [EventQueue-DeleteBlockStatusForDeletedBlockLogImpl] DEBUG block.DeletedBlockLogImpl (DeletedBlockLogImpl.java:isTransactionFailed(278)) - Got block deletion ACK from datanode, TXIDs=53, success=true
2021-08-10 12:16:30,648 [EventQueue-DeleteBlockStatusForDeletedBlockLogImpl] DEBUG block.DeletedBlockLogImpl (DeletedBlockLogImpl.java:commitTransactions(224)) - Transaction txId=53 commit by dnId=ad4991cb-97ce-4dd6-b117-42e7f6b0816f for containerID=#53 failed. Corresponding entry not found.
2021-08-10 12:16:30,648 [EventQueue-DeleteBlockStatusForDeletedBlockLogImpl] DEBUG block.DeletedBlockLogImpl (DeletedBlockLogImpl.java:isTransactionFailed(278)) - Got block deletion ACK from datanode, TXIDs=54, success=true
2021-08-10 12:16:30,648 [EventQueue-DeleteBlockStatusForDeletedBlockLogImpl] DEBUG block.DeletedBlockLogImpl (DeletedBlockLogImpl.java:commitTransactions(224)) - Transaction txId=54 commit by dnId=ad4991cb-97ce-4dd6-b117-42e7f6b0816f for containerID=#54 failed. Corresponding entry not found.
2021-08-10 12:16:30,648 [EventQueue-DeleteBlockStatusForDeletedBlockLogImpl] DEBUG block.DeletedBlockLogImpl (DeletedBlockLogImpl.java:isTransactionFailed(278)) - Got block deletion ACK from datanode, TXIDs=55, success=true
2021-08-10 12:16:30,648 [EventQueue-DeleteBlockStatusForDeletedBlockLogImpl] DEBUG block.DeletedBlockLogImpl (DeletedBlockLogImpl.java:commitTransactions(224)) - Transaction txId=55 commit by dnId=ad4991cb-97ce-4dd6-b117-42e7f6b0816f for containerID=#55 failed. Corresponding entry not found.
2021-08-10 12:16:30,648 [EventQueue-DeleteBlockStatusForDeletedBlockLogImpl] DEBUG block.DeletedBlockLogImpl (DeletedBlockLogImpl.java:isTransactionFailed(278)) - Got block deletion ACK from datanode, TXIDs=56, success=true
2021-08-10 12:16:30,648 [EventQueue-DeleteBlockStatusForDeletedBlockLogImpl] DEBUG block.DeletedBlockLogImpl (DeletedBlockLogImpl.java:commitTransactions(224)) - Transaction txId=56 commit by dnId=ad4991cb-97ce-4dd6-b117-42e7f6b0816f for containerID=#56 failed. Corresponding entry not found.
2021-08-10 12:16:30,648 [EventQueue-DeleteBlockStatusForDeletedBlockLogImpl] DEBUG block.DeletedBlockLogImpl (DeletedBlockLogImpl.java:isTransactionFailed(278)) - Got block deletion ACK from datanode, TXIDs=10, success=true
2021-08-10 12:16:30,648 [EventQueue-DeleteBlockStatusForDeletedBlockLogImpl] DEBUG block.DeletedBlockLogImpl (DeletedBlockLogImpl.java:commitTransactions(224)) - Transaction txId=10 commit by dnId=ad4991cb-97ce-4dd6-b117-42e7f6b0816f for containerID=#10 failed. Corresponding entry not found.
2021-08-10 12:16:30,648 [EventQueue-DeleteBlockStatusForDeletedBlockLogImpl] DEBUG block.DeletedBlockLogImpl (DeletedBlockLogImpl.java:isTransactionFailed(278)) - Got block deletion ACK from datanode, TXIDs=11, success=true
2021-08-10 12:16:30,648 [EventQueue-DeleteBlockStatusForDeletedBlockLogImpl] DEBUG block.DeletedBlockLogImpl (DeletedBlockLogImpl.java:commitTransactions(224)) - Transaction txId=11 commit by dnId=ad4991cb-97ce-4dd6-b117-42e7f6b0816f for containerID=#11 failed. Corresponding entry not found.
2021-08-10 12:16:30,648 [EventQueue-DeleteBlockStatusForDeletedBlockLogImpl] DEBUG block.DeletedBlockLogImpl (DeletedBlockLogImpl.java:isTransactionFailed(278)) - Got block deletion ACK from datanode, TXIDs=12, success=true
2021-08-10 12:16:30,648 [EventQueue-DeleteBlockStatusForDeletedBlockLogImpl] DEBUG block.DeletedBlockLogImpl (DeletedBlockLogImpl.java:commitTransactions(224)) - Transaction txId=12 commit by dnId=ad4991cb-97ce-4dd6-b117-42e7f6b0816f for containerID=#12 failed. Corresponding entry not found.
2021-08-10 12:16:30,648 [EventQueue-DeleteBlockStatusForDeletedBlockLogImpl] DEBUG block.DeletedBlockLogImpl (DeletedBlockLogImpl.java:isTransactionFailed(278)) - Got block deletion ACK from datanode, TXIDs=13, success=true
2021-08-10 12:16:30,648 [EventQueue-DeleteBlockStatusForDeletedBlockLogImpl] DEBUG block.DeletedBlockLogImpl (DeletedBlockLogImpl.java:commitTransactions(224)) - Transaction txId=13 commit by dnId=ad4991cb-97ce-4dd6-b117-42e7f6b0816f for containerID=#13 failed. Corresponding entry not found.
2021-08-10 12:16:30,648 [EventQueue-DeleteBlockStatusForDeletedBlockLogImpl] DEBUG block.DeletedBlockLogImpl (DeletedBlockLogImpl.java:isTransactionFailed(278)) - Got block deletion ACK from datanode, TXIDs=14, success=true
2021-08-10 12:16:30,648 [EventQueue-DeleteBlockStatusForDeletedBlockLogImpl] DEBUG block.DeletedBlockLogImpl (DeletedBlockLogImpl.java:commitTransactions(224)) - Transaction txId=14 commit by dnId=ad4991cb-97ce-4dd6-b117-42e7f6b0816f for containerID=#14 failed. Corresponding entry not found.
2021-08-10 12:16:30,648 [EventQueue-DeleteBlockStatusForDeletedBlockLogImpl] DEBUG block.DeletedBlockLogImpl (DeletedBlockLogImpl.java:isTransactionFailed(278)) - Got block deletion ACK from datanode, TXIDs=15, success=true
2021-08-10 12:16:30,648 [EventQueue-DeleteBlockStatusForDeletedBlockLogImpl] DEBUG block.DeletedBlockLogImpl (DeletedBlockLogImpl.java:commitTransactions(224)) - Transaction txId=15 commit by dnId=ad4991cb-97ce-4dd6-b117-42e7f6b0816f for containerID=#15 failed. Corresponding entry not found.
2021-08-10 12:16:30,648 [EventQueue-DeleteBlockStatusForDeletedBlockLogImpl] DEBUG block.DeletedBlockLogImpl (DeletedBlockLogImpl.java:isTransactionFailed(278)) - Got block deletion ACK from datanode, TXIDs=16, success=true
2021-08-10 12:16:30,648 [EventQueue-DeleteBlockStatusForDeletedBlockLogImpl] DEBUG block.DeletedBlockLogImpl (DeletedBlockLogImpl.java:commitTransactions(224)) - Transaction txId=16 commit by dnId=ad4991cb-97ce-4dd6-b117-42e7f6b0816f for containerID=#16 failed. Corresponding entry not found.
2021-08-10 12:16:30,649 [EventQueue-DeleteBlockStatusForDeletedBlockLogImpl] DEBUG block.DeletedBlockLogImpl (DeletedBlockLogImpl.java:isTransactionFailed(278)) - Got block deletion ACK from datanode, TXIDs=17, success=true
2021-08-10 12:16:30,649 [EventQueue-DeleteBlockStatusForDeletedBlockLogImpl] DEBUG block.DeletedBlockLogImpl (DeletedBlockLogImpl.java:commitTransactions(224)) - Transaction txId=17 commit by dnId=ad4991cb-97ce-4dd6-b117-42e7f6b0816f for containerID=#17 failed. Corresponding entry not found.
2021-08-10 12:16:30,649 [EventQueue-DeleteBlockStatusForDeletedBlockLogImpl] DEBUG block.DeletedBlockLogImpl (DeletedBlockLogImpl.java:isTransactionFailed(278)) - Got block deletion ACK from datanode, TXIDs=18, success=true
2021-08-10 12:16:30,649 [EventQueue-DeleteBlockStatusForDeletedBlockLogImpl] DEBUG block.DeletedBlockLogImpl (DeletedBlockLogImpl.java:commitTransactions(224)) - Transaction txId=18 commit by dnId=ad4991cb-97ce-4dd6-b117-42e7f6b0816f for containerID=#18 failed. Corresponding entry not found.
2021-08-10 12:16:30,649 [EventQueue-DeleteBlockStatusForDeletedBlockLogImpl] DEBUG block.DeletedBlockLogImpl (DeletedBlockLogImpl.java:isTransactionFailed(278)) - Got block deletion ACK from datanode, TXIDs=19, success=true
2021-08-10 12:16:30,649 [EventQueue-DeleteBlockStatusForDeletedBlockLogImpl] DEBUG block.DeletedBlockLogImpl (DeletedBlockLogImpl.java:commitTransactions(224)) - Transaction txId=19 commit by dnId=ad4991cb-97ce-4dd6-b117-42e7f6b0816f for containerID=#19 failed. Corresponding entry not found.
2021-08-10 12:16:30,649 [EventQueue-DeleteBlockStatusForDeletedBlockLogImpl] DEBUG block.DeletedBlockLogImpl (DeletedBlockLogImpl.java:isTransactionFailed(278)) - Got block deletion ACK from datanode, TXIDs=20, success=true
2021-08-10 12:16:30,649 [EventQueue-DeleteBlockStatusForDeletedBlockLogImpl] DEBUG block.DeletedBlockLogImpl (DeletedBlockLogImpl.java:commitTransactions(224)) - Transaction txId=20 commit by dnId=ad4991cb-97ce-4dd6-b117-42e7f6b0816f for containerID=#20 failed. Corresponding entry not found.
2021-08-10 12:16:30,649 [EventQueue-DeleteBlockStatusForDeletedBlockLogImpl] DEBUG block.DeletedBlockLogImpl (DeletedBlockLogImpl.java:isTransactionFailed(278)) - Got block deletion ACK from datanode, TXIDs=21, success=true
2021-08-10 12:16:30,649 [EventQueue-DeleteBlockStatusForDeletedBlockLogImpl] DEBUG block.DeletedBlockLogImpl (DeletedBlockLogImpl.java:commitTransactions(224)) - Transaction txId=21 commit by dnId=ad4991cb-97ce-4dd6-b117-42e7f6b0816f for containerID=#21 failed. Corresponding entry not found.
2021-08-10 12:16:30,649 [EventQueue-DeleteBlockStatusForDeletedBlockLogImpl] DEBUG block.DeletedBlockLogImpl (DeletedBlockLogImpl.java:isTransactionFailed(278)) - Got block deletion ACK from datanode, TXIDs=22, success=true
2021-08-10 12:16:30,649 [EventQueue-DeleteBlockStatusForDeletedBlockLogImpl] DEBUG block.DeletedBlockLogImpl (DeletedBlockLogImpl.java:commitTransactions(224)) - Transaction txId=22 commit by dnId=ad4991cb-97ce-4dd6-b117-42e7f6b0816f for containerID=#22 failed. Corresponding entry not found.
2021-08-10 12:16:30,649 [EventQueue-DeleteBlockStatusForDeletedBlockLogImpl] DEBUG block.DeletedBlockLogImpl (DeletedBlockLogImpl.java:isTransactionFailed(278)) - Got block deletion ACK from datanode, TXIDs=23, success=true
2021-08-10 12:16:30,649 [EventQueue-DeleteBlockStatusForDeletedBlockLogImpl] DEBUG block.DeletedBlockLogImpl (DeletedBlockLogImpl.java:commitTransactions(224)) - Transaction txId=23 commit by dnId=ad4991cb-97ce-4dd6-b117-42e7f6b0816f for containerID=#23 failed. Corresponding entry not found.
2021-08-10 12:16:30,649 [EventQueue-DeleteBlockStatusForDeletedBlockLogImpl] DEBUG block.DeletedBlockLogImpl (DeletedBlockLogImpl.java:isTransactionFailed(278)) - Got block deletion ACK from datanode, TXIDs=24, success=true
2021-08-10 12:16:30,649 [EventQueue-DeleteBlockStatusForDeletedBlockLogImpl] DEBUG block.DeletedBlockLogImpl (DeletedBlockLogImpl.java:commitTransactions(224)) - Transaction txId=24 commit by dnId=ad4991cb-97ce-4dd6-b117-42e7f6b0816f for containerID=#24 failed. Corresponding entry not found.
2021-08-10 12:16:30,649 [EventQueue-DeleteBlockStatusForDeletedBlockLogImpl] DEBUG block.DeletedBlockLogImpl (DeletedBlockLogImpl.java:isTransactionFailed(278)) - Got block deletion ACK from datanode, TXIDs=25, success=true
2021-08-10 12:16:30,649 [EventQueue-DeleteBlockStatusForDeletedBlockLogImpl] DEBUG block.DeletedBlockLogImpl (DeletedBlockLogImpl.java:commitTransactions(224)) - Transaction txId=25 commit by dnId=ad4991cb-97ce-4dd6-b117-42e7f6b0816f for containerID=#25 failed. Corresponding entry not found.
2021-08-10 12:16:30,649 [EventQueue-DeleteBlockStatusForDeletedBlockLogImpl] DEBUG block.DeletedBlockLogImpl (DeletedBlockLogImpl.java:isTransactionFailed(278)) - Got block deletion ACK from datanode, TXIDs=26, success=true
2021-08-10 12:16:30,649 [EventQueue-DeleteBlockStatusForDeletedBlockLogImpl] DEBUG block.DeletedBlockLogImpl (DeletedBlockLogImpl.java:commitTransactions(224)) - Transaction txId=26 commit by dnId=ad4991cb-97ce-4dd6-b117-42e7f6b0816f for containerID=#26 failed. Corresponding entry not found.
2021-08-10 12:16:30,649 [EventQueue-DeleteBlockStatusForDeletedBlockLogImpl] DEBUG block.DeletedBlockLogImpl (DeletedBlockLogImpl.java:isTransactionFailed(278)) - Got block deletion ACK from datanode, TXIDs=27, success=true
2021-08-10 12:16:30,649 [EventQueue-DeleteBlockStatusForDeletedBlockLogImpl] DEBUG block.DeletedBlockLogImpl (DeletedBlockLogImpl.java:commitTransactions(224)) - Transaction txId=27 commit by dnId=ad4991cb-97ce-4dd6-b117-42e7f6b0816f for containerID=#27 failed. Corresponding entry not found.
2021-08-10 12:16:30,650 [EventQueue-DeleteBlockStatusForDeletedBlockLogImpl] DEBUG block.DeletedBlockLogImpl (DeletedBlockLogImpl.java:isTransactionFailed(278)) - Got block deletion ACK from datanode, TXIDs=28, success=true
2021-08-10 12:16:30,650 [EventQueue-DeleteBlockStatusForDeletedBlockLogImpl] DEBUG block.DeletedBlockLogImpl (DeletedBlockLogImpl.java:commitTransactions(224)) - Transaction txId=28 commit by dnId=ad4991cb-97ce-4dd6-b117-42e7f6b0816f for containerID=#28 failed. Corresponding entry not found.
2021-08-10 12:16:30,650 [EventQueue-DeleteBlockStatusForDeletedBlockLogImpl] DEBUG block.DeletedBlockLogImpl (DeletedBlockLogImpl.java:isTransactionFailed(278)) - Got block deletion ACK from datanode, TXIDs=29, success=true
2021-08-10 12:16:30,650 [EventQueue-DeleteBlockStatusForDeletedBlockLogImpl] DEBUG block.DeletedBlockLogImpl (DeletedBlockLogImpl.java:commitTransactions(224)) - Transaction txId=29 commit by dnId=ad4991cb-97ce-4dd6-b117-42e7f6b0816f for containerID=#29 failed. Corresponding entry not found.
2021-08-10 12:16:30,650 [EventQueue-DeleteBlockStatusForDeletedBlockLogImpl] DEBUG block.DeletedBlockLogImpl (DeletedBlockLogImpl.java:isTransactionFailed(278)) - Got block deletion ACK from datanode, TXIDs=30, success=true
2021-08-10 12:16:30,650 [EventQueue-DeleteBlockStatusForDeletedBlockLogImpl] DEBUG block.DeletedBlockLogImpl (DeletedBlockLogImpl.java:commitTransactions(224)) - Transaction txId=30 commit by dnId=ad4991cb-97ce-4dd6-b117-42e7f6b0816f for containerID=#30 failed. Corresponding entry not found.
2021-08-10 12:16:30,650 [EventQueue-DeleteBlockStatusForDeletedBlockLogImpl] DEBUG block.DeletedBlockLogImpl (DeletedBlockLogImpl.java:isTransactionFailed(278)) - Got block deletion ACK from datanode, TXIDs=31, success=true
2021-08-10 12:16:30,650 [EventQueue-DeleteBlockStatusForDeletedBlockLogImpl] DEBUG block.DeletedBlockLogImpl (DeletedBlockLogImpl.java:commitTransactions(224)) - Transaction txId=31 commit by dnId=ad4991cb-97ce-4dd6-b117-42e7f6b0816f for containerID=#31 failed. Corresponding entry not found.
2021-08-10 12:16:30,650 [EventQueue-DeleteBlockStatusForDeletedBlockLogImpl] DEBUG block.DeletedBlockLogImpl (DeletedBlockLogImpl.java:isTransactionFailed(278)) - Got block deletion ACK from datanode, TXIDs=32, success=true
2021-08-10 12:16:30,650 [EventQueue-DeleteBlockStatusForDeletedBlockLogImpl] DEBUG block.DeletedBlockLogImpl (DeletedBlockLogImpl.java:commitTransactions(224)) - Transaction txId=32 commit by dnId=ad4991cb-97ce-4dd6-b117-42e7f6b0816f for containerID=#32 failed. Corresponding entry not found.
2021-08-10 12:16:30,650 [EventQueue-DeleteBlockStatusForDeletedBlockLogImpl] DEBUG block.DeletedBlockLogImpl (DeletedBlockLogImpl.java:isTransactionFailed(278)) - Got block deletion ACK from datanode, TXIDs=33, success=true
2021-08-10 12:16:30,650 [EventQueue-DeleteBlockStatusForDeletedBlockLogImpl] DEBUG block.DeletedBlockLogImpl (DeletedBlockLogImpl.java:commitTransactions(224)) - Transaction txId=33 commit by dnId=ad4991cb-97ce-4dd6-b117-42e7f6b0816f for containerID=#33 failed. Corresponding entry not found.
2021-08-10 12:16:30,650 [EventQueue-DeleteBlockStatusForDeletedBlockLogImpl] DEBUG block.DeletedBlockLogImpl (DeletedBlockLogImpl.java:isTransactionFailed(278)) - Got block deletion ACK from datanode, TXIDs=34, success=true
2021-08-10 12:16:30,650 [EventQueue-DeleteBlockStatusForDeletedBlockLogImpl] DEBUG block.DeletedBlockLogImpl (DeletedBlockLogImpl.java:commitTransactions(224)) - Transaction txId=34 commit by dnId=ad4991cb-97ce-4dd6-b117-42e7f6b0816f for containerID=#34 failed. Corresponding entry not found.
2021-08-10 12:16:30,650 [EventQueue-DeleteBlockStatusForDeletedBlockLogImpl] DEBUG block.DeletedBlockLogImpl (DeletedBlockLogImpl.java:isTransactionFailed(278)) - Got block deletion ACK from datanode, TXIDs=35, success=true
2021-08-10 12:16:30,650 [EventQueue-DeleteBlockStatusForDeletedBlockLogImpl] DEBUG block.DeletedBlockLogImpl (DeletedBlockLogImpl.java:commitTransactions(224)) - Transaction txId=35 commit by dnId=ad4991cb-97ce-4dd6-b117-42e7f6b0816f for containerID=#35 failed. Corresponding entry not found.
2021-08-10 12:16:30,650 [EventQueue-DeleteBlockStatusForDeletedBlockLogImpl] DEBUG block.DeletedBlockLogImpl (DeletedBlockLogImpl.java:isTransactionFailed(278)) - Got block deletion ACK from datanode, TXIDs=36, success=true
2021-08-10 12:16:30,650 [EventQueue-DeleteBlockStatusForDeletedBlockLogImpl] DEBUG block.DeletedBlockLogImpl (DeletedBlockLogImpl.java:commitTransactions(224)) - Transaction txId=36 commit by dnId=ad4991cb-97ce-4dd6-b117-42e7f6b0816f for containerID=#36 failed. Corresponding entry not found.
2021-08-10 12:16:30,650 [EventQueue-DeleteBlockStatusForDeletedBlockLogImpl] DEBUG block.DeletedBlockLogImpl (DeletedBlockLogImpl.java:isTransactionFailed(278)) - Got block deletion ACK from datanode, TXIDs=37, success=true
2021-08-10 12:16:30,650 [EventQueue-DeleteBlockStatusForDeletedBlockLogImpl] DEBUG block.DeletedBlockLogImpl (DeletedBlockLogImpl.java:commitTransactions(224)) - Transaction txId=37 commit by dnId=ad4991cb-97ce-4dd6-b117-42e7f6b0816f for containerID=#37 failed. Corresponding entry not found.
2021-08-10 12:16:30,650 [EventQueue-DeleteBlockStatusForDeletedBlockLogImpl] DEBUG block.DeletedBlockLogImpl (DeletedBlockLogImpl.java:isTransactionFailed(278)) - Got block deletion ACK from datanode, TXIDs=38, success=true
2021-08-10 12:16:30,650 [EventQueue-DeleteBlockStatusForDeletedBlockLogImpl] DEBUG block.DeletedBlockLogImpl (DeletedBlockLogImpl.java:commitTransactions(224)) - Transaction txId=38 commit by dnId=ad4991cb-97ce-4dd6-b117-42e7f6b0816f for containerID=#38 failed. Corresponding entry not found.
2021-08-10 12:16:30,650 [EventQueue-DeleteBlockStatusForDeletedBlockLogImpl] DEBUG block.DeletedBlockLogImpl (DeletedBlockLogImpl.java:isTransactionFailed(278)) - Got block deletion ACK from datanode, TXIDs=39, success=true
2021-08-10 12:16:30,650 [EventQueue-DeleteBlockStatusForDeletedBlockLogImpl] DEBUG block.DeletedBlockLogImpl (DeletedBlockLogImpl.java:commitTransactions(224)) - Transaction txId=39 commit by dnId=ad4991cb-97ce-4dd6-b117-42e7f6b0816f for containerID=#39 failed. Corresponding entry not found.
2021-08-10 12:16:30,650 [EventQueue-DeleteBlockStatusForDeletedBlockLogImpl] DEBUG block.DeletedBlockLogImpl (DeletedBlockLogImpl.java:isTransactionFailed(278)) - Got block deletion ACK from datanode, TXIDs=40, success=true
2021-08-10 12:16:30,653 [EventQueue-DeleteBlockStatusForDeletedBlockLogImpl] DEBUG block.DeletedBlockLogImpl (DeletedBlockLogImpl.java:commitTransactions(224)) - Transaction txId=40 commit by dnId=ad4991cb-97ce-4dd6-b117-42e7f6b0816f for containerID=#40 failed. Corresponding entry not found.
2021-08-10 12:16:30,653 [EventQueue-DeleteBlockStatusForDeletedBlockLogImpl] DEBUG block.DeletedBlockLogImpl (DeletedBlockLogImpl.java:isTransactionFailed(278)) - Got block deletion ACK from datanode, TXIDs=41, success=true
2021-08-10 12:16:30,653 [EventQueue-DeleteBlockStatusForDeletedBlockLogImpl] DEBUG block.DeletedBlockLogImpl (DeletedBlockLogImpl.java:commitTransactions(224)) - Transaction txId=41 commit by dnId=ad4991cb-97ce-4dd6-b117-42e7f6b0816f for containerID=#41 failed. Corresponding entry not found.
2021-08-10 12:16:30,653 [EventQueue-DeleteBlockStatusForDeletedBlockLogImpl] DEBUG block.DeletedBlockLogImpl (DeletedBlockLogImpl.java:isTransactionFailed(278)) - Got block deletion ACK from datanode, TXIDs=42, success=true
2021-08-10 12:16:30,653 [EventQueue-DeleteBlockStatusForDeletedBlockLogImpl] DEBUG block.DeletedBlockLogImpl (DeletedBlockLogImpl.java:commitTransactions(224)) - Transaction txId=42 commit by dnId=ad4991cb-97ce-4dd6-b117-42e7f6b0816f for containerID=#42 failed. Corresponding entry not found.
2021-08-10 12:16:30,653 [EventQueue-DeleteBlockStatusForDeletedBlockLogImpl] DEBUG block.DeletedBlockLogImpl (DeletedBlockLogImpl.java:isTransactionFailed(278)) - Got block deletion ACK from datanode, TXIDs=43, success=true
2021-08-10 12:16:30,653 [EventQueue-DeleteBlockStatusForDeletedBlockLogImpl] DEBUG block.DeletedBlockLogImpl (DeletedBlockLogImpl.java:commitTransactions(224)) - Transaction txId=43 commit by dnId=ad4991cb-97ce-4dd6-b117-42e7f6b0816f for containerID=#43 failed. Corresponding entry not found.
2021-08-10 12:16:30,653 [EventQueue-DeleteBlockStatusForDeletedBlockLogImpl] DEBUG block.DeletedBlockLogImpl (DeletedBlockLogImpl.java:isTransactionFailed(278)) - Got block deletion ACK from datanode, TXIDs=44, success=true
2021-08-10 12:16:30,653 [EventQueue-DeleteBlockStatusForDeletedBlockLogImpl] DEBUG block.DeletedBlockLogImpl (DeletedBlockLogImpl.java:commitTransactions(224)) - Transaction txId=44 commit by dnId=ad4991cb-97ce-4dd6-b117-42e7f6b0816f for containerID=#44 failed. Corresponding entry not found.
2021-08-10 12:16:30,653 [EventQueue-DeleteBlockStatusForDeletedBlockLogImpl] DEBUG block.DeletedBlockLogImpl (DeletedBlockLogImpl.java:isTransactionFailed(278)) - Got block deletion ACK from datanode, TXIDs=45, success=true
2021-08-10 12:16:30,653 [EventQueue-DeleteBlockStatusForDeletedBlockLogImpl] DEBUG block.DeletedBlockLogImpl (DeletedBlockLogImpl.java:commitTransactions(224)) - Transaction txId=45 commit by dnId=ad4991cb-97ce-4dd6-b117-42e7f6b0816f for containerID=#45 failed. Corresponding entry not found.
2021-08-10 12:16:30,653 [EventQueue-DeleteBlockStatusForDeletedBlockLogImpl] DEBUG block.DeletedBlockLogImpl (DeletedBlockLogImpl.java:isTransactionFailed(278)) - Got block deletion ACK from datanode, TXIDs=46, success=true
2021-08-10 12:16:30,653 [EventQueue-DeleteBlockStatusForDeletedBlockLogImpl] DEBUG block.DeletedBlockLogImpl (DeletedBlockLogImpl.java:commitTransactions(224)) - Transaction txId=46 commit by dnId=ad4991cb-97ce-4dd6-b117-42e7f6b0816f for containerID=#46 failed. Corresponding entry not found.
2021-08-10 12:16:30,653 [EventQueue-DeleteBlockStatusForDeletedBlockLogImpl] DEBUG block.DeletedBlockLogImpl (DeletedBlockLogImpl.java:isTransactionFailed(278)) - Got block deletion ACK from datanode, TXIDs=47, success=true
2021-08-10 12:16:30,653 [EventQueue-DeleteBlockStatusForDeletedBlockLogImpl] DEBUG block.DeletedBlockLogImpl (DeletedBlockLogImpl.java:commitTransactions(224)) - Transaction txId=47 commit by dnId=ad4991cb-97ce-4dd6-b117-42e7f6b0816f for containerID=#47 failed. Corresponding entry not found.
2021-08-10 12:16:30,653 [EventQueue-DeleteBlockStatusForDeletedBlockLogImpl] DEBUG block.DeletedBlockLogImpl (DeletedBlockLogImpl.java:isTransactionFailed(278)) - Got block deletion ACK from datanode, TXIDs=48, success=true
2021-08-10 12:16:30,653 [EventQueue-DeleteBlockStatusForDeletedBlockLogImpl] DEBUG block.DeletedBlockLogImpl (DeletedBlockLogImpl.java:commitTransactions(224)) - Transaction txId=48 commit by dnId=ad4991cb-97ce-4dd6-b117-42e7f6b0816f for containerID=#48 failed. Corresponding entry not found.
2021-08-10 12:16:30,653 [EventQueue-DeleteBlockStatusForDeletedBlockLogImpl] DEBUG block.DeletedBlockLogImpl (DeletedBlockLogImpl.java:isTransactionFailed(278)) - Got block deletion ACK from datanode, TXIDs=49, success=true
2021-08-10 12:16:30,653 [EventQueue-DeleteBlockStatusForDeletedBlockLogImpl] DEBUG block.DeletedBlockLogImpl (DeletedBlockLogImpl.java:commitTransactions(224)) - Transaction txId=49 commit by dnId=ad4991cb-97ce-4dd6-b117-42e7f6b0816f for containerID=#49 failed. Corresponding entry not found.
2021-08-10 12:16:30,653 [EventQueue-DeleteBlockStatusForDeletedBlockLogImpl] DEBUG block.DeletedBlockLogImpl (DeletedBlockLogImpl.java:isTransactionFailed(278)) - Got block deletion ACK from datanode, TXIDs=50, success=true
2021-08-10 12:16:30,653 [EventQueue-DeleteBlockStatusForDeletedBlockLogImpl] DEBUG block.DeletedBlockLogImpl (DeletedBlockLogImpl.java:commitTransactions(224)) - Transaction txId=50 commit by dnId=ad4991cb-97ce-4dd6-b117-42e7f6b0816f for containerID=#50 failed. Corresponding entry not found.
2021-08-10 12:16:30,653 [EventQueue-DeleteBlockStatusForDeletedBlockLogImpl] DEBUG block.DeletedBlockLogImpl (DeletedBlockLogImpl.java:isTransactionFailed(278)) - Got block deletion ACK from datanode, TXIDs=51, success=true
2021-08-10 12:16:30,653 [EventQueue-DeleteBlockStatusForDeletedBlockLogImpl] DEBUG block.DeletedBlockLogImpl (DeletedBlockLogImpl.java:commitTransactions(224)) - Transaction txId=51 commit by dnId=ad4991cb-97ce-4dd6-b117-42e7f6b0816f for containerID=#51 failed. Corresponding entry not found.
2021-08-10 12:16:30,654 [EventQueue-DeleteBlockStatusForDeletedBlockLogImpl] DEBUG block.DeletedBlockLogImpl (DeletedBlockLogImpl.java:isTransactionFailed(278)) - Got block deletion ACK from datanode, TXIDs=52, success=true
2021-08-10 12:16:30,654 [EventQueue-DeleteBlockStatusForDeletedBlockLogImpl] DEBUG block.DeletedBlockLogImpl (DeletedBlockLogImpl.java:commitTransactions(224)) - Transaction txId=52 commit by dnId=ad4991cb-97ce-4dd6-b117-42e7f6b0816f for containerID=#52 failed. Corresponding entry not found.
2021-08-10 12:16:30,654 [EventQueue-DeleteBlockStatusForDeletedBlockLogImpl] DEBUG block.DeletedBlockLogImpl (DeletedBlockLogImpl.java:isTransactionFailed(278)) - Got block deletion ACK from datanode, TXIDs=53, success=true
2021-08-10 12:16:30,654 [EventQueue-DeleteBlockStatusForDeletedBlockLogImpl] DEBUG block.DeletedBlockLogImpl (DeletedBlockLogImpl.java:commitTransactions(224)) - Transaction txId=53 commit by dnId=ad4991cb-97ce-4dd6-b117-42e7f6b0816f for containerID=#53 failed. Corresponding entry not found.
2021-08-10 12:16:30,654 [EventQueue-DeleteBlockStatusForDeletedBlockLogImpl] DEBUG block.DeletedBlockLogImpl (DeletedBlockLogImpl.java:isTransactionFailed(278)) - Got block deletion ACK from datanode, TXIDs=54, success=true
2021-08-10 12:16:30,654 [EventQueue-DeleteBlockStatusForDeletedBlockLogImpl] DEBUG block.DeletedBlockLogImpl (DeletedBlockLogImpl.java:commitTransactions(224)) - Transaction txId=54 commit by dnId=ad4991cb-97ce-4dd6-b117-42e7f6b0816f for containerID=#54 failed. Corresponding entry not found.
2021-08-10 12:16:30,654 [EventQueue-DeleteBlockStatusForDeletedBlockLogImpl] DEBUG block.DeletedBlockLogImpl (DeletedBlockLogImpl.java:isTransactionFailed(278)) - Got block deletion ACK from datanode, TXIDs=55, success=true
2021-08-10 12:16:30,654 [EventQueue-DeleteBlockStatusForDeletedBlockLogImpl] DEBUG block.DeletedBlockLogImpl (DeletedBlockLogImpl.java:commitTransactions(224)) - Transaction txId=55 commit by dnId=ad4991cb-97ce-4dd6-b117-42e7f6b0816f for containerID=#55 failed. Corresponding entry not found.
2021-08-10 12:16:30,654 [EventQueue-DeleteBlockStatusForDeletedBlockLogImpl] DEBUG block.DeletedBlockLogImpl (DeletedBlockLogImpl.java:isTransactionFailed(278)) - Got block deletion ACK from datanode, TXIDs=56, success=true
2021-08-10 12:16:30,654 [EventQueue-DeleteBlockStatusForDeletedBlockLogImpl] DEBUG block.DeletedBlockLogImpl (DeletedBlockLogImpl.java:commitTransactions(224)) - Transaction txId=56 commit by dnId=ad4991cb-97ce-4dd6-b117-42e7f6b0816f for containerID=#56 failed. Corresponding entry not found.
2021-08-10 12:16:30,654 [EventQueue-DeleteBlockStatusForDeletedBlockLogImpl] DEBUG block.DeletedBlockLogImpl (DeletedBlockLogImpl.java:isTransactionFailed(278)) - Got block deletion ACK from datanode, TXIDs=10, success=true
2021-08-10 12:16:30,654 [EventQueue-DeleteBlockStatusForDeletedBlockLogImpl] DEBUG block.DeletedBlockLogImpl (DeletedBlockLogImpl.java:commitTransactions(224)) - Transaction txId=10 commit by dnId=ad4991cb-97ce-4dd6-b117-42e7f6b0816f for containerID=#10 failed. Corresponding entry not found.
2021-08-10 12:16:30,654 [EventQueue-DeleteBlockStatusForDeletedBlockLogImpl] DEBUG block.DeletedBlockLogImpl (DeletedBlockLogImpl.java:isTransactionFailed(278)) - Got block deletion ACK from datanode, TXIDs=11, success=true
2021-08-10 12:16:30,654 [EventQueue-DeleteBlockStatusForDeletedBlockLogImpl] DEBUG block.DeletedBlockLogImpl (DeletedBlockLogImpl.java:commitTransactions(224)) - Transaction txId=11 commit by dnId=ad4991cb-97ce-4dd6-b117-42e7f6b0816f for containerID=#11 failed. Corresponding entry not found.
2021-08-10 12:16:30,654 [EventQueue-DeleteBlockStatusForDeletedBlockLogImpl] DEBUG block.DeletedBlockLogImpl (DeletedBlockLogImpl.java:isTransactionFailed(278)) - Got block deletion ACK from datanode, TXIDs=12, success=true
2021-08-10 12:16:30,654 [EventQueue-DeleteBlockStatusForDeletedBlockLogImpl] DEBUG block.DeletedBlockLogImpl (DeletedBlockLogImpl.java:commitTransactions(224)) - Transaction txId=12 commit by dnId=ad4991cb-97ce-4dd6-b117-42e7f6b0816f for containerID=#12 failed. Corresponding entry not found.
2021-08-10 12:16:30,654 [EventQueue-DeleteBlockStatusForDeletedBlockLogImpl] DEBUG block.DeletedBlockLogImpl (DeletedBlockLogImpl.java:isTransactionFailed(278)) - Got block deletion ACK from datanode, TXIDs=13, success=true
2021-08-10 12:16:30,654 [EventQueue-DeleteBlockStatusForDeletedBlockLogImpl] DEBUG block.DeletedBlockLogImpl (DeletedBlockLogImpl.java:commitTransactions(224)) - Transaction txId=13 commit by dnId=ad4991cb-97ce-4dd6-b117-42e7f6b0816f for containerID=#13 failed. Corresponding entry not found.
2021-08-10 12:16:30,654 [EventQueue-DeleteBlockStatusForDeletedBlockLogImpl] DEBUG block.DeletedBlockLogImpl (DeletedBlockLogImpl.java:isTransactionFailed(278)) - Got block deletion ACK from datanode, TXIDs=14, success=true
2021-08-10 12:16:30,654 [EventQueue-DeleteBlockStatusForDeletedBlockLogImpl] DEBUG block.DeletedBlockLogImpl (DeletedBlockLogImpl.java:commitTransactions(224)) - Transaction txId=14 commit by dnId=ad4991cb-97ce-4dd6-b117-42e7f6b0816f for containerID=#14 failed. Corresponding entry not found.
2021-08-10 12:16:30,654 [EventQueue-DeleteBlockStatusForDeletedBlockLogImpl] DEBUG block.DeletedBlockLogImpl (DeletedBlockLogImpl.java:isTransactionFailed(278)) - Got block deletion ACK from datanode, TXIDs=15, success=true
2021-08-10 12:16:30,654 [EventQueue-DeleteBlockStatusForDeletedBlockLogImpl] DEBUG block.DeletedBlockLogImpl (DeletedBlockLogImpl.java:commitTransactions(224)) - Transaction txId=15 commit by dnId=ad4991cb-97ce-4dd6-b117-42e7f6b0816f for containerID=#15 failed. Corresponding entry not found.
2021-08-10 12:16:30,654 [EventQueue-DeleteBlockStatusForDeletedBlockLogImpl] DEBUG block.DeletedBlockLogImpl (DeletedBlockLogImpl.java:isTransactionFailed(278)) - Got block deletion ACK from datanode, TXIDs=16, success=true
2021-08-10 12:16:30,654 [EventQueue-DeleteBlockStatusForDeletedBlockLogImpl] DEBUG block.DeletedBlockLogImpl (DeletedBlockLogImpl.java:commitTransactions(224)) - Transaction txId=16 commit by dnId=ad4991cb-97ce-4dd6-b117-42e7f6b0816f for containerID=#16 failed. Corresponding entry not found.
2021-08-10 12:16:30,655 [EventQueue-DeleteBlockStatusForDeletedBlockLogImpl] DEBUG block.DeletedBlockLogImpl (DeletedBlockLogImpl.java:isTransactionFailed(278)) - Got block deletion ACK from datanode, TXIDs=17, success=true
2021-08-10 12:16:30,655 [EventQueue-DeleteBlockStatusForDeletedBlockLogImpl] DEBUG block.DeletedBlockLogImpl (DeletedBlockLogImpl.java:commitTransactions(224)) - Transaction txId=17 commit by dnId=ad4991cb-97ce-4dd6-b117-42e7f6b0816f for containerID=#17 failed. Corresponding entry not found.
2021-08-10 12:16:30,655 [EventQueue-DeleteBlockStatusForDeletedBlockLogImpl] DEBUG block.DeletedBlockLogImpl (DeletedBlockLogImpl.java:isTransactionFailed(278)) - Got block deletion ACK from datanode, TXIDs=18, success=true
2021-08-10 12:16:30,655 [EventQueue-DeleteBlockStatusForDeletedBlockLogImpl] DEBUG block.DeletedBlockLogImpl (DeletedBlockLogImpl.java:commitTransactions(224)) - Transaction txId=18 commit by dnId=ad4991cb-97ce-4dd6-b117-42e7f6b0816f for containerID=#18 failed. Corresponding entry not found.
2021-08-10 12:16:30,655 [EventQueue-DeleteBlockStatusForDeletedBlockLogImpl] DEBUG block.DeletedBlockLogImpl (DeletedBlockLogImpl.java:isTransactionFailed(278)) - Got block deletion ACK from datanode, TXIDs=19, success=true
2021-08-10 12:16:30,655 [EventQueue-DeleteBlockStatusForDeletedBlockLogImpl] DEBUG block.DeletedBlockLogImpl (DeletedBlockLogImpl.java:commitTransactions(224)) - Transaction txId=19 commit by dnId=ad4991cb-97ce-4dd6-b117-42e7f6b0816f for containerID=#19 failed. Corresponding entry not found.
2021-08-10 12:16:30,655 [EventQueue-DeleteBlockStatusForDeletedBlockLogImpl] DEBUG block.DeletedBlockLogImpl (DeletedBlockLogImpl.java:isTransactionFailed(278)) - Got block deletion ACK from datanode, TXIDs=20, success=true
2021-08-10 12:16:30,655 [EventQueue-DeleteBlockStatusForDeletedBlockLogImpl] DEBUG block.DeletedBlockLogImpl (DeletedBlockLogImpl.java:commitTransactions(224)) - Transaction txId=20 commit by dnId=ad4991cb-97ce-4dd6-b117-42e7f6b0816f for containerID=#20 failed. Corresponding entry not found.
2021-08-10 12:16:30,655 [EventQueue-DeleteBlockStatusForDeletedBlockLogImpl] DEBUG block.DeletedBlockLogImpl (DeletedBlockLogImpl.java:isTransactionFailed(278)) - Got block deletion ACK from datanode, TXIDs=21, success=true
2021-08-10 12:16:30,655 [EventQueue-DeleteBlockStatusForDeletedBlockLogImpl] DEBUG block.DeletedBlockLogImpl (DeletedBlockLogImpl.java:commitTransactions(224)) - Transaction txId=21 commit by dnId=ad4991cb-97ce-4dd6-b117-42e7f6b0816f for containerID=#21 failed. Corresponding entry not found.
2021-08-10 12:16:30,655 [EventQueue-DeleteBlockStatusForDeletedBlockLogImpl] DEBUG block.DeletedBlockLogImpl (DeletedBlockLogImpl.java:isTransactionFailed(278)) - Got block deletion ACK from datanode, TXIDs=22, success=true
2021-08-10 12:16:30,655 [EventQueue-DeleteBlockStatusForDeletedBlockLogImpl] DEBUG block.DeletedBlockLogImpl (DeletedBlockLogImpl.java:commitTransactions(224)) - Transaction txId=22 commit by dnId=ad4991cb-97ce-4dd6-b117-42e7f6b0816f for containerID=#22 failed. Corresponding entry not found.
2021-08-10 12:16:30,655 [EventQueue-DeleteBlockStatusForDeletedBlockLogImpl] DEBUG block.DeletedBlockLogImpl (DeletedBlockLogImpl.java:isTransactionFailed(278)) - Got block deletion ACK from datanode, TXIDs=23, success=true
2021-08-10 12:16:30,655 [EventQueue-DeleteBlockStatusForDeletedBlockLogImpl] DEBUG block.DeletedBlockLogImpl (DeletedBlockLogImpl.java:commitTransactions(224)) - Transaction txId=23 commit by dnId=ad4991cb-97ce-4dd6-b117-42e7f6b0816f for containerID=#23 failed. Corresponding entry not found.
2021-08-10 12:16:30,655 [EventQueue-DeleteBlockStatusForDeletedBlockLogImpl] DEBUG block.DeletedBlockLogImpl (DeletedBlockLogImpl.java:isTransactionFailed(278)) - Got block deletion ACK from datanode, TXIDs=24, success=true
2021-08-10 12:16:30,655 [EventQueue-DeleteBlockStatusForDeletedBlockLogImpl] DEBUG block.DeletedBlockLogImpl (DeletedBlockLogImpl.java:commitTransactions(224)) - Transaction txId=24 commit by dnId=ad4991cb-97ce-4dd6-b117-42e7f6b0816f for containerID=#24 failed. Corresponding entry not found.
2021-08-10 12:16:30,655 [EventQueue-DeleteBlockStatusForDeletedBlockLogImpl] DEBUG block.DeletedBlockLogImpl (DeletedBlockLogImpl.java:isTransactionFailed(278)) - Got block deletion ACK from datanode, TXIDs=25, success=true
2021-08-10 12:16:30,655 [EventQueue-DeleteBlockStatusForDeletedBlockLogImpl] DEBUG block.DeletedBlockLogImpl (DeletedBlockLogImpl.java:commitTransactions(224)) - Transaction txId=25 commit by dnId=ad4991cb-97ce-4dd6-b117-42e7f6b0816f for containerID=#25 failed. Corresponding entry not found.
2021-08-10 12:16:30,655 [EventQueue-DeleteBlockStatusForDeletedBlockLogImpl] DEBUG block.DeletedBlockLogImpl (DeletedBlockLogImpl.java:isTransactionFailed(278)) - Got block deletion ACK from datanode, TXIDs=26, success=true
2021-08-10 12:16:30,655 [EventQueue-DeleteBlockStatusForDeletedBlockLogImpl] DEBUG block.DeletedBlockLogImpl (DeletedBlockLogImpl.java:commitTransactions(224)) - Transaction txId=26 commit by dnId=ad4991cb-97ce-4dd6-b117-42e7f6b0816f for containerID=#26 failed. Corresponding entry not found.
2021-08-10 12:16:30,655 [EventQueue-DeleteBlockStatusForDeletedBlockLogImpl] DEBUG block.DeletedBlockLogImpl (DeletedBlockLogImpl.java:isTransactionFailed(278)) - Got block deletion ACK from datanode, TXIDs=27, success=true
2021-08-10 12:16:30,655 [EventQueue-DeleteBlockStatusForDeletedBlockLogImpl] DEBUG block.DeletedBlockLogImpl (DeletedBlockLogImpl.java:commitTransactions(224)) - Transaction txId=27 commit by dnId=ad4991cb-97ce-4dd6-b117-42e7f6b0816f for containerID=#27 failed. Corresponding entry not found.
2021-08-10 12:16:30,655 [EventQueue-DeleteBlockStatusForDeletedBlockLogImpl] DEBUG block.DeletedBlockLogImpl (DeletedBlockLogImpl.java:isTransactionFailed(278)) - Got block deletion ACK from datanode, TXIDs=28, success=true
2021-08-10 12:16:30,655 [EventQueue-DeleteBlockStatusForDeletedBlockLogImpl] DEBUG block.DeletedBlockLogImpl (DeletedBlockLogImpl.java:commitTransactions(224)) - Transaction txId=28 commit by dnId=ad4991cb-97ce-4dd6-b117-42e7f6b0816f for containerID=#28 failed. Corresponding entry not found.
2021-08-10 12:16:30,655 [EventQueue-DeleteBlockStatusForDeletedBlockLogImpl] DEBUG block.DeletedBlockLogImpl (DeletedBlockLogImpl.java:isTransactionFailed(278)) - Got block deletion ACK from datanode, TXIDs=29, success=true
2021-08-10 12:16:30,655 [EventQueue-DeleteBlockStatusForDeletedBlockLogImpl] DEBUG block.DeletedBlockLogImpl (DeletedBlockLogImpl.java:commitTransactions(224)) - Transaction txId=29 commit by dnId=ad4991cb-97ce-4dd6-b117-42e7f6b0816f for containerID=#29 failed. Corresponding entry not found.
2021-08-10 12:16:30,655 [EventQueue-DeleteBlockStatusForDeletedBlockLogImpl] DEBUG block.DeletedBlockLogImpl (DeletedBlockLogImpl.java:isTransactionFailed(278)) - Got block deletion ACK from datanode, TXIDs=30, success=true
2021-08-10 12:16:30,655 [EventQueue-DeleteBlockStatusForDeletedBlockLogImpl] DEBUG block.DeletedBlockLogImpl (DeletedBlockLogImpl.java:commitTransactions(224)) - Transaction txId=30 commit by dnId=ad4991cb-97ce-4dd6-b117-42e7f6b0816f for containerID=#30 failed. Corresponding entry not found.
2021-08-10 12:16:30,656 [EventQueue-DeleteBlockStatusForDeletedBlockLogImpl] DEBUG block.DeletedBlockLogImpl (DeletedBlockLogImpl.java:isTransactionFailed(278)) - Got block deletion ACK from datanode, TXIDs=31, success=true
2021-08-10 12:16:30,656 [EventQueue-DeleteBlockStatusForDeletedBlockLogImpl] DEBUG block.DeletedBlockLogImpl (DeletedBlockLogImpl.java:commitTransactions(224)) - Transaction txId=31 commit by dnId=ad4991cb-97ce-4dd6-b117-42e7f6b0816f for containerID=#31 failed. Corresponding entry not found.
2021-08-10 12:16:30,656 [EventQueue-DeleteBlockStatusForDeletedBlockLogImpl] DEBUG block.DeletedBlockLogImpl (DeletedBlockLogImpl.java:isTransactionFailed(278)) - Got block deletion ACK from datanode, TXIDs=32, success=true
2021-08-10 12:16:30,656 [EventQueue-DeleteBlockStatusForDeletedBlockLogImpl] DEBUG block.DeletedBlockLogImpl (DeletedBlockLogImpl.java:commitTransactions(224)) - Transaction txId=32 commit by dnId=ad4991cb-97ce-4dd6-b117-42e7f6b0816f for containerID=#32 failed. Corresponding entry not found.
2021-08-10 12:16:30,656 [EventQueue-DeleteBlockStatusForDeletedBlockLogImpl] DEBUG block.DeletedBlockLogImpl (DeletedBlockLogImpl.java:isTransactionFailed(278)) - Got block deletion ACK from datanode, TXIDs=33, success=true
2021-08-10 12:16:30,656 [EventQueue-DeleteBlockStatusForDeletedBlockLogImpl] DEBUG block.DeletedBlockLogImpl (DeletedBlockLogImpl.java:commitTransactions(224)) - Transaction txId=33 commit by dnId=ad4991cb-97ce-4dd6-b117-42e7f6b0816f for containerID=#33 failed. Corresponding entry not found.
2021-08-10 12:16:30,656 [EventQueue-DeleteBlockStatusForDeletedBlockLogImpl] DEBUG block.DeletedBlockLogImpl (DeletedBlockLogImpl.java:isTransactionFailed(278)) - Got block deletion ACK from datanode, TXIDs=34, success=true
2021-08-10 12:16:30,656 [EventQueue-DeleteBlockStatusForDeletedBlockLogImpl] DEBUG block.DeletedBlockLogImpl (DeletedBlockLogImpl.java:commitTransactions(224)) - Transaction txId=34 commit by dnId=ad4991cb-97ce-4dd6-b117-42e7f6b0816f for containerID=#34 failed. Corresponding entry not found.
2021-08-10 12:16:30,656 [EventQueue-DeleteBlockStatusForDeletedBlockLogImpl] DEBUG block.DeletedBlockLogImpl (DeletedBlockLogImpl.java:isTransactionFailed(278)) - Got block deletion ACK from datanode, TXIDs=35, success=true
2021-08-10 12:16:30,656 [EventQueue-DeleteBlockStatusForDeletedBlockLogImpl] DEBUG block.DeletedBlockLogImpl (DeletedBlockLogImpl.java:commitTransactions(224)) - Transaction txId=35 commit by dnId=ad4991cb-97ce-4dd6-b117-42e7f6b0816f for containerID=#35 failed. Corresponding entry not found.
2021-08-10 12:16:30,656 [EventQueue-DeleteBlockStatusForDeletedBlockLogImpl] DEBUG block.DeletedBlockLogImpl (DeletedBlockLogImpl.java:isTransactionFailed(278)) - Got block deletion ACK from datanode, TXIDs=36, success=true
2021-08-10 12:16:30,656 [EventQueue-DeleteBlockStatusForDeletedBlockLogImpl] DEBUG block.DeletedBlockLogImpl (DeletedBlockLogImpl.java:commitTransactions(224)) - Transaction txId=36 commit by dnId=ad4991cb-97ce-4dd6-b117-42e7f6b0816f for containerID=#36 failed. Corresponding entry not found.
2021-08-10 12:16:30,656 [EventQueue-DeleteBlockStatusForDeletedBlockLogImpl] DEBUG block.DeletedBlockLogImpl (DeletedBlockLogImpl.java:isTransactionFailed(278)) - Got block deletion ACK from datanode, TXIDs=37, success=true
2021-08-10 12:16:30,656 [EventQueue-DeleteBlockStatusForDeletedBlockLogImpl] DEBUG block.DeletedBlockLogImpl (DeletedBlockLogImpl.java:commitTransactions(224)) - Transaction txId=37 commit by dnId=ad4991cb-97ce-4dd6-b117-42e7f6b0816f for containerID=#37 failed. Corresponding entry not found.
2021-08-10 12:16:30,656 [EventQueue-DeleteBlockStatusForDeletedBlockLogImpl] DEBUG block.DeletedBlockLogImpl (DeletedBlockLogImpl.java:isTransactionFailed(278)) - Got block deletion ACK from datanode, TXIDs=38, success=true
2021-08-10 12:16:30,656 [EventQueue-DeleteBlockStatusForDeletedBlockLogImpl] DEBUG block.DeletedBlockLogImpl (DeletedBlockLogImpl.java:commitTransactions(224)) - Transaction txId=38 commit by dnId=ad4991cb-97ce-4dd6-b117-42e7f6b0816f for containerID=#38 failed. Corresponding entry not found.
2021-08-10 12:16:30,656 [EventQueue-DeleteBlockStatusForDeletedBlockLogImpl] DEBUG block.DeletedBlockLogImpl (DeletedBlockLogImpl.java:isTransactionFailed(278)) - Got block deletion ACK from datanode, TXIDs=39, success=true
2021-08-10 12:16:30,656 [EventQueue-DeleteBlockStatusForDeletedBlockLogImpl] DEBUG block.DeletedBlockLogImpl (DeletedBlockLogImpl.java:commitTransactions(224)) - Transaction txId=39 commit by dnId=ad4991cb-97ce-4dd6-b117-42e7f6b0816f for containerID=#39 failed. Corresponding entry not found.
2021-08-10 12:16:30,656 [EventQueue-DeleteBlockStatusForDeletedBlockLogImpl] DEBUG block.DeletedBlockLogImpl (DeletedBlockLogImpl.java:isTransactionFailed(278)) - Got block deletion ACK from datanode, TXIDs=40, success=true
2021-08-10 12:16:30,656 [EventQueue-DeleteBlockStatusForDeletedBlockLogImpl] DEBUG block.DeletedBlockLogImpl (DeletedBlockLogImpl.java:commitTransactions(224)) - Transaction txId=40 commit by dnId=ad4991cb-97ce-4dd6-b117-42e7f6b0816f for containerID=#40 failed. Corresponding entry not found.
2021-08-10 12:16:30,656 [EventQueue-DeleteBlockStatusForDeletedBlockLogImpl] DEBUG block.DeletedBlockLogImpl (DeletedBlockLogImpl.java:isTransactionFailed(278)) - Got block deletion ACK from datanode, TXIDs=41, success=true
2021-08-10 12:16:30,656 [EventQueue-DeleteBlockStatusForDeletedBlockLogImpl] DEBUG block.DeletedBlockLogImpl (DeletedBlockLogImpl.java:commitTransactions(224)) - Transaction txId=41 commit by dnId=ad4991cb-97ce-4dd6-b117-42e7f6b0816f for containerID=#41 failed. Corresponding entry not found.
2021-08-10 12:16:30,656 [EventQueue-DeleteBlockStatusForDeletedBlockLogImpl] DEBUG block.DeletedBlockLogImpl (DeletedBlockLogImpl.java:isTransactionFailed(278)) - Got block deletion ACK from datanode, TXIDs=42, success=true
2021-08-10 12:16:30,656 [EventQueue-DeleteBlockStatusForDeletedBlockLogImpl] DEBUG block.DeletedBlockLogImpl (DeletedBlockLogImpl.java:commitTransactions(224)) - Transaction txId=42 commit by dnId=ad4991cb-97ce-4dd6-b117-42e7f6b0816f for containerID=#42 failed. Corresponding entry not found.
2021-08-10 12:16:30,656 [EventQueue-DeleteBlockStatusForDeletedBlockLogImpl] DEBUG block.DeletedBlockLogImpl (DeletedBlockLogImpl.java:isTransactionFailed(278)) - Got block deletion ACK from datanode, TXIDs=43, success=true
2021-08-10 12:16:30,656 [EventQueue-DeleteBlockStatusForDeletedBlockLogImpl] DEBUG block.DeletedBlockLogImpl (DeletedBlockLogImpl.java:commitTransactions(224)) - Transaction txId=43 commit by dnId=ad4991cb-97ce-4dd6-b117-42e7f6b0816f for containerID=#43 failed. Corresponding entry not found.
2021-08-10 12:16:30,656 [EventQueue-DeleteBlockStatusForDeletedBlockLogImpl] DEBUG block.DeletedBlockLogImpl (DeletedBlockLogImpl.java:isTransactionFailed(278)) - Got block deletion ACK from datanode, TXIDs=44, success=true
2021-08-10 12:16:30,656 [EventQueue-DeleteBlockStatusForDeletedBlockLogImpl] DEBUG block.DeletedBlockLogImpl (DeletedBlockLogImpl.java:commitTransactions(224)) - Transaction txId=44 commit by dnId=ad4991cb-97ce-4dd6-b117-42e7f6b0816f for containerID=#44 failed. Corresponding entry not found.
2021-08-10 12:16:30,657 [EventQueue-DeleteBlockStatusForDeletedBlockLogImpl] DEBUG block.DeletedBlockLogImpl (DeletedBlockLogImpl.java:isTransactionFailed(278)) - Got block deletion ACK from datanode, TXIDs=45, success=true
2021-08-10 12:16:30,657 [EventQueue-DeleteBlockStatusForDeletedBlockLogImpl] DEBUG block.DeletedBlockLogImpl (DeletedBlockLogImpl.java:commitTransactions(224)) - Transaction txId=45 commit by dnId=ad4991cb-97ce-4dd6-b117-42e7f6b0816f for containerID=#45 failed. Corresponding entry not found.
2021-08-10 12:16:30,657 [EventQueue-DeleteBlockStatusForDeletedBlockLogImpl] DEBUG block.DeletedBlockLogImpl (DeletedBlockLogImpl.java:isTransactionFailed(278)) - Got block deletion ACK from datanode, TXIDs=46, success=true
2021-08-10 12:16:30,657 [EventQueue-DeleteBlockStatusForDeletedBlockLogImpl] DEBUG block.DeletedBlockLogImpl (DeletedBlockLogImpl.java:commitTransactions(224)) - Transaction txId=46 commit by dnId=ad4991cb-97ce-4dd6-b117-42e7f6b0816f for containerID=#46 failed. Corresponding entry not found.
2021-08-10 12:16:30,657 [EventQueue-DeleteBlockStatusForDeletedBlockLogImpl] DEBUG block.DeletedBlockLogImpl (DeletedBlockLogImpl.java:isTransactionFailed(278)) - Got block deletion ACK from datanode, TXIDs=47, success=true
2021-08-10 12:16:30,657 [EventQueue-DeleteBlockStatusForDeletedBlockLogImpl] DEBUG block.DeletedBlockLogImpl (DeletedBlockLogImpl.java:commitTransactions(224)) - Transaction txId=47 commit by dnId=ad4991cb-97ce-4dd6-b117-42e7f6b0816f for containerID=#47 failed. Corresponding entry not found.
2021-08-10 12:16:30,657 [EventQueue-DeleteBlockStatusForDeletedBlockLogImpl] DEBUG block.DeletedBlockLogImpl (DeletedBlockLogImpl.java:isTransactionFailed(278)) - Got block deletion ACK from datanode, TXIDs=48, success=true
2021-08-10 12:16:30,657 [EventQueue-DeleteBlockStatusForDeletedBlockLogImpl] DEBUG block.DeletedBlockLogImpl (DeletedBlockLogImpl.java:commitTransactions(224)) - Transaction txId=48 commit by dnId=ad4991cb-97ce-4dd6-b117-42e7f6b0816f for containerID=#48 failed. Corresponding entry not found.
2021-08-10 12:16:30,657 [EventQueue-DeleteBlockStatusForDeletedBlockLogImpl] DEBUG block.DeletedBlockLogImpl (DeletedBlockLogImpl.java:isTransactionFailed(278)) - Got block deletion ACK from datanode, TXIDs=49, success=true
2021-08-10 12:16:30,657 [EventQueue-DeleteBlockStatusForDeletedBlockLogImpl] DEBUG block.DeletedBlockLogImpl (DeletedBlockLogImpl.java:commitTransactions(224)) - Transaction txId=49 commit by dnId=ad4991cb-97ce-4dd6-b117-42e7f6b0816f for containerID=#49 failed. Corresponding entry not found.
2021-08-10 12:16:30,657 [EventQueue-DeleteBlockStatusForDeletedBlockLogImpl] DEBUG block.DeletedBlockLogImpl (DeletedBlockLogImpl.java:isTransactionFailed(278)) - Got block deletion ACK from datanode, TXIDs=50, success=true
2021-08-10 12:16:30,657 [EventQueue-DeleteBlockStatusForDeletedBlockLogImpl] DEBUG block.DeletedBlockLogImpl (DeletedBlockLogImpl.java:commitTransactions(224)) - Transaction txId=50 commit by dnId=ad4991cb-97ce-4dd6-b117-42e7f6b0816f for containerID=#50 failed. Corresponding entry not found.
2021-08-10 12:16:30,657 [EventQueue-DeleteBlockStatusForDeletedBlockLogImpl] DEBUG block.DeletedBlockLogImpl (DeletedBlockLogImpl.java:isTransactionFailed(278)) - Got block deletion ACK from datanode, TXIDs=51, success=true
2021-08-10 12:16:30,657 [EventQueue-DeleteBlockStatusForDeletedBlockLogImpl] DEBUG block.DeletedBlockLogImpl (DeletedBlockLogImpl.java:commitTransactions(224)) - Transaction txId=51 commit by dnId=ad4991cb-97ce-4dd6-b117-42e7f6b0816f for containerID=#51 failed. Corresponding entry not found.
2021-08-10 12:16:30,657 [EventQueue-DeleteBlockStatusForDeletedBlockLogImpl] DEBUG block.DeletedBlockLogImpl (DeletedBlockLogImpl.java:isTransactionFailed(278)) - Got block deletion ACK from datanode, TXIDs=52, success=true
2021-08-10 12:16:30,657 [EventQueue-DeleteBlockStatusForDeletedBlockLogImpl] DEBUG block.DeletedBlockLogImpl (DeletedBlockLogImpl.java:commitTransactions(224)) - Transaction txId=52 commit by dnId=ad4991cb-97ce-4dd6-b117-42e7f6b0816f for containerID=#52 failed. Corresponding entry not found.
2021-08-10 12:16:30,657 [EventQueue-DeleteBlockStatusForDeletedBlockLogImpl] DEBUG block.DeletedBlockLogImpl (DeletedBlockLogImpl.java:isTransactionFailed(278)) - Got block deletion ACK from datanode, TXIDs=53, success=true
2021-08-10 12:16:30,657 [EventQueue-DeleteBlockStatusForDeletedBlockLogImpl] DEBUG block.DeletedBlockLogImpl (DeletedBlockLogImpl.java:commitTransactions(224)) - Transaction txId=53 commit by dnId=ad4991cb-97ce-4dd6-b117-42e7f6b0816f for containerID=#53 failed. Corresponding entry not found.
2021-08-10 12:16:30,657 [EventQueue-DeleteBlockStatusForDeletedBlockLogImpl] DEBUG block.DeletedBlockLogImpl (DeletedBlockLogImpl.java:isTransactionFailed(278)) - Got block deletion ACK from datanode, TXIDs=54, success=true
2021-08-10 12:16:30,657 [EventQueue-DeleteBlockStatusForDeletedBlockLogImpl] DEBUG block.DeletedBlockLogImpl (DeletedBlockLogImpl.java:commitTransactions(224)) - Transaction txId=54 commit by dnId=ad4991cb-97ce-4dd6-b117-42e7f6b0816f for containerID=#54 failed. Corresponding entry not found.
2021-08-10 12:16:30,657 [EventQueue-DeleteBlockStatusForDeletedBlockLogImpl] DEBUG block.DeletedBlockLogImpl (DeletedBlockLogImpl.java:isTransactionFailed(278)) - Got block deletion ACK from datanode, TXIDs=55, success=true
2021-08-10 12:16:30,657 [EventQueue-DeleteBlockStatusForDeletedBlockLogImpl] DEBUG block.DeletedBlockLogImpl (DeletedBlockLogImpl.java:commitTransactions(224)) - Transaction txId=55 commit by dnId=ad4991cb-97ce-4dd6-b117-42e7f6b0816f for containerID=#55 failed. Corresponding entry not found.
2021-08-10 12:16:30,657 [EventQueue-DeleteBlockStatusForDeletedBlockLogImpl] DEBUG block.DeletedBlockLogImpl (DeletedBlockLogImpl.java:isTransactionFailed(278)) - Got block deletion ACK from datanode, TXIDs=56, success=true
2021-08-10 12:16:30,657 [EventQueue-DeleteBlockStatusForDeletedBlockLogImpl] DEBUG block.DeletedBlockLogImpl (DeletedBlockLogImpl.java:commitTransactions(224)) - Transaction txId=56 commit by dnId=ad4991cb-97ce-4dd6-b117-42e7f6b0816f for containerID=#56 failed. Corresponding entry not found.
2021-08-10 12:16:30,746 [SCMBlockDeletingService#0] DEBUG block.SCMBlockDeletingService (SCMBlockDeletingService.java:call(133)) - Running DeletedBlockTransactionScanner
2021-08-10 12:16:30,846 [SCMBlockDeletingService#0] DEBUG block.SCMBlockDeletingService (SCMBlockDeletingService.java:call(133)) - Running DeletedBlockTransactionScanner
2021-08-10 12:16:30,946 [SCMBlockDeletingService#0] DEBUG block.SCMBlockDeletingService (SCMBlockDeletingService.java:call(133)) - Running DeletedBlockTransactionScanner
2021-08-10 12:16:31,046 [SCMBlockDeletingService#0] DEBUG block.SCMBlockDeletingService (SCMBlockDeletingService.java:call(133)) - Running DeletedBlockTransactionScanner
2021-08-10 12:16:31,149 [SCMBlockDeletingService#0] DEBUG block.SCMBlockDeletingService (SCMBlockDeletingService.java:call(133)) - Running DeletedBlockTransactionScanner
2021-08-10 12:16:31,249 [SCMBlockDeletingService#0] DEBUG block.SCMBlockDeletingService (SCMBlockDeletingService.java:call(133)) - Running DeletedBlockTransactionScanner
2021-08-10 12:16:31,349 [SCMBlockDeletingService#0] DEBUG block.SCMBlockDeletingService (SCMBlockDeletingService.java:call(133)) - Running DeletedBlockTransactionScanner
2021-08-10 12:16:31,388 [Listener at 127.0.0.1/43569] WARN  commandhandler.TestBlockDeletion (TestBlockDeletion.java:lambda$testBlockDeletion$3(251)) - Verify blocks deletion failed
java.lang.AssertionError: expected null, but was:<[blockId=conID: 11 locID: 107544261427200011 bcsId: 169, size=4194304]>
	at org.junit.Assert.fail(Assert.java:89)
	at org.junit.Assert.failNotNull(Assert.java:756)
	at org.junit.Assert.assertNull(Assert.java:738)
	at org.junit.Assert.assertNull(Assert.java:748)
	at org.apache.hadoop.ozone.container.common.statemachine.commandhandler.TestBlockDeletion.lambda$verifyBlocksDeleted$15(TestBlockDeletion.java:453)
	at org.apache.hadoop.ozone.OzoneTestUtils.performOperationOnKeyContainers(OzoneTestUtils.java:133)
	at org.apache.hadoop.ozone.container.common.statemachine.commandhandler.TestBlockDeletion.verifyBlocksDeleted(TestBlockDeletion.java:442)
	at org.apache.hadoop.ozone.container.common.statemachine.commandhandler.TestBlockDeletion.lambda$testBlockDeletion$3(TestBlockDeletion.java:248)
	at org.apache.ozone.test.GenericTestUtils.waitFor(GenericTestUtils.java:219)
	at org.apache.hadoop.ozone.container.common.statemachine.commandhandler.TestBlockDeletion.testBlockDeletion(TestBlockDeletion.java:246)
	at sun.reflect.NativeMethodAccessorImpl.invoke0(Native Method)
	at sun.reflect.NativeMethodAccessorImpl.invoke(NativeMethodAccessorImpl.java:62)
	at sun.reflect.DelegatingMethodAccessorImpl.invoke(DelegatingMethodAccessorImpl.java:43)
	at java.lang.reflect.Method.invoke(Method.java:498)
	at org.junit.runners.model.FrameworkMethod$1.runReflectiveCall(FrameworkMethod.java:59)
	at org.junit.internal.runners.model.ReflectiveCallable.run(ReflectiveCallable.java:12)
	at org.junit.runners.model.FrameworkMethod.invokeExplosively(FrameworkMethod.java:56)
	at org.junit.internal.runners.statements.InvokeMethod.evaluate(InvokeMethod.java:17)
	at org.junit.internal.runners.statements.RunBefores.evaluate(RunBefores.java:26)
	at org.junit.internal.runners.statements.RunAfters.evaluate(RunAfters.java:27)
	at org.junit.runners.ParentRunner$3.evaluate(ParentRunner.java:306)
	at org.junit.runners.BlockJUnit4ClassRunner$1.evaluate(BlockJUnit4ClassRunner.java:100)
	at org.junit.runners.ParentRunner.runLeaf(ParentRunner.java:366)
	at org.junit.runners.BlockJUnit4ClassRunner.runChild(BlockJUnit4ClassRunner.java:103)
	at org.junit.runners.BlockJUnit4ClassRunner.runChild(BlockJUnit4ClassRunner.java:63)
	at org.junit.runners.ParentRunner$4.run(ParentRunner.java:331)
	at org.junit.runners.ParentRunner$1.schedule(ParentRunner.java:79)
	at org.junit.runners.ParentRunner.runChildren(ParentRunner.java:329)
	at org.junit.runners.ParentRunner.access$100(ParentRunner.java:66)
	at org.junit.runners.ParentRunner$2.evaluate(ParentRunner.java:293)
	at org.junit.runners.ParentRunner$3.evaluate(ParentRunner.java:306)
	at org.junit.runners.ParentRunner.run(ParentRunner.java:413)
	at org.junit.runner.JUnitCore.run(JUnitCore.java:137)
	at org.junit.runner.JUnitCore.run(JUnitCore.java:115)
	at org.junit.vintage.engine.execution.RunnerExecutor.execute(RunnerExecutor.java:43)
	at java.util.stream.ForEachOps$ForEachOp$OfRef.accept(ForEachOps.java:183)
	at java.util.stream.ReferencePipeline$3$1.accept(ReferencePipeline.java:193)
	at java.util.Iterator.forEachRemaining(Iterator.java:116)
	at java.util.Spliterators$IteratorSpliterator.forEachRemaining(Spliterators.java:1801)
	at java.util.stream.AbstractPipeline.copyInto(AbstractPipeline.java:482)
	at java.util.stream.AbstractPipeline.wrapAndCopyInto(AbstractPipeline.java:472)
	at java.util.stream.ForEachOps$ForEachOp.evaluateSequential(ForEachOps.java:150)
	at java.util.stream.ForEachOps$ForEachOp$OfRef.evaluateSequential(ForEachOps.java:173)
	at java.util.stream.AbstractPipeline.evaluate(AbstractPipeline.java:234)
	at java.util.stream.ReferencePipeline.forEach(ReferencePipeline.java:485)
	at org.junit.vintage.engine.VintageTestEngine.executeAllChildren(VintageTestEngine.java:82)
	at org.junit.vintage.engine.VintageTestEngine.execute(VintageTestEngine.java:73)
	at org.junit.platform.launcher.core.EngineExecutionOrchestrator.execute(EngineExecutionOrchestrator.java:108)
	at org.junit.platform.launcher.core.EngineExecutionOrchestrator.execute(EngineExecutionOrchestrator.java:88)
	at org.junit.platform.launcher.core.EngineExecutionOrchestrator.lambda$execute$0(EngineExecutionOrchestrator.java:54)
	at org.junit.platform.launcher.core.EngineExecutionOrchestrator.withInterceptedStreams(EngineExecutionOrchestrator.java:67)
	at org.junit.platform.launcher.core.EngineExecutionOrchestrator.execute(EngineExecutionOrchestrator.java:52)
	at org.junit.platform.launcher.core.DefaultLauncher.execute(DefaultLauncher.java:96)
	at org.junit.platform.launcher.core.DefaultLauncher.execute(DefaultLauncher.java:75)
	at org.apache.maven.surefire.junitplatform.JUnitPlatformProvider.invokeAllTests(JUnitPlatformProvider.java:142)
	at org.apache.maven.surefire.junitplatform.JUnitPlatformProvider.invoke(JUnitPlatformProvider.java:113)
	at org.apache.maven.surefire.booter.ForkedBooter.invokeProviderInSameClassLoader(ForkedBooter.java:384)
	at org.apache.maven.surefire.booter.ForkedBooter.runSuitesInProcess(ForkedBooter.java:345)
	at org.apache.maven.surefire.booter.ForkedBooter.execute(ForkedBooter.java:126)
	at org.apache.maven.surefire.booter.ForkedBooter.main(ForkedBooter.java:418)
2021-08-10 12:16:31,449 [SCMBlockDeletingService#0] DEBUG block.SCMBlockDeletingService (SCMBlockDeletingService.java:call(133)) - Running DeletedBlockTransactionScanner
2021-08-10 12:16:31,549 [SCMBlockDeletingService#0] DEBUG block.SCMBlockDeletingService (SCMBlockDeletingService.java:call(133)) - Running DeletedBlockTransactionScanner
2021-08-10 12:16:31,649 [SCMBlockDeletingService#0] DEBUG block.SCMBlockDeletingService (SCMBlockDeletingService.java:call(133)) - Running DeletedBlockTransactionScanner
2021-08-10 12:16:31,749 [SCMBlockDeletingService#0] DEBUG block.SCMBlockDeletingService (SCMBlockDeletingService.java:call(133)) - Running DeletedBlockTransactionScanner
2021-08-10 12:16:31,849 [SCMBlockDeletingService#0] DEBUG block.SCMBlockDeletingService (SCMBlockDeletingService.java:call(133)) - Running DeletedBlockTransactionScanner
2021-08-10 12:16:31,949 [SCMBlockDeletingService#0] DEBUG block.SCMBlockDeletingService (SCMBlockDeletingService.java:call(133)) - Running DeletedBlockTransactionScanner
2021-08-10 12:16:32,049 [SCMBlockDeletingService#0] DEBUG block.SCMBlockDeletingService (SCMBlockDeletingService.java:call(133)) - Running DeletedBlockTransactionScanner
2021-08-10 12:16:32,153 [SCMBlockDeletingService#0] DEBUG block.SCMBlockDeletingService (SCMBlockDeletingService.java:call(133)) - Running DeletedBlockTransactionScanner
2021-08-10 12:16:32,253 [SCMBlockDeletingService#0] DEBUG block.SCMBlockDeletingService (SCMBlockDeletingService.java:call(133)) - Running DeletedBlockTransactionScanner
2021-08-10 12:16:32,353 [SCMBlockDeletingService#0] DEBUG block.SCMBlockDeletingService (SCMBlockDeletingService.java:call(133)) - Running DeletedBlockTransactionScanner
2021-08-10 12:16:32,453 [SCMBlockDeletingService#0] DEBUG block.SCMBlockDeletingService (SCMBlockDeletingService.java:call(133)) - Running DeletedBlockTransactionScanner
2021-08-10 12:16:32,553 [SCMBlockDeletingService#0] DEBUG block.SCMBlockDeletingService (SCMBlockDeletingService.java:call(133)) - Running DeletedBlockTransactionScanner
2021-08-10 12:16:32,653 [SCMBlockDeletingService#0] DEBUG block.SCMBlockDeletingService (SCMBlockDeletingService.java:call(133)) - Running DeletedBlockTransactionScanner
2021-08-10 12:16:32,753 [SCMBlockDeletingService#0] DEBUG block.SCMBlockDeletingService (SCMBlockDeletingService.java:call(133)) - Running DeletedBlockTransactionScanner
2021-08-10 12:16:32,853 [SCMBlockDeletingService#0] DEBUG block.SCMBlockDeletingService (SCMBlockDeletingService.java:call(133)) - Running DeletedBlockTransactionScanner
2021-08-10 12:16:32,953 [SCMBlockDeletingService#0] DEBUG block.SCMBlockDeletingService (SCMBlockDeletingService.java:call(133)) - Running DeletedBlockTransactionScanner
2021-08-10 12:16:33,053 [SCMBlockDeletingService#0] DEBUG block.SCMBlockDeletingService (SCMBlockDeletingService.java:call(133)) - Running DeletedBlockTransactionScanner
2021-08-10 12:16:33,155 [SCMBlockDeletingService#0] DEBUG block.SCMBlockDeletingService (SCMBlockDeletingService.java:call(133)) - Running DeletedBlockTransactionScanner
2021-08-10 12:16:33,255 [SCMBlockDeletingService#0] DEBUG block.SCMBlockDeletingService (SCMBlockDeletingService.java:call(133)) - Running DeletedBlockTransactionScanner
2021-08-10 12:16:33,355 [SCMBlockDeletingService#0] DEBUG block.SCMBlockDeletingService (SCMBlockDeletingService.java:call(133)) - Running DeletedBlockTransactionScanner
2021-08-10 12:16:33,391 [Listener at 127.0.0.1/43569] WARN  commandhandler.TestBlockDeletion (TestBlockDeletion.java:lambda$testBlockDeletion$3(251)) - Verify blocks deletion failed
java.lang.AssertionError: expected null, but was:<[blockId=conID: 11 locID: 107544261427200011 bcsId: 169, size=4194304]>
	at org.junit.Assert.fail(Assert.java:89)
	at org.junit.Assert.failNotNull(Assert.java:756)
	at org.junit.Assert.assertNull(Assert.java:738)
	at org.junit.Assert.assertNull(Assert.java:748)
	at org.apache.hadoop.ozone.container.common.statemachine.commandhandler.TestBlockDeletion.lambda$verifyBlocksDeleted$15(TestBlockDeletion.java:453)
	at org.apache.hadoop.ozone.OzoneTestUtils.performOperationOnKeyContainers(OzoneTestUtils.java:133)
	at org.apache.hadoop.ozone.container.common.statemachine.commandhandler.TestBlockDeletion.verifyBlocksDeleted(TestBlockDeletion.java:442)
	at org.apache.hadoop.ozone.container.common.statemachine.commandhandler.TestBlockDeletion.lambda$testBlockDeletion$3(TestBlockDeletion.java:248)
	at org.apache.ozone.test.GenericTestUtils.waitFor(GenericTestUtils.java:219)
	at org.apache.hadoop.ozone.container.common.statemachine.commandhandler.TestBlockDeletion.testBlockDeletion(TestBlockDeletion.java:246)
	at sun.reflect.NativeMethodAccessorImpl.invoke0(Native Method)
	at sun.reflect.NativeMethodAccessorImpl.invoke(NativeMethodAccessorImpl.java:62)
	at sun.reflect.DelegatingMethodAccessorImpl.invoke(DelegatingMethodAccessorImpl.java:43)
	at java.lang.reflect.Method.invoke(Method.java:498)
	at org.junit.runners.model.FrameworkMethod$1.runReflectiveCall(FrameworkMethod.java:59)
	at org.junit.internal.runners.model.ReflectiveCallable.run(ReflectiveCallable.java:12)
	at org.junit.runners.model.FrameworkMethod.invokeExplosively(FrameworkMethod.java:56)
	at org.junit.internal.runners.statements.InvokeMethod.evaluate(InvokeMethod.java:17)
	at org.junit.internal.runners.statements.RunBefores.evaluate(RunBefores.java:26)
	at org.junit.internal.runners.statements.RunAfters.evaluate(RunAfters.java:27)
	at org.junit.runners.ParentRunner$3.evaluate(ParentRunner.java:306)
	at org.junit.runners.BlockJUnit4ClassRunner$1.evaluate(BlockJUnit4ClassRunner.java:100)
	at org.junit.runners.ParentRunner.runLeaf(ParentRunner.java:366)
	at org.junit.runners.BlockJUnit4ClassRunner.runChild(BlockJUnit4ClassRunner.java:103)
	at org.junit.runners.BlockJUnit4ClassRunner.runChild(BlockJUnit4ClassRunner.java:63)
	at org.junit.runners.ParentRunner$4.run(ParentRunner.java:331)
	at org.junit.runners.ParentRunner$1.schedule(ParentRunner.java:79)
	at org.junit.runners.ParentRunner.runChildren(ParentRunner.java:329)
	at org.junit.runners.ParentRunner.access$100(ParentRunner.java:66)
	at org.junit.runners.ParentRunner$2.evaluate(ParentRunner.java:293)
	at org.junit.runners.ParentRunner$3.evaluate(ParentRunner.java:306)
	at org.junit.runners.ParentRunner.run(ParentRunner.java:413)
	at org.junit.runner.JUnitCore.run(JUnitCore.java:137)
	at org.junit.runner.JUnitCore.run(JUnitCore.java:115)
	at org.junit.vintage.engine.execution.RunnerExecutor.execute(RunnerExecutor.java:43)
	at java.util.stream.ForEachOps$ForEachOp$OfRef.accept(ForEachOps.java:183)
	at java.util.stream.ReferencePipeline$3$1.accept(ReferencePipeline.java:193)
	at java.util.Iterator.forEachRemaining(Iterator.java:116)
	at java.util.Spliterators$IteratorSpliterator.forEachRemaining(Spliterators.java:1801)
	at java.util.stream.AbstractPipeline.copyInto(AbstractPipeline.java:482)
	at java.util.stream.AbstractPipeline.wrapAndCopyInto(AbstractPipeline.java:472)
	at java.util.stream.ForEachOps$ForEachOp.evaluateSequential(ForEachOps.java:150)
	at java.util.stream.ForEachOps$ForEachOp$OfRef.evaluateSequential(ForEachOps.java:173)
	at java.util.stream.AbstractPipeline.evaluate(AbstractPipeline.java:234)
	at java.util.stream.ReferencePipeline.forEach(ReferencePipeline.java:485)
	at org.junit.vintage.engine.VintageTestEngine.executeAllChildren(VintageTestEngine.java:82)
	at org.junit.vintage.engine.VintageTestEngine.execute(VintageTestEngine.java:73)
	at org.junit.platform.launcher.core.EngineExecutionOrchestrator.execute(EngineExecutionOrchestrator.java:108)
	at org.junit.platform.launcher.core.EngineExecutionOrchestrator.execute(EngineExecutionOrchestrator.java:88)
	at org.junit.platform.launcher.core.EngineExecutionOrchestrator.lambda$execute$0(EngineExecutionOrchestrator.java:54)
	at org.junit.platform.launcher.core.EngineExecutionOrchestrator.withInterceptedStreams(EngineExecutionOrchestrator.java:67)
	at org.junit.platform.launcher.core.EngineExecutionOrchestrator.execute(EngineExecutionOrchestrator.java:52)
	at org.junit.platform.launcher.core.DefaultLauncher.execute(DefaultLauncher.java:96)
	at org.junit.platform.launcher.core.DefaultLauncher.execute(DefaultLauncher.java:75)
	at org.apache.maven.surefire.junitplatform.JUnitPlatformProvider.invokeAllTests(JUnitPlatformProvider.java:142)
	at org.apache.maven.surefire.junitplatform.JUnitPlatformProvider.invoke(JUnitPlatformProvider.java:113)
	at org.apache.maven.surefire.booter.ForkedBooter.invokeProviderInSameClassLoader(ForkedBooter.java:384)
	at org.apache.maven.surefire.booter.ForkedBooter.runSuitesInProcess(ForkedBooter.java:345)
	at org.apache.maven.surefire.booter.ForkedBooter.execute(ForkedBooter.java:126)
	at org.apache.maven.surefire.booter.ForkedBooter.main(ForkedBooter.java:418)
2021-08-10 12:16:33,455 [SCMBlockDeletingService#0] DEBUG block.SCMBlockDeletingService (SCMBlockDeletingService.java:call(133)) - Running DeletedBlockTransactionScanner
2021-08-10 12:16:33,555 [SCMBlockDeletingService#0] DEBUG block.SCMBlockDeletingService (SCMBlockDeletingService.java:call(133)) - Running DeletedBlockTransactionScanner
2021-08-10 12:16:33,655 [SCMBlockDeletingService#0] DEBUG block.SCMBlockDeletingService (SCMBlockDeletingService.java:call(133)) - Running DeletedBlockTransactionScanner
2021-08-10 12:16:33,755 [SCMBlockDeletingService#0] DEBUG block.SCMBlockDeletingService (SCMBlockDeletingService.java:call(133)) - Running DeletedBlockTransactionScanner
2021-08-10 12:16:33,856 [SCMBlockDeletingService#0] DEBUG block.SCMBlockDeletingService (SCMBlockDeletingService.java:call(133)) - Running DeletedBlockTransactionScanner
2021-08-10 12:16:33,957 [SCMBlockDeletingService#0] DEBUG block.SCMBlockDeletingService (SCMBlockDeletingService.java:call(133)) - Running DeletedBlockTransactionScanner
2021-08-10 12:16:34,057 [SCMBlockDeletingService#0] DEBUG block.SCMBlockDeletingService (SCMBlockDeletingService.java:call(133)) - Running DeletedBlockTransactionScanner
2021-08-10 12:16:34,157 [SCMBlockDeletingService#0] DEBUG block.SCMBlockDeletingService (SCMBlockDeletingService.java:call(133)) - Running DeletedBlockTransactionScanner
2021-08-10 12:16:34,257 [SCMBlockDeletingService#0] DEBUG block.SCMBlockDeletingService (SCMBlockDeletingService.java:call(133)) - Running DeletedBlockTransactionScanner
2021-08-10 12:16:34,357 [SCMBlockDeletingService#0] DEBUG block.SCMBlockDeletingService (SCMBlockDeletingService.java:call(133)) - Running DeletedBlockTransactionScanner
2021-08-10 12:16:34,457 [SCMBlockDeletingService#0] DEBUG block.SCMBlockDeletingService (SCMBlockDeletingService.java:call(133)) - Running DeletedBlockTransactionScanner
2021-08-10 12:16:34,557 [SCMBlockDeletingService#0] DEBUG block.SCMBlockDeletingService (SCMBlockDeletingService.java:call(133)) - Running DeletedBlockTransactionScanner
2021-08-10 12:16:34,657 [SCMBlockDeletingService#0] DEBUG block.SCMBlockDeletingService (SCMBlockDeletingService.java:call(133)) - Running DeletedBlockTransactionScanner
2021-08-10 12:16:34,757 [SCMBlockDeletingService#0] DEBUG block.SCMBlockDeletingService (SCMBlockDeletingService.java:call(133)) - Running DeletedBlockTransactionScanner
2021-08-10 12:16:34,857 [SCMBlockDeletingService#0] DEBUG block.SCMBlockDeletingService (SCMBlockDeletingService.java:call(133)) - Running DeletedBlockTransactionScanner
2021-08-10 12:16:34,957 [SCMBlockDeletingService#0] DEBUG block.SCMBlockDeletingService (SCMBlockDeletingService.java:call(133)) - Running DeletedBlockTransactionScanner
2021-08-10 12:16:35,058 [SCMBlockDeletingService#0] DEBUG block.SCMBlockDeletingService (SCMBlockDeletingService.java:call(133)) - Running DeletedBlockTransactionScanner
2021-08-10 12:16:35,158 [SCMBlockDeletingService#0] DEBUG block.SCMBlockDeletingService (SCMBlockDeletingService.java:call(133)) - Running DeletedBlockTransactionScanner
2021-08-10 12:16:35,259 [SCMBlockDeletingService#0] DEBUG block.SCMBlockDeletingService (SCMBlockDeletingService.java:call(133)) - Running DeletedBlockTransactionScanner
2021-08-10 12:16:35,359 [SCMBlockDeletingService#0] DEBUG block.SCMBlockDeletingService (SCMBlockDeletingService.java:call(133)) - Running DeletedBlockTransactionScanner
2021-08-10 12:16:35,393 [Listener at 127.0.0.1/43569] WARN  commandhandler.TestBlockDeletion (TestBlockDeletion.java:lambda$testBlockDeletion$3(251)) - Verify blocks deletion failed
java.lang.AssertionError: expected null, but was:<[blockId=conID: 11 locID: 107544261427200011 bcsId: 169, size=4194304]>
	at org.junit.Assert.fail(Assert.java:89)
	at org.junit.Assert.failNotNull(Assert.java:756)
	at org.junit.Assert.assertNull(Assert.java:738)
	at org.junit.Assert.assertNull(Assert.java:748)
	at org.apache.hadoop.ozone.container.common.statemachine.commandhandler.TestBlockDeletion.lambda$verifyBlocksDeleted$15(TestBlockDeletion.java:453)
	at org.apache.hadoop.ozone.OzoneTestUtils.performOperationOnKeyContainers(OzoneTestUtils.java:133)
	at org.apache.hadoop.ozone.container.common.statemachine.commandhandler.TestBlockDeletion.verifyBlocksDeleted(TestBlockDeletion.java:442)
	at org.apache.hadoop.ozone.container.common.statemachine.commandhandler.TestBlockDeletion.lambda$testBlockDeletion$3(TestBlockDeletion.java:248)
	at org.apache.ozone.test.GenericTestUtils.waitFor(GenericTestUtils.java:219)
	at org.apache.hadoop.ozone.container.common.statemachine.commandhandler.TestBlockDeletion.testBlockDeletion(TestBlockDeletion.java:246)
	at sun.reflect.NativeMethodAccessorImpl.invoke0(Native Method)
	at sun.reflect.NativeMethodAccessorImpl.invoke(NativeMethodAccessorImpl.java:62)
	at sun.reflect.DelegatingMethodAccessorImpl.invoke(DelegatingMethodAccessorImpl.java:43)
	at java.lang.reflect.Method.invoke(Method.java:498)
	at org.junit.runners.model.FrameworkMethod$1.runReflectiveCall(FrameworkMethod.java:59)
	at org.junit.internal.runners.model.ReflectiveCallable.run(ReflectiveCallable.java:12)
	at org.junit.runners.model.FrameworkMethod.invokeExplosively(FrameworkMethod.java:56)
	at org.junit.internal.runners.statements.InvokeMethod.evaluate(InvokeMethod.java:17)
	at org.junit.internal.runners.statements.RunBefores.evaluate(RunBefores.java:26)
	at org.junit.internal.runners.statements.RunAfters.evaluate(RunAfters.java:27)
	at org.junit.runners.ParentRunner$3.evaluate(ParentRunner.java:306)
	at org.junit.runners.BlockJUnit4ClassRunner$1.evaluate(BlockJUnit4ClassRunner.java:100)
	at org.junit.runners.ParentRunner.runLeaf(ParentRunner.java:366)
	at org.junit.runners.BlockJUnit4ClassRunner.runChild(BlockJUnit4ClassRunner.java:103)
	at org.junit.runners.BlockJUnit4ClassRunner.runChild(BlockJUnit4ClassRunner.java:63)
	at org.junit.runners.ParentRunner$4.run(ParentRunner.java:331)
	at org.junit.runners.ParentRunner$1.schedule(ParentRunner.java:79)
	at org.junit.runners.ParentRunner.runChildren(ParentRunner.java:329)
	at org.junit.runners.ParentRunner.access$100(ParentRunner.java:66)
	at org.junit.runners.ParentRunner$2.evaluate(ParentRunner.java:293)
	at org.junit.runners.ParentRunner$3.evaluate(ParentRunner.java:306)
	at org.junit.runners.ParentRunner.run(ParentRunner.java:413)
	at org.junit.runner.JUnitCore.run(JUnitCore.java:137)
	at org.junit.runner.JUnitCore.run(JUnitCore.java:115)
	at org.junit.vintage.engine.execution.RunnerExecutor.execute(RunnerExecutor.java:43)
	at java.util.stream.ForEachOps$ForEachOp$OfRef.accept(ForEachOps.java:183)
	at java.util.stream.ReferencePipeline$3$1.accept(ReferencePipeline.java:193)
	at java.util.Iterator.forEachRemaining(Iterator.java:116)
	at java.util.Spliterators$IteratorSpliterator.forEachRemaining(Spliterators.java:1801)
	at java.util.stream.AbstractPipeline.copyInto(AbstractPipeline.java:482)
	at java.util.stream.AbstractPipeline.wrapAndCopyInto(AbstractPipeline.java:472)
	at java.util.stream.ForEachOps$ForEachOp.evaluateSequential(ForEachOps.java:150)
	at java.util.stream.ForEachOps$ForEachOp$OfRef.evaluateSequential(ForEachOps.java:173)
	at java.util.stream.AbstractPipeline.evaluate(AbstractPipeline.java:234)
	at java.util.stream.ReferencePipeline.forEach(ReferencePipeline.java:485)
	at org.junit.vintage.engine.VintageTestEngine.executeAllChildren(VintageTestEngine.java:82)
	at org.junit.vintage.engine.VintageTestEngine.execute(VintageTestEngine.java:73)
	at org.junit.platform.launcher.core.EngineExecutionOrchestrator.execute(EngineExecutionOrchestrator.java:108)
	at org.junit.platform.launcher.core.EngineExecutionOrchestrator.execute(EngineExecutionOrchestrator.java:88)
	at org.junit.platform.launcher.core.EngineExecutionOrchestrator.lambda$execute$0(EngineExecutionOrchestrator.java:54)
	at org.junit.platform.launcher.core.EngineExecutionOrchestrator.withInterceptedStreams(EngineExecutionOrchestrator.java:67)
	at org.junit.platform.launcher.core.EngineExecutionOrchestrator.execute(EngineExecutionOrchestrator.java:52)
	at org.junit.platform.launcher.core.DefaultLauncher.execute(DefaultLauncher.java:96)
	at org.junit.platform.launcher.core.DefaultLauncher.execute(DefaultLauncher.java:75)
	at org.apache.maven.surefire.junitplatform.JUnitPlatformProvider.invokeAllTests(JUnitPlatformProvider.java:142)
	at org.apache.maven.surefire.junitplatform.JUnitPlatformProvider.invoke(JUnitPlatformProvider.java:113)
	at org.apache.maven.surefire.booter.ForkedBooter.invokeProviderInSameClassLoader(ForkedBooter.java:384)
	at org.apache.maven.surefire.booter.ForkedBooter.runSuitesInProcess(ForkedBooter.java:345)
	at org.apache.maven.surefire.booter.ForkedBooter.execute(ForkedBooter.java:126)
	at org.apache.maven.surefire.booter.ForkedBooter.main(ForkedBooter.java:418)
2021-08-10 12:16:35,459 [SCMBlockDeletingService#0] DEBUG block.SCMBlockDeletingService (SCMBlockDeletingService.java:call(133)) - Running DeletedBlockTransactionScanner
2021-08-10 12:16:35,559 [SCMBlockDeletingService#0] DEBUG block.SCMBlockDeletingService (SCMBlockDeletingService.java:call(133)) - Running DeletedBlockTransactionScanner
2021-08-10 12:16:35,659 [SCMBlockDeletingService#0] DEBUG block.SCMBlockDeletingService (SCMBlockDeletingService.java:call(133)) - Running DeletedBlockTransactionScanner
2021-08-10 12:16:35,759 [SCMBlockDeletingService#0] DEBUG block.SCMBlockDeletingService (SCMBlockDeletingService.java:call(133)) - Running DeletedBlockTransactionScanner
2021-08-10 12:16:35,859 [SCMBlockDeletingService#0] DEBUG block.SCMBlockDeletingService (SCMBlockDeletingService.java:call(133)) - Running DeletedBlockTransactionScanner
2021-08-10 12:16:35,959 [SCMBlockDeletingService#0] DEBUG block.SCMBlockDeletingService (SCMBlockDeletingService.java:call(133)) - Running DeletedBlockTransactionScanner
2021-08-10 12:16:36,059 [SCMBlockDeletingService#0] DEBUG block.SCMBlockDeletingService (SCMBlockDeletingService.java:call(133)) - Running DeletedBlockTransactionScanner
2021-08-10 12:16:36,159 [SCMBlockDeletingService#0] DEBUG block.SCMBlockDeletingService (SCMBlockDeletingService.java:call(133)) - Running DeletedBlockTransactionScanner
2021-08-10 12:16:36,259 [SCMBlockDeletingService#0] DEBUG block.SCMBlockDeletingService (SCMBlockDeletingService.java:call(133)) - Running DeletedBlockTransactionScanner
2021-08-10 12:16:36,359 [SCMBlockDeletingService#0] DEBUG block.SCMBlockDeletingService (SCMBlockDeletingService.java:call(133)) - Running DeletedBlockTransactionScanner
2021-08-10 12:16:36,459 [SCMBlockDeletingService#0] DEBUG block.SCMBlockDeletingService (SCMBlockDeletingService.java:call(133)) - Running DeletedBlockTransactionScanner
2021-08-10 12:16:36,559 [SCMBlockDeletingService#0] DEBUG block.SCMBlockDeletingService (SCMBlockDeletingService.java:call(133)) - Running DeletedBlockTransactionScanner
2021-08-10 12:16:36,659 [SCMBlockDeletingService#0] DEBUG block.SCMBlockDeletingService (SCMBlockDeletingService.java:call(133)) - Running DeletedBlockTransactionScanner
2021-08-10 12:16:36,762 [SCMBlockDeletingService#0] DEBUG block.SCMBlockDeletingService (SCMBlockDeletingService.java:call(133)) - Running DeletedBlockTransactionScanner
2021-08-10 12:16:36,862 [SCMBlockDeletingService#0] DEBUG block.SCMBlockDeletingService (SCMBlockDeletingService.java:call(133)) - Running DeletedBlockTransactionScanner
2021-08-10 12:16:36,962 [SCMBlockDeletingService#0] DEBUG block.SCMBlockDeletingService (SCMBlockDeletingService.java:call(133)) - Running DeletedBlockTransactionScanner
2021-08-10 12:16:37,062 [SCMBlockDeletingService#0] DEBUG block.SCMBlockDeletingService (SCMBlockDeletingService.java:call(133)) - Running DeletedBlockTransactionScanner
2021-08-10 12:16:37,163 [SCMBlockDeletingService#0] DEBUG block.SCMBlockDeletingService (SCMBlockDeletingService.java:call(133)) - Running DeletedBlockTransactionScanner
2021-08-10 12:16:37,263 [SCMBlockDeletingService#0] DEBUG block.SCMBlockDeletingService (SCMBlockDeletingService.java:call(133)) - Running DeletedBlockTransactionScanner
2021-08-10 12:16:37,363 [SCMBlockDeletingService#0] DEBUG block.SCMBlockDeletingService (SCMBlockDeletingService.java:call(133)) - Running DeletedBlockTransactionScanner
2021-08-10 12:16:37,397 [Listener at 127.0.0.1/43569] WARN  commandhandler.TestBlockDeletion (TestBlockDeletion.java:lambda$testBlockDeletion$3(251)) - Verify blocks deletion failed
java.lang.AssertionError: expected null, but was:<[blockId=conID: 11 locID: 107544261427200011 bcsId: 169, size=4194304]>
	at org.junit.Assert.fail(Assert.java:89)
	at org.junit.Assert.failNotNull(Assert.java:756)
	at org.junit.Assert.assertNull(Assert.java:738)
	at org.junit.Assert.assertNull(Assert.java:748)
	at org.apache.hadoop.ozone.container.common.statemachine.commandhandler.TestBlockDeletion.lambda$verifyBlocksDeleted$15(TestBlockDeletion.java:453)
	at org.apache.hadoop.ozone.OzoneTestUtils.performOperationOnKeyContainers(OzoneTestUtils.java:133)
	at org.apache.hadoop.ozone.container.common.statemachine.commandhandler.TestBlockDeletion.verifyBlocksDeleted(TestBlockDeletion.java:442)
	at org.apache.hadoop.ozone.container.common.statemachine.commandhandler.TestBlockDeletion.lambda$testBlockDeletion$3(TestBlockDeletion.java:248)
	at org.apache.ozone.test.GenericTestUtils.waitFor(GenericTestUtils.java:219)
	at org.apache.hadoop.ozone.container.common.statemachine.commandhandler.TestBlockDeletion.testBlockDeletion(TestBlockDeletion.java:246)
	at sun.reflect.NativeMethodAccessorImpl.invoke0(Native Method)
	at sun.reflect.NativeMethodAccessorImpl.invoke(NativeMethodAccessorImpl.java:62)
	at sun.reflect.DelegatingMethodAccessorImpl.invoke(DelegatingMethodAccessorImpl.java:43)
	at java.lang.reflect.Method.invoke(Method.java:498)
	at org.junit.runners.model.FrameworkMethod$1.runReflectiveCall(FrameworkMethod.java:59)
	at org.junit.internal.runners.model.ReflectiveCallable.run(ReflectiveCallable.java:12)
	at org.junit.runners.model.FrameworkMethod.invokeExplosively(FrameworkMethod.java:56)
	at org.junit.internal.runners.statements.InvokeMethod.evaluate(InvokeMethod.java:17)
	at org.junit.internal.runners.statements.RunBefores.evaluate(RunBefores.java:26)
	at org.junit.internal.runners.statements.RunAfters.evaluate(RunAfters.java:27)
	at org.junit.runners.ParentRunner$3.evaluate(ParentRunner.java:306)
	at org.junit.runners.BlockJUnit4ClassRunner$1.evaluate(BlockJUnit4ClassRunner.java:100)
	at org.junit.runners.ParentRunner.runLeaf(ParentRunner.java:366)
	at org.junit.runners.BlockJUnit4ClassRunner.runChild(BlockJUnit4ClassRunner.java:103)
	at org.junit.runners.BlockJUnit4ClassRunner.runChild(BlockJUnit4ClassRunner.java:63)
	at org.junit.runners.ParentRunner$4.run(ParentRunner.java:331)
	at org.junit.runners.ParentRunner$1.schedule(ParentRunner.java:79)
	at org.junit.runners.ParentRunner.runChildren(ParentRunner.java:329)
	at org.junit.runners.ParentRunner.access$100(ParentRunner.java:66)
	at org.junit.runners.ParentRunner$2.evaluate(ParentRunner.java:293)
	at org.junit.runners.ParentRunner$3.evaluate(ParentRunner.java:306)
	at org.junit.runners.ParentRunner.run(ParentRunner.java:413)
	at org.junit.runner.JUnitCore.run(JUnitCore.java:137)
	at org.junit.runner.JUnitCore.run(JUnitCore.java:115)
	at org.junit.vintage.engine.execution.RunnerExecutor.execute(RunnerExecutor.java:43)
	at java.util.stream.ForEachOps$ForEachOp$OfRef.accept(ForEachOps.java:183)
	at java.util.stream.ReferencePipeline$3$1.accept(ReferencePipeline.java:193)
	at java.util.Iterator.forEachRemaining(Iterator.java:116)
	at java.util.Spliterators$IteratorSpliterator.forEachRemaining(Spliterators.java:1801)
	at java.util.stream.AbstractPipeline.copyInto(AbstractPipeline.java:482)
	at java.util.stream.AbstractPipeline.wrapAndCopyInto(AbstractPipeline.java:472)
	at java.util.stream.ForEachOps$ForEachOp.evaluateSequential(ForEachOps.java:150)
	at java.util.stream.ForEachOps$ForEachOp$OfRef.evaluateSequential(ForEachOps.java:173)
	at java.util.stream.AbstractPipeline.evaluate(AbstractPipeline.java:234)
	at java.util.stream.ReferencePipeline.forEach(ReferencePipeline.java:485)
	at org.junit.vintage.engine.VintageTestEngine.executeAllChildren(VintageTestEngine.java:82)
	at org.junit.vintage.engine.VintageTestEngine.execute(VintageTestEngine.java:73)
	at org.junit.platform.launcher.core.EngineExecutionOrchestrator.execute(EngineExecutionOrchestrator.java:108)
	at org.junit.platform.launcher.core.EngineExecutionOrchestrator.execute(EngineExecutionOrchestrator.java:88)
	at org.junit.platform.launcher.core.EngineExecutionOrchestrator.lambda$execute$0(EngineExecutionOrchestrator.java:54)
	at org.junit.platform.launcher.core.EngineExecutionOrchestrator.withInterceptedStreams(EngineExecutionOrchestrator.java:67)
	at org.junit.platform.launcher.core.EngineExecutionOrchestrator.execute(EngineExecutionOrchestrator.java:52)
	at org.junit.platform.launcher.core.DefaultLauncher.execute(DefaultLauncher.java:96)
	at org.junit.platform.launcher.core.DefaultLauncher.execute(DefaultLauncher.java:75)
	at org.apache.maven.surefire.junitplatform.JUnitPlatformProvider.invokeAllTests(JUnitPlatformProvider.java:142)
	at org.apache.maven.surefire.junitplatform.JUnitPlatformProvider.invoke(JUnitPlatformProvider.java:113)
	at org.apache.maven.surefire.booter.ForkedBooter.invokeProviderInSameClassLoader(ForkedBooter.java:384)
	at org.apache.maven.surefire.booter.ForkedBooter.runSuitesInProcess(ForkedBooter.java:345)
	at org.apache.maven.surefire.booter.ForkedBooter.execute(ForkedBooter.java:126)
	at org.apache.maven.surefire.booter.ForkedBooter.main(ForkedBooter.java:418)
2021-08-10 12:16:37,464 [SCMBlockDeletingService#0] DEBUG block.SCMBlockDeletingService (SCMBlockDeletingService.java:call(133)) - Running DeletedBlockTransactionScanner
2021-08-10 12:16:37,564 [SCMBlockDeletingService#0] DEBUG block.SCMBlockDeletingService (SCMBlockDeletingService.java:call(133)) - Running DeletedBlockTransactionScanner
2021-08-10 12:16:37,664 [SCMBlockDeletingService#0] DEBUG block.SCMBlockDeletingService (SCMBlockDeletingService.java:call(133)) - Running DeletedBlockTransactionScanner
2021-08-10 12:16:37,764 [SCMBlockDeletingService#0] DEBUG block.SCMBlockDeletingService (SCMBlockDeletingService.java:call(133)) - Running DeletedBlockTransactionScanner
2021-08-10 12:16:37,864 [SCMBlockDeletingService#0] DEBUG block.SCMBlockDeletingService (SCMBlockDeletingService.java:call(133)) - Running DeletedBlockTransactionScanner
2021-08-10 12:16:37,965 [SCMBlockDeletingService#0] DEBUG block.SCMBlockDeletingService (SCMBlockDeletingService.java:call(133)) - Running DeletedBlockTransactionScanner
2021-08-10 12:16:38,065 [SCMBlockDeletingService#0] DEBUG block.SCMBlockDeletingService (SCMBlockDeletingService.java:call(133)) - Running DeletedBlockTransactionScanner
2021-08-10 12:16:38,165 [SCMBlockDeletingService#0] DEBUG block.SCMBlockDeletingService (SCMBlockDeletingService.java:call(133)) - Running DeletedBlockTransactionScanner
2021-08-10 12:16:38,265 [SCMBlockDeletingService#0] DEBUG block.SCMBlockDeletingService (SCMBlockDeletingService.java:call(133)) - Running DeletedBlockTransactionScanner
2021-08-10 12:16:38,365 [SCMBlockDeletingService#0] DEBUG block.SCMBlockDeletingService (SCMBlockDeletingService.java:call(133)) - Running DeletedBlockTransactionScanner
2021-08-10 12:16:38,465 [SCMBlockDeletingService#0] DEBUG block.SCMBlockDeletingService (SCMBlockDeletingService.java:call(133)) - Running DeletedBlockTransactionScanner
2021-08-10 12:16:38,565 [SCMBlockDeletingService#0] DEBUG block.SCMBlockDeletingService (SCMBlockDeletingService.java:call(133)) - Running DeletedBlockTransactionScanner
2021-08-10 12:16:38,665 [SCMBlockDeletingService#0] DEBUG block.SCMBlockDeletingService (SCMBlockDeletingService.java:call(133)) - Running DeletedBlockTransactionScanner
2021-08-10 12:16:38,766 [SCMBlockDeletingService#0] DEBUG block.SCMBlockDeletingService (SCMBlockDeletingService.java:call(133)) - Running DeletedBlockTransactionScanner
2021-08-10 12:16:38,867 [SCMBlockDeletingService#0] DEBUG block.SCMBlockDeletingService (SCMBlockDeletingService.java:call(133)) - Running DeletedBlockTransactionScanner
2021-08-10 12:16:38,967 [SCMBlockDeletingService#0] DEBUG block.SCMBlockDeletingService (SCMBlockDeletingService.java:call(133)) - Running DeletedBlockTransactionScanner
2021-08-10 12:16:39,069 [SCMBlockDeletingService#0] DEBUG block.SCMBlockDeletingService (SCMBlockDeletingService.java:call(133)) - Running DeletedBlockTransactionScanner
2021-08-10 12:16:39,169 [SCMBlockDeletingService#0] DEBUG block.SCMBlockDeletingService (SCMBlockDeletingService.java:call(133)) - Running DeletedBlockTransactionScanner
2021-08-10 12:16:39,271 [SCMBlockDeletingService#0] DEBUG block.SCMBlockDeletingService (SCMBlockDeletingService.java:call(133)) - Running DeletedBlockTransactionScanner
2021-08-10 12:16:39,371 [SCMBlockDeletingService#0] DEBUG block.SCMBlockDeletingService (SCMBlockDeletingService.java:call(133)) - Running DeletedBlockTransactionScanner
2021-08-10 12:16:39,398 [Listener at 127.0.0.1/43569] WARN  commandhandler.TestBlockDeletion (TestBlockDeletion.java:lambda$testBlockDeletion$3(251)) - Verify blocks deletion failed
java.lang.AssertionError: expected null, but was:<[blockId=conID: 11 locID: 107544261427200011 bcsId: 169, size=4194304]>
	at org.junit.Assert.fail(Assert.java:89)
	at org.junit.Assert.failNotNull(Assert.java:756)
	at org.junit.Assert.assertNull(Assert.java:738)
	at org.junit.Assert.assertNull(Assert.java:748)
	at org.apache.hadoop.ozone.container.common.statemachine.commandhandler.TestBlockDeletion.lambda$verifyBlocksDeleted$15(TestBlockDeletion.java:453)
	at org.apache.hadoop.ozone.OzoneTestUtils.performOperationOnKeyContainers(OzoneTestUtils.java:133)
	at org.apache.hadoop.ozone.container.common.statemachine.commandhandler.TestBlockDeletion.verifyBlocksDeleted(TestBlockDeletion.java:442)
	at org.apache.hadoop.ozone.container.common.statemachine.commandhandler.TestBlockDeletion.lambda$testBlockDeletion$3(TestBlockDeletion.java:248)
	at org.apache.ozone.test.GenericTestUtils.waitFor(GenericTestUtils.java:219)
	at org.apache.hadoop.ozone.container.common.statemachine.commandhandler.TestBlockDeletion.testBlockDeletion(TestBlockDeletion.java:246)
	at sun.reflect.NativeMethodAccessorImpl.invoke0(Native Method)
	at sun.reflect.NativeMethodAccessorImpl.invoke(NativeMethodAccessorImpl.java:62)
	at sun.reflect.DelegatingMethodAccessorImpl.invoke(DelegatingMethodAccessorImpl.java:43)
	at java.lang.reflect.Method.invoke(Method.java:498)
	at org.junit.runners.model.FrameworkMethod$1.runReflectiveCall(FrameworkMethod.java:59)
	at org.junit.internal.runners.model.ReflectiveCallable.run(ReflectiveCallable.java:12)
	at org.junit.runners.model.FrameworkMethod.invokeExplosively(FrameworkMethod.java:56)
	at org.junit.internal.runners.statements.InvokeMethod.evaluate(InvokeMethod.java:17)
	at org.junit.internal.runners.statements.RunBefores.evaluate(RunBefores.java:26)
	at org.junit.internal.runners.statements.RunAfters.evaluate(RunAfters.java:27)
	at org.junit.runners.ParentRunner$3.evaluate(ParentRunner.java:306)
	at org.junit.runners.BlockJUnit4ClassRunner$1.evaluate(BlockJUnit4ClassRunner.java:100)
	at org.junit.runners.ParentRunner.runLeaf(ParentRunner.java:366)
	at org.junit.runners.BlockJUnit4ClassRunner.runChild(BlockJUnit4ClassRunner.java:103)
	at org.junit.runners.BlockJUnit4ClassRunner.runChild(BlockJUnit4ClassRunner.java:63)
	at org.junit.runners.ParentRunner$4.run(ParentRunner.java:331)
	at org.junit.runners.ParentRunner$1.schedule(ParentRunner.java:79)
	at org.junit.runners.ParentRunner.runChildren(ParentRunner.java:329)
	at org.junit.runners.ParentRunner.access$100(ParentRunner.java:66)
	at org.junit.runners.ParentRunner$2.evaluate(ParentRunner.java:293)
	at org.junit.runners.ParentRunner$3.evaluate(ParentRunner.java:306)
	at org.junit.runners.ParentRunner.run(ParentRunner.java:413)
	at org.junit.runner.JUnitCore.run(JUnitCore.java:137)
	at org.junit.runner.JUnitCore.run(JUnitCore.java:115)
	at org.junit.vintage.engine.execution.RunnerExecutor.execute(RunnerExecutor.java:43)
	at java.util.stream.ForEachOps$ForEachOp$OfRef.accept(ForEachOps.java:183)
	at java.util.stream.ReferencePipeline$3$1.accept(ReferencePipeline.java:193)
	at java.util.Iterator.forEachRemaining(Iterator.java:116)
	at java.util.Spliterators$IteratorSpliterator.forEachRemaining(Spliterators.java:1801)
	at java.util.stream.AbstractPipeline.copyInto(AbstractPipeline.java:482)
	at java.util.stream.AbstractPipeline.wrapAndCopyInto(AbstractPipeline.java:472)
	at java.util.stream.ForEachOps$ForEachOp.evaluateSequential(ForEachOps.java:150)
	at java.util.stream.ForEachOps$ForEachOp$OfRef.evaluateSequential(ForEachOps.java:173)
	at java.util.stream.AbstractPipeline.evaluate(AbstractPipeline.java:234)
	at java.util.stream.ReferencePipeline.forEach(ReferencePipeline.java:485)
	at org.junit.vintage.engine.VintageTestEngine.executeAllChildren(VintageTestEngine.java:82)
	at org.junit.vintage.engine.VintageTestEngine.execute(VintageTestEngine.java:73)
	at org.junit.platform.launcher.core.EngineExecutionOrchestrator.execute(EngineExecutionOrchestrator.java:108)
	at org.junit.platform.launcher.core.EngineExecutionOrchestrator.execute(EngineExecutionOrchestrator.java:88)
	at org.junit.platform.launcher.core.EngineExecutionOrchestrator.lambda$execute$0(EngineExecutionOrchestrator.java:54)
	at org.junit.platform.launcher.core.EngineExecutionOrchestrator.withInterceptedStreams(EngineExecutionOrchestrator.java:67)
	at org.junit.platform.launcher.core.EngineExecutionOrchestrator.execute(EngineExecutionOrchestrator.java:52)
	at org.junit.platform.launcher.core.DefaultLauncher.execute(DefaultLauncher.java:96)
	at org.junit.platform.launcher.core.DefaultLauncher.execute(DefaultLauncher.java:75)
	at org.apache.maven.surefire.junitplatform.JUnitPlatformProvider.invokeAllTests(JUnitPlatformProvider.java:142)
	at org.apache.maven.surefire.junitplatform.JUnitPlatformProvider.invoke(JUnitPlatformProvider.java:113)
	at org.apache.maven.surefire.booter.ForkedBooter.invokeProviderInSameClassLoader(ForkedBooter.java:384)
	at org.apache.maven.surefire.booter.ForkedBooter.runSuitesInProcess(ForkedBooter.java:345)
	at org.apache.maven.surefire.booter.ForkedBooter.execute(ForkedBooter.java:126)
	at org.apache.maven.surefire.booter.ForkedBooter.main(ForkedBooter.java:418)
2021-08-10 12:16:39,471 [SCMBlockDeletingService#0] DEBUG block.SCMBlockDeletingService (SCMBlockDeletingService.java:call(133)) - Running DeletedBlockTransactionScanner
2021-08-10 12:16:39,571 [SCMBlockDeletingService#0] DEBUG block.SCMBlockDeletingService (SCMBlockDeletingService.java:call(133)) - Running DeletedBlockTransactionScanner
2021-08-10 12:16:39,671 [SCMBlockDeletingService#0] DEBUG block.SCMBlockDeletingService (SCMBlockDeletingService.java:call(133)) - Running DeletedBlockTransactionScanner
2021-08-10 12:16:39,772 [SCMBlockDeletingService#0] DEBUG block.SCMBlockDeletingService (SCMBlockDeletingService.java:call(133)) - Running DeletedBlockTransactionScanner
2021-08-10 12:16:39,872 [SCMBlockDeletingService#0] DEBUG block.SCMBlockDeletingService (SCMBlockDeletingService.java:call(133)) - Running DeletedBlockTransactionScanner
2021-08-10 12:16:39,972 [SCMBlockDeletingService#0] DEBUG block.SCMBlockDeletingService (SCMBlockDeletingService.java:call(133)) - Running DeletedBlockTransactionScanner
2021-08-10 12:16:40,072 [SCMBlockDeletingService#0] DEBUG block.SCMBlockDeletingService (SCMBlockDeletingService.java:call(133)) - Running DeletedBlockTransactionScanner
2021-08-10 12:16:40,176 [SCMBlockDeletingService#0] DEBUG block.SCMBlockDeletingService (SCMBlockDeletingService.java:call(133)) - Running DeletedBlockTransactionScanner
2021-08-10 12:16:40,276 [SCMBlockDeletingService#0] DEBUG block.SCMBlockDeletingService (SCMBlockDeletingService.java:call(133)) - Running DeletedBlockTransactionScanner
2021-08-10 12:16:40,376 [SCMBlockDeletingService#0] DEBUG block.SCMBlockDeletingService (SCMBlockDeletingService.java:call(133)) - Running DeletedBlockTransactionScanner
2021-08-10 12:16:40,476 [SCMBlockDeletingService#0] DEBUG block.SCMBlockDeletingService (SCMBlockDeletingService.java:call(133)) - Running DeletedBlockTransactionScanner
2021-08-10 12:16:40,576 [SCMBlockDeletingService#0] DEBUG block.SCMBlockDeletingService (SCMBlockDeletingService.java:call(133)) - Running DeletedBlockTransactionScanner
2021-08-10 12:16:40,676 [SCMBlockDeletingService#0] DEBUG block.SCMBlockDeletingService (SCMBlockDeletingService.java:call(133)) - Running DeletedBlockTransactionScanner
2021-08-10 12:16:40,776 [SCMBlockDeletingService#0] DEBUG block.SCMBlockDeletingService (SCMBlockDeletingService.java:call(133)) - Running DeletedBlockTransactionScanner
2021-08-10 12:16:40,876 [SCMBlockDeletingService#0] DEBUG block.SCMBlockDeletingService (SCMBlockDeletingService.java:call(133)) - Running DeletedBlockTransactionScanner
2021-08-10 12:16:40,976 [SCMBlockDeletingService#0] DEBUG block.SCMBlockDeletingService (SCMBlockDeletingService.java:call(133)) - Running DeletedBlockTransactionScanner
2021-08-10 12:16:41,077 [SCMBlockDeletingService#0] DEBUG block.SCMBlockDeletingService (SCMBlockDeletingService.java:call(133)) - Running DeletedBlockTransactionScanner
2021-08-10 12:16:41,177 [SCMBlockDeletingService#0] DEBUG block.SCMBlockDeletingService (SCMBlockDeletingService.java:call(133)) - Running DeletedBlockTransactionScanner
2021-08-10 12:16:41,277 [SCMBlockDeletingService#0] DEBUG block.SCMBlockDeletingService (SCMBlockDeletingService.java:call(133)) - Running DeletedBlockTransactionScanner
2021-08-10 12:16:41,377 [SCMBlockDeletingService#0] DEBUG block.SCMBlockDeletingService (SCMBlockDeletingService.java:call(133)) - Running DeletedBlockTransactionScanner
2021-08-10 12:16:41,399 [Listener at 127.0.0.1/43569] WARN  commandhandler.TestBlockDeletion (TestBlockDeletion.java:lambda$testBlockDeletion$3(251)) - Verify blocks deletion failed
java.lang.AssertionError: expected null, but was:<[blockId=conID: 11 locID: 107544261427200011 bcsId: 169, size=4194304]>
	at org.junit.Assert.fail(Assert.java:89)
	at org.junit.Assert.failNotNull(Assert.java:756)
	at org.junit.Assert.assertNull(Assert.java:738)
	at org.junit.Assert.assertNull(Assert.java:748)
	at org.apache.hadoop.ozone.container.common.statemachine.commandhandler.TestBlockDeletion.lambda$verifyBlocksDeleted$15(TestBlockDeletion.java:453)
	at org.apache.hadoop.ozone.OzoneTestUtils.performOperationOnKeyContainers(OzoneTestUtils.java:133)
	at org.apache.hadoop.ozone.container.common.statemachine.commandhandler.TestBlockDeletion.verifyBlocksDeleted(TestBlockDeletion.java:442)
	at org.apache.hadoop.ozone.container.common.statemachine.commandhandler.TestBlockDeletion.lambda$testBlockDeletion$3(TestBlockDeletion.java:248)
	at org.apache.ozone.test.GenericTestUtils.waitFor(GenericTestUtils.java:219)
	at org.apache.hadoop.ozone.container.common.statemachine.commandhandler.TestBlockDeletion.testBlockDeletion(TestBlockDeletion.java:246)
	at sun.reflect.NativeMethodAccessorImpl.invoke0(Native Method)
	at sun.reflect.NativeMethodAccessorImpl.invoke(NativeMethodAccessorImpl.java:62)
	at sun.reflect.DelegatingMethodAccessorImpl.invoke(DelegatingMethodAccessorImpl.java:43)
	at java.lang.reflect.Method.invoke(Method.java:498)
	at org.junit.runners.model.FrameworkMethod$1.runReflectiveCall(FrameworkMethod.java:59)
	at org.junit.internal.runners.model.ReflectiveCallable.run(ReflectiveCallable.java:12)
	at org.junit.runners.model.FrameworkMethod.invokeExplosively(FrameworkMethod.java:56)
	at org.junit.internal.runners.statements.InvokeMethod.evaluate(InvokeMethod.java:17)
	at org.junit.internal.runners.statements.RunBefores.evaluate(RunBefores.java:26)
	at org.junit.internal.runners.statements.RunAfters.evaluate(RunAfters.java:27)
	at org.junit.runners.ParentRunner$3.evaluate(ParentRunner.java:306)
	at org.junit.runners.BlockJUnit4ClassRunner$1.evaluate(BlockJUnit4ClassRunner.java:100)
	at org.junit.runners.ParentRunner.runLeaf(ParentRunner.java:366)
	at org.junit.runners.BlockJUnit4ClassRunner.runChild(BlockJUnit4ClassRunner.java:103)
	at org.junit.runners.BlockJUnit4ClassRunner.runChild(BlockJUnit4ClassRunner.java:63)
	at org.junit.runners.ParentRunner$4.run(ParentRunner.java:331)
	at org.junit.runners.ParentRunner$1.schedule(ParentRunner.java:79)
	at org.junit.runners.ParentRunner.runChildren(ParentRunner.java:329)
	at org.junit.runners.ParentRunner.access$100(ParentRunner.java:66)
	at org.junit.runners.ParentRunner$2.evaluate(ParentRunner.java:293)
	at org.junit.runners.ParentRunner$3.evaluate(ParentRunner.java:306)
	at org.junit.runners.ParentRunner.run(ParentRunner.java:413)
	at org.junit.runner.JUnitCore.run(JUnitCore.java:137)
	at org.junit.runner.JUnitCore.run(JUnitCore.java:115)
	at org.junit.vintage.engine.execution.RunnerExecutor.execute(RunnerExecutor.java:43)
	at java.util.stream.ForEachOps$ForEachOp$OfRef.accept(ForEachOps.java:183)
	at java.util.stream.ReferencePipeline$3$1.accept(ReferencePipeline.java:193)
	at java.util.Iterator.forEachRemaining(Iterator.java:116)
	at java.util.Spliterators$IteratorSpliterator.forEachRemaining(Spliterators.java:1801)
	at java.util.stream.AbstractPipeline.copyInto(AbstractPipeline.java:482)
	at java.util.stream.AbstractPipeline.wrapAndCopyInto(AbstractPipeline.java:472)
	at java.util.stream.ForEachOps$ForEachOp.evaluateSequential(ForEachOps.java:150)
	at java.util.stream.ForEachOps$ForEachOp$OfRef.evaluateSequential(ForEachOps.java:173)
	at java.util.stream.AbstractPipeline.evaluate(AbstractPipeline.java:234)
	at java.util.stream.ReferencePipeline.forEach(ReferencePipeline.java:485)
	at org.junit.vintage.engine.VintageTestEngine.executeAllChildren(VintageTestEngine.java:82)
	at org.junit.vintage.engine.VintageTestEngine.execute(VintageTestEngine.java:73)
	at org.junit.platform.launcher.core.EngineExecutionOrchestrator.execute(EngineExecutionOrchestrator.java:108)
	at org.junit.platform.launcher.core.EngineExecutionOrchestrator.execute(EngineExecutionOrchestrator.java:88)
	at org.junit.platform.launcher.core.EngineExecutionOrchestrator.lambda$execute$0(EngineExecutionOrchestrator.java:54)
	at org.junit.platform.launcher.core.EngineExecutionOrchestrator.withInterceptedStreams(EngineExecutionOrchestrator.java:67)
	at org.junit.platform.launcher.core.EngineExecutionOrchestrator.execute(EngineExecutionOrchestrator.java:52)
	at org.junit.platform.launcher.core.DefaultLauncher.execute(DefaultLauncher.java:96)
	at org.junit.platform.launcher.core.DefaultLauncher.execute(DefaultLauncher.java:75)
	at org.apache.maven.surefire.junitplatform.JUnitPlatformProvider.invokeAllTests(JUnitPlatformProvider.java:142)
	at org.apache.maven.surefire.junitplatform.JUnitPlatformProvider.invoke(JUnitPlatformProvider.java:113)
	at org.apache.maven.surefire.booter.ForkedBooter.invokeProviderInSameClassLoader(ForkedBooter.java:384)
	at org.apache.maven.surefire.booter.ForkedBooter.runSuitesInProcess(ForkedBooter.java:345)
	at org.apache.maven.surefire.booter.ForkedBooter.execute(ForkedBooter.java:126)
	at org.apache.maven.surefire.booter.ForkedBooter.main(ForkedBooter.java:418)
2021-08-10 12:16:41,477 [SCMBlockDeletingService#0] DEBUG block.SCMBlockDeletingService (SCMBlockDeletingService.java:call(133)) - Running DeletedBlockTransactionScanner
2021-08-10 12:16:41,577 [SCMBlockDeletingService#0] DEBUG block.SCMBlockDeletingService (SCMBlockDeletingService.java:call(133)) - Running DeletedBlockTransactionScanner
2021-08-10 12:16:41,677 [SCMBlockDeletingService#0] DEBUG block.SCMBlockDeletingService (SCMBlockDeletingService.java:call(133)) - Running DeletedBlockTransactionScanner
2021-08-10 12:16:41,777 [SCMBlockDeletingService#0] DEBUG block.SCMBlockDeletingService (SCMBlockDeletingService.java:call(133)) - Running DeletedBlockTransactionScanner
2021-08-10 12:16:41,877 [SCMBlockDeletingService#0] DEBUG block.SCMBlockDeletingService (SCMBlockDeletingService.java:call(133)) - Running DeletedBlockTransactionScanner
2021-08-10 12:16:41,978 [SCMBlockDeletingService#0] DEBUG block.SCMBlockDeletingService (SCMBlockDeletingService.java:call(133)) - Running DeletedBlockTransactionScanner
2021-08-10 12:16:42,078 [SCMBlockDeletingService#0] DEBUG block.SCMBlockDeletingService (SCMBlockDeletingService.java:call(133)) - Running DeletedBlockTransactionScanner
2021-08-10 12:16:42,179 [SCMBlockDeletingService#0] DEBUG block.SCMBlockDeletingService (SCMBlockDeletingService.java:call(133)) - Running DeletedBlockTransactionScanner
2021-08-10 12:16:42,281 [SCMBlockDeletingService#0] DEBUG block.SCMBlockDeletingService (SCMBlockDeletingService.java:call(133)) - Running DeletedBlockTransactionScanner
2021-08-10 12:16:42,381 [SCMBlockDeletingService#0] DEBUG block.SCMBlockDeletingService (SCMBlockDeletingService.java:call(133)) - Running DeletedBlockTransactionScanner
2021-08-10 12:16:42,481 [SCMBlockDeletingService#0] DEBUG block.SCMBlockDeletingService (SCMBlockDeletingService.java:call(133)) - Running DeletedBlockTransactionScanner
2021-08-10 12:16:42,583 [SCMBlockDeletingService#0] DEBUG block.SCMBlockDeletingService (SCMBlockDeletingService.java:call(133)) - Running DeletedBlockTransactionScanner
2021-08-10 12:16:42,683 [SCMBlockDeletingService#0] DEBUG block.SCMBlockDeletingService (SCMBlockDeletingService.java:call(133)) - Running DeletedBlockTransactionScanner
2021-08-10 12:16:42,783 [SCMBlockDeletingService#0] DEBUG block.SCMBlockDeletingService (SCMBlockDeletingService.java:call(133)) - Running DeletedBlockTransactionScanner
2021-08-10 12:16:42,883 [SCMBlockDeletingService#0] DEBUG block.SCMBlockDeletingService (SCMBlockDeletingService.java:call(133)) - Running DeletedBlockTransactionScanner
2021-08-10 12:16:42,983 [SCMBlockDeletingService#0] DEBUG block.SCMBlockDeletingService (SCMBlockDeletingService.java:call(133)) - Running DeletedBlockTransactionScanner
2021-08-10 12:16:43,083 [SCMBlockDeletingService#0] DEBUG block.SCMBlockDeletingService (SCMBlockDeletingService.java:call(133)) - Running DeletedBlockTransactionScanner
2021-08-10 12:16:43,183 [SCMBlockDeletingService#0] DEBUG block.SCMBlockDeletingService (SCMBlockDeletingService.java:call(133)) - Running DeletedBlockTransactionScanner
2021-08-10 12:16:43,283 [SCMBlockDeletingService#0] DEBUG block.SCMBlockDeletingService (SCMBlockDeletingService.java:call(133)) - Running DeletedBlockTransactionScanner
2021-08-10 12:16:43,386 [SCMBlockDeletingService#0] DEBUG block.SCMBlockDeletingService (SCMBlockDeletingService.java:call(133)) - Running DeletedBlockTransactionScanner
2021-08-10 12:16:43,403 [Listener at 127.0.0.1/43569] WARN  commandhandler.TestBlockDeletion (TestBlockDeletion.java:lambda$testBlockDeletion$3(251)) - Verify blocks deletion failed
java.lang.AssertionError: expected null, but was:<[blockId=conID: 11 locID: 107544261427200011 bcsId: 169, size=4194304]>
	at org.junit.Assert.fail(Assert.java:89)
	at org.junit.Assert.failNotNull(Assert.java:756)
	at org.junit.Assert.assertNull(Assert.java:738)
	at org.junit.Assert.assertNull(Assert.java:748)
	at org.apache.hadoop.ozone.container.common.statemachine.commandhandler.TestBlockDeletion.lambda$verifyBlocksDeleted$15(TestBlockDeletion.java:453)
	at org.apache.hadoop.ozone.OzoneTestUtils.performOperationOnKeyContainers(OzoneTestUtils.java:133)
	at org.apache.hadoop.ozone.container.common.statemachine.commandhandler.TestBlockDeletion.verifyBlocksDeleted(TestBlockDeletion.java:442)
	at org.apache.hadoop.ozone.container.common.statemachine.commandhandler.TestBlockDeletion.lambda$testBlockDeletion$3(TestBlockDeletion.java:248)
	at org.apache.ozone.test.GenericTestUtils.waitFor(GenericTestUtils.java:219)
	at org.apache.hadoop.ozone.container.common.statemachine.commandhandler.TestBlockDeletion.testBlockDeletion(TestBlockDeletion.java:246)
	at sun.reflect.NativeMethodAccessorImpl.invoke0(Native Method)
	at sun.reflect.NativeMethodAccessorImpl.invoke(NativeMethodAccessorImpl.java:62)
	at sun.reflect.DelegatingMethodAccessorImpl.invoke(DelegatingMethodAccessorImpl.java:43)
	at java.lang.reflect.Method.invoke(Method.java:498)
	at org.junit.runners.model.FrameworkMethod$1.runReflectiveCall(FrameworkMethod.java:59)
	at org.junit.internal.runners.model.ReflectiveCallable.run(ReflectiveCallable.java:12)
	at org.junit.runners.model.FrameworkMethod.invokeExplosively(FrameworkMethod.java:56)
	at org.junit.internal.runners.statements.InvokeMethod.evaluate(InvokeMethod.java:17)
	at org.junit.internal.runners.statements.RunBefores.evaluate(RunBefores.java:26)
	at org.junit.internal.runners.statements.RunAfters.evaluate(RunAfters.java:27)
	at org.junit.runners.ParentRunner$3.evaluate(ParentRunner.java:306)
	at org.junit.runners.BlockJUnit4ClassRunner$1.evaluate(BlockJUnit4ClassRunner.java:100)
	at org.junit.runners.ParentRunner.runLeaf(ParentRunner.java:366)
	at org.junit.runners.BlockJUnit4ClassRunner.runChild(BlockJUnit4ClassRunner.java:103)
	at org.junit.runners.BlockJUnit4ClassRunner.runChild(BlockJUnit4ClassRunner.java:63)
	at org.junit.runners.ParentRunner$4.run(ParentRunner.java:331)
	at org.junit.runners.ParentRunner$1.schedule(ParentRunner.java:79)
	at org.junit.runners.ParentRunner.runChildren(ParentRunner.java:329)
	at org.junit.runners.ParentRunner.access$100(ParentRunner.java:66)
	at org.junit.runners.ParentRunner$2.evaluate(ParentRunner.java:293)
	at org.junit.runners.ParentRunner$3.evaluate(ParentRunner.java:306)
	at org.junit.runners.ParentRunner.run(ParentRunner.java:413)
	at org.junit.runner.JUnitCore.run(JUnitCore.java:137)
	at org.junit.runner.JUnitCore.run(JUnitCore.java:115)
	at org.junit.vintage.engine.execution.RunnerExecutor.execute(RunnerExecutor.java:43)
	at java.util.stream.ForEachOps$ForEachOp$OfRef.accept(ForEachOps.java:183)
	at java.util.stream.ReferencePipeline$3$1.accept(ReferencePipeline.java:193)
	at java.util.Iterator.forEachRemaining(Iterator.java:116)
	at java.util.Spliterators$IteratorSpliterator.forEachRemaining(Spliterators.java:1801)
	at java.util.stream.AbstractPipeline.copyInto(AbstractPipeline.java:482)
	at java.util.stream.AbstractPipeline.wrapAndCopyInto(AbstractPipeline.java:472)
	at java.util.stream.ForEachOps$ForEachOp.evaluateSequential(ForEachOps.java:150)
	at java.util.stream.ForEachOps$ForEachOp$OfRef.evaluateSequential(ForEachOps.java:173)
	at java.util.stream.AbstractPipeline.evaluate(AbstractPipeline.java:234)
	at java.util.stream.ReferencePipeline.forEach(ReferencePipeline.java:485)
	at org.junit.vintage.engine.VintageTestEngine.executeAllChildren(VintageTestEngine.java:82)
	at org.junit.vintage.engine.VintageTestEngine.execute(VintageTestEngine.java:73)
	at org.junit.platform.launcher.core.EngineExecutionOrchestrator.execute(EngineExecutionOrchestrator.java:108)
	at org.junit.platform.launcher.core.EngineExecutionOrchestrator.execute(EngineExecutionOrchestrator.java:88)
	at org.junit.platform.launcher.core.EngineExecutionOrchestrator.lambda$execute$0(EngineExecutionOrchestrator.java:54)
	at org.junit.platform.launcher.core.EngineExecutionOrchestrator.withInterceptedStreams(EngineExecutionOrchestrator.java:67)
	at org.junit.platform.launcher.core.EngineExecutionOrchestrator.execute(EngineExecutionOrchestrator.java:52)
	at org.junit.platform.launcher.core.DefaultLauncher.execute(DefaultLauncher.java:96)
	at org.junit.platform.launcher.core.DefaultLauncher.execute(DefaultLauncher.java:75)
	at org.apache.maven.surefire.junitplatform.JUnitPlatformProvider.invokeAllTests(JUnitPlatformProvider.java:142)
	at org.apache.maven.surefire.junitplatform.JUnitPlatformProvider.invoke(JUnitPlatformProvider.java:113)
	at org.apache.maven.surefire.booter.ForkedBooter.invokeProviderInSameClassLoader(ForkedBooter.java:384)
	at org.apache.maven.surefire.booter.ForkedBooter.runSuitesInProcess(ForkedBooter.java:345)
	at org.apache.maven.surefire.booter.ForkedBooter.execute(ForkedBooter.java:126)
	at org.apache.maven.surefire.booter.ForkedBooter.main(ForkedBooter.java:418)
2021-08-10 12:16:43,486 [SCMBlockDeletingService#0] DEBUG block.SCMBlockDeletingService (SCMBlockDeletingService.java:call(133)) - Running DeletedBlockTransactionScanner
2021-08-10 12:16:43,586 [SCMBlockDeletingService#0] DEBUG block.SCMBlockDeletingService (SCMBlockDeletingService.java:call(133)) - Running DeletedBlockTransactionScanner
2021-08-10 12:16:43,686 [SCMBlockDeletingService#0] DEBUG block.SCMBlockDeletingService (SCMBlockDeletingService.java:call(133)) - Running DeletedBlockTransactionScanner
2021-08-10 12:16:43,786 [SCMBlockDeletingService#0] DEBUG block.SCMBlockDeletingService (SCMBlockDeletingService.java:call(133)) - Running DeletedBlockTransactionScanner
2021-08-10 12:16:43,888 [SCMBlockDeletingService#0] DEBUG block.SCMBlockDeletingService (SCMBlockDeletingService.java:call(133)) - Running DeletedBlockTransactionScanner
2021-08-10 12:16:43,988 [SCMBlockDeletingService#0] DEBUG block.SCMBlockDeletingService (SCMBlockDeletingService.java:call(133)) - Running DeletedBlockTransactionScanner
2021-08-10 12:16:44,088 [SCMBlockDeletingService#0] DEBUG block.SCMBlockDeletingService (SCMBlockDeletingService.java:call(133)) - Running DeletedBlockTransactionScanner
2021-08-10 12:16:44,188 [SCMBlockDeletingService#0] DEBUG block.SCMBlockDeletingService (SCMBlockDeletingService.java:call(133)) - Running DeletedBlockTransactionScanner
2021-08-10 12:16:44,288 [SCMBlockDeletingService#0] DEBUG block.SCMBlockDeletingService (SCMBlockDeletingService.java:call(133)) - Running DeletedBlockTransactionScanner
2021-08-10 12:16:44,388 [SCMBlockDeletingService#0] DEBUG block.SCMBlockDeletingService (SCMBlockDeletingService.java:call(133)) - Running DeletedBlockTransactionScanner
2021-08-10 12:16:44,489 [SCMBlockDeletingService#0] DEBUG block.SCMBlockDeletingService (SCMBlockDeletingService.java:call(133)) - Running DeletedBlockTransactionScanner
2021-08-10 12:16:44,589 [SCMBlockDeletingService#0] DEBUG block.SCMBlockDeletingService (SCMBlockDeletingService.java:call(133)) - Running DeletedBlockTransactionScanner
2021-08-10 12:16:44,689 [SCMBlockDeletingService#0] DEBUG block.SCMBlockDeletingService (SCMBlockDeletingService.java:call(133)) - Running DeletedBlockTransactionScanner
2021-08-10 12:16:44,789 [SCMBlockDeletingService#0] DEBUG block.SCMBlockDeletingService (SCMBlockDeletingService.java:call(133)) - Running DeletedBlockTransactionScanner
2021-08-10 12:16:44,889 [SCMBlockDeletingService#0] DEBUG block.SCMBlockDeletingService (SCMBlockDeletingService.java:call(133)) - Running DeletedBlockTransactionScanner
2021-08-10 12:16:44,989 [SCMBlockDeletingService#0] DEBUG block.SCMBlockDeletingService (SCMBlockDeletingService.java:call(133)) - Running DeletedBlockTransactionScanner
2021-08-10 12:16:45,089 [SCMBlockDeletingService#0] DEBUG block.SCMBlockDeletingService (SCMBlockDeletingService.java:call(133)) - Running DeletedBlockTransactionScanner
2021-08-10 12:16:45,189 [SCMBlockDeletingService#0] DEBUG block.SCMBlockDeletingService (SCMBlockDeletingService.java:call(133)) - Running DeletedBlockTransactionScanner
2021-08-10 12:16:45,289 [SCMBlockDeletingService#0] DEBUG block.SCMBlockDeletingService (SCMBlockDeletingService.java:call(133)) - Running DeletedBlockTransactionScanner
2021-08-10 12:16:45,389 [SCMBlockDeletingService#0] DEBUG block.SCMBlockDeletingService (SCMBlockDeletingService.java:call(133)) - Running DeletedBlockTransactionScanner
2021-08-10 12:16:45,405 [Listener at 127.0.0.1/43569] WARN  commandhandler.TestBlockDeletion (TestBlockDeletion.java:lambda$testBlockDeletion$3(251)) - Verify blocks deletion failed
java.lang.AssertionError: expected null, but was:<[blockId=conID: 11 locID: 107544261427200011 bcsId: 169, size=4194304]>
	at org.junit.Assert.fail(Assert.java:89)
	at org.junit.Assert.failNotNull(Assert.java:756)
	at org.junit.Assert.assertNull(Assert.java:738)
	at org.junit.Assert.assertNull(Assert.java:748)
	at org.apache.hadoop.ozone.container.common.statemachine.commandhandler.TestBlockDeletion.lambda$verifyBlocksDeleted$15(TestBlockDeletion.java:453)
	at org.apache.hadoop.ozone.OzoneTestUtils.performOperationOnKeyContainers(OzoneTestUtils.java:133)
	at org.apache.hadoop.ozone.container.common.statemachine.commandhandler.TestBlockDeletion.verifyBlocksDeleted(TestBlockDeletion.java:442)
	at org.apache.hadoop.ozone.container.common.statemachine.commandhandler.TestBlockDeletion.lambda$testBlockDeletion$3(TestBlockDeletion.java:248)
	at org.apache.ozone.test.GenericTestUtils.waitFor(GenericTestUtils.java:219)
	at org.apache.hadoop.ozone.container.common.statemachine.commandhandler.TestBlockDeletion.testBlockDeletion(TestBlockDeletion.java:246)
	at sun.reflect.NativeMethodAccessorImpl.invoke0(Native Method)
	at sun.reflect.NativeMethodAccessorImpl.invoke(NativeMethodAccessorImpl.java:62)
	at sun.reflect.DelegatingMethodAccessorImpl.invoke(DelegatingMethodAccessorImpl.java:43)
	at java.lang.reflect.Method.invoke(Method.java:498)
	at org.junit.runners.model.FrameworkMethod$1.runReflectiveCall(FrameworkMethod.java:59)
	at org.junit.internal.runners.model.ReflectiveCallable.run(ReflectiveCallable.java:12)
	at org.junit.runners.model.FrameworkMethod.invokeExplosively(FrameworkMethod.java:56)
	at org.junit.internal.runners.statements.InvokeMethod.evaluate(InvokeMethod.java:17)
	at org.junit.internal.runners.statements.RunBefores.evaluate(RunBefores.java:26)
	at org.junit.internal.runners.statements.RunAfters.evaluate(RunAfters.java:27)
	at org.junit.runners.ParentRunner$3.evaluate(ParentRunner.java:306)
	at org.junit.runners.BlockJUnit4ClassRunner$1.evaluate(BlockJUnit4ClassRunner.java:100)
	at org.junit.runners.ParentRunner.runLeaf(ParentRunner.java:366)
	at org.junit.runners.BlockJUnit4ClassRunner.runChild(BlockJUnit4ClassRunner.java:103)
	at org.junit.runners.BlockJUnit4ClassRunner.runChild(BlockJUnit4ClassRunner.java:63)
	at org.junit.runners.ParentRunner$4.run(ParentRunner.java:331)
	at org.junit.runners.ParentRunner$1.schedule(ParentRunner.java:79)
	at org.junit.runners.ParentRunner.runChildren(ParentRunner.java:329)
	at org.junit.runners.ParentRunner.access$100(ParentRunner.java:66)
	at org.junit.runners.ParentRunner$2.evaluate(ParentRunner.java:293)
	at org.junit.runners.ParentRunner$3.evaluate(ParentRunner.java:306)
	at org.junit.runners.ParentRunner.run(ParentRunner.java:413)
	at org.junit.runner.JUnitCore.run(JUnitCore.java:137)
	at org.junit.runner.JUnitCore.run(JUnitCore.java:115)
	at org.junit.vintage.engine.execution.RunnerExecutor.execute(RunnerExecutor.java:43)
	at java.util.stream.ForEachOps$ForEachOp$OfRef.accept(ForEachOps.java:183)
	at java.util.stream.ReferencePipeline$3$1.accept(ReferencePipeline.java:193)
	at java.util.Iterator.forEachRemaining(Iterator.java:116)
	at java.util.Spliterators$IteratorSpliterator.forEachRemaining(Spliterators.java:1801)
	at java.util.stream.AbstractPipeline.copyInto(AbstractPipeline.java:482)
	at java.util.stream.AbstractPipeline.wrapAndCopyInto(AbstractPipeline.java:472)
	at java.util.stream.ForEachOps$ForEachOp.evaluateSequential(ForEachOps.java:150)
	at java.util.stream.ForEachOps$ForEachOp$OfRef.evaluateSequential(ForEachOps.java:173)
	at java.util.stream.AbstractPipeline.evaluate(AbstractPipeline.java:234)
	at java.util.stream.ReferencePipeline.forEach(ReferencePipeline.java:485)
	at org.junit.vintage.engine.VintageTestEngine.executeAllChildren(VintageTestEngine.java:82)
	at org.junit.vintage.engine.VintageTestEngine.execute(VintageTestEngine.java:73)
	at org.junit.platform.launcher.core.EngineExecutionOrchestrator.execute(EngineExecutionOrchestrator.java:108)
	at org.junit.platform.launcher.core.EngineExecutionOrchestrator.execute(EngineExecutionOrchestrator.java:88)
	at org.junit.platform.launcher.core.EngineExecutionOrchestrator.lambda$execute$0(EngineExecutionOrchestrator.java:54)
	at org.junit.platform.launcher.core.EngineExecutionOrchestrator.withInterceptedStreams(EngineExecutionOrchestrator.java:67)
	at org.junit.platform.launcher.core.EngineExecutionOrchestrator.execute(EngineExecutionOrchestrator.java:52)
	at org.junit.platform.launcher.core.DefaultLauncher.execute(DefaultLauncher.java:96)
	at org.junit.platform.launcher.core.DefaultLauncher.execute(DefaultLauncher.java:75)
	at org.apache.maven.surefire.junitplatform.JUnitPlatformProvider.invokeAllTests(JUnitPlatformProvider.java:142)
	at org.apache.maven.surefire.junitplatform.JUnitPlatformProvider.invoke(JUnitPlatformProvider.java:113)
	at org.apache.maven.surefire.booter.ForkedBooter.invokeProviderInSameClassLoader(ForkedBooter.java:384)
	at org.apache.maven.surefire.booter.ForkedBooter.runSuitesInProcess(ForkedBooter.java:345)
	at org.apache.maven.surefire.booter.ForkedBooter.execute(ForkedBooter.java:126)
	at org.apache.maven.surefire.booter.ForkedBooter.main(ForkedBooter.java:418)
2021-08-10 12:16:45,489 [SCMBlockDeletingService#0] DEBUG block.SCMBlockDeletingService (SCMBlockDeletingService.java:call(133)) - Running DeletedBlockTransactionScanner
2021-08-10 12:16:45,590 [SCMBlockDeletingService#0] DEBUG block.SCMBlockDeletingService (SCMBlockDeletingService.java:call(133)) - Running DeletedBlockTransactionScanner
2021-08-10 12:16:45,690 [SCMBlockDeletingService#0] DEBUG block.SCMBlockDeletingService (SCMBlockDeletingService.java:call(133)) - Running DeletedBlockTransactionScanner
2021-08-10 12:16:45,790 [SCMBlockDeletingService#0] DEBUG block.SCMBlockDeletingService (SCMBlockDeletingService.java:call(133)) - Running DeletedBlockTransactionScanner
2021-08-10 12:16:45,890 [SCMBlockDeletingService#0] DEBUG block.SCMBlockDeletingService (SCMBlockDeletingService.java:call(133)) - Running DeletedBlockTransactionScanner
2021-08-10 12:16:45,990 [SCMBlockDeletingService#0] DEBUG block.SCMBlockDeletingService (SCMBlockDeletingService.java:call(133)) - Running DeletedBlockTransactionScanner
2021-08-10 12:16:46,090 [SCMBlockDeletingService#0] DEBUG block.SCMBlockDeletingService (SCMBlockDeletingService.java:call(133)) - Running DeletedBlockTransactionScanner
2021-08-10 12:16:46,191 [SCMBlockDeletingService#0] DEBUG block.SCMBlockDeletingService (SCMBlockDeletingService.java:call(133)) - Running DeletedBlockTransactionScanner
2021-08-10 12:16:46,291 [SCMBlockDeletingService#0] DEBUG block.SCMBlockDeletingService (SCMBlockDeletingService.java:call(133)) - Running DeletedBlockTransactionScanner
2021-08-10 12:16:46,391 [SCMBlockDeletingService#0] DEBUG block.SCMBlockDeletingService (SCMBlockDeletingService.java:call(133)) - Running DeletedBlockTransactionScanner
2021-08-10 12:16:46,491 [SCMBlockDeletingService#0] DEBUG block.SCMBlockDeletingService (SCMBlockDeletingService.java:call(133)) - Running DeletedBlockTransactionScanner
2021-08-10 12:16:46,594 [SCMBlockDeletingService#0] DEBUG block.SCMBlockDeletingService (SCMBlockDeletingService.java:call(133)) - Running DeletedBlockTransactionScanner
2021-08-10 12:16:46,695 [SCMBlockDeletingService#0] DEBUG block.SCMBlockDeletingService (SCMBlockDeletingService.java:call(133)) - Running DeletedBlockTransactionScanner
2021-08-10 12:16:46,795 [SCMBlockDeletingService#0] DEBUG block.SCMBlockDeletingService (SCMBlockDeletingService.java:call(133)) - Running DeletedBlockTransactionScanner
2021-08-10 12:16:46,895 [SCMBlockDeletingService#0] DEBUG block.SCMBlockDeletingService (SCMBlockDeletingService.java:call(133)) - Running DeletedBlockTransactionScanner
2021-08-10 12:16:46,995 [SCMBlockDeletingService#0] DEBUG block.SCMBlockDeletingService (SCMBlockDeletingService.java:call(133)) - Running DeletedBlockTransactionScanner
2021-08-10 12:16:47,095 [SCMBlockDeletingService#0] DEBUG block.SCMBlockDeletingService (SCMBlockDeletingService.java:call(133)) - Running DeletedBlockTransactionScanner
2021-08-10 12:16:47,195 [SCMBlockDeletingService#0] DEBUG block.SCMBlockDeletingService (SCMBlockDeletingService.java:call(133)) - Running DeletedBlockTransactionScanner
2021-08-10 12:16:47,295 [SCMBlockDeletingService#0] DEBUG block.SCMBlockDeletingService (SCMBlockDeletingService.java:call(133)) - Running DeletedBlockTransactionScanner
2021-08-10 12:16:47,396 [SCMBlockDeletingService#0] DEBUG block.SCMBlockDeletingService (SCMBlockDeletingService.java:call(133)) - Running DeletedBlockTransactionScanner
2021-08-10 12:16:47,406 [Listener at 127.0.0.1/43569] WARN  commandhandler.TestBlockDeletion (TestBlockDeletion.java:lambda$testBlockDeletion$3(251)) - Verify blocks deletion failed
java.lang.AssertionError: expected null, but was:<[blockId=conID: 11 locID: 107544261427200011 bcsId: 169, size=4194304]>
	at org.junit.Assert.fail(Assert.java:89)
	at org.junit.Assert.failNotNull(Assert.java:756)
	at org.junit.Assert.assertNull(Assert.java:738)
	at org.junit.Assert.assertNull(Assert.java:748)
	at org.apache.hadoop.ozone.container.common.statemachine.commandhandler.TestBlockDeletion.lambda$verifyBlocksDeleted$15(TestBlockDeletion.java:453)
	at org.apache.hadoop.ozone.OzoneTestUtils.performOperationOnKeyContainers(OzoneTestUtils.java:133)
	at org.apache.hadoop.ozone.container.common.statemachine.commandhandler.TestBlockDeletion.verifyBlocksDeleted(TestBlockDeletion.java:442)
	at org.apache.hadoop.ozone.container.common.statemachine.commandhandler.TestBlockDeletion.lambda$testBlockDeletion$3(TestBlockDeletion.java:248)
	at org.apache.ozone.test.GenericTestUtils.waitFor(GenericTestUtils.java:219)
	at org.apache.hadoop.ozone.container.common.statemachine.commandhandler.TestBlockDeletion.testBlockDeletion(TestBlockDeletion.java:246)
	at sun.reflect.NativeMethodAccessorImpl.invoke0(Native Method)
	at sun.reflect.NativeMethodAccessorImpl.invoke(NativeMethodAccessorImpl.java:62)
	at sun.reflect.DelegatingMethodAccessorImpl.invoke(DelegatingMethodAccessorImpl.java:43)
	at java.lang.reflect.Method.invoke(Method.java:498)
	at org.junit.runners.model.FrameworkMethod$1.runReflectiveCall(FrameworkMethod.java:59)
	at org.junit.internal.runners.model.ReflectiveCallable.run(ReflectiveCallable.java:12)
	at org.junit.runners.model.FrameworkMethod.invokeExplosively(FrameworkMethod.java:56)
	at org.junit.internal.runners.statements.InvokeMethod.evaluate(InvokeMethod.java:17)
	at org.junit.internal.runners.statements.RunBefores.evaluate(RunBefores.java:26)
	at org.junit.internal.runners.statements.RunAfters.evaluate(RunAfters.java:27)
	at org.junit.runners.ParentRunner$3.evaluate(ParentRunner.java:306)
	at org.junit.runners.BlockJUnit4ClassRunner$1.evaluate(BlockJUnit4ClassRunner.java:100)
	at org.junit.runners.ParentRunner.runLeaf(ParentRunner.java:366)
	at org.junit.runners.BlockJUnit4ClassRunner.runChild(BlockJUnit4ClassRunner.java:103)
	at org.junit.runners.BlockJUnit4ClassRunner.runChild(BlockJUnit4ClassRunner.java:63)
	at org.junit.runners.ParentRunner$4.run(ParentRunner.java:331)
	at org.junit.runners.ParentRunner$1.schedule(ParentRunner.java:79)
	at org.junit.runners.ParentRunner.runChildren(ParentRunner.java:329)
	at org.junit.runners.ParentRunner.access$100(ParentRunner.java:66)
	at org.junit.runners.ParentRunner$2.evaluate(ParentRunner.java:293)
	at org.junit.runners.ParentRunner$3.evaluate(ParentRunner.java:306)
	at org.junit.runners.ParentRunner.run(ParentRunner.java:413)
	at org.junit.runner.JUnitCore.run(JUnitCore.java:137)
	at org.junit.runner.JUnitCore.run(JUnitCore.java:115)
	at org.junit.vintage.engine.execution.RunnerExecutor.execute(RunnerExecutor.java:43)
	at java.util.stream.ForEachOps$ForEachOp$OfRef.accept(ForEachOps.java:183)
	at java.util.stream.ReferencePipeline$3$1.accept(ReferencePipeline.java:193)
	at java.util.Iterator.forEachRemaining(Iterator.java:116)
	at java.util.Spliterators$IteratorSpliterator.forEachRemaining(Spliterators.java:1801)
	at java.util.stream.AbstractPipeline.copyInto(AbstractPipeline.java:482)
	at java.util.stream.AbstractPipeline.wrapAndCopyInto(AbstractPipeline.java:472)
	at java.util.stream.ForEachOps$ForEachOp.evaluateSequential(ForEachOps.java:150)
	at java.util.stream.ForEachOps$ForEachOp$OfRef.evaluateSequential(ForEachOps.java:173)
	at java.util.stream.AbstractPipeline.evaluate(AbstractPipeline.java:234)
	at java.util.stream.ReferencePipeline.forEach(ReferencePipeline.java:485)
	at org.junit.vintage.engine.VintageTestEngine.executeAllChildren(VintageTestEngine.java:82)
	at org.junit.vintage.engine.VintageTestEngine.execute(VintageTestEngine.java:73)
	at org.junit.platform.launcher.core.EngineExecutionOrchestrator.execute(EngineExecutionOrchestrator.java:108)
	at org.junit.platform.launcher.core.EngineExecutionOrchestrator.execute(EngineExecutionOrchestrator.java:88)
	at org.junit.platform.launcher.core.EngineExecutionOrchestrator.lambda$execute$0(EngineExecutionOrchestrator.java:54)
	at org.junit.platform.launcher.core.EngineExecutionOrchestrator.withInterceptedStreams(EngineExecutionOrchestrator.java:67)
	at org.junit.platform.launcher.core.EngineExecutionOrchestrator.execute(EngineExecutionOrchestrator.java:52)
	at org.junit.platform.launcher.core.DefaultLauncher.execute(DefaultLauncher.java:96)
	at org.junit.platform.launcher.core.DefaultLauncher.execute(DefaultLauncher.java:75)
	at org.apache.maven.surefire.junitplatform.JUnitPlatformProvider.invokeAllTests(JUnitPlatformProvider.java:142)
	at org.apache.maven.surefire.junitplatform.JUnitPlatformProvider.invoke(JUnitPlatformProvider.java:113)
	at org.apache.maven.surefire.booter.ForkedBooter.invokeProviderInSameClassLoader(ForkedBooter.java:384)
	at org.apache.maven.surefire.booter.ForkedBooter.runSuitesInProcess(ForkedBooter.java:345)
	at org.apache.maven.surefire.booter.ForkedBooter.execute(ForkedBooter.java:126)
	at org.apache.maven.surefire.booter.ForkedBooter.main(ForkedBooter.java:418)
2021-08-10 12:16:47,496 [SCMBlockDeletingService#0] DEBUG block.SCMBlockDeletingService (SCMBlockDeletingService.java:call(133)) - Running DeletedBlockTransactionScanner
2021-08-10 12:16:47,596 [SCMBlockDeletingService#0] DEBUG block.SCMBlockDeletingService (SCMBlockDeletingService.java:call(133)) - Running DeletedBlockTransactionScanner
2021-08-10 12:16:47,696 [SCMBlockDeletingService#0] DEBUG block.SCMBlockDeletingService (SCMBlockDeletingService.java:call(133)) - Running DeletedBlockTransactionScanner
2021-08-10 12:16:47,796 [SCMBlockDeletingService#0] DEBUG block.SCMBlockDeletingService (SCMBlockDeletingService.java:call(133)) - Running DeletedBlockTransactionScanner
2021-08-10 12:16:47,896 [SCMBlockDeletingService#0] DEBUG block.SCMBlockDeletingService (SCMBlockDeletingService.java:call(133)) - Running DeletedBlockTransactionScanner
2021-08-10 12:16:47,996 [SCMBlockDeletingService#0] DEBUG block.SCMBlockDeletingService (SCMBlockDeletingService.java:call(133)) - Running DeletedBlockTransactionScanner
2021-08-10 12:16:48,096 [SCMBlockDeletingService#0] DEBUG block.SCMBlockDeletingService (SCMBlockDeletingService.java:call(133)) - Running DeletedBlockTransactionScanner
2021-08-10 12:16:48,196 [SCMBlockDeletingService#0] DEBUG block.SCMBlockDeletingService (SCMBlockDeletingService.java:call(133)) - Running DeletedBlockTransactionScanner
2021-08-10 12:16:48,296 [SCMBlockDeletingService#0] DEBUG block.SCMBlockDeletingService (SCMBlockDeletingService.java:call(133)) - Running DeletedBlockTransactionScanner
2021-08-10 12:16:48,396 [SCMBlockDeletingService#0] DEBUG block.SCMBlockDeletingService (SCMBlockDeletingService.java:call(133)) - Running DeletedBlockTransactionScanner
2021-08-10 12:16:48,496 [SCMBlockDeletingService#0] DEBUG block.SCMBlockDeletingService (SCMBlockDeletingService.java:call(133)) - Running DeletedBlockTransactionScanner
2021-08-10 12:16:48,597 [SCMBlockDeletingService#0] DEBUG block.SCMBlockDeletingService (SCMBlockDeletingService.java:call(133)) - Running DeletedBlockTransactionScanner
2021-08-10 12:16:48,697 [SCMBlockDeletingService#0] DEBUG block.SCMBlockDeletingService (SCMBlockDeletingService.java:call(133)) - Running DeletedBlockTransactionScanner
2021-08-10 12:16:48,798 [SCMBlockDeletingService#0] DEBUG block.SCMBlockDeletingService (SCMBlockDeletingService.java:call(133)) - Running DeletedBlockTransactionScanner
2021-08-10 12:16:48,898 [SCMBlockDeletingService#0] DEBUG block.SCMBlockDeletingService (SCMBlockDeletingService.java:call(133)) - Running DeletedBlockTransactionScanner
2021-08-10 12:16:48,999 [SCMBlockDeletingService#0] DEBUG block.SCMBlockDeletingService (SCMBlockDeletingService.java:call(133)) - Running DeletedBlockTransactionScanner
2021-08-10 12:16:49,099 [SCMBlockDeletingService#0] DEBUG block.SCMBlockDeletingService (SCMBlockDeletingService.java:call(133)) - Running DeletedBlockTransactionScanner
2021-08-10 12:16:49,201 [SCMBlockDeletingService#0] DEBUG block.SCMBlockDeletingService (SCMBlockDeletingService.java:call(133)) - Running DeletedBlockTransactionScanner
2021-08-10 12:16:49,301 [SCMBlockDeletingService#0] DEBUG block.SCMBlockDeletingService (SCMBlockDeletingService.java:call(133)) - Running DeletedBlockTransactionScanner
2021-08-10 12:16:49,401 [SCMBlockDeletingService#0] DEBUG block.SCMBlockDeletingService (SCMBlockDeletingService.java:call(133)) - Running DeletedBlockTransactionScanner
2021-08-10 12:16:49,408 [Listener at 127.0.0.1/43569] WARN  commandhandler.TestBlockDeletion (TestBlockDeletion.java:lambda$testBlockDeletion$3(251)) - Verify blocks deletion failed
java.lang.AssertionError: expected null, but was:<[blockId=conID: 11 locID: 107544261427200011 bcsId: 169, size=4194304]>
	at org.junit.Assert.fail(Assert.java:89)
	at org.junit.Assert.failNotNull(Assert.java:756)
	at org.junit.Assert.assertNull(Assert.java:738)
	at org.junit.Assert.assertNull(Assert.java:748)
	at org.apache.hadoop.ozone.container.common.statemachine.commandhandler.TestBlockDeletion.lambda$verifyBlocksDeleted$15(TestBlockDeletion.java:453)
	at org.apache.hadoop.ozone.OzoneTestUtils.performOperationOnKeyContainers(OzoneTestUtils.java:133)
	at org.apache.hadoop.ozone.container.common.statemachine.commandhandler.TestBlockDeletion.verifyBlocksDeleted(TestBlockDeletion.java:442)
	at org.apache.hadoop.ozone.container.common.statemachine.commandhandler.TestBlockDeletion.lambda$testBlockDeletion$3(TestBlockDeletion.java:248)
	at org.apache.ozone.test.GenericTestUtils.waitFor(GenericTestUtils.java:219)
	at org.apache.hadoop.ozone.container.common.statemachine.commandhandler.TestBlockDeletion.testBlockDeletion(TestBlockDeletion.java:246)
	at sun.reflect.NativeMethodAccessorImpl.invoke0(Native Method)
	at sun.reflect.NativeMethodAccessorImpl.invoke(NativeMethodAccessorImpl.java:62)
	at sun.reflect.DelegatingMethodAccessorImpl.invoke(DelegatingMethodAccessorImpl.java:43)
	at java.lang.reflect.Method.invoke(Method.java:498)
	at org.junit.runners.model.FrameworkMethod$1.runReflectiveCall(FrameworkMethod.java:59)
	at org.junit.internal.runners.model.ReflectiveCallable.run(ReflectiveCallable.java:12)
	at org.junit.runners.model.FrameworkMethod.invokeExplosively(FrameworkMethod.java:56)
	at org.junit.internal.runners.statements.InvokeMethod.evaluate(InvokeMethod.java:17)
	at org.junit.internal.runners.statements.RunBefores.evaluate(RunBefores.java:26)
	at org.junit.internal.runners.statements.RunAfters.evaluate(RunAfters.java:27)
	at org.junit.runners.ParentRunner$3.evaluate(ParentRunner.java:306)
	at org.junit.runners.BlockJUnit4ClassRunner$1.evaluate(BlockJUnit4ClassRunner.java:100)
	at org.junit.runners.ParentRunner.runLeaf(ParentRunner.java:366)
	at org.junit.runners.BlockJUnit4ClassRunner.runChild(BlockJUnit4ClassRunner.java:103)
	at org.junit.runners.BlockJUnit4ClassRunner.runChild(BlockJUnit4ClassRunner.java:63)
	at org.junit.runners.ParentRunner$4.run(ParentRunner.java:331)
	at org.junit.runners.ParentRunner$1.schedule(ParentRunner.java:79)
	at org.junit.runners.ParentRunner.runChildren(ParentRunner.java:329)
	at org.junit.runners.ParentRunner.access$100(ParentRunner.java:66)
	at org.junit.runners.ParentRunner$2.evaluate(ParentRunner.java:293)
	at org.junit.runners.ParentRunner$3.evaluate(ParentRunner.java:306)
	at org.junit.runners.ParentRunner.run(ParentRunner.java:413)
	at org.junit.runner.JUnitCore.run(JUnitCore.java:137)
	at org.junit.runner.JUnitCore.run(JUnitCore.java:115)
	at org.junit.vintage.engine.execution.RunnerExecutor.execute(RunnerExecutor.java:43)
	at java.util.stream.ForEachOps$ForEachOp$OfRef.accept(ForEachOps.java:183)
	at java.util.stream.ReferencePipeline$3$1.accept(ReferencePipeline.java:193)
	at java.util.Iterator.forEachRemaining(Iterator.java:116)
	at java.util.Spliterators$IteratorSpliterator.forEachRemaining(Spliterators.java:1801)
	at java.util.stream.AbstractPipeline.copyInto(AbstractPipeline.java:482)
	at java.util.stream.AbstractPipeline.wrapAndCopyInto(AbstractPipeline.java:472)
	at java.util.stream.ForEachOps$ForEachOp.evaluateSequential(ForEachOps.java:150)
	at java.util.stream.ForEachOps$ForEachOp$OfRef.evaluateSequential(ForEachOps.java:173)
	at java.util.stream.AbstractPipeline.evaluate(AbstractPipeline.java:234)
	at java.util.stream.ReferencePipeline.forEach(ReferencePipeline.java:485)
	at org.junit.vintage.engine.VintageTestEngine.executeAllChildren(VintageTestEngine.java:82)
	at org.junit.vintage.engine.VintageTestEngine.execute(VintageTestEngine.java:73)
	at org.junit.platform.launcher.core.EngineExecutionOrchestrator.execute(EngineExecutionOrchestrator.java:108)
	at org.junit.platform.launcher.core.EngineExecutionOrchestrator.execute(EngineExecutionOrchestrator.java:88)
	at org.junit.platform.launcher.core.EngineExecutionOrchestrator.lambda$execute$0(EngineExecutionOrchestrator.java:54)
	at org.junit.platform.launcher.core.EngineExecutionOrchestrator.withInterceptedStreams(EngineExecutionOrchestrator.java:67)
	at org.junit.platform.launcher.core.EngineExecutionOrchestrator.execute(EngineExecutionOrchestrator.java:52)
	at org.junit.platform.launcher.core.DefaultLauncher.execute(DefaultLauncher.java:96)
	at org.junit.platform.launcher.core.DefaultLauncher.execute(DefaultLauncher.java:75)
	at org.apache.maven.surefire.junitplatform.JUnitPlatformProvider.invokeAllTests(JUnitPlatformProvider.java:142)
	at org.apache.maven.surefire.junitplatform.JUnitPlatformProvider.invoke(JUnitPlatformProvider.java:113)
	at org.apache.maven.surefire.booter.ForkedBooter.invokeProviderInSameClassLoader(ForkedBooter.java:384)
	at org.apache.maven.surefire.booter.ForkedBooter.runSuitesInProcess(ForkedBooter.java:345)
	at org.apache.maven.surefire.booter.ForkedBooter.execute(ForkedBooter.java:126)
	at org.apache.maven.surefire.booter.ForkedBooter.main(ForkedBooter.java:418)
2021-08-10 12:16:49,501 [SCMBlockDeletingService#0] DEBUG block.SCMBlockDeletingService (SCMBlockDeletingService.java:call(133)) - Running DeletedBlockTransactionScanner
2021-08-10 12:16:49,601 [SCMBlockDeletingService#0] DEBUG block.SCMBlockDeletingService (SCMBlockDeletingService.java:call(133)) - Running DeletedBlockTransactionScanner
2021-08-10 12:16:49,702 [SCMBlockDeletingService#0] DEBUG block.SCMBlockDeletingService (SCMBlockDeletingService.java:call(133)) - Running DeletedBlockTransactionScanner
2021-08-10 12:16:49,803 [SCMBlockDeletingService#0] DEBUG block.SCMBlockDeletingService (SCMBlockDeletingService.java:call(133)) - Running DeletedBlockTransactionScanner
2021-08-10 12:16:49,903 [SCMBlockDeletingService#0] DEBUG block.SCMBlockDeletingService (SCMBlockDeletingService.java:call(133)) - Running DeletedBlockTransactionScanner
2021-08-10 12:16:50,003 [SCMBlockDeletingService#0] DEBUG block.SCMBlockDeletingService (SCMBlockDeletingService.java:call(133)) - Running DeletedBlockTransactionScanner
2021-08-10 12:16:50,103 [SCMBlockDeletingService#0] DEBUG block.SCMBlockDeletingService (SCMBlockDeletingService.java:call(133)) - Running DeletedBlockTransactionScanner
2021-08-10 12:16:50,203 [SCMBlockDeletingService#0] DEBUG block.SCMBlockDeletingService (SCMBlockDeletingService.java:call(133)) - Running DeletedBlockTransactionScanner
2021-08-10 12:16:50,303 [SCMBlockDeletingService#0] DEBUG block.SCMBlockDeletingService (SCMBlockDeletingService.java:call(133)) - Running DeletedBlockTransactionScanner
2021-08-10 12:16:50,403 [SCMBlockDeletingService#0] DEBUG block.SCMBlockDeletingService (SCMBlockDeletingService.java:call(133)) - Running DeletedBlockTransactionScanner
2021-08-10 12:16:50,503 [SCMBlockDeletingService#0] DEBUG block.SCMBlockDeletingService (SCMBlockDeletingService.java:call(133)) - Running DeletedBlockTransactionScanner
2021-08-10 12:16:50,604 [SCMBlockDeletingService#0] DEBUG block.SCMBlockDeletingService (SCMBlockDeletingService.java:call(133)) - Running DeletedBlockTransactionScanner
2021-08-10 12:16:50,704 [SCMBlockDeletingService#0] DEBUG block.SCMBlockDeletingService (SCMBlockDeletingService.java:call(133)) - Running DeletedBlockTransactionScanner
2021-08-10 12:16:50,804 [SCMBlockDeletingService#0] DEBUG block.SCMBlockDeletingService (SCMBlockDeletingService.java:call(133)) - Running DeletedBlockTransactionScanner
2021-08-10 12:16:50,904 [SCMBlockDeletingService#0] DEBUG block.SCMBlockDeletingService (SCMBlockDeletingService.java:call(133)) - Running DeletedBlockTransactionScanner
2021-08-10 12:16:51,004 [SCMBlockDeletingService#0] DEBUG block.SCMBlockDeletingService (SCMBlockDeletingService.java:call(133)) - Running DeletedBlockTransactionScanner
2021-08-10 12:16:51,104 [SCMBlockDeletingService#0] DEBUG block.SCMBlockDeletingService (SCMBlockDeletingService.java:call(133)) - Running DeletedBlockTransactionScanner
2021-08-10 12:16:51,206 [SCMBlockDeletingService#0] DEBUG block.SCMBlockDeletingService (SCMBlockDeletingService.java:call(133)) - Running DeletedBlockTransactionScanner
2021-08-10 12:16:51,307 [SCMBlockDeletingService#0] DEBUG block.SCMBlockDeletingService (SCMBlockDeletingService.java:call(133)) - Running DeletedBlockTransactionScanner
2021-08-10 12:16:51,407 [SCMBlockDeletingService#0] DEBUG block.SCMBlockDeletingService (SCMBlockDeletingService.java:call(133)) - Running DeletedBlockTransactionScanner
2021-08-10 12:16:51,409 [Listener at 127.0.0.1/43569] WARN  commandhandler.TestBlockDeletion (TestBlockDeletion.java:lambda$testBlockDeletion$3(251)) - Verify blocks deletion failed
java.lang.AssertionError: expected null, but was:<[blockId=conID: 11 locID: 107544261427200011 bcsId: 169, size=4194304]>
	at org.junit.Assert.fail(Assert.java:89)
	at org.junit.Assert.failNotNull(Assert.java:756)
	at org.junit.Assert.assertNull(Assert.java:738)
	at org.junit.Assert.assertNull(Assert.java:748)
	at org.apache.hadoop.ozone.container.common.statemachine.commandhandler.TestBlockDeletion.lambda$verifyBlocksDeleted$15(TestBlockDeletion.java:453)
	at org.apache.hadoop.ozone.OzoneTestUtils.performOperationOnKeyContainers(OzoneTestUtils.java:133)
	at org.apache.hadoop.ozone.container.common.statemachine.commandhandler.TestBlockDeletion.verifyBlocksDeleted(TestBlockDeletion.java:442)
	at org.apache.hadoop.ozone.container.common.statemachine.commandhandler.TestBlockDeletion.lambda$testBlockDeletion$3(TestBlockDeletion.java:248)
	at org.apache.ozone.test.GenericTestUtils.waitFor(GenericTestUtils.java:219)
	at org.apache.hadoop.ozone.container.common.statemachine.commandhandler.TestBlockDeletion.testBlockDeletion(TestBlockDeletion.java:246)
	at sun.reflect.NativeMethodAccessorImpl.invoke0(Native Method)
	at sun.reflect.NativeMethodAccessorImpl.invoke(NativeMethodAccessorImpl.java:62)
	at sun.reflect.DelegatingMethodAccessorImpl.invoke(DelegatingMethodAccessorImpl.java:43)
	at java.lang.reflect.Method.invoke(Method.java:498)
	at org.junit.runners.model.FrameworkMethod$1.runReflectiveCall(FrameworkMethod.java:59)
	at org.junit.internal.runners.model.ReflectiveCallable.run(ReflectiveCallable.java:12)
	at org.junit.runners.model.FrameworkMethod.invokeExplosively(FrameworkMethod.java:56)
	at org.junit.internal.runners.statements.InvokeMethod.evaluate(InvokeMethod.java:17)
	at org.junit.internal.runners.statements.RunBefores.evaluate(RunBefores.java:26)
	at org.junit.internal.runners.statements.RunAfters.evaluate(RunAfters.java:27)
	at org.junit.runners.ParentRunner$3.evaluate(ParentRunner.java:306)
	at org.junit.runners.BlockJUnit4ClassRunner$1.evaluate(BlockJUnit4ClassRunner.java:100)
	at org.junit.runners.ParentRunner.runLeaf(ParentRunner.java:366)
	at org.junit.runners.BlockJUnit4ClassRunner.runChild(BlockJUnit4ClassRunner.java:103)
	at org.junit.runners.BlockJUnit4ClassRunner.runChild(BlockJUnit4ClassRunner.java:63)
	at org.junit.runners.ParentRunner$4.run(ParentRunner.java:331)
	at org.junit.runners.ParentRunner$1.schedule(ParentRunner.java:79)
	at org.junit.runners.ParentRunner.runChildren(ParentRunner.java:329)
	at org.junit.runners.ParentRunner.access$100(ParentRunner.java:66)
	at org.junit.runners.ParentRunner$2.evaluate(ParentRunner.java:293)
	at org.junit.runners.ParentRunner$3.evaluate(ParentRunner.java:306)
	at org.junit.runners.ParentRunner.run(ParentRunner.java:413)
	at org.junit.runner.JUnitCore.run(JUnitCore.java:137)
	at org.junit.runner.JUnitCore.run(JUnitCore.java:115)
	at org.junit.vintage.engine.execution.RunnerExecutor.execute(RunnerExecutor.java:43)
	at java.util.stream.ForEachOps$ForEachOp$OfRef.accept(ForEachOps.java:183)
	at java.util.stream.ReferencePipeline$3$1.accept(ReferencePipeline.java:193)
	at java.util.Iterator.forEachRemaining(Iterator.java:116)
	at java.util.Spliterators$IteratorSpliterator.forEachRemaining(Spliterators.java:1801)
	at java.util.stream.AbstractPipeline.copyInto(AbstractPipeline.java:482)
	at java.util.stream.AbstractPipeline.wrapAndCopyInto(AbstractPipeline.java:472)
	at java.util.stream.ForEachOps$ForEachOp.evaluateSequential(ForEachOps.java:150)
	at java.util.stream.ForEachOps$ForEachOp$OfRef.evaluateSequential(ForEachOps.java:173)
	at java.util.stream.AbstractPipeline.evaluate(AbstractPipeline.java:234)
	at java.util.stream.ReferencePipeline.forEach(ReferencePipeline.java:485)
	at org.junit.vintage.engine.VintageTestEngine.executeAllChildren(VintageTestEngine.java:82)
	at org.junit.vintage.engine.VintageTestEngine.execute(VintageTestEngine.java:73)
	at org.junit.platform.launcher.core.EngineExecutionOrchestrator.execute(EngineExecutionOrchestrator.java:108)
	at org.junit.platform.launcher.core.EngineExecutionOrchestrator.execute(EngineExecutionOrchestrator.java:88)
	at org.junit.platform.launcher.core.EngineExecutionOrchestrator.lambda$execute$0(EngineExecutionOrchestrator.java:54)
	at org.junit.platform.launcher.core.EngineExecutionOrchestrator.withInterceptedStreams(EngineExecutionOrchestrator.java:67)
	at org.junit.platform.launcher.core.EngineExecutionOrchestrator.execute(EngineExecutionOrchestrator.java:52)
	at org.junit.platform.launcher.core.DefaultLauncher.execute(DefaultLauncher.java:96)
	at org.junit.platform.launcher.core.DefaultLauncher.execute(DefaultLauncher.java:75)
	at org.apache.maven.surefire.junitplatform.JUnitPlatformProvider.invokeAllTests(JUnitPlatformProvider.java:142)
	at org.apache.maven.surefire.junitplatform.JUnitPlatformProvider.invoke(JUnitPlatformProvider.java:113)
	at org.apache.maven.surefire.booter.ForkedBooter.invokeProviderInSameClassLoader(ForkedBooter.java:384)
	at org.apache.maven.surefire.booter.ForkedBooter.runSuitesInProcess(ForkedBooter.java:345)
	at org.apache.maven.surefire.booter.ForkedBooter.execute(ForkedBooter.java:126)
	at org.apache.maven.surefire.booter.ForkedBooter.main(ForkedBooter.java:418)
2021-08-10 12:16:51,507 [SCMBlockDeletingService#0] DEBUG block.SCMBlockDeletingService (SCMBlockDeletingService.java:call(133)) - Running DeletedBlockTransactionScanner
2021-08-10 12:16:51,607 [SCMBlockDeletingService#0] DEBUG block.SCMBlockDeletingService (SCMBlockDeletingService.java:call(133)) - Running DeletedBlockTransactionScanner
2021-08-10 12:16:51,707 [SCMBlockDeletingService#0] DEBUG block.SCMBlockDeletingService (SCMBlockDeletingService.java:call(133)) - Running DeletedBlockTransactionScanner
2021-08-10 12:16:51,807 [SCMBlockDeletingService#0] DEBUG block.SCMBlockDeletingService (SCMBlockDeletingService.java:call(133)) - Running DeletedBlockTransactionScanner
2021-08-10 12:16:51,907 [SCMBlockDeletingService#0] DEBUG block.SCMBlockDeletingService (SCMBlockDeletingService.java:call(133)) - Running DeletedBlockTransactionScanner
2021-08-10 12:16:52,007 [SCMBlockDeletingService#0] DEBUG block.SCMBlockDeletingService (SCMBlockDeletingService.java:call(133)) - Running DeletedBlockTransactionScanner
2021-08-10 12:16:52,107 [SCMBlockDeletingService#0] DEBUG block.SCMBlockDeletingService (SCMBlockDeletingService.java:call(133)) - Running DeletedBlockTransactionScanner
2021-08-10 12:16:52,207 [SCMBlockDeletingService#0] DEBUG block.SCMBlockDeletingService (SCMBlockDeletingService.java:call(133)) - Running DeletedBlockTransactionScanner
2021-08-10 12:16:52,308 [SCMBlockDeletingService#0] DEBUG block.SCMBlockDeletingService (SCMBlockDeletingService.java:call(133)) - Running DeletedBlockTransactionScanner
2021-08-10 12:16:52,412 [SCMBlockDeletingService#0] DEBUG block.SCMBlockDeletingService (SCMBlockDeletingService.java:call(133)) - Running DeletedBlockTransactionScanner
2021-08-10 12:16:52,512 [SCMBlockDeletingService#0] DEBUG block.SCMBlockDeletingService (SCMBlockDeletingService.java:call(133)) - Running DeletedBlockTransactionScanner
2021-08-10 12:16:52,612 [SCMBlockDeletingService#0] DEBUG block.SCMBlockDeletingService (SCMBlockDeletingService.java:call(133)) - Running DeletedBlockTransactionScanner
2021-08-10 12:16:52,712 [SCMBlockDeletingService#0] DEBUG block.SCMBlockDeletingService (SCMBlockDeletingService.java:call(133)) - Running DeletedBlockTransactionScanner
2021-08-10 12:16:52,812 [SCMBlockDeletingService#0] DEBUG block.SCMBlockDeletingService (SCMBlockDeletingService.java:call(133)) - Running DeletedBlockTransactionScanner
2021-08-10 12:16:52,912 [SCMBlockDeletingService#0] DEBUG block.SCMBlockDeletingService (SCMBlockDeletingService.java:call(133)) - Running DeletedBlockTransactionScanner
2021-08-10 12:16:53,012 [SCMBlockDeletingService#0] DEBUG block.SCMBlockDeletingService (SCMBlockDeletingService.java:call(133)) - Running DeletedBlockTransactionScanner
2021-08-10 12:16:53,113 [SCMBlockDeletingService#0] DEBUG block.SCMBlockDeletingService (SCMBlockDeletingService.java:call(133)) - Running DeletedBlockTransactionScanner
2021-08-10 12:16:53,213 [SCMBlockDeletingService#0] DEBUG block.SCMBlockDeletingService (SCMBlockDeletingService.java:call(133)) - Running DeletedBlockTransactionScanner
2021-08-10 12:16:53,313 [SCMBlockDeletingService#0] DEBUG block.SCMBlockDeletingService (SCMBlockDeletingService.java:call(133)) - Running DeletedBlockTransactionScanner
2021-08-10 12:16:53,410 [Listener at 127.0.0.1/43569] WARN  commandhandler.TestBlockDeletion (TestBlockDeletion.java:lambda$testBlockDeletion$3(251)) - Verify blocks deletion failed
java.lang.AssertionError: expected null, but was:<[blockId=conID: 11 locID: 107544261427200011 bcsId: 169, size=4194304]>
	at org.junit.Assert.fail(Assert.java:89)
	at org.junit.Assert.failNotNull(Assert.java:756)
	at org.junit.Assert.assertNull(Assert.java:738)
	at org.junit.Assert.assertNull(Assert.java:748)
	at org.apache.hadoop.ozone.container.common.statemachine.commandhandler.TestBlockDeletion.lambda$verifyBlocksDeleted$15(TestBlockDeletion.java:453)
	at org.apache.hadoop.ozone.OzoneTestUtils.performOperationOnKeyContainers(OzoneTestUtils.java:133)
	at org.apache.hadoop.ozone.container.common.statemachine.commandhandler.TestBlockDeletion.verifyBlocksDeleted(TestBlockDeletion.java:442)
	at org.apache.hadoop.ozone.container.common.statemachine.commandhandler.TestBlockDeletion.lambda$testBlockDeletion$3(TestBlockDeletion.java:248)
	at org.apache.ozone.test.GenericTestUtils.waitFor(GenericTestUtils.java:219)
	at org.apache.hadoop.ozone.container.common.statemachine.commandhandler.TestBlockDeletion.testBlockDeletion(TestBlockDeletion.java:246)
	at sun.reflect.NativeMethodAccessorImpl.invoke0(Native Method)
	at sun.reflect.NativeMethodAccessorImpl.invoke(NativeMethodAccessorImpl.java:62)
	at sun.reflect.DelegatingMethodAccessorImpl.invoke(DelegatingMethodAccessorImpl.java:43)
	at java.lang.reflect.Method.invoke(Method.java:498)
	at org.junit.runners.model.FrameworkMethod$1.runReflectiveCall(FrameworkMethod.java:59)
	at org.junit.internal.runners.model.ReflectiveCallable.run(ReflectiveCallable.java:12)
	at org.junit.runners.model.FrameworkMethod.invokeExplosively(FrameworkMethod.java:56)
	at org.junit.internal.runners.statements.InvokeMethod.evaluate(InvokeMethod.java:17)
	at org.junit.internal.runners.statements.RunBefores.evaluate(RunBefores.java:26)
	at org.junit.internal.runners.statements.RunAfters.evaluate(RunAfters.java:27)
	at org.junit.runners.ParentRunner$3.evaluate(ParentRunner.java:306)
	at org.junit.runners.BlockJUnit4ClassRunner$1.evaluate(BlockJUnit4ClassRunner.java:100)
	at org.junit.runners.ParentRunner.runLeaf(ParentRunner.java:366)
	at org.junit.runners.BlockJUnit4ClassRunner.runChild(BlockJUnit4ClassRunner.java:103)
	at org.junit.runners.BlockJUnit4ClassRunner.runChild(BlockJUnit4ClassRunner.java:63)
	at org.junit.runners.ParentRunner$4.run(ParentRunner.java:331)
	at org.junit.runners.ParentRunner$1.schedule(ParentRunner.java:79)
	at org.junit.runners.ParentRunner.runChildren(ParentRunner.java:329)
	at org.junit.runners.ParentRunner.access$100(ParentRunner.java:66)
	at org.junit.runners.ParentRunner$2.evaluate(ParentRunner.java:293)
	at org.junit.runners.ParentRunner$3.evaluate(ParentRunner.java:306)
	at org.junit.runners.ParentRunner.run(ParentRunner.java:413)
	at org.junit.runner.JUnitCore.run(JUnitCore.java:137)
	at org.junit.runner.JUnitCore.run(JUnitCore.java:115)
	at org.junit.vintage.engine.execution.RunnerExecutor.execute(RunnerExecutor.java:43)
	at java.util.stream.ForEachOps$ForEachOp$OfRef.accept(ForEachOps.java:183)
	at java.util.stream.ReferencePipeline$3$1.accept(ReferencePipeline.java:193)
	at java.util.Iterator.forEachRemaining(Iterator.java:116)
	at java.util.Spliterators$IteratorSpliterator.forEachRemaining(Spliterators.java:1801)
	at java.util.stream.AbstractPipeline.copyInto(AbstractPipeline.java:482)
	at java.util.stream.AbstractPipeline.wrapAndCopyInto(AbstractPipeline.java:472)
	at java.util.stream.ForEachOps$ForEachOp.evaluateSequential(ForEachOps.java:150)
	at java.util.stream.ForEachOps$ForEachOp$OfRef.evaluateSequential(ForEachOps.java:173)
	at java.util.stream.AbstractPipeline.evaluate(AbstractPipeline.java:234)
	at java.util.stream.ReferencePipeline.forEach(ReferencePipeline.java:485)
	at org.junit.vintage.engine.VintageTestEngine.executeAllChildren(VintageTestEngine.java:82)
	at org.junit.vintage.engine.VintageTestEngine.execute(VintageTestEngine.java:73)
	at org.junit.platform.launcher.core.EngineExecutionOrchestrator.execute(EngineExecutionOrchestrator.java:108)
	at org.junit.platform.launcher.core.EngineExecutionOrchestrator.execute(EngineExecutionOrchestrator.java:88)
	at org.junit.platform.launcher.core.EngineExecutionOrchestrator.lambda$execute$0(EngineExecutionOrchestrator.java:54)
	at org.junit.platform.launcher.core.EngineExecutionOrchestrator.withInterceptedStreams(EngineExecutionOrchestrator.java:67)
	at org.junit.platform.launcher.core.EngineExecutionOrchestrator.execute(EngineExecutionOrchestrator.java:52)
	at org.junit.platform.launcher.core.DefaultLauncher.execute(DefaultLauncher.java:96)
	at org.junit.platform.launcher.core.DefaultLauncher.execute(DefaultLauncher.java:75)
	at org.apache.maven.surefire.junitplatform.JUnitPlatformProvider.invokeAllTests(JUnitPlatformProvider.java:142)
	at org.apache.maven.surefire.junitplatform.JUnitPlatformProvider.invoke(JUnitPlatformProvider.java:113)
	at org.apache.maven.surefire.booter.ForkedBooter.invokeProviderInSameClassLoader(ForkedBooter.java:384)
	at org.apache.maven.surefire.booter.ForkedBooter.runSuitesInProcess(ForkedBooter.java:345)
	at org.apache.maven.surefire.booter.ForkedBooter.execute(ForkedBooter.java:126)
	at org.apache.maven.surefire.booter.ForkedBooter.main(ForkedBooter.java:418)
2021-08-10 12:16:53,413 [SCMBlockDeletingService#0] DEBUG block.SCMBlockDeletingService (SCMBlockDeletingService.java:call(133)) - Running DeletedBlockTransactionScanner
2021-08-10 12:16:53,513 [SCMBlockDeletingService#0] DEBUG block.SCMBlockDeletingService (SCMBlockDeletingService.java:call(133)) - Running DeletedBlockTransactionScanner
2021-08-10 12:16:53,613 [SCMBlockDeletingService#0] DEBUG block.SCMBlockDeletingService (SCMBlockDeletingService.java:call(133)) - Running DeletedBlockTransactionScanner
2021-08-10 12:16:53,714 [SCMBlockDeletingService#0] DEBUG block.SCMBlockDeletingService (SCMBlockDeletingService.java:call(133)) - Running DeletedBlockTransactionScanner
2021-08-10 12:16:53,814 [SCMBlockDeletingService#0] DEBUG block.SCMBlockDeletingService (SCMBlockDeletingService.java:call(133)) - Running DeletedBlockTransactionScanner
2021-08-10 12:16:53,914 [SCMBlockDeletingService#0] DEBUG block.SCMBlockDeletingService (SCMBlockDeletingService.java:call(133)) - Running DeletedBlockTransactionScanner
2021-08-10 12:16:54,014 [SCMBlockDeletingService#0] DEBUG block.SCMBlockDeletingService (SCMBlockDeletingService.java:call(133)) - Running DeletedBlockTransactionScanner
2021-08-10 12:16:54,114 [SCMBlockDeletingService#0] DEBUG block.SCMBlockDeletingService (SCMBlockDeletingService.java:call(133)) - Running DeletedBlockTransactionScanner
2021-08-10 12:16:54,214 [SCMBlockDeletingService#0] DEBUG block.SCMBlockDeletingService (SCMBlockDeletingService.java:call(133)) - Running DeletedBlockTransactionScanner
2021-08-10 12:16:54,314 [SCMBlockDeletingService#0] DEBUG block.SCMBlockDeletingService (SCMBlockDeletingService.java:call(133)) - Running DeletedBlockTransactionScanner
2021-08-10 12:16:54,414 [SCMBlockDeletingService#0] DEBUG block.SCMBlockDeletingService (SCMBlockDeletingService.java:call(133)) - Running DeletedBlockTransactionScanner
2021-08-10 12:16:54,514 [SCMBlockDeletingService#0] DEBUG block.SCMBlockDeletingService (SCMBlockDeletingService.java:call(133)) - Running DeletedBlockTransactionScanner
2021-08-10 12:16:54,615 [SCMBlockDeletingService#0] DEBUG block.SCMBlockDeletingService (SCMBlockDeletingService.java:call(133)) - Running DeletedBlockTransactionScanner
2021-08-10 12:16:54,715 [SCMBlockDeletingService#0] DEBUG block.SCMBlockDeletingService (SCMBlockDeletingService.java:call(133)) - Running DeletedBlockTransactionScanner
2021-08-10 12:16:54,815 [SCMBlockDeletingService#0] DEBUG block.SCMBlockDeletingService (SCMBlockDeletingService.java:call(133)) - Running DeletedBlockTransactionScanner
2021-08-10 12:16:54,915 [SCMBlockDeletingService#0] DEBUG block.SCMBlockDeletingService (SCMBlockDeletingService.java:call(133)) - Running DeletedBlockTransactionScanner
2021-08-10 12:16:55,017 [SCMBlockDeletingService#0] DEBUG block.SCMBlockDeletingService (SCMBlockDeletingService.java:call(133)) - Running DeletedBlockTransactionScanner
2021-08-10 12:16:55,117 [SCMBlockDeletingService#0] DEBUG block.SCMBlockDeletingService (SCMBlockDeletingService.java:call(133)) - Running DeletedBlockTransactionScanner
2021-08-10 12:16:55,218 [SCMBlockDeletingService#0] DEBUG block.SCMBlockDeletingService (SCMBlockDeletingService.java:call(133)) - Running DeletedBlockTransactionScanner
2021-08-10 12:16:55,319 [SCMBlockDeletingService#0] DEBUG block.SCMBlockDeletingService (SCMBlockDeletingService.java:call(133)) - Running DeletedBlockTransactionScanner
2021-08-10 12:16:55,412 [Listener at 127.0.0.1/43569] WARN  commandhandler.TestBlockDeletion (TestBlockDeletion.java:lambda$testBlockDeletion$3(251)) - Verify blocks deletion failed
java.lang.AssertionError: expected null, but was:<[blockId=conID: 11 locID: 107544261427200011 bcsId: 169, size=4194304]>
	at org.junit.Assert.fail(Assert.java:89)
	at org.junit.Assert.failNotNull(Assert.java:756)
	at org.junit.Assert.assertNull(Assert.java:738)
	at org.junit.Assert.assertNull(Assert.java:748)
	at org.apache.hadoop.ozone.container.common.statemachine.commandhandler.TestBlockDeletion.lambda$verifyBlocksDeleted$15(TestBlockDeletion.java:453)
	at org.apache.hadoop.ozone.OzoneTestUtils.performOperationOnKeyContainers(OzoneTestUtils.java:133)
	at org.apache.hadoop.ozone.container.common.statemachine.commandhandler.TestBlockDeletion.verifyBlocksDeleted(TestBlockDeletion.java:442)
	at org.apache.hadoop.ozone.container.common.statemachine.commandhandler.TestBlockDeletion.lambda$testBlockDeletion$3(TestBlockDeletion.java:248)
	at org.apache.ozone.test.GenericTestUtils.waitFor(GenericTestUtils.java:219)
	at org.apache.hadoop.ozone.container.common.statemachine.commandhandler.TestBlockDeletion.testBlockDeletion(TestBlockDeletion.java:246)
	at sun.reflect.NativeMethodAccessorImpl.invoke0(Native Method)
	at sun.reflect.NativeMethodAccessorImpl.invoke(NativeMethodAccessorImpl.java:62)
	at sun.reflect.DelegatingMethodAccessorImpl.invoke(DelegatingMethodAccessorImpl.java:43)
	at java.lang.reflect.Method.invoke(Method.java:498)
	at org.junit.runners.model.FrameworkMethod$1.runReflectiveCall(FrameworkMethod.java:59)
	at org.junit.internal.runners.model.ReflectiveCallable.run(ReflectiveCallable.java:12)
	at org.junit.runners.model.FrameworkMethod.invokeExplosively(FrameworkMethod.java:56)
	at org.junit.internal.runners.statements.InvokeMethod.evaluate(InvokeMethod.java:17)
	at org.junit.internal.runners.statements.RunBefores.evaluate(RunBefores.java:26)
	at org.junit.internal.runners.statements.RunAfters.evaluate(RunAfters.java:27)
	at org.junit.runners.ParentRunner$3.evaluate(ParentRunner.java:306)
	at org.junit.runners.BlockJUnit4ClassRunner$1.evaluate(BlockJUnit4ClassRunner.java:100)
	at org.junit.runners.ParentRunner.runLeaf(ParentRunner.java:366)
	at org.junit.runners.BlockJUnit4ClassRunner.runChild(BlockJUnit4ClassRunner.java:103)
	at org.junit.runners.BlockJUnit4ClassRunner.runChild(BlockJUnit4ClassRunner.java:63)
	at org.junit.runners.ParentRunner$4.run(ParentRunner.java:331)
	at org.junit.runners.ParentRunner$1.schedule(ParentRunner.java:79)
	at org.junit.runners.ParentRunner.runChildren(ParentRunner.java:329)
	at org.junit.runners.ParentRunner.access$100(ParentRunner.java:66)
	at org.junit.runners.ParentRunner$2.evaluate(ParentRunner.java:293)
	at org.junit.runners.ParentRunner$3.evaluate(ParentRunner.java:306)
	at org.junit.runners.ParentRunner.run(ParentRunner.java:413)
	at org.junit.runner.JUnitCore.run(JUnitCore.java:137)
	at org.junit.runner.JUnitCore.run(JUnitCore.java:115)
	at org.junit.vintage.engine.execution.RunnerExecutor.execute(RunnerExecutor.java:43)
	at java.util.stream.ForEachOps$ForEachOp$OfRef.accept(ForEachOps.java:183)
	at java.util.stream.ReferencePipeline$3$1.accept(ReferencePipeline.java:193)
	at java.util.Iterator.forEachRemaining(Iterator.java:116)
	at java.util.Spliterators$IteratorSpliterator.forEachRemaining(Spliterators.java:1801)
	at java.util.stream.AbstractPipeline.copyInto(AbstractPipeline.java:482)
	at java.util.stream.AbstractPipeline.wrapAndCopyInto(AbstractPipeline.java:472)
	at java.util.stream.ForEachOps$ForEachOp.evaluateSequential(ForEachOps.java:150)
	at java.util.stream.ForEachOps$ForEachOp$OfRef.evaluateSequential(ForEachOps.java:173)
	at java.util.stream.AbstractPipeline.evaluate(AbstractPipeline.java:234)
	at java.util.stream.ReferencePipeline.forEach(ReferencePipeline.java:485)
	at org.junit.vintage.engine.VintageTestEngine.executeAllChildren(VintageTestEngine.java:82)
	at org.junit.vintage.engine.VintageTestEngine.execute(VintageTestEngine.java:73)
	at org.junit.platform.launcher.core.EngineExecutionOrchestrator.execute(EngineExecutionOrchestrator.java:108)
	at org.junit.platform.launcher.core.EngineExecutionOrchestrator.execute(EngineExecutionOrchestrator.java:88)
	at org.junit.platform.launcher.core.EngineExecutionOrchestrator.lambda$execute$0(EngineExecutionOrchestrator.java:54)
	at org.junit.platform.launcher.core.EngineExecutionOrchestrator.withInterceptedStreams(EngineExecutionOrchestrator.java:67)
	at org.junit.platform.launcher.core.EngineExecutionOrchestrator.execute(EngineExecutionOrchestrator.java:52)
	at org.junit.platform.launcher.core.DefaultLauncher.execute(DefaultLauncher.java:96)
	at org.junit.platform.launcher.core.DefaultLauncher.execute(DefaultLauncher.java:75)
	at org.apache.maven.surefire.junitplatform.JUnitPlatformProvider.invokeAllTests(JUnitPlatformProvider.java:142)
	at org.apache.maven.surefire.junitplatform.JUnitPlatformProvider.invoke(JUnitPlatformProvider.java:113)
	at org.apache.maven.surefire.booter.ForkedBooter.invokeProviderInSameClassLoader(ForkedBooter.java:384)
	at org.apache.maven.surefire.booter.ForkedBooter.runSuitesInProcess(ForkedBooter.java:345)
	at org.apache.maven.surefire.booter.ForkedBooter.execute(ForkedBooter.java:126)
	at org.apache.maven.surefire.booter.ForkedBooter.main(ForkedBooter.java:418)
2021-08-10 12:16:55,419 [SCMBlockDeletingService#0] DEBUG block.SCMBlockDeletingService (SCMBlockDeletingService.java:call(133)) - Running DeletedBlockTransactionScanner
2021-08-10 12:16:55,519 [SCMBlockDeletingService#0] DEBUG block.SCMBlockDeletingService (SCMBlockDeletingService.java:call(133)) - Running DeletedBlockTransactionScanner
2021-08-10 12:16:55,539 [Listener at 127.0.0.1/43569] INFO  ozone.MiniOzoneClusterImpl (MiniOzoneClusterImpl.java:shutdown(453)) - Shutting down the Mini Ozone Cluster
2021-08-10 12:16:55,539 [Listener at 127.0.0.1/43569] INFO  ozone.MiniOzoneClusterImpl (MiniOzoneClusterImpl.java:stop(468)) - Stopping the Mini Ozone Cluster
2021-08-10 12:16:55,539 [Listener at 127.0.0.1/43569] INFO  ozone.MiniOzoneClusterImpl (MiniOzoneClusterImpl.java:stopOM(550)) - Stopping the OzoneManager
2021-08-10 12:16:55,539 [Listener at 127.0.0.1/43569] INFO  om.OzoneManager (OzoneManager.java:stop(1632)) - Stopping Ozone Manager
2021-08-10 12:16:55,540 [Listener at 127.0.0.1/43569] INFO  ipc.Server (Server.java:stop(3414)) - Stopping server on 43569
2021-08-10 12:16:55,569 [IPC Server listener on 0] INFO  ipc.Server (Server.java:run(1376)) - Stopping IPC Server listener on 0
2021-08-10 12:16:55,570 [IPC Server Responder] INFO  ipc.Server (Server.java:run(1512)) - Stopping IPC Server Responder
2021-08-10 12:16:55,570 [Listener at 127.0.0.1/43569] INFO  server.RaftServer (RaftServerProxy.java:lambda$close$6(391)) - om1: close
2021-08-10 12:16:55,570 [Listener at 127.0.0.1/43569] INFO  server.RaftServer$Division (RaftServerImpl.java:lambda$close$4(407)) - om1@group-C5BA1605619E: shutdown
2021-08-10 12:16:55,570 [Listener at 127.0.0.1/43569] INFO  util.JmxRegister (JmxRegister.java:unregister(73)) - Successfully un-registered JMX Bean with object name Ratis:service=RaftServer,group=group-C5BA1605619E,id=om1
2021-08-10 12:16:55,570 [Listener at 127.0.0.1/43569] INFO  impl.RoleInfo (RoleInfo.java:shutdownLeaderState(91)) - om1: shutdown om1@group-C5BA1605619E-LeaderStateImpl
2021-08-10 12:16:55,571 [Listener at 127.0.0.1/43569] INFO  impl.PendingRequests (PendingRequests.java:sendNotLeaderResponses(249)) - om1@group-C5BA1605619E-PendingRequests: sendNotLeaderResponses
2021-08-10 12:16:55,573 [Listener at 127.0.0.1/43569] INFO  impl.StateMachineUpdater (StateMachineUpdater.java:stopAndJoin(149)) - om1@group-C5BA1605619E-StateMachineUpdater: set stopIndex = 110
2021-08-10 12:16:55,573 [om1@group-C5BA1605619E-StateMachineUpdater] INFO  ratis.OzoneManagerStateMachine (OzoneManagerStateMachine.java:takeSnapshot(417)) - Current Snapshot Index (t:1, i:110)
2021-08-10 12:16:55,573 [om1@group-C5BA1605619E-StateMachineUpdater] INFO  impl.StateMachineUpdater (StateMachineUpdater.java:takeSnapshot(281)) - om1@group-C5BA1605619E-StateMachineUpdater: Took a snapshot at index 110
2021-08-10 12:16:55,573 [om1@group-C5BA1605619E-StateMachineUpdater] INFO  impl.StateMachineUpdater (StateMachineUpdater.java:lambda$new$0(89)) - om1@group-C5BA1605619E-StateMachineUpdater: snapshotIndex: updateIncreasingly -1 -> 110
2021-08-10 12:16:55,573 [om1@group-C5BA1605619E-StateMachineUpdater] INFO  ratis.OzoneManagerStateMachine (OzoneManagerStateMachine.java:close(471)) - StateMachine has shutdown. Shutdown OzoneManager if not already shutdown.
2021-08-10 12:16:55,573 [Listener at 127.0.0.1/43569] INFO  server.RaftServer$Division (ServerState.java:close(419)) - om1@group-C5BA1605619E: closes. applyIndex: 110
2021-08-10 12:16:55,574 [om1@group-C5BA1605619E-SegmentedRaftLogWorker] INFO  segmented.SegmentedRaftLogWorker (SegmentedRaftLogWorker.java:run(327)) - om1@group-C5BA1605619E-SegmentedRaftLogWorker was interrupted, exiting. There are 0 tasks remaining in the queue.
2021-08-10 12:16:55,584 [Listener at 127.0.0.1/43569] INFO  segmented.SegmentedRaftLogWorker (SegmentedRaftLogWorker.java:close(237)) - om1@group-C5BA1605619E-SegmentedRaftLogWorker close()
2021-08-10 12:16:55,585 [Listener at 127.0.0.1/43569] INFO  server.GrpcService (GrpcService.java:closeImpl(262)) - om1: shutdown server with port 9872 now
2021-08-10 12:16:55,585 [Listener at 127.0.0.1/43569] INFO  server.GrpcService (GrpcService.java:closeImpl(271)) - om1: shutdown server with port 9872 successfully
2021-08-10 12:16:55,587 [org.apache.ratis.util.JvmPauseMonitor$$Lambda$531/1624044696@2392ebbb] INFO  util.JvmPauseMonitor (JvmPauseMonitor.java:run(109)) - JvmPauseMonitor-om1: Stopped
2021-08-10 12:16:55,587 [Listener at 127.0.0.1/43569] INFO  ratis.OzoneManagerDoubleBuffer (OzoneManagerDoubleBuffer.java:stop(437)) - Stopping OMDoubleBuffer flush thread
2021-08-10 12:16:55,591 [OMDoubleBufferFlushThread] INFO  ratis.OzoneManagerDoubleBuffer (OzoneManagerDoubleBuffer.java:flushTransactions(356)) - OMDoubleBuffer flush thread OMDoubleBufferFlushThread is interrupted and will exit. OMDoubleBufferFlushThread
2021-08-10 12:16:55,591 [Listener at 127.0.0.1/43569] INFO  utils.BackgroundService (BackgroundService.java:shutdown(132)) - Shutting down service KeyDeletingService
2021-08-10 12:16:55,595 [Listener at 127.0.0.1/43569] INFO  handler.ContextHandler (ContextHandler.java:doStop(1153)) - Stopped o.e.j.w.WebAppContext@579612f8{ozoneManager,/,null,STOPPED}{file:/home/runner/work/ozone/ozone/hadoop-ozone/integration-test/target/test-classes/webapps/ozoneManager}
2021-08-10 12:16:55,595 [Listener at 127.0.0.1/43569] INFO  server.AbstractConnector (AbstractConnector.java:doStop(381)) - Stopped ServerConnector@6723c986{HTTP/1.1, (http/1.1)}{0.0.0.0:0}
2021-08-10 12:16:55,595 [Listener at 127.0.0.1/43569] INFO  server.session (HouseKeeper.java:stopScavenging(149)) - node0 Stopped scavenging
2021-08-10 12:16:55,595 [Listener at 127.0.0.1/43569] INFO  handler.ContextHandler (ContextHandler.java:doStop(1153)) - Stopped o.e.j.s.ServletContextHandler@48bbf53e{static,/static,file:///home/runner/work/ozone/ozone/hadoop-ozone/integration-test/target/test-classes/webapps/static,STOPPED}
2021-08-10 12:16:55,595 [Listener at 127.0.0.1/43569] INFO  handler.ContextHandler (ContextHandler.java:doStop(1153)) - Stopped o.e.j.s.ServletContextHandler@232ab2c6{logs,/logs,file:///home/runner/work/ozone/ozone/hadoop-ozone/integration-test/target/log,STOPPED}
2021-08-10 12:16:55,602 [Listener at 127.0.0.1/43569] INFO  ozone.MiniOzoneClusterImpl (MiniOzoneClusterImpl.java:stopDatanodes(527)) - Stopping the HddsDatanodes
2021-08-10 12:16:55,619 [SCMBlockDeletingService#0] DEBUG block.SCMBlockDeletingService (SCMBlockDeletingService.java:call(133)) - Running DeletedBlockTransactionScanner
2021-08-10 12:16:55,639 [Datanode State Machine Thread - 0] INFO  statemachine.DatanodeStateMachine (DatanodeStateMachine.java:lambda$startDaemon$0(457)) - Ozone container server started.
2021-08-10 12:16:55,645 [Datanode State Machine Thread - 0] INFO  statemachine.DatanodeStateMachine (DatanodeStateMachine.java:lambda$startDaemon$0(457)) - Ozone container server started.
2021-08-10 12:16:55,719 [SCMBlockDeletingService#0] DEBUG block.SCMBlockDeletingService (SCMBlockDeletingService.java:call(133)) - Running DeletedBlockTransactionScanner
2021-08-10 12:16:55,820 [SCMBlockDeletingService#0] DEBUG block.SCMBlockDeletingService (SCMBlockDeletingService.java:call(133)) - Running DeletedBlockTransactionScanner
2021-08-10 12:16:55,922 [SCMBlockDeletingService#0] DEBUG block.SCMBlockDeletingService (SCMBlockDeletingService.java:call(133)) - Running DeletedBlockTransactionScanner
2021-08-10 12:16:56,024 [SCMBlockDeletingService#0] DEBUG block.SCMBlockDeletingService (SCMBlockDeletingService.java:call(133)) - Running DeletedBlockTransactionScanner
2021-08-10 12:16:56,124 [SCMBlockDeletingService#0] DEBUG block.SCMBlockDeletingService (SCMBlockDeletingService.java:call(133)) - Running DeletedBlockTransactionScanner
2021-08-10 12:16:56,226 [SCMBlockDeletingService#0] DEBUG block.SCMBlockDeletingService (SCMBlockDeletingService.java:call(133)) - Running DeletedBlockTransactionScanner
2021-08-10 12:16:56,326 [SCMBlockDeletingService#0] DEBUG block.SCMBlockDeletingService (SCMBlockDeletingService.java:call(133)) - Running DeletedBlockTransactionScanner
2021-08-10 12:16:56,426 [SCMBlockDeletingService#0] DEBUG block.SCMBlockDeletingService (SCMBlockDeletingService.java:call(133)) - Running DeletedBlockTransactionScanner
2021-08-10 12:16:56,526 [SCMBlockDeletingService#0] DEBUG block.SCMBlockDeletingService (SCMBlockDeletingService.java:call(133)) - Running DeletedBlockTransactionScanner
2021-08-10 12:16:56,626 [SCMBlockDeletingService#0] DEBUG block.SCMBlockDeletingService (SCMBlockDeletingService.java:call(133)) - Running DeletedBlockTransactionScanner
2021-08-10 12:16:56,726 [SCMBlockDeletingService#0] DEBUG block.SCMBlockDeletingService (SCMBlockDeletingService.java:call(133)) - Running DeletedBlockTransactionScanner
2021-08-10 12:16:56,826 [SCMBlockDeletingService#0] DEBUG block.SCMBlockDeletingService (SCMBlockDeletingService.java:call(133)) - Running DeletedBlockTransactionScanner
2021-08-10 12:16:56,930 [SCMBlockDeletingService#0] DEBUG block.SCMBlockDeletingService (SCMBlockDeletingService.java:call(133)) - Running DeletedBlockTransactionScanner
2021-08-10 12:16:57,030 [SCMBlockDeletingService#0] DEBUG block.SCMBlockDeletingService (SCMBlockDeletingService.java:call(133)) - Running DeletedBlockTransactionScanner
2021-08-10 12:16:57,130 [SCMBlockDeletingService#0] DEBUG block.SCMBlockDeletingService (SCMBlockDeletingService.java:call(133)) - Running DeletedBlockTransactionScanner
2021-08-10 12:16:57,230 [SCMBlockDeletingService#0] DEBUG block.SCMBlockDeletingService (SCMBlockDeletingService.java:call(133)) - Running DeletedBlockTransactionScanner
2021-08-10 12:16:57,330 [SCMBlockDeletingService#0] DEBUG block.SCMBlockDeletingService (SCMBlockDeletingService.java:call(133)) - Running DeletedBlockTransactionScanner
2021-08-10 12:16:57,430 [SCMBlockDeletingService#0] DEBUG block.SCMBlockDeletingService (SCMBlockDeletingService.java:call(133)) - Running DeletedBlockTransactionScanner
2021-08-10 12:16:57,530 [SCMBlockDeletingService#0] DEBUG block.SCMBlockDeletingService (SCMBlockDeletingService.java:call(133)) - Running DeletedBlockTransactionScanner
2021-08-10 12:16:57,630 [SCMBlockDeletingService#0] DEBUG block.SCMBlockDeletingService (SCMBlockDeletingService.java:call(133)) - Running DeletedBlockTransactionScanner
2021-08-10 12:16:57,730 [SCMBlockDeletingService#0] DEBUG block.SCMBlockDeletingService (SCMBlockDeletingService.java:call(133)) - Running DeletedBlockTransactionScanner
2021-08-10 12:16:57,830 [SCMBlockDeletingService#0] DEBUG block.SCMBlockDeletingService (SCMBlockDeletingService.java:call(133)) - Running DeletedBlockTransactionScanner
2021-08-10 12:16:57,930 [SCMBlockDeletingService#0] DEBUG block.SCMBlockDeletingService (SCMBlockDeletingService.java:call(133)) - Running DeletedBlockTransactionScanner
2021-08-10 12:16:58,031 [SCMBlockDeletingService#0] DEBUG block.SCMBlockDeletingService (SCMBlockDeletingService.java:call(133)) - Running DeletedBlockTransactionScanner
2021-08-10 12:16:58,131 [SCMBlockDeletingService#0] DEBUG block.SCMBlockDeletingService (SCMBlockDeletingService.java:call(133)) - Running DeletedBlockTransactionScanner
2021-08-10 12:16:58,231 [SCMBlockDeletingService#0] DEBUG block.SCMBlockDeletingService (SCMBlockDeletingService.java:call(133)) - Running DeletedBlockTransactionScanner
2021-08-10 12:16:58,331 [SCMBlockDeletingService#0] DEBUG block.SCMBlockDeletingService (SCMBlockDeletingService.java:call(133)) - Running DeletedBlockTransactionScanner
2021-08-10 12:16:58,431 [SCMBlockDeletingService#0] DEBUG block.SCMBlockDeletingService (SCMBlockDeletingService.java:call(133)) - Running DeletedBlockTransactionScanner
2021-08-10 12:16:58,531 [SCMBlockDeletingService#0] DEBUG block.SCMBlockDeletingService (SCMBlockDeletingService.java:call(133)) - Running DeletedBlockTransactionScanner
2021-08-10 12:16:58,546 [EventQueue-StaleNodeForStaleNodeHandler] INFO  node.StaleNodeHandler (StaleNodeHandler.java:onMessage(58)) - Datanode ad4991cb-97ce-4dd6-b117-42e7f6b0816f{ip: 10.1.0.57, host: fv-az270-250.tacnzluakwdehk1hpragurqkma.bx.internal.cloudapp.net, ports: [REPLICATION=43859, RATIS=35903, RATIS_ADMIN=35903, RATIS_SERVER=35903, STANDALONE=33309], networkLocation: /default-rack, certSerialId: null, persistedOpState: IN_SERVICE, persistedOpStateExpiryEpochSec: 0} moved to stale state. Finalizing its pipelines [PipelineID=65bf7f16-7800-4a00-a76d-b7c6ad568d3c]
2021-08-10 12:16:58,547 [EventQueue-StaleNodeForStaleNodeHandler] INFO  pipeline.PipelineManagerImpl (PipelineManagerImpl.java:closePipeline(343)) - Pipeline Pipeline[ Id: 65bf7f16-7800-4a00-a76d-b7c6ad568d3c, Nodes: 01235482-5c07-4b37-86e9-3192ec4df84f{ip: 10.1.0.57, host: fv-az270-250.tacnzluakwdehk1hpragurqkma.bx.internal.cloudapp.net, ports: [REPLICATION=46851, RATIS=40019, RATIS_ADMIN=40019, RATIS_SERVER=40019, STANDALONE=41643], networkLocation: /default-rack, certSerialId: null, persistedOpState: IN_SERVICE, persistedOpStateExpiryEpochSec: 0}b13dbf35-3f05-4a51-87e4-7670ffffb89b{ip: 10.1.0.57, host: fv-az270-250.tacnzluakwdehk1hpragurqkma.bx.internal.cloudapp.net, ports: [REPLICATION=43875, RATIS=42417, RATIS_ADMIN=42417, RATIS_SERVER=42417, STANDALONE=36241], networkLocation: /default-rack, certSerialId: null, persistedOpState: IN_SERVICE, persistedOpStateExpiryEpochSec: 0}ad4991cb-97ce-4dd6-b117-42e7f6b0816f{ip: 10.1.0.57, host: fv-az270-250.tacnzluakwdehk1hpragurqkma.bx.internal.cloudapp.net, ports: [REPLICATION=43859, RATIS=35903, RATIS_ADMIN=35903, RATIS_SERVER=35903, STANDALONE=33309], networkLocation: /default-rack, certSerialId: null, persistedOpState: IN_SERVICE, persistedOpStateExpiryEpochSec: 0}, ReplicationConfig: RATIS/THREE, State:OPEN, leaderId:ad4991cb-97ce-4dd6-b117-42e7f6b0816f, CreationTimestamp2021-08-10T12:15:15.320Z[Etc/UTC]] moved to CLOSED state
2021-08-10 12:16:58,560 [EventQueue-StaleNodeForStaleNodeHandler] INFO  node.StaleNodeHandler (StaleNodeHandler.java:onMessage(58)) - Datanode b13dbf35-3f05-4a51-87e4-7670ffffb89b{ip: 10.1.0.57, host: fv-az270-250.tacnzluakwdehk1hpragurqkma.bx.internal.cloudapp.net, ports: [REPLICATION=43875, RATIS=42417, RATIS_ADMIN=42417, RATIS_SERVER=42417, STANDALONE=36241], networkLocation: /default-rack, certSerialId: null, persistedOpState: IN_SERVICE, persistedOpStateExpiryEpochSec: 0} moved to stale state. Finalizing its pipelines [PipelineID=65bf7f16-7800-4a00-a76d-b7c6ad568d3c]
2021-08-10 12:16:58,631 [SCMBlockDeletingService#0] DEBUG block.SCMBlockDeletingService (SCMBlockDeletingService.java:call(133)) - Running DeletedBlockTransactionScanner
2021-08-10 12:16:58,731 [SCMBlockDeletingService#0] DEBUG block.SCMBlockDeletingService (SCMBlockDeletingService.java:call(133)) - Running DeletedBlockTransactionScanner
2021-08-10 12:16:58,831 [SCMBlockDeletingService#0] DEBUG block.SCMBlockDeletingService (SCMBlockDeletingService.java:call(133)) - Running DeletedBlockTransactionScanner
2021-08-10 12:16:58,931 [SCMBlockDeletingService#0] DEBUG block.SCMBlockDeletingService (SCMBlockDeletingService.java:call(133)) - Running DeletedBlockTransactionScanner
2021-08-10 12:16:59,033 [SCMBlockDeletingService#0] DEBUG block.SCMBlockDeletingService (SCMBlockDeletingService.java:call(133)) - Running DeletedBlockTransactionScanner
2021-08-10 12:16:59,133 [SCMBlockDeletingService#0] DEBUG block.SCMBlockDeletingService (SCMBlockDeletingService.java:call(133)) - Running DeletedBlockTransactionScanner
2021-08-10 12:16:59,234 [SCMBlockDeletingService#0] DEBUG block.SCMBlockDeletingService (SCMBlockDeletingService.java:call(133)) - Running DeletedBlockTransactionScanner
2021-08-10 12:16:59,335 [SCMBlockDeletingService#0] DEBUG block.SCMBlockDeletingService (SCMBlockDeletingService.java:call(133)) - Running DeletedBlockTransactionScanner
2021-08-10 12:16:59,436 [SCMBlockDeletingService#0] DEBUG block.SCMBlockDeletingService (SCMBlockDeletingService.java:call(133)) - Running DeletedBlockTransactionScanner
2021-08-10 12:16:59,536 [SCMBlockDeletingService#0] DEBUG block.SCMBlockDeletingService (SCMBlockDeletingService.java:call(133)) - Running DeletedBlockTransactionScanner
2021-08-10 12:16:59,636 [SCMBlockDeletingService#0] DEBUG block.SCMBlockDeletingService (SCMBlockDeletingService.java:call(133)) - Running DeletedBlockTransactionScanner
2021-08-10 12:16:59,737 [SCMBlockDeletingService#0] DEBUG block.SCMBlockDeletingService (SCMBlockDeletingService.java:call(133)) - Running DeletedBlockTransactionScanner
2021-08-10 12:16:59,837 [SCMBlockDeletingService#0] DEBUG block.SCMBlockDeletingService (SCMBlockDeletingService.java:call(133)) - Running DeletedBlockTransactionScanner
2021-08-10 12:16:59,937 [SCMBlockDeletingService#0] DEBUG block.SCMBlockDeletingService (SCMBlockDeletingService.java:call(133)) - Running DeletedBlockTransactionScanner
2021-08-10 12:17:00,037 [SCMBlockDeletingService#0] DEBUG block.SCMBlockDeletingService (SCMBlockDeletingService.java:call(133)) - Running DeletedBlockTransactionScanner
2021-08-10 12:17:00,137 [SCMBlockDeletingService#0] DEBUG block.SCMBlockDeletingService (SCMBlockDeletingService.java:call(133)) - Running DeletedBlockTransactionScanner
2021-08-10 12:17:00,237 [SCMBlockDeletingService#0] DEBUG block.SCMBlockDeletingService (SCMBlockDeletingService.java:call(133)) - Running DeletedBlockTransactionScanner
2021-08-10 12:17:00,337 [SCMBlockDeletingService#0] DEBUG block.SCMBlockDeletingService (SCMBlockDeletingService.java:call(133)) - Running DeletedBlockTransactionScanner
2021-08-10 12:17:00,437 [SCMBlockDeletingService#0] DEBUG block.SCMBlockDeletingService (SCMBlockDeletingService.java:call(133)) - Running DeletedBlockTransactionScanner
2021-08-10 12:17:00,537 [SCMBlockDeletingService#0] DEBUG block.SCMBlockDeletingService (SCMBlockDeletingService.java:call(133)) - Running DeletedBlockTransactionScanner
2021-08-10 12:17:00,603 [ForkJoinPool.commonPool-worker-1] INFO  ozoneimpl.OzoneContainer (OzoneContainer.java:stop(326)) - Attempting to stop container services.
2021-08-10 12:17:00,604 [ForkJoinPool.commonPool-worker-1] INFO  server.RaftServer (RaftServerProxy.java:lambda$close$6(391)) - ad4991cb-97ce-4dd6-b117-42e7f6b0816f: close
2021-08-10 12:17:00,604 [ForkJoinPool.commonPool-worker-1] INFO  server.RaftServer$Division (RaftServerImpl.java:lambda$close$4(407)) - ad4991cb-97ce-4dd6-b117-42e7f6b0816f@group-B7C6AD568D3C: shutdown
2021-08-10 12:17:00,604 [ForkJoinPool.commonPool-worker-1] INFO  util.JmxRegister (JmxRegister.java:unregister(73)) - Successfully un-registered JMX Bean with object name Ratis:service=RaftServer,group=group-B7C6AD568D3C,id=ad4991cb-97ce-4dd6-b117-42e7f6b0816f
2021-08-10 12:17:00,604 [ForkJoinPool.commonPool-worker-1] INFO  impl.RoleInfo (RoleInfo.java:shutdownLeaderState(91)) - ad4991cb-97ce-4dd6-b117-42e7f6b0816f: shutdown ad4991cb-97ce-4dd6-b117-42e7f6b0816f@group-B7C6AD568D3C-LeaderStateImpl
2021-08-10 12:17:00,604 [ad4991cb-97ce-4dd6-b117-42e7f6b0816f@group-B7C6AD568D3C->01235482-5c07-4b37-86e9-3192ec4df84f-GrpcLogAppender-LogAppenderDaemon] WARN  server.GrpcLogAppender (GrpcLogAppender.java:mayWait(175)) - ad4991cb-97ce-4dd6-b117-42e7f6b0816f@group-B7C6AD568D3C->01235482-5c07-4b37-86e9-3192ec4df84f-GrpcLogAppender: Wait interrupted by java.lang.InterruptedException
2021-08-10 12:17:00,604 [ForkJoinPool.commonPool-worker-1] INFO  impl.PendingRequests (PendingRequests.java:sendNotLeaderResponses(249)) - ad4991cb-97ce-4dd6-b117-42e7f6b0816f@group-B7C6AD568D3C-PendingRequests: sendNotLeaderResponses
2021-08-10 12:17:00,605 [ForkJoinPool.commonPool-worker-1] INFO  impl.StateMachineUpdater (StateMachineUpdater.java:stopAndJoin(149)) - ad4991cb-97ce-4dd6-b117-42e7f6b0816f@group-B7C6AD568D3C-StateMachineUpdater: set stopIndex = 867
2021-08-10 12:17:00,605 [ad4991cb-97ce-4dd6-b117-42e7f6b0816f@group-B7C6AD568D3C->b13dbf35-3f05-4a51-87e4-7670ffffb89b-GrpcLogAppender-LogAppenderDaemon] WARN  server.GrpcLogAppender (GrpcLogAppender.java:mayWait(175)) - ad4991cb-97ce-4dd6-b117-42e7f6b0816f@group-B7C6AD568D3C->b13dbf35-3f05-4a51-87e4-7670ffffb89b-GrpcLogAppender: Wait interrupted by java.lang.InterruptedException
2021-08-10 12:17:00,606 [ad4991cb-97ce-4dd6-b117-42e7f6b0816f@group-B7C6AD568D3C-StateMachineUpdater] INFO  ratis.ContainerStateMachine (ContainerStateMachine.java:takeSnapshot(291)) - group-B7C6AD568D3C: Taking a snapshot at:(t:1, i:867) file /home/runner/work/ozone/ozone/hadoop-ozone/integration-test/target/test-dir/MiniOzoneClusterImpl-75f1614f-1661-444a-a475-726e833f1db0/datanode-0/data/ratis/65bf7f16-7800-4a00-a76d-b7c6ad568d3c/sm/snapshot.1_867
2021-08-10 12:17:00,607 [grpc-default-executor-0] INFO  server.GrpcServerProtocolService (GrpcServerProtocolService.java:onCompleted(140)) - 01235482-5c07-4b37-86e9-3192ec4df84f: Completed APPEND_ENTRIES, lastRequest: ad4991cb-97ce-4dd6-b117-42e7f6b0816f->01235482-5c07-4b37-86e9-3192ec4df84f#6415-t1,previous=(t:1, i:866),leaderCommit=866,initializing? true,entries: size=1, first=(t:1, i:867), METADATAENTRY(c:866)
2021-08-10 12:17:00,607 [grpc-default-executor-1] INFO  server.GrpcServerProtocolService (GrpcServerProtocolService.java:onCompleted(140)) - b13dbf35-3f05-4a51-87e4-7670ffffb89b: Completed APPEND_ENTRIES, lastRequest: ad4991cb-97ce-4dd6-b117-42e7f6b0816f->b13dbf35-3f05-4a51-87e4-7670ffffb89b#6166-t1,previous=(t:1, i:866),leaderCommit=866,initializing? true,entries: size=1, first=(t:1, i:867), METADATAENTRY(c:866)
2021-08-10 12:17:00,610 [ad4991cb-97ce-4dd6-b117-42e7f6b0816f@group-B7C6AD568D3C-StateMachineUpdater] INFO  ratis.ContainerStateMachine (ContainerStateMachine.java:takeSnapshot(302)) - group-B7C6AD568D3C: Finished taking a snapshot at:(t:1, i:867) file:/home/runner/work/ozone/ozone/hadoop-ozone/integration-test/target/test-dir/MiniOzoneClusterImpl-75f1614f-1661-444a-a475-726e833f1db0/datanode-0/data/ratis/65bf7f16-7800-4a00-a76d-b7c6ad568d3c/sm/snapshot.1_867 took: 4 ms
2021-08-10 12:17:00,610 [ad4991cb-97ce-4dd6-b117-42e7f6b0816f@group-B7C6AD568D3C-StateMachineUpdater] INFO  impl.StateMachineUpdater (StateMachineUpdater.java:takeSnapshot(281)) - ad4991cb-97ce-4dd6-b117-42e7f6b0816f@group-B7C6AD568D3C-StateMachineUpdater: Took a snapshot at index 867
2021-08-10 12:17:00,610 [ad4991cb-97ce-4dd6-b117-42e7f6b0816f@group-B7C6AD568D3C-StateMachineUpdater] INFO  impl.StateMachineUpdater (StateMachineUpdater.java:lambda$new$0(89)) - ad4991cb-97ce-4dd6-b117-42e7f6b0816f@group-B7C6AD568D3C-StateMachineUpdater: snapshotIndex: updateIncreasingly -1 -> 867
2021-08-10 12:17:00,610 [ForkJoinPool.commonPool-worker-1] INFO  server.RaftServer$Division (ServerState.java:close(419)) - ad4991cb-97ce-4dd6-b117-42e7f6b0816f@group-B7C6AD568D3C: closes. applyIndex: 867
2021-08-10 12:17:00,611 [ad4991cb-97ce-4dd6-b117-42e7f6b0816f@group-B7C6AD568D3C-SegmentedRaftLogWorker] INFO  segmented.SegmentedRaftLogWorker (SegmentedRaftLogWorker.java:run(327)) - ad4991cb-97ce-4dd6-b117-42e7f6b0816f@group-B7C6AD568D3C-SegmentedRaftLogWorker was interrupted, exiting. There are 0 tasks remaining in the queue.
2021-08-10 12:17:00,611 [ForkJoinPool.commonPool-worker-1] INFO  segmented.SegmentedRaftLogWorker (SegmentedRaftLogWorker.java:close(237)) - ad4991cb-97ce-4dd6-b117-42e7f6b0816f@group-B7C6AD568D3C-SegmentedRaftLogWorker close()
2021-08-10 12:17:00,632 [ForkJoinPool.commonPool-worker-1] INFO  server.GrpcService (GrpcService.java:closeImpl(262)) - ad4991cb-97ce-4dd6-b117-42e7f6b0816f: shutdown server with port 35903 now
2021-08-10 12:17:00,645 [SCMBlockDeletingService#0] DEBUG block.SCMBlockDeletingService (SCMBlockDeletingService.java:call(133)) - Running DeletedBlockTransactionScanner
2021-08-10 12:17:00,650 [Listener at 127.0.0.1/43569] INFO  ozoneimpl.OzoneContainer (OzoneContainer.java:stop(326)) - Attempting to stop container services.
2021-08-10 12:17:00,650 [Listener at 127.0.0.1/43569] INFO  server.RaftServer (RaftServerProxy.java:lambda$close$6(391)) - b13dbf35-3f05-4a51-87e4-7670ffffb89b: close
2021-08-10 12:17:00,654 [Listener at 127.0.0.1/43569] INFO  server.RaftServer$Division (RaftServerImpl.java:lambda$close$4(407)) - b13dbf35-3f05-4a51-87e4-7670ffffb89b@group-B7C6AD568D3C: shutdown
2021-08-10 12:17:00,654 [Listener at 127.0.0.1/43569] INFO  util.JmxRegister (JmxRegister.java:unregister(73)) - Successfully un-registered JMX Bean with object name Ratis:service=RaftServer,group=group-B7C6AD568D3C,id=b13dbf35-3f05-4a51-87e4-7670ffffb89b
2021-08-10 12:17:00,654 [Listener at 127.0.0.1/43569] INFO  impl.RoleInfo (RoleInfo.java:shutdownFollowerState(108)) - b13dbf35-3f05-4a51-87e4-7670ffffb89b: shutdown b13dbf35-3f05-4a51-87e4-7670ffffb89b@group-B7C6AD568D3C-FollowerState
2021-08-10 12:17:00,654 [Listener at 127.0.0.1/43569] INFO  impl.StateMachineUpdater (StateMachineUpdater.java:stopAndJoin(149)) - b13dbf35-3f05-4a51-87e4-7670ffffb89b@group-B7C6AD568D3C-StateMachineUpdater: set stopIndex = 867
2021-08-10 12:17:00,654 [b13dbf35-3f05-4a51-87e4-7670ffffb89b@group-B7C6AD568D3C-FollowerState] INFO  impl.FollowerState (FollowerState.java:run(143)) - b13dbf35-3f05-4a51-87e4-7670ffffb89b@group-B7C6AD568D3C-FollowerState was interrupted: {}
java.lang.InterruptedException: sleep interrupted
	at java.lang.Thread.sleep(Native Method)
	at java.lang.Thread.sleep(Thread.java:340)
	at java.util.concurrent.TimeUnit.sleep(TimeUnit.java:386)
	at org.apache.ratis.util.TimeDuration.sleep(TimeDuration.java:324)
	at org.apache.ratis.util.TimeDuration.sleep(TimeDuration.java:309)
	at org.apache.ratis.server.impl.FollowerState.run(FollowerState.java:118)
2021-08-10 12:17:00,654 [b13dbf35-3f05-4a51-87e4-7670ffffb89b@group-B7C6AD568D3C-StateMachineUpdater] INFO  ratis.ContainerStateMachine (ContainerStateMachine.java:takeSnapshot(291)) - group-B7C6AD568D3C: Taking a snapshot at:(t:1, i:867) file /home/runner/work/ozone/ozone/hadoop-ozone/integration-test/target/test-dir/MiniOzoneClusterImpl-75f1614f-1661-444a-a475-726e833f1db0/datanode-1/data/ratis/65bf7f16-7800-4a00-a76d-b7c6ad568d3c/sm/snapshot.1_867
2021-08-10 12:17:00,654 [grpc-default-executor-4] WARN  client.GrpcClientProtocolService (LogUtils.java:warn(122)) - 1-UnorderedRequestStreamObserver1: onError: org.apache.ratis.thirdparty.io.grpc.StatusRuntimeException: CANCELLED: client cancelled
2021-08-10 12:17:00,656 [grpc-default-executor-1] INFO  server.GrpcLogAppender (GrpcLogAppender.java:onCompleted(344)) - ad4991cb-97ce-4dd6-b117-42e7f6b0816f@group-B7C6AD568D3C->01235482-5c07-4b37-86e9-3192ec4df84f-AppendLogResponseHandler: follower responses appendEntries COMPLETED
2021-08-10 12:17:00,656 [grpc-default-executor-1] WARN  server.GrpcLogAppender (GrpcLogAppender.java:resetClient(96)) - ad4991cb-97ce-4dd6-b117-42e7f6b0816f@group-B7C6AD568D3C->01235482-5c07-4b37-86e9-3192ec4df84f-GrpcLogAppender: Failed to getClient for 01235482-5c07-4b37-86e9-3192ec4df84f
org.apache.ratis.protocol.exceptions.AlreadyClosedException: ad4991cb-97ce-4dd6-b117-42e7f6b0816f is already CLOSED
	at org.apache.ratis.util.PeerProxyMap$PeerAndProxy.getProxy(PeerProxyMap.java:60)
	at org.apache.ratis.util.PeerProxyMap.getProxy(PeerProxyMap.java:114)
	at org.apache.ratis.grpc.server.GrpcLogAppender.getClient(GrpcLogAppender.java:89)
	at org.apache.ratis.grpc.server.GrpcLogAppender.resetClient(GrpcLogAppender.java:94)
	at org.apache.ratis.grpc.server.GrpcLogAppender.access$500(GrpcLogAppender.java:53)
	at org.apache.ratis.grpc.server.GrpcLogAppender$AppendLogResponseHandler.onCompleted(GrpcLogAppender.java:345)
	at org.apache.ratis.thirdparty.io.grpc.stub.ClientCalls$StreamObserverToCallListenerAdapter.onClose(ClientCalls.java:476)
	at org.apache.ratis.thirdparty.io.grpc.internal.ClientCallImpl.closeObserver(ClientCallImpl.java:616)
	at org.apache.ratis.thirdparty.io.grpc.internal.ClientCallImpl.access$300(ClientCallImpl.java:69)
	at org.apache.ratis.thirdparty.io.grpc.internal.ClientCallImpl$ClientStreamListenerImpl$1StreamClosed.runInternal(ClientCallImpl.java:802)
	at org.apache.ratis.thirdparty.io.grpc.internal.ClientCallImpl$ClientStreamListenerImpl$1StreamClosed.runInContext(ClientCallImpl.java:781)
	at org.apache.ratis.thirdparty.io.grpc.internal.ContextRunnable.run(ContextRunnable.java:37)
	at org.apache.ratis.thirdparty.io.grpc.internal.SerializingExecutor.run(SerializingExecutor.java:123)
	at java.util.concurrent.ThreadPoolExecutor.runWorker(ThreadPoolExecutor.java:1149)
	at java.util.concurrent.ThreadPoolExecutor$Worker.run(ThreadPoolExecutor.java:624)
	at java.lang.Thread.run(Thread.java:748)
2021-08-10 12:17:00,656 [grpc-default-executor-1] INFO  leader.FollowerInfo (FollowerInfoImpl.java:lambda$new$0(46)) - ad4991cb-97ce-4dd6-b117-42e7f6b0816f@group-B7C6AD568D3C->01235482-5c07-4b37-86e9-3192ec4df84f: nextIndex: updateUnconditionally 868 -> 867
2021-08-10 12:17:00,658 [grpc-default-executor-1] INFO  server.GrpcLogAppender (GrpcLogAppender.java:onCompleted(344)) - ad4991cb-97ce-4dd6-b117-42e7f6b0816f@group-B7C6AD568D3C->b13dbf35-3f05-4a51-87e4-7670ffffb89b-AppendLogResponseHandler: follower responses appendEntries COMPLETED
2021-08-10 12:17:00,658 [grpc-default-executor-1] INFO  leader.FollowerInfo (FollowerInfoImpl.java:lambda$new$0(46)) - ad4991cb-97ce-4dd6-b117-42e7f6b0816f@group-B7C6AD568D3C->b13dbf35-3f05-4a51-87e4-7670ffffb89b: nextIndex: updateUnconditionally 868 -> 867
2021-08-10 12:17:00,662 [ForkJoinPool.commonPool-worker-1] INFO  server.GrpcService (GrpcService.java:closeImpl(271)) - ad4991cb-97ce-4dd6-b117-42e7f6b0816f: shutdown server with port 35903 successfully
2021-08-10 12:17:00,662 [org.apache.ratis.util.JvmPauseMonitor$$Lambda$531/1624044696@5bb4c05c] INFO  util.JvmPauseMonitor (JvmPauseMonitor.java:run(109)) - JvmPauseMonitor-ad4991cb-97ce-4dd6-b117-42e7f6b0816f: Stopped
2021-08-10 12:17:00,663 [b13dbf35-3f05-4a51-87e4-7670ffffb89b@group-B7C6AD568D3C-StateMachineUpdater] INFO  ratis.ContainerStateMachine (ContainerStateMachine.java:takeSnapshot(302)) - group-B7C6AD568D3C: Finished taking a snapshot at:(t:1, i:867) file:/home/runner/work/ozone/ozone/hadoop-ozone/integration-test/target/test-dir/MiniOzoneClusterImpl-75f1614f-1661-444a-a475-726e833f1db0/datanode-1/data/ratis/65bf7f16-7800-4a00-a76d-b7c6ad568d3c/sm/snapshot.1_867 took: 9 ms
2021-08-10 12:17:00,664 [b13dbf35-3f05-4a51-87e4-7670ffffb89b@group-B7C6AD568D3C-StateMachineUpdater] INFO  impl.StateMachineUpdater (StateMachineUpdater.java:takeSnapshot(281)) - b13dbf35-3f05-4a51-87e4-7670ffffb89b@group-B7C6AD568D3C-StateMachineUpdater: Took a snapshot at index 867
2021-08-10 12:17:00,664 [b13dbf35-3f05-4a51-87e4-7670ffffb89b@group-B7C6AD568D3C-StateMachineUpdater] INFO  impl.StateMachineUpdater (StateMachineUpdater.java:lambda$new$0(89)) - b13dbf35-3f05-4a51-87e4-7670ffffb89b@group-B7C6AD568D3C-StateMachineUpdater: snapshotIndex: updateIncreasingly -1 -> 867
2021-08-10 12:17:00,671 [ForkJoinPool.commonPool-worker-1] INFO  utils.BackgroundService (BackgroundService.java:shutdown(132)) - Shutting down service BlockDeletingService
2021-08-10 12:17:00,675 [Listener at 127.0.0.1/43569] INFO  server.RaftServer$Division (ServerState.java:close(419)) - b13dbf35-3f05-4a51-87e4-7670ffffb89b@group-B7C6AD568D3C: closes. applyIndex: 867
2021-08-10 12:17:00,687 [b13dbf35-3f05-4a51-87e4-7670ffffb89b@group-B7C6AD568D3C-SegmentedRaftLogWorker] INFO  segmented.SegmentedRaftLogWorker (SegmentedRaftLogWorker.java:run(327)) - b13dbf35-3f05-4a51-87e4-7670ffffb89b@group-B7C6AD568D3C-SegmentedRaftLogWorker was interrupted, exiting. There are 0 tasks remaining in the queue.
2021-08-10 12:17:00,687 [Listener at 127.0.0.1/43569] INFO  segmented.SegmentedRaftLogWorker (SegmentedRaftLogWorker.java:close(237)) - b13dbf35-3f05-4a51-87e4-7670ffffb89b@group-B7C6AD568D3C-SegmentedRaftLogWorker close()
2021-08-10 12:17:00,707 [Listener at 127.0.0.1/43569] INFO  server.GrpcService (GrpcService.java:closeImpl(262)) - b13dbf35-3f05-4a51-87e4-7670ffffb89b: shutdown server with port 42417 now
2021-08-10 12:17:00,735 [Listener at 127.0.0.1/43569] INFO  server.GrpcService (GrpcService.java:closeImpl(271)) - b13dbf35-3f05-4a51-87e4-7670ffffb89b: shutdown server with port 42417 successfully
2021-08-10 12:17:00,737 [org.apache.ratis.util.JvmPauseMonitor$$Lambda$531/1624044696@1f068b75] INFO  util.JvmPauseMonitor (JvmPauseMonitor.java:run(109)) - JvmPauseMonitor-b13dbf35-3f05-4a51-87e4-7670ffffb89b: Stopped
2021-08-10 12:17:00,738 [Listener at 127.0.0.1/43569] INFO  utils.BackgroundService (BackgroundService.java:shutdown(132)) - Shutting down service BlockDeletingService
2021-08-10 12:17:00,745 [SCMBlockDeletingService#0] DEBUG block.SCMBlockDeletingService (SCMBlockDeletingService.java:call(133)) - Running DeletedBlockTransactionScanner
2021-08-10 12:17:00,846 [SCMBlockDeletingService#0] DEBUG block.SCMBlockDeletingService (SCMBlockDeletingService.java:call(133)) - Running DeletedBlockTransactionScanner
2021-08-10 12:17:00,946 [SCMBlockDeletingService#0] DEBUG block.SCMBlockDeletingService (SCMBlockDeletingService.java:call(133)) - Running DeletedBlockTransactionScanner
2021-08-10 12:17:01,046 [SCMBlockDeletingService#0] DEBUG block.SCMBlockDeletingService (SCMBlockDeletingService.java:call(133)) - Running DeletedBlockTransactionScanner
2021-08-10 12:17:01,146 [SCMBlockDeletingService#0] DEBUG block.SCMBlockDeletingService (SCMBlockDeletingService.java:call(133)) - Running DeletedBlockTransactionScanner
2021-08-10 12:17:01,246 [SCMBlockDeletingService#0] DEBUG block.SCMBlockDeletingService (SCMBlockDeletingService.java:call(133)) - Running DeletedBlockTransactionScanner
2021-08-10 12:17:01,346 [SCMBlockDeletingService#0] DEBUG block.SCMBlockDeletingService (SCMBlockDeletingService.java:call(133)) - Running DeletedBlockTransactionScanner
2021-08-10 12:17:01,446 [SCMBlockDeletingService#0] DEBUG block.SCMBlockDeletingService (SCMBlockDeletingService.java:call(133)) - Running DeletedBlockTransactionScanner
2021-08-10 12:17:01,546 [SCMBlockDeletingService#0] DEBUG block.SCMBlockDeletingService (SCMBlockDeletingService.java:call(133)) - Running DeletedBlockTransactionScanner
2021-08-10 12:17:01,646 [SCMBlockDeletingService#0] DEBUG block.SCMBlockDeletingService (SCMBlockDeletingService.java:call(133)) - Running DeletedBlockTransactionScanner
2021-08-10 12:17:01,746 [SCMBlockDeletingService#0] DEBUG block.SCMBlockDeletingService (SCMBlockDeletingService.java:call(133)) - Running DeletedBlockTransactionScanner
2021-08-10 12:17:01,846 [SCMBlockDeletingService#0] DEBUG block.SCMBlockDeletingService (SCMBlockDeletingService.java:call(133)) - Running DeletedBlockTransactionScanner
2021-08-10 12:17:01,946 [SCMBlockDeletingService#0] DEBUG block.SCMBlockDeletingService (SCMBlockDeletingService.java:call(133)) - Running DeletedBlockTransactionScanner
2021-08-10 12:17:02,046 [SCMBlockDeletingService#0] DEBUG block.SCMBlockDeletingService (SCMBlockDeletingService.java:call(133)) - Running DeletedBlockTransactionScanner
2021-08-10 12:17:02,146 [SCMBlockDeletingService#0] DEBUG block.SCMBlockDeletingService (SCMBlockDeletingService.java:call(133)) - Running DeletedBlockTransactionScanner
2021-08-10 12:17:02,247 [SCMBlockDeletingService#0] DEBUG block.SCMBlockDeletingService (SCMBlockDeletingService.java:call(133)) - Running DeletedBlockTransactionScanner
2021-08-10 12:17:02,347 [SCMBlockDeletingService#0] DEBUG block.SCMBlockDeletingService (SCMBlockDeletingService.java:call(133)) - Running DeletedBlockTransactionScanner
2021-08-10 12:17:02,447 [SCMBlockDeletingService#0] DEBUG block.SCMBlockDeletingService (SCMBlockDeletingService.java:call(133)) - Running DeletedBlockTransactionScanner
2021-08-10 12:17:02,547 [SCMBlockDeletingService#0] DEBUG block.SCMBlockDeletingService (SCMBlockDeletingService.java:call(133)) - Running DeletedBlockTransactionScanner
2021-08-10 12:17:02,647 [SCMBlockDeletingService#0] DEBUG block.SCMBlockDeletingService (SCMBlockDeletingService.java:call(133)) - Running DeletedBlockTransactionScanner
2021-08-10 12:17:02,749 [SCMBlockDeletingService#0] DEBUG block.SCMBlockDeletingService (SCMBlockDeletingService.java:call(133)) - Running DeletedBlockTransactionScanner
2021-08-10 12:17:02,849 [SCMBlockDeletingService#0] DEBUG block.SCMBlockDeletingService (SCMBlockDeletingService.java:call(133)) - Running DeletedBlockTransactionScanner
2021-08-10 12:17:02,949 [SCMBlockDeletingService#0] DEBUG block.SCMBlockDeletingService (SCMBlockDeletingService.java:call(133)) - Running DeletedBlockTransactionScanner
2021-08-10 12:17:03,049 [SCMBlockDeletingService#0] DEBUG block.SCMBlockDeletingService (SCMBlockDeletingService.java:call(133)) - Running DeletedBlockTransactionScanner
2021-08-10 12:17:03,167 [SCMBlockDeletingService#0] DEBUG block.SCMBlockDeletingService (SCMBlockDeletingService.java:call(133)) - Running DeletedBlockTransactionScanner
2021-08-10 12:17:03,267 [SCMBlockDeletingService#0] DEBUG block.SCMBlockDeletingService (SCMBlockDeletingService.java:call(133)) - Running DeletedBlockTransactionScanner
2021-08-10 12:17:03,367 [SCMBlockDeletingService#0] DEBUG block.SCMBlockDeletingService (SCMBlockDeletingService.java:call(133)) - Running DeletedBlockTransactionScanner
2021-08-10 12:17:03,467 [SCMBlockDeletingService#0] DEBUG block.SCMBlockDeletingService (SCMBlockDeletingService.java:call(133)) - Running DeletedBlockTransactionScanner
2021-08-10 12:17:03,568 [SCMBlockDeletingService#0] DEBUG block.SCMBlockDeletingService (SCMBlockDeletingService.java:call(133)) - Running DeletedBlockTransactionScanner
2021-08-10 12:17:03,668 [SCMBlockDeletingService#0] DEBUG block.SCMBlockDeletingService (SCMBlockDeletingService.java:call(133)) - Running DeletedBlockTransactionScanner
2021-08-10 12:17:03,711 [ForkJoinPool.commonPool-worker-1] INFO  statemachine.DatanodeStateMachine (DatanodeStateMachine.java:stopDaemon(515)) - Ozone container server stopped.
2021-08-10 12:17:03,713 [ForkJoinPool.commonPool-worker-1] INFO  handler.ContextHandler (ContextHandler.java:doStop(1153)) - Stopped o.e.j.w.WebAppContext@70cf87c{hddsDatanode,/,null,STOPPED}{jar:file:/home/runner/.m2/repository/org/apache/ozone/hdds-container-service/1.2.0-SNAPSHOT/hdds-container-service-1.2.0-SNAPSHOT.jar!/webapps/hddsDatanode}
2021-08-10 12:17:03,732 [ForkJoinPool.commonPool-worker-1] INFO  server.AbstractConnector (AbstractConnector.java:doStop(381)) - Stopped ServerConnector@556ed69c{HTTP/1.1, (http/1.1)}{0.0.0.0:0}
2021-08-10 12:17:03,732 [ForkJoinPool.commonPool-worker-1] INFO  server.session (HouseKeeper.java:stopScavenging(149)) - node0 Stopped scavenging
2021-08-10 12:17:03,732 [ForkJoinPool.commonPool-worker-1] INFO  handler.ContextHandler (ContextHandler.java:doStop(1153)) - Stopped o.e.j.s.ServletContextHandler@e44d951{static,/static,jar:file:/home/runner/.m2/repository/org/apache/ozone/hdds-container-service/1.2.0-SNAPSHOT/hdds-container-service-1.2.0-SNAPSHOT.jar!/webapps/static,STOPPED}
2021-08-10 12:17:03,733 [ForkJoinPool.commonPool-worker-1] INFO  handler.ContextHandler (ContextHandler.java:doStop(1153)) - Stopped o.e.j.s.ServletContextHandler@3aa2c4f4{logs,/logs,file:///home/runner/work/ozone/ozone/hadoop-ozone/integration-test/target/log,STOPPED}
2021-08-10 12:17:03,763 [Listener at 127.0.0.1/43569] INFO  statemachine.DatanodeStateMachine (DatanodeStateMachine.java:stopDaemon(515)) - Ozone container server stopped.
2021-08-10 12:17:03,763 [Listener at 127.0.0.1/43569] INFO  handler.ContextHandler (ContextHandler.java:doStop(1153)) - Stopped o.e.j.w.WebAppContext@59d20597{hddsDatanode,/,null,STOPPED}{jar:file:/home/runner/.m2/repository/org/apache/ozone/hdds-container-service/1.2.0-SNAPSHOT/hdds-container-service-1.2.0-SNAPSHOT.jar!/webapps/hddsDatanode}
2021-08-10 12:17:03,765 [Listener at 127.0.0.1/43569] INFO  server.AbstractConnector (AbstractConnector.java:doStop(381)) - Stopped ServerConnector@22d0b2d0{HTTP/1.1, (http/1.1)}{0.0.0.0:0}
2021-08-10 12:17:03,765 [Listener at 127.0.0.1/43569] INFO  server.session (HouseKeeper.java:stopScavenging(149)) - node0 Stopped scavenging
2021-08-10 12:17:03,765 [Listener at 127.0.0.1/43569] INFO  handler.ContextHandler (ContextHandler.java:doStop(1153)) - Stopped o.e.j.s.ServletContextHandler@52351801{static,/static,jar:file:/home/runner/.m2/repository/org/apache/ozone/hdds-container-service/1.2.0-SNAPSHOT/hdds-container-service-1.2.0-SNAPSHOT.jar!/webapps/static,STOPPED}
2021-08-10 12:17:03,765 [Listener at 127.0.0.1/43569] INFO  handler.ContextHandler (ContextHandler.java:doStop(1153)) - Stopped o.e.j.s.ServletContextHandler@1040ceea{logs,/logs,file:///home/runner/work/ozone/ozone/hadoop-ozone/integration-test/target/log,STOPPED}
2021-08-10 12:17:03,768 [SCMBlockDeletingService#0] DEBUG block.SCMBlockDeletingService (SCMBlockDeletingService.java:call(133)) - Running DeletedBlockTransactionScanner
2021-08-10 12:17:03,868 [SCMBlockDeletingService#0] DEBUG block.SCMBlockDeletingService (SCMBlockDeletingService.java:call(133)) - Running DeletedBlockTransactionScanner
2021-08-10 12:17:03,881 [Datanode State Machine Thread - 0] INFO  statemachine.DatanodeStateMachine (DatanodeStateMachine.java:lambda$startDaemon$0(457)) - Ozone container server started.
2021-08-10 12:17:03,968 [SCMBlockDeletingService#0] DEBUG block.SCMBlockDeletingService (SCMBlockDeletingService.java:call(133)) - Running DeletedBlockTransactionScanner
2021-08-10 12:17:04,071 [SCMBlockDeletingService#0] DEBUG block.SCMBlockDeletingService (SCMBlockDeletingService.java:call(133)) - Running DeletedBlockTransactionScanner
2021-08-10 12:17:04,171 [SCMBlockDeletingService#0] DEBUG block.SCMBlockDeletingService (SCMBlockDeletingService.java:call(133)) - Running DeletedBlockTransactionScanner
2021-08-10 12:17:04,271 [SCMBlockDeletingService#0] DEBUG block.SCMBlockDeletingService (SCMBlockDeletingService.java:call(133)) - Running DeletedBlockTransactionScanner
2021-08-10 12:17:04,371 [SCMBlockDeletingService#0] DEBUG block.SCMBlockDeletingService (SCMBlockDeletingService.java:call(133)) - Running DeletedBlockTransactionScanner
2021-08-10 12:17:04,472 [SCMBlockDeletingService#0] DEBUG block.SCMBlockDeletingService (SCMBlockDeletingService.java:call(133)) - Running DeletedBlockTransactionScanner
2021-08-10 12:17:04,575 [SCMBlockDeletingService#0] DEBUG block.SCMBlockDeletingService (SCMBlockDeletingService.java:call(133)) - Running DeletedBlockTransactionScanner
2021-08-10 12:17:04,675 [SCMBlockDeletingService#0] DEBUG block.SCMBlockDeletingService (SCMBlockDeletingService.java:call(133)) - Running DeletedBlockTransactionScanner
2021-08-10 12:17:04,775 [SCMBlockDeletingService#0] DEBUG block.SCMBlockDeletingService (SCMBlockDeletingService.java:call(133)) - Running DeletedBlockTransactionScanner
2021-08-10 12:17:04,875 [SCMBlockDeletingService#0] DEBUG block.SCMBlockDeletingService (SCMBlockDeletingService.java:call(133)) - Running DeletedBlockTransactionScanner
2021-08-10 12:17:04,975 [SCMBlockDeletingService#0] DEBUG block.SCMBlockDeletingService (SCMBlockDeletingService.java:call(133)) - Running DeletedBlockTransactionScanner
2021-08-10 12:17:05,075 [SCMBlockDeletingService#0] DEBUG block.SCMBlockDeletingService (SCMBlockDeletingService.java:call(133)) - Running DeletedBlockTransactionScanner
2021-08-10 12:17:05,178 [SCMBlockDeletingService#0] DEBUG block.SCMBlockDeletingService (SCMBlockDeletingService.java:call(133)) - Running DeletedBlockTransactionScanner
2021-08-10 12:17:05,279 [SCMBlockDeletingService#0] DEBUG block.SCMBlockDeletingService (SCMBlockDeletingService.java:call(133)) - Running DeletedBlockTransactionScanner
2021-08-10 12:17:05,379 [SCMBlockDeletingService#0] DEBUG block.SCMBlockDeletingService (SCMBlockDeletingService.java:call(133)) - Running DeletedBlockTransactionScanner
2021-08-10 12:17:05,482 [SCMBlockDeletingService#0] DEBUG block.SCMBlockDeletingService (SCMBlockDeletingService.java:call(133)) - Running DeletedBlockTransactionScanner
2021-08-10 12:17:05,582 [SCMBlockDeletingService#0] DEBUG block.SCMBlockDeletingService (SCMBlockDeletingService.java:call(133)) - Running DeletedBlockTransactionScanner
2021-08-10 12:17:05,683 [SCMBlockDeletingService#0] DEBUG block.SCMBlockDeletingService (SCMBlockDeletingService.java:call(133)) - Running DeletedBlockTransactionScanner
2021-08-10 12:17:05,783 [SCMBlockDeletingService#0] DEBUG block.SCMBlockDeletingService (SCMBlockDeletingService.java:call(133)) - Running DeletedBlockTransactionScanner
2021-08-10 12:17:05,883 [SCMBlockDeletingService#0] DEBUG block.SCMBlockDeletingService (SCMBlockDeletingService.java:call(133)) - Running DeletedBlockTransactionScanner
2021-08-10 12:17:05,983 [SCMBlockDeletingService#0] DEBUG block.SCMBlockDeletingService (SCMBlockDeletingService.java:call(133)) - Running DeletedBlockTransactionScanner
2021-08-10 12:17:06,083 [SCMBlockDeletingService#0] DEBUG block.SCMBlockDeletingService (SCMBlockDeletingService.java:call(133)) - Running DeletedBlockTransactionScanner
2021-08-10 12:17:06,186 [SCMBlockDeletingService#0] DEBUG block.SCMBlockDeletingService (SCMBlockDeletingService.java:call(133)) - Running DeletedBlockTransactionScanner
2021-08-10 12:17:06,287 [SCMBlockDeletingService#0] DEBUG block.SCMBlockDeletingService (SCMBlockDeletingService.java:call(133)) - Running DeletedBlockTransactionScanner
2021-08-10 12:17:06,387 [SCMBlockDeletingService#0] DEBUG block.SCMBlockDeletingService (SCMBlockDeletingService.java:call(133)) - Running DeletedBlockTransactionScanner
2021-08-10 12:17:06,490 [SCMBlockDeletingService#0] DEBUG block.SCMBlockDeletingService (SCMBlockDeletingService.java:call(133)) - Running DeletedBlockTransactionScanner
2021-08-10 12:17:06,591 [SCMBlockDeletingService#0] DEBUG block.SCMBlockDeletingService (SCMBlockDeletingService.java:call(133)) - Running DeletedBlockTransactionScanner
2021-08-10 12:17:06,691 [SCMBlockDeletingService#0] DEBUG block.SCMBlockDeletingService (SCMBlockDeletingService.java:call(133)) - Running DeletedBlockTransactionScanner
2021-08-10 12:17:06,773 [EventQueue-StaleNodeForStaleNodeHandler] INFO  node.StaleNodeHandler (StaleNodeHandler.java:onMessage(58)) - Datanode 01235482-5c07-4b37-86e9-3192ec4df84f{ip: 10.1.0.57, host: fv-az270-250.tacnzluakwdehk1hpragurqkma.bx.internal.cloudapp.net, ports: [REPLICATION=46851, RATIS=40019, RATIS_ADMIN=40019, RATIS_SERVER=40019, STANDALONE=41643], networkLocation: /default-rack, certSerialId: null, persistedOpState: IN_SERVICE, persistedOpStateExpiryEpochSec: 0} moved to stale state. Finalizing its pipelines [PipelineID=65bf7f16-7800-4a00-a76d-b7c6ad568d3c]
2021-08-10 12:17:06,791 [SCMBlockDeletingService#0] DEBUG block.SCMBlockDeletingService (SCMBlockDeletingService.java:call(133)) - Running DeletedBlockTransactionScanner
2021-08-10 12:17:06,891 [SCMBlockDeletingService#0] DEBUG block.SCMBlockDeletingService (SCMBlockDeletingService.java:call(133)) - Running DeletedBlockTransactionScanner
2021-08-10 12:17:06,991 [SCMBlockDeletingService#0] DEBUG block.SCMBlockDeletingService (SCMBlockDeletingService.java:call(133)) - Running DeletedBlockTransactionScanner
2021-08-10 12:17:07,092 [SCMBlockDeletingService#0] DEBUG block.SCMBlockDeletingService (SCMBlockDeletingService.java:call(133)) - Running DeletedBlockTransactionScanner
2021-08-10 12:17:07,192 [SCMBlockDeletingService#0] DEBUG block.SCMBlockDeletingService (SCMBlockDeletingService.java:call(133)) - Running DeletedBlockTransactionScanner
2021-08-10 12:17:07,292 [SCMBlockDeletingService#0] DEBUG block.SCMBlockDeletingService (SCMBlockDeletingService.java:call(133)) - Running DeletedBlockTransactionScanner
2021-08-10 12:17:07,392 [SCMBlockDeletingService#0] DEBUG block.SCMBlockDeletingService (SCMBlockDeletingService.java:call(133)) - Running DeletedBlockTransactionScanner
2021-08-10 12:17:07,492 [SCMBlockDeletingService#0] DEBUG block.SCMBlockDeletingService (SCMBlockDeletingService.java:call(133)) - Running DeletedBlockTransactionScanner
2021-08-10 12:17:07,592 [SCMBlockDeletingService#0] DEBUG block.SCMBlockDeletingService (SCMBlockDeletingService.java:call(133)) - Running DeletedBlockTransactionScanner
2021-08-10 12:17:07,692 [SCMBlockDeletingService#0] DEBUG block.SCMBlockDeletingService (SCMBlockDeletingService.java:call(133)) - Running DeletedBlockTransactionScanner
2021-08-10 12:17:07,793 [SCMBlockDeletingService#0] DEBUG block.SCMBlockDeletingService (SCMBlockDeletingService.java:call(133)) - Running DeletedBlockTransactionScanner
2021-08-10 12:17:07,893 [SCMBlockDeletingService#0] DEBUG block.SCMBlockDeletingService (SCMBlockDeletingService.java:call(133)) - Running DeletedBlockTransactionScanner
2021-08-10 12:17:07,993 [SCMBlockDeletingService#0] DEBUG block.SCMBlockDeletingService (SCMBlockDeletingService.java:call(133)) - Running DeletedBlockTransactionScanner
2021-08-10 12:17:08,095 [SCMBlockDeletingService#0] DEBUG block.SCMBlockDeletingService (SCMBlockDeletingService.java:call(133)) - Running DeletedBlockTransactionScanner
2021-08-10 12:17:08,195 [SCMBlockDeletingService#0] DEBUG block.SCMBlockDeletingService (SCMBlockDeletingService.java:call(133)) - Running DeletedBlockTransactionScanner
2021-08-10 12:17:08,295 [SCMBlockDeletingService#0] DEBUG block.SCMBlockDeletingService (SCMBlockDeletingService.java:call(133)) - Running DeletedBlockTransactionScanner
2021-08-10 12:17:08,395 [SCMBlockDeletingService#0] DEBUG block.SCMBlockDeletingService (SCMBlockDeletingService.java:call(133)) - Running DeletedBlockTransactionScanner
2021-08-10 12:17:08,496 [SCMBlockDeletingService#0] DEBUG block.SCMBlockDeletingService (SCMBlockDeletingService.java:call(133)) - Running DeletedBlockTransactionScanner
2021-08-10 12:17:08,596 [SCMBlockDeletingService#0] DEBUG block.SCMBlockDeletingService (SCMBlockDeletingService.java:call(133)) - Running DeletedBlockTransactionScanner
2021-08-10 12:17:08,696 [SCMBlockDeletingService#0] DEBUG block.SCMBlockDeletingService (SCMBlockDeletingService.java:call(133)) - Running DeletedBlockTransactionScanner
2021-08-10 12:17:08,739 [ForkJoinPool.commonPool-worker-1] INFO  ozoneimpl.OzoneContainer (OzoneContainer.java:stop(326)) - Attempting to stop container services.
2021-08-10 12:17:08,740 [ForkJoinPool.commonPool-worker-1] INFO  server.RaftServer (RaftServerProxy.java:lambda$close$6(391)) - 01235482-5c07-4b37-86e9-3192ec4df84f: close
2021-08-10 12:17:08,741 [ForkJoinPool.commonPool-worker-1] INFO  server.RaftServer$Division (RaftServerImpl.java:lambda$close$4(407)) - 01235482-5c07-4b37-86e9-3192ec4df84f@group-B7C6AD568D3C: shutdown
2021-08-10 12:17:08,741 [ForkJoinPool.commonPool-worker-1] INFO  util.JmxRegister (JmxRegister.java:unregister(73)) - Successfully un-registered JMX Bean with object name Ratis:service=RaftServer,group=group-B7C6AD568D3C,id=01235482-5c07-4b37-86e9-3192ec4df84f
2021-08-10 12:17:08,741 [ForkJoinPool.commonPool-worker-1] INFO  impl.RoleInfo (RoleInfo.java:shutdownFollowerState(108)) - 01235482-5c07-4b37-86e9-3192ec4df84f: shutdown 01235482-5c07-4b37-86e9-3192ec4df84f@group-B7C6AD568D3C-FollowerState
2021-08-10 12:17:08,741 [ForkJoinPool.commonPool-worker-1] INFO  impl.StateMachineUpdater (StateMachineUpdater.java:stopAndJoin(149)) - 01235482-5c07-4b37-86e9-3192ec4df84f@group-B7C6AD568D3C-StateMachineUpdater: set stopIndex = 867
2021-08-10 12:17:08,741 [01235482-5c07-4b37-86e9-3192ec4df84f@group-B7C6AD568D3C-FollowerState] INFO  impl.FollowerState (FollowerState.java:run(143)) - 01235482-5c07-4b37-86e9-3192ec4df84f@group-B7C6AD568D3C-FollowerState was interrupted: {}
java.lang.InterruptedException: sleep interrupted
	at java.lang.Thread.sleep(Native Method)
	at java.lang.Thread.sleep(Thread.java:340)
	at java.util.concurrent.TimeUnit.sleep(TimeUnit.java:386)
	at org.apache.ratis.util.TimeDuration.sleep(TimeDuration.java:324)
	at org.apache.ratis.util.TimeDuration.sleep(TimeDuration.java:309)
	at org.apache.ratis.server.impl.FollowerState.run(FollowerState.java:118)
2021-08-10 12:17:08,741 [01235482-5c07-4b37-86e9-3192ec4df84f@group-B7C6AD568D3C-StateMachineUpdater] INFO  ratis.ContainerStateMachine (ContainerStateMachine.java:takeSnapshot(291)) - group-B7C6AD568D3C: Taking a snapshot at:(t:1, i:867) file /home/runner/work/ozone/ozone/hadoop-ozone/integration-test/target/test-dir/MiniOzoneClusterImpl-75f1614f-1661-444a-a475-726e833f1db0/datanode-2/data/ratis/65bf7f16-7800-4a00-a76d-b7c6ad568d3c/sm/snapshot.1_867
2021-08-10 12:17:08,751 [01235482-5c07-4b37-86e9-3192ec4df84f@group-B7C6AD568D3C-StateMachineUpdater] INFO  ratis.ContainerStateMachine (ContainerStateMachine.java:takeSnapshot(302)) - group-B7C6AD568D3C: Finished taking a snapshot at:(t:1, i:867) file:/home/runner/work/ozone/ozone/hadoop-ozone/integration-test/target/test-dir/MiniOzoneClusterImpl-75f1614f-1661-444a-a475-726e833f1db0/datanode-2/data/ratis/65bf7f16-7800-4a00-a76d-b7c6ad568d3c/sm/snapshot.1_867 took: 10 ms
2021-08-10 12:17:08,751 [01235482-5c07-4b37-86e9-3192ec4df84f@group-B7C6AD568D3C-StateMachineUpdater] INFO  impl.StateMachineUpdater (StateMachineUpdater.java:takeSnapshot(281)) - 01235482-5c07-4b37-86e9-3192ec4df84f@group-B7C6AD568D3C-StateMachineUpdater: Took a snapshot at index 867
2021-08-10 12:17:08,751 [01235482-5c07-4b37-86e9-3192ec4df84f@group-B7C6AD568D3C-StateMachineUpdater] INFO  impl.StateMachineUpdater (StateMachineUpdater.java:lambda$new$0(89)) - 01235482-5c07-4b37-86e9-3192ec4df84f@group-B7C6AD568D3C-StateMachineUpdater: snapshotIndex: updateIncreasingly -1 -> 867
2021-08-10 12:17:08,751 [ForkJoinPool.commonPool-worker-1] INFO  server.RaftServer$Division (ServerState.java:close(419)) - 01235482-5c07-4b37-86e9-3192ec4df84f@group-B7C6AD568D3C: closes. applyIndex: 867
2021-08-10 12:17:08,751 [01235482-5c07-4b37-86e9-3192ec4df84f@group-B7C6AD568D3C-SegmentedRaftLogWorker] INFO  segmented.SegmentedRaftLogWorker (SegmentedRaftLogWorker.java:run(327)) - 01235482-5c07-4b37-86e9-3192ec4df84f@group-B7C6AD568D3C-SegmentedRaftLogWorker was interrupted, exiting. There are 0 tasks remaining in the queue.
2021-08-10 12:17:08,752 [ForkJoinPool.commonPool-worker-1] INFO  segmented.SegmentedRaftLogWorker (SegmentedRaftLogWorker.java:close(237)) - 01235482-5c07-4b37-86e9-3192ec4df84f@group-B7C6AD568D3C-SegmentedRaftLogWorker close()
2021-08-10 12:17:08,753 [ForkJoinPool.commonPool-worker-1] INFO  server.GrpcService (GrpcService.java:closeImpl(262)) - 01235482-5c07-4b37-86e9-3192ec4df84f: shutdown server with port 40019 now
2021-08-10 12:17:08,753 [ForkJoinPool.commonPool-worker-1] INFO  server.GrpcService (GrpcService.java:closeImpl(271)) - 01235482-5c07-4b37-86e9-3192ec4df84f: shutdown server with port 40019 successfully
2021-08-10 12:17:08,753 [org.apache.ratis.util.JvmPauseMonitor$$Lambda$531/1624044696@5220f3f1] INFO  util.JvmPauseMonitor (JvmPauseMonitor.java:run(109)) - JvmPauseMonitor-01235482-5c07-4b37-86e9-3192ec4df84f: Stopped
2021-08-10 12:17:08,770 [ForkJoinPool.commonPool-worker-1] INFO  utils.BackgroundService (BackgroundService.java:shutdown(132)) - Shutting down service BlockDeletingService
2021-08-10 12:17:08,796 [SCMBlockDeletingService#0] DEBUG block.SCMBlockDeletingService (SCMBlockDeletingService.java:call(133)) - Running DeletedBlockTransactionScanner
2021-08-10 12:17:08,896 [SCMBlockDeletingService#0] DEBUG block.SCMBlockDeletingService (SCMBlockDeletingService.java:call(133)) - Running DeletedBlockTransactionScanner
2021-08-10 12:17:08,996 [SCMBlockDeletingService#0] DEBUG block.SCMBlockDeletingService (SCMBlockDeletingService.java:call(133)) - Running DeletedBlockTransactionScanner
2021-08-10 12:17:09,096 [SCMBlockDeletingService#0] DEBUG block.SCMBlockDeletingService (SCMBlockDeletingService.java:call(133)) - Running DeletedBlockTransactionScanner
2021-08-10 12:17:09,196 [SCMBlockDeletingService#0] DEBUG block.SCMBlockDeletingService (SCMBlockDeletingService.java:call(133)) - Running DeletedBlockTransactionScanner
2021-08-10 12:17:09,296 [SCMBlockDeletingService#0] DEBUG block.SCMBlockDeletingService (SCMBlockDeletingService.java:call(133)) - Running DeletedBlockTransactionScanner
2021-08-10 12:17:09,396 [SCMBlockDeletingService#0] DEBUG block.SCMBlockDeletingService (SCMBlockDeletingService.java:call(133)) - Running DeletedBlockTransactionScanner
2021-08-10 12:17:09,496 [SCMBlockDeletingService#0] DEBUG block.SCMBlockDeletingService (SCMBlockDeletingService.java:call(133)) - Running DeletedBlockTransactionScanner
2021-08-10 12:17:09,596 [SCMBlockDeletingService#0] DEBUG block.SCMBlockDeletingService (SCMBlockDeletingService.java:call(133)) - Running DeletedBlockTransactionScanner
2021-08-10 12:17:09,696 [SCMBlockDeletingService#0] DEBUG block.SCMBlockDeletingService (SCMBlockDeletingService.java:call(133)) - Running DeletedBlockTransactionScanner
2021-08-10 12:17:09,796 [SCMBlockDeletingService#0] DEBUG block.SCMBlockDeletingService (SCMBlockDeletingService.java:call(133)) - Running DeletedBlockTransactionScanner
2021-08-10 12:17:09,897 [SCMBlockDeletingService#0] DEBUG block.SCMBlockDeletingService (SCMBlockDeletingService.java:call(133)) - Running DeletedBlockTransactionScanner
2021-08-10 12:17:09,997 [SCMBlockDeletingService#0] DEBUG block.SCMBlockDeletingService (SCMBlockDeletingService.java:call(133)) - Running DeletedBlockTransactionScanner
2021-08-10 12:17:10,097 [SCMBlockDeletingService#0] DEBUG block.SCMBlockDeletingService (SCMBlockDeletingService.java:call(133)) - Running DeletedBlockTransactionScanner
2021-08-10 12:17:10,197 [SCMBlockDeletingService#0] DEBUG block.SCMBlockDeletingService (SCMBlockDeletingService.java:call(133)) - Running DeletedBlockTransactionScanner
2021-08-10 12:17:10,299 [SCMBlockDeletingService#0] DEBUG block.SCMBlockDeletingService (SCMBlockDeletingService.java:call(133)) - Running DeletedBlockTransactionScanner
2021-08-10 12:17:10,399 [SCMBlockDeletingService#0] DEBUG block.SCMBlockDeletingService (SCMBlockDeletingService.java:call(133)) - Running DeletedBlockTransactionScanner
2021-08-10 12:17:10,499 [SCMBlockDeletingService#0] DEBUG block.SCMBlockDeletingService (SCMBlockDeletingService.java:call(133)) - Running DeletedBlockTransactionScanner
2021-08-10 12:17:10,600 [SCMBlockDeletingService#0] DEBUG block.SCMBlockDeletingService (SCMBlockDeletingService.java:call(133)) - Running DeletedBlockTransactionScanner
2021-08-10 12:17:10,700 [SCMBlockDeletingService#0] DEBUG block.SCMBlockDeletingService (SCMBlockDeletingService.java:call(133)) - Running DeletedBlockTransactionScanner
2021-08-10 12:17:10,800 [SCMBlockDeletingService#0] DEBUG block.SCMBlockDeletingService (SCMBlockDeletingService.java:call(133)) - Running DeletedBlockTransactionScanner
2021-08-10 12:17:10,900 [SCMBlockDeletingService#0] DEBUG block.SCMBlockDeletingService (SCMBlockDeletingService.java:call(133)) - Running DeletedBlockTransactionScanner
2021-08-10 12:17:11,000 [SCMBlockDeletingService#0] DEBUG block.SCMBlockDeletingService (SCMBlockDeletingService.java:call(133)) - Running DeletedBlockTransactionScanner
2021-08-10 12:17:11,100 [SCMBlockDeletingService#0] DEBUG block.SCMBlockDeletingService (SCMBlockDeletingService.java:call(133)) - Running DeletedBlockTransactionScanner
2021-08-10 12:17:11,200 [SCMBlockDeletingService#0] DEBUG block.SCMBlockDeletingService (SCMBlockDeletingService.java:call(133)) - Running DeletedBlockTransactionScanner
2021-08-10 12:17:11,300 [SCMBlockDeletingService#0] DEBUG block.SCMBlockDeletingService (SCMBlockDeletingService.java:call(133)) - Running DeletedBlockTransactionScanner
2021-08-10 12:17:11,400 [SCMBlockDeletingService#0] DEBUG block.SCMBlockDeletingService (SCMBlockDeletingService.java:call(133)) - Running DeletedBlockTransactionScanner
2021-08-10 12:17:11,500 [SCMBlockDeletingService#0] DEBUG block.SCMBlockDeletingService (SCMBlockDeletingService.java:call(133)) - Running DeletedBlockTransactionScanner
2021-08-10 12:17:11,600 [SCMBlockDeletingService#0] DEBUG block.SCMBlockDeletingService (SCMBlockDeletingService.java:call(133)) - Running DeletedBlockTransactionScanner
2021-08-10 12:17:11,701 [SCMBlockDeletingService#0] DEBUG block.SCMBlockDeletingService (SCMBlockDeletingService.java:call(133)) - Running DeletedBlockTransactionScanner
2021-08-10 12:17:11,784 [ForkJoinPool.commonPool-worker-1] INFO  statemachine.DatanodeStateMachine (DatanodeStateMachine.java:stopDaemon(515)) - Ozone container server stopped.
2021-08-10 12:17:11,787 [ForkJoinPool.commonPool-worker-1] INFO  handler.ContextHandler (ContextHandler.java:doStop(1153)) - Stopped o.e.j.w.WebAppContext@6a279d9e{hddsDatanode,/,null,STOPPED}{jar:file:/home/runner/.m2/repository/org/apache/ozone/hdds-container-service/1.2.0-SNAPSHOT/hdds-container-service-1.2.0-SNAPSHOT.jar!/webapps/hddsDatanode}
2021-08-10 12:17:11,801 [SCMBlockDeletingService#0] DEBUG block.SCMBlockDeletingService (SCMBlockDeletingService.java:call(133)) - Running DeletedBlockTransactionScanner
2021-08-10 12:17:11,803 [ForkJoinPool.commonPool-worker-1] INFO  server.AbstractConnector (AbstractConnector.java:doStop(381)) - Stopped ServerConnector@4bd97e7e{HTTP/1.1, (http/1.1)}{0.0.0.0:0}
2021-08-10 12:17:11,803 [ForkJoinPool.commonPool-worker-1] INFO  server.session (HouseKeeper.java:stopScavenging(149)) - node0 Stopped scavenging
2021-08-10 12:17:11,803 [ForkJoinPool.commonPool-worker-1] INFO  handler.ContextHandler (ContextHandler.java:doStop(1153)) - Stopped o.e.j.s.ServletContextHandler@71886642{static,/static,jar:file:/home/runner/.m2/repository/org/apache/ozone/hdds-container-service/1.2.0-SNAPSHOT/hdds-container-service-1.2.0-SNAPSHOT.jar!/webapps/static,STOPPED}
2021-08-10 12:17:11,804 [ForkJoinPool.commonPool-worker-1] INFO  handler.ContextHandler (ContextHandler.java:doStop(1153)) - Stopped o.e.j.s.ServletContextHandler@e10be0b{logs,/logs,file:///home/runner/work/ozone/ozone/hadoop-ozone/integration-test/target/log,STOPPED}
2021-08-10 12:17:11,805 [Listener at 127.0.0.1/43569] INFO  ozone.MiniOzoneClusterImpl (MiniOzoneClusterImpl.java:stopSCM(542)) - Stopping the StorageContainerManager
2021-08-10 12:17:11,805 [Listener at 127.0.0.1/43569] INFO  server.StorageContainerManager (StorageContainerManager.java:stop(1338)) - Stopping Replication Manager Service.
2021-08-10 12:17:11,805 [Listener at 127.0.0.1/43569] INFO  container.ReplicationManager (ReplicationManager.java:stop(317)) - Stopping Replication Monitor Thread.
2021-08-10 12:17:11,805 [Listener at 127.0.0.1/43569] INFO  server.StorageContainerManager (StorageContainerManager.java:stop(1345)) - Stopping the Datanode Admin Monitor.
2021-08-10 12:17:11,805 [Listener at 127.0.0.1/43569] INFO  server.StorageContainerManager (StorageContainerManager.java:stop(1352)) - Stopping Lease Manager of the command watchers
2021-08-10 12:17:11,805 [Listener at 127.0.0.1/43569] INFO  server.StorageContainerManager (StorageContainerManager.java:stop(1359)) - Stopping datanode service RPC server
2021-08-10 12:17:11,806 [Listener at 127.0.0.1/43569] INFO  server.SCMDatanodeProtocolServer (SCMDatanodeProtocolServer.java:stop(389)) - Stopping the RPC server for DataNodes
2021-08-10 12:17:11,806 [Listener at 127.0.0.1/43569] INFO  ipc.Server (Server.java:stop(3414)) - Stopping server on 35463
2021-08-10 12:17:11,821 [IPC Server Responder] INFO  ipc.Server (Server.java:run(1512)) - Stopping IPC Server Responder
2021-08-10 12:17:11,821 [IPC Server listener on 0] INFO  ipc.Server (Server.java:run(1376)) - Stopping IPC Server listener on 0
2021-08-10 12:17:11,890 [SCM Heartbeat Processing Thread - 0] WARN  node.NodeStateManager (NodeStateManager.java:scheduleNextHealthCheck(799)) - Current Thread is interrupted, shutting down HB processing thread for Node Manager.
2021-08-10 12:17:11,891 [Listener at 127.0.0.1/43569] INFO  server.StorageContainerManager (StorageContainerManager.java:stop(1367)) - Stopping block service RPC server
2021-08-10 12:17:11,891 [Listener at 127.0.0.1/43569] INFO  server.SCMBlockProtocolServer (SCMBlockProtocolServer.java:stop(160)) - Stopping the RPC server for Block Protocol
2021-08-10 12:17:11,891 [Listener at 127.0.0.1/43569] INFO  ipc.Server (Server.java:stop(3414)) - Stopping server on 43167
2021-08-10 12:17:11,899 [Listener at 127.0.0.1/43569] INFO  server.StorageContainerManager (StorageContainerManager.java:stop(1374)) - Stopping the StorageContainerLocationProtocol RPC server
2021-08-10 12:17:11,899 [Listener at 127.0.0.1/43569] INFO  server.SCMClientProtocolServer (SCMClientProtocolServer.java:stop(174)) - Stopping the RPC server for Client Protocol
2021-08-10 12:17:11,899 [Listener at 127.0.0.1/43569] INFO  ipc.Server (Server.java:stop(3414)) - Stopping server on 37371
2021-08-10 12:17:11,899 [IPC Server Responder] INFO  ipc.Server (Server.java:run(1512)) - Stopping IPC Server Responder
2021-08-10 12:17:11,900 [IPC Server listener on 0] INFO  ipc.Server (Server.java:run(1376)) - Stopping IPC Server listener on 0
2021-08-10 12:17:11,901 [SCMBlockDeletingService#0] DEBUG block.SCMBlockDeletingService (SCMBlockDeletingService.java:call(133)) - Running DeletedBlockTransactionScanner
2021-08-10 12:17:11,905 [IPC Server Responder] INFO  ipc.Server (Server.java:run(1512)) - Stopping IPC Server Responder
2021-08-10 12:17:11,905 [Listener at 127.0.0.1/43569] INFO  server.StorageContainerManager (StorageContainerManager.java:stop(1381)) - Stopping Storage Container Manager HTTP server.
2021-08-10 12:17:11,905 [IPC Server listener on 0] INFO  ipc.Server (Server.java:run(1376)) - Stopping IPC Server listener on 0
2021-08-10 12:17:11,905 [Listener at 127.0.0.1/43569] INFO  handler.ContextHandler (ContextHandler.java:doStop(1153)) - Stopped o.e.j.w.WebAppContext@2024f4b7{scm,/,null,STOPPED}{file:/home/runner/work/ozone/ozone/hadoop-ozone/integration-test/target/test-classes/webapps/scm}
2021-08-10 12:17:11,906 [Listener at 127.0.0.1/43569] INFO  server.AbstractConnector (AbstractConnector.java:doStop(381)) - Stopped ServerConnector@77530cf7{HTTP/1.1, (http/1.1)}{0.0.0.0:0}
2021-08-10 12:17:11,906 [Listener at 127.0.0.1/43569] INFO  server.session (HouseKeeper.java:stopScavenging(149)) - node0 Stopped scavenging
2021-08-10 12:17:11,906 [Listener at 127.0.0.1/43569] INFO  handler.ContextHandler (ContextHandler.java:doStop(1153)) - Stopped o.e.j.s.ServletContextHandler@2f9ec8ad{static,/static,file:///home/runner/work/ozone/ozone/hadoop-ozone/integration-test/target/test-classes/webapps/static,STOPPED}
2021-08-10 12:17:11,909 [Listener at 127.0.0.1/43569] INFO  handler.ContextHandler (ContextHandler.java:doStop(1153)) - Stopped o.e.j.s.ServletContextHandler@35f5a342{logs,/logs,file:///home/runner/work/ozone/ozone/hadoop-ozone/integration-test/target/log,STOPPED}
2021-08-10 12:17:11,924 [Listener at 127.0.0.1/43569] INFO  server.StorageContainerManager (StorageContainerManager.java:stop(1392)) - Stopping Block Manager Service.
2021-08-10 12:17:11,924 [Listener at 127.0.0.1/43569] INFO  utils.BackgroundService (BackgroundService.java:shutdown(132)) - Shutting down service SCMBlockDeletingService
2021-08-10 12:17:11,924 [Listener at 127.0.0.1/43569] INFO  utils.BackgroundService (BackgroundService.java:shutdown(132)) - Shutting down service SCMBlockDeletingService
2021-08-10 12:17:11,925 [Listener at 127.0.0.1/43569] INFO  server.StorageContainerManager (StorageContainerManager.java:stop(1419)) - Stopping SCM Event Queue.
2021-08-10 12:17:11,926 [Listener at 127.0.0.1/43569] INFO  server.StorageContainerManager (StorageContainerManager.java:stop(1430)) - Stopping SCM HA services.
2021-08-10 12:17:11,926 [Listener at 127.0.0.1/43569] INFO  pipeline.BackgroundPipelineCreator (BackgroundPipelineCreatorV2.java:stop(158)) - Stopping RatisPipelineUtilsThread.
2021-08-10 12:17:11,927 [Listener at 127.0.0.1/43569] INFO  server.StorageContainerManager (StorageContainerManager.java:stop(1440)) - Stopping SCM MetadataStore.
2021-08-10 12:17:11,928 [Listener at 127.0.0.1/43569] INFO  impl.MetricsSystemImpl (MetricsSystemImpl.java:stop(210)) - Stopping HddsDatanode metrics system...
2021-08-10 12:17:11,968 [prometheus] INFO  impl.MetricsSinkAdapter (MetricsSinkAdapter.java:publishMetricsFromQueue(141)) - prometheus thread interrupted.
2021-08-10 12:17:11,969 [Listener at 127.0.0.1/43569] INFO  impl.MetricsSystemImpl (MetricsSystemImpl.java:stop(216)) - HddsDatanode metrics system stopped.
]]></system-out>
  </testcase>
</testsuite>