<?xml version="1.0" encoding="UTF-8"?>
<testsuite xmlns:xsi="http://www.w3.org/2001/XMLSchema-instance" xsi:noNamespaceSchemaLocation="https://maven.apache.org/surefire/maven-surefire-plugin/xsd/surefire-test-report-3.0.xsd" version="3.0" name="org.apache.hadoop.hdds.scm.TestSCMInstallSnapshot" time="31.481" tests="2" errors="0" skipped="0" failures="1">
  <properties>
    <property name="awt.toolkit" value="sun.awt.X11.XToolkit"/>
    <property name="file.encoding.pkg" value="sun.io"/>
    <property name="java.specification.version" value="1.8"/>
    <property name="sun.cpu.isalist" value=""/>
    <property name="sun.jnu.encoding" value="UTF-8"/>
    <property name="java.class.path" value="/home/runner/work/ozone/ozone/hadoop-ozone/integration-test/target/test-classes:/home/runner/work/ozone/ozone/hadoop-ozone/integration-test/target/classes:/home/runner/.m2/repository/org/apache/ozone/ozone-common/1.4.0-SNAPSHOT/ozone-common-1.4.0-SNAPSHOT.jar:/home/runner/.m2/repository/io/grpc/grpc-netty/1.51.1/grpc-netty-1.51.1.jar:/home/runner/.m2/repository/io/grpc/grpc-core/1.51.1/grpc-core-1.51.1.jar:/home/runner/.m2/repository/com/google/android/annotations/4.1.1.4/annotations-4.1.1.4.jar:/home/runner/.m2/repository/org/codehaus/mojo/animal-sniffer-annotations/1.21/animal-sniffer-annotations-1.21.jar:/home/runner/.m2/repository/com/google/errorprone/error_prone_annotations/2.2.0/error_prone_annotations-2.2.0.jar:/home/runner/.m2/repository/io/perfmark/perfmark-api/0.25.0/perfmark-api-0.25.0.jar:/home/runner/.m2/repository/io/netty/netty-codec-http2/4.1.86.Final/netty-codec-http2-4.1.86.Final.jar:/home/runner/.m2/repository/io/netty/netty-common/4.1.86.Final/netty-common-4.1.86.Final.jar:/home/runner/.m2/repository/io/netty/netty-buffer/4.1.86.Final/netty-buffer-4.1.86.Final.jar:/home/runner/.m2/repository/io/netty/netty-codec-http/4.1.86.Final/netty-codec-http-4.1.86.Final.jar:/home/runner/.m2/repository/io/netty/netty-handler-proxy/4.1.86.Final/netty-handler-proxy-4.1.86.Final.jar:/home/runner/.m2/repository/io/netty/netty-codec-socks/4.1.86.Final/netty-codec-socks-4.1.86.Final.jar:/home/runner/.m2/repository/io/netty/netty-tcnative-boringssl-static/2.0.54.Final/netty-tcnative-boringssl-static-2.0.54.Final.jar:/home/runner/.m2/repository/io/netty/netty-tcnative-classes/2.0.54.Final/netty-tcnative-classes-2.0.54.Final.jar:/home/runner/.m2/repository/io/netty/netty-tcnative-boringssl-static/2.0.54.Final/netty-tcnative-boringssl-static-2.0.54.Final-linux-x86_64.jar:/home/runner/.m2/repository/io/netty/netty-tcnative-boringssl-static/2.0.54.Final/netty-tcnative-boringssl-static-2.0.54.Final-linux-aarch_64.jar:/home/runner/.m2/repository/io/netty/netty-tcnative-boringssl-static/2.0.54.Final/netty-tcnative-boringssl-static-2.0.54.Final-osx-x86_64.jar:/home/runner/.m2/repository/io/netty/netty-tcnative-boringssl-static/2.0.54.Final/netty-tcnative-boringssl-static-2.0.54.Final-osx-aarch_64.jar:/home/runner/.m2/repository/io/netty/netty-tcnative-boringssl-static/2.0.54.Final/netty-tcnative-boringssl-static-2.0.54.Final-windows-x86_64.jar:/home/runner/.m2/repository/org/apache/commons/commons-compress/1.21/commons-compress-1.21.jar:/home/runner/.m2/repository/org/apache/ozone/hdds-common/1.4.0-SNAPSHOT/hdds-common-1.4.0-SNAPSHOT.jar:/home/runner/.m2/repository/org/apache/ozone/hdds-client/1.4.0-SNAPSHOT/hdds-client-1.4.0-SNAPSHOT.jar:/home/runner/.m2/repository/org/apache/ozone/ozone-interface-client/1.4.0-SNAPSHOT/ozone-interface-client-1.4.0-SNAPSHOT.jar:/home/runner/.m2/repository/org/apache/hadoop/hadoop-hdfs-client/3.3.5/hadoop-hdfs-client-3.3.5.jar:/home/runner/.m2/repository/com/squareup/okhttp3/okhttp/4.9.3/okhttp-4.9.3.jar:/home/runner/.m2/repository/com/squareup/okio/okio/2.8.0/okio-2.8.0.jar:/home/runner/.m2/repository/org/jetbrains/kotlin/kotlin-stdlib-common/1.6.21/kotlin-stdlib-common-1.6.21.jar:/home/runner/.m2/repository/org/apache/ozone/hdds-test-utils/1.4.0-SNAPSHOT/hdds-test-utils-1.4.0-SNAPSHOT.jar:/home/runner/.m2/repository/com/google/guava/guava/31.1-jre/guava-31.1-jre.jar:/home/runner/.m2/repository/com/google/guava/failureaccess/1.0.1/failureaccess-1.0.1.jar:/home/runner/.m2/repository/com/google/guava/listenablefuture/9999.0-empty-to-avoid-conflict-with-guava/listenablefuture-9999.0-empty-to-avoid-conflict-with-guava.jar:/home/runner/.m2/repository/com/google/code/findbugs/jsr305/3.0.0/jsr305-3.0.0.jar:/home/runner/.m2/repository/org/checkerframework/checker-qual/3.12.0/checker-qual-3.12.0.jar:/home/runner/.m2/repository/com/google/j2objc/j2objc-annotations/1.3/j2objc-annotations-1.3.jar:/home/runner/.m2/repository/commons-io/commons-io/2.11.0/commons-io-2.11.0.jar:/home/runner/.m2/repository/commons-logging/commons-logging/1.2/commons-logging-1.2.jar:/home/runner/.m2/repository/ch/qos/reload4j/reload4j/1.2.22/reload4j-1.2.22.jar:/home/runner/.m2/repository/org/slf4j/slf4j-api/1.7.36/slf4j-api-1.7.36.jar:/home/runner/.m2/repository/org/apache/ozone/hdds-server-scm/1.4.0-SNAPSHOT/hdds-server-scm-1.4.0-SNAPSHOT.jar:/home/runner/.m2/repository/org/apache/ozone/hdds-container-service/1.4.0-SNAPSHOT/hdds-container-service-1.4.0-SNAPSHOT.jar:/home/runner/.m2/repository/org/apache/ozone/hdds-hadoop-dependency-server/1.4.0-SNAPSHOT/hdds-hadoop-dependency-server-1.4.0-SNAPSHOT.jar:/home/runner/.m2/repository/org/apache/hadoop/hadoop-hdfs/3.3.5/hadoop-hdfs-3.3.5.jar:/home/runner/.m2/repository/commons-daemon/commons-daemon/1.0.13/commons-daemon-1.0.13.jar:/home/runner/.m2/repository/org/apache/ozone/hdds-server-framework/1.4.0-SNAPSHOT/hdds-server-framework-1.4.0-SNAPSHOT.jar:/home/runner/.m2/repository/io/dropwizard/metrics/metrics-core/3.2.4/metrics-core-3.2.4.jar:/home/runner/.m2/repository/org/apache/commons/commons-text/1.4/commons-text-1.4.jar:/home/runner/.m2/repository/org/bouncycastle/bcprov-jdk15on/1.67/bcprov-jdk15on-1.67.jar:/home/runner/.m2/repository/com/google/protobuf/protobuf-java/2.5.0/protobuf-java-2.5.0.jar:/home/runner/.m2/repository/org/apache/ozone/hdds-server-framework/1.4.0-SNAPSHOT/hdds-server-framework-1.4.0-SNAPSHOT-tests.jar:/home/runner/.m2/repository/org/apache/ozone/hdds-interface-server/1.4.0-SNAPSHOT/hdds-interface-server-1.4.0-SNAPSHOT.jar:/home/runner/.m2/repository/org/apache/ozone/hdds-interface-admin/1.4.0-SNAPSHOT/hdds-interface-admin-1.4.0-SNAPSHOT.jar:/home/runner/.m2/repository/org/apache/ozone/hdds-managed-rocksdb/1.4.0-SNAPSHOT/hdds-managed-rocksdb-1.4.0-SNAPSHOT.jar:/home/runner/.m2/repository/org/rocksdb/rocksdbjni/7.7.3/rocksdbjni-7.7.3.jar:/home/runner/.m2/repository/org/slf4j/slf4j-reload4j/1.7.36/slf4j-reload4j-1.7.36.jar:/home/runner/.m2/repository/org/apache/commons/commons-configuration2/2.1.1/commons-configuration2-2.1.1.jar:/home/runner/.m2/repository/org/apache/logging/log4j/log4j-core/2.17.1/log4j-core-2.17.1.jar:/home/runner/.m2/repository/com/lmax/disruptor/3.4.2/disruptor-3.4.2.jar:/home/runner/.m2/repository/org/eclipse/jetty/jetty-util/9.4.51.v20230217/jetty-util-9.4.51.v20230217.jar:/home/runner/.m2/repository/org/eclipse/jetty/jetty-server/9.4.51.v20230217/jetty-server-9.4.51.v20230217.jar:/home/runner/.m2/repository/org/eclipse/jetty/jetty-http/9.4.51.v20230217/jetty-http-9.4.51.v20230217.jar:/home/runner/.m2/repository/org/eclipse/jetty/jetty-io/9.4.51.v20230217/jetty-io-9.4.51.v20230217.jar:/home/runner/.m2/repository/org/eclipse/jetty/jetty-servlet/9.4.51.v20230217/jetty-servlet-9.4.51.v20230217.jar:/home/runner/.m2/repository/org/eclipse/jetty/jetty-security/9.4.51.v20230217/jetty-security-9.4.51.v20230217.jar:/home/runner/.m2/repository/org/eclipse/jetty/jetty-util-ajax/9.4.51.v20230217/jetty-util-ajax-9.4.51.v20230217.jar:/home/runner/.m2/repository/org/eclipse/jetty/jetty-webapp/9.4.51.v20230217/jetty-webapp-9.4.51.v20230217.jar:/home/runner/.m2/repository/org/eclipse/jetty/jetty-xml/9.4.51.v20230217/jetty-xml-9.4.51.v20230217.jar:/home/runner/.m2/repository/org/apache/ratis/ratis-server/2.5.1/ratis-server-2.5.1.jar:/home/runner/.m2/repository/org/apache/ratis/ratis-thirdparty-misc/1.0.4/ratis-thirdparty-misc-1.0.4.jar:/home/runner/.m2/repository/org/apache/ratis/ratis-proto/2.5.1/ratis-proto-2.5.1.jar:/home/runner/.m2/repository/org/apache/ratis/ratis-common/2.5.1/ratis-common-2.5.1.jar:/home/runner/.m2/repository/org/apache/ratis/ratis-client/2.5.1/ratis-client-2.5.1.jar:/home/runner/.m2/repository/org/apache/ratis/ratis-server-api/2.5.1/ratis-server-api-2.5.1.jar:/home/runner/.m2/repository/org/apache/ratis/ratis-metrics/2.5.1/ratis-metrics-2.5.1.jar:/home/runner/.m2/repository/io/prometheus/simpleclient_dropwizard/0.7.0/simpleclient_dropwizard-0.7.0.jar:/home/runner/.m2/repository/io/prometheus/simpleclient/0.7.0/simpleclient-0.7.0.jar:/home/runner/.m2/repository/io/prometheus/simpleclient_common/0.7.0/simpleclient_common-0.7.0.jar:/home/runner/.m2/repository/com/fasterxml/jackson/datatype/jackson-datatype-jsr310/2.13.4/jackson-datatype-jsr310-2.13.4.jar:/home/runner/.m2/repository/com/fasterxml/jackson/core/jackson-core/2.13.4/jackson-core-2.13.4.jar:/home/runner/.m2/repository/com/github/spotbugs/spotbugs-annotations/3.1.12/spotbugs-annotations-3.1.12.jar:/home/runner/.m2/repository/org/apache/ozone/rocksdb-checkpoint-differ/1.4.0-SNAPSHOT/rocksdb-checkpoint-differ-1.4.0-SNAPSHOT.jar:/home/runner/.m2/repository/org/awaitility/awaitility/4.2.0/awaitility-4.2.0.jar:/home/runner/.m2/repository/org/hamcrest/hamcrest/2.1/hamcrest-2.1.jar:/home/runner/.m2/repository/org/apache/ozone/ozone-manager/1.4.0-SNAPSHOT/ozone-manager-1.4.0-SNAPSHOT.jar:/home/runner/.m2/repository/org/aspectj/aspectjrt/1.9.7/aspectjrt-1.9.7.jar:/home/runner/.m2/repository/org/aspectj/aspectjweaver/1.9.7/aspectjweaver-1.9.7.jar:/home/runner/.m2/repository/org/apache/ozone/hdds-interface-client/1.4.0-SNAPSHOT/hdds-interface-client-1.4.0-SNAPSHOT.jar:/home/runner/.m2/repository/org/apache/hadoop/thirdparty/hadoop-shaded-protobuf_3_7/1.1.1/hadoop-shaded-protobuf_3_7-1.1.1.jar:/home/runner/.m2/repository/org/apache/ozone/ozone-interface-storage/1.4.0-SNAPSHOT/ozone-interface-storage-1.4.0-SNAPSHOT.jar:/home/runner/.m2/repository/org/reflections/reflections/0.9.11/reflections-0.9.11.jar:/home/runner/.m2/repository/com/sun/jersey/jersey-client/1.19/jersey-client-1.19.jar:/home/runner/.m2/repository/org/codehaus/jackson/jackson-core-asl/1.9.13/jackson-core-asl-1.9.13.jar:/home/runner/.m2/repository/org/codehaus/jackson/jackson-mapper-asl/1.9.13/jackson-mapper-asl-1.9.13.jar:/home/runner/.m2/repository/org/codehaus/jackson/jackson-jaxrs/1.9.13/jackson-jaxrs-1.9.13.jar:/home/runner/.m2/repository/org/apache/ranger/ranger-intg/2.3.0/ranger-intg-2.3.0.jar:/home/runner/.m2/repository/org/apache/ranger/ranger-plugins-common/2.3.0/ranger-plugins-common-2.3.0.jar:/home/runner/.m2/repository/commons-lang/commons-lang/2.6/commons-lang-2.6.jar:/home/runner/.m2/repository/org/apache/ranger/ranger-plugins-cred/2.3.0/ranger-plugins-cred-2.3.0.jar:/home/runner/.m2/repository/org/apache/ranger/ranger-plugins-audit/2.3.0/ranger-plugins-audit-2.3.0.jar:/home/runner/.m2/repository/org/eclipse/jetty/jetty-client/9.4.51.v20230217/jetty-client-9.4.51.v20230217.jar:/home/runner/.m2/repository/org/apache/httpcomponents/httpmime/4.5.6/httpmime-4.5.6.jar:/home/runner/.m2/repository/org/apache/httpcomponents/httpcore-nio/4.4.13/httpcore-nio-4.4.13.jar:/home/runner/.m2/repository/org/apache/httpcomponents/httpasyncclient/4.1.3/httpasyncclient-4.1.3.jar:/home/runner/.m2/repository/com/carrotsearch/hppc/0.8.0/hppc-0.8.0.jar:/home/runner/.m2/repository/org/apache/orc/orc-core/1.5.8/orc-core-1.5.8.jar:/home/runner/.m2/repository/net/java/dev/jna/jna/5.2.0/jna-5.2.0.jar:/home/runner/.m2/repository/net/java/dev/jna/jna-platform/5.2.0/jna-platform-5.2.0.jar:/home/runner/.m2/repository/com/kstruct/gethostname4j/0.0.2/gethostname4j-0.0.2.jar:/home/runner/.m2/repository/org/apache/ranger/ranger-plugin-classloader/2.3.0/ranger-plugin-classloader-2.3.0.jar:/home/runner/.m2/repository/org/apache/ozone/hdds-rocks-native/1.4.0-SNAPSHOT/hdds-rocks-native-1.4.0-SNAPSHOT.jar:/home/runner/.m2/repository/org/apache/hadoop/hadoop-minikdc/3.3.5/hadoop-minikdc-3.3.5.jar:/home/runner/.m2/repository/org/apache/kerby/kerb-simplekdc/1.0.1/kerb-simplekdc-1.0.1.jar:/home/runner/.m2/repository/org/apache/kerby/kerb-client/1.0.1/kerb-client-1.0.1.jar:/home/runner/.m2/repository/org/apache/kerby/kerby-config/1.0.1/kerby-config-1.0.1.jar:/home/runner/.m2/repository/org/apache/kerby/kerb-common/1.0.1/kerb-common-1.0.1.jar:/home/runner/.m2/repository/org/apache/kerby/kerb-crypto/1.0.1/kerb-crypto-1.0.1.jar:/home/runner/.m2/repository/org/apache/kerby/kerb-util/1.0.1/kerb-util-1.0.1.jar:/home/runner/.m2/repository/org/apache/kerby/token-provider/1.0.1/token-provider-1.0.1.jar:/home/runner/.m2/repository/org/apache/kerby/kerb-admin/1.0.1/kerb-admin-1.0.1.jar:/home/runner/.m2/repository/org/apache/kerby/kerb-server/1.0.1/kerb-server-1.0.1.jar:/home/runner/.m2/repository/org/apache/kerby/kerb-identity/1.0.1/kerb-identity-1.0.1.jar:/home/runner/.m2/repository/org/apache/kerby/kerby-xdr/1.0.1/kerby-xdr-1.0.1.jar:/home/runner/.m2/repository/org/apache/ozone/ozone-s3gateway/1.4.0-SNAPSHOT/ozone-s3gateway-1.4.0-SNAPSHOT.jar:/home/runner/.m2/repository/org/javassist/javassist/3.21.0-GA/javassist-3.21.0-GA.jar:/home/runner/.m2/repository/org/jboss/weld/servlet/weld-servlet-shaded/3.1.9.Final/weld-servlet-shaded-3.1.9.Final.jar:/home/runner/.m2/repository/org/glassfish/jersey/containers/jersey-container-servlet-core/2.34/jersey-container-servlet-core-2.34.jar:/home/runner/.m2/repository/org/glassfish/hk2/external/jakarta.inject/2.6.1/jakarta.inject-2.6.1.jar:/home/runner/.m2/repository/org/glassfish/jersey/core/jersey-common/2.34/jersey-common-2.34.jar:/home/runner/.m2/repository/jakarta/ws/rs/jakarta.ws.rs-api/2.1.6/jakarta.ws.rs-api-2.1.6.jar:/home/runner/.m2/repository/org/glassfish/jersey/ext/cdi/jersey-cdi1x/2.34/jersey-cdi1x-2.34.jar:/home/runner/.m2/repository/org/glassfish/jersey/inject/jersey-hk2/2.34/jersey-hk2-2.34.jar:/home/runner/.m2/repository/org/glassfish/hk2/hk2-locator/2.6.1/hk2-locator-2.6.1.jar:/home/runner/.m2/repository/org/glassfish/jersey/media/jersey-media-jaxb/2.34/jersey-media-jaxb-2.34.jar:/home/runner/.m2/repository/org/glassfish/hk2/osgi-resource-locator/1.0.3/osgi-resource-locator-1.0.3.jar:/home/runner/.m2/repository/org/glassfish/hk2/hk2-api/2.5.0/hk2-api-2.5.0.jar:/home/runner/.m2/repository/org/glassfish/hk2/hk2-utils/2.5.0/hk2-utils-2.5.0.jar:/home/runner/.m2/repository/org/glassfish/hk2/external/aopalliance-repackaged/2.5.0/aopalliance-repackaged-2.5.0.jar:/home/runner/.m2/repository/com/fasterxml/jackson/dataformat/jackson-dataformat-xml/2.13.4/jackson-dataformat-xml-2.13.4.jar:/home/runner/.m2/repository/org/codehaus/woodstox/stax2-api/4.2.1/stax2-api-4.2.1.jar:/home/runner/.m2/repository/com/fasterxml/woodstox/woodstox-core/5.4.0/woodstox-core-5.4.0.jar:/home/runner/.m2/repository/com/fasterxml/jackson/module/jackson-module-jaxb-annotations/2.13.4/jackson-module-jaxb-annotations-2.13.4.jar:/home/runner/.m2/repository/jakarta/xml/bind/jakarta.xml.bind-api/2.3.3/jakarta.xml.bind-api-2.3.3.jar:/home/runner/.m2/repository/jakarta/activation/jakarta.activation-api/1.2.2/jakarta.activation-api-1.2.2.jar:/home/runner/.m2/repository/javax/enterprise/cdi-api/2.0/cdi-api-2.0.jar:/home/runner/.m2/repository/javax/el/javax.el-api/3.0.0/javax.el-api-3.0.0.jar:/home/runner/.m2/repository/javax/interceptor/javax.interceptor-api/1.2/javax.interceptor-api-1.2.jar:/home/runner/.m2/repository/javax/inject/javax.inject/1/javax.inject-1.jar:/home/runner/.m2/repository/javax/xml/bind/jaxb-api/2.3.0/jaxb-api-2.3.0.jar:/home/runner/.m2/repository/org/glassfish/jaxb/jaxb-runtime/2.3.0.1/jaxb-runtime-2.3.0.1.jar:/home/runner/.m2/repository/org/glassfish/jaxb/jaxb-core/2.3.0.1/jaxb-core-2.3.0.1.jar:/home/runner/.m2/repository/org/glassfish/jaxb/txw2/2.3.0.1/txw2-2.3.0.1.jar:/home/runner/.m2/repository/com/sun/istack/istack-commons-runtime/3.0.5/istack-commons-runtime-3.0.5.jar:/home/runner/.m2/repository/org/jvnet/staxex/stax-ex/1.7.8/stax-ex-1.7.8.jar:/home/runner/.m2/repository/com/sun/xml/fastinfoset/FastInfoset/1.2.13/FastInfoset-1.2.13.jar:/home/runner/.m2/repository/javax/activation/activation/1.1.1/activation-1.1.1.jar:/home/runner/.m2/repository/io/grpc/grpc-protobuf/1.51.1/grpc-protobuf-1.51.1.jar:/home/runner/.m2/repository/com/google/api/grpc/proto-google-common-protos/2.9.0/proto-google-common-protos-2.9.0.jar:/home/runner/.m2/repository/io/grpc/grpc-protobuf-lite/1.51.1/grpc-protobuf-lite-1.51.1.jar:/home/runner/.m2/repository/io/grpc/grpc-stub/1.51.1/grpc-stub-1.51.1.jar:/home/runner/.m2/repository/io/netty/netty-transport/4.1.86.Final/netty-transport-4.1.86.Final.jar:/home/runner/.m2/repository/io/netty/netty-resolver/4.1.86.Final/netty-resolver-4.1.86.Final.jar:/home/runner/.m2/repository/org/apache/ozone/ozone-csi/1.4.0-SNAPSHOT/ozone-csi-1.4.0-SNAPSHOT.jar:/home/runner/.m2/repository/com/google/protobuf/protobuf-java-util/3.19.6/protobuf-java-util-3.19.6.jar:/home/runner/.m2/repository/com/google/code/gson/gson/2.9.0/gson-2.9.0.jar:/home/runner/.m2/repository/org/apache/ozone/hdds-config/1.4.0-SNAPSHOT/hdds-config-1.4.0-SNAPSHOT.jar:/home/runner/.m2/repository/io/netty/netty-transport-native-epoll/4.1.86.Final/netty-transport-native-epoll-4.1.86.Final-linux-x86_64.jar:/home/runner/.m2/repository/io/netty/netty-transport-classes-epoll/4.1.86.Final/netty-transport-classes-epoll-4.1.86.Final.jar:/home/runner/.m2/repository/io/netty/netty-transport-native-unix-common/4.1.86.Final/netty-transport-native-unix-common-4.1.86.Final.jar:/home/runner/.m2/repository/org/apache/ozone/ozone-recon/1.4.0-SNAPSHOT/ozone-recon-1.4.0-SNAPSHOT.jar:/home/runner/.m2/repository/org/apache/ozone/ozone-reconcodegen/1.4.0-SNAPSHOT/ozone-reconcodegen-1.4.0-SNAPSHOT.jar:/home/runner/.m2/repository/com/google/inject/guice/5.1.0/guice-5.1.0.jar:/home/runner/.m2/repository/aopalliance/aopalliance/1.0/aopalliance-1.0.jar:/home/runner/.m2/repository/com/google/inject/extensions/guice-assistedinject/5.1.0/guice-assistedinject-5.1.0.jar:/home/runner/.m2/repository/com/google/inject/extensions/guice-servlet/5.1.0/guice-servlet-5.1.0.jar:/home/runner/.m2/repository/org/glassfish/jersey/containers/jersey-container-servlet/2.34/jersey-container-servlet-2.34.jar:/home/runner/.m2/repository/org/glassfish/hk2/guice-bridge/2.5.0/guice-bridge-2.5.0.jar:/home/runner/.m2/repository/org/glassfish/jersey/core/jersey-server/2.34/jersey-server-2.34.jar:/home/runner/.m2/repository/org/glassfish/jersey/core/jersey-client/2.34/jersey-client-2.34.jar:/home/runner/.m2/repository/jakarta/annotation/jakarta.annotation-api/1.3.5/jakarta.annotation-api-1.3.5.jar:/home/runner/.m2/repository/jakarta/validation/jakarta.validation-api/2.0.2/jakarta.validation-api-2.0.2.jar:/home/runner/.m2/repository/org/glassfish/jersey/media/jersey-media-json-jackson/2.34/jersey-media-json-jackson-2.34.jar:/home/runner/.m2/repository/org/glassfish/jersey/ext/jersey-entity-filtering/2.34/jersey-entity-filtering-2.34.jar:/home/runner/.m2/repository/org/jooq/jooq/3.11.10/jooq-3.11.10.jar:/home/runner/.m2/repository/org/jooq/jooq-meta/3.11.10/jooq-meta-3.11.10.jar:/home/runner/.m2/repository/org/jooq/jooq-codegen/3.11.10/jooq-codegen-3.11.10.jar:/home/runner/.m2/repository/com/jolbox/bonecp/0.8.0.RELEASE/bonecp-0.8.0.RELEASE.jar:/home/runner/.m2/repository/org/apache/derby/derby/10.14.2.0/derby-10.14.2.0.jar:/home/runner/.m2/repository/org/xerial/sqlite-jdbc/3.41.2.2/sqlite-jdbc-3.41.2.2.jar:/home/runner/.m2/repository/org/springframework/spring-jdbc/5.3.27/spring-jdbc-5.3.27.jar:/home/runner/.m2/repository/org/springframework/spring-beans/5.3.27/spring-beans-5.3.27.jar:/home/runner/.m2/repository/org/springframework/spring-core/5.3.27/spring-core-5.3.27.jar:/home/runner/.m2/repository/org/springframework/spring-tx/5.3.27/spring-tx-5.3.27.jar:/home/runner/.m2/repository/org/apache/ozone/ozone-client/1.4.0-SNAPSHOT/ozone-client-1.4.0-SNAPSHOT.jar:/home/runner/.m2/repository/org/apache/ozone/hdds-erasurecode/1.4.0-SNAPSHOT/hdds-erasurecode-1.4.0-SNAPSHOT.jar:/home/runner/.m2/repository/org/apache/ozone/ozone-filesystem/1.4.0-SNAPSHOT/ozone-filesystem-1.4.0-SNAPSHOT.jar:/home/runner/.m2/repository/org/apache/ozone/ozone-filesystem-common/1.4.0-SNAPSHOT/ozone-filesystem-common-1.4.0-SNAPSHOT.jar:/home/runner/.m2/repository/org/apache/ozone/ozone-tools/1.4.0-SNAPSHOT/ozone-tools-1.4.0-SNAPSHOT.jar:/home/runner/.m2/repository/com/amazonaws/aws-java-sdk-core/1.12.261/aws-java-sdk-core-1.12.261.jar:/home/runner/.m2/repository/org/apache/httpcomponents/httpclient/4.5.13/httpclient-4.5.13.jar:/home/runner/.m2/repository/org/apache/httpcomponents/httpcore/4.4.13/httpcore-4.4.13.jar:/home/runner/.m2/repository/software/amazon/ion/ion-java/1.0.2/ion-java-1.0.2.jar:/home/runner/.m2/repository/com/fasterxml/jackson/dataformat/jackson-dataformat-cbor/2.13.4/jackson-dataformat-cbor-2.13.4.jar:/home/runner/.m2/repository/joda-time/joda-time/2.10.6/joda-time-2.10.6.jar:/home/runner/.m2/repository/com/amazonaws/aws-java-sdk-s3/1.12.261/aws-java-sdk-s3-1.12.261.jar:/home/runner/.m2/repository/com/amazonaws/aws-java-sdk-kms/1.12.261/aws-java-sdk-kms-1.12.261.jar:/home/runner/.m2/repository/com/amazonaws/jmespath-java/1.12.261/jmespath-java-1.12.261.jar:/home/runner/.m2/repository/org/kohsuke/metainf-services/metainf-services/1.8/metainf-services-1.8.jar:/home/runner/.m2/repository/org/apache/ozone/hdds-tools/1.4.0-SNAPSHOT/hdds-tools-1.4.0-SNAPSHOT.jar:/home/runner/.m2/repository/org/apache/ratis/ratis-tools/2.5.1/ratis-tools-2.5.1.jar:/home/runner/.m2/repository/commons-cli/commons-cli/1.2/commons-cli-1.2.jar:/home/runner/.m2/repository/org/apache/commons/commons-lang3/3.7/commons-lang3-3.7.jar:/home/runner/.m2/repository/org/apache/ozone/ozone-manager/1.4.0-SNAPSHOT/ozone-manager-1.4.0-SNAPSHOT-tests.jar:/home/runner/.m2/repository/org/apache/ozone/hdds-common/1.4.0-SNAPSHOT/hdds-common-1.4.0-SNAPSHOT-tests.jar:/home/runner/.m2/repository/org/apache/ozone/hdds-hadoop-dependency-client/1.4.0-SNAPSHOT/hdds-hadoop-dependency-client-1.4.0-SNAPSHOT.jar:/home/runner/.m2/repository/info/picocli/picocli/4.6.1/picocli-4.6.1.jar:/home/runner/.m2/repository/com/fasterxml/jackson/core/jackson-annotations/2.13.4/jackson-annotations-2.13.4.jar:/home/runner/.m2/repository/org/apache/ozone/hdds-annotation-processing/1.4.0-SNAPSHOT/hdds-annotation-processing-1.4.0-SNAPSHOT.jar:/home/runner/.m2/repository/javax/annotation/javax.annotation-api/1.2/javax.annotation-api-1.2.jar:/home/runner/.m2/repository/org/apache/ratis/ratis-netty/2.5.1/ratis-netty-2.5.1.jar:/home/runner/.m2/repository/org/apache/ratis/ratis-grpc/2.5.1/ratis-grpc-2.5.1.jar:/home/runner/.m2/repository/org/apache/logging/log4j/log4j-api/2.17.1/log4j-api-2.17.1.jar:/home/runner/.m2/repository/org/apache/commons/commons-pool2/2.6.0/commons-pool2-2.6.0.jar:/home/runner/.m2/repository/org/bouncycastle/bcpkix-jdk15on/1.67/bcpkix-jdk15on-1.67.jar:/home/runner/.m2/repository/commons-validator/commons-validator/1.6/commons-validator-1.6.jar:/home/runner/.m2/repository/commons-beanutils/commons-beanutils/1.9.4/commons-beanutils-1.9.4.jar:/home/runner/.m2/repository/commons-digester/commons-digester/1.8.1/commons-digester-1.8.1.jar:/home/runner/.m2/repository/commons-collections/commons-collections/3.2.2/commons-collections-3.2.2.jar:/home/runner/.m2/repository/io/jaegertracing/jaeger-client/1.6.0/jaeger-client-1.6.0.jar:/home/runner/.m2/repository/io/jaegertracing/jaeger-thrift/1.6.0/jaeger-thrift-1.6.0.jar:/home/runner/.m2/repository/org/apache/thrift/libthrift/0.14.1/libthrift-0.14.1.jar:/home/runner/.m2/repository/io/jaegertracing/jaeger-core/1.6.0/jaeger-core-1.6.0.jar:/home/runner/.m2/repository/io/jaegertracing/jaeger-tracerresolver/1.6.0/jaeger-tracerresolver-1.6.0.jar:/home/runner/.m2/repository/io/opentracing/contrib/opentracing-tracerresolver/0.1.8/opentracing-tracerresolver-0.1.8.jar:/home/runner/.m2/repository/org/jetbrains/kotlin/kotlin-stdlib/1.6.21/kotlin-stdlib-1.6.21.jar:/home/runner/.m2/repository/org/jetbrains/annotations/13.0/annotations-13.0.jar:/home/runner/.m2/repository/io/opentracing/opentracing-util/0.33.0/opentracing-util-0.33.0.jar:/home/runner/.m2/repository/io/opentracing/opentracing-api/0.33.0/opentracing-api-0.33.0.jar:/home/runner/.m2/repository/io/opentracing/opentracing-noop/0.33.0/opentracing-noop-0.33.0.jar:/home/runner/.m2/repository/org/yaml/snakeyaml/2.0/snakeyaml-2.0.jar:/home/runner/.m2/repository/io/grpc/grpc-api/1.51.1/grpc-api-1.51.1.jar:/home/runner/.m2/repository/io/grpc/grpc-context/1.51.1/grpc-context-1.51.1.jar:/home/runner/.m2/repository/junit/junit/4.13.1/junit-4.13.1.jar:/home/runner/.m2/repository/org/hamcrest/hamcrest-core/1.3/hamcrest-core-1.3.jar:/home/runner/.m2/repository/org/junit/jupiter/junit-jupiter-api/5.8.2/junit-jupiter-api-5.8.2.jar:/home/runner/.m2/repository/org/opentest4j/opentest4j/1.2.0/opentest4j-1.2.0.jar:/home/runner/.m2/repository/org/junit/platform/junit-platform-commons/1.8.2/junit-platform-commons-1.8.2.jar:/home/runner/.m2/repository/org/apiguardian/apiguardian-api/1.1.2/apiguardian-api-1.1.2.jar:/home/runner/.m2/repository/org/junit/jupiter/junit-jupiter-params/5.8.2/junit-jupiter-params-5.8.2.jar:/home/runner/.m2/repository/org/junit/jupiter/junit-jupiter-migrationsupport/5.8.2/junit-jupiter-migrationsupport-5.8.2.jar:/home/runner/.m2/repository/org/junit/jupiter/junit-jupiter-engine/5.8.2/junit-jupiter-engine-5.8.2.jar:/home/runner/.m2/repository/org/junit/platform/junit-platform-engine/1.8.2/junit-platform-engine-1.8.2.jar:/home/runner/.m2/repository/org/junit/vintage/junit-vintage-engine/5.8.2/junit-vintage-engine-5.8.2.jar:/home/runner/.m2/repository/org/junit/platform/junit-platform-launcher/1.8.2/junit-platform-launcher-1.8.2.jar:/home/runner/.m2/repository/org/mockito/mockito-core/2.28.2/mockito-core-2.28.2.jar:/home/runner/.m2/repository/net/bytebuddy/byte-buddy/1.9.10/byte-buddy-1.9.10.jar:/home/runner/.m2/repository/net/bytebuddy/byte-buddy-agent/1.9.10/byte-buddy-agent-1.9.10.jar:/home/runner/.m2/repository/org/objenesis/objenesis/1.0/objenesis-1.0.jar:/home/runner/.m2/repository/org/apache/hadoop/hadoop-kms/3.3.5/hadoop-kms-3.3.5.jar:/home/runner/.m2/repository/org/apache/hadoop/hadoop-auth/3.3.5/hadoop-auth-3.3.5.jar:/home/runner/.m2/repository/com/nimbusds/nimbus-jose-jwt/9.8.1/nimbus-jose-jwt-9.8.1.jar:/home/runner/.m2/repository/com/github/stephenc/jcip/jcip-annotations/1.0-1/jcip-annotations-1.0-1.jar:/home/runner/.m2/repository/net/minidev/json-smart/2.4.7/json-smart-2.4.7.jar:/home/runner/.m2/repository/net/minidev/accessors-smart/2.4.7/accessors-smart-2.4.7.jar:/home/runner/.m2/repository/org/ow2/asm/asm/5.0.4/asm-5.0.4.jar:/home/runner/.m2/repository/org/apache/zookeeper/zookeeper/3.5.6/zookeeper-3.5.6.jar:/home/runner/.m2/repository/org/apache/zookeeper/zookeeper-jute/3.5.6/zookeeper-jute-3.5.6.jar:/home/runner/.m2/repository/org/apache/yetus/audience-annotations/0.5.0/audience-annotations-0.5.0.jar:/home/runner/.m2/repository/org/apache/curator/curator-framework/4.2.0/curator-framework-4.2.0.jar:/home/runner/.m2/repository/org/apache/hadoop/thirdparty/hadoop-shaded-guava/1.1.1/hadoop-shaded-guava-1.1.1.jar:/home/runner/.m2/repository/com/sun/jersey/jersey-core/1.19/jersey-core-1.19.jar:/home/runner/.m2/repository/javax/ws/rs/jsr311-api/1.1.1/jsr311-api-1.1.1.jar:/home/runner/.m2/repository/com/sun/jersey/jersey-server/1.19/jersey-server-1.19.jar:/home/runner/.m2/repository/javax/servlet/javax.servlet-api/3.1.0/javax.servlet-api-3.1.0.jar:/home/runner/.m2/repository/org/apache/hadoop/hadoop-common/3.3.5/hadoop-common-3.3.5.jar:/home/runner/.m2/repository/org/apache/commons/commons-math3/3.1.1/commons-math3-3.1.1.jar:/home/runner/.m2/repository/commons-net/commons-net/3.9.0/commons-net-3.9.0.jar:/home/runner/.m2/repository/com/sun/jersey/jersey-servlet/1.19/jersey-servlet-1.19.jar:/home/runner/.m2/repository/com/github/pjfanning/jersey-json/1.20/jersey-json-1.20.jar:/home/runner/.m2/repository/org/codehaus/jettison/jettison/1.1/jettison-1.1.jar:/home/runner/.m2/repository/com/sun/xml/bind/jaxb-impl/2.2.3-1/jaxb-impl-2.2.3-1.jar:/home/runner/.m2/repository/com/google/re2j/re2j/1.1/re2j-1.1.jar:/home/runner/.m2/repository/com/jcraft/jsch/0.1.54/jsch-0.1.54.jar:/home/runner/.m2/repository/org/apache/curator/curator-client/4.2.0/curator-client-4.2.0.jar:/home/runner/.m2/repository/org/apache/curator/curator-recipes/4.2.0/curator-recipes-4.2.0.jar:/home/runner/.m2/repository/org/apache/kerby/kerb-core/1.0.1/kerb-core-1.0.1.jar:/home/runner/.m2/repository/org/apache/kerby/kerby-pkix/1.0.1/kerby-pkix-1.0.1.jar:/home/runner/.m2/repository/org/apache/kerby/kerby-asn1/1.0.1/kerby-asn1-1.0.1.jar:/home/runner/.m2/repository/org/apache/kerby/kerby-util/1.0.1/kerby-util-1.0.1.jar:/home/runner/.m2/repository/dnsjava/dnsjava/2.1.7/dnsjava-2.1.7.jar:/home/runner/.m2/repository/org/xerial/snappy/snappy-java/1.1.8.2/snappy-java-1.1.8.2.jar:/home/runner/.m2/repository/com/fasterxml/jackson/core/jackson-databind/2.13.4.2/jackson-databind-2.13.4.2.jar:/home/runner/.m2/repository/org/apache/hadoop/hadoop-kms/3.3.5/hadoop-kms-3.3.5-tests.jar:/home/runner/.m2/repository/org/apache/ozone/hdds-server-scm/1.4.0-SNAPSHOT/hdds-server-scm-1.4.0-SNAPSHOT-tests.jar:/home/runner/.m2/repository/org/apache/ozone/hdds-container-service/1.4.0-SNAPSHOT/hdds-container-service-1.4.0-SNAPSHOT-tests.jar:/home/runner/.m2/repository/com/github/luben/zstd-jni/1.5.2-5/zstd-jni-1.5.2-5.jar:/home/runner/.m2/repository/commons-codec/commons-codec/1.15/commons-codec-1.15.jar:/home/runner/.m2/repository/io/netty/netty-codec/4.1.86.Final/netty-codec-4.1.86.Final.jar:/home/runner/.m2/repository/io/netty/netty-handler/4.1.86.Final/netty-handler-4.1.86.Final.jar:/home/runner/.m2/repository/org/apache/ozone/hdds-hadoop-dependency-test/1.4.0-SNAPSHOT/hdds-hadoop-dependency-test-1.4.0-SNAPSHOT.jar:/home/runner/.m2/repository/org/apache/hadoop/hadoop-common/3.3.5/hadoop-common-3.3.5-tests.jar:/home/runner/.m2/repository/org/apache/hadoop/hadoop-hdfs/3.3.5/hadoop-hdfs-3.3.5-tests.jar:/home/runner/.m2/repository/org/assertj/assertj-core/3.12.2/assertj-core-3.12.2.jar:/home/runner/.m2/repository/org/apache/hadoop/hadoop-distcp/3.3.5/hadoop-distcp-3.3.5.jar:/home/runner/.m2/repository/org/apache/hadoop/hadoop-mapreduce-client-jobclient/3.3.5/hadoop-mapreduce-client-jobclient-3.3.5.jar:/home/runner/.m2/repository/org/apache/hadoop/hadoop-mapreduce-client-common/3.3.5/hadoop-mapreduce-client-common-3.3.5.jar:/home/runner/.m2/repository/org/apache/hadoop/hadoop-yarn-common/3.3.5/hadoop-yarn-common-3.3.5.jar:/home/runner/.m2/repository/org/apache/hadoop/hadoop-yarn-api/3.3.5/hadoop-yarn-api-3.3.5.jar:/home/runner/.m2/repository/com/sun/jersey/contribs/jersey-guice/1.19/jersey-guice-1.19.jar:/home/runner/.m2/repository/com/fasterxml/jackson/jaxrs/jackson-jaxrs-json-provider/2.13.4/jackson-jaxrs-json-provider-2.13.4.jar:/home/runner/.m2/repository/com/fasterxml/jackson/jaxrs/jackson-jaxrs-base/2.13.4/jackson-jaxrs-base-2.13.4.jar:/home/runner/.m2/repository/org/apache/hadoop/hadoop-yarn-client/3.3.5/hadoop-yarn-client-3.3.5.jar:/home/runner/.m2/repository/org/eclipse/jetty/websocket/websocket-client/9.4.48.v20220622/websocket-client-9.4.48.v20220622.jar:/home/runner/.m2/repository/org/eclipse/jetty/websocket/websocket-common/9.4.48.v20220622/websocket-common-9.4.48.v20220622.jar:/home/runner/.m2/repository/org/eclipse/jetty/websocket/websocket-api/9.4.48.v20220622/websocket-api-9.4.48.v20220622.jar:/home/runner/.m2/repository/org/jline/jline/3.9.0/jline-3.9.0.jar:/home/runner/.m2/repository/org/apache/hadoop/hadoop-mapreduce-client-core/3.3.5/hadoop-mapreduce-client-core-3.3.5.jar:/home/runner/.m2/repository/org/apache/avro/avro/1.7.7/avro-1.7.7.jar:/home/runner/.m2/repository/com/thoughtworks/paranamer/paranamer/2.3/paranamer-2.3.jar:/home/runner/.m2/repository/org/apache/hadoop/hadoop-annotations/3.3.5/hadoop-annotations-3.3.5.jar:/usr/lib/jvm/temurin-8-jdk-amd64/jre/../lib/tools.jar:/home/runner/.m2/repository/io/netty/netty/3.10.6.Final/netty-3.10.6.Final.jar:/home/runner/.m2/repository/org/apache/hadoop/hadoop-distcp/3.3.5/hadoop-distcp-3.3.5-tests.jar:/home/runner/.m2/repository/org/slf4j/jul-to-slf4j/1.7.36/jul-to-slf4j-1.7.36.jar:"/>
    <property name="java.vm.vendor" value="Temurin"/>
    <property name="sun.arch.data.model" value="64"/>
    <property name="test.build.dir" value="/home/runner/work/ozone/ozone/hadoop-ozone/integration-test/target/test-dir"/>
    <property name="test.cache.data" value=""/>
    <property name="java.vendor.url" value="https://adoptium.net/"/>
    <property name="user.timezone" value="Etc/UTC"/>
    <property name="java.vm.specification.version" value="1.8"/>
    <property name="os.name" value="Linux"/>
    <property name="test.build.data" value="/home/runner/work/ozone/ozone/hadoop-ozone/integration-test/target/test-dir"/>
    <property name="sun.java.launcher" value="SUN_STANDARD"/>
    <property name="sun.boot.library.path" value="/usr/lib/jvm/temurin-8-jdk-amd64/jre/lib/amd64"/>
    <property name="sun.java.command" value="/home/runner/work/ozone/ozone/hadoop-ozone/integration-test/target/surefire/surefirebooter6467416900838917859.jar /home/runner/work/ozone/ozone/hadoop-ozone/integration-test/target/surefire 2023-06-07T15-23-50_609-jvmRun1 surefire8390184962590028870tmp surefire_44941547461664660250tmp"/>
    <property name="surefire.test.class.path" value="/home/runner/work/ozone/ozone/hadoop-ozone/integration-test/target/test-classes:/home/runner/work/ozone/ozone/hadoop-ozone/integration-test/target/classes:/home/runner/.m2/repository/org/apache/ozone/ozone-common/1.4.0-SNAPSHOT/ozone-common-1.4.0-SNAPSHOT.jar:/home/runner/.m2/repository/io/grpc/grpc-netty/1.51.1/grpc-netty-1.51.1.jar:/home/runner/.m2/repository/io/grpc/grpc-core/1.51.1/grpc-core-1.51.1.jar:/home/runner/.m2/repository/com/google/android/annotations/4.1.1.4/annotations-4.1.1.4.jar:/home/runner/.m2/repository/org/codehaus/mojo/animal-sniffer-annotations/1.21/animal-sniffer-annotations-1.21.jar:/home/runner/.m2/repository/com/google/errorprone/error_prone_annotations/2.2.0/error_prone_annotations-2.2.0.jar:/home/runner/.m2/repository/io/perfmark/perfmark-api/0.25.0/perfmark-api-0.25.0.jar:/home/runner/.m2/repository/io/netty/netty-codec-http2/4.1.86.Final/netty-codec-http2-4.1.86.Final.jar:/home/runner/.m2/repository/io/netty/netty-common/4.1.86.Final/netty-common-4.1.86.Final.jar:/home/runner/.m2/repository/io/netty/netty-buffer/4.1.86.Final/netty-buffer-4.1.86.Final.jar:/home/runner/.m2/repository/io/netty/netty-codec-http/4.1.86.Final/netty-codec-http-4.1.86.Final.jar:/home/runner/.m2/repository/io/netty/netty-handler-proxy/4.1.86.Final/netty-handler-proxy-4.1.86.Final.jar:/home/runner/.m2/repository/io/netty/netty-codec-socks/4.1.86.Final/netty-codec-socks-4.1.86.Final.jar:/home/runner/.m2/repository/io/netty/netty-tcnative-boringssl-static/2.0.54.Final/netty-tcnative-boringssl-static-2.0.54.Final.jar:/home/runner/.m2/repository/io/netty/netty-tcnative-classes/2.0.54.Final/netty-tcnative-classes-2.0.54.Final.jar:/home/runner/.m2/repository/io/netty/netty-tcnative-boringssl-static/2.0.54.Final/netty-tcnative-boringssl-static-2.0.54.Final-linux-x86_64.jar:/home/runner/.m2/repository/io/netty/netty-tcnative-boringssl-static/2.0.54.Final/netty-tcnative-boringssl-static-2.0.54.Final-linux-aarch_64.jar:/home/runner/.m2/repository/io/netty/netty-tcnative-boringssl-static/2.0.54.Final/netty-tcnative-boringssl-static-2.0.54.Final-osx-x86_64.jar:/home/runner/.m2/repository/io/netty/netty-tcnative-boringssl-static/2.0.54.Final/netty-tcnative-boringssl-static-2.0.54.Final-osx-aarch_64.jar:/home/runner/.m2/repository/io/netty/netty-tcnative-boringssl-static/2.0.54.Final/netty-tcnative-boringssl-static-2.0.54.Final-windows-x86_64.jar:/home/runner/.m2/repository/org/apache/commons/commons-compress/1.21/commons-compress-1.21.jar:/home/runner/.m2/repository/org/apache/ozone/hdds-common/1.4.0-SNAPSHOT/hdds-common-1.4.0-SNAPSHOT.jar:/home/runner/.m2/repository/org/apache/ozone/hdds-client/1.4.0-SNAPSHOT/hdds-client-1.4.0-SNAPSHOT.jar:/home/runner/.m2/repository/org/apache/ozone/ozone-interface-client/1.4.0-SNAPSHOT/ozone-interface-client-1.4.0-SNAPSHOT.jar:/home/runner/.m2/repository/org/apache/hadoop/hadoop-hdfs-client/3.3.5/hadoop-hdfs-client-3.3.5.jar:/home/runner/.m2/repository/com/squareup/okhttp3/okhttp/4.9.3/okhttp-4.9.3.jar:/home/runner/.m2/repository/com/squareup/okio/okio/2.8.0/okio-2.8.0.jar:/home/runner/.m2/repository/org/jetbrains/kotlin/kotlin-stdlib-common/1.6.21/kotlin-stdlib-common-1.6.21.jar:/home/runner/.m2/repository/org/apache/ozone/hdds-test-utils/1.4.0-SNAPSHOT/hdds-test-utils-1.4.0-SNAPSHOT.jar:/home/runner/.m2/repository/com/google/guava/guava/31.1-jre/guava-31.1-jre.jar:/home/runner/.m2/repository/com/google/guava/failureaccess/1.0.1/failureaccess-1.0.1.jar:/home/runner/.m2/repository/com/google/guava/listenablefuture/9999.0-empty-to-avoid-conflict-with-guava/listenablefuture-9999.0-empty-to-avoid-conflict-with-guava.jar:/home/runner/.m2/repository/com/google/code/findbugs/jsr305/3.0.0/jsr305-3.0.0.jar:/home/runner/.m2/repository/org/checkerframework/checker-qual/3.12.0/checker-qual-3.12.0.jar:/home/runner/.m2/repository/com/google/j2objc/j2objc-annotations/1.3/j2objc-annotations-1.3.jar:/home/runner/.m2/repository/commons-io/commons-io/2.11.0/commons-io-2.11.0.jar:/home/runner/.m2/repository/commons-logging/commons-logging/1.2/commons-logging-1.2.jar:/home/runner/.m2/repository/ch/qos/reload4j/reload4j/1.2.22/reload4j-1.2.22.jar:/home/runner/.m2/repository/org/slf4j/slf4j-api/1.7.36/slf4j-api-1.7.36.jar:/home/runner/.m2/repository/org/apache/ozone/hdds-server-scm/1.4.0-SNAPSHOT/hdds-server-scm-1.4.0-SNAPSHOT.jar:/home/runner/.m2/repository/org/apache/ozone/hdds-container-service/1.4.0-SNAPSHOT/hdds-container-service-1.4.0-SNAPSHOT.jar:/home/runner/.m2/repository/org/apache/ozone/hdds-hadoop-dependency-server/1.4.0-SNAPSHOT/hdds-hadoop-dependency-server-1.4.0-SNAPSHOT.jar:/home/runner/.m2/repository/org/apache/hadoop/hadoop-hdfs/3.3.5/hadoop-hdfs-3.3.5.jar:/home/runner/.m2/repository/commons-daemon/commons-daemon/1.0.13/commons-daemon-1.0.13.jar:/home/runner/.m2/repository/org/apache/ozone/hdds-server-framework/1.4.0-SNAPSHOT/hdds-server-framework-1.4.0-SNAPSHOT.jar:/home/runner/.m2/repository/io/dropwizard/metrics/metrics-core/3.2.4/metrics-core-3.2.4.jar:/home/runner/.m2/repository/org/apache/commons/commons-text/1.4/commons-text-1.4.jar:/home/runner/.m2/repository/org/bouncycastle/bcprov-jdk15on/1.67/bcprov-jdk15on-1.67.jar:/home/runner/.m2/repository/com/google/protobuf/protobuf-java/2.5.0/protobuf-java-2.5.0.jar:/home/runner/.m2/repository/org/apache/ozone/hdds-server-framework/1.4.0-SNAPSHOT/hdds-server-framework-1.4.0-SNAPSHOT-tests.jar:/home/runner/.m2/repository/org/apache/ozone/hdds-interface-server/1.4.0-SNAPSHOT/hdds-interface-server-1.4.0-SNAPSHOT.jar:/home/runner/.m2/repository/org/apache/ozone/hdds-interface-admin/1.4.0-SNAPSHOT/hdds-interface-admin-1.4.0-SNAPSHOT.jar:/home/runner/.m2/repository/org/apache/ozone/hdds-managed-rocksdb/1.4.0-SNAPSHOT/hdds-managed-rocksdb-1.4.0-SNAPSHOT.jar:/home/runner/.m2/repository/org/rocksdb/rocksdbjni/7.7.3/rocksdbjni-7.7.3.jar:/home/runner/.m2/repository/org/slf4j/slf4j-reload4j/1.7.36/slf4j-reload4j-1.7.36.jar:/home/runner/.m2/repository/org/apache/commons/commons-configuration2/2.1.1/commons-configuration2-2.1.1.jar:/home/runner/.m2/repository/org/apache/logging/log4j/log4j-core/2.17.1/log4j-core-2.17.1.jar:/home/runner/.m2/repository/com/lmax/disruptor/3.4.2/disruptor-3.4.2.jar:/home/runner/.m2/repository/org/eclipse/jetty/jetty-util/9.4.51.v20230217/jetty-util-9.4.51.v20230217.jar:/home/runner/.m2/repository/org/eclipse/jetty/jetty-server/9.4.51.v20230217/jetty-server-9.4.51.v20230217.jar:/home/runner/.m2/repository/org/eclipse/jetty/jetty-http/9.4.51.v20230217/jetty-http-9.4.51.v20230217.jar:/home/runner/.m2/repository/org/eclipse/jetty/jetty-io/9.4.51.v20230217/jetty-io-9.4.51.v20230217.jar:/home/runner/.m2/repository/org/eclipse/jetty/jetty-servlet/9.4.51.v20230217/jetty-servlet-9.4.51.v20230217.jar:/home/runner/.m2/repository/org/eclipse/jetty/jetty-security/9.4.51.v20230217/jetty-security-9.4.51.v20230217.jar:/home/runner/.m2/repository/org/eclipse/jetty/jetty-util-ajax/9.4.51.v20230217/jetty-util-ajax-9.4.51.v20230217.jar:/home/runner/.m2/repository/org/eclipse/jetty/jetty-webapp/9.4.51.v20230217/jetty-webapp-9.4.51.v20230217.jar:/home/runner/.m2/repository/org/eclipse/jetty/jetty-xml/9.4.51.v20230217/jetty-xml-9.4.51.v20230217.jar:/home/runner/.m2/repository/org/apache/ratis/ratis-server/2.5.1/ratis-server-2.5.1.jar:/home/runner/.m2/repository/org/apache/ratis/ratis-thirdparty-misc/1.0.4/ratis-thirdparty-misc-1.0.4.jar:/home/runner/.m2/repository/org/apache/ratis/ratis-proto/2.5.1/ratis-proto-2.5.1.jar:/home/runner/.m2/repository/org/apache/ratis/ratis-common/2.5.1/ratis-common-2.5.1.jar:/home/runner/.m2/repository/org/apache/ratis/ratis-client/2.5.1/ratis-client-2.5.1.jar:/home/runner/.m2/repository/org/apache/ratis/ratis-server-api/2.5.1/ratis-server-api-2.5.1.jar:/home/runner/.m2/repository/org/apache/ratis/ratis-metrics/2.5.1/ratis-metrics-2.5.1.jar:/home/runner/.m2/repository/io/prometheus/simpleclient_dropwizard/0.7.0/simpleclient_dropwizard-0.7.0.jar:/home/runner/.m2/repository/io/prometheus/simpleclient/0.7.0/simpleclient-0.7.0.jar:/home/runner/.m2/repository/io/prometheus/simpleclient_common/0.7.0/simpleclient_common-0.7.0.jar:/home/runner/.m2/repository/com/fasterxml/jackson/datatype/jackson-datatype-jsr310/2.13.4/jackson-datatype-jsr310-2.13.4.jar:/home/runner/.m2/repository/com/fasterxml/jackson/core/jackson-core/2.13.4/jackson-core-2.13.4.jar:/home/runner/.m2/repository/com/github/spotbugs/spotbugs-annotations/3.1.12/spotbugs-annotations-3.1.12.jar:/home/runner/.m2/repository/org/apache/ozone/rocksdb-checkpoint-differ/1.4.0-SNAPSHOT/rocksdb-checkpoint-differ-1.4.0-SNAPSHOT.jar:/home/runner/.m2/repository/org/awaitility/awaitility/4.2.0/awaitility-4.2.0.jar:/home/runner/.m2/repository/org/hamcrest/hamcrest/2.1/hamcrest-2.1.jar:/home/runner/.m2/repository/org/apache/ozone/ozone-manager/1.4.0-SNAPSHOT/ozone-manager-1.4.0-SNAPSHOT.jar:/home/runner/.m2/repository/org/aspectj/aspectjrt/1.9.7/aspectjrt-1.9.7.jar:/home/runner/.m2/repository/org/aspectj/aspectjweaver/1.9.7/aspectjweaver-1.9.7.jar:/home/runner/.m2/repository/org/apache/ozone/hdds-interface-client/1.4.0-SNAPSHOT/hdds-interface-client-1.4.0-SNAPSHOT.jar:/home/runner/.m2/repository/org/apache/hadoop/thirdparty/hadoop-shaded-protobuf_3_7/1.1.1/hadoop-shaded-protobuf_3_7-1.1.1.jar:/home/runner/.m2/repository/org/apache/ozone/ozone-interface-storage/1.4.0-SNAPSHOT/ozone-interface-storage-1.4.0-SNAPSHOT.jar:/home/runner/.m2/repository/org/reflections/reflections/0.9.11/reflections-0.9.11.jar:/home/runner/.m2/repository/com/sun/jersey/jersey-client/1.19/jersey-client-1.19.jar:/home/runner/.m2/repository/org/codehaus/jackson/jackson-core-asl/1.9.13/jackson-core-asl-1.9.13.jar:/home/runner/.m2/repository/org/codehaus/jackson/jackson-mapper-asl/1.9.13/jackson-mapper-asl-1.9.13.jar:/home/runner/.m2/repository/org/codehaus/jackson/jackson-jaxrs/1.9.13/jackson-jaxrs-1.9.13.jar:/home/runner/.m2/repository/org/apache/ranger/ranger-intg/2.3.0/ranger-intg-2.3.0.jar:/home/runner/.m2/repository/org/apache/ranger/ranger-plugins-common/2.3.0/ranger-plugins-common-2.3.0.jar:/home/runner/.m2/repository/commons-lang/commons-lang/2.6/commons-lang-2.6.jar:/home/runner/.m2/repository/org/apache/ranger/ranger-plugins-cred/2.3.0/ranger-plugins-cred-2.3.0.jar:/home/runner/.m2/repository/org/apache/ranger/ranger-plugins-audit/2.3.0/ranger-plugins-audit-2.3.0.jar:/home/runner/.m2/repository/org/eclipse/jetty/jetty-client/9.4.51.v20230217/jetty-client-9.4.51.v20230217.jar:/home/runner/.m2/repository/org/apache/httpcomponents/httpmime/4.5.6/httpmime-4.5.6.jar:/home/runner/.m2/repository/org/apache/httpcomponents/httpcore-nio/4.4.13/httpcore-nio-4.4.13.jar:/home/runner/.m2/repository/org/apache/httpcomponents/httpasyncclient/4.1.3/httpasyncclient-4.1.3.jar:/home/runner/.m2/repository/com/carrotsearch/hppc/0.8.0/hppc-0.8.0.jar:/home/runner/.m2/repository/org/apache/orc/orc-core/1.5.8/orc-core-1.5.8.jar:/home/runner/.m2/repository/net/java/dev/jna/jna/5.2.0/jna-5.2.0.jar:/home/runner/.m2/repository/net/java/dev/jna/jna-platform/5.2.0/jna-platform-5.2.0.jar:/home/runner/.m2/repository/com/kstruct/gethostname4j/0.0.2/gethostname4j-0.0.2.jar:/home/runner/.m2/repository/org/apache/ranger/ranger-plugin-classloader/2.3.0/ranger-plugin-classloader-2.3.0.jar:/home/runner/.m2/repository/org/apache/ozone/hdds-rocks-native/1.4.0-SNAPSHOT/hdds-rocks-native-1.4.0-SNAPSHOT.jar:/home/runner/.m2/repository/org/apache/hadoop/hadoop-minikdc/3.3.5/hadoop-minikdc-3.3.5.jar:/home/runner/.m2/repository/org/apache/kerby/kerb-simplekdc/1.0.1/kerb-simplekdc-1.0.1.jar:/home/runner/.m2/repository/org/apache/kerby/kerb-client/1.0.1/kerb-client-1.0.1.jar:/home/runner/.m2/repository/org/apache/kerby/kerby-config/1.0.1/kerby-config-1.0.1.jar:/home/runner/.m2/repository/org/apache/kerby/kerb-common/1.0.1/kerb-common-1.0.1.jar:/home/runner/.m2/repository/org/apache/kerby/kerb-crypto/1.0.1/kerb-crypto-1.0.1.jar:/home/runner/.m2/repository/org/apache/kerby/kerb-util/1.0.1/kerb-util-1.0.1.jar:/home/runner/.m2/repository/org/apache/kerby/token-provider/1.0.1/token-provider-1.0.1.jar:/home/runner/.m2/repository/org/apache/kerby/kerb-admin/1.0.1/kerb-admin-1.0.1.jar:/home/runner/.m2/repository/org/apache/kerby/kerb-server/1.0.1/kerb-server-1.0.1.jar:/home/runner/.m2/repository/org/apache/kerby/kerb-identity/1.0.1/kerb-identity-1.0.1.jar:/home/runner/.m2/repository/org/apache/kerby/kerby-xdr/1.0.1/kerby-xdr-1.0.1.jar:/home/runner/.m2/repository/org/apache/ozone/ozone-s3gateway/1.4.0-SNAPSHOT/ozone-s3gateway-1.4.0-SNAPSHOT.jar:/home/runner/.m2/repository/org/javassist/javassist/3.21.0-GA/javassist-3.21.0-GA.jar:/home/runner/.m2/repository/org/jboss/weld/servlet/weld-servlet-shaded/3.1.9.Final/weld-servlet-shaded-3.1.9.Final.jar:/home/runner/.m2/repository/org/glassfish/jersey/containers/jersey-container-servlet-core/2.34/jersey-container-servlet-core-2.34.jar:/home/runner/.m2/repository/org/glassfish/hk2/external/jakarta.inject/2.6.1/jakarta.inject-2.6.1.jar:/home/runner/.m2/repository/org/glassfish/jersey/core/jersey-common/2.34/jersey-common-2.34.jar:/home/runner/.m2/repository/jakarta/ws/rs/jakarta.ws.rs-api/2.1.6/jakarta.ws.rs-api-2.1.6.jar:/home/runner/.m2/repository/org/glassfish/jersey/ext/cdi/jersey-cdi1x/2.34/jersey-cdi1x-2.34.jar:/home/runner/.m2/repository/org/glassfish/jersey/inject/jersey-hk2/2.34/jersey-hk2-2.34.jar:/home/runner/.m2/repository/org/glassfish/hk2/hk2-locator/2.6.1/hk2-locator-2.6.1.jar:/home/runner/.m2/repository/org/glassfish/jersey/media/jersey-media-jaxb/2.34/jersey-media-jaxb-2.34.jar:/home/runner/.m2/repository/org/glassfish/hk2/osgi-resource-locator/1.0.3/osgi-resource-locator-1.0.3.jar:/home/runner/.m2/repository/org/glassfish/hk2/hk2-api/2.5.0/hk2-api-2.5.0.jar:/home/runner/.m2/repository/org/glassfish/hk2/hk2-utils/2.5.0/hk2-utils-2.5.0.jar:/home/runner/.m2/repository/org/glassfish/hk2/external/aopalliance-repackaged/2.5.0/aopalliance-repackaged-2.5.0.jar:/home/runner/.m2/repository/com/fasterxml/jackson/dataformat/jackson-dataformat-xml/2.13.4/jackson-dataformat-xml-2.13.4.jar:/home/runner/.m2/repository/org/codehaus/woodstox/stax2-api/4.2.1/stax2-api-4.2.1.jar:/home/runner/.m2/repository/com/fasterxml/woodstox/woodstox-core/5.4.0/woodstox-core-5.4.0.jar:/home/runner/.m2/repository/com/fasterxml/jackson/module/jackson-module-jaxb-annotations/2.13.4/jackson-module-jaxb-annotations-2.13.4.jar:/home/runner/.m2/repository/jakarta/xml/bind/jakarta.xml.bind-api/2.3.3/jakarta.xml.bind-api-2.3.3.jar:/home/runner/.m2/repository/jakarta/activation/jakarta.activation-api/1.2.2/jakarta.activation-api-1.2.2.jar:/home/runner/.m2/repository/javax/enterprise/cdi-api/2.0/cdi-api-2.0.jar:/home/runner/.m2/repository/javax/el/javax.el-api/3.0.0/javax.el-api-3.0.0.jar:/home/runner/.m2/repository/javax/interceptor/javax.interceptor-api/1.2/javax.interceptor-api-1.2.jar:/home/runner/.m2/repository/javax/inject/javax.inject/1/javax.inject-1.jar:/home/runner/.m2/repository/javax/xml/bind/jaxb-api/2.3.0/jaxb-api-2.3.0.jar:/home/runner/.m2/repository/org/glassfish/jaxb/jaxb-runtime/2.3.0.1/jaxb-runtime-2.3.0.1.jar:/home/runner/.m2/repository/org/glassfish/jaxb/jaxb-core/2.3.0.1/jaxb-core-2.3.0.1.jar:/home/runner/.m2/repository/org/glassfish/jaxb/txw2/2.3.0.1/txw2-2.3.0.1.jar:/home/runner/.m2/repository/com/sun/istack/istack-commons-runtime/3.0.5/istack-commons-runtime-3.0.5.jar:/home/runner/.m2/repository/org/jvnet/staxex/stax-ex/1.7.8/stax-ex-1.7.8.jar:/home/runner/.m2/repository/com/sun/xml/fastinfoset/FastInfoset/1.2.13/FastInfoset-1.2.13.jar:/home/runner/.m2/repository/javax/activation/activation/1.1.1/activation-1.1.1.jar:/home/runner/.m2/repository/io/grpc/grpc-protobuf/1.51.1/grpc-protobuf-1.51.1.jar:/home/runner/.m2/repository/com/google/api/grpc/proto-google-common-protos/2.9.0/proto-google-common-protos-2.9.0.jar:/home/runner/.m2/repository/io/grpc/grpc-protobuf-lite/1.51.1/grpc-protobuf-lite-1.51.1.jar:/home/runner/.m2/repository/io/grpc/grpc-stub/1.51.1/grpc-stub-1.51.1.jar:/home/runner/.m2/repository/io/netty/netty-transport/4.1.86.Final/netty-transport-4.1.86.Final.jar:/home/runner/.m2/repository/io/netty/netty-resolver/4.1.86.Final/netty-resolver-4.1.86.Final.jar:/home/runner/.m2/repository/org/apache/ozone/ozone-csi/1.4.0-SNAPSHOT/ozone-csi-1.4.0-SNAPSHOT.jar:/home/runner/.m2/repository/com/google/protobuf/protobuf-java-util/3.19.6/protobuf-java-util-3.19.6.jar:/home/runner/.m2/repository/com/google/code/gson/gson/2.9.0/gson-2.9.0.jar:/home/runner/.m2/repository/org/apache/ozone/hdds-config/1.4.0-SNAPSHOT/hdds-config-1.4.0-SNAPSHOT.jar:/home/runner/.m2/repository/io/netty/netty-transport-native-epoll/4.1.86.Final/netty-transport-native-epoll-4.1.86.Final-linux-x86_64.jar:/home/runner/.m2/repository/io/netty/netty-transport-classes-epoll/4.1.86.Final/netty-transport-classes-epoll-4.1.86.Final.jar:/home/runner/.m2/repository/io/netty/netty-transport-native-unix-common/4.1.86.Final/netty-transport-native-unix-common-4.1.86.Final.jar:/home/runner/.m2/repository/org/apache/ozone/ozone-recon/1.4.0-SNAPSHOT/ozone-recon-1.4.0-SNAPSHOT.jar:/home/runner/.m2/repository/org/apache/ozone/ozone-reconcodegen/1.4.0-SNAPSHOT/ozone-reconcodegen-1.4.0-SNAPSHOT.jar:/home/runner/.m2/repository/com/google/inject/guice/5.1.0/guice-5.1.0.jar:/home/runner/.m2/repository/aopalliance/aopalliance/1.0/aopalliance-1.0.jar:/home/runner/.m2/repository/com/google/inject/extensions/guice-assistedinject/5.1.0/guice-assistedinject-5.1.0.jar:/home/runner/.m2/repository/com/google/inject/extensions/guice-servlet/5.1.0/guice-servlet-5.1.0.jar:/home/runner/.m2/repository/org/glassfish/jersey/containers/jersey-container-servlet/2.34/jersey-container-servlet-2.34.jar:/home/runner/.m2/repository/org/glassfish/hk2/guice-bridge/2.5.0/guice-bridge-2.5.0.jar:/home/runner/.m2/repository/org/glassfish/jersey/core/jersey-server/2.34/jersey-server-2.34.jar:/home/runner/.m2/repository/org/glassfish/jersey/core/jersey-client/2.34/jersey-client-2.34.jar:/home/runner/.m2/repository/jakarta/annotation/jakarta.annotation-api/1.3.5/jakarta.annotation-api-1.3.5.jar:/home/runner/.m2/repository/jakarta/validation/jakarta.validation-api/2.0.2/jakarta.validation-api-2.0.2.jar:/home/runner/.m2/repository/org/glassfish/jersey/media/jersey-media-json-jackson/2.34/jersey-media-json-jackson-2.34.jar:/home/runner/.m2/repository/org/glassfish/jersey/ext/jersey-entity-filtering/2.34/jersey-entity-filtering-2.34.jar:/home/runner/.m2/repository/org/jooq/jooq/3.11.10/jooq-3.11.10.jar:/home/runner/.m2/repository/org/jooq/jooq-meta/3.11.10/jooq-meta-3.11.10.jar:/home/runner/.m2/repository/org/jooq/jooq-codegen/3.11.10/jooq-codegen-3.11.10.jar:/home/runner/.m2/repository/com/jolbox/bonecp/0.8.0.RELEASE/bonecp-0.8.0.RELEASE.jar:/home/runner/.m2/repository/org/apache/derby/derby/10.14.2.0/derby-10.14.2.0.jar:/home/runner/.m2/repository/org/xerial/sqlite-jdbc/3.41.2.2/sqlite-jdbc-3.41.2.2.jar:/home/runner/.m2/repository/org/springframework/spring-jdbc/5.3.27/spring-jdbc-5.3.27.jar:/home/runner/.m2/repository/org/springframework/spring-beans/5.3.27/spring-beans-5.3.27.jar:/home/runner/.m2/repository/org/springframework/spring-core/5.3.27/spring-core-5.3.27.jar:/home/runner/.m2/repository/org/springframework/spring-tx/5.3.27/spring-tx-5.3.27.jar:/home/runner/.m2/repository/org/apache/ozone/ozone-client/1.4.0-SNAPSHOT/ozone-client-1.4.0-SNAPSHOT.jar:/home/runner/.m2/repository/org/apache/ozone/hdds-erasurecode/1.4.0-SNAPSHOT/hdds-erasurecode-1.4.0-SNAPSHOT.jar:/home/runner/.m2/repository/org/apache/ozone/ozone-filesystem/1.4.0-SNAPSHOT/ozone-filesystem-1.4.0-SNAPSHOT.jar:/home/runner/.m2/repository/org/apache/ozone/ozone-filesystem-common/1.4.0-SNAPSHOT/ozone-filesystem-common-1.4.0-SNAPSHOT.jar:/home/runner/.m2/repository/org/apache/ozone/ozone-tools/1.4.0-SNAPSHOT/ozone-tools-1.4.0-SNAPSHOT.jar:/home/runner/.m2/repository/com/amazonaws/aws-java-sdk-core/1.12.261/aws-java-sdk-core-1.12.261.jar:/home/runner/.m2/repository/org/apache/httpcomponents/httpclient/4.5.13/httpclient-4.5.13.jar:/home/runner/.m2/repository/org/apache/httpcomponents/httpcore/4.4.13/httpcore-4.4.13.jar:/home/runner/.m2/repository/software/amazon/ion/ion-java/1.0.2/ion-java-1.0.2.jar:/home/runner/.m2/repository/com/fasterxml/jackson/dataformat/jackson-dataformat-cbor/2.13.4/jackson-dataformat-cbor-2.13.4.jar:/home/runner/.m2/repository/joda-time/joda-time/2.10.6/joda-time-2.10.6.jar:/home/runner/.m2/repository/com/amazonaws/aws-java-sdk-s3/1.12.261/aws-java-sdk-s3-1.12.261.jar:/home/runner/.m2/repository/com/amazonaws/aws-java-sdk-kms/1.12.261/aws-java-sdk-kms-1.12.261.jar:/home/runner/.m2/repository/com/amazonaws/jmespath-java/1.12.261/jmespath-java-1.12.261.jar:/home/runner/.m2/repository/org/kohsuke/metainf-services/metainf-services/1.8/metainf-services-1.8.jar:/home/runner/.m2/repository/org/apache/ozone/hdds-tools/1.4.0-SNAPSHOT/hdds-tools-1.4.0-SNAPSHOT.jar:/home/runner/.m2/repository/org/apache/ratis/ratis-tools/2.5.1/ratis-tools-2.5.1.jar:/home/runner/.m2/repository/commons-cli/commons-cli/1.2/commons-cli-1.2.jar:/home/runner/.m2/repository/org/apache/commons/commons-lang3/3.7/commons-lang3-3.7.jar:/home/runner/.m2/repository/org/apache/ozone/ozone-manager/1.4.0-SNAPSHOT/ozone-manager-1.4.0-SNAPSHOT-tests.jar:/home/runner/.m2/repository/org/apache/ozone/hdds-common/1.4.0-SNAPSHOT/hdds-common-1.4.0-SNAPSHOT-tests.jar:/home/runner/.m2/repository/org/apache/ozone/hdds-hadoop-dependency-client/1.4.0-SNAPSHOT/hdds-hadoop-dependency-client-1.4.0-SNAPSHOT.jar:/home/runner/.m2/repository/info/picocli/picocli/4.6.1/picocli-4.6.1.jar:/home/runner/.m2/repository/com/fasterxml/jackson/core/jackson-annotations/2.13.4/jackson-annotations-2.13.4.jar:/home/runner/.m2/repository/org/apache/ozone/hdds-annotation-processing/1.4.0-SNAPSHOT/hdds-annotation-processing-1.4.0-SNAPSHOT.jar:/home/runner/.m2/repository/javax/annotation/javax.annotation-api/1.2/javax.annotation-api-1.2.jar:/home/runner/.m2/repository/org/apache/ratis/ratis-netty/2.5.1/ratis-netty-2.5.1.jar:/home/runner/.m2/repository/org/apache/ratis/ratis-grpc/2.5.1/ratis-grpc-2.5.1.jar:/home/runner/.m2/repository/org/apache/logging/log4j/log4j-api/2.17.1/log4j-api-2.17.1.jar:/home/runner/.m2/repository/org/apache/commons/commons-pool2/2.6.0/commons-pool2-2.6.0.jar:/home/runner/.m2/repository/org/bouncycastle/bcpkix-jdk15on/1.67/bcpkix-jdk15on-1.67.jar:/home/runner/.m2/repository/commons-validator/commons-validator/1.6/commons-validator-1.6.jar:/home/runner/.m2/repository/commons-beanutils/commons-beanutils/1.9.4/commons-beanutils-1.9.4.jar:/home/runner/.m2/repository/commons-digester/commons-digester/1.8.1/commons-digester-1.8.1.jar:/home/runner/.m2/repository/commons-collections/commons-collections/3.2.2/commons-collections-3.2.2.jar:/home/runner/.m2/repository/io/jaegertracing/jaeger-client/1.6.0/jaeger-client-1.6.0.jar:/home/runner/.m2/repository/io/jaegertracing/jaeger-thrift/1.6.0/jaeger-thrift-1.6.0.jar:/home/runner/.m2/repository/org/apache/thrift/libthrift/0.14.1/libthrift-0.14.1.jar:/home/runner/.m2/repository/io/jaegertracing/jaeger-core/1.6.0/jaeger-core-1.6.0.jar:/home/runner/.m2/repository/io/jaegertracing/jaeger-tracerresolver/1.6.0/jaeger-tracerresolver-1.6.0.jar:/home/runner/.m2/repository/io/opentracing/contrib/opentracing-tracerresolver/0.1.8/opentracing-tracerresolver-0.1.8.jar:/home/runner/.m2/repository/org/jetbrains/kotlin/kotlin-stdlib/1.6.21/kotlin-stdlib-1.6.21.jar:/home/runner/.m2/repository/org/jetbrains/annotations/13.0/annotations-13.0.jar:/home/runner/.m2/repository/io/opentracing/opentracing-util/0.33.0/opentracing-util-0.33.0.jar:/home/runner/.m2/repository/io/opentracing/opentracing-api/0.33.0/opentracing-api-0.33.0.jar:/home/runner/.m2/repository/io/opentracing/opentracing-noop/0.33.0/opentracing-noop-0.33.0.jar:/home/runner/.m2/repository/org/yaml/snakeyaml/2.0/snakeyaml-2.0.jar:/home/runner/.m2/repository/io/grpc/grpc-api/1.51.1/grpc-api-1.51.1.jar:/home/runner/.m2/repository/io/grpc/grpc-context/1.51.1/grpc-context-1.51.1.jar:/home/runner/.m2/repository/junit/junit/4.13.1/junit-4.13.1.jar:/home/runner/.m2/repository/org/hamcrest/hamcrest-core/1.3/hamcrest-core-1.3.jar:/home/runner/.m2/repository/org/junit/jupiter/junit-jupiter-api/5.8.2/junit-jupiter-api-5.8.2.jar:/home/runner/.m2/repository/org/opentest4j/opentest4j/1.2.0/opentest4j-1.2.0.jar:/home/runner/.m2/repository/org/junit/platform/junit-platform-commons/1.8.2/junit-platform-commons-1.8.2.jar:/home/runner/.m2/repository/org/apiguardian/apiguardian-api/1.1.2/apiguardian-api-1.1.2.jar:/home/runner/.m2/repository/org/junit/jupiter/junit-jupiter-params/5.8.2/junit-jupiter-params-5.8.2.jar:/home/runner/.m2/repository/org/junit/jupiter/junit-jupiter-migrationsupport/5.8.2/junit-jupiter-migrationsupport-5.8.2.jar:/home/runner/.m2/repository/org/junit/jupiter/junit-jupiter-engine/5.8.2/junit-jupiter-engine-5.8.2.jar:/home/runner/.m2/repository/org/junit/platform/junit-platform-engine/1.8.2/junit-platform-engine-1.8.2.jar:/home/runner/.m2/repository/org/junit/vintage/junit-vintage-engine/5.8.2/junit-vintage-engine-5.8.2.jar:/home/runner/.m2/repository/org/junit/platform/junit-platform-launcher/1.8.2/junit-platform-launcher-1.8.2.jar:/home/runner/.m2/repository/org/mockito/mockito-core/2.28.2/mockito-core-2.28.2.jar:/home/runner/.m2/repository/net/bytebuddy/byte-buddy/1.9.10/byte-buddy-1.9.10.jar:/home/runner/.m2/repository/net/bytebuddy/byte-buddy-agent/1.9.10/byte-buddy-agent-1.9.10.jar:/home/runner/.m2/repository/org/objenesis/objenesis/1.0/objenesis-1.0.jar:/home/runner/.m2/repository/org/apache/hadoop/hadoop-kms/3.3.5/hadoop-kms-3.3.5.jar:/home/runner/.m2/repository/org/apache/hadoop/hadoop-auth/3.3.5/hadoop-auth-3.3.5.jar:/home/runner/.m2/repository/com/nimbusds/nimbus-jose-jwt/9.8.1/nimbus-jose-jwt-9.8.1.jar:/home/runner/.m2/repository/com/github/stephenc/jcip/jcip-annotations/1.0-1/jcip-annotations-1.0-1.jar:/home/runner/.m2/repository/net/minidev/json-smart/2.4.7/json-smart-2.4.7.jar:/home/runner/.m2/repository/net/minidev/accessors-smart/2.4.7/accessors-smart-2.4.7.jar:/home/runner/.m2/repository/org/ow2/asm/asm/5.0.4/asm-5.0.4.jar:/home/runner/.m2/repository/org/apache/zookeeper/zookeeper/3.5.6/zookeeper-3.5.6.jar:/home/runner/.m2/repository/org/apache/zookeeper/zookeeper-jute/3.5.6/zookeeper-jute-3.5.6.jar:/home/runner/.m2/repository/org/apache/yetus/audience-annotations/0.5.0/audience-annotations-0.5.0.jar:/home/runner/.m2/repository/org/apache/curator/curator-framework/4.2.0/curator-framework-4.2.0.jar:/home/runner/.m2/repository/org/apache/hadoop/thirdparty/hadoop-shaded-guava/1.1.1/hadoop-shaded-guava-1.1.1.jar:/home/runner/.m2/repository/com/sun/jersey/jersey-core/1.19/jersey-core-1.19.jar:/home/runner/.m2/repository/javax/ws/rs/jsr311-api/1.1.1/jsr311-api-1.1.1.jar:/home/runner/.m2/repository/com/sun/jersey/jersey-server/1.19/jersey-server-1.19.jar:/home/runner/.m2/repository/javax/servlet/javax.servlet-api/3.1.0/javax.servlet-api-3.1.0.jar:/home/runner/.m2/repository/org/apache/hadoop/hadoop-common/3.3.5/hadoop-common-3.3.5.jar:/home/runner/.m2/repository/org/apache/commons/commons-math3/3.1.1/commons-math3-3.1.1.jar:/home/runner/.m2/repository/commons-net/commons-net/3.9.0/commons-net-3.9.0.jar:/home/runner/.m2/repository/com/sun/jersey/jersey-servlet/1.19/jersey-servlet-1.19.jar:/home/runner/.m2/repository/com/github/pjfanning/jersey-json/1.20/jersey-json-1.20.jar:/home/runner/.m2/repository/org/codehaus/jettison/jettison/1.1/jettison-1.1.jar:/home/runner/.m2/repository/com/sun/xml/bind/jaxb-impl/2.2.3-1/jaxb-impl-2.2.3-1.jar:/home/runner/.m2/repository/com/google/re2j/re2j/1.1/re2j-1.1.jar:/home/runner/.m2/repository/com/jcraft/jsch/0.1.54/jsch-0.1.54.jar:/home/runner/.m2/repository/org/apache/curator/curator-client/4.2.0/curator-client-4.2.0.jar:/home/runner/.m2/repository/org/apache/curator/curator-recipes/4.2.0/curator-recipes-4.2.0.jar:/home/runner/.m2/repository/org/apache/kerby/kerb-core/1.0.1/kerb-core-1.0.1.jar:/home/runner/.m2/repository/org/apache/kerby/kerby-pkix/1.0.1/kerby-pkix-1.0.1.jar:/home/runner/.m2/repository/org/apache/kerby/kerby-asn1/1.0.1/kerby-asn1-1.0.1.jar:/home/runner/.m2/repository/org/apache/kerby/kerby-util/1.0.1/kerby-util-1.0.1.jar:/home/runner/.m2/repository/dnsjava/dnsjava/2.1.7/dnsjava-2.1.7.jar:/home/runner/.m2/repository/org/xerial/snappy/snappy-java/1.1.8.2/snappy-java-1.1.8.2.jar:/home/runner/.m2/repository/com/fasterxml/jackson/core/jackson-databind/2.13.4.2/jackson-databind-2.13.4.2.jar:/home/runner/.m2/repository/org/apache/hadoop/hadoop-kms/3.3.5/hadoop-kms-3.3.5-tests.jar:/home/runner/.m2/repository/org/apache/ozone/hdds-server-scm/1.4.0-SNAPSHOT/hdds-server-scm-1.4.0-SNAPSHOT-tests.jar:/home/runner/.m2/repository/org/apache/ozone/hdds-container-service/1.4.0-SNAPSHOT/hdds-container-service-1.4.0-SNAPSHOT-tests.jar:/home/runner/.m2/repository/com/github/luben/zstd-jni/1.5.2-5/zstd-jni-1.5.2-5.jar:/home/runner/.m2/repository/commons-codec/commons-codec/1.15/commons-codec-1.15.jar:/home/runner/.m2/repository/io/netty/netty-codec/4.1.86.Final/netty-codec-4.1.86.Final.jar:/home/runner/.m2/repository/io/netty/netty-handler/4.1.86.Final/netty-handler-4.1.86.Final.jar:/home/runner/.m2/repository/org/apache/ozone/hdds-hadoop-dependency-test/1.4.0-SNAPSHOT/hdds-hadoop-dependency-test-1.4.0-SNAPSHOT.jar:/home/runner/.m2/repository/org/apache/hadoop/hadoop-common/3.3.5/hadoop-common-3.3.5-tests.jar:/home/runner/.m2/repository/org/apache/hadoop/hadoop-hdfs/3.3.5/hadoop-hdfs-3.3.5-tests.jar:/home/runner/.m2/repository/org/assertj/assertj-core/3.12.2/assertj-core-3.12.2.jar:/home/runner/.m2/repository/org/apache/hadoop/hadoop-distcp/3.3.5/hadoop-distcp-3.3.5.jar:/home/runner/.m2/repository/org/apache/hadoop/hadoop-mapreduce-client-jobclient/3.3.5/hadoop-mapreduce-client-jobclient-3.3.5.jar:/home/runner/.m2/repository/org/apache/hadoop/hadoop-mapreduce-client-common/3.3.5/hadoop-mapreduce-client-common-3.3.5.jar:/home/runner/.m2/repository/org/apache/hadoop/hadoop-yarn-common/3.3.5/hadoop-yarn-common-3.3.5.jar:/home/runner/.m2/repository/org/apache/hadoop/hadoop-yarn-api/3.3.5/hadoop-yarn-api-3.3.5.jar:/home/runner/.m2/repository/com/sun/jersey/contribs/jersey-guice/1.19/jersey-guice-1.19.jar:/home/runner/.m2/repository/com/fasterxml/jackson/jaxrs/jackson-jaxrs-json-provider/2.13.4/jackson-jaxrs-json-provider-2.13.4.jar:/home/runner/.m2/repository/com/fasterxml/jackson/jaxrs/jackson-jaxrs-base/2.13.4/jackson-jaxrs-base-2.13.4.jar:/home/runner/.m2/repository/org/apache/hadoop/hadoop-yarn-client/3.3.5/hadoop-yarn-client-3.3.5.jar:/home/runner/.m2/repository/org/eclipse/jetty/websocket/websocket-client/9.4.48.v20220622/websocket-client-9.4.48.v20220622.jar:/home/runner/.m2/repository/org/eclipse/jetty/websocket/websocket-common/9.4.48.v20220622/websocket-common-9.4.48.v20220622.jar:/home/runner/.m2/repository/org/eclipse/jetty/websocket/websocket-api/9.4.48.v20220622/websocket-api-9.4.48.v20220622.jar:/home/runner/.m2/repository/org/jline/jline/3.9.0/jline-3.9.0.jar:/home/runner/.m2/repository/org/apache/hadoop/hadoop-mapreduce-client-core/3.3.5/hadoop-mapreduce-client-core-3.3.5.jar:/home/runner/.m2/repository/org/apache/avro/avro/1.7.7/avro-1.7.7.jar:/home/runner/.m2/repository/com/thoughtworks/paranamer/paranamer/2.3/paranamer-2.3.jar:/home/runner/.m2/repository/org/apache/hadoop/hadoop-annotations/3.3.5/hadoop-annotations-3.3.5.jar:/usr/lib/jvm/temurin-8-jdk-amd64/jre/../lib/tools.jar:/home/runner/.m2/repository/io/netty/netty/3.10.6.Final/netty-3.10.6.Final.jar:/home/runner/.m2/repository/org/apache/hadoop/hadoop-distcp/3.3.5/hadoop-distcp-3.3.5-tests.jar:/home/runner/.m2/repository/org/slf4j/jul-to-slf4j/1.7.36/jul-to-slf4j-1.7.36.jar:"/>
    <property name="sun.cpu.endian" value="little"/>
    <property name="user.home" value="/home/runner"/>
    <property name="user.language" value="en"/>
    <property name="java.specification.vendor" value="Oracle Corporation"/>
    <property name="java.home" value="/usr/lib/jvm/temurin-8-jdk-amd64/jre"/>
    <property name="java.security.krb5.conf" value="/home/runner/work/ozone/ozone/hadoop-ozone/integration-test/target/test-classes/krb5.conf"/>
    <property name="file.separator" value="/"/>
    <property name="basedir" value="/home/runner/work/ozone/ozone/hadoop-ozone/integration-test"/>
    <property name="line.separator" value="&#10;"/>
    <property name="java.vm.specification.vendor" value="Oracle Corporation"/>
    <property name="java.specification.name" value="Java Platform API Specification"/>
    <property name="skip.installnpx" value="true"/>
    <property name="java.awt.graphicsenv" value="sun.awt.X11GraphicsEnvironment"/>
    <property name="surefire.fork.timeout" value="3600"/>
    <property name="surefire.real.class.path" value="/home/runner/work/ozone/ozone/hadoop-ozone/integration-test/target/surefire/surefirebooter6467416900838917859.jar:/home/runner/.m2/repository/org/jacoco/org.jacoco.agent/0.8.5/org.jacoco.agent-0.8.5-runtime.jar"/>
    <property name="sun.boot.class.path" value="/usr/lib/jvm/temurin-8-jdk-amd64/jre/lib/resources.jar:/usr/lib/jvm/temurin-8-jdk-amd64/jre/lib/rt.jar:/usr/lib/jvm/temurin-8-jdk-amd64/jre/lib/sunrsasign.jar:/usr/lib/jvm/temurin-8-jdk-amd64/jre/lib/jsse.jar:/usr/lib/jvm/temurin-8-jdk-amd64/jre/lib/jce.jar:/usr/lib/jvm/temurin-8-jdk-amd64/jre/lib/charsets.jar:/usr/lib/jvm/temurin-8-jdk-amd64/jre/lib/jfr.jar:/usr/lib/jvm/temurin-8-jdk-amd64/jre/classes"/>
    <property name="hadoop.log.dir" value="/home/runner/work/ozone/ozone/hadoop-ozone/integration-test/target/log"/>
    <property name="sun.management.compiler" value="HotSpot 64-Bit Tiered Compilers"/>
    <property name="java.runtime.version" value="1.8.0_372-b07"/>
    <property name="skip.npx" value="true"/>
    <property name="user.name" value="runner"/>
    <property name="java.net.preferIPv4Stack" value="true"/>
    <property name="path.separator" value=":"/>
    <property name="java.security.egd" value="file:///dev/urandom"/>
    <property name="os.version" value="5.15.0-1038-azure"/>
    <property name="java.endorsed.dirs" value="/usr/lib/jvm/temurin-8-jdk-amd64/jre/lib/endorsed"/>
    <property name="java.runtime.name" value="OpenJDK Runtime Environment"/>
    <property name="file.encoding" value="UTF-8"/>
    <property name="java.vm.name" value="OpenJDK 64-Bit Server VM"/>
    <property name="test.build.webapps" value=""/>
    <property name="localRepository" value="/home/runner/.m2/repository"/>
    <property name="jetty.git.hash" value="b45c405e4544384de066f814ed42ae3dceacdd49"/>
    <property name="java.vendor.url.bug" value="https://github.com/adoptium/adoptium-support/issues"/>
    <property name="require.test.libhadoop" value=""/>
    <property name="java.io.tmpdir" value="/tmp"/>
    <property name="java.version" value="1.8.0_372"/>
    <property name="surefire.rerunFailingTestsCount" value="5"/>
    <property name="user.dir" value="/home/runner/work/ozone/ozone/hadoop-ozone/integration-test"/>
    <property name="os.arch" value="amd64"/>
    <property name="test.build.classes" value="/home/runner/work/ozone/ozone/hadoop-ozone/integration-test/target/test-classes"/>
    <property name="java.vm.specification.name" value="Java Virtual Machine Specification"/>
    <property name="java.awt.printerjob" value="sun.print.PSPrinterJob"/>
    <property name="sun.os.patch.level" value="unknown"/>
    <property name="org.apache.ratis.thirdparty.io.netty.allocator.useCacheForAllThreads" value="false"/>
    <property name="hadoop.tmp.dir" value="/home/runner/work/ozone/ozone/hadoop-ozone/integration-test/target/tmp"/>
    <property name="java.library.path" value="/usr/java/packages/lib/amd64:/usr/lib64:/lib64:/lib:/usr/lib"/>
    <property name="java.vendor" value="Temurin"/>
    <property name="java.vm.info" value="mixed mode"/>
    <property name="java.vm.version" value="25.372-b07"/>
    <property name="java.specification.maintenance.version" value="4"/>
    <property name="sun.io.unicode.encoding" value="UnicodeLittle"/>
    <property name="java.ext.dirs" value="/usr/lib/jvm/temurin-8-jdk-amd64/jre/lib/ext:/usr/java/packages/lib/ext"/>
    <property name="java.class.version" value="52.0"/>
  </properties>
  <testcase name="testInstallCheckPoint" classname="org.apache.hadoop.hdds.scm.TestSCMInstallSnapshot" time="0.351"/>
  <testcase name="testInstallCheckPoint" classname="org.apache.hadoop.hdds.scm.TestSCMInstallSnapshot" time="0.215"/>
  <testcase name="testInstallCheckPoint" classname="org.apache.hadoop.hdds.scm.TestSCMInstallSnapshot" time="0.138"/>
  <testcase name="testInstallCheckPoint" classname="org.apache.hadoop.hdds.scm.TestSCMInstallSnapshot" time="0.149"/>
  <testcase name="testInstallCheckPoint" classname="org.apache.hadoop.hdds.scm.TestSCMInstallSnapshot" time="0.153"/>
  <testcase name="testInstallCheckPoint" classname="org.apache.hadoop.hdds.scm.TestSCMInstallSnapshot" time="0.223"/>
  <testcase name="" classname="org.apache.hadoop.hdds.scm.TestSCMInstallSnapshot" time="33.923">
    <failure type="java.lang.AssertionError"><![CDATA[java.lang.AssertionError: Found 4 leaked objects, check logs
	at org.apache.hadoop.hdds.utils.db.CodecBuffer.assertNoLeaks(CodecBuffer.java:99)
	at org.apache.hadoop.ozone.MiniOzoneClusterImpl.shutdown(MiniOzoneClusterImpl.java:451)
	at org.apache.hadoop.hdds.scm.TestSCMInstallSnapshot.shutdown(TestSCMInstallSnapshot.java:80)
	at sun.reflect.NativeMethodAccessorImpl.invoke0(Native Method)
	at sun.reflect.NativeMethodAccessorImpl.invoke(NativeMethodAccessorImpl.java:62)
	at sun.reflect.DelegatingMethodAccessorImpl.invoke(DelegatingMethodAccessorImpl.java:43)
	at java.lang.reflect.Method.invoke(Method.java:498)
	at org.junit.platform.commons.util.ReflectionUtils.invokeMethod(ReflectionUtils.java:725)
	at org.junit.jupiter.engine.execution.MethodInvocation.proceed(MethodInvocation.java:60)
	at org.junit.jupiter.engine.execution.InvocationInterceptorChain$ValidatingInvocation.proceed(InvocationInterceptorChain.java:131)
	at org.junit.jupiter.engine.extension.TimeoutExtension.intercept(TimeoutExtension.java:149)
	at org.junit.jupiter.engine.extension.TimeoutExtension.interceptLifecycleMethod(TimeoutExtension.java:126)
	at org.junit.jupiter.engine.extension.TimeoutExtension.interceptAfterAllMethod(TimeoutExtension.java:116)
	at org.junit.jupiter.engine.execution.ExecutableInvoker$ReflectiveInterceptorCall.lambda$ofVoidMethod$0(ExecutableInvoker.java:115)
	at org.junit.jupiter.engine.execution.ExecutableInvoker.lambda$invoke$0(ExecutableInvoker.java:105)
	at org.junit.jupiter.engine.execution.InvocationInterceptorChain$InterceptedInvocation.proceed(InvocationInterceptorChain.java:106)
	at org.junit.jupiter.engine.execution.InvocationInterceptorChain.proceed(InvocationInterceptorChain.java:64)
	at org.junit.jupiter.engine.execution.InvocationInterceptorChain.chainAndInvoke(InvocationInterceptorChain.java:45)
	at org.junit.jupiter.engine.execution.InvocationInterceptorChain.invoke(InvocationInterceptorChain.java:37)
	at org.junit.jupiter.engine.execution.ExecutableInvoker.invoke(ExecutableInvoker.java:104)
	at org.junit.jupiter.engine.execution.ExecutableInvoker.invoke(ExecutableInvoker.java:98)
	at org.junit.jupiter.engine.descriptor.ClassBasedTestDescriptor.lambda$invokeAfterAllMethods$13(ClassBasedTestDescriptor.java:425)
	at org.junit.platform.engine.support.hierarchical.ThrowableCollector.execute(ThrowableCollector.java:73)
	at org.junit.jupiter.engine.descriptor.ClassBasedTestDescriptor.lambda$invokeAfterAllMethods$14(ClassBasedTestDescriptor.java:423)
	at java.util.ArrayList.forEach(ArrayList.java:1259)
	at java.util.Collections$UnmodifiableCollection.forEach(Collections.java:1082)
	at org.junit.jupiter.engine.descriptor.ClassBasedTestDescriptor.invokeAfterAllMethods(ClassBasedTestDescriptor.java:423)
	at org.junit.jupiter.engine.descriptor.ClassBasedTestDescriptor.after(ClassBasedTestDescriptor.java:225)
	at org.junit.jupiter.engine.descriptor.ClassBasedTestDescriptor.after(ClassBasedTestDescriptor.java:80)
	at org.junit.platform.engine.support.hierarchical.NodeTestTask.lambda$executeRecursively$7(NodeTestTask.java:161)
	at org.junit.platform.engine.support.hierarchical.ThrowableCollector.execute(ThrowableCollector.java:73)
	at org.junit.platform.engine.support.hierarchical.NodeTestTask.lambda$executeRecursively$8(NodeTestTask.java:161)
	at org.junit.platform.engine.support.hierarchical.Node.around(Node.java:137)
	at org.junit.platform.engine.support.hierarchical.NodeTestTask.lambda$executeRecursively$9(NodeTestTask.java:139)
	at org.junit.platform.engine.support.hierarchical.ThrowableCollector.execute(ThrowableCollector.java:73)
	at org.junit.platform.engine.support.hierarchical.NodeTestTask.executeRecursively(NodeTestTask.java:138)
	at org.junit.platform.engine.support.hierarchical.NodeTestTask.execute(NodeTestTask.java:95)
	at java.util.ArrayList.forEach(ArrayList.java:1259)
	at org.junit.platform.engine.support.hierarchical.SameThreadHierarchicalTestExecutorService.invokeAll(SameThreadHierarchicalTestExecutorService.java:41)
	at org.junit.platform.engine.support.hierarchical.NodeTestTask.lambda$executeRecursively$6(NodeTestTask.java:155)
	at org.junit.platform.engine.support.hierarchical.ThrowableCollector.execute(ThrowableCollector.java:73)
	at org.junit.platform.engine.support.hierarchical.NodeTestTask.lambda$executeRecursively$8(NodeTestTask.java:141)
	at org.junit.platform.engine.support.hierarchical.Node.around(Node.java:137)
	at org.junit.platform.engine.support.hierarchical.NodeTestTask.lambda$executeRecursively$9(NodeTestTask.java:139)
	at org.junit.platform.engine.support.hierarchical.ThrowableCollector.execute(ThrowableCollector.java:73)
	at org.junit.platform.engine.support.hierarchical.NodeTestTask.executeRecursively(NodeTestTask.java:138)
	at org.junit.platform.engine.support.hierarchical.NodeTestTask.execute(NodeTestTask.java:95)
	at org.junit.platform.engine.support.hierarchical.SameThreadHierarchicalTestExecutorService.submit(SameThreadHierarchicalTestExecutorService.java:35)
	at org.junit.platform.engine.support.hierarchical.HierarchicalTestExecutor.execute(HierarchicalTestExecutor.java:57)
	at org.junit.platform.engine.support.hierarchical.HierarchicalTestEngine.execute(HierarchicalTestEngine.java:54)
	at org.junit.platform.launcher.core.EngineExecutionOrchestrator.execute(EngineExecutionOrchestrator.java:107)
	at org.junit.platform.launcher.core.EngineExecutionOrchestrator.execute(EngineExecutionOrchestrator.java:88)
	at org.junit.platform.launcher.core.EngineExecutionOrchestrator.lambda$execute$0(EngineExecutionOrchestrator.java:54)
	at org.junit.platform.launcher.core.EngineExecutionOrchestrator.withInterceptedStreams(EngineExecutionOrchestrator.java:67)
	at org.junit.platform.launcher.core.EngineExecutionOrchestrator.execute(EngineExecutionOrchestrator.java:52)
	at org.junit.platform.launcher.core.DefaultLauncher.execute(DefaultLauncher.java:114)
	at org.junit.platform.launcher.core.DefaultLauncher.execute(DefaultLauncher.java:86)
	at org.junit.platform.launcher.core.DefaultLauncherSession$DelegatingLauncher.execute(DefaultLauncherSession.java:86)
	at org.junit.platform.launcher.core.SessionPerRequestLauncher.execute(SessionPerRequestLauncher.java:53)
	at org.apache.maven.surefire.junitplatform.JUnitPlatformProvider.execute(JUnitPlatformProvider.java:188)
	at org.apache.maven.surefire.junitplatform.JUnitPlatformProvider.invokeAllTests(JUnitPlatformProvider.java:154)
	at org.apache.maven.surefire.junitplatform.JUnitPlatformProvider.invoke(JUnitPlatformProvider.java:124)
	at org.apache.maven.surefire.booter.ForkedBooter.runSuitesInProcess(ForkedBooter.java:428)
	at org.apache.maven.surefire.booter.ForkedBooter.execute(ForkedBooter.java:162)
	at org.apache.maven.surefire.booter.ForkedBooter.run(ForkedBooter.java:562)
	at org.apache.maven.surefire.booter.ForkedBooter.main(ForkedBooter.java:548)
]]></failure>
    <system-out><![CDATA[2023-06-07 15:26:37,502 [5488e40f-93a9-4de4-b5c9-c05ea7e880d3-server-thread2] INFO  server.RaftServer$Division (ServerState.java:setRaftConf(434)) - 5488e40f-93a9-4de4-b5c9-c05ea7e880d3@group-2279FF80AA39: set configuration 0: peers:[1ed02a02-c65b-4bf1-b3c4-949e11413941|rpc:10.1.0.36:15014|admin:10.1.0.36:15013|client:10.1.0.36:15012|dataStream:10.1.0.36:15015|priority:1|startupRole:FOLLOWER, b68586f6-4142-4a4d-8c5b-d51094055ec3|rpc:10.1.0.36:15023|admin:10.1.0.36:15022|client:10.1.0.36:15021|dataStream:10.1.0.36:15024|priority:0|startupRole:FOLLOWER, 5488e40f-93a9-4de4-b5c9-c05ea7e880d3|rpc:10.1.0.36:15032|admin:10.1.0.36:15031|client:10.1.0.36:15030|dataStream:10.1.0.36:15033|priority:0|startupRole:FOLLOWER]|listeners:[], old=null
2023-06-07 15:26:37,502 [5488e40f-93a9-4de4-b5c9-c05ea7e880d3-server-thread2] INFO  segmented.SegmentedRaftLogWorker (SegmentedRaftLogWorker.java:startLogSegment(447)) - 5488e40f-93a9-4de4-b5c9-c05ea7e880d3@group-2279FF80AA39-SegmentedRaftLogWorker: Starting segment from index:0
2023-06-07 15:26:37,502 [main] INFO  ozone.MiniOzoneClusterImpl (MiniOzoneClusterImpl.java:shutdown(442)) - Shutting down the Mini Ozone Cluster
2023-06-07 15:26:37,504 [5488e40f-93a9-4de4-b5c9-c05ea7e880d3@group-2279FF80AA39-SegmentedRaftLogWorker] INFO  segmented.SegmentedRaftLogWorker (SegmentedRaftLogWorker.java:execute(651)) - 5488e40f-93a9-4de4-b5c9-c05ea7e880d3@group-2279FF80AA39-SegmentedRaftLogWorker: created new log segment /home/runner/work/ozone/ozone/hadoop-ozone/integration-test/target/test-dir/MiniOzoneClusterImpl-330ddc53-3c17-4d0b-8a33-633b1637ffe3/datanode-2/data/ratis/93b4f364-47de-4e73-a885-2279ff80aa39/current/log_inprogress_0
2023-06-07 15:26:37,504 [main] INFO  ozone.MiniOzoneClusterImpl (MiniOzoneClusterImpl.java:stop(459)) - Stopping the Mini Ozone Cluster
2023-06-07 15:26:37,504 [main] INFO  ozone.MiniOzoneClusterImpl (MiniOzoneClusterImpl.java:stopOM(545)) - Stopping the OzoneManager
2023-06-07 15:26:37,504 [main] INFO  om.OzoneManager (OzoneManager.java:stop(2166)) - om1[localhost:15004]: Stopping Ozone Manager
2023-06-07 15:26:37,505 [main] INFO  ipc.Server (Server.java:stop(3501)) - Stopping server on 15004
2023-06-07 15:26:37,506 [IPC Server listener on 15004] INFO  ipc.Server (Server.java:run(1430)) - Stopping IPC Server listener on 15004
2023-06-07 15:26:37,512 [IPC Server Responder] INFO  ipc.Server (Server.java:run(1563)) - Stopping IPC Server Responder
2023-06-07 15:26:37,514 [main] INFO  server.RaftServer (RaftServerProxy.java:lambda$close$6(416)) - om1: close
2023-06-07 15:26:37,514 [om1-impl-thread1] INFO  server.RaftServer$Division (RaftServerImpl.java:lambda$close$4(466)) - om1@group-C5BA1605619E: shutdown
2023-06-07 15:26:37,514 [om1-impl-thread1] INFO  util.JmxRegister (JmxRegister.java:unregister(73)) - Successfully un-registered JMX Bean with object name Ratis:service=RaftServer,group=group-C5BA1605619E,id=om1
2023-06-07 15:26:37,514 [om1-impl-thread1] INFO  impl.RoleInfo (RoleInfo.java:shutdownLeaderState(93)) - om1: shutdown om1@group-C5BA1605619E-LeaderStateImpl
2023-06-07 15:26:37,514 [om1-impl-thread1] INFO  impl.PendingRequests (PendingRequests.java:sendNotLeaderResponses(289)) - om1@group-C5BA1605619E-PendingRequests: sendNotLeaderResponses
2023-06-07 15:26:37,515 [om1-impl-thread1] INFO  impl.StateMachineUpdater (StateMachineUpdater.java:stopAndJoin(155)) - om1@group-C5BA1605619E-StateMachineUpdater: set stopIndex = 0
2023-06-07 15:26:37,516 [om1@group-C5BA1605619E-StateMachineUpdater] INFO  ratis.OzoneManagerStateMachine (OzoneManagerStateMachine.java:takeSnapshot(479)) - Current Snapshot Index (t:1, i:0)
2023-06-07 15:26:37,517 [main] INFO  server.GrpcService (GrpcService.java:closeImpl(311)) - om1: shutdown server GrpcServerProtocolService now
2023-06-07 15:26:37,518 [main] INFO  server.GrpcService (GrpcService.java:closeImpl(320)) - om1: shutdown server GrpcServerProtocolService successfully
2023-06-07 15:26:37,528 [SCM Heartbeat Processing Thread - 0] WARN  node.NodeStateManager (NodeStateManager.java:scheduleNextHealthCheck(870)) - Current Thread is interrupted, shutting down HB processing thread for Node Manager.
2023-06-07 15:26:37,529 [0a451e00-33a6-4b23-ac6c-60bab7396ae3@group-633B1637FFE3-StateMachineUpdater] INFO  server.StorageContainerManager (StorageContainerManager.java:stop(1584)) - Stopping block service RPC server
2023-06-07 15:26:37,530 [0a451e00-33a6-4b23-ac6c-60bab7396ae3@group-633B1637FFE3-StateMachineUpdater] INFO  server.SCMBlockProtocolServer (SCMBlockProtocolServer.java:stop(161)) - Stopping the RPC server for Block Protocol
2023-06-07 15:26:37,530 [0a451e00-33a6-4b23-ac6c-60bab7396ae3@group-633B1637FFE3-StateMachineUpdater] INFO  ipc.Server (Server.java:stop(3501)) - Stopping server on 15001
2023-06-07 15:26:37,532 [IPC Server listener on 15001] INFO  ipc.Server (Server.java:run(1430)) - Stopping IPC Server listener on 15001
2023-06-07 15:26:37,533 [0a451e00-33a6-4b23-ac6c-60bab7396ae3@group-633B1637FFE3-StateMachineUpdater] INFO  server.StorageContainerManager (StorageContainerManager.java:stop(1591)) - Stopping the StorageContainerLocationProtocol RPC server
2023-06-07 15:26:37,534 [0a451e00-33a6-4b23-ac6c-60bab7396ae3@group-633B1637FFE3-StateMachineUpdater] INFO  server.SCMClientProtocolServer (SCMClientProtocolServer.java:stop(210)) - Stopping the RPC server for Client Protocol
2023-06-07 15:26:37,534 [IPC Server Responder] INFO  ipc.Server (Server.java:run(1563)) - Stopping IPC Server Responder
2023-06-07 15:26:37,534 [0a451e00-33a6-4b23-ac6c-60bab7396ae3@group-633B1637FFE3-StateMachineUpdater] INFO  ipc.Server (Server.java:stop(3501)) - Stopping server on 15000
2023-06-07 15:26:37,537 [IPC Server listener on 15000] INFO  ipc.Server (Server.java:run(1430)) - Stopping IPC Server listener on 15000
2023-06-07 15:26:37,538 [IPC Server Responder] INFO  ipc.Server (Server.java:run(1563)) - Stopping IPC Server Responder
2023-06-07 15:26:37,539 [0a451e00-33a6-4b23-ac6c-60bab7396ae3@group-633B1637FFE3-StateMachineUpdater] INFO  server.StorageContainerManager (StorageContainerManager.java:stop(1598)) - Stopping Storage Container Manager HTTP server.
2023-06-07 15:26:37,542 [om1@group-C5BA1605619E-StateMachineUpdater] INFO  impl.StateMachineUpdater (StateMachineUpdater.java:takeSnapshot(291)) - om1@group-C5BA1605619E-StateMachineUpdater: Took a snapshot at index 0
2023-06-07 15:26:37,542 [om1@group-C5BA1605619E-StateMachineUpdater] INFO  impl.StateMachineUpdater (StateMachineUpdater.java:lambda$new$0(97)) - om1@group-C5BA1605619E-StateMachineUpdater: snapshotIndex: updateIncreasingly -1 -> 0
2023-06-07 15:26:37,542 [om1@group-C5BA1605619E-StateMachineUpdater] INFO  ratis.OzoneManagerStateMachine (OzoneManagerStateMachine.java:close(533)) - StateMachine has shutdown. Shutdown OzoneManager if not already shutdown.
2023-06-07 15:26:37,542 [om1@group-C5BA1605619E-StateMachineUpdater] INFO  ratis.OzoneManagerDoubleBuffer (OzoneManagerDoubleBuffer.java:stopDaemon(559)) - Stopping OMDoubleBuffer flush thread
2023-06-07 15:26:37,542 [OMDoubleBufferFlushThread] INFO  ratis.OzoneManagerDoubleBuffer (OzoneManagerDoubleBuffer.java:canFlush(648)) - OMDoubleBuffer flush thread OMDoubleBufferFlushThread is interrupted and will exit.
2023-06-07 15:26:37,543 [0a451e00-33a6-4b23-ac6c-60bab7396ae3@group-633B1637FFE3-StateMachineUpdater] INFO  handler.ContextHandler (ContextHandler.java:doStop(1159)) - Stopped o.e.j.w.WebAppContext@490b8f1e{scm,/,null,STOPPED}{file:/home/runner/work/ozone/ozone/hadoop-ozone/integration-test/target/test-classes/webapps/scm}
2023-06-07 15:26:37,543 [om1-impl-thread1] INFO  server.RaftServer$Division (ServerState.java:close(472)) - om1@group-C5BA1605619E: closes. applyIndex: 0
2023-06-07 15:26:37,547 [0a451e00-33a6-4b23-ac6c-60bab7396ae3@group-633B1637FFE3-StateMachineUpdater] INFO  server.AbstractConnector (AbstractConnector.java:doStop(383)) - Stopped ServerConnector@106e6dfe{HTTP/1.1, (http/1.1)}{0.0.0.0:15003}
2023-06-07 15:26:37,547 [0a451e00-33a6-4b23-ac6c-60bab7396ae3@group-633B1637FFE3-StateMachineUpdater] INFO  server.session (HouseKeeper.java:stopScavenging(149)) - node0 Stopped scavenging
2023-06-07 15:26:37,548 [0a451e00-33a6-4b23-ac6c-60bab7396ae3@group-633B1637FFE3-StateMachineUpdater] INFO  handler.ContextHandler (ContextHandler.java:doStop(1159)) - Stopped o.e.j.s.ServletContextHandler@36b86248{static,/static,file:///home/runner/work/ozone/ozone/hadoop-ozone/integration-test/target/test-classes/webapps/static,STOPPED}
2023-06-07 15:26:37,549 [0a451e00-33a6-4b23-ac6c-60bab7396ae3@group-633B1637FFE3-StateMachineUpdater] INFO  handler.ContextHandler (ContextHandler.java:doStop(1159)) - Stopped o.e.j.s.ServletContextHandler@1418a1bd{logs,/logs,file:///home/runner/work/ozone/ozone/hadoop-ozone/integration-test/target/log,STOPPED}
2023-06-07 15:26:37,553 [om1-impl-thread1] INFO  segmented.SegmentedRaftLogWorker (SegmentedRaftLogWorker.java:close(252)) - om1@group-C5BA1605619E-SegmentedRaftLogWorker close()
2023-06-07 15:26:37,553 [JvmPauseMonitor2] INFO  util.JvmPauseMonitor (JvmPauseMonitor.java:run(109)) - JvmPauseMonitor-om1: Stopped
2023-06-07 15:26:37,553 [main] INFO  ratis.OzoneManagerStateMachine (OzoneManagerStateMachine.java:close(533)) - StateMachine has shutdown. Shutdown OzoneManager if not already shutdown.
2023-06-07 15:26:37,554 [main] INFO  ratis.OzoneManagerDoubleBuffer (OzoneManagerDoubleBuffer.java:stopDaemon(568)) - OMDoubleBuffer flush thread is not running.
2023-06-07 15:26:37,554 [0a451e00-33a6-4b23-ac6c-60bab7396ae3@group-633B1637FFE3-StateMachineUpdater] INFO  server.StorageContainerManager (StorageContainerManager.java:stop(1606)) - Stopping SCM LayoutVersionManager Service.
2023-06-07 15:26:37,554 [main] INFO  utils.BackgroundService (BackgroundService.java:shutdown(141)) - Shutting down service KeyDeletingService
2023-06-07 15:26:37,554 [0a451e00-33a6-4b23-ac6c-60bab7396ae3@group-633B1637FFE3-StateMachineUpdater] INFO  server.StorageContainerManager (StorageContainerManager.java:stop(1614)) - Stopping Block Manager Service.
2023-06-07 15:26:37,554 [main] INFO  utils.BackgroundService (BackgroundService.java:shutdown(141)) - Shutting down service KeyDeletingService
2023-06-07 15:26:37,555 [main] INFO  utils.BackgroundService (BackgroundService.java:shutdown(141)) - Shutting down service OpenKeyCleanupService
2023-06-07 15:26:37,555 [main] INFO  utils.BackgroundService (BackgroundService.java:shutdown(141)) - Shutting down service SstFilteringService
2023-06-07 15:26:37,556 [main] INFO  utils.BackgroundService (BackgroundService.java:shutdown(141)) - Shutting down service SnapshotDeletingService
2023-06-07 15:26:37,554 [0a451e00-33a6-4b23-ac6c-60bab7396ae3@group-633B1637FFE3-StateMachineUpdater] INFO  utils.BackgroundService (BackgroundService.java:shutdown(141)) - Shutting down service SCMBlockDeletingService
2023-06-07 15:26:37,556 [main] INFO  handler.ContextHandler (ContextHandler.java:doStop(1159)) - Stopped o.e.j.w.WebAppContext@2f527fd5{ozoneManager,/,null,STOPPED}{file:/home/runner/work/ozone/ozone/hadoop-ozone/integration-test/target/test-classes/webapps/ozoneManager}
2023-06-07 15:26:37,557 [0a451e00-33a6-4b23-ac6c-60bab7396ae3@group-633B1637FFE3-StateMachineUpdater] INFO  utils.BackgroundService (BackgroundService.java:shutdown(141)) - Shutting down service SCMBlockDeletingService
2023-06-07 15:26:37,558 [main] INFO  server.AbstractConnector (AbstractConnector.java:doStop(383)) - Stopped ServerConnector@aa09e8d{HTTP/1.1, (http/1.1)}{0.0.0.0:15005}
2023-06-07 15:26:37,558 [main] INFO  server.session (HouseKeeper.java:stopScavenging(149)) - node0 Stopped scavenging
2023-06-07 15:26:37,559 [0a451e00-33a6-4b23-ac6c-60bab7396ae3@group-633B1637FFE3-StateMachineUpdater] INFO  server.StorageContainerManager (StorageContainerManager.java:stop(1636)) - Stopping SCM Event Queue.
2023-06-07 15:26:37,559 [main] INFO  handler.ContextHandler (ContextHandler.java:doStop(1159)) - Stopped o.e.j.s.ServletContextHandler@4ebcd5dc{static,/static,file:///home/runner/work/ozone/ozone/hadoop-ozone/integration-test/target/test-classes/webapps/static,STOPPED}
2023-06-07 15:26:37,559 [main] INFO  handler.ContextHandler (ContextHandler.java:doStop(1159)) - Stopped o.e.j.s.ServletContextHandler@52565dea{logs,/logs,file:///home/runner/work/ozone/ozone/hadoop-ozone/integration-test/target/log,STOPPED}
2023-06-07 15:26:37,564 [0a451e00-33a6-4b23-ac6c-60bab7396ae3@group-633B1637FFE3-StateMachineUpdater] INFO  server.StorageContainerManager (StorageContainerManager.java:stop(1647)) - Stopping SCM HA services.
2023-06-07 15:26:37,564 [0a451e00-33a6-4b23-ac6c-60bab7396ae3@group-633B1637FFE3-StateMachineUpdater] INFO  ha.SCMRatisServerImpl (SCMRatisServerImpl.java:stop(254)) - stopping ratis server 0.0.0.0:9894
2023-06-07 15:26:37,565 [0a451e00-33a6-4b23-ac6c-60bab7396ae3@group-633B1637FFE3-StateMachineUpdater] INFO  server.RaftServer (RaftServerProxy.java:lambda$close$6(416)) - 0a451e00-33a6-4b23-ac6c-60bab7396ae3: close
2023-06-07 15:26:37,565 [main] INFO  snapshot.SnapshotDiffManager (SnapshotDiffManager.java:closeExecutorService(1278)) - Shutting down executorService: 'SnapDiffExecutor'
2023-06-07 15:26:37,565 [main] INFO  utils.BackgroundService (BackgroundService.java:shutdown(141)) - Shutting down service SnapshotDiffCleanupService
2023-06-07 15:26:37,566 [0a451e00-33a6-4b23-ac6c-60bab7396ae3@group-633B1637FFE3-StateMachineUpdater] INFO  server.GrpcService (GrpcService.java:closeImpl(311)) - 0a451e00-33a6-4b23-ac6c-60bab7396ae3: shutdown server GrpcServerProtocolService now
2023-06-07 15:26:37,567 [main] INFO  ozone.MiniOzoneClusterImpl (MiniOzoneClusterImpl.java:stopDatanodes(522)) - Stopping the HddsDatanodes
2023-06-07 15:26:37,568 [0a451e00-33a6-4b23-ac6c-60bab7396ae3@group-633B1637FFE3-StateMachineUpdater] INFO  server.GrpcService (GrpcService.java:closeImpl(320)) - 0a451e00-33a6-4b23-ac6c-60bab7396ae3: shutdown server GrpcServerProtocolService successfully
2023-06-07 15:26:37,570 [main] INFO  ozoneimpl.OzoneContainer (OzoneContainer.java:stop(420)) - Attempting to stop container services.
2023-06-07 15:26:37,571 [main] INFO  server.RaftServer (RaftServerProxy.java:lambda$close$6(416)) - b68586f6-4142-4a4d-8c5b-d51094055ec3: close
2023-06-07 15:26:37,571 [b68586f6-4142-4a4d-8c5b-d51094055ec3-impl-thread1] INFO  server.RaftServer$Division (RaftServerImpl.java:lambda$close$4(466)) - b68586f6-4142-4a4d-8c5b-d51094055ec3@group-39CABA6E3D65: shutdown
2023-06-07 15:26:37,572 [b68586f6-4142-4a4d-8c5b-d51094055ec3-impl-thread1] INFO  util.JmxRegister (JmxRegister.java:unregister(73)) - Successfully un-registered JMX Bean with object name Ratis:service=RaftServer,group=group-39CABA6E3D65,id=b68586f6-4142-4a4d-8c5b-d51094055ec3
2023-06-07 15:26:37,572 [b68586f6-4142-4a4d-8c5b-d51094055ec3-impl-thread1] INFO  impl.RoleInfo (RoleInfo.java:shutdownLeaderState(93)) - b68586f6-4142-4a4d-8c5b-d51094055ec3: shutdown b68586f6-4142-4a4d-8c5b-d51094055ec3@group-39CABA6E3D65-LeaderStateImpl
2023-06-07 15:26:37,573 [b68586f6-4142-4a4d-8c5b-d51094055ec3-impl-thread2] INFO  server.RaftServer$Division (RaftServerImpl.java:lambda$close$4(466)) - b68586f6-4142-4a4d-8c5b-d51094055ec3@group-2279FF80AA39: shutdown
2023-06-07 15:26:37,573 [main] INFO  server.GrpcService (GrpcService.java:closeImpl(311)) - b68586f6-4142-4a4d-8c5b-d51094055ec3: shutdown server org.apache.ratis.grpc.server.GrpcClientProtocolService now
2023-06-07 15:26:37,573 [b68586f6-4142-4a4d-8c5b-d51094055ec3-impl-thread2] INFO  util.JmxRegister (JmxRegister.java:unregister(73)) - Successfully un-registered JMX Bean with object name Ratis:service=RaftServer,group=group-2279FF80AA39,id=b68586f6-4142-4a4d-8c5b-d51094055ec3
2023-06-07 15:26:37,573 [b68586f6-4142-4a4d-8c5b-d51094055ec3-impl-thread2] INFO  impl.RoleInfo (RoleInfo.java:shutdownFollowerState(110)) - b68586f6-4142-4a4d-8c5b-d51094055ec3: shutdown b68586f6-4142-4a4d-8c5b-d51094055ec3@group-2279FF80AA39-FollowerState
2023-06-07 15:26:37,574 [b68586f6-4142-4a4d-8c5b-d51094055ec3@group-2279FF80AA39-FollowerState] INFO  impl.FollowerState (FollowerState.java:run(152)) - b68586f6-4142-4a4d-8c5b-d51094055ec3@group-2279FF80AA39-FollowerState was interrupted
2023-06-07 15:26:37,574 [b68586f6-4142-4a4d-8c5b-d51094055ec3-impl-thread2] INFO  impl.StateMachineUpdater (StateMachineUpdater.java:stopAndJoin(155)) - b68586f6-4142-4a4d-8c5b-d51094055ec3@group-2279FF80AA39-StateMachineUpdater: set stopIndex = -1
2023-06-07 15:26:37,577 [JvmPauseMonitor1] INFO  util.JvmPauseMonitor (JvmPauseMonitor.java:run(109)) - JvmPauseMonitor-0a451e00-33a6-4b23-ac6c-60bab7396ae3: Stopped
2023-06-07 15:26:37,577 [b68586f6-4142-4a4d-8c5b-d51094055ec3-impl-thread2] INFO  server.RaftServer$Division (ServerState.java:close(472)) - b68586f6-4142-4a4d-8c5b-d51094055ec3@group-2279FF80AA39: closes. applyIndex: -1
2023-06-07 15:26:37,575 [ForkJoinPool.commonPool-worker-0] INFO  ozoneimpl.OzoneContainer (OzoneContainer.java:stop(420)) - Attempting to stop container services.
2023-06-07 15:26:37,574 [b68586f6-4142-4a4d-8c5b-d51094055ec3-impl-thread3] INFO  server.RaftServer$Division (RaftServerImpl.java:lambda$close$4(466)) - b68586f6-4142-4a4d-8c5b-d51094055ec3@group-FA6116214E09: shutdown
2023-06-07 15:26:37,578 [b68586f6-4142-4a4d-8c5b-d51094055ec3-impl-thread3] INFO  util.JmxRegister (JmxRegister.java:unregister(73)) - Successfully un-registered JMX Bean with object name Ratis:service=RaftServer,group=group-FA6116214E09,id=b68586f6-4142-4a4d-8c5b-d51094055ec3
2023-06-07 15:26:37,574 [b68586f6-4142-4a4d-8c5b-d51094055ec3@group-39CABA6E3D65->5488e40f-93a9-4de4-b5c9-c05ea7e880d3-GrpcLogAppender-LogAppenderDaemon] WARN  server.GrpcLogAppender (GrpcLogAppender.java:mayWait(199)) - b68586f6-4142-4a4d-8c5b-d51094055ec3@group-39CABA6E3D65->5488e40f-93a9-4de4-b5c9-c05ea7e880d3-GrpcLogAppender: Wait interrupted by java.lang.InterruptedException
2023-06-07 15:26:37,574 [b68586f6-4142-4a4d-8c5b-d51094055ec3-impl-thread1] INFO  impl.PendingRequests (PendingRequests.java:sendNotLeaderResponses(289)) - b68586f6-4142-4a4d-8c5b-d51094055ec3@group-39CABA6E3D65-PendingRequests: sendNotLeaderResponses
2023-06-07 15:26:37,579 [b68586f6-4142-4a4d-8c5b-d51094055ec3-impl-thread1] INFO  impl.StateMachineUpdater (StateMachineUpdater.java:stopAndJoin(155)) - b68586f6-4142-4a4d-8c5b-d51094055ec3@group-39CABA6E3D65-StateMachineUpdater: set stopIndex = 0
2023-06-07 15:26:37,579 [b68586f6-4142-4a4d-8c5b-d51094055ec3@group-39CABA6E3D65-StateMachineUpdater] INFO  ratis.ContainerStateMachine (ContainerStateMachine.java:takeSnapshot(330)) - group-39CABA6E3D65: Taking a snapshot at:(t:1, i:0) file /home/runner/work/ozone/ozone/hadoop-ozone/integration-test/target/test-dir/MiniOzoneClusterImpl-330ddc53-3c17-4d0b-8a33-633b1637ffe3/datanode-1/data/ratis/e531cddc-b1e3-4d76-8148-39caba6e3d65/sm/snapshot.1_0
2023-06-07 15:26:37,580 [ForkJoinPool.commonPool-worker-0] INFO  server.RaftServer (RaftServerProxy.java:lambda$close$6(416)) - 1ed02a02-c65b-4bf1-b3c4-949e11413941: close
2023-06-07 15:26:37,580 [ForkJoinPool.commonPool-worker-0] INFO  server.GrpcService (GrpcService.java:closeImpl(311)) - 1ed02a02-c65b-4bf1-b3c4-949e11413941: shutdown server org.apache.ratis.grpc.server.GrpcClientProtocolService now
2023-06-07 15:26:37,584 [grpc-default-executor-3] INFO  server.GrpcServerProtocolService (GrpcServerProtocolService.java:onCompleted(155)) - 5488e40f-93a9-4de4-b5c9-c05ea7e880d3: Completed APPEND_ENTRIES, lastRequest: null
2023-06-07 15:26:37,579 [b68586f6-4142-4a4d-8c5b-d51094055ec3-impl-thread3] INFO  impl.RoleInfo (RoleInfo.java:shutdownLeaderState(93)) - b68586f6-4142-4a4d-8c5b-d51094055ec3: shutdown b68586f6-4142-4a4d-8c5b-d51094055ec3@group-FA6116214E09-LeaderStateImpl
2023-06-07 15:26:37,578 [SCMHATransactionMonitorThread] WARN  SCMHATransactionMonitor (BackgroundSCMService.java:run(115)) - SCMHATransactionMonitor is interrupted, exit
2023-06-07 15:26:37,578 [0a451e00-33a6-4b23-ac6c-60bab7396ae3@group-633B1637FFE3-StateMachineUpdater] INFO  SCMHATransactionMonitor (BackgroundSCMService.java:stop(131)) - Stopping SCMHATransactionMonitor Service.
2023-06-07 15:26:37,578 [Thread-400] INFO  server.GrpcServerProtocolClient (GrpcServerProtocolClient.java:close(103)) - 5488e40f-93a9-4de4-b5c9-c05ea7e880d3 Close channels
2023-06-07 15:26:37,578 [Thread-398] INFO  server.GrpcServerProtocolClient (GrpcServerProtocolClient.java:close(103)) - 1ed02a02-c65b-4bf1-b3c4-949e11413941 Close channels
2023-06-07 15:26:37,588 [grpc-default-executor-4] INFO  server.GrpcServerProtocolService (GrpcServerProtocolService.java:onCompleted(155)) - 5488e40f-93a9-4de4-b5c9-c05ea7e880d3: Completed APPEND_ENTRIES, lastRequest: b68586f6-4142-4a4d-8c5b-d51094055ec3->5488e40f-93a9-4de4-b5c9-c05ea7e880d3#1-t1,previous=(t:0, i:0),leaderCommit=-1,initializing? true,entries: size=1, first=(t:1, i:0), CONFIGURATIONENTRY(current:id: "1ed02a02-c65b-4bf1-b3c4-949e11413941"
address: "10.1.0.36:15014"
dataStreamAddress: "10.1.0.36:15015"
clientAddress: "10.1.0.36:15012"
adminAddress: "10.1.0.36:15013"
startupRole: FOLLOWER
,id: "b68586f6-4142-4a4d-8c5b-d51094055ec3"
address: "10.1.0.36:15023"
priority: 1
dataStreamAddress: "10.1.0.36:15024"
clientAddress: "10.1.0.36:15021"
adminAddress: "10.1.0.36:15022"
startupRole: FOLLOWER
,id: "5488e40f-93a9-4de4-b5c9-c05ea7e880d3"
address: "10.1.0.36:15032"
dataStreamAddress: "10.1.0.36:15033"
clientAddress: "10.1.0.36:15030"
adminAddress: "10.1.0.36:15031"
startupRole: FOLLOWER
, old:)
2023-06-07 15:26:37,588 [grpc-default-executor-4] INFO  server.GrpcServerProtocolService (GrpcServerProtocolService.java:lambda$onCompleted$5(157)) - 5488e40f-93a9-4de4-b5c9-c05ea7e880d3: Completed APPEND_ENTRIES, lastReply: null
2023-06-07 15:26:37,588 [1ed02a02-c65b-4bf1-b3c4-949e11413941-impl-thread3] INFO  server.RaftServer$Division (RaftServerImpl.java:lambda$close$4(466)) - 1ed02a02-c65b-4bf1-b3c4-949e11413941@group-2279FF80AA39: shutdown
2023-06-07 15:26:37,588 [1ed02a02-c65b-4bf1-b3c4-949e11413941-impl-thread3] INFO  util.JmxRegister (JmxRegister.java:unregister(73)) - Successfully un-registered JMX Bean with object name Ratis:service=RaftServer,group=group-2279FF80AA39,id=1ed02a02-c65b-4bf1-b3c4-949e11413941
2023-06-07 15:26:37,588 [1ed02a02-c65b-4bf1-b3c4-949e11413941-impl-thread3] INFO  impl.RoleInfo (RoleInfo.java:shutdownLeaderState(93)) - 1ed02a02-c65b-4bf1-b3c4-949e11413941: shutdown 1ed02a02-c65b-4bf1-b3c4-949e11413941@group-2279FF80AA39-LeaderStateImpl
2023-06-07 15:26:37,574 [b68586f6-4142-4a4d-8c5b-d51094055ec3@group-39CABA6E3D65->1ed02a02-c65b-4bf1-b3c4-949e11413941-GrpcLogAppender-LogAppenderDaemon] WARN  server.GrpcLogAppender (GrpcLogAppender.java:mayWait(199)) - b68586f6-4142-4a4d-8c5b-d51094055ec3@group-39CABA6E3D65->1ed02a02-c65b-4bf1-b3c4-949e11413941-GrpcLogAppender: Wait interrupted by java.lang.InterruptedException
2023-06-07 15:26:37,587 [1ed02a02-c65b-4bf1-b3c4-949e11413941-impl-thread2] INFO  server.RaftServer$Division (RaftServerImpl.java:lambda$close$4(466)) - 1ed02a02-c65b-4bf1-b3c4-949e11413941@group-39CABA6E3D65: shutdown
2023-06-07 15:26:37,594 [1ed02a02-c65b-4bf1-b3c4-949e11413941-impl-thread2] INFO  util.JmxRegister (JmxRegister.java:unregister(73)) - Successfully un-registered JMX Bean with object name Ratis:service=RaftServer,group=group-39CABA6E3D65,id=1ed02a02-c65b-4bf1-b3c4-949e11413941
2023-06-07 15:26:37,594 [1ed02a02-c65b-4bf1-b3c4-949e11413941-impl-thread2] INFO  impl.RoleInfo (RoleInfo.java:shutdownFollowerState(110)) - 1ed02a02-c65b-4bf1-b3c4-949e11413941: shutdown 1ed02a02-c65b-4bf1-b3c4-949e11413941@group-39CABA6E3D65-FollowerState
2023-06-07 15:26:37,585 [0a451e00-33a6-4b23-ac6c-60bab7396ae3@group-633B1637FFE3-StateMachineUpdater] INFO  pipeline.BackgroundPipelineCreator (BackgroundPipelineCreator.java:stop(149)) - Stopping RatisPipelineUtilsThread.
2023-06-07 15:26:37,585 [b68586f6-4142-4a4d-8c5b-d51094055ec3-impl-thread3] INFO  impl.PendingRequests (PendingRequests.java:sendNotLeaderResponses(289)) - b68586f6-4142-4a4d-8c5b-d51094055ec3@group-FA6116214E09-PendingRequests: sendNotLeaderResponses
2023-06-07 15:26:37,595 [grpc-default-executor-0] INFO  server.GrpcLogAppender (GrpcLogAppender.java:onCompleted(428)) - b68586f6-4142-4a4d-8c5b-d51094055ec3@group-39CABA6E3D65->5488e40f-93a9-4de4-b5c9-c05ea7e880d3-AppendLogResponseHandler: follower responses appendEntries COMPLETED
2023-06-07 15:26:37,584 [1ed02a02-c65b-4bf1-b3c4-949e11413941-impl-thread1] INFO  server.RaftServer$Division (RaftServerImpl.java:lambda$close$4(466)) - 1ed02a02-c65b-4bf1-b3c4-949e11413941@group-F196DF4D0192: shutdown
2023-06-07 15:26:37,596 [1ed02a02-c65b-4bf1-b3c4-949e11413941-impl-thread1] INFO  util.JmxRegister (JmxRegister.java:unregister(73)) - Successfully un-registered JMX Bean with object name Ratis:service=RaftServer,group=group-F196DF4D0192,id=1ed02a02-c65b-4bf1-b3c4-949e11413941
2023-06-07 15:26:37,596 [grpc-default-executor-0] WARN  server.GrpcLogAppender (GrpcLogAppender.java:resetClient(137)) - b68586f6-4142-4a4d-8c5b-d51094055ec3@group-39CABA6E3D65->5488e40f-93a9-4de4-b5c9-c05ea7e880d3-GrpcLogAppender: Failed to getClient for 5488e40f-93a9-4de4-b5c9-c05ea7e880d3
org.apache.ratis.protocol.exceptions.AlreadyClosedException: b68586f6-4142-4a4d-8c5b-d51094055ec3 is already CLOSED
	at org.apache.ratis.util.PeerProxyMap$PeerAndProxy.getProxy(PeerProxyMap.java:61)
	at org.apache.ratis.util.PeerProxyMap.getProxy(PeerProxyMap.java:115)
	at org.apache.ratis.grpc.server.GrpcLogAppender.getClient(GrpcLogAppender.java:112)
	at org.apache.ratis.grpc.server.GrpcLogAppender.resetClient(GrpcLogAppender.java:117)
	at org.apache.ratis.grpc.server.GrpcLogAppender.access$500(GrpcLogAppender.java:56)
	at org.apache.ratis.grpc.server.GrpcLogAppender$AppendLogResponseHandler.onCompleted(GrpcLogAppender.java:429)
	at org.apache.ratis.thirdparty.io.grpc.stub.ClientCalls$StreamObserverToCallListenerAdapter.onClose(ClientCalls.java:485)
	at org.apache.ratis.thirdparty.io.grpc.internal.ClientCallImpl.closeObserver(ClientCallImpl.java:563)
	at org.apache.ratis.thirdparty.io.grpc.internal.ClientCallImpl.access$300(ClientCallImpl.java:70)
	at org.apache.ratis.thirdparty.io.grpc.internal.ClientCallImpl$ClientStreamListenerImpl$1StreamClosed.runInternal(ClientCallImpl.java:744)
	at org.apache.ratis.thirdparty.io.grpc.internal.ClientCallImpl$ClientStreamListenerImpl$1StreamClosed.runInContext(ClientCallImpl.java:723)
	at org.apache.ratis.thirdparty.io.grpc.internal.ContextRunnable.run(ContextRunnable.java:37)
	at org.apache.ratis.thirdparty.io.grpc.internal.SerializingExecutor.run(SerializingExecutor.java:133)
	at java.util.concurrent.ThreadPoolExecutor.runWorker(ThreadPoolExecutor.java:1149)
	at java.util.concurrent.ThreadPoolExecutor$Worker.run(ThreadPoolExecutor.java:624)
	at java.lang.Thread.run(Thread.java:750)
2023-06-07 15:26:37,596 [b68586f6-4142-4a4d-8c5b-d51094055ec3-impl-thread3] INFO  impl.StateMachineUpdater (StateMachineUpdater.java:stopAndJoin(155)) - b68586f6-4142-4a4d-8c5b-d51094055ec3@group-FA6116214E09-StateMachineUpdater: set stopIndex = 0
2023-06-07 15:26:37,597 [grpc-default-executor-3] INFO  server.GrpcServerProtocolService (GrpcServerProtocolService.java:lambda$onCompleted$5(157)) - 5488e40f-93a9-4de4-b5c9-c05ea7e880d3: Completed APPEND_ENTRIES, lastReply: serverReply {
  requestorId: "b68586f6-4142-4a4d-8c5b-d51094055ec3"
  replyId: "5488e40f-93a9-4de4-b5c9-c05ea7e880d3"
  raftGroupId {
    id: "\3451\315\334\261\343Mv\201H9\312\272n=e"
  }
  success: true
}
term: 1
nextIndex: 1
followerCommit: 18446744073709551615
matchIndex: 18446744073709551615
isHearbeat: true

2023-06-07 15:26:37,597 [b68586f6-4142-4a4d-8c5b-d51094055ec3@group-FA6116214E09-StateMachineUpdater] INFO  ratis.ContainerStateMachine (ContainerStateMachine.java:takeSnapshot(330)) - group-FA6116214E09: Taking a snapshot at:(t:1, i:0) file /home/runner/work/ozone/ozone/hadoop-ozone/integration-test/target/test-dir/MiniOzoneClusterImpl-330ddc53-3c17-4d0b-8a33-633b1637ffe3/datanode-1/data/ratis/5cc64946-afb0-4146-8634-fa6116214e09/sm/snapshot.1_0
2023-06-07 15:26:37,596 [grpc-default-executor-2] INFO  server.GrpcServerProtocolService (GrpcServerProtocolService.java:onCompleted(155)) - 1ed02a02-c65b-4bf1-b3c4-949e11413941: Completed APPEND_ENTRIES, lastRequest: null
2023-06-07 15:26:37,597 [grpc-default-executor-2] INFO  server.GrpcServerProtocolService (GrpcServerProtocolService.java:lambda$onCompleted$5(157)) - 1ed02a02-c65b-4bf1-b3c4-949e11413941: Completed APPEND_ENTRIES, lastReply: serverReply {
  requestorId: "b68586f6-4142-4a4d-8c5b-d51094055ec3"
  replyId: "1ed02a02-c65b-4bf1-b3c4-949e11413941"
  raftGroupId {
    id: "\3451\315\334\261\343Mv\201H9\312\272n=e"
  }
  success: true
}
term: 1
followerCommit: 18446744073709551615
matchIndex: 18446744073709551615
isHearbeat: true

2023-06-07 15:26:37,596 [1ed02a02-c65b-4bf1-b3c4-949e11413941-impl-thread1] INFO  impl.RoleInfo (RoleInfo.java:shutdownLeaderState(93)) - 1ed02a02-c65b-4bf1-b3c4-949e11413941: shutdown 1ed02a02-c65b-4bf1-b3c4-949e11413941@group-F196DF4D0192-LeaderStateImpl
2023-06-07 15:26:37,598 [1ed02a02-c65b-4bf1-b3c4-949e11413941-impl-thread1] INFO  impl.PendingRequests (PendingRequests.java:sendNotLeaderResponses(289)) - 1ed02a02-c65b-4bf1-b3c4-949e11413941@group-F196DF4D0192-PendingRequests: sendNotLeaderResponses
2023-06-07 15:26:37,598 [1ed02a02-c65b-4bf1-b3c4-949e11413941-impl-thread1] INFO  impl.StateMachineUpdater (StateMachineUpdater.java:stopAndJoin(155)) - 1ed02a02-c65b-4bf1-b3c4-949e11413941@group-F196DF4D0192-StateMachineUpdater: set stopIndex = 0
2023-06-07 15:26:37,598 [1ed02a02-c65b-4bf1-b3c4-949e11413941@group-F196DF4D0192-StateMachineUpdater] INFO  ratis.ContainerStateMachine (ContainerStateMachine.java:takeSnapshot(330)) - group-F196DF4D0192: Taking a snapshot at:(t:1, i:0) file /home/runner/work/ozone/ozone/hadoop-ozone/integration-test/target/test-dir/MiniOzoneClusterImpl-330ddc53-3c17-4d0b-8a33-633b1637ffe3/datanode-0/data/ratis/3466195d-3e7d-4f7c-b4b3-f196df4d0192/sm/snapshot.1_0
2023-06-07 15:26:37,599 [grpc-default-executor-4] INFO  server.GrpcServerProtocolService (GrpcServerProtocolService.java:onCompleted(155)) - 1ed02a02-c65b-4bf1-b3c4-949e11413941: Completed APPEND_ENTRIES, lastRequest: b68586f6-4142-4a4d-8c5b-d51094055ec3->1ed02a02-c65b-4bf1-b3c4-949e11413941#1-t1,previous=(t:0, i:0),leaderCommit=-1,initializing? true,entries: size=1, first=(t:1, i:0), CONFIGURATIONENTRY(current:id: "1ed02a02-c65b-4bf1-b3c4-949e11413941"
address: "10.1.0.36:15014"
dataStreamAddress: "10.1.0.36:15015"
clientAddress: "10.1.0.36:15012"
adminAddress: "10.1.0.36:15013"
startupRole: FOLLOWER
,id: "b68586f6-4142-4a4d-8c5b-d51094055ec3"
address: "10.1.0.36:15023"
priority: 1
dataStreamAddress: "10.1.0.36:15024"
clientAddress: "10.1.0.36:15021"
adminAddress: "10.1.0.36:15022"
startupRole: FOLLOWER
,id: "5488e40f-93a9-4de4-b5c9-c05ea7e880d3"
address: "10.1.0.36:15032"
dataStreamAddress: "10.1.0.36:15033"
clientAddress: "10.1.0.36:15030"
adminAddress: "10.1.0.36:15031"
startupRole: FOLLOWER
, old:)
2023-06-07 15:26:37,599 [grpc-default-executor-4] INFO  server.GrpcServerProtocolService (GrpcServerProtocolService.java:lambda$onCompleted$5(157)) - 1ed02a02-c65b-4bf1-b3c4-949e11413941: Completed APPEND_ENTRIES, lastReply: null
2023-06-07 15:26:37,600 [grpc-default-executor-2] INFO  server.GrpcLogAppender (GrpcLogAppender.java:onCompleted(428)) - b68586f6-4142-4a4d-8c5b-d51094055ec3@group-39CABA6E3D65->5488e40f-93a9-4de4-b5c9-c05ea7e880d3-AppendLogResponseHandler: follower responses appendEntries COMPLETED
2023-06-07 15:26:37,600 [grpc-default-executor-2] WARN  server.GrpcLogAppender (GrpcLogAppender.java:resetClient(137)) - b68586f6-4142-4a4d-8c5b-d51094055ec3@group-39CABA6E3D65->5488e40f-93a9-4de4-b5c9-c05ea7e880d3-GrpcLogAppender: Failed to getClient for 5488e40f-93a9-4de4-b5c9-c05ea7e880d3
org.apache.ratis.protocol.exceptions.AlreadyClosedException: b68586f6-4142-4a4d-8c5b-d51094055ec3 is already CLOSED
	at org.apache.ratis.util.PeerProxyMap$PeerAndProxy.getProxy(PeerProxyMap.java:61)
	at org.apache.ratis.util.PeerProxyMap.getProxy(PeerProxyMap.java:115)
	at org.apache.ratis.grpc.server.GrpcLogAppender.getClient(GrpcLogAppender.java:112)
	at org.apache.ratis.grpc.server.GrpcLogAppender.resetClient(GrpcLogAppender.java:117)
	at org.apache.ratis.grpc.server.GrpcLogAppender.access$500(GrpcLogAppender.java:56)
	at org.apache.ratis.grpc.server.GrpcLogAppender$AppendLogResponseHandler.onCompleted(GrpcLogAppender.java:429)
	at org.apache.ratis.thirdparty.io.grpc.stub.ClientCalls$StreamObserverToCallListenerAdapter.onClose(ClientCalls.java:485)
	at org.apache.ratis.thirdparty.io.grpc.internal.ClientCallImpl.closeObserver(ClientCallImpl.java:563)
	at org.apache.ratis.thirdparty.io.grpc.internal.ClientCallImpl.access$300(ClientCallImpl.java:70)
	at org.apache.ratis.thirdparty.io.grpc.internal.ClientCallImpl$ClientStreamListenerImpl$1StreamClosed.runInternal(ClientCallImpl.java:744)
	at org.apache.ratis.thirdparty.io.grpc.internal.ClientCallImpl$ClientStreamListenerImpl$1StreamClosed.runInContext(ClientCallImpl.java:723)
	at org.apache.ratis.thirdparty.io.grpc.internal.ContextRunnable.run(ContextRunnable.java:37)
	at org.apache.ratis.thirdparty.io.grpc.internal.SerializingExecutor.run(SerializingExecutor.java:133)
	at java.util.concurrent.ThreadPoolExecutor.runWorker(ThreadPoolExecutor.java:1149)
	at java.util.concurrent.ThreadPoolExecutor$Worker.run(ThreadPoolExecutor.java:624)
	at java.lang.Thread.run(Thread.java:750)
2023-06-07 15:26:37,610 [RatisPipelineUtilsThread - 0] WARN  pipeline.BackgroundPipelineCreator (BackgroundPipelineCreator.java:run(180)) - RatisPipelineUtilsThread is interrupted.
2023-06-07 15:26:37,610 [grpc-default-executor-3] INFO  server.GrpcLogAppender (GrpcLogAppender.java:onCompleted(428)) - b68586f6-4142-4a4d-8c5b-d51094055ec3@group-39CABA6E3D65->1ed02a02-c65b-4bf1-b3c4-949e11413941-AppendLogResponseHandler: follower responses appendEntries COMPLETED
2023-06-07 15:26:37,610 [grpc-default-executor-3] WARN  server.GrpcLogAppender (GrpcLogAppender.java:resetClient(137)) - b68586f6-4142-4a4d-8c5b-d51094055ec3@group-39CABA6E3D65->1ed02a02-c65b-4bf1-b3c4-949e11413941-GrpcLogAppender: Failed to getClient for 1ed02a02-c65b-4bf1-b3c4-949e11413941
org.apache.ratis.protocol.exceptions.AlreadyClosedException: b68586f6-4142-4a4d-8c5b-d51094055ec3 is already CLOSED
	at org.apache.ratis.util.PeerProxyMap$PeerAndProxy.getProxy(PeerProxyMap.java:61)
	at org.apache.ratis.util.PeerProxyMap.getProxy(PeerProxyMap.java:115)
	at org.apache.ratis.grpc.server.GrpcLogAppender.getClient(GrpcLogAppender.java:112)
	at org.apache.ratis.grpc.server.GrpcLogAppender.resetClient(GrpcLogAppender.java:117)
	at org.apache.ratis.grpc.server.GrpcLogAppender.access$500(GrpcLogAppender.java:56)
	at org.apache.ratis.grpc.server.GrpcLogAppender$AppendLogResponseHandler.onCompleted(GrpcLogAppender.java:429)
	at org.apache.ratis.thirdparty.io.grpc.stub.ClientCalls$StreamObserverToCallListenerAdapter.onClose(ClientCalls.java:485)
	at org.apache.ratis.thirdparty.io.grpc.internal.DelayedClientCall$DelayedListener$3.run(DelayedClientCall.java:471)
	at org.apache.ratis.thirdparty.io.grpc.internal.DelayedClientCall$DelayedListener.delayOrExecute(DelayedClientCall.java:435)
	at org.apache.ratis.thirdparty.io.grpc.internal.DelayedClientCall$DelayedListener.onClose(DelayedClientCall.java:468)
	at org.apache.ratis.thirdparty.io.grpc.internal.ClientCallImpl.closeObserver(ClientCallImpl.java:563)
	at org.apache.ratis.thirdparty.io.grpc.internal.ClientCallImpl.access$300(ClientCallImpl.java:70)
	at org.apache.ratis.thirdparty.io.grpc.internal.ClientCallImpl$ClientStreamListenerImpl$1StreamClosed.runInternal(ClientCallImpl.java:744)
	at org.apache.ratis.thirdparty.io.grpc.internal.ClientCallImpl$ClientStreamListenerImpl$1StreamClosed.runInContext(ClientCallImpl.java:723)
	at org.apache.ratis.thirdparty.io.grpc.internal.ContextRunnable.run(ContextRunnable.java:37)
	at org.apache.ratis.thirdparty.io.grpc.internal.SerializingExecutor.run(SerializingExecutor.java:133)
	at java.util.concurrent.ThreadPoolExecutor.runWorker(ThreadPoolExecutor.java:1149)
	at java.util.concurrent.ThreadPoolExecutor$Worker.run(ThreadPoolExecutor.java:624)
	at java.lang.Thread.run(Thread.java:750)
2023-06-07 15:26:37,611 [1ed02a02-c65b-4bf1-b3c4-949e11413941@group-39CABA6E3D65-FollowerState] INFO  impl.FollowerState (FollowerState.java:run(152)) - 1ed02a02-c65b-4bf1-b3c4-949e11413941@group-39CABA6E3D65-FollowerState was interrupted
2023-06-07 15:26:37,612 [1ed02a02-c65b-4bf1-b3c4-949e11413941-impl-thread3] INFO  impl.PendingRequests (PendingRequests.java:sendNotLeaderResponses(289)) - 1ed02a02-c65b-4bf1-b3c4-949e11413941@group-2279FF80AA39-PendingRequests: sendNotLeaderResponses
2023-06-07 15:26:37,612 [grpc-default-executor-2] INFO  server.GrpcLogAppender (GrpcLogAppender.java:onCompleted(428)) - b68586f6-4142-4a4d-8c5b-d51094055ec3@group-39CABA6E3D65->1ed02a02-c65b-4bf1-b3c4-949e11413941-AppendLogResponseHandler: follower responses appendEntries COMPLETED
2023-06-07 15:26:37,612 [grpc-default-executor-2] WARN  server.GrpcLogAppender (GrpcLogAppender.java:resetClient(137)) - b68586f6-4142-4a4d-8c5b-d51094055ec3@group-39CABA6E3D65->1ed02a02-c65b-4bf1-b3c4-949e11413941-GrpcLogAppender: Failed to getClient for 1ed02a02-c65b-4bf1-b3c4-949e11413941
org.apache.ratis.protocol.exceptions.AlreadyClosedException: b68586f6-4142-4a4d-8c5b-d51094055ec3 is already CLOSED
	at org.apache.ratis.util.PeerProxyMap$PeerAndProxy.getProxy(PeerProxyMap.java:61)
	at org.apache.ratis.util.PeerProxyMap.getProxy(PeerProxyMap.java:115)
	at org.apache.ratis.grpc.server.GrpcLogAppender.getClient(GrpcLogAppender.java:112)
	at org.apache.ratis.grpc.server.GrpcLogAppender.resetClient(GrpcLogAppender.java:117)
	at org.apache.ratis.grpc.server.GrpcLogAppender.access$500(GrpcLogAppender.java:56)
	at org.apache.ratis.grpc.server.GrpcLogAppender$AppendLogResponseHandler.onCompleted(GrpcLogAppender.java:429)
	at org.apache.ratis.thirdparty.io.grpc.stub.ClientCalls$StreamObserverToCallListenerAdapter.onClose(ClientCalls.java:485)
	at org.apache.ratis.thirdparty.io.grpc.internal.ClientCallImpl.closeObserver(ClientCallImpl.java:563)
	at org.apache.ratis.thirdparty.io.grpc.internal.ClientCallImpl.access$300(ClientCallImpl.java:70)
	at org.apache.ratis.thirdparty.io.grpc.internal.ClientCallImpl$ClientStreamListenerImpl$1StreamClosed.runInternal(ClientCallImpl.java:744)
	at org.apache.ratis.thirdparty.io.grpc.internal.ClientCallImpl$ClientStreamListenerImpl$1StreamClosed.runInContext(ClientCallImpl.java:723)
	at org.apache.ratis.thirdparty.io.grpc.internal.ContextRunnable.run(ContextRunnable.java:37)
	at org.apache.ratis.thirdparty.io.grpc.internal.SerializingExecutor.run(SerializingExecutor.java:133)
	at java.util.concurrent.ThreadPoolExecutor.runWorker(ThreadPoolExecutor.java:1149)
	at java.util.concurrent.ThreadPoolExecutor$Worker.run(ThreadPoolExecutor.java:624)
	at java.lang.Thread.run(Thread.java:750)
2023-06-07 15:26:37,611 [BackgroundPipelineScrubberThread] WARN  BackgroundPipelineScrubber (BackgroundSCMService.java:run(115)) - BackgroundPipelineScrubber is interrupted, exit
2023-06-07 15:26:37,612 [1ed02a02-c65b-4bf1-b3c4-949e11413941@group-2279FF80AA39-StateMachineUpdater] INFO  ratis.ContainerStateMachine (ContainerStateMachine.java:takeSnapshot(330)) - group-2279FF80AA39: Taking a snapshot at:(t:1, i:0) file /home/runner/work/ozone/ozone/hadoop-ozone/integration-test/target/test-dir/MiniOzoneClusterImpl-330ddc53-3c17-4d0b-8a33-633b1637ffe3/datanode-0/data/ratis/93b4f364-47de-4e73-a885-2279ff80aa39/sm/snapshot.1_0
2023-06-07 15:26:37,612 [Thread-404] INFO  server.GrpcServerProtocolClient (GrpcServerProtocolClient.java:close(103)) - b68586f6-4142-4a4d-8c5b-d51094055ec3 Close channels
2023-06-07 15:26:37,611 [0a451e00-33a6-4b23-ac6c-60bab7396ae3@group-633B1637FFE3-StateMachineUpdater] INFO  BackgroundPipelineScrubber (BackgroundSCMService.java:stop(131)) - Stopping BackgroundPipelineScrubber Service.
2023-06-07 15:26:37,611 [1ed02a02-c65b-4bf1-b3c4-949e11413941@group-2279FF80AA39->5488e40f-93a9-4de4-b5c9-c05ea7e880d3-GrpcLogAppender-LogAppenderDaemon] WARN  server.GrpcLogAppender (GrpcLogAppender.java:mayWait(199)) - 1ed02a02-c65b-4bf1-b3c4-949e11413941@group-2279FF80AA39->5488e40f-93a9-4de4-b5c9-c05ea7e880d3-GrpcLogAppender: Wait interrupted by java.lang.InterruptedException
2023-06-07 15:26:37,610 [1ed02a02-c65b-4bf1-b3c4-949e11413941@group-2279FF80AA39->b68586f6-4142-4a4d-8c5b-d51094055ec3-GrpcLogAppender-LogAppenderDaemon] WARN  server.GrpcLogAppender (GrpcLogAppender.java:mayWait(199)) - 1ed02a02-c65b-4bf1-b3c4-949e11413941@group-2279FF80AA39->b68586f6-4142-4a4d-8c5b-d51094055ec3-GrpcLogAppender: Wait interrupted by java.lang.InterruptedException
2023-06-07 15:26:37,610 [1ed02a02-c65b-4bf1-b3c4-949e11413941-impl-thread2] INFO  impl.StateMachineUpdater (StateMachineUpdater.java:stopAndJoin(155)) - 1ed02a02-c65b-4bf1-b3c4-949e11413941@group-39CABA6E3D65-StateMachineUpdater: set stopIndex = -1
2023-06-07 15:26:37,616 [1ed02a02-c65b-4bf1-b3c4-949e11413941-impl-thread2] INFO  server.RaftServer$Division (ServerState.java:close(472)) - 1ed02a02-c65b-4bf1-b3c4-949e11413941@group-39CABA6E3D65: closes. applyIndex: -1
2023-06-07 15:26:37,615 [grpc-default-executor-2] INFO  server.GrpcServerProtocolService (GrpcServerProtocolService.java:onCompleted(155)) - 5488e40f-93a9-4de4-b5c9-c05ea7e880d3: Completed APPEND_ENTRIES, lastRequest: null
2023-06-07 15:26:37,615 [main] INFO  server.GrpcService (GrpcService.java:closeImpl(320)) - b68586f6-4142-4a4d-8c5b-d51094055ec3: shutdown server org.apache.ratis.grpc.server.GrpcClientProtocolService successfully
2023-06-07 15:26:37,612 [Thread-405] INFO  server.GrpcServerProtocolClient (GrpcServerProtocolClient.java:close(103)) - 5488e40f-93a9-4de4-b5c9-c05ea7e880d3 Close channels
2023-06-07 15:26:37,612 [1ed02a02-c65b-4bf1-b3c4-949e11413941-impl-thread3] INFO  impl.StateMachineUpdater (StateMachineUpdater.java:stopAndJoin(155)) - 1ed02a02-c65b-4bf1-b3c4-949e11413941@group-2279FF80AA39-StateMachineUpdater: set stopIndex = 0
2023-06-07 15:26:37,619 [grpc-default-executor-0] INFO  server.GrpcServerProtocolService (GrpcServerProtocolService.java:onCompleted(155)) - b68586f6-4142-4a4d-8c5b-d51094055ec3: Completed APPEND_ENTRIES, lastRequest: 1ed02a02-c65b-4bf1-b3c4-949e11413941->b68586f6-4142-4a4d-8c5b-d51094055ec3#1-t1,previous=(t:0, i:0),leaderCommit=-1,initializing? true,entries: size=1, first=(t:1, i:0), CONFIGURATIONENTRY(current:id: "1ed02a02-c65b-4bf1-b3c4-949e11413941"
address: "10.1.0.36:15014"
priority: 1
dataStreamAddress: "10.1.0.36:15015"
clientAddress: "10.1.0.36:15012"
adminAddress: "10.1.0.36:15013"
startupRole: FOLLOWER
,id: "b68586f6-4142-4a4d-8c5b-d51094055ec3"
address: "10.1.0.36:15023"
dataStreamAddress: "10.1.0.36:15024"
clientAddress: "10.1.0.36:15021"
adminAddress: "10.1.0.36:15022"
startupRole: FOLLOWER
,id: "5488e40f-93a9-4de4-b5c9-c05ea7e880d3"
address: "10.1.0.36:15032"
dataStreamAddress: "10.1.0.36:15033"
clientAddress: "10.1.0.36:15030"
adminAddress: "10.1.0.36:15031"
startupRole: FOLLOWER
, old:)
2023-06-07 15:26:37,619 [grpc-default-executor-0] INFO  server.GrpcServerProtocolService (GrpcServerProtocolService.java:lambda$onCompleted$5(157)) - b68586f6-4142-4a4d-8c5b-d51094055ec3: Completed APPEND_ENTRIES, lastReply: null
2023-06-07 15:26:37,618 [main] INFO  server.GrpcService (GrpcService.java:closeImpl(311)) - b68586f6-4142-4a4d-8c5b-d51094055ec3: shutdown server GrpcServerProtocolService now
2023-06-07 15:26:37,618 [0a451e00-33a6-4b23-ac6c-60bab7396ae3@group-633B1637FFE3-StateMachineUpdater] INFO  impl.MetricsSystemImpl (MetricsSystemImpl.java:stop(210)) - Stopping HddsDatanode metrics system...
2023-06-07 15:26:37,621 [prometheus] INFO  impl.MetricsSinkAdapter (MetricsSinkAdapter.java:publishMetricsFromQueue(141)) - prometheus thread interrupted.
2023-06-07 15:26:37,618 [grpc-default-executor-4] INFO  server.GrpcServerProtocolService (GrpcServerProtocolService.java:onCompleted(155)) - b68586f6-4142-4a4d-8c5b-d51094055ec3: Completed APPEND_ENTRIES, lastRequest: null
2023-06-07 15:26:37,622 [grpc-default-executor-4] INFO  server.GrpcServerProtocolService (GrpcServerProtocolService.java:lambda$onCompleted$5(157)) - b68586f6-4142-4a4d-8c5b-d51094055ec3: Completed APPEND_ENTRIES, lastReply: serverReply {
  requestorId: "1ed02a02-c65b-4bf1-b3c4-949e11413941"
  replyId: "b68586f6-4142-4a4d-8c5b-d51094055ec3"
  raftGroupId {
    id: "\223\264\363dG\336Ns\250\205\"y\377\200\2529"
  }
  success: true
}
term: 1
followerCommit: 18446744073709551615
matchIndex: 18446744073709551615
isHearbeat: true

2023-06-07 15:26:37,617 [grpc-default-executor-2] INFO  server.GrpcServerProtocolService (GrpcServerProtocolService.java:lambda$onCompleted$5(157)) - 5488e40f-93a9-4de4-b5c9-c05ea7e880d3: Completed APPEND_ENTRIES, lastReply: serverReply {
  requestorId: "1ed02a02-c65b-4bf1-b3c4-949e11413941"
  replyId: "5488e40f-93a9-4de4-b5c9-c05ea7e880d3"
  raftGroupId {
    id: "\223\264\363dG\336Ns\250\205\"y\377\200\2529"
  }
  success: true
}
term: 1
followerCommit: 18446744073709551615
matchIndex: 18446744073709551615
isHearbeat: true

2023-06-07 15:26:37,622 [grpc-default-executor-3] INFO  server.GrpcServerProtocolService (GrpcServerProtocolService.java:onCompleted(155)) - 5488e40f-93a9-4de4-b5c9-c05ea7e880d3: Completed APPEND_ENTRIES, lastRequest: 1ed02a02-c65b-4bf1-b3c4-949e11413941->5488e40f-93a9-4de4-b5c9-c05ea7e880d3#1-t1,previous=(t:0, i:0),leaderCommit=-1,initializing? true,entries: size=1, first=(t:1, i:0), CONFIGURATIONENTRY(current:id: "1ed02a02-c65b-4bf1-b3c4-949e11413941"
address: "10.1.0.36:15014"
priority: 1
dataStreamAddress: "10.1.0.36:15015"
clientAddress: "10.1.0.36:15012"
adminAddress: "10.1.0.36:15013"
startupRole: FOLLOWER
,id: "b68586f6-4142-4a4d-8c5b-d51094055ec3"
address: "10.1.0.36:15023"
dataStreamAddress: "10.1.0.36:15024"
clientAddress: "10.1.0.36:15021"
adminAddress: "10.1.0.36:15022"
startupRole: FOLLOWER
,id: "5488e40f-93a9-4de4-b5c9-c05ea7e880d3"
address: "10.1.0.36:15032"
dataStreamAddress: "10.1.0.36:15033"
clientAddress: "10.1.0.36:15030"
adminAddress: "10.1.0.36:15031"
startupRole: FOLLOWER
, old:)
2023-06-07 15:26:37,623 [grpc-default-executor-3] INFO  server.GrpcServerProtocolService (GrpcServerProtocolService.java:lambda$onCompleted$5(157)) - 5488e40f-93a9-4de4-b5c9-c05ea7e880d3: Completed APPEND_ENTRIES, lastReply: null
2023-06-07 15:26:37,623 [grpc-default-executor-1] INFO  server.GrpcLogAppender (GrpcLogAppender.java:onCompleted(428)) - 1ed02a02-c65b-4bf1-b3c4-949e11413941@group-2279FF80AA39->b68586f6-4142-4a4d-8c5b-d51094055ec3-AppendLogResponseHandler: follower responses appendEntries COMPLETED
2023-06-07 15:26:37,623 [grpc-default-executor-1] WARN  server.GrpcLogAppender (GrpcLogAppender.java:resetClient(137)) - 1ed02a02-c65b-4bf1-b3c4-949e11413941@group-2279FF80AA39->b68586f6-4142-4a4d-8c5b-d51094055ec3-GrpcLogAppender: Failed to getClient for b68586f6-4142-4a4d-8c5b-d51094055ec3
org.apache.ratis.protocol.exceptions.AlreadyClosedException: 1ed02a02-c65b-4bf1-b3c4-949e11413941 is already CLOSED
	at org.apache.ratis.util.PeerProxyMap$PeerAndProxy.getProxy(PeerProxyMap.java:61)
	at org.apache.ratis.util.PeerProxyMap.getProxy(PeerProxyMap.java:115)
	at org.apache.ratis.grpc.server.GrpcLogAppender.getClient(GrpcLogAppender.java:112)
	at org.apache.ratis.grpc.server.GrpcLogAppender.resetClient(GrpcLogAppender.java:117)
	at org.apache.ratis.grpc.server.GrpcLogAppender.access$500(GrpcLogAppender.java:56)
	at org.apache.ratis.grpc.server.GrpcLogAppender$AppendLogResponseHandler.onCompleted(GrpcLogAppender.java:429)
	at org.apache.ratis.thirdparty.io.grpc.stub.ClientCalls$StreamObserverToCallListenerAdapter.onClose(ClientCalls.java:485)
	at org.apache.ratis.thirdparty.io.grpc.internal.ClientCallImpl.closeObserver(ClientCallImpl.java:563)
	at org.apache.ratis.thirdparty.io.grpc.internal.ClientCallImpl.access$300(ClientCallImpl.java:70)
	at org.apache.ratis.thirdparty.io.grpc.internal.ClientCallImpl$ClientStreamListenerImpl$1StreamClosed.runInternal(ClientCallImpl.java:744)
	at org.apache.ratis.thirdparty.io.grpc.internal.ClientCallImpl$ClientStreamListenerImpl$1StreamClosed.runInContext(ClientCallImpl.java:723)
	at org.apache.ratis.thirdparty.io.grpc.internal.ContextRunnable.run(ContextRunnable.java:37)
	at org.apache.ratis.thirdparty.io.grpc.internal.SerializingExecutor.run(SerializingExecutor.java:133)
	at java.util.concurrent.ThreadPoolExecutor.runWorker(ThreadPoolExecutor.java:1149)
	at java.util.concurrent.ThreadPoolExecutor$Worker.run(ThreadPoolExecutor.java:624)
	at java.lang.Thread.run(Thread.java:750)
2023-06-07 15:26:37,623 [grpc-default-executor-2] INFO  server.GrpcLogAppender (GrpcLogAppender.java:onCompleted(428)) - 1ed02a02-c65b-4bf1-b3c4-949e11413941@group-2279FF80AA39->b68586f6-4142-4a4d-8c5b-d51094055ec3-AppendLogResponseHandler: follower responses appendEntries COMPLETED
2023-06-07 15:26:37,623 [grpc-default-executor-2] WARN  server.GrpcLogAppender (GrpcLogAppender.java:resetClient(137)) - 1ed02a02-c65b-4bf1-b3c4-949e11413941@group-2279FF80AA39->b68586f6-4142-4a4d-8c5b-d51094055ec3-GrpcLogAppender: Failed to getClient for b68586f6-4142-4a4d-8c5b-d51094055ec3
org.apache.ratis.protocol.exceptions.AlreadyClosedException: 1ed02a02-c65b-4bf1-b3c4-949e11413941 is already CLOSED
	at org.apache.ratis.util.PeerProxyMap$PeerAndProxy.getProxy(PeerProxyMap.java:61)
	at org.apache.ratis.util.PeerProxyMap.getProxy(PeerProxyMap.java:115)
	at org.apache.ratis.grpc.server.GrpcLogAppender.getClient(GrpcLogAppender.java:112)
	at org.apache.ratis.grpc.server.GrpcLogAppender.resetClient(GrpcLogAppender.java:117)
	at org.apache.ratis.grpc.server.GrpcLogAppender.access$500(GrpcLogAppender.java:56)
	at org.apache.ratis.grpc.server.GrpcLogAppender$AppendLogResponseHandler.onCompleted(GrpcLogAppender.java:429)
	at org.apache.ratis.thirdparty.io.grpc.stub.ClientCalls$StreamObserverToCallListenerAdapter.onClose(ClientCalls.java:485)
	at org.apache.ratis.thirdparty.io.grpc.internal.ClientCallImpl.closeObserver(ClientCallImpl.java:563)
	at org.apache.ratis.thirdparty.io.grpc.internal.ClientCallImpl.access$300(ClientCallImpl.java:70)
	at org.apache.ratis.thirdparty.io.grpc.internal.ClientCallImpl$ClientStreamListenerImpl$1StreamClosed.runInternal(ClientCallImpl.java:744)
	at org.apache.ratis.thirdparty.io.grpc.internal.ClientCallImpl$ClientStreamListenerImpl$1StreamClosed.runInContext(ClientCallImpl.java:723)
	at org.apache.ratis.thirdparty.io.grpc.internal.ContextRunnable.run(ContextRunnable.java:37)
	at org.apache.ratis.thirdparty.io.grpc.internal.SerializingExecutor.run(SerializingExecutor.java:133)
	at java.util.concurrent.ThreadPoolExecutor.runWorker(ThreadPoolExecutor.java:1149)
	at java.util.concurrent.ThreadPoolExecutor$Worker.run(ThreadPoolExecutor.java:624)
	at java.lang.Thread.run(Thread.java:750)
2023-06-07 15:26:37,629 [0a451e00-33a6-4b23-ac6c-60bab7396ae3@group-633B1637FFE3-StateMachineUpdater] INFO  impl.MetricsSystemImpl (MetricsSystemImpl.java:stop(216)) - HddsDatanode metrics system stopped.
2023-06-07 15:26:37,629 [0a451e00-33a6-4b23-ac6c-60bab7396ae3@group-633B1637FFE3-StateMachineUpdater] WARN  pipeline.BackgroundPipelineCreator (BackgroundPipelineCreator.java:stop(145)) - RatisPipelineUtilsThread is not running, just ignore.
2023-06-07 15:26:37,629 [0a451e00-33a6-4b23-ac6c-60bab7396ae3@group-633B1637FFE3-StateMachineUpdater] INFO  BackgroundPipelineScrubber (BackgroundSCMService.java:stop(126)) - BackgroundPipelineScrubber Service is not running, skip stop.
2023-06-07 15:26:37,629 [0a451e00-33a6-4b23-ac6c-60bab7396ae3@group-633B1637FFE3-StateMachineUpdater] INFO  ExpiredContainerReplicaOpScrubber (BackgroundSCMService.java:stop(131)) - Stopping ExpiredContainerReplicaOpScrubber Service.
2023-06-07 15:26:37,630 [0a451e00-33a6-4b23-ac6c-60bab7396ae3@group-633B1637FFE3-StateMachineUpdater] INFO  utils.BackgroundService (BackgroundService.java:shutdown(141)) - Shutting down service SCMBlockDeletingService
2023-06-07 15:26:37,630 [0a451e00-33a6-4b23-ac6c-60bab7396ae3@group-633B1637FFE3-StateMachineUpdater] INFO  replication.ReplicationManager (ReplicationManager.java:stop(342)) - Replication Monitor Thread is not running.
2023-06-07 15:26:37,630 [ExpiredContainerReplicaOpScrubberThread] WARN  ExpiredContainerReplicaOpScrubber (BackgroundSCMService.java:run(115)) - ExpiredContainerReplicaOpScrubber is interrupted, exit
2023-06-07 15:26:37,630 [grpc-default-executor-0] INFO  server.GrpcLogAppender (GrpcLogAppender.java:onCompleted(428)) - 1ed02a02-c65b-4bf1-b3c4-949e11413941@group-2279FF80AA39->5488e40f-93a9-4de4-b5c9-c05ea7e880d3-AppendLogResponseHandler: follower responses appendEntries COMPLETED
2023-06-07 15:26:37,630 [grpc-default-executor-0] WARN  server.GrpcLogAppender (GrpcLogAppender.java:resetClient(137)) - 1ed02a02-c65b-4bf1-b3c4-949e11413941@group-2279FF80AA39->5488e40f-93a9-4de4-b5c9-c05ea7e880d3-GrpcLogAppender: Failed to getClient for 5488e40f-93a9-4de4-b5c9-c05ea7e880d3
org.apache.ratis.protocol.exceptions.AlreadyClosedException: 1ed02a02-c65b-4bf1-b3c4-949e11413941 is already CLOSED
	at org.apache.ratis.util.PeerProxyMap$PeerAndProxy.getProxy(PeerProxyMap.java:61)
	at org.apache.ratis.util.PeerProxyMap.getProxy(PeerProxyMap.java:115)
	at org.apache.ratis.grpc.server.GrpcLogAppender.getClient(GrpcLogAppender.java:112)
	at org.apache.ratis.grpc.server.GrpcLogAppender.resetClient(GrpcLogAppender.java:117)
	at org.apache.ratis.grpc.server.GrpcLogAppender.access$500(GrpcLogAppender.java:56)
	at org.apache.ratis.grpc.server.GrpcLogAppender$AppendLogResponseHandler.onCompleted(GrpcLogAppender.java:429)
	at org.apache.ratis.thirdparty.io.grpc.stub.ClientCalls$StreamObserverToCallListenerAdapter.onClose(ClientCalls.java:485)
	at org.apache.ratis.thirdparty.io.grpc.internal.ClientCallImpl.closeObserver(ClientCallImpl.java:563)
	at org.apache.ratis.thirdparty.io.grpc.internal.ClientCallImpl.access$300(ClientCallImpl.java:70)
	at org.apache.ratis.thirdparty.io.grpc.internal.ClientCallImpl$ClientStreamListenerImpl$1StreamClosed.runInternal(ClientCallImpl.java:744)
	at org.apache.ratis.thirdparty.io.grpc.internal.ClientCallImpl$ClientStreamListenerImpl$1StreamClosed.runInContext(ClientCallImpl.java:723)
	at org.apache.ratis.thirdparty.io.grpc.internal.ContextRunnable.run(ContextRunnable.java:37)
	at org.apache.ratis.thirdparty.io.grpc.internal.SerializingExecutor.run(SerializingExecutor.java:133)
	at java.util.concurrent.ThreadPoolExecutor.runWorker(ThreadPoolExecutor.java:1149)
	at java.util.concurrent.ThreadPoolExecutor$Worker.run(ThreadPoolExecutor.java:624)
	at java.lang.Thread.run(Thread.java:750)
2023-06-07 15:26:37,632 [grpc-default-executor-2] INFO  server.GrpcLogAppender (GrpcLogAppender.java:onCompleted(428)) - 1ed02a02-c65b-4bf1-b3c4-949e11413941@group-2279FF80AA39->5488e40f-93a9-4de4-b5c9-c05ea7e880d3-AppendLogResponseHandler: follower responses appendEntries COMPLETED
2023-06-07 15:26:37,632 [grpc-default-executor-2] WARN  server.GrpcLogAppender (GrpcLogAppender.java:resetClient(137)) - 1ed02a02-c65b-4bf1-b3c4-949e11413941@group-2279FF80AA39->5488e40f-93a9-4de4-b5c9-c05ea7e880d3-GrpcLogAppender: Failed to getClient for 5488e40f-93a9-4de4-b5c9-c05ea7e880d3
org.apache.ratis.protocol.exceptions.AlreadyClosedException: 1ed02a02-c65b-4bf1-b3c4-949e11413941 is already CLOSED
	at org.apache.ratis.util.PeerProxyMap$PeerAndProxy.getProxy(PeerProxyMap.java:61)
	at org.apache.ratis.util.PeerProxyMap.getProxy(PeerProxyMap.java:115)
	at org.apache.ratis.grpc.server.GrpcLogAppender.getClient(GrpcLogAppender.java:112)
	at org.apache.ratis.grpc.server.GrpcLogAppender.resetClient(GrpcLogAppender.java:117)
	at org.apache.ratis.grpc.server.GrpcLogAppender.access$500(GrpcLogAppender.java:56)
	at org.apache.ratis.grpc.server.GrpcLogAppender$AppendLogResponseHandler.onCompleted(GrpcLogAppender.java:429)
	at org.apache.ratis.thirdparty.io.grpc.stub.ClientCalls$StreamObserverToCallListenerAdapter.onClose(ClientCalls.java:485)
	at org.apache.ratis.thirdparty.io.grpc.internal.DelayedClientCall$DelayedListener$3.run(DelayedClientCall.java:471)
	at org.apache.ratis.thirdparty.io.grpc.internal.DelayedClientCall$DelayedListener.delayOrExecute(DelayedClientCall.java:435)
	at org.apache.ratis.thirdparty.io.grpc.internal.DelayedClientCall$DelayedListener.onClose(DelayedClientCall.java:468)
	at org.apache.ratis.thirdparty.io.grpc.internal.ClientCallImpl.closeObserver(ClientCallImpl.java:563)
	at org.apache.ratis.thirdparty.io.grpc.internal.ClientCallImpl.access$300(ClientCallImpl.java:70)
	at org.apache.ratis.thirdparty.io.grpc.internal.ClientCallImpl$ClientStreamListenerImpl$1StreamClosed.runInternal(ClientCallImpl.java:744)
	at org.apache.ratis.thirdparty.io.grpc.internal.ClientCallImpl$ClientStreamListenerImpl$1StreamClosed.runInContext(ClientCallImpl.java:723)
	at org.apache.ratis.thirdparty.io.grpc.internal.ContextRunnable.run(ContextRunnable.java:37)
	at org.apache.ratis.thirdparty.io.grpc.internal.SerializingExecutor.run(SerializingExecutor.java:133)
	at java.util.concurrent.ThreadPoolExecutor.runWorker(ThreadPoolExecutor.java:1149)
	at java.util.concurrent.ThreadPoolExecutor$Worker.run(ThreadPoolExecutor.java:624)
	at java.lang.Thread.run(Thread.java:750)
2023-06-07 15:26:37,630 [0a451e00-33a6-4b23-ac6c-60bab7396ae3@group-633B1637FFE3-StateMachineUpdater] WARN  balancer.ContainerBalancer (ContainerBalancer.java:stop(328)) - Cannot stop Container Balancer because it's not running or stopping
2023-06-07 15:26:37,635 [0a451e00-33a6-4b23-ac6c-60bab7396ae3@group-633B1637FFE3-StateMachineUpdater] INFO  SCMHATransactionMonitor (BackgroundSCMService.java:stop(126)) - SCMHATransactionMonitor Service is not running, skip stop.
2023-06-07 15:26:37,636 [Lease Manager-LeaseManager#LeaseMonitor] WARN  lease.LeaseManager (LeaseManager.java:run(272)) - Lease manager is interrupted. Shutting down...
java.lang.InterruptedException
	at java.util.concurrent.locks.AbstractQueuedSynchronizer.doAcquireSharedNanos(AbstractQueuedSynchronizer.java:1039)
	at java.util.concurrent.locks.AbstractQueuedSynchronizer.tryAcquireSharedNanos(AbstractQueuedSynchronizer.java:1328)
	at java.util.concurrent.Semaphore.tryAcquire(Semaphore.java:409)
	at org.apache.hadoop.ozone.lease.LeaseManager$LeaseMonitor.run(LeaseManager.java:270)
	at java.lang.Thread.run(Thread.java:750)
2023-06-07 15:26:37,636 [0a451e00-33a6-4b23-ac6c-60bab7396ae3@group-633B1637FFE3-StateMachineUpdater] INFO  server.StorageContainerManager (StorageContainerManager.java:stop(1682)) - Stopping SCM MetadataStore.
2023-06-07 15:26:37,636 [ForkJoinPool.commonPool-worker-0] INFO  server.GrpcService (GrpcService.java:closeImpl(320)) - 1ed02a02-c65b-4bf1-b3c4-949e11413941: shutdown server org.apache.ratis.grpc.server.GrpcClientProtocolService successfully
2023-06-07 15:26:37,637 [ForkJoinPool.commonPool-worker-0] INFO  server.GrpcService (GrpcService.java:closeImpl(311)) - 1ed02a02-c65b-4bf1-b3c4-949e11413941: shutdown server GrpcServerProtocolService now
2023-06-07 15:26:37,637 [0a451e00-33a6-4b23-ac6c-60bab7396ae3@group-633B1637FFE3-StateMachineUpdater] INFO  server.StorageContainerManager (ExitUtils.java:terminate(131)) - Terminating with exit status 0: scm statemachine is closed by ratis, terminate SCM
2023-06-07 15:26:37,638 [0a451e00-33a6-4b23-ac6c-60bab7396ae3@group-633B1637FFE3-StateMachineUpdater] WARN  impl.StateMachineUpdater (StateMachineUpdater.java:stop(139)) - 0a451e00-33a6-4b23-ac6c-60bab7396ae3@group-633B1637FFE3-StateMachineUpdater: Failed to close SCMStateMachine SCMStateMachine:0a451e00-33a6-4b23-ac6c-60bab7396ae3:group-633B1637FFE3
org.apache.ratis.util.ExitUtils$ExitException: scm statemachine is closed by ratis, terminate SCM
	at org.apache.ratis.util.ExitUtils.terminate(ExitUtils.java:141)
	at org.apache.ratis.util.ExitUtils.terminate(ExitUtils.java:151)
	at org.apache.ratis.util.ExitUtils.terminate(ExitUtils.java:155)
	at org.apache.hadoop.hdds.scm.server.StorageContainerManager.shutDown(StorageContainerManager.java:1701)
	at org.apache.hadoop.hdds.scm.ha.SCMStateMachine.close(SCMStateMachine.java:423)
	at org.apache.ratis.server.impl.StateMachineUpdater.stop(StateMachineUpdater.java:134)
	at org.apache.ratis.server.impl.StateMachineUpdater.stopAndJoin(StateMachineUpdater.java:150)
	at org.apache.ratis.server.impl.ServerState.close(ServerState.java:467)
	at org.apache.ratis.server.impl.RaftServerImpl.lambda$close$4(RaftServerImpl.java:488)
	at org.apache.ratis.util.LifeCycle.lambda$checkStateAndClose$4(LifeCycle.java:299)
	at org.apache.ratis.util.LifeCycle.checkStateAndClose(LifeCycle.java:319)
	at org.apache.ratis.util.LifeCycle.checkStateAndClose(LifeCycle.java:297)
	at org.apache.ratis.server.impl.RaftServerImpl.close(RaftServerImpl.java:465)
	at org.apache.ratis.server.impl.StateMachineUpdater.run(StateMachineUpdater.java:197)
	at java.lang.Thread.run(Thread.java:750)
2023-06-07 15:26:37,638 [0a451e00-33a6-4b23-ac6c-60bab7396ae3@group-633B1637FFE3-StateMachineUpdater] INFO  server.RaftServer$Division (ServerState.java:close(472)) - 0a451e00-33a6-4b23-ac6c-60bab7396ae3@group-633B1637FFE3: closes. applyIndex: 100
2023-06-07 15:26:37,640 [main] INFO  server.GrpcService (GrpcService.java:closeImpl(320)) - b68586f6-4142-4a4d-8c5b-d51094055ec3: shutdown server GrpcServerProtocolService successfully
2023-06-07 15:26:37,640 [main] INFO  server.GrpcService (GrpcService.java:closeImpl(311)) - b68586f6-4142-4a4d-8c5b-d51094055ec3: shutdown server org.apache.ratis.grpc.server.GrpcAdminProtocolService now
2023-06-07 15:26:37,649 [main] INFO  server.GrpcService (GrpcService.java:closeImpl(320)) - b68586f6-4142-4a4d-8c5b-d51094055ec3: shutdown server org.apache.ratis.grpc.server.GrpcAdminProtocolService successfully
2023-06-07 15:26:37,650 [ForkJoinPool.commonPool-worker-1] INFO  ozoneimpl.OzoneContainer (OzoneContainer.java:stop(420)) - Attempting to stop container services.
2023-06-07 15:26:37,650 [b68586f6-4142-4a4d-8c5b-d51094055ec3-NettyServerStreamRpc-bossGroup--thread1] INFO  logging.LoggingHandler (AbstractInternalLogger.java:log(148)) - [id: 0x12d2ecfe, L:/0:0:0:0:0:0:0:0:15024] CLOSE
2023-06-07 15:26:37,650 [ForkJoinPool.commonPool-worker-0] INFO  server.GrpcService (GrpcService.java:closeImpl(320)) - 1ed02a02-c65b-4bf1-b3c4-949e11413941: shutdown server GrpcServerProtocolService successfully
2023-06-07 15:26:37,650 [ForkJoinPool.commonPool-worker-0] INFO  server.GrpcService (GrpcService.java:closeImpl(311)) - 1ed02a02-c65b-4bf1-b3c4-949e11413941: shutdown server org.apache.ratis.grpc.server.GrpcAdminProtocolService now
2023-06-07 15:26:37,650 [b68586f6-4142-4a4d-8c5b-d51094055ec3-NettyServerStreamRpc-bossGroup--thread1] INFO  logging.LoggingHandler (AbstractInternalLogger.java:log(148)) - [id: 0x12d2ecfe, L:/0:0:0:0:0:0:0:0:15024] INACTIVE
2023-06-07 15:26:37,650 [b68586f6-4142-4a4d-8c5b-d51094055ec3-NettyServerStreamRpc-bossGroup--thread1] INFO  logging.LoggingHandler (AbstractInternalLogger.java:log(148)) - [id: 0x12d2ecfe, L:/0:0:0:0:0:0:0:0:15024] UNREGISTERED
2023-06-07 15:26:37,651 [ForkJoinPool.commonPool-worker-0] INFO  server.GrpcService (GrpcService.java:closeImpl(320)) - 1ed02a02-c65b-4bf1-b3c4-949e11413941: shutdown server org.apache.ratis.grpc.server.GrpcAdminProtocolService successfully
2023-06-07 15:26:37,651 [1ed02a02-c65b-4bf1-b3c4-949e11413941-NettyServerStreamRpc-bossGroup--thread1] INFO  logging.LoggingHandler (AbstractInternalLogger.java:log(148)) - [id: 0x4fa5253d, L:/0:0:0:0:0:0:0:0:15015] CLOSE
2023-06-07 15:26:37,651 [1ed02a02-c65b-4bf1-b3c4-949e11413941-NettyServerStreamRpc-bossGroup--thread1] INFO  logging.LoggingHandler (AbstractInternalLogger.java:log(148)) - [id: 0x4fa5253d, L:/0:0:0:0:0:0:0:0:15015] INACTIVE
2023-06-07 15:26:37,651 [1ed02a02-c65b-4bf1-b3c4-949e11413941-NettyServerStreamRpc-bossGroup--thread1] INFO  logging.LoggingHandler (AbstractInternalLogger.java:log(148)) - [id: 0x4fa5253d, L:/0:0:0:0:0:0:0:0:15015] UNREGISTERED
2023-06-07 15:26:37,652 [ForkJoinPool.commonPool-worker-1] INFO  server.RaftServer (RaftServerProxy.java:lambda$close$6(416)) - 5488e40f-93a9-4de4-b5c9-c05ea7e880d3: close
2023-06-07 15:26:37,659 [5488e40f-93a9-4de4-b5c9-c05ea7e880d3-impl-thread1] INFO  server.RaftServer$Division (RaftServerImpl.java:lambda$close$4(466)) - 5488e40f-93a9-4de4-b5c9-c05ea7e880d3@group-39CABA6E3D65: shutdown
2023-06-07 15:26:37,659 [5488e40f-93a9-4de4-b5c9-c05ea7e880d3-impl-thread1] INFO  util.JmxRegister (JmxRegister.java:unregister(73)) - Successfully un-registered JMX Bean with object name Ratis:service=RaftServer,group=group-39CABA6E3D65,id=5488e40f-93a9-4de4-b5c9-c05ea7e880d3
2023-06-07 15:26:37,659 [5488e40f-93a9-4de4-b5c9-c05ea7e880d3-impl-thread1] INFO  impl.RoleInfo (RoleInfo.java:shutdownFollowerState(110)) - 5488e40f-93a9-4de4-b5c9-c05ea7e880d3: shutdown 5488e40f-93a9-4de4-b5c9-c05ea7e880d3@group-39CABA6E3D65-FollowerState
2023-06-07 15:26:37,659 [5488e40f-93a9-4de4-b5c9-c05ea7e880d3-impl-thread2] INFO  server.RaftServer$Division (RaftServerImpl.java:lambda$close$4(466)) - 5488e40f-93a9-4de4-b5c9-c05ea7e880d3@group-2279FF80AA39: shutdown
2023-06-07 15:26:37,663 [5488e40f-93a9-4de4-b5c9-c05ea7e880d3-impl-thread2] INFO  util.JmxRegister (JmxRegister.java:unregister(73)) - Successfully un-registered JMX Bean with object name Ratis:service=RaftServer,group=group-2279FF80AA39,id=5488e40f-93a9-4de4-b5c9-c05ea7e880d3
2023-06-07 15:26:37,664 [5488e40f-93a9-4de4-b5c9-c05ea7e880d3-impl-thread2] INFO  impl.RoleInfo (RoleInfo.java:shutdownFollowerState(110)) - 5488e40f-93a9-4de4-b5c9-c05ea7e880d3: shutdown 5488e40f-93a9-4de4-b5c9-c05ea7e880d3@group-2279FF80AA39-FollowerState
2023-06-07 15:26:37,664 [5488e40f-93a9-4de4-b5c9-c05ea7e880d3-impl-thread2] INFO  impl.StateMachineUpdater (StateMachineUpdater.java:stopAndJoin(155)) - 5488e40f-93a9-4de4-b5c9-c05ea7e880d3@group-2279FF80AA39-StateMachineUpdater: set stopIndex = -1
2023-06-07 15:26:37,661 [5488e40f-93a9-4de4-b5c9-c05ea7e880d3-impl-thread3] INFO  server.RaftServer$Division (RaftServerImpl.java:lambda$close$4(466)) - 5488e40f-93a9-4de4-b5c9-c05ea7e880d3@group-2B912BB35791: shutdown
2023-06-07 15:26:37,664 [5488e40f-93a9-4de4-b5c9-c05ea7e880d3-impl-thread3] INFO  util.JmxRegister (JmxRegister.java:unregister(73)) - Successfully un-registered JMX Bean with object name Ratis:service=RaftServer,group=group-2B912BB35791,id=5488e40f-93a9-4de4-b5c9-c05ea7e880d3
2023-06-07 15:26:37,664 [5488e40f-93a9-4de4-b5c9-c05ea7e880d3-impl-thread3] INFO  impl.RoleInfo (RoleInfo.java:shutdownLeaderState(93)) - 5488e40f-93a9-4de4-b5c9-c05ea7e880d3: shutdown 5488e40f-93a9-4de4-b5c9-c05ea7e880d3@group-2B912BB35791-LeaderStateImpl
2023-06-07 15:26:37,664 [5488e40f-93a9-4de4-b5c9-c05ea7e880d3-impl-thread3] INFO  impl.PendingRequests (PendingRequests.java:sendNotLeaderResponses(289)) - 5488e40f-93a9-4de4-b5c9-c05ea7e880d3@group-2B912BB35791-PendingRequests: sendNotLeaderResponses
2023-06-07 15:26:37,665 [5488e40f-93a9-4de4-b5c9-c05ea7e880d3-impl-thread3] INFO  impl.StateMachineUpdater (StateMachineUpdater.java:stopAndJoin(155)) - 5488e40f-93a9-4de4-b5c9-c05ea7e880d3@group-2B912BB35791-StateMachineUpdater: set stopIndex = 0
2023-06-07 15:26:37,661 [5488e40f-93a9-4de4-b5c9-c05ea7e880d3@group-39CABA6E3D65-FollowerState] INFO  impl.FollowerState (FollowerState.java:run(152)) - 5488e40f-93a9-4de4-b5c9-c05ea7e880d3@group-39CABA6E3D65-FollowerState was interrupted
2023-06-07 15:26:37,661 [5488e40f-93a9-4de4-b5c9-c05ea7e880d3-impl-thread1] INFO  impl.StateMachineUpdater (StateMachineUpdater.java:stopAndJoin(155)) - 5488e40f-93a9-4de4-b5c9-c05ea7e880d3@group-39CABA6E3D65-StateMachineUpdater: set stopIndex = -1
2023-06-07 15:26:37,676 [5488e40f-93a9-4de4-b5c9-c05ea7e880d3-impl-thread1] INFO  server.RaftServer$Division (ServerState.java:close(472)) - 5488e40f-93a9-4de4-b5c9-c05ea7e880d3@group-39CABA6E3D65: closes. applyIndex: -1
2023-06-07 15:26:37,661 [ForkJoinPool.commonPool-worker-1] INFO  server.GrpcService (GrpcService.java:closeImpl(311)) - 5488e40f-93a9-4de4-b5c9-c05ea7e880d3: shutdown server org.apache.ratis.grpc.server.GrpcClientProtocolService now
2023-06-07 15:26:37,676 [5488e40f-93a9-4de4-b5c9-c05ea7e880d3-impl-thread2] INFO  server.RaftServer$Division (ServerState.java:close(472)) - 5488e40f-93a9-4de4-b5c9-c05ea7e880d3@group-2279FF80AA39: closes. applyIndex: -1
2023-06-07 15:26:37,665 [5488e40f-93a9-4de4-b5c9-c05ea7e880d3@group-2B912BB35791-StateMachineUpdater] INFO  ratis.ContainerStateMachine (ContainerStateMachine.java:takeSnapshot(330)) - group-2B912BB35791: Taking a snapshot at:(t:1, i:0) file /home/runner/work/ozone/ozone/hadoop-ozone/integration-test/target/test-dir/MiniOzoneClusterImpl-330ddc53-3c17-4d0b-8a33-633b1637ffe3/datanode-2/data/ratis/25c37293-4b93-4f09-9667-2b912bb35791/sm/snapshot.1_0
2023-06-07 15:26:37,665 [5488e40f-93a9-4de4-b5c9-c05ea7e880d3@group-2279FF80AA39-FollowerState] INFO  impl.FollowerState (FollowerState.java:run(152)) - 5488e40f-93a9-4de4-b5c9-c05ea7e880d3@group-2279FF80AA39-FollowerState was interrupted
2023-06-07 15:26:37,684 [ForkJoinPool.commonPool-worker-1] INFO  server.GrpcService (GrpcService.java:closeImpl(320)) - 5488e40f-93a9-4de4-b5c9-c05ea7e880d3: shutdown server org.apache.ratis.grpc.server.GrpcClientProtocolService successfully
2023-06-07 15:26:37,684 [ForkJoinPool.commonPool-worker-1] INFO  server.GrpcService (GrpcService.java:closeImpl(311)) - 5488e40f-93a9-4de4-b5c9-c05ea7e880d3: shutdown server GrpcServerProtocolService now
2023-06-07 15:26:37,686 [5488e40f-93a9-4de4-b5c9-c05ea7e880d3@group-2B912BB35791-StateMachineUpdater] INFO  ratis.ContainerStateMachine (ContainerStateMachine.java:takeSnapshot(341)) - group-2B912BB35791: Finished taking a snapshot at:(t:1, i:0) file:/home/runner/work/ozone/ozone/hadoop-ozone/integration-test/target/test-dir/MiniOzoneClusterImpl-330ddc53-3c17-4d0b-8a33-633b1637ffe3/datanode-2/data/ratis/25c37293-4b93-4f09-9667-2b912bb35791/sm/snapshot.1_0 took: 20 ms
2023-06-07 15:26:37,686 [b68586f6-4142-4a4d-8c5b-d51094055ec3@group-FA6116214E09-StateMachineUpdater] INFO  ratis.ContainerStateMachine (ContainerStateMachine.java:takeSnapshot(341)) - group-FA6116214E09: Finished taking a snapshot at:(t:1, i:0) file:/home/runner/work/ozone/ozone/hadoop-ozone/integration-test/target/test-dir/MiniOzoneClusterImpl-330ddc53-3c17-4d0b-8a33-633b1637ffe3/datanode-1/data/ratis/5cc64946-afb0-4146-8634-fa6116214e09/sm/snapshot.1_0 took: 89 ms
2023-06-07 15:26:37,686 [1ed02a02-c65b-4bf1-b3c4-949e11413941@group-2279FF80AA39-StateMachineUpdater] INFO  ratis.ContainerStateMachine (ContainerStateMachine.java:takeSnapshot(341)) - group-2279FF80AA39: Finished taking a snapshot at:(t:1, i:0) file:/home/runner/work/ozone/ozone/hadoop-ozone/integration-test/target/test-dir/MiniOzoneClusterImpl-330ddc53-3c17-4d0b-8a33-633b1637ffe3/datanode-0/data/ratis/93b4f364-47de-4e73-a885-2279ff80aa39/sm/snapshot.1_0 took: 74 ms
2023-06-07 15:26:37,686 [b68586f6-4142-4a4d-8c5b-d51094055ec3@group-39CABA6E3D65-StateMachineUpdater] INFO  ratis.ContainerStateMachine (ContainerStateMachine.java:takeSnapshot(341)) - group-39CABA6E3D65: Finished taking a snapshot at:(t:1, i:0) file:/home/runner/work/ozone/ozone/hadoop-ozone/integration-test/target/test-dir/MiniOzoneClusterImpl-330ddc53-3c17-4d0b-8a33-633b1637ffe3/datanode-1/data/ratis/e531cddc-b1e3-4d76-8148-39caba6e3d65/sm/snapshot.1_0 took: 107 ms
2023-06-07 15:26:37,686 [1ed02a02-c65b-4bf1-b3c4-949e11413941@group-F196DF4D0192-StateMachineUpdater] INFO  ratis.ContainerStateMachine (ContainerStateMachine.java:takeSnapshot(341)) - group-F196DF4D0192: Finished taking a snapshot at:(t:1, i:0) file:/home/runner/work/ozone/ozone/hadoop-ozone/integration-test/target/test-dir/MiniOzoneClusterImpl-330ddc53-3c17-4d0b-8a33-633b1637ffe3/datanode-0/data/ratis/3466195d-3e7d-4f7c-b4b3-f196df4d0192/sm/snapshot.1_0 took: 87 ms
2023-06-07 15:26:37,691 [1ed02a02-c65b-4bf1-b3c4-949e11413941@group-F196DF4D0192-StateMachineUpdater] INFO  impl.StateMachineUpdater (StateMachineUpdater.java:takeSnapshot(291)) - 1ed02a02-c65b-4bf1-b3c4-949e11413941@group-F196DF4D0192-StateMachineUpdater: Took a snapshot at index 0
2023-06-07 15:26:37,691 [b68586f6-4142-4a4d-8c5b-d51094055ec3@group-FA6116214E09-StateMachineUpdater] INFO  impl.StateMachineUpdater (StateMachineUpdater.java:takeSnapshot(291)) - b68586f6-4142-4a4d-8c5b-d51094055ec3@group-FA6116214E09-StateMachineUpdater: Took a snapshot at index 0
2023-06-07 15:26:37,691 [b68586f6-4142-4a4d-8c5b-d51094055ec3@group-FA6116214E09-StateMachineUpdater] INFO  impl.StateMachineUpdater (StateMachineUpdater.java:lambda$new$0(97)) - b68586f6-4142-4a4d-8c5b-d51094055ec3@group-FA6116214E09-StateMachineUpdater: snapshotIndex: updateIncreasingly -1 -> 0
2023-06-07 15:26:37,692 [b68586f6-4142-4a4d-8c5b-d51094055ec3-impl-thread3] INFO  server.RaftServer$Division (ServerState.java:close(472)) - b68586f6-4142-4a4d-8c5b-d51094055ec3@group-FA6116214E09: closes. applyIndex: 0
2023-06-07 15:26:37,692 [1ed02a02-c65b-4bf1-b3c4-949e11413941@group-2279FF80AA39-StateMachineUpdater] INFO  impl.StateMachineUpdater (StateMachineUpdater.java:takeSnapshot(291)) - 1ed02a02-c65b-4bf1-b3c4-949e11413941@group-2279FF80AA39-StateMachineUpdater: Took a snapshot at index 0
2023-06-07 15:26:37,692 [1ed02a02-c65b-4bf1-b3c4-949e11413941@group-2279FF80AA39-StateMachineUpdater] INFO  impl.StateMachineUpdater (StateMachineUpdater.java:lambda$new$0(97)) - 1ed02a02-c65b-4bf1-b3c4-949e11413941@group-2279FF80AA39-StateMachineUpdater: snapshotIndex: updateIncreasingly -1 -> 0
2023-06-07 15:26:37,692 [1ed02a02-c65b-4bf1-b3c4-949e11413941-impl-thread3] INFO  server.RaftServer$Division (ServerState.java:close(472)) - 1ed02a02-c65b-4bf1-b3c4-949e11413941@group-2279FF80AA39: closes. applyIndex: 0
2023-06-07 15:26:37,693 [b68586f6-4142-4a4d-8c5b-d51094055ec3@group-39CABA6E3D65-StateMachineUpdater] INFO  impl.StateMachineUpdater (StateMachineUpdater.java:takeSnapshot(291)) - b68586f6-4142-4a4d-8c5b-d51094055ec3@group-39CABA6E3D65-StateMachineUpdater: Took a snapshot at index 0
2023-06-07 15:26:37,693 [b68586f6-4142-4a4d-8c5b-d51094055ec3@group-39CABA6E3D65-StateMachineUpdater] INFO  impl.StateMachineUpdater (StateMachineUpdater.java:lambda$new$0(97)) - b68586f6-4142-4a4d-8c5b-d51094055ec3@group-39CABA6E3D65-StateMachineUpdater: snapshotIndex: updateIncreasingly -1 -> 0
2023-06-07 15:26:37,693 [b68586f6-4142-4a4d-8c5b-d51094055ec3-impl-thread1] INFO  server.RaftServer$Division (ServerState.java:close(472)) - b68586f6-4142-4a4d-8c5b-d51094055ec3@group-39CABA6E3D65: closes. applyIndex: 0
2023-06-07 15:26:37,693 [5488e40f-93a9-4de4-b5c9-c05ea7e880d3@group-2B912BB35791-StateMachineUpdater] INFO  impl.StateMachineUpdater (StateMachineUpdater.java:takeSnapshot(291)) - 5488e40f-93a9-4de4-b5c9-c05ea7e880d3@group-2B912BB35791-StateMachineUpdater: Took a snapshot at index 0
2023-06-07 15:26:37,693 [5488e40f-93a9-4de4-b5c9-c05ea7e880d3@group-2B912BB35791-StateMachineUpdater] INFO  impl.StateMachineUpdater (StateMachineUpdater.java:lambda$new$0(97)) - 5488e40f-93a9-4de4-b5c9-c05ea7e880d3@group-2B912BB35791-StateMachineUpdater: snapshotIndex: updateIncreasingly -1 -> 0
2023-06-07 15:26:37,693 [5488e40f-93a9-4de4-b5c9-c05ea7e880d3-impl-thread3] INFO  server.RaftServer$Division (ServerState.java:close(472)) - 5488e40f-93a9-4de4-b5c9-c05ea7e880d3@group-2B912BB35791: closes. applyIndex: 0
2023-06-07 15:26:37,693 [1ed02a02-c65b-4bf1-b3c4-949e11413941@group-F196DF4D0192-StateMachineUpdater] INFO  impl.StateMachineUpdater (StateMachineUpdater.java:lambda$new$0(97)) - 1ed02a02-c65b-4bf1-b3c4-949e11413941@group-F196DF4D0192-StateMachineUpdater: snapshotIndex: updateIncreasingly -1 -> 0
2023-06-07 15:26:37,694 [1ed02a02-c65b-4bf1-b3c4-949e11413941-impl-thread1] INFO  server.RaftServer$Division (ServerState.java:close(472)) - 1ed02a02-c65b-4bf1-b3c4-949e11413941@group-F196DF4D0192: closes. applyIndex: 0
2023-06-07 15:26:37,698 [ForkJoinPool.commonPool-worker-1] INFO  server.GrpcService (GrpcService.java:closeImpl(320)) - 5488e40f-93a9-4de4-b5c9-c05ea7e880d3: shutdown server GrpcServerProtocolService successfully
2023-06-07 15:26:37,698 [ForkJoinPool.commonPool-worker-1] INFO  server.GrpcService (GrpcService.java:closeImpl(311)) - 5488e40f-93a9-4de4-b5c9-c05ea7e880d3: shutdown server org.apache.ratis.grpc.server.GrpcAdminProtocolService now
2023-06-07 15:26:37,703 [ForkJoinPool.commonPool-worker-1] INFO  server.GrpcService (GrpcService.java:closeImpl(320)) - 5488e40f-93a9-4de4-b5c9-c05ea7e880d3: shutdown server org.apache.ratis.grpc.server.GrpcAdminProtocolService successfully
2023-06-07 15:26:37,703 [5488e40f-93a9-4de4-b5c9-c05ea7e880d3-NettyServerStreamRpc-bossGroup--thread1] INFO  logging.LoggingHandler (AbstractInternalLogger.java:log(148)) - [id: 0x7ada5d89, L:/0:0:0:0:0:0:0:0:15033] CLOSE
2023-06-07 15:26:37,703 [5488e40f-93a9-4de4-b5c9-c05ea7e880d3-NettyServerStreamRpc-bossGroup--thread1] INFO  logging.LoggingHandler (AbstractInternalLogger.java:log(148)) - [id: 0x7ada5d89, L:/0:0:0:0:0:0:0:0:15033] INACTIVE
2023-06-07 15:26:37,703 [5488e40f-93a9-4de4-b5c9-c05ea7e880d3-NettyServerStreamRpc-bossGroup--thread1] INFO  logging.LoggingHandler (AbstractInternalLogger.java:log(148)) - [id: 0x7ada5d89, L:/0:0:0:0:0:0:0:0:15033] UNREGISTERED
2023-06-07 15:26:37,971 [b68586f6-4142-4a4d-8c5b-d51094055ec3-impl-thread3] INFO  segmented.SegmentedRaftLogWorker (SegmentedRaftLogWorker.java:close(252)) - b68586f6-4142-4a4d-8c5b-d51094055ec3@group-FA6116214E09-SegmentedRaftLogWorker close()
2023-06-07 15:26:38,052 [b68586f6-4142-4a4d-8c5b-d51094055ec3-impl-thread1] INFO  segmented.SegmentedRaftLogWorker (SegmentedRaftLogWorker.java:close(252)) - b68586f6-4142-4a4d-8c5b-d51094055ec3@group-39CABA6E3D65-SegmentedRaftLogWorker close()
2023-06-07 15:26:38,119 [1ed02a02-c65b-4bf1-b3c4-949e11413941-impl-thread2] INFO  segmented.SegmentedRaftLogWorker (SegmentedRaftLogWorker.java:close(252)) - 1ed02a02-c65b-4bf1-b3c4-949e11413941@group-39CABA6E3D65-SegmentedRaftLogWorker close()
2023-06-07 15:26:38,119 [5488e40f-93a9-4de4-b5c9-c05ea7e880d3-impl-thread1] INFO  segmented.SegmentedRaftLogWorker (SegmentedRaftLogWorker.java:close(252)) - 5488e40f-93a9-4de4-b5c9-c05ea7e880d3@group-39CABA6E3D65-SegmentedRaftLogWorker close()
2023-06-07 15:26:38,219 [5488e40f-93a9-4de4-b5c9-c05ea7e880d3-impl-thread3] INFO  segmented.SegmentedRaftLogWorker (SegmentedRaftLogWorker.java:close(252)) - 5488e40f-93a9-4de4-b5c9-c05ea7e880d3@group-2B912BB35791-SegmentedRaftLogWorker close()
2023-06-07 15:26:38,410 [1ed02a02-c65b-4bf1-b3c4-949e11413941-impl-thread1] INFO  segmented.SegmentedRaftLogWorker (SegmentedRaftLogWorker.java:close(252)) - 1ed02a02-c65b-4bf1-b3c4-949e11413941@group-F196DF4D0192-SegmentedRaftLogWorker close()
2023-06-07 15:26:38,419 [1ed02a02-c65b-4bf1-b3c4-949e11413941-impl-thread3] INFO  segmented.SegmentedRaftLogWorker (SegmentedRaftLogWorker.java:close(252)) - 1ed02a02-c65b-4bf1-b3c4-949e11413941@group-2279FF80AA39-SegmentedRaftLogWorker close()
2023-06-07 15:26:38,420 [0a451e00-33a6-4b23-ac6c-60bab7396ae3@group-633B1637FFE3-StateMachineUpdater] INFO  segmented.SegmentedRaftLogWorker (SegmentedRaftLogWorker.java:close(252)) - 0a451e00-33a6-4b23-ac6c-60bab7396ae3@group-633B1637FFE3-SegmentedRaftLogWorker close()
2023-06-07 15:26:38,421 [JvmPauseMonitor3] INFO  util.JvmPauseMonitor (JvmPauseMonitor.java:run(109)) - JvmPauseMonitor-1ed02a02-c65b-4bf1-b3c4-949e11413941: Stopped
2023-06-07 15:26:38,483 [b68586f6-4142-4a4d-8c5b-d51094055ec3-impl-thread2] INFO  segmented.SegmentedRaftLogWorker (SegmentedRaftLogWorker.java:close(252)) - b68586f6-4142-4a4d-8c5b-d51094055ec3@group-2279FF80AA39-SegmentedRaftLogWorker close()
2023-06-07 15:26:38,484 [JvmPauseMonitor4] INFO  util.JvmPauseMonitor (JvmPauseMonitor.java:run(109)) - JvmPauseMonitor-b68586f6-4142-4a4d-8c5b-d51094055ec3: Stopped
2023-06-07 15:26:38,505 [5488e40f-93a9-4de4-b5c9-c05ea7e880d3-impl-thread2] INFO  segmented.SegmentedRaftLogWorker (SegmentedRaftLogWorker.java:close(252)) - 5488e40f-93a9-4de4-b5c9-c05ea7e880d3@group-2279FF80AA39-SegmentedRaftLogWorker close()
2023-06-07 15:26:38,506 [JvmPauseMonitor5] INFO  util.JvmPauseMonitor (JvmPauseMonitor.java:run(109)) - JvmPauseMonitor-5488e40f-93a9-4de4-b5c9-c05ea7e880d3: Stopped
2023-06-07 15:26:40,439 [ForkJoinPool.commonPool-worker-0] INFO  utils.DatanodeStoreCache (DatanodeStoreCache.java:shutdownCache(110)) - Skip clearing cache in mini cluster mode. Entries left: [/home/runner/work/ozone/ozone/hadoop-ozone/integration-test/target/test-dir/MiniOzoneClusterImpl-330ddc53-3c17-4d0b-8a33-633b1637ffe3/datanode-0/data-0/containers/hdds/330ddc53-3c17-4d0b-8a33-633b1637ffe3/DS-efac031d-0833-43a4-b96f-314d5c483aa3/container.db, /home/runner/work/ozone/ozone/hadoop-ozone/integration-test/target/test-dir/MiniOzoneClusterImpl-330ddc53-3c17-4d0b-8a33-633b1637ffe3/datanode-1/data-0/containers/hdds/330ddc53-3c17-4d0b-8a33-633b1637ffe3/DS-01185068-eb07-4ffe-a65b-8691451dcf9f/container.db, /home/runner/work/ozone/ozone/hadoop-ozone/integration-test/target/test-dir/MiniOzoneClusterImpl-330ddc53-3c17-4d0b-8a33-633b1637ffe3/datanode-2/data-0/containers/hdds/330ddc53-3c17-4d0b-8a33-633b1637ffe3/DS-25163f2e-b44e-4ae9-b56a-c2d1a196707c/container.db]
2023-06-07 15:26:40,441 [ForkJoinPool.commonPool-worker-0] INFO  utils.DatanodeStoreCache (DatanodeStoreCache.java:removeDB(104)) - Removed db /home/runner/work/ozone/ozone/hadoop-ozone/integration-test/target/test-dir/MiniOzoneClusterImpl-330ddc53-3c17-4d0b-8a33-633b1637ffe3/datanode-0/data-0/containers/hdds/330ddc53-3c17-4d0b-8a33-633b1637ffe3/DS-efac031d-0833-43a4-b96f-314d5c483aa3/container.db from cache
2023-06-07 15:26:40,441 [ForkJoinPool.commonPool-worker-0] INFO  volume.HddsVolume (HddsVolume.java:closeDbStore(437)) - SchemaV3 db is stopped at /home/runner/work/ozone/ozone/hadoop-ozone/integration-test/target/test-dir/MiniOzoneClusterImpl-330ddc53-3c17-4d0b-8a33-633b1637ffe3/datanode-0/data-0/containers/hdds/330ddc53-3c17-4d0b-8a33-633b1637ffe3/DS-efac031d-0833-43a4-b96f-314d5c483aa3/container.db for volume DS-efac031d-0833-43a4-b96f-314d5c483aa3
2023-06-07 15:26:40,441 [ForkJoinPool.commonPool-worker-0] INFO  utils.BackgroundService (BackgroundService.java:shutdown(141)) - Shutting down service BlockDeletingService
2023-06-07 15:26:40,441 [ForkJoinPool.commonPool-worker-0] INFO  utils.BackgroundService (BackgroundService.java:shutdown(141)) - Shutting down service StaleRecoveringContainerScrubbingService
2023-06-07 15:26:40,442 [ForkJoinPool.commonPool-worker-0] INFO  statemachine.DatanodeStateMachine (DatanodeStateMachine.java:stopDaemon(605)) - Ozone container server stopped.
2023-06-07 15:26:40,456 [Finalizer] WARN  db.CodecBuffer (CodecBuffer.java:finalize(123)) - LEAK 1: org.apache.hadoop.hdds.utils.db.CodecBuffer@43b9c899, refCnt=1, capacity=16
2023-06-07 15:26:40,456 [Finalizer] WARN  db.CodecBuffer (CodecBuffer.java:finalize(123)) - LEAK 2: org.apache.hadoop.hdds.utils.db.CodecBuffer@585f191e, refCnt=1, capacity=1172
2023-06-07 15:26:40,456 [Finalizer] WARN  db.CodecBuffer (CodecBuffer.java:finalize(123)) - LEAK 3: org.apache.hadoop.hdds.utils.db.CodecBuffer@3485d3cf, refCnt=1, capacity=48
2023-06-07 15:26:40,457 [Finalizer] WARN  db.CodecBuffer (CodecBuffer.java:finalize(123)) - LEAK 4: org.apache.hadoop.hdds.utils.db.CodecBuffer@49bb745, refCnt=1, capacity=12
2023-06-07 15:26:40,464 [ForkJoinPool.commonPool-worker-0] INFO  handler.ContextHandler (ContextHandler.java:doStop(1159)) - Stopped o.e.j.w.WebAppContext@617dafed{hddsDatanode,/,null,STOPPED}{jar:file:/home/runner/.m2/repository/org/apache/ozone/hdds-container-service/1.4.0-SNAPSHOT/hdds-container-service-1.4.0-SNAPSHOT.jar!/webapps/hddsDatanode}
2023-06-07 15:26:40,465 [ForkJoinPool.commonPool-worker-0] INFO  server.AbstractConnector (AbstractConnector.java:doStop(383)) - Stopped ServerConnector@5758066b{HTTP/1.1, (http/1.1)}{0.0.0.0:15009}
2023-06-07 15:26:40,465 [ForkJoinPool.commonPool-worker-0] INFO  server.session (HouseKeeper.java:stopScavenging(149)) - node0 Stopped scavenging
2023-06-07 15:26:40,466 [ForkJoinPool.commonPool-worker-0] INFO  handler.ContextHandler (ContextHandler.java:doStop(1159)) - Stopped o.e.j.s.ServletContextHandler@4fa22da7{static,/static,jar:file:/home/runner/.m2/repository/org/apache/ozone/hdds-container-service/1.4.0-SNAPSHOT/hdds-container-service-1.4.0-SNAPSHOT.jar!/webapps/static,STOPPED}
2023-06-07 15:26:40,466 [ForkJoinPool.commonPool-worker-0] INFO  handler.ContextHandler (ContextHandler.java:doStop(1159)) - Stopped o.e.j.s.ServletContextHandler@2d7c6b98{logs,/logs,file:///home/runner/work/ozone/ozone/hadoop-ozone/integration-test/target/log,STOPPED}
2023-06-07 15:26:40,467 [ForkJoinPool.commonPool-worker-0] INFO  ozone.HddsDatanodeClientProtocolServer (HddsDatanodeClientProtocolServer.java:stop(78)) - Stopping the RPC server for Client Protocol
2023-06-07 15:26:40,471 [ForkJoinPool.commonPool-worker-0] INFO  ipc.Server (Server.java:stop(3501)) - Stopping server on 15010
2023-06-07 15:26:40,471 [IPC Server listener on 15010] INFO  ipc.Server (Server.java:run(1430)) - Stopping IPC Server listener on 15010
2023-06-07 15:26:40,472 [IPC Server Responder] INFO  ipc.Server (Server.java:run(1563)) - Stopping IPC Server Responder
2023-06-07 15:26:40,491 [main] INFO  utils.DatanodeStoreCache (DatanodeStoreCache.java:shutdownCache(110)) - Skip clearing cache in mini cluster mode. Entries left: [/home/runner/work/ozone/ozone/hadoop-ozone/integration-test/target/test-dir/MiniOzoneClusterImpl-330ddc53-3c17-4d0b-8a33-633b1637ffe3/datanode-1/data-0/containers/hdds/330ddc53-3c17-4d0b-8a33-633b1637ffe3/DS-01185068-eb07-4ffe-a65b-8691451dcf9f/container.db, /home/runner/work/ozone/ozone/hadoop-ozone/integration-test/target/test-dir/MiniOzoneClusterImpl-330ddc53-3c17-4d0b-8a33-633b1637ffe3/datanode-2/data-0/containers/hdds/330ddc53-3c17-4d0b-8a33-633b1637ffe3/DS-25163f2e-b44e-4ae9-b56a-c2d1a196707c/container.db]
2023-06-07 15:26:40,492 [main] INFO  utils.DatanodeStoreCache (DatanodeStoreCache.java:removeDB(104)) - Removed db /home/runner/work/ozone/ozone/hadoop-ozone/integration-test/target/test-dir/MiniOzoneClusterImpl-330ddc53-3c17-4d0b-8a33-633b1637ffe3/datanode-1/data-0/containers/hdds/330ddc53-3c17-4d0b-8a33-633b1637ffe3/DS-01185068-eb07-4ffe-a65b-8691451dcf9f/container.db from cache
2023-06-07 15:26:40,492 [main] INFO  volume.HddsVolume (HddsVolume.java:closeDbStore(437)) - SchemaV3 db is stopped at /home/runner/work/ozone/ozone/hadoop-ozone/integration-test/target/test-dir/MiniOzoneClusterImpl-330ddc53-3c17-4d0b-8a33-633b1637ffe3/datanode-1/data-0/containers/hdds/330ddc53-3c17-4d0b-8a33-633b1637ffe3/DS-01185068-eb07-4ffe-a65b-8691451dcf9f/container.db for volume DS-01185068-eb07-4ffe-a65b-8691451dcf9f
2023-06-07 15:26:40,492 [main] INFO  utils.BackgroundService (BackgroundService.java:shutdown(141)) - Shutting down service BlockDeletingService
2023-06-07 15:26:40,493 [main] INFO  utils.BackgroundService (BackgroundService.java:shutdown(141)) - Shutting down service StaleRecoveringContainerScrubbingService
2023-06-07 15:26:40,494 [main] INFO  statemachine.DatanodeStateMachine (DatanodeStateMachine.java:stopDaemon(605)) - Ozone container server stopped.
2023-06-07 15:26:40,503 [main] INFO  handler.ContextHandler (ContextHandler.java:doStop(1159)) - Stopped o.e.j.w.WebAppContext@75d1477a{hddsDatanode,/,null,STOPPED}{jar:file:/home/runner/.m2/repository/org/apache/ozone/hdds-container-service/1.4.0-SNAPSHOT/hdds-container-service-1.4.0-SNAPSHOT.jar!/webapps/hddsDatanode}
2023-06-07 15:26:40,504 [main] INFO  server.AbstractConnector (AbstractConnector.java:doStop(383)) - Stopped ServerConnector@6bac8bd9{HTTP/1.1, (http/1.1)}{0.0.0.0:15018}
2023-06-07 15:26:40,504 [main] INFO  server.session (HouseKeeper.java:stopScavenging(149)) - node0 Stopped scavenging
2023-06-07 15:26:40,504 [main] INFO  handler.ContextHandler (ContextHandler.java:doStop(1159)) - Stopped o.e.j.s.ServletContextHandler@17fd2db5{static,/static,jar:file:/home/runner/.m2/repository/org/apache/ozone/hdds-container-service/1.4.0-SNAPSHOT/hdds-container-service-1.4.0-SNAPSHOT.jar!/webapps/static,STOPPED}
2023-06-07 15:26:40,505 [main] INFO  handler.ContextHandler (ContextHandler.java:doStop(1159)) - Stopped o.e.j.s.ServletContextHandler@2b638e54{logs,/logs,file:///home/runner/work/ozone/ozone/hadoop-ozone/integration-test/target/log,STOPPED}
2023-06-07 15:26:40,505 [main] INFO  ozone.HddsDatanodeClientProtocolServer (HddsDatanodeClientProtocolServer.java:stop(78)) - Stopping the RPC server for Client Protocol
2023-06-07 15:26:40,506 [main] INFO  ipc.Server (Server.java:stop(3501)) - Stopping server on 15019
2023-06-07 15:26:40,506 [IPC Server listener on 15019] INFO  ipc.Server (Server.java:run(1430)) - Stopping IPC Server listener on 15019
2023-06-07 15:26:40,507 [IPC Server Responder] INFO  ipc.Server (Server.java:run(1563)) - Stopping IPC Server Responder
2023-06-07 15:26:40,513 [ForkJoinPool.commonPool-worker-1] INFO  utils.DatanodeStoreCache (DatanodeStoreCache.java:shutdownCache(110)) - Skip clearing cache in mini cluster mode. Entries left: [/home/runner/work/ozone/ozone/hadoop-ozone/integration-test/target/test-dir/MiniOzoneClusterImpl-330ddc53-3c17-4d0b-8a33-633b1637ffe3/datanode-2/data-0/containers/hdds/330ddc53-3c17-4d0b-8a33-633b1637ffe3/DS-25163f2e-b44e-4ae9-b56a-c2d1a196707c/container.db]
2023-06-07 15:26:40,514 [ForkJoinPool.commonPool-worker-1] INFO  utils.DatanodeStoreCache (DatanodeStoreCache.java:removeDB(104)) - Removed db /home/runner/work/ozone/ozone/hadoop-ozone/integration-test/target/test-dir/MiniOzoneClusterImpl-330ddc53-3c17-4d0b-8a33-633b1637ffe3/datanode-2/data-0/containers/hdds/330ddc53-3c17-4d0b-8a33-633b1637ffe3/DS-25163f2e-b44e-4ae9-b56a-c2d1a196707c/container.db from cache
2023-06-07 15:26:40,514 [ForkJoinPool.commonPool-worker-1] INFO  volume.HddsVolume (HddsVolume.java:closeDbStore(437)) - SchemaV3 db is stopped at /home/runner/work/ozone/ozone/hadoop-ozone/integration-test/target/test-dir/MiniOzoneClusterImpl-330ddc53-3c17-4d0b-8a33-633b1637ffe3/datanode-2/data-0/containers/hdds/330ddc53-3c17-4d0b-8a33-633b1637ffe3/DS-25163f2e-b44e-4ae9-b56a-c2d1a196707c/container.db for volume DS-25163f2e-b44e-4ae9-b56a-c2d1a196707c
2023-06-07 15:26:40,514 [ForkJoinPool.commonPool-worker-1] INFO  utils.BackgroundService (BackgroundService.java:shutdown(141)) - Shutting down service BlockDeletingService
2023-06-07 15:26:40,514 [ForkJoinPool.commonPool-worker-1] INFO  utils.BackgroundService (BackgroundService.java:shutdown(141)) - Shutting down service StaleRecoveringContainerScrubbingService
2023-06-07 15:26:40,515 [ForkJoinPool.commonPool-worker-1] INFO  statemachine.DatanodeStateMachine (DatanodeStateMachine.java:stopDaemon(605)) - Ozone container server stopped.
2023-06-07 15:26:40,524 [ForkJoinPool.commonPool-worker-1] INFO  handler.ContextHandler (ContextHandler.java:doStop(1159)) - Stopped o.e.j.w.WebAppContext@6c327e8c{hddsDatanode,/,null,STOPPED}{jar:file:/home/runner/.m2/repository/org/apache/ozone/hdds-container-service/1.4.0-SNAPSHOT/hdds-container-service-1.4.0-SNAPSHOT.jar!/webapps/hddsDatanode}
2023-06-07 15:26:40,525 [ForkJoinPool.commonPool-worker-1] INFO  server.AbstractConnector (AbstractConnector.java:doStop(383)) - Stopped ServerConnector@7b165203{HTTP/1.1, (http/1.1)}{0.0.0.0:15027}
2023-06-07 15:26:40,525 [ForkJoinPool.commonPool-worker-1] INFO  server.session (HouseKeeper.java:stopScavenging(149)) - node0 Stopped scavenging
2023-06-07 15:26:40,526 [ForkJoinPool.commonPool-worker-1] INFO  handler.ContextHandler (ContextHandler.java:doStop(1159)) - Stopped o.e.j.s.ServletContextHandler@2e8edc36{static,/static,jar:file:/home/runner/.m2/repository/org/apache/ozone/hdds-container-service/1.4.0-SNAPSHOT/hdds-container-service-1.4.0-SNAPSHOT.jar!/webapps/static,STOPPED}
2023-06-07 15:26:40,526 [ForkJoinPool.commonPool-worker-1] INFO  handler.ContextHandler (ContextHandler.java:doStop(1159)) - Stopped o.e.j.s.ServletContextHandler@62fa898b{logs,/logs,file:///home/runner/work/ozone/ozone/hadoop-ozone/integration-test/target/log,STOPPED}
2023-06-07 15:26:40,527 [ForkJoinPool.commonPool-worker-1] INFO  ozone.HddsDatanodeClientProtocolServer (HddsDatanodeClientProtocolServer.java:stop(78)) - Stopping the RPC server for Client Protocol
2023-06-07 15:26:40,527 [ForkJoinPool.commonPool-worker-1] INFO  ipc.Server (Server.java:stop(3501)) - Stopping server on 15028
2023-06-07 15:26:40,527 [IPC Server listener on 15028] INFO  ipc.Server (Server.java:run(1430)) - Stopping IPC Server listener on 15028
2023-06-07 15:26:40,528 [IPC Server Responder] INFO  ipc.Server (Server.java:run(1563)) - Stopping IPC Server Responder
2023-06-07 15:26:40,529 [main] INFO  ozone.MiniOzoneClusterImpl (MiniOzoneClusterImpl.java:stopSCM(537)) - Stopping the StorageContainerManager
2023-06-07 15:26:40,529 [main] INFO  server.StorageContainerManager (StorageContainerManager.java:stop(1549)) - Storage Container Manager is not running.
2023-06-07 15:26:40,529 [main] INFO  server.StorageContainerManager (StorageContainerManager.java:stopReplicationManager(1691)) - Stopping Replication Manager Service.
2023-06-07 15:26:40,529 [main] INFO  replication.ReplicationManager (ReplicationManager.java:stop(342)) - Replication Monitor Thread is not running.
]]></system-out>
    <rerunFailure type="java.lang.AssertionError">
      <stackTrace><![CDATA[java.lang.AssertionError: Found 4 leaked objects, check logs
	at org.apache.hadoop.hdds.utils.db.CodecBuffer.assertNoLeaks(CodecBuffer.java:99)
	at org.apache.hadoop.ozone.MiniOzoneClusterImpl.shutdown(MiniOzoneClusterImpl.java:451)
	at org.apache.hadoop.hdds.scm.TestSCMInstallSnapshot.shutdown(TestSCMInstallSnapshot.java:80)
	at sun.reflect.NativeMethodAccessorImpl.invoke0(Native Method)
	at sun.reflect.NativeMethodAccessorImpl.invoke(NativeMethodAccessorImpl.java:62)
	at sun.reflect.DelegatingMethodAccessorImpl.invoke(DelegatingMethodAccessorImpl.java:43)
	at java.lang.reflect.Method.invoke(Method.java:498)
	at org.junit.platform.commons.util.ReflectionUtils.invokeMethod(ReflectionUtils.java:725)
	at org.junit.jupiter.engine.execution.MethodInvocation.proceed(MethodInvocation.java:60)
	at org.junit.jupiter.engine.execution.InvocationInterceptorChain$ValidatingInvocation.proceed(InvocationInterceptorChain.java:131)
	at org.junit.jupiter.engine.extension.TimeoutExtension.intercept(TimeoutExtension.java:149)
	at org.junit.jupiter.engine.extension.TimeoutExtension.interceptLifecycleMethod(TimeoutExtension.java:126)
	at org.junit.jupiter.engine.extension.TimeoutExtension.interceptAfterAllMethod(TimeoutExtension.java:116)
	at org.junit.jupiter.engine.execution.ExecutableInvoker$ReflectiveInterceptorCall.lambda$ofVoidMethod$0(ExecutableInvoker.java:115)
	at org.junit.jupiter.engine.execution.ExecutableInvoker.lambda$invoke$0(ExecutableInvoker.java:105)
	at org.junit.jupiter.engine.execution.InvocationInterceptorChain$InterceptedInvocation.proceed(InvocationInterceptorChain.java:106)
	at org.junit.jupiter.engine.execution.InvocationInterceptorChain.proceed(InvocationInterceptorChain.java:64)
	at org.junit.jupiter.engine.execution.InvocationInterceptorChain.chainAndInvoke(InvocationInterceptorChain.java:45)
	at org.junit.jupiter.engine.execution.InvocationInterceptorChain.invoke(InvocationInterceptorChain.java:37)
	at org.junit.jupiter.engine.execution.ExecutableInvoker.invoke(ExecutableInvoker.java:104)
	at org.junit.jupiter.engine.execution.ExecutableInvoker.invoke(ExecutableInvoker.java:98)
	at org.junit.jupiter.engine.descriptor.ClassBasedTestDescriptor.lambda$invokeAfterAllMethods$13(ClassBasedTestDescriptor.java:425)
	at org.junit.platform.engine.support.hierarchical.ThrowableCollector.execute(ThrowableCollector.java:73)
	at org.junit.jupiter.engine.descriptor.ClassBasedTestDescriptor.lambda$invokeAfterAllMethods$14(ClassBasedTestDescriptor.java:423)
	at java.util.ArrayList.forEach(ArrayList.java:1259)
	at java.util.Collections$UnmodifiableCollection.forEach(Collections.java:1082)
	at org.junit.jupiter.engine.descriptor.ClassBasedTestDescriptor.invokeAfterAllMethods(ClassBasedTestDescriptor.java:423)
	at org.junit.jupiter.engine.descriptor.ClassBasedTestDescriptor.after(ClassBasedTestDescriptor.java:225)
	at org.junit.jupiter.engine.descriptor.ClassBasedTestDescriptor.after(ClassBasedTestDescriptor.java:80)
	at org.junit.platform.engine.support.hierarchical.NodeTestTask.lambda$executeRecursively$7(NodeTestTask.java:161)
	at org.junit.platform.engine.support.hierarchical.ThrowableCollector.execute(ThrowableCollector.java:73)
	at org.junit.platform.engine.support.hierarchical.NodeTestTask.lambda$executeRecursively$8(NodeTestTask.java:161)
	at org.junit.platform.engine.support.hierarchical.Node.around(Node.java:137)
	at org.junit.platform.engine.support.hierarchical.NodeTestTask.lambda$executeRecursively$9(NodeTestTask.java:139)
	at org.junit.platform.engine.support.hierarchical.ThrowableCollector.execute(ThrowableCollector.java:73)
	at org.junit.platform.engine.support.hierarchical.NodeTestTask.executeRecursively(NodeTestTask.java:138)
	at org.junit.platform.engine.support.hierarchical.NodeTestTask.execute(NodeTestTask.java:95)
	at java.util.ArrayList.forEach(ArrayList.java:1259)
	at org.junit.platform.engine.support.hierarchical.SameThreadHierarchicalTestExecutorService.invokeAll(SameThreadHierarchicalTestExecutorService.java:41)
	at org.junit.platform.engine.support.hierarchical.NodeTestTask.lambda$executeRecursively$6(NodeTestTask.java:155)
	at org.junit.platform.engine.support.hierarchical.ThrowableCollector.execute(ThrowableCollector.java:73)
	at org.junit.platform.engine.support.hierarchical.NodeTestTask.lambda$executeRecursively$8(NodeTestTask.java:141)
	at org.junit.platform.engine.support.hierarchical.Node.around(Node.java:137)
	at org.junit.platform.engine.support.hierarchical.NodeTestTask.lambda$executeRecursively$9(NodeTestTask.java:139)
	at org.junit.platform.engine.support.hierarchical.ThrowableCollector.execute(ThrowableCollector.java:73)
	at org.junit.platform.engine.support.hierarchical.NodeTestTask.executeRecursively(NodeTestTask.java:138)
	at org.junit.platform.engine.support.hierarchical.NodeTestTask.execute(NodeTestTask.java:95)
	at org.junit.platform.engine.support.hierarchical.SameThreadHierarchicalTestExecutorService.submit(SameThreadHierarchicalTestExecutorService.java:35)
	at org.junit.platform.engine.support.hierarchical.HierarchicalTestExecutor.execute(HierarchicalTestExecutor.java:57)
	at org.junit.platform.engine.support.hierarchical.HierarchicalTestEngine.execute(HierarchicalTestEngine.java:54)
	at org.junit.platform.launcher.core.EngineExecutionOrchestrator.execute(EngineExecutionOrchestrator.java:107)
	at org.junit.platform.launcher.core.EngineExecutionOrchestrator.execute(EngineExecutionOrchestrator.java:88)
	at org.junit.platform.launcher.core.EngineExecutionOrchestrator.lambda$execute$0(EngineExecutionOrchestrator.java:54)
	at org.junit.platform.launcher.core.EngineExecutionOrchestrator.withInterceptedStreams(EngineExecutionOrchestrator.java:67)
	at org.junit.platform.launcher.core.EngineExecutionOrchestrator.execute(EngineExecutionOrchestrator.java:52)
	at org.junit.platform.launcher.core.DefaultLauncher.execute(DefaultLauncher.java:114)
	at org.junit.platform.launcher.core.DefaultLauncher.execute(DefaultLauncher.java:86)
	at org.junit.platform.launcher.core.DefaultLauncherSession$DelegatingLauncher.execute(DefaultLauncherSession.java:86)
	at org.junit.platform.launcher.core.SessionPerRequestLauncher.execute(SessionPerRequestLauncher.java:53)
	at org.apache.maven.surefire.junitplatform.JUnitPlatformProvider.invokeAllTests(JUnitPlatformProvider.java:165)
	at org.apache.maven.surefire.junitplatform.JUnitPlatformProvider.invoke(JUnitPlatformProvider.java:124)
	at org.apache.maven.surefire.booter.ForkedBooter.runSuitesInProcess(ForkedBooter.java:428)
	at org.apache.maven.surefire.booter.ForkedBooter.execute(ForkedBooter.java:162)
	at org.apache.maven.surefire.booter.ForkedBooter.run(ForkedBooter.java:562)
	at org.apache.maven.surefire.booter.ForkedBooter.main(ForkedBooter.java:548)
]]></stackTrace>
      <system-out><![CDATA[2023-06-07 15:27:07,051 [main] INFO  ozone.MiniOzoneClusterImpl (MiniOzoneClusterImpl.java:shutdown(442)) - Shutting down the Mini Ozone Cluster
2023-06-07 15:27:07,051 [main] INFO  ozone.MiniOzoneClusterImpl (MiniOzoneClusterImpl.java:stop(459)) - Stopping the Mini Ozone Cluster
2023-06-07 15:27:07,051 [main] INFO  ozone.MiniOzoneClusterImpl (MiniOzoneClusterImpl.java:stopOM(545)) - Stopping the OzoneManager
2023-06-07 15:27:07,051 [main] INFO  om.OzoneManager (OzoneManager.java:stop(2166)) - om1[localhost:15039]: Stopping Ozone Manager
2023-06-07 15:27:07,051 [main] INFO  ipc.Server (Server.java:stop(3501)) - Stopping server on 15039
2023-06-07 15:27:07,054 [IPC Server listener on 15039] INFO  ipc.Server (Server.java:run(1430)) - Stopping IPC Server listener on 15039
2023-06-07 15:27:07,057 [IPC Server Responder] INFO  ipc.Server (Server.java:run(1563)) - Stopping IPC Server Responder
2023-06-07 15:27:07,058 [main] INFO  server.RaftServer (RaftServerProxy.java:lambda$close$6(416)) - om1: close
2023-06-07 15:27:07,058 [om1-impl-thread1] INFO  server.RaftServer$Division (RaftServerImpl.java:lambda$close$4(466)) - om1@group-C5BA1605619E: shutdown
2023-06-07 15:27:07,058 [om1-impl-thread1] INFO  util.JmxRegister (JmxRegister.java:unregister(73)) - Successfully un-registered JMX Bean with object name Ratis:service=RaftServer,group=group-C5BA1605619E,id=om1
2023-06-07 15:27:07,058 [om1-impl-thread1] INFO  impl.RoleInfo (RoleInfo.java:shutdownLeaderState(93)) - om1: shutdown om1@group-C5BA1605619E-LeaderStateImpl
2023-06-07 15:27:07,058 [om1-impl-thread1] INFO  impl.PendingRequests (PendingRequests.java:sendNotLeaderResponses(289)) - om1@group-C5BA1605619E-PendingRequests: sendNotLeaderResponses
2023-06-07 15:27:07,058 [om1-impl-thread1] INFO  impl.StateMachineUpdater (StateMachineUpdater.java:stopAndJoin(155)) - om1@group-C5BA1605619E-StateMachineUpdater: set stopIndex = 0
2023-06-07 15:27:07,059 [om1@group-C5BA1605619E-StateMachineUpdater] INFO  ratis.OzoneManagerStateMachine (OzoneManagerStateMachine.java:takeSnapshot(479)) - Current Snapshot Index (t:1, i:0)
2023-06-07 15:27:07,059 [main] INFO  server.GrpcService (GrpcService.java:closeImpl(311)) - om1: shutdown server GrpcServerProtocolService now
2023-06-07 15:27:07,060 [main] INFO  server.GrpcService (GrpcService.java:closeImpl(320)) - om1: shutdown server GrpcServerProtocolService successfully
2023-06-07 15:27:07,068 [om1@group-C5BA1605619E-StateMachineUpdater] INFO  impl.StateMachineUpdater (StateMachineUpdater.java:takeSnapshot(291)) - om1@group-C5BA1605619E-StateMachineUpdater: Took a snapshot at index 0
2023-06-07 15:27:07,068 [om1@group-C5BA1605619E-StateMachineUpdater] INFO  impl.StateMachineUpdater (StateMachineUpdater.java:lambda$new$0(97)) - om1@group-C5BA1605619E-StateMachineUpdater: snapshotIndex: updateIncreasingly -1 -> 0
2023-06-07 15:27:07,068 [om1@group-C5BA1605619E-StateMachineUpdater] INFO  ratis.OzoneManagerStateMachine (OzoneManagerStateMachine.java:close(533)) - StateMachine has shutdown. Shutdown OzoneManager if not already shutdown.
2023-06-07 15:27:07,068 [om1@group-C5BA1605619E-StateMachineUpdater] INFO  ratis.OzoneManagerDoubleBuffer (OzoneManagerDoubleBuffer.java:stopDaemon(559)) - Stopping OMDoubleBuffer flush thread
2023-06-07 15:27:07,069 [OMDoubleBufferFlushThread] INFO  ratis.OzoneManagerDoubleBuffer (OzoneManagerDoubleBuffer.java:canFlush(648)) - OMDoubleBuffer flush thread OMDoubleBufferFlushThread is interrupted and will exit.
2023-06-07 15:27:07,069 [om1-impl-thread1] INFO  server.RaftServer$Division (ServerState.java:close(472)) - om1@group-C5BA1605619E: closes. applyIndex: 0
2023-06-07 15:27:07,100 [om1-impl-thread1] INFO  segmented.SegmentedRaftLogWorker (SegmentedRaftLogWorker.java:close(252)) - om1@group-C5BA1605619E-SegmentedRaftLogWorker close()
2023-06-07 15:27:07,100 [JvmPauseMonitor8] INFO  util.JvmPauseMonitor (JvmPauseMonitor.java:run(109)) - JvmPauseMonitor-om1: Stopped
2023-06-07 15:27:07,101 [main] INFO  ratis.OzoneManagerStateMachine (OzoneManagerStateMachine.java:close(533)) - StateMachine has shutdown. Shutdown OzoneManager if not already shutdown.
2023-06-07 15:27:07,101 [main] INFO  ratis.OzoneManagerDoubleBuffer (OzoneManagerDoubleBuffer.java:stopDaemon(568)) - OMDoubleBuffer flush thread is not running.
2023-06-07 15:27:07,101 [main] INFO  utils.BackgroundService (BackgroundService.java:shutdown(141)) - Shutting down service KeyDeletingService
2023-06-07 15:27:07,102 [main] INFO  utils.BackgroundService (BackgroundService.java:shutdown(141)) - Shutting down service KeyDeletingService
2023-06-07 15:27:07,102 [main] INFO  utils.BackgroundService (BackgroundService.java:shutdown(141)) - Shutting down service OpenKeyCleanupService
2023-06-07 15:27:07,102 [main] INFO  utils.BackgroundService (BackgroundService.java:shutdown(141)) - Shutting down service SstFilteringService
2023-06-07 15:27:07,103 [main] INFO  utils.BackgroundService (BackgroundService.java:shutdown(141)) - Shutting down service SnapshotDeletingService
2023-06-07 15:27:07,103 [main] INFO  handler.ContextHandler (ContextHandler.java:doStop(1159)) - Stopped o.e.j.w.WebAppContext@2922bf92{ozoneManager,/,null,STOPPED}{file:/home/runner/work/ozone/ozone/hadoop-ozone/integration-test/target/test-classes/webapps/ozoneManager}
2023-06-07 15:27:07,105 [main] INFO  server.AbstractConnector (AbstractConnector.java:doStop(383)) - Stopped ServerConnector@ff28a30{HTTP/1.1, (http/1.1)}{0.0.0.0:15040}
2023-06-07 15:27:07,105 [main] INFO  server.session (HouseKeeper.java:stopScavenging(149)) - node0 Stopped scavenging
2023-06-07 15:27:07,105 [main] INFO  handler.ContextHandler (ContextHandler.java:doStop(1159)) - Stopped o.e.j.s.ServletContextHandler@5239d115{static,/static,file:///home/runner/work/ozone/ozone/hadoop-ozone/integration-test/target/test-classes/webapps/static,STOPPED}
2023-06-07 15:27:07,106 [main] INFO  handler.ContextHandler (ContextHandler.java:doStop(1159)) - Stopped o.e.j.s.ServletContextHandler@2d17c0ab{logs,/logs,file:///home/runner/work/ozone/ozone/hadoop-ozone/integration-test/target/log,STOPPED}
2023-06-07 15:27:07,110 [main] INFO  snapshot.SnapshotDiffManager (SnapshotDiffManager.java:closeExecutorService(1278)) - Shutting down executorService: 'SnapDiffExecutor'
2023-06-07 15:27:07,110 [main] INFO  utils.BackgroundService (BackgroundService.java:shutdown(141)) - Shutting down service SnapshotDiffCleanupService
2023-06-07 15:27:07,112 [main] INFO  ozone.MiniOzoneClusterImpl (MiniOzoneClusterImpl.java:stopDatanodes(522)) - Stopping the HddsDatanodes
2023-06-07 15:27:07,113 [main] INFO  ozoneimpl.OzoneContainer (OzoneContainer.java:stop(420)) - Attempting to stop container services.
2023-06-07 15:27:07,114 [main] INFO  server.RaftServer (RaftServerProxy.java:lambda$close$6(416)) - 44fab4b2-57b2-4a73-930e-7f2dc3bdfb4a: close
2023-06-07 15:27:07,114 [44fab4b2-57b2-4a73-930e-7f2dc3bdfb4a-impl-thread1] INFO  server.RaftServer$Division (RaftServerImpl.java:lambda$close$4(466)) - 44fab4b2-57b2-4a73-930e-7f2dc3bdfb4a@group-823ED08AD72E: shutdown
2023-06-07 15:27:07,114 [44fab4b2-57b2-4a73-930e-7f2dc3bdfb4a-impl-thread1] INFO  util.JmxRegister (JmxRegister.java:unregister(73)) - Successfully un-registered JMX Bean with object name Ratis:service=RaftServer,group=group-823ED08AD72E,id=44fab4b2-57b2-4a73-930e-7f2dc3bdfb4a
2023-06-07 15:27:07,114 [44fab4b2-57b2-4a73-930e-7f2dc3bdfb4a-impl-thread1] INFO  impl.RoleInfo (RoleInfo.java:shutdownFollowerState(110)) - 44fab4b2-57b2-4a73-930e-7f2dc3bdfb4a: shutdown 44fab4b2-57b2-4a73-930e-7f2dc3bdfb4a@group-823ED08AD72E-FollowerState
2023-06-07 15:27:07,116 [44fab4b2-57b2-4a73-930e-7f2dc3bdfb4a-impl-thread2] INFO  server.RaftServer$Division (RaftServerImpl.java:lambda$close$4(466)) - 44fab4b2-57b2-4a73-930e-7f2dc3bdfb4a@group-96312C27412F: shutdown
2023-06-07 15:27:07,117 [44fab4b2-57b2-4a73-930e-7f2dc3bdfb4a-impl-thread2] INFO  util.JmxRegister (JmxRegister.java:unregister(73)) - Successfully un-registered JMX Bean with object name Ratis:service=RaftServer,group=group-96312C27412F,id=44fab4b2-57b2-4a73-930e-7f2dc3bdfb4a
2023-06-07 15:27:07,117 [44fab4b2-57b2-4a73-930e-7f2dc3bdfb4a-impl-thread2] INFO  impl.RoleInfo (RoleInfo.java:shutdownFollowerState(110)) - 44fab4b2-57b2-4a73-930e-7f2dc3bdfb4a: shutdown 44fab4b2-57b2-4a73-930e-7f2dc3bdfb4a@group-96312C27412F-FollowerState
2023-06-07 15:27:07,117 [main] INFO  server.GrpcService (GrpcService.java:closeImpl(311)) - 44fab4b2-57b2-4a73-930e-7f2dc3bdfb4a: shutdown server org.apache.ratis.grpc.server.GrpcClientProtocolService now
2023-06-07 15:27:07,118 [44fab4b2-57b2-4a73-930e-7f2dc3bdfb4a-impl-thread3] INFO  server.RaftServer$Division (RaftServerImpl.java:lambda$close$4(466)) - 44fab4b2-57b2-4a73-930e-7f2dc3bdfb4a@group-7E7C77EFDDED: shutdown
2023-06-07 15:27:07,118 [44fab4b2-57b2-4a73-930e-7f2dc3bdfb4a-impl-thread3] INFO  util.JmxRegister (JmxRegister.java:unregister(73)) - Successfully un-registered JMX Bean with object name Ratis:service=RaftServer,group=group-7E7C77EFDDED,id=44fab4b2-57b2-4a73-930e-7f2dc3bdfb4a
2023-06-07 15:27:07,118 [44fab4b2-57b2-4a73-930e-7f2dc3bdfb4a-impl-thread3] INFO  impl.RoleInfo (RoleInfo.java:shutdownLeaderState(93)) - 44fab4b2-57b2-4a73-930e-7f2dc3bdfb4a: shutdown 44fab4b2-57b2-4a73-930e-7f2dc3bdfb4a@group-7E7C77EFDDED-LeaderStateImpl
2023-06-07 15:27:07,118 [44fab4b2-57b2-4a73-930e-7f2dc3bdfb4a-impl-thread3] INFO  impl.PendingRequests (PendingRequests.java:sendNotLeaderResponses(289)) - 44fab4b2-57b2-4a73-930e-7f2dc3bdfb4a@group-7E7C77EFDDED-PendingRequests: sendNotLeaderResponses
2023-06-07 15:27:07,119 [44fab4b2-57b2-4a73-930e-7f2dc3bdfb4a@group-7E7C77EFDDED-StateMachineUpdater] INFO  ratis.ContainerStateMachine (ContainerStateMachine.java:takeSnapshot(330)) - group-7E7C77EFDDED: Taking a snapshot at:(t:1, i:0) file /home/runner/work/ozone/ozone/hadoop-ozone/integration-test/target/test-dir/MiniOzoneClusterImpl-a06f699e-8867-4796-a8d4-355781268f91/datanode-1/data/ratis/066f0200-2ba2-4e07-913d-7e7c77efdded/sm/snapshot.1_0
2023-06-07 15:27:07,119 [44fab4b2-57b2-4a73-930e-7f2dc3bdfb4a-impl-thread3] INFO  impl.StateMachineUpdater (StateMachineUpdater.java:stopAndJoin(155)) - 44fab4b2-57b2-4a73-930e-7f2dc3bdfb4a@group-7E7C77EFDDED-StateMachineUpdater: set stopIndex = 0
2023-06-07 15:27:07,120 [44fab4b2-57b2-4a73-930e-7f2dc3bdfb4a-impl-thread1] INFO  impl.StateMachineUpdater (StateMachineUpdater.java:stopAndJoin(155)) - 44fab4b2-57b2-4a73-930e-7f2dc3bdfb4a@group-823ED08AD72E-StateMachineUpdater: set stopIndex = -1
2023-06-07 15:27:07,120 [44fab4b2-57b2-4a73-930e-7f2dc3bdfb4a@group-823ED08AD72E-FollowerState] INFO  impl.FollowerState (FollowerState.java:run(152)) - 44fab4b2-57b2-4a73-930e-7f2dc3bdfb4a@group-823ED08AD72E-FollowerState was interrupted
2023-06-07 15:27:07,120 [44fab4b2-57b2-4a73-930e-7f2dc3bdfb4a-impl-thread1] INFO  server.RaftServer$Division (ServerState.java:close(472)) - 44fab4b2-57b2-4a73-930e-7f2dc3bdfb4a@group-823ED08AD72E: closes. applyIndex: -1
2023-06-07 15:27:07,121 [44fab4b2-57b2-4a73-930e-7f2dc3bdfb4a-impl-thread2] INFO  impl.StateMachineUpdater (StateMachineUpdater.java:stopAndJoin(155)) - 44fab4b2-57b2-4a73-930e-7f2dc3bdfb4a@group-96312C27412F-StateMachineUpdater: set stopIndex = -1
2023-06-07 15:27:07,121 [Thread-866] INFO  server.GrpcServerProtocolClient (GrpcServerProtocolClient.java:close(103)) - 5cd58b82-186a-4a17-9d11-517c04bd02be Close channels
2023-06-07 15:27:07,121 [44fab4b2-57b2-4a73-930e-7f2dc3bdfb4a@group-7E7C77EFDDED-StateMachineUpdater] INFO  ratis.ContainerStateMachine (ContainerStateMachine.java:takeSnapshot(341)) - group-7E7C77EFDDED: Finished taking a snapshot at:(t:1, i:0) file:/home/runner/work/ozone/ozone/hadoop-ozone/integration-test/target/test-dir/MiniOzoneClusterImpl-a06f699e-8867-4796-a8d4-355781268f91/datanode-1/data/ratis/066f0200-2ba2-4e07-913d-7e7c77efdded/sm/snapshot.1_0 took: 2 ms
2023-06-07 15:27:07,121 [44fab4b2-57b2-4a73-930e-7f2dc3bdfb4a@group-7E7C77EFDDED-StateMachineUpdater] INFO  impl.StateMachineUpdater (StateMachineUpdater.java:takeSnapshot(291)) - 44fab4b2-57b2-4a73-930e-7f2dc3bdfb4a@group-7E7C77EFDDED-StateMachineUpdater: Took a snapshot at index 0
2023-06-07 15:27:07,121 [44fab4b2-57b2-4a73-930e-7f2dc3bdfb4a@group-7E7C77EFDDED-StateMachineUpdater] INFO  impl.StateMachineUpdater (StateMachineUpdater.java:lambda$new$0(97)) - 44fab4b2-57b2-4a73-930e-7f2dc3bdfb4a@group-7E7C77EFDDED-StateMachineUpdater: snapshotIndex: updateIncreasingly -1 -> 0
2023-06-07 15:27:07,122 [44fab4b2-57b2-4a73-930e-7f2dc3bdfb4a-impl-thread3] INFO  server.RaftServer$Division (ServerState.java:close(472)) - 44fab4b2-57b2-4a73-930e-7f2dc3bdfb4a@group-7E7C77EFDDED: closes. applyIndex: 0
2023-06-07 15:27:07,122 [44fab4b2-57b2-4a73-930e-7f2dc3bdfb4a-impl-thread2] INFO  server.RaftServer$Division (ServerState.java:close(472)) - 44fab4b2-57b2-4a73-930e-7f2dc3bdfb4a@group-96312C27412F: closes. applyIndex: -1
2023-06-07 15:27:07,121 [44fab4b2-57b2-4a73-930e-7f2dc3bdfb4a@group-96312C27412F-FollowerState] INFO  impl.FollowerState (FollowerState.java:run(152)) - 44fab4b2-57b2-4a73-930e-7f2dc3bdfb4a@group-96312C27412F-FollowerState was interrupted
2023-06-07 15:27:07,123 [ForkJoinPool.commonPool-worker-2] INFO  ozoneimpl.OzoneContainer (OzoneContainer.java:stop(420)) - Attempting to stop container services.
2023-06-07 15:27:07,124 [ForkJoinPool.commonPool-worker-2] INFO  server.RaftServer (RaftServerProxy.java:lambda$close$6(416)) - fd7d23ea-8a60-4adb-918a-575ed0baa4a6: close
2023-06-07 15:27:07,124 [fd7d23ea-8a60-4adb-918a-575ed0baa4a6-impl-thread1] INFO  server.RaftServer$Division (RaftServerImpl.java:lambda$close$4(466)) - fd7d23ea-8a60-4adb-918a-575ed0baa4a6@group-823ED08AD72E: shutdown
2023-06-07 15:27:07,124 [fd7d23ea-8a60-4adb-918a-575ed0baa4a6-impl-thread1] INFO  util.JmxRegister (JmxRegister.java:unregister(73)) - Successfully un-registered JMX Bean with object name Ratis:service=RaftServer,group=group-823ED08AD72E,id=fd7d23ea-8a60-4adb-918a-575ed0baa4a6
2023-06-07 15:27:07,124 [fd7d23ea-8a60-4adb-918a-575ed0baa4a6-impl-thread1] INFO  impl.RoleInfo (RoleInfo.java:shutdownFollowerState(110)) - fd7d23ea-8a60-4adb-918a-575ed0baa4a6: shutdown fd7d23ea-8a60-4adb-918a-575ed0baa4a6@group-823ED08AD72E-FollowerState
2023-06-07 15:27:07,125 [fd7d23ea-8a60-4adb-918a-575ed0baa4a6@group-823ED08AD72E-FollowerState] INFO  impl.FollowerState (FollowerState.java:run(152)) - fd7d23ea-8a60-4adb-918a-575ed0baa4a6@group-823ED08AD72E-FollowerState was interrupted
2023-06-07 15:27:07,125 [fd7d23ea-8a60-4adb-918a-575ed0baa4a6-impl-thread2] INFO  server.RaftServer$Division (RaftServerImpl.java:lambda$close$4(466)) - fd7d23ea-8a60-4adb-918a-575ed0baa4a6@group-96312C27412F: shutdown
2023-06-07 15:27:07,125 [fd7d23ea-8a60-4adb-918a-575ed0baa4a6-impl-thread2] INFO  util.JmxRegister (JmxRegister.java:unregister(73)) - Successfully un-registered JMX Bean with object name Ratis:service=RaftServer,group=group-96312C27412F,id=fd7d23ea-8a60-4adb-918a-575ed0baa4a6
2023-06-07 15:27:07,125 [fd7d23ea-8a60-4adb-918a-575ed0baa4a6-impl-thread2] INFO  impl.RoleInfo (RoleInfo.java:shutdownLeaderState(93)) - fd7d23ea-8a60-4adb-918a-575ed0baa4a6: shutdown fd7d23ea-8a60-4adb-918a-575ed0baa4a6@group-96312C27412F-LeaderStateImpl
2023-06-07 15:27:07,129 [ForkJoinPool.commonPool-worker-2] INFO  server.GrpcService (GrpcService.java:closeImpl(311)) - fd7d23ea-8a60-4adb-918a-575ed0baa4a6: shutdown server org.apache.ratis.grpc.server.GrpcClientProtocolService now
2023-06-07 15:27:07,129 [fd7d23ea-8a60-4adb-918a-575ed0baa4a6@group-96312C27412F->5cd58b82-186a-4a17-9d11-517c04bd02be-GrpcLogAppender-LogAppenderDaemon] WARN  server.GrpcLogAppender (GrpcLogAppender.java:mayWait(199)) - fd7d23ea-8a60-4adb-918a-575ed0baa4a6@group-96312C27412F->5cd58b82-186a-4a17-9d11-517c04bd02be-GrpcLogAppender: Wait interrupted by java.lang.InterruptedException
2023-06-07 15:27:07,130 [fd7d23ea-8a60-4adb-918a-575ed0baa4a6-impl-thread3] INFO  server.RaftServer$Division (RaftServerImpl.java:lambda$close$4(466)) - fd7d23ea-8a60-4adb-918a-575ed0baa4a6@group-4DC680CD796A: shutdown
2023-06-07 15:27:07,130 [fd7d23ea-8a60-4adb-918a-575ed0baa4a6-impl-thread3] INFO  util.JmxRegister (JmxRegister.java:unregister(73)) - Successfully un-registered JMX Bean with object name Ratis:service=RaftServer,group=group-4DC680CD796A,id=fd7d23ea-8a60-4adb-918a-575ed0baa4a6
2023-06-07 15:27:07,130 [fd7d23ea-8a60-4adb-918a-575ed0baa4a6-impl-thread3] INFO  impl.RoleInfo (RoleInfo.java:shutdownLeaderState(93)) - fd7d23ea-8a60-4adb-918a-575ed0baa4a6: shutdown fd7d23ea-8a60-4adb-918a-575ed0baa4a6@group-4DC680CD796A-LeaderStateImpl
2023-06-07 15:27:07,130 [fd7d23ea-8a60-4adb-918a-575ed0baa4a6-impl-thread3] INFO  impl.PendingRequests (PendingRequests.java:sendNotLeaderResponses(289)) - fd7d23ea-8a60-4adb-918a-575ed0baa4a6@group-4DC680CD796A-PendingRequests: sendNotLeaderResponses
2023-06-07 15:27:07,130 [fd7d23ea-8a60-4adb-918a-575ed0baa4a6-impl-thread3] INFO  impl.StateMachineUpdater (StateMachineUpdater.java:stopAndJoin(155)) - fd7d23ea-8a60-4adb-918a-575ed0baa4a6@group-4DC680CD796A-StateMachineUpdater: set stopIndex = 0
2023-06-07 15:27:07,130 [fd7d23ea-8a60-4adb-918a-575ed0baa4a6@group-4DC680CD796A-StateMachineUpdater] INFO  ratis.ContainerStateMachine (ContainerStateMachine.java:takeSnapshot(330)) - group-4DC680CD796A: Taking a snapshot at:(t:1, i:0) file /home/runner/work/ozone/ozone/hadoop-ozone/integration-test/target/test-dir/MiniOzoneClusterImpl-a06f699e-8867-4796-a8d4-355781268f91/datanode-0/data/ratis/d37528ba-d867-4677-94f6-4dc680cd796a/sm/snapshot.1_0
2023-06-07 15:27:07,131 [fd7d23ea-8a60-4adb-918a-575ed0baa4a6-impl-thread1] INFO  impl.StateMachineUpdater (StateMachineUpdater.java:stopAndJoin(155)) - fd7d23ea-8a60-4adb-918a-575ed0baa4a6@group-823ED08AD72E-StateMachineUpdater: set stopIndex = -1
2023-06-07 15:27:07,132 [fd7d23ea-8a60-4adb-918a-575ed0baa4a6@group-96312C27412F->44fab4b2-57b2-4a73-930e-7f2dc3bdfb4a-GrpcLogAppender-LogAppenderDaemon] WARN  server.GrpcLogAppender (GrpcLogAppender.java:mayWait(199)) - fd7d23ea-8a60-4adb-918a-575ed0baa4a6@group-96312C27412F->44fab4b2-57b2-4a73-930e-7f2dc3bdfb4a-GrpcLogAppender: Wait interrupted by java.lang.InterruptedException
2023-06-07 15:27:07,132 [Thread-868] INFO  server.GrpcServerProtocolClient (GrpcServerProtocolClient.java:close(103)) - fd7d23ea-8a60-4adb-918a-575ed0baa4a6 Close channels
2023-06-07 15:27:07,132 [fd7d23ea-8a60-4adb-918a-575ed0baa4a6-impl-thread2] INFO  impl.PendingRequests (PendingRequests.java:sendNotLeaderResponses(289)) - fd7d23ea-8a60-4adb-918a-575ed0baa4a6@group-96312C27412F-PendingRequests: sendNotLeaderResponses
2023-06-07 15:27:07,132 [fd7d23ea-8a60-4adb-918a-575ed0baa4a6-impl-thread2] INFO  impl.StateMachineUpdater (StateMachineUpdater.java:stopAndJoin(155)) - fd7d23ea-8a60-4adb-918a-575ed0baa4a6@group-96312C27412F-StateMachineUpdater: set stopIndex = 0
2023-06-07 15:27:07,132 [fd7d23ea-8a60-4adb-918a-575ed0baa4a6@group-96312C27412F-StateMachineUpdater] INFO  ratis.ContainerStateMachine (ContainerStateMachine.java:takeSnapshot(330)) - group-96312C27412F: Taking a snapshot at:(t:1, i:0) file /home/runner/work/ozone/ozone/hadoop-ozone/integration-test/target/test-dir/MiniOzoneClusterImpl-a06f699e-8867-4796-a8d4-355781268f91/datanode-0/data/ratis/f2db9739-ee95-4988-b0f1-96312c27412f/sm/snapshot.1_0
2023-06-07 15:27:07,132 [fd7d23ea-8a60-4adb-918a-575ed0baa4a6-impl-thread1] INFO  server.RaftServer$Division (ServerState.java:close(472)) - fd7d23ea-8a60-4adb-918a-575ed0baa4a6@group-823ED08AD72E: closes. applyIndex: -1
2023-06-07 15:27:07,133 [main] INFO  server.GrpcService (GrpcService.java:closeImpl(320)) - 44fab4b2-57b2-4a73-930e-7f2dc3bdfb4a: shutdown server org.apache.ratis.grpc.server.GrpcClientProtocolService successfully
2023-06-07 15:27:07,134 [main] INFO  server.GrpcService (GrpcService.java:closeImpl(311)) - 44fab4b2-57b2-4a73-930e-7f2dc3bdfb4a: shutdown server GrpcServerProtocolService now
2023-06-07 15:27:07,134 [grpc-default-executor-5] INFO  server.GrpcServerProtocolService (GrpcServerProtocolService.java:onCompleted(155)) - 5cd58b82-186a-4a17-9d11-517c04bd02be: Completed APPEND_ENTRIES, lastRequest: fd7d23ea-8a60-4adb-918a-575ed0baa4a6->5cd58b82-186a-4a17-9d11-517c04bd02be#1-t1,previous=(t:0, i:0),leaderCommit=-1,initializing? true,entries: size=1, first=(t:1, i:0), CONFIGURATIONENTRY(current:id: "5cd58b82-186a-4a17-9d11-517c04bd02be"
address: "10.1.0.36:15067"
dataStreamAddress: "10.1.0.36:15068"
clientAddress: "10.1.0.36:15065"
adminAddress: "10.1.0.36:15066"
startupRole: FOLLOWER
,id: "44fab4b2-57b2-4a73-930e-7f2dc3bdfb4a"
address: "10.1.0.36:15058"
dataStreamAddress: "10.1.0.36:15059"
clientAddress: "10.1.0.36:15056"
adminAddress: "10.1.0.36:15057"
startupRole: FOLLOWER
,id: "fd7d23ea-8a60-4adb-918a-575ed0baa4a6"
address: "10.1.0.36:15049"
priority: 1
dataStreamAddress: "10.1.0.36:15050"
clientAddress: "10.1.0.36:15047"
adminAddress: "10.1.0.36:15048"
startupRole: FOLLOWER
, old:)
2023-06-07 15:27:07,134 [grpc-default-executor-5] INFO  server.GrpcServerProtocolService (GrpcServerProtocolService.java:lambda$onCompleted$5(157)) - 5cd58b82-186a-4a17-9d11-517c04bd02be: Completed APPEND_ENTRIES, lastReply: null
2023-06-07 15:27:07,134 [fd7d23ea-8a60-4adb-918a-575ed0baa4a6@group-4DC680CD796A-StateMachineUpdater] INFO  ratis.ContainerStateMachine (ContainerStateMachine.java:takeSnapshot(341)) - group-4DC680CD796A: Finished taking a snapshot at:(t:1, i:0) file:/home/runner/work/ozone/ozone/hadoop-ozone/integration-test/target/test-dir/MiniOzoneClusterImpl-a06f699e-8867-4796-a8d4-355781268f91/datanode-0/data/ratis/d37528ba-d867-4677-94f6-4dc680cd796a/sm/snapshot.1_0 took: 4 ms
2023-06-07 15:27:07,135 [fd7d23ea-8a60-4adb-918a-575ed0baa4a6@group-4DC680CD796A-StateMachineUpdater] INFO  impl.StateMachineUpdater (StateMachineUpdater.java:takeSnapshot(291)) - fd7d23ea-8a60-4adb-918a-575ed0baa4a6@group-4DC680CD796A-StateMachineUpdater: Took a snapshot at index 0
2023-06-07 15:27:07,135 [fd7d23ea-8a60-4adb-918a-575ed0baa4a6@group-4DC680CD796A-StateMachineUpdater] INFO  impl.StateMachineUpdater (StateMachineUpdater.java:lambda$new$0(97)) - fd7d23ea-8a60-4adb-918a-575ed0baa4a6@group-4DC680CD796A-StateMachineUpdater: snapshotIndex: updateIncreasingly -1 -> 0
2023-06-07 15:27:07,135 [fd7d23ea-8a60-4adb-918a-575ed0baa4a6-impl-thread3] INFO  server.RaftServer$Division (ServerState.java:close(472)) - fd7d23ea-8a60-4adb-918a-575ed0baa4a6@group-4DC680CD796A: closes. applyIndex: 0
2023-06-07 15:27:07,136 [grpc-default-executor-4] INFO  server.GrpcServerProtocolService (GrpcServerProtocolService.java:onCompleted(155)) - 44fab4b2-57b2-4a73-930e-7f2dc3bdfb4a: Completed APPEND_ENTRIES, lastRequest: fd7d23ea-8a60-4adb-918a-575ed0baa4a6->44fab4b2-57b2-4a73-930e-7f2dc3bdfb4a#1-t1,previous=(t:0, i:0),leaderCommit=-1,initializing? true,entries: size=1, first=(t:1, i:0), CONFIGURATIONENTRY(current:id: "5cd58b82-186a-4a17-9d11-517c04bd02be"
address: "10.1.0.36:15067"
dataStreamAddress: "10.1.0.36:15068"
clientAddress: "10.1.0.36:15065"
adminAddress: "10.1.0.36:15066"
startupRole: FOLLOWER
,id: "44fab4b2-57b2-4a73-930e-7f2dc3bdfb4a"
address: "10.1.0.36:15058"
dataStreamAddress: "10.1.0.36:15059"
clientAddress: "10.1.0.36:15056"
adminAddress: "10.1.0.36:15057"
startupRole: FOLLOWER
,id: "fd7d23ea-8a60-4adb-918a-575ed0baa4a6"
address: "10.1.0.36:15049"
priority: 1
dataStreamAddress: "10.1.0.36:15050"
clientAddress: "10.1.0.36:15047"
adminAddress: "10.1.0.36:15048"
startupRole: FOLLOWER
, old:)
2023-06-07 15:27:07,136 [grpc-default-executor-4] INFO  server.GrpcServerProtocolService (GrpcServerProtocolService.java:lambda$onCompleted$5(157)) - 44fab4b2-57b2-4a73-930e-7f2dc3bdfb4a: Completed APPEND_ENTRIES, lastReply: null
2023-06-07 15:27:07,136 [grpc-default-executor-8] INFO  server.GrpcServerProtocolService (GrpcServerProtocolService.java:onCompleted(155)) - 44fab4b2-57b2-4a73-930e-7f2dc3bdfb4a: Completed APPEND_ENTRIES, lastRequest: null
2023-06-07 15:27:07,137 [grpc-default-executor-8] INFO  server.GrpcServerProtocolService (GrpcServerProtocolService.java:lambda$onCompleted$5(157)) - 44fab4b2-57b2-4a73-930e-7f2dc3bdfb4a: Completed APPEND_ENTRIES, lastReply: serverReply {
  requestorId: "fd7d23ea-8a60-4adb-918a-575ed0baa4a6"
  replyId: "44fab4b2-57b2-4a73-930e-7f2dc3bdfb4a"
  raftGroupId {
    id: "\362\333\2279\356\225I\210\260\361\2261,\'A/"
  }
  success: true
}
term: 1
nextIndex: 1
followerCommit: 18446744073709551615
matchIndex: 18446744073709551615
isHearbeat: true

2023-06-07 15:27:07,137 [grpc-default-executor-8] INFO  server.GrpcLogAppender (GrpcLogAppender.java:onCompleted(428)) - fd7d23ea-8a60-4adb-918a-575ed0baa4a6@group-96312C27412F->5cd58b82-186a-4a17-9d11-517c04bd02be-AppendLogResponseHandler: follower responses appendEntries COMPLETED
2023-06-07 15:27:07,139 [grpc-default-executor-8] INFO  leader.FollowerInfo (FollowerInfoImpl.java:lambda$new$0(52)) - fd7d23ea-8a60-4adb-918a-575ed0baa4a6@group-96312C27412F->5cd58b82-186a-4a17-9d11-517c04bd02be: decreaseNextIndex nextIndex: updateUnconditionally 1 -> 0
2023-06-07 15:27:07,139 [grpc-default-executor-5] INFO  server.GrpcServerProtocolService (GrpcServerProtocolService.java:onCompleted(155)) - 5cd58b82-186a-4a17-9d11-517c04bd02be: Completed APPEND_ENTRIES, lastRequest: null
2023-06-07 15:27:07,139 [grpc-default-executor-5] INFO  server.GrpcServerProtocolService (GrpcServerProtocolService.java:lambda$onCompleted$5(157)) - 5cd58b82-186a-4a17-9d11-517c04bd02be: Completed APPEND_ENTRIES, lastReply: serverReply {
  requestorId: "fd7d23ea-8a60-4adb-918a-575ed0baa4a6"
  replyId: "5cd58b82-186a-4a17-9d11-517c04bd02be"
  raftGroupId {
    id: "\362\333\2279\356\225I\210\260\361\2261,\'A/"
  }
  success: true
}
term: 1
followerCommit: 18446744073709551615
matchIndex: 18446744073709551615
isHearbeat: true

2023-06-07 15:27:07,140 [grpc-default-executor-8] INFO  server.GrpcLogAppender (GrpcLogAppender.java:onCompleted(428)) - fd7d23ea-8a60-4adb-918a-575ed0baa4a6@group-96312C27412F->5cd58b82-186a-4a17-9d11-517c04bd02be-AppendLogResponseHandler: follower responses appendEntries COMPLETED
2023-06-07 15:27:07,153 [grpc-default-executor-9] INFO  server.GrpcLogAppender (GrpcLogAppender.java:onCompleted(428)) - fd7d23ea-8a60-4adb-918a-575ed0baa4a6@group-96312C27412F->44fab4b2-57b2-4a73-930e-7f2dc3bdfb4a-AppendLogResponseHandler: follower responses appendEntries COMPLETED
2023-06-07 15:27:07,153 [grpc-default-executor-9] INFO  leader.FollowerInfo (FollowerInfoImpl.java:lambda$new$0(52)) - fd7d23ea-8a60-4adb-918a-575ed0baa4a6@group-96312C27412F->44fab4b2-57b2-4a73-930e-7f2dc3bdfb4a: decreaseNextIndex nextIndex: updateUnconditionally 1 -> 0
2023-06-07 15:27:07,159 [fd7d23ea-8a60-4adb-918a-575ed0baa4a6@group-96312C27412F-StateMachineUpdater] INFO  ratis.ContainerStateMachine (ContainerStateMachine.java:takeSnapshot(341)) - group-96312C27412F: Finished taking a snapshot at:(t:1, i:0) file:/home/runner/work/ozone/ozone/hadoop-ozone/integration-test/target/test-dir/MiniOzoneClusterImpl-a06f699e-8867-4796-a8d4-355781268f91/datanode-0/data/ratis/f2db9739-ee95-4988-b0f1-96312c27412f/sm/snapshot.1_0 took: 27 ms
2023-06-07 15:27:07,160 [fd7d23ea-8a60-4adb-918a-575ed0baa4a6@group-96312C27412F-StateMachineUpdater] INFO  impl.StateMachineUpdater (StateMachineUpdater.java:takeSnapshot(291)) - fd7d23ea-8a60-4adb-918a-575ed0baa4a6@group-96312C27412F-StateMachineUpdater: Took a snapshot at index 0
2023-06-07 15:27:07,160 [fd7d23ea-8a60-4adb-918a-575ed0baa4a6@group-96312C27412F-StateMachineUpdater] INFO  impl.StateMachineUpdater (StateMachineUpdater.java:lambda$new$0(97)) - fd7d23ea-8a60-4adb-918a-575ed0baa4a6@group-96312C27412F-StateMachineUpdater: snapshotIndex: updateIncreasingly -1 -> 0
2023-06-07 15:27:07,161 [Thread-871] INFO  server.GrpcServerProtocolClient (GrpcServerProtocolClient.java:close(103)) - 5cd58b82-186a-4a17-9d11-517c04bd02be Close channels
2023-06-07 15:27:07,161 [Thread-875] INFO  server.GrpcServerProtocolClient (GrpcServerProtocolClient.java:close(103)) - 44fab4b2-57b2-4a73-930e-7f2dc3bdfb4a Close channels
2023-06-07 15:27:07,161 [grpc-default-executor-9] INFO  server.GrpcLogAppender (GrpcLogAppender.java:onCompleted(428)) - fd7d23ea-8a60-4adb-918a-575ed0baa4a6@group-96312C27412F->44fab4b2-57b2-4a73-930e-7f2dc3bdfb4a-AppendLogResponseHandler: follower responses appendEntries COMPLETED
2023-06-07 15:27:07,161 [grpc-default-executor-9] WARN  server.GrpcLogAppender (GrpcLogAppender.java:resetClient(137)) - fd7d23ea-8a60-4adb-918a-575ed0baa4a6@group-96312C27412F->44fab4b2-57b2-4a73-930e-7f2dc3bdfb4a-GrpcLogAppender: Failed to getClient for 44fab4b2-57b2-4a73-930e-7f2dc3bdfb4a
org.apache.ratis.protocol.exceptions.AlreadyClosedException: fd7d23ea-8a60-4adb-918a-575ed0baa4a6 is already CLOSED
	at org.apache.ratis.util.PeerProxyMap$PeerAndProxy.getProxy(PeerProxyMap.java:61)
	at org.apache.ratis.util.PeerProxyMap.getProxy(PeerProxyMap.java:115)
	at org.apache.ratis.grpc.server.GrpcLogAppender.getClient(GrpcLogAppender.java:112)
	at org.apache.ratis.grpc.server.GrpcLogAppender.resetClient(GrpcLogAppender.java:117)
	at org.apache.ratis.grpc.server.GrpcLogAppender.access$500(GrpcLogAppender.java:56)
	at org.apache.ratis.grpc.server.GrpcLogAppender$AppendLogResponseHandler.onCompleted(GrpcLogAppender.java:429)
	at org.apache.ratis.thirdparty.io.grpc.stub.ClientCalls$StreamObserverToCallListenerAdapter.onClose(ClientCalls.java:485)
	at org.apache.ratis.thirdparty.io.grpc.internal.DelayedClientCall$DelayedListener$3.run(DelayedClientCall.java:471)
	at org.apache.ratis.thirdparty.io.grpc.internal.DelayedClientCall$DelayedListener.delayOrExecute(DelayedClientCall.java:435)
	at org.apache.ratis.thirdparty.io.grpc.internal.DelayedClientCall$DelayedListener.onClose(DelayedClientCall.java:468)
	at org.apache.ratis.thirdparty.io.grpc.internal.ClientCallImpl.closeObserver(ClientCallImpl.java:563)
	at org.apache.ratis.thirdparty.io.grpc.internal.ClientCallImpl.access$300(ClientCallImpl.java:70)
	at org.apache.ratis.thirdparty.io.grpc.internal.ClientCallImpl$ClientStreamListenerImpl$1StreamClosed.runInternal(ClientCallImpl.java:744)
	at org.apache.ratis.thirdparty.io.grpc.internal.ClientCallImpl$ClientStreamListenerImpl$1StreamClosed.runInContext(ClientCallImpl.java:723)
	at org.apache.ratis.thirdparty.io.grpc.internal.ContextRunnable.run(ContextRunnable.java:37)
	at org.apache.ratis.thirdparty.io.grpc.internal.SerializingExecutor.run(SerializingExecutor.java:133)
	at java.util.concurrent.ThreadPoolExecutor.runWorker(ThreadPoolExecutor.java:1149)
	at java.util.concurrent.ThreadPoolExecutor$Worker.run(ThreadPoolExecutor.java:624)
	at java.lang.Thread.run(Thread.java:750)
2023-06-07 15:27:07,163 [grpc-default-executor-4] WARN  server.GrpcServerProtocolService (LogUtils.java:warn(122)) - 44fab4b2-57b2-4a73-930e-7f2dc3bdfb4a: APPEND_ENTRIES onError, lastRequest: null: org.apache.ratis.thirdparty.io.grpc.StatusRuntimeException: CANCELLED: client cancelled
2023-06-07 15:27:07,172 [grpc-default-executor-3] WARN  server.GrpcServerProtocolService (LogUtils.java:warn(122)) - 44fab4b2-57b2-4a73-930e-7f2dc3bdfb4a: APPEND_ENTRIES onError, lastRequest: 5cd58b82-186a-4a17-9d11-517c04bd02be->44fab4b2-57b2-4a73-930e-7f2dc3bdfb4a#1-t1,previous=(t:0, i:0),leaderCommit=-1,initializing? true,entries: size=1, first=(t:1, i:0), CONFIGURATIONENTRY(current:id: "5cd58b82-186a-4a17-9d11-517c04bd02be"
address: "10.1.0.36:15067"
priority: 1
dataStreamAddress: "10.1.0.36:15068"
clientAddress: "10.1.0.36:15065"
adminAddress: "10.1.0.36:15066"
startupRole: FOLLOWER
,id: "44fab4b2-57b2-4a73-930e-7f2dc3bdfb4a"
address: "10.1.0.36:15058"
dataStreamAddress: "10.1.0.36:15059"
clientAddress: "10.1.0.36:15056"
adminAddress: "10.1.0.36:15057"
startupRole: FOLLOWER
,id: "fd7d23ea-8a60-4adb-918a-575ed0baa4a6"
address: "10.1.0.36:15049"
dataStreamAddress: "10.1.0.36:15050"
clientAddress: "10.1.0.36:15047"
adminAddress: "10.1.0.36:15048"
startupRole: FOLLOWER
, old:): org.apache.ratis.thirdparty.io.grpc.StatusRuntimeException: CANCELLED: client cancelled
2023-06-07 15:27:07,173 [main] INFO  server.GrpcService (GrpcService.java:closeImpl(320)) - 44fab4b2-57b2-4a73-930e-7f2dc3bdfb4a: shutdown server GrpcServerProtocolService successfully
2023-06-07 15:27:07,173 [main] INFO  server.GrpcService (GrpcService.java:closeImpl(311)) - 44fab4b2-57b2-4a73-930e-7f2dc3bdfb4a: shutdown server org.apache.ratis.grpc.server.GrpcAdminProtocolService now
2023-06-07 15:27:07,173 [fd7d23ea-8a60-4adb-918a-575ed0baa4a6-impl-thread2] INFO  server.RaftServer$Division (ServerState.java:close(472)) - fd7d23ea-8a60-4adb-918a-575ed0baa4a6@group-96312C27412F: closes. applyIndex: 0
2023-06-07 15:27:07,176 [grpc-default-executor-8] WARN  server.GrpcLogAppender (LogUtils.java:warn(122)) - 5cd58b82-186a-4a17-9d11-517c04bd02be@group-823ED08AD72E->44fab4b2-57b2-4a73-930e-7f2dc3bdfb4a-AppendLogResponseHandler: Failed appendEntries: org.apache.ratis.thirdparty.io.grpc.StatusRuntimeException: CANCELLED: RST_STREAM closed stream. HTTP/2 error code: CANCEL
2023-06-07 15:27:07,176 [grpc-default-executor-8] WARN  server.GrpcLogAppender (GrpcLogAppender.java:resetClient(128)) - 5cd58b82-186a-4a17-9d11-517c04bd02be@group-823ED08AD72E->44fab4b2-57b2-4a73-930e-7f2dc3bdfb4a-GrpcLogAppender: Follower failed when matchIndex == 0,  keep nextIndex (1) unchanged and retry.
2023-06-07 15:27:07,187 [grpc-default-executor-4] WARN  server.GrpcLogAppender (LogUtils.java:warn(122)) - 5cd58b82-186a-4a17-9d11-517c04bd02be@group-823ED08AD72E->44fab4b2-57b2-4a73-930e-7f2dc3bdfb4a-AppendLogResponseHandler: Failed appendEntries: org.apache.ratis.thirdparty.io.grpc.StatusRuntimeException: CANCELLED: RST_STREAM closed stream. HTTP/2 error code: CANCEL
2023-06-07 15:27:07,188 [grpc-default-executor-4] WARN  server.GrpcLogAppender (GrpcLogAppender.java:resetClient(128)) - 5cd58b82-186a-4a17-9d11-517c04bd02be@group-823ED08AD72E->44fab4b2-57b2-4a73-930e-7f2dc3bdfb4a-GrpcLogAppender: Follower failed when matchIndex == 0,  keep nextIndex (1) unchanged and retry.
2023-06-07 15:27:07,189 [main] INFO  server.GrpcService (GrpcService.java:closeImpl(320)) - 44fab4b2-57b2-4a73-930e-7f2dc3bdfb4a: shutdown server org.apache.ratis.grpc.server.GrpcAdminProtocolService successfully
2023-06-07 15:27:07,189 [44fab4b2-57b2-4a73-930e-7f2dc3bdfb4a-NettyServerStreamRpc-bossGroup--thread1] INFO  logging.LoggingHandler (AbstractInternalLogger.java:log(148)) - [id: 0xa27c07b5, L:/0:0:0:0:0:0:0:0:15059] CLOSE
2023-06-07 15:27:07,189 [44fab4b2-57b2-4a73-930e-7f2dc3bdfb4a-NettyServerStreamRpc-bossGroup--thread1] INFO  logging.LoggingHandler (AbstractInternalLogger.java:log(148)) - [id: 0xa27c07b5, L:/0:0:0:0:0:0:0:0:15059] INACTIVE
2023-06-07 15:27:07,190 [44fab4b2-57b2-4a73-930e-7f2dc3bdfb4a-NettyServerStreamRpc-bossGroup--thread1] INFO  logging.LoggingHandler (AbstractInternalLogger.java:log(148)) - [id: 0xa27c07b5, L:/0:0:0:0:0:0:0:0:15059] UNREGISTERED
2023-06-07 15:27:07,190 [ForkJoinPool.commonPool-worker-3] INFO  ozoneimpl.OzoneContainer (OzoneContainer.java:stop(420)) - Attempting to stop container services.
2023-06-07 15:27:07,200 [ForkJoinPool.commonPool-worker-3] INFO  server.RaftServer (RaftServerProxy.java:lambda$close$6(416)) - 5cd58b82-186a-4a17-9d11-517c04bd02be: close
2023-06-07 15:27:07,200 [5cd58b82-186a-4a17-9d11-517c04bd02be-impl-thread1] INFO  server.RaftServer$Division (RaftServerImpl.java:lambda$close$4(466)) - 5cd58b82-186a-4a17-9d11-517c04bd02be@group-74E128AA2380: shutdown
2023-06-07 15:27:07,200 [5cd58b82-186a-4a17-9d11-517c04bd02be-impl-thread1] INFO  util.JmxRegister (JmxRegister.java:unregister(73)) - Successfully un-registered JMX Bean with object name Ratis:service=RaftServer,group=group-74E128AA2380,id=5cd58b82-186a-4a17-9d11-517c04bd02be
2023-06-07 15:27:07,200 [5cd58b82-186a-4a17-9d11-517c04bd02be-impl-thread1] INFO  impl.RoleInfo (RoleInfo.java:shutdownLeaderState(93)) - 5cd58b82-186a-4a17-9d11-517c04bd02be: shutdown 5cd58b82-186a-4a17-9d11-517c04bd02be@group-74E128AA2380-LeaderStateImpl
2023-06-07 15:27:07,200 [5cd58b82-186a-4a17-9d11-517c04bd02be-impl-thread1] INFO  impl.PendingRequests (PendingRequests.java:sendNotLeaderResponses(289)) - 5cd58b82-186a-4a17-9d11-517c04bd02be@group-74E128AA2380-PendingRequests: sendNotLeaderResponses
2023-06-07 15:27:07,201 [5cd58b82-186a-4a17-9d11-517c04bd02be-impl-thread1] INFO  impl.StateMachineUpdater (StateMachineUpdater.java:stopAndJoin(155)) - 5cd58b82-186a-4a17-9d11-517c04bd02be@group-74E128AA2380-StateMachineUpdater: set stopIndex = 0
2023-06-07 15:27:07,201 [ForkJoinPool.commonPool-worker-2] INFO  server.GrpcService (GrpcService.java:closeImpl(320)) - fd7d23ea-8a60-4adb-918a-575ed0baa4a6: shutdown server org.apache.ratis.grpc.server.GrpcClientProtocolService successfully
2023-06-07 15:27:07,201 [5cd58b82-186a-4a17-9d11-517c04bd02be-impl-thread2] INFO  server.RaftServer$Division (RaftServerImpl.java:lambda$close$4(466)) - 5cd58b82-186a-4a17-9d11-517c04bd02be@group-823ED08AD72E: shutdown
2023-06-07 15:27:07,201 [ForkJoinPool.commonPool-worker-2] INFO  server.GrpcService (GrpcService.java:closeImpl(311)) - fd7d23ea-8a60-4adb-918a-575ed0baa4a6: shutdown server GrpcServerProtocolService now
2023-06-07 15:27:07,201 [5cd58b82-186a-4a17-9d11-517c04bd02be@group-74E128AA2380-StateMachineUpdater] INFO  ratis.ContainerStateMachine (ContainerStateMachine.java:takeSnapshot(330)) - group-74E128AA2380: Taking a snapshot at:(t:1, i:0) file /home/runner/work/ozone/ozone/hadoop-ozone/integration-test/target/test-dir/MiniOzoneClusterImpl-a06f699e-8867-4796-a8d4-355781268f91/datanode-2/data/ratis/2ee62eba-bd02-47dd-848c-74e128aa2380/sm/snapshot.1_0
2023-06-07 15:27:07,201 [5cd58b82-186a-4a17-9d11-517c04bd02be-impl-thread2] INFO  util.JmxRegister (JmxRegister.java:unregister(73)) - Successfully un-registered JMX Bean with object name Ratis:service=RaftServer,group=group-823ED08AD72E,id=5cd58b82-186a-4a17-9d11-517c04bd02be
2023-06-07 15:27:07,201 [5cd58b82-186a-4a17-9d11-517c04bd02be-impl-thread2] INFO  impl.RoleInfo (RoleInfo.java:shutdownLeaderState(93)) - 5cd58b82-186a-4a17-9d11-517c04bd02be: shutdown 5cd58b82-186a-4a17-9d11-517c04bd02be@group-823ED08AD72E-LeaderStateImpl
2023-06-07 15:27:07,201 [ForkJoinPool.commonPool-worker-3] INFO  server.GrpcService (GrpcService.java:closeImpl(311)) - 5cd58b82-186a-4a17-9d11-517c04bd02be: shutdown server org.apache.ratis.grpc.server.GrpcClientProtocolService now
2023-06-07 15:27:07,203 [grpc-default-executor-4] WARN  server.GrpcServerProtocolService (LogUtils.java:warn(122)) - fd7d23ea-8a60-4adb-918a-575ed0baa4a6: APPEND_ENTRIES onError, lastRequest: 5cd58b82-186a-4a17-9d11-517c04bd02be->fd7d23ea-8a60-4adb-918a-575ed0baa4a6#1-t1,previous=(t:0, i:0),leaderCommit=-1,initializing? true,entries: size=1, first=(t:1, i:0), CONFIGURATIONENTRY(current:id: "5cd58b82-186a-4a17-9d11-517c04bd02be"
address: "10.1.0.36:15067"
priority: 1
dataStreamAddress: "10.1.0.36:15068"
clientAddress: "10.1.0.36:15065"
adminAddress: "10.1.0.36:15066"
startupRole: FOLLOWER
,id: "44fab4b2-57b2-4a73-930e-7f2dc3bdfb4a"
address: "10.1.0.36:15058"
dataStreamAddress: "10.1.0.36:15059"
clientAddress: "10.1.0.36:15056"
adminAddress: "10.1.0.36:15057"
startupRole: FOLLOWER
,id: "fd7d23ea-8a60-4adb-918a-575ed0baa4a6"
address: "10.1.0.36:15049"
dataStreamAddress: "10.1.0.36:15050"
clientAddress: "10.1.0.36:15047"
adminAddress: "10.1.0.36:15048"
startupRole: FOLLOWER
, old:): org.apache.ratis.thirdparty.io.grpc.StatusRuntimeException: CANCELLED: client cancelled
2023-06-07 15:27:07,204 [5cd58b82-186a-4a17-9d11-517c04bd02be@group-74E128AA2380-StateMachineUpdater] INFO  ratis.ContainerStateMachine (ContainerStateMachine.java:takeSnapshot(341)) - group-74E128AA2380: Finished taking a snapshot at:(t:1, i:0) file:/home/runner/work/ozone/ozone/hadoop-ozone/integration-test/target/test-dir/MiniOzoneClusterImpl-a06f699e-8867-4796-a8d4-355781268f91/datanode-2/data/ratis/2ee62eba-bd02-47dd-848c-74e128aa2380/sm/snapshot.1_0 took: 2 ms
2023-06-07 15:27:07,204 [5cd58b82-186a-4a17-9d11-517c04bd02be@group-74E128AA2380-StateMachineUpdater] INFO  impl.StateMachineUpdater (StateMachineUpdater.java:takeSnapshot(291)) - 5cd58b82-186a-4a17-9d11-517c04bd02be@group-74E128AA2380-StateMachineUpdater: Took a snapshot at index 0
2023-06-07 15:27:07,204 [5cd58b82-186a-4a17-9d11-517c04bd02be@group-74E128AA2380-StateMachineUpdater] INFO  impl.StateMachineUpdater (StateMachineUpdater.java:lambda$new$0(97)) - 5cd58b82-186a-4a17-9d11-517c04bd02be@group-74E128AA2380-StateMachineUpdater: snapshotIndex: updateIncreasingly -1 -> 0
2023-06-07 15:27:07,204 [5cd58b82-186a-4a17-9d11-517c04bd02be-impl-thread1] INFO  server.RaftServer$Division (ServerState.java:close(472)) - 5cd58b82-186a-4a17-9d11-517c04bd02be@group-74E128AA2380: closes. applyIndex: 0
2023-06-07 15:27:07,205 [grpc-default-executor-9] WARN  server.GrpcServerProtocolService (LogUtils.java:warn(122)) - fd7d23ea-8a60-4adb-918a-575ed0baa4a6: APPEND_ENTRIES onError, lastRequest: null: org.apache.ratis.thirdparty.io.grpc.StatusRuntimeException: CANCELLED: client cancelled
2023-06-07 15:27:07,205 [grpc-default-executor-3] WARN  server.GrpcLogAppender (LogUtils.java:warn(122)) - 5cd58b82-186a-4a17-9d11-517c04bd02be@group-823ED08AD72E->fd7d23ea-8a60-4adb-918a-575ed0baa4a6-AppendLogResponseHandler: Failed appendEntries: org.apache.ratis.thirdparty.io.grpc.StatusRuntimeException: CANCELLED: RST_STREAM closed stream. HTTP/2 error code: CANCEL
2023-06-07 15:27:07,205 [grpc-default-executor-3] WARN  server.GrpcLogAppender (GrpcLogAppender.java:resetClient(128)) - 5cd58b82-186a-4a17-9d11-517c04bd02be@group-823ED08AD72E->fd7d23ea-8a60-4adb-918a-575ed0baa4a6-GrpcLogAppender: Follower failed when matchIndex == 0,  keep nextIndex (1) unchanged and retry.
2023-06-07 15:27:07,209 [5cd58b82-186a-4a17-9d11-517c04bd02be-impl-thread3] INFO  server.RaftServer$Division (RaftServerImpl.java:lambda$close$4(466)) - 5cd58b82-186a-4a17-9d11-517c04bd02be@group-96312C27412F: shutdown
2023-06-07 15:27:07,209 [grpc-default-executor-3] WARN  server.GrpcLogAppender (LogUtils.java:warn(122)) - 5cd58b82-186a-4a17-9d11-517c04bd02be@group-823ED08AD72E->fd7d23ea-8a60-4adb-918a-575ed0baa4a6-AppendLogResponseHandler: Failed appendEntries: org.apache.ratis.thirdparty.io.grpc.StatusRuntimeException: CANCELLED: RST_STREAM closed stream. HTTP/2 error code: CANCEL
2023-06-07 15:27:07,209 [grpc-default-executor-3] WARN  server.GrpcLogAppender (GrpcLogAppender.java:resetClient(128)) - 5cd58b82-186a-4a17-9d11-517c04bd02be@group-823ED08AD72E->fd7d23ea-8a60-4adb-918a-575ed0baa4a6-GrpcLogAppender: Follower failed when matchIndex == 0,  keep nextIndex (1) unchanged and retry.
2023-06-07 15:27:07,209 [5cd58b82-186a-4a17-9d11-517c04bd02be-impl-thread3] INFO  util.JmxRegister (JmxRegister.java:unregister(73)) - Successfully un-registered JMX Bean with object name Ratis:service=RaftServer,group=group-96312C27412F,id=5cd58b82-186a-4a17-9d11-517c04bd02be
2023-06-07 15:27:07,209 [5cd58b82-186a-4a17-9d11-517c04bd02be-impl-thread3] INFO  impl.RoleInfo (RoleInfo.java:shutdownFollowerState(110)) - 5cd58b82-186a-4a17-9d11-517c04bd02be: shutdown 5cd58b82-186a-4a17-9d11-517c04bd02be@group-96312C27412F-FollowerState
2023-06-07 15:27:07,209 [5cd58b82-186a-4a17-9d11-517c04bd02be@group-823ED08AD72E->44fab4b2-57b2-4a73-930e-7f2dc3bdfb4a-GrpcLogAppender-LogAppenderDaemon] WARN  server.GrpcLogAppender (GrpcLogAppender.java:mayWait(199)) - 5cd58b82-186a-4a17-9d11-517c04bd02be@group-823ED08AD72E->44fab4b2-57b2-4a73-930e-7f2dc3bdfb4a-GrpcLogAppender: Wait interrupted by java.lang.InterruptedException
2023-06-07 15:27:07,212 [5cd58b82-186a-4a17-9d11-517c04bd02be@group-96312C27412F-FollowerState] INFO  impl.FollowerState (FollowerState.java:run(152)) - 5cd58b82-186a-4a17-9d11-517c04bd02be@group-96312C27412F-FollowerState was interrupted
2023-06-07 15:27:07,212 [5cd58b82-186a-4a17-9d11-517c04bd02be-impl-thread2] INFO  impl.PendingRequests (PendingRequests.java:sendNotLeaderResponses(289)) - 5cd58b82-186a-4a17-9d11-517c04bd02be@group-823ED08AD72E-PendingRequests: sendNotLeaderResponses
2023-06-07 15:27:07,212 [5cd58b82-186a-4a17-9d11-517c04bd02be@group-823ED08AD72E->fd7d23ea-8a60-4adb-918a-575ed0baa4a6-GrpcLogAppender-LogAppenderDaemon] WARN  server.GrpcLogAppender (GrpcLogAppender.java:mayWait(199)) - 5cd58b82-186a-4a17-9d11-517c04bd02be@group-823ED08AD72E->fd7d23ea-8a60-4adb-918a-575ed0baa4a6-GrpcLogAppender: Wait interrupted by java.lang.InterruptedException
2023-06-07 15:27:07,212 [5cd58b82-186a-4a17-9d11-517c04bd02be-impl-thread2] INFO  impl.StateMachineUpdater (StateMachineUpdater.java:stopAndJoin(155)) - 5cd58b82-186a-4a17-9d11-517c04bd02be@group-823ED08AD72E-StateMachineUpdater: set stopIndex = 0
2023-06-07 15:27:07,213 [Thread-892] INFO  server.GrpcServerProtocolClient (GrpcServerProtocolClient.java:close(103)) - 44fab4b2-57b2-4a73-930e-7f2dc3bdfb4a Close channels
2023-06-07 15:27:07,213 [Thread-893] INFO  server.GrpcServerProtocolClient (GrpcServerProtocolClient.java:close(103)) - fd7d23ea-8a60-4adb-918a-575ed0baa4a6 Close channels
2023-06-07 15:27:07,214 [ForkJoinPool.commonPool-worker-2] INFO  server.GrpcService (GrpcService.java:closeImpl(320)) - fd7d23ea-8a60-4adb-918a-575ed0baa4a6: shutdown server GrpcServerProtocolService successfully
2023-06-07 15:27:07,214 [ForkJoinPool.commonPool-worker-2] INFO  server.GrpcService (GrpcService.java:closeImpl(311)) - fd7d23ea-8a60-4adb-918a-575ed0baa4a6: shutdown server org.apache.ratis.grpc.server.GrpcAdminProtocolService now
2023-06-07 15:27:07,214 [5cd58b82-186a-4a17-9d11-517c04bd02be@group-823ED08AD72E-StateMachineUpdater] INFO  ratis.ContainerStateMachine (ContainerStateMachine.java:takeSnapshot(330)) - group-823ED08AD72E: Taking a snapshot at:(t:1, i:0) file /home/runner/work/ozone/ozone/hadoop-ozone/integration-test/target/test-dir/MiniOzoneClusterImpl-a06f699e-8867-4796-a8d4-355781268f91/datanode-2/data/ratis/54f5eddf-7252-49d1-8066-823ed08ad72e/sm/snapshot.1_0
2023-06-07 15:27:07,214 [5cd58b82-186a-4a17-9d11-517c04bd02be-impl-thread3] INFO  impl.StateMachineUpdater (StateMachineUpdater.java:stopAndJoin(155)) - 5cd58b82-186a-4a17-9d11-517c04bd02be@group-96312C27412F-StateMachineUpdater: set stopIndex = -1
2023-06-07 15:27:07,220 [ForkJoinPool.commonPool-worker-2] INFO  server.GrpcService (GrpcService.java:closeImpl(320)) - fd7d23ea-8a60-4adb-918a-575ed0baa4a6: shutdown server org.apache.ratis.grpc.server.GrpcAdminProtocolService successfully
2023-06-07 15:27:07,221 [fd7d23ea-8a60-4adb-918a-575ed0baa4a6-NettyServerStreamRpc-bossGroup--thread1] INFO  logging.LoggingHandler (AbstractInternalLogger.java:log(148)) - [id: 0xef40c71b, L:/0:0:0:0:0:0:0:0:15050] CLOSE
2023-06-07 15:27:07,225 [ForkJoinPool.commonPool-worker-3] INFO  server.GrpcService (GrpcService.java:closeImpl(320)) - 5cd58b82-186a-4a17-9d11-517c04bd02be: shutdown server org.apache.ratis.grpc.server.GrpcClientProtocolService successfully
2023-06-07 15:27:07,225 [ForkJoinPool.commonPool-worker-3] INFO  server.GrpcService (GrpcService.java:closeImpl(311)) - 5cd58b82-186a-4a17-9d11-517c04bd02be: shutdown server GrpcServerProtocolService now
2023-06-07 15:27:07,225 [5cd58b82-186a-4a17-9d11-517c04bd02be-impl-thread3] INFO  server.RaftServer$Division (ServerState.java:close(472)) - 5cd58b82-186a-4a17-9d11-517c04bd02be@group-96312C27412F: closes. applyIndex: -1
2023-06-07 15:27:07,225 [5cd58b82-186a-4a17-9d11-517c04bd02be@group-823ED08AD72E-StateMachineUpdater] INFO  ratis.ContainerStateMachine (ContainerStateMachine.java:takeSnapshot(341)) - group-823ED08AD72E: Finished taking a snapshot at:(t:1, i:0) file:/home/runner/work/ozone/ozone/hadoop-ozone/integration-test/target/test-dir/MiniOzoneClusterImpl-a06f699e-8867-4796-a8d4-355781268f91/datanode-2/data/ratis/54f5eddf-7252-49d1-8066-823ed08ad72e/sm/snapshot.1_0 took: 11 ms
2023-06-07 15:27:07,226 [5cd58b82-186a-4a17-9d11-517c04bd02be@group-823ED08AD72E-StateMachineUpdater] INFO  impl.StateMachineUpdater (StateMachineUpdater.java:takeSnapshot(291)) - 5cd58b82-186a-4a17-9d11-517c04bd02be@group-823ED08AD72E-StateMachineUpdater: Took a snapshot at index 0
2023-06-07 15:27:07,226 [5cd58b82-186a-4a17-9d11-517c04bd02be@group-823ED08AD72E-StateMachineUpdater] INFO  impl.StateMachineUpdater (StateMachineUpdater.java:lambda$new$0(97)) - 5cd58b82-186a-4a17-9d11-517c04bd02be@group-823ED08AD72E-StateMachineUpdater: snapshotIndex: updateIncreasingly -1 -> 0
2023-06-07 15:27:07,226 [5cd58b82-186a-4a17-9d11-517c04bd02be-impl-thread2] INFO  server.RaftServer$Division (ServerState.java:close(472)) - 5cd58b82-186a-4a17-9d11-517c04bd02be@group-823ED08AD72E: closes. applyIndex: 0
2023-06-07 15:27:07,226 [fd7d23ea-8a60-4adb-918a-575ed0baa4a6-NettyServerStreamRpc-bossGroup--thread1] INFO  logging.LoggingHandler (AbstractInternalLogger.java:log(148)) - [id: 0xef40c71b, L:/0:0:0:0:0:0:0:0:15050] INACTIVE
2023-06-07 15:27:07,226 [fd7d23ea-8a60-4adb-918a-575ed0baa4a6-NettyServerStreamRpc-bossGroup--thread1] INFO  logging.LoggingHandler (AbstractInternalLogger.java:log(148)) - [id: 0xef40c71b, L:/0:0:0:0:0:0:0:0:15050] UNREGISTERED
2023-06-07 15:27:07,227 [ForkJoinPool.commonPool-worker-3] INFO  server.GrpcService (GrpcService.java:closeImpl(320)) - 5cd58b82-186a-4a17-9d11-517c04bd02be: shutdown server GrpcServerProtocolService successfully
2023-06-07 15:27:07,227 [ForkJoinPool.commonPool-worker-3] INFO  server.GrpcService (GrpcService.java:closeImpl(311)) - 5cd58b82-186a-4a17-9d11-517c04bd02be: shutdown server org.apache.ratis.grpc.server.GrpcAdminProtocolService now
2023-06-07 15:27:07,240 [ForkJoinPool.commonPool-worker-3] INFO  server.GrpcService (GrpcService.java:closeImpl(320)) - 5cd58b82-186a-4a17-9d11-517c04bd02be: shutdown server org.apache.ratis.grpc.server.GrpcAdminProtocolService successfully
2023-06-07 15:27:07,240 [5cd58b82-186a-4a17-9d11-517c04bd02be-NettyServerStreamRpc-bossGroup--thread1] INFO  logging.LoggingHandler (AbstractInternalLogger.java:log(148)) - [id: 0x8d6433b2, L:/0:0:0:0:0:0:0:0:15068] CLOSE
2023-06-07 15:27:07,240 [5cd58b82-186a-4a17-9d11-517c04bd02be-NettyServerStreamRpc-bossGroup--thread1] INFO  logging.LoggingHandler (AbstractInternalLogger.java:log(148)) - [id: 0x8d6433b2, L:/0:0:0:0:0:0:0:0:15068] INACTIVE
2023-06-07 15:27:07,240 [5cd58b82-186a-4a17-9d11-517c04bd02be-NettyServerStreamRpc-bossGroup--thread1] INFO  logging.LoggingHandler (AbstractInternalLogger.java:log(148)) - [id: 0x8d6433b2, L:/0:0:0:0:0:0:0:0:15068] UNREGISTERED
2023-06-07 15:27:07,352 [fd7d23ea-8a60-4adb-918a-575ed0baa4a6-impl-thread3] INFO  segmented.SegmentedRaftLogWorker (SegmentedRaftLogWorker.java:close(252)) - fd7d23ea-8a60-4adb-918a-575ed0baa4a6@group-4DC680CD796A-SegmentedRaftLogWorker close()
2023-06-07 15:27:07,594 [5cd58b82-186a-4a17-9d11-517c04bd02be-impl-thread2] INFO  segmented.SegmentedRaftLogWorker (SegmentedRaftLogWorker.java:close(252)) - 5cd58b82-186a-4a17-9d11-517c04bd02be@group-823ED08AD72E-SegmentedRaftLogWorker close()
2023-06-07 15:27:07,622 [fd7d23ea-8a60-4adb-918a-575ed0baa4a6-impl-thread2] INFO  segmented.SegmentedRaftLogWorker (SegmentedRaftLogWorker.java:close(252)) - fd7d23ea-8a60-4adb-918a-575ed0baa4a6@group-96312C27412F-SegmentedRaftLogWorker close()
2023-06-07 15:27:07,656 [44fab4b2-57b2-4a73-930e-7f2dc3bdfb4a-impl-thread1] INFO  segmented.SegmentedRaftLogWorker (SegmentedRaftLogWorker.java:close(252)) - 44fab4b2-57b2-4a73-930e-7f2dc3bdfb4a@group-823ED08AD72E-SegmentedRaftLogWorker close()
2023-06-07 15:27:07,659 [fd7d23ea-8a60-4adb-918a-575ed0baa4a6-impl-thread1] INFO  segmented.SegmentedRaftLogWorker (SegmentedRaftLogWorker.java:close(252)) - fd7d23ea-8a60-4adb-918a-575ed0baa4a6@group-823ED08AD72E-SegmentedRaftLogWorker close()
2023-06-07 15:27:07,660 [JvmPauseMonitor9] INFO  util.JvmPauseMonitor (JvmPauseMonitor.java:run(109)) - JvmPauseMonitor-fd7d23ea-8a60-4adb-918a-575ed0baa4a6: Stopped
2023-06-07 15:27:07,663 [44fab4b2-57b2-4a73-930e-7f2dc3bdfb4a-impl-thread2] INFO  segmented.SegmentedRaftLogWorker (SegmentedRaftLogWorker.java:close(252)) - 44fab4b2-57b2-4a73-930e-7f2dc3bdfb4a@group-96312C27412F-SegmentedRaftLogWorker close()
2023-06-07 15:27:07,666 [5cd58b82-186a-4a17-9d11-517c04bd02be-impl-thread3] INFO  segmented.SegmentedRaftLogWorker (SegmentedRaftLogWorker.java:close(252)) - 5cd58b82-186a-4a17-9d11-517c04bd02be@group-96312C27412F-SegmentedRaftLogWorker close()
2023-06-07 15:27:07,869 [44fab4b2-57b2-4a73-930e-7f2dc3bdfb4a-impl-thread3] INFO  segmented.SegmentedRaftLogWorker (SegmentedRaftLogWorker.java:close(252)) - 44fab4b2-57b2-4a73-930e-7f2dc3bdfb4a@group-7E7C77EFDDED-SegmentedRaftLogWorker close()
2023-06-07 15:27:07,870 [JvmPauseMonitor10] INFO  util.JvmPauseMonitor (JvmPauseMonitor.java:run(109)) - JvmPauseMonitor-44fab4b2-57b2-4a73-930e-7f2dc3bdfb4a: Stopped
2023-06-07 15:27:07,992 [5cd58b82-186a-4a17-9d11-517c04bd02be-impl-thread1] INFO  segmented.SegmentedRaftLogWorker (SegmentedRaftLogWorker.java:close(252)) - 5cd58b82-186a-4a17-9d11-517c04bd02be@group-74E128AA2380-SegmentedRaftLogWorker close()
2023-06-07 15:27:07,994 [JvmPauseMonitor11] INFO  util.JvmPauseMonitor (JvmPauseMonitor.java:run(109)) - JvmPauseMonitor-5cd58b82-186a-4a17-9d11-517c04bd02be: Stopped
2023-06-07 15:27:08,843 [RatisPipelineUtilsThread - 0] WARN  pipeline.PipelinePlacementPolicy (PipelinePlacementPolicy.java:filterViableNodes(166)) - Pipeline creation failed due to no sufficient healthy datanodes. Required 3. Found 0. Excluded 3.
2023-06-07 15:27:09,665 [ForkJoinPool.commonPool-worker-2] INFO  utils.DatanodeStoreCache (DatanodeStoreCache.java:shutdownCache(110)) - Skip clearing cache in mini cluster mode. Entries left: [/home/runner/work/ozone/ozone/hadoop-ozone/integration-test/target/test-dir/MiniOzoneClusterImpl-a06f699e-8867-4796-a8d4-355781268f91/datanode-0/data-0/containers/hdds/a06f699e-8867-4796-a8d4-355781268f91/DS-bbd7f313-000f-4096-be0d-a08e2e22f0da/container.db, /home/runner/work/ozone/ozone/hadoop-ozone/integration-test/target/test-dir/MiniOzoneClusterImpl-a06f699e-8867-4796-a8d4-355781268f91/datanode-1/data-0/containers/hdds/a06f699e-8867-4796-a8d4-355781268f91/DS-ee83a287-8b78-4eb7-91e2-e3909a2d72fd/container.db, /home/runner/work/ozone/ozone/hadoop-ozone/integration-test/target/test-dir/MiniOzoneClusterImpl-a06f699e-8867-4796-a8d4-355781268f91/datanode-2/data-0/containers/hdds/a06f699e-8867-4796-a8d4-355781268f91/DS-990bffd0-587b-4966-937f-8a37c667049b/container.db]
2023-06-07 15:27:09,668 [ForkJoinPool.commonPool-worker-2] INFO  utils.DatanodeStoreCache (DatanodeStoreCache.java:removeDB(104)) - Removed db /home/runner/work/ozone/ozone/hadoop-ozone/integration-test/target/test-dir/MiniOzoneClusterImpl-a06f699e-8867-4796-a8d4-355781268f91/datanode-0/data-0/containers/hdds/a06f699e-8867-4796-a8d4-355781268f91/DS-bbd7f313-000f-4096-be0d-a08e2e22f0da/container.db from cache
2023-06-07 15:27:09,668 [ForkJoinPool.commonPool-worker-2] INFO  volume.HddsVolume (HddsVolume.java:closeDbStore(437)) - SchemaV3 db is stopped at /home/runner/work/ozone/ozone/hadoop-ozone/integration-test/target/test-dir/MiniOzoneClusterImpl-a06f699e-8867-4796-a8d4-355781268f91/datanode-0/data-0/containers/hdds/a06f699e-8867-4796-a8d4-355781268f91/DS-bbd7f313-000f-4096-be0d-a08e2e22f0da/container.db for volume DS-bbd7f313-000f-4096-be0d-a08e2e22f0da
2023-06-07 15:27:09,669 [ForkJoinPool.commonPool-worker-2] INFO  utils.BackgroundService (BackgroundService.java:shutdown(141)) - Shutting down service BlockDeletingService
2023-06-07 15:27:09,671 [ForkJoinPool.commonPool-worker-2] INFO  utils.BackgroundService (BackgroundService.java:shutdown(141)) - Shutting down service StaleRecoveringContainerScrubbingService
2023-06-07 15:27:09,672 [ForkJoinPool.commonPool-worker-2] INFO  statemachine.DatanodeStateMachine (DatanodeStateMachine.java:stopDaemon(605)) - Ozone container server stopped.
2023-06-07 15:27:09,682 [ForkJoinPool.commonPool-worker-2] INFO  handler.ContextHandler (ContextHandler.java:doStop(1159)) - Stopped o.e.j.w.WebAppContext@40f5b4ad{hddsDatanode,/,null,STOPPED}{jar:file:/home/runner/.m2/repository/org/apache/ozone/hdds-container-service/1.4.0-SNAPSHOT/hdds-container-service-1.4.0-SNAPSHOT.jar!/webapps/hddsDatanode}
2023-06-07 15:27:09,682 [ForkJoinPool.commonPool-worker-2] INFO  server.AbstractConnector (AbstractConnector.java:doStop(383)) - Stopped ServerConnector@5f40a8df{HTTP/1.1, (http/1.1)}{0.0.0.0:15044}
2023-06-07 15:27:09,682 [ForkJoinPool.commonPool-worker-2] INFO  server.session (HouseKeeper.java:stopScavenging(149)) - node0 Stopped scavenging
2023-06-07 15:27:09,683 [ForkJoinPool.commonPool-worker-2] INFO  handler.ContextHandler (ContextHandler.java:doStop(1159)) - Stopped o.e.j.s.ServletContextHandler@2d751681{static,/static,jar:file:/home/runner/.m2/repository/org/apache/ozone/hdds-container-service/1.4.0-SNAPSHOT/hdds-container-service-1.4.0-SNAPSHOT.jar!/webapps/static,STOPPED}
2023-06-07 15:27:09,683 [ForkJoinPool.commonPool-worker-2] INFO  handler.ContextHandler (ContextHandler.java:doStop(1159)) - Stopped o.e.j.s.ServletContextHandler@5a2f57d1{logs,/logs,file:///home/runner/work/ozone/ozone/hadoop-ozone/integration-test/target/log,STOPPED}
2023-06-07 15:27:09,684 [ForkJoinPool.commonPool-worker-2] INFO  ozone.HddsDatanodeClientProtocolServer (HddsDatanodeClientProtocolServer.java:stop(78)) - Stopping the RPC server for Client Protocol
2023-06-07 15:27:09,684 [ForkJoinPool.commonPool-worker-2] INFO  ipc.Server (Server.java:stop(3501)) - Stopping server on 15045
2023-06-07 15:27:09,685 [IPC Server listener on 15045] INFO  ipc.Server (Server.java:run(1430)) - Stopping IPC Server listener on 15045
2023-06-07 15:27:09,686 [IPC Server Responder] INFO  ipc.Server (Server.java:run(1563)) - Stopping IPC Server Responder
2023-06-07 15:27:09,874 [main] INFO  utils.DatanodeStoreCache (DatanodeStoreCache.java:shutdownCache(110)) - Skip clearing cache in mini cluster mode. Entries left: [/home/runner/work/ozone/ozone/hadoop-ozone/integration-test/target/test-dir/MiniOzoneClusterImpl-a06f699e-8867-4796-a8d4-355781268f91/datanode-1/data-0/containers/hdds/a06f699e-8867-4796-a8d4-355781268f91/DS-ee83a287-8b78-4eb7-91e2-e3909a2d72fd/container.db, /home/runner/work/ozone/ozone/hadoop-ozone/integration-test/target/test-dir/MiniOzoneClusterImpl-a06f699e-8867-4796-a8d4-355781268f91/datanode-2/data-0/containers/hdds/a06f699e-8867-4796-a8d4-355781268f91/DS-990bffd0-587b-4966-937f-8a37c667049b/container.db]
2023-06-07 15:27:09,875 [main] INFO  utils.DatanodeStoreCache (DatanodeStoreCache.java:removeDB(104)) - Removed db /home/runner/work/ozone/ozone/hadoop-ozone/integration-test/target/test-dir/MiniOzoneClusterImpl-a06f699e-8867-4796-a8d4-355781268f91/datanode-1/data-0/containers/hdds/a06f699e-8867-4796-a8d4-355781268f91/DS-ee83a287-8b78-4eb7-91e2-e3909a2d72fd/container.db from cache
2023-06-07 15:27:09,876 [main] INFO  volume.HddsVolume (HddsVolume.java:closeDbStore(437)) - SchemaV3 db is stopped at /home/runner/work/ozone/ozone/hadoop-ozone/integration-test/target/test-dir/MiniOzoneClusterImpl-a06f699e-8867-4796-a8d4-355781268f91/datanode-1/data-0/containers/hdds/a06f699e-8867-4796-a8d4-355781268f91/DS-ee83a287-8b78-4eb7-91e2-e3909a2d72fd/container.db for volume DS-ee83a287-8b78-4eb7-91e2-e3909a2d72fd
2023-06-07 15:27:09,876 [main] INFO  utils.BackgroundService (BackgroundService.java:shutdown(141)) - Shutting down service BlockDeletingService
2023-06-07 15:27:09,876 [main] INFO  utils.BackgroundService (BackgroundService.java:shutdown(141)) - Shutting down service StaleRecoveringContainerScrubbingService
2023-06-07 15:27:09,877 [main] INFO  statemachine.DatanodeStateMachine (DatanodeStateMachine.java:stopDaemon(605)) - Ozone container server stopped.
2023-06-07 15:27:09,889 [main] INFO  handler.ContextHandler (ContextHandler.java:doStop(1159)) - Stopped o.e.j.w.WebAppContext@22190931{hddsDatanode,/,null,STOPPED}{jar:file:/home/runner/.m2/repository/org/apache/ozone/hdds-container-service/1.4.0-SNAPSHOT/hdds-container-service-1.4.0-SNAPSHOT.jar!/webapps/hddsDatanode}
2023-06-07 15:27:09,889 [main] INFO  server.AbstractConnector (AbstractConnector.java:doStop(383)) - Stopped ServerConnector@62309d41{HTTP/1.1, (http/1.1)}{0.0.0.0:15053}
2023-06-07 15:27:09,890 [main] INFO  server.session (HouseKeeper.java:stopScavenging(149)) - node0 Stopped scavenging
2023-06-07 15:27:09,890 [main] INFO  handler.ContextHandler (ContextHandler.java:doStop(1159)) - Stopped o.e.j.s.ServletContextHandler@1b7440c3{static,/static,jar:file:/home/runner/.m2/repository/org/apache/ozone/hdds-container-service/1.4.0-SNAPSHOT/hdds-container-service-1.4.0-SNAPSHOT.jar!/webapps/static,STOPPED}
2023-06-07 15:27:09,891 [main] INFO  handler.ContextHandler (ContextHandler.java:doStop(1159)) - Stopped o.e.j.s.ServletContextHandler@3a161942{logs,/logs,file:///home/runner/work/ozone/ozone/hadoop-ozone/integration-test/target/log,STOPPED}
2023-06-07 15:27:09,891 [main] INFO  ozone.HddsDatanodeClientProtocolServer (HddsDatanodeClientProtocolServer.java:stop(78)) - Stopping the RPC server for Client Protocol
2023-06-07 15:27:09,892 [main] INFO  ipc.Server (Server.java:stop(3501)) - Stopping server on 15054
2023-06-07 15:27:09,892 [IPC Server listener on 15054] INFO  ipc.Server (Server.java:run(1430)) - Stopping IPC Server listener on 15054
2023-06-07 15:27:09,893 [IPC Server Responder] INFO  ipc.Server (Server.java:run(1563)) - Stopping IPC Server Responder
2023-06-07 15:27:09,997 [ForkJoinPool.commonPool-worker-3] INFO  utils.DatanodeStoreCache (DatanodeStoreCache.java:shutdownCache(110)) - Skip clearing cache in mini cluster mode. Entries left: [/home/runner/work/ozone/ozone/hadoop-ozone/integration-test/target/test-dir/MiniOzoneClusterImpl-a06f699e-8867-4796-a8d4-355781268f91/datanode-2/data-0/containers/hdds/a06f699e-8867-4796-a8d4-355781268f91/DS-990bffd0-587b-4966-937f-8a37c667049b/container.db]
2023-06-07 15:27:10,000 [ForkJoinPool.commonPool-worker-3] INFO  utils.DatanodeStoreCache (DatanodeStoreCache.java:removeDB(104)) - Removed db /home/runner/work/ozone/ozone/hadoop-ozone/integration-test/target/test-dir/MiniOzoneClusterImpl-a06f699e-8867-4796-a8d4-355781268f91/datanode-2/data-0/containers/hdds/a06f699e-8867-4796-a8d4-355781268f91/DS-990bffd0-587b-4966-937f-8a37c667049b/container.db from cache
2023-06-07 15:27:10,000 [ForkJoinPool.commonPool-worker-3] INFO  volume.HddsVolume (HddsVolume.java:closeDbStore(437)) - SchemaV3 db is stopped at /home/runner/work/ozone/ozone/hadoop-ozone/integration-test/target/test-dir/MiniOzoneClusterImpl-a06f699e-8867-4796-a8d4-355781268f91/datanode-2/data-0/containers/hdds/a06f699e-8867-4796-a8d4-355781268f91/DS-990bffd0-587b-4966-937f-8a37c667049b/container.db for volume DS-990bffd0-587b-4966-937f-8a37c667049b
2023-06-07 15:27:10,000 [ForkJoinPool.commonPool-worker-3] INFO  utils.BackgroundService (BackgroundService.java:shutdown(141)) - Shutting down service BlockDeletingService
2023-06-07 15:27:10,000 [ForkJoinPool.commonPool-worker-3] INFO  utils.BackgroundService (BackgroundService.java:shutdown(141)) - Shutting down service StaleRecoveringContainerScrubbingService
2023-06-07 15:27:10,001 [ForkJoinPool.commonPool-worker-3] INFO  statemachine.DatanodeStateMachine (DatanodeStateMachine.java:stopDaemon(605)) - Ozone container server stopped.
2023-06-07 15:27:10,011 [ForkJoinPool.commonPool-worker-3] INFO  handler.ContextHandler (ContextHandler.java:doStop(1159)) - Stopped o.e.j.w.WebAppContext@3c546124{hddsDatanode,/,null,STOPPED}{jar:file:/home/runner/.m2/repository/org/apache/ozone/hdds-container-service/1.4.0-SNAPSHOT/hdds-container-service-1.4.0-SNAPSHOT.jar!/webapps/hddsDatanode}
2023-06-07 15:27:10,011 [ForkJoinPool.commonPool-worker-3] INFO  server.AbstractConnector (AbstractConnector.java:doStop(383)) - Stopped ServerConnector@3eab736e{HTTP/1.1, (http/1.1)}{0.0.0.0:15062}
2023-06-07 15:27:10,011 [ForkJoinPool.commonPool-worker-3] INFO  server.session (HouseKeeper.java:stopScavenging(149)) - node0 Stopped scavenging
2023-06-07 15:27:10,012 [ForkJoinPool.commonPool-worker-3] INFO  handler.ContextHandler (ContextHandler.java:doStop(1159)) - Stopped o.e.j.s.ServletContextHandler@44084477{static,/static,jar:file:/home/runner/.m2/repository/org/apache/ozone/hdds-container-service/1.4.0-SNAPSHOT/hdds-container-service-1.4.0-SNAPSHOT.jar!/webapps/static,STOPPED}
2023-06-07 15:27:10,012 [ForkJoinPool.commonPool-worker-3] INFO  handler.ContextHandler (ContextHandler.java:doStop(1159)) - Stopped o.e.j.s.ServletContextHandler@4678320a{logs,/logs,file:///home/runner/work/ozone/ozone/hadoop-ozone/integration-test/target/log,STOPPED}
2023-06-07 15:27:10,013 [ForkJoinPool.commonPool-worker-3] INFO  ozone.HddsDatanodeClientProtocolServer (HddsDatanodeClientProtocolServer.java:stop(78)) - Stopping the RPC server for Client Protocol
2023-06-07 15:27:10,014 [ForkJoinPool.commonPool-worker-3] INFO  ipc.Server (Server.java:stop(3501)) - Stopping server on 15063
2023-06-07 15:27:10,014 [IPC Server listener on 15063] INFO  ipc.Server (Server.java:run(1430)) - Stopping IPC Server listener on 15063
2023-06-07 15:27:10,014 [IPC Server Responder] INFO  ipc.Server (Server.java:run(1563)) - Stopping IPC Server Responder
2023-06-07 15:27:10,016 [main] INFO  ozone.MiniOzoneClusterImpl (MiniOzoneClusterImpl.java:stopSCM(537)) - Stopping the StorageContainerManager
2023-06-07 15:27:10,016 [main] INFO  server.StorageContainerManager (StorageContainerManager.java:stop(1560)) - Container Balancer is not running.
2023-06-07 15:27:10,016 [main] INFO  server.StorageContainerManager (StorageContainerManager.java:stopReplicationManager(1691)) - Stopping Replication Manager Service.
2023-06-07 15:27:10,016 [main] INFO  replication.ReplicationManager (ReplicationManager.java:stop(332)) - Stopping Replication Monitor Thread.
2023-06-07 15:27:10,016 [Under Replicated Processor] WARN  replication.UnhealthyReplicationProcessor (UnhealthyReplicationProcessor.java:run(167)) - Under Replicated Processor interrupted. Exiting...
2023-06-07 15:27:10,016 [ReplicationMonitor] INFO  replication.ReplicationManager (ReplicationManager.java:run(938)) - Replication Monitor Thread is stopped
2023-06-07 15:27:10,016 [Over Replicated Processor] WARN  replication.UnhealthyReplicationProcessor (UnhealthyReplicationProcessor.java:run(167)) - Over Replicated Processor interrupted. Exiting...
2023-06-07 15:27:10,016 [main] INFO  server.StorageContainerManager (StorageContainerManager.java:stop(1569)) - Stopping the Datanode Admin Monitor.
2023-06-07 15:27:10,017 [main] INFO  server.StorageContainerManager (StorageContainerManager.java:stop(1576)) - Stopping datanode service RPC server
2023-06-07 15:27:10,017 [main] INFO  server.SCMDatanodeProtocolServer (SCMDatanodeProtocolServer.java:stop(424)) - Stopping the RPC server for DataNodes
2023-06-07 15:27:10,017 [main] INFO  ipc.Server (Server.java:stop(3501)) - Stopping server on 15037
2023-06-07 15:27:10,019 [IPC Server listener on 15037] INFO  ipc.Server (Server.java:run(1430)) - Stopping IPC Server listener on 15037
2023-06-07 15:27:10,019 [IPC Server Responder] INFO  ipc.Server (Server.java:run(1563)) - Stopping IPC Server Responder
2023-06-07 15:27:10,097 [SCM Heartbeat Processing Thread - 0] WARN  node.NodeStateManager (NodeStateManager.java:scheduleNextHealthCheck(870)) - Current Thread is interrupted, shutting down HB processing thread for Node Manager.
2023-06-07 15:27:10,098 [main] INFO  server.StorageContainerManager (StorageContainerManager.java:stop(1584)) - Stopping block service RPC server
2023-06-07 15:27:10,098 [main] INFO  server.SCMBlockProtocolServer (SCMBlockProtocolServer.java:stop(161)) - Stopping the RPC server for Block Protocol
2023-06-07 15:27:10,098 [main] INFO  ipc.Server (Server.java:stop(3501)) - Stopping server on 15036
2023-06-07 15:27:10,100 [IPC Server listener on 15036] INFO  ipc.Server (Server.java:run(1430)) - Stopping IPC Server listener on 15036
2023-06-07 15:27:10,100 [IPC Server Responder] INFO  ipc.Server (Server.java:run(1563)) - Stopping IPC Server Responder
2023-06-07 15:27:10,101 [main] INFO  server.StorageContainerManager (StorageContainerManager.java:stop(1591)) - Stopping the StorageContainerLocationProtocol RPC server
2023-06-07 15:27:10,101 [main] INFO  server.SCMClientProtocolServer (SCMClientProtocolServer.java:stop(210)) - Stopping the RPC server for Client Protocol
2023-06-07 15:27:10,101 [main] INFO  ipc.Server (Server.java:stop(3501)) - Stopping server on 15035
2023-06-07 15:27:10,102 [IPC Server listener on 15035] INFO  ipc.Server (Server.java:run(1430)) - Stopping IPC Server listener on 15035
2023-06-07 15:27:10,105 [IPC Server Responder] INFO  ipc.Server (Server.java:run(1563)) - Stopping IPC Server Responder
2023-06-07 15:27:10,105 [main] INFO  server.StorageContainerManager (StorageContainerManager.java:stop(1598)) - Stopping Storage Container Manager HTTP server.
2023-06-07 15:27:10,106 [main] INFO  handler.ContextHandler (ContextHandler.java:doStop(1159)) - Stopped o.e.j.w.WebAppContext@5c26544b{scm,/,null,STOPPED}{file:/home/runner/work/ozone/ozone/hadoop-ozone/integration-test/target/test-classes/webapps/scm}
2023-06-07 15:27:10,107 [main] INFO  server.AbstractConnector (AbstractConnector.java:doStop(383)) - Stopped ServerConnector@3b3815c7{HTTP/1.1, (http/1.1)}{0.0.0.0:15038}
2023-06-07 15:27:10,107 [main] INFO  server.session (HouseKeeper.java:stopScavenging(149)) - node0 Stopped scavenging
2023-06-07 15:27:10,107 [main] INFO  handler.ContextHandler (ContextHandler.java:doStop(1159)) - Stopped o.e.j.s.ServletContextHandler@4f405053{static,/static,file:///home/runner/work/ozone/ozone/hadoop-ozone/integration-test/target/test-classes/webapps/static,STOPPED}
2023-06-07 15:27:10,107 [main] INFO  handler.ContextHandler (ContextHandler.java:doStop(1159)) - Stopped o.e.j.s.ServletContextHandler@78e62cf2{logs,/logs,file:///home/runner/work/ozone/ozone/hadoop-ozone/integration-test/target/log,STOPPED}
2023-06-07 15:27:10,108 [main] INFO  server.StorageContainerManager (StorageContainerManager.java:stop(1606)) - Stopping SCM LayoutVersionManager Service.
2023-06-07 15:27:10,108 [main] INFO  server.StorageContainerManager (StorageContainerManager.java:stop(1614)) - Stopping Block Manager Service.
2023-06-07 15:27:10,108 [main] INFO  utils.BackgroundService (BackgroundService.java:shutdown(141)) - Shutting down service SCMBlockDeletingService
2023-06-07 15:27:10,108 [main] INFO  utils.BackgroundService (BackgroundService.java:shutdown(141)) - Shutting down service SCMBlockDeletingService
2023-06-07 15:27:10,108 [main] INFO  server.StorageContainerManager (StorageContainerManager.java:stop(1636)) - Stopping SCM Event Queue.
2023-06-07 15:27:10,110 [main] INFO  server.StorageContainerManager (StorageContainerManager.java:stop(1647)) - Stopping SCM HA services.
2023-06-07 15:27:10,110 [main] INFO  ha.SCMRatisServerImpl (SCMRatisServerImpl.java:stop(254)) - stopping ratis server 0.0.0.0:9894
2023-06-07 15:27:10,110 [main] INFO  server.RaftServer (RaftServerProxy.java:lambda$close$6(416)) - 6b5eef2c-dd74-44f5-a3fd-6cc948098f17: close
2023-06-07 15:27:10,110 [6b5eef2c-dd74-44f5-a3fd-6cc948098f17-impl-thread1] INFO  server.RaftServer$Division (RaftServerImpl.java:lambda$close$4(466)) - 6b5eef2c-dd74-44f5-a3fd-6cc948098f17@group-355781268F91: shutdown
2023-06-07 15:27:10,110 [6b5eef2c-dd74-44f5-a3fd-6cc948098f17-impl-thread1] INFO  util.JmxRegister (JmxRegister.java:unregister(73)) - Successfully un-registered JMX Bean with object name Ratis:service=RaftServer,group=group-355781268F91,id=6b5eef2c-dd74-44f5-a3fd-6cc948098f17
2023-06-07 15:27:10,111 [6b5eef2c-dd74-44f5-a3fd-6cc948098f17-impl-thread1] INFO  impl.RoleInfo (RoleInfo.java:shutdownLeaderState(93)) - 6b5eef2c-dd74-44f5-a3fd-6cc948098f17: shutdown 6b5eef2c-dd74-44f5-a3fd-6cc948098f17@group-355781268F91-LeaderStateImpl
2023-06-07 15:27:10,111 [6b5eef2c-dd74-44f5-a3fd-6cc948098f17-impl-thread1] INFO  impl.PendingRequests (PendingRequests.java:sendNotLeaderResponses(289)) - 6b5eef2c-dd74-44f5-a3fd-6cc948098f17@group-355781268F91-PendingRequests: sendNotLeaderResponses
2023-06-07 15:27:10,111 [6b5eef2c-dd74-44f5-a3fd-6cc948098f17-impl-thread1] INFO  ha.SCMStateMachine (SCMStateMachine.java:notifyNotLeader(205)) - current leader SCM steps down.
2023-06-07 15:27:10,111 [6b5eef2c-dd74-44f5-a3fd-6cc948098f17-impl-thread1] INFO  ha.SCMContext (SCMContext.java:updateLeaderAndTerm(99)) - update <isLeader,term> from <true,2> to <false,0>
2023-06-07 15:27:10,111 [6b5eef2c-dd74-44f5-a3fd-6cc948098f17-impl-thread1] INFO  ha.SCMContext (SCMContext.java:updateLeaderAndTerm(106)) - update <isLeaderReady> from <false> to <false>
2023-06-07 15:27:10,111 [6b5eef2c-dd74-44f5-a3fd-6cc948098f17-impl-thread1] INFO  BackgroundPipelineScrubber (BackgroundSCMService.java:notifyStatusChanged(88)) - Service BackgroundPipelineScrubber transitions to PAUSING.
2023-06-07 15:27:10,111 [6b5eef2c-dd74-44f5-a3fd-6cc948098f17-impl-thread1] INFO  ExpiredContainerReplicaOpScrubber (BackgroundSCMService.java:notifyStatusChanged(88)) - Service ExpiredContainerReplicaOpScrubber transitions to PAUSING.
2023-06-07 15:27:10,111 [6b5eef2c-dd74-44f5-a3fd-6cc948098f17-impl-thread1] INFO  SCMHATransactionMonitor (BackgroundSCMService.java:notifyStatusChanged(88)) - Service SCMHATransactionMonitor transitions to PAUSING.
2023-06-07 15:27:10,111 [main] INFO  server.GrpcService (GrpcService.java:closeImpl(311)) - 6b5eef2c-dd74-44f5-a3fd-6cc948098f17: shutdown server GrpcServerProtocolService now
2023-06-07 15:27:10,112 [6b5eef2c-dd74-44f5-a3fd-6cc948098f17@group-355781268F91-StateMachineUpdater] INFO  server.StorageContainerManager (StorageContainerManager.java:stop(1549)) - Storage Container Manager is not running.
2023-06-07 15:27:10,112 [6b5eef2c-dd74-44f5-a3fd-6cc948098f17-impl-thread1] INFO  impl.StateMachineUpdater (StateMachineUpdater.java:stopAndJoin(155)) - 6b5eef2c-dd74-44f5-a3fd-6cc948098f17@group-355781268F91-StateMachineUpdater: set stopIndex = 30
2023-06-07 15:27:10,112 [6b5eef2c-dd74-44f5-a3fd-6cc948098f17@group-355781268F91-StateMachineUpdater] INFO  server.StorageContainerManager (StorageContainerManager.java:stopReplicationManager(1691)) - Stopping Replication Manager Service.
2023-06-07 15:27:10,113 [6b5eef2c-dd74-44f5-a3fd-6cc948098f17@group-355781268F91-StateMachineUpdater] INFO  replication.ReplicationManager (ReplicationManager.java:stop(342)) - Replication Monitor Thread is not running.
2023-06-07 15:27:10,113 [6b5eef2c-dd74-44f5-a3fd-6cc948098f17@group-355781268F91-StateMachineUpdater] INFO  server.StorageContainerManager (ExitUtils.java:terminate(131)) - Terminating with exit status 0: scm statemachine is closed by ratis, terminate SCM
2023-06-07 15:27:10,113 [6b5eef2c-dd74-44f5-a3fd-6cc948098f17@group-355781268F91-StateMachineUpdater] WARN  impl.StateMachineUpdater (StateMachineUpdater.java:stop(139)) - 6b5eef2c-dd74-44f5-a3fd-6cc948098f17@group-355781268F91-StateMachineUpdater: Failed to close SCMStateMachine SCMStateMachine:6b5eef2c-dd74-44f5-a3fd-6cc948098f17:group-355781268F91
org.apache.ratis.util.ExitUtils$ExitException: scm statemachine is closed by ratis, terminate SCM
	at org.apache.ratis.util.ExitUtils.terminate(ExitUtils.java:141)
	at org.apache.ratis.util.ExitUtils.terminate(ExitUtils.java:151)
	at org.apache.ratis.util.ExitUtils.terminate(ExitUtils.java:155)
	at org.apache.hadoop.hdds.scm.server.StorageContainerManager.shutDown(StorageContainerManager.java:1701)
	at org.apache.hadoop.hdds.scm.ha.SCMStateMachine.close(SCMStateMachine.java:423)
	at org.apache.ratis.server.impl.StateMachineUpdater.stop(StateMachineUpdater.java:134)
	at org.apache.ratis.server.impl.StateMachineUpdater.run(StateMachineUpdater.java:189)
	at java.lang.Thread.run(Thread.java:750)
2023-06-07 15:27:10,113 [6b5eef2c-dd74-44f5-a3fd-6cc948098f17-impl-thread1] INFO  server.RaftServer$Division (ServerState.java:close(472)) - 6b5eef2c-dd74-44f5-a3fd-6cc948098f17@group-355781268F91: closes. applyIndex: 100
2023-06-07 15:27:10,113 [main] INFO  server.GrpcService (GrpcService.java:closeImpl(320)) - 6b5eef2c-dd74-44f5-a3fd-6cc948098f17: shutdown server GrpcServerProtocolService successfully
2023-06-07 15:27:10,926 [6b5eef2c-dd74-44f5-a3fd-6cc948098f17-impl-thread1] INFO  segmented.SegmentedRaftLogWorker (SegmentedRaftLogWorker.java:close(252)) - 6b5eef2c-dd74-44f5-a3fd-6cc948098f17@group-355781268F91-SegmentedRaftLogWorker close()
2023-06-07 15:27:10,927 [JvmPauseMonitor7] INFO  util.JvmPauseMonitor (JvmPauseMonitor.java:run(109)) - JvmPauseMonitor-6b5eef2c-dd74-44f5-a3fd-6cc948098f17: Stopped
2023-06-07 15:27:10,928 [SCMHATransactionMonitorThread] WARN  SCMHATransactionMonitor (BackgroundSCMService.java:run(115)) - SCMHATransactionMonitor is interrupted, exit
2023-06-07 15:27:10,928 [main] INFO  SCMHATransactionMonitor (BackgroundSCMService.java:stop(131)) - Stopping SCMHATransactionMonitor Service.
2023-06-07 15:27:10,929 [main] INFO  pipeline.BackgroundPipelineCreator (BackgroundPipelineCreator.java:stop(149)) - Stopping RatisPipelineUtilsThread.
2023-06-07 15:27:10,929 [RatisPipelineUtilsThread - 0] WARN  pipeline.BackgroundPipelineCreator (BackgroundPipelineCreator.java:run(180)) - RatisPipelineUtilsThread is interrupted.
2023-06-07 15:27:10,929 [BackgroundPipelineScrubberThread] WARN  BackgroundPipelineScrubber (BackgroundSCMService.java:run(115)) - BackgroundPipelineScrubber is interrupted, exit
2023-06-07 15:27:10,929 [main] INFO  BackgroundPipelineScrubber (BackgroundSCMService.java:stop(131)) - Stopping BackgroundPipelineScrubber Service.
2023-06-07 15:27:10,929 [main] INFO  impl.MetricsSystemImpl (MetricsSystemImpl.java:stop(210)) - Stopping HddsDatanode metrics system...
2023-06-07 15:27:10,935 [prometheus] INFO  impl.MetricsSinkAdapter (MetricsSinkAdapter.java:publishMetricsFromQueue(141)) - prometheus thread interrupted.
2023-06-07 15:27:10,935 [main] INFO  impl.MetricsSystemImpl (MetricsSystemImpl.java:stop(216)) - HddsDatanode metrics system stopped.
2023-06-07 15:27:10,936 [main] WARN  pipeline.BackgroundPipelineCreator (BackgroundPipelineCreator.java:stop(145)) - RatisPipelineUtilsThread is not running, just ignore.
2023-06-07 15:27:10,936 [main] INFO  BackgroundPipelineScrubber (BackgroundSCMService.java:stop(126)) - BackgroundPipelineScrubber Service is not running, skip stop.
2023-06-07 15:27:10,936 [main] INFO  ExpiredContainerReplicaOpScrubber (BackgroundSCMService.java:stop(131)) - Stopping ExpiredContainerReplicaOpScrubber Service.
2023-06-07 15:27:10,936 [main] INFO  utils.BackgroundService (BackgroundService.java:shutdown(141)) - Shutting down service SCMBlockDeletingService
2023-06-07 15:27:10,936 [ExpiredContainerReplicaOpScrubberThread] WARN  ExpiredContainerReplicaOpScrubber (BackgroundSCMService.java:run(115)) - ExpiredContainerReplicaOpScrubber is interrupted, exit
2023-06-07 15:27:10,936 [main] INFO  replication.ReplicationManager (ReplicationManager.java:stop(342)) - Replication Monitor Thread is not running.
2023-06-07 15:27:10,936 [main] WARN  balancer.ContainerBalancer (ContainerBalancer.java:stop(328)) - Cannot stop Container Balancer because it's not running or stopping
2023-06-07 15:27:10,936 [main] INFO  SCMHATransactionMonitor (BackgroundSCMService.java:stop(126)) - SCMHATransactionMonitor Service is not running, skip stop.
2023-06-07 15:27:10,936 [Lease Manager-LeaseManager#LeaseMonitor] WARN  lease.LeaseManager (LeaseManager.java:run(272)) - Lease manager is interrupted. Shutting down...
java.lang.InterruptedException
	at java.util.concurrent.locks.AbstractQueuedSynchronizer.doAcquireSharedNanos(AbstractQueuedSynchronizer.java:1039)
	at java.util.concurrent.locks.AbstractQueuedSynchronizer.tryAcquireSharedNanos(AbstractQueuedSynchronizer.java:1328)
	at java.util.concurrent.Semaphore.tryAcquire(Semaphore.java:409)
	at org.apache.hadoop.ozone.lease.LeaseManager$LeaseMonitor.run(LeaseManager.java:270)
	at java.lang.Thread.run(Thread.java:750)
2023-06-07 15:27:10,936 [main] INFO  server.StorageContainerManager (StorageContainerManager.java:stop(1682)) - Stopping SCM MetadataStore.
]]></system-out>
    </rerunFailure>
    <rerunFailure type="java.lang.AssertionError">
      <stackTrace><![CDATA[java.lang.AssertionError: Found 4 leaked objects, check logs
	at org.apache.hadoop.hdds.utils.db.CodecBuffer.assertNoLeaks(CodecBuffer.java:99)
	at org.apache.hadoop.ozone.MiniOzoneClusterImpl.shutdown(MiniOzoneClusterImpl.java:451)
	at org.apache.hadoop.hdds.scm.TestSCMInstallSnapshot.shutdown(TestSCMInstallSnapshot.java:80)
	at sun.reflect.NativeMethodAccessorImpl.invoke0(Native Method)
	at sun.reflect.NativeMethodAccessorImpl.invoke(NativeMethodAccessorImpl.java:62)
	at sun.reflect.DelegatingMethodAccessorImpl.invoke(DelegatingMethodAccessorImpl.java:43)
	at java.lang.reflect.Method.invoke(Method.java:498)
	at org.junit.platform.commons.util.ReflectionUtils.invokeMethod(ReflectionUtils.java:725)
	at org.junit.jupiter.engine.execution.MethodInvocation.proceed(MethodInvocation.java:60)
	at org.junit.jupiter.engine.execution.InvocationInterceptorChain$ValidatingInvocation.proceed(InvocationInterceptorChain.java:131)
	at org.junit.jupiter.engine.extension.TimeoutExtension.intercept(TimeoutExtension.java:149)
	at org.junit.jupiter.engine.extension.TimeoutExtension.interceptLifecycleMethod(TimeoutExtension.java:126)
	at org.junit.jupiter.engine.extension.TimeoutExtension.interceptAfterAllMethod(TimeoutExtension.java:116)
	at org.junit.jupiter.engine.execution.ExecutableInvoker$ReflectiveInterceptorCall.lambda$ofVoidMethod$0(ExecutableInvoker.java:115)
	at org.junit.jupiter.engine.execution.ExecutableInvoker.lambda$invoke$0(ExecutableInvoker.java:105)
	at org.junit.jupiter.engine.execution.InvocationInterceptorChain$InterceptedInvocation.proceed(InvocationInterceptorChain.java:106)
	at org.junit.jupiter.engine.execution.InvocationInterceptorChain.proceed(InvocationInterceptorChain.java:64)
	at org.junit.jupiter.engine.execution.InvocationInterceptorChain.chainAndInvoke(InvocationInterceptorChain.java:45)
	at org.junit.jupiter.engine.execution.InvocationInterceptorChain.invoke(InvocationInterceptorChain.java:37)
	at org.junit.jupiter.engine.execution.ExecutableInvoker.invoke(ExecutableInvoker.java:104)
	at org.junit.jupiter.engine.execution.ExecutableInvoker.invoke(ExecutableInvoker.java:98)
	at org.junit.jupiter.engine.descriptor.ClassBasedTestDescriptor.lambda$invokeAfterAllMethods$13(ClassBasedTestDescriptor.java:425)
	at org.junit.platform.engine.support.hierarchical.ThrowableCollector.execute(ThrowableCollector.java:73)
	at org.junit.jupiter.engine.descriptor.ClassBasedTestDescriptor.lambda$invokeAfterAllMethods$14(ClassBasedTestDescriptor.java:423)
	at java.util.ArrayList.forEach(ArrayList.java:1259)
	at java.util.Collections$UnmodifiableCollection.forEach(Collections.java:1082)
	at org.junit.jupiter.engine.descriptor.ClassBasedTestDescriptor.invokeAfterAllMethods(ClassBasedTestDescriptor.java:423)
	at org.junit.jupiter.engine.descriptor.ClassBasedTestDescriptor.after(ClassBasedTestDescriptor.java:225)
	at org.junit.jupiter.engine.descriptor.ClassBasedTestDescriptor.after(ClassBasedTestDescriptor.java:80)
	at org.junit.platform.engine.support.hierarchical.NodeTestTask.lambda$executeRecursively$7(NodeTestTask.java:161)
	at org.junit.platform.engine.support.hierarchical.ThrowableCollector.execute(ThrowableCollector.java:73)
	at org.junit.platform.engine.support.hierarchical.NodeTestTask.lambda$executeRecursively$8(NodeTestTask.java:161)
	at org.junit.platform.engine.support.hierarchical.Node.around(Node.java:137)
	at org.junit.platform.engine.support.hierarchical.NodeTestTask.lambda$executeRecursively$9(NodeTestTask.java:139)
	at org.junit.platform.engine.support.hierarchical.ThrowableCollector.execute(ThrowableCollector.java:73)
	at org.junit.platform.engine.support.hierarchical.NodeTestTask.executeRecursively(NodeTestTask.java:138)
	at org.junit.platform.engine.support.hierarchical.NodeTestTask.execute(NodeTestTask.java:95)
	at java.util.ArrayList.forEach(ArrayList.java:1259)
	at org.junit.platform.engine.support.hierarchical.SameThreadHierarchicalTestExecutorService.invokeAll(SameThreadHierarchicalTestExecutorService.java:41)
	at org.junit.platform.engine.support.hierarchical.NodeTestTask.lambda$executeRecursively$6(NodeTestTask.java:155)
	at org.junit.platform.engine.support.hierarchical.ThrowableCollector.execute(ThrowableCollector.java:73)
	at org.junit.platform.engine.support.hierarchical.NodeTestTask.lambda$executeRecursively$8(NodeTestTask.java:141)
	at org.junit.platform.engine.support.hierarchical.Node.around(Node.java:137)
	at org.junit.platform.engine.support.hierarchical.NodeTestTask.lambda$executeRecursively$9(NodeTestTask.java:139)
	at org.junit.platform.engine.support.hierarchical.ThrowableCollector.execute(ThrowableCollector.java:73)
	at org.junit.platform.engine.support.hierarchical.NodeTestTask.executeRecursively(NodeTestTask.java:138)
	at org.junit.platform.engine.support.hierarchical.NodeTestTask.execute(NodeTestTask.java:95)
	at org.junit.platform.engine.support.hierarchical.SameThreadHierarchicalTestExecutorService.submit(SameThreadHierarchicalTestExecutorService.java:35)
	at org.junit.platform.engine.support.hierarchical.HierarchicalTestExecutor.execute(HierarchicalTestExecutor.java:57)
	at org.junit.platform.engine.support.hierarchical.HierarchicalTestEngine.execute(HierarchicalTestEngine.java:54)
	at org.junit.platform.launcher.core.EngineExecutionOrchestrator.execute(EngineExecutionOrchestrator.java:107)
	at org.junit.platform.launcher.core.EngineExecutionOrchestrator.execute(EngineExecutionOrchestrator.java:88)
	at org.junit.platform.launcher.core.EngineExecutionOrchestrator.lambda$execute$0(EngineExecutionOrchestrator.java:54)
	at org.junit.platform.launcher.core.EngineExecutionOrchestrator.withInterceptedStreams(EngineExecutionOrchestrator.java:67)
	at org.junit.platform.launcher.core.EngineExecutionOrchestrator.execute(EngineExecutionOrchestrator.java:52)
	at org.junit.platform.launcher.core.DefaultLauncher.execute(DefaultLauncher.java:114)
	at org.junit.platform.launcher.core.DefaultLauncher.execute(DefaultLauncher.java:86)
	at org.junit.platform.launcher.core.DefaultLauncherSession$DelegatingLauncher.execute(DefaultLauncherSession.java:86)
	at org.junit.platform.launcher.core.SessionPerRequestLauncher.execute(SessionPerRequestLauncher.java:53)
	at org.apache.maven.surefire.junitplatform.JUnitPlatformProvider.invokeAllTests(JUnitPlatformProvider.java:165)
	at org.apache.maven.surefire.junitplatform.JUnitPlatformProvider.invoke(JUnitPlatformProvider.java:124)
	at org.apache.maven.surefire.booter.ForkedBooter.runSuitesInProcess(ForkedBooter.java:428)
	at org.apache.maven.surefire.booter.ForkedBooter.execute(ForkedBooter.java:162)
	at org.apache.maven.surefire.booter.ForkedBooter.run(ForkedBooter.java:562)
	at org.apache.maven.surefire.booter.ForkedBooter.main(ForkedBooter.java:548)
]]></stackTrace>
      <system-out><![CDATA[2023-06-07 15:27:37,253 [main] INFO  ozone.MiniOzoneClusterImpl (MiniOzoneClusterImpl.java:shutdown(442)) - Shutting down the Mini Ozone Cluster
2023-06-07 15:27:37,254 [main] INFO  ozone.MiniOzoneClusterImpl (MiniOzoneClusterImpl.java:stop(459)) - Stopping the Mini Ozone Cluster
2023-06-07 15:27:37,254 [main] INFO  ozone.MiniOzoneClusterImpl (MiniOzoneClusterImpl.java:stopOM(545)) - Stopping the OzoneManager
2023-06-07 15:27:37,254 [main] INFO  om.OzoneManager (OzoneManager.java:stop(2166)) - om1[localhost:15074]: Stopping Ozone Manager
2023-06-07 15:27:37,254 [main] INFO  ipc.Server (Server.java:stop(3501)) - Stopping server on 15074
2023-06-07 15:27:37,258 [IPC Server Responder] INFO  ipc.Server (Server.java:run(1563)) - Stopping IPC Server Responder
2023-06-07 15:27:37,258 [IPC Server listener on 15074] INFO  ipc.Server (Server.java:run(1430)) - Stopping IPC Server listener on 15074
2023-06-07 15:27:37,261 [main] INFO  server.RaftServer (RaftServerProxy.java:lambda$close$6(416)) - om1: close
2023-06-07 15:27:37,261 [om1-impl-thread1] INFO  server.RaftServer$Division (RaftServerImpl.java:lambda$close$4(466)) - om1@group-C5BA1605619E: shutdown
2023-06-07 15:27:37,262 [om1-impl-thread1] INFO  util.JmxRegister (JmxRegister.java:unregister(73)) - Successfully un-registered JMX Bean with object name Ratis:service=RaftServer,group=group-C5BA1605619E,id=om1
2023-06-07 15:27:37,262 [om1-impl-thread1] INFO  impl.RoleInfo (RoleInfo.java:shutdownLeaderState(93)) - om1: shutdown om1@group-C5BA1605619E-LeaderStateImpl
2023-06-07 15:27:37,262 [om1-impl-thread1] INFO  impl.PendingRequests (PendingRequests.java:sendNotLeaderResponses(289)) - om1@group-C5BA1605619E-PendingRequests: sendNotLeaderResponses
2023-06-07 15:27:37,262 [om1-impl-thread1] INFO  impl.StateMachineUpdater (StateMachineUpdater.java:stopAndJoin(155)) - om1@group-C5BA1605619E-StateMachineUpdater: set stopIndex = 0
2023-06-07 15:27:37,262 [main] INFO  server.GrpcService (GrpcService.java:closeImpl(311)) - om1: shutdown server GrpcServerProtocolService now
2023-06-07 15:27:37,262 [om1@group-C5BA1605619E-StateMachineUpdater] INFO  ratis.OzoneManagerStateMachine (OzoneManagerStateMachine.java:takeSnapshot(479)) - Current Snapshot Index (t:1, i:0)
2023-06-07 15:27:37,267 [main] INFO  server.GrpcService (GrpcService.java:closeImpl(320)) - om1: shutdown server GrpcServerProtocolService successfully
2023-06-07 15:27:37,272 [om1@group-C5BA1605619E-StateMachineUpdater] INFO  impl.StateMachineUpdater (StateMachineUpdater.java:takeSnapshot(291)) - om1@group-C5BA1605619E-StateMachineUpdater: Took a snapshot at index 0
2023-06-07 15:27:37,272 [om1@group-C5BA1605619E-StateMachineUpdater] INFO  impl.StateMachineUpdater (StateMachineUpdater.java:lambda$new$0(97)) - om1@group-C5BA1605619E-StateMachineUpdater: snapshotIndex: updateIncreasingly -1 -> 0
2023-06-07 15:27:37,272 [om1@group-C5BA1605619E-StateMachineUpdater] INFO  ratis.OzoneManagerStateMachine (OzoneManagerStateMachine.java:close(533)) - StateMachine has shutdown. Shutdown OzoneManager if not already shutdown.
2023-06-07 15:27:37,272 [om1@group-C5BA1605619E-StateMachineUpdater] INFO  ratis.OzoneManagerDoubleBuffer (OzoneManagerDoubleBuffer.java:stopDaemon(559)) - Stopping OMDoubleBuffer flush thread
2023-06-07 15:27:37,273 [7e8636b3-a67b-4223-90d1-5a96077a1f3b@group-749D5C85274E-FollowerState] INFO  impl.FollowerState (FollowerState.java:run(143)) - 7e8636b3-a67b-4223-90d1-5a96077a1f3b@group-749D5C85274E-FollowerState: change to CANDIDATE, lastRpcElapsedTime:5139410175ns, electionTimeout:5138ms
2023-06-07 15:27:37,274 [7e8636b3-a67b-4223-90d1-5a96077a1f3b@group-749D5C85274E-FollowerState] INFO  impl.RoleInfo (RoleInfo.java:shutdownFollowerState(110)) - 7e8636b3-a67b-4223-90d1-5a96077a1f3b: shutdown 7e8636b3-a67b-4223-90d1-5a96077a1f3b@group-749D5C85274E-FollowerState
2023-06-07 15:27:37,274 [7e8636b3-a67b-4223-90d1-5a96077a1f3b@group-749D5C85274E-FollowerState] INFO  server.RaftServer$Division (RaftServerImpl.java:setRole(329)) - 7e8636b3-a67b-4223-90d1-5a96077a1f3b@group-749D5C85274E: changes role from  FOLLOWER to CANDIDATE at term 0 for changeToCandidate
2023-06-07 15:27:37,274 [7e8636b3-a67b-4223-90d1-5a96077a1f3b@group-749D5C85274E-FollowerState] INFO  server.RaftServerConfigKeys (ConfUtils.java:logGet(46)) - raft.server.leaderelection.pre-vote = true (default)
2023-06-07 15:27:37,274 [7e8636b3-a67b-4223-90d1-5a96077a1f3b@group-749D5C85274E-FollowerState] INFO  impl.RoleInfo (RoleInfo.java:updateAndGet(139)) - 7e8636b3-a67b-4223-90d1-5a96077a1f3b: start 7e8636b3-a67b-4223-90d1-5a96077a1f3b@group-749D5C85274E-LeaderElection30
2023-06-07 15:27:37,273 [OMDoubleBufferFlushThread] INFO  ratis.OzoneManagerDoubleBuffer (OzoneManagerDoubleBuffer.java:canFlush(648)) - OMDoubleBuffer flush thread OMDoubleBufferFlushThread is interrupted and will exit.
2023-06-07 15:27:37,278 [om1-impl-thread1] INFO  server.RaftServer$Division (ServerState.java:close(472)) - om1@group-C5BA1605619E: closes. applyIndex: 0
2023-06-07 15:27:37,278 [7e8636b3-a67b-4223-90d1-5a96077a1f3b@group-749D5C85274E-LeaderElection30] INFO  impl.LeaderElection (LeaderElection.java:askForVotes(321)) - 7e8636b3-a67b-4223-90d1-5a96077a1f3b@group-749D5C85274E-LeaderElection30 PRE_VOTE round 0: submit vote requests at term 0 for -1: peers:[7e8636b3-a67b-4223-90d1-5a96077a1f3b|rpc:10.1.0.36:15102|admin:10.1.0.36:15101|client:10.1.0.36:15100|dataStream:10.1.0.36:15103|priority:1|startupRole:FOLLOWER]|listeners:[], old=null
2023-06-07 15:27:37,278 [7e8636b3-a67b-4223-90d1-5a96077a1f3b@group-749D5C85274E-LeaderElection30] INFO  impl.LeaderElection (LeaderElection.java:askForVotes(323)) - 7e8636b3-a67b-4223-90d1-5a96077a1f3b@group-749D5C85274E-LeaderElection30 PRE_VOTE round 0: result PASSED (term=0)
2023-06-07 15:27:37,279 [7e8636b3-a67b-4223-90d1-5a96077a1f3b@group-749D5C85274E-LeaderElection30] INFO  impl.LeaderElection (LeaderElection.java:askForVotes(321)) - 7e8636b3-a67b-4223-90d1-5a96077a1f3b@group-749D5C85274E-LeaderElection30 ELECTION round 0: submit vote requests at term 1 for -1: peers:[7e8636b3-a67b-4223-90d1-5a96077a1f3b|rpc:10.1.0.36:15102|admin:10.1.0.36:15101|client:10.1.0.36:15100|dataStream:10.1.0.36:15103|priority:1|startupRole:FOLLOWER]|listeners:[], old=null
2023-06-07 15:27:37,279 [7e8636b3-a67b-4223-90d1-5a96077a1f3b@group-749D5C85274E-LeaderElection30] INFO  impl.LeaderElection (LeaderElection.java:askForVotes(323)) - 7e8636b3-a67b-4223-90d1-5a96077a1f3b@group-749D5C85274E-LeaderElection30 ELECTION round 0: result PASSED (term=1)
2023-06-07 15:27:37,280 [7e8636b3-a67b-4223-90d1-5a96077a1f3b@group-749D5C85274E-LeaderElection30] INFO  impl.RoleInfo (RoleInfo.java:shutdownLeaderElection(130)) - 7e8636b3-a67b-4223-90d1-5a96077a1f3b: shutdown 7e8636b3-a67b-4223-90d1-5a96077a1f3b@group-749D5C85274E-LeaderElection30
2023-06-07 15:27:37,280 [7e8636b3-a67b-4223-90d1-5a96077a1f3b@group-749D5C85274E-LeaderElection30] INFO  server.RaftServer$Division (RaftServerImpl.java:setRole(329)) - 7e8636b3-a67b-4223-90d1-5a96077a1f3b@group-749D5C85274E: changes role from CANDIDATE to LEADER at term 1 for changeToLeader
2023-06-07 15:27:37,280 [7e8636b3-a67b-4223-90d1-5a96077a1f3b@group-749D5C85274E-LeaderElection30] INFO  ratis.XceiverServerRatis (XceiverServerRatis.java:handleLeaderChangedNotification(902)) - Leader change notification received for group: group-749D5C85274E with new leaderId: 7e8636b3-a67b-4223-90d1-5a96077a1f3b
2023-06-07 15:27:37,280 [7e8636b3-a67b-4223-90d1-5a96077a1f3b@group-749D5C85274E-LeaderElection30] INFO  server.RaftServer$Division (ServerState.java:setLeader(317)) - 7e8636b3-a67b-4223-90d1-5a96077a1f3b@group-749D5C85274E: change Leader from null to 7e8636b3-a67b-4223-90d1-5a96077a1f3b at term 1 for becomeLeader, leader elected after 5164ms
2023-06-07 15:27:37,280 [7e8636b3-a67b-4223-90d1-5a96077a1f3b@group-749D5C85274E-LeaderElection30] INFO  server.RaftServerConfigKeys (ConfUtils.java:logGet(46)) - raft.server.staging.catchup.gap = 1000 (default)
2023-06-07 15:27:37,280 [7e8636b3-a67b-4223-90d1-5a96077a1f3b@group-749D5C85274E-LeaderElection30] INFO  server.RaftServerConfigKeys (ConfUtils.java:logGet(46)) - raft.server.write.element-limit = 1024 (custom)
2023-06-07 15:27:37,280 [7e8636b3-a67b-4223-90d1-5a96077a1f3b@group-749D5C85274E-LeaderElection30] INFO  server.RaftServerConfigKeys (ConfUtils.java:logGet(46)) - raft.server.write.byte-limit = 1024 M (=1073741824) (custom)
2023-06-07 15:27:37,280 [7e8636b3-a67b-4223-90d1-5a96077a1f3b@group-749D5C85274E-LeaderElection30] INFO  server.RaftServerConfigKeys (ConfUtils.java:logGet(46)) - raft.server.watch.timeout = 180s (custom)
2023-06-07 15:27:37,280 [7e8636b3-a67b-4223-90d1-5a96077a1f3b@group-749D5C85274E-LeaderElection30] INFO  server.RaftServerConfigKeys (ConfUtils.java:logGet(46)) - raft.server.watch.timeout.denomination = 1s (default)
2023-06-07 15:27:37,280 [7e8636b3-a67b-4223-90d1-5a96077a1f3b@group-749D5C85274E-LeaderElection30] INFO  server.RaftServerConfigKeys (ConfUtils.java:logGet(46)) - raft.server.watch.element-limit = 65536 (default)
2023-06-07 15:27:37,280 [7e8636b3-a67b-4223-90d1-5a96077a1f3b@group-749D5C85274E-LeaderElection30] INFO  server.RaftServerConfigKeys (ConfUtils.java:logGet(46)) - raft.server.write.element-limit = 1024 (custom)
2023-06-07 15:27:37,280 [7e8636b3-a67b-4223-90d1-5a96077a1f3b@group-749D5C85274E-LeaderElection30] INFO  server.RaftServerConfigKeys (ConfUtils.java:logGet(46)) - raft.server.write.follower.gap.ratio.max = -1.0 (default)
2023-06-07 15:27:37,281 [7e8636b3-a67b-4223-90d1-5a96077a1f3b@group-749D5C85274E-LeaderElection30] INFO  impl.RoleInfo (RoleInfo.java:updateAndGet(139)) - 7e8636b3-a67b-4223-90d1-5a96077a1f3b: start 7e8636b3-a67b-4223-90d1-5a96077a1f3b@group-749D5C85274E-LeaderStateImpl
2023-06-07 15:27:37,281 [7e8636b3-a67b-4223-90d1-5a96077a1f3b@group-749D5C85274E-LeaderElection30] INFO  segmented.SegmentedRaftLogWorker (SegmentedRaftLogWorker.java:startLogSegment(447)) - 7e8636b3-a67b-4223-90d1-5a96077a1f3b@group-749D5C85274E-SegmentedRaftLogWorker: Starting segment from index:0
2023-06-07 15:27:37,282 [7e8636b3-a67b-4223-90d1-5a96077a1f3b@group-749D5C85274E-SegmentedRaftLogWorker] INFO  segmented.SegmentedRaftLogWorker (SegmentedRaftLogWorker.java:execute(651)) - 7e8636b3-a67b-4223-90d1-5a96077a1f3b@group-749D5C85274E-SegmentedRaftLogWorker: created new log segment /home/runner/work/ozone/ozone/hadoop-ozone/integration-test/target/test-dir/MiniOzoneClusterImpl-b5380126-ca45-4bcf-84a9-b524bd76738e/datanode-2/data/ratis/4011de41-e7c2-4517-8631-749d5c85274e/current/log_inprogress_0
2023-06-07 15:27:37,287 [7e8636b3-a67b-4223-90d1-5a96077a1f3b@group-749D5C85274E-LeaderElection30] INFO  server.RaftServer$Division (ServerState.java:setRaftConf(434)) - 7e8636b3-a67b-4223-90d1-5a96077a1f3b@group-749D5C85274E: set configuration 0: peers:[7e8636b3-a67b-4223-90d1-5a96077a1f3b|rpc:10.1.0.36:15102|admin:10.1.0.36:15101|client:10.1.0.36:15100|dataStream:10.1.0.36:15103|priority:1|startupRole:FOLLOWER]|listeners:[], old=null
2023-06-07 15:27:38,275 [om1-impl-thread1] INFO  segmented.SegmentedRaftLogWorker (SegmentedRaftLogWorker.java:close(252)) - om1@group-C5BA1605619E-SegmentedRaftLogWorker close()
2023-06-07 15:27:38,275 [JvmPauseMonitor14] INFO  util.JvmPauseMonitor (JvmPauseMonitor.java:run(109)) - JvmPauseMonitor-om1: Stopped
2023-06-07 15:27:38,275 [main] INFO  ratis.OzoneManagerStateMachine (OzoneManagerStateMachine.java:close(533)) - StateMachine has shutdown. Shutdown OzoneManager if not already shutdown.
2023-06-07 15:27:38,276 [main] INFO  ratis.OzoneManagerDoubleBuffer (OzoneManagerDoubleBuffer.java:stopDaemon(568)) - OMDoubleBuffer flush thread is not running.
2023-06-07 15:27:38,276 [main] INFO  utils.BackgroundService (BackgroundService.java:shutdown(141)) - Shutting down service KeyDeletingService
2023-06-07 15:27:38,277 [main] INFO  utils.BackgroundService (BackgroundService.java:shutdown(141)) - Shutting down service KeyDeletingService
2023-06-07 15:27:38,277 [main] INFO  utils.BackgroundService (BackgroundService.java:shutdown(141)) - Shutting down service OpenKeyCleanupService
2023-06-07 15:27:38,277 [main] INFO  utils.BackgroundService (BackgroundService.java:shutdown(141)) - Shutting down service SstFilteringService
2023-06-07 15:27:38,277 [main] INFO  utils.BackgroundService (BackgroundService.java:shutdown(141)) - Shutting down service SnapshotDeletingService
2023-06-07 15:27:38,278 [main] INFO  handler.ContextHandler (ContextHandler.java:doStop(1159)) - Stopped o.e.j.w.WebAppContext@29607281{ozoneManager,/,null,STOPPED}{file:/home/runner/work/ozone/ozone/hadoop-ozone/integration-test/target/test-classes/webapps/ozoneManager}
2023-06-07 15:27:38,278 [main] INFO  server.AbstractConnector (AbstractConnector.java:doStop(383)) - Stopped ServerConnector@71ff6f39{HTTP/1.1, (http/1.1)}{0.0.0.0:15075}
2023-06-07 15:27:38,279 [main] INFO  server.session (HouseKeeper.java:stopScavenging(149)) - node0 Stopped scavenging
2023-06-07 15:27:38,279 [main] INFO  handler.ContextHandler (ContextHandler.java:doStop(1159)) - Stopped o.e.j.s.ServletContextHandler@37d5d481{static,/static,file:///home/runner/work/ozone/ozone/hadoop-ozone/integration-test/target/test-classes/webapps/static,STOPPED}
2023-06-07 15:27:38,279 [main] INFO  handler.ContextHandler (ContextHandler.java:doStop(1159)) - Stopped o.e.j.s.ServletContextHandler@1e9a6c79{logs,/logs,file:///home/runner/work/ozone/ozone/hadoop-ozone/integration-test/target/log,STOPPED}
2023-06-07 15:27:38,283 [main] INFO  snapshot.SnapshotDiffManager (SnapshotDiffManager.java:closeExecutorService(1278)) - Shutting down executorService: 'SnapDiffExecutor'
2023-06-07 15:27:38,283 [main] INFO  utils.BackgroundService (BackgroundService.java:shutdown(141)) - Shutting down service SnapshotDiffCleanupService
2023-06-07 15:27:38,285 [main] INFO  ozone.MiniOzoneClusterImpl (MiniOzoneClusterImpl.java:stopDatanodes(522)) - Stopping the HddsDatanodes
2023-06-07 15:27:38,287 [ForkJoinPool.commonPool-worker-2] INFO  ozoneimpl.OzoneContainer (OzoneContainer.java:stop(420)) - Attempting to stop container services.
2023-06-07 15:27:38,287 [main] INFO  ozoneimpl.OzoneContainer (OzoneContainer.java:stop(420)) - Attempting to stop container services.
2023-06-07 15:27:38,289 [main] INFO  server.RaftServer (RaftServerProxy.java:lambda$close$6(416)) - a382538c-7e52-4a1b-870b-cd5a5773aebd: close
2023-06-07 15:27:38,289 [a382538c-7e52-4a1b-870b-cd5a5773aebd-impl-thread1] INFO  server.RaftServer$Division (RaftServerImpl.java:lambda$close$4(466)) - a382538c-7e52-4a1b-870b-cd5a5773aebd@group-9A4F88BA867A: shutdown
2023-06-07 15:27:38,289 [a382538c-7e52-4a1b-870b-cd5a5773aebd-impl-thread1] INFO  util.JmxRegister (JmxRegister.java:unregister(73)) - Successfully un-registered JMX Bean with object name Ratis:service=RaftServer,group=group-9A4F88BA867A,id=a382538c-7e52-4a1b-870b-cd5a5773aebd
2023-06-07 15:27:38,289 [a382538c-7e52-4a1b-870b-cd5a5773aebd-impl-thread1] INFO  impl.RoleInfo (RoleInfo.java:shutdownLeaderState(93)) - a382538c-7e52-4a1b-870b-cd5a5773aebd: shutdown a382538c-7e52-4a1b-870b-cd5a5773aebd@group-9A4F88BA867A-LeaderStateImpl
2023-06-07 15:27:38,289 [a382538c-7e52-4a1b-870b-cd5a5773aebd-impl-thread1] INFO  impl.PendingRequests (PendingRequests.java:sendNotLeaderResponses(289)) - a382538c-7e52-4a1b-870b-cd5a5773aebd@group-9A4F88BA867A-PendingRequests: sendNotLeaderResponses
2023-06-07 15:27:38,289 [a382538c-7e52-4a1b-870b-cd5a5773aebd-impl-thread1] INFO  impl.StateMachineUpdater (StateMachineUpdater.java:stopAndJoin(155)) - a382538c-7e52-4a1b-870b-cd5a5773aebd@group-9A4F88BA867A-StateMachineUpdater: set stopIndex = 0
2023-06-07 15:27:38,289 [a382538c-7e52-4a1b-870b-cd5a5773aebd@group-9A4F88BA867A-StateMachineUpdater] INFO  ratis.ContainerStateMachine (ContainerStateMachine.java:takeSnapshot(330)) - group-9A4F88BA867A: Taking a snapshot at:(t:1, i:0) file /home/runner/work/ozone/ozone/hadoop-ozone/integration-test/target/test-dir/MiniOzoneClusterImpl-b5380126-ca45-4bcf-84a9-b524bd76738e/datanode-1/data/ratis/0b803510-36d8-4acd-b8c8-9a4f88ba867a/sm/snapshot.1_0
2023-06-07 15:27:38,291 [a382538c-7e52-4a1b-870b-cd5a5773aebd@group-9A4F88BA867A-StateMachineUpdater] INFO  ratis.ContainerStateMachine (ContainerStateMachine.java:takeSnapshot(341)) - group-9A4F88BA867A: Finished taking a snapshot at:(t:1, i:0) file:/home/runner/work/ozone/ozone/hadoop-ozone/integration-test/target/test-dir/MiniOzoneClusterImpl-b5380126-ca45-4bcf-84a9-b524bd76738e/datanode-1/data/ratis/0b803510-36d8-4acd-b8c8-9a4f88ba867a/sm/snapshot.1_0 took: 1 ms
2023-06-07 15:27:38,291 [a382538c-7e52-4a1b-870b-cd5a5773aebd@group-9A4F88BA867A-StateMachineUpdater] INFO  impl.StateMachineUpdater (StateMachineUpdater.java:takeSnapshot(291)) - a382538c-7e52-4a1b-870b-cd5a5773aebd@group-9A4F88BA867A-StateMachineUpdater: Took a snapshot at index 0
2023-06-07 15:27:38,291 [a382538c-7e52-4a1b-870b-cd5a5773aebd@group-9A4F88BA867A-StateMachineUpdater] INFO  impl.StateMachineUpdater (StateMachineUpdater.java:lambda$new$0(97)) - a382538c-7e52-4a1b-870b-cd5a5773aebd@group-9A4F88BA867A-StateMachineUpdater: snapshotIndex: updateIncreasingly -1 -> 0
2023-06-07 15:27:38,291 [a382538c-7e52-4a1b-870b-cd5a5773aebd-impl-thread1] INFO  server.RaftServer$Division (ServerState.java:close(472)) - a382538c-7e52-4a1b-870b-cd5a5773aebd@group-9A4F88BA867A: closes. applyIndex: 0
2023-06-07 15:27:38,292 [a382538c-7e52-4a1b-870b-cd5a5773aebd-impl-thread2] INFO  server.RaftServer$Division (RaftServerImpl.java:lambda$close$4(466)) - a382538c-7e52-4a1b-870b-cd5a5773aebd@group-8B662DE45D3B: shutdown
2023-06-07 15:27:38,292 [a382538c-7e52-4a1b-870b-cd5a5773aebd-impl-thread2] INFO  util.JmxRegister (JmxRegister.java:unregister(73)) - Successfully un-registered JMX Bean with object name Ratis:service=RaftServer,group=group-8B662DE45D3B,id=a382538c-7e52-4a1b-870b-cd5a5773aebd
2023-06-07 15:27:38,292 [a382538c-7e52-4a1b-870b-cd5a5773aebd-impl-thread2] INFO  impl.RoleInfo (RoleInfo.java:shutdownFollowerState(110)) - a382538c-7e52-4a1b-870b-cd5a5773aebd: shutdown a382538c-7e52-4a1b-870b-cd5a5773aebd@group-8B662DE45D3B-FollowerState
2023-06-07 15:27:38,292 [main] INFO  server.GrpcService (GrpcService.java:closeImpl(311)) - a382538c-7e52-4a1b-870b-cd5a5773aebd: shutdown server org.apache.ratis.grpc.server.GrpcClientProtocolService now
2023-06-07 15:27:38,294 [a382538c-7e52-4a1b-870b-cd5a5773aebd@group-8B662DE45D3B-FollowerState] INFO  impl.FollowerState (FollowerState.java:run(152)) - a382538c-7e52-4a1b-870b-cd5a5773aebd@group-8B662DE45D3B-FollowerState was interrupted
2023-06-07 15:27:38,294 [a382538c-7e52-4a1b-870b-cd5a5773aebd-impl-thread2] INFO  impl.StateMachineUpdater (StateMachineUpdater.java:stopAndJoin(155)) - a382538c-7e52-4a1b-870b-cd5a5773aebd@group-8B662DE45D3B-StateMachineUpdater: set stopIndex = 0
2023-06-07 15:27:38,298 [a382538c-7e52-4a1b-870b-cd5a5773aebd-impl-thread3] INFO  server.RaftServer$Division (RaftServerImpl.java:lambda$close$4(466)) - a382538c-7e52-4a1b-870b-cd5a5773aebd@group-43CF4158FDF6: shutdown
2023-06-07 15:27:38,298 [a382538c-7e52-4a1b-870b-cd5a5773aebd-impl-thread3] INFO  util.JmxRegister (JmxRegister.java:unregister(73)) - Successfully un-registered JMX Bean with object name Ratis:service=RaftServer,group=group-43CF4158FDF6,id=a382538c-7e52-4a1b-870b-cd5a5773aebd
2023-06-07 15:27:38,298 [a382538c-7e52-4a1b-870b-cd5a5773aebd-impl-thread3] INFO  impl.RoleInfo (RoleInfo.java:shutdownLeaderState(93)) - a382538c-7e52-4a1b-870b-cd5a5773aebd: shutdown a382538c-7e52-4a1b-870b-cd5a5773aebd@group-43CF4158FDF6-LeaderStateImpl
2023-06-07 15:27:38,298 [a382538c-7e52-4a1b-870b-cd5a5773aebd@group-43CF4158FDF6->a41dceae-8d18-4f52-abe9-75c36a795b67-GrpcLogAppender-LogAppenderDaemon] WARN  server.GrpcLogAppender (GrpcLogAppender.java:mayWait(199)) - a382538c-7e52-4a1b-870b-cd5a5773aebd@group-43CF4158FDF6->a41dceae-8d18-4f52-abe9-75c36a795b67-GrpcLogAppender: Wait interrupted by java.lang.InterruptedException
2023-06-07 15:27:38,298 [a382538c-7e52-4a1b-870b-cd5a5773aebd-impl-thread3] INFO  impl.PendingRequests (PendingRequests.java:sendNotLeaderResponses(289)) - a382538c-7e52-4a1b-870b-cd5a5773aebd@group-43CF4158FDF6-PendingRequests: sendNotLeaderResponses
2023-06-07 15:27:38,299 [a382538c-7e52-4a1b-870b-cd5a5773aebd@group-43CF4158FDF6->7e8636b3-a67b-4223-90d1-5a96077a1f3b-GrpcLogAppender-LogAppenderDaemon] WARN  server.GrpcLogAppender (GrpcLogAppender.java:mayWait(199)) - a382538c-7e52-4a1b-870b-cd5a5773aebd@group-43CF4158FDF6->7e8636b3-a67b-4223-90d1-5a96077a1f3b-GrpcLogAppender: Wait interrupted by java.lang.InterruptedException
2023-06-07 15:27:38,299 [a382538c-7e52-4a1b-870b-cd5a5773aebd@group-8B662DE45D3B-StateMachineUpdater] INFO  ratis.ContainerStateMachine (ContainerStateMachine.java:takeSnapshot(330)) - group-8B662DE45D3B: Taking a snapshot at:(t:1, i:0) file /home/runner/work/ozone/ozone/hadoop-ozone/integration-test/target/test-dir/MiniOzoneClusterImpl-b5380126-ca45-4bcf-84a9-b524bd76738e/datanode-1/data/ratis/6e439e08-9a17-417d-88bb-8b662de45d3b/sm/snapshot.1_0
2023-06-07 15:27:38,299 [grpc-default-executor-2] INFO  server.GrpcServerProtocolService (GrpcServerProtocolService.java:onCompleted(155)) - 7e8636b3-a67b-4223-90d1-5a96077a1f3b: Completed APPEND_ENTRIES, lastRequest: null
2023-06-07 15:27:38,299 [grpc-default-executor-2] INFO  server.GrpcServerProtocolService (GrpcServerProtocolService.java:lambda$onCompleted$5(157)) - 7e8636b3-a67b-4223-90d1-5a96077a1f3b: Completed APPEND_ENTRIES, lastReply: serverReply {
  requestorId: "a382538c-7e52-4a1b-870b-cd5a5773aebd"
  replyId: "7e8636b3-a67b-4223-90d1-5a96077a1f3b"
  raftGroupId {
    id: "\236*\274T\3004G<\253\312C\317AX\375\366"
  }
  success: true
}
term: 1
followerCommit: 18446744073709551615
matchIndex: 18446744073709551615
isHearbeat: true

2023-06-07 15:27:38,300 [a382538c-7e52-4a1b-870b-cd5a5773aebd@group-8B662DE45D3B-StateMachineUpdater] INFO  ratis.ContainerStateMachine (ContainerStateMachine.java:takeSnapshot(341)) - group-8B662DE45D3B: Finished taking a snapshot at:(t:1, i:0) file:/home/runner/work/ozone/ozone/hadoop-ozone/integration-test/target/test-dir/MiniOzoneClusterImpl-b5380126-ca45-4bcf-84a9-b524bd76738e/datanode-1/data/ratis/6e439e08-9a17-417d-88bb-8b662de45d3b/sm/snapshot.1_0 took: 0 ms
2023-06-07 15:27:38,300 [a382538c-7e52-4a1b-870b-cd5a5773aebd@group-8B662DE45D3B-StateMachineUpdater] INFO  impl.StateMachineUpdater (StateMachineUpdater.java:takeSnapshot(291)) - a382538c-7e52-4a1b-870b-cd5a5773aebd@group-8B662DE45D3B-StateMachineUpdater: Took a snapshot at index 0
2023-06-07 15:27:38,300 [a382538c-7e52-4a1b-870b-cd5a5773aebd@group-8B662DE45D3B-StateMachineUpdater] INFO  impl.StateMachineUpdater (StateMachineUpdater.java:lambda$new$0(97)) - a382538c-7e52-4a1b-870b-cd5a5773aebd@group-8B662DE45D3B-StateMachineUpdater: snapshotIndex: updateIncreasingly -1 -> 0
2023-06-07 15:27:38,300 [a382538c-7e52-4a1b-870b-cd5a5773aebd@group-43CF4158FDF6-StateMachineUpdater] INFO  ratis.ContainerStateMachine (ContainerStateMachine.java:takeSnapshot(330)) - group-43CF4158FDF6: Taking a snapshot at:(t:1, i:0) file /home/runner/work/ozone/ozone/hadoop-ozone/integration-test/target/test-dir/MiniOzoneClusterImpl-b5380126-ca45-4bcf-84a9-b524bd76738e/datanode-1/data/ratis/9e2abc54-c034-473c-abca-43cf4158fdf6/sm/snapshot.1_0
2023-06-07 15:27:38,300 [a382538c-7e52-4a1b-870b-cd5a5773aebd-impl-thread3] INFO  impl.StateMachineUpdater (StateMachineUpdater.java:stopAndJoin(155)) - a382538c-7e52-4a1b-870b-cd5a5773aebd@group-43CF4158FDF6-StateMachineUpdater: set stopIndex = 0
2023-06-07 15:27:38,300 [a382538c-7e52-4a1b-870b-cd5a5773aebd@group-43CF4158FDF6-StateMachineUpdater] INFO  ratis.ContainerStateMachine (ContainerStateMachine.java:takeSnapshot(341)) - group-43CF4158FDF6: Finished taking a snapshot at:(t:1, i:0) file:/home/runner/work/ozone/ozone/hadoop-ozone/integration-test/target/test-dir/MiniOzoneClusterImpl-b5380126-ca45-4bcf-84a9-b524bd76738e/datanode-1/data/ratis/9e2abc54-c034-473c-abca-43cf4158fdf6/sm/snapshot.1_0 took: 1 ms
2023-06-07 15:27:38,301 [a382538c-7e52-4a1b-870b-cd5a5773aebd@group-43CF4158FDF6-StateMachineUpdater] INFO  impl.StateMachineUpdater (StateMachineUpdater.java:takeSnapshot(291)) - a382538c-7e52-4a1b-870b-cd5a5773aebd@group-43CF4158FDF6-StateMachineUpdater: Took a snapshot at index 0
2023-06-07 15:27:38,301 [a382538c-7e52-4a1b-870b-cd5a5773aebd@group-43CF4158FDF6-StateMachineUpdater] INFO  impl.StateMachineUpdater (StateMachineUpdater.java:lambda$new$0(97)) - a382538c-7e52-4a1b-870b-cd5a5773aebd@group-43CF4158FDF6-StateMachineUpdater: snapshotIndex: updateIncreasingly -1 -> 0
2023-06-07 15:27:38,301 [grpc-default-executor-9] INFO  server.GrpcServerProtocolService (GrpcServerProtocolService.java:onCompleted(155)) - a41dceae-8d18-4f52-abe9-75c36a795b67: Completed APPEND_ENTRIES, lastRequest: a382538c-7e52-4a1b-870b-cd5a5773aebd->a41dceae-8d18-4f52-abe9-75c36a795b67#1-t1,previous=(t:0, i:0),leaderCommit=-1,initializing? true,entries: size=1, first=(t:1, i:0), CONFIGURATIONENTRY(current:id: "a382538c-7e52-4a1b-870b-cd5a5773aebd"
address: "10.1.0.36:15093"
priority: 1
dataStreamAddress: "10.1.0.36:15094"
clientAddress: "10.1.0.36:15091"
adminAddress: "10.1.0.36:15092"
startupRole: FOLLOWER
,id: "a41dceae-8d18-4f52-abe9-75c36a795b67"
address: "10.1.0.36:15084"
dataStreamAddress: "10.1.0.36:15085"
clientAddress: "10.1.0.36:15082"
adminAddress: "10.1.0.36:15083"
startupRole: FOLLOWER
,id: "7e8636b3-a67b-4223-90d1-5a96077a1f3b"
address: "10.1.0.36:15102"
dataStreamAddress: "10.1.0.36:15103"
clientAddress: "10.1.0.36:15100"
adminAddress: "10.1.0.36:15101"
startupRole: FOLLOWER
, old:)
2023-06-07 15:27:38,302 [grpc-default-executor-9] INFO  server.GrpcServerProtocolService (GrpcServerProtocolService.java:lambda$onCompleted$5(157)) - a41dceae-8d18-4f52-abe9-75c36a795b67: Completed APPEND_ENTRIES, lastReply: null
2023-06-07 15:27:38,302 [grpc-default-executor-5] INFO  server.GrpcServerProtocolService (GrpcServerProtocolService.java:onCompleted(155)) - 7e8636b3-a67b-4223-90d1-5a96077a1f3b: Completed APPEND_ENTRIES, lastRequest: a382538c-7e52-4a1b-870b-cd5a5773aebd->7e8636b3-a67b-4223-90d1-5a96077a1f3b#1-t1,previous=(t:0, i:0),leaderCommit=-1,initializing? true,entries: size=1, first=(t:1, i:0), CONFIGURATIONENTRY(current:id: "a382538c-7e52-4a1b-870b-cd5a5773aebd"
address: "10.1.0.36:15093"
priority: 1
dataStreamAddress: "10.1.0.36:15094"
clientAddress: "10.1.0.36:15091"
adminAddress: "10.1.0.36:15092"
startupRole: FOLLOWER
,id: "a41dceae-8d18-4f52-abe9-75c36a795b67"
address: "10.1.0.36:15084"
dataStreamAddress: "10.1.0.36:15085"
clientAddress: "10.1.0.36:15082"
adminAddress: "10.1.0.36:15083"
startupRole: FOLLOWER
,id: "7e8636b3-a67b-4223-90d1-5a96077a1f3b"
address: "10.1.0.36:15102"
dataStreamAddress: "10.1.0.36:15103"
clientAddress: "10.1.0.36:15100"
adminAddress: "10.1.0.36:15101"
startupRole: FOLLOWER
, old:)
2023-06-07 15:27:38,302 [grpc-default-executor-5] INFO  server.GrpcServerProtocolService (GrpcServerProtocolService.java:lambda$onCompleted$5(157)) - 7e8636b3-a67b-4223-90d1-5a96077a1f3b: Completed APPEND_ENTRIES, lastReply: null
2023-06-07 15:27:38,302 [grpc-default-executor-8] INFO  server.GrpcServerProtocolService (GrpcServerProtocolService.java:onCompleted(155)) - a41dceae-8d18-4f52-abe9-75c36a795b67: Completed APPEND_ENTRIES, lastRequest: null
2023-06-07 15:27:38,304 [a382538c-7e52-4a1b-870b-cd5a5773aebd-impl-thread3] INFO  server.RaftServer$Division (ServerState.java:close(472)) - a382538c-7e52-4a1b-870b-cd5a5773aebd@group-43CF4158FDF6: closes. applyIndex: 0
2023-06-07 15:27:38,304 [grpc-default-executor-0] INFO  server.GrpcLogAppender (GrpcLogAppender.java:onCompleted(428)) - a382538c-7e52-4a1b-870b-cd5a5773aebd@group-43CF4158FDF6->a41dceae-8d18-4f52-abe9-75c36a795b67-AppendLogResponseHandler: follower responses appendEntries COMPLETED
2023-06-07 15:27:38,304 [grpc-default-executor-0] INFO  leader.FollowerInfo (FollowerInfoImpl.java:lambda$new$0(52)) - a382538c-7e52-4a1b-870b-cd5a5773aebd@group-43CF4158FDF6->a41dceae-8d18-4f52-abe9-75c36a795b67: decreaseNextIndex nextIndex: updateUnconditionally 1 -> 0
2023-06-07 15:27:38,304 [grpc-default-executor-3] INFO  server.GrpcLogAppender (GrpcLogAppender.java:onCompleted(428)) - a382538c-7e52-4a1b-870b-cd5a5773aebd@group-43CF4158FDF6->7e8636b3-a67b-4223-90d1-5a96077a1f3b-AppendLogResponseHandler: follower responses appendEntries COMPLETED
2023-06-07 15:27:38,304 [grpc-default-executor-3] INFO  leader.FollowerInfo (FollowerInfoImpl.java:lambda$new$0(52)) - a382538c-7e52-4a1b-870b-cd5a5773aebd@group-43CF4158FDF6->7e8636b3-a67b-4223-90d1-5a96077a1f3b: decreaseNextIndex nextIndex: updateUnconditionally 1 -> 0
2023-06-07 15:27:38,304 [a382538c-7e52-4a1b-870b-cd5a5773aebd-impl-thread2] INFO  server.RaftServer$Division (ServerState.java:close(472)) - a382538c-7e52-4a1b-870b-cd5a5773aebd@group-8B662DE45D3B: closes. applyIndex: 0
2023-06-07 15:27:38,305 [ForkJoinPool.commonPool-worker-2] INFO  server.RaftServer (RaftServerProxy.java:lambda$close$6(416)) - a41dceae-8d18-4f52-abe9-75c36a795b67: close
2023-06-07 15:27:38,305 [a41dceae-8d18-4f52-abe9-75c36a795b67-impl-thread1] INFO  server.RaftServer$Division (RaftServerImpl.java:lambda$close$4(466)) - a41dceae-8d18-4f52-abe9-75c36a795b67@group-2D4876208B57: shutdown
2023-06-07 15:27:38,305 [a41dceae-8d18-4f52-abe9-75c36a795b67-impl-thread1] INFO  util.JmxRegister (JmxRegister.java:unregister(73)) - Successfully un-registered JMX Bean with object name Ratis:service=RaftServer,group=group-2D4876208B57,id=a41dceae-8d18-4f52-abe9-75c36a795b67
2023-06-07 15:27:38,305 [a41dceae-8d18-4f52-abe9-75c36a795b67-impl-thread1] INFO  impl.RoleInfo (RoleInfo.java:shutdownLeaderState(93)) - a41dceae-8d18-4f52-abe9-75c36a795b67: shutdown a41dceae-8d18-4f52-abe9-75c36a795b67@group-2D4876208B57-LeaderStateImpl
2023-06-07 15:27:38,305 [a41dceae-8d18-4f52-abe9-75c36a795b67-impl-thread1] INFO  impl.PendingRequests (PendingRequests.java:sendNotLeaderResponses(289)) - a41dceae-8d18-4f52-abe9-75c36a795b67@group-2D4876208B57-PendingRequests: sendNotLeaderResponses
2023-06-07 15:27:38,305 [a41dceae-8d18-4f52-abe9-75c36a795b67-impl-thread1] INFO  impl.StateMachineUpdater (StateMachineUpdater.java:stopAndJoin(155)) - a41dceae-8d18-4f52-abe9-75c36a795b67@group-2D4876208B57-StateMachineUpdater: set stopIndex = 0
2023-06-07 15:27:38,306 [grpc-default-executor-8] INFO  server.GrpcServerProtocolService (GrpcServerProtocolService.java:lambda$onCompleted$5(157)) - a41dceae-8d18-4f52-abe9-75c36a795b67: Completed APPEND_ENTRIES, lastReply: serverReply {
  requestorId: "a382538c-7e52-4a1b-870b-cd5a5773aebd"
  replyId: "a41dceae-8d18-4f52-abe9-75c36a795b67"
  raftGroupId {
    id: "\236*\274T\3004G<\253\312C\317AX\375\366"
  }
  success: true
}
term: 1
nextIndex: 1
followerCommit: 18446744073709551615
matchIndex: 18446744073709551615
isHearbeat: true

2023-06-07 15:27:38,306 [a41dceae-8d18-4f52-abe9-75c36a795b67@group-2D4876208B57-StateMachineUpdater] INFO  ratis.ContainerStateMachine (ContainerStateMachine.java:takeSnapshot(330)) - group-2D4876208B57: Taking a snapshot at:(t:1, i:0) file /home/runner/work/ozone/ozone/hadoop-ozone/integration-test/target/test-dir/MiniOzoneClusterImpl-b5380126-ca45-4bcf-84a9-b524bd76738e/datanode-0/data/ratis/8a5592ba-91db-44bd-9ea6-2d4876208b57/sm/snapshot.1_0
2023-06-07 15:27:38,306 [a41dceae-8d18-4f52-abe9-75c36a795b67-impl-thread2] INFO  server.RaftServer$Division (RaftServerImpl.java:lambda$close$4(466)) - a41dceae-8d18-4f52-abe9-75c36a795b67@group-8B662DE45D3B: shutdown
2023-06-07 15:27:38,306 [a41dceae-8d18-4f52-abe9-75c36a795b67-impl-thread2] INFO  util.JmxRegister (JmxRegister.java:unregister(73)) - Successfully un-registered JMX Bean with object name Ratis:service=RaftServer,group=group-8B662DE45D3B,id=a41dceae-8d18-4f52-abe9-75c36a795b67
2023-06-07 15:27:38,306 [a41dceae-8d18-4f52-abe9-75c36a795b67-impl-thread2] INFO  impl.RoleInfo (RoleInfo.java:shutdownFollowerState(110)) - a41dceae-8d18-4f52-abe9-75c36a795b67: shutdown a41dceae-8d18-4f52-abe9-75c36a795b67@group-8B662DE45D3B-FollowerState
2023-06-07 15:27:38,307 [grpc-default-executor-3] INFO  server.GrpcLogAppender (GrpcLogAppender.java:onCompleted(428)) - a382538c-7e52-4a1b-870b-cd5a5773aebd@group-43CF4158FDF6->a41dceae-8d18-4f52-abe9-75c36a795b67-AppendLogResponseHandler: follower responses appendEntries COMPLETED
2023-06-07 15:27:38,307 [a41dceae-8d18-4f52-abe9-75c36a795b67@group-2D4876208B57-StateMachineUpdater] INFO  ratis.ContainerStateMachine (ContainerStateMachine.java:takeSnapshot(341)) - group-2D4876208B57: Finished taking a snapshot at:(t:1, i:0) file:/home/runner/work/ozone/ozone/hadoop-ozone/integration-test/target/test-dir/MiniOzoneClusterImpl-b5380126-ca45-4bcf-84a9-b524bd76738e/datanode-0/data/ratis/8a5592ba-91db-44bd-9ea6-2d4876208b57/sm/snapshot.1_0 took: 2 ms
2023-06-07 15:27:38,307 [a41dceae-8d18-4f52-abe9-75c36a795b67@group-2D4876208B57-StateMachineUpdater] INFO  impl.StateMachineUpdater (StateMachineUpdater.java:takeSnapshot(291)) - a41dceae-8d18-4f52-abe9-75c36a795b67@group-2D4876208B57-StateMachineUpdater: Took a snapshot at index 0
2023-06-07 15:27:38,307 [a41dceae-8d18-4f52-abe9-75c36a795b67@group-2D4876208B57-StateMachineUpdater] INFO  impl.StateMachineUpdater (StateMachineUpdater.java:lambda$new$0(97)) - a41dceae-8d18-4f52-abe9-75c36a795b67@group-2D4876208B57-StateMachineUpdater: snapshotIndex: updateIncreasingly -1 -> 0
2023-06-07 15:27:38,307 [a41dceae-8d18-4f52-abe9-75c36a795b67-impl-thread1] INFO  server.RaftServer$Division (ServerState.java:close(472)) - a41dceae-8d18-4f52-abe9-75c36a795b67@group-2D4876208B57: closes. applyIndex: 0
2023-06-07 15:27:38,308 [ForkJoinPool.commonPool-worker-2] INFO  server.GrpcService (GrpcService.java:closeImpl(311)) - a41dceae-8d18-4f52-abe9-75c36a795b67: shutdown server org.apache.ratis.grpc.server.GrpcClientProtocolService now
2023-06-07 15:27:38,309 [a41dceae-8d18-4f52-abe9-75c36a795b67-impl-thread3] INFO  server.RaftServer$Division (RaftServerImpl.java:lambda$close$4(466)) - a41dceae-8d18-4f52-abe9-75c36a795b67@group-43CF4158FDF6: shutdown
2023-06-07 15:27:38,309 [a41dceae-8d18-4f52-abe9-75c36a795b67-impl-thread3] INFO  util.JmxRegister (JmxRegister.java:unregister(73)) - Successfully un-registered JMX Bean with object name Ratis:service=RaftServer,group=group-43CF4158FDF6,id=a41dceae-8d18-4f52-abe9-75c36a795b67
2023-06-07 15:27:38,309 [a41dceae-8d18-4f52-abe9-75c36a795b67-impl-thread3] INFO  impl.RoleInfo (RoleInfo.java:shutdownFollowerState(110)) - a41dceae-8d18-4f52-abe9-75c36a795b67: shutdown a41dceae-8d18-4f52-abe9-75c36a795b67@group-43CF4158FDF6-FollowerState
2023-06-07 15:27:38,313 [a41dceae-8d18-4f52-abe9-75c36a795b67@group-8B662DE45D3B-FollowerState] INFO  impl.FollowerState (FollowerState.java:run(152)) - a41dceae-8d18-4f52-abe9-75c36a795b67@group-8B662DE45D3B-FollowerState was interrupted
2023-06-07 15:27:38,313 [a41dceae-8d18-4f52-abe9-75c36a795b67-impl-thread2] INFO  impl.StateMachineUpdater (StateMachineUpdater.java:stopAndJoin(155)) - a41dceae-8d18-4f52-abe9-75c36a795b67@group-8B662DE45D3B-StateMachineUpdater: set stopIndex = -1
2023-06-07 15:27:38,313 [a41dceae-8d18-4f52-abe9-75c36a795b67-impl-thread2] INFO  server.RaftServer$Division (ServerState.java:close(472)) - a41dceae-8d18-4f52-abe9-75c36a795b67@group-8B662DE45D3B: closes. applyIndex: -1
2023-06-07 15:27:38,314 [a41dceae-8d18-4f52-abe9-75c36a795b67-impl-thread3] INFO  impl.StateMachineUpdater (StateMachineUpdater.java:stopAndJoin(155)) - a41dceae-8d18-4f52-abe9-75c36a795b67@group-43CF4158FDF6-StateMachineUpdater: set stopIndex = -1
2023-06-07 15:27:38,314 [Thread-1338] INFO  server.GrpcServerProtocolClient (GrpcServerProtocolClient.java:close(103)) - a41dceae-8d18-4f52-abe9-75c36a795b67 Close channels
2023-06-07 15:27:38,314 [a41dceae-8d18-4f52-abe9-75c36a795b67-impl-thread3] INFO  server.RaftServer$Division (ServerState.java:close(472)) - a41dceae-8d18-4f52-abe9-75c36a795b67@group-43CF4158FDF6: closes. applyIndex: -1
2023-06-07 15:27:38,315 [Thread-1339] INFO  server.GrpcServerProtocolClient (GrpcServerProtocolClient.java:close(103)) - 7e8636b3-a67b-4223-90d1-5a96077a1f3b Close channels
2023-06-07 15:27:38,314 [a41dceae-8d18-4f52-abe9-75c36a795b67@group-43CF4158FDF6-FollowerState] INFO  impl.FollowerState (FollowerState.java:run(152)) - a41dceae-8d18-4f52-abe9-75c36a795b67@group-43CF4158FDF6-FollowerState was interrupted
2023-06-07 15:27:38,315 [Thread-1342] INFO  server.GrpcServerProtocolClient (GrpcServerProtocolClient.java:close(103)) - a382538c-7e52-4a1b-870b-cd5a5773aebd Close channels
2023-06-07 15:27:38,315 [Thread-1344] INFO  server.GrpcServerProtocolClient (GrpcServerProtocolClient.java:close(103)) - 7e8636b3-a67b-4223-90d1-5a96077a1f3b Close channels
2023-06-07 15:27:38,316 [grpc-default-executor-4] INFO  server.GrpcLogAppender (GrpcLogAppender.java:onCompleted(428)) - a382538c-7e52-4a1b-870b-cd5a5773aebd@group-43CF4158FDF6->7e8636b3-a67b-4223-90d1-5a96077a1f3b-AppendLogResponseHandler: follower responses appendEntries COMPLETED
2023-06-07 15:27:38,316 [grpc-default-executor-4] WARN  server.GrpcLogAppender (GrpcLogAppender.java:resetClient(137)) - a382538c-7e52-4a1b-870b-cd5a5773aebd@group-43CF4158FDF6->7e8636b3-a67b-4223-90d1-5a96077a1f3b-GrpcLogAppender: Failed to getClient for 7e8636b3-a67b-4223-90d1-5a96077a1f3b
org.apache.ratis.protocol.exceptions.AlreadyClosedException: a382538c-7e52-4a1b-870b-cd5a5773aebd is already CLOSED
	at org.apache.ratis.util.PeerProxyMap$PeerAndProxy.getProxy(PeerProxyMap.java:61)
	at org.apache.ratis.util.PeerProxyMap.getProxy(PeerProxyMap.java:115)
	at org.apache.ratis.grpc.server.GrpcLogAppender.getClient(GrpcLogAppender.java:112)
	at org.apache.ratis.grpc.server.GrpcLogAppender.resetClient(GrpcLogAppender.java:117)
	at org.apache.ratis.grpc.server.GrpcLogAppender.access$500(GrpcLogAppender.java:56)
	at org.apache.ratis.grpc.server.GrpcLogAppender$AppendLogResponseHandler.onCompleted(GrpcLogAppender.java:429)
	at org.apache.ratis.thirdparty.io.grpc.stub.ClientCalls$StreamObserverToCallListenerAdapter.onClose(ClientCalls.java:485)
	at org.apache.ratis.thirdparty.io.grpc.internal.DelayedClientCall$DelayedListener$3.run(DelayedClientCall.java:471)
	at org.apache.ratis.thirdparty.io.grpc.internal.DelayedClientCall$DelayedListener.delayOrExecute(DelayedClientCall.java:435)
	at org.apache.ratis.thirdparty.io.grpc.internal.DelayedClientCall$DelayedListener.onClose(DelayedClientCall.java:468)
	at org.apache.ratis.thirdparty.io.grpc.internal.ClientCallImpl.closeObserver(ClientCallImpl.java:563)
	at org.apache.ratis.thirdparty.io.grpc.internal.ClientCallImpl.access$300(ClientCallImpl.java:70)
	at org.apache.ratis.thirdparty.io.grpc.internal.ClientCallImpl$ClientStreamListenerImpl$1StreamClosed.runInternal(ClientCallImpl.java:744)
	at org.apache.ratis.thirdparty.io.grpc.internal.ClientCallImpl$ClientStreamListenerImpl$1StreamClosed.runInContext(ClientCallImpl.java:723)
	at org.apache.ratis.thirdparty.io.grpc.internal.ContextRunnable.run(ContextRunnable.java:37)
	at org.apache.ratis.thirdparty.io.grpc.internal.SerializingExecutor.run(SerializingExecutor.java:133)
	at java.util.concurrent.ThreadPoolExecutor.runWorker(ThreadPoolExecutor.java:1149)
	at java.util.concurrent.ThreadPoolExecutor$Worker.run(ThreadPoolExecutor.java:624)
	at java.lang.Thread.run(Thread.java:750)
2023-06-07 15:27:38,317 [ForkJoinPool.commonPool-worker-3] INFO  ozoneimpl.OzoneContainer (OzoneContainer.java:stop(420)) - Attempting to stop container services.
2023-06-07 15:27:38,320 [ForkJoinPool.commonPool-worker-2] INFO  server.GrpcService (GrpcService.java:closeImpl(320)) - a41dceae-8d18-4f52-abe9-75c36a795b67: shutdown server org.apache.ratis.grpc.server.GrpcClientProtocolService successfully
2023-06-07 15:27:38,320 [ForkJoinPool.commonPool-worker-2] INFO  server.GrpcService (GrpcService.java:closeImpl(311)) - a41dceae-8d18-4f52-abe9-75c36a795b67: shutdown server GrpcServerProtocolService now
2023-06-07 15:27:38,321 [grpc-default-executor-2] WARN  server.GrpcLogAppender (LogUtils.java:warn(122)) - 7e8636b3-a67b-4223-90d1-5a96077a1f3b@group-8B662DE45D3B->a41dceae-8d18-4f52-abe9-75c36a795b67-AppendLogResponseHandler: Failed appendEntries: org.apache.ratis.thirdparty.io.grpc.StatusRuntimeException: CANCELLED: RST_STREAM closed stream. HTTP/2 error code: CANCEL
2023-06-07 15:27:38,321 [grpc-default-executor-2] WARN  server.GrpcLogAppender (GrpcLogAppender.java:resetClient(128)) - 7e8636b3-a67b-4223-90d1-5a96077a1f3b@group-8B662DE45D3B->a41dceae-8d18-4f52-abe9-75c36a795b67-GrpcLogAppender: Follower failed when matchIndex == 0,  keep nextIndex (1) unchanged and retry.
2023-06-07 15:27:38,321 [grpc-default-executor-8] WARN  server.GrpcServerProtocolService (LogUtils.java:warn(122)) - a41dceae-8d18-4f52-abe9-75c36a795b67: APPEND_ENTRIES onError, lastRequest: null: org.apache.ratis.thirdparty.io.grpc.StatusRuntimeException: CANCELLED: client cancelled
2023-06-07 15:27:38,322 [grpc-default-executor-5] WARN  server.GrpcServerProtocolService (LogUtils.java:warn(122)) - a41dceae-8d18-4f52-abe9-75c36a795b67: APPEND_ENTRIES onError, lastRequest: 7e8636b3-a67b-4223-90d1-5a96077a1f3b->a41dceae-8d18-4f52-abe9-75c36a795b67#1-t1,previous=(t:0, i:0),leaderCommit=-1,initializing? true,entries: size=1, first=(t:1, i:0), CONFIGURATIONENTRY(current:id: "a382538c-7e52-4a1b-870b-cd5a5773aebd"
address: "10.1.0.36:15093"
dataStreamAddress: "10.1.0.36:15094"
clientAddress: "10.1.0.36:15091"
adminAddress: "10.1.0.36:15092"
startupRole: FOLLOWER
,id: "a41dceae-8d18-4f52-abe9-75c36a795b67"
address: "10.1.0.36:15084"
dataStreamAddress: "10.1.0.36:15085"
clientAddress: "10.1.0.36:15082"
adminAddress: "10.1.0.36:15083"
startupRole: FOLLOWER
,id: "7e8636b3-a67b-4223-90d1-5a96077a1f3b"
address: "10.1.0.36:15102"
priority: 1
dataStreamAddress: "10.1.0.36:15103"
clientAddress: "10.1.0.36:15100"
adminAddress: "10.1.0.36:15101"
startupRole: FOLLOWER
, old:): org.apache.ratis.thirdparty.io.grpc.StatusRuntimeException: CANCELLED: client cancelled
2023-06-07 15:27:38,322 [main] INFO  server.GrpcService (GrpcService.java:closeImpl(320)) - a382538c-7e52-4a1b-870b-cd5a5773aebd: shutdown server org.apache.ratis.grpc.server.GrpcClientProtocolService successfully
2023-06-07 15:27:38,322 [main] INFO  server.GrpcService (GrpcService.java:closeImpl(311)) - a382538c-7e52-4a1b-870b-cd5a5773aebd: shutdown server GrpcServerProtocolService now
2023-06-07 15:27:38,323 [grpc-default-executor-0] WARN  server.GrpcServerProtocolService (LogUtils.java:warn(122)) - a382538c-7e52-4a1b-870b-cd5a5773aebd: APPEND_ENTRIES onError, lastRequest: null: org.apache.ratis.thirdparty.io.grpc.StatusRuntimeException: CANCELLED: client cancelled
2023-06-07 15:27:38,325 [grpc-default-executor-2] WARN  server.GrpcLogAppender (LogUtils.java:warn(122)) - 7e8636b3-a67b-4223-90d1-5a96077a1f3b@group-8B662DE45D3B->a41dceae-8d18-4f52-abe9-75c36a795b67-AppendLogResponseHandler: Failed appendEntries: org.apache.ratis.thirdparty.io.grpc.StatusRuntimeException: CANCELLED: RST_STREAM closed stream. HTTP/2 error code: CANCEL
2023-06-07 15:27:38,325 [grpc-default-executor-2] WARN  server.GrpcLogAppender (GrpcLogAppender.java:resetClient(128)) - 7e8636b3-a67b-4223-90d1-5a96077a1f3b@group-8B662DE45D3B->a41dceae-8d18-4f52-abe9-75c36a795b67-GrpcLogAppender: Follower failed when matchIndex == 0,  keep nextIndex (1) unchanged and retry.
2023-06-07 15:27:38,334 [grpc-default-executor-2] WARN  server.GrpcLogAppender (LogUtils.java:warn(122)) - 7e8636b3-a67b-4223-90d1-5a96077a1f3b@group-8B662DE45D3B->a382538c-7e52-4a1b-870b-cd5a5773aebd-AppendLogResponseHandler: Failed appendEntries: org.apache.ratis.thirdparty.io.grpc.StatusRuntimeException: CANCELLED: RST_STREAM closed stream. HTTP/2 error code: CANCEL
2023-06-07 15:27:38,334 [grpc-default-executor-2] WARN  server.GrpcLogAppender (GrpcLogAppender.java:resetClient(128)) - 7e8636b3-a67b-4223-90d1-5a96077a1f3b@group-8B662DE45D3B->a382538c-7e52-4a1b-870b-cd5a5773aebd-GrpcLogAppender: Follower failed when matchIndex == 0,  keep nextIndex (1) unchanged and retry.
2023-06-07 15:27:38,334 [grpc-default-executor-7] WARN  server.GrpcServerProtocolService (LogUtils.java:warn(122)) - a382538c-7e52-4a1b-870b-cd5a5773aebd: APPEND_ENTRIES onError, lastRequest: 7e8636b3-a67b-4223-90d1-5a96077a1f3b->a382538c-7e52-4a1b-870b-cd5a5773aebd#1-t1,previous=(t:0, i:0),leaderCommit=-1,initializing? true,entries: size=1, first=(t:1, i:0), CONFIGURATIONENTRY(current:id: "a382538c-7e52-4a1b-870b-cd5a5773aebd"
address: "10.1.0.36:15093"
dataStreamAddress: "10.1.0.36:15094"
clientAddress: "10.1.0.36:15091"
adminAddress: "10.1.0.36:15092"
startupRole: FOLLOWER
,id: "a41dceae-8d18-4f52-abe9-75c36a795b67"
address: "10.1.0.36:15084"
dataStreamAddress: "10.1.0.36:15085"
clientAddress: "10.1.0.36:15082"
adminAddress: "10.1.0.36:15083"
startupRole: FOLLOWER
,id: "7e8636b3-a67b-4223-90d1-5a96077a1f3b"
address: "10.1.0.36:15102"
priority: 1
dataStreamAddress: "10.1.0.36:15103"
clientAddress: "10.1.0.36:15100"
adminAddress: "10.1.0.36:15101"
startupRole: FOLLOWER
, old:): org.apache.ratis.thirdparty.io.grpc.StatusRuntimeException: CANCELLED: client cancelled
2023-06-07 15:27:38,335 [grpc-default-executor-7] WARN  server.GrpcLogAppender (LogUtils.java:warn(122)) - 7e8636b3-a67b-4223-90d1-5a96077a1f3b@group-8B662DE45D3B->a382538c-7e52-4a1b-870b-cd5a5773aebd-AppendLogResponseHandler: Failed appendEntries: org.apache.ratis.thirdparty.io.grpc.StatusRuntimeException: CANCELLED: RST_STREAM closed stream. HTTP/2 error code: CANCEL
2023-06-07 15:27:38,335 [grpc-default-executor-7] WARN  server.GrpcLogAppender (GrpcLogAppender.java:resetClient(128)) - 7e8636b3-a67b-4223-90d1-5a96077a1f3b@group-8B662DE45D3B->a382538c-7e52-4a1b-870b-cd5a5773aebd-GrpcLogAppender: Follower failed when matchIndex == 0,  keep nextIndex (1) unchanged and retry.
2023-06-07 15:27:38,337 [ForkJoinPool.commonPool-worker-3] INFO  server.RaftServer (RaftServerProxy.java:lambda$close$6(416)) - 7e8636b3-a67b-4223-90d1-5a96077a1f3b: close
2023-06-07 15:27:38,337 [7e8636b3-a67b-4223-90d1-5a96077a1f3b-impl-thread1] INFO  server.RaftServer$Division (RaftServerImpl.java:lambda$close$4(466)) - 7e8636b3-a67b-4223-90d1-5a96077a1f3b@group-749D5C85274E: shutdown
2023-06-07 15:27:38,337 [7e8636b3-a67b-4223-90d1-5a96077a1f3b-impl-thread1] INFO  util.JmxRegister (JmxRegister.java:unregister(73)) - Successfully un-registered JMX Bean with object name Ratis:service=RaftServer,group=group-749D5C85274E,id=7e8636b3-a67b-4223-90d1-5a96077a1f3b
2023-06-07 15:27:38,337 [7e8636b3-a67b-4223-90d1-5a96077a1f3b-impl-thread1] INFO  impl.RoleInfo (RoleInfo.java:shutdownLeaderState(93)) - 7e8636b3-a67b-4223-90d1-5a96077a1f3b: shutdown 7e8636b3-a67b-4223-90d1-5a96077a1f3b@group-749D5C85274E-LeaderStateImpl
2023-06-07 15:27:38,337 [7e8636b3-a67b-4223-90d1-5a96077a1f3b-impl-thread1] INFO  impl.PendingRequests (PendingRequests.java:sendNotLeaderResponses(289)) - 7e8636b3-a67b-4223-90d1-5a96077a1f3b@group-749D5C85274E-PendingRequests: sendNotLeaderResponses
2023-06-07 15:27:38,338 [7e8636b3-a67b-4223-90d1-5a96077a1f3b-impl-thread1] INFO  impl.StateMachineUpdater (StateMachineUpdater.java:stopAndJoin(155)) - 7e8636b3-a67b-4223-90d1-5a96077a1f3b@group-749D5C85274E-StateMachineUpdater: set stopIndex = 0
2023-06-07 15:27:38,338 [7e8636b3-a67b-4223-90d1-5a96077a1f3b-impl-thread2] INFO  server.RaftServer$Division (RaftServerImpl.java:lambda$close$4(466)) - 7e8636b3-a67b-4223-90d1-5a96077a1f3b@group-8B662DE45D3B: shutdown
2023-06-07 15:27:38,338 [7e8636b3-a67b-4223-90d1-5a96077a1f3b@group-749D5C85274E-StateMachineUpdater] INFO  ratis.ContainerStateMachine (ContainerStateMachine.java:takeSnapshot(330)) - group-749D5C85274E: Taking a snapshot at:(t:1, i:0) file /home/runner/work/ozone/ozone/hadoop-ozone/integration-test/target/test-dir/MiniOzoneClusterImpl-b5380126-ca45-4bcf-84a9-b524bd76738e/datanode-2/data/ratis/4011de41-e7c2-4517-8631-749d5c85274e/sm/snapshot.1_0
2023-06-07 15:27:38,339 [7e8636b3-a67b-4223-90d1-5a96077a1f3b@group-749D5C85274E-StateMachineUpdater] INFO  ratis.ContainerStateMachine (ContainerStateMachine.java:takeSnapshot(341)) - group-749D5C85274E: Finished taking a snapshot at:(t:1, i:0) file:/home/runner/work/ozone/ozone/hadoop-ozone/integration-test/target/test-dir/MiniOzoneClusterImpl-b5380126-ca45-4bcf-84a9-b524bd76738e/datanode-2/data/ratis/4011de41-e7c2-4517-8631-749d5c85274e/sm/snapshot.1_0 took: 1 ms
2023-06-07 15:27:38,339 [7e8636b3-a67b-4223-90d1-5a96077a1f3b-impl-thread2] INFO  util.JmxRegister (JmxRegister.java:unregister(73)) - Successfully un-registered JMX Bean with object name Ratis:service=RaftServer,group=group-8B662DE45D3B,id=7e8636b3-a67b-4223-90d1-5a96077a1f3b
2023-06-07 15:27:38,339 [7e8636b3-a67b-4223-90d1-5a96077a1f3b-impl-thread2] INFO  impl.RoleInfo (RoleInfo.java:shutdownLeaderState(93)) - 7e8636b3-a67b-4223-90d1-5a96077a1f3b: shutdown 7e8636b3-a67b-4223-90d1-5a96077a1f3b@group-8B662DE45D3B-LeaderStateImpl
2023-06-07 15:27:38,339 [7e8636b3-a67b-4223-90d1-5a96077a1f3b@group-749D5C85274E-StateMachineUpdater] INFO  impl.StateMachineUpdater (StateMachineUpdater.java:takeSnapshot(291)) - 7e8636b3-a67b-4223-90d1-5a96077a1f3b@group-749D5C85274E-StateMachineUpdater: Took a snapshot at index 0
2023-06-07 15:27:38,339 [7e8636b3-a67b-4223-90d1-5a96077a1f3b@group-749D5C85274E-StateMachineUpdater] INFO  impl.StateMachineUpdater (StateMachineUpdater.java:lambda$new$0(97)) - 7e8636b3-a67b-4223-90d1-5a96077a1f3b@group-749D5C85274E-StateMachineUpdater: snapshotIndex: updateIncreasingly -1 -> 0
2023-06-07 15:27:38,339 [ForkJoinPool.commonPool-worker-3] INFO  server.GrpcService (GrpcService.java:closeImpl(311)) - 7e8636b3-a67b-4223-90d1-5a96077a1f3b: shutdown server org.apache.ratis.grpc.server.GrpcClientProtocolService now
2023-06-07 15:27:38,339 [7e8636b3-a67b-4223-90d1-5a96077a1f3b-impl-thread1] INFO  server.RaftServer$Division (ServerState.java:close(472)) - 7e8636b3-a67b-4223-90d1-5a96077a1f3b@group-749D5C85274E: closes. applyIndex: 0
2023-06-07 15:27:38,340 [7e8636b3-a67b-4223-90d1-5a96077a1f3b@group-8B662DE45D3B->a382538c-7e52-4a1b-870b-cd5a5773aebd-GrpcLogAppender-LogAppenderDaemon] WARN  server.GrpcLogAppender (GrpcLogAppender.java:mayWait(199)) - 7e8636b3-a67b-4223-90d1-5a96077a1f3b@group-8B662DE45D3B->a382538c-7e52-4a1b-870b-cd5a5773aebd-GrpcLogAppender: Wait interrupted by java.lang.InterruptedException
2023-06-07 15:27:38,340 [7e8636b3-a67b-4223-90d1-5a96077a1f3b-impl-thread3] INFO  server.RaftServer$Division (RaftServerImpl.java:lambda$close$4(466)) - 7e8636b3-a67b-4223-90d1-5a96077a1f3b@group-43CF4158FDF6: shutdown
2023-06-07 15:27:38,340 [7e8636b3-a67b-4223-90d1-5a96077a1f3b-impl-thread3] INFO  util.JmxRegister (JmxRegister.java:unregister(73)) - Successfully un-registered JMX Bean with object name Ratis:service=RaftServer,group=group-43CF4158FDF6,id=7e8636b3-a67b-4223-90d1-5a96077a1f3b
2023-06-07 15:27:38,340 [7e8636b3-a67b-4223-90d1-5a96077a1f3b-impl-thread3] INFO  impl.RoleInfo (RoleInfo.java:shutdownFollowerState(110)) - 7e8636b3-a67b-4223-90d1-5a96077a1f3b: shutdown 7e8636b3-a67b-4223-90d1-5a96077a1f3b@group-43CF4158FDF6-FollowerState
2023-06-07 15:27:38,340 [7e8636b3-a67b-4223-90d1-5a96077a1f3b-impl-thread3] INFO  impl.StateMachineUpdater (StateMachineUpdater.java:stopAndJoin(155)) - 7e8636b3-a67b-4223-90d1-5a96077a1f3b@group-43CF4158FDF6-StateMachineUpdater: set stopIndex = -1
2023-06-07 15:27:38,341 [7e8636b3-a67b-4223-90d1-5a96077a1f3b@group-43CF4158FDF6-FollowerState] INFO  impl.FollowerState (FollowerState.java:run(152)) - 7e8636b3-a67b-4223-90d1-5a96077a1f3b@group-43CF4158FDF6-FollowerState was interrupted
2023-06-07 15:27:38,341 [7e8636b3-a67b-4223-90d1-5a96077a1f3b-impl-thread3] INFO  server.RaftServer$Division (ServerState.java:close(472)) - 7e8636b3-a67b-4223-90d1-5a96077a1f3b@group-43CF4158FDF6: closes. applyIndex: -1
2023-06-07 15:27:38,341 [ForkJoinPool.commonPool-worker-2] INFO  server.GrpcService (GrpcService.java:closeImpl(320)) - a41dceae-8d18-4f52-abe9-75c36a795b67: shutdown server GrpcServerProtocolService successfully
2023-06-07 15:27:38,341 [ForkJoinPool.commonPool-worker-2] INFO  server.GrpcService (GrpcService.java:closeImpl(311)) - a41dceae-8d18-4f52-abe9-75c36a795b67: shutdown server org.apache.ratis.grpc.server.GrpcAdminProtocolService now
2023-06-07 15:27:38,341 [7e8636b3-a67b-4223-90d1-5a96077a1f3b@group-8B662DE45D3B->a41dceae-8d18-4f52-abe9-75c36a795b67-GrpcLogAppender-LogAppenderDaemon] WARN  server.GrpcLogAppender (GrpcLogAppender.java:mayWait(199)) - 7e8636b3-a67b-4223-90d1-5a96077a1f3b@group-8B662DE45D3B->a41dceae-8d18-4f52-abe9-75c36a795b67-GrpcLogAppender: Wait interrupted by java.lang.InterruptedException
2023-06-07 15:27:38,341 [7e8636b3-a67b-4223-90d1-5a96077a1f3b-impl-thread2] INFO  impl.PendingRequests (PendingRequests.java:sendNotLeaderResponses(289)) - 7e8636b3-a67b-4223-90d1-5a96077a1f3b@group-8B662DE45D3B-PendingRequests: sendNotLeaderResponses
2023-06-07 15:27:38,342 [7e8636b3-a67b-4223-90d1-5a96077a1f3b-impl-thread2] INFO  impl.StateMachineUpdater (StateMachineUpdater.java:stopAndJoin(155)) - 7e8636b3-a67b-4223-90d1-5a96077a1f3b@group-8B662DE45D3B-StateMachineUpdater: set stopIndex = 0
2023-06-07 15:27:38,342 [main] INFO  server.GrpcService (GrpcService.java:closeImpl(320)) - a382538c-7e52-4a1b-870b-cd5a5773aebd: shutdown server GrpcServerProtocolService successfully
2023-06-07 15:27:38,342 [main] INFO  server.GrpcService (GrpcService.java:closeImpl(311)) - a382538c-7e52-4a1b-870b-cd5a5773aebd: shutdown server org.apache.ratis.grpc.server.GrpcAdminProtocolService now
2023-06-07 15:27:38,342 [7e8636b3-a67b-4223-90d1-5a96077a1f3b@group-8B662DE45D3B-StateMachineUpdater] INFO  ratis.ContainerStateMachine (ContainerStateMachine.java:takeSnapshot(330)) - group-8B662DE45D3B: Taking a snapshot at:(t:1, i:0) file /home/runner/work/ozone/ozone/hadoop-ozone/integration-test/target/test-dir/MiniOzoneClusterImpl-b5380126-ca45-4bcf-84a9-b524bd76738e/datanode-2/data/ratis/6e439e08-9a17-417d-88bb-8b662de45d3b/sm/snapshot.1_0
2023-06-07 15:27:38,343 [7e8636b3-a67b-4223-90d1-5a96077a1f3b@group-8B662DE45D3B-StateMachineUpdater] INFO  ratis.ContainerStateMachine (ContainerStateMachine.java:takeSnapshot(341)) - group-8B662DE45D3B: Finished taking a snapshot at:(t:1, i:0) file:/home/runner/work/ozone/ozone/hadoop-ozone/integration-test/target/test-dir/MiniOzoneClusterImpl-b5380126-ca45-4bcf-84a9-b524bd76738e/datanode-2/data/ratis/6e439e08-9a17-417d-88bb-8b662de45d3b/sm/snapshot.1_0 took: 0 ms
2023-06-07 15:27:38,343 [7e8636b3-a67b-4223-90d1-5a96077a1f3b@group-8B662DE45D3B-StateMachineUpdater] INFO  impl.StateMachineUpdater (StateMachineUpdater.java:takeSnapshot(291)) - 7e8636b3-a67b-4223-90d1-5a96077a1f3b@group-8B662DE45D3B-StateMachineUpdater: Took a snapshot at index 0
2023-06-07 15:27:38,343 [7e8636b3-a67b-4223-90d1-5a96077a1f3b@group-8B662DE45D3B-StateMachineUpdater] INFO  impl.StateMachineUpdater (StateMachineUpdater.java:lambda$new$0(97)) - 7e8636b3-a67b-4223-90d1-5a96077a1f3b@group-8B662DE45D3B-StateMachineUpdater: snapshotIndex: updateIncreasingly -1 -> 0
2023-06-07 15:27:38,343 [7e8636b3-a67b-4223-90d1-5a96077a1f3b-impl-thread2] INFO  server.RaftServer$Division (ServerState.java:close(472)) - 7e8636b3-a67b-4223-90d1-5a96077a1f3b@group-8B662DE45D3B: closes. applyIndex: 0
2023-06-07 15:27:38,344 [Thread-1353] INFO  server.GrpcServerProtocolClient (GrpcServerProtocolClient.java:close(103)) - a382538c-7e52-4a1b-870b-cd5a5773aebd Close channels
2023-06-07 15:27:38,344 [Thread-1354] INFO  server.GrpcServerProtocolClient (GrpcServerProtocolClient.java:close(103)) - a41dceae-8d18-4f52-abe9-75c36a795b67 Close channels
2023-06-07 15:27:38,347 [ForkJoinPool.commonPool-worker-2] INFO  server.GrpcService (GrpcService.java:closeImpl(320)) - a41dceae-8d18-4f52-abe9-75c36a795b67: shutdown server org.apache.ratis.grpc.server.GrpcAdminProtocolService successfully
2023-06-07 15:27:38,347 [a41dceae-8d18-4f52-abe9-75c36a795b67-NettyServerStreamRpc-bossGroup--thread1] INFO  logging.LoggingHandler (AbstractInternalLogger.java:log(148)) - [id: 0x536904d0, L:/0:0:0:0:0:0:0:0:15085] CLOSE
2023-06-07 15:27:38,347 [main] INFO  server.GrpcService (GrpcService.java:closeImpl(320)) - a382538c-7e52-4a1b-870b-cd5a5773aebd: shutdown server org.apache.ratis.grpc.server.GrpcAdminProtocolService successfully
2023-06-07 15:27:38,348 [a41dceae-8d18-4f52-abe9-75c36a795b67-NettyServerStreamRpc-bossGroup--thread1] INFO  logging.LoggingHandler (AbstractInternalLogger.java:log(148)) - [id: 0x536904d0, L:/0:0:0:0:0:0:0:0:15085] INACTIVE
2023-06-07 15:27:38,348 [a382538c-7e52-4a1b-870b-cd5a5773aebd-NettyServerStreamRpc-bossGroup--thread1] INFO  logging.LoggingHandler (AbstractInternalLogger.java:log(148)) - [id: 0x905233ed, L:/0:0:0:0:0:0:0:0:15094] CLOSE
2023-06-07 15:27:38,348 [a41dceae-8d18-4f52-abe9-75c36a795b67-NettyServerStreamRpc-bossGroup--thread1] INFO  logging.LoggingHandler (AbstractInternalLogger.java:log(148)) - [id: 0x536904d0, L:/0:0:0:0:0:0:0:0:15085] UNREGISTERED
2023-06-07 15:27:38,348 [a382538c-7e52-4a1b-870b-cd5a5773aebd-NettyServerStreamRpc-bossGroup--thread1] INFO  logging.LoggingHandler (AbstractInternalLogger.java:log(148)) - [id: 0x905233ed, L:/0:0:0:0:0:0:0:0:15094] INACTIVE
2023-06-07 15:27:38,348 [a382538c-7e52-4a1b-870b-cd5a5773aebd-NettyServerStreamRpc-bossGroup--thread1] INFO  logging.LoggingHandler (AbstractInternalLogger.java:log(148)) - [id: 0x905233ed, L:/0:0:0:0:0:0:0:0:15094] UNREGISTERED
2023-06-07 15:27:38,353 [ForkJoinPool.commonPool-worker-3] INFO  server.GrpcService (GrpcService.java:closeImpl(320)) - 7e8636b3-a67b-4223-90d1-5a96077a1f3b: shutdown server org.apache.ratis.grpc.server.GrpcClientProtocolService successfully
2023-06-07 15:27:38,353 [ForkJoinPool.commonPool-worker-3] INFO  server.GrpcService (GrpcService.java:closeImpl(311)) - 7e8636b3-a67b-4223-90d1-5a96077a1f3b: shutdown server GrpcServerProtocolService now
2023-06-07 15:27:38,356 [ForkJoinPool.commonPool-worker-3] INFO  server.GrpcService (GrpcService.java:closeImpl(320)) - 7e8636b3-a67b-4223-90d1-5a96077a1f3b: shutdown server GrpcServerProtocolService successfully
2023-06-07 15:27:38,356 [ForkJoinPool.commonPool-worker-3] INFO  server.GrpcService (GrpcService.java:closeImpl(311)) - 7e8636b3-a67b-4223-90d1-5a96077a1f3b: shutdown server org.apache.ratis.grpc.server.GrpcAdminProtocolService now
2023-06-07 15:27:38,358 [ForkJoinPool.commonPool-worker-3] INFO  server.GrpcService (GrpcService.java:closeImpl(320)) - 7e8636b3-a67b-4223-90d1-5a96077a1f3b: shutdown server org.apache.ratis.grpc.server.GrpcAdminProtocolService successfully
2023-06-07 15:27:38,358 [7e8636b3-a67b-4223-90d1-5a96077a1f3b-NettyServerStreamRpc-bossGroup--thread1] INFO  logging.LoggingHandler (AbstractInternalLogger.java:log(148)) - [id: 0x014c3f70, L:/0:0:0:0:0:0:0:0:15103] CLOSE
2023-06-07 15:27:38,358 [7e8636b3-a67b-4223-90d1-5a96077a1f3b-NettyServerStreamRpc-bossGroup--thread1] INFO  logging.LoggingHandler (AbstractInternalLogger.java:log(148)) - [id: 0x014c3f70, L:/0:0:0:0:0:0:0:0:15103] INACTIVE
2023-06-07 15:27:38,358 [7e8636b3-a67b-4223-90d1-5a96077a1f3b-NettyServerStreamRpc-bossGroup--thread1] INFO  logging.LoggingHandler (AbstractInternalLogger.java:log(148)) - [id: 0x014c3f70, L:/0:0:0:0:0:0:0:0:15103] UNREGISTERED
2023-06-07 15:27:38,641 [a41dceae-8d18-4f52-abe9-75c36a795b67-impl-thread1] INFO  segmented.SegmentedRaftLogWorker (SegmentedRaftLogWorker.java:close(252)) - a41dceae-8d18-4f52-abe9-75c36a795b67@group-2D4876208B57-SegmentedRaftLogWorker close()
2023-06-07 15:27:38,795 [a382538c-7e52-4a1b-870b-cd5a5773aebd-impl-thread3] INFO  segmented.SegmentedRaftLogWorker (SegmentedRaftLogWorker.java:close(252)) - a382538c-7e52-4a1b-870b-cd5a5773aebd@group-43CF4158FDF6-SegmentedRaftLogWorker close()
2023-06-07 15:27:38,817 [a41dceae-8d18-4f52-abe9-75c36a795b67-impl-thread3] INFO  segmented.SegmentedRaftLogWorker (SegmentedRaftLogWorker.java:close(252)) - a41dceae-8d18-4f52-abe9-75c36a795b67@group-43CF4158FDF6-SegmentedRaftLogWorker close()
2023-06-07 15:27:38,822 [7e8636b3-a67b-4223-90d1-5a96077a1f3b-impl-thread3] INFO  segmented.SegmentedRaftLogWorker (SegmentedRaftLogWorker.java:close(252)) - 7e8636b3-a67b-4223-90d1-5a96077a1f3b@group-43CF4158FDF6-SegmentedRaftLogWorker close()
2023-06-07 15:27:38,991 [7e8636b3-a67b-4223-90d1-5a96077a1f3b-impl-thread2] INFO  segmented.SegmentedRaftLogWorker (SegmentedRaftLogWorker.java:close(252)) - 7e8636b3-a67b-4223-90d1-5a96077a1f3b@group-8B662DE45D3B-SegmentedRaftLogWorker close()
2023-06-07 15:27:38,996 [a382538c-7e52-4a1b-870b-cd5a5773aebd-impl-thread1] INFO  segmented.SegmentedRaftLogWorker (SegmentedRaftLogWorker.java:close(252)) - a382538c-7e52-4a1b-870b-cd5a5773aebd@group-9A4F88BA867A-SegmentedRaftLogWorker close()
2023-06-07 15:27:39,019 [a41dceae-8d18-4f52-abe9-75c36a795b67-impl-thread2] INFO  segmented.SegmentedRaftLogWorker (SegmentedRaftLogWorker.java:close(252)) - a41dceae-8d18-4f52-abe9-75c36a795b67@group-8B662DE45D3B-SegmentedRaftLogWorker close()
2023-06-07 15:27:39,021 [JvmPauseMonitor15] INFO  util.JvmPauseMonitor (JvmPauseMonitor.java:run(109)) - JvmPauseMonitor-a41dceae-8d18-4f52-abe9-75c36a795b67: Stopped
2023-06-07 15:27:39,022 [a382538c-7e52-4a1b-870b-cd5a5773aebd-impl-thread2] INFO  segmented.SegmentedRaftLogWorker (SegmentedRaftLogWorker.java:close(252)) - a382538c-7e52-4a1b-870b-cd5a5773aebd@group-8B662DE45D3B-SegmentedRaftLogWorker close()
2023-06-07 15:27:39,023 [JvmPauseMonitor16] INFO  util.JvmPauseMonitor (JvmPauseMonitor.java:run(109)) - JvmPauseMonitor-a382538c-7e52-4a1b-870b-cd5a5773aebd: Stopped
2023-06-07 15:27:39,128 [RatisPipelineUtilsThread - 0] WARN  pipeline.PipelinePlacementPolicy (PipelinePlacementPolicy.java:filterViableNodes(166)) - Pipeline creation failed due to no sufficient healthy datanodes. Required 3. Found 0. Excluded 3.
2023-06-07 15:27:39,284 [7e8636b3-a67b-4223-90d1-5a96077a1f3b-impl-thread1] INFO  segmented.SegmentedRaftLogWorker (SegmentedRaftLogWorker.java:close(252)) - 7e8636b3-a67b-4223-90d1-5a96077a1f3b@group-749D5C85274E-SegmentedRaftLogWorker close()
2023-06-07 15:27:39,286 [JvmPauseMonitor17] INFO  util.JvmPauseMonitor (JvmPauseMonitor.java:run(109)) - JvmPauseMonitor-7e8636b3-a67b-4223-90d1-5a96077a1f3b: Stopped
2023-06-07 15:27:41,025 [ForkJoinPool.commonPool-worker-2] INFO  utils.DatanodeStoreCache (DatanodeStoreCache.java:shutdownCache(110)) - Skip clearing cache in mini cluster mode. Entries left: [/home/runner/work/ozone/ozone/hadoop-ozone/integration-test/target/test-dir/MiniOzoneClusterImpl-b5380126-ca45-4bcf-84a9-b524bd76738e/datanode-0/data-0/containers/hdds/b5380126-ca45-4bcf-84a9-b524bd76738e/DS-32b00451-fe67-4b5f-8fd4-94e3fccc1887/container.db, /home/runner/work/ozone/ozone/hadoop-ozone/integration-test/target/test-dir/MiniOzoneClusterImpl-b5380126-ca45-4bcf-84a9-b524bd76738e/datanode-1/data-0/containers/hdds/b5380126-ca45-4bcf-84a9-b524bd76738e/DS-db99f24b-9f86-4cd6-a3f1-44f781bbc109/container.db, /home/runner/work/ozone/ozone/hadoop-ozone/integration-test/target/test-dir/MiniOzoneClusterImpl-b5380126-ca45-4bcf-84a9-b524bd76738e/datanode-2/data-0/containers/hdds/b5380126-ca45-4bcf-84a9-b524bd76738e/DS-598acbb3-08fe-4a4d-8f76-5150c07daf4b/container.db]
2023-06-07 15:27:41,030 [ForkJoinPool.commonPool-worker-2] INFO  utils.DatanodeStoreCache (DatanodeStoreCache.java:removeDB(104)) - Removed db /home/runner/work/ozone/ozone/hadoop-ozone/integration-test/target/test-dir/MiniOzoneClusterImpl-b5380126-ca45-4bcf-84a9-b524bd76738e/datanode-0/data-0/containers/hdds/b5380126-ca45-4bcf-84a9-b524bd76738e/DS-32b00451-fe67-4b5f-8fd4-94e3fccc1887/container.db from cache
2023-06-07 15:27:41,030 [ForkJoinPool.commonPool-worker-2] INFO  volume.HddsVolume (HddsVolume.java:closeDbStore(437)) - SchemaV3 db is stopped at /home/runner/work/ozone/ozone/hadoop-ozone/integration-test/target/test-dir/MiniOzoneClusterImpl-b5380126-ca45-4bcf-84a9-b524bd76738e/datanode-0/data-0/containers/hdds/b5380126-ca45-4bcf-84a9-b524bd76738e/DS-32b00451-fe67-4b5f-8fd4-94e3fccc1887/container.db for volume DS-32b00451-fe67-4b5f-8fd4-94e3fccc1887
2023-06-07 15:27:41,031 [ForkJoinPool.commonPool-worker-2] INFO  utils.BackgroundService (BackgroundService.java:shutdown(141)) - Shutting down service BlockDeletingService
2023-06-07 15:27:41,031 [ForkJoinPool.commonPool-worker-2] INFO  utils.BackgroundService (BackgroundService.java:shutdown(141)) - Shutting down service StaleRecoveringContainerScrubbingService
2023-06-07 15:27:41,031 [main] INFO  utils.DatanodeStoreCache (DatanodeStoreCache.java:shutdownCache(110)) - Skip clearing cache in mini cluster mode. Entries left: [/home/runner/work/ozone/ozone/hadoop-ozone/integration-test/target/test-dir/MiniOzoneClusterImpl-b5380126-ca45-4bcf-84a9-b524bd76738e/datanode-1/data-0/containers/hdds/b5380126-ca45-4bcf-84a9-b524bd76738e/DS-db99f24b-9f86-4cd6-a3f1-44f781bbc109/container.db, /home/runner/work/ozone/ozone/hadoop-ozone/integration-test/target/test-dir/MiniOzoneClusterImpl-b5380126-ca45-4bcf-84a9-b524bd76738e/datanode-2/data-0/containers/hdds/b5380126-ca45-4bcf-84a9-b524bd76738e/DS-598acbb3-08fe-4a4d-8f76-5150c07daf4b/container.db]
2023-06-07 15:27:41,034 [main] INFO  utils.DatanodeStoreCache (DatanodeStoreCache.java:removeDB(104)) - Removed db /home/runner/work/ozone/ozone/hadoop-ozone/integration-test/target/test-dir/MiniOzoneClusterImpl-b5380126-ca45-4bcf-84a9-b524bd76738e/datanode-1/data-0/containers/hdds/b5380126-ca45-4bcf-84a9-b524bd76738e/DS-db99f24b-9f86-4cd6-a3f1-44f781bbc109/container.db from cache
2023-06-07 15:27:41,034 [main] INFO  volume.HddsVolume (HddsVolume.java:closeDbStore(437)) - SchemaV3 db is stopped at /home/runner/work/ozone/ozone/hadoop-ozone/integration-test/target/test-dir/MiniOzoneClusterImpl-b5380126-ca45-4bcf-84a9-b524bd76738e/datanode-1/data-0/containers/hdds/b5380126-ca45-4bcf-84a9-b524bd76738e/DS-db99f24b-9f86-4cd6-a3f1-44f781bbc109/container.db for volume DS-db99f24b-9f86-4cd6-a3f1-44f781bbc109
2023-06-07 15:27:41,034 [main] INFO  utils.BackgroundService (BackgroundService.java:shutdown(141)) - Shutting down service BlockDeletingService
2023-06-07 15:27:41,035 [ForkJoinPool.commonPool-worker-2] INFO  statemachine.DatanodeStateMachine (DatanodeStateMachine.java:stopDaemon(605)) - Ozone container server stopped.
2023-06-07 15:27:41,041 [main] INFO  utils.BackgroundService (BackgroundService.java:shutdown(141)) - Shutting down service StaleRecoveringContainerScrubbingService
2023-06-07 15:27:41,042 [main] INFO  statemachine.DatanodeStateMachine (DatanodeStateMachine.java:stopDaemon(605)) - Ozone container server stopped.
2023-06-07 15:27:41,050 [main] INFO  handler.ContextHandler (ContextHandler.java:doStop(1159)) - Stopped o.e.j.w.WebAppContext@506bc254{hddsDatanode,/,null,STOPPED}{jar:file:/home/runner/.m2/repository/org/apache/ozone/hdds-container-service/1.4.0-SNAPSHOT/hdds-container-service-1.4.0-SNAPSHOT.jar!/webapps/hddsDatanode}
2023-06-07 15:27:41,051 [main] INFO  server.AbstractConnector (AbstractConnector.java:doStop(383)) - Stopped ServerConnector@4cc1c39f{HTTP/1.1, (http/1.1)}{0.0.0.0:15088}
2023-06-07 15:27:41,051 [main] INFO  server.session (HouseKeeper.java:stopScavenging(149)) - node0 Stopped scavenging
2023-06-07 15:27:41,051 [main] INFO  handler.ContextHandler (ContextHandler.java:doStop(1159)) - Stopped o.e.j.s.ServletContextHandler@54d8147d{static,/static,jar:file:/home/runner/.m2/repository/org/apache/ozone/hdds-container-service/1.4.0-SNAPSHOT/hdds-container-service-1.4.0-SNAPSHOT.jar!/webapps/static,STOPPED}
2023-06-07 15:27:41,052 [main] INFO  handler.ContextHandler (ContextHandler.java:doStop(1159)) - Stopped o.e.j.s.ServletContextHandler@6ed61f9e{logs,/logs,file:///home/runner/work/ozone/ozone/hadoop-ozone/integration-test/target/log,STOPPED}
2023-06-07 15:27:41,052 [main] INFO  ozone.HddsDatanodeClientProtocolServer (HddsDatanodeClientProtocolServer.java:stop(78)) - Stopping the RPC server for Client Protocol
2023-06-07 15:27:41,052 [main] INFO  ipc.Server (Server.java:stop(3501)) - Stopping server on 15089
2023-06-07 15:27:41,054 [IPC Server listener on 15089] INFO  ipc.Server (Server.java:run(1430)) - Stopping IPC Server listener on 15089
2023-06-07 15:27:41,054 [IPC Server Responder] INFO  ipc.Server (Server.java:run(1563)) - Stopping IPC Server Responder
2023-06-07 15:27:41,055 [ForkJoinPool.commonPool-worker-2] INFO  handler.ContextHandler (ContextHandler.java:doStop(1159)) - Stopped o.e.j.w.WebAppContext@324f600a{hddsDatanode,/,null,STOPPED}{jar:file:/home/runner/.m2/repository/org/apache/ozone/hdds-container-service/1.4.0-SNAPSHOT/hdds-container-service-1.4.0-SNAPSHOT.jar!/webapps/hddsDatanode}
2023-06-07 15:27:41,055 [ForkJoinPool.commonPool-worker-2] INFO  server.AbstractConnector (AbstractConnector.java:doStop(383)) - Stopped ServerConnector@246b6267{HTTP/1.1, (http/1.1)}{0.0.0.0:15079}
2023-06-07 15:27:41,055 [ForkJoinPool.commonPool-worker-2] INFO  server.session (HouseKeeper.java:stopScavenging(149)) - node0 Stopped scavenging
2023-06-07 15:27:41,058 [ForkJoinPool.commonPool-worker-2] INFO  handler.ContextHandler (ContextHandler.java:doStop(1159)) - Stopped o.e.j.s.ServletContextHandler@112085ea{static,/static,jar:file:/home/runner/.m2/repository/org/apache/ozone/hdds-container-service/1.4.0-SNAPSHOT/hdds-container-service-1.4.0-SNAPSHOT.jar!/webapps/static,STOPPED}
2023-06-07 15:27:41,058 [ForkJoinPool.commonPool-worker-2] INFO  handler.ContextHandler (ContextHandler.java:doStop(1159)) - Stopped o.e.j.s.ServletContextHandler@40c78bd1{logs,/logs,file:///home/runner/work/ozone/ozone/hadoop-ozone/integration-test/target/log,STOPPED}
2023-06-07 15:27:41,065 [ForkJoinPool.commonPool-worker-2] INFO  ozone.HddsDatanodeClientProtocolServer (HddsDatanodeClientProtocolServer.java:stop(78)) - Stopping the RPC server for Client Protocol
2023-06-07 15:27:41,065 [ForkJoinPool.commonPool-worker-2] INFO  ipc.Server (Server.java:stop(3501)) - Stopping server on 15080
2023-06-07 15:27:41,066 [IPC Server listener on 15080] INFO  ipc.Server (Server.java:run(1430)) - Stopping IPC Server listener on 15080
2023-06-07 15:27:41,066 [IPC Server Responder] INFO  ipc.Server (Server.java:run(1563)) - Stopping IPC Server Responder
2023-06-07 15:27:41,290 [ForkJoinPool.commonPool-worker-3] INFO  utils.DatanodeStoreCache (DatanodeStoreCache.java:shutdownCache(110)) - Skip clearing cache in mini cluster mode. Entries left: [/home/runner/work/ozone/ozone/hadoop-ozone/integration-test/target/test-dir/MiniOzoneClusterImpl-b5380126-ca45-4bcf-84a9-b524bd76738e/datanode-2/data-0/containers/hdds/b5380126-ca45-4bcf-84a9-b524bd76738e/DS-598acbb3-08fe-4a4d-8f76-5150c07daf4b/container.db]
2023-06-07 15:27:41,293 [ForkJoinPool.commonPool-worker-3] INFO  utils.DatanodeStoreCache (DatanodeStoreCache.java:removeDB(104)) - Removed db /home/runner/work/ozone/ozone/hadoop-ozone/integration-test/target/test-dir/MiniOzoneClusterImpl-b5380126-ca45-4bcf-84a9-b524bd76738e/datanode-2/data-0/containers/hdds/b5380126-ca45-4bcf-84a9-b524bd76738e/DS-598acbb3-08fe-4a4d-8f76-5150c07daf4b/container.db from cache
2023-06-07 15:27:41,293 [ForkJoinPool.commonPool-worker-3] INFO  volume.HddsVolume (HddsVolume.java:closeDbStore(437)) - SchemaV3 db is stopped at /home/runner/work/ozone/ozone/hadoop-ozone/integration-test/target/test-dir/MiniOzoneClusterImpl-b5380126-ca45-4bcf-84a9-b524bd76738e/datanode-2/data-0/containers/hdds/b5380126-ca45-4bcf-84a9-b524bd76738e/DS-598acbb3-08fe-4a4d-8f76-5150c07daf4b/container.db for volume DS-598acbb3-08fe-4a4d-8f76-5150c07daf4b
2023-06-07 15:27:41,293 [ForkJoinPool.commonPool-worker-3] INFO  utils.BackgroundService (BackgroundService.java:shutdown(141)) - Shutting down service BlockDeletingService
2023-06-07 15:27:41,293 [ForkJoinPool.commonPool-worker-3] INFO  utils.BackgroundService (BackgroundService.java:shutdown(141)) - Shutting down service StaleRecoveringContainerScrubbingService
2023-06-07 15:27:41,294 [ForkJoinPool.commonPool-worker-3] INFO  statemachine.DatanodeStateMachine (DatanodeStateMachine.java:stopDaemon(605)) - Ozone container server stopped.
2023-06-07 15:27:41,304 [ForkJoinPool.commonPool-worker-3] INFO  handler.ContextHandler (ContextHandler.java:doStop(1159)) - Stopped o.e.j.w.WebAppContext@251f9216{hddsDatanode,/,null,STOPPED}{jar:file:/home/runner/.m2/repository/org/apache/ozone/hdds-container-service/1.4.0-SNAPSHOT/hdds-container-service-1.4.0-SNAPSHOT.jar!/webapps/hddsDatanode}
2023-06-07 15:27:41,305 [ForkJoinPool.commonPool-worker-3] INFO  server.AbstractConnector (AbstractConnector.java:doStop(383)) - Stopped ServerConnector@5020df0a{HTTP/1.1, (http/1.1)}{0.0.0.0:15097}
2023-06-07 15:27:41,305 [ForkJoinPool.commonPool-worker-3] INFO  server.session (HouseKeeper.java:stopScavenging(149)) - node0 Stopped scavenging
2023-06-07 15:27:41,306 [ForkJoinPool.commonPool-worker-3] INFO  handler.ContextHandler (ContextHandler.java:doStop(1159)) - Stopped o.e.j.s.ServletContextHandler@473dee2{static,/static,jar:file:/home/runner/.m2/repository/org/apache/ozone/hdds-container-service/1.4.0-SNAPSHOT/hdds-container-service-1.4.0-SNAPSHOT.jar!/webapps/static,STOPPED}
2023-06-07 15:27:41,306 [ForkJoinPool.commonPool-worker-3] INFO  handler.ContextHandler (ContextHandler.java:doStop(1159)) - Stopped o.e.j.s.ServletContextHandler@5c8b3fb1{logs,/logs,file:///home/runner/work/ozone/ozone/hadoop-ozone/integration-test/target/log,STOPPED}
2023-06-07 15:27:41,307 [ForkJoinPool.commonPool-worker-3] INFO  ozone.HddsDatanodeClientProtocolServer (HddsDatanodeClientProtocolServer.java:stop(78)) - Stopping the RPC server for Client Protocol
2023-06-07 15:27:41,307 [ForkJoinPool.commonPool-worker-3] INFO  ipc.Server (Server.java:stop(3501)) - Stopping server on 15098
2023-06-07 15:27:41,308 [IPC Server listener on 15098] INFO  ipc.Server (Server.java:run(1430)) - Stopping IPC Server listener on 15098
2023-06-07 15:27:41,308 [IPC Server Responder] INFO  ipc.Server (Server.java:run(1563)) - Stopping IPC Server Responder
2023-06-07 15:27:41,312 [main] INFO  ozone.MiniOzoneClusterImpl (MiniOzoneClusterImpl.java:stopSCM(537)) - Stopping the StorageContainerManager
2023-06-07 15:27:41,312 [main] INFO  server.StorageContainerManager (StorageContainerManager.java:stop(1560)) - Container Balancer is not running.
2023-06-07 15:27:41,312 [main] INFO  server.StorageContainerManager (StorageContainerManager.java:stopReplicationManager(1691)) - Stopping Replication Manager Service.
2023-06-07 15:27:41,312 [main] INFO  replication.ReplicationManager (ReplicationManager.java:stop(332)) - Stopping Replication Monitor Thread.
2023-06-07 15:27:41,313 [Under Replicated Processor] WARN  replication.UnhealthyReplicationProcessor (UnhealthyReplicationProcessor.java:run(167)) - Under Replicated Processor interrupted. Exiting...
2023-06-07 15:27:41,313 [Over Replicated Processor] WARN  replication.UnhealthyReplicationProcessor (UnhealthyReplicationProcessor.java:run(167)) - Over Replicated Processor interrupted. Exiting...
2023-06-07 15:27:41,313 [main] INFO  server.StorageContainerManager (StorageContainerManager.java:stop(1569)) - Stopping the Datanode Admin Monitor.
2023-06-07 15:27:41,313 [ReplicationMonitor] INFO  replication.ReplicationManager (ReplicationManager.java:run(938)) - Replication Monitor Thread is stopped
2023-06-07 15:27:41,313 [main] INFO  server.StorageContainerManager (StorageContainerManager.java:stop(1576)) - Stopping datanode service RPC server
2023-06-07 15:27:41,313 [main] INFO  server.SCMDatanodeProtocolServer (SCMDatanodeProtocolServer.java:stop(424)) - Stopping the RPC server for DataNodes
2023-06-07 15:27:41,313 [main] INFO  ipc.Server (Server.java:stop(3501)) - Stopping server on 15072
2023-06-07 15:27:41,315 [IPC Server Responder] INFO  ipc.Server (Server.java:run(1563)) - Stopping IPC Server Responder
2023-06-07 15:27:41,315 [IPC Server listener on 15072] INFO  ipc.Server (Server.java:run(1430)) - Stopping IPC Server listener on 15072
2023-06-07 15:27:41,389 [SCM Heartbeat Processing Thread - 0] WARN  node.NodeStateManager (NodeStateManager.java:scheduleNextHealthCheck(870)) - Current Thread is interrupted, shutting down HB processing thread for Node Manager.
2023-06-07 15:27:41,390 [main] INFO  server.StorageContainerManager (StorageContainerManager.java:stop(1584)) - Stopping block service RPC server
2023-06-07 15:27:41,390 [main] INFO  server.SCMBlockProtocolServer (SCMBlockProtocolServer.java:stop(161)) - Stopping the RPC server for Block Protocol
2023-06-07 15:27:41,390 [main] INFO  ipc.Server (Server.java:stop(3501)) - Stopping server on 15071
2023-06-07 15:27:41,392 [IPC Server listener on 15071] INFO  ipc.Server (Server.java:run(1430)) - Stopping IPC Server listener on 15071
2023-06-07 15:27:41,392 [IPC Server Responder] INFO  ipc.Server (Server.java:run(1563)) - Stopping IPC Server Responder
2023-06-07 15:27:41,393 [main] INFO  server.StorageContainerManager (StorageContainerManager.java:stop(1591)) - Stopping the StorageContainerLocationProtocol RPC server
2023-06-07 15:27:41,393 [main] INFO  server.SCMClientProtocolServer (SCMClientProtocolServer.java:stop(210)) - Stopping the RPC server for Client Protocol
2023-06-07 15:27:41,393 [main] INFO  ipc.Server (Server.java:stop(3501)) - Stopping server on 15070
2023-06-07 15:27:41,394 [IPC Server Responder] INFO  ipc.Server (Server.java:run(1563)) - Stopping IPC Server Responder
2023-06-07 15:27:41,394 [IPC Server listener on 15070] INFO  ipc.Server (Server.java:run(1430)) - Stopping IPC Server listener on 15070
2023-06-07 15:27:41,395 [main] INFO  server.StorageContainerManager (StorageContainerManager.java:stop(1598)) - Stopping Storage Container Manager HTTP server.
2023-06-07 15:27:41,396 [main] INFO  handler.ContextHandler (ContextHandler.java:doStop(1159)) - Stopped o.e.j.w.WebAppContext@7587fa5b{scm,/,null,STOPPED}{file:/home/runner/work/ozone/ozone/hadoop-ozone/integration-test/target/test-classes/webapps/scm}
2023-06-07 15:27:41,397 [main] INFO  server.AbstractConnector (AbstractConnector.java:doStop(383)) - Stopped ServerConnector@2c8ee744{HTTP/1.1, (http/1.1)}{0.0.0.0:15073}
2023-06-07 15:27:41,397 [main] INFO  server.session (HouseKeeper.java:stopScavenging(149)) - node0 Stopped scavenging
2023-06-07 15:27:41,397 [main] INFO  handler.ContextHandler (ContextHandler.java:doStop(1159)) - Stopped o.e.j.s.ServletContextHandler@74098c44{static,/static,file:///home/runner/work/ozone/ozone/hadoop-ozone/integration-test/target/test-classes/webapps/static,STOPPED}
2023-06-07 15:27:41,397 [main] INFO  handler.ContextHandler (ContextHandler.java:doStop(1159)) - Stopped o.e.j.s.ServletContextHandler@26e0fbc9{logs,/logs,file:///home/runner/work/ozone/ozone/hadoop-ozone/integration-test/target/log,STOPPED}
2023-06-07 15:27:41,398 [main] INFO  server.StorageContainerManager (StorageContainerManager.java:stop(1606)) - Stopping SCM LayoutVersionManager Service.
2023-06-07 15:27:41,398 [main] INFO  server.StorageContainerManager (StorageContainerManager.java:stop(1614)) - Stopping Block Manager Service.
2023-06-07 15:27:41,398 [main] INFO  utils.BackgroundService (BackgroundService.java:shutdown(141)) - Shutting down service SCMBlockDeletingService
2023-06-07 15:27:41,398 [main] INFO  utils.BackgroundService (BackgroundService.java:shutdown(141)) - Shutting down service SCMBlockDeletingService
2023-06-07 15:27:41,399 [main] INFO  server.StorageContainerManager (StorageContainerManager.java:stop(1636)) - Stopping SCM Event Queue.
2023-06-07 15:27:41,399 [main] INFO  server.StorageContainerManager (StorageContainerManager.java:stop(1647)) - Stopping SCM HA services.
2023-06-07 15:27:41,399 [main] INFO  ha.SCMRatisServerImpl (SCMRatisServerImpl.java:stop(254)) - stopping ratis server 0.0.0.0:9894
2023-06-07 15:27:41,400 [main] INFO  server.RaftServer (RaftServerProxy.java:lambda$close$6(416)) - 2b240bbd-7af1-4035-8540-0b9d23bf69a9: close
2023-06-07 15:27:41,400 [2b240bbd-7af1-4035-8540-0b9d23bf69a9-impl-thread1] INFO  server.RaftServer$Division (RaftServerImpl.java:lambda$close$4(466)) - 2b240bbd-7af1-4035-8540-0b9d23bf69a9@group-B524BD76738E: shutdown
2023-06-07 15:27:41,400 [2b240bbd-7af1-4035-8540-0b9d23bf69a9-impl-thread1] INFO  util.JmxRegister (JmxRegister.java:unregister(73)) - Successfully un-registered JMX Bean with object name Ratis:service=RaftServer,group=group-B524BD76738E,id=2b240bbd-7af1-4035-8540-0b9d23bf69a9
2023-06-07 15:27:41,400 [2b240bbd-7af1-4035-8540-0b9d23bf69a9-impl-thread1] INFO  impl.RoleInfo (RoleInfo.java:shutdownLeaderState(93)) - 2b240bbd-7af1-4035-8540-0b9d23bf69a9: shutdown 2b240bbd-7af1-4035-8540-0b9d23bf69a9@group-B524BD76738E-LeaderStateImpl
2023-06-07 15:27:41,400 [2b240bbd-7af1-4035-8540-0b9d23bf69a9-impl-thread1] INFO  impl.PendingRequests (PendingRequests.java:sendNotLeaderResponses(289)) - 2b240bbd-7af1-4035-8540-0b9d23bf69a9@group-B524BD76738E-PendingRequests: sendNotLeaderResponses
2023-06-07 15:27:41,400 [2b240bbd-7af1-4035-8540-0b9d23bf69a9-impl-thread1] INFO  ha.SCMStateMachine (SCMStateMachine.java:notifyNotLeader(205)) - current leader SCM steps down.
2023-06-07 15:27:41,400 [2b240bbd-7af1-4035-8540-0b9d23bf69a9-impl-thread1] INFO  ha.SCMContext (SCMContext.java:updateLeaderAndTerm(99)) - update <isLeader,term> from <true,2> to <false,0>
2023-06-07 15:27:41,400 [2b240bbd-7af1-4035-8540-0b9d23bf69a9-impl-thread1] INFO  ha.SCMContext (SCMContext.java:updateLeaderAndTerm(106)) - update <isLeaderReady> from <false> to <false>
2023-06-07 15:27:41,400 [2b240bbd-7af1-4035-8540-0b9d23bf69a9-impl-thread1] INFO  BackgroundPipelineScrubber (BackgroundSCMService.java:notifyStatusChanged(88)) - Service BackgroundPipelineScrubber transitions to PAUSING.
2023-06-07 15:27:41,400 [2b240bbd-7af1-4035-8540-0b9d23bf69a9-impl-thread1] INFO  ExpiredContainerReplicaOpScrubber (BackgroundSCMService.java:notifyStatusChanged(88)) - Service ExpiredContainerReplicaOpScrubber transitions to PAUSING.
2023-06-07 15:27:41,400 [2b240bbd-7af1-4035-8540-0b9d23bf69a9-impl-thread1] INFO  SCMHATransactionMonitor (BackgroundSCMService.java:notifyStatusChanged(88)) - Service SCMHATransactionMonitor transitions to PAUSING.
2023-06-07 15:27:41,401 [main] INFO  server.GrpcService (GrpcService.java:closeImpl(311)) - 2b240bbd-7af1-4035-8540-0b9d23bf69a9: shutdown server GrpcServerProtocolService now
2023-06-07 15:27:41,401 [2b240bbd-7af1-4035-8540-0b9d23bf69a9@group-B524BD76738E-StateMachineUpdater] INFO  server.StorageContainerManager (StorageContainerManager.java:stop(1549)) - Storage Container Manager is not running.
2023-06-07 15:27:41,401 [2b240bbd-7af1-4035-8540-0b9d23bf69a9@group-B524BD76738E-StateMachineUpdater] INFO  server.StorageContainerManager (StorageContainerManager.java:stopReplicationManager(1691)) - Stopping Replication Manager Service.
2023-06-07 15:27:41,401 [2b240bbd-7af1-4035-8540-0b9d23bf69a9@group-B524BD76738E-StateMachineUpdater] INFO  replication.ReplicationManager (ReplicationManager.java:stop(342)) - Replication Monitor Thread is not running.
2023-06-07 15:27:41,401 [2b240bbd-7af1-4035-8540-0b9d23bf69a9@group-B524BD76738E-StateMachineUpdater] INFO  server.StorageContainerManager (ExitUtils.java:terminate(131)) - Terminating with exit status 0: scm statemachine is closed by ratis, terminate SCM
2023-06-07 15:27:41,401 [2b240bbd-7af1-4035-8540-0b9d23bf69a9-impl-thread1] INFO  impl.StateMachineUpdater (StateMachineUpdater.java:stopAndJoin(155)) - 2b240bbd-7af1-4035-8540-0b9d23bf69a9@group-B524BD76738E-StateMachineUpdater: set stopIndex = 30
2023-06-07 15:27:41,402 [2b240bbd-7af1-4035-8540-0b9d23bf69a9@group-B524BD76738E-StateMachineUpdater] WARN  impl.StateMachineUpdater (StateMachineUpdater.java:stop(139)) - 2b240bbd-7af1-4035-8540-0b9d23bf69a9@group-B524BD76738E-StateMachineUpdater: Failed to close SCMStateMachine SCMStateMachine:2b240bbd-7af1-4035-8540-0b9d23bf69a9:group-B524BD76738E
org.apache.ratis.util.ExitUtils$ExitException: scm statemachine is closed by ratis, terminate SCM
	at org.apache.ratis.util.ExitUtils.terminate(ExitUtils.java:141)
	at org.apache.ratis.util.ExitUtils.terminate(ExitUtils.java:151)
	at org.apache.ratis.util.ExitUtils.terminate(ExitUtils.java:155)
	at org.apache.hadoop.hdds.scm.server.StorageContainerManager.shutDown(StorageContainerManager.java:1701)
	at org.apache.hadoop.hdds.scm.ha.SCMStateMachine.close(SCMStateMachine.java:423)
	at org.apache.ratis.server.impl.StateMachineUpdater.stop(StateMachineUpdater.java:134)
	at org.apache.ratis.server.impl.StateMachineUpdater.run(StateMachineUpdater.java:189)
	at java.lang.Thread.run(Thread.java:750)
2023-06-07 15:27:41,403 [2b240bbd-7af1-4035-8540-0b9d23bf69a9-impl-thread1] INFO  server.RaftServer$Division (ServerState.java:close(472)) - 2b240bbd-7af1-4035-8540-0b9d23bf69a9@group-B524BD76738E: closes. applyIndex: 100
2023-06-07 15:27:41,404 [main] INFO  server.GrpcService (GrpcService.java:closeImpl(320)) - 2b240bbd-7af1-4035-8540-0b9d23bf69a9: shutdown server GrpcServerProtocolService successfully
2023-06-07 15:27:42,190 [2b240bbd-7af1-4035-8540-0b9d23bf69a9-impl-thread1] INFO  segmented.SegmentedRaftLogWorker (SegmentedRaftLogWorker.java:close(252)) - 2b240bbd-7af1-4035-8540-0b9d23bf69a9@group-B524BD76738E-SegmentedRaftLogWorker close()
2023-06-07 15:27:42,190 [JvmPauseMonitor13] INFO  util.JvmPauseMonitor (JvmPauseMonitor.java:run(109)) - JvmPauseMonitor-2b240bbd-7af1-4035-8540-0b9d23bf69a9: Stopped
2023-06-07 15:27:42,191 [main] INFO  SCMHATransactionMonitor (BackgroundSCMService.java:stop(131)) - Stopping SCMHATransactionMonitor Service.
2023-06-07 15:27:42,191 [SCMHATransactionMonitorThread] WARN  SCMHATransactionMonitor (BackgroundSCMService.java:run(115)) - SCMHATransactionMonitor is interrupted, exit
2023-06-07 15:27:42,192 [main] INFO  pipeline.BackgroundPipelineCreator (BackgroundPipelineCreator.java:stop(149)) - Stopping RatisPipelineUtilsThread.
2023-06-07 15:27:42,192 [RatisPipelineUtilsThread - 0] WARN  pipeline.BackgroundPipelineCreator (BackgroundPipelineCreator.java:run(180)) - RatisPipelineUtilsThread is interrupted.
2023-06-07 15:27:42,192 [main] INFO  BackgroundPipelineScrubber (BackgroundSCMService.java:stop(131)) - Stopping BackgroundPipelineScrubber Service.
2023-06-07 15:27:42,192 [main] INFO  impl.MetricsSystemImpl (MetricsSystemImpl.java:stop(210)) - Stopping HddsDatanode metrics system...
2023-06-07 15:27:42,192 [BackgroundPipelineScrubberThread] WARN  BackgroundPipelineScrubber (BackgroundSCMService.java:run(115)) - BackgroundPipelineScrubber is interrupted, exit
2023-06-07 15:27:42,197 [prometheus] INFO  impl.MetricsSinkAdapter (MetricsSinkAdapter.java:publishMetricsFromQueue(141)) - prometheus thread interrupted.
2023-06-07 15:27:42,197 [main] INFO  impl.MetricsSystemImpl (MetricsSystemImpl.java:stop(216)) - HddsDatanode metrics system stopped.
2023-06-07 15:27:42,197 [main] WARN  pipeline.BackgroundPipelineCreator (BackgroundPipelineCreator.java:stop(145)) - RatisPipelineUtilsThread is not running, just ignore.
2023-06-07 15:27:42,197 [main] INFO  BackgroundPipelineScrubber (BackgroundSCMService.java:stop(126)) - BackgroundPipelineScrubber Service is not running, skip stop.
2023-06-07 15:27:42,198 [main] INFO  ExpiredContainerReplicaOpScrubber (BackgroundSCMService.java:stop(131)) - Stopping ExpiredContainerReplicaOpScrubber Service.
2023-06-07 15:27:42,198 [ExpiredContainerReplicaOpScrubberThread] WARN  ExpiredContainerReplicaOpScrubber (BackgroundSCMService.java:run(115)) - ExpiredContainerReplicaOpScrubber is interrupted, exit
2023-06-07 15:27:42,198 [main] INFO  utils.BackgroundService (BackgroundService.java:shutdown(141)) - Shutting down service SCMBlockDeletingService
2023-06-07 15:27:42,198 [main] INFO  replication.ReplicationManager (ReplicationManager.java:stop(342)) - Replication Monitor Thread is not running.
2023-06-07 15:27:42,198 [main] WARN  balancer.ContainerBalancer (ContainerBalancer.java:stop(328)) - Cannot stop Container Balancer because it's not running or stopping
2023-06-07 15:27:42,198 [main] INFO  SCMHATransactionMonitor (BackgroundSCMService.java:stop(126)) - SCMHATransactionMonitor Service is not running, skip stop.
2023-06-07 15:27:42,198 [Lease Manager-LeaseManager#LeaseMonitor] WARN  lease.LeaseManager (LeaseManager.java:run(272)) - Lease manager is interrupted. Shutting down...
java.lang.InterruptedException
	at java.util.concurrent.locks.AbstractQueuedSynchronizer.doAcquireSharedNanos(AbstractQueuedSynchronizer.java:1039)
	at java.util.concurrent.locks.AbstractQueuedSynchronizer.tryAcquireSharedNanos(AbstractQueuedSynchronizer.java:1328)
	at java.util.concurrent.Semaphore.tryAcquire(Semaphore.java:409)
	at org.apache.hadoop.ozone.lease.LeaseManager$LeaseMonitor.run(LeaseManager.java:270)
	at java.lang.Thread.run(Thread.java:750)
2023-06-07 15:27:42,198 [main] INFO  server.StorageContainerManager (StorageContainerManager.java:stop(1682)) - Stopping SCM MetadataStore.
]]></system-out>
    </rerunFailure>
    <rerunFailure type="java.lang.AssertionError">
      <stackTrace><![CDATA[java.lang.AssertionError: Found 4 leaked objects, check logs
	at org.apache.hadoop.hdds.utils.db.CodecBuffer.assertNoLeaks(CodecBuffer.java:99)
	at org.apache.hadoop.ozone.MiniOzoneClusterImpl.shutdown(MiniOzoneClusterImpl.java:451)
	at org.apache.hadoop.hdds.scm.TestSCMInstallSnapshot.shutdown(TestSCMInstallSnapshot.java:80)
	at sun.reflect.NativeMethodAccessorImpl.invoke0(Native Method)
	at sun.reflect.NativeMethodAccessorImpl.invoke(NativeMethodAccessorImpl.java:62)
	at sun.reflect.DelegatingMethodAccessorImpl.invoke(DelegatingMethodAccessorImpl.java:43)
	at java.lang.reflect.Method.invoke(Method.java:498)
	at org.junit.platform.commons.util.ReflectionUtils.invokeMethod(ReflectionUtils.java:725)
	at org.junit.jupiter.engine.execution.MethodInvocation.proceed(MethodInvocation.java:60)
	at org.junit.jupiter.engine.execution.InvocationInterceptorChain$ValidatingInvocation.proceed(InvocationInterceptorChain.java:131)
	at org.junit.jupiter.engine.extension.TimeoutExtension.intercept(TimeoutExtension.java:149)
	at org.junit.jupiter.engine.extension.TimeoutExtension.interceptLifecycleMethod(TimeoutExtension.java:126)
	at org.junit.jupiter.engine.extension.TimeoutExtension.interceptAfterAllMethod(TimeoutExtension.java:116)
	at org.junit.jupiter.engine.execution.ExecutableInvoker$ReflectiveInterceptorCall.lambda$ofVoidMethod$0(ExecutableInvoker.java:115)
	at org.junit.jupiter.engine.execution.ExecutableInvoker.lambda$invoke$0(ExecutableInvoker.java:105)
	at org.junit.jupiter.engine.execution.InvocationInterceptorChain$InterceptedInvocation.proceed(InvocationInterceptorChain.java:106)
	at org.junit.jupiter.engine.execution.InvocationInterceptorChain.proceed(InvocationInterceptorChain.java:64)
	at org.junit.jupiter.engine.execution.InvocationInterceptorChain.chainAndInvoke(InvocationInterceptorChain.java:45)
	at org.junit.jupiter.engine.execution.InvocationInterceptorChain.invoke(InvocationInterceptorChain.java:37)
	at org.junit.jupiter.engine.execution.ExecutableInvoker.invoke(ExecutableInvoker.java:104)
	at org.junit.jupiter.engine.execution.ExecutableInvoker.invoke(ExecutableInvoker.java:98)
	at org.junit.jupiter.engine.descriptor.ClassBasedTestDescriptor.lambda$invokeAfterAllMethods$13(ClassBasedTestDescriptor.java:425)
	at org.junit.platform.engine.support.hierarchical.ThrowableCollector.execute(ThrowableCollector.java:73)
	at org.junit.jupiter.engine.descriptor.ClassBasedTestDescriptor.lambda$invokeAfterAllMethods$14(ClassBasedTestDescriptor.java:423)
	at java.util.ArrayList.forEach(ArrayList.java:1259)
	at java.util.Collections$UnmodifiableCollection.forEach(Collections.java:1082)
	at org.junit.jupiter.engine.descriptor.ClassBasedTestDescriptor.invokeAfterAllMethods(ClassBasedTestDescriptor.java:423)
	at org.junit.jupiter.engine.descriptor.ClassBasedTestDescriptor.after(ClassBasedTestDescriptor.java:225)
	at org.junit.jupiter.engine.descriptor.ClassBasedTestDescriptor.after(ClassBasedTestDescriptor.java:80)
	at org.junit.platform.engine.support.hierarchical.NodeTestTask.lambda$executeRecursively$7(NodeTestTask.java:161)
	at org.junit.platform.engine.support.hierarchical.ThrowableCollector.execute(ThrowableCollector.java:73)
	at org.junit.platform.engine.support.hierarchical.NodeTestTask.lambda$executeRecursively$8(NodeTestTask.java:161)
	at org.junit.platform.engine.support.hierarchical.Node.around(Node.java:137)
	at org.junit.platform.engine.support.hierarchical.NodeTestTask.lambda$executeRecursively$9(NodeTestTask.java:139)
	at org.junit.platform.engine.support.hierarchical.ThrowableCollector.execute(ThrowableCollector.java:73)
	at org.junit.platform.engine.support.hierarchical.NodeTestTask.executeRecursively(NodeTestTask.java:138)
	at org.junit.platform.engine.support.hierarchical.NodeTestTask.execute(NodeTestTask.java:95)
	at java.util.ArrayList.forEach(ArrayList.java:1259)
	at org.junit.platform.engine.support.hierarchical.SameThreadHierarchicalTestExecutorService.invokeAll(SameThreadHierarchicalTestExecutorService.java:41)
	at org.junit.platform.engine.support.hierarchical.NodeTestTask.lambda$executeRecursively$6(NodeTestTask.java:155)
	at org.junit.platform.engine.support.hierarchical.ThrowableCollector.execute(ThrowableCollector.java:73)
	at org.junit.platform.engine.support.hierarchical.NodeTestTask.lambda$executeRecursively$8(NodeTestTask.java:141)
	at org.junit.platform.engine.support.hierarchical.Node.around(Node.java:137)
	at org.junit.platform.engine.support.hierarchical.NodeTestTask.lambda$executeRecursively$9(NodeTestTask.java:139)
	at org.junit.platform.engine.support.hierarchical.ThrowableCollector.execute(ThrowableCollector.java:73)
	at org.junit.platform.engine.support.hierarchical.NodeTestTask.executeRecursively(NodeTestTask.java:138)
	at org.junit.platform.engine.support.hierarchical.NodeTestTask.execute(NodeTestTask.java:95)
	at org.junit.platform.engine.support.hierarchical.SameThreadHierarchicalTestExecutorService.submit(SameThreadHierarchicalTestExecutorService.java:35)
	at org.junit.platform.engine.support.hierarchical.HierarchicalTestExecutor.execute(HierarchicalTestExecutor.java:57)
	at org.junit.platform.engine.support.hierarchical.HierarchicalTestEngine.execute(HierarchicalTestEngine.java:54)
	at org.junit.platform.launcher.core.EngineExecutionOrchestrator.execute(EngineExecutionOrchestrator.java:107)
	at org.junit.platform.launcher.core.EngineExecutionOrchestrator.execute(EngineExecutionOrchestrator.java:88)
	at org.junit.platform.launcher.core.EngineExecutionOrchestrator.lambda$execute$0(EngineExecutionOrchestrator.java:54)
	at org.junit.platform.launcher.core.EngineExecutionOrchestrator.withInterceptedStreams(EngineExecutionOrchestrator.java:67)
	at org.junit.platform.launcher.core.EngineExecutionOrchestrator.execute(EngineExecutionOrchestrator.java:52)
	at org.junit.platform.launcher.core.DefaultLauncher.execute(DefaultLauncher.java:114)
	at org.junit.platform.launcher.core.DefaultLauncher.execute(DefaultLauncher.java:86)
	at org.junit.platform.launcher.core.DefaultLauncherSession$DelegatingLauncher.execute(DefaultLauncherSession.java:86)
	at org.junit.platform.launcher.core.SessionPerRequestLauncher.execute(SessionPerRequestLauncher.java:53)
	at org.apache.maven.surefire.junitplatform.JUnitPlatformProvider.invokeAllTests(JUnitPlatformProvider.java:165)
	at org.apache.maven.surefire.junitplatform.JUnitPlatformProvider.invoke(JUnitPlatformProvider.java:124)
	at org.apache.maven.surefire.booter.ForkedBooter.runSuitesInProcess(ForkedBooter.java:428)
	at org.apache.maven.surefire.booter.ForkedBooter.execute(ForkedBooter.java:162)
	at org.apache.maven.surefire.booter.ForkedBooter.run(ForkedBooter.java:562)
	at org.apache.maven.surefire.booter.ForkedBooter.main(ForkedBooter.java:548)
]]></stackTrace>
      <system-out><![CDATA[2023-06-07 15:28:08,388 [main] INFO  ozone.MiniOzoneClusterImpl (MiniOzoneClusterImpl.java:shutdown(442)) - Shutting down the Mini Ozone Cluster
2023-06-07 15:28:08,388 [main] INFO  ozone.MiniOzoneClusterImpl (MiniOzoneClusterImpl.java:stop(459)) - Stopping the Mini Ozone Cluster
2023-06-07 15:28:08,389 [main] INFO  ozone.MiniOzoneClusterImpl (MiniOzoneClusterImpl.java:stopOM(545)) - Stopping the OzoneManager
2023-06-07 15:28:08,389 [main] INFO  om.OzoneManager (OzoneManager.java:stop(2166)) - om1[localhost:15109]: Stopping Ozone Manager
2023-06-07 15:28:08,390 [main] INFO  ipc.Server (Server.java:stop(3501)) - Stopping server on 15109
2023-06-07 15:28:08,398 [IPC Server listener on 15109] INFO  ipc.Server (Server.java:run(1430)) - Stopping IPC Server listener on 15109
2023-06-07 15:28:08,398 [IPC Server Responder] INFO  ipc.Server (Server.java:run(1563)) - Stopping IPC Server Responder
2023-06-07 15:28:08,399 [main] INFO  server.RaftServer (RaftServerProxy.java:lambda$close$6(416)) - om1: close
2023-06-07 15:28:08,401 [om1-impl-thread1] INFO  server.RaftServer$Division (RaftServerImpl.java:lambda$close$4(466)) - om1@group-C5BA1605619E: shutdown
2023-06-07 15:28:08,401 [om1-impl-thread1] INFO  util.JmxRegister (JmxRegister.java:unregister(73)) - Successfully un-registered JMX Bean with object name Ratis:service=RaftServer,group=group-C5BA1605619E,id=om1
2023-06-07 15:28:08,401 [om1-impl-thread1] INFO  impl.RoleInfo (RoleInfo.java:shutdownLeaderState(93)) - om1: shutdown om1@group-C5BA1605619E-LeaderStateImpl
2023-06-07 15:28:08,401 [om1-impl-thread1] INFO  impl.PendingRequests (PendingRequests.java:sendNotLeaderResponses(289)) - om1@group-C5BA1605619E-PendingRequests: sendNotLeaderResponses
2023-06-07 15:28:08,401 [om1-impl-thread1] INFO  impl.StateMachineUpdater (StateMachineUpdater.java:stopAndJoin(155)) - om1@group-C5BA1605619E-StateMachineUpdater: set stopIndex = 0
2023-06-07 15:28:08,401 [main] INFO  server.GrpcService (GrpcService.java:closeImpl(311)) - om1: shutdown server GrpcServerProtocolService now
2023-06-07 15:28:08,401 [om1@group-C5BA1605619E-StateMachineUpdater] INFO  ratis.OzoneManagerStateMachine (OzoneManagerStateMachine.java:takeSnapshot(479)) - Current Snapshot Index (t:1, i:0)
2023-06-07 15:28:08,405 [main] INFO  server.GrpcService (GrpcService.java:closeImpl(320)) - om1: shutdown server GrpcServerProtocolService successfully
2023-06-07 15:28:08,414 [om1@group-C5BA1605619E-StateMachineUpdater] INFO  impl.StateMachineUpdater (StateMachineUpdater.java:takeSnapshot(291)) - om1@group-C5BA1605619E-StateMachineUpdater: Took a snapshot at index 0
2023-06-07 15:28:08,414 [om1@group-C5BA1605619E-StateMachineUpdater] INFO  impl.StateMachineUpdater (StateMachineUpdater.java:lambda$new$0(97)) - om1@group-C5BA1605619E-StateMachineUpdater: snapshotIndex: updateIncreasingly -1 -> 0
2023-06-07 15:28:08,414 [om1@group-C5BA1605619E-StateMachineUpdater] INFO  ratis.OzoneManagerStateMachine (OzoneManagerStateMachine.java:close(533)) - StateMachine has shutdown. Shutdown OzoneManager if not already shutdown.
2023-06-07 15:28:08,415 [om1@group-C5BA1605619E-StateMachineUpdater] INFO  ratis.OzoneManagerDoubleBuffer (OzoneManagerDoubleBuffer.java:stopDaemon(559)) - Stopping OMDoubleBuffer flush thread
2023-06-07 15:28:08,415 [OMDoubleBufferFlushThread] INFO  ratis.OzoneManagerDoubleBuffer (OzoneManagerDoubleBuffer.java:canFlush(648)) - OMDoubleBuffer flush thread OMDoubleBufferFlushThread is interrupted and will exit.
2023-06-07 15:28:08,415 [om1-impl-thread1] INFO  server.RaftServer$Division (ServerState.java:close(472)) - om1@group-C5BA1605619E: closes. applyIndex: 0
2023-06-07 15:28:08,421 [322fc96c-7204-4bc1-a1ed-dbce850dfa5b@group-9F058D3C7D34-FollowerState] INFO  impl.FollowerState (FollowerState.java:run(143)) - 322fc96c-7204-4bc1-a1ed-dbce850dfa5b@group-9F058D3C7D34-FollowerState: change to CANDIDATE, lastRpcElapsedTime:5165493089ns, electionTimeout:5165ms
2023-06-07 15:28:08,421 [322fc96c-7204-4bc1-a1ed-dbce850dfa5b@group-9F058D3C7D34-FollowerState] INFO  impl.RoleInfo (RoleInfo.java:shutdownFollowerState(110)) - 322fc96c-7204-4bc1-a1ed-dbce850dfa5b: shutdown 322fc96c-7204-4bc1-a1ed-dbce850dfa5b@group-9F058D3C7D34-FollowerState
2023-06-07 15:28:08,421 [322fc96c-7204-4bc1-a1ed-dbce850dfa5b@group-9F058D3C7D34-FollowerState] INFO  server.RaftServer$Division (RaftServerImpl.java:setRole(329)) - 322fc96c-7204-4bc1-a1ed-dbce850dfa5b@group-9F058D3C7D34: changes role from  FOLLOWER to CANDIDATE at term 0 for changeToCandidate
2023-06-07 15:28:08,421 [322fc96c-7204-4bc1-a1ed-dbce850dfa5b@group-9F058D3C7D34-FollowerState] INFO  server.RaftServerConfigKeys (ConfUtils.java:logGet(46)) - raft.server.leaderelection.pre-vote = true (default)
2023-06-07 15:28:08,421 [322fc96c-7204-4bc1-a1ed-dbce850dfa5b@group-9F058D3C7D34-FollowerState] INFO  impl.RoleInfo (RoleInfo.java:updateAndGet(139)) - 322fc96c-7204-4bc1-a1ed-dbce850dfa5b: start 322fc96c-7204-4bc1-a1ed-dbce850dfa5b@group-9F058D3C7D34-LeaderElection39
2023-06-07 15:28:08,426 [322fc96c-7204-4bc1-a1ed-dbce850dfa5b@group-9F058D3C7D34-LeaderElection39] INFO  impl.LeaderElection (LeaderElection.java:askForVotes(321)) - 322fc96c-7204-4bc1-a1ed-dbce850dfa5b@group-9F058D3C7D34-LeaderElection39 PRE_VOTE round 0: submit vote requests at term 0 for -1: peers:[322fc96c-7204-4bc1-a1ed-dbce850dfa5b|rpc:10.1.0.36:15137|admin:10.1.0.36:15136|client:10.1.0.36:15135|dataStream:10.1.0.36:15138|priority:1|startupRole:FOLLOWER]|listeners:[], old=null
2023-06-07 15:28:08,426 [322fc96c-7204-4bc1-a1ed-dbce850dfa5b@group-9F058D3C7D34-LeaderElection39] INFO  impl.LeaderElection (LeaderElection.java:askForVotes(323)) - 322fc96c-7204-4bc1-a1ed-dbce850dfa5b@group-9F058D3C7D34-LeaderElection39 PRE_VOTE round 0: result PASSED (term=0)
2023-06-07 15:28:08,427 [322fc96c-7204-4bc1-a1ed-dbce850dfa5b@group-9F058D3C7D34-LeaderElection39] INFO  impl.LeaderElection (LeaderElection.java:askForVotes(321)) - 322fc96c-7204-4bc1-a1ed-dbce850dfa5b@group-9F058D3C7D34-LeaderElection39 ELECTION round 0: submit vote requests at term 1 for -1: peers:[322fc96c-7204-4bc1-a1ed-dbce850dfa5b|rpc:10.1.0.36:15137|admin:10.1.0.36:15136|client:10.1.0.36:15135|dataStream:10.1.0.36:15138|priority:1|startupRole:FOLLOWER]|listeners:[], old=null
2023-06-07 15:28:08,427 [322fc96c-7204-4bc1-a1ed-dbce850dfa5b@group-9F058D3C7D34-LeaderElection39] INFO  impl.LeaderElection (LeaderElection.java:askForVotes(323)) - 322fc96c-7204-4bc1-a1ed-dbce850dfa5b@group-9F058D3C7D34-LeaderElection39 ELECTION round 0: result PASSED (term=1)
2023-06-07 15:28:08,427 [322fc96c-7204-4bc1-a1ed-dbce850dfa5b@group-9F058D3C7D34-LeaderElection39] INFO  impl.RoleInfo (RoleInfo.java:shutdownLeaderElection(130)) - 322fc96c-7204-4bc1-a1ed-dbce850dfa5b: shutdown 322fc96c-7204-4bc1-a1ed-dbce850dfa5b@group-9F058D3C7D34-LeaderElection39
2023-06-07 15:28:08,427 [322fc96c-7204-4bc1-a1ed-dbce850dfa5b@group-9F058D3C7D34-LeaderElection39] INFO  server.RaftServer$Division (RaftServerImpl.java:setRole(329)) - 322fc96c-7204-4bc1-a1ed-dbce850dfa5b@group-9F058D3C7D34: changes role from CANDIDATE to LEADER at term 1 for changeToLeader
2023-06-07 15:28:08,427 [322fc96c-7204-4bc1-a1ed-dbce850dfa5b@group-9F058D3C7D34-LeaderElection39] INFO  ratis.XceiverServerRatis (XceiverServerRatis.java:handleLeaderChangedNotification(902)) - Leader change notification received for group: group-9F058D3C7D34 with new leaderId: 322fc96c-7204-4bc1-a1ed-dbce850dfa5b
2023-06-07 15:28:08,428 [322fc96c-7204-4bc1-a1ed-dbce850dfa5b@group-9F058D3C7D34-LeaderElection39] INFO  server.RaftServer$Division (ServerState.java:setLeader(317)) - 322fc96c-7204-4bc1-a1ed-dbce850dfa5b@group-9F058D3C7D34: change Leader from null to 322fc96c-7204-4bc1-a1ed-dbce850dfa5b at term 1 for becomeLeader, leader elected after 5187ms
2023-06-07 15:28:08,429 [322fc96c-7204-4bc1-a1ed-dbce850dfa5b@group-9F058D3C7D34-LeaderElection39] INFO  server.RaftServerConfigKeys (ConfUtils.java:logGet(46)) - raft.server.staging.catchup.gap = 1000 (default)
2023-06-07 15:28:08,430 [322fc96c-7204-4bc1-a1ed-dbce850dfa5b@group-9F058D3C7D34-LeaderElection39] INFO  server.RaftServerConfigKeys (ConfUtils.java:logGet(46)) - raft.server.write.element-limit = 1024 (custom)
2023-06-07 15:28:08,430 [322fc96c-7204-4bc1-a1ed-dbce850dfa5b@group-9F058D3C7D34-LeaderElection39] INFO  server.RaftServerConfigKeys (ConfUtils.java:logGet(46)) - raft.server.write.byte-limit = 1024 M (=1073741824) (custom)
2023-06-07 15:28:08,431 [322fc96c-7204-4bc1-a1ed-dbce850dfa5b@group-9F058D3C7D34-LeaderElection39] INFO  server.RaftServerConfigKeys (ConfUtils.java:logGet(46)) - raft.server.watch.timeout = 180s (custom)
2023-06-07 15:28:08,431 [322fc96c-7204-4bc1-a1ed-dbce850dfa5b@group-9F058D3C7D34-LeaderElection39] INFO  server.RaftServerConfigKeys (ConfUtils.java:logGet(46)) - raft.server.watch.timeout.denomination = 1s (default)
2023-06-07 15:28:08,431 [322fc96c-7204-4bc1-a1ed-dbce850dfa5b@group-9F058D3C7D34-LeaderElection39] INFO  server.RaftServerConfigKeys (ConfUtils.java:logGet(46)) - raft.server.watch.element-limit = 65536 (default)
2023-06-07 15:28:08,431 [322fc96c-7204-4bc1-a1ed-dbce850dfa5b@group-9F058D3C7D34-LeaderElection39] INFO  server.RaftServerConfigKeys (ConfUtils.java:logGet(46)) - raft.server.write.element-limit = 1024 (custom)
2023-06-07 15:28:08,431 [322fc96c-7204-4bc1-a1ed-dbce850dfa5b@group-9F058D3C7D34-LeaderElection39] INFO  server.RaftServerConfigKeys (ConfUtils.java:logGet(46)) - raft.server.write.follower.gap.ratio.max = -1.0 (default)
2023-06-07 15:28:08,431 [322fc96c-7204-4bc1-a1ed-dbce850dfa5b@group-9F058D3C7D34-LeaderElection39] INFO  impl.RoleInfo (RoleInfo.java:updateAndGet(139)) - 322fc96c-7204-4bc1-a1ed-dbce850dfa5b: start 322fc96c-7204-4bc1-a1ed-dbce850dfa5b@group-9F058D3C7D34-LeaderStateImpl
2023-06-07 15:28:08,431 [322fc96c-7204-4bc1-a1ed-dbce850dfa5b@group-9F058D3C7D34-LeaderElection39] INFO  segmented.SegmentedRaftLogWorker (SegmentedRaftLogWorker.java:startLogSegment(447)) - 322fc96c-7204-4bc1-a1ed-dbce850dfa5b@group-9F058D3C7D34-SegmentedRaftLogWorker: Starting segment from index:0
2023-06-07 15:28:08,432 [322fc96c-7204-4bc1-a1ed-dbce850dfa5b@group-9F058D3C7D34-LeaderElection39] INFO  server.RaftServer$Division (ServerState.java:setRaftConf(434)) - 322fc96c-7204-4bc1-a1ed-dbce850dfa5b@group-9F058D3C7D34: set configuration 0: peers:[322fc96c-7204-4bc1-a1ed-dbce850dfa5b|rpc:10.1.0.36:15137|admin:10.1.0.36:15136|client:10.1.0.36:15135|dataStream:10.1.0.36:15138|priority:1|startupRole:FOLLOWER]|listeners:[], old=null
2023-06-07 15:28:08,432 [322fc96c-7204-4bc1-a1ed-dbce850dfa5b@group-9F058D3C7D34-SegmentedRaftLogWorker] INFO  segmented.SegmentedRaftLogWorker (SegmentedRaftLogWorker.java:execute(651)) - 322fc96c-7204-4bc1-a1ed-dbce850dfa5b@group-9F058D3C7D34-SegmentedRaftLogWorker: created new log segment /home/runner/work/ozone/ozone/hadoop-ozone/integration-test/target/test-dir/MiniOzoneClusterImpl-89e7e48d-6483-412e-ae3f-f8ea32a379a2/datanode-2/data/ratis/896881e2-ac0f-4110-bbe2-9f058d3c7d34/current/log_inprogress_0
2023-06-07 15:28:09,386 [om1-impl-thread1] INFO  segmented.SegmentedRaftLogWorker (SegmentedRaftLogWorker.java:close(252)) - om1@group-C5BA1605619E-SegmentedRaftLogWorker close()
2023-06-07 15:28:09,387 [JvmPauseMonitor20] INFO  util.JvmPauseMonitor (JvmPauseMonitor.java:run(109)) - JvmPauseMonitor-om1: Stopped
2023-06-07 15:28:09,387 [main] INFO  ratis.OzoneManagerStateMachine (OzoneManagerStateMachine.java:close(533)) - StateMachine has shutdown. Shutdown OzoneManager if not already shutdown.
2023-06-07 15:28:09,387 [main] INFO  ratis.OzoneManagerDoubleBuffer (OzoneManagerDoubleBuffer.java:stopDaemon(568)) - OMDoubleBuffer flush thread is not running.
2023-06-07 15:28:09,388 [main] INFO  utils.BackgroundService (BackgroundService.java:shutdown(141)) - Shutting down service KeyDeletingService
2023-06-07 15:28:09,388 [main] INFO  utils.BackgroundService (BackgroundService.java:shutdown(141)) - Shutting down service KeyDeletingService
2023-06-07 15:28:09,389 [main] INFO  utils.BackgroundService (BackgroundService.java:shutdown(141)) - Shutting down service OpenKeyCleanupService
2023-06-07 15:28:09,389 [main] INFO  utils.BackgroundService (BackgroundService.java:shutdown(141)) - Shutting down service SstFilteringService
2023-06-07 15:28:09,389 [main] INFO  utils.BackgroundService (BackgroundService.java:shutdown(141)) - Shutting down service SnapshotDeletingService
2023-06-07 15:28:09,390 [main] INFO  handler.ContextHandler (ContextHandler.java:doStop(1159)) - Stopped o.e.j.w.WebAppContext@76ce38f5{ozoneManager,/,null,STOPPED}{file:/home/runner/work/ozone/ozone/hadoop-ozone/integration-test/target/test-classes/webapps/ozoneManager}
2023-06-07 15:28:09,390 [main] INFO  server.AbstractConnector (AbstractConnector.java:doStop(383)) - Stopped ServerConnector@6cd64398{HTTP/1.1, (http/1.1)}{0.0.0.0:15110}
2023-06-07 15:28:09,390 [main] INFO  server.session (HouseKeeper.java:stopScavenging(149)) - node0 Stopped scavenging
2023-06-07 15:28:09,391 [main] INFO  handler.ContextHandler (ContextHandler.java:doStop(1159)) - Stopped o.e.j.s.ServletContextHandler@42411fed{static,/static,file:///home/runner/work/ozone/ozone/hadoop-ozone/integration-test/target/test-classes/webapps/static,STOPPED}
2023-06-07 15:28:09,391 [main] INFO  handler.ContextHandler (ContextHandler.java:doStop(1159)) - Stopped o.e.j.s.ServletContextHandler@718b10c2{logs,/logs,file:///home/runner/work/ozone/ozone/hadoop-ozone/integration-test/target/log,STOPPED}
2023-06-07 15:28:09,393 [main] INFO  snapshot.SnapshotDiffManager (SnapshotDiffManager.java:closeExecutorService(1278)) - Shutting down executorService: 'SnapDiffExecutor'
2023-06-07 15:28:09,393 [main] INFO  utils.BackgroundService (BackgroundService.java:shutdown(141)) - Shutting down service SnapshotDiffCleanupService
2023-06-07 15:28:09,394 [main] INFO  ozone.MiniOzoneClusterImpl (MiniOzoneClusterImpl.java:stopDatanodes(522)) - Stopping the HddsDatanodes
2023-06-07 15:28:09,395 [main] INFO  ozoneimpl.OzoneContainer (OzoneContainer.java:stop(420)) - Attempting to stop container services.
2023-06-07 15:28:09,396 [main] INFO  server.RaftServer (RaftServerProxy.java:lambda$close$6(416)) - 1cc6f5e0-ab25-4f5f-b984-b04de2404f0f: close
2023-06-07 15:28:09,396 [1cc6f5e0-ab25-4f5f-b984-b04de2404f0f-impl-thread1] INFO  server.RaftServer$Division (RaftServerImpl.java:lambda$close$4(466)) - 1cc6f5e0-ab25-4f5f-b984-b04de2404f0f@group-42422EC611E1: shutdown
2023-06-07 15:28:09,396 [1cc6f5e0-ab25-4f5f-b984-b04de2404f0f-impl-thread1] INFO  util.JmxRegister (JmxRegister.java:unregister(73)) - Successfully un-registered JMX Bean with object name Ratis:service=RaftServer,group=group-42422EC611E1,id=1cc6f5e0-ab25-4f5f-b984-b04de2404f0f
2023-06-07 15:28:09,396 [1cc6f5e0-ab25-4f5f-b984-b04de2404f0f-impl-thread1] INFO  impl.RoleInfo (RoleInfo.java:shutdownLeaderState(93)) - 1cc6f5e0-ab25-4f5f-b984-b04de2404f0f: shutdown 1cc6f5e0-ab25-4f5f-b984-b04de2404f0f@group-42422EC611E1-LeaderStateImpl
2023-06-07 15:28:09,396 [1cc6f5e0-ab25-4f5f-b984-b04de2404f0f-impl-thread1] INFO  impl.PendingRequests (PendingRequests.java:sendNotLeaderResponses(289)) - 1cc6f5e0-ab25-4f5f-b984-b04de2404f0f@group-42422EC611E1-PendingRequests: sendNotLeaderResponses
2023-06-07 15:28:09,396 [1cc6f5e0-ab25-4f5f-b984-b04de2404f0f-impl-thread2] INFO  server.RaftServer$Division (RaftServerImpl.java:lambda$close$4(466)) - 1cc6f5e0-ab25-4f5f-b984-b04de2404f0f@group-ACD29BDB9EB6: shutdown
2023-06-07 15:28:09,397 [1cc6f5e0-ab25-4f5f-b984-b04de2404f0f-impl-thread2] INFO  util.JmxRegister (JmxRegister.java:unregister(73)) - Successfully un-registered JMX Bean with object name Ratis:service=RaftServer,group=group-ACD29BDB9EB6,id=1cc6f5e0-ab25-4f5f-b984-b04de2404f0f
2023-06-07 15:28:09,397 [1cc6f5e0-ab25-4f5f-b984-b04de2404f0f-impl-thread2] INFO  impl.RoleInfo (RoleInfo.java:shutdownFollowerState(110)) - 1cc6f5e0-ab25-4f5f-b984-b04de2404f0f: shutdown 1cc6f5e0-ab25-4f5f-b984-b04de2404f0f@group-ACD29BDB9EB6-FollowerState
2023-06-07 15:28:09,397 [1cc6f5e0-ab25-4f5f-b984-b04de2404f0f@group-42422EC611E1-StateMachineUpdater] INFO  ratis.ContainerStateMachine (ContainerStateMachine.java:takeSnapshot(330)) - group-42422EC611E1: Taking a snapshot at:(t:1, i:0) file /home/runner/work/ozone/ozone/hadoop-ozone/integration-test/target/test-dir/MiniOzoneClusterImpl-89e7e48d-6483-412e-ae3f-f8ea32a379a2/datanode-1/data/ratis/a0bc9633-f7dc-47fd-8831-42422ec611e1/sm/snapshot.1_0
2023-06-07 15:28:09,397 [1cc6f5e0-ab25-4f5f-b984-b04de2404f0f-impl-thread1] INFO  impl.StateMachineUpdater (StateMachineUpdater.java:stopAndJoin(155)) - 1cc6f5e0-ab25-4f5f-b984-b04de2404f0f@group-42422EC611E1-StateMachineUpdater: set stopIndex = 0
2023-06-07 15:28:09,397 [main] INFO  server.GrpcService (GrpcService.java:closeImpl(311)) - 1cc6f5e0-ab25-4f5f-b984-b04de2404f0f: shutdown server org.apache.ratis.grpc.server.GrpcClientProtocolService now
2023-06-07 15:28:09,398 [1cc6f5e0-ab25-4f5f-b984-b04de2404f0f@group-42422EC611E1-StateMachineUpdater] INFO  ratis.ContainerStateMachine (ContainerStateMachine.java:takeSnapshot(341)) - group-42422EC611E1: Finished taking a snapshot at:(t:1, i:0) file:/home/runner/work/ozone/ozone/hadoop-ozone/integration-test/target/test-dir/MiniOzoneClusterImpl-89e7e48d-6483-412e-ae3f-f8ea32a379a2/datanode-1/data/ratis/a0bc9633-f7dc-47fd-8831-42422ec611e1/sm/snapshot.1_0 took: 1 ms
2023-06-07 15:28:09,398 [1cc6f5e0-ab25-4f5f-b984-b04de2404f0f@group-42422EC611E1-StateMachineUpdater] INFO  impl.StateMachineUpdater (StateMachineUpdater.java:takeSnapshot(291)) - 1cc6f5e0-ab25-4f5f-b984-b04de2404f0f@group-42422EC611E1-StateMachineUpdater: Took a snapshot at index 0
2023-06-07 15:28:09,398 [1cc6f5e0-ab25-4f5f-b984-b04de2404f0f@group-42422EC611E1-StateMachineUpdater] INFO  impl.StateMachineUpdater (StateMachineUpdater.java:lambda$new$0(97)) - 1cc6f5e0-ab25-4f5f-b984-b04de2404f0f@group-42422EC611E1-StateMachineUpdater: snapshotIndex: updateIncreasingly -1 -> 0
2023-06-07 15:28:09,398 [ForkJoinPool.commonPool-worker-2] INFO  ozoneimpl.OzoneContainer (OzoneContainer.java:stop(420)) - Attempting to stop container services.
2023-06-07 15:28:09,398 [1cc6f5e0-ab25-4f5f-b984-b04de2404f0f-impl-thread1] INFO  server.RaftServer$Division (ServerState.java:close(472)) - 1cc6f5e0-ab25-4f5f-b984-b04de2404f0f@group-42422EC611E1: closes. applyIndex: 0
2023-06-07 15:28:09,399 [1cc6f5e0-ab25-4f5f-b984-b04de2404f0f-impl-thread3] INFO  server.RaftServer$Division (RaftServerImpl.java:lambda$close$4(466)) - 1cc6f5e0-ab25-4f5f-b984-b04de2404f0f@group-E3ACC563F7F7: shutdown
2023-06-07 15:28:09,399 [1cc6f5e0-ab25-4f5f-b984-b04de2404f0f-impl-thread3] INFO  util.JmxRegister (JmxRegister.java:unregister(73)) - Successfully un-registered JMX Bean with object name Ratis:service=RaftServer,group=group-E3ACC563F7F7,id=1cc6f5e0-ab25-4f5f-b984-b04de2404f0f
2023-06-07 15:28:09,399 [1cc6f5e0-ab25-4f5f-b984-b04de2404f0f-impl-thread3] INFO  impl.RoleInfo (RoleInfo.java:shutdownFollowerState(110)) - 1cc6f5e0-ab25-4f5f-b984-b04de2404f0f: shutdown 1cc6f5e0-ab25-4f5f-b984-b04de2404f0f@group-E3ACC563F7F7-FollowerState
2023-06-07 15:28:09,400 [1cc6f5e0-ab25-4f5f-b984-b04de2404f0f@group-ACD29BDB9EB6-FollowerState] INFO  impl.FollowerState (FollowerState.java:run(152)) - 1cc6f5e0-ab25-4f5f-b984-b04de2404f0f@group-ACD29BDB9EB6-FollowerState was interrupted
2023-06-07 15:28:09,401 [1cc6f5e0-ab25-4f5f-b984-b04de2404f0f-impl-thread3] INFO  impl.StateMachineUpdater (StateMachineUpdater.java:stopAndJoin(155)) - 1cc6f5e0-ab25-4f5f-b984-b04de2404f0f@group-E3ACC563F7F7-StateMachineUpdater: set stopIndex = -1
2023-06-07 15:28:09,401 [1cc6f5e0-ab25-4f5f-b984-b04de2404f0f@group-E3ACC563F7F7-FollowerState] INFO  impl.FollowerState (FollowerState.java:run(152)) - 1cc6f5e0-ab25-4f5f-b984-b04de2404f0f@group-E3ACC563F7F7-FollowerState was interrupted
2023-06-07 15:28:09,401 [1cc6f5e0-ab25-4f5f-b984-b04de2404f0f-impl-thread3] INFO  server.RaftServer$Division (ServerState.java:close(472)) - 1cc6f5e0-ab25-4f5f-b984-b04de2404f0f@group-E3ACC563F7F7: closes. applyIndex: -1
2023-06-07 15:28:09,402 [ForkJoinPool.commonPool-worker-2] INFO  server.RaftServer (RaftServerProxy.java:lambda$close$6(416)) - 4264edc7-84ea-4bda-b0aa-fe8bd4872b75: close
2023-06-07 15:28:09,402 [4264edc7-84ea-4bda-b0aa-fe8bd4872b75-impl-thread1] INFO  server.RaftServer$Division (RaftServerImpl.java:lambda$close$4(466)) - 4264edc7-84ea-4bda-b0aa-fe8bd4872b75@group-5E17159304FD: shutdown
2023-06-07 15:28:09,402 [4264edc7-84ea-4bda-b0aa-fe8bd4872b75-impl-thread1] INFO  util.JmxRegister (JmxRegister.java:unregister(73)) - Successfully un-registered JMX Bean with object name Ratis:service=RaftServer,group=group-5E17159304FD,id=4264edc7-84ea-4bda-b0aa-fe8bd4872b75
2023-06-07 15:28:09,402 [4264edc7-84ea-4bda-b0aa-fe8bd4872b75-impl-thread1] INFO  impl.RoleInfo (RoleInfo.java:shutdownLeaderState(93)) - 4264edc7-84ea-4bda-b0aa-fe8bd4872b75: shutdown 4264edc7-84ea-4bda-b0aa-fe8bd4872b75@group-5E17159304FD-LeaderStateImpl
2023-06-07 15:28:09,402 [4264edc7-84ea-4bda-b0aa-fe8bd4872b75-impl-thread1] INFO  impl.PendingRequests (PendingRequests.java:sendNotLeaderResponses(289)) - 4264edc7-84ea-4bda-b0aa-fe8bd4872b75@group-5E17159304FD-PendingRequests: sendNotLeaderResponses
2023-06-07 15:28:09,402 [4264edc7-84ea-4bda-b0aa-fe8bd4872b75-impl-thread1] INFO  impl.StateMachineUpdater (StateMachineUpdater.java:stopAndJoin(155)) - 4264edc7-84ea-4bda-b0aa-fe8bd4872b75@group-5E17159304FD-StateMachineUpdater: set stopIndex = 0
2023-06-07 15:28:09,402 [4264edc7-84ea-4bda-b0aa-fe8bd4872b75@group-5E17159304FD-StateMachineUpdater] INFO  ratis.ContainerStateMachine (ContainerStateMachine.java:takeSnapshot(330)) - group-5E17159304FD: Taking a snapshot at:(t:1, i:0) file /home/runner/work/ozone/ozone/hadoop-ozone/integration-test/target/test-dir/MiniOzoneClusterImpl-89e7e48d-6483-412e-ae3f-f8ea32a379a2/datanode-0/data/ratis/fa5ddb77-e576-49c5-927a-5e17159304fd/sm/snapshot.1_0
2023-06-07 15:28:09,403 [4264edc7-84ea-4bda-b0aa-fe8bd4872b75-impl-thread2] INFO  server.RaftServer$Division (RaftServerImpl.java:lambda$close$4(466)) - 4264edc7-84ea-4bda-b0aa-fe8bd4872b75@group-ACD29BDB9EB6: shutdown
2023-06-07 15:28:09,403 [4264edc7-84ea-4bda-b0aa-fe8bd4872b75-impl-thread2] INFO  util.JmxRegister (JmxRegister.java:unregister(73)) - Successfully un-registered JMX Bean with object name Ratis:service=RaftServer,group=group-ACD29BDB9EB6,id=4264edc7-84ea-4bda-b0aa-fe8bd4872b75
2023-06-07 15:28:09,403 [4264edc7-84ea-4bda-b0aa-fe8bd4872b75-impl-thread2] INFO  impl.RoleInfo (RoleInfo.java:shutdownFollowerState(110)) - 4264edc7-84ea-4bda-b0aa-fe8bd4872b75: shutdown 4264edc7-84ea-4bda-b0aa-fe8bd4872b75@group-ACD29BDB9EB6-FollowerState
2023-06-07 15:28:09,403 [4264edc7-84ea-4bda-b0aa-fe8bd4872b75@group-5E17159304FD-StateMachineUpdater] INFO  ratis.ContainerStateMachine (ContainerStateMachine.java:takeSnapshot(341)) - group-5E17159304FD: Finished taking a snapshot at:(t:1, i:0) file:/home/runner/work/ozone/ozone/hadoop-ozone/integration-test/target/test-dir/MiniOzoneClusterImpl-89e7e48d-6483-412e-ae3f-f8ea32a379a2/datanode-0/data/ratis/fa5ddb77-e576-49c5-927a-5e17159304fd/sm/snapshot.1_0 took: 0 ms
2023-06-07 15:28:09,403 [ForkJoinPool.commonPool-worker-2] INFO  server.GrpcService (GrpcService.java:closeImpl(311)) - 4264edc7-84ea-4bda-b0aa-fe8bd4872b75: shutdown server org.apache.ratis.grpc.server.GrpcClientProtocolService now
2023-06-07 15:28:09,403 [4264edc7-84ea-4bda-b0aa-fe8bd4872b75@group-5E17159304FD-StateMachineUpdater] INFO  impl.StateMachineUpdater (StateMachineUpdater.java:takeSnapshot(291)) - 4264edc7-84ea-4bda-b0aa-fe8bd4872b75@group-5E17159304FD-StateMachineUpdater: Took a snapshot at index 0
2023-06-07 15:28:09,403 [4264edc7-84ea-4bda-b0aa-fe8bd4872b75@group-5E17159304FD-StateMachineUpdater] INFO  impl.StateMachineUpdater (StateMachineUpdater.java:lambda$new$0(97)) - 4264edc7-84ea-4bda-b0aa-fe8bd4872b75@group-5E17159304FD-StateMachineUpdater: snapshotIndex: updateIncreasingly -1 -> 0
2023-06-07 15:28:09,403 [4264edc7-84ea-4bda-b0aa-fe8bd4872b75-impl-thread1] INFO  server.RaftServer$Division (ServerState.java:close(472)) - 4264edc7-84ea-4bda-b0aa-fe8bd4872b75@group-5E17159304FD: closes. applyIndex: 0
2023-06-07 15:28:09,406 [1cc6f5e0-ab25-4f5f-b984-b04de2404f0f-impl-thread2] INFO  impl.StateMachineUpdater (StateMachineUpdater.java:stopAndJoin(155)) - 1cc6f5e0-ab25-4f5f-b984-b04de2404f0f@group-ACD29BDB9EB6-StateMachineUpdater: set stopIndex = -1
2023-06-07 15:28:09,406 [1cc6f5e0-ab25-4f5f-b984-b04de2404f0f-impl-thread2] INFO  server.RaftServer$Division (ServerState.java:close(472)) - 1cc6f5e0-ab25-4f5f-b984-b04de2404f0f@group-ACD29BDB9EB6: closes. applyIndex: -1
2023-06-07 15:28:09,406 [Thread-1812] INFO  server.GrpcServerProtocolClient (GrpcServerProtocolClient.java:close(103)) - 1cc6f5e0-ab25-4f5f-b984-b04de2404f0f Close channels
2023-06-07 15:28:09,406 [main] INFO  server.GrpcService (GrpcService.java:closeImpl(320)) - 1cc6f5e0-ab25-4f5f-b984-b04de2404f0f: shutdown server org.apache.ratis.grpc.server.GrpcClientProtocolService successfully
2023-06-07 15:28:09,406 [main] INFO  server.GrpcService (GrpcService.java:closeImpl(311)) - 1cc6f5e0-ab25-4f5f-b984-b04de2404f0f: shutdown server GrpcServerProtocolService now
2023-06-07 15:28:09,406 [Thread-1813] INFO  server.GrpcServerProtocolClient (GrpcServerProtocolClient.java:close(103)) - 322fc96c-7204-4bc1-a1ed-dbce850dfa5b Close channels
2023-06-07 15:28:09,409 [grpc-default-executor-0] WARN  server.GrpcServerProtocolService (LogUtils.java:warn(122)) - 1cc6f5e0-ab25-4f5f-b984-b04de2404f0f: APPEND_ENTRIES onError, lastRequest: null: org.apache.ratis.thirdparty.io.grpc.StatusRuntimeException: CANCELLED: client cancelled
2023-06-07 15:28:09,409 [grpc-default-executor-1] WARN  server.GrpcServerProtocolService (LogUtils.java:warn(122)) - 1cc6f5e0-ab25-4f5f-b984-b04de2404f0f: APPEND_ENTRIES onError, lastRequest: null: org.apache.ratis.thirdparty.io.grpc.StatusRuntimeException: CANCELLED: client cancelled
2023-06-07 15:28:09,409 [grpc-default-executor-9] WARN  server.GrpcLogAppender (LogUtils.java:warn(122)) - 322fc96c-7204-4bc1-a1ed-dbce850dfa5b@group-ACD29BDB9EB6->1cc6f5e0-ab25-4f5f-b984-b04de2404f0f-AppendLogResponseHandler: Failed appendEntries: org.apache.ratis.thirdparty.io.grpc.StatusRuntimeException: CANCELLED: RST_STREAM closed stream. HTTP/2 error code: CANCEL
2023-06-07 15:28:09,410 [grpc-default-executor-9] WARN  server.GrpcLogAppender (GrpcLogAppender.java:resetClient(128)) - 322fc96c-7204-4bc1-a1ed-dbce850dfa5b@group-ACD29BDB9EB6->1cc6f5e0-ab25-4f5f-b984-b04de2404f0f-GrpcLogAppender: Follower failed when matchIndex == 0,  keep nextIndex (1) unchanged and retry.
2023-06-07 15:28:09,410 [grpc-default-executor-4] WARN  server.GrpcServerProtocolService (LogUtils.java:warn(122)) - 1cc6f5e0-ab25-4f5f-b984-b04de2404f0f: APPEND_ENTRIES onError, lastRequest: 4264edc7-84ea-4bda-b0aa-fe8bd4872b75->1cc6f5e0-ab25-4f5f-b984-b04de2404f0f#1-t1,previous=(t:0, i:0),leaderCommit=-1,initializing? true,entries: size=1, first=(t:1, i:0), CONFIGURATIONENTRY(current:id: "1cc6f5e0-ab25-4f5f-b984-b04de2404f0f"
address: "10.1.0.36:15128"
dataStreamAddress: "10.1.0.36:15129"
clientAddress: "10.1.0.36:15126"
adminAddress: "10.1.0.36:15127"
startupRole: FOLLOWER
,id: "322fc96c-7204-4bc1-a1ed-dbce850dfa5b"
address: "10.1.0.36:15137"
dataStreamAddress: "10.1.0.36:15138"
clientAddress: "10.1.0.36:15135"
adminAddress: "10.1.0.36:15136"
startupRole: FOLLOWER
,id: "4264edc7-84ea-4bda-b0aa-fe8bd4872b75"
address: "10.1.0.36:15119"
priority: 1
dataStreamAddress: "10.1.0.36:15120"
clientAddress: "10.1.0.36:15117"
adminAddress: "10.1.0.36:15118"
startupRole: FOLLOWER
, old:): org.apache.ratis.thirdparty.io.grpc.StatusRuntimeException: CANCELLED: client cancelled
2023-06-07 15:28:09,410 [grpc-default-executor-8] WARN  server.GrpcServerProtocolService (LogUtils.java:warn(122)) - 1cc6f5e0-ab25-4f5f-b984-b04de2404f0f: APPEND_ENTRIES onError, lastRequest: 322fc96c-7204-4bc1-a1ed-dbce850dfa5b->1cc6f5e0-ab25-4f5f-b984-b04de2404f0f#1-t1,previous=(t:0, i:0),leaderCommit=-1,initializing? true,entries: size=1, first=(t:1, i:0), CONFIGURATIONENTRY(current:id: "1cc6f5e0-ab25-4f5f-b984-b04de2404f0f"
address: "10.1.0.36:15128"
dataStreamAddress: "10.1.0.36:15129"
clientAddress: "10.1.0.36:15126"
adminAddress: "10.1.0.36:15127"
startupRole: FOLLOWER
,id: "322fc96c-7204-4bc1-a1ed-dbce850dfa5b"
address: "10.1.0.36:15137"
priority: 1
dataStreamAddress: "10.1.0.36:15138"
clientAddress: "10.1.0.36:15135"
adminAddress: "10.1.0.36:15136"
startupRole: FOLLOWER
,id: "4264edc7-84ea-4bda-b0aa-fe8bd4872b75"
address: "10.1.0.36:15119"
dataStreamAddress: "10.1.0.36:15120"
clientAddress: "10.1.0.36:15117"
adminAddress: "10.1.0.36:15118"
startupRole: FOLLOWER
, old:): org.apache.ratis.thirdparty.io.grpc.StatusRuntimeException: CANCELLED: client cancelled
2023-06-07 15:28:09,412 [4264edc7-84ea-4bda-b0aa-fe8bd4872b75-impl-thread2] INFO  impl.StateMachineUpdater (StateMachineUpdater.java:stopAndJoin(155)) - 4264edc7-84ea-4bda-b0aa-fe8bd4872b75@group-ACD29BDB9EB6-StateMachineUpdater: set stopIndex = -1
2023-06-07 15:28:09,412 [4264edc7-84ea-4bda-b0aa-fe8bd4872b75@group-ACD29BDB9EB6-FollowerState] INFO  impl.FollowerState (FollowerState.java:run(152)) - 4264edc7-84ea-4bda-b0aa-fe8bd4872b75@group-ACD29BDB9EB6-FollowerState was interrupted
2023-06-07 15:28:09,412 [4264edc7-84ea-4bda-b0aa-fe8bd4872b75-impl-thread2] INFO  server.RaftServer$Division (ServerState.java:close(472)) - 4264edc7-84ea-4bda-b0aa-fe8bd4872b75@group-ACD29BDB9EB6: closes. applyIndex: -1
2023-06-07 15:28:09,420 [grpc-default-executor-9] WARN  server.GrpcLogAppender (LogUtils.java:warn(122)) - 4264edc7-84ea-4bda-b0aa-fe8bd4872b75@group-E3ACC563F7F7->1cc6f5e0-ab25-4f5f-b984-b04de2404f0f-AppendLogResponseHandler: Failed appendEntries: org.apache.ratis.thirdparty.io.grpc.StatusRuntimeException: CANCELLED: RST_STREAM closed stream. HTTP/2 error code: CANCEL
2023-06-07 15:28:09,420 [grpc-default-executor-11] WARN  server.GrpcLogAppender (LogUtils.java:warn(122)) - 322fc96c-7204-4bc1-a1ed-dbce850dfa5b@group-ACD29BDB9EB6->1cc6f5e0-ab25-4f5f-b984-b04de2404f0f-AppendLogResponseHandler: Failed appendEntries: org.apache.ratis.thirdparty.io.grpc.StatusRuntimeException: CANCELLED: RST_STREAM closed stream. HTTP/2 error code: CANCEL
2023-06-07 15:28:09,420 [grpc-default-executor-9] WARN  server.GrpcLogAppender (GrpcLogAppender.java:resetClient(137)) - 4264edc7-84ea-4bda-b0aa-fe8bd4872b75@group-E3ACC563F7F7->1cc6f5e0-ab25-4f5f-b984-b04de2404f0f-GrpcLogAppender: Failed to getClient for 1cc6f5e0-ab25-4f5f-b984-b04de2404f0f
org.apache.ratis.protocol.exceptions.AlreadyClosedException: 4264edc7-84ea-4bda-b0aa-fe8bd4872b75 is already CLOSED
	at org.apache.ratis.util.PeerProxyMap$PeerAndProxy.getProxy(PeerProxyMap.java:61)
	at org.apache.ratis.util.PeerProxyMap.getProxy(PeerProxyMap.java:115)
	at org.apache.ratis.grpc.server.GrpcLogAppender.getClient(GrpcLogAppender.java:112)
	at org.apache.ratis.grpc.server.GrpcLogAppender.resetClient(GrpcLogAppender.java:117)
	at org.apache.ratis.grpc.server.GrpcLogAppender.access$500(GrpcLogAppender.java:56)
	at org.apache.ratis.grpc.server.GrpcLogAppender$AppendLogResponseHandler.onError(GrpcLogAppender.java:423)
	at org.apache.ratis.thirdparty.io.grpc.stub.ClientCalls$StreamObserverToCallListenerAdapter.onClose(ClientCalls.java:487)
	at org.apache.ratis.thirdparty.io.grpc.internal.DelayedClientCall$DelayedListener$3.run(DelayedClientCall.java:471)
	at org.apache.ratis.thirdparty.io.grpc.internal.DelayedClientCall$DelayedListener.delayOrExecute(DelayedClientCall.java:435)
	at org.apache.ratis.thirdparty.io.grpc.internal.DelayedClientCall$DelayedListener.onClose(DelayedClientCall.java:468)
	at org.apache.ratis.thirdparty.io.grpc.internal.ClientCallImpl.closeObserver(ClientCallImpl.java:563)
	at org.apache.ratis.thirdparty.io.grpc.internal.ClientCallImpl.access$300(ClientCallImpl.java:70)
	at org.apache.ratis.thirdparty.io.grpc.internal.ClientCallImpl$ClientStreamListenerImpl$1StreamClosed.runInternal(ClientCallImpl.java:744)
	at org.apache.ratis.thirdparty.io.grpc.internal.ClientCallImpl$ClientStreamListenerImpl$1StreamClosed.runInContext(ClientCallImpl.java:723)
	at org.apache.ratis.thirdparty.io.grpc.internal.ContextRunnable.run(ContextRunnable.java:37)
	at org.apache.ratis.thirdparty.io.grpc.internal.SerializingExecutor.run(SerializingExecutor.java:133)
	at java.util.concurrent.ThreadPoolExecutor.runWorker(ThreadPoolExecutor.java:1149)
	at java.util.concurrent.ThreadPoolExecutor$Worker.run(ThreadPoolExecutor.java:624)
	at java.lang.Thread.run(Thread.java:750)
2023-06-07 15:28:09,420 [grpc-default-executor-10] WARN  server.GrpcLogAppender (LogUtils.java:warn(122)) - 4264edc7-84ea-4bda-b0aa-fe8bd4872b75@group-E3ACC563F7F7->1cc6f5e0-ab25-4f5f-b984-b04de2404f0f-AppendLogResponseHandler: Failed appendEntries: org.apache.ratis.thirdparty.io.grpc.StatusRuntimeException: CANCELLED: RST_STREAM closed stream. HTTP/2 error code: CANCEL
2023-06-07 15:28:09,421 [grpc-default-executor-10] WARN  server.GrpcLogAppender (GrpcLogAppender.java:resetClient(137)) - 4264edc7-84ea-4bda-b0aa-fe8bd4872b75@group-E3ACC563F7F7->1cc6f5e0-ab25-4f5f-b984-b04de2404f0f-GrpcLogAppender: Failed to getClient for 1cc6f5e0-ab25-4f5f-b984-b04de2404f0f
org.apache.ratis.protocol.exceptions.AlreadyClosedException: 4264edc7-84ea-4bda-b0aa-fe8bd4872b75 is already CLOSED
	at org.apache.ratis.util.PeerProxyMap$PeerAndProxy.getProxy(PeerProxyMap.java:61)
	at org.apache.ratis.util.PeerProxyMap.getProxy(PeerProxyMap.java:115)
	at org.apache.ratis.grpc.server.GrpcLogAppender.getClient(GrpcLogAppender.java:112)
	at org.apache.ratis.grpc.server.GrpcLogAppender.resetClient(GrpcLogAppender.java:117)
	at org.apache.ratis.grpc.server.GrpcLogAppender.access$500(GrpcLogAppender.java:56)
	at org.apache.ratis.grpc.server.GrpcLogAppender$AppendLogResponseHandler.onError(GrpcLogAppender.java:423)
	at org.apache.ratis.thirdparty.io.grpc.stub.ClientCalls$StreamObserverToCallListenerAdapter.onClose(ClientCalls.java:487)
	at org.apache.ratis.thirdparty.io.grpc.internal.ClientCallImpl.closeObserver(ClientCallImpl.java:563)
	at org.apache.ratis.thirdparty.io.grpc.internal.ClientCallImpl.access$300(ClientCallImpl.java:70)
	at org.apache.ratis.thirdparty.io.grpc.internal.ClientCallImpl$ClientStreamListenerImpl$1StreamClosed.runInternal(ClientCallImpl.java:744)
	at org.apache.ratis.thirdparty.io.grpc.internal.ClientCallImpl$ClientStreamListenerImpl$1StreamClosed.runInContext(ClientCallImpl.java:723)
	at org.apache.ratis.thirdparty.io.grpc.internal.ContextRunnable.run(ContextRunnable.java:37)
	at org.apache.ratis.thirdparty.io.grpc.internal.SerializingExecutor.run(SerializingExecutor.java:133)
	at java.util.concurrent.ThreadPoolExecutor.runWorker(ThreadPoolExecutor.java:1149)
	at java.util.concurrent.ThreadPoolExecutor$Worker.run(ThreadPoolExecutor.java:624)
	at java.lang.Thread.run(Thread.java:750)
2023-06-07 15:28:09,420 [grpc-default-executor-11] WARN  server.GrpcLogAppender (GrpcLogAppender.java:resetClient(128)) - 322fc96c-7204-4bc1-a1ed-dbce850dfa5b@group-ACD29BDB9EB6->1cc6f5e0-ab25-4f5f-b984-b04de2404f0f-GrpcLogAppender: Follower failed when matchIndex == 0,  keep nextIndex (1) unchanged and retry.
2023-06-07 15:28:09,425 [main] INFO  server.GrpcService (GrpcService.java:closeImpl(320)) - 1cc6f5e0-ab25-4f5f-b984-b04de2404f0f: shutdown server GrpcServerProtocolService successfully
2023-06-07 15:28:09,426 [main] INFO  server.GrpcService (GrpcService.java:closeImpl(311)) - 1cc6f5e0-ab25-4f5f-b984-b04de2404f0f: shutdown server org.apache.ratis.grpc.server.GrpcAdminProtocolService now
2023-06-07 15:28:09,421 [4264edc7-84ea-4bda-b0aa-fe8bd4872b75-impl-thread3] INFO  server.RaftServer$Division (RaftServerImpl.java:lambda$close$4(466)) - 4264edc7-84ea-4bda-b0aa-fe8bd4872b75@group-E3ACC563F7F7: shutdown
2023-06-07 15:28:09,426 [4264edc7-84ea-4bda-b0aa-fe8bd4872b75-impl-thread3] INFO  util.JmxRegister (JmxRegister.java:unregister(73)) - Successfully un-registered JMX Bean with object name Ratis:service=RaftServer,group=group-E3ACC563F7F7,id=4264edc7-84ea-4bda-b0aa-fe8bd4872b75
2023-06-07 15:28:09,427 [4264edc7-84ea-4bda-b0aa-fe8bd4872b75-impl-thread3] INFO  impl.RoleInfo (RoleInfo.java:shutdownLeaderState(93)) - 4264edc7-84ea-4bda-b0aa-fe8bd4872b75: shutdown 4264edc7-84ea-4bda-b0aa-fe8bd4872b75@group-E3ACC563F7F7-LeaderStateImpl
2023-06-07 15:28:09,433 [ForkJoinPool.commonPool-worker-3] INFO  ozoneimpl.OzoneContainer (OzoneContainer.java:stop(420)) - Attempting to stop container services.
2023-06-07 15:28:09,441 [4264edc7-84ea-4bda-b0aa-fe8bd4872b75-impl-thread3] INFO  impl.PendingRequests (PendingRequests.java:sendNotLeaderResponses(289)) - 4264edc7-84ea-4bda-b0aa-fe8bd4872b75@group-E3ACC563F7F7-PendingRequests: sendNotLeaderResponses
2023-06-07 15:28:09,442 [4264edc7-84ea-4bda-b0aa-fe8bd4872b75-impl-thread3] INFO  impl.StateMachineUpdater (StateMachineUpdater.java:stopAndJoin(155)) - 4264edc7-84ea-4bda-b0aa-fe8bd4872b75@group-E3ACC563F7F7-StateMachineUpdater: set stopIndex = 0
2023-06-07 15:28:09,442 [4264edc7-84ea-4bda-b0aa-fe8bd4872b75@group-E3ACC563F7F7->1cc6f5e0-ab25-4f5f-b984-b04de2404f0f-GrpcLogAppender-LogAppenderDaemon] WARN  server.GrpcLogAppender (GrpcLogAppender.java:mayWait(199)) - 4264edc7-84ea-4bda-b0aa-fe8bd4872b75@group-E3ACC563F7F7->1cc6f5e0-ab25-4f5f-b984-b04de2404f0f-GrpcLogAppender: Wait interrupted by java.lang.InterruptedException
2023-06-07 15:28:09,442 [4264edc7-84ea-4bda-b0aa-fe8bd4872b75@group-E3ACC563F7F7-StateMachineUpdater] INFO  ratis.ContainerStateMachine (ContainerStateMachine.java:takeSnapshot(330)) - group-E3ACC563F7F7: Taking a snapshot at:(t:1, i:0) file /home/runner/work/ozone/ozone/hadoop-ozone/integration-test/target/test-dir/MiniOzoneClusterImpl-89e7e48d-6483-412e-ae3f-f8ea32a379a2/datanode-0/data/ratis/b0e10fc5-5039-4442-b239-e3acc563f7f7/sm/snapshot.1_0
2023-06-07 15:28:09,442 [4264edc7-84ea-4bda-b0aa-fe8bd4872b75@group-E3ACC563F7F7->322fc96c-7204-4bc1-a1ed-dbce850dfa5b-GrpcLogAppender-LogAppenderDaemon] WARN  server.GrpcLogAppender (GrpcLogAppender.java:mayWait(199)) - 4264edc7-84ea-4bda-b0aa-fe8bd4872b75@group-E3ACC563F7F7->322fc96c-7204-4bc1-a1ed-dbce850dfa5b-GrpcLogAppender: Wait interrupted by java.lang.InterruptedException
2023-06-07 15:28:09,442 [4264edc7-84ea-4bda-b0aa-fe8bd4872b75@group-E3ACC563F7F7-StateMachineUpdater] INFO  ratis.ContainerStateMachine (ContainerStateMachine.java:takeSnapshot(341)) - group-E3ACC563F7F7: Finished taking a snapshot at:(t:1, i:0) file:/home/runner/work/ozone/ozone/hadoop-ozone/integration-test/target/test-dir/MiniOzoneClusterImpl-89e7e48d-6483-412e-ae3f-f8ea32a379a2/datanode-0/data/ratis/b0e10fc5-5039-4442-b239-e3acc563f7f7/sm/snapshot.1_0 took: 1 ms
2023-06-07 15:28:09,443 [4264edc7-84ea-4bda-b0aa-fe8bd4872b75@group-E3ACC563F7F7-StateMachineUpdater] INFO  impl.StateMachineUpdater (StateMachineUpdater.java:takeSnapshot(291)) - 4264edc7-84ea-4bda-b0aa-fe8bd4872b75@group-E3ACC563F7F7-StateMachineUpdater: Took a snapshot at index 0
2023-06-07 15:28:09,443 [4264edc7-84ea-4bda-b0aa-fe8bd4872b75@group-E3ACC563F7F7-StateMachineUpdater] INFO  impl.StateMachineUpdater (StateMachineUpdater.java:lambda$new$0(97)) - 4264edc7-84ea-4bda-b0aa-fe8bd4872b75@group-E3ACC563F7F7-StateMachineUpdater: snapshotIndex: updateIncreasingly -1 -> 0
2023-06-07 15:28:09,444 [4264edc7-84ea-4bda-b0aa-fe8bd4872b75-impl-thread3] INFO  server.RaftServer$Division (ServerState.java:close(472)) - 4264edc7-84ea-4bda-b0aa-fe8bd4872b75@group-E3ACC563F7F7: closes. applyIndex: 0
2023-06-07 15:28:09,444 [grpc-default-executor-11] INFO  server.GrpcServerProtocolService (GrpcServerProtocolService.java:onCompleted(155)) - 322fc96c-7204-4bc1-a1ed-dbce850dfa5b: Completed APPEND_ENTRIES, lastRequest: 4264edc7-84ea-4bda-b0aa-fe8bd4872b75->322fc96c-7204-4bc1-a1ed-dbce850dfa5b#1-t1,previous=(t:0, i:0),leaderCommit=-1,initializing? true,entries: size=1, first=(t:1, i:0), CONFIGURATIONENTRY(current:id: "1cc6f5e0-ab25-4f5f-b984-b04de2404f0f"
address: "10.1.0.36:15128"
dataStreamAddress: "10.1.0.36:15129"
clientAddress: "10.1.0.36:15126"
adminAddress: "10.1.0.36:15127"
startupRole: FOLLOWER
,id: "322fc96c-7204-4bc1-a1ed-dbce850dfa5b"
address: "10.1.0.36:15137"
dataStreamAddress: "10.1.0.36:15138"
clientAddress: "10.1.0.36:15135"
adminAddress: "10.1.0.36:15136"
startupRole: FOLLOWER
,id: "4264edc7-84ea-4bda-b0aa-fe8bd4872b75"
address: "10.1.0.36:15119"
priority: 1
dataStreamAddress: "10.1.0.36:15120"
clientAddress: "10.1.0.36:15117"
adminAddress: "10.1.0.36:15118"
startupRole: FOLLOWER
, old:)
2023-06-07 15:28:09,444 [grpc-default-executor-11] INFO  server.GrpcServerProtocolService (GrpcServerProtocolService.java:lambda$onCompleted$5(157)) - 322fc96c-7204-4bc1-a1ed-dbce850dfa5b: Completed APPEND_ENTRIES, lastReply: null
2023-06-07 15:28:09,445 [grpc-default-executor-10] INFO  server.GrpcServerProtocolService (GrpcServerProtocolService.java:onCompleted(155)) - 322fc96c-7204-4bc1-a1ed-dbce850dfa5b: Completed APPEND_ENTRIES, lastRequest: null
2023-06-07 15:28:09,445 [grpc-default-executor-9] INFO  server.GrpcLogAppender (GrpcLogAppender.java:onCompleted(428)) - 4264edc7-84ea-4bda-b0aa-fe8bd4872b75@group-E3ACC563F7F7->322fc96c-7204-4bc1-a1ed-dbce850dfa5b-AppendLogResponseHandler: follower responses appendEntries COMPLETED
2023-06-07 15:28:09,445 [grpc-default-executor-9] WARN  server.GrpcLogAppender (GrpcLogAppender.java:resetClient(137)) - 4264edc7-84ea-4bda-b0aa-fe8bd4872b75@group-E3ACC563F7F7->322fc96c-7204-4bc1-a1ed-dbce850dfa5b-GrpcLogAppender: Failed to getClient for 322fc96c-7204-4bc1-a1ed-dbce850dfa5b
org.apache.ratis.protocol.exceptions.AlreadyClosedException: 4264edc7-84ea-4bda-b0aa-fe8bd4872b75 is already CLOSED
	at org.apache.ratis.util.PeerProxyMap$PeerAndProxy.getProxy(PeerProxyMap.java:61)
	at org.apache.ratis.util.PeerProxyMap.getProxy(PeerProxyMap.java:115)
	at org.apache.ratis.grpc.server.GrpcLogAppender.getClient(GrpcLogAppender.java:112)
	at org.apache.ratis.grpc.server.GrpcLogAppender.resetClient(GrpcLogAppender.java:117)
	at org.apache.ratis.grpc.server.GrpcLogAppender.access$500(GrpcLogAppender.java:56)
	at org.apache.ratis.grpc.server.GrpcLogAppender$AppendLogResponseHandler.onCompleted(GrpcLogAppender.java:429)
	at org.apache.ratis.thirdparty.io.grpc.stub.ClientCalls$StreamObserverToCallListenerAdapter.onClose(ClientCalls.java:485)
	at org.apache.ratis.thirdparty.io.grpc.internal.ClientCallImpl.closeObserver(ClientCallImpl.java:563)
	at org.apache.ratis.thirdparty.io.grpc.internal.ClientCallImpl.access$300(ClientCallImpl.java:70)
	at org.apache.ratis.thirdparty.io.grpc.internal.ClientCallImpl$ClientStreamListenerImpl$1StreamClosed.runInternal(ClientCallImpl.java:744)
	at org.apache.ratis.thirdparty.io.grpc.internal.ClientCallImpl$ClientStreamListenerImpl$1StreamClosed.runInContext(ClientCallImpl.java:723)
	at org.apache.ratis.thirdparty.io.grpc.internal.ContextRunnable.run(ContextRunnable.java:37)
	at org.apache.ratis.thirdparty.io.grpc.internal.SerializingExecutor.run(SerializingExecutor.java:133)
	at java.util.concurrent.ThreadPoolExecutor.runWorker(ThreadPoolExecutor.java:1149)
	at java.util.concurrent.ThreadPoolExecutor$Worker.run(ThreadPoolExecutor.java:624)
	at java.lang.Thread.run(Thread.java:750)
2023-06-07 15:28:09,448 [grpc-default-executor-10] INFO  server.GrpcServerProtocolService (GrpcServerProtocolService.java:lambda$onCompleted$5(157)) - 322fc96c-7204-4bc1-a1ed-dbce850dfa5b: Completed APPEND_ENTRIES, lastReply: serverReply {
  requestorId: "4264edc7-84ea-4bda-b0aa-fe8bd4872b75"
  replyId: "322fc96c-7204-4bc1-a1ed-dbce850dfa5b"
  raftGroupId {
    id: "\260\341\017\305P9DB\2629\343\254\305c\367\367"
  }
  callId: 2
  success: true
}
term: 1
nextIndex: 1
matchIndex: 18446744073709551615
isHearbeat: true

2023-06-07 15:28:09,450 [grpc-default-executor-11] INFO  server.GrpcLogAppender (GrpcLogAppender.java:onCompleted(428)) - 4264edc7-84ea-4bda-b0aa-fe8bd4872b75@group-E3ACC563F7F7->322fc96c-7204-4bc1-a1ed-dbce850dfa5b-AppendLogResponseHandler: follower responses appendEntries COMPLETED
2023-06-07 15:28:09,450 [grpc-default-executor-11] WARN  server.GrpcLogAppender (GrpcLogAppender.java:resetClient(137)) - 4264edc7-84ea-4bda-b0aa-fe8bd4872b75@group-E3ACC563F7F7->322fc96c-7204-4bc1-a1ed-dbce850dfa5b-GrpcLogAppender: Failed to getClient for 322fc96c-7204-4bc1-a1ed-dbce850dfa5b
org.apache.ratis.protocol.exceptions.AlreadyClosedException: 4264edc7-84ea-4bda-b0aa-fe8bd4872b75 is already CLOSED
	at org.apache.ratis.util.PeerProxyMap$PeerAndProxy.getProxy(PeerProxyMap.java:61)
	at org.apache.ratis.util.PeerProxyMap.getProxy(PeerProxyMap.java:115)
	at org.apache.ratis.grpc.server.GrpcLogAppender.getClient(GrpcLogAppender.java:112)
	at org.apache.ratis.grpc.server.GrpcLogAppender.resetClient(GrpcLogAppender.java:117)
	at org.apache.ratis.grpc.server.GrpcLogAppender.access$500(GrpcLogAppender.java:56)
	at org.apache.ratis.grpc.server.GrpcLogAppender$AppendLogResponseHandler.onCompleted(GrpcLogAppender.java:429)
	at org.apache.ratis.thirdparty.io.grpc.stub.ClientCalls$StreamObserverToCallListenerAdapter.onClose(ClientCalls.java:485)
	at org.apache.ratis.thirdparty.io.grpc.internal.DelayedClientCall$DelayedListener$3.run(DelayedClientCall.java:471)
	at org.apache.ratis.thirdparty.io.grpc.internal.DelayedClientCall$DelayedListener.delayOrExecute(DelayedClientCall.java:435)
	at org.apache.ratis.thirdparty.io.grpc.internal.DelayedClientCall$DelayedListener.onClose(DelayedClientCall.java:468)
	at org.apache.ratis.thirdparty.io.grpc.internal.ClientCallImpl.closeObserver(ClientCallImpl.java:563)
	at org.apache.ratis.thirdparty.io.grpc.internal.ClientCallImpl.access$300(ClientCallImpl.java:70)
	at org.apache.ratis.thirdparty.io.grpc.internal.ClientCallImpl$ClientStreamListenerImpl$1StreamClosed.runInternal(ClientCallImpl.java:744)
	at org.apache.ratis.thirdparty.io.grpc.internal.ClientCallImpl$ClientStreamListenerImpl$1StreamClosed.runInContext(ClientCallImpl.java:723)
	at org.apache.ratis.thirdparty.io.grpc.internal.ContextRunnable.run(ContextRunnable.java:37)
	at org.apache.ratis.thirdparty.io.grpc.internal.SerializingExecutor.run(SerializingExecutor.java:133)
	at java.util.concurrent.ThreadPoolExecutor.runWorker(ThreadPoolExecutor.java:1149)
	at java.util.concurrent.ThreadPoolExecutor$Worker.run(ThreadPoolExecutor.java:624)
	at java.lang.Thread.run(Thread.java:750)
2023-06-07 15:28:09,452 [ForkJoinPool.commonPool-worker-3] INFO  server.RaftServer (RaftServerProxy.java:lambda$close$6(416)) - 322fc96c-7204-4bc1-a1ed-dbce850dfa5b: close
2023-06-07 15:28:09,452 [322fc96c-7204-4bc1-a1ed-dbce850dfa5b-impl-thread1] INFO  server.RaftServer$Division (RaftServerImpl.java:lambda$close$4(466)) - 322fc96c-7204-4bc1-a1ed-dbce850dfa5b@group-9F058D3C7D34: shutdown
2023-06-07 15:28:09,452 [322fc96c-7204-4bc1-a1ed-dbce850dfa5b-impl-thread1] INFO  util.JmxRegister (JmxRegister.java:unregister(73)) - Successfully un-registered JMX Bean with object name Ratis:service=RaftServer,group=group-9F058D3C7D34,id=322fc96c-7204-4bc1-a1ed-dbce850dfa5b
2023-06-07 15:28:09,452 [322fc96c-7204-4bc1-a1ed-dbce850dfa5b-impl-thread1] INFO  impl.RoleInfo (RoleInfo.java:shutdownLeaderState(93)) - 322fc96c-7204-4bc1-a1ed-dbce850dfa5b: shutdown 322fc96c-7204-4bc1-a1ed-dbce850dfa5b@group-9F058D3C7D34-LeaderStateImpl
2023-06-07 15:28:09,452 [322fc96c-7204-4bc1-a1ed-dbce850dfa5b-impl-thread2] INFO  server.RaftServer$Division (RaftServerImpl.java:lambda$close$4(466)) - 322fc96c-7204-4bc1-a1ed-dbce850dfa5b@group-ACD29BDB9EB6: shutdown
2023-06-07 15:28:09,453 [322fc96c-7204-4bc1-a1ed-dbce850dfa5b-impl-thread1] INFO  impl.PendingRequests (PendingRequests.java:sendNotLeaderResponses(289)) - 322fc96c-7204-4bc1-a1ed-dbce850dfa5b@group-9F058D3C7D34-PendingRequests: sendNotLeaderResponses
2023-06-07 15:28:09,453 [322fc96c-7204-4bc1-a1ed-dbce850dfa5b-impl-thread2] INFO  util.JmxRegister (JmxRegister.java:unregister(73)) - Successfully un-registered JMX Bean with object name Ratis:service=RaftServer,group=group-ACD29BDB9EB6,id=322fc96c-7204-4bc1-a1ed-dbce850dfa5b
2023-06-07 15:28:09,453 [322fc96c-7204-4bc1-a1ed-dbce850dfa5b-impl-thread2] INFO  impl.RoleInfo (RoleInfo.java:shutdownLeaderState(93)) - 322fc96c-7204-4bc1-a1ed-dbce850dfa5b: shutdown 322fc96c-7204-4bc1-a1ed-dbce850dfa5b@group-ACD29BDB9EB6-LeaderStateImpl
2023-06-07 15:28:09,453 [322fc96c-7204-4bc1-a1ed-dbce850dfa5b-impl-thread1] INFO  impl.StateMachineUpdater (StateMachineUpdater.java:stopAndJoin(155)) - 322fc96c-7204-4bc1-a1ed-dbce850dfa5b@group-9F058D3C7D34-StateMachineUpdater: set stopIndex = 0
2023-06-07 15:28:09,453 [322fc96c-7204-4bc1-a1ed-dbce850dfa5b@group-9F058D3C7D34-StateMachineUpdater] INFO  ratis.ContainerStateMachine (ContainerStateMachine.java:takeSnapshot(330)) - group-9F058D3C7D34: Taking a snapshot at:(t:1, i:0) file /home/runner/work/ozone/ozone/hadoop-ozone/integration-test/target/test-dir/MiniOzoneClusterImpl-89e7e48d-6483-412e-ae3f-f8ea32a379a2/datanode-2/data/ratis/896881e2-ac0f-4110-bbe2-9f058d3c7d34/sm/snapshot.1_0
2023-06-07 15:28:09,454 [main] INFO  server.GrpcService (GrpcService.java:closeImpl(320)) - 1cc6f5e0-ab25-4f5f-b984-b04de2404f0f: shutdown server org.apache.ratis.grpc.server.GrpcAdminProtocolService successfully
2023-06-07 15:28:09,454 [322fc96c-7204-4bc1-a1ed-dbce850dfa5b@group-9F058D3C7D34-StateMachineUpdater] INFO  ratis.ContainerStateMachine (ContainerStateMachine.java:takeSnapshot(341)) - group-9F058D3C7D34: Finished taking a snapshot at:(t:1, i:0) file:/home/runner/work/ozone/ozone/hadoop-ozone/integration-test/target/test-dir/MiniOzoneClusterImpl-89e7e48d-6483-412e-ae3f-f8ea32a379a2/datanode-2/data/ratis/896881e2-ac0f-4110-bbe2-9f058d3c7d34/sm/snapshot.1_0 took: 0 ms
2023-06-07 15:28:09,454 [1cc6f5e0-ab25-4f5f-b984-b04de2404f0f-NettyServerStreamRpc-bossGroup--thread1] INFO  logging.LoggingHandler (AbstractInternalLogger.java:log(148)) - [id: 0x02ef1469, L:/0:0:0:0:0:0:0:0:15129] CLOSE
2023-06-07 15:28:09,454 [322fc96c-7204-4bc1-a1ed-dbce850dfa5b@group-9F058D3C7D34-StateMachineUpdater] INFO  impl.StateMachineUpdater (StateMachineUpdater.java:takeSnapshot(291)) - 322fc96c-7204-4bc1-a1ed-dbce850dfa5b@group-9F058D3C7D34-StateMachineUpdater: Took a snapshot at index 0
2023-06-07 15:28:09,454 [322fc96c-7204-4bc1-a1ed-dbce850dfa5b@group-9F058D3C7D34-StateMachineUpdater] INFO  impl.StateMachineUpdater (StateMachineUpdater.java:lambda$new$0(97)) - 322fc96c-7204-4bc1-a1ed-dbce850dfa5b@group-9F058D3C7D34-StateMachineUpdater: snapshotIndex: updateIncreasingly -1 -> 0
2023-06-07 15:28:09,454 [1cc6f5e0-ab25-4f5f-b984-b04de2404f0f-NettyServerStreamRpc-bossGroup--thread1] INFO  logging.LoggingHandler (AbstractInternalLogger.java:log(148)) - [id: 0x02ef1469, L:/0:0:0:0:0:0:0:0:15129] INACTIVE
2023-06-07 15:28:09,454 [1cc6f5e0-ab25-4f5f-b984-b04de2404f0f-NettyServerStreamRpc-bossGroup--thread1] INFO  logging.LoggingHandler (AbstractInternalLogger.java:log(148)) - [id: 0x02ef1469, L:/0:0:0:0:0:0:0:0:15129] UNREGISTERED
2023-06-07 15:28:09,454 [ForkJoinPool.commonPool-worker-3] INFO  server.GrpcService (GrpcService.java:closeImpl(311)) - 322fc96c-7204-4bc1-a1ed-dbce850dfa5b: shutdown server org.apache.ratis.grpc.server.GrpcClientProtocolService now
2023-06-07 15:28:09,454 [322fc96c-7204-4bc1-a1ed-dbce850dfa5b-impl-thread1] INFO  server.RaftServer$Division (ServerState.java:close(472)) - 322fc96c-7204-4bc1-a1ed-dbce850dfa5b@group-9F058D3C7D34: closes. applyIndex: 0
2023-06-07 15:28:09,455 [322fc96c-7204-4bc1-a1ed-dbce850dfa5b-impl-thread3] INFO  server.RaftServer$Division (RaftServerImpl.java:lambda$close$4(466)) - 322fc96c-7204-4bc1-a1ed-dbce850dfa5b@group-E3ACC563F7F7: shutdown
2023-06-07 15:28:09,455 [322fc96c-7204-4bc1-a1ed-dbce850dfa5b-impl-thread3] INFO  util.JmxRegister (JmxRegister.java:unregister(73)) - Successfully un-registered JMX Bean with object name Ratis:service=RaftServer,group=group-E3ACC563F7F7,id=322fc96c-7204-4bc1-a1ed-dbce850dfa5b
2023-06-07 15:28:09,455 [322fc96c-7204-4bc1-a1ed-dbce850dfa5b-impl-thread3] INFO  impl.RoleInfo (RoleInfo.java:shutdownFollowerState(110)) - 322fc96c-7204-4bc1-a1ed-dbce850dfa5b: shutdown 322fc96c-7204-4bc1-a1ed-dbce850dfa5b@group-E3ACC563F7F7-FollowerState
2023-06-07 15:28:09,456 [322fc96c-7204-4bc1-a1ed-dbce850dfa5b-impl-thread3] INFO  impl.StateMachineUpdater (StateMachineUpdater.java:stopAndJoin(155)) - 322fc96c-7204-4bc1-a1ed-dbce850dfa5b@group-E3ACC563F7F7-StateMachineUpdater: set stopIndex = 0
2023-06-07 15:28:09,458 [Thread-1824] INFO  server.GrpcServerProtocolClient (GrpcServerProtocolClient.java:close(103)) - 1cc6f5e0-ab25-4f5f-b984-b04de2404f0f Close channels
2023-06-07 15:28:09,459 [322fc96c-7204-4bc1-a1ed-dbce850dfa5b@group-ACD29BDB9EB6->1cc6f5e0-ab25-4f5f-b984-b04de2404f0f-GrpcLogAppender-LogAppenderDaemon] WARN  server.GrpcLogAppender (GrpcLogAppender.java:mayWait(199)) - 322fc96c-7204-4bc1-a1ed-dbce850dfa5b@group-ACD29BDB9EB6->1cc6f5e0-ab25-4f5f-b984-b04de2404f0f-GrpcLogAppender: Wait interrupted by java.lang.InterruptedException
2023-06-07 15:28:09,458 [322fc96c-7204-4bc1-a1ed-dbce850dfa5b@group-ACD29BDB9EB6->4264edc7-84ea-4bda-b0aa-fe8bd4872b75-GrpcLogAppender-LogAppenderDaemon] WARN  server.GrpcLogAppender (GrpcLogAppender.java:mayWait(199)) - 322fc96c-7204-4bc1-a1ed-dbce850dfa5b@group-ACD29BDB9EB6->4264edc7-84ea-4bda-b0aa-fe8bd4872b75-GrpcLogAppender: Wait interrupted by java.lang.InterruptedException
2023-06-07 15:28:09,458 [322fc96c-7204-4bc1-a1ed-dbce850dfa5b-impl-thread2] INFO  impl.PendingRequests (PendingRequests.java:sendNotLeaderResponses(289)) - 322fc96c-7204-4bc1-a1ed-dbce850dfa5b@group-ACD29BDB9EB6-PendingRequests: sendNotLeaderResponses
2023-06-07 15:28:09,459 [322fc96c-7204-4bc1-a1ed-dbce850dfa5b-impl-thread2] INFO  impl.StateMachineUpdater (StateMachineUpdater.java:stopAndJoin(155)) - 322fc96c-7204-4bc1-a1ed-dbce850dfa5b@group-ACD29BDB9EB6-StateMachineUpdater: set stopIndex = 0
2023-06-07 15:28:09,459 [322fc96c-7204-4bc1-a1ed-dbce850dfa5b@group-ACD29BDB9EB6-StateMachineUpdater] INFO  ratis.ContainerStateMachine (ContainerStateMachine.java:takeSnapshot(330)) - group-ACD29BDB9EB6: Taking a snapshot at:(t:1, i:0) file /home/runner/work/ozone/ozone/hadoop-ozone/integration-test/target/test-dir/MiniOzoneClusterImpl-89e7e48d-6483-412e-ae3f-f8ea32a379a2/datanode-2/data/ratis/794bac89-b8de-4513-b38d-acd29bdb9eb6/sm/snapshot.1_0
2023-06-07 15:28:09,460 [grpc-default-executor-11] INFO  server.GrpcServerProtocolService (GrpcServerProtocolService.java:onCompleted(155)) - 4264edc7-84ea-4bda-b0aa-fe8bd4872b75: Completed APPEND_ENTRIES, lastRequest: 322fc96c-7204-4bc1-a1ed-dbce850dfa5b->4264edc7-84ea-4bda-b0aa-fe8bd4872b75#1-t1,previous=(t:0, i:0),leaderCommit=-1,initializing? true,entries: size=1, first=(t:1, i:0), CONFIGURATIONENTRY(current:id: "1cc6f5e0-ab25-4f5f-b984-b04de2404f0f"
address: "10.1.0.36:15128"
dataStreamAddress: "10.1.0.36:15129"
clientAddress: "10.1.0.36:15126"
adminAddress: "10.1.0.36:15127"
startupRole: FOLLOWER
,id: "322fc96c-7204-4bc1-a1ed-dbce850dfa5b"
address: "10.1.0.36:15137"
priority: 1
dataStreamAddress: "10.1.0.36:15138"
clientAddress: "10.1.0.36:15135"
adminAddress: "10.1.0.36:15136"
startupRole: FOLLOWER
,id: "4264edc7-84ea-4bda-b0aa-fe8bd4872b75"
address: "10.1.0.36:15119"
dataStreamAddress: "10.1.0.36:15120"
clientAddress: "10.1.0.36:15117"
adminAddress: "10.1.0.36:15118"
startupRole: FOLLOWER
, old:)
2023-06-07 15:28:09,460 [grpc-default-executor-11] INFO  server.GrpcServerProtocolService (GrpcServerProtocolService.java:lambda$onCompleted$5(157)) - 4264edc7-84ea-4bda-b0aa-fe8bd4872b75: Completed APPEND_ENTRIES, lastReply: null
2023-06-07 15:28:09,460 [grpc-default-executor-10] INFO  server.GrpcServerProtocolService (GrpcServerProtocolService.java:onCompleted(155)) - 4264edc7-84ea-4bda-b0aa-fe8bd4872b75: Completed APPEND_ENTRIES, lastRequest: null
2023-06-07 15:28:09,460 [grpc-default-executor-10] INFO  server.GrpcServerProtocolService (GrpcServerProtocolService.java:lambda$onCompleted$5(157)) - 4264edc7-84ea-4bda-b0aa-fe8bd4872b75: Completed APPEND_ENTRIES, lastReply: serverReply {
  requestorId: "322fc96c-7204-4bc1-a1ed-dbce850dfa5b"
  replyId: "4264edc7-84ea-4bda-b0aa-fe8bd4872b75"
  raftGroupId {
    id: "yK\254\211\270\336E\023\263\215\254\322\233\333\236\266"
  }
  success: true
}
term: 1
nextIndex: 1
followerCommit: 18446744073709551615
matchIndex: 18446744073709551615
isHearbeat: true

2023-06-07 15:28:09,460 [322fc96c-7204-4bc1-a1ed-dbce850dfa5b@group-ACD29BDB9EB6-StateMachineUpdater] INFO  ratis.ContainerStateMachine (ContainerStateMachine.java:takeSnapshot(341)) - group-ACD29BDB9EB6: Finished taking a snapshot at:(t:1, i:0) file:/home/runner/work/ozone/ozone/hadoop-ozone/integration-test/target/test-dir/MiniOzoneClusterImpl-89e7e48d-6483-412e-ae3f-f8ea32a379a2/datanode-2/data/ratis/794bac89-b8de-4513-b38d-acd29bdb9eb6/sm/snapshot.1_0 took: 1 ms
2023-06-07 15:28:09,461 [322fc96c-7204-4bc1-a1ed-dbce850dfa5b@group-ACD29BDB9EB6-StateMachineUpdater] INFO  impl.StateMachineUpdater (StateMachineUpdater.java:takeSnapshot(291)) - 322fc96c-7204-4bc1-a1ed-dbce850dfa5b@group-ACD29BDB9EB6-StateMachineUpdater: Took a snapshot at index 0
2023-06-07 15:28:09,461 [322fc96c-7204-4bc1-a1ed-dbce850dfa5b@group-ACD29BDB9EB6-StateMachineUpdater] INFO  impl.StateMachineUpdater (StateMachineUpdater.java:lambda$new$0(97)) - 322fc96c-7204-4bc1-a1ed-dbce850dfa5b@group-ACD29BDB9EB6-StateMachineUpdater: snapshotIndex: updateIncreasingly -1 -> 0
2023-06-07 15:28:09,461 [322fc96c-7204-4bc1-a1ed-dbce850dfa5b-impl-thread2] INFO  server.RaftServer$Division (ServerState.java:close(472)) - 322fc96c-7204-4bc1-a1ed-dbce850dfa5b@group-ACD29BDB9EB6: closes. applyIndex: 0
2023-06-07 15:28:09,461 [grpc-default-executor-9] INFO  server.GrpcLogAppender (GrpcLogAppender.java:onCompleted(428)) - 322fc96c-7204-4bc1-a1ed-dbce850dfa5b@group-ACD29BDB9EB6->4264edc7-84ea-4bda-b0aa-fe8bd4872b75-AppendLogResponseHandler: follower responses appendEntries COMPLETED
2023-06-07 15:28:09,458 [Thread-1832] INFO  server.GrpcServerProtocolClient (GrpcServerProtocolClient.java:close(103)) - 4264edc7-84ea-4bda-b0aa-fe8bd4872b75 Close channels
2023-06-07 15:28:09,461 [grpc-default-executor-11] INFO  server.GrpcLogAppender (GrpcLogAppender.java:onCompleted(428)) - 322fc96c-7204-4bc1-a1ed-dbce850dfa5b@group-ACD29BDB9EB6->4264edc7-84ea-4bda-b0aa-fe8bd4872b75-AppendLogResponseHandler: follower responses appendEntries COMPLETED
2023-06-07 15:28:09,462 [ForkJoinPool.commonPool-worker-3] INFO  server.GrpcService (GrpcService.java:closeImpl(320)) - 322fc96c-7204-4bc1-a1ed-dbce850dfa5b: shutdown server org.apache.ratis.grpc.server.GrpcClientProtocolService successfully
2023-06-07 15:28:09,462 [ForkJoinPool.commonPool-worker-3] INFO  server.GrpcService (GrpcService.java:closeImpl(311)) - 322fc96c-7204-4bc1-a1ed-dbce850dfa5b: shutdown server GrpcServerProtocolService now
2023-06-07 15:28:09,463 [322fc96c-7204-4bc1-a1ed-dbce850dfa5b@group-E3ACC563F7F7-StateMachineUpdater] INFO  ratis.ContainerStateMachine (ContainerStateMachine.java:takeSnapshot(330)) - group-E3ACC563F7F7: Taking a snapshot at:(t:1, i:0) file /home/runner/work/ozone/ozone/hadoop-ozone/integration-test/target/test-dir/MiniOzoneClusterImpl-89e7e48d-6483-412e-ae3f-f8ea32a379a2/datanode-2/data/ratis/b0e10fc5-5039-4442-b239-e3acc563f7f7/sm/snapshot.1_0
2023-06-07 15:28:09,463 [322fc96c-7204-4bc1-a1ed-dbce850dfa5b@group-E3ACC563F7F7-FollowerState] INFO  impl.FollowerState (FollowerState.java:run(152)) - 322fc96c-7204-4bc1-a1ed-dbce850dfa5b@group-E3ACC563F7F7-FollowerState was interrupted
2023-06-07 15:28:09,464 [ForkJoinPool.commonPool-worker-2] INFO  server.GrpcService (GrpcService.java:closeImpl(320)) - 4264edc7-84ea-4bda-b0aa-fe8bd4872b75: shutdown server org.apache.ratis.grpc.server.GrpcClientProtocolService successfully
2023-06-07 15:28:09,464 [ForkJoinPool.commonPool-worker-2] INFO  server.GrpcService (GrpcService.java:closeImpl(311)) - 4264edc7-84ea-4bda-b0aa-fe8bd4872b75: shutdown server GrpcServerProtocolService now
2023-06-07 15:28:09,464 [322fc96c-7204-4bc1-a1ed-dbce850dfa5b@group-E3ACC563F7F7-StateMachineUpdater] INFO  ratis.ContainerStateMachine (ContainerStateMachine.java:takeSnapshot(341)) - group-E3ACC563F7F7: Finished taking a snapshot at:(t:1, i:0) file:/home/runner/work/ozone/ozone/hadoop-ozone/integration-test/target/test-dir/MiniOzoneClusterImpl-89e7e48d-6483-412e-ae3f-f8ea32a379a2/datanode-2/data/ratis/b0e10fc5-5039-4442-b239-e3acc563f7f7/sm/snapshot.1_0 took: 0 ms
2023-06-07 15:28:09,464 [322fc96c-7204-4bc1-a1ed-dbce850dfa5b@group-E3ACC563F7F7-StateMachineUpdater] INFO  impl.StateMachineUpdater (StateMachineUpdater.java:takeSnapshot(291)) - 322fc96c-7204-4bc1-a1ed-dbce850dfa5b@group-E3ACC563F7F7-StateMachineUpdater: Took a snapshot at index 0
2023-06-07 15:28:09,464 [322fc96c-7204-4bc1-a1ed-dbce850dfa5b@group-E3ACC563F7F7-StateMachineUpdater] INFO  impl.StateMachineUpdater (StateMachineUpdater.java:lambda$new$0(97)) - 322fc96c-7204-4bc1-a1ed-dbce850dfa5b@group-E3ACC563F7F7-StateMachineUpdater: snapshotIndex: updateIncreasingly -1 -> 0
2023-06-07 15:28:09,464 [322fc96c-7204-4bc1-a1ed-dbce850dfa5b-impl-thread3] INFO  server.RaftServer$Division (ServerState.java:close(472)) - 322fc96c-7204-4bc1-a1ed-dbce850dfa5b@group-E3ACC563F7F7: closes. applyIndex: 0
2023-06-07 15:28:09,464 [ForkJoinPool.commonPool-worker-2] INFO  server.GrpcService (GrpcService.java:closeImpl(320)) - 4264edc7-84ea-4bda-b0aa-fe8bd4872b75: shutdown server GrpcServerProtocolService successfully
2023-06-07 15:28:09,465 [ForkJoinPool.commonPool-worker-2] INFO  server.GrpcService (GrpcService.java:closeImpl(311)) - 4264edc7-84ea-4bda-b0aa-fe8bd4872b75: shutdown server org.apache.ratis.grpc.server.GrpcAdminProtocolService now
2023-06-07 15:28:09,470 [grpc-default-executor-9] WARN  server.GrpcLogAppender (GrpcLogAppender.java:resetClient(137)) - 322fc96c-7204-4bc1-a1ed-dbce850dfa5b@group-ACD29BDB9EB6->4264edc7-84ea-4bda-b0aa-fe8bd4872b75-GrpcLogAppender: Failed to getClient for 4264edc7-84ea-4bda-b0aa-fe8bd4872b75
org.apache.ratis.protocol.exceptions.AlreadyClosedException: 322fc96c-7204-4bc1-a1ed-dbce850dfa5b is already CLOSED
	at org.apache.ratis.util.PeerProxyMap$PeerAndProxy.getProxy(PeerProxyMap.java:61)
	at org.apache.ratis.util.PeerProxyMap.getProxy(PeerProxyMap.java:115)
	at org.apache.ratis.grpc.server.GrpcLogAppender.getClient(GrpcLogAppender.java:112)
	at org.apache.ratis.grpc.server.GrpcLogAppender.resetClient(GrpcLogAppender.java:117)
	at org.apache.ratis.grpc.server.GrpcLogAppender.access$500(GrpcLogAppender.java:56)
	at org.apache.ratis.grpc.server.GrpcLogAppender$AppendLogResponseHandler.onCompleted(GrpcLogAppender.java:429)
	at org.apache.ratis.thirdparty.io.grpc.stub.ClientCalls$StreamObserverToCallListenerAdapter.onClose(ClientCalls.java:485)
	at org.apache.ratis.thirdparty.io.grpc.internal.ClientCallImpl.closeObserver(ClientCallImpl.java:563)
	at org.apache.ratis.thirdparty.io.grpc.internal.ClientCallImpl.access$300(ClientCallImpl.java:70)
	at org.apache.ratis.thirdparty.io.grpc.internal.ClientCallImpl$ClientStreamListenerImpl$1StreamClosed.runInternal(ClientCallImpl.java:744)
	at org.apache.ratis.thirdparty.io.grpc.internal.ClientCallImpl$ClientStreamListenerImpl$1StreamClosed.runInContext(ClientCallImpl.java:723)
	at org.apache.ratis.thirdparty.io.grpc.internal.ContextRunnable.run(ContextRunnable.java:37)
	at org.apache.ratis.thirdparty.io.grpc.internal.SerializingExecutor.run(SerializingExecutor.java:133)
	at java.util.concurrent.ThreadPoolExecutor.runWorker(ThreadPoolExecutor.java:1149)
	at java.util.concurrent.ThreadPoolExecutor$Worker.run(ThreadPoolExecutor.java:624)
	at java.lang.Thread.run(Thread.java:750)
2023-06-07 15:28:09,470 [ForkJoinPool.commonPool-worker-3] INFO  server.GrpcService (GrpcService.java:closeImpl(320)) - 322fc96c-7204-4bc1-a1ed-dbce850dfa5b: shutdown server GrpcServerProtocolService successfully
2023-06-07 15:28:09,470 [ForkJoinPool.commonPool-worker-3] INFO  server.GrpcService (GrpcService.java:closeImpl(311)) - 322fc96c-7204-4bc1-a1ed-dbce850dfa5b: shutdown server org.apache.ratis.grpc.server.GrpcAdminProtocolService now
2023-06-07 15:28:09,470 [grpc-default-executor-11] WARN  server.GrpcLogAppender (GrpcLogAppender.java:resetClient(137)) - 322fc96c-7204-4bc1-a1ed-dbce850dfa5b@group-ACD29BDB9EB6->4264edc7-84ea-4bda-b0aa-fe8bd4872b75-GrpcLogAppender: Failed to getClient for 4264edc7-84ea-4bda-b0aa-fe8bd4872b75
org.apache.ratis.protocol.exceptions.AlreadyClosedException: 322fc96c-7204-4bc1-a1ed-dbce850dfa5b is already CLOSED
	at org.apache.ratis.util.PeerProxyMap$PeerAndProxy.getProxy(PeerProxyMap.java:61)
	at org.apache.ratis.util.PeerProxyMap.getProxy(PeerProxyMap.java:115)
	at org.apache.ratis.grpc.server.GrpcLogAppender.getClient(GrpcLogAppender.java:112)
	at org.apache.ratis.grpc.server.GrpcLogAppender.resetClient(GrpcLogAppender.java:117)
	at org.apache.ratis.grpc.server.GrpcLogAppender.access$500(GrpcLogAppender.java:56)
	at org.apache.ratis.grpc.server.GrpcLogAppender$AppendLogResponseHandler.onCompleted(GrpcLogAppender.java:429)
	at org.apache.ratis.thirdparty.io.grpc.stub.ClientCalls$StreamObserverToCallListenerAdapter.onClose(ClientCalls.java:485)
	at org.apache.ratis.thirdparty.io.grpc.internal.ClientCallImpl.closeObserver(ClientCallImpl.java:563)
	at org.apache.ratis.thirdparty.io.grpc.internal.ClientCallImpl.access$300(ClientCallImpl.java:70)
	at org.apache.ratis.thirdparty.io.grpc.internal.ClientCallImpl$ClientStreamListenerImpl$1StreamClosed.runInternal(ClientCallImpl.java:744)
	at org.apache.ratis.thirdparty.io.grpc.internal.ClientCallImpl$ClientStreamListenerImpl$1StreamClosed.runInContext(ClientCallImpl.java:723)
	at org.apache.ratis.thirdparty.io.grpc.internal.ContextRunnable.run(ContextRunnable.java:37)
	at org.apache.ratis.thirdparty.io.grpc.internal.SerializingExecutor.run(SerializingExecutor.java:133)
	at java.util.concurrent.ThreadPoolExecutor.runWorker(ThreadPoolExecutor.java:1149)
	at java.util.concurrent.ThreadPoolExecutor$Worker.run(ThreadPoolExecutor.java:624)
	at java.lang.Thread.run(Thread.java:750)
2023-06-07 15:28:09,474 [ForkJoinPool.commonPool-worker-3] INFO  server.GrpcService (GrpcService.java:closeImpl(320)) - 322fc96c-7204-4bc1-a1ed-dbce850dfa5b: shutdown server org.apache.ratis.grpc.server.GrpcAdminProtocolService successfully
2023-06-07 15:28:09,474 [322fc96c-7204-4bc1-a1ed-dbce850dfa5b-NettyServerStreamRpc-bossGroup--thread1] INFO  logging.LoggingHandler (AbstractInternalLogger.java:log(148)) - [id: 0xdceff34a, L:/0:0:0:0:0:0:0:0:15138] CLOSE
2023-06-07 15:28:09,478 [ForkJoinPool.commonPool-worker-2] INFO  server.GrpcService (GrpcService.java:closeImpl(320)) - 4264edc7-84ea-4bda-b0aa-fe8bd4872b75: shutdown server org.apache.ratis.grpc.server.GrpcAdminProtocolService successfully
2023-06-07 15:28:09,478 [4264edc7-84ea-4bda-b0aa-fe8bd4872b75-NettyServerStreamRpc-bossGroup--thread1] INFO  logging.LoggingHandler (AbstractInternalLogger.java:log(148)) - [id: 0x430395c6, L:/0:0:0:0:0:0:0:0:15120] CLOSE
2023-06-07 15:28:09,478 [4264edc7-84ea-4bda-b0aa-fe8bd4872b75-NettyServerStreamRpc-bossGroup--thread1] INFO  logging.LoggingHandler (AbstractInternalLogger.java:log(148)) - [id: 0x430395c6, L:/0:0:0:0:0:0:0:0:15120] INACTIVE
2023-06-07 15:28:09,478 [4264edc7-84ea-4bda-b0aa-fe8bd4872b75-NettyServerStreamRpc-bossGroup--thread1] INFO  logging.LoggingHandler (AbstractInternalLogger.java:log(148)) - [id: 0x430395c6, L:/0:0:0:0:0:0:0:0:15120] UNREGISTERED
2023-06-07 15:28:09,478 [322fc96c-7204-4bc1-a1ed-dbce850dfa5b-NettyServerStreamRpc-bossGroup--thread1] INFO  logging.LoggingHandler (AbstractInternalLogger.java:log(148)) - [id: 0xdceff34a, L:/0:0:0:0:0:0:0:0:15138] INACTIVE
2023-06-07 15:28:09,478 [322fc96c-7204-4bc1-a1ed-dbce850dfa5b-NettyServerStreamRpc-bossGroup--thread1] INFO  logging.LoggingHandler (AbstractInternalLogger.java:log(148)) - [id: 0xdceff34a, L:/0:0:0:0:0:0:0:0:15138] UNREGISTERED
2023-06-07 15:28:09,771 [4264edc7-84ea-4bda-b0aa-fe8bd4872b75-impl-thread3] INFO  segmented.SegmentedRaftLogWorker (SegmentedRaftLogWorker.java:close(252)) - 4264edc7-84ea-4bda-b0aa-fe8bd4872b75@group-E3ACC563F7F7-SegmentedRaftLogWorker close()
2023-06-07 15:28:09,792 [1cc6f5e0-ab25-4f5f-b984-b04de2404f0f-impl-thread3] INFO  segmented.SegmentedRaftLogWorker (SegmentedRaftLogWorker.java:close(252)) - 1cc6f5e0-ab25-4f5f-b984-b04de2404f0f@group-E3ACC563F7F7-SegmentedRaftLogWorker close()
2023-06-07 15:28:09,798 [322fc96c-7204-4bc1-a1ed-dbce850dfa5b-impl-thread3] INFO  segmented.SegmentedRaftLogWorker (SegmentedRaftLogWorker.java:close(252)) - 322fc96c-7204-4bc1-a1ed-dbce850dfa5b@group-E3ACC563F7F7-SegmentedRaftLogWorker close()
2023-06-07 15:28:09,849 [4264edc7-84ea-4bda-b0aa-fe8bd4872b75-impl-thread1] INFO  segmented.SegmentedRaftLogWorker (SegmentedRaftLogWorker.java:close(252)) - 4264edc7-84ea-4bda-b0aa-fe8bd4872b75@group-5E17159304FD-SegmentedRaftLogWorker close()
2023-06-07 15:28:10,092 [322fc96c-7204-4bc1-a1ed-dbce850dfa5b-impl-thread2] INFO  segmented.SegmentedRaftLogWorker (SegmentedRaftLogWorker.java:close(252)) - 322fc96c-7204-4bc1-a1ed-dbce850dfa5b@group-ACD29BDB9EB6-SegmentedRaftLogWorker close()
2023-06-07 15:28:10,127 [1cc6f5e0-ab25-4f5f-b984-b04de2404f0f-impl-thread2] INFO  segmented.SegmentedRaftLogWorker (SegmentedRaftLogWorker.java:close(252)) - 1cc6f5e0-ab25-4f5f-b984-b04de2404f0f@group-ACD29BDB9EB6-SegmentedRaftLogWorker close()
2023-06-07 15:28:10,129 [4264edc7-84ea-4bda-b0aa-fe8bd4872b75-impl-thread2] INFO  segmented.SegmentedRaftLogWorker (SegmentedRaftLogWorker.java:close(252)) - 4264edc7-84ea-4bda-b0aa-fe8bd4872b75@group-ACD29BDB9EB6-SegmentedRaftLogWorker close()
2023-06-07 15:28:10,130 [JvmPauseMonitor21] INFO  util.JvmPauseMonitor (JvmPauseMonitor.java:run(109)) - JvmPauseMonitor-4264edc7-84ea-4bda-b0aa-fe8bd4872b75: Stopped
2023-06-07 15:28:10,159 [1cc6f5e0-ab25-4f5f-b984-b04de2404f0f-impl-thread1] INFO  segmented.SegmentedRaftLogWorker (SegmentedRaftLogWorker.java:close(252)) - 1cc6f5e0-ab25-4f5f-b984-b04de2404f0f@group-42422EC611E1-SegmentedRaftLogWorker close()
2023-06-07 15:28:10,163 [JvmPauseMonitor22] INFO  util.JvmPauseMonitor (JvmPauseMonitor.java:run(109)) - JvmPauseMonitor-1cc6f5e0-ab25-4f5f-b984-b04de2404f0f: Stopped
2023-06-07 15:28:10,255 [RatisPipelineUtilsThread - 0] WARN  pipeline.PipelinePlacementPolicy (PipelinePlacementPolicy.java:filterViableNodes(166)) - Pipeline creation failed due to no sufficient healthy datanodes. Required 3. Found 0. Excluded 3.
2023-06-07 15:28:10,434 [322fc96c-7204-4bc1-a1ed-dbce850dfa5b-impl-thread1] INFO  segmented.SegmentedRaftLogWorker (SegmentedRaftLogWorker.java:close(252)) - 322fc96c-7204-4bc1-a1ed-dbce850dfa5b@group-9F058D3C7D34-SegmentedRaftLogWorker close()
2023-06-07 15:28:10,435 [JvmPauseMonitor23] INFO  util.JvmPauseMonitor (JvmPauseMonitor.java:run(109)) - JvmPauseMonitor-322fc96c-7204-4bc1-a1ed-dbce850dfa5b: Stopped
2023-06-07 15:28:12,134 [ForkJoinPool.commonPool-worker-2] INFO  utils.DatanodeStoreCache (DatanodeStoreCache.java:shutdownCache(110)) - Skip clearing cache in mini cluster mode. Entries left: [/home/runner/work/ozone/ozone/hadoop-ozone/integration-test/target/test-dir/MiniOzoneClusterImpl-89e7e48d-6483-412e-ae3f-f8ea32a379a2/datanode-0/data-0/containers/hdds/89e7e48d-6483-412e-ae3f-f8ea32a379a2/DS-59441b23-5ee6-48f4-850f-18ff9f6256fb/container.db, /home/runner/work/ozone/ozone/hadoop-ozone/integration-test/target/test-dir/MiniOzoneClusterImpl-89e7e48d-6483-412e-ae3f-f8ea32a379a2/datanode-1/data-0/containers/hdds/89e7e48d-6483-412e-ae3f-f8ea32a379a2/DS-6ae1fb14-f7aa-4854-81a4-b4ead1443055/container.db, /home/runner/work/ozone/ozone/hadoop-ozone/integration-test/target/test-dir/MiniOzoneClusterImpl-89e7e48d-6483-412e-ae3f-f8ea32a379a2/datanode-2/data-0/containers/hdds/89e7e48d-6483-412e-ae3f-f8ea32a379a2/DS-e5405fee-6fde-4275-88f9-b99e644099e2/container.db]
2023-06-07 15:28:12,137 [ForkJoinPool.commonPool-worker-2] INFO  utils.DatanodeStoreCache (DatanodeStoreCache.java:removeDB(104)) - Removed db /home/runner/work/ozone/ozone/hadoop-ozone/integration-test/target/test-dir/MiniOzoneClusterImpl-89e7e48d-6483-412e-ae3f-f8ea32a379a2/datanode-0/data-0/containers/hdds/89e7e48d-6483-412e-ae3f-f8ea32a379a2/DS-59441b23-5ee6-48f4-850f-18ff9f6256fb/container.db from cache
2023-06-07 15:28:12,137 [ForkJoinPool.commonPool-worker-2] INFO  volume.HddsVolume (HddsVolume.java:closeDbStore(437)) - SchemaV3 db is stopped at /home/runner/work/ozone/ozone/hadoop-ozone/integration-test/target/test-dir/MiniOzoneClusterImpl-89e7e48d-6483-412e-ae3f-f8ea32a379a2/datanode-0/data-0/containers/hdds/89e7e48d-6483-412e-ae3f-f8ea32a379a2/DS-59441b23-5ee6-48f4-850f-18ff9f6256fb/container.db for volume DS-59441b23-5ee6-48f4-850f-18ff9f6256fb
2023-06-07 15:28:12,138 [ForkJoinPool.commonPool-worker-2] INFO  utils.BackgroundService (BackgroundService.java:shutdown(141)) - Shutting down service BlockDeletingService
2023-06-07 15:28:12,138 [ForkJoinPool.commonPool-worker-2] INFO  utils.BackgroundService (BackgroundService.java:shutdown(141)) - Shutting down service StaleRecoveringContainerScrubbingService
2023-06-07 15:28:12,140 [ForkJoinPool.commonPool-worker-2] INFO  statemachine.DatanodeStateMachine (DatanodeStateMachine.java:stopDaemon(605)) - Ozone container server stopped.
2023-06-07 15:28:12,150 [ForkJoinPool.commonPool-worker-2] INFO  handler.ContextHandler (ContextHandler.java:doStop(1159)) - Stopped o.e.j.w.WebAppContext@40bdb06d{hddsDatanode,/,null,STOPPED}{jar:file:/home/runner/.m2/repository/org/apache/ozone/hdds-container-service/1.4.0-SNAPSHOT/hdds-container-service-1.4.0-SNAPSHOT.jar!/webapps/hddsDatanode}
2023-06-07 15:28:12,150 [ForkJoinPool.commonPool-worker-2] INFO  server.AbstractConnector (AbstractConnector.java:doStop(383)) - Stopped ServerConnector@57fa1c3f{HTTP/1.1, (http/1.1)}{0.0.0.0:15114}
2023-06-07 15:28:12,150 [ForkJoinPool.commonPool-worker-2] INFO  server.session (HouseKeeper.java:stopScavenging(149)) - node0 Stopped scavenging
2023-06-07 15:28:12,151 [ForkJoinPool.commonPool-worker-2] INFO  handler.ContextHandler (ContextHandler.java:doStop(1159)) - Stopped o.e.j.s.ServletContextHandler@2b648069{static,/static,jar:file:/home/runner/.m2/repository/org/apache/ozone/hdds-container-service/1.4.0-SNAPSHOT/hdds-container-service-1.4.0-SNAPSHOT.jar!/webapps/static,STOPPED}
2023-06-07 15:28:12,151 [ForkJoinPool.commonPool-worker-2] INFO  handler.ContextHandler (ContextHandler.java:doStop(1159)) - Stopped o.e.j.s.ServletContextHandler@65ec5a7e{logs,/logs,file:///home/runner/work/ozone/ozone/hadoop-ozone/integration-test/target/log,STOPPED}
2023-06-07 15:28:12,152 [ForkJoinPool.commonPool-worker-2] INFO  ozone.HddsDatanodeClientProtocolServer (HddsDatanodeClientProtocolServer.java:stop(78)) - Stopping the RPC server for Client Protocol
2023-06-07 15:28:12,152 [ForkJoinPool.commonPool-worker-2] INFO  ipc.Server (Server.java:stop(3501)) - Stopping server on 15115
2023-06-07 15:28:12,152 [IPC Server listener on 15115] INFO  ipc.Server (Server.java:run(1430)) - Stopping IPC Server listener on 15115
2023-06-07 15:28:12,153 [IPC Server Responder] INFO  ipc.Server (Server.java:run(1563)) - Stopping IPC Server Responder
2023-06-07 15:28:12,166 [main] INFO  utils.DatanodeStoreCache (DatanodeStoreCache.java:shutdownCache(110)) - Skip clearing cache in mini cluster mode. Entries left: [/home/runner/work/ozone/ozone/hadoop-ozone/integration-test/target/test-dir/MiniOzoneClusterImpl-89e7e48d-6483-412e-ae3f-f8ea32a379a2/datanode-1/data-0/containers/hdds/89e7e48d-6483-412e-ae3f-f8ea32a379a2/DS-6ae1fb14-f7aa-4854-81a4-b4ead1443055/container.db, /home/runner/work/ozone/ozone/hadoop-ozone/integration-test/target/test-dir/MiniOzoneClusterImpl-89e7e48d-6483-412e-ae3f-f8ea32a379a2/datanode-2/data-0/containers/hdds/89e7e48d-6483-412e-ae3f-f8ea32a379a2/DS-e5405fee-6fde-4275-88f9-b99e644099e2/container.db]
2023-06-07 15:28:12,168 [main] INFO  utils.DatanodeStoreCache (DatanodeStoreCache.java:removeDB(104)) - Removed db /home/runner/work/ozone/ozone/hadoop-ozone/integration-test/target/test-dir/MiniOzoneClusterImpl-89e7e48d-6483-412e-ae3f-f8ea32a379a2/datanode-1/data-0/containers/hdds/89e7e48d-6483-412e-ae3f-f8ea32a379a2/DS-6ae1fb14-f7aa-4854-81a4-b4ead1443055/container.db from cache
2023-06-07 15:28:12,168 [main] INFO  volume.HddsVolume (HddsVolume.java:closeDbStore(437)) - SchemaV3 db is stopped at /home/runner/work/ozone/ozone/hadoop-ozone/integration-test/target/test-dir/MiniOzoneClusterImpl-89e7e48d-6483-412e-ae3f-f8ea32a379a2/datanode-1/data-0/containers/hdds/89e7e48d-6483-412e-ae3f-f8ea32a379a2/DS-6ae1fb14-f7aa-4854-81a4-b4ead1443055/container.db for volume DS-6ae1fb14-f7aa-4854-81a4-b4ead1443055
2023-06-07 15:28:12,168 [main] INFO  utils.BackgroundService (BackgroundService.java:shutdown(141)) - Shutting down service BlockDeletingService
2023-06-07 15:28:12,168 [main] INFO  utils.BackgroundService (BackgroundService.java:shutdown(141)) - Shutting down service StaleRecoveringContainerScrubbingService
2023-06-07 15:28:12,169 [main] INFO  statemachine.DatanodeStateMachine (DatanodeStateMachine.java:stopDaemon(605)) - Ozone container server stopped.
2023-06-07 15:28:12,177 [main] INFO  handler.ContextHandler (ContextHandler.java:doStop(1159)) - Stopped o.e.j.w.WebAppContext@348e1de0{hddsDatanode,/,null,STOPPED}{jar:file:/home/runner/.m2/repository/org/apache/ozone/hdds-container-service/1.4.0-SNAPSHOT/hdds-container-service-1.4.0-SNAPSHOT.jar!/webapps/hddsDatanode}
2023-06-07 15:28:12,178 [main] INFO  server.AbstractConnector (AbstractConnector.java:doStop(383)) - Stopped ServerConnector@2f6c4040{HTTP/1.1, (http/1.1)}{0.0.0.0:15123}
2023-06-07 15:28:12,178 [main] INFO  server.session (HouseKeeper.java:stopScavenging(149)) - node0 Stopped scavenging
2023-06-07 15:28:12,178 [main] INFO  handler.ContextHandler (ContextHandler.java:doStop(1159)) - Stopped o.e.j.s.ServletContextHandler@78c03d5d{static,/static,jar:file:/home/runner/.m2/repository/org/apache/ozone/hdds-container-service/1.4.0-SNAPSHOT/hdds-container-service-1.4.0-SNAPSHOT.jar!/webapps/static,STOPPED}
2023-06-07 15:28:12,178 [main] INFO  handler.ContextHandler (ContextHandler.java:doStop(1159)) - Stopped o.e.j.s.ServletContextHandler@15e0b2f5{logs,/logs,file:///home/runner/work/ozone/ozone/hadoop-ozone/integration-test/target/log,STOPPED}
2023-06-07 15:28:12,179 [main] INFO  ozone.HddsDatanodeClientProtocolServer (HddsDatanodeClientProtocolServer.java:stop(78)) - Stopping the RPC server for Client Protocol
2023-06-07 15:28:12,179 [main] INFO  ipc.Server (Server.java:stop(3501)) - Stopping server on 15124
2023-06-07 15:28:12,180 [IPC Server Responder] INFO  ipc.Server (Server.java:run(1563)) - Stopping IPC Server Responder
2023-06-07 15:28:12,180 [IPC Server listener on 15124] INFO  ipc.Server (Server.java:run(1430)) - Stopping IPC Server listener on 15124
2023-06-07 15:28:12,438 [ForkJoinPool.commonPool-worker-3] INFO  utils.DatanodeStoreCache (DatanodeStoreCache.java:shutdownCache(110)) - Skip clearing cache in mini cluster mode. Entries left: [/home/runner/work/ozone/ozone/hadoop-ozone/integration-test/target/test-dir/MiniOzoneClusterImpl-89e7e48d-6483-412e-ae3f-f8ea32a379a2/datanode-2/data-0/containers/hdds/89e7e48d-6483-412e-ae3f-f8ea32a379a2/DS-e5405fee-6fde-4275-88f9-b99e644099e2/container.db]
2023-06-07 15:28:12,441 [ForkJoinPool.commonPool-worker-3] INFO  utils.DatanodeStoreCache (DatanodeStoreCache.java:removeDB(104)) - Removed db /home/runner/work/ozone/ozone/hadoop-ozone/integration-test/target/test-dir/MiniOzoneClusterImpl-89e7e48d-6483-412e-ae3f-f8ea32a379a2/datanode-2/data-0/containers/hdds/89e7e48d-6483-412e-ae3f-f8ea32a379a2/DS-e5405fee-6fde-4275-88f9-b99e644099e2/container.db from cache
2023-06-07 15:28:12,441 [ForkJoinPool.commonPool-worker-3] INFO  volume.HddsVolume (HddsVolume.java:closeDbStore(437)) - SchemaV3 db is stopped at /home/runner/work/ozone/ozone/hadoop-ozone/integration-test/target/test-dir/MiniOzoneClusterImpl-89e7e48d-6483-412e-ae3f-f8ea32a379a2/datanode-2/data-0/containers/hdds/89e7e48d-6483-412e-ae3f-f8ea32a379a2/DS-e5405fee-6fde-4275-88f9-b99e644099e2/container.db for volume DS-e5405fee-6fde-4275-88f9-b99e644099e2
2023-06-07 15:28:12,441 [ForkJoinPool.commonPool-worker-3] INFO  utils.BackgroundService (BackgroundService.java:shutdown(141)) - Shutting down service BlockDeletingService
2023-06-07 15:28:12,441 [ForkJoinPool.commonPool-worker-3] INFO  utils.BackgroundService (BackgroundService.java:shutdown(141)) - Shutting down service StaleRecoveringContainerScrubbingService
2023-06-07 15:28:12,442 [ForkJoinPool.commonPool-worker-3] INFO  statemachine.DatanodeStateMachine (DatanodeStateMachine.java:stopDaemon(605)) - Ozone container server stopped.
2023-06-07 15:28:12,451 [ForkJoinPool.commonPool-worker-3] INFO  handler.ContextHandler (ContextHandler.java:doStop(1159)) - Stopped o.e.j.w.WebAppContext@1108694{hddsDatanode,/,null,STOPPED}{jar:file:/home/runner/.m2/repository/org/apache/ozone/hdds-container-service/1.4.0-SNAPSHOT/hdds-container-service-1.4.0-SNAPSHOT.jar!/webapps/hddsDatanode}
2023-06-07 15:28:12,451 [ForkJoinPool.commonPool-worker-3] INFO  server.AbstractConnector (AbstractConnector.java:doStop(383)) - Stopped ServerConnector@7ca1e839{HTTP/1.1, (http/1.1)}{0.0.0.0:15132}
2023-06-07 15:28:12,451 [ForkJoinPool.commonPool-worker-3] INFO  server.session (HouseKeeper.java:stopScavenging(149)) - node0 Stopped scavenging
2023-06-07 15:28:12,452 [ForkJoinPool.commonPool-worker-3] INFO  handler.ContextHandler (ContextHandler.java:doStop(1159)) - Stopped o.e.j.s.ServletContextHandler@d66a221{static,/static,jar:file:/home/runner/.m2/repository/org/apache/ozone/hdds-container-service/1.4.0-SNAPSHOT/hdds-container-service-1.4.0-SNAPSHOT.jar!/webapps/static,STOPPED}
2023-06-07 15:28:12,452 [ForkJoinPool.commonPool-worker-3] INFO  handler.ContextHandler (ContextHandler.java:doStop(1159)) - Stopped o.e.j.s.ServletContextHandler@63b7695d{logs,/logs,file:///home/runner/work/ozone/ozone/hadoop-ozone/integration-test/target/log,STOPPED}
2023-06-07 15:28:12,453 [ForkJoinPool.commonPool-worker-3] INFO  ozone.HddsDatanodeClientProtocolServer (HddsDatanodeClientProtocolServer.java:stop(78)) - Stopping the RPC server for Client Protocol
2023-06-07 15:28:12,453 [ForkJoinPool.commonPool-worker-3] INFO  ipc.Server (Server.java:stop(3501)) - Stopping server on 15133
2023-06-07 15:28:12,454 [IPC Server Responder] INFO  ipc.Server (Server.java:run(1563)) - Stopping IPC Server Responder
2023-06-07 15:28:12,454 [IPC Server listener on 15133] INFO  ipc.Server (Server.java:run(1430)) - Stopping IPC Server listener on 15133
2023-06-07 15:28:12,455 [main] INFO  ozone.MiniOzoneClusterImpl (MiniOzoneClusterImpl.java:stopSCM(537)) - Stopping the StorageContainerManager
2023-06-07 15:28:12,456 [main] INFO  server.StorageContainerManager (StorageContainerManager.java:stop(1560)) - Container Balancer is not running.
2023-06-07 15:28:12,456 [main] INFO  server.StorageContainerManager (StorageContainerManager.java:stopReplicationManager(1691)) - Stopping Replication Manager Service.
2023-06-07 15:28:12,456 [main] INFO  replication.ReplicationManager (ReplicationManager.java:stop(332)) - Stopping Replication Monitor Thread.
2023-06-07 15:28:12,456 [main] INFO  server.StorageContainerManager (StorageContainerManager.java:stop(1569)) - Stopping the Datanode Admin Monitor.
2023-06-07 15:28:12,456 [Over Replicated Processor] WARN  replication.UnhealthyReplicationProcessor (UnhealthyReplicationProcessor.java:run(167)) - Over Replicated Processor interrupted. Exiting...
2023-06-07 15:28:12,456 [main] INFO  server.StorageContainerManager (StorageContainerManager.java:stop(1576)) - Stopping datanode service RPC server
2023-06-07 15:28:12,456 [main] INFO  server.SCMDatanodeProtocolServer (SCMDatanodeProtocolServer.java:stop(424)) - Stopping the RPC server for DataNodes
2023-06-07 15:28:12,456 [main] INFO  ipc.Server (Server.java:stop(3501)) - Stopping server on 15107
2023-06-07 15:28:12,456 [Under Replicated Processor] WARN  replication.UnhealthyReplicationProcessor (UnhealthyReplicationProcessor.java:run(167)) - Under Replicated Processor interrupted. Exiting...
2023-06-07 15:28:12,457 [ReplicationMonitor] INFO  replication.ReplicationManager (ReplicationManager.java:run(938)) - Replication Monitor Thread is stopped
2023-06-07 15:28:12,459 [IPC Server listener on 15107] INFO  ipc.Server (Server.java:run(1430)) - Stopping IPC Server listener on 15107
2023-06-07 15:28:12,462 [IPC Server Responder] INFO  ipc.Server (Server.java:run(1563)) - Stopping IPC Server Responder
2023-06-07 15:28:12,524 [SCM Heartbeat Processing Thread - 0] WARN  node.NodeStateManager (NodeStateManager.java:scheduleNextHealthCheck(870)) - Current Thread is interrupted, shutting down HB processing thread for Node Manager.
2023-06-07 15:28:12,527 [main] INFO  server.StorageContainerManager (StorageContainerManager.java:stop(1584)) - Stopping block service RPC server
2023-06-07 15:28:12,527 [main] INFO  server.SCMBlockProtocolServer (SCMBlockProtocolServer.java:stop(161)) - Stopping the RPC server for Block Protocol
2023-06-07 15:28:12,527 [main] INFO  ipc.Server (Server.java:stop(3501)) - Stopping server on 15106
2023-06-07 15:28:12,528 [IPC Server listener on 15106] INFO  ipc.Server (Server.java:run(1430)) - Stopping IPC Server listener on 15106
2023-06-07 15:28:12,528 [IPC Server Responder] INFO  ipc.Server (Server.java:run(1563)) - Stopping IPC Server Responder
2023-06-07 15:28:12,529 [main] INFO  server.StorageContainerManager (StorageContainerManager.java:stop(1591)) - Stopping the StorageContainerLocationProtocol RPC server
2023-06-07 15:28:12,529 [main] INFO  server.SCMClientProtocolServer (SCMClientProtocolServer.java:stop(210)) - Stopping the RPC server for Client Protocol
2023-06-07 15:28:12,529 [main] INFO  ipc.Server (Server.java:stop(3501)) - Stopping server on 15105
2023-06-07 15:28:12,531 [IPC Server listener on 15105] INFO  ipc.Server (Server.java:run(1430)) - Stopping IPC Server listener on 15105
2023-06-07 15:28:12,532 [IPC Server Responder] INFO  ipc.Server (Server.java:run(1563)) - Stopping IPC Server Responder
2023-06-07 15:28:12,532 [main] INFO  server.StorageContainerManager (StorageContainerManager.java:stop(1598)) - Stopping Storage Container Manager HTTP server.
2023-06-07 15:28:12,532 [main] INFO  handler.ContextHandler (ContextHandler.java:doStop(1159)) - Stopped o.e.j.w.WebAppContext@378c7bc9{scm,/,null,STOPPED}{file:/home/runner/work/ozone/ozone/hadoop-ozone/integration-test/target/test-classes/webapps/scm}
2023-06-07 15:28:12,533 [main] INFO  server.AbstractConnector (AbstractConnector.java:doStop(383)) - Stopped ServerConnector@2cc753a0{HTTP/1.1, (http/1.1)}{0.0.0.0:15108}
2023-06-07 15:28:12,533 [main] INFO  server.session (HouseKeeper.java:stopScavenging(149)) - node0 Stopped scavenging
2023-06-07 15:28:12,534 [main] INFO  handler.ContextHandler (ContextHandler.java:doStop(1159)) - Stopped o.e.j.s.ServletContextHandler@5d394592{static,/static,file:///home/runner/work/ozone/ozone/hadoop-ozone/integration-test/target/test-classes/webapps/static,STOPPED}
2023-06-07 15:28:12,534 [main] INFO  handler.ContextHandler (ContextHandler.java:doStop(1159)) - Stopped o.e.j.s.ServletContextHandler@57dad28b{logs,/logs,file:///home/runner/work/ozone/ozone/hadoop-ozone/integration-test/target/log,STOPPED}
2023-06-07 15:28:12,534 [main] INFO  server.StorageContainerManager (StorageContainerManager.java:stop(1606)) - Stopping SCM LayoutVersionManager Service.
2023-06-07 15:28:12,535 [main] INFO  server.StorageContainerManager (StorageContainerManager.java:stop(1614)) - Stopping Block Manager Service.
2023-06-07 15:28:12,535 [main] INFO  utils.BackgroundService (BackgroundService.java:shutdown(141)) - Shutting down service SCMBlockDeletingService
2023-06-07 15:28:12,535 [main] INFO  utils.BackgroundService (BackgroundService.java:shutdown(141)) - Shutting down service SCMBlockDeletingService
2023-06-07 15:28:12,535 [main] INFO  server.StorageContainerManager (StorageContainerManager.java:stop(1636)) - Stopping SCM Event Queue.
2023-06-07 15:28:12,536 [main] INFO  server.StorageContainerManager (StorageContainerManager.java:stop(1647)) - Stopping SCM HA services.
2023-06-07 15:28:12,536 [main] INFO  ha.SCMRatisServerImpl (SCMRatisServerImpl.java:stop(254)) - stopping ratis server 0.0.0.0:9894
2023-06-07 15:28:12,536 [main] INFO  server.RaftServer (RaftServerProxy.java:lambda$close$6(416)) - 08d6bec0-5249-4ecb-9f44-81bed931b26c: close
2023-06-07 15:28:12,536 [08d6bec0-5249-4ecb-9f44-81bed931b26c-impl-thread1] INFO  server.RaftServer$Division (RaftServerImpl.java:lambda$close$4(466)) - 08d6bec0-5249-4ecb-9f44-81bed931b26c@group-F8EA32A379A2: shutdown
2023-06-07 15:28:12,536 [08d6bec0-5249-4ecb-9f44-81bed931b26c-impl-thread1] INFO  util.JmxRegister (JmxRegister.java:unregister(73)) - Successfully un-registered JMX Bean with object name Ratis:service=RaftServer,group=group-F8EA32A379A2,id=08d6bec0-5249-4ecb-9f44-81bed931b26c
2023-06-07 15:28:12,536 [08d6bec0-5249-4ecb-9f44-81bed931b26c-impl-thread1] INFO  impl.RoleInfo (RoleInfo.java:shutdownLeaderState(93)) - 08d6bec0-5249-4ecb-9f44-81bed931b26c: shutdown 08d6bec0-5249-4ecb-9f44-81bed931b26c@group-F8EA32A379A2-LeaderStateImpl
2023-06-07 15:28:12,537 [08d6bec0-5249-4ecb-9f44-81bed931b26c-impl-thread1] INFO  impl.PendingRequests (PendingRequests.java:sendNotLeaderResponses(289)) - 08d6bec0-5249-4ecb-9f44-81bed931b26c@group-F8EA32A379A2-PendingRequests: sendNotLeaderResponses
2023-06-07 15:28:12,537 [main] INFO  server.GrpcService (GrpcService.java:closeImpl(311)) - 08d6bec0-5249-4ecb-9f44-81bed931b26c: shutdown server GrpcServerProtocolService now
2023-06-07 15:28:12,537 [08d6bec0-5249-4ecb-9f44-81bed931b26c-impl-thread1] INFO  ha.SCMStateMachine (SCMStateMachine.java:notifyNotLeader(205)) - current leader SCM steps down.
2023-06-07 15:28:12,537 [08d6bec0-5249-4ecb-9f44-81bed931b26c-impl-thread1] INFO  ha.SCMContext (SCMContext.java:updateLeaderAndTerm(99)) - update <isLeader,term> from <true,2> to <false,0>
2023-06-07 15:28:12,537 [08d6bec0-5249-4ecb-9f44-81bed931b26c-impl-thread1] INFO  ha.SCMContext (SCMContext.java:updateLeaderAndTerm(106)) - update <isLeaderReady> from <false> to <false>
2023-06-07 15:28:12,537 [08d6bec0-5249-4ecb-9f44-81bed931b26c-impl-thread1] INFO  BackgroundPipelineScrubber (BackgroundSCMService.java:notifyStatusChanged(88)) - Service BackgroundPipelineScrubber transitions to PAUSING.
2023-06-07 15:28:12,537 [08d6bec0-5249-4ecb-9f44-81bed931b26c-impl-thread1] INFO  ExpiredContainerReplicaOpScrubber (BackgroundSCMService.java:notifyStatusChanged(88)) - Service ExpiredContainerReplicaOpScrubber transitions to PAUSING.
2023-06-07 15:28:12,537 [08d6bec0-5249-4ecb-9f44-81bed931b26c-impl-thread1] INFO  SCMHATransactionMonitor (BackgroundSCMService.java:notifyStatusChanged(88)) - Service SCMHATransactionMonitor transitions to PAUSING.
2023-06-07 15:28:12,538 [08d6bec0-5249-4ecb-9f44-81bed931b26c-impl-thread1] INFO  impl.StateMachineUpdater (StateMachineUpdater.java:stopAndJoin(155)) - 08d6bec0-5249-4ecb-9f44-81bed931b26c@group-F8EA32A379A2-StateMachineUpdater: set stopIndex = 30
2023-06-07 15:28:12,538 [08d6bec0-5249-4ecb-9f44-81bed931b26c@group-F8EA32A379A2-StateMachineUpdater] INFO  server.StorageContainerManager (StorageContainerManager.java:stop(1549)) - Storage Container Manager is not running.
2023-06-07 15:28:12,538 [08d6bec0-5249-4ecb-9f44-81bed931b26c@group-F8EA32A379A2-StateMachineUpdater] INFO  server.StorageContainerManager (StorageContainerManager.java:stopReplicationManager(1691)) - Stopping Replication Manager Service.
2023-06-07 15:28:12,538 [08d6bec0-5249-4ecb-9f44-81bed931b26c@group-F8EA32A379A2-StateMachineUpdater] INFO  replication.ReplicationManager (ReplicationManager.java:stop(342)) - Replication Monitor Thread is not running.
2023-06-07 15:28:12,538 [08d6bec0-5249-4ecb-9f44-81bed931b26c@group-F8EA32A379A2-StateMachineUpdater] INFO  server.StorageContainerManager (ExitUtils.java:terminate(131)) - Terminating with exit status 0: scm statemachine is closed by ratis, terminate SCM
2023-06-07 15:28:12,538 [main] INFO  server.GrpcService (GrpcService.java:closeImpl(320)) - 08d6bec0-5249-4ecb-9f44-81bed931b26c: shutdown server GrpcServerProtocolService successfully
2023-06-07 15:28:12,538 [08d6bec0-5249-4ecb-9f44-81bed931b26c@group-F8EA32A379A2-StateMachineUpdater] WARN  impl.StateMachineUpdater (StateMachineUpdater.java:stop(139)) - 08d6bec0-5249-4ecb-9f44-81bed931b26c@group-F8EA32A379A2-StateMachineUpdater: Failed to close SCMStateMachine SCMStateMachine:08d6bec0-5249-4ecb-9f44-81bed931b26c:group-F8EA32A379A2
org.apache.ratis.util.ExitUtils$ExitException: scm statemachine is closed by ratis, terminate SCM
	at org.apache.ratis.util.ExitUtils.terminate(ExitUtils.java:141)
	at org.apache.ratis.util.ExitUtils.terminate(ExitUtils.java:151)
	at org.apache.ratis.util.ExitUtils.terminate(ExitUtils.java:155)
	at org.apache.hadoop.hdds.scm.server.StorageContainerManager.shutDown(StorageContainerManager.java:1701)
	at org.apache.hadoop.hdds.scm.ha.SCMStateMachine.close(SCMStateMachine.java:423)
	at org.apache.ratis.server.impl.StateMachineUpdater.stop(StateMachineUpdater.java:134)
	at org.apache.ratis.server.impl.StateMachineUpdater.run(StateMachineUpdater.java:189)
	at java.lang.Thread.run(Thread.java:750)
2023-06-07 15:28:12,539 [08d6bec0-5249-4ecb-9f44-81bed931b26c-impl-thread1] INFO  server.RaftServer$Division (ServerState.java:close(472)) - 08d6bec0-5249-4ecb-9f44-81bed931b26c@group-F8EA32A379A2: closes. applyIndex: 100
2023-06-07 15:28:13,316 [08d6bec0-5249-4ecb-9f44-81bed931b26c-impl-thread1] INFO  segmented.SegmentedRaftLogWorker (SegmentedRaftLogWorker.java:close(252)) - 08d6bec0-5249-4ecb-9f44-81bed931b26c@group-F8EA32A379A2-SegmentedRaftLogWorker close()
2023-06-07 15:28:13,317 [JvmPauseMonitor19] INFO  util.JvmPauseMonitor (JvmPauseMonitor.java:run(109)) - JvmPauseMonitor-08d6bec0-5249-4ecb-9f44-81bed931b26c: Stopped
2023-06-07 15:28:13,318 [main] INFO  SCMHATransactionMonitor (BackgroundSCMService.java:stop(131)) - Stopping SCMHATransactionMonitor Service.
2023-06-07 15:28:13,318 [SCMHATransactionMonitorThread] WARN  SCMHATransactionMonitor (BackgroundSCMService.java:run(115)) - SCMHATransactionMonitor is interrupted, exit
2023-06-07 15:28:13,318 [main] INFO  pipeline.BackgroundPipelineCreator (BackgroundPipelineCreator.java:stop(149)) - Stopping RatisPipelineUtilsThread.
2023-06-07 15:28:13,319 [RatisPipelineUtilsThread - 0] WARN  pipeline.BackgroundPipelineCreator (BackgroundPipelineCreator.java:run(180)) - RatisPipelineUtilsThread is interrupted.
2023-06-07 15:28:13,319 [main] INFO  BackgroundPipelineScrubber (BackgroundSCMService.java:stop(131)) - Stopping BackgroundPipelineScrubber Service.
2023-06-07 15:28:13,319 [main] INFO  impl.MetricsSystemImpl (MetricsSystemImpl.java:stop(210)) - Stopping HddsDatanode metrics system...
2023-06-07 15:28:13,320 [BackgroundPipelineScrubberThread] WARN  BackgroundPipelineScrubber (BackgroundSCMService.java:run(115)) - BackgroundPipelineScrubber is interrupted, exit
2023-06-07 15:28:13,321 [prometheus] INFO  impl.MetricsSinkAdapter (MetricsSinkAdapter.java:publishMetricsFromQueue(141)) - prometheus thread interrupted.
2023-06-07 15:28:13,322 [main] INFO  impl.MetricsSystemImpl (MetricsSystemImpl.java:stop(216)) - HddsDatanode metrics system stopped.
2023-06-07 15:28:13,322 [main] WARN  pipeline.BackgroundPipelineCreator (BackgroundPipelineCreator.java:stop(145)) - RatisPipelineUtilsThread is not running, just ignore.
2023-06-07 15:28:13,322 [main] INFO  BackgroundPipelineScrubber (BackgroundSCMService.java:stop(126)) - BackgroundPipelineScrubber Service is not running, skip stop.
2023-06-07 15:28:13,322 [main] INFO  ExpiredContainerReplicaOpScrubber (BackgroundSCMService.java:stop(131)) - Stopping ExpiredContainerReplicaOpScrubber Service.
2023-06-07 15:28:13,322 [main] INFO  utils.BackgroundService (BackgroundService.java:shutdown(141)) - Shutting down service SCMBlockDeletingService
2023-06-07 15:28:13,322 [main] INFO  replication.ReplicationManager (ReplicationManager.java:stop(342)) - Replication Monitor Thread is not running.
2023-06-07 15:28:13,322 [main] WARN  balancer.ContainerBalancer (ContainerBalancer.java:stop(328)) - Cannot stop Container Balancer because it's not running or stopping
2023-06-07 15:28:13,322 [main] INFO  SCMHATransactionMonitor (BackgroundSCMService.java:stop(126)) - SCMHATransactionMonitor Service is not running, skip stop.
2023-06-07 15:28:13,322 [ExpiredContainerReplicaOpScrubberThread] WARN  ExpiredContainerReplicaOpScrubber (BackgroundSCMService.java:run(115)) - ExpiredContainerReplicaOpScrubber is interrupted, exit
2023-06-07 15:28:13,323 [main] INFO  server.StorageContainerManager (StorageContainerManager.java:stop(1682)) - Stopping SCM MetadataStore.
]]></system-out>
    </rerunFailure>
    <rerunFailure type="java.lang.AssertionError">
      <stackTrace><![CDATA[java.lang.AssertionError: Found 4 leaked objects, check logs
	at org.apache.hadoop.hdds.utils.db.CodecBuffer.assertNoLeaks(CodecBuffer.java:99)
	at org.apache.hadoop.ozone.MiniOzoneClusterImpl.shutdown(MiniOzoneClusterImpl.java:451)
	at org.apache.hadoop.hdds.scm.TestSCMInstallSnapshot.shutdown(TestSCMInstallSnapshot.java:80)
	at sun.reflect.NativeMethodAccessorImpl.invoke0(Native Method)
	at sun.reflect.NativeMethodAccessorImpl.invoke(NativeMethodAccessorImpl.java:62)
	at sun.reflect.DelegatingMethodAccessorImpl.invoke(DelegatingMethodAccessorImpl.java:43)
	at java.lang.reflect.Method.invoke(Method.java:498)
	at org.junit.platform.commons.util.ReflectionUtils.invokeMethod(ReflectionUtils.java:725)
	at org.junit.jupiter.engine.execution.MethodInvocation.proceed(MethodInvocation.java:60)
	at org.junit.jupiter.engine.execution.InvocationInterceptorChain$ValidatingInvocation.proceed(InvocationInterceptorChain.java:131)
	at org.junit.jupiter.engine.extension.TimeoutExtension.intercept(TimeoutExtension.java:149)
	at org.junit.jupiter.engine.extension.TimeoutExtension.interceptLifecycleMethod(TimeoutExtension.java:126)
	at org.junit.jupiter.engine.extension.TimeoutExtension.interceptAfterAllMethod(TimeoutExtension.java:116)
	at org.junit.jupiter.engine.execution.ExecutableInvoker$ReflectiveInterceptorCall.lambda$ofVoidMethod$0(ExecutableInvoker.java:115)
	at org.junit.jupiter.engine.execution.ExecutableInvoker.lambda$invoke$0(ExecutableInvoker.java:105)
	at org.junit.jupiter.engine.execution.InvocationInterceptorChain$InterceptedInvocation.proceed(InvocationInterceptorChain.java:106)
	at org.junit.jupiter.engine.execution.InvocationInterceptorChain.proceed(InvocationInterceptorChain.java:64)
	at org.junit.jupiter.engine.execution.InvocationInterceptorChain.chainAndInvoke(InvocationInterceptorChain.java:45)
	at org.junit.jupiter.engine.execution.InvocationInterceptorChain.invoke(InvocationInterceptorChain.java:37)
	at org.junit.jupiter.engine.execution.ExecutableInvoker.invoke(ExecutableInvoker.java:104)
	at org.junit.jupiter.engine.execution.ExecutableInvoker.invoke(ExecutableInvoker.java:98)
	at org.junit.jupiter.engine.descriptor.ClassBasedTestDescriptor.lambda$invokeAfterAllMethods$13(ClassBasedTestDescriptor.java:425)
	at org.junit.platform.engine.support.hierarchical.ThrowableCollector.execute(ThrowableCollector.java:73)
	at org.junit.jupiter.engine.descriptor.ClassBasedTestDescriptor.lambda$invokeAfterAllMethods$14(ClassBasedTestDescriptor.java:423)
	at java.util.ArrayList.forEach(ArrayList.java:1259)
	at java.util.Collections$UnmodifiableCollection.forEach(Collections.java:1082)
	at org.junit.jupiter.engine.descriptor.ClassBasedTestDescriptor.invokeAfterAllMethods(ClassBasedTestDescriptor.java:423)
	at org.junit.jupiter.engine.descriptor.ClassBasedTestDescriptor.after(ClassBasedTestDescriptor.java:225)
	at org.junit.jupiter.engine.descriptor.ClassBasedTestDescriptor.after(ClassBasedTestDescriptor.java:80)
	at org.junit.platform.engine.support.hierarchical.NodeTestTask.lambda$executeRecursively$7(NodeTestTask.java:161)
	at org.junit.platform.engine.support.hierarchical.ThrowableCollector.execute(ThrowableCollector.java:73)
	at org.junit.platform.engine.support.hierarchical.NodeTestTask.lambda$executeRecursively$8(NodeTestTask.java:161)
	at org.junit.platform.engine.support.hierarchical.Node.around(Node.java:137)
	at org.junit.platform.engine.support.hierarchical.NodeTestTask.lambda$executeRecursively$9(NodeTestTask.java:139)
	at org.junit.platform.engine.support.hierarchical.ThrowableCollector.execute(ThrowableCollector.java:73)
	at org.junit.platform.engine.support.hierarchical.NodeTestTask.executeRecursively(NodeTestTask.java:138)
	at org.junit.platform.engine.support.hierarchical.NodeTestTask.execute(NodeTestTask.java:95)
	at java.util.ArrayList.forEach(ArrayList.java:1259)
	at org.junit.platform.engine.support.hierarchical.SameThreadHierarchicalTestExecutorService.invokeAll(SameThreadHierarchicalTestExecutorService.java:41)
	at org.junit.platform.engine.support.hierarchical.NodeTestTask.lambda$executeRecursively$6(NodeTestTask.java:155)
	at org.junit.platform.engine.support.hierarchical.ThrowableCollector.execute(ThrowableCollector.java:73)
	at org.junit.platform.engine.support.hierarchical.NodeTestTask.lambda$executeRecursively$8(NodeTestTask.java:141)
	at org.junit.platform.engine.support.hierarchical.Node.around(Node.java:137)
	at org.junit.platform.engine.support.hierarchical.NodeTestTask.lambda$executeRecursively$9(NodeTestTask.java:139)
	at org.junit.platform.engine.support.hierarchical.ThrowableCollector.execute(ThrowableCollector.java:73)
	at org.junit.platform.engine.support.hierarchical.NodeTestTask.executeRecursively(NodeTestTask.java:138)
	at org.junit.platform.engine.support.hierarchical.NodeTestTask.execute(NodeTestTask.java:95)
	at org.junit.platform.engine.support.hierarchical.SameThreadHierarchicalTestExecutorService.submit(SameThreadHierarchicalTestExecutorService.java:35)
	at org.junit.platform.engine.support.hierarchical.HierarchicalTestExecutor.execute(HierarchicalTestExecutor.java:57)
	at org.junit.platform.engine.support.hierarchical.HierarchicalTestEngine.execute(HierarchicalTestEngine.java:54)
	at org.junit.platform.launcher.core.EngineExecutionOrchestrator.execute(EngineExecutionOrchestrator.java:107)
	at org.junit.platform.launcher.core.EngineExecutionOrchestrator.execute(EngineExecutionOrchestrator.java:88)
	at org.junit.platform.launcher.core.EngineExecutionOrchestrator.lambda$execute$0(EngineExecutionOrchestrator.java:54)
	at org.junit.platform.launcher.core.EngineExecutionOrchestrator.withInterceptedStreams(EngineExecutionOrchestrator.java:67)
	at org.junit.platform.launcher.core.EngineExecutionOrchestrator.execute(EngineExecutionOrchestrator.java:52)
	at org.junit.platform.launcher.core.DefaultLauncher.execute(DefaultLauncher.java:114)
	at org.junit.platform.launcher.core.DefaultLauncher.execute(DefaultLauncher.java:86)
	at org.junit.platform.launcher.core.DefaultLauncherSession$DelegatingLauncher.execute(DefaultLauncherSession.java:86)
	at org.junit.platform.launcher.core.SessionPerRequestLauncher.execute(SessionPerRequestLauncher.java:53)
	at org.apache.maven.surefire.junitplatform.JUnitPlatformProvider.invokeAllTests(JUnitPlatformProvider.java:165)
	at org.apache.maven.surefire.junitplatform.JUnitPlatformProvider.invoke(JUnitPlatformProvider.java:124)
	at org.apache.maven.surefire.booter.ForkedBooter.runSuitesInProcess(ForkedBooter.java:428)
	at org.apache.maven.surefire.booter.ForkedBooter.execute(ForkedBooter.java:162)
	at org.apache.maven.surefire.booter.ForkedBooter.run(ForkedBooter.java:562)
	at org.apache.maven.surefire.booter.ForkedBooter.main(ForkedBooter.java:548)
]]></stackTrace>
      <system-out><![CDATA[2023-06-07 15:28:39,479 [main] INFO  ozone.MiniOzoneClusterImpl (MiniOzoneClusterImpl.java:shutdown(442)) - Shutting down the Mini Ozone Cluster
2023-06-07 15:28:39,479 [main] INFO  ozone.MiniOzoneClusterImpl (MiniOzoneClusterImpl.java:stop(459)) - Stopping the Mini Ozone Cluster
2023-06-07 15:28:39,479 [main] INFO  ozone.MiniOzoneClusterImpl (MiniOzoneClusterImpl.java:stopOM(545)) - Stopping the OzoneManager
2023-06-07 15:28:39,479 [main] INFO  om.OzoneManager (OzoneManager.java:stop(2166)) - om1[localhost:15144]: Stopping Ozone Manager
2023-06-07 15:28:39,479 [main] INFO  ipc.Server (Server.java:stop(3501)) - Stopping server on 15144
2023-06-07 15:28:39,481 [IPC Server listener on 15144] INFO  ipc.Server (Server.java:run(1430)) - Stopping IPC Server listener on 15144
2023-06-07 15:28:39,485 [IPC Server Responder] INFO  ipc.Server (Server.java:run(1563)) - Stopping IPC Server Responder
2023-06-07 15:28:39,486 [main] INFO  server.RaftServer (RaftServerProxy.java:lambda$close$6(416)) - om1: close
2023-06-07 15:28:39,486 [om1-impl-thread1] INFO  server.RaftServer$Division (RaftServerImpl.java:lambda$close$4(466)) - om1@group-C5BA1605619E: shutdown
2023-06-07 15:28:39,486 [om1-impl-thread1] INFO  util.JmxRegister (JmxRegister.java:unregister(73)) - Successfully un-registered JMX Bean with object name Ratis:service=RaftServer,group=group-C5BA1605619E,id=om1
2023-06-07 15:28:39,486 [om1-impl-thread1] INFO  impl.RoleInfo (RoleInfo.java:shutdownLeaderState(93)) - om1: shutdown om1@group-C5BA1605619E-LeaderStateImpl
2023-06-07 15:28:39,486 [om1-impl-thread1] INFO  impl.PendingRequests (PendingRequests.java:sendNotLeaderResponses(289)) - om1@group-C5BA1605619E-PendingRequests: sendNotLeaderResponses
2023-06-07 15:28:39,486 [om1-impl-thread1] INFO  impl.StateMachineUpdater (StateMachineUpdater.java:stopAndJoin(155)) - om1@group-C5BA1605619E-StateMachineUpdater: set stopIndex = 0
2023-06-07 15:28:39,486 [om1@group-C5BA1605619E-StateMachineUpdater] INFO  ratis.OzoneManagerStateMachine (OzoneManagerStateMachine.java:takeSnapshot(479)) - Current Snapshot Index (t:1, i:0)
2023-06-07 15:28:39,487 [main] INFO  server.GrpcService (GrpcService.java:closeImpl(311)) - om1: shutdown server GrpcServerProtocolService now
2023-06-07 15:28:39,494 [main] INFO  server.GrpcService (GrpcService.java:closeImpl(320)) - om1: shutdown server GrpcServerProtocolService successfully
2023-06-07 15:28:39,496 [efa45e82-ca68-4f30-8815-940e5f7e9f9b@group-8BE6392C8846-FollowerState] INFO  impl.FollowerState (FollowerState.java:run(143)) - efa45e82-ca68-4f30-8815-940e5f7e9f9b@group-8BE6392C8846-FollowerState: change to CANDIDATE, lastRpcElapsedTime:5155558310ns, electionTimeout:5155ms
2023-06-07 15:28:39,496 [efa45e82-ca68-4f30-8815-940e5f7e9f9b@group-8BE6392C8846-FollowerState] INFO  impl.RoleInfo (RoleInfo.java:shutdownFollowerState(110)) - efa45e82-ca68-4f30-8815-940e5f7e9f9b: shutdown efa45e82-ca68-4f30-8815-940e5f7e9f9b@group-8BE6392C8846-FollowerState
2023-06-07 15:28:39,496 [efa45e82-ca68-4f30-8815-940e5f7e9f9b@group-8BE6392C8846-FollowerState] INFO  server.RaftServer$Division (RaftServerImpl.java:setRole(329)) - efa45e82-ca68-4f30-8815-940e5f7e9f9b@group-8BE6392C8846: changes role from  FOLLOWER to CANDIDATE at term 0 for changeToCandidate
2023-06-07 15:28:39,496 [efa45e82-ca68-4f30-8815-940e5f7e9f9b@group-8BE6392C8846-FollowerState] INFO  server.RaftServerConfigKeys (ConfUtils.java:logGet(46)) - raft.server.leaderelection.pre-vote = true (default)
2023-06-07 15:28:39,496 [efa45e82-ca68-4f30-8815-940e5f7e9f9b@group-8BE6392C8846-FollowerState] INFO  impl.RoleInfo (RoleInfo.java:updateAndGet(139)) - efa45e82-ca68-4f30-8815-940e5f7e9f9b: start efa45e82-ca68-4f30-8815-940e5f7e9f9b@group-8BE6392C8846-LeaderElection48
2023-06-07 15:28:39,500 [efa45e82-ca68-4f30-8815-940e5f7e9f9b@group-8BE6392C8846-LeaderElection48] INFO  impl.LeaderElection (LeaderElection.java:askForVotes(321)) - efa45e82-ca68-4f30-8815-940e5f7e9f9b@group-8BE6392C8846-LeaderElection48 PRE_VOTE round 0: submit vote requests at term 0 for -1: peers:[efa45e82-ca68-4f30-8815-940e5f7e9f9b|rpc:10.1.0.36:15172|admin:10.1.0.36:15171|client:10.1.0.36:15170|dataStream:10.1.0.36:15173|priority:1|startupRole:FOLLOWER]|listeners:[], old=null
2023-06-07 15:28:39,500 [efa45e82-ca68-4f30-8815-940e5f7e9f9b@group-8BE6392C8846-LeaderElection48] INFO  impl.LeaderElection (LeaderElection.java:askForVotes(323)) - efa45e82-ca68-4f30-8815-940e5f7e9f9b@group-8BE6392C8846-LeaderElection48 PRE_VOTE round 0: result PASSED (term=0)
2023-06-07 15:28:39,501 [efa45e82-ca68-4f30-8815-940e5f7e9f9b@group-8BE6392C8846-LeaderElection48] INFO  impl.LeaderElection (LeaderElection.java:askForVotes(321)) - efa45e82-ca68-4f30-8815-940e5f7e9f9b@group-8BE6392C8846-LeaderElection48 ELECTION round 0: submit vote requests at term 1 for -1: peers:[efa45e82-ca68-4f30-8815-940e5f7e9f9b|rpc:10.1.0.36:15172|admin:10.1.0.36:15171|client:10.1.0.36:15170|dataStream:10.1.0.36:15173|priority:1|startupRole:FOLLOWER]|listeners:[], old=null
2023-06-07 15:28:39,501 [efa45e82-ca68-4f30-8815-940e5f7e9f9b@group-8BE6392C8846-LeaderElection48] INFO  impl.LeaderElection (LeaderElection.java:askForVotes(323)) - efa45e82-ca68-4f30-8815-940e5f7e9f9b@group-8BE6392C8846-LeaderElection48 ELECTION round 0: result PASSED (term=1)
2023-06-07 15:28:39,501 [efa45e82-ca68-4f30-8815-940e5f7e9f9b@group-8BE6392C8846-LeaderElection48] INFO  impl.RoleInfo (RoleInfo.java:shutdownLeaderElection(130)) - efa45e82-ca68-4f30-8815-940e5f7e9f9b: shutdown efa45e82-ca68-4f30-8815-940e5f7e9f9b@group-8BE6392C8846-LeaderElection48
2023-06-07 15:28:39,501 [efa45e82-ca68-4f30-8815-940e5f7e9f9b@group-8BE6392C8846-LeaderElection48] INFO  server.RaftServer$Division (RaftServerImpl.java:setRole(329)) - efa45e82-ca68-4f30-8815-940e5f7e9f9b@group-8BE6392C8846: changes role from CANDIDATE to LEADER at term 1 for changeToLeader
2023-06-07 15:28:39,502 [om1@group-C5BA1605619E-StateMachineUpdater] INFO  impl.StateMachineUpdater (StateMachineUpdater.java:takeSnapshot(291)) - om1@group-C5BA1605619E-StateMachineUpdater: Took a snapshot at index 0
2023-06-07 15:28:39,502 [efa45e82-ca68-4f30-8815-940e5f7e9f9b@group-8BE6392C8846-LeaderElection48] INFO  ratis.XceiverServerRatis (XceiverServerRatis.java:handleLeaderChangedNotification(902)) - Leader change notification received for group: group-8BE6392C8846 with new leaderId: efa45e82-ca68-4f30-8815-940e5f7e9f9b
2023-06-07 15:28:39,502 [om1@group-C5BA1605619E-StateMachineUpdater] INFO  impl.StateMachineUpdater (StateMachineUpdater.java:lambda$new$0(97)) - om1@group-C5BA1605619E-StateMachineUpdater: snapshotIndex: updateIncreasingly -1 -> 0
2023-06-07 15:28:39,502 [om1@group-C5BA1605619E-StateMachineUpdater] INFO  ratis.OzoneManagerStateMachine (OzoneManagerStateMachine.java:close(533)) - StateMachine has shutdown. Shutdown OzoneManager if not already shutdown.
2023-06-07 15:28:39,502 [om1@group-C5BA1605619E-StateMachineUpdater] INFO  ratis.OzoneManagerDoubleBuffer (OzoneManagerDoubleBuffer.java:stopDaemon(559)) - Stopping OMDoubleBuffer flush thread
2023-06-07 15:28:39,502 [efa45e82-ca68-4f30-8815-940e5f7e9f9b@group-8BE6392C8846-LeaderElection48] INFO  server.RaftServer$Division (ServerState.java:setLeader(317)) - efa45e82-ca68-4f30-8815-940e5f7e9f9b@group-8BE6392C8846: change Leader from null to efa45e82-ca68-4f30-8815-940e5f7e9f9b at term 1 for becomeLeader, leader elected after 5176ms
2023-06-07 15:28:39,503 [efa45e82-ca68-4f30-8815-940e5f7e9f9b@group-8BE6392C8846-LeaderElection48] INFO  server.RaftServerConfigKeys (ConfUtils.java:logGet(46)) - raft.server.staging.catchup.gap = 1000 (default)
2023-06-07 15:28:39,503 [efa45e82-ca68-4f30-8815-940e5f7e9f9b@group-8BE6392C8846-LeaderElection48] INFO  server.RaftServerConfigKeys (ConfUtils.java:logGet(46)) - raft.server.write.element-limit = 1024 (custom)
2023-06-07 15:28:39,503 [efa45e82-ca68-4f30-8815-940e5f7e9f9b@group-8BE6392C8846-LeaderElection48] INFO  server.RaftServerConfigKeys (ConfUtils.java:logGet(46)) - raft.server.write.byte-limit = 1024 M (=1073741824) (custom)
2023-06-07 15:28:39,503 [efa45e82-ca68-4f30-8815-940e5f7e9f9b@group-8BE6392C8846-LeaderElection48] INFO  server.RaftServerConfigKeys (ConfUtils.java:logGet(46)) - raft.server.watch.timeout = 180s (custom)
2023-06-07 15:28:39,503 [efa45e82-ca68-4f30-8815-940e5f7e9f9b@group-8BE6392C8846-LeaderElection48] INFO  server.RaftServerConfigKeys (ConfUtils.java:logGet(46)) - raft.server.watch.timeout.denomination = 1s (default)
2023-06-07 15:28:39,504 [efa45e82-ca68-4f30-8815-940e5f7e9f9b@group-8BE6392C8846-LeaderElection48] INFO  server.RaftServerConfigKeys (ConfUtils.java:logGet(46)) - raft.server.watch.element-limit = 65536 (default)
2023-06-07 15:28:39,504 [efa45e82-ca68-4f30-8815-940e5f7e9f9b@group-8BE6392C8846-LeaderElection48] INFO  server.RaftServerConfigKeys (ConfUtils.java:logGet(46)) - raft.server.write.element-limit = 1024 (custom)
2023-06-07 15:28:39,504 [efa45e82-ca68-4f30-8815-940e5f7e9f9b@group-8BE6392C8846-LeaderElection48] INFO  server.RaftServerConfigKeys (ConfUtils.java:logGet(46)) - raft.server.write.follower.gap.ratio.max = -1.0 (default)
2023-06-07 15:28:39,504 [efa45e82-ca68-4f30-8815-940e5f7e9f9b@group-8BE6392C8846-LeaderElection48] INFO  impl.RoleInfo (RoleInfo.java:updateAndGet(139)) - efa45e82-ca68-4f30-8815-940e5f7e9f9b: start efa45e82-ca68-4f30-8815-940e5f7e9f9b@group-8BE6392C8846-LeaderStateImpl
2023-06-07 15:28:39,504 [efa45e82-ca68-4f30-8815-940e5f7e9f9b@group-8BE6392C8846-LeaderElection48] INFO  segmented.SegmentedRaftLogWorker (SegmentedRaftLogWorker.java:startLogSegment(447)) - efa45e82-ca68-4f30-8815-940e5f7e9f9b@group-8BE6392C8846-SegmentedRaftLogWorker: Starting segment from index:0
2023-06-07 15:28:39,505 [OMDoubleBufferFlushThread] INFO  ratis.OzoneManagerDoubleBuffer (OzoneManagerDoubleBuffer.java:canFlush(648)) - OMDoubleBuffer flush thread OMDoubleBufferFlushThread is interrupted and will exit.
2023-06-07 15:28:39,505 [efa45e82-ca68-4f30-8815-940e5f7e9f9b@group-8BE6392C8846-SegmentedRaftLogWorker] INFO  segmented.SegmentedRaftLogWorker (SegmentedRaftLogWorker.java:execute(651)) - efa45e82-ca68-4f30-8815-940e5f7e9f9b@group-8BE6392C8846-SegmentedRaftLogWorker: created new log segment /home/runner/work/ozone/ozone/hadoop-ozone/integration-test/target/test-dir/MiniOzoneClusterImpl-9ef9e1ec-a4f9-4545-93c0-8780ce080e53/datanode-2/data/ratis/24221a65-427b-445f-87f0-8be6392c8846/current/log_inprogress_0
2023-06-07 15:28:39,505 [om1-impl-thread1] INFO  server.RaftServer$Division (ServerState.java:close(472)) - om1@group-C5BA1605619E: closes. applyIndex: 0
2023-06-07 15:28:39,508 [efa45e82-ca68-4f30-8815-940e5f7e9f9b@group-8BE6392C8846-LeaderElection48] INFO  server.RaftServer$Division (ServerState.java:setRaftConf(434)) - efa45e82-ca68-4f30-8815-940e5f7e9f9b@group-8BE6392C8846: set configuration 0: peers:[efa45e82-ca68-4f30-8815-940e5f7e9f9b|rpc:10.1.0.36:15172|admin:10.1.0.36:15171|client:10.1.0.36:15170|dataStream:10.1.0.36:15173|priority:1|startupRole:FOLLOWER]|listeners:[], old=null
2023-06-07 15:28:40,490 [om1-impl-thread1] INFO  segmented.SegmentedRaftLogWorker (SegmentedRaftLogWorker.java:close(252)) - om1@group-C5BA1605619E-SegmentedRaftLogWorker close()
2023-06-07 15:28:40,491 [JvmPauseMonitor26] INFO  util.JvmPauseMonitor (JvmPauseMonitor.java:run(109)) - JvmPauseMonitor-om1: Stopped
2023-06-07 15:28:40,491 [main] INFO  ratis.OzoneManagerStateMachine (OzoneManagerStateMachine.java:close(533)) - StateMachine has shutdown. Shutdown OzoneManager if not already shutdown.
2023-06-07 15:28:40,491 [main] INFO  ratis.OzoneManagerDoubleBuffer (OzoneManagerDoubleBuffer.java:stopDaemon(568)) - OMDoubleBuffer flush thread is not running.
2023-06-07 15:28:40,492 [main] INFO  utils.BackgroundService (BackgroundService.java:shutdown(141)) - Shutting down service KeyDeletingService
2023-06-07 15:28:40,492 [main] INFO  utils.BackgroundService (BackgroundService.java:shutdown(141)) - Shutting down service KeyDeletingService
2023-06-07 15:28:40,492 [main] INFO  utils.BackgroundService (BackgroundService.java:shutdown(141)) - Shutting down service OpenKeyCleanupService
2023-06-07 15:28:40,493 [main] INFO  utils.BackgroundService (BackgroundService.java:shutdown(141)) - Shutting down service SstFilteringService
2023-06-07 15:28:40,493 [main] INFO  utils.BackgroundService (BackgroundService.java:shutdown(141)) - Shutting down service SnapshotDeletingService
2023-06-07 15:28:40,493 [main] INFO  handler.ContextHandler (ContextHandler.java:doStop(1159)) - Stopped o.e.j.w.WebAppContext@3b8cfe82{ozoneManager,/,null,STOPPED}{file:/home/runner/work/ozone/ozone/hadoop-ozone/integration-test/target/test-classes/webapps/ozoneManager}
2023-06-07 15:28:40,494 [main] INFO  server.AbstractConnector (AbstractConnector.java:doStop(383)) - Stopped ServerConnector@2adc508f{HTTP/1.1, (http/1.1)}{0.0.0.0:15145}
2023-06-07 15:28:40,494 [main] INFO  server.session (HouseKeeper.java:stopScavenging(149)) - node0 Stopped scavenging
2023-06-07 15:28:40,494 [main] INFO  handler.ContextHandler (ContextHandler.java:doStop(1159)) - Stopped o.e.j.s.ServletContextHandler@7ac3b723{static,/static,file:///home/runner/work/ozone/ozone/hadoop-ozone/integration-test/target/test-classes/webapps/static,STOPPED}
2023-06-07 15:28:40,494 [main] INFO  handler.ContextHandler (ContextHandler.java:doStop(1159)) - Stopped o.e.j.s.ServletContextHandler@3ac62ab9{logs,/logs,file:///home/runner/work/ozone/ozone/hadoop-ozone/integration-test/target/log,STOPPED}
2023-06-07 15:28:40,497 [main] INFO  snapshot.SnapshotDiffManager (SnapshotDiffManager.java:closeExecutorService(1278)) - Shutting down executorService: 'SnapDiffExecutor'
2023-06-07 15:28:40,497 [main] INFO  utils.BackgroundService (BackgroundService.java:shutdown(141)) - Shutting down service SnapshotDiffCleanupService
2023-06-07 15:28:40,497 [main] INFO  ozone.MiniOzoneClusterImpl (MiniOzoneClusterImpl.java:stopDatanodes(522)) - Stopping the HddsDatanodes
2023-06-07 15:28:40,501 [ForkJoinPool.commonPool-worker-2] INFO  ozoneimpl.OzoneContainer (OzoneContainer.java:stop(420)) - Attempting to stop container services.
2023-06-07 15:28:40,501 [main] INFO  ozoneimpl.OzoneContainer (OzoneContainer.java:stop(420)) - Attempting to stop container services.
2023-06-07 15:28:40,507 [ForkJoinPool.commonPool-worker-2] INFO  server.RaftServer (RaftServerProxy.java:lambda$close$6(416)) - fa5e7d90-fdd2-41f3-8d5b-915cc439a221: close
2023-06-07 15:28:40,507 [fa5e7d90-fdd2-41f3-8d5b-915cc439a221-impl-thread1] INFO  server.RaftServer$Division (RaftServerImpl.java:lambda$close$4(466)) - fa5e7d90-fdd2-41f3-8d5b-915cc439a221@group-33878030F2E6: shutdown
2023-06-07 15:28:40,508 [fa5e7d90-fdd2-41f3-8d5b-915cc439a221-impl-thread1] INFO  util.JmxRegister (JmxRegister.java:unregister(73)) - Successfully un-registered JMX Bean with object name Ratis:service=RaftServer,group=group-33878030F2E6,id=fa5e7d90-fdd2-41f3-8d5b-915cc439a221
2023-06-07 15:28:40,508 [fa5e7d90-fdd2-41f3-8d5b-915cc439a221-impl-thread1] INFO  impl.RoleInfo (RoleInfo.java:shutdownLeaderState(93)) - fa5e7d90-fdd2-41f3-8d5b-915cc439a221: shutdown fa5e7d90-fdd2-41f3-8d5b-915cc439a221@group-33878030F2E6-LeaderStateImpl
2023-06-07 15:28:40,508 [fa5e7d90-fdd2-41f3-8d5b-915cc439a221-impl-thread1] INFO  impl.PendingRequests (PendingRequests.java:sendNotLeaderResponses(289)) - fa5e7d90-fdd2-41f3-8d5b-915cc439a221@group-33878030F2E6-PendingRequests: sendNotLeaderResponses
2023-06-07 15:28:40,509 [fa5e7d90-fdd2-41f3-8d5b-915cc439a221-impl-thread1] INFO  impl.StateMachineUpdater (StateMachineUpdater.java:stopAndJoin(155)) - fa5e7d90-fdd2-41f3-8d5b-915cc439a221@group-33878030F2E6-StateMachineUpdater: set stopIndex = 0
2023-06-07 15:28:40,509 [fa5e7d90-fdd2-41f3-8d5b-915cc439a221@group-33878030F2E6-StateMachineUpdater] INFO  ratis.ContainerStateMachine (ContainerStateMachine.java:takeSnapshot(330)) - group-33878030F2E6: Taking a snapshot at:(t:1, i:0) file /home/runner/work/ozone/ozone/hadoop-ozone/integration-test/target/test-dir/MiniOzoneClusterImpl-9ef9e1ec-a4f9-4545-93c0-8780ce080e53/datanode-0/data/ratis/6d176be6-9bf9-464a-9682-33878030f2e6/sm/snapshot.1_0
2023-06-07 15:28:40,509 [fa5e7d90-fdd2-41f3-8d5b-915cc439a221-impl-thread2] INFO  server.RaftServer$Division (RaftServerImpl.java:lambda$close$4(466)) - fa5e7d90-fdd2-41f3-8d5b-915cc439a221@group-AC295938CAC8: shutdown
2023-06-07 15:28:40,509 [fa5e7d90-fdd2-41f3-8d5b-915cc439a221-impl-thread2] INFO  util.JmxRegister (JmxRegister.java:unregister(73)) - Successfully un-registered JMX Bean with object name Ratis:service=RaftServer,group=group-AC295938CAC8,id=fa5e7d90-fdd2-41f3-8d5b-915cc439a221
2023-06-07 15:28:40,509 [fa5e7d90-fdd2-41f3-8d5b-915cc439a221-impl-thread2] INFO  impl.RoleInfo (RoleInfo.java:shutdownLeaderState(93)) - fa5e7d90-fdd2-41f3-8d5b-915cc439a221: shutdown fa5e7d90-fdd2-41f3-8d5b-915cc439a221@group-AC295938CAC8-LeaderStateImpl
2023-06-07 15:28:40,510 [ForkJoinPool.commonPool-worker-2] INFO  server.GrpcService (GrpcService.java:closeImpl(311)) - fa5e7d90-fdd2-41f3-8d5b-915cc439a221: shutdown server org.apache.ratis.grpc.server.GrpcClientProtocolService now
2023-06-07 15:28:40,510 [fa5e7d90-fdd2-41f3-8d5b-915cc439a221-impl-thread2] INFO  impl.PendingRequests (PendingRequests.java:sendNotLeaderResponses(289)) - fa5e7d90-fdd2-41f3-8d5b-915cc439a221@group-AC295938CAC8-PendingRequests: sendNotLeaderResponses
2023-06-07 15:28:40,510 [fa5e7d90-fdd2-41f3-8d5b-915cc439a221@group-AC295938CAC8->e64052cc-d3b4-427e-8729-7eeabbea3e8a-GrpcLogAppender-LogAppenderDaemon] WARN  server.GrpcLogAppender (GrpcLogAppender.java:mayWait(199)) - fa5e7d90-fdd2-41f3-8d5b-915cc439a221@group-AC295938CAC8->e64052cc-d3b4-427e-8729-7eeabbea3e8a-GrpcLogAppender: Wait interrupted by java.lang.InterruptedException
2023-06-07 15:28:40,510 [fa5e7d90-fdd2-41f3-8d5b-915cc439a221@group-AC295938CAC8->efa45e82-ca68-4f30-8815-940e5f7e9f9b-GrpcLogAppender-LogAppenderDaemon] WARN  server.GrpcLogAppender (GrpcLogAppender.java:mayWait(199)) - fa5e7d90-fdd2-41f3-8d5b-915cc439a221@group-AC295938CAC8->efa45e82-ca68-4f30-8815-940e5f7e9f9b-GrpcLogAppender: Wait interrupted by java.lang.InterruptedException
2023-06-07 15:28:40,511 [grpc-default-executor-9] INFO  server.GrpcServerProtocolService (GrpcServerProtocolService.java:onCompleted(155)) - e64052cc-d3b4-427e-8729-7eeabbea3e8a: Completed APPEND_ENTRIES, lastRequest: fa5e7d90-fdd2-41f3-8d5b-915cc439a221->e64052cc-d3b4-427e-8729-7eeabbea3e8a#1-t1,previous=(t:0, i:0),leaderCommit=-1,initializing? true,entries: size=1, first=(t:1, i:0), CONFIGURATIONENTRY(current:id: "e64052cc-d3b4-427e-8729-7eeabbea3e8a"
address: "10.1.0.36:15163"
dataStreamAddress: "10.1.0.36:15164"
clientAddress: "10.1.0.36:15161"
adminAddress: "10.1.0.36:15162"
startupRole: FOLLOWER
,id: "efa45e82-ca68-4f30-8815-940e5f7e9f9b"
address: "10.1.0.36:15172"
dataStreamAddress: "10.1.0.36:15173"
clientAddress: "10.1.0.36:15170"
adminAddress: "10.1.0.36:15171"
startupRole: FOLLOWER
,id: "fa5e7d90-fdd2-41f3-8d5b-915cc439a221"
address: "10.1.0.36:15154"
priority: 1
dataStreamAddress: "10.1.0.36:15155"
clientAddress: "10.1.0.36:15152"
adminAddress: "10.1.0.36:15153"
startupRole: FOLLOWER
, old:)
2023-06-07 15:28:40,511 [grpc-default-executor-9] INFO  server.GrpcServerProtocolService (GrpcServerProtocolService.java:lambda$onCompleted$5(157)) - e64052cc-d3b4-427e-8729-7eeabbea3e8a: Completed APPEND_ENTRIES, lastReply: null
2023-06-07 15:28:40,511 [grpc-default-executor-11] INFO  server.GrpcServerProtocolService (GrpcServerProtocolService.java:onCompleted(155)) - e64052cc-d3b4-427e-8729-7eeabbea3e8a: Completed APPEND_ENTRIES, lastRequest: null
2023-06-07 15:28:40,511 [grpc-default-executor-10] INFO  server.GrpcServerProtocolService (GrpcServerProtocolService.java:onCompleted(155)) - efa45e82-ca68-4f30-8815-940e5f7e9f9b: Completed APPEND_ENTRIES, lastRequest: fa5e7d90-fdd2-41f3-8d5b-915cc439a221->efa45e82-ca68-4f30-8815-940e5f7e9f9b#1-t1,previous=(t:0, i:0),leaderCommit=-1,initializing? true,entries: size=1, first=(t:1, i:0), CONFIGURATIONENTRY(current:id: "e64052cc-d3b4-427e-8729-7eeabbea3e8a"
address: "10.1.0.36:15163"
dataStreamAddress: "10.1.0.36:15164"
clientAddress: "10.1.0.36:15161"
adminAddress: "10.1.0.36:15162"
startupRole: FOLLOWER
,id: "efa45e82-ca68-4f30-8815-940e5f7e9f9b"
address: "10.1.0.36:15172"
dataStreamAddress: "10.1.0.36:15173"
clientAddress: "10.1.0.36:15170"
adminAddress: "10.1.0.36:15171"
startupRole: FOLLOWER
,id: "fa5e7d90-fdd2-41f3-8d5b-915cc439a221"
address: "10.1.0.36:15154"
priority: 1
dataStreamAddress: "10.1.0.36:15155"
clientAddress: "10.1.0.36:15152"
adminAddress: "10.1.0.36:15153"
startupRole: FOLLOWER
, old:)
2023-06-07 15:28:40,512 [grpc-default-executor-10] INFO  server.GrpcServerProtocolService (GrpcServerProtocolService.java:lambda$onCompleted$5(157)) - efa45e82-ca68-4f30-8815-940e5f7e9f9b: Completed APPEND_ENTRIES, lastReply: null
2023-06-07 15:28:40,512 [grpc-default-executor-10] INFO  server.GrpcServerProtocolService (GrpcServerProtocolService.java:onCompleted(155)) - efa45e82-ca68-4f30-8815-940e5f7e9f9b: Completed APPEND_ENTRIES, lastRequest: null
2023-06-07 15:28:40,512 [grpc-default-executor-11] INFO  server.GrpcServerProtocolService (GrpcServerProtocolService.java:lambda$onCompleted$5(157)) - e64052cc-d3b4-427e-8729-7eeabbea3e8a: Completed APPEND_ENTRIES, lastReply: serverReply {
  requestorId: "fa5e7d90-fdd2-41f3-8d5b-915cc439a221"
  replyId: "e64052cc-d3b4-427e-8729-7eeabbea3e8a"
  raftGroupId {
    id: "z\231;b\031\"A\301\262\371\254)Y8\312\310"
  }
  success: true
}
term: 1
followerCommit: 18446744073709551615
matchIndex: 18446744073709551615
isHearbeat: true

2023-06-07 15:28:40,512 [grpc-default-executor-10] INFO  server.GrpcServerProtocolService (GrpcServerProtocolService.java:lambda$onCompleted$5(157)) - efa45e82-ca68-4f30-8815-940e5f7e9f9b: Completed APPEND_ENTRIES, lastReply: serverReply {
  requestorId: "fa5e7d90-fdd2-41f3-8d5b-915cc439a221"
  replyId: "efa45e82-ca68-4f30-8815-940e5f7e9f9b"
  raftGroupId {
    id: "z\231;b\031\"A\301\262\371\254)Y8\312\310"
  }
  success: true
}
term: 1
followerCommit: 18446744073709551615
matchIndex: 18446744073709551615
isHearbeat: true

2023-06-07 15:28:40,510 [fa5e7d90-fdd2-41f3-8d5b-915cc439a221@group-33878030F2E6-StateMachineUpdater] INFO  ratis.ContainerStateMachine (ContainerStateMachine.java:takeSnapshot(341)) - group-33878030F2E6: Finished taking a snapshot at:(t:1, i:0) file:/home/runner/work/ozone/ozone/hadoop-ozone/integration-test/target/test-dir/MiniOzoneClusterImpl-9ef9e1ec-a4f9-4545-93c0-8780ce080e53/datanode-0/data/ratis/6d176be6-9bf9-464a-9682-33878030f2e6/sm/snapshot.1_0 took: 2 ms
2023-06-07 15:28:40,512 [fa5e7d90-fdd2-41f3-8d5b-915cc439a221@group-33878030F2E6-StateMachineUpdater] INFO  impl.StateMachineUpdater (StateMachineUpdater.java:takeSnapshot(291)) - fa5e7d90-fdd2-41f3-8d5b-915cc439a221@group-33878030F2E6-StateMachineUpdater: Took a snapshot at index 0
2023-06-07 15:28:40,512 [fa5e7d90-fdd2-41f3-8d5b-915cc439a221@group-33878030F2E6-StateMachineUpdater] INFO  impl.StateMachineUpdater (StateMachineUpdater.java:lambda$new$0(97)) - fa5e7d90-fdd2-41f3-8d5b-915cc439a221@group-33878030F2E6-StateMachineUpdater: snapshotIndex: updateIncreasingly -1 -> 0
2023-06-07 15:28:40,513 [fa5e7d90-fdd2-41f3-8d5b-915cc439a221-impl-thread1] INFO  server.RaftServer$Division (ServerState.java:close(472)) - fa5e7d90-fdd2-41f3-8d5b-915cc439a221@group-33878030F2E6: closes. applyIndex: 0
2023-06-07 15:28:40,513 [grpc-default-executor-10] INFO  server.GrpcLogAppender (GrpcLogAppender.java:onCompleted(428)) - fa5e7d90-fdd2-41f3-8d5b-915cc439a221@group-AC295938CAC8->efa45e82-ca68-4f30-8815-940e5f7e9f9b-AppendLogResponseHandler: follower responses appendEntries COMPLETED
2023-06-07 15:28:40,513 [grpc-default-executor-10] INFO  leader.FollowerInfo (FollowerInfoImpl.java:lambda$new$0(52)) - fa5e7d90-fdd2-41f3-8d5b-915cc439a221@group-AC295938CAC8->efa45e82-ca68-4f30-8815-940e5f7e9f9b: decreaseNextIndex nextIndex: updateUnconditionally 1 -> 0
2023-06-07 15:28:40,513 [grpc-default-executor-5] INFO  server.GrpcLogAppender (GrpcLogAppender.java:onCompleted(428)) - fa5e7d90-fdd2-41f3-8d5b-915cc439a221@group-AC295938CAC8->efa45e82-ca68-4f30-8815-940e5f7e9f9b-AppendLogResponseHandler: follower responses appendEntries COMPLETED
2023-06-07 15:28:40,515 [grpc-default-executor-5] INFO  server.GrpcLogAppender (GrpcLogAppender.java:onCompleted(428)) - fa5e7d90-fdd2-41f3-8d5b-915cc439a221@group-AC295938CAC8->e64052cc-d3b4-427e-8729-7eeabbea3e8a-AppendLogResponseHandler: follower responses appendEntries COMPLETED
2023-06-07 15:28:40,515 [grpc-default-executor-5] INFO  leader.FollowerInfo (FollowerInfoImpl.java:lambda$new$0(52)) - fa5e7d90-fdd2-41f3-8d5b-915cc439a221@group-AC295938CAC8->e64052cc-d3b4-427e-8729-7eeabbea3e8a: decreaseNextIndex nextIndex: updateUnconditionally 1 -> 0
2023-06-07 15:28:40,516 [grpc-default-executor-10] INFO  server.GrpcLogAppender (GrpcLogAppender.java:onCompleted(428)) - fa5e7d90-fdd2-41f3-8d5b-915cc439a221@group-AC295938CAC8->e64052cc-d3b4-427e-8729-7eeabbea3e8a-AppendLogResponseHandler: follower responses appendEntries COMPLETED
2023-06-07 15:28:40,516 [fa5e7d90-fdd2-41f3-8d5b-915cc439a221@group-AC295938CAC8-StateMachineUpdater] INFO  ratis.ContainerStateMachine (ContainerStateMachine.java:takeSnapshot(330)) - group-AC295938CAC8: Taking a snapshot at:(t:1, i:0) file /home/runner/work/ozone/ozone/hadoop-ozone/integration-test/target/test-dir/MiniOzoneClusterImpl-9ef9e1ec-a4f9-4545-93c0-8780ce080e53/datanode-0/data/ratis/7a993b62-1922-41c1-b2f9-ac295938cac8/sm/snapshot.1_0
2023-06-07 15:28:40,517 [fa5e7d90-fdd2-41f3-8d5b-915cc439a221-impl-thread2] INFO  impl.StateMachineUpdater (StateMachineUpdater.java:stopAndJoin(155)) - fa5e7d90-fdd2-41f3-8d5b-915cc439a221@group-AC295938CAC8-StateMachineUpdater: set stopIndex = 0
2023-06-07 15:28:40,517 [fa5e7d90-fdd2-41f3-8d5b-915cc439a221-impl-thread3] INFO  server.RaftServer$Division (RaftServerImpl.java:lambda$close$4(466)) - fa5e7d90-fdd2-41f3-8d5b-915cc439a221@group-E7DAEFF13D73: shutdown
2023-06-07 15:28:40,517 [fa5e7d90-fdd2-41f3-8d5b-915cc439a221-impl-thread3] INFO  util.JmxRegister (JmxRegister.java:unregister(73)) - Successfully un-registered JMX Bean with object name Ratis:service=RaftServer,group=group-E7DAEFF13D73,id=fa5e7d90-fdd2-41f3-8d5b-915cc439a221
2023-06-07 15:28:40,517 [fa5e7d90-fdd2-41f3-8d5b-915cc439a221-impl-thread3] INFO  impl.RoleInfo (RoleInfo.java:shutdownFollowerState(110)) - fa5e7d90-fdd2-41f3-8d5b-915cc439a221: shutdown fa5e7d90-fdd2-41f3-8d5b-915cc439a221@group-E7DAEFF13D73-FollowerState
2023-06-07 15:28:40,517 [main] INFO  server.RaftServer (RaftServerProxy.java:lambda$close$6(416)) - e64052cc-d3b4-427e-8729-7eeabbea3e8a: close
2023-06-07 15:28:40,517 [fa5e7d90-fdd2-41f3-8d5b-915cc439a221@group-AC295938CAC8-StateMachineUpdater] INFO  ratis.ContainerStateMachine (ContainerStateMachine.java:takeSnapshot(341)) - group-AC295938CAC8: Finished taking a snapshot at:(t:1, i:0) file:/home/runner/work/ozone/ozone/hadoop-ozone/integration-test/target/test-dir/MiniOzoneClusterImpl-9ef9e1ec-a4f9-4545-93c0-8780ce080e53/datanode-0/data/ratis/7a993b62-1922-41c1-b2f9-ac295938cac8/sm/snapshot.1_0 took: 1 ms
2023-06-07 15:28:40,517 [fa5e7d90-fdd2-41f3-8d5b-915cc439a221@group-AC295938CAC8-StateMachineUpdater] INFO  impl.StateMachineUpdater (StateMachineUpdater.java:takeSnapshot(291)) - fa5e7d90-fdd2-41f3-8d5b-915cc439a221@group-AC295938CAC8-StateMachineUpdater: Took a snapshot at index 0
2023-06-07 15:28:40,517 [fa5e7d90-fdd2-41f3-8d5b-915cc439a221@group-AC295938CAC8-StateMachineUpdater] INFO  impl.StateMachineUpdater (StateMachineUpdater.java:lambda$new$0(97)) - fa5e7d90-fdd2-41f3-8d5b-915cc439a221@group-AC295938CAC8-StateMachineUpdater: snapshotIndex: updateIncreasingly -1 -> 0
2023-06-07 15:28:40,518 [fa5e7d90-fdd2-41f3-8d5b-915cc439a221-impl-thread2] INFO  server.RaftServer$Division (ServerState.java:close(472)) - fa5e7d90-fdd2-41f3-8d5b-915cc439a221@group-AC295938CAC8: closes. applyIndex: 0
2023-06-07 15:28:40,518 [e64052cc-d3b4-427e-8729-7eeabbea3e8a-impl-thread1] INFO  server.RaftServer$Division (RaftServerImpl.java:lambda$close$4(466)) - e64052cc-d3b4-427e-8729-7eeabbea3e8a@group-23CFFDE44CC8: shutdown
2023-06-07 15:28:40,518 [e64052cc-d3b4-427e-8729-7eeabbea3e8a-impl-thread1] INFO  util.JmxRegister (JmxRegister.java:unregister(73)) - Successfully un-registered JMX Bean with object name Ratis:service=RaftServer,group=group-23CFFDE44CC8,id=e64052cc-d3b4-427e-8729-7eeabbea3e8a
2023-06-07 15:28:40,518 [e64052cc-d3b4-427e-8729-7eeabbea3e8a-impl-thread1] INFO  impl.RoleInfo (RoleInfo.java:shutdownLeaderState(93)) - e64052cc-d3b4-427e-8729-7eeabbea3e8a: shutdown e64052cc-d3b4-427e-8729-7eeabbea3e8a@group-23CFFDE44CC8-LeaderStateImpl
2023-06-07 15:28:40,518 [e64052cc-d3b4-427e-8729-7eeabbea3e8a-impl-thread1] INFO  impl.PendingRequests (PendingRequests.java:sendNotLeaderResponses(289)) - e64052cc-d3b4-427e-8729-7eeabbea3e8a@group-23CFFDE44CC8-PendingRequests: sendNotLeaderResponses
2023-06-07 15:28:40,518 [e64052cc-d3b4-427e-8729-7eeabbea3e8a-impl-thread1] INFO  impl.StateMachineUpdater (StateMachineUpdater.java:stopAndJoin(155)) - e64052cc-d3b4-427e-8729-7eeabbea3e8a@group-23CFFDE44CC8-StateMachineUpdater: set stopIndex = 0
2023-06-07 15:28:40,518 [e64052cc-d3b4-427e-8729-7eeabbea3e8a@group-23CFFDE44CC8-StateMachineUpdater] INFO  ratis.ContainerStateMachine (ContainerStateMachine.java:takeSnapshot(330)) - group-23CFFDE44CC8: Taking a snapshot at:(t:1, i:0) file /home/runner/work/ozone/ozone/hadoop-ozone/integration-test/target/test-dir/MiniOzoneClusterImpl-9ef9e1ec-a4f9-4545-93c0-8780ce080e53/datanode-1/data/ratis/6a33e104-e781-4335-8491-23cffde44cc8/sm/snapshot.1_0
2023-06-07 15:28:40,519 [e64052cc-d3b4-427e-8729-7eeabbea3e8a@group-23CFFDE44CC8-StateMachineUpdater] INFO  ratis.ContainerStateMachine (ContainerStateMachine.java:takeSnapshot(341)) - group-23CFFDE44CC8: Finished taking a snapshot at:(t:1, i:0) file:/home/runner/work/ozone/ozone/hadoop-ozone/integration-test/target/test-dir/MiniOzoneClusterImpl-9ef9e1ec-a4f9-4545-93c0-8780ce080e53/datanode-1/data/ratis/6a33e104-e781-4335-8491-23cffde44cc8/sm/snapshot.1_0 took: 0 ms
2023-06-07 15:28:40,519 [main] INFO  server.GrpcService (GrpcService.java:closeImpl(311)) - e64052cc-d3b4-427e-8729-7eeabbea3e8a: shutdown server org.apache.ratis.grpc.server.GrpcClientProtocolService now
2023-06-07 15:28:40,519 [e64052cc-d3b4-427e-8729-7eeabbea3e8a-impl-thread2] INFO  server.RaftServer$Division (RaftServerImpl.java:lambda$close$4(466)) - e64052cc-d3b4-427e-8729-7eeabbea3e8a@group-AC295938CAC8: shutdown
2023-06-07 15:28:40,519 [e64052cc-d3b4-427e-8729-7eeabbea3e8a@group-23CFFDE44CC8-StateMachineUpdater] INFO  impl.StateMachineUpdater (StateMachineUpdater.java:takeSnapshot(291)) - e64052cc-d3b4-427e-8729-7eeabbea3e8a@group-23CFFDE44CC8-StateMachineUpdater: Took a snapshot at index 0
2023-06-07 15:28:40,519 [e64052cc-d3b4-427e-8729-7eeabbea3e8a@group-23CFFDE44CC8-StateMachineUpdater] INFO  impl.StateMachineUpdater (StateMachineUpdater.java:lambda$new$0(97)) - e64052cc-d3b4-427e-8729-7eeabbea3e8a@group-23CFFDE44CC8-StateMachineUpdater: snapshotIndex: updateIncreasingly -1 -> 0
2023-06-07 15:28:40,519 [fa5e7d90-fdd2-41f3-8d5b-915cc439a221-impl-thread3] INFO  impl.StateMachineUpdater (StateMachineUpdater.java:stopAndJoin(155)) - fa5e7d90-fdd2-41f3-8d5b-915cc439a221@group-E7DAEFF13D73-StateMachineUpdater: set stopIndex = -1
2023-06-07 15:28:40,519 [e64052cc-d3b4-427e-8729-7eeabbea3e8a-impl-thread1] INFO  server.RaftServer$Division (ServerState.java:close(472)) - e64052cc-d3b4-427e-8729-7eeabbea3e8a@group-23CFFDE44CC8: closes. applyIndex: 0
2023-06-07 15:28:40,519 [fa5e7d90-fdd2-41f3-8d5b-915cc439a221@group-E7DAEFF13D73-FollowerState] INFO  impl.FollowerState (FollowerState.java:run(152)) - fa5e7d90-fdd2-41f3-8d5b-915cc439a221@group-E7DAEFF13D73-FollowerState was interrupted
2023-06-07 15:28:40,519 [fa5e7d90-fdd2-41f3-8d5b-915cc439a221-impl-thread3] INFO  server.RaftServer$Division (ServerState.java:close(472)) - fa5e7d90-fdd2-41f3-8d5b-915cc439a221@group-E7DAEFF13D73: closes. applyIndex: -1
2023-06-07 15:28:40,525 [Thread-2273] INFO  server.GrpcServerProtocolClient (GrpcServerProtocolClient.java:close(103)) - e64052cc-d3b4-427e-8729-7eeabbea3e8a Close channels
2023-06-07 15:28:40,525 [e64052cc-d3b4-427e-8729-7eeabbea3e8a-impl-thread2] INFO  util.JmxRegister (JmxRegister.java:unregister(73)) - Successfully un-registered JMX Bean with object name Ratis:service=RaftServer,group=group-AC295938CAC8,id=e64052cc-d3b4-427e-8729-7eeabbea3e8a
2023-06-07 15:28:40,526 [e64052cc-d3b4-427e-8729-7eeabbea3e8a-impl-thread2] INFO  impl.RoleInfo (RoleInfo.java:shutdownFollowerState(110)) - e64052cc-d3b4-427e-8729-7eeabbea3e8a: shutdown e64052cc-d3b4-427e-8729-7eeabbea3e8a@group-AC295938CAC8-FollowerState
2023-06-07 15:28:40,526 [e64052cc-d3b4-427e-8729-7eeabbea3e8a@group-AC295938CAC8-FollowerState] INFO  impl.FollowerState (FollowerState.java:run(152)) - e64052cc-d3b4-427e-8729-7eeabbea3e8a@group-AC295938CAC8-FollowerState was interrupted
2023-06-07 15:28:40,526 [e64052cc-d3b4-427e-8729-7eeabbea3e8a-impl-thread2] INFO  impl.StateMachineUpdater (StateMachineUpdater.java:stopAndJoin(155)) - e64052cc-d3b4-427e-8729-7eeabbea3e8a@group-AC295938CAC8-StateMachineUpdater: set stopIndex = -1
2023-06-07 15:28:40,526 [Thread-2274] INFO  server.GrpcServerProtocolClient (GrpcServerProtocolClient.java:close(103)) - efa45e82-ca68-4f30-8815-940e5f7e9f9b Close channels
2023-06-07 15:28:40,526 [e64052cc-d3b4-427e-8729-7eeabbea3e8a-impl-thread2] INFO  server.RaftServer$Division (ServerState.java:close(472)) - e64052cc-d3b4-427e-8729-7eeabbea3e8a@group-AC295938CAC8: closes. applyIndex: -1
2023-06-07 15:28:40,527 [e64052cc-d3b4-427e-8729-7eeabbea3e8a-impl-thread3] INFO  server.RaftServer$Division (RaftServerImpl.java:lambda$close$4(466)) - e64052cc-d3b4-427e-8729-7eeabbea3e8a@group-E7DAEFF13D73: shutdown
2023-06-07 15:28:40,527 [e64052cc-d3b4-427e-8729-7eeabbea3e8a-impl-thread3] INFO  util.JmxRegister (JmxRegister.java:unregister(73)) - Successfully un-registered JMX Bean with object name Ratis:service=RaftServer,group=group-E7DAEFF13D73,id=e64052cc-d3b4-427e-8729-7eeabbea3e8a
2023-06-07 15:28:40,527 [e64052cc-d3b4-427e-8729-7eeabbea3e8a-impl-thread3] INFO  impl.RoleInfo (RoleInfo.java:shutdownFollowerState(110)) - e64052cc-d3b4-427e-8729-7eeabbea3e8a: shutdown e64052cc-d3b4-427e-8729-7eeabbea3e8a@group-E7DAEFF13D73-FollowerState
2023-06-07 15:28:40,528 [e64052cc-d3b4-427e-8729-7eeabbea3e8a-impl-thread3] INFO  impl.StateMachineUpdater (StateMachineUpdater.java:stopAndJoin(155)) - e64052cc-d3b4-427e-8729-7eeabbea3e8a@group-E7DAEFF13D73-StateMachineUpdater: set stopIndex = -1
2023-06-07 15:28:40,528 [e64052cc-d3b4-427e-8729-7eeabbea3e8a@group-E7DAEFF13D73-FollowerState] INFO  impl.FollowerState (FollowerState.java:run(152)) - e64052cc-d3b4-427e-8729-7eeabbea3e8a@group-E7DAEFF13D73-FollowerState was interrupted
2023-06-07 15:28:40,528 [e64052cc-d3b4-427e-8729-7eeabbea3e8a-impl-thread3] INFO  server.RaftServer$Division (ServerState.java:close(472)) - e64052cc-d3b4-427e-8729-7eeabbea3e8a@group-E7DAEFF13D73: closes. applyIndex: -1
2023-06-07 15:28:40,530 [main] INFO  server.GrpcService (GrpcService.java:closeImpl(320)) - e64052cc-d3b4-427e-8729-7eeabbea3e8a: shutdown server org.apache.ratis.grpc.server.GrpcClientProtocolService successfully
2023-06-07 15:28:40,530 [main] INFO  server.GrpcService (GrpcService.java:closeImpl(311)) - e64052cc-d3b4-427e-8729-7eeabbea3e8a: shutdown server GrpcServerProtocolService now
2023-06-07 15:28:40,532 [ForkJoinPool.commonPool-worker-3] INFO  ozoneimpl.OzoneContainer (OzoneContainer.java:stop(420)) - Attempting to stop container services.
2023-06-07 15:28:40,533 [grpc-default-executor-9] WARN  server.GrpcServerProtocolService (LogUtils.java:warn(122)) - e64052cc-d3b4-427e-8729-7eeabbea3e8a: APPEND_ENTRIES onError, lastRequest: null: org.apache.ratis.thirdparty.io.grpc.StatusRuntimeException: CANCELLED: client cancelled
2023-06-07 15:28:40,535 [grpc-default-executor-8] WARN  server.GrpcServerProtocolService (LogUtils.java:warn(122)) - e64052cc-d3b4-427e-8729-7eeabbea3e8a: APPEND_ENTRIES onError, lastRequest: efa45e82-ca68-4f30-8815-940e5f7e9f9b->e64052cc-d3b4-427e-8729-7eeabbea3e8a#1-t1,previous=(t:0, i:0),leaderCommit=-1,initializing? true,entries: size=1, first=(t:1, i:0), CONFIGURATIONENTRY(current:id: "e64052cc-d3b4-427e-8729-7eeabbea3e8a"
address: "10.1.0.36:15163"
dataStreamAddress: "10.1.0.36:15164"
clientAddress: "10.1.0.36:15161"
adminAddress: "10.1.0.36:15162"
startupRole: FOLLOWER
,id: "efa45e82-ca68-4f30-8815-940e5f7e9f9b"
address: "10.1.0.36:15172"
priority: 1
dataStreamAddress: "10.1.0.36:15173"
clientAddress: "10.1.0.36:15170"
adminAddress: "10.1.0.36:15171"
startupRole: FOLLOWER
,id: "fa5e7d90-fdd2-41f3-8d5b-915cc439a221"
address: "10.1.0.36:15154"
dataStreamAddress: "10.1.0.36:15155"
clientAddress: "10.1.0.36:15152"
adminAddress: "10.1.0.36:15153"
startupRole: FOLLOWER
, old:): org.apache.ratis.thirdparty.io.grpc.StatusRuntimeException: CANCELLED: client cancelled
2023-06-07 15:28:40,536 [ForkJoinPool.commonPool-worker-2] INFO  server.GrpcService (GrpcService.java:closeImpl(320)) - fa5e7d90-fdd2-41f3-8d5b-915cc439a221: shutdown server org.apache.ratis.grpc.server.GrpcClientProtocolService successfully
2023-06-07 15:28:40,536 [ForkJoinPool.commonPool-worker-2] INFO  server.GrpcService (GrpcService.java:closeImpl(311)) - fa5e7d90-fdd2-41f3-8d5b-915cc439a221: shutdown server GrpcServerProtocolService now
2023-06-07 15:28:40,536 [grpc-default-executor-11] WARN  server.GrpcLogAppender (LogUtils.java:warn(122)) - efa45e82-ca68-4f30-8815-940e5f7e9f9b@group-E7DAEFF13D73->e64052cc-d3b4-427e-8729-7eeabbea3e8a-AppendLogResponseHandler: Failed appendEntries: org.apache.ratis.thirdparty.io.grpc.StatusRuntimeException: CANCELLED: RST_STREAM closed stream. HTTP/2 error code: CANCEL
2023-06-07 15:28:40,537 [grpc-default-executor-11] WARN  server.GrpcLogAppender (GrpcLogAppender.java:resetClient(128)) - efa45e82-ca68-4f30-8815-940e5f7e9f9b@group-E7DAEFF13D73->e64052cc-d3b4-427e-8729-7eeabbea3e8a-GrpcLogAppender: Follower failed when matchIndex == 0,  keep nextIndex (1) unchanged and retry.
2023-06-07 15:28:40,542 [grpc-default-executor-8] WARN  server.GrpcLogAppender (LogUtils.java:warn(122)) - efa45e82-ca68-4f30-8815-940e5f7e9f9b@group-E7DAEFF13D73->e64052cc-d3b4-427e-8729-7eeabbea3e8a-AppendLogResponseHandler: Failed appendEntries: org.apache.ratis.thirdparty.io.grpc.StatusRuntimeException: CANCELLED: RST_STREAM closed stream. HTTP/2 error code: CANCEL
2023-06-07 15:28:40,542 [grpc-default-executor-8] WARN  server.GrpcLogAppender (GrpcLogAppender.java:resetClient(128)) - efa45e82-ca68-4f30-8815-940e5f7e9f9b@group-E7DAEFF13D73->e64052cc-d3b4-427e-8729-7eeabbea3e8a-GrpcLogAppender: Follower failed when matchIndex == 0,  keep nextIndex (1) unchanged and retry.
2023-06-07 15:28:40,542 [main] INFO  server.GrpcService (GrpcService.java:closeImpl(320)) - e64052cc-d3b4-427e-8729-7eeabbea3e8a: shutdown server GrpcServerProtocolService successfully
2023-06-07 15:28:40,542 [main] INFO  server.GrpcService (GrpcService.java:closeImpl(311)) - e64052cc-d3b4-427e-8729-7eeabbea3e8a: shutdown server org.apache.ratis.grpc.server.GrpcAdminProtocolService now
2023-06-07 15:28:40,543 [ForkJoinPool.commonPool-worker-3] INFO  server.RaftServer (RaftServerProxy.java:lambda$close$6(416)) - efa45e82-ca68-4f30-8815-940e5f7e9f9b: close
2023-06-07 15:28:40,544 [efa45e82-ca68-4f30-8815-940e5f7e9f9b-impl-thread2] INFO  server.RaftServer$Division (RaftServerImpl.java:lambda$close$4(466)) - efa45e82-ca68-4f30-8815-940e5f7e9f9b@group-E7DAEFF13D73: shutdown
2023-06-07 15:28:40,544 [efa45e82-ca68-4f30-8815-940e5f7e9f9b-impl-thread2] INFO  util.JmxRegister (JmxRegister.java:unregister(73)) - Successfully un-registered JMX Bean with object name Ratis:service=RaftServer,group=group-E7DAEFF13D73,id=efa45e82-ca68-4f30-8815-940e5f7e9f9b
2023-06-07 15:28:40,544 [efa45e82-ca68-4f30-8815-940e5f7e9f9b-impl-thread2] INFO  impl.RoleInfo (RoleInfo.java:shutdownLeaderState(93)) - efa45e82-ca68-4f30-8815-940e5f7e9f9b: shutdown efa45e82-ca68-4f30-8815-940e5f7e9f9b@group-E7DAEFF13D73-LeaderStateImpl
2023-06-07 15:28:40,544 [ForkJoinPool.commonPool-worker-3] INFO  server.GrpcService (GrpcService.java:closeImpl(311)) - efa45e82-ca68-4f30-8815-940e5f7e9f9b: shutdown server org.apache.ratis.grpc.server.GrpcClientProtocolService now
2023-06-07 15:28:40,544 [efa45e82-ca68-4f30-8815-940e5f7e9f9b-impl-thread3] INFO  server.RaftServer$Division (RaftServerImpl.java:lambda$close$4(466)) - efa45e82-ca68-4f30-8815-940e5f7e9f9b@group-8BE6392C8846: shutdown
2023-06-07 15:28:40,544 [efa45e82-ca68-4f30-8815-940e5f7e9f9b-impl-thread3] INFO  util.JmxRegister (JmxRegister.java:unregister(73)) - Successfully un-registered JMX Bean with object name Ratis:service=RaftServer,group=group-8BE6392C8846,id=efa45e82-ca68-4f30-8815-940e5f7e9f9b
2023-06-07 15:28:40,544 [efa45e82-ca68-4f30-8815-940e5f7e9f9b-impl-thread3] INFO  impl.RoleInfo (RoleInfo.java:shutdownLeaderState(93)) - efa45e82-ca68-4f30-8815-940e5f7e9f9b: shutdown efa45e82-ca68-4f30-8815-940e5f7e9f9b@group-8BE6392C8846-LeaderStateImpl
2023-06-07 15:28:40,544 [efa45e82-ca68-4f30-8815-940e5f7e9f9b-impl-thread3] INFO  impl.PendingRequests (PendingRequests.java:sendNotLeaderResponses(289)) - efa45e82-ca68-4f30-8815-940e5f7e9f9b@group-8BE6392C8846-PendingRequests: sendNotLeaderResponses
2023-06-07 15:28:40,544 [efa45e82-ca68-4f30-8815-940e5f7e9f9b-impl-thread1] INFO  server.RaftServer$Division (RaftServerImpl.java:lambda$close$4(466)) - efa45e82-ca68-4f30-8815-940e5f7e9f9b@group-AC295938CAC8: shutdown
2023-06-07 15:28:40,544 [efa45e82-ca68-4f30-8815-940e5f7e9f9b-impl-thread1] INFO  util.JmxRegister (JmxRegister.java:unregister(73)) - Successfully un-registered JMX Bean with object name Ratis:service=RaftServer,group=group-AC295938CAC8,id=efa45e82-ca68-4f30-8815-940e5f7e9f9b
2023-06-07 15:28:40,544 [efa45e82-ca68-4f30-8815-940e5f7e9f9b-impl-thread1] INFO  impl.RoleInfo (RoleInfo.java:shutdownFollowerState(110)) - efa45e82-ca68-4f30-8815-940e5f7e9f9b: shutdown efa45e82-ca68-4f30-8815-940e5f7e9f9b@group-AC295938CAC8-FollowerState
2023-06-07 15:28:40,544 [efa45e82-ca68-4f30-8815-940e5f7e9f9b-impl-thread1] INFO  impl.StateMachineUpdater (StateMachineUpdater.java:stopAndJoin(155)) - efa45e82-ca68-4f30-8815-940e5f7e9f9b@group-AC295938CAC8-StateMachineUpdater: set stopIndex = -1
2023-06-07 15:28:40,545 [efa45e82-ca68-4f30-8815-940e5f7e9f9b@group-8BE6392C8846-StateMachineUpdater] INFO  ratis.ContainerStateMachine (ContainerStateMachine.java:takeSnapshot(330)) - group-8BE6392C8846: Taking a snapshot at:(t:1, i:0) file /home/runner/work/ozone/ozone/hadoop-ozone/integration-test/target/test-dir/MiniOzoneClusterImpl-9ef9e1ec-a4f9-4545-93c0-8780ce080e53/datanode-2/data/ratis/24221a65-427b-445f-87f0-8be6392c8846/sm/snapshot.1_0
2023-06-07 15:28:40,545 [efa45e82-ca68-4f30-8815-940e5f7e9f9b@group-AC295938CAC8-FollowerState] INFO  impl.FollowerState (FollowerState.java:run(152)) - efa45e82-ca68-4f30-8815-940e5f7e9f9b@group-AC295938CAC8-FollowerState was interrupted
2023-06-07 15:28:40,545 [efa45e82-ca68-4f30-8815-940e5f7e9f9b-impl-thread3] INFO  impl.StateMachineUpdater (StateMachineUpdater.java:stopAndJoin(155)) - efa45e82-ca68-4f30-8815-940e5f7e9f9b@group-8BE6392C8846-StateMachineUpdater: set stopIndex = 0
2023-06-07 15:28:40,545 [efa45e82-ca68-4f30-8815-940e5f7e9f9b-impl-thread1] INFO  server.RaftServer$Division (ServerState.java:close(472)) - efa45e82-ca68-4f30-8815-940e5f7e9f9b@group-AC295938CAC8: closes. applyIndex: -1
2023-06-07 15:28:40,545 [grpc-default-executor-10] WARN  server.GrpcServerProtocolService (LogUtils.java:warn(122)) - fa5e7d90-fdd2-41f3-8d5b-915cc439a221: APPEND_ENTRIES onError, lastRequest: null: org.apache.ratis.thirdparty.io.grpc.StatusRuntimeException: CANCELLED: client cancelled
2023-06-07 15:28:40,546 [efa45e82-ca68-4f30-8815-940e5f7e9f9b@group-8BE6392C8846-StateMachineUpdater] INFO  ratis.ContainerStateMachine (ContainerStateMachine.java:takeSnapshot(341)) - group-8BE6392C8846: Finished taking a snapshot at:(t:1, i:0) file:/home/runner/work/ozone/ozone/hadoop-ozone/integration-test/target/test-dir/MiniOzoneClusterImpl-9ef9e1ec-a4f9-4545-93c0-8780ce080e53/datanode-2/data/ratis/24221a65-427b-445f-87f0-8be6392c8846/sm/snapshot.1_0 took: 1 ms
2023-06-07 15:28:40,546 [efa45e82-ca68-4f30-8815-940e5f7e9f9b@group-8BE6392C8846-StateMachineUpdater] INFO  impl.StateMachineUpdater (StateMachineUpdater.java:takeSnapshot(291)) - efa45e82-ca68-4f30-8815-940e5f7e9f9b@group-8BE6392C8846-StateMachineUpdater: Took a snapshot at index 0
2023-06-07 15:28:40,546 [efa45e82-ca68-4f30-8815-940e5f7e9f9b@group-8BE6392C8846-StateMachineUpdater] INFO  impl.StateMachineUpdater (StateMachineUpdater.java:lambda$new$0(97)) - efa45e82-ca68-4f30-8815-940e5f7e9f9b@group-8BE6392C8846-StateMachineUpdater: snapshotIndex: updateIncreasingly -1 -> 0
2023-06-07 15:28:40,546 [grpc-default-executor-8] WARN  server.GrpcLogAppender (LogUtils.java:warn(122)) - efa45e82-ca68-4f30-8815-940e5f7e9f9b@group-E7DAEFF13D73->fa5e7d90-fdd2-41f3-8d5b-915cc439a221-AppendLogResponseHandler: Failed appendEntries: org.apache.ratis.thirdparty.io.grpc.StatusRuntimeException: CANCELLED: RST_STREAM closed stream. HTTP/2 error code: CANCEL
2023-06-07 15:28:40,546 [grpc-default-executor-8] WARN  server.GrpcLogAppender (GrpcLogAppender.java:resetClient(128)) - efa45e82-ca68-4f30-8815-940e5f7e9f9b@group-E7DAEFF13D73->fa5e7d90-fdd2-41f3-8d5b-915cc439a221-GrpcLogAppender: Follower failed when matchIndex == 0,  keep nextIndex (1) unchanged and retry.
2023-06-07 15:28:40,546 [efa45e82-ca68-4f30-8815-940e5f7e9f9b-impl-thread3] INFO  server.RaftServer$Division (ServerState.java:close(472)) - efa45e82-ca68-4f30-8815-940e5f7e9f9b@group-8BE6392C8846: closes. applyIndex: 0
2023-06-07 15:28:40,546 [ForkJoinPool.commonPool-worker-2] INFO  server.GrpcService (GrpcService.java:closeImpl(320)) - fa5e7d90-fdd2-41f3-8d5b-915cc439a221: shutdown server GrpcServerProtocolService successfully
2023-06-07 15:28:40,546 [ForkJoinPool.commonPool-worker-2] INFO  server.GrpcService (GrpcService.java:closeImpl(311)) - fa5e7d90-fdd2-41f3-8d5b-915cc439a221: shutdown server org.apache.ratis.grpc.server.GrpcAdminProtocolService now
2023-06-07 15:28:40,547 [main] INFO  server.GrpcService (GrpcService.java:closeImpl(320)) - e64052cc-d3b4-427e-8729-7eeabbea3e8a: shutdown server org.apache.ratis.grpc.server.GrpcAdminProtocolService successfully
2023-06-07 15:28:40,547 [e64052cc-d3b4-427e-8729-7eeabbea3e8a-NettyServerStreamRpc-bossGroup--thread1] INFO  logging.LoggingHandler (AbstractInternalLogger.java:log(148)) - [id: 0x4b75719f, L:/0:0:0:0:0:0:0:0:15164] CLOSE
2023-06-07 15:28:40,548 [grpc-default-executor-11] WARN  server.GrpcServerProtocolService (LogUtils.java:warn(122)) - fa5e7d90-fdd2-41f3-8d5b-915cc439a221: APPEND_ENTRIES onError, lastRequest: efa45e82-ca68-4f30-8815-940e5f7e9f9b->fa5e7d90-fdd2-41f3-8d5b-915cc439a221#1-t1,previous=(t:0, i:0),leaderCommit=-1,initializing? true,entries: size=1, first=(t:1, i:0), CONFIGURATIONENTRY(current:id: "e64052cc-d3b4-427e-8729-7eeabbea3e8a"
address: "10.1.0.36:15163"
dataStreamAddress: "10.1.0.36:15164"
clientAddress: "10.1.0.36:15161"
adminAddress: "10.1.0.36:15162"
startupRole: FOLLOWER
,id: "efa45e82-ca68-4f30-8815-940e5f7e9f9b"
address: "10.1.0.36:15172"
priority: 1
dataStreamAddress: "10.1.0.36:15173"
clientAddress: "10.1.0.36:15170"
adminAddress: "10.1.0.36:15171"
startupRole: FOLLOWER
,id: "fa5e7d90-fdd2-41f3-8d5b-915cc439a221"
address: "10.1.0.36:15154"
dataStreamAddress: "10.1.0.36:15155"
clientAddress: "10.1.0.36:15152"
adminAddress: "10.1.0.36:15153"
startupRole: FOLLOWER
, old:): org.apache.ratis.thirdparty.io.grpc.StatusRuntimeException: CANCELLED: client cancelled
2023-06-07 15:28:40,548 [e64052cc-d3b4-427e-8729-7eeabbea3e8a-NettyServerStreamRpc-bossGroup--thread1] INFO  logging.LoggingHandler (AbstractInternalLogger.java:log(148)) - [id: 0x4b75719f, L:/0:0:0:0:0:0:0:0:15164] INACTIVE
2023-06-07 15:28:40,549 [e64052cc-d3b4-427e-8729-7eeabbea3e8a-NettyServerStreamRpc-bossGroup--thread1] INFO  logging.LoggingHandler (AbstractInternalLogger.java:log(148)) - [id: 0x4b75719f, L:/0:0:0:0:0:0:0:0:15164] UNREGISTERED
2023-06-07 15:28:40,557 [grpc-default-executor-8] WARN  server.GrpcLogAppender (LogUtils.java:warn(122)) - efa45e82-ca68-4f30-8815-940e5f7e9f9b@group-E7DAEFF13D73->fa5e7d90-fdd2-41f3-8d5b-915cc439a221-AppendLogResponseHandler: Failed appendEntries: org.apache.ratis.thirdparty.io.grpc.StatusRuntimeException: CANCELLED: RST_STREAM closed stream. HTTP/2 error code: CANCEL
2023-06-07 15:28:40,557 [grpc-default-executor-8] WARN  server.GrpcLogAppender (GrpcLogAppender.java:resetClient(128)) - efa45e82-ca68-4f30-8815-940e5f7e9f9b@group-E7DAEFF13D73->fa5e7d90-fdd2-41f3-8d5b-915cc439a221-GrpcLogAppender: Follower failed when matchIndex == 0,  keep nextIndex (1) unchanged and retry.
2023-06-07 15:28:40,558 [ForkJoinPool.commonPool-worker-2] INFO  server.GrpcService (GrpcService.java:closeImpl(320)) - fa5e7d90-fdd2-41f3-8d5b-915cc439a221: shutdown server org.apache.ratis.grpc.server.GrpcAdminProtocolService successfully
2023-06-07 15:28:40,558 [fa5e7d90-fdd2-41f3-8d5b-915cc439a221-NettyServerStreamRpc-bossGroup--thread1] INFO  logging.LoggingHandler (AbstractInternalLogger.java:log(148)) - [id: 0x3ebf229b, L:/0:0:0:0:0:0:0:0:15155] CLOSE
2023-06-07 15:28:40,558 [fa5e7d90-fdd2-41f3-8d5b-915cc439a221-NettyServerStreamRpc-bossGroup--thread1] INFO  logging.LoggingHandler (AbstractInternalLogger.java:log(148)) - [id: 0x3ebf229b, L:/0:0:0:0:0:0:0:0:15155] INACTIVE
2023-06-07 15:28:40,558 [efa45e82-ca68-4f30-8815-940e5f7e9f9b-impl-thread2] INFO  impl.PendingRequests (PendingRequests.java:sendNotLeaderResponses(289)) - efa45e82-ca68-4f30-8815-940e5f7e9f9b@group-E7DAEFF13D73-PendingRequests: sendNotLeaderResponses
2023-06-07 15:28:40,559 [efa45e82-ca68-4f30-8815-940e5f7e9f9b@group-E7DAEFF13D73->e64052cc-d3b4-427e-8729-7eeabbea3e8a-GrpcLogAppender-LogAppenderDaemon] WARN  server.GrpcLogAppender (GrpcLogAppender.java:mayWait(199)) - efa45e82-ca68-4f30-8815-940e5f7e9f9b@group-E7DAEFF13D73->e64052cc-d3b4-427e-8729-7eeabbea3e8a-GrpcLogAppender: Wait interrupted by java.lang.InterruptedException
2023-06-07 15:28:40,559 [fa5e7d90-fdd2-41f3-8d5b-915cc439a221-NettyServerStreamRpc-bossGroup--thread1] INFO  logging.LoggingHandler (AbstractInternalLogger.java:log(148)) - [id: 0x3ebf229b, L:/0:0:0:0:0:0:0:0:15155] UNREGISTERED
2023-06-07 15:28:40,559 [efa45e82-ca68-4f30-8815-940e5f7e9f9b@group-E7DAEFF13D73->fa5e7d90-fdd2-41f3-8d5b-915cc439a221-GrpcLogAppender-LogAppenderDaemon] WARN  server.GrpcLogAppender (GrpcLogAppender.java:mayWait(199)) - efa45e82-ca68-4f30-8815-940e5f7e9f9b@group-E7DAEFF13D73->fa5e7d90-fdd2-41f3-8d5b-915cc439a221-GrpcLogAppender: Wait interrupted by java.lang.InterruptedException
2023-06-07 15:28:40,559 [efa45e82-ca68-4f30-8815-940e5f7e9f9b-impl-thread2] INFO  impl.StateMachineUpdater (StateMachineUpdater.java:stopAndJoin(155)) - efa45e82-ca68-4f30-8815-940e5f7e9f9b@group-E7DAEFF13D73-StateMachineUpdater: set stopIndex = 0
2023-06-07 15:28:40,559 [efa45e82-ca68-4f30-8815-940e5f7e9f9b@group-E7DAEFF13D73-StateMachineUpdater] INFO  ratis.ContainerStateMachine (ContainerStateMachine.java:takeSnapshot(330)) - group-E7DAEFF13D73: Taking a snapshot at:(t:1, i:0) file /home/runner/work/ozone/ozone/hadoop-ozone/integration-test/target/test-dir/MiniOzoneClusterImpl-9ef9e1ec-a4f9-4545-93c0-8780ce080e53/datanode-2/data/ratis/115dc471-e1c7-4622-80db-e7daeff13d73/sm/snapshot.1_0
2023-06-07 15:28:40,560 [efa45e82-ca68-4f30-8815-940e5f7e9f9b@group-E7DAEFF13D73-StateMachineUpdater] INFO  ratis.ContainerStateMachine (ContainerStateMachine.java:takeSnapshot(341)) - group-E7DAEFF13D73: Finished taking a snapshot at:(t:1, i:0) file:/home/runner/work/ozone/ozone/hadoop-ozone/integration-test/target/test-dir/MiniOzoneClusterImpl-9ef9e1ec-a4f9-4545-93c0-8780ce080e53/datanode-2/data/ratis/115dc471-e1c7-4622-80db-e7daeff13d73/sm/snapshot.1_0 took: 0 ms
2023-06-07 15:28:40,560 [efa45e82-ca68-4f30-8815-940e5f7e9f9b@group-E7DAEFF13D73-StateMachineUpdater] INFO  impl.StateMachineUpdater (StateMachineUpdater.java:takeSnapshot(291)) - efa45e82-ca68-4f30-8815-940e5f7e9f9b@group-E7DAEFF13D73-StateMachineUpdater: Took a snapshot at index 0
2023-06-07 15:28:40,560 [efa45e82-ca68-4f30-8815-940e5f7e9f9b@group-E7DAEFF13D73-StateMachineUpdater] INFO  impl.StateMachineUpdater (StateMachineUpdater.java:lambda$new$0(97)) - efa45e82-ca68-4f30-8815-940e5f7e9f9b@group-E7DAEFF13D73-StateMachineUpdater: snapshotIndex: updateIncreasingly -1 -> 0
2023-06-07 15:28:40,560 [efa45e82-ca68-4f30-8815-940e5f7e9f9b-impl-thread2] INFO  server.RaftServer$Division (ServerState.java:close(472)) - efa45e82-ca68-4f30-8815-940e5f7e9f9b@group-E7DAEFF13D73: closes. applyIndex: 0
2023-06-07 15:28:40,563 [Thread-2290] INFO  server.GrpcServerProtocolClient (GrpcServerProtocolClient.java:close(103)) - e64052cc-d3b4-427e-8729-7eeabbea3e8a Close channels
2023-06-07 15:28:40,563 [Thread-2301] INFO  server.GrpcServerProtocolClient (GrpcServerProtocolClient.java:close(103)) - fa5e7d90-fdd2-41f3-8d5b-915cc439a221 Close channels
2023-06-07 15:28:40,572 [ForkJoinPool.commonPool-worker-3] INFO  server.GrpcService (GrpcService.java:closeImpl(320)) - efa45e82-ca68-4f30-8815-940e5f7e9f9b: shutdown server org.apache.ratis.grpc.server.GrpcClientProtocolService successfully
2023-06-07 15:28:40,574 [ForkJoinPool.commonPool-worker-3] INFO  server.GrpcService (GrpcService.java:closeImpl(311)) - efa45e82-ca68-4f30-8815-940e5f7e9f9b: shutdown server GrpcServerProtocolService now
2023-06-07 15:28:40,575 [ForkJoinPool.commonPool-worker-3] INFO  server.GrpcService (GrpcService.java:closeImpl(320)) - efa45e82-ca68-4f30-8815-940e5f7e9f9b: shutdown server GrpcServerProtocolService successfully
2023-06-07 15:28:40,575 [ForkJoinPool.commonPool-worker-3] INFO  server.GrpcService (GrpcService.java:closeImpl(311)) - efa45e82-ca68-4f30-8815-940e5f7e9f9b: shutdown server org.apache.ratis.grpc.server.GrpcAdminProtocolService now
2023-06-07 15:28:40,581 [ForkJoinPool.commonPool-worker-3] INFO  server.GrpcService (GrpcService.java:closeImpl(320)) - efa45e82-ca68-4f30-8815-940e5f7e9f9b: shutdown server org.apache.ratis.grpc.server.GrpcAdminProtocolService successfully
2023-06-07 15:28:40,583 [efa45e82-ca68-4f30-8815-940e5f7e9f9b-NettyServerStreamRpc-bossGroup--thread1] INFO  logging.LoggingHandler (AbstractInternalLogger.java:log(148)) - [id: 0xabeba1f0, L:/0:0:0:0:0:0:0:0:15173] CLOSE
2023-06-07 15:28:40,583 [efa45e82-ca68-4f30-8815-940e5f7e9f9b-NettyServerStreamRpc-bossGroup--thread1] INFO  logging.LoggingHandler (AbstractInternalLogger.java:log(148)) - [id: 0xabeba1f0, L:/0:0:0:0:0:0:0:0:15173] INACTIVE
2023-06-07 15:28:40,583 [efa45e82-ca68-4f30-8815-940e5f7e9f9b-NettyServerStreamRpc-bossGroup--thread1] INFO  logging.LoggingHandler (AbstractInternalLogger.java:log(148)) - [id: 0xabeba1f0, L:/0:0:0:0:0:0:0:0:15173] UNREGISTERED
2023-06-07 15:28:40,794 [fa5e7d90-fdd2-41f3-8d5b-915cc439a221-impl-thread1] INFO  segmented.SegmentedRaftLogWorker (SegmentedRaftLogWorker.java:close(252)) - fa5e7d90-fdd2-41f3-8d5b-915cc439a221@group-33878030F2E6-SegmentedRaftLogWorker close()
2023-06-07 15:28:40,946 [efa45e82-ca68-4f30-8815-940e5f7e9f9b-impl-thread2] INFO  segmented.SegmentedRaftLogWorker (SegmentedRaftLogWorker.java:close(252)) - efa45e82-ca68-4f30-8815-940e5f7e9f9b@group-E7DAEFF13D73-SegmentedRaftLogWorker close()
2023-06-07 15:28:40,965 [e64052cc-d3b4-427e-8729-7eeabbea3e8a-impl-thread3] INFO  segmented.SegmentedRaftLogWorker (SegmentedRaftLogWorker.java:close(252)) - e64052cc-d3b4-427e-8729-7eeabbea3e8a@group-E7DAEFF13D73-SegmentedRaftLogWorker close()
2023-06-07 15:28:40,990 [fa5e7d90-fdd2-41f3-8d5b-915cc439a221-impl-thread3] INFO  segmented.SegmentedRaftLogWorker (SegmentedRaftLogWorker.java:close(252)) - fa5e7d90-fdd2-41f3-8d5b-915cc439a221@group-E7DAEFF13D73-SegmentedRaftLogWorker close()
2023-06-07 15:28:40,997 [fa5e7d90-fdd2-41f3-8d5b-915cc439a221-impl-thread2] INFO  segmented.SegmentedRaftLogWorker (SegmentedRaftLogWorker.java:close(252)) - fa5e7d90-fdd2-41f3-8d5b-915cc439a221@group-AC295938CAC8-SegmentedRaftLogWorker close()
2023-06-07 15:28:40,998 [JvmPauseMonitor27] INFO  util.JvmPauseMonitor (JvmPauseMonitor.java:run(109)) - JvmPauseMonitor-fa5e7d90-fdd2-41f3-8d5b-915cc439a221: Stopped
2023-06-07 15:28:41,022 [e64052cc-d3b4-427e-8729-7eeabbea3e8a-impl-thread2] INFO  segmented.SegmentedRaftLogWorker (SegmentedRaftLogWorker.java:close(252)) - e64052cc-d3b4-427e-8729-7eeabbea3e8a@group-AC295938CAC8-SegmentedRaftLogWorker close()
2023-06-07 15:28:41,023 [efa45e82-ca68-4f30-8815-940e5f7e9f9b-impl-thread1] INFO  segmented.SegmentedRaftLogWorker (SegmentedRaftLogWorker.java:close(252)) - efa45e82-ca68-4f30-8815-940e5f7e9f9b@group-AC295938CAC8-SegmentedRaftLogWorker close()
2023-06-07 15:28:41,190 [e64052cc-d3b4-427e-8729-7eeabbea3e8a-impl-thread1] INFO  segmented.SegmentedRaftLogWorker (SegmentedRaftLogWorker.java:close(252)) - e64052cc-d3b4-427e-8729-7eeabbea3e8a@group-23CFFDE44CC8-SegmentedRaftLogWorker close()
2023-06-07 15:28:41,192 [JvmPauseMonitor28] INFO  util.JvmPauseMonitor (JvmPauseMonitor.java:run(109)) - JvmPauseMonitor-e64052cc-d3b4-427e-8729-7eeabbea3e8a: Stopped
2023-06-07 15:28:41,337 [RatisPipelineUtilsThread - 0] WARN  pipeline.PipelinePlacementPolicy (PipelinePlacementPolicy.java:filterViableNodes(166)) - Pipeline creation failed due to no sufficient healthy datanodes. Required 3. Found 0. Excluded 3.
2023-06-07 15:28:41,509 [efa45e82-ca68-4f30-8815-940e5f7e9f9b-impl-thread3] INFO  segmented.SegmentedRaftLogWorker (SegmentedRaftLogWorker.java:close(252)) - efa45e82-ca68-4f30-8815-940e5f7e9f9b@group-8BE6392C8846-SegmentedRaftLogWorker close()
2023-06-07 15:28:41,510 [JvmPauseMonitor29] INFO  util.JvmPauseMonitor (JvmPauseMonitor.java:run(109)) - JvmPauseMonitor-efa45e82-ca68-4f30-8815-940e5f7e9f9b: Stopped
2023-06-07 15:28:43,003 [ForkJoinPool.commonPool-worker-2] INFO  utils.DatanodeStoreCache (DatanodeStoreCache.java:shutdownCache(110)) - Skip clearing cache in mini cluster mode. Entries left: [/home/runner/work/ozone/ozone/hadoop-ozone/integration-test/target/test-dir/MiniOzoneClusterImpl-9ef9e1ec-a4f9-4545-93c0-8780ce080e53/datanode-0/data-0/containers/hdds/9ef9e1ec-a4f9-4545-93c0-8780ce080e53/DS-55a75689-94a2-4736-bf56-78ff70271e74/container.db, /home/runner/work/ozone/ozone/hadoop-ozone/integration-test/target/test-dir/MiniOzoneClusterImpl-9ef9e1ec-a4f9-4545-93c0-8780ce080e53/datanode-1/data-0/containers/hdds/9ef9e1ec-a4f9-4545-93c0-8780ce080e53/DS-bd6049af-9d3a-44ec-acdc-dd0c9c049117/container.db, /home/runner/work/ozone/ozone/hadoop-ozone/integration-test/target/test-dir/MiniOzoneClusterImpl-9ef9e1ec-a4f9-4545-93c0-8780ce080e53/datanode-2/data-0/containers/hdds/9ef9e1ec-a4f9-4545-93c0-8780ce080e53/DS-7dd5781d-4d84-4371-a764-01622f9db646/container.db]
2023-06-07 15:28:43,007 [ForkJoinPool.commonPool-worker-2] INFO  utils.DatanodeStoreCache (DatanodeStoreCache.java:removeDB(104)) - Removed db /home/runner/work/ozone/ozone/hadoop-ozone/integration-test/target/test-dir/MiniOzoneClusterImpl-9ef9e1ec-a4f9-4545-93c0-8780ce080e53/datanode-0/data-0/containers/hdds/9ef9e1ec-a4f9-4545-93c0-8780ce080e53/DS-55a75689-94a2-4736-bf56-78ff70271e74/container.db from cache
2023-06-07 15:28:43,007 [ForkJoinPool.commonPool-worker-2] INFO  volume.HddsVolume (HddsVolume.java:closeDbStore(437)) - SchemaV3 db is stopped at /home/runner/work/ozone/ozone/hadoop-ozone/integration-test/target/test-dir/MiniOzoneClusterImpl-9ef9e1ec-a4f9-4545-93c0-8780ce080e53/datanode-0/data-0/containers/hdds/9ef9e1ec-a4f9-4545-93c0-8780ce080e53/DS-55a75689-94a2-4736-bf56-78ff70271e74/container.db for volume DS-55a75689-94a2-4736-bf56-78ff70271e74
2023-06-07 15:28:43,007 [ForkJoinPool.commonPool-worker-2] INFO  utils.BackgroundService (BackgroundService.java:shutdown(141)) - Shutting down service BlockDeletingService
2023-06-07 15:28:43,008 [ForkJoinPool.commonPool-worker-2] INFO  utils.BackgroundService (BackgroundService.java:shutdown(141)) - Shutting down service StaleRecoveringContainerScrubbingService
2023-06-07 15:28:43,009 [ForkJoinPool.commonPool-worker-2] INFO  statemachine.DatanodeStateMachine (DatanodeStateMachine.java:stopDaemon(605)) - Ozone container server stopped.
2023-06-07 15:28:43,019 [ForkJoinPool.commonPool-worker-2] INFO  handler.ContextHandler (ContextHandler.java:doStop(1159)) - Stopped o.e.j.w.WebAppContext@29b83f47{hddsDatanode,/,null,STOPPED}{jar:file:/home/runner/.m2/repository/org/apache/ozone/hdds-container-service/1.4.0-SNAPSHOT/hdds-container-service-1.4.0-SNAPSHOT.jar!/webapps/hddsDatanode}
2023-06-07 15:28:43,019 [ForkJoinPool.commonPool-worker-2] INFO  server.AbstractConnector (AbstractConnector.java:doStop(383)) - Stopped ServerConnector@66b2416e{HTTP/1.1, (http/1.1)}{0.0.0.0:15149}
2023-06-07 15:28:43,020 [ForkJoinPool.commonPool-worker-2] INFO  server.session (HouseKeeper.java:stopScavenging(149)) - node0 Stopped scavenging
2023-06-07 15:28:43,021 [ForkJoinPool.commonPool-worker-2] INFO  handler.ContextHandler (ContextHandler.java:doStop(1159)) - Stopped o.e.j.s.ServletContextHandler@5e2023af{static,/static,jar:file:/home/runner/.m2/repository/org/apache/ozone/hdds-container-service/1.4.0-SNAPSHOT/hdds-container-service-1.4.0-SNAPSHOT.jar!/webapps/static,STOPPED}
2023-06-07 15:28:43,021 [ForkJoinPool.commonPool-worker-2] INFO  handler.ContextHandler (ContextHandler.java:doStop(1159)) - Stopped o.e.j.s.ServletContextHandler@4882a2cd{logs,/logs,file:///home/runner/work/ozone/ozone/hadoop-ozone/integration-test/target/log,STOPPED}
2023-06-07 15:28:43,022 [ForkJoinPool.commonPool-worker-2] INFO  ozone.HddsDatanodeClientProtocolServer (HddsDatanodeClientProtocolServer.java:stop(78)) - Stopping the RPC server for Client Protocol
2023-06-07 15:28:43,022 [ForkJoinPool.commonPool-worker-2] INFO  ipc.Server (Server.java:stop(3501)) - Stopping server on 15150
2023-06-07 15:28:43,023 [IPC Server listener on 15150] INFO  ipc.Server (Server.java:run(1430)) - Stopping IPC Server listener on 15150
2023-06-07 15:28:43,023 [IPC Server Responder] INFO  ipc.Server (Server.java:run(1563)) - Stopping IPC Server Responder
2023-06-07 15:28:43,196 [main] INFO  utils.DatanodeStoreCache (DatanodeStoreCache.java:shutdownCache(110)) - Skip clearing cache in mini cluster mode. Entries left: [/home/runner/work/ozone/ozone/hadoop-ozone/integration-test/target/test-dir/MiniOzoneClusterImpl-9ef9e1ec-a4f9-4545-93c0-8780ce080e53/datanode-1/data-0/containers/hdds/9ef9e1ec-a4f9-4545-93c0-8780ce080e53/DS-bd6049af-9d3a-44ec-acdc-dd0c9c049117/container.db, /home/runner/work/ozone/ozone/hadoop-ozone/integration-test/target/test-dir/MiniOzoneClusterImpl-9ef9e1ec-a4f9-4545-93c0-8780ce080e53/datanode-2/data-0/containers/hdds/9ef9e1ec-a4f9-4545-93c0-8780ce080e53/DS-7dd5781d-4d84-4371-a764-01622f9db646/container.db]
2023-06-07 15:28:43,198 [main] INFO  utils.DatanodeStoreCache (DatanodeStoreCache.java:removeDB(104)) - Removed db /home/runner/work/ozone/ozone/hadoop-ozone/integration-test/target/test-dir/MiniOzoneClusterImpl-9ef9e1ec-a4f9-4545-93c0-8780ce080e53/datanode-1/data-0/containers/hdds/9ef9e1ec-a4f9-4545-93c0-8780ce080e53/DS-bd6049af-9d3a-44ec-acdc-dd0c9c049117/container.db from cache
2023-06-07 15:28:43,198 [main] INFO  volume.HddsVolume (HddsVolume.java:closeDbStore(437)) - SchemaV3 db is stopped at /home/runner/work/ozone/ozone/hadoop-ozone/integration-test/target/test-dir/MiniOzoneClusterImpl-9ef9e1ec-a4f9-4545-93c0-8780ce080e53/datanode-1/data-0/containers/hdds/9ef9e1ec-a4f9-4545-93c0-8780ce080e53/DS-bd6049af-9d3a-44ec-acdc-dd0c9c049117/container.db for volume DS-bd6049af-9d3a-44ec-acdc-dd0c9c049117
2023-06-07 15:28:43,198 [main] INFO  utils.BackgroundService (BackgroundService.java:shutdown(141)) - Shutting down service BlockDeletingService
2023-06-07 15:28:43,198 [main] INFO  utils.BackgroundService (BackgroundService.java:shutdown(141)) - Shutting down service StaleRecoveringContainerScrubbingService
2023-06-07 15:28:43,199 [main] INFO  statemachine.DatanodeStateMachine (DatanodeStateMachine.java:stopDaemon(605)) - Ozone container server stopped.
2023-06-07 15:28:43,207 [main] INFO  handler.ContextHandler (ContextHandler.java:doStop(1159)) - Stopped o.e.j.w.WebAppContext@1ae721d6{hddsDatanode,/,null,STOPPED}{jar:file:/home/runner/.m2/repository/org/apache/ozone/hdds-container-service/1.4.0-SNAPSHOT/hdds-container-service-1.4.0-SNAPSHOT.jar!/webapps/hddsDatanode}
2023-06-07 15:28:43,208 [main] INFO  server.AbstractConnector (AbstractConnector.java:doStop(383)) - Stopped ServerConnector@168fe53c{HTTP/1.1, (http/1.1)}{0.0.0.0:15158}
2023-06-07 15:28:43,208 [main] INFO  server.session (HouseKeeper.java:stopScavenging(149)) - node0 Stopped scavenging
2023-06-07 15:28:43,209 [main] INFO  handler.ContextHandler (ContextHandler.java:doStop(1159)) - Stopped o.e.j.s.ServletContextHandler@5ac672e6{static,/static,jar:file:/home/runner/.m2/repository/org/apache/ozone/hdds-container-service/1.4.0-SNAPSHOT/hdds-container-service-1.4.0-SNAPSHOT.jar!/webapps/static,STOPPED}
2023-06-07 15:28:43,209 [main] INFO  handler.ContextHandler (ContextHandler.java:doStop(1159)) - Stopped o.e.j.s.ServletContextHandler@60d31564{logs,/logs,file:///home/runner/work/ozone/ozone/hadoop-ozone/integration-test/target/log,STOPPED}
2023-06-07 15:28:43,210 [main] INFO  ozone.HddsDatanodeClientProtocolServer (HddsDatanodeClientProtocolServer.java:stop(78)) - Stopping the RPC server for Client Protocol
2023-06-07 15:28:43,210 [main] INFO  ipc.Server (Server.java:stop(3501)) - Stopping server on 15159
2023-06-07 15:28:43,210 [IPC Server listener on 15159] INFO  ipc.Server (Server.java:run(1430)) - Stopping IPC Server listener on 15159
2023-06-07 15:28:43,212 [IPC Server Responder] INFO  ipc.Server (Server.java:run(1563)) - Stopping IPC Server Responder
2023-06-07 15:28:43,513 [ForkJoinPool.commonPool-worker-3] INFO  utils.DatanodeStoreCache (DatanodeStoreCache.java:shutdownCache(110)) - Skip clearing cache in mini cluster mode. Entries left: [/home/runner/work/ozone/ozone/hadoop-ozone/integration-test/target/test-dir/MiniOzoneClusterImpl-9ef9e1ec-a4f9-4545-93c0-8780ce080e53/datanode-2/data-0/containers/hdds/9ef9e1ec-a4f9-4545-93c0-8780ce080e53/DS-7dd5781d-4d84-4371-a764-01622f9db646/container.db]
2023-06-07 15:28:43,516 [ForkJoinPool.commonPool-worker-3] INFO  utils.DatanodeStoreCache (DatanodeStoreCache.java:removeDB(104)) - Removed db /home/runner/work/ozone/ozone/hadoop-ozone/integration-test/target/test-dir/MiniOzoneClusterImpl-9ef9e1ec-a4f9-4545-93c0-8780ce080e53/datanode-2/data-0/containers/hdds/9ef9e1ec-a4f9-4545-93c0-8780ce080e53/DS-7dd5781d-4d84-4371-a764-01622f9db646/container.db from cache
2023-06-07 15:28:43,516 [ForkJoinPool.commonPool-worker-3] INFO  volume.HddsVolume (HddsVolume.java:closeDbStore(437)) - SchemaV3 db is stopped at /home/runner/work/ozone/ozone/hadoop-ozone/integration-test/target/test-dir/MiniOzoneClusterImpl-9ef9e1ec-a4f9-4545-93c0-8780ce080e53/datanode-2/data-0/containers/hdds/9ef9e1ec-a4f9-4545-93c0-8780ce080e53/DS-7dd5781d-4d84-4371-a764-01622f9db646/container.db for volume DS-7dd5781d-4d84-4371-a764-01622f9db646
2023-06-07 15:28:43,517 [ForkJoinPool.commonPool-worker-3] INFO  utils.BackgroundService (BackgroundService.java:shutdown(141)) - Shutting down service BlockDeletingService
2023-06-07 15:28:43,517 [ForkJoinPool.commonPool-worker-3] INFO  utils.BackgroundService (BackgroundService.java:shutdown(141)) - Shutting down service StaleRecoveringContainerScrubbingService
2023-06-07 15:28:43,518 [ForkJoinPool.commonPool-worker-3] INFO  statemachine.DatanodeStateMachine (DatanodeStateMachine.java:stopDaemon(605)) - Ozone container server stopped.
2023-06-07 15:28:43,528 [ForkJoinPool.commonPool-worker-3] INFO  handler.ContextHandler (ContextHandler.java:doStop(1159)) - Stopped o.e.j.w.WebAppContext@4cb34012{hddsDatanode,/,null,STOPPED}{jar:file:/home/runner/.m2/repository/org/apache/ozone/hdds-container-service/1.4.0-SNAPSHOT/hdds-container-service-1.4.0-SNAPSHOT.jar!/webapps/hddsDatanode}
2023-06-07 15:28:43,529 [ForkJoinPool.commonPool-worker-3] INFO  server.AbstractConnector (AbstractConnector.java:doStop(383)) - Stopped ServerConnector@48816424{HTTP/1.1, (http/1.1)}{0.0.0.0:15167}
2023-06-07 15:28:43,529 [ForkJoinPool.commonPool-worker-3] INFO  server.session (HouseKeeper.java:stopScavenging(149)) - node0 Stopped scavenging
2023-06-07 15:28:43,530 [ForkJoinPool.commonPool-worker-3] INFO  handler.ContextHandler (ContextHandler.java:doStop(1159)) - Stopped o.e.j.s.ServletContextHandler@3dbb0cb4{static,/static,jar:file:/home/runner/.m2/repository/org/apache/ozone/hdds-container-service/1.4.0-SNAPSHOT/hdds-container-service-1.4.0-SNAPSHOT.jar!/webapps/static,STOPPED}
2023-06-07 15:28:43,530 [ForkJoinPool.commonPool-worker-3] INFO  handler.ContextHandler (ContextHandler.java:doStop(1159)) - Stopped o.e.j.s.ServletContextHandler@4e5ac0b4{logs,/logs,file:///home/runner/work/ozone/ozone/hadoop-ozone/integration-test/target/log,STOPPED}
2023-06-07 15:28:43,531 [ForkJoinPool.commonPool-worker-3] INFO  ozone.HddsDatanodeClientProtocolServer (HddsDatanodeClientProtocolServer.java:stop(78)) - Stopping the RPC server for Client Protocol
2023-06-07 15:28:43,531 [ForkJoinPool.commonPool-worker-3] INFO  ipc.Server (Server.java:stop(3501)) - Stopping server on 15168
2023-06-07 15:28:43,531 [IPC Server listener on 15168] INFO  ipc.Server (Server.java:run(1430)) - Stopping IPC Server listener on 15168
2023-06-07 15:28:43,532 [IPC Server Responder] INFO  ipc.Server (Server.java:run(1563)) - Stopping IPC Server Responder
2023-06-07 15:28:43,533 [main] INFO  ozone.MiniOzoneClusterImpl (MiniOzoneClusterImpl.java:stopSCM(537)) - Stopping the StorageContainerManager
2023-06-07 15:28:43,534 [main] INFO  server.StorageContainerManager (StorageContainerManager.java:stop(1560)) - Container Balancer is not running.
2023-06-07 15:28:43,534 [main] INFO  server.StorageContainerManager (StorageContainerManager.java:stopReplicationManager(1691)) - Stopping Replication Manager Service.
2023-06-07 15:28:43,534 [main] INFO  replication.ReplicationManager (ReplicationManager.java:stop(332)) - Stopping Replication Monitor Thread.
2023-06-07 15:28:43,534 [main] INFO  server.StorageContainerManager (StorageContainerManager.java:stop(1569)) - Stopping the Datanode Admin Monitor.
2023-06-07 15:28:43,534 [main] INFO  server.StorageContainerManager (StorageContainerManager.java:stop(1576)) - Stopping datanode service RPC server
2023-06-07 15:28:43,534 [main] INFO  server.SCMDatanodeProtocolServer (SCMDatanodeProtocolServer.java:stop(424)) - Stopping the RPC server for DataNodes
2023-06-07 15:28:43,534 [main] INFO  ipc.Server (Server.java:stop(3501)) - Stopping server on 15142
2023-06-07 15:28:43,534 [ReplicationMonitor] INFO  replication.ReplicationManager (ReplicationManager.java:run(938)) - Replication Monitor Thread is stopped
2023-06-07 15:28:43,536 [Under Replicated Processor] WARN  replication.UnhealthyReplicationProcessor (UnhealthyReplicationProcessor.java:run(167)) - Under Replicated Processor interrupted. Exiting...
2023-06-07 15:28:43,536 [Over Replicated Processor] WARN  replication.UnhealthyReplicationProcessor (UnhealthyReplicationProcessor.java:run(167)) - Over Replicated Processor interrupted. Exiting...
2023-06-07 15:28:43,537 [IPC Server Responder] INFO  ipc.Server (Server.java:run(1563)) - Stopping IPC Server Responder
2023-06-07 15:28:43,537 [IPC Server listener on 15142] INFO  ipc.Server (Server.java:run(1430)) - Stopping IPC Server listener on 15142
2023-06-07 15:28:43,567 [SCM Heartbeat Processing Thread - 0] WARN  node.NodeStateManager (NodeStateManager.java:scheduleNextHealthCheck(870)) - Current Thread is interrupted, shutting down HB processing thread for Node Manager.
2023-06-07 15:28:43,568 [main] INFO  server.StorageContainerManager (StorageContainerManager.java:stop(1584)) - Stopping block service RPC server
2023-06-07 15:28:43,568 [main] INFO  server.SCMBlockProtocolServer (SCMBlockProtocolServer.java:stop(161)) - Stopping the RPC server for Block Protocol
2023-06-07 15:28:43,568 [main] INFO  ipc.Server (Server.java:stop(3501)) - Stopping server on 15141
2023-06-07 15:28:43,572 [main] INFO  server.StorageContainerManager (StorageContainerManager.java:stop(1591)) - Stopping the StorageContainerLocationProtocol RPC server
2023-06-07 15:28:43,572 [IPC Server listener on 15141] INFO  ipc.Server (Server.java:run(1430)) - Stopping IPC Server listener on 15141
2023-06-07 15:28:43,572 [IPC Server Responder] INFO  ipc.Server (Server.java:run(1563)) - Stopping IPC Server Responder
2023-06-07 15:28:43,572 [main] INFO  server.SCMClientProtocolServer (SCMClientProtocolServer.java:stop(210)) - Stopping the RPC server for Client Protocol
2023-06-07 15:28:43,573 [main] INFO  ipc.Server (Server.java:stop(3501)) - Stopping server on 15140
2023-06-07 15:28:43,574 [IPC Server listener on 15140] INFO  ipc.Server (Server.java:run(1430)) - Stopping IPC Server listener on 15140
2023-06-07 15:28:43,575 [IPC Server Responder] INFO  ipc.Server (Server.java:run(1563)) - Stopping IPC Server Responder
2023-06-07 15:28:43,575 [main] INFO  server.StorageContainerManager (StorageContainerManager.java:stop(1598)) - Stopping Storage Container Manager HTTP server.
2023-06-07 15:28:43,576 [main] INFO  handler.ContextHandler (ContextHandler.java:doStop(1159)) - Stopped o.e.j.w.WebAppContext@42294ce4{scm,/,null,STOPPED}{file:/home/runner/work/ozone/ozone/hadoop-ozone/integration-test/target/test-classes/webapps/scm}
2023-06-07 15:28:43,577 [main] INFO  server.AbstractConnector (AbstractConnector.java:doStop(383)) - Stopped ServerConnector@3da33cd{HTTP/1.1, (http/1.1)}{0.0.0.0:15143}
2023-06-07 15:28:43,577 [main] INFO  server.session (HouseKeeper.java:stopScavenging(149)) - node0 Stopped scavenging
2023-06-07 15:28:43,577 [main] INFO  handler.ContextHandler (ContextHandler.java:doStop(1159)) - Stopped o.e.j.s.ServletContextHandler@3ceeea4a{static,/static,file:///home/runner/work/ozone/ozone/hadoop-ozone/integration-test/target/test-classes/webapps/static,STOPPED}
2023-06-07 15:28:43,577 [main] INFO  handler.ContextHandler (ContextHandler.java:doStop(1159)) - Stopped o.e.j.s.ServletContextHandler@78bb3a31{logs,/logs,file:///home/runner/work/ozone/ozone/hadoop-ozone/integration-test/target/log,STOPPED}
2023-06-07 15:28:43,579 [main] INFO  server.StorageContainerManager (StorageContainerManager.java:stop(1606)) - Stopping SCM LayoutVersionManager Service.
2023-06-07 15:28:43,579 [main] INFO  server.StorageContainerManager (StorageContainerManager.java:stop(1614)) - Stopping Block Manager Service.
2023-06-07 15:28:43,579 [main] INFO  utils.BackgroundService (BackgroundService.java:shutdown(141)) - Shutting down service SCMBlockDeletingService
2023-06-07 15:28:43,579 [main] INFO  utils.BackgroundService (BackgroundService.java:shutdown(141)) - Shutting down service SCMBlockDeletingService
2023-06-07 15:28:43,580 [main] INFO  server.StorageContainerManager (StorageContainerManager.java:stop(1636)) - Stopping SCM Event Queue.
2023-06-07 15:28:43,580 [main] INFO  server.StorageContainerManager (StorageContainerManager.java:stop(1647)) - Stopping SCM HA services.
2023-06-07 15:28:43,580 [main] INFO  ha.SCMRatisServerImpl (SCMRatisServerImpl.java:stop(254)) - stopping ratis server 0.0.0.0:9894
2023-06-07 15:28:43,581 [main] INFO  server.RaftServer (RaftServerProxy.java:lambda$close$6(416)) - bc73e633-4041-46f1-a215-72105972b801: close
2023-06-07 15:28:43,581 [main] INFO  server.GrpcService (GrpcService.java:closeImpl(311)) - bc73e633-4041-46f1-a215-72105972b801: shutdown server GrpcServerProtocolService now
2023-06-07 15:28:43,581 [bc73e633-4041-46f1-a215-72105972b801-impl-thread1] INFO  server.RaftServer$Division (RaftServerImpl.java:lambda$close$4(466)) - bc73e633-4041-46f1-a215-72105972b801@group-8780CE080E53: shutdown
2023-06-07 15:28:43,582 [bc73e633-4041-46f1-a215-72105972b801-impl-thread1] INFO  util.JmxRegister (JmxRegister.java:unregister(73)) - Successfully un-registered JMX Bean with object name Ratis:service=RaftServer,group=group-8780CE080E53,id=bc73e633-4041-46f1-a215-72105972b801
2023-06-07 15:28:43,582 [bc73e633-4041-46f1-a215-72105972b801-impl-thread1] INFO  impl.RoleInfo (RoleInfo.java:shutdownLeaderState(93)) - bc73e633-4041-46f1-a215-72105972b801: shutdown bc73e633-4041-46f1-a215-72105972b801@group-8780CE080E53-LeaderStateImpl
2023-06-07 15:28:43,582 [bc73e633-4041-46f1-a215-72105972b801-impl-thread1] INFO  impl.PendingRequests (PendingRequests.java:sendNotLeaderResponses(289)) - bc73e633-4041-46f1-a215-72105972b801@group-8780CE080E53-PendingRequests: sendNotLeaderResponses
2023-06-07 15:28:43,582 [bc73e633-4041-46f1-a215-72105972b801-impl-thread1] INFO  ha.SCMStateMachine (SCMStateMachine.java:notifyNotLeader(205)) - current leader SCM steps down.
2023-06-07 15:28:43,582 [bc73e633-4041-46f1-a215-72105972b801-impl-thread1] INFO  ha.SCMContext (SCMContext.java:updateLeaderAndTerm(99)) - update <isLeader,term> from <true,2> to <false,0>
2023-06-07 15:28:43,582 [bc73e633-4041-46f1-a215-72105972b801-impl-thread1] INFO  ha.SCMContext (SCMContext.java:updateLeaderAndTerm(106)) - update <isLeaderReady> from <false> to <false>
2023-06-07 15:28:43,582 [bc73e633-4041-46f1-a215-72105972b801-impl-thread1] INFO  BackgroundPipelineScrubber (BackgroundSCMService.java:notifyStatusChanged(88)) - Service BackgroundPipelineScrubber transitions to PAUSING.
2023-06-07 15:28:43,582 [bc73e633-4041-46f1-a215-72105972b801-impl-thread1] INFO  ExpiredContainerReplicaOpScrubber (BackgroundSCMService.java:notifyStatusChanged(88)) - Service ExpiredContainerReplicaOpScrubber transitions to PAUSING.
2023-06-07 15:28:43,582 [main] INFO  server.GrpcService (GrpcService.java:closeImpl(320)) - bc73e633-4041-46f1-a215-72105972b801: shutdown server GrpcServerProtocolService successfully
2023-06-07 15:28:43,582 [bc73e633-4041-46f1-a215-72105972b801-impl-thread1] INFO  SCMHATransactionMonitor (BackgroundSCMService.java:notifyStatusChanged(88)) - Service SCMHATransactionMonitor transitions to PAUSING.
2023-06-07 15:28:43,585 [bc73e633-4041-46f1-a215-72105972b801-impl-thread1] INFO  impl.StateMachineUpdater (StateMachineUpdater.java:stopAndJoin(155)) - bc73e633-4041-46f1-a215-72105972b801@group-8780CE080E53-StateMachineUpdater: set stopIndex = 30
2023-06-07 15:28:43,585 [bc73e633-4041-46f1-a215-72105972b801@group-8780CE080E53-StateMachineUpdater] INFO  server.StorageContainerManager (StorageContainerManager.java:stop(1549)) - Storage Container Manager is not running.
2023-06-07 15:28:43,585 [bc73e633-4041-46f1-a215-72105972b801@group-8780CE080E53-StateMachineUpdater] INFO  server.StorageContainerManager (StorageContainerManager.java:stopReplicationManager(1691)) - Stopping Replication Manager Service.
2023-06-07 15:28:43,585 [bc73e633-4041-46f1-a215-72105972b801@group-8780CE080E53-StateMachineUpdater] INFO  replication.ReplicationManager (ReplicationManager.java:stop(342)) - Replication Monitor Thread is not running.
2023-06-07 15:28:43,585 [bc73e633-4041-46f1-a215-72105972b801@group-8780CE080E53-StateMachineUpdater] INFO  server.StorageContainerManager (ExitUtils.java:terminate(131)) - Terminating with exit status 0: scm statemachine is closed by ratis, terminate SCM
2023-06-07 15:28:43,585 [bc73e633-4041-46f1-a215-72105972b801@group-8780CE080E53-StateMachineUpdater] WARN  impl.StateMachineUpdater (StateMachineUpdater.java:stop(139)) - bc73e633-4041-46f1-a215-72105972b801@group-8780CE080E53-StateMachineUpdater: Failed to close SCMStateMachine SCMStateMachine:bc73e633-4041-46f1-a215-72105972b801:group-8780CE080E53
org.apache.ratis.util.ExitUtils$ExitException: scm statemachine is closed by ratis, terminate SCM
	at org.apache.ratis.util.ExitUtils.terminate(ExitUtils.java:141)
	at org.apache.ratis.util.ExitUtils.terminate(ExitUtils.java:151)
	at org.apache.ratis.util.ExitUtils.terminate(ExitUtils.java:155)
	at org.apache.hadoop.hdds.scm.server.StorageContainerManager.shutDown(StorageContainerManager.java:1701)
	at org.apache.hadoop.hdds.scm.ha.SCMStateMachine.close(SCMStateMachine.java:423)
	at org.apache.ratis.server.impl.StateMachineUpdater.stop(StateMachineUpdater.java:134)
	at org.apache.ratis.server.impl.StateMachineUpdater.run(StateMachineUpdater.java:189)
	at java.lang.Thread.run(Thread.java:750)
2023-06-07 15:28:43,586 [bc73e633-4041-46f1-a215-72105972b801-impl-thread1] INFO  server.RaftServer$Division (ServerState.java:close(472)) - bc73e633-4041-46f1-a215-72105972b801@group-8780CE080E53: closes. applyIndex: 100
2023-06-07 15:28:44,394 [bc73e633-4041-46f1-a215-72105972b801-impl-thread1] INFO  segmented.SegmentedRaftLogWorker (SegmentedRaftLogWorker.java:close(252)) - bc73e633-4041-46f1-a215-72105972b801@group-8780CE080E53-SegmentedRaftLogWorker close()
2023-06-07 15:28:44,395 [JvmPauseMonitor25] INFO  util.JvmPauseMonitor (JvmPauseMonitor.java:run(109)) - JvmPauseMonitor-bc73e633-4041-46f1-a215-72105972b801: Stopped
2023-06-07 15:28:44,395 [main] INFO  SCMHATransactionMonitor (BackgroundSCMService.java:stop(131)) - Stopping SCMHATransactionMonitor Service.
2023-06-07 15:28:44,396 [SCMHATransactionMonitorThread] WARN  SCMHATransactionMonitor (BackgroundSCMService.java:run(115)) - SCMHATransactionMonitor is interrupted, exit
2023-06-07 15:28:44,396 [main] INFO  pipeline.BackgroundPipelineCreator (BackgroundPipelineCreator.java:stop(149)) - Stopping RatisPipelineUtilsThread.
2023-06-07 15:28:44,396 [RatisPipelineUtilsThread - 0] WARN  pipeline.BackgroundPipelineCreator (BackgroundPipelineCreator.java:run(180)) - RatisPipelineUtilsThread is interrupted.
2023-06-07 15:28:44,396 [main] INFO  BackgroundPipelineScrubber (BackgroundSCMService.java:stop(131)) - Stopping BackgroundPipelineScrubber Service.
2023-06-07 15:28:44,397 [main] INFO  impl.MetricsSystemImpl (MetricsSystemImpl.java:stop(210)) - Stopping HddsDatanode metrics system...
2023-06-07 15:28:44,397 [BackgroundPipelineScrubberThread] WARN  BackgroundPipelineScrubber (BackgroundSCMService.java:run(115)) - BackgroundPipelineScrubber is interrupted, exit
2023-06-07 15:28:44,398 [prometheus] INFO  impl.MetricsSinkAdapter (MetricsSinkAdapter.java:publishMetricsFromQueue(141)) - prometheus thread interrupted.
2023-06-07 15:28:44,398 [main] INFO  impl.MetricsSystemImpl (MetricsSystemImpl.java:stop(216)) - HddsDatanode metrics system stopped.
2023-06-07 15:28:44,398 [main] WARN  pipeline.BackgroundPipelineCreator (BackgroundPipelineCreator.java:stop(145)) - RatisPipelineUtilsThread is not running, just ignore.
2023-06-07 15:28:44,398 [main] INFO  BackgroundPipelineScrubber (BackgroundSCMService.java:stop(126)) - BackgroundPipelineScrubber Service is not running, skip stop.
2023-06-07 15:28:44,398 [main] INFO  ExpiredContainerReplicaOpScrubber (BackgroundSCMService.java:stop(131)) - Stopping ExpiredContainerReplicaOpScrubber Service.
2023-06-07 15:28:44,398 [main] INFO  utils.BackgroundService (BackgroundService.java:shutdown(141)) - Shutting down service SCMBlockDeletingService
2023-06-07 15:28:44,398 [ExpiredContainerReplicaOpScrubberThread] WARN  ExpiredContainerReplicaOpScrubber (BackgroundSCMService.java:run(115)) - ExpiredContainerReplicaOpScrubber is interrupted, exit
2023-06-07 15:28:44,399 [main] INFO  replication.ReplicationManager (ReplicationManager.java:stop(342)) - Replication Monitor Thread is not running.
2023-06-07 15:28:44,399 [main] WARN  balancer.ContainerBalancer (ContainerBalancer.java:stop(328)) - Cannot stop Container Balancer because it's not running or stopping
2023-06-07 15:28:44,399 [main] INFO  SCMHATransactionMonitor (BackgroundSCMService.java:stop(126)) - SCMHATransactionMonitor Service is not running, skip stop.
2023-06-07 15:28:44,399 [main] INFO  server.StorageContainerManager (StorageContainerManager.java:stop(1682)) - Stopping SCM MetadataStore.
2023-06-07 15:28:44,401 [Lease Manager-LeaseManager#LeaseMonitor] WARN  lease.LeaseManager (LeaseManager.java:run(272)) - Lease manager is interrupted. Shutting down...
java.lang.InterruptedException
	at java.util.concurrent.locks.AbstractQueuedSynchronizer.doAcquireSharedNanos(AbstractQueuedSynchronizer.java:1039)
	at java.util.concurrent.locks.AbstractQueuedSynchronizer.tryAcquireSharedNanos(AbstractQueuedSynchronizer.java:1328)
	at java.util.concurrent.Semaphore.tryAcquire(Semaphore.java:409)
	at org.apache.hadoop.ozone.lease.LeaseManager$LeaseMonitor.run(LeaseManager.java:270)
	at java.lang.Thread.run(Thread.java:750)
]]></system-out>
    </rerunFailure>
    <rerunFailure type="java.lang.AssertionError">
      <stackTrace><![CDATA[java.lang.AssertionError: Found 4 leaked objects, check logs
	at org.apache.hadoop.hdds.utils.db.CodecBuffer.assertNoLeaks(CodecBuffer.java:99)
	at org.apache.hadoop.ozone.MiniOzoneClusterImpl.shutdown(MiniOzoneClusterImpl.java:451)
	at org.apache.hadoop.hdds.scm.TestSCMInstallSnapshot.shutdown(TestSCMInstallSnapshot.java:80)
	at sun.reflect.NativeMethodAccessorImpl.invoke0(Native Method)
	at sun.reflect.NativeMethodAccessorImpl.invoke(NativeMethodAccessorImpl.java:62)
	at sun.reflect.DelegatingMethodAccessorImpl.invoke(DelegatingMethodAccessorImpl.java:43)
	at java.lang.reflect.Method.invoke(Method.java:498)
	at org.junit.platform.commons.util.ReflectionUtils.invokeMethod(ReflectionUtils.java:725)
	at org.junit.jupiter.engine.execution.MethodInvocation.proceed(MethodInvocation.java:60)
	at org.junit.jupiter.engine.execution.InvocationInterceptorChain$ValidatingInvocation.proceed(InvocationInterceptorChain.java:131)
	at org.junit.jupiter.engine.extension.TimeoutExtension.intercept(TimeoutExtension.java:149)
	at org.junit.jupiter.engine.extension.TimeoutExtension.interceptLifecycleMethod(TimeoutExtension.java:126)
	at org.junit.jupiter.engine.extension.TimeoutExtension.interceptAfterAllMethod(TimeoutExtension.java:116)
	at org.junit.jupiter.engine.execution.ExecutableInvoker$ReflectiveInterceptorCall.lambda$ofVoidMethod$0(ExecutableInvoker.java:115)
	at org.junit.jupiter.engine.execution.ExecutableInvoker.lambda$invoke$0(ExecutableInvoker.java:105)
	at org.junit.jupiter.engine.execution.InvocationInterceptorChain$InterceptedInvocation.proceed(InvocationInterceptorChain.java:106)
	at org.junit.jupiter.engine.execution.InvocationInterceptorChain.proceed(InvocationInterceptorChain.java:64)
	at org.junit.jupiter.engine.execution.InvocationInterceptorChain.chainAndInvoke(InvocationInterceptorChain.java:45)
	at org.junit.jupiter.engine.execution.InvocationInterceptorChain.invoke(InvocationInterceptorChain.java:37)
	at org.junit.jupiter.engine.execution.ExecutableInvoker.invoke(ExecutableInvoker.java:104)
	at org.junit.jupiter.engine.execution.ExecutableInvoker.invoke(ExecutableInvoker.java:98)
	at org.junit.jupiter.engine.descriptor.ClassBasedTestDescriptor.lambda$invokeAfterAllMethods$13(ClassBasedTestDescriptor.java:425)
	at org.junit.platform.engine.support.hierarchical.ThrowableCollector.execute(ThrowableCollector.java:73)
	at org.junit.jupiter.engine.descriptor.ClassBasedTestDescriptor.lambda$invokeAfterAllMethods$14(ClassBasedTestDescriptor.java:423)
	at java.util.ArrayList.forEach(ArrayList.java:1259)
	at java.util.Collections$UnmodifiableCollection.forEach(Collections.java:1082)
	at org.junit.jupiter.engine.descriptor.ClassBasedTestDescriptor.invokeAfterAllMethods(ClassBasedTestDescriptor.java:423)
	at org.junit.jupiter.engine.descriptor.ClassBasedTestDescriptor.after(ClassBasedTestDescriptor.java:225)
	at org.junit.jupiter.engine.descriptor.ClassBasedTestDescriptor.after(ClassBasedTestDescriptor.java:80)
	at org.junit.platform.engine.support.hierarchical.NodeTestTask.lambda$executeRecursively$7(NodeTestTask.java:161)
	at org.junit.platform.engine.support.hierarchical.ThrowableCollector.execute(ThrowableCollector.java:73)
	at org.junit.platform.engine.support.hierarchical.NodeTestTask.lambda$executeRecursively$8(NodeTestTask.java:161)
	at org.junit.platform.engine.support.hierarchical.Node.around(Node.java:137)
	at org.junit.platform.engine.support.hierarchical.NodeTestTask.lambda$executeRecursively$9(NodeTestTask.java:139)
	at org.junit.platform.engine.support.hierarchical.ThrowableCollector.execute(ThrowableCollector.java:73)
	at org.junit.platform.engine.support.hierarchical.NodeTestTask.executeRecursively(NodeTestTask.java:138)
	at org.junit.platform.engine.support.hierarchical.NodeTestTask.execute(NodeTestTask.java:95)
	at java.util.ArrayList.forEach(ArrayList.java:1259)
	at org.junit.platform.engine.support.hierarchical.SameThreadHierarchicalTestExecutorService.invokeAll(SameThreadHierarchicalTestExecutorService.java:41)
	at org.junit.platform.engine.support.hierarchical.NodeTestTask.lambda$executeRecursively$6(NodeTestTask.java:155)
	at org.junit.platform.engine.support.hierarchical.ThrowableCollector.execute(ThrowableCollector.java:73)
	at org.junit.platform.engine.support.hierarchical.NodeTestTask.lambda$executeRecursively$8(NodeTestTask.java:141)
	at org.junit.platform.engine.support.hierarchical.Node.around(Node.java:137)
	at org.junit.platform.engine.support.hierarchical.NodeTestTask.lambda$executeRecursively$9(NodeTestTask.java:139)
	at org.junit.platform.engine.support.hierarchical.ThrowableCollector.execute(ThrowableCollector.java:73)
	at org.junit.platform.engine.support.hierarchical.NodeTestTask.executeRecursively(NodeTestTask.java:138)
	at org.junit.platform.engine.support.hierarchical.NodeTestTask.execute(NodeTestTask.java:95)
	at org.junit.platform.engine.support.hierarchical.SameThreadHierarchicalTestExecutorService.submit(SameThreadHierarchicalTestExecutorService.java:35)
	at org.junit.platform.engine.support.hierarchical.HierarchicalTestExecutor.execute(HierarchicalTestExecutor.java:57)
	at org.junit.platform.engine.support.hierarchical.HierarchicalTestEngine.execute(HierarchicalTestEngine.java:54)
	at org.junit.platform.launcher.core.EngineExecutionOrchestrator.execute(EngineExecutionOrchestrator.java:107)
	at org.junit.platform.launcher.core.EngineExecutionOrchestrator.execute(EngineExecutionOrchestrator.java:88)
	at org.junit.platform.launcher.core.EngineExecutionOrchestrator.lambda$execute$0(EngineExecutionOrchestrator.java:54)
	at org.junit.platform.launcher.core.EngineExecutionOrchestrator.withInterceptedStreams(EngineExecutionOrchestrator.java:67)
	at org.junit.platform.launcher.core.EngineExecutionOrchestrator.execute(EngineExecutionOrchestrator.java:52)
	at org.junit.platform.launcher.core.DefaultLauncher.execute(DefaultLauncher.java:114)
	at org.junit.platform.launcher.core.DefaultLauncher.execute(DefaultLauncher.java:86)
	at org.junit.platform.launcher.core.DefaultLauncherSession$DelegatingLauncher.execute(DefaultLauncherSession.java:86)
	at org.junit.platform.launcher.core.SessionPerRequestLauncher.execute(SessionPerRequestLauncher.java:53)
	at org.apache.maven.surefire.junitplatform.JUnitPlatformProvider.invokeAllTests(JUnitPlatformProvider.java:165)
	at org.apache.maven.surefire.junitplatform.JUnitPlatformProvider.invoke(JUnitPlatformProvider.java:124)
	at org.apache.maven.surefire.booter.ForkedBooter.runSuitesInProcess(ForkedBooter.java:428)
	at org.apache.maven.surefire.booter.ForkedBooter.execute(ForkedBooter.java:162)
	at org.apache.maven.surefire.booter.ForkedBooter.run(ForkedBooter.java:562)
	at org.apache.maven.surefire.booter.ForkedBooter.main(ForkedBooter.java:548)
]]></stackTrace>
      <system-out><![CDATA[2023-06-07 15:29:10,960 [main] INFO  ozone.MiniOzoneClusterImpl (MiniOzoneClusterImpl.java:shutdown(442)) - Shutting down the Mini Ozone Cluster
2023-06-07 15:29:10,960 [main] INFO  ozone.MiniOzoneClusterImpl (MiniOzoneClusterImpl.java:stop(459)) - Stopping the Mini Ozone Cluster
2023-06-07 15:29:10,960 [main] INFO  ozone.MiniOzoneClusterImpl (MiniOzoneClusterImpl.java:stopOM(545)) - Stopping the OzoneManager
2023-06-07 15:29:10,961 [main] INFO  om.OzoneManager (OzoneManager.java:stop(2166)) - om1[localhost:15179]: Stopping Ozone Manager
2023-06-07 15:29:10,961 [main] INFO  ipc.Server (Server.java:stop(3501)) - Stopping server on 15179
2023-06-07 15:29:10,964 [IPC Server Responder] INFO  ipc.Server (Server.java:run(1563)) - Stopping IPC Server Responder
2023-06-07 15:29:10,964 [IPC Server listener on 15179] INFO  ipc.Server (Server.java:run(1430)) - Stopping IPC Server listener on 15179
2023-06-07 15:29:10,968 [main] INFO  server.RaftServer (RaftServerProxy.java:lambda$close$6(416)) - om1: close
2023-06-07 15:29:10,968 [om1-impl-thread1] INFO  server.RaftServer$Division (RaftServerImpl.java:lambda$close$4(466)) - om1@group-C5BA1605619E: shutdown
2023-06-07 15:29:10,968 [om1-impl-thread1] INFO  util.JmxRegister (JmxRegister.java:unregister(73)) - Successfully un-registered JMX Bean with object name Ratis:service=RaftServer,group=group-C5BA1605619E,id=om1
2023-06-07 15:29:10,968 [om1-impl-thread1] INFO  impl.RoleInfo (RoleInfo.java:shutdownLeaderState(93)) - om1: shutdown om1@group-C5BA1605619E-LeaderStateImpl
2023-06-07 15:29:10,968 [om1-impl-thread1] INFO  impl.PendingRequests (PendingRequests.java:sendNotLeaderResponses(289)) - om1@group-C5BA1605619E-PendingRequests: sendNotLeaderResponses
2023-06-07 15:29:10,969 [om1-impl-thread1] INFO  impl.StateMachineUpdater (StateMachineUpdater.java:stopAndJoin(155)) - om1@group-C5BA1605619E-StateMachineUpdater: set stopIndex = 0
2023-06-07 15:29:10,969 [main] INFO  server.GrpcService (GrpcService.java:closeImpl(311)) - om1: shutdown server GrpcServerProtocolService now
2023-06-07 15:29:10,969 [om1@group-C5BA1605619E-StateMachineUpdater] INFO  ratis.OzoneManagerStateMachine (OzoneManagerStateMachine.java:takeSnapshot(479)) - Current Snapshot Index (t:1, i:0)
2023-06-07 15:29:10,973 [main] INFO  server.GrpcService (GrpcService.java:closeImpl(320)) - om1: shutdown server GrpcServerProtocolService successfully
2023-06-07 15:29:10,982 [om1@group-C5BA1605619E-StateMachineUpdater] INFO  impl.StateMachineUpdater (StateMachineUpdater.java:takeSnapshot(291)) - om1@group-C5BA1605619E-StateMachineUpdater: Took a snapshot at index 0
2023-06-07 15:29:10,982 [om1@group-C5BA1605619E-StateMachineUpdater] INFO  impl.StateMachineUpdater (StateMachineUpdater.java:lambda$new$0(97)) - om1@group-C5BA1605619E-StateMachineUpdater: snapshotIndex: updateIncreasingly -1 -> 0
2023-06-07 15:29:10,982 [om1@group-C5BA1605619E-StateMachineUpdater] INFO  ratis.OzoneManagerStateMachine (OzoneManagerStateMachine.java:close(533)) - StateMachine has shutdown. Shutdown OzoneManager if not already shutdown.
2023-06-07 15:29:10,982 [om1@group-C5BA1605619E-StateMachineUpdater] INFO  ratis.OzoneManagerDoubleBuffer (OzoneManagerDoubleBuffer.java:stopDaemon(559)) - Stopping OMDoubleBuffer flush thread
2023-06-07 15:29:10,983 [OMDoubleBufferFlushThread] INFO  ratis.OzoneManagerDoubleBuffer (OzoneManagerDoubleBuffer.java:canFlush(648)) - OMDoubleBuffer flush thread OMDoubleBufferFlushThread is interrupted and will exit.
2023-06-07 15:29:10,983 [om1-impl-thread1] INFO  server.RaftServer$Division (ServerState.java:close(472)) - om1@group-C5BA1605619E: closes. applyIndex: 0
2023-06-07 15:29:11,912 [om1-impl-thread1] INFO  segmented.SegmentedRaftLogWorker (SegmentedRaftLogWorker.java:close(252)) - om1@group-C5BA1605619E-SegmentedRaftLogWorker close()
2023-06-07 15:29:11,912 [JvmPauseMonitor32] INFO  util.JvmPauseMonitor (JvmPauseMonitor.java:run(109)) - JvmPauseMonitor-om1: Stopped
2023-06-07 15:29:11,912 [main] INFO  ratis.OzoneManagerStateMachine (OzoneManagerStateMachine.java:close(533)) - StateMachine has shutdown. Shutdown OzoneManager if not already shutdown.
2023-06-07 15:29:11,913 [main] INFO  ratis.OzoneManagerDoubleBuffer (OzoneManagerDoubleBuffer.java:stopDaemon(568)) - OMDoubleBuffer flush thread is not running.
2023-06-07 15:29:11,913 [main] INFO  utils.BackgroundService (BackgroundService.java:shutdown(141)) - Shutting down service KeyDeletingService
2023-06-07 15:29:11,914 [main] INFO  utils.BackgroundService (BackgroundService.java:shutdown(141)) - Shutting down service KeyDeletingService
2023-06-07 15:29:11,914 [main] INFO  utils.BackgroundService (BackgroundService.java:shutdown(141)) - Shutting down service OpenKeyCleanupService
2023-06-07 15:29:11,914 [main] INFO  utils.BackgroundService (BackgroundService.java:shutdown(141)) - Shutting down service SstFilteringService
2023-06-07 15:29:11,914 [main] INFO  utils.BackgroundService (BackgroundService.java:shutdown(141)) - Shutting down service SnapshotDeletingService
2023-06-07 15:29:11,915 [main] INFO  handler.ContextHandler (ContextHandler.java:doStop(1159)) - Stopped o.e.j.w.WebAppContext@44dce520{ozoneManager,/,null,STOPPED}{file:/home/runner/work/ozone/ozone/hadoop-ozone/integration-test/target/test-classes/webapps/ozoneManager}
2023-06-07 15:29:11,915 [main] INFO  server.AbstractConnector (AbstractConnector.java:doStop(383)) - Stopped ServerConnector@6324aad8{HTTP/1.1, (http/1.1)}{0.0.0.0:15180}
2023-06-07 15:29:11,915 [main] INFO  server.session (HouseKeeper.java:stopScavenging(149)) - node0 Stopped scavenging
2023-06-07 15:29:11,916 [main] INFO  handler.ContextHandler (ContextHandler.java:doStop(1159)) - Stopped o.e.j.s.ServletContextHandler@ef88b6d{static,/static,file:///home/runner/work/ozone/ozone/hadoop-ozone/integration-test/target/test-classes/webapps/static,STOPPED}
2023-06-07 15:29:11,916 [main] INFO  handler.ContextHandler (ContextHandler.java:doStop(1159)) - Stopped o.e.j.s.ServletContextHandler@e9ce3be{logs,/logs,file:///home/runner/work/ozone/ozone/hadoop-ozone/integration-test/target/log,STOPPED}
2023-06-07 15:29:11,918 [main] INFO  snapshot.SnapshotDiffManager (SnapshotDiffManager.java:closeExecutorService(1278)) - Shutting down executorService: 'SnapDiffExecutor'
2023-06-07 15:29:11,918 [main] INFO  utils.BackgroundService (BackgroundService.java:shutdown(141)) - Shutting down service SnapshotDiffCleanupService
2023-06-07 15:29:11,919 [main] INFO  ozone.MiniOzoneClusterImpl (MiniOzoneClusterImpl.java:stopDatanodes(522)) - Stopping the HddsDatanodes
2023-06-07 15:29:11,920 [main] INFO  ozoneimpl.OzoneContainer (OzoneContainer.java:stop(420)) - Attempting to stop container services.
2023-06-07 15:29:11,922 [ForkJoinPool.commonPool-worker-2] INFO  ozoneimpl.OzoneContainer (OzoneContainer.java:stop(420)) - Attempting to stop container services.
2023-06-07 15:29:11,922 [main] INFO  server.RaftServer (RaftServerProxy.java:lambda$close$6(416)) - 32bad824-8df3-4244-b31d-dd1e6a658658: close
2023-06-07 15:29:11,923 [32bad824-8df3-4244-b31d-dd1e6a658658-impl-thread1] INFO  server.RaftServer$Division (RaftServerImpl.java:lambda$close$4(466)) - 32bad824-8df3-4244-b31d-dd1e6a658658@group-F53F1396ACC8: shutdown
2023-06-07 15:29:11,923 [32bad824-8df3-4244-b31d-dd1e6a658658-impl-thread1] INFO  util.JmxRegister (JmxRegister.java:unregister(73)) - Successfully un-registered JMX Bean with object name Ratis:service=RaftServer,group=group-F53F1396ACC8,id=32bad824-8df3-4244-b31d-dd1e6a658658
2023-06-07 15:29:11,923 [32bad824-8df3-4244-b31d-dd1e6a658658-impl-thread1] INFO  impl.RoleInfo (RoleInfo.java:shutdownLeaderState(93)) - 32bad824-8df3-4244-b31d-dd1e6a658658: shutdown 32bad824-8df3-4244-b31d-dd1e6a658658@group-F53F1396ACC8-LeaderStateImpl
2023-06-07 15:29:11,923 [32bad824-8df3-4244-b31d-dd1e6a658658-impl-thread1] INFO  impl.PendingRequests (PendingRequests.java:sendNotLeaderResponses(289)) - 32bad824-8df3-4244-b31d-dd1e6a658658@group-F53F1396ACC8-PendingRequests: sendNotLeaderResponses
2023-06-07 15:29:11,923 [32bad824-8df3-4244-b31d-dd1e6a658658-impl-thread1] INFO  impl.StateMachineUpdater (StateMachineUpdater.java:stopAndJoin(155)) - 32bad824-8df3-4244-b31d-dd1e6a658658@group-F53F1396ACC8-StateMachineUpdater: set stopIndex = 0
2023-06-07 15:29:11,923 [32bad824-8df3-4244-b31d-dd1e6a658658-impl-thread2] INFO  server.RaftServer$Division (RaftServerImpl.java:lambda$close$4(466)) - 32bad824-8df3-4244-b31d-dd1e6a658658@group-F5C47B2CE3B8: shutdown
2023-06-07 15:29:11,923 [32bad824-8df3-4244-b31d-dd1e6a658658@group-F53F1396ACC8-StateMachineUpdater] INFO  ratis.ContainerStateMachine (ContainerStateMachine.java:takeSnapshot(330)) - group-F53F1396ACC8: Taking a snapshot at:(t:1, i:0) file /home/runner/work/ozone/ozone/hadoop-ozone/integration-test/target/test-dir/MiniOzoneClusterImpl-c8a517f5-2015-4ab4-bc29-2f0a6c6e6d27/datanode-1/data/ratis/d6bbee8e-9bca-4072-8fe9-f53f1396acc8/sm/snapshot.1_0
2023-06-07 15:29:11,924 [main] INFO  server.GrpcService (GrpcService.java:closeImpl(311)) - 32bad824-8df3-4244-b31d-dd1e6a658658: shutdown server org.apache.ratis.grpc.server.GrpcClientProtocolService now
2023-06-07 15:29:11,924 [32bad824-8df3-4244-b31d-dd1e6a658658-impl-thread2] INFO  util.JmxRegister (JmxRegister.java:unregister(73)) - Successfully un-registered JMX Bean with object name Ratis:service=RaftServer,group=group-F5C47B2CE3B8,id=32bad824-8df3-4244-b31d-dd1e6a658658
2023-06-07 15:29:11,924 [32bad824-8df3-4244-b31d-dd1e6a658658-impl-thread2] INFO  impl.RoleInfo (RoleInfo.java:shutdownFollowerState(110)) - 32bad824-8df3-4244-b31d-dd1e6a658658: shutdown 32bad824-8df3-4244-b31d-dd1e6a658658@group-F5C47B2CE3B8-FollowerState
2023-06-07 15:29:11,924 [32bad824-8df3-4244-b31d-dd1e6a658658-impl-thread3] INFO  server.RaftServer$Division (RaftServerImpl.java:lambda$close$4(466)) - 32bad824-8df3-4244-b31d-dd1e6a658658@group-96B4F568856D: shutdown
2023-06-07 15:29:11,924 [32bad824-8df3-4244-b31d-dd1e6a658658-impl-thread3] INFO  util.JmxRegister (JmxRegister.java:unregister(73)) - Successfully un-registered JMX Bean with object name Ratis:service=RaftServer,group=group-96B4F568856D,id=32bad824-8df3-4244-b31d-dd1e6a658658
2023-06-07 15:29:11,924 [32bad824-8df3-4244-b31d-dd1e6a658658-impl-thread3] INFO  impl.RoleInfo (RoleInfo.java:shutdownLeaderState(93)) - 32bad824-8df3-4244-b31d-dd1e6a658658: shutdown 32bad824-8df3-4244-b31d-dd1e6a658658@group-96B4F568856D-LeaderStateImpl
2023-06-07 15:29:11,924 [32bad824-8df3-4244-b31d-dd1e6a658658@group-F53F1396ACC8-StateMachineUpdater] INFO  ratis.ContainerStateMachine (ContainerStateMachine.java:takeSnapshot(341)) - group-F53F1396ACC8: Finished taking a snapshot at:(t:1, i:0) file:/home/runner/work/ozone/ozone/hadoop-ozone/integration-test/target/test-dir/MiniOzoneClusterImpl-c8a517f5-2015-4ab4-bc29-2f0a6c6e6d27/datanode-1/data/ratis/d6bbee8e-9bca-4072-8fe9-f53f1396acc8/sm/snapshot.1_0 took: 1 ms
2023-06-07 15:29:11,925 [32bad824-8df3-4244-b31d-dd1e6a658658@group-F53F1396ACC8-StateMachineUpdater] INFO  impl.StateMachineUpdater (StateMachineUpdater.java:takeSnapshot(291)) - 32bad824-8df3-4244-b31d-dd1e6a658658@group-F53F1396ACC8-StateMachineUpdater: Took a snapshot at index 0
2023-06-07 15:29:11,925 [32bad824-8df3-4244-b31d-dd1e6a658658@group-F53F1396ACC8-StateMachineUpdater] INFO  impl.StateMachineUpdater (StateMachineUpdater.java:lambda$new$0(97)) - 32bad824-8df3-4244-b31d-dd1e6a658658@group-F53F1396ACC8-StateMachineUpdater: snapshotIndex: updateIncreasingly -1 -> 0
2023-06-07 15:29:11,925 [32bad824-8df3-4244-b31d-dd1e6a658658-impl-thread1] INFO  server.RaftServer$Division (ServerState.java:close(472)) - 32bad824-8df3-4244-b31d-dd1e6a658658@group-F53F1396ACC8: closes. applyIndex: 0
2023-06-07 15:29:11,927 [32bad824-8df3-4244-b31d-dd1e6a658658@group-96B4F568856D->d212677a-c204-4991-952d-41b37f4d3331-GrpcLogAppender-LogAppenderDaemon] WARN  server.GrpcLogAppender (GrpcLogAppender.java:mayWait(199)) - 32bad824-8df3-4244-b31d-dd1e6a658658@group-96B4F568856D->d212677a-c204-4991-952d-41b37f4d3331-GrpcLogAppender: Wait interrupted by java.lang.InterruptedException
2023-06-07 15:29:11,927 [32bad824-8df3-4244-b31d-dd1e6a658658@group-96B4F568856D->fcc7e277-49dd-4315-83b5-ce07aee90d39-GrpcLogAppender-LogAppenderDaemon] WARN  server.GrpcLogAppender (GrpcLogAppender.java:mayWait(199)) - 32bad824-8df3-4244-b31d-dd1e6a658658@group-96B4F568856D->fcc7e277-49dd-4315-83b5-ce07aee90d39-GrpcLogAppender: Wait interrupted by java.lang.InterruptedException
2023-06-07 15:29:11,928 [32bad824-8df3-4244-b31d-dd1e6a658658-impl-thread3] INFO  impl.PendingRequests (PendingRequests.java:sendNotLeaderResponses(289)) - 32bad824-8df3-4244-b31d-dd1e6a658658@group-96B4F568856D-PendingRequests: sendNotLeaderResponses
2023-06-07 15:29:11,928 [32bad824-8df3-4244-b31d-dd1e6a658658-impl-thread3] INFO  impl.StateMachineUpdater (StateMachineUpdater.java:stopAndJoin(155)) - 32bad824-8df3-4244-b31d-dd1e6a658658@group-96B4F568856D-StateMachineUpdater: set stopIndex = 0
2023-06-07 15:29:11,928 [grpc-default-executor-11] INFO  server.GrpcServerProtocolService (GrpcServerProtocolService.java:onCompleted(155)) - d212677a-c204-4991-952d-41b37f4d3331: Completed APPEND_ENTRIES, lastRequest: null
2023-06-07 15:29:11,928 [grpc-default-executor-9] INFO  server.GrpcServerProtocolService (GrpcServerProtocolService.java:onCompleted(155)) - d212677a-c204-4991-952d-41b37f4d3331: Completed APPEND_ENTRIES, lastRequest: 32bad824-8df3-4244-b31d-dd1e6a658658->d212677a-c204-4991-952d-41b37f4d3331#1-t1,previous=(t:0, i:0),leaderCommit=-1,initializing? true,entries: size=1, first=(t:1, i:0), CONFIGURATIONENTRY(current:id: "d212677a-c204-4991-952d-41b37f4d3331"
address: "10.1.0.36:15189"
dataStreamAddress: "10.1.0.36:15190"
clientAddress: "10.1.0.36:15187"
adminAddress: "10.1.0.36:15188"
startupRole: FOLLOWER
,id: "32bad824-8df3-4244-b31d-dd1e6a658658"
address: "10.1.0.36:15198"
priority: 1
dataStreamAddress: "10.1.0.36:15199"
clientAddress: "10.1.0.36:15196"
adminAddress: "10.1.0.36:15197"
startupRole: FOLLOWER
,id: "fcc7e277-49dd-4315-83b5-ce07aee90d39"
address: "10.1.0.36:15207"
dataStreamAddress: "10.1.0.36:15208"
clientAddress: "10.1.0.36:15205"
adminAddress: "10.1.0.36:15206"
startupRole: FOLLOWER
, old:)
2023-06-07 15:29:11,929 [grpc-default-executor-11] INFO  server.GrpcServerProtocolService (GrpcServerProtocolService.java:lambda$onCompleted$5(157)) - d212677a-c204-4991-952d-41b37f4d3331: Completed APPEND_ENTRIES, lastReply: serverReply {
  requestorId: "32bad824-8df3-4244-b31d-dd1e6a658658"
  replyId: "d212677a-c204-4991-952d-41b37f4d3331"
  raftGroupId {
    id: "\017L\213\200\000mGd\245;\226\264\365h\205m"
  }
  success: true
}
term: 1
followerCommit: 18446744073709551615
matchIndex: 18446744073709551615
isHearbeat: true

2023-06-07 15:29:11,929 [grpc-default-executor-5] INFO  server.GrpcServerProtocolService (GrpcServerProtocolService.java:onCompleted(155)) - fcc7e277-49dd-4315-83b5-ce07aee90d39: Completed APPEND_ENTRIES, lastRequest: null
2023-06-07 15:29:11,929 [grpc-default-executor-5] INFO  server.GrpcServerProtocolService (GrpcServerProtocolService.java:lambda$onCompleted$5(157)) - fcc7e277-49dd-4315-83b5-ce07aee90d39: Completed APPEND_ENTRIES, lastReply: serverReply {
  requestorId: "32bad824-8df3-4244-b31d-dd1e6a658658"
  replyId: "fcc7e277-49dd-4315-83b5-ce07aee90d39"
  raftGroupId {
    id: "\017L\213\200\000mGd\245;\226\264\365h\205m"
  }
  success: true
}
term: 1
followerCommit: 18446744073709551615
matchIndex: 18446744073709551615
isHearbeat: true

2023-06-07 15:29:11,929 [32bad824-8df3-4244-b31d-dd1e6a658658@group-96B4F568856D-StateMachineUpdater] INFO  ratis.ContainerStateMachine (ContainerStateMachine.java:takeSnapshot(330)) - group-96B4F568856D: Taking a snapshot at:(t:1, i:0) file /home/runner/work/ozone/ozone/hadoop-ozone/integration-test/target/test-dir/MiniOzoneClusterImpl-c8a517f5-2015-4ab4-bc29-2f0a6c6e6d27/datanode-1/data/ratis/0f4c8b80-006d-4764-a53b-96b4f568856d/sm/snapshot.1_0
2023-06-07 15:29:11,929 [grpc-default-executor-8] INFO  server.GrpcServerProtocolService (GrpcServerProtocolService.java:onCompleted(155)) - fcc7e277-49dd-4315-83b5-ce07aee90d39: Completed APPEND_ENTRIES, lastRequest: 32bad824-8df3-4244-b31d-dd1e6a658658->fcc7e277-49dd-4315-83b5-ce07aee90d39#1-t1,previous=(t:0, i:0),leaderCommit=-1,initializing? true,entries: size=1, first=(t:1, i:0), CONFIGURATIONENTRY(current:id: "d212677a-c204-4991-952d-41b37f4d3331"
address: "10.1.0.36:15189"
dataStreamAddress: "10.1.0.36:15190"
clientAddress: "10.1.0.36:15187"
adminAddress: "10.1.0.36:15188"
startupRole: FOLLOWER
,id: "32bad824-8df3-4244-b31d-dd1e6a658658"
address: "10.1.0.36:15198"
priority: 1
dataStreamAddress: "10.1.0.36:15199"
clientAddress: "10.1.0.36:15196"
adminAddress: "10.1.0.36:15197"
startupRole: FOLLOWER
,id: "fcc7e277-49dd-4315-83b5-ce07aee90d39"
address: "10.1.0.36:15207"
dataStreamAddress: "10.1.0.36:15208"
clientAddress: "10.1.0.36:15205"
adminAddress: "10.1.0.36:15206"
startupRole: FOLLOWER
, old:)
2023-06-07 15:29:11,929 [grpc-default-executor-8] INFO  server.GrpcServerProtocolService (GrpcServerProtocolService.java:lambda$onCompleted$5(157)) - fcc7e277-49dd-4315-83b5-ce07aee90d39: Completed APPEND_ENTRIES, lastReply: null
2023-06-07 15:29:11,929 [grpc-default-executor-9] INFO  server.GrpcServerProtocolService (GrpcServerProtocolService.java:lambda$onCompleted$5(157)) - d212677a-c204-4991-952d-41b37f4d3331: Completed APPEND_ENTRIES, lastReply: null
2023-06-07 15:29:11,930 [32bad824-8df3-4244-b31d-dd1e6a658658@group-96B4F568856D-StateMachineUpdater] INFO  ratis.ContainerStateMachine (ContainerStateMachine.java:takeSnapshot(341)) - group-96B4F568856D: Finished taking a snapshot at:(t:1, i:0) file:/home/runner/work/ozone/ozone/hadoop-ozone/integration-test/target/test-dir/MiniOzoneClusterImpl-c8a517f5-2015-4ab4-bc29-2f0a6c6e6d27/datanode-1/data/ratis/0f4c8b80-006d-4764-a53b-96b4f568856d/sm/snapshot.1_0 took: 1 ms
2023-06-07 15:29:11,930 [32bad824-8df3-4244-b31d-dd1e6a658658@group-96B4F568856D-StateMachineUpdater] INFO  impl.StateMachineUpdater (StateMachineUpdater.java:takeSnapshot(291)) - 32bad824-8df3-4244-b31d-dd1e6a658658@group-96B4F568856D-StateMachineUpdater: Took a snapshot at index 0
2023-06-07 15:29:11,930 [32bad824-8df3-4244-b31d-dd1e6a658658@group-96B4F568856D-StateMachineUpdater] INFO  impl.StateMachineUpdater (StateMachineUpdater.java:lambda$new$0(97)) - 32bad824-8df3-4244-b31d-dd1e6a658658@group-96B4F568856D-StateMachineUpdater: snapshotIndex: updateIncreasingly -1 -> 0
2023-06-07 15:29:11,930 [32bad824-8df3-4244-b31d-dd1e6a658658@group-F5C47B2CE3B8-FollowerState] INFO  impl.FollowerState (FollowerState.java:run(152)) - 32bad824-8df3-4244-b31d-dd1e6a658658@group-F5C47B2CE3B8-FollowerState was interrupted
2023-06-07 15:29:11,930 [32bad824-8df3-4244-b31d-dd1e6a658658-impl-thread2] INFO  impl.StateMachineUpdater (StateMachineUpdater.java:stopAndJoin(155)) - 32bad824-8df3-4244-b31d-dd1e6a658658@group-F5C47B2CE3B8-StateMachineUpdater: set stopIndex = -1
2023-06-07 15:29:11,931 [32bad824-8df3-4244-b31d-dd1e6a658658-impl-thread2] INFO  server.RaftServer$Division (ServerState.java:close(472)) - 32bad824-8df3-4244-b31d-dd1e6a658658@group-F5C47B2CE3B8: closes. applyIndex: -1
2023-06-07 15:29:11,931 [grpc-default-executor-10] INFO  server.GrpcLogAppender (GrpcLogAppender.java:onCompleted(428)) - 32bad824-8df3-4244-b31d-dd1e6a658658@group-96B4F568856D->d212677a-c204-4991-952d-41b37f4d3331-AppendLogResponseHandler: follower responses appendEntries COMPLETED
2023-06-07 15:29:11,932 [grpc-default-executor-10] INFO  leader.FollowerInfo (FollowerInfoImpl.java:lambda$new$0(52)) - 32bad824-8df3-4244-b31d-dd1e6a658658@group-96B4F568856D->d212677a-c204-4991-952d-41b37f4d3331: decreaseNextIndex nextIndex: updateUnconditionally 1 -> 0
2023-06-07 15:29:11,932 [grpc-default-executor-10] INFO  server.GrpcLogAppender (GrpcLogAppender.java:onCompleted(428)) - 32bad824-8df3-4244-b31d-dd1e6a658658@group-96B4F568856D->fcc7e277-49dd-4315-83b5-ce07aee90d39-AppendLogResponseHandler: follower responses appendEntries COMPLETED
2023-06-07 15:29:11,932 [32bad824-8df3-4244-b31d-dd1e6a658658-impl-thread3] INFO  server.RaftServer$Division (ServerState.java:close(472)) - 32bad824-8df3-4244-b31d-dd1e6a658658@group-96B4F568856D: closes. applyIndex: 0
2023-06-07 15:29:11,932 [grpc-default-executor-10] INFO  leader.FollowerInfo (FollowerInfoImpl.java:lambda$new$0(52)) - 32bad824-8df3-4244-b31d-dd1e6a658658@group-96B4F568856D->fcc7e277-49dd-4315-83b5-ce07aee90d39: decreaseNextIndex nextIndex: updateUnconditionally 1 -> 0
2023-06-07 15:29:11,932 [grpc-default-executor-12] INFO  server.GrpcLogAppender (GrpcLogAppender.java:onCompleted(428)) - 32bad824-8df3-4244-b31d-dd1e6a658658@group-96B4F568856D->fcc7e277-49dd-4315-83b5-ce07aee90d39-AppendLogResponseHandler: follower responses appendEntries COMPLETED
2023-06-07 15:29:11,935 [ForkJoinPool.commonPool-worker-2] INFO  server.RaftServer (RaftServerProxy.java:lambda$close$6(416)) - d212677a-c204-4991-952d-41b37f4d3331: close
2023-06-07 15:29:11,935 [grpc-default-executor-12] WARN  server.GrpcLogAppender (GrpcLogAppender.java:resetClient(137)) - 32bad824-8df3-4244-b31d-dd1e6a658658@group-96B4F568856D->fcc7e277-49dd-4315-83b5-ce07aee90d39-GrpcLogAppender: Failed to getClient for fcc7e277-49dd-4315-83b5-ce07aee90d39
org.apache.ratis.protocol.exceptions.AlreadyClosedException: 32bad824-8df3-4244-b31d-dd1e6a658658 is already CLOSED
	at org.apache.ratis.util.PeerProxyMap$PeerAndProxy.getProxy(PeerProxyMap.java:61)
	at org.apache.ratis.util.PeerProxyMap.getProxy(PeerProxyMap.java:115)
	at org.apache.ratis.grpc.server.GrpcLogAppender.getClient(GrpcLogAppender.java:112)
	at org.apache.ratis.grpc.server.GrpcLogAppender.resetClient(GrpcLogAppender.java:117)
	at org.apache.ratis.grpc.server.GrpcLogAppender.access$500(GrpcLogAppender.java:56)
	at org.apache.ratis.grpc.server.GrpcLogAppender$AppendLogResponseHandler.onCompleted(GrpcLogAppender.java:429)
	at org.apache.ratis.thirdparty.io.grpc.stub.ClientCalls$StreamObserverToCallListenerAdapter.onClose(ClientCalls.java:485)
	at org.apache.ratis.thirdparty.io.grpc.internal.ClientCallImpl.closeObserver(ClientCallImpl.java:563)
	at org.apache.ratis.thirdparty.io.grpc.internal.ClientCallImpl.access$300(ClientCallImpl.java:70)
	at org.apache.ratis.thirdparty.io.grpc.internal.ClientCallImpl$ClientStreamListenerImpl$1StreamClosed.runInternal(ClientCallImpl.java:744)
	at org.apache.ratis.thirdparty.io.grpc.internal.ClientCallImpl$ClientStreamListenerImpl$1StreamClosed.runInContext(ClientCallImpl.java:723)
	at org.apache.ratis.thirdparty.io.grpc.internal.ContextRunnable.run(ContextRunnable.java:37)
	at org.apache.ratis.thirdparty.io.grpc.internal.SerializingExecutor.run(SerializingExecutor.java:133)
	at java.util.concurrent.ThreadPoolExecutor.runWorker(ThreadPoolExecutor.java:1149)
	at java.util.concurrent.ThreadPoolExecutor$Worker.run(ThreadPoolExecutor.java:624)
	at java.lang.Thread.run(Thread.java:750)
2023-06-07 15:29:11,934 [Thread-2742] INFO  server.GrpcServerProtocolClient (GrpcServerProtocolClient.java:close(103)) - d212677a-c204-4991-952d-41b37f4d3331 Close channels
2023-06-07 15:29:11,934 [Thread-2744] INFO  server.GrpcServerProtocolClient (GrpcServerProtocolClient.java:close(103)) - fcc7e277-49dd-4315-83b5-ce07aee90d39 Close channels
2023-06-07 15:29:11,935 [d212677a-c204-4991-952d-41b37f4d3331-impl-thread1] INFO  server.RaftServer$Division (RaftServerImpl.java:lambda$close$4(466)) - d212677a-c204-4991-952d-41b37f4d3331@group-2333852F1B24: shutdown
2023-06-07 15:29:11,935 [d212677a-c204-4991-952d-41b37f4d3331-impl-thread1] INFO  util.JmxRegister (JmxRegister.java:unregister(73)) - Successfully un-registered JMX Bean with object name Ratis:service=RaftServer,group=group-2333852F1B24,id=d212677a-c204-4991-952d-41b37f4d3331
2023-06-07 15:29:11,935 [d212677a-c204-4991-952d-41b37f4d3331-impl-thread1] INFO  impl.RoleInfo (RoleInfo.java:shutdownLeaderState(93)) - d212677a-c204-4991-952d-41b37f4d3331: shutdown d212677a-c204-4991-952d-41b37f4d3331@group-2333852F1B24-LeaderStateImpl
2023-06-07 15:29:11,935 [d212677a-c204-4991-952d-41b37f4d3331-impl-thread1] INFO  impl.PendingRequests (PendingRequests.java:sendNotLeaderResponses(289)) - d212677a-c204-4991-952d-41b37f4d3331@group-2333852F1B24-PendingRequests: sendNotLeaderResponses
2023-06-07 15:29:11,935 [d212677a-c204-4991-952d-41b37f4d3331-impl-thread1] INFO  impl.StateMachineUpdater (StateMachineUpdater.java:stopAndJoin(155)) - d212677a-c204-4991-952d-41b37f4d3331@group-2333852F1B24-StateMachineUpdater: set stopIndex = 0
2023-06-07 15:29:11,936 [d212677a-c204-4991-952d-41b37f4d3331@group-2333852F1B24-StateMachineUpdater] INFO  ratis.ContainerStateMachine (ContainerStateMachine.java:takeSnapshot(330)) - group-2333852F1B24: Taking a snapshot at:(t:1, i:0) file /home/runner/work/ozone/ozone/hadoop-ozone/integration-test/target/test-dir/MiniOzoneClusterImpl-c8a517f5-2015-4ab4-bc29-2f0a6c6e6d27/datanode-0/data/ratis/653d0697-cee0-4314-abca-2333852f1b24/sm/snapshot.1_0
2023-06-07 15:29:11,936 [d212677a-c204-4991-952d-41b37f4d3331-impl-thread2] INFO  server.RaftServer$Division (RaftServerImpl.java:lambda$close$4(466)) - d212677a-c204-4991-952d-41b37f4d3331@group-F5C47B2CE3B8: shutdown
2023-06-07 15:29:11,936 [d212677a-c204-4991-952d-41b37f4d3331-impl-thread2] INFO  util.JmxRegister (JmxRegister.java:unregister(73)) - Successfully un-registered JMX Bean with object name Ratis:service=RaftServer,group=group-F5C47B2CE3B8,id=d212677a-c204-4991-952d-41b37f4d3331
2023-06-07 15:29:11,936 [d212677a-c204-4991-952d-41b37f4d3331-impl-thread2] INFO  impl.RoleInfo (RoleInfo.java:shutdownFollowerState(110)) - d212677a-c204-4991-952d-41b37f4d3331: shutdown d212677a-c204-4991-952d-41b37f4d3331@group-F5C47B2CE3B8-FollowerState
2023-06-07 15:29:11,936 [d212677a-c204-4991-952d-41b37f4d3331@group-2333852F1B24-StateMachineUpdater] INFO  ratis.ContainerStateMachine (ContainerStateMachine.java:takeSnapshot(341)) - group-2333852F1B24: Finished taking a snapshot at:(t:1, i:0) file:/home/runner/work/ozone/ozone/hadoop-ozone/integration-test/target/test-dir/MiniOzoneClusterImpl-c8a517f5-2015-4ab4-bc29-2f0a6c6e6d27/datanode-0/data/ratis/653d0697-cee0-4314-abca-2333852f1b24/sm/snapshot.1_0 took: 1 ms
2023-06-07 15:29:11,936 [d212677a-c204-4991-952d-41b37f4d3331@group-2333852F1B24-StateMachineUpdater] INFO  impl.StateMachineUpdater (StateMachineUpdater.java:takeSnapshot(291)) - d212677a-c204-4991-952d-41b37f4d3331@group-2333852F1B24-StateMachineUpdater: Took a snapshot at index 0
2023-06-07 15:29:11,936 [d212677a-c204-4991-952d-41b37f4d3331@group-2333852F1B24-StateMachineUpdater] INFO  impl.StateMachineUpdater (StateMachineUpdater.java:lambda$new$0(97)) - d212677a-c204-4991-952d-41b37f4d3331@group-2333852F1B24-StateMachineUpdater: snapshotIndex: updateIncreasingly -1 -> 0
2023-06-07 15:29:11,937 [d212677a-c204-4991-952d-41b37f4d3331-impl-thread1] INFO  server.RaftServer$Division (ServerState.java:close(472)) - d212677a-c204-4991-952d-41b37f4d3331@group-2333852F1B24: closes. applyIndex: 0
2023-06-07 15:29:11,937 [ForkJoinPool.commonPool-worker-2] INFO  server.GrpcService (GrpcService.java:closeImpl(311)) - d212677a-c204-4991-952d-41b37f4d3331: shutdown server org.apache.ratis.grpc.server.GrpcClientProtocolService now
2023-06-07 15:29:11,937 [d212677a-c204-4991-952d-41b37f4d3331-impl-thread3] INFO  server.RaftServer$Division (RaftServerImpl.java:lambda$close$4(466)) - d212677a-c204-4991-952d-41b37f4d3331@group-96B4F568856D: shutdown
2023-06-07 15:29:11,937 [d212677a-c204-4991-952d-41b37f4d3331-impl-thread3] INFO  util.JmxRegister (JmxRegister.java:unregister(73)) - Successfully un-registered JMX Bean with object name Ratis:service=RaftServer,group=group-96B4F568856D,id=d212677a-c204-4991-952d-41b37f4d3331
2023-06-07 15:29:11,937 [d212677a-c204-4991-952d-41b37f4d3331-impl-thread3] INFO  impl.RoleInfo (RoleInfo.java:shutdownFollowerState(110)) - d212677a-c204-4991-952d-41b37f4d3331: shutdown d212677a-c204-4991-952d-41b37f4d3331@group-96B4F568856D-FollowerState
2023-06-07 15:29:11,942 [d212677a-c204-4991-952d-41b37f4d3331@group-F5C47B2CE3B8-FollowerState] INFO  impl.FollowerState (FollowerState.java:run(152)) - d212677a-c204-4991-952d-41b37f4d3331@group-F5C47B2CE3B8-FollowerState was interrupted
2023-06-07 15:29:11,942 [d212677a-c204-4991-952d-41b37f4d3331-impl-thread2] INFO  impl.StateMachineUpdater (StateMachineUpdater.java:stopAndJoin(155)) - d212677a-c204-4991-952d-41b37f4d3331@group-F5C47B2CE3B8-StateMachineUpdater: set stopIndex = -1
2023-06-07 15:29:11,942 [d212677a-c204-4991-952d-41b37f4d3331-impl-thread2] INFO  server.RaftServer$Division (ServerState.java:close(472)) - d212677a-c204-4991-952d-41b37f4d3331@group-F5C47B2CE3B8: closes. applyIndex: -1
2023-06-07 15:29:11,943 [grpc-default-executor-13] INFO  server.GrpcLogAppender (GrpcLogAppender.java:onCompleted(428)) - 32bad824-8df3-4244-b31d-dd1e6a658658@group-96B4F568856D->d212677a-c204-4991-952d-41b37f4d3331-AppendLogResponseHandler: follower responses appendEntries COMPLETED
2023-06-07 15:29:11,943 [grpc-default-executor-13] WARN  server.GrpcLogAppender (GrpcLogAppender.java:resetClient(137)) - 32bad824-8df3-4244-b31d-dd1e6a658658@group-96B4F568856D->d212677a-c204-4991-952d-41b37f4d3331-GrpcLogAppender: Failed to getClient for d212677a-c204-4991-952d-41b37f4d3331
org.apache.ratis.protocol.exceptions.AlreadyClosedException: 32bad824-8df3-4244-b31d-dd1e6a658658 is already CLOSED
	at org.apache.ratis.util.PeerProxyMap$PeerAndProxy.getProxy(PeerProxyMap.java:61)
	at org.apache.ratis.util.PeerProxyMap.getProxy(PeerProxyMap.java:115)
	at org.apache.ratis.grpc.server.GrpcLogAppender.getClient(GrpcLogAppender.java:112)
	at org.apache.ratis.grpc.server.GrpcLogAppender.resetClient(GrpcLogAppender.java:117)
	at org.apache.ratis.grpc.server.GrpcLogAppender.access$500(GrpcLogAppender.java:56)
	at org.apache.ratis.grpc.server.GrpcLogAppender$AppendLogResponseHandler.onCompleted(GrpcLogAppender.java:429)
	at org.apache.ratis.thirdparty.io.grpc.stub.ClientCalls$StreamObserverToCallListenerAdapter.onClose(ClientCalls.java:485)
	at org.apache.ratis.thirdparty.io.grpc.internal.ClientCallImpl.closeObserver(ClientCallImpl.java:563)
	at org.apache.ratis.thirdparty.io.grpc.internal.ClientCallImpl.access$300(ClientCallImpl.java:70)
	at org.apache.ratis.thirdparty.io.grpc.internal.ClientCallImpl$ClientStreamListenerImpl$1StreamClosed.runInternal(ClientCallImpl.java:744)
	at org.apache.ratis.thirdparty.io.grpc.internal.ClientCallImpl$ClientStreamListenerImpl$1StreamClosed.runInContext(ClientCallImpl.java:723)
	at org.apache.ratis.thirdparty.io.grpc.internal.ContextRunnable.run(ContextRunnable.java:37)
	at org.apache.ratis.thirdparty.io.grpc.internal.SerializingExecutor.run(SerializingExecutor.java:133)
	at java.util.concurrent.ThreadPoolExecutor.runWorker(ThreadPoolExecutor.java:1149)
	at java.util.concurrent.ThreadPoolExecutor$Worker.run(ThreadPoolExecutor.java:624)
	at java.lang.Thread.run(Thread.java:750)
2023-06-07 15:29:11,947 [Thread-2749] INFO  server.GrpcServerProtocolClient (GrpcServerProtocolClient.java:close(103)) - fcc7e277-49dd-4315-83b5-ce07aee90d39 Close channels
2023-06-07 15:29:11,943 [d212677a-c204-4991-952d-41b37f4d3331-impl-thread3] INFO  impl.StateMachineUpdater (StateMachineUpdater.java:stopAndJoin(155)) - d212677a-c204-4991-952d-41b37f4d3331@group-96B4F568856D-StateMachineUpdater: set stopIndex = -1
2023-06-07 15:29:11,947 [d212677a-c204-4991-952d-41b37f4d3331-impl-thread3] INFO  server.RaftServer$Division (ServerState.java:close(472)) - d212677a-c204-4991-952d-41b37f4d3331@group-96B4F568856D: closes. applyIndex: -1
2023-06-07 15:29:11,943 [d212677a-c204-4991-952d-41b37f4d3331@group-96B4F568856D-FollowerState] INFO  impl.FollowerState (FollowerState.java:run(152)) - d212677a-c204-4991-952d-41b37f4d3331@group-96B4F568856D-FollowerState was interrupted
2023-06-07 15:29:11,948 [main] INFO  server.GrpcService (GrpcService.java:closeImpl(320)) - 32bad824-8df3-4244-b31d-dd1e6a658658: shutdown server org.apache.ratis.grpc.server.GrpcClientProtocolService successfully
2023-06-07 15:29:11,948 [main] INFO  server.GrpcService (GrpcService.java:closeImpl(311)) - 32bad824-8df3-4244-b31d-dd1e6a658658: shutdown server GrpcServerProtocolService now
2023-06-07 15:29:11,950 [grpc-default-executor-9] WARN  server.GrpcServerProtocolService (LogUtils.java:warn(122)) - 32bad824-8df3-4244-b31d-dd1e6a658658: APPEND_ENTRIES onError, lastRequest: fcc7e277-49dd-4315-83b5-ce07aee90d39->32bad824-8df3-4244-b31d-dd1e6a658658#1-t1,previous=(t:0, i:0),leaderCommit=-1,initializing? true,entries: size=1, first=(t:1, i:0), CONFIGURATIONENTRY(current:id: "32bad824-8df3-4244-b31d-dd1e6a658658"
address: "10.1.0.36:15198"
dataStreamAddress: "10.1.0.36:15199"
clientAddress: "10.1.0.36:15196"
adminAddress: "10.1.0.36:15197"
startupRole: FOLLOWER
,id: "d212677a-c204-4991-952d-41b37f4d3331"
address: "10.1.0.36:15189"
dataStreamAddress: "10.1.0.36:15190"
clientAddress: "10.1.0.36:15187"
adminAddress: "10.1.0.36:15188"
startupRole: FOLLOWER
,id: "fcc7e277-49dd-4315-83b5-ce07aee90d39"
address: "10.1.0.36:15207"
priority: 1
dataStreamAddress: "10.1.0.36:15208"
clientAddress: "10.1.0.36:15205"
adminAddress: "10.1.0.36:15206"
startupRole: FOLLOWER
, old:): org.apache.ratis.thirdparty.io.grpc.StatusRuntimeException: CANCELLED: client cancelled
2023-06-07 15:29:11,954 [Thread-2747] INFO  server.GrpcServerProtocolClient (GrpcServerProtocolClient.java:close(103)) - 32bad824-8df3-4244-b31d-dd1e6a658658 Close channels
2023-06-07 15:29:11,954 [grpc-default-executor-9] WARN  server.GrpcServerProtocolService (LogUtils.java:warn(122)) - 32bad824-8df3-4244-b31d-dd1e6a658658: APPEND_ENTRIES onError, lastRequest: null: org.apache.ratis.thirdparty.io.grpc.StatusRuntimeException: CANCELLED: client cancelled
2023-06-07 15:29:11,955 [grpc-default-executor-5] WARN  server.GrpcLogAppender (LogUtils.java:warn(122)) - fcc7e277-49dd-4315-83b5-ce07aee90d39@group-F5C47B2CE3B8->32bad824-8df3-4244-b31d-dd1e6a658658-AppendLogResponseHandler: Failed appendEntries: org.apache.ratis.thirdparty.io.grpc.StatusRuntimeException: CANCELLED: RST_STREAM closed stream. HTTP/2 error code: CANCEL
2023-06-07 15:29:11,955 [grpc-default-executor-5] WARN  server.GrpcLogAppender (GrpcLogAppender.java:resetClient(128)) - fcc7e277-49dd-4315-83b5-ce07aee90d39@group-F5C47B2CE3B8->32bad824-8df3-4244-b31d-dd1e6a658658-GrpcLogAppender: Follower failed when matchIndex == 0,  keep nextIndex (1) unchanged and retry.
2023-06-07 15:29:11,955 [ForkJoinPool.commonPool-worker-2] INFO  server.GrpcService (GrpcService.java:closeImpl(320)) - d212677a-c204-4991-952d-41b37f4d3331: shutdown server org.apache.ratis.grpc.server.GrpcClientProtocolService successfully
2023-06-07 15:29:11,955 [ForkJoinPool.commonPool-worker-2] INFO  server.GrpcService (GrpcService.java:closeImpl(311)) - d212677a-c204-4991-952d-41b37f4d3331: shutdown server GrpcServerProtocolService now
2023-06-07 15:29:11,957 [grpc-default-executor-5] WARN  server.GrpcServerProtocolService (LogUtils.java:warn(122)) - d212677a-c204-4991-952d-41b37f4d3331: APPEND_ENTRIES onError, lastRequest: null: org.apache.ratis.thirdparty.io.grpc.StatusRuntimeException: CANCELLED: client cancelled
2023-06-07 15:29:11,958 [main] INFO  server.GrpcService (GrpcService.java:closeImpl(320)) - 32bad824-8df3-4244-b31d-dd1e6a658658: shutdown server GrpcServerProtocolService successfully
2023-06-07 15:29:11,958 [main] INFO  server.GrpcService (GrpcService.java:closeImpl(311)) - 32bad824-8df3-4244-b31d-dd1e6a658658: shutdown server org.apache.ratis.grpc.server.GrpcAdminProtocolService now
2023-06-07 15:29:11,959 [grpc-default-executor-12] WARN  server.GrpcLogAppender (LogUtils.java:warn(122)) - fcc7e277-49dd-4315-83b5-ce07aee90d39@group-F5C47B2CE3B8->32bad824-8df3-4244-b31d-dd1e6a658658-AppendLogResponseHandler: Failed appendEntries: org.apache.ratis.thirdparty.io.grpc.StatusRuntimeException: CANCELLED: RST_STREAM closed stream. HTTP/2 error code: CANCEL
2023-06-07 15:29:11,960 [grpc-default-executor-12] WARN  server.GrpcLogAppender (GrpcLogAppender.java:resetClient(128)) - fcc7e277-49dd-4315-83b5-ce07aee90d39@group-F5C47B2CE3B8->32bad824-8df3-4244-b31d-dd1e6a658658-GrpcLogAppender: Follower failed when matchIndex == 0,  keep nextIndex (1) unchanged and retry.
2023-06-07 15:29:11,960 [grpc-default-executor-9] WARN  server.GrpcServerProtocolService (LogUtils.java:warn(122)) - d212677a-c204-4991-952d-41b37f4d3331: APPEND_ENTRIES onError, lastRequest: fcc7e277-49dd-4315-83b5-ce07aee90d39->d212677a-c204-4991-952d-41b37f4d3331#1-t1,previous=(t:0, i:0),leaderCommit=-1,initializing? true,entries: size=1, first=(t:1, i:0), CONFIGURATIONENTRY(current:id: "32bad824-8df3-4244-b31d-dd1e6a658658"
address: "10.1.0.36:15198"
dataStreamAddress: "10.1.0.36:15199"
clientAddress: "10.1.0.36:15196"
adminAddress: "10.1.0.36:15197"
startupRole: FOLLOWER
,id: "d212677a-c204-4991-952d-41b37f4d3331"
address: "10.1.0.36:15189"
dataStreamAddress: "10.1.0.36:15190"
clientAddress: "10.1.0.36:15187"
adminAddress: "10.1.0.36:15188"
startupRole: FOLLOWER
,id: "fcc7e277-49dd-4315-83b5-ce07aee90d39"
address: "10.1.0.36:15207"
priority: 1
dataStreamAddress: "10.1.0.36:15208"
clientAddress: "10.1.0.36:15205"
adminAddress: "10.1.0.36:15206"
startupRole: FOLLOWER
, old:): org.apache.ratis.thirdparty.io.grpc.StatusRuntimeException: CANCELLED: client cancelled
2023-06-07 15:29:11,960 [grpc-default-executor-11] WARN  server.GrpcLogAppender (LogUtils.java:warn(122)) - fcc7e277-49dd-4315-83b5-ce07aee90d39@group-F5C47B2CE3B8->d212677a-c204-4991-952d-41b37f4d3331-AppendLogResponseHandler: Failed appendEntries: org.apache.ratis.thirdparty.io.grpc.StatusRuntimeException: CANCELLED: RST_STREAM closed stream. HTTP/2 error code: CANCEL
2023-06-07 15:29:11,960 [grpc-default-executor-11] WARN  server.GrpcLogAppender (GrpcLogAppender.java:resetClient(128)) - fcc7e277-49dd-4315-83b5-ce07aee90d39@group-F5C47B2CE3B8->d212677a-c204-4991-952d-41b37f4d3331-GrpcLogAppender: Follower failed when matchIndex == 0,  keep nextIndex (1) unchanged and retry.
2023-06-07 15:29:11,961 [ForkJoinPool.commonPool-worker-3] INFO  ozoneimpl.OzoneContainer (OzoneContainer.java:stop(420)) - Attempting to stop container services.
2023-06-07 15:29:11,961 [ForkJoinPool.commonPool-worker-2] INFO  server.GrpcService (GrpcService.java:closeImpl(320)) - d212677a-c204-4991-952d-41b37f4d3331: shutdown server GrpcServerProtocolService successfully
2023-06-07 15:29:11,962 [grpc-default-executor-8] WARN  server.GrpcLogAppender (LogUtils.java:warn(122)) - fcc7e277-49dd-4315-83b5-ce07aee90d39@group-F5C47B2CE3B8->d212677a-c204-4991-952d-41b37f4d3331-AppendLogResponseHandler: Failed appendEntries: org.apache.ratis.thirdparty.io.grpc.StatusRuntimeException: CANCELLED: RST_STREAM closed stream. HTTP/2 error code: CANCEL
2023-06-07 15:29:11,962 [ForkJoinPool.commonPool-worker-2] INFO  server.GrpcService (GrpcService.java:closeImpl(311)) - d212677a-c204-4991-952d-41b37f4d3331: shutdown server org.apache.ratis.grpc.server.GrpcAdminProtocolService now
2023-06-07 15:29:11,962 [grpc-default-executor-8] WARN  server.GrpcLogAppender (GrpcLogAppender.java:resetClient(128)) - fcc7e277-49dd-4315-83b5-ce07aee90d39@group-F5C47B2CE3B8->d212677a-c204-4991-952d-41b37f4d3331-GrpcLogAppender: Follower failed when matchIndex == 0,  keep nextIndex (1) unchanged and retry.
2023-06-07 15:29:11,962 [main] INFO  server.GrpcService (GrpcService.java:closeImpl(320)) - 32bad824-8df3-4244-b31d-dd1e6a658658: shutdown server org.apache.ratis.grpc.server.GrpcAdminProtocolService successfully
2023-06-07 15:29:11,962 [32bad824-8df3-4244-b31d-dd1e6a658658-NettyServerStreamRpc-bossGroup--thread1] INFO  logging.LoggingHandler (AbstractInternalLogger.java:log(148)) - [id: 0x1d61f39b, L:/0:0:0:0:0:0:0:0:15199] CLOSE
2023-06-07 15:29:11,963 [32bad824-8df3-4244-b31d-dd1e6a658658-NettyServerStreamRpc-bossGroup--thread1] INFO  logging.LoggingHandler (AbstractInternalLogger.java:log(148)) - [id: 0x1d61f39b, L:/0:0:0:0:0:0:0:0:15199] INACTIVE
2023-06-07 15:29:11,991 [32bad824-8df3-4244-b31d-dd1e6a658658-NettyServerStreamRpc-bossGroup--thread1] INFO  logging.LoggingHandler (AbstractInternalLogger.java:log(148)) - [id: 0x1d61f39b, L:/0:0:0:0:0:0:0:0:15199] UNREGISTERED
2023-06-07 15:29:11,963 [ForkJoinPool.commonPool-worker-3] INFO  server.RaftServer (RaftServerProxy.java:lambda$close$6(416)) - fcc7e277-49dd-4315-83b5-ce07aee90d39: close
2023-06-07 15:29:11,992 [ForkJoinPool.commonPool-worker-2] INFO  server.GrpcService (GrpcService.java:closeImpl(320)) - d212677a-c204-4991-952d-41b37f4d3331: shutdown server org.apache.ratis.grpc.server.GrpcAdminProtocolService successfully
2023-06-07 15:29:11,992 [d212677a-c204-4991-952d-41b37f4d3331-NettyServerStreamRpc-bossGroup--thread1] INFO  logging.LoggingHandler (AbstractInternalLogger.java:log(148)) - [id: 0x83f66d6b, L:/0:0:0:0:0:0:0:0:15190] CLOSE
2023-06-07 15:29:11,992 [d212677a-c204-4991-952d-41b37f4d3331-NettyServerStreamRpc-bossGroup--thread1] INFO  logging.LoggingHandler (AbstractInternalLogger.java:log(148)) - [id: 0x83f66d6b, L:/0:0:0:0:0:0:0:0:15190] INACTIVE
2023-06-07 15:29:11,992 [d212677a-c204-4991-952d-41b37f4d3331-NettyServerStreamRpc-bossGroup--thread1] INFO  logging.LoggingHandler (AbstractInternalLogger.java:log(148)) - [id: 0x83f66d6b, L:/0:0:0:0:0:0:0:0:15190] UNREGISTERED
2023-06-07 15:29:11,996 [fcc7e277-49dd-4315-83b5-ce07aee90d39-impl-thread1] INFO  server.RaftServer$Division (RaftServerImpl.java:lambda$close$4(466)) - fcc7e277-49dd-4315-83b5-ce07aee90d39@group-8F6BF73C24E7: shutdown
2023-06-07 15:29:11,996 [fcc7e277-49dd-4315-83b5-ce07aee90d39-impl-thread1] INFO  util.JmxRegister (JmxRegister.java:unregister(73)) - Successfully un-registered JMX Bean with object name Ratis:service=RaftServer,group=group-8F6BF73C24E7,id=fcc7e277-49dd-4315-83b5-ce07aee90d39
2023-06-07 15:29:11,996 [fcc7e277-49dd-4315-83b5-ce07aee90d39-impl-thread1] INFO  impl.RoleInfo (RoleInfo.java:shutdownLeaderState(93)) - fcc7e277-49dd-4315-83b5-ce07aee90d39: shutdown fcc7e277-49dd-4315-83b5-ce07aee90d39@group-8F6BF73C24E7-LeaderStateImpl
2023-06-07 15:29:11,996 [fcc7e277-49dd-4315-83b5-ce07aee90d39-impl-thread1] INFO  impl.PendingRequests (PendingRequests.java:sendNotLeaderResponses(289)) - fcc7e277-49dd-4315-83b5-ce07aee90d39@group-8F6BF73C24E7-PendingRequests: sendNotLeaderResponses
2023-06-07 15:29:11,996 [fcc7e277-49dd-4315-83b5-ce07aee90d39-impl-thread1] INFO  impl.StateMachineUpdater (StateMachineUpdater.java:stopAndJoin(155)) - fcc7e277-49dd-4315-83b5-ce07aee90d39@group-8F6BF73C24E7-StateMachineUpdater: set stopIndex = 0
2023-06-07 15:29:11,996 [fcc7e277-49dd-4315-83b5-ce07aee90d39@group-8F6BF73C24E7-StateMachineUpdater] INFO  ratis.ContainerStateMachine (ContainerStateMachine.java:takeSnapshot(330)) - group-8F6BF73C24E7: Taking a snapshot at:(t:1, i:0) file /home/runner/work/ozone/ozone/hadoop-ozone/integration-test/target/test-dir/MiniOzoneClusterImpl-c8a517f5-2015-4ab4-bc29-2f0a6c6e6d27/datanode-2/data/ratis/730d43ab-58be-4d5d-8f66-8f6bf73c24e7/sm/snapshot.1_0
2023-06-07 15:29:11,997 [fcc7e277-49dd-4315-83b5-ce07aee90d39-impl-thread2] INFO  server.RaftServer$Division (RaftServerImpl.java:lambda$close$4(466)) - fcc7e277-49dd-4315-83b5-ce07aee90d39@group-F5C47B2CE3B8: shutdown
2023-06-07 15:29:11,997 [fcc7e277-49dd-4315-83b5-ce07aee90d39-impl-thread2] INFO  util.JmxRegister (JmxRegister.java:unregister(73)) - Successfully un-registered JMX Bean with object name Ratis:service=RaftServer,group=group-F5C47B2CE3B8,id=fcc7e277-49dd-4315-83b5-ce07aee90d39
2023-06-07 15:29:11,997 [fcc7e277-49dd-4315-83b5-ce07aee90d39-impl-thread2] INFO  impl.RoleInfo (RoleInfo.java:shutdownLeaderState(93)) - fcc7e277-49dd-4315-83b5-ce07aee90d39: shutdown fcc7e277-49dd-4315-83b5-ce07aee90d39@group-F5C47B2CE3B8-LeaderStateImpl
2023-06-07 15:29:11,998 [ForkJoinPool.commonPool-worker-3] INFO  server.GrpcService (GrpcService.java:closeImpl(311)) - fcc7e277-49dd-4315-83b5-ce07aee90d39: shutdown server org.apache.ratis.grpc.server.GrpcClientProtocolService now
2023-06-07 15:29:11,998 [fcc7e277-49dd-4315-83b5-ce07aee90d39-impl-thread3] INFO  server.RaftServer$Division (RaftServerImpl.java:lambda$close$4(466)) - fcc7e277-49dd-4315-83b5-ce07aee90d39@group-96B4F568856D: shutdown
2023-06-07 15:29:11,999 [fcc7e277-49dd-4315-83b5-ce07aee90d39-impl-thread3] INFO  util.JmxRegister (JmxRegister.java:unregister(73)) - Successfully un-registered JMX Bean with object name Ratis:service=RaftServer,group=group-96B4F568856D,id=fcc7e277-49dd-4315-83b5-ce07aee90d39
2023-06-07 15:29:11,999 [fcc7e277-49dd-4315-83b5-ce07aee90d39-impl-thread3] INFO  impl.RoleInfo (RoleInfo.java:shutdownFollowerState(110)) - fcc7e277-49dd-4315-83b5-ce07aee90d39: shutdown fcc7e277-49dd-4315-83b5-ce07aee90d39@group-96B4F568856D-FollowerState
2023-06-07 15:29:11,999 [fcc7e277-49dd-4315-83b5-ce07aee90d39@group-96B4F568856D-FollowerState] INFO  impl.FollowerState (FollowerState.java:run(152)) - fcc7e277-49dd-4315-83b5-ce07aee90d39@group-96B4F568856D-FollowerState was interrupted
2023-06-07 15:29:11,999 [fcc7e277-49dd-4315-83b5-ce07aee90d39-impl-thread3] INFO  impl.StateMachineUpdater (StateMachineUpdater.java:stopAndJoin(155)) - fcc7e277-49dd-4315-83b5-ce07aee90d39@group-96B4F568856D-StateMachineUpdater: set stopIndex = -1
2023-06-07 15:29:12,000 [fcc7e277-49dd-4315-83b5-ce07aee90d39@group-F5C47B2CE3B8->32bad824-8df3-4244-b31d-dd1e6a658658-GrpcLogAppender-LogAppenderDaemon] WARN  server.GrpcLogAppender (GrpcLogAppender.java:mayWait(199)) - fcc7e277-49dd-4315-83b5-ce07aee90d39@group-F5C47B2CE3B8->32bad824-8df3-4244-b31d-dd1e6a658658-GrpcLogAppender: Wait interrupted by java.lang.InterruptedException
2023-06-07 15:29:12,000 [fcc7e277-49dd-4315-83b5-ce07aee90d39@group-8F6BF73C24E7-StateMachineUpdater] INFO  ratis.ContainerStateMachine (ContainerStateMachine.java:takeSnapshot(341)) - group-8F6BF73C24E7: Finished taking a snapshot at:(t:1, i:0) file:/home/runner/work/ozone/ozone/hadoop-ozone/integration-test/target/test-dir/MiniOzoneClusterImpl-c8a517f5-2015-4ab4-bc29-2f0a6c6e6d27/datanode-2/data/ratis/730d43ab-58be-4d5d-8f66-8f6bf73c24e7/sm/snapshot.1_0 took: 4 ms
2023-06-07 15:29:12,000 [fcc7e277-49dd-4315-83b5-ce07aee90d39-impl-thread2] INFO  impl.PendingRequests (PendingRequests.java:sendNotLeaderResponses(289)) - fcc7e277-49dd-4315-83b5-ce07aee90d39@group-F5C47B2CE3B8-PendingRequests: sendNotLeaderResponses
2023-06-07 15:29:12,000 [fcc7e277-49dd-4315-83b5-ce07aee90d39@group-8F6BF73C24E7-StateMachineUpdater] INFO  impl.StateMachineUpdater (StateMachineUpdater.java:takeSnapshot(291)) - fcc7e277-49dd-4315-83b5-ce07aee90d39@group-8F6BF73C24E7-StateMachineUpdater: Took a snapshot at index 0
2023-06-07 15:29:12,000 [fcc7e277-49dd-4315-83b5-ce07aee90d39@group-8F6BF73C24E7-StateMachineUpdater] INFO  impl.StateMachineUpdater (StateMachineUpdater.java:lambda$new$0(97)) - fcc7e277-49dd-4315-83b5-ce07aee90d39@group-8F6BF73C24E7-StateMachineUpdater: snapshotIndex: updateIncreasingly -1 -> 0
2023-06-07 15:29:12,001 [fcc7e277-49dd-4315-83b5-ce07aee90d39@group-F5C47B2CE3B8->d212677a-c204-4991-952d-41b37f4d3331-GrpcLogAppender-LogAppenderDaemon] WARN  server.GrpcLogAppender (GrpcLogAppender.java:mayWait(199)) - fcc7e277-49dd-4315-83b5-ce07aee90d39@group-F5C47B2CE3B8->d212677a-c204-4991-952d-41b37f4d3331-GrpcLogAppender: Wait interrupted by java.lang.InterruptedException
2023-06-07 15:29:12,001 [fcc7e277-49dd-4315-83b5-ce07aee90d39@group-F5C47B2CE3B8-StateMachineUpdater] INFO  ratis.ContainerStateMachine (ContainerStateMachine.java:takeSnapshot(330)) - group-F5C47B2CE3B8: Taking a snapshot at:(t:1, i:0) file /home/runner/work/ozone/ozone/hadoop-ozone/integration-test/target/test-dir/MiniOzoneClusterImpl-c8a517f5-2015-4ab4-bc29-2f0a6c6e6d27/datanode-2/data/ratis/66ec059b-0908-40c1-8f43-f5c47b2ce3b8/sm/snapshot.1_0
2023-06-07 15:29:12,001 [fcc7e277-49dd-4315-83b5-ce07aee90d39-impl-thread2] INFO  impl.StateMachineUpdater (StateMachineUpdater.java:stopAndJoin(155)) - fcc7e277-49dd-4315-83b5-ce07aee90d39@group-F5C47B2CE3B8-StateMachineUpdater: set stopIndex = 0
2023-06-07 15:29:12,001 [fcc7e277-49dd-4315-83b5-ce07aee90d39-impl-thread3] INFO  server.RaftServer$Division (ServerState.java:close(472)) - fcc7e277-49dd-4315-83b5-ce07aee90d39@group-96B4F568856D: closes. applyIndex: -1
2023-06-07 15:29:12,001 [fcc7e277-49dd-4315-83b5-ce07aee90d39-impl-thread1] INFO  server.RaftServer$Division (ServerState.java:close(472)) - fcc7e277-49dd-4315-83b5-ce07aee90d39@group-8F6BF73C24E7: closes. applyIndex: 0
2023-06-07 15:29:12,001 [fcc7e277-49dd-4315-83b5-ce07aee90d39@group-F5C47B2CE3B8-StateMachineUpdater] INFO  ratis.ContainerStateMachine (ContainerStateMachine.java:takeSnapshot(341)) - group-F5C47B2CE3B8: Finished taking a snapshot at:(t:1, i:0) file:/home/runner/work/ozone/ozone/hadoop-ozone/integration-test/target/test-dir/MiniOzoneClusterImpl-c8a517f5-2015-4ab4-bc29-2f0a6c6e6d27/datanode-2/data/ratis/66ec059b-0908-40c1-8f43-f5c47b2ce3b8/sm/snapshot.1_0 took: 1 ms
2023-06-07 15:29:12,001 [fcc7e277-49dd-4315-83b5-ce07aee90d39@group-F5C47B2CE3B8-StateMachineUpdater] INFO  impl.StateMachineUpdater (StateMachineUpdater.java:takeSnapshot(291)) - fcc7e277-49dd-4315-83b5-ce07aee90d39@group-F5C47B2CE3B8-StateMachineUpdater: Took a snapshot at index 0
2023-06-07 15:29:12,001 [fcc7e277-49dd-4315-83b5-ce07aee90d39@group-F5C47B2CE3B8-StateMachineUpdater] INFO  impl.StateMachineUpdater (StateMachineUpdater.java:lambda$new$0(97)) - fcc7e277-49dd-4315-83b5-ce07aee90d39@group-F5C47B2CE3B8-StateMachineUpdater: snapshotIndex: updateIncreasingly -1 -> 0
2023-06-07 15:29:12,001 [fcc7e277-49dd-4315-83b5-ce07aee90d39-impl-thread2] INFO  server.RaftServer$Division (ServerState.java:close(472)) - fcc7e277-49dd-4315-83b5-ce07aee90d39@group-F5C47B2CE3B8: closes. applyIndex: 0
2023-06-07 15:29:12,003 [Thread-2779] INFO  server.GrpcServerProtocolClient (GrpcServerProtocolClient.java:close(103)) - d212677a-c204-4991-952d-41b37f4d3331 Close channels
2023-06-07 15:29:12,003 [Thread-2780] INFO  server.GrpcServerProtocolClient (GrpcServerProtocolClient.java:close(103)) - 32bad824-8df3-4244-b31d-dd1e6a658658 Close channels
2023-06-07 15:29:12,011 [ForkJoinPool.commonPool-worker-3] INFO  server.GrpcService (GrpcService.java:closeImpl(320)) - fcc7e277-49dd-4315-83b5-ce07aee90d39: shutdown server org.apache.ratis.grpc.server.GrpcClientProtocolService successfully
2023-06-07 15:29:12,015 [ForkJoinPool.commonPool-worker-3] INFO  server.GrpcService (GrpcService.java:closeImpl(311)) - fcc7e277-49dd-4315-83b5-ce07aee90d39: shutdown server GrpcServerProtocolService now
2023-06-07 15:29:12,016 [ForkJoinPool.commonPool-worker-3] INFO  server.GrpcService (GrpcService.java:closeImpl(320)) - fcc7e277-49dd-4315-83b5-ce07aee90d39: shutdown server GrpcServerProtocolService successfully
2023-06-07 15:29:12,016 [ForkJoinPool.commonPool-worker-3] INFO  server.GrpcService (GrpcService.java:closeImpl(311)) - fcc7e277-49dd-4315-83b5-ce07aee90d39: shutdown server org.apache.ratis.grpc.server.GrpcAdminProtocolService now
2023-06-07 15:29:12,017 [ForkJoinPool.commonPool-worker-3] INFO  server.GrpcService (GrpcService.java:closeImpl(320)) - fcc7e277-49dd-4315-83b5-ce07aee90d39: shutdown server org.apache.ratis.grpc.server.GrpcAdminProtocolService successfully
2023-06-07 15:29:12,017 [fcc7e277-49dd-4315-83b5-ce07aee90d39-NettyServerStreamRpc-bossGroup--thread1] INFO  logging.LoggingHandler (AbstractInternalLogger.java:log(148)) - [id: 0xd4963dfa, L:/0:0:0:0:0:0:0:0:15208] CLOSE
2023-06-07 15:29:12,017 [fcc7e277-49dd-4315-83b5-ce07aee90d39-NettyServerStreamRpc-bossGroup--thread1] INFO  logging.LoggingHandler (AbstractInternalLogger.java:log(148)) - [id: 0xd4963dfa, L:/0:0:0:0:0:0:0:0:15208] INACTIVE
2023-06-07 15:29:12,017 [fcc7e277-49dd-4315-83b5-ce07aee90d39-NettyServerStreamRpc-bossGroup--thread1] INFO  logging.LoggingHandler (AbstractInternalLogger.java:log(148)) - [id: 0xd4963dfa, L:/0:0:0:0:0:0:0:0:15208] UNREGISTERED
2023-06-07 15:29:12,370 [d212677a-c204-4991-952d-41b37f4d3331-impl-thread1] INFO  segmented.SegmentedRaftLogWorker (SegmentedRaftLogWorker.java:close(252)) - d212677a-c204-4991-952d-41b37f4d3331@group-2333852F1B24-SegmentedRaftLogWorker close()
2023-06-07 15:29:12,450 [32bad824-8df3-4244-b31d-dd1e6a658658-impl-thread3] INFO  segmented.SegmentedRaftLogWorker (SegmentedRaftLogWorker.java:close(252)) - 32bad824-8df3-4244-b31d-dd1e6a658658@group-96B4F568856D-SegmentedRaftLogWorker close()
2023-06-07 15:29:12,468 [d212677a-c204-4991-952d-41b37f4d3331-impl-thread3] INFO  segmented.SegmentedRaftLogWorker (SegmentedRaftLogWorker.java:close(252)) - d212677a-c204-4991-952d-41b37f4d3331@group-96B4F568856D-SegmentedRaftLogWorker close()
2023-06-07 15:29:12,473 [fcc7e277-49dd-4315-83b5-ce07aee90d39-impl-thread3] INFO  segmented.SegmentedRaftLogWorker (SegmentedRaftLogWorker.java:close(252)) - fcc7e277-49dd-4315-83b5-ce07aee90d39@group-96B4F568856D-SegmentedRaftLogWorker close()
2023-06-07 15:29:12,521 [32bad824-8df3-4244-b31d-dd1e6a658658-impl-thread1] INFO  segmented.SegmentedRaftLogWorker (SegmentedRaftLogWorker.java:close(252)) - 32bad824-8df3-4244-b31d-dd1e6a658658@group-F53F1396ACC8-SegmentedRaftLogWorker close()
2023-06-07 15:29:12,606 [fcc7e277-49dd-4315-83b5-ce07aee90d39-impl-thread2] INFO  segmented.SegmentedRaftLogWorker (SegmentedRaftLogWorker.java:close(252)) - fcc7e277-49dd-4315-83b5-ce07aee90d39@group-F5C47B2CE3B8-SegmentedRaftLogWorker close()
2023-06-07 15:29:12,629 [32bad824-8df3-4244-b31d-dd1e6a658658-impl-thread2] INFO  segmented.SegmentedRaftLogWorker (SegmentedRaftLogWorker.java:close(252)) - 32bad824-8df3-4244-b31d-dd1e6a658658@group-F5C47B2CE3B8-SegmentedRaftLogWorker close()
2023-06-07 15:29:12,630 [JvmPauseMonitor34] INFO  util.JvmPauseMonitor (JvmPauseMonitor.java:run(109)) - JvmPauseMonitor-32bad824-8df3-4244-b31d-dd1e6a658658: Stopped
2023-06-07 15:29:12,633 [d212677a-c204-4991-952d-41b37f4d3331-impl-thread2] INFO  segmented.SegmentedRaftLogWorker (SegmentedRaftLogWorker.java:close(252)) - d212677a-c204-4991-952d-41b37f4d3331@group-F5C47B2CE3B8-SegmentedRaftLogWorker close()
2023-06-07 15:29:12,634 [JvmPauseMonitor33] INFO  util.JvmPauseMonitor (JvmPauseMonitor.java:run(109)) - JvmPauseMonitor-d212677a-c204-4991-952d-41b37f4d3331: Stopped
2023-06-07 15:29:12,747 [RatisPipelineUtilsThread - 0] WARN  pipeline.PipelinePlacementPolicy (PipelinePlacementPolicy.java:filterViableNodes(166)) - Pipeline creation failed due to no sufficient healthy datanodes. Required 3. Found 0. Excluded 3.
2023-06-07 15:29:12,907 [fcc7e277-49dd-4315-83b5-ce07aee90d39-impl-thread1] INFO  segmented.SegmentedRaftLogWorker (SegmentedRaftLogWorker.java:close(252)) - fcc7e277-49dd-4315-83b5-ce07aee90d39@group-8F6BF73C24E7-SegmentedRaftLogWorker close()
2023-06-07 15:29:12,907 [JvmPauseMonitor35] INFO  util.JvmPauseMonitor (JvmPauseMonitor.java:run(109)) - JvmPauseMonitor-fcc7e277-49dd-4315-83b5-ce07aee90d39: Stopped
2023-06-07 15:29:14,633 [main] INFO  utils.DatanodeStoreCache (DatanodeStoreCache.java:shutdownCache(110)) - Skip clearing cache in mini cluster mode. Entries left: [/home/runner/work/ozone/ozone/hadoop-ozone/integration-test/target/test-dir/MiniOzoneClusterImpl-c8a517f5-2015-4ab4-bc29-2f0a6c6e6d27/datanode-0/data-0/containers/hdds/c8a517f5-2015-4ab4-bc29-2f0a6c6e6d27/DS-e96db142-a164-4b8c-9af8-66fac4b64ece/container.db, /home/runner/work/ozone/ozone/hadoop-ozone/integration-test/target/test-dir/MiniOzoneClusterImpl-c8a517f5-2015-4ab4-bc29-2f0a6c6e6d27/datanode-1/data-0/containers/hdds/c8a517f5-2015-4ab4-bc29-2f0a6c6e6d27/DS-a028a693-9154-4135-9cb2-ca020c00ff4d/container.db, /home/runner/work/ozone/ozone/hadoop-ozone/integration-test/target/test-dir/MiniOzoneClusterImpl-c8a517f5-2015-4ab4-bc29-2f0a6c6e6d27/datanode-2/data-0/containers/hdds/c8a517f5-2015-4ab4-bc29-2f0a6c6e6d27/DS-8f22cf65-e557-44b5-a201-759cc8ee7a7b/container.db]
2023-06-07 15:29:14,637 [main] INFO  utils.DatanodeStoreCache (DatanodeStoreCache.java:removeDB(104)) - Removed db /home/runner/work/ozone/ozone/hadoop-ozone/integration-test/target/test-dir/MiniOzoneClusterImpl-c8a517f5-2015-4ab4-bc29-2f0a6c6e6d27/datanode-1/data-0/containers/hdds/c8a517f5-2015-4ab4-bc29-2f0a6c6e6d27/DS-a028a693-9154-4135-9cb2-ca020c00ff4d/container.db from cache
2023-06-07 15:29:14,637 [main] INFO  volume.HddsVolume (HddsVolume.java:closeDbStore(437)) - SchemaV3 db is stopped at /home/runner/work/ozone/ozone/hadoop-ozone/integration-test/target/test-dir/MiniOzoneClusterImpl-c8a517f5-2015-4ab4-bc29-2f0a6c6e6d27/datanode-1/data-0/containers/hdds/c8a517f5-2015-4ab4-bc29-2f0a6c6e6d27/DS-a028a693-9154-4135-9cb2-ca020c00ff4d/container.db for volume DS-a028a693-9154-4135-9cb2-ca020c00ff4d
2023-06-07 15:29:14,637 [main] INFO  utils.BackgroundService (BackgroundService.java:shutdown(141)) - Shutting down service BlockDeletingService
2023-06-07 15:29:14,638 [ForkJoinPool.commonPool-worker-2] INFO  utils.DatanodeStoreCache (DatanodeStoreCache.java:shutdownCache(110)) - Skip clearing cache in mini cluster mode. Entries left: [/home/runner/work/ozone/ozone/hadoop-ozone/integration-test/target/test-dir/MiniOzoneClusterImpl-c8a517f5-2015-4ab4-bc29-2f0a6c6e6d27/datanode-0/data-0/containers/hdds/c8a517f5-2015-4ab4-bc29-2f0a6c6e6d27/DS-e96db142-a164-4b8c-9af8-66fac4b64ece/container.db, /home/runner/work/ozone/ozone/hadoop-ozone/integration-test/target/test-dir/MiniOzoneClusterImpl-c8a517f5-2015-4ab4-bc29-2f0a6c6e6d27/datanode-2/data-0/containers/hdds/c8a517f5-2015-4ab4-bc29-2f0a6c6e6d27/DS-8f22cf65-e557-44b5-a201-759cc8ee7a7b/container.db]
2023-06-07 15:29:14,638 [main] INFO  utils.BackgroundService (BackgroundService.java:shutdown(141)) - Shutting down service StaleRecoveringContainerScrubbingService
2023-06-07 15:29:14,640 [ForkJoinPool.commonPool-worker-2] INFO  utils.DatanodeStoreCache (DatanodeStoreCache.java:removeDB(104)) - Removed db /home/runner/work/ozone/ozone/hadoop-ozone/integration-test/target/test-dir/MiniOzoneClusterImpl-c8a517f5-2015-4ab4-bc29-2f0a6c6e6d27/datanode-0/data-0/containers/hdds/c8a517f5-2015-4ab4-bc29-2f0a6c6e6d27/DS-e96db142-a164-4b8c-9af8-66fac4b64ece/container.db from cache
2023-06-07 15:29:14,641 [ForkJoinPool.commonPool-worker-2] INFO  volume.HddsVolume (HddsVolume.java:closeDbStore(437)) - SchemaV3 db is stopped at /home/runner/work/ozone/ozone/hadoop-ozone/integration-test/target/test-dir/MiniOzoneClusterImpl-c8a517f5-2015-4ab4-bc29-2f0a6c6e6d27/datanode-0/data-0/containers/hdds/c8a517f5-2015-4ab4-bc29-2f0a6c6e6d27/DS-e96db142-a164-4b8c-9af8-66fac4b64ece/container.db for volume DS-e96db142-a164-4b8c-9af8-66fac4b64ece
2023-06-07 15:29:14,641 [ForkJoinPool.commonPool-worker-2] INFO  utils.BackgroundService (BackgroundService.java:shutdown(141)) - Shutting down service BlockDeletingService
2023-06-07 15:29:14,641 [ForkJoinPool.commonPool-worker-2] INFO  utils.BackgroundService (BackgroundService.java:shutdown(141)) - Shutting down service StaleRecoveringContainerScrubbingService
2023-06-07 15:29:14,641 [main] INFO  statemachine.DatanodeStateMachine (DatanodeStateMachine.java:stopDaemon(605)) - Ozone container server stopped.
2023-06-07 15:29:14,642 [ForkJoinPool.commonPool-worker-2] INFO  statemachine.DatanodeStateMachine (DatanodeStateMachine.java:stopDaemon(605)) - Ozone container server stopped.
2023-06-07 15:29:14,653 [main] INFO  handler.ContextHandler (ContextHandler.java:doStop(1159)) - Stopped o.e.j.w.WebAppContext@52f6f7c0{hddsDatanode,/,null,STOPPED}{jar:file:/home/runner/.m2/repository/org/apache/ozone/hdds-container-service/1.4.0-SNAPSHOT/hdds-container-service-1.4.0-SNAPSHOT.jar!/webapps/hddsDatanode}
2023-06-07 15:29:14,654 [main] INFO  server.AbstractConnector (AbstractConnector.java:doStop(383)) - Stopped ServerConnector@dc0b733{HTTP/1.1, (http/1.1)}{0.0.0.0:15193}
2023-06-07 15:29:14,654 [main] INFO  server.session (HouseKeeper.java:stopScavenging(149)) - node0 Stopped scavenging
2023-06-07 15:29:14,656 [main] INFO  handler.ContextHandler (ContextHandler.java:doStop(1159)) - Stopped o.e.j.s.ServletContextHandler@6288fc60{static,/static,jar:file:/home/runner/.m2/repository/org/apache/ozone/hdds-container-service/1.4.0-SNAPSHOT/hdds-container-service-1.4.0-SNAPSHOT.jar!/webapps/static,STOPPED}
2023-06-07 15:29:14,656 [main] INFO  handler.ContextHandler (ContextHandler.java:doStop(1159)) - Stopped o.e.j.s.ServletContextHandler@3a4af9a7{logs,/logs,file:///home/runner/work/ozone/ozone/hadoop-ozone/integration-test/target/log,STOPPED}
2023-06-07 15:29:14,657 [main] INFO  ozone.HddsDatanodeClientProtocolServer (HddsDatanodeClientProtocolServer.java:stop(78)) - Stopping the RPC server for Client Protocol
2023-06-07 15:29:14,657 [main] INFO  ipc.Server (Server.java:stop(3501)) - Stopping server on 15194
2023-06-07 15:29:14,657 [IPC Server listener on 15194] INFO  ipc.Server (Server.java:run(1430)) - Stopping IPC Server listener on 15194
2023-06-07 15:29:14,657 [IPC Server Responder] INFO  ipc.Server (Server.java:run(1563)) - Stopping IPC Server Responder
2023-06-07 15:29:14,662 [ForkJoinPool.commonPool-worker-2] INFO  handler.ContextHandler (ContextHandler.java:doStop(1159)) - Stopped o.e.j.w.WebAppContext@6ebf8a38{hddsDatanode,/,null,STOPPED}{jar:file:/home/runner/.m2/repository/org/apache/ozone/hdds-container-service/1.4.0-SNAPSHOT/hdds-container-service-1.4.0-SNAPSHOT.jar!/webapps/hddsDatanode}
2023-06-07 15:29:14,662 [ForkJoinPool.commonPool-worker-2] INFO  server.AbstractConnector (AbstractConnector.java:doStop(383)) - Stopped ServerConnector@4d443a45{HTTP/1.1, (http/1.1)}{0.0.0.0:15184}
2023-06-07 15:29:14,662 [ForkJoinPool.commonPool-worker-2] INFO  server.session (HouseKeeper.java:stopScavenging(149)) - node0 Stopped scavenging
2023-06-07 15:29:14,663 [ForkJoinPool.commonPool-worker-2] INFO  handler.ContextHandler (ContextHandler.java:doStop(1159)) - Stopped o.e.j.s.ServletContextHandler@13767944{static,/static,jar:file:/home/runner/.m2/repository/org/apache/ozone/hdds-container-service/1.4.0-SNAPSHOT/hdds-container-service-1.4.0-SNAPSHOT.jar!/webapps/static,STOPPED}
2023-06-07 15:29:14,663 [ForkJoinPool.commonPool-worker-2] INFO  handler.ContextHandler (ContextHandler.java:doStop(1159)) - Stopped o.e.j.s.ServletContextHandler@6102f3e9{logs,/logs,file:///home/runner/work/ozone/ozone/hadoop-ozone/integration-test/target/log,STOPPED}
2023-06-07 15:29:14,664 [ForkJoinPool.commonPool-worker-2] INFO  ozone.HddsDatanodeClientProtocolServer (HddsDatanodeClientProtocolServer.java:stop(78)) - Stopping the RPC server for Client Protocol
2023-06-07 15:29:14,664 [ForkJoinPool.commonPool-worker-2] INFO  ipc.Server (Server.java:stop(3501)) - Stopping server on 15185
2023-06-07 15:29:14,664 [IPC Server listener on 15185] INFO  ipc.Server (Server.java:run(1430)) - Stopping IPC Server listener on 15185
2023-06-07 15:29:14,665 [IPC Server Responder] INFO  ipc.Server (Server.java:run(1563)) - Stopping IPC Server Responder
2023-06-07 15:29:14,911 [ForkJoinPool.commonPool-worker-3] INFO  utils.DatanodeStoreCache (DatanodeStoreCache.java:shutdownCache(110)) - Skip clearing cache in mini cluster mode. Entries left: [/home/runner/work/ozone/ozone/hadoop-ozone/integration-test/target/test-dir/MiniOzoneClusterImpl-c8a517f5-2015-4ab4-bc29-2f0a6c6e6d27/datanode-2/data-0/containers/hdds/c8a517f5-2015-4ab4-bc29-2f0a6c6e6d27/DS-8f22cf65-e557-44b5-a201-759cc8ee7a7b/container.db]
2023-06-07 15:29:14,913 [ForkJoinPool.commonPool-worker-3] INFO  utils.DatanodeStoreCache (DatanodeStoreCache.java:removeDB(104)) - Removed db /home/runner/work/ozone/ozone/hadoop-ozone/integration-test/target/test-dir/MiniOzoneClusterImpl-c8a517f5-2015-4ab4-bc29-2f0a6c6e6d27/datanode-2/data-0/containers/hdds/c8a517f5-2015-4ab4-bc29-2f0a6c6e6d27/DS-8f22cf65-e557-44b5-a201-759cc8ee7a7b/container.db from cache
2023-06-07 15:29:14,913 [ForkJoinPool.commonPool-worker-3] INFO  volume.HddsVolume (HddsVolume.java:closeDbStore(437)) - SchemaV3 db is stopped at /home/runner/work/ozone/ozone/hadoop-ozone/integration-test/target/test-dir/MiniOzoneClusterImpl-c8a517f5-2015-4ab4-bc29-2f0a6c6e6d27/datanode-2/data-0/containers/hdds/c8a517f5-2015-4ab4-bc29-2f0a6c6e6d27/DS-8f22cf65-e557-44b5-a201-759cc8ee7a7b/container.db for volume DS-8f22cf65-e557-44b5-a201-759cc8ee7a7b
2023-06-07 15:29:14,914 [ForkJoinPool.commonPool-worker-3] INFO  utils.BackgroundService (BackgroundService.java:shutdown(141)) - Shutting down service BlockDeletingService
2023-06-07 15:29:14,917 [ForkJoinPool.commonPool-worker-3] INFO  utils.BackgroundService (BackgroundService.java:shutdown(141)) - Shutting down service StaleRecoveringContainerScrubbingService
2023-06-07 15:29:14,918 [ForkJoinPool.commonPool-worker-3] INFO  statemachine.DatanodeStateMachine (DatanodeStateMachine.java:stopDaemon(605)) - Ozone container server stopped.
2023-06-07 15:29:14,928 [ForkJoinPool.commonPool-worker-3] INFO  handler.ContextHandler (ContextHandler.java:doStop(1159)) - Stopped o.e.j.w.WebAppContext@33201269{hddsDatanode,/,null,STOPPED}{jar:file:/home/runner/.m2/repository/org/apache/ozone/hdds-container-service/1.4.0-SNAPSHOT/hdds-container-service-1.4.0-SNAPSHOT.jar!/webapps/hddsDatanode}
2023-06-07 15:29:14,928 [ForkJoinPool.commonPool-worker-3] INFO  server.AbstractConnector (AbstractConnector.java:doStop(383)) - Stopped ServerConnector@170e0a4c{HTTP/1.1, (http/1.1)}{0.0.0.0:15202}
2023-06-07 15:29:14,928 [ForkJoinPool.commonPool-worker-3] INFO  server.session (HouseKeeper.java:stopScavenging(149)) - node0 Stopped scavenging
2023-06-07 15:29:14,929 [ForkJoinPool.commonPool-worker-3] INFO  handler.ContextHandler (ContextHandler.java:doStop(1159)) - Stopped o.e.j.s.ServletContextHandler@58b58735{static,/static,jar:file:/home/runner/.m2/repository/org/apache/ozone/hdds-container-service/1.4.0-SNAPSHOT/hdds-container-service-1.4.0-SNAPSHOT.jar!/webapps/static,STOPPED}
2023-06-07 15:29:14,929 [ForkJoinPool.commonPool-worker-3] INFO  handler.ContextHandler (ContextHandler.java:doStop(1159)) - Stopped o.e.j.s.ServletContextHandler@6ab236ee{logs,/logs,file:///home/runner/work/ozone/ozone/hadoop-ozone/integration-test/target/log,STOPPED}
2023-06-07 15:29:14,930 [ForkJoinPool.commonPool-worker-3] INFO  ozone.HddsDatanodeClientProtocolServer (HddsDatanodeClientProtocolServer.java:stop(78)) - Stopping the RPC server for Client Protocol
2023-06-07 15:29:14,932 [ForkJoinPool.commonPool-worker-3] INFO  ipc.Server (Server.java:stop(3501)) - Stopping server on 15203
2023-06-07 15:29:14,932 [IPC Server listener on 15203] INFO  ipc.Server (Server.java:run(1430)) - Stopping IPC Server listener on 15203
2023-06-07 15:29:14,932 [IPC Server Responder] INFO  ipc.Server (Server.java:run(1563)) - Stopping IPC Server Responder
2023-06-07 15:29:14,933 [main] INFO  ozone.MiniOzoneClusterImpl (MiniOzoneClusterImpl.java:stopSCM(537)) - Stopping the StorageContainerManager
2023-06-07 15:29:14,934 [main] INFO  server.StorageContainerManager (StorageContainerManager.java:stop(1560)) - Container Balancer is not running.
2023-06-07 15:29:14,934 [main] INFO  server.StorageContainerManager (StorageContainerManager.java:stopReplicationManager(1691)) - Stopping Replication Manager Service.
2023-06-07 15:29:14,934 [main] INFO  replication.ReplicationManager (ReplicationManager.java:stop(332)) - Stopping Replication Monitor Thread.
2023-06-07 15:29:14,934 [main] INFO  server.StorageContainerManager (StorageContainerManager.java:stop(1569)) - Stopping the Datanode Admin Monitor.
2023-06-07 15:29:14,934 [ReplicationMonitor] INFO  replication.ReplicationManager (ReplicationManager.java:run(938)) - Replication Monitor Thread is stopped
2023-06-07 15:29:14,934 [Over Replicated Processor] WARN  replication.UnhealthyReplicationProcessor (UnhealthyReplicationProcessor.java:run(167)) - Over Replicated Processor interrupted. Exiting...
2023-06-07 15:29:14,934 [main] INFO  server.StorageContainerManager (StorageContainerManager.java:stop(1576)) - Stopping datanode service RPC server
2023-06-07 15:29:14,934 [main] INFO  server.SCMDatanodeProtocolServer (SCMDatanodeProtocolServer.java:stop(424)) - Stopping the RPC server for DataNodes
2023-06-07 15:29:14,934 [main] INFO  ipc.Server (Server.java:stop(3501)) - Stopping server on 15177
2023-06-07 15:29:14,934 [Under Replicated Processor] WARN  replication.UnhealthyReplicationProcessor (UnhealthyReplicationProcessor.java:run(167)) - Under Replicated Processor interrupted. Exiting...
2023-06-07 15:29:14,936 [IPC Server Responder] INFO  ipc.Server (Server.java:run(1563)) - Stopping IPC Server Responder
2023-06-07 15:29:14,936 [IPC Server listener on 15177] INFO  ipc.Server (Server.java:run(1430)) - Stopping IPC Server listener on 15177
2023-06-07 15:29:15,027 [SCM Heartbeat Processing Thread - 0] WARN  node.NodeStateManager (NodeStateManager.java:scheduleNextHealthCheck(870)) - Current Thread is interrupted, shutting down HB processing thread for Node Manager.
2023-06-07 15:29:15,028 [main] INFO  server.StorageContainerManager (StorageContainerManager.java:stop(1584)) - Stopping block service RPC server
2023-06-07 15:29:15,029 [main] INFO  server.SCMBlockProtocolServer (SCMBlockProtocolServer.java:stop(161)) - Stopping the RPC server for Block Protocol
2023-06-07 15:29:15,029 [main] INFO  ipc.Server (Server.java:stop(3501)) - Stopping server on 15176
2023-06-07 15:29:15,031 [IPC Server listener on 15176] INFO  ipc.Server (Server.java:run(1430)) - Stopping IPC Server listener on 15176
2023-06-07 15:29:15,031 [IPC Server Responder] INFO  ipc.Server (Server.java:run(1563)) - Stopping IPC Server Responder
2023-06-07 15:29:15,031 [main] INFO  server.StorageContainerManager (StorageContainerManager.java:stop(1591)) - Stopping the StorageContainerLocationProtocol RPC server
2023-06-07 15:29:15,031 [main] INFO  server.SCMClientProtocolServer (SCMClientProtocolServer.java:stop(210)) - Stopping the RPC server for Client Protocol
2023-06-07 15:29:15,031 [main] INFO  ipc.Server (Server.java:stop(3501)) - Stopping server on 15175
2023-06-07 15:29:15,034 [IPC Server listener on 15175] INFO  ipc.Server (Server.java:run(1430)) - Stopping IPC Server listener on 15175
2023-06-07 15:29:15,034 [IPC Server Responder] INFO  ipc.Server (Server.java:run(1563)) - Stopping IPC Server Responder
2023-06-07 15:29:15,035 [main] INFO  server.StorageContainerManager (StorageContainerManager.java:stop(1598)) - Stopping Storage Container Manager HTTP server.
2023-06-07 15:29:15,035 [main] INFO  handler.ContextHandler (ContextHandler.java:doStop(1159)) - Stopped o.e.j.w.WebAppContext@51c8261f{scm,/,null,STOPPED}{file:/home/runner/work/ozone/ozone/hadoop-ozone/integration-test/target/test-classes/webapps/scm}
2023-06-07 15:29:15,036 [main] INFO  server.AbstractConnector (AbstractConnector.java:doStop(383)) - Stopped ServerConnector@41b22d29{HTTP/1.1, (http/1.1)}{0.0.0.0:15178}
2023-06-07 15:29:15,036 [main] INFO  server.session (HouseKeeper.java:stopScavenging(149)) - node0 Stopped scavenging
2023-06-07 15:29:15,036 [main] INFO  handler.ContextHandler (ContextHandler.java:doStop(1159)) - Stopped o.e.j.s.ServletContextHandler@2bbb02e6{static,/static,file:///home/runner/work/ozone/ozone/hadoop-ozone/integration-test/target/test-classes/webapps/static,STOPPED}
2023-06-07 15:29:15,036 [main] INFO  handler.ContextHandler (ContextHandler.java:doStop(1159)) - Stopped o.e.j.s.ServletContextHandler@6ef4d437{logs,/logs,file:///home/runner/work/ozone/ozone/hadoop-ozone/integration-test/target/log,STOPPED}
2023-06-07 15:29:15,037 [main] INFO  server.StorageContainerManager (StorageContainerManager.java:stop(1606)) - Stopping SCM LayoutVersionManager Service.
2023-06-07 15:29:15,037 [main] INFO  server.StorageContainerManager (StorageContainerManager.java:stop(1614)) - Stopping Block Manager Service.
2023-06-07 15:29:15,037 [main] INFO  utils.BackgroundService (BackgroundService.java:shutdown(141)) - Shutting down service SCMBlockDeletingService
2023-06-07 15:29:15,037 [main] INFO  utils.BackgroundService (BackgroundService.java:shutdown(141)) - Shutting down service SCMBlockDeletingService
2023-06-07 15:29:15,037 [main] INFO  server.StorageContainerManager (StorageContainerManager.java:stop(1636)) - Stopping SCM Event Queue.
2023-06-07 15:29:15,038 [main] INFO  server.StorageContainerManager (StorageContainerManager.java:stop(1647)) - Stopping SCM HA services.
2023-06-07 15:29:15,038 [main] INFO  ha.SCMRatisServerImpl (SCMRatisServerImpl.java:stop(254)) - stopping ratis server 0.0.0.0:9894
2023-06-07 15:29:15,038 [main] INFO  server.RaftServer (RaftServerProxy.java:lambda$close$6(416)) - 770ab558-6344-43fe-96a4-32f727719aa2: close
2023-06-07 15:29:15,038 [770ab558-6344-43fe-96a4-32f727719aa2-impl-thread1] INFO  server.RaftServer$Division (RaftServerImpl.java:lambda$close$4(466)) - 770ab558-6344-43fe-96a4-32f727719aa2@group-2F0A6C6E6D27: shutdown
2023-06-07 15:29:15,039 [770ab558-6344-43fe-96a4-32f727719aa2-impl-thread1] INFO  util.JmxRegister (JmxRegister.java:unregister(73)) - Successfully un-registered JMX Bean with object name Ratis:service=RaftServer,group=group-2F0A6C6E6D27,id=770ab558-6344-43fe-96a4-32f727719aa2
2023-06-07 15:29:15,039 [770ab558-6344-43fe-96a4-32f727719aa2-impl-thread1] INFO  impl.RoleInfo (RoleInfo.java:shutdownLeaderState(93)) - 770ab558-6344-43fe-96a4-32f727719aa2: shutdown 770ab558-6344-43fe-96a4-32f727719aa2@group-2F0A6C6E6D27-LeaderStateImpl
2023-06-07 15:29:15,039 [770ab558-6344-43fe-96a4-32f727719aa2-impl-thread1] INFO  impl.PendingRequests (PendingRequests.java:sendNotLeaderResponses(289)) - 770ab558-6344-43fe-96a4-32f727719aa2@group-2F0A6C6E6D27-PendingRequests: sendNotLeaderResponses
2023-06-07 15:29:15,039 [main] INFO  server.GrpcService (GrpcService.java:closeImpl(311)) - 770ab558-6344-43fe-96a4-32f727719aa2: shutdown server GrpcServerProtocolService now
2023-06-07 15:29:15,039 [770ab558-6344-43fe-96a4-32f727719aa2-impl-thread1] INFO  ha.SCMStateMachine (SCMStateMachine.java:notifyNotLeader(205)) - current leader SCM steps down.
2023-06-07 15:29:15,039 [770ab558-6344-43fe-96a4-32f727719aa2-impl-thread1] INFO  ha.SCMContext (SCMContext.java:updateLeaderAndTerm(99)) - update <isLeader,term> from <true,2> to <false,0>
2023-06-07 15:29:15,039 [770ab558-6344-43fe-96a4-32f727719aa2-impl-thread1] INFO  ha.SCMContext (SCMContext.java:updateLeaderAndTerm(106)) - update <isLeaderReady> from <false> to <false>
2023-06-07 15:29:15,039 [770ab558-6344-43fe-96a4-32f727719aa2-impl-thread1] INFO  BackgroundPipelineScrubber (BackgroundSCMService.java:notifyStatusChanged(88)) - Service BackgroundPipelineScrubber transitions to PAUSING.
2023-06-07 15:29:15,039 [770ab558-6344-43fe-96a4-32f727719aa2-impl-thread1] INFO  ExpiredContainerReplicaOpScrubber (BackgroundSCMService.java:notifyStatusChanged(88)) - Service ExpiredContainerReplicaOpScrubber transitions to PAUSING.
2023-06-07 15:29:15,039 [770ab558-6344-43fe-96a4-32f727719aa2-impl-thread1] INFO  SCMHATransactionMonitor (BackgroundSCMService.java:notifyStatusChanged(88)) - Service SCMHATransactionMonitor transitions to PAUSING.
2023-06-07 15:29:15,040 [770ab558-6344-43fe-96a4-32f727719aa2-impl-thread1] INFO  impl.StateMachineUpdater (StateMachineUpdater.java:stopAndJoin(155)) - 770ab558-6344-43fe-96a4-32f727719aa2@group-2F0A6C6E6D27-StateMachineUpdater: set stopIndex = 30
2023-06-07 15:29:15,040 [770ab558-6344-43fe-96a4-32f727719aa2@group-2F0A6C6E6D27-StateMachineUpdater] INFO  server.StorageContainerManager (StorageContainerManager.java:stop(1549)) - Storage Container Manager is not running.
2023-06-07 15:29:15,040 [770ab558-6344-43fe-96a4-32f727719aa2@group-2F0A6C6E6D27-StateMachineUpdater] INFO  server.StorageContainerManager (StorageContainerManager.java:stopReplicationManager(1691)) - Stopping Replication Manager Service.
2023-06-07 15:29:15,040 [770ab558-6344-43fe-96a4-32f727719aa2@group-2F0A6C6E6D27-StateMachineUpdater] INFO  replication.ReplicationManager (ReplicationManager.java:stop(342)) - Replication Monitor Thread is not running.
2023-06-07 15:29:15,040 [770ab558-6344-43fe-96a4-32f727719aa2@group-2F0A6C6E6D27-StateMachineUpdater] INFO  server.StorageContainerManager (ExitUtils.java:terminate(131)) - Terminating with exit status 0: scm statemachine is closed by ratis, terminate SCM
2023-06-07 15:29:15,040 [770ab558-6344-43fe-96a4-32f727719aa2@group-2F0A6C6E6D27-StateMachineUpdater] WARN  impl.StateMachineUpdater (StateMachineUpdater.java:stop(139)) - 770ab558-6344-43fe-96a4-32f727719aa2@group-2F0A6C6E6D27-StateMachineUpdater: Failed to close SCMStateMachine SCMStateMachine:770ab558-6344-43fe-96a4-32f727719aa2:group-2F0A6C6E6D27
org.apache.ratis.util.ExitUtils$ExitException: scm statemachine is closed by ratis, terminate SCM
	at org.apache.ratis.util.ExitUtils.terminate(ExitUtils.java:141)
	at org.apache.ratis.util.ExitUtils.terminate(ExitUtils.java:151)
	at org.apache.ratis.util.ExitUtils.terminate(ExitUtils.java:155)
	at org.apache.hadoop.hdds.scm.server.StorageContainerManager.shutDown(StorageContainerManager.java:1701)
	at org.apache.hadoop.hdds.scm.ha.SCMStateMachine.close(SCMStateMachine.java:423)
	at org.apache.ratis.server.impl.StateMachineUpdater.stop(StateMachineUpdater.java:134)
	at org.apache.ratis.server.impl.StateMachineUpdater.run(StateMachineUpdater.java:189)
	at java.lang.Thread.run(Thread.java:750)
2023-06-07 15:29:15,040 [770ab558-6344-43fe-96a4-32f727719aa2-impl-thread1] INFO  server.RaftServer$Division (ServerState.java:close(472)) - 770ab558-6344-43fe-96a4-32f727719aa2@group-2F0A6C6E6D27: closes. applyIndex: 100
2023-06-07 15:29:15,041 [main] INFO  server.GrpcService (GrpcService.java:closeImpl(320)) - 770ab558-6344-43fe-96a4-32f727719aa2: shutdown server GrpcServerProtocolService successfully
2023-06-07 15:29:15,882 [770ab558-6344-43fe-96a4-32f727719aa2-impl-thread1] INFO  segmented.SegmentedRaftLogWorker (SegmentedRaftLogWorker.java:close(252)) - 770ab558-6344-43fe-96a4-32f727719aa2@group-2F0A6C6E6D27-SegmentedRaftLogWorker close()
2023-06-07 15:29:15,883 [JvmPauseMonitor31] INFO  util.JvmPauseMonitor (JvmPauseMonitor.java:run(109)) - JvmPauseMonitor-770ab558-6344-43fe-96a4-32f727719aa2: Stopped
2023-06-07 15:29:15,883 [main] INFO  SCMHATransactionMonitor (BackgroundSCMService.java:stop(131)) - Stopping SCMHATransactionMonitor Service.
2023-06-07 15:29:15,883 [SCMHATransactionMonitorThread] WARN  SCMHATransactionMonitor (BackgroundSCMService.java:run(115)) - SCMHATransactionMonitor is interrupted, exit
2023-06-07 15:29:15,884 [main] INFO  pipeline.BackgroundPipelineCreator (BackgroundPipelineCreator.java:stop(149)) - Stopping RatisPipelineUtilsThread.
2023-06-07 15:29:15,884 [RatisPipelineUtilsThread - 0] WARN  pipeline.BackgroundPipelineCreator (BackgroundPipelineCreator.java:run(180)) - RatisPipelineUtilsThread is interrupted.
2023-06-07 15:29:15,884 [main] INFO  BackgroundPipelineScrubber (BackgroundSCMService.java:stop(131)) - Stopping BackgroundPipelineScrubber Service.
2023-06-07 15:29:15,884 [main] INFO  impl.MetricsSystemImpl (MetricsSystemImpl.java:stop(210)) - Stopping HddsDatanode metrics system...
2023-06-07 15:29:15,885 [BackgroundPipelineScrubberThread] WARN  BackgroundPipelineScrubber (BackgroundSCMService.java:run(115)) - BackgroundPipelineScrubber is interrupted, exit
2023-06-07 15:29:15,886 [prometheus] INFO  impl.MetricsSinkAdapter (MetricsSinkAdapter.java:publishMetricsFromQueue(141)) - prometheus thread interrupted.
2023-06-07 15:29:15,886 [main] INFO  impl.MetricsSystemImpl (MetricsSystemImpl.java:stop(216)) - HddsDatanode metrics system stopped.
2023-06-07 15:29:15,886 [main] WARN  pipeline.BackgroundPipelineCreator (BackgroundPipelineCreator.java:stop(145)) - RatisPipelineUtilsThread is not running, just ignore.
2023-06-07 15:29:15,887 [main] INFO  BackgroundPipelineScrubber (BackgroundSCMService.java:stop(126)) - BackgroundPipelineScrubber Service is not running, skip stop.
2023-06-07 15:29:15,887 [main] INFO  ExpiredContainerReplicaOpScrubber (BackgroundSCMService.java:stop(131)) - Stopping ExpiredContainerReplicaOpScrubber Service.
2023-06-07 15:29:15,887 [main] INFO  utils.BackgroundService (BackgroundService.java:shutdown(141)) - Shutting down service SCMBlockDeletingService
2023-06-07 15:29:15,887 [ExpiredContainerReplicaOpScrubberThread] WARN  ExpiredContainerReplicaOpScrubber (BackgroundSCMService.java:run(115)) - ExpiredContainerReplicaOpScrubber is interrupted, exit
2023-06-07 15:29:15,887 [main] INFO  replication.ReplicationManager (ReplicationManager.java:stop(342)) - Replication Monitor Thread is not running.
2023-06-07 15:29:15,887 [main] WARN  balancer.ContainerBalancer (ContainerBalancer.java:stop(328)) - Cannot stop Container Balancer because it's not running or stopping
2023-06-07 15:29:15,887 [main] INFO  SCMHATransactionMonitor (BackgroundSCMService.java:stop(126)) - SCMHATransactionMonitor Service is not running, skip stop.
2023-06-07 15:29:15,887 [Lease Manager-LeaseManager#LeaseMonitor] WARN  lease.LeaseManager (LeaseManager.java:run(272)) - Lease manager is interrupted. Shutting down...
java.lang.InterruptedException
	at java.util.concurrent.locks.AbstractQueuedSynchronizer.doAcquireSharedNanos(AbstractQueuedSynchronizer.java:1039)
	at java.util.concurrent.locks.AbstractQueuedSynchronizer.tryAcquireSharedNanos(AbstractQueuedSynchronizer.java:1328)
	at java.util.concurrent.Semaphore.tryAcquire(Semaphore.java:409)
	at org.apache.hadoop.ozone.lease.LeaseManager$LeaseMonitor.run(LeaseManager.java:270)
	at java.lang.Thread.run(Thread.java:750)
2023-06-07 15:29:15,887 [main] INFO  server.StorageContainerManager (StorageContainerManager.java:stop(1682)) - Stopping SCM MetadataStore.
]]></system-out>
    </rerunFailure>
  </testcase>
</testsuite>