<?xml version="1.0" encoding="UTF-8"?>
<testsuite xmlns:xsi="http://www.w3.org/2001/XMLSchema-instance" xsi:noNamespaceSchemaLocation="https://maven.apache.org/surefire/maven-surefire-plugin/xsd/surefire-test-report-3.0.xsd" version="3.0" name="org.apache.hadoop.ozone.container.server.TestSecureContainerServer" time="17.335" tests="2" errors="1" skipped="0" failures="0">
  <properties>
    <property name="awt.toolkit" value="sun.awt.X11.XToolkit"/>
    <property name="file.encoding.pkg" value="sun.io"/>
    <property name="java.specification.version" value="1.8"/>
    <property name="sun.cpu.isalist" value=""/>
    <property name="sun.jnu.encoding" value="UTF-8"/>
    <property name="gradle.enterprise.listener.surefire.forkId" value="1"/>
    <property name="java.class.path" value="/home/runner/work/ozone/ozone/hadoop-ozone/integration-test/target/test-classes:/home/runner/work/ozone/ozone/hadoop-ozone/integration-test/target/classes:/home/runner/.m2/repository/org/apache/ozone/ozone-common/1.4.0-SNAPSHOT/ozone-common-1.4.0-SNAPSHOT.jar:/home/runner/.m2/repository/io/grpc/grpc-netty/1.51.1/grpc-netty-1.51.1.jar:/home/runner/.m2/repository/io/grpc/grpc-core/1.51.1/grpc-core-1.51.1.jar:/home/runner/.m2/repository/com/google/android/annotations/4.1.1.4/annotations-4.1.1.4.jar:/home/runner/.m2/repository/org/codehaus/mojo/animal-sniffer-annotations/1.21/animal-sniffer-annotations-1.21.jar:/home/runner/.m2/repository/com/google/errorprone/error_prone_annotations/2.2.0/error_prone_annotations-2.2.0.jar:/home/runner/.m2/repository/io/perfmark/perfmark-api/0.25.0/perfmark-api-0.25.0.jar:/home/runner/.m2/repository/io/netty/netty-codec-http2/4.1.100.Final/netty-codec-http2-4.1.100.Final.jar:/home/runner/.m2/repository/io/netty/netty-common/4.1.100.Final/netty-common-4.1.100.Final.jar:/home/runner/.m2/repository/io/netty/netty-buffer/4.1.100.Final/netty-buffer-4.1.100.Final.jar:/home/runner/.m2/repository/io/netty/netty-codec-http/4.1.100.Final/netty-codec-http-4.1.100.Final.jar:/home/runner/.m2/repository/io/netty/netty-handler-proxy/4.1.100.Final/netty-handler-proxy-4.1.100.Final.jar:/home/runner/.m2/repository/io/netty/netty-codec-socks/4.1.100.Final/netty-codec-socks-4.1.100.Final.jar:/home/runner/.m2/repository/io/netty/netty-tcnative-boringssl-static/2.0.61.Final/netty-tcnative-boringssl-static-2.0.61.Final.jar:/home/runner/.m2/repository/io/netty/netty-tcnative-classes/2.0.61.Final/netty-tcnative-classes-2.0.61.Final.jar:/home/runner/.m2/repository/io/netty/netty-tcnative-boringssl-static/2.0.61.Final/netty-tcnative-boringssl-static-2.0.61.Final-linux-x86_64.jar:/home/runner/.m2/repository/io/netty/netty-tcnative-boringssl-static/2.0.61.Final/netty-tcnative-boringssl-static-2.0.61.Final-linux-aarch_64.jar:/home/runner/.m2/repository/io/netty/netty-tcnative-boringssl-static/2.0.61.Final/netty-tcnative-boringssl-static-2.0.61.Final-osx-x86_64.jar:/home/runner/.m2/repository/io/netty/netty-tcnative-boringssl-static/2.0.61.Final/netty-tcnative-boringssl-static-2.0.61.Final-osx-aarch_64.jar:/home/runner/.m2/repository/io/netty/netty-tcnative-boringssl-static/2.0.61.Final/netty-tcnative-boringssl-static-2.0.61.Final-windows-x86_64.jar:/home/runner/.m2/repository/org/apache/commons/commons-compress/1.21/commons-compress-1.21.jar:/home/runner/.m2/repository/org/apache/ozone/hdds-common/1.4.0-SNAPSHOT/hdds-common-1.4.0-SNAPSHOT.jar:/home/runner/.m2/repository/org/apache/ozone/hdds-client/1.4.0-SNAPSHOT/hdds-client-1.4.0-SNAPSHOT.jar:/home/runner/.m2/repository/org/apache/ozone/ozone-interface-client/1.4.0-SNAPSHOT/ozone-interface-client-1.4.0-SNAPSHOT.jar:/home/runner/.m2/repository/org/apache/hadoop/hadoop-hdfs-client/3.3.6/hadoop-hdfs-client-3.3.6.jar:/home/runner/.m2/repository/com/squareup/okhttp3/okhttp/4.9.3/okhttp-4.9.3.jar:/home/runner/.m2/repository/com/squareup/okio/okio/3.4.0/okio-3.4.0.jar:/home/runner/.m2/repository/com/squareup/okio/okio-jvm/3.4.0/okio-jvm-3.4.0.jar:/home/runner/.m2/repository/org/jetbrains/kotlin/kotlin-stdlib-jdk8/1.8.0/kotlin-stdlib-jdk8-1.8.0.jar:/home/runner/.m2/repository/org/jetbrains/kotlin/kotlin-stdlib-jdk7/1.8.0/kotlin-stdlib-jdk7-1.8.0.jar:/home/runner/.m2/repository/org/jetbrains/kotlin/kotlin-stdlib-common/1.6.21/kotlin-stdlib-common-1.6.21.jar:/home/runner/.m2/repository/org/apache/ozone/hdds-test-utils/1.4.0-SNAPSHOT/hdds-test-utils-1.4.0-SNAPSHOT.jar:/home/runner/.m2/repository/com/google/guava/guava/32.0.0-jre/guava-32.0.0-jre.jar:/home/runner/.m2/repository/com/google/guava/failureaccess/1.0.1/failureaccess-1.0.1.jar:/home/runner/.m2/repository/com/google/guava/listenablefuture/9999.0-empty-to-avoid-conflict-with-guava/listenablefuture-9999.0-empty-to-avoid-conflict-with-guava.jar:/home/runner/.m2/repository/com/google/code/findbugs/jsr305/3.0.0/jsr305-3.0.0.jar:/home/runner/.m2/repository/org/checkerframework/checker-qual/3.33.0/checker-qual-3.33.0.jar:/home/runner/.m2/repository/com/google/j2objc/j2objc-annotations/2.8/j2objc-annotations-2.8.jar:/home/runner/.m2/repository/commons-io/commons-io/2.11.0/commons-io-2.11.0.jar:/home/runner/.m2/repository/commons-logging/commons-logging/1.2/commons-logging-1.2.jar:/home/runner/.m2/repository/ch/qos/reload4j/reload4j/1.2.22/reload4j-1.2.22.jar:/home/runner/.m2/repository/org/slf4j/slf4j-api/1.7.36/slf4j-api-1.7.36.jar:/home/runner/.m2/repository/org/apache/logging/log4j/log4j-api/2.17.1/log4j-api-2.17.1.jar:/home/runner/.m2/repository/org/apache/ozone/hdds-server-scm/1.4.0-SNAPSHOT/hdds-server-scm-1.4.0-SNAPSHOT.jar:/home/runner/.m2/repository/org/apache/ozone/hdds-container-service/1.4.0-SNAPSHOT/hdds-container-service-1.4.0-SNAPSHOT.jar:/home/runner/.m2/repository/org/apache/ozone/hdds-hadoop-dependency-server/1.4.0-SNAPSHOT/hdds-hadoop-dependency-server-1.4.0-SNAPSHOT.jar:/home/runner/.m2/repository/org/apache/hadoop/hadoop-hdfs/3.3.6/hadoop-hdfs-3.3.6.jar:/home/runner/.m2/repository/commons-daemon/commons-daemon/1.0.13/commons-daemon-1.0.13.jar:/home/runner/.m2/repository/org/apache/ozone/hdds-server-framework/1.4.0-SNAPSHOT/hdds-server-framework-1.4.0-SNAPSHOT.jar:/home/runner/.m2/repository/io/dropwizard/metrics/metrics-core/3.2.4/metrics-core-3.2.4.jar:/home/runner/.m2/repository/org/apache/commons/commons-text/1.10.0/commons-text-1.10.0.jar:/home/runner/.m2/repository/org/bouncycastle/bcprov-jdk15on/1.67/bcprov-jdk15on-1.67.jar:/home/runner/.m2/repository/com/google/protobuf/protobuf-java/2.5.0/protobuf-java-2.5.0.jar:/home/runner/.m2/repository/org/apache/ozone/hdds-server-framework/1.4.0-SNAPSHOT/hdds-server-framework-1.4.0-SNAPSHOT-tests.jar:/home/runner/.m2/repository/org/apache/ozone/hdds-interface-server/1.4.0-SNAPSHOT/hdds-interface-server-1.4.0-SNAPSHOT.jar:/home/runner/.m2/repository/org/apache/ozone/hdds-interface-admin/1.4.0-SNAPSHOT/hdds-interface-admin-1.4.0-SNAPSHOT.jar:/home/runner/.m2/repository/org/apache/ozone/hdds-managed-rocksdb/1.4.0-SNAPSHOT/hdds-managed-rocksdb-1.4.0-SNAPSHOT.jar:/home/runner/.m2/repository/org/rocksdb/rocksdbjni/7.7.3/rocksdbjni-7.7.3.jar:/home/runner/.m2/repository/org/slf4j/slf4j-reload4j/1.7.36/slf4j-reload4j-1.7.36.jar:/home/runner/.m2/repository/org/apache/commons/commons-configuration2/2.1.1/commons-configuration2-2.1.1.jar:/home/runner/.m2/repository/commons-fileupload/commons-fileupload/1.5/commons-fileupload-1.5.jar:/home/runner/.m2/repository/org/apache/logging/log4j/log4j-core/2.17.1/log4j-core-2.17.1.jar:/home/runner/.m2/repository/com/lmax/disruptor/3.4.2/disruptor-3.4.2.jar:/home/runner/.m2/repository/org/eclipse/jetty/jetty-util/9.4.53.v20231009/jetty-util-9.4.53.v20231009.jar:/home/runner/.m2/repository/org/eclipse/jetty/jetty-server/9.4.53.v20231009/jetty-server-9.4.53.v20231009.jar:/home/runner/.m2/repository/org/eclipse/jetty/jetty-http/9.4.53.v20231009/jetty-http-9.4.53.v20231009.jar:/home/runner/.m2/repository/org/eclipse/jetty/jetty-io/9.4.53.v20231009/jetty-io-9.4.53.v20231009.jar:/home/runner/.m2/repository/org/eclipse/jetty/jetty-servlet/9.4.53.v20231009/jetty-servlet-9.4.53.v20231009.jar:/home/runner/.m2/repository/org/eclipse/jetty/jetty-security/9.4.53.v20231009/jetty-security-9.4.53.v20231009.jar:/home/runner/.m2/repository/org/eclipse/jetty/jetty-util-ajax/9.4.53.v20231009/jetty-util-ajax-9.4.53.v20231009.jar:/home/runner/.m2/repository/org/eclipse/jetty/jetty-webapp/9.4.53.v20231009/jetty-webapp-9.4.53.v20231009.jar:/home/runner/.m2/repository/org/eclipse/jetty/jetty-xml/9.4.53.v20231009/jetty-xml-9.4.53.v20231009.jar:/home/runner/.m2/repository/org/apache/ratis/ratis-server/2.5.1/ratis-server-2.5.1.jar:/home/runner/.m2/repository/org/apache/ratis/ratis-thirdparty-misc/1.0.4/ratis-thirdparty-misc-1.0.4.jar:/home/runner/.m2/repository/org/apache/ratis/ratis-proto/2.5.1/ratis-proto-2.5.1.jar:/home/runner/.m2/repository/org/apache/ratis/ratis-common/2.5.1/ratis-common-2.5.1.jar:/home/runner/.m2/repository/org/apache/ratis/ratis-client/2.5.1/ratis-client-2.5.1.jar:/home/runner/.m2/repository/org/apache/ratis/ratis-server-api/2.5.1/ratis-server-api-2.5.1.jar:/home/runner/.m2/repository/org/apache/ratis/ratis-metrics/2.5.1/ratis-metrics-2.5.1.jar:/home/runner/.m2/repository/io/prometheus/simpleclient_dropwizard/0.7.0/simpleclient_dropwizard-0.7.0.jar:/home/runner/.m2/repository/io/prometheus/simpleclient/0.7.0/simpleclient-0.7.0.jar:/home/runner/.m2/repository/io/prometheus/simpleclient_common/0.7.0/simpleclient_common-0.7.0.jar:/home/runner/.m2/repository/com/fasterxml/jackson/datatype/jackson-datatype-jsr310/2.13.4/jackson-datatype-jsr310-2.13.4.jar:/home/runner/.m2/repository/com/fasterxml/jackson/core/jackson-core/2.13.4/jackson-core-2.13.4.jar:/home/runner/.m2/repository/com/github/spotbugs/spotbugs-annotations/3.1.12/spotbugs-annotations-3.1.12.jar:/home/runner/.m2/repository/org/apache/ozone/rocksdb-checkpoint-differ/1.4.0-SNAPSHOT/rocksdb-checkpoint-differ-1.4.0-SNAPSHOT.jar:/home/runner/.m2/repository/org/jgrapht/jgrapht-core/1.0.1/jgrapht-core-1.0.1.jar:/home/runner/.m2/repository/org/jgrapht/jgrapht-ext/1.0.1/jgrapht-ext-1.0.1.jar:/home/runner/.m2/repository/org/tinyjee/jgraphx/jgraphx/2.0.0.1/jgraphx-2.0.0.1.jar:/home/runner/.m2/repository/jgraph/jgraph/5.13.0.0/jgraph-5.13.0.0.jar:/home/runner/.m2/repository/org/antlr/antlr4-runtime/4.5.3/antlr4-runtime-4.5.3.jar:/home/runner/.m2/repository/org/awaitility/awaitility/4.2.0/awaitility-4.2.0.jar:/home/runner/.m2/repository/org/hamcrest/hamcrest/2.1/hamcrest-2.1.jar:/home/runner/.m2/repository/org/apache/ozone/ozone-manager/1.4.0-SNAPSHOT/ozone-manager-1.4.0-SNAPSHOT.jar:/home/runner/.m2/repository/org/aspectj/aspectjrt/1.9.7/aspectjrt-1.9.7.jar:/home/runner/.m2/repository/org/aspectj/aspectjweaver/1.9.7/aspectjweaver-1.9.7.jar:/home/runner/.m2/repository/org/apache/ozone/hdds-interface-client/1.4.0-SNAPSHOT/hdds-interface-client-1.4.0-SNAPSHOT.jar:/home/runner/.m2/repository/org/apache/hadoop/thirdparty/hadoop-shaded-protobuf_3_7/1.1.1/hadoop-shaded-protobuf_3_7-1.1.1.jar:/home/runner/.m2/repository/org/apache/ozone/ozone-interface-storage/1.4.0-SNAPSHOT/ozone-interface-storage-1.4.0-SNAPSHOT.jar:/home/runner/.m2/repository/org/reflections/reflections/0.9.11/reflections-0.9.11.jar:/home/runner/.m2/repository/com/sun/jersey/jersey-client/1.19.4/jersey-client-1.19.4.jar:/home/runner/.m2/repository/org/codehaus/jackson/jackson-core-asl/1.9.13/jackson-core-asl-1.9.13.jar:/home/runner/.m2/repository/org/codehaus/jackson/jackson-mapper-asl/1.9.13/jackson-mapper-asl-1.9.13.jar:/home/runner/.m2/repository/org/codehaus/jackson/jackson-jaxrs/1.9.13/jackson-jaxrs-1.9.13.jar:/home/runner/.m2/repository/org/apache/ranger/ranger-intg/2.3.0/ranger-intg-2.3.0.jar:/home/runner/.m2/repository/org/apache/ranger/ranger-plugins-common/2.3.0/ranger-plugins-common-2.3.0.jar:/home/runner/.m2/repository/commons-lang/commons-lang/2.6/commons-lang-2.6.jar:/home/runner/.m2/repository/org/apache/ranger/ranger-plugins-cred/2.3.0/ranger-plugins-cred-2.3.0.jar:/home/runner/.m2/repository/org/apache/ranger/ranger-plugins-audit/2.3.0/ranger-plugins-audit-2.3.0.jar:/home/runner/.m2/repository/org/eclipse/jetty/jetty-client/9.4.53.v20231009/jetty-client-9.4.53.v20231009.jar:/home/runner/.m2/repository/org/apache/httpcomponents/httpmime/4.5.6/httpmime-4.5.6.jar:/home/runner/.m2/repository/org/apache/httpcomponents/httpcore-nio/4.4.13/httpcore-nio-4.4.13.jar:/home/runner/.m2/repository/org/apache/httpcomponents/httpasyncclient/4.1.3/httpasyncclient-4.1.3.jar:/home/runner/.m2/repository/com/carrotsearch/hppc/0.8.0/hppc-0.8.0.jar:/home/runner/.m2/repository/org/apache/orc/orc-core/1.5.8/orc-core-1.5.8.jar:/home/runner/.m2/repository/net/java/dev/jna/jna/5.2.0/jna-5.2.0.jar:/home/runner/.m2/repository/net/java/dev/jna/jna-platform/5.2.0/jna-platform-5.2.0.jar:/home/runner/.m2/repository/com/kstruct/gethostname4j/0.0.2/gethostname4j-0.0.2.jar:/home/runner/.m2/repository/org/apache/ranger/ranger-plugin-classloader/2.3.0/ranger-plugin-classloader-2.3.0.jar:/home/runner/.m2/repository/org/apache/ozone/hdds-rocks-native/1.4.0-SNAPSHOT/hdds-rocks-native-1.4.0-SNAPSHOT.jar:/home/runner/.m2/repository/org/apache/hadoop/hadoop-minikdc/3.3.6/hadoop-minikdc-3.3.6.jar:/home/runner/.m2/repository/org/apache/kerby/kerb-simplekdc/1.0.1/kerb-simplekdc-1.0.1.jar:/home/runner/.m2/repository/org/apache/kerby/kerb-client/1.0.1/kerb-client-1.0.1.jar:/home/runner/.m2/repository/org/apache/kerby/kerby-config/1.0.1/kerby-config-1.0.1.jar:/home/runner/.m2/repository/org/apache/kerby/kerb-common/1.0.1/kerb-common-1.0.1.jar:/home/runner/.m2/repository/org/apache/kerby/kerb-crypto/1.0.1/kerb-crypto-1.0.1.jar:/home/runner/.m2/repository/org/apache/kerby/kerb-util/1.0.1/kerb-util-1.0.1.jar:/home/runner/.m2/repository/org/apache/kerby/token-provider/1.0.1/token-provider-1.0.1.jar:/home/runner/.m2/repository/org/apache/kerby/kerb-admin/1.0.1/kerb-admin-1.0.1.jar:/home/runner/.m2/repository/org/apache/kerby/kerb-server/1.0.1/kerb-server-1.0.1.jar:/home/runner/.m2/repository/org/apache/kerby/kerb-identity/1.0.1/kerb-identity-1.0.1.jar:/home/runner/.m2/repository/org/apache/kerby/kerby-xdr/1.0.1/kerby-xdr-1.0.1.jar:/home/runner/.m2/repository/org/apache/ozone/ozone-s3gateway/1.4.0-SNAPSHOT/ozone-s3gateway-1.4.0-SNAPSHOT.jar:/home/runner/.m2/repository/org/javassist/javassist/3.21.0-GA/javassist-3.21.0-GA.jar:/home/runner/.m2/repository/org/jboss/weld/servlet/weld-servlet-shaded/3.1.9.Final/weld-servlet-shaded-3.1.9.Final.jar:/home/runner/.m2/repository/org/glassfish/jersey/containers/jersey-container-servlet-core/2.34/jersey-container-servlet-core-2.34.jar:/home/runner/.m2/repository/org/glassfish/hk2/external/jakarta.inject/2.6.1/jakarta.inject-2.6.1.jar:/home/runner/.m2/repository/org/glassfish/jersey/core/jersey-common/2.34/jersey-common-2.34.jar:/home/runner/.m2/repository/jakarta/ws/rs/jakarta.ws.rs-api/2.1.6/jakarta.ws.rs-api-2.1.6.jar:/home/runner/.m2/repository/org/glassfish/jersey/ext/cdi/jersey-cdi1x/2.34/jersey-cdi1x-2.34.jar:/home/runner/.m2/repository/org/glassfish/jersey/inject/jersey-hk2/2.34/jersey-hk2-2.34.jar:/home/runner/.m2/repository/org/glassfish/hk2/hk2-locator/2.6.1/hk2-locator-2.6.1.jar:/home/runner/.m2/repository/org/glassfish/jersey/media/jersey-media-jaxb/2.34/jersey-media-jaxb-2.34.jar:/home/runner/.m2/repository/org/glassfish/hk2/osgi-resource-locator/1.0.3/osgi-resource-locator-1.0.3.jar:/home/runner/.m2/repository/org/glassfish/hk2/hk2-api/2.5.0/hk2-api-2.5.0.jar:/home/runner/.m2/repository/org/glassfish/hk2/hk2-utils/2.5.0/hk2-utils-2.5.0.jar:/home/runner/.m2/repository/org/glassfish/hk2/external/aopalliance-repackaged/2.5.0/aopalliance-repackaged-2.5.0.jar:/home/runner/.m2/repository/com/fasterxml/jackson/dataformat/jackson-dataformat-xml/2.13.4/jackson-dataformat-xml-2.13.4.jar:/home/runner/.m2/repository/org/codehaus/woodstox/stax2-api/4.2.1/stax2-api-4.2.1.jar:/home/runner/.m2/repository/com/fasterxml/woodstox/woodstox-core/5.4.0/woodstox-core-5.4.0.jar:/home/runner/.m2/repository/com/fasterxml/jackson/module/jackson-module-jaxb-annotations/2.13.4/jackson-module-jaxb-annotations-2.13.4.jar:/home/runner/.m2/repository/jakarta/xml/bind/jakarta.xml.bind-api/2.3.3/jakarta.xml.bind-api-2.3.3.jar:/home/runner/.m2/repository/jakarta/activation/jakarta.activation-api/1.2.2/jakarta.activation-api-1.2.2.jar:/home/runner/.m2/repository/javax/enterprise/cdi-api/2.0/cdi-api-2.0.jar:/home/runner/.m2/repository/javax/el/javax.el-api/3.0.0/javax.el-api-3.0.0.jar:/home/runner/.m2/repository/javax/interceptor/javax.interceptor-api/1.2/javax.interceptor-api-1.2.jar:/home/runner/.m2/repository/javax/inject/javax.inject/1/javax.inject-1.jar:/home/runner/.m2/repository/javax/xml/bind/jaxb-api/2.3.0/jaxb-api-2.3.0.jar:/home/runner/.m2/repository/org/glassfish/jaxb/jaxb-runtime/2.3.0.1/jaxb-runtime-2.3.0.1.jar:/home/runner/.m2/repository/org/glassfish/jaxb/jaxb-core/2.3.0.1/jaxb-core-2.3.0.1.jar:/home/runner/.m2/repository/org/glassfish/jaxb/txw2/2.3.0.1/txw2-2.3.0.1.jar:/home/runner/.m2/repository/com/sun/istack/istack-commons-runtime/3.0.5/istack-commons-runtime-3.0.5.jar:/home/runner/.m2/repository/org/jvnet/staxex/stax-ex/1.7.8/stax-ex-1.7.8.jar:/home/runner/.m2/repository/com/sun/xml/fastinfoset/FastInfoset/1.2.13/FastInfoset-1.2.13.jar:/home/runner/.m2/repository/javax/activation/activation/1.1.1/activation-1.1.1.jar:/home/runner/.m2/repository/io/grpc/grpc-protobuf/1.51.1/grpc-protobuf-1.51.1.jar:/home/runner/.m2/repository/com/google/api/grpc/proto-google-common-protos/2.9.0/proto-google-common-protos-2.9.0.jar:/home/runner/.m2/repository/io/grpc/grpc-protobuf-lite/1.51.1/grpc-protobuf-lite-1.51.1.jar:/home/runner/.m2/repository/io/grpc/grpc-stub/1.51.1/grpc-stub-1.51.1.jar:/home/runner/.m2/repository/io/netty/netty-transport/4.1.100.Final/netty-transport-4.1.100.Final.jar:/home/runner/.m2/repository/io/netty/netty-resolver/4.1.100.Final/netty-resolver-4.1.100.Final.jar:/home/runner/.m2/repository/org/apache/ozone/ozone-csi/1.4.0-SNAPSHOT/ozone-csi-1.4.0-SNAPSHOT.jar:/home/runner/.m2/repository/com/google/protobuf/protobuf-java-util/3.19.6/protobuf-java-util-3.19.6.jar:/home/runner/.m2/repository/com/google/code/gson/gson/2.9.0/gson-2.9.0.jar:/home/runner/.m2/repository/org/apache/ozone/hdds-config/1.4.0-SNAPSHOT/hdds-config-1.4.0-SNAPSHOT.jar:/home/runner/.m2/repository/io/netty/netty-transport-native-epoll/4.1.100.Final/netty-transport-native-epoll-4.1.100.Final-linux-x86_64.jar:/home/runner/.m2/repository/io/netty/netty-transport-classes-epoll/4.1.100.Final/netty-transport-classes-epoll-4.1.100.Final.jar:/home/runner/.m2/repository/io/netty/netty-transport-native-unix-common/4.1.100.Final/netty-transport-native-unix-common-4.1.100.Final.jar:/home/runner/.m2/repository/org/apache/ozone/ozone-recon/1.4.0-SNAPSHOT/ozone-recon-1.4.0-SNAPSHOT.jar:/home/runner/.m2/repository/org/apache/ozone/ozone-reconcodegen/1.4.0-SNAPSHOT/ozone-reconcodegen-1.4.0-SNAPSHOT.jar:/home/runner/.m2/repository/com/google/inject/guice/5.1.0/guice-5.1.0.jar:/home/runner/.m2/repository/aopalliance/aopalliance/1.0/aopalliance-1.0.jar:/home/runner/.m2/repository/com/google/inject/extensions/guice-assistedinject/5.1.0/guice-assistedinject-5.1.0.jar:/home/runner/.m2/repository/com/google/inject/extensions/guice-servlet/5.1.0/guice-servlet-5.1.0.jar:/home/runner/.m2/repository/org/glassfish/jersey/containers/jersey-container-servlet/2.34/jersey-container-servlet-2.34.jar:/home/runner/.m2/repository/org/glassfish/hk2/guice-bridge/2.5.0/guice-bridge-2.5.0.jar:/home/runner/.m2/repository/org/glassfish/jersey/core/jersey-server/2.34/jersey-server-2.34.jar:/home/runner/.m2/repository/org/glassfish/jersey/core/jersey-client/2.34/jersey-client-2.34.jar:/home/runner/.m2/repository/jakarta/annotation/jakarta.annotation-api/1.3.5/jakarta.annotation-api-1.3.5.jar:/home/runner/.m2/repository/jakarta/validation/jakarta.validation-api/2.0.2/jakarta.validation-api-2.0.2.jar:/home/runner/.m2/repository/org/glassfish/jersey/media/jersey-media-json-jackson/2.34/jersey-media-json-jackson-2.34.jar:/home/runner/.m2/repository/org/glassfish/jersey/ext/jersey-entity-filtering/2.34/jersey-entity-filtering-2.34.jar:/home/runner/.m2/repository/org/jooq/jooq/3.11.10/jooq-3.11.10.jar:/home/runner/.m2/repository/org/jooq/jooq-meta/3.11.10/jooq-meta-3.11.10.jar:/home/runner/.m2/repository/org/jooq/jooq-codegen/3.11.10/jooq-codegen-3.11.10.jar:/home/runner/.m2/repository/com/jolbox/bonecp/0.8.0.RELEASE/bonecp-0.8.0.RELEASE.jar:/home/runner/.m2/repository/org/apache/derby/derby/10.14.2.0/derby-10.14.2.0.jar:/home/runner/.m2/repository/org/xerial/sqlite-jdbc/3.41.2.2/sqlite-jdbc-3.41.2.2.jar:/home/runner/.m2/repository/org/springframework/spring-jdbc/5.3.27/spring-jdbc-5.3.27.jar:/home/runner/.m2/repository/org/springframework/spring-beans/5.3.27/spring-beans-5.3.27.jar:/home/runner/.m2/repository/org/springframework/spring-core/5.3.27/spring-core-5.3.27.jar:/home/runner/.m2/repository/org/springframework/spring-tx/5.3.27/spring-tx-5.3.27.jar:/home/runner/.m2/repository/org/apache/ozone/ozone-client/1.4.0-SNAPSHOT/ozone-client-1.4.0-SNAPSHOT.jar:/home/runner/.m2/repository/org/apache/ozone/hdds-erasurecode/1.4.0-SNAPSHOT/hdds-erasurecode-1.4.0-SNAPSHOT.jar:/home/runner/.m2/repository/org/apache/ozone/ozone-filesystem/1.4.0-SNAPSHOT/ozone-filesystem-1.4.0-SNAPSHOT.jar:/home/runner/.m2/repository/org/apache/ozone/ozone-filesystem-common/1.4.0-SNAPSHOT/ozone-filesystem-common-1.4.0-SNAPSHOT.jar:/home/runner/.m2/repository/org/apache/ozone/ozone-tools/1.4.0-SNAPSHOT/ozone-tools-1.4.0-SNAPSHOT.jar:/home/runner/.m2/repository/com/amazonaws/aws-java-sdk-core/1.12.261/aws-java-sdk-core-1.12.261.jar:/home/runner/.m2/repository/org/apache/httpcomponents/httpclient/4.5.13/httpclient-4.5.13.jar:/home/runner/.m2/repository/org/apache/httpcomponents/httpcore/4.4.13/httpcore-4.4.13.jar:/home/runner/.m2/repository/software/amazon/ion/ion-java/1.0.2/ion-java-1.0.2.jar:/home/runner/.m2/repository/com/fasterxml/jackson/dataformat/jackson-dataformat-cbor/2.13.4/jackson-dataformat-cbor-2.13.4.jar:/home/runner/.m2/repository/joda-time/joda-time/2.12.5/joda-time-2.12.5.jar:/home/runner/.m2/repository/com/amazonaws/aws-java-sdk-s3/1.12.261/aws-java-sdk-s3-1.12.261.jar:/home/runner/.m2/repository/com/amazonaws/aws-java-sdk-kms/1.12.261/aws-java-sdk-kms-1.12.261.jar:/home/runner/.m2/repository/com/amazonaws/jmespath-java/1.12.261/jmespath-java-1.12.261.jar:/home/runner/.m2/repository/org/kohsuke/metainf-services/metainf-services/1.8/metainf-services-1.8.jar:/home/runner/.m2/repository/org/apache/ozone/hdds-tools/1.4.0-SNAPSHOT/hdds-tools-1.4.0-SNAPSHOT.jar:/home/runner/.m2/repository/org/apache/ratis/ratis-tools/2.5.1/ratis-tools-2.5.1.jar:/home/runner/.m2/repository/commons-cli/commons-cli/1.2/commons-cli-1.2.jar:/home/runner/.m2/repository/org/apache/commons/commons-lang3/3.7/commons-lang3-3.7.jar:/home/runner/.m2/repository/org/apache/ozone/ozone-manager/1.4.0-SNAPSHOT/ozone-manager-1.4.0-SNAPSHOT-tests.jar:/home/runner/.m2/repository/org/apache/ozone/hdds-common/1.4.0-SNAPSHOT/hdds-common-1.4.0-SNAPSHOT-tests.jar:/home/runner/.m2/repository/org/apache/ozone/hdds-hadoop-dependency-client/1.4.0-SNAPSHOT/hdds-hadoop-dependency-client-1.4.0-SNAPSHOT.jar:/home/runner/.m2/repository/info/picocli/picocli/4.7.5/picocli-4.7.5.jar:/home/runner/.m2/repository/com/fasterxml/jackson/core/jackson-annotations/2.13.4/jackson-annotations-2.13.4.jar:/home/runner/.m2/repository/org/apache/ozone/hdds-annotation-processing/1.4.0-SNAPSHOT/hdds-annotation-processing-1.4.0-SNAPSHOT.jar:/home/runner/.m2/repository/javax/annotation/javax.annotation-api/1.2/javax.annotation-api-1.2.jar:/home/runner/.m2/repository/org/apache/ratis/ratis-netty/2.5.1/ratis-netty-2.5.1.jar:/home/runner/.m2/repository/org/apache/ratis/ratis-grpc/2.5.1/ratis-grpc-2.5.1.jar:/home/runner/.m2/repository/org/apache/commons/commons-pool2/2.6.0/commons-pool2-2.6.0.jar:/home/runner/.m2/repository/org/bouncycastle/bcpkix-jdk15on/1.67/bcpkix-jdk15on-1.67.jar:/home/runner/.m2/repository/commons-validator/commons-validator/1.6/commons-validator-1.6.jar:/home/runner/.m2/repository/commons-beanutils/commons-beanutils/1.9.4/commons-beanutils-1.9.4.jar:/home/runner/.m2/repository/commons-digester/commons-digester/1.8.1/commons-digester-1.8.1.jar:/home/runner/.m2/repository/commons-collections/commons-collections/3.2.2/commons-collections-3.2.2.jar:/home/runner/.m2/repository/io/jaegertracing/jaeger-client/1.6.0/jaeger-client-1.6.0.jar:/home/runner/.m2/repository/io/jaegertracing/jaeger-thrift/1.6.0/jaeger-thrift-1.6.0.jar:/home/runner/.m2/repository/org/apache/thrift/libthrift/0.14.1/libthrift-0.14.1.jar:/home/runner/.m2/repository/io/jaegertracing/jaeger-core/1.6.0/jaeger-core-1.6.0.jar:/home/runner/.m2/repository/io/jaegertracing/jaeger-tracerresolver/1.6.0/jaeger-tracerresolver-1.6.0.jar:/home/runner/.m2/repository/io/opentracing/contrib/opentracing-tracerresolver/0.1.8/opentracing-tracerresolver-0.1.8.jar:/home/runner/.m2/repository/org/jetbrains/kotlin/kotlin-stdlib/1.6.21/kotlin-stdlib-1.6.21.jar:/home/runner/.m2/repository/org/jetbrains/annotations/13.0/annotations-13.0.jar:/home/runner/.m2/repository/io/opentracing/opentracing-util/0.33.0/opentracing-util-0.33.0.jar:/home/runner/.m2/repository/io/opentracing/opentracing-api/0.33.0/opentracing-api-0.33.0.jar:/home/runner/.m2/repository/io/opentracing/opentracing-noop/0.33.0/opentracing-noop-0.33.0.jar:/home/runner/.m2/repository/org/yaml/snakeyaml/2.0/snakeyaml-2.0.jar:/home/runner/.m2/repository/io/grpc/grpc-api/1.51.1/grpc-api-1.51.1.jar:/home/runner/.m2/repository/io/grpc/grpc-context/1.51.1/grpc-context-1.51.1.jar:/home/runner/.m2/repository/com/fasterxml/uuid/java-uuid-generator/4.3.0/java-uuid-generator-4.3.0.jar:/home/runner/.m2/repository/junit/junit/4.13.1/junit-4.13.1.jar:/home/runner/.m2/repository/org/hamcrest/hamcrest-core/1.3/hamcrest-core-1.3.jar:/home/runner/.m2/repository/org/junit/jupiter/junit-jupiter-api/5.8.2/junit-jupiter-api-5.8.2.jar:/home/runner/.m2/repository/org/opentest4j/opentest4j/1.2.0/opentest4j-1.2.0.jar:/home/runner/.m2/repository/org/junit/platform/junit-platform-commons/1.8.2/junit-platform-commons-1.8.2.jar:/home/runner/.m2/repository/org/apiguardian/apiguardian-api/1.1.2/apiguardian-api-1.1.2.jar:/home/runner/.m2/repository/org/junit/jupiter/junit-jupiter-params/5.8.2/junit-jupiter-params-5.8.2.jar:/home/runner/.m2/repository/org/junit/jupiter/junit-jupiter-migrationsupport/5.8.2/junit-jupiter-migrationsupport-5.8.2.jar:/home/runner/.m2/repository/org/junit/jupiter/junit-jupiter-engine/5.8.2/junit-jupiter-engine-5.8.2.jar:/home/runner/.m2/repository/org/junit/platform/junit-platform-engine/1.8.2/junit-platform-engine-1.8.2.jar:/home/runner/.m2/repository/org/junit/vintage/junit-vintage-engine/5.8.2/junit-vintage-engine-5.8.2.jar:/home/runner/.m2/repository/org/junit/platform/junit-platform-launcher/1.8.2/junit-platform-launcher-1.8.2.jar:/home/runner/.m2/repository/org/mockito/mockito-core/3.5.9/mockito-core-3.5.9.jar:/home/runner/.m2/repository/net/bytebuddy/byte-buddy/1.10.13/byte-buddy-1.10.13.jar:/home/runner/.m2/repository/net/bytebuddy/byte-buddy-agent/1.10.13/byte-buddy-agent-1.10.13.jar:/home/runner/.m2/repository/org/objenesis/objenesis/1.0/objenesis-1.0.jar:/home/runner/.m2/repository/org/apache/hadoop/hadoop-kms/3.3.6/hadoop-kms-3.3.6.jar:/home/runner/.m2/repository/org/apache/hadoop/hadoop-auth/3.3.6/hadoop-auth-3.3.6.jar:/home/runner/.m2/repository/com/nimbusds/nimbus-jose-jwt/9.8.1/nimbus-jose-jwt-9.8.1.jar:/home/runner/.m2/repository/com/github/stephenc/jcip/jcip-annotations/1.0-1/jcip-annotations-1.0-1.jar:/home/runner/.m2/repository/org/apache/zookeeper/zookeeper/3.7.2/zookeeper-3.7.2.jar:/home/runner/.m2/repository/org/apache/zookeeper/zookeeper-jute/3.7.2/zookeeper-jute-3.7.2.jar:/home/runner/.m2/repository/org/apache/yetus/audience-annotations/0.12.0/audience-annotations-0.12.0.jar:/home/runner/.m2/repository/org/apache/curator/curator-framework/4.2.0/curator-framework-4.2.0.jar:/home/runner/.m2/repository/org/apache/hadoop/thirdparty/hadoop-shaded-guava/1.1.1/hadoop-shaded-guava-1.1.1.jar:/home/runner/.m2/repository/com/sun/jersey/jersey-core/1.19.4/jersey-core-1.19.4.jar:/home/runner/.m2/repository/javax/ws/rs/jsr311-api/1.1.1/jsr311-api-1.1.1.jar:/home/runner/.m2/repository/com/sun/jersey/jersey-server/1.19.4/jersey-server-1.19.4.jar:/home/runner/.m2/repository/javax/servlet/javax.servlet-api/3.1.0/javax.servlet-api-3.1.0.jar:/home/runner/.m2/repository/org/apache/hadoop/hadoop-common/3.3.6/hadoop-common-3.3.6.jar:/home/runner/.m2/repository/org/apache/commons/commons-math3/3.1.1/commons-math3-3.1.1.jar:/home/runner/.m2/repository/commons-net/commons-net/3.9.0/commons-net-3.9.0.jar:/home/runner/.m2/repository/com/sun/jersey/jersey-servlet/1.19.4/jersey-servlet-1.19.4.jar:/home/runner/.m2/repository/com/github/pjfanning/jersey-json/1.20/jersey-json-1.20.jar:/home/runner/.m2/repository/org/codehaus/jettison/jettison/1.1/jettison-1.1.jar:/home/runner/.m2/repository/com/sun/xml/bind/jaxb-impl/2.2.3-1/jaxb-impl-2.2.3-1.jar:/home/runner/.m2/repository/com/google/re2j/re2j/1.1/re2j-1.1.jar:/home/runner/.m2/repository/com/jcraft/jsch/0.1.54/jsch-0.1.54.jar:/home/runner/.m2/repository/org/apache/curator/curator-client/4.2.0/curator-client-4.2.0.jar:/home/runner/.m2/repository/org/apache/curator/curator-recipes/5.2.0/curator-recipes-5.2.0.jar:/home/runner/.m2/repository/org/apache/kerby/kerb-core/1.0.1/kerb-core-1.0.1.jar:/home/runner/.m2/repository/org/apache/kerby/kerby-pkix/1.0.1/kerby-pkix-1.0.1.jar:/home/runner/.m2/repository/org/apache/kerby/kerby-asn1/1.0.1/kerby-asn1-1.0.1.jar:/home/runner/.m2/repository/org/apache/kerby/kerby-util/1.0.1/kerby-util-1.0.1.jar:/home/runner/.m2/repository/dnsjava/dnsjava/2.1.7/dnsjava-2.1.7.jar:/home/runner/.m2/repository/org/xerial/snappy/snappy-java/1.1.8.2/snappy-java-1.1.8.2.jar:/home/runner/.m2/repository/com/fasterxml/jackson/core/jackson-databind/2.13.4.2/jackson-databind-2.13.4.2.jar:/home/runner/.m2/repository/org/apache/hadoop/hadoop-kms/3.3.6/hadoop-kms-3.3.6-tests.jar:/home/runner/.m2/repository/org/apache/ozone/hdds-server-scm/1.4.0-SNAPSHOT/hdds-server-scm-1.4.0-SNAPSHOT-tests.jar:/home/runner/.m2/repository/org/apache/ozone/hdds-container-service/1.4.0-SNAPSHOT/hdds-container-service-1.4.0-SNAPSHOT-tests.jar:/home/runner/.m2/repository/com/github/luben/zstd-jni/1.5.2-5/zstd-jni-1.5.2-5.jar:/home/runner/.m2/repository/commons-codec/commons-codec/1.15/commons-codec-1.15.jar:/home/runner/.m2/repository/io/netty/netty-codec/4.1.100.Final/netty-codec-4.1.100.Final.jar:/home/runner/.m2/repository/io/netty/netty-handler/4.1.100.Final/netty-handler-4.1.100.Final.jar:/home/runner/.m2/repository/org/apache/ozone/hdds-hadoop-dependency-test/1.4.0-SNAPSHOT/hdds-hadoop-dependency-test-1.4.0-SNAPSHOT.jar:/home/runner/.m2/repository/org/apache/hadoop/hadoop-common/3.3.6/hadoop-common-3.3.6-tests.jar:/home/runner/.m2/repository/org/apache/hadoop/hadoop-hdfs/3.3.6/hadoop-hdfs-3.3.6-tests.jar:/home/runner/.m2/repository/org/assertj/assertj-core/3.12.2/assertj-core-3.12.2.jar:/home/runner/.m2/repository/org/apache/hadoop/hadoop-distcp/3.3.6/hadoop-distcp-3.3.6.jar:/home/runner/.m2/repository/org/apache/hadoop/hadoop-mapreduce-client-jobclient/3.3.6/hadoop-mapreduce-client-jobclient-3.3.6.jar:/home/runner/.m2/repository/org/apache/hadoop/hadoop-mapreduce-client-common/3.3.6/hadoop-mapreduce-client-common-3.3.6.jar:/home/runner/.m2/repository/org/apache/hadoop/hadoop-yarn-common/3.3.6/hadoop-yarn-common-3.3.6.jar:/home/runner/.m2/repository/org/apache/hadoop/hadoop-yarn-api/3.3.6/hadoop-yarn-api-3.3.6.jar:/home/runner/.m2/repository/com/sun/jersey/contribs/jersey-guice/1.19.4/jersey-guice-1.19.4.jar:/home/runner/.m2/repository/com/fasterxml/jackson/jaxrs/jackson-jaxrs-json-provider/2.13.4/jackson-jaxrs-json-provider-2.13.4.jar:/home/runner/.m2/repository/com/fasterxml/jackson/jaxrs/jackson-jaxrs-base/2.13.4/jackson-jaxrs-base-2.13.4.jar:/home/runner/.m2/repository/org/apache/hadoop/hadoop-yarn-client/3.3.6/hadoop-yarn-client-3.3.6.jar:/home/runner/.m2/repository/org/eclipse/jetty/websocket/websocket-client/9.4.51.v20230217/websocket-client-9.4.51.v20230217.jar:/home/runner/.m2/repository/org/eclipse/jetty/websocket/websocket-common/9.4.51.v20230217/websocket-common-9.4.51.v20230217.jar:/home/runner/.m2/repository/org/eclipse/jetty/websocket/websocket-api/9.4.51.v20230217/websocket-api-9.4.51.v20230217.jar:/home/runner/.m2/repository/org/jline/jline/3.9.0/jline-3.9.0.jar:/home/runner/.m2/repository/org/apache/hadoop/hadoop-mapreduce-client-core/3.3.6/hadoop-mapreduce-client-core-3.3.6.jar:/home/runner/.m2/repository/org/apache/avro/avro/1.7.7/avro-1.7.7.jar:/home/runner/.m2/repository/com/thoughtworks/paranamer/paranamer/2.3/paranamer-2.3.jar:/home/runner/.m2/repository/org/apache/hadoop/hadoop-annotations/3.3.6/hadoop-annotations-3.3.6.jar:/usr/lib/jvm/temurin-8-jdk-amd64/jre/../lib/tools.jar:/home/runner/.m2/repository/io/netty/netty/3.10.6.Final/netty-3.10.6.Final.jar:/home/runner/.m2/repository/org/apache/hadoop/hadoop-distcp/3.3.6/hadoop-distcp-3.3.6-tests.jar:/home/runner/.m2/repository/org/slf4j/jul-to-slf4j/1.7.36/jul-to-slf4j-1.7.36.jar:/home/runner/work/ozone/ozone/hadoop-ozone/integration-test/target/gradle-enterprise/test-listeners.jar:"/>
    <property name="java.vm.vendor" value="Temurin"/>
    <property name="sun.arch.data.model" value="64"/>
    <property name="test.build.dir" value="/home/runner/work/ozone/ozone/hadoop-ozone/integration-test/target/test-dir"/>
    <property name="test.cache.data" value=""/>
    <property name="java.vendor.url" value="https://adoptium.net/"/>
    <property name="user.timezone" value="Etc/UTC"/>
    <property name="os.name" value="Linux"/>
    <property name="java.vm.specification.version" value="1.8"/>
    <property name="test.build.data" value="/home/runner/work/ozone/ozone/hadoop-ozone/integration-test/target/test-dir"/>
    <property name="sun.java.launcher" value="SUN_STANDARD"/>
    <property name="sun.boot.library.path" value="/usr/lib/jvm/temurin-8-jdk-amd64/jre/lib/amd64"/>
    <property name="sun.java.command" value="/home/runner/work/ozone/ozone/hadoop-ozone/integration-test/target/surefire/surefirebooter7121516770483064678.jar /home/runner/work/ozone/ozone/hadoop-ozone/integration-test/target/surefire 2023-11-15T04-43-27_552-jvmRun1 surefire6764664399745194137tmp surefire_15520832981933502190tmp"/>
    <property name="native.lib.tmp.dir" value="/tmp"/>
    <property name="surefire.test.class.path" value="/home/runner/work/ozone/ozone/hadoop-ozone/integration-test/target/test-classes:/home/runner/work/ozone/ozone/hadoop-ozone/integration-test/target/classes:/home/runner/.m2/repository/org/apache/ozone/ozone-common/1.4.0-SNAPSHOT/ozone-common-1.4.0-SNAPSHOT.jar:/home/runner/.m2/repository/io/grpc/grpc-netty/1.51.1/grpc-netty-1.51.1.jar:/home/runner/.m2/repository/io/grpc/grpc-core/1.51.1/grpc-core-1.51.1.jar:/home/runner/.m2/repository/com/google/android/annotations/4.1.1.4/annotations-4.1.1.4.jar:/home/runner/.m2/repository/org/codehaus/mojo/animal-sniffer-annotations/1.21/animal-sniffer-annotations-1.21.jar:/home/runner/.m2/repository/com/google/errorprone/error_prone_annotations/2.2.0/error_prone_annotations-2.2.0.jar:/home/runner/.m2/repository/io/perfmark/perfmark-api/0.25.0/perfmark-api-0.25.0.jar:/home/runner/.m2/repository/io/netty/netty-codec-http2/4.1.100.Final/netty-codec-http2-4.1.100.Final.jar:/home/runner/.m2/repository/io/netty/netty-common/4.1.100.Final/netty-common-4.1.100.Final.jar:/home/runner/.m2/repository/io/netty/netty-buffer/4.1.100.Final/netty-buffer-4.1.100.Final.jar:/home/runner/.m2/repository/io/netty/netty-codec-http/4.1.100.Final/netty-codec-http-4.1.100.Final.jar:/home/runner/.m2/repository/io/netty/netty-handler-proxy/4.1.100.Final/netty-handler-proxy-4.1.100.Final.jar:/home/runner/.m2/repository/io/netty/netty-codec-socks/4.1.100.Final/netty-codec-socks-4.1.100.Final.jar:/home/runner/.m2/repository/io/netty/netty-tcnative-boringssl-static/2.0.61.Final/netty-tcnative-boringssl-static-2.0.61.Final.jar:/home/runner/.m2/repository/io/netty/netty-tcnative-classes/2.0.61.Final/netty-tcnative-classes-2.0.61.Final.jar:/home/runner/.m2/repository/io/netty/netty-tcnative-boringssl-static/2.0.61.Final/netty-tcnative-boringssl-static-2.0.61.Final-linux-x86_64.jar:/home/runner/.m2/repository/io/netty/netty-tcnative-boringssl-static/2.0.61.Final/netty-tcnative-boringssl-static-2.0.61.Final-linux-aarch_64.jar:/home/runner/.m2/repository/io/netty/netty-tcnative-boringssl-static/2.0.61.Final/netty-tcnative-boringssl-static-2.0.61.Final-osx-x86_64.jar:/home/runner/.m2/repository/io/netty/netty-tcnative-boringssl-static/2.0.61.Final/netty-tcnative-boringssl-static-2.0.61.Final-osx-aarch_64.jar:/home/runner/.m2/repository/io/netty/netty-tcnative-boringssl-static/2.0.61.Final/netty-tcnative-boringssl-static-2.0.61.Final-windows-x86_64.jar:/home/runner/.m2/repository/org/apache/commons/commons-compress/1.21/commons-compress-1.21.jar:/home/runner/.m2/repository/org/apache/ozone/hdds-common/1.4.0-SNAPSHOT/hdds-common-1.4.0-SNAPSHOT.jar:/home/runner/.m2/repository/org/apache/ozone/hdds-client/1.4.0-SNAPSHOT/hdds-client-1.4.0-SNAPSHOT.jar:/home/runner/.m2/repository/org/apache/ozone/ozone-interface-client/1.4.0-SNAPSHOT/ozone-interface-client-1.4.0-SNAPSHOT.jar:/home/runner/.m2/repository/org/apache/hadoop/hadoop-hdfs-client/3.3.6/hadoop-hdfs-client-3.3.6.jar:/home/runner/.m2/repository/com/squareup/okhttp3/okhttp/4.9.3/okhttp-4.9.3.jar:/home/runner/.m2/repository/com/squareup/okio/okio/3.4.0/okio-3.4.0.jar:/home/runner/.m2/repository/com/squareup/okio/okio-jvm/3.4.0/okio-jvm-3.4.0.jar:/home/runner/.m2/repository/org/jetbrains/kotlin/kotlin-stdlib-jdk8/1.8.0/kotlin-stdlib-jdk8-1.8.0.jar:/home/runner/.m2/repository/org/jetbrains/kotlin/kotlin-stdlib-jdk7/1.8.0/kotlin-stdlib-jdk7-1.8.0.jar:/home/runner/.m2/repository/org/jetbrains/kotlin/kotlin-stdlib-common/1.6.21/kotlin-stdlib-common-1.6.21.jar:/home/runner/.m2/repository/org/apache/ozone/hdds-test-utils/1.4.0-SNAPSHOT/hdds-test-utils-1.4.0-SNAPSHOT.jar:/home/runner/.m2/repository/com/google/guava/guava/32.0.0-jre/guava-32.0.0-jre.jar:/home/runner/.m2/repository/com/google/guava/failureaccess/1.0.1/failureaccess-1.0.1.jar:/home/runner/.m2/repository/com/google/guava/listenablefuture/9999.0-empty-to-avoid-conflict-with-guava/listenablefuture-9999.0-empty-to-avoid-conflict-with-guava.jar:/home/runner/.m2/repository/com/google/code/findbugs/jsr305/3.0.0/jsr305-3.0.0.jar:/home/runner/.m2/repository/org/checkerframework/checker-qual/3.33.0/checker-qual-3.33.0.jar:/home/runner/.m2/repository/com/google/j2objc/j2objc-annotations/2.8/j2objc-annotations-2.8.jar:/home/runner/.m2/repository/commons-io/commons-io/2.11.0/commons-io-2.11.0.jar:/home/runner/.m2/repository/commons-logging/commons-logging/1.2/commons-logging-1.2.jar:/home/runner/.m2/repository/ch/qos/reload4j/reload4j/1.2.22/reload4j-1.2.22.jar:/home/runner/.m2/repository/org/slf4j/slf4j-api/1.7.36/slf4j-api-1.7.36.jar:/home/runner/.m2/repository/org/apache/logging/log4j/log4j-api/2.17.1/log4j-api-2.17.1.jar:/home/runner/.m2/repository/org/apache/ozone/hdds-server-scm/1.4.0-SNAPSHOT/hdds-server-scm-1.4.0-SNAPSHOT.jar:/home/runner/.m2/repository/org/apache/ozone/hdds-container-service/1.4.0-SNAPSHOT/hdds-container-service-1.4.0-SNAPSHOT.jar:/home/runner/.m2/repository/org/apache/ozone/hdds-hadoop-dependency-server/1.4.0-SNAPSHOT/hdds-hadoop-dependency-server-1.4.0-SNAPSHOT.jar:/home/runner/.m2/repository/org/apache/hadoop/hadoop-hdfs/3.3.6/hadoop-hdfs-3.3.6.jar:/home/runner/.m2/repository/commons-daemon/commons-daemon/1.0.13/commons-daemon-1.0.13.jar:/home/runner/.m2/repository/org/apache/ozone/hdds-server-framework/1.4.0-SNAPSHOT/hdds-server-framework-1.4.0-SNAPSHOT.jar:/home/runner/.m2/repository/io/dropwizard/metrics/metrics-core/3.2.4/metrics-core-3.2.4.jar:/home/runner/.m2/repository/org/apache/commons/commons-text/1.10.0/commons-text-1.10.0.jar:/home/runner/.m2/repository/org/bouncycastle/bcprov-jdk15on/1.67/bcprov-jdk15on-1.67.jar:/home/runner/.m2/repository/com/google/protobuf/protobuf-java/2.5.0/protobuf-java-2.5.0.jar:/home/runner/.m2/repository/org/apache/ozone/hdds-server-framework/1.4.0-SNAPSHOT/hdds-server-framework-1.4.0-SNAPSHOT-tests.jar:/home/runner/.m2/repository/org/apache/ozone/hdds-interface-server/1.4.0-SNAPSHOT/hdds-interface-server-1.4.0-SNAPSHOT.jar:/home/runner/.m2/repository/org/apache/ozone/hdds-interface-admin/1.4.0-SNAPSHOT/hdds-interface-admin-1.4.0-SNAPSHOT.jar:/home/runner/.m2/repository/org/apache/ozone/hdds-managed-rocksdb/1.4.0-SNAPSHOT/hdds-managed-rocksdb-1.4.0-SNAPSHOT.jar:/home/runner/.m2/repository/org/rocksdb/rocksdbjni/7.7.3/rocksdbjni-7.7.3.jar:/home/runner/.m2/repository/org/slf4j/slf4j-reload4j/1.7.36/slf4j-reload4j-1.7.36.jar:/home/runner/.m2/repository/org/apache/commons/commons-configuration2/2.1.1/commons-configuration2-2.1.1.jar:/home/runner/.m2/repository/commons-fileupload/commons-fileupload/1.5/commons-fileupload-1.5.jar:/home/runner/.m2/repository/org/apache/logging/log4j/log4j-core/2.17.1/log4j-core-2.17.1.jar:/home/runner/.m2/repository/com/lmax/disruptor/3.4.2/disruptor-3.4.2.jar:/home/runner/.m2/repository/org/eclipse/jetty/jetty-util/9.4.53.v20231009/jetty-util-9.4.53.v20231009.jar:/home/runner/.m2/repository/org/eclipse/jetty/jetty-server/9.4.53.v20231009/jetty-server-9.4.53.v20231009.jar:/home/runner/.m2/repository/org/eclipse/jetty/jetty-http/9.4.53.v20231009/jetty-http-9.4.53.v20231009.jar:/home/runner/.m2/repository/org/eclipse/jetty/jetty-io/9.4.53.v20231009/jetty-io-9.4.53.v20231009.jar:/home/runner/.m2/repository/org/eclipse/jetty/jetty-servlet/9.4.53.v20231009/jetty-servlet-9.4.53.v20231009.jar:/home/runner/.m2/repository/org/eclipse/jetty/jetty-security/9.4.53.v20231009/jetty-security-9.4.53.v20231009.jar:/home/runner/.m2/repository/org/eclipse/jetty/jetty-util-ajax/9.4.53.v20231009/jetty-util-ajax-9.4.53.v20231009.jar:/home/runner/.m2/repository/org/eclipse/jetty/jetty-webapp/9.4.53.v20231009/jetty-webapp-9.4.53.v20231009.jar:/home/runner/.m2/repository/org/eclipse/jetty/jetty-xml/9.4.53.v20231009/jetty-xml-9.4.53.v20231009.jar:/home/runner/.m2/repository/org/apache/ratis/ratis-server/2.5.1/ratis-server-2.5.1.jar:/home/runner/.m2/repository/org/apache/ratis/ratis-thirdparty-misc/1.0.4/ratis-thirdparty-misc-1.0.4.jar:/home/runner/.m2/repository/org/apache/ratis/ratis-proto/2.5.1/ratis-proto-2.5.1.jar:/home/runner/.m2/repository/org/apache/ratis/ratis-common/2.5.1/ratis-common-2.5.1.jar:/home/runner/.m2/repository/org/apache/ratis/ratis-client/2.5.1/ratis-client-2.5.1.jar:/home/runner/.m2/repository/org/apache/ratis/ratis-server-api/2.5.1/ratis-server-api-2.5.1.jar:/home/runner/.m2/repository/org/apache/ratis/ratis-metrics/2.5.1/ratis-metrics-2.5.1.jar:/home/runner/.m2/repository/io/prometheus/simpleclient_dropwizard/0.7.0/simpleclient_dropwizard-0.7.0.jar:/home/runner/.m2/repository/io/prometheus/simpleclient/0.7.0/simpleclient-0.7.0.jar:/home/runner/.m2/repository/io/prometheus/simpleclient_common/0.7.0/simpleclient_common-0.7.0.jar:/home/runner/.m2/repository/com/fasterxml/jackson/datatype/jackson-datatype-jsr310/2.13.4/jackson-datatype-jsr310-2.13.4.jar:/home/runner/.m2/repository/com/fasterxml/jackson/core/jackson-core/2.13.4/jackson-core-2.13.4.jar:/home/runner/.m2/repository/com/github/spotbugs/spotbugs-annotations/3.1.12/spotbugs-annotations-3.1.12.jar:/home/runner/.m2/repository/org/apache/ozone/rocksdb-checkpoint-differ/1.4.0-SNAPSHOT/rocksdb-checkpoint-differ-1.4.0-SNAPSHOT.jar:/home/runner/.m2/repository/org/jgrapht/jgrapht-core/1.0.1/jgrapht-core-1.0.1.jar:/home/runner/.m2/repository/org/jgrapht/jgrapht-ext/1.0.1/jgrapht-ext-1.0.1.jar:/home/runner/.m2/repository/org/tinyjee/jgraphx/jgraphx/2.0.0.1/jgraphx-2.0.0.1.jar:/home/runner/.m2/repository/jgraph/jgraph/5.13.0.0/jgraph-5.13.0.0.jar:/home/runner/.m2/repository/org/antlr/antlr4-runtime/4.5.3/antlr4-runtime-4.5.3.jar:/home/runner/.m2/repository/org/awaitility/awaitility/4.2.0/awaitility-4.2.0.jar:/home/runner/.m2/repository/org/hamcrest/hamcrest/2.1/hamcrest-2.1.jar:/home/runner/.m2/repository/org/apache/ozone/ozone-manager/1.4.0-SNAPSHOT/ozone-manager-1.4.0-SNAPSHOT.jar:/home/runner/.m2/repository/org/aspectj/aspectjrt/1.9.7/aspectjrt-1.9.7.jar:/home/runner/.m2/repository/org/aspectj/aspectjweaver/1.9.7/aspectjweaver-1.9.7.jar:/home/runner/.m2/repository/org/apache/ozone/hdds-interface-client/1.4.0-SNAPSHOT/hdds-interface-client-1.4.0-SNAPSHOT.jar:/home/runner/.m2/repository/org/apache/hadoop/thirdparty/hadoop-shaded-protobuf_3_7/1.1.1/hadoop-shaded-protobuf_3_7-1.1.1.jar:/home/runner/.m2/repository/org/apache/ozone/ozone-interface-storage/1.4.0-SNAPSHOT/ozone-interface-storage-1.4.0-SNAPSHOT.jar:/home/runner/.m2/repository/org/reflections/reflections/0.9.11/reflections-0.9.11.jar:/home/runner/.m2/repository/com/sun/jersey/jersey-client/1.19.4/jersey-client-1.19.4.jar:/home/runner/.m2/repository/org/codehaus/jackson/jackson-core-asl/1.9.13/jackson-core-asl-1.9.13.jar:/home/runner/.m2/repository/org/codehaus/jackson/jackson-mapper-asl/1.9.13/jackson-mapper-asl-1.9.13.jar:/home/runner/.m2/repository/org/codehaus/jackson/jackson-jaxrs/1.9.13/jackson-jaxrs-1.9.13.jar:/home/runner/.m2/repository/org/apache/ranger/ranger-intg/2.3.0/ranger-intg-2.3.0.jar:/home/runner/.m2/repository/org/apache/ranger/ranger-plugins-common/2.3.0/ranger-plugins-common-2.3.0.jar:/home/runner/.m2/repository/commons-lang/commons-lang/2.6/commons-lang-2.6.jar:/home/runner/.m2/repository/org/apache/ranger/ranger-plugins-cred/2.3.0/ranger-plugins-cred-2.3.0.jar:/home/runner/.m2/repository/org/apache/ranger/ranger-plugins-audit/2.3.0/ranger-plugins-audit-2.3.0.jar:/home/runner/.m2/repository/org/eclipse/jetty/jetty-client/9.4.53.v20231009/jetty-client-9.4.53.v20231009.jar:/home/runner/.m2/repository/org/apache/httpcomponents/httpmime/4.5.6/httpmime-4.5.6.jar:/home/runner/.m2/repository/org/apache/httpcomponents/httpcore-nio/4.4.13/httpcore-nio-4.4.13.jar:/home/runner/.m2/repository/org/apache/httpcomponents/httpasyncclient/4.1.3/httpasyncclient-4.1.3.jar:/home/runner/.m2/repository/com/carrotsearch/hppc/0.8.0/hppc-0.8.0.jar:/home/runner/.m2/repository/org/apache/orc/orc-core/1.5.8/orc-core-1.5.8.jar:/home/runner/.m2/repository/net/java/dev/jna/jna/5.2.0/jna-5.2.0.jar:/home/runner/.m2/repository/net/java/dev/jna/jna-platform/5.2.0/jna-platform-5.2.0.jar:/home/runner/.m2/repository/com/kstruct/gethostname4j/0.0.2/gethostname4j-0.0.2.jar:/home/runner/.m2/repository/org/apache/ranger/ranger-plugin-classloader/2.3.0/ranger-plugin-classloader-2.3.0.jar:/home/runner/.m2/repository/org/apache/ozone/hdds-rocks-native/1.4.0-SNAPSHOT/hdds-rocks-native-1.4.0-SNAPSHOT.jar:/home/runner/.m2/repository/org/apache/hadoop/hadoop-minikdc/3.3.6/hadoop-minikdc-3.3.6.jar:/home/runner/.m2/repository/org/apache/kerby/kerb-simplekdc/1.0.1/kerb-simplekdc-1.0.1.jar:/home/runner/.m2/repository/org/apache/kerby/kerb-client/1.0.1/kerb-client-1.0.1.jar:/home/runner/.m2/repository/org/apache/kerby/kerby-config/1.0.1/kerby-config-1.0.1.jar:/home/runner/.m2/repository/org/apache/kerby/kerb-common/1.0.1/kerb-common-1.0.1.jar:/home/runner/.m2/repository/org/apache/kerby/kerb-crypto/1.0.1/kerb-crypto-1.0.1.jar:/home/runner/.m2/repository/org/apache/kerby/kerb-util/1.0.1/kerb-util-1.0.1.jar:/home/runner/.m2/repository/org/apache/kerby/token-provider/1.0.1/token-provider-1.0.1.jar:/home/runner/.m2/repository/org/apache/kerby/kerb-admin/1.0.1/kerb-admin-1.0.1.jar:/home/runner/.m2/repository/org/apache/kerby/kerb-server/1.0.1/kerb-server-1.0.1.jar:/home/runner/.m2/repository/org/apache/kerby/kerb-identity/1.0.1/kerb-identity-1.0.1.jar:/home/runner/.m2/repository/org/apache/kerby/kerby-xdr/1.0.1/kerby-xdr-1.0.1.jar:/home/runner/.m2/repository/org/apache/ozone/ozone-s3gateway/1.4.0-SNAPSHOT/ozone-s3gateway-1.4.0-SNAPSHOT.jar:/home/runner/.m2/repository/org/javassist/javassist/3.21.0-GA/javassist-3.21.0-GA.jar:/home/runner/.m2/repository/org/jboss/weld/servlet/weld-servlet-shaded/3.1.9.Final/weld-servlet-shaded-3.1.9.Final.jar:/home/runner/.m2/repository/org/glassfish/jersey/containers/jersey-container-servlet-core/2.34/jersey-container-servlet-core-2.34.jar:/home/runner/.m2/repository/org/glassfish/hk2/external/jakarta.inject/2.6.1/jakarta.inject-2.6.1.jar:/home/runner/.m2/repository/org/glassfish/jersey/core/jersey-common/2.34/jersey-common-2.34.jar:/home/runner/.m2/repository/jakarta/ws/rs/jakarta.ws.rs-api/2.1.6/jakarta.ws.rs-api-2.1.6.jar:/home/runner/.m2/repository/org/glassfish/jersey/ext/cdi/jersey-cdi1x/2.34/jersey-cdi1x-2.34.jar:/home/runner/.m2/repository/org/glassfish/jersey/inject/jersey-hk2/2.34/jersey-hk2-2.34.jar:/home/runner/.m2/repository/org/glassfish/hk2/hk2-locator/2.6.1/hk2-locator-2.6.1.jar:/home/runner/.m2/repository/org/glassfish/jersey/media/jersey-media-jaxb/2.34/jersey-media-jaxb-2.34.jar:/home/runner/.m2/repository/org/glassfish/hk2/osgi-resource-locator/1.0.3/osgi-resource-locator-1.0.3.jar:/home/runner/.m2/repository/org/glassfish/hk2/hk2-api/2.5.0/hk2-api-2.5.0.jar:/home/runner/.m2/repository/org/glassfish/hk2/hk2-utils/2.5.0/hk2-utils-2.5.0.jar:/home/runner/.m2/repository/org/glassfish/hk2/external/aopalliance-repackaged/2.5.0/aopalliance-repackaged-2.5.0.jar:/home/runner/.m2/repository/com/fasterxml/jackson/dataformat/jackson-dataformat-xml/2.13.4/jackson-dataformat-xml-2.13.4.jar:/home/runner/.m2/repository/org/codehaus/woodstox/stax2-api/4.2.1/stax2-api-4.2.1.jar:/home/runner/.m2/repository/com/fasterxml/woodstox/woodstox-core/5.4.0/woodstox-core-5.4.0.jar:/home/runner/.m2/repository/com/fasterxml/jackson/module/jackson-module-jaxb-annotations/2.13.4/jackson-module-jaxb-annotations-2.13.4.jar:/home/runner/.m2/repository/jakarta/xml/bind/jakarta.xml.bind-api/2.3.3/jakarta.xml.bind-api-2.3.3.jar:/home/runner/.m2/repository/jakarta/activation/jakarta.activation-api/1.2.2/jakarta.activation-api-1.2.2.jar:/home/runner/.m2/repository/javax/enterprise/cdi-api/2.0/cdi-api-2.0.jar:/home/runner/.m2/repository/javax/el/javax.el-api/3.0.0/javax.el-api-3.0.0.jar:/home/runner/.m2/repository/javax/interceptor/javax.interceptor-api/1.2/javax.interceptor-api-1.2.jar:/home/runner/.m2/repository/javax/inject/javax.inject/1/javax.inject-1.jar:/home/runner/.m2/repository/javax/xml/bind/jaxb-api/2.3.0/jaxb-api-2.3.0.jar:/home/runner/.m2/repository/org/glassfish/jaxb/jaxb-runtime/2.3.0.1/jaxb-runtime-2.3.0.1.jar:/home/runner/.m2/repository/org/glassfish/jaxb/jaxb-core/2.3.0.1/jaxb-core-2.3.0.1.jar:/home/runner/.m2/repository/org/glassfish/jaxb/txw2/2.3.0.1/txw2-2.3.0.1.jar:/home/runner/.m2/repository/com/sun/istack/istack-commons-runtime/3.0.5/istack-commons-runtime-3.0.5.jar:/home/runner/.m2/repository/org/jvnet/staxex/stax-ex/1.7.8/stax-ex-1.7.8.jar:/home/runner/.m2/repository/com/sun/xml/fastinfoset/FastInfoset/1.2.13/FastInfoset-1.2.13.jar:/home/runner/.m2/repository/javax/activation/activation/1.1.1/activation-1.1.1.jar:/home/runner/.m2/repository/io/grpc/grpc-protobuf/1.51.1/grpc-protobuf-1.51.1.jar:/home/runner/.m2/repository/com/google/api/grpc/proto-google-common-protos/2.9.0/proto-google-common-protos-2.9.0.jar:/home/runner/.m2/repository/io/grpc/grpc-protobuf-lite/1.51.1/grpc-protobuf-lite-1.51.1.jar:/home/runner/.m2/repository/io/grpc/grpc-stub/1.51.1/grpc-stub-1.51.1.jar:/home/runner/.m2/repository/io/netty/netty-transport/4.1.100.Final/netty-transport-4.1.100.Final.jar:/home/runner/.m2/repository/io/netty/netty-resolver/4.1.100.Final/netty-resolver-4.1.100.Final.jar:/home/runner/.m2/repository/org/apache/ozone/ozone-csi/1.4.0-SNAPSHOT/ozone-csi-1.4.0-SNAPSHOT.jar:/home/runner/.m2/repository/com/google/protobuf/protobuf-java-util/3.19.6/protobuf-java-util-3.19.6.jar:/home/runner/.m2/repository/com/google/code/gson/gson/2.9.0/gson-2.9.0.jar:/home/runner/.m2/repository/org/apache/ozone/hdds-config/1.4.0-SNAPSHOT/hdds-config-1.4.0-SNAPSHOT.jar:/home/runner/.m2/repository/io/netty/netty-transport-native-epoll/4.1.100.Final/netty-transport-native-epoll-4.1.100.Final-linux-x86_64.jar:/home/runner/.m2/repository/io/netty/netty-transport-classes-epoll/4.1.100.Final/netty-transport-classes-epoll-4.1.100.Final.jar:/home/runner/.m2/repository/io/netty/netty-transport-native-unix-common/4.1.100.Final/netty-transport-native-unix-common-4.1.100.Final.jar:/home/runner/.m2/repository/org/apache/ozone/ozone-recon/1.4.0-SNAPSHOT/ozone-recon-1.4.0-SNAPSHOT.jar:/home/runner/.m2/repository/org/apache/ozone/ozone-reconcodegen/1.4.0-SNAPSHOT/ozone-reconcodegen-1.4.0-SNAPSHOT.jar:/home/runner/.m2/repository/com/google/inject/guice/5.1.0/guice-5.1.0.jar:/home/runner/.m2/repository/aopalliance/aopalliance/1.0/aopalliance-1.0.jar:/home/runner/.m2/repository/com/google/inject/extensions/guice-assistedinject/5.1.0/guice-assistedinject-5.1.0.jar:/home/runner/.m2/repository/com/google/inject/extensions/guice-servlet/5.1.0/guice-servlet-5.1.0.jar:/home/runner/.m2/repository/org/glassfish/jersey/containers/jersey-container-servlet/2.34/jersey-container-servlet-2.34.jar:/home/runner/.m2/repository/org/glassfish/hk2/guice-bridge/2.5.0/guice-bridge-2.5.0.jar:/home/runner/.m2/repository/org/glassfish/jersey/core/jersey-server/2.34/jersey-server-2.34.jar:/home/runner/.m2/repository/org/glassfish/jersey/core/jersey-client/2.34/jersey-client-2.34.jar:/home/runner/.m2/repository/jakarta/annotation/jakarta.annotation-api/1.3.5/jakarta.annotation-api-1.3.5.jar:/home/runner/.m2/repository/jakarta/validation/jakarta.validation-api/2.0.2/jakarta.validation-api-2.0.2.jar:/home/runner/.m2/repository/org/glassfish/jersey/media/jersey-media-json-jackson/2.34/jersey-media-json-jackson-2.34.jar:/home/runner/.m2/repository/org/glassfish/jersey/ext/jersey-entity-filtering/2.34/jersey-entity-filtering-2.34.jar:/home/runner/.m2/repository/org/jooq/jooq/3.11.10/jooq-3.11.10.jar:/home/runner/.m2/repository/org/jooq/jooq-meta/3.11.10/jooq-meta-3.11.10.jar:/home/runner/.m2/repository/org/jooq/jooq-codegen/3.11.10/jooq-codegen-3.11.10.jar:/home/runner/.m2/repository/com/jolbox/bonecp/0.8.0.RELEASE/bonecp-0.8.0.RELEASE.jar:/home/runner/.m2/repository/org/apache/derby/derby/10.14.2.0/derby-10.14.2.0.jar:/home/runner/.m2/repository/org/xerial/sqlite-jdbc/3.41.2.2/sqlite-jdbc-3.41.2.2.jar:/home/runner/.m2/repository/org/springframework/spring-jdbc/5.3.27/spring-jdbc-5.3.27.jar:/home/runner/.m2/repository/org/springframework/spring-beans/5.3.27/spring-beans-5.3.27.jar:/home/runner/.m2/repository/org/springframework/spring-core/5.3.27/spring-core-5.3.27.jar:/home/runner/.m2/repository/org/springframework/spring-tx/5.3.27/spring-tx-5.3.27.jar:/home/runner/.m2/repository/org/apache/ozone/ozone-client/1.4.0-SNAPSHOT/ozone-client-1.4.0-SNAPSHOT.jar:/home/runner/.m2/repository/org/apache/ozone/hdds-erasurecode/1.4.0-SNAPSHOT/hdds-erasurecode-1.4.0-SNAPSHOT.jar:/home/runner/.m2/repository/org/apache/ozone/ozone-filesystem/1.4.0-SNAPSHOT/ozone-filesystem-1.4.0-SNAPSHOT.jar:/home/runner/.m2/repository/org/apache/ozone/ozone-filesystem-common/1.4.0-SNAPSHOT/ozone-filesystem-common-1.4.0-SNAPSHOT.jar:/home/runner/.m2/repository/org/apache/ozone/ozone-tools/1.4.0-SNAPSHOT/ozone-tools-1.4.0-SNAPSHOT.jar:/home/runner/.m2/repository/com/amazonaws/aws-java-sdk-core/1.12.261/aws-java-sdk-core-1.12.261.jar:/home/runner/.m2/repository/org/apache/httpcomponents/httpclient/4.5.13/httpclient-4.5.13.jar:/home/runner/.m2/repository/org/apache/httpcomponents/httpcore/4.4.13/httpcore-4.4.13.jar:/home/runner/.m2/repository/software/amazon/ion/ion-java/1.0.2/ion-java-1.0.2.jar:/home/runner/.m2/repository/com/fasterxml/jackson/dataformat/jackson-dataformat-cbor/2.13.4/jackson-dataformat-cbor-2.13.4.jar:/home/runner/.m2/repository/joda-time/joda-time/2.12.5/joda-time-2.12.5.jar:/home/runner/.m2/repository/com/amazonaws/aws-java-sdk-s3/1.12.261/aws-java-sdk-s3-1.12.261.jar:/home/runner/.m2/repository/com/amazonaws/aws-java-sdk-kms/1.12.261/aws-java-sdk-kms-1.12.261.jar:/home/runner/.m2/repository/com/amazonaws/jmespath-java/1.12.261/jmespath-java-1.12.261.jar:/home/runner/.m2/repository/org/kohsuke/metainf-services/metainf-services/1.8/metainf-services-1.8.jar:/home/runner/.m2/repository/org/apache/ozone/hdds-tools/1.4.0-SNAPSHOT/hdds-tools-1.4.0-SNAPSHOT.jar:/home/runner/.m2/repository/org/apache/ratis/ratis-tools/2.5.1/ratis-tools-2.5.1.jar:/home/runner/.m2/repository/commons-cli/commons-cli/1.2/commons-cli-1.2.jar:/home/runner/.m2/repository/org/apache/commons/commons-lang3/3.7/commons-lang3-3.7.jar:/home/runner/.m2/repository/org/apache/ozone/ozone-manager/1.4.0-SNAPSHOT/ozone-manager-1.4.0-SNAPSHOT-tests.jar:/home/runner/.m2/repository/org/apache/ozone/hdds-common/1.4.0-SNAPSHOT/hdds-common-1.4.0-SNAPSHOT-tests.jar:/home/runner/.m2/repository/org/apache/ozone/hdds-hadoop-dependency-client/1.4.0-SNAPSHOT/hdds-hadoop-dependency-client-1.4.0-SNAPSHOT.jar:/home/runner/.m2/repository/info/picocli/picocli/4.7.5/picocli-4.7.5.jar:/home/runner/.m2/repository/com/fasterxml/jackson/core/jackson-annotations/2.13.4/jackson-annotations-2.13.4.jar:/home/runner/.m2/repository/org/apache/ozone/hdds-annotation-processing/1.4.0-SNAPSHOT/hdds-annotation-processing-1.4.0-SNAPSHOT.jar:/home/runner/.m2/repository/javax/annotation/javax.annotation-api/1.2/javax.annotation-api-1.2.jar:/home/runner/.m2/repository/org/apache/ratis/ratis-netty/2.5.1/ratis-netty-2.5.1.jar:/home/runner/.m2/repository/org/apache/ratis/ratis-grpc/2.5.1/ratis-grpc-2.5.1.jar:/home/runner/.m2/repository/org/apache/commons/commons-pool2/2.6.0/commons-pool2-2.6.0.jar:/home/runner/.m2/repository/org/bouncycastle/bcpkix-jdk15on/1.67/bcpkix-jdk15on-1.67.jar:/home/runner/.m2/repository/commons-validator/commons-validator/1.6/commons-validator-1.6.jar:/home/runner/.m2/repository/commons-beanutils/commons-beanutils/1.9.4/commons-beanutils-1.9.4.jar:/home/runner/.m2/repository/commons-digester/commons-digester/1.8.1/commons-digester-1.8.1.jar:/home/runner/.m2/repository/commons-collections/commons-collections/3.2.2/commons-collections-3.2.2.jar:/home/runner/.m2/repository/io/jaegertracing/jaeger-client/1.6.0/jaeger-client-1.6.0.jar:/home/runner/.m2/repository/io/jaegertracing/jaeger-thrift/1.6.0/jaeger-thrift-1.6.0.jar:/home/runner/.m2/repository/org/apache/thrift/libthrift/0.14.1/libthrift-0.14.1.jar:/home/runner/.m2/repository/io/jaegertracing/jaeger-core/1.6.0/jaeger-core-1.6.0.jar:/home/runner/.m2/repository/io/jaegertracing/jaeger-tracerresolver/1.6.0/jaeger-tracerresolver-1.6.0.jar:/home/runner/.m2/repository/io/opentracing/contrib/opentracing-tracerresolver/0.1.8/opentracing-tracerresolver-0.1.8.jar:/home/runner/.m2/repository/org/jetbrains/kotlin/kotlin-stdlib/1.6.21/kotlin-stdlib-1.6.21.jar:/home/runner/.m2/repository/org/jetbrains/annotations/13.0/annotations-13.0.jar:/home/runner/.m2/repository/io/opentracing/opentracing-util/0.33.0/opentracing-util-0.33.0.jar:/home/runner/.m2/repository/io/opentracing/opentracing-api/0.33.0/opentracing-api-0.33.0.jar:/home/runner/.m2/repository/io/opentracing/opentracing-noop/0.33.0/opentracing-noop-0.33.0.jar:/home/runner/.m2/repository/org/yaml/snakeyaml/2.0/snakeyaml-2.0.jar:/home/runner/.m2/repository/io/grpc/grpc-api/1.51.1/grpc-api-1.51.1.jar:/home/runner/.m2/repository/io/grpc/grpc-context/1.51.1/grpc-context-1.51.1.jar:/home/runner/.m2/repository/com/fasterxml/uuid/java-uuid-generator/4.3.0/java-uuid-generator-4.3.0.jar:/home/runner/.m2/repository/junit/junit/4.13.1/junit-4.13.1.jar:/home/runner/.m2/repository/org/hamcrest/hamcrest-core/1.3/hamcrest-core-1.3.jar:/home/runner/.m2/repository/org/junit/jupiter/junit-jupiter-api/5.8.2/junit-jupiter-api-5.8.2.jar:/home/runner/.m2/repository/org/opentest4j/opentest4j/1.2.0/opentest4j-1.2.0.jar:/home/runner/.m2/repository/org/junit/platform/junit-platform-commons/1.8.2/junit-platform-commons-1.8.2.jar:/home/runner/.m2/repository/org/apiguardian/apiguardian-api/1.1.2/apiguardian-api-1.1.2.jar:/home/runner/.m2/repository/org/junit/jupiter/junit-jupiter-params/5.8.2/junit-jupiter-params-5.8.2.jar:/home/runner/.m2/repository/org/junit/jupiter/junit-jupiter-migrationsupport/5.8.2/junit-jupiter-migrationsupport-5.8.2.jar:/home/runner/.m2/repository/org/junit/jupiter/junit-jupiter-engine/5.8.2/junit-jupiter-engine-5.8.2.jar:/home/runner/.m2/repository/org/junit/platform/junit-platform-engine/1.8.2/junit-platform-engine-1.8.2.jar:/home/runner/.m2/repository/org/junit/vintage/junit-vintage-engine/5.8.2/junit-vintage-engine-5.8.2.jar:/home/runner/.m2/repository/org/junit/platform/junit-platform-launcher/1.8.2/junit-platform-launcher-1.8.2.jar:/home/runner/.m2/repository/org/mockito/mockito-core/3.5.9/mockito-core-3.5.9.jar:/home/runner/.m2/repository/net/bytebuddy/byte-buddy/1.10.13/byte-buddy-1.10.13.jar:/home/runner/.m2/repository/net/bytebuddy/byte-buddy-agent/1.10.13/byte-buddy-agent-1.10.13.jar:/home/runner/.m2/repository/org/objenesis/objenesis/1.0/objenesis-1.0.jar:/home/runner/.m2/repository/org/apache/hadoop/hadoop-kms/3.3.6/hadoop-kms-3.3.6.jar:/home/runner/.m2/repository/org/apache/hadoop/hadoop-auth/3.3.6/hadoop-auth-3.3.6.jar:/home/runner/.m2/repository/com/nimbusds/nimbus-jose-jwt/9.8.1/nimbus-jose-jwt-9.8.1.jar:/home/runner/.m2/repository/com/github/stephenc/jcip/jcip-annotations/1.0-1/jcip-annotations-1.0-1.jar:/home/runner/.m2/repository/org/apache/zookeeper/zookeeper/3.7.2/zookeeper-3.7.2.jar:/home/runner/.m2/repository/org/apache/zookeeper/zookeeper-jute/3.7.2/zookeeper-jute-3.7.2.jar:/home/runner/.m2/repository/org/apache/yetus/audience-annotations/0.12.0/audience-annotations-0.12.0.jar:/home/runner/.m2/repository/org/apache/curator/curator-framework/4.2.0/curator-framework-4.2.0.jar:/home/runner/.m2/repository/org/apache/hadoop/thirdparty/hadoop-shaded-guava/1.1.1/hadoop-shaded-guava-1.1.1.jar:/home/runner/.m2/repository/com/sun/jersey/jersey-core/1.19.4/jersey-core-1.19.4.jar:/home/runner/.m2/repository/javax/ws/rs/jsr311-api/1.1.1/jsr311-api-1.1.1.jar:/home/runner/.m2/repository/com/sun/jersey/jersey-server/1.19.4/jersey-server-1.19.4.jar:/home/runner/.m2/repository/javax/servlet/javax.servlet-api/3.1.0/javax.servlet-api-3.1.0.jar:/home/runner/.m2/repository/org/apache/hadoop/hadoop-common/3.3.6/hadoop-common-3.3.6.jar:/home/runner/.m2/repository/org/apache/commons/commons-math3/3.1.1/commons-math3-3.1.1.jar:/home/runner/.m2/repository/commons-net/commons-net/3.9.0/commons-net-3.9.0.jar:/home/runner/.m2/repository/com/sun/jersey/jersey-servlet/1.19.4/jersey-servlet-1.19.4.jar:/home/runner/.m2/repository/com/github/pjfanning/jersey-json/1.20/jersey-json-1.20.jar:/home/runner/.m2/repository/org/codehaus/jettison/jettison/1.1/jettison-1.1.jar:/home/runner/.m2/repository/com/sun/xml/bind/jaxb-impl/2.2.3-1/jaxb-impl-2.2.3-1.jar:/home/runner/.m2/repository/com/google/re2j/re2j/1.1/re2j-1.1.jar:/home/runner/.m2/repository/com/jcraft/jsch/0.1.54/jsch-0.1.54.jar:/home/runner/.m2/repository/org/apache/curator/curator-client/4.2.0/curator-client-4.2.0.jar:/home/runner/.m2/repository/org/apache/curator/curator-recipes/5.2.0/curator-recipes-5.2.0.jar:/home/runner/.m2/repository/org/apache/kerby/kerb-core/1.0.1/kerb-core-1.0.1.jar:/home/runner/.m2/repository/org/apache/kerby/kerby-pkix/1.0.1/kerby-pkix-1.0.1.jar:/home/runner/.m2/repository/org/apache/kerby/kerby-asn1/1.0.1/kerby-asn1-1.0.1.jar:/home/runner/.m2/repository/org/apache/kerby/kerby-util/1.0.1/kerby-util-1.0.1.jar:/home/runner/.m2/repository/dnsjava/dnsjava/2.1.7/dnsjava-2.1.7.jar:/home/runner/.m2/repository/org/xerial/snappy/snappy-java/1.1.8.2/snappy-java-1.1.8.2.jar:/home/runner/.m2/repository/com/fasterxml/jackson/core/jackson-databind/2.13.4.2/jackson-databind-2.13.4.2.jar:/home/runner/.m2/repository/org/apache/hadoop/hadoop-kms/3.3.6/hadoop-kms-3.3.6-tests.jar:/home/runner/.m2/repository/org/apache/ozone/hdds-server-scm/1.4.0-SNAPSHOT/hdds-server-scm-1.4.0-SNAPSHOT-tests.jar:/home/runner/.m2/repository/org/apache/ozone/hdds-container-service/1.4.0-SNAPSHOT/hdds-container-service-1.4.0-SNAPSHOT-tests.jar:/home/runner/.m2/repository/com/github/luben/zstd-jni/1.5.2-5/zstd-jni-1.5.2-5.jar:/home/runner/.m2/repository/commons-codec/commons-codec/1.15/commons-codec-1.15.jar:/home/runner/.m2/repository/io/netty/netty-codec/4.1.100.Final/netty-codec-4.1.100.Final.jar:/home/runner/.m2/repository/io/netty/netty-handler/4.1.100.Final/netty-handler-4.1.100.Final.jar:/home/runner/.m2/repository/org/apache/ozone/hdds-hadoop-dependency-test/1.4.0-SNAPSHOT/hdds-hadoop-dependency-test-1.4.0-SNAPSHOT.jar:/home/runner/.m2/repository/org/apache/hadoop/hadoop-common/3.3.6/hadoop-common-3.3.6-tests.jar:/home/runner/.m2/repository/org/apache/hadoop/hadoop-hdfs/3.3.6/hadoop-hdfs-3.3.6-tests.jar:/home/runner/.m2/repository/org/assertj/assertj-core/3.12.2/assertj-core-3.12.2.jar:/home/runner/.m2/repository/org/apache/hadoop/hadoop-distcp/3.3.6/hadoop-distcp-3.3.6.jar:/home/runner/.m2/repository/org/apache/hadoop/hadoop-mapreduce-client-jobclient/3.3.6/hadoop-mapreduce-client-jobclient-3.3.6.jar:/home/runner/.m2/repository/org/apache/hadoop/hadoop-mapreduce-client-common/3.3.6/hadoop-mapreduce-client-common-3.3.6.jar:/home/runner/.m2/repository/org/apache/hadoop/hadoop-yarn-common/3.3.6/hadoop-yarn-common-3.3.6.jar:/home/runner/.m2/repository/org/apache/hadoop/hadoop-yarn-api/3.3.6/hadoop-yarn-api-3.3.6.jar:/home/runner/.m2/repository/com/sun/jersey/contribs/jersey-guice/1.19.4/jersey-guice-1.19.4.jar:/home/runner/.m2/repository/com/fasterxml/jackson/jaxrs/jackson-jaxrs-json-provider/2.13.4/jackson-jaxrs-json-provider-2.13.4.jar:/home/runner/.m2/repository/com/fasterxml/jackson/jaxrs/jackson-jaxrs-base/2.13.4/jackson-jaxrs-base-2.13.4.jar:/home/runner/.m2/repository/org/apache/hadoop/hadoop-yarn-client/3.3.6/hadoop-yarn-client-3.3.6.jar:/home/runner/.m2/repository/org/eclipse/jetty/websocket/websocket-client/9.4.51.v20230217/websocket-client-9.4.51.v20230217.jar:/home/runner/.m2/repository/org/eclipse/jetty/websocket/websocket-common/9.4.51.v20230217/websocket-common-9.4.51.v20230217.jar:/home/runner/.m2/repository/org/eclipse/jetty/websocket/websocket-api/9.4.51.v20230217/websocket-api-9.4.51.v20230217.jar:/home/runner/.m2/repository/org/jline/jline/3.9.0/jline-3.9.0.jar:/home/runner/.m2/repository/org/apache/hadoop/hadoop-mapreduce-client-core/3.3.6/hadoop-mapreduce-client-core-3.3.6.jar:/home/runner/.m2/repository/org/apache/avro/avro/1.7.7/avro-1.7.7.jar:/home/runner/.m2/repository/com/thoughtworks/paranamer/paranamer/2.3/paranamer-2.3.jar:/home/runner/.m2/repository/org/apache/hadoop/hadoop-annotations/3.3.6/hadoop-annotations-3.3.6.jar:/usr/lib/jvm/temurin-8-jdk-amd64/jre/../lib/tools.jar:/home/runner/.m2/repository/io/netty/netty/3.10.6.Final/netty-3.10.6.Final.jar:/home/runner/.m2/repository/org/apache/hadoop/hadoop-distcp/3.3.6/hadoop-distcp-3.3.6-tests.jar:/home/runner/.m2/repository/org/slf4j/jul-to-slf4j/1.7.36/jul-to-slf4j-1.7.36.jar:/home/runner/work/ozone/ozone/hadoop-ozone/integration-test/target/gradle-enterprise/test-listeners.jar:"/>
    <property name="sun.cpu.endian" value="little"/>
    <property name="user.home" value="/home/runner"/>
    <property name="user.language" value="en"/>
    <property name="java.specification.vendor" value="Oracle Corporation"/>
    <property name="java.home" value="/usr/lib/jvm/temurin-8-jdk-amd64/jre"/>
    <property name="java.security.krb5.conf" value="/home/runner/work/ozone/ozone/hadoop-ozone/integration-test/target/test-classes/krb5.conf"/>
    <property name="file.separator" value="/"/>
    <property name="basedir" value="/home/runner/work/ozone/ozone/hadoop-ozone/integration-test"/>
    <property name="line.separator" value="&#10;"/>
    <property name="java.vm.specification.vendor" value="Oracle Corporation"/>
    <property name="java.specification.name" value="Java Platform API Specification"/>
    <property name="skip.installnpx" value="true"/>
    <property name="java.awt.graphicsenv" value="sun.awt.X11GraphicsEnvironment"/>
    <property name="surefire.real.class.path" value="/home/runner/work/ozone/ozone/hadoop-ozone/integration-test/target/surefire/surefirebooter7121516770483064678.jar:/home/runner/.m2/repository/org/jacoco/org.jacoco.agent/0.8.5/org.jacoco.agent-0.8.5-runtime.jar"/>
    <property name="sun.boot.class.path" value="/usr/lib/jvm/temurin-8-jdk-amd64/jre/lib/resources.jar:/usr/lib/jvm/temurin-8-jdk-amd64/jre/lib/rt.jar:/usr/lib/jvm/temurin-8-jdk-amd64/jre/lib/sunrsasign.jar:/usr/lib/jvm/temurin-8-jdk-amd64/jre/lib/jsse.jar:/usr/lib/jvm/temurin-8-jdk-amd64/jre/lib/jce.jar:/usr/lib/jvm/temurin-8-jdk-amd64/jre/lib/charsets.jar:/usr/lib/jvm/temurin-8-jdk-amd64/jre/lib/jfr.jar:/usr/lib/jvm/temurin-8-jdk-amd64/jre/classes"/>
    <property name="hadoop.log.dir" value="/home/runner/work/ozone/ozone/hadoop-ozone/integration-test/target/log"/>
    <property name="sun.management.compiler" value="HotSpot 64-Bit Tiered Compilers"/>
    <property name="java.runtime.version" value="1.8.0_382-b05"/>
    <property name="skip.npx" value="true"/>
    <property name="user.name" value="runner"/>
    <property name="java.net.preferIPv4Stack" value="true"/>
    <property name="path.separator" value=":"/>
    <property name="java.security.egd" value="file:///dev/urandom"/>
    <property name="os.version" value="5.15.0-1050-azure"/>
    <property name="java.endorsed.dirs" value="/usr/lib/jvm/temurin-8-jdk-amd64/jre/lib/endorsed"/>
    <property name="java.runtime.name" value="OpenJDK Runtime Environment"/>
    <property name="com.gradle.maven.scan.extension.test.listener.junitplatform.NestedExecutionSafeDelegatingTestExecutionListener" value="68be8808"/>
    <property name="file.encoding" value="UTF-8"/>
    <property name="java.vm.name" value="OpenJDK 64-Bit Server VM"/>
    <property name="test.build.webapps" value=""/>
    <property name="localRepository" value="/home/runner/.m2/repository"/>
    <property name="gradle.enterprise.listener.port" value="43503"/>
    <property name="java.vendor.url.bug" value="https://github.com/adoptium/adoptium-support/issues"/>
    <property name="require.test.libhadoop" value=""/>
    <property name="java.io.tmpdir" value="/tmp"/>
    <property name="java.version" value="1.8.0_382"/>
    <property name="user.dir" value="/home/runner/work/ozone/ozone/hadoop-ozone/integration-test"/>
    <property name="os.arch" value="amd64"/>
    <property name="test.build.classes" value="/home/runner/work/ozone/ozone/hadoop-ozone/integration-test/target/test-classes"/>
    <property name="java.vm.specification.name" value="Java Virtual Machine Specification"/>
    <property name="java.awt.printerjob" value="sun.print.PSPrinterJob"/>
    <property name="sun.os.patch.level" value="unknown"/>
    <property name="org.apache.ratis.thirdparty.io.netty.allocator.useCacheForAllThreads" value="false"/>
    <property name="hadoop.tmp.dir" value="/home/runner/work/ozone/ozone/hadoop-ozone/integration-test/target/tmp"/>
    <property name="java.library.path" value="/usr/java/packages/lib/amd64:/usr/lib64:/lib64:/lib:/usr/lib"/>
    <property name="java.vendor" value="Temurin"/>
    <property name="java.vm.info" value="mixed mode"/>
    <property name="java.vm.version" value="25.382-b05"/>
    <property name="java.specification.maintenance.version" value="5"/>
    <property name="sun.io.unicode.encoding" value="UnicodeLittle"/>
    <property name="java.ext.dirs" value="/usr/lib/jvm/temurin-8-jdk-amd64/jre/lib/ext:/usr/java/packages/lib/ext"/>
    <property name="java.class.version" value="52.0"/>
  </properties>
  <testcase name="testClientServer" classname="org.apache.hadoop.ozone.container.server.TestSecureContainerServer" time="6.696">
    <system-out><![CDATA[2023-11-15 04:58:10,680 [main] INFO  utils.SelfSignedCertificate (SelfSignedCertificate.java:generateCertificate(157)) - Certificate 1 is issued by CN=rootCA@localhost,OU=scm1,O=cluster1,SERIALNUMBER=1 to CN=rootCA@localhost,OU=scm1,O=cluster1,SERIALNUMBER=1, valid from Wed Nov 15 04:58:10 UTC 2023 to Sat Dec 23 04:58:10 UTC 2028
2023-11-15 04:58:10,726 [main] INFO  authority.DefaultApprover (DefaultApprover.java:sign(157)) - Extensions in CSR: 2.5.29.15
2023-11-15 04:58:10,728 [main] INFO  authority.DefaultApprover (DefaultApprover.java:sign(161)) - Extensions to add to the certificate if they present in CSR: 2.5.29.17, 1.3.6.1.5.5.7.1.12, 2.5.29.35, 2.5.29.37, 2.5.29.15
2023-11-15 04:58:10,757 [main] INFO  ssl.ReloadingX509KeyManager (ReloadingX509KeyManager.java:loadKeyManager(222)) - Key manager is loaded with certificate chain
2023-11-15 04:58:10,770 [main] INFO  ssl.ReloadingX509KeyManager (ReloadingX509KeyManager.java:loadKeyManager(224)) - [
[
  Version: V3
  Subject: SERIALNUMBER=1330621745783, O=cluster1, OU=scm1, CN=localhost
  Signature Algorithm: SHA256withRSA, OID = 1.2.840.113549.1.1.11

  Key:  Sun RSA public key, 2048 bits
  params: null
  modulus: 23723481255753986770210897483271210237775231150710265114238199416619576711840216873050244294169962171046575666006688925393789590710276308201220987305375329652931429491655857328834749404564003206010889002076593685826372806132006286711149252024882443710233653129834664718086045513436182325905130200513385186612439346768671891525785121278519941280562748405883268602115016313795362173890317906186227701801894238334949770522326397809701940739497251708224103738289825458371223092201593685116871174651516120573960680359241635477800474743752183618799805632048458346024045211530195052067790547394366494922556655125841205939737
  public exponent: 65537
  Validity: [From: Wed Nov 15 04:58:10 UTC 2023,
               To: Thu Nov 14 04:58:10 UTC 2024]
  Issuer: SERIALNUMBER=1, O=cluster1, OU=scm1, CN=rootCA@localhost
  SerialNumber: [    0135cf3c 8a77]

Certificate Extensions: 1
[1]: ObjectId: 2.5.29.15 Criticality=true
KeyUsage [
  DigitalSignature
  Key_Encipherment
  Data_Encipherment
  Key_Agreement
]

]
  Algorithm: [SHA256withRSA]
  Signature:
0000: 42 5B BF FA B5 EA 40 AB   48 79 6B 2A 98 86 7A 5E  B[....@.Hyk*..z^
0010: 02 96 D0 46 60 DA 4E 0E   8C A5 FA 2A 72 D0 D2 C4  ...F`.N....*r...
0020: 34 7D 7F 58 76 87 D7 46   C1 78 1C 97 B2 2E E0 89  4..Xv..F.x......
0030: 95 E2 48 CC 62 9E AD 7B   CA AC 27 15 B4 D8 E9 72  ..H.b.....'....r
0040: FA 3C 49 87 3D 2E 8B F6   EE 77 A6 0C 28 94 B2 35  .<I.=....w..(..5
0050: 57 85 B1 DE D4 78 AE 1C   6D 20 AA F8 BC 72 D0 3D  W....x..m ...r.=
0060: 67 97 19 53 7B 38 35 12   C4 62 0E 70 E2 21 C0 ED  g..S.85..b.p.!..
0070: 10 CB ED DC 0F 75 59 DA   4D F1 D5 80 03 A2 EF F5  .....uY.M.......
0080: 16 94 79 C4 62 E6 1E DE   C0 F8 D5 FB 83 30 DE C0  ..y.b........0..
0090: 67 B9 76 6A 5E C1 23 E3   07 D8 19 2B E6 54 27 86  g.vj^.#....+.T'.
00A0: 46 AE 78 F5 B7 F4 47 01   A0 77 42 85 DD EA AE DA  F.x...G..wB.....
00B0: AA CD 04 E8 21 C3 24 DF   58 E9 3E E1 36 28 6D EA  ....!.$.X.>.6(m.
00C0: 9E 3F DB 17 B9 FA 4E DE   CD 85 CB 49 37 BD DD CB  .?....N....I7...
00D0: EC 83 80 F6 E3 CF 9C 0F   D5 88 F6 42 68 80 08 00  ...........Bh...
00E0: 87 89 D9 FE F9 2C BF E6   24 FB 9B 34 45 80 D4 30  .....,..$..4E..0
00F0: B0 67 3F E5 0F 7B 88 12   2A 78 97 0A 14 43 9F 89  .g?.....*x...C..

]
2023-11-15 04:58:10,775 [main] INFO  ssl.ReloadingX509KeyManager (ReloadingX509KeyManager.java:loadKeyManager(224)) - [
[
  Version: V3
  Subject: SERIALNUMBER=1, O=cluster1, OU=scm1, CN=rootCA@localhost
  Signature Algorithm: SHA256withRSA, OID = 1.2.840.113549.1.1.11

  Key:  Sun RSA public key, 2048 bits
  params: null
  modulus: 19431298667055862171726330187033013070341907538578473960952282612677082573743651545098395802504947767366825339938066067073797109375718658556660804365616941571222829307790317858299038969282979955979128145635434735262361281539047497410032685293522413256170807014739621667518795251002032196484119130150182724830529419597361122855648793442419162559656472289035599617646543551524622674490392858811388733839861837906640078537087722502091610016548777001952598909751165959565156229475956544862018066281768492926004463878278095151337789613217311221209772914773399325276302109746831457235603215591062457028748200013001401064427
  public exponent: 65537
  Validity: [From: Wed Nov 15 04:58:10 UTC 2023,
               To: Sat Dec 23 04:58:10 UTC 2028]
  Issuer: SERIALNUMBER=1, O=cluster1, OU=scm1, CN=rootCA@localhost
  SerialNumber: [    01]

Certificate Extensions: 2
[1]: ObjectId: 2.5.29.19 Criticality=true
BasicConstraints:[
  CA:true
  PathLen:2147483647
]

[2]: ObjectId: 2.5.29.15 Criticality=true
KeyUsage [
  Key_CertSign
  Crl_Sign
]

]
  Algorithm: [SHA256withRSA]
  Signature:
0000: 09 5E 59 2E 17 29 26 E5   4F 3F BA 02 3D 2E EA 39  .^Y..)&.O?..=..9
0010: D0 A7 FC D5 97 EA C5 05   0D 46 3F A7 B4 00 36 D1  .........F?...6.
0020: B2 6D C2 CF A4 A8 5C 0B   04 DB 6E B5 7D D1 17 D7  .m....\...n.....
0030: 9E 8D D0 C6 17 4D AD 70   07 E3 C4 2D 68 C6 76 9C  .....M.p...-h.v.
0040: D9 6F A6 E3 3F 2D 9F BE   15 E0 A1 9F 91 9D 52 71  .o..?-........Rq
0050: 4E 12 98 D4 72 5F 86 3A   0A 6D 99 2E D5 90 BD 2E  N...r_.:.m......
0060: 67 27 D7 74 BC 9A D6 36   05 B3 2E 3A 55 6B E0 69  g'.t...6...:Uk.i
0070: 5C 85 54 D6 A5 86 D8 9A   9E 44 7D 66 D5 C5 25 C4  \.T......D.f..%.
0080: 43 42 7A 2F 11 44 46 FD   5A D6 B0 C2 C9 3B 8F AC  CBz/.DF.Z....;..
0090: C2 33 CF FA A2 03 FE 99   8E 31 78 41 CE 40 F7 BA  .3.......1xA.@..
00A0: BA 98 8C A9 32 C1 4B 93   40 B8 D2 05 88 6F 5B 89  ....2.K.@....o[.
00B0: 26 14 FA 7D 33 25 33 AE   F8 AC EF 09 21 4C 02 82  &...3%3.....!L..
00C0: FC 31 AB 8D E0 86 B8 70   A7 A1 C9 C3 5F 07 2B BF  .1.....p...._.+.
00D0: 5B CD BC EA 65 F7 03 CE   C1 3F 5F C2 C7 78 42 6F  [...e....?_..xBo
00E0: 7E 6F C7 41 60 83 92 78   68 CF F5 7A 64 9E F5 6B  .o.A`..xh..zd..k
00F0: A2 7A 1D 45 F1 9B 6A D5   62 06 C0 3F D8 80 BC FA  .z.E..j.b..?....

]
2023-11-15 04:58:10,783 [main] INFO  ssl.ReloadingX509TrustManager (ReloadingX509TrustManager.java:insertCertsToKeystore(188)) - Trust manager is loaded with certificates
2023-11-15 04:58:10,784 [main] INFO  ssl.ReloadingX509TrustManager (ReloadingX509TrustManager.java:insertCertsToKeystore(192)) - [
[
  Version: V3
  Subject: SERIALNUMBER=1, O=cluster1, OU=scm1, CN=rootCA@localhost
  Signature Algorithm: SHA256withRSA, OID = 1.2.840.113549.1.1.11

  Key:  Sun RSA public key, 2048 bits
  params: null
  modulus: 19431298667055862171726330187033013070341907538578473960952282612677082573743651545098395802504947767366825339938066067073797109375718658556660804365616941571222829307790317858299038969282979955979128145635434735262361281539047497410032685293522413256170807014739621667518795251002032196484119130150182724830529419597361122855648793442419162559656472289035599617646543551524622674490392858811388733839861837906640078537087722502091610016548777001952598909751165959565156229475956544862018066281768492926004463878278095151337789613217311221209772914773399325276302109746831457235603215591062457028748200013001401064427
  public exponent: 65537
  Validity: [From: Wed Nov 15 04:58:10 UTC 2023,
               To: Sat Dec 23 04:58:10 UTC 2028]
  Issuer: SERIALNUMBER=1, O=cluster1, OU=scm1, CN=rootCA@localhost
  SerialNumber: [    01]

Certificate Extensions: 2
[1]: ObjectId: 2.5.29.19 Criticality=true
BasicConstraints:[
  CA:true
  PathLen:2147483647
]

[2]: ObjectId: 2.5.29.15 Criticality=true
KeyUsage [
  Key_CertSign
  Crl_Sign
]

]
  Algorithm: [SHA256withRSA]
  Signature:
0000: 09 5E 59 2E 17 29 26 E5   4F 3F BA 02 3D 2E EA 39  .^Y..)&.O?..=..9
0010: D0 A7 FC D5 97 EA C5 05   0D 46 3F A7 B4 00 36 D1  .........F?...6.
0020: B2 6D C2 CF A4 A8 5C 0B   04 DB 6E B5 7D D1 17 D7  .m....\...n.....
0030: 9E 8D D0 C6 17 4D AD 70   07 E3 C4 2D 68 C6 76 9C  .....M.p...-h.v.
0040: D9 6F A6 E3 3F 2D 9F BE   15 E0 A1 9F 91 9D 52 71  .o..?-........Rq
0050: 4E 12 98 D4 72 5F 86 3A   0A 6D 99 2E D5 90 BD 2E  N...r_.:.m......
0060: 67 27 D7 74 BC 9A D6 36   05 B3 2E 3A 55 6B E0 69  g'.t...6...:Uk.i
0070: 5C 85 54 D6 A5 86 D8 9A   9E 44 7D 66 D5 C5 25 C4  \.T......D.f..%.
0080: 43 42 7A 2F 11 44 46 FD   5A D6 B0 C2 C9 3B 8F AC  CBz/.DF.Z....;..
0090: C2 33 CF FA A2 03 FE 99   8E 31 78 41 CE 40 F7 BA  .3.......1xA.@..
00A0: BA 98 8C A9 32 C1 4B 93   40 B8 D2 05 88 6F 5B 89  ....2.K.@....o[.
00B0: 26 14 FA 7D 33 25 33 AE   F8 AC EF 09 21 4C 02 82  &...3%3.....!L..
00C0: FC 31 AB 8D E0 86 B8 70   A7 A1 C9 C3 5F 07 2B BF  .1.....p...._.+.
00D0: 5B CD BC EA 65 F7 03 CE   C1 3F 5F C2 C7 78 42 6F  [...e....?_..xBo
00E0: 7E 6F C7 41 60 83 92 78   68 CF F5 7A 64 9E F5 6B  .o.A`..xh..zd..k
00F0: A2 7A 1D 45 F1 9B 6A D5   62 06 C0 3F D8 80 BC FA  .z.E..j.b..?....

]
2023-11-15 04:58:10,788 [main] INFO  ssl.ReloadingX509KeyManager (ReloadingX509KeyManager.java:loadKeyManager(222)) - Key manager is loaded with certificate chain
2023-11-15 04:58:10,790 [main] INFO  ssl.ReloadingX509KeyManager (ReloadingX509KeyManager.java:loadKeyManager(224)) - [
[
  Version: V3
  Subject: SERIALNUMBER=1330621745783, O=cluster1, OU=scm1, CN=localhost
  Signature Algorithm: SHA256withRSA, OID = 1.2.840.113549.1.1.11

  Key:  Sun RSA public key, 2048 bits
  params: null
  modulus: 23723481255753986770210897483271210237775231150710265114238199416619576711840216873050244294169962171046575666006688925393789590710276308201220987305375329652931429491655857328834749404564003206010889002076593685826372806132006286711149252024882443710233653129834664718086045513436182325905130200513385186612439346768671891525785121278519941280562748405883268602115016313795362173890317906186227701801894238334949770522326397809701940739497251708224103738289825458371223092201593685116871174651516120573960680359241635477800474743752183618799805632048458346024045211530195052067790547394366494922556655125841205939737
  public exponent: 65537
  Validity: [From: Wed Nov 15 04:58:10 UTC 2023,
               To: Thu Nov 14 04:58:10 UTC 2024]
  Issuer: SERIALNUMBER=1, O=cluster1, OU=scm1, CN=rootCA@localhost
  SerialNumber: [    0135cf3c 8a77]

Certificate Extensions: 1
[1]: ObjectId: 2.5.29.15 Criticality=true
KeyUsage [
  DigitalSignature
  Key_Encipherment
  Data_Encipherment
  Key_Agreement
]

]
  Algorithm: [SHA256withRSA]
  Signature:
0000: 42 5B BF FA B5 EA 40 AB   48 79 6B 2A 98 86 7A 5E  B[....@.Hyk*..z^
0010: 02 96 D0 46 60 DA 4E 0E   8C A5 FA 2A 72 D0 D2 C4  ...F`.N....*r...
0020: 34 7D 7F 58 76 87 D7 46   C1 78 1C 97 B2 2E E0 89  4..Xv..F.x......
0030: 95 E2 48 CC 62 9E AD 7B   CA AC 27 15 B4 D8 E9 72  ..H.b.....'....r
0040: FA 3C 49 87 3D 2E 8B F6   EE 77 A6 0C 28 94 B2 35  .<I.=....w..(..5
0050: 57 85 B1 DE D4 78 AE 1C   6D 20 AA F8 BC 72 D0 3D  W....x..m ...r.=
0060: 67 97 19 53 7B 38 35 12   C4 62 0E 70 E2 21 C0 ED  g..S.85..b.p.!..
0070: 10 CB ED DC 0F 75 59 DA   4D F1 D5 80 03 A2 EF F5  .....uY.M.......
0080: 16 94 79 C4 62 E6 1E DE   C0 F8 D5 FB 83 30 DE C0  ..y.b........0..
0090: 67 B9 76 6A 5E C1 23 E3   07 D8 19 2B E6 54 27 86  g.vj^.#....+.T'.
00A0: 46 AE 78 F5 B7 F4 47 01   A0 77 42 85 DD EA AE DA  F.x...G..wB.....
00B0: AA CD 04 E8 21 C3 24 DF   58 E9 3E E1 36 28 6D EA  ....!.$.X.>.6(m.
00C0: 9E 3F DB 17 B9 FA 4E DE   CD 85 CB 49 37 BD DD CB  .?....N....I7...
00D0: EC 83 80 F6 E3 CF 9C 0F   D5 88 F6 42 68 80 08 00  ...........Bh...
00E0: 87 89 D9 FE F9 2C BF E6   24 FB 9B 34 45 80 D4 30  .....,..$..4E..0
00F0: B0 67 3F E5 0F 7B 88 12   2A 78 97 0A 14 43 9F 89  .g?.....*x...C..

]
2023-11-15 04:58:10,792 [main] INFO  ssl.ReloadingX509KeyManager (ReloadingX509KeyManager.java:loadKeyManager(224)) - [
[
  Version: V3
  Subject: SERIALNUMBER=1, O=cluster1, OU=scm1, CN=rootCA@localhost
  Signature Algorithm: SHA256withRSA, OID = 1.2.840.113549.1.1.11

  Key:  Sun RSA public key, 2048 bits
  params: null
  modulus: 19431298667055862171726330187033013070341907538578473960952282612677082573743651545098395802504947767366825339938066067073797109375718658556660804365616941571222829307790317858299038969282979955979128145635434735262361281539047497410032685293522413256170807014739621667518795251002032196484119130150182724830529419597361122855648793442419162559656472289035599617646543551524622674490392858811388733839861837906640078537087722502091610016548777001952598909751165959565156229475956544862018066281768492926004463878278095151337789613217311221209772914773399325276302109746831457235603215591062457028748200013001401064427
  public exponent: 65537
  Validity: [From: Wed Nov 15 04:58:10 UTC 2023,
               To: Sat Dec 23 04:58:10 UTC 2028]
  Issuer: SERIALNUMBER=1, O=cluster1, OU=scm1, CN=rootCA@localhost
  SerialNumber: [    01]

Certificate Extensions: 2
[1]: ObjectId: 2.5.29.19 Criticality=true
BasicConstraints:[
  CA:true
  PathLen:2147483647
]

[2]: ObjectId: 2.5.29.15 Criticality=true
KeyUsage [
  Key_CertSign
  Crl_Sign
]

]
  Algorithm: [SHA256withRSA]
  Signature:
0000: 09 5E 59 2E 17 29 26 E5   4F 3F BA 02 3D 2E EA 39  .^Y..)&.O?..=..9
0010: D0 A7 FC D5 97 EA C5 05   0D 46 3F A7 B4 00 36 D1  .........F?...6.
0020: B2 6D C2 CF A4 A8 5C 0B   04 DB 6E B5 7D D1 17 D7  .m....\...n.....
0030: 9E 8D D0 C6 17 4D AD 70   07 E3 C4 2D 68 C6 76 9C  .....M.p...-h.v.
0040: D9 6F A6 E3 3F 2D 9F BE   15 E0 A1 9F 91 9D 52 71  .o..?-........Rq
0050: 4E 12 98 D4 72 5F 86 3A   0A 6D 99 2E D5 90 BD 2E  N...r_.:.m......
0060: 67 27 D7 74 BC 9A D6 36   05 B3 2E 3A 55 6B E0 69  g'.t...6...:Uk.i
0070: 5C 85 54 D6 A5 86 D8 9A   9E 44 7D 66 D5 C5 25 C4  \.T......D.f..%.
0080: 43 42 7A 2F 11 44 46 FD   5A D6 B0 C2 C9 3B 8F AC  CBz/.DF.Z....;..
0090: C2 33 CF FA A2 03 FE 99   8E 31 78 41 CE 40 F7 BA  .3.......1xA.@..
00A0: BA 98 8C A9 32 C1 4B 93   40 B8 D2 05 88 6F 5B 89  ....2.K.@....o[.
00B0: 26 14 FA 7D 33 25 33 AE   F8 AC EF 09 21 4C 02 82  &...3%3.....!L..
00C0: FC 31 AB 8D E0 86 B8 70   A7 A1 C9 C3 5F 07 2B BF  .1.....p...._.+.
00D0: 5B CD BC EA 65 F7 03 CE   C1 3F 5F C2 C7 78 42 6F  [...e....?_..xBo
00E0: 7E 6F C7 41 60 83 92 78   68 CF F5 7A 64 9E F5 6B  .o.A`..xh..zd..k
00F0: A2 7A 1D 45 F1 9B 6A D5   62 06 C0 3F D8 80 BC FA  .z.E..j.b..?....

]
2023-11-15 04:58:10,794 [main] INFO  ssl.ReloadingX509TrustManager (ReloadingX509TrustManager.java:insertCertsToKeystore(188)) - Trust manager is loaded with certificates
2023-11-15 04:58:10,796 [main] INFO  ssl.ReloadingX509TrustManager (ReloadingX509TrustManager.java:insertCertsToKeystore(192)) - [
[
  Version: V3
  Subject: SERIALNUMBER=1, O=cluster1, OU=scm1, CN=rootCA@localhost
  Signature Algorithm: SHA256withRSA, OID = 1.2.840.113549.1.1.11

  Key:  Sun RSA public key, 2048 bits
  params: null
  modulus: 19431298667055862171726330187033013070341907538578473960952282612677082573743651545098395802504947767366825339938066067073797109375718658556660804365616941571222829307790317858299038969282979955979128145635434735262361281539047497410032685293522413256170807014739621667518795251002032196484119130150182724830529419597361122855648793442419162559656472289035599617646543551524622674490392858811388733839861837906640078537087722502091610016548777001952598909751165959565156229475956544862018066281768492926004463878278095151337789613217311221209772914773399325276302109746831457235603215591062457028748200013001401064427
  public exponent: 65537
  Validity: [From: Wed Nov 15 04:58:10 UTC 2023,
               To: Sat Dec 23 04:58:10 UTC 2028]
  Issuer: SERIALNUMBER=1, O=cluster1, OU=scm1, CN=rootCA@localhost
  SerialNumber: [    01]

Certificate Extensions: 2
[1]: ObjectId: 2.5.29.19 Criticality=true
BasicConstraints:[
  CA:true
  PathLen:2147483647
]

[2]: ObjectId: 2.5.29.15 Criticality=true
KeyUsage [
  Key_CertSign
  Crl_Sign
]

]
  Algorithm: [SHA256withRSA]
  Signature:
0000: 09 5E 59 2E 17 29 26 E5   4F 3F BA 02 3D 2E EA 39  .^Y..)&.O?..=..9
0010: D0 A7 FC D5 97 EA C5 05   0D 46 3F A7 B4 00 36 D1  .........F?...6.
0020: B2 6D C2 CF A4 A8 5C 0B   04 DB 6E B5 7D D1 17 D7  .m....\...n.....
0030: 9E 8D D0 C6 17 4D AD 70   07 E3 C4 2D 68 C6 76 9C  .....M.p...-h.v.
0040: D9 6F A6 E3 3F 2D 9F BE   15 E0 A1 9F 91 9D 52 71  .o..?-........Rq
0050: 4E 12 98 D4 72 5F 86 3A   0A 6D 99 2E D5 90 BD 2E  N...r_.:.m......
0060: 67 27 D7 74 BC 9A D6 36   05 B3 2E 3A 55 6B E0 69  g'.t...6...:Uk.i
0070: 5C 85 54 D6 A5 86 D8 9A   9E 44 7D 66 D5 C5 25 C4  \.T......D.f..%.
0080: 43 42 7A 2F 11 44 46 FD   5A D6 B0 C2 C9 3B 8F AC  CBz/.DF.Z....;..
0090: C2 33 CF FA A2 03 FE 99   8E 31 78 41 CE 40 F7 BA  .3.......1xA.@..
00A0: BA 98 8C A9 32 C1 4B 93   40 B8 D2 05 88 6F 5B 89  ....2.K.@....o[.
00B0: 26 14 FA 7D 33 25 33 AE   F8 AC EF 09 21 4C 02 82  &...3%3.....!L..
00C0: FC 31 AB 8D E0 86 B8 70   A7 A1 C9 C3 5F 07 2B BF  .1.....p...._.+.
00D0: 5B CD BC EA 65 F7 03 CE   C1 3F 5F C2 C7 78 42 6F  [...e....?_..xBo
00E0: 7E 6F C7 41 60 83 92 78   68 CF F5 7A 64 9E F5 6B  .o.A`..xh..zd..k
00F0: A2 7A 1D 45 F1 9B 6A D5   62 06 C0 3F D8 80 BC FA  .z.E..j.b..?....

]
2023-11-15 04:58:11,088 [main] INFO  volume.HddsVolume (HddsVolume.java:<init>(126)) - Creating HddsVolume: /home/runner/work/ozone/ozone/hadoop-ozone/integration-test/target/test-dir/dfs/dfs/data/hdds/TWxd/hdds of storage type : DISK capacity : 9223372036854775807
2023-11-15 04:58:11,092 [main] INFO  volume.MutableVolumeSet (MutableVolumeSet.java:initializeVolumeSet(173)) - Added Volume : /home/runner/work/ozone/ozone/hadoop-ozone/integration-test/target/test-dir/dfs/dfs/data/hdds/TWxd/hdds to VolumeSet
2023-11-15 04:58:13,284 [main] INFO  audit.AuditLogger (AuditLogger.java:refreshDebugCmdSet(126)) - Refresh DebugCmdSet for DNAudit to [].
2023-11-15 04:58:13,578 [main] INFO  server.XceiverServerGrpc (XceiverServerGrpc.java:<init>(135)) - GrpcServer channel type EpollServerSocketChannel
2023-11-15 04:58:13,893 [main] WARN  impl.MetricsConfig (MetricsConfig.java:loadFirst(136)) - Cannot locate configuration: tried hadoop-metrics2-xceiverclientmetrics.properties,hadoop-metrics2.properties
2023-11-15 04:58:13,914 [main] INFO  impl.MetricsSystemImpl (MetricsSystemImpl.java:startTimer(378)) - Scheduled Metric snapshot period at 10 second(s).
2023-11-15 04:58:13,914 [main] INFO  impl.MetricsSystemImpl (MetricsSystemImpl.java:start(191)) - XceiverClientMetrics metrics system started
2023-11-15 04:58:14,590 [dbdfbdee-1b69-4fd8-aeb6-aa9b0a3ee0ed-ChunkReader-0] WARN  impl.HddsDispatcher (ContainerUtils.java:logAndReturnError(97)) - Operation: CreateContainer , Trace ID:  , Message: Block token verification failed. Failed to find any token (empty or null.) , Result: BLOCK_TOKEN_VERIFICATION_FAILED , StorageContainerException Occurred.
org.apache.hadoop.hdds.scm.container.common.helpers.StorageContainerException: Block token verification failed. Failed to find any token (empty or null.)
	at org.apache.hadoop.ozone.container.common.impl.HddsDispatcher.dispatchRequest(HddsDispatcher.java:221)
	at org.apache.hadoop.ozone.container.common.impl.HddsDispatcher.lambda$dispatch$0(HddsDispatcher.java:179)
	at org.apache.hadoop.hdds.server.OzoneProtocolMessageDispatcher.processRequest(OzoneProtocolMessageDispatcher.java:89)
	at org.apache.hadoop.ozone.container.common.impl.HddsDispatcher.dispatch(HddsDispatcher.java:178)
	at org.apache.hadoop.ozone.container.common.transport.server.GrpcXceiverService$1.onNext(GrpcXceiverService.java:57)
	at org.apache.hadoop.ozone.container.common.transport.server.GrpcXceiverService$1.onNext(GrpcXceiverService.java:50)
	at org.apache.ratis.thirdparty.io.grpc.stub.ServerCalls$StreamingServerCallHandler$StreamingServerCallListener.onMessage(ServerCalls.java:262)
	at org.apache.ratis.thirdparty.io.grpc.ForwardingServerCallListener.onMessage(ForwardingServerCallListener.java:33)
	at org.apache.hadoop.hdds.tracing.GrpcServerInterceptor$1.onMessage(GrpcServerInterceptor.java:49)
	at org.apache.ratis.thirdparty.io.grpc.internal.ServerCallImpl$ServerStreamListenerImpl.messagesAvailableInternal(ServerCallImpl.java:333)
	at org.apache.ratis.thirdparty.io.grpc.internal.ServerCallImpl$ServerStreamListenerImpl.messagesAvailable(ServerCallImpl.java:316)
	at org.apache.ratis.thirdparty.io.grpc.internal.ServerImpl$JumpToApplicationThreadServerStreamListener$1MessagesAvailable.runInContext(ServerImpl.java:835)
	at org.apache.ratis.thirdparty.io.grpc.internal.ContextRunnable.run(ContextRunnable.java:37)
	at org.apache.ratis.thirdparty.io.grpc.internal.SerializingExecutor.run(SerializingExecutor.java:133)
	at java.util.concurrent.ThreadPoolExecutor.runWorker(ThreadPoolExecutor.java:1149)
	at java.util.concurrent.ThreadPoolExecutor$Worker.run(ThreadPoolExecutor.java:624)
	at java.lang.Thread.run(Thread.java:750)
Caused by: org.apache.hadoop.hdds.security.token.BlockTokenException: Failed to find any token (empty or null.)
	at org.apache.hadoop.hdds.security.token.TokenVerifier.verify(TokenVerifier.java:60)
	at org.apache.hadoop.ozone.container.common.impl.HddsDispatcher.validateToken(HddsDispatcher.java:471)
	at org.apache.hadoop.ozone.container.common.impl.HddsDispatcher.dispatchRequest(HddsDispatcher.java:218)
	... 16 more
2023-11-15 04:58:14,967 [dbdfbdee-1b69-4fd8-aeb6-aa9b0a3ee0ed-ChunkReader-3] WARN  impl.HddsDispatcher (ContainerUtils.java:logAndReturnError(97)) - Operation: WriteChunk , Trace ID:  , Message: Block token verification failed. Failed to find any token (empty or null.) , Result: BLOCK_TOKEN_VERIFICATION_FAILED , StorageContainerException Occurred.
org.apache.hadoop.hdds.scm.container.common.helpers.StorageContainerException: Block token verification failed. Failed to find any token (empty or null.)
	at org.apache.hadoop.ozone.container.common.impl.HddsDispatcher.dispatchRequest(HddsDispatcher.java:221)
	at org.apache.hadoop.ozone.container.common.impl.HddsDispatcher.lambda$dispatch$0(HddsDispatcher.java:179)
	at org.apache.hadoop.hdds.server.OzoneProtocolMessageDispatcher.processRequest(OzoneProtocolMessageDispatcher.java:89)
	at org.apache.hadoop.ozone.container.common.impl.HddsDispatcher.dispatch(HddsDispatcher.java:178)
	at org.apache.hadoop.ozone.container.common.transport.server.GrpcXceiverService$1.onNext(GrpcXceiverService.java:57)
	at org.apache.hadoop.ozone.container.common.transport.server.GrpcXceiverService$1.onNext(GrpcXceiverService.java:50)
	at org.apache.ratis.thirdparty.io.grpc.stub.ServerCalls$StreamingServerCallHandler$StreamingServerCallListener.onMessage(ServerCalls.java:262)
	at org.apache.ratis.thirdparty.io.grpc.ForwardingServerCallListener.onMessage(ForwardingServerCallListener.java:33)
	at org.apache.hadoop.hdds.tracing.GrpcServerInterceptor$1.onMessage(GrpcServerInterceptor.java:49)
	at org.apache.ratis.thirdparty.io.grpc.internal.ServerCallImpl$ServerStreamListenerImpl.messagesAvailableInternal(ServerCallImpl.java:333)
	at org.apache.ratis.thirdparty.io.grpc.internal.ServerCallImpl$ServerStreamListenerImpl.messagesAvailable(ServerCallImpl.java:316)
	at org.apache.ratis.thirdparty.io.grpc.internal.ServerImpl$JumpToApplicationThreadServerStreamListener$1MessagesAvailable.runInContext(ServerImpl.java:835)
	at org.apache.ratis.thirdparty.io.grpc.internal.ContextRunnable.run(ContextRunnable.java:37)
	at org.apache.ratis.thirdparty.io.grpc.internal.SerializingExecutor.run(SerializingExecutor.java:133)
	at java.util.concurrent.ThreadPoolExecutor.runWorker(ThreadPoolExecutor.java:1149)
	at java.util.concurrent.ThreadPoolExecutor$Worker.run(ThreadPoolExecutor.java:624)
	at java.lang.Thread.run(Thread.java:750)
Caused by: org.apache.hadoop.hdds.security.token.BlockTokenException: Failed to find any token (empty or null.)
	at org.apache.hadoop.hdds.security.token.TokenVerifier.verify(TokenVerifier.java:60)
	at org.apache.hadoop.ozone.container.common.impl.HddsDispatcher.validateToken(HddsDispatcher.java:471)
	at org.apache.hadoop.ozone.container.common.impl.HddsDispatcher.dispatchRequest(HddsDispatcher.java:218)
	... 16 more
2023-11-15 04:58:15,051 [dbdfbdee-1b69-4fd8-aeb6-aa9b0a3ee0ed-ChunkReader-7] WARN  impl.HddsDispatcher (ContainerUtils.java:logAndReturnError(97)) - Operation: PutBlock , Trace ID:  , Message: Block token verification failed. Failed to find any token (empty or null.) , Result: BLOCK_TOKEN_VERIFICATION_FAILED , StorageContainerException Occurred.
org.apache.hadoop.hdds.scm.container.common.helpers.StorageContainerException: Block token verification failed. Failed to find any token (empty or null.)
	at org.apache.hadoop.ozone.container.common.impl.HddsDispatcher.dispatchRequest(HddsDispatcher.java:221)
	at org.apache.hadoop.ozone.container.common.impl.HddsDispatcher.lambda$dispatch$0(HddsDispatcher.java:179)
	at org.apache.hadoop.hdds.server.OzoneProtocolMessageDispatcher.processRequest(OzoneProtocolMessageDispatcher.java:89)
	at org.apache.hadoop.ozone.container.common.impl.HddsDispatcher.dispatch(HddsDispatcher.java:178)
	at org.apache.hadoop.ozone.container.common.transport.server.GrpcXceiverService$1.onNext(GrpcXceiverService.java:57)
	at org.apache.hadoop.ozone.container.common.transport.server.GrpcXceiverService$1.onNext(GrpcXceiverService.java:50)
	at org.apache.ratis.thirdparty.io.grpc.stub.ServerCalls$StreamingServerCallHandler$StreamingServerCallListener.onMessage(ServerCalls.java:262)
	at org.apache.ratis.thirdparty.io.grpc.ForwardingServerCallListener.onMessage(ForwardingServerCallListener.java:33)
	at org.apache.hadoop.hdds.tracing.GrpcServerInterceptor$1.onMessage(GrpcServerInterceptor.java:49)
	at org.apache.ratis.thirdparty.io.grpc.internal.ServerCallImpl$ServerStreamListenerImpl.messagesAvailableInternal(ServerCallImpl.java:333)
	at org.apache.ratis.thirdparty.io.grpc.internal.ServerCallImpl$ServerStreamListenerImpl.messagesAvailable(ServerCallImpl.java:316)
	at org.apache.ratis.thirdparty.io.grpc.internal.ServerImpl$JumpToApplicationThreadServerStreamListener$1MessagesAvailable.runInContext(ServerImpl.java:835)
	at org.apache.ratis.thirdparty.io.grpc.internal.ContextRunnable.run(ContextRunnable.java:37)
	at org.apache.ratis.thirdparty.io.grpc.internal.SerializingExecutor.run(SerializingExecutor.java:133)
	at java.util.concurrent.ThreadPoolExecutor.runWorker(ThreadPoolExecutor.java:1149)
	at java.util.concurrent.ThreadPoolExecutor$Worker.run(ThreadPoolExecutor.java:624)
	at java.lang.Thread.run(Thread.java:750)
Caused by: org.apache.hadoop.hdds.security.token.BlockTokenException: Failed to find any token (empty or null.)
	at org.apache.hadoop.hdds.security.token.TokenVerifier.verify(TokenVerifier.java:60)
	at org.apache.hadoop.ozone.container.common.impl.HddsDispatcher.validateToken(HddsDispatcher.java:471)
	at org.apache.hadoop.ozone.container.common.impl.HddsDispatcher.dispatchRequest(HddsDispatcher.java:218)
	... 16 more
2023-11-15 04:58:15,456 [dbdfbdee-1b69-4fd8-aeb6-aa9b0a3ee0ed-ChunkReader-9] WARN  impl.HddsDispatcher (ContainerUtils.java:logAndReturnError(97)) - Operation: ReadChunk , Trace ID:  , Message: Block token verification failed. Failed to find any token (empty or null.) , Result: BLOCK_TOKEN_VERIFICATION_FAILED , StorageContainerException Occurred.
org.apache.hadoop.hdds.scm.container.common.helpers.StorageContainerException: Block token verification failed. Failed to find any token (empty or null.)
	at org.apache.hadoop.ozone.container.common.impl.HddsDispatcher.dispatchRequest(HddsDispatcher.java:221)
	at org.apache.hadoop.ozone.container.common.impl.HddsDispatcher.lambda$dispatch$0(HddsDispatcher.java:179)
	at org.apache.hadoop.hdds.server.OzoneProtocolMessageDispatcher.processRequest(OzoneProtocolMessageDispatcher.java:89)
	at org.apache.hadoop.ozone.container.common.impl.HddsDispatcher.dispatch(HddsDispatcher.java:178)
	at org.apache.hadoop.ozone.container.common.transport.server.GrpcXceiverService$1.onNext(GrpcXceiverService.java:57)
	at org.apache.hadoop.ozone.container.common.transport.server.GrpcXceiverService$1.onNext(GrpcXceiverService.java:50)
	at org.apache.ratis.thirdparty.io.grpc.stub.ServerCalls$StreamingServerCallHandler$StreamingServerCallListener.onMessage(ServerCalls.java:262)
	at org.apache.ratis.thirdparty.io.grpc.ForwardingServerCallListener.onMessage(ForwardingServerCallListener.java:33)
	at org.apache.hadoop.hdds.tracing.GrpcServerInterceptor$1.onMessage(GrpcServerInterceptor.java:49)
	at org.apache.ratis.thirdparty.io.grpc.internal.ServerCallImpl$ServerStreamListenerImpl.messagesAvailableInternal(ServerCallImpl.java:333)
	at org.apache.ratis.thirdparty.io.grpc.internal.ServerCallImpl$ServerStreamListenerImpl.messagesAvailable(ServerCallImpl.java:316)
	at org.apache.ratis.thirdparty.io.grpc.internal.ServerImpl$JumpToApplicationThreadServerStreamListener$1MessagesAvailable.runInContext(ServerImpl.java:835)
	at org.apache.ratis.thirdparty.io.grpc.internal.ContextRunnable.run(ContextRunnable.java:37)
	at org.apache.ratis.thirdparty.io.grpc.internal.SerializingExecutor.run(SerializingExecutor.java:133)
	at java.util.concurrent.ThreadPoolExecutor.runWorker(ThreadPoolExecutor.java:1149)
	at java.util.concurrent.ThreadPoolExecutor$Worker.run(ThreadPoolExecutor.java:624)
	at java.lang.Thread.run(Thread.java:750)
Caused by: org.apache.hadoop.hdds.security.token.BlockTokenException: Failed to find any token (empty or null.)
	at org.apache.hadoop.hdds.security.token.TokenVerifier.verify(TokenVerifier.java:60)
	at org.apache.hadoop.ozone.container.common.impl.HddsDispatcher.validateToken(HddsDispatcher.java:471)
	at org.apache.hadoop.ozone.container.common.impl.HddsDispatcher.dispatchRequest(HddsDispatcher.java:218)
	... 16 more
2023-11-15 04:58:15,495 [dbdfbdee-1b69-4fd8-aeb6-aa9b0a3ee0ed-ChunkReader-3] WARN  impl.HddsDispatcher (ContainerUtils.java:logAndReturnError(97)) - Operation: GetBlock , Trace ID:  , Message: Block token verification failed. Failed to find any token (empty or null.) , Result: BLOCK_TOKEN_VERIFICATION_FAILED , StorageContainerException Occurred.
org.apache.hadoop.hdds.scm.container.common.helpers.StorageContainerException: Block token verification failed. Failed to find any token (empty or null.)
	at org.apache.hadoop.ozone.container.common.impl.HddsDispatcher.dispatchRequest(HddsDispatcher.java:221)
	at org.apache.hadoop.ozone.container.common.impl.HddsDispatcher.lambda$dispatch$0(HddsDispatcher.java:179)
	at org.apache.hadoop.hdds.server.OzoneProtocolMessageDispatcher.processRequest(OzoneProtocolMessageDispatcher.java:89)
	at org.apache.hadoop.ozone.container.common.impl.HddsDispatcher.dispatch(HddsDispatcher.java:178)
	at org.apache.hadoop.ozone.container.common.transport.server.GrpcXceiverService$1.onNext(GrpcXceiverService.java:57)
	at org.apache.hadoop.ozone.container.common.transport.server.GrpcXceiverService$1.onNext(GrpcXceiverService.java:50)
	at org.apache.ratis.thirdparty.io.grpc.stub.ServerCalls$StreamingServerCallHandler$StreamingServerCallListener.onMessage(ServerCalls.java:262)
	at org.apache.ratis.thirdparty.io.grpc.ForwardingServerCallListener.onMessage(ForwardingServerCallListener.java:33)
	at org.apache.hadoop.hdds.tracing.GrpcServerInterceptor$1.onMessage(GrpcServerInterceptor.java:49)
	at org.apache.ratis.thirdparty.io.grpc.internal.ServerCallImpl$ServerStreamListenerImpl.messagesAvailableInternal(ServerCallImpl.java:333)
	at org.apache.ratis.thirdparty.io.grpc.internal.ServerCallImpl$ServerStreamListenerImpl.messagesAvailable(ServerCallImpl.java:316)
	at org.apache.ratis.thirdparty.io.grpc.internal.ServerImpl$JumpToApplicationThreadServerStreamListener$1MessagesAvailable.runInContext(ServerImpl.java:835)
	at org.apache.ratis.thirdparty.io.grpc.internal.ContextRunnable.run(ContextRunnable.java:37)
	at org.apache.ratis.thirdparty.io.grpc.internal.SerializingExecutor.run(SerializingExecutor.java:133)
	at java.util.concurrent.ThreadPoolExecutor.runWorker(ThreadPoolExecutor.java:1149)
	at java.util.concurrent.ThreadPoolExecutor$Worker.run(ThreadPoolExecutor.java:624)
	at java.lang.Thread.run(Thread.java:750)
Caused by: org.apache.hadoop.hdds.security.token.BlockTokenException: Failed to find any token (empty or null.)
	at org.apache.hadoop.hdds.security.token.TokenVerifier.verify(TokenVerifier.java:60)
	at org.apache.hadoop.ozone.container.common.impl.HddsDispatcher.validateToken(HddsDispatcher.java:471)
	at org.apache.hadoop.ozone.container.common.impl.HddsDispatcher.dispatchRequest(HddsDispatcher.java:218)
	... 16 more
2023-11-15 04:58:15,519 [dbdfbdee-1b69-4fd8-aeb6-aa9b0a3ee0ed-ChunkReader-3] WARN  impl.HddsDispatcher (ContainerUtils.java:logAndReturnError(97)) - Operation: GetCommittedBlockLength , Trace ID:  , Message: Block token verification failed. Failed to find any token (empty or null.) , Result: BLOCK_TOKEN_VERIFICATION_FAILED , StorageContainerException Occurred.
org.apache.hadoop.hdds.scm.container.common.helpers.StorageContainerException: Block token verification failed. Failed to find any token (empty or null.)
	at org.apache.hadoop.ozone.container.common.impl.HddsDispatcher.dispatchRequest(HddsDispatcher.java:221)
	at org.apache.hadoop.ozone.container.common.impl.HddsDispatcher.lambda$dispatch$0(HddsDispatcher.java:179)
	at org.apache.hadoop.hdds.server.OzoneProtocolMessageDispatcher.processRequest(OzoneProtocolMessageDispatcher.java:89)
	at org.apache.hadoop.ozone.container.common.impl.HddsDispatcher.dispatch(HddsDispatcher.java:178)
	at org.apache.hadoop.ozone.container.common.transport.server.GrpcXceiverService$1.onNext(GrpcXceiverService.java:57)
	at org.apache.hadoop.ozone.container.common.transport.server.GrpcXceiverService$1.onNext(GrpcXceiverService.java:50)
	at org.apache.ratis.thirdparty.io.grpc.stub.ServerCalls$StreamingServerCallHandler$StreamingServerCallListener.onMessage(ServerCalls.java:262)
	at org.apache.ratis.thirdparty.io.grpc.ForwardingServerCallListener.onMessage(ForwardingServerCallListener.java:33)
	at org.apache.hadoop.hdds.tracing.GrpcServerInterceptor$1.onMessage(GrpcServerInterceptor.java:49)
	at org.apache.ratis.thirdparty.io.grpc.internal.ServerCallImpl$ServerStreamListenerImpl.messagesAvailableInternal(ServerCallImpl.java:333)
	at org.apache.ratis.thirdparty.io.grpc.internal.ServerCallImpl$ServerStreamListenerImpl.messagesAvailable(ServerCallImpl.java:316)
	at org.apache.ratis.thirdparty.io.grpc.internal.ServerImpl$JumpToApplicationThreadServerStreamListener$1MessagesAvailable.runInContext(ServerImpl.java:835)
	at org.apache.ratis.thirdparty.io.grpc.internal.ContextRunnable.run(ContextRunnable.java:37)
	at org.apache.ratis.thirdparty.io.grpc.internal.SerializingExecutor.run(SerializingExecutor.java:133)
	at java.util.concurrent.ThreadPoolExecutor.runWorker(ThreadPoolExecutor.java:1149)
	at java.util.concurrent.ThreadPoolExecutor$Worker.run(ThreadPoolExecutor.java:624)
	at java.lang.Thread.run(Thread.java:750)
Caused by: org.apache.hadoop.hdds.security.token.BlockTokenException: Failed to find any token (empty or null.)
	at org.apache.hadoop.hdds.security.token.TokenVerifier.verify(TokenVerifier.java:60)
	at org.apache.hadoop.ozone.container.common.impl.HddsDispatcher.validateToken(HddsDispatcher.java:471)
	at org.apache.hadoop.ozone.container.common.impl.HddsDispatcher.dispatchRequest(HddsDispatcher.java:218)
	... 16 more
]]></system-out>
  </testcase>
  <testcase name="testClientServerRatisGrpc" classname="org.apache.hadoop.ozone.container.server.TestSecureContainerServer" time="8.959">
    <error type="org.apache.ratis.util.ExitUtils$ExitException"><![CDATA[org.apache.ratis.util.ExitUtils$ExitException: Failed to start Grpc server
	at org.apache.ratis.util.ExitUtils.terminate(ExitUtils.java:141)
	at org.apache.ratis.util.ExitUtils.terminate(ExitUtils.java:151)
	at org.apache.ratis.grpc.server.GrpcService.startImpl(GrpcService.java:300)
	at org.apache.ratis.util.LifeCycle.startAndTransition(LifeCycle.java:270)
	at org.apache.ratis.server.RaftServerRpcWithProxy.start(RaftServerRpcWithProxy.java:72)
	at org.apache.ratis.server.impl.RaftServerProxy.startImpl(RaftServerProxy.java:401)
	at org.apache.ratis.util.LifeCycle.startAndTransition(LifeCycle.java:270)
	at org.apache.ratis.server.impl.RaftServerProxy.start(RaftServerProxy.java:394)
	at org.apache.hadoop.ozone.container.common.transport.server.ratis.XceiverServerRatis.start(XceiverServerRatis.java:522)
	at org.apache.hadoop.ozone.container.server.TestSecureContainerServer.runTestClientServer(TestSecureContainerServer.java:249)
	at org.apache.hadoop.ozone.container.server.TestSecureContainerServer.runTestClientServerRatis(TestSecureContainerServer.java:222)
	at org.apache.hadoop.ozone.container.server.TestSecureContainerServer.testClientServerRatisGrpc(TestSecureContainerServer.java:200)
	at sun.reflect.NativeMethodAccessorImpl.invoke0(Native Method)
	at sun.reflect.NativeMethodAccessorImpl.invoke(NativeMethodAccessorImpl.java:62)
	at sun.reflect.DelegatingMethodAccessorImpl.invoke(DelegatingMethodAccessorImpl.java:43)
	at java.lang.reflect.Method.invoke(Method.java:498)
	at org.junit.runners.model.FrameworkMethod$1.runReflectiveCall(FrameworkMethod.java:59)
	at org.junit.internal.runners.model.ReflectiveCallable.run(ReflectiveCallable.java:12)
	at org.junit.runners.model.FrameworkMethod.invokeExplosively(FrameworkMethod.java:56)
	at org.junit.internal.runners.statements.InvokeMethod.evaluate(InvokeMethod.java:17)
	at org.junit.internal.runners.statements.RunAfters.evaluate(RunAfters.java:27)
	at org.junit.runners.ParentRunner$3.evaluate(ParentRunner.java:306)
	at org.junit.runners.BlockJUnit4ClassRunner$1.evaluate(BlockJUnit4ClassRunner.java:100)
	at org.junit.runners.ParentRunner.runLeaf(ParentRunner.java:366)
	at org.junit.runners.BlockJUnit4ClassRunner.runChild(BlockJUnit4ClassRunner.java:103)
	at org.junit.runners.BlockJUnit4ClassRunner.runChild(BlockJUnit4ClassRunner.java:63)
	at org.junit.runners.ParentRunner$4.run(ParentRunner.java:331)
	at org.junit.runners.ParentRunner$1.schedule(ParentRunner.java:79)
	at org.junit.runners.ParentRunner.runChildren(ParentRunner.java:329)
	at org.junit.runners.ParentRunner.access$100(ParentRunner.java:66)
	at org.junit.runners.ParentRunner$2.evaluate(ParentRunner.java:293)
	at org.junit.internal.runners.statements.RunBefores.evaluate(RunBefores.java:26)
	at org.junit.internal.runners.statements.RunAfters.evaluate(RunAfters.java:27)
	at org.junit.runners.ParentRunner$3.evaluate(ParentRunner.java:306)
	at org.junit.runners.ParentRunner.run(ParentRunner.java:413)
	at org.junit.runner.JUnitCore.run(JUnitCore.java:137)
	at org.junit.runner.JUnitCore.run(JUnitCore.java:115)
	at org.junit.vintage.engine.execution.RunnerExecutor.execute(RunnerExecutor.java:42)
	at org.junit.vintage.engine.VintageTestEngine.executeAllChildren(VintageTestEngine.java:80)
	at org.junit.vintage.engine.VintageTestEngine.execute(VintageTestEngine.java:72)
	at org.junit.platform.launcher.core.EngineExecutionOrchestrator.execute(EngineExecutionOrchestrator.java:107)
	at org.junit.platform.launcher.core.EngineExecutionOrchestrator.execute(EngineExecutionOrchestrator.java:88)
	at org.junit.platform.launcher.core.EngineExecutionOrchestrator.lambda$execute$0(EngineExecutionOrchestrator.java:54)
	at org.junit.platform.launcher.core.EngineExecutionOrchestrator.withInterceptedStreams(EngineExecutionOrchestrator.java:67)
	at org.junit.platform.launcher.core.EngineExecutionOrchestrator.execute(EngineExecutionOrchestrator.java:52)
	at org.junit.platform.launcher.core.DefaultLauncher.execute(DefaultLauncher.java:114)
	at org.junit.platform.launcher.core.DefaultLauncher.execute(DefaultLauncher.java:86)
	at org.junit.platform.launcher.core.DefaultLauncherSession$DelegatingLauncher.execute(DefaultLauncherSession.java:86)
	at org.junit.platform.launcher.core.SessionPerRequestLauncher.execute(SessionPerRequestLauncher.java:53)
	at org.apache.maven.surefire.junitplatform.JUnitPlatformProvider.execute(JUnitPlatformProvider.java:188)
	at org.apache.maven.surefire.junitplatform.JUnitPlatformProvider.invokeAllTests(JUnitPlatformProvider.java:154)
	at org.apache.maven.surefire.junitplatform.JUnitPlatformProvider.invoke(JUnitPlatformProvider.java:124)
	at org.apache.maven.surefire.booter.ForkedBooter.runSuitesInProcess(ForkedBooter.java:428)
	at org.apache.maven.surefire.booter.ForkedBooter.execute(ForkedBooter.java:162)
	at org.apache.maven.surefire.booter.ForkedBooter.run(ForkedBooter.java:562)
	at org.apache.maven.surefire.booter.ForkedBooter.main(ForkedBooter.java:548)
Caused by: java.io.IOException: Failed to bind to address 0.0.0.0/0.0.0.0:45227
	at org.apache.ratis.thirdparty.io.grpc.netty.NettyServer.start(NettyServer.java:328)
	at org.apache.ratis.thirdparty.io.grpc.internal.ServerImpl.start(ServerImpl.java:184)
	at org.apache.ratis.thirdparty.io.grpc.internal.ServerImpl.start(ServerImpl.java:93)
	at org.apache.ratis.grpc.server.GrpcService.startImpl(GrpcService.java:298)
	... 53 more
Caused by: org.apache.ratis.thirdparty.io.netty.channel.unix.Errors$NativeIoException: bind(..) failed: Address already in use
]]></error>
    <system-out><![CDATA[2023-11-15 04:58:17,602 [main] INFO  ozone.RatisTestHelper (RatisTestHelper.java:initRatisConf(107)) - dfs.container.ratis.rpc.type = GRPC
2023-11-15 04:58:17,606 [main] INFO  volume.HddsVolume (HddsVolume.java:<init>(126)) - Creating HddsVolume: /home/runner/work/ozone/ozone/hadoop-ozone/integration-test/target/test-dir/dfs/dfs/data/hdds/UUcc/hdds of storage type : DISK capacity : 9223372036854775807
2023-11-15 04:58:17,607 [main] INFO  volume.MutableVolumeSet (MutableVolumeSet.java:initializeVolumeSet(173)) - Added Volume : /home/runner/work/ozone/ozone/hadoop-ozone/integration-test/target/test-dir/dfs/dfs/data/hdds/UUcc/hdds to VolumeSet
2023-11-15 04:58:17,693 [main] INFO  server.RaftServer (ConfUtils.java:logGet(46)) - raft.rpc.type = GRPC (default)
2023-11-15 04:58:17,702 [main] INFO  grpc.GrpcConfigKeys (ConfUtils.java:logFallback(53)) - raft.grpc.admin.host = null (fallback to raft.grpc.server.host)
2023-11-15 04:58:17,705 [main] INFO  grpc.GrpcConfigKeys (ConfUtils.java:logGet(46)) - raft.grpc.admin.port = 35671 (custom)
2023-11-15 04:58:17,706 [main] INFO  grpc.GrpcConfigKeys (ConfUtils.java:logFallback(53)) - raft.grpc.client.host = null (fallback to raft.grpc.server.host)
2023-11-15 04:58:17,707 [main] INFO  grpc.GrpcConfigKeys (ConfUtils.java:logGet(46)) - raft.grpc.client.port = 35671 (custom)
2023-11-15 04:58:17,707 [main] INFO  grpc.GrpcConfigKeys (ConfUtils.java:logGet(46)) - raft.grpc.server.host = null (default)
2023-11-15 04:58:17,708 [main] INFO  grpc.GrpcConfigKeys (ConfUtils.java:logGet(46)) - raft.grpc.server.port = 35671 (custom)
2023-11-15 04:58:17,709 [main] INFO  server.GrpcService (ConfUtils.java:logGet(46)) - raft.grpc.message.size.max = 32MB (=33554432) (custom)
2023-11-15 04:58:17,710 [main] INFO  server.RaftServerConfigKeys (ConfUtils.java:logGet(46)) - raft.server.log.appender.buffer.byte-limit = 33554432 (custom)
2023-11-15 04:58:17,712 [main] INFO  server.GrpcService (ConfUtils.java:logGet(46)) - raft.grpc.flow.control.window = 5MB (=5242880) (custom)
2023-11-15 04:58:17,713 [main] INFO  server.RaftServerConfigKeys (ConfUtils.java:logGet(46)) - raft.server.rpc.request.timeout = 60s (custom)
2023-11-15 04:58:17,724 [main] INFO  grpc.GrpcConfigKeys (ConfUtils.java:logGet(46)) - raft.grpc.server.heartbeat.channel = true (default)
2023-11-15 04:58:17,728 [main] INFO  grpc.GrpcConfigKeys (ConfUtils.java:logGet(46)) - raft.grpc.server.async.request.thread.pool.cached = true (default)
2023-11-15 04:58:17,730 [main] INFO  grpc.GrpcConfigKeys (ConfUtils.java:logGet(46)) - raft.grpc.server.async.request.thread.pool.size = 32 (default)
2023-11-15 04:58:17,784 [main] INFO  impl.DataStreamServerImpl (ConfUtils.java:logGet(46)) - raft.datastream.type = NETTY (custom)
2023-11-15 04:58:17,796 [main] INFO  metrics.MetricRegistries (MetricRegistriesLoader.java:load(64)) - Loaded MetricRegistries class org.apache.ratis.metrics.impl.MetricRegistriesImpl
2023-11-15 04:58:17,807 [main] INFO  server.RaftServerConfigKeys (ConfUtils.java:logGet(46)) - raft.server.data-stream.async.request.thread.pool.cached = false (default)
2023-11-15 04:58:17,808 [main] INFO  server.RaftServerConfigKeys (ConfUtils.java:logGet(46)) - raft.server.data-stream.async.request.thread.pool.size = 20 (custom)
2023-11-15 04:58:17,809 [main] INFO  server.RaftServerConfigKeys (ConfUtils.java:logGet(46)) - raft.server.data-stream.async.write.thread.pool.size = 16 (default)
2023-11-15 04:58:17,810 [main] INFO  server.RaftServerConfigKeys (ConfUtils.java:logGet(46)) - raft.server.data-stream.client.pool.size = 10 (default)
2023-11-15 04:58:17,814 [main] INFO  netty.NettyConfigKeys$DataStream (ConfUtils.java:logGet(46)) - raft.netty.dataStream.server.use-epoll = false (default)
2023-11-15 04:58:17,815 [main] INFO  netty.NettyConfigKeys$DataStream (ConfUtils.java:logGet(46)) - raft.netty.dataStream.server.boss-group.size = 0 (default)
2023-11-15 04:58:17,822 [main] INFO  netty.NettyConfigKeys$DataStream (ConfUtils.java:logGet(46)) - raft.netty.dataStream.server.worker-group.size = 0 (default)
2023-11-15 04:58:17,824 [main] INFO  netty.NettyConfigKeys$DataStream (ConfUtils.java:logGet(46)) - raft.netty.dataStream.server.tls.conf = null (default)
2023-11-15 04:58:17,826 [main] INFO  netty.NettyConfigKeys$DataStream (ConfUtils.java:logGet(46)) - raft.netty.dataStream.host = null (default)
2023-11-15 04:58:17,826 [main] INFO  netty.NettyConfigKeys$DataStream (ConfUtils.java:logGet(46)) - raft.netty.dataStream.port = 0 (default)
2023-11-15 04:58:17,840 [main] INFO  server.RaftServerConfigKeys (ConfUtils.java:logGet(46)) - raft.server.threadpool.proxy.cached = true (default)
2023-11-15 04:58:17,841 [main] INFO  server.RaftServerConfigKeys (ConfUtils.java:logGet(46)) - raft.server.threadpool.proxy.size = 0 (default)
2023-11-15 04:58:17,842 [main] INFO  server.RaftServerConfigKeys (ConfUtils.java:logGet(46)) - raft.server.rpc.slowness.timeout = 300s (custom)
2023-11-15 04:58:17,842 [main] INFO  server.RaftServerConfigKeys (ConfUtils.java:logGet(46)) - raft.server.leaderelection.leader.step-down.wait-time = 10s (default)
2023-11-15 04:58:17,845 [main] INFO  server.RaftServerConfigKeys (ConfUtils.java:logGet(46)) - raft.server.storage.dir = [/home/runner/work/ozone/ozone/hadoop-ozone/integration-test/target/test-dir/dfs/e0099df7-4fc3-4ed7-b2f1-c9a664595203] (custom)
2023-11-15 04:58:17,862 [main] INFO  ratis.XceiverServerRatis (XceiverServerRatis.java:start(518)) - Starting XceiverServerRatis e0099df7-4fc3-4ed7-b2f1-c9a664595203
2023-11-15 04:58:17,863 [e0099df7-4fc3-4ed7-b2f1-c9a664595203-NettyServerStreamRpc-bossGroup--thread1] INFO  logging.LoggingHandler (AbstractInternalLogger.java:log(148)) - [id: 0xbd44aa7b] REGISTERED
2023-11-15 04:58:17,863 [e0099df7-4fc3-4ed7-b2f1-c9a664595203-NettyServerStreamRpc-bossGroup--thread1] INFO  logging.LoggingHandler (AbstractInternalLogger.java:log(148)) - [id: 0xbd44aa7b] BIND: 0.0.0.0/0.0.0.0:0
2023-11-15 04:58:17,864 [e0099df7-4fc3-4ed7-b2f1-c9a664595203-NettyServerStreamRpc-bossGroup--thread1] INFO  logging.LoggingHandler (AbstractInternalLogger.java:log(148)) - [id: 0xbd44aa7b, L:/0:0:0:0:0:0:0:0:45333] ACTIVE
2023-11-15 04:58:17,879 [main] INFO  server.RaftServer (RaftServerProxy.java:startImpl(400)) - e0099df7-4fc3-4ed7-b2f1-c9a664595203: start RPC server
2023-11-15 04:58:17,882 [main] INFO  server.GrpcService (GrpcService.java:startImpl(302)) - e0099df7-4fc3-4ed7-b2f1-c9a664595203: GrpcService started, listening on 35671
2023-11-15 04:58:17,884 [main] INFO  ratis.XceiverServerRatis (XceiverServerRatis.java:getRealPort(544)) - XceiverServerRatis e0099df7-4fc3-4ed7-b2f1-c9a664595203 is started using port 35671 for RATIS
2023-11-15 04:58:17,884 [main] INFO  ratis.XceiverServerRatis (XceiverServerRatis.java:getRealPort(544)) - XceiverServerRatis e0099df7-4fc3-4ed7-b2f1-c9a664595203 is started using port 35671 for RATIS_ADMIN
2023-11-15 04:58:17,884 [main] INFO  ratis.XceiverServerRatis (XceiverServerRatis.java:getRealPort(544)) - XceiverServerRatis e0099df7-4fc3-4ed7-b2f1-c9a664595203 is started using port 35671 for RATIS_SERVER
2023-11-15 04:58:17,884 [main] INFO  ratis.XceiverServerRatis (XceiverServerRatis.java:getRealPort(544)) - XceiverServerRatis e0099df7-4fc3-4ed7-b2f1-c9a664595203 is started using port 45333 for RATIS_DATASTREAM
2023-11-15 04:58:17,896 [JvmPauseMonitor0] INFO  util.JvmPauseMonitor (JvmPauseMonitor.java:run(103)) - JvmPauseMonitor-e0099df7-4fc3-4ed7-b2f1-c9a664595203: Started
2023-11-15 04:58:18,068 [grpc-default-executor-0] INFO  server.RaftServer (RaftServerProxy.java:addNew(98)) - e0099df7-4fc3-4ed7-b2f1-c9a664595203: addNew group-F62CB206737E:[e0099df7-4fc3-4ed7-b2f1-c9a664595203|rpc:0.0.0.0:35671|dataStream:0.0.0.0:45333|priority:0|startupRole:FOLLOWER] returns group-F62CB206737E:java.util.concurrent.CompletableFuture@7eedd51a[Not completed]
2023-11-15 04:58:18,085 [e0099df7-4fc3-4ed7-b2f1-c9a664595203-groupManagement] INFO  server.RaftServer$Division (RaftServerImpl.java:<init>(198)) - e0099df7-4fc3-4ed7-b2f1-c9a664595203: new RaftServerImpl for group-F62CB206737E:[e0099df7-4fc3-4ed7-b2f1-c9a664595203|rpc:0.0.0.0:35671|dataStream:0.0.0.0:45333|priority:0|startupRole:FOLLOWER] with ContainerStateMachine:uninitialized
2023-11-15 04:58:18,087 [e0099df7-4fc3-4ed7-b2f1-c9a664595203-groupManagement] INFO  server.RaftServerConfigKeys (ConfUtils.java:logGet(46)) - raft.server.rpc.timeout.min = 5s (custom)
2023-11-15 04:58:18,087 [e0099df7-4fc3-4ed7-b2f1-c9a664595203-groupManagement] INFO  server.RaftServerConfigKeys (ConfUtils.java:logGet(46)) - raft.server.rpc.timeout.max = 5200ms (custom)
2023-11-15 04:58:18,088 [e0099df7-4fc3-4ed7-b2f1-c9a664595203-groupManagement] INFO  server.RaftServerConfigKeys (ConfUtils.java:logGet(46)) - raft.server.rpc.sleep.time = 25ms (default)
2023-11-15 04:58:18,088 [e0099df7-4fc3-4ed7-b2f1-c9a664595203-groupManagement] INFO  server.RaftServerConfigKeys (ConfUtils.java:logGet(46)) - raft.server.rpc.slowness.timeout = 300s (custom)
2023-11-15 04:58:18,089 [e0099df7-4fc3-4ed7-b2f1-c9a664595203-groupManagement] INFO  server.RaftServerConfigKeys (ConfUtils.java:logGet(46)) - raft.server.leaderelection.leader.step-down.wait-time = 10s (default)
2023-11-15 04:58:18,090 [e0099df7-4fc3-4ed7-b2f1-c9a664595203-groupManagement] INFO  server.RaftServerConfigKeys (ConfUtils.java:logGet(46)) - raft.server.sleep.deviation.threshold = 300ms (default)
2023-11-15 04:58:18,097 [e0099df7-4fc3-4ed7-b2f1-c9a664595203-groupManagement] INFO  server.RaftServer$Division (ServerState.java:<init>(120)) - e0099df7-4fc3-4ed7-b2f1-c9a664595203@group-F62CB206737E: ConfigurationManager, init=-1: peers:[e0099df7-4fc3-4ed7-b2f1-c9a664595203|rpc:0.0.0.0:35671|dataStream:0.0.0.0:45333|priority:0|startupRole:FOLLOWER]|listeners:[], old=null, confs=<EMPTY_MAP>
2023-11-15 04:58:18,097 [e0099df7-4fc3-4ed7-b2f1-c9a664595203-groupManagement] INFO  server.RaftServerConfigKeys (ConfUtils.java:logGet(46)) - raft.server.storage.dir = [/home/runner/work/ozone/ozone/hadoop-ozone/integration-test/target/test-dir/dfs/e0099df7-4fc3-4ed7-b2f1-c9a664595203] (custom)
2023-11-15 04:58:18,102 [e0099df7-4fc3-4ed7-b2f1-c9a664595203-groupManagement] INFO  server.RaftServerConfigKeys (ConfUtils.java:logGet(46)) - raft.server.log.corruption.policy = EXCEPTION (default)
2023-11-15 04:58:18,103 [e0099df7-4fc3-4ed7-b2f1-c9a664595203-groupManagement] INFO  server.RaftServerConfigKeys (ConfUtils.java:logGet(46)) - raft.server.storage.free-space.min = 0MB (=0) (default)
2023-11-15 04:58:18,110 [e0099df7-4fc3-4ed7-b2f1-c9a664595203-groupManagement] INFO  server.RaftServerConfigKeys (ConfUtils.java:logGet(46)) - raft.server.notification.no-leader.timeout = 300s (custom)
2023-11-15 04:58:18,114 [e0099df7-4fc3-4ed7-b2f1-c9a664595203-groupManagement] INFO  server.RaftServerConfigKeys (ConfUtils.java:logGet(46)) - raft.server.read.timeout = 10s (default)
2023-11-15 04:58:18,116 [e0099df7-4fc3-4ed7-b2f1-c9a664595203-groupManagement] INFO  server.RaftServerConfigKeys (ConfUtils.java:logGet(46)) - raft.server.retrycache.expirytime = 600000ms (custom)
2023-11-15 04:58:18,117 [e0099df7-4fc3-4ed7-b2f1-c9a664595203-groupManagement] INFO  server.RaftServerConfigKeys (ConfUtils.java:logGet(46)) - raft.server.retrycache.statistics.expirytime = 100μs (default)
2023-11-15 04:58:18,123 [e0099df7-4fc3-4ed7-b2f1-c9a664595203-groupManagement] INFO  server.RaftServerConfigKeys (ConfUtils.java:logGet(46)) - raft.server.read.option = DEFAULT (default)
2023-11-15 04:58:18,133 [e0099df7-4fc3-4ed7-b2f1-c9a664595203-groupManagement] INFO  server.RaftServerConfigKeys (ConfUtils.java:logGet(46)) - raft.server.rpc.request.timeout = 60s (custom)
2023-11-15 04:58:18,137 [e0099df7-4fc3-4ed7-b2f1-c9a664595203-groupManagement] INFO  server.RaftServerConfigKeys (ConfUtils.java:logGet(46)) - raft.server.log.appender.install.snapshot.enabled = false (custom)
2023-11-15 04:58:18,137 [e0099df7-4fc3-4ed7-b2f1-c9a664595203-groupManagement] INFO  server.RaftServerConfigKeys (ConfUtils.java:logGet(46)) - raft.server.threadpool.server.cached = true (default)
2023-11-15 04:58:18,138 [e0099df7-4fc3-4ed7-b2f1-c9a664595203-groupManagement] INFO  server.RaftServerConfigKeys (ConfUtils.java:logGet(46)) - raft.server.threadpool.server.size = 0 (default)
2023-11-15 04:58:18,139 [e0099df7-4fc3-4ed7-b2f1-c9a664595203-groupManagement] INFO  server.RaftServerConfigKeys (ConfUtils.java:logGet(46)) - raft.server.threadpool.client.cached = true (default)
2023-11-15 04:58:18,140 [e0099df7-4fc3-4ed7-b2f1-c9a664595203-groupManagement] INFO  server.RaftServerConfigKeys (ConfUtils.java:logGet(46)) - raft.server.threadpool.client.size = 0 (default)
2023-11-15 04:58:18,141 [e0099df7-4fc3-4ed7-b2f1-c9a664595203-groupManagement] INFO  storage.RaftStorageDirectory (RaftStorageDirectoryImpl.java:analyzeStorage(137)) - The storage directory /home/runner/work/ozone/ozone/hadoop-ozone/integration-test/target/test-dir/dfs/e0099df7-4fc3-4ed7-b2f1-c9a664595203/2fa3e102-fd5c-4294-8494-f62cb206737e does not exist. Creating ...
2023-11-15 04:58:18,146 [e0099df7-4fc3-4ed7-b2f1-c9a664595203-groupManagement] INFO  storage.RaftStorageDirectory (RaftStorageDirectoryImpl.java:tryLock(231)) - Lock on /home/runner/work/ozone/ozone/hadoop-ozone/integration-test/target/test-dir/dfs/e0099df7-4fc3-4ed7-b2f1-c9a664595203/2fa3e102-fd5c-4294-8494-f62cb206737e/in_use.lock acquired by nodename 23129@fv-az712-525
2023-11-15 04:58:18,152 [e0099df7-4fc3-4ed7-b2f1-c9a664595203-groupManagement] INFO  storage.RaftStorage (RaftStorageImpl.java:format(96)) - Storage directory /home/runner/work/ozone/ozone/hadoop-ozone/integration-test/target/test-dir/dfs/e0099df7-4fc3-4ed7-b2f1-c9a664595203/2fa3e102-fd5c-4294-8494-f62cb206737e has been successfully formatted.
2023-11-15 04:58:18,155 [e0099df7-4fc3-4ed7-b2f1-c9a664595203-groupManagement] INFO  ratis.ContainerStateMachine (ContainerStateMachine.java:loadSnapshot(269)) - group-F62CB206737E: The snapshot info is null. Setting the last applied indexto:(t:0, i:~)
2023-11-15 04:58:18,160 [e0099df7-4fc3-4ed7-b2f1-c9a664595203-groupManagement] INFO  server.RaftServerConfigKeys (ConfUtils.java:logGet(46)) - raft.server.log.use.memory = false (default)
2023-11-15 04:58:18,171 [e0099df7-4fc3-4ed7-b2f1-c9a664595203-groupManagement] INFO  server.RaftServerConfigKeys (ConfUtils.java:logGet(46)) - raft.server.log.purge.gap = 1000000 (custom)
2023-11-15 04:58:18,172 [e0099df7-4fc3-4ed7-b2f1-c9a664595203-groupManagement] INFO  server.RaftServerConfigKeys (ConfUtils.java:logGet(46)) - raft.server.log.appender.buffer.byte-limit = 33554432 (custom)
2023-11-15 04:58:18,174 [e0099df7-4fc3-4ed7-b2f1-c9a664595203-groupManagement] INFO  server.RaftServerConfigKeys (ConfUtils.java:logGet(46)) - raft.server.log.statemachine.data.read.timeout = 1000ms (default)
2023-11-15 04:58:18,175 [e0099df7-4fc3-4ed7-b2f1-c9a664595203-groupManagement] INFO  server.RaftServerConfigKeys (ConfUtils.java:logGet(46)) - raft.server.log.purge.preservation.log.num = 0 (default)
2023-11-15 04:58:18,178 [e0099df7-4fc3-4ed7-b2f1-c9a664595203-groupManagement] INFO  server.RaftServerConfigKeys (ConfUtils.java:logGet(46)) - raft.server.log.segment.size.max = 1048576 (custom)
2023-11-15 04:58:18,184 [e0099df7-4fc3-4ed7-b2f1-c9a664595203-groupManagement] INFO  server.RaftServerConfigKeys (ConfUtils.java:logGet(46)) - raft.server.log.segment.cache.num.max = 2 (custom)
2023-11-15 04:58:18,184 [e0099df7-4fc3-4ed7-b2f1-c9a664595203-groupManagement] INFO  server.RaftServerConfigKeys (ConfUtils.java:logGet(46)) - raft.server.log.segment.cache.size.max = 200MB (=209715200) (default)
2023-11-15 04:58:18,184 [e0099df7-4fc3-4ed7-b2f1-c9a664595203-groupManagement] INFO  server.RaftServerConfigKeys (ConfUtils.java:logGet(46)) - raft.server.log.appender.buffer.byte-limit = 33554432 (custom)
2023-11-15 04:58:18,190 [e0099df7-4fc3-4ed7-b2f1-c9a664595203-groupManagement] INFO  segmented.SegmentedRaftLogWorker (SegmentedRaftLogWorker.java:<init>(188)) - new e0099df7-4fc3-4ed7-b2f1-c9a664595203@group-F62CB206737E-SegmentedRaftLogWorker for RaftStorageImpl:Storage Directory /home/runner/work/ozone/ozone/hadoop-ozone/integration-test/target/test-dir/dfs/e0099df7-4fc3-4ed7-b2f1-c9a664595203/2fa3e102-fd5c-4294-8494-f62cb206737e
2023-11-15 04:58:18,191 [e0099df7-4fc3-4ed7-b2f1-c9a664595203-groupManagement] INFO  server.RaftServerConfigKeys (ConfUtils.java:logGet(46)) - raft.server.log.queue.byte-limit = 4294967296 (custom)
2023-11-15 04:58:18,191 [e0099df7-4fc3-4ed7-b2f1-c9a664595203-groupManagement] INFO  server.RaftServerConfigKeys (ConfUtils.java:logGet(46)) - raft.server.log.queue.element-limit = 1024 (custom)
2023-11-15 04:58:18,192 [e0099df7-4fc3-4ed7-b2f1-c9a664595203-groupManagement] INFO  server.RaftServerConfigKeys (ConfUtils.java:logGet(46)) - raft.server.log.segment.size.max = 1048576 (custom)
2023-11-15 04:58:18,192 [e0099df7-4fc3-4ed7-b2f1-c9a664595203-groupManagement] INFO  server.RaftServerConfigKeys (ConfUtils.java:logGet(46)) - raft.server.log.preallocated.size = 16384 (custom)
2023-11-15 04:58:18,193 [e0099df7-4fc3-4ed7-b2f1-c9a664595203-groupManagement] INFO  server.RaftServerConfigKeys (ConfUtils.java:logGet(46)) - raft.server.log.force.sync.num = 128 (default)
2023-11-15 04:58:18,194 [e0099df7-4fc3-4ed7-b2f1-c9a664595203-groupManagement] INFO  server.RaftServerConfigKeys (ConfUtils.java:logGet(46)) - raft.server.log.statemachine.data.sync = true (default)
2023-11-15 04:58:18,194 [e0099df7-4fc3-4ed7-b2f1-c9a664595203-groupManagement] INFO  server.RaftServerConfigKeys (ConfUtils.java:logGet(46)) - raft.server.log.statemachine.data.sync.timeout = 10s (default)
2023-11-15 04:58:18,194 [e0099df7-4fc3-4ed7-b2f1-c9a664595203-groupManagement] INFO  server.RaftServerConfigKeys (ConfUtils.java:logGet(46)) - raft.server.log.statemachine.data.sync.timeout.retry = -1 (default)
2023-11-15 04:58:18,201 [e0099df7-4fc3-4ed7-b2f1-c9a664595203-groupManagement] INFO  server.RaftServerConfigKeys (ConfUtils.java:logGet(46)) - raft.server.log.write.buffer.size = 1048576 (custom)
2023-11-15 04:58:18,202 [e0099df7-4fc3-4ed7-b2f1-c9a664595203-groupManagement] INFO  server.RaftServerConfigKeys (ConfUtils.java:logGet(46)) - raft.server.log.appender.buffer.byte-limit = 33554432 (custom)
2023-11-15 04:58:18,207 [e0099df7-4fc3-4ed7-b2f1-c9a664595203-groupManagement] INFO  server.RaftServerConfigKeys (ConfUtils.java:logGet(46)) - raft.server.log.unsafe-flush.enabled = false (default)
2023-11-15 04:58:18,208 [e0099df7-4fc3-4ed7-b2f1-c9a664595203-groupManagement] INFO  server.RaftServerConfigKeys (ConfUtils.java:logGet(46)) - raft.server.log.async-flush.enabled = false (default)
2023-11-15 04:58:18,208 [e0099df7-4fc3-4ed7-b2f1-c9a664595203-groupManagement] INFO  server.RaftServerConfigKeys (ConfUtils.java:logGet(46)) - raft.server.log.statemachine.data.caching.enabled = true (custom)
2023-11-15 04:58:18,214 [e0099df7-4fc3-4ed7-b2f1-c9a664595203-groupManagement] INFO  segmented.SegmentedRaftLogWorker (SegmentedRaftLogWorker.java:lambda$new$0(135)) - e0099df7-4fc3-4ed7-b2f1-c9a664595203@group-F62CB206737E-SegmentedRaftLogWorker: flushIndex: setUnconditionally 0 -> -1
2023-11-15 04:58:18,214 [e0099df7-4fc3-4ed7-b2f1-c9a664595203-groupManagement] INFO  segmented.SegmentedRaftLogWorker (SegmentedRaftLogWorker.java:lambda$new$0(135)) - e0099df7-4fc3-4ed7-b2f1-c9a664595203@group-F62CB206737E-SegmentedRaftLogWorker: safeCacheEvictIndex: setUnconditionally 0 -> -1
2023-11-15 04:58:18,216 [e0099df7-4fc3-4ed7-b2f1-c9a664595203-groupManagement] INFO  server.RaftServer$Division (RaftServerImpl.java:start(342)) - e0099df7-4fc3-4ed7-b2f1-c9a664595203@group-F62CB206737E: start as a follower, conf=-1: peers:[e0099df7-4fc3-4ed7-b2f1-c9a664595203|rpc:0.0.0.0:35671|dataStream:0.0.0.0:45333|priority:0|startupRole:FOLLOWER]|listeners:[], old=null
2023-11-15 04:58:18,216 [e0099df7-4fc3-4ed7-b2f1-c9a664595203-groupManagement] INFO  server.RaftServer$Division (RaftServerImpl.java:setRole(329)) - e0099df7-4fc3-4ed7-b2f1-c9a664595203@group-F62CB206737E: changes role from      null to FOLLOWER at term 0 for startAsFollower
2023-11-15 04:58:18,218 [e0099df7-4fc3-4ed7-b2f1-c9a664595203-groupManagement] INFO  impl.RoleInfo (RoleInfo.java:updateAndGet(139)) - e0099df7-4fc3-4ed7-b2f1-c9a664595203: start e0099df7-4fc3-4ed7-b2f1-c9a664595203@group-F62CB206737E-FollowerState
2023-11-15 04:58:18,224 [e0099df7-4fc3-4ed7-b2f1-c9a664595203-groupManagement] INFO  util.JmxRegister (JmxRegister.java:tryRegister(44)) - Successfully registered JMX Bean with object name Ratis:service=RaftServer,group=group-F62CB206737E,id=e0099df7-4fc3-4ed7-b2f1-c9a664595203
2023-11-15 04:58:18,226 [e0099df7-4fc3-4ed7-b2f1-c9a664595203-groupManagement] INFO  server.RaftServerConfigKeys (ConfUtils.java:logGet(46)) - raft.server.snapshot.auto.trigger.enabled = true (custom)
2023-11-15 04:58:18,228 [e0099df7-4fc3-4ed7-b2f1-c9a664595203-groupManagement] INFO  server.RaftServerConfigKeys (ConfUtils.java:logGet(46)) - raft.server.snapshot.auto.trigger.threshold = 10000 (custom)
2023-11-15 04:58:18,228 [e0099df7-4fc3-4ed7-b2f1-c9a664595203-groupManagement] INFO  server.RaftServerConfigKeys (ConfUtils.java:logGet(46)) - raft.server.snapshot.retention.file.num = 5 (custom)
2023-11-15 04:58:18,229 [e0099df7-4fc3-4ed7-b2f1-c9a664595203-groupManagement] INFO  server.RaftServerConfigKeys (ConfUtils.java:logGet(46)) - raft.server.log.purge.upto.snapshot.index = false (default)
2023-11-15 04:58:18,226 [e0099df7-4fc3-4ed7-b2f1-c9a664595203@group-F62CB206737E-FollowerState] INFO  server.RaftServerConfigKeys (ConfUtils.java:logFallback(53)) - raft.server.rpc.first-election.timeout.min = 5s (fallback to raft.server.rpc.timeout.min)
2023-11-15 04:58:18,232 [e0099df7-4fc3-4ed7-b2f1-c9a664595203@group-F62CB206737E-FollowerState] INFO  server.RaftServerConfigKeys (ConfUtils.java:logFallback(53)) - raft.server.rpc.first-election.timeout.max = 5200ms (fallback to raft.server.rpc.timeout.max)
2023-11-15 04:58:23,320 [e0099df7-4fc3-4ed7-b2f1-c9a664595203@group-F62CB206737E-FollowerState] INFO  impl.FollowerState (FollowerState.java:run(143)) - e0099df7-4fc3-4ed7-b2f1-c9a664595203@group-F62CB206737E-FollowerState: change to CANDIDATE, lastRpcElapsedTime:5102505892ns, electionTimeout:5086ms
2023-11-15 04:58:23,321 [e0099df7-4fc3-4ed7-b2f1-c9a664595203@group-F62CB206737E-FollowerState] INFO  impl.RoleInfo (RoleInfo.java:shutdownFollowerState(110)) - e0099df7-4fc3-4ed7-b2f1-c9a664595203: shutdown e0099df7-4fc3-4ed7-b2f1-c9a664595203@group-F62CB206737E-FollowerState
2023-11-15 04:58:23,322 [e0099df7-4fc3-4ed7-b2f1-c9a664595203@group-F62CB206737E-FollowerState] INFO  server.RaftServer$Division (RaftServerImpl.java:setRole(329)) - e0099df7-4fc3-4ed7-b2f1-c9a664595203@group-F62CB206737E: changes role from  FOLLOWER to CANDIDATE at term 0 for changeToCandidate
2023-11-15 04:58:23,326 [e0099df7-4fc3-4ed7-b2f1-c9a664595203@group-F62CB206737E-FollowerState] INFO  server.RaftServerConfigKeys (ConfUtils.java:logGet(46)) - raft.server.leaderelection.pre-vote = true (default)
2023-11-15 04:58:23,327 [e0099df7-4fc3-4ed7-b2f1-c9a664595203@group-F62CB206737E-FollowerState] INFO  impl.RoleInfo (RoleInfo.java:updateAndGet(139)) - e0099df7-4fc3-4ed7-b2f1-c9a664595203: start e0099df7-4fc3-4ed7-b2f1-c9a664595203@group-F62CB206737E-LeaderElection1
2023-11-15 04:58:23,329 [e0099df7-4fc3-4ed7-b2f1-c9a664595203@group-F62CB206737E-LeaderElection1] INFO  impl.LeaderElection (LeaderElection.java:askForVotes(321)) - e0099df7-4fc3-4ed7-b2f1-c9a664595203@group-F62CB206737E-LeaderElection1 PRE_VOTE round 0: submit vote requests at term 0 for -1: peers:[e0099df7-4fc3-4ed7-b2f1-c9a664595203|rpc:0.0.0.0:35671|dataStream:0.0.0.0:45333|priority:0|startupRole:FOLLOWER]|listeners:[], old=null
2023-11-15 04:58:23,330 [e0099df7-4fc3-4ed7-b2f1-c9a664595203@group-F62CB206737E-LeaderElection1] INFO  impl.LeaderElection (LeaderElection.java:askForVotes(323)) - e0099df7-4fc3-4ed7-b2f1-c9a664595203@group-F62CB206737E-LeaderElection1 PRE_VOTE round 0: result PASSED (term=0)
2023-11-15 04:58:23,332 [e0099df7-4fc3-4ed7-b2f1-c9a664595203@group-F62CB206737E-LeaderElection1] INFO  impl.LeaderElection (LeaderElection.java:askForVotes(321)) - e0099df7-4fc3-4ed7-b2f1-c9a664595203@group-F62CB206737E-LeaderElection1 ELECTION round 0: submit vote requests at term 1 for -1: peers:[e0099df7-4fc3-4ed7-b2f1-c9a664595203|rpc:0.0.0.0:35671|dataStream:0.0.0.0:45333|priority:0|startupRole:FOLLOWER]|listeners:[], old=null
2023-11-15 04:58:23,333 [e0099df7-4fc3-4ed7-b2f1-c9a664595203@group-F62CB206737E-LeaderElection1] INFO  impl.LeaderElection (LeaderElection.java:askForVotes(323)) - e0099df7-4fc3-4ed7-b2f1-c9a664595203@group-F62CB206737E-LeaderElection1 ELECTION round 0: result PASSED (term=1)
2023-11-15 04:58:23,333 [e0099df7-4fc3-4ed7-b2f1-c9a664595203@group-F62CB206737E-LeaderElection1] INFO  impl.RoleInfo (RoleInfo.java:shutdownLeaderElection(130)) - e0099df7-4fc3-4ed7-b2f1-c9a664595203: shutdown e0099df7-4fc3-4ed7-b2f1-c9a664595203@group-F62CB206737E-LeaderElection1
2023-11-15 04:58:23,335 [e0099df7-4fc3-4ed7-b2f1-c9a664595203@group-F62CB206737E-LeaderElection1] INFO  server.RaftServer$Division (RaftServerImpl.java:setRole(329)) - e0099df7-4fc3-4ed7-b2f1-c9a664595203@group-F62CB206737E: changes role from CANDIDATE to LEADER at term 1 for changeToLeader
2023-11-15 04:58:23,335 [e0099df7-4fc3-4ed7-b2f1-c9a664595203@group-F62CB206737E-LeaderElection1] INFO  ratis.XceiverServerRatis (XceiverServerRatis.java:handleLeaderChangedNotification(903)) - Leader change notification received for group: group-F62CB206737E with new leaderId: e0099df7-4fc3-4ed7-b2f1-c9a664595203
2023-11-15 04:58:23,336 [e0099df7-4fc3-4ed7-b2f1-c9a664595203@group-F62CB206737E-LeaderElection1] INFO  server.RaftServer$Division (ServerState.java:setLeader(317)) - e0099df7-4fc3-4ed7-b2f1-c9a664595203@group-F62CB206737E: change Leader from null to e0099df7-4fc3-4ed7-b2f1-c9a664595203 at term 1 for becomeLeader, leader elected after 5225ms
2023-11-15 04:58:23,343 [e0099df7-4fc3-4ed7-b2f1-c9a664595203@group-F62CB206737E-LeaderElection1] INFO  server.RaftServerConfigKeys (ConfUtils.java:logGet(46)) - raft.server.staging.catchup.gap = 1000 (default)
2023-11-15 04:58:23,348 [e0099df7-4fc3-4ed7-b2f1-c9a664595203@group-F62CB206737E-LeaderElection1] INFO  server.RaftServerConfigKeys (ConfUtils.java:logGet(46)) - raft.server.write.element-limit = 1024 (custom)
2023-11-15 04:58:23,349 [e0099df7-4fc3-4ed7-b2f1-c9a664595203@group-F62CB206737E-LeaderElection1] INFO  server.RaftServerConfigKeys (ConfUtils.java:logGet(46)) - raft.server.write.byte-limit = 1024 M (=1073741824) (custom)
2023-11-15 04:58:23,353 [e0099df7-4fc3-4ed7-b2f1-c9a664595203@group-F62CB206737E-LeaderElection1] INFO  server.RaftServerConfigKeys (ConfUtils.java:logGet(46)) - raft.server.watch.timeout = 180s (custom)
2023-11-15 04:58:23,353 [e0099df7-4fc3-4ed7-b2f1-c9a664595203@group-F62CB206737E-LeaderElection1] INFO  server.RaftServerConfigKeys (ConfUtils.java:logGet(46)) - raft.server.watch.timeout.denomination = 1s (default)
2023-11-15 04:58:23,354 [e0099df7-4fc3-4ed7-b2f1-c9a664595203@group-F62CB206737E-LeaderElection1] INFO  server.RaftServerConfigKeys (ConfUtils.java:logGet(46)) - raft.server.watch.element-limit = 65536 (default)
2023-11-15 04:58:23,359 [e0099df7-4fc3-4ed7-b2f1-c9a664595203@group-F62CB206737E-LeaderElection1] INFO  server.RaftServerConfigKeys (ConfUtils.java:logGet(46)) - raft.server.write.element-limit = 1024 (custom)
2023-11-15 04:58:23,363 [e0099df7-4fc3-4ed7-b2f1-c9a664595203@group-F62CB206737E-LeaderElection1] INFO  server.RaftServerConfigKeys (ConfUtils.java:logGet(46)) - raft.server.write.follower.gap.ratio.max = -1.0 (default)
2023-11-15 04:58:23,365 [e0099df7-4fc3-4ed7-b2f1-c9a664595203@group-F62CB206737E-LeaderElection1] INFO  impl.RoleInfo (RoleInfo.java:updateAndGet(139)) - e0099df7-4fc3-4ed7-b2f1-c9a664595203: start e0099df7-4fc3-4ed7-b2f1-c9a664595203@group-F62CB206737E-LeaderStateImpl
2023-11-15 04:58:23,379 [e0099df7-4fc3-4ed7-b2f1-c9a664595203@group-F62CB206737E-LeaderElection1] INFO  segmented.SegmentedRaftLogWorker (SegmentedRaftLogWorker.java:startLogSegment(447)) - e0099df7-4fc3-4ed7-b2f1-c9a664595203@group-F62CB206737E-SegmentedRaftLogWorker: Starting segment from index:0
2023-11-15 04:58:23,404 [e0099df7-4fc3-4ed7-b2f1-c9a664595203@group-F62CB206737E-LeaderElection1] INFO  server.RaftServer$Division (ServerState.java:setRaftConf(434)) - e0099df7-4fc3-4ed7-b2f1-c9a664595203@group-F62CB206737E: set configuration 0: peers:[e0099df7-4fc3-4ed7-b2f1-c9a664595203|rpc:0.0.0.0:35671|dataStream:0.0.0.0:45333|priority:0|startupRole:FOLLOWER]|listeners:[], old=null
2023-11-15 04:58:23,461 [e0099df7-4fc3-4ed7-b2f1-c9a664595203@group-F62CB206737E-SegmentedRaftLogWorker] INFO  segmented.SegmentedRaftLogWorker (SegmentedRaftLogWorker.java:execute(651)) - e0099df7-4fc3-4ed7-b2f1-c9a664595203@group-F62CB206737E-SegmentedRaftLogWorker: created new log segment /home/runner/work/ozone/ozone/hadoop-ozone/integration-test/target/test-dir/dfs/e0099df7-4fc3-4ed7-b2f1-c9a664595203/2fa3e102-fd5c-4294-8494-f62cb206737e/current/log_inprogress_0
2023-11-15 04:58:25,245 [e0099df7-4fc3-4ed7-b2f1-c9a664595203-ContainerOp-2fa3e102-fd5c-4294-8494-f62cb206737e-0] WARN  impl.HddsDispatcher (ContainerUtils.java:logAndReturnError(97)) - Operation: CreateContainer , Trace ID:  , Message: Block token verification failed. Failed to find any token (empty or null.) , Result: BLOCK_TOKEN_VERIFICATION_FAILED , StorageContainerException Occurred.
org.apache.hadoop.hdds.scm.container.common.helpers.StorageContainerException: Block token verification failed. Failed to find any token (empty or null.)
	at org.apache.hadoop.ozone.container.common.impl.HddsDispatcher.dispatchRequest(HddsDispatcher.java:221)
	at org.apache.hadoop.ozone.container.common.impl.HddsDispatcher.lambda$dispatch$0(HddsDispatcher.java:179)
	at org.apache.hadoop.hdds.server.OzoneProtocolMessageDispatcher.processRequest(OzoneProtocolMessageDispatcher.java:89)
	at org.apache.hadoop.ozone.container.common.impl.HddsDispatcher.dispatch(HddsDispatcher.java:178)
	at org.apache.hadoop.ozone.container.common.transport.server.ratis.ContainerStateMachine.dispatchCommand(ContainerStateMachine.java:446)
	at org.apache.hadoop.ozone.container.common.transport.server.ratis.ContainerStateMachine.runCommand(ContainerStateMachine.java:456)
	at org.apache.hadoop.ozone.container.common.transport.server.ratis.ContainerStateMachine.lambda$submitTask$9(ContainerStateMachine.java:864)
	at org.apache.ratis.util.TaskQueue.lambda$submit$0(TaskQueue.java:121)
	at org.apache.ratis.util.LogUtils.runAndLog(LogUtils.java:38)
	at org.apache.ratis.util.LogUtils$1.run(LogUtils.java:79)
	at java.util.concurrent.Executors$RunnableAdapter.call(Executors.java:511)
	at java.util.concurrent.FutureTask.run(FutureTask.java:266)
	at java.util.concurrent.ThreadPoolExecutor.runWorker(ThreadPoolExecutor.java:1149)
	at java.util.concurrent.ThreadPoolExecutor$Worker.run(ThreadPoolExecutor.java:624)
	at java.lang.Thread.run(Thread.java:750)
Caused by: org.apache.hadoop.hdds.security.token.BlockTokenException: Failed to find any token (empty or null.)
	at org.apache.hadoop.hdds.security.token.TokenVerifier.verify(TokenVerifier.java:60)
	at org.apache.hadoop.ozone.container.common.impl.HddsDispatcher.validateToken(HddsDispatcher.java:471)
	at org.apache.hadoop.ozone.container.common.impl.HddsDispatcher.dispatchRequest(HddsDispatcher.java:218)
	... 14 more
2023-11-15 04:58:25,255 [e0099df7-4fc3-4ed7-b2f1-c9a664595203-ContainerOp-2fa3e102-fd5c-4294-8494-f62cb206737e-0] ERROR ratis.ContainerStateMachine (ContainerStateMachine.java:lambda$applyTransaction$11(957)) - gid group-F62CB206737E : ApplyTransaction failed. cmd CreateContainer logIndex 1 msg : Block token verification failed. Failed to find any token (empty or null.) Container Result: BLOCK_TOKEN_VERIFICATION_FAILED
2023-11-15 04:58:25,293 [e0099df7-4fc3-4ed7-b2f1-c9a664595203-ContainerOp-2fa3e102-fd5c-4294-8494-f62cb206737e-0] ERROR ratis.ContainerStateMachine (ContainerStateMachine.java:lambda$applyTransaction$12(995)) - gid group-F62CB206737E : ApplyTransaction failed. cmd CreateContainer logIndex 1 exception {}
java.util.concurrent.CompletionException: java.lang.NullPointerException
	at java.util.concurrent.CompletableFuture.encodeThrowable(CompletableFuture.java:273)
	at java.util.concurrent.CompletableFuture.completeThrowable(CompletableFuture.java:280)
	at java.util.concurrent.CompletableFuture.uniApply(CompletableFuture.java:618)
	at java.util.concurrent.CompletableFuture$UniApply.tryFire(CompletableFuture.java:591)
	at java.util.concurrent.CompletableFuture.postComplete(CompletableFuture.java:488)
	at java.util.concurrent.CompletableFuture.complete(CompletableFuture.java:1975)
	at org.apache.ratis.util.TaskQueue.lambda$submit$0(TaskQueue.java:133)
	at org.apache.ratis.util.LogUtils.runAndLog(LogUtils.java:38)
	at org.apache.ratis.util.LogUtils$1.run(LogUtils.java:79)
	at java.util.concurrent.Executors$RunnableAdapter.call(Executors.java:511)
	at java.util.concurrent.FutureTask.run(FutureTask.java:266)
	at java.util.concurrent.ThreadPoolExecutor.runWorker(ThreadPoolExecutor.java:1149)
	at java.util.concurrent.ThreadPoolExecutor$Worker.run(ThreadPoolExecutor.java:624)
	at java.lang.Thread.run(Thread.java:750)
Caused by: java.lang.NullPointerException
	at org.apache.hadoop.ozone.container.common.transport.server.ratis.XceiverServerRatis.triggerPipelineClose(XceiverServerRatis.java:715)
	at org.apache.hadoop.ozone.container.common.transport.server.ratis.XceiverServerRatis.handleApplyTransactionFailure(XceiverServerRatis.java:842)
	at org.apache.hadoop.ozone.container.common.transport.server.ratis.ContainerStateMachine.lambda$applyTransaction$11(ContainerStateMachine.java:968)
	at java.util.concurrent.CompletableFuture.uniApply(CompletableFuture.java:616)
	... 11 more
2023-11-15 04:58:25,311 [grpc-default-executor-1] ERROR impl.OrderedAsync (OrderedAsync.java:lambda$send$4(175)) - Failed to send request, message=cmdType: CreateContainer
traceID: ""
containerID: 111412792411291650
datanodeUuid: "e0099df7-4fc3-4ed7-b2f1-c9a664595203"
createContainer {
}
, data.size=0
java.util.concurrent.CompletionException: org.apache.ratis.protocol.exceptions.StateMachineException: org.apache.hadoop.hdds.scm.container.common.helpers.StorageContainerException: Block token verification failed. Failed to find any token (empty or null.)
	at org.apache.ratis.client.impl.RaftClientImpl.handleRaftException(RaftClientImpl.java:322)
	at org.apache.ratis.client.impl.OrderedAsync.lambda$send$3(OrderedAsync.java:172)
	at java.util.concurrent.CompletableFuture.uniApply(CompletableFuture.java:616)
	at java.util.concurrent.CompletableFuture$UniApply.tryFire(CompletableFuture.java:591)
	at java.util.concurrent.CompletableFuture.postComplete(CompletableFuture.java:488)
	at java.util.concurrent.CompletableFuture.complete(CompletableFuture.java:1975)
	at org.apache.ratis.client.impl.OrderedAsync$PendingOrderedRequest.setReply(OrderedAsync.java:98)
	at org.apache.ratis.client.impl.OrderedAsync$PendingOrderedRequest.setReply(OrderedAsync.java:59)
	at org.apache.ratis.util.SlidingWindow$RequestMap.setReply(SlidingWindow.java:144)
	at org.apache.ratis.util.SlidingWindow$Client.receiveReply(SlidingWindow.java:348)
	at org.apache.ratis.client.impl.OrderedAsync.lambda$sendRequest$9(OrderedAsync.java:248)
	at java.util.concurrent.CompletableFuture.uniApply(CompletableFuture.java:616)
	at java.util.concurrent.CompletableFuture$UniApply.tryFire(CompletableFuture.java:591)
	at java.util.concurrent.CompletableFuture.postComplete(CompletableFuture.java:488)
	at java.util.concurrent.CompletableFuture.complete(CompletableFuture.java:1975)
	at org.apache.ratis.grpc.client.GrpcClientProtocolClient$AsyncStreamObservers$1.lambda$onNext$0(GrpcClientProtocolClient.java:322)
	at java.util.Optional.ifPresent(Optional.java:159)
	at org.apache.ratis.grpc.client.GrpcClientProtocolClient$AsyncStreamObservers.handleReplyFuture(GrpcClientProtocolClient.java:378)
	at org.apache.ratis.grpc.client.GrpcClientProtocolClient$AsyncStreamObservers.access$100(GrpcClientProtocolClient.java:300)
	at org.apache.ratis.grpc.client.GrpcClientProtocolClient$AsyncStreamObservers$1.onNext(GrpcClientProtocolClient.java:322)
	at org.apache.ratis.grpc.client.GrpcClientProtocolClient$AsyncStreamObservers$1.onNext(GrpcClientProtocolClient.java:305)
	at org.apache.ratis.thirdparty.io.grpc.stub.ClientCalls$StreamObserverToCallListenerAdapter.onMessage(ClientCalls.java:474)
	at org.apache.ratis.thirdparty.io.grpc.ForwardingClientCallListener.onMessage(ForwardingClientCallListener.java:33)
	at org.apache.ratis.thirdparty.io.grpc.internal.ClientCallImpl$ClientStreamListenerImpl$1MessagesAvailable.runInternal(ClientCallImpl.java:662)
	at org.apache.ratis.thirdparty.io.grpc.internal.ClientCallImpl$ClientStreamListenerImpl$1MessagesAvailable.runInContext(ClientCallImpl.java:647)
	at org.apache.ratis.thirdparty.io.grpc.internal.ContextRunnable.run(ContextRunnable.java:37)
	at org.apache.ratis.thirdparty.io.grpc.internal.SerializingExecutor.run(SerializingExecutor.java:133)
	at java.util.concurrent.ThreadPoolExecutor.runWorker(ThreadPoolExecutor.java:1149)
	at java.util.concurrent.ThreadPoolExecutor$Worker.run(ThreadPoolExecutor.java:624)
	at java.lang.Thread.run(Thread.java:750)
Caused by: org.apache.ratis.protocol.exceptions.StateMachineException: org.apache.hadoop.hdds.scm.container.common.helpers.StorageContainerException: Block token verification failed. Failed to find any token (empty or null.)
	at org.apache.hadoop.ozone.container.common.transport.server.ratis.ContainerStateMachine.lambda$applyTransaction$11(ContainerStateMachine.java:956)
	at java.util.concurrent.CompletableFuture.uniApply(CompletableFuture.java:616)
	at java.util.concurrent.CompletableFuture$UniApply.tryFire(CompletableFuture.java:591)
	at java.util.concurrent.CompletableFuture.postComplete(CompletableFuture.java:488)
	at java.util.concurrent.CompletableFuture.complete(CompletableFuture.java:1975)
	at org.apache.ratis.util.TaskQueue.lambda$submit$0(TaskQueue.java:133)
	at org.apache.ratis.util.LogUtils.runAndLog(LogUtils.java:38)
	at org.apache.ratis.util.LogUtils$1.run(LogUtils.java:79)
	at java.util.concurrent.Executors$RunnableAdapter.call(Executors.java:511)
	at java.util.concurrent.FutureTask.run(FutureTask.java:266)
	... 3 more
2023-11-15 04:58:25,338 [e0099df7-4fc3-4ed7-b2f1-c9a664595203-client-thread1] ERROR ratis.ContainerStateMachine (ContainerStateMachine.java:startTransaction(369)) - startTransaction validation failed on leader
org.apache.hadoop.hdds.scm.container.common.helpers.StorageContainerException: Block token verification failed. Failed to find any token (empty or null.)
	at org.apache.hadoop.ozone.container.common.impl.HddsDispatcher.validateContainerCommand(HddsDispatcher.java:538)
	at org.apache.hadoop.ozone.container.common.transport.server.ratis.ContainerStateMachine.startTransaction(ContainerStateMachine.java:363)
	at org.apache.ratis.server.impl.RaftServerImpl.submitClientRequestAsync(RaftServerImpl.java:885)
	at org.apache.ratis.server.impl.RaftServerImpl.lambda$null$12(RaftServerImpl.java:831)
	at org.apache.ratis.util.JavaUtils.callAsUnchecked(JavaUtils.java:117)
	at org.apache.ratis.server.impl.RaftServerImpl.lambda$executeSubmitClientRequestAsync$13(RaftServerImpl.java:831)
	at java.util.concurrent.CompletableFuture$AsyncSupply.run(CompletableFuture.java:1604)
	at java.util.concurrent.ThreadPoolExecutor.runWorker(ThreadPoolExecutor.java:1149)
	at java.util.concurrent.ThreadPoolExecutor$Worker.run(ThreadPoolExecutor.java:624)
	at java.lang.Thread.run(Thread.java:750)
Caused by: org.apache.hadoop.hdds.security.token.BlockTokenException: Failed to find any token (empty or null.)
	at org.apache.hadoop.hdds.security.token.TokenVerifier.verify(TokenVerifier.java:60)
	at org.apache.hadoop.ozone.container.common.impl.HddsDispatcher.validateToken(HddsDispatcher.java:471)
	at org.apache.hadoop.ozone.container.common.impl.HddsDispatcher.validateContainerCommand(HddsDispatcher.java:535)
	... 9 more
2023-11-15 04:58:25,343 [grpc-default-executor-0] ERROR impl.OrderedAsync (OrderedAsync.java:lambda$send$4(175)) - Failed to send request, message=cmdType: WriteChunk
traceID: ""
containerID: 111412792411291650
datanodeUuid: "e0099df7-4fc3-4ed7-b2f1-c9a664595203"
writeChunk {
  blockID {
    containerID: 111412792411291650
    localID: 111412792411291651
    blockCommitSequenceId: 0
  }
  chunkData {
    chunkName: "111412792411291651.data.0"
    offset: 0
    len: 1024
    checksumData {
      type: CRC32
      bytesPerChecksum: 1048576
      checksums: "\270\232>g"
    }
  }
}
encodedToken: ""
, data.size=1024
java.util.concurrent.CompletionException: org.apache.ratis.protocol.exceptions.StateMachineException: org.apache.hadoop.hdds.scm.container.common.helpers.StorageContainerException: Block token verification failed. Failed to find any token (empty or null.)
	at org.apache.ratis.client.impl.RaftClientImpl.handleRaftException(RaftClientImpl.java:322)
	at org.apache.ratis.client.impl.OrderedAsync.lambda$send$3(OrderedAsync.java:172)
	at java.util.concurrent.CompletableFuture.uniApply(CompletableFuture.java:616)
	at java.util.concurrent.CompletableFuture$UniApply.tryFire(CompletableFuture.java:591)
	at java.util.concurrent.CompletableFuture.postComplete(CompletableFuture.java:488)
	at java.util.concurrent.CompletableFuture.complete(CompletableFuture.java:1975)
	at org.apache.ratis.client.impl.OrderedAsync$PendingOrderedRequest.setReply(OrderedAsync.java:98)
	at org.apache.ratis.client.impl.OrderedAsync$PendingOrderedRequest.setReply(OrderedAsync.java:59)
	at org.apache.ratis.util.SlidingWindow$RequestMap.setReply(SlidingWindow.java:144)
	at org.apache.ratis.util.SlidingWindow$Client.receiveReply(SlidingWindow.java:348)
	at org.apache.ratis.client.impl.OrderedAsync.lambda$sendRequest$9(OrderedAsync.java:248)
	at java.util.concurrent.CompletableFuture.uniApply(CompletableFuture.java:616)
	at java.util.concurrent.CompletableFuture$UniApply.tryFire(CompletableFuture.java:591)
	at java.util.concurrent.CompletableFuture.postComplete(CompletableFuture.java:488)
	at java.util.concurrent.CompletableFuture.complete(CompletableFuture.java:1975)
	at org.apache.ratis.grpc.client.GrpcClientProtocolClient$AsyncStreamObservers$1.lambda$onNext$0(GrpcClientProtocolClient.java:322)
	at java.util.Optional.ifPresent(Optional.java:159)
	at org.apache.ratis.grpc.client.GrpcClientProtocolClient$AsyncStreamObservers.handleReplyFuture(GrpcClientProtocolClient.java:378)
	at org.apache.ratis.grpc.client.GrpcClientProtocolClient$AsyncStreamObservers.access$100(GrpcClientProtocolClient.java:300)
	at org.apache.ratis.grpc.client.GrpcClientProtocolClient$AsyncStreamObservers$1.onNext(GrpcClientProtocolClient.java:322)
	at org.apache.ratis.grpc.client.GrpcClientProtocolClient$AsyncStreamObservers$1.onNext(GrpcClientProtocolClient.java:305)
	at org.apache.ratis.thirdparty.io.grpc.stub.ClientCalls$StreamObserverToCallListenerAdapter.onMessage(ClientCalls.java:474)
	at org.apache.ratis.thirdparty.io.grpc.ForwardingClientCallListener.onMessage(ForwardingClientCallListener.java:33)
	at org.apache.ratis.thirdparty.io.grpc.internal.ClientCallImpl$ClientStreamListenerImpl$1MessagesAvailable.runInternal(ClientCallImpl.java:662)
	at org.apache.ratis.thirdparty.io.grpc.internal.ClientCallImpl$ClientStreamListenerImpl$1MessagesAvailable.runInContext(ClientCallImpl.java:647)
	at org.apache.ratis.thirdparty.io.grpc.internal.ContextRunnable.run(ContextRunnable.java:37)
	at org.apache.ratis.thirdparty.io.grpc.internal.SerializingExecutor.run(SerializingExecutor.java:133)
	at java.util.concurrent.ThreadPoolExecutor.runWorker(ThreadPoolExecutor.java:1149)
	at java.util.concurrent.ThreadPoolExecutor$Worker.run(ThreadPoolExecutor.java:624)
	at java.lang.Thread.run(Thread.java:750)
Caused by: org.apache.ratis.protocol.exceptions.StateMachineException: org.apache.hadoop.hdds.scm.container.common.helpers.StorageContainerException: Block token verification failed. Failed to find any token (empty or null.)
	at org.apache.hadoop.ozone.container.common.impl.HddsDispatcher.validateContainerCommand(HddsDispatcher.java:538)
	at org.apache.hadoop.ozone.container.common.transport.server.ratis.ContainerStateMachine.startTransaction(ContainerStateMachine.java:363)
	at org.apache.ratis.server.impl.RaftServerImpl.submitClientRequestAsync(RaftServerImpl.java:885)
	at org.apache.ratis.server.impl.RaftServerImpl.lambda$null$12(RaftServerImpl.java:831)
	at org.apache.ratis.util.JavaUtils.callAsUnchecked(JavaUtils.java:117)
	at org.apache.ratis.server.impl.RaftServerImpl.lambda$executeSubmitClientRequestAsync$13(RaftServerImpl.java:831)
	at java.util.concurrent.CompletableFuture$AsyncSupply.run(CompletableFuture.java:1604)
	... 3 more
2023-11-15 04:58:25,364 [e0099df7-4fc3-4ed7-b2f1-c9a664595203-client-thread1] ERROR ratis.ContainerStateMachine (ContainerStateMachine.java:startTransaction(369)) - startTransaction validation failed on leader
org.apache.hadoop.hdds.scm.container.common.helpers.StorageContainerException: Block token verification failed. Failed to find any token (empty or null.)
	at org.apache.hadoop.ozone.container.common.impl.HddsDispatcher.validateContainerCommand(HddsDispatcher.java:538)
	at org.apache.hadoop.ozone.container.common.transport.server.ratis.ContainerStateMachine.startTransaction(ContainerStateMachine.java:363)
	at org.apache.ratis.server.impl.RaftServerImpl.submitClientRequestAsync(RaftServerImpl.java:885)
	at org.apache.ratis.server.impl.RaftServerImpl.lambda$null$12(RaftServerImpl.java:831)
	at org.apache.ratis.util.JavaUtils.callAsUnchecked(JavaUtils.java:117)
	at org.apache.ratis.server.impl.RaftServerImpl.lambda$executeSubmitClientRequestAsync$13(RaftServerImpl.java:831)
	at java.util.concurrent.CompletableFuture$AsyncSupply.run(CompletableFuture.java:1604)
	at java.util.concurrent.ThreadPoolExecutor.runWorker(ThreadPoolExecutor.java:1149)
	at java.util.concurrent.ThreadPoolExecutor$Worker.run(ThreadPoolExecutor.java:624)
	at java.lang.Thread.run(Thread.java:750)
Caused by: org.apache.hadoop.hdds.security.token.BlockTokenException: Failed to find any token (empty or null.)
	at org.apache.hadoop.hdds.security.token.TokenVerifier.verify(TokenVerifier.java:60)
	at org.apache.hadoop.ozone.container.common.impl.HddsDispatcher.validateToken(HddsDispatcher.java:471)
	at org.apache.hadoop.ozone.container.common.impl.HddsDispatcher.validateContainerCommand(HddsDispatcher.java:535)
	... 9 more
2023-11-15 04:58:25,373 [grpc-default-executor-0] ERROR impl.OrderedAsync (OrderedAsync.java:lambda$send$4(175)) - Failed to send request, message=cmdType: PutBlock
traceID: ""
containerID: 111412792411291650
datanodeUuid: "e0099df7-4fc3-4ed7-b2f1-c9a664595203"
putBlock {
  blockData {
    blockID {
      containerID: 111412792411291650
      localID: 111412792411291651
      blockCommitSequenceId: 0
    }
    chunks {
      chunkName: "111412792411291651.data.0"
      offset: 0
      len: 1024
      checksumData {
        type: CRC32
        bytesPerChecksum: 1048576
        checksums: "\270\232>g"
      }
    }
    size: 1024
  }
}
encodedToken: ""
, data.size=0
java.util.concurrent.CompletionException: org.apache.ratis.protocol.exceptions.StateMachineException: org.apache.hadoop.hdds.scm.container.common.helpers.StorageContainerException: Block token verification failed. Failed to find any token (empty or null.)
	at org.apache.ratis.client.impl.RaftClientImpl.handleRaftException(RaftClientImpl.java:322)
	at org.apache.ratis.client.impl.OrderedAsync.lambda$send$3(OrderedAsync.java:172)
	at java.util.concurrent.CompletableFuture.uniApply(CompletableFuture.java:616)
	at java.util.concurrent.CompletableFuture$UniApply.tryFire(CompletableFuture.java:591)
	at java.util.concurrent.CompletableFuture.postComplete(CompletableFuture.java:488)
	at java.util.concurrent.CompletableFuture.complete(CompletableFuture.java:1975)
	at org.apache.ratis.client.impl.OrderedAsync$PendingOrderedRequest.setReply(OrderedAsync.java:98)
	at org.apache.ratis.client.impl.OrderedAsync$PendingOrderedRequest.setReply(OrderedAsync.java:59)
	at org.apache.ratis.util.SlidingWindow$RequestMap.setReply(SlidingWindow.java:144)
	at org.apache.ratis.util.SlidingWindow$Client.receiveReply(SlidingWindow.java:348)
	at org.apache.ratis.client.impl.OrderedAsync.lambda$sendRequest$9(OrderedAsync.java:248)
	at java.util.concurrent.CompletableFuture.uniApply(CompletableFuture.java:616)
	at java.util.concurrent.CompletableFuture$UniApply.tryFire(CompletableFuture.java:591)
	at java.util.concurrent.CompletableFuture.postComplete(CompletableFuture.java:488)
	at java.util.concurrent.CompletableFuture.complete(CompletableFuture.java:1975)
	at org.apache.ratis.grpc.client.GrpcClientProtocolClient$AsyncStreamObservers$1.lambda$onNext$0(GrpcClientProtocolClient.java:322)
	at java.util.Optional.ifPresent(Optional.java:159)
	at org.apache.ratis.grpc.client.GrpcClientProtocolClient$AsyncStreamObservers.handleReplyFuture(GrpcClientProtocolClient.java:378)
	at org.apache.ratis.grpc.client.GrpcClientProtocolClient$AsyncStreamObservers.access$100(GrpcClientProtocolClient.java:300)
	at org.apache.ratis.grpc.client.GrpcClientProtocolClient$AsyncStreamObservers$1.onNext(GrpcClientProtocolClient.java:322)
	at org.apache.ratis.grpc.client.GrpcClientProtocolClient$AsyncStreamObservers$1.onNext(GrpcClientProtocolClient.java:305)
	at org.apache.ratis.thirdparty.io.grpc.stub.ClientCalls$StreamObserverToCallListenerAdapter.onMessage(ClientCalls.java:474)
	at org.apache.ratis.thirdparty.io.grpc.ForwardingClientCallListener.onMessage(ForwardingClientCallListener.java:33)
	at org.apache.ratis.thirdparty.io.grpc.internal.ClientCallImpl$ClientStreamListenerImpl$1MessagesAvailable.runInternal(ClientCallImpl.java:662)
	at org.apache.ratis.thirdparty.io.grpc.internal.ClientCallImpl$ClientStreamListenerImpl$1MessagesAvailable.runInContext(ClientCallImpl.java:647)
	at org.apache.ratis.thirdparty.io.grpc.internal.ContextRunnable.run(ContextRunnable.java:37)
	at org.apache.ratis.thirdparty.io.grpc.internal.SerializingExecutor.run(SerializingExecutor.java:133)
	at java.util.concurrent.ThreadPoolExecutor.runWorker(ThreadPoolExecutor.java:1149)
	at java.util.concurrent.ThreadPoolExecutor$Worker.run(ThreadPoolExecutor.java:624)
	at java.lang.Thread.run(Thread.java:750)
Caused by: org.apache.ratis.protocol.exceptions.StateMachineException: org.apache.hadoop.hdds.scm.container.common.helpers.StorageContainerException: Block token verification failed. Failed to find any token (empty or null.)
	at org.apache.hadoop.ozone.container.common.impl.HddsDispatcher.validateContainerCommand(HddsDispatcher.java:538)
	at org.apache.hadoop.ozone.container.common.transport.server.ratis.ContainerStateMachine.startTransaction(ContainerStateMachine.java:363)
	at org.apache.ratis.server.impl.RaftServerImpl.submitClientRequestAsync(RaftServerImpl.java:885)
	at org.apache.ratis.server.impl.RaftServerImpl.lambda$null$12(RaftServerImpl.java:831)
	at org.apache.ratis.util.JavaUtils.callAsUnchecked(JavaUtils.java:117)
	at org.apache.ratis.server.impl.RaftServerImpl.lambda$executeSubmitClientRequestAsync$13(RaftServerImpl.java:831)
	at java.util.concurrent.CompletableFuture$AsyncSupply.run(CompletableFuture.java:1604)
	... 3 more
2023-11-15 04:58:25,387 [e0099df7-4fc3-4ed7-b2f1-c9a664595203-client-thread1] WARN  impl.HddsDispatcher (ContainerUtils.java:logAndReturnError(97)) - Operation: ReadChunk , Trace ID:  , Message: Block token verification failed. Failed to find any token (empty or null.) , Result: BLOCK_TOKEN_VERIFICATION_FAILED , StorageContainerException Occurred.
org.apache.hadoop.hdds.scm.container.common.helpers.StorageContainerException: Block token verification failed. Failed to find any token (empty or null.)
	at org.apache.hadoop.ozone.container.common.impl.HddsDispatcher.dispatchRequest(HddsDispatcher.java:221)
	at org.apache.hadoop.ozone.container.common.impl.HddsDispatcher.lambda$dispatch$0(HddsDispatcher.java:179)
	at org.apache.hadoop.hdds.server.OzoneProtocolMessageDispatcher.processRequest(OzoneProtocolMessageDispatcher.java:89)
	at org.apache.hadoop.ozone.container.common.impl.HddsDispatcher.dispatch(HddsDispatcher.java:178)
	at org.apache.hadoop.ozone.container.common.transport.server.ratis.ContainerStateMachine.dispatchCommand(ContainerStateMachine.java:446)
	at org.apache.hadoop.ozone.container.common.transport.server.ratis.ContainerStateMachine.runCommand(ContainerStateMachine.java:456)
	at org.apache.hadoop.ozone.container.common.transport.server.ratis.ContainerStateMachine.query(ContainerStateMachine.java:689)
	at org.apache.ratis.server.impl.RaftServerImpl.queryStateMachine(RaftServerImpl.java:1013)
	at org.apache.ratis.server.impl.RaftServerImpl.readAsync(RaftServerImpl.java:980)
	at org.apache.ratis.server.impl.RaftServerImpl.submitClientRequestAsync(RaftServerImpl.java:847)
	at org.apache.ratis.server.impl.RaftServerImpl.lambda$null$12(RaftServerImpl.java:831)
	at org.apache.ratis.util.JavaUtils.callAsUnchecked(JavaUtils.java:117)
	at org.apache.ratis.server.impl.RaftServerImpl.lambda$executeSubmitClientRequestAsync$13(RaftServerImpl.java:831)
	at java.util.concurrent.CompletableFuture$AsyncSupply.run(CompletableFuture.java:1604)
	at java.util.concurrent.ThreadPoolExecutor.runWorker(ThreadPoolExecutor.java:1149)
	at java.util.concurrent.ThreadPoolExecutor$Worker.run(ThreadPoolExecutor.java:624)
	at java.lang.Thread.run(Thread.java:750)
Caused by: org.apache.hadoop.hdds.security.token.BlockTokenException: Failed to find any token (empty or null.)
	at org.apache.hadoop.hdds.security.token.TokenVerifier.verify(TokenVerifier.java:60)
	at org.apache.hadoop.ozone.container.common.impl.HddsDispatcher.validateToken(HddsDispatcher.java:471)
	at org.apache.hadoop.ozone.container.common.impl.HddsDispatcher.dispatchRequest(HddsDispatcher.java:218)
	... 16 more
2023-11-15 04:58:25,394 [e0099df7-4fc3-4ed7-b2f1-c9a664595203-client-thread1] WARN  impl.HddsDispatcher (ContainerUtils.java:logAndReturnError(97)) - Operation: GetBlock , Trace ID:  , Message: Block token verification failed. Failed to find any token (empty or null.) , Result: BLOCK_TOKEN_VERIFICATION_FAILED , StorageContainerException Occurred.
org.apache.hadoop.hdds.scm.container.common.helpers.StorageContainerException: Block token verification failed. Failed to find any token (empty or null.)
	at org.apache.hadoop.ozone.container.common.impl.HddsDispatcher.dispatchRequest(HddsDispatcher.java:221)
	at org.apache.hadoop.ozone.container.common.impl.HddsDispatcher.lambda$dispatch$0(HddsDispatcher.java:179)
	at org.apache.hadoop.hdds.server.OzoneProtocolMessageDispatcher.processRequest(OzoneProtocolMessageDispatcher.java:89)
	at org.apache.hadoop.ozone.container.common.impl.HddsDispatcher.dispatch(HddsDispatcher.java:178)
	at org.apache.hadoop.ozone.container.common.transport.server.ratis.ContainerStateMachine.dispatchCommand(ContainerStateMachine.java:446)
	at org.apache.hadoop.ozone.container.common.transport.server.ratis.ContainerStateMachine.runCommand(ContainerStateMachine.java:456)
	at org.apache.hadoop.ozone.container.common.transport.server.ratis.ContainerStateMachine.query(ContainerStateMachine.java:689)
	at org.apache.ratis.server.impl.RaftServerImpl.queryStateMachine(RaftServerImpl.java:1013)
	at org.apache.ratis.server.impl.RaftServerImpl.readAsync(RaftServerImpl.java:980)
	at org.apache.ratis.server.impl.RaftServerImpl.submitClientRequestAsync(RaftServerImpl.java:847)
	at org.apache.ratis.server.impl.RaftServerImpl.lambda$null$12(RaftServerImpl.java:831)
	at org.apache.ratis.util.JavaUtils.callAsUnchecked(JavaUtils.java:117)
	at org.apache.ratis.server.impl.RaftServerImpl.lambda$executeSubmitClientRequestAsync$13(RaftServerImpl.java:831)
	at java.util.concurrent.CompletableFuture$AsyncSupply.run(CompletableFuture.java:1604)
	at java.util.concurrent.ThreadPoolExecutor.runWorker(ThreadPoolExecutor.java:1149)
	at java.util.concurrent.ThreadPoolExecutor$Worker.run(ThreadPoolExecutor.java:624)
	at java.lang.Thread.run(Thread.java:750)
Caused by: org.apache.hadoop.hdds.security.token.BlockTokenException: Failed to find any token (empty or null.)
	at org.apache.hadoop.hdds.security.token.TokenVerifier.verify(TokenVerifier.java:60)
	at org.apache.hadoop.ozone.container.common.impl.HddsDispatcher.validateToken(HddsDispatcher.java:471)
	at org.apache.hadoop.ozone.container.common.impl.HddsDispatcher.dispatchRequest(HddsDispatcher.java:218)
	... 16 more
2023-11-15 04:58:25,404 [e0099df7-4fc3-4ed7-b2f1-c9a664595203-client-thread2] WARN  impl.HddsDispatcher (ContainerUtils.java:logAndReturnError(97)) - Operation: GetCommittedBlockLength , Trace ID:  , Message: Block token verification failed. Failed to find any token (empty or null.) , Result: BLOCK_TOKEN_VERIFICATION_FAILED , StorageContainerException Occurred.
org.apache.hadoop.hdds.scm.container.common.helpers.StorageContainerException: Block token verification failed. Failed to find any token (empty or null.)
	at org.apache.hadoop.ozone.container.common.impl.HddsDispatcher.dispatchRequest(HddsDispatcher.java:221)
	at org.apache.hadoop.ozone.container.common.impl.HddsDispatcher.lambda$dispatch$0(HddsDispatcher.java:179)
	at org.apache.hadoop.hdds.server.OzoneProtocolMessageDispatcher.processRequest(OzoneProtocolMessageDispatcher.java:89)
	at org.apache.hadoop.ozone.container.common.impl.HddsDispatcher.dispatch(HddsDispatcher.java:178)
	at org.apache.hadoop.ozone.container.common.transport.server.ratis.ContainerStateMachine.dispatchCommand(ContainerStateMachine.java:446)
	at org.apache.hadoop.ozone.container.common.transport.server.ratis.ContainerStateMachine.runCommand(ContainerStateMachine.java:456)
	at org.apache.hadoop.ozone.container.common.transport.server.ratis.ContainerStateMachine.query(ContainerStateMachine.java:689)
	at org.apache.ratis.server.impl.RaftServerImpl.queryStateMachine(RaftServerImpl.java:1013)
	at org.apache.ratis.server.impl.RaftServerImpl.readAsync(RaftServerImpl.java:980)
	at org.apache.ratis.server.impl.RaftServerImpl.submitClientRequestAsync(RaftServerImpl.java:847)
	at org.apache.ratis.server.impl.RaftServerImpl.lambda$null$12(RaftServerImpl.java:831)
	at org.apache.ratis.util.JavaUtils.callAsUnchecked(JavaUtils.java:117)
	at org.apache.ratis.server.impl.RaftServerImpl.lambda$executeSubmitClientRequestAsync$13(RaftServerImpl.java:831)
	at java.util.concurrent.CompletableFuture$AsyncSupply.run(CompletableFuture.java:1604)
	at java.util.concurrent.ThreadPoolExecutor.runWorker(ThreadPoolExecutor.java:1149)
	at java.util.concurrent.ThreadPoolExecutor$Worker.run(ThreadPoolExecutor.java:624)
	at java.lang.Thread.run(Thread.java:750)
Caused by: org.apache.hadoop.hdds.security.token.BlockTokenException: Failed to find any token (empty or null.)
	at org.apache.hadoop.hdds.security.token.TokenVerifier.verify(TokenVerifier.java:60)
	at org.apache.hadoop.ozone.container.common.impl.HddsDispatcher.validateToken(HddsDispatcher.java:471)
	at org.apache.hadoop.ozone.container.common.impl.HddsDispatcher.dispatchRequest(HddsDispatcher.java:218)
	... 16 more
2023-11-15 04:58:25,415 [main] INFO  server.RaftServer (RaftServerProxy.java:lambda$close$6(416)) - e0099df7-4fc3-4ed7-b2f1-c9a664595203: close
2023-11-15 04:58:25,416 [e0099df7-4fc3-4ed7-b2f1-c9a664595203-impl-thread1] INFO  server.RaftServer$Division (RaftServerImpl.java:lambda$close$4(466)) - e0099df7-4fc3-4ed7-b2f1-c9a664595203@group-F62CB206737E: shutdown
2023-11-15 04:58:25,416 [e0099df7-4fc3-4ed7-b2f1-c9a664595203-impl-thread1] INFO  util.JmxRegister (JmxRegister.java:unregister(73)) - Successfully un-registered JMX Bean with object name Ratis:service=RaftServer,group=group-F62CB206737E,id=e0099df7-4fc3-4ed7-b2f1-c9a664595203
2023-11-15 04:58:25,416 [e0099df7-4fc3-4ed7-b2f1-c9a664595203-impl-thread1] INFO  impl.RoleInfo (RoleInfo.java:shutdownLeaderState(93)) - e0099df7-4fc3-4ed7-b2f1-c9a664595203: shutdown e0099df7-4fc3-4ed7-b2f1-c9a664595203@group-F62CB206737E-LeaderStateImpl
2023-11-15 04:58:25,417 [e0099df7-4fc3-4ed7-b2f1-c9a664595203-impl-thread1] INFO  impl.PendingRequests (PendingRequests.java:sendNotLeaderResponses(289)) - e0099df7-4fc3-4ed7-b2f1-c9a664595203@group-F62CB206737E-PendingRequests: sendNotLeaderResponses
2023-11-15 04:58:25,419 [e0099df7-4fc3-4ed7-b2f1-c9a664595203-impl-thread1] INFO  impl.StateMachineUpdater (StateMachineUpdater.java:stopAndJoin(155)) - e0099df7-4fc3-4ed7-b2f1-c9a664595203@group-F62CB206737E-StateMachineUpdater: set stopIndex = 8
2023-11-15 04:58:25,419 [e0099df7-4fc3-4ed7-b2f1-c9a664595203@group-F62CB206737E-StateMachineUpdater] ERROR ratis.ContainerStateMachine (ContainerStateMachine.java:takeSnapshot(331)) - Failed to take snapshot  for group-F62CB206737E as the stateMachine is unhealthy. The last applied index is at (t:1, i:0)
2023-11-15 04:58:25,420 [main] INFO  server.GrpcService (GrpcService.java:closeImpl(311)) - e0099df7-4fc3-4ed7-b2f1-c9a664595203: shutdown server GrpcServerProtocolService now
2023-11-15 04:58:25,419 [e0099df7-4fc3-4ed7-b2f1-c9a664595203@group-F62CB206737E-StateMachineUpdater] ERROR impl.StateMachineUpdater (StateMachineUpdater.java:takeSnapshot(286)) - e0099df7-4fc3-4ed7-b2f1-c9a664595203@group-F62CB206737E-StateMachineUpdater: Failed to take snapshot
org.apache.ratis.protocol.exceptions.StateMachineException: Failed to take snapshot  for group-F62CB206737E as the stateMachine is unhealthy. The last applied index is at (t:1, i:0)
	at org.apache.hadoop.ozone.container.common.transport.server.ratis.ContainerStateMachine.takeSnapshot(ContainerStateMachine.java:330)
	at org.apache.ratis.server.impl.StateMachineUpdater.takeSnapshot(StateMachineUpdater.java:274)
	at org.apache.ratis.server.impl.StateMachineUpdater.checkAndTakeSnapshot(StateMachineUpdater.java:266)
	at org.apache.ratis.server.impl.StateMachineUpdater.run(StateMachineUpdater.java:185)
	at java.lang.Thread.run(Thread.java:750)
2023-11-15 04:58:25,421 [e0099df7-4fc3-4ed7-b2f1-c9a664595203@group-F62CB206737E-StateMachineUpdater] ERROR ratis.ContainerStateMachine (ContainerStateMachine.java:takeSnapshot(331)) - Failed to take snapshot  for group-F62CB206737E as the stateMachine is unhealthy. The last applied index is at (t:1, i:0)
2023-11-15 04:58:25,421 [e0099df7-4fc3-4ed7-b2f1-c9a664595203@group-F62CB206737E-StateMachineUpdater] ERROR impl.StateMachineUpdater (StateMachineUpdater.java:takeSnapshot(286)) - e0099df7-4fc3-4ed7-b2f1-c9a664595203@group-F62CB206737E-StateMachineUpdater: Failed to take snapshot
org.apache.ratis.protocol.exceptions.StateMachineException: Failed to take snapshot  for group-F62CB206737E as the stateMachine is unhealthy. The last applied index is at (t:1, i:0)
	at org.apache.hadoop.ozone.container.common.transport.server.ratis.ContainerStateMachine.takeSnapshot(ContainerStateMachine.java:330)
	at org.apache.ratis.server.impl.StateMachineUpdater.takeSnapshot(StateMachineUpdater.java:274)
	at org.apache.ratis.server.impl.StateMachineUpdater.checkAndTakeSnapshot(StateMachineUpdater.java:266)
	at org.apache.ratis.server.impl.StateMachineUpdater.run(StateMachineUpdater.java:188)
	at java.lang.Thread.run(Thread.java:750)
2023-11-15 04:58:25,423 [e0099df7-4fc3-4ed7-b2f1-c9a664595203-impl-thread1] INFO  server.RaftServer$Division (ServerState.java:close(472)) - e0099df7-4fc3-4ed7-b2f1-c9a664595203@group-F62CB206737E: closes. applyIndex: 0
2023-11-15 04:58:25,429 [main] INFO  server.GrpcService (GrpcService.java:closeImpl(320)) - e0099df7-4fc3-4ed7-b2f1-c9a664595203: shutdown server GrpcServerProtocolService successfully
2023-11-15 04:58:25,430 [e0099df7-4fc3-4ed7-b2f1-c9a664595203-NettyServerStreamRpc-bossGroup--thread1] INFO  logging.LoggingHandler (AbstractInternalLogger.java:log(148)) - [id: 0xbd44aa7b, L:/0:0:0:0:0:0:0:0:45333] CLOSE
2023-11-15 04:58:25,430 [e0099df7-4fc3-4ed7-b2f1-c9a664595203-NettyServerStreamRpc-bossGroup--thread1] INFO  logging.LoggingHandler (AbstractInternalLogger.java:log(148)) - [id: 0xbd44aa7b, L:/0:0:0:0:0:0:0:0:45333] INACTIVE
2023-11-15 04:58:25,431 [e0099df7-4fc3-4ed7-b2f1-c9a664595203-NettyServerStreamRpc-bossGroup--thread1] INFO  logging.LoggingHandler (AbstractInternalLogger.java:log(148)) - [id: 0xbd44aa7b, L:/0:0:0:0:0:0:0:0:45333] UNREGISTERED
2023-11-15 04:58:26,380 [e0099df7-4fc3-4ed7-b2f1-c9a664595203-impl-thread1] INFO  segmented.SegmentedRaftLogWorker (SegmentedRaftLogWorker.java:close(252)) - e0099df7-4fc3-4ed7-b2f1-c9a664595203@group-F62CB206737E-SegmentedRaftLogWorker close()
2023-11-15 04:58:26,383 [JvmPauseMonitor0] INFO  util.JvmPauseMonitor (JvmPauseMonitor.java:run(109)) - JvmPauseMonitor-e0099df7-4fc3-4ed7-b2f1-c9a664595203: Stopped
2023-11-15 04:58:26,384 [main] INFO  ozone.RatisTestHelper (RatisTestHelper.java:initRatisConf(107)) - dfs.container.ratis.rpc.type = GRPC
2023-11-15 04:58:26,387 [main] INFO  volume.HddsVolume (HddsVolume.java:<init>(126)) - Creating HddsVolume: /home/runner/work/ozone/ozone/hadoop-ozone/integration-test/target/test-dir/dfs/dfs/data/hdds/mDoS/hdds of storage type : DISK capacity : 9223372036854775807
2023-11-15 04:58:26,388 [main] INFO  volume.MutableVolumeSet (MutableVolumeSet.java:initializeVolumeSet(173)) - Added Volume : /home/runner/work/ozone/ozone/hadoop-ozone/integration-test/target/test-dir/dfs/dfs/data/hdds/mDoS/hdds to VolumeSet
2023-11-15 04:58:26,393 [main] INFO  server.RaftServer (ConfUtils.java:logGet(46)) - raft.rpc.type = GRPC (default)
2023-11-15 04:58:26,394 [main] INFO  grpc.GrpcConfigKeys (ConfUtils.java:logFallback(53)) - raft.grpc.admin.host = null (fallback to raft.grpc.server.host)
2023-11-15 04:58:26,394 [main] INFO  grpc.GrpcConfigKeys (ConfUtils.java:logGet(46)) - raft.grpc.admin.port = 40127 (custom)
2023-11-15 04:58:26,394 [main] INFO  grpc.GrpcConfigKeys (ConfUtils.java:logFallback(53)) - raft.grpc.client.host = null (fallback to raft.grpc.server.host)
2023-11-15 04:58:26,394 [main] INFO  grpc.GrpcConfigKeys (ConfUtils.java:logGet(46)) - raft.grpc.client.port = 40127 (custom)
2023-11-15 04:58:26,394 [main] INFO  grpc.GrpcConfigKeys (ConfUtils.java:logGet(46)) - raft.grpc.server.host = null (default)
2023-11-15 04:58:26,395 [main] INFO  grpc.GrpcConfigKeys (ConfUtils.java:logGet(46)) - raft.grpc.server.port = 40127 (custom)
2023-11-15 04:58:26,395 [main] INFO  server.GrpcService (ConfUtils.java:logGet(46)) - raft.grpc.message.size.max = 32MB (=33554432) (custom)
2023-11-15 04:58:26,395 [main] INFO  server.RaftServerConfigKeys (ConfUtils.java:logGet(46)) - raft.server.log.appender.buffer.byte-limit = 33554432 (custom)
2023-11-15 04:58:26,395 [main] INFO  server.GrpcService (ConfUtils.java:logGet(46)) - raft.grpc.flow.control.window = 5MB (=5242880) (custom)
2023-11-15 04:58:26,395 [main] INFO  server.RaftServerConfigKeys (ConfUtils.java:logGet(46)) - raft.server.rpc.request.timeout = 60s (custom)
2023-11-15 04:58:26,395 [main] INFO  grpc.GrpcConfigKeys (ConfUtils.java:logGet(46)) - raft.grpc.server.heartbeat.channel = true (default)
2023-11-15 04:58:26,396 [main] INFO  grpc.GrpcConfigKeys (ConfUtils.java:logGet(46)) - raft.grpc.server.async.request.thread.pool.cached = true (default)
2023-11-15 04:58:26,396 [main] INFO  grpc.GrpcConfigKeys (ConfUtils.java:logGet(46)) - raft.grpc.server.async.request.thread.pool.size = 32 (default)
2023-11-15 04:58:26,397 [main] INFO  impl.DataStreamServerImpl (ConfUtils.java:logGet(46)) - raft.datastream.type = NETTY (custom)
2023-11-15 04:58:26,398 [main] INFO  server.RaftServerConfigKeys (ConfUtils.java:logGet(46)) - raft.server.data-stream.async.request.thread.pool.cached = false (default)
2023-11-15 04:58:26,398 [main] INFO  server.RaftServerConfigKeys (ConfUtils.java:logGet(46)) - raft.server.data-stream.async.request.thread.pool.size = 20 (custom)
2023-11-15 04:58:26,398 [main] INFO  server.RaftServerConfigKeys (ConfUtils.java:logGet(46)) - raft.server.data-stream.async.write.thread.pool.size = 16 (default)
2023-11-15 04:58:26,398 [main] INFO  server.RaftServerConfigKeys (ConfUtils.java:logGet(46)) - raft.server.data-stream.client.pool.size = 10 (default)
2023-11-15 04:58:26,398 [main] INFO  netty.NettyConfigKeys$DataStream (ConfUtils.java:logGet(46)) - raft.netty.dataStream.server.use-epoll = false (default)
2023-11-15 04:58:26,399 [main] INFO  netty.NettyConfigKeys$DataStream (ConfUtils.java:logGet(46)) - raft.netty.dataStream.server.boss-group.size = 0 (default)
2023-11-15 04:58:26,399 [main] INFO  netty.NettyConfigKeys$DataStream (ConfUtils.java:logGet(46)) - raft.netty.dataStream.server.worker-group.size = 0 (default)
2023-11-15 04:58:26,399 [main] INFO  netty.NettyConfigKeys$DataStream (ConfUtils.java:logGet(46)) - raft.netty.dataStream.server.tls.conf = null (default)
2023-11-15 04:58:26,400 [main] INFO  netty.NettyConfigKeys$DataStream (ConfUtils.java:logGet(46)) - raft.netty.dataStream.host = null (default)
2023-11-15 04:58:26,400 [main] INFO  netty.NettyConfigKeys$DataStream (ConfUtils.java:logGet(46)) - raft.netty.dataStream.port = 0 (default)
2023-11-15 04:58:26,400 [main] INFO  server.RaftServerConfigKeys (ConfUtils.java:logGet(46)) - raft.server.threadpool.proxy.cached = true (default)
2023-11-15 04:58:26,400 [main] INFO  server.RaftServerConfigKeys (ConfUtils.java:logGet(46)) - raft.server.threadpool.proxy.size = 0 (default)
2023-11-15 04:58:26,401 [main] INFO  server.RaftServerConfigKeys (ConfUtils.java:logGet(46)) - raft.server.rpc.slowness.timeout = 300s (custom)
2023-11-15 04:58:26,401 [main] INFO  server.RaftServerConfigKeys (ConfUtils.java:logGet(46)) - raft.server.leaderelection.leader.step-down.wait-time = 10s (default)
2023-11-15 04:58:26,401 [main] INFO  server.RaftServerConfigKeys (ConfUtils.java:logGet(46)) - raft.server.storage.dir = [/home/runner/work/ozone/ozone/hadoop-ozone/integration-test/target/test-dir/dfs/f9688f73-4c34-4f5a-91dc-9785e7aaf67d] (custom)
2023-11-15 04:58:26,402 [f9688f73-4c34-4f5a-91dc-9785e7aaf67d-NettyServerStreamRpc-bossGroup--thread1] INFO  logging.LoggingHandler (AbstractInternalLogger.java:log(148)) - [id: 0x52de6901] REGISTERED
2023-11-15 04:58:26,402 [main] INFO  ratis.XceiverServerRatis (XceiverServerRatis.java:start(518)) - Starting XceiverServerRatis f9688f73-4c34-4f5a-91dc-9785e7aaf67d
2023-11-15 04:58:26,402 [f9688f73-4c34-4f5a-91dc-9785e7aaf67d-NettyServerStreamRpc-bossGroup--thread1] INFO  logging.LoggingHandler (AbstractInternalLogger.java:log(148)) - [id: 0x52de6901] BIND: 0.0.0.0/0.0.0.0:0
2023-11-15 04:58:26,403 [f9688f73-4c34-4f5a-91dc-9785e7aaf67d-NettyServerStreamRpc-bossGroup--thread1] INFO  logging.LoggingHandler (AbstractInternalLogger.java:log(148)) - [id: 0x52de6901, L:/0:0:0:0:0:0:0:0:45227] ACTIVE
2023-11-15 04:58:26,413 [main] INFO  server.RaftServer (RaftServerProxy.java:startImpl(400)) - f9688f73-4c34-4f5a-91dc-9785e7aaf67d: start RPC server
2023-11-15 04:58:26,414 [main] INFO  server.GrpcService (GrpcService.java:startImpl(302)) - f9688f73-4c34-4f5a-91dc-9785e7aaf67d: GrpcService started, listening on 40127
2023-11-15 04:58:26,415 [main] INFO  ratis.XceiverServerRatis (XceiverServerRatis.java:getRealPort(544)) - XceiverServerRatis f9688f73-4c34-4f5a-91dc-9785e7aaf67d is started using port 40127 for RATIS
2023-11-15 04:58:26,415 [main] INFO  ratis.XceiverServerRatis (XceiverServerRatis.java:getRealPort(544)) - XceiverServerRatis f9688f73-4c34-4f5a-91dc-9785e7aaf67d is started using port 40127 for RATIS_ADMIN
2023-11-15 04:58:26,415 [main] INFO  ratis.XceiverServerRatis (XceiverServerRatis.java:getRealPort(544)) - XceiverServerRatis f9688f73-4c34-4f5a-91dc-9785e7aaf67d is started using port 40127 for RATIS_SERVER
2023-11-15 04:58:26,415 [main] INFO  ratis.XceiverServerRatis (XceiverServerRatis.java:getRealPort(544)) - XceiverServerRatis f9688f73-4c34-4f5a-91dc-9785e7aaf67d is started using port 45227 for RATIS_DATASTREAM
2023-11-15 04:58:26,423 [JvmPauseMonitor1] INFO  util.JvmPauseMonitor (JvmPauseMonitor.java:run(103)) - JvmPauseMonitor-f9688f73-4c34-4f5a-91dc-9785e7aaf67d: Started
2023-11-15 04:58:26,452 [grpc-default-executor-0] INFO  server.RaftServer (RaftServerProxy.java:addNew(98)) - f9688f73-4c34-4f5a-91dc-9785e7aaf67d: addNew group-DA776607AF7C:[f9688f73-4c34-4f5a-91dc-9785e7aaf67d|rpc:0.0.0.0:40127|dataStream:0.0.0.0:45227|priority:0|startupRole:FOLLOWER, 73a44544-07c2-4873-b312-23af1e908859|rpc:0.0.0.0:40465|dataStream:0.0.0.0:40465|priority:0|startupRole:FOLLOWER, 6d73d668-a11d-470d-94ac-30032f6dbcce|rpc:0.0.0.0:45227|dataStream:0.0.0.0:45227|priority:0|startupRole:FOLLOWER] returns group-DA776607AF7C:java.util.concurrent.CompletableFuture@721e5d77[Not completed]
2023-11-15 04:58:26,455 [f9688f73-4c34-4f5a-91dc-9785e7aaf67d-groupManagement] INFO  server.RaftServer$Division (RaftServerImpl.java:<init>(198)) - f9688f73-4c34-4f5a-91dc-9785e7aaf67d: new RaftServerImpl for group-DA776607AF7C:[f9688f73-4c34-4f5a-91dc-9785e7aaf67d|rpc:0.0.0.0:40127|dataStream:0.0.0.0:45227|priority:0|startupRole:FOLLOWER, 73a44544-07c2-4873-b312-23af1e908859|rpc:0.0.0.0:40465|dataStream:0.0.0.0:40465|priority:0|startupRole:FOLLOWER, 6d73d668-a11d-470d-94ac-30032f6dbcce|rpc:0.0.0.0:45227|dataStream:0.0.0.0:45227|priority:0|startupRole:FOLLOWER] with ContainerStateMachine:uninitialized
2023-11-15 04:58:26,456 [f9688f73-4c34-4f5a-91dc-9785e7aaf67d-groupManagement] INFO  server.RaftServerConfigKeys (ConfUtils.java:logGet(46)) - raft.server.rpc.timeout.min = 5s (custom)
2023-11-15 04:58:26,456 [f9688f73-4c34-4f5a-91dc-9785e7aaf67d-groupManagement] INFO  server.RaftServerConfigKeys (ConfUtils.java:logGet(46)) - raft.server.rpc.timeout.max = 5200ms (custom)
2023-11-15 04:58:26,457 [f9688f73-4c34-4f5a-91dc-9785e7aaf67d-groupManagement] INFO  server.RaftServerConfigKeys (ConfUtils.java:logGet(46)) - raft.server.rpc.sleep.time = 25ms (default)
2023-11-15 04:58:26,457 [f9688f73-4c34-4f5a-91dc-9785e7aaf67d-groupManagement] INFO  server.RaftServerConfigKeys (ConfUtils.java:logGet(46)) - raft.server.rpc.slowness.timeout = 300s (custom)
2023-11-15 04:58:26,458 [f9688f73-4c34-4f5a-91dc-9785e7aaf67d-groupManagement] INFO  server.RaftServerConfigKeys (ConfUtils.java:logGet(46)) - raft.server.leaderelection.leader.step-down.wait-time = 10s (default)
2023-11-15 04:58:26,458 [f9688f73-4c34-4f5a-91dc-9785e7aaf67d-groupManagement] INFO  server.RaftServerConfigKeys (ConfUtils.java:logGet(46)) - raft.server.sleep.deviation.threshold = 300ms (default)
2023-11-15 04:58:26,459 [f9688f73-4c34-4f5a-91dc-9785e7aaf67d-groupManagement] INFO  server.RaftServer$Division (ServerState.java:<init>(120)) - f9688f73-4c34-4f5a-91dc-9785e7aaf67d@group-DA776607AF7C: ConfigurationManager, init=-1: peers:[f9688f73-4c34-4f5a-91dc-9785e7aaf67d|rpc:0.0.0.0:40127|dataStream:0.0.0.0:45227|priority:0|startupRole:FOLLOWER, 73a44544-07c2-4873-b312-23af1e908859|rpc:0.0.0.0:40465|dataStream:0.0.0.0:40465|priority:0|startupRole:FOLLOWER, 6d73d668-a11d-470d-94ac-30032f6dbcce|rpc:0.0.0.0:45227|dataStream:0.0.0.0:45227|priority:0|startupRole:FOLLOWER]|listeners:[], old=null, confs=<EMPTY_MAP>
2023-11-15 04:58:26,459 [f9688f73-4c34-4f5a-91dc-9785e7aaf67d-groupManagement] INFO  server.RaftServerConfigKeys (ConfUtils.java:logGet(46)) - raft.server.storage.dir = [/home/runner/work/ozone/ozone/hadoop-ozone/integration-test/target/test-dir/dfs/f9688f73-4c34-4f5a-91dc-9785e7aaf67d] (custom)
2023-11-15 04:58:26,460 [f9688f73-4c34-4f5a-91dc-9785e7aaf67d-groupManagement] INFO  server.RaftServerConfigKeys (ConfUtils.java:logGet(46)) - raft.server.log.corruption.policy = EXCEPTION (default)
2023-11-15 04:58:26,460 [f9688f73-4c34-4f5a-91dc-9785e7aaf67d-groupManagement] INFO  server.RaftServerConfigKeys (ConfUtils.java:logGet(46)) - raft.server.storage.free-space.min = 0MB (=0) (default)
2023-11-15 04:58:26,461 [f9688f73-4c34-4f5a-91dc-9785e7aaf67d-groupManagement] INFO  server.RaftServerConfigKeys (ConfUtils.java:logGet(46)) - raft.server.notification.no-leader.timeout = 300s (custom)
2023-11-15 04:58:26,461 [f9688f73-4c34-4f5a-91dc-9785e7aaf67d-groupManagement] INFO  server.RaftServerConfigKeys (ConfUtils.java:logGet(46)) - raft.server.read.timeout = 10s (default)
2023-11-15 04:58:26,462 [f9688f73-4c34-4f5a-91dc-9785e7aaf67d-groupManagement] INFO  server.RaftServerConfigKeys (ConfUtils.java:logGet(46)) - raft.server.retrycache.expirytime = 600000ms (custom)
2023-11-15 04:58:26,462 [f9688f73-4c34-4f5a-91dc-9785e7aaf67d-groupManagement] INFO  server.RaftServerConfigKeys (ConfUtils.java:logGet(46)) - raft.server.retrycache.statistics.expirytime = 100μs (default)
2023-11-15 04:58:26,463 [f9688f73-4c34-4f5a-91dc-9785e7aaf67d-groupManagement] INFO  server.RaftServerConfigKeys (ConfUtils.java:logGet(46)) - raft.server.read.option = DEFAULT (default)
2023-11-15 04:58:26,464 [f9688f73-4c34-4f5a-91dc-9785e7aaf67d-groupManagement] INFO  server.RaftServerConfigKeys (ConfUtils.java:logGet(46)) - raft.server.rpc.request.timeout = 60s (custom)
2023-11-15 04:58:26,465 [f9688f73-4c34-4f5a-91dc-9785e7aaf67d-groupManagement] INFO  server.RaftServerConfigKeys (ConfUtils.java:logGet(46)) - raft.server.log.appender.install.snapshot.enabled = false (custom)
2023-11-15 04:58:26,465 [f9688f73-4c34-4f5a-91dc-9785e7aaf67d-groupManagement] INFO  server.RaftServerConfigKeys (ConfUtils.java:logGet(46)) - raft.server.threadpool.server.cached = true (default)
2023-11-15 04:58:26,466 [f9688f73-4c34-4f5a-91dc-9785e7aaf67d-groupManagement] INFO  server.RaftServerConfigKeys (ConfUtils.java:logGet(46)) - raft.server.threadpool.server.size = 0 (default)
2023-11-15 04:58:26,466 [f9688f73-4c34-4f5a-91dc-9785e7aaf67d-groupManagement] INFO  server.RaftServerConfigKeys (ConfUtils.java:logGet(46)) - raft.server.threadpool.client.cached = true (default)
2023-11-15 04:58:26,467 [f9688f73-4c34-4f5a-91dc-9785e7aaf67d-groupManagement] INFO  server.RaftServerConfigKeys (ConfUtils.java:logGet(46)) - raft.server.threadpool.client.size = 0 (default)
2023-11-15 04:58:26,467 [f9688f73-4c34-4f5a-91dc-9785e7aaf67d-groupManagement] INFO  storage.RaftStorageDirectory (RaftStorageDirectoryImpl.java:analyzeStorage(137)) - The storage directory /home/runner/work/ozone/ozone/hadoop-ozone/integration-test/target/test-dir/dfs/f9688f73-4c34-4f5a-91dc-9785e7aaf67d/c75bd917-c1c6-4c82-b7ea-da776607af7c does not exist. Creating ...
2023-11-15 04:58:26,471 [f9688f73-4c34-4f5a-91dc-9785e7aaf67d-groupManagement] INFO  storage.RaftStorageDirectory (RaftStorageDirectoryImpl.java:tryLock(231)) - Lock on /home/runner/work/ozone/ozone/hadoop-ozone/integration-test/target/test-dir/dfs/f9688f73-4c34-4f5a-91dc-9785e7aaf67d/c75bd917-c1c6-4c82-b7ea-da776607af7c/in_use.lock acquired by nodename 23129@fv-az712-525
2023-11-15 04:58:26,474 [f9688f73-4c34-4f5a-91dc-9785e7aaf67d-groupManagement] INFO  storage.RaftStorage (RaftStorageImpl.java:format(96)) - Storage directory /home/runner/work/ozone/ozone/hadoop-ozone/integration-test/target/test-dir/dfs/f9688f73-4c34-4f5a-91dc-9785e7aaf67d/c75bd917-c1c6-4c82-b7ea-da776607af7c has been successfully formatted.
2023-11-15 04:58:26,475 [f9688f73-4c34-4f5a-91dc-9785e7aaf67d-groupManagement] INFO  ratis.ContainerStateMachine (ContainerStateMachine.java:loadSnapshot(269)) - group-DA776607AF7C: The snapshot info is null. Setting the last applied indexto:(t:0, i:~)
2023-11-15 04:58:26,475 [f9688f73-4c34-4f5a-91dc-9785e7aaf67d-groupManagement] INFO  server.RaftServerConfigKeys (ConfUtils.java:logGet(46)) - raft.server.log.use.memory = false (default)
2023-11-15 04:58:26,476 [f9688f73-4c34-4f5a-91dc-9785e7aaf67d-groupManagement] INFO  server.RaftServerConfigKeys (ConfUtils.java:logGet(46)) - raft.server.log.purge.gap = 1000000 (custom)
2023-11-15 04:58:26,476 [f9688f73-4c34-4f5a-91dc-9785e7aaf67d-groupManagement] INFO  server.RaftServerConfigKeys (ConfUtils.java:logGet(46)) - raft.server.log.appender.buffer.byte-limit = 33554432 (custom)
2023-11-15 04:58:26,477 [f9688f73-4c34-4f5a-91dc-9785e7aaf67d-groupManagement] INFO  server.RaftServerConfigKeys (ConfUtils.java:logGet(46)) - raft.server.log.statemachine.data.read.timeout = 1000ms (default)
2023-11-15 04:58:26,477 [f9688f73-4c34-4f5a-91dc-9785e7aaf67d-groupManagement] INFO  server.RaftServerConfigKeys (ConfUtils.java:logGet(46)) - raft.server.log.purge.preservation.log.num = 0 (default)
2023-11-15 04:58:26,478 [f9688f73-4c34-4f5a-91dc-9785e7aaf67d-groupManagement] INFO  server.RaftServerConfigKeys (ConfUtils.java:logGet(46)) - raft.server.log.segment.size.max = 1048576 (custom)
2023-11-15 04:58:26,478 [f9688f73-4c34-4f5a-91dc-9785e7aaf67d-groupManagement] INFO  server.RaftServerConfigKeys (ConfUtils.java:logGet(46)) - raft.server.log.segment.cache.num.max = 2 (custom)
2023-11-15 04:58:26,479 [f9688f73-4c34-4f5a-91dc-9785e7aaf67d-groupManagement] INFO  server.RaftServerConfigKeys (ConfUtils.java:logGet(46)) - raft.server.log.segment.cache.size.max = 200MB (=209715200) (default)
2023-11-15 04:58:26,479 [f9688f73-4c34-4f5a-91dc-9785e7aaf67d-groupManagement] INFO  server.RaftServerConfigKeys (ConfUtils.java:logGet(46)) - raft.server.log.appender.buffer.byte-limit = 33554432 (custom)
2023-11-15 04:58:26,480 [f9688f73-4c34-4f5a-91dc-9785e7aaf67d-groupManagement] INFO  segmented.SegmentedRaftLogWorker (SegmentedRaftLogWorker.java:<init>(188)) - new f9688f73-4c34-4f5a-91dc-9785e7aaf67d@group-DA776607AF7C-SegmentedRaftLogWorker for RaftStorageImpl:Storage Directory /home/runner/work/ozone/ozone/hadoop-ozone/integration-test/target/test-dir/dfs/f9688f73-4c34-4f5a-91dc-9785e7aaf67d/c75bd917-c1c6-4c82-b7ea-da776607af7c
2023-11-15 04:58:26,480 [f9688f73-4c34-4f5a-91dc-9785e7aaf67d-groupManagement] INFO  server.RaftServerConfigKeys (ConfUtils.java:logGet(46)) - raft.server.log.queue.byte-limit = 4294967296 (custom)
2023-11-15 04:58:26,481 [f9688f73-4c34-4f5a-91dc-9785e7aaf67d-groupManagement] INFO  server.RaftServerConfigKeys (ConfUtils.java:logGet(46)) - raft.server.log.queue.element-limit = 1024 (custom)
2023-11-15 04:58:26,481 [f9688f73-4c34-4f5a-91dc-9785e7aaf67d-groupManagement] INFO  server.RaftServerConfigKeys (ConfUtils.java:logGet(46)) - raft.server.log.segment.size.max = 1048576 (custom)
2023-11-15 04:58:26,482 [f9688f73-4c34-4f5a-91dc-9785e7aaf67d-groupManagement] INFO  server.RaftServerConfigKeys (ConfUtils.java:logGet(46)) - raft.server.log.preallocated.size = 16384 (custom)
2023-11-15 04:58:26,482 [f9688f73-4c34-4f5a-91dc-9785e7aaf67d-groupManagement] INFO  server.RaftServerConfigKeys (ConfUtils.java:logGet(46)) - raft.server.log.force.sync.num = 128 (default)
2023-11-15 04:58:26,483 [f9688f73-4c34-4f5a-91dc-9785e7aaf67d-groupManagement] INFO  server.RaftServerConfigKeys (ConfUtils.java:logGet(46)) - raft.server.log.statemachine.data.sync = true (default)
2023-11-15 04:58:26,483 [f9688f73-4c34-4f5a-91dc-9785e7aaf67d-groupManagement] INFO  server.RaftServerConfigKeys (ConfUtils.java:logGet(46)) - raft.server.log.statemachine.data.sync.timeout = 10s (default)
2023-11-15 04:58:26,483 [f9688f73-4c34-4f5a-91dc-9785e7aaf67d-groupManagement] INFO  server.RaftServerConfigKeys (ConfUtils.java:logGet(46)) - raft.server.log.statemachine.data.sync.timeout.retry = -1 (default)
2023-11-15 04:58:26,484 [f9688f73-4c34-4f5a-91dc-9785e7aaf67d-groupManagement] INFO  server.RaftServerConfigKeys (ConfUtils.java:logGet(46)) - raft.server.log.write.buffer.size = 1048576 (custom)
2023-11-15 04:58:26,485 [f9688f73-4c34-4f5a-91dc-9785e7aaf67d-groupManagement] INFO  server.RaftServerConfigKeys (ConfUtils.java:logGet(46)) - raft.server.log.appender.buffer.byte-limit = 33554432 (custom)
2023-11-15 04:58:26,491 [f9688f73-4c34-4f5a-91dc-9785e7aaf67d-groupManagement] INFO  server.RaftServerConfigKeys (ConfUtils.java:logGet(46)) - raft.server.log.unsafe-flush.enabled = false (default)
2023-11-15 04:58:26,491 [f9688f73-4c34-4f5a-91dc-9785e7aaf67d-groupManagement] INFO  server.RaftServerConfigKeys (ConfUtils.java:logGet(46)) - raft.server.log.async-flush.enabled = false (default)
2023-11-15 04:58:26,492 [f9688f73-4c34-4f5a-91dc-9785e7aaf67d-groupManagement] INFO  server.RaftServerConfigKeys (ConfUtils.java:logGet(46)) - raft.server.log.statemachine.data.caching.enabled = true (custom)
2023-11-15 04:58:26,492 [f9688f73-4c34-4f5a-91dc-9785e7aaf67d-groupManagement] INFO  segmented.SegmentedRaftLogWorker (SegmentedRaftLogWorker.java:lambda$new$0(135)) - f9688f73-4c34-4f5a-91dc-9785e7aaf67d@group-DA776607AF7C-SegmentedRaftLogWorker: flushIndex: setUnconditionally 0 -> -1
2023-11-15 04:58:26,494 [f9688f73-4c34-4f5a-91dc-9785e7aaf67d-groupManagement] INFO  segmented.SegmentedRaftLogWorker (SegmentedRaftLogWorker.java:lambda$new$0(135)) - f9688f73-4c34-4f5a-91dc-9785e7aaf67d@group-DA776607AF7C-SegmentedRaftLogWorker: safeCacheEvictIndex: setUnconditionally 0 -> -1
2023-11-15 04:58:26,495 [f9688f73-4c34-4f5a-91dc-9785e7aaf67d-groupManagement] INFO  server.RaftServer$Division (RaftServerImpl.java:start(342)) - f9688f73-4c34-4f5a-91dc-9785e7aaf67d@group-DA776607AF7C: start as a follower, conf=-1: peers:[f9688f73-4c34-4f5a-91dc-9785e7aaf67d|rpc:0.0.0.0:40127|dataStream:0.0.0.0:45227|priority:0|startupRole:FOLLOWER, 73a44544-07c2-4873-b312-23af1e908859|rpc:0.0.0.0:40465|dataStream:0.0.0.0:40465|priority:0|startupRole:FOLLOWER, 6d73d668-a11d-470d-94ac-30032f6dbcce|rpc:0.0.0.0:45227|dataStream:0.0.0.0:45227|priority:0|startupRole:FOLLOWER]|listeners:[], old=null
2023-11-15 04:58:26,495 [f9688f73-4c34-4f5a-91dc-9785e7aaf67d-groupManagement] INFO  server.RaftServer$Division (RaftServerImpl.java:setRole(329)) - f9688f73-4c34-4f5a-91dc-9785e7aaf67d@group-DA776607AF7C: changes role from      null to FOLLOWER at term 0 for startAsFollower
2023-11-15 04:58:26,495 [f9688f73-4c34-4f5a-91dc-9785e7aaf67d-groupManagement] INFO  impl.RoleInfo (RoleInfo.java:updateAndGet(139)) - f9688f73-4c34-4f5a-91dc-9785e7aaf67d: start f9688f73-4c34-4f5a-91dc-9785e7aaf67d@group-DA776607AF7C-FollowerState
2023-11-15 04:58:26,496 [f9688f73-4c34-4f5a-91dc-9785e7aaf67d-groupManagement] INFO  util.JmxRegister (JmxRegister.java:tryRegister(44)) - Successfully registered JMX Bean with object name Ratis:service=RaftServer,group=group-DA776607AF7C,id=f9688f73-4c34-4f5a-91dc-9785e7aaf67d
2023-11-15 04:58:26,497 [f9688f73-4c34-4f5a-91dc-9785e7aaf67d-groupManagement] INFO  server.RaftServerConfigKeys (ConfUtils.java:logGet(46)) - raft.server.snapshot.auto.trigger.enabled = true (custom)
2023-11-15 04:58:26,497 [f9688f73-4c34-4f5a-91dc-9785e7aaf67d-groupManagement] INFO  server.RaftServerConfigKeys (ConfUtils.java:logGet(46)) - raft.server.snapshot.auto.trigger.threshold = 10000 (custom)
2023-11-15 04:58:26,497 [f9688f73-4c34-4f5a-91dc-9785e7aaf67d-groupManagement] INFO  server.RaftServerConfigKeys (ConfUtils.java:logGet(46)) - raft.server.snapshot.retention.file.num = 5 (custom)
2023-11-15 04:58:26,497 [f9688f73-4c34-4f5a-91dc-9785e7aaf67d-groupManagement] INFO  server.RaftServerConfigKeys (ConfUtils.java:logGet(46)) - raft.server.log.purge.upto.snapshot.index = false (default)
2023-11-15 04:58:26,498 [f9688f73-4c34-4f5a-91dc-9785e7aaf67d@group-DA776607AF7C-FollowerState] INFO  server.RaftServerConfigKeys (ConfUtils.java:logFallback(53)) - raft.server.rpc.first-election.timeout.min = 5s (fallback to raft.server.rpc.timeout.min)
2023-11-15 04:58:26,500 [f9688f73-4c34-4f5a-91dc-9785e7aaf67d@group-DA776607AF7C-FollowerState] INFO  server.RaftServerConfigKeys (ConfUtils.java:logFallback(53)) - raft.server.rpc.first-election.timeout.max = 5200ms (fallback to raft.server.rpc.timeout.max)
2023-11-15 04:58:26,512 [main] INFO  volume.HddsVolume (HddsVolume.java:<init>(126)) - Creating HddsVolume: /home/runner/work/ozone/ozone/hadoop-ozone/integration-test/target/test-dir/dfs/dfs/data/hdds/puhW/hdds of storage type : DISK capacity : 9223372036854775807
2023-11-15 04:58:26,513 [main] INFO  volume.MutableVolumeSet (MutableVolumeSet.java:initializeVolumeSet(173)) - Added Volume : /home/runner/work/ozone/ozone/hadoop-ozone/integration-test/target/test-dir/dfs/dfs/data/hdds/puhW/hdds to VolumeSet
2023-11-15 04:58:26,518 [main] INFO  server.RaftServer (ConfUtils.java:logGet(46)) - raft.rpc.type = GRPC (default)
2023-11-15 04:58:26,519 [main] INFO  grpc.GrpcConfigKeys (ConfUtils.java:logFallback(53)) - raft.grpc.admin.host = null (fallback to raft.grpc.server.host)
2023-11-15 04:58:26,520 [main] INFO  grpc.GrpcConfigKeys (ConfUtils.java:logGet(46)) - raft.grpc.admin.port = 45227 (custom)
2023-11-15 04:58:26,520 [main] INFO  grpc.GrpcConfigKeys (ConfUtils.java:logFallback(53)) - raft.grpc.client.host = null (fallback to raft.grpc.server.host)
2023-11-15 04:58:26,521 [main] INFO  grpc.GrpcConfigKeys (ConfUtils.java:logGet(46)) - raft.grpc.client.port = 45227 (custom)
2023-11-15 04:58:26,521 [main] INFO  grpc.GrpcConfigKeys (ConfUtils.java:logGet(46)) - raft.grpc.server.host = null (default)
2023-11-15 04:58:26,522 [main] INFO  grpc.GrpcConfigKeys (ConfUtils.java:logGet(46)) - raft.grpc.server.port = 45227 (custom)
2023-11-15 04:58:26,522 [main] INFO  server.GrpcService (ConfUtils.java:logGet(46)) - raft.grpc.message.size.max = 32MB (=33554432) (custom)
2023-11-15 04:58:26,523 [main] INFO  server.RaftServerConfigKeys (ConfUtils.java:logGet(46)) - raft.server.log.appender.buffer.byte-limit = 33554432 (custom)
2023-11-15 04:58:26,523 [main] INFO  server.GrpcService (ConfUtils.java:logGet(46)) - raft.grpc.flow.control.window = 5MB (=5242880) (custom)
2023-11-15 04:58:26,524 [main] INFO  server.RaftServerConfigKeys (ConfUtils.java:logGet(46)) - raft.server.rpc.request.timeout = 60s (custom)
2023-11-15 04:58:26,524 [main] INFO  grpc.GrpcConfigKeys (ConfUtils.java:logGet(46)) - raft.grpc.server.heartbeat.channel = true (default)
2023-11-15 04:58:26,525 [main] INFO  grpc.GrpcConfigKeys (ConfUtils.java:logGet(46)) - raft.grpc.server.async.request.thread.pool.cached = true (default)
2023-11-15 04:58:26,525 [main] INFO  grpc.GrpcConfigKeys (ConfUtils.java:logGet(46)) - raft.grpc.server.async.request.thread.pool.size = 32 (default)
2023-11-15 04:58:26,527 [main] INFO  impl.DataStreamServerImpl (ConfUtils.java:logGet(46)) - raft.datastream.type = NETTY (custom)
2023-11-15 04:58:26,528 [main] INFO  server.RaftServerConfigKeys (ConfUtils.java:logGet(46)) - raft.server.data-stream.async.request.thread.pool.cached = false (default)
2023-11-15 04:58:26,528 [main] INFO  server.RaftServerConfigKeys (ConfUtils.java:logGet(46)) - raft.server.data-stream.async.request.thread.pool.size = 20 (custom)
2023-11-15 04:58:26,529 [main] INFO  server.RaftServerConfigKeys (ConfUtils.java:logGet(46)) - raft.server.data-stream.async.write.thread.pool.size = 16 (default)
2023-11-15 04:58:26,529 [main] INFO  server.RaftServerConfigKeys (ConfUtils.java:logGet(46)) - raft.server.data-stream.client.pool.size = 10 (default)
2023-11-15 04:58:26,530 [main] INFO  netty.NettyConfigKeys$DataStream (ConfUtils.java:logGet(46)) - raft.netty.dataStream.server.use-epoll = false (default)
2023-11-15 04:58:26,530 [main] INFO  netty.NettyConfigKeys$DataStream (ConfUtils.java:logGet(46)) - raft.netty.dataStream.server.boss-group.size = 0 (default)
2023-11-15 04:58:26,531 [main] INFO  netty.NettyConfigKeys$DataStream (ConfUtils.java:logGet(46)) - raft.netty.dataStream.server.worker-group.size = 0 (default)
2023-11-15 04:58:26,532 [main] INFO  netty.NettyConfigKeys$DataStream (ConfUtils.java:logGet(46)) - raft.netty.dataStream.server.tls.conf = null (default)
2023-11-15 04:58:26,532 [main] INFO  netty.NettyConfigKeys$DataStream (ConfUtils.java:logGet(46)) - raft.netty.dataStream.host = null (default)
2023-11-15 04:58:26,533 [main] INFO  netty.NettyConfigKeys$DataStream (ConfUtils.java:logGet(46)) - raft.netty.dataStream.port = 0 (default)
2023-11-15 04:58:26,536 [main] INFO  server.RaftServerConfigKeys (ConfUtils.java:logGet(46)) - raft.server.threadpool.proxy.cached = true (default)
2023-11-15 04:58:26,537 [main] INFO  server.RaftServerConfigKeys (ConfUtils.java:logGet(46)) - raft.server.threadpool.proxy.size = 0 (default)
2023-11-15 04:58:26,537 [main] INFO  server.RaftServerConfigKeys (ConfUtils.java:logGet(46)) - raft.server.rpc.slowness.timeout = 300s (custom)
2023-11-15 04:58:26,538 [main] INFO  server.RaftServerConfigKeys (ConfUtils.java:logGet(46)) - raft.server.leaderelection.leader.step-down.wait-time = 10s (default)
2023-11-15 04:58:26,538 [main] INFO  server.RaftServerConfigKeys (ConfUtils.java:logGet(46)) - raft.server.storage.dir = [/home/runner/work/ozone/ozone/hadoop-ozone/integration-test/target/test-dir/dfs/6d73d668-a11d-470d-94ac-30032f6dbcce] (custom)
2023-11-15 04:58:26,541 [6d73d668-a11d-470d-94ac-30032f6dbcce-NettyServerStreamRpc-bossGroup--thread1] INFO  logging.LoggingHandler (AbstractInternalLogger.java:log(148)) - [id: 0x05c895d3] REGISTERED
2023-11-15 04:58:26,541 [main] INFO  ratis.XceiverServerRatis (XceiverServerRatis.java:start(518)) - Starting XceiverServerRatis 6d73d668-a11d-470d-94ac-30032f6dbcce
2023-11-15 04:58:26,541 [6d73d668-a11d-470d-94ac-30032f6dbcce-NettyServerStreamRpc-bossGroup--thread1] INFO  logging.LoggingHandler (AbstractInternalLogger.java:log(148)) - [id: 0x05c895d3] BIND: 0.0.0.0/0.0.0.0:0
2023-11-15 04:58:26,541 [6d73d668-a11d-470d-94ac-30032f6dbcce-NettyServerStreamRpc-bossGroup--thread1] INFO  logging.LoggingHandler (AbstractInternalLogger.java:log(148)) - [id: 0x05c895d3, L:/0:0:0:0:0:0:0:0:35081] ACTIVE
2023-11-15 04:58:26,545 [main] INFO  server.RaftServer (RaftServerProxy.java:startImpl(400)) - 6d73d668-a11d-470d-94ac-30032f6dbcce: start RPC server
2023-11-15 04:58:26,548 [main] ERROR server.GrpcService (ExitUtils.java:terminate(133)) - Terminating with exit status 1: Failed to start Grpc server
java.io.IOException: Failed to bind to address 0.0.0.0/0.0.0.0:45227
	at org.apache.ratis.thirdparty.io.grpc.netty.NettyServer.start(NettyServer.java:328)
	at org.apache.ratis.thirdparty.io.grpc.internal.ServerImpl.start(ServerImpl.java:184)
	at org.apache.ratis.thirdparty.io.grpc.internal.ServerImpl.start(ServerImpl.java:93)
	at org.apache.ratis.grpc.server.GrpcService.startImpl(GrpcService.java:298)
	at org.apache.ratis.util.LifeCycle.startAndTransition(LifeCycle.java:270)
	at org.apache.ratis.server.RaftServerRpcWithProxy.start(RaftServerRpcWithProxy.java:72)
	at org.apache.ratis.server.impl.RaftServerProxy.startImpl(RaftServerProxy.java:401)
	at org.apache.ratis.util.LifeCycle.startAndTransition(LifeCycle.java:270)
	at org.apache.ratis.server.impl.RaftServerProxy.start(RaftServerProxy.java:394)
	at org.apache.hadoop.ozone.container.common.transport.server.ratis.XceiverServerRatis.start(XceiverServerRatis.java:522)
	at org.apache.hadoop.ozone.container.server.TestSecureContainerServer.runTestClientServer(TestSecureContainerServer.java:249)
	at org.apache.hadoop.ozone.container.server.TestSecureContainerServer.runTestClientServerRatis(TestSecureContainerServer.java:222)
	at org.apache.hadoop.ozone.container.server.TestSecureContainerServer.testClientServerRatisGrpc(TestSecureContainerServer.java:200)
	at sun.reflect.NativeMethodAccessorImpl.invoke0(Native Method)
	at sun.reflect.NativeMethodAccessorImpl.invoke(NativeMethodAccessorImpl.java:62)
	at sun.reflect.DelegatingMethodAccessorImpl.invoke(DelegatingMethodAccessorImpl.java:43)
	at java.lang.reflect.Method.invoke(Method.java:498)
	at org.junit.runners.model.FrameworkMethod$1.runReflectiveCall(FrameworkMethod.java:59)
	at org.junit.internal.runners.model.ReflectiveCallable.run(ReflectiveCallable.java:12)
	at org.junit.runners.model.FrameworkMethod.invokeExplosively(FrameworkMethod.java:56)
	at org.junit.internal.runners.statements.InvokeMethod.evaluate(InvokeMethod.java:17)
	at org.junit.internal.runners.statements.RunAfters.evaluate(RunAfters.java:27)
	at org.junit.runners.ParentRunner$3.evaluate(ParentRunner.java:306)
	at org.junit.runners.BlockJUnit4ClassRunner$1.evaluate(BlockJUnit4ClassRunner.java:100)
	at org.junit.runners.ParentRunner.runLeaf(ParentRunner.java:366)
	at org.junit.runners.BlockJUnit4ClassRunner.runChild(BlockJUnit4ClassRunner.java:103)
	at org.junit.runners.BlockJUnit4ClassRunner.runChild(BlockJUnit4ClassRunner.java:63)
	at org.junit.runners.ParentRunner$4.run(ParentRunner.java:331)
	at org.junit.runners.ParentRunner$1.schedule(ParentRunner.java:79)
	at org.junit.runners.ParentRunner.runChildren(ParentRunner.java:329)
	at org.junit.runners.ParentRunner.access$100(ParentRunner.java:66)
	at org.junit.runners.ParentRunner$2.evaluate(ParentRunner.java:293)
	at org.junit.internal.runners.statements.RunBefores.evaluate(RunBefores.java:26)
	at org.junit.internal.runners.statements.RunAfters.evaluate(RunAfters.java:27)
	at org.junit.runners.ParentRunner$3.evaluate(ParentRunner.java:306)
	at org.junit.runners.ParentRunner.run(ParentRunner.java:413)
	at org.junit.runner.JUnitCore.run(JUnitCore.java:137)
	at org.junit.runner.JUnitCore.run(JUnitCore.java:115)
	at org.junit.vintage.engine.execution.RunnerExecutor.execute(RunnerExecutor.java:42)
	at org.junit.vintage.engine.VintageTestEngine.executeAllChildren(VintageTestEngine.java:80)
	at org.junit.vintage.engine.VintageTestEngine.execute(VintageTestEngine.java:72)
	at org.junit.platform.launcher.core.EngineExecutionOrchestrator.execute(EngineExecutionOrchestrator.java:107)
	at org.junit.platform.launcher.core.EngineExecutionOrchestrator.execute(EngineExecutionOrchestrator.java:88)
	at org.junit.platform.launcher.core.EngineExecutionOrchestrator.lambda$execute$0(EngineExecutionOrchestrator.java:54)
	at org.junit.platform.launcher.core.EngineExecutionOrchestrator.withInterceptedStreams(EngineExecutionOrchestrator.java:67)
	at org.junit.platform.launcher.core.EngineExecutionOrchestrator.execute(EngineExecutionOrchestrator.java:52)
	at org.junit.platform.launcher.core.DefaultLauncher.execute(DefaultLauncher.java:114)
	at org.junit.platform.launcher.core.DefaultLauncher.execute(DefaultLauncher.java:86)
	at org.junit.platform.launcher.core.DefaultLauncherSession$DelegatingLauncher.execute(DefaultLauncherSession.java:86)
	at org.junit.platform.launcher.core.SessionPerRequestLauncher.execute(SessionPerRequestLauncher.java:53)
	at org.apache.maven.surefire.junitplatform.JUnitPlatformProvider.execute(JUnitPlatformProvider.java:188)
	at org.apache.maven.surefire.junitplatform.JUnitPlatformProvider.invokeAllTests(JUnitPlatformProvider.java:154)
	at org.apache.maven.surefire.junitplatform.JUnitPlatformProvider.invoke(JUnitPlatformProvider.java:124)
	at org.apache.maven.surefire.booter.ForkedBooter.runSuitesInProcess(ForkedBooter.java:428)
	at org.apache.maven.surefire.booter.ForkedBooter.execute(ForkedBooter.java:162)
	at org.apache.maven.surefire.booter.ForkedBooter.run(ForkedBooter.java:562)
	at org.apache.maven.surefire.booter.ForkedBooter.main(ForkedBooter.java:548)
Caused by: org.apache.ratis.thirdparty.io.netty.channel.unix.Errors$NativeIoException: bind(..) failed: Address already in use
]]></system-out>
  </testcase>
</testsuite>