<?xml version="1.0" encoding="UTF-8"?>
<testsuite xmlns:xsi="http://www.w3.org/2001/XMLSchema-instance" xsi:noNamespaceSchemaLocation="https://maven.apache.org/surefire/maven-surefire-plugin/xsd/surefire-test-report-3.0.xsd" version="3.0" name="org.apache.hadoop.ozone.client.rpc.TestSecureOzoneRpcClient" time="44.994" tests="123" errors="0" skipped="0" failures="1">
  <properties>
    <property name="awt.toolkit" value="sun.awt.X11.XToolkit"/>
    <property name="file.encoding.pkg" value="sun.io"/>
    <property name="java.specification.version" value="1.8"/>
    <property name="sun.cpu.isalist" value=""/>
    <property name="sun.jnu.encoding" value="UTF-8"/>
    <property name="gradle.enterprise.listener.surefire.forkId" value="1"/>
    <property name="java.class.path" value="/home/runner/work/ozone/ozone/hadoop-ozone/integration-test/target/test-classes:/home/runner/work/ozone/ozone/hadoop-ozone/integration-test/target/classes:/home/runner/.m2/repository/org/apache/ozone/ozone-common/1.5.0-SNAPSHOT/ozone-common-1.5.0-SNAPSHOT.jar:/home/runner/.m2/repository/io/grpc/grpc-netty/1.58.0/grpc-netty-1.58.0.jar:/home/runner/.m2/repository/io/grpc/grpc-core/1.58.0/grpc-core-1.58.0.jar:/home/runner/.m2/repository/com/google/android/annotations/4.1.1.4/annotations-4.1.1.4.jar:/home/runner/.m2/repository/org/codehaus/mojo/animal-sniffer-annotations/1.23/animal-sniffer-annotations-1.23.jar:/home/runner/.m2/repository/io/grpc/grpc-context/1.58.0/grpc-context-1.58.0.jar:/home/runner/.m2/repository/io/grpc/grpc-util/1.58.0/grpc-util-1.58.0.jar:/home/runner/.m2/repository/com/google/errorprone/error_prone_annotations/2.2.0/error_prone_annotations-2.2.0.jar:/home/runner/.m2/repository/io/perfmark/perfmark-api/0.26.0/perfmark-api-0.26.0.jar:/home/runner/.m2/repository/io/netty/netty-codec-http2/4.1.100.Final/netty-codec-http2-4.1.100.Final.jar:/home/runner/.m2/repository/io/netty/netty-common/4.1.100.Final/netty-common-4.1.100.Final.jar:/home/runner/.m2/repository/io/netty/netty-buffer/4.1.100.Final/netty-buffer-4.1.100.Final.jar:/home/runner/.m2/repository/io/netty/netty-codec-http/4.1.100.Final/netty-codec-http-4.1.100.Final.jar:/home/runner/.m2/repository/io/netty/netty-handler-proxy/4.1.100.Final/netty-handler-proxy-4.1.100.Final.jar:/home/runner/.m2/repository/io/netty/netty-codec-socks/4.1.100.Final/netty-codec-socks-4.1.100.Final.jar:/home/runner/.m2/repository/io/netty/netty-tcnative-boringssl-static/2.0.61.Final/netty-tcnative-boringssl-static-2.0.61.Final.jar:/home/runner/.m2/repository/io/netty/netty-tcnative-classes/2.0.61.Final/netty-tcnative-classes-2.0.61.Final.jar:/home/runner/.m2/repository/io/netty/netty-tcnative-boringssl-static/2.0.61.Final/netty-tcnative-boringssl-static-2.0.61.Final-linux-x86_64.jar:/home/runner/.m2/repository/io/netty/netty-tcnative-boringssl-static/2.0.61.Final/netty-tcnative-boringssl-static-2.0.61.Final-linux-aarch_64.jar:/home/runner/.m2/repository/io/netty/netty-tcnative-boringssl-static/2.0.61.Final/netty-tcnative-boringssl-static-2.0.61.Final-osx-x86_64.jar:/home/runner/.m2/repository/io/netty/netty-tcnative-boringssl-static/2.0.61.Final/netty-tcnative-boringssl-static-2.0.61.Final-osx-aarch_64.jar:/home/runner/.m2/repository/io/netty/netty-tcnative-boringssl-static/2.0.61.Final/netty-tcnative-boringssl-static-2.0.61.Final-windows-x86_64.jar:/home/runner/.m2/repository/org/apache/commons/commons-compress/1.21/commons-compress-1.21.jar:/home/runner/.m2/repository/org/apache/ozone/hdds-common/1.5.0-SNAPSHOT/hdds-common-1.5.0-SNAPSHOT.jar:/home/runner/.m2/repository/org/apache/ozone/hdds-client/1.5.0-SNAPSHOT/hdds-client-1.5.0-SNAPSHOT.jar:/home/runner/.m2/repository/org/apache/ozone/ozone-interface-client/1.5.0-SNAPSHOT/ozone-interface-client-1.5.0-SNAPSHOT.jar:/home/runner/.m2/repository/org/apache/hadoop/hadoop-hdfs-client/3.3.6/hadoop-hdfs-client-3.3.6.jar:/home/runner/.m2/repository/com/squareup/okhttp3/okhttp/4.12.0/okhttp-4.12.0.jar:/home/runner/.m2/repository/com/squareup/okio/okio/3.6.0/okio-3.6.0.jar:/home/runner/.m2/repository/com/squareup/okio/okio-jvm/3.6.0/okio-jvm-3.6.0.jar:/home/runner/.m2/repository/org/jetbrains/kotlin/kotlin-stdlib-jdk8/1.9.21/kotlin-stdlib-jdk8-1.9.21.jar:/home/runner/.m2/repository/org/jetbrains/kotlin/kotlin-stdlib-jdk7/1.9.21/kotlin-stdlib-jdk7-1.9.21.jar:/home/runner/.m2/repository/org/jetbrains/kotlin/kotlin-stdlib-common/1.9.21/kotlin-stdlib-common-1.9.21.jar:/home/runner/.m2/repository/org/apache/ozone/hdds-test-utils/1.5.0-SNAPSHOT/hdds-test-utils-1.5.0-SNAPSHOT.jar:/home/runner/.m2/repository/com/google/guava/guava/32.0.0-jre/guava-32.0.0-jre.jar:/home/runner/.m2/repository/com/google/guava/failureaccess/1.0.1/failureaccess-1.0.1.jar:/home/runner/.m2/repository/com/google/guava/listenablefuture/9999.0-empty-to-avoid-conflict-with-guava/listenablefuture-9999.0-empty-to-avoid-conflict-with-guava.jar:/home/runner/.m2/repository/com/google/code/findbugs/jsr305/3.0.0/jsr305-3.0.0.jar:/home/runner/.m2/repository/org/checkerframework/checker-qual/3.33.0/checker-qual-3.33.0.jar:/home/runner/.m2/repository/com/google/j2objc/j2objc-annotations/2.8/j2objc-annotations-2.8.jar:/home/runner/.m2/repository/commons-io/commons-io/2.11.0/commons-io-2.11.0.jar:/home/runner/.m2/repository/commons-logging/commons-logging/1.2/commons-logging-1.2.jar:/home/runner/.m2/repository/ch/qos/reload4j/reload4j/1.2.25/reload4j-1.2.25.jar:/home/runner/.m2/repository/org/slf4j/slf4j-api/1.7.36/slf4j-api-1.7.36.jar:/home/runner/.m2/repository/org/apache/logging/log4j/log4j-api/2.17.1/log4j-api-2.17.1.jar:/home/runner/.m2/repository/org/apache/ozone/hdds-server-scm/1.5.0-SNAPSHOT/hdds-server-scm-1.5.0-SNAPSHOT.jar:/home/runner/.m2/repository/org/apache/ozone/hdds-container-service/1.5.0-SNAPSHOT/hdds-container-service-1.5.0-SNAPSHOT.jar:/home/runner/.m2/repository/org/apache/ozone/hdds-hadoop-dependency-server/1.5.0-SNAPSHOT/hdds-hadoop-dependency-server-1.5.0-SNAPSHOT.jar:/home/runner/.m2/repository/org/apache/hadoop/hadoop-hdfs/3.3.6/hadoop-hdfs-3.3.6.jar:/home/runner/.m2/repository/commons-daemon/commons-daemon/1.0.13/commons-daemon-1.0.13.jar:/home/runner/.m2/repository/org/apache/ozone/hdds-server-framework/1.5.0-SNAPSHOT/hdds-server-framework-1.5.0-SNAPSHOT.jar:/home/runner/.m2/repository/io/dropwizard/metrics/metrics-core/3.2.4/metrics-core-3.2.4.jar:/home/runner/.m2/repository/org/apache/commons/commons-text/1.10.0/commons-text-1.10.0.jar:/home/runner/.m2/repository/org/bouncycastle/bcprov-jdk15on/1.67/bcprov-jdk15on-1.67.jar:/home/runner/.m2/repository/com/google/protobuf/protobuf-java/2.5.0/protobuf-java-2.5.0.jar:/home/runner/.m2/repository/org/apache/ozone/hdds-server-framework/1.5.0-SNAPSHOT/hdds-server-framework-1.5.0-SNAPSHOT-tests.jar:/home/runner/.m2/repository/org/apache/ozone/hdds-interface-server/1.5.0-SNAPSHOT/hdds-interface-server-1.5.0-SNAPSHOT.jar:/home/runner/.m2/repository/org/apache/ozone/hdds-interface-admin/1.5.0-SNAPSHOT/hdds-interface-admin-1.5.0-SNAPSHOT.jar:/home/runner/.m2/repository/org/apache/ozone/hdds-managed-rocksdb/1.5.0-SNAPSHOT/hdds-managed-rocksdb-1.5.0-SNAPSHOT.jar:/home/runner/.m2/repository/org/rocksdb/rocksdbjni/7.7.3/rocksdbjni-7.7.3.jar:/home/runner/.m2/repository/org/slf4j/slf4j-reload4j/1.7.36/slf4j-reload4j-1.7.36.jar:/home/runner/.m2/repository/org/apache/commons/commons-configuration2/2.1.1/commons-configuration2-2.1.1.jar:/home/runner/.m2/repository/commons-fileupload/commons-fileupload/1.5/commons-fileupload-1.5.jar:/home/runner/.m2/repository/org/apache/logging/log4j/log4j-core/2.17.1/log4j-core-2.17.1.jar:/home/runner/.m2/repository/com/lmax/disruptor/3.4.2/disruptor-3.4.2.jar:/home/runner/.m2/repository/org/eclipse/jetty/jetty-util/9.4.53.v20231009/jetty-util-9.4.53.v20231009.jar:/home/runner/.m2/repository/org/eclipse/jetty/jetty-server/9.4.53.v20231009/jetty-server-9.4.53.v20231009.jar:/home/runner/.m2/repository/org/eclipse/jetty/jetty-http/9.4.53.v20231009/jetty-http-9.4.53.v20231009.jar:/home/runner/.m2/repository/org/eclipse/jetty/jetty-io/9.4.53.v20231009/jetty-io-9.4.53.v20231009.jar:/home/runner/.m2/repository/org/eclipse/jetty/jetty-servlet/9.4.53.v20231009/jetty-servlet-9.4.53.v20231009.jar:/home/runner/.m2/repository/org/eclipse/jetty/jetty-security/9.4.53.v20231009/jetty-security-9.4.53.v20231009.jar:/home/runner/.m2/repository/org/eclipse/jetty/jetty-util-ajax/9.4.53.v20231009/jetty-util-ajax-9.4.53.v20231009.jar:/home/runner/.m2/repository/org/eclipse/jetty/jetty-webapp/9.4.53.v20231009/jetty-webapp-9.4.53.v20231009.jar:/home/runner/.m2/repository/org/eclipse/jetty/jetty-xml/9.4.53.v20231009/jetty-xml-9.4.53.v20231009.jar:/home/runner/.m2/repository/org/apache/ratis/ratis-server/3.0.0/ratis-server-3.0.0.jar:/home/runner/.m2/repository/org/apache/ratis/ratis-thirdparty-misc/1.0.5/ratis-thirdparty-misc-1.0.5.jar:/home/runner/.m2/repository/org/apache/ratis/ratis-proto/3.0.0/ratis-proto-3.0.0.jar:/home/runner/.m2/repository/org/apache/ratis/ratis-common/3.0.0/ratis-common-3.0.0.jar:/home/runner/.m2/repository/org/apache/ratis/ratis-client/3.0.0/ratis-client-3.0.0.jar:/home/runner/.m2/repository/org/apache/ratis/ratis-server-api/3.0.0/ratis-server-api-3.0.0.jar:/home/runner/.m2/repository/org/apache/ratis/ratis-metrics-api/3.0.0/ratis-metrics-api-3.0.0.jar:/home/runner/.m2/repository/org/apache/ratis/ratis-metrics-dropwizard3/3.0.0/ratis-metrics-dropwizard3-3.0.0.jar:/home/runner/.m2/repository/io/prometheus/simpleclient_dropwizard/0.7.0/simpleclient_dropwizard-0.7.0.jar:/home/runner/.m2/repository/io/prometheus/simpleclient/0.7.0/simpleclient-0.7.0.jar:/home/runner/.m2/repository/io/prometheus/simpleclient_common/0.7.0/simpleclient_common-0.7.0.jar:/home/runner/.m2/repository/com/fasterxml/jackson/datatype/jackson-datatype-jsr310/2.13.4/jackson-datatype-jsr310-2.13.4.jar:/home/runner/.m2/repository/com/fasterxml/jackson/core/jackson-core/2.13.4/jackson-core-2.13.4.jar:/home/runner/.m2/repository/org/apache/ozone/rocksdb-checkpoint-differ/1.5.0-SNAPSHOT/rocksdb-checkpoint-differ-1.5.0-SNAPSHOT.jar:/home/runner/.m2/repository/org/jgrapht/jgrapht-core/1.0.1/jgrapht-core-1.0.1.jar:/home/runner/.m2/repository/org/jgrapht/jgrapht-ext/1.0.1/jgrapht-ext-1.0.1.jar:/home/runner/.m2/repository/org/tinyjee/jgraphx/jgraphx/2.0.0.1/jgraphx-2.0.0.1.jar:/home/runner/.m2/repository/jgraph/jgraph/5.13.0.0/jgraph-5.13.0.0.jar:/home/runner/.m2/repository/org/antlr/antlr4-runtime/4.5.3/antlr4-runtime-4.5.3.jar:/home/runner/.m2/repository/org/awaitility/awaitility/4.2.0/awaitility-4.2.0.jar:/home/runner/.m2/repository/org/hamcrest/hamcrest/2.1/hamcrest-2.1.jar:/home/runner/.m2/repository/org/apache/ozone/ozone-manager/1.5.0-SNAPSHOT/ozone-manager-1.5.0-SNAPSHOT.jar:/home/runner/.m2/repository/org/aspectj/aspectjrt/1.9.7/aspectjrt-1.9.7.jar:/home/runner/.m2/repository/org/aspectj/aspectjweaver/1.9.7/aspectjweaver-1.9.7.jar:/home/runner/.m2/repository/org/apache/ozone/hdds-interface-client/1.5.0-SNAPSHOT/hdds-interface-client-1.5.0-SNAPSHOT.jar:/home/runner/.m2/repository/org/apache/hadoop/thirdparty/hadoop-shaded-protobuf_3_7/1.1.1/hadoop-shaded-protobuf_3_7-1.1.1.jar:/home/runner/.m2/repository/org/apache/ozone/ozone-interface-storage/1.5.0-SNAPSHOT/ozone-interface-storage-1.5.0-SNAPSHOT.jar:/home/runner/.m2/repository/org/reflections/reflections/0.9.11/reflections-0.9.11.jar:/home/runner/.m2/repository/com/sun/jersey/jersey-client/1.19.4/jersey-client-1.19.4.jar:/home/runner/.m2/repository/org/codehaus/jackson/jackson-core-asl/1.9.13/jackson-core-asl-1.9.13.jar:/home/runner/.m2/repository/org/codehaus/jackson/jackson-mapper-asl/1.9.13/jackson-mapper-asl-1.9.13.jar:/home/runner/.m2/repository/org/codehaus/jackson/jackson-jaxrs/1.9.13/jackson-jaxrs-1.9.13.jar:/home/runner/.m2/repository/org/apache/ranger/ranger-intg/2.3.0/ranger-intg-2.3.0.jar:/home/runner/.m2/repository/org/apache/ranger/ranger-plugins-common/2.3.0/ranger-plugins-common-2.3.0.jar:/home/runner/.m2/repository/commons-lang/commons-lang/2.6/commons-lang-2.6.jar:/home/runner/.m2/repository/org/apache/ranger/ranger-plugins-cred/2.3.0/ranger-plugins-cred-2.3.0.jar:/home/runner/.m2/repository/org/apache/ranger/ranger-plugins-audit/2.3.0/ranger-plugins-audit-2.3.0.jar:/home/runner/.m2/repository/org/eclipse/jetty/jetty-client/9.4.53.v20231009/jetty-client-9.4.53.v20231009.jar:/home/runner/.m2/repository/org/apache/httpcomponents/httpmime/4.5.6/httpmime-4.5.6.jar:/home/runner/.m2/repository/org/apache/httpcomponents/httpcore-nio/4.4.16/httpcore-nio-4.4.16.jar:/home/runner/.m2/repository/org/apache/httpcomponents/httpasyncclient/4.1.3/httpasyncclient-4.1.3.jar:/home/runner/.m2/repository/com/carrotsearch/hppc/0.8.0/hppc-0.8.0.jar:/home/runner/.m2/repository/org/apache/orc/orc-core/1.5.8/orc-core-1.5.8.jar:/home/runner/.m2/repository/net/java/dev/jna/jna/5.2.0/jna-5.2.0.jar:/home/runner/.m2/repository/net/java/dev/jna/jna-platform/5.2.0/jna-platform-5.2.0.jar:/home/runner/.m2/repository/com/kstruct/gethostname4j/0.0.2/gethostname4j-0.0.2.jar:/home/runner/.m2/repository/org/apache/ranger/ranger-plugin-classloader/2.3.0/ranger-plugin-classloader-2.3.0.jar:/home/runner/.m2/repository/org/apache/ozone/hdds-rocks-native/1.5.0-SNAPSHOT/hdds-rocks-native-1.5.0-SNAPSHOT.jar:/home/runner/.m2/repository/org/apache/hadoop/hadoop-minikdc/3.3.6/hadoop-minikdc-3.3.6.jar:/home/runner/.m2/repository/org/apache/kerby/kerb-simplekdc/1.0.1/kerb-simplekdc-1.0.1.jar:/home/runner/.m2/repository/org/apache/kerby/kerb-client/1.0.1/kerb-client-1.0.1.jar:/home/runner/.m2/repository/org/apache/kerby/kerby-config/1.0.1/kerby-config-1.0.1.jar:/home/runner/.m2/repository/org/apache/kerby/kerb-common/1.0.1/kerb-common-1.0.1.jar:/home/runner/.m2/repository/org/apache/kerby/kerb-crypto/1.0.1/kerb-crypto-1.0.1.jar:/home/runner/.m2/repository/org/apache/kerby/kerb-util/1.0.1/kerb-util-1.0.1.jar:/home/runner/.m2/repository/org/apache/kerby/token-provider/1.0.1/token-provider-1.0.1.jar:/home/runner/.m2/repository/org/apache/kerby/kerb-admin/1.0.1/kerb-admin-1.0.1.jar:/home/runner/.m2/repository/org/apache/kerby/kerb-server/1.0.1/kerb-server-1.0.1.jar:/home/runner/.m2/repository/org/apache/kerby/kerb-identity/1.0.1/kerb-identity-1.0.1.jar:/home/runner/.m2/repository/org/apache/kerby/kerby-xdr/1.0.1/kerby-xdr-1.0.1.jar:/home/runner/.m2/repository/org/apache/ozone/ozone-s3gateway/1.5.0-SNAPSHOT/ozone-s3gateway-1.5.0-SNAPSHOT.jar:/home/runner/.m2/repository/org/javassist/javassist/3.21.0-GA/javassist-3.21.0-GA.jar:/home/runner/.m2/repository/org/jboss/weld/servlet/weld-servlet-shaded/3.1.9.Final/weld-servlet-shaded-3.1.9.Final.jar:/home/runner/.m2/repository/org/glassfish/jersey/containers/jersey-container-servlet-core/2.41/jersey-container-servlet-core-2.41.jar:/home/runner/.m2/repository/org/glassfish/hk2/external/jakarta.inject/2.6.1/jakarta.inject-2.6.1.jar:/home/runner/.m2/repository/org/glassfish/jersey/core/jersey-common/2.41/jersey-common-2.41.jar:/home/runner/.m2/repository/jakarta/ws/rs/jakarta.ws.rs-api/2.1.6/jakarta.ws.rs-api-2.1.6.jar:/home/runner/.m2/repository/org/glassfish/jersey/ext/cdi/jersey-cdi1x/2.41/jersey-cdi1x-2.41.jar:/home/runner/.m2/repository/org/glassfish/jersey/inject/jersey-hk2/2.41/jersey-hk2-2.41.jar:/home/runner/.m2/repository/org/glassfish/hk2/hk2-locator/2.6.1/hk2-locator-2.6.1.jar:/home/runner/.m2/repository/org/glassfish/jersey/media/jersey-media-jaxb/2.41/jersey-media-jaxb-2.41.jar:/home/runner/.m2/repository/org/glassfish/hk2/osgi-resource-locator/1.0.3/osgi-resource-locator-1.0.3.jar:/home/runner/.m2/repository/org/glassfish/hk2/hk2-api/2.5.0/hk2-api-2.5.0.jar:/home/runner/.m2/repository/org/glassfish/hk2/hk2-utils/2.5.0/hk2-utils-2.5.0.jar:/home/runner/.m2/repository/org/glassfish/hk2/external/aopalliance-repackaged/2.5.0/aopalliance-repackaged-2.5.0.jar:/home/runner/.m2/repository/com/fasterxml/jackson/dataformat/jackson-dataformat-xml/2.13.4/jackson-dataformat-xml-2.13.4.jar:/home/runner/.m2/repository/org/codehaus/woodstox/stax2-api/4.2.2/stax2-api-4.2.2.jar:/home/runner/.m2/repository/com/fasterxml/woodstox/woodstox-core/5.4.0/woodstox-core-5.4.0.jar:/home/runner/.m2/repository/com/fasterxml/jackson/module/jackson-module-jaxb-annotations/2.13.4/jackson-module-jaxb-annotations-2.13.4.jar:/home/runner/.m2/repository/jakarta/xml/bind/jakarta.xml.bind-api/2.3.3/jakarta.xml.bind-api-2.3.3.jar:/home/runner/.m2/repository/jakarta/activation/jakarta.activation-api/1.2.2/jakarta.activation-api-1.2.2.jar:/home/runner/.m2/repository/javax/enterprise/cdi-api/2.0/cdi-api-2.0.jar:/home/runner/.m2/repository/javax/el/javax.el-api/3.0.0/javax.el-api-3.0.0.jar:/home/runner/.m2/repository/javax/interceptor/javax.interceptor-api/1.2/javax.interceptor-api-1.2.jar:/home/runner/.m2/repository/javax/inject/javax.inject/1/javax.inject-1.jar:/home/runner/.m2/repository/javax/xml/bind/jaxb-api/2.3.0/jaxb-api-2.3.0.jar:/home/runner/.m2/repository/org/glassfish/jaxb/jaxb-runtime/2.3.0.1/jaxb-runtime-2.3.0.1.jar:/home/runner/.m2/repository/org/glassfish/jaxb/jaxb-core/2.3.0.1/jaxb-core-2.3.0.1.jar:/home/runner/.m2/repository/org/glassfish/jaxb/txw2/2.3.0.1/txw2-2.3.0.1.jar:/home/runner/.m2/repository/com/sun/istack/istack-commons-runtime/3.0.5/istack-commons-runtime-3.0.5.jar:/home/runner/.m2/repository/org/jvnet/staxex/stax-ex/1.7.8/stax-ex-1.7.8.jar:/home/runner/.m2/repository/com/sun/xml/fastinfoset/FastInfoset/1.2.13/FastInfoset-1.2.13.jar:/home/runner/.m2/repository/javax/activation/activation/1.1.1/activation-1.1.1.jar:/home/runner/.m2/repository/io/grpc/grpc-protobuf/1.58.0/grpc-protobuf-1.58.0.jar:/home/runner/.m2/repository/com/google/api/grpc/proto-google-common-protos/2.22.0/proto-google-common-protos-2.22.0.jar:/home/runner/.m2/repository/io/grpc/grpc-protobuf-lite/1.58.0/grpc-protobuf-lite-1.58.0.jar:/home/runner/.m2/repository/io/grpc/grpc-stub/1.58.0/grpc-stub-1.58.0.jar:/home/runner/.m2/repository/io/netty/netty-transport/4.1.100.Final/netty-transport-4.1.100.Final.jar:/home/runner/.m2/repository/io/netty/netty-resolver/4.1.100.Final/netty-resolver-4.1.100.Final.jar:/home/runner/.m2/repository/org/apache/ozone/ozone-csi/1.5.0-SNAPSHOT/ozone-csi-1.5.0-SNAPSHOT.jar:/home/runner/.m2/repository/com/google/protobuf/protobuf-java-util/3.19.6/protobuf-java-util-3.19.6.jar:/home/runner/.m2/repository/com/google/code/gson/gson/2.9.0/gson-2.9.0.jar:/home/runner/.m2/repository/org/apache/ozone/hdds-config/1.5.0-SNAPSHOT/hdds-config-1.5.0-SNAPSHOT.jar:/home/runner/.m2/repository/io/netty/netty-transport-native-epoll/4.1.100.Final/netty-transport-native-epoll-4.1.100.Final-linux-x86_64.jar:/home/runner/.m2/repository/io/netty/netty-transport-classes-epoll/4.1.100.Final/netty-transport-classes-epoll-4.1.100.Final.jar:/home/runner/.m2/repository/io/netty/netty-transport-native-unix-common/4.1.100.Final/netty-transport-native-unix-common-4.1.100.Final.jar:/home/runner/.m2/repository/org/apache/ozone/ozone-recon/1.5.0-SNAPSHOT/ozone-recon-1.5.0-SNAPSHOT.jar:/home/runner/.m2/repository/org/apache/ozone/ozone-reconcodegen/1.5.0-SNAPSHOT/ozone-reconcodegen-1.5.0-SNAPSHOT.jar:/home/runner/.m2/repository/com/google/inject/guice/5.1.0/guice-5.1.0.jar:/home/runner/.m2/repository/aopalliance/aopalliance/1.0/aopalliance-1.0.jar:/home/runner/.m2/repository/com/google/inject/extensions/guice-assistedinject/5.1.0/guice-assistedinject-5.1.0.jar:/home/runner/.m2/repository/com/google/inject/extensions/guice-servlet/5.1.0/guice-servlet-5.1.0.jar:/home/runner/.m2/repository/org/glassfish/jersey/containers/jersey-container-servlet/2.41/jersey-container-servlet-2.41.jar:/home/runner/.m2/repository/org/glassfish/hk2/guice-bridge/2.5.0/guice-bridge-2.5.0.jar:/home/runner/.m2/repository/org/glassfish/jersey/core/jersey-server/2.41/jersey-server-2.41.jar:/home/runner/.m2/repository/org/glassfish/jersey/core/jersey-client/2.41/jersey-client-2.41.jar:/home/runner/.m2/repository/jakarta/annotation/jakarta.annotation-api/1.3.5/jakarta.annotation-api-1.3.5.jar:/home/runner/.m2/repository/jakarta/validation/jakarta.validation-api/2.0.2/jakarta.validation-api-2.0.2.jar:/home/runner/.m2/repository/org/glassfish/jersey/media/jersey-media-json-jackson/2.41/jersey-media-json-jackson-2.41.jar:/home/runner/.m2/repository/org/glassfish/jersey/ext/jersey-entity-filtering/2.41/jersey-entity-filtering-2.41.jar:/home/runner/.m2/repository/org/jooq/jooq/3.11.10/jooq-3.11.10.jar:/home/runner/.m2/repository/org/jooq/jooq-meta/3.11.10/jooq-meta-3.11.10.jar:/home/runner/.m2/repository/org/jooq/jooq-codegen/3.11.10/jooq-codegen-3.11.10.jar:/home/runner/.m2/repository/com/jolbox/bonecp/0.8.0.RELEASE/bonecp-0.8.0.RELEASE.jar:/home/runner/.m2/repository/org/apache/derby/derby/10.14.2.0/derby-10.14.2.0.jar:/home/runner/.m2/repository/org/xerial/sqlite-jdbc/3.44.1.0/sqlite-jdbc-3.44.1.0.jar:/home/runner/.m2/repository/org/springframework/spring-jdbc/5.3.27/spring-jdbc-5.3.27.jar:/home/runner/.m2/repository/org/springframework/spring-beans/5.3.27/spring-beans-5.3.27.jar:/home/runner/.m2/repository/org/springframework/spring-core/5.3.27/spring-core-5.3.27.jar:/home/runner/.m2/repository/org/springframework/spring-tx/5.3.27/spring-tx-5.3.27.jar:/home/runner/.m2/repository/org/apache/ozone/ozone-client/1.5.0-SNAPSHOT/ozone-client-1.5.0-SNAPSHOT.jar:/home/runner/.m2/repository/org/apache/ozone/hdds-erasurecode/1.5.0-SNAPSHOT/hdds-erasurecode-1.5.0-SNAPSHOT.jar:/home/runner/.m2/repository/org/apache/ozone/ozone-filesystem/1.5.0-SNAPSHOT/ozone-filesystem-1.5.0-SNAPSHOT.jar:/home/runner/.m2/repository/org/apache/ozone/ozone-filesystem-common/1.5.0-SNAPSHOT/ozone-filesystem-common-1.5.0-SNAPSHOT.jar:/home/runner/.m2/repository/org/apache/ozone/ozone-tools/1.5.0-SNAPSHOT/ozone-tools-1.5.0-SNAPSHOT.jar:/home/runner/.m2/repository/com/amazonaws/aws-java-sdk-core/1.12.261/aws-java-sdk-core-1.12.261.jar:/home/runner/.m2/repository/org/apache/httpcomponents/httpclient/4.5.13/httpclient-4.5.13.jar:/home/runner/.m2/repository/org/apache/httpcomponents/httpcore/4.4.16/httpcore-4.4.16.jar:/home/runner/.m2/repository/software/amazon/ion/ion-java/1.0.2/ion-java-1.0.2.jar:/home/runner/.m2/repository/com/fasterxml/jackson/dataformat/jackson-dataformat-cbor/2.13.4/jackson-dataformat-cbor-2.13.4.jar:/home/runner/.m2/repository/joda-time/joda-time/2.12.5/joda-time-2.12.5.jar:/home/runner/.m2/repository/com/amazonaws/aws-java-sdk-s3/1.12.261/aws-java-sdk-s3-1.12.261.jar:/home/runner/.m2/repository/com/amazonaws/aws-java-sdk-kms/1.12.261/aws-java-sdk-kms-1.12.261.jar:/home/runner/.m2/repository/com/amazonaws/jmespath-java/1.12.261/jmespath-java-1.12.261.jar:/home/runner/.m2/repository/org/kohsuke/metainf-services/metainf-services/1.8/metainf-services-1.8.jar:/home/runner/.m2/repository/org/apache/ozone/hdds-tools/1.5.0-SNAPSHOT/hdds-tools-1.5.0-SNAPSHOT.jar:/home/runner/.m2/repository/org/apache/ratis/ratis-tools/3.0.0/ratis-tools-3.0.0.jar:/home/runner/.m2/repository/commons-cli/commons-cli/1.6.0/commons-cli-1.6.0.jar:/home/runner/.m2/repository/org/apache/commons/commons-lang3/3.7/commons-lang3-3.7.jar:/home/runner/.m2/repository/org/apache/ozone/ozone-manager/1.5.0-SNAPSHOT/ozone-manager-1.5.0-SNAPSHOT-tests.jar:/home/runner/.m2/repository/org/apache/ozone/hdds-common/1.5.0-SNAPSHOT/hdds-common-1.5.0-SNAPSHOT-tests.jar:/home/runner/.m2/repository/org/apache/ozone/hdds-hadoop-dependency-client/1.5.0-SNAPSHOT/hdds-hadoop-dependency-client-1.5.0-SNAPSHOT.jar:/home/runner/.m2/repository/info/picocli/picocli/4.7.5/picocli-4.7.5.jar:/home/runner/.m2/repository/com/fasterxml/jackson/core/jackson-annotations/2.13.4/jackson-annotations-2.13.4.jar:/home/runner/.m2/repository/org/apache/ozone/hdds-annotation-processing/1.5.0-SNAPSHOT/hdds-annotation-processing-1.5.0-SNAPSHOT.jar:/home/runner/.m2/repository/javax/annotation/javax.annotation-api/1.3.2/javax.annotation-api-1.3.2.jar:/home/runner/.m2/repository/org/apache/ratis/ratis-netty/3.0.0/ratis-netty-3.0.0.jar:/home/runner/.m2/repository/org/apache/ratis/ratis-grpc/3.0.0/ratis-grpc-3.0.0.jar:/home/runner/.m2/repository/org/apache/commons/commons-pool2/2.6.0/commons-pool2-2.6.0.jar:/home/runner/.m2/repository/org/bouncycastle/bcpkix-jdk15on/1.67/bcpkix-jdk15on-1.67.jar:/home/runner/.m2/repository/commons-validator/commons-validator/1.6/commons-validator-1.6.jar:/home/runner/.m2/repository/commons-beanutils/commons-beanutils/1.9.4/commons-beanutils-1.9.4.jar:/home/runner/.m2/repository/commons-digester/commons-digester/1.8.1/commons-digester-1.8.1.jar:/home/runner/.m2/repository/commons-collections/commons-collections/3.2.2/commons-collections-3.2.2.jar:/home/runner/.m2/repository/io/jaegertracing/jaeger-client/1.6.0/jaeger-client-1.6.0.jar:/home/runner/.m2/repository/io/jaegertracing/jaeger-thrift/1.6.0/jaeger-thrift-1.6.0.jar:/home/runner/.m2/repository/org/apache/thrift/libthrift/0.14.1/libthrift-0.14.1.jar:/home/runner/.m2/repository/io/jaegertracing/jaeger-core/1.6.0/jaeger-core-1.6.0.jar:/home/runner/.m2/repository/io/jaegertracing/jaeger-tracerresolver/1.6.0/jaeger-tracerresolver-1.6.0.jar:/home/runner/.m2/repository/io/opentracing/contrib/opentracing-tracerresolver/0.1.8/opentracing-tracerresolver-0.1.8.jar:/home/runner/.m2/repository/org/jetbrains/kotlin/kotlin-stdlib/1.9.21/kotlin-stdlib-1.9.21.jar:/home/runner/.m2/repository/org/jetbrains/annotations/13.0/annotations-13.0.jar:/home/runner/.m2/repository/io/opentracing/opentracing-util/0.33.0/opentracing-util-0.33.0.jar:/home/runner/.m2/repository/io/opentracing/opentracing-api/0.33.0/opentracing-api-0.33.0.jar:/home/runner/.m2/repository/io/opentracing/opentracing-noop/0.33.0/opentracing-noop-0.33.0.jar:/home/runner/.m2/repository/org/yaml/snakeyaml/2.0/snakeyaml-2.0.jar:/home/runner/.m2/repository/io/grpc/grpc-api/1.58.0/grpc-api-1.58.0.jar:/home/runner/.m2/repository/junit/junit/4.13.1/junit-4.13.1.jar:/home/runner/.m2/repository/org/hamcrest/hamcrest-core/1.3/hamcrest-core-1.3.jar:/home/runner/.m2/repository/org/junit/jupiter/junit-jupiter-api/5.10.1/junit-jupiter-api-5.10.1.jar:/home/runner/.m2/repository/org/opentest4j/opentest4j/1.3.0/opentest4j-1.3.0.jar:/home/runner/.m2/repository/org/junit/platform/junit-platform-commons/1.10.1/junit-platform-commons-1.10.1.jar:/home/runner/.m2/repository/org/apiguardian/apiguardian-api/1.1.2/apiguardian-api-1.1.2.jar:/home/runner/.m2/repository/org/junit/jupiter/junit-jupiter-params/5.10.1/junit-jupiter-params-5.10.1.jar:/home/runner/.m2/repository/org/junit/jupiter/junit-jupiter-migrationsupport/5.10.1/junit-jupiter-migrationsupport-5.10.1.jar:/home/runner/.m2/repository/org/junit/jupiter/junit-jupiter-engine/5.10.1/junit-jupiter-engine-5.10.1.jar:/home/runner/.m2/repository/org/junit/platform/junit-platform-engine/1.10.1/junit-platform-engine-1.10.1.jar:/home/runner/.m2/repository/org/junit/vintage/junit-vintage-engine/5.10.1/junit-vintage-engine-5.10.1.jar:/home/runner/.m2/repository/org/junit/platform/junit-platform-launcher/1.10.1/junit-platform-launcher-1.10.1.jar:/home/runner/.m2/repository/org/mockito/mockito-core/3.5.9/mockito-core-3.5.9.jar:/home/runner/.m2/repository/net/bytebuddy/byte-buddy/1.10.13/byte-buddy-1.10.13.jar:/home/runner/.m2/repository/net/bytebuddy/byte-buddy-agent/1.10.13/byte-buddy-agent-1.10.13.jar:/home/runner/.m2/repository/org/objenesis/objenesis/1.0/objenesis-1.0.jar:/home/runner/.m2/repository/org/apache/hadoop/hadoop-kms/3.3.6/hadoop-kms-3.3.6.jar:/home/runner/.m2/repository/org/apache/hadoop/hadoop-auth/3.3.6/hadoop-auth-3.3.6.jar:/home/runner/.m2/repository/com/nimbusds/nimbus-jose-jwt/9.8.1/nimbus-jose-jwt-9.8.1.jar:/home/runner/.m2/repository/com/github/stephenc/jcip/jcip-annotations/1.0-1/jcip-annotations-1.0-1.jar:/home/runner/.m2/repository/org/apache/zookeeper/zookeeper/3.7.2/zookeeper-3.7.2.jar:/home/runner/.m2/repository/org/apache/zookeeper/zookeeper-jute/3.7.2/zookeeper-jute-3.7.2.jar:/home/runner/.m2/repository/org/apache/yetus/audience-annotations/0.12.0/audience-annotations-0.12.0.jar:/home/runner/.m2/repository/org/apache/curator/curator-framework/4.2.0/curator-framework-4.2.0.jar:/home/runner/.m2/repository/org/apache/hadoop/thirdparty/hadoop-shaded-guava/1.1.1/hadoop-shaded-guava-1.1.1.jar:/home/runner/.m2/repository/com/sun/jersey/jersey-core/1.19.4/jersey-core-1.19.4.jar:/home/runner/.m2/repository/javax/ws/rs/jsr311-api/1.1.1/jsr311-api-1.1.1.jar:/home/runner/.m2/repository/com/sun/jersey/jersey-server/1.19.4/jersey-server-1.19.4.jar:/home/runner/.m2/repository/javax/servlet/javax.servlet-api/3.1.0/javax.servlet-api-3.1.0.jar:/home/runner/.m2/repository/org/apache/hadoop/hadoop-common/3.3.6/hadoop-common-3.3.6.jar:/home/runner/.m2/repository/org/apache/commons/commons-math3/3.1.1/commons-math3-3.1.1.jar:/home/runner/.m2/repository/commons-net/commons-net/3.10.0/commons-net-3.10.0.jar:/home/runner/.m2/repository/com/sun/jersey/jersey-servlet/1.19.4/jersey-servlet-1.19.4.jar:/home/runner/.m2/repository/com/github/pjfanning/jersey-json/1.20/jersey-json-1.20.jar:/home/runner/.m2/repository/org/codehaus/jettison/jettison/1.1/jettison-1.1.jar:/home/runner/.m2/repository/com/sun/xml/bind/jaxb-impl/2.2.3-1/jaxb-impl-2.2.3-1.jar:/home/runner/.m2/repository/com/google/re2j/re2j/1.1/re2j-1.1.jar:/home/runner/.m2/repository/com/jcraft/jsch/0.1.54/jsch-0.1.54.jar:/home/runner/.m2/repository/org/apache/curator/curator-client/4.2.0/curator-client-4.2.0.jar:/home/runner/.m2/repository/org/apache/curator/curator-recipes/5.2.0/curator-recipes-5.2.0.jar:/home/runner/.m2/repository/org/apache/kerby/kerb-core/1.0.1/kerb-core-1.0.1.jar:/home/runner/.m2/repository/org/apache/kerby/kerby-pkix/1.0.1/kerby-pkix-1.0.1.jar:/home/runner/.m2/repository/org/apache/kerby/kerby-asn1/1.0.1/kerby-asn1-1.0.1.jar:/home/runner/.m2/repository/org/apache/kerby/kerby-util/1.0.1/kerby-util-1.0.1.jar:/home/runner/.m2/repository/dnsjava/dnsjava/2.1.7/dnsjava-2.1.7.jar:/home/runner/.m2/repository/org/xerial/snappy/snappy-java/1.1.8.2/snappy-java-1.1.8.2.jar:/home/runner/.m2/repository/com/fasterxml/jackson/core/jackson-databind/2.13.4.2/jackson-databind-2.13.4.2.jar:/home/runner/.m2/repository/org/apache/hadoop/hadoop-kms/3.3.6/hadoop-kms-3.3.6-tests.jar:/home/runner/.m2/repository/org/apache/ozone/hdds-server-scm/1.5.0-SNAPSHOT/hdds-server-scm-1.5.0-SNAPSHOT-tests.jar:/home/runner/.m2/repository/org/apache/ozone/hdds-container-service/1.5.0-SNAPSHOT/hdds-container-service-1.5.0-SNAPSHOT-tests.jar:/home/runner/.m2/repository/com/github/luben/zstd-jni/1.5.2-5/zstd-jni-1.5.2-5.jar:/home/runner/.m2/repository/commons-codec/commons-codec/1.15/commons-codec-1.15.jar:/home/runner/.m2/repository/io/netty/netty-codec/4.1.100.Final/netty-codec-4.1.100.Final.jar:/home/runner/.m2/repository/io/netty/netty-handler/4.1.100.Final/netty-handler-4.1.100.Final.jar:/home/runner/.m2/repository/org/apache/ozone/hdds-hadoop-dependency-test/1.5.0-SNAPSHOT/hdds-hadoop-dependency-test-1.5.0-SNAPSHOT.jar:/home/runner/.m2/repository/org/apache/hadoop/hadoop-common/3.3.6/hadoop-common-3.3.6-tests.jar:/home/runner/.m2/repository/org/apache/hadoop/hadoop-hdfs/3.3.6/hadoop-hdfs-3.3.6-tests.jar:/home/runner/.m2/repository/org/assertj/assertj-core/3.12.2/assertj-core-3.12.2.jar:/home/runner/.m2/repository/org/apache/hadoop/hadoop-distcp/3.3.6/hadoop-distcp-3.3.6.jar:/home/runner/.m2/repository/org/apache/hadoop/hadoop-mapreduce-client-jobclient/3.3.6/hadoop-mapreduce-client-jobclient-3.3.6.jar:/home/runner/.m2/repository/org/apache/hadoop/hadoop-mapreduce-client-common/3.3.6/hadoop-mapreduce-client-common-3.3.6.jar:/home/runner/.m2/repository/org/apache/hadoop/hadoop-yarn-common/3.3.6/hadoop-yarn-common-3.3.6.jar:/home/runner/.m2/repository/org/apache/hadoop/hadoop-yarn-api/3.3.6/hadoop-yarn-api-3.3.6.jar:/home/runner/.m2/repository/com/sun/jersey/contribs/jersey-guice/1.19.4/jersey-guice-1.19.4.jar:/home/runner/.m2/repository/com/fasterxml/jackson/jaxrs/jackson-jaxrs-json-provider/2.13.4/jackson-jaxrs-json-provider-2.13.4.jar:/home/runner/.m2/repository/com/fasterxml/jackson/jaxrs/jackson-jaxrs-base/2.13.4/jackson-jaxrs-base-2.13.4.jar:/home/runner/.m2/repository/org/apache/hadoop/hadoop-yarn-client/3.3.6/hadoop-yarn-client-3.3.6.jar:/home/runner/.m2/repository/org/eclipse/jetty/websocket/websocket-client/9.4.51.v20230217/websocket-client-9.4.51.v20230217.jar:/home/runner/.m2/repository/org/eclipse/jetty/websocket/websocket-common/9.4.51.v20230217/websocket-common-9.4.51.v20230217.jar:/home/runner/.m2/repository/org/eclipse/jetty/websocket/websocket-api/9.4.51.v20230217/websocket-api-9.4.51.v20230217.jar:/home/runner/.m2/repository/org/jline/jline/3.9.0/jline-3.9.0.jar:/home/runner/.m2/repository/org/apache/hadoop/hadoop-mapreduce-client-core/3.3.6/hadoop-mapreduce-client-core-3.3.6.jar:/home/runner/.m2/repository/org/apache/avro/avro/1.7.7/avro-1.7.7.jar:/home/runner/.m2/repository/com/thoughtworks/paranamer/paranamer/2.3/paranamer-2.3.jar:/home/runner/.m2/repository/org/apache/hadoop/hadoop-annotations/3.3.6/hadoop-annotations-3.3.6.jar:/usr/lib/jvm/temurin-8-jdk-amd64/jre/../lib/tools.jar:/home/runner/.m2/repository/io/netty/netty/3.10.6.Final/netty-3.10.6.Final.jar:/home/runner/.m2/repository/org/apache/hadoop/hadoop-distcp/3.3.6/hadoop-distcp-3.3.6-tests.jar:/home/runner/.m2/repository/org/slf4j/jul-to-slf4j/1.7.36/jul-to-slf4j-1.7.36.jar:/home/runner/work/ozone/ozone/hadoop-ozone/integration-test/target/gradle-enterprise/test-listeners.jar:"/>
    <property name="java.vm.vendor" value="Temurin"/>
    <property name="sun.arch.data.model" value="64"/>
    <property name="test.build.dir" value="/home/runner/work/ozone/ozone/hadoop-ozone/integration-test/target/test-dir"/>
    <property name="test.cache.data" value=""/>
    <property name="java.vendor.url" value="https://adoptium.net/"/>
    <property name="user.timezone" value="Etc/UTC"/>
    <property name="os.name" value="Linux"/>
    <property name="java.vm.specification.version" value="1.8"/>
    <property name="test.build.data" value="/home/runner/work/ozone/ozone/hadoop-ozone/integration-test/target/test-dir"/>
    <property name="sun.java.launcher" value="SUN_STANDARD"/>
    <property name="sun.boot.library.path" value="/usr/lib/jvm/temurin-8-jdk-amd64/jre/lib/amd64"/>
    <property name="sun.java.command" value="/home/runner/work/ozone/ozone/hadoop-ozone/integration-test/target/surefire/surefirebooter-20231219180438957_338.jar /home/runner/work/ozone/ozone/hadoop-ozone/integration-test/target/surefire 2023-12-19T18-04-38_269-jvmRun1 surefire-20231219180438957_336tmp surefire_12-20231219180438957_337tmp"/>
    <property name="native.lib.tmp.dir" value="/tmp"/>
    <property name="surefire.test.class.path" value="/home/runner/work/ozone/ozone/hadoop-ozone/integration-test/target/test-classes:/home/runner/work/ozone/ozone/hadoop-ozone/integration-test/target/classes:/home/runner/.m2/repository/org/apache/ozone/ozone-common/1.5.0-SNAPSHOT/ozone-common-1.5.0-SNAPSHOT.jar:/home/runner/.m2/repository/io/grpc/grpc-netty/1.58.0/grpc-netty-1.58.0.jar:/home/runner/.m2/repository/io/grpc/grpc-core/1.58.0/grpc-core-1.58.0.jar:/home/runner/.m2/repository/com/google/android/annotations/4.1.1.4/annotations-4.1.1.4.jar:/home/runner/.m2/repository/org/codehaus/mojo/animal-sniffer-annotations/1.23/animal-sniffer-annotations-1.23.jar:/home/runner/.m2/repository/io/grpc/grpc-context/1.58.0/grpc-context-1.58.0.jar:/home/runner/.m2/repository/io/grpc/grpc-util/1.58.0/grpc-util-1.58.0.jar:/home/runner/.m2/repository/com/google/errorprone/error_prone_annotations/2.2.0/error_prone_annotations-2.2.0.jar:/home/runner/.m2/repository/io/perfmark/perfmark-api/0.26.0/perfmark-api-0.26.0.jar:/home/runner/.m2/repository/io/netty/netty-codec-http2/4.1.100.Final/netty-codec-http2-4.1.100.Final.jar:/home/runner/.m2/repository/io/netty/netty-common/4.1.100.Final/netty-common-4.1.100.Final.jar:/home/runner/.m2/repository/io/netty/netty-buffer/4.1.100.Final/netty-buffer-4.1.100.Final.jar:/home/runner/.m2/repository/io/netty/netty-codec-http/4.1.100.Final/netty-codec-http-4.1.100.Final.jar:/home/runner/.m2/repository/io/netty/netty-handler-proxy/4.1.100.Final/netty-handler-proxy-4.1.100.Final.jar:/home/runner/.m2/repository/io/netty/netty-codec-socks/4.1.100.Final/netty-codec-socks-4.1.100.Final.jar:/home/runner/.m2/repository/io/netty/netty-tcnative-boringssl-static/2.0.61.Final/netty-tcnative-boringssl-static-2.0.61.Final.jar:/home/runner/.m2/repository/io/netty/netty-tcnative-classes/2.0.61.Final/netty-tcnative-classes-2.0.61.Final.jar:/home/runner/.m2/repository/io/netty/netty-tcnative-boringssl-static/2.0.61.Final/netty-tcnative-boringssl-static-2.0.61.Final-linux-x86_64.jar:/home/runner/.m2/repository/io/netty/netty-tcnative-boringssl-static/2.0.61.Final/netty-tcnative-boringssl-static-2.0.61.Final-linux-aarch_64.jar:/home/runner/.m2/repository/io/netty/netty-tcnative-boringssl-static/2.0.61.Final/netty-tcnative-boringssl-static-2.0.61.Final-osx-x86_64.jar:/home/runner/.m2/repository/io/netty/netty-tcnative-boringssl-static/2.0.61.Final/netty-tcnative-boringssl-static-2.0.61.Final-osx-aarch_64.jar:/home/runner/.m2/repository/io/netty/netty-tcnative-boringssl-static/2.0.61.Final/netty-tcnative-boringssl-static-2.0.61.Final-windows-x86_64.jar:/home/runner/.m2/repository/org/apache/commons/commons-compress/1.21/commons-compress-1.21.jar:/home/runner/.m2/repository/org/apache/ozone/hdds-common/1.5.0-SNAPSHOT/hdds-common-1.5.0-SNAPSHOT.jar:/home/runner/.m2/repository/org/apache/ozone/hdds-client/1.5.0-SNAPSHOT/hdds-client-1.5.0-SNAPSHOT.jar:/home/runner/.m2/repository/org/apache/ozone/ozone-interface-client/1.5.0-SNAPSHOT/ozone-interface-client-1.5.0-SNAPSHOT.jar:/home/runner/.m2/repository/org/apache/hadoop/hadoop-hdfs-client/3.3.6/hadoop-hdfs-client-3.3.6.jar:/home/runner/.m2/repository/com/squareup/okhttp3/okhttp/4.12.0/okhttp-4.12.0.jar:/home/runner/.m2/repository/com/squareup/okio/okio/3.6.0/okio-3.6.0.jar:/home/runner/.m2/repository/com/squareup/okio/okio-jvm/3.6.0/okio-jvm-3.6.0.jar:/home/runner/.m2/repository/org/jetbrains/kotlin/kotlin-stdlib-jdk8/1.9.21/kotlin-stdlib-jdk8-1.9.21.jar:/home/runner/.m2/repository/org/jetbrains/kotlin/kotlin-stdlib-jdk7/1.9.21/kotlin-stdlib-jdk7-1.9.21.jar:/home/runner/.m2/repository/org/jetbrains/kotlin/kotlin-stdlib-common/1.9.21/kotlin-stdlib-common-1.9.21.jar:/home/runner/.m2/repository/org/apache/ozone/hdds-test-utils/1.5.0-SNAPSHOT/hdds-test-utils-1.5.0-SNAPSHOT.jar:/home/runner/.m2/repository/com/google/guava/guava/32.0.0-jre/guava-32.0.0-jre.jar:/home/runner/.m2/repository/com/google/guava/failureaccess/1.0.1/failureaccess-1.0.1.jar:/home/runner/.m2/repository/com/google/guava/listenablefuture/9999.0-empty-to-avoid-conflict-with-guava/listenablefuture-9999.0-empty-to-avoid-conflict-with-guava.jar:/home/runner/.m2/repository/com/google/code/findbugs/jsr305/3.0.0/jsr305-3.0.0.jar:/home/runner/.m2/repository/org/checkerframework/checker-qual/3.33.0/checker-qual-3.33.0.jar:/home/runner/.m2/repository/com/google/j2objc/j2objc-annotations/2.8/j2objc-annotations-2.8.jar:/home/runner/.m2/repository/commons-io/commons-io/2.11.0/commons-io-2.11.0.jar:/home/runner/.m2/repository/commons-logging/commons-logging/1.2/commons-logging-1.2.jar:/home/runner/.m2/repository/ch/qos/reload4j/reload4j/1.2.25/reload4j-1.2.25.jar:/home/runner/.m2/repository/org/slf4j/slf4j-api/1.7.36/slf4j-api-1.7.36.jar:/home/runner/.m2/repository/org/apache/logging/log4j/log4j-api/2.17.1/log4j-api-2.17.1.jar:/home/runner/.m2/repository/org/apache/ozone/hdds-server-scm/1.5.0-SNAPSHOT/hdds-server-scm-1.5.0-SNAPSHOT.jar:/home/runner/.m2/repository/org/apache/ozone/hdds-container-service/1.5.0-SNAPSHOT/hdds-container-service-1.5.0-SNAPSHOT.jar:/home/runner/.m2/repository/org/apache/ozone/hdds-hadoop-dependency-server/1.5.0-SNAPSHOT/hdds-hadoop-dependency-server-1.5.0-SNAPSHOT.jar:/home/runner/.m2/repository/org/apache/hadoop/hadoop-hdfs/3.3.6/hadoop-hdfs-3.3.6.jar:/home/runner/.m2/repository/commons-daemon/commons-daemon/1.0.13/commons-daemon-1.0.13.jar:/home/runner/.m2/repository/org/apache/ozone/hdds-server-framework/1.5.0-SNAPSHOT/hdds-server-framework-1.5.0-SNAPSHOT.jar:/home/runner/.m2/repository/io/dropwizard/metrics/metrics-core/3.2.4/metrics-core-3.2.4.jar:/home/runner/.m2/repository/org/apache/commons/commons-text/1.10.0/commons-text-1.10.0.jar:/home/runner/.m2/repository/org/bouncycastle/bcprov-jdk15on/1.67/bcprov-jdk15on-1.67.jar:/home/runner/.m2/repository/com/google/protobuf/protobuf-java/2.5.0/protobuf-java-2.5.0.jar:/home/runner/.m2/repository/org/apache/ozone/hdds-server-framework/1.5.0-SNAPSHOT/hdds-server-framework-1.5.0-SNAPSHOT-tests.jar:/home/runner/.m2/repository/org/apache/ozone/hdds-interface-server/1.5.0-SNAPSHOT/hdds-interface-server-1.5.0-SNAPSHOT.jar:/home/runner/.m2/repository/org/apache/ozone/hdds-interface-admin/1.5.0-SNAPSHOT/hdds-interface-admin-1.5.0-SNAPSHOT.jar:/home/runner/.m2/repository/org/apache/ozone/hdds-managed-rocksdb/1.5.0-SNAPSHOT/hdds-managed-rocksdb-1.5.0-SNAPSHOT.jar:/home/runner/.m2/repository/org/rocksdb/rocksdbjni/7.7.3/rocksdbjni-7.7.3.jar:/home/runner/.m2/repository/org/slf4j/slf4j-reload4j/1.7.36/slf4j-reload4j-1.7.36.jar:/home/runner/.m2/repository/org/apache/commons/commons-configuration2/2.1.1/commons-configuration2-2.1.1.jar:/home/runner/.m2/repository/commons-fileupload/commons-fileupload/1.5/commons-fileupload-1.5.jar:/home/runner/.m2/repository/org/apache/logging/log4j/log4j-core/2.17.1/log4j-core-2.17.1.jar:/home/runner/.m2/repository/com/lmax/disruptor/3.4.2/disruptor-3.4.2.jar:/home/runner/.m2/repository/org/eclipse/jetty/jetty-util/9.4.53.v20231009/jetty-util-9.4.53.v20231009.jar:/home/runner/.m2/repository/org/eclipse/jetty/jetty-server/9.4.53.v20231009/jetty-server-9.4.53.v20231009.jar:/home/runner/.m2/repository/org/eclipse/jetty/jetty-http/9.4.53.v20231009/jetty-http-9.4.53.v20231009.jar:/home/runner/.m2/repository/org/eclipse/jetty/jetty-io/9.4.53.v20231009/jetty-io-9.4.53.v20231009.jar:/home/runner/.m2/repository/org/eclipse/jetty/jetty-servlet/9.4.53.v20231009/jetty-servlet-9.4.53.v20231009.jar:/home/runner/.m2/repository/org/eclipse/jetty/jetty-security/9.4.53.v20231009/jetty-security-9.4.53.v20231009.jar:/home/runner/.m2/repository/org/eclipse/jetty/jetty-util-ajax/9.4.53.v20231009/jetty-util-ajax-9.4.53.v20231009.jar:/home/runner/.m2/repository/org/eclipse/jetty/jetty-webapp/9.4.53.v20231009/jetty-webapp-9.4.53.v20231009.jar:/home/runner/.m2/repository/org/eclipse/jetty/jetty-xml/9.4.53.v20231009/jetty-xml-9.4.53.v20231009.jar:/home/runner/.m2/repository/org/apache/ratis/ratis-server/3.0.0/ratis-server-3.0.0.jar:/home/runner/.m2/repository/org/apache/ratis/ratis-thirdparty-misc/1.0.5/ratis-thirdparty-misc-1.0.5.jar:/home/runner/.m2/repository/org/apache/ratis/ratis-proto/3.0.0/ratis-proto-3.0.0.jar:/home/runner/.m2/repository/org/apache/ratis/ratis-common/3.0.0/ratis-common-3.0.0.jar:/home/runner/.m2/repository/org/apache/ratis/ratis-client/3.0.0/ratis-client-3.0.0.jar:/home/runner/.m2/repository/org/apache/ratis/ratis-server-api/3.0.0/ratis-server-api-3.0.0.jar:/home/runner/.m2/repository/org/apache/ratis/ratis-metrics-api/3.0.0/ratis-metrics-api-3.0.0.jar:/home/runner/.m2/repository/org/apache/ratis/ratis-metrics-dropwizard3/3.0.0/ratis-metrics-dropwizard3-3.0.0.jar:/home/runner/.m2/repository/io/prometheus/simpleclient_dropwizard/0.7.0/simpleclient_dropwizard-0.7.0.jar:/home/runner/.m2/repository/io/prometheus/simpleclient/0.7.0/simpleclient-0.7.0.jar:/home/runner/.m2/repository/io/prometheus/simpleclient_common/0.7.0/simpleclient_common-0.7.0.jar:/home/runner/.m2/repository/com/fasterxml/jackson/datatype/jackson-datatype-jsr310/2.13.4/jackson-datatype-jsr310-2.13.4.jar:/home/runner/.m2/repository/com/fasterxml/jackson/core/jackson-core/2.13.4/jackson-core-2.13.4.jar:/home/runner/.m2/repository/org/apache/ozone/rocksdb-checkpoint-differ/1.5.0-SNAPSHOT/rocksdb-checkpoint-differ-1.5.0-SNAPSHOT.jar:/home/runner/.m2/repository/org/jgrapht/jgrapht-core/1.0.1/jgrapht-core-1.0.1.jar:/home/runner/.m2/repository/org/jgrapht/jgrapht-ext/1.0.1/jgrapht-ext-1.0.1.jar:/home/runner/.m2/repository/org/tinyjee/jgraphx/jgraphx/2.0.0.1/jgraphx-2.0.0.1.jar:/home/runner/.m2/repository/jgraph/jgraph/5.13.0.0/jgraph-5.13.0.0.jar:/home/runner/.m2/repository/org/antlr/antlr4-runtime/4.5.3/antlr4-runtime-4.5.3.jar:/home/runner/.m2/repository/org/awaitility/awaitility/4.2.0/awaitility-4.2.0.jar:/home/runner/.m2/repository/org/hamcrest/hamcrest/2.1/hamcrest-2.1.jar:/home/runner/.m2/repository/org/apache/ozone/ozone-manager/1.5.0-SNAPSHOT/ozone-manager-1.5.0-SNAPSHOT.jar:/home/runner/.m2/repository/org/aspectj/aspectjrt/1.9.7/aspectjrt-1.9.7.jar:/home/runner/.m2/repository/org/aspectj/aspectjweaver/1.9.7/aspectjweaver-1.9.7.jar:/home/runner/.m2/repository/org/apache/ozone/hdds-interface-client/1.5.0-SNAPSHOT/hdds-interface-client-1.5.0-SNAPSHOT.jar:/home/runner/.m2/repository/org/apache/hadoop/thirdparty/hadoop-shaded-protobuf_3_7/1.1.1/hadoop-shaded-protobuf_3_7-1.1.1.jar:/home/runner/.m2/repository/org/apache/ozone/ozone-interface-storage/1.5.0-SNAPSHOT/ozone-interface-storage-1.5.0-SNAPSHOT.jar:/home/runner/.m2/repository/org/reflections/reflections/0.9.11/reflections-0.9.11.jar:/home/runner/.m2/repository/com/sun/jersey/jersey-client/1.19.4/jersey-client-1.19.4.jar:/home/runner/.m2/repository/org/codehaus/jackson/jackson-core-asl/1.9.13/jackson-core-asl-1.9.13.jar:/home/runner/.m2/repository/org/codehaus/jackson/jackson-mapper-asl/1.9.13/jackson-mapper-asl-1.9.13.jar:/home/runner/.m2/repository/org/codehaus/jackson/jackson-jaxrs/1.9.13/jackson-jaxrs-1.9.13.jar:/home/runner/.m2/repository/org/apache/ranger/ranger-intg/2.3.0/ranger-intg-2.3.0.jar:/home/runner/.m2/repository/org/apache/ranger/ranger-plugins-common/2.3.0/ranger-plugins-common-2.3.0.jar:/home/runner/.m2/repository/commons-lang/commons-lang/2.6/commons-lang-2.6.jar:/home/runner/.m2/repository/org/apache/ranger/ranger-plugins-cred/2.3.0/ranger-plugins-cred-2.3.0.jar:/home/runner/.m2/repository/org/apache/ranger/ranger-plugins-audit/2.3.0/ranger-plugins-audit-2.3.0.jar:/home/runner/.m2/repository/org/eclipse/jetty/jetty-client/9.4.53.v20231009/jetty-client-9.4.53.v20231009.jar:/home/runner/.m2/repository/org/apache/httpcomponents/httpmime/4.5.6/httpmime-4.5.6.jar:/home/runner/.m2/repository/org/apache/httpcomponents/httpcore-nio/4.4.16/httpcore-nio-4.4.16.jar:/home/runner/.m2/repository/org/apache/httpcomponents/httpasyncclient/4.1.3/httpasyncclient-4.1.3.jar:/home/runner/.m2/repository/com/carrotsearch/hppc/0.8.0/hppc-0.8.0.jar:/home/runner/.m2/repository/org/apache/orc/orc-core/1.5.8/orc-core-1.5.8.jar:/home/runner/.m2/repository/net/java/dev/jna/jna/5.2.0/jna-5.2.0.jar:/home/runner/.m2/repository/net/java/dev/jna/jna-platform/5.2.0/jna-platform-5.2.0.jar:/home/runner/.m2/repository/com/kstruct/gethostname4j/0.0.2/gethostname4j-0.0.2.jar:/home/runner/.m2/repository/org/apache/ranger/ranger-plugin-classloader/2.3.0/ranger-plugin-classloader-2.3.0.jar:/home/runner/.m2/repository/org/apache/ozone/hdds-rocks-native/1.5.0-SNAPSHOT/hdds-rocks-native-1.5.0-SNAPSHOT.jar:/home/runner/.m2/repository/org/apache/hadoop/hadoop-minikdc/3.3.6/hadoop-minikdc-3.3.6.jar:/home/runner/.m2/repository/org/apache/kerby/kerb-simplekdc/1.0.1/kerb-simplekdc-1.0.1.jar:/home/runner/.m2/repository/org/apache/kerby/kerb-client/1.0.1/kerb-client-1.0.1.jar:/home/runner/.m2/repository/org/apache/kerby/kerby-config/1.0.1/kerby-config-1.0.1.jar:/home/runner/.m2/repository/org/apache/kerby/kerb-common/1.0.1/kerb-common-1.0.1.jar:/home/runner/.m2/repository/org/apache/kerby/kerb-crypto/1.0.1/kerb-crypto-1.0.1.jar:/home/runner/.m2/repository/org/apache/kerby/kerb-util/1.0.1/kerb-util-1.0.1.jar:/home/runner/.m2/repository/org/apache/kerby/token-provider/1.0.1/token-provider-1.0.1.jar:/home/runner/.m2/repository/org/apache/kerby/kerb-admin/1.0.1/kerb-admin-1.0.1.jar:/home/runner/.m2/repository/org/apache/kerby/kerb-server/1.0.1/kerb-server-1.0.1.jar:/home/runner/.m2/repository/org/apache/kerby/kerb-identity/1.0.1/kerb-identity-1.0.1.jar:/home/runner/.m2/repository/org/apache/kerby/kerby-xdr/1.0.1/kerby-xdr-1.0.1.jar:/home/runner/.m2/repository/org/apache/ozone/ozone-s3gateway/1.5.0-SNAPSHOT/ozone-s3gateway-1.5.0-SNAPSHOT.jar:/home/runner/.m2/repository/org/javassist/javassist/3.21.0-GA/javassist-3.21.0-GA.jar:/home/runner/.m2/repository/org/jboss/weld/servlet/weld-servlet-shaded/3.1.9.Final/weld-servlet-shaded-3.1.9.Final.jar:/home/runner/.m2/repository/org/glassfish/jersey/containers/jersey-container-servlet-core/2.41/jersey-container-servlet-core-2.41.jar:/home/runner/.m2/repository/org/glassfish/hk2/external/jakarta.inject/2.6.1/jakarta.inject-2.6.1.jar:/home/runner/.m2/repository/org/glassfish/jersey/core/jersey-common/2.41/jersey-common-2.41.jar:/home/runner/.m2/repository/jakarta/ws/rs/jakarta.ws.rs-api/2.1.6/jakarta.ws.rs-api-2.1.6.jar:/home/runner/.m2/repository/org/glassfish/jersey/ext/cdi/jersey-cdi1x/2.41/jersey-cdi1x-2.41.jar:/home/runner/.m2/repository/org/glassfish/jersey/inject/jersey-hk2/2.41/jersey-hk2-2.41.jar:/home/runner/.m2/repository/org/glassfish/hk2/hk2-locator/2.6.1/hk2-locator-2.6.1.jar:/home/runner/.m2/repository/org/glassfish/jersey/media/jersey-media-jaxb/2.41/jersey-media-jaxb-2.41.jar:/home/runner/.m2/repository/org/glassfish/hk2/osgi-resource-locator/1.0.3/osgi-resource-locator-1.0.3.jar:/home/runner/.m2/repository/org/glassfish/hk2/hk2-api/2.5.0/hk2-api-2.5.0.jar:/home/runner/.m2/repository/org/glassfish/hk2/hk2-utils/2.5.0/hk2-utils-2.5.0.jar:/home/runner/.m2/repository/org/glassfish/hk2/external/aopalliance-repackaged/2.5.0/aopalliance-repackaged-2.5.0.jar:/home/runner/.m2/repository/com/fasterxml/jackson/dataformat/jackson-dataformat-xml/2.13.4/jackson-dataformat-xml-2.13.4.jar:/home/runner/.m2/repository/org/codehaus/woodstox/stax2-api/4.2.2/stax2-api-4.2.2.jar:/home/runner/.m2/repository/com/fasterxml/woodstox/woodstox-core/5.4.0/woodstox-core-5.4.0.jar:/home/runner/.m2/repository/com/fasterxml/jackson/module/jackson-module-jaxb-annotations/2.13.4/jackson-module-jaxb-annotations-2.13.4.jar:/home/runner/.m2/repository/jakarta/xml/bind/jakarta.xml.bind-api/2.3.3/jakarta.xml.bind-api-2.3.3.jar:/home/runner/.m2/repository/jakarta/activation/jakarta.activation-api/1.2.2/jakarta.activation-api-1.2.2.jar:/home/runner/.m2/repository/javax/enterprise/cdi-api/2.0/cdi-api-2.0.jar:/home/runner/.m2/repository/javax/el/javax.el-api/3.0.0/javax.el-api-3.0.0.jar:/home/runner/.m2/repository/javax/interceptor/javax.interceptor-api/1.2/javax.interceptor-api-1.2.jar:/home/runner/.m2/repository/javax/inject/javax.inject/1/javax.inject-1.jar:/home/runner/.m2/repository/javax/xml/bind/jaxb-api/2.3.0/jaxb-api-2.3.0.jar:/home/runner/.m2/repository/org/glassfish/jaxb/jaxb-runtime/2.3.0.1/jaxb-runtime-2.3.0.1.jar:/home/runner/.m2/repository/org/glassfish/jaxb/jaxb-core/2.3.0.1/jaxb-core-2.3.0.1.jar:/home/runner/.m2/repository/org/glassfish/jaxb/txw2/2.3.0.1/txw2-2.3.0.1.jar:/home/runner/.m2/repository/com/sun/istack/istack-commons-runtime/3.0.5/istack-commons-runtime-3.0.5.jar:/home/runner/.m2/repository/org/jvnet/staxex/stax-ex/1.7.8/stax-ex-1.7.8.jar:/home/runner/.m2/repository/com/sun/xml/fastinfoset/FastInfoset/1.2.13/FastInfoset-1.2.13.jar:/home/runner/.m2/repository/javax/activation/activation/1.1.1/activation-1.1.1.jar:/home/runner/.m2/repository/io/grpc/grpc-protobuf/1.58.0/grpc-protobuf-1.58.0.jar:/home/runner/.m2/repository/com/google/api/grpc/proto-google-common-protos/2.22.0/proto-google-common-protos-2.22.0.jar:/home/runner/.m2/repository/io/grpc/grpc-protobuf-lite/1.58.0/grpc-protobuf-lite-1.58.0.jar:/home/runner/.m2/repository/io/grpc/grpc-stub/1.58.0/grpc-stub-1.58.0.jar:/home/runner/.m2/repository/io/netty/netty-transport/4.1.100.Final/netty-transport-4.1.100.Final.jar:/home/runner/.m2/repository/io/netty/netty-resolver/4.1.100.Final/netty-resolver-4.1.100.Final.jar:/home/runner/.m2/repository/org/apache/ozone/ozone-csi/1.5.0-SNAPSHOT/ozone-csi-1.5.0-SNAPSHOT.jar:/home/runner/.m2/repository/com/google/protobuf/protobuf-java-util/3.19.6/protobuf-java-util-3.19.6.jar:/home/runner/.m2/repository/com/google/code/gson/gson/2.9.0/gson-2.9.0.jar:/home/runner/.m2/repository/org/apache/ozone/hdds-config/1.5.0-SNAPSHOT/hdds-config-1.5.0-SNAPSHOT.jar:/home/runner/.m2/repository/io/netty/netty-transport-native-epoll/4.1.100.Final/netty-transport-native-epoll-4.1.100.Final-linux-x86_64.jar:/home/runner/.m2/repository/io/netty/netty-transport-classes-epoll/4.1.100.Final/netty-transport-classes-epoll-4.1.100.Final.jar:/home/runner/.m2/repository/io/netty/netty-transport-native-unix-common/4.1.100.Final/netty-transport-native-unix-common-4.1.100.Final.jar:/home/runner/.m2/repository/org/apache/ozone/ozone-recon/1.5.0-SNAPSHOT/ozone-recon-1.5.0-SNAPSHOT.jar:/home/runner/.m2/repository/org/apache/ozone/ozone-reconcodegen/1.5.0-SNAPSHOT/ozone-reconcodegen-1.5.0-SNAPSHOT.jar:/home/runner/.m2/repository/com/google/inject/guice/5.1.0/guice-5.1.0.jar:/home/runner/.m2/repository/aopalliance/aopalliance/1.0/aopalliance-1.0.jar:/home/runner/.m2/repository/com/google/inject/extensions/guice-assistedinject/5.1.0/guice-assistedinject-5.1.0.jar:/home/runner/.m2/repository/com/google/inject/extensions/guice-servlet/5.1.0/guice-servlet-5.1.0.jar:/home/runner/.m2/repository/org/glassfish/jersey/containers/jersey-container-servlet/2.41/jersey-container-servlet-2.41.jar:/home/runner/.m2/repository/org/glassfish/hk2/guice-bridge/2.5.0/guice-bridge-2.5.0.jar:/home/runner/.m2/repository/org/glassfish/jersey/core/jersey-server/2.41/jersey-server-2.41.jar:/home/runner/.m2/repository/org/glassfish/jersey/core/jersey-client/2.41/jersey-client-2.41.jar:/home/runner/.m2/repository/jakarta/annotation/jakarta.annotation-api/1.3.5/jakarta.annotation-api-1.3.5.jar:/home/runner/.m2/repository/jakarta/validation/jakarta.validation-api/2.0.2/jakarta.validation-api-2.0.2.jar:/home/runner/.m2/repository/org/glassfish/jersey/media/jersey-media-json-jackson/2.41/jersey-media-json-jackson-2.41.jar:/home/runner/.m2/repository/org/glassfish/jersey/ext/jersey-entity-filtering/2.41/jersey-entity-filtering-2.41.jar:/home/runner/.m2/repository/org/jooq/jooq/3.11.10/jooq-3.11.10.jar:/home/runner/.m2/repository/org/jooq/jooq-meta/3.11.10/jooq-meta-3.11.10.jar:/home/runner/.m2/repository/org/jooq/jooq-codegen/3.11.10/jooq-codegen-3.11.10.jar:/home/runner/.m2/repository/com/jolbox/bonecp/0.8.0.RELEASE/bonecp-0.8.0.RELEASE.jar:/home/runner/.m2/repository/org/apache/derby/derby/10.14.2.0/derby-10.14.2.0.jar:/home/runner/.m2/repository/org/xerial/sqlite-jdbc/3.44.1.0/sqlite-jdbc-3.44.1.0.jar:/home/runner/.m2/repository/org/springframework/spring-jdbc/5.3.27/spring-jdbc-5.3.27.jar:/home/runner/.m2/repository/org/springframework/spring-beans/5.3.27/spring-beans-5.3.27.jar:/home/runner/.m2/repository/org/springframework/spring-core/5.3.27/spring-core-5.3.27.jar:/home/runner/.m2/repository/org/springframework/spring-tx/5.3.27/spring-tx-5.3.27.jar:/home/runner/.m2/repository/org/apache/ozone/ozone-client/1.5.0-SNAPSHOT/ozone-client-1.5.0-SNAPSHOT.jar:/home/runner/.m2/repository/org/apache/ozone/hdds-erasurecode/1.5.0-SNAPSHOT/hdds-erasurecode-1.5.0-SNAPSHOT.jar:/home/runner/.m2/repository/org/apache/ozone/ozone-filesystem/1.5.0-SNAPSHOT/ozone-filesystem-1.5.0-SNAPSHOT.jar:/home/runner/.m2/repository/org/apache/ozone/ozone-filesystem-common/1.5.0-SNAPSHOT/ozone-filesystem-common-1.5.0-SNAPSHOT.jar:/home/runner/.m2/repository/org/apache/ozone/ozone-tools/1.5.0-SNAPSHOT/ozone-tools-1.5.0-SNAPSHOT.jar:/home/runner/.m2/repository/com/amazonaws/aws-java-sdk-core/1.12.261/aws-java-sdk-core-1.12.261.jar:/home/runner/.m2/repository/org/apache/httpcomponents/httpclient/4.5.13/httpclient-4.5.13.jar:/home/runner/.m2/repository/org/apache/httpcomponents/httpcore/4.4.16/httpcore-4.4.16.jar:/home/runner/.m2/repository/software/amazon/ion/ion-java/1.0.2/ion-java-1.0.2.jar:/home/runner/.m2/repository/com/fasterxml/jackson/dataformat/jackson-dataformat-cbor/2.13.4/jackson-dataformat-cbor-2.13.4.jar:/home/runner/.m2/repository/joda-time/joda-time/2.12.5/joda-time-2.12.5.jar:/home/runner/.m2/repository/com/amazonaws/aws-java-sdk-s3/1.12.261/aws-java-sdk-s3-1.12.261.jar:/home/runner/.m2/repository/com/amazonaws/aws-java-sdk-kms/1.12.261/aws-java-sdk-kms-1.12.261.jar:/home/runner/.m2/repository/com/amazonaws/jmespath-java/1.12.261/jmespath-java-1.12.261.jar:/home/runner/.m2/repository/org/kohsuke/metainf-services/metainf-services/1.8/metainf-services-1.8.jar:/home/runner/.m2/repository/org/apache/ozone/hdds-tools/1.5.0-SNAPSHOT/hdds-tools-1.5.0-SNAPSHOT.jar:/home/runner/.m2/repository/org/apache/ratis/ratis-tools/3.0.0/ratis-tools-3.0.0.jar:/home/runner/.m2/repository/commons-cli/commons-cli/1.6.0/commons-cli-1.6.0.jar:/home/runner/.m2/repository/org/apache/commons/commons-lang3/3.7/commons-lang3-3.7.jar:/home/runner/.m2/repository/org/apache/ozone/ozone-manager/1.5.0-SNAPSHOT/ozone-manager-1.5.0-SNAPSHOT-tests.jar:/home/runner/.m2/repository/org/apache/ozone/hdds-common/1.5.0-SNAPSHOT/hdds-common-1.5.0-SNAPSHOT-tests.jar:/home/runner/.m2/repository/org/apache/ozone/hdds-hadoop-dependency-client/1.5.0-SNAPSHOT/hdds-hadoop-dependency-client-1.5.0-SNAPSHOT.jar:/home/runner/.m2/repository/info/picocli/picocli/4.7.5/picocli-4.7.5.jar:/home/runner/.m2/repository/com/fasterxml/jackson/core/jackson-annotations/2.13.4/jackson-annotations-2.13.4.jar:/home/runner/.m2/repository/org/apache/ozone/hdds-annotation-processing/1.5.0-SNAPSHOT/hdds-annotation-processing-1.5.0-SNAPSHOT.jar:/home/runner/.m2/repository/javax/annotation/javax.annotation-api/1.3.2/javax.annotation-api-1.3.2.jar:/home/runner/.m2/repository/org/apache/ratis/ratis-netty/3.0.0/ratis-netty-3.0.0.jar:/home/runner/.m2/repository/org/apache/ratis/ratis-grpc/3.0.0/ratis-grpc-3.0.0.jar:/home/runner/.m2/repository/org/apache/commons/commons-pool2/2.6.0/commons-pool2-2.6.0.jar:/home/runner/.m2/repository/org/bouncycastle/bcpkix-jdk15on/1.67/bcpkix-jdk15on-1.67.jar:/home/runner/.m2/repository/commons-validator/commons-validator/1.6/commons-validator-1.6.jar:/home/runner/.m2/repository/commons-beanutils/commons-beanutils/1.9.4/commons-beanutils-1.9.4.jar:/home/runner/.m2/repository/commons-digester/commons-digester/1.8.1/commons-digester-1.8.1.jar:/home/runner/.m2/repository/commons-collections/commons-collections/3.2.2/commons-collections-3.2.2.jar:/home/runner/.m2/repository/io/jaegertracing/jaeger-client/1.6.0/jaeger-client-1.6.0.jar:/home/runner/.m2/repository/io/jaegertracing/jaeger-thrift/1.6.0/jaeger-thrift-1.6.0.jar:/home/runner/.m2/repository/org/apache/thrift/libthrift/0.14.1/libthrift-0.14.1.jar:/home/runner/.m2/repository/io/jaegertracing/jaeger-core/1.6.0/jaeger-core-1.6.0.jar:/home/runner/.m2/repository/io/jaegertracing/jaeger-tracerresolver/1.6.0/jaeger-tracerresolver-1.6.0.jar:/home/runner/.m2/repository/io/opentracing/contrib/opentracing-tracerresolver/0.1.8/opentracing-tracerresolver-0.1.8.jar:/home/runner/.m2/repository/org/jetbrains/kotlin/kotlin-stdlib/1.9.21/kotlin-stdlib-1.9.21.jar:/home/runner/.m2/repository/org/jetbrains/annotations/13.0/annotations-13.0.jar:/home/runner/.m2/repository/io/opentracing/opentracing-util/0.33.0/opentracing-util-0.33.0.jar:/home/runner/.m2/repository/io/opentracing/opentracing-api/0.33.0/opentracing-api-0.33.0.jar:/home/runner/.m2/repository/io/opentracing/opentracing-noop/0.33.0/opentracing-noop-0.33.0.jar:/home/runner/.m2/repository/org/yaml/snakeyaml/2.0/snakeyaml-2.0.jar:/home/runner/.m2/repository/io/grpc/grpc-api/1.58.0/grpc-api-1.58.0.jar:/home/runner/.m2/repository/junit/junit/4.13.1/junit-4.13.1.jar:/home/runner/.m2/repository/org/hamcrest/hamcrest-core/1.3/hamcrest-core-1.3.jar:/home/runner/.m2/repository/org/junit/jupiter/junit-jupiter-api/5.10.1/junit-jupiter-api-5.10.1.jar:/home/runner/.m2/repository/org/opentest4j/opentest4j/1.3.0/opentest4j-1.3.0.jar:/home/runner/.m2/repository/org/junit/platform/junit-platform-commons/1.10.1/junit-platform-commons-1.10.1.jar:/home/runner/.m2/repository/org/apiguardian/apiguardian-api/1.1.2/apiguardian-api-1.1.2.jar:/home/runner/.m2/repository/org/junit/jupiter/junit-jupiter-params/5.10.1/junit-jupiter-params-5.10.1.jar:/home/runner/.m2/repository/org/junit/jupiter/junit-jupiter-migrationsupport/5.10.1/junit-jupiter-migrationsupport-5.10.1.jar:/home/runner/.m2/repository/org/junit/jupiter/junit-jupiter-engine/5.10.1/junit-jupiter-engine-5.10.1.jar:/home/runner/.m2/repository/org/junit/platform/junit-platform-engine/1.10.1/junit-platform-engine-1.10.1.jar:/home/runner/.m2/repository/org/junit/vintage/junit-vintage-engine/5.10.1/junit-vintage-engine-5.10.1.jar:/home/runner/.m2/repository/org/junit/platform/junit-platform-launcher/1.10.1/junit-platform-launcher-1.10.1.jar:/home/runner/.m2/repository/org/mockito/mockito-core/3.5.9/mockito-core-3.5.9.jar:/home/runner/.m2/repository/net/bytebuddy/byte-buddy/1.10.13/byte-buddy-1.10.13.jar:/home/runner/.m2/repository/net/bytebuddy/byte-buddy-agent/1.10.13/byte-buddy-agent-1.10.13.jar:/home/runner/.m2/repository/org/objenesis/objenesis/1.0/objenesis-1.0.jar:/home/runner/.m2/repository/org/apache/hadoop/hadoop-kms/3.3.6/hadoop-kms-3.3.6.jar:/home/runner/.m2/repository/org/apache/hadoop/hadoop-auth/3.3.6/hadoop-auth-3.3.6.jar:/home/runner/.m2/repository/com/nimbusds/nimbus-jose-jwt/9.8.1/nimbus-jose-jwt-9.8.1.jar:/home/runner/.m2/repository/com/github/stephenc/jcip/jcip-annotations/1.0-1/jcip-annotations-1.0-1.jar:/home/runner/.m2/repository/org/apache/zookeeper/zookeeper/3.7.2/zookeeper-3.7.2.jar:/home/runner/.m2/repository/org/apache/zookeeper/zookeeper-jute/3.7.2/zookeeper-jute-3.7.2.jar:/home/runner/.m2/repository/org/apache/yetus/audience-annotations/0.12.0/audience-annotations-0.12.0.jar:/home/runner/.m2/repository/org/apache/curator/curator-framework/4.2.0/curator-framework-4.2.0.jar:/home/runner/.m2/repository/org/apache/hadoop/thirdparty/hadoop-shaded-guava/1.1.1/hadoop-shaded-guava-1.1.1.jar:/home/runner/.m2/repository/com/sun/jersey/jersey-core/1.19.4/jersey-core-1.19.4.jar:/home/runner/.m2/repository/javax/ws/rs/jsr311-api/1.1.1/jsr311-api-1.1.1.jar:/home/runner/.m2/repository/com/sun/jersey/jersey-server/1.19.4/jersey-server-1.19.4.jar:/home/runner/.m2/repository/javax/servlet/javax.servlet-api/3.1.0/javax.servlet-api-3.1.0.jar:/home/runner/.m2/repository/org/apache/hadoop/hadoop-common/3.3.6/hadoop-common-3.3.6.jar:/home/runner/.m2/repository/org/apache/commons/commons-math3/3.1.1/commons-math3-3.1.1.jar:/home/runner/.m2/repository/commons-net/commons-net/3.10.0/commons-net-3.10.0.jar:/home/runner/.m2/repository/com/sun/jersey/jersey-servlet/1.19.4/jersey-servlet-1.19.4.jar:/home/runner/.m2/repository/com/github/pjfanning/jersey-json/1.20/jersey-json-1.20.jar:/home/runner/.m2/repository/org/codehaus/jettison/jettison/1.1/jettison-1.1.jar:/home/runner/.m2/repository/com/sun/xml/bind/jaxb-impl/2.2.3-1/jaxb-impl-2.2.3-1.jar:/home/runner/.m2/repository/com/google/re2j/re2j/1.1/re2j-1.1.jar:/home/runner/.m2/repository/com/jcraft/jsch/0.1.54/jsch-0.1.54.jar:/home/runner/.m2/repository/org/apache/curator/curator-client/4.2.0/curator-client-4.2.0.jar:/home/runner/.m2/repository/org/apache/curator/curator-recipes/5.2.0/curator-recipes-5.2.0.jar:/home/runner/.m2/repository/org/apache/kerby/kerb-core/1.0.1/kerb-core-1.0.1.jar:/home/runner/.m2/repository/org/apache/kerby/kerby-pkix/1.0.1/kerby-pkix-1.0.1.jar:/home/runner/.m2/repository/org/apache/kerby/kerby-asn1/1.0.1/kerby-asn1-1.0.1.jar:/home/runner/.m2/repository/org/apache/kerby/kerby-util/1.0.1/kerby-util-1.0.1.jar:/home/runner/.m2/repository/dnsjava/dnsjava/2.1.7/dnsjava-2.1.7.jar:/home/runner/.m2/repository/org/xerial/snappy/snappy-java/1.1.8.2/snappy-java-1.1.8.2.jar:/home/runner/.m2/repository/com/fasterxml/jackson/core/jackson-databind/2.13.4.2/jackson-databind-2.13.4.2.jar:/home/runner/.m2/repository/org/apache/hadoop/hadoop-kms/3.3.6/hadoop-kms-3.3.6-tests.jar:/home/runner/.m2/repository/org/apache/ozone/hdds-server-scm/1.5.0-SNAPSHOT/hdds-server-scm-1.5.0-SNAPSHOT-tests.jar:/home/runner/.m2/repository/org/apache/ozone/hdds-container-service/1.5.0-SNAPSHOT/hdds-container-service-1.5.0-SNAPSHOT-tests.jar:/home/runner/.m2/repository/com/github/luben/zstd-jni/1.5.2-5/zstd-jni-1.5.2-5.jar:/home/runner/.m2/repository/commons-codec/commons-codec/1.15/commons-codec-1.15.jar:/home/runner/.m2/repository/io/netty/netty-codec/4.1.100.Final/netty-codec-4.1.100.Final.jar:/home/runner/.m2/repository/io/netty/netty-handler/4.1.100.Final/netty-handler-4.1.100.Final.jar:/home/runner/.m2/repository/org/apache/ozone/hdds-hadoop-dependency-test/1.5.0-SNAPSHOT/hdds-hadoop-dependency-test-1.5.0-SNAPSHOT.jar:/home/runner/.m2/repository/org/apache/hadoop/hadoop-common/3.3.6/hadoop-common-3.3.6-tests.jar:/home/runner/.m2/repository/org/apache/hadoop/hadoop-hdfs/3.3.6/hadoop-hdfs-3.3.6-tests.jar:/home/runner/.m2/repository/org/assertj/assertj-core/3.12.2/assertj-core-3.12.2.jar:/home/runner/.m2/repository/org/apache/hadoop/hadoop-distcp/3.3.6/hadoop-distcp-3.3.6.jar:/home/runner/.m2/repository/org/apache/hadoop/hadoop-mapreduce-client-jobclient/3.3.6/hadoop-mapreduce-client-jobclient-3.3.6.jar:/home/runner/.m2/repository/org/apache/hadoop/hadoop-mapreduce-client-common/3.3.6/hadoop-mapreduce-client-common-3.3.6.jar:/home/runner/.m2/repository/org/apache/hadoop/hadoop-yarn-common/3.3.6/hadoop-yarn-common-3.3.6.jar:/home/runner/.m2/repository/org/apache/hadoop/hadoop-yarn-api/3.3.6/hadoop-yarn-api-3.3.6.jar:/home/runner/.m2/repository/com/sun/jersey/contribs/jersey-guice/1.19.4/jersey-guice-1.19.4.jar:/home/runner/.m2/repository/com/fasterxml/jackson/jaxrs/jackson-jaxrs-json-provider/2.13.4/jackson-jaxrs-json-provider-2.13.4.jar:/home/runner/.m2/repository/com/fasterxml/jackson/jaxrs/jackson-jaxrs-base/2.13.4/jackson-jaxrs-base-2.13.4.jar:/home/runner/.m2/repository/org/apache/hadoop/hadoop-yarn-client/3.3.6/hadoop-yarn-client-3.3.6.jar:/home/runner/.m2/repository/org/eclipse/jetty/websocket/websocket-client/9.4.51.v20230217/websocket-client-9.4.51.v20230217.jar:/home/runner/.m2/repository/org/eclipse/jetty/websocket/websocket-common/9.4.51.v20230217/websocket-common-9.4.51.v20230217.jar:/home/runner/.m2/repository/org/eclipse/jetty/websocket/websocket-api/9.4.51.v20230217/websocket-api-9.4.51.v20230217.jar:/home/runner/.m2/repository/org/jline/jline/3.9.0/jline-3.9.0.jar:/home/runner/.m2/repository/org/apache/hadoop/hadoop-mapreduce-client-core/3.3.6/hadoop-mapreduce-client-core-3.3.6.jar:/home/runner/.m2/repository/org/apache/avro/avro/1.7.7/avro-1.7.7.jar:/home/runner/.m2/repository/com/thoughtworks/paranamer/paranamer/2.3/paranamer-2.3.jar:/home/runner/.m2/repository/org/apache/hadoop/hadoop-annotations/3.3.6/hadoop-annotations-3.3.6.jar:/usr/lib/jvm/temurin-8-jdk-amd64/jre/../lib/tools.jar:/home/runner/.m2/repository/io/netty/netty/3.10.6.Final/netty-3.10.6.Final.jar:/home/runner/.m2/repository/org/apache/hadoop/hadoop-distcp/3.3.6/hadoop-distcp-3.3.6-tests.jar:/home/runner/.m2/repository/org/slf4j/jul-to-slf4j/1.7.36/jul-to-slf4j-1.7.36.jar:/home/runner/work/ozone/ozone/hadoop-ozone/integration-test/target/gradle-enterprise/test-listeners.jar:"/>
    <property name="sun.cpu.endian" value="little"/>
    <property name="user.home" value="/home/runner"/>
    <property name="user.language" value="en"/>
    <property name="java.specification.vendor" value="Oracle Corporation"/>
    <property name="java.home" value="/usr/lib/jvm/temurin-8-jdk-amd64/jre"/>
    <property name="java.security.krb5.conf" value="/home/runner/work/ozone/ozone/hadoop-ozone/integration-test/target/test-classes/krb5.conf"/>
    <property name="file.separator" value="/"/>
    <property name="basedir" value="/home/runner/work/ozone/ozone/hadoop-ozone/integration-test"/>
    <property name="line.separator" value="&#10;"/>
    <property name="java.vm.specification.vendor" value="Oracle Corporation"/>
    <property name="java.specification.name" value="Java Platform API Specification"/>
    <property name="skip.installnpx" value="true"/>
    <property name="java.awt.graphicsenv" value="sun.awt.X11GraphicsEnvironment"/>
    <property name="surefire.real.class.path" value="/home/runner/work/ozone/ozone/hadoop-ozone/integration-test/target/surefire/surefirebooter-20231219180438957_338.jar:/home/runner/.m2/repository/org/jacoco/org.jacoco.agent/0.8.5/org.jacoco.agent-0.8.5-runtime.jar"/>
    <property name="sun.boot.class.path" value="/usr/lib/jvm/temurin-8-jdk-amd64/jre/lib/resources.jar:/usr/lib/jvm/temurin-8-jdk-amd64/jre/lib/rt.jar:/usr/lib/jvm/temurin-8-jdk-amd64/jre/lib/sunrsasign.jar:/usr/lib/jvm/temurin-8-jdk-amd64/jre/lib/jsse.jar:/usr/lib/jvm/temurin-8-jdk-amd64/jre/lib/jce.jar:/usr/lib/jvm/temurin-8-jdk-amd64/jre/lib/charsets.jar:/usr/lib/jvm/temurin-8-jdk-amd64/jre/lib/jfr.jar:/usr/lib/jvm/temurin-8-jdk-amd64/jre/classes"/>
    <property name="hadoop.log.dir" value="/home/runner/work/ozone/ozone/hadoop-ozone/integration-test/target/log"/>
    <property name="sun.management.compiler" value="HotSpot 64-Bit Tiered Compilers"/>
    <property name="java.runtime.version" value="1.8.0_392-b08"/>
    <property name="skip.npx" value="true"/>
    <property name="user.name" value="runner"/>
    <property name="java.net.preferIPv4Stack" value="true"/>
    <property name="path.separator" value=":"/>
    <property name="java.security.egd" value="file:///dev/urandom"/>
    <property name="os.version" value="5.15.0-1053-azure"/>
    <property name="java.endorsed.dirs" value="/usr/lib/jvm/temurin-8-jdk-amd64/jre/lib/endorsed"/>
    <property name="java.runtime.name" value="OpenJDK Runtime Environment"/>
    <property name="com.gradle.maven.scan.extension.test.listener.junitplatform.NestedExecutionSafeDelegatingTestExecutionListener" value="38018b62"/>
    <property name="file.encoding" value="UTF-8"/>
    <property name="java.vm.name" value="OpenJDK 64-Bit Server VM"/>
    <property name="test.build.webapps" value=""/>
    <property name="localRepository" value="/home/runner/.m2/repository"/>
    <property name="gradle.enterprise.listener.port" value="35503"/>
    <property name="jetty.git.hash" value="27bde00a0b95a1d5bbee0eae7984f891d2d0f8c9"/>
    <property name="java.vendor.url.bug" value="https://github.com/adoptium/adoptium-support/issues"/>
    <property name="require.test.libhadoop" value=""/>
    <property name="java.io.tmpdir" value="/tmp"/>
    <property name="java.version" value="1.8.0_392"/>
    <property name="user.dir" value="/home/runner/work/ozone/ozone/hadoop-ozone/integration-test"/>
    <property name="os.arch" value="amd64"/>
    <property name="test.build.classes" value="/home/runner/work/ozone/ozone/hadoop-ozone/integration-test/target/test-classes"/>
    <property name="java.vm.specification.name" value="Java Virtual Machine Specification"/>
    <property name="java.awt.printerjob" value="sun.print.PSPrinterJob"/>
    <property name="sun.os.patch.level" value="unknown"/>
    <property name="org.apache.ratis.thirdparty.io.netty.allocator.useCacheForAllThreads" value="false"/>
    <property name="hadoop.tmp.dir" value="/home/runner/work/ozone/ozone/hadoop-ozone/integration-test/target/tmp"/>
    <property name="java.library.path" value="/usr/java/packages/lib/amd64:/usr/lib64:/lib64:/lib:/usr/lib"/>
    <property name="java.vendor" value="Temurin"/>
    <property name="java.vm.info" value="mixed mode"/>
    <property name="java.vm.version" value="25.392-b08"/>
    <property name="java.specification.maintenance.version" value="5"/>
    <property name="sun.io.unicode.encoding" value="UnicodeLittle"/>
    <property name="java.ext.dirs" value="/usr/lib/jvm/temurin-8-jdk-amd64/jre/lib/ext:/usr/java/packages/lib/ext"/>
    <property name="java.class.version" value="52.0"/>
  </properties>
  <testcase name="bucketUsedBytesOverWrite(BucketLayout)[1]" classname="org.apache.hadoop.ozone.client.rpc.TestSecureOzoneRpcClient" time="0.9">
    <system-out><![CDATA[2023-12-19 18:17:47,365 [main] INFO  audit.AuditLogger (AuditLogger.java:refreshDebugCmdSet(130)) - Refresh DebugCmdSet for OMAudit to [].
2023-12-19 18:17:48,516 [main] INFO  utils.SelfSignedCertificate (SelfSignedCertificate.java:generateCertificate(157)) - Certificate 1 is issued by CN=rootCA@localhost,OU=scm1,O=cluster1,SERIALNUMBER=1 to CN=rootCA@localhost,OU=scm1,O=cluster1,SERIALNUMBER=1, valid from Tue Dec 19 18:17:48 UTC 2023 to Fri Jan 26 18:17:48 UTC 2029
2023-12-19 18:17:48,552 [main] INFO  authority.DefaultApprover (DefaultApprover.java:sign(157)) - Extensions in CSR: 2.5.29.15
2023-12-19 18:17:48,553 [main] INFO  authority.DefaultApprover (DefaultApprover.java:sign(161)) - Extensions to add to the certificate if they present in CSR: 2.5.29.17, 1.3.6.1.5.5.7.1.12, 2.5.29.35, 2.5.29.37, 2.5.29.15
2023-12-19 18:17:48,573 [main] INFO  ssl.ReloadingX509KeyManager (ReloadingX509KeyManager.java:loadKeyManager(222)) - Key manager is loaded with certificate chain
2023-12-19 18:17:48,577 [main] INFO  ssl.ReloadingX509KeyManager (ReloadingX509KeyManager.java:loadKeyManager(224)) - [
[
  Version: V3
  Subject: SERIALNUMBER=1049278094962, O=cluster1, OU=scm1, CN=localhost
  Signature Algorithm: SHA256withRSA, OID = 1.2.840.113549.1.1.11

  Key:  Sun RSA public key, 2048 bits
  params: null
  modulus: 24268062568029647747925778066910072840083045989682743383258790373641668935793056767790627831878574556926169118499720206488686821550811246064978872781659072497882852813891263454624204520395329353305752692111383100208491822685706779195553046770530880037301474534278526742558368420712133294741508210666440658016563885861171051217507610271115621264323424686768518102999419124191624111191566361137346343914635142638271135713682327749040357282309603574811211282397350906746020793871661937269696856747872841188307268152188869042250504449126736300634418733702148549136843800476175723878784950162342995338949199466377983590539
  public exponent: 65537
  Validity: [From: Tue Dec 19 18:17:48 UTC 2023,
               To: Wed Dec 18 18:17:48 UTC 2024]
  Issuer: SERIALNUMBER=1, O=cluster1, OU=scm1, CN=rootCA@localhost
  SerialNumber: [    f44dd91e 72]

Certificate Extensions: 1
[1]: ObjectId: 2.5.29.15 Criticality=true
KeyUsage [
  DigitalSignature
  Key_Encipherment
  Data_Encipherment
  Key_Agreement
]

]
  Algorithm: [SHA256withRSA]
  Signature:
0000: 3A 74 DC FA 38 6E 16 3C   36 3A 51 13 4B 59 D4 2A  :t..8n.<6:Q.KY.*
0010: F8 40 C0 B6 A5 4D 30 F8   4B 81 C4 AE F0 4E 55 48  .@...M0.K....NUH
0020: 28 A4 3B 08 0C 1D 6C 85   C7 DC 88 93 82 36 BD FA  (.;...l......6..
0030: F6 81 0C 20 6D 28 17 AD   AC 15 04 38 51 EE 54 BA  ... m(.....8Q.T.
0040: 54 B9 C4 09 1B 5E F3 13   63 8A 63 16 0E 93 2D 4A  T....^..c.c...-J
0050: 99 04 8C 5D 23 6F F9 7F   A3 EB 00 A6 37 11 0C 33  ...]#o......7..3
0060: 9D F6 AF 46 22 7F B1 98   A8 99 4C D3 EF D4 07 47  ...F".....L....G
0070: EB 75 2A BC D7 F3 48 E3   44 D5 DB 49 D4 98 E1 55  .u*...H.D..I...U
0080: 3D 63 F2 F6 1E C5 EA 47   36 F9 4E 47 90 DE C6 38  =c.....G6.NG...8
0090: 27 A2 4D 89 F5 71 96 79   BE A6 D1 01 92 C4 1C 21  '.M..q.y.......!
00A0: 40 49 8C 85 85 4E E0 67   16 99 59 AC C8 57 52 7F  @I...N.g..Y..WR.
00B0: B3 7B B7 2E 41 FA 1C 97   C0 03 26 3C 58 9A F6 CE  ....A.....&<X...
00C0: B5 F6 59 E5 7E 45 CA 5D   BB 84 F0 3D A1 64 DD 4D  ..Y..E.]...=.d.M
00D0: 5A E0 73 68 23 B8 08 66   59 F1 7C AF 36 6A 90 DB  Z.sh#..fY...6j..
00E0: 36 11 F1 E6 D3 ED 72 88   A8 8E AA 55 9C B3 6A 9A  6.....r....U..j.
00F0: 1B 13 9C 2F 60 78 79 6F   21 D1 F7 2B 6B 5D 98 98  .../`xyo!..+k]..

]
2023-12-19 18:17:48,581 [main] INFO  ssl.ReloadingX509KeyManager (ReloadingX509KeyManager.java:loadKeyManager(224)) - [
[
  Version: V3
  Subject: SERIALNUMBER=1, O=cluster1, OU=scm1, CN=rootCA@localhost
  Signature Algorithm: SHA256withRSA, OID = 1.2.840.113549.1.1.11

  Key:  Sun RSA public key, 2048 bits
  params: null
  modulus: 24328255237537202875608650473561585333777678087120217972924250147485748825999542440836548563679301190571101760195201247765196150355432437340993868427718668511155760580683331772596317459462126509211057829760797741858368447908974853238723782396243534991698098053960431716972422250873408747826551705005359770539110376162614123595766175385801872700428253926054112350203411973666042459114404542375162576589906102461745038039509852346649557533706325858044722393042342690131886482802370279238554229867749265973383908503340849432684714845619477011474220923074731967448707146605036712255366276394176458672687531300222542103019
  public exponent: 65537
  Validity: [From: Tue Dec 19 18:17:48 UTC 2023,
               To: Fri Jan 26 18:17:48 UTC 2029]
  Issuer: SERIALNUMBER=1, O=cluster1, OU=scm1, CN=rootCA@localhost
  SerialNumber: [    01]

Certificate Extensions: 2
[1]: ObjectId: 2.5.29.19 Criticality=true
BasicConstraints:[
  CA:true
  PathLen:2147483647
]

[2]: ObjectId: 2.5.29.15 Criticality=true
KeyUsage [
  Key_CertSign
  Crl_Sign
]

]
  Algorithm: [SHA256withRSA]
  Signature:
0000: 82 B9 1B E4 C8 58 7E 58   55 3B E2 CF 4A 57 DF 14  .....X.XU;..JW..
0010: EC A5 76 31 05 55 1F 80   D5 EC A3 EC EA 54 BF 9F  ..v1.U.......T..
0020: 35 B7 44 FD BA FB F4 18   93 EF 37 75 BE 4B B1 84  5.D.......7u.K..
0030: BC 46 1E 26 7E 48 56 24   9E 6F CF E0 68 4C 99 E3  .F.&.HV$.o..hL..
0040: 53 98 F6 B7 D9 7B B6 68   68 63 35 6F 5A EB 5E 5D  S......hhc5oZ.^]
0050: 16 5D 18 DD 23 7E 0D 53   4E FA 8B 0F 79 C1 05 3B  .]..#..SN...y..;
0060: 75 5D 70 96 D2 78 9A C8   8F 32 6B 24 E1 85 17 8D  u]p..x...2k$....
0070: F9 3A 0E 1A 43 21 F9 CD   0D 1A D5 3A F4 C8 6D 00  .:..C!.....:..m.
0080: C8 C2 27 37 30 88 FA E8   2D 90 4E FF 32 3A 3E C1  ..'70...-.N.2:>.
0090: D2 2E A1 AF 9F 72 D1 71   3A 1A 34 10 72 58 DA E5  .....r.q:.4.rX..
00A0: FB 7F 92 7B 2E 52 AE 82   55 B1 70 12 F8 80 25 30  .....R..U.p...%0
00B0: 0C DA 2E 5F B5 B0 7D DD   60 35 3B AA 4E 87 8A 2E  ..._....`5;.N...
00C0: 99 0A 30 C4 62 B8 FE 4F   82 E7 48 7A 2B 97 C1 8D  ..0.b..O..Hz+...
00D0: 8D E6 E3 6A B6 45 A3 3B   BF BB C6 23 E6 29 10 48  ...j.E.;...#.).H
00E0: A3 3B 54 79 5B 61 05 93   2B F7 7E FD 2F 02 5C 98  .;Ty[a..+.../.\.
00F0: 47 92 A3 59 6B EC 2D 1D   83 21 38 0E 0A 80 79 C5  G..Yk.-..!8...y.

]
2023-12-19 18:17:48,585 [main] INFO  ssl.ReloadingX509TrustManager (ReloadingX509TrustManager.java:insertCertsToKeystore(188)) - Trust manager is loaded with certificates
2023-12-19 18:17:48,587 [main] INFO  ssl.ReloadingX509TrustManager (ReloadingX509TrustManager.java:insertCertsToKeystore(192)) - [
[
  Version: V3
  Subject: SERIALNUMBER=1, O=cluster1, OU=scm1, CN=rootCA@localhost
  Signature Algorithm: SHA256withRSA, OID = 1.2.840.113549.1.1.11

  Key:  Sun RSA public key, 2048 bits
  params: null
  modulus: 24328255237537202875608650473561585333777678087120217972924250147485748825999542440836548563679301190571101760195201247765196150355432437340993868427718668511155760580683331772596317459462126509211057829760797741858368447908974853238723782396243534991698098053960431716972422250873408747826551705005359770539110376162614123595766175385801872700428253926054112350203411973666042459114404542375162576589906102461745038039509852346649557533706325858044722393042342690131886482802370279238554229867749265973383908503340849432684714845619477011474220923074731967448707146605036712255366276394176458672687531300222542103019
  public exponent: 65537
  Validity: [From: Tue Dec 19 18:17:48 UTC 2023,
               To: Fri Jan 26 18:17:48 UTC 2029]
  Issuer: SERIALNUMBER=1, O=cluster1, OU=scm1, CN=rootCA@localhost
  SerialNumber: [    01]

Certificate Extensions: 2
[1]: ObjectId: 2.5.29.19 Criticality=true
BasicConstraints:[
  CA:true
  PathLen:2147483647
]

[2]: ObjectId: 2.5.29.15 Criticality=true
KeyUsage [
  Key_CertSign
  Crl_Sign
]

]
  Algorithm: [SHA256withRSA]
  Signature:
0000: 82 B9 1B E4 C8 58 7E 58   55 3B E2 CF 4A 57 DF 14  .....X.XU;..JW..
0010: EC A5 76 31 05 55 1F 80   D5 EC A3 EC EA 54 BF 9F  ..v1.U.......T..
0020: 35 B7 44 FD BA FB F4 18   93 EF 37 75 BE 4B B1 84  5.D.......7u.K..
0030: BC 46 1E 26 7E 48 56 24   9E 6F CF E0 68 4C 99 E3  .F.&.HV$.o..hL..
0040: 53 98 F6 B7 D9 7B B6 68   68 63 35 6F 5A EB 5E 5D  S......hhc5oZ.^]
0050: 16 5D 18 DD 23 7E 0D 53   4E FA 8B 0F 79 C1 05 3B  .]..#..SN...y..;
0060: 75 5D 70 96 D2 78 9A C8   8F 32 6B 24 E1 85 17 8D  u]p..x...2k$....
0070: F9 3A 0E 1A 43 21 F9 CD   0D 1A D5 3A F4 C8 6D 00  .:..C!.....:..m.
0080: C8 C2 27 37 30 88 FA E8   2D 90 4E FF 32 3A 3E C1  ..'70...-.N.2:>.
0090: D2 2E A1 AF 9F 72 D1 71   3A 1A 34 10 72 58 DA E5  .....r.q:.4.rX..
00A0: FB 7F 92 7B 2E 52 AE 82   55 B1 70 12 F8 80 25 30  .....R..U.p...%0
00B0: 0C DA 2E 5F B5 B0 7D DD   60 35 3B AA 4E 87 8A 2E  ..._....`5;.N...
00C0: 99 0A 30 C4 62 B8 FE 4F   82 E7 48 7A 2B 97 C1 8D  ..0.b..O..Hz+...
00D0: 8D E6 E3 6A B6 45 A3 3B   BF BB C6 23 E6 29 10 48  ...j.E.;...#.).H
00E0: A3 3B 54 79 5B 61 05 93   2B F7 7E FD 2F 02 5C 98  .;Ty[a..+.../.\.
00F0: 47 92 A3 59 6B EC 2D 1D   83 21 38 0E 0A 80 79 C5  G..Yk.-..!8...y.

]
2023-12-19 18:17:48,589 [main] INFO  ssl.ReloadingX509KeyManager (ReloadingX509KeyManager.java:loadKeyManager(222)) - Key manager is loaded with certificate chain
2023-12-19 18:17:48,591 [main] INFO  ssl.ReloadingX509KeyManager (ReloadingX509KeyManager.java:loadKeyManager(224)) - [
[
  Version: V3
  Subject: SERIALNUMBER=1049278094962, O=cluster1, OU=scm1, CN=localhost
  Signature Algorithm: SHA256withRSA, OID = 1.2.840.113549.1.1.11

  Key:  Sun RSA public key, 2048 bits
  params: null
  modulus: 24268062568029647747925778066910072840083045989682743383258790373641668935793056767790627831878574556926169118499720206488686821550811246064978872781659072497882852813891263454624204520395329353305752692111383100208491822685706779195553046770530880037301474534278526742558368420712133294741508210666440658016563885861171051217507610271115621264323424686768518102999419124191624111191566361137346343914635142638271135713682327749040357282309603574811211282397350906746020793871661937269696856747872841188307268152188869042250504449126736300634418733702148549136843800476175723878784950162342995338949199466377983590539
  public exponent: 65537
  Validity: [From: Tue Dec 19 18:17:48 UTC 2023,
               To: Wed Dec 18 18:17:48 UTC 2024]
  Issuer: SERIALNUMBER=1, O=cluster1, OU=scm1, CN=rootCA@localhost
  SerialNumber: [    f44dd91e 72]

Certificate Extensions: 1
[1]: ObjectId: 2.5.29.15 Criticality=true
KeyUsage [
  DigitalSignature
  Key_Encipherment
  Data_Encipherment
  Key_Agreement
]

]
  Algorithm: [SHA256withRSA]
  Signature:
0000: 3A 74 DC FA 38 6E 16 3C   36 3A 51 13 4B 59 D4 2A  :t..8n.<6:Q.KY.*
0010: F8 40 C0 B6 A5 4D 30 F8   4B 81 C4 AE F0 4E 55 48  .@...M0.K....NUH
0020: 28 A4 3B 08 0C 1D 6C 85   C7 DC 88 93 82 36 BD FA  (.;...l......6..
0030: F6 81 0C 20 6D 28 17 AD   AC 15 04 38 51 EE 54 BA  ... m(.....8Q.T.
0040: 54 B9 C4 09 1B 5E F3 13   63 8A 63 16 0E 93 2D 4A  T....^..c.c...-J
0050: 99 04 8C 5D 23 6F F9 7F   A3 EB 00 A6 37 11 0C 33  ...]#o......7..3
0060: 9D F6 AF 46 22 7F B1 98   A8 99 4C D3 EF D4 07 47  ...F".....L....G
0070: EB 75 2A BC D7 F3 48 E3   44 D5 DB 49 D4 98 E1 55  .u*...H.D..I...U
0080: 3D 63 F2 F6 1E C5 EA 47   36 F9 4E 47 90 DE C6 38  =c.....G6.NG...8
0090: 27 A2 4D 89 F5 71 96 79   BE A6 D1 01 92 C4 1C 21  '.M..q.y.......!
00A0: 40 49 8C 85 85 4E E0 67   16 99 59 AC C8 57 52 7F  @I...N.g..Y..WR.
00B0: B3 7B B7 2E 41 FA 1C 97   C0 03 26 3C 58 9A F6 CE  ....A.....&<X...
00C0: B5 F6 59 E5 7E 45 CA 5D   BB 84 F0 3D A1 64 DD 4D  ..Y..E.]...=.d.M
00D0: 5A E0 73 68 23 B8 08 66   59 F1 7C AF 36 6A 90 DB  Z.sh#..fY...6j..
00E0: 36 11 F1 E6 D3 ED 72 88   A8 8E AA 55 9C B3 6A 9A  6.....r....U..j.
00F0: 1B 13 9C 2F 60 78 79 6F   21 D1 F7 2B 6B 5D 98 98  .../`xyo!..+k]..

]
2023-12-19 18:17:48,592 [main] INFO  ssl.ReloadingX509KeyManager (ReloadingX509KeyManager.java:loadKeyManager(224)) - [
[
  Version: V3
  Subject: SERIALNUMBER=1, O=cluster1, OU=scm1, CN=rootCA@localhost
  Signature Algorithm: SHA256withRSA, OID = 1.2.840.113549.1.1.11

  Key:  Sun RSA public key, 2048 bits
  params: null
  modulus: 24328255237537202875608650473561585333777678087120217972924250147485748825999542440836548563679301190571101760195201247765196150355432437340993868427718668511155760580683331772596317459462126509211057829760797741858368447908974853238723782396243534991698098053960431716972422250873408747826551705005359770539110376162614123595766175385801872700428253926054112350203411973666042459114404542375162576589906102461745038039509852346649557533706325858044722393042342690131886482802370279238554229867749265973383908503340849432684714845619477011474220923074731967448707146605036712255366276394176458672687531300222542103019
  public exponent: 65537
  Validity: [From: Tue Dec 19 18:17:48 UTC 2023,
               To: Fri Jan 26 18:17:48 UTC 2029]
  Issuer: SERIALNUMBER=1, O=cluster1, OU=scm1, CN=rootCA@localhost
  SerialNumber: [    01]

Certificate Extensions: 2
[1]: ObjectId: 2.5.29.19 Criticality=true
BasicConstraints:[
  CA:true
  PathLen:2147483647
]

[2]: ObjectId: 2.5.29.15 Criticality=true
KeyUsage [
  Key_CertSign
  Crl_Sign
]

]
  Algorithm: [SHA256withRSA]
  Signature:
0000: 82 B9 1B E4 C8 58 7E 58   55 3B E2 CF 4A 57 DF 14  .....X.XU;..JW..
0010: EC A5 76 31 05 55 1F 80   D5 EC A3 EC EA 54 BF 9F  ..v1.U.......T..
0020: 35 B7 44 FD BA FB F4 18   93 EF 37 75 BE 4B B1 84  5.D.......7u.K..
0030: BC 46 1E 26 7E 48 56 24   9E 6F CF E0 68 4C 99 E3  .F.&.HV$.o..hL..
0040: 53 98 F6 B7 D9 7B B6 68   68 63 35 6F 5A EB 5E 5D  S......hhc5oZ.^]
0050: 16 5D 18 DD 23 7E 0D 53   4E FA 8B 0F 79 C1 05 3B  .]..#..SN...y..;
0060: 75 5D 70 96 D2 78 9A C8   8F 32 6B 24 E1 85 17 8D  u]p..x...2k$....
0070: F9 3A 0E 1A 43 21 F9 CD   0D 1A D5 3A F4 C8 6D 00  .:..C!.....:..m.
0080: C8 C2 27 37 30 88 FA E8   2D 90 4E FF 32 3A 3E C1  ..'70...-.N.2:>.
0090: D2 2E A1 AF 9F 72 D1 71   3A 1A 34 10 72 58 DA E5  .....r.q:.4.rX..
00A0: FB 7F 92 7B 2E 52 AE 82   55 B1 70 12 F8 80 25 30  .....R..U.p...%0
00B0: 0C DA 2E 5F B5 B0 7D DD   60 35 3B AA 4E 87 8A 2E  ..._....`5;.N...
00C0: 99 0A 30 C4 62 B8 FE 4F   82 E7 48 7A 2B 97 C1 8D  ..0.b..O..Hz+...
00D0: 8D E6 E3 6A B6 45 A3 3B   BF BB C6 23 E6 29 10 48  ...j.E.;...#.).H
00E0: A3 3B 54 79 5B 61 05 93   2B F7 7E FD 2F 02 5C 98  .;Ty[a..+.../.\.
00F0: 47 92 A3 59 6B EC 2D 1D   83 21 38 0E 0A 80 79 C5  G..Yk.-..!8...y.

]
2023-12-19 18:17:48,593 [main] INFO  ssl.ReloadingX509TrustManager (ReloadingX509TrustManager.java:insertCertsToKeystore(188)) - Trust manager is loaded with certificates
2023-12-19 18:17:48,594 [main] INFO  ssl.ReloadingX509TrustManager (ReloadingX509TrustManager.java:insertCertsToKeystore(192)) - [
[
  Version: V3
  Subject: SERIALNUMBER=1, O=cluster1, OU=scm1, CN=rootCA@localhost
  Signature Algorithm: SHA256withRSA, OID = 1.2.840.113549.1.1.11

  Key:  Sun RSA public key, 2048 bits
  params: null
  modulus: 24328255237537202875608650473561585333777678087120217972924250147485748825999542440836548563679301190571101760195201247765196150355432437340993868427718668511155760580683331772596317459462126509211057829760797741858368447908974853238723782396243534991698098053960431716972422250873408747826551705005359770539110376162614123595766175385801872700428253926054112350203411973666042459114404542375162576589906102461745038039509852346649557533706325858044722393042342690131886482802370279238554229867749265973383908503340849432684714845619477011474220923074731967448707146605036712255366276394176458672687531300222542103019
  public exponent: 65537
  Validity: [From: Tue Dec 19 18:17:48 UTC 2023,
               To: Fri Jan 26 18:17:48 UTC 2029]
  Issuer: SERIALNUMBER=1, O=cluster1, OU=scm1, CN=rootCA@localhost
  SerialNumber: [    01]

Certificate Extensions: 2
[1]: ObjectId: 2.5.29.19 Criticality=true
BasicConstraints:[
  CA:true
  PathLen:2147483647
]

[2]: ObjectId: 2.5.29.15 Criticality=true
KeyUsage [
  Key_CertSign
  Crl_Sign
]

]
  Algorithm: [SHA256withRSA]
  Signature:
0000: 82 B9 1B E4 C8 58 7E 58   55 3B E2 CF 4A 57 DF 14  .....X.XU;..JW..
0010: EC A5 76 31 05 55 1F 80   D5 EC A3 EC EA 54 BF 9F  ..v1.U.......T..
0020: 35 B7 44 FD BA FB F4 18   93 EF 37 75 BE 4B B1 84  5.D.......7u.K..
0030: BC 46 1E 26 7E 48 56 24   9E 6F CF E0 68 4C 99 E3  .F.&.HV$.o..hL..
0040: 53 98 F6 B7 D9 7B B6 68   68 63 35 6F 5A EB 5E 5D  S......hhc5oZ.^]
0050: 16 5D 18 DD 23 7E 0D 53   4E FA 8B 0F 79 C1 05 3B  .]..#..SN...y..;
0060: 75 5D 70 96 D2 78 9A C8   8F 32 6B 24 E1 85 17 8D  u]p..x...2k$....
0070: F9 3A 0E 1A 43 21 F9 CD   0D 1A D5 3A F4 C8 6D 00  .:..C!.....:..m.
0080: C8 C2 27 37 30 88 FA E8   2D 90 4E FF 32 3A 3E C1  ..'70...-.N.2:>.
0090: D2 2E A1 AF 9F 72 D1 71   3A 1A 34 10 72 58 DA E5  .....r.q:.4.rX..
00A0: FB 7F 92 7B 2E 52 AE 82   55 B1 70 12 F8 80 25 30  .....R..U.p...%0
00B0: 0C DA 2E 5F B5 B0 7D DD   60 35 3B AA 4E 87 8A 2E  ..._....`5;.N...
00C0: 99 0A 30 C4 62 B8 FE 4F   82 E7 48 7A 2B 97 C1 8D  ..0.b..O..Hz+...
00D0: 8D E6 E3 6A B6 45 A3 3B   BF BB C6 23 E6 29 10 48  ...j.E.;...#.).H
00E0: A3 3B 54 79 5B 61 05 93   2B F7 7E FD 2F 02 5C 98  .;Ty[a..+.../.\.
00F0: 47 92 A3 59 6B EC 2D 1D   83 21 38 0E 0A 80 79 C5  G..Yk.-..!8...y.

]
2023-12-19 18:17:48,659 [main] WARN  server.ServerUtils (ServerUtils.java:getScmDbDir(155)) - ozone.scm.db.dirs is not configured. We recommend adding this setting. Falling back to ozone.metadata.dirs instead.
2023-12-19 18:17:48,814 [main] INFO  reflections.Reflections (Reflections.java:scan(232)) - Reflections took 120 ms to scan 7 urls, producing 168 keys and 376 values 
2023-12-19 18:17:48,890 [main] WARN  server.ServerUtils (ServerUtils.java:getScmDbDir(155)) - ozone.scm.db.dirs is not configured. We recommend adding this setting. Falling back to ozone.metadata.dirs instead.
2023-12-19 18:17:48,892 [main] INFO  ha.SCMHANodeDetails (SCMHANodeDetails.java:loadSCMHAConfig(210)) - ServiceID for StorageContainerManager is null
2023-12-19 18:17:48,898 [main] WARN  ha.SCMHANodeDetails (SCMHANodeDetails.java:validateSCMHAConfig(183)) - Invalid config ozone.scm.ratis.enable. The config was not specified, but the default value true conflicts with the expected config value false. Falling back to the expected value. Current State of SCM: SCM is running in Non-HA without Ratis Ratis SCM -> Non Ratis SCM or Non HA SCM -> HA SCM is not supported
2023-12-19 18:17:48,898 [main] INFO  ha.SCMHANodeDetails (SCMHANodeDetails.java:loadSCMHAConfig(215)) - ozone.scm.default.service.id is not defined, falling back to ozone.scm.service.ids to find serviceID for StorageContainerManager if it is HA enabled cluster
2023-12-19 18:17:49,126 [main] WARN  utils.HAUtils (HAUtils.java:getMetaDir(339)) - ozone.scm.db.dirs is not configured. We recommend adding this setting. Falling back to ozone.metadata.dirs instead.
2023-12-19 18:17:49,225 [main] WARN  db.DBStoreBuilder (DBStoreBuilder.java:applyDBDefinition(167)) - ozone.scm.db.dirs is not configured. We recommend adding this setting. Falling back to ozone.metadata.dirs instead.
2023-12-19 18:17:49,390 [main] INFO  net.NodeSchemaLoader (NodeSchemaLoader.java:loadSchemaFromFile(129)) - Loading schema from [jar:file:/home/runner/.m2/repository/org/apache/ozone/hdds-common/1.5.0-SNAPSHOT/hdds-common-1.5.0-SNAPSHOT.jar!/network-topology-default.xml]
2023-12-19 18:17:49,392 [main] INFO  net.NodeSchemaLoader (NodeSchemaLoader.java:loadSchema(176)) - Loading network topology layer schema file
2023-12-19 18:17:49,425 [main] INFO  metrics.MetricRegistries (MetricRegistriesLoader.java:load(64)) - Loaded MetricRegistries class org.apache.ratis.metrics.dropwizard3.Dm3MetricRegistriesImpl
2023-12-19 18:17:49,435 [main] INFO  upgrade.AbstractLayoutVersionManager (AbstractLayoutVersionManager.java:init(83)) - Initializing Layout version manager with metadata layout = HADOOP_PRC_PORTS_IN_DATANODEDETAILS (version = 7), software layout = HADOOP_PRC_PORTS_IN_DATANODEDETAILS (version = 7)
2023-12-19 18:17:49,531 [main] INFO  ha.SequenceIdGenerator (SequenceIdGenerator.java:upgradeToSequenceId(370)) - upgrade localId to 111677748019200000
2023-12-19 18:17:49,532 [main] INFO  ha.SequenceIdGenerator (SequenceIdGenerator.java:upgradeToSequenceId(380)) - upgrade delTxnId to 0
2023-12-19 18:17:49,537 [main] INFO  ha.SequenceIdGenerator (SequenceIdGenerator.java:upgradeToSequenceId(397)) - upgrade containerId to 0
2023-12-19 18:17:49,541 [main] INFO  ha.SequenceIdGenerator (SequenceIdGenerator.java:upgradeToCertificateSequenceId(444)) - upgrade CertificateId to 2
2023-12-19 18:17:49,543 [main] INFO  ha.SequenceIdGenerator (SequenceIdGenerator.java:<init>(241)) - Init the HA SequenceIdGenerator.
2023-12-19 18:17:49,583 [main] WARN  server.ServerUtils (ServerUtils.java:sanitizeUserArgs(80)) - ozone.scm.stale.node.interval value = 300000 is larger than max = 100000 based on the key value of ozone.scm.heartbeat.thread.interval, reset to the max value 100000.
2023-12-19 18:17:49,584 [main] WARN  server.ServerUtils (ServerUtils.java:sanitizeUserArgs(80)) - ozone.scm.stale.node.interval value = 300000 is larger than max = 100000 based on the key value of ozone.scm.heartbeat.thread.interval, reset to the max value 100000.
2023-12-19 18:17:49,588 [main] INFO  node.SCMNodeManager (SCMNodeManager.java:<init>(173)) - Entering startup safe mode.
2023-12-19 18:17:49,599 [main] INFO  algorithms.ContainerPlacementPolicyFactory (ContainerPlacementPolicyFactory.java:getPolicyInternal(86)) - Create container placement policy of type org.apache.hadoop.hdds.scm.container.placement.algorithms.SCMContainerPlacementRackAware
2023-12-19 18:17:49,601 [main] INFO  algorithms.ContainerPlacementPolicyFactory (ContainerPlacementPolicyFactory.java:getPolicyInternal(86)) - Create container placement policy of type org.apache.hadoop.hdds.scm.container.placement.algorithms.SCMContainerPlacementRackScatter
2023-12-19 18:17:49,608 [main] INFO  pipeline.PipelineStateManagerImpl (PipelineStateManagerImpl.java:initialize(78)) - No pipeline exists in current db
2023-12-19 18:17:49,618 [main] INFO  algorithms.LeaderChoosePolicyFactory (LeaderChoosePolicyFactory.java:getPolicy(57)) - Create leader choose policy of type org.apache.hadoop.hdds.scm.pipeline.leader.choose.algorithms.MinLeaderCountChoosePolicy
2023-12-19 18:17:49,618 [main] INFO  algorithms.ContainerPlacementPolicyFactory (ContainerPlacementPolicyFactory.java:getPolicyInternal(86)) - Create container placement policy of type org.apache.hadoop.hdds.scm.container.placement.algorithms.SCMContainerPlacementRackScatter
2023-12-19 18:17:49,623 [main] INFO  ha.SCMServiceManager (SCMServiceManager.java:register(42)) - Registering service BackgroundPipelineCreator.
2023-12-19 18:17:49,624 [main] INFO  pipeline.BackgroundPipelineCreator (BackgroundPipelineCreator.java:start(127)) - Starting RatisPipelineUtilsThread.
2023-12-19 18:17:49,627 [main] INFO  BackgroundPipelineScrubber (BackgroundSCMService.java:start(68)) - Starting BackgroundPipelineScrubber Service.
2023-12-19 18:17:49,628 [main] INFO  ha.SCMServiceManager (SCMServiceManager.java:register(42)) - Registering service BackgroundPipelineScrubber.
2023-12-19 18:17:49,633 [main] INFO  ExpiredContainerReplicaOpScrubber (BackgroundSCMService.java:start(68)) - Starting ExpiredContainerReplicaOpScrubber Service.
2023-12-19 18:17:49,634 [main] INFO  ha.SCMServiceManager (SCMServiceManager.java:register(42)) - Registering service ExpiredContainerReplicaOpScrubber.
2023-12-19 18:17:49,653 [main] INFO  algorithms.PipelineChoosePolicyFactory (PipelineChoosePolicyFactory.java:createPipelineChoosePolicyFromClass(78)) - Create pipeline choose policy of type org.apache.hadoop.hdds.scm.pipeline.choose.algorithms.RandomPipelineChoosePolicy
2023-12-19 18:17:49,654 [main] INFO  algorithms.PipelineChoosePolicyFactory (PipelineChoosePolicyFactory.java:createPipelineChoosePolicyFromClass(78)) - Create pipeline choose policy of type org.apache.hadoop.hdds.scm.pipeline.choose.algorithms.RandomPipelineChoosePolicy
2023-12-19 18:17:49,673 [main] INFO  ha.SCMServiceManager (SCMServiceManager.java:register(42)) - Registering service SCMBlockDeletingService.
2023-12-19 18:17:49,723 [main] INFO  replication.ReplicationManager (ReplicationManager.java:start(292)) - Starting Replication Monitor Thread.
2023-12-19 18:17:49,725 [main] INFO  ha.SCMServiceManager (SCMServiceManager.java:register(42)) - Registering service ReplicationManager.
2023-12-19 18:17:49,726 [ReplicationMonitor] INFO  replication.ReplicationManager (ReplicationManager.java:processAll(367)) - Replication Manager is not ready to run until 3000ms after safemode exit
2023-12-19 18:17:49,734 [main] INFO  safemode.ContainerSafeModeRule (ContainerSafeModeRule.java:<init>(91)) - containers with one replica threshold count 0
2023-12-19 18:17:49,737 [main] INFO  safemode.HealthyPipelineSafeModeRule (HealthyPipelineSafeModeRule.java:initializeRule(176)) - Total pipeline count is 0, healthy pipeline threshold count is 1
2023-12-19 18:17:49,739 [main] INFO  safemode.OneReplicaPipelineSafeModeRule (OneReplicaPipelineSafeModeRule.java:initializeRule(193)) - Total pipeline count is 0, pipeline's with at least one datanode reported threshold count is 0
2023-12-19 18:17:49,774 [main] INFO  server.StorageContainerManager (StorageContainerManager.java:<init>(438)) - SCM start with adminUsers: [runner]
2023-12-19 18:17:49,793 [main] INFO  audit.AuditLogger (AuditLogger.java:refreshDebugCmdSet(130)) - Refresh DebugCmdSet for SCMAudit to [].
2023-12-19 18:17:49,818 [main] INFO  ipc.CallQueueManager (CallQueueManager.java:<init>(90)) - Using callQueue: class java.util.concurrent.LinkedBlockingQueue, queueCapacity: 2000, scheduler: class org.apache.hadoop.ipc.DefaultRpcScheduler, ipcBackoff: false.
2023-12-19 18:17:49,843 [main] INFO  ipc.Server (Server.java:<init>(1287)) - Listener at 0.0.0.0:15002
2023-12-19 18:17:49,845 [Socket Reader #1 for port 15002] INFO  ipc.Server (Server.java:run(1323)) - Starting Socket Reader #1 for port 15002
2023-12-19 18:17:49,900 [main] INFO  audit.AuditLogger (AuditLogger.java:refreshDebugCmdSet(130)) - Refresh DebugCmdSet for SCMAudit to [].
2023-12-19 18:17:49,906 [main] INFO  ipc.CallQueueManager (CallQueueManager.java:<init>(90)) - Using callQueue: class java.util.concurrent.LinkedBlockingQueue, queueCapacity: 2000, scheduler: class org.apache.hadoop.ipc.DefaultRpcScheduler, ipcBackoff: false.
2023-12-19 18:17:49,907 [main] INFO  ipc.Server (Server.java:<init>(1287)) - Listener at 0.0.0.0:15001
2023-12-19 18:17:49,908 [Socket Reader #1 for port 15001] INFO  ipc.Server (Server.java:run(1323)) - Starting Socket Reader #1 for port 15001
2023-12-19 18:17:49,938 [main] INFO  audit.AuditLogger (AuditLogger.java:refreshDebugCmdSet(130)) - Refresh DebugCmdSet for SCMAudit to [].
2023-12-19 18:17:49,950 [main] INFO  ipc.CallQueueManager (CallQueueManager.java:<init>(90)) - Using callQueue: class java.util.concurrent.LinkedBlockingQueue, queueCapacity: 2000, scheduler: class org.apache.hadoop.ipc.DefaultRpcScheduler, ipcBackoff: false.
2023-12-19 18:17:49,951 [main] INFO  ipc.Server (Server.java:<init>(1287)) - Listener at 0.0.0.0:15000
2023-12-19 18:17:49,951 [Socket Reader #1 for port 15000] INFO  ipc.Server (Server.java:run(1323)) - Starting Socket Reader #1 for port 15000
2023-12-19 18:17:50,021 [main] INFO  ha.SCMServiceManager (SCMServiceManager.java:register(42)) - Registering service ContainerBalancer.
2023-12-19 18:17:50,022 [main] INFO  server.StorageContainerManager (StorageContainerManager.java:<init>(451)) - 
Container Balancer status:
Key                            Value
Running                        false
Container Balancer Configuration values:
Key                                                Value
Threshold                                          10
Max Datanodes to Involve per Iteration(percent)    20
Max Size to Move per Iteration                     500GB
Max Size Entering Target per Iteration             26GB
Max Size Leaving Source per Iteration              26GB
Number of Iterations                               10
Time Limit for Single Container's Movement         65min
Time Limit for Single Container's Replication      50min
Interval between each Iteration                    70min
Whether to Enable Network Topology                 false
Whether to Trigger Refresh Datanode Usage Info     false
Container IDs to Exclude from Balancing            None
Datanodes Specified to be Balanced                 None
Datanodes Excluded from Balancing                  None

2023-12-19 18:17:50,023 [main] INFO  ha.SCMContext (SCMContext.java:updateSafeModeStatus(230)) - Update SafeModeStatus from SafeModeStatus{safeModeStatus=true, preCheckPassed=false} to SafeModeStatus{safeModeStatus=true, preCheckPassed=false}.
2023-12-19 18:17:50,026 [main] INFO  server.StorageContainerManager (StorageContainerManager.java:start(1519)) - StorageContainerLocationProtocol RPC server is listening at /0.0.0.0:15000
2023-12-19 18:17:50,089 [main] WARN  impl.MetricsConfig (MetricsConfig.java:loadFirst(136)) - Cannot locate configuration: tried hadoop-metrics2-storagecontainermanager.properties,hadoop-metrics2.properties
2023-12-19 18:17:50,102 [main] INFO  impl.MetricsSystemImpl (MetricsSystemImpl.java:startTimer(378)) - Scheduled Metric snapshot period at 10 second(s).
2023-12-19 18:17:50,102 [main] INFO  impl.MetricsSystemImpl (MetricsSystemImpl.java:start(191)) - StorageContainerManager metrics system started
2023-12-19 18:17:50,160 [main] INFO  server.SCMClientProtocolServer (SCMClientProtocolServer.java:start(201)) - RPC server for Client  is listening at /0.0.0.0:15000
2023-12-19 18:17:50,161 [IPC Server Responder] INFO  ipc.Server (Server.java:run(1562)) - IPC Server Responder: starting
2023-12-19 18:17:50,169 [IPC Server listener on 15000] INFO  ipc.Server (Server.java:run(1402)) - IPC Server listener on 15000: starting
2023-12-19 18:17:50,183 [main] INFO  server.StorageContainerManager (StorageContainerManager.java:start(1532)) - ScmBlockLocationProtocol RPC server is listening at /0.0.0.0:15001
2023-12-19 18:17:50,184 [main] INFO  server.SCMBlockProtocolServer (SCMBlockProtocolServer.java:start(158)) - RPC server for Block Protocol is listening at /0.0.0.0:15001
2023-12-19 18:17:50,184 [IPC Server Responder] INFO  ipc.Server (Server.java:run(1562)) - IPC Server Responder: starting
2023-12-19 18:17:50,184 [IPC Server listener on 15001] INFO  ipc.Server (Server.java:run(1402)) - IPC Server listener on 15001: starting
2023-12-19 18:17:50,187 [main] INFO  server.SCMDatanodeProtocolServer (SCMDatanodeProtocolServer.java:start(193)) - ScmDatanodeProtocol RPC server for DataNodes is listening at /0.0.0.0:15002
2023-12-19 18:17:50,188 [IPC Server Responder] INFO  ipc.Server (Server.java:run(1562)) - IPC Server Responder: starting
2023-12-19 18:17:50,188 [IPC Server listener on 15002] INFO  ipc.Server (Server.java:run(1402)) - IPC Server listener on 15002: starting
2023-12-19 18:17:50,195 [JvmPauseMonitor0] INFO  util.JvmPauseMonitor (JvmPauseMonitor.java:run(146)) - JvmPauseMonitor-290155bc-9d3a-44ec-a48a-527e9240ce61: Started
2023-12-19 18:17:50,204 [main] INFO  http.BaseHttpServer (BaseHttpServer.java:newHttpServer2BuilderForOzone(223)) - Starting Web-server for scm at: http://0.0.0.0:15003
2023-12-19 18:17:50,204 [main] INFO  http.BaseHttpServer (BaseHttpServer.java:<init>(110)) - Hadoop Security Enabled: false Ozone Security Enabled: false Ozone HTTP Security Enabled: false 
2023-12-19 18:17:50,223 [main] INFO  util.log (Log.java:initialized(170)) - Logging initialized @4643ms to org.eclipse.jetty.util.log.Slf4jLog
2023-12-19 18:17:50,291 [main] WARN  server.AuthenticationFilter (AuthenticationFilter.java:constructSecretProvider(240)) - Unable to initialize FileSignerSecretProvider, falling back to use random secrets. Reason: Could not read signature secret file: /home/runner/hadoop-http-auth-signature-secret
2023-12-19 18:17:50,296 [main] INFO  http.HttpRequestLog (HttpRequestLog.java:getRequestLog(86)) - Http request log for http.requests.scm is not defined
2023-12-19 18:17:50,302 [main] INFO  http.HttpServer2 (HttpServer2.java:addGlobalFilter(1036)) - Added global filter 'safety' (class=org.apache.hadoop.hdds.server.http.HttpServer2$QuotingInputFilter)
2023-12-19 18:17:50,304 [main] INFO  http.HttpServer2 (HttpServer2.java:addFilter(1012)) - Added filter static_user_filter (class=org.apache.hadoop.http.lib.StaticUserWebFilter$StaticUserFilter) to context scm
2023-12-19 18:17:50,304 [main] INFO  http.HttpServer2 (HttpServer2.java:addFilter(1020)) - Added filter static_user_filter (class=org.apache.hadoop.http.lib.StaticUserWebFilter$StaticUserFilter) to context logs
2023-12-19 18:17:50,304 [main] INFO  http.HttpServer2 (HttpServer2.java:addFilter(1020)) - Added filter static_user_filter (class=org.apache.hadoop.http.lib.StaticUserWebFilter$StaticUserFilter) to context static
2023-12-19 18:17:50,329 [main] INFO  http.BaseHttpServer (BaseHttpServer.java:<init>(189)) - HTTP server of scm uses base directory /home/runner/work/ozone/ozone/hadoop-ozone/integration-test/target/test-dir/MiniOzoneClusterImpl-c3f67427-b36b-4ee4-bde0-91623ce58163/ozone-meta/webserver
2023-12-19 18:17:50,330 [main] INFO  http.HttpServer2 (HttpServer2.java:bindListener(1236)) - Jetty bound to port 15003
2023-12-19 18:17:50,331 [main] INFO  server.Server (Server.java:doStart(375)) - jetty-9.4.53.v20231009; built: 2023-10-09T12:29:09.265Z; git: 27bde00a0b95a1d5bbee0eae7984f891d2d0f8c9; jvm 1.8.0_392-b08
2023-12-19 18:17:50,363 [main] INFO  server.session (DefaultSessionIdManager.java:doStart(334)) - DefaultSessionIdManager workerName=node0
2023-12-19 18:17:50,364 [main] INFO  server.session (DefaultSessionIdManager.java:doStart(339)) - No SessionScavenger set, using defaults
2023-12-19 18:17:50,365 [main] INFO  server.session (HouseKeeper.java:startScavenging(132)) - node0 Scavenging every 660000ms
2023-12-19 18:17:50,376 [main] INFO  handler.ContextHandler (ContextHandler.java:doStart(921)) - Started o.e.j.s.ServletContextHandler@416dd4d8{logs,/logs,file:///home/runner/work/ozone/ozone/hadoop-ozone/integration-test/target/log,AVAILABLE}
2023-12-19 18:17:50,376 [main] INFO  handler.ContextHandler (ContextHandler.java:doStart(921)) - Started o.e.j.s.ServletContextHandler@4fddd42b{static,/static,file:///home/runner/work/ozone/ozone/hadoop-ozone/integration-test/target/test-classes/webapps/static,AVAILABLE}
2023-12-19 18:17:50,403 [main] INFO  handler.ContextHandler (ContextHandler.java:doStart(921)) - Started o.e.j.w.WebAppContext@3eb814dd{scm,/,file:///home/runner/work/ozone/ozone/hadoop-ozone/integration-test/target/test-classes/webapps/scm/,AVAILABLE}{file:/home/runner/work/ozone/ozone/hadoop-ozone/integration-test/target/test-classes/webapps/scm}
2023-12-19 18:17:50,410 [main] INFO  server.AbstractConnector (AbstractConnector.java:doStart(333)) - Started ServerConnector@815e8e3{HTTP/1.1, (http/1.1)}{0.0.0.0:15003}
2023-12-19 18:17:50,410 [main] INFO  server.Server (Server.java:doStart(415)) - Started @4831ms
2023-12-19 18:17:50,412 [main] INFO  impl.MetricsSinkAdapter (MetricsSinkAdapter.java:start(204)) - Sink prometheus started
2023-12-19 18:17:50,413 [main] INFO  impl.MetricsSystemImpl (MetricsSystemImpl.java:registerSink(305)) - Registered sink prometheus
2023-12-19 18:17:50,414 [main] INFO  http.BaseHttpServer (BaseHttpServer.java:updateConnectorAddress(354)) - HTTP server of scm listening at http://0.0.0.0:15003
2023-12-19 18:17:50,416 [main] WARN  server.ServerUtils (ServerUtils.java:getDBPath(311)) - ozone.om.db.dirs is not configured. We recommend adding this setting. Falling back to ozone.metadata.dirs instead.
2023-12-19 18:17:50,423 [main] INFO  ha.OMHANodeDetails (OMHANodeDetails.java:loadOMHAConfig(115)) - ozone.om.internal.service.id is not defined, falling back to ozone.om.service.ids to find serviceID for OzoneManager if it is HA enabled cluster
2023-12-19 18:17:50,426 [main] INFO  ha.OMHANodeDetails (OMHANodeDetails.java:loadOMHAConfig(226)) - Configuration does not have ozone.om.address set. Falling back to the default OM address /127.0.0.1:15004
2023-12-19 18:17:50,426 [main] INFO  ha.OMHANodeDetails (OMHANodeDetails.java:getOMNodeDetailsForNonHA(254)) - OM Service ID is not set. Setting it to the default ID: omServiceIdDefault
2023-12-19 18:17:50,426 [main] INFO  ha.OMHANodeDetails (OMHANodeDetails.java:getOMNodeDetailsForNonHA(261)) - OM Node ID is not set. Setting it to the default ID: om1
2023-12-19 18:17:50,430 [main] WARN  server.ServerUtils (ServerUtils.java:getDBPath(311)) - ozone.om.db.dirs is not configured. We recommend adding this setting. Falling back to ozone.metadata.dirs instead.
2023-12-19 18:17:50,434 [main] INFO  upgrade.AbstractLayoutVersionManager (AbstractLayoutVersionManager.java:init(83)) - Initializing Layout version manager with metadata layout = QUOTA (version = 6), software layout = QUOTA (version = 6)
2023-12-19 18:17:50,481 [main] INFO  reflections.Reflections (Reflections.java:scan(232)) - Reflections took 45 ms to scan 2 urls, producing 189 keys and 524 values [using 4 cores]
2023-12-19 18:17:50,485 [main] INFO  upgrade.OMLayoutVersionManager (OMLayoutVersionManager.java:lambda$0(115)) - Skipping Upgrade Action QuotaRepairUpgradeAction since it has been finalized.
2023-12-19 18:17:50,486 [main] INFO  upgrade.OMLayoutVersionManager (OMLayoutVersionManager.java:lambda$0(115)) - Skipping Upgrade Action MockOmUpgradeAction since it has been finalized.
2023-12-19 18:17:50,487 [main] WARN  server.ServerUtils (ServerUtils.java:getDBPath(311)) - ozone.om.db.dirs is not configured. We recommend adding this setting. Falling back to ozone.metadata.dirs instead.
2023-12-19 18:17:50,594 [main] INFO  proxy.SCMBlockLocationFailoverProxyProvider (SCMBlockLocationFailoverProxyProvider.java:<init>(115)) - Created block location fail-over proxy with 1 nodes: [nodeId=scmNodeId,nodeAddress=/0.0.0.0:15001]
2023-12-19 18:17:50,636 [main] INFO  om.OzoneManager (OzoneManager.java:<init>(674)) - OM start with adminUsers: [runner]
2023-12-19 18:17:50,650 [main] WARN  server.ServerUtils (ServerUtils.java:getDBPath(311)) - ozone.om.db.dirs is not configured. We recommend adding this setting. Falling back to ozone.metadata.dirs instead.
2023-12-19 18:17:50,668 [main] INFO  helpers.OmKeyInfo (OmKeyInfo.java:getCodec(71)) - OmKeyInfo.getCodec ignorePipeline = true
2023-12-19 18:17:50,924 [main] INFO  om.OzoneManager (OzoneManager.java:instantiateServices(808)) - S3 Multi-Tenancy is disabled
2023-12-19 18:17:50,933 [main] INFO  security.OzoneSecretStore (OzoneSecretStore.java:loadState(69)) - Loaded 0 tokens
2023-12-19 18:17:50,933 [main] INFO  security.OzoneDelegationTokenSecretManager (OzoneDelegationTokenSecretManager.java:loadTokenSecretState(514)) - Loading token state into token manager.
2023-12-19 18:17:50,955 [main] INFO  om.OmSnapshotManager (OmSnapshotManager.java:<init>(176)) - Ozone filesystem snapshot feature is enabled.
2023-12-19 18:17:50,962 [main] WARN  server.ServerUtils (ServerUtils.java:getDBPath(311)) - ozone.om.snapshot.diff.db.dir is not configured. We recommend adding this setting. Falling back to ozone.metadata.dirs instead.
2023-12-19 18:17:50,998 [main] INFO  utils.NativeLibraryLoader (NativeLibraryLoader.java:loadLibrary(108)) - Loading Library: ozone_rocksdb_tools
2023-12-19 18:17:50,999 [main] INFO  snapshot.SnapshotDiffManager (SnapshotDiffManager.java:closeExecutorService(1688)) - Shutting down executorService: 'SstDumpToolExecutor'
2023-12-19 18:17:51,072 [main] INFO  om.OzoneManager (OzoneManager.java:addS3GVolumeToDB(4453)) - Created Volume s3v With Owner runner required for S3Gateway operations.
2023-12-19 18:17:51,131 [main] WARN  server.ServerUtils (ServerUtils.java:getDefaultRatisDirectory(323)) - Storage directory for Ratis is not configured. It is a good idea to map this to an SSD disk. Falling back to ozone.metadata.dirs
2023-12-19 18:17:51,131 [main] WARN  utils.OzoneManagerRatisUtils (OzoneManagerRatisUtils.java:getOMRatisSnapshotDirectory(473)) - ozone.om.ratis.snapshot.dir is not configured. Falling back to ozone.metadata.dirs config
2023-12-19 18:17:51,145 [main] WARN  server.ServerUtils (ServerUtils.java:getDefaultRatisDirectory(323)) - Storage directory for Ratis is not configured. It is a good idea to map this to an SSD disk. Falling back to ozone.metadata.dirs
2023-12-19 18:17:51,165 [main] INFO  ratis.OzoneManagerRatisServer (OzoneManagerRatisServer.java:<init>(168)) - Instantiating OM Ratis server with groupID: omServiceIdDefault and peers: localhost:15007
2023-12-19 18:17:51,178 [main] INFO  ratis.OzoneManagerStateMachine (OzoneManagerStateMachine.java:loadSnapshotInfoFromDB(708)) - LastAppliedIndex is set from TransactionInfo from OM DB as (t:0, i:~)
2023-12-19 18:17:51,237 [main] INFO  server.RaftServer (ConfUtils.java:logGet(46)) - raft.rpc.type = GRPC (default)
2023-12-19 18:17:51,245 [main] INFO  grpc.GrpcConfigKeys (ConfUtils.java:logFallback(53)) - raft.grpc.admin.host = null (fallback to raft.grpc.server.host)
2023-12-19 18:17:51,247 [main] INFO  grpc.GrpcConfigKeys (ConfUtils.java:logFallback(53)) - raft.grpc.admin.port = 15007 (fallback to raft.grpc.server.port)
2023-12-19 18:17:51,248 [main] INFO  grpc.GrpcConfigKeys (ConfUtils.java:logFallback(53)) - raft.grpc.client.host = null (fallback to raft.grpc.server.host)
2023-12-19 18:17:51,249 [main] INFO  grpc.GrpcConfigKeys (ConfUtils.java:logFallback(53)) - raft.grpc.client.port = 15007 (fallback to raft.grpc.server.port)
2023-12-19 18:17:51,249 [main] INFO  grpc.GrpcConfigKeys (ConfUtils.java:logGet(46)) - raft.grpc.server.host = null (default)
2023-12-19 18:17:51,250 [main] INFO  grpc.GrpcConfigKeys (ConfUtils.java:logGet(46)) - raft.grpc.server.port = 15007 (custom)
2023-12-19 18:17:51,250 [main] INFO  server.GrpcService (ConfUtils.java:logGet(46)) - raft.grpc.message.size.max = 4194304 (custom)
2023-12-19 18:17:51,251 [main] INFO  server.RaftServerConfigKeys (ConfUtils.java:logGet(46)) - raft.server.log.appender.buffer.byte-limit = 4194304 (custom)
2023-12-19 18:17:51,252 [main] INFO  server.GrpcService (ConfUtils.java:logGet(46)) - raft.grpc.flow.control.window = 1MB (=1048576) (default)
2023-12-19 18:17:51,253 [main] INFO  server.RaftServerConfigKeys (ConfUtils.java:logGet(46)) - raft.server.rpc.request.timeout = 3000ms (default)
2023-12-19 18:17:51,261 [main] INFO  grpc.GrpcConfigKeys (ConfUtils.java:logGet(46)) - raft.grpc.server.heartbeat.channel = true (default)
2023-12-19 18:17:51,265 [main] INFO  grpc.GrpcConfigKeys (ConfUtils.java:logGet(46)) - raft.grpc.server.async.request.thread.pool.cached = true (default)
2023-12-19 18:17:51,266 [main] INFO  grpc.GrpcConfigKeys (ConfUtils.java:logGet(46)) - raft.grpc.server.async.request.thread.pool.size = 32 (default)
2023-12-19 18:17:51,541 [main] INFO  impl.DataStreamServerImpl (ConfUtils.java:logGet(46)) - raft.datastream.type = DISABLED (default)
2023-12-19 18:17:51,543 [main] INFO  server.RaftServerConfigKeys (ConfUtils.java:logGet(46)) - raft.server.sleep.deviation.threshold = 300ms (default)
2023-12-19 18:17:51,543 [main] INFO  server.RaftServerConfigKeys (ConfUtils.java:logGet(46)) - raft.server.close.threshold = 60s (default)
2023-12-19 18:17:51,543 [main] INFO  server.RaftServerConfigKeys (ConfUtils.java:logGet(46)) - raft.server.leaderelection.leader.step-down.wait-time = 10s (default)
2023-12-19 18:17:51,544 [main] INFO  server.RaftServerConfigKeys (ConfUtils.java:logGet(46)) - raft.server.storage.dir = [/home/runner/work/ozone/ozone/hadoop-ozone/integration-test/target/test-dir/MiniOzoneClusterImpl-c3f67427-b36b-4ee4-bde0-91623ce58163/ozone-meta/ratis] (custom)
2023-12-19 18:17:51,545 [main] INFO  server.RaftServerConfigKeys (ConfUtils.java:logGet(46)) - raft.server.threadpool.proxy.cached = true (default)
2023-12-19 18:17:51,546 [main] INFO  server.RaftServerConfigKeys (ConfUtils.java:logGet(46)) - raft.server.threadpool.proxy.size = 0 (default)
2023-12-19 18:17:51,551 [main] INFO  server.RaftServer (RaftServerProxy.java:addNew(100)) - om1: addNew group-C5BA1605619E:[om1|localhost:15007] returns group-C5BA1605619E:java.util.concurrent.CompletableFuture@280b56fb[Not completed]
2023-12-19 18:17:51,551 [main] INFO  om.OzoneManager (OzoneManager.java:initializeRatisServer(2144)) - OzoneManager Ratis server initialized at port 15007
2023-12-19 18:17:51,554 [main] INFO  om.OzoneManager (OzoneManager.java:getRpcServer(1210)) - Creating RPC Server
2023-12-19 18:17:51,562 [om1-groupManagement] INFO  server.RaftServer$Division (RaftServerImpl.java:<init>(256)) - om1: new RaftServerImpl for group-C5BA1605619E:[om1|localhost:15007] with OzoneManagerStateMachine:uninitialized
2023-12-19 18:17:51,564 [om1-groupManagement] INFO  server.RaftServerConfigKeys (ConfUtils.java:logGet(46)) - raft.server.rpc.timeout.min = 1s (custom)
2023-12-19 18:17:51,564 [om1-groupManagement] INFO  server.RaftServerConfigKeys (ConfUtils.java:logGet(46)) - raft.server.rpc.timeout.max = 1200ms (custom)
2023-12-19 18:17:51,564 [om1-groupManagement] INFO  server.RaftServerConfigKeys (ConfUtils.java:logGet(46)) - raft.server.rpc.sleep.time = 25ms (default)
2023-12-19 18:17:51,564 [om1-groupManagement] INFO  server.RaftServerConfigKeys (ConfUtils.java:logGet(46)) - raft.server.rpc.slowness.timeout = 120s (custom)
2023-12-19 18:17:51,564 [om1-groupManagement] INFO  server.RaftServerConfigKeys (ConfUtils.java:logGet(46)) - raft.server.leaderelection.leader.step-down.wait-time = 10s (default)
2023-12-19 18:17:51,565 [om1-groupManagement] INFO  server.RaftServerConfigKeys (ConfUtils.java:logGet(46)) - raft.server.leaderelection.member.majority-add = false (default)
2023-12-19 18:17:51,565 [om1-groupManagement] INFO  server.RaftServerConfigKeys (ConfUtils.java:logGet(46)) - raft.server.sleep.deviation.threshold = 300ms (default)
2023-12-19 18:17:51,573 [om1-groupManagement] INFO  server.RaftServer$Division (ServerState.java:<init>(113)) - om1@group-C5BA1605619E: ConfigurationManager, init=-1: peers:[om1|localhost:15007]|listeners:[], old=null, confs=<EMPTY_MAP>
2023-12-19 18:17:51,578 [om1-groupManagement] INFO  server.RaftServerConfigKeys (ConfUtils.java:logGet(46)) - raft.server.notification.no-leader.timeout = 120s (custom)
2023-12-19 18:17:51,580 [om1-groupManagement] INFO  server.RaftServerConfigKeys (ConfUtils.java:logGet(46)) - raft.server.read.timeout = 10s (default)
2023-12-19 18:17:51,583 [om1-groupManagement] INFO  server.RaftServerConfigKeys (ConfUtils.java:logGet(46)) - raft.server.retrycache.expirytime = 300s (custom)
2023-12-19 18:17:51,583 [om1-groupManagement] INFO  server.RaftServerConfigKeys (ConfUtils.java:logGet(46)) - raft.server.retrycache.statistics.expirytime = 100ms (default)
2023-12-19 18:17:51,586 [om1-groupManagement] INFO  server.RaftServerConfigKeys (ConfUtils.java:logGet(46)) - raft.server.read.option = DEFAULT (default)
2023-12-19 18:17:51,587 [om1-groupManagement] INFO  server.RaftServerConfigKeys (ConfUtils.java:logGet(46)) - raft.server.read.read-after-write-consistent.write-index-cache.expiry-time = 60s (default)
2023-12-19 18:17:51,663 [om1-groupManagement] INFO  server.RaftServerConfigKeys (ConfUtils.java:logGet(46)) - raft.server.rpc.request.timeout = 3000ms (default)
2023-12-19 18:17:51,669 [om1-groupManagement] INFO  server.RaftServerConfigKeys (ConfUtils.java:logGet(46)) - raft.server.log.appender.install.snapshot.enabled = false (custom)
2023-12-19 18:17:51,669 [om1-groupManagement] INFO  server.RaftServerConfigKeys (ConfUtils.java:logGet(46)) - raft.server.threadpool.server.cached = true (default)
2023-12-19 18:17:51,670 [om1-groupManagement] INFO  server.RaftServerConfigKeys (ConfUtils.java:logGet(46)) - raft.server.threadpool.server.size = 0 (default)
2023-12-19 18:17:51,671 [om1-groupManagement] INFO  server.RaftServerConfigKeys (ConfUtils.java:logGet(46)) - raft.server.threadpool.client.cached = true (default)
2023-12-19 18:17:51,671 [om1-groupManagement] INFO  server.RaftServerConfigKeys (ConfUtils.java:logGet(46)) - raft.server.threadpool.client.size = 0 (default)
2023-12-19 18:17:51,929 [main] INFO  reflections.Reflections (Reflections.java:scan(232)) - Reflections took 336 ms to scan 20 urls, producing 71 keys and 6242 values [using 4 cores]
2023-12-19 18:17:52,124 [main] INFO  ipc.CallQueueManager (CallQueueManager.java:<init>(90)) - Using callQueue: class java.util.concurrent.LinkedBlockingQueue, queueCapacity: 2000, scheduler: class org.apache.hadoop.ipc.DefaultRpcScheduler, ipcBackoff: false.
2023-12-19 18:17:52,131 [main] INFO  ipc.Server (Server.java:<init>(1287)) - Listener at 127.0.0.1:15004
2023-12-19 18:17:52,131 [Socket Reader #1 for port 15004] INFO  ipc.Server (Server.java:run(1323)) - Starting Socket Reader #1 for port 15004
2023-12-19 18:17:52,165 [main] INFO  impl.MetricsSystemImpl (MetricsSystemImpl.java:init(158)) - OzoneManager metrics system started (again)
2023-12-19 18:17:52,175 [main] INFO  om.OzoneManager (OzoneManager.java:start(1632)) - OzoneManager RPC server is listening at localhost/127.0.0.1:15004
2023-12-19 18:17:52,176 [main] INFO  ratis.OzoneManagerRatisServer (OzoneManagerRatisServer.java:start(585)) - Starting OzoneManagerRatisServer om1 at port 15007
2023-12-19 18:17:52,179 [om1-impl-thread1] INFO  server.RaftServerConfigKeys (ConfUtils.java:logGet(46)) - raft.server.storage.free-space.min = 0MB (=0) (default)
2023-12-19 18:17:52,179 [om1-impl-thread1] INFO  server.RaftServerConfigKeys (ConfUtils.java:logGet(46)) - raft.server.log.corruption.policy = EXCEPTION (default)
2023-12-19 18:17:52,180 [om1-impl-thread1] INFO  server.RaftServerConfigKeys (ConfUtils.java:logGet(46)) - raft.server.storage.dir = [/home/runner/work/ozone/ozone/hadoop-ozone/integration-test/target/test-dir/MiniOzoneClusterImpl-c3f67427-b36b-4ee4-bde0-91623ce58163/ozone-meta/ratis] (custom)
2023-12-19 18:17:52,183 [om1-impl-thread1] INFO  storage.RaftStorageDirectory (RaftStorageDirectoryImpl.java:analyzeStorage(138)) - The storage directory /home/runner/work/ozone/ozone/hadoop-ozone/integration-test/target/test-dir/MiniOzoneClusterImpl-c3f67427-b36b-4ee4-bde0-91623ce58163/ozone-meta/ratis/bf265839-605b-3f16-9796-c5ba1605619e does not exist. Creating ...
2023-12-19 18:17:52,187 [om1-impl-thread1] INFO  storage.RaftStorageDirectory (RaftStorageDirectoryImpl.java:tryLock(232)) - Lock on /home/runner/work/ozone/ozone/hadoop-ozone/integration-test/target/test-dir/MiniOzoneClusterImpl-c3f67427-b36b-4ee4-bde0-91623ce58163/ozone-meta/ratis/bf265839-605b-3f16-9796-c5ba1605619e/in_use.lock acquired by nodename 34604@fv-az1381-513
2023-12-19 18:17:52,192 [om1-impl-thread1] INFO  storage.RaftStorage (RaftStorageImpl.java:format(97)) - Storage directory /home/runner/work/ozone/ozone/hadoop-ozone/integration-test/target/test-dir/MiniOzoneClusterImpl-c3f67427-b36b-4ee4-bde0-91623ce58163/ozone-meta/ratis/bf265839-605b-3f16-9796-c5ba1605619e has been successfully formatted.
2023-12-19 18:17:52,195 [om1-impl-thread1] INFO  server.RaftServerConfigKeys (ConfUtils.java:logGet(46)) - raft.server.log.use.memory = false (default)
2023-12-19 18:17:52,201 [om1-impl-thread1] INFO  server.RaftServerConfigKeys (ConfUtils.java:logGet(46)) - raft.server.log.purge.gap = 1000000 (custom)
2023-12-19 18:17:52,201 [om1-impl-thread1] INFO  server.RaftServerConfigKeys (ConfUtils.java:logGet(46)) - raft.server.log.appender.buffer.byte-limit = 4194304 (custom)
2023-12-19 18:17:52,203 [om1-impl-thread1] INFO  server.RaftServerConfigKeys (ConfUtils.java:logGet(46)) - raft.server.log.statemachine.data.read.timeout = 1000ms (default)
2023-12-19 18:17:52,203 [om1-impl-thread1] INFO  server.RaftServerConfigKeys (ConfUtils.java:logGet(46)) - raft.server.log.purge.preservation.log.num = 0 (default)
2023-12-19 18:17:52,207 [om1-impl-thread1] INFO  server.RaftServerConfigKeys (ConfUtils.java:logGet(46)) - raft.server.log.segment.size.max = 4194304 (custom)
2023-12-19 18:17:52,211 [om1-impl-thread1] INFO  server.RaftServerConfigKeys (ConfUtils.java:logGet(46)) - raft.server.log.segment.cache.num.max = 2 (custom)
2023-12-19 18:17:52,212 [om1-impl-thread1] INFO  server.RaftServerConfigKeys (ConfUtils.java:logGet(46)) - raft.server.log.segment.cache.size.max = 200MB (=209715200) (default)
2023-12-19 18:17:52,212 [om1-impl-thread1] INFO  server.RaftServerConfigKeys (ConfUtils.java:logGet(46)) - raft.server.log.appender.buffer.byte-limit = 4194304 (custom)
2023-12-19 18:17:52,213 [om1-impl-thread1] INFO  util.AwaitToRun (AwaitToRun.java:start(81)) - Thread[om1@group-C5BA1605619E-cacheEviction-AwaitToRun,5,main] started
2023-12-19 18:17:52,216 [om1-impl-thread1] INFO  segmented.SegmentedRaftLogWorker (SegmentedRaftLogWorker.java:<init>(184)) - new om1@group-C5BA1605619E-SegmentedRaftLogWorker for RaftStorageImpl:Storage Directory /home/runner/work/ozone/ozone/hadoop-ozone/integration-test/target/test-dir/MiniOzoneClusterImpl-c3f67427-b36b-4ee4-bde0-91623ce58163/ozone-meta/ratis/bf265839-605b-3f16-9796-c5ba1605619e
2023-12-19 18:17:52,216 [om1-impl-thread1] INFO  server.RaftServerConfigKeys (ConfUtils.java:logGet(46)) - raft.server.log.queue.byte-limit = 64MB (=67108864) (default)
2023-12-19 18:17:52,217 [om1-impl-thread1] INFO  server.RaftServerConfigKeys (ConfUtils.java:logGet(46)) - raft.server.log.queue.element-limit = 4096 (default)
2023-12-19 18:17:52,218 [om1-impl-thread1] INFO  server.RaftServerConfigKeys (ConfUtils.java:logGet(46)) - raft.server.log.segment.size.max = 4194304 (custom)
2023-12-19 18:17:52,218 [om1-impl-thread1] INFO  server.RaftServerConfigKeys (ConfUtils.java:logGet(46)) - raft.server.log.preallocated.size = 4194304 (custom)
2023-12-19 18:17:52,219 [om1-impl-thread1] INFO  server.RaftServerConfigKeys (ConfUtils.java:logGet(46)) - raft.server.log.force.sync.num = 128 (default)
2023-12-19 18:17:52,219 [om1-impl-thread1] INFO  server.RaftServerConfigKeys (ConfUtils.java:logGet(46)) - raft.server.log.statemachine.data.sync = true (default)
2023-12-19 18:17:52,219 [om1-impl-thread1] INFO  server.RaftServerConfigKeys (ConfUtils.java:logGet(46)) - raft.server.log.statemachine.data.sync.timeout = 10s (default)
2023-12-19 18:17:52,219 [om1-impl-thread1] INFO  server.RaftServerConfigKeys (ConfUtils.java:logGet(46)) - raft.server.log.statemachine.data.sync.timeout.retry = -1 (default)
2023-12-19 18:17:52,221 [om1-impl-thread1] INFO  server.RaftServerConfigKeys (ConfUtils.java:logGet(46)) - raft.server.log.write.buffer.size = 4194312 (custom)
2023-12-19 18:17:52,222 [om1-impl-thread1] INFO  server.RaftServerConfigKeys (ConfUtils.java:logGet(46)) - raft.server.log.appender.buffer.byte-limit = 4194304 (custom)
2023-12-19 18:17:52,223 [om1-impl-thread1] INFO  server.RaftServerConfigKeys (ConfUtils.java:logGet(46)) - raft.server.log.unsafe-flush.enabled = false (default)
2023-12-19 18:17:52,223 [om1-impl-thread1] INFO  server.RaftServerConfigKeys (ConfUtils.java:logGet(46)) - raft.server.log.async-flush.enabled = false (default)
2023-12-19 18:17:52,223 [om1-impl-thread1] INFO  server.RaftServerConfigKeys (ConfUtils.java:logGet(46)) - raft.server.log.statemachine.data.caching.enabled = false (default)
2023-12-19 18:17:52,227 [om1-impl-thread1] INFO  segmented.SegmentedRaftLogWorker (SegmentedRaftLogWorker.java:lambda$new$0(135)) - om1@group-C5BA1605619E-SegmentedRaftLogWorker: flushIndex: setUnconditionally 0 -> -1
2023-12-19 18:17:52,228 [om1-impl-thread1] INFO  segmented.SegmentedRaftLogWorker (SegmentedRaftLogWorker.java:lambda$new$0(135)) - om1@group-C5BA1605619E-SegmentedRaftLogWorker: safeCacheEvictIndex: setUnconditionally 0 -> -1
2023-12-19 18:17:52,233 [om1-impl-thread1] INFO  server.RaftServer$Division (RaftServerImpl.java:start(392)) - om1@group-C5BA1605619E: start as a follower, conf=-1: peers:[om1|localhost:15007]|listeners:[], old=null
2023-12-19 18:17:52,233 [om1-impl-thread1] INFO  server.RaftServer$Division (RaftServerImpl.java:setRole(379)) - om1@group-C5BA1605619E: changes role from      null to FOLLOWER at term 0 for startAsFollower
2023-12-19 18:17:52,235 [om1-impl-thread1] INFO  impl.RoleInfo (RoleInfo.java:updateAndGet(139)) - om1: start om1@group-C5BA1605619E-FollowerState
2023-12-19 18:17:52,237 [om1-impl-thread1] INFO  util.JmxRegister (JmxRegister.java:tryRegister(44)) - Successfully registered JMX Bean with object name Ratis:service=RaftServer,group=group-C5BA1605619E,id=om1
2023-12-19 18:17:52,238 [om1@group-C5BA1605619E-FollowerState] INFO  server.RaftServerConfigKeys (ConfUtils.java:logFallback(53)) - raft.server.rpc.first-election.timeout.min = 1s (fallback to raft.server.rpc.timeout.min)
2023-12-19 18:17:52,239 [om1@group-C5BA1605619E-FollowerState] INFO  server.RaftServerConfigKeys (ConfUtils.java:logFallback(53)) - raft.server.rpc.first-election.timeout.max = 1200ms (fallback to raft.server.rpc.timeout.max)
2023-12-19 18:17:52,239 [om1-impl-thread1] INFO  server.RaftServerConfigKeys (ConfUtils.java:logGet(46)) - raft.server.snapshot.trigger-when-stop.enabled = true (default)
2023-12-19 18:17:52,239 [om1-impl-thread1] INFO  server.RaftServerConfigKeys (ConfUtils.java:logGet(46)) - raft.server.snapshot.auto.trigger.enabled = true (custom)
2023-12-19 18:17:52,240 [om1-impl-thread1] INFO  server.RaftServerConfigKeys (ConfUtils.java:logGet(46)) - raft.server.snapshot.auto.trigger.threshold = 400000 (default)
2023-12-19 18:17:52,240 [om1-impl-thread1] INFO  server.RaftServerConfigKeys (ConfUtils.java:logGet(46)) - raft.server.snapshot.retention.file.num = -1 (default)
2023-12-19 18:17:52,241 [om1-impl-thread1] INFO  server.RaftServerConfigKeys (ConfUtils.java:logGet(46)) - raft.server.log.purge.upto.snapshot.index = true (custom)
2023-12-19 18:17:52,247 [main] INFO  server.RaftServer (RaftServerProxy.java:startImpl(406)) - om1: start RPC server
2023-12-19 18:17:52,281 [main] INFO  server.GrpcService (GrpcService.java:startImpl(302)) - om1: GrpcService started, listening on 15007
2023-12-19 18:17:52,282 [JvmPauseMonitor1] INFO  util.JvmPauseMonitor (JvmPauseMonitor.java:run(146)) - JvmPauseMonitor-om1: Started
2023-12-19 18:17:52,283 [main] INFO  om.OzoneManager (OzoneManager.java:start(1648)) - Version File has different layout version (6) than OM DB (null). That is expected if this OM has never been finalized to a newer layout version.
2023-12-19 18:17:52,304 [main] INFO  http.BaseHttpServer (BaseHttpServer.java:newHttpServer2BuilderForOzone(223)) - Starting Web-server for ozoneManager at: http://0.0.0.0:15005
2023-12-19 18:17:52,304 [main] INFO  http.BaseHttpServer (BaseHttpServer.java:<init>(110)) - Hadoop Security Enabled: false Ozone Security Enabled: false Ozone HTTP Security Enabled: false 
2023-12-19 18:17:52,305 [main] WARN  server.AuthenticationFilter (AuthenticationFilter.java:constructSecretProvider(240)) - Unable to initialize FileSignerSecretProvider, falling back to use random secrets. Reason: Could not read signature secret file: /home/runner/hadoop-http-auth-signature-secret
2023-12-19 18:17:52,306 [main] INFO  http.HttpRequestLog (HttpRequestLog.java:getRequestLog(86)) - Http request log for http.requests.ozoneManager is not defined
2023-12-19 18:17:52,308 [main] INFO  http.HttpServer2 (HttpServer2.java:addGlobalFilter(1036)) - Added global filter 'safety' (class=org.apache.hadoop.hdds.server.http.HttpServer2$QuotingInputFilter)
2023-12-19 18:17:52,309 [main] INFO  http.HttpServer2 (HttpServer2.java:addFilter(1012)) - Added filter static_user_filter (class=org.apache.hadoop.http.lib.StaticUserWebFilter$StaticUserFilter) to context ozoneManager
2023-12-19 18:17:52,309 [main] INFO  http.HttpServer2 (HttpServer2.java:addFilter(1020)) - Added filter static_user_filter (class=org.apache.hadoop.http.lib.StaticUserWebFilter$StaticUserFilter) to context static
2023-12-19 18:17:52,309 [main] INFO  http.HttpServer2 (HttpServer2.java:addFilter(1020)) - Added filter static_user_filter (class=org.apache.hadoop.http.lib.StaticUserWebFilter$StaticUserFilter) to context logs
2023-12-19 18:17:52,311 [main] INFO  http.BaseHttpServer (BaseHttpServer.java:<init>(189)) - HTTP server of ozoneManager uses base directory /home/runner/work/ozone/ozone/hadoop-ozone/integration-test/target/test-dir/MiniOzoneClusterImpl-c3f67427-b36b-4ee4-bde0-91623ce58163/ozone-meta/webserver
2023-12-19 18:17:52,313 [main] INFO  http.HttpServer2 (HttpServer2.java:bindListener(1236)) - Jetty bound to port 15005
2023-12-19 18:17:52,314 [main] INFO  server.Server (Server.java:doStart(375)) - jetty-9.4.53.v20231009; built: 2023-10-09T12:29:09.265Z; git: 27bde00a0b95a1d5bbee0eae7984f891d2d0f8c9; jvm 1.8.0_392-b08
2023-12-19 18:17:52,321 [main] INFO  server.session (DefaultSessionIdManager.java:doStart(334)) - DefaultSessionIdManager workerName=node0
2023-12-19 18:17:52,321 [main] INFO  server.session (DefaultSessionIdManager.java:doStart(339)) - No SessionScavenger set, using defaults
2023-12-19 18:17:52,322 [main] INFO  server.session (HouseKeeper.java:startScavenging(132)) - node0 Scavenging every 660000ms
2023-12-19 18:17:52,323 [main] INFO  handler.ContextHandler (ContextHandler.java:doStart(921)) - Started o.e.j.s.ServletContextHandler@5ecfa2a4{logs,/logs,file:///home/runner/work/ozone/ozone/hadoop-ozone/integration-test/target/log,AVAILABLE}
2023-12-19 18:17:52,323 [main] INFO  handler.ContextHandler (ContextHandler.java:doStart(921)) - Started o.e.j.s.ServletContextHandler@2a3001e8{static,/static,file:///home/runner/work/ozone/ozone/hadoop-ozone/integration-test/target/test-classes/webapps/static,AVAILABLE}
2023-12-19 18:17:52,327 [main] INFO  handler.ContextHandler (ContextHandler.java:doStart(921)) - Started o.e.j.w.WebAppContext@51c1b1b{ozoneManager,/,file:///home/runner/work/ozone/ozone/hadoop-ozone/integration-test/target/test-classes/webapps/ozoneManager/,AVAILABLE}{file:/home/runner/work/ozone/ozone/hadoop-ozone/integration-test/target/test-classes/webapps/ozoneManager}
2023-12-19 18:17:52,329 [main] INFO  server.AbstractConnector (AbstractConnector.java:doStart(333)) - Started ServerConnector@52220113{HTTP/1.1, (http/1.1)}{0.0.0.0:15005}
2023-12-19 18:17:52,329 [main] INFO  server.Server (Server.java:doStart(415)) - Started @6750ms
2023-12-19 18:17:52,329 [main] WARN  impl.MetricsSystemImpl (MetricsSystemImpl.java:register(279)) - Sink prometheus already exists!
2023-12-19 18:17:52,330 [main] INFO  http.BaseHttpServer (BaseHttpServer.java:updateConnectorAddress(354)) - HTTP server of ozoneManager listening at http://0.0.0.0:15005
2023-12-19 18:17:52,331 [IPC Server Responder] INFO  ipc.Server (Server.java:run(1562)) - IPC Server Responder: starting
2023-12-19 18:17:52,331 [IPC Server listener on 15004] INFO  ipc.Server (Server.java:run(1402)) - IPC Server listener on 15004: starting
2023-12-19 18:17:52,344 [main] INFO  om.OzoneManager (OzoneManager.java:startTrashEmptier(2097)) - Trash Interval set to 0. Files deleted won't move to trash
2023-12-19 18:17:52,489 [main] INFO  db.CodecBuffer (CodecBuffer.java:set(62)) - Successfully set constructor to org.apache.hadoop.hdds.utils.db.CodecBuffer$$Lambda$977/1537631645@40f7ae65
2023-12-19 18:17:52,490 [main] WARN  dropwizard3.Dm3MetricRegistriesImpl (Dm3MetricRegistriesImpl.java:addReporterRegistration(113)) - New reporters are added after registries were created. Some metrics will be missing from the reporter. Please add reporter before adding any new registry.
2023-12-19 18:17:52,490 [main] WARN  dropwizard3.Dm3MetricRegistriesImpl (Dm3MetricRegistriesImpl.java:addReporterRegistration(113)) - New reporters are added after registries were created. Some metrics will be missing from the reporter. Please add reporter before adding any new registry.
2023-12-19 18:17:52,490 [main] INFO  impl.MetricsSystemImpl (MetricsSystemImpl.java:init(158)) - HddsDatanode metrics system started (again)
2023-12-19 18:17:52,513 [main] INFO  ozone.HddsDatanodeService (HddsDatanodeService.java:start(239)) - HddsDatanodeService host:fv-az1381-513.cyf22sgur2jupkghqkt4lwlvwe.cx.internal.cloudapp.net ip:10.1.0.19
2023-12-19 18:17:52,548 [main] INFO  upgrade.AbstractLayoutVersionManager (AbstractLayoutVersionManager.java:init(83)) - Initializing Layout version manager with metadata layout = HADOOP_PRC_PORTS_IN_DATANODEDETAILS (version = 7), software layout = HADOOP_PRC_PORTS_IN_DATANODEDETAILS (version = 7)
2023-12-19 18:17:52,550 [main] INFO  statemachine.DatanodeStateMachine (DatanodeStateMachine.java:getEndPointTaskThreadPoolSize(299)) - Datanode State Machine Task Thread Pool size 2
2023-12-19 18:17:52,660 [main] INFO  volume.HddsVolume (HddsVolume.java:<init>(126)) - Creating HddsVolume: /home/runner/work/ozone/ozone/hadoop-ozone/integration-test/target/test-dir/MiniOzoneClusterImpl-c3f67427-b36b-4ee4-bde0-91623ce58163/datanode-0/data-0/containers/hdds of storage type : DISK capacity : 9223372036854775807
2023-12-19 18:17:52,663 [main] INFO  volume.MutableVolumeSet (MutableVolumeSet.java:initializeVolumeSet(173)) - Added Volume : /home/runner/work/ozone/ozone/hadoop-ozone/integration-test/target/test-dir/MiniOzoneClusterImpl-c3f67427-b36b-4ee4-bde0-91623ce58163/datanode-0/data-0/containers/hdds to VolumeSet
2023-12-19 18:17:52,667 [main] INFO  volume.MutableVolumeSet (MutableVolumeSet.java:initializeVolumeSet(173)) - Added Volume : /home/runner/work/ozone/ozone/hadoop-ozone/integration-test/target/test-dir/MiniOzoneClusterImpl-c3f67427-b36b-4ee4-bde0-91623ce58163/datanode-0/data/ratis to VolumeSet
2023-12-19 18:17:52,671 [main] INFO  ozoneimpl.OzoneContainer (HddsVolumeUtil.java:loadAllHddsVolumeDbStore(103)) - Load 1 volumes DbStore cost: 2ms
2023-12-19 18:17:52,679 [d0e3d241-91aa-4721-8188-ae5e0af11890-ContainerReader-0] INFO  ozoneimpl.ContainerReader (ContainerReader.java:readVolume(177)) - Finish verifying containers on volume /home/runner/work/ozone/ozone/hadoop-ozone/integration-test/target/test-dir/MiniOzoneClusterImpl-c3f67427-b36b-4ee4-bde0-91623ce58163/datanode-0/data-0/containers/hdds
2023-12-19 18:17:52,679 [main] INFO  ozoneimpl.OzoneContainer (OzoneContainer.java:buildContainerSet(326)) - Build ContainerSet costs 0s
2023-12-19 18:17:52,719 [main] INFO  audit.AuditLogger (AuditLogger.java:refreshDebugCmdSet(130)) - Refresh DebugCmdSet for DNAudit to [].
2023-12-19 18:17:52,742 [main] INFO  server.RaftServer (ConfUtils.java:logGet(46)) - raft.rpc.type = GRPC (default)
2023-12-19 18:17:52,743 [main] INFO  grpc.GrpcConfigKeys (ConfUtils.java:logFallback(53)) - raft.grpc.admin.host = null (fallback to raft.grpc.server.host)
2023-12-19 18:17:52,743 [main] INFO  grpc.GrpcConfigKeys (ConfUtils.java:logGet(46)) - raft.grpc.admin.port = 15013 (custom)
2023-12-19 18:17:52,743 [main] INFO  grpc.GrpcConfigKeys (ConfUtils.java:logFallback(53)) - raft.grpc.client.host = null (fallback to raft.grpc.server.host)
2023-12-19 18:17:52,743 [main] INFO  grpc.GrpcConfigKeys (ConfUtils.java:logGet(46)) - raft.grpc.client.port = 15012 (custom)
2023-12-19 18:17:52,743 [main] INFO  grpc.GrpcConfigKeys (ConfUtils.java:logGet(46)) - raft.grpc.server.host = null (default)
2023-12-19 18:17:52,744 [main] INFO  grpc.GrpcConfigKeys (ConfUtils.java:logGet(46)) - raft.grpc.server.port = 15014 (custom)
2023-12-19 18:17:52,744 [main] INFO  server.GrpcService (ConfUtils.java:logGet(46)) - raft.grpc.message.size.max = 32MB (=33554432) (custom)
2023-12-19 18:17:52,744 [main] INFO  server.RaftServerConfigKeys (ConfUtils.java:logGet(46)) - raft.server.log.appender.buffer.byte-limit = 8388608 (custom)
2023-12-19 18:17:52,744 [main] INFO  server.GrpcService (ConfUtils.java:logGet(46)) - raft.grpc.flow.control.window = 5MB (=5242880) (custom)
2023-12-19 18:17:52,745 [main] INFO  server.RaftServerConfigKeys (ConfUtils.java:logGet(46)) - raft.server.rpc.request.timeout = 60s (custom)
2023-12-19 18:17:52,745 [main] INFO  grpc.GrpcConfigKeys (ConfUtils.java:logGet(46)) - raft.grpc.server.heartbeat.channel = true (default)
2023-12-19 18:17:52,745 [main] INFO  grpc.GrpcConfigKeys (ConfUtils.java:logGet(46)) - raft.grpc.server.async.request.thread.pool.cached = true (default)
2023-12-19 18:17:52,745 [main] INFO  grpc.GrpcConfigKeys (ConfUtils.java:logGet(46)) - raft.grpc.server.async.request.thread.pool.size = 32 (default)
2023-12-19 18:17:52,747 [main] INFO  impl.DataStreamServerImpl (ConfUtils.java:logGet(46)) - raft.datastream.type = NETTY (custom)
2023-12-19 18:17:52,757 [main] INFO  server.RaftServerConfigKeys (ConfUtils.java:logGet(46)) - raft.server.data-stream.async.request.thread.pool.cached = false (default)
2023-12-19 18:17:52,758 [main] INFO  server.RaftServerConfigKeys (ConfUtils.java:logGet(46)) - raft.server.data-stream.async.request.thread.pool.size = 20 (custom)
2023-12-19 18:17:52,758 [main] INFO  server.RaftServerConfigKeys (ConfUtils.java:logGet(46)) - raft.server.data-stream.async.write.thread.pool.size = 16 (default)
2023-12-19 18:17:52,759 [main] INFO  netty.NettyConfigKeys$DataStream (ConfUtils.java:logGet(46)) - raft.netty.dataStream.server.channel.inactive.grace-period = 10min (default)
2023-12-19 18:17:52,760 [main] INFO  server.RaftServerConfigKeys (ConfUtils.java:logGet(46)) - raft.server.data-stream.client.pool.size = 10 (default)
2023-12-19 18:17:52,761 [main] INFO  netty.NettyConfigKeys$DataStream (ConfUtils.java:logGet(46)) - raft.netty.dataStream.server.use-epoll = true (default)
2023-12-19 18:17:52,761 [main] INFO  netty.NettyConfigKeys$DataStream (ConfUtils.java:logGet(46)) - raft.netty.dataStream.server.boss-group.size = 0 (default)
2023-12-19 18:17:52,762 [main] INFO  netty.NettyUtils (NettyUtils.java:newEventLoopGroup(69)) - Create EpollEventLoopGroup for d0e3d241-91aa-4721-8188-ae5e0af11890-NettyServerStreamRpc-bossGroup; Thread size is 0.
2023-12-19 18:17:52,793 [main] INFO  netty.NettyConfigKeys$DataStream (ConfUtils.java:logGet(46)) - raft.netty.dataStream.server.worker-group.size = 0 (default)
2023-12-19 18:17:52,793 [main] INFO  netty.NettyUtils (NettyUtils.java:newEventLoopGroup(69)) - Create EpollEventLoopGroup for d0e3d241-91aa-4721-8188-ae5e0af11890-NettyServerStreamRpc-workerGroup; Thread size is 0.
2023-12-19 18:17:52,794 [main] INFO  netty.NettyConfigKeys$DataStream (ConfUtils.java:logGet(46)) - raft.netty.dataStream.server.tls.conf = null (default)
2023-12-19 18:17:52,795 [main] INFO  netty.NettyConfigKeys$DataStream (ConfUtils.java:logGet(46)) - raft.netty.dataStream.host = null (default)
2023-12-19 18:17:52,796 [main] INFO  netty.NettyConfigKeys$DataStream (ConfUtils.java:logGet(46)) - raft.netty.dataStream.port = 15015 (custom)
2023-12-19 18:17:52,799 [main] INFO  server.RaftServerConfigKeys (ConfUtils.java:logGet(46)) - raft.server.sleep.deviation.threshold = 300ms (default)
2023-12-19 18:17:52,799 [main] INFO  server.RaftServerConfigKeys (ConfUtils.java:logGet(46)) - raft.server.close.threshold = 60s (default)
2023-12-19 18:17:52,800 [main] INFO  server.RaftServerConfigKeys (ConfUtils.java:logGet(46)) - raft.server.leaderelection.leader.step-down.wait-time = 10s (default)
2023-12-19 18:17:52,800 [main] INFO  server.RaftServerConfigKeys (ConfUtils.java:logGet(46)) - raft.server.storage.dir = [/home/runner/work/ozone/ozone/hadoop-ozone/integration-test/target/test-dir/MiniOzoneClusterImpl-c3f67427-b36b-4ee4-bde0-91623ce58163/datanode-0/data/ratis] (custom)
2023-12-19 18:17:52,800 [main] INFO  server.RaftServerConfigKeys (ConfUtils.java:logGet(46)) - raft.server.threadpool.proxy.cached = true (default)
2023-12-19 18:17:52,800 [main] INFO  server.RaftServerConfigKeys (ConfUtils.java:logGet(46)) - raft.server.threadpool.proxy.size = 0 (default)
2023-12-19 18:17:52,801 [d0e3d241-91aa-4721-8188-ae5e0af11890-impl-thread1] INFO  server.RaftServer (RaftServerProxy.java:initGroupDir(264)) - d0e3d241-91aa-4721-8188-ae5e0af11890: found a subdirectory /home/runner/work/ozone/ozone/hadoop-ozone/integration-test/target/test-dir/MiniOzoneClusterImpl-c3f67427-b36b-4ee4-bde0-91623ce58163/datanode-0/data/ratis/tmp
2023-12-19 18:17:52,802 [d0e3d241-91aa-4721-8188-ae5e0af11890-impl-thread1] INFO  server.RaftServer (RaftServerProxy.java:initGroupDir(269)) - d0e3d241-91aa-4721-8188-ae5e0af11890: The directory /home/runner/work/ozone/ozone/hadoop-ozone/integration-test/target/test-dir/MiniOzoneClusterImpl-c3f67427-b36b-4ee4-bde0-91623ce58163/datanode-0/data/ratis/tmp is not a group directory; ignoring it. 
2023-12-19 18:17:52,804 [main] INFO  replication.ReplicationServer (ReplicationServer.java:<init>(85)) - Initializing replication server with thread count = 10 queue length = 4096
2023-12-19 18:17:52,809 [d0e3d241-91aa-4721-8188-ae5e0af11890-NettyServerStreamRpc-bossGroup--thread1] INFO  logging.LoggingHandler (AbstractInternalLogger.java:log(148)) - [id: 0x15f725c1] REGISTERED
2023-12-19 18:17:52,809 [d0e3d241-91aa-4721-8188-ae5e0af11890-NettyServerStreamRpc-bossGroup--thread1] INFO  logging.LoggingHandler (AbstractInternalLogger.java:log(148)) - [id: 0x15f725c1] BIND: 0.0.0.0/0.0.0.0:15015
2023-12-19 18:17:52,810 [d0e3d241-91aa-4721-8188-ae5e0af11890-NettyServerStreamRpc-bossGroup--thread1] INFO  logging.LoggingHandler (AbstractInternalLogger.java:log(148)) - [id: 0x15f725c1, L:/0.0.0.0:15015] ACTIVE
2023-12-19 18:17:52,823 [main] INFO  server.XceiverServerGrpc (XceiverServerGrpc.java:<init>(141)) - GrpcServer channel type EpollServerSocketChannel
2023-12-19 18:17:52,854 [main] INFO  replication.ReplicationSupervisor (ReplicationSupervisor.java:build(163)) - Initializing replication supervisor with thread count = 10
2023-12-19 18:17:52,855 [main] INFO  replication.ReplicationSupervisor (ReplicationSupervisor.java:nodeStateUpdated(317)) - Node state updated to IN_SERVICE, scaling executor pool size to 10
2023-12-19 18:17:52,891 [main] INFO  http.BaseHttpServer (BaseHttpServer.java:newHttpServer2BuilderForOzone(223)) - Starting Web-server for hddsDatanode at: http://0.0.0.0:15009
2023-12-19 18:17:52,891 [main] INFO  http.BaseHttpServer (BaseHttpServer.java:<init>(110)) - Hadoop Security Enabled: false Ozone Security Enabled: false Ozone HTTP Security Enabled: false 
2023-12-19 18:17:52,892 [main] WARN  server.AuthenticationFilter (AuthenticationFilter.java:constructSecretProvider(240)) - Unable to initialize FileSignerSecretProvider, falling back to use random secrets. Reason: Could not read signature secret file: /home/runner/hadoop-http-auth-signature-secret
2023-12-19 18:17:52,893 [main] INFO  http.HttpRequestLog (HttpRequestLog.java:getRequestLog(86)) - Http request log for http.requests.hddsDatanode is not defined
2023-12-19 18:17:52,894 [main] INFO  http.HttpServer2 (HttpServer2.java:addGlobalFilter(1036)) - Added global filter 'safety' (class=org.apache.hadoop.hdds.server.http.HttpServer2$QuotingInputFilter)
2023-12-19 18:17:52,895 [main] INFO  http.HttpServer2 (HttpServer2.java:addFilter(1012)) - Added filter static_user_filter (class=org.apache.hadoop.http.lib.StaticUserWebFilter$StaticUserFilter) to context hddsDatanode
2023-12-19 18:17:52,895 [main] INFO  http.HttpServer2 (HttpServer2.java:addFilter(1020)) - Added filter static_user_filter (class=org.apache.hadoop.http.lib.StaticUserWebFilter$StaticUserFilter) to context logs
2023-12-19 18:17:52,895 [main] INFO  http.HttpServer2 (HttpServer2.java:addFilter(1020)) - Added filter static_user_filter (class=org.apache.hadoop.http.lib.StaticUserWebFilter$StaticUserFilter) to context static
2023-12-19 18:17:52,896 [main] INFO  http.BaseHttpServer (BaseHttpServer.java:<init>(189)) - HTTP server of hddsDatanode uses base directory /home/runner/work/ozone/ozone/hadoop-ozone/integration-test/target/test-dir/MiniOzoneClusterImpl-c3f67427-b36b-4ee4-bde0-91623ce58163/datanode-0/meta/webserver
2023-12-19 18:17:52,897 [main] INFO  http.HttpServer2 (HttpServer2.java:bindListener(1236)) - Jetty bound to port 15009
2023-12-19 18:17:52,897 [main] INFO  server.Server (Server.java:doStart(375)) - jetty-9.4.53.v20231009; built: 2023-10-09T12:29:09.265Z; git: 27bde00a0b95a1d5bbee0eae7984f891d2d0f8c9; jvm 1.8.0_392-b08
2023-12-19 18:17:52,899 [main] INFO  server.session (DefaultSessionIdManager.java:doStart(334)) - DefaultSessionIdManager workerName=node0
2023-12-19 18:17:52,899 [main] INFO  server.session (DefaultSessionIdManager.java:doStart(339)) - No SessionScavenger set, using defaults
2023-12-19 18:17:52,899 [main] INFO  server.session (HouseKeeper.java:startScavenging(132)) - node0 Scavenging every 600000ms
2023-12-19 18:17:52,900 [main] INFO  handler.ContextHandler (ContextHandler.java:doStart(921)) - Started o.e.j.s.ServletContextHandler@22624c80{logs,/logs,file:///home/runner/work/ozone/ozone/hadoop-ozone/integration-test/target/log,AVAILABLE}
2023-12-19 18:17:52,901 [main] INFO  handler.ContextHandler (ContextHandler.java:doStart(921)) - Started o.e.j.s.ServletContextHandler@6a50888c{static,/static,jar:file:/home/runner/.m2/repository/org/apache/ozone/hdds-container-service/1.5.0-SNAPSHOT/hdds-container-service-1.5.0-SNAPSHOT.jar!/webapps/static,AVAILABLE}
2023-12-19 18:17:52,944 [main] INFO  handler.ContextHandler (ContextHandler.java:doStart(921)) - Started o.e.j.w.WebAppContext@7bbc180e{hddsDatanode,/,file:///home/runner/work/ozone/ozone/hadoop-ozone/integration-test/target/test-dir/MiniOzoneClusterImpl-c3f67427-b36b-4ee4-bde0-91623ce58163/datanode-0/meta/webserver/jetty-0_0_0_0-15009-hdds-container-service-1_5_0-SNAPSHOT_jar-_-any-6464388761693411434/webapp/,AVAILABLE}{jar:file:/home/runner/.m2/repository/org/apache/ozone/hdds-container-service/1.5.0-SNAPSHOT/hdds-container-service-1.5.0-SNAPSHOT.jar!/webapps/hddsDatanode}
2023-12-19 18:17:52,945 [main] INFO  server.AbstractConnector (AbstractConnector.java:doStart(333)) - Started ServerConnector@3271658{HTTP/1.1, (http/1.1)}{0.0.0.0:15009}
2023-12-19 18:17:52,946 [main] INFO  server.Server (Server.java:doStart(415)) - Started @7366ms
2023-12-19 18:17:52,946 [main] WARN  impl.MetricsSystemImpl (MetricsSystemImpl.java:register(279)) - Sink prometheus already exists!
2023-12-19 18:17:52,946 [main] INFO  http.BaseHttpServer (BaseHttpServer.java:updateConnectorAddress(354)) - HTTP server of hddsDatanode listening at http://0.0.0.0:15009
2023-12-19 18:17:52,948 [main] INFO  ipc.CallQueueManager (CallQueueManager.java:<init>(90)) - Using callQueue: class java.util.concurrent.LinkedBlockingQueue, queueCapacity: 100, scheduler: class org.apache.hadoop.ipc.DefaultRpcScheduler, ipcBackoff: false.
2023-12-19 18:17:52,949 [main] INFO  ipc.Server (Server.java:<init>(1287)) - Listener at 0.0.0.0:15010
2023-12-19 18:17:52,949 [Socket Reader #1 for port 15010] INFO  ipc.Server (Server.java:run(1323)) - Starting Socket Reader #1 for port 15010
2023-12-19 18:17:52,951 [main] INFO  ozone.HddsDatanodeService (HddsDatanodeService.java:start(324)) - Datanode start with admins: [runner]
2023-12-19 18:17:52,951 [main] INFO  ozone.HddsDatanodeClientProtocolServer (HddsDatanodeClientProtocolServer.java:start(72)) - RPC server for Client /0.0.0.0:15010
2023-12-19 18:17:52,952 [IPC Server Responder] INFO  ipc.Server (Server.java:run(1562)) - IPC Server Responder: starting
2023-12-19 18:17:52,952 [IPC Server listener on 15010] INFO  ipc.Server (Server.java:run(1402)) - IPC Server listener on 15010: starting
2023-12-19 18:17:52,953 [d0e3d241-91aa-4721-8188-ae5e0af11890-DatanodeStateMachineDaemonThread] INFO  statemachine.DatanodeStateMachine (DatanodeStateMachine.java:lambda$startDaemon$1(555)) - Ozone container server started.
2023-12-19 18:17:52,954 [main] WARN  dropwizard3.Dm3MetricRegistriesImpl (Dm3MetricRegistriesImpl.java:addReporterRegistration(113)) - New reporters are added after registries were created. Some metrics will be missing from the reporter. Please add reporter before adding any new registry.
2023-12-19 18:17:52,954 [main] WARN  dropwizard3.Dm3MetricRegistriesImpl (Dm3MetricRegistriesImpl.java:addReporterRegistration(113)) - New reporters are added after registries were created. Some metrics will be missing from the reporter. Please add reporter before adding any new registry.
2023-12-19 18:17:52,954 [main] INFO  impl.MetricsSystemImpl (MetricsSystemImpl.java:init(158)) - HddsDatanode metrics system started (again)
2023-12-19 18:17:52,964 [main] INFO  ozone.HddsDatanodeService (HddsDatanodeService.java:start(239)) - HddsDatanodeService host:fv-az1381-513.cyf22sgur2jupkghqkt4lwlvwe.cx.internal.cloudapp.net ip:10.1.0.19
2023-12-19 18:17:52,993 [main] INFO  upgrade.AbstractLayoutVersionManager (AbstractLayoutVersionManager.java:init(83)) - Initializing Layout version manager with metadata layout = HADOOP_PRC_PORTS_IN_DATANODEDETAILS (version = 7), software layout = HADOOP_PRC_PORTS_IN_DATANODEDETAILS (version = 7)
2023-12-19 18:17:52,998 [main] INFO  statemachine.DatanodeStateMachine (DatanodeStateMachine.java:getEndPointTaskThreadPoolSize(299)) - Datanode State Machine Task Thread Pool size 2
2023-12-19 18:17:53,006 [main] INFO  volume.HddsVolume (HddsVolume.java:<init>(126)) - Creating HddsVolume: /home/runner/work/ozone/ozone/hadoop-ozone/integration-test/target/test-dir/MiniOzoneClusterImpl-c3f67427-b36b-4ee4-bde0-91623ce58163/datanode-1/data-0/containers/hdds of storage type : DISK capacity : 9223372036854775807
2023-12-19 18:17:53,006 [main] INFO  volume.MutableVolumeSet (MutableVolumeSet.java:initializeVolumeSet(173)) - Added Volume : /home/runner/work/ozone/ozone/hadoop-ozone/integration-test/target/test-dir/MiniOzoneClusterImpl-c3f67427-b36b-4ee4-bde0-91623ce58163/datanode-1/data-0/containers/hdds to VolumeSet
2023-12-19 18:17:53,009 [main] INFO  volume.MutableVolumeSet (MutableVolumeSet.java:initializeVolumeSet(173)) - Added Volume : /home/runner/work/ozone/ozone/hadoop-ozone/integration-test/target/test-dir/MiniOzoneClusterImpl-c3f67427-b36b-4ee4-bde0-91623ce58163/datanode-1/data/ratis to VolumeSet
2023-12-19 18:17:53,011 [main] INFO  ozoneimpl.OzoneContainer (HddsVolumeUtil.java:loadAllHddsVolumeDbStore(103)) - Load 1 volumes DbStore cost: 1ms
2023-12-19 18:17:53,012 [e7599229-5a8e-48b0-86e7-2247601ad11a-ContainerReader-0] INFO  ozoneimpl.ContainerReader (ContainerReader.java:readVolume(177)) - Finish verifying containers on volume /home/runner/work/ozone/ozone/hadoop-ozone/integration-test/target/test-dir/MiniOzoneClusterImpl-c3f67427-b36b-4ee4-bde0-91623ce58163/datanode-1/data-0/containers/hdds
2023-12-19 18:17:53,013 [main] INFO  ozoneimpl.OzoneContainer (OzoneContainer.java:buildContainerSet(326)) - Build ContainerSet costs 0s
2023-12-19 18:17:53,017 [main] INFO  server.RaftServer (ConfUtils.java:logGet(46)) - raft.rpc.type = GRPC (default)
2023-12-19 18:17:53,017 [main] INFO  grpc.GrpcConfigKeys (ConfUtils.java:logFallback(53)) - raft.grpc.admin.host = null (fallback to raft.grpc.server.host)
2023-12-19 18:17:53,017 [main] INFO  grpc.GrpcConfigKeys (ConfUtils.java:logGet(46)) - raft.grpc.admin.port = 15022 (custom)
2023-12-19 18:17:53,017 [main] INFO  grpc.GrpcConfigKeys (ConfUtils.java:logFallback(53)) - raft.grpc.client.host = null (fallback to raft.grpc.server.host)
2023-12-19 18:17:53,018 [main] INFO  grpc.GrpcConfigKeys (ConfUtils.java:logGet(46)) - raft.grpc.client.port = 15021 (custom)
2023-12-19 18:17:53,018 [main] INFO  grpc.GrpcConfigKeys (ConfUtils.java:logGet(46)) - raft.grpc.server.host = null (default)
2023-12-19 18:17:53,018 [main] INFO  grpc.GrpcConfigKeys (ConfUtils.java:logGet(46)) - raft.grpc.server.port = 15023 (custom)
2023-12-19 18:17:53,018 [main] INFO  server.GrpcService (ConfUtils.java:logGet(46)) - raft.grpc.message.size.max = 32MB (=33554432) (custom)
2023-12-19 18:17:53,019 [main] INFO  server.RaftServerConfigKeys (ConfUtils.java:logGet(46)) - raft.server.log.appender.buffer.byte-limit = 8388608 (custom)
2023-12-19 18:17:53,019 [main] INFO  server.GrpcService (ConfUtils.java:logGet(46)) - raft.grpc.flow.control.window = 5MB (=5242880) (custom)
2023-12-19 18:17:53,019 [main] INFO  server.RaftServerConfigKeys (ConfUtils.java:logGet(46)) - raft.server.rpc.request.timeout = 60s (custom)
2023-12-19 18:17:53,019 [main] INFO  grpc.GrpcConfigKeys (ConfUtils.java:logGet(46)) - raft.grpc.server.heartbeat.channel = true (default)
2023-12-19 18:17:53,020 [main] INFO  grpc.GrpcConfigKeys (ConfUtils.java:logGet(46)) - raft.grpc.server.async.request.thread.pool.cached = true (default)
2023-12-19 18:17:53,020 [main] INFO  grpc.GrpcConfigKeys (ConfUtils.java:logGet(46)) - raft.grpc.server.async.request.thread.pool.size = 32 (default)
2023-12-19 18:17:53,022 [main] INFO  impl.DataStreamServerImpl (ConfUtils.java:logGet(46)) - raft.datastream.type = NETTY (custom)
2023-12-19 18:17:53,023 [main] INFO  server.RaftServerConfigKeys (ConfUtils.java:logGet(46)) - raft.server.data-stream.async.request.thread.pool.cached = false (default)
2023-12-19 18:17:53,023 [main] INFO  server.RaftServerConfigKeys (ConfUtils.java:logGet(46)) - raft.server.data-stream.async.request.thread.pool.size = 20 (custom)
2023-12-19 18:17:53,023 [main] INFO  server.RaftServerConfigKeys (ConfUtils.java:logGet(46)) - raft.server.data-stream.async.write.thread.pool.size = 16 (default)
2023-12-19 18:17:53,023 [main] INFO  netty.NettyConfigKeys$DataStream (ConfUtils.java:logGet(46)) - raft.netty.dataStream.server.channel.inactive.grace-period = 10min (default)
2023-12-19 18:17:53,024 [main] INFO  server.RaftServerConfigKeys (ConfUtils.java:logGet(46)) - raft.server.data-stream.client.pool.size = 10 (default)
2023-12-19 18:17:53,024 [main] INFO  netty.NettyConfigKeys$DataStream (ConfUtils.java:logGet(46)) - raft.netty.dataStream.server.use-epoll = true (default)
2023-12-19 18:17:53,024 [main] INFO  netty.NettyConfigKeys$DataStream (ConfUtils.java:logGet(46)) - raft.netty.dataStream.server.boss-group.size = 0 (default)
2023-12-19 18:17:53,027 [main] INFO  netty.NettyUtils (NettyUtils.java:newEventLoopGroup(69)) - Create EpollEventLoopGroup for e7599229-5a8e-48b0-86e7-2247601ad11a-NettyServerStreamRpc-bossGroup; Thread size is 0.
2023-12-19 18:17:53,027 [main] INFO  netty.NettyConfigKeys$DataStream (ConfUtils.java:logGet(46)) - raft.netty.dataStream.server.worker-group.size = 0 (default)
2023-12-19 18:17:53,027 [main] INFO  netty.NettyUtils (NettyUtils.java:newEventLoopGroup(69)) - Create EpollEventLoopGroup for e7599229-5a8e-48b0-86e7-2247601ad11a-NettyServerStreamRpc-workerGroup; Thread size is 0.
2023-12-19 18:17:53,028 [main] INFO  netty.NettyConfigKeys$DataStream (ConfUtils.java:logGet(46)) - raft.netty.dataStream.server.tls.conf = null (default)
2023-12-19 18:17:53,029 [main] INFO  netty.NettyConfigKeys$DataStream (ConfUtils.java:logGet(46)) - raft.netty.dataStream.host = null (default)
2023-12-19 18:17:53,029 [main] INFO  netty.NettyConfigKeys$DataStream (ConfUtils.java:logGet(46)) - raft.netty.dataStream.port = 15024 (custom)
2023-12-19 18:17:53,031 [main] INFO  server.RaftServerConfigKeys (ConfUtils.java:logGet(46)) - raft.server.sleep.deviation.threshold = 300ms (default)
2023-12-19 18:17:53,032 [main] INFO  server.RaftServerConfigKeys (ConfUtils.java:logGet(46)) - raft.server.close.threshold = 60s (default)
2023-12-19 18:17:53,033 [main] INFO  server.RaftServerConfigKeys (ConfUtils.java:logGet(46)) - raft.server.leaderelection.leader.step-down.wait-time = 10s (default)
2023-12-19 18:17:53,033 [main] INFO  server.RaftServerConfigKeys (ConfUtils.java:logGet(46)) - raft.server.storage.dir = [/home/runner/work/ozone/ozone/hadoop-ozone/integration-test/target/test-dir/MiniOzoneClusterImpl-c3f67427-b36b-4ee4-bde0-91623ce58163/datanode-1/data/ratis] (custom)
2023-12-19 18:17:53,034 [main] INFO  server.RaftServerConfigKeys (ConfUtils.java:logGet(46)) - raft.server.threadpool.proxy.cached = true (default)
2023-12-19 18:17:53,034 [main] INFO  server.RaftServerConfigKeys (ConfUtils.java:logGet(46)) - raft.server.threadpool.proxy.size = 0 (default)
2023-12-19 18:17:53,035 [e7599229-5a8e-48b0-86e7-2247601ad11a-impl-thread1] INFO  server.RaftServer (RaftServerProxy.java:initGroupDir(264)) - e7599229-5a8e-48b0-86e7-2247601ad11a: found a subdirectory /home/runner/work/ozone/ozone/hadoop-ozone/integration-test/target/test-dir/MiniOzoneClusterImpl-c3f67427-b36b-4ee4-bde0-91623ce58163/datanode-1/data/ratis/tmp
2023-12-19 18:17:53,035 [e7599229-5a8e-48b0-86e7-2247601ad11a-impl-thread1] INFO  server.RaftServer (RaftServerProxy.java:initGroupDir(269)) - e7599229-5a8e-48b0-86e7-2247601ad11a: The directory /home/runner/work/ozone/ozone/hadoop-ozone/integration-test/target/test-dir/MiniOzoneClusterImpl-c3f67427-b36b-4ee4-bde0-91623ce58163/datanode-1/data/ratis/tmp is not a group directory; ignoring it. 
2023-12-19 18:17:53,036 [main] INFO  replication.ReplicationServer (ReplicationServer.java:<init>(85)) - Initializing replication server with thread count = 10 queue length = 4096
2023-12-19 18:17:53,034 [e7599229-5a8e-48b0-86e7-2247601ad11a-NettyServerStreamRpc-bossGroup--thread1] INFO  logging.LoggingHandler (AbstractInternalLogger.java:log(148)) - [id: 0x116e120d] REGISTERED
2023-12-19 18:17:53,037 [e7599229-5a8e-48b0-86e7-2247601ad11a-NettyServerStreamRpc-bossGroup--thread1] INFO  logging.LoggingHandler (AbstractInternalLogger.java:log(148)) - [id: 0x116e120d] BIND: 0.0.0.0/0.0.0.0:15024
2023-12-19 18:17:53,038 [e7599229-5a8e-48b0-86e7-2247601ad11a-NettyServerStreamRpc-bossGroup--thread1] INFO  logging.LoggingHandler (AbstractInternalLogger.java:log(148)) - [id: 0x116e120d, L:/0.0.0.0:15024] ACTIVE
2023-12-19 18:17:53,040 [main] INFO  server.XceiverServerGrpc (XceiverServerGrpc.java:<init>(141)) - GrpcServer channel type EpollServerSocketChannel
2023-12-19 18:17:53,041 [d0e3d241-91aa-4721-8188-ae5e0af11890-DatanodeStateMachineTaskThread-0] INFO  datanode.InitDatanodeState (InitDatanodeState.java:persistContainerDatanodeDetails(139)) - DatanodeDetails is persisted to /home/runner/work/ozone/ozone/hadoop-ozone/integration-test/target/test-dir/MiniOzoneClusterImpl-c3f67427-b36b-4ee4-bde0-91623ce58163/datanode-0/meta/datanode.id
2023-12-19 18:17:53,045 [main] INFO  replication.ReplicationSupervisor (ReplicationSupervisor.java:build(163)) - Initializing replication supervisor with thread count = 10
2023-12-19 18:17:53,046 [main] INFO  replication.ReplicationSupervisor (ReplicationSupervisor.java:nodeStateUpdated(317)) - Node state updated to IN_SERVICE, scaling executor pool size to 10
2023-12-19 18:17:53,049 [main] INFO  http.BaseHttpServer (BaseHttpServer.java:newHttpServer2BuilderForOzone(223)) - Starting Web-server for hddsDatanode at: http://0.0.0.0:15018
2023-12-19 18:17:53,049 [main] INFO  http.BaseHttpServer (BaseHttpServer.java:<init>(110)) - Hadoop Security Enabled: false Ozone Security Enabled: false Ozone HTTP Security Enabled: false 
2023-12-19 18:17:53,051 [main] WARN  server.AuthenticationFilter (AuthenticationFilter.java:constructSecretProvider(240)) - Unable to initialize FileSignerSecretProvider, falling back to use random secrets. Reason: Could not read signature secret file: /home/runner/hadoop-http-auth-signature-secret
2023-12-19 18:17:53,052 [main] INFO  http.HttpRequestLog (HttpRequestLog.java:getRequestLog(86)) - Http request log for http.requests.hddsDatanode is not defined
2023-12-19 18:17:53,055 [main] INFO  http.HttpServer2 (HttpServer2.java:addGlobalFilter(1036)) - Added global filter 'safety' (class=org.apache.hadoop.hdds.server.http.HttpServer2$QuotingInputFilter)
2023-12-19 18:17:53,056 [main] INFO  http.HttpServer2 (HttpServer2.java:addFilter(1012)) - Added filter static_user_filter (class=org.apache.hadoop.http.lib.StaticUserWebFilter$StaticUserFilter) to context hddsDatanode
2023-12-19 18:17:53,056 [main] INFO  http.HttpServer2 (HttpServer2.java:addFilter(1020)) - Added filter static_user_filter (class=org.apache.hadoop.http.lib.StaticUserWebFilter$StaticUserFilter) to context logs
2023-12-19 18:17:53,057 [main] INFO  http.HttpServer2 (HttpServer2.java:addFilter(1020)) - Added filter static_user_filter (class=org.apache.hadoop.http.lib.StaticUserWebFilter$StaticUserFilter) to context static
2023-12-19 18:17:53,058 [main] INFO  http.BaseHttpServer (BaseHttpServer.java:<init>(189)) - HTTP server of hddsDatanode uses base directory /home/runner/work/ozone/ozone/hadoop-ozone/integration-test/target/test-dir/MiniOzoneClusterImpl-c3f67427-b36b-4ee4-bde0-91623ce58163/datanode-1/meta/webserver
2023-12-19 18:17:53,058 [main] INFO  http.HttpServer2 (HttpServer2.java:bindListener(1236)) - Jetty bound to port 15018
2023-12-19 18:17:53,059 [main] INFO  server.Server (Server.java:doStart(375)) - jetty-9.4.53.v20231009; built: 2023-10-09T12:29:09.265Z; git: 27bde00a0b95a1d5bbee0eae7984f891d2d0f8c9; jvm 1.8.0_392-b08
2023-12-19 18:17:53,064 [main] INFO  server.session (DefaultSessionIdManager.java:doStart(334)) - DefaultSessionIdManager workerName=node0
2023-12-19 18:17:53,064 [main] INFO  server.session (DefaultSessionIdManager.java:doStart(339)) - No SessionScavenger set, using defaults
2023-12-19 18:17:53,065 [main] INFO  server.session (HouseKeeper.java:startScavenging(132)) - node0 Scavenging every 600000ms
2023-12-19 18:17:53,066 [main] INFO  handler.ContextHandler (ContextHandler.java:doStart(921)) - Started o.e.j.s.ServletContextHandler@314aeeb2{logs,/logs,file:///home/runner/work/ozone/ozone/hadoop-ozone/integration-test/target/log,AVAILABLE}
2023-12-19 18:17:53,066 [main] INFO  handler.ContextHandler (ContextHandler.java:doStart(921)) - Started o.e.j.s.ServletContextHandler@15236c48{static,/static,jar:file:/home/runner/.m2/repository/org/apache/ozone/hdds-container-service/1.5.0-SNAPSHOT/hdds-container-service-1.5.0-SNAPSHOT.jar!/webapps/static,AVAILABLE}
2023-12-19 18:17:53,106 [main] INFO  handler.ContextHandler (ContextHandler.java:doStart(921)) - Started o.e.j.w.WebAppContext@5051626d{hddsDatanode,/,file:///home/runner/work/ozone/ozone/hadoop-ozone/integration-test/target/test-dir/MiniOzoneClusterImpl-c3f67427-b36b-4ee4-bde0-91623ce58163/datanode-1/meta/webserver/jetty-0_0_0_0-15018-hdds-container-service-1_5_0-SNAPSHOT_jar-_-any-2367492334354706128/webapp/,AVAILABLE}{jar:file:/home/runner/.m2/repository/org/apache/ozone/hdds-container-service/1.5.0-SNAPSHOT/hdds-container-service-1.5.0-SNAPSHOT.jar!/webapps/hddsDatanode}
2023-12-19 18:17:53,108 [main] INFO  server.AbstractConnector (AbstractConnector.java:doStart(333)) - Started ServerConnector@10f2a42d{HTTP/1.1, (http/1.1)}{0.0.0.0:15018}
2023-12-19 18:17:53,109 [main] INFO  server.Server (Server.java:doStart(415)) - Started @7529ms
2023-12-19 18:17:53,109 [main] WARN  impl.MetricsSystemImpl (MetricsSystemImpl.java:register(279)) - Sink prometheus already exists!
2023-12-19 18:17:53,110 [main] INFO  http.BaseHttpServer (BaseHttpServer.java:updateConnectorAddress(354)) - HTTP server of hddsDatanode listening at http://0.0.0.0:15018
2023-12-19 18:17:53,110 [main] INFO  ipc.CallQueueManager (CallQueueManager.java:<init>(90)) - Using callQueue: class java.util.concurrent.LinkedBlockingQueue, queueCapacity: 100, scheduler: class org.apache.hadoop.ipc.DefaultRpcScheduler, ipcBackoff: false.
2023-12-19 18:17:53,112 [main] INFO  ipc.Server (Server.java:<init>(1287)) - Listener at 0.0.0.0:15019
2023-12-19 18:17:53,113 [Socket Reader #1 for port 15019] INFO  ipc.Server (Server.java:run(1323)) - Starting Socket Reader #1 for port 15019
2023-12-19 18:17:53,117 [main] INFO  ozone.HddsDatanodeService (HddsDatanodeService.java:start(324)) - Datanode start with admins: [runner]
2023-12-19 18:17:53,118 [main] INFO  ozone.HddsDatanodeClientProtocolServer (HddsDatanodeClientProtocolServer.java:start(72)) - RPC server for Client /0.0.0.0:15019
2023-12-19 18:17:53,118 [IPC Server Responder] INFO  ipc.Server (Server.java:run(1562)) - IPC Server Responder: starting
2023-12-19 18:17:53,118 [IPC Server listener on 15019] INFO  ipc.Server (Server.java:run(1402)) - IPC Server listener on 15019: starting
2023-12-19 18:17:53,124 [e7599229-5a8e-48b0-86e7-2247601ad11a-DatanodeStateMachineDaemonThread] INFO  statemachine.DatanodeStateMachine (DatanodeStateMachine.java:lambda$startDaemon$1(555)) - Ozone container server started.
2023-12-19 18:17:53,124 [main] WARN  dropwizard3.Dm3MetricRegistriesImpl (Dm3MetricRegistriesImpl.java:addReporterRegistration(113)) - New reporters are added after registries were created. Some metrics will be missing from the reporter. Please add reporter before adding any new registry.
2023-12-19 18:17:53,124 [main] WARN  dropwizard3.Dm3MetricRegistriesImpl (Dm3MetricRegistriesImpl.java:addReporterRegistration(113)) - New reporters are added after registries were created. Some metrics will be missing from the reporter. Please add reporter before adding any new registry.
2023-12-19 18:17:53,124 [main] INFO  impl.MetricsSystemImpl (MetricsSystemImpl.java:init(158)) - HddsDatanode metrics system started (again)
2023-12-19 18:17:53,136 [main] INFO  ozone.HddsDatanodeService (HddsDatanodeService.java:start(239)) - HddsDatanodeService host:fv-az1381-513.cyf22sgur2jupkghqkt4lwlvwe.cx.internal.cloudapp.net ip:10.1.0.19
2023-12-19 18:17:53,138 [e7599229-5a8e-48b0-86e7-2247601ad11a-DatanodeStateMachineTaskThread-0] INFO  datanode.InitDatanodeState (InitDatanodeState.java:persistContainerDatanodeDetails(139)) - DatanodeDetails is persisted to /home/runner/work/ozone/ozone/hadoop-ozone/integration-test/target/test-dir/MiniOzoneClusterImpl-c3f67427-b36b-4ee4-bde0-91623ce58163/datanode-1/meta/datanode.id
2023-12-19 18:17:53,155 [main] INFO  upgrade.AbstractLayoutVersionManager (AbstractLayoutVersionManager.java:init(83)) - Initializing Layout version manager with metadata layout = HADOOP_PRC_PORTS_IN_DATANODEDETAILS (version = 7), software layout = HADOOP_PRC_PORTS_IN_DATANODEDETAILS (version = 7)
2023-12-19 18:17:53,155 [main] INFO  statemachine.DatanodeStateMachine (DatanodeStateMachine.java:getEndPointTaskThreadPoolSize(299)) - Datanode State Machine Task Thread Pool size 2
2023-12-19 18:17:53,158 [main] INFO  volume.HddsVolume (HddsVolume.java:<init>(126)) - Creating HddsVolume: /home/runner/work/ozone/ozone/hadoop-ozone/integration-test/target/test-dir/MiniOzoneClusterImpl-c3f67427-b36b-4ee4-bde0-91623ce58163/datanode-2/data-0/containers/hdds of storage type : DISK capacity : 9223372036854775807
2023-12-19 18:17:53,158 [main] INFO  volume.MutableVolumeSet (MutableVolumeSet.java:initializeVolumeSet(173)) - Added Volume : /home/runner/work/ozone/ozone/hadoop-ozone/integration-test/target/test-dir/MiniOzoneClusterImpl-c3f67427-b36b-4ee4-bde0-91623ce58163/datanode-2/data-0/containers/hdds to VolumeSet
2023-12-19 18:17:53,159 [main] INFO  volume.MutableVolumeSet (MutableVolumeSet.java:initializeVolumeSet(173)) - Added Volume : /home/runner/work/ozone/ozone/hadoop-ozone/integration-test/target/test-dir/MiniOzoneClusterImpl-c3f67427-b36b-4ee4-bde0-91623ce58163/datanode-2/data/ratis to VolumeSet
2023-12-19 18:17:53,160 [main] INFO  ozoneimpl.OzoneContainer (HddsVolumeUtil.java:loadAllHddsVolumeDbStore(103)) - Load 1 volumes DbStore cost: 0ms
2023-12-19 18:17:53,160 [a1d25c87-0c45-4075-9fe0-f0708f172712-ContainerReader-0] INFO  ozoneimpl.ContainerReader (ContainerReader.java:readVolume(177)) - Finish verifying containers on volume /home/runner/work/ozone/ozone/hadoop-ozone/integration-test/target/test-dir/MiniOzoneClusterImpl-c3f67427-b36b-4ee4-bde0-91623ce58163/datanode-2/data-0/containers/hdds
2023-12-19 18:17:53,161 [main] INFO  ozoneimpl.OzoneContainer (OzoneContainer.java:buildContainerSet(326)) - Build ContainerSet costs 0s
2023-12-19 18:17:53,163 [main] INFO  server.RaftServer (ConfUtils.java:logGet(46)) - raft.rpc.type = GRPC (default)
2023-12-19 18:17:53,163 [main] INFO  grpc.GrpcConfigKeys (ConfUtils.java:logFallback(53)) - raft.grpc.admin.host = null (fallback to raft.grpc.server.host)
2023-12-19 18:17:53,164 [main] INFO  grpc.GrpcConfigKeys (ConfUtils.java:logGet(46)) - raft.grpc.admin.port = 15031 (custom)
2023-12-19 18:17:53,164 [main] INFO  grpc.GrpcConfigKeys (ConfUtils.java:logFallback(53)) - raft.grpc.client.host = null (fallback to raft.grpc.server.host)
2023-12-19 18:17:53,164 [main] INFO  grpc.GrpcConfigKeys (ConfUtils.java:logGet(46)) - raft.grpc.client.port = 15030 (custom)
2023-12-19 18:17:53,164 [main] INFO  grpc.GrpcConfigKeys (ConfUtils.java:logGet(46)) - raft.grpc.server.host = null (default)
2023-12-19 18:17:53,164 [main] INFO  grpc.GrpcConfigKeys (ConfUtils.java:logGet(46)) - raft.grpc.server.port = 15032 (custom)
2023-12-19 18:17:53,165 [main] INFO  server.GrpcService (ConfUtils.java:logGet(46)) - raft.grpc.message.size.max = 32MB (=33554432) (custom)
2023-12-19 18:17:53,165 [main] INFO  server.RaftServerConfigKeys (ConfUtils.java:logGet(46)) - raft.server.log.appender.buffer.byte-limit = 8388608 (custom)
2023-12-19 18:17:53,165 [main] INFO  server.GrpcService (ConfUtils.java:logGet(46)) - raft.grpc.flow.control.window = 5MB (=5242880) (custom)
2023-12-19 18:17:53,165 [main] INFO  server.RaftServerConfigKeys (ConfUtils.java:logGet(46)) - raft.server.rpc.request.timeout = 60s (custom)
2023-12-19 18:17:53,165 [main] INFO  grpc.GrpcConfigKeys (ConfUtils.java:logGet(46)) - raft.grpc.server.heartbeat.channel = true (default)
2023-12-19 18:17:53,165 [main] INFO  grpc.GrpcConfigKeys (ConfUtils.java:logGet(46)) - raft.grpc.server.async.request.thread.pool.cached = true (default)
2023-12-19 18:17:53,166 [main] INFO  grpc.GrpcConfigKeys (ConfUtils.java:logGet(46)) - raft.grpc.server.async.request.thread.pool.size = 32 (default)
2023-12-19 18:17:53,167 [main] INFO  impl.DataStreamServerImpl (ConfUtils.java:logGet(46)) - raft.datastream.type = NETTY (custom)
2023-12-19 18:17:53,168 [main] INFO  server.RaftServerConfigKeys (ConfUtils.java:logGet(46)) - raft.server.data-stream.async.request.thread.pool.cached = false (default)
2023-12-19 18:17:53,168 [main] INFO  server.RaftServerConfigKeys (ConfUtils.java:logGet(46)) - raft.server.data-stream.async.request.thread.pool.size = 20 (custom)
2023-12-19 18:17:53,168 [main] INFO  server.RaftServerConfigKeys (ConfUtils.java:logGet(46)) - raft.server.data-stream.async.write.thread.pool.size = 16 (default)
2023-12-19 18:17:53,169 [main] INFO  netty.NettyConfigKeys$DataStream (ConfUtils.java:logGet(46)) - raft.netty.dataStream.server.channel.inactive.grace-period = 10min (default)
2023-12-19 18:17:53,169 [main] INFO  server.RaftServerConfigKeys (ConfUtils.java:logGet(46)) - raft.server.data-stream.client.pool.size = 10 (default)
2023-12-19 18:17:53,169 [main] INFO  netty.NettyConfigKeys$DataStream (ConfUtils.java:logGet(46)) - raft.netty.dataStream.server.use-epoll = true (default)
2023-12-19 18:17:53,169 [main] INFO  netty.NettyConfigKeys$DataStream (ConfUtils.java:logGet(46)) - raft.netty.dataStream.server.boss-group.size = 0 (default)
2023-12-19 18:17:53,169 [main] INFO  netty.NettyUtils (NettyUtils.java:newEventLoopGroup(69)) - Create EpollEventLoopGroup for a1d25c87-0c45-4075-9fe0-f0708f172712-NettyServerStreamRpc-bossGroup; Thread size is 0.
2023-12-19 18:17:53,170 [main] INFO  netty.NettyConfigKeys$DataStream (ConfUtils.java:logGet(46)) - raft.netty.dataStream.server.worker-group.size = 0 (default)
2023-12-19 18:17:53,170 [main] INFO  netty.NettyUtils (NettyUtils.java:newEventLoopGroup(69)) - Create EpollEventLoopGroup for a1d25c87-0c45-4075-9fe0-f0708f172712-NettyServerStreamRpc-workerGroup; Thread size is 0.
2023-12-19 18:17:53,171 [main] INFO  netty.NettyConfigKeys$DataStream (ConfUtils.java:logGet(46)) - raft.netty.dataStream.server.tls.conf = null (default)
2023-12-19 18:17:53,171 [main] INFO  netty.NettyConfigKeys$DataStream (ConfUtils.java:logGet(46)) - raft.netty.dataStream.host = null (default)
2023-12-19 18:17:53,171 [main] INFO  netty.NettyConfigKeys$DataStream (ConfUtils.java:logGet(46)) - raft.netty.dataStream.port = 15033 (custom)
2023-12-19 18:17:53,172 [main] INFO  server.RaftServerConfigKeys (ConfUtils.java:logGet(46)) - raft.server.sleep.deviation.threshold = 300ms (default)
2023-12-19 18:17:53,172 [main] INFO  server.RaftServerConfigKeys (ConfUtils.java:logGet(46)) - raft.server.close.threshold = 60s (default)
2023-12-19 18:17:53,172 [a1d25c87-0c45-4075-9fe0-f0708f172712-NettyServerStreamRpc-bossGroup--thread1] INFO  logging.LoggingHandler (AbstractInternalLogger.java:log(148)) - [id: 0x545d4e31] REGISTERED
2023-12-19 18:17:53,173 [main] INFO  server.RaftServerConfigKeys (ConfUtils.java:logGet(46)) - raft.server.leaderelection.leader.step-down.wait-time = 10s (default)
2023-12-19 18:17:53,173 [a1d25c87-0c45-4075-9fe0-f0708f172712-NettyServerStreamRpc-bossGroup--thread1] INFO  logging.LoggingHandler (AbstractInternalLogger.java:log(148)) - [id: 0x545d4e31] BIND: 0.0.0.0/0.0.0.0:15033
2023-12-19 18:17:53,173 [main] INFO  server.RaftServerConfigKeys (ConfUtils.java:logGet(46)) - raft.server.storage.dir = [/home/runner/work/ozone/ozone/hadoop-ozone/integration-test/target/test-dir/MiniOzoneClusterImpl-c3f67427-b36b-4ee4-bde0-91623ce58163/datanode-2/data/ratis] (custom)
2023-12-19 18:17:53,173 [a1d25c87-0c45-4075-9fe0-f0708f172712-NettyServerStreamRpc-bossGroup--thread1] INFO  logging.LoggingHandler (AbstractInternalLogger.java:log(148)) - [id: 0x545d4e31, L:/0.0.0.0:15033] ACTIVE
2023-12-19 18:17:53,173 [main] INFO  server.RaftServerConfigKeys (ConfUtils.java:logGet(46)) - raft.server.threadpool.proxy.cached = true (default)
2023-12-19 18:17:53,173 [main] INFO  server.RaftServerConfigKeys (ConfUtils.java:logGet(46)) - raft.server.threadpool.proxy.size = 0 (default)
2023-12-19 18:17:53,174 [a1d25c87-0c45-4075-9fe0-f0708f172712-impl-thread1] INFO  server.RaftServer (RaftServerProxy.java:initGroupDir(264)) - a1d25c87-0c45-4075-9fe0-f0708f172712: found a subdirectory /home/runner/work/ozone/ozone/hadoop-ozone/integration-test/target/test-dir/MiniOzoneClusterImpl-c3f67427-b36b-4ee4-bde0-91623ce58163/datanode-2/data/ratis/tmp
2023-12-19 18:17:53,174 [a1d25c87-0c45-4075-9fe0-f0708f172712-impl-thread1] INFO  server.RaftServer (RaftServerProxy.java:initGroupDir(269)) - a1d25c87-0c45-4075-9fe0-f0708f172712: The directory /home/runner/work/ozone/ozone/hadoop-ozone/integration-test/target/test-dir/MiniOzoneClusterImpl-c3f67427-b36b-4ee4-bde0-91623ce58163/datanode-2/data/ratis/tmp is not a group directory; ignoring it. 
2023-12-19 18:17:53,174 [main] INFO  replication.ReplicationServer (ReplicationServer.java:<init>(85)) - Initializing replication server with thread count = 10 queue length = 4096
2023-12-19 18:17:53,175 [main] INFO  server.XceiverServerGrpc (XceiverServerGrpc.java:<init>(141)) - GrpcServer channel type EpollServerSocketChannel
2023-12-19 18:17:53,177 [main] INFO  replication.ReplicationSupervisor (ReplicationSupervisor.java:build(163)) - Initializing replication supervisor with thread count = 10
2023-12-19 18:17:53,177 [main] INFO  replication.ReplicationSupervisor (ReplicationSupervisor.java:nodeStateUpdated(317)) - Node state updated to IN_SERVICE, scaling executor pool size to 10
2023-12-19 18:17:53,180 [main] INFO  http.BaseHttpServer (BaseHttpServer.java:newHttpServer2BuilderForOzone(223)) - Starting Web-server for hddsDatanode at: http://0.0.0.0:15027
2023-12-19 18:17:53,180 [main] INFO  http.BaseHttpServer (BaseHttpServer.java:<init>(110)) - Hadoop Security Enabled: false Ozone Security Enabled: false Ozone HTTP Security Enabled: false 
2023-12-19 18:17:53,181 [main] WARN  server.AuthenticationFilter (AuthenticationFilter.java:constructSecretProvider(240)) - Unable to initialize FileSignerSecretProvider, falling back to use random secrets. Reason: Could not read signature secret file: /home/runner/hadoop-http-auth-signature-secret
2023-12-19 18:17:53,182 [main] INFO  http.HttpRequestLog (HttpRequestLog.java:getRequestLog(86)) - Http request log for http.requests.hddsDatanode is not defined
2023-12-19 18:17:53,183 [main] INFO  http.HttpServer2 (HttpServer2.java:addGlobalFilter(1036)) - Added global filter 'safety' (class=org.apache.hadoop.hdds.server.http.HttpServer2$QuotingInputFilter)
2023-12-19 18:17:53,183 [main] INFO  http.HttpServer2 (HttpServer2.java:addFilter(1012)) - Added filter static_user_filter (class=org.apache.hadoop.http.lib.StaticUserWebFilter$StaticUserFilter) to context hddsDatanode
2023-12-19 18:17:53,183 [main] INFO  http.HttpServer2 (HttpServer2.java:addFilter(1020)) - Added filter static_user_filter (class=org.apache.hadoop.http.lib.StaticUserWebFilter$StaticUserFilter) to context static
2023-12-19 18:17:53,184 [main] INFO  http.HttpServer2 (HttpServer2.java:addFilter(1020)) - Added filter static_user_filter (class=org.apache.hadoop.http.lib.StaticUserWebFilter$StaticUserFilter) to context logs
2023-12-19 18:17:53,184 [main] INFO  http.BaseHttpServer (BaseHttpServer.java:<init>(189)) - HTTP server of hddsDatanode uses base directory /home/runner/work/ozone/ozone/hadoop-ozone/integration-test/target/test-dir/MiniOzoneClusterImpl-c3f67427-b36b-4ee4-bde0-91623ce58163/datanode-2/meta/webserver
2023-12-19 18:17:53,184 [main] INFO  http.HttpServer2 (HttpServer2.java:bindListener(1236)) - Jetty bound to port 15027
2023-12-19 18:17:53,185 [main] INFO  server.Server (Server.java:doStart(375)) - jetty-9.4.53.v20231009; built: 2023-10-09T12:29:09.265Z; git: 27bde00a0b95a1d5bbee0eae7984f891d2d0f8c9; jvm 1.8.0_392-b08
2023-12-19 18:17:53,186 [main] INFO  server.session (DefaultSessionIdManager.java:doStart(334)) - DefaultSessionIdManager workerName=node0
2023-12-19 18:17:53,186 [main] INFO  server.session (DefaultSessionIdManager.java:doStart(339)) - No SessionScavenger set, using defaults
2023-12-19 18:17:53,186 [main] INFO  server.session (HouseKeeper.java:startScavenging(132)) - node0 Scavenging every 660000ms
2023-12-19 18:17:53,187 [main] INFO  handler.ContextHandler (ContextHandler.java:doStart(921)) - Started o.e.j.s.ServletContextHandler@497be287{logs,/logs,file:///home/runner/work/ozone/ozone/hadoop-ozone/integration-test/target/log,AVAILABLE}
2023-12-19 18:17:53,187 [main] INFO  handler.ContextHandler (ContextHandler.java:doStart(921)) - Started o.e.j.s.ServletContextHandler@7687345c{static,/static,jar:file:/home/runner/.m2/repository/org/apache/ozone/hdds-container-service/1.5.0-SNAPSHOT/hdds-container-service-1.5.0-SNAPSHOT.jar!/webapps/static,AVAILABLE}
2023-12-19 18:17:53,224 [main] INFO  handler.ContextHandler (ContextHandler.java:doStart(921)) - Started o.e.j.w.WebAppContext@4e1e8e61{hddsDatanode,/,file:///home/runner/work/ozone/ozone/hadoop-ozone/integration-test/target/test-dir/MiniOzoneClusterImpl-c3f67427-b36b-4ee4-bde0-91623ce58163/datanode-2/meta/webserver/jetty-0_0_0_0-15027-hdds-container-service-1_5_0-SNAPSHOT_jar-_-any-7796410973482869845/webapp/,AVAILABLE}{jar:file:/home/runner/.m2/repository/org/apache/ozone/hdds-container-service/1.5.0-SNAPSHOT/hdds-container-service-1.5.0-SNAPSHOT.jar!/webapps/hddsDatanode}
2023-12-19 18:17:53,225 [main] INFO  server.AbstractConnector (AbstractConnector.java:doStart(333)) - Started ServerConnector@6aef0401{HTTP/1.1, (http/1.1)}{0.0.0.0:15027}
2023-12-19 18:17:53,226 [main] INFO  server.Server (Server.java:doStart(415)) - Started @7646ms
2023-12-19 18:17:53,226 [main] WARN  impl.MetricsSystemImpl (MetricsSystemImpl.java:register(279)) - Sink prometheus already exists!
2023-12-19 18:17:53,227 [main] INFO  http.BaseHttpServer (BaseHttpServer.java:updateConnectorAddress(354)) - HTTP server of hddsDatanode listening at http://0.0.0.0:15027
2023-12-19 18:17:53,227 [main] INFO  ipc.CallQueueManager (CallQueueManager.java:<init>(90)) - Using callQueue: class java.util.concurrent.LinkedBlockingQueue, queueCapacity: 100, scheduler: class org.apache.hadoop.ipc.DefaultRpcScheduler, ipcBackoff: false.
2023-12-19 18:17:53,227 [main] INFO  ipc.Server (Server.java:<init>(1287)) - Listener at 0.0.0.0:15028
2023-12-19 18:17:53,228 [Socket Reader #1 for port 15028] INFO  ipc.Server (Server.java:run(1323)) - Starting Socket Reader #1 for port 15028
2023-12-19 18:17:53,230 [main] INFO  ozone.HddsDatanodeService (HddsDatanodeService.java:start(324)) - Datanode start with admins: [runner]
2023-12-19 18:17:53,231 [main] INFO  ozone.HddsDatanodeClientProtocolServer (HddsDatanodeClientProtocolServer.java:start(72)) - RPC server for Client /0.0.0.0:15028
2023-12-19 18:17:53,231 [IPC Server Responder] INFO  ipc.Server (Server.java:run(1562)) - IPC Server Responder: starting
2023-12-19 18:17:53,232 [IPC Server listener on 15028] INFO  ipc.Server (Server.java:run(1402)) - IPC Server listener on 15028: starting
2023-12-19 18:17:53,232 [a1d25c87-0c45-4075-9fe0-f0708f172712-DatanodeStateMachineDaemonThread] INFO  statemachine.DatanodeStateMachine (DatanodeStateMachine.java:lambda$startDaemon$1(555)) - Ozone container server started.
2023-12-19 18:17:53,233 [main] WARN  dropwizard3.Dm3MetricRegistriesImpl (Dm3MetricRegistriesImpl.java:addReporterRegistration(113)) - New reporters are added after registries were created. Some metrics will be missing from the reporter. Please add reporter before adding any new registry.
2023-12-19 18:17:53,233 [main] WARN  dropwizard3.Dm3MetricRegistriesImpl (Dm3MetricRegistriesImpl.java:addReporterRegistration(113)) - New reporters are added after registries were created. Some metrics will be missing from the reporter. Please add reporter before adding any new registry.
2023-12-19 18:17:53,233 [main] INFO  impl.MetricsSystemImpl (MetricsSystemImpl.java:init(158)) - HddsDatanode metrics system started (again)
2023-12-19 18:17:53,243 [a1d25c87-0c45-4075-9fe0-f0708f172712-DatanodeStateMachineTaskThread-0] INFO  datanode.InitDatanodeState (InitDatanodeState.java:persistContainerDatanodeDetails(139)) - DatanodeDetails is persisted to /home/runner/work/ozone/ozone/hadoop-ozone/integration-test/target/test-dir/MiniOzoneClusterImpl-c3f67427-b36b-4ee4-bde0-91623ce58163/datanode-2/meta/datanode.id
2023-12-19 18:17:53,244 [main] INFO  ozone.HddsDatanodeService (HddsDatanodeService.java:start(239)) - HddsDatanodeService host:fv-az1381-513.cyf22sgur2jupkghqkt4lwlvwe.cx.internal.cloudapp.net ip:10.1.0.19
2023-12-19 18:17:53,267 [main] INFO  upgrade.AbstractLayoutVersionManager (AbstractLayoutVersionManager.java:init(83)) - Initializing Layout version manager with metadata layout = HADOOP_PRC_PORTS_IN_DATANODEDETAILS (version = 7), software layout = HADOOP_PRC_PORTS_IN_DATANODEDETAILS (version = 7)
2023-12-19 18:17:53,268 [main] INFO  statemachine.DatanodeStateMachine (DatanodeStateMachine.java:getEndPointTaskThreadPoolSize(299)) - Datanode State Machine Task Thread Pool size 2
2023-12-19 18:17:53,270 [main] INFO  volume.HddsVolume (HddsVolume.java:<init>(126)) - Creating HddsVolume: /home/runner/work/ozone/ozone/hadoop-ozone/integration-test/target/test-dir/MiniOzoneClusterImpl-c3f67427-b36b-4ee4-bde0-91623ce58163/datanode-3/data-0/containers/hdds of storage type : DISK capacity : 9223372036854775807
2023-12-19 18:17:53,271 [main] INFO  volume.MutableVolumeSet (MutableVolumeSet.java:initializeVolumeSet(173)) - Added Volume : /home/runner/work/ozone/ozone/hadoop-ozone/integration-test/target/test-dir/MiniOzoneClusterImpl-c3f67427-b36b-4ee4-bde0-91623ce58163/datanode-3/data-0/containers/hdds to VolumeSet
2023-12-19 18:17:53,272 [main] INFO  volume.MutableVolumeSet (MutableVolumeSet.java:initializeVolumeSet(173)) - Added Volume : /home/runner/work/ozone/ozone/hadoop-ozone/integration-test/target/test-dir/MiniOzoneClusterImpl-c3f67427-b36b-4ee4-bde0-91623ce58163/datanode-3/data/ratis to VolumeSet
2023-12-19 18:17:53,273 [main] INFO  ozoneimpl.OzoneContainer (HddsVolumeUtil.java:loadAllHddsVolumeDbStore(103)) - Load 1 volumes DbStore cost: 0ms
2023-12-19 18:17:53,273 [244ca980-f87d-4e1f-bf92-41859c631eea-ContainerReader-0] INFO  ozoneimpl.ContainerReader (ContainerReader.java:readVolume(177)) - Finish verifying containers on volume /home/runner/work/ozone/ozone/hadoop-ozone/integration-test/target/test-dir/MiniOzoneClusterImpl-c3f67427-b36b-4ee4-bde0-91623ce58163/datanode-3/data-0/containers/hdds
2023-12-19 18:17:53,274 [main] INFO  ozoneimpl.OzoneContainer (OzoneContainer.java:buildContainerSet(326)) - Build ContainerSet costs 0s
2023-12-19 18:17:53,278 [main] INFO  server.RaftServer (ConfUtils.java:logGet(46)) - raft.rpc.type = GRPC (default)
2023-12-19 18:17:53,278 [main] INFO  grpc.GrpcConfigKeys (ConfUtils.java:logFallback(53)) - raft.grpc.admin.host = null (fallback to raft.grpc.server.host)
2023-12-19 18:17:53,278 [main] INFO  grpc.GrpcConfigKeys (ConfUtils.java:logGet(46)) - raft.grpc.admin.port = 15040 (custom)
2023-12-19 18:17:53,279 [main] INFO  grpc.GrpcConfigKeys (ConfUtils.java:logFallback(53)) - raft.grpc.client.host = null (fallback to raft.grpc.server.host)
2023-12-19 18:17:53,279 [main] INFO  grpc.GrpcConfigKeys (ConfUtils.java:logGet(46)) - raft.grpc.client.port = 15039 (custom)
2023-12-19 18:17:53,279 [main] INFO  grpc.GrpcConfigKeys (ConfUtils.java:logGet(46)) - raft.grpc.server.host = null (default)
2023-12-19 18:17:53,279 [main] INFO  grpc.GrpcConfigKeys (ConfUtils.java:logGet(46)) - raft.grpc.server.port = 15041 (custom)
2023-12-19 18:17:53,280 [main] INFO  server.GrpcService (ConfUtils.java:logGet(46)) - raft.grpc.message.size.max = 32MB (=33554432) (custom)
2023-12-19 18:17:53,280 [main] INFO  server.RaftServerConfigKeys (ConfUtils.java:logGet(46)) - raft.server.log.appender.buffer.byte-limit = 8388608 (custom)
2023-12-19 18:17:53,280 [main] INFO  server.GrpcService (ConfUtils.java:logGet(46)) - raft.grpc.flow.control.window = 5MB (=5242880) (custom)
2023-12-19 18:17:53,280 [main] INFO  server.RaftServerConfigKeys (ConfUtils.java:logGet(46)) - raft.server.rpc.request.timeout = 60s (custom)
2023-12-19 18:17:53,281 [main] INFO  grpc.GrpcConfigKeys (ConfUtils.java:logGet(46)) - raft.grpc.server.heartbeat.channel = true (default)
2023-12-19 18:17:53,281 [main] INFO  grpc.GrpcConfigKeys (ConfUtils.java:logGet(46)) - raft.grpc.server.async.request.thread.pool.cached = true (default)
2023-12-19 18:17:53,281 [main] INFO  grpc.GrpcConfigKeys (ConfUtils.java:logGet(46)) - raft.grpc.server.async.request.thread.pool.size = 32 (default)
2023-12-19 18:17:53,284 [main] INFO  impl.DataStreamServerImpl (ConfUtils.java:logGet(46)) - raft.datastream.type = NETTY (custom)
2023-12-19 18:17:53,284 [main] INFO  server.RaftServerConfigKeys (ConfUtils.java:logGet(46)) - raft.server.data-stream.async.request.thread.pool.cached = false (default)
2023-12-19 18:17:53,285 [main] INFO  server.RaftServerConfigKeys (ConfUtils.java:logGet(46)) - raft.server.data-stream.async.request.thread.pool.size = 20 (custom)
2023-12-19 18:17:53,285 [main] INFO  server.RaftServerConfigKeys (ConfUtils.java:logGet(46)) - raft.server.data-stream.async.write.thread.pool.size = 16 (default)
2023-12-19 18:17:53,285 [main] INFO  netty.NettyConfigKeys$DataStream (ConfUtils.java:logGet(46)) - raft.netty.dataStream.server.channel.inactive.grace-period = 10min (default)
2023-12-19 18:17:53,285 [main] INFO  server.RaftServerConfigKeys (ConfUtils.java:logGet(46)) - raft.server.data-stream.client.pool.size = 10 (default)
2023-12-19 18:17:53,286 [main] INFO  netty.NettyConfigKeys$DataStream (ConfUtils.java:logGet(46)) - raft.netty.dataStream.server.use-epoll = true (default)
2023-12-19 18:17:53,286 [main] INFO  netty.NettyConfigKeys$DataStream (ConfUtils.java:logGet(46)) - raft.netty.dataStream.server.boss-group.size = 0 (default)
2023-12-19 18:17:53,286 [main] INFO  netty.NettyUtils (NettyUtils.java:newEventLoopGroup(69)) - Create EpollEventLoopGroup for 244ca980-f87d-4e1f-bf92-41859c631eea-NettyServerStreamRpc-bossGroup; Thread size is 0.
2023-12-19 18:17:53,287 [main] INFO  netty.NettyConfigKeys$DataStream (ConfUtils.java:logGet(46)) - raft.netty.dataStream.server.worker-group.size = 0 (default)
2023-12-19 18:17:53,287 [main] INFO  netty.NettyUtils (NettyUtils.java:newEventLoopGroup(69)) - Create EpollEventLoopGroup for 244ca980-f87d-4e1f-bf92-41859c631eea-NettyServerStreamRpc-workerGroup; Thread size is 0.
2023-12-19 18:17:53,288 [main] INFO  netty.NettyConfigKeys$DataStream (ConfUtils.java:logGet(46)) - raft.netty.dataStream.server.tls.conf = null (default)
2023-12-19 18:17:53,288 [main] INFO  netty.NettyConfigKeys$DataStream (ConfUtils.java:logGet(46)) - raft.netty.dataStream.host = null (default)
2023-12-19 18:17:53,288 [main] INFO  netty.NettyConfigKeys$DataStream (ConfUtils.java:logGet(46)) - raft.netty.dataStream.port = 15042 (custom)
2023-12-19 18:17:53,289 [main] INFO  server.RaftServerConfigKeys (ConfUtils.java:logGet(46)) - raft.server.sleep.deviation.threshold = 300ms (default)
2023-12-19 18:17:53,289 [main] INFO  server.RaftServerConfigKeys (ConfUtils.java:logGet(46)) - raft.server.close.threshold = 60s (default)
2023-12-19 18:17:53,290 [244ca980-f87d-4e1f-bf92-41859c631eea-NettyServerStreamRpc-bossGroup--thread1] INFO  logging.LoggingHandler (AbstractInternalLogger.java:log(148)) - [id: 0x1ae7a9dd] REGISTERED
2023-12-19 18:17:53,290 [main] INFO  server.RaftServerConfigKeys (ConfUtils.java:logGet(46)) - raft.server.leaderelection.leader.step-down.wait-time = 10s (default)
2023-12-19 18:17:53,291 [main] INFO  server.RaftServerConfigKeys (ConfUtils.java:logGet(46)) - raft.server.storage.dir = [/home/runner/work/ozone/ozone/hadoop-ozone/integration-test/target/test-dir/MiniOzoneClusterImpl-c3f67427-b36b-4ee4-bde0-91623ce58163/datanode-3/data/ratis] (custom)
2023-12-19 18:17:53,291 [244ca980-f87d-4e1f-bf92-41859c631eea-NettyServerStreamRpc-bossGroup--thread1] INFO  logging.LoggingHandler (AbstractInternalLogger.java:log(148)) - [id: 0x1ae7a9dd] BIND: 0.0.0.0/0.0.0.0:15042
2023-12-19 18:17:53,291 [main] INFO  server.RaftServerConfigKeys (ConfUtils.java:logGet(46)) - raft.server.threadpool.proxy.cached = true (default)
2023-12-19 18:17:53,291 [244ca980-f87d-4e1f-bf92-41859c631eea-NettyServerStreamRpc-bossGroup--thread1] INFO  logging.LoggingHandler (AbstractInternalLogger.java:log(148)) - [id: 0x1ae7a9dd, L:/0.0.0.0:15042] ACTIVE
2023-12-19 18:17:53,291 [main] INFO  server.RaftServerConfigKeys (ConfUtils.java:logGet(46)) - raft.server.threadpool.proxy.size = 0 (default)
2023-12-19 18:17:53,292 [244ca980-f87d-4e1f-bf92-41859c631eea-impl-thread1] INFO  server.RaftServer (RaftServerProxy.java:initGroupDir(264)) - 244ca980-f87d-4e1f-bf92-41859c631eea: found a subdirectory /home/runner/work/ozone/ozone/hadoop-ozone/integration-test/target/test-dir/MiniOzoneClusterImpl-c3f67427-b36b-4ee4-bde0-91623ce58163/datanode-3/data/ratis/tmp
2023-12-19 18:17:53,292 [244ca980-f87d-4e1f-bf92-41859c631eea-impl-thread1] INFO  server.RaftServer (RaftServerProxy.java:initGroupDir(269)) - 244ca980-f87d-4e1f-bf92-41859c631eea: The directory /home/runner/work/ozone/ozone/hadoop-ozone/integration-test/target/test-dir/MiniOzoneClusterImpl-c3f67427-b36b-4ee4-bde0-91623ce58163/datanode-3/data/ratis/tmp is not a group directory; ignoring it. 
2023-12-19 18:17:53,293 [main] INFO  replication.ReplicationServer (ReplicationServer.java:<init>(85)) - Initializing replication server with thread count = 10 queue length = 4096
2023-12-19 18:17:53,295 [main] INFO  server.XceiverServerGrpc (XceiverServerGrpc.java:<init>(141)) - GrpcServer channel type EpollServerSocketChannel
2023-12-19 18:17:53,298 [main] INFO  replication.ReplicationSupervisor (ReplicationSupervisor.java:build(163)) - Initializing replication supervisor with thread count = 10
2023-12-19 18:17:53,299 [main] INFO  replication.ReplicationSupervisor (ReplicationSupervisor.java:nodeStateUpdated(317)) - Node state updated to IN_SERVICE, scaling executor pool size to 10
2023-12-19 18:17:53,302 [main] INFO  http.BaseHttpServer (BaseHttpServer.java:newHttpServer2BuilderForOzone(223)) - Starting Web-server for hddsDatanode at: http://0.0.0.0:15036
2023-12-19 18:17:53,302 [main] INFO  http.BaseHttpServer (BaseHttpServer.java:<init>(110)) - Hadoop Security Enabled: false Ozone Security Enabled: false Ozone HTTP Security Enabled: false 
2023-12-19 18:17:53,304 [main] WARN  server.AuthenticationFilter (AuthenticationFilter.java:constructSecretProvider(240)) - Unable to initialize FileSignerSecretProvider, falling back to use random secrets. Reason: Could not read signature secret file: /home/runner/hadoop-http-auth-signature-secret
2023-12-19 18:17:53,304 [main] INFO  http.HttpRequestLog (HttpRequestLog.java:getRequestLog(86)) - Http request log for http.requests.hddsDatanode is not defined
2023-12-19 18:17:53,306 [main] INFO  http.HttpServer2 (HttpServer2.java:addGlobalFilter(1036)) - Added global filter 'safety' (class=org.apache.hadoop.hdds.server.http.HttpServer2$QuotingInputFilter)
2023-12-19 18:17:53,307 [main] INFO  http.HttpServer2 (HttpServer2.java:addFilter(1012)) - Added filter static_user_filter (class=org.apache.hadoop.http.lib.StaticUserWebFilter$StaticUserFilter) to context hddsDatanode
2023-12-19 18:17:53,307 [main] INFO  http.HttpServer2 (HttpServer2.java:addFilter(1020)) - Added filter static_user_filter (class=org.apache.hadoop.http.lib.StaticUserWebFilter$StaticUserFilter) to context logs
2023-12-19 18:17:53,308 [main] INFO  http.HttpServer2 (HttpServer2.java:addFilter(1020)) - Added filter static_user_filter (class=org.apache.hadoop.http.lib.StaticUserWebFilter$StaticUserFilter) to context static
2023-12-19 18:17:53,309 [main] INFO  http.BaseHttpServer (BaseHttpServer.java:<init>(189)) - HTTP server of hddsDatanode uses base directory /home/runner/work/ozone/ozone/hadoop-ozone/integration-test/target/test-dir/MiniOzoneClusterImpl-c3f67427-b36b-4ee4-bde0-91623ce58163/datanode-3/meta/webserver
2023-12-19 18:17:53,309 [main] INFO  http.HttpServer2 (HttpServer2.java:bindListener(1236)) - Jetty bound to port 15036
2023-12-19 18:17:53,310 [main] INFO  server.Server (Server.java:doStart(375)) - jetty-9.4.53.v20231009; built: 2023-10-09T12:29:09.265Z; git: 27bde00a0b95a1d5bbee0eae7984f891d2d0f8c9; jvm 1.8.0_392-b08
2023-12-19 18:17:53,312 [main] INFO  server.session (DefaultSessionIdManager.java:doStart(334)) - DefaultSessionIdManager workerName=node0
2023-12-19 18:17:53,312 [main] INFO  server.session (DefaultSessionIdManager.java:doStart(339)) - No SessionScavenger set, using defaults
2023-12-19 18:17:53,313 [main] INFO  server.session (HouseKeeper.java:startScavenging(132)) - node0 Scavenging every 600000ms
2023-12-19 18:17:53,314 [main] INFO  handler.ContextHandler (ContextHandler.java:doStart(921)) - Started o.e.j.s.ServletContextHandler@5b343fc0{logs,/logs,file:///home/runner/work/ozone/ozone/hadoop-ozone/integration-test/target/log,AVAILABLE}
2023-12-19 18:17:53,315 [main] INFO  handler.ContextHandler (ContextHandler.java:doStart(921)) - Started o.e.j.s.ServletContextHandler@2b80cd8f{static,/static,jar:file:/home/runner/.m2/repository/org/apache/ozone/hdds-container-service/1.5.0-SNAPSHOT/hdds-container-service-1.5.0-SNAPSHOT.jar!/webapps/static,AVAILABLE}
2023-12-19 18:17:53,353 [main] INFO  handler.ContextHandler (ContextHandler.java:doStart(921)) - Started o.e.j.w.WebAppContext@2941fab3{hddsDatanode,/,file:///home/runner/work/ozone/ozone/hadoop-ozone/integration-test/target/test-dir/MiniOzoneClusterImpl-c3f67427-b36b-4ee4-bde0-91623ce58163/datanode-3/meta/webserver/jetty-0_0_0_0-15036-hdds-container-service-1_5_0-SNAPSHOT_jar-_-any-172096847796019624/webapp/,AVAILABLE}{jar:file:/home/runner/.m2/repository/org/apache/ozone/hdds-container-service/1.5.0-SNAPSHOT/hdds-container-service-1.5.0-SNAPSHOT.jar!/webapps/hddsDatanode}
2023-12-19 18:17:53,354 [main] INFO  server.AbstractConnector (AbstractConnector.java:doStart(333)) - Started ServerConnector@363679a{HTTP/1.1, (http/1.1)}{0.0.0.0:15036}
2023-12-19 18:17:53,354 [main] INFO  server.Server (Server.java:doStart(415)) - Started @7775ms
2023-12-19 18:17:53,354 [main] WARN  impl.MetricsSystemImpl (MetricsSystemImpl.java:register(279)) - Sink prometheus already exists!
2023-12-19 18:17:53,355 [main] INFO  http.BaseHttpServer (BaseHttpServer.java:updateConnectorAddress(354)) - HTTP server of hddsDatanode listening at http://0.0.0.0:15036
2023-12-19 18:17:53,355 [main] INFO  ipc.CallQueueManager (CallQueueManager.java:<init>(90)) - Using callQueue: class java.util.concurrent.LinkedBlockingQueue, queueCapacity: 100, scheduler: class org.apache.hadoop.ipc.DefaultRpcScheduler, ipcBackoff: false.
2023-12-19 18:17:53,356 [main] INFO  ipc.Server (Server.java:<init>(1287)) - Listener at 0.0.0.0:15037
2023-12-19 18:17:53,356 [Socket Reader #1 for port 15037] INFO  ipc.Server (Server.java:run(1323)) - Starting Socket Reader #1 for port 15037
2023-12-19 18:17:53,358 [main] INFO  ozone.HddsDatanodeService (HddsDatanodeService.java:start(324)) - Datanode start with admins: [runner]
2023-12-19 18:17:53,358 [main] INFO  ozone.HddsDatanodeClientProtocolServer (HddsDatanodeClientProtocolServer.java:start(72)) - RPC server for Client /0.0.0.0:15037
2023-12-19 18:17:53,358 [IPC Server Responder] INFO  ipc.Server (Server.java:run(1562)) - IPC Server Responder: starting
2023-12-19 18:17:53,359 [IPC Server listener on 15037] INFO  ipc.Server (Server.java:run(1402)) - IPC Server listener on 15037: starting
2023-12-19 18:17:53,367 [244ca980-f87d-4e1f-bf92-41859c631eea-DatanodeStateMachineDaemonThread] INFO  statemachine.DatanodeStateMachine (DatanodeStateMachine.java:lambda$startDaemon$1(555)) - Ozone container server started.
2023-12-19 18:17:53,367 [main] WARN  dropwizard3.Dm3MetricRegistriesImpl (Dm3MetricRegistriesImpl.java:addReporterRegistration(113)) - New reporters are added after registries were created. Some metrics will be missing from the reporter. Please add reporter before adding any new registry.
2023-12-19 18:17:53,368 [main] WARN  dropwizard3.Dm3MetricRegistriesImpl (Dm3MetricRegistriesImpl.java:addReporterRegistration(113)) - New reporters are added after registries were created. Some metrics will be missing from the reporter. Please add reporter before adding any new registry.
2023-12-19 18:17:53,369 [main] INFO  impl.MetricsSystemImpl (MetricsSystemImpl.java:init(158)) - HddsDatanode metrics system started (again)
2023-12-19 18:17:53,370 [om1@group-C5BA1605619E-FollowerState] INFO  impl.FollowerState (FollowerState.java:run(143)) - om1@group-C5BA1605619E-FollowerState: change to CANDIDATE, lastRpcElapsedTime:1135334756ns, electionTimeout:1130ms
2023-12-19 18:17:53,370 [om1@group-C5BA1605619E-FollowerState] INFO  impl.RoleInfo (RoleInfo.java:shutdownFollowerState(110)) - om1: shutdown om1@group-C5BA1605619E-FollowerState
2023-12-19 18:17:53,379 [om1@group-C5BA1605619E-FollowerState] INFO  server.RaftServer$Division (RaftServerImpl.java:setRole(379)) - om1@group-C5BA1605619E: changes role from  FOLLOWER to CANDIDATE at term 0 for changeToCandidate
2023-12-19 18:17:53,382 [om1@group-C5BA1605619E-FollowerState] INFO  server.RaftServerConfigKeys (ConfUtils.java:logGet(46)) - raft.server.leaderelection.pre-vote = true (default)
2023-12-19 18:17:53,382 [om1@group-C5BA1605619E-FollowerState] INFO  impl.RoleInfo (RoleInfo.java:updateAndGet(139)) - om1: start om1@group-C5BA1605619E-LeaderElection1
2023-12-19 18:17:53,382 [main] INFO  ozone.HddsDatanodeService (HddsDatanodeService.java:start(239)) - HddsDatanodeService host:fv-az1381-513.cyf22sgur2jupkghqkt4lwlvwe.cx.internal.cloudapp.net ip:10.1.0.19
2023-12-19 18:17:53,388 [244ca980-f87d-4e1f-bf92-41859c631eea-DatanodeStateMachineTaskThread-0] INFO  datanode.InitDatanodeState (InitDatanodeState.java:persistContainerDatanodeDetails(139)) - DatanodeDetails is persisted to /home/runner/work/ozone/ozone/hadoop-ozone/integration-test/target/test-dir/MiniOzoneClusterImpl-c3f67427-b36b-4ee4-bde0-91623ce58163/datanode-3/meta/datanode.id
2023-12-19 18:17:53,396 [om1@group-C5BA1605619E-LeaderElection1] INFO  impl.LeaderElection (LeaderElection.java:askForVotes(323)) - om1@group-C5BA1605619E-LeaderElection1 PRE_VOTE round 0: submit vote requests at term 0 for -1: peers:[om1|localhost:15007]|listeners:[], old=null
2023-12-19 18:17:53,397 [om1@group-C5BA1605619E-LeaderElection1] INFO  impl.LeaderElection (LeaderElection.java:askForVotes(325)) - om1@group-C5BA1605619E-LeaderElection1 PRE_VOTE round 0: result PASSED (term=0)
2023-12-19 18:17:53,399 [om1@group-C5BA1605619E-LeaderElection1] INFO  impl.LeaderElection (LeaderElection.java:askForVotes(323)) - om1@group-C5BA1605619E-LeaderElection1 ELECTION round 0: submit vote requests at term 1 for -1: peers:[om1|localhost:15007]|listeners:[], old=null
2023-12-19 18:17:53,399 [om1@group-C5BA1605619E-LeaderElection1] INFO  impl.LeaderElection (LeaderElection.java:askForVotes(325)) - om1@group-C5BA1605619E-LeaderElection1 ELECTION round 0: result PASSED (term=1)
2023-12-19 18:17:53,399 [om1@group-C5BA1605619E-LeaderElection1] INFO  impl.RoleInfo (RoleInfo.java:shutdownLeaderElection(130)) - om1: shutdown om1@group-C5BA1605619E-LeaderElection1
2023-12-19 18:17:53,399 [om1@group-C5BA1605619E-LeaderElection1] INFO  server.RaftServer$Division (RaftServerImpl.java:setRole(379)) - om1@group-C5BA1605619E: changes role from CANDIDATE to LEADER at term 1 for changeToLeader
2023-12-19 18:17:53,406 [om1@group-C5BA1605619E-LeaderElection1] INFO  server.RaftServerConfigKeys (ConfUtils.java:logGet(46)) - raft.server.staging.catchup.gap = 1000 (default)
2023-12-19 18:17:53,410 [om1@group-C5BA1605619E-LeaderElection1] INFO  server.RaftServerConfigKeys (ConfUtils.java:logGet(46)) - raft.server.write.element-limit = 4096 (default)
2023-12-19 18:17:53,410 [om1@group-C5BA1605619E-LeaderElection1] INFO  server.RaftServerConfigKeys (ConfUtils.java:logGet(46)) - raft.server.write.byte-limit = 64MB (=67108864) (default)
2023-12-19 18:17:53,413 [om1@group-C5BA1605619E-LeaderElection1] INFO  server.RaftServerConfigKeys (ConfUtils.java:logGet(46)) - raft.server.watch.timeout = 10s (default)
2023-12-19 18:17:53,413 [om1@group-C5BA1605619E-LeaderElection1] INFO  server.RaftServerConfigKeys (ConfUtils.java:logGet(46)) - raft.server.watch.timeout.denomination = 1s (default)
2023-12-19 18:17:53,413 [om1@group-C5BA1605619E-LeaderElection1] INFO  server.RaftServerConfigKeys (ConfUtils.java:logGet(46)) - raft.server.watch.element-limit = 65536 (default)
2023-12-19 18:17:53,417 [main] INFO  upgrade.AbstractLayoutVersionManager (AbstractLayoutVersionManager.java:init(83)) - Initializing Layout version manager with metadata layout = HADOOP_PRC_PORTS_IN_DATANODEDETAILS (version = 7), software layout = HADOOP_PRC_PORTS_IN_DATANODEDETAILS (version = 7)
2023-12-19 18:17:53,417 [om1@group-C5BA1605619E-LeaderElection1] INFO  server.RaftServerConfigKeys (ConfUtils.java:logGet(46)) - raft.server.read.leader.lease.enabled = false (default)
2023-12-19 18:17:53,418 [main] INFO  statemachine.DatanodeStateMachine (DatanodeStateMachine.java:getEndPointTaskThreadPoolSize(299)) - Datanode State Machine Task Thread Pool size 2
2023-12-19 18:17:53,419 [om1@group-C5BA1605619E-LeaderElection1] INFO  server.RaftServerConfigKeys (ConfUtils.java:logGet(46)) - raft.server.read.leader.lease.timeout.ratio = 0.9 (default)
2023-12-19 18:17:53,419 [om1@group-C5BA1605619E-LeaderElection1] INFO  server.RaftServerConfigKeys (ConfUtils.java:logGet(46)) - raft.server.rpc.timeout.min = 1s (custom)
2023-12-19 18:17:53,419 [om1@group-C5BA1605619E-LeaderElection1] INFO  server.RaftServerConfigKeys (ConfUtils.java:logGet(46)) - raft.server.write.element-limit = 4096 (default)
2023-12-19 18:17:53,420 [om1@group-C5BA1605619E-LeaderElection1] INFO  server.RaftServerConfigKeys (ConfUtils.java:logGet(46)) - raft.server.write.follower.gap.ratio.max = -1.0 (default)
2023-12-19 18:17:53,421 [om1@group-C5BA1605619E-LeaderElection1] INFO  impl.RoleInfo (RoleInfo.java:updateAndGet(139)) - om1: start om1@group-C5BA1605619E-LeaderStateImpl
2023-12-19 18:17:53,422 [om1@group-C5BA1605619E-LeaderElection1] INFO  server.RaftServer$Division (RaftServerImpl.java:setFirstElection(564)) - om1@group-C5BA1605619E: set firstElectionSinceStartup to false for becomeLeader
2023-12-19 18:17:53,422 [main] INFO  volume.HddsVolume (HddsVolume.java:<init>(126)) - Creating HddsVolume: /home/runner/work/ozone/ozone/hadoop-ozone/integration-test/target/test-dir/MiniOzoneClusterImpl-c3f67427-b36b-4ee4-bde0-91623ce58163/datanode-4/data-0/containers/hdds of storage type : DISK capacity : 9223372036854775807
2023-12-19 18:17:53,422 [main] INFO  volume.MutableVolumeSet (MutableVolumeSet.java:initializeVolumeSet(173)) - Added Volume : /home/runner/work/ozone/ozone/hadoop-ozone/integration-test/target/test-dir/MiniOzoneClusterImpl-c3f67427-b36b-4ee4-bde0-91623ce58163/datanode-4/data-0/containers/hdds to VolumeSet
2023-12-19 18:17:53,423 [om1@group-C5BA1605619E-LeaderElection1] INFO  server.RaftServer$Division (ServerState.java:setLeader(265)) - om1@group-C5BA1605619E: change Leader from null to om1 at term 1 for becomeLeader, leader elected after 1843ms
2023-12-19 18:17:53,424 [main] INFO  volume.MutableVolumeSet (MutableVolumeSet.java:initializeVolumeSet(173)) - Added Volume : /home/runner/work/ozone/ozone/hadoop-ozone/integration-test/target/test-dir/MiniOzoneClusterImpl-c3f67427-b36b-4ee4-bde0-91623ce58163/datanode-4/data/ratis to VolumeSet
2023-12-19 18:17:53,424 [main] INFO  ozoneimpl.OzoneContainer (HddsVolumeUtil.java:loadAllHddsVolumeDbStore(103)) - Load 1 volumes DbStore cost: 0ms
2023-12-19 18:17:53,428 [b44d76fe-ddfd-47c8-8f4d-0e79dfcb9ca5-ContainerReader-0] INFO  ozoneimpl.ContainerReader (ContainerReader.java:readVolume(177)) - Finish verifying containers on volume /home/runner/work/ozone/ozone/hadoop-ozone/integration-test/target/test-dir/MiniOzoneClusterImpl-c3f67427-b36b-4ee4-bde0-91623ce58163/datanode-4/data-0/containers/hdds
2023-12-19 18:17:53,428 [main] INFO  ozoneimpl.OzoneContainer (OzoneContainer.java:buildContainerSet(326)) - Build ContainerSet costs 0s
2023-12-19 18:17:53,431 [main] INFO  server.RaftServer (ConfUtils.java:logGet(46)) - raft.rpc.type = GRPC (default)
2023-12-19 18:17:53,432 [main] INFO  grpc.GrpcConfigKeys (ConfUtils.java:logFallback(53)) - raft.grpc.admin.host = null (fallback to raft.grpc.server.host)
2023-12-19 18:17:53,432 [main] INFO  grpc.GrpcConfigKeys (ConfUtils.java:logGet(46)) - raft.grpc.admin.port = 15049 (custom)
2023-12-19 18:17:53,432 [main] INFO  grpc.GrpcConfigKeys (ConfUtils.java:logFallback(53)) - raft.grpc.client.host = null (fallback to raft.grpc.server.host)
2023-12-19 18:17:53,433 [main] INFO  grpc.GrpcConfigKeys (ConfUtils.java:logGet(46)) - raft.grpc.client.port = 15048 (custom)
2023-12-19 18:17:53,433 [main] INFO  grpc.GrpcConfigKeys (ConfUtils.java:logGet(46)) - raft.grpc.server.host = null (default)
2023-12-19 18:17:53,433 [main] INFO  grpc.GrpcConfigKeys (ConfUtils.java:logGet(46)) - raft.grpc.server.port = 15050 (custom)
2023-12-19 18:17:53,433 [main] INFO  server.GrpcService (ConfUtils.java:logGet(46)) - raft.grpc.message.size.max = 32MB (=33554432) (custom)
2023-12-19 18:17:53,433 [main] INFO  server.RaftServerConfigKeys (ConfUtils.java:logGet(46)) - raft.server.log.appender.buffer.byte-limit = 8388608 (custom)
2023-12-19 18:17:53,434 [main] INFO  server.GrpcService (ConfUtils.java:logGet(46)) - raft.grpc.flow.control.window = 5MB (=5242880) (custom)
2023-12-19 18:17:53,434 [main] INFO  server.RaftServerConfigKeys (ConfUtils.java:logGet(46)) - raft.server.rpc.request.timeout = 60s (custom)
2023-12-19 18:17:53,434 [main] INFO  grpc.GrpcConfigKeys (ConfUtils.java:logGet(46)) - raft.grpc.server.heartbeat.channel = true (default)
2023-12-19 18:17:53,434 [main] INFO  grpc.GrpcConfigKeys (ConfUtils.java:logGet(46)) - raft.grpc.server.async.request.thread.pool.cached = true (default)
2023-12-19 18:17:53,435 [main] INFO  grpc.GrpcConfigKeys (ConfUtils.java:logGet(46)) - raft.grpc.server.async.request.thread.pool.size = 32 (default)
2023-12-19 18:17:53,437 [main] INFO  impl.DataStreamServerImpl (ConfUtils.java:logGet(46)) - raft.datastream.type = NETTY (custom)
2023-12-19 18:17:53,438 [main] INFO  server.RaftServerConfigKeys (ConfUtils.java:logGet(46)) - raft.server.data-stream.async.request.thread.pool.cached = false (default)
2023-12-19 18:17:53,438 [main] INFO  server.RaftServerConfigKeys (ConfUtils.java:logGet(46)) - raft.server.data-stream.async.request.thread.pool.size = 20 (custom)
2023-12-19 18:17:53,438 [main] INFO  server.RaftServerConfigKeys (ConfUtils.java:logGet(46)) - raft.server.data-stream.async.write.thread.pool.size = 16 (default)
2023-12-19 18:17:53,439 [main] INFO  netty.NettyConfigKeys$DataStream (ConfUtils.java:logGet(46)) - raft.netty.dataStream.server.channel.inactive.grace-period = 10min (default)
2023-12-19 18:17:53,439 [main] INFO  server.RaftServerConfigKeys (ConfUtils.java:logGet(46)) - raft.server.data-stream.client.pool.size = 10 (default)
2023-12-19 18:17:53,439 [main] INFO  netty.NettyConfigKeys$DataStream (ConfUtils.java:logGet(46)) - raft.netty.dataStream.server.use-epoll = true (default)
2023-12-19 18:17:53,439 [main] INFO  netty.NettyConfigKeys$DataStream (ConfUtils.java:logGet(46)) - raft.netty.dataStream.server.boss-group.size = 0 (default)
2023-12-19 18:17:53,439 [main] INFO  netty.NettyUtils (NettyUtils.java:newEventLoopGroup(69)) - Create EpollEventLoopGroup for b44d76fe-ddfd-47c8-8f4d-0e79dfcb9ca5-NettyServerStreamRpc-bossGroup; Thread size is 0.
2023-12-19 18:17:53,440 [main] INFO  netty.NettyConfigKeys$DataStream (ConfUtils.java:logGet(46)) - raft.netty.dataStream.server.worker-group.size = 0 (default)
2023-12-19 18:17:53,440 [main] INFO  netty.NettyUtils (NettyUtils.java:newEventLoopGroup(69)) - Create EpollEventLoopGroup for b44d76fe-ddfd-47c8-8f4d-0e79dfcb9ca5-NettyServerStreamRpc-workerGroup; Thread size is 0.
2023-12-19 18:17:53,441 [main] INFO  netty.NettyConfigKeys$DataStream (ConfUtils.java:logGet(46)) - raft.netty.dataStream.server.tls.conf = null (default)
2023-12-19 18:17:53,441 [main] INFO  netty.NettyConfigKeys$DataStream (ConfUtils.java:logGet(46)) - raft.netty.dataStream.host = null (default)
2023-12-19 18:17:53,441 [main] INFO  netty.NettyConfigKeys$DataStream (ConfUtils.java:logGet(46)) - raft.netty.dataStream.port = 15051 (custom)
2023-12-19 18:17:53,444 [main] INFO  server.RaftServerConfigKeys (ConfUtils.java:logGet(46)) - raft.server.sleep.deviation.threshold = 300ms (default)
2023-12-19 18:17:53,444 [main] INFO  server.RaftServerConfigKeys (ConfUtils.java:logGet(46)) - raft.server.close.threshold = 60s (default)
2023-12-19 18:17:53,445 [main] INFO  server.RaftServerConfigKeys (ConfUtils.java:logGet(46)) - raft.server.leaderelection.leader.step-down.wait-time = 10s (default)
2023-12-19 18:17:53,445 [main] INFO  server.RaftServerConfigKeys (ConfUtils.java:logGet(46)) - raft.server.storage.dir = [/home/runner/work/ozone/ozone/hadoop-ozone/integration-test/target/test-dir/MiniOzoneClusterImpl-c3f67427-b36b-4ee4-bde0-91623ce58163/datanode-4/data/ratis] (custom)
2023-12-19 18:17:53,445 [main] INFO  server.RaftServerConfigKeys (ConfUtils.java:logGet(46)) - raft.server.threadpool.proxy.cached = true (default)
2023-12-19 18:17:53,445 [main] INFO  server.RaftServerConfigKeys (ConfUtils.java:logGet(46)) - raft.server.threadpool.proxy.size = 0 (default)
2023-12-19 18:17:53,446 [b44d76fe-ddfd-47c8-8f4d-0e79dfcb9ca5-impl-thread1] INFO  server.RaftServer (RaftServerProxy.java:initGroupDir(264)) - b44d76fe-ddfd-47c8-8f4d-0e79dfcb9ca5: found a subdirectory /home/runner/work/ozone/ozone/hadoop-ozone/integration-test/target/test-dir/MiniOzoneClusterImpl-c3f67427-b36b-4ee4-bde0-91623ce58163/datanode-4/data/ratis/tmp
2023-12-19 18:17:53,447 [b44d76fe-ddfd-47c8-8f4d-0e79dfcb9ca5-NettyServerStreamRpc-bossGroup--thread1] INFO  logging.LoggingHandler (AbstractInternalLogger.java:log(148)) - [id: 0x8a0d90d6] REGISTERED
2023-12-19 18:17:53,447 [b44d76fe-ddfd-47c8-8f4d-0e79dfcb9ca5-impl-thread1] INFO  server.RaftServer (RaftServerProxy.java:initGroupDir(269)) - b44d76fe-ddfd-47c8-8f4d-0e79dfcb9ca5: The directory /home/runner/work/ozone/ozone/hadoop-ozone/integration-test/target/test-dir/MiniOzoneClusterImpl-c3f67427-b36b-4ee4-bde0-91623ce58163/datanode-4/data/ratis/tmp is not a group directory; ignoring it. 
2023-12-19 18:17:53,447 [b44d76fe-ddfd-47c8-8f4d-0e79dfcb9ca5-NettyServerStreamRpc-bossGroup--thread1] INFO  logging.LoggingHandler (AbstractInternalLogger.java:log(148)) - [id: 0x8a0d90d6] BIND: 0.0.0.0/0.0.0.0:15051
2023-12-19 18:17:53,447 [main] INFO  replication.ReplicationServer (ReplicationServer.java:<init>(85)) - Initializing replication server with thread count = 10 queue length = 4096
2023-12-19 18:17:53,448 [b44d76fe-ddfd-47c8-8f4d-0e79dfcb9ca5-NettyServerStreamRpc-bossGroup--thread1] INFO  logging.LoggingHandler (AbstractInternalLogger.java:log(148)) - [id: 0x8a0d90d6, L:/0.0.0.0:15051] ACTIVE
2023-12-19 18:17:53,449 [main] INFO  server.XceiverServerGrpc (XceiverServerGrpc.java:<init>(141)) - GrpcServer channel type EpollServerSocketChannel
2023-12-19 18:17:53,450 [om1@group-C5BA1605619E-LeaderElection1] INFO  segmented.SegmentedRaftLogWorker (SegmentedRaftLogWorker.java:startLogSegment(428)) - om1@group-C5BA1605619E-SegmentedRaftLogWorker: Starting segment from index:0
2023-12-19 18:17:53,454 [main] INFO  replication.ReplicationSupervisor (ReplicationSupervisor.java:build(163)) - Initializing replication supervisor with thread count = 10
2023-12-19 18:17:53,454 [main] INFO  replication.ReplicationSupervisor (ReplicationSupervisor.java:nodeStateUpdated(317)) - Node state updated to IN_SERVICE, scaling executor pool size to 10
2023-12-19 18:17:53,459 [main] INFO  http.BaseHttpServer (BaseHttpServer.java:newHttpServer2BuilderForOzone(223)) - Starting Web-server for hddsDatanode at: http://0.0.0.0:15045
2023-12-19 18:17:53,460 [main] INFO  http.BaseHttpServer (BaseHttpServer.java:<init>(110)) - Hadoop Security Enabled: false Ozone Security Enabled: false Ozone HTTP Security Enabled: false 
2023-12-19 18:17:53,463 [main] WARN  server.AuthenticationFilter (AuthenticationFilter.java:constructSecretProvider(240)) - Unable to initialize FileSignerSecretProvider, falling back to use random secrets. Reason: Could not read signature secret file: /home/runner/hadoop-http-auth-signature-secret
2023-12-19 18:17:53,464 [main] INFO  http.HttpRequestLog (HttpRequestLog.java:getRequestLog(86)) - Http request log for http.requests.hddsDatanode is not defined
2023-12-19 18:17:53,466 [main] INFO  http.HttpServer2 (HttpServer2.java:addGlobalFilter(1036)) - Added global filter 'safety' (class=org.apache.hadoop.hdds.server.http.HttpServer2$QuotingInputFilter)
2023-12-19 18:17:53,467 [main] INFO  http.HttpServer2 (HttpServer2.java:addFilter(1012)) - Added filter static_user_filter (class=org.apache.hadoop.http.lib.StaticUserWebFilter$StaticUserFilter) to context hddsDatanode
2023-12-19 18:17:53,467 [main] INFO  http.HttpServer2 (HttpServer2.java:addFilter(1020)) - Added filter static_user_filter (class=org.apache.hadoop.http.lib.StaticUserWebFilter$StaticUserFilter) to context static
2023-12-19 18:17:53,467 [main] INFO  http.HttpServer2 (HttpServer2.java:addFilter(1020)) - Added filter static_user_filter (class=org.apache.hadoop.http.lib.StaticUserWebFilter$StaticUserFilter) to context logs
2023-12-19 18:17:53,468 [main] INFO  http.BaseHttpServer (BaseHttpServer.java:<init>(189)) - HTTP server of hddsDatanode uses base directory /home/runner/work/ozone/ozone/hadoop-ozone/integration-test/target/test-dir/MiniOzoneClusterImpl-c3f67427-b36b-4ee4-bde0-91623ce58163/datanode-4/meta/webserver
2023-12-19 18:17:53,468 [main] INFO  http.HttpServer2 (HttpServer2.java:bindListener(1236)) - Jetty bound to port 15045
2023-12-19 18:17:53,468 [main] INFO  server.Server (Server.java:doStart(375)) - jetty-9.4.53.v20231009; built: 2023-10-09T12:29:09.265Z; git: 27bde00a0b95a1d5bbee0eae7984f891d2d0f8c9; jvm 1.8.0_392-b08
2023-12-19 18:17:53,475 [main] INFO  server.session (DefaultSessionIdManager.java:doStart(334)) - DefaultSessionIdManager workerName=node0
2023-12-19 18:17:53,475 [main] INFO  server.session (DefaultSessionIdManager.java:doStart(339)) - No SessionScavenger set, using defaults
2023-12-19 18:17:53,475 [main] INFO  server.session (HouseKeeper.java:startScavenging(132)) - node0 Scavenging every 600000ms
2023-12-19 18:17:53,476 [main] INFO  handler.ContextHandler (ContextHandler.java:doStart(921)) - Started o.e.j.s.ServletContextHandler@3e5e2f13{logs,/logs,file:///home/runner/work/ozone/ozone/hadoop-ozone/integration-test/target/log,AVAILABLE}
2023-12-19 18:17:53,476 [main] INFO  handler.ContextHandler (ContextHandler.java:doStart(921)) - Started o.e.j.s.ServletContextHandler@502d9495{static,/static,jar:file:/home/runner/.m2/repository/org/apache/ozone/hdds-container-service/1.5.0-SNAPSHOT/hdds-container-service-1.5.0-SNAPSHOT.jar!/webapps/static,AVAILABLE}
2023-12-19 18:17:53,490 [om1@group-C5BA1605619E-LeaderElection1] INFO  server.RaftServer$Division (ServerState.java:setRaftConf(382)) - om1@group-C5BA1605619E: set configuration 0: peers:[om1|localhost:15007]|listeners:[], old=null
2023-12-19 18:17:53,528 [main] INFO  handler.ContextHandler (ContextHandler.java:doStart(921)) - Started o.e.j.w.WebAppContext@41ac0627{hddsDatanode,/,file:///home/runner/work/ozone/ozone/hadoop-ozone/integration-test/target/test-dir/MiniOzoneClusterImpl-c3f67427-b36b-4ee4-bde0-91623ce58163/datanode-4/meta/webserver/jetty-0_0_0_0-15045-hdds-container-service-1_5_0-SNAPSHOT_jar-_-any-6277971087196930629/webapp/,AVAILABLE}{jar:file:/home/runner/.m2/repository/org/apache/ozone/hdds-container-service/1.5.0-SNAPSHOT/hdds-container-service-1.5.0-SNAPSHOT.jar!/webapps/hddsDatanode}
2023-12-19 18:17:53,530 [main] INFO  server.AbstractConnector (AbstractConnector.java:doStart(333)) - Started ServerConnector@3b381829{HTTP/1.1, (http/1.1)}{0.0.0.0:15045}
2023-12-19 18:17:53,530 [main] INFO  server.Server (Server.java:doStart(415)) - Started @7950ms
2023-12-19 18:17:53,530 [main] WARN  impl.MetricsSystemImpl (MetricsSystemImpl.java:register(279)) - Sink prometheus already exists!
2023-12-19 18:17:53,531 [main] INFO  http.BaseHttpServer (BaseHttpServer.java:updateConnectorAddress(354)) - HTTP server of hddsDatanode listening at http://0.0.0.0:15045
2023-12-19 18:17:53,531 [main] INFO  ipc.CallQueueManager (CallQueueManager.java:<init>(90)) - Using callQueue: class java.util.concurrent.LinkedBlockingQueue, queueCapacity: 100, scheduler: class org.apache.hadoop.ipc.DefaultRpcScheduler, ipcBackoff: false.
2023-12-19 18:17:53,531 [main] INFO  ipc.Server (Server.java:<init>(1287)) - Listener at 0.0.0.0:15046
2023-12-19 18:17:53,532 [Socket Reader #1 for port 15046] INFO  ipc.Server (Server.java:run(1323)) - Starting Socket Reader #1 for port 15046
2023-12-19 18:17:53,534 [main] INFO  ozone.HddsDatanodeService (HddsDatanodeService.java:start(324)) - Datanode start with admins: [runner]
2023-12-19 18:17:53,534 [main] INFO  ozone.HddsDatanodeClientProtocolServer (HddsDatanodeClientProtocolServer.java:start(72)) - RPC server for Client /0.0.0.0:15046
2023-12-19 18:17:53,535 [IPC Server Responder] INFO  ipc.Server (Server.java:run(1562)) - IPC Server Responder: starting
2023-12-19 18:17:53,539 [IPC Server listener on 15046] INFO  ipc.Server (Server.java:run(1402)) - IPC Server listener on 15046: starting
2023-12-19 18:17:53,546 [b44d76fe-ddfd-47c8-8f4d-0e79dfcb9ca5-DatanodeStateMachineDaemonThread] INFO  statemachine.DatanodeStateMachine (DatanodeStateMachine.java:lambda$startDaemon$1(555)) - Ozone container server started.
2023-12-19 18:17:53,546 [main] WARN  dropwizard3.Dm3MetricRegistriesImpl (Dm3MetricRegistriesImpl.java:addReporterRegistration(113)) - New reporters are added after registries were created. Some metrics will be missing from the reporter. Please add reporter before adding any new registry.
2023-12-19 18:17:53,546 [main] WARN  dropwizard3.Dm3MetricRegistriesImpl (Dm3MetricRegistriesImpl.java:addReporterRegistration(113)) - New reporters are added after registries were created. Some metrics will be missing from the reporter. Please add reporter before adding any new registry.
2023-12-19 18:17:53,546 [main] INFO  impl.MetricsSystemImpl (MetricsSystemImpl.java:init(158)) - HddsDatanode metrics system started (again)
2023-12-19 18:17:53,555 [main] INFO  ozone.HddsDatanodeService (HddsDatanodeService.java:start(239)) - HddsDatanodeService host:fv-az1381-513.cyf22sgur2jupkghqkt4lwlvwe.cx.internal.cloudapp.net ip:10.1.0.19
2023-12-19 18:17:53,557 [b44d76fe-ddfd-47c8-8f4d-0e79dfcb9ca5-DatanodeStateMachineTaskThread-0] INFO  datanode.InitDatanodeState (InitDatanodeState.java:persistContainerDatanodeDetails(139)) - DatanodeDetails is persisted to /home/runner/work/ozone/ozone/hadoop-ozone/integration-test/target/test-dir/MiniOzoneClusterImpl-c3f67427-b36b-4ee4-bde0-91623ce58163/datanode-4/meta/datanode.id
2023-12-19 18:17:53,563 [om1@group-C5BA1605619E-SegmentedRaftLogWorker] INFO  segmented.SegmentedRaftLogWorker (SegmentedRaftLogWorker.java:execute(632)) - om1@group-C5BA1605619E-SegmentedRaftLogWorker: created new log segment /home/runner/work/ozone/ozone/hadoop-ozone/integration-test/target/test-dir/MiniOzoneClusterImpl-c3f67427-b36b-4ee4-bde0-91623ce58163/ozone-meta/ratis/bf265839-605b-3f16-9796-c5ba1605619e/current/log_inprogress_0
2023-12-19 18:17:53,578 [main] INFO  upgrade.AbstractLayoutVersionManager (AbstractLayoutVersionManager.java:init(83)) - Initializing Layout version manager with metadata layout = HADOOP_PRC_PORTS_IN_DATANODEDETAILS (version = 7), software layout = HADOOP_PRC_PORTS_IN_DATANODEDETAILS (version = 7)
2023-12-19 18:17:53,579 [main] INFO  statemachine.DatanodeStateMachine (DatanodeStateMachine.java:getEndPointTaskThreadPoolSize(299)) - Datanode State Machine Task Thread Pool size 2
2023-12-19 18:17:53,590 [main] INFO  volume.HddsVolume (HddsVolume.java:<init>(126)) - Creating HddsVolume: /home/runner/work/ozone/ozone/hadoop-ozone/integration-test/target/test-dir/MiniOzoneClusterImpl-c3f67427-b36b-4ee4-bde0-91623ce58163/datanode-5/data-0/containers/hdds of storage type : DISK capacity : 9223372036854775807
2023-12-19 18:17:53,591 [main] INFO  volume.MutableVolumeSet (MutableVolumeSet.java:initializeVolumeSet(173)) - Added Volume : /home/runner/work/ozone/ozone/hadoop-ozone/integration-test/target/test-dir/MiniOzoneClusterImpl-c3f67427-b36b-4ee4-bde0-91623ce58163/datanode-5/data-0/containers/hdds to VolumeSet
2023-12-19 18:17:53,594 [main] INFO  volume.MutableVolumeSet (MutableVolumeSet.java:initializeVolumeSet(173)) - Added Volume : /home/runner/work/ozone/ozone/hadoop-ozone/integration-test/target/test-dir/MiniOzoneClusterImpl-c3f67427-b36b-4ee4-bde0-91623ce58163/datanode-5/data/ratis to VolumeSet
2023-12-19 18:17:53,595 [main] INFO  ozoneimpl.OzoneContainer (HddsVolumeUtil.java:loadAllHddsVolumeDbStore(103)) - Load 1 volumes DbStore cost: 0ms
2023-12-19 18:17:53,596 [f3699da5-7632-4885-9efe-d79f82e47143-ContainerReader-0] INFO  ozoneimpl.ContainerReader (ContainerReader.java:readVolume(177)) - Finish verifying containers on volume /home/runner/work/ozone/ozone/hadoop-ozone/integration-test/target/test-dir/MiniOzoneClusterImpl-c3f67427-b36b-4ee4-bde0-91623ce58163/datanode-5/data-0/containers/hdds
2023-12-19 18:17:53,596 [main] INFO  ozoneimpl.OzoneContainer (OzoneContainer.java:buildContainerSet(326)) - Build ContainerSet costs 0s
2023-12-19 18:17:53,602 [main] INFO  server.RaftServer (ConfUtils.java:logGet(46)) - raft.rpc.type = GRPC (default)
2023-12-19 18:17:53,602 [main] INFO  grpc.GrpcConfigKeys (ConfUtils.java:logFallback(53)) - raft.grpc.admin.host = null (fallback to raft.grpc.server.host)
2023-12-19 18:17:53,603 [main] INFO  grpc.GrpcConfigKeys (ConfUtils.java:logGet(46)) - raft.grpc.admin.port = 15058 (custom)
2023-12-19 18:17:53,604 [main] INFO  grpc.GrpcConfigKeys (ConfUtils.java:logFallback(53)) - raft.grpc.client.host = null (fallback to raft.grpc.server.host)
2023-12-19 18:17:53,604 [main] INFO  grpc.GrpcConfigKeys (ConfUtils.java:logGet(46)) - raft.grpc.client.port = 15057 (custom)
2023-12-19 18:17:53,605 [main] INFO  grpc.GrpcConfigKeys (ConfUtils.java:logGet(46)) - raft.grpc.server.host = null (default)
2023-12-19 18:17:53,605 [main] INFO  grpc.GrpcConfigKeys (ConfUtils.java:logGet(46)) - raft.grpc.server.port = 15059 (custom)
2023-12-19 18:17:53,605 [main] INFO  server.GrpcService (ConfUtils.java:logGet(46)) - raft.grpc.message.size.max = 32MB (=33554432) (custom)
2023-12-19 18:17:53,605 [main] INFO  server.RaftServerConfigKeys (ConfUtils.java:logGet(46)) - raft.server.log.appender.buffer.byte-limit = 8388608 (custom)
2023-12-19 18:17:53,605 [main] INFO  server.GrpcService (ConfUtils.java:logGet(46)) - raft.grpc.flow.control.window = 5MB (=5242880) (custom)
2023-12-19 18:17:53,606 [main] INFO  server.RaftServerConfigKeys (ConfUtils.java:logGet(46)) - raft.server.rpc.request.timeout = 60s (custom)
2023-12-19 18:17:53,606 [main] INFO  grpc.GrpcConfigKeys (ConfUtils.java:logGet(46)) - raft.grpc.server.heartbeat.channel = true (default)
2023-12-19 18:17:53,606 [main] INFO  grpc.GrpcConfigKeys (ConfUtils.java:logGet(46)) - raft.grpc.server.async.request.thread.pool.cached = true (default)
2023-12-19 18:17:53,606 [main] INFO  grpc.GrpcConfigKeys (ConfUtils.java:logGet(46)) - raft.grpc.server.async.request.thread.pool.size = 32 (default)
2023-12-19 18:17:53,609 [main] INFO  impl.DataStreamServerImpl (ConfUtils.java:logGet(46)) - raft.datastream.type = NETTY (custom)
2023-12-19 18:17:53,609 [main] INFO  server.RaftServerConfigKeys (ConfUtils.java:logGet(46)) - raft.server.data-stream.async.request.thread.pool.cached = false (default)
2023-12-19 18:17:53,609 [main] INFO  server.RaftServerConfigKeys (ConfUtils.java:logGet(46)) - raft.server.data-stream.async.request.thread.pool.size = 20 (custom)
2023-12-19 18:17:53,610 [main] INFO  server.RaftServerConfigKeys (ConfUtils.java:logGet(46)) - raft.server.data-stream.async.write.thread.pool.size = 16 (default)
2023-12-19 18:17:53,610 [main] INFO  netty.NettyConfigKeys$DataStream (ConfUtils.java:logGet(46)) - raft.netty.dataStream.server.channel.inactive.grace-period = 10min (default)
2023-12-19 18:17:53,610 [main] INFO  server.RaftServerConfigKeys (ConfUtils.java:logGet(46)) - raft.server.data-stream.client.pool.size = 10 (default)
2023-12-19 18:17:53,610 [main] INFO  netty.NettyConfigKeys$DataStream (ConfUtils.java:logGet(46)) - raft.netty.dataStream.server.use-epoll = true (default)
2023-12-19 18:17:53,610 [main] INFO  netty.NettyConfigKeys$DataStream (ConfUtils.java:logGet(46)) - raft.netty.dataStream.server.boss-group.size = 0 (default)
2023-12-19 18:17:53,611 [main] INFO  netty.NettyUtils (NettyUtils.java:newEventLoopGroup(69)) - Create EpollEventLoopGroup for f3699da5-7632-4885-9efe-d79f82e47143-NettyServerStreamRpc-bossGroup; Thread size is 0.
2023-12-19 18:17:53,611 [main] INFO  netty.NettyConfigKeys$DataStream (ConfUtils.java:logGet(46)) - raft.netty.dataStream.server.worker-group.size = 0 (default)
2023-12-19 18:17:53,612 [main] INFO  netty.NettyUtils (NettyUtils.java:newEventLoopGroup(69)) - Create EpollEventLoopGroup for f3699da5-7632-4885-9efe-d79f82e47143-NettyServerStreamRpc-workerGroup; Thread size is 0.
2023-12-19 18:17:53,612 [main] INFO  netty.NettyConfigKeys$DataStream (ConfUtils.java:logGet(46)) - raft.netty.dataStream.server.tls.conf = null (default)
2023-12-19 18:17:53,612 [main] INFO  netty.NettyConfigKeys$DataStream (ConfUtils.java:logGet(46)) - raft.netty.dataStream.host = null (default)
2023-12-19 18:17:53,613 [main] INFO  netty.NettyConfigKeys$DataStream (ConfUtils.java:logGet(46)) - raft.netty.dataStream.port = 15060 (custom)
2023-12-19 18:17:53,616 [main] INFO  server.RaftServerConfigKeys (ConfUtils.java:logGet(46)) - raft.server.sleep.deviation.threshold = 300ms (default)
2023-12-19 18:17:53,617 [f3699da5-7632-4885-9efe-d79f82e47143-NettyServerStreamRpc-bossGroup--thread1] INFO  logging.LoggingHandler (AbstractInternalLogger.java:log(148)) - [id: 0x4ca83c35] REGISTERED
2023-12-19 18:17:53,617 [f3699da5-7632-4885-9efe-d79f82e47143-NettyServerStreamRpc-bossGroup--thread1] INFO  logging.LoggingHandler (AbstractInternalLogger.java:log(148)) - [id: 0x4ca83c35] BIND: 0.0.0.0/0.0.0.0:15060
2023-12-19 18:17:53,618 [f3699da5-7632-4885-9efe-d79f82e47143-NettyServerStreamRpc-bossGroup--thread1] INFO  logging.LoggingHandler (AbstractInternalLogger.java:log(148)) - [id: 0x4ca83c35, L:/0.0.0.0:15060] ACTIVE
2023-12-19 18:17:53,617 [main] INFO  server.RaftServerConfigKeys (ConfUtils.java:logGet(46)) - raft.server.close.threshold = 60s (default)
2023-12-19 18:17:53,618 [main] INFO  server.RaftServerConfigKeys (ConfUtils.java:logGet(46)) - raft.server.leaderelection.leader.step-down.wait-time = 10s (default)
2023-12-19 18:17:53,619 [main] INFO  server.RaftServerConfigKeys (ConfUtils.java:logGet(46)) - raft.server.storage.dir = [/home/runner/work/ozone/ozone/hadoop-ozone/integration-test/target/test-dir/MiniOzoneClusterImpl-c3f67427-b36b-4ee4-bde0-91623ce58163/datanode-5/data/ratis] (custom)
2023-12-19 18:17:53,619 [main] INFO  server.RaftServerConfigKeys (ConfUtils.java:logGet(46)) - raft.server.threadpool.proxy.cached = true (default)
2023-12-19 18:17:53,620 [main] INFO  server.RaftServerConfigKeys (ConfUtils.java:logGet(46)) - raft.server.threadpool.proxy.size = 0 (default)
2023-12-19 18:17:53,621 [f3699da5-7632-4885-9efe-d79f82e47143-impl-thread1] INFO  server.RaftServer (RaftServerProxy.java:initGroupDir(264)) - f3699da5-7632-4885-9efe-d79f82e47143: found a subdirectory /home/runner/work/ozone/ozone/hadoop-ozone/integration-test/target/test-dir/MiniOzoneClusterImpl-c3f67427-b36b-4ee4-bde0-91623ce58163/datanode-5/data/ratis/tmp
2023-12-19 18:17:53,622 [f3699da5-7632-4885-9efe-d79f82e47143-impl-thread1] INFO  server.RaftServer (RaftServerProxy.java:initGroupDir(269)) - f3699da5-7632-4885-9efe-d79f82e47143: The directory /home/runner/work/ozone/ozone/hadoop-ozone/integration-test/target/test-dir/MiniOzoneClusterImpl-c3f67427-b36b-4ee4-bde0-91623ce58163/datanode-5/data/ratis/tmp is not a group directory; ignoring it. 
2023-12-19 18:17:53,623 [main] INFO  replication.ReplicationServer (ReplicationServer.java:<init>(85)) - Initializing replication server with thread count = 10 queue length = 4096
2023-12-19 18:17:53,624 [main] INFO  server.XceiverServerGrpc (XceiverServerGrpc.java:<init>(141)) - GrpcServer channel type EpollServerSocketChannel
2023-12-19 18:17:53,628 [main] INFO  replication.ReplicationSupervisor (ReplicationSupervisor.java:build(163)) - Initializing replication supervisor with thread count = 10
2023-12-19 18:17:53,629 [main] INFO  replication.ReplicationSupervisor (ReplicationSupervisor.java:nodeStateUpdated(317)) - Node state updated to IN_SERVICE, scaling executor pool size to 10
2023-12-19 18:17:53,633 [main] INFO  http.BaseHttpServer (BaseHttpServer.java:newHttpServer2BuilderForOzone(223)) - Starting Web-server for hddsDatanode at: http://0.0.0.0:15054
2023-12-19 18:17:53,634 [main] INFO  http.BaseHttpServer (BaseHttpServer.java:<init>(110)) - Hadoop Security Enabled: false Ozone Security Enabled: false Ozone HTTP Security Enabled: false 
2023-12-19 18:17:53,635 [main] WARN  server.AuthenticationFilter (AuthenticationFilter.java:constructSecretProvider(240)) - Unable to initialize FileSignerSecretProvider, falling back to use random secrets. Reason: Could not read signature secret file: /home/runner/hadoop-http-auth-signature-secret
2023-12-19 18:17:53,639 [main] INFO  http.HttpRequestLog (HttpRequestLog.java:getRequestLog(86)) - Http request log for http.requests.hddsDatanode is not defined
2023-12-19 18:17:53,641 [main] INFO  http.HttpServer2 (HttpServer2.java:addGlobalFilter(1036)) - Added global filter 'safety' (class=org.apache.hadoop.hdds.server.http.HttpServer2$QuotingInputFilter)
2023-12-19 18:17:53,642 [main] INFO  http.HttpServer2 (HttpServer2.java:addFilter(1012)) - Added filter static_user_filter (class=org.apache.hadoop.http.lib.StaticUserWebFilter$StaticUserFilter) to context hddsDatanode
2023-12-19 18:17:53,642 [main] INFO  http.HttpServer2 (HttpServer2.java:addFilter(1020)) - Added filter static_user_filter (class=org.apache.hadoop.http.lib.StaticUserWebFilter$StaticUserFilter) to context static
2023-12-19 18:17:53,643 [main] INFO  http.HttpServer2 (HttpServer2.java:addFilter(1020)) - Added filter static_user_filter (class=org.apache.hadoop.http.lib.StaticUserWebFilter$StaticUserFilter) to context logs
2023-12-19 18:17:53,644 [main] INFO  http.BaseHttpServer (BaseHttpServer.java:<init>(189)) - HTTP server of hddsDatanode uses base directory /home/runner/work/ozone/ozone/hadoop-ozone/integration-test/target/test-dir/MiniOzoneClusterImpl-c3f67427-b36b-4ee4-bde0-91623ce58163/datanode-5/meta/webserver
2023-12-19 18:17:53,644 [main] INFO  http.HttpServer2 (HttpServer2.java:bindListener(1236)) - Jetty bound to port 15054
2023-12-19 18:17:53,644 [main] INFO  server.Server (Server.java:doStart(375)) - jetty-9.4.53.v20231009; built: 2023-10-09T12:29:09.265Z; git: 27bde00a0b95a1d5bbee0eae7984f891d2d0f8c9; jvm 1.8.0_392-b08
2023-12-19 18:17:53,647 [main] INFO  server.session (DefaultSessionIdManager.java:doStart(334)) - DefaultSessionIdManager workerName=node0
2023-12-19 18:17:53,647 [main] INFO  server.session (DefaultSessionIdManager.java:doStart(339)) - No SessionScavenger set, using defaults
2023-12-19 18:17:53,648 [main] INFO  server.session (HouseKeeper.java:startScavenging(132)) - node0 Scavenging every 660000ms
2023-12-19 18:17:53,649 [main] INFO  handler.ContextHandler (ContextHandler.java:doStart(921)) - Started o.e.j.s.ServletContextHandler@763464e{logs,/logs,file:///home/runner/work/ozone/ozone/hadoop-ozone/integration-test/target/log,AVAILABLE}
2023-12-19 18:17:53,649 [main] INFO  handler.ContextHandler (ContextHandler.java:doStart(921)) - Started o.e.j.s.ServletContextHandler@3921f846{static,/static,jar:file:/home/runner/.m2/repository/org/apache/ozone/hdds-container-service/1.5.0-SNAPSHOT/hdds-container-service-1.5.0-SNAPSHOT.jar!/webapps/static,AVAILABLE}
2023-12-19 18:17:53,656 [om1@group-C5BA1605619E-StateMachineUpdater] INFO  ratis.OzoneManagerStateMachine (OzoneManagerStateMachine.java:notifyConfigurationChanged(210)) - Received Configuration change notification from Ratis. New Peer list:
[id: "om1"
address: "localhost:15007"
startupRole: FOLLOWER
]
2023-12-19 18:17:53,658 [om1@group-C5BA1605619E-StateMachineUpdater] INFO  server.RaftServer$Division (LeaderStateImpl.java:isApplied(316)) - leader is ready since appliedIndex == 0 >= startIndex == 0
2023-12-19 18:17:53,686 [main] INFO  handler.ContextHandler (ContextHandler.java:doStart(921)) - Started o.e.j.w.WebAppContext@493fedb8{hddsDatanode,/,file:///home/runner/work/ozone/ozone/hadoop-ozone/integration-test/target/test-dir/MiniOzoneClusterImpl-c3f67427-b36b-4ee4-bde0-91623ce58163/datanode-5/meta/webserver/jetty-0_0_0_0-15054-hdds-container-service-1_5_0-SNAPSHOT_jar-_-any-936516729630887359/webapp/,AVAILABLE}{jar:file:/home/runner/.m2/repository/org/apache/ozone/hdds-container-service/1.5.0-SNAPSHOT/hdds-container-service-1.5.0-SNAPSHOT.jar!/webapps/hddsDatanode}
2023-12-19 18:17:53,688 [main] INFO  server.AbstractConnector (AbstractConnector.java:doStart(333)) - Started ServerConnector@1d0e0179{HTTP/1.1, (http/1.1)}{0.0.0.0:15054}
2023-12-19 18:17:53,688 [main] INFO  server.Server (Server.java:doStart(415)) - Started @8108ms
2023-12-19 18:17:53,688 [main] WARN  impl.MetricsSystemImpl (MetricsSystemImpl.java:register(279)) - Sink prometheus already exists!
2023-12-19 18:17:53,689 [main] INFO  http.BaseHttpServer (BaseHttpServer.java:updateConnectorAddress(354)) - HTTP server of hddsDatanode listening at http://0.0.0.0:15054
2023-12-19 18:17:53,689 [main] INFO  ipc.CallQueueManager (CallQueueManager.java:<init>(90)) - Using callQueue: class java.util.concurrent.LinkedBlockingQueue, queueCapacity: 100, scheduler: class org.apache.hadoop.ipc.DefaultRpcScheduler, ipcBackoff: false.
2023-12-19 18:17:53,689 [main] INFO  ipc.Server (Server.java:<init>(1287)) - Listener at 0.0.0.0:15055
2023-12-19 18:17:53,690 [Socket Reader #1 for port 15055] INFO  ipc.Server (Server.java:run(1323)) - Starting Socket Reader #1 for port 15055
2023-12-19 18:17:53,692 [main] INFO  ozone.HddsDatanodeService (HddsDatanodeService.java:start(324)) - Datanode start with admins: [runner]
2023-12-19 18:17:53,692 [main] INFO  ozone.HddsDatanodeClientProtocolServer (HddsDatanodeClientProtocolServer.java:start(72)) - RPC server for Client /0.0.0.0:15055
2023-12-19 18:17:53,693 [IPC Server Responder] INFO  ipc.Server (Server.java:run(1562)) - IPC Server Responder: starting
2023-12-19 18:17:53,693 [IPC Server listener on 15055] INFO  ipc.Server (Server.java:run(1402)) - IPC Server listener on 15055: starting
2023-12-19 18:17:53,693 [f3699da5-7632-4885-9efe-d79f82e47143-DatanodeStateMachineDaemonThread] INFO  statemachine.DatanodeStateMachine (DatanodeStateMachine.java:lambda$startDaemon$1(555)) - Ozone container server started.
2023-12-19 18:17:53,693 [main] WARN  dropwizard3.Dm3MetricRegistriesImpl (Dm3MetricRegistriesImpl.java:addReporterRegistration(113)) - New reporters are added after registries were created. Some metrics will be missing from the reporter. Please add reporter before adding any new registry.
2023-12-19 18:17:53,693 [main] WARN  dropwizard3.Dm3MetricRegistriesImpl (Dm3MetricRegistriesImpl.java:addReporterRegistration(113)) - New reporters are added after registries were created. Some metrics will be missing from the reporter. Please add reporter before adding any new registry.
2023-12-19 18:17:53,694 [main] INFO  impl.MetricsSystemImpl (MetricsSystemImpl.java:init(158)) - HddsDatanode metrics system started (again)
2023-12-19 18:17:53,704 [f3699da5-7632-4885-9efe-d79f82e47143-DatanodeStateMachineTaskThread-0] INFO  datanode.InitDatanodeState (InitDatanodeState.java:persistContainerDatanodeDetails(139)) - DatanodeDetails is persisted to /home/runner/work/ozone/ozone/hadoop-ozone/integration-test/target/test-dir/MiniOzoneClusterImpl-c3f67427-b36b-4ee4-bde0-91623ce58163/datanode-5/meta/datanode.id
2023-12-19 18:17:53,708 [main] INFO  ozone.HddsDatanodeService (HddsDatanodeService.java:start(239)) - HddsDatanodeService host:fv-az1381-513.cyf22sgur2jupkghqkt4lwlvwe.cx.internal.cloudapp.net ip:10.1.0.19
2023-12-19 18:17:53,732 [main] INFO  upgrade.AbstractLayoutVersionManager (AbstractLayoutVersionManager.java:init(83)) - Initializing Layout version manager with metadata layout = HADOOP_PRC_PORTS_IN_DATANODEDETAILS (version = 7), software layout = HADOOP_PRC_PORTS_IN_DATANODEDETAILS (version = 7)
2023-12-19 18:17:53,732 [main] INFO  statemachine.DatanodeStateMachine (DatanodeStateMachine.java:getEndPointTaskThreadPoolSize(299)) - Datanode State Machine Task Thread Pool size 2
2023-12-19 18:17:53,734 [main] INFO  volume.HddsVolume (HddsVolume.java:<init>(126)) - Creating HddsVolume: /home/runner/work/ozone/ozone/hadoop-ozone/integration-test/target/test-dir/MiniOzoneClusterImpl-c3f67427-b36b-4ee4-bde0-91623ce58163/datanode-6/data-0/containers/hdds of storage type : DISK capacity : 9223372036854775807
2023-12-19 18:17:53,734 [main] INFO  volume.MutableVolumeSet (MutableVolumeSet.java:initializeVolumeSet(173)) - Added Volume : /home/runner/work/ozone/ozone/hadoop-ozone/integration-test/target/test-dir/MiniOzoneClusterImpl-c3f67427-b36b-4ee4-bde0-91623ce58163/datanode-6/data-0/containers/hdds to VolumeSet
2023-12-19 18:17:53,735 [main] INFO  volume.MutableVolumeSet (MutableVolumeSet.java:initializeVolumeSet(173)) - Added Volume : /home/runner/work/ozone/ozone/hadoop-ozone/integration-test/target/test-dir/MiniOzoneClusterImpl-c3f67427-b36b-4ee4-bde0-91623ce58163/datanode-6/data/ratis to VolumeSet
2023-12-19 18:17:53,736 [main] INFO  ozoneimpl.OzoneContainer (HddsVolumeUtil.java:loadAllHddsVolumeDbStore(103)) - Load 1 volumes DbStore cost: 0ms
2023-12-19 18:17:53,736 [cc2d5096-cbf7-4b7f-9694-9910b4c75033-ContainerReader-0] INFO  ozoneimpl.ContainerReader (ContainerReader.java:readVolume(177)) - Finish verifying containers on volume /home/runner/work/ozone/ozone/hadoop-ozone/integration-test/target/test-dir/MiniOzoneClusterImpl-c3f67427-b36b-4ee4-bde0-91623ce58163/datanode-6/data-0/containers/hdds
2023-12-19 18:17:53,736 [main] INFO  ozoneimpl.OzoneContainer (OzoneContainer.java:buildContainerSet(326)) - Build ContainerSet costs 0s
2023-12-19 18:17:53,739 [main] INFO  server.RaftServer (ConfUtils.java:logGet(46)) - raft.rpc.type = GRPC (default)
2023-12-19 18:17:53,739 [main] INFO  grpc.GrpcConfigKeys (ConfUtils.java:logFallback(53)) - raft.grpc.admin.host = null (fallback to raft.grpc.server.host)
2023-12-19 18:17:53,739 [main] INFO  grpc.GrpcConfigKeys (ConfUtils.java:logGet(46)) - raft.grpc.admin.port = 15067 (custom)
2023-12-19 18:17:53,739 [main] INFO  grpc.GrpcConfigKeys (ConfUtils.java:logFallback(53)) - raft.grpc.client.host = null (fallback to raft.grpc.server.host)
2023-12-19 18:17:53,739 [main] INFO  grpc.GrpcConfigKeys (ConfUtils.java:logGet(46)) - raft.grpc.client.port = 15066 (custom)
2023-12-19 18:17:53,739 [main] INFO  grpc.GrpcConfigKeys (ConfUtils.java:logGet(46)) - raft.grpc.server.host = null (default)
2023-12-19 18:17:53,739 [main] INFO  grpc.GrpcConfigKeys (ConfUtils.java:logGet(46)) - raft.grpc.server.port = 15068 (custom)
2023-12-19 18:17:53,740 [main] INFO  server.GrpcService (ConfUtils.java:logGet(46)) - raft.grpc.message.size.max = 32MB (=33554432) (custom)
2023-12-19 18:17:53,740 [main] INFO  server.RaftServerConfigKeys (ConfUtils.java:logGet(46)) - raft.server.log.appender.buffer.byte-limit = 8388608 (custom)
2023-12-19 18:17:53,740 [main] INFO  server.GrpcService (ConfUtils.java:logGet(46)) - raft.grpc.flow.control.window = 5MB (=5242880) (custom)
2023-12-19 18:17:53,740 [main] INFO  server.RaftServerConfigKeys (ConfUtils.java:logGet(46)) - raft.server.rpc.request.timeout = 60s (custom)
2023-12-19 18:17:53,740 [main] INFO  grpc.GrpcConfigKeys (ConfUtils.java:logGet(46)) - raft.grpc.server.heartbeat.channel = true (default)
2023-12-19 18:17:53,740 [main] INFO  grpc.GrpcConfigKeys (ConfUtils.java:logGet(46)) - raft.grpc.server.async.request.thread.pool.cached = true (default)
2023-12-19 18:17:53,740 [main] INFO  grpc.GrpcConfigKeys (ConfUtils.java:logGet(46)) - raft.grpc.server.async.request.thread.pool.size = 32 (default)
2023-12-19 18:17:53,742 [main] INFO  impl.DataStreamServerImpl (ConfUtils.java:logGet(46)) - raft.datastream.type = NETTY (custom)
2023-12-19 18:17:53,743 [main] INFO  server.RaftServerConfigKeys (ConfUtils.java:logGet(46)) - raft.server.data-stream.async.request.thread.pool.cached = false (default)
2023-12-19 18:17:53,743 [main] INFO  server.RaftServerConfigKeys (ConfUtils.java:logGet(46)) - raft.server.data-stream.async.request.thread.pool.size = 20 (custom)
2023-12-19 18:17:53,743 [main] INFO  server.RaftServerConfigKeys (ConfUtils.java:logGet(46)) - raft.server.data-stream.async.write.thread.pool.size = 16 (default)
2023-12-19 18:17:53,743 [main] INFO  netty.NettyConfigKeys$DataStream (ConfUtils.java:logGet(46)) - raft.netty.dataStream.server.channel.inactive.grace-period = 10min (default)
2023-12-19 18:17:53,743 [main] INFO  server.RaftServerConfigKeys (ConfUtils.java:logGet(46)) - raft.server.data-stream.client.pool.size = 10 (default)
2023-12-19 18:17:53,743 [main] INFO  netty.NettyConfigKeys$DataStream (ConfUtils.java:logGet(46)) - raft.netty.dataStream.server.use-epoll = true (default)
2023-12-19 18:17:53,743 [main] INFO  netty.NettyConfigKeys$DataStream (ConfUtils.java:logGet(46)) - raft.netty.dataStream.server.boss-group.size = 0 (default)
2023-12-19 18:17:53,744 [main] INFO  netty.NettyUtils (NettyUtils.java:newEventLoopGroup(69)) - Create EpollEventLoopGroup for cc2d5096-cbf7-4b7f-9694-9910b4c75033-NettyServerStreamRpc-bossGroup; Thread size is 0.
2023-12-19 18:17:53,744 [main] INFO  netty.NettyConfigKeys$DataStream (ConfUtils.java:logGet(46)) - raft.netty.dataStream.server.worker-group.size = 0 (default)
2023-12-19 18:17:53,744 [main] INFO  netty.NettyUtils (NettyUtils.java:newEventLoopGroup(69)) - Create EpollEventLoopGroup for cc2d5096-cbf7-4b7f-9694-9910b4c75033-NettyServerStreamRpc-workerGroup; Thread size is 0.
2023-12-19 18:17:53,745 [main] INFO  netty.NettyConfigKeys$DataStream (ConfUtils.java:logGet(46)) - raft.netty.dataStream.server.tls.conf = null (default)
2023-12-19 18:17:53,745 [main] INFO  netty.NettyConfigKeys$DataStream (ConfUtils.java:logGet(46)) - raft.netty.dataStream.host = null (default)
2023-12-19 18:17:53,745 [main] INFO  netty.NettyConfigKeys$DataStream (ConfUtils.java:logGet(46)) - raft.netty.dataStream.port = 15069 (custom)
2023-12-19 18:17:53,746 [main] INFO  server.RaftServerConfigKeys (ConfUtils.java:logGet(46)) - raft.server.sleep.deviation.threshold = 300ms (default)
2023-12-19 18:17:53,746 [main] INFO  server.RaftServerConfigKeys (ConfUtils.java:logGet(46)) - raft.server.close.threshold = 60s (default)
2023-12-19 18:17:53,747 [main] INFO  server.RaftServerConfigKeys (ConfUtils.java:logGet(46)) - raft.server.leaderelection.leader.step-down.wait-time = 10s (default)
2023-12-19 18:17:53,747 [cc2d5096-cbf7-4b7f-9694-9910b4c75033-NettyServerStreamRpc-bossGroup--thread1] INFO  logging.LoggingHandler (AbstractInternalLogger.java:log(148)) - [id: 0x4d7a3140] REGISTERED
2023-12-19 18:17:53,747 [main] INFO  server.RaftServerConfigKeys (ConfUtils.java:logGet(46)) - raft.server.storage.dir = [/home/runner/work/ozone/ozone/hadoop-ozone/integration-test/target/test-dir/MiniOzoneClusterImpl-c3f67427-b36b-4ee4-bde0-91623ce58163/datanode-6/data/ratis] (custom)
2023-12-19 18:17:53,747 [main] INFO  server.RaftServerConfigKeys (ConfUtils.java:logGet(46)) - raft.server.threadpool.proxy.cached = true (default)
2023-12-19 18:17:53,748 [main] INFO  server.RaftServerConfigKeys (ConfUtils.java:logGet(46)) - raft.server.threadpool.proxy.size = 0 (default)
2023-12-19 18:17:53,748 [cc2d5096-cbf7-4b7f-9694-9910b4c75033-impl-thread1] INFO  server.RaftServer (RaftServerProxy.java:initGroupDir(264)) - cc2d5096-cbf7-4b7f-9694-9910b4c75033: found a subdirectory /home/runner/work/ozone/ozone/hadoop-ozone/integration-test/target/test-dir/MiniOzoneClusterImpl-c3f67427-b36b-4ee4-bde0-91623ce58163/datanode-6/data/ratis/tmp
2023-12-19 18:17:53,748 [cc2d5096-cbf7-4b7f-9694-9910b4c75033-NettyServerStreamRpc-bossGroup--thread1] INFO  logging.LoggingHandler (AbstractInternalLogger.java:log(148)) - [id: 0x4d7a3140] BIND: 0.0.0.0/0.0.0.0:15069
2023-12-19 18:17:53,748 [cc2d5096-cbf7-4b7f-9694-9910b4c75033-impl-thread1] INFO  server.RaftServer (RaftServerProxy.java:initGroupDir(269)) - cc2d5096-cbf7-4b7f-9694-9910b4c75033: The directory /home/runner/work/ozone/ozone/hadoop-ozone/integration-test/target/test-dir/MiniOzoneClusterImpl-c3f67427-b36b-4ee4-bde0-91623ce58163/datanode-6/data/ratis/tmp is not a group directory; ignoring it. 
2023-12-19 18:17:53,748 [cc2d5096-cbf7-4b7f-9694-9910b4c75033-NettyServerStreamRpc-bossGroup--thread1] INFO  logging.LoggingHandler (AbstractInternalLogger.java:log(148)) - [id: 0x4d7a3140, L:/0.0.0.0:15069] ACTIVE
2023-12-19 18:17:53,749 [main] INFO  replication.ReplicationServer (ReplicationServer.java:<init>(85)) - Initializing replication server with thread count = 10 queue length = 4096
2023-12-19 18:17:53,750 [main] INFO  server.XceiverServerGrpc (XceiverServerGrpc.java:<init>(141)) - GrpcServer channel type EpollServerSocketChannel
2023-12-19 18:17:53,752 [main] INFO  replication.ReplicationSupervisor (ReplicationSupervisor.java:build(163)) - Initializing replication supervisor with thread count = 10
2023-12-19 18:17:53,752 [main] INFO  replication.ReplicationSupervisor (ReplicationSupervisor.java:nodeStateUpdated(317)) - Node state updated to IN_SERVICE, scaling executor pool size to 10
2023-12-19 18:17:53,757 [main] INFO  http.BaseHttpServer (BaseHttpServer.java:newHttpServer2BuilderForOzone(223)) - Starting Web-server for hddsDatanode at: http://0.0.0.0:15063
2023-12-19 18:17:53,758 [main] INFO  http.BaseHttpServer (BaseHttpServer.java:<init>(110)) - Hadoop Security Enabled: false Ozone Security Enabled: false Ozone HTTP Security Enabled: false 
2023-12-19 18:17:53,759 [main] WARN  server.AuthenticationFilter (AuthenticationFilter.java:constructSecretProvider(240)) - Unable to initialize FileSignerSecretProvider, falling back to use random secrets. Reason: Could not read signature secret file: /home/runner/hadoop-http-auth-signature-secret
2023-12-19 18:17:53,760 [main] INFO  http.HttpRequestLog (HttpRequestLog.java:getRequestLog(86)) - Http request log for http.requests.hddsDatanode is not defined
2023-12-19 18:17:53,761 [main] INFO  http.HttpServer2 (HttpServer2.java:addGlobalFilter(1036)) - Added global filter 'safety' (class=org.apache.hadoop.hdds.server.http.HttpServer2$QuotingInputFilter)
2023-12-19 18:17:53,762 [main] INFO  http.HttpServer2 (HttpServer2.java:addFilter(1012)) - Added filter static_user_filter (class=org.apache.hadoop.http.lib.StaticUserWebFilter$StaticUserFilter) to context hddsDatanode
2023-12-19 18:17:53,762 [main] INFO  http.HttpServer2 (HttpServer2.java:addFilter(1020)) - Added filter static_user_filter (class=org.apache.hadoop.http.lib.StaticUserWebFilter$StaticUserFilter) to context static
2023-12-19 18:17:53,762 [main] INFO  http.HttpServer2 (HttpServer2.java:addFilter(1020)) - Added filter static_user_filter (class=org.apache.hadoop.http.lib.StaticUserWebFilter$StaticUserFilter) to context logs
2023-12-19 18:17:53,763 [main] INFO  http.BaseHttpServer (BaseHttpServer.java:<init>(189)) - HTTP server of hddsDatanode uses base directory /home/runner/work/ozone/ozone/hadoop-ozone/integration-test/target/test-dir/MiniOzoneClusterImpl-c3f67427-b36b-4ee4-bde0-91623ce58163/datanode-6/meta/webserver
2023-12-19 18:17:53,763 [main] INFO  http.HttpServer2 (HttpServer2.java:bindListener(1236)) - Jetty bound to port 15063
2023-12-19 18:17:53,763 [main] INFO  server.Server (Server.java:doStart(375)) - jetty-9.4.53.v20231009; built: 2023-10-09T12:29:09.265Z; git: 27bde00a0b95a1d5bbee0eae7984f891d2d0f8c9; jvm 1.8.0_392-b08
2023-12-19 18:17:53,764 [main] INFO  server.session (DefaultSessionIdManager.java:doStart(334)) - DefaultSessionIdManager workerName=node0
2023-12-19 18:17:53,765 [main] INFO  server.session (DefaultSessionIdManager.java:doStart(339)) - No SessionScavenger set, using defaults
2023-12-19 18:17:53,765 [main] INFO  server.session (HouseKeeper.java:startScavenging(132)) - node0 Scavenging every 600000ms
2023-12-19 18:17:53,766 [main] INFO  handler.ContextHandler (ContextHandler.java:doStart(921)) - Started o.e.j.s.ServletContextHandler@534d4022{logs,/logs,file:///home/runner/work/ozone/ozone/hadoop-ozone/integration-test/target/log,AVAILABLE}
2023-12-19 18:17:53,766 [main] INFO  handler.ContextHandler (ContextHandler.java:doStart(921)) - Started o.e.j.s.ServletContextHandler@1ca46bf{static,/static,jar:file:/home/runner/.m2/repository/org/apache/ozone/hdds-container-service/1.5.0-SNAPSHOT/hdds-container-service-1.5.0-SNAPSHOT.jar!/webapps/static,AVAILABLE}
2023-12-19 18:17:53,808 [main] INFO  handler.ContextHandler (ContextHandler.java:doStart(921)) - Started o.e.j.w.WebAppContext@64c2543{hddsDatanode,/,file:///home/runner/work/ozone/ozone/hadoop-ozone/integration-test/target/test-dir/MiniOzoneClusterImpl-c3f67427-b36b-4ee4-bde0-91623ce58163/datanode-6/meta/webserver/jetty-0_0_0_0-15063-hdds-container-service-1_5_0-SNAPSHOT_jar-_-any-2900403157887349366/webapp/,AVAILABLE}{jar:file:/home/runner/.m2/repository/org/apache/ozone/hdds-container-service/1.5.0-SNAPSHOT/hdds-container-service-1.5.0-SNAPSHOT.jar!/webapps/hddsDatanode}
2023-12-19 18:17:53,833 [main] INFO  server.AbstractConnector (AbstractConnector.java:doStart(333)) - Started ServerConnector@a2ea05b{HTTP/1.1, (http/1.1)}{0.0.0.0:15063}
2023-12-19 18:17:53,833 [main] INFO  server.Server (Server.java:doStart(415)) - Started @8253ms
2023-12-19 18:17:53,833 [main] WARN  impl.MetricsSystemImpl (MetricsSystemImpl.java:register(279)) - Sink prometheus already exists!
2023-12-19 18:17:53,833 [main] INFO  http.BaseHttpServer (BaseHttpServer.java:updateConnectorAddress(354)) - HTTP server of hddsDatanode listening at http://0.0.0.0:15063
2023-12-19 18:17:53,834 [main] INFO  ipc.CallQueueManager (CallQueueManager.java:<init>(90)) - Using callQueue: class java.util.concurrent.LinkedBlockingQueue, queueCapacity: 100, scheduler: class org.apache.hadoop.ipc.DefaultRpcScheduler, ipcBackoff: false.
2023-12-19 18:17:53,834 [main] INFO  ipc.Server (Server.java:<init>(1287)) - Listener at 0.0.0.0:15064
2023-12-19 18:17:53,834 [Socket Reader #1 for port 15064] INFO  ipc.Server (Server.java:run(1323)) - Starting Socket Reader #1 for port 15064
2023-12-19 18:17:53,837 [main] INFO  ozone.HddsDatanodeService (HddsDatanodeService.java:start(324)) - Datanode start with admins: [runner]
2023-12-19 18:17:53,837 [main] INFO  ozone.HddsDatanodeClientProtocolServer (HddsDatanodeClientProtocolServer.java:start(72)) - RPC server for Client /0.0.0.0:15064
2023-12-19 18:17:53,837 [IPC Server Responder] INFO  ipc.Server (Server.java:run(1562)) - IPC Server Responder: starting
2023-12-19 18:17:53,837 [IPC Server listener on 15064] INFO  ipc.Server (Server.java:run(1402)) - IPC Server listener on 15064: starting
2023-12-19 18:17:53,841 [cc2d5096-cbf7-4b7f-9694-9910b4c75033-DatanodeStateMachineDaemonThread] INFO  statemachine.DatanodeStateMachine (DatanodeStateMachine.java:lambda$startDaemon$1(555)) - Ozone container server started.
2023-12-19 18:17:53,841 [main] WARN  dropwizard3.Dm3MetricRegistriesImpl (Dm3MetricRegistriesImpl.java:addReporterRegistration(113)) - New reporters are added after registries were created. Some metrics will be missing from the reporter. Please add reporter before adding any new registry.
2023-12-19 18:17:53,842 [main] WARN  dropwizard3.Dm3MetricRegistriesImpl (Dm3MetricRegistriesImpl.java:addReporterRegistration(113)) - New reporters are added after registries were created. Some metrics will be missing from the reporter. Please add reporter before adding any new registry.
2023-12-19 18:17:53,842 [main] INFO  impl.MetricsSystemImpl (MetricsSystemImpl.java:init(158)) - HddsDatanode metrics system started (again)
2023-12-19 18:17:53,846 [cc2d5096-cbf7-4b7f-9694-9910b4c75033-DatanodeStateMachineTaskThread-0] INFO  datanode.InitDatanodeState (InitDatanodeState.java:persistContainerDatanodeDetails(139)) - DatanodeDetails is persisted to /home/runner/work/ozone/ozone/hadoop-ozone/integration-test/target/test-dir/MiniOzoneClusterImpl-c3f67427-b36b-4ee4-bde0-91623ce58163/datanode-6/meta/datanode.id
2023-12-19 18:17:53,851 [main] INFO  ozone.HddsDatanodeService (HddsDatanodeService.java:start(239)) - HddsDatanodeService host:fv-az1381-513.cyf22sgur2jupkghqkt4lwlvwe.cx.internal.cloudapp.net ip:10.1.0.19
2023-12-19 18:17:53,871 [main] INFO  upgrade.AbstractLayoutVersionManager (AbstractLayoutVersionManager.java:init(83)) - Initializing Layout version manager with metadata layout = HADOOP_PRC_PORTS_IN_DATANODEDETAILS (version = 7), software layout = HADOOP_PRC_PORTS_IN_DATANODEDETAILS (version = 7)
2023-12-19 18:17:53,871 [main] INFO  statemachine.DatanodeStateMachine (DatanodeStateMachine.java:getEndPointTaskThreadPoolSize(299)) - Datanode State Machine Task Thread Pool size 2
2023-12-19 18:17:53,873 [main] INFO  volume.HddsVolume (HddsVolume.java:<init>(126)) - Creating HddsVolume: /home/runner/work/ozone/ozone/hadoop-ozone/integration-test/target/test-dir/MiniOzoneClusterImpl-c3f67427-b36b-4ee4-bde0-91623ce58163/datanode-7/data-0/containers/hdds of storage type : DISK capacity : 9223372036854775807
2023-12-19 18:17:53,873 [main] INFO  volume.MutableVolumeSet (MutableVolumeSet.java:initializeVolumeSet(173)) - Added Volume : /home/runner/work/ozone/ozone/hadoop-ozone/integration-test/target/test-dir/MiniOzoneClusterImpl-c3f67427-b36b-4ee4-bde0-91623ce58163/datanode-7/data-0/containers/hdds to VolumeSet
2023-12-19 18:17:53,874 [main] INFO  volume.MutableVolumeSet (MutableVolumeSet.java:initializeVolumeSet(173)) - Added Volume : /home/runner/work/ozone/ozone/hadoop-ozone/integration-test/target/test-dir/MiniOzoneClusterImpl-c3f67427-b36b-4ee4-bde0-91623ce58163/datanode-7/data/ratis to VolumeSet
2023-12-19 18:17:53,875 [main] INFO  ozoneimpl.OzoneContainer (HddsVolumeUtil.java:loadAllHddsVolumeDbStore(103)) - Load 1 volumes DbStore cost: 0ms
2023-12-19 18:17:53,875 [93d2edcd-6a6f-4cb3-ab2d-c0ab5a0bb6d7-ContainerReader-0] INFO  ozoneimpl.ContainerReader (ContainerReader.java:readVolume(177)) - Finish verifying containers on volume /home/runner/work/ozone/ozone/hadoop-ozone/integration-test/target/test-dir/MiniOzoneClusterImpl-c3f67427-b36b-4ee4-bde0-91623ce58163/datanode-7/data-0/containers/hdds
2023-12-19 18:17:53,876 [main] INFO  ozoneimpl.OzoneContainer (OzoneContainer.java:buildContainerSet(326)) - Build ContainerSet costs 0s
2023-12-19 18:17:53,878 [main] INFO  server.RaftServer (ConfUtils.java:logGet(46)) - raft.rpc.type = GRPC (default)
2023-12-19 18:17:53,879 [main] INFO  grpc.GrpcConfigKeys (ConfUtils.java:logFallback(53)) - raft.grpc.admin.host = null (fallback to raft.grpc.server.host)
2023-12-19 18:17:53,879 [main] INFO  grpc.GrpcConfigKeys (ConfUtils.java:logGet(46)) - raft.grpc.admin.port = 15076 (custom)
2023-12-19 18:17:53,879 [main] INFO  grpc.GrpcConfigKeys (ConfUtils.java:logFallback(53)) - raft.grpc.client.host = null (fallback to raft.grpc.server.host)
2023-12-19 18:17:53,879 [main] INFO  grpc.GrpcConfigKeys (ConfUtils.java:logGet(46)) - raft.grpc.client.port = 15075 (custom)
2023-12-19 18:17:53,879 [main] INFO  grpc.GrpcConfigKeys (ConfUtils.java:logGet(46)) - raft.grpc.server.host = null (default)
2023-12-19 18:17:53,880 [main] INFO  grpc.GrpcConfigKeys (ConfUtils.java:logGet(46)) - raft.grpc.server.port = 15077 (custom)
2023-12-19 18:17:53,880 [main] INFO  server.GrpcService (ConfUtils.java:logGet(46)) - raft.grpc.message.size.max = 32MB (=33554432) (custom)
2023-12-19 18:17:53,880 [main] INFO  server.RaftServerConfigKeys (ConfUtils.java:logGet(46)) - raft.server.log.appender.buffer.byte-limit = 8388608 (custom)
2023-12-19 18:17:53,880 [main] INFO  server.GrpcService (ConfUtils.java:logGet(46)) - raft.grpc.flow.control.window = 5MB (=5242880) (custom)
2023-12-19 18:17:53,880 [main] INFO  server.RaftServerConfigKeys (ConfUtils.java:logGet(46)) - raft.server.rpc.request.timeout = 60s (custom)
2023-12-19 18:17:53,881 [main] INFO  grpc.GrpcConfigKeys (ConfUtils.java:logGet(46)) - raft.grpc.server.heartbeat.channel = true (default)
2023-12-19 18:17:53,881 [main] INFO  grpc.GrpcConfigKeys (ConfUtils.java:logGet(46)) - raft.grpc.server.async.request.thread.pool.cached = true (default)
2023-12-19 18:17:53,881 [main] INFO  grpc.GrpcConfigKeys (ConfUtils.java:logGet(46)) - raft.grpc.server.async.request.thread.pool.size = 32 (default)
2023-12-19 18:17:53,883 [main] INFO  impl.DataStreamServerImpl (ConfUtils.java:logGet(46)) - raft.datastream.type = NETTY (custom)
2023-12-19 18:17:53,883 [main] INFO  server.RaftServerConfigKeys (ConfUtils.java:logGet(46)) - raft.server.data-stream.async.request.thread.pool.cached = false (default)
2023-12-19 18:17:53,883 [main] INFO  server.RaftServerConfigKeys (ConfUtils.java:logGet(46)) - raft.server.data-stream.async.request.thread.pool.size = 20 (custom)
2023-12-19 18:17:53,883 [main] INFO  server.RaftServerConfigKeys (ConfUtils.java:logGet(46)) - raft.server.data-stream.async.write.thread.pool.size = 16 (default)
2023-12-19 18:17:53,884 [main] INFO  netty.NettyConfigKeys$DataStream (ConfUtils.java:logGet(46)) - raft.netty.dataStream.server.channel.inactive.grace-period = 10min (default)
2023-12-19 18:17:53,884 [main] INFO  server.RaftServerConfigKeys (ConfUtils.java:logGet(46)) - raft.server.data-stream.client.pool.size = 10 (default)
2023-12-19 18:17:53,884 [main] INFO  netty.NettyConfigKeys$DataStream (ConfUtils.java:logGet(46)) - raft.netty.dataStream.server.use-epoll = true (default)
2023-12-19 18:17:53,884 [main] INFO  netty.NettyConfigKeys$DataStream (ConfUtils.java:logGet(46)) - raft.netty.dataStream.server.boss-group.size = 0 (default)
2023-12-19 18:17:53,884 [main] INFO  netty.NettyUtils (NettyUtils.java:newEventLoopGroup(69)) - Create EpollEventLoopGroup for 93d2edcd-6a6f-4cb3-ab2d-c0ab5a0bb6d7-NettyServerStreamRpc-bossGroup; Thread size is 0.
2023-12-19 18:17:53,885 [main] INFO  netty.NettyConfigKeys$DataStream (ConfUtils.java:logGet(46)) - raft.netty.dataStream.server.worker-group.size = 0 (default)
2023-12-19 18:17:53,885 [main] INFO  netty.NettyUtils (NettyUtils.java:newEventLoopGroup(69)) - Create EpollEventLoopGroup for 93d2edcd-6a6f-4cb3-ab2d-c0ab5a0bb6d7-NettyServerStreamRpc-workerGroup; Thread size is 0.
2023-12-19 18:17:53,885 [main] INFO  netty.NettyConfigKeys$DataStream (ConfUtils.java:logGet(46)) - raft.netty.dataStream.server.tls.conf = null (default)
2023-12-19 18:17:53,886 [main] INFO  netty.NettyConfigKeys$DataStream (ConfUtils.java:logGet(46)) - raft.netty.dataStream.host = null (default)
2023-12-19 18:17:53,886 [main] INFO  netty.NettyConfigKeys$DataStream (ConfUtils.java:logGet(46)) - raft.netty.dataStream.port = 15078 (custom)
2023-12-19 18:17:53,886 [main] INFO  server.RaftServerConfigKeys (ConfUtils.java:logGet(46)) - raft.server.sleep.deviation.threshold = 300ms (default)
2023-12-19 18:17:53,887 [main] INFO  server.RaftServerConfigKeys (ConfUtils.java:logGet(46)) - raft.server.close.threshold = 60s (default)
2023-12-19 18:17:53,887 [93d2edcd-6a6f-4cb3-ab2d-c0ab5a0bb6d7-NettyServerStreamRpc-bossGroup--thread1] INFO  logging.LoggingHandler (AbstractInternalLogger.java:log(148)) - [id: 0xf0bb9539] REGISTERED
2023-12-19 18:17:53,887 [main] INFO  server.RaftServerConfigKeys (ConfUtils.java:logGet(46)) - raft.server.leaderelection.leader.step-down.wait-time = 10s (default)
2023-12-19 18:17:53,887 [93d2edcd-6a6f-4cb3-ab2d-c0ab5a0bb6d7-NettyServerStreamRpc-bossGroup--thread1] INFO  logging.LoggingHandler (AbstractInternalLogger.java:log(148)) - [id: 0xf0bb9539] BIND: 0.0.0.0/0.0.0.0:15078
2023-12-19 18:17:53,888 [main] INFO  server.RaftServerConfigKeys (ConfUtils.java:logGet(46)) - raft.server.storage.dir = [/home/runner/work/ozone/ozone/hadoop-ozone/integration-test/target/test-dir/MiniOzoneClusterImpl-c3f67427-b36b-4ee4-bde0-91623ce58163/datanode-7/data/ratis] (custom)
2023-12-19 18:17:53,888 [93d2edcd-6a6f-4cb3-ab2d-c0ab5a0bb6d7-NettyServerStreamRpc-bossGroup--thread1] INFO  logging.LoggingHandler (AbstractInternalLogger.java:log(148)) - [id: 0xf0bb9539, L:/0.0.0.0:15078] ACTIVE
2023-12-19 18:17:53,888 [main] INFO  server.RaftServerConfigKeys (ConfUtils.java:logGet(46)) - raft.server.threadpool.proxy.cached = true (default)
2023-12-19 18:17:53,888 [main] INFO  server.RaftServerConfigKeys (ConfUtils.java:logGet(46)) - raft.server.threadpool.proxy.size = 0 (default)
2023-12-19 18:17:53,888 [93d2edcd-6a6f-4cb3-ab2d-c0ab5a0bb6d7-impl-thread1] INFO  server.RaftServer (RaftServerProxy.java:initGroupDir(264)) - 93d2edcd-6a6f-4cb3-ab2d-c0ab5a0bb6d7: found a subdirectory /home/runner/work/ozone/ozone/hadoop-ozone/integration-test/target/test-dir/MiniOzoneClusterImpl-c3f67427-b36b-4ee4-bde0-91623ce58163/datanode-7/data/ratis/tmp
2023-12-19 18:17:53,888 [93d2edcd-6a6f-4cb3-ab2d-c0ab5a0bb6d7-impl-thread1] INFO  server.RaftServer (RaftServerProxy.java:initGroupDir(269)) - 93d2edcd-6a6f-4cb3-ab2d-c0ab5a0bb6d7: The directory /home/runner/work/ozone/ozone/hadoop-ozone/integration-test/target/test-dir/MiniOzoneClusterImpl-c3f67427-b36b-4ee4-bde0-91623ce58163/datanode-7/data/ratis/tmp is not a group directory; ignoring it. 
2023-12-19 18:17:53,889 [main] INFO  replication.ReplicationServer (ReplicationServer.java:<init>(85)) - Initializing replication server with thread count = 10 queue length = 4096
2023-12-19 18:17:53,890 [main] INFO  server.XceiverServerGrpc (XceiverServerGrpc.java:<init>(141)) - GrpcServer channel type EpollServerSocketChannel
2023-12-19 18:17:53,892 [main] INFO  replication.ReplicationSupervisor (ReplicationSupervisor.java:build(163)) - Initializing replication supervisor with thread count = 10
2023-12-19 18:17:53,892 [main] INFO  replication.ReplicationSupervisor (ReplicationSupervisor.java:nodeStateUpdated(317)) - Node state updated to IN_SERVICE, scaling executor pool size to 10
2023-12-19 18:17:53,894 [main] INFO  http.BaseHttpServer (BaseHttpServer.java:newHttpServer2BuilderForOzone(223)) - Starting Web-server for hddsDatanode at: http://0.0.0.0:15072
2023-12-19 18:17:53,894 [main] INFO  http.BaseHttpServer (BaseHttpServer.java:<init>(110)) - Hadoop Security Enabled: false Ozone Security Enabled: false Ozone HTTP Security Enabled: false 
2023-12-19 18:17:53,896 [main] WARN  server.AuthenticationFilter (AuthenticationFilter.java:constructSecretProvider(240)) - Unable to initialize FileSignerSecretProvider, falling back to use random secrets. Reason: Could not read signature secret file: /home/runner/hadoop-http-auth-signature-secret
2023-12-19 18:17:53,896 [main] INFO  http.HttpRequestLog (HttpRequestLog.java:getRequestLog(86)) - Http request log for http.requests.hddsDatanode is not defined
2023-12-19 18:17:53,897 [main] INFO  http.HttpServer2 (HttpServer2.java:addGlobalFilter(1036)) - Added global filter 'safety' (class=org.apache.hadoop.hdds.server.http.HttpServer2$QuotingInputFilter)
2023-12-19 18:17:53,898 [main] INFO  http.HttpServer2 (HttpServer2.java:addFilter(1012)) - Added filter static_user_filter (class=org.apache.hadoop.http.lib.StaticUserWebFilter$StaticUserFilter) to context hddsDatanode
2023-12-19 18:17:53,899 [main] INFO  http.HttpServer2 (HttpServer2.java:addFilter(1020)) - Added filter static_user_filter (class=org.apache.hadoop.http.lib.StaticUserWebFilter$StaticUserFilter) to context logs
2023-12-19 18:17:53,899 [main] INFO  http.HttpServer2 (HttpServer2.java:addFilter(1020)) - Added filter static_user_filter (class=org.apache.hadoop.http.lib.StaticUserWebFilter$StaticUserFilter) to context static
2023-12-19 18:17:53,899 [main] INFO  http.BaseHttpServer (BaseHttpServer.java:<init>(189)) - HTTP server of hddsDatanode uses base directory /home/runner/work/ozone/ozone/hadoop-ozone/integration-test/target/test-dir/MiniOzoneClusterImpl-c3f67427-b36b-4ee4-bde0-91623ce58163/datanode-7/meta/webserver
2023-12-19 18:17:53,900 [main] INFO  http.HttpServer2 (HttpServer2.java:bindListener(1236)) - Jetty bound to port 15072
2023-12-19 18:17:53,900 [main] INFO  server.Server (Server.java:doStart(375)) - jetty-9.4.53.v20231009; built: 2023-10-09T12:29:09.265Z; git: 27bde00a0b95a1d5bbee0eae7984f891d2d0f8c9; jvm 1.8.0_392-b08
2023-12-19 18:17:53,901 [main] INFO  server.session (DefaultSessionIdManager.java:doStart(334)) - DefaultSessionIdManager workerName=node0
2023-12-19 18:17:53,901 [main] INFO  server.session (DefaultSessionIdManager.java:doStart(339)) - No SessionScavenger set, using defaults
2023-12-19 18:17:53,902 [main] INFO  server.session (HouseKeeper.java:startScavenging(132)) - node0 Scavenging every 660000ms
2023-12-19 18:17:53,902 [main] INFO  handler.ContextHandler (ContextHandler.java:doStart(921)) - Started o.e.j.s.ServletContextHandler@569639ef{logs,/logs,file:///home/runner/work/ozone/ozone/hadoop-ozone/integration-test/target/log,AVAILABLE}
2023-12-19 18:17:53,903 [main] INFO  handler.ContextHandler (ContextHandler.java:doStart(921)) - Started o.e.j.s.ServletContextHandler@29c76aad{static,/static,jar:file:/home/runner/.m2/repository/org/apache/ozone/hdds-container-service/1.5.0-SNAPSHOT/hdds-container-service-1.5.0-SNAPSHOT.jar!/webapps/static,AVAILABLE}
2023-12-19 18:17:53,935 [main] INFO  handler.ContextHandler (ContextHandler.java:doStart(921)) - Started o.e.j.w.WebAppContext@31855207{hddsDatanode,/,file:///home/runner/work/ozone/ozone/hadoop-ozone/integration-test/target/test-dir/MiniOzoneClusterImpl-c3f67427-b36b-4ee4-bde0-91623ce58163/datanode-7/meta/webserver/jetty-0_0_0_0-15072-hdds-container-service-1_5_0-SNAPSHOT_jar-_-any-5528162861195255958/webapp/,AVAILABLE}{jar:file:/home/runner/.m2/repository/org/apache/ozone/hdds-container-service/1.5.0-SNAPSHOT/hdds-container-service-1.5.0-SNAPSHOT.jar!/webapps/hddsDatanode}
2023-12-19 18:17:53,937 [main] INFO  server.AbstractConnector (AbstractConnector.java:doStart(333)) - Started ServerConnector@390b15c0{HTTP/1.1, (http/1.1)}{0.0.0.0:15072}
2023-12-19 18:17:53,937 [main] INFO  server.Server (Server.java:doStart(415)) - Started @8358ms
2023-12-19 18:17:53,937 [main] WARN  impl.MetricsSystemImpl (MetricsSystemImpl.java:register(279)) - Sink prometheus already exists!
2023-12-19 18:17:53,938 [main] INFO  http.BaseHttpServer (BaseHttpServer.java:updateConnectorAddress(354)) - HTTP server of hddsDatanode listening at http://0.0.0.0:15072
2023-12-19 18:17:53,938 [main] INFO  ipc.CallQueueManager (CallQueueManager.java:<init>(90)) - Using callQueue: class java.util.concurrent.LinkedBlockingQueue, queueCapacity: 100, scheduler: class org.apache.hadoop.ipc.DefaultRpcScheduler, ipcBackoff: false.
2023-12-19 18:17:53,938 [main] INFO  ipc.Server (Server.java:<init>(1287)) - Listener at 0.0.0.0:15073
2023-12-19 18:17:53,938 [Socket Reader #1 for port 15073] INFO  ipc.Server (Server.java:run(1323)) - Starting Socket Reader #1 for port 15073
2023-12-19 18:17:53,940 [main] INFO  ozone.HddsDatanodeService (HddsDatanodeService.java:start(324)) - Datanode start with admins: [runner]
2023-12-19 18:17:53,940 [main] INFO  ozone.HddsDatanodeClientProtocolServer (HddsDatanodeClientProtocolServer.java:start(72)) - RPC server for Client /0.0.0.0:15073
2023-12-19 18:17:53,941 [IPC Server Responder] INFO  ipc.Server (Server.java:run(1562)) - IPC Server Responder: starting
2023-12-19 18:17:53,941 [IPC Server listener on 15073] INFO  ipc.Server (Server.java:run(1402)) - IPC Server listener on 15073: starting
2023-12-19 18:17:53,945 [93d2edcd-6a6f-4cb3-ab2d-c0ab5a0bb6d7-DatanodeStateMachineDaemonThread] INFO  statemachine.DatanodeStateMachine (DatanodeStateMachine.java:lambda$startDaemon$1(555)) - Ozone container server started.
2023-12-19 18:17:53,945 [main] WARN  dropwizard3.Dm3MetricRegistriesImpl (Dm3MetricRegistriesImpl.java:addReporterRegistration(113)) - New reporters are added after registries were created. Some metrics will be missing from the reporter. Please add reporter before adding any new registry.
2023-12-19 18:17:53,946 [main] WARN  dropwizard3.Dm3MetricRegistriesImpl (Dm3MetricRegistriesImpl.java:addReporterRegistration(113)) - New reporters are added after registries were created. Some metrics will be missing from the reporter. Please add reporter before adding any new registry.
2023-12-19 18:17:53,946 [main] INFO  impl.MetricsSystemImpl (MetricsSystemImpl.java:init(158)) - HddsDatanode metrics system started (again)
2023-12-19 18:17:53,950 [93d2edcd-6a6f-4cb3-ab2d-c0ab5a0bb6d7-DatanodeStateMachineTaskThread-0] INFO  datanode.InitDatanodeState (InitDatanodeState.java:persistContainerDatanodeDetails(139)) - DatanodeDetails is persisted to /home/runner/work/ozone/ozone/hadoop-ozone/integration-test/target/test-dir/MiniOzoneClusterImpl-c3f67427-b36b-4ee4-bde0-91623ce58163/datanode-7/meta/datanode.id
2023-12-19 18:17:53,955 [main] INFO  ozone.HddsDatanodeService (HddsDatanodeService.java:start(239)) - HddsDatanodeService host:fv-az1381-513.cyf22sgur2jupkghqkt4lwlvwe.cx.internal.cloudapp.net ip:10.1.0.19
2023-12-19 18:17:53,973 [main] INFO  upgrade.AbstractLayoutVersionManager (AbstractLayoutVersionManager.java:init(83)) - Initializing Layout version manager with metadata layout = HADOOP_PRC_PORTS_IN_DATANODEDETAILS (version = 7), software layout = HADOOP_PRC_PORTS_IN_DATANODEDETAILS (version = 7)
2023-12-19 18:17:53,973 [main] INFO  statemachine.DatanodeStateMachine (DatanodeStateMachine.java:getEndPointTaskThreadPoolSize(299)) - Datanode State Machine Task Thread Pool size 2
2023-12-19 18:17:53,975 [main] INFO  volume.HddsVolume (HddsVolume.java:<init>(126)) - Creating HddsVolume: /home/runner/work/ozone/ozone/hadoop-ozone/integration-test/target/test-dir/MiniOzoneClusterImpl-c3f67427-b36b-4ee4-bde0-91623ce58163/datanode-8/data-0/containers/hdds of storage type : DISK capacity : 9223372036854775807
2023-12-19 18:17:53,975 [main] INFO  volume.MutableVolumeSet (MutableVolumeSet.java:initializeVolumeSet(173)) - Added Volume : /home/runner/work/ozone/ozone/hadoop-ozone/integration-test/target/test-dir/MiniOzoneClusterImpl-c3f67427-b36b-4ee4-bde0-91623ce58163/datanode-8/data-0/containers/hdds to VolumeSet
2023-12-19 18:17:53,976 [main] INFO  volume.MutableVolumeSet (MutableVolumeSet.java:initializeVolumeSet(173)) - Added Volume : /home/runner/work/ozone/ozone/hadoop-ozone/integration-test/target/test-dir/MiniOzoneClusterImpl-c3f67427-b36b-4ee4-bde0-91623ce58163/datanode-8/data/ratis to VolumeSet
2023-12-19 18:17:53,976 [main] INFO  ozoneimpl.OzoneContainer (HddsVolumeUtil.java:loadAllHddsVolumeDbStore(103)) - Load 1 volumes DbStore cost: 0ms
2023-12-19 18:17:53,977 [8a9232c4-f36b-4377-b9ad-83954010d1e2-ContainerReader-0] INFO  ozoneimpl.ContainerReader (ContainerReader.java:readVolume(177)) - Finish verifying containers on volume /home/runner/work/ozone/ozone/hadoop-ozone/integration-test/target/test-dir/MiniOzoneClusterImpl-c3f67427-b36b-4ee4-bde0-91623ce58163/datanode-8/data-0/containers/hdds
2023-12-19 18:17:53,977 [main] INFO  ozoneimpl.OzoneContainer (OzoneContainer.java:buildContainerSet(326)) - Build ContainerSet costs 0s
2023-12-19 18:17:53,980 [main] INFO  server.RaftServer (ConfUtils.java:logGet(46)) - raft.rpc.type = GRPC (default)
2023-12-19 18:17:53,980 [main] INFO  grpc.GrpcConfigKeys (ConfUtils.java:logFallback(53)) - raft.grpc.admin.host = null (fallback to raft.grpc.server.host)
2023-12-19 18:17:53,980 [main] INFO  grpc.GrpcConfigKeys (ConfUtils.java:logGet(46)) - raft.grpc.admin.port = 15085 (custom)
2023-12-19 18:17:53,980 [main] INFO  grpc.GrpcConfigKeys (ConfUtils.java:logFallback(53)) - raft.grpc.client.host = null (fallback to raft.grpc.server.host)
2023-12-19 18:17:53,981 [main] INFO  grpc.GrpcConfigKeys (ConfUtils.java:logGet(46)) - raft.grpc.client.port = 15084 (custom)
2023-12-19 18:17:53,981 [main] INFO  grpc.GrpcConfigKeys (ConfUtils.java:logGet(46)) - raft.grpc.server.host = null (default)
2023-12-19 18:17:53,981 [main] INFO  grpc.GrpcConfigKeys (ConfUtils.java:logGet(46)) - raft.grpc.server.port = 15086 (custom)
2023-12-19 18:17:53,981 [main] INFO  server.GrpcService (ConfUtils.java:logGet(46)) - raft.grpc.message.size.max = 32MB (=33554432) (custom)
2023-12-19 18:17:53,981 [main] INFO  server.RaftServerConfigKeys (ConfUtils.java:logGet(46)) - raft.server.log.appender.buffer.byte-limit = 8388608 (custom)
2023-12-19 18:17:53,982 [main] INFO  server.GrpcService (ConfUtils.java:logGet(46)) - raft.grpc.flow.control.window = 5MB (=5242880) (custom)
2023-12-19 18:17:53,982 [main] INFO  server.RaftServerConfigKeys (ConfUtils.java:logGet(46)) - raft.server.rpc.request.timeout = 60s (custom)
2023-12-19 18:17:53,982 [main] INFO  grpc.GrpcConfigKeys (ConfUtils.java:logGet(46)) - raft.grpc.server.heartbeat.channel = true (default)
2023-12-19 18:17:53,982 [main] INFO  grpc.GrpcConfigKeys (ConfUtils.java:logGet(46)) - raft.grpc.server.async.request.thread.pool.cached = true (default)
2023-12-19 18:17:53,982 [main] INFO  grpc.GrpcConfigKeys (ConfUtils.java:logGet(46)) - raft.grpc.server.async.request.thread.pool.size = 32 (default)
2023-12-19 18:17:53,985 [main] INFO  impl.DataStreamServerImpl (ConfUtils.java:logGet(46)) - raft.datastream.type = NETTY (custom)
2023-12-19 18:17:53,985 [main] INFO  server.RaftServerConfigKeys (ConfUtils.java:logGet(46)) - raft.server.data-stream.async.request.thread.pool.cached = false (default)
2023-12-19 18:17:53,986 [main] INFO  server.RaftServerConfigKeys (ConfUtils.java:logGet(46)) - raft.server.data-stream.async.request.thread.pool.size = 20 (custom)
2023-12-19 18:17:53,986 [main] INFO  server.RaftServerConfigKeys (ConfUtils.java:logGet(46)) - raft.server.data-stream.async.write.thread.pool.size = 16 (default)
2023-12-19 18:17:53,986 [main] INFO  netty.NettyConfigKeys$DataStream (ConfUtils.java:logGet(46)) - raft.netty.dataStream.server.channel.inactive.grace-period = 10min (default)
2023-12-19 18:17:53,986 [main] INFO  server.RaftServerConfigKeys (ConfUtils.java:logGet(46)) - raft.server.data-stream.client.pool.size = 10 (default)
2023-12-19 18:17:53,987 [main] INFO  netty.NettyConfigKeys$DataStream (ConfUtils.java:logGet(46)) - raft.netty.dataStream.server.use-epoll = true (default)
2023-12-19 18:17:53,987 [main] INFO  netty.NettyConfigKeys$DataStream (ConfUtils.java:logGet(46)) - raft.netty.dataStream.server.boss-group.size = 0 (default)
2023-12-19 18:17:53,987 [main] INFO  netty.NettyUtils (NettyUtils.java:newEventLoopGroup(69)) - Create EpollEventLoopGroup for 8a9232c4-f36b-4377-b9ad-83954010d1e2-NettyServerStreamRpc-bossGroup; Thread size is 0.
2023-12-19 18:17:53,988 [main] INFO  netty.NettyConfigKeys$DataStream (ConfUtils.java:logGet(46)) - raft.netty.dataStream.server.worker-group.size = 0 (default)
2023-12-19 18:17:53,988 [main] INFO  netty.NettyUtils (NettyUtils.java:newEventLoopGroup(69)) - Create EpollEventLoopGroup for 8a9232c4-f36b-4377-b9ad-83954010d1e2-NettyServerStreamRpc-workerGroup; Thread size is 0.
2023-12-19 18:17:53,988 [main] INFO  netty.NettyConfigKeys$DataStream (ConfUtils.java:logGet(46)) - raft.netty.dataStream.server.tls.conf = null (default)
2023-12-19 18:17:53,989 [main] INFO  netty.NettyConfigKeys$DataStream (ConfUtils.java:logGet(46)) - raft.netty.dataStream.host = null (default)
2023-12-19 18:17:53,989 [main] INFO  netty.NettyConfigKeys$DataStream (ConfUtils.java:logGet(46)) - raft.netty.dataStream.port = 15087 (custom)
2023-12-19 18:17:53,989 [main] INFO  server.RaftServerConfigKeys (ConfUtils.java:logGet(46)) - raft.server.sleep.deviation.threshold = 300ms (default)
2023-12-19 18:17:53,990 [main] INFO  server.RaftServerConfigKeys (ConfUtils.java:logGet(46)) - raft.server.close.threshold = 60s (default)
2023-12-19 18:17:53,991 [8a9232c4-f36b-4377-b9ad-83954010d1e2-NettyServerStreamRpc-bossGroup--thread1] INFO  logging.LoggingHandler (AbstractInternalLogger.java:log(148)) - [id: 0x141caff1] REGISTERED
2023-12-19 18:17:53,991 [main] INFO  server.RaftServerConfigKeys (ConfUtils.java:logGet(46)) - raft.server.leaderelection.leader.step-down.wait-time = 10s (default)
2023-12-19 18:17:53,991 [8a9232c4-f36b-4377-b9ad-83954010d1e2-NettyServerStreamRpc-bossGroup--thread1] INFO  logging.LoggingHandler (AbstractInternalLogger.java:log(148)) - [id: 0x141caff1] BIND: 0.0.0.0/0.0.0.0:15087
2023-12-19 18:17:53,991 [main] INFO  server.RaftServerConfigKeys (ConfUtils.java:logGet(46)) - raft.server.storage.dir = [/home/runner/work/ozone/ozone/hadoop-ozone/integration-test/target/test-dir/MiniOzoneClusterImpl-c3f67427-b36b-4ee4-bde0-91623ce58163/datanode-8/data/ratis] (custom)
2023-12-19 18:17:53,991 [8a9232c4-f36b-4377-b9ad-83954010d1e2-NettyServerStreamRpc-bossGroup--thread1] INFO  logging.LoggingHandler (AbstractInternalLogger.java:log(148)) - [id: 0x141caff1, L:/0.0.0.0:15087] ACTIVE
2023-12-19 18:17:53,991 [main] INFO  server.RaftServerConfigKeys (ConfUtils.java:logGet(46)) - raft.server.threadpool.proxy.cached = true (default)
2023-12-19 18:17:53,992 [main] INFO  server.RaftServerConfigKeys (ConfUtils.java:logGet(46)) - raft.server.threadpool.proxy.size = 0 (default)
2023-12-19 18:17:53,992 [8a9232c4-f36b-4377-b9ad-83954010d1e2-impl-thread1] INFO  server.RaftServer (RaftServerProxy.java:initGroupDir(264)) - 8a9232c4-f36b-4377-b9ad-83954010d1e2: found a subdirectory /home/runner/work/ozone/ozone/hadoop-ozone/integration-test/target/test-dir/MiniOzoneClusterImpl-c3f67427-b36b-4ee4-bde0-91623ce58163/datanode-8/data/ratis/tmp
2023-12-19 18:17:53,992 [8a9232c4-f36b-4377-b9ad-83954010d1e2-impl-thread1] INFO  server.RaftServer (RaftServerProxy.java:initGroupDir(269)) - 8a9232c4-f36b-4377-b9ad-83954010d1e2: The directory /home/runner/work/ozone/ozone/hadoop-ozone/integration-test/target/test-dir/MiniOzoneClusterImpl-c3f67427-b36b-4ee4-bde0-91623ce58163/datanode-8/data/ratis/tmp is not a group directory; ignoring it. 
2023-12-19 18:17:53,993 [main] INFO  replication.ReplicationServer (ReplicationServer.java:<init>(85)) - Initializing replication server with thread count = 10 queue length = 4096
2023-12-19 18:17:53,994 [main] INFO  server.XceiverServerGrpc (XceiverServerGrpc.java:<init>(141)) - GrpcServer channel type EpollServerSocketChannel
2023-12-19 18:17:53,996 [main] INFO  replication.ReplicationSupervisor (ReplicationSupervisor.java:build(163)) - Initializing replication supervisor with thread count = 10
2023-12-19 18:17:53,996 [main] INFO  replication.ReplicationSupervisor (ReplicationSupervisor.java:nodeStateUpdated(317)) - Node state updated to IN_SERVICE, scaling executor pool size to 10
2023-12-19 18:17:53,999 [main] INFO  http.BaseHttpServer (BaseHttpServer.java:newHttpServer2BuilderForOzone(223)) - Starting Web-server for hddsDatanode at: http://0.0.0.0:15081
2023-12-19 18:17:53,999 [main] INFO  http.BaseHttpServer (BaseHttpServer.java:<init>(110)) - Hadoop Security Enabled: false Ozone Security Enabled: false Ozone HTTP Security Enabled: false 
2023-12-19 18:17:54,000 [main] WARN  server.AuthenticationFilter (AuthenticationFilter.java:constructSecretProvider(240)) - Unable to initialize FileSignerSecretProvider, falling back to use random secrets. Reason: Could not read signature secret file: /home/runner/hadoop-http-auth-signature-secret
2023-12-19 18:17:54,003 [main] INFO  http.HttpRequestLog (HttpRequestLog.java:getRequestLog(86)) - Http request log for http.requests.hddsDatanode is not defined
2023-12-19 18:17:54,004 [main] INFO  http.HttpServer2 (HttpServer2.java:addGlobalFilter(1036)) - Added global filter 'safety' (class=org.apache.hadoop.hdds.server.http.HttpServer2$QuotingInputFilter)
2023-12-19 18:17:54,004 [main] INFO  http.HttpServer2 (HttpServer2.java:addFilter(1012)) - Added filter static_user_filter (class=org.apache.hadoop.http.lib.StaticUserWebFilter$StaticUserFilter) to context hddsDatanode
2023-12-19 18:17:54,005 [main] INFO  http.HttpServer2 (HttpServer2.java:addFilter(1020)) - Added filter static_user_filter (class=org.apache.hadoop.http.lib.StaticUserWebFilter$StaticUserFilter) to context static
2023-12-19 18:17:54,005 [main] INFO  http.HttpServer2 (HttpServer2.java:addFilter(1020)) - Added filter static_user_filter (class=org.apache.hadoop.http.lib.StaticUserWebFilter$StaticUserFilter) to context logs
2023-12-19 18:17:54,006 [main] INFO  http.BaseHttpServer (BaseHttpServer.java:<init>(189)) - HTTP server of hddsDatanode uses base directory /home/runner/work/ozone/ozone/hadoop-ozone/integration-test/target/test-dir/MiniOzoneClusterImpl-c3f67427-b36b-4ee4-bde0-91623ce58163/datanode-8/meta/webserver
2023-12-19 18:17:54,006 [main] INFO  http.HttpServer2 (HttpServer2.java:bindListener(1236)) - Jetty bound to port 15081
2023-12-19 18:17:54,006 [main] INFO  server.Server (Server.java:doStart(375)) - jetty-9.4.53.v20231009; built: 2023-10-09T12:29:09.265Z; git: 27bde00a0b95a1d5bbee0eae7984f891d2d0f8c9; jvm 1.8.0_392-b08
2023-12-19 18:17:54,007 [main] INFO  server.session (DefaultSessionIdManager.java:doStart(334)) - DefaultSessionIdManager workerName=node0
2023-12-19 18:17:54,007 [main] INFO  server.session (DefaultSessionIdManager.java:doStart(339)) - No SessionScavenger set, using defaults
2023-12-19 18:17:54,008 [main] INFO  server.session (HouseKeeper.java:startScavenging(132)) - node0 Scavenging every 600000ms
2023-12-19 18:17:54,010 [main] INFO  handler.ContextHandler (ContextHandler.java:doStart(921)) - Started o.e.j.s.ServletContextHandler@587da660{logs,/logs,file:///home/runner/work/ozone/ozone/hadoop-ozone/integration-test/target/log,AVAILABLE}
2023-12-19 18:17:54,010 [main] INFO  handler.ContextHandler (ContextHandler.java:doStart(921)) - Started o.e.j.s.ServletContextHandler@2d0550c3{static,/static,jar:file:/home/runner/.m2/repository/org/apache/ozone/hdds-container-service/1.5.0-SNAPSHOT/hdds-container-service-1.5.0-SNAPSHOT.jar!/webapps/static,AVAILABLE}
2023-12-19 18:17:54,043 [main] INFO  handler.ContextHandler (ContextHandler.java:doStart(921)) - Started o.e.j.w.WebAppContext@3198594d{hddsDatanode,/,file:///home/runner/work/ozone/ozone/hadoop-ozone/integration-test/target/test-dir/MiniOzoneClusterImpl-c3f67427-b36b-4ee4-bde0-91623ce58163/datanode-8/meta/webserver/jetty-0_0_0_0-15081-hdds-container-service-1_5_0-SNAPSHOT_jar-_-any-8808595829758830568/webapp/,AVAILABLE}{jar:file:/home/runner/.m2/repository/org/apache/ozone/hdds-container-service/1.5.0-SNAPSHOT/hdds-container-service-1.5.0-SNAPSHOT.jar!/webapps/hddsDatanode}
2023-12-19 18:17:54,044 [main] INFO  server.AbstractConnector (AbstractConnector.java:doStart(333)) - Started ServerConnector@7156f7c3{HTTP/1.1, (http/1.1)}{0.0.0.0:15081}
2023-12-19 18:17:54,044 [main] INFO  server.Server (Server.java:doStart(415)) - Started @8465ms
2023-12-19 18:17:54,044 [main] WARN  impl.MetricsSystemImpl (MetricsSystemImpl.java:register(279)) - Sink prometheus already exists!
2023-12-19 18:17:54,045 [main] INFO  http.BaseHttpServer (BaseHttpServer.java:updateConnectorAddress(354)) - HTTP server of hddsDatanode listening at http://0.0.0.0:15081
2023-12-19 18:17:54,045 [main] INFO  ipc.CallQueueManager (CallQueueManager.java:<init>(90)) - Using callQueue: class java.util.concurrent.LinkedBlockingQueue, queueCapacity: 100, scheduler: class org.apache.hadoop.ipc.DefaultRpcScheduler, ipcBackoff: false.
2023-12-19 18:17:54,046 [main] INFO  ipc.Server (Server.java:<init>(1287)) - Listener at 0.0.0.0:15082
2023-12-19 18:17:54,046 [Socket Reader #1 for port 15082] INFO  ipc.Server (Server.java:run(1323)) - Starting Socket Reader #1 for port 15082
2023-12-19 18:17:54,048 [main] INFO  ozone.HddsDatanodeService (HddsDatanodeService.java:start(324)) - Datanode start with admins: [runner]
2023-12-19 18:17:54,048 [main] INFO  ozone.HddsDatanodeClientProtocolServer (HddsDatanodeClientProtocolServer.java:start(72)) - RPC server for Client /0.0.0.0:15082
2023-12-19 18:17:54,050 [IPC Server Responder] INFO  ipc.Server (Server.java:run(1562)) - IPC Server Responder: starting
2023-12-19 18:17:54,050 [IPC Server listener on 15082] INFO  ipc.Server (Server.java:run(1402)) - IPC Server listener on 15082: starting
2023-12-19 18:17:54,051 [main] WARN  dropwizard3.Dm3MetricRegistriesImpl (Dm3MetricRegistriesImpl.java:addReporterRegistration(113)) - New reporters are added after registries were created. Some metrics will be missing from the reporter. Please add reporter before adding any new registry.
2023-12-19 18:17:54,057 [main] WARN  dropwizard3.Dm3MetricRegistriesImpl (Dm3MetricRegistriesImpl.java:addReporterRegistration(113)) - New reporters are added after registries were created. Some metrics will be missing from the reporter. Please add reporter before adding any new registry.
2023-12-19 18:17:54,057 [main] INFO  impl.MetricsSystemImpl (MetricsSystemImpl.java:init(158)) - HddsDatanode metrics system started (again)
2023-12-19 18:17:54,051 [8a9232c4-f36b-4377-b9ad-83954010d1e2-DatanodeStateMachineDaemonThread] INFO  statemachine.DatanodeStateMachine (DatanodeStateMachine.java:lambda$startDaemon$1(555)) - Ozone container server started.
2023-12-19 18:17:54,062 [8a9232c4-f36b-4377-b9ad-83954010d1e2-DatanodeStateMachineTaskThread-0] INFO  datanode.InitDatanodeState (InitDatanodeState.java:persistContainerDatanodeDetails(139)) - DatanodeDetails is persisted to /home/runner/work/ozone/ozone/hadoop-ozone/integration-test/target/test-dir/MiniOzoneClusterImpl-c3f67427-b36b-4ee4-bde0-91623ce58163/datanode-8/meta/datanode.id
2023-12-19 18:17:54,069 [main] INFO  ozone.HddsDatanodeService (HddsDatanodeService.java:start(239)) - HddsDatanodeService host:fv-az1381-513.cyf22sgur2jupkghqkt4lwlvwe.cx.internal.cloudapp.net ip:10.1.0.19
2023-12-19 18:17:54,089 [main] INFO  upgrade.AbstractLayoutVersionManager (AbstractLayoutVersionManager.java:init(83)) - Initializing Layout version manager with metadata layout = HADOOP_PRC_PORTS_IN_DATANODEDETAILS (version = 7), software layout = HADOOP_PRC_PORTS_IN_DATANODEDETAILS (version = 7)
2023-12-19 18:17:54,090 [main] INFO  statemachine.DatanodeStateMachine (DatanodeStateMachine.java:getEndPointTaskThreadPoolSize(299)) - Datanode State Machine Task Thread Pool size 2
2023-12-19 18:17:54,092 [main] INFO  volume.HddsVolume (HddsVolume.java:<init>(126)) - Creating HddsVolume: /home/runner/work/ozone/ozone/hadoop-ozone/integration-test/target/test-dir/MiniOzoneClusterImpl-c3f67427-b36b-4ee4-bde0-91623ce58163/datanode-9/data-0/containers/hdds of storage type : DISK capacity : 9223372036854775807
2023-12-19 18:17:54,092 [main] INFO  volume.MutableVolumeSet (MutableVolumeSet.java:initializeVolumeSet(173)) - Added Volume : /home/runner/work/ozone/ozone/hadoop-ozone/integration-test/target/test-dir/MiniOzoneClusterImpl-c3f67427-b36b-4ee4-bde0-91623ce58163/datanode-9/data-0/containers/hdds to VolumeSet
2023-12-19 18:17:54,093 [main] INFO  volume.MutableVolumeSet (MutableVolumeSet.java:initializeVolumeSet(173)) - Added Volume : /home/runner/work/ozone/ozone/hadoop-ozone/integration-test/target/test-dir/MiniOzoneClusterImpl-c3f67427-b36b-4ee4-bde0-91623ce58163/datanode-9/data/ratis to VolumeSet
2023-12-19 18:17:54,093 [main] INFO  ozoneimpl.OzoneContainer (HddsVolumeUtil.java:loadAllHddsVolumeDbStore(103)) - Load 1 volumes DbStore cost: 0ms
2023-12-19 18:17:54,094 [7fe801a6-aabd-4c1e-b418-af74b08e6351-ContainerReader-0] INFO  ozoneimpl.ContainerReader (ContainerReader.java:readVolume(177)) - Finish verifying containers on volume /home/runner/work/ozone/ozone/hadoop-ozone/integration-test/target/test-dir/MiniOzoneClusterImpl-c3f67427-b36b-4ee4-bde0-91623ce58163/datanode-9/data-0/containers/hdds
2023-12-19 18:17:54,094 [main] INFO  ozoneimpl.OzoneContainer (OzoneContainer.java:buildContainerSet(326)) - Build ContainerSet costs 0s
2023-12-19 18:17:54,101 [main] INFO  server.RaftServer (ConfUtils.java:logGet(46)) - raft.rpc.type = GRPC (default)
2023-12-19 18:17:54,101 [main] INFO  grpc.GrpcConfigKeys (ConfUtils.java:logFallback(53)) - raft.grpc.admin.host = null (fallback to raft.grpc.server.host)
2023-12-19 18:17:54,103 [main] INFO  grpc.GrpcConfigKeys (ConfUtils.java:logGet(46)) - raft.grpc.admin.port = 15094 (custom)
2023-12-19 18:17:54,103 [main] INFO  grpc.GrpcConfigKeys (ConfUtils.java:logFallback(53)) - raft.grpc.client.host = null (fallback to raft.grpc.server.host)
2023-12-19 18:17:54,103 [main] INFO  grpc.GrpcConfigKeys (ConfUtils.java:logGet(46)) - raft.grpc.client.port = 15093 (custom)
2023-12-19 18:17:54,104 [main] INFO  grpc.GrpcConfigKeys (ConfUtils.java:logGet(46)) - raft.grpc.server.host = null (default)
2023-12-19 18:17:54,104 [main] INFO  grpc.GrpcConfigKeys (ConfUtils.java:logGet(46)) - raft.grpc.server.port = 15095 (custom)
2023-12-19 18:17:54,104 [main] INFO  server.GrpcService (ConfUtils.java:logGet(46)) - raft.grpc.message.size.max = 32MB (=33554432) (custom)
2023-12-19 18:17:54,104 [main] INFO  server.RaftServerConfigKeys (ConfUtils.java:logGet(46)) - raft.server.log.appender.buffer.byte-limit = 8388608 (custom)
2023-12-19 18:17:54,104 [main] INFO  server.GrpcService (ConfUtils.java:logGet(46)) - raft.grpc.flow.control.window = 5MB (=5242880) (custom)
2023-12-19 18:17:54,104 [main] INFO  server.RaftServerConfigKeys (ConfUtils.java:logGet(46)) - raft.server.rpc.request.timeout = 60s (custom)
2023-12-19 18:17:54,105 [main] INFO  grpc.GrpcConfigKeys (ConfUtils.java:logGet(46)) - raft.grpc.server.heartbeat.channel = true (default)
2023-12-19 18:17:54,105 [main] INFO  grpc.GrpcConfigKeys (ConfUtils.java:logGet(46)) - raft.grpc.server.async.request.thread.pool.cached = true (default)
2023-12-19 18:17:54,105 [main] INFO  grpc.GrpcConfigKeys (ConfUtils.java:logGet(46)) - raft.grpc.server.async.request.thread.pool.size = 32 (default)
2023-12-19 18:17:54,107 [main] INFO  impl.DataStreamServerImpl (ConfUtils.java:logGet(46)) - raft.datastream.type = NETTY (custom)
2023-12-19 18:17:54,107 [main] INFO  server.RaftServerConfigKeys (ConfUtils.java:logGet(46)) - raft.server.data-stream.async.request.thread.pool.cached = false (default)
2023-12-19 18:17:54,108 [main] INFO  server.RaftServerConfigKeys (ConfUtils.java:logGet(46)) - raft.server.data-stream.async.request.thread.pool.size = 20 (custom)
2023-12-19 18:17:54,108 [main] INFO  server.RaftServerConfigKeys (ConfUtils.java:logGet(46)) - raft.server.data-stream.async.write.thread.pool.size = 16 (default)
2023-12-19 18:17:54,108 [main] INFO  netty.NettyConfigKeys$DataStream (ConfUtils.java:logGet(46)) - raft.netty.dataStream.server.channel.inactive.grace-period = 10min (default)
2023-12-19 18:17:54,108 [main] INFO  server.RaftServerConfigKeys (ConfUtils.java:logGet(46)) - raft.server.data-stream.client.pool.size = 10 (default)
2023-12-19 18:17:54,108 [main] INFO  netty.NettyConfigKeys$DataStream (ConfUtils.java:logGet(46)) - raft.netty.dataStream.server.use-epoll = true (default)
2023-12-19 18:17:54,109 [main] INFO  netty.NettyConfigKeys$DataStream (ConfUtils.java:logGet(46)) - raft.netty.dataStream.server.boss-group.size = 0 (default)
2023-12-19 18:17:54,109 [main] INFO  netty.NettyUtils (NettyUtils.java:newEventLoopGroup(69)) - Create EpollEventLoopGroup for 7fe801a6-aabd-4c1e-b418-af74b08e6351-NettyServerStreamRpc-bossGroup; Thread size is 0.
2023-12-19 18:17:54,109 [main] INFO  netty.NettyConfigKeys$DataStream (ConfUtils.java:logGet(46)) - raft.netty.dataStream.server.worker-group.size = 0 (default)
2023-12-19 18:17:54,110 [main] INFO  netty.NettyUtils (NettyUtils.java:newEventLoopGroup(69)) - Create EpollEventLoopGroup for 7fe801a6-aabd-4c1e-b418-af74b08e6351-NettyServerStreamRpc-workerGroup; Thread size is 0.
2023-12-19 18:17:54,110 [main] INFO  netty.NettyConfigKeys$DataStream (ConfUtils.java:logGet(46)) - raft.netty.dataStream.server.tls.conf = null (default)
2023-12-19 18:17:54,110 [main] INFO  netty.NettyConfigKeys$DataStream (ConfUtils.java:logGet(46)) - raft.netty.dataStream.host = null (default)
2023-12-19 18:17:54,110 [main] INFO  netty.NettyConfigKeys$DataStream (ConfUtils.java:logGet(46)) - raft.netty.dataStream.port = 15096 (custom)
2023-12-19 18:17:54,111 [main] INFO  server.RaftServerConfigKeys (ConfUtils.java:logGet(46)) - raft.server.sleep.deviation.threshold = 300ms (default)
2023-12-19 18:17:54,111 [main] INFO  server.RaftServerConfigKeys (ConfUtils.java:logGet(46)) - raft.server.close.threshold = 60s (default)
2023-12-19 18:17:54,111 [main] INFO  server.RaftServerConfigKeys (ConfUtils.java:logGet(46)) - raft.server.leaderelection.leader.step-down.wait-time = 10s (default)
2023-12-19 18:17:54,111 [7fe801a6-aabd-4c1e-b418-af74b08e6351-NettyServerStreamRpc-bossGroup--thread1] INFO  logging.LoggingHandler (AbstractInternalLogger.java:log(148)) - [id: 0xe8f7df30] REGISTERED
2023-12-19 18:17:54,112 [main] INFO  server.RaftServerConfigKeys (ConfUtils.java:logGet(46)) - raft.server.storage.dir = [/home/runner/work/ozone/ozone/hadoop-ozone/integration-test/target/test-dir/MiniOzoneClusterImpl-c3f67427-b36b-4ee4-bde0-91623ce58163/datanode-9/data/ratis] (custom)
2023-12-19 18:17:54,112 [7fe801a6-aabd-4c1e-b418-af74b08e6351-NettyServerStreamRpc-bossGroup--thread1] INFO  logging.LoggingHandler (AbstractInternalLogger.java:log(148)) - [id: 0xe8f7df30] BIND: 0.0.0.0/0.0.0.0:15096
2023-12-19 18:17:54,112 [main] INFO  server.RaftServerConfigKeys (ConfUtils.java:logGet(46)) - raft.server.threadpool.proxy.cached = true (default)
2023-12-19 18:17:54,112 [7fe801a6-aabd-4c1e-b418-af74b08e6351-NettyServerStreamRpc-bossGroup--thread1] INFO  logging.LoggingHandler (AbstractInternalLogger.java:log(148)) - [id: 0xe8f7df30, L:/0.0.0.0:15096] ACTIVE
2023-12-19 18:17:54,112 [main] INFO  server.RaftServerConfigKeys (ConfUtils.java:logGet(46)) - raft.server.threadpool.proxy.size = 0 (default)
2023-12-19 18:17:54,112 [7fe801a6-aabd-4c1e-b418-af74b08e6351-impl-thread1] INFO  server.RaftServer (RaftServerProxy.java:initGroupDir(264)) - 7fe801a6-aabd-4c1e-b418-af74b08e6351: found a subdirectory /home/runner/work/ozone/ozone/hadoop-ozone/integration-test/target/test-dir/MiniOzoneClusterImpl-c3f67427-b36b-4ee4-bde0-91623ce58163/datanode-9/data/ratis/tmp
2023-12-19 18:17:54,113 [7fe801a6-aabd-4c1e-b418-af74b08e6351-impl-thread1] INFO  server.RaftServer (RaftServerProxy.java:initGroupDir(269)) - 7fe801a6-aabd-4c1e-b418-af74b08e6351: The directory /home/runner/work/ozone/ozone/hadoop-ozone/integration-test/target/test-dir/MiniOzoneClusterImpl-c3f67427-b36b-4ee4-bde0-91623ce58163/datanode-9/data/ratis/tmp is not a group directory; ignoring it. 
2023-12-19 18:17:54,113 [main] INFO  replication.ReplicationServer (ReplicationServer.java:<init>(85)) - Initializing replication server with thread count = 10 queue length = 4096
2023-12-19 18:17:54,114 [main] INFO  server.XceiverServerGrpc (XceiverServerGrpc.java:<init>(141)) - GrpcServer channel type EpollServerSocketChannel
2023-12-19 18:17:54,115 [main] INFO  replication.ReplicationSupervisor (ReplicationSupervisor.java:build(163)) - Initializing replication supervisor with thread count = 10
2023-12-19 18:17:54,115 [main] INFO  replication.ReplicationSupervisor (ReplicationSupervisor.java:nodeStateUpdated(317)) - Node state updated to IN_SERVICE, scaling executor pool size to 10
2023-12-19 18:17:54,117 [main] INFO  http.BaseHttpServer (BaseHttpServer.java:newHttpServer2BuilderForOzone(223)) - Starting Web-server for hddsDatanode at: http://0.0.0.0:15090
2023-12-19 18:17:54,117 [main] INFO  http.BaseHttpServer (BaseHttpServer.java:<init>(110)) - Hadoop Security Enabled: false Ozone Security Enabled: false Ozone HTTP Security Enabled: false 
2023-12-19 18:17:54,118 [main] WARN  server.AuthenticationFilter (AuthenticationFilter.java:constructSecretProvider(240)) - Unable to initialize FileSignerSecretProvider, falling back to use random secrets. Reason: Could not read signature secret file: /home/runner/hadoop-http-auth-signature-secret
2023-12-19 18:17:54,119 [main] INFO  http.HttpRequestLog (HttpRequestLog.java:getRequestLog(86)) - Http request log for http.requests.hddsDatanode is not defined
2023-12-19 18:17:54,120 [main] INFO  http.HttpServer2 (HttpServer2.java:addGlobalFilter(1036)) - Added global filter 'safety' (class=org.apache.hadoop.hdds.server.http.HttpServer2$QuotingInputFilter)
2023-12-19 18:17:54,120 [main] INFO  http.HttpServer2 (HttpServer2.java:addFilter(1012)) - Added filter static_user_filter (class=org.apache.hadoop.http.lib.StaticUserWebFilter$StaticUserFilter) to context hddsDatanode
2023-12-19 18:17:54,120 [main] INFO  http.HttpServer2 (HttpServer2.java:addFilter(1020)) - Added filter static_user_filter (class=org.apache.hadoop.http.lib.StaticUserWebFilter$StaticUserFilter) to context logs
2023-12-19 18:17:54,120 [main] INFO  http.HttpServer2 (HttpServer2.java:addFilter(1020)) - Added filter static_user_filter (class=org.apache.hadoop.http.lib.StaticUserWebFilter$StaticUserFilter) to context static
2023-12-19 18:17:54,121 [main] INFO  http.BaseHttpServer (BaseHttpServer.java:<init>(189)) - HTTP server of hddsDatanode uses base directory /home/runner/work/ozone/ozone/hadoop-ozone/integration-test/target/test-dir/MiniOzoneClusterImpl-c3f67427-b36b-4ee4-bde0-91623ce58163/datanode-9/meta/webserver
2023-12-19 18:17:54,121 [main] INFO  http.HttpServer2 (HttpServer2.java:bindListener(1236)) - Jetty bound to port 15090
2023-12-19 18:17:54,121 [main] INFO  server.Server (Server.java:doStart(375)) - jetty-9.4.53.v20231009; built: 2023-10-09T12:29:09.265Z; git: 27bde00a0b95a1d5bbee0eae7984f891d2d0f8c9; jvm 1.8.0_392-b08
2023-12-19 18:17:54,122 [main] INFO  server.session (DefaultSessionIdManager.java:doStart(334)) - DefaultSessionIdManager workerName=node0
2023-12-19 18:17:54,122 [main] INFO  server.session (DefaultSessionIdManager.java:doStart(339)) - No SessionScavenger set, using defaults
2023-12-19 18:17:54,122 [main] INFO  server.session (HouseKeeper.java:startScavenging(132)) - node0 Scavenging every 660000ms
2023-12-19 18:17:54,123 [main] INFO  handler.ContextHandler (ContextHandler.java:doStart(921)) - Started o.e.j.s.ServletContextHandler@5fde3b6d{logs,/logs,file:///home/runner/work/ozone/ozone/hadoop-ozone/integration-test/target/log,AVAILABLE}
2023-12-19 18:17:54,123 [main] INFO  handler.ContextHandler (ContextHandler.java:doStart(921)) - Started o.e.j.s.ServletContextHandler@677802bc{static,/static,jar:file:/home/runner/.m2/repository/org/apache/ozone/hdds-container-service/1.5.0-SNAPSHOT/hdds-container-service-1.5.0-SNAPSHOT.jar!/webapps/static,AVAILABLE}
2023-12-19 18:17:54,156 [main] INFO  handler.ContextHandler (ContextHandler.java:doStart(921)) - Started o.e.j.w.WebAppContext@2858d94d{hddsDatanode,/,file:///home/runner/work/ozone/ozone/hadoop-ozone/integration-test/target/test-dir/MiniOzoneClusterImpl-c3f67427-b36b-4ee4-bde0-91623ce58163/datanode-9/meta/webserver/jetty-0_0_0_0-15090-hdds-container-service-1_5_0-SNAPSHOT_jar-_-any-6794311642272367372/webapp/,AVAILABLE}{jar:file:/home/runner/.m2/repository/org/apache/ozone/hdds-container-service/1.5.0-SNAPSHOT/hdds-container-service-1.5.0-SNAPSHOT.jar!/webapps/hddsDatanode}
2023-12-19 18:17:54,157 [main] INFO  server.AbstractConnector (AbstractConnector.java:doStart(333)) - Started ServerConnector@7954d221{HTTP/1.1, (http/1.1)}{0.0.0.0:15090}
2023-12-19 18:17:54,157 [main] INFO  server.Server (Server.java:doStart(415)) - Started @8578ms
2023-12-19 18:17:54,157 [main] WARN  impl.MetricsSystemImpl (MetricsSystemImpl.java:register(279)) - Sink prometheus already exists!
2023-12-19 18:17:54,158 [main] INFO  http.BaseHttpServer (BaseHttpServer.java:updateConnectorAddress(354)) - HTTP server of hddsDatanode listening at http://0.0.0.0:15090
2023-12-19 18:17:54,158 [main] INFO  ipc.CallQueueManager (CallQueueManager.java:<init>(90)) - Using callQueue: class java.util.concurrent.LinkedBlockingQueue, queueCapacity: 100, scheduler: class org.apache.hadoop.ipc.DefaultRpcScheduler, ipcBackoff: false.
2023-12-19 18:17:54,158 [main] INFO  ipc.Server (Server.java:<init>(1287)) - Listener at 0.0.0.0:15091
2023-12-19 18:17:54,159 [Socket Reader #1 for port 15091] INFO  ipc.Server (Server.java:run(1323)) - Starting Socket Reader #1 for port 15091
2023-12-19 18:17:54,162 [main] INFO  ozone.HddsDatanodeService (HddsDatanodeService.java:start(324)) - Datanode start with admins: [runner]
2023-12-19 18:17:54,162 [main] INFO  ozone.HddsDatanodeClientProtocolServer (HddsDatanodeClientProtocolServer.java:start(72)) - RPC server for Client /0.0.0.0:15091
2023-12-19 18:17:54,162 [IPC Server Responder] INFO  ipc.Server (Server.java:run(1562)) - IPC Server Responder: starting
2023-12-19 18:17:54,162 [IPC Server listener on 15091] INFO  ipc.Server (Server.java:run(1402)) - IPC Server listener on 15091: starting
2023-12-19 18:17:54,164 [7fe801a6-aabd-4c1e-b418-af74b08e6351-DatanodeStateMachineDaemonThread] INFO  statemachine.DatanodeStateMachine (DatanodeStateMachine.java:lambda$startDaemon$1(555)) - Ozone container server started.
2023-12-19 18:17:54,164 [main] WARN  dropwizard3.Dm3MetricRegistriesImpl (Dm3MetricRegistriesImpl.java:addReporterRegistration(113)) - New reporters are added after registries were created. Some metrics will be missing from the reporter. Please add reporter before adding any new registry.
2023-12-19 18:17:54,165 [main] WARN  dropwizard3.Dm3MetricRegistriesImpl (Dm3MetricRegistriesImpl.java:addReporterRegistration(113)) - New reporters are added after registries were created. Some metrics will be missing from the reporter. Please add reporter before adding any new registry.
2023-12-19 18:17:54,165 [main] INFO  impl.MetricsSystemImpl (MetricsSystemImpl.java:init(158)) - HddsDatanode metrics system started (again)
2023-12-19 18:17:54,173 [7fe801a6-aabd-4c1e-b418-af74b08e6351-DatanodeStateMachineTaskThread-0] INFO  datanode.InitDatanodeState (InitDatanodeState.java:persistContainerDatanodeDetails(139)) - DatanodeDetails is persisted to /home/runner/work/ozone/ozone/hadoop-ozone/integration-test/target/test-dir/MiniOzoneClusterImpl-c3f67427-b36b-4ee4-bde0-91623ce58163/datanode-9/meta/datanode.id
2023-12-19 18:17:54,175 [main] INFO  ozone.HddsDatanodeService (HddsDatanodeService.java:start(239)) - HddsDatanodeService host:fv-az1381-513.cyf22sgur2jupkghqkt4lwlvwe.cx.internal.cloudapp.net ip:10.1.0.19
2023-12-19 18:17:54,192 [main] INFO  upgrade.AbstractLayoutVersionManager (AbstractLayoutVersionManager.java:init(83)) - Initializing Layout version manager with metadata layout = HADOOP_PRC_PORTS_IN_DATANODEDETAILS (version = 7), software layout = HADOOP_PRC_PORTS_IN_DATANODEDETAILS (version = 7)
2023-12-19 18:17:54,193 [main] INFO  statemachine.DatanodeStateMachine (DatanodeStateMachine.java:getEndPointTaskThreadPoolSize(299)) - Datanode State Machine Task Thread Pool size 2
2023-12-19 18:17:54,195 [main] INFO  volume.HddsVolume (HddsVolume.java:<init>(126)) - Creating HddsVolume: /home/runner/work/ozone/ozone/hadoop-ozone/integration-test/target/test-dir/MiniOzoneClusterImpl-c3f67427-b36b-4ee4-bde0-91623ce58163/datanode-10/data-0/containers/hdds of storage type : DISK capacity : 9223372036854775807
2023-12-19 18:17:54,195 [main] INFO  volume.MutableVolumeSet (MutableVolumeSet.java:initializeVolumeSet(173)) - Added Volume : /home/runner/work/ozone/ozone/hadoop-ozone/integration-test/target/test-dir/MiniOzoneClusterImpl-c3f67427-b36b-4ee4-bde0-91623ce58163/datanode-10/data-0/containers/hdds to VolumeSet
2023-12-19 18:17:54,196 [main] INFO  volume.MutableVolumeSet (MutableVolumeSet.java:initializeVolumeSet(173)) - Added Volume : /home/runner/work/ozone/ozone/hadoop-ozone/integration-test/target/test-dir/MiniOzoneClusterImpl-c3f67427-b36b-4ee4-bde0-91623ce58163/datanode-10/data/ratis to VolumeSet
2023-12-19 18:17:54,196 [main] INFO  ozoneimpl.OzoneContainer (HddsVolumeUtil.java:loadAllHddsVolumeDbStore(103)) - Load 1 volumes DbStore cost: 0ms
2023-12-19 18:17:54,196 [a90b24a4-d9f8-4f3b-8812-3b02ea4f687f-ContainerReader-0] INFO  ozoneimpl.ContainerReader (ContainerReader.java:readVolume(177)) - Finish verifying containers on volume /home/runner/work/ozone/ozone/hadoop-ozone/integration-test/target/test-dir/MiniOzoneClusterImpl-c3f67427-b36b-4ee4-bde0-91623ce58163/datanode-10/data-0/containers/hdds
2023-12-19 18:17:54,197 [main] INFO  ozoneimpl.OzoneContainer (OzoneContainer.java:buildContainerSet(326)) - Build ContainerSet costs 0s
2023-12-19 18:17:54,199 [main] INFO  server.RaftServer (ConfUtils.java:logGet(46)) - raft.rpc.type = GRPC (default)
2023-12-19 18:17:54,199 [main] INFO  grpc.GrpcConfigKeys (ConfUtils.java:logFallback(53)) - raft.grpc.admin.host = null (fallback to raft.grpc.server.host)
2023-12-19 18:17:54,199 [main] INFO  grpc.GrpcConfigKeys (ConfUtils.java:logGet(46)) - raft.grpc.admin.port = 15103 (custom)
2023-12-19 18:17:54,199 [main] INFO  grpc.GrpcConfigKeys (ConfUtils.java:logFallback(53)) - raft.grpc.client.host = null (fallback to raft.grpc.server.host)
2023-12-19 18:17:54,200 [main] INFO  grpc.GrpcConfigKeys (ConfUtils.java:logGet(46)) - raft.grpc.client.port = 15102 (custom)
2023-12-19 18:17:54,200 [main] INFO  grpc.GrpcConfigKeys (ConfUtils.java:logGet(46)) - raft.grpc.server.host = null (default)
2023-12-19 18:17:54,200 [main] INFO  grpc.GrpcConfigKeys (ConfUtils.java:logGet(46)) - raft.grpc.server.port = 15104 (custom)
2023-12-19 18:17:54,200 [main] INFO  server.GrpcService (ConfUtils.java:logGet(46)) - raft.grpc.message.size.max = 32MB (=33554432) (custom)
2023-12-19 18:17:54,200 [main] INFO  server.RaftServerConfigKeys (ConfUtils.java:logGet(46)) - raft.server.log.appender.buffer.byte-limit = 8388608 (custom)
2023-12-19 18:17:54,201 [main] INFO  server.GrpcService (ConfUtils.java:logGet(46)) - raft.grpc.flow.control.window = 5MB (=5242880) (custom)
2023-12-19 18:17:54,201 [main] INFO  server.RaftServerConfigKeys (ConfUtils.java:logGet(46)) - raft.server.rpc.request.timeout = 60s (custom)
2023-12-19 18:17:54,201 [main] INFO  grpc.GrpcConfigKeys (ConfUtils.java:logGet(46)) - raft.grpc.server.heartbeat.channel = true (default)
2023-12-19 18:17:54,201 [main] INFO  grpc.GrpcConfigKeys (ConfUtils.java:logGet(46)) - raft.grpc.server.async.request.thread.pool.cached = true (default)
2023-12-19 18:17:54,201 [main] INFO  grpc.GrpcConfigKeys (ConfUtils.java:logGet(46)) - raft.grpc.server.async.request.thread.pool.size = 32 (default)
2023-12-19 18:17:54,204 [main] INFO  impl.DataStreamServerImpl (ConfUtils.java:logGet(46)) - raft.datastream.type = NETTY (custom)
2023-12-19 18:17:54,205 [main] INFO  server.RaftServerConfigKeys (ConfUtils.java:logGet(46)) - raft.server.data-stream.async.request.thread.pool.cached = false (default)
2023-12-19 18:17:54,205 [main] INFO  server.RaftServerConfigKeys (ConfUtils.java:logGet(46)) - raft.server.data-stream.async.request.thread.pool.size = 20 (custom)
2023-12-19 18:17:54,205 [main] INFO  server.RaftServerConfigKeys (ConfUtils.java:logGet(46)) - raft.server.data-stream.async.write.thread.pool.size = 16 (default)
2023-12-19 18:17:54,205 [main] INFO  netty.NettyConfigKeys$DataStream (ConfUtils.java:logGet(46)) - raft.netty.dataStream.server.channel.inactive.grace-period = 10min (default)
2023-12-19 18:17:54,205 [main] INFO  server.RaftServerConfigKeys (ConfUtils.java:logGet(46)) - raft.server.data-stream.client.pool.size = 10 (default)
2023-12-19 18:17:54,206 [main] INFO  netty.NettyConfigKeys$DataStream (ConfUtils.java:logGet(46)) - raft.netty.dataStream.server.use-epoll = true (default)
2023-12-19 18:17:54,206 [main] INFO  netty.NettyConfigKeys$DataStream (ConfUtils.java:logGet(46)) - raft.netty.dataStream.server.boss-group.size = 0 (default)
2023-12-19 18:17:54,206 [main] INFO  netty.NettyUtils (NettyUtils.java:newEventLoopGroup(69)) - Create EpollEventLoopGroup for a90b24a4-d9f8-4f3b-8812-3b02ea4f687f-NettyServerStreamRpc-bossGroup; Thread size is 0.
2023-12-19 18:17:54,206 [main] INFO  netty.NettyConfigKeys$DataStream (ConfUtils.java:logGet(46)) - raft.netty.dataStream.server.worker-group.size = 0 (default)
2023-12-19 18:17:54,207 [main] INFO  netty.NettyUtils (NettyUtils.java:newEventLoopGroup(69)) - Create EpollEventLoopGroup for a90b24a4-d9f8-4f3b-8812-3b02ea4f687f-NettyServerStreamRpc-workerGroup; Thread size is 0.
2023-12-19 18:17:54,207 [main] INFO  netty.NettyConfigKeys$DataStream (ConfUtils.java:logGet(46)) - raft.netty.dataStream.server.tls.conf = null (default)
2023-12-19 18:17:54,207 [main] INFO  netty.NettyConfigKeys$DataStream (ConfUtils.java:logGet(46)) - raft.netty.dataStream.host = null (default)
2023-12-19 18:17:54,208 [main] INFO  netty.NettyConfigKeys$DataStream (ConfUtils.java:logGet(46)) - raft.netty.dataStream.port = 15105 (custom)
2023-12-19 18:17:54,209 [main] INFO  server.RaftServerConfigKeys (ConfUtils.java:logGet(46)) - raft.server.sleep.deviation.threshold = 300ms (default)
2023-12-19 18:17:54,210 [main] INFO  server.RaftServerConfigKeys (ConfUtils.java:logGet(46)) - raft.server.close.threshold = 60s (default)
2023-12-19 18:17:54,211 [main] INFO  server.RaftServerConfigKeys (ConfUtils.java:logGet(46)) - raft.server.leaderelection.leader.step-down.wait-time = 10s (default)
2023-12-19 18:17:54,211 [main] INFO  server.RaftServerConfigKeys (ConfUtils.java:logGet(46)) - raft.server.storage.dir = [/home/runner/work/ozone/ozone/hadoop-ozone/integration-test/target/test-dir/MiniOzoneClusterImpl-c3f67427-b36b-4ee4-bde0-91623ce58163/datanode-10/data/ratis] (custom)
2023-12-19 18:17:54,211 [main] INFO  server.RaftServerConfigKeys (ConfUtils.java:logGet(46)) - raft.server.threadpool.proxy.cached = true (default)
2023-12-19 18:17:54,211 [main] INFO  server.RaftServerConfigKeys (ConfUtils.java:logGet(46)) - raft.server.threadpool.proxy.size = 0 (default)
2023-12-19 18:17:54,212 [a90b24a4-d9f8-4f3b-8812-3b02ea4f687f-NettyServerStreamRpc-bossGroup--thread1] INFO  logging.LoggingHandler (AbstractInternalLogger.java:log(148)) - [id: 0x0975b3be] REGISTERED
2023-12-19 18:17:54,212 [a90b24a4-d9f8-4f3b-8812-3b02ea4f687f-impl-thread1] INFO  server.RaftServer (RaftServerProxy.java:initGroupDir(264)) - a90b24a4-d9f8-4f3b-8812-3b02ea4f687f: found a subdirectory /home/runner/work/ozone/ozone/hadoop-ozone/integration-test/target/test-dir/MiniOzoneClusterImpl-c3f67427-b36b-4ee4-bde0-91623ce58163/datanode-10/data/ratis/tmp
2023-12-19 18:17:54,212 [a90b24a4-d9f8-4f3b-8812-3b02ea4f687f-NettyServerStreamRpc-bossGroup--thread1] INFO  logging.LoggingHandler (AbstractInternalLogger.java:log(148)) - [id: 0x0975b3be] BIND: 0.0.0.0/0.0.0.0:15105
2023-12-19 18:17:54,213 [a90b24a4-d9f8-4f3b-8812-3b02ea4f687f-impl-thread1] INFO  server.RaftServer (RaftServerProxy.java:initGroupDir(269)) - a90b24a4-d9f8-4f3b-8812-3b02ea4f687f: The directory /home/runner/work/ozone/ozone/hadoop-ozone/integration-test/target/test-dir/MiniOzoneClusterImpl-c3f67427-b36b-4ee4-bde0-91623ce58163/datanode-10/data/ratis/tmp is not a group directory; ignoring it. 
2023-12-19 18:17:54,213 [a90b24a4-d9f8-4f3b-8812-3b02ea4f687f-NettyServerStreamRpc-bossGroup--thread1] INFO  logging.LoggingHandler (AbstractInternalLogger.java:log(148)) - [id: 0x0975b3be, L:/0.0.0.0:15105] ACTIVE
2023-12-19 18:17:54,213 [main] INFO  replication.ReplicationServer (ReplicationServer.java:<init>(85)) - Initializing replication server with thread count = 10 queue length = 4096
2023-12-19 18:17:54,214 [main] INFO  server.XceiverServerGrpc (XceiverServerGrpc.java:<init>(141)) - GrpcServer channel type EpollServerSocketChannel
2023-12-19 18:17:54,216 [main] INFO  replication.ReplicationSupervisor (ReplicationSupervisor.java:build(163)) - Initializing replication supervisor with thread count = 10
2023-12-19 18:17:54,216 [main] INFO  replication.ReplicationSupervisor (ReplicationSupervisor.java:nodeStateUpdated(317)) - Node state updated to IN_SERVICE, scaling executor pool size to 10
2023-12-19 18:17:54,218 [main] INFO  http.BaseHttpServer (BaseHttpServer.java:newHttpServer2BuilderForOzone(223)) - Starting Web-server for hddsDatanode at: http://0.0.0.0:15099
2023-12-19 18:17:54,218 [main] INFO  http.BaseHttpServer (BaseHttpServer.java:<init>(110)) - Hadoop Security Enabled: false Ozone Security Enabled: false Ozone HTTP Security Enabled: false 
2023-12-19 18:17:54,219 [main] WARN  server.AuthenticationFilter (AuthenticationFilter.java:constructSecretProvider(240)) - Unable to initialize FileSignerSecretProvider, falling back to use random secrets. Reason: Could not read signature secret file: /home/runner/hadoop-http-auth-signature-secret
2023-12-19 18:17:54,222 [main] INFO  http.HttpRequestLog (HttpRequestLog.java:getRequestLog(86)) - Http request log for http.requests.hddsDatanode is not defined
2023-12-19 18:17:54,223 [main] INFO  http.HttpServer2 (HttpServer2.java:addGlobalFilter(1036)) - Added global filter 'safety' (class=org.apache.hadoop.hdds.server.http.HttpServer2$QuotingInputFilter)
2023-12-19 18:17:54,223 [main] INFO  http.HttpServer2 (HttpServer2.java:addFilter(1012)) - Added filter static_user_filter (class=org.apache.hadoop.http.lib.StaticUserWebFilter$StaticUserFilter) to context hddsDatanode
2023-12-19 18:17:54,223 [main] INFO  http.HttpServer2 (HttpServer2.java:addFilter(1020)) - Added filter static_user_filter (class=org.apache.hadoop.http.lib.StaticUserWebFilter$StaticUserFilter) to context logs
2023-12-19 18:17:54,224 [main] INFO  http.HttpServer2 (HttpServer2.java:addFilter(1020)) - Added filter static_user_filter (class=org.apache.hadoop.http.lib.StaticUserWebFilter$StaticUserFilter) to context static
2023-12-19 18:17:54,224 [main] INFO  http.BaseHttpServer (BaseHttpServer.java:<init>(189)) - HTTP server of hddsDatanode uses base directory /home/runner/work/ozone/ozone/hadoop-ozone/integration-test/target/test-dir/MiniOzoneClusterImpl-c3f67427-b36b-4ee4-bde0-91623ce58163/datanode-10/meta/webserver
2023-12-19 18:17:54,225 [main] INFO  http.HttpServer2 (HttpServer2.java:bindListener(1236)) - Jetty bound to port 15099
2023-12-19 18:17:54,225 [main] INFO  server.Server (Server.java:doStart(375)) - jetty-9.4.53.v20231009; built: 2023-10-09T12:29:09.265Z; git: 27bde00a0b95a1d5bbee0eae7984f891d2d0f8c9; jvm 1.8.0_392-b08
2023-12-19 18:17:54,226 [main] INFO  server.session (DefaultSessionIdManager.java:doStart(334)) - DefaultSessionIdManager workerName=node0
2023-12-19 18:17:54,226 [main] INFO  server.session (DefaultSessionIdManager.java:doStart(339)) - No SessionScavenger set, using defaults
2023-12-19 18:17:54,226 [main] INFO  server.session (HouseKeeper.java:startScavenging(132)) - node0 Scavenging every 660000ms
2023-12-19 18:17:54,227 [main] INFO  handler.ContextHandler (ContextHandler.java:doStart(921)) - Started o.e.j.s.ServletContextHandler@51f278d1{logs,/logs,file:///home/runner/work/ozone/ozone/hadoop-ozone/integration-test/target/log,AVAILABLE}
2023-12-19 18:17:54,227 [main] INFO  handler.ContextHandler (ContextHandler.java:doStart(921)) - Started o.e.j.s.ServletContextHandler@25e965ee{static,/static,jar:file:/home/runner/.m2/repository/org/apache/ozone/hdds-container-service/1.5.0-SNAPSHOT/hdds-container-service-1.5.0-SNAPSHOT.jar!/webapps/static,AVAILABLE}
2023-12-19 18:17:54,260 [main] INFO  handler.ContextHandler (ContextHandler.java:doStart(921)) - Started o.e.j.w.WebAppContext@3fb6ad6d{hddsDatanode,/,file:///home/runner/work/ozone/ozone/hadoop-ozone/integration-test/target/test-dir/MiniOzoneClusterImpl-c3f67427-b36b-4ee4-bde0-91623ce58163/datanode-10/meta/webserver/jetty-0_0_0_0-15099-hdds-container-service-1_5_0-SNAPSHOT_jar-_-any-3484548606664625008/webapp/,AVAILABLE}{jar:file:/home/runner/.m2/repository/org/apache/ozone/hdds-container-service/1.5.0-SNAPSHOT/hdds-container-service-1.5.0-SNAPSHOT.jar!/webapps/hddsDatanode}
2023-12-19 18:17:54,261 [main] INFO  server.AbstractConnector (AbstractConnector.java:doStart(333)) - Started ServerConnector@33d55c86{HTTP/1.1, (http/1.1)}{0.0.0.0:15099}
2023-12-19 18:17:54,261 [main] INFO  server.Server (Server.java:doStart(415)) - Started @8682ms
2023-12-19 18:17:54,262 [main] WARN  impl.MetricsSystemImpl (MetricsSystemImpl.java:register(279)) - Sink prometheus already exists!
2023-12-19 18:17:54,262 [main] INFO  http.BaseHttpServer (BaseHttpServer.java:updateConnectorAddress(354)) - HTTP server of hddsDatanode listening at http://0.0.0.0:15099
2023-12-19 18:17:54,262 [main] INFO  ipc.CallQueueManager (CallQueueManager.java:<init>(90)) - Using callQueue: class java.util.concurrent.LinkedBlockingQueue, queueCapacity: 100, scheduler: class org.apache.hadoop.ipc.DefaultRpcScheduler, ipcBackoff: false.
2023-12-19 18:17:54,263 [main] INFO  ipc.Server (Server.java:<init>(1287)) - Listener at 0.0.0.0:15100
2023-12-19 18:17:54,263 [Socket Reader #1 for port 15100] INFO  ipc.Server (Server.java:run(1323)) - Starting Socket Reader #1 for port 15100
2023-12-19 18:17:54,265 [main] INFO  ozone.HddsDatanodeService (HddsDatanodeService.java:start(324)) - Datanode start with admins: [runner]
2023-12-19 18:17:54,265 [main] INFO  ozone.HddsDatanodeClientProtocolServer (HddsDatanodeClientProtocolServer.java:start(72)) - RPC server for Client /0.0.0.0:15100
2023-12-19 18:17:54,266 [IPC Server Responder] INFO  ipc.Server (Server.java:run(1562)) - IPC Server Responder: starting
2023-12-19 18:17:54,266 [IPC Server listener on 15100] INFO  ipc.Server (Server.java:run(1402)) - IPC Server listener on 15100: starting
2023-12-19 18:17:54,273 [a90b24a4-d9f8-4f3b-8812-3b02ea4f687f-DatanodeStateMachineDaemonThread] INFO  statemachine.DatanodeStateMachine (DatanodeStateMachine.java:lambda$startDaemon$1(555)) - Ozone container server started.
2023-12-19 18:17:54,273 [main] WARN  dropwizard3.Dm3MetricRegistriesImpl (Dm3MetricRegistriesImpl.java:addReporterRegistration(113)) - New reporters are added after registries were created. Some metrics will be missing from the reporter. Please add reporter before adding any new registry.
2023-12-19 18:17:54,274 [main] WARN  dropwizard3.Dm3MetricRegistriesImpl (Dm3MetricRegistriesImpl.java:addReporterRegistration(113)) - New reporters are added after registries were created. Some metrics will be missing from the reporter. Please add reporter before adding any new registry.
2023-12-19 18:17:54,274 [main] INFO  impl.MetricsSystemImpl (MetricsSystemImpl.java:init(158)) - HddsDatanode metrics system started (again)
2023-12-19 18:17:54,278 [a90b24a4-d9f8-4f3b-8812-3b02ea4f687f-DatanodeStateMachineTaskThread-0] INFO  datanode.InitDatanodeState (InitDatanodeState.java:persistContainerDatanodeDetails(139)) - DatanodeDetails is persisted to /home/runner/work/ozone/ozone/hadoop-ozone/integration-test/target/test-dir/MiniOzoneClusterImpl-c3f67427-b36b-4ee4-bde0-91623ce58163/datanode-10/meta/datanode.id
2023-12-19 18:17:54,283 [main] INFO  ozone.HddsDatanodeService (HddsDatanodeService.java:start(239)) - HddsDatanodeService host:fv-az1381-513.cyf22sgur2jupkghqkt4lwlvwe.cx.internal.cloudapp.net ip:10.1.0.19
2023-12-19 18:17:54,303 [main] INFO  upgrade.AbstractLayoutVersionManager (AbstractLayoutVersionManager.java:init(83)) - Initializing Layout version manager with metadata layout = HADOOP_PRC_PORTS_IN_DATANODEDETAILS (version = 7), software layout = HADOOP_PRC_PORTS_IN_DATANODEDETAILS (version = 7)
2023-12-19 18:17:54,304 [main] INFO  statemachine.DatanodeStateMachine (DatanodeStateMachine.java:getEndPointTaskThreadPoolSize(299)) - Datanode State Machine Task Thread Pool size 2
2023-12-19 18:17:54,305 [main] INFO  volume.HddsVolume (HddsVolume.java:<init>(126)) - Creating HddsVolume: /home/runner/work/ozone/ozone/hadoop-ozone/integration-test/target/test-dir/MiniOzoneClusterImpl-c3f67427-b36b-4ee4-bde0-91623ce58163/datanode-11/data-0/containers/hdds of storage type : DISK capacity : 9223372036854775807
2023-12-19 18:17:54,305 [main] INFO  volume.MutableVolumeSet (MutableVolumeSet.java:initializeVolumeSet(173)) - Added Volume : /home/runner/work/ozone/ozone/hadoop-ozone/integration-test/target/test-dir/MiniOzoneClusterImpl-c3f67427-b36b-4ee4-bde0-91623ce58163/datanode-11/data-0/containers/hdds to VolumeSet
2023-12-19 18:17:54,306 [main] INFO  volume.MutableVolumeSet (MutableVolumeSet.java:initializeVolumeSet(173)) - Added Volume : /home/runner/work/ozone/ozone/hadoop-ozone/integration-test/target/test-dir/MiniOzoneClusterImpl-c3f67427-b36b-4ee4-bde0-91623ce58163/datanode-11/data/ratis to VolumeSet
2023-12-19 18:17:54,307 [main] INFO  ozoneimpl.OzoneContainer (HddsVolumeUtil.java:loadAllHddsVolumeDbStore(103)) - Load 1 volumes DbStore cost: 0ms
2023-12-19 18:17:54,307 [c27b4a8c-9932-4b8f-bf34-353c967d0ecc-ContainerReader-0] INFO  ozoneimpl.ContainerReader (ContainerReader.java:readVolume(177)) - Finish verifying containers on volume /home/runner/work/ozone/ozone/hadoop-ozone/integration-test/target/test-dir/MiniOzoneClusterImpl-c3f67427-b36b-4ee4-bde0-91623ce58163/datanode-11/data-0/containers/hdds
2023-12-19 18:17:54,307 [main] INFO  ozoneimpl.OzoneContainer (OzoneContainer.java:buildContainerSet(326)) - Build ContainerSet costs 0s
2023-12-19 18:17:54,310 [main] INFO  server.RaftServer (ConfUtils.java:logGet(46)) - raft.rpc.type = GRPC (default)
2023-12-19 18:17:54,310 [main] INFO  grpc.GrpcConfigKeys (ConfUtils.java:logFallback(53)) - raft.grpc.admin.host = null (fallback to raft.grpc.server.host)
2023-12-19 18:17:54,310 [main] INFO  grpc.GrpcConfigKeys (ConfUtils.java:logGet(46)) - raft.grpc.admin.port = 15112 (custom)
2023-12-19 18:17:54,310 [main] INFO  grpc.GrpcConfigKeys (ConfUtils.java:logFallback(53)) - raft.grpc.client.host = null (fallback to raft.grpc.server.host)
2023-12-19 18:17:54,310 [main] INFO  grpc.GrpcConfigKeys (ConfUtils.java:logGet(46)) - raft.grpc.client.port = 15111 (custom)
2023-12-19 18:17:54,311 [main] INFO  grpc.GrpcConfigKeys (ConfUtils.java:logGet(46)) - raft.grpc.server.host = null (default)
2023-12-19 18:17:54,311 [main] INFO  grpc.GrpcConfigKeys (ConfUtils.java:logGet(46)) - raft.grpc.server.port = 15113 (custom)
2023-12-19 18:17:54,311 [main] INFO  server.GrpcService (ConfUtils.java:logGet(46)) - raft.grpc.message.size.max = 32MB (=33554432) (custom)
2023-12-19 18:17:54,311 [main] INFO  server.RaftServerConfigKeys (ConfUtils.java:logGet(46)) - raft.server.log.appender.buffer.byte-limit = 8388608 (custom)
2023-12-19 18:17:54,311 [main] INFO  server.GrpcService (ConfUtils.java:logGet(46)) - raft.grpc.flow.control.window = 5MB (=5242880) (custom)
2023-12-19 18:17:54,311 [main] INFO  server.RaftServerConfigKeys (ConfUtils.java:logGet(46)) - raft.server.rpc.request.timeout = 60s (custom)
2023-12-19 18:17:54,311 [main] INFO  grpc.GrpcConfigKeys (ConfUtils.java:logGet(46)) - raft.grpc.server.heartbeat.channel = true (default)
2023-12-19 18:17:54,312 [main] INFO  grpc.GrpcConfigKeys (ConfUtils.java:logGet(46)) - raft.grpc.server.async.request.thread.pool.cached = true (default)
2023-12-19 18:17:54,312 [main] INFO  grpc.GrpcConfigKeys (ConfUtils.java:logGet(46)) - raft.grpc.server.async.request.thread.pool.size = 32 (default)
2023-12-19 18:17:54,314 [main] INFO  impl.DataStreamServerImpl (ConfUtils.java:logGet(46)) - raft.datastream.type = NETTY (custom)
2023-12-19 18:17:54,314 [main] INFO  server.RaftServerConfigKeys (ConfUtils.java:logGet(46)) - raft.server.data-stream.async.request.thread.pool.cached = false (default)
2023-12-19 18:17:54,314 [main] INFO  server.RaftServerConfigKeys (ConfUtils.java:logGet(46)) - raft.server.data-stream.async.request.thread.pool.size = 20 (custom)
2023-12-19 18:17:54,315 [main] INFO  server.RaftServerConfigKeys (ConfUtils.java:logGet(46)) - raft.server.data-stream.async.write.thread.pool.size = 16 (default)
2023-12-19 18:17:54,315 [main] INFO  netty.NettyConfigKeys$DataStream (ConfUtils.java:logGet(46)) - raft.netty.dataStream.server.channel.inactive.grace-period = 10min (default)
2023-12-19 18:17:54,315 [main] INFO  server.RaftServerConfigKeys (ConfUtils.java:logGet(46)) - raft.server.data-stream.client.pool.size = 10 (default)
2023-12-19 18:17:54,315 [main] INFO  netty.NettyConfigKeys$DataStream (ConfUtils.java:logGet(46)) - raft.netty.dataStream.server.use-epoll = true (default)
2023-12-19 18:17:54,315 [main] INFO  netty.NettyConfigKeys$DataStream (ConfUtils.java:logGet(46)) - raft.netty.dataStream.server.boss-group.size = 0 (default)
2023-12-19 18:17:54,315 [main] INFO  netty.NettyUtils (NettyUtils.java:newEventLoopGroup(69)) - Create EpollEventLoopGroup for c27b4a8c-9932-4b8f-bf34-353c967d0ecc-NettyServerStreamRpc-bossGroup; Thread size is 0.
2023-12-19 18:17:54,316 [main] INFO  netty.NettyConfigKeys$DataStream (ConfUtils.java:logGet(46)) - raft.netty.dataStream.server.worker-group.size = 0 (default)
2023-12-19 18:17:54,316 [main] INFO  netty.NettyUtils (NettyUtils.java:newEventLoopGroup(69)) - Create EpollEventLoopGroup for c27b4a8c-9932-4b8f-bf34-353c967d0ecc-NettyServerStreamRpc-workerGroup; Thread size is 0.
2023-12-19 18:17:54,316 [main] INFO  netty.NettyConfigKeys$DataStream (ConfUtils.java:logGet(46)) - raft.netty.dataStream.server.tls.conf = null (default)
2023-12-19 18:17:54,316 [main] INFO  netty.NettyConfigKeys$DataStream (ConfUtils.java:logGet(46)) - raft.netty.dataStream.host = null (default)
2023-12-19 18:17:54,316 [main] INFO  netty.NettyConfigKeys$DataStream (ConfUtils.java:logGet(46)) - raft.netty.dataStream.port = 15114 (custom)
2023-12-19 18:17:54,317 [main] INFO  server.RaftServerConfigKeys (ConfUtils.java:logGet(46)) - raft.server.sleep.deviation.threshold = 300ms (default)
2023-12-19 18:17:54,318 [main] INFO  server.RaftServerConfigKeys (ConfUtils.java:logGet(46)) - raft.server.close.threshold = 60s (default)
2023-12-19 18:17:54,318 [c27b4a8c-9932-4b8f-bf34-353c967d0ecc-NettyServerStreamRpc-bossGroup--thread1] INFO  logging.LoggingHandler (AbstractInternalLogger.java:log(148)) - [id: 0xf81d5b24] REGISTERED
2023-12-19 18:17:54,318 [main] INFO  server.RaftServerConfigKeys (ConfUtils.java:logGet(46)) - raft.server.leaderelection.leader.step-down.wait-time = 10s (default)
2023-12-19 18:17:54,318 [c27b4a8c-9932-4b8f-bf34-353c967d0ecc-NettyServerStreamRpc-bossGroup--thread1] INFO  logging.LoggingHandler (AbstractInternalLogger.java:log(148)) - [id: 0xf81d5b24] BIND: 0.0.0.0/0.0.0.0:15114
2023-12-19 18:17:54,319 [main] INFO  server.RaftServerConfigKeys (ConfUtils.java:logGet(46)) - raft.server.storage.dir = [/home/runner/work/ozone/ozone/hadoop-ozone/integration-test/target/test-dir/MiniOzoneClusterImpl-c3f67427-b36b-4ee4-bde0-91623ce58163/datanode-11/data/ratis] (custom)
2023-12-19 18:17:54,319 [c27b4a8c-9932-4b8f-bf34-353c967d0ecc-NettyServerStreamRpc-bossGroup--thread1] INFO  logging.LoggingHandler (AbstractInternalLogger.java:log(148)) - [id: 0xf81d5b24, L:/0.0.0.0:15114] ACTIVE
2023-12-19 18:17:54,319 [main] INFO  server.RaftServerConfigKeys (ConfUtils.java:logGet(46)) - raft.server.threadpool.proxy.cached = true (default)
2023-12-19 18:17:54,319 [main] INFO  server.RaftServerConfigKeys (ConfUtils.java:logGet(46)) - raft.server.threadpool.proxy.size = 0 (default)
2023-12-19 18:17:54,320 [c27b4a8c-9932-4b8f-bf34-353c967d0ecc-impl-thread1] INFO  server.RaftServer (RaftServerProxy.java:initGroupDir(264)) - c27b4a8c-9932-4b8f-bf34-353c967d0ecc: found a subdirectory /home/runner/work/ozone/ozone/hadoop-ozone/integration-test/target/test-dir/MiniOzoneClusterImpl-c3f67427-b36b-4ee4-bde0-91623ce58163/datanode-11/data/ratis/tmp
2023-12-19 18:17:54,320 [c27b4a8c-9932-4b8f-bf34-353c967d0ecc-impl-thread1] INFO  server.RaftServer (RaftServerProxy.java:initGroupDir(269)) - c27b4a8c-9932-4b8f-bf34-353c967d0ecc: The directory /home/runner/work/ozone/ozone/hadoop-ozone/integration-test/target/test-dir/MiniOzoneClusterImpl-c3f67427-b36b-4ee4-bde0-91623ce58163/datanode-11/data/ratis/tmp is not a group directory; ignoring it. 
2023-12-19 18:17:54,320 [main] INFO  replication.ReplicationServer (ReplicationServer.java:<init>(85)) - Initializing replication server with thread count = 10 queue length = 4096
2023-12-19 18:17:54,321 [main] INFO  server.XceiverServerGrpc (XceiverServerGrpc.java:<init>(141)) - GrpcServer channel type EpollServerSocketChannel
2023-12-19 18:17:54,323 [main] INFO  replication.ReplicationSupervisor (ReplicationSupervisor.java:build(163)) - Initializing replication supervisor with thread count = 10
2023-12-19 18:17:54,323 [main] INFO  replication.ReplicationSupervisor (ReplicationSupervisor.java:nodeStateUpdated(317)) - Node state updated to IN_SERVICE, scaling executor pool size to 10
2023-12-19 18:17:54,325 [main] INFO  http.BaseHttpServer (BaseHttpServer.java:newHttpServer2BuilderForOzone(223)) - Starting Web-server for hddsDatanode at: http://0.0.0.0:15108
2023-12-19 18:17:54,326 [main] INFO  http.BaseHttpServer (BaseHttpServer.java:<init>(110)) - Hadoop Security Enabled: false Ozone Security Enabled: false Ozone HTTP Security Enabled: false 
2023-12-19 18:17:54,327 [main] WARN  server.AuthenticationFilter (AuthenticationFilter.java:constructSecretProvider(240)) - Unable to initialize FileSignerSecretProvider, falling back to use random secrets. Reason: Could not read signature secret file: /home/runner/hadoop-http-auth-signature-secret
2023-12-19 18:17:54,327 [main] INFO  http.HttpRequestLog (HttpRequestLog.java:getRequestLog(86)) - Http request log for http.requests.hddsDatanode is not defined
2023-12-19 18:17:54,329 [main] INFO  http.HttpServer2 (HttpServer2.java:addGlobalFilter(1036)) - Added global filter 'safety' (class=org.apache.hadoop.hdds.server.http.HttpServer2$QuotingInputFilter)
2023-12-19 18:17:54,329 [main] INFO  http.HttpServer2 (HttpServer2.java:addFilter(1012)) - Added filter static_user_filter (class=org.apache.hadoop.http.lib.StaticUserWebFilter$StaticUserFilter) to context hddsDatanode
2023-12-19 18:17:54,329 [main] INFO  http.HttpServer2 (HttpServer2.java:addFilter(1020)) - Added filter static_user_filter (class=org.apache.hadoop.http.lib.StaticUserWebFilter$StaticUserFilter) to context static
2023-12-19 18:17:54,330 [main] INFO  http.HttpServer2 (HttpServer2.java:addFilter(1020)) - Added filter static_user_filter (class=org.apache.hadoop.http.lib.StaticUserWebFilter$StaticUserFilter) to context logs
2023-12-19 18:17:54,330 [main] INFO  http.BaseHttpServer (BaseHttpServer.java:<init>(189)) - HTTP server of hddsDatanode uses base directory /home/runner/work/ozone/ozone/hadoop-ozone/integration-test/target/test-dir/MiniOzoneClusterImpl-c3f67427-b36b-4ee4-bde0-91623ce58163/datanode-11/meta/webserver
2023-12-19 18:17:54,330 [main] INFO  http.HttpServer2 (HttpServer2.java:bindListener(1236)) - Jetty bound to port 15108
2023-12-19 18:17:54,330 [main] INFO  server.Server (Server.java:doStart(375)) - jetty-9.4.53.v20231009; built: 2023-10-09T12:29:09.265Z; git: 27bde00a0b95a1d5bbee0eae7984f891d2d0f8c9; jvm 1.8.0_392-b08
2023-12-19 18:17:54,331 [main] INFO  server.session (DefaultSessionIdManager.java:doStart(334)) - DefaultSessionIdManager workerName=node0
2023-12-19 18:17:54,331 [main] INFO  server.session (DefaultSessionIdManager.java:doStart(339)) - No SessionScavenger set, using defaults
2023-12-19 18:17:54,332 [main] INFO  server.session (HouseKeeper.java:startScavenging(132)) - node0 Scavenging every 660000ms
2023-12-19 18:17:54,332 [main] INFO  handler.ContextHandler (ContextHandler.java:doStart(921)) - Started o.e.j.s.ServletContextHandler@85b4160{logs,/logs,file:///home/runner/work/ozone/ozone/hadoop-ozone/integration-test/target/log,AVAILABLE}
2023-12-19 18:17:54,332 [main] INFO  handler.ContextHandler (ContextHandler.java:doStart(921)) - Started o.e.j.s.ServletContextHandler@527f09e6{static,/static,jar:file:/home/runner/.m2/repository/org/apache/ozone/hdds-container-service/1.5.0-SNAPSHOT/hdds-container-service-1.5.0-SNAPSHOT.jar!/webapps/static,AVAILABLE}
2023-12-19 18:17:54,364 [main] INFO  handler.ContextHandler (ContextHandler.java:doStart(921)) - Started o.e.j.w.WebAppContext@503dcf80{hddsDatanode,/,file:///home/runner/work/ozone/ozone/hadoop-ozone/integration-test/target/test-dir/MiniOzoneClusterImpl-c3f67427-b36b-4ee4-bde0-91623ce58163/datanode-11/meta/webserver/jetty-0_0_0_0-15108-hdds-container-service-1_5_0-SNAPSHOT_jar-_-any-311823681442756854/webapp/,AVAILABLE}{jar:file:/home/runner/.m2/repository/org/apache/ozone/hdds-container-service/1.5.0-SNAPSHOT/hdds-container-service-1.5.0-SNAPSHOT.jar!/webapps/hddsDatanode}
2023-12-19 18:17:54,366 [main] INFO  server.AbstractConnector (AbstractConnector.java:doStart(333)) - Started ServerConnector@8b4bb6d{HTTP/1.1, (http/1.1)}{0.0.0.0:15108}
2023-12-19 18:17:54,366 [main] INFO  server.Server (Server.java:doStart(415)) - Started @8786ms
2023-12-19 18:17:54,366 [main] WARN  impl.MetricsSystemImpl (MetricsSystemImpl.java:register(279)) - Sink prometheus already exists!
2023-12-19 18:17:54,366 [main] INFO  http.BaseHttpServer (BaseHttpServer.java:updateConnectorAddress(354)) - HTTP server of hddsDatanode listening at http://0.0.0.0:15108
2023-12-19 18:17:54,367 [main] INFO  ipc.CallQueueManager (CallQueueManager.java:<init>(90)) - Using callQueue: class java.util.concurrent.LinkedBlockingQueue, queueCapacity: 100, scheduler: class org.apache.hadoop.ipc.DefaultRpcScheduler, ipcBackoff: false.
2023-12-19 18:17:54,367 [main] INFO  ipc.Server (Server.java:<init>(1287)) - Listener at 0.0.0.0:15109
2023-12-19 18:17:54,368 [Socket Reader #1 for port 15109] INFO  ipc.Server (Server.java:run(1323)) - Starting Socket Reader #1 for port 15109
2023-12-19 18:17:54,374 [main] INFO  ozone.HddsDatanodeService (HddsDatanodeService.java:start(324)) - Datanode start with admins: [runner]
2023-12-19 18:17:54,374 [main] INFO  ozone.HddsDatanodeClientProtocolServer (HddsDatanodeClientProtocolServer.java:start(72)) - RPC server for Client /0.0.0.0:15109
2023-12-19 18:17:54,375 [IPC Server Responder] INFO  ipc.Server (Server.java:run(1562)) - IPC Server Responder: starting
2023-12-19 18:17:54,380 [IPC Server listener on 15109] INFO  ipc.Server (Server.java:run(1402)) - IPC Server listener on 15109: starting
2023-12-19 18:17:54,384 [c27b4a8c-9932-4b8f-bf34-353c967d0ecc-DatanodeStateMachineDaemonThread] INFO  statemachine.DatanodeStateMachine (DatanodeStateMachine.java:lambda$startDaemon$1(555)) - Ozone container server started.
2023-12-19 18:17:54,385 [main] WARN  dropwizard3.Dm3MetricRegistriesImpl (Dm3MetricRegistriesImpl.java:addReporterRegistration(113)) - New reporters are added after registries were created. Some metrics will be missing from the reporter. Please add reporter before adding any new registry.
2023-12-19 18:17:54,385 [main] WARN  dropwizard3.Dm3MetricRegistriesImpl (Dm3MetricRegistriesImpl.java:addReporterRegistration(113)) - New reporters are added after registries were created. Some metrics will be missing from the reporter. Please add reporter before adding any new registry.
2023-12-19 18:17:54,385 [main] INFO  impl.MetricsSystemImpl (MetricsSystemImpl.java:init(158)) - HddsDatanode metrics system started (again)
2023-12-19 18:17:54,394 [main] INFO  ozone.HddsDatanodeService (HddsDatanodeService.java:start(239)) - HddsDatanodeService host:fv-az1381-513.cyf22sgur2jupkghqkt4lwlvwe.cx.internal.cloudapp.net ip:10.1.0.19
2023-12-19 18:17:54,408 [c27b4a8c-9932-4b8f-bf34-353c967d0ecc-DatanodeStateMachineTaskThread-0] INFO  datanode.InitDatanodeState (InitDatanodeState.java:persistContainerDatanodeDetails(139)) - DatanodeDetails is persisted to /home/runner/work/ozone/ozone/hadoop-ozone/integration-test/target/test-dir/MiniOzoneClusterImpl-c3f67427-b36b-4ee4-bde0-91623ce58163/datanode-11/meta/datanode.id
2023-12-19 18:17:54,418 [main] INFO  upgrade.AbstractLayoutVersionManager (AbstractLayoutVersionManager.java:init(83)) - Initializing Layout version manager with metadata layout = HADOOP_PRC_PORTS_IN_DATANODEDETAILS (version = 7), software layout = HADOOP_PRC_PORTS_IN_DATANODEDETAILS (version = 7)
2023-12-19 18:17:54,418 [main] INFO  statemachine.DatanodeStateMachine (DatanodeStateMachine.java:getEndPointTaskThreadPoolSize(299)) - Datanode State Machine Task Thread Pool size 2
2023-12-19 18:17:54,420 [main] INFO  volume.HddsVolume (HddsVolume.java:<init>(126)) - Creating HddsVolume: /home/runner/work/ozone/ozone/hadoop-ozone/integration-test/target/test-dir/MiniOzoneClusterImpl-c3f67427-b36b-4ee4-bde0-91623ce58163/datanode-12/data-0/containers/hdds of storage type : DISK capacity : 9223372036854775807
2023-12-19 18:17:54,420 [main] INFO  volume.MutableVolumeSet (MutableVolumeSet.java:initializeVolumeSet(173)) - Added Volume : /home/runner/work/ozone/ozone/hadoop-ozone/integration-test/target/test-dir/MiniOzoneClusterImpl-c3f67427-b36b-4ee4-bde0-91623ce58163/datanode-12/data-0/containers/hdds to VolumeSet
2023-12-19 18:17:54,421 [main] INFO  volume.MutableVolumeSet (MutableVolumeSet.java:initializeVolumeSet(173)) - Added Volume : /home/runner/work/ozone/ozone/hadoop-ozone/integration-test/target/test-dir/MiniOzoneClusterImpl-c3f67427-b36b-4ee4-bde0-91623ce58163/datanode-12/data/ratis to VolumeSet
2023-12-19 18:17:54,422 [main] INFO  ozoneimpl.OzoneContainer (HddsVolumeUtil.java:loadAllHddsVolumeDbStore(103)) - Load 1 volumes DbStore cost: 0ms
2023-12-19 18:17:54,422 [2d01c37d-c80a-4131-b15b-062508bff67d-ContainerReader-0] INFO  ozoneimpl.ContainerReader (ContainerReader.java:readVolume(177)) - Finish verifying containers on volume /home/runner/work/ozone/ozone/hadoop-ozone/integration-test/target/test-dir/MiniOzoneClusterImpl-c3f67427-b36b-4ee4-bde0-91623ce58163/datanode-12/data-0/containers/hdds
2023-12-19 18:17:54,422 [main] INFO  ozoneimpl.OzoneContainer (OzoneContainer.java:buildContainerSet(326)) - Build ContainerSet costs 0s
2023-12-19 18:17:54,424 [main] INFO  server.RaftServer (ConfUtils.java:logGet(46)) - raft.rpc.type = GRPC (default)
2023-12-19 18:17:54,424 [main] INFO  grpc.GrpcConfigKeys (ConfUtils.java:logFallback(53)) - raft.grpc.admin.host = null (fallback to raft.grpc.server.host)
2023-12-19 18:17:54,424 [main] INFO  grpc.GrpcConfigKeys (ConfUtils.java:logGet(46)) - raft.grpc.admin.port = 15121 (custom)
2023-12-19 18:17:54,425 [main] INFO  grpc.GrpcConfigKeys (ConfUtils.java:logFallback(53)) - raft.grpc.client.host = null (fallback to raft.grpc.server.host)
2023-12-19 18:17:54,425 [main] INFO  grpc.GrpcConfigKeys (ConfUtils.java:logGet(46)) - raft.grpc.client.port = 15120 (custom)
2023-12-19 18:17:54,425 [main] INFO  grpc.GrpcConfigKeys (ConfUtils.java:logGet(46)) - raft.grpc.server.host = null (default)
2023-12-19 18:17:54,425 [main] INFO  grpc.GrpcConfigKeys (ConfUtils.java:logGet(46)) - raft.grpc.server.port = 15122 (custom)
2023-12-19 18:17:54,425 [main] INFO  server.GrpcService (ConfUtils.java:logGet(46)) - raft.grpc.message.size.max = 32MB (=33554432) (custom)
2023-12-19 18:17:54,425 [main] INFO  server.RaftServerConfigKeys (ConfUtils.java:logGet(46)) - raft.server.log.appender.buffer.byte-limit = 8388608 (custom)
2023-12-19 18:17:54,425 [main] INFO  server.GrpcService (ConfUtils.java:logGet(46)) - raft.grpc.flow.control.window = 5MB (=5242880) (custom)
2023-12-19 18:17:54,425 [main] INFO  server.RaftServerConfigKeys (ConfUtils.java:logGet(46)) - raft.server.rpc.request.timeout = 60s (custom)
2023-12-19 18:17:54,425 [main] INFO  grpc.GrpcConfigKeys (ConfUtils.java:logGet(46)) - raft.grpc.server.heartbeat.channel = true (default)
2023-12-19 18:17:54,426 [main] INFO  grpc.GrpcConfigKeys (ConfUtils.java:logGet(46)) - raft.grpc.server.async.request.thread.pool.cached = true (default)
2023-12-19 18:17:54,426 [main] INFO  grpc.GrpcConfigKeys (ConfUtils.java:logGet(46)) - raft.grpc.server.async.request.thread.pool.size = 32 (default)
2023-12-19 18:17:54,427 [main] INFO  impl.DataStreamServerImpl (ConfUtils.java:logGet(46)) - raft.datastream.type = NETTY (custom)
2023-12-19 18:17:54,428 [main] INFO  server.RaftServerConfigKeys (ConfUtils.java:logGet(46)) - raft.server.data-stream.async.request.thread.pool.cached = false (default)
2023-12-19 18:17:54,428 [main] INFO  server.RaftServerConfigKeys (ConfUtils.java:logGet(46)) - raft.server.data-stream.async.request.thread.pool.size = 20 (custom)
2023-12-19 18:17:54,428 [main] INFO  server.RaftServerConfigKeys (ConfUtils.java:logGet(46)) - raft.server.data-stream.async.write.thread.pool.size = 16 (default)
2023-12-19 18:17:54,428 [main] INFO  netty.NettyConfigKeys$DataStream (ConfUtils.java:logGet(46)) - raft.netty.dataStream.server.channel.inactive.grace-period = 10min (default)
2023-12-19 18:17:54,429 [main] INFO  server.RaftServerConfigKeys (ConfUtils.java:logGet(46)) - raft.server.data-stream.client.pool.size = 10 (default)
2023-12-19 18:17:54,429 [main] INFO  netty.NettyConfigKeys$DataStream (ConfUtils.java:logGet(46)) - raft.netty.dataStream.server.use-epoll = true (default)
2023-12-19 18:17:54,429 [main] INFO  netty.NettyConfigKeys$DataStream (ConfUtils.java:logGet(46)) - raft.netty.dataStream.server.boss-group.size = 0 (default)
2023-12-19 18:17:54,429 [main] INFO  netty.NettyUtils (NettyUtils.java:newEventLoopGroup(69)) - Create EpollEventLoopGroup for 2d01c37d-c80a-4131-b15b-062508bff67d-NettyServerStreamRpc-bossGroup; Thread size is 0.
2023-12-19 18:17:54,429 [main] INFO  netty.NettyConfigKeys$DataStream (ConfUtils.java:logGet(46)) - raft.netty.dataStream.server.worker-group.size = 0 (default)
2023-12-19 18:17:54,430 [main] INFO  netty.NettyUtils (NettyUtils.java:newEventLoopGroup(69)) - Create EpollEventLoopGroup for 2d01c37d-c80a-4131-b15b-062508bff67d-NettyServerStreamRpc-workerGroup; Thread size is 0.
2023-12-19 18:17:54,430 [main] INFO  netty.NettyConfigKeys$DataStream (ConfUtils.java:logGet(46)) - raft.netty.dataStream.server.tls.conf = null (default)
2023-12-19 18:17:54,430 [main] INFO  netty.NettyConfigKeys$DataStream (ConfUtils.java:logGet(46)) - raft.netty.dataStream.host = null (default)
2023-12-19 18:17:54,430 [main] INFO  netty.NettyConfigKeys$DataStream (ConfUtils.java:logGet(46)) - raft.netty.dataStream.port = 15123 (custom)
2023-12-19 18:17:54,431 [main] INFO  server.RaftServerConfigKeys (ConfUtils.java:logGet(46)) - raft.server.sleep.deviation.threshold = 300ms (default)
2023-12-19 18:17:54,431 [main] INFO  server.RaftServerConfigKeys (ConfUtils.java:logGet(46)) - raft.server.close.threshold = 60s (default)
2023-12-19 18:17:54,432 [main] INFO  server.RaftServerConfigKeys (ConfUtils.java:logGet(46)) - raft.server.leaderelection.leader.step-down.wait-time = 10s (default)
2023-12-19 18:17:54,432 [2d01c37d-c80a-4131-b15b-062508bff67d-NettyServerStreamRpc-bossGroup--thread1] INFO  logging.LoggingHandler (AbstractInternalLogger.java:log(148)) - [id: 0xead72ca0] REGISTERED
2023-12-19 18:17:54,432 [main] INFO  server.RaftServerConfigKeys (ConfUtils.java:logGet(46)) - raft.server.storage.dir = [/home/runner/work/ozone/ozone/hadoop-ozone/integration-test/target/test-dir/MiniOzoneClusterImpl-c3f67427-b36b-4ee4-bde0-91623ce58163/datanode-12/data/ratis] (custom)
2023-12-19 18:17:54,432 [2d01c37d-c80a-4131-b15b-062508bff67d-NettyServerStreamRpc-bossGroup--thread1] INFO  logging.LoggingHandler (AbstractInternalLogger.java:log(148)) - [id: 0xead72ca0] BIND: 0.0.0.0/0.0.0.0:15123
2023-12-19 18:17:54,432 [main] INFO  server.RaftServerConfigKeys (ConfUtils.java:logGet(46)) - raft.server.threadpool.proxy.cached = true (default)
2023-12-19 18:17:54,433 [main] INFO  server.RaftServerConfigKeys (ConfUtils.java:logGet(46)) - raft.server.threadpool.proxy.size = 0 (default)
2023-12-19 18:17:54,432 [2d01c37d-c80a-4131-b15b-062508bff67d-NettyServerStreamRpc-bossGroup--thread1] INFO  logging.LoggingHandler (AbstractInternalLogger.java:log(148)) - [id: 0xead72ca0, L:/0.0.0.0:15123] ACTIVE
2023-12-19 18:17:54,433 [2d01c37d-c80a-4131-b15b-062508bff67d-impl-thread1] INFO  server.RaftServer (RaftServerProxy.java:initGroupDir(264)) - 2d01c37d-c80a-4131-b15b-062508bff67d: found a subdirectory /home/runner/work/ozone/ozone/hadoop-ozone/integration-test/target/test-dir/MiniOzoneClusterImpl-c3f67427-b36b-4ee4-bde0-91623ce58163/datanode-12/data/ratis/tmp
2023-12-19 18:17:54,433 [2d01c37d-c80a-4131-b15b-062508bff67d-impl-thread1] INFO  server.RaftServer (RaftServerProxy.java:initGroupDir(269)) - 2d01c37d-c80a-4131-b15b-062508bff67d: The directory /home/runner/work/ozone/ozone/hadoop-ozone/integration-test/target/test-dir/MiniOzoneClusterImpl-c3f67427-b36b-4ee4-bde0-91623ce58163/datanode-12/data/ratis/tmp is not a group directory; ignoring it. 
2023-12-19 18:17:54,433 [main] INFO  replication.ReplicationServer (ReplicationServer.java:<init>(85)) - Initializing replication server with thread count = 10 queue length = 4096
2023-12-19 18:17:54,434 [main] INFO  server.XceiverServerGrpc (XceiverServerGrpc.java:<init>(141)) - GrpcServer channel type EpollServerSocketChannel
2023-12-19 18:17:54,435 [main] INFO  replication.ReplicationSupervisor (ReplicationSupervisor.java:build(163)) - Initializing replication supervisor with thread count = 10
2023-12-19 18:17:54,436 [main] INFO  replication.ReplicationSupervisor (ReplicationSupervisor.java:nodeStateUpdated(317)) - Node state updated to IN_SERVICE, scaling executor pool size to 10
2023-12-19 18:17:54,438 [main] INFO  http.BaseHttpServer (BaseHttpServer.java:newHttpServer2BuilderForOzone(223)) - Starting Web-server for hddsDatanode at: http://0.0.0.0:15117
2023-12-19 18:17:54,438 [main] INFO  http.BaseHttpServer (BaseHttpServer.java:<init>(110)) - Hadoop Security Enabled: false Ozone Security Enabled: false Ozone HTTP Security Enabled: false 
2023-12-19 18:17:54,439 [main] WARN  server.AuthenticationFilter (AuthenticationFilter.java:constructSecretProvider(240)) - Unable to initialize FileSignerSecretProvider, falling back to use random secrets. Reason: Could not read signature secret file: /home/runner/hadoop-http-auth-signature-secret
2023-12-19 18:17:54,439 [main] INFO  http.HttpRequestLog (HttpRequestLog.java:getRequestLog(86)) - Http request log for http.requests.hddsDatanode is not defined
2023-12-19 18:17:54,440 [main] INFO  http.HttpServer2 (HttpServer2.java:addGlobalFilter(1036)) - Added global filter 'safety' (class=org.apache.hadoop.hdds.server.http.HttpServer2$QuotingInputFilter)
2023-12-19 18:17:54,441 [main] INFO  http.HttpServer2 (HttpServer2.java:addFilter(1012)) - Added filter static_user_filter (class=org.apache.hadoop.http.lib.StaticUserWebFilter$StaticUserFilter) to context hddsDatanode
2023-12-19 18:17:54,441 [main] INFO  http.HttpServer2 (HttpServer2.java:addFilter(1020)) - Added filter static_user_filter (class=org.apache.hadoop.http.lib.StaticUserWebFilter$StaticUserFilter) to context static
2023-12-19 18:17:54,441 [main] INFO  http.HttpServer2 (HttpServer2.java:addFilter(1020)) - Added filter static_user_filter (class=org.apache.hadoop.http.lib.StaticUserWebFilter$StaticUserFilter) to context logs
2023-12-19 18:17:54,441 [main] INFO  http.BaseHttpServer (BaseHttpServer.java:<init>(189)) - HTTP server of hddsDatanode uses base directory /home/runner/work/ozone/ozone/hadoop-ozone/integration-test/target/test-dir/MiniOzoneClusterImpl-c3f67427-b36b-4ee4-bde0-91623ce58163/datanode-12/meta/webserver
2023-12-19 18:17:54,442 [main] INFO  http.HttpServer2 (HttpServer2.java:bindListener(1236)) - Jetty bound to port 15117
2023-12-19 18:17:54,442 [main] INFO  server.Server (Server.java:doStart(375)) - jetty-9.4.53.v20231009; built: 2023-10-09T12:29:09.265Z; git: 27bde00a0b95a1d5bbee0eae7984f891d2d0f8c9; jvm 1.8.0_392-b08
2023-12-19 18:17:54,443 [main] INFO  server.session (DefaultSessionIdManager.java:doStart(334)) - DefaultSessionIdManager workerName=node0
2023-12-19 18:17:54,443 [main] INFO  server.session (DefaultSessionIdManager.java:doStart(339)) - No SessionScavenger set, using defaults
2023-12-19 18:17:54,443 [main] INFO  server.session (HouseKeeper.java:startScavenging(132)) - node0 Scavenging every 600000ms
2023-12-19 18:17:54,443 [main] INFO  handler.ContextHandler (ContextHandler.java:doStart(921)) - Started o.e.j.s.ServletContextHandler@44e8cb24{logs,/logs,file:///home/runner/work/ozone/ozone/hadoop-ozone/integration-test/target/log,AVAILABLE}
2023-12-19 18:17:54,444 [main] INFO  handler.ContextHandler (ContextHandler.java:doStart(921)) - Started o.e.j.s.ServletContextHandler@1998cec8{static,/static,jar:file:/home/runner/.m2/repository/org/apache/ozone/hdds-container-service/1.5.0-SNAPSHOT/hdds-container-service-1.5.0-SNAPSHOT.jar!/webapps/static,AVAILABLE}
2023-12-19 18:17:54,476 [main] INFO  handler.ContextHandler (ContextHandler.java:doStart(921)) - Started o.e.j.w.WebAppContext@57b994d2{hddsDatanode,/,file:///home/runner/work/ozone/ozone/hadoop-ozone/integration-test/target/test-dir/MiniOzoneClusterImpl-c3f67427-b36b-4ee4-bde0-91623ce58163/datanode-12/meta/webserver/jetty-0_0_0_0-15117-hdds-container-service-1_5_0-SNAPSHOT_jar-_-any-4378202388203853257/webapp/,AVAILABLE}{jar:file:/home/runner/.m2/repository/org/apache/ozone/hdds-container-service/1.5.0-SNAPSHOT/hdds-container-service-1.5.0-SNAPSHOT.jar!/webapps/hddsDatanode}
2023-12-19 18:17:54,477 [main] INFO  server.AbstractConnector (AbstractConnector.java:doStart(333)) - Started ServerConnector@1add43da{HTTP/1.1, (http/1.1)}{0.0.0.0:15117}
2023-12-19 18:17:54,478 [main] INFO  server.Server (Server.java:doStart(415)) - Started @8898ms
2023-12-19 18:17:54,478 [main] WARN  impl.MetricsSystemImpl (MetricsSystemImpl.java:register(279)) - Sink prometheus already exists!
2023-12-19 18:17:54,479 [main] INFO  http.BaseHttpServer (BaseHttpServer.java:updateConnectorAddress(354)) - HTTP server of hddsDatanode listening at http://0.0.0.0:15117
2023-12-19 18:17:54,479 [main] INFO  ipc.CallQueueManager (CallQueueManager.java:<init>(90)) - Using callQueue: class java.util.concurrent.LinkedBlockingQueue, queueCapacity: 100, scheduler: class org.apache.hadoop.ipc.DefaultRpcScheduler, ipcBackoff: false.
2023-12-19 18:17:54,479 [main] INFO  ipc.Server (Server.java:<init>(1287)) - Listener at 0.0.0.0:15118
2023-12-19 18:17:54,479 [Socket Reader #1 for port 15118] INFO  ipc.Server (Server.java:run(1323)) - Starting Socket Reader #1 for port 15118
2023-12-19 18:17:54,482 [main] INFO  ozone.HddsDatanodeService (HddsDatanodeService.java:start(324)) - Datanode start with admins: [runner]
2023-12-19 18:17:54,482 [main] INFO  ozone.HddsDatanodeClientProtocolServer (HddsDatanodeClientProtocolServer.java:start(72)) - RPC server for Client /0.0.0.0:15118
2023-12-19 18:17:54,483 [IPC Server Responder] INFO  ipc.Server (Server.java:run(1562)) - IPC Server Responder: starting
2023-12-19 18:17:54,483 [IPC Server listener on 15118] INFO  ipc.Server (Server.java:run(1402)) - IPC Server listener on 15118: starting
2023-12-19 18:17:54,484 [2d01c37d-c80a-4131-b15b-062508bff67d-DatanodeStateMachineDaemonThread] INFO  statemachine.DatanodeStateMachine (DatanodeStateMachine.java:lambda$startDaemon$1(555)) - Ozone container server started.
2023-12-19 18:17:54,484 [main] WARN  dropwizard3.Dm3MetricRegistriesImpl (Dm3MetricRegistriesImpl.java:addReporterRegistration(113)) - New reporters are added after registries were created. Some metrics will be missing from the reporter. Please add reporter before adding any new registry.
2023-12-19 18:17:54,485 [main] WARN  dropwizard3.Dm3MetricRegistriesImpl (Dm3MetricRegistriesImpl.java:addReporterRegistration(113)) - New reporters are added after registries were created. Some metrics will be missing from the reporter. Please add reporter before adding any new registry.
2023-12-19 18:17:54,485 [main] INFO  impl.MetricsSystemImpl (MetricsSystemImpl.java:init(158)) - HddsDatanode metrics system started (again)
2023-12-19 18:17:54,489 [2d01c37d-c80a-4131-b15b-062508bff67d-DatanodeStateMachineTaskThread-0] INFO  datanode.InitDatanodeState (InitDatanodeState.java:persistContainerDatanodeDetails(139)) - DatanodeDetails is persisted to /home/runner/work/ozone/ozone/hadoop-ozone/integration-test/target/test-dir/MiniOzoneClusterImpl-c3f67427-b36b-4ee4-bde0-91623ce58163/datanode-12/meta/datanode.id
2023-12-19 18:17:54,495 [main] INFO  ozone.HddsDatanodeService (HddsDatanodeService.java:start(239)) - HddsDatanodeService host:fv-az1381-513.cyf22sgur2jupkghqkt4lwlvwe.cx.internal.cloudapp.net ip:10.1.0.19
2023-12-19 18:17:54,517 [main] INFO  upgrade.AbstractLayoutVersionManager (AbstractLayoutVersionManager.java:init(83)) - Initializing Layout version manager with metadata layout = HADOOP_PRC_PORTS_IN_DATANODEDETAILS (version = 7), software layout = HADOOP_PRC_PORTS_IN_DATANODEDETAILS (version = 7)
2023-12-19 18:17:54,518 [main] INFO  statemachine.DatanodeStateMachine (DatanodeStateMachine.java:getEndPointTaskThreadPoolSize(299)) - Datanode State Machine Task Thread Pool size 2
2023-12-19 18:17:54,519 [main] INFO  volume.HddsVolume (HddsVolume.java:<init>(126)) - Creating HddsVolume: /home/runner/work/ozone/ozone/hadoop-ozone/integration-test/target/test-dir/MiniOzoneClusterImpl-c3f67427-b36b-4ee4-bde0-91623ce58163/datanode-13/data-0/containers/hdds of storage type : DISK capacity : 9223372036854775807
2023-12-19 18:17:54,520 [main] INFO  volume.MutableVolumeSet (MutableVolumeSet.java:initializeVolumeSet(173)) - Added Volume : /home/runner/work/ozone/ozone/hadoop-ozone/integration-test/target/test-dir/MiniOzoneClusterImpl-c3f67427-b36b-4ee4-bde0-91623ce58163/datanode-13/data-0/containers/hdds to VolumeSet
2023-12-19 18:17:54,520 [main] INFO  volume.MutableVolumeSet (MutableVolumeSet.java:initializeVolumeSet(173)) - Added Volume : /home/runner/work/ozone/ozone/hadoop-ozone/integration-test/target/test-dir/MiniOzoneClusterImpl-c3f67427-b36b-4ee4-bde0-91623ce58163/datanode-13/data/ratis to VolumeSet
2023-12-19 18:17:54,521 [main] INFO  ozoneimpl.OzoneContainer (HddsVolumeUtil.java:loadAllHddsVolumeDbStore(103)) - Load 1 volumes DbStore cost: 0ms
2023-12-19 18:17:54,521 [96747d66-d354-4c6c-881c-c96368b263cb-ContainerReader-0] INFO  ozoneimpl.ContainerReader (ContainerReader.java:readVolume(177)) - Finish verifying containers on volume /home/runner/work/ozone/ozone/hadoop-ozone/integration-test/target/test-dir/MiniOzoneClusterImpl-c3f67427-b36b-4ee4-bde0-91623ce58163/datanode-13/data-0/containers/hdds
2023-12-19 18:17:54,521 [main] INFO  ozoneimpl.OzoneContainer (OzoneContainer.java:buildContainerSet(326)) - Build ContainerSet costs 0s
2023-12-19 18:17:54,523 [main] INFO  server.RaftServer (ConfUtils.java:logGet(46)) - raft.rpc.type = GRPC (default)
2023-12-19 18:17:54,524 [main] INFO  grpc.GrpcConfigKeys (ConfUtils.java:logFallback(53)) - raft.grpc.admin.host = null (fallback to raft.grpc.server.host)
2023-12-19 18:17:54,524 [main] INFO  grpc.GrpcConfigKeys (ConfUtils.java:logGet(46)) - raft.grpc.admin.port = 15130 (custom)
2023-12-19 18:17:54,526 [main] INFO  grpc.GrpcConfigKeys (ConfUtils.java:logFallback(53)) - raft.grpc.client.host = null (fallback to raft.grpc.server.host)
2023-12-19 18:17:54,526 [main] INFO  grpc.GrpcConfigKeys (ConfUtils.java:logGet(46)) - raft.grpc.client.port = 15129 (custom)
2023-12-19 18:17:54,526 [main] INFO  grpc.GrpcConfigKeys (ConfUtils.java:logGet(46)) - raft.grpc.server.host = null (default)
2023-12-19 18:17:54,526 [main] INFO  grpc.GrpcConfigKeys (ConfUtils.java:logGet(46)) - raft.grpc.server.port = 15131 (custom)
2023-12-19 18:17:54,526 [main] INFO  server.GrpcService (ConfUtils.java:logGet(46)) - raft.grpc.message.size.max = 32MB (=33554432) (custom)
2023-12-19 18:17:54,527 [main] INFO  server.RaftServerConfigKeys (ConfUtils.java:logGet(46)) - raft.server.log.appender.buffer.byte-limit = 8388608 (custom)
2023-12-19 18:17:54,527 [main] INFO  server.GrpcService (ConfUtils.java:logGet(46)) - raft.grpc.flow.control.window = 5MB (=5242880) (custom)
2023-12-19 18:17:54,527 [main] INFO  server.RaftServerConfigKeys (ConfUtils.java:logGet(46)) - raft.server.rpc.request.timeout = 60s (custom)
2023-12-19 18:17:54,527 [main] INFO  grpc.GrpcConfigKeys (ConfUtils.java:logGet(46)) - raft.grpc.server.heartbeat.channel = true (default)
2023-12-19 18:17:54,527 [main] INFO  grpc.GrpcConfigKeys (ConfUtils.java:logGet(46)) - raft.grpc.server.async.request.thread.pool.cached = true (default)
2023-12-19 18:17:54,527 [main] INFO  grpc.GrpcConfigKeys (ConfUtils.java:logGet(46)) - raft.grpc.server.async.request.thread.pool.size = 32 (default)
2023-12-19 18:17:54,529 [main] INFO  impl.DataStreamServerImpl (ConfUtils.java:logGet(46)) - raft.datastream.type = NETTY (custom)
2023-12-19 18:17:54,530 [main] INFO  server.RaftServerConfigKeys (ConfUtils.java:logGet(46)) - raft.server.data-stream.async.request.thread.pool.cached = false (default)
2023-12-19 18:17:54,530 [main] INFO  server.RaftServerConfigKeys (ConfUtils.java:logGet(46)) - raft.server.data-stream.async.request.thread.pool.size = 20 (custom)
2023-12-19 18:17:54,530 [main] INFO  server.RaftServerConfigKeys (ConfUtils.java:logGet(46)) - raft.server.data-stream.async.write.thread.pool.size = 16 (default)
2023-12-19 18:17:54,530 [main] INFO  netty.NettyConfigKeys$DataStream (ConfUtils.java:logGet(46)) - raft.netty.dataStream.server.channel.inactive.grace-period = 10min (default)
2023-12-19 18:17:54,530 [main] INFO  server.RaftServerConfigKeys (ConfUtils.java:logGet(46)) - raft.server.data-stream.client.pool.size = 10 (default)
2023-12-19 18:17:54,530 [main] INFO  netty.NettyConfigKeys$DataStream (ConfUtils.java:logGet(46)) - raft.netty.dataStream.server.use-epoll = true (default)
2023-12-19 18:17:54,530 [main] INFO  netty.NettyConfigKeys$DataStream (ConfUtils.java:logGet(46)) - raft.netty.dataStream.server.boss-group.size = 0 (default)
2023-12-19 18:17:54,531 [main] INFO  netty.NettyUtils (NettyUtils.java:newEventLoopGroup(69)) - Create EpollEventLoopGroup for 96747d66-d354-4c6c-881c-c96368b263cb-NettyServerStreamRpc-bossGroup; Thread size is 0.
2023-12-19 18:17:54,531 [main] INFO  netty.NettyConfigKeys$DataStream (ConfUtils.java:logGet(46)) - raft.netty.dataStream.server.worker-group.size = 0 (default)
2023-12-19 18:17:54,531 [main] INFO  netty.NettyUtils (NettyUtils.java:newEventLoopGroup(69)) - Create EpollEventLoopGroup for 96747d66-d354-4c6c-881c-c96368b263cb-NettyServerStreamRpc-workerGroup; Thread size is 0.
2023-12-19 18:17:54,532 [main] INFO  netty.NettyConfigKeys$DataStream (ConfUtils.java:logGet(46)) - raft.netty.dataStream.server.tls.conf = null (default)
2023-12-19 18:17:54,532 [main] INFO  netty.NettyConfigKeys$DataStream (ConfUtils.java:logGet(46)) - raft.netty.dataStream.host = null (default)
2023-12-19 18:17:54,532 [main] INFO  netty.NettyConfigKeys$DataStream (ConfUtils.java:logGet(46)) - raft.netty.dataStream.port = 15132 (custom)
2023-12-19 18:17:54,532 [main] INFO  server.RaftServerConfigKeys (ConfUtils.java:logGet(46)) - raft.server.sleep.deviation.threshold = 300ms (default)
2023-12-19 18:17:54,533 [main] INFO  server.RaftServerConfigKeys (ConfUtils.java:logGet(46)) - raft.server.close.threshold = 60s (default)
2023-12-19 18:17:54,534 [main] INFO  server.RaftServerConfigKeys (ConfUtils.java:logGet(46)) - raft.server.leaderelection.leader.step-down.wait-time = 10s (default)
2023-12-19 18:17:54,533 [96747d66-d354-4c6c-881c-c96368b263cb-NettyServerStreamRpc-bossGroup--thread1] INFO  logging.LoggingHandler (AbstractInternalLogger.java:log(148)) - [id: 0xd7d08500] REGISTERED
2023-12-19 18:17:54,534 [main] INFO  server.RaftServerConfigKeys (ConfUtils.java:logGet(46)) - raft.server.storage.dir = [/home/runner/work/ozone/ozone/hadoop-ozone/integration-test/target/test-dir/MiniOzoneClusterImpl-c3f67427-b36b-4ee4-bde0-91623ce58163/datanode-13/data/ratis] (custom)
2023-12-19 18:17:54,534 [main] INFO  server.RaftServerConfigKeys (ConfUtils.java:logGet(46)) - raft.server.threadpool.proxy.cached = true (default)
2023-12-19 18:17:54,534 [main] INFO  server.RaftServerConfigKeys (ConfUtils.java:logGet(46)) - raft.server.threadpool.proxy.size = 0 (default)
2023-12-19 18:17:54,534 [96747d66-d354-4c6c-881c-c96368b263cb-NettyServerStreamRpc-bossGroup--thread1] INFO  logging.LoggingHandler (AbstractInternalLogger.java:log(148)) - [id: 0xd7d08500] BIND: 0.0.0.0/0.0.0.0:15132
2023-12-19 18:17:54,535 [96747d66-d354-4c6c-881c-c96368b263cb-impl-thread1] INFO  server.RaftServer (RaftServerProxy.java:initGroupDir(264)) - 96747d66-d354-4c6c-881c-c96368b263cb: found a subdirectory /home/runner/work/ozone/ozone/hadoop-ozone/integration-test/target/test-dir/MiniOzoneClusterImpl-c3f67427-b36b-4ee4-bde0-91623ce58163/datanode-13/data/ratis/tmp
2023-12-19 18:17:54,535 [96747d66-d354-4c6c-881c-c96368b263cb-NettyServerStreamRpc-bossGroup--thread1] INFO  logging.LoggingHandler (AbstractInternalLogger.java:log(148)) - [id: 0xd7d08500, L:/0.0.0.0:15132] ACTIVE
2023-12-19 18:17:54,535 [96747d66-d354-4c6c-881c-c96368b263cb-impl-thread1] INFO  server.RaftServer (RaftServerProxy.java:initGroupDir(269)) - 96747d66-d354-4c6c-881c-c96368b263cb: The directory /home/runner/work/ozone/ozone/hadoop-ozone/integration-test/target/test-dir/MiniOzoneClusterImpl-c3f67427-b36b-4ee4-bde0-91623ce58163/datanode-13/data/ratis/tmp is not a group directory; ignoring it. 
2023-12-19 18:17:54,535 [main] INFO  replication.ReplicationServer (ReplicationServer.java:<init>(85)) - Initializing replication server with thread count = 10 queue length = 4096
2023-12-19 18:17:54,536 [main] INFO  server.XceiverServerGrpc (XceiverServerGrpc.java:<init>(141)) - GrpcServer channel type EpollServerSocketChannel
2023-12-19 18:17:54,537 [main] INFO  replication.ReplicationSupervisor (ReplicationSupervisor.java:build(163)) - Initializing replication supervisor with thread count = 10
2023-12-19 18:17:54,537 [main] INFO  replication.ReplicationSupervisor (ReplicationSupervisor.java:nodeStateUpdated(317)) - Node state updated to IN_SERVICE, scaling executor pool size to 10
2023-12-19 18:17:54,543 [main] INFO  http.BaseHttpServer (BaseHttpServer.java:newHttpServer2BuilderForOzone(223)) - Starting Web-server for hddsDatanode at: http://0.0.0.0:15126
2023-12-19 18:17:54,543 [main] INFO  http.BaseHttpServer (BaseHttpServer.java:<init>(110)) - Hadoop Security Enabled: false Ozone Security Enabled: false Ozone HTTP Security Enabled: false 
2023-12-19 18:17:54,544 [main] WARN  server.AuthenticationFilter (AuthenticationFilter.java:constructSecretProvider(240)) - Unable to initialize FileSignerSecretProvider, falling back to use random secrets. Reason: Could not read signature secret file: /home/runner/hadoop-http-auth-signature-secret
2023-12-19 18:17:54,548 [main] INFO  http.HttpRequestLog (HttpRequestLog.java:getRequestLog(86)) - Http request log for http.requests.hddsDatanode is not defined
2023-12-19 18:17:54,549 [main] INFO  http.HttpServer2 (HttpServer2.java:addGlobalFilter(1036)) - Added global filter 'safety' (class=org.apache.hadoop.hdds.server.http.HttpServer2$QuotingInputFilter)
2023-12-19 18:17:54,550 [main] INFO  http.HttpServer2 (HttpServer2.java:addFilter(1012)) - Added filter static_user_filter (class=org.apache.hadoop.http.lib.StaticUserWebFilter$StaticUserFilter) to context hddsDatanode
2023-12-19 18:17:54,550 [main] INFO  http.HttpServer2 (HttpServer2.java:addFilter(1020)) - Added filter static_user_filter (class=org.apache.hadoop.http.lib.StaticUserWebFilter$StaticUserFilter) to context static
2023-12-19 18:17:54,550 [main] INFO  http.HttpServer2 (HttpServer2.java:addFilter(1020)) - Added filter static_user_filter (class=org.apache.hadoop.http.lib.StaticUserWebFilter$StaticUserFilter) to context logs
2023-12-19 18:17:54,551 [main] INFO  http.BaseHttpServer (BaseHttpServer.java:<init>(189)) - HTTP server of hddsDatanode uses base directory /home/runner/work/ozone/ozone/hadoop-ozone/integration-test/target/test-dir/MiniOzoneClusterImpl-c3f67427-b36b-4ee4-bde0-91623ce58163/datanode-13/meta/webserver
2023-12-19 18:17:54,551 [main] INFO  http.HttpServer2 (HttpServer2.java:bindListener(1236)) - Jetty bound to port 15126
2023-12-19 18:17:54,551 [main] INFO  server.Server (Server.java:doStart(375)) - jetty-9.4.53.v20231009; built: 2023-10-09T12:29:09.265Z; git: 27bde00a0b95a1d5bbee0eae7984f891d2d0f8c9; jvm 1.8.0_392-b08
2023-12-19 18:17:54,584 [main] INFO  server.session (DefaultSessionIdManager.java:doStart(334)) - DefaultSessionIdManager workerName=node0
2023-12-19 18:17:54,585 [main] INFO  server.session (DefaultSessionIdManager.java:doStart(339)) - No SessionScavenger set, using defaults
2023-12-19 18:17:54,585 [main] INFO  server.session (HouseKeeper.java:startScavenging(132)) - node0 Scavenging every 600000ms
2023-12-19 18:17:54,593 [main] INFO  handler.ContextHandler (ContextHandler.java:doStart(921)) - Started o.e.j.s.ServletContextHandler@264b5076{logs,/logs,file:///home/runner/work/ozone/ozone/hadoop-ozone/integration-test/target/log,AVAILABLE}
2023-12-19 18:17:54,594 [main] INFO  handler.ContextHandler (ContextHandler.java:doStart(921)) - Started o.e.j.s.ServletContextHandler@71593d1b{static,/static,jar:file:/home/runner/.m2/repository/org/apache/ozone/hdds-container-service/1.5.0-SNAPSHOT/hdds-container-service-1.5.0-SNAPSHOT.jar!/webapps/static,AVAILABLE}
2023-12-19 18:17:54,633 [main] INFO  handler.ContextHandler (ContextHandler.java:doStart(921)) - Started o.e.j.w.WebAppContext@4e70f959{hddsDatanode,/,file:///home/runner/work/ozone/ozone/hadoop-ozone/integration-test/target/test-dir/MiniOzoneClusterImpl-c3f67427-b36b-4ee4-bde0-91623ce58163/datanode-13/meta/webserver/jetty-0_0_0_0-15126-hdds-container-service-1_5_0-SNAPSHOT_jar-_-any-3866559678874326559/webapp/,AVAILABLE}{jar:file:/home/runner/.m2/repository/org/apache/ozone/hdds-container-service/1.5.0-SNAPSHOT/hdds-container-service-1.5.0-SNAPSHOT.jar!/webapps/hddsDatanode}
2023-12-19 18:17:54,635 [main] INFO  server.AbstractConnector (AbstractConnector.java:doStart(333)) - Started ServerConnector@1491df8c{HTTP/1.1, (http/1.1)}{0.0.0.0:15126}
2023-12-19 18:17:54,635 [main] INFO  server.Server (Server.java:doStart(415)) - Started @9055ms
2023-12-19 18:17:54,635 [main] WARN  impl.MetricsSystemImpl (MetricsSystemImpl.java:register(279)) - Sink prometheus already exists!
2023-12-19 18:17:54,636 [main] INFO  http.BaseHttpServer (BaseHttpServer.java:updateConnectorAddress(354)) - HTTP server of hddsDatanode listening at http://0.0.0.0:15126
2023-12-19 18:17:54,636 [main] INFO  ipc.CallQueueManager (CallQueueManager.java:<init>(90)) - Using callQueue: class java.util.concurrent.LinkedBlockingQueue, queueCapacity: 100, scheduler: class org.apache.hadoop.ipc.DefaultRpcScheduler, ipcBackoff: false.
2023-12-19 18:17:54,636 [main] INFO  ipc.Server (Server.java:<init>(1287)) - Listener at 0.0.0.0:15127
2023-12-19 18:17:54,637 [Socket Reader #1 for port 15127] INFO  ipc.Server (Server.java:run(1323)) - Starting Socket Reader #1 for port 15127
2023-12-19 18:17:54,639 [main] INFO  ozone.HddsDatanodeService (HddsDatanodeService.java:start(324)) - Datanode start with admins: [runner]
2023-12-19 18:17:54,639 [main] INFO  ozone.HddsDatanodeClientProtocolServer (HddsDatanodeClientProtocolServer.java:start(72)) - RPC server for Client /0.0.0.0:15127
2023-12-19 18:17:54,639 [IPC Server Responder] INFO  ipc.Server (Server.java:run(1562)) - IPC Server Responder: starting
2023-12-19 18:17:54,639 [IPC Server listener on 15127] INFO  ipc.Server (Server.java:run(1402)) - IPC Server listener on 15127: starting
2023-12-19 18:17:54,641 [96747d66-d354-4c6c-881c-c96368b263cb-DatanodeStateMachineDaemonThread] INFO  statemachine.DatanodeStateMachine (DatanodeStateMachine.java:lambda$startDaemon$1(555)) - Ozone container server started.
2023-12-19 18:17:54,642 [main] INFO  om.OzoneManager (OzoneManager.java:startSecretManager(1109)) - Starting secret key client.
2023-12-19 18:17:54,642 [main] INFO  om.OzoneManager (OzoneManager.java:startSecretManager(1120)) - Starting OM delegation token secret manager
2023-12-19 18:17:54,642 [main] INFO  security.OzoneDelegationTokenSecretManager (OzoneSecretManager.java:updateCurrentKey(175)) - Updating current master key for generating tokens. Cert id 1049278094962
2023-12-19 18:17:54,644 [om1-ExpiredTokenRemover] INFO  security.OzoneDelegationTokenSecretManager (OzoneDelegationTokenSecretManager.java:run(621)) - Starting expired delegation token remover thread, tokenRemoverScanInterval=60 min(s)
2023-12-19 18:17:54,646 [96747d66-d354-4c6c-881c-c96368b263cb-DatanodeStateMachineTaskThread-0] INFO  datanode.InitDatanodeState (InitDatanodeState.java:persistContainerDatanodeDetails(139)) - DatanodeDetails is persisted to /home/runner/work/ozone/ozone/hadoop-ozone/integration-test/target/test-dir/MiniOzoneClusterImpl-c3f67427-b36b-4ee4-bde0-91623ce58163/datanode-13/meta/datanode.id
2023-12-19 18:17:54,647 [main] INFO  ozone.MiniOzoneClusterImpl (MiniOzoneClusterImpl.java:lambda$waitForClusterToBeReady$0(230)) - Waiting for nodes to be ready. Got 0 of 14 DN Heartbeats.
2023-12-19 18:17:54,647 [main] INFO  ozone.MiniOzoneClusterImpl (MiniOzoneClusterImpl.java:lambda$waitForClusterToBeReady$0(233)) - Waiting for cluster to exit safe mode
2023-12-19 18:17:54,647 [main] INFO  ozone.MiniOzoneClusterImpl (MiniOzoneClusterImpl.java:lambda$waitForClusterToBeReady$0(235)) - SCM became leader
2023-12-19 18:17:55,106 [d0e3d241-91aa-4721-8188-ae5e0af11890-EndpointStateMachineTaskThread-/0.0.0.0:15002-0 ] INFO  utils.DatanodeStoreCache (DatanodeStoreCache.java:addDB(66)) - Added db /home/runner/work/ozone/ozone/hadoop-ozone/integration-test/target/test-dir/MiniOzoneClusterImpl-c3f67427-b36b-4ee4-bde0-91623ce58163/datanode-0/data-0/containers/hdds/c3f67427-b36b-4ee4-bde0-91623ce58163/DS-2e0ab450-4cbc-4ed4-ab51-40996313b1ff/container.db to cache
2023-12-19 18:17:55,107 [d0e3d241-91aa-4721-8188-ae5e0af11890-EndpointStateMachineTaskThread-/0.0.0.0:15002-0 ] INFO  volume.HddsVolume (HddsVolume.java:createDbStore(422)) - SchemaV3 db is created and loaded at /home/runner/work/ozone/ozone/hadoop-ozone/integration-test/target/test-dir/MiniOzoneClusterImpl-c3f67427-b36b-4ee4-bde0-91623ce58163/datanode-0/data-0/containers/hdds/c3f67427-b36b-4ee4-bde0-91623ce58163/DS-2e0ab450-4cbc-4ed4-ab51-40996313b1ff/container.db for volume DS-2e0ab450-4cbc-4ed4-ab51-40996313b1ff
2023-12-19 18:17:55,109 [d0e3d241-91aa-4721-8188-ae5e0af11890-EndpointStateMachineTaskThread-/0.0.0.0:15002-0 ] INFO  volume.ThrottledAsyncChecker (ThrottledAsyncChecker.java:schedule(141)) - Scheduling a check for /home/runner/work/ozone/ozone/hadoop-ozone/integration-test/target/test-dir/MiniOzoneClusterImpl-c3f67427-b36b-4ee4-bde0-91623ce58163/datanode-0/data-0/containers/hdds
2023-12-19 18:17:55,120 [d0e3d241-91aa-4721-8188-ae5e0af11890-EndpointStateMachineTaskThread-/0.0.0.0:15002-0 ] INFO  volume.StorageVolumeChecker (StorageVolumeChecker.java:checkAllVolumes(218)) - Scheduled health check for volume /home/runner/work/ozone/ozone/hadoop-ozone/integration-test/target/test-dir/MiniOzoneClusterImpl-c3f67427-b36b-4ee4-bde0-91623ce58163/datanode-0/data-0/containers/hdds
2023-12-19 18:17:55,122 [d0e3d241-91aa-4721-8188-ae5e0af11890-EndpointStateMachineTaskThread-/0.0.0.0:15002-0 ] INFO  volume.ThrottledAsyncChecker (ThrottledAsyncChecker.java:schedule(141)) - Scheduling a check for /home/runner/work/ozone/ozone/hadoop-ozone/integration-test/target/test-dir/MiniOzoneClusterImpl-c3f67427-b36b-4ee4-bde0-91623ce58163/datanode-0/data/ratis
2023-12-19 18:17:55,122 [d0e3d241-91aa-4721-8188-ae5e0af11890-EndpointStateMachineTaskThread-/0.0.0.0:15002-0 ] INFO  volume.StorageVolumeChecker (StorageVolumeChecker.java:checkAllVolumes(218)) - Scheduled health check for volume /home/runner/work/ozone/ozone/hadoop-ozone/integration-test/target/test-dir/MiniOzoneClusterImpl-c3f67427-b36b-4ee4-bde0-91623ce58163/datanode-0/data/ratis
2023-12-19 18:17:55,123 [d0e3d241-91aa-4721-8188-ae5e0af11890-EndpointStateMachineTaskThread-/0.0.0.0:15002-0 ] INFO  ozoneimpl.OzoneContainer (OzoneContainer.java:start(441)) - Attempting to start container services.
2023-12-19 18:17:55,125 [d0e3d241-91aa-4721-8188-ae5e0af11890-EndpointStateMachineTaskThread-/0.0.0.0:15002-0 ] INFO  ozoneimpl.OzoneContainer (OzoneContainer.java:startContainerScrub(337)) - Scheduled background container scanners and the on-demand container scanner have been disabled.
2023-12-19 18:17:55,127 [d0e3d241-91aa-4721-8188-ae5e0af11890-EndpointStateMachineTaskThread-/0.0.0.0:15002-0 ] INFO  replication.ReplicationServer (ReplicationServer.java:start(139)) - ReplicationServer is started using port 15016
2023-12-19 18:17:55,128 [d0e3d241-91aa-4721-8188-ae5e0af11890-EndpointStateMachineTaskThread-/0.0.0.0:15002-0 ] INFO  ratis.XceiverServerRatis (XceiverServerRatis.java:start(548)) - Starting XceiverServerRatis d0e3d241-91aa-4721-8188-ae5e0af11890
2023-12-19 18:17:55,131 [d0e3d241-91aa-4721-8188-ae5e0af11890-EndpointStateMachineTaskThread-/0.0.0.0:15002-0 ] INFO  server.RaftServer (RaftServerProxy.java:startImpl(406)) - d0e3d241-91aa-4721-8188-ae5e0af11890: start RPC server
2023-12-19 18:17:55,132 [d0e3d241-91aa-4721-8188-ae5e0af11890-EndpointStateMachineTaskThread-/0.0.0.0:15002-0 ] INFO  server.GrpcService (GrpcService.java:startImpl(302)) - d0e3d241-91aa-4721-8188-ae5e0af11890: GrpcService started, listening on 15012
2023-12-19 18:17:55,135 [d0e3d241-91aa-4721-8188-ae5e0af11890-EndpointStateMachineTaskThread-/0.0.0.0:15002-0 ] INFO  server.GrpcService (GrpcService.java:startImpl(302)) - d0e3d241-91aa-4721-8188-ae5e0af11890: GrpcService started, listening on 15014
2023-12-19 18:17:55,137 [d0e3d241-91aa-4721-8188-ae5e0af11890-EndpointStateMachineTaskThread-/0.0.0.0:15002-0 ] INFO  server.GrpcService (GrpcService.java:startImpl(302)) - d0e3d241-91aa-4721-8188-ae5e0af11890: GrpcService started, listening on 15013
2023-12-19 18:17:55,137 [JvmPauseMonitor2] INFO  util.JvmPauseMonitor (JvmPauseMonitor.java:run(146)) - JvmPauseMonitor-d0e3d241-91aa-4721-8188-ae5e0af11890: Started
2023-12-19 18:17:55,137 [d0e3d241-91aa-4721-8188-ae5e0af11890-EndpointStateMachineTaskThread-/0.0.0.0:15002-0 ] INFO  ratis.XceiverServerRatis (XceiverServerRatis.java:getRealPort(574)) - XceiverServerRatis d0e3d241-91aa-4721-8188-ae5e0af11890 is started using port 15012 for RATIS
2023-12-19 18:17:55,138 [d0e3d241-91aa-4721-8188-ae5e0af11890-EndpointStateMachineTaskThread-/0.0.0.0:15002-0 ] INFO  ratis.XceiverServerRatis (XceiverServerRatis.java:getRealPort(574)) - XceiverServerRatis d0e3d241-91aa-4721-8188-ae5e0af11890 is started using port 15013 for RATIS_ADMIN
2023-12-19 18:17:55,138 [d0e3d241-91aa-4721-8188-ae5e0af11890-EndpointStateMachineTaskThread-/0.0.0.0:15002-0 ] INFO  ratis.XceiverServerRatis (XceiverServerRatis.java:getRealPort(574)) - XceiverServerRatis d0e3d241-91aa-4721-8188-ae5e0af11890 is started using port 15014 for RATIS_SERVER
2023-12-19 18:17:55,138 [d0e3d241-91aa-4721-8188-ae5e0af11890-EndpointStateMachineTaskThread-/0.0.0.0:15002-0 ] INFO  ratis.XceiverServerRatis (XceiverServerRatis.java:getRealPort(574)) - XceiverServerRatis d0e3d241-91aa-4721-8188-ae5e0af11890 is started using port 15015 for RATIS_DATASTREAM
2023-12-19 18:17:55,144 [d0e3d241-91aa-4721-8188-ae5e0af11890-BlockDeletingService#0] INFO  interfaces.ContainerDeletionChoosingPolicyTemplate (ContainerDeletionChoosingPolicyTemplate.java:chooseContainerForBlockDeletion(85)) - Chosen 0/5000 blocks from 0 candidate containers.
2023-12-19 18:17:55,165 [e7599229-5a8e-48b0-86e7-2247601ad11a-EndpointStateMachineTaskThread-/0.0.0.0:15002-0 ] INFO  utils.DatanodeStoreCache (DatanodeStoreCache.java:addDB(66)) - Added db /home/runner/work/ozone/ozone/hadoop-ozone/integration-test/target/test-dir/MiniOzoneClusterImpl-c3f67427-b36b-4ee4-bde0-91623ce58163/datanode-1/data-0/containers/hdds/c3f67427-b36b-4ee4-bde0-91623ce58163/DS-d99e940d-791f-48f1-b336-6d195d4380e5/container.db to cache
2023-12-19 18:17:55,165 [e7599229-5a8e-48b0-86e7-2247601ad11a-EndpointStateMachineTaskThread-/0.0.0.0:15002-0 ] INFO  volume.HddsVolume (HddsVolume.java:createDbStore(422)) - SchemaV3 db is created and loaded at /home/runner/work/ozone/ozone/hadoop-ozone/integration-test/target/test-dir/MiniOzoneClusterImpl-c3f67427-b36b-4ee4-bde0-91623ce58163/datanode-1/data-0/containers/hdds/c3f67427-b36b-4ee4-bde0-91623ce58163/DS-d99e940d-791f-48f1-b336-6d195d4380e5/container.db for volume DS-d99e940d-791f-48f1-b336-6d195d4380e5
2023-12-19 18:17:55,166 [e7599229-5a8e-48b0-86e7-2247601ad11a-EndpointStateMachineTaskThread-/0.0.0.0:15002-0 ] INFO  volume.ThrottledAsyncChecker (ThrottledAsyncChecker.java:schedule(141)) - Scheduling a check for /home/runner/work/ozone/ozone/hadoop-ozone/integration-test/target/test-dir/MiniOzoneClusterImpl-c3f67427-b36b-4ee4-bde0-91623ce58163/datanode-1/data-0/containers/hdds
2023-12-19 18:17:55,167 [e7599229-5a8e-48b0-86e7-2247601ad11a-EndpointStateMachineTaskThread-/0.0.0.0:15002-0 ] INFO  volume.StorageVolumeChecker (StorageVolumeChecker.java:checkAllVolumes(218)) - Scheduled health check for volume /home/runner/work/ozone/ozone/hadoop-ozone/integration-test/target/test-dir/MiniOzoneClusterImpl-c3f67427-b36b-4ee4-bde0-91623ce58163/datanode-1/data-0/containers/hdds
2023-12-19 18:17:55,169 [e7599229-5a8e-48b0-86e7-2247601ad11a-EndpointStateMachineTaskThread-/0.0.0.0:15002-0 ] INFO  volume.ThrottledAsyncChecker (ThrottledAsyncChecker.java:schedule(141)) - Scheduling a check for /home/runner/work/ozone/ozone/hadoop-ozone/integration-test/target/test-dir/MiniOzoneClusterImpl-c3f67427-b36b-4ee4-bde0-91623ce58163/datanode-1/data/ratis
2023-12-19 18:17:55,169 [e7599229-5a8e-48b0-86e7-2247601ad11a-EndpointStateMachineTaskThread-/0.0.0.0:15002-0 ] INFO  volume.StorageVolumeChecker (StorageVolumeChecker.java:checkAllVolumes(218)) - Scheduled health check for volume /home/runner/work/ozone/ozone/hadoop-ozone/integration-test/target/test-dir/MiniOzoneClusterImpl-c3f67427-b36b-4ee4-bde0-91623ce58163/datanode-1/data/ratis
2023-12-19 18:17:55,170 [e7599229-5a8e-48b0-86e7-2247601ad11a-EndpointStateMachineTaskThread-/0.0.0.0:15002-0 ] INFO  ozoneimpl.OzoneContainer (OzoneContainer.java:start(441)) - Attempting to start container services.
2023-12-19 18:17:55,170 [e7599229-5a8e-48b0-86e7-2247601ad11a-EndpointStateMachineTaskThread-/0.0.0.0:15002-0 ] INFO  ozoneimpl.OzoneContainer (OzoneContainer.java:startContainerScrub(337)) - Scheduled background container scanners and the on-demand container scanner have been disabled.
2023-12-19 18:17:55,171 [e7599229-5a8e-48b0-86e7-2247601ad11a-EndpointStateMachineTaskThread-/0.0.0.0:15002-0 ] INFO  replication.ReplicationServer (ReplicationServer.java:start(139)) - ReplicationServer is started using port 15025
2023-12-19 18:17:55,172 [e7599229-5a8e-48b0-86e7-2247601ad11a-EndpointStateMachineTaskThread-/0.0.0.0:15002-0 ] INFO  ratis.XceiverServerRatis (XceiverServerRatis.java:start(548)) - Starting XceiverServerRatis e7599229-5a8e-48b0-86e7-2247601ad11a
2023-12-19 18:17:55,172 [e7599229-5a8e-48b0-86e7-2247601ad11a-EndpointStateMachineTaskThread-/0.0.0.0:15002-0 ] INFO  server.RaftServer (RaftServerProxy.java:startImpl(406)) - e7599229-5a8e-48b0-86e7-2247601ad11a: start RPC server
2023-12-19 18:17:55,177 [e7599229-5a8e-48b0-86e7-2247601ad11a-EndpointStateMachineTaskThread-/0.0.0.0:15002-0 ] INFO  server.GrpcService (GrpcService.java:startImpl(302)) - e7599229-5a8e-48b0-86e7-2247601ad11a: GrpcService started, listening on 15021
2023-12-19 18:17:55,179 [e7599229-5a8e-48b0-86e7-2247601ad11a-EndpointStateMachineTaskThread-/0.0.0.0:15002-0 ] INFO  server.GrpcService (GrpcService.java:startImpl(302)) - e7599229-5a8e-48b0-86e7-2247601ad11a: GrpcService started, listening on 15023
2023-12-19 18:17:55,181 [e7599229-5a8e-48b0-86e7-2247601ad11a-EndpointStateMachineTaskThread-/0.0.0.0:15002-0 ] INFO  server.GrpcService (GrpcService.java:startImpl(302)) - e7599229-5a8e-48b0-86e7-2247601ad11a: GrpcService started, listening on 15022
2023-12-19 18:17:55,182 [e7599229-5a8e-48b0-86e7-2247601ad11a-EndpointStateMachineTaskThread-/0.0.0.0:15002-0 ] INFO  ratis.XceiverServerRatis (XceiverServerRatis.java:getRealPort(574)) - XceiverServerRatis e7599229-5a8e-48b0-86e7-2247601ad11a is started using port 15021 for RATIS
2023-12-19 18:17:55,182 [JvmPauseMonitor3] INFO  util.JvmPauseMonitor (JvmPauseMonitor.java:run(146)) - JvmPauseMonitor-e7599229-5a8e-48b0-86e7-2247601ad11a: Started
2023-12-19 18:17:55,182 [e7599229-5a8e-48b0-86e7-2247601ad11a-EndpointStateMachineTaskThread-/0.0.0.0:15002-0 ] INFO  ratis.XceiverServerRatis (XceiverServerRatis.java:getRealPort(574)) - XceiverServerRatis e7599229-5a8e-48b0-86e7-2247601ad11a is started using port 15022 for RATIS_ADMIN
2023-12-19 18:17:55,182 [e7599229-5a8e-48b0-86e7-2247601ad11a-EndpointStateMachineTaskThread-/0.0.0.0:15002-0 ] INFO  ratis.XceiverServerRatis (XceiverServerRatis.java:getRealPort(574)) - XceiverServerRatis e7599229-5a8e-48b0-86e7-2247601ad11a is started using port 15023 for RATIS_SERVER
2023-12-19 18:17:55,183 [e7599229-5a8e-48b0-86e7-2247601ad11a-EndpointStateMachineTaskThread-/0.0.0.0:15002-0 ] INFO  ratis.XceiverServerRatis (XceiverServerRatis.java:getRealPort(574)) - XceiverServerRatis e7599229-5a8e-48b0-86e7-2247601ad11a is started using port 15024 for RATIS_DATASTREAM
2023-12-19 18:17:55,188 [e7599229-5a8e-48b0-86e7-2247601ad11a-BlockDeletingService#0] INFO  interfaces.ContainerDeletionChoosingPolicyTemplate (ContainerDeletionChoosingPolicyTemplate.java:chooseContainerForBlockDeletion(85)) - Chosen 0/5000 blocks from 0 candidate containers.
2023-12-19 18:17:55,267 [a1d25c87-0c45-4075-9fe0-f0708f172712-EndpointStateMachineTaskThread-/0.0.0.0:15002-0 ] INFO  utils.DatanodeStoreCache (DatanodeStoreCache.java:addDB(66)) - Added db /home/runner/work/ozone/ozone/hadoop-ozone/integration-test/target/test-dir/MiniOzoneClusterImpl-c3f67427-b36b-4ee4-bde0-91623ce58163/datanode-2/data-0/containers/hdds/c3f67427-b36b-4ee4-bde0-91623ce58163/DS-168a59a5-4df9-4ece-b75f-58831b679291/container.db to cache
2023-12-19 18:17:55,267 [a1d25c87-0c45-4075-9fe0-f0708f172712-EndpointStateMachineTaskThread-/0.0.0.0:15002-0 ] INFO  volume.HddsVolume (HddsVolume.java:createDbStore(422)) - SchemaV3 db is created and loaded at /home/runner/work/ozone/ozone/hadoop-ozone/integration-test/target/test-dir/MiniOzoneClusterImpl-c3f67427-b36b-4ee4-bde0-91623ce58163/datanode-2/data-0/containers/hdds/c3f67427-b36b-4ee4-bde0-91623ce58163/DS-168a59a5-4df9-4ece-b75f-58831b679291/container.db for volume DS-168a59a5-4df9-4ece-b75f-58831b679291
2023-12-19 18:17:55,269 [a1d25c87-0c45-4075-9fe0-f0708f172712-EndpointStateMachineTaskThread-/0.0.0.0:15002-0 ] INFO  volume.ThrottledAsyncChecker (ThrottledAsyncChecker.java:schedule(141)) - Scheduling a check for /home/runner/work/ozone/ozone/hadoop-ozone/integration-test/target/test-dir/MiniOzoneClusterImpl-c3f67427-b36b-4ee4-bde0-91623ce58163/datanode-2/data-0/containers/hdds
2023-12-19 18:17:55,270 [a1d25c87-0c45-4075-9fe0-f0708f172712-EndpointStateMachineTaskThread-/0.0.0.0:15002-0 ] INFO  volume.StorageVolumeChecker (StorageVolumeChecker.java:checkAllVolumes(218)) - Scheduled health check for volume /home/runner/work/ozone/ozone/hadoop-ozone/integration-test/target/test-dir/MiniOzoneClusterImpl-c3f67427-b36b-4ee4-bde0-91623ce58163/datanode-2/data-0/containers/hdds
2023-12-19 18:17:55,271 [a1d25c87-0c45-4075-9fe0-f0708f172712-EndpointStateMachineTaskThread-/0.0.0.0:15002-0 ] INFO  volume.ThrottledAsyncChecker (ThrottledAsyncChecker.java:schedule(141)) - Scheduling a check for /home/runner/work/ozone/ozone/hadoop-ozone/integration-test/target/test-dir/MiniOzoneClusterImpl-c3f67427-b36b-4ee4-bde0-91623ce58163/datanode-2/data/ratis
2023-12-19 18:17:55,271 [a1d25c87-0c45-4075-9fe0-f0708f172712-EndpointStateMachineTaskThread-/0.0.0.0:15002-0 ] INFO  volume.StorageVolumeChecker (StorageVolumeChecker.java:checkAllVolumes(218)) - Scheduled health check for volume /home/runner/work/ozone/ozone/hadoop-ozone/integration-test/target/test-dir/MiniOzoneClusterImpl-c3f67427-b36b-4ee4-bde0-91623ce58163/datanode-2/data/ratis
2023-12-19 18:17:55,272 [a1d25c87-0c45-4075-9fe0-f0708f172712-EndpointStateMachineTaskThread-/0.0.0.0:15002-0 ] INFO  ozoneimpl.OzoneContainer (OzoneContainer.java:start(441)) - Attempting to start container services.
2023-12-19 18:17:55,272 [a1d25c87-0c45-4075-9fe0-f0708f172712-EndpointStateMachineTaskThread-/0.0.0.0:15002-0 ] INFO  ozoneimpl.OzoneContainer (OzoneContainer.java:startContainerScrub(337)) - Scheduled background container scanners and the on-demand container scanner have been disabled.
2023-12-19 18:17:55,274 [a1d25c87-0c45-4075-9fe0-f0708f172712-EndpointStateMachineTaskThread-/0.0.0.0:15002-0 ] INFO  replication.ReplicationServer (ReplicationServer.java:start(139)) - ReplicationServer is started using port 15034
2023-12-19 18:17:55,274 [a1d25c87-0c45-4075-9fe0-f0708f172712-EndpointStateMachineTaskThread-/0.0.0.0:15002-0 ] INFO  ratis.XceiverServerRatis (XceiverServerRatis.java:start(548)) - Starting XceiverServerRatis a1d25c87-0c45-4075-9fe0-f0708f172712
2023-12-19 18:17:55,276 [a1d25c87-0c45-4075-9fe0-f0708f172712-EndpointStateMachineTaskThread-/0.0.0.0:15002-0 ] INFO  server.RaftServer (RaftServerProxy.java:startImpl(406)) - a1d25c87-0c45-4075-9fe0-f0708f172712: start RPC server
2023-12-19 18:17:55,277 [a1d25c87-0c45-4075-9fe0-f0708f172712-EndpointStateMachineTaskThread-/0.0.0.0:15002-0 ] INFO  server.GrpcService (GrpcService.java:startImpl(302)) - a1d25c87-0c45-4075-9fe0-f0708f172712: GrpcService started, listening on 15030
2023-12-19 18:17:55,279 [a1d25c87-0c45-4075-9fe0-f0708f172712-EndpointStateMachineTaskThread-/0.0.0.0:15002-0 ] INFO  server.GrpcService (GrpcService.java:startImpl(302)) - a1d25c87-0c45-4075-9fe0-f0708f172712: GrpcService started, listening on 15032
2023-12-19 18:17:55,280 [a1d25c87-0c45-4075-9fe0-f0708f172712-EndpointStateMachineTaskThread-/0.0.0.0:15002-0 ] INFO  server.GrpcService (GrpcService.java:startImpl(302)) - a1d25c87-0c45-4075-9fe0-f0708f172712: GrpcService started, listening on 15031
2023-12-19 18:17:55,281 [a1d25c87-0c45-4075-9fe0-f0708f172712-EndpointStateMachineTaskThread-/0.0.0.0:15002-0 ] INFO  ratis.XceiverServerRatis (XceiverServerRatis.java:getRealPort(574)) - XceiverServerRatis a1d25c87-0c45-4075-9fe0-f0708f172712 is started using port 15030 for RATIS
2023-12-19 18:17:55,281 [a1d25c87-0c45-4075-9fe0-f0708f172712-EndpointStateMachineTaskThread-/0.0.0.0:15002-0 ] INFO  ratis.XceiverServerRatis (XceiverServerRatis.java:getRealPort(574)) - XceiverServerRatis a1d25c87-0c45-4075-9fe0-f0708f172712 is started using port 15031 for RATIS_ADMIN
2023-12-19 18:17:55,281 [a1d25c87-0c45-4075-9fe0-f0708f172712-EndpointStateMachineTaskThread-/0.0.0.0:15002-0 ] INFO  ratis.XceiverServerRatis (XceiverServerRatis.java:getRealPort(574)) - XceiverServerRatis a1d25c87-0c45-4075-9fe0-f0708f172712 is started using port 15032 for RATIS_SERVER
2023-12-19 18:17:55,281 [a1d25c87-0c45-4075-9fe0-f0708f172712-EndpointStateMachineTaskThread-/0.0.0.0:15002-0 ] INFO  ratis.XceiverServerRatis (XceiverServerRatis.java:getRealPort(574)) - XceiverServerRatis a1d25c87-0c45-4075-9fe0-f0708f172712 is started using port 15033 for RATIS_DATASTREAM
2023-12-19 18:17:55,281 [JvmPauseMonitor4] INFO  util.JvmPauseMonitor (JvmPauseMonitor.java:run(146)) - JvmPauseMonitor-a1d25c87-0c45-4075-9fe0-f0708f172712: Started
2023-12-19 18:17:55,284 [a1d25c87-0c45-4075-9fe0-f0708f172712-BlockDeletingService#0] INFO  interfaces.ContainerDeletionChoosingPolicyTemplate (ContainerDeletionChoosingPolicyTemplate.java:chooseContainerForBlockDeletion(85)) - Chosen 0/5000 blocks from 0 candidate containers.
2023-12-19 18:17:55,423 [244ca980-f87d-4e1f-bf92-41859c631eea-EndpointStateMachineTaskThread-/0.0.0.0:15002-0 ] INFO  utils.DatanodeStoreCache (DatanodeStoreCache.java:addDB(66)) - Added db /home/runner/work/ozone/ozone/hadoop-ozone/integration-test/target/test-dir/MiniOzoneClusterImpl-c3f67427-b36b-4ee4-bde0-91623ce58163/datanode-3/data-0/containers/hdds/c3f67427-b36b-4ee4-bde0-91623ce58163/DS-eea8baee-b1b1-43d1-b563-a312701d9eff/container.db to cache
2023-12-19 18:17:55,423 [244ca980-f87d-4e1f-bf92-41859c631eea-EndpointStateMachineTaskThread-/0.0.0.0:15002-0 ] INFO  volume.HddsVolume (HddsVolume.java:createDbStore(422)) - SchemaV3 db is created and loaded at /home/runner/work/ozone/ozone/hadoop-ozone/integration-test/target/test-dir/MiniOzoneClusterImpl-c3f67427-b36b-4ee4-bde0-91623ce58163/datanode-3/data-0/containers/hdds/c3f67427-b36b-4ee4-bde0-91623ce58163/DS-eea8baee-b1b1-43d1-b563-a312701d9eff/container.db for volume DS-eea8baee-b1b1-43d1-b563-a312701d9eff
2023-12-19 18:17:55,425 [244ca980-f87d-4e1f-bf92-41859c631eea-EndpointStateMachineTaskThread-/0.0.0.0:15002-0 ] INFO  volume.ThrottledAsyncChecker (ThrottledAsyncChecker.java:schedule(141)) - Scheduling a check for /home/runner/work/ozone/ozone/hadoop-ozone/integration-test/target/test-dir/MiniOzoneClusterImpl-c3f67427-b36b-4ee4-bde0-91623ce58163/datanode-3/data-0/containers/hdds
2023-12-19 18:17:55,426 [244ca980-f87d-4e1f-bf92-41859c631eea-EndpointStateMachineTaskThread-/0.0.0.0:15002-0 ] INFO  volume.StorageVolumeChecker (StorageVolumeChecker.java:checkAllVolumes(218)) - Scheduled health check for volume /home/runner/work/ozone/ozone/hadoop-ozone/integration-test/target/test-dir/MiniOzoneClusterImpl-c3f67427-b36b-4ee4-bde0-91623ce58163/datanode-3/data-0/containers/hdds
2023-12-19 18:17:55,428 [244ca980-f87d-4e1f-bf92-41859c631eea-EndpointStateMachineTaskThread-/0.0.0.0:15002-0 ] INFO  volume.ThrottledAsyncChecker (ThrottledAsyncChecker.java:schedule(141)) - Scheduling a check for /home/runner/work/ozone/ozone/hadoop-ozone/integration-test/target/test-dir/MiniOzoneClusterImpl-c3f67427-b36b-4ee4-bde0-91623ce58163/datanode-3/data/ratis
2023-12-19 18:17:55,428 [244ca980-f87d-4e1f-bf92-41859c631eea-EndpointStateMachineTaskThread-/0.0.0.0:15002-0 ] INFO  volume.StorageVolumeChecker (StorageVolumeChecker.java:checkAllVolumes(218)) - Scheduled health check for volume /home/runner/work/ozone/ozone/hadoop-ozone/integration-test/target/test-dir/MiniOzoneClusterImpl-c3f67427-b36b-4ee4-bde0-91623ce58163/datanode-3/data/ratis
2023-12-19 18:17:55,430 [244ca980-f87d-4e1f-bf92-41859c631eea-EndpointStateMachineTaskThread-/0.0.0.0:15002-0 ] INFO  ozoneimpl.OzoneContainer (OzoneContainer.java:start(441)) - Attempting to start container services.
2023-12-19 18:17:55,430 [244ca980-f87d-4e1f-bf92-41859c631eea-EndpointStateMachineTaskThread-/0.0.0.0:15002-0 ] INFO  ozoneimpl.OzoneContainer (OzoneContainer.java:startContainerScrub(337)) - Scheduled background container scanners and the on-demand container scanner have been disabled.
2023-12-19 18:17:55,432 [244ca980-f87d-4e1f-bf92-41859c631eea-EndpointStateMachineTaskThread-/0.0.0.0:15002-0 ] INFO  replication.ReplicationServer (ReplicationServer.java:start(139)) - ReplicationServer is started using port 15043
2023-12-19 18:17:55,432 [244ca980-f87d-4e1f-bf92-41859c631eea-EndpointStateMachineTaskThread-/0.0.0.0:15002-0 ] INFO  ratis.XceiverServerRatis (XceiverServerRatis.java:start(548)) - Starting XceiverServerRatis 244ca980-f87d-4e1f-bf92-41859c631eea
2023-12-19 18:17:55,432 [244ca980-f87d-4e1f-bf92-41859c631eea-EndpointStateMachineTaskThread-/0.0.0.0:15002-0 ] INFO  server.RaftServer (RaftServerProxy.java:startImpl(406)) - 244ca980-f87d-4e1f-bf92-41859c631eea: start RPC server
2023-12-19 18:17:55,434 [244ca980-f87d-4e1f-bf92-41859c631eea-EndpointStateMachineTaskThread-/0.0.0.0:15002-0 ] INFO  server.GrpcService (GrpcService.java:startImpl(302)) - 244ca980-f87d-4e1f-bf92-41859c631eea: GrpcService started, listening on 15039
2023-12-19 18:17:55,435 [244ca980-f87d-4e1f-bf92-41859c631eea-EndpointStateMachineTaskThread-/0.0.0.0:15002-0 ] INFO  server.GrpcService (GrpcService.java:startImpl(302)) - 244ca980-f87d-4e1f-bf92-41859c631eea: GrpcService started, listening on 15041
2023-12-19 18:17:55,440 [244ca980-f87d-4e1f-bf92-41859c631eea-EndpointStateMachineTaskThread-/0.0.0.0:15002-0 ] INFO  server.GrpcService (GrpcService.java:startImpl(302)) - 244ca980-f87d-4e1f-bf92-41859c631eea: GrpcService started, listening on 15040
2023-12-19 18:17:55,440 [244ca980-f87d-4e1f-bf92-41859c631eea-EndpointStateMachineTaskThread-/0.0.0.0:15002-0 ] INFO  ratis.XceiverServerRatis (XceiverServerRatis.java:getRealPort(574)) - XceiverServerRatis 244ca980-f87d-4e1f-bf92-41859c631eea is started using port 15039 for RATIS
2023-12-19 18:17:55,440 [JvmPauseMonitor5] INFO  util.JvmPauseMonitor (JvmPauseMonitor.java:run(146)) - JvmPauseMonitor-244ca980-f87d-4e1f-bf92-41859c631eea: Started
2023-12-19 18:17:55,441 [244ca980-f87d-4e1f-bf92-41859c631eea-EndpointStateMachineTaskThread-/0.0.0.0:15002-0 ] INFO  ratis.XceiverServerRatis (XceiverServerRatis.java:getRealPort(574)) - XceiverServerRatis 244ca980-f87d-4e1f-bf92-41859c631eea is started using port 15040 for RATIS_ADMIN
2023-12-19 18:17:55,441 [244ca980-f87d-4e1f-bf92-41859c631eea-EndpointStateMachineTaskThread-/0.0.0.0:15002-0 ] INFO  ratis.XceiverServerRatis (XceiverServerRatis.java:getRealPort(574)) - XceiverServerRatis 244ca980-f87d-4e1f-bf92-41859c631eea is started using port 15041 for RATIS_SERVER
2023-12-19 18:17:55,441 [244ca980-f87d-4e1f-bf92-41859c631eea-EndpointStateMachineTaskThread-/0.0.0.0:15002-0 ] INFO  ratis.XceiverServerRatis (XceiverServerRatis.java:getRealPort(574)) - XceiverServerRatis 244ca980-f87d-4e1f-bf92-41859c631eea is started using port 15042 for RATIS_DATASTREAM
2023-12-19 18:17:55,444 [244ca980-f87d-4e1f-bf92-41859c631eea-BlockDeletingService#0] INFO  interfaces.ContainerDeletionChoosingPolicyTemplate (ContainerDeletionChoosingPolicyTemplate.java:chooseContainerForBlockDeletion(85)) - Chosen 0/5000 blocks from 0 candidate containers.
2023-12-19 18:17:55,578 [b44d76fe-ddfd-47c8-8f4d-0e79dfcb9ca5-EndpointStateMachineTaskThread-/0.0.0.0:15002-0 ] INFO  utils.DatanodeStoreCache (DatanodeStoreCache.java:addDB(66)) - Added db /home/runner/work/ozone/ozone/hadoop-ozone/integration-test/target/test-dir/MiniOzoneClusterImpl-c3f67427-b36b-4ee4-bde0-91623ce58163/datanode-4/data-0/containers/hdds/c3f67427-b36b-4ee4-bde0-91623ce58163/DS-8a939eea-2dd2-4515-944e-29f5822986a4/container.db to cache
2023-12-19 18:17:55,578 [b44d76fe-ddfd-47c8-8f4d-0e79dfcb9ca5-EndpointStateMachineTaskThread-/0.0.0.0:15002-0 ] INFO  volume.HddsVolume (HddsVolume.java:createDbStore(422)) - SchemaV3 db is created and loaded at /home/runner/work/ozone/ozone/hadoop-ozone/integration-test/target/test-dir/MiniOzoneClusterImpl-c3f67427-b36b-4ee4-bde0-91623ce58163/datanode-4/data-0/containers/hdds/c3f67427-b36b-4ee4-bde0-91623ce58163/DS-8a939eea-2dd2-4515-944e-29f5822986a4/container.db for volume DS-8a939eea-2dd2-4515-944e-29f5822986a4
2023-12-19 18:17:55,580 [b44d76fe-ddfd-47c8-8f4d-0e79dfcb9ca5-EndpointStateMachineTaskThread-/0.0.0.0:15002-0 ] INFO  volume.ThrottledAsyncChecker (ThrottledAsyncChecker.java:schedule(141)) - Scheduling a check for /home/runner/work/ozone/ozone/hadoop-ozone/integration-test/target/test-dir/MiniOzoneClusterImpl-c3f67427-b36b-4ee4-bde0-91623ce58163/datanode-4/data-0/containers/hdds
2023-12-19 18:17:55,581 [b44d76fe-ddfd-47c8-8f4d-0e79dfcb9ca5-EndpointStateMachineTaskThread-/0.0.0.0:15002-0 ] INFO  volume.StorageVolumeChecker (StorageVolumeChecker.java:checkAllVolumes(218)) - Scheduled health check for volume /home/runner/work/ozone/ozone/hadoop-ozone/integration-test/target/test-dir/MiniOzoneClusterImpl-c3f67427-b36b-4ee4-bde0-91623ce58163/datanode-4/data-0/containers/hdds
2023-12-19 18:17:55,582 [b44d76fe-ddfd-47c8-8f4d-0e79dfcb9ca5-EndpointStateMachineTaskThread-/0.0.0.0:15002-0 ] INFO  volume.ThrottledAsyncChecker (ThrottledAsyncChecker.java:schedule(141)) - Scheduling a check for /home/runner/work/ozone/ozone/hadoop-ozone/integration-test/target/test-dir/MiniOzoneClusterImpl-c3f67427-b36b-4ee4-bde0-91623ce58163/datanode-4/data/ratis
2023-12-19 18:17:55,583 [b44d76fe-ddfd-47c8-8f4d-0e79dfcb9ca5-EndpointStateMachineTaskThread-/0.0.0.0:15002-0 ] INFO  volume.StorageVolumeChecker (StorageVolumeChecker.java:checkAllVolumes(218)) - Scheduled health check for volume /home/runner/work/ozone/ozone/hadoop-ozone/integration-test/target/test-dir/MiniOzoneClusterImpl-c3f67427-b36b-4ee4-bde0-91623ce58163/datanode-4/data/ratis
2023-12-19 18:17:55,584 [b44d76fe-ddfd-47c8-8f4d-0e79dfcb9ca5-EndpointStateMachineTaskThread-/0.0.0.0:15002-0 ] INFO  ozoneimpl.OzoneContainer (OzoneContainer.java:start(441)) - Attempting to start container services.
2023-12-19 18:17:55,584 [b44d76fe-ddfd-47c8-8f4d-0e79dfcb9ca5-EndpointStateMachineTaskThread-/0.0.0.0:15002-0 ] INFO  ozoneimpl.OzoneContainer (OzoneContainer.java:startContainerScrub(337)) - Scheduled background container scanners and the on-demand container scanner have been disabled.
2023-12-19 18:17:55,585 [b44d76fe-ddfd-47c8-8f4d-0e79dfcb9ca5-EndpointStateMachineTaskThread-/0.0.0.0:15002-0 ] INFO  replication.ReplicationServer (ReplicationServer.java:start(139)) - ReplicationServer is started using port 15052
2023-12-19 18:17:55,585 [b44d76fe-ddfd-47c8-8f4d-0e79dfcb9ca5-EndpointStateMachineTaskThread-/0.0.0.0:15002-0 ] INFO  ratis.XceiverServerRatis (XceiverServerRatis.java:start(548)) - Starting XceiverServerRatis b44d76fe-ddfd-47c8-8f4d-0e79dfcb9ca5
2023-12-19 18:17:55,586 [b44d76fe-ddfd-47c8-8f4d-0e79dfcb9ca5-EndpointStateMachineTaskThread-/0.0.0.0:15002-0 ] INFO  server.RaftServer (RaftServerProxy.java:startImpl(406)) - b44d76fe-ddfd-47c8-8f4d-0e79dfcb9ca5: start RPC server
2023-12-19 18:17:55,587 [b44d76fe-ddfd-47c8-8f4d-0e79dfcb9ca5-EndpointStateMachineTaskThread-/0.0.0.0:15002-0 ] INFO  server.GrpcService (GrpcService.java:startImpl(302)) - b44d76fe-ddfd-47c8-8f4d-0e79dfcb9ca5: GrpcService started, listening on 15048
2023-12-19 18:17:55,587 [b44d76fe-ddfd-47c8-8f4d-0e79dfcb9ca5-EndpointStateMachineTaskThread-/0.0.0.0:15002-0 ] INFO  server.GrpcService (GrpcService.java:startImpl(302)) - b44d76fe-ddfd-47c8-8f4d-0e79dfcb9ca5: GrpcService started, listening on 15050
2023-12-19 18:17:55,588 [b44d76fe-ddfd-47c8-8f4d-0e79dfcb9ca5-EndpointStateMachineTaskThread-/0.0.0.0:15002-0 ] INFO  server.GrpcService (GrpcService.java:startImpl(302)) - b44d76fe-ddfd-47c8-8f4d-0e79dfcb9ca5: GrpcService started, listening on 15049
2023-12-19 18:17:55,589 [b44d76fe-ddfd-47c8-8f4d-0e79dfcb9ca5-EndpointStateMachineTaskThread-/0.0.0.0:15002-0 ] INFO  ratis.XceiverServerRatis (XceiverServerRatis.java:getRealPort(574)) - XceiverServerRatis b44d76fe-ddfd-47c8-8f4d-0e79dfcb9ca5 is started using port 15048 for RATIS
2023-12-19 18:17:55,589 [JvmPauseMonitor6] INFO  util.JvmPauseMonitor (JvmPauseMonitor.java:run(146)) - JvmPauseMonitor-b44d76fe-ddfd-47c8-8f4d-0e79dfcb9ca5: Started
2023-12-19 18:17:55,589 [b44d76fe-ddfd-47c8-8f4d-0e79dfcb9ca5-EndpointStateMachineTaskThread-/0.0.0.0:15002-0 ] INFO  ratis.XceiverServerRatis (XceiverServerRatis.java:getRealPort(574)) - XceiverServerRatis b44d76fe-ddfd-47c8-8f4d-0e79dfcb9ca5 is started using port 15049 for RATIS_ADMIN
2023-12-19 18:17:55,591 [b44d76fe-ddfd-47c8-8f4d-0e79dfcb9ca5-EndpointStateMachineTaskThread-/0.0.0.0:15002-0 ] INFO  ratis.XceiverServerRatis (XceiverServerRatis.java:getRealPort(574)) - XceiverServerRatis b44d76fe-ddfd-47c8-8f4d-0e79dfcb9ca5 is started using port 15050 for RATIS_SERVER
2023-12-19 18:17:55,591 [b44d76fe-ddfd-47c8-8f4d-0e79dfcb9ca5-EndpointStateMachineTaskThread-/0.0.0.0:15002-0 ] INFO  ratis.XceiverServerRatis (XceiverServerRatis.java:getRealPort(574)) - XceiverServerRatis b44d76fe-ddfd-47c8-8f4d-0e79dfcb9ca5 is started using port 15051 for RATIS_DATASTREAM
2023-12-19 18:17:55,594 [b44d76fe-ddfd-47c8-8f4d-0e79dfcb9ca5-BlockDeletingService#0] INFO  interfaces.ContainerDeletionChoosingPolicyTemplate (ContainerDeletionChoosingPolicyTemplate.java:chooseContainerForBlockDeletion(85)) - Chosen 0/5000 blocks from 0 candidate containers.
2023-12-19 18:17:55,647 [main] INFO  ozone.MiniOzoneClusterImpl (MiniOzoneClusterImpl.java:lambda$waitForClusterToBeReady$0(230)) - Waiting for nodes to be ready. Got 0 of 14 DN Heartbeats.
2023-12-19 18:17:55,647 [main] INFO  ozone.MiniOzoneClusterImpl (MiniOzoneClusterImpl.java:lambda$waitForClusterToBeReady$0(233)) - Waiting for cluster to exit safe mode
2023-12-19 18:17:55,647 [main] INFO  ozone.MiniOzoneClusterImpl (MiniOzoneClusterImpl.java:lambda$waitForClusterToBeReady$0(235)) - SCM became leader
2023-12-19 18:17:55,729 [f3699da5-7632-4885-9efe-d79f82e47143-EndpointStateMachineTaskThread-/0.0.0.0:15002-0 ] INFO  utils.DatanodeStoreCache (DatanodeStoreCache.java:addDB(66)) - Added db /home/runner/work/ozone/ozone/hadoop-ozone/integration-test/target/test-dir/MiniOzoneClusterImpl-c3f67427-b36b-4ee4-bde0-91623ce58163/datanode-5/data-0/containers/hdds/c3f67427-b36b-4ee4-bde0-91623ce58163/DS-346ae1b5-f688-42ee-8950-ebd8d195c1c3/container.db to cache
2023-12-19 18:17:55,729 [f3699da5-7632-4885-9efe-d79f82e47143-EndpointStateMachineTaskThread-/0.0.0.0:15002-0 ] INFO  volume.HddsVolume (HddsVolume.java:createDbStore(422)) - SchemaV3 db is created and loaded at /home/runner/work/ozone/ozone/hadoop-ozone/integration-test/target/test-dir/MiniOzoneClusterImpl-c3f67427-b36b-4ee4-bde0-91623ce58163/datanode-5/data-0/containers/hdds/c3f67427-b36b-4ee4-bde0-91623ce58163/DS-346ae1b5-f688-42ee-8950-ebd8d195c1c3/container.db for volume DS-346ae1b5-f688-42ee-8950-ebd8d195c1c3
2023-12-19 18:17:55,731 [f3699da5-7632-4885-9efe-d79f82e47143-EndpointStateMachineTaskThread-/0.0.0.0:15002-0 ] INFO  volume.ThrottledAsyncChecker (ThrottledAsyncChecker.java:schedule(141)) - Scheduling a check for /home/runner/work/ozone/ozone/hadoop-ozone/integration-test/target/test-dir/MiniOzoneClusterImpl-c3f67427-b36b-4ee4-bde0-91623ce58163/datanode-5/data-0/containers/hdds
2023-12-19 18:17:55,731 [f3699da5-7632-4885-9efe-d79f82e47143-EndpointStateMachineTaskThread-/0.0.0.0:15002-0 ] INFO  volume.StorageVolumeChecker (StorageVolumeChecker.java:checkAllVolumes(218)) - Scheduled health check for volume /home/runner/work/ozone/ozone/hadoop-ozone/integration-test/target/test-dir/MiniOzoneClusterImpl-c3f67427-b36b-4ee4-bde0-91623ce58163/datanode-5/data-0/containers/hdds
2023-12-19 18:17:55,733 [f3699da5-7632-4885-9efe-d79f82e47143-EndpointStateMachineTaskThread-/0.0.0.0:15002-0 ] INFO  volume.ThrottledAsyncChecker (ThrottledAsyncChecker.java:schedule(141)) - Scheduling a check for /home/runner/work/ozone/ozone/hadoop-ozone/integration-test/target/test-dir/MiniOzoneClusterImpl-c3f67427-b36b-4ee4-bde0-91623ce58163/datanode-5/data/ratis
2023-12-19 18:17:55,733 [f3699da5-7632-4885-9efe-d79f82e47143-EndpointStateMachineTaskThread-/0.0.0.0:15002-0 ] INFO  volume.StorageVolumeChecker (StorageVolumeChecker.java:checkAllVolumes(218)) - Scheduled health check for volume /home/runner/work/ozone/ozone/hadoop-ozone/integration-test/target/test-dir/MiniOzoneClusterImpl-c3f67427-b36b-4ee4-bde0-91623ce58163/datanode-5/data/ratis
2023-12-19 18:17:55,734 [f3699da5-7632-4885-9efe-d79f82e47143-EndpointStateMachineTaskThread-/0.0.0.0:15002-0 ] INFO  ozoneimpl.OzoneContainer (OzoneContainer.java:start(441)) - Attempting to start container services.
2023-12-19 18:17:55,734 [f3699da5-7632-4885-9efe-d79f82e47143-EndpointStateMachineTaskThread-/0.0.0.0:15002-0 ] INFO  ozoneimpl.OzoneContainer (OzoneContainer.java:startContainerScrub(337)) - Scheduled background container scanners and the on-demand container scanner have been disabled.
2023-12-19 18:17:55,735 [f3699da5-7632-4885-9efe-d79f82e47143-EndpointStateMachineTaskThread-/0.0.0.0:15002-0 ] INFO  replication.ReplicationServer (ReplicationServer.java:start(139)) - ReplicationServer is started using port 15061
2023-12-19 18:17:55,735 [f3699da5-7632-4885-9efe-d79f82e47143-EndpointStateMachineTaskThread-/0.0.0.0:15002-0 ] INFO  ratis.XceiverServerRatis (XceiverServerRatis.java:start(548)) - Starting XceiverServerRatis f3699da5-7632-4885-9efe-d79f82e47143
2023-12-19 18:17:55,735 [f3699da5-7632-4885-9efe-d79f82e47143-EndpointStateMachineTaskThread-/0.0.0.0:15002-0 ] INFO  server.RaftServer (RaftServerProxy.java:startImpl(406)) - f3699da5-7632-4885-9efe-d79f82e47143: start RPC server
2023-12-19 18:17:55,736 [f3699da5-7632-4885-9efe-d79f82e47143-EndpointStateMachineTaskThread-/0.0.0.0:15002-0 ] INFO  server.GrpcService (GrpcService.java:startImpl(302)) - f3699da5-7632-4885-9efe-d79f82e47143: GrpcService started, listening on 15057
2023-12-19 18:17:55,737 [f3699da5-7632-4885-9efe-d79f82e47143-EndpointStateMachineTaskThread-/0.0.0.0:15002-0 ] INFO  server.GrpcService (GrpcService.java:startImpl(302)) - f3699da5-7632-4885-9efe-d79f82e47143: GrpcService started, listening on 15059
2023-12-19 18:17:55,737 [f3699da5-7632-4885-9efe-d79f82e47143-EndpointStateMachineTaskThread-/0.0.0.0:15002-0 ] INFO  server.GrpcService (GrpcService.java:startImpl(302)) - f3699da5-7632-4885-9efe-d79f82e47143: GrpcService started, listening on 15058
2023-12-19 18:17:55,738 [f3699da5-7632-4885-9efe-d79f82e47143-EndpointStateMachineTaskThread-/0.0.0.0:15002-0 ] INFO  ratis.XceiverServerRatis (XceiverServerRatis.java:getRealPort(574)) - XceiverServerRatis f3699da5-7632-4885-9efe-d79f82e47143 is started using port 15057 for RATIS
2023-12-19 18:17:55,738 [f3699da5-7632-4885-9efe-d79f82e47143-EndpointStateMachineTaskThread-/0.0.0.0:15002-0 ] INFO  ratis.XceiverServerRatis (XceiverServerRatis.java:getRealPort(574)) - XceiverServerRatis f3699da5-7632-4885-9efe-d79f82e47143 is started using port 15058 for RATIS_ADMIN
2023-12-19 18:17:55,738 [JvmPauseMonitor7] INFO  util.JvmPauseMonitor (JvmPauseMonitor.java:run(146)) - JvmPauseMonitor-f3699da5-7632-4885-9efe-d79f82e47143: Started
2023-12-19 18:17:55,738 [f3699da5-7632-4885-9efe-d79f82e47143-EndpointStateMachineTaskThread-/0.0.0.0:15002-0 ] INFO  ratis.XceiverServerRatis (XceiverServerRatis.java:getRealPort(574)) - XceiverServerRatis f3699da5-7632-4885-9efe-d79f82e47143 is started using port 15059 for RATIS_SERVER
2023-12-19 18:17:55,738 [f3699da5-7632-4885-9efe-d79f82e47143-EndpointStateMachineTaskThread-/0.0.0.0:15002-0 ] INFO  ratis.XceiverServerRatis (XceiverServerRatis.java:getRealPort(574)) - XceiverServerRatis f3699da5-7632-4885-9efe-d79f82e47143 is started using port 15060 for RATIS_DATASTREAM
2023-12-19 18:17:55,741 [f3699da5-7632-4885-9efe-d79f82e47143-BlockDeletingService#0] INFO  interfaces.ContainerDeletionChoosingPolicyTemplate (ContainerDeletionChoosingPolicyTemplate.java:chooseContainerForBlockDeletion(85)) - Chosen 0/5000 blocks from 0 candidate containers.
2023-12-19 18:17:55,875 [cc2d5096-cbf7-4b7f-9694-9910b4c75033-EndpointStateMachineTaskThread-/0.0.0.0:15002-0 ] INFO  utils.DatanodeStoreCache (DatanodeStoreCache.java:addDB(66)) - Added db /home/runner/work/ozone/ozone/hadoop-ozone/integration-test/target/test-dir/MiniOzoneClusterImpl-c3f67427-b36b-4ee4-bde0-91623ce58163/datanode-6/data-0/containers/hdds/c3f67427-b36b-4ee4-bde0-91623ce58163/DS-c393f87e-0122-4cb4-9868-6a240eabf167/container.db to cache
2023-12-19 18:17:55,875 [cc2d5096-cbf7-4b7f-9694-9910b4c75033-EndpointStateMachineTaskThread-/0.0.0.0:15002-0 ] INFO  volume.HddsVolume (HddsVolume.java:createDbStore(422)) - SchemaV3 db is created and loaded at /home/runner/work/ozone/ozone/hadoop-ozone/integration-test/target/test-dir/MiniOzoneClusterImpl-c3f67427-b36b-4ee4-bde0-91623ce58163/datanode-6/data-0/containers/hdds/c3f67427-b36b-4ee4-bde0-91623ce58163/DS-c393f87e-0122-4cb4-9868-6a240eabf167/container.db for volume DS-c393f87e-0122-4cb4-9868-6a240eabf167
2023-12-19 18:17:55,877 [cc2d5096-cbf7-4b7f-9694-9910b4c75033-EndpointStateMachineTaskThread-/0.0.0.0:15002-0 ] INFO  volume.ThrottledAsyncChecker (ThrottledAsyncChecker.java:schedule(141)) - Scheduling a check for /home/runner/work/ozone/ozone/hadoop-ozone/integration-test/target/test-dir/MiniOzoneClusterImpl-c3f67427-b36b-4ee4-bde0-91623ce58163/datanode-6/data-0/containers/hdds
2023-12-19 18:17:55,877 [cc2d5096-cbf7-4b7f-9694-9910b4c75033-EndpointStateMachineTaskThread-/0.0.0.0:15002-0 ] INFO  volume.StorageVolumeChecker (StorageVolumeChecker.java:checkAllVolumes(218)) - Scheduled health check for volume /home/runner/work/ozone/ozone/hadoop-ozone/integration-test/target/test-dir/MiniOzoneClusterImpl-c3f67427-b36b-4ee4-bde0-91623ce58163/datanode-6/data-0/containers/hdds
2023-12-19 18:17:55,879 [cc2d5096-cbf7-4b7f-9694-9910b4c75033-EndpointStateMachineTaskThread-/0.0.0.0:15002-0 ] INFO  volume.ThrottledAsyncChecker (ThrottledAsyncChecker.java:schedule(141)) - Scheduling a check for /home/runner/work/ozone/ozone/hadoop-ozone/integration-test/target/test-dir/MiniOzoneClusterImpl-c3f67427-b36b-4ee4-bde0-91623ce58163/datanode-6/data/ratis
2023-12-19 18:17:55,879 [cc2d5096-cbf7-4b7f-9694-9910b4c75033-EndpointStateMachineTaskThread-/0.0.0.0:15002-0 ] INFO  volume.StorageVolumeChecker (StorageVolumeChecker.java:checkAllVolumes(218)) - Scheduled health check for volume /home/runner/work/ozone/ozone/hadoop-ozone/integration-test/target/test-dir/MiniOzoneClusterImpl-c3f67427-b36b-4ee4-bde0-91623ce58163/datanode-6/data/ratis
2023-12-19 18:17:55,880 [cc2d5096-cbf7-4b7f-9694-9910b4c75033-EndpointStateMachineTaskThread-/0.0.0.0:15002-0 ] INFO  ozoneimpl.OzoneContainer (OzoneContainer.java:start(441)) - Attempting to start container services.
2023-12-19 18:17:55,881 [cc2d5096-cbf7-4b7f-9694-9910b4c75033-EndpointStateMachineTaskThread-/0.0.0.0:15002-0 ] INFO  ozoneimpl.OzoneContainer (OzoneContainer.java:startContainerScrub(337)) - Scheduled background container scanners and the on-demand container scanner have been disabled.
2023-12-19 18:17:55,882 [cc2d5096-cbf7-4b7f-9694-9910b4c75033-EndpointStateMachineTaskThread-/0.0.0.0:15002-0 ] INFO  replication.ReplicationServer (ReplicationServer.java:start(139)) - ReplicationServer is started using port 15070
2023-12-19 18:17:55,882 [cc2d5096-cbf7-4b7f-9694-9910b4c75033-EndpointStateMachineTaskThread-/0.0.0.0:15002-0 ] INFO  ratis.XceiverServerRatis (XceiverServerRatis.java:start(548)) - Starting XceiverServerRatis cc2d5096-cbf7-4b7f-9694-9910b4c75033
2023-12-19 18:17:55,883 [cc2d5096-cbf7-4b7f-9694-9910b4c75033-EndpointStateMachineTaskThread-/0.0.0.0:15002-0 ] INFO  server.RaftServer (RaftServerProxy.java:startImpl(406)) - cc2d5096-cbf7-4b7f-9694-9910b4c75033: start RPC server
2023-12-19 18:17:55,883 [cc2d5096-cbf7-4b7f-9694-9910b4c75033-EndpointStateMachineTaskThread-/0.0.0.0:15002-0 ] INFO  server.GrpcService (GrpcService.java:startImpl(302)) - cc2d5096-cbf7-4b7f-9694-9910b4c75033: GrpcService started, listening on 15066
2023-12-19 18:17:55,884 [cc2d5096-cbf7-4b7f-9694-9910b4c75033-EndpointStateMachineTaskThread-/0.0.0.0:15002-0 ] INFO  server.GrpcService (GrpcService.java:startImpl(302)) - cc2d5096-cbf7-4b7f-9694-9910b4c75033: GrpcService started, listening on 15068
2023-12-19 18:17:55,885 [cc2d5096-cbf7-4b7f-9694-9910b4c75033-EndpointStateMachineTaskThread-/0.0.0.0:15002-0 ] INFO  server.GrpcService (GrpcService.java:startImpl(302)) - cc2d5096-cbf7-4b7f-9694-9910b4c75033: GrpcService started, listening on 15067
2023-12-19 18:17:55,886 [cc2d5096-cbf7-4b7f-9694-9910b4c75033-EndpointStateMachineTaskThread-/0.0.0.0:15002-0 ] INFO  ratis.XceiverServerRatis (XceiverServerRatis.java:getRealPort(574)) - XceiverServerRatis cc2d5096-cbf7-4b7f-9694-9910b4c75033 is started using port 15066 for RATIS
2023-12-19 18:17:55,886 [cc2d5096-cbf7-4b7f-9694-9910b4c75033-EndpointStateMachineTaskThread-/0.0.0.0:15002-0 ] INFO  ratis.XceiverServerRatis (XceiverServerRatis.java:getRealPort(574)) - XceiverServerRatis cc2d5096-cbf7-4b7f-9694-9910b4c75033 is started using port 15067 for RATIS_ADMIN
2023-12-19 18:17:55,886 [cc2d5096-cbf7-4b7f-9694-9910b4c75033-EndpointStateMachineTaskThread-/0.0.0.0:15002-0 ] INFO  ratis.XceiverServerRatis (XceiverServerRatis.java:getRealPort(574)) - XceiverServerRatis cc2d5096-cbf7-4b7f-9694-9910b4c75033 is started using port 15068 for RATIS_SERVER
2023-12-19 18:17:55,886 [cc2d5096-cbf7-4b7f-9694-9910b4c75033-EndpointStateMachineTaskThread-/0.0.0.0:15002-0 ] INFO  ratis.XceiverServerRatis (XceiverServerRatis.java:getRealPort(574)) - XceiverServerRatis cc2d5096-cbf7-4b7f-9694-9910b4c75033 is started using port 15069 for RATIS_DATASTREAM
2023-12-19 18:17:55,886 [JvmPauseMonitor8] INFO  util.JvmPauseMonitor (JvmPauseMonitor.java:run(146)) - JvmPauseMonitor-cc2d5096-cbf7-4b7f-9694-9910b4c75033: Started
2023-12-19 18:17:55,893 [cc2d5096-cbf7-4b7f-9694-9910b4c75033-BlockDeletingService#0] INFO  interfaces.ContainerDeletionChoosingPolicyTemplate (ContainerDeletionChoosingPolicyTemplate.java:chooseContainerForBlockDeletion(85)) - Chosen 0/5000 blocks from 0 candidate containers.
2023-12-19 18:17:55,977 [93d2edcd-6a6f-4cb3-ab2d-c0ab5a0bb6d7-EndpointStateMachineTaskThread-/0.0.0.0:15002-0 ] INFO  utils.DatanodeStoreCache (DatanodeStoreCache.java:addDB(66)) - Added db /home/runner/work/ozone/ozone/hadoop-ozone/integration-test/target/test-dir/MiniOzoneClusterImpl-c3f67427-b36b-4ee4-bde0-91623ce58163/datanode-7/data-0/containers/hdds/c3f67427-b36b-4ee4-bde0-91623ce58163/DS-0ad7062b-bce3-4610-919f-9fd08d0a936c/container.db to cache
2023-12-19 18:17:55,977 [93d2edcd-6a6f-4cb3-ab2d-c0ab5a0bb6d7-EndpointStateMachineTaskThread-/0.0.0.0:15002-0 ] INFO  volume.HddsVolume (HddsVolume.java:createDbStore(422)) - SchemaV3 db is created and loaded at /home/runner/work/ozone/ozone/hadoop-ozone/integration-test/target/test-dir/MiniOzoneClusterImpl-c3f67427-b36b-4ee4-bde0-91623ce58163/datanode-7/data-0/containers/hdds/c3f67427-b36b-4ee4-bde0-91623ce58163/DS-0ad7062b-bce3-4610-919f-9fd08d0a936c/container.db for volume DS-0ad7062b-bce3-4610-919f-9fd08d0a936c
2023-12-19 18:17:55,979 [93d2edcd-6a6f-4cb3-ab2d-c0ab5a0bb6d7-EndpointStateMachineTaskThread-/0.0.0.0:15002-0 ] INFO  volume.ThrottledAsyncChecker (ThrottledAsyncChecker.java:schedule(141)) - Scheduling a check for /home/runner/work/ozone/ozone/hadoop-ozone/integration-test/target/test-dir/MiniOzoneClusterImpl-c3f67427-b36b-4ee4-bde0-91623ce58163/datanode-7/data-0/containers/hdds
2023-12-19 18:17:55,979 [93d2edcd-6a6f-4cb3-ab2d-c0ab5a0bb6d7-EndpointStateMachineTaskThread-/0.0.0.0:15002-0 ] INFO  volume.StorageVolumeChecker (StorageVolumeChecker.java:checkAllVolumes(218)) - Scheduled health check for volume /home/runner/work/ozone/ozone/hadoop-ozone/integration-test/target/test-dir/MiniOzoneClusterImpl-c3f67427-b36b-4ee4-bde0-91623ce58163/datanode-7/data-0/containers/hdds
2023-12-19 18:17:55,981 [93d2edcd-6a6f-4cb3-ab2d-c0ab5a0bb6d7-EndpointStateMachineTaskThread-/0.0.0.0:15002-0 ] INFO  volume.ThrottledAsyncChecker (ThrottledAsyncChecker.java:schedule(141)) - Scheduling a check for /home/runner/work/ozone/ozone/hadoop-ozone/integration-test/target/test-dir/MiniOzoneClusterImpl-c3f67427-b36b-4ee4-bde0-91623ce58163/datanode-7/data/ratis
2023-12-19 18:17:55,981 [93d2edcd-6a6f-4cb3-ab2d-c0ab5a0bb6d7-EndpointStateMachineTaskThread-/0.0.0.0:15002-0 ] INFO  volume.StorageVolumeChecker (StorageVolumeChecker.java:checkAllVolumes(218)) - Scheduled health check for volume /home/runner/work/ozone/ozone/hadoop-ozone/integration-test/target/test-dir/MiniOzoneClusterImpl-c3f67427-b36b-4ee4-bde0-91623ce58163/datanode-7/data/ratis
2023-12-19 18:17:55,982 [93d2edcd-6a6f-4cb3-ab2d-c0ab5a0bb6d7-EndpointStateMachineTaskThread-/0.0.0.0:15002-0 ] INFO  ozoneimpl.OzoneContainer (OzoneContainer.java:start(441)) - Attempting to start container services.
2023-12-19 18:17:55,982 [93d2edcd-6a6f-4cb3-ab2d-c0ab5a0bb6d7-EndpointStateMachineTaskThread-/0.0.0.0:15002-0 ] INFO  ozoneimpl.OzoneContainer (OzoneContainer.java:startContainerScrub(337)) - Scheduled background container scanners and the on-demand container scanner have been disabled.
2023-12-19 18:17:55,984 [93d2edcd-6a6f-4cb3-ab2d-c0ab5a0bb6d7-EndpointStateMachineTaskThread-/0.0.0.0:15002-0 ] INFO  replication.ReplicationServer (ReplicationServer.java:start(139)) - ReplicationServer is started using port 15079
2023-12-19 18:17:55,984 [93d2edcd-6a6f-4cb3-ab2d-c0ab5a0bb6d7-EndpointStateMachineTaskThread-/0.0.0.0:15002-0 ] INFO  ratis.XceiverServerRatis (XceiverServerRatis.java:start(548)) - Starting XceiverServerRatis 93d2edcd-6a6f-4cb3-ab2d-c0ab5a0bb6d7
2023-12-19 18:17:55,984 [93d2edcd-6a6f-4cb3-ab2d-c0ab5a0bb6d7-EndpointStateMachineTaskThread-/0.0.0.0:15002-0 ] INFO  server.RaftServer (RaftServerProxy.java:startImpl(406)) - 93d2edcd-6a6f-4cb3-ab2d-c0ab5a0bb6d7: start RPC server
2023-12-19 18:17:55,986 [93d2edcd-6a6f-4cb3-ab2d-c0ab5a0bb6d7-EndpointStateMachineTaskThread-/0.0.0.0:15002-0 ] INFO  server.GrpcService (GrpcService.java:startImpl(302)) - 93d2edcd-6a6f-4cb3-ab2d-c0ab5a0bb6d7: GrpcService started, listening on 15075
2023-12-19 18:17:55,987 [93d2edcd-6a6f-4cb3-ab2d-c0ab5a0bb6d7-EndpointStateMachineTaskThread-/0.0.0.0:15002-0 ] INFO  server.GrpcService (GrpcService.java:startImpl(302)) - 93d2edcd-6a6f-4cb3-ab2d-c0ab5a0bb6d7: GrpcService started, listening on 15077
2023-12-19 18:17:55,989 [93d2edcd-6a6f-4cb3-ab2d-c0ab5a0bb6d7-EndpointStateMachineTaskThread-/0.0.0.0:15002-0 ] INFO  server.GrpcService (GrpcService.java:startImpl(302)) - 93d2edcd-6a6f-4cb3-ab2d-c0ab5a0bb6d7: GrpcService started, listening on 15076
2023-12-19 18:17:55,989 [93d2edcd-6a6f-4cb3-ab2d-c0ab5a0bb6d7-EndpointStateMachineTaskThread-/0.0.0.0:15002-0 ] INFO  ratis.XceiverServerRatis (XceiverServerRatis.java:getRealPort(574)) - XceiverServerRatis 93d2edcd-6a6f-4cb3-ab2d-c0ab5a0bb6d7 is started using port 15075 for RATIS
2023-12-19 18:17:55,989 [93d2edcd-6a6f-4cb3-ab2d-c0ab5a0bb6d7-EndpointStateMachineTaskThread-/0.0.0.0:15002-0 ] INFO  ratis.XceiverServerRatis (XceiverServerRatis.java:getRealPort(574)) - XceiverServerRatis 93d2edcd-6a6f-4cb3-ab2d-c0ab5a0bb6d7 is started using port 15076 for RATIS_ADMIN
2023-12-19 18:17:55,990 [93d2edcd-6a6f-4cb3-ab2d-c0ab5a0bb6d7-EndpointStateMachineTaskThread-/0.0.0.0:15002-0 ] INFO  ratis.XceiverServerRatis (XceiverServerRatis.java:getRealPort(574)) - XceiverServerRatis 93d2edcd-6a6f-4cb3-ab2d-c0ab5a0bb6d7 is started using port 15077 for RATIS_SERVER
2023-12-19 18:17:55,990 [93d2edcd-6a6f-4cb3-ab2d-c0ab5a0bb6d7-EndpointStateMachineTaskThread-/0.0.0.0:15002-0 ] INFO  ratis.XceiverServerRatis (XceiverServerRatis.java:getRealPort(574)) - XceiverServerRatis 93d2edcd-6a6f-4cb3-ab2d-c0ab5a0bb6d7 is started using port 15078 for RATIS_DATASTREAM
2023-12-19 18:17:55,989 [JvmPauseMonitor9] INFO  util.JvmPauseMonitor (JvmPauseMonitor.java:run(146)) - JvmPauseMonitor-93d2edcd-6a6f-4cb3-ab2d-c0ab5a0bb6d7: Started
2023-12-19 18:17:55,996 [93d2edcd-6a6f-4cb3-ab2d-c0ab5a0bb6d7-BlockDeletingService#0] INFO  interfaces.ContainerDeletionChoosingPolicyTemplate (ContainerDeletionChoosingPolicyTemplate.java:chooseContainerForBlockDeletion(85)) - Chosen 0/5000 blocks from 0 candidate containers.
2023-12-19 18:17:56,090 [8a9232c4-f36b-4377-b9ad-83954010d1e2-EndpointStateMachineTaskThread-/0.0.0.0:15002-0 ] INFO  utils.DatanodeStoreCache (DatanodeStoreCache.java:addDB(66)) - Added db /home/runner/work/ozone/ozone/hadoop-ozone/integration-test/target/test-dir/MiniOzoneClusterImpl-c3f67427-b36b-4ee4-bde0-91623ce58163/datanode-8/data-0/containers/hdds/c3f67427-b36b-4ee4-bde0-91623ce58163/DS-41624dd6-ac88-4e5b-b9ed-66418b3dadc8/container.db to cache
2023-12-19 18:17:56,090 [8a9232c4-f36b-4377-b9ad-83954010d1e2-EndpointStateMachineTaskThread-/0.0.0.0:15002-0 ] INFO  volume.HddsVolume (HddsVolume.java:createDbStore(422)) - SchemaV3 db is created and loaded at /home/runner/work/ozone/ozone/hadoop-ozone/integration-test/target/test-dir/MiniOzoneClusterImpl-c3f67427-b36b-4ee4-bde0-91623ce58163/datanode-8/data-0/containers/hdds/c3f67427-b36b-4ee4-bde0-91623ce58163/DS-41624dd6-ac88-4e5b-b9ed-66418b3dadc8/container.db for volume DS-41624dd6-ac88-4e5b-b9ed-66418b3dadc8
2023-12-19 18:17:56,092 [8a9232c4-f36b-4377-b9ad-83954010d1e2-EndpointStateMachineTaskThread-/0.0.0.0:15002-0 ] INFO  volume.ThrottledAsyncChecker (ThrottledAsyncChecker.java:schedule(141)) - Scheduling a check for /home/runner/work/ozone/ozone/hadoop-ozone/integration-test/target/test-dir/MiniOzoneClusterImpl-c3f67427-b36b-4ee4-bde0-91623ce58163/datanode-8/data-0/containers/hdds
2023-12-19 18:17:56,092 [8a9232c4-f36b-4377-b9ad-83954010d1e2-EndpointStateMachineTaskThread-/0.0.0.0:15002-0 ] INFO  volume.StorageVolumeChecker (StorageVolumeChecker.java:checkAllVolumes(218)) - Scheduled health check for volume /home/runner/work/ozone/ozone/hadoop-ozone/integration-test/target/test-dir/MiniOzoneClusterImpl-c3f67427-b36b-4ee4-bde0-91623ce58163/datanode-8/data-0/containers/hdds
2023-12-19 18:17:56,094 [8a9232c4-f36b-4377-b9ad-83954010d1e2-EndpointStateMachineTaskThread-/0.0.0.0:15002-0 ] INFO  volume.ThrottledAsyncChecker (ThrottledAsyncChecker.java:schedule(141)) - Scheduling a check for /home/runner/work/ozone/ozone/hadoop-ozone/integration-test/target/test-dir/MiniOzoneClusterImpl-c3f67427-b36b-4ee4-bde0-91623ce58163/datanode-8/data/ratis
2023-12-19 18:17:56,094 [8a9232c4-f36b-4377-b9ad-83954010d1e2-EndpointStateMachineTaskThread-/0.0.0.0:15002-0 ] INFO  volume.StorageVolumeChecker (StorageVolumeChecker.java:checkAllVolumes(218)) - Scheduled health check for volume /home/runner/work/ozone/ozone/hadoop-ozone/integration-test/target/test-dir/MiniOzoneClusterImpl-c3f67427-b36b-4ee4-bde0-91623ce58163/datanode-8/data/ratis
2023-12-19 18:17:56,095 [8a9232c4-f36b-4377-b9ad-83954010d1e2-EndpointStateMachineTaskThread-/0.0.0.0:15002-0 ] INFO  ozoneimpl.OzoneContainer (OzoneContainer.java:start(441)) - Attempting to start container services.
2023-12-19 18:17:56,095 [8a9232c4-f36b-4377-b9ad-83954010d1e2-EndpointStateMachineTaskThread-/0.0.0.0:15002-0 ] INFO  ozoneimpl.OzoneContainer (OzoneContainer.java:startContainerScrub(337)) - Scheduled background container scanners and the on-demand container scanner have been disabled.
2023-12-19 18:17:56,096 [8a9232c4-f36b-4377-b9ad-83954010d1e2-EndpointStateMachineTaskThread-/0.0.0.0:15002-0 ] INFO  replication.ReplicationServer (ReplicationServer.java:start(139)) - ReplicationServer is started using port 15088
2023-12-19 18:17:56,096 [8a9232c4-f36b-4377-b9ad-83954010d1e2-EndpointStateMachineTaskThread-/0.0.0.0:15002-0 ] INFO  ratis.XceiverServerRatis (XceiverServerRatis.java:start(548)) - Starting XceiverServerRatis 8a9232c4-f36b-4377-b9ad-83954010d1e2
2023-12-19 18:17:56,096 [8a9232c4-f36b-4377-b9ad-83954010d1e2-EndpointStateMachineTaskThread-/0.0.0.0:15002-0 ] INFO  server.RaftServer (RaftServerProxy.java:startImpl(406)) - 8a9232c4-f36b-4377-b9ad-83954010d1e2: start RPC server
2023-12-19 18:17:56,097 [8a9232c4-f36b-4377-b9ad-83954010d1e2-EndpointStateMachineTaskThread-/0.0.0.0:15002-0 ] INFO  server.GrpcService (GrpcService.java:startImpl(302)) - 8a9232c4-f36b-4377-b9ad-83954010d1e2: GrpcService started, listening on 15084
2023-12-19 18:17:56,097 [8a9232c4-f36b-4377-b9ad-83954010d1e2-EndpointStateMachineTaskThread-/0.0.0.0:15002-0 ] INFO  server.GrpcService (GrpcService.java:startImpl(302)) - 8a9232c4-f36b-4377-b9ad-83954010d1e2: GrpcService started, listening on 15086
2023-12-19 18:17:56,097 [8a9232c4-f36b-4377-b9ad-83954010d1e2-EndpointStateMachineTaskThread-/0.0.0.0:15002-0 ] INFO  server.GrpcService (GrpcService.java:startImpl(302)) - 8a9232c4-f36b-4377-b9ad-83954010d1e2: GrpcService started, listening on 15085
2023-12-19 18:17:56,098 [8a9232c4-f36b-4377-b9ad-83954010d1e2-EndpointStateMachineTaskThread-/0.0.0.0:15002-0 ] INFO  ratis.XceiverServerRatis (XceiverServerRatis.java:getRealPort(574)) - XceiverServerRatis 8a9232c4-f36b-4377-b9ad-83954010d1e2 is started using port 15084 for RATIS
2023-12-19 18:17:56,098 [8a9232c4-f36b-4377-b9ad-83954010d1e2-EndpointStateMachineTaskThread-/0.0.0.0:15002-0 ] INFO  ratis.XceiverServerRatis (XceiverServerRatis.java:getRealPort(574)) - XceiverServerRatis 8a9232c4-f36b-4377-b9ad-83954010d1e2 is started using port 15085 for RATIS_ADMIN
2023-12-19 18:17:56,098 [8a9232c4-f36b-4377-b9ad-83954010d1e2-EndpointStateMachineTaskThread-/0.0.0.0:15002-0 ] INFO  ratis.XceiverServerRatis (XceiverServerRatis.java:getRealPort(574)) - XceiverServerRatis 8a9232c4-f36b-4377-b9ad-83954010d1e2 is started using port 15086 for RATIS_SERVER
2023-12-19 18:17:56,098 [8a9232c4-f36b-4377-b9ad-83954010d1e2-EndpointStateMachineTaskThread-/0.0.0.0:15002-0 ] INFO  ratis.XceiverServerRatis (XceiverServerRatis.java:getRealPort(574)) - XceiverServerRatis 8a9232c4-f36b-4377-b9ad-83954010d1e2 is started using port 15087 for RATIS_DATASTREAM
2023-12-19 18:17:56,098 [JvmPauseMonitor10] INFO  util.JvmPauseMonitor (JvmPauseMonitor.java:run(146)) - JvmPauseMonitor-8a9232c4-f36b-4377-b9ad-83954010d1e2: Started
2023-12-19 18:17:56,102 [8a9232c4-f36b-4377-b9ad-83954010d1e2-BlockDeletingService#0] INFO  interfaces.ContainerDeletionChoosingPolicyTemplate (ContainerDeletionChoosingPolicyTemplate.java:chooseContainerForBlockDeletion(85)) - Chosen 0/5000 blocks from 0 candidate containers.
2023-12-19 18:17:56,200 [7fe801a6-aabd-4c1e-b418-af74b08e6351-EndpointStateMachineTaskThread-/0.0.0.0:15002-0 ] INFO  utils.DatanodeStoreCache (DatanodeStoreCache.java:addDB(66)) - Added db /home/runner/work/ozone/ozone/hadoop-ozone/integration-test/target/test-dir/MiniOzoneClusterImpl-c3f67427-b36b-4ee4-bde0-91623ce58163/datanode-9/data-0/containers/hdds/c3f67427-b36b-4ee4-bde0-91623ce58163/DS-5ce00edf-1b3f-44a3-80d0-abc19ba8e3be/container.db to cache
2023-12-19 18:17:56,200 [7fe801a6-aabd-4c1e-b418-af74b08e6351-EndpointStateMachineTaskThread-/0.0.0.0:15002-0 ] INFO  volume.HddsVolume (HddsVolume.java:createDbStore(422)) - SchemaV3 db is created and loaded at /home/runner/work/ozone/ozone/hadoop-ozone/integration-test/target/test-dir/MiniOzoneClusterImpl-c3f67427-b36b-4ee4-bde0-91623ce58163/datanode-9/data-0/containers/hdds/c3f67427-b36b-4ee4-bde0-91623ce58163/DS-5ce00edf-1b3f-44a3-80d0-abc19ba8e3be/container.db for volume DS-5ce00edf-1b3f-44a3-80d0-abc19ba8e3be
2023-12-19 18:17:56,202 [7fe801a6-aabd-4c1e-b418-af74b08e6351-EndpointStateMachineTaskThread-/0.0.0.0:15002-0 ] INFO  volume.ThrottledAsyncChecker (ThrottledAsyncChecker.java:schedule(141)) - Scheduling a check for /home/runner/work/ozone/ozone/hadoop-ozone/integration-test/target/test-dir/MiniOzoneClusterImpl-c3f67427-b36b-4ee4-bde0-91623ce58163/datanode-9/data-0/containers/hdds
2023-12-19 18:17:56,202 [7fe801a6-aabd-4c1e-b418-af74b08e6351-EndpointStateMachineTaskThread-/0.0.0.0:15002-0 ] INFO  volume.StorageVolumeChecker (StorageVolumeChecker.java:checkAllVolumes(218)) - Scheduled health check for volume /home/runner/work/ozone/ozone/hadoop-ozone/integration-test/target/test-dir/MiniOzoneClusterImpl-c3f67427-b36b-4ee4-bde0-91623ce58163/datanode-9/data-0/containers/hdds
2023-12-19 18:17:56,204 [7fe801a6-aabd-4c1e-b418-af74b08e6351-EndpointStateMachineTaskThread-/0.0.0.0:15002-0 ] INFO  volume.ThrottledAsyncChecker (ThrottledAsyncChecker.java:schedule(141)) - Scheduling a check for /home/runner/work/ozone/ozone/hadoop-ozone/integration-test/target/test-dir/MiniOzoneClusterImpl-c3f67427-b36b-4ee4-bde0-91623ce58163/datanode-9/data/ratis
2023-12-19 18:17:56,204 [7fe801a6-aabd-4c1e-b418-af74b08e6351-EndpointStateMachineTaskThread-/0.0.0.0:15002-0 ] INFO  volume.StorageVolumeChecker (StorageVolumeChecker.java:checkAllVolumes(218)) - Scheduled health check for volume /home/runner/work/ozone/ozone/hadoop-ozone/integration-test/target/test-dir/MiniOzoneClusterImpl-c3f67427-b36b-4ee4-bde0-91623ce58163/datanode-9/data/ratis
2023-12-19 18:17:56,206 [7fe801a6-aabd-4c1e-b418-af74b08e6351-EndpointStateMachineTaskThread-/0.0.0.0:15002-0 ] INFO  ozoneimpl.OzoneContainer (OzoneContainer.java:start(441)) - Attempting to start container services.
2023-12-19 18:17:56,206 [7fe801a6-aabd-4c1e-b418-af74b08e6351-EndpointStateMachineTaskThread-/0.0.0.0:15002-0 ] INFO  ozoneimpl.OzoneContainer (OzoneContainer.java:startContainerScrub(337)) - Scheduled background container scanners and the on-demand container scanner have been disabled.
2023-12-19 18:17:56,206 [7fe801a6-aabd-4c1e-b418-af74b08e6351-EndpointStateMachineTaskThread-/0.0.0.0:15002-0 ] INFO  replication.ReplicationServer (ReplicationServer.java:start(139)) - ReplicationServer is started using port 15097
2023-12-19 18:17:56,206 [7fe801a6-aabd-4c1e-b418-af74b08e6351-EndpointStateMachineTaskThread-/0.0.0.0:15002-0 ] INFO  ratis.XceiverServerRatis (XceiverServerRatis.java:start(548)) - Starting XceiverServerRatis 7fe801a6-aabd-4c1e-b418-af74b08e6351
2023-12-19 18:17:56,207 [7fe801a6-aabd-4c1e-b418-af74b08e6351-EndpointStateMachineTaskThread-/0.0.0.0:15002-0 ] INFO  server.RaftServer (RaftServerProxy.java:startImpl(406)) - 7fe801a6-aabd-4c1e-b418-af74b08e6351: start RPC server
2023-12-19 18:17:56,207 [7fe801a6-aabd-4c1e-b418-af74b08e6351-EndpointStateMachineTaskThread-/0.0.0.0:15002-0 ] INFO  server.GrpcService (GrpcService.java:startImpl(302)) - 7fe801a6-aabd-4c1e-b418-af74b08e6351: GrpcService started, listening on 15093
2023-12-19 18:17:56,207 [7fe801a6-aabd-4c1e-b418-af74b08e6351-EndpointStateMachineTaskThread-/0.0.0.0:15002-0 ] INFO  server.GrpcService (GrpcService.java:startImpl(302)) - 7fe801a6-aabd-4c1e-b418-af74b08e6351: GrpcService started, listening on 15095
2023-12-19 18:17:56,208 [7fe801a6-aabd-4c1e-b418-af74b08e6351-EndpointStateMachineTaskThread-/0.0.0.0:15002-0 ] INFO  server.GrpcService (GrpcService.java:startImpl(302)) - 7fe801a6-aabd-4c1e-b418-af74b08e6351: GrpcService started, listening on 15094
2023-12-19 18:17:56,208 [7fe801a6-aabd-4c1e-b418-af74b08e6351-EndpointStateMachineTaskThread-/0.0.0.0:15002-0 ] INFO  ratis.XceiverServerRatis (XceiverServerRatis.java:getRealPort(574)) - XceiverServerRatis 7fe801a6-aabd-4c1e-b418-af74b08e6351 is started using port 15093 for RATIS
2023-12-19 18:17:56,208 [7fe801a6-aabd-4c1e-b418-af74b08e6351-EndpointStateMachineTaskThread-/0.0.0.0:15002-0 ] INFO  ratis.XceiverServerRatis (XceiverServerRatis.java:getRealPort(574)) - XceiverServerRatis 7fe801a6-aabd-4c1e-b418-af74b08e6351 is started using port 15094 for RATIS_ADMIN
2023-12-19 18:17:56,208 [7fe801a6-aabd-4c1e-b418-af74b08e6351-EndpointStateMachineTaskThread-/0.0.0.0:15002-0 ] INFO  ratis.XceiverServerRatis (XceiverServerRatis.java:getRealPort(574)) - XceiverServerRatis 7fe801a6-aabd-4c1e-b418-af74b08e6351 is started using port 15095 for RATIS_SERVER
2023-12-19 18:17:56,208 [7fe801a6-aabd-4c1e-b418-af74b08e6351-EndpointStateMachineTaskThread-/0.0.0.0:15002-0 ] INFO  ratis.XceiverServerRatis (XceiverServerRatis.java:getRealPort(574)) - XceiverServerRatis 7fe801a6-aabd-4c1e-b418-af74b08e6351 is started using port 15096 for RATIS_DATASTREAM
2023-12-19 18:17:56,208 [JvmPauseMonitor11] INFO  util.JvmPauseMonitor (JvmPauseMonitor.java:run(146)) - JvmPauseMonitor-7fe801a6-aabd-4c1e-b418-af74b08e6351: Started
2023-12-19 18:17:56,210 [7fe801a6-aabd-4c1e-b418-af74b08e6351-BlockDeletingService#0] INFO  interfaces.ContainerDeletionChoosingPolicyTemplate (ContainerDeletionChoosingPolicyTemplate.java:chooseContainerForBlockDeletion(85)) - Chosen 0/5000 blocks from 0 candidate containers.
2023-12-19 18:17:56,307 [a90b24a4-d9f8-4f3b-8812-3b02ea4f687f-EndpointStateMachineTaskThread-/0.0.0.0:15002-0 ] INFO  utils.DatanodeStoreCache (DatanodeStoreCache.java:addDB(66)) - Added db /home/runner/work/ozone/ozone/hadoop-ozone/integration-test/target/test-dir/MiniOzoneClusterImpl-c3f67427-b36b-4ee4-bde0-91623ce58163/datanode-10/data-0/containers/hdds/c3f67427-b36b-4ee4-bde0-91623ce58163/DS-823dd39f-c8cc-40d5-8e86-7b809c27d8ac/container.db to cache
2023-12-19 18:17:56,307 [a90b24a4-d9f8-4f3b-8812-3b02ea4f687f-EndpointStateMachineTaskThread-/0.0.0.0:15002-0 ] INFO  volume.HddsVolume (HddsVolume.java:createDbStore(422)) - SchemaV3 db is created and loaded at /home/runner/work/ozone/ozone/hadoop-ozone/integration-test/target/test-dir/MiniOzoneClusterImpl-c3f67427-b36b-4ee4-bde0-91623ce58163/datanode-10/data-0/containers/hdds/c3f67427-b36b-4ee4-bde0-91623ce58163/DS-823dd39f-c8cc-40d5-8e86-7b809c27d8ac/container.db for volume DS-823dd39f-c8cc-40d5-8e86-7b809c27d8ac
2023-12-19 18:17:56,309 [a90b24a4-d9f8-4f3b-8812-3b02ea4f687f-EndpointStateMachineTaskThread-/0.0.0.0:15002-0 ] INFO  volume.ThrottledAsyncChecker (ThrottledAsyncChecker.java:schedule(141)) - Scheduling a check for /home/runner/work/ozone/ozone/hadoop-ozone/integration-test/target/test-dir/MiniOzoneClusterImpl-c3f67427-b36b-4ee4-bde0-91623ce58163/datanode-10/data-0/containers/hdds
2023-12-19 18:17:56,309 [a90b24a4-d9f8-4f3b-8812-3b02ea4f687f-EndpointStateMachineTaskThread-/0.0.0.0:15002-0 ] INFO  volume.StorageVolumeChecker (StorageVolumeChecker.java:checkAllVolumes(218)) - Scheduled health check for volume /home/runner/work/ozone/ozone/hadoop-ozone/integration-test/target/test-dir/MiniOzoneClusterImpl-c3f67427-b36b-4ee4-bde0-91623ce58163/datanode-10/data-0/containers/hdds
2023-12-19 18:17:56,311 [a90b24a4-d9f8-4f3b-8812-3b02ea4f687f-EndpointStateMachineTaskThread-/0.0.0.0:15002-0 ] INFO  volume.ThrottledAsyncChecker (ThrottledAsyncChecker.java:schedule(141)) - Scheduling a check for /home/runner/work/ozone/ozone/hadoop-ozone/integration-test/target/test-dir/MiniOzoneClusterImpl-c3f67427-b36b-4ee4-bde0-91623ce58163/datanode-10/data/ratis
2023-12-19 18:17:56,311 [a90b24a4-d9f8-4f3b-8812-3b02ea4f687f-EndpointStateMachineTaskThread-/0.0.0.0:15002-0 ] INFO  volume.StorageVolumeChecker (StorageVolumeChecker.java:checkAllVolumes(218)) - Scheduled health check for volume /home/runner/work/ozone/ozone/hadoop-ozone/integration-test/target/test-dir/MiniOzoneClusterImpl-c3f67427-b36b-4ee4-bde0-91623ce58163/datanode-10/data/ratis
2023-12-19 18:17:56,312 [a90b24a4-d9f8-4f3b-8812-3b02ea4f687f-EndpointStateMachineTaskThread-/0.0.0.0:15002-0 ] INFO  ozoneimpl.OzoneContainer (OzoneContainer.java:start(441)) - Attempting to start container services.
2023-12-19 18:17:56,312 [a90b24a4-d9f8-4f3b-8812-3b02ea4f687f-EndpointStateMachineTaskThread-/0.0.0.0:15002-0 ] INFO  ozoneimpl.OzoneContainer (OzoneContainer.java:startContainerScrub(337)) - Scheduled background container scanners and the on-demand container scanner have been disabled.
2023-12-19 18:17:56,313 [a90b24a4-d9f8-4f3b-8812-3b02ea4f687f-EndpointStateMachineTaskThread-/0.0.0.0:15002-0 ] INFO  replication.ReplicationServer (ReplicationServer.java:start(139)) - ReplicationServer is started using port 15106
2023-12-19 18:17:56,313 [a90b24a4-d9f8-4f3b-8812-3b02ea4f687f-EndpointStateMachineTaskThread-/0.0.0.0:15002-0 ] INFO  ratis.XceiverServerRatis (XceiverServerRatis.java:start(548)) - Starting XceiverServerRatis a90b24a4-d9f8-4f3b-8812-3b02ea4f687f
2023-12-19 18:17:56,313 [a90b24a4-d9f8-4f3b-8812-3b02ea4f687f-EndpointStateMachineTaskThread-/0.0.0.0:15002-0 ] INFO  server.RaftServer (RaftServerProxy.java:startImpl(406)) - a90b24a4-d9f8-4f3b-8812-3b02ea4f687f: start RPC server
2023-12-19 18:17:56,313 [a90b24a4-d9f8-4f3b-8812-3b02ea4f687f-EndpointStateMachineTaskThread-/0.0.0.0:15002-0 ] INFO  server.GrpcService (GrpcService.java:startImpl(302)) - a90b24a4-d9f8-4f3b-8812-3b02ea4f687f: GrpcService started, listening on 15102
2023-12-19 18:17:56,314 [a90b24a4-d9f8-4f3b-8812-3b02ea4f687f-EndpointStateMachineTaskThread-/0.0.0.0:15002-0 ] INFO  server.GrpcService (GrpcService.java:startImpl(302)) - a90b24a4-d9f8-4f3b-8812-3b02ea4f687f: GrpcService started, listening on 15104
2023-12-19 18:17:56,314 [a90b24a4-d9f8-4f3b-8812-3b02ea4f687f-EndpointStateMachineTaskThread-/0.0.0.0:15002-0 ] INFO  server.GrpcService (GrpcService.java:startImpl(302)) - a90b24a4-d9f8-4f3b-8812-3b02ea4f687f: GrpcService started, listening on 15103
2023-12-19 18:17:56,314 [a90b24a4-d9f8-4f3b-8812-3b02ea4f687f-EndpointStateMachineTaskThread-/0.0.0.0:15002-0 ] INFO  ratis.XceiverServerRatis (XceiverServerRatis.java:getRealPort(574)) - XceiverServerRatis a90b24a4-d9f8-4f3b-8812-3b02ea4f687f is started using port 15102 for RATIS
2023-12-19 18:17:56,314 [JvmPauseMonitor12] INFO  util.JvmPauseMonitor (JvmPauseMonitor.java:run(146)) - JvmPauseMonitor-a90b24a4-d9f8-4f3b-8812-3b02ea4f687f: Started
2023-12-19 18:17:56,314 [a90b24a4-d9f8-4f3b-8812-3b02ea4f687f-EndpointStateMachineTaskThread-/0.0.0.0:15002-0 ] INFO  ratis.XceiverServerRatis (XceiverServerRatis.java:getRealPort(574)) - XceiverServerRatis a90b24a4-d9f8-4f3b-8812-3b02ea4f687f is started using port 15103 for RATIS_ADMIN
2023-12-19 18:17:56,315 [a90b24a4-d9f8-4f3b-8812-3b02ea4f687f-EndpointStateMachineTaskThread-/0.0.0.0:15002-0 ] INFO  ratis.XceiverServerRatis (XceiverServerRatis.java:getRealPort(574)) - XceiverServerRatis a90b24a4-d9f8-4f3b-8812-3b02ea4f687f is started using port 15104 for RATIS_SERVER
2023-12-19 18:17:56,315 [a90b24a4-d9f8-4f3b-8812-3b02ea4f687f-EndpointStateMachineTaskThread-/0.0.0.0:15002-0 ] INFO  ratis.XceiverServerRatis (XceiverServerRatis.java:getRealPort(574)) - XceiverServerRatis a90b24a4-d9f8-4f3b-8812-3b02ea4f687f is started using port 15105 for RATIS_DATASTREAM
2023-12-19 18:17:56,316 [a90b24a4-d9f8-4f3b-8812-3b02ea4f687f-BlockDeletingService#0] INFO  interfaces.ContainerDeletionChoosingPolicyTemplate (ContainerDeletionChoosingPolicyTemplate.java:chooseContainerForBlockDeletion(85)) - Chosen 0/5000 blocks from 0 candidate containers.
2023-12-19 18:17:56,434 [c27b4a8c-9932-4b8f-bf34-353c967d0ecc-EndpointStateMachineTaskThread-/0.0.0.0:15002-0 ] INFO  utils.DatanodeStoreCache (DatanodeStoreCache.java:addDB(66)) - Added db /home/runner/work/ozone/ozone/hadoop-ozone/integration-test/target/test-dir/MiniOzoneClusterImpl-c3f67427-b36b-4ee4-bde0-91623ce58163/datanode-11/data-0/containers/hdds/c3f67427-b36b-4ee4-bde0-91623ce58163/DS-fd3b9016-81dd-4da2-b24d-7814cae9a16a/container.db to cache
2023-12-19 18:17:56,435 [c27b4a8c-9932-4b8f-bf34-353c967d0ecc-EndpointStateMachineTaskThread-/0.0.0.0:15002-0 ] INFO  volume.HddsVolume (HddsVolume.java:createDbStore(422)) - SchemaV3 db is created and loaded at /home/runner/work/ozone/ozone/hadoop-ozone/integration-test/target/test-dir/MiniOzoneClusterImpl-c3f67427-b36b-4ee4-bde0-91623ce58163/datanode-11/data-0/containers/hdds/c3f67427-b36b-4ee4-bde0-91623ce58163/DS-fd3b9016-81dd-4da2-b24d-7814cae9a16a/container.db for volume DS-fd3b9016-81dd-4da2-b24d-7814cae9a16a
2023-12-19 18:17:56,437 [c27b4a8c-9932-4b8f-bf34-353c967d0ecc-EndpointStateMachineTaskThread-/0.0.0.0:15002-0 ] INFO  volume.ThrottledAsyncChecker (ThrottledAsyncChecker.java:schedule(141)) - Scheduling a check for /home/runner/work/ozone/ozone/hadoop-ozone/integration-test/target/test-dir/MiniOzoneClusterImpl-c3f67427-b36b-4ee4-bde0-91623ce58163/datanode-11/data-0/containers/hdds
2023-12-19 18:17:56,439 [c27b4a8c-9932-4b8f-bf34-353c967d0ecc-EndpointStateMachineTaskThread-/0.0.0.0:15002-0 ] INFO  volume.StorageVolumeChecker (StorageVolumeChecker.java:checkAllVolumes(218)) - Scheduled health check for volume /home/runner/work/ozone/ozone/hadoop-ozone/integration-test/target/test-dir/MiniOzoneClusterImpl-c3f67427-b36b-4ee4-bde0-91623ce58163/datanode-11/data-0/containers/hdds
2023-12-19 18:17:56,441 [c27b4a8c-9932-4b8f-bf34-353c967d0ecc-EndpointStateMachineTaskThread-/0.0.0.0:15002-0 ] INFO  volume.ThrottledAsyncChecker (ThrottledAsyncChecker.java:schedule(141)) - Scheduling a check for /home/runner/work/ozone/ozone/hadoop-ozone/integration-test/target/test-dir/MiniOzoneClusterImpl-c3f67427-b36b-4ee4-bde0-91623ce58163/datanode-11/data/ratis
2023-12-19 18:17:56,441 [c27b4a8c-9932-4b8f-bf34-353c967d0ecc-EndpointStateMachineTaskThread-/0.0.0.0:15002-0 ] INFO  volume.StorageVolumeChecker (StorageVolumeChecker.java:checkAllVolumes(218)) - Scheduled health check for volume /home/runner/work/ozone/ozone/hadoop-ozone/integration-test/target/test-dir/MiniOzoneClusterImpl-c3f67427-b36b-4ee4-bde0-91623ce58163/datanode-11/data/ratis
2023-12-19 18:17:56,443 [c27b4a8c-9932-4b8f-bf34-353c967d0ecc-EndpointStateMachineTaskThread-/0.0.0.0:15002-0 ] INFO  ozoneimpl.OzoneContainer (OzoneContainer.java:start(441)) - Attempting to start container services.
2023-12-19 18:17:56,443 [c27b4a8c-9932-4b8f-bf34-353c967d0ecc-EndpointStateMachineTaskThread-/0.0.0.0:15002-0 ] INFO  ozoneimpl.OzoneContainer (OzoneContainer.java:startContainerScrub(337)) - Scheduled background container scanners and the on-demand container scanner have been disabled.
2023-12-19 18:17:56,443 [c27b4a8c-9932-4b8f-bf34-353c967d0ecc-EndpointStateMachineTaskThread-/0.0.0.0:15002-0 ] INFO  replication.ReplicationServer (ReplicationServer.java:start(139)) - ReplicationServer is started using port 15115
2023-12-19 18:17:56,443 [c27b4a8c-9932-4b8f-bf34-353c967d0ecc-EndpointStateMachineTaskThread-/0.0.0.0:15002-0 ] INFO  ratis.XceiverServerRatis (XceiverServerRatis.java:start(548)) - Starting XceiverServerRatis c27b4a8c-9932-4b8f-bf34-353c967d0ecc
2023-12-19 18:17:56,444 [c27b4a8c-9932-4b8f-bf34-353c967d0ecc-EndpointStateMachineTaskThread-/0.0.0.0:15002-0 ] INFO  server.RaftServer (RaftServerProxy.java:startImpl(406)) - c27b4a8c-9932-4b8f-bf34-353c967d0ecc: start RPC server
2023-12-19 18:17:56,444 [c27b4a8c-9932-4b8f-bf34-353c967d0ecc-EndpointStateMachineTaskThread-/0.0.0.0:15002-0 ] INFO  server.GrpcService (GrpcService.java:startImpl(302)) - c27b4a8c-9932-4b8f-bf34-353c967d0ecc: GrpcService started, listening on 15111
2023-12-19 18:17:56,444 [c27b4a8c-9932-4b8f-bf34-353c967d0ecc-EndpointStateMachineTaskThread-/0.0.0.0:15002-0 ] INFO  server.GrpcService (GrpcService.java:startImpl(302)) - c27b4a8c-9932-4b8f-bf34-353c967d0ecc: GrpcService started, listening on 15113
2023-12-19 18:17:56,445 [c27b4a8c-9932-4b8f-bf34-353c967d0ecc-EndpointStateMachineTaskThread-/0.0.0.0:15002-0 ] INFO  server.GrpcService (GrpcService.java:startImpl(302)) - c27b4a8c-9932-4b8f-bf34-353c967d0ecc: GrpcService started, listening on 15112
2023-12-19 18:17:56,445 [c27b4a8c-9932-4b8f-bf34-353c967d0ecc-EndpointStateMachineTaskThread-/0.0.0.0:15002-0 ] INFO  ratis.XceiverServerRatis (XceiverServerRatis.java:getRealPort(574)) - XceiverServerRatis c27b4a8c-9932-4b8f-bf34-353c967d0ecc is started using port 15111 for RATIS
2023-12-19 18:17:56,445 [JvmPauseMonitor13] INFO  util.JvmPauseMonitor (JvmPauseMonitor.java:run(146)) - JvmPauseMonitor-c27b4a8c-9932-4b8f-bf34-353c967d0ecc: Started
2023-12-19 18:17:56,445 [c27b4a8c-9932-4b8f-bf34-353c967d0ecc-EndpointStateMachineTaskThread-/0.0.0.0:15002-0 ] INFO  ratis.XceiverServerRatis (XceiverServerRatis.java:getRealPort(574)) - XceiverServerRatis c27b4a8c-9932-4b8f-bf34-353c967d0ecc is started using port 15112 for RATIS_ADMIN
2023-12-19 18:17:56,446 [c27b4a8c-9932-4b8f-bf34-353c967d0ecc-EndpointStateMachineTaskThread-/0.0.0.0:15002-0 ] INFO  ratis.XceiverServerRatis (XceiverServerRatis.java:getRealPort(574)) - XceiverServerRatis c27b4a8c-9932-4b8f-bf34-353c967d0ecc is started using port 15113 for RATIS_SERVER
2023-12-19 18:17:56,446 [c27b4a8c-9932-4b8f-bf34-353c967d0ecc-EndpointStateMachineTaskThread-/0.0.0.0:15002-0 ] INFO  ratis.XceiverServerRatis (XceiverServerRatis.java:getRealPort(574)) - XceiverServerRatis c27b4a8c-9932-4b8f-bf34-353c967d0ecc is started using port 15114 for RATIS_DATASTREAM
2023-12-19 18:17:56,446 [c27b4a8c-9932-4b8f-bf34-353c967d0ecc-BlockDeletingService#0] INFO  interfaces.ContainerDeletionChoosingPolicyTemplate (ContainerDeletionChoosingPolicyTemplate.java:chooseContainerForBlockDeletion(85)) - Chosen 0/5000 blocks from 0 candidate containers.
2023-12-19 18:17:56,517 [2d01c37d-c80a-4131-b15b-062508bff67d-EndpointStateMachineTaskThread-/0.0.0.0:15002-0 ] INFO  utils.DatanodeStoreCache (DatanodeStoreCache.java:addDB(66)) - Added db /home/runner/work/ozone/ozone/hadoop-ozone/integration-test/target/test-dir/MiniOzoneClusterImpl-c3f67427-b36b-4ee4-bde0-91623ce58163/datanode-12/data-0/containers/hdds/c3f67427-b36b-4ee4-bde0-91623ce58163/DS-297fbba0-16aa-4aab-b5fe-7a593f68b457/container.db to cache
2023-12-19 18:17:56,517 [2d01c37d-c80a-4131-b15b-062508bff67d-EndpointStateMachineTaskThread-/0.0.0.0:15002-0 ] INFO  volume.HddsVolume (HddsVolume.java:createDbStore(422)) - SchemaV3 db is created and loaded at /home/runner/work/ozone/ozone/hadoop-ozone/integration-test/target/test-dir/MiniOzoneClusterImpl-c3f67427-b36b-4ee4-bde0-91623ce58163/datanode-12/data-0/containers/hdds/c3f67427-b36b-4ee4-bde0-91623ce58163/DS-297fbba0-16aa-4aab-b5fe-7a593f68b457/container.db for volume DS-297fbba0-16aa-4aab-b5fe-7a593f68b457
2023-12-19 18:17:56,519 [2d01c37d-c80a-4131-b15b-062508bff67d-EndpointStateMachineTaskThread-/0.0.0.0:15002-0 ] INFO  volume.ThrottledAsyncChecker (ThrottledAsyncChecker.java:schedule(141)) - Scheduling a check for /home/runner/work/ozone/ozone/hadoop-ozone/integration-test/target/test-dir/MiniOzoneClusterImpl-c3f67427-b36b-4ee4-bde0-91623ce58163/datanode-12/data-0/containers/hdds
2023-12-19 18:17:56,520 [2d01c37d-c80a-4131-b15b-062508bff67d-EndpointStateMachineTaskThread-/0.0.0.0:15002-0 ] INFO  volume.StorageVolumeChecker (StorageVolumeChecker.java:checkAllVolumes(218)) - Scheduled health check for volume /home/runner/work/ozone/ozone/hadoop-ozone/integration-test/target/test-dir/MiniOzoneClusterImpl-c3f67427-b36b-4ee4-bde0-91623ce58163/datanode-12/data-0/containers/hdds
2023-12-19 18:17:56,522 [2d01c37d-c80a-4131-b15b-062508bff67d-EndpointStateMachineTaskThread-/0.0.0.0:15002-0 ] INFO  volume.ThrottledAsyncChecker (ThrottledAsyncChecker.java:schedule(141)) - Scheduling a check for /home/runner/work/ozone/ozone/hadoop-ozone/integration-test/target/test-dir/MiniOzoneClusterImpl-c3f67427-b36b-4ee4-bde0-91623ce58163/datanode-12/data/ratis
2023-12-19 18:17:56,522 [2d01c37d-c80a-4131-b15b-062508bff67d-EndpointStateMachineTaskThread-/0.0.0.0:15002-0 ] INFO  volume.StorageVolumeChecker (StorageVolumeChecker.java:checkAllVolumes(218)) - Scheduled health check for volume /home/runner/work/ozone/ozone/hadoop-ozone/integration-test/target/test-dir/MiniOzoneClusterImpl-c3f67427-b36b-4ee4-bde0-91623ce58163/datanode-12/data/ratis
2023-12-19 18:17:56,523 [2d01c37d-c80a-4131-b15b-062508bff67d-EndpointStateMachineTaskThread-/0.0.0.0:15002-0 ] INFO  ozoneimpl.OzoneContainer (OzoneContainer.java:start(441)) - Attempting to start container services.
2023-12-19 18:17:56,523 [2d01c37d-c80a-4131-b15b-062508bff67d-EndpointStateMachineTaskThread-/0.0.0.0:15002-0 ] INFO  ozoneimpl.OzoneContainer (OzoneContainer.java:startContainerScrub(337)) - Scheduled background container scanners and the on-demand container scanner have been disabled.
2023-12-19 18:17:56,523 [2d01c37d-c80a-4131-b15b-062508bff67d-EndpointStateMachineTaskThread-/0.0.0.0:15002-0 ] INFO  replication.ReplicationServer (ReplicationServer.java:start(139)) - ReplicationServer is started using port 15124
2023-12-19 18:17:56,523 [2d01c37d-c80a-4131-b15b-062508bff67d-EndpointStateMachineTaskThread-/0.0.0.0:15002-0 ] INFO  ratis.XceiverServerRatis (XceiverServerRatis.java:start(548)) - Starting XceiverServerRatis 2d01c37d-c80a-4131-b15b-062508bff67d
2023-12-19 18:17:56,524 [2d01c37d-c80a-4131-b15b-062508bff67d-EndpointStateMachineTaskThread-/0.0.0.0:15002-0 ] INFO  server.RaftServer (RaftServerProxy.java:startImpl(406)) - 2d01c37d-c80a-4131-b15b-062508bff67d: start RPC server
2023-12-19 18:17:56,524 [2d01c37d-c80a-4131-b15b-062508bff67d-EndpointStateMachineTaskThread-/0.0.0.0:15002-0 ] INFO  server.GrpcService (GrpcService.java:startImpl(302)) - 2d01c37d-c80a-4131-b15b-062508bff67d: GrpcService started, listening on 15120
2023-12-19 18:17:56,524 [2d01c37d-c80a-4131-b15b-062508bff67d-EndpointStateMachineTaskThread-/0.0.0.0:15002-0 ] INFO  server.GrpcService (GrpcService.java:startImpl(302)) - 2d01c37d-c80a-4131-b15b-062508bff67d: GrpcService started, listening on 15122
2023-12-19 18:17:56,525 [2d01c37d-c80a-4131-b15b-062508bff67d-EndpointStateMachineTaskThread-/0.0.0.0:15002-0 ] INFO  server.GrpcService (GrpcService.java:startImpl(302)) - 2d01c37d-c80a-4131-b15b-062508bff67d: GrpcService started, listening on 15121
2023-12-19 18:17:56,525 [2d01c37d-c80a-4131-b15b-062508bff67d-EndpointStateMachineTaskThread-/0.0.0.0:15002-0 ] INFO  ratis.XceiverServerRatis (XceiverServerRatis.java:getRealPort(574)) - XceiverServerRatis 2d01c37d-c80a-4131-b15b-062508bff67d is started using port 15120 for RATIS
2023-12-19 18:17:56,525 [JvmPauseMonitor14] INFO  util.JvmPauseMonitor (JvmPauseMonitor.java:run(146)) - JvmPauseMonitor-2d01c37d-c80a-4131-b15b-062508bff67d: Started
2023-12-19 18:17:56,525 [2d01c37d-c80a-4131-b15b-062508bff67d-EndpointStateMachineTaskThread-/0.0.0.0:15002-0 ] INFO  ratis.XceiverServerRatis (XceiverServerRatis.java:getRealPort(574)) - XceiverServerRatis 2d01c37d-c80a-4131-b15b-062508bff67d is started using port 15121 for RATIS_ADMIN
2023-12-19 18:17:56,526 [2d01c37d-c80a-4131-b15b-062508bff67d-EndpointStateMachineTaskThread-/0.0.0.0:15002-0 ] INFO  ratis.XceiverServerRatis (XceiverServerRatis.java:getRealPort(574)) - XceiverServerRatis 2d01c37d-c80a-4131-b15b-062508bff67d is started using port 15122 for RATIS_SERVER
2023-12-19 18:17:56,526 [2d01c37d-c80a-4131-b15b-062508bff67d-EndpointStateMachineTaskThread-/0.0.0.0:15002-0 ] INFO  ratis.XceiverServerRatis (XceiverServerRatis.java:getRealPort(574)) - XceiverServerRatis 2d01c37d-c80a-4131-b15b-062508bff67d is started using port 15123 for RATIS_DATASTREAM
2023-12-19 18:17:56,527 [2d01c37d-c80a-4131-b15b-062508bff67d-BlockDeletingService#0] INFO  interfaces.ContainerDeletionChoosingPolicyTemplate (ContainerDeletionChoosingPolicyTemplate.java:chooseContainerForBlockDeletion(85)) - Chosen 0/5000 blocks from 0 candidate containers.
2023-12-19 18:17:56,648 [main] INFO  ozone.MiniOzoneClusterImpl (MiniOzoneClusterImpl.java:lambda$waitForClusterToBeReady$0(230)) - Waiting for nodes to be ready. Got 0 of 14 DN Heartbeats.
2023-12-19 18:17:56,648 [main] INFO  ozone.MiniOzoneClusterImpl (MiniOzoneClusterImpl.java:lambda$waitForClusterToBeReady$0(233)) - Waiting for cluster to exit safe mode
2023-12-19 18:17:56,648 [main] INFO  ozone.MiniOzoneClusterImpl (MiniOzoneClusterImpl.java:lambda$waitForClusterToBeReady$0(235)) - SCM became leader
2023-12-19 18:17:56,671 [96747d66-d354-4c6c-881c-c96368b263cb-EndpointStateMachineTaskThread-/0.0.0.0:15002-0 ] INFO  utils.DatanodeStoreCache (DatanodeStoreCache.java:addDB(66)) - Added db /home/runner/work/ozone/ozone/hadoop-ozone/integration-test/target/test-dir/MiniOzoneClusterImpl-c3f67427-b36b-4ee4-bde0-91623ce58163/datanode-13/data-0/containers/hdds/c3f67427-b36b-4ee4-bde0-91623ce58163/DS-1b92aabe-111b-472b-b2e8-0a70e9a26890/container.db to cache
2023-12-19 18:17:56,671 [96747d66-d354-4c6c-881c-c96368b263cb-EndpointStateMachineTaskThread-/0.0.0.0:15002-0 ] INFO  volume.HddsVolume (HddsVolume.java:createDbStore(422)) - SchemaV3 db is created and loaded at /home/runner/work/ozone/ozone/hadoop-ozone/integration-test/target/test-dir/MiniOzoneClusterImpl-c3f67427-b36b-4ee4-bde0-91623ce58163/datanode-13/data-0/containers/hdds/c3f67427-b36b-4ee4-bde0-91623ce58163/DS-1b92aabe-111b-472b-b2e8-0a70e9a26890/container.db for volume DS-1b92aabe-111b-472b-b2e8-0a70e9a26890
2023-12-19 18:17:56,673 [96747d66-d354-4c6c-881c-c96368b263cb-EndpointStateMachineTaskThread-/0.0.0.0:15002-0 ] INFO  volume.ThrottledAsyncChecker (ThrottledAsyncChecker.java:schedule(141)) - Scheduling a check for /home/runner/work/ozone/ozone/hadoop-ozone/integration-test/target/test-dir/MiniOzoneClusterImpl-c3f67427-b36b-4ee4-bde0-91623ce58163/datanode-13/data-0/containers/hdds
2023-12-19 18:17:56,673 [96747d66-d354-4c6c-881c-c96368b263cb-EndpointStateMachineTaskThread-/0.0.0.0:15002-0 ] INFO  volume.StorageVolumeChecker (StorageVolumeChecker.java:checkAllVolumes(218)) - Scheduled health check for volume /home/runner/work/ozone/ozone/hadoop-ozone/integration-test/target/test-dir/MiniOzoneClusterImpl-c3f67427-b36b-4ee4-bde0-91623ce58163/datanode-13/data-0/containers/hdds
2023-12-19 18:17:56,675 [96747d66-d354-4c6c-881c-c96368b263cb-EndpointStateMachineTaskThread-/0.0.0.0:15002-0 ] INFO  volume.ThrottledAsyncChecker (ThrottledAsyncChecker.java:schedule(141)) - Scheduling a check for /home/runner/work/ozone/ozone/hadoop-ozone/integration-test/target/test-dir/MiniOzoneClusterImpl-c3f67427-b36b-4ee4-bde0-91623ce58163/datanode-13/data/ratis
2023-12-19 18:17:56,675 [96747d66-d354-4c6c-881c-c96368b263cb-EndpointStateMachineTaskThread-/0.0.0.0:15002-0 ] INFO  volume.StorageVolumeChecker (StorageVolumeChecker.java:checkAllVolumes(218)) - Scheduled health check for volume /home/runner/work/ozone/ozone/hadoop-ozone/integration-test/target/test-dir/MiniOzoneClusterImpl-c3f67427-b36b-4ee4-bde0-91623ce58163/datanode-13/data/ratis
2023-12-19 18:17:56,677 [96747d66-d354-4c6c-881c-c96368b263cb-EndpointStateMachineTaskThread-/0.0.0.0:15002-0 ] INFO  ozoneimpl.OzoneContainer (OzoneContainer.java:start(441)) - Attempting to start container services.
2023-12-19 18:17:56,677 [96747d66-d354-4c6c-881c-c96368b263cb-EndpointStateMachineTaskThread-/0.0.0.0:15002-0 ] INFO  ozoneimpl.OzoneContainer (OzoneContainer.java:startContainerScrub(337)) - Scheduled background container scanners and the on-demand container scanner have been disabled.
2023-12-19 18:17:56,677 [96747d66-d354-4c6c-881c-c96368b263cb-EndpointStateMachineTaskThread-/0.0.0.0:15002-0 ] INFO  replication.ReplicationServer (ReplicationServer.java:start(139)) - ReplicationServer is started using port 15133
2023-12-19 18:17:56,678 [96747d66-d354-4c6c-881c-c96368b263cb-EndpointStateMachineTaskThread-/0.0.0.0:15002-0 ] INFO  ratis.XceiverServerRatis (XceiverServerRatis.java:start(548)) - Starting XceiverServerRatis 96747d66-d354-4c6c-881c-c96368b263cb
2023-12-19 18:17:56,678 [96747d66-d354-4c6c-881c-c96368b263cb-EndpointStateMachineTaskThread-/0.0.0.0:15002-0 ] INFO  server.RaftServer (RaftServerProxy.java:startImpl(406)) - 96747d66-d354-4c6c-881c-c96368b263cb: start RPC server
2023-12-19 18:17:56,678 [96747d66-d354-4c6c-881c-c96368b263cb-EndpointStateMachineTaskThread-/0.0.0.0:15002-0 ] INFO  server.GrpcService (GrpcService.java:startImpl(302)) - 96747d66-d354-4c6c-881c-c96368b263cb: GrpcService started, listening on 15129
2023-12-19 18:17:56,679 [96747d66-d354-4c6c-881c-c96368b263cb-EndpointStateMachineTaskThread-/0.0.0.0:15002-0 ] INFO  server.GrpcService (GrpcService.java:startImpl(302)) - 96747d66-d354-4c6c-881c-c96368b263cb: GrpcService started, listening on 15131
2023-12-19 18:17:56,679 [96747d66-d354-4c6c-881c-c96368b263cb-EndpointStateMachineTaskThread-/0.0.0.0:15002-0 ] INFO  server.GrpcService (GrpcService.java:startImpl(302)) - 96747d66-d354-4c6c-881c-c96368b263cb: GrpcService started, listening on 15130
2023-12-19 18:17:56,679 [96747d66-d354-4c6c-881c-c96368b263cb-EndpointStateMachineTaskThread-/0.0.0.0:15002-0 ] INFO  ratis.XceiverServerRatis (XceiverServerRatis.java:getRealPort(574)) - XceiverServerRatis 96747d66-d354-4c6c-881c-c96368b263cb is started using port 15129 for RATIS
2023-12-19 18:17:56,679 [96747d66-d354-4c6c-881c-c96368b263cb-EndpointStateMachineTaskThread-/0.0.0.0:15002-0 ] INFO  ratis.XceiverServerRatis (XceiverServerRatis.java:getRealPort(574)) - XceiverServerRatis 96747d66-d354-4c6c-881c-c96368b263cb is started using port 15130 for RATIS_ADMIN
2023-12-19 18:17:56,679 [96747d66-d354-4c6c-881c-c96368b263cb-EndpointStateMachineTaskThread-/0.0.0.0:15002-0 ] INFO  ratis.XceiverServerRatis (XceiverServerRatis.java:getRealPort(574)) - XceiverServerRatis 96747d66-d354-4c6c-881c-c96368b263cb is started using port 15131 for RATIS_SERVER
2023-12-19 18:17:56,680 [96747d66-d354-4c6c-881c-c96368b263cb-EndpointStateMachineTaskThread-/0.0.0.0:15002-0 ] INFO  ratis.XceiverServerRatis (XceiverServerRatis.java:getRealPort(574)) - XceiverServerRatis 96747d66-d354-4c6c-881c-c96368b263cb is started using port 15132 for RATIS_DATASTREAM
2023-12-19 18:17:56,679 [JvmPauseMonitor15] INFO  util.JvmPauseMonitor (JvmPauseMonitor.java:run(146)) - JvmPauseMonitor-96747d66-d354-4c6c-881c-c96368b263cb: Started
2023-12-19 18:17:56,684 [96747d66-d354-4c6c-881c-c96368b263cb-BlockDeletingService#0] INFO  interfaces.ContainerDeletionChoosingPolicyTemplate (ContainerDeletionChoosingPolicyTemplate.java:chooseContainerForBlockDeletion(85)) - Chosen 0/5000 blocks from 0 candidate containers.
2023-12-19 18:17:56,987 [IPC Server handler 6 on default port 15002] INFO  net.NetworkTopologyImpl (NetworkTopologyImpl.java:add(124)) - Added a new node: /default-rack/d0e3d241-91aa-4721-8188-ae5e0af11890
2023-12-19 18:17:56,989 [IPC Server handler 6 on default port 15002] INFO  node.SCMNodeManager (SCMNodeManager.java:register(417)) - Registered datanode: d0e3d241-91aa-4721-8188-ae5e0af11890{ip: 10.1.0.19, host: fv-az1381-513.cyf22sgur2jupkghqkt4lwlvwe.cx.internal.cloudapp.net, ports: [HTTP=15009, CLIENT_RPC=15010, REPLICATION=15016, RATIS=15012, RATIS_ADMIN=15013, RATIS_SERVER=15014, RATIS_DATASTREAM=15015, STANDALONE=15011], networkLocation: /default-rack, certSerialId: null, persistedOpState: null, persistedOpStateExpiryEpochSec: 0}
2023-12-19 18:17:56,991 [EventQueue-NewNodeForNewNodeHandler] INFO  pipeline.BackgroundPipelineCreator (BackgroundPipelineCreator.java:notifyEventTriggered(280)) - trigger a one-shot run on RatisPipelineUtilsThread.
2023-12-19 18:17:56,994 [EventQueue-NodeRegistrationContainerReportForContainerSafeModeRule] INFO  safemode.SCMSafeModeManager (SCMSafeModeManager.java:validateSafeModeExitRules(200)) - ContainerSafeModeRule rule is successfully validated
2023-12-19 18:17:56,996 [EventQueue-PipelineReportForOneReplicaPipelineSafeModeRule] INFO  safemode.SCMSafeModeManager (SCMSafeModeManager.java:validateSafeModeExitRules(200)) - AtleastOneDatanodeReportedRule rule is successfully validated
2023-12-19 18:17:56,995 [EventQueue-NodeRegistrationContainerReportForDataNodeSafeModeRule] INFO  safemode.SCMSafeModeManager (DataNodeSafeModeRule.java:process(71)) - SCM in safe mode. 1 DataNodes registered, 3 required.
2023-12-19 18:17:57,000 [RatisPipelineUtilsThread-0] INFO  pipeline.RatisPipelineProvider (RatisPipelineProvider.java:lambda$create$0(206)) - Sending CreatePipelineCommand for pipeline:PipelineID=b0913953-c2b7-42d5-8b34-475f844c1692 to datanode:d0e3d241-91aa-4721-8188-ae5e0af11890
2023-12-19 18:17:57,020 [RatisPipelineUtilsThread-0] INFO  pipeline.BackgroundPipelineCreator (BackgroundPipelineCreator.java:createPipelines(236)) - Created new pipeline Pipeline[ Id: b0913953-c2b7-42d5-8b34-475f844c1692, Nodes: d0e3d241-91aa-4721-8188-ae5e0af11890(fv-az1381-513.cyf22sgur2jupkghqkt4lwlvwe.cx.internal.cloudapp.net/10.1.0.19), ReplicationConfig: RATIS/ONE, State:ALLOCATED, leaderId:, CreationTimestamp2023-12-19T18:17:56.999Z[Etc/UTC]]
2023-12-19 18:17:57,135 [IPC Server handler 7 on default port 15002] INFO  net.NetworkTopologyImpl (NetworkTopologyImpl.java:add(124)) - Added a new node: /default-rack/e7599229-5a8e-48b0-86e7-2247601ad11a
2023-12-19 18:17:57,136 [IPC Server handler 7 on default port 15002] INFO  node.SCMNodeManager (SCMNodeManager.java:register(417)) - Registered datanode: e7599229-5a8e-48b0-86e7-2247601ad11a{ip: 10.1.0.19, host: fv-az1381-513.cyf22sgur2jupkghqkt4lwlvwe.cx.internal.cloudapp.net, ports: [HTTP=15018, CLIENT_RPC=15019, REPLICATION=15025, RATIS=15021, RATIS_ADMIN=15022, RATIS_SERVER=15023, RATIS_DATASTREAM=15024, STANDALONE=15020], networkLocation: /default-rack, certSerialId: null, persistedOpState: null, persistedOpStateExpiryEpochSec: 0}
2023-12-19 18:17:57,137 [EventQueue-NodeRegistrationContainerReportForDataNodeSafeModeRule] INFO  safemode.SCMSafeModeManager (DataNodeSafeModeRule.java:process(71)) - SCM in safe mode. 2 DataNodes registered, 3 required.
2023-12-19 18:17:57,137 [EventQueue-NewNodeForNewNodeHandler] INFO  pipeline.BackgroundPipelineCreator (BackgroundPipelineCreator.java:notifyEventTriggered(280)) - trigger a one-shot run on RatisPipelineUtilsThread.
2023-12-19 18:17:57,138 [RatisPipelineUtilsThread-0] INFO  pipeline.RatisPipelineProvider (RatisPipelineProvider.java:lambda$create$0(206)) - Sending CreatePipelineCommand for pipeline:PipelineID=843437e4-c25a-4275-9f4b-8a49f5043956 to datanode:e7599229-5a8e-48b0-86e7-2247601ad11a
2023-12-19 18:17:57,139 [RatisPipelineUtilsThread-0] INFO  pipeline.BackgroundPipelineCreator (BackgroundPipelineCreator.java:createPipelines(236)) - Created new pipeline Pipeline[ Id: 843437e4-c25a-4275-9f4b-8a49f5043956, Nodes: e7599229-5a8e-48b0-86e7-2247601ad11a(fv-az1381-513.cyf22sgur2jupkghqkt4lwlvwe.cx.internal.cloudapp.net/10.1.0.19), ReplicationConfig: RATIS/ONE, State:ALLOCATED, leaderId:, CreationTimestamp2023-12-19T18:17:57.138Z[Etc/UTC]]
2023-12-19 18:17:57,243 [IPC Server handler 0 on default port 15002] INFO  net.NetworkTopologyImpl (NetworkTopologyImpl.java:add(124)) - Added a new node: /default-rack/a1d25c87-0c45-4075-9fe0-f0708f172712
2023-12-19 18:17:57,243 [IPC Server handler 0 on default port 15002] INFO  node.SCMNodeManager (SCMNodeManager.java:register(417)) - Registered datanode: a1d25c87-0c45-4075-9fe0-f0708f172712{ip: 10.1.0.19, host: fv-az1381-513.cyf22sgur2jupkghqkt4lwlvwe.cx.internal.cloudapp.net, ports: [HTTP=15027, CLIENT_RPC=15028, REPLICATION=15034, RATIS=15030, RATIS_ADMIN=15031, RATIS_SERVER=15032, RATIS_DATASTREAM=15033, STANDALONE=15029], networkLocation: /default-rack, certSerialId: null, persistedOpState: null, persistedOpStateExpiryEpochSec: 0}
2023-12-19 18:17:57,244 [EventQueue-NodeRegistrationContainerReportForDataNodeSafeModeRule] INFO  safemode.SCMSafeModeManager (DataNodeSafeModeRule.java:process(71)) - SCM in safe mode. 3 DataNodes registered, 3 required.
2023-12-19 18:17:57,244 [EventQueue-NewNodeForNewNodeHandler] INFO  pipeline.BackgroundPipelineCreator (BackgroundPipelineCreator.java:notifyEventTriggered(280)) - trigger a one-shot run on RatisPipelineUtilsThread.
2023-12-19 18:17:57,244 [EventQueue-NodeRegistrationContainerReportForDataNodeSafeModeRule] INFO  safemode.SCMSafeModeManager (SCMSafeModeManager.java:validateSafeModeExitRules(200)) - DataNodeSafeModeRule rule is successfully validated
2023-12-19 18:17:57,245 [EventQueue-NodeRegistrationContainerReportForDataNodeSafeModeRule] INFO  safemode.SCMSafeModeManager (SCMSafeModeManager.java:completePreCheck(229)) - All SCM safe mode pre check rules have passed
2023-12-19 18:17:57,245 [EventQueue-NodeRegistrationContainerReportForDataNodeSafeModeRule] INFO  ha.SCMContext (SCMContext.java:updateSafeModeStatus(230)) - Update SafeModeStatus from SafeModeStatus{safeModeStatus=true, preCheckPassed=false} to SafeModeStatus{safeModeStatus=true, preCheckPassed=true}.
2023-12-19 18:17:57,245 [EventQueue-NodeRegistrationContainerReportForDataNodeSafeModeRule] INFO  pipeline.BackgroundPipelineCreator (BackgroundPipelineCreator.java:notifyEventTriggered(280)) - trigger a one-shot run on RatisPipelineUtilsThread.
2023-12-19 18:17:57,246 [RatisPipelineUtilsThread-0] INFO  pipeline.RatisPipelineProvider (RatisPipelineProvider.java:lambda$create$0(206)) - Sending CreatePipelineCommand for pipeline:PipelineID=ab43d2bc-c53c-47de-8ef8-89fc56fefc31 to datanode:a1d25c87-0c45-4075-9fe0-f0708f172712
2023-12-19 18:17:57,247 [RatisPipelineUtilsThread-0] INFO  pipeline.BackgroundPipelineCreator (BackgroundPipelineCreator.java:createPipelines(236)) - Created new pipeline Pipeline[ Id: ab43d2bc-c53c-47de-8ef8-89fc56fefc31, Nodes: a1d25c87-0c45-4075-9fe0-f0708f172712(fv-az1381-513.cyf22sgur2jupkghqkt4lwlvwe.cx.internal.cloudapp.net/10.1.0.19), ReplicationConfig: RATIS/ONE, State:ALLOCATED, leaderId:, CreationTimestamp2023-12-19T18:17:57.246Z[Etc/UTC]]
2023-12-19 18:17:57,250 [RatisPipelineUtilsThread-0] INFO  pipeline.RatisPipelineProvider (RatisPipelineProvider.java:lambda$create$0(206)) - Sending CreatePipelineCommand for pipeline:PipelineID=e1d0cfcb-53bb-47dd-964d-c09d2dd42166 to datanode:e7599229-5a8e-48b0-86e7-2247601ad11a
2023-12-19 18:17:57,250 [RatisPipelineUtilsThread-0] INFO  pipeline.RatisPipelineProvider (RatisPipelineProvider.java:lambda$create$0(206)) - Sending CreatePipelineCommand for pipeline:PipelineID=e1d0cfcb-53bb-47dd-964d-c09d2dd42166 to datanode:d0e3d241-91aa-4721-8188-ae5e0af11890
2023-12-19 18:17:57,250 [RatisPipelineUtilsThread-0] INFO  pipeline.RatisPipelineProvider (RatisPipelineProvider.java:lambda$create$0(206)) - Sending CreatePipelineCommand for pipeline:PipelineID=e1d0cfcb-53bb-47dd-964d-c09d2dd42166 to datanode:a1d25c87-0c45-4075-9fe0-f0708f172712
2023-12-19 18:17:57,251 [RatisPipelineUtilsThread-0] INFO  pipeline.BackgroundPipelineCreator (BackgroundPipelineCreator.java:createPipelines(236)) - Created new pipeline Pipeline[ Id: e1d0cfcb-53bb-47dd-964d-c09d2dd42166, Nodes: e7599229-5a8e-48b0-86e7-2247601ad11a(fv-az1381-513.cyf22sgur2jupkghqkt4lwlvwe.cx.internal.cloudapp.net/10.1.0.19)d0e3d241-91aa-4721-8188-ae5e0af11890(fv-az1381-513.cyf22sgur2jupkghqkt4lwlvwe.cx.internal.cloudapp.net/10.1.0.19)a1d25c87-0c45-4075-9fe0-f0708f172712(fv-az1381-513.cyf22sgur2jupkghqkt4lwlvwe.cx.internal.cloudapp.net/10.1.0.19), ReplicationConfig: RATIS/THREE, State:ALLOCATED, leaderId:, CreationTimestamp2023-12-19T18:17:57.250Z[Etc/UTC]]
2023-12-19 18:17:57,252 [RatisPipelineUtilsThread-0] INFO  pipeline.RatisPipelineProvider (RatisPipelineProvider.java:lambda$create$0(206)) - Sending CreatePipelineCommand for pipeline:PipelineID=9f61989e-7be0-4f12-963c-03ba1c6394b6 to datanode:e7599229-5a8e-48b0-86e7-2247601ad11a
2023-12-19 18:17:57,252 [RatisPipelineUtilsThread-0] INFO  pipeline.RatisPipelineProvider (RatisPipelineProvider.java:lambda$create$0(206)) - Sending CreatePipelineCommand for pipeline:PipelineID=9f61989e-7be0-4f12-963c-03ba1c6394b6 to datanode:a1d25c87-0c45-4075-9fe0-f0708f172712
2023-12-19 18:17:57,253 [RatisPipelineUtilsThread-0] INFO  pipeline.RatisPipelineProvider (RatisPipelineProvider.java:lambda$create$0(206)) - Sending CreatePipelineCommand for pipeline:PipelineID=9f61989e-7be0-4f12-963c-03ba1c6394b6 to datanode:d0e3d241-91aa-4721-8188-ae5e0af11890
2023-12-19 18:17:57,254 [RatisPipelineUtilsThread-0] INFO  pipeline.PipelineManagerImpl (PipelineManagerImpl.java:recordMetricsForPipeline(916)) - Pipeline: PipelineID=9f61989e-7be0-4f12-963c-03ba1c6394b6 contains same datanodes as previous pipelines: PipelineID=e1d0cfcb-53bb-47dd-964d-c09d2dd42166 nodeIds: e7599229-5a8e-48b0-86e7-2247601ad11a, a1d25c87-0c45-4075-9fe0-f0708f172712, d0e3d241-91aa-4721-8188-ae5e0af11890
2023-12-19 18:17:57,254 [RatisPipelineUtilsThread-0] INFO  pipeline.BackgroundPipelineCreator (BackgroundPipelineCreator.java:createPipelines(236)) - Created new pipeline Pipeline[ Id: 9f61989e-7be0-4f12-963c-03ba1c6394b6, Nodes: e7599229-5a8e-48b0-86e7-2247601ad11a(fv-az1381-513.cyf22sgur2jupkghqkt4lwlvwe.cx.internal.cloudapp.net/10.1.0.19)a1d25c87-0c45-4075-9fe0-f0708f172712(fv-az1381-513.cyf22sgur2jupkghqkt4lwlvwe.cx.internal.cloudapp.net/10.1.0.19)d0e3d241-91aa-4721-8188-ae5e0af11890(fv-az1381-513.cyf22sgur2jupkghqkt4lwlvwe.cx.internal.cloudapp.net/10.1.0.19), ReplicationConfig: RATIS/THREE, State:ALLOCATED, leaderId:, CreationTimestamp2023-12-19T18:17:57.252Z[Etc/UTC]]
2023-12-19 18:17:57,387 [IPC Server handler 2 on default port 15002] INFO  net.NetworkTopologyImpl (NetworkTopologyImpl.java:add(124)) - Added a new node: /default-rack/244ca980-f87d-4e1f-bf92-41859c631eea
2023-12-19 18:17:57,388 [IPC Server handler 2 on default port 15002] INFO  node.SCMNodeManager (SCMNodeManager.java:register(417)) - Registered datanode: 244ca980-f87d-4e1f-bf92-41859c631eea{ip: 10.1.0.19, host: fv-az1381-513.cyf22sgur2jupkghqkt4lwlvwe.cx.internal.cloudapp.net, ports: [HTTP=15036, CLIENT_RPC=15037, REPLICATION=15043, RATIS=15039, RATIS_ADMIN=15040, RATIS_SERVER=15041, RATIS_DATASTREAM=15042, STANDALONE=15038], networkLocation: /default-rack, certSerialId: null, persistedOpState: null, persistedOpStateExpiryEpochSec: 0}
2023-12-19 18:17:57,388 [EventQueue-NewNodeForNewNodeHandler] INFO  pipeline.BackgroundPipelineCreator (BackgroundPipelineCreator.java:notifyEventTriggered(280)) - trigger a one-shot run on RatisPipelineUtilsThread.
2023-12-19 18:17:57,390 [RatisPipelineUtilsThread-0] INFO  pipeline.RatisPipelineProvider (RatisPipelineProvider.java:lambda$create$0(206)) - Sending CreatePipelineCommand for pipeline:PipelineID=473ae92e-10a3-4cdb-8241-2f73f5fcf847 to datanode:244ca980-f87d-4e1f-bf92-41859c631eea
2023-12-19 18:17:57,391 [RatisPipelineUtilsThread-0] INFO  pipeline.BackgroundPipelineCreator (BackgroundPipelineCreator.java:createPipelines(236)) - Created new pipeline Pipeline[ Id: 473ae92e-10a3-4cdb-8241-2f73f5fcf847, Nodes: 244ca980-f87d-4e1f-bf92-41859c631eea(fv-az1381-513.cyf22sgur2jupkghqkt4lwlvwe.cx.internal.cloudapp.net/10.1.0.19), ReplicationConfig: RATIS/ONE, State:ALLOCATED, leaderId:, CreationTimestamp2023-12-19T18:17:57.390Z[Etc/UTC]]
2023-12-19 18:17:57,549 [IPC Server handler 4 on default port 15002] INFO  net.NetworkTopologyImpl (NetworkTopologyImpl.java:add(124)) - Added a new node: /default-rack/b44d76fe-ddfd-47c8-8f4d-0e79dfcb9ca5
2023-12-19 18:17:57,549 [IPC Server handler 4 on default port 15002] INFO  node.SCMNodeManager (SCMNodeManager.java:register(417)) - Registered datanode: b44d76fe-ddfd-47c8-8f4d-0e79dfcb9ca5{ip: 10.1.0.19, host: fv-az1381-513.cyf22sgur2jupkghqkt4lwlvwe.cx.internal.cloudapp.net, ports: [HTTP=15045, CLIENT_RPC=15046, REPLICATION=15052, RATIS=15048, RATIS_ADMIN=15049, RATIS_SERVER=15050, RATIS_DATASTREAM=15051, STANDALONE=15047], networkLocation: /default-rack, certSerialId: null, persistedOpState: null, persistedOpStateExpiryEpochSec: 0}
2023-12-19 18:17:57,550 [EventQueue-NewNodeForNewNodeHandler] INFO  pipeline.BackgroundPipelineCreator (BackgroundPipelineCreator.java:notifyEventTriggered(280)) - trigger a one-shot run on RatisPipelineUtilsThread.
2023-12-19 18:17:57,550 [RatisPipelineUtilsThread-0] INFO  pipeline.RatisPipelineProvider (RatisPipelineProvider.java:lambda$create$0(206)) - Sending CreatePipelineCommand for pipeline:PipelineID=4df6e029-78e6-407b-8be4-3f9b87751d48 to datanode:b44d76fe-ddfd-47c8-8f4d-0e79dfcb9ca5
2023-12-19 18:17:57,552 [RatisPipelineUtilsThread-0] INFO  pipeline.BackgroundPipelineCreator (BackgroundPipelineCreator.java:createPipelines(236)) - Created new pipeline Pipeline[ Id: 4df6e029-78e6-407b-8be4-3f9b87751d48, Nodes: b44d76fe-ddfd-47c8-8f4d-0e79dfcb9ca5(fv-az1381-513.cyf22sgur2jupkghqkt4lwlvwe.cx.internal.cloudapp.net/10.1.0.19), ReplicationConfig: RATIS/ONE, State:ALLOCATED, leaderId:, CreationTimestamp2023-12-19T18:17:57.550Z[Etc/UTC]]
2023-12-19 18:17:57,648 [main] INFO  ozone.MiniOzoneClusterImpl (MiniOzoneClusterImpl.java:lambda$waitForClusterToBeReady$0(230)) - Waiting for nodes to be ready. Got 5 of 14 DN Heartbeats.
2023-12-19 18:17:57,649 [main] INFO  ozone.MiniOzoneClusterImpl (MiniOzoneClusterImpl.java:lambda$waitForClusterToBeReady$0(233)) - Waiting for cluster to exit safe mode
2023-12-19 18:17:57,649 [main] INFO  ozone.MiniOzoneClusterImpl (MiniOzoneClusterImpl.java:lambda$waitForClusterToBeReady$0(235)) - SCM became leader
2023-12-19 18:17:57,706 [IPC Server handler 5 on default port 15002] INFO  net.NetworkTopologyImpl (NetworkTopologyImpl.java:add(124)) - Added a new node: /default-rack/f3699da5-7632-4885-9efe-d79f82e47143
2023-12-19 18:17:57,707 [IPC Server handler 5 on default port 15002] INFO  node.SCMNodeManager (SCMNodeManager.java:register(417)) - Registered datanode: f3699da5-7632-4885-9efe-d79f82e47143{ip: 10.1.0.19, host: fv-az1381-513.cyf22sgur2jupkghqkt4lwlvwe.cx.internal.cloudapp.net, ports: [HTTP=15054, CLIENT_RPC=15055, REPLICATION=15061, RATIS=15057, RATIS_ADMIN=15058, RATIS_SERVER=15059, RATIS_DATASTREAM=15060, STANDALONE=15056], networkLocation: /default-rack, certSerialId: null, persistedOpState: null, persistedOpStateExpiryEpochSec: 0}
2023-12-19 18:17:57,707 [EventQueue-NewNodeForNewNodeHandler] INFO  pipeline.BackgroundPipelineCreator (BackgroundPipelineCreator.java:notifyEventTriggered(280)) - trigger a one-shot run on RatisPipelineUtilsThread.
2023-12-19 18:17:57,708 [RatisPipelineUtilsThread-0] INFO  pipeline.RatisPipelineProvider (RatisPipelineProvider.java:lambda$create$0(206)) - Sending CreatePipelineCommand for pipeline:PipelineID=2b9c3983-02a5-42a9-9f64-7ae7d8fc9c99 to datanode:f3699da5-7632-4885-9efe-d79f82e47143
2023-12-19 18:17:57,709 [RatisPipelineUtilsThread-0] INFO  pipeline.BackgroundPipelineCreator (BackgroundPipelineCreator.java:createPipelines(236)) - Created new pipeline Pipeline[ Id: 2b9c3983-02a5-42a9-9f64-7ae7d8fc9c99, Nodes: f3699da5-7632-4885-9efe-d79f82e47143(fv-az1381-513.cyf22sgur2jupkghqkt4lwlvwe.cx.internal.cloudapp.net/10.1.0.19), ReplicationConfig: RATIS/ONE, State:ALLOCATED, leaderId:, CreationTimestamp2023-12-19T18:17:57.708Z[Etc/UTC]]
2023-12-19 18:17:57,710 [RatisPipelineUtilsThread-0] INFO  pipeline.RatisPipelineProvider (RatisPipelineProvider.java:lambda$create$0(206)) - Sending CreatePipelineCommand for pipeline:PipelineID=fe77e429-5f3d-4142-9d51-83c92cc6210c to datanode:b44d76fe-ddfd-47c8-8f4d-0e79dfcb9ca5
2023-12-19 18:17:57,710 [RatisPipelineUtilsThread-0] INFO  pipeline.RatisPipelineProvider (RatisPipelineProvider.java:lambda$create$0(206)) - Sending CreatePipelineCommand for pipeline:PipelineID=fe77e429-5f3d-4142-9d51-83c92cc6210c to datanode:244ca980-f87d-4e1f-bf92-41859c631eea
2023-12-19 18:17:57,710 [RatisPipelineUtilsThread-0] INFO  pipeline.RatisPipelineProvider (RatisPipelineProvider.java:lambda$create$0(206)) - Sending CreatePipelineCommand for pipeline:PipelineID=fe77e429-5f3d-4142-9d51-83c92cc6210c to datanode:f3699da5-7632-4885-9efe-d79f82e47143
2023-12-19 18:17:57,711 [RatisPipelineUtilsThread-0] INFO  pipeline.BackgroundPipelineCreator (BackgroundPipelineCreator.java:createPipelines(236)) - Created new pipeline Pipeline[ Id: fe77e429-5f3d-4142-9d51-83c92cc6210c, Nodes: b44d76fe-ddfd-47c8-8f4d-0e79dfcb9ca5(fv-az1381-513.cyf22sgur2jupkghqkt4lwlvwe.cx.internal.cloudapp.net/10.1.0.19)244ca980-f87d-4e1f-bf92-41859c631eea(fv-az1381-513.cyf22sgur2jupkghqkt4lwlvwe.cx.internal.cloudapp.net/10.1.0.19)f3699da5-7632-4885-9efe-d79f82e47143(fv-az1381-513.cyf22sgur2jupkghqkt4lwlvwe.cx.internal.cloudapp.net/10.1.0.19), ReplicationConfig: RATIS/THREE, State:ALLOCATED, leaderId:, CreationTimestamp2023-12-19T18:17:57.710Z[Etc/UTC]]
2023-12-19 18:17:57,712 [RatisPipelineUtilsThread-0] INFO  pipeline.RatisPipelineProvider (RatisPipelineProvider.java:lambda$create$0(206)) - Sending CreatePipelineCommand for pipeline:PipelineID=0d41620a-3cbb-499e-b93b-0fc0af6d08e6 to datanode:f3699da5-7632-4885-9efe-d79f82e47143
2023-12-19 18:17:57,712 [RatisPipelineUtilsThread-0] INFO  pipeline.RatisPipelineProvider (RatisPipelineProvider.java:lambda$create$0(206)) - Sending CreatePipelineCommand for pipeline:PipelineID=0d41620a-3cbb-499e-b93b-0fc0af6d08e6 to datanode:244ca980-f87d-4e1f-bf92-41859c631eea
2023-12-19 18:17:57,712 [RatisPipelineUtilsThread-0] INFO  pipeline.RatisPipelineProvider (RatisPipelineProvider.java:lambda$create$0(206)) - Sending CreatePipelineCommand for pipeline:PipelineID=0d41620a-3cbb-499e-b93b-0fc0af6d08e6 to datanode:b44d76fe-ddfd-47c8-8f4d-0e79dfcb9ca5
2023-12-19 18:17:57,713 [RatisPipelineUtilsThread-0] INFO  pipeline.PipelineManagerImpl (PipelineManagerImpl.java:recordMetricsForPipeline(916)) - Pipeline: PipelineID=0d41620a-3cbb-499e-b93b-0fc0af6d08e6 contains same datanodes as previous pipelines: PipelineID=fe77e429-5f3d-4142-9d51-83c92cc6210c nodeIds: f3699da5-7632-4885-9efe-d79f82e47143, 244ca980-f87d-4e1f-bf92-41859c631eea, b44d76fe-ddfd-47c8-8f4d-0e79dfcb9ca5
2023-12-19 18:17:57,713 [RatisPipelineUtilsThread-0] INFO  pipeline.BackgroundPipelineCreator (BackgroundPipelineCreator.java:createPipelines(236)) - Created new pipeline Pipeline[ Id: 0d41620a-3cbb-499e-b93b-0fc0af6d08e6, Nodes: f3699da5-7632-4885-9efe-d79f82e47143(fv-az1381-513.cyf22sgur2jupkghqkt4lwlvwe.cx.internal.cloudapp.net/10.1.0.19)244ca980-f87d-4e1f-bf92-41859c631eea(fv-az1381-513.cyf22sgur2jupkghqkt4lwlvwe.cx.internal.cloudapp.net/10.1.0.19)b44d76fe-ddfd-47c8-8f4d-0e79dfcb9ca5(fv-az1381-513.cyf22sgur2jupkghqkt4lwlvwe.cx.internal.cloudapp.net/10.1.0.19), ReplicationConfig: RATIS/THREE, State:ALLOCATED, leaderId:, CreationTimestamp2023-12-19T18:17:57.712Z[Etc/UTC]]
2023-12-19 18:17:57,846 [IPC Server handler 6 on default port 15002] INFO  net.NetworkTopologyImpl (NetworkTopologyImpl.java:add(124)) - Added a new node: /default-rack/cc2d5096-cbf7-4b7f-9694-9910b4c75033
2023-12-19 18:17:57,847 [IPC Server handler 6 on default port 15002] INFO  node.SCMNodeManager (SCMNodeManager.java:register(417)) - Registered datanode: cc2d5096-cbf7-4b7f-9694-9910b4c75033{ip: 10.1.0.19, host: fv-az1381-513.cyf22sgur2jupkghqkt4lwlvwe.cx.internal.cloudapp.net, ports: [HTTP=15063, CLIENT_RPC=15064, REPLICATION=15070, RATIS=15066, RATIS_ADMIN=15067, RATIS_SERVER=15068, RATIS_DATASTREAM=15069, STANDALONE=15065], networkLocation: /default-rack, certSerialId: null, persistedOpState: null, persistedOpStateExpiryEpochSec: 0}
2023-12-19 18:17:57,848 [EventQueue-NewNodeForNewNodeHandler] INFO  pipeline.BackgroundPipelineCreator (BackgroundPipelineCreator.java:notifyEventTriggered(280)) - trigger a one-shot run on RatisPipelineUtilsThread.
2023-12-19 18:17:57,852 [RatisPipelineUtilsThread-0] INFO  pipeline.RatisPipelineProvider (RatisPipelineProvider.java:lambda$create$0(206)) - Sending CreatePipelineCommand for pipeline:PipelineID=dd3e138e-e2f3-4873-afc2-ffcc8c26dde6 to datanode:cc2d5096-cbf7-4b7f-9694-9910b4c75033
2023-12-19 18:17:57,853 [RatisPipelineUtilsThread-0] INFO  pipeline.BackgroundPipelineCreator (BackgroundPipelineCreator.java:createPipelines(236)) - Created new pipeline Pipeline[ Id: dd3e138e-e2f3-4873-afc2-ffcc8c26dde6, Nodes: cc2d5096-cbf7-4b7f-9694-9910b4c75033(fv-az1381-513.cyf22sgur2jupkghqkt4lwlvwe.cx.internal.cloudapp.net/10.1.0.19), ReplicationConfig: RATIS/ONE, State:ALLOCATED, leaderId:, CreationTimestamp2023-12-19T18:17:57.852Z[Etc/UTC]]
2023-12-19 18:17:57,949 [IPC Server handler 7 on default port 15002] INFO  net.NetworkTopologyImpl (NetworkTopologyImpl.java:add(124)) - Added a new node: /default-rack/93d2edcd-6a6f-4cb3-ab2d-c0ab5a0bb6d7
2023-12-19 18:17:57,949 [IPC Server handler 7 on default port 15002] INFO  node.SCMNodeManager (SCMNodeManager.java:register(417)) - Registered datanode: 93d2edcd-6a6f-4cb3-ab2d-c0ab5a0bb6d7{ip: 10.1.0.19, host: fv-az1381-513.cyf22sgur2jupkghqkt4lwlvwe.cx.internal.cloudapp.net, ports: [HTTP=15072, CLIENT_RPC=15073, REPLICATION=15079, RATIS=15075, RATIS_ADMIN=15076, RATIS_SERVER=15077, RATIS_DATASTREAM=15078, STANDALONE=15074], networkLocation: /default-rack, certSerialId: null, persistedOpState: null, persistedOpStateExpiryEpochSec: 0}
2023-12-19 18:17:57,950 [EventQueue-NewNodeForNewNodeHandler] INFO  pipeline.BackgroundPipelineCreator (BackgroundPipelineCreator.java:notifyEventTriggered(280)) - trigger a one-shot run on RatisPipelineUtilsThread.
2023-12-19 18:17:57,950 [RatisPipelineUtilsThread-0] INFO  pipeline.RatisPipelineProvider (RatisPipelineProvider.java:lambda$create$0(206)) - Sending CreatePipelineCommand for pipeline:PipelineID=c1138b45-44fb-477f-9b6a-54bd720564a1 to datanode:93d2edcd-6a6f-4cb3-ab2d-c0ab5a0bb6d7
2023-12-19 18:17:57,951 [RatisPipelineUtilsThread-0] INFO  pipeline.BackgroundPipelineCreator (BackgroundPipelineCreator.java:createPipelines(236)) - Created new pipeline Pipeline[ Id: c1138b45-44fb-477f-9b6a-54bd720564a1, Nodes: 93d2edcd-6a6f-4cb3-ab2d-c0ab5a0bb6d7(fv-az1381-513.cyf22sgur2jupkghqkt4lwlvwe.cx.internal.cloudapp.net/10.1.0.19), ReplicationConfig: RATIS/ONE, State:ALLOCATED, leaderId:, CreationTimestamp2023-12-19T18:17:57.950Z[Etc/UTC]]
2023-12-19 18:17:58,061 [IPC Server handler 8 on default port 15002] INFO  net.NetworkTopologyImpl (NetworkTopologyImpl.java:add(124)) - Added a new node: /default-rack/8a9232c4-f36b-4377-b9ad-83954010d1e2
2023-12-19 18:17:58,061 [IPC Server handler 8 on default port 15002] INFO  node.SCMNodeManager (SCMNodeManager.java:register(417)) - Registered datanode: 8a9232c4-f36b-4377-b9ad-83954010d1e2{ip: 10.1.0.19, host: fv-az1381-513.cyf22sgur2jupkghqkt4lwlvwe.cx.internal.cloudapp.net, ports: [HTTP=15081, CLIENT_RPC=15082, REPLICATION=15088, RATIS=15084, RATIS_ADMIN=15085, RATIS_SERVER=15086, RATIS_DATASTREAM=15087, STANDALONE=15083], networkLocation: /default-rack, certSerialId: null, persistedOpState: null, persistedOpStateExpiryEpochSec: 0}
2023-12-19 18:17:58,061 [EventQueue-NewNodeForNewNodeHandler] INFO  pipeline.BackgroundPipelineCreator (BackgroundPipelineCreator.java:notifyEventTriggered(280)) - trigger a one-shot run on RatisPipelineUtilsThread.
2023-12-19 18:17:58,062 [RatisPipelineUtilsThread-0] INFO  pipeline.RatisPipelineProvider (RatisPipelineProvider.java:lambda$create$0(206)) - Sending CreatePipelineCommand for pipeline:PipelineID=1f4ceac0-3147-4e43-b162-b55983e01c1d to datanode:8a9232c4-f36b-4377-b9ad-83954010d1e2
2023-12-19 18:17:58,063 [RatisPipelineUtilsThread-0] INFO  pipeline.BackgroundPipelineCreator (BackgroundPipelineCreator.java:createPipelines(236)) - Created new pipeline Pipeline[ Id: 1f4ceac0-3147-4e43-b162-b55983e01c1d, Nodes: 8a9232c4-f36b-4377-b9ad-83954010d1e2(fv-az1381-513.cyf22sgur2jupkghqkt4lwlvwe.cx.internal.cloudapp.net/10.1.0.19), ReplicationConfig: RATIS/ONE, State:ALLOCATED, leaderId:, CreationTimestamp2023-12-19T18:17:58.062Z[Etc/UTC]]
2023-12-19 18:17:58,063 [RatisPipelineUtilsThread-0] INFO  pipeline.RatisPipelineProvider (RatisPipelineProvider.java:lambda$create$0(206)) - Sending CreatePipelineCommand for pipeline:PipelineID=8f3870ae-d5ad-47e7-81f2-c7dcf68f11f7 to datanode:8a9232c4-f36b-4377-b9ad-83954010d1e2
2023-12-19 18:17:58,063 [RatisPipelineUtilsThread-0] INFO  pipeline.RatisPipelineProvider (RatisPipelineProvider.java:lambda$create$0(206)) - Sending CreatePipelineCommand for pipeline:PipelineID=8f3870ae-d5ad-47e7-81f2-c7dcf68f11f7 to datanode:cc2d5096-cbf7-4b7f-9694-9910b4c75033
2023-12-19 18:17:58,063 [RatisPipelineUtilsThread-0] INFO  pipeline.RatisPipelineProvider (RatisPipelineProvider.java:lambda$create$0(206)) - Sending CreatePipelineCommand for pipeline:PipelineID=8f3870ae-d5ad-47e7-81f2-c7dcf68f11f7 to datanode:93d2edcd-6a6f-4cb3-ab2d-c0ab5a0bb6d7
2023-12-19 18:17:58,065 [RatisPipelineUtilsThread-0] INFO  pipeline.BackgroundPipelineCreator (BackgroundPipelineCreator.java:createPipelines(236)) - Created new pipeline Pipeline[ Id: 8f3870ae-d5ad-47e7-81f2-c7dcf68f11f7, Nodes: 8a9232c4-f36b-4377-b9ad-83954010d1e2(fv-az1381-513.cyf22sgur2jupkghqkt4lwlvwe.cx.internal.cloudapp.net/10.1.0.19)cc2d5096-cbf7-4b7f-9694-9910b4c75033(fv-az1381-513.cyf22sgur2jupkghqkt4lwlvwe.cx.internal.cloudapp.net/10.1.0.19)93d2edcd-6a6f-4cb3-ab2d-c0ab5a0bb6d7(fv-az1381-513.cyf22sgur2jupkghqkt4lwlvwe.cx.internal.cloudapp.net/10.1.0.19), ReplicationConfig: RATIS/THREE, State:ALLOCATED, leaderId:, CreationTimestamp2023-12-19T18:17:58.063Z[Etc/UTC]]
2023-12-19 18:17:58,065 [RatisPipelineUtilsThread-0] INFO  pipeline.RatisPipelineProvider (RatisPipelineProvider.java:lambda$create$0(206)) - Sending CreatePipelineCommand for pipeline:PipelineID=de29617a-44cb-4353-a789-5317640da993 to datanode:8a9232c4-f36b-4377-b9ad-83954010d1e2
2023-12-19 18:17:58,065 [RatisPipelineUtilsThread-0] INFO  pipeline.RatisPipelineProvider (RatisPipelineProvider.java:lambda$create$0(206)) - Sending CreatePipelineCommand for pipeline:PipelineID=de29617a-44cb-4353-a789-5317640da993 to datanode:cc2d5096-cbf7-4b7f-9694-9910b4c75033
2023-12-19 18:17:58,065 [RatisPipelineUtilsThread-0] INFO  pipeline.RatisPipelineProvider (RatisPipelineProvider.java:lambda$create$0(206)) - Sending CreatePipelineCommand for pipeline:PipelineID=de29617a-44cb-4353-a789-5317640da993 to datanode:93d2edcd-6a6f-4cb3-ab2d-c0ab5a0bb6d7
2023-12-19 18:17:58,066 [RatisPipelineUtilsThread-0] INFO  pipeline.PipelineManagerImpl (PipelineManagerImpl.java:recordMetricsForPipeline(916)) - Pipeline: PipelineID=de29617a-44cb-4353-a789-5317640da993 contains same datanodes as previous pipelines: PipelineID=8f3870ae-d5ad-47e7-81f2-c7dcf68f11f7 nodeIds: 8a9232c4-f36b-4377-b9ad-83954010d1e2, cc2d5096-cbf7-4b7f-9694-9910b4c75033, 93d2edcd-6a6f-4cb3-ab2d-c0ab5a0bb6d7
2023-12-19 18:17:58,067 [RatisPipelineUtilsThread-0] INFO  pipeline.BackgroundPipelineCreator (BackgroundPipelineCreator.java:createPipelines(236)) - Created new pipeline Pipeline[ Id: de29617a-44cb-4353-a789-5317640da993, Nodes: 8a9232c4-f36b-4377-b9ad-83954010d1e2(fv-az1381-513.cyf22sgur2jupkghqkt4lwlvwe.cx.internal.cloudapp.net/10.1.0.19)cc2d5096-cbf7-4b7f-9694-9910b4c75033(fv-az1381-513.cyf22sgur2jupkghqkt4lwlvwe.cx.internal.cloudapp.net/10.1.0.19)93d2edcd-6a6f-4cb3-ab2d-c0ab5a0bb6d7(fv-az1381-513.cyf22sgur2jupkghqkt4lwlvwe.cx.internal.cloudapp.net/10.1.0.19), ReplicationConfig: RATIS/THREE, State:ALLOCATED, leaderId:, CreationTimestamp2023-12-19T18:17:58.065Z[Etc/UTC]]
2023-12-19 18:17:58,172 [IPC Server handler 9 on default port 15002] INFO  net.NetworkTopologyImpl (NetworkTopologyImpl.java:add(124)) - Added a new node: /default-rack/7fe801a6-aabd-4c1e-b418-af74b08e6351
2023-12-19 18:17:58,172 [IPC Server handler 9 on default port 15002] INFO  node.SCMNodeManager (SCMNodeManager.java:register(417)) - Registered datanode: 7fe801a6-aabd-4c1e-b418-af74b08e6351{ip: 10.1.0.19, host: fv-az1381-513.cyf22sgur2jupkghqkt4lwlvwe.cx.internal.cloudapp.net, ports: [HTTP=15090, CLIENT_RPC=15091, REPLICATION=15097, RATIS=15093, RATIS_ADMIN=15094, RATIS_SERVER=15095, RATIS_DATASTREAM=15096, STANDALONE=15092], networkLocation: /default-rack, certSerialId: null, persistedOpState: null, persistedOpStateExpiryEpochSec: 0}
2023-12-19 18:17:58,172 [EventQueue-NewNodeForNewNodeHandler] INFO  pipeline.BackgroundPipelineCreator (BackgroundPipelineCreator.java:notifyEventTriggered(280)) - trigger a one-shot run on RatisPipelineUtilsThread.
2023-12-19 18:17:58,174 [RatisPipelineUtilsThread-0] INFO  pipeline.RatisPipelineProvider (RatisPipelineProvider.java:lambda$create$0(206)) - Sending CreatePipelineCommand for pipeline:PipelineID=4935d9fa-7acf-4533-b8e3-cccc26563b5e to datanode:7fe801a6-aabd-4c1e-b418-af74b08e6351
2023-12-19 18:17:58,175 [RatisPipelineUtilsThread-0] INFO  pipeline.BackgroundPipelineCreator (BackgroundPipelineCreator.java:createPipelines(236)) - Created new pipeline Pipeline[ Id: 4935d9fa-7acf-4533-b8e3-cccc26563b5e, Nodes: 7fe801a6-aabd-4c1e-b418-af74b08e6351(fv-az1381-513.cyf22sgur2jupkghqkt4lwlvwe.cx.internal.cloudapp.net/10.1.0.19), ReplicationConfig: RATIS/ONE, State:ALLOCATED, leaderId:, CreationTimestamp2023-12-19T18:17:58.174Z[Etc/UTC]]
2023-12-19 18:17:58,278 [IPC Server handler 1 on default port 15002] INFO  net.NetworkTopologyImpl (NetworkTopologyImpl.java:add(124)) - Added a new node: /default-rack/a90b24a4-d9f8-4f3b-8812-3b02ea4f687f
2023-12-19 18:17:58,278 [IPC Server handler 1 on default port 15002] INFO  node.SCMNodeManager (SCMNodeManager.java:register(417)) - Registered datanode: a90b24a4-d9f8-4f3b-8812-3b02ea4f687f{ip: 10.1.0.19, host: fv-az1381-513.cyf22sgur2jupkghqkt4lwlvwe.cx.internal.cloudapp.net, ports: [HTTP=15099, CLIENT_RPC=15100, REPLICATION=15106, RATIS=15102, RATIS_ADMIN=15103, RATIS_SERVER=15104, RATIS_DATASTREAM=15105, STANDALONE=15101], networkLocation: /default-rack, certSerialId: null, persistedOpState: null, persistedOpStateExpiryEpochSec: 0}
2023-12-19 18:17:58,279 [EventQueue-NewNodeForNewNodeHandler] INFO  pipeline.BackgroundPipelineCreator (BackgroundPipelineCreator.java:notifyEventTriggered(280)) - trigger a one-shot run on RatisPipelineUtilsThread.
2023-12-19 18:17:58,279 [RatisPipelineUtilsThread-0] INFO  pipeline.RatisPipelineProvider (RatisPipelineProvider.java:lambda$create$0(206)) - Sending CreatePipelineCommand for pipeline:PipelineID=4b80c8ef-5c9e-48f7-8bcf-1905edca018f to datanode:a90b24a4-d9f8-4f3b-8812-3b02ea4f687f
2023-12-19 18:17:58,280 [RatisPipelineUtilsThread-0] INFO  pipeline.BackgroundPipelineCreator (BackgroundPipelineCreator.java:createPipelines(236)) - Created new pipeline Pipeline[ Id: 4b80c8ef-5c9e-48f7-8bcf-1905edca018f, Nodes: a90b24a4-d9f8-4f3b-8812-3b02ea4f687f(fv-az1381-513.cyf22sgur2jupkghqkt4lwlvwe.cx.internal.cloudapp.net/10.1.0.19), ReplicationConfig: RATIS/ONE, State:ALLOCATED, leaderId:, CreationTimestamp2023-12-19T18:17:58.279Z[Etc/UTC]]
2023-12-19 18:17:58,406 [IPC Server handler 3 on default port 15002] INFO  net.NetworkTopologyImpl (NetworkTopologyImpl.java:add(124)) - Added a new node: /default-rack/c27b4a8c-9932-4b8f-bf34-353c967d0ecc
2023-12-19 18:17:58,406 [IPC Server handler 3 on default port 15002] INFO  node.SCMNodeManager (SCMNodeManager.java:register(417)) - Registered datanode: c27b4a8c-9932-4b8f-bf34-353c967d0ecc{ip: 10.1.0.19, host: fv-az1381-513.cyf22sgur2jupkghqkt4lwlvwe.cx.internal.cloudapp.net, ports: [HTTP=15108, CLIENT_RPC=15109, REPLICATION=15115, RATIS=15111, RATIS_ADMIN=15112, RATIS_SERVER=15113, RATIS_DATASTREAM=15114, STANDALONE=15110], networkLocation: /default-rack, certSerialId: null, persistedOpState: null, persistedOpStateExpiryEpochSec: 0}
2023-12-19 18:17:58,406 [EventQueue-NewNodeForNewNodeHandler] INFO  pipeline.BackgroundPipelineCreator (BackgroundPipelineCreator.java:notifyEventTriggered(280)) - trigger a one-shot run on RatisPipelineUtilsThread.
2023-12-19 18:17:58,408 [RatisPipelineUtilsThread-0] INFO  pipeline.RatisPipelineProvider (RatisPipelineProvider.java:lambda$create$0(206)) - Sending CreatePipelineCommand for pipeline:PipelineID=45764126-356d-4ee0-9b53-ef70bd943b5a to datanode:c27b4a8c-9932-4b8f-bf34-353c967d0ecc
2023-12-19 18:17:58,409 [RatisPipelineUtilsThread-0] INFO  pipeline.BackgroundPipelineCreator (BackgroundPipelineCreator.java:createPipelines(236)) - Created new pipeline Pipeline[ Id: 45764126-356d-4ee0-9b53-ef70bd943b5a, Nodes: c27b4a8c-9932-4b8f-bf34-353c967d0ecc(fv-az1381-513.cyf22sgur2jupkghqkt4lwlvwe.cx.internal.cloudapp.net/10.1.0.19), ReplicationConfig: RATIS/ONE, State:ALLOCATED, leaderId:, CreationTimestamp2023-12-19T18:17:58.408Z[Etc/UTC]]
2023-12-19 18:17:58,409 [RatisPipelineUtilsThread-0] INFO  pipeline.RatisPipelineProvider (RatisPipelineProvider.java:lambda$create$0(206)) - Sending CreatePipelineCommand for pipeline:PipelineID=20585b8c-633c-41dc-806a-9ffaaa1d27bf to datanode:a90b24a4-d9f8-4f3b-8812-3b02ea4f687f
2023-12-19 18:17:58,409 [RatisPipelineUtilsThread-0] INFO  pipeline.RatisPipelineProvider (RatisPipelineProvider.java:lambda$create$0(206)) - Sending CreatePipelineCommand for pipeline:PipelineID=20585b8c-633c-41dc-806a-9ffaaa1d27bf to datanode:7fe801a6-aabd-4c1e-b418-af74b08e6351
2023-12-19 18:17:58,410 [RatisPipelineUtilsThread-0] INFO  pipeline.RatisPipelineProvider (RatisPipelineProvider.java:lambda$create$0(206)) - Sending CreatePipelineCommand for pipeline:PipelineID=20585b8c-633c-41dc-806a-9ffaaa1d27bf to datanode:c27b4a8c-9932-4b8f-bf34-353c967d0ecc
2023-12-19 18:17:58,410 [RatisPipelineUtilsThread-0] INFO  pipeline.BackgroundPipelineCreator (BackgroundPipelineCreator.java:createPipelines(236)) - Created new pipeline Pipeline[ Id: 20585b8c-633c-41dc-806a-9ffaaa1d27bf, Nodes: a90b24a4-d9f8-4f3b-8812-3b02ea4f687f(fv-az1381-513.cyf22sgur2jupkghqkt4lwlvwe.cx.internal.cloudapp.net/10.1.0.19)7fe801a6-aabd-4c1e-b418-af74b08e6351(fv-az1381-513.cyf22sgur2jupkghqkt4lwlvwe.cx.internal.cloudapp.net/10.1.0.19)c27b4a8c-9932-4b8f-bf34-353c967d0ecc(fv-az1381-513.cyf22sgur2jupkghqkt4lwlvwe.cx.internal.cloudapp.net/10.1.0.19), ReplicationConfig: RATIS/THREE, State:ALLOCATED, leaderId:, CreationTimestamp2023-12-19T18:17:58.409Z[Etc/UTC]]
2023-12-19 18:17:58,412 [RatisPipelineUtilsThread-0] INFO  pipeline.RatisPipelineProvider (RatisPipelineProvider.java:lambda$create$0(206)) - Sending CreatePipelineCommand for pipeline:PipelineID=de160eb7-3d62-4127-a30b-c5b5555f532b to datanode:7fe801a6-aabd-4c1e-b418-af74b08e6351
2023-12-19 18:17:58,412 [RatisPipelineUtilsThread-0] INFO  pipeline.RatisPipelineProvider (RatisPipelineProvider.java:lambda$create$0(206)) - Sending CreatePipelineCommand for pipeline:PipelineID=de160eb7-3d62-4127-a30b-c5b5555f532b to datanode:a90b24a4-d9f8-4f3b-8812-3b02ea4f687f
2023-12-19 18:17:58,412 [RatisPipelineUtilsThread-0] INFO  pipeline.RatisPipelineProvider (RatisPipelineProvider.java:lambda$create$0(206)) - Sending CreatePipelineCommand for pipeline:PipelineID=de160eb7-3d62-4127-a30b-c5b5555f532b to datanode:c27b4a8c-9932-4b8f-bf34-353c967d0ecc
2023-12-19 18:17:58,413 [RatisPipelineUtilsThread-0] INFO  pipeline.PipelineManagerImpl (PipelineManagerImpl.java:recordMetricsForPipeline(916)) - Pipeline: PipelineID=de160eb7-3d62-4127-a30b-c5b5555f532b contains same datanodes as previous pipelines: PipelineID=20585b8c-633c-41dc-806a-9ffaaa1d27bf nodeIds: 7fe801a6-aabd-4c1e-b418-af74b08e6351, a90b24a4-d9f8-4f3b-8812-3b02ea4f687f, c27b4a8c-9932-4b8f-bf34-353c967d0ecc
2023-12-19 18:17:58,413 [RatisPipelineUtilsThread-0] INFO  pipeline.BackgroundPipelineCreator (BackgroundPipelineCreator.java:createPipelines(236)) - Created new pipeline Pipeline[ Id: de160eb7-3d62-4127-a30b-c5b5555f532b, Nodes: 7fe801a6-aabd-4c1e-b418-af74b08e6351(fv-az1381-513.cyf22sgur2jupkghqkt4lwlvwe.cx.internal.cloudapp.net/10.1.0.19)a90b24a4-d9f8-4f3b-8812-3b02ea4f687f(fv-az1381-513.cyf22sgur2jupkghqkt4lwlvwe.cx.internal.cloudapp.net/10.1.0.19)c27b4a8c-9932-4b8f-bf34-353c967d0ecc(fv-az1381-513.cyf22sgur2jupkghqkt4lwlvwe.cx.internal.cloudapp.net/10.1.0.19), ReplicationConfig: RATIS/THREE, State:ALLOCATED, leaderId:, CreationTimestamp2023-12-19T18:17:58.412Z[Etc/UTC]]
2023-12-19 18:17:58,489 [IPC Server handler 4 on default port 15002] INFO  net.NetworkTopologyImpl (NetworkTopologyImpl.java:add(124)) - Added a new node: /default-rack/2d01c37d-c80a-4131-b15b-062508bff67d
2023-12-19 18:17:58,490 [IPC Server handler 4 on default port 15002] INFO  node.SCMNodeManager (SCMNodeManager.java:register(417)) - Registered datanode: 2d01c37d-c80a-4131-b15b-062508bff67d{ip: 10.1.0.19, host: fv-az1381-513.cyf22sgur2jupkghqkt4lwlvwe.cx.internal.cloudapp.net, ports: [HTTP=15117, CLIENT_RPC=15118, REPLICATION=15124, RATIS=15120, RATIS_ADMIN=15121, RATIS_SERVER=15122, RATIS_DATASTREAM=15123, STANDALONE=15119], networkLocation: /default-rack, certSerialId: null, persistedOpState: null, persistedOpStateExpiryEpochSec: 0}
2023-12-19 18:17:58,490 [EventQueue-NewNodeForNewNodeHandler] INFO  pipeline.BackgroundPipelineCreator (BackgroundPipelineCreator.java:notifyEventTriggered(280)) - trigger a one-shot run on RatisPipelineUtilsThread.
2023-12-19 18:17:58,493 [RatisPipelineUtilsThread-0] INFO  pipeline.RatisPipelineProvider (RatisPipelineProvider.java:lambda$create$0(206)) - Sending CreatePipelineCommand for pipeline:PipelineID=f0bb02dd-0d04-4122-8b28-9f7596bf92c2 to datanode:2d01c37d-c80a-4131-b15b-062508bff67d
2023-12-19 18:17:58,493 [RatisPipelineUtilsThread-0] INFO  pipeline.BackgroundPipelineCreator (BackgroundPipelineCreator.java:createPipelines(236)) - Created new pipeline Pipeline[ Id: f0bb02dd-0d04-4122-8b28-9f7596bf92c2, Nodes: 2d01c37d-c80a-4131-b15b-062508bff67d(fv-az1381-513.cyf22sgur2jupkghqkt4lwlvwe.cx.internal.cloudapp.net/10.1.0.19), ReplicationConfig: RATIS/ONE, State:ALLOCATED, leaderId:, CreationTimestamp2023-12-19T18:17:58.493Z[Etc/UTC]]
2023-12-19 18:17:58,645 [IPC Server handler 5 on default port 15002] INFO  net.NetworkTopologyImpl (NetworkTopologyImpl.java:add(124)) - Added a new node: /default-rack/96747d66-d354-4c6c-881c-c96368b263cb
2023-12-19 18:17:58,645 [IPC Server handler 5 on default port 15002] INFO  node.SCMNodeManager (SCMNodeManager.java:register(417)) - Registered datanode: 96747d66-d354-4c6c-881c-c96368b263cb{ip: 10.1.0.19, host: fv-az1381-513.cyf22sgur2jupkghqkt4lwlvwe.cx.internal.cloudapp.net, ports: [HTTP=15126, CLIENT_RPC=15127, REPLICATION=15133, RATIS=15129, RATIS_ADMIN=15130, RATIS_SERVER=15131, RATIS_DATASTREAM=15132, STANDALONE=15128], networkLocation: /default-rack, certSerialId: null, persistedOpState: null, persistedOpStateExpiryEpochSec: 0}
2023-12-19 18:17:58,645 [EventQueue-NewNodeForNewNodeHandler] INFO  pipeline.BackgroundPipelineCreator (BackgroundPipelineCreator.java:notifyEventTriggered(280)) - trigger a one-shot run on RatisPipelineUtilsThread.
2023-12-19 18:17:58,646 [RatisPipelineUtilsThread-0] INFO  pipeline.RatisPipelineProvider (RatisPipelineProvider.java:lambda$create$0(206)) - Sending CreatePipelineCommand for pipeline:PipelineID=efdf0425-d99e-49c9-8b1f-d1e2c38a56ff to datanode:96747d66-d354-4c6c-881c-c96368b263cb
2023-12-19 18:17:58,647 [RatisPipelineUtilsThread-0] INFO  pipeline.BackgroundPipelineCreator (BackgroundPipelineCreator.java:createPipelines(236)) - Created new pipeline Pipeline[ Id: efdf0425-d99e-49c9-8b1f-d1e2c38a56ff, Nodes: 96747d66-d354-4c6c-881c-c96368b263cb(fv-az1381-513.cyf22sgur2jupkghqkt4lwlvwe.cx.internal.cloudapp.net/10.1.0.19), ReplicationConfig: RATIS/ONE, State:ALLOCATED, leaderId:, CreationTimestamp2023-12-19T18:17:58.646Z[Etc/UTC]]
2023-12-19 18:17:58,650 [main] INFO  ozone.MiniOzoneClusterImpl (MiniOzoneClusterImpl.java:lambda$waitForClusterToBeReady$0(230)) - Nodes are ready. Got 14 of 14 DN Heartbeats.
2023-12-19 18:17:58,650 [main] INFO  ozone.MiniOzoneClusterImpl (MiniOzoneClusterImpl.java:lambda$waitForClusterToBeReady$0(233)) - Waiting for cluster to exit safe mode
2023-12-19 18:17:58,651 [main] INFO  ozone.MiniOzoneClusterImpl (MiniOzoneClusterImpl.java:lambda$waitForClusterToBeReady$0(235)) - SCM became leader
2023-12-19 18:17:59,651 [main] INFO  ozone.MiniOzoneClusterImpl (MiniOzoneClusterImpl.java:lambda$waitForClusterToBeReady$0(230)) - Nodes are ready. Got 14 of 14 DN Heartbeats.
2023-12-19 18:17:59,651 [main] INFO  ozone.MiniOzoneClusterImpl (MiniOzoneClusterImpl.java:lambda$waitForClusterToBeReady$0(233)) - Waiting for cluster to exit safe mode
2023-12-19 18:17:59,651 [main] INFO  ozone.MiniOzoneClusterImpl (MiniOzoneClusterImpl.java:lambda$waitForClusterToBeReady$0(235)) - SCM became leader
2023-12-19 18:17:59,983 [d0e3d241-91aa-4721-8188-ae5e0af11890-PipelineCommandHandlerThread-0] INFO  server.RaftServer (RaftServerProxy.java:addNew(100)) - d0e3d241-91aa-4721-8188-ae5e0af11890: addNew group-475F844C1692:[d0e3d241-91aa-4721-8188-ae5e0af11890|10.1.0.19:15014] returns group-475F844C1692:java.util.concurrent.CompletableFuture@6fdaf39e[Not completed]
2023-12-19 18:17:59,991 [d0e3d241-91aa-4721-8188-ae5e0af11890-groupManagement] INFO  server.RaftServer$Division (RaftServerImpl.java:<init>(256)) - d0e3d241-91aa-4721-8188-ae5e0af11890: new RaftServerImpl for group-475F844C1692:[d0e3d241-91aa-4721-8188-ae5e0af11890|10.1.0.19:15014] with ContainerStateMachine:uninitialized
2023-12-19 18:17:59,991 [d0e3d241-91aa-4721-8188-ae5e0af11890-groupManagement] INFO  server.RaftServerConfigKeys (ConfUtils.java:logGet(46)) - raft.server.rpc.timeout.min = 5s (custom)
2023-12-19 18:17:59,991 [d0e3d241-91aa-4721-8188-ae5e0af11890-groupManagement] INFO  server.RaftServerConfigKeys (ConfUtils.java:logGet(46)) - raft.server.rpc.timeout.max = 5200ms (custom)
2023-12-19 18:17:59,991 [d0e3d241-91aa-4721-8188-ae5e0af11890-groupManagement] INFO  server.RaftServerConfigKeys (ConfUtils.java:logGet(46)) - raft.server.rpc.sleep.time = 25ms (default)
2023-12-19 18:17:59,991 [d0e3d241-91aa-4721-8188-ae5e0af11890-groupManagement] INFO  server.RaftServerConfigKeys (ConfUtils.java:logGet(46)) - raft.server.rpc.slowness.timeout = 300s (custom)
2023-12-19 18:17:59,992 [d0e3d241-91aa-4721-8188-ae5e0af11890-groupManagement] INFO  server.RaftServerConfigKeys (ConfUtils.java:logGet(46)) - raft.server.leaderelection.leader.step-down.wait-time = 10s (default)
2023-12-19 18:17:59,992 [d0e3d241-91aa-4721-8188-ae5e0af11890-groupManagement] INFO  server.RaftServerConfigKeys (ConfUtils.java:logGet(46)) - raft.server.leaderelection.member.majority-add = false (default)
2023-12-19 18:17:59,992 [d0e3d241-91aa-4721-8188-ae5e0af11890-groupManagement] INFO  server.RaftServerConfigKeys (ConfUtils.java:logGet(46)) - raft.server.sleep.deviation.threshold = 300ms (default)
2023-12-19 18:17:59,992 [d0e3d241-91aa-4721-8188-ae5e0af11890-groupManagement] INFO  server.RaftServer$Division (ServerState.java:<init>(113)) - d0e3d241-91aa-4721-8188-ae5e0af11890@group-475F844C1692: ConfigurationManager, init=-1: peers:[d0e3d241-91aa-4721-8188-ae5e0af11890|10.1.0.19:15014]|listeners:[], old=null, confs=<EMPTY_MAP>
2023-12-19 18:17:59,992 [d0e3d241-91aa-4721-8188-ae5e0af11890-groupManagement] INFO  server.RaftServerConfigKeys (ConfUtils.java:logGet(46)) - raft.server.notification.no-leader.timeout = 300s (custom)
2023-12-19 18:17:59,992 [d0e3d241-91aa-4721-8188-ae5e0af11890-groupManagement] INFO  server.RaftServerConfigKeys (ConfUtils.java:logGet(46)) - raft.server.read.timeout = 10s (default)
2023-12-19 18:17:59,992 [d0e3d241-91aa-4721-8188-ae5e0af11890-groupManagement] INFO  server.RaftServerConfigKeys (ConfUtils.java:logGet(46)) - raft.server.retrycache.expirytime = 600000ms (custom)
2023-12-19 18:17:59,992 [d0e3d241-91aa-4721-8188-ae5e0af11890-groupManagement] INFO  server.RaftServerConfigKeys (ConfUtils.java:logGet(46)) - raft.server.retrycache.statistics.expirytime = 100ms (default)
2023-12-19 18:17:59,992 [d0e3d241-91aa-4721-8188-ae5e0af11890-groupManagement] INFO  server.RaftServerConfigKeys (ConfUtils.java:logGet(46)) - raft.server.read.option = DEFAULT (default)
2023-12-19 18:17:59,992 [d0e3d241-91aa-4721-8188-ae5e0af11890-groupManagement] INFO  server.RaftServerConfigKeys (ConfUtils.java:logGet(46)) - raft.server.read.read-after-write-consistent.write-index-cache.expiry-time = 60s (default)
2023-12-19 18:18:00,005 [d0e3d241-91aa-4721-8188-ae5e0af11890-groupManagement] INFO  server.RaftServerConfigKeys (ConfUtils.java:logGet(46)) - raft.server.rpc.request.timeout = 60s (custom)
2023-12-19 18:18:00,005 [d0e3d241-91aa-4721-8188-ae5e0af11890-groupManagement] INFO  server.RaftServerConfigKeys (ConfUtils.java:logGet(46)) - raft.server.log.appender.install.snapshot.enabled = false (custom)
2023-12-19 18:18:00,005 [d0e3d241-91aa-4721-8188-ae5e0af11890-groupManagement] INFO  server.RaftServerConfigKeys (ConfUtils.java:logGet(46)) - raft.server.threadpool.server.cached = true (default)
2023-12-19 18:18:00,005 [d0e3d241-91aa-4721-8188-ae5e0af11890-groupManagement] INFO  server.RaftServerConfigKeys (ConfUtils.java:logGet(46)) - raft.server.threadpool.server.size = 0 (default)
2023-12-19 18:18:00,005 [d0e3d241-91aa-4721-8188-ae5e0af11890-groupManagement] INFO  server.RaftServerConfigKeys (ConfUtils.java:logGet(46)) - raft.server.threadpool.client.cached = true (default)
2023-12-19 18:18:00,005 [d0e3d241-91aa-4721-8188-ae5e0af11890-groupManagement] INFO  server.RaftServerConfigKeys (ConfUtils.java:logGet(46)) - raft.server.threadpool.client.size = 0 (default)
2023-12-19 18:18:00,005 [d0e3d241-91aa-4721-8188-ae5e0af11890-groupManagement] INFO  server.RaftServerConfigKeys (ConfUtils.java:logGet(46)) - raft.server.storage.free-space.min = 0MB (=0) (default)
2023-12-19 18:18:00,005 [d0e3d241-91aa-4721-8188-ae5e0af11890-groupManagement] INFO  server.RaftServerConfigKeys (ConfUtils.java:logGet(46)) - raft.server.log.corruption.policy = EXCEPTION (default)
2023-12-19 18:18:00,005 [d0e3d241-91aa-4721-8188-ae5e0af11890-groupManagement] INFO  server.RaftServerConfigKeys (ConfUtils.java:logGet(46)) - raft.server.storage.dir = [/home/runner/work/ozone/ozone/hadoop-ozone/integration-test/target/test-dir/MiniOzoneClusterImpl-c3f67427-b36b-4ee4-bde0-91623ce58163/datanode-0/data/ratis] (custom)
2023-12-19 18:18:00,006 [d0e3d241-91aa-4721-8188-ae5e0af11890-groupManagement] INFO  storage.RaftStorageDirectory (RaftStorageDirectoryImpl.java:analyzeStorage(138)) - The storage directory /home/runner/work/ozone/ozone/hadoop-ozone/integration-test/target/test-dir/MiniOzoneClusterImpl-c3f67427-b36b-4ee4-bde0-91623ce58163/datanode-0/data/ratis/b0913953-c2b7-42d5-8b34-475f844c1692 does not exist. Creating ...
2023-12-19 18:18:00,012 [d0e3d241-91aa-4721-8188-ae5e0af11890-groupManagement] INFO  storage.RaftStorageDirectory (RaftStorageDirectoryImpl.java:tryLock(232)) - Lock on /home/runner/work/ozone/ozone/hadoop-ozone/integration-test/target/test-dir/MiniOzoneClusterImpl-c3f67427-b36b-4ee4-bde0-91623ce58163/datanode-0/data/ratis/b0913953-c2b7-42d5-8b34-475f844c1692/in_use.lock acquired by nodename 34604@fv-az1381-513
2023-12-19 18:18:00,013 [d0e3d241-91aa-4721-8188-ae5e0af11890-groupManagement] INFO  storage.RaftStorage (RaftStorageImpl.java:format(97)) - Storage directory /home/runner/work/ozone/ozone/hadoop-ozone/integration-test/target/test-dir/MiniOzoneClusterImpl-c3f67427-b36b-4ee4-bde0-91623ce58163/datanode-0/data/ratis/b0913953-c2b7-42d5-8b34-475f844c1692 has been successfully formatted.
2023-12-19 18:18:00,017 [d0e3d241-91aa-4721-8188-ae5e0af11890-groupManagement] INFO  ratis.ContainerStateMachine (ContainerStateMachine.java:loadSnapshot(287)) - group-475F844C1692: The snapshot info is null. Setting the last applied indexto:(t:0, i:~)
2023-12-19 18:18:00,017 [d0e3d241-91aa-4721-8188-ae5e0af11890-groupManagement] INFO  server.RaftServerConfigKeys (ConfUtils.java:logGet(46)) - raft.server.log.use.memory = false (default)
2023-12-19 18:18:00,017 [d0e3d241-91aa-4721-8188-ae5e0af11890-groupManagement] INFO  server.RaftServerConfigKeys (ConfUtils.java:logGet(46)) - raft.server.log.purge.gap = 1000000 (custom)
2023-12-19 18:18:00,017 [d0e3d241-91aa-4721-8188-ae5e0af11890-groupManagement] INFO  server.RaftServerConfigKeys (ConfUtils.java:logGet(46)) - raft.server.log.appender.buffer.byte-limit = 8388608 (custom)
2023-12-19 18:18:00,017 [d0e3d241-91aa-4721-8188-ae5e0af11890-groupManagement] INFO  server.RaftServerConfigKeys (ConfUtils.java:logGet(46)) - raft.server.log.statemachine.data.read.timeout = 1000ms (default)
2023-12-19 18:18:00,017 [d0e3d241-91aa-4721-8188-ae5e0af11890-groupManagement] INFO  server.RaftServerConfigKeys (ConfUtils.java:logGet(46)) - raft.server.log.purge.preservation.log.num = 0 (default)
2023-12-19 18:18:00,023 [d0e3d241-91aa-4721-8188-ae5e0af11890-groupManagement] INFO  server.RaftServerConfigKeys (ConfUtils.java:logGet(46)) - raft.server.log.segment.size.max = 67108864 (custom)
2023-12-19 18:18:00,024 [d0e3d241-91aa-4721-8188-ae5e0af11890-groupManagement] INFO  server.RaftServerConfigKeys (ConfUtils.java:logGet(46)) - raft.server.log.segment.cache.num.max = 2 (custom)
2023-12-19 18:18:00,024 [d0e3d241-91aa-4721-8188-ae5e0af11890-groupManagement] INFO  server.RaftServerConfigKeys (ConfUtils.java:logGet(46)) - raft.server.log.segment.cache.size.max = 200MB (=209715200) (default)
2023-12-19 18:18:00,024 [d0e3d241-91aa-4721-8188-ae5e0af11890-groupManagement] INFO  server.RaftServerConfigKeys (ConfUtils.java:logGet(46)) - raft.server.log.appender.buffer.byte-limit = 8388608 (custom)
2023-12-19 18:18:00,024 [d0e3d241-91aa-4721-8188-ae5e0af11890-groupManagement] INFO  util.AwaitToRun (AwaitToRun.java:start(81)) - Thread[d0e3d241-91aa-4721-8188-ae5e0af11890@group-475F844C1692-cacheEviction-AwaitToRun,5,main] started
2023-12-19 18:18:00,025 [d0e3d241-91aa-4721-8188-ae5e0af11890-groupManagement] INFO  segmented.SegmentedRaftLogWorker (SegmentedRaftLogWorker.java:<init>(184)) - new d0e3d241-91aa-4721-8188-ae5e0af11890@group-475F844C1692-SegmentedRaftLogWorker for RaftStorageImpl:Storage Directory /home/runner/work/ozone/ozone/hadoop-ozone/integration-test/target/test-dir/MiniOzoneClusterImpl-c3f67427-b36b-4ee4-bde0-91623ce58163/datanode-0/data/ratis/b0913953-c2b7-42d5-8b34-475f844c1692
2023-12-19 18:18:00,025 [d0e3d241-91aa-4721-8188-ae5e0af11890-groupManagement] INFO  server.RaftServerConfigKeys (ConfUtils.java:logGet(46)) - raft.server.log.queue.byte-limit = 4294967296 (custom)
2023-12-19 18:18:00,025 [d0e3d241-91aa-4721-8188-ae5e0af11890-groupManagement] INFO  server.RaftServerConfigKeys (ConfUtils.java:logGet(46)) - raft.server.log.queue.element-limit = 1024 (custom)
2023-12-19 18:18:00,025 [d0e3d241-91aa-4721-8188-ae5e0af11890-groupManagement] INFO  server.RaftServerConfigKeys (ConfUtils.java:logGet(46)) - raft.server.log.segment.size.max = 67108864 (custom)
2023-12-19 18:18:00,025 [d0e3d241-91aa-4721-8188-ae5e0af11890-groupManagement] INFO  server.RaftServerConfigKeys (ConfUtils.java:logGet(46)) - raft.server.log.preallocated.size = 4194304 (custom)
2023-12-19 18:18:00,025 [d0e3d241-91aa-4721-8188-ae5e0af11890-groupManagement] INFO  server.RaftServerConfigKeys (ConfUtils.java:logGet(46)) - raft.server.log.force.sync.num = 128 (default)
2023-12-19 18:18:00,025 [d0e3d241-91aa-4721-8188-ae5e0af11890-groupManagement] INFO  server.RaftServerConfigKeys (ConfUtils.java:logGet(46)) - raft.server.log.statemachine.data.sync = true (default)
2023-12-19 18:18:00,025 [d0e3d241-91aa-4721-8188-ae5e0af11890-groupManagement] INFO  server.RaftServerConfigKeys (ConfUtils.java:logGet(46)) - raft.server.log.statemachine.data.sync.timeout = 10s (default)
2023-12-19 18:18:00,025 [d0e3d241-91aa-4721-8188-ae5e0af11890-groupManagement] INFO  server.RaftServerConfigKeys (ConfUtils.java:logGet(46)) - raft.server.log.statemachine.data.sync.timeout.retry = 0 (custom)
2023-12-19 18:18:00,026 [d0e3d241-91aa-4721-8188-ae5e0af11890-groupManagement] INFO  server.RaftServerConfigKeys (ConfUtils.java:logGet(46)) - raft.server.log.write.buffer.size = 8388616 (custom)
2023-12-19 18:18:00,028 [d0e3d241-91aa-4721-8188-ae5e0af11890-groupManagement] INFO  server.RaftServerConfigKeys (ConfUtils.java:logGet(46)) - raft.server.log.appender.buffer.byte-limit = 8388608 (custom)
2023-12-19 18:18:00,028 [d0e3d241-91aa-4721-8188-ae5e0af11890-groupManagement] INFO  server.RaftServerConfigKeys (ConfUtils.java:logGet(46)) - raft.server.log.unsafe-flush.enabled = false (default)
2023-12-19 18:18:00,029 [d0e3d241-91aa-4721-8188-ae5e0af11890-groupManagement] INFO  server.RaftServerConfigKeys (ConfUtils.java:logGet(46)) - raft.server.log.async-flush.enabled = false (default)
2023-12-19 18:18:00,029 [d0e3d241-91aa-4721-8188-ae5e0af11890-groupManagement] INFO  server.RaftServerConfigKeys (ConfUtils.java:logGet(46)) - raft.server.log.statemachine.data.caching.enabled = true (custom)
2023-12-19 18:18:00,029 [d0e3d241-91aa-4721-8188-ae5e0af11890-groupManagement] INFO  segmented.SegmentedRaftLogWorker (SegmentedRaftLogWorker.java:lambda$new$0(135)) - d0e3d241-91aa-4721-8188-ae5e0af11890@group-475F844C1692-SegmentedRaftLogWorker: flushIndex: setUnconditionally 0 -> -1
2023-12-19 18:18:00,029 [d0e3d241-91aa-4721-8188-ae5e0af11890-groupManagement] INFO  segmented.SegmentedRaftLogWorker (SegmentedRaftLogWorker.java:lambda$new$0(135)) - d0e3d241-91aa-4721-8188-ae5e0af11890@group-475F844C1692-SegmentedRaftLogWorker: safeCacheEvictIndex: setUnconditionally 0 -> -1
2023-12-19 18:18:00,029 [d0e3d241-91aa-4721-8188-ae5e0af11890-groupManagement] INFO  server.RaftServer$Division (RaftServerImpl.java:start(392)) - d0e3d241-91aa-4721-8188-ae5e0af11890@group-475F844C1692: start as a follower, conf=-1: peers:[d0e3d241-91aa-4721-8188-ae5e0af11890|10.1.0.19:15014]|listeners:[], old=null
2023-12-19 18:18:00,029 [d0e3d241-91aa-4721-8188-ae5e0af11890-groupManagement] INFO  server.RaftServer$Division (RaftServerImpl.java:setRole(379)) - d0e3d241-91aa-4721-8188-ae5e0af11890@group-475F844C1692: changes role from      null to FOLLOWER at term 0 for startAsFollower
2023-12-19 18:18:00,029 [d0e3d241-91aa-4721-8188-ae5e0af11890-groupManagement] INFO  impl.RoleInfo (RoleInfo.java:updateAndGet(139)) - d0e3d241-91aa-4721-8188-ae5e0af11890: start d0e3d241-91aa-4721-8188-ae5e0af11890@group-475F844C1692-FollowerState
2023-12-19 18:18:00,033 [d0e3d241-91aa-4721-8188-ae5e0af11890@group-475F844C1692-FollowerState] INFO  server.RaftServerConfigKeys (ConfUtils.java:logFallback(53)) - raft.server.rpc.first-election.timeout.min = 5s (fallback to raft.server.rpc.timeout.min)
2023-12-19 18:18:00,033 [d0e3d241-91aa-4721-8188-ae5e0af11890-groupManagement] INFO  util.JmxRegister (JmxRegister.java:tryRegister(44)) - Successfully registered JMX Bean with object name Ratis:service=RaftServer,group=group-475F844C1692,id=d0e3d241-91aa-4721-8188-ae5e0af11890
2023-12-19 18:18:00,033 [d0e3d241-91aa-4721-8188-ae5e0af11890-groupManagement] INFO  server.RaftServerConfigKeys (ConfUtils.java:logGet(46)) - raft.server.snapshot.trigger-when-stop.enabled = true (default)
2023-12-19 18:18:00,033 [d0e3d241-91aa-4721-8188-ae5e0af11890-groupManagement] INFO  server.RaftServerConfigKeys (ConfUtils.java:logGet(46)) - raft.server.snapshot.auto.trigger.enabled = true (custom)
2023-12-19 18:18:00,033 [d0e3d241-91aa-4721-8188-ae5e0af11890-groupManagement] INFO  server.RaftServerConfigKeys (ConfUtils.java:logGet(46)) - raft.server.snapshot.auto.trigger.threshold = 10000 (custom)
2023-12-19 18:18:00,034 [d0e3d241-91aa-4721-8188-ae5e0af11890-groupManagement] INFO  server.RaftServerConfigKeys (ConfUtils.java:logGet(46)) - raft.server.snapshot.retention.file.num = 5 (custom)
2023-12-19 18:18:00,034 [d0e3d241-91aa-4721-8188-ae5e0af11890-groupManagement] INFO  server.RaftServerConfigKeys (ConfUtils.java:logGet(46)) - raft.server.log.purge.upto.snapshot.index = false (default)
2023-12-19 18:18:00,033 [d0e3d241-91aa-4721-8188-ae5e0af11890@group-475F844C1692-FollowerState] INFO  server.RaftServerConfigKeys (ConfUtils.java:logFallback(53)) - raft.server.rpc.first-election.timeout.max = 5200ms (fallback to raft.server.rpc.timeout.max)
2023-12-19 18:18:00,036 [EventQueue-PipelineReportForPipelineReportHandler] INFO  pipeline.PipelineReportHandler (PipelineReportHandler.java:processPipelineReport(136)) - Opened pipeline PipelineID=b0913953-c2b7-42d5-8b34-475f844c1692
2023-12-19 18:18:00,037 [EventQueue-OpenPipelineForHealthyPipelineSafeModeRule] INFO  safemode.SCMSafeModeManager (HealthyPipelineSafeModeRule.java:process(140)) - SCM in safe mode. Healthy pipelines reported count is 0, required healthy pipeline reported count is 1
2023-12-19 18:18:00,040 [d0e3d241-91aa-4721-8188-ae5e0af11890-PipelineCommandHandlerThread-0] INFO  ratis.XceiverServerRatis (XceiverServerRatis.java:addGroup(837)) - Created group PipelineID=b0913953-c2b7-42d5-8b34-475f844c1692
2023-12-19 18:18:00,041 [d0e3d241-91aa-4721-8188-ae5e0af11890-PipelineCommandHandlerThread-0] INFO  commandhandler.CreatePipelineCommandHandler (CreatePipelineCommandHandler.java:lambda$handle$2(124)) - Created Pipeline RATIS ONE PipelineID=b0913953-c2b7-42d5-8b34-475f844c1692.
2023-12-19 18:18:00,041 [d0e3d241-91aa-4721-8188-ae5e0af11890-PipelineCommandHandlerThread-0] INFO  server.RaftServer (RaftServerProxy.java:addNew(100)) - d0e3d241-91aa-4721-8188-ae5e0af11890: addNew group-C09D2DD42166:[d0e3d241-91aa-4721-8188-ae5e0af11890|10.1.0.19:15014, e7599229-5a8e-48b0-86e7-2247601ad11a|10.1.0.19:15023, a1d25c87-0c45-4075-9fe0-f0708f172712|10.1.0.19:15032] returns group-C09D2DD42166:java.util.concurrent.CompletableFuture@4dff2077[Not completed]
2023-12-19 18:18:00,042 [d0e3d241-91aa-4721-8188-ae5e0af11890-groupManagement] INFO  server.RaftServer$Division (RaftServerImpl.java:<init>(256)) - d0e3d241-91aa-4721-8188-ae5e0af11890: new RaftServerImpl for group-C09D2DD42166:[d0e3d241-91aa-4721-8188-ae5e0af11890|10.1.0.19:15014, e7599229-5a8e-48b0-86e7-2247601ad11a|10.1.0.19:15023, a1d25c87-0c45-4075-9fe0-f0708f172712|10.1.0.19:15032] with ContainerStateMachine:uninitialized
2023-12-19 18:18:00,042 [d0e3d241-91aa-4721-8188-ae5e0af11890-groupManagement] INFO  server.RaftServerConfigKeys (ConfUtils.java:logGet(46)) - raft.server.rpc.timeout.min = 5s (custom)
2023-12-19 18:18:00,043 [d0e3d241-91aa-4721-8188-ae5e0af11890-groupManagement] INFO  server.RaftServerConfigKeys (ConfUtils.java:logGet(46)) - raft.server.rpc.timeout.max = 5200ms (custom)
2023-12-19 18:18:00,043 [d0e3d241-91aa-4721-8188-ae5e0af11890-groupManagement] INFO  server.RaftServerConfigKeys (ConfUtils.java:logGet(46)) - raft.server.rpc.sleep.time = 25ms (default)
2023-12-19 18:18:00,043 [d0e3d241-91aa-4721-8188-ae5e0af11890-groupManagement] INFO  server.RaftServerConfigKeys (ConfUtils.java:logGet(46)) - raft.server.rpc.slowness.timeout = 300s (custom)
2023-12-19 18:18:00,043 [d0e3d241-91aa-4721-8188-ae5e0af11890-groupManagement] INFO  server.RaftServerConfigKeys (ConfUtils.java:logGet(46)) - raft.server.leaderelection.leader.step-down.wait-time = 10s (default)
2023-12-19 18:18:00,043 [d0e3d241-91aa-4721-8188-ae5e0af11890-groupManagement] INFO  server.RaftServerConfigKeys (ConfUtils.java:logGet(46)) - raft.server.leaderelection.member.majority-add = false (default)
2023-12-19 18:18:00,043 [d0e3d241-91aa-4721-8188-ae5e0af11890-groupManagement] INFO  server.RaftServerConfigKeys (ConfUtils.java:logGet(46)) - raft.server.sleep.deviation.threshold = 300ms (default)
2023-12-19 18:18:00,043 [d0e3d241-91aa-4721-8188-ae5e0af11890-groupManagement] INFO  server.RaftServer$Division (ServerState.java:<init>(113)) - d0e3d241-91aa-4721-8188-ae5e0af11890@group-C09D2DD42166: ConfigurationManager, init=-1: peers:[d0e3d241-91aa-4721-8188-ae5e0af11890|10.1.0.19:15014, e7599229-5a8e-48b0-86e7-2247601ad11a|10.1.0.19:15023, a1d25c87-0c45-4075-9fe0-f0708f172712|10.1.0.19:15032]|listeners:[], old=null, confs=<EMPTY_MAP>
2023-12-19 18:18:00,043 [d0e3d241-91aa-4721-8188-ae5e0af11890-groupManagement] INFO  server.RaftServerConfigKeys (ConfUtils.java:logGet(46)) - raft.server.notification.no-leader.timeout = 300s (custom)
2023-12-19 18:18:00,043 [d0e3d241-91aa-4721-8188-ae5e0af11890-groupManagement] INFO  server.RaftServerConfigKeys (ConfUtils.java:logGet(46)) - raft.server.read.timeout = 10s (default)
2023-12-19 18:18:00,043 [d0e3d241-91aa-4721-8188-ae5e0af11890-groupManagement] INFO  server.RaftServerConfigKeys (ConfUtils.java:logGet(46)) - raft.server.retrycache.expirytime = 600000ms (custom)
2023-12-19 18:18:00,043 [d0e3d241-91aa-4721-8188-ae5e0af11890-groupManagement] INFO  server.RaftServerConfigKeys (ConfUtils.java:logGet(46)) - raft.server.retrycache.statistics.expirytime = 100ms (default)
2023-12-19 18:18:00,043 [d0e3d241-91aa-4721-8188-ae5e0af11890-groupManagement] INFO  server.RaftServerConfigKeys (ConfUtils.java:logGet(46)) - raft.server.read.option = DEFAULT (default)
2023-12-19 18:18:00,043 [d0e3d241-91aa-4721-8188-ae5e0af11890-groupManagement] INFO  server.RaftServerConfigKeys (ConfUtils.java:logGet(46)) - raft.server.read.read-after-write-consistent.write-index-cache.expiry-time = 60s (default)
2023-12-19 18:18:00,050 [d0e3d241-91aa-4721-8188-ae5e0af11890-groupManagement] INFO  server.RaftServerConfigKeys (ConfUtils.java:logGet(46)) - raft.server.rpc.request.timeout = 60s (custom)
2023-12-19 18:18:00,050 [d0e3d241-91aa-4721-8188-ae5e0af11890-groupManagement] INFO  server.RaftServerConfigKeys (ConfUtils.java:logGet(46)) - raft.server.log.appender.install.snapshot.enabled = false (custom)
2023-12-19 18:18:00,051 [d0e3d241-91aa-4721-8188-ae5e0af11890-groupManagement] INFO  server.RaftServerConfigKeys (ConfUtils.java:logGet(46)) - raft.server.threadpool.server.cached = true (default)
2023-12-19 18:18:00,051 [d0e3d241-91aa-4721-8188-ae5e0af11890-groupManagement] INFO  server.RaftServerConfigKeys (ConfUtils.java:logGet(46)) - raft.server.threadpool.server.size = 0 (default)
2023-12-19 18:18:00,051 [d0e3d241-91aa-4721-8188-ae5e0af11890-groupManagement] INFO  server.RaftServerConfigKeys (ConfUtils.java:logGet(46)) - raft.server.threadpool.client.cached = true (default)
2023-12-19 18:18:00,051 [d0e3d241-91aa-4721-8188-ae5e0af11890-groupManagement] INFO  server.RaftServerConfigKeys (ConfUtils.java:logGet(46)) - raft.server.threadpool.client.size = 0 (default)
2023-12-19 18:18:00,051 [d0e3d241-91aa-4721-8188-ae5e0af11890-groupManagement] INFO  server.RaftServerConfigKeys (ConfUtils.java:logGet(46)) - raft.server.storage.free-space.min = 0MB (=0) (default)
2023-12-19 18:18:00,051 [d0e3d241-91aa-4721-8188-ae5e0af11890-groupManagement] INFO  server.RaftServerConfigKeys (ConfUtils.java:logGet(46)) - raft.server.log.corruption.policy = EXCEPTION (default)
2023-12-19 18:18:00,051 [d0e3d241-91aa-4721-8188-ae5e0af11890-groupManagement] INFO  server.RaftServerConfigKeys (ConfUtils.java:logGet(46)) - raft.server.storage.dir = [/home/runner/work/ozone/ozone/hadoop-ozone/integration-test/target/test-dir/MiniOzoneClusterImpl-c3f67427-b36b-4ee4-bde0-91623ce58163/datanode-0/data/ratis] (custom)
2023-12-19 18:18:00,051 [d0e3d241-91aa-4721-8188-ae5e0af11890-groupManagement] INFO  storage.RaftStorageDirectory (RaftStorageDirectoryImpl.java:analyzeStorage(138)) - The storage directory /home/runner/work/ozone/ozone/hadoop-ozone/integration-test/target/test-dir/MiniOzoneClusterImpl-c3f67427-b36b-4ee4-bde0-91623ce58163/datanode-0/data/ratis/e1d0cfcb-53bb-47dd-964d-c09d2dd42166 does not exist. Creating ...
2023-12-19 18:18:00,052 [d0e3d241-91aa-4721-8188-ae5e0af11890-groupManagement] INFO  storage.RaftStorageDirectory (RaftStorageDirectoryImpl.java:tryLock(232)) - Lock on /home/runner/work/ozone/ozone/hadoop-ozone/integration-test/target/test-dir/MiniOzoneClusterImpl-c3f67427-b36b-4ee4-bde0-91623ce58163/datanode-0/data/ratis/e1d0cfcb-53bb-47dd-964d-c09d2dd42166/in_use.lock acquired by nodename 34604@fv-az1381-513
2023-12-19 18:18:00,054 [d0e3d241-91aa-4721-8188-ae5e0af11890-groupManagement] INFO  storage.RaftStorage (RaftStorageImpl.java:format(97)) - Storage directory /home/runner/work/ozone/ozone/hadoop-ozone/integration-test/target/test-dir/MiniOzoneClusterImpl-c3f67427-b36b-4ee4-bde0-91623ce58163/datanode-0/data/ratis/e1d0cfcb-53bb-47dd-964d-c09d2dd42166 has been successfully formatted.
2023-12-19 18:18:00,054 [d0e3d241-91aa-4721-8188-ae5e0af11890-groupManagement] INFO  ratis.ContainerStateMachine (ContainerStateMachine.java:loadSnapshot(287)) - group-C09D2DD42166: The snapshot info is null. Setting the last applied indexto:(t:0, i:~)
2023-12-19 18:18:00,054 [d0e3d241-91aa-4721-8188-ae5e0af11890-groupManagement] INFO  server.RaftServerConfigKeys (ConfUtils.java:logGet(46)) - raft.server.log.use.memory = false (default)
2023-12-19 18:18:00,054 [d0e3d241-91aa-4721-8188-ae5e0af11890-groupManagement] INFO  server.RaftServerConfigKeys (ConfUtils.java:logGet(46)) - raft.server.log.purge.gap = 1000000 (custom)
2023-12-19 18:18:00,054 [d0e3d241-91aa-4721-8188-ae5e0af11890-groupManagement] INFO  server.RaftServerConfigKeys (ConfUtils.java:logGet(46)) - raft.server.log.appender.buffer.byte-limit = 8388608 (custom)
2023-12-19 18:18:00,054 [d0e3d241-91aa-4721-8188-ae5e0af11890-groupManagement] INFO  server.RaftServerConfigKeys (ConfUtils.java:logGet(46)) - raft.server.log.statemachine.data.read.timeout = 1000ms (default)
2023-12-19 18:18:00,054 [d0e3d241-91aa-4721-8188-ae5e0af11890-groupManagement] INFO  server.RaftServerConfigKeys (ConfUtils.java:logGet(46)) - raft.server.log.purge.preservation.log.num = 0 (default)
2023-12-19 18:18:00,056 [EventQueue-OpenPipelineForHealthyPipelineSafeModeRule] INFO  safemode.SCMSafeModeManager (HealthyPipelineSafeModeRule.java:process(140)) - SCM in safe mode. Healthy pipelines reported count is 0, required healthy pipeline reported count is 1
2023-12-19 18:18:00,059 [d0e3d241-91aa-4721-8188-ae5e0af11890-groupManagement] INFO  server.RaftServerConfigKeys (ConfUtils.java:logGet(46)) - raft.server.log.segment.size.max = 67108864 (custom)
2023-12-19 18:18:00,064 [d0e3d241-91aa-4721-8188-ae5e0af11890-groupManagement] INFO  server.RaftServerConfigKeys (ConfUtils.java:logGet(46)) - raft.server.log.segment.cache.num.max = 2 (custom)
2023-12-19 18:18:00,064 [d0e3d241-91aa-4721-8188-ae5e0af11890-groupManagement] INFO  server.RaftServerConfigKeys (ConfUtils.java:logGet(46)) - raft.server.log.segment.cache.size.max = 200MB (=209715200) (default)
2023-12-19 18:18:00,064 [d0e3d241-91aa-4721-8188-ae5e0af11890-groupManagement] INFO  server.RaftServerConfigKeys (ConfUtils.java:logGet(46)) - raft.server.log.appender.buffer.byte-limit = 8388608 (custom)
2023-12-19 18:18:00,064 [d0e3d241-91aa-4721-8188-ae5e0af11890-groupManagement] INFO  util.AwaitToRun (AwaitToRun.java:start(81)) - Thread[d0e3d241-91aa-4721-8188-ae5e0af11890@group-C09D2DD42166-cacheEviction-AwaitToRun,5,main] started
2023-12-19 18:18:00,064 [d0e3d241-91aa-4721-8188-ae5e0af11890-groupManagement] INFO  segmented.SegmentedRaftLogWorker (SegmentedRaftLogWorker.java:<init>(184)) - new d0e3d241-91aa-4721-8188-ae5e0af11890@group-C09D2DD42166-SegmentedRaftLogWorker for RaftStorageImpl:Storage Directory /home/runner/work/ozone/ozone/hadoop-ozone/integration-test/target/test-dir/MiniOzoneClusterImpl-c3f67427-b36b-4ee4-bde0-91623ce58163/datanode-0/data/ratis/e1d0cfcb-53bb-47dd-964d-c09d2dd42166
2023-12-19 18:18:00,064 [d0e3d241-91aa-4721-8188-ae5e0af11890-groupManagement] INFO  server.RaftServerConfigKeys (ConfUtils.java:logGet(46)) - raft.server.log.queue.byte-limit = 4294967296 (custom)
2023-12-19 18:18:00,065 [d0e3d241-91aa-4721-8188-ae5e0af11890-groupManagement] INFO  server.RaftServerConfigKeys (ConfUtils.java:logGet(46)) - raft.server.log.queue.element-limit = 1024 (custom)
2023-12-19 18:18:00,065 [d0e3d241-91aa-4721-8188-ae5e0af11890-groupManagement] INFO  server.RaftServerConfigKeys (ConfUtils.java:logGet(46)) - raft.server.log.segment.size.max = 67108864 (custom)
2023-12-19 18:18:00,065 [d0e3d241-91aa-4721-8188-ae5e0af11890-groupManagement] INFO  server.RaftServerConfigKeys (ConfUtils.java:logGet(46)) - raft.server.log.preallocated.size = 4194304 (custom)
2023-12-19 18:18:00,065 [d0e3d241-91aa-4721-8188-ae5e0af11890-groupManagement] INFO  server.RaftServerConfigKeys (ConfUtils.java:logGet(46)) - raft.server.log.force.sync.num = 128 (default)
2023-12-19 18:18:00,065 [d0e3d241-91aa-4721-8188-ae5e0af11890-groupManagement] INFO  server.RaftServerConfigKeys (ConfUtils.java:logGet(46)) - raft.server.log.statemachine.data.sync = true (default)
2023-12-19 18:18:00,065 [d0e3d241-91aa-4721-8188-ae5e0af11890-groupManagement] INFO  server.RaftServerConfigKeys (ConfUtils.java:logGet(46)) - raft.server.log.statemachine.data.sync.timeout = 10s (default)
2023-12-19 18:18:00,065 [d0e3d241-91aa-4721-8188-ae5e0af11890-groupManagement] INFO  server.RaftServerConfigKeys (ConfUtils.java:logGet(46)) - raft.server.log.statemachine.data.sync.timeout.retry = 0 (custom)
2023-12-19 18:18:00,066 [d0e3d241-91aa-4721-8188-ae5e0af11890-groupManagement] INFO  server.RaftServerConfigKeys (ConfUtils.java:logGet(46)) - raft.server.log.write.buffer.size = 8388616 (custom)
2023-12-19 18:18:00,068 [d0e3d241-91aa-4721-8188-ae5e0af11890-groupManagement] INFO  server.RaftServerConfigKeys (ConfUtils.java:logGet(46)) - raft.server.log.appender.buffer.byte-limit = 8388608 (custom)
2023-12-19 18:18:00,068 [d0e3d241-91aa-4721-8188-ae5e0af11890-groupManagement] INFO  server.RaftServerConfigKeys (ConfUtils.java:logGet(46)) - raft.server.log.unsafe-flush.enabled = false (default)
2023-12-19 18:18:00,069 [d0e3d241-91aa-4721-8188-ae5e0af11890-groupManagement] INFO  server.RaftServerConfigKeys (ConfUtils.java:logGet(46)) - raft.server.log.async-flush.enabled = false (default)
2023-12-19 18:18:00,069 [d0e3d241-91aa-4721-8188-ae5e0af11890-groupManagement] INFO  server.RaftServerConfigKeys (ConfUtils.java:logGet(46)) - raft.server.log.statemachine.data.caching.enabled = true (custom)
2023-12-19 18:18:00,069 [d0e3d241-91aa-4721-8188-ae5e0af11890-groupManagement] INFO  segmented.SegmentedRaftLogWorker (SegmentedRaftLogWorker.java:lambda$new$0(135)) - d0e3d241-91aa-4721-8188-ae5e0af11890@group-C09D2DD42166-SegmentedRaftLogWorker: flushIndex: setUnconditionally 0 -> -1
2023-12-19 18:18:00,069 [d0e3d241-91aa-4721-8188-ae5e0af11890-groupManagement] INFO  segmented.SegmentedRaftLogWorker (SegmentedRaftLogWorker.java:lambda$new$0(135)) - d0e3d241-91aa-4721-8188-ae5e0af11890@group-C09D2DD42166-SegmentedRaftLogWorker: safeCacheEvictIndex: setUnconditionally 0 -> -1
2023-12-19 18:18:00,069 [d0e3d241-91aa-4721-8188-ae5e0af11890-groupManagement] INFO  server.RaftServer$Division (RaftServerImpl.java:start(392)) - d0e3d241-91aa-4721-8188-ae5e0af11890@group-C09D2DD42166: start as a follower, conf=-1: peers:[d0e3d241-91aa-4721-8188-ae5e0af11890|10.1.0.19:15014, e7599229-5a8e-48b0-86e7-2247601ad11a|10.1.0.19:15023, a1d25c87-0c45-4075-9fe0-f0708f172712|10.1.0.19:15032]|listeners:[], old=null
2023-12-19 18:18:00,069 [d0e3d241-91aa-4721-8188-ae5e0af11890-groupManagement] INFO  server.RaftServer$Division (RaftServerImpl.java:setRole(379)) - d0e3d241-91aa-4721-8188-ae5e0af11890@group-C09D2DD42166: changes role from      null to FOLLOWER at term 0 for startAsFollower
2023-12-19 18:18:00,069 [d0e3d241-91aa-4721-8188-ae5e0af11890-groupManagement] INFO  impl.RoleInfo (RoleInfo.java:updateAndGet(139)) - d0e3d241-91aa-4721-8188-ae5e0af11890: start d0e3d241-91aa-4721-8188-ae5e0af11890@group-C09D2DD42166-FollowerState
2023-12-19 18:18:00,070 [d0e3d241-91aa-4721-8188-ae5e0af11890@group-C09D2DD42166-FollowerState] INFO  server.RaftServerConfigKeys (ConfUtils.java:logFallback(53)) - raft.server.rpc.first-election.timeout.min = 5s (fallback to raft.server.rpc.timeout.min)
2023-12-19 18:18:00,070 [d0e3d241-91aa-4721-8188-ae5e0af11890@group-C09D2DD42166-FollowerState] INFO  server.RaftServerConfigKeys (ConfUtils.java:logFallback(53)) - raft.server.rpc.first-election.timeout.max = 5200ms (fallback to raft.server.rpc.timeout.max)
2023-12-19 18:18:00,070 [d0e3d241-91aa-4721-8188-ae5e0af11890-groupManagement] INFO  util.JmxRegister (JmxRegister.java:tryRegister(44)) - Successfully registered JMX Bean with object name Ratis:service=RaftServer,group=group-C09D2DD42166,id=d0e3d241-91aa-4721-8188-ae5e0af11890
2023-12-19 18:18:00,070 [d0e3d241-91aa-4721-8188-ae5e0af11890-groupManagement] INFO  server.RaftServerConfigKeys (ConfUtils.java:logGet(46)) - raft.server.snapshot.trigger-when-stop.enabled = true (default)
2023-12-19 18:18:00,070 [d0e3d241-91aa-4721-8188-ae5e0af11890-groupManagement] INFO  server.RaftServerConfigKeys (ConfUtils.java:logGet(46)) - raft.server.snapshot.auto.trigger.enabled = true (custom)
2023-12-19 18:18:00,070 [d0e3d241-91aa-4721-8188-ae5e0af11890-groupManagement] INFO  server.RaftServerConfigKeys (ConfUtils.java:logGet(46)) - raft.server.snapshot.auto.trigger.threshold = 10000 (custom)
2023-12-19 18:18:00,070 [d0e3d241-91aa-4721-8188-ae5e0af11890-groupManagement] INFO  server.RaftServerConfigKeys (ConfUtils.java:logGet(46)) - raft.server.snapshot.retention.file.num = 5 (custom)
2023-12-19 18:18:00,070 [d0e3d241-91aa-4721-8188-ae5e0af11890-groupManagement] INFO  server.RaftServerConfigKeys (ConfUtils.java:logGet(46)) - raft.server.log.purge.upto.snapshot.index = false (default)
2023-12-19 18:18:00,071 [d0e3d241-91aa-4721-8188-ae5e0af11890-PipelineCommandHandlerThread-0] INFO  ratis.XceiverServerRatis (XceiverServerRatis.java:addGroup(837)) - Created group PipelineID=e1d0cfcb-53bb-47dd-964d-c09d2dd42166
2023-12-19 18:18:00,140 [e7599229-5a8e-48b0-86e7-2247601ad11a-PipelineCommandHandlerThread-0] INFO  server.RaftServer (RaftServerProxy.java:addNew(100)) - e7599229-5a8e-48b0-86e7-2247601ad11a: addNew group-8A49F5043956:[e7599229-5a8e-48b0-86e7-2247601ad11a|10.1.0.19:15023] returns group-8A49F5043956:java.util.concurrent.CompletableFuture@71ccc05f[Not completed]
2023-12-19 18:18:00,198 [e7599229-5a8e-48b0-86e7-2247601ad11a-groupManagement] INFO  server.RaftServer$Division (RaftServerImpl.java:<init>(256)) - e7599229-5a8e-48b0-86e7-2247601ad11a: new RaftServerImpl for group-8A49F5043956:[e7599229-5a8e-48b0-86e7-2247601ad11a|10.1.0.19:15023] with ContainerStateMachine:uninitialized
2023-12-19 18:18:00,198 [e7599229-5a8e-48b0-86e7-2247601ad11a-groupManagement] INFO  server.RaftServerConfigKeys (ConfUtils.java:logGet(46)) - raft.server.rpc.timeout.min = 5s (custom)
2023-12-19 18:18:00,198 [e7599229-5a8e-48b0-86e7-2247601ad11a-groupManagement] INFO  server.RaftServerConfigKeys (ConfUtils.java:logGet(46)) - raft.server.rpc.timeout.max = 5200ms (custom)
2023-12-19 18:18:00,199 [e7599229-5a8e-48b0-86e7-2247601ad11a-groupManagement] INFO  server.RaftServerConfigKeys (ConfUtils.java:logGet(46)) - raft.server.rpc.sleep.time = 25ms (default)
2023-12-19 18:18:00,199 [e7599229-5a8e-48b0-86e7-2247601ad11a-groupManagement] INFO  server.RaftServerConfigKeys (ConfUtils.java:logGet(46)) - raft.server.rpc.slowness.timeout = 300s (custom)
2023-12-19 18:18:00,199 [e7599229-5a8e-48b0-86e7-2247601ad11a-groupManagement] INFO  server.RaftServerConfigKeys (ConfUtils.java:logGet(46)) - raft.server.leaderelection.leader.step-down.wait-time = 10s (default)
2023-12-19 18:18:00,199 [e7599229-5a8e-48b0-86e7-2247601ad11a-groupManagement] INFO  server.RaftServerConfigKeys (ConfUtils.java:logGet(46)) - raft.server.leaderelection.member.majority-add = false (default)
2023-12-19 18:18:00,199 [e7599229-5a8e-48b0-86e7-2247601ad11a-groupManagement] INFO  server.RaftServerConfigKeys (ConfUtils.java:logGet(46)) - raft.server.sleep.deviation.threshold = 300ms (default)
2023-12-19 18:18:00,199 [e7599229-5a8e-48b0-86e7-2247601ad11a-groupManagement] INFO  server.RaftServer$Division (ServerState.java:<init>(113)) - e7599229-5a8e-48b0-86e7-2247601ad11a@group-8A49F5043956: ConfigurationManager, init=-1: peers:[e7599229-5a8e-48b0-86e7-2247601ad11a|10.1.0.19:15023]|listeners:[], old=null, confs=<EMPTY_MAP>
2023-12-19 18:18:00,199 [e7599229-5a8e-48b0-86e7-2247601ad11a-groupManagement] INFO  server.RaftServerConfigKeys (ConfUtils.java:logGet(46)) - raft.server.notification.no-leader.timeout = 300s (custom)
2023-12-19 18:18:00,199 [e7599229-5a8e-48b0-86e7-2247601ad11a-groupManagement] INFO  server.RaftServerConfigKeys (ConfUtils.java:logGet(46)) - raft.server.read.timeout = 10s (default)
2023-12-19 18:18:00,199 [e7599229-5a8e-48b0-86e7-2247601ad11a-groupManagement] INFO  server.RaftServerConfigKeys (ConfUtils.java:logGet(46)) - raft.server.retrycache.expirytime = 600000ms (custom)
2023-12-19 18:18:00,199 [e7599229-5a8e-48b0-86e7-2247601ad11a-groupManagement] INFO  server.RaftServerConfigKeys (ConfUtils.java:logGet(46)) - raft.server.retrycache.statistics.expirytime = 100ms (default)
2023-12-19 18:18:00,199 [e7599229-5a8e-48b0-86e7-2247601ad11a-groupManagement] INFO  server.RaftServerConfigKeys (ConfUtils.java:logGet(46)) - raft.server.read.option = DEFAULT (default)
2023-12-19 18:18:00,199 [e7599229-5a8e-48b0-86e7-2247601ad11a-groupManagement] INFO  server.RaftServerConfigKeys (ConfUtils.java:logGet(46)) - raft.server.read.read-after-write-consistent.write-index-cache.expiry-time = 60s (default)
2023-12-19 18:18:00,208 [e7599229-5a8e-48b0-86e7-2247601ad11a-groupManagement] INFO  server.RaftServerConfigKeys (ConfUtils.java:logGet(46)) - raft.server.rpc.request.timeout = 60s (custom)
2023-12-19 18:18:00,208 [e7599229-5a8e-48b0-86e7-2247601ad11a-groupManagement] INFO  server.RaftServerConfigKeys (ConfUtils.java:logGet(46)) - raft.server.log.appender.install.snapshot.enabled = false (custom)
2023-12-19 18:18:00,208 [e7599229-5a8e-48b0-86e7-2247601ad11a-groupManagement] INFO  server.RaftServerConfigKeys (ConfUtils.java:logGet(46)) - raft.server.threadpool.server.cached = true (default)
2023-12-19 18:18:00,208 [e7599229-5a8e-48b0-86e7-2247601ad11a-groupManagement] INFO  server.RaftServerConfigKeys (ConfUtils.java:logGet(46)) - raft.server.threadpool.server.size = 0 (default)
2023-12-19 18:18:00,208 [e7599229-5a8e-48b0-86e7-2247601ad11a-groupManagement] INFO  server.RaftServerConfigKeys (ConfUtils.java:logGet(46)) - raft.server.threadpool.client.cached = true (default)
2023-12-19 18:18:00,208 [e7599229-5a8e-48b0-86e7-2247601ad11a-groupManagement] INFO  server.RaftServerConfigKeys (ConfUtils.java:logGet(46)) - raft.server.threadpool.client.size = 0 (default)
2023-12-19 18:18:00,208 [e7599229-5a8e-48b0-86e7-2247601ad11a-groupManagement] INFO  server.RaftServerConfigKeys (ConfUtils.java:logGet(46)) - raft.server.storage.free-space.min = 0MB (=0) (default)
2023-12-19 18:18:00,208 [e7599229-5a8e-48b0-86e7-2247601ad11a-groupManagement] INFO  server.RaftServerConfigKeys (ConfUtils.java:logGet(46)) - raft.server.log.corruption.policy = EXCEPTION (default)
2023-12-19 18:18:00,209 [e7599229-5a8e-48b0-86e7-2247601ad11a-groupManagement] INFO  server.RaftServerConfigKeys (ConfUtils.java:logGet(46)) - raft.server.storage.dir = [/home/runner/work/ozone/ozone/hadoop-ozone/integration-test/target/test-dir/MiniOzoneClusterImpl-c3f67427-b36b-4ee4-bde0-91623ce58163/datanode-1/data/ratis] (custom)
2023-12-19 18:18:00,209 [e7599229-5a8e-48b0-86e7-2247601ad11a-groupManagement] INFO  storage.RaftStorageDirectory (RaftStorageDirectoryImpl.java:analyzeStorage(138)) - The storage directory /home/runner/work/ozone/ozone/hadoop-ozone/integration-test/target/test-dir/MiniOzoneClusterImpl-c3f67427-b36b-4ee4-bde0-91623ce58163/datanode-1/data/ratis/843437e4-c25a-4275-9f4b-8a49f5043956 does not exist. Creating ...
2023-12-19 18:18:00,211 [e7599229-5a8e-48b0-86e7-2247601ad11a-groupManagement] INFO  storage.RaftStorageDirectory (RaftStorageDirectoryImpl.java:tryLock(232)) - Lock on /home/runner/work/ozone/ozone/hadoop-ozone/integration-test/target/test-dir/MiniOzoneClusterImpl-c3f67427-b36b-4ee4-bde0-91623ce58163/datanode-1/data/ratis/843437e4-c25a-4275-9f4b-8a49f5043956/in_use.lock acquired by nodename 34604@fv-az1381-513
2023-12-19 18:18:00,213 [e7599229-5a8e-48b0-86e7-2247601ad11a-groupManagement] INFO  storage.RaftStorage (RaftStorageImpl.java:format(97)) - Storage directory /home/runner/work/ozone/ozone/hadoop-ozone/integration-test/target/test-dir/MiniOzoneClusterImpl-c3f67427-b36b-4ee4-bde0-91623ce58163/datanode-1/data/ratis/843437e4-c25a-4275-9f4b-8a49f5043956 has been successfully formatted.
2023-12-19 18:18:00,222 [e7599229-5a8e-48b0-86e7-2247601ad11a-groupManagement] INFO  ratis.ContainerStateMachine (ContainerStateMachine.java:loadSnapshot(287)) - group-8A49F5043956: The snapshot info is null. Setting the last applied indexto:(t:0, i:~)
2023-12-19 18:18:00,223 [e7599229-5a8e-48b0-86e7-2247601ad11a-groupManagement] INFO  server.RaftServerConfigKeys (ConfUtils.java:logGet(46)) - raft.server.log.use.memory = false (default)
2023-12-19 18:18:00,223 [e7599229-5a8e-48b0-86e7-2247601ad11a-groupManagement] INFO  server.RaftServerConfigKeys (ConfUtils.java:logGet(46)) - raft.server.log.purge.gap = 1000000 (custom)
2023-12-19 18:18:00,223 [e7599229-5a8e-48b0-86e7-2247601ad11a-groupManagement] INFO  server.RaftServerConfigKeys (ConfUtils.java:logGet(46)) - raft.server.log.appender.buffer.byte-limit = 8388608 (custom)
2023-12-19 18:18:00,223 [e7599229-5a8e-48b0-86e7-2247601ad11a-groupManagement] INFO  server.RaftServerConfigKeys (ConfUtils.java:logGet(46)) - raft.server.log.statemachine.data.read.timeout = 1000ms (default)
2023-12-19 18:18:00,223 [e7599229-5a8e-48b0-86e7-2247601ad11a-groupManagement] INFO  server.RaftServerConfigKeys (ConfUtils.java:logGet(46)) - raft.server.log.purge.preservation.log.num = 0 (default)
2023-12-19 18:18:00,225 [EventQueue-PipelineReportForPipelineReportHandler] INFO  pipeline.PipelineReportHandler (PipelineReportHandler.java:processPipelineReport(136)) - Opened pipeline PipelineID=843437e4-c25a-4275-9f4b-8a49f5043956
2023-12-19 18:18:00,225 [EventQueue-OpenPipelineForHealthyPipelineSafeModeRule] INFO  safemode.SCMSafeModeManager (HealthyPipelineSafeModeRule.java:process(140)) - SCM in safe mode. Healthy pipelines reported count is 0, required healthy pipeline reported count is 1
2023-12-19 18:18:00,229 [e7599229-5a8e-48b0-86e7-2247601ad11a-groupManagement] INFO  server.RaftServerConfigKeys (ConfUtils.java:logGet(46)) - raft.server.log.segment.size.max = 67108864 (custom)
2023-12-19 18:18:00,230 [e7599229-5a8e-48b0-86e7-2247601ad11a-groupManagement] INFO  server.RaftServerConfigKeys (ConfUtils.java:logGet(46)) - raft.server.log.segment.cache.num.max = 2 (custom)
2023-12-19 18:18:00,230 [e7599229-5a8e-48b0-86e7-2247601ad11a-groupManagement] INFO  server.RaftServerConfigKeys (ConfUtils.java:logGet(46)) - raft.server.log.segment.cache.size.max = 200MB (=209715200) (default)
2023-12-19 18:18:00,231 [e7599229-5a8e-48b0-86e7-2247601ad11a-groupManagement] INFO  server.RaftServerConfigKeys (ConfUtils.java:logGet(46)) - raft.server.log.appender.buffer.byte-limit = 8388608 (custom)
2023-12-19 18:18:00,231 [e7599229-5a8e-48b0-86e7-2247601ad11a-groupManagement] INFO  util.AwaitToRun (AwaitToRun.java:start(81)) - Thread[e7599229-5a8e-48b0-86e7-2247601ad11a@group-8A49F5043956-cacheEviction-AwaitToRun,5,main] started
2023-12-19 18:18:00,233 [e7599229-5a8e-48b0-86e7-2247601ad11a-groupManagement] INFO  segmented.SegmentedRaftLogWorker (SegmentedRaftLogWorker.java:<init>(184)) - new e7599229-5a8e-48b0-86e7-2247601ad11a@group-8A49F5043956-SegmentedRaftLogWorker for RaftStorageImpl:Storage Directory /home/runner/work/ozone/ozone/hadoop-ozone/integration-test/target/test-dir/MiniOzoneClusterImpl-c3f67427-b36b-4ee4-bde0-91623ce58163/datanode-1/data/ratis/843437e4-c25a-4275-9f4b-8a49f5043956
2023-12-19 18:18:00,233 [e7599229-5a8e-48b0-86e7-2247601ad11a-groupManagement] INFO  server.RaftServerConfigKeys (ConfUtils.java:logGet(46)) - raft.server.log.queue.byte-limit = 4294967296 (custom)
2023-12-19 18:18:00,233 [e7599229-5a8e-48b0-86e7-2247601ad11a-groupManagement] INFO  server.RaftServerConfigKeys (ConfUtils.java:logGet(46)) - raft.server.log.queue.element-limit = 1024 (custom)
2023-12-19 18:18:00,233 [e7599229-5a8e-48b0-86e7-2247601ad11a-groupManagement] INFO  server.RaftServerConfigKeys (ConfUtils.java:logGet(46)) - raft.server.log.segment.size.max = 67108864 (custom)
2023-12-19 18:18:00,233 [e7599229-5a8e-48b0-86e7-2247601ad11a-groupManagement] INFO  server.RaftServerConfigKeys (ConfUtils.java:logGet(46)) - raft.server.log.preallocated.size = 4194304 (custom)
2023-12-19 18:18:00,233 [e7599229-5a8e-48b0-86e7-2247601ad11a-groupManagement] INFO  server.RaftServerConfigKeys (ConfUtils.java:logGet(46)) - raft.server.log.force.sync.num = 128 (default)
2023-12-19 18:18:00,233 [e7599229-5a8e-48b0-86e7-2247601ad11a-groupManagement] INFO  server.RaftServerConfigKeys (ConfUtils.java:logGet(46)) - raft.server.log.statemachine.data.sync = true (default)
2023-12-19 18:18:00,233 [e7599229-5a8e-48b0-86e7-2247601ad11a-groupManagement] INFO  server.RaftServerConfigKeys (ConfUtils.java:logGet(46)) - raft.server.log.statemachine.data.sync.timeout = 10s (default)
2023-12-19 18:18:00,234 [e7599229-5a8e-48b0-86e7-2247601ad11a-groupManagement] INFO  server.RaftServerConfigKeys (ConfUtils.java:logGet(46)) - raft.server.log.statemachine.data.sync.timeout.retry = 0 (custom)
2023-12-19 18:18:00,234 [e7599229-5a8e-48b0-86e7-2247601ad11a-groupManagement] INFO  server.RaftServerConfigKeys (ConfUtils.java:logGet(46)) - raft.server.log.write.buffer.size = 8388616 (custom)
2023-12-19 18:18:00,237 [e7599229-5a8e-48b0-86e7-2247601ad11a-groupManagement] INFO  server.RaftServerConfigKeys (ConfUtils.java:logGet(46)) - raft.server.log.appender.buffer.byte-limit = 8388608 (custom)
2023-12-19 18:18:00,238 [e7599229-5a8e-48b0-86e7-2247601ad11a-groupManagement] INFO  server.RaftServerConfigKeys (ConfUtils.java:logGet(46)) - raft.server.log.unsafe-flush.enabled = false (default)
2023-12-19 18:18:00,238 [e7599229-5a8e-48b0-86e7-2247601ad11a-groupManagement] INFO  server.RaftServerConfigKeys (ConfUtils.java:logGet(46)) - raft.server.log.async-flush.enabled = false (default)
2023-12-19 18:18:00,238 [e7599229-5a8e-48b0-86e7-2247601ad11a-groupManagement] INFO  server.RaftServerConfigKeys (ConfUtils.java:logGet(46)) - raft.server.log.statemachine.data.caching.enabled = true (custom)
2023-12-19 18:18:00,239 [e7599229-5a8e-48b0-86e7-2247601ad11a-groupManagement] INFO  segmented.SegmentedRaftLogWorker (SegmentedRaftLogWorker.java:lambda$new$0(135)) - e7599229-5a8e-48b0-86e7-2247601ad11a@group-8A49F5043956-SegmentedRaftLogWorker: flushIndex: setUnconditionally 0 -> -1
2023-12-19 18:18:00,239 [e7599229-5a8e-48b0-86e7-2247601ad11a-groupManagement] INFO  segmented.SegmentedRaftLogWorker (SegmentedRaftLogWorker.java:lambda$new$0(135)) - e7599229-5a8e-48b0-86e7-2247601ad11a@group-8A49F5043956-SegmentedRaftLogWorker: safeCacheEvictIndex: setUnconditionally 0 -> -1
2023-12-19 18:18:00,241 [e7599229-5a8e-48b0-86e7-2247601ad11a-groupManagement] INFO  server.RaftServer$Division (RaftServerImpl.java:start(392)) - e7599229-5a8e-48b0-86e7-2247601ad11a@group-8A49F5043956: start as a follower, conf=-1: peers:[e7599229-5a8e-48b0-86e7-2247601ad11a|10.1.0.19:15023]|listeners:[], old=null
2023-12-19 18:18:00,241 [e7599229-5a8e-48b0-86e7-2247601ad11a-groupManagement] INFO  server.RaftServer$Division (RaftServerImpl.java:setRole(379)) - e7599229-5a8e-48b0-86e7-2247601ad11a@group-8A49F5043956: changes role from      null to FOLLOWER at term 0 for startAsFollower
2023-12-19 18:18:00,241 [e7599229-5a8e-48b0-86e7-2247601ad11a-groupManagement] INFO  impl.RoleInfo (RoleInfo.java:updateAndGet(139)) - e7599229-5a8e-48b0-86e7-2247601ad11a: start e7599229-5a8e-48b0-86e7-2247601ad11a@group-8A49F5043956-FollowerState
2023-12-19 18:18:00,251 [e7599229-5a8e-48b0-86e7-2247601ad11a-groupManagement] INFO  util.JmxRegister (JmxRegister.java:tryRegister(44)) - Successfully registered JMX Bean with object name Ratis:service=RaftServer,group=group-8A49F5043956,id=e7599229-5a8e-48b0-86e7-2247601ad11a
2023-12-19 18:18:00,252 [e7599229-5a8e-48b0-86e7-2247601ad11a-groupManagement] INFO  server.RaftServerConfigKeys (ConfUtils.java:logGet(46)) - raft.server.snapshot.trigger-when-stop.enabled = true (default)
2023-12-19 18:18:00,252 [e7599229-5a8e-48b0-86e7-2247601ad11a-groupManagement] INFO  server.RaftServerConfigKeys (ConfUtils.java:logGet(46)) - raft.server.snapshot.auto.trigger.enabled = true (custom)
2023-12-19 18:18:00,252 [e7599229-5a8e-48b0-86e7-2247601ad11a-groupManagement] INFO  server.RaftServerConfigKeys (ConfUtils.java:logGet(46)) - raft.server.snapshot.auto.trigger.threshold = 10000 (custom)
2023-12-19 18:18:00,252 [e7599229-5a8e-48b0-86e7-2247601ad11a-groupManagement] INFO  server.RaftServerConfigKeys (ConfUtils.java:logGet(46)) - raft.server.snapshot.retention.file.num = 5 (custom)
2023-12-19 18:18:00,252 [e7599229-5a8e-48b0-86e7-2247601ad11a-groupManagement] INFO  server.RaftServerConfigKeys (ConfUtils.java:logGet(46)) - raft.server.log.purge.upto.snapshot.index = false (default)
2023-12-19 18:18:00,262 [e7599229-5a8e-48b0-86e7-2247601ad11a-PipelineCommandHandlerThread-0] INFO  ratis.XceiverServerRatis (XceiverServerRatis.java:addGroup(837)) - Created group PipelineID=843437e4-c25a-4275-9f4b-8a49f5043956
2023-12-19 18:18:00,262 [e7599229-5a8e-48b0-86e7-2247601ad11a@group-8A49F5043956-FollowerState] INFO  server.RaftServerConfigKeys (ConfUtils.java:logFallback(53)) - raft.server.rpc.first-election.timeout.min = 5s (fallback to raft.server.rpc.timeout.min)
2023-12-19 18:18:00,262 [e7599229-5a8e-48b0-86e7-2247601ad11a-PipelineCommandHandlerThread-0] INFO  commandhandler.CreatePipelineCommandHandler (CreatePipelineCommandHandler.java:lambda$handle$2(124)) - Created Pipeline RATIS ONE PipelineID=843437e4-c25a-4275-9f4b-8a49f5043956.
2023-12-19 18:18:00,264 [e7599229-5a8e-48b0-86e7-2247601ad11a-PipelineCommandHandlerThread-0] INFO  server.RaftServer (RaftServerProxy.java:addNew(100)) - e7599229-5a8e-48b0-86e7-2247601ad11a: addNew group-C09D2DD42166:[d0e3d241-91aa-4721-8188-ae5e0af11890|10.1.0.19:15014, e7599229-5a8e-48b0-86e7-2247601ad11a|10.1.0.19:15023, a1d25c87-0c45-4075-9fe0-f0708f172712|10.1.0.19:15032] returns group-C09D2DD42166:java.util.concurrent.CompletableFuture@75f35abe[Not completed]
2023-12-19 18:18:00,262 [a1d25c87-0c45-4075-9fe0-f0708f172712-PipelineCommandHandlerThread-0] INFO  server.RaftServer (RaftServerProxy.java:addNew(100)) - a1d25c87-0c45-4075-9fe0-f0708f172712: addNew group-89FC56FEFC31:[a1d25c87-0c45-4075-9fe0-f0708f172712|10.1.0.19:15032] returns group-89FC56FEFC31:java.util.concurrent.CompletableFuture@68e2d5b3[Not completed]
2023-12-19 18:18:00,264 [e7599229-5a8e-48b0-86e7-2247601ad11a@group-8A49F5043956-FollowerState] INFO  server.RaftServerConfigKeys (ConfUtils.java:logFallback(53)) - raft.server.rpc.first-election.timeout.max = 5200ms (fallback to raft.server.rpc.timeout.max)
2023-12-19 18:18:00,265 [e7599229-5a8e-48b0-86e7-2247601ad11a-groupManagement] INFO  server.RaftServer$Division (RaftServerImpl.java:<init>(256)) - e7599229-5a8e-48b0-86e7-2247601ad11a: new RaftServerImpl for group-C09D2DD42166:[d0e3d241-91aa-4721-8188-ae5e0af11890|10.1.0.19:15014, e7599229-5a8e-48b0-86e7-2247601ad11a|10.1.0.19:15023, a1d25c87-0c45-4075-9fe0-f0708f172712|10.1.0.19:15032] with ContainerStateMachine:uninitialized
2023-12-19 18:18:00,265 [e7599229-5a8e-48b0-86e7-2247601ad11a-groupManagement] INFO  server.RaftServerConfigKeys (ConfUtils.java:logGet(46)) - raft.server.rpc.timeout.min = 5s (custom)
2023-12-19 18:18:00,265 [e7599229-5a8e-48b0-86e7-2247601ad11a-groupManagement] INFO  server.RaftServerConfigKeys (ConfUtils.java:logGet(46)) - raft.server.rpc.timeout.max = 5200ms (custom)
2023-12-19 18:18:00,265 [e7599229-5a8e-48b0-86e7-2247601ad11a-groupManagement] INFO  server.RaftServerConfigKeys (ConfUtils.java:logGet(46)) - raft.server.rpc.sleep.time = 25ms (default)
2023-12-19 18:18:00,265 [e7599229-5a8e-48b0-86e7-2247601ad11a-groupManagement] INFO  server.RaftServerConfigKeys (ConfUtils.java:logGet(46)) - raft.server.rpc.slowness.timeout = 300s (custom)
2023-12-19 18:18:00,265 [e7599229-5a8e-48b0-86e7-2247601ad11a-groupManagement] INFO  server.RaftServerConfigKeys (ConfUtils.java:logGet(46)) - raft.server.leaderelection.leader.step-down.wait-time = 10s (default)
2023-12-19 18:18:00,265 [e7599229-5a8e-48b0-86e7-2247601ad11a-groupManagement] INFO  server.RaftServerConfigKeys (ConfUtils.java:logGet(46)) - raft.server.leaderelection.member.majority-add = false (default)
2023-12-19 18:18:00,265 [e7599229-5a8e-48b0-86e7-2247601ad11a-groupManagement] INFO  server.RaftServerConfigKeys (ConfUtils.java:logGet(46)) - raft.server.sleep.deviation.threshold = 300ms (default)
2023-12-19 18:18:00,265 [e7599229-5a8e-48b0-86e7-2247601ad11a-groupManagement] INFO  server.RaftServer$Division (ServerState.java:<init>(113)) - e7599229-5a8e-48b0-86e7-2247601ad11a@group-C09D2DD42166: ConfigurationManager, init=-1: peers:[d0e3d241-91aa-4721-8188-ae5e0af11890|10.1.0.19:15014, e7599229-5a8e-48b0-86e7-2247601ad11a|10.1.0.19:15023, a1d25c87-0c45-4075-9fe0-f0708f172712|10.1.0.19:15032]|listeners:[], old=null, confs=<EMPTY_MAP>
2023-12-19 18:18:00,265 [e7599229-5a8e-48b0-86e7-2247601ad11a-groupManagement] INFO  server.RaftServerConfigKeys (ConfUtils.java:logGet(46)) - raft.server.notification.no-leader.timeout = 300s (custom)
2023-12-19 18:18:00,266 [e7599229-5a8e-48b0-86e7-2247601ad11a-groupManagement] INFO  server.RaftServerConfigKeys (ConfUtils.java:logGet(46)) - raft.server.read.timeout = 10s (default)
2023-12-19 18:18:00,266 [e7599229-5a8e-48b0-86e7-2247601ad11a-groupManagement] INFO  server.RaftServerConfigKeys (ConfUtils.java:logGet(46)) - raft.server.retrycache.expirytime = 600000ms (custom)
2023-12-19 18:18:00,266 [e7599229-5a8e-48b0-86e7-2247601ad11a-groupManagement] INFO  server.RaftServerConfigKeys (ConfUtils.java:logGet(46)) - raft.server.retrycache.statistics.expirytime = 100ms (default)
2023-12-19 18:18:00,266 [e7599229-5a8e-48b0-86e7-2247601ad11a-groupManagement] INFO  server.RaftServerConfigKeys (ConfUtils.java:logGet(46)) - raft.server.read.option = DEFAULT (default)
2023-12-19 18:18:00,266 [e7599229-5a8e-48b0-86e7-2247601ad11a-groupManagement] INFO  server.RaftServerConfigKeys (ConfUtils.java:logGet(46)) - raft.server.read.read-after-write-consistent.write-index-cache.expiry-time = 60s (default)
2023-12-19 18:18:00,270 [a1d25c87-0c45-4075-9fe0-f0708f172712-groupManagement] INFO  server.RaftServer$Division (RaftServerImpl.java:<init>(256)) - a1d25c87-0c45-4075-9fe0-f0708f172712: new RaftServerImpl for group-89FC56FEFC31:[a1d25c87-0c45-4075-9fe0-f0708f172712|10.1.0.19:15032] with ContainerStateMachine:uninitialized
2023-12-19 18:18:00,271 [a1d25c87-0c45-4075-9fe0-f0708f172712-groupManagement] INFO  server.RaftServerConfigKeys (ConfUtils.java:logGet(46)) - raft.server.rpc.timeout.min = 5s (custom)
2023-12-19 18:18:00,272 [a1d25c87-0c45-4075-9fe0-f0708f172712-groupManagement] INFO  server.RaftServerConfigKeys (ConfUtils.java:logGet(46)) - raft.server.rpc.timeout.max = 5200ms (custom)
2023-12-19 18:18:00,272 [a1d25c87-0c45-4075-9fe0-f0708f172712-groupManagement] INFO  server.RaftServerConfigKeys (ConfUtils.java:logGet(46)) - raft.server.rpc.sleep.time = 25ms (default)
2023-12-19 18:18:00,272 [e7599229-5a8e-48b0-86e7-2247601ad11a-groupManagement] INFO  server.RaftServerConfigKeys (ConfUtils.java:logGet(46)) - raft.server.rpc.request.timeout = 60s (custom)
2023-12-19 18:18:00,273 [e7599229-5a8e-48b0-86e7-2247601ad11a-groupManagement] INFO  server.RaftServerConfigKeys (ConfUtils.java:logGet(46)) - raft.server.log.appender.install.snapshot.enabled = false (custom)
2023-12-19 18:18:00,273 [e7599229-5a8e-48b0-86e7-2247601ad11a-groupManagement] INFO  server.RaftServerConfigKeys (ConfUtils.java:logGet(46)) - raft.server.threadpool.server.cached = true (default)
2023-12-19 18:18:00,273 [e7599229-5a8e-48b0-86e7-2247601ad11a-groupManagement] INFO  server.RaftServerConfigKeys (ConfUtils.java:logGet(46)) - raft.server.threadpool.server.size = 0 (default)
2023-12-19 18:18:00,273 [e7599229-5a8e-48b0-86e7-2247601ad11a-groupManagement] INFO  server.RaftServerConfigKeys (ConfUtils.java:logGet(46)) - raft.server.threadpool.client.cached = true (default)
2023-12-19 18:18:00,273 [e7599229-5a8e-48b0-86e7-2247601ad11a-groupManagement] INFO  server.RaftServerConfigKeys (ConfUtils.java:logGet(46)) - raft.server.threadpool.client.size = 0 (default)
2023-12-19 18:18:00,273 [e7599229-5a8e-48b0-86e7-2247601ad11a-groupManagement] INFO  server.RaftServerConfigKeys (ConfUtils.java:logGet(46)) - raft.server.storage.free-space.min = 0MB (=0) (default)
2023-12-19 18:18:00,273 [e7599229-5a8e-48b0-86e7-2247601ad11a-groupManagement] INFO  server.RaftServerConfigKeys (ConfUtils.java:logGet(46)) - raft.server.log.corruption.policy = EXCEPTION (default)
2023-12-19 18:18:00,273 [e7599229-5a8e-48b0-86e7-2247601ad11a-groupManagement] INFO  server.RaftServerConfigKeys (ConfUtils.java:logGet(46)) - raft.server.storage.dir = [/home/runner/work/ozone/ozone/hadoop-ozone/integration-test/target/test-dir/MiniOzoneClusterImpl-c3f67427-b36b-4ee4-bde0-91623ce58163/datanode-1/data/ratis] (custom)
2023-12-19 18:18:00,273 [e7599229-5a8e-48b0-86e7-2247601ad11a-groupManagement] INFO  storage.RaftStorageDirectory (RaftStorageDirectoryImpl.java:analyzeStorage(138)) - The storage directory /home/runner/work/ozone/ozone/hadoop-ozone/integration-test/target/test-dir/MiniOzoneClusterImpl-c3f67427-b36b-4ee4-bde0-91623ce58163/datanode-1/data/ratis/e1d0cfcb-53bb-47dd-964d-c09d2dd42166 does not exist. Creating ...
2023-12-19 18:18:00,273 [a1d25c87-0c45-4075-9fe0-f0708f172712-groupManagement] INFO  server.RaftServerConfigKeys (ConfUtils.java:logGet(46)) - raft.server.rpc.slowness.timeout = 300s (custom)
2023-12-19 18:18:00,274 [a1d25c87-0c45-4075-9fe0-f0708f172712-groupManagement] INFO  server.RaftServerConfigKeys (ConfUtils.java:logGet(46)) - raft.server.leaderelection.leader.step-down.wait-time = 10s (default)
2023-12-19 18:18:00,274 [a1d25c87-0c45-4075-9fe0-f0708f172712-groupManagement] INFO  server.RaftServerConfigKeys (ConfUtils.java:logGet(46)) - raft.server.leaderelection.member.majority-add = false (default)
2023-12-19 18:18:00,276 [a1d25c87-0c45-4075-9fe0-f0708f172712-groupManagement] INFO  server.RaftServerConfigKeys (ConfUtils.java:logGet(46)) - raft.server.sleep.deviation.threshold = 300ms (default)
2023-12-19 18:18:00,276 [a1d25c87-0c45-4075-9fe0-f0708f172712-groupManagement] INFO  server.RaftServer$Division (ServerState.java:<init>(113)) - a1d25c87-0c45-4075-9fe0-f0708f172712@group-89FC56FEFC31: ConfigurationManager, init=-1: peers:[a1d25c87-0c45-4075-9fe0-f0708f172712|10.1.0.19:15032]|listeners:[], old=null, confs=<EMPTY_MAP>
2023-12-19 18:18:00,276 [a1d25c87-0c45-4075-9fe0-f0708f172712-groupManagement] INFO  server.RaftServerConfigKeys (ConfUtils.java:logGet(46)) - raft.server.notification.no-leader.timeout = 300s (custom)
2023-12-19 18:18:00,277 [a1d25c87-0c45-4075-9fe0-f0708f172712-groupManagement] INFO  server.RaftServerConfigKeys (ConfUtils.java:logGet(46)) - raft.server.read.timeout = 10s (default)
2023-12-19 18:18:00,277 [a1d25c87-0c45-4075-9fe0-f0708f172712-groupManagement] INFO  server.RaftServerConfigKeys (ConfUtils.java:logGet(46)) - raft.server.retrycache.expirytime = 600000ms (custom)
2023-12-19 18:18:00,277 [a1d25c87-0c45-4075-9fe0-f0708f172712-groupManagement] INFO  server.RaftServerConfigKeys (ConfUtils.java:logGet(46)) - raft.server.retrycache.statistics.expirytime = 100ms (default)
2023-12-19 18:18:00,278 [a1d25c87-0c45-4075-9fe0-f0708f172712-groupManagement] INFO  server.RaftServerConfigKeys (ConfUtils.java:logGet(46)) - raft.server.read.option = DEFAULT (default)
2023-12-19 18:18:00,279 [a1d25c87-0c45-4075-9fe0-f0708f172712-groupManagement] INFO  server.RaftServerConfigKeys (ConfUtils.java:logGet(46)) - raft.server.read.read-after-write-consistent.write-index-cache.expiry-time = 60s (default)
2023-12-19 18:18:00,280 [e7599229-5a8e-48b0-86e7-2247601ad11a-groupManagement] INFO  storage.RaftStorageDirectory (RaftStorageDirectoryImpl.java:tryLock(232)) - Lock on /home/runner/work/ozone/ozone/hadoop-ozone/integration-test/target/test-dir/MiniOzoneClusterImpl-c3f67427-b36b-4ee4-bde0-91623ce58163/datanode-1/data/ratis/e1d0cfcb-53bb-47dd-964d-c09d2dd42166/in_use.lock acquired by nodename 34604@fv-az1381-513
2023-12-19 18:18:00,282 [e7599229-5a8e-48b0-86e7-2247601ad11a-groupManagement] INFO  storage.RaftStorage (RaftStorageImpl.java:format(97)) - Storage directory /home/runner/work/ozone/ozone/hadoop-ozone/integration-test/target/test-dir/MiniOzoneClusterImpl-c3f67427-b36b-4ee4-bde0-91623ce58163/datanode-1/data/ratis/e1d0cfcb-53bb-47dd-964d-c09d2dd42166 has been successfully formatted.
2023-12-19 18:18:00,282 [e7599229-5a8e-48b0-86e7-2247601ad11a-groupManagement] INFO  ratis.ContainerStateMachine (ContainerStateMachine.java:loadSnapshot(287)) - group-C09D2DD42166: The snapshot info is null. Setting the last applied indexto:(t:0, i:~)
2023-12-19 18:18:00,282 [e7599229-5a8e-48b0-86e7-2247601ad11a-groupManagement] INFO  server.RaftServerConfigKeys (ConfUtils.java:logGet(46)) - raft.server.log.use.memory = false (default)
2023-12-19 18:18:00,282 [e7599229-5a8e-48b0-86e7-2247601ad11a-groupManagement] INFO  server.RaftServerConfigKeys (ConfUtils.java:logGet(46)) - raft.server.log.purge.gap = 1000000 (custom)
2023-12-19 18:18:00,282 [e7599229-5a8e-48b0-86e7-2247601ad11a-groupManagement] INFO  server.RaftServerConfigKeys (ConfUtils.java:logGet(46)) - raft.server.log.appender.buffer.byte-limit = 8388608 (custom)
2023-12-19 18:18:00,282 [e7599229-5a8e-48b0-86e7-2247601ad11a-groupManagement] INFO  server.RaftServerConfigKeys (ConfUtils.java:logGet(46)) - raft.server.log.statemachine.data.read.timeout = 1000ms (default)
2023-12-19 18:18:00,283 [e7599229-5a8e-48b0-86e7-2247601ad11a-groupManagement] INFO  server.RaftServerConfigKeys (ConfUtils.java:logGet(46)) - raft.server.log.purge.preservation.log.num = 0 (default)
2023-12-19 18:18:00,283 [EventQueue-OpenPipelineForHealthyPipelineSafeModeRule] INFO  safemode.SCMSafeModeManager (HealthyPipelineSafeModeRule.java:process(140)) - SCM in safe mode. Healthy pipelines reported count is 0, required healthy pipeline reported count is 1
2023-12-19 18:18:00,295 [e7599229-5a8e-48b0-86e7-2247601ad11a-groupManagement] INFO  server.RaftServerConfigKeys (ConfUtils.java:logGet(46)) - raft.server.log.segment.size.max = 67108864 (custom)
2023-12-19 18:18:00,297 [e7599229-5a8e-48b0-86e7-2247601ad11a-groupManagement] INFO  server.RaftServerConfigKeys (ConfUtils.java:logGet(46)) - raft.server.log.segment.cache.num.max = 2 (custom)
2023-12-19 18:18:00,297 [e7599229-5a8e-48b0-86e7-2247601ad11a-groupManagement] INFO  server.RaftServerConfigKeys (ConfUtils.java:logGet(46)) - raft.server.log.segment.cache.size.max = 200MB (=209715200) (default)
2023-12-19 18:18:00,297 [e7599229-5a8e-48b0-86e7-2247601ad11a-groupManagement] INFO  server.RaftServerConfigKeys (ConfUtils.java:logGet(46)) - raft.server.log.appender.buffer.byte-limit = 8388608 (custom)
2023-12-19 18:18:00,301 [a1d25c87-0c45-4075-9fe0-f0708f172712-groupManagement] INFO  server.RaftServerConfigKeys (ConfUtils.java:logGet(46)) - raft.server.rpc.request.timeout = 60s (custom)
2023-12-19 18:18:00,301 [a1d25c87-0c45-4075-9fe0-f0708f172712-groupManagement] INFO  server.RaftServerConfigKeys (ConfUtils.java:logGet(46)) - raft.server.log.appender.install.snapshot.enabled = false (custom)
2023-12-19 18:18:00,301 [a1d25c87-0c45-4075-9fe0-f0708f172712-groupManagement] INFO  server.RaftServerConfigKeys (ConfUtils.java:logGet(46)) - raft.server.threadpool.server.cached = true (default)
2023-12-19 18:18:00,301 [a1d25c87-0c45-4075-9fe0-f0708f172712-groupManagement] INFO  server.RaftServerConfigKeys (ConfUtils.java:logGet(46)) - raft.server.threadpool.server.size = 0 (default)
2023-12-19 18:18:00,301 [a1d25c87-0c45-4075-9fe0-f0708f172712-groupManagement] INFO  server.RaftServerConfigKeys (ConfUtils.java:logGet(46)) - raft.server.threadpool.client.cached = true (default)
2023-12-19 18:18:00,301 [a1d25c87-0c45-4075-9fe0-f0708f172712-groupManagement] INFO  server.RaftServerConfigKeys (ConfUtils.java:logGet(46)) - raft.server.threadpool.client.size = 0 (default)
2023-12-19 18:18:00,301 [a1d25c87-0c45-4075-9fe0-f0708f172712-groupManagement] INFO  server.RaftServerConfigKeys (ConfUtils.java:logGet(46)) - raft.server.storage.free-space.min = 0MB (=0) (default)
2023-12-19 18:18:00,302 [a1d25c87-0c45-4075-9fe0-f0708f172712-groupManagement] INFO  server.RaftServerConfigKeys (ConfUtils.java:logGet(46)) - raft.server.log.corruption.policy = EXCEPTION (default)
2023-12-19 18:18:00,302 [a1d25c87-0c45-4075-9fe0-f0708f172712-groupManagement] INFO  server.RaftServerConfigKeys (ConfUtils.java:logGet(46)) - raft.server.storage.dir = [/home/runner/work/ozone/ozone/hadoop-ozone/integration-test/target/test-dir/MiniOzoneClusterImpl-c3f67427-b36b-4ee4-bde0-91623ce58163/datanode-2/data/ratis] (custom)
2023-12-19 18:18:00,302 [a1d25c87-0c45-4075-9fe0-f0708f172712-groupManagement] INFO  storage.RaftStorageDirectory (RaftStorageDirectoryImpl.java:analyzeStorage(138)) - The storage directory /home/runner/work/ozone/ozone/hadoop-ozone/integration-test/target/test-dir/MiniOzoneClusterImpl-c3f67427-b36b-4ee4-bde0-91623ce58163/datanode-2/data/ratis/ab43d2bc-c53c-47de-8ef8-89fc56fefc31 does not exist. Creating ...
2023-12-19 18:18:00,303 [a1d25c87-0c45-4075-9fe0-f0708f172712-groupManagement] INFO  storage.RaftStorageDirectory (RaftStorageDirectoryImpl.java:tryLock(232)) - Lock on /home/runner/work/ozone/ozone/hadoop-ozone/integration-test/target/test-dir/MiniOzoneClusterImpl-c3f67427-b36b-4ee4-bde0-91623ce58163/datanode-2/data/ratis/ab43d2bc-c53c-47de-8ef8-89fc56fefc31/in_use.lock acquired by nodename 34604@fv-az1381-513
2023-12-19 18:18:00,306 [a1d25c87-0c45-4075-9fe0-f0708f172712-groupManagement] INFO  storage.RaftStorage (RaftStorageImpl.java:format(97)) - Storage directory /home/runner/work/ozone/ozone/hadoop-ozone/integration-test/target/test-dir/MiniOzoneClusterImpl-c3f67427-b36b-4ee4-bde0-91623ce58163/datanode-2/data/ratis/ab43d2bc-c53c-47de-8ef8-89fc56fefc31 has been successfully formatted.
2023-12-19 18:18:00,308 [a1d25c87-0c45-4075-9fe0-f0708f172712-groupManagement] INFO  ratis.ContainerStateMachine (ContainerStateMachine.java:loadSnapshot(287)) - group-89FC56FEFC31: The snapshot info is null. Setting the last applied indexto:(t:0, i:~)
2023-12-19 18:18:00,308 [a1d25c87-0c45-4075-9fe0-f0708f172712-groupManagement] INFO  server.RaftServerConfigKeys (ConfUtils.java:logGet(46)) - raft.server.log.use.memory = false (default)
2023-12-19 18:18:00,309 [a1d25c87-0c45-4075-9fe0-f0708f172712-groupManagement] INFO  server.RaftServerConfigKeys (ConfUtils.java:logGet(46)) - raft.server.log.purge.gap = 1000000 (custom)
2023-12-19 18:18:00,309 [a1d25c87-0c45-4075-9fe0-f0708f172712-groupManagement] INFO  server.RaftServerConfigKeys (ConfUtils.java:logGet(46)) - raft.server.log.appender.buffer.byte-limit = 8388608 (custom)
2023-12-19 18:18:00,309 [a1d25c87-0c45-4075-9fe0-f0708f172712-groupManagement] INFO  server.RaftServerConfigKeys (ConfUtils.java:logGet(46)) - raft.server.log.statemachine.data.read.timeout = 1000ms (default)
2023-12-19 18:18:00,310 [a1d25c87-0c45-4075-9fe0-f0708f172712-groupManagement] INFO  server.RaftServerConfigKeys (ConfUtils.java:logGet(46)) - raft.server.log.purge.preservation.log.num = 0 (default)
2023-12-19 18:18:00,311 [EventQueue-PipelineReportForPipelineReportHandler] INFO  pipeline.PipelineReportHandler (PipelineReportHandler.java:processPipelineReport(136)) - Opened pipeline PipelineID=ab43d2bc-c53c-47de-8ef8-89fc56fefc31
2023-12-19 18:18:00,312 [EventQueue-OpenPipelineForHealthyPipelineSafeModeRule] INFO  safemode.SCMSafeModeManager (HealthyPipelineSafeModeRule.java:process(140)) - SCM in safe mode. Healthy pipelines reported count is 0, required healthy pipeline reported count is 1
2023-12-19 18:18:00,313 [e7599229-5a8e-48b0-86e7-2247601ad11a-groupManagement] INFO  util.AwaitToRun (AwaitToRun.java:start(81)) - Thread[e7599229-5a8e-48b0-86e7-2247601ad11a@group-C09D2DD42166-cacheEviction-AwaitToRun,5,main] started
2023-12-19 18:18:00,314 [e7599229-5a8e-48b0-86e7-2247601ad11a-groupManagement] INFO  segmented.SegmentedRaftLogWorker (SegmentedRaftLogWorker.java:<init>(184)) - new e7599229-5a8e-48b0-86e7-2247601ad11a@group-C09D2DD42166-SegmentedRaftLogWorker for RaftStorageImpl:Storage Directory /home/runner/work/ozone/ozone/hadoop-ozone/integration-test/target/test-dir/MiniOzoneClusterImpl-c3f67427-b36b-4ee4-bde0-91623ce58163/datanode-1/data/ratis/e1d0cfcb-53bb-47dd-964d-c09d2dd42166
2023-12-19 18:18:00,314 [e7599229-5a8e-48b0-86e7-2247601ad11a-groupManagement] INFO  server.RaftServerConfigKeys (ConfUtils.java:logGet(46)) - raft.server.log.queue.byte-limit = 4294967296 (custom)
2023-12-19 18:18:00,314 [e7599229-5a8e-48b0-86e7-2247601ad11a-groupManagement] INFO  server.RaftServerConfigKeys (ConfUtils.java:logGet(46)) - raft.server.log.queue.element-limit = 1024 (custom)
2023-12-19 18:18:00,314 [e7599229-5a8e-48b0-86e7-2247601ad11a-groupManagement] INFO  server.RaftServerConfigKeys (ConfUtils.java:logGet(46)) - raft.server.log.segment.size.max = 67108864 (custom)
2023-12-19 18:18:00,314 [e7599229-5a8e-48b0-86e7-2247601ad11a-groupManagement] INFO  server.RaftServerConfigKeys (ConfUtils.java:logGet(46)) - raft.server.log.preallocated.size = 4194304 (custom)
2023-12-19 18:18:00,314 [e7599229-5a8e-48b0-86e7-2247601ad11a-groupManagement] INFO  server.RaftServerConfigKeys (ConfUtils.java:logGet(46)) - raft.server.log.force.sync.num = 128 (default)
2023-12-19 18:18:00,314 [e7599229-5a8e-48b0-86e7-2247601ad11a-groupManagement] INFO  server.RaftServerConfigKeys (ConfUtils.java:logGet(46)) - raft.server.log.statemachine.data.sync = true (default)
2023-12-19 18:18:00,314 [e7599229-5a8e-48b0-86e7-2247601ad11a-groupManagement] INFO  server.RaftServerConfigKeys (ConfUtils.java:logGet(46)) - raft.server.log.statemachine.data.sync.timeout = 10s (default)
2023-12-19 18:18:00,314 [e7599229-5a8e-48b0-86e7-2247601ad11a-groupManagement] INFO  server.RaftServerConfigKeys (ConfUtils.java:logGet(46)) - raft.server.log.statemachine.data.sync.timeout.retry = 0 (custom)
2023-12-19 18:18:00,316 [a1d25c87-0c45-4075-9fe0-f0708f172712-groupManagement] INFO  server.RaftServerConfigKeys (ConfUtils.java:logGet(46)) - raft.server.log.segment.size.max = 67108864 (custom)
2023-12-19 18:18:00,317 [e7599229-5a8e-48b0-86e7-2247601ad11a-groupManagement] INFO  server.RaftServerConfigKeys (ConfUtils.java:logGet(46)) - raft.server.log.write.buffer.size = 8388616 (custom)
2023-12-19 18:18:00,319 [e7599229-5a8e-48b0-86e7-2247601ad11a-groupManagement] INFO  server.RaftServerConfigKeys (ConfUtils.java:logGet(46)) - raft.server.log.appender.buffer.byte-limit = 8388608 (custom)
2023-12-19 18:18:00,320 [e7599229-5a8e-48b0-86e7-2247601ad11a-groupManagement] INFO  server.RaftServerConfigKeys (ConfUtils.java:logGet(46)) - raft.server.log.unsafe-flush.enabled = false (default)
2023-12-19 18:18:00,320 [e7599229-5a8e-48b0-86e7-2247601ad11a-groupManagement] INFO  server.RaftServerConfigKeys (ConfUtils.java:logGet(46)) - raft.server.log.async-flush.enabled = false (default)
2023-12-19 18:18:00,320 [e7599229-5a8e-48b0-86e7-2247601ad11a-groupManagement] INFO  server.RaftServerConfigKeys (ConfUtils.java:logGet(46)) - raft.server.log.statemachine.data.caching.enabled = true (custom)
2023-12-19 18:18:00,321 [a1d25c87-0c45-4075-9fe0-f0708f172712-groupManagement] INFO  server.RaftServerConfigKeys (ConfUtils.java:logGet(46)) - raft.server.log.segment.cache.num.max = 2 (custom)
2023-12-19 18:18:00,322 [e7599229-5a8e-48b0-86e7-2247601ad11a-groupManagement] INFO  segmented.SegmentedRaftLogWorker (SegmentedRaftLogWorker.java:lambda$new$0(135)) - e7599229-5a8e-48b0-86e7-2247601ad11a@group-C09D2DD42166-SegmentedRaftLogWorker: flushIndex: setUnconditionally 0 -> -1
2023-12-19 18:18:00,322 [e7599229-5a8e-48b0-86e7-2247601ad11a-groupManagement] INFO  segmented.SegmentedRaftLogWorker (SegmentedRaftLogWorker.java:lambda$new$0(135)) - e7599229-5a8e-48b0-86e7-2247601ad11a@group-C09D2DD42166-SegmentedRaftLogWorker: safeCacheEvictIndex: setUnconditionally 0 -> -1
2023-12-19 18:18:00,322 [a1d25c87-0c45-4075-9fe0-f0708f172712-groupManagement] INFO  server.RaftServerConfigKeys (ConfUtils.java:logGet(46)) - raft.server.log.segment.cache.size.max = 200MB (=209715200) (default)
2023-12-19 18:18:00,323 [a1d25c87-0c45-4075-9fe0-f0708f172712-groupManagement] INFO  server.RaftServerConfigKeys (ConfUtils.java:logGet(46)) - raft.server.log.appender.buffer.byte-limit = 8388608 (custom)
2023-12-19 18:18:00,328 [e7599229-5a8e-48b0-86e7-2247601ad11a-groupManagement] INFO  server.RaftServer$Division (RaftServerImpl.java:start(392)) - e7599229-5a8e-48b0-86e7-2247601ad11a@group-C09D2DD42166: start as a follower, conf=-1: peers:[d0e3d241-91aa-4721-8188-ae5e0af11890|10.1.0.19:15014, e7599229-5a8e-48b0-86e7-2247601ad11a|10.1.0.19:15023, a1d25c87-0c45-4075-9fe0-f0708f172712|10.1.0.19:15032]|listeners:[], old=null
2023-12-19 18:18:00,328 [e7599229-5a8e-48b0-86e7-2247601ad11a-groupManagement] INFO  server.RaftServer$Division (RaftServerImpl.java:setRole(379)) - e7599229-5a8e-48b0-86e7-2247601ad11a@group-C09D2DD42166: changes role from      null to FOLLOWER at term 0 for startAsFollower
2023-12-19 18:18:00,328 [e7599229-5a8e-48b0-86e7-2247601ad11a-groupManagement] INFO  impl.RoleInfo (RoleInfo.java:updateAndGet(139)) - e7599229-5a8e-48b0-86e7-2247601ad11a: start e7599229-5a8e-48b0-86e7-2247601ad11a@group-C09D2DD42166-FollowerState
2023-12-19 18:18:00,329 [e7599229-5a8e-48b0-86e7-2247601ad11a-groupManagement] INFO  util.JmxRegister (JmxRegister.java:tryRegister(44)) - Successfully registered JMX Bean with object name Ratis:service=RaftServer,group=group-C09D2DD42166,id=e7599229-5a8e-48b0-86e7-2247601ad11a
2023-12-19 18:18:00,329 [e7599229-5a8e-48b0-86e7-2247601ad11a-groupManagement] INFO  server.RaftServerConfigKeys (ConfUtils.java:logGet(46)) - raft.server.snapshot.trigger-when-stop.enabled = true (default)
2023-12-19 18:18:00,329 [e7599229-5a8e-48b0-86e7-2247601ad11a-groupManagement] INFO  server.RaftServerConfigKeys (ConfUtils.java:logGet(46)) - raft.server.snapshot.auto.trigger.enabled = true (custom)
2023-12-19 18:18:00,329 [e7599229-5a8e-48b0-86e7-2247601ad11a-groupManagement] INFO  server.RaftServerConfigKeys (ConfUtils.java:logGet(46)) - raft.server.snapshot.auto.trigger.threshold = 10000 (custom)
2023-12-19 18:18:00,329 [e7599229-5a8e-48b0-86e7-2247601ad11a-groupManagement] INFO  server.RaftServerConfigKeys (ConfUtils.java:logGet(46)) - raft.server.snapshot.retention.file.num = 5 (custom)
2023-12-19 18:18:00,329 [e7599229-5a8e-48b0-86e7-2247601ad11a-groupManagement] INFO  server.RaftServerConfigKeys (ConfUtils.java:logGet(46)) - raft.server.log.purge.upto.snapshot.index = false (default)
2023-12-19 18:18:00,330 [e7599229-5a8e-48b0-86e7-2247601ad11a@group-C09D2DD42166-FollowerState] INFO  server.RaftServerConfigKeys (ConfUtils.java:logFallback(53)) - raft.server.rpc.first-election.timeout.min = 5s (fallback to raft.server.rpc.timeout.min)
2023-12-19 18:18:00,330 [e7599229-5a8e-48b0-86e7-2247601ad11a@group-C09D2DD42166-FollowerState] INFO  server.RaftServerConfigKeys (ConfUtils.java:logFallback(53)) - raft.server.rpc.first-election.timeout.max = 5200ms (fallback to raft.server.rpc.timeout.max)
2023-12-19 18:18:00,330 [a1d25c87-0c45-4075-9fe0-f0708f172712-groupManagement] INFO  util.AwaitToRun (AwaitToRun.java:start(81)) - Thread[a1d25c87-0c45-4075-9fe0-f0708f172712@group-89FC56FEFC31-cacheEviction-AwaitToRun,5,main] started
2023-12-19 18:18:00,330 [a1d25c87-0c45-4075-9fe0-f0708f172712-groupManagement] INFO  segmented.SegmentedRaftLogWorker (SegmentedRaftLogWorker.java:<init>(184)) - new a1d25c87-0c45-4075-9fe0-f0708f172712@group-89FC56FEFC31-SegmentedRaftLogWorker for RaftStorageImpl:Storage Directory /home/runner/work/ozone/ozone/hadoop-ozone/integration-test/target/test-dir/MiniOzoneClusterImpl-c3f67427-b36b-4ee4-bde0-91623ce58163/datanode-2/data/ratis/ab43d2bc-c53c-47de-8ef8-89fc56fefc31
2023-12-19 18:18:00,330 [a1d25c87-0c45-4075-9fe0-f0708f172712-groupManagement] INFO  server.RaftServerConfigKeys (ConfUtils.java:logGet(46)) - raft.server.log.queue.byte-limit = 4294967296 (custom)
2023-12-19 18:18:00,331 [a1d25c87-0c45-4075-9fe0-f0708f172712-groupManagement] INFO  server.RaftServerConfigKeys (ConfUtils.java:logGet(46)) - raft.server.log.queue.element-limit = 1024 (custom)
2023-12-19 18:18:00,331 [a1d25c87-0c45-4075-9fe0-f0708f172712-groupManagement] INFO  server.RaftServerConfigKeys (ConfUtils.java:logGet(46)) - raft.server.log.segment.size.max = 67108864 (custom)
2023-12-19 18:18:00,331 [a1d25c87-0c45-4075-9fe0-f0708f172712-groupManagement] INFO  server.RaftServerConfigKeys (ConfUtils.java:logGet(46)) - raft.server.log.preallocated.size = 4194304 (custom)
2023-12-19 18:18:00,331 [a1d25c87-0c45-4075-9fe0-f0708f172712-groupManagement] INFO  server.RaftServerConfigKeys (ConfUtils.java:logGet(46)) - raft.server.log.force.sync.num = 128 (default)
2023-12-19 18:18:00,331 [a1d25c87-0c45-4075-9fe0-f0708f172712-groupManagement] INFO  server.RaftServerConfigKeys (ConfUtils.java:logGet(46)) - raft.server.log.statemachine.data.sync = true (default)
2023-12-19 18:18:00,331 [a1d25c87-0c45-4075-9fe0-f0708f172712-groupManagement] INFO  server.RaftServerConfigKeys (ConfUtils.java:logGet(46)) - raft.server.log.statemachine.data.sync.timeout = 10s (default)
2023-12-19 18:18:00,331 [a1d25c87-0c45-4075-9fe0-f0708f172712-groupManagement] INFO  server.RaftServerConfigKeys (ConfUtils.java:logGet(46)) - raft.server.log.statemachine.data.sync.timeout.retry = 0 (custom)
2023-12-19 18:18:00,332 [a1d25c87-0c45-4075-9fe0-f0708f172712-groupManagement] INFO  server.RaftServerConfigKeys (ConfUtils.java:logGet(46)) - raft.server.log.write.buffer.size = 8388616 (custom)
2023-12-19 18:18:00,334 [a1d25c87-0c45-4075-9fe0-f0708f172712-groupManagement] INFO  server.RaftServerConfigKeys (ConfUtils.java:logGet(46)) - raft.server.log.appender.buffer.byte-limit = 8388608 (custom)
2023-12-19 18:18:00,334 [a1d25c87-0c45-4075-9fe0-f0708f172712-groupManagement] INFO  server.RaftServerConfigKeys (ConfUtils.java:logGet(46)) - raft.server.log.unsafe-flush.enabled = false (default)
2023-12-19 18:18:00,334 [a1d25c87-0c45-4075-9fe0-f0708f172712-groupManagement] INFO  server.RaftServerConfigKeys (ConfUtils.java:logGet(46)) - raft.server.log.async-flush.enabled = false (default)
2023-12-19 18:18:00,334 [a1d25c87-0c45-4075-9fe0-f0708f172712-groupManagement] INFO  server.RaftServerConfigKeys (ConfUtils.java:logGet(46)) - raft.server.log.statemachine.data.caching.enabled = true (custom)
2023-12-19 18:18:00,335 [a1d25c87-0c45-4075-9fe0-f0708f172712-groupManagement] INFO  segmented.SegmentedRaftLogWorker (SegmentedRaftLogWorker.java:lambda$new$0(135)) - a1d25c87-0c45-4075-9fe0-f0708f172712@group-89FC56FEFC31-SegmentedRaftLogWorker: flushIndex: setUnconditionally 0 -> -1
2023-12-19 18:18:00,335 [a1d25c87-0c45-4075-9fe0-f0708f172712-groupManagement] INFO  segmented.SegmentedRaftLogWorker (SegmentedRaftLogWorker.java:lambda$new$0(135)) - a1d25c87-0c45-4075-9fe0-f0708f172712@group-89FC56FEFC31-SegmentedRaftLogWorker: safeCacheEvictIndex: setUnconditionally 0 -> -1
2023-12-19 18:18:00,335 [e7599229-5a8e-48b0-86e7-2247601ad11a-PipelineCommandHandlerThread-0] INFO  ratis.XceiverServerRatis (XceiverServerRatis.java:addGroup(837)) - Created group PipelineID=e1d0cfcb-53bb-47dd-964d-c09d2dd42166
2023-12-19 18:18:00,340 [a1d25c87-0c45-4075-9fe0-f0708f172712-groupManagement] INFO  server.RaftServer$Division (RaftServerImpl.java:start(392)) - a1d25c87-0c45-4075-9fe0-f0708f172712@group-89FC56FEFC31: start as a follower, conf=-1: peers:[a1d25c87-0c45-4075-9fe0-f0708f172712|10.1.0.19:15032]|listeners:[], old=null
2023-12-19 18:18:00,340 [a1d25c87-0c45-4075-9fe0-f0708f172712-groupManagement] INFO  server.RaftServer$Division (RaftServerImpl.java:setRole(379)) - a1d25c87-0c45-4075-9fe0-f0708f172712@group-89FC56FEFC31: changes role from      null to FOLLOWER at term 0 for startAsFollower
2023-12-19 18:18:00,340 [a1d25c87-0c45-4075-9fe0-f0708f172712-groupManagement] INFO  impl.RoleInfo (RoleInfo.java:updateAndGet(139)) - a1d25c87-0c45-4075-9fe0-f0708f172712: start a1d25c87-0c45-4075-9fe0-f0708f172712@group-89FC56FEFC31-FollowerState
2023-12-19 18:18:00,344 [a1d25c87-0c45-4075-9fe0-f0708f172712@group-89FC56FEFC31-FollowerState] INFO  server.RaftServerConfigKeys (ConfUtils.java:logFallback(53)) - raft.server.rpc.first-election.timeout.min = 5s (fallback to raft.server.rpc.timeout.min)
2023-12-19 18:18:00,344 [a1d25c87-0c45-4075-9fe0-f0708f172712-groupManagement] INFO  util.JmxRegister (JmxRegister.java:tryRegister(44)) - Successfully registered JMX Bean with object name Ratis:service=RaftServer,group=group-89FC56FEFC31,id=a1d25c87-0c45-4075-9fe0-f0708f172712
2023-12-19 18:18:00,344 [a1d25c87-0c45-4075-9fe0-f0708f172712@group-89FC56FEFC31-FollowerState] INFO  server.RaftServerConfigKeys (ConfUtils.java:logFallback(53)) - raft.server.rpc.first-election.timeout.max = 5200ms (fallback to raft.server.rpc.timeout.max)
2023-12-19 18:18:00,344 [a1d25c87-0c45-4075-9fe0-f0708f172712-groupManagement] INFO  server.RaftServerConfigKeys (ConfUtils.java:logGet(46)) - raft.server.snapshot.trigger-when-stop.enabled = true (default)
2023-12-19 18:18:00,344 [a1d25c87-0c45-4075-9fe0-f0708f172712-groupManagement] INFO  server.RaftServerConfigKeys (ConfUtils.java:logGet(46)) - raft.server.snapshot.auto.trigger.enabled = true (custom)
2023-12-19 18:18:00,344 [a1d25c87-0c45-4075-9fe0-f0708f172712-groupManagement] INFO  server.RaftServerConfigKeys (ConfUtils.java:logGet(46)) - raft.server.snapshot.auto.trigger.threshold = 10000 (custom)
2023-12-19 18:18:00,344 [a1d25c87-0c45-4075-9fe0-f0708f172712-groupManagement] INFO  server.RaftServerConfigKeys (ConfUtils.java:logGet(46)) - raft.server.snapshot.retention.file.num = 5 (custom)
2023-12-19 18:18:00,344 [a1d25c87-0c45-4075-9fe0-f0708f172712-groupManagement] INFO  server.RaftServerConfigKeys (ConfUtils.java:logGet(46)) - raft.server.log.purge.upto.snapshot.index = false (default)
2023-12-19 18:18:00,345 [a1d25c87-0c45-4075-9fe0-f0708f172712-PipelineCommandHandlerThread-0] INFO  ratis.XceiverServerRatis (XceiverServerRatis.java:addGroup(837)) - Created group PipelineID=ab43d2bc-c53c-47de-8ef8-89fc56fefc31
2023-12-19 18:18:00,345 [a1d25c87-0c45-4075-9fe0-f0708f172712-PipelineCommandHandlerThread-0] INFO  commandhandler.CreatePipelineCommandHandler (CreatePipelineCommandHandler.java:lambda$handle$2(124)) - Created Pipeline RATIS ONE PipelineID=ab43d2bc-c53c-47de-8ef8-89fc56fefc31.
2023-12-19 18:18:00,346 [a1d25c87-0c45-4075-9fe0-f0708f172712-PipelineCommandHandlerThread-0] INFO  server.RaftServer (RaftServerProxy.java:addNew(100)) - a1d25c87-0c45-4075-9fe0-f0708f172712: addNew group-C09D2DD42166:[d0e3d241-91aa-4721-8188-ae5e0af11890|10.1.0.19:15014, e7599229-5a8e-48b0-86e7-2247601ad11a|10.1.0.19:15023, a1d25c87-0c45-4075-9fe0-f0708f172712|10.1.0.19:15032] returns group-C09D2DD42166:java.util.concurrent.CompletableFuture@6cdd5c77[Not completed]
2023-12-19 18:18:00,347 [a1d25c87-0c45-4075-9fe0-f0708f172712-groupManagement] INFO  server.RaftServer$Division (RaftServerImpl.java:<init>(256)) - a1d25c87-0c45-4075-9fe0-f0708f172712: new RaftServerImpl for group-C09D2DD42166:[d0e3d241-91aa-4721-8188-ae5e0af11890|10.1.0.19:15014, e7599229-5a8e-48b0-86e7-2247601ad11a|10.1.0.19:15023, a1d25c87-0c45-4075-9fe0-f0708f172712|10.1.0.19:15032] with ContainerStateMachine:uninitialized
2023-12-19 18:18:00,347 [a1d25c87-0c45-4075-9fe0-f0708f172712-groupManagement] INFO  server.RaftServerConfigKeys (ConfUtils.java:logGet(46)) - raft.server.rpc.timeout.min = 5s (custom)
2023-12-19 18:18:00,347 [a1d25c87-0c45-4075-9fe0-f0708f172712-groupManagement] INFO  server.RaftServerConfigKeys (ConfUtils.java:logGet(46)) - raft.server.rpc.timeout.max = 5200ms (custom)
2023-12-19 18:18:00,347 [a1d25c87-0c45-4075-9fe0-f0708f172712-groupManagement] INFO  server.RaftServerConfigKeys (ConfUtils.java:logGet(46)) - raft.server.rpc.sleep.time = 25ms (default)
2023-12-19 18:18:00,347 [a1d25c87-0c45-4075-9fe0-f0708f172712-groupManagement] INFO  server.RaftServerConfigKeys (ConfUtils.java:logGet(46)) - raft.server.rpc.slowness.timeout = 300s (custom)
2023-12-19 18:18:00,347 [a1d25c87-0c45-4075-9fe0-f0708f172712-groupManagement] INFO  server.RaftServerConfigKeys (ConfUtils.java:logGet(46)) - raft.server.leaderelection.leader.step-down.wait-time = 10s (default)
2023-12-19 18:18:00,347 [a1d25c87-0c45-4075-9fe0-f0708f172712-groupManagement] INFO  server.RaftServerConfigKeys (ConfUtils.java:logGet(46)) - raft.server.leaderelection.member.majority-add = false (default)
2023-12-19 18:18:00,347 [a1d25c87-0c45-4075-9fe0-f0708f172712-groupManagement] INFO  server.RaftServerConfigKeys (ConfUtils.java:logGet(46)) - raft.server.sleep.deviation.threshold = 300ms (default)
2023-12-19 18:18:00,347 [a1d25c87-0c45-4075-9fe0-f0708f172712-groupManagement] INFO  server.RaftServer$Division (ServerState.java:<init>(113)) - a1d25c87-0c45-4075-9fe0-f0708f172712@group-C09D2DD42166: ConfigurationManager, init=-1: peers:[d0e3d241-91aa-4721-8188-ae5e0af11890|10.1.0.19:15014, e7599229-5a8e-48b0-86e7-2247601ad11a|10.1.0.19:15023, a1d25c87-0c45-4075-9fe0-f0708f172712|10.1.0.19:15032]|listeners:[], old=null, confs=<EMPTY_MAP>
2023-12-19 18:18:00,347 [a1d25c87-0c45-4075-9fe0-f0708f172712-groupManagement] INFO  server.RaftServerConfigKeys (ConfUtils.java:logGet(46)) - raft.server.notification.no-leader.timeout = 300s (custom)
2023-12-19 18:18:00,347 [a1d25c87-0c45-4075-9fe0-f0708f172712-groupManagement] INFO  server.RaftServerConfigKeys (ConfUtils.java:logGet(46)) - raft.server.read.timeout = 10s (default)
2023-12-19 18:18:00,349 [a1d25c87-0c45-4075-9fe0-f0708f172712-groupManagement] INFO  server.RaftServerConfigKeys (ConfUtils.java:logGet(46)) - raft.server.retrycache.expirytime = 600000ms (custom)
2023-12-19 18:18:00,349 [a1d25c87-0c45-4075-9fe0-f0708f172712-groupManagement] INFO  server.RaftServerConfigKeys (ConfUtils.java:logGet(46)) - raft.server.retrycache.statistics.expirytime = 100ms (default)
2023-12-19 18:18:00,349 [a1d25c87-0c45-4075-9fe0-f0708f172712-groupManagement] INFO  server.RaftServerConfigKeys (ConfUtils.java:logGet(46)) - raft.server.read.option = DEFAULT (default)
2023-12-19 18:18:00,349 [a1d25c87-0c45-4075-9fe0-f0708f172712-groupManagement] INFO  server.RaftServerConfigKeys (ConfUtils.java:logGet(46)) - raft.server.read.read-after-write-consistent.write-index-cache.expiry-time = 60s (default)
2023-12-19 18:18:00,363 [a1d25c87-0c45-4075-9fe0-f0708f172712-groupManagement] INFO  server.RaftServerConfigKeys (ConfUtils.java:logGet(46)) - raft.server.rpc.request.timeout = 60s (custom)
2023-12-19 18:18:00,364 [a1d25c87-0c45-4075-9fe0-f0708f172712-groupManagement] INFO  server.RaftServerConfigKeys (ConfUtils.java:logGet(46)) - raft.server.log.appender.install.snapshot.enabled = false (custom)
2023-12-19 18:18:00,364 [a1d25c87-0c45-4075-9fe0-f0708f172712-groupManagement] INFO  server.RaftServerConfigKeys (ConfUtils.java:logGet(46)) - raft.server.threadpool.server.cached = true (default)
2023-12-19 18:18:00,364 [a1d25c87-0c45-4075-9fe0-f0708f172712-groupManagement] INFO  server.RaftServerConfigKeys (ConfUtils.java:logGet(46)) - raft.server.threadpool.server.size = 0 (default)
2023-12-19 18:18:00,364 [a1d25c87-0c45-4075-9fe0-f0708f172712-groupManagement] INFO  server.RaftServerConfigKeys (ConfUtils.java:logGet(46)) - raft.server.threadpool.client.cached = true (default)
2023-12-19 18:18:00,364 [a1d25c87-0c45-4075-9fe0-f0708f172712-groupManagement] INFO  server.RaftServerConfigKeys (ConfUtils.java:logGet(46)) - raft.server.threadpool.client.size = 0 (default)
2023-12-19 18:18:00,364 [a1d25c87-0c45-4075-9fe0-f0708f172712-groupManagement] INFO  server.RaftServerConfigKeys (ConfUtils.java:logGet(46)) - raft.server.storage.free-space.min = 0MB (=0) (default)
2023-12-19 18:18:00,364 [a1d25c87-0c45-4075-9fe0-f0708f172712-groupManagement] INFO  server.RaftServerConfigKeys (ConfUtils.java:logGet(46)) - raft.server.log.corruption.policy = EXCEPTION (default)
2023-12-19 18:18:00,365 [a1d25c87-0c45-4075-9fe0-f0708f172712-groupManagement] INFO  server.RaftServerConfigKeys (ConfUtils.java:logGet(46)) - raft.server.storage.dir = [/home/runner/work/ozone/ozone/hadoop-ozone/integration-test/target/test-dir/MiniOzoneClusterImpl-c3f67427-b36b-4ee4-bde0-91623ce58163/datanode-2/data/ratis] (custom)
2023-12-19 18:18:00,365 [a1d25c87-0c45-4075-9fe0-f0708f172712-groupManagement] INFO  storage.RaftStorageDirectory (RaftStorageDirectoryImpl.java:analyzeStorage(138)) - The storage directory /home/runner/work/ozone/ozone/hadoop-ozone/integration-test/target/test-dir/MiniOzoneClusterImpl-c3f67427-b36b-4ee4-bde0-91623ce58163/datanode-2/data/ratis/e1d0cfcb-53bb-47dd-964d-c09d2dd42166 does not exist. Creating ...
2023-12-19 18:18:00,366 [a1d25c87-0c45-4075-9fe0-f0708f172712-groupManagement] INFO  storage.RaftStorageDirectory (RaftStorageDirectoryImpl.java:tryLock(232)) - Lock on /home/runner/work/ozone/ozone/hadoop-ozone/integration-test/target/test-dir/MiniOzoneClusterImpl-c3f67427-b36b-4ee4-bde0-91623ce58163/datanode-2/data/ratis/e1d0cfcb-53bb-47dd-964d-c09d2dd42166/in_use.lock acquired by nodename 34604@fv-az1381-513
2023-12-19 18:18:00,368 [a1d25c87-0c45-4075-9fe0-f0708f172712-groupManagement] INFO  storage.RaftStorage (RaftStorageImpl.java:format(97)) - Storage directory /home/runner/work/ozone/ozone/hadoop-ozone/integration-test/target/test-dir/MiniOzoneClusterImpl-c3f67427-b36b-4ee4-bde0-91623ce58163/datanode-2/data/ratis/e1d0cfcb-53bb-47dd-964d-c09d2dd42166 has been successfully formatted.
2023-12-19 18:18:00,368 [a1d25c87-0c45-4075-9fe0-f0708f172712-groupManagement] INFO  ratis.ContainerStateMachine (ContainerStateMachine.java:loadSnapshot(287)) - group-C09D2DD42166: The snapshot info is null. Setting the last applied indexto:(t:0, i:~)
2023-12-19 18:18:00,369 [a1d25c87-0c45-4075-9fe0-f0708f172712-groupManagement] INFO  server.RaftServerConfigKeys (ConfUtils.java:logGet(46)) - raft.server.log.use.memory = false (default)
2023-12-19 18:18:00,370 [a1d25c87-0c45-4075-9fe0-f0708f172712-groupManagement] INFO  server.RaftServerConfigKeys (ConfUtils.java:logGet(46)) - raft.server.log.purge.gap = 1000000 (custom)
2023-12-19 18:18:00,370 [a1d25c87-0c45-4075-9fe0-f0708f172712-groupManagement] INFO  server.RaftServerConfigKeys (ConfUtils.java:logGet(46)) - raft.server.log.appender.buffer.byte-limit = 8388608 (custom)
2023-12-19 18:18:00,370 [a1d25c87-0c45-4075-9fe0-f0708f172712-groupManagement] INFO  server.RaftServerConfigKeys (ConfUtils.java:logGet(46)) - raft.server.log.statemachine.data.read.timeout = 1000ms (default)
2023-12-19 18:18:00,370 [EventQueue-OpenPipelineForHealthyPipelineSafeModeRule] INFO  safemode.SCMSafeModeManager (HealthyPipelineSafeModeRule.java:process(140)) - SCM in safe mode. Healthy pipelines reported count is 0, required healthy pipeline reported count is 1
2023-12-19 18:18:00,370 [a1d25c87-0c45-4075-9fe0-f0708f172712-groupManagement] INFO  server.RaftServerConfigKeys (ConfUtils.java:logGet(46)) - raft.server.log.purge.preservation.log.num = 0 (default)
2023-12-19 18:18:00,376 [a1d25c87-0c45-4075-9fe0-f0708f172712-groupManagement] INFO  server.RaftServerConfigKeys (ConfUtils.java:logGet(46)) - raft.server.log.segment.size.max = 67108864 (custom)
2023-12-19 18:18:00,377 [a1d25c87-0c45-4075-9fe0-f0708f172712-groupManagement] INFO  server.RaftServerConfigKeys (ConfUtils.java:logGet(46)) - raft.server.log.segment.cache.num.max = 2 (custom)
2023-12-19 18:18:00,377 [a1d25c87-0c45-4075-9fe0-f0708f172712-groupManagement] INFO  server.RaftServerConfigKeys (ConfUtils.java:logGet(46)) - raft.server.log.segment.cache.size.max = 200MB (=209715200) (default)
2023-12-19 18:18:00,377 [a1d25c87-0c45-4075-9fe0-f0708f172712-groupManagement] INFO  server.RaftServerConfigKeys (ConfUtils.java:logGet(46)) - raft.server.log.appender.buffer.byte-limit = 8388608 (custom)
2023-12-19 18:18:00,384 [a1d25c87-0c45-4075-9fe0-f0708f172712-groupManagement] INFO  util.AwaitToRun (AwaitToRun.java:start(81)) - Thread[a1d25c87-0c45-4075-9fe0-f0708f172712@group-C09D2DD42166-cacheEviction-AwaitToRun,5,main] started
2023-12-19 18:18:00,385 [a1d25c87-0c45-4075-9fe0-f0708f172712-groupManagement] INFO  segmented.SegmentedRaftLogWorker (SegmentedRaftLogWorker.java:<init>(184)) - new a1d25c87-0c45-4075-9fe0-f0708f172712@group-C09D2DD42166-SegmentedRaftLogWorker for RaftStorageImpl:Storage Directory /home/runner/work/ozone/ozone/hadoop-ozone/integration-test/target/test-dir/MiniOzoneClusterImpl-c3f67427-b36b-4ee4-bde0-91623ce58163/datanode-2/data/ratis/e1d0cfcb-53bb-47dd-964d-c09d2dd42166
2023-12-19 18:18:00,385 [a1d25c87-0c45-4075-9fe0-f0708f172712-groupManagement] INFO  server.RaftServerConfigKeys (ConfUtils.java:logGet(46)) - raft.server.log.queue.byte-limit = 4294967296 (custom)
2023-12-19 18:18:00,385 [a1d25c87-0c45-4075-9fe0-f0708f172712-groupManagement] INFO  server.RaftServerConfigKeys (ConfUtils.java:logGet(46)) - raft.server.log.queue.element-limit = 1024 (custom)
2023-12-19 18:18:00,385 [a1d25c87-0c45-4075-9fe0-f0708f172712-groupManagement] INFO  server.RaftServerConfigKeys (ConfUtils.java:logGet(46)) - raft.server.log.segment.size.max = 67108864 (custom)
2023-12-19 18:18:00,385 [a1d25c87-0c45-4075-9fe0-f0708f172712-groupManagement] INFO  server.RaftServerConfigKeys (ConfUtils.java:logGet(46)) - raft.server.log.preallocated.size = 4194304 (custom)
2023-12-19 18:18:00,385 [a1d25c87-0c45-4075-9fe0-f0708f172712-groupManagement] INFO  server.RaftServerConfigKeys (ConfUtils.java:logGet(46)) - raft.server.log.force.sync.num = 128 (default)
2023-12-19 18:18:00,385 [a1d25c87-0c45-4075-9fe0-f0708f172712-groupManagement] INFO  server.RaftServerConfigKeys (ConfUtils.java:logGet(46)) - raft.server.log.statemachine.data.sync = true (default)
2023-12-19 18:18:00,385 [a1d25c87-0c45-4075-9fe0-f0708f172712-groupManagement] INFO  server.RaftServerConfigKeys (ConfUtils.java:logGet(46)) - raft.server.log.statemachine.data.sync.timeout = 10s (default)
2023-12-19 18:18:00,386 [a1d25c87-0c45-4075-9fe0-f0708f172712-groupManagement] INFO  server.RaftServerConfigKeys (ConfUtils.java:logGet(46)) - raft.server.log.statemachine.data.sync.timeout.retry = 0 (custom)
2023-12-19 18:18:00,387 [a1d25c87-0c45-4075-9fe0-f0708f172712-groupManagement] INFO  server.RaftServerConfigKeys (ConfUtils.java:logGet(46)) - raft.server.log.write.buffer.size = 8388616 (custom)
2023-12-19 18:18:00,389 [a1d25c87-0c45-4075-9fe0-f0708f172712-groupManagement] INFO  server.RaftServerConfigKeys (ConfUtils.java:logGet(46)) - raft.server.log.appender.buffer.byte-limit = 8388608 (custom)
2023-12-19 18:18:00,389 [a1d25c87-0c45-4075-9fe0-f0708f172712-groupManagement] INFO  server.RaftServerConfigKeys (ConfUtils.java:logGet(46)) - raft.server.log.unsafe-flush.enabled = false (default)
2023-12-19 18:18:00,389 [a1d25c87-0c45-4075-9fe0-f0708f172712-groupManagement] INFO  server.RaftServerConfigKeys (ConfUtils.java:logGet(46)) - raft.server.log.async-flush.enabled = false (default)
2023-12-19 18:18:00,389 [a1d25c87-0c45-4075-9fe0-f0708f172712-groupManagement] INFO  server.RaftServerConfigKeys (ConfUtils.java:logGet(46)) - raft.server.log.statemachine.data.caching.enabled = true (custom)
2023-12-19 18:18:00,394 [a1d25c87-0c45-4075-9fe0-f0708f172712-groupManagement] INFO  segmented.SegmentedRaftLogWorker (SegmentedRaftLogWorker.java:lambda$new$0(135)) - a1d25c87-0c45-4075-9fe0-f0708f172712@group-C09D2DD42166-SegmentedRaftLogWorker: flushIndex: setUnconditionally 0 -> -1
2023-12-19 18:18:00,394 [a1d25c87-0c45-4075-9fe0-f0708f172712-groupManagement] INFO  segmented.SegmentedRaftLogWorker (SegmentedRaftLogWorker.java:lambda$new$0(135)) - a1d25c87-0c45-4075-9fe0-f0708f172712@group-C09D2DD42166-SegmentedRaftLogWorker: safeCacheEvictIndex: setUnconditionally 0 -> -1
2023-12-19 18:18:00,398 [a1d25c87-0c45-4075-9fe0-f0708f172712-groupManagement] INFO  server.RaftServer$Division (RaftServerImpl.java:start(392)) - a1d25c87-0c45-4075-9fe0-f0708f172712@group-C09D2DD42166: start as a follower, conf=-1: peers:[d0e3d241-91aa-4721-8188-ae5e0af11890|10.1.0.19:15014, e7599229-5a8e-48b0-86e7-2247601ad11a|10.1.0.19:15023, a1d25c87-0c45-4075-9fe0-f0708f172712|10.1.0.19:15032]|listeners:[], old=null
2023-12-19 18:18:00,398 [a1d25c87-0c45-4075-9fe0-f0708f172712-groupManagement] INFO  server.RaftServer$Division (RaftServerImpl.java:setRole(379)) - a1d25c87-0c45-4075-9fe0-f0708f172712@group-C09D2DD42166: changes role from      null to FOLLOWER at term 0 for startAsFollower
2023-12-19 18:18:00,398 [a1d25c87-0c45-4075-9fe0-f0708f172712-groupManagement] INFO  impl.RoleInfo (RoleInfo.java:updateAndGet(139)) - a1d25c87-0c45-4075-9fe0-f0708f172712: start a1d25c87-0c45-4075-9fe0-f0708f172712@group-C09D2DD42166-FollowerState
2023-12-19 18:18:00,398 [244ca980-f87d-4e1f-bf92-41859c631eea-PipelineCommandHandlerThread-0] INFO  server.RaftServer (RaftServerProxy.java:addNew(100)) - 244ca980-f87d-4e1f-bf92-41859c631eea: addNew group-2F73F5FCF847:[244ca980-f87d-4e1f-bf92-41859c631eea|10.1.0.19:15041] returns group-2F73F5FCF847:java.util.concurrent.CompletableFuture@6dfc6ddf[Not completed]
2023-12-19 18:18:00,398 [a1d25c87-0c45-4075-9fe0-f0708f172712-groupManagement] INFO  util.JmxRegister (JmxRegister.java:tryRegister(44)) - Successfully registered JMX Bean with object name Ratis:service=RaftServer,group=group-C09D2DD42166,id=a1d25c87-0c45-4075-9fe0-f0708f172712
2023-12-19 18:18:00,399 [a1d25c87-0c45-4075-9fe0-f0708f172712-groupManagement] INFO  server.RaftServerConfigKeys (ConfUtils.java:logGet(46)) - raft.server.snapshot.trigger-when-stop.enabled = true (default)
2023-12-19 18:18:00,399 [a1d25c87-0c45-4075-9fe0-f0708f172712-groupManagement] INFO  server.RaftServerConfigKeys (ConfUtils.java:logGet(46)) - raft.server.snapshot.auto.trigger.enabled = true (custom)
2023-12-19 18:18:00,399 [a1d25c87-0c45-4075-9fe0-f0708f172712-groupManagement] INFO  server.RaftServerConfigKeys (ConfUtils.java:logGet(46)) - raft.server.snapshot.auto.trigger.threshold = 10000 (custom)
2023-12-19 18:18:00,399 [a1d25c87-0c45-4075-9fe0-f0708f172712-groupManagement] INFO  server.RaftServerConfigKeys (ConfUtils.java:logGet(46)) - raft.server.snapshot.retention.file.num = 5 (custom)
2023-12-19 18:18:00,399 [a1d25c87-0c45-4075-9fe0-f0708f172712-groupManagement] INFO  server.RaftServerConfigKeys (ConfUtils.java:logGet(46)) - raft.server.log.purge.upto.snapshot.index = false (default)
2023-12-19 18:18:00,399 [a1d25c87-0c45-4075-9fe0-f0708f172712@group-C09D2DD42166-FollowerState] INFO  server.RaftServerConfigKeys (ConfUtils.java:logFallback(53)) - raft.server.rpc.first-election.timeout.min = 5s (fallback to raft.server.rpc.timeout.min)
2023-12-19 18:18:00,399 [a1d25c87-0c45-4075-9fe0-f0708f172712@group-C09D2DD42166-FollowerState] INFO  server.RaftServerConfigKeys (ConfUtils.java:logFallback(53)) - raft.server.rpc.first-election.timeout.max = 5200ms (fallback to raft.server.rpc.timeout.max)
2023-12-19 18:18:00,400 [a1d25c87-0c45-4075-9fe0-f0708f172712-PipelineCommandHandlerThread-0] INFO  ratis.XceiverServerRatis (XceiverServerRatis.java:addGroup(837)) - Created group PipelineID=e1d0cfcb-53bb-47dd-964d-c09d2dd42166
2023-12-19 18:18:00,405 [244ca980-f87d-4e1f-bf92-41859c631eea-groupManagement] INFO  server.RaftServer$Division (RaftServerImpl.java:<init>(256)) - 244ca980-f87d-4e1f-bf92-41859c631eea: new RaftServerImpl for group-2F73F5FCF847:[244ca980-f87d-4e1f-bf92-41859c631eea|10.1.0.19:15041] with ContainerStateMachine:uninitialized
2023-12-19 18:18:00,405 [244ca980-f87d-4e1f-bf92-41859c631eea-groupManagement] INFO  server.RaftServerConfigKeys (ConfUtils.java:logGet(46)) - raft.server.rpc.timeout.min = 5s (custom)
2023-12-19 18:18:00,406 [244ca980-f87d-4e1f-bf92-41859c631eea-groupManagement] INFO  server.RaftServerConfigKeys (ConfUtils.java:logGet(46)) - raft.server.rpc.timeout.max = 5200ms (custom)
2023-12-19 18:18:00,406 [244ca980-f87d-4e1f-bf92-41859c631eea-groupManagement] INFO  server.RaftServerConfigKeys (ConfUtils.java:logGet(46)) - raft.server.rpc.sleep.time = 25ms (default)
2023-12-19 18:18:00,406 [244ca980-f87d-4e1f-bf92-41859c631eea-groupManagement] INFO  server.RaftServerConfigKeys (ConfUtils.java:logGet(46)) - raft.server.rpc.slowness.timeout = 300s (custom)
2023-12-19 18:18:00,406 [244ca980-f87d-4e1f-bf92-41859c631eea-groupManagement] INFO  server.RaftServerConfigKeys (ConfUtils.java:logGet(46)) - raft.server.leaderelection.leader.step-down.wait-time = 10s (default)
2023-12-19 18:18:00,406 [244ca980-f87d-4e1f-bf92-41859c631eea-groupManagement] INFO  server.RaftServerConfigKeys (ConfUtils.java:logGet(46)) - raft.server.leaderelection.member.majority-add = false (default)
2023-12-19 18:18:00,406 [244ca980-f87d-4e1f-bf92-41859c631eea-groupManagement] INFO  server.RaftServerConfigKeys (ConfUtils.java:logGet(46)) - raft.server.sleep.deviation.threshold = 300ms (default)
2023-12-19 18:18:00,406 [244ca980-f87d-4e1f-bf92-41859c631eea-groupManagement] INFO  server.RaftServer$Division (ServerState.java:<init>(113)) - 244ca980-f87d-4e1f-bf92-41859c631eea@group-2F73F5FCF847: ConfigurationManager, init=-1: peers:[244ca980-f87d-4e1f-bf92-41859c631eea|10.1.0.19:15041]|listeners:[], old=null, confs=<EMPTY_MAP>
2023-12-19 18:18:00,406 [244ca980-f87d-4e1f-bf92-41859c631eea-groupManagement] INFO  server.RaftServerConfigKeys (ConfUtils.java:logGet(46)) - raft.server.notification.no-leader.timeout = 300s (custom)
2023-12-19 18:18:00,406 [244ca980-f87d-4e1f-bf92-41859c631eea-groupManagement] INFO  server.RaftServerConfigKeys (ConfUtils.java:logGet(46)) - raft.server.read.timeout = 10s (default)
2023-12-19 18:18:00,406 [244ca980-f87d-4e1f-bf92-41859c631eea-groupManagement] INFO  server.RaftServerConfigKeys (ConfUtils.java:logGet(46)) - raft.server.retrycache.expirytime = 600000ms (custom)
2023-12-19 18:18:00,406 [244ca980-f87d-4e1f-bf92-41859c631eea-groupManagement] INFO  server.RaftServerConfigKeys (ConfUtils.java:logGet(46)) - raft.server.retrycache.statistics.expirytime = 100ms (default)
2023-12-19 18:18:00,406 [244ca980-f87d-4e1f-bf92-41859c631eea-groupManagement] INFO  server.RaftServerConfigKeys (ConfUtils.java:logGet(46)) - raft.server.read.option = DEFAULT (default)
2023-12-19 18:18:00,406 [244ca980-f87d-4e1f-bf92-41859c631eea-groupManagement] INFO  server.RaftServerConfigKeys (ConfUtils.java:logGet(46)) - raft.server.read.read-after-write-consistent.write-index-cache.expiry-time = 60s (default)
2023-12-19 18:18:00,415 [244ca980-f87d-4e1f-bf92-41859c631eea-groupManagement] INFO  server.RaftServerConfigKeys (ConfUtils.java:logGet(46)) - raft.server.rpc.request.timeout = 60s (custom)
2023-12-19 18:18:00,415 [244ca980-f87d-4e1f-bf92-41859c631eea-groupManagement] INFO  server.RaftServerConfigKeys (ConfUtils.java:logGet(46)) - raft.server.log.appender.install.snapshot.enabled = false (custom)
2023-12-19 18:18:00,416 [244ca980-f87d-4e1f-bf92-41859c631eea-groupManagement] INFO  server.RaftServerConfigKeys (ConfUtils.java:logGet(46)) - raft.server.threadpool.server.cached = true (default)
2023-12-19 18:18:00,416 [244ca980-f87d-4e1f-bf92-41859c631eea-groupManagement] INFO  server.RaftServerConfigKeys (ConfUtils.java:logGet(46)) - raft.server.threadpool.server.size = 0 (default)
2023-12-19 18:18:00,416 [244ca980-f87d-4e1f-bf92-41859c631eea-groupManagement] INFO  server.RaftServerConfigKeys (ConfUtils.java:logGet(46)) - raft.server.threadpool.client.cached = true (default)
2023-12-19 18:18:00,417 [244ca980-f87d-4e1f-bf92-41859c631eea-groupManagement] INFO  server.RaftServerConfigKeys (ConfUtils.java:logGet(46)) - raft.server.threadpool.client.size = 0 (default)
2023-12-19 18:18:00,417 [244ca980-f87d-4e1f-bf92-41859c631eea-groupManagement] INFO  server.RaftServerConfigKeys (ConfUtils.java:logGet(46)) - raft.server.storage.free-space.min = 0MB (=0) (default)
2023-12-19 18:18:00,417 [244ca980-f87d-4e1f-bf92-41859c631eea-groupManagement] INFO  server.RaftServerConfigKeys (ConfUtils.java:logGet(46)) - raft.server.log.corruption.policy = EXCEPTION (default)
2023-12-19 18:18:00,418 [244ca980-f87d-4e1f-bf92-41859c631eea-groupManagement] INFO  server.RaftServerConfigKeys (ConfUtils.java:logGet(46)) - raft.server.storage.dir = [/home/runner/work/ozone/ozone/hadoop-ozone/integration-test/target/test-dir/MiniOzoneClusterImpl-c3f67427-b36b-4ee4-bde0-91623ce58163/datanode-3/data/ratis] (custom)
2023-12-19 18:18:00,418 [244ca980-f87d-4e1f-bf92-41859c631eea-groupManagement] INFO  storage.RaftStorageDirectory (RaftStorageDirectoryImpl.java:analyzeStorage(138)) - The storage directory /home/runner/work/ozone/ozone/hadoop-ozone/integration-test/target/test-dir/MiniOzoneClusterImpl-c3f67427-b36b-4ee4-bde0-91623ce58163/datanode-3/data/ratis/473ae92e-10a3-4cdb-8241-2f73f5fcf847 does not exist. Creating ...
2023-12-19 18:18:00,422 [244ca980-f87d-4e1f-bf92-41859c631eea-groupManagement] INFO  storage.RaftStorageDirectory (RaftStorageDirectoryImpl.java:tryLock(232)) - Lock on /home/runner/work/ozone/ozone/hadoop-ozone/integration-test/target/test-dir/MiniOzoneClusterImpl-c3f67427-b36b-4ee4-bde0-91623ce58163/datanode-3/data/ratis/473ae92e-10a3-4cdb-8241-2f73f5fcf847/in_use.lock acquired by nodename 34604@fv-az1381-513
2023-12-19 18:18:00,423 [244ca980-f87d-4e1f-bf92-41859c631eea-groupManagement] INFO  storage.RaftStorage (RaftStorageImpl.java:format(97)) - Storage directory /home/runner/work/ozone/ozone/hadoop-ozone/integration-test/target/test-dir/MiniOzoneClusterImpl-c3f67427-b36b-4ee4-bde0-91623ce58163/datanode-3/data/ratis/473ae92e-10a3-4cdb-8241-2f73f5fcf847 has been successfully formatted.
2023-12-19 18:18:00,424 [244ca980-f87d-4e1f-bf92-41859c631eea-groupManagement] INFO  ratis.ContainerStateMachine (ContainerStateMachine.java:loadSnapshot(287)) - group-2F73F5FCF847: The snapshot info is null. Setting the last applied indexto:(t:0, i:~)
2023-12-19 18:18:00,425 [244ca980-f87d-4e1f-bf92-41859c631eea-groupManagement] INFO  server.RaftServerConfigKeys (ConfUtils.java:logGet(46)) - raft.server.log.use.memory = false (default)
2023-12-19 18:18:00,425 [244ca980-f87d-4e1f-bf92-41859c631eea-groupManagement] INFO  server.RaftServerConfigKeys (ConfUtils.java:logGet(46)) - raft.server.log.purge.gap = 1000000 (custom)
2023-12-19 18:18:00,425 [244ca980-f87d-4e1f-bf92-41859c631eea-groupManagement] INFO  server.RaftServerConfigKeys (ConfUtils.java:logGet(46)) - raft.server.log.appender.buffer.byte-limit = 8388608 (custom)
2023-12-19 18:18:00,426 [244ca980-f87d-4e1f-bf92-41859c631eea-groupManagement] INFO  server.RaftServerConfigKeys (ConfUtils.java:logGet(46)) - raft.server.log.statemachine.data.read.timeout = 1000ms (default)
2023-12-19 18:18:00,426 [244ca980-f87d-4e1f-bf92-41859c631eea-groupManagement] INFO  server.RaftServerConfigKeys (ConfUtils.java:logGet(46)) - raft.server.log.purge.preservation.log.num = 0 (default)
2023-12-19 18:18:00,427 [EventQueue-PipelineReportForPipelineReportHandler] INFO  pipeline.PipelineReportHandler (PipelineReportHandler.java:processPipelineReport(136)) - Opened pipeline PipelineID=473ae92e-10a3-4cdb-8241-2f73f5fcf847
2023-12-19 18:18:00,427 [EventQueue-OpenPipelineForHealthyPipelineSafeModeRule] INFO  safemode.SCMSafeModeManager (HealthyPipelineSafeModeRule.java:process(140)) - SCM in safe mode. Healthy pipelines reported count is 0, required healthy pipeline reported count is 1
2023-12-19 18:18:00,430 [244ca980-f87d-4e1f-bf92-41859c631eea-groupManagement] INFO  server.RaftServerConfigKeys (ConfUtils.java:logGet(46)) - raft.server.log.segment.size.max = 67108864 (custom)
2023-12-19 18:18:00,431 [244ca980-f87d-4e1f-bf92-41859c631eea-groupManagement] INFO  server.RaftServerConfigKeys (ConfUtils.java:logGet(46)) - raft.server.log.segment.cache.num.max = 2 (custom)
2023-12-19 18:18:00,432 [244ca980-f87d-4e1f-bf92-41859c631eea-groupManagement] INFO  server.RaftServerConfigKeys (ConfUtils.java:logGet(46)) - raft.server.log.segment.cache.size.max = 200MB (=209715200) (default)
2023-12-19 18:18:00,432 [244ca980-f87d-4e1f-bf92-41859c631eea-groupManagement] INFO  server.RaftServerConfigKeys (ConfUtils.java:logGet(46)) - raft.server.log.appender.buffer.byte-limit = 8388608 (custom)
2023-12-19 18:18:00,437 [244ca980-f87d-4e1f-bf92-41859c631eea-groupManagement] INFO  util.AwaitToRun (AwaitToRun.java:start(81)) - Thread[244ca980-f87d-4e1f-bf92-41859c631eea@group-2F73F5FCF847-cacheEviction-AwaitToRun,5,main] started
2023-12-19 18:18:00,437 [244ca980-f87d-4e1f-bf92-41859c631eea-groupManagement] INFO  segmented.SegmentedRaftLogWorker (SegmentedRaftLogWorker.java:<init>(184)) - new 244ca980-f87d-4e1f-bf92-41859c631eea@group-2F73F5FCF847-SegmentedRaftLogWorker for RaftStorageImpl:Storage Directory /home/runner/work/ozone/ozone/hadoop-ozone/integration-test/target/test-dir/MiniOzoneClusterImpl-c3f67427-b36b-4ee4-bde0-91623ce58163/datanode-3/data/ratis/473ae92e-10a3-4cdb-8241-2f73f5fcf847
2023-12-19 18:18:00,437 [244ca980-f87d-4e1f-bf92-41859c631eea-groupManagement] INFO  server.RaftServerConfigKeys (ConfUtils.java:logGet(46)) - raft.server.log.queue.byte-limit = 4294967296 (custom)
2023-12-19 18:18:00,438 [244ca980-f87d-4e1f-bf92-41859c631eea-groupManagement] INFO  server.RaftServerConfigKeys (ConfUtils.java:logGet(46)) - raft.server.log.queue.element-limit = 1024 (custom)
2023-12-19 18:18:00,438 [244ca980-f87d-4e1f-bf92-41859c631eea-groupManagement] INFO  server.RaftServerConfigKeys (ConfUtils.java:logGet(46)) - raft.server.log.segment.size.max = 67108864 (custom)
2023-12-19 18:18:00,438 [244ca980-f87d-4e1f-bf92-41859c631eea-groupManagement] INFO  server.RaftServerConfigKeys (ConfUtils.java:logGet(46)) - raft.server.log.preallocated.size = 4194304 (custom)
2023-12-19 18:18:00,438 [244ca980-f87d-4e1f-bf92-41859c631eea-groupManagement] INFO  server.RaftServerConfigKeys (ConfUtils.java:logGet(46)) - raft.server.log.force.sync.num = 128 (default)
2023-12-19 18:18:00,439 [244ca980-f87d-4e1f-bf92-41859c631eea-groupManagement] INFO  server.RaftServerConfigKeys (ConfUtils.java:logGet(46)) - raft.server.log.statemachine.data.sync = true (default)
2023-12-19 18:18:00,439 [244ca980-f87d-4e1f-bf92-41859c631eea-groupManagement] INFO  server.RaftServerConfigKeys (ConfUtils.java:logGet(46)) - raft.server.log.statemachine.data.sync.timeout = 10s (default)
2023-12-19 18:18:00,439 [244ca980-f87d-4e1f-bf92-41859c631eea-groupManagement] INFO  server.RaftServerConfigKeys (ConfUtils.java:logGet(46)) - raft.server.log.statemachine.data.sync.timeout.retry = 0 (custom)
2023-12-19 18:18:00,440 [244ca980-f87d-4e1f-bf92-41859c631eea-groupManagement] INFO  server.RaftServerConfigKeys (ConfUtils.java:logGet(46)) - raft.server.log.write.buffer.size = 8388616 (custom)
2023-12-19 18:18:00,442 [244ca980-f87d-4e1f-bf92-41859c631eea-groupManagement] INFO  server.RaftServerConfigKeys (ConfUtils.java:logGet(46)) - raft.server.log.appender.buffer.byte-limit = 8388608 (custom)
2023-12-19 18:18:00,443 [244ca980-f87d-4e1f-bf92-41859c631eea-groupManagement] INFO  server.RaftServerConfigKeys (ConfUtils.java:logGet(46)) - raft.server.log.unsafe-flush.enabled = false (default)
2023-12-19 18:18:00,443 [244ca980-f87d-4e1f-bf92-41859c631eea-groupManagement] INFO  server.RaftServerConfigKeys (ConfUtils.java:logGet(46)) - raft.server.log.async-flush.enabled = false (default)
2023-12-19 18:18:00,443 [244ca980-f87d-4e1f-bf92-41859c631eea-groupManagement] INFO  server.RaftServerConfigKeys (ConfUtils.java:logGet(46)) - raft.server.log.statemachine.data.caching.enabled = true (custom)
2023-12-19 18:18:00,443 [244ca980-f87d-4e1f-bf92-41859c631eea-groupManagement] INFO  segmented.SegmentedRaftLogWorker (SegmentedRaftLogWorker.java:lambda$new$0(135)) - 244ca980-f87d-4e1f-bf92-41859c631eea@group-2F73F5FCF847-SegmentedRaftLogWorker: flushIndex: setUnconditionally 0 -> -1
2023-12-19 18:18:00,443 [244ca980-f87d-4e1f-bf92-41859c631eea-groupManagement] INFO  segmented.SegmentedRaftLogWorker (SegmentedRaftLogWorker.java:lambda$new$0(135)) - 244ca980-f87d-4e1f-bf92-41859c631eea@group-2F73F5FCF847-SegmentedRaftLogWorker: safeCacheEvictIndex: setUnconditionally 0 -> -1
2023-12-19 18:18:00,444 [244ca980-f87d-4e1f-bf92-41859c631eea-groupManagement] INFO  server.RaftServer$Division (RaftServerImpl.java:start(392)) - 244ca980-f87d-4e1f-bf92-41859c631eea@group-2F73F5FCF847: start as a follower, conf=-1: peers:[244ca980-f87d-4e1f-bf92-41859c631eea|10.1.0.19:15041]|listeners:[], old=null
2023-12-19 18:18:00,444 [244ca980-f87d-4e1f-bf92-41859c631eea-groupManagement] INFO  server.RaftServer$Division (RaftServerImpl.java:setRole(379)) - 244ca980-f87d-4e1f-bf92-41859c631eea@group-2F73F5FCF847: changes role from      null to FOLLOWER at term 0 for startAsFollower
2023-12-19 18:18:00,444 [244ca980-f87d-4e1f-bf92-41859c631eea-groupManagement] INFO  impl.RoleInfo (RoleInfo.java:updateAndGet(139)) - 244ca980-f87d-4e1f-bf92-41859c631eea: start 244ca980-f87d-4e1f-bf92-41859c631eea@group-2F73F5FCF847-FollowerState
2023-12-19 18:18:00,445 [244ca980-f87d-4e1f-bf92-41859c631eea-groupManagement] INFO  util.JmxRegister (JmxRegister.java:tryRegister(44)) - Successfully registered JMX Bean with object name Ratis:service=RaftServer,group=group-2F73F5FCF847,id=244ca980-f87d-4e1f-bf92-41859c631eea
2023-12-19 18:18:00,445 [244ca980-f87d-4e1f-bf92-41859c631eea-groupManagement] INFO  server.RaftServerConfigKeys (ConfUtils.java:logGet(46)) - raft.server.snapshot.trigger-when-stop.enabled = true (default)
2023-12-19 18:18:00,445 [244ca980-f87d-4e1f-bf92-41859c631eea-groupManagement] INFO  server.RaftServerConfigKeys (ConfUtils.java:logGet(46)) - raft.server.snapshot.auto.trigger.enabled = true (custom)
2023-12-19 18:18:00,445 [244ca980-f87d-4e1f-bf92-41859c631eea-groupManagement] INFO  server.RaftServerConfigKeys (ConfUtils.java:logGet(46)) - raft.server.snapshot.auto.trigger.threshold = 10000 (custom)
2023-12-19 18:18:00,445 [244ca980-f87d-4e1f-bf92-41859c631eea-groupManagement] INFO  server.RaftServerConfigKeys (ConfUtils.java:logGet(46)) - raft.server.snapshot.retention.file.num = 5 (custom)
2023-12-19 18:18:00,446 [244ca980-f87d-4e1f-bf92-41859c631eea-groupManagement] INFO  server.RaftServerConfigKeys (ConfUtils.java:logGet(46)) - raft.server.log.purge.upto.snapshot.index = false (default)
2023-12-19 18:18:00,447 [244ca980-f87d-4e1f-bf92-41859c631eea@group-2F73F5FCF847-FollowerState] INFO  server.RaftServerConfigKeys (ConfUtils.java:logFallback(53)) - raft.server.rpc.first-election.timeout.min = 5s (fallback to raft.server.rpc.timeout.min)
2023-12-19 18:18:00,447 [244ca980-f87d-4e1f-bf92-41859c631eea@group-2F73F5FCF847-FollowerState] INFO  server.RaftServerConfigKeys (ConfUtils.java:logFallback(53)) - raft.server.rpc.first-election.timeout.max = 5200ms (fallback to raft.server.rpc.timeout.max)
2023-12-19 18:18:00,448 [244ca980-f87d-4e1f-bf92-41859c631eea-PipelineCommandHandlerThread-0] INFO  ratis.XceiverServerRatis (XceiverServerRatis.java:addGroup(837)) - Created group PipelineID=473ae92e-10a3-4cdb-8241-2f73f5fcf847
2023-12-19 18:18:00,448 [244ca980-f87d-4e1f-bf92-41859c631eea-PipelineCommandHandlerThread-0] INFO  commandhandler.CreatePipelineCommandHandler (CreatePipelineCommandHandler.java:lambda$handle$2(124)) - Created Pipeline RATIS ONE PipelineID=473ae92e-10a3-4cdb-8241-2f73f5fcf847.
2023-12-19 18:18:00,449 [244ca980-f87d-4e1f-bf92-41859c631eea-PipelineCommandHandlerThread-0] INFO  server.RaftServer (RaftServerProxy.java:addNew(100)) - 244ca980-f87d-4e1f-bf92-41859c631eea: addNew group-83C92CC6210C:[f3699da5-7632-4885-9efe-d79f82e47143|10.1.0.19:15059, b44d76fe-ddfd-47c8-8f4d-0e79dfcb9ca5|10.1.0.19:15050, 244ca980-f87d-4e1f-bf92-41859c631eea|10.1.0.19:15041] returns group-83C92CC6210C:java.util.concurrent.CompletableFuture@69c3e4b8[Not completed]
2023-12-19 18:18:00,450 [244ca980-f87d-4e1f-bf92-41859c631eea-groupManagement] INFO  server.RaftServer$Division (RaftServerImpl.java:<init>(256)) - 244ca980-f87d-4e1f-bf92-41859c631eea: new RaftServerImpl for group-83C92CC6210C:[f3699da5-7632-4885-9efe-d79f82e47143|10.1.0.19:15059, b44d76fe-ddfd-47c8-8f4d-0e79dfcb9ca5|10.1.0.19:15050, 244ca980-f87d-4e1f-bf92-41859c631eea|10.1.0.19:15041] with ContainerStateMachine:uninitialized
2023-12-19 18:18:00,450 [244ca980-f87d-4e1f-bf92-41859c631eea-groupManagement] INFO  server.RaftServerConfigKeys (ConfUtils.java:logGet(46)) - raft.server.rpc.timeout.min = 5s (custom)
2023-12-19 18:18:00,450 [244ca980-f87d-4e1f-bf92-41859c631eea-groupManagement] INFO  server.RaftServerConfigKeys (ConfUtils.java:logGet(46)) - raft.server.rpc.timeout.max = 5200ms (custom)
2023-12-19 18:18:00,450 [244ca980-f87d-4e1f-bf92-41859c631eea-groupManagement] INFO  server.RaftServerConfigKeys (ConfUtils.java:logGet(46)) - raft.server.rpc.sleep.time = 25ms (default)
2023-12-19 18:18:00,450 [244ca980-f87d-4e1f-bf92-41859c631eea-groupManagement] INFO  server.RaftServerConfigKeys (ConfUtils.java:logGet(46)) - raft.server.rpc.slowness.timeout = 300s (custom)
2023-12-19 18:18:00,450 [244ca980-f87d-4e1f-bf92-41859c631eea-groupManagement] INFO  server.RaftServerConfigKeys (ConfUtils.java:logGet(46)) - raft.server.leaderelection.leader.step-down.wait-time = 10s (default)
2023-12-19 18:18:00,450 [244ca980-f87d-4e1f-bf92-41859c631eea-groupManagement] INFO  server.RaftServerConfigKeys (ConfUtils.java:logGet(46)) - raft.server.leaderelection.member.majority-add = false (default)
2023-12-19 18:18:00,450 [244ca980-f87d-4e1f-bf92-41859c631eea-groupManagement] INFO  server.RaftServerConfigKeys (ConfUtils.java:logGet(46)) - raft.server.sleep.deviation.threshold = 300ms (default)
2023-12-19 18:18:00,450 [244ca980-f87d-4e1f-bf92-41859c631eea-groupManagement] INFO  server.RaftServer$Division (ServerState.java:<init>(113)) - 244ca980-f87d-4e1f-bf92-41859c631eea@group-83C92CC6210C: ConfigurationManager, init=-1: peers:[f3699da5-7632-4885-9efe-d79f82e47143|10.1.0.19:15059, b44d76fe-ddfd-47c8-8f4d-0e79dfcb9ca5|10.1.0.19:15050, 244ca980-f87d-4e1f-bf92-41859c631eea|10.1.0.19:15041]|listeners:[], old=null, confs=<EMPTY_MAP>
2023-12-19 18:18:00,451 [244ca980-f87d-4e1f-bf92-41859c631eea-groupManagement] INFO  server.RaftServerConfigKeys (ConfUtils.java:logGet(46)) - raft.server.notification.no-leader.timeout = 300s (custom)
2023-12-19 18:18:00,451 [244ca980-f87d-4e1f-bf92-41859c631eea-groupManagement] INFO  server.RaftServerConfigKeys (ConfUtils.java:logGet(46)) - raft.server.read.timeout = 10s (default)
2023-12-19 18:18:00,451 [244ca980-f87d-4e1f-bf92-41859c631eea-groupManagement] INFO  server.RaftServerConfigKeys (ConfUtils.java:logGet(46)) - raft.server.retrycache.expirytime = 600000ms (custom)
2023-12-19 18:18:00,451 [244ca980-f87d-4e1f-bf92-41859c631eea-groupManagement] INFO  server.RaftServerConfigKeys (ConfUtils.java:logGet(46)) - raft.server.retrycache.statistics.expirytime = 100ms (default)
2023-12-19 18:18:00,451 [244ca980-f87d-4e1f-bf92-41859c631eea-groupManagement] INFO  server.RaftServerConfigKeys (ConfUtils.java:logGet(46)) - raft.server.read.option = DEFAULT (default)
2023-12-19 18:18:00,451 [244ca980-f87d-4e1f-bf92-41859c631eea-groupManagement] INFO  server.RaftServerConfigKeys (ConfUtils.java:logGet(46)) - raft.server.read.read-after-write-consistent.write-index-cache.expiry-time = 60s (default)
2023-12-19 18:18:00,457 [244ca980-f87d-4e1f-bf92-41859c631eea-groupManagement] INFO  server.RaftServerConfigKeys (ConfUtils.java:logGet(46)) - raft.server.rpc.request.timeout = 60s (custom)
2023-12-19 18:18:00,459 [244ca980-f87d-4e1f-bf92-41859c631eea-groupManagement] INFO  server.RaftServerConfigKeys (ConfUtils.java:logGet(46)) - raft.server.log.appender.install.snapshot.enabled = false (custom)
2023-12-19 18:18:00,460 [244ca980-f87d-4e1f-bf92-41859c631eea-groupManagement] INFO  server.RaftServerConfigKeys (ConfUtils.java:logGet(46)) - raft.server.threadpool.server.cached = true (default)
2023-12-19 18:18:00,460 [244ca980-f87d-4e1f-bf92-41859c631eea-groupManagement] INFO  server.RaftServerConfigKeys (ConfUtils.java:logGet(46)) - raft.server.threadpool.server.size = 0 (default)
2023-12-19 18:18:00,461 [244ca980-f87d-4e1f-bf92-41859c631eea-groupManagement] INFO  server.RaftServerConfigKeys (ConfUtils.java:logGet(46)) - raft.server.threadpool.client.cached = true (default)
2023-12-19 18:18:00,461 [244ca980-f87d-4e1f-bf92-41859c631eea-groupManagement] INFO  server.RaftServerConfigKeys (ConfUtils.java:logGet(46)) - raft.server.threadpool.client.size = 0 (default)
2023-12-19 18:18:00,461 [244ca980-f87d-4e1f-bf92-41859c631eea-groupManagement] INFO  server.RaftServerConfigKeys (ConfUtils.java:logGet(46)) - raft.server.storage.free-space.min = 0MB (=0) (default)
2023-12-19 18:18:00,462 [244ca980-f87d-4e1f-bf92-41859c631eea-groupManagement] INFO  server.RaftServerConfigKeys (ConfUtils.java:logGet(46)) - raft.server.log.corruption.policy = EXCEPTION (default)
2023-12-19 18:18:00,462 [244ca980-f87d-4e1f-bf92-41859c631eea-groupManagement] INFO  server.RaftServerConfigKeys (ConfUtils.java:logGet(46)) - raft.server.storage.dir = [/home/runner/work/ozone/ozone/hadoop-ozone/integration-test/target/test-dir/MiniOzoneClusterImpl-c3f67427-b36b-4ee4-bde0-91623ce58163/datanode-3/data/ratis] (custom)
2023-12-19 18:18:00,463 [244ca980-f87d-4e1f-bf92-41859c631eea-groupManagement] INFO  storage.RaftStorageDirectory (RaftStorageDirectoryImpl.java:analyzeStorage(138)) - The storage directory /home/runner/work/ozone/ozone/hadoop-ozone/integration-test/target/test-dir/MiniOzoneClusterImpl-c3f67427-b36b-4ee4-bde0-91623ce58163/datanode-3/data/ratis/fe77e429-5f3d-4142-9d51-83c92cc6210c does not exist. Creating ...
2023-12-19 18:18:00,465 [244ca980-f87d-4e1f-bf92-41859c631eea-groupManagement] INFO  storage.RaftStorageDirectory (RaftStorageDirectoryImpl.java:tryLock(232)) - Lock on /home/runner/work/ozone/ozone/hadoop-ozone/integration-test/target/test-dir/MiniOzoneClusterImpl-c3f67427-b36b-4ee4-bde0-91623ce58163/datanode-3/data/ratis/fe77e429-5f3d-4142-9d51-83c92cc6210c/in_use.lock acquired by nodename 34604@fv-az1381-513
2023-12-19 18:18:00,467 [244ca980-f87d-4e1f-bf92-41859c631eea-groupManagement] INFO  storage.RaftStorage (RaftStorageImpl.java:format(97)) - Storage directory /home/runner/work/ozone/ozone/hadoop-ozone/integration-test/target/test-dir/MiniOzoneClusterImpl-c3f67427-b36b-4ee4-bde0-91623ce58163/datanode-3/data/ratis/fe77e429-5f3d-4142-9d51-83c92cc6210c has been successfully formatted.
2023-12-19 18:18:00,467 [244ca980-f87d-4e1f-bf92-41859c631eea-groupManagement] INFO  ratis.ContainerStateMachine (ContainerStateMachine.java:loadSnapshot(287)) - group-83C92CC6210C: The snapshot info is null. Setting the last applied indexto:(t:0, i:~)
2023-12-19 18:18:00,468 [244ca980-f87d-4e1f-bf92-41859c631eea-groupManagement] INFO  server.RaftServerConfigKeys (ConfUtils.java:logGet(46)) - raft.server.log.use.memory = false (default)
2023-12-19 18:18:00,468 [244ca980-f87d-4e1f-bf92-41859c631eea-groupManagement] INFO  server.RaftServerConfigKeys (ConfUtils.java:logGet(46)) - raft.server.log.purge.gap = 1000000 (custom)
2023-12-19 18:18:00,468 [244ca980-f87d-4e1f-bf92-41859c631eea-groupManagement] INFO  server.RaftServerConfigKeys (ConfUtils.java:logGet(46)) - raft.server.log.appender.buffer.byte-limit = 8388608 (custom)
2023-12-19 18:18:00,469 [244ca980-f87d-4e1f-bf92-41859c631eea-groupManagement] INFO  server.RaftServerConfigKeys (ConfUtils.java:logGet(46)) - raft.server.log.statemachine.data.read.timeout = 1000ms (default)
2023-12-19 18:18:00,469 [244ca980-f87d-4e1f-bf92-41859c631eea-groupManagement] INFO  server.RaftServerConfigKeys (ConfUtils.java:logGet(46)) - raft.server.log.purge.preservation.log.num = 0 (default)
2023-12-19 18:18:00,469 [EventQueue-OpenPipelineForHealthyPipelineSafeModeRule] INFO  safemode.SCMSafeModeManager (HealthyPipelineSafeModeRule.java:process(140)) - SCM in safe mode. Healthy pipelines reported count is 0, required healthy pipeline reported count is 1
2023-12-19 18:18:00,473 [244ca980-f87d-4e1f-bf92-41859c631eea-groupManagement] INFO  server.RaftServerConfigKeys (ConfUtils.java:logGet(46)) - raft.server.log.segment.size.max = 67108864 (custom)
2023-12-19 18:18:00,473 [244ca980-f87d-4e1f-bf92-41859c631eea-groupManagement] INFO  server.RaftServerConfigKeys (ConfUtils.java:logGet(46)) - raft.server.log.segment.cache.num.max = 2 (custom)
2023-12-19 18:18:00,473 [244ca980-f87d-4e1f-bf92-41859c631eea-groupManagement] INFO  server.RaftServerConfigKeys (ConfUtils.java:logGet(46)) - raft.server.log.segment.cache.size.max = 200MB (=209715200) (default)
2023-12-19 18:18:00,474 [244ca980-f87d-4e1f-bf92-41859c631eea-groupManagement] INFO  server.RaftServerConfigKeys (ConfUtils.java:logGet(46)) - raft.server.log.appender.buffer.byte-limit = 8388608 (custom)
2023-12-19 18:18:00,477 [244ca980-f87d-4e1f-bf92-41859c631eea-groupManagement] INFO  util.AwaitToRun (AwaitToRun.java:start(81)) - Thread[244ca980-f87d-4e1f-bf92-41859c631eea@group-83C92CC6210C-cacheEviction-AwaitToRun,5,main] started
2023-12-19 18:18:00,477 [244ca980-f87d-4e1f-bf92-41859c631eea-groupManagement] INFO  segmented.SegmentedRaftLogWorker (SegmentedRaftLogWorker.java:<init>(184)) - new 244ca980-f87d-4e1f-bf92-41859c631eea@group-83C92CC6210C-SegmentedRaftLogWorker for RaftStorageImpl:Storage Directory /home/runner/work/ozone/ozone/hadoop-ozone/integration-test/target/test-dir/MiniOzoneClusterImpl-c3f67427-b36b-4ee4-bde0-91623ce58163/datanode-3/data/ratis/fe77e429-5f3d-4142-9d51-83c92cc6210c
2023-12-19 18:18:00,477 [244ca980-f87d-4e1f-bf92-41859c631eea-groupManagement] INFO  server.RaftServerConfigKeys (ConfUtils.java:logGet(46)) - raft.server.log.queue.byte-limit = 4294967296 (custom)
2023-12-19 18:18:00,477 [244ca980-f87d-4e1f-bf92-41859c631eea-groupManagement] INFO  server.RaftServerConfigKeys (ConfUtils.java:logGet(46)) - raft.server.log.queue.element-limit = 1024 (custom)
2023-12-19 18:18:00,478 [244ca980-f87d-4e1f-bf92-41859c631eea-groupManagement] INFO  server.RaftServerConfigKeys (ConfUtils.java:logGet(46)) - raft.server.log.segment.size.max = 67108864 (custom)
2023-12-19 18:18:00,478 [244ca980-f87d-4e1f-bf92-41859c631eea-groupManagement] INFO  server.RaftServerConfigKeys (ConfUtils.java:logGet(46)) - raft.server.log.preallocated.size = 4194304 (custom)
2023-12-19 18:18:00,478 [244ca980-f87d-4e1f-bf92-41859c631eea-groupManagement] INFO  server.RaftServerConfigKeys (ConfUtils.java:logGet(46)) - raft.server.log.force.sync.num = 128 (default)
2023-12-19 18:18:00,479 [244ca980-f87d-4e1f-bf92-41859c631eea-groupManagement] INFO  server.RaftServerConfigKeys (ConfUtils.java:logGet(46)) - raft.server.log.statemachine.data.sync = true (default)
2023-12-19 18:18:00,479 [244ca980-f87d-4e1f-bf92-41859c631eea-groupManagement] INFO  server.RaftServerConfigKeys (ConfUtils.java:logGet(46)) - raft.server.log.statemachine.data.sync.timeout = 10s (default)
2023-12-19 18:18:00,479 [244ca980-f87d-4e1f-bf92-41859c631eea-groupManagement] INFO  server.RaftServerConfigKeys (ConfUtils.java:logGet(46)) - raft.server.log.statemachine.data.sync.timeout.retry = 0 (custom)
2023-12-19 18:18:00,480 [244ca980-f87d-4e1f-bf92-41859c631eea-groupManagement] INFO  server.RaftServerConfigKeys (ConfUtils.java:logGet(46)) - raft.server.log.write.buffer.size = 8388616 (custom)
2023-12-19 18:18:00,482 [244ca980-f87d-4e1f-bf92-41859c631eea-groupManagement] INFO  server.RaftServerConfigKeys (ConfUtils.java:logGet(46)) - raft.server.log.appender.buffer.byte-limit = 8388608 (custom)
2023-12-19 18:18:00,482 [244ca980-f87d-4e1f-bf92-41859c631eea-groupManagement] INFO  server.RaftServerConfigKeys (ConfUtils.java:logGet(46)) - raft.server.log.unsafe-flush.enabled = false (default)
2023-12-19 18:18:00,482 [244ca980-f87d-4e1f-bf92-41859c631eea-groupManagement] INFO  server.RaftServerConfigKeys (ConfUtils.java:logGet(46)) - raft.server.log.async-flush.enabled = false (default)
2023-12-19 18:18:00,482 [244ca980-f87d-4e1f-bf92-41859c631eea-groupManagement] INFO  server.RaftServerConfigKeys (ConfUtils.java:logGet(46)) - raft.server.log.statemachine.data.caching.enabled = true (custom)
2023-12-19 18:18:00,483 [244ca980-f87d-4e1f-bf92-41859c631eea-groupManagement] INFO  segmented.SegmentedRaftLogWorker (SegmentedRaftLogWorker.java:lambda$new$0(135)) - 244ca980-f87d-4e1f-bf92-41859c631eea@group-83C92CC6210C-SegmentedRaftLogWorker: flushIndex: setUnconditionally 0 -> -1
2023-12-19 18:18:00,483 [244ca980-f87d-4e1f-bf92-41859c631eea-groupManagement] INFO  segmented.SegmentedRaftLogWorker (SegmentedRaftLogWorker.java:lambda$new$0(135)) - 244ca980-f87d-4e1f-bf92-41859c631eea@group-83C92CC6210C-SegmentedRaftLogWorker: safeCacheEvictIndex: setUnconditionally 0 -> -1
2023-12-19 18:18:00,488 [244ca980-f87d-4e1f-bf92-41859c631eea-groupManagement] INFO  server.RaftServer$Division (RaftServerImpl.java:start(392)) - 244ca980-f87d-4e1f-bf92-41859c631eea@group-83C92CC6210C: start as a follower, conf=-1: peers:[f3699da5-7632-4885-9efe-d79f82e47143|10.1.0.19:15059, b44d76fe-ddfd-47c8-8f4d-0e79dfcb9ca5|10.1.0.19:15050, 244ca980-f87d-4e1f-bf92-41859c631eea|10.1.0.19:15041]|listeners:[], old=null
2023-12-19 18:18:00,488 [244ca980-f87d-4e1f-bf92-41859c631eea-groupManagement] INFO  server.RaftServer$Division (RaftServerImpl.java:setRole(379)) - 244ca980-f87d-4e1f-bf92-41859c631eea@group-83C92CC6210C: changes role from      null to FOLLOWER at term 0 for startAsFollower
2023-12-19 18:18:00,489 [244ca980-f87d-4e1f-bf92-41859c631eea-groupManagement] INFO  impl.RoleInfo (RoleInfo.java:updateAndGet(139)) - 244ca980-f87d-4e1f-bf92-41859c631eea: start 244ca980-f87d-4e1f-bf92-41859c631eea@group-83C92CC6210C-FollowerState
2023-12-19 18:18:00,492 [244ca980-f87d-4e1f-bf92-41859c631eea-groupManagement] INFO  util.JmxRegister (JmxRegister.java:tryRegister(44)) - Successfully registered JMX Bean with object name Ratis:service=RaftServer,group=group-83C92CC6210C,id=244ca980-f87d-4e1f-bf92-41859c631eea
2023-12-19 18:18:00,492 [244ca980-f87d-4e1f-bf92-41859c631eea@group-83C92CC6210C-FollowerState] INFO  server.RaftServerConfigKeys (ConfUtils.java:logFallback(53)) - raft.server.rpc.first-election.timeout.min = 5s (fallback to raft.server.rpc.timeout.min)
2023-12-19 18:18:00,493 [244ca980-f87d-4e1f-bf92-41859c631eea@group-83C92CC6210C-FollowerState] INFO  server.RaftServerConfigKeys (ConfUtils.java:logFallback(53)) - raft.server.rpc.first-election.timeout.max = 5200ms (fallback to raft.server.rpc.timeout.max)
2023-12-19 18:18:00,493 [244ca980-f87d-4e1f-bf92-41859c631eea-groupManagement] INFO  server.RaftServerConfigKeys (ConfUtils.java:logGet(46)) - raft.server.snapshot.trigger-when-stop.enabled = true (default)
2023-12-19 18:18:00,493 [244ca980-f87d-4e1f-bf92-41859c631eea-groupManagement] INFO  server.RaftServerConfigKeys (ConfUtils.java:logGet(46)) - raft.server.snapshot.auto.trigger.enabled = true (custom)
2023-12-19 18:18:00,494 [244ca980-f87d-4e1f-bf92-41859c631eea-groupManagement] INFO  server.RaftServerConfigKeys (ConfUtils.java:logGet(46)) - raft.server.snapshot.auto.trigger.threshold = 10000 (custom)
2023-12-19 18:18:00,494 [244ca980-f87d-4e1f-bf92-41859c631eea-groupManagement] INFO  server.RaftServerConfigKeys (ConfUtils.java:logGet(46)) - raft.server.snapshot.retention.file.num = 5 (custom)
2023-12-19 18:18:00,494 [244ca980-f87d-4e1f-bf92-41859c631eea-groupManagement] INFO  server.RaftServerConfigKeys (ConfUtils.java:logGet(46)) - raft.server.log.purge.upto.snapshot.index = false (default)
2023-12-19 18:18:00,497 [244ca980-f87d-4e1f-bf92-41859c631eea-PipelineCommandHandlerThread-0] INFO  ratis.XceiverServerRatis (XceiverServerRatis.java:addGroup(837)) - Created group PipelineID=fe77e429-5f3d-4142-9d51-83c92cc6210c
2023-12-19 18:18:00,547 [b44d76fe-ddfd-47c8-8f4d-0e79dfcb9ca5-PipelineCommandHandlerThread-0] INFO  server.RaftServer (RaftServerProxy.java:addNew(100)) - b44d76fe-ddfd-47c8-8f4d-0e79dfcb9ca5: addNew group-3F9B87751D48:[b44d76fe-ddfd-47c8-8f4d-0e79dfcb9ca5|10.1.0.19:15050] returns group-3F9B87751D48:java.util.concurrent.CompletableFuture@216891b5[Not completed]
2023-12-19 18:18:00,548 [b44d76fe-ddfd-47c8-8f4d-0e79dfcb9ca5-groupManagement] INFO  server.RaftServer$Division (RaftServerImpl.java:<init>(256)) - b44d76fe-ddfd-47c8-8f4d-0e79dfcb9ca5: new RaftServerImpl for group-3F9B87751D48:[b44d76fe-ddfd-47c8-8f4d-0e79dfcb9ca5|10.1.0.19:15050] with ContainerStateMachine:uninitialized
2023-12-19 18:18:00,549 [b44d76fe-ddfd-47c8-8f4d-0e79dfcb9ca5-groupManagement] INFO  server.RaftServerConfigKeys (ConfUtils.java:logGet(46)) - raft.server.rpc.timeout.min = 5s (custom)
2023-12-19 18:18:00,549 [b44d76fe-ddfd-47c8-8f4d-0e79dfcb9ca5-groupManagement] INFO  server.RaftServerConfigKeys (ConfUtils.java:logGet(46)) - raft.server.rpc.timeout.max = 5200ms (custom)
2023-12-19 18:18:00,549 [b44d76fe-ddfd-47c8-8f4d-0e79dfcb9ca5-groupManagement] INFO  server.RaftServerConfigKeys (ConfUtils.java:logGet(46)) - raft.server.rpc.sleep.time = 25ms (default)
2023-12-19 18:18:00,549 [b44d76fe-ddfd-47c8-8f4d-0e79dfcb9ca5-groupManagement] INFO  server.RaftServerConfigKeys (ConfUtils.java:logGet(46)) - raft.server.rpc.slowness.timeout = 300s (custom)
2023-12-19 18:18:00,549 [b44d76fe-ddfd-47c8-8f4d-0e79dfcb9ca5-groupManagement] INFO  server.RaftServerConfigKeys (ConfUtils.java:logGet(46)) - raft.server.leaderelection.leader.step-down.wait-time = 10s (default)
2023-12-19 18:18:00,549 [b44d76fe-ddfd-47c8-8f4d-0e79dfcb9ca5-groupManagement] INFO  server.RaftServerConfigKeys (ConfUtils.java:logGet(46)) - raft.server.leaderelection.member.majority-add = false (default)
2023-12-19 18:18:00,549 [b44d76fe-ddfd-47c8-8f4d-0e79dfcb9ca5-groupManagement] INFO  server.RaftServerConfigKeys (ConfUtils.java:logGet(46)) - raft.server.sleep.deviation.threshold = 300ms (default)
2023-12-19 18:18:00,549 [b44d76fe-ddfd-47c8-8f4d-0e79dfcb9ca5-groupManagement] INFO  server.RaftServer$Division (ServerState.java:<init>(113)) - b44d76fe-ddfd-47c8-8f4d-0e79dfcb9ca5@group-3F9B87751D48: ConfigurationManager, init=-1: peers:[b44d76fe-ddfd-47c8-8f4d-0e79dfcb9ca5|10.1.0.19:15050]|listeners:[], old=null, confs=<EMPTY_MAP>
2023-12-19 18:18:00,549 [b44d76fe-ddfd-47c8-8f4d-0e79dfcb9ca5-groupManagement] INFO  server.RaftServerConfigKeys (ConfUtils.java:logGet(46)) - raft.server.notification.no-leader.timeout = 300s (custom)
2023-12-19 18:18:00,549 [b44d76fe-ddfd-47c8-8f4d-0e79dfcb9ca5-groupManagement] INFO  server.RaftServerConfigKeys (ConfUtils.java:logGet(46)) - raft.server.read.timeout = 10s (default)
2023-12-19 18:18:00,549 [b44d76fe-ddfd-47c8-8f4d-0e79dfcb9ca5-groupManagement] INFO  server.RaftServerConfigKeys (ConfUtils.java:logGet(46)) - raft.server.retrycache.expirytime = 600000ms (custom)
2023-12-19 18:18:00,549 [b44d76fe-ddfd-47c8-8f4d-0e79dfcb9ca5-groupManagement] INFO  server.RaftServerConfigKeys (ConfUtils.java:logGet(46)) - raft.server.retrycache.statistics.expirytime = 100ms (default)
2023-12-19 18:18:00,549 [b44d76fe-ddfd-47c8-8f4d-0e79dfcb9ca5-groupManagement] INFO  server.RaftServerConfigKeys (ConfUtils.java:logGet(46)) - raft.server.read.option = DEFAULT (default)
2023-12-19 18:18:00,549 [b44d76fe-ddfd-47c8-8f4d-0e79dfcb9ca5-groupManagement] INFO  server.RaftServerConfigKeys (ConfUtils.java:logGet(46)) - raft.server.read.read-after-write-consistent.write-index-cache.expiry-time = 60s (default)
2023-12-19 18:18:00,557 [b44d76fe-ddfd-47c8-8f4d-0e79dfcb9ca5-groupManagement] INFO  server.RaftServerConfigKeys (ConfUtils.java:logGet(46)) - raft.server.rpc.request.timeout = 60s (custom)
2023-12-19 18:18:00,558 [b44d76fe-ddfd-47c8-8f4d-0e79dfcb9ca5-groupManagement] INFO  server.RaftServerConfigKeys (ConfUtils.java:logGet(46)) - raft.server.log.appender.install.snapshot.enabled = false (custom)
2023-12-19 18:18:00,558 [b44d76fe-ddfd-47c8-8f4d-0e79dfcb9ca5-groupManagement] INFO  server.RaftServerConfigKeys (ConfUtils.java:logGet(46)) - raft.server.threadpool.server.cached = true (default)
2023-12-19 18:18:00,558 [b44d76fe-ddfd-47c8-8f4d-0e79dfcb9ca5-groupManagement] INFO  server.RaftServerConfigKeys (ConfUtils.java:logGet(46)) - raft.server.threadpool.server.size = 0 (default)
2023-12-19 18:18:00,558 [b44d76fe-ddfd-47c8-8f4d-0e79dfcb9ca5-groupManagement] INFO  server.RaftServerConfigKeys (ConfUtils.java:logGet(46)) - raft.server.threadpool.client.cached = true (default)
2023-12-19 18:18:00,558 [b44d76fe-ddfd-47c8-8f4d-0e79dfcb9ca5-groupManagement] INFO  server.RaftServerConfigKeys (ConfUtils.java:logGet(46)) - raft.server.threadpool.client.size = 0 (default)
2023-12-19 18:18:00,558 [b44d76fe-ddfd-47c8-8f4d-0e79dfcb9ca5-groupManagement] INFO  server.RaftServerConfigKeys (ConfUtils.java:logGet(46)) - raft.server.storage.free-space.min = 0MB (=0) (default)
2023-12-19 18:18:00,558 [b44d76fe-ddfd-47c8-8f4d-0e79dfcb9ca5-groupManagement] INFO  server.RaftServerConfigKeys (ConfUtils.java:logGet(46)) - raft.server.log.corruption.policy = EXCEPTION (default)
2023-12-19 18:18:00,559 [b44d76fe-ddfd-47c8-8f4d-0e79dfcb9ca5-groupManagement] INFO  server.RaftServerConfigKeys (ConfUtils.java:logGet(46)) - raft.server.storage.dir = [/home/runner/work/ozone/ozone/hadoop-ozone/integration-test/target/test-dir/MiniOzoneClusterImpl-c3f67427-b36b-4ee4-bde0-91623ce58163/datanode-4/data/ratis] (custom)
2023-12-19 18:18:00,559 [b44d76fe-ddfd-47c8-8f4d-0e79dfcb9ca5-groupManagement] INFO  storage.RaftStorageDirectory (RaftStorageDirectoryImpl.java:analyzeStorage(138)) - The storage directory /home/runner/work/ozone/ozone/hadoop-ozone/integration-test/target/test-dir/MiniOzoneClusterImpl-c3f67427-b36b-4ee4-bde0-91623ce58163/datanode-4/data/ratis/4df6e029-78e6-407b-8be4-3f9b87751d48 does not exist. Creating ...
2023-12-19 18:18:00,560 [b44d76fe-ddfd-47c8-8f4d-0e79dfcb9ca5-groupManagement] INFO  storage.RaftStorageDirectory (RaftStorageDirectoryImpl.java:tryLock(232)) - Lock on /home/runner/work/ozone/ozone/hadoop-ozone/integration-test/target/test-dir/MiniOzoneClusterImpl-c3f67427-b36b-4ee4-bde0-91623ce58163/datanode-4/data/ratis/4df6e029-78e6-407b-8be4-3f9b87751d48/in_use.lock acquired by nodename 34604@fv-az1381-513
2023-12-19 18:18:00,561 [b44d76fe-ddfd-47c8-8f4d-0e79dfcb9ca5-groupManagement] INFO  storage.RaftStorage (RaftStorageImpl.java:format(97)) - Storage directory /home/runner/work/ozone/ozone/hadoop-ozone/integration-test/target/test-dir/MiniOzoneClusterImpl-c3f67427-b36b-4ee4-bde0-91623ce58163/datanode-4/data/ratis/4df6e029-78e6-407b-8be4-3f9b87751d48 has been successfully formatted.
2023-12-19 18:18:00,563 [b44d76fe-ddfd-47c8-8f4d-0e79dfcb9ca5-groupManagement] INFO  ratis.ContainerStateMachine (ContainerStateMachine.java:loadSnapshot(287)) - group-3F9B87751D48: The snapshot info is null. Setting the last applied indexto:(t:0, i:~)
2023-12-19 18:18:00,563 [b44d76fe-ddfd-47c8-8f4d-0e79dfcb9ca5-groupManagement] INFO  server.RaftServerConfigKeys (ConfUtils.java:logGet(46)) - raft.server.log.use.memory = false (default)
2023-12-19 18:18:00,563 [b44d76fe-ddfd-47c8-8f4d-0e79dfcb9ca5-groupManagement] INFO  server.RaftServerConfigKeys (ConfUtils.java:logGet(46)) - raft.server.log.purge.gap = 1000000 (custom)
2023-12-19 18:18:00,563 [b44d76fe-ddfd-47c8-8f4d-0e79dfcb9ca5-groupManagement] INFO  server.RaftServerConfigKeys (ConfUtils.java:logGet(46)) - raft.server.log.appender.buffer.byte-limit = 8388608 (custom)
2023-12-19 18:18:00,563 [b44d76fe-ddfd-47c8-8f4d-0e79dfcb9ca5-groupManagement] INFO  server.RaftServerConfigKeys (ConfUtils.java:logGet(46)) - raft.server.log.statemachine.data.read.timeout = 1000ms (default)
2023-12-19 18:18:00,563 [b44d76fe-ddfd-47c8-8f4d-0e79dfcb9ca5-groupManagement] INFO  server.RaftServerConfigKeys (ConfUtils.java:logGet(46)) - raft.server.log.purge.preservation.log.num = 0 (default)
2023-12-19 18:18:00,568 [EventQueue-PipelineReportForPipelineReportHandler] INFO  pipeline.PipelineReportHandler (PipelineReportHandler.java:processPipelineReport(136)) - Opened pipeline PipelineID=4df6e029-78e6-407b-8be4-3f9b87751d48
2023-12-19 18:18:00,568 [EventQueue-OpenPipelineForHealthyPipelineSafeModeRule] INFO  safemode.SCMSafeModeManager (HealthyPipelineSafeModeRule.java:process(140)) - SCM in safe mode. Healthy pipelines reported count is 0, required healthy pipeline reported count is 1
2023-12-19 18:18:00,573 [b44d76fe-ddfd-47c8-8f4d-0e79dfcb9ca5-groupManagement] INFO  server.RaftServerConfigKeys (ConfUtils.java:logGet(46)) - raft.server.log.segment.size.max = 67108864 (custom)
2023-12-19 18:18:00,574 [b44d76fe-ddfd-47c8-8f4d-0e79dfcb9ca5-groupManagement] INFO  server.RaftServerConfigKeys (ConfUtils.java:logGet(46)) - raft.server.log.segment.cache.num.max = 2 (custom)
2023-12-19 18:18:00,576 [b44d76fe-ddfd-47c8-8f4d-0e79dfcb9ca5-groupManagement] INFO  server.RaftServerConfigKeys (ConfUtils.java:logGet(46)) - raft.server.log.segment.cache.size.max = 200MB (=209715200) (default)
2023-12-19 18:18:00,576 [b44d76fe-ddfd-47c8-8f4d-0e79dfcb9ca5-groupManagement] INFO  server.RaftServerConfigKeys (ConfUtils.java:logGet(46)) - raft.server.log.appender.buffer.byte-limit = 8388608 (custom)
2023-12-19 18:18:00,576 [b44d76fe-ddfd-47c8-8f4d-0e79dfcb9ca5-groupManagement] INFO  util.AwaitToRun (AwaitToRun.java:start(81)) - Thread[b44d76fe-ddfd-47c8-8f4d-0e79dfcb9ca5@group-3F9B87751D48-cacheEviction-AwaitToRun,5,main] started
2023-12-19 18:18:00,576 [b44d76fe-ddfd-47c8-8f4d-0e79dfcb9ca5-groupManagement] INFO  segmented.SegmentedRaftLogWorker (SegmentedRaftLogWorker.java:<init>(184)) - new b44d76fe-ddfd-47c8-8f4d-0e79dfcb9ca5@group-3F9B87751D48-SegmentedRaftLogWorker for RaftStorageImpl:Storage Directory /home/runner/work/ozone/ozone/hadoop-ozone/integration-test/target/test-dir/MiniOzoneClusterImpl-c3f67427-b36b-4ee4-bde0-91623ce58163/datanode-4/data/ratis/4df6e029-78e6-407b-8be4-3f9b87751d48
2023-12-19 18:18:00,576 [b44d76fe-ddfd-47c8-8f4d-0e79dfcb9ca5-groupManagement] INFO  server.RaftServerConfigKeys (ConfUtils.java:logGet(46)) - raft.server.log.queue.byte-limit = 4294967296 (custom)
2023-12-19 18:18:00,576 [b44d76fe-ddfd-47c8-8f4d-0e79dfcb9ca5-groupManagement] INFO  server.RaftServerConfigKeys (ConfUtils.java:logGet(46)) - raft.server.log.queue.element-limit = 1024 (custom)
2023-12-19 18:18:00,577 [b44d76fe-ddfd-47c8-8f4d-0e79dfcb9ca5-groupManagement] INFO  server.RaftServerConfigKeys (ConfUtils.java:logGet(46)) - raft.server.log.segment.size.max = 67108864 (custom)
2023-12-19 18:18:00,577 [b44d76fe-ddfd-47c8-8f4d-0e79dfcb9ca5-groupManagement] INFO  server.RaftServerConfigKeys (ConfUtils.java:logGet(46)) - raft.server.log.preallocated.size = 4194304 (custom)
2023-12-19 18:18:00,577 [b44d76fe-ddfd-47c8-8f4d-0e79dfcb9ca5-groupManagement] INFO  server.RaftServerConfigKeys (ConfUtils.java:logGet(46)) - raft.server.log.force.sync.num = 128 (default)
2023-12-19 18:18:00,577 [b44d76fe-ddfd-47c8-8f4d-0e79dfcb9ca5-groupManagement] INFO  server.RaftServerConfigKeys (ConfUtils.java:logGet(46)) - raft.server.log.statemachine.data.sync = true (default)
2023-12-19 18:18:00,577 [b44d76fe-ddfd-47c8-8f4d-0e79dfcb9ca5-groupManagement] INFO  server.RaftServerConfigKeys (ConfUtils.java:logGet(46)) - raft.server.log.statemachine.data.sync.timeout = 10s (default)
2023-12-19 18:18:00,577 [b44d76fe-ddfd-47c8-8f4d-0e79dfcb9ca5-groupManagement] INFO  server.RaftServerConfigKeys (ConfUtils.java:logGet(46)) - raft.server.log.statemachine.data.sync.timeout.retry = 0 (custom)
2023-12-19 18:18:00,577 [b44d76fe-ddfd-47c8-8f4d-0e79dfcb9ca5-groupManagement] INFO  server.RaftServerConfigKeys (ConfUtils.java:logGet(46)) - raft.server.log.write.buffer.size = 8388616 (custom)
2023-12-19 18:18:00,580 [b44d76fe-ddfd-47c8-8f4d-0e79dfcb9ca5-groupManagement] INFO  server.RaftServerConfigKeys (ConfUtils.java:logGet(46)) - raft.server.log.appender.buffer.byte-limit = 8388608 (custom)
2023-12-19 18:18:00,581 [b44d76fe-ddfd-47c8-8f4d-0e79dfcb9ca5-groupManagement] INFO  server.RaftServerConfigKeys (ConfUtils.java:logGet(46)) - raft.server.log.unsafe-flush.enabled = false (default)
2023-12-19 18:18:00,581 [b44d76fe-ddfd-47c8-8f4d-0e79dfcb9ca5-groupManagement] INFO  server.RaftServerConfigKeys (ConfUtils.java:logGet(46)) - raft.server.log.async-flush.enabled = false (default)
2023-12-19 18:18:00,581 [b44d76fe-ddfd-47c8-8f4d-0e79dfcb9ca5-groupManagement] INFO  server.RaftServerConfigKeys (ConfUtils.java:logGet(46)) - raft.server.log.statemachine.data.caching.enabled = true (custom)
2023-12-19 18:18:00,581 [b44d76fe-ddfd-47c8-8f4d-0e79dfcb9ca5-groupManagement] INFO  segmented.SegmentedRaftLogWorker (SegmentedRaftLogWorker.java:lambda$new$0(135)) - b44d76fe-ddfd-47c8-8f4d-0e79dfcb9ca5@group-3F9B87751D48-SegmentedRaftLogWorker: flushIndex: setUnconditionally 0 -> -1
2023-12-19 18:18:00,581 [b44d76fe-ddfd-47c8-8f4d-0e79dfcb9ca5-groupManagement] INFO  segmented.SegmentedRaftLogWorker (SegmentedRaftLogWorker.java:lambda$new$0(135)) - b44d76fe-ddfd-47c8-8f4d-0e79dfcb9ca5@group-3F9B87751D48-SegmentedRaftLogWorker: safeCacheEvictIndex: setUnconditionally 0 -> -1
2023-12-19 18:18:00,581 [b44d76fe-ddfd-47c8-8f4d-0e79dfcb9ca5-groupManagement] INFO  server.RaftServer$Division (RaftServerImpl.java:start(392)) - b44d76fe-ddfd-47c8-8f4d-0e79dfcb9ca5@group-3F9B87751D48: start as a follower, conf=-1: peers:[b44d76fe-ddfd-47c8-8f4d-0e79dfcb9ca5|10.1.0.19:15050]|listeners:[], old=null
2023-12-19 18:18:00,581 [b44d76fe-ddfd-47c8-8f4d-0e79dfcb9ca5-groupManagement] INFO  server.RaftServer$Division (RaftServerImpl.java:setRole(379)) - b44d76fe-ddfd-47c8-8f4d-0e79dfcb9ca5@group-3F9B87751D48: changes role from      null to FOLLOWER at term 0 for startAsFollower
2023-12-19 18:18:00,581 [b44d76fe-ddfd-47c8-8f4d-0e79dfcb9ca5-groupManagement] INFO  impl.RoleInfo (RoleInfo.java:updateAndGet(139)) - b44d76fe-ddfd-47c8-8f4d-0e79dfcb9ca5: start b44d76fe-ddfd-47c8-8f4d-0e79dfcb9ca5@group-3F9B87751D48-FollowerState
2023-12-19 18:18:00,582 [b44d76fe-ddfd-47c8-8f4d-0e79dfcb9ca5@group-3F9B87751D48-FollowerState] INFO  server.RaftServerConfigKeys (ConfUtils.java:logFallback(53)) - raft.server.rpc.first-election.timeout.min = 5s (fallback to raft.server.rpc.timeout.min)
2023-12-19 18:18:00,582 [b44d76fe-ddfd-47c8-8f4d-0e79dfcb9ca5-groupManagement] INFO  util.JmxRegister (JmxRegister.java:tryRegister(44)) - Successfully registered JMX Bean with object name Ratis:service=RaftServer,group=group-3F9B87751D48,id=b44d76fe-ddfd-47c8-8f4d-0e79dfcb9ca5
2023-12-19 18:18:00,582 [b44d76fe-ddfd-47c8-8f4d-0e79dfcb9ca5@group-3F9B87751D48-FollowerState] INFO  server.RaftServerConfigKeys (ConfUtils.java:logFallback(53)) - raft.server.rpc.first-election.timeout.max = 5200ms (fallback to raft.server.rpc.timeout.max)
2023-12-19 18:18:00,582 [b44d76fe-ddfd-47c8-8f4d-0e79dfcb9ca5-groupManagement] INFO  server.RaftServerConfigKeys (ConfUtils.java:logGet(46)) - raft.server.snapshot.trigger-when-stop.enabled = true (default)
2023-12-19 18:18:00,582 [b44d76fe-ddfd-47c8-8f4d-0e79dfcb9ca5-groupManagement] INFO  server.RaftServerConfigKeys (ConfUtils.java:logGet(46)) - raft.server.snapshot.auto.trigger.enabled = true (custom)
2023-12-19 18:18:00,582 [b44d76fe-ddfd-47c8-8f4d-0e79dfcb9ca5-groupManagement] INFO  server.RaftServerConfigKeys (ConfUtils.java:logGet(46)) - raft.server.snapshot.auto.trigger.threshold = 10000 (custom)
2023-12-19 18:18:00,582 [b44d76fe-ddfd-47c8-8f4d-0e79dfcb9ca5-groupManagement] INFO  server.RaftServerConfigKeys (ConfUtils.java:logGet(46)) - raft.server.snapshot.retention.file.num = 5 (custom)
2023-12-19 18:18:00,582 [b44d76fe-ddfd-47c8-8f4d-0e79dfcb9ca5-groupManagement] INFO  server.RaftServerConfigKeys (ConfUtils.java:logGet(46)) - raft.server.log.purge.upto.snapshot.index = false (default)
2023-12-19 18:18:00,583 [b44d76fe-ddfd-47c8-8f4d-0e79dfcb9ca5-PipelineCommandHandlerThread-0] INFO  ratis.XceiverServerRatis (XceiverServerRatis.java:addGroup(837)) - Created group PipelineID=4df6e029-78e6-407b-8be4-3f9b87751d48
2023-12-19 18:18:00,583 [b44d76fe-ddfd-47c8-8f4d-0e79dfcb9ca5-PipelineCommandHandlerThread-0] INFO  commandhandler.CreatePipelineCommandHandler (CreatePipelineCommandHandler.java:lambda$handle$2(124)) - Created Pipeline RATIS ONE PipelineID=4df6e029-78e6-407b-8be4-3f9b87751d48.
2023-12-19 18:18:00,583 [b44d76fe-ddfd-47c8-8f4d-0e79dfcb9ca5-PipelineCommandHandlerThread-0] INFO  server.RaftServer (RaftServerProxy.java:addNew(100)) - b44d76fe-ddfd-47c8-8f4d-0e79dfcb9ca5: addNew group-83C92CC6210C:[f3699da5-7632-4885-9efe-d79f82e47143|10.1.0.19:15059, b44d76fe-ddfd-47c8-8f4d-0e79dfcb9ca5|10.1.0.19:15050, 244ca980-f87d-4e1f-bf92-41859c631eea|10.1.0.19:15041] returns group-83C92CC6210C:java.util.concurrent.CompletableFuture@25570140[Not completed]
2023-12-19 18:18:00,584 [b44d76fe-ddfd-47c8-8f4d-0e79dfcb9ca5-groupManagement] INFO  server.RaftServer$Division (RaftServerImpl.java:<init>(256)) - b44d76fe-ddfd-47c8-8f4d-0e79dfcb9ca5: new RaftServerImpl for group-83C92CC6210C:[f3699da5-7632-4885-9efe-d79f82e47143|10.1.0.19:15059, b44d76fe-ddfd-47c8-8f4d-0e79dfcb9ca5|10.1.0.19:15050, 244ca980-f87d-4e1f-bf92-41859c631eea|10.1.0.19:15041] with ContainerStateMachine:uninitialized
2023-12-19 18:18:00,584 [b44d76fe-ddfd-47c8-8f4d-0e79dfcb9ca5-groupManagement] INFO  server.RaftServerConfigKeys (ConfUtils.java:logGet(46)) - raft.server.rpc.timeout.min = 5s (custom)
2023-12-19 18:18:00,585 [b44d76fe-ddfd-47c8-8f4d-0e79dfcb9ca5-groupManagement] INFO  server.RaftServerConfigKeys (ConfUtils.java:logGet(46)) - raft.server.rpc.timeout.max = 5200ms (custom)
2023-12-19 18:18:00,585 [b44d76fe-ddfd-47c8-8f4d-0e79dfcb9ca5-groupManagement] INFO  server.RaftServerConfigKeys (ConfUtils.java:logGet(46)) - raft.server.rpc.sleep.time = 25ms (default)
2023-12-19 18:18:00,585 [b44d76fe-ddfd-47c8-8f4d-0e79dfcb9ca5-groupManagement] INFO  server.RaftServerConfigKeys (ConfUtils.java:logGet(46)) - raft.server.rpc.slowness.timeout = 300s (custom)
2023-12-19 18:18:00,585 [b44d76fe-ddfd-47c8-8f4d-0e79dfcb9ca5-groupManagement] INFO  server.RaftServerConfigKeys (ConfUtils.java:logGet(46)) - raft.server.leaderelection.leader.step-down.wait-time = 10s (default)
2023-12-19 18:18:00,585 [b44d76fe-ddfd-47c8-8f4d-0e79dfcb9ca5-groupManagement] INFO  server.RaftServerConfigKeys (ConfUtils.java:logGet(46)) - raft.server.leaderelection.member.majority-add = false (default)
2023-12-19 18:18:00,585 [b44d76fe-ddfd-47c8-8f4d-0e79dfcb9ca5-groupManagement] INFO  server.RaftServerConfigKeys (ConfUtils.java:logGet(46)) - raft.server.sleep.deviation.threshold = 300ms (default)
2023-12-19 18:18:00,585 [b44d76fe-ddfd-47c8-8f4d-0e79dfcb9ca5-groupManagement] INFO  server.RaftServer$Division (ServerState.java:<init>(113)) - b44d76fe-ddfd-47c8-8f4d-0e79dfcb9ca5@group-83C92CC6210C: ConfigurationManager, init=-1: peers:[f3699da5-7632-4885-9efe-d79f82e47143|10.1.0.19:15059, b44d76fe-ddfd-47c8-8f4d-0e79dfcb9ca5|10.1.0.19:15050, 244ca980-f87d-4e1f-bf92-41859c631eea|10.1.0.19:15041]|listeners:[], old=null, confs=<EMPTY_MAP>
2023-12-19 18:18:00,585 [b44d76fe-ddfd-47c8-8f4d-0e79dfcb9ca5-groupManagement] INFO  server.RaftServerConfigKeys (ConfUtils.java:logGet(46)) - raft.server.notification.no-leader.timeout = 300s (custom)
2023-12-19 18:18:00,585 [b44d76fe-ddfd-47c8-8f4d-0e79dfcb9ca5-groupManagement] INFO  server.RaftServerConfigKeys (ConfUtils.java:logGet(46)) - raft.server.read.timeout = 10s (default)
2023-12-19 18:18:00,585 [b44d76fe-ddfd-47c8-8f4d-0e79dfcb9ca5-groupManagement] INFO  server.RaftServerConfigKeys (ConfUtils.java:logGet(46)) - raft.server.retrycache.expirytime = 600000ms (custom)
2023-12-19 18:18:00,585 [b44d76fe-ddfd-47c8-8f4d-0e79dfcb9ca5-groupManagement] INFO  server.RaftServerConfigKeys (ConfUtils.java:logGet(46)) - raft.server.retrycache.statistics.expirytime = 100ms (default)
2023-12-19 18:18:00,585 [b44d76fe-ddfd-47c8-8f4d-0e79dfcb9ca5-groupManagement] INFO  server.RaftServerConfigKeys (ConfUtils.java:logGet(46)) - raft.server.read.option = DEFAULT (default)
2023-12-19 18:18:00,585 [b44d76fe-ddfd-47c8-8f4d-0e79dfcb9ca5-groupManagement] INFO  server.RaftServerConfigKeys (ConfUtils.java:logGet(46)) - raft.server.read.read-after-write-consistent.write-index-cache.expiry-time = 60s (default)
2023-12-19 18:18:00,592 [b44d76fe-ddfd-47c8-8f4d-0e79dfcb9ca5-groupManagement] INFO  server.RaftServerConfigKeys (ConfUtils.java:logGet(46)) - raft.server.rpc.request.timeout = 60s (custom)
2023-12-19 18:18:00,592 [b44d76fe-ddfd-47c8-8f4d-0e79dfcb9ca5-groupManagement] INFO  server.RaftServerConfigKeys (ConfUtils.java:logGet(46)) - raft.server.log.appender.install.snapshot.enabled = false (custom)
2023-12-19 18:18:00,592 [b44d76fe-ddfd-47c8-8f4d-0e79dfcb9ca5-groupManagement] INFO  server.RaftServerConfigKeys (ConfUtils.java:logGet(46)) - raft.server.threadpool.server.cached = true (default)
2023-12-19 18:18:00,592 [b44d76fe-ddfd-47c8-8f4d-0e79dfcb9ca5-groupManagement] INFO  server.RaftServerConfigKeys (ConfUtils.java:logGet(46)) - raft.server.threadpool.server.size = 0 (default)
2023-12-19 18:18:00,592 [b44d76fe-ddfd-47c8-8f4d-0e79dfcb9ca5-groupManagement] INFO  server.RaftServerConfigKeys (ConfUtils.java:logGet(46)) - raft.server.threadpool.client.cached = true (default)
2023-12-19 18:18:00,592 [b44d76fe-ddfd-47c8-8f4d-0e79dfcb9ca5-groupManagement] INFO  server.RaftServerConfigKeys (ConfUtils.java:logGet(46)) - raft.server.threadpool.client.size = 0 (default)
2023-12-19 18:18:00,592 [b44d76fe-ddfd-47c8-8f4d-0e79dfcb9ca5-groupManagement] INFO  server.RaftServerConfigKeys (ConfUtils.java:logGet(46)) - raft.server.storage.free-space.min = 0MB (=0) (default)
2023-12-19 18:18:00,592 [b44d76fe-ddfd-47c8-8f4d-0e79dfcb9ca5-groupManagement] INFO  server.RaftServerConfigKeys (ConfUtils.java:logGet(46)) - raft.server.log.corruption.policy = EXCEPTION (default)
2023-12-19 18:18:00,592 [b44d76fe-ddfd-47c8-8f4d-0e79dfcb9ca5-groupManagement] INFO  server.RaftServerConfigKeys (ConfUtils.java:logGet(46)) - raft.server.storage.dir = [/home/runner/work/ozone/ozone/hadoop-ozone/integration-test/target/test-dir/MiniOzoneClusterImpl-c3f67427-b36b-4ee4-bde0-91623ce58163/datanode-4/data/ratis] (custom)
2023-12-19 18:18:00,592 [b44d76fe-ddfd-47c8-8f4d-0e79dfcb9ca5-groupManagement] INFO  storage.RaftStorageDirectory (RaftStorageDirectoryImpl.java:analyzeStorage(138)) - The storage directory /home/runner/work/ozone/ozone/hadoop-ozone/integration-test/target/test-dir/MiniOzoneClusterImpl-c3f67427-b36b-4ee4-bde0-91623ce58163/datanode-4/data/ratis/fe77e429-5f3d-4142-9d51-83c92cc6210c does not exist. Creating ...
2023-12-19 18:18:00,594 [b44d76fe-ddfd-47c8-8f4d-0e79dfcb9ca5-groupManagement] INFO  storage.RaftStorageDirectory (RaftStorageDirectoryImpl.java:tryLock(232)) - Lock on /home/runner/work/ozone/ozone/hadoop-ozone/integration-test/target/test-dir/MiniOzoneClusterImpl-c3f67427-b36b-4ee4-bde0-91623ce58163/datanode-4/data/ratis/fe77e429-5f3d-4142-9d51-83c92cc6210c/in_use.lock acquired by nodename 34604@fv-az1381-513
2023-12-19 18:18:00,595 [b44d76fe-ddfd-47c8-8f4d-0e79dfcb9ca5-groupManagement] INFO  storage.RaftStorage (RaftStorageImpl.java:format(97)) - Storage directory /home/runner/work/ozone/ozone/hadoop-ozone/integration-test/target/test-dir/MiniOzoneClusterImpl-c3f67427-b36b-4ee4-bde0-91623ce58163/datanode-4/data/ratis/fe77e429-5f3d-4142-9d51-83c92cc6210c has been successfully formatted.
2023-12-19 18:18:00,595 [b44d76fe-ddfd-47c8-8f4d-0e79dfcb9ca5-groupManagement] INFO  ratis.ContainerStateMachine (ContainerStateMachine.java:loadSnapshot(287)) - group-83C92CC6210C: The snapshot info is null. Setting the last applied indexto:(t:0, i:~)
2023-12-19 18:18:00,595 [b44d76fe-ddfd-47c8-8f4d-0e79dfcb9ca5-groupManagement] INFO  server.RaftServerConfigKeys (ConfUtils.java:logGet(46)) - raft.server.log.use.memory = false (default)
2023-12-19 18:18:00,596 [b44d76fe-ddfd-47c8-8f4d-0e79dfcb9ca5-groupManagement] INFO  server.RaftServerConfigKeys (ConfUtils.java:logGet(46)) - raft.server.log.purge.gap = 1000000 (custom)
2023-12-19 18:18:00,596 [b44d76fe-ddfd-47c8-8f4d-0e79dfcb9ca5-groupManagement] INFO  server.RaftServerConfigKeys (ConfUtils.java:logGet(46)) - raft.server.log.appender.buffer.byte-limit = 8388608 (custom)
2023-12-19 18:18:00,596 [b44d76fe-ddfd-47c8-8f4d-0e79dfcb9ca5-groupManagement] INFO  server.RaftServerConfigKeys (ConfUtils.java:logGet(46)) - raft.server.log.statemachine.data.read.timeout = 1000ms (default)
2023-12-19 18:18:00,596 [b44d76fe-ddfd-47c8-8f4d-0e79dfcb9ca5-groupManagement] INFO  server.RaftServerConfigKeys (ConfUtils.java:logGet(46)) - raft.server.log.purge.preservation.log.num = 0 (default)
2023-12-19 18:18:00,597 [EventQueue-OpenPipelineForHealthyPipelineSafeModeRule] INFO  safemode.SCMSafeModeManager (HealthyPipelineSafeModeRule.java:process(140)) - SCM in safe mode. Healthy pipelines reported count is 0, required healthy pipeline reported count is 1
2023-12-19 18:18:00,599 [b44d76fe-ddfd-47c8-8f4d-0e79dfcb9ca5-groupManagement] INFO  server.RaftServerConfigKeys (ConfUtils.java:logGet(46)) - raft.server.log.segment.size.max = 67108864 (custom)
2023-12-19 18:18:00,601 [b44d76fe-ddfd-47c8-8f4d-0e79dfcb9ca5-groupManagement] INFO  server.RaftServerConfigKeys (ConfUtils.java:logGet(46)) - raft.server.log.segment.cache.num.max = 2 (custom)
2023-12-19 18:18:00,601 [b44d76fe-ddfd-47c8-8f4d-0e79dfcb9ca5-groupManagement] INFO  server.RaftServerConfigKeys (ConfUtils.java:logGet(46)) - raft.server.log.segment.cache.size.max = 200MB (=209715200) (default)
2023-12-19 18:18:00,601 [b44d76fe-ddfd-47c8-8f4d-0e79dfcb9ca5-groupManagement] INFO  server.RaftServerConfigKeys (ConfUtils.java:logGet(46)) - raft.server.log.appender.buffer.byte-limit = 8388608 (custom)
2023-12-19 18:18:00,605 [b44d76fe-ddfd-47c8-8f4d-0e79dfcb9ca5-groupManagement] INFO  util.AwaitToRun (AwaitToRun.java:start(81)) - Thread[b44d76fe-ddfd-47c8-8f4d-0e79dfcb9ca5@group-83C92CC6210C-cacheEviction-AwaitToRun,5,main] started
2023-12-19 18:18:00,605 [b44d76fe-ddfd-47c8-8f4d-0e79dfcb9ca5-groupManagement] INFO  segmented.SegmentedRaftLogWorker (SegmentedRaftLogWorker.java:<init>(184)) - new b44d76fe-ddfd-47c8-8f4d-0e79dfcb9ca5@group-83C92CC6210C-SegmentedRaftLogWorker for RaftStorageImpl:Storage Directory /home/runner/work/ozone/ozone/hadoop-ozone/integration-test/target/test-dir/MiniOzoneClusterImpl-c3f67427-b36b-4ee4-bde0-91623ce58163/datanode-4/data/ratis/fe77e429-5f3d-4142-9d51-83c92cc6210c
2023-12-19 18:18:00,605 [b44d76fe-ddfd-47c8-8f4d-0e79dfcb9ca5-groupManagement] INFO  server.RaftServerConfigKeys (ConfUtils.java:logGet(46)) - raft.server.log.queue.byte-limit = 4294967296 (custom)
2023-12-19 18:18:00,605 [b44d76fe-ddfd-47c8-8f4d-0e79dfcb9ca5-groupManagement] INFO  server.RaftServerConfigKeys (ConfUtils.java:logGet(46)) - raft.server.log.queue.element-limit = 1024 (custom)
2023-12-19 18:18:00,605 [b44d76fe-ddfd-47c8-8f4d-0e79dfcb9ca5-groupManagement] INFO  server.RaftServerConfigKeys (ConfUtils.java:logGet(46)) - raft.server.log.segment.size.max = 67108864 (custom)
2023-12-19 18:18:00,605 [b44d76fe-ddfd-47c8-8f4d-0e79dfcb9ca5-groupManagement] INFO  server.RaftServerConfigKeys (ConfUtils.java:logGet(46)) - raft.server.log.preallocated.size = 4194304 (custom)
2023-12-19 18:18:00,605 [b44d76fe-ddfd-47c8-8f4d-0e79dfcb9ca5-groupManagement] INFO  server.RaftServerConfigKeys (ConfUtils.java:logGet(46)) - raft.server.log.force.sync.num = 128 (default)
2023-12-19 18:18:00,605 [b44d76fe-ddfd-47c8-8f4d-0e79dfcb9ca5-groupManagement] INFO  server.RaftServerConfigKeys (ConfUtils.java:logGet(46)) - raft.server.log.statemachine.data.sync = true (default)
2023-12-19 18:18:00,605 [b44d76fe-ddfd-47c8-8f4d-0e79dfcb9ca5-groupManagement] INFO  server.RaftServerConfigKeys (ConfUtils.java:logGet(46)) - raft.server.log.statemachine.data.sync.timeout = 10s (default)
2023-12-19 18:18:00,606 [b44d76fe-ddfd-47c8-8f4d-0e79dfcb9ca5-groupManagement] INFO  server.RaftServerConfigKeys (ConfUtils.java:logGet(46)) - raft.server.log.statemachine.data.sync.timeout.retry = 0 (custom)
2023-12-19 18:18:00,606 [b44d76fe-ddfd-47c8-8f4d-0e79dfcb9ca5-groupManagement] INFO  server.RaftServerConfigKeys (ConfUtils.java:logGet(46)) - raft.server.log.write.buffer.size = 8388616 (custom)
2023-12-19 18:18:00,612 [b44d76fe-ddfd-47c8-8f4d-0e79dfcb9ca5-groupManagement] INFO  server.RaftServerConfigKeys (ConfUtils.java:logGet(46)) - raft.server.log.appender.buffer.byte-limit = 8388608 (custom)
2023-12-19 18:18:00,612 [b44d76fe-ddfd-47c8-8f4d-0e79dfcb9ca5-groupManagement] INFO  server.RaftServerConfigKeys (ConfUtils.java:logGet(46)) - raft.server.log.unsafe-flush.enabled = false (default)
2023-12-19 18:18:00,612 [b44d76fe-ddfd-47c8-8f4d-0e79dfcb9ca5-groupManagement] INFO  server.RaftServerConfigKeys (ConfUtils.java:logGet(46)) - raft.server.log.async-flush.enabled = false (default)
2023-12-19 18:18:00,612 [b44d76fe-ddfd-47c8-8f4d-0e79dfcb9ca5-groupManagement] INFO  server.RaftServerConfigKeys (ConfUtils.java:logGet(46)) - raft.server.log.statemachine.data.caching.enabled = true (custom)
2023-12-19 18:18:00,613 [b44d76fe-ddfd-47c8-8f4d-0e79dfcb9ca5-groupManagement] INFO  segmented.SegmentedRaftLogWorker (SegmentedRaftLogWorker.java:lambda$new$0(135)) - b44d76fe-ddfd-47c8-8f4d-0e79dfcb9ca5@group-83C92CC6210C-SegmentedRaftLogWorker: flushIndex: setUnconditionally 0 -> -1
2023-12-19 18:18:00,613 [b44d76fe-ddfd-47c8-8f4d-0e79dfcb9ca5-groupManagement] INFO  segmented.SegmentedRaftLogWorker (SegmentedRaftLogWorker.java:lambda$new$0(135)) - b44d76fe-ddfd-47c8-8f4d-0e79dfcb9ca5@group-83C92CC6210C-SegmentedRaftLogWorker: safeCacheEvictIndex: setUnconditionally 0 -> -1
2023-12-19 18:18:00,613 [b44d76fe-ddfd-47c8-8f4d-0e79dfcb9ca5-groupManagement] INFO  server.RaftServer$Division (RaftServerImpl.java:start(392)) - b44d76fe-ddfd-47c8-8f4d-0e79dfcb9ca5@group-83C92CC6210C: start as a follower, conf=-1: peers:[f3699da5-7632-4885-9efe-d79f82e47143|10.1.0.19:15059, b44d76fe-ddfd-47c8-8f4d-0e79dfcb9ca5|10.1.0.19:15050, 244ca980-f87d-4e1f-bf92-41859c631eea|10.1.0.19:15041]|listeners:[], old=null
2023-12-19 18:18:00,613 [b44d76fe-ddfd-47c8-8f4d-0e79dfcb9ca5-groupManagement] INFO  server.RaftServer$Division (RaftServerImpl.java:setRole(379)) - b44d76fe-ddfd-47c8-8f4d-0e79dfcb9ca5@group-83C92CC6210C: changes role from      null to FOLLOWER at term 0 for startAsFollower
2023-12-19 18:18:00,613 [b44d76fe-ddfd-47c8-8f4d-0e79dfcb9ca5-groupManagement] INFO  impl.RoleInfo (RoleInfo.java:updateAndGet(139)) - b44d76fe-ddfd-47c8-8f4d-0e79dfcb9ca5: start b44d76fe-ddfd-47c8-8f4d-0e79dfcb9ca5@group-83C92CC6210C-FollowerState
2023-12-19 18:18:00,618 [b44d76fe-ddfd-47c8-8f4d-0e79dfcb9ca5@group-83C92CC6210C-FollowerState] INFO  server.RaftServerConfigKeys (ConfUtils.java:logFallback(53)) - raft.server.rpc.first-election.timeout.min = 5s (fallback to raft.server.rpc.timeout.min)
2023-12-19 18:18:00,626 [b44d76fe-ddfd-47c8-8f4d-0e79dfcb9ca5@group-83C92CC6210C-FollowerState] INFO  server.RaftServerConfigKeys (ConfUtils.java:logFallback(53)) - raft.server.rpc.first-election.timeout.max = 5200ms (fallback to raft.server.rpc.timeout.max)
2023-12-19 18:18:00,626 [b44d76fe-ddfd-47c8-8f4d-0e79dfcb9ca5-groupManagement] INFO  util.JmxRegister (JmxRegister.java:tryRegister(44)) - Successfully registered JMX Bean with object name Ratis:service=RaftServer,group=group-83C92CC6210C,id=b44d76fe-ddfd-47c8-8f4d-0e79dfcb9ca5
2023-12-19 18:18:00,626 [b44d76fe-ddfd-47c8-8f4d-0e79dfcb9ca5-groupManagement] INFO  server.RaftServerConfigKeys (ConfUtils.java:logGet(46)) - raft.server.snapshot.trigger-when-stop.enabled = true (default)
2023-12-19 18:18:00,629 [b44d76fe-ddfd-47c8-8f4d-0e79dfcb9ca5-groupManagement] INFO  server.RaftServerConfigKeys (ConfUtils.java:logGet(46)) - raft.server.snapshot.auto.trigger.enabled = true (custom)
2023-12-19 18:18:00,629 [b44d76fe-ddfd-47c8-8f4d-0e79dfcb9ca5-groupManagement] INFO  server.RaftServerConfigKeys (ConfUtils.java:logGet(46)) - raft.server.snapshot.auto.trigger.threshold = 10000 (custom)
2023-12-19 18:18:00,629 [b44d76fe-ddfd-47c8-8f4d-0e79dfcb9ca5-groupManagement] INFO  server.RaftServerConfigKeys (ConfUtils.java:logGet(46)) - raft.server.snapshot.retention.file.num = 5 (custom)
2023-12-19 18:18:00,629 [b44d76fe-ddfd-47c8-8f4d-0e79dfcb9ca5-groupManagement] INFO  server.RaftServerConfigKeys (ConfUtils.java:logGet(46)) - raft.server.log.purge.upto.snapshot.index = false (default)
2023-12-19 18:18:00,633 [b44d76fe-ddfd-47c8-8f4d-0e79dfcb9ca5-PipelineCommandHandlerThread-0] INFO  ratis.XceiverServerRatis (XceiverServerRatis.java:addGroup(837)) - Created group PipelineID=fe77e429-5f3d-4142-9d51-83c92cc6210c
2023-12-19 18:18:00,653 [main] INFO  ozone.MiniOzoneClusterImpl (MiniOzoneClusterImpl.java:lambda$waitForClusterToBeReady$0(230)) - Nodes are ready. Got 14 of 14 DN Heartbeats.
2023-12-19 18:18:00,653 [main] INFO  ozone.MiniOzoneClusterImpl (MiniOzoneClusterImpl.java:lambda$waitForClusterToBeReady$0(233)) - Waiting for cluster to exit safe mode
2023-12-19 18:18:00,653 [main] INFO  ozone.MiniOzoneClusterImpl (MiniOzoneClusterImpl.java:lambda$waitForClusterToBeReady$0(235)) - SCM became leader
2023-12-19 18:18:00,716 [f3699da5-7632-4885-9efe-d79f82e47143-PipelineCommandHandlerThread-0] INFO  server.RaftServer (RaftServerProxy.java:addNew(100)) - f3699da5-7632-4885-9efe-d79f82e47143: addNew group-7AE7D8FC9C99:[f3699da5-7632-4885-9efe-d79f82e47143|10.1.0.19:15059] returns group-7AE7D8FC9C99:java.util.concurrent.CompletableFuture@3ce503de[Not completed]
2023-12-19 18:18:00,724 [f3699da5-7632-4885-9efe-d79f82e47143-groupManagement] INFO  server.RaftServer$Division (RaftServerImpl.java:<init>(256)) - f3699da5-7632-4885-9efe-d79f82e47143: new RaftServerImpl for group-7AE7D8FC9C99:[f3699da5-7632-4885-9efe-d79f82e47143|10.1.0.19:15059] with ContainerStateMachine:uninitialized
2023-12-19 18:18:00,724 [f3699da5-7632-4885-9efe-d79f82e47143-groupManagement] INFO  server.RaftServerConfigKeys (ConfUtils.java:logGet(46)) - raft.server.rpc.timeout.min = 5s (custom)
2023-12-19 18:18:00,724 [f3699da5-7632-4885-9efe-d79f82e47143-groupManagement] INFO  server.RaftServerConfigKeys (ConfUtils.java:logGet(46)) - raft.server.rpc.timeout.max = 5200ms (custom)
2023-12-19 18:18:00,724 [f3699da5-7632-4885-9efe-d79f82e47143-groupManagement] INFO  server.RaftServerConfigKeys (ConfUtils.java:logGet(46)) - raft.server.rpc.sleep.time = 25ms (default)
2023-12-19 18:18:00,724 [f3699da5-7632-4885-9efe-d79f82e47143-groupManagement] INFO  server.RaftServerConfigKeys (ConfUtils.java:logGet(46)) - raft.server.rpc.slowness.timeout = 300s (custom)
2023-12-19 18:18:00,725 [f3699da5-7632-4885-9efe-d79f82e47143-groupManagement] INFO  server.RaftServerConfigKeys (ConfUtils.java:logGet(46)) - raft.server.leaderelection.leader.step-down.wait-time = 10s (default)
2023-12-19 18:18:00,725 [f3699da5-7632-4885-9efe-d79f82e47143-groupManagement] INFO  server.RaftServerConfigKeys (ConfUtils.java:logGet(46)) - raft.server.leaderelection.member.majority-add = false (default)
2023-12-19 18:18:00,725 [f3699da5-7632-4885-9efe-d79f82e47143-groupManagement] INFO  server.RaftServerConfigKeys (ConfUtils.java:logGet(46)) - raft.server.sleep.deviation.threshold = 300ms (default)
2023-12-19 18:18:00,725 [f3699da5-7632-4885-9efe-d79f82e47143-groupManagement] INFO  server.RaftServer$Division (ServerState.java:<init>(113)) - f3699da5-7632-4885-9efe-d79f82e47143@group-7AE7D8FC9C99: ConfigurationManager, init=-1: peers:[f3699da5-7632-4885-9efe-d79f82e47143|10.1.0.19:15059]|listeners:[], old=null, confs=<EMPTY_MAP>
2023-12-19 18:18:00,725 [f3699da5-7632-4885-9efe-d79f82e47143-groupManagement] INFO  server.RaftServerConfigKeys (ConfUtils.java:logGet(46)) - raft.server.notification.no-leader.timeout = 300s (custom)
2023-12-19 18:18:00,725 [f3699da5-7632-4885-9efe-d79f82e47143-groupManagement] INFO  server.RaftServerConfigKeys (ConfUtils.java:logGet(46)) - raft.server.read.timeout = 10s (default)
2023-12-19 18:18:00,725 [f3699da5-7632-4885-9efe-d79f82e47143-groupManagement] INFO  server.RaftServerConfigKeys (ConfUtils.java:logGet(46)) - raft.server.retrycache.expirytime = 600000ms (custom)
2023-12-19 18:18:00,725 [f3699da5-7632-4885-9efe-d79f82e47143-groupManagement] INFO  server.RaftServerConfigKeys (ConfUtils.java:logGet(46)) - raft.server.retrycache.statistics.expirytime = 100ms (default)
2023-12-19 18:18:00,725 [f3699da5-7632-4885-9efe-d79f82e47143-groupManagement] INFO  server.RaftServerConfigKeys (ConfUtils.java:logGet(46)) - raft.server.read.option = DEFAULT (default)
2023-12-19 18:18:00,725 [f3699da5-7632-4885-9efe-d79f82e47143-groupManagement] INFO  server.RaftServerConfigKeys (ConfUtils.java:logGet(46)) - raft.server.read.read-after-write-consistent.write-index-cache.expiry-time = 60s (default)
2023-12-19 18:18:00,731 [grpc-default-executor-3] INFO  server.RaftServer (RaftServerProxy.java:addNew(100)) - f3699da5-7632-4885-9efe-d79f82e47143: addNew group-83C92CC6210C:[f3699da5-7632-4885-9efe-d79f82e47143|10.1.0.19:15059, b44d76fe-ddfd-47c8-8f4d-0e79dfcb9ca5|10.1.0.19:15050, 244ca980-f87d-4e1f-bf92-41859c631eea|10.1.0.19:15041] returns group-83C92CC6210C:java.util.concurrent.CompletableFuture@6c31a710[Not completed]
2023-12-19 18:18:00,745 [f3699da5-7632-4885-9efe-d79f82e47143-groupManagement] INFO  server.RaftServerConfigKeys (ConfUtils.java:logGet(46)) - raft.server.rpc.request.timeout = 60s (custom)
2023-12-19 18:18:00,745 [f3699da5-7632-4885-9efe-d79f82e47143-groupManagement] INFO  server.RaftServerConfigKeys (ConfUtils.java:logGet(46)) - raft.server.log.appender.install.snapshot.enabled = false (custom)
2023-12-19 18:18:00,745 [f3699da5-7632-4885-9efe-d79f82e47143-groupManagement] INFO  server.RaftServerConfigKeys (ConfUtils.java:logGet(46)) - raft.server.threadpool.server.cached = true (default)
2023-12-19 18:18:00,745 [f3699da5-7632-4885-9efe-d79f82e47143-groupManagement] INFO  server.RaftServerConfigKeys (ConfUtils.java:logGet(46)) - raft.server.threadpool.server.size = 0 (default)
2023-12-19 18:18:00,747 [f3699da5-7632-4885-9efe-d79f82e47143-groupManagement] INFO  server.RaftServerConfigKeys (ConfUtils.java:logGet(46)) - raft.server.threadpool.client.cached = true (default)
2023-12-19 18:18:00,747 [f3699da5-7632-4885-9efe-d79f82e47143-groupManagement] INFO  server.RaftServerConfigKeys (ConfUtils.java:logGet(46)) - raft.server.threadpool.client.size = 0 (default)
2023-12-19 18:18:00,748 [f3699da5-7632-4885-9efe-d79f82e47143-groupManagement] INFO  server.RaftServer$Division (RaftServerImpl.java:<init>(256)) - f3699da5-7632-4885-9efe-d79f82e47143: new RaftServerImpl for group-83C92CC6210C:[f3699da5-7632-4885-9efe-d79f82e47143|10.1.0.19:15059, b44d76fe-ddfd-47c8-8f4d-0e79dfcb9ca5|10.1.0.19:15050, 244ca980-f87d-4e1f-bf92-41859c631eea|10.1.0.19:15041] with ContainerStateMachine:uninitialized
2023-12-19 18:18:00,748 [f3699da5-7632-4885-9efe-d79f82e47143-groupManagement] INFO  server.RaftServerConfigKeys (ConfUtils.java:logGet(46)) - raft.server.rpc.timeout.min = 5s (custom)
2023-12-19 18:18:00,749 [f3699da5-7632-4885-9efe-d79f82e47143-groupManagement] INFO  server.RaftServerConfigKeys (ConfUtils.java:logGet(46)) - raft.server.rpc.timeout.max = 5200ms (custom)
2023-12-19 18:18:00,749 [f3699da5-7632-4885-9efe-d79f82e47143-groupManagement] INFO  server.RaftServerConfigKeys (ConfUtils.java:logGet(46)) - raft.server.rpc.sleep.time = 25ms (default)
2023-12-19 18:18:00,749 [f3699da5-7632-4885-9efe-d79f82e47143-groupManagement] INFO  server.RaftServerConfigKeys (ConfUtils.java:logGet(46)) - raft.server.rpc.slowness.timeout = 300s (custom)
2023-12-19 18:18:00,749 [f3699da5-7632-4885-9efe-d79f82e47143-groupManagement] INFO  server.RaftServerConfigKeys (ConfUtils.java:logGet(46)) - raft.server.leaderelection.leader.step-down.wait-time = 10s (default)
2023-12-19 18:18:00,749 [f3699da5-7632-4885-9efe-d79f82e47143-groupManagement] INFO  server.RaftServerConfigKeys (ConfUtils.java:logGet(46)) - raft.server.leaderelection.member.majority-add = false (default)
2023-12-19 18:18:00,749 [f3699da5-7632-4885-9efe-d79f82e47143-groupManagement] INFO  server.RaftServerConfigKeys (ConfUtils.java:logGet(46)) - raft.server.sleep.deviation.threshold = 300ms (default)
2023-12-19 18:18:00,749 [f3699da5-7632-4885-9efe-d79f82e47143-groupManagement] INFO  server.RaftServer$Division (ServerState.java:<init>(113)) - f3699da5-7632-4885-9efe-d79f82e47143@group-83C92CC6210C: ConfigurationManager, init=-1: peers:[f3699da5-7632-4885-9efe-d79f82e47143|10.1.0.19:15059, b44d76fe-ddfd-47c8-8f4d-0e79dfcb9ca5|10.1.0.19:15050, 244ca980-f87d-4e1f-bf92-41859c631eea|10.1.0.19:15041]|listeners:[], old=null, confs=<EMPTY_MAP>
2023-12-19 18:18:00,749 [f3699da5-7632-4885-9efe-d79f82e47143-groupManagement] INFO  server.RaftServerConfigKeys (ConfUtils.java:logGet(46)) - raft.server.notification.no-leader.timeout = 300s (custom)
2023-12-19 18:18:00,749 [f3699da5-7632-4885-9efe-d79f82e47143-groupManagement] INFO  server.RaftServerConfigKeys (ConfUtils.java:logGet(46)) - raft.server.read.timeout = 10s (default)
2023-12-19 18:18:00,749 [f3699da5-7632-4885-9efe-d79f82e47143-groupManagement] INFO  server.RaftServerConfigKeys (ConfUtils.java:logGet(46)) - raft.server.retrycache.expirytime = 600000ms (custom)
2023-12-19 18:18:00,749 [f3699da5-7632-4885-9efe-d79f82e47143-groupManagement] INFO  server.RaftServerConfigKeys (ConfUtils.java:logGet(46)) - raft.server.retrycache.statistics.expirytime = 100ms (default)
2023-12-19 18:18:00,749 [f3699da5-7632-4885-9efe-d79f82e47143-groupManagement] INFO  server.RaftServerConfigKeys (ConfUtils.java:logGet(46)) - raft.server.read.option = DEFAULT (default)
2023-12-19 18:18:00,749 [f3699da5-7632-4885-9efe-d79f82e47143-groupManagement] INFO  server.RaftServerConfigKeys (ConfUtils.java:logGet(46)) - raft.server.read.read-after-write-consistent.write-index-cache.expiry-time = 60s (default)
2023-12-19 18:18:00,753 [f3699da5-7632-4885-9efe-d79f82e47143-groupManagement] INFO  server.RaftServerConfigKeys (ConfUtils.java:logGet(46)) - raft.server.rpc.request.timeout = 60s (custom)
2023-12-19 18:18:00,753 [f3699da5-7632-4885-9efe-d79f82e47143-groupManagement] INFO  server.RaftServerConfigKeys (ConfUtils.java:logGet(46)) - raft.server.log.appender.install.snapshot.enabled = false (custom)
2023-12-19 18:18:00,753 [f3699da5-7632-4885-9efe-d79f82e47143-groupManagement] INFO  server.RaftServerConfigKeys (ConfUtils.java:logGet(46)) - raft.server.threadpool.server.cached = true (default)
2023-12-19 18:18:00,753 [f3699da5-7632-4885-9efe-d79f82e47143-groupManagement] INFO  server.RaftServerConfigKeys (ConfUtils.java:logGet(46)) - raft.server.threadpool.server.size = 0 (default)
2023-12-19 18:18:00,753 [f3699da5-7632-4885-9efe-d79f82e47143-groupManagement] INFO  server.RaftServerConfigKeys (ConfUtils.java:logGet(46)) - raft.server.threadpool.client.cached = true (default)
2023-12-19 18:18:00,753 [f3699da5-7632-4885-9efe-d79f82e47143-groupManagement] INFO  server.RaftServerConfigKeys (ConfUtils.java:logGet(46)) - raft.server.threadpool.client.size = 0 (default)
2023-12-19 18:18:00,753 [f3699da5-7632-4885-9efe-d79f82e47143-groupManagement] INFO  server.RaftServerConfigKeys (ConfUtils.java:logGet(46)) - raft.server.storage.free-space.min = 0MB (=0) (default)
2023-12-19 18:18:00,753 [f3699da5-7632-4885-9efe-d79f82e47143-groupManagement] INFO  server.RaftServerConfigKeys (ConfUtils.java:logGet(46)) - raft.server.log.corruption.policy = EXCEPTION (default)
2023-12-19 18:18:00,753 [f3699da5-7632-4885-9efe-d79f82e47143-groupManagement] INFO  server.RaftServerConfigKeys (ConfUtils.java:logGet(46)) - raft.server.storage.dir = [/home/runner/work/ozone/ozone/hadoop-ozone/integration-test/target/test-dir/MiniOzoneClusterImpl-c3f67427-b36b-4ee4-bde0-91623ce58163/datanode-5/data/ratis] (custom)
2023-12-19 18:18:00,753 [f3699da5-7632-4885-9efe-d79f82e47143-groupManagement] INFO  storage.RaftStorageDirectory (RaftStorageDirectoryImpl.java:analyzeStorage(138)) - The storage directory /home/runner/work/ozone/ozone/hadoop-ozone/integration-test/target/test-dir/MiniOzoneClusterImpl-c3f67427-b36b-4ee4-bde0-91623ce58163/datanode-5/data/ratis/2b9c3983-02a5-42a9-9f64-7ae7d8fc9c99 does not exist. Creating ...
2023-12-19 18:18:00,757 [f3699da5-7632-4885-9efe-d79f82e47143-groupManagement] INFO  storage.RaftStorageDirectory (RaftStorageDirectoryImpl.java:tryLock(232)) - Lock on /home/runner/work/ozone/ozone/hadoop-ozone/integration-test/target/test-dir/MiniOzoneClusterImpl-c3f67427-b36b-4ee4-bde0-91623ce58163/datanode-5/data/ratis/2b9c3983-02a5-42a9-9f64-7ae7d8fc9c99/in_use.lock acquired by nodename 34604@fv-az1381-513
2023-12-19 18:18:00,764 [f3699da5-7632-4885-9efe-d79f82e47143-groupManagement] INFO  storage.RaftStorage (RaftStorageImpl.java:format(97)) - Storage directory /home/runner/work/ozone/ozone/hadoop-ozone/integration-test/target/test-dir/MiniOzoneClusterImpl-c3f67427-b36b-4ee4-bde0-91623ce58163/datanode-5/data/ratis/2b9c3983-02a5-42a9-9f64-7ae7d8fc9c99 has been successfully formatted.
2023-12-19 18:18:00,766 [b44d76fe-ddfd-47c8-8f4d-0e79dfcb9ca5-PipelineCommandHandlerThread-0] INFO  commandhandler.CreatePipelineCommandHandler (CreatePipelineCommandHandler.java:lambda$handle$2(124)) - Created Pipeline RATIS THREE PipelineID=fe77e429-5f3d-4142-9d51-83c92cc6210c.
2023-12-19 18:18:00,766 [a1d25c87-0c45-4075-9fe0-f0708f172712-PipelineCommandHandlerThread-0] INFO  commandhandler.CreatePipelineCommandHandler (CreatePipelineCommandHandler.java:lambda$handle$2(124)) - Created Pipeline RATIS THREE PipelineID=e1d0cfcb-53bb-47dd-964d-c09d2dd42166.
2023-12-19 18:18:00,766 [a1d25c87-0c45-4075-9fe0-f0708f172712-PipelineCommandHandlerThread-0] INFO  server.RaftServer (RaftServerProxy.java:addNew(100)) - a1d25c87-0c45-4075-9fe0-f0708f172712: addNew group-03BA1C6394B6:[d0e3d241-91aa-4721-8188-ae5e0af11890|10.1.0.19:15014, e7599229-5a8e-48b0-86e7-2247601ad11a|10.1.0.19:15023, a1d25c87-0c45-4075-9fe0-f0708f172712|10.1.0.19:15032] returns group-03BA1C6394B6:java.util.concurrent.CompletableFuture@6e76b260[Not completed]
2023-12-19 18:18:00,766 [b44d76fe-ddfd-47c8-8f4d-0e79dfcb9ca5-PipelineCommandHandlerThread-0] INFO  server.RaftServer (RaftServerProxy.java:addNew(100)) - b44d76fe-ddfd-47c8-8f4d-0e79dfcb9ca5: addNew group-0FC0AF6D08E6:[f3699da5-7632-4885-9efe-d79f82e47143|10.1.0.19:15059, b44d76fe-ddfd-47c8-8f4d-0e79dfcb9ca5|10.1.0.19:15050, 244ca980-f87d-4e1f-bf92-41859c631eea|10.1.0.19:15041] returns group-0FC0AF6D08E6:java.util.concurrent.CompletableFuture@79088d6c[Not completed]
2023-12-19 18:18:00,767 [a1d25c87-0c45-4075-9fe0-f0708f172712-groupManagement] INFO  server.RaftServer$Division (RaftServerImpl.java:<init>(256)) - a1d25c87-0c45-4075-9fe0-f0708f172712: new RaftServerImpl for group-03BA1C6394B6:[d0e3d241-91aa-4721-8188-ae5e0af11890|10.1.0.19:15014, e7599229-5a8e-48b0-86e7-2247601ad11a|10.1.0.19:15023, a1d25c87-0c45-4075-9fe0-f0708f172712|10.1.0.19:15032] with ContainerStateMachine:uninitialized
2023-12-19 18:18:00,767 [a1d25c87-0c45-4075-9fe0-f0708f172712-groupManagement] INFO  server.RaftServerConfigKeys (ConfUtils.java:logGet(46)) - raft.server.rpc.timeout.min = 5s (custom)
2023-12-19 18:18:00,767 [b44d76fe-ddfd-47c8-8f4d-0e79dfcb9ca5-groupManagement] INFO  server.RaftServer$Division (RaftServerImpl.java:<init>(256)) - b44d76fe-ddfd-47c8-8f4d-0e79dfcb9ca5: new RaftServerImpl for group-0FC0AF6D08E6:[f3699da5-7632-4885-9efe-d79f82e47143|10.1.0.19:15059, b44d76fe-ddfd-47c8-8f4d-0e79dfcb9ca5|10.1.0.19:15050, 244ca980-f87d-4e1f-bf92-41859c631eea|10.1.0.19:15041] with ContainerStateMachine:uninitialized
2023-12-19 18:18:00,768 [b44d76fe-ddfd-47c8-8f4d-0e79dfcb9ca5-groupManagement] INFO  server.RaftServerConfigKeys (ConfUtils.java:logGet(46)) - raft.server.rpc.timeout.min = 5s (custom)
2023-12-19 18:18:00,768 [b44d76fe-ddfd-47c8-8f4d-0e79dfcb9ca5-groupManagement] INFO  server.RaftServerConfigKeys (ConfUtils.java:logGet(46)) - raft.server.rpc.timeout.max = 5200ms (custom)
2023-12-19 18:18:00,768 [b44d76fe-ddfd-47c8-8f4d-0e79dfcb9ca5-groupManagement] INFO  server.RaftServerConfigKeys (ConfUtils.java:logGet(46)) - raft.server.rpc.sleep.time = 25ms (default)
2023-12-19 18:18:00,768 [b44d76fe-ddfd-47c8-8f4d-0e79dfcb9ca5-groupManagement] INFO  server.RaftServerConfigKeys (ConfUtils.java:logGet(46)) - raft.server.rpc.slowness.timeout = 300s (custom)
2023-12-19 18:18:00,768 [b44d76fe-ddfd-47c8-8f4d-0e79dfcb9ca5-groupManagement] INFO  server.RaftServerConfigKeys (ConfUtils.java:logGet(46)) - raft.server.leaderelection.leader.step-down.wait-time = 10s (default)
2023-12-19 18:18:00,768 [b44d76fe-ddfd-47c8-8f4d-0e79dfcb9ca5-groupManagement] INFO  server.RaftServerConfigKeys (ConfUtils.java:logGet(46)) - raft.server.leaderelection.member.majority-add = false (default)
2023-12-19 18:18:00,768 [b44d76fe-ddfd-47c8-8f4d-0e79dfcb9ca5-groupManagement] INFO  server.RaftServerConfigKeys (ConfUtils.java:logGet(46)) - raft.server.sleep.deviation.threshold = 300ms (default)
2023-12-19 18:18:00,768 [d0e3d241-91aa-4721-8188-ae5e0af11890-PipelineCommandHandlerThread-0] INFO  commandhandler.CreatePipelineCommandHandler (CreatePipelineCommandHandler.java:lambda$handle$2(124)) - Created Pipeline RATIS THREE PipelineID=e1d0cfcb-53bb-47dd-964d-c09d2dd42166.
2023-12-19 18:18:00,768 [b44d76fe-ddfd-47c8-8f4d-0e79dfcb9ca5-groupManagement] INFO  server.RaftServer$Division (ServerState.java:<init>(113)) - b44d76fe-ddfd-47c8-8f4d-0e79dfcb9ca5@group-0FC0AF6D08E6: ConfigurationManager, init=-1: peers:[f3699da5-7632-4885-9efe-d79f82e47143|10.1.0.19:15059, b44d76fe-ddfd-47c8-8f4d-0e79dfcb9ca5|10.1.0.19:15050, 244ca980-f87d-4e1f-bf92-41859c631eea|10.1.0.19:15041]|listeners:[], old=null, confs=<EMPTY_MAP>
2023-12-19 18:18:00,768 [b44d76fe-ddfd-47c8-8f4d-0e79dfcb9ca5-groupManagement] INFO  server.RaftServerConfigKeys (ConfUtils.java:logGet(46)) - raft.server.notification.no-leader.timeout = 300s (custom)
2023-12-19 18:18:00,768 [f3699da5-7632-4885-9efe-d79f82e47143-groupManagement] INFO  ratis.ContainerStateMachine (ContainerStateMachine.java:loadSnapshot(287)) - group-7AE7D8FC9C99: The snapshot info is null. Setting the last applied indexto:(t:0, i:~)
2023-12-19 18:18:00,769 [d0e3d241-91aa-4721-8188-ae5e0af11890-PipelineCommandHandlerThread-0] INFO  server.RaftServer (RaftServerProxy.java:addNew(100)) - d0e3d241-91aa-4721-8188-ae5e0af11890: addNew group-03BA1C6394B6:[d0e3d241-91aa-4721-8188-ae5e0af11890|10.1.0.19:15014, e7599229-5a8e-48b0-86e7-2247601ad11a|10.1.0.19:15023, a1d25c87-0c45-4075-9fe0-f0708f172712|10.1.0.19:15032] returns group-03BA1C6394B6:java.util.concurrent.CompletableFuture@435824a[Not completed]
2023-12-19 18:18:00,769 [d0e3d241-91aa-4721-8188-ae5e0af11890-groupManagement] INFO  server.RaftServer$Division (RaftServerImpl.java:<init>(256)) - d0e3d241-91aa-4721-8188-ae5e0af11890: new RaftServerImpl for group-03BA1C6394B6:[d0e3d241-91aa-4721-8188-ae5e0af11890|10.1.0.19:15014, e7599229-5a8e-48b0-86e7-2247601ad11a|10.1.0.19:15023, a1d25c87-0c45-4075-9fe0-f0708f172712|10.1.0.19:15032] with ContainerStateMachine:uninitialized
2023-12-19 18:18:00,769 [d0e3d241-91aa-4721-8188-ae5e0af11890-groupManagement] INFO  server.RaftServerConfigKeys (ConfUtils.java:logGet(46)) - raft.server.rpc.timeout.min = 5s (custom)
2023-12-19 18:18:00,769 [d0e3d241-91aa-4721-8188-ae5e0af11890-groupManagement] INFO  server.RaftServerConfigKeys (ConfUtils.java:logGet(46)) - raft.server.rpc.timeout.max = 5200ms (custom)
2023-12-19 18:18:00,769 [d0e3d241-91aa-4721-8188-ae5e0af11890-groupManagement] INFO  server.RaftServerConfigKeys (ConfUtils.java:logGet(46)) - raft.server.rpc.sleep.time = 25ms (default)
2023-12-19 18:18:00,770 [d0e3d241-91aa-4721-8188-ae5e0af11890-groupManagement] INFO  server.RaftServerConfigKeys (ConfUtils.java:logGet(46)) - raft.server.rpc.slowness.timeout = 300s (custom)
2023-12-19 18:18:00,770 [d0e3d241-91aa-4721-8188-ae5e0af11890-groupManagement] INFO  server.RaftServerConfigKeys (ConfUtils.java:logGet(46)) - raft.server.leaderelection.leader.step-down.wait-time = 10s (default)
2023-12-19 18:18:00,770 [d0e3d241-91aa-4721-8188-ae5e0af11890-groupManagement] INFO  server.RaftServerConfigKeys (ConfUtils.java:logGet(46)) - raft.server.leaderelection.member.majority-add = false (default)
2023-12-19 18:18:00,770 [d0e3d241-91aa-4721-8188-ae5e0af11890-groupManagement] INFO  server.RaftServerConfigKeys (ConfUtils.java:logGet(46)) - raft.server.sleep.deviation.threshold = 300ms (default)
2023-12-19 18:18:00,770 [d0e3d241-91aa-4721-8188-ae5e0af11890-groupManagement] INFO  server.RaftServer$Division (ServerState.java:<init>(113)) - d0e3d241-91aa-4721-8188-ae5e0af11890@group-03BA1C6394B6: ConfigurationManager, init=-1: peers:[d0e3d241-91aa-4721-8188-ae5e0af11890|10.1.0.19:15014, e7599229-5a8e-48b0-86e7-2247601ad11a|10.1.0.19:15023, a1d25c87-0c45-4075-9fe0-f0708f172712|10.1.0.19:15032]|listeners:[], old=null, confs=<EMPTY_MAP>
2023-12-19 18:18:00,770 [d0e3d241-91aa-4721-8188-ae5e0af11890-groupManagement] INFO  server.RaftServerConfigKeys (ConfUtils.java:logGet(46)) - raft.server.notification.no-leader.timeout = 300s (custom)
2023-12-19 18:18:00,770 [d0e3d241-91aa-4721-8188-ae5e0af11890-groupManagement] INFO  server.RaftServerConfigKeys (ConfUtils.java:logGet(46)) - raft.server.read.timeout = 10s (default)
2023-12-19 18:18:00,770 [d0e3d241-91aa-4721-8188-ae5e0af11890-groupManagement] INFO  server.RaftServerConfigKeys (ConfUtils.java:logGet(46)) - raft.server.retrycache.expirytime = 600000ms (custom)
2023-12-19 18:18:00,770 [d0e3d241-91aa-4721-8188-ae5e0af11890-groupManagement] INFO  server.RaftServerConfigKeys (ConfUtils.java:logGet(46)) - raft.server.retrycache.statistics.expirytime = 100ms (default)
2023-12-19 18:18:00,770 [d0e3d241-91aa-4721-8188-ae5e0af11890-groupManagement] INFO  server.RaftServerConfigKeys (ConfUtils.java:logGet(46)) - raft.server.read.option = DEFAULT (default)
2023-12-19 18:18:00,770 [d0e3d241-91aa-4721-8188-ae5e0af11890-groupManagement] INFO  server.RaftServerConfigKeys (ConfUtils.java:logGet(46)) - raft.server.read.read-after-write-consistent.write-index-cache.expiry-time = 60s (default)
2023-12-19 18:18:00,768 [a1d25c87-0c45-4075-9fe0-f0708f172712-groupManagement] INFO  server.RaftServerConfigKeys (ConfUtils.java:logGet(46)) - raft.server.rpc.timeout.max = 5200ms (custom)
2023-12-19 18:18:00,776 [a1d25c87-0c45-4075-9fe0-f0708f172712-groupManagement] INFO  server.RaftServerConfigKeys (ConfUtils.java:logGet(46)) - raft.server.rpc.sleep.time = 25ms (default)
2023-12-19 18:18:00,776 [a1d25c87-0c45-4075-9fe0-f0708f172712-groupManagement] INFO  server.RaftServerConfigKeys (ConfUtils.java:logGet(46)) - raft.server.rpc.slowness.timeout = 300s (custom)
2023-12-19 18:18:00,776 [a1d25c87-0c45-4075-9fe0-f0708f172712-groupManagement] INFO  server.RaftServerConfigKeys (ConfUtils.java:logGet(46)) - raft.server.leaderelection.leader.step-down.wait-time = 10s (default)
2023-12-19 18:18:00,776 [a1d25c87-0c45-4075-9fe0-f0708f172712-groupManagement] INFO  server.RaftServerConfigKeys (ConfUtils.java:logGet(46)) - raft.server.leaderelection.member.majority-add = false (default)
2023-12-19 18:18:00,776 [a1d25c87-0c45-4075-9fe0-f0708f172712-groupManagement] INFO  server.RaftServerConfigKeys (ConfUtils.java:logGet(46)) - raft.server.sleep.deviation.threshold = 300ms (default)
2023-12-19 18:18:00,776 [a1d25c87-0c45-4075-9fe0-f0708f172712-groupManagement] INFO  server.RaftServer$Division (ServerState.java:<init>(113)) - a1d25c87-0c45-4075-9fe0-f0708f172712@group-03BA1C6394B6: ConfigurationManager, init=-1: peers:[d0e3d241-91aa-4721-8188-ae5e0af11890|10.1.0.19:15014, e7599229-5a8e-48b0-86e7-2247601ad11a|10.1.0.19:15023, a1d25c87-0c45-4075-9fe0-f0708f172712|10.1.0.19:15032]|listeners:[], old=null, confs=<EMPTY_MAP>
2023-12-19 18:18:00,777 [a1d25c87-0c45-4075-9fe0-f0708f172712-groupManagement] INFO  server.RaftServerConfigKeys (ConfUtils.java:logGet(46)) - raft.server.notification.no-leader.timeout = 300s (custom)
2023-12-19 18:18:00,777 [a1d25c87-0c45-4075-9fe0-f0708f172712-groupManagement] INFO  server.RaftServerConfigKeys (ConfUtils.java:logGet(46)) - raft.server.read.timeout = 10s (default)
2023-12-19 18:18:00,777 [a1d25c87-0c45-4075-9fe0-f0708f172712-groupManagement] INFO  server.RaftServerConfigKeys (ConfUtils.java:logGet(46)) - raft.server.retrycache.expirytime = 600000ms (custom)
2023-12-19 18:18:00,777 [a1d25c87-0c45-4075-9fe0-f0708f172712-groupManagement] INFO  server.RaftServerConfigKeys (ConfUtils.java:logGet(46)) - raft.server.retrycache.statistics.expirytime = 100ms (default)
2023-12-19 18:18:00,777 [a1d25c87-0c45-4075-9fe0-f0708f172712-groupManagement] INFO  server.RaftServerConfigKeys (ConfUtils.java:logGet(46)) - raft.server.read.option = DEFAULT (default)
2023-12-19 18:18:00,777 [a1d25c87-0c45-4075-9fe0-f0708f172712-groupManagement] INFO  server.RaftServerConfigKeys (ConfUtils.java:logGet(46)) - raft.server.read.read-after-write-consistent.write-index-cache.expiry-time = 60s (default)
2023-12-19 18:18:00,769 [f3699da5-7632-4885-9efe-d79f82e47143-groupManagement] INFO  server.RaftServerConfigKeys (ConfUtils.java:logGet(46)) - raft.server.log.use.memory = false (default)
2023-12-19 18:18:00,768 [b44d76fe-ddfd-47c8-8f4d-0e79dfcb9ca5-groupManagement] INFO  server.RaftServerConfigKeys (ConfUtils.java:logGet(46)) - raft.server.read.timeout = 10s (default)
2023-12-19 18:18:00,777 [b44d76fe-ddfd-47c8-8f4d-0e79dfcb9ca5-groupManagement] INFO  server.RaftServerConfigKeys (ConfUtils.java:logGet(46)) - raft.server.retrycache.expirytime = 600000ms (custom)
2023-12-19 18:18:00,777 [f3699da5-7632-4885-9efe-d79f82e47143-groupManagement] INFO  server.RaftServerConfigKeys (ConfUtils.java:logGet(46)) - raft.server.log.purge.gap = 1000000 (custom)
2023-12-19 18:18:00,777 [b44d76fe-ddfd-47c8-8f4d-0e79dfcb9ca5-groupManagement] INFO  server.RaftServerConfigKeys (ConfUtils.java:logGet(46)) - raft.server.retrycache.statistics.expirytime = 100ms (default)
2023-12-19 18:18:00,777 [b44d76fe-ddfd-47c8-8f4d-0e79dfcb9ca5-groupManagement] INFO  server.RaftServerConfigKeys (ConfUtils.java:logGet(46)) - raft.server.read.option = DEFAULT (default)
2023-12-19 18:18:00,777 [b44d76fe-ddfd-47c8-8f4d-0e79dfcb9ca5-groupManagement] INFO  server.RaftServerConfigKeys (ConfUtils.java:logGet(46)) - raft.server.read.read-after-write-consistent.write-index-cache.expiry-time = 60s (default)
2023-12-19 18:18:00,768 [e7599229-5a8e-48b0-86e7-2247601ad11a-PipelineCommandHandlerThread-0] INFO  commandhandler.CreatePipelineCommandHandler (CreatePipelineCommandHandler.java:lambda$handle$2(124)) - Created Pipeline RATIS THREE PipelineID=e1d0cfcb-53bb-47dd-964d-c09d2dd42166.
2023-12-19 18:18:00,778 [e7599229-5a8e-48b0-86e7-2247601ad11a-PipelineCommandHandlerThread-0] INFO  server.RaftServer (RaftServerProxy.java:addNew(100)) - e7599229-5a8e-48b0-86e7-2247601ad11a: addNew group-03BA1C6394B6:[d0e3d241-91aa-4721-8188-ae5e0af11890|10.1.0.19:15014, e7599229-5a8e-48b0-86e7-2247601ad11a|10.1.0.19:15023, a1d25c87-0c45-4075-9fe0-f0708f172712|10.1.0.19:15032] returns group-03BA1C6394B6:java.util.concurrent.CompletableFuture@505d6409[Not completed]
2023-12-19 18:18:00,777 [f3699da5-7632-4885-9efe-d79f82e47143-groupManagement] INFO  server.RaftServerConfigKeys (ConfUtils.java:logGet(46)) - raft.server.log.appender.buffer.byte-limit = 8388608 (custom)
2023-12-19 18:18:00,778 [f3699da5-7632-4885-9efe-d79f82e47143-groupManagement] INFO  server.RaftServerConfigKeys (ConfUtils.java:logGet(46)) - raft.server.log.statemachine.data.read.timeout = 1000ms (default)
2023-12-19 18:18:00,778 [f3699da5-7632-4885-9efe-d79f82e47143-groupManagement] INFO  server.RaftServerConfigKeys (ConfUtils.java:logGet(46)) - raft.server.log.purge.preservation.log.num = 0 (default)
2023-12-19 18:18:00,777 [EventQueue-PipelineReportForPipelineReportHandler] INFO  pipeline.PipelineReportHandler (PipelineReportHandler.java:processPipelineReport(136)) - Opened pipeline PipelineID=2b9c3983-02a5-42a9-9f64-7ae7d8fc9c99
2023-12-19 18:18:00,779 [EventQueue-OpenPipelineForHealthyPipelineSafeModeRule] INFO  safemode.SCMSafeModeManager (HealthyPipelineSafeModeRule.java:process(140)) - SCM in safe mode. Healthy pipelines reported count is 0, required healthy pipeline reported count is 1
2023-12-19 18:18:00,779 [e7599229-5a8e-48b0-86e7-2247601ad11a-groupManagement] INFO  server.RaftServer$Division (RaftServerImpl.java:<init>(256)) - e7599229-5a8e-48b0-86e7-2247601ad11a: new RaftServerImpl for group-03BA1C6394B6:[d0e3d241-91aa-4721-8188-ae5e0af11890|10.1.0.19:15014, e7599229-5a8e-48b0-86e7-2247601ad11a|10.1.0.19:15023, a1d25c87-0c45-4075-9fe0-f0708f172712|10.1.0.19:15032] with ContainerStateMachine:uninitialized
2023-12-19 18:18:00,779 [e7599229-5a8e-48b0-86e7-2247601ad11a-groupManagement] INFO  server.RaftServerConfigKeys (ConfUtils.java:logGet(46)) - raft.server.rpc.timeout.min = 5s (custom)
2023-12-19 18:18:00,779 [e7599229-5a8e-48b0-86e7-2247601ad11a-groupManagement] INFO  server.RaftServerConfigKeys (ConfUtils.java:logGet(46)) - raft.server.rpc.timeout.max = 5200ms (custom)
2023-12-19 18:18:00,779 [e7599229-5a8e-48b0-86e7-2247601ad11a-groupManagement] INFO  server.RaftServerConfigKeys (ConfUtils.java:logGet(46)) - raft.server.rpc.sleep.time = 25ms (default)
2023-12-19 18:18:00,779 [e7599229-5a8e-48b0-86e7-2247601ad11a-groupManagement] INFO  server.RaftServerConfigKeys (ConfUtils.java:logGet(46)) - raft.server.rpc.slowness.timeout = 300s (custom)
2023-12-19 18:18:00,779 [e7599229-5a8e-48b0-86e7-2247601ad11a-groupManagement] INFO  server.RaftServerConfigKeys (ConfUtils.java:logGet(46)) - raft.server.leaderelection.leader.step-down.wait-time = 10s (default)
2023-12-19 18:18:00,779 [e7599229-5a8e-48b0-86e7-2247601ad11a-groupManagement] INFO  server.RaftServerConfigKeys (ConfUtils.java:logGet(46)) - raft.server.leaderelection.member.majority-add = false (default)
2023-12-19 18:18:00,779 [e7599229-5a8e-48b0-86e7-2247601ad11a-groupManagement] INFO  server.RaftServerConfigKeys (ConfUtils.java:logGet(46)) - raft.server.sleep.deviation.threshold = 300ms (default)
2023-12-19 18:18:00,779 [e7599229-5a8e-48b0-86e7-2247601ad11a-groupManagement] INFO  server.RaftServer$Division (ServerState.java:<init>(113)) - e7599229-5a8e-48b0-86e7-2247601ad11a@group-03BA1C6394B6: ConfigurationManager, init=-1: peers:[d0e3d241-91aa-4721-8188-ae5e0af11890|10.1.0.19:15014, e7599229-5a8e-48b0-86e7-2247601ad11a|10.1.0.19:15023, a1d25c87-0c45-4075-9fe0-f0708f172712|10.1.0.19:15032]|listeners:[], old=null, confs=<EMPTY_MAP>
2023-12-19 18:18:00,779 [e7599229-5a8e-48b0-86e7-2247601ad11a-groupManagement] INFO  server.RaftServerConfigKeys (ConfUtils.java:logGet(46)) - raft.server.notification.no-leader.timeout = 300s (custom)
2023-12-19 18:18:00,780 [e7599229-5a8e-48b0-86e7-2247601ad11a-groupManagement] INFO  server.RaftServerConfigKeys (ConfUtils.java:logGet(46)) - raft.server.read.timeout = 10s (default)
2023-12-19 18:18:00,780 [e7599229-5a8e-48b0-86e7-2247601ad11a-groupManagement] INFO  server.RaftServerConfigKeys (ConfUtils.java:logGet(46)) - raft.server.retrycache.expirytime = 600000ms (custom)
2023-12-19 18:18:00,780 [e7599229-5a8e-48b0-86e7-2247601ad11a-groupManagement] INFO  server.RaftServerConfigKeys (ConfUtils.java:logGet(46)) - raft.server.retrycache.statistics.expirytime = 100ms (default)
2023-12-19 18:18:00,780 [e7599229-5a8e-48b0-86e7-2247601ad11a-groupManagement] INFO  server.RaftServerConfigKeys (ConfUtils.java:logGet(46)) - raft.server.read.option = DEFAULT (default)
2023-12-19 18:18:00,780 [e7599229-5a8e-48b0-86e7-2247601ad11a-groupManagement] INFO  server.RaftServerConfigKeys (ConfUtils.java:logGet(46)) - raft.server.read.read-after-write-consistent.write-index-cache.expiry-time = 60s (default)
2023-12-19 18:18:00,800 [f3699da5-7632-4885-9efe-d79f82e47143-groupManagement] INFO  server.RaftServerConfigKeys (ConfUtils.java:logGet(46)) - raft.server.log.segment.size.max = 67108864 (custom)
2023-12-19 18:18:00,804 [f3699da5-7632-4885-9efe-d79f82e47143-groupManagement] INFO  server.RaftServerConfigKeys (ConfUtils.java:logGet(46)) - raft.server.log.segment.cache.num.max = 2 (custom)
2023-12-19 18:18:00,805 [f3699da5-7632-4885-9efe-d79f82e47143-groupManagement] INFO  server.RaftServerConfigKeys (ConfUtils.java:logGet(46)) - raft.server.log.segment.cache.size.max = 200MB (=209715200) (default)
2023-12-19 18:18:00,805 [f3699da5-7632-4885-9efe-d79f82e47143-groupManagement] INFO  server.RaftServerConfigKeys (ConfUtils.java:logGet(46)) - raft.server.log.appender.buffer.byte-limit = 8388608 (custom)
2023-12-19 18:18:00,805 [f3699da5-7632-4885-9efe-d79f82e47143-groupManagement] INFO  util.AwaitToRun (AwaitToRun.java:start(81)) - Thread[f3699da5-7632-4885-9efe-d79f82e47143@group-7AE7D8FC9C99-cacheEviction-AwaitToRun,5,main] started
2023-12-19 18:18:00,805 [f3699da5-7632-4885-9efe-d79f82e47143-groupManagement] INFO  segmented.SegmentedRaftLogWorker (SegmentedRaftLogWorker.java:<init>(184)) - new f3699da5-7632-4885-9efe-d79f82e47143@group-7AE7D8FC9C99-SegmentedRaftLogWorker for RaftStorageImpl:Storage Directory /home/runner/work/ozone/ozone/hadoop-ozone/integration-test/target/test-dir/MiniOzoneClusterImpl-c3f67427-b36b-4ee4-bde0-91623ce58163/datanode-5/data/ratis/2b9c3983-02a5-42a9-9f64-7ae7d8fc9c99
2023-12-19 18:18:00,805 [f3699da5-7632-4885-9efe-d79f82e47143-groupManagement] INFO  server.RaftServerConfigKeys (ConfUtils.java:logGet(46)) - raft.server.log.queue.byte-limit = 4294967296 (custom)
2023-12-19 18:18:00,805 [f3699da5-7632-4885-9efe-d79f82e47143-groupManagement] INFO  server.RaftServerConfigKeys (ConfUtils.java:logGet(46)) - raft.server.log.queue.element-limit = 1024 (custom)
2023-12-19 18:18:00,805 [f3699da5-7632-4885-9efe-d79f82e47143-groupManagement] INFO  server.RaftServerConfigKeys (ConfUtils.java:logGet(46)) - raft.server.log.segment.size.max = 67108864 (custom)
2023-12-19 18:18:00,805 [f3699da5-7632-4885-9efe-d79f82e47143-groupManagement] INFO  server.RaftServerConfigKeys (ConfUtils.java:logGet(46)) - raft.server.log.preallocated.size = 4194304 (custom)
2023-12-19 18:18:00,805 [f3699da5-7632-4885-9efe-d79f82e47143-groupManagement] INFO  server.RaftServerConfigKeys (ConfUtils.java:logGet(46)) - raft.server.log.force.sync.num = 128 (default)
2023-12-19 18:18:00,805 [f3699da5-7632-4885-9efe-d79f82e47143-groupManagement] INFO  server.RaftServerConfigKeys (ConfUtils.java:logGet(46)) - raft.server.log.statemachine.data.sync = true (default)
2023-12-19 18:18:00,805 [f3699da5-7632-4885-9efe-d79f82e47143-groupManagement] INFO  server.RaftServerConfigKeys (ConfUtils.java:logGet(46)) - raft.server.log.statemachine.data.sync.timeout = 10s (default)
2023-12-19 18:18:00,806 [f3699da5-7632-4885-9efe-d79f82e47143-groupManagement] INFO  server.RaftServerConfigKeys (ConfUtils.java:logGet(46)) - raft.server.log.statemachine.data.sync.timeout.retry = 0 (custom)
2023-12-19 18:18:00,809 [d0e3d241-91aa-4721-8188-ae5e0af11890-groupManagement] INFO  server.RaftServerConfigKeys (ConfUtils.java:logGet(46)) - raft.server.rpc.request.timeout = 60s (custom)
2023-12-19 18:18:00,809 [d0e3d241-91aa-4721-8188-ae5e0af11890-groupManagement] INFO  server.RaftServerConfigKeys (ConfUtils.java:logGet(46)) - raft.server.log.appender.install.snapshot.enabled = false (custom)
2023-12-19 18:18:00,809 [d0e3d241-91aa-4721-8188-ae5e0af11890-groupManagement] INFO  server.RaftServerConfigKeys (ConfUtils.java:logGet(46)) - raft.server.threadpool.server.cached = true (default)
2023-12-19 18:18:00,809 [d0e3d241-91aa-4721-8188-ae5e0af11890-groupManagement] INFO  server.RaftServerConfigKeys (ConfUtils.java:logGet(46)) - raft.server.threadpool.server.size = 0 (default)
2023-12-19 18:18:00,809 [d0e3d241-91aa-4721-8188-ae5e0af11890-groupManagement] INFO  server.RaftServerConfigKeys (ConfUtils.java:logGet(46)) - raft.server.threadpool.client.cached = true (default)
2023-12-19 18:18:00,809 [d0e3d241-91aa-4721-8188-ae5e0af11890-groupManagement] INFO  server.RaftServerConfigKeys (ConfUtils.java:logGet(46)) - raft.server.threadpool.client.size = 0 (default)
2023-12-19 18:18:00,809 [d0e3d241-91aa-4721-8188-ae5e0af11890-groupManagement] INFO  server.RaftServerConfigKeys (ConfUtils.java:logGet(46)) - raft.server.storage.free-space.min = 0MB (=0) (default)
2023-12-19 18:18:00,809 [d0e3d241-91aa-4721-8188-ae5e0af11890-groupManagement] INFO  server.RaftServerConfigKeys (ConfUtils.java:logGet(46)) - raft.server.log.corruption.policy = EXCEPTION (default)
2023-12-19 18:18:00,809 [d0e3d241-91aa-4721-8188-ae5e0af11890-groupManagement] INFO  server.RaftServerConfigKeys (ConfUtils.java:logGet(46)) - raft.server.storage.dir = [/home/runner/work/ozone/ozone/hadoop-ozone/integration-test/target/test-dir/MiniOzoneClusterImpl-c3f67427-b36b-4ee4-bde0-91623ce58163/datanode-0/data/ratis] (custom)
2023-12-19 18:18:00,810 [d0e3d241-91aa-4721-8188-ae5e0af11890-groupManagement] INFO  storage.RaftStorageDirectory (RaftStorageDirectoryImpl.java:analyzeStorage(138)) - The storage directory /home/runner/work/ozone/ozone/hadoop-ozone/integration-test/target/test-dir/MiniOzoneClusterImpl-c3f67427-b36b-4ee4-bde0-91623ce58163/datanode-0/data/ratis/9f61989e-7be0-4f12-963c-03ba1c6394b6 does not exist. Creating ...
2023-12-19 18:18:00,811 [d0e3d241-91aa-4721-8188-ae5e0af11890-groupManagement] INFO  storage.RaftStorageDirectory (RaftStorageDirectoryImpl.java:tryLock(232)) - Lock on /home/runner/work/ozone/ozone/hadoop-ozone/integration-test/target/test-dir/MiniOzoneClusterImpl-c3f67427-b36b-4ee4-bde0-91623ce58163/datanode-0/data/ratis/9f61989e-7be0-4f12-963c-03ba1c6394b6/in_use.lock acquired by nodename 34604@fv-az1381-513
2023-12-19 18:18:00,811 [f3699da5-7632-4885-9efe-d79f82e47143-groupManagement] INFO  server.RaftServerConfigKeys (ConfUtils.java:logGet(46)) - raft.server.log.write.buffer.size = 8388616 (custom)
2023-12-19 18:18:00,812 [d0e3d241-91aa-4721-8188-ae5e0af11890-groupManagement] INFO  storage.RaftStorage (RaftStorageImpl.java:format(97)) - Storage directory /home/runner/work/ozone/ozone/hadoop-ozone/integration-test/target/test-dir/MiniOzoneClusterImpl-c3f67427-b36b-4ee4-bde0-91623ce58163/datanode-0/data/ratis/9f61989e-7be0-4f12-963c-03ba1c6394b6 has been successfully formatted.
2023-12-19 18:18:00,813 [d0e3d241-91aa-4721-8188-ae5e0af11890-groupManagement] INFO  ratis.ContainerStateMachine (ContainerStateMachine.java:loadSnapshot(287)) - group-03BA1C6394B6: The snapshot info is null. Setting the last applied indexto:(t:0, i:~)
2023-12-19 18:18:00,814 [d0e3d241-91aa-4721-8188-ae5e0af11890-groupManagement] INFO  server.RaftServerConfigKeys (ConfUtils.java:logGet(46)) - raft.server.log.use.memory = false (default)
2023-12-19 18:18:00,814 [d0e3d241-91aa-4721-8188-ae5e0af11890-groupManagement] INFO  server.RaftServerConfigKeys (ConfUtils.java:logGet(46)) - raft.server.log.purge.gap = 1000000 (custom)
2023-12-19 18:18:00,814 [a1d25c87-0c45-4075-9fe0-f0708f172712-groupManagement] INFO  server.RaftServerConfigKeys (ConfUtils.java:logGet(46)) - raft.server.rpc.request.timeout = 60s (custom)
2023-12-19 18:18:00,814 [a1d25c87-0c45-4075-9fe0-f0708f172712-groupManagement] INFO  server.RaftServerConfigKeys (ConfUtils.java:logGet(46)) - raft.server.log.appender.install.snapshot.enabled = false (custom)
2023-12-19 18:18:00,814 [a1d25c87-0c45-4075-9fe0-f0708f172712-groupManagement] INFO  server.RaftServerConfigKeys (ConfUtils.java:logGet(46)) - raft.server.threadpool.server.cached = true (default)
2023-12-19 18:18:00,814 [a1d25c87-0c45-4075-9fe0-f0708f172712-groupManagement] INFO  server.RaftServerConfigKeys (ConfUtils.java:logGet(46)) - raft.server.threadpool.server.size = 0 (default)
2023-12-19 18:18:00,814 [a1d25c87-0c45-4075-9fe0-f0708f172712-groupManagement] INFO  server.RaftServerConfigKeys (ConfUtils.java:logGet(46)) - raft.server.threadpool.client.cached = true (default)
2023-12-19 18:18:00,814 [a1d25c87-0c45-4075-9fe0-f0708f172712-groupManagement] INFO  server.RaftServerConfigKeys (ConfUtils.java:logGet(46)) - raft.server.threadpool.client.size = 0 (default)
2023-12-19 18:18:00,814 [a1d25c87-0c45-4075-9fe0-f0708f172712-groupManagement] INFO  server.RaftServerConfigKeys (ConfUtils.java:logGet(46)) - raft.server.storage.free-space.min = 0MB (=0) (default)
2023-12-19 18:18:00,814 [a1d25c87-0c45-4075-9fe0-f0708f172712-groupManagement] INFO  server.RaftServerConfigKeys (ConfUtils.java:logGet(46)) - raft.server.log.corruption.policy = EXCEPTION (default)
2023-12-19 18:18:00,815 [a1d25c87-0c45-4075-9fe0-f0708f172712-groupManagement] INFO  server.RaftServerConfigKeys (ConfUtils.java:logGet(46)) - raft.server.storage.dir = [/home/runner/work/ozone/ozone/hadoop-ozone/integration-test/target/test-dir/MiniOzoneClusterImpl-c3f67427-b36b-4ee4-bde0-91623ce58163/datanode-2/data/ratis] (custom)
2023-12-19 18:18:00,815 [a1d25c87-0c45-4075-9fe0-f0708f172712-groupManagement] INFO  storage.RaftStorageDirectory (RaftStorageDirectoryImpl.java:analyzeStorage(138)) - The storage directory /home/runner/work/ozone/ozone/hadoop-ozone/integration-test/target/test-dir/MiniOzoneClusterImpl-c3f67427-b36b-4ee4-bde0-91623ce58163/datanode-2/data/ratis/9f61989e-7be0-4f12-963c-03ba1c6394b6 does not exist. Creating ...
2023-12-19 18:18:00,815 [EventQueue-OpenPipelineForHealthyPipelineSafeModeRule] INFO  safemode.SCMSafeModeManager (HealthyPipelineSafeModeRule.java:process(140)) - SCM in safe mode. Healthy pipelines reported count is 0, required healthy pipeline reported count is 1
2023-12-19 18:18:00,816 [a1d25c87-0c45-4075-9fe0-f0708f172712-groupManagement] INFO  storage.RaftStorageDirectory (RaftStorageDirectoryImpl.java:tryLock(232)) - Lock on /home/runner/work/ozone/ozone/hadoop-ozone/integration-test/target/test-dir/MiniOzoneClusterImpl-c3f67427-b36b-4ee4-bde0-91623ce58163/datanode-2/data/ratis/9f61989e-7be0-4f12-963c-03ba1c6394b6/in_use.lock acquired by nodename 34604@fv-az1381-513
2023-12-19 18:18:00,813 [f3699da5-7632-4885-9efe-d79f82e47143-groupManagement] INFO  server.RaftServerConfigKeys (ConfUtils.java:logGet(46)) - raft.server.log.appender.buffer.byte-limit = 8388608 (custom)
2023-12-19 18:18:00,818 [a1d25c87-0c45-4075-9fe0-f0708f172712-groupManagement] INFO  storage.RaftStorage (RaftStorageImpl.java:format(97)) - Storage directory /home/runner/work/ozone/ozone/hadoop-ozone/integration-test/target/test-dir/MiniOzoneClusterImpl-c3f67427-b36b-4ee4-bde0-91623ce58163/datanode-2/data/ratis/9f61989e-7be0-4f12-963c-03ba1c6394b6 has been successfully formatted.
2023-12-19 18:18:00,818 [e7599229-5a8e-48b0-86e7-2247601ad11a-groupManagement] INFO  server.RaftServerConfigKeys (ConfUtils.java:logGet(46)) - raft.server.rpc.request.timeout = 60s (custom)
2023-12-19 18:18:00,819 [e7599229-5a8e-48b0-86e7-2247601ad11a-groupManagement] INFO  server.RaftServerConfigKeys (ConfUtils.java:logGet(46)) - raft.server.log.appender.install.snapshot.enabled = false (custom)
2023-12-19 18:18:00,819 [e7599229-5a8e-48b0-86e7-2247601ad11a-groupManagement] INFO  server.RaftServerConfigKeys (ConfUtils.java:logGet(46)) - raft.server.threadpool.server.cached = true (default)
2023-12-19 18:18:00,819 [e7599229-5a8e-48b0-86e7-2247601ad11a-groupManagement] INFO  server.RaftServerConfigKeys (ConfUtils.java:logGet(46)) - raft.server.threadpool.server.size = 0 (default)
2023-12-19 18:18:00,819 [e7599229-5a8e-48b0-86e7-2247601ad11a-groupManagement] INFO  server.RaftServerConfigKeys (ConfUtils.java:logGet(46)) - raft.server.threadpool.client.cached = true (default)
2023-12-19 18:18:00,819 [e7599229-5a8e-48b0-86e7-2247601ad11a-groupManagement] INFO  server.RaftServerConfigKeys (ConfUtils.java:logGet(46)) - raft.server.threadpool.client.size = 0 (default)
2023-12-19 18:18:00,819 [e7599229-5a8e-48b0-86e7-2247601ad11a-groupManagement] INFO  server.RaftServerConfigKeys (ConfUtils.java:logGet(46)) - raft.server.storage.free-space.min = 0MB (=0) (default)
2023-12-19 18:18:00,819 [e7599229-5a8e-48b0-86e7-2247601ad11a-groupManagement] INFO  server.RaftServerConfigKeys (ConfUtils.java:logGet(46)) - raft.server.log.corruption.policy = EXCEPTION (default)
2023-12-19 18:18:00,819 [e7599229-5a8e-48b0-86e7-2247601ad11a-groupManagement] INFO  server.RaftServerConfigKeys (ConfUtils.java:logGet(46)) - raft.server.storage.dir = [/home/runner/work/ozone/ozone/hadoop-ozone/integration-test/target/test-dir/MiniOzoneClusterImpl-c3f67427-b36b-4ee4-bde0-91623ce58163/datanode-1/data/ratis] (custom)
2023-12-19 18:18:00,820 [b44d76fe-ddfd-47c8-8f4d-0e79dfcb9ca5-groupManagement] INFO  server.RaftServerConfigKeys (ConfUtils.java:logGet(46)) - raft.server.rpc.request.timeout = 60s (custom)
2023-12-19 18:18:00,820 [b44d76fe-ddfd-47c8-8f4d-0e79dfcb9ca5-groupManagement] INFO  server.RaftServerConfigKeys (ConfUtils.java:logGet(46)) - raft.server.log.appender.install.snapshot.enabled = false (custom)
2023-12-19 18:18:00,820 [b44d76fe-ddfd-47c8-8f4d-0e79dfcb9ca5-groupManagement] INFO  server.RaftServerConfigKeys (ConfUtils.java:logGet(46)) - raft.server.threadpool.server.cached = true (default)
2023-12-19 18:18:00,820 [b44d76fe-ddfd-47c8-8f4d-0e79dfcb9ca5-groupManagement] INFO  server.RaftServerConfigKeys (ConfUtils.java:logGet(46)) - raft.server.threadpool.server.size = 0 (default)
2023-12-19 18:18:00,820 [b44d76fe-ddfd-47c8-8f4d-0e79dfcb9ca5-groupManagement] INFO  server.RaftServerConfigKeys (ConfUtils.java:logGet(46)) - raft.server.threadpool.client.cached = true (default)
2023-12-19 18:18:00,820 [b44d76fe-ddfd-47c8-8f4d-0e79dfcb9ca5-groupManagement] INFO  server.RaftServerConfigKeys (ConfUtils.java:logGet(46)) - raft.server.threadpool.client.size = 0 (default)
2023-12-19 18:18:00,814 [d0e3d241-91aa-4721-8188-ae5e0af11890-groupManagement] INFO  server.RaftServerConfigKeys (ConfUtils.java:logGet(46)) - raft.server.log.appender.buffer.byte-limit = 8388608 (custom)
2023-12-19 18:18:00,820 [b44d76fe-ddfd-47c8-8f4d-0e79dfcb9ca5-groupManagement] INFO  server.RaftServerConfigKeys (ConfUtils.java:logGet(46)) - raft.server.storage.free-space.min = 0MB (=0) (default)
2023-12-19 18:18:00,820 [b44d76fe-ddfd-47c8-8f4d-0e79dfcb9ca5-groupManagement] INFO  server.RaftServerConfigKeys (ConfUtils.java:logGet(46)) - raft.server.log.corruption.policy = EXCEPTION (default)
2023-12-19 18:18:00,820 [b44d76fe-ddfd-47c8-8f4d-0e79dfcb9ca5-groupManagement] INFO  server.RaftServerConfigKeys (ConfUtils.java:logGet(46)) - raft.server.storage.dir = [/home/runner/work/ozone/ozone/hadoop-ozone/integration-test/target/test-dir/MiniOzoneClusterImpl-c3f67427-b36b-4ee4-bde0-91623ce58163/datanode-4/data/ratis] (custom)
2023-12-19 18:18:00,820 [a1d25c87-0c45-4075-9fe0-f0708f172712-groupManagement] INFO  ratis.ContainerStateMachine (ContainerStateMachine.java:loadSnapshot(287)) - group-03BA1C6394B6: The snapshot info is null. Setting the last applied indexto:(t:0, i:~)
2023-12-19 18:18:00,820 [d0e3d241-91aa-4721-8188-ae5e0af11890-groupManagement] INFO  server.RaftServerConfigKeys (ConfUtils.java:logGet(46)) - raft.server.log.statemachine.data.read.timeout = 1000ms (default)
2023-12-19 18:18:00,821 [d0e3d241-91aa-4721-8188-ae5e0af11890-groupManagement] INFO  server.RaftServerConfigKeys (ConfUtils.java:logGet(46)) - raft.server.log.purge.preservation.log.num = 0 (default)
2023-12-19 18:18:00,821 [b44d76fe-ddfd-47c8-8f4d-0e79dfcb9ca5-groupManagement] INFO  storage.RaftStorageDirectory (RaftStorageDirectoryImpl.java:analyzeStorage(138)) - The storage directory /home/runner/work/ozone/ozone/hadoop-ozone/integration-test/target/test-dir/MiniOzoneClusterImpl-c3f67427-b36b-4ee4-bde0-91623ce58163/datanode-4/data/ratis/0d41620a-3cbb-499e-b93b-0fc0af6d08e6 does not exist. Creating ...
2023-12-19 18:18:00,820 [EventQueue-OpenPipelineForHealthyPipelineSafeModeRule] INFO  safemode.SCMSafeModeManager (HealthyPipelineSafeModeRule.java:process(140)) - SCM in safe mode. Healthy pipelines reported count is 0, required healthy pipeline reported count is 1
2023-12-19 18:18:00,821 [a1d25c87-0c45-4075-9fe0-f0708f172712-groupManagement] INFO  server.RaftServerConfigKeys (ConfUtils.java:logGet(46)) - raft.server.log.use.memory = false (default)
2023-12-19 18:18:00,821 [a1d25c87-0c45-4075-9fe0-f0708f172712-groupManagement] INFO  server.RaftServerConfigKeys (ConfUtils.java:logGet(46)) - raft.server.log.purge.gap = 1000000 (custom)
2023-12-19 18:18:00,821 [a1d25c87-0c45-4075-9fe0-f0708f172712-groupManagement] INFO  server.RaftServerConfigKeys (ConfUtils.java:logGet(46)) - raft.server.log.appender.buffer.byte-limit = 8388608 (custom)
2023-12-19 18:18:00,821 [a1d25c87-0c45-4075-9fe0-f0708f172712-groupManagement] INFO  server.RaftServerConfigKeys (ConfUtils.java:logGet(46)) - raft.server.log.statemachine.data.read.timeout = 1000ms (default)
2023-12-19 18:18:00,821 [a1d25c87-0c45-4075-9fe0-f0708f172712-groupManagement] INFO  server.RaftServerConfigKeys (ConfUtils.java:logGet(46)) - raft.server.log.purge.preservation.log.num = 0 (default)
2023-12-19 18:18:00,822 [b44d76fe-ddfd-47c8-8f4d-0e79dfcb9ca5-groupManagement] INFO  storage.RaftStorageDirectory (RaftStorageDirectoryImpl.java:tryLock(232)) - Lock on /home/runner/work/ozone/ozone/hadoop-ozone/integration-test/target/test-dir/MiniOzoneClusterImpl-c3f67427-b36b-4ee4-bde0-91623ce58163/datanode-4/data/ratis/0d41620a-3cbb-499e-b93b-0fc0af6d08e6/in_use.lock acquired by nodename 34604@fv-az1381-513
2023-12-19 18:18:00,823 [f3699da5-7632-4885-9efe-d79f82e47143-groupManagement] INFO  server.RaftServerConfigKeys (ConfUtils.java:logGet(46)) - raft.server.log.unsafe-flush.enabled = false (default)
2023-12-19 18:18:00,825 [f3699da5-7632-4885-9efe-d79f82e47143-groupManagement] INFO  server.RaftServerConfigKeys (ConfUtils.java:logGet(46)) - raft.server.log.async-flush.enabled = false (default)
2023-12-19 18:18:00,825 [f3699da5-7632-4885-9efe-d79f82e47143-groupManagement] INFO  server.RaftServerConfigKeys (ConfUtils.java:logGet(46)) - raft.server.log.statemachine.data.caching.enabled = true (custom)
2023-12-19 18:18:00,824 [e7599229-5a8e-48b0-86e7-2247601ad11a-groupManagement] INFO  storage.RaftStorageDirectory (RaftStorageDirectoryImpl.java:analyzeStorage(138)) - The storage directory /home/runner/work/ozone/ozone/hadoop-ozone/integration-test/target/test-dir/MiniOzoneClusterImpl-c3f67427-b36b-4ee4-bde0-91623ce58163/datanode-1/data/ratis/9f61989e-7be0-4f12-963c-03ba1c6394b6 does not exist. Creating ...
2023-12-19 18:18:00,824 [d0e3d241-91aa-4721-8188-ae5e0af11890-groupManagement] INFO  server.RaftServerConfigKeys (ConfUtils.java:logGet(46)) - raft.server.log.segment.size.max = 67108864 (custom)
2023-12-19 18:18:00,826 [d0e3d241-91aa-4721-8188-ae5e0af11890-groupManagement] INFO  server.RaftServerConfigKeys (ConfUtils.java:logGet(46)) - raft.server.log.segment.cache.num.max = 2 (custom)
2023-12-19 18:18:00,826 [d0e3d241-91aa-4721-8188-ae5e0af11890-groupManagement] INFO  server.RaftServerConfigKeys (ConfUtils.java:logGet(46)) - raft.server.log.segment.cache.size.max = 200MB (=209715200) (default)
2023-12-19 18:18:00,827 [d0e3d241-91aa-4721-8188-ae5e0af11890-groupManagement] INFO  server.RaftServerConfigKeys (ConfUtils.java:logGet(46)) - raft.server.log.appender.buffer.byte-limit = 8388608 (custom)
2023-12-19 18:18:00,826 [f3699da5-7632-4885-9efe-d79f82e47143-groupManagement] INFO  segmented.SegmentedRaftLogWorker (SegmentedRaftLogWorker.java:lambda$new$0(135)) - f3699da5-7632-4885-9efe-d79f82e47143@group-7AE7D8FC9C99-SegmentedRaftLogWorker: flushIndex: setUnconditionally 0 -> -1
2023-12-19 18:18:00,827 [f3699da5-7632-4885-9efe-d79f82e47143-groupManagement] INFO  segmented.SegmentedRaftLogWorker (SegmentedRaftLogWorker.java:lambda$new$0(135)) - f3699da5-7632-4885-9efe-d79f82e47143@group-7AE7D8FC9C99-SegmentedRaftLogWorker: safeCacheEvictIndex: setUnconditionally 0 -> -1
2023-12-19 18:18:00,828 [e7599229-5a8e-48b0-86e7-2247601ad11a-groupManagement] INFO  storage.RaftStorageDirectory (RaftStorageDirectoryImpl.java:tryLock(232)) - Lock on /home/runner/work/ozone/ozone/hadoop-ozone/integration-test/target/test-dir/MiniOzoneClusterImpl-c3f67427-b36b-4ee4-bde0-91623ce58163/datanode-1/data/ratis/9f61989e-7be0-4f12-963c-03ba1c6394b6/in_use.lock acquired by nodename 34604@fv-az1381-513
2023-12-19 18:18:00,828 [b44d76fe-ddfd-47c8-8f4d-0e79dfcb9ca5-groupManagement] INFO  storage.RaftStorage (RaftStorageImpl.java:format(97)) - Storage directory /home/runner/work/ozone/ozone/hadoop-ozone/integration-test/target/test-dir/MiniOzoneClusterImpl-c3f67427-b36b-4ee4-bde0-91623ce58163/datanode-4/data/ratis/0d41620a-3cbb-499e-b93b-0fc0af6d08e6 has been successfully formatted.
2023-12-19 18:18:00,829 [a1d25c87-0c45-4075-9fe0-f0708f172712-groupManagement] INFO  server.RaftServerConfigKeys (ConfUtils.java:logGet(46)) - raft.server.log.segment.size.max = 67108864 (custom)
2023-12-19 18:18:00,829 [a1d25c87-0c45-4075-9fe0-f0708f172712-groupManagement] INFO  server.RaftServerConfigKeys (ConfUtils.java:logGet(46)) - raft.server.log.segment.cache.num.max = 2 (custom)
2023-12-19 18:18:00,829 [a1d25c87-0c45-4075-9fe0-f0708f172712-groupManagement] INFO  server.RaftServerConfigKeys (ConfUtils.java:logGet(46)) - raft.server.log.segment.cache.size.max = 200MB (=209715200) (default)
2023-12-19 18:18:00,829 [a1d25c87-0c45-4075-9fe0-f0708f172712-groupManagement] INFO  server.RaftServerConfigKeys (ConfUtils.java:logGet(46)) - raft.server.log.appender.buffer.byte-limit = 8388608 (custom)
2023-12-19 18:18:00,830 [e7599229-5a8e-48b0-86e7-2247601ad11a-groupManagement] INFO  storage.RaftStorage (RaftStorageImpl.java:format(97)) - Storage directory /home/runner/work/ozone/ozone/hadoop-ozone/integration-test/target/test-dir/MiniOzoneClusterImpl-c3f67427-b36b-4ee4-bde0-91623ce58163/datanode-1/data/ratis/9f61989e-7be0-4f12-963c-03ba1c6394b6 has been successfully formatted.
2023-12-19 18:18:00,830 [d0e3d241-91aa-4721-8188-ae5e0af11890-groupManagement] INFO  util.AwaitToRun (AwaitToRun.java:start(81)) - Thread[d0e3d241-91aa-4721-8188-ae5e0af11890@group-03BA1C6394B6-cacheEviction-AwaitToRun,5,main] started
2023-12-19 18:18:00,830 [d0e3d241-91aa-4721-8188-ae5e0af11890-groupManagement] INFO  segmented.SegmentedRaftLogWorker (SegmentedRaftLogWorker.java:<init>(184)) - new d0e3d241-91aa-4721-8188-ae5e0af11890@group-03BA1C6394B6-SegmentedRaftLogWorker for RaftStorageImpl:Storage Directory /home/runner/work/ozone/ozone/hadoop-ozone/integration-test/target/test-dir/MiniOzoneClusterImpl-c3f67427-b36b-4ee4-bde0-91623ce58163/datanode-0/data/ratis/9f61989e-7be0-4f12-963c-03ba1c6394b6
2023-12-19 18:18:00,830 [d0e3d241-91aa-4721-8188-ae5e0af11890-groupManagement] INFO  server.RaftServerConfigKeys (ConfUtils.java:logGet(46)) - raft.server.log.queue.byte-limit = 4294967296 (custom)
2023-12-19 18:18:00,830 [d0e3d241-91aa-4721-8188-ae5e0af11890-groupManagement] INFO  server.RaftServerConfigKeys (ConfUtils.java:logGet(46)) - raft.server.log.queue.element-limit = 1024 (custom)
2023-12-19 18:18:00,830 [d0e3d241-91aa-4721-8188-ae5e0af11890-groupManagement] INFO  server.RaftServerConfigKeys (ConfUtils.java:logGet(46)) - raft.server.log.segment.size.max = 67108864 (custom)
2023-12-19 18:18:00,830 [d0e3d241-91aa-4721-8188-ae5e0af11890-groupManagement] INFO  server.RaftServerConfigKeys (ConfUtils.java:logGet(46)) - raft.server.log.preallocated.size = 4194304 (custom)
2023-12-19 18:18:00,830 [e7599229-5a8e-48b0-86e7-2247601ad11a-groupManagement] INFO  ratis.ContainerStateMachine (ContainerStateMachine.java:loadSnapshot(287)) - group-03BA1C6394B6: The snapshot info is null. Setting the last applied indexto:(t:0, i:~)
2023-12-19 18:18:00,831 [d0e3d241-91aa-4721-8188-ae5e0af11890-groupManagement] INFO  server.RaftServerConfigKeys (ConfUtils.java:logGet(46)) - raft.server.log.force.sync.num = 128 (default)
2023-12-19 18:18:00,831 [d0e3d241-91aa-4721-8188-ae5e0af11890-groupManagement] INFO  server.RaftServerConfigKeys (ConfUtils.java:logGet(46)) - raft.server.log.statemachine.data.sync = true (default)
2023-12-19 18:18:00,831 [d0e3d241-91aa-4721-8188-ae5e0af11890-groupManagement] INFO  server.RaftServerConfigKeys (ConfUtils.java:logGet(46)) - raft.server.log.statemachine.data.sync.timeout = 10s (default)
2023-12-19 18:18:00,831 [d0e3d241-91aa-4721-8188-ae5e0af11890-groupManagement] INFO  server.RaftServerConfigKeys (ConfUtils.java:logGet(46)) - raft.server.log.statemachine.data.sync.timeout.retry = 0 (custom)
2023-12-19 18:18:00,831 [d0e3d241-91aa-4721-8188-ae5e0af11890-groupManagement] INFO  server.RaftServerConfigKeys (ConfUtils.java:logGet(46)) - raft.server.log.write.buffer.size = 8388616 (custom)
2023-12-19 18:18:00,832 [EventQueue-OpenPipelineForHealthyPipelineSafeModeRule] INFO  safemode.SCMSafeModeManager (HealthyPipelineSafeModeRule.java:process(140)) - SCM in safe mode. Healthy pipelines reported count is 0, required healthy pipeline reported count is 1
2023-12-19 18:18:00,833 [d0e3d241-91aa-4721-8188-ae5e0af11890-groupManagement] INFO  server.RaftServerConfigKeys (ConfUtils.java:logGet(46)) - raft.server.log.appender.buffer.byte-limit = 8388608 (custom)
2023-12-19 18:18:00,834 [d0e3d241-91aa-4721-8188-ae5e0af11890-groupManagement] INFO  server.RaftServerConfigKeys (ConfUtils.java:logGet(46)) - raft.server.log.unsafe-flush.enabled = false (default)
2023-12-19 18:18:00,834 [d0e3d241-91aa-4721-8188-ae5e0af11890-groupManagement] INFO  server.RaftServerConfigKeys (ConfUtils.java:logGet(46)) - raft.server.log.async-flush.enabled = false (default)
2023-12-19 18:18:00,835 [d0e3d241-91aa-4721-8188-ae5e0af11890-groupManagement] INFO  server.RaftServerConfigKeys (ConfUtils.java:logGet(46)) - raft.server.log.statemachine.data.caching.enabled = true (custom)
2023-12-19 18:18:00,835 [d0e3d241-91aa-4721-8188-ae5e0af11890-groupManagement] INFO  segmented.SegmentedRaftLogWorker (SegmentedRaftLogWorker.java:lambda$new$0(135)) - d0e3d241-91aa-4721-8188-ae5e0af11890@group-03BA1C6394B6-SegmentedRaftLogWorker: flushIndex: setUnconditionally 0 -> -1
2023-12-19 18:18:00,835 [d0e3d241-91aa-4721-8188-ae5e0af11890-groupManagement] INFO  segmented.SegmentedRaftLogWorker (SegmentedRaftLogWorker.java:lambda$new$0(135)) - d0e3d241-91aa-4721-8188-ae5e0af11890@group-03BA1C6394B6-SegmentedRaftLogWorker: safeCacheEvictIndex: setUnconditionally 0 -> -1
2023-12-19 18:18:00,836 [d0e3d241-91aa-4721-8188-ae5e0af11890-groupManagement] INFO  server.RaftServer$Division (RaftServerImpl.java:start(392)) - d0e3d241-91aa-4721-8188-ae5e0af11890@group-03BA1C6394B6: start as a follower, conf=-1: peers:[d0e3d241-91aa-4721-8188-ae5e0af11890|10.1.0.19:15014, e7599229-5a8e-48b0-86e7-2247601ad11a|10.1.0.19:15023, a1d25c87-0c45-4075-9fe0-f0708f172712|10.1.0.19:15032]|listeners:[], old=null
2023-12-19 18:18:00,836 [d0e3d241-91aa-4721-8188-ae5e0af11890-groupManagement] INFO  server.RaftServer$Division (RaftServerImpl.java:setRole(379)) - d0e3d241-91aa-4721-8188-ae5e0af11890@group-03BA1C6394B6: changes role from      null to FOLLOWER at term 0 for startAsFollower
2023-12-19 18:18:00,837 [d0e3d241-91aa-4721-8188-ae5e0af11890-groupManagement] INFO  impl.RoleInfo (RoleInfo.java:updateAndGet(139)) - d0e3d241-91aa-4721-8188-ae5e0af11890: start d0e3d241-91aa-4721-8188-ae5e0af11890@group-03BA1C6394B6-FollowerState
2023-12-19 18:18:00,837 [e7599229-5a8e-48b0-86e7-2247601ad11a-groupManagement] INFO  server.RaftServerConfigKeys (ConfUtils.java:logGet(46)) - raft.server.log.use.memory = false (default)
2023-12-19 18:18:00,837 [e7599229-5a8e-48b0-86e7-2247601ad11a-groupManagement] INFO  server.RaftServerConfigKeys (ConfUtils.java:logGet(46)) - raft.server.log.purge.gap = 1000000 (custom)
2023-12-19 18:18:00,837 [e7599229-5a8e-48b0-86e7-2247601ad11a-groupManagement] INFO  server.RaftServerConfigKeys (ConfUtils.java:logGet(46)) - raft.server.log.appender.buffer.byte-limit = 8388608 (custom)
2023-12-19 18:18:00,837 [e7599229-5a8e-48b0-86e7-2247601ad11a-groupManagement] INFO  server.RaftServerConfigKeys (ConfUtils.java:logGet(46)) - raft.server.log.statemachine.data.read.timeout = 1000ms (default)
2023-12-19 18:18:00,837 [e7599229-5a8e-48b0-86e7-2247601ad11a-groupManagement] INFO  server.RaftServerConfigKeys (ConfUtils.java:logGet(46)) - raft.server.log.purge.preservation.log.num = 0 (default)
2023-12-19 18:18:00,837 [d0e3d241-91aa-4721-8188-ae5e0af11890@group-03BA1C6394B6-FollowerState] INFO  server.RaftServerConfigKeys (ConfUtils.java:logFallback(53)) - raft.server.rpc.first-election.timeout.min = 5s (fallback to raft.server.rpc.timeout.min)
2023-12-19 18:18:00,838 [d0e3d241-91aa-4721-8188-ae5e0af11890@group-03BA1C6394B6-FollowerState] INFO  server.RaftServerConfigKeys (ConfUtils.java:logFallback(53)) - raft.server.rpc.first-election.timeout.max = 5200ms (fallback to raft.server.rpc.timeout.max)
2023-12-19 18:18:00,840 [e7599229-5a8e-48b0-86e7-2247601ad11a-groupManagement] INFO  server.RaftServerConfigKeys (ConfUtils.java:logGet(46)) - raft.server.log.segment.size.max = 67108864 (custom)
2023-12-19 18:18:00,840 [e7599229-5a8e-48b0-86e7-2247601ad11a-groupManagement] INFO  server.RaftServerConfigKeys (ConfUtils.java:logGet(46)) - raft.server.log.segment.cache.num.max = 2 (custom)
2023-12-19 18:18:00,840 [e7599229-5a8e-48b0-86e7-2247601ad11a-groupManagement] INFO  server.RaftServerConfigKeys (ConfUtils.java:logGet(46)) - raft.server.log.segment.cache.size.max = 200MB (=209715200) (default)
2023-12-19 18:18:00,840 [e7599229-5a8e-48b0-86e7-2247601ad11a-groupManagement] INFO  server.RaftServerConfigKeys (ConfUtils.java:logGet(46)) - raft.server.log.appender.buffer.byte-limit = 8388608 (custom)
2023-12-19 18:18:00,841 [a1d25c87-0c45-4075-9fe0-f0708f172712-groupManagement] INFO  util.AwaitToRun (AwaitToRun.java:start(81)) - Thread[a1d25c87-0c45-4075-9fe0-f0708f172712@group-03BA1C6394B6-cacheEviction-AwaitToRun,5,main] started
2023-12-19 18:18:00,841 [a1d25c87-0c45-4075-9fe0-f0708f172712-groupManagement] INFO  segmented.SegmentedRaftLogWorker (SegmentedRaftLogWorker.java:<init>(184)) - new a1d25c87-0c45-4075-9fe0-f0708f172712@group-03BA1C6394B6-SegmentedRaftLogWorker for RaftStorageImpl:Storage Directory /home/runner/work/ozone/ozone/hadoop-ozone/integration-test/target/test-dir/MiniOzoneClusterImpl-c3f67427-b36b-4ee4-bde0-91623ce58163/datanode-2/data/ratis/9f61989e-7be0-4f12-963c-03ba1c6394b6
2023-12-19 18:18:00,842 [a1d25c87-0c45-4075-9fe0-f0708f172712-groupManagement] INFO  server.RaftServerConfigKeys (ConfUtils.java:logGet(46)) - raft.server.log.queue.byte-limit = 4294967296 (custom)
2023-12-19 18:18:00,842 [EventQueue-OpenPipelineForHealthyPipelineSafeModeRule] INFO  safemode.SCMSafeModeManager (HealthyPipelineSafeModeRule.java:process(140)) - SCM in safe mode. Healthy pipelines reported count is 0, required healthy pipeline reported count is 1
2023-12-19 18:18:00,846 [a1d25c87-0c45-4075-9fe0-f0708f172712-groupManagement] INFO  server.RaftServerConfigKeys (ConfUtils.java:logGet(46)) - raft.server.log.queue.element-limit = 1024 (custom)
2023-12-19 18:18:00,846 [a1d25c87-0c45-4075-9fe0-f0708f172712-groupManagement] INFO  server.RaftServerConfigKeys (ConfUtils.java:logGet(46)) - raft.server.log.segment.size.max = 67108864 (custom)
2023-12-19 18:18:00,847 [a1d25c87-0c45-4075-9fe0-f0708f172712-groupManagement] INFO  server.RaftServerConfigKeys (ConfUtils.java:logGet(46)) - raft.server.log.preallocated.size = 4194304 (custom)
2023-12-19 18:18:00,847 [a1d25c87-0c45-4075-9fe0-f0708f172712-groupManagement] INFO  server.RaftServerConfigKeys (ConfUtils.java:logGet(46)) - raft.server.log.force.sync.num = 128 (default)
2023-12-19 18:18:00,847 [a1d25c87-0c45-4075-9fe0-f0708f172712-groupManagement] INFO  server.RaftServerConfigKeys (ConfUtils.java:logGet(46)) - raft.server.log.statemachine.data.sync = true (default)
2023-12-19 18:18:00,847 [a1d25c87-0c45-4075-9fe0-f0708f172712-groupManagement] INFO  server.RaftServerConfigKeys (ConfUtils.java:logGet(46)) - raft.server.log.statemachine.data.sync.timeout = 10s (default)
2023-12-19 18:18:00,847 [a1d25c87-0c45-4075-9fe0-f0708f172712-groupManagement] INFO  server.RaftServerConfigKeys (ConfUtils.java:logGet(46)) - raft.server.log.statemachine.data.sync.timeout.retry = 0 (custom)
2023-12-19 18:18:00,848 [a1d25c87-0c45-4075-9fe0-f0708f172712-groupManagement] INFO  server.RaftServerConfigKeys (ConfUtils.java:logGet(46)) - raft.server.log.write.buffer.size = 8388616 (custom)
2023-12-19 18:18:00,837 [d0e3d241-91aa-4721-8188-ae5e0af11890-groupManagement] INFO  util.JmxRegister (JmxRegister.java:tryRegister(44)) - Successfully registered JMX Bean with object name Ratis:service=RaftServer,group=group-03BA1C6394B6,id=d0e3d241-91aa-4721-8188-ae5e0af11890
2023-12-19 18:18:00,841 [f3699da5-7632-4885-9efe-d79f82e47143-groupManagement] INFO  server.RaftServer$Division (RaftServerImpl.java:start(392)) - f3699da5-7632-4885-9efe-d79f82e47143@group-7AE7D8FC9C99: start as a follower, conf=-1: peers:[f3699da5-7632-4885-9efe-d79f82e47143|10.1.0.19:15059]|listeners:[], old=null
2023-12-19 18:18:00,848 [f3699da5-7632-4885-9efe-d79f82e47143-groupManagement] INFO  server.RaftServer$Division (RaftServerImpl.java:setRole(379)) - f3699da5-7632-4885-9efe-d79f82e47143@group-7AE7D8FC9C99: changes role from      null to FOLLOWER at term 0 for startAsFollower
2023-12-19 18:18:00,848 [d0e3d241-91aa-4721-8188-ae5e0af11890-groupManagement] INFO  server.RaftServerConfigKeys (ConfUtils.java:logGet(46)) - raft.server.snapshot.trigger-when-stop.enabled = true (default)
2023-12-19 18:18:00,848 [d0e3d241-91aa-4721-8188-ae5e0af11890-groupManagement] INFO  server.RaftServerConfigKeys (ConfUtils.java:logGet(46)) - raft.server.snapshot.auto.trigger.enabled = true (custom)
2023-12-19 18:18:00,848 [d0e3d241-91aa-4721-8188-ae5e0af11890-groupManagement] INFO  server.RaftServerConfigKeys (ConfUtils.java:logGet(46)) - raft.server.snapshot.auto.trigger.threshold = 10000 (custom)
2023-12-19 18:18:00,849 [d0e3d241-91aa-4721-8188-ae5e0af11890-groupManagement] INFO  server.RaftServerConfigKeys (ConfUtils.java:logGet(46)) - raft.server.snapshot.retention.file.num = 5 (custom)
2023-12-19 18:18:00,849 [d0e3d241-91aa-4721-8188-ae5e0af11890-groupManagement] INFO  server.RaftServerConfigKeys (ConfUtils.java:logGet(46)) - raft.server.log.purge.upto.snapshot.index = false (default)
2023-12-19 18:18:00,841 [b44d76fe-ddfd-47c8-8f4d-0e79dfcb9ca5-groupManagement] INFO  ratis.ContainerStateMachine (ContainerStateMachine.java:loadSnapshot(287)) - group-0FC0AF6D08E6: The snapshot info is null. Setting the last applied indexto:(t:0, i:~)
2023-12-19 18:18:00,849 [b44d76fe-ddfd-47c8-8f4d-0e79dfcb9ca5-groupManagement] INFO  server.RaftServerConfigKeys (ConfUtils.java:logGet(46)) - raft.server.log.use.memory = false (default)
2023-12-19 18:18:00,849 [b44d76fe-ddfd-47c8-8f4d-0e79dfcb9ca5-groupManagement] INFO  server.RaftServerConfigKeys (ConfUtils.java:logGet(46)) - raft.server.log.purge.gap = 1000000 (custom)
2023-12-19 18:18:00,849 [b44d76fe-ddfd-47c8-8f4d-0e79dfcb9ca5-groupManagement] INFO  server.RaftServerConfigKeys (ConfUtils.java:logGet(46)) - raft.server.log.appender.buffer.byte-limit = 8388608 (custom)
2023-12-19 18:18:00,849 [b44d76fe-ddfd-47c8-8f4d-0e79dfcb9ca5-groupManagement] INFO  server.RaftServerConfigKeys (ConfUtils.java:logGet(46)) - raft.server.log.statemachine.data.read.timeout = 1000ms (default)
2023-12-19 18:18:00,849 [b44d76fe-ddfd-47c8-8f4d-0e79dfcb9ca5-groupManagement] INFO  server.RaftServerConfigKeys (ConfUtils.java:logGet(46)) - raft.server.log.purge.preservation.log.num = 0 (default)
2023-12-19 18:18:00,851 [b44d76fe-ddfd-47c8-8f4d-0e79dfcb9ca5-groupManagement] INFO  server.RaftServerConfigKeys (ConfUtils.java:logGet(46)) - raft.server.log.segment.size.max = 67108864 (custom)
2023-12-19 18:18:00,852 [b44d76fe-ddfd-47c8-8f4d-0e79dfcb9ca5-groupManagement] INFO  server.RaftServerConfigKeys (ConfUtils.java:logGet(46)) - raft.server.log.segment.cache.num.max = 2 (custom)
2023-12-19 18:18:00,852 [b44d76fe-ddfd-47c8-8f4d-0e79dfcb9ca5-groupManagement] INFO  server.RaftServerConfigKeys (ConfUtils.java:logGet(46)) - raft.server.log.segment.cache.size.max = 200MB (=209715200) (default)
2023-12-19 18:18:00,852 [b44d76fe-ddfd-47c8-8f4d-0e79dfcb9ca5-groupManagement] INFO  server.RaftServerConfigKeys (ConfUtils.java:logGet(46)) - raft.server.log.appender.buffer.byte-limit = 8388608 (custom)
2023-12-19 18:18:00,852 [e7599229-5a8e-48b0-86e7-2247601ad11a-groupManagement] INFO  util.AwaitToRun (AwaitToRun.java:start(81)) - Thread[e7599229-5a8e-48b0-86e7-2247601ad11a@group-03BA1C6394B6-cacheEviction-AwaitToRun,5,main] started
2023-12-19 18:18:00,852 [e7599229-5a8e-48b0-86e7-2247601ad11a-groupManagement] INFO  segmented.SegmentedRaftLogWorker (SegmentedRaftLogWorker.java:<init>(184)) - new e7599229-5a8e-48b0-86e7-2247601ad11a@group-03BA1C6394B6-SegmentedRaftLogWorker for RaftStorageImpl:Storage Directory /home/runner/work/ozone/ozone/hadoop-ozone/integration-test/target/test-dir/MiniOzoneClusterImpl-c3f67427-b36b-4ee4-bde0-91623ce58163/datanode-1/data/ratis/9f61989e-7be0-4f12-963c-03ba1c6394b6
2023-12-19 18:18:00,852 [e7599229-5a8e-48b0-86e7-2247601ad11a-groupManagement] INFO  server.RaftServerConfigKeys (ConfUtils.java:logGet(46)) - raft.server.log.queue.byte-limit = 4294967296 (custom)
2023-12-19 18:18:00,852 [e7599229-5a8e-48b0-86e7-2247601ad11a-groupManagement] INFO  server.RaftServerConfigKeys (ConfUtils.java:logGet(46)) - raft.server.log.queue.element-limit = 1024 (custom)
2023-12-19 18:18:00,853 [e7599229-5a8e-48b0-86e7-2247601ad11a-groupManagement] INFO  server.RaftServerConfigKeys (ConfUtils.java:logGet(46)) - raft.server.log.segment.size.max = 67108864 (custom)
2023-12-19 18:18:00,853 [e7599229-5a8e-48b0-86e7-2247601ad11a-groupManagement] INFO  server.RaftServerConfigKeys (ConfUtils.java:logGet(46)) - raft.server.log.preallocated.size = 4194304 (custom)
2023-12-19 18:18:00,853 [e7599229-5a8e-48b0-86e7-2247601ad11a-groupManagement] INFO  server.RaftServerConfigKeys (ConfUtils.java:logGet(46)) - raft.server.log.force.sync.num = 128 (default)
2023-12-19 18:18:00,853 [e7599229-5a8e-48b0-86e7-2247601ad11a-groupManagement] INFO  server.RaftServerConfigKeys (ConfUtils.java:logGet(46)) - raft.server.log.statemachine.data.sync = true (default)
2023-12-19 18:18:00,853 [e7599229-5a8e-48b0-86e7-2247601ad11a-groupManagement] INFO  server.RaftServerConfigKeys (ConfUtils.java:logGet(46)) - raft.server.log.statemachine.data.sync.timeout = 10s (default)
2023-12-19 18:18:00,853 [e7599229-5a8e-48b0-86e7-2247601ad11a-groupManagement] INFO  server.RaftServerConfigKeys (ConfUtils.java:logGet(46)) - raft.server.log.statemachine.data.sync.timeout.retry = 0 (custom)
2023-12-19 18:18:00,853 [e7599229-5a8e-48b0-86e7-2247601ad11a-groupManagement] INFO  server.RaftServerConfigKeys (ConfUtils.java:logGet(46)) - raft.server.log.write.buffer.size = 8388616 (custom)
2023-12-19 18:18:00,854 [f3699da5-7632-4885-9efe-d79f82e47143-groupManagement] INFO  impl.RoleInfo (RoleInfo.java:updateAndGet(139)) - f3699da5-7632-4885-9efe-d79f82e47143: start f3699da5-7632-4885-9efe-d79f82e47143@group-7AE7D8FC9C99-FollowerState
2023-12-19 18:18:00,854 [a1d25c87-0c45-4075-9fe0-f0708f172712-groupManagement] INFO  server.RaftServerConfigKeys (ConfUtils.java:logGet(46)) - raft.server.log.appender.buffer.byte-limit = 8388608 (custom)
2023-12-19 18:18:00,856 [a1d25c87-0c45-4075-9fe0-f0708f172712-groupManagement] INFO  server.RaftServerConfigKeys (ConfUtils.java:logGet(46)) - raft.server.log.unsafe-flush.enabled = false (default)
2023-12-19 18:18:00,856 [a1d25c87-0c45-4075-9fe0-f0708f172712-groupManagement] INFO  server.RaftServerConfigKeys (ConfUtils.java:logGet(46)) - raft.server.log.async-flush.enabled = false (default)
2023-12-19 18:18:00,856 [a1d25c87-0c45-4075-9fe0-f0708f172712-groupManagement] INFO  server.RaftServerConfigKeys (ConfUtils.java:logGet(46)) - raft.server.log.statemachine.data.caching.enabled = true (custom)
2023-12-19 18:18:00,856 [a1d25c87-0c45-4075-9fe0-f0708f172712-groupManagement] INFO  segmented.SegmentedRaftLogWorker (SegmentedRaftLogWorker.java:lambda$new$0(135)) - a1d25c87-0c45-4075-9fe0-f0708f172712@group-03BA1C6394B6-SegmentedRaftLogWorker: flushIndex: setUnconditionally 0 -> -1
2023-12-19 18:18:00,856 [a1d25c87-0c45-4075-9fe0-f0708f172712-groupManagement] INFO  segmented.SegmentedRaftLogWorker (SegmentedRaftLogWorker.java:lambda$new$0(135)) - a1d25c87-0c45-4075-9fe0-f0708f172712@group-03BA1C6394B6-SegmentedRaftLogWorker: safeCacheEvictIndex: setUnconditionally 0 -> -1
2023-12-19 18:18:00,856 [f3699da5-7632-4885-9efe-d79f82e47143-groupManagement] INFO  util.JmxRegister (JmxRegister.java:tryRegister(44)) - Successfully registered JMX Bean with object name Ratis:service=RaftServer,group=group-7AE7D8FC9C99,id=f3699da5-7632-4885-9efe-d79f82e47143
2023-12-19 18:18:00,856 [f3699da5-7632-4885-9efe-d79f82e47143-groupManagement] INFO  server.RaftServerConfigKeys (ConfUtils.java:logGet(46)) - raft.server.snapshot.trigger-when-stop.enabled = true (default)
2023-12-19 18:18:00,857 [f3699da5-7632-4885-9efe-d79f82e47143-groupManagement] INFO  server.RaftServerConfigKeys (ConfUtils.java:logGet(46)) - raft.server.snapshot.auto.trigger.enabled = true (custom)
2023-12-19 18:18:00,857 [f3699da5-7632-4885-9efe-d79f82e47143-groupManagement] INFO  server.RaftServerConfigKeys (ConfUtils.java:logGet(46)) - raft.server.snapshot.auto.trigger.threshold = 10000 (custom)
2023-12-19 18:18:00,857 [f3699da5-7632-4885-9efe-d79f82e47143-groupManagement] INFO  server.RaftServerConfigKeys (ConfUtils.java:logGet(46)) - raft.server.snapshot.retention.file.num = 5 (custom)
2023-12-19 18:18:00,857 [f3699da5-7632-4885-9efe-d79f82e47143-groupManagement] INFO  server.RaftServerConfigKeys (ConfUtils.java:logGet(46)) - raft.server.log.purge.upto.snapshot.index = false (default)
2023-12-19 18:18:00,858 [e7599229-5a8e-48b0-86e7-2247601ad11a-groupManagement] INFO  server.RaftServerConfigKeys (ConfUtils.java:logGet(46)) - raft.server.log.appender.buffer.byte-limit = 8388608 (custom)
2023-12-19 18:18:00,859 [f3699da5-7632-4885-9efe-d79f82e47143-groupManagement] INFO  server.RaftServerConfigKeys (ConfUtils.java:logGet(46)) - raft.server.storage.free-space.min = 0MB (=0) (default)
2023-12-19 18:18:00,859 [f3699da5-7632-4885-9efe-d79f82e47143-groupManagement] INFO  server.RaftServerConfigKeys (ConfUtils.java:logGet(46)) - raft.server.log.corruption.policy = EXCEPTION (default)
2023-12-19 18:18:00,859 [f3699da5-7632-4885-9efe-d79f82e47143-groupManagement] INFO  server.RaftServerConfigKeys (ConfUtils.java:logGet(46)) - raft.server.storage.dir = [/home/runner/work/ozone/ozone/hadoop-ozone/integration-test/target/test-dir/MiniOzoneClusterImpl-c3f67427-b36b-4ee4-bde0-91623ce58163/datanode-5/data/ratis] (custom)
2023-12-19 18:18:00,859 [f3699da5-7632-4885-9efe-d79f82e47143-groupManagement] INFO  storage.RaftStorageDirectory (RaftStorageDirectoryImpl.java:analyzeStorage(138)) - The storage directory /home/runner/work/ozone/ozone/hadoop-ozone/integration-test/target/test-dir/MiniOzoneClusterImpl-c3f67427-b36b-4ee4-bde0-91623ce58163/datanode-5/data/ratis/fe77e429-5f3d-4142-9d51-83c92cc6210c does not exist. Creating ...
2023-12-19 18:18:00,859 [e7599229-5a8e-48b0-86e7-2247601ad11a-groupManagement] INFO  server.RaftServerConfigKeys (ConfUtils.java:logGet(46)) - raft.server.log.unsafe-flush.enabled = false (default)
2023-12-19 18:18:00,859 [f3699da5-7632-4885-9efe-d79f82e47143-PipelineCommandHandlerThread-0] INFO  ratis.XceiverServerRatis (XceiverServerRatis.java:addGroup(837)) - Created group PipelineID=2b9c3983-02a5-42a9-9f64-7ae7d8fc9c99
2023-12-19 18:18:00,860 [e7599229-5a8e-48b0-86e7-2247601ad11a-groupManagement] INFO  server.RaftServerConfigKeys (ConfUtils.java:logGet(46)) - raft.server.log.async-flush.enabled = false (default)
2023-12-19 18:18:00,860 [f3699da5-7632-4885-9efe-d79f82e47143-PipelineCommandHandlerThread-0] INFO  commandhandler.CreatePipelineCommandHandler (CreatePipelineCommandHandler.java:lambda$handle$2(124)) - Created Pipeline RATIS ONE PipelineID=2b9c3983-02a5-42a9-9f64-7ae7d8fc9c99.
2023-12-19 18:18:00,860 [e7599229-5a8e-48b0-86e7-2247601ad11a-groupManagement] INFO  server.RaftServerConfigKeys (ConfUtils.java:logGet(46)) - raft.server.log.statemachine.data.caching.enabled = true (custom)
2023-12-19 18:18:00,860 [e7599229-5a8e-48b0-86e7-2247601ad11a-groupManagement] INFO  segmented.SegmentedRaftLogWorker (SegmentedRaftLogWorker.java:lambda$new$0(135)) - e7599229-5a8e-48b0-86e7-2247601ad11a@group-03BA1C6394B6-SegmentedRaftLogWorker: flushIndex: setUnconditionally 0 -> -1
2023-12-19 18:18:00,860 [e7599229-5a8e-48b0-86e7-2247601ad11a-groupManagement] INFO  segmented.SegmentedRaftLogWorker (SegmentedRaftLogWorker.java:lambda$new$0(135)) - e7599229-5a8e-48b0-86e7-2247601ad11a@group-03BA1C6394B6-SegmentedRaftLogWorker: safeCacheEvictIndex: setUnconditionally 0 -> -1
2023-12-19 18:18:00,860 [f3699da5-7632-4885-9efe-d79f82e47143-groupManagement] INFO  storage.RaftStorageDirectory (RaftStorageDirectoryImpl.java:tryLock(232)) - Lock on /home/runner/work/ozone/ozone/hadoop-ozone/integration-test/target/test-dir/MiniOzoneClusterImpl-c3f67427-b36b-4ee4-bde0-91623ce58163/datanode-5/data/ratis/fe77e429-5f3d-4142-9d51-83c92cc6210c/in_use.lock acquired by nodename 34604@fv-az1381-513
2023-12-19 18:18:00,861 [f3699da5-7632-4885-9efe-d79f82e47143-PipelineCommandHandlerThread-0] INFO  server.RaftServer (RaftServerProxy.java:addNew(100)) - f3699da5-7632-4885-9efe-d79f82e47143: addNew group-0FC0AF6D08E6:[f3699da5-7632-4885-9efe-d79f82e47143|10.1.0.19:15059, b44d76fe-ddfd-47c8-8f4d-0e79dfcb9ca5|10.1.0.19:15050, 244ca980-f87d-4e1f-bf92-41859c631eea|10.1.0.19:15041] returns group-0FC0AF6D08E6:java.util.concurrent.CompletableFuture@38da809a[Not completed]
2023-12-19 18:18:00,861 [f3699da5-7632-4885-9efe-d79f82e47143@group-7AE7D8FC9C99-FollowerState] INFO  server.RaftServerConfigKeys (ConfUtils.java:logFallback(53)) - raft.server.rpc.first-election.timeout.min = 5s (fallback to raft.server.rpc.timeout.min)
2023-12-19 18:18:00,862 [f3699da5-7632-4885-9efe-d79f82e47143@group-7AE7D8FC9C99-FollowerState] INFO  server.RaftServerConfigKeys (ConfUtils.java:logFallback(53)) - raft.server.rpc.first-election.timeout.max = 5200ms (fallback to raft.server.rpc.timeout.max)
2023-12-19 18:18:00,862 [f3699da5-7632-4885-9efe-d79f82e47143-groupManagement] INFO  storage.RaftStorage (RaftStorageImpl.java:format(97)) - Storage directory /home/runner/work/ozone/ozone/hadoop-ozone/integration-test/target/test-dir/MiniOzoneClusterImpl-c3f67427-b36b-4ee4-bde0-91623ce58163/datanode-5/data/ratis/fe77e429-5f3d-4142-9d51-83c92cc6210c has been successfully formatted.
2023-12-19 18:18:00,864 [e7599229-5a8e-48b0-86e7-2247601ad11a-groupManagement] INFO  server.RaftServer$Division (RaftServerImpl.java:start(392)) - e7599229-5a8e-48b0-86e7-2247601ad11a@group-03BA1C6394B6: start as a follower, conf=-1: peers:[d0e3d241-91aa-4721-8188-ae5e0af11890|10.1.0.19:15014, e7599229-5a8e-48b0-86e7-2247601ad11a|10.1.0.19:15023, a1d25c87-0c45-4075-9fe0-f0708f172712|10.1.0.19:15032]|listeners:[], old=null
2023-12-19 18:18:00,864 [e7599229-5a8e-48b0-86e7-2247601ad11a-groupManagement] INFO  server.RaftServer$Division (RaftServerImpl.java:setRole(379)) - e7599229-5a8e-48b0-86e7-2247601ad11a@group-03BA1C6394B6: changes role from      null to FOLLOWER at term 0 for startAsFollower
2023-12-19 18:18:00,871 [e7599229-5a8e-48b0-86e7-2247601ad11a-groupManagement] INFO  impl.RoleInfo (RoleInfo.java:updateAndGet(139)) - e7599229-5a8e-48b0-86e7-2247601ad11a: start e7599229-5a8e-48b0-86e7-2247601ad11a@group-03BA1C6394B6-FollowerState
2023-12-19 18:18:00,871 [b44d76fe-ddfd-47c8-8f4d-0e79dfcb9ca5-groupManagement] INFO  util.AwaitToRun (AwaitToRun.java:start(81)) - Thread[b44d76fe-ddfd-47c8-8f4d-0e79dfcb9ca5@group-0FC0AF6D08E6-cacheEviction-AwaitToRun,5,main] started
2023-12-19 18:18:00,871 [d0e3d241-91aa-4721-8188-ae5e0af11890-PipelineCommandHandlerThread-0] INFO  ratis.XceiverServerRatis (XceiverServerRatis.java:addGroup(837)) - Created group PipelineID=9f61989e-7be0-4f12-963c-03ba1c6394b6
2023-12-19 18:18:00,872 [e7599229-5a8e-48b0-86e7-2247601ad11a-groupManagement] INFO  util.JmxRegister (JmxRegister.java:tryRegister(44)) - Successfully registered JMX Bean with object name Ratis:service=RaftServer,group=group-03BA1C6394B6,id=e7599229-5a8e-48b0-86e7-2247601ad11a
2023-12-19 18:18:00,872 [e7599229-5a8e-48b0-86e7-2247601ad11a-groupManagement] INFO  server.RaftServerConfigKeys (ConfUtils.java:logGet(46)) - raft.server.snapshot.trigger-when-stop.enabled = true (default)
2023-12-19 18:18:00,872 [e7599229-5a8e-48b0-86e7-2247601ad11a-groupManagement] INFO  server.RaftServerConfigKeys (ConfUtils.java:logGet(46)) - raft.server.snapshot.auto.trigger.enabled = true (custom)
2023-12-19 18:18:00,872 [e7599229-5a8e-48b0-86e7-2247601ad11a-groupManagement] INFO  server.RaftServerConfigKeys (ConfUtils.java:logGet(46)) - raft.server.snapshot.auto.trigger.threshold = 10000 (custom)
2023-12-19 18:18:00,873 [e7599229-5a8e-48b0-86e7-2247601ad11a-groupManagement] INFO  server.RaftServerConfigKeys (ConfUtils.java:logGet(46)) - raft.server.snapshot.retention.file.num = 5 (custom)
2023-12-19 18:18:00,873 [e7599229-5a8e-48b0-86e7-2247601ad11a-groupManagement] INFO  server.RaftServerConfigKeys (ConfUtils.java:logGet(46)) - raft.server.log.purge.upto.snapshot.index = false (default)
2023-12-19 18:18:00,873 [e7599229-5a8e-48b0-86e7-2247601ad11a@group-03BA1C6394B6-FollowerState] INFO  server.RaftServerConfigKeys (ConfUtils.java:logFallback(53)) - raft.server.rpc.first-election.timeout.min = 5s (fallback to raft.server.rpc.timeout.min)
2023-12-19 18:18:00,874 [e7599229-5a8e-48b0-86e7-2247601ad11a@group-03BA1C6394B6-FollowerState] INFO  server.RaftServerConfigKeys (ConfUtils.java:logFallback(53)) - raft.server.rpc.first-election.timeout.max = 5200ms (fallback to raft.server.rpc.timeout.max)
2023-12-19 18:18:00,871 [b44d76fe-ddfd-47c8-8f4d-0e79dfcb9ca5-groupManagement] INFO  segmented.SegmentedRaftLogWorker (SegmentedRaftLogWorker.java:<init>(184)) - new b44d76fe-ddfd-47c8-8f4d-0e79dfcb9ca5@group-0FC0AF6D08E6-SegmentedRaftLogWorker for RaftStorageImpl:Storage Directory /home/runner/work/ozone/ozone/hadoop-ozone/integration-test/target/test-dir/MiniOzoneClusterImpl-c3f67427-b36b-4ee4-bde0-91623ce58163/datanode-4/data/ratis/0d41620a-3cbb-499e-b93b-0fc0af6d08e6
2023-12-19 18:18:00,878 [b44d76fe-ddfd-47c8-8f4d-0e79dfcb9ca5-groupManagement] INFO  server.RaftServerConfigKeys (ConfUtils.java:logGet(46)) - raft.server.log.queue.byte-limit = 4294967296 (custom)
2023-12-19 18:18:00,879 [b44d76fe-ddfd-47c8-8f4d-0e79dfcb9ca5-groupManagement] INFO  server.RaftServerConfigKeys (ConfUtils.java:logGet(46)) - raft.server.log.queue.element-limit = 1024 (custom)
2023-12-19 18:18:00,879 [b44d76fe-ddfd-47c8-8f4d-0e79dfcb9ca5-groupManagement] INFO  server.RaftServerConfigKeys (ConfUtils.java:logGet(46)) - raft.server.log.segment.size.max = 67108864 (custom)
2023-12-19 18:18:00,879 [b44d76fe-ddfd-47c8-8f4d-0e79dfcb9ca5-groupManagement] INFO  server.RaftServerConfigKeys (ConfUtils.java:logGet(46)) - raft.server.log.preallocated.size = 4194304 (custom)
2023-12-19 18:18:00,880 [b44d76fe-ddfd-47c8-8f4d-0e79dfcb9ca5-groupManagement] INFO  server.RaftServerConfigKeys (ConfUtils.java:logGet(46)) - raft.server.log.force.sync.num = 128 (default)
2023-12-19 18:18:00,880 [b44d76fe-ddfd-47c8-8f4d-0e79dfcb9ca5-groupManagement] INFO  server.RaftServerConfigKeys (ConfUtils.java:logGet(46)) - raft.server.log.statemachine.data.sync = true (default)
2023-12-19 18:18:00,880 [b44d76fe-ddfd-47c8-8f4d-0e79dfcb9ca5-groupManagement] INFO  server.RaftServerConfigKeys (ConfUtils.java:logGet(46)) - raft.server.log.statemachine.data.sync.timeout = 10s (default)
2023-12-19 18:18:00,880 [b44d76fe-ddfd-47c8-8f4d-0e79dfcb9ca5-groupManagement] INFO  server.RaftServerConfigKeys (ConfUtils.java:logGet(46)) - raft.server.log.statemachine.data.sync.timeout.retry = 0 (custom)
2023-12-19 18:18:00,881 [b44d76fe-ddfd-47c8-8f4d-0e79dfcb9ca5-groupManagement] INFO  server.RaftServerConfigKeys (ConfUtils.java:logGet(46)) - raft.server.log.write.buffer.size = 8388616 (custom)
2023-12-19 18:18:00,883 [e7599229-5a8e-48b0-86e7-2247601ad11a-PipelineCommandHandlerThread-0] INFO  ratis.XceiverServerRatis (XceiverServerRatis.java:addGroup(837)) - Created group PipelineID=9f61989e-7be0-4f12-963c-03ba1c6394b6
2023-12-19 18:18:00,886 [b44d76fe-ddfd-47c8-8f4d-0e79dfcb9ca5-groupManagement] INFO  server.RaftServerConfigKeys (ConfUtils.java:logGet(46)) - raft.server.log.appender.buffer.byte-limit = 8388608 (custom)
2023-12-19 18:18:00,887 [b44d76fe-ddfd-47c8-8f4d-0e79dfcb9ca5-groupManagement] INFO  server.RaftServerConfigKeys (ConfUtils.java:logGet(46)) - raft.server.log.unsafe-flush.enabled = false (default)
2023-12-19 18:18:00,887 [b44d76fe-ddfd-47c8-8f4d-0e79dfcb9ca5-groupManagement] INFO  server.RaftServerConfigKeys (ConfUtils.java:logGet(46)) - raft.server.log.async-flush.enabled = false (default)
2023-12-19 18:18:00,888 [b44d76fe-ddfd-47c8-8f4d-0e79dfcb9ca5-groupManagement] INFO  server.RaftServerConfigKeys (ConfUtils.java:logGet(46)) - raft.server.log.statemachine.data.caching.enabled = true (custom)
2023-12-19 18:18:00,889 [b44d76fe-ddfd-47c8-8f4d-0e79dfcb9ca5-groupManagement] INFO  segmented.SegmentedRaftLogWorker (SegmentedRaftLogWorker.java:lambda$new$0(135)) - b44d76fe-ddfd-47c8-8f4d-0e79dfcb9ca5@group-0FC0AF6D08E6-SegmentedRaftLogWorker: flushIndex: setUnconditionally 0 -> -1
2023-12-19 18:18:00,893 [f3699da5-7632-4885-9efe-d79f82e47143-groupManagement] INFO  ratis.ContainerStateMachine (ContainerStateMachine.java:loadSnapshot(287)) - group-83C92CC6210C: The snapshot info is null. Setting the last applied indexto:(t:0, i:~)
2023-12-19 18:18:00,893 [f3699da5-7632-4885-9efe-d79f82e47143-groupManagement] INFO  server.RaftServerConfigKeys (ConfUtils.java:logGet(46)) - raft.server.log.use.memory = false (default)
2023-12-19 18:18:00,893 [f3699da5-7632-4885-9efe-d79f82e47143-groupManagement] INFO  server.RaftServerConfigKeys (ConfUtils.java:logGet(46)) - raft.server.log.purge.gap = 1000000 (custom)
2023-12-19 18:18:00,894 [f3699da5-7632-4885-9efe-d79f82e47143-groupManagement] INFO  server.RaftServerConfigKeys (ConfUtils.java:logGet(46)) - raft.server.log.appender.buffer.byte-limit = 8388608 (custom)
2023-12-19 18:18:00,894 [f3699da5-7632-4885-9efe-d79f82e47143-groupManagement] INFO  server.RaftServerConfigKeys (ConfUtils.java:logGet(46)) - raft.server.log.statemachine.data.read.timeout = 1000ms (default)
2023-12-19 18:18:00,894 [f3699da5-7632-4885-9efe-d79f82e47143-groupManagement] INFO  server.RaftServerConfigKeys (ConfUtils.java:logGet(46)) - raft.server.log.purge.preservation.log.num = 0 (default)
2023-12-19 18:18:00,896 [f3699da5-7632-4885-9efe-d79f82e47143-groupManagement] INFO  server.RaftServerConfigKeys (ConfUtils.java:logGet(46)) - raft.server.log.segment.size.max = 67108864 (custom)
2023-12-19 18:18:00,896 [f3699da5-7632-4885-9efe-d79f82e47143-groupManagement] INFO  server.RaftServerConfigKeys (ConfUtils.java:logGet(46)) - raft.server.log.segment.cache.num.max = 2 (custom)
2023-12-19 18:18:00,896 [f3699da5-7632-4885-9efe-d79f82e47143-groupManagement] INFO  server.RaftServerConfigKeys (ConfUtils.java:logGet(46)) - raft.server.log.segment.cache.size.max = 200MB (=209715200) (default)
2023-12-19 18:18:00,896 [f3699da5-7632-4885-9efe-d79f82e47143-groupManagement] INFO  server.RaftServerConfigKeys (ConfUtils.java:logGet(46)) - raft.server.log.appender.buffer.byte-limit = 8388608 (custom)
2023-12-19 18:18:00,898 [EventQueue-OpenPipelineForHealthyPipelineSafeModeRule] INFO  safemode.SCMSafeModeManager (HealthyPipelineSafeModeRule.java:process(140)) - SCM in safe mode. Healthy pipelines reported count is 0, required healthy pipeline reported count is 1
2023-12-19 18:18:00,889 [a1d25c87-0c45-4075-9fe0-f0708f172712-groupManagement] INFO  server.RaftServer$Division (RaftServerImpl.java:start(392)) - a1d25c87-0c45-4075-9fe0-f0708f172712@group-03BA1C6394B6: start as a follower, conf=-1: peers:[d0e3d241-91aa-4721-8188-ae5e0af11890|10.1.0.19:15014, e7599229-5a8e-48b0-86e7-2247601ad11a|10.1.0.19:15023, a1d25c87-0c45-4075-9fe0-f0708f172712|10.1.0.19:15032]|listeners:[], old=null
2023-12-19 18:18:00,898 [a1d25c87-0c45-4075-9fe0-f0708f172712-groupManagement] INFO  server.RaftServer$Division (RaftServerImpl.java:setRole(379)) - a1d25c87-0c45-4075-9fe0-f0708f172712@group-03BA1C6394B6: changes role from      null to FOLLOWER at term 0 for startAsFollower
2023-12-19 18:18:00,899 [b44d76fe-ddfd-47c8-8f4d-0e79dfcb9ca5-groupManagement] INFO  segmented.SegmentedRaftLogWorker (SegmentedRaftLogWorker.java:lambda$new$0(135)) - b44d76fe-ddfd-47c8-8f4d-0e79dfcb9ca5@group-0FC0AF6D08E6-SegmentedRaftLogWorker: safeCacheEvictIndex: setUnconditionally 0 -> -1
2023-12-19 18:18:00,902 [cc2d5096-cbf7-4b7f-9694-9910b4c75033-PipelineCommandHandlerThread-0] INFO  server.RaftServer (RaftServerProxy.java:addNew(100)) - cc2d5096-cbf7-4b7f-9694-9910b4c75033: addNew group-FFCC8C26DDE6:[cc2d5096-cbf7-4b7f-9694-9910b4c75033|10.1.0.19:15068] returns group-FFCC8C26DDE6:java.util.concurrent.CompletableFuture@e7a87ad[Not completed]
2023-12-19 18:18:00,904 [a1d25c87-0c45-4075-9fe0-f0708f172712-groupManagement] INFO  impl.RoleInfo (RoleInfo.java:updateAndGet(139)) - a1d25c87-0c45-4075-9fe0-f0708f172712: start a1d25c87-0c45-4075-9fe0-f0708f172712@group-03BA1C6394B6-FollowerState
2023-12-19 18:18:00,904 [b44d76fe-ddfd-47c8-8f4d-0e79dfcb9ca5-groupManagement] INFO  server.RaftServer$Division (RaftServerImpl.java:start(392)) - b44d76fe-ddfd-47c8-8f4d-0e79dfcb9ca5@group-0FC0AF6D08E6: start as a follower, conf=-1: peers:[f3699da5-7632-4885-9efe-d79f82e47143|10.1.0.19:15059, b44d76fe-ddfd-47c8-8f4d-0e79dfcb9ca5|10.1.0.19:15050, 244ca980-f87d-4e1f-bf92-41859c631eea|10.1.0.19:15041]|listeners:[], old=null
2023-12-19 18:18:00,904 [b44d76fe-ddfd-47c8-8f4d-0e79dfcb9ca5-groupManagement] INFO  server.RaftServer$Division (RaftServerImpl.java:setRole(379)) - b44d76fe-ddfd-47c8-8f4d-0e79dfcb9ca5@group-0FC0AF6D08E6: changes role from      null to FOLLOWER at term 0 for startAsFollower
2023-12-19 18:18:00,905 [cc2d5096-cbf7-4b7f-9694-9910b4c75033-groupManagement] INFO  server.RaftServer$Division (RaftServerImpl.java:<init>(256)) - cc2d5096-cbf7-4b7f-9694-9910b4c75033: new RaftServerImpl for group-FFCC8C26DDE6:[cc2d5096-cbf7-4b7f-9694-9910b4c75033|10.1.0.19:15068] with ContainerStateMachine:uninitialized
2023-12-19 18:18:00,905 [cc2d5096-cbf7-4b7f-9694-9910b4c75033-groupManagement] INFO  server.RaftServerConfigKeys (ConfUtils.java:logGet(46)) - raft.server.rpc.timeout.min = 5s (custom)
2023-12-19 18:18:00,905 [cc2d5096-cbf7-4b7f-9694-9910b4c75033-groupManagement] INFO  server.RaftServerConfigKeys (ConfUtils.java:logGet(46)) - raft.server.rpc.timeout.max = 5200ms (custom)
2023-12-19 18:18:00,905 [cc2d5096-cbf7-4b7f-9694-9910b4c75033-groupManagement] INFO  server.RaftServerConfigKeys (ConfUtils.java:logGet(46)) - raft.server.rpc.sleep.time = 25ms (default)
2023-12-19 18:18:00,905 [cc2d5096-cbf7-4b7f-9694-9910b4c75033-groupManagement] INFO  server.RaftServerConfigKeys (ConfUtils.java:logGet(46)) - raft.server.rpc.slowness.timeout = 300s (custom)
2023-12-19 18:18:00,905 [cc2d5096-cbf7-4b7f-9694-9910b4c75033-groupManagement] INFO  server.RaftServerConfigKeys (ConfUtils.java:logGet(46)) - raft.server.leaderelection.leader.step-down.wait-time = 10s (default)
2023-12-19 18:18:00,905 [cc2d5096-cbf7-4b7f-9694-9910b4c75033-groupManagement] INFO  server.RaftServerConfigKeys (ConfUtils.java:logGet(46)) - raft.server.leaderelection.member.majority-add = false (default)
2023-12-19 18:18:00,905 [cc2d5096-cbf7-4b7f-9694-9910b4c75033-groupManagement] INFO  server.RaftServerConfigKeys (ConfUtils.java:logGet(46)) - raft.server.sleep.deviation.threshold = 300ms (default)
2023-12-19 18:18:00,905 [cc2d5096-cbf7-4b7f-9694-9910b4c75033-groupManagement] INFO  server.RaftServer$Division (ServerState.java:<init>(113)) - cc2d5096-cbf7-4b7f-9694-9910b4c75033@group-FFCC8C26DDE6: ConfigurationManager, init=-1: peers:[cc2d5096-cbf7-4b7f-9694-9910b4c75033|10.1.0.19:15068]|listeners:[], old=null, confs=<EMPTY_MAP>
2023-12-19 18:18:00,905 [cc2d5096-cbf7-4b7f-9694-9910b4c75033-groupManagement] INFO  server.RaftServerConfigKeys (ConfUtils.java:logGet(46)) - raft.server.notification.no-leader.timeout = 300s (custom)
2023-12-19 18:18:00,905 [cc2d5096-cbf7-4b7f-9694-9910b4c75033-groupManagement] INFO  server.RaftServerConfigKeys (ConfUtils.java:logGet(46)) - raft.server.read.timeout = 10s (default)
2023-12-19 18:18:00,905 [cc2d5096-cbf7-4b7f-9694-9910b4c75033-groupManagement] INFO  server.RaftServerConfigKeys (ConfUtils.java:logGet(46)) - raft.server.retrycache.expirytime = 600000ms (custom)
2023-12-19 18:18:00,905 [cc2d5096-cbf7-4b7f-9694-9910b4c75033-groupManagement] INFO  server.RaftServerConfigKeys (ConfUtils.java:logGet(46)) - raft.server.retrycache.statistics.expirytime = 100ms (default)
2023-12-19 18:18:00,906 [cc2d5096-cbf7-4b7f-9694-9910b4c75033-groupManagement] INFO  server.RaftServerConfigKeys (ConfUtils.java:logGet(46)) - raft.server.read.option = DEFAULT (default)
2023-12-19 18:18:00,906 [cc2d5096-cbf7-4b7f-9694-9910b4c75033-groupManagement] INFO  server.RaftServerConfigKeys (ConfUtils.java:logGet(46)) - raft.server.read.read-after-write-consistent.write-index-cache.expiry-time = 60s (default)
2023-12-19 18:18:00,908 [a1d25c87-0c45-4075-9fe0-f0708f172712-groupManagement] INFO  util.JmxRegister (JmxRegister.java:tryRegister(44)) - Successfully registered JMX Bean with object name Ratis:service=RaftServer,group=group-03BA1C6394B6,id=a1d25c87-0c45-4075-9fe0-f0708f172712
2023-12-19 18:18:00,908 [a1d25c87-0c45-4075-9fe0-f0708f172712@group-03BA1C6394B6-FollowerState] INFO  server.RaftServerConfigKeys (ConfUtils.java:logFallback(53)) - raft.server.rpc.first-election.timeout.min = 5s (fallback to raft.server.rpc.timeout.min)
2023-12-19 18:18:00,908 [a1d25c87-0c45-4075-9fe0-f0708f172712-groupManagement] INFO  server.RaftServerConfigKeys (ConfUtils.java:logGet(46)) - raft.server.snapshot.trigger-when-stop.enabled = true (default)
2023-12-19 18:18:00,908 [a1d25c87-0c45-4075-9fe0-f0708f172712-groupManagement] INFO  server.RaftServerConfigKeys (ConfUtils.java:logGet(46)) - raft.server.snapshot.auto.trigger.enabled = true (custom)
2023-12-19 18:18:00,909 [a1d25c87-0c45-4075-9fe0-f0708f172712-groupManagement] INFO  server.RaftServerConfigKeys (ConfUtils.java:logGet(46)) - raft.server.snapshot.auto.trigger.threshold = 10000 (custom)
2023-12-19 18:18:00,909 [a1d25c87-0c45-4075-9fe0-f0708f172712-groupManagement] INFO  server.RaftServerConfigKeys (ConfUtils.java:logGet(46)) - raft.server.snapshot.retention.file.num = 5 (custom)
2023-12-19 18:18:00,909 [a1d25c87-0c45-4075-9fe0-f0708f172712-groupManagement] INFO  server.RaftServerConfigKeys (ConfUtils.java:logGet(46)) - raft.server.log.purge.upto.snapshot.index = false (default)
2023-12-19 18:18:00,908 [a1d25c87-0c45-4075-9fe0-f0708f172712@group-03BA1C6394B6-FollowerState] INFO  server.RaftServerConfigKeys (ConfUtils.java:logFallback(53)) - raft.server.rpc.first-election.timeout.max = 5200ms (fallback to raft.server.rpc.timeout.max)
2023-12-19 18:18:00,912 [f3699da5-7632-4885-9efe-d79f82e47143-groupManagement] INFO  util.AwaitToRun (AwaitToRun.java:start(81)) - Thread[f3699da5-7632-4885-9efe-d79f82e47143@group-83C92CC6210C-cacheEviction-AwaitToRun,5,main] started
2023-12-19 18:18:00,912 [f3699da5-7632-4885-9efe-d79f82e47143-groupManagement] INFO  segmented.SegmentedRaftLogWorker (SegmentedRaftLogWorker.java:<init>(184)) - new f3699da5-7632-4885-9efe-d79f82e47143@group-83C92CC6210C-SegmentedRaftLogWorker for RaftStorageImpl:Storage Directory /home/runner/work/ozone/ozone/hadoop-ozone/integration-test/target/test-dir/MiniOzoneClusterImpl-c3f67427-b36b-4ee4-bde0-91623ce58163/datanode-5/data/ratis/fe77e429-5f3d-4142-9d51-83c92cc6210c
2023-12-19 18:18:00,912 [f3699da5-7632-4885-9efe-d79f82e47143-groupManagement] INFO  server.RaftServerConfigKeys (ConfUtils.java:logGet(46)) - raft.server.log.queue.byte-limit = 4294967296 (custom)
2023-12-19 18:18:00,912 [f3699da5-7632-4885-9efe-d79f82e47143-groupManagement] INFO  server.RaftServerConfigKeys (ConfUtils.java:logGet(46)) - raft.server.log.queue.element-limit = 1024 (custom)
2023-12-19 18:18:00,912 [f3699da5-7632-4885-9efe-d79f82e47143-groupManagement] INFO  server.RaftServerConfigKeys (ConfUtils.java:logGet(46)) - raft.server.log.segment.size.max = 67108864 (custom)
2023-12-19 18:18:00,913 [f3699da5-7632-4885-9efe-d79f82e47143-groupManagement] INFO  server.RaftServerConfigKeys (ConfUtils.java:logGet(46)) - raft.server.log.preallocated.size = 4194304 (custom)
2023-12-19 18:18:00,913 [f3699da5-7632-4885-9efe-d79f82e47143-groupManagement] INFO  server.RaftServerConfigKeys (ConfUtils.java:logGet(46)) - raft.server.log.force.sync.num = 128 (default)
2023-12-19 18:18:00,913 [f3699da5-7632-4885-9efe-d79f82e47143-groupManagement] INFO  server.RaftServerConfigKeys (ConfUtils.java:logGet(46)) - raft.server.log.statemachine.data.sync = true (default)
2023-12-19 18:18:00,913 [f3699da5-7632-4885-9efe-d79f82e47143-groupManagement] INFO  server.RaftServerConfigKeys (ConfUtils.java:logGet(46)) - raft.server.log.statemachine.data.sync.timeout = 10s (default)
2023-12-19 18:18:00,913 [f3699da5-7632-4885-9efe-d79f82e47143-groupManagement] INFO  server.RaftServerConfigKeys (ConfUtils.java:logGet(46)) - raft.server.log.statemachine.data.sync.timeout.retry = 0 (custom)
2023-12-19 18:18:00,913 [f3699da5-7632-4885-9efe-d79f82e47143-groupManagement] INFO  server.RaftServerConfigKeys (ConfUtils.java:logGet(46)) - raft.server.log.write.buffer.size = 8388616 (custom)
2023-12-19 18:18:00,915 [f3699da5-7632-4885-9efe-d79f82e47143-groupManagement] INFO  server.RaftServerConfigKeys (ConfUtils.java:logGet(46)) - raft.server.log.appender.buffer.byte-limit = 8388608 (custom)
2023-12-19 18:18:00,916 [f3699da5-7632-4885-9efe-d79f82e47143-groupManagement] INFO  server.RaftServerConfigKeys (ConfUtils.java:logGet(46)) - raft.server.log.unsafe-flush.enabled = false (default)
2023-12-19 18:18:00,916 [f3699da5-7632-4885-9efe-d79f82e47143-groupManagement] INFO  server.RaftServerConfigKeys (ConfUtils.java:logGet(46)) - raft.server.log.async-flush.enabled = false (default)
2023-12-19 18:18:00,916 [f3699da5-7632-4885-9efe-d79f82e47143-groupManagement] INFO  server.RaftServerConfigKeys (ConfUtils.java:logGet(46)) - raft.server.log.statemachine.data.caching.enabled = true (custom)
2023-12-19 18:18:00,916 [f3699da5-7632-4885-9efe-d79f82e47143-groupManagement] INFO  segmented.SegmentedRaftLogWorker (SegmentedRaftLogWorker.java:lambda$new$0(135)) - f3699da5-7632-4885-9efe-d79f82e47143@group-83C92CC6210C-SegmentedRaftLogWorker: flushIndex: setUnconditionally 0 -> -1
2023-12-19 18:18:00,917 [f3699da5-7632-4885-9efe-d79f82e47143-groupManagement] INFO  segmented.SegmentedRaftLogWorker (SegmentedRaftLogWorker.java:lambda$new$0(135)) - f3699da5-7632-4885-9efe-d79f82e47143@group-83C92CC6210C-SegmentedRaftLogWorker: safeCacheEvictIndex: setUnconditionally 0 -> -1
2023-12-19 18:18:00,917 [f3699da5-7632-4885-9efe-d79f82e47143-groupManagement] INFO  server.RaftServer$Division (RaftServerImpl.java:start(392)) - f3699da5-7632-4885-9efe-d79f82e47143@group-83C92CC6210C: start as a follower, conf=-1: peers:[f3699da5-7632-4885-9efe-d79f82e47143|10.1.0.19:15059, b44d76fe-ddfd-47c8-8f4d-0e79dfcb9ca5|10.1.0.19:15050, 244ca980-f87d-4e1f-bf92-41859c631eea|10.1.0.19:15041]|listeners:[], old=null
2023-12-19 18:18:00,917 [f3699da5-7632-4885-9efe-d79f82e47143-groupManagement] INFO  server.RaftServer$Division (RaftServerImpl.java:setRole(379)) - f3699da5-7632-4885-9efe-d79f82e47143@group-83C92CC6210C: changes role from      null to FOLLOWER at term 0 for startAsFollower
2023-12-19 18:18:00,917 [f3699da5-7632-4885-9efe-d79f82e47143-groupManagement] INFO  impl.RoleInfo (RoleInfo.java:updateAndGet(139)) - f3699da5-7632-4885-9efe-d79f82e47143: start f3699da5-7632-4885-9efe-d79f82e47143@group-83C92CC6210C-FollowerState
2023-12-19 18:18:00,917 [f3699da5-7632-4885-9efe-d79f82e47143-groupManagement] INFO  util.JmxRegister (JmxRegister.java:tryRegister(44)) - Successfully registered JMX Bean with object name Ratis:service=RaftServer,group=group-83C92CC6210C,id=f3699da5-7632-4885-9efe-d79f82e47143
2023-12-19 18:18:00,917 [f3699da5-7632-4885-9efe-d79f82e47143-groupManagement] INFO  server.RaftServerConfigKeys (ConfUtils.java:logGet(46)) - raft.server.snapshot.trigger-when-stop.enabled = true (default)
2023-12-19 18:18:00,917 [f3699da5-7632-4885-9efe-d79f82e47143-groupManagement] INFO  server.RaftServerConfigKeys (ConfUtils.java:logGet(46)) - raft.server.snapshot.auto.trigger.enabled = true (custom)
2023-12-19 18:18:00,918 [f3699da5-7632-4885-9efe-d79f82e47143-groupManagement] INFO  server.RaftServerConfigKeys (ConfUtils.java:logGet(46)) - raft.server.snapshot.auto.trigger.threshold = 10000 (custom)
2023-12-19 18:18:00,918 [f3699da5-7632-4885-9efe-d79f82e47143-groupManagement] INFO  server.RaftServerConfigKeys (ConfUtils.java:logGet(46)) - raft.server.snapshot.retention.file.num = 5 (custom)
2023-12-19 18:18:00,918 [f3699da5-7632-4885-9efe-d79f82e47143-groupManagement] INFO  server.RaftServerConfigKeys (ConfUtils.java:logGet(46)) - raft.server.log.purge.upto.snapshot.index = false (default)
2023-12-19 18:18:00,919 [f3699da5-7632-4885-9efe-d79f82e47143@group-83C92CC6210C-FollowerState] INFO  server.RaftServerConfigKeys (ConfUtils.java:logFallback(53)) - raft.server.rpc.first-election.timeout.min = 5s (fallback to raft.server.rpc.timeout.min)
2023-12-19 18:18:00,919 [f3699da5-7632-4885-9efe-d79f82e47143@group-83C92CC6210C-FollowerState] INFO  server.RaftServerConfigKeys (ConfUtils.java:logFallback(53)) - raft.server.rpc.first-election.timeout.max = 5200ms (fallback to raft.server.rpc.timeout.max)
2023-12-19 18:18:00,919 [b44d76fe-ddfd-47c8-8f4d-0e79dfcb9ca5-groupManagement] INFO  impl.RoleInfo (RoleInfo.java:updateAndGet(139)) - b44d76fe-ddfd-47c8-8f4d-0e79dfcb9ca5: start b44d76fe-ddfd-47c8-8f4d-0e79dfcb9ca5@group-0FC0AF6D08E6-FollowerState
2023-12-19 18:18:00,920 [b44d76fe-ddfd-47c8-8f4d-0e79dfcb9ca5-groupManagement] INFO  util.JmxRegister (JmxRegister.java:tryRegister(44)) - Successfully registered JMX Bean with object name Ratis:service=RaftServer,group=group-0FC0AF6D08E6,id=b44d76fe-ddfd-47c8-8f4d-0e79dfcb9ca5
2023-12-19 18:18:00,920 [b44d76fe-ddfd-47c8-8f4d-0e79dfcb9ca5-groupManagement] INFO  server.RaftServerConfigKeys (ConfUtils.java:logGet(46)) - raft.server.snapshot.trigger-when-stop.enabled = true (default)
2023-12-19 18:18:00,920 [b44d76fe-ddfd-47c8-8f4d-0e79dfcb9ca5-groupManagement] INFO  server.RaftServerConfigKeys (ConfUtils.java:logGet(46)) - raft.server.snapshot.auto.trigger.enabled = true (custom)
2023-12-19 18:18:00,924 [b44d76fe-ddfd-47c8-8f4d-0e79dfcb9ca5-groupManagement] INFO  server.RaftServerConfigKeys (ConfUtils.java:logGet(46)) - raft.server.snapshot.auto.trigger.threshold = 10000 (custom)
2023-12-19 18:18:00,924 [b44d76fe-ddfd-47c8-8f4d-0e79dfcb9ca5-groupManagement] INFO  server.RaftServerConfigKeys (ConfUtils.java:logGet(46)) - raft.server.snapshot.retention.file.num = 5 (custom)
2023-12-19 18:18:00,924 [b44d76fe-ddfd-47c8-8f4d-0e79dfcb9ca5-groupManagement] INFO  server.RaftServerConfigKeys (ConfUtils.java:logGet(46)) - raft.server.log.purge.upto.snapshot.index = false (default)
2023-12-19 18:18:00,924 [cc2d5096-cbf7-4b7f-9694-9910b4c75033-groupManagement] INFO  server.RaftServerConfigKeys (ConfUtils.java:logGet(46)) - raft.server.rpc.request.timeout = 60s (custom)
2023-12-19 18:18:00,924 [cc2d5096-cbf7-4b7f-9694-9910b4c75033-groupManagement] INFO  server.RaftServerConfigKeys (ConfUtils.java:logGet(46)) - raft.server.log.appender.install.snapshot.enabled = false (custom)
2023-12-19 18:18:00,924 [cc2d5096-cbf7-4b7f-9694-9910b4c75033-groupManagement] INFO  server.RaftServerConfigKeys (ConfUtils.java:logGet(46)) - raft.server.threadpool.server.cached = true (default)
2023-12-19 18:18:00,924 [a1d25c87-0c45-4075-9fe0-f0708f172712-PipelineCommandHandlerThread-0] INFO  ratis.XceiverServerRatis (XceiverServerRatis.java:addGroup(837)) - Created group PipelineID=9f61989e-7be0-4f12-963c-03ba1c6394b6
2023-12-19 18:18:00,924 [cc2d5096-cbf7-4b7f-9694-9910b4c75033-groupManagement] INFO  server.RaftServerConfigKeys (ConfUtils.java:logGet(46)) - raft.server.threadpool.server.size = 0 (default)
2023-12-19 18:18:00,924 [cc2d5096-cbf7-4b7f-9694-9910b4c75033-groupManagement] INFO  server.RaftServerConfigKeys (ConfUtils.java:logGet(46)) - raft.server.threadpool.client.cached = true (default)
2023-12-19 18:18:00,924 [cc2d5096-cbf7-4b7f-9694-9910b4c75033-groupManagement] INFO  server.RaftServerConfigKeys (ConfUtils.java:logGet(46)) - raft.server.threadpool.client.size = 0 (default)
2023-12-19 18:18:00,924 [cc2d5096-cbf7-4b7f-9694-9910b4c75033-groupManagement] INFO  server.RaftServerConfigKeys (ConfUtils.java:logGet(46)) - raft.server.storage.free-space.min = 0MB (=0) (default)
2023-12-19 18:18:00,924 [cc2d5096-cbf7-4b7f-9694-9910b4c75033-groupManagement] INFO  server.RaftServerConfigKeys (ConfUtils.java:logGet(46)) - raft.server.log.corruption.policy = EXCEPTION (default)
2023-12-19 18:18:00,925 [cc2d5096-cbf7-4b7f-9694-9910b4c75033-groupManagement] INFO  server.RaftServerConfigKeys (ConfUtils.java:logGet(46)) - raft.server.storage.dir = [/home/runner/work/ozone/ozone/hadoop-ozone/integration-test/target/test-dir/MiniOzoneClusterImpl-c3f67427-b36b-4ee4-bde0-91623ce58163/datanode-6/data/ratis] (custom)
2023-12-19 18:18:00,925 [cc2d5096-cbf7-4b7f-9694-9910b4c75033-groupManagement] INFO  storage.RaftStorageDirectory (RaftStorageDirectoryImpl.java:analyzeStorage(138)) - The storage directory /home/runner/work/ozone/ozone/hadoop-ozone/integration-test/target/test-dir/MiniOzoneClusterImpl-c3f67427-b36b-4ee4-bde0-91623ce58163/datanode-6/data/ratis/dd3e138e-e2f3-4873-afc2-ffcc8c26dde6 does not exist. Creating ...
2023-12-19 18:18:00,925 [b44d76fe-ddfd-47c8-8f4d-0e79dfcb9ca5@group-0FC0AF6D08E6-FollowerState] INFO  server.RaftServerConfigKeys (ConfUtils.java:logFallback(53)) - raft.server.rpc.first-election.timeout.min = 5s (fallback to raft.server.rpc.timeout.min)
2023-12-19 18:18:00,926 [b44d76fe-ddfd-47c8-8f4d-0e79dfcb9ca5@group-0FC0AF6D08E6-FollowerState] INFO  server.RaftServerConfigKeys (ConfUtils.java:logFallback(53)) - raft.server.rpc.first-election.timeout.max = 5200ms (fallback to raft.server.rpc.timeout.max)
2023-12-19 18:18:00,927 [cc2d5096-cbf7-4b7f-9694-9910b4c75033-groupManagement] INFO  storage.RaftStorageDirectory (RaftStorageDirectoryImpl.java:tryLock(232)) - Lock on /home/runner/work/ozone/ozone/hadoop-ozone/integration-test/target/test-dir/MiniOzoneClusterImpl-c3f67427-b36b-4ee4-bde0-91623ce58163/datanode-6/data/ratis/dd3e138e-e2f3-4873-afc2-ffcc8c26dde6/in_use.lock acquired by nodename 34604@fv-az1381-513
2023-12-19 18:18:00,928 [cc2d5096-cbf7-4b7f-9694-9910b4c75033-groupManagement] INFO  storage.RaftStorage (RaftStorageImpl.java:format(97)) - Storage directory /home/runner/work/ozone/ozone/hadoop-ozone/integration-test/target/test-dir/MiniOzoneClusterImpl-c3f67427-b36b-4ee4-bde0-91623ce58163/datanode-6/data/ratis/dd3e138e-e2f3-4873-afc2-ffcc8c26dde6 has been successfully formatted.
2023-12-19 18:18:00,932 [cc2d5096-cbf7-4b7f-9694-9910b4c75033-groupManagement] INFO  ratis.ContainerStateMachine (ContainerStateMachine.java:loadSnapshot(287)) - group-FFCC8C26DDE6: The snapshot info is null. Setting the last applied indexto:(t:0, i:~)
2023-12-19 18:18:00,932 [cc2d5096-cbf7-4b7f-9694-9910b4c75033-groupManagement] INFO  server.RaftServerConfigKeys (ConfUtils.java:logGet(46)) - raft.server.log.use.memory = false (default)
2023-12-19 18:18:00,932 [cc2d5096-cbf7-4b7f-9694-9910b4c75033-groupManagement] INFO  server.RaftServerConfigKeys (ConfUtils.java:logGet(46)) - raft.server.log.purge.gap = 1000000 (custom)
2023-12-19 18:18:00,932 [cc2d5096-cbf7-4b7f-9694-9910b4c75033-groupManagement] INFO  server.RaftServerConfigKeys (ConfUtils.java:logGet(46)) - raft.server.log.appender.buffer.byte-limit = 8388608 (custom)
2023-12-19 18:18:00,932 [cc2d5096-cbf7-4b7f-9694-9910b4c75033-groupManagement] INFO  server.RaftServerConfigKeys (ConfUtils.java:logGet(46)) - raft.server.log.statemachine.data.read.timeout = 1000ms (default)
2023-12-19 18:18:00,932 [cc2d5096-cbf7-4b7f-9694-9910b4c75033-groupManagement] INFO  server.RaftServerConfigKeys (ConfUtils.java:logGet(46)) - raft.server.log.purge.preservation.log.num = 0 (default)
2023-12-19 18:18:00,934 [cc2d5096-cbf7-4b7f-9694-9910b4c75033-groupManagement] INFO  server.RaftServerConfigKeys (ConfUtils.java:logGet(46)) - raft.server.log.segment.size.max = 67108864 (custom)
2023-12-19 18:18:00,935 [cc2d5096-cbf7-4b7f-9694-9910b4c75033-groupManagement] INFO  server.RaftServerConfigKeys (ConfUtils.java:logGet(46)) - raft.server.log.segment.cache.num.max = 2 (custom)
2023-12-19 18:18:00,935 [cc2d5096-cbf7-4b7f-9694-9910b4c75033-groupManagement] INFO  server.RaftServerConfigKeys (ConfUtils.java:logGet(46)) - raft.server.log.segment.cache.size.max = 200MB (=209715200) (default)
2023-12-19 18:18:00,935 [cc2d5096-cbf7-4b7f-9694-9910b4c75033-groupManagement] INFO  server.RaftServerConfigKeys (ConfUtils.java:logGet(46)) - raft.server.log.appender.buffer.byte-limit = 8388608 (custom)
2023-12-19 18:18:00,936 [b44d76fe-ddfd-47c8-8f4d-0e79dfcb9ca5-PipelineCommandHandlerThread-0] INFO  ratis.XceiverServerRatis (XceiverServerRatis.java:addGroup(837)) - Created group PipelineID=0d41620a-3cbb-499e-b93b-0fc0af6d08e6
2023-12-19 18:18:00,940 [EventQueue-PipelineReportForPipelineReportHandler] INFO  pipeline.PipelineReportHandler (PipelineReportHandler.java:processPipelineReport(136)) - Opened pipeline PipelineID=dd3e138e-e2f3-4873-afc2-ffcc8c26dde6
2023-12-19 18:18:00,941 [EventQueue-OpenPipelineForHealthyPipelineSafeModeRule] INFO  safemode.SCMSafeModeManager (HealthyPipelineSafeModeRule.java:process(140)) - SCM in safe mode. Healthy pipelines reported count is 0, required healthy pipeline reported count is 1
2023-12-19 18:18:00,948 [cc2d5096-cbf7-4b7f-9694-9910b4c75033-groupManagement] INFO  util.AwaitToRun (AwaitToRun.java:start(81)) - Thread[cc2d5096-cbf7-4b7f-9694-9910b4c75033@group-FFCC8C26DDE6-cacheEviction-AwaitToRun,5,main] started
2023-12-19 18:18:00,948 [cc2d5096-cbf7-4b7f-9694-9910b4c75033-groupManagement] INFO  segmented.SegmentedRaftLogWorker (SegmentedRaftLogWorker.java:<init>(184)) - new cc2d5096-cbf7-4b7f-9694-9910b4c75033@group-FFCC8C26DDE6-SegmentedRaftLogWorker for RaftStorageImpl:Storage Directory /home/runner/work/ozone/ozone/hadoop-ozone/integration-test/target/test-dir/MiniOzoneClusterImpl-c3f67427-b36b-4ee4-bde0-91623ce58163/datanode-6/data/ratis/dd3e138e-e2f3-4873-afc2-ffcc8c26dde6
2023-12-19 18:18:00,948 [cc2d5096-cbf7-4b7f-9694-9910b4c75033-groupManagement] INFO  server.RaftServerConfigKeys (ConfUtils.java:logGet(46)) - raft.server.log.queue.byte-limit = 4294967296 (custom)
2023-12-19 18:18:00,949 [cc2d5096-cbf7-4b7f-9694-9910b4c75033-groupManagement] INFO  server.RaftServerConfigKeys (ConfUtils.java:logGet(46)) - raft.server.log.queue.element-limit = 1024 (custom)
2023-12-19 18:18:00,949 [cc2d5096-cbf7-4b7f-9694-9910b4c75033-groupManagement] INFO  server.RaftServerConfigKeys (ConfUtils.java:logGet(46)) - raft.server.log.segment.size.max = 67108864 (custom)
2023-12-19 18:18:00,949 [cc2d5096-cbf7-4b7f-9694-9910b4c75033-groupManagement] INFO  server.RaftServerConfigKeys (ConfUtils.java:logGet(46)) - raft.server.log.preallocated.size = 4194304 (custom)
2023-12-19 18:18:00,949 [cc2d5096-cbf7-4b7f-9694-9910b4c75033-groupManagement] INFO  server.RaftServerConfigKeys (ConfUtils.java:logGet(46)) - raft.server.log.force.sync.num = 128 (default)
2023-12-19 18:18:00,949 [cc2d5096-cbf7-4b7f-9694-9910b4c75033-groupManagement] INFO  server.RaftServerConfigKeys (ConfUtils.java:logGet(46)) - raft.server.log.statemachine.data.sync = true (default)
2023-12-19 18:18:00,949 [cc2d5096-cbf7-4b7f-9694-9910b4c75033-groupManagement] INFO  server.RaftServerConfigKeys (ConfUtils.java:logGet(46)) - raft.server.log.statemachine.data.sync.timeout = 10s (default)
2023-12-19 18:18:00,949 [cc2d5096-cbf7-4b7f-9694-9910b4c75033-groupManagement] INFO  server.RaftServerConfigKeys (ConfUtils.java:logGet(46)) - raft.server.log.statemachine.data.sync.timeout.retry = 0 (custom)
2023-12-19 18:18:00,952 [cc2d5096-cbf7-4b7f-9694-9910b4c75033-groupManagement] INFO  server.RaftServerConfigKeys (ConfUtils.java:logGet(46)) - raft.server.log.write.buffer.size = 8388616 (custom)
2023-12-19 18:18:00,954 [cc2d5096-cbf7-4b7f-9694-9910b4c75033-groupManagement] INFO  server.RaftServerConfigKeys (ConfUtils.java:logGet(46)) - raft.server.log.appender.buffer.byte-limit = 8388608 (custom)
2023-12-19 18:18:00,955 [cc2d5096-cbf7-4b7f-9694-9910b4c75033-groupManagement] INFO  server.RaftServerConfigKeys (ConfUtils.java:logGet(46)) - raft.server.log.unsafe-flush.enabled = false (default)
2023-12-19 18:18:00,955 [cc2d5096-cbf7-4b7f-9694-9910b4c75033-groupManagement] INFO  server.RaftServerConfigKeys (ConfUtils.java:logGet(46)) - raft.server.log.async-flush.enabled = false (default)
2023-12-19 18:18:00,955 [cc2d5096-cbf7-4b7f-9694-9910b4c75033-groupManagement] INFO  server.RaftServerConfigKeys (ConfUtils.java:logGet(46)) - raft.server.log.statemachine.data.caching.enabled = true (custom)
2023-12-19 18:18:00,956 [cc2d5096-cbf7-4b7f-9694-9910b4c75033-groupManagement] INFO  segmented.SegmentedRaftLogWorker (SegmentedRaftLogWorker.java:lambda$new$0(135)) - cc2d5096-cbf7-4b7f-9694-9910b4c75033@group-FFCC8C26DDE6-SegmentedRaftLogWorker: flushIndex: setUnconditionally 0 -> -1
2023-12-19 18:18:00,956 [cc2d5096-cbf7-4b7f-9694-9910b4c75033-groupManagement] INFO  segmented.SegmentedRaftLogWorker (SegmentedRaftLogWorker.java:lambda$new$0(135)) - cc2d5096-cbf7-4b7f-9694-9910b4c75033@group-FFCC8C26DDE6-SegmentedRaftLogWorker: safeCacheEvictIndex: setUnconditionally 0 -> -1
2023-12-19 18:18:00,958 [f3699da5-7632-4885-9efe-d79f82e47143-groupManagement] INFO  server.RaftServer$Division (RaftServerImpl.java:<init>(256)) - f3699da5-7632-4885-9efe-d79f82e47143: new RaftServerImpl for group-0FC0AF6D08E6:[f3699da5-7632-4885-9efe-d79f82e47143|10.1.0.19:15059, b44d76fe-ddfd-47c8-8f4d-0e79dfcb9ca5|10.1.0.19:15050, 244ca980-f87d-4e1f-bf92-41859c631eea|10.1.0.19:15041] with ContainerStateMachine:uninitialized
2023-12-19 18:18:00,958 [f3699da5-7632-4885-9efe-d79f82e47143-groupManagement] INFO  server.RaftServerConfigKeys (ConfUtils.java:logGet(46)) - raft.server.rpc.timeout.min = 5s (custom)
2023-12-19 18:18:00,959 [f3699da5-7632-4885-9efe-d79f82e47143-groupManagement] INFO  server.RaftServerConfigKeys (ConfUtils.java:logGet(46)) - raft.server.rpc.timeout.max = 5200ms (custom)
2023-12-19 18:18:00,959 [f3699da5-7632-4885-9efe-d79f82e47143-groupManagement] INFO  server.RaftServerConfigKeys (ConfUtils.java:logGet(46)) - raft.server.rpc.sleep.time = 25ms (default)
2023-12-19 18:18:00,959 [f3699da5-7632-4885-9efe-d79f82e47143-groupManagement] INFO  server.RaftServerConfigKeys (ConfUtils.java:logGet(46)) - raft.server.rpc.slowness.timeout = 300s (custom)
2023-12-19 18:18:00,960 [f3699da5-7632-4885-9efe-d79f82e47143-groupManagement] INFO  server.RaftServerConfigKeys (ConfUtils.java:logGet(46)) - raft.server.leaderelection.leader.step-down.wait-time = 10s (default)
2023-12-19 18:18:00,960 [f3699da5-7632-4885-9efe-d79f82e47143-groupManagement] INFO  server.RaftServerConfigKeys (ConfUtils.java:logGet(46)) - raft.server.leaderelection.member.majority-add = false (default)
2023-12-19 18:18:00,960 [f3699da5-7632-4885-9efe-d79f82e47143-groupManagement] INFO  server.RaftServerConfigKeys (ConfUtils.java:logGet(46)) - raft.server.sleep.deviation.threshold = 300ms (default)
2023-12-19 18:18:00,961 [f3699da5-7632-4885-9efe-d79f82e47143-groupManagement] INFO  server.RaftServer$Division (ServerState.java:<init>(113)) - f3699da5-7632-4885-9efe-d79f82e47143@group-0FC0AF6D08E6: ConfigurationManager, init=-1: peers:[f3699da5-7632-4885-9efe-d79f82e47143|10.1.0.19:15059, b44d76fe-ddfd-47c8-8f4d-0e79dfcb9ca5|10.1.0.19:15050, 244ca980-f87d-4e1f-bf92-41859c631eea|10.1.0.19:15041]|listeners:[], old=null, confs=<EMPTY_MAP>
2023-12-19 18:18:00,961 [f3699da5-7632-4885-9efe-d79f82e47143-groupManagement] INFO  server.RaftServerConfigKeys (ConfUtils.java:logGet(46)) - raft.server.notification.no-leader.timeout = 300s (custom)
2023-12-19 18:18:00,961 [f3699da5-7632-4885-9efe-d79f82e47143-groupManagement] INFO  server.RaftServerConfigKeys (ConfUtils.java:logGet(46)) - raft.server.read.timeout = 10s (default)
2023-12-19 18:18:00,962 [f3699da5-7632-4885-9efe-d79f82e47143-groupManagement] INFO  server.RaftServerConfigKeys (ConfUtils.java:logGet(46)) - raft.server.retrycache.expirytime = 600000ms (custom)
2023-12-19 18:18:00,962 [f3699da5-7632-4885-9efe-d79f82e47143-groupManagement] INFO  server.RaftServerConfigKeys (ConfUtils.java:logGet(46)) - raft.server.retrycache.statistics.expirytime = 100ms (default)
2023-12-19 18:18:00,964 [f3699da5-7632-4885-9efe-d79f82e47143-groupManagement] INFO  server.RaftServerConfigKeys (ConfUtils.java:logGet(46)) - raft.server.read.option = DEFAULT (default)
2023-12-19 18:18:00,964 [f3699da5-7632-4885-9efe-d79f82e47143-groupManagement] INFO  server.RaftServerConfigKeys (ConfUtils.java:logGet(46)) - raft.server.read.read-after-write-consistent.write-index-cache.expiry-time = 60s (default)
2023-12-19 18:18:00,966 [cc2d5096-cbf7-4b7f-9694-9910b4c75033-groupManagement] INFO  server.RaftServer$Division (RaftServerImpl.java:start(392)) - cc2d5096-cbf7-4b7f-9694-9910b4c75033@group-FFCC8C26DDE6: start as a follower, conf=-1: peers:[cc2d5096-cbf7-4b7f-9694-9910b4c75033|10.1.0.19:15068]|listeners:[], old=null
2023-12-19 18:18:00,966 [cc2d5096-cbf7-4b7f-9694-9910b4c75033-groupManagement] INFO  server.RaftServer$Division (RaftServerImpl.java:setRole(379)) - cc2d5096-cbf7-4b7f-9694-9910b4c75033@group-FFCC8C26DDE6: changes role from      null to FOLLOWER at term 0 for startAsFollower
2023-12-19 18:18:00,966 [cc2d5096-cbf7-4b7f-9694-9910b4c75033-groupManagement] INFO  impl.RoleInfo (RoleInfo.java:updateAndGet(139)) - cc2d5096-cbf7-4b7f-9694-9910b4c75033: start cc2d5096-cbf7-4b7f-9694-9910b4c75033@group-FFCC8C26DDE6-FollowerState
2023-12-19 18:18:00,967 [cc2d5096-cbf7-4b7f-9694-9910b4c75033@group-FFCC8C26DDE6-FollowerState] INFO  server.RaftServerConfigKeys (ConfUtils.java:logFallback(53)) - raft.server.rpc.first-election.timeout.min = 5s (fallback to raft.server.rpc.timeout.min)
2023-12-19 18:18:00,967 [cc2d5096-cbf7-4b7f-9694-9910b4c75033-groupManagement] INFO  util.JmxRegister (JmxRegister.java:tryRegister(44)) - Successfully registered JMX Bean with object name Ratis:service=RaftServer,group=group-FFCC8C26DDE6,id=cc2d5096-cbf7-4b7f-9694-9910b4c75033
2023-12-19 18:18:00,967 [cc2d5096-cbf7-4b7f-9694-9910b4c75033-groupManagement] INFO  server.RaftServerConfigKeys (ConfUtils.java:logGet(46)) - raft.server.snapshot.trigger-when-stop.enabled = true (default)
2023-12-19 18:18:00,967 [cc2d5096-cbf7-4b7f-9694-9910b4c75033-groupManagement] INFO  server.RaftServerConfigKeys (ConfUtils.java:logGet(46)) - raft.server.snapshot.auto.trigger.enabled = true (custom)
2023-12-19 18:18:00,967 [cc2d5096-cbf7-4b7f-9694-9910b4c75033-groupManagement] INFO  server.RaftServerConfigKeys (ConfUtils.java:logGet(46)) - raft.server.snapshot.auto.trigger.threshold = 10000 (custom)
2023-12-19 18:18:00,967 [cc2d5096-cbf7-4b7f-9694-9910b4c75033-groupManagement] INFO  server.RaftServerConfigKeys (ConfUtils.java:logGet(46)) - raft.server.snapshot.retention.file.num = 5 (custom)
2023-12-19 18:18:00,967 [cc2d5096-cbf7-4b7f-9694-9910b4c75033-groupManagement] INFO  server.RaftServerConfigKeys (ConfUtils.java:logGet(46)) - raft.server.log.purge.upto.snapshot.index = false (default)
2023-12-19 18:18:00,967 [cc2d5096-cbf7-4b7f-9694-9910b4c75033@group-FFCC8C26DDE6-FollowerState] INFO  server.RaftServerConfigKeys (ConfUtils.java:logFallback(53)) - raft.server.rpc.first-election.timeout.max = 5200ms (fallback to raft.server.rpc.timeout.max)
2023-12-19 18:18:00,977 [93d2edcd-6a6f-4cb3-ab2d-c0ab5a0bb6d7-PipelineCommandHandlerThread-0] INFO  server.RaftServer (RaftServerProxy.java:addNew(100)) - 93d2edcd-6a6f-4cb3-ab2d-c0ab5a0bb6d7: addNew group-54BD720564A1:[93d2edcd-6a6f-4cb3-ab2d-c0ab5a0bb6d7|10.1.0.19:15077] returns group-54BD720564A1:java.util.concurrent.CompletableFuture@4fa92b61[Not completed]
2023-12-19 18:18:00,984 [cc2d5096-cbf7-4b7f-9694-9910b4c75033-PipelineCommandHandlerThread-0] INFO  ratis.XceiverServerRatis (XceiverServerRatis.java:addGroup(837)) - Created group PipelineID=dd3e138e-e2f3-4873-afc2-ffcc8c26dde6
2023-12-19 18:18:00,984 [cc2d5096-cbf7-4b7f-9694-9910b4c75033-PipelineCommandHandlerThread-0] INFO  commandhandler.CreatePipelineCommandHandler (CreatePipelineCommandHandler.java:lambda$handle$2(124)) - Created Pipeline RATIS ONE PipelineID=dd3e138e-e2f3-4873-afc2-ffcc8c26dde6.
2023-12-19 18:18:00,984 [cc2d5096-cbf7-4b7f-9694-9910b4c75033-PipelineCommandHandlerThread-0] INFO  server.RaftServer (RaftServerProxy.java:addNew(100)) - cc2d5096-cbf7-4b7f-9694-9910b4c75033: addNew group-C7DCF68F11F7:[93d2edcd-6a6f-4cb3-ab2d-c0ab5a0bb6d7|10.1.0.19:15077, 8a9232c4-f36b-4377-b9ad-83954010d1e2|10.1.0.19:15086, cc2d5096-cbf7-4b7f-9694-9910b4c75033|10.1.0.19:15068] returns group-C7DCF68F11F7:java.util.concurrent.CompletableFuture@a4512ba[Not completed]
2023-12-19 18:18:00,991 [cc2d5096-cbf7-4b7f-9694-9910b4c75033-groupManagement] INFO  server.RaftServer$Division (RaftServerImpl.java:<init>(256)) - cc2d5096-cbf7-4b7f-9694-9910b4c75033: new RaftServerImpl for group-C7DCF68F11F7:[93d2edcd-6a6f-4cb3-ab2d-c0ab5a0bb6d7|10.1.0.19:15077, 8a9232c4-f36b-4377-b9ad-83954010d1e2|10.1.0.19:15086, cc2d5096-cbf7-4b7f-9694-9910b4c75033|10.1.0.19:15068] with ContainerStateMachine:uninitialized
2023-12-19 18:18:00,991 [cc2d5096-cbf7-4b7f-9694-9910b4c75033-groupManagement] INFO  server.RaftServerConfigKeys (ConfUtils.java:logGet(46)) - raft.server.rpc.timeout.min = 5s (custom)
2023-12-19 18:18:00,991 [cc2d5096-cbf7-4b7f-9694-9910b4c75033-groupManagement] INFO  server.RaftServerConfigKeys (ConfUtils.java:logGet(46)) - raft.server.rpc.timeout.max = 5200ms (custom)
2023-12-19 18:18:00,991 [93d2edcd-6a6f-4cb3-ab2d-c0ab5a0bb6d7-groupManagement] INFO  server.RaftServer$Division (RaftServerImpl.java:<init>(256)) - 93d2edcd-6a6f-4cb3-ab2d-c0ab5a0bb6d7: new RaftServerImpl for group-54BD720564A1:[93d2edcd-6a6f-4cb3-ab2d-c0ab5a0bb6d7|10.1.0.19:15077] with ContainerStateMachine:uninitialized
2023-12-19 18:18:00,991 [93d2edcd-6a6f-4cb3-ab2d-c0ab5a0bb6d7-groupManagement] INFO  server.RaftServerConfigKeys (ConfUtils.java:logGet(46)) - raft.server.rpc.timeout.min = 5s (custom)
2023-12-19 18:18:00,991 [93d2edcd-6a6f-4cb3-ab2d-c0ab5a0bb6d7-groupManagement] INFO  server.RaftServerConfigKeys (ConfUtils.java:logGet(46)) - raft.server.rpc.timeout.max = 5200ms (custom)
2023-12-19 18:18:00,991 [93d2edcd-6a6f-4cb3-ab2d-c0ab5a0bb6d7-groupManagement] INFO  server.RaftServerConfigKeys (ConfUtils.java:logGet(46)) - raft.server.rpc.sleep.time = 25ms (default)
2023-12-19 18:18:00,991 [93d2edcd-6a6f-4cb3-ab2d-c0ab5a0bb6d7-groupManagement] INFO  server.RaftServerConfigKeys (ConfUtils.java:logGet(46)) - raft.server.rpc.slowness.timeout = 300s (custom)
2023-12-19 18:18:00,991 [93d2edcd-6a6f-4cb3-ab2d-c0ab5a0bb6d7-groupManagement] INFO  server.RaftServerConfigKeys (ConfUtils.java:logGet(46)) - raft.server.leaderelection.leader.step-down.wait-time = 10s (default)
2023-12-19 18:18:00,991 [93d2edcd-6a6f-4cb3-ab2d-c0ab5a0bb6d7-groupManagement] INFO  server.RaftServerConfigKeys (ConfUtils.java:logGet(46)) - raft.server.leaderelection.member.majority-add = false (default)
2023-12-19 18:18:00,991 [93d2edcd-6a6f-4cb3-ab2d-c0ab5a0bb6d7-groupManagement] INFO  server.RaftServerConfigKeys (ConfUtils.java:logGet(46)) - raft.server.sleep.deviation.threshold = 300ms (default)
2023-12-19 18:18:00,991 [93d2edcd-6a6f-4cb3-ab2d-c0ab5a0bb6d7-groupManagement] INFO  server.RaftServer$Division (ServerState.java:<init>(113)) - 93d2edcd-6a6f-4cb3-ab2d-c0ab5a0bb6d7@group-54BD720564A1: ConfigurationManager, init=-1: peers:[93d2edcd-6a6f-4cb3-ab2d-c0ab5a0bb6d7|10.1.0.19:15077]|listeners:[], old=null, confs=<EMPTY_MAP>
2023-12-19 18:18:00,991 [93d2edcd-6a6f-4cb3-ab2d-c0ab5a0bb6d7-groupManagement] INFO  server.RaftServerConfigKeys (ConfUtils.java:logGet(46)) - raft.server.notification.no-leader.timeout = 300s (custom)
2023-12-19 18:18:00,991 [93d2edcd-6a6f-4cb3-ab2d-c0ab5a0bb6d7-groupManagement] INFO  server.RaftServerConfigKeys (ConfUtils.java:logGet(46)) - raft.server.read.timeout = 10s (default)
2023-12-19 18:18:00,991 [93d2edcd-6a6f-4cb3-ab2d-c0ab5a0bb6d7-groupManagement] INFO  server.RaftServerConfigKeys (ConfUtils.java:logGet(46)) - raft.server.retrycache.expirytime = 600000ms (custom)
2023-12-19 18:18:00,992 [93d2edcd-6a6f-4cb3-ab2d-c0ab5a0bb6d7-groupManagement] INFO  server.RaftServerConfigKeys (ConfUtils.java:logGet(46)) - raft.server.retrycache.statistics.expirytime = 100ms (default)
2023-12-19 18:18:00,992 [93d2edcd-6a6f-4cb3-ab2d-c0ab5a0bb6d7-groupManagement] INFO  server.RaftServerConfigKeys (ConfUtils.java:logGet(46)) - raft.server.read.option = DEFAULT (default)
2023-12-19 18:18:00,992 [93d2edcd-6a6f-4cb3-ab2d-c0ab5a0bb6d7-groupManagement] INFO  server.RaftServerConfigKeys (ConfUtils.java:logGet(46)) - raft.server.read.read-after-write-consistent.write-index-cache.expiry-time = 60s (default)
2023-12-19 18:18:00,997 [f3699da5-7632-4885-9efe-d79f82e47143-groupManagement] INFO  server.RaftServerConfigKeys (ConfUtils.java:logGet(46)) - raft.server.rpc.request.timeout = 60s (custom)
2023-12-19 18:18:00,997 [f3699da5-7632-4885-9efe-d79f82e47143-groupManagement] INFO  server.RaftServerConfigKeys (ConfUtils.java:logGet(46)) - raft.server.log.appender.install.snapshot.enabled = false (custom)
2023-12-19 18:18:00,997 [f3699da5-7632-4885-9efe-d79f82e47143-groupManagement] INFO  server.RaftServerConfigKeys (ConfUtils.java:logGet(46)) - raft.server.threadpool.server.cached = true (default)
2023-12-19 18:18:00,998 [f3699da5-7632-4885-9efe-d79f82e47143-groupManagement] INFO  server.RaftServerConfigKeys (ConfUtils.java:logGet(46)) - raft.server.threadpool.server.size = 0 (default)
2023-12-19 18:18:00,998 [f3699da5-7632-4885-9efe-d79f82e47143-groupManagement] INFO  server.RaftServerConfigKeys (ConfUtils.java:logGet(46)) - raft.server.threadpool.client.cached = true (default)
2023-12-19 18:18:00,998 [f3699da5-7632-4885-9efe-d79f82e47143-groupManagement] INFO  server.RaftServerConfigKeys (ConfUtils.java:logGet(46)) - raft.server.threadpool.client.size = 0 (default)
2023-12-19 18:18:00,998 [f3699da5-7632-4885-9efe-d79f82e47143-groupManagement] INFO  server.RaftServerConfigKeys (ConfUtils.java:logGet(46)) - raft.server.storage.free-space.min = 0MB (=0) (default)
2023-12-19 18:18:00,998 [f3699da5-7632-4885-9efe-d79f82e47143-groupManagement] INFO  server.RaftServerConfigKeys (ConfUtils.java:logGet(46)) - raft.server.log.corruption.policy = EXCEPTION (default)
2023-12-19 18:18:00,998 [f3699da5-7632-4885-9efe-d79f82e47143-groupManagement] INFO  server.RaftServerConfigKeys (ConfUtils.java:logGet(46)) - raft.server.storage.dir = [/home/runner/work/ozone/ozone/hadoop-ozone/integration-test/target/test-dir/MiniOzoneClusterImpl-c3f67427-b36b-4ee4-bde0-91623ce58163/datanode-5/data/ratis] (custom)
2023-12-19 18:18:00,998 [f3699da5-7632-4885-9efe-d79f82e47143-groupManagement] INFO  storage.RaftStorageDirectory (RaftStorageDirectoryImpl.java:analyzeStorage(138)) - The storage directory /home/runner/work/ozone/ozone/hadoop-ozone/integration-test/target/test-dir/MiniOzoneClusterImpl-c3f67427-b36b-4ee4-bde0-91623ce58163/datanode-5/data/ratis/0d41620a-3cbb-499e-b93b-0fc0af6d08e6 does not exist. Creating ...
2023-12-19 18:18:01,000 [f3699da5-7632-4885-9efe-d79f82e47143-groupManagement] INFO  storage.RaftStorageDirectory (RaftStorageDirectoryImpl.java:tryLock(232)) - Lock on /home/runner/work/ozone/ozone/hadoop-ozone/integration-test/target/test-dir/MiniOzoneClusterImpl-c3f67427-b36b-4ee4-bde0-91623ce58163/datanode-5/data/ratis/0d41620a-3cbb-499e-b93b-0fc0af6d08e6/in_use.lock acquired by nodename 34604@fv-az1381-513
2023-12-19 18:18:00,991 [cc2d5096-cbf7-4b7f-9694-9910b4c75033-groupManagement] INFO  server.RaftServerConfigKeys (ConfUtils.java:logGet(46)) - raft.server.rpc.sleep.time = 25ms (default)
2023-12-19 18:18:01,000 [cc2d5096-cbf7-4b7f-9694-9910b4c75033-groupManagement] INFO  server.RaftServerConfigKeys (ConfUtils.java:logGet(46)) - raft.server.rpc.slowness.timeout = 300s (custom)
2023-12-19 18:18:01,000 [cc2d5096-cbf7-4b7f-9694-9910b4c75033-groupManagement] INFO  server.RaftServerConfigKeys (ConfUtils.java:logGet(46)) - raft.server.leaderelection.leader.step-down.wait-time = 10s (default)
2023-12-19 18:18:01,000 [cc2d5096-cbf7-4b7f-9694-9910b4c75033-groupManagement] INFO  server.RaftServerConfigKeys (ConfUtils.java:logGet(46)) - raft.server.leaderelection.member.majority-add = false (default)
2023-12-19 18:18:01,000 [cc2d5096-cbf7-4b7f-9694-9910b4c75033-groupManagement] INFO  server.RaftServerConfigKeys (ConfUtils.java:logGet(46)) - raft.server.sleep.deviation.threshold = 300ms (default)
2023-12-19 18:18:01,000 [cc2d5096-cbf7-4b7f-9694-9910b4c75033-groupManagement] INFO  server.RaftServer$Division (ServerState.java:<init>(113)) - cc2d5096-cbf7-4b7f-9694-9910b4c75033@group-C7DCF68F11F7: ConfigurationManager, init=-1: peers:[93d2edcd-6a6f-4cb3-ab2d-c0ab5a0bb6d7|10.1.0.19:15077, 8a9232c4-f36b-4377-b9ad-83954010d1e2|10.1.0.19:15086, cc2d5096-cbf7-4b7f-9694-9910b4c75033|10.1.0.19:15068]|listeners:[], old=null, confs=<EMPTY_MAP>
2023-12-19 18:18:01,001 [cc2d5096-cbf7-4b7f-9694-9910b4c75033-groupManagement] INFO  server.RaftServerConfigKeys (ConfUtils.java:logGet(46)) - raft.server.notification.no-leader.timeout = 300s (custom)
2023-12-19 18:18:01,001 [cc2d5096-cbf7-4b7f-9694-9910b4c75033-groupManagement] INFO  server.RaftServerConfigKeys (ConfUtils.java:logGet(46)) - raft.server.read.timeout = 10s (default)
2023-12-19 18:18:01,001 [cc2d5096-cbf7-4b7f-9694-9910b4c75033-groupManagement] INFO  server.RaftServerConfigKeys (ConfUtils.java:logGet(46)) - raft.server.retrycache.expirytime = 600000ms (custom)
2023-12-19 18:18:01,001 [cc2d5096-cbf7-4b7f-9694-9910b4c75033-groupManagement] INFO  server.RaftServerConfigKeys (ConfUtils.java:logGet(46)) - raft.server.retrycache.statistics.expirytime = 100ms (default)
2023-12-19 18:18:01,001 [cc2d5096-cbf7-4b7f-9694-9910b4c75033-groupManagement] INFO  server.RaftServerConfigKeys (ConfUtils.java:logGet(46)) - raft.server.read.option = DEFAULT (default)
2023-12-19 18:18:01,001 [cc2d5096-cbf7-4b7f-9694-9910b4c75033-groupManagement] INFO  server.RaftServerConfigKeys (ConfUtils.java:logGet(46)) - raft.server.read.read-after-write-consistent.write-index-cache.expiry-time = 60s (default)
2023-12-19 18:18:01,003 [f3699da5-7632-4885-9efe-d79f82e47143-groupManagement] INFO  storage.RaftStorage (RaftStorageImpl.java:format(97)) - Storage directory /home/runner/work/ozone/ozone/hadoop-ozone/integration-test/target/test-dir/MiniOzoneClusterImpl-c3f67427-b36b-4ee4-bde0-91623ce58163/datanode-5/data/ratis/0d41620a-3cbb-499e-b93b-0fc0af6d08e6 has been successfully formatted.
2023-12-19 18:18:01,003 [f3699da5-7632-4885-9efe-d79f82e47143-groupManagement] INFO  ratis.ContainerStateMachine (ContainerStateMachine.java:loadSnapshot(287)) - group-0FC0AF6D08E6: The snapshot info is null. Setting the last applied indexto:(t:0, i:~)
2023-12-19 18:18:01,003 [f3699da5-7632-4885-9efe-d79f82e47143-groupManagement] INFO  server.RaftServerConfigKeys (ConfUtils.java:logGet(46)) - raft.server.log.use.memory = false (default)
2023-12-19 18:18:01,003 [f3699da5-7632-4885-9efe-d79f82e47143-groupManagement] INFO  server.RaftServerConfigKeys (ConfUtils.java:logGet(46)) - raft.server.log.purge.gap = 1000000 (custom)
2023-12-19 18:18:01,003 [f3699da5-7632-4885-9efe-d79f82e47143-groupManagement] INFO  server.RaftServerConfigKeys (ConfUtils.java:logGet(46)) - raft.server.log.appender.buffer.byte-limit = 8388608 (custom)
2023-12-19 18:18:01,004 [f3699da5-7632-4885-9efe-d79f82e47143-groupManagement] INFO  server.RaftServerConfigKeys (ConfUtils.java:logGet(46)) - raft.server.log.statemachine.data.read.timeout = 1000ms (default)
2023-12-19 18:18:01,004 [f3699da5-7632-4885-9efe-d79f82e47143-groupManagement] INFO  server.RaftServerConfigKeys (ConfUtils.java:logGet(46)) - raft.server.log.purge.preservation.log.num = 0 (default)
2023-12-19 18:18:01,006 [EventQueue-OpenPipelineForHealthyPipelineSafeModeRule] INFO  safemode.SCMSafeModeManager (HealthyPipelineSafeModeRule.java:process(140)) - SCM in safe mode. Healthy pipelines reported count is 0, required healthy pipeline reported count is 1
2023-12-19 18:18:01,009 [244ca980-f87d-4e1f-bf92-41859c631eea-PipelineCommandHandlerThread-0] INFO  commandhandler.CreatePipelineCommandHandler (CreatePipelineCommandHandler.java:lambda$handle$2(124)) - Created Pipeline RATIS THREE PipelineID=fe77e429-5f3d-4142-9d51-83c92cc6210c.
2023-12-19 18:18:01,009 [244ca980-f87d-4e1f-bf92-41859c631eea-PipelineCommandHandlerThread-0] INFO  server.RaftServer (RaftServerProxy.java:addNew(100)) - 244ca980-f87d-4e1f-bf92-41859c631eea: addNew group-0FC0AF6D08E6:[f3699da5-7632-4885-9efe-d79f82e47143|10.1.0.19:15059, b44d76fe-ddfd-47c8-8f4d-0e79dfcb9ca5|10.1.0.19:15050, 244ca980-f87d-4e1f-bf92-41859c631eea|10.1.0.19:15041] returns group-0FC0AF6D08E6:java.util.concurrent.CompletableFuture@46908ca2[Not completed]
2023-12-19 18:18:01,011 [244ca980-f87d-4e1f-bf92-41859c631eea-groupManagement] INFO  server.RaftServer$Division (RaftServerImpl.java:<init>(256)) - 244ca980-f87d-4e1f-bf92-41859c631eea: new RaftServerImpl for group-0FC0AF6D08E6:[f3699da5-7632-4885-9efe-d79f82e47143|10.1.0.19:15059, b44d76fe-ddfd-47c8-8f4d-0e79dfcb9ca5|10.1.0.19:15050, 244ca980-f87d-4e1f-bf92-41859c631eea|10.1.0.19:15041] with ContainerStateMachine:uninitialized
2023-12-19 18:18:01,011 [244ca980-f87d-4e1f-bf92-41859c631eea-groupManagement] INFO  server.RaftServerConfigKeys (ConfUtils.java:logGet(46)) - raft.server.rpc.timeout.min = 5s (custom)
2023-12-19 18:18:01,011 [244ca980-f87d-4e1f-bf92-41859c631eea-groupManagement] INFO  server.RaftServerConfigKeys (ConfUtils.java:logGet(46)) - raft.server.rpc.timeout.max = 5200ms (custom)
2023-12-19 18:18:01,011 [244ca980-f87d-4e1f-bf92-41859c631eea-groupManagement] INFO  server.RaftServerConfigKeys (ConfUtils.java:logGet(46)) - raft.server.rpc.sleep.time = 25ms (default)
2023-12-19 18:18:01,011 [244ca980-f87d-4e1f-bf92-41859c631eea-groupManagement] INFO  server.RaftServerConfigKeys (ConfUtils.java:logGet(46)) - raft.server.rpc.slowness.timeout = 300s (custom)
2023-12-19 18:18:01,011 [244ca980-f87d-4e1f-bf92-41859c631eea-groupManagement] INFO  server.RaftServerConfigKeys (ConfUtils.java:logGet(46)) - raft.server.leaderelection.leader.step-down.wait-time = 10s (default)
2023-12-19 18:18:01,011 [244ca980-f87d-4e1f-bf92-41859c631eea-groupManagement] INFO  server.RaftServerConfigKeys (ConfUtils.java:logGet(46)) - raft.server.leaderelection.member.majority-add = false (default)
2023-12-19 18:18:01,011 [244ca980-f87d-4e1f-bf92-41859c631eea-groupManagement] INFO  server.RaftServerConfigKeys (ConfUtils.java:logGet(46)) - raft.server.sleep.deviation.threshold = 300ms (default)
2023-12-19 18:18:01,012 [244ca980-f87d-4e1f-bf92-41859c631eea-groupManagement] INFO  server.RaftServer$Division (ServerState.java:<init>(113)) - 244ca980-f87d-4e1f-bf92-41859c631eea@group-0FC0AF6D08E6: ConfigurationManager, init=-1: peers:[f3699da5-7632-4885-9efe-d79f82e47143|10.1.0.19:15059, b44d76fe-ddfd-47c8-8f4d-0e79dfcb9ca5|10.1.0.19:15050, 244ca980-f87d-4e1f-bf92-41859c631eea|10.1.0.19:15041]|listeners:[], old=null, confs=<EMPTY_MAP>
2023-12-19 18:18:01,012 [244ca980-f87d-4e1f-bf92-41859c631eea-groupManagement] INFO  server.RaftServerConfigKeys (ConfUtils.java:logGet(46)) - raft.server.notification.no-leader.timeout = 300s (custom)
2023-12-19 18:18:01,012 [244ca980-f87d-4e1f-bf92-41859c631eea-groupManagement] INFO  server.RaftServerConfigKeys (ConfUtils.java:logGet(46)) - raft.server.read.timeout = 10s (default)
2023-12-19 18:18:01,012 [244ca980-f87d-4e1f-bf92-41859c631eea-groupManagement] INFO  server.RaftServerConfigKeys (ConfUtils.java:logGet(46)) - raft.server.retrycache.expirytime = 600000ms (custom)
2023-12-19 18:18:01,012 [244ca980-f87d-4e1f-bf92-41859c631eea-groupManagement] INFO  server.RaftServerConfigKeys (ConfUtils.java:logGet(46)) - raft.server.retrycache.statistics.expirytime = 100ms (default)
2023-12-19 18:18:01,012 [244ca980-f87d-4e1f-bf92-41859c631eea-groupManagement] INFO  server.RaftServerConfigKeys (ConfUtils.java:logGet(46)) - raft.server.read.option = DEFAULT (default)
2023-12-19 18:18:01,012 [244ca980-f87d-4e1f-bf92-41859c631eea-groupManagement] INFO  server.RaftServerConfigKeys (ConfUtils.java:logGet(46)) - raft.server.read.read-after-write-consistent.write-index-cache.expiry-time = 60s (default)
2023-12-19 18:18:01,027 [f3699da5-7632-4885-9efe-d79f82e47143-groupManagement] INFO  server.RaftServerConfigKeys (ConfUtils.java:logGet(46)) - raft.server.log.segment.size.max = 67108864 (custom)
2023-12-19 18:18:01,030 [f3699da5-7632-4885-9efe-d79f82e47143-groupManagement] INFO  server.RaftServerConfigKeys (ConfUtils.java:logGet(46)) - raft.server.log.segment.cache.num.max = 2 (custom)
2023-12-19 18:18:01,030 [f3699da5-7632-4885-9efe-d79f82e47143-groupManagement] INFO  server.RaftServerConfigKeys (ConfUtils.java:logGet(46)) - raft.server.log.segment.cache.size.max = 200MB (=209715200) (default)
2023-12-19 18:18:01,030 [f3699da5-7632-4885-9efe-d79f82e47143-groupManagement] INFO  server.RaftServerConfigKeys (ConfUtils.java:logGet(46)) - raft.server.log.appender.buffer.byte-limit = 8388608 (custom)
2023-12-19 18:18:01,030 [93d2edcd-6a6f-4cb3-ab2d-c0ab5a0bb6d7-groupManagement] INFO  server.RaftServerConfigKeys (ConfUtils.java:logGet(46)) - raft.server.rpc.request.timeout = 60s (custom)
2023-12-19 18:18:01,032 [93d2edcd-6a6f-4cb3-ab2d-c0ab5a0bb6d7-groupManagement] INFO  server.RaftServerConfigKeys (ConfUtils.java:logGet(46)) - raft.server.log.appender.install.snapshot.enabled = false (custom)
2023-12-19 18:18:01,032 [93d2edcd-6a6f-4cb3-ab2d-c0ab5a0bb6d7-groupManagement] INFO  server.RaftServerConfigKeys (ConfUtils.java:logGet(46)) - raft.server.threadpool.server.cached = true (default)
2023-12-19 18:18:01,032 [93d2edcd-6a6f-4cb3-ab2d-c0ab5a0bb6d7-groupManagement] INFO  server.RaftServerConfigKeys (ConfUtils.java:logGet(46)) - raft.server.threadpool.server.size = 0 (default)
2023-12-19 18:18:01,032 [93d2edcd-6a6f-4cb3-ab2d-c0ab5a0bb6d7-groupManagement] INFO  server.RaftServerConfigKeys (ConfUtils.java:logGet(46)) - raft.server.threadpool.client.cached = true (default)
2023-12-19 18:18:01,032 [93d2edcd-6a6f-4cb3-ab2d-c0ab5a0bb6d7-groupManagement] INFO  server.RaftServerConfigKeys (ConfUtils.java:logGet(46)) - raft.server.threadpool.client.size = 0 (default)
2023-12-19 18:18:01,032 [93d2edcd-6a6f-4cb3-ab2d-c0ab5a0bb6d7-groupManagement] INFO  server.RaftServerConfigKeys (ConfUtils.java:logGet(46)) - raft.server.storage.free-space.min = 0MB (=0) (default)
2023-12-19 18:18:01,033 [93d2edcd-6a6f-4cb3-ab2d-c0ab5a0bb6d7-groupManagement] INFO  server.RaftServerConfigKeys (ConfUtils.java:logGet(46)) - raft.server.log.corruption.policy = EXCEPTION (default)
2023-12-19 18:18:01,033 [93d2edcd-6a6f-4cb3-ab2d-c0ab5a0bb6d7-groupManagement] INFO  server.RaftServerConfigKeys (ConfUtils.java:logGet(46)) - raft.server.storage.dir = [/home/runner/work/ozone/ozone/hadoop-ozone/integration-test/target/test-dir/MiniOzoneClusterImpl-c3f67427-b36b-4ee4-bde0-91623ce58163/datanode-7/data/ratis] (custom)
2023-12-19 18:18:01,033 [cc2d5096-cbf7-4b7f-9694-9910b4c75033-groupManagement] INFO  server.RaftServerConfigKeys (ConfUtils.java:logGet(46)) - raft.server.rpc.request.timeout = 60s (custom)
2023-12-19 18:18:01,033 [cc2d5096-cbf7-4b7f-9694-9910b4c75033-groupManagement] INFO  server.RaftServerConfigKeys (ConfUtils.java:logGet(46)) - raft.server.log.appender.install.snapshot.enabled = false (custom)
2023-12-19 18:18:01,033 [cc2d5096-cbf7-4b7f-9694-9910b4c75033-groupManagement] INFO  server.RaftServerConfigKeys (ConfUtils.java:logGet(46)) - raft.server.threadpool.server.cached = true (default)
2023-12-19 18:18:01,033 [cc2d5096-cbf7-4b7f-9694-9910b4c75033-groupManagement] INFO  server.RaftServerConfigKeys (ConfUtils.java:logGet(46)) - raft.server.threadpool.server.size = 0 (default)
2023-12-19 18:18:01,033 [93d2edcd-6a6f-4cb3-ab2d-c0ab5a0bb6d7-groupManagement] INFO  storage.RaftStorageDirectory (RaftStorageDirectoryImpl.java:analyzeStorage(138)) - The storage directory /home/runner/work/ozone/ozone/hadoop-ozone/integration-test/target/test-dir/MiniOzoneClusterImpl-c3f67427-b36b-4ee4-bde0-91623ce58163/datanode-7/data/ratis/c1138b45-44fb-477f-9b6a-54bd720564a1 does not exist. Creating ...
2023-12-19 18:18:01,033 [244ca980-f87d-4e1f-bf92-41859c631eea-groupManagement] INFO  server.RaftServerConfigKeys (ConfUtils.java:logGet(46)) - raft.server.rpc.request.timeout = 60s (custom)
2023-12-19 18:18:01,033 [cc2d5096-cbf7-4b7f-9694-9910b4c75033-groupManagement] INFO  server.RaftServerConfigKeys (ConfUtils.java:logGet(46)) - raft.server.threadpool.client.cached = true (default)
2023-12-19 18:18:01,033 [244ca980-f87d-4e1f-bf92-41859c631eea-groupManagement] INFO  server.RaftServerConfigKeys (ConfUtils.java:logGet(46)) - raft.server.log.appender.install.snapshot.enabled = false (custom)
2023-12-19 18:18:01,033 [cc2d5096-cbf7-4b7f-9694-9910b4c75033-groupManagement] INFO  server.RaftServerConfigKeys (ConfUtils.java:logGet(46)) - raft.server.threadpool.client.size = 0 (default)
2023-12-19 18:18:01,034 [cc2d5096-cbf7-4b7f-9694-9910b4c75033-groupManagement] INFO  server.RaftServerConfigKeys (ConfUtils.java:logGet(46)) - raft.server.storage.free-space.min = 0MB (=0) (default)
2023-12-19 18:18:01,034 [cc2d5096-cbf7-4b7f-9694-9910b4c75033-groupManagement] INFO  server.RaftServerConfigKeys (ConfUtils.java:logGet(46)) - raft.server.log.corruption.policy = EXCEPTION (default)
2023-12-19 18:18:01,034 [cc2d5096-cbf7-4b7f-9694-9910b4c75033-groupManagement] INFO  server.RaftServerConfigKeys (ConfUtils.java:logGet(46)) - raft.server.storage.dir = [/home/runner/work/ozone/ozone/hadoop-ozone/integration-test/target/test-dir/MiniOzoneClusterImpl-c3f67427-b36b-4ee4-bde0-91623ce58163/datanode-6/data/ratis] (custom)
2023-12-19 18:18:01,034 [cc2d5096-cbf7-4b7f-9694-9910b4c75033-groupManagement] INFO  storage.RaftStorageDirectory (RaftStorageDirectoryImpl.java:analyzeStorage(138)) - The storage directory /home/runner/work/ozone/ozone/hadoop-ozone/integration-test/target/test-dir/MiniOzoneClusterImpl-c3f67427-b36b-4ee4-bde0-91623ce58163/datanode-6/data/ratis/8f3870ae-d5ad-47e7-81f2-c7dcf68f11f7 does not exist. Creating ...
2023-12-19 18:18:01,033 [244ca980-f87d-4e1f-bf92-41859c631eea-groupManagement] INFO  server.RaftServerConfigKeys (ConfUtils.java:logGet(46)) - raft.server.threadpool.server.cached = true (default)
2023-12-19 18:18:01,034 [244ca980-f87d-4e1f-bf92-41859c631eea-groupManagement] INFO  server.RaftServerConfigKeys (ConfUtils.java:logGet(46)) - raft.server.threadpool.server.size = 0 (default)
2023-12-19 18:18:01,034 [244ca980-f87d-4e1f-bf92-41859c631eea-groupManagement] INFO  server.RaftServerConfigKeys (ConfUtils.java:logGet(46)) - raft.server.threadpool.client.cached = true (default)
2023-12-19 18:18:01,034 [244ca980-f87d-4e1f-bf92-41859c631eea-groupManagement] INFO  server.RaftServerConfigKeys (ConfUtils.java:logGet(46)) - raft.server.threadpool.client.size = 0 (default)
2023-12-19 18:18:01,034 [244ca980-f87d-4e1f-bf92-41859c631eea-groupManagement] INFO  server.RaftServerConfigKeys (ConfUtils.java:logGet(46)) - raft.server.storage.free-space.min = 0MB (=0) (default)
2023-12-19 18:18:01,035 [244ca980-f87d-4e1f-bf92-41859c631eea-groupManagement] INFO  server.RaftServerConfigKeys (ConfUtils.java:logGet(46)) - raft.server.log.corruption.policy = EXCEPTION (default)
2023-12-19 18:18:01,035 [244ca980-f87d-4e1f-bf92-41859c631eea-groupManagement] INFO  server.RaftServerConfigKeys (ConfUtils.java:logGet(46)) - raft.server.storage.dir = [/home/runner/work/ozone/ozone/hadoop-ozone/integration-test/target/test-dir/MiniOzoneClusterImpl-c3f67427-b36b-4ee4-bde0-91623ce58163/datanode-3/data/ratis] (custom)
2023-12-19 18:18:01,035 [244ca980-f87d-4e1f-bf92-41859c631eea-groupManagement] INFO  storage.RaftStorageDirectory (RaftStorageDirectoryImpl.java:analyzeStorage(138)) - The storage directory /home/runner/work/ozone/ozone/hadoop-ozone/integration-test/target/test-dir/MiniOzoneClusterImpl-c3f67427-b36b-4ee4-bde0-91623ce58163/datanode-3/data/ratis/0d41620a-3cbb-499e-b93b-0fc0af6d08e6 does not exist. Creating ...
2023-12-19 18:18:01,037 [244ca980-f87d-4e1f-bf92-41859c631eea-groupManagement] INFO  storage.RaftStorageDirectory (RaftStorageDirectoryImpl.java:tryLock(232)) - Lock on /home/runner/work/ozone/ozone/hadoop-ozone/integration-test/target/test-dir/MiniOzoneClusterImpl-c3f67427-b36b-4ee4-bde0-91623ce58163/datanode-3/data/ratis/0d41620a-3cbb-499e-b93b-0fc0af6d08e6/in_use.lock acquired by nodename 34604@fv-az1381-513
2023-12-19 18:18:01,038 [f3699da5-7632-4885-9efe-d79f82e47143-groupManagement] INFO  util.AwaitToRun (AwaitToRun.java:start(81)) - Thread[f3699da5-7632-4885-9efe-d79f82e47143@group-0FC0AF6D08E6-cacheEviction-AwaitToRun,5,main] started
2023-12-19 18:18:01,039 [f3699da5-7632-4885-9efe-d79f82e47143-groupManagement] INFO  segmented.SegmentedRaftLogWorker (SegmentedRaftLogWorker.java:<init>(184)) - new f3699da5-7632-4885-9efe-d79f82e47143@group-0FC0AF6D08E6-SegmentedRaftLogWorker for RaftStorageImpl:Storage Directory /home/runner/work/ozone/ozone/hadoop-ozone/integration-test/target/test-dir/MiniOzoneClusterImpl-c3f67427-b36b-4ee4-bde0-91623ce58163/datanode-5/data/ratis/0d41620a-3cbb-499e-b93b-0fc0af6d08e6
2023-12-19 18:18:01,039 [f3699da5-7632-4885-9efe-d79f82e47143-groupManagement] INFO  server.RaftServerConfigKeys (ConfUtils.java:logGet(46)) - raft.server.log.queue.byte-limit = 4294967296 (custom)
2023-12-19 18:18:01,039 [f3699da5-7632-4885-9efe-d79f82e47143-groupManagement] INFO  server.RaftServerConfigKeys (ConfUtils.java:logGet(46)) - raft.server.log.queue.element-limit = 1024 (custom)
2023-12-19 18:18:01,039 [f3699da5-7632-4885-9efe-d79f82e47143-groupManagement] INFO  server.RaftServerConfigKeys (ConfUtils.java:logGet(46)) - raft.server.log.segment.size.max = 67108864 (custom)
2023-12-19 18:18:01,039 [f3699da5-7632-4885-9efe-d79f82e47143-groupManagement] INFO  server.RaftServerConfigKeys (ConfUtils.java:logGet(46)) - raft.server.log.preallocated.size = 4194304 (custom)
2023-12-19 18:18:01,039 [f3699da5-7632-4885-9efe-d79f82e47143-groupManagement] INFO  server.RaftServerConfigKeys (ConfUtils.java:logGet(46)) - raft.server.log.force.sync.num = 128 (default)
2023-12-19 18:18:01,039 [f3699da5-7632-4885-9efe-d79f82e47143-groupManagement] INFO  server.RaftServerConfigKeys (ConfUtils.java:logGet(46)) - raft.server.log.statemachine.data.sync = true (default)
2023-12-19 18:18:01,039 [f3699da5-7632-4885-9efe-d79f82e47143-groupManagement] INFO  server.RaftServerConfigKeys (ConfUtils.java:logGet(46)) - raft.server.log.statemachine.data.sync.timeout = 10s (default)
2023-12-19 18:18:01,039 [f3699da5-7632-4885-9efe-d79f82e47143-groupManagement] INFO  server.RaftServerConfigKeys (ConfUtils.java:logGet(46)) - raft.server.log.statemachine.data.sync.timeout.retry = 0 (custom)
2023-12-19 18:18:01,040 [f3699da5-7632-4885-9efe-d79f82e47143-groupManagement] INFO  server.RaftServerConfigKeys (ConfUtils.java:logGet(46)) - raft.server.log.write.buffer.size = 8388616 (custom)
2023-12-19 18:18:01,042 [f3699da5-7632-4885-9efe-d79f82e47143-groupManagement] INFO  server.RaftServerConfigKeys (ConfUtils.java:logGet(46)) - raft.server.log.appender.buffer.byte-limit = 8388608 (custom)
2023-12-19 18:18:01,043 [f3699da5-7632-4885-9efe-d79f82e47143-groupManagement] INFO  server.RaftServerConfigKeys (ConfUtils.java:logGet(46)) - raft.server.log.unsafe-flush.enabled = false (default)
2023-12-19 18:18:01,043 [f3699da5-7632-4885-9efe-d79f82e47143-groupManagement] INFO  server.RaftServerConfigKeys (ConfUtils.java:logGet(46)) - raft.server.log.async-flush.enabled = false (default)
2023-12-19 18:18:01,043 [f3699da5-7632-4885-9efe-d79f82e47143-groupManagement] INFO  server.RaftServerConfigKeys (ConfUtils.java:logGet(46)) - raft.server.log.statemachine.data.caching.enabled = true (custom)
2023-12-19 18:18:01,043 [f3699da5-7632-4885-9efe-d79f82e47143-groupManagement] INFO  segmented.SegmentedRaftLogWorker (SegmentedRaftLogWorker.java:lambda$new$0(135)) - f3699da5-7632-4885-9efe-d79f82e47143@group-0FC0AF6D08E6-SegmentedRaftLogWorker: flushIndex: setUnconditionally 0 -> -1
2023-12-19 18:18:01,043 [f3699da5-7632-4885-9efe-d79f82e47143-groupManagement] INFO  segmented.SegmentedRaftLogWorker (SegmentedRaftLogWorker.java:lambda$new$0(135)) - f3699da5-7632-4885-9efe-d79f82e47143@group-0FC0AF6D08E6-SegmentedRaftLogWorker: safeCacheEvictIndex: setUnconditionally 0 -> -1
2023-12-19 18:18:01,045 [244ca980-f87d-4e1f-bf92-41859c631eea-groupManagement] INFO  storage.RaftStorage (RaftStorageImpl.java:format(97)) - Storage directory /home/runner/work/ozone/ozone/hadoop-ozone/integration-test/target/test-dir/MiniOzoneClusterImpl-c3f67427-b36b-4ee4-bde0-91623ce58163/datanode-3/data/ratis/0d41620a-3cbb-499e-b93b-0fc0af6d08e6 has been successfully formatted.
2023-12-19 18:18:01,048 [93d2edcd-6a6f-4cb3-ab2d-c0ab5a0bb6d7-groupManagement] INFO  storage.RaftStorageDirectory (RaftStorageDirectoryImpl.java:tryLock(232)) - Lock on /home/runner/work/ozone/ozone/hadoop-ozone/integration-test/target/test-dir/MiniOzoneClusterImpl-c3f67427-b36b-4ee4-bde0-91623ce58163/datanode-7/data/ratis/c1138b45-44fb-477f-9b6a-54bd720564a1/in_use.lock acquired by nodename 34604@fv-az1381-513
2023-12-19 18:18:01,052 [cc2d5096-cbf7-4b7f-9694-9910b4c75033-groupManagement] INFO  storage.RaftStorageDirectory (RaftStorageDirectoryImpl.java:tryLock(232)) - Lock on /home/runner/work/ozone/ozone/hadoop-ozone/integration-test/target/test-dir/MiniOzoneClusterImpl-c3f67427-b36b-4ee4-bde0-91623ce58163/datanode-6/data/ratis/8f3870ae-d5ad-47e7-81f2-c7dcf68f11f7/in_use.lock acquired by nodename 34604@fv-az1381-513
2023-12-19 18:18:01,053 [93d2edcd-6a6f-4cb3-ab2d-c0ab5a0bb6d7-groupManagement] INFO  storage.RaftStorage (RaftStorageImpl.java:format(97)) - Storage directory /home/runner/work/ozone/ozone/hadoop-ozone/integration-test/target/test-dir/MiniOzoneClusterImpl-c3f67427-b36b-4ee4-bde0-91623ce58163/datanode-7/data/ratis/c1138b45-44fb-477f-9b6a-54bd720564a1 has been successfully formatted.
2023-12-19 18:18:01,054 [cc2d5096-cbf7-4b7f-9694-9910b4c75033-groupManagement] INFO  storage.RaftStorage (RaftStorageImpl.java:format(97)) - Storage directory /home/runner/work/ozone/ozone/hadoop-ozone/integration-test/target/test-dir/MiniOzoneClusterImpl-c3f67427-b36b-4ee4-bde0-91623ce58163/datanode-6/data/ratis/8f3870ae-d5ad-47e7-81f2-c7dcf68f11f7 has been successfully formatted.
2023-12-19 18:18:01,056 [244ca980-f87d-4e1f-bf92-41859c631eea-groupManagement] INFO  ratis.ContainerStateMachine (ContainerStateMachine.java:loadSnapshot(287)) - group-0FC0AF6D08E6: The snapshot info is null. Setting the last applied indexto:(t:0, i:~)
2023-12-19 18:18:01,056 [244ca980-f87d-4e1f-bf92-41859c631eea-groupManagement] INFO  server.RaftServerConfigKeys (ConfUtils.java:logGet(46)) - raft.server.log.use.memory = false (default)
2023-12-19 18:18:01,056 [244ca980-f87d-4e1f-bf92-41859c631eea-groupManagement] INFO  server.RaftServerConfigKeys (ConfUtils.java:logGet(46)) - raft.server.log.purge.gap = 1000000 (custom)
2023-12-19 18:18:01,057 [244ca980-f87d-4e1f-bf92-41859c631eea-groupManagement] INFO  server.RaftServerConfigKeys (ConfUtils.java:logGet(46)) - raft.server.log.appender.buffer.byte-limit = 8388608 (custom)
2023-12-19 18:18:01,057 [244ca980-f87d-4e1f-bf92-41859c631eea-groupManagement] INFO  server.RaftServerConfigKeys (ConfUtils.java:logGet(46)) - raft.server.log.statemachine.data.read.timeout = 1000ms (default)
2023-12-19 18:18:01,057 [244ca980-f87d-4e1f-bf92-41859c631eea-groupManagement] INFO  server.RaftServerConfigKeys (ConfUtils.java:logGet(46)) - raft.server.log.purge.preservation.log.num = 0 (default)
2023-12-19 18:18:01,059 [244ca980-f87d-4e1f-bf92-41859c631eea-groupManagement] INFO  server.RaftServerConfigKeys (ConfUtils.java:logGet(46)) - raft.server.log.segment.size.max = 67108864 (custom)
2023-12-19 18:18:01,059 [EventQueue-OpenPipelineForHealthyPipelineSafeModeRule] INFO  safemode.SCMSafeModeManager (HealthyPipelineSafeModeRule.java:process(140)) - SCM in safe mode. Healthy pipelines reported count is 0, required healthy pipeline reported count is 1
2023-12-19 18:18:01,059 [244ca980-f87d-4e1f-bf92-41859c631eea-groupManagement] INFO  server.RaftServerConfigKeys (ConfUtils.java:logGet(46)) - raft.server.log.segment.cache.num.max = 2 (custom)
2023-12-19 18:18:01,059 [244ca980-f87d-4e1f-bf92-41859c631eea-groupManagement] INFO  server.RaftServerConfigKeys (ConfUtils.java:logGet(46)) - raft.server.log.segment.cache.size.max = 200MB (=209715200) (default)
2023-12-19 18:18:01,059 [244ca980-f87d-4e1f-bf92-41859c631eea-groupManagement] INFO  server.RaftServerConfigKeys (ConfUtils.java:logGet(46)) - raft.server.log.appender.buffer.byte-limit = 8388608 (custom)
2023-12-19 18:18:01,064 [f3699da5-7632-4885-9efe-d79f82e47143-groupManagement] INFO  server.RaftServer$Division (RaftServerImpl.java:start(392)) - f3699da5-7632-4885-9efe-d79f82e47143@group-0FC0AF6D08E6: start as a follower, conf=-1: peers:[f3699da5-7632-4885-9efe-d79f82e47143|10.1.0.19:15059, b44d76fe-ddfd-47c8-8f4d-0e79dfcb9ca5|10.1.0.19:15050, 244ca980-f87d-4e1f-bf92-41859c631eea|10.1.0.19:15041]|listeners:[], old=null
2023-12-19 18:18:01,064 [f3699da5-7632-4885-9efe-d79f82e47143-groupManagement] INFO  server.RaftServer$Division (RaftServerImpl.java:setRole(379)) - f3699da5-7632-4885-9efe-d79f82e47143@group-0FC0AF6D08E6: changes role from      null to FOLLOWER at term 0 for startAsFollower
2023-12-19 18:18:01,064 [f3699da5-7632-4885-9efe-d79f82e47143-groupManagement] INFO  impl.RoleInfo (RoleInfo.java:updateAndGet(139)) - f3699da5-7632-4885-9efe-d79f82e47143: start f3699da5-7632-4885-9efe-d79f82e47143@group-0FC0AF6D08E6-FollowerState
2023-12-19 18:18:01,066 [f3699da5-7632-4885-9efe-d79f82e47143-groupManagement] INFO  util.JmxRegister (JmxRegister.java:tryRegister(44)) - Successfully registered JMX Bean with object name Ratis:service=RaftServer,group=group-0FC0AF6D08E6,id=f3699da5-7632-4885-9efe-d79f82e47143
2023-12-19 18:18:01,066 [f3699da5-7632-4885-9efe-d79f82e47143-groupManagement] INFO  server.RaftServerConfigKeys (ConfUtils.java:logGet(46)) - raft.server.snapshot.trigger-when-stop.enabled = true (default)
2023-12-19 18:18:01,066 [f3699da5-7632-4885-9efe-d79f82e47143-groupManagement] INFO  server.RaftServerConfigKeys (ConfUtils.java:logGet(46)) - raft.server.snapshot.auto.trigger.enabled = true (custom)
2023-12-19 18:18:01,066 [f3699da5-7632-4885-9efe-d79f82e47143-groupManagement] INFO  server.RaftServerConfigKeys (ConfUtils.java:logGet(46)) - raft.server.snapshot.auto.trigger.threshold = 10000 (custom)
2023-12-19 18:18:01,066 [f3699da5-7632-4885-9efe-d79f82e47143-groupManagement] INFO  server.RaftServerConfigKeys (ConfUtils.java:logGet(46)) - raft.server.snapshot.retention.file.num = 5 (custom)
2023-12-19 18:18:01,066 [f3699da5-7632-4885-9efe-d79f82e47143-groupManagement] INFO  server.RaftServerConfigKeys (ConfUtils.java:logGet(46)) - raft.server.log.purge.upto.snapshot.index = false (default)
2023-12-19 18:18:01,067 [f3699da5-7632-4885-9efe-d79f82e47143@group-0FC0AF6D08E6-FollowerState] INFO  server.RaftServerConfigKeys (ConfUtils.java:logFallback(53)) - raft.server.rpc.first-election.timeout.min = 5s (fallback to raft.server.rpc.timeout.min)
2023-12-19 18:18:01,067 [f3699da5-7632-4885-9efe-d79f82e47143@group-0FC0AF6D08E6-FollowerState] INFO  server.RaftServerConfigKeys (ConfUtils.java:logFallback(53)) - raft.server.rpc.first-election.timeout.max = 5200ms (fallback to raft.server.rpc.timeout.max)
2023-12-19 18:18:01,068 [f3699da5-7632-4885-9efe-d79f82e47143-PipelineCommandHandlerThread-0] INFO  ratis.XceiverServerRatis (XceiverServerRatis.java:addGroup(837)) - Created group PipelineID=0d41620a-3cbb-499e-b93b-0fc0af6d08e6
2023-12-19 18:18:01,069 [93d2edcd-6a6f-4cb3-ab2d-c0ab5a0bb6d7-groupManagement] INFO  ratis.ContainerStateMachine (ContainerStateMachine.java:loadSnapshot(287)) - group-54BD720564A1: The snapshot info is null. Setting the last applied indexto:(t:0, i:~)
2023-12-19 18:18:01,069 [93d2edcd-6a6f-4cb3-ab2d-c0ab5a0bb6d7-groupManagement] INFO  server.RaftServerConfigKeys (ConfUtils.java:logGet(46)) - raft.server.log.use.memory = false (default)
2023-12-19 18:18:01,069 [93d2edcd-6a6f-4cb3-ab2d-c0ab5a0bb6d7-groupManagement] INFO  server.RaftServerConfigKeys (ConfUtils.java:logGet(46)) - raft.server.log.purge.gap = 1000000 (custom)
2023-12-19 18:18:01,069 [93d2edcd-6a6f-4cb3-ab2d-c0ab5a0bb6d7-groupManagement] INFO  server.RaftServerConfigKeys (ConfUtils.java:logGet(46)) - raft.server.log.appender.buffer.byte-limit = 8388608 (custom)
2023-12-19 18:18:01,069 [93d2edcd-6a6f-4cb3-ab2d-c0ab5a0bb6d7-groupManagement] INFO  server.RaftServerConfigKeys (ConfUtils.java:logGet(46)) - raft.server.log.statemachine.data.read.timeout = 1000ms (default)
2023-12-19 18:18:01,069 [93d2edcd-6a6f-4cb3-ab2d-c0ab5a0bb6d7-groupManagement] INFO  server.RaftServerConfigKeys (ConfUtils.java:logGet(46)) - raft.server.log.purge.preservation.log.num = 0 (default)
2023-12-19 18:18:01,071 [93d2edcd-6a6f-4cb3-ab2d-c0ab5a0bb6d7-groupManagement] INFO  server.RaftServerConfigKeys (ConfUtils.java:logGet(46)) - raft.server.log.segment.size.max = 67108864 (custom)
2023-12-19 18:18:01,072 [93d2edcd-6a6f-4cb3-ab2d-c0ab5a0bb6d7-groupManagement] INFO  server.RaftServerConfigKeys (ConfUtils.java:logGet(46)) - raft.server.log.segment.cache.num.max = 2 (custom)
2023-12-19 18:18:01,072 [93d2edcd-6a6f-4cb3-ab2d-c0ab5a0bb6d7-groupManagement] INFO  server.RaftServerConfigKeys (ConfUtils.java:logGet(46)) - raft.server.log.segment.cache.size.max = 200MB (=209715200) (default)
2023-12-19 18:18:01,072 [93d2edcd-6a6f-4cb3-ab2d-c0ab5a0bb6d7-groupManagement] INFO  server.RaftServerConfigKeys (ConfUtils.java:logGet(46)) - raft.server.log.appender.buffer.byte-limit = 8388608 (custom)
2023-12-19 18:18:01,072 [EventQueue-PipelineReportForPipelineReportHandler] INFO  pipeline.PipelineReportHandler (PipelineReportHandler.java:processPipelineReport(136)) - Opened pipeline PipelineID=c1138b45-44fb-477f-9b6a-54bd720564a1
2023-12-19 18:18:01,072 [EventQueue-OpenPipelineForHealthyPipelineSafeModeRule] INFO  safemode.SCMSafeModeManager (HealthyPipelineSafeModeRule.java:process(140)) - SCM in safe mode. Healthy pipelines reported count is 0, required healthy pipeline reported count is 1
2023-12-19 18:18:01,076 [93d2edcd-6a6f-4cb3-ab2d-c0ab5a0bb6d7-groupManagement] INFO  util.AwaitToRun (AwaitToRun.java:start(81)) - Thread[93d2edcd-6a6f-4cb3-ab2d-c0ab5a0bb6d7@group-54BD720564A1-cacheEviction-AwaitToRun,5,main] started
2023-12-19 18:18:01,076 [93d2edcd-6a6f-4cb3-ab2d-c0ab5a0bb6d7-groupManagement] INFO  segmented.SegmentedRaftLogWorker (SegmentedRaftLogWorker.java:<init>(184)) - new 93d2edcd-6a6f-4cb3-ab2d-c0ab5a0bb6d7@group-54BD720564A1-SegmentedRaftLogWorker for RaftStorageImpl:Storage Directory /home/runner/work/ozone/ozone/hadoop-ozone/integration-test/target/test-dir/MiniOzoneClusterImpl-c3f67427-b36b-4ee4-bde0-91623ce58163/datanode-7/data/ratis/c1138b45-44fb-477f-9b6a-54bd720564a1
2023-12-19 18:18:01,076 [93d2edcd-6a6f-4cb3-ab2d-c0ab5a0bb6d7-groupManagement] INFO  server.RaftServerConfigKeys (ConfUtils.java:logGet(46)) - raft.server.log.queue.byte-limit = 4294967296 (custom)
2023-12-19 18:18:01,076 [93d2edcd-6a6f-4cb3-ab2d-c0ab5a0bb6d7-groupManagement] INFO  server.RaftServerConfigKeys (ConfUtils.java:logGet(46)) - raft.server.log.queue.element-limit = 1024 (custom)
2023-12-19 18:18:01,076 [93d2edcd-6a6f-4cb3-ab2d-c0ab5a0bb6d7-groupManagement] INFO  server.RaftServerConfigKeys (ConfUtils.java:logGet(46)) - raft.server.log.segment.size.max = 67108864 (custom)
2023-12-19 18:18:01,076 [93d2edcd-6a6f-4cb3-ab2d-c0ab5a0bb6d7-groupManagement] INFO  server.RaftServerConfigKeys (ConfUtils.java:logGet(46)) - raft.server.log.preallocated.size = 4194304 (custom)
2023-12-19 18:18:01,076 [93d2edcd-6a6f-4cb3-ab2d-c0ab5a0bb6d7-groupManagement] INFO  server.RaftServerConfigKeys (ConfUtils.java:logGet(46)) - raft.server.log.force.sync.num = 128 (default)
2023-12-19 18:18:01,076 [93d2edcd-6a6f-4cb3-ab2d-c0ab5a0bb6d7-groupManagement] INFO  server.RaftServerConfigKeys (ConfUtils.java:logGet(46)) - raft.server.log.statemachine.data.sync = true (default)
2023-12-19 18:18:01,076 [93d2edcd-6a6f-4cb3-ab2d-c0ab5a0bb6d7-groupManagement] INFO  server.RaftServerConfigKeys (ConfUtils.java:logGet(46)) - raft.server.log.statemachine.data.sync.timeout = 10s (default)
2023-12-19 18:18:01,076 [93d2edcd-6a6f-4cb3-ab2d-c0ab5a0bb6d7-groupManagement] INFO  server.RaftServerConfigKeys (ConfUtils.java:logGet(46)) - raft.server.log.statemachine.data.sync.timeout.retry = 0 (custom)
2023-12-19 18:18:01,077 [93d2edcd-6a6f-4cb3-ab2d-c0ab5a0bb6d7-groupManagement] INFO  server.RaftServerConfigKeys (ConfUtils.java:logGet(46)) - raft.server.log.write.buffer.size = 8388616 (custom)
2023-12-19 18:18:01,078 [93d2edcd-6a6f-4cb3-ab2d-c0ab5a0bb6d7-groupManagement] INFO  server.RaftServerConfigKeys (ConfUtils.java:logGet(46)) - raft.server.log.appender.buffer.byte-limit = 8388608 (custom)
2023-12-19 18:18:01,079 [93d2edcd-6a6f-4cb3-ab2d-c0ab5a0bb6d7-groupManagement] INFO  server.RaftServerConfigKeys (ConfUtils.java:logGet(46)) - raft.server.log.unsafe-flush.enabled = false (default)
2023-12-19 18:18:01,079 [93d2edcd-6a6f-4cb3-ab2d-c0ab5a0bb6d7-groupManagement] INFO  server.RaftServerConfigKeys (ConfUtils.java:logGet(46)) - raft.server.log.async-flush.enabled = false (default)
2023-12-19 18:18:01,080 [93d2edcd-6a6f-4cb3-ab2d-c0ab5a0bb6d7-groupManagement] INFO  server.RaftServerConfigKeys (ConfUtils.java:logGet(46)) - raft.server.log.statemachine.data.caching.enabled = true (custom)
2023-12-19 18:18:01,080 [93d2edcd-6a6f-4cb3-ab2d-c0ab5a0bb6d7-groupManagement] INFO  segmented.SegmentedRaftLogWorker (SegmentedRaftLogWorker.java:lambda$new$0(135)) - 93d2edcd-6a6f-4cb3-ab2d-c0ab5a0bb6d7@group-54BD720564A1-SegmentedRaftLogWorker: flushIndex: setUnconditionally 0 -> -1
2023-12-19 18:18:01,080 [93d2edcd-6a6f-4cb3-ab2d-c0ab5a0bb6d7-groupManagement] INFO  segmented.SegmentedRaftLogWorker (SegmentedRaftLogWorker.java:lambda$new$0(135)) - 93d2edcd-6a6f-4cb3-ab2d-c0ab5a0bb6d7@group-54BD720564A1-SegmentedRaftLogWorker: safeCacheEvictIndex: setUnconditionally 0 -> -1
2023-12-19 18:18:01,080 [244ca980-f87d-4e1f-bf92-41859c631eea-groupManagement] INFO  util.AwaitToRun (AwaitToRun.java:start(81)) - Thread[244ca980-f87d-4e1f-bf92-41859c631eea@group-0FC0AF6D08E6-cacheEviction-AwaitToRun,5,main] started
2023-12-19 18:18:01,080 [244ca980-f87d-4e1f-bf92-41859c631eea-groupManagement] INFO  segmented.SegmentedRaftLogWorker (SegmentedRaftLogWorker.java:<init>(184)) - new 244ca980-f87d-4e1f-bf92-41859c631eea@group-0FC0AF6D08E6-SegmentedRaftLogWorker for RaftStorageImpl:Storage Directory /home/runner/work/ozone/ozone/hadoop-ozone/integration-test/target/test-dir/MiniOzoneClusterImpl-c3f67427-b36b-4ee4-bde0-91623ce58163/datanode-3/data/ratis/0d41620a-3cbb-499e-b93b-0fc0af6d08e6
2023-12-19 18:18:01,080 [244ca980-f87d-4e1f-bf92-41859c631eea-groupManagement] INFO  server.RaftServerConfigKeys (ConfUtils.java:logGet(46)) - raft.server.log.queue.byte-limit = 4294967296 (custom)
2023-12-19 18:18:01,080 [244ca980-f87d-4e1f-bf92-41859c631eea-groupManagement] INFO  server.RaftServerConfigKeys (ConfUtils.java:logGet(46)) - raft.server.log.queue.element-limit = 1024 (custom)
2023-12-19 18:18:01,080 [244ca980-f87d-4e1f-bf92-41859c631eea-groupManagement] INFO  server.RaftServerConfigKeys (ConfUtils.java:logGet(46)) - raft.server.log.segment.size.max = 67108864 (custom)
2023-12-19 18:18:01,080 [244ca980-f87d-4e1f-bf92-41859c631eea-groupManagement] INFO  server.RaftServerConfigKeys (ConfUtils.java:logGet(46)) - raft.server.log.preallocated.size = 4194304 (custom)
2023-12-19 18:18:01,081 [cc2d5096-cbf7-4b7f-9694-9910b4c75033-groupManagement] INFO  ratis.ContainerStateMachine (ContainerStateMachine.java:loadSnapshot(287)) - group-C7DCF68F11F7: The snapshot info is null. Setting the last applied indexto:(t:0, i:~)
2023-12-19 18:18:01,081 [cc2d5096-cbf7-4b7f-9694-9910b4c75033-groupManagement] INFO  server.RaftServerConfigKeys (ConfUtils.java:logGet(46)) - raft.server.log.use.memory = false (default)
2023-12-19 18:18:01,081 [cc2d5096-cbf7-4b7f-9694-9910b4c75033-groupManagement] INFO  server.RaftServerConfigKeys (ConfUtils.java:logGet(46)) - raft.server.log.purge.gap = 1000000 (custom)
2023-12-19 18:18:01,081 [cc2d5096-cbf7-4b7f-9694-9910b4c75033-groupManagement] INFO  server.RaftServerConfigKeys (ConfUtils.java:logGet(46)) - raft.server.log.appender.buffer.byte-limit = 8388608 (custom)
2023-12-19 18:18:01,081 [cc2d5096-cbf7-4b7f-9694-9910b4c75033-groupManagement] INFO  server.RaftServerConfigKeys (ConfUtils.java:logGet(46)) - raft.server.log.statemachine.data.read.timeout = 1000ms (default)
2023-12-19 18:18:01,081 [cc2d5096-cbf7-4b7f-9694-9910b4c75033-groupManagement] INFO  server.RaftServerConfigKeys (ConfUtils.java:logGet(46)) - raft.server.log.purge.preservation.log.num = 0 (default)
2023-12-19 18:18:01,083 [cc2d5096-cbf7-4b7f-9694-9910b4c75033-groupManagement] INFO  server.RaftServerConfigKeys (ConfUtils.java:logGet(46)) - raft.server.log.segment.size.max = 67108864 (custom)
2023-12-19 18:18:01,084 [cc2d5096-cbf7-4b7f-9694-9910b4c75033-groupManagement] INFO  server.RaftServerConfigKeys (ConfUtils.java:logGet(46)) - raft.server.log.segment.cache.num.max = 2 (custom)
2023-12-19 18:18:01,084 [cc2d5096-cbf7-4b7f-9694-9910b4c75033-groupManagement] INFO  server.RaftServerConfigKeys (ConfUtils.java:logGet(46)) - raft.server.log.segment.cache.size.max = 200MB (=209715200) (default)
2023-12-19 18:18:01,084 [cc2d5096-cbf7-4b7f-9694-9910b4c75033-groupManagement] INFO  server.RaftServerConfigKeys (ConfUtils.java:logGet(46)) - raft.server.log.appender.buffer.byte-limit = 8388608 (custom)
2023-12-19 18:18:01,081 [244ca980-f87d-4e1f-bf92-41859c631eea-groupManagement] INFO  server.RaftServerConfigKeys (ConfUtils.java:logGet(46)) - raft.server.log.force.sync.num = 128 (default)
2023-12-19 18:18:01,084 [244ca980-f87d-4e1f-bf92-41859c631eea-groupManagement] INFO  server.RaftServerConfigKeys (ConfUtils.java:logGet(46)) - raft.server.log.statemachine.data.sync = true (default)
2023-12-19 18:18:01,084 [244ca980-f87d-4e1f-bf92-41859c631eea-groupManagement] INFO  server.RaftServerConfigKeys (ConfUtils.java:logGet(46)) - raft.server.log.statemachine.data.sync.timeout = 10s (default)
2023-12-19 18:18:01,084 [244ca980-f87d-4e1f-bf92-41859c631eea-groupManagement] INFO  server.RaftServerConfigKeys (ConfUtils.java:logGet(46)) - raft.server.log.statemachine.data.sync.timeout.retry = 0 (custom)
2023-12-19 18:18:01,084 [244ca980-f87d-4e1f-bf92-41859c631eea-groupManagement] INFO  server.RaftServerConfigKeys (ConfUtils.java:logGet(46)) - raft.server.log.write.buffer.size = 8388616 (custom)
2023-12-19 18:18:01,086 [EventQueue-OpenPipelineForHealthyPipelineSafeModeRule] INFO  safemode.SCMSafeModeManager (HealthyPipelineSafeModeRule.java:process(140)) - SCM in safe mode. Healthy pipelines reported count is 0, required healthy pipeline reported count is 1
2023-12-19 18:18:01,086 [8a9232c4-f36b-4377-b9ad-83954010d1e2-PipelineCommandHandlerThread-0] INFO  server.RaftServer (RaftServerProxy.java:addNew(100)) - 8a9232c4-f36b-4377-b9ad-83954010d1e2: addNew group-B55983E01C1D:[8a9232c4-f36b-4377-b9ad-83954010d1e2|10.1.0.19:15086] returns group-B55983E01C1D:java.util.concurrent.CompletableFuture@5ac93aec[Not completed]
2023-12-19 18:18:01,087 [244ca980-f87d-4e1f-bf92-41859c631eea-groupManagement] INFO  server.RaftServerConfigKeys (ConfUtils.java:logGet(46)) - raft.server.log.appender.buffer.byte-limit = 8388608 (custom)
2023-12-19 18:18:01,088 [244ca980-f87d-4e1f-bf92-41859c631eea-groupManagement] INFO  server.RaftServerConfigKeys (ConfUtils.java:logGet(46)) - raft.server.log.unsafe-flush.enabled = false (default)
2023-12-19 18:18:01,088 [244ca980-f87d-4e1f-bf92-41859c631eea-groupManagement] INFO  server.RaftServerConfigKeys (ConfUtils.java:logGet(46)) - raft.server.log.async-flush.enabled = false (default)
2023-12-19 18:18:01,088 [244ca980-f87d-4e1f-bf92-41859c631eea-groupManagement] INFO  server.RaftServerConfigKeys (ConfUtils.java:logGet(46)) - raft.server.log.statemachine.data.caching.enabled = true (custom)
2023-12-19 18:18:01,088 [244ca980-f87d-4e1f-bf92-41859c631eea-groupManagement] INFO  segmented.SegmentedRaftLogWorker (SegmentedRaftLogWorker.java:lambda$new$0(135)) - 244ca980-f87d-4e1f-bf92-41859c631eea@group-0FC0AF6D08E6-SegmentedRaftLogWorker: flushIndex: setUnconditionally 0 -> -1
2023-12-19 18:18:01,088 [244ca980-f87d-4e1f-bf92-41859c631eea-groupManagement] INFO  segmented.SegmentedRaftLogWorker (SegmentedRaftLogWorker.java:lambda$new$0(135)) - 244ca980-f87d-4e1f-bf92-41859c631eea@group-0FC0AF6D08E6-SegmentedRaftLogWorker: safeCacheEvictIndex: setUnconditionally 0 -> -1
2023-12-19 18:18:01,089 [cc2d5096-cbf7-4b7f-9694-9910b4c75033-groupManagement] INFO  util.AwaitToRun (AwaitToRun.java:start(81)) - Thread[cc2d5096-cbf7-4b7f-9694-9910b4c75033@group-C7DCF68F11F7-cacheEviction-AwaitToRun,5,main] started
2023-12-19 18:18:01,092 [93d2edcd-6a6f-4cb3-ab2d-c0ab5a0bb6d7-groupManagement] INFO  server.RaftServer$Division (RaftServerImpl.java:start(392)) - 93d2edcd-6a6f-4cb3-ab2d-c0ab5a0bb6d7@group-54BD720564A1: start as a follower, conf=-1: peers:[93d2edcd-6a6f-4cb3-ab2d-c0ab5a0bb6d7|10.1.0.19:15077]|listeners:[], old=null
2023-12-19 18:18:01,280 [93d2edcd-6a6f-4cb3-ab2d-c0ab5a0bb6d7-groupManagement] INFO  server.RaftServer$Division (RaftServerImpl.java:setRole(379)) - 93d2edcd-6a6f-4cb3-ab2d-c0ab5a0bb6d7@group-54BD720564A1: changes role from      null to FOLLOWER at term 0 for startAsFollower
2023-12-19 18:18:01,275 [cc2d5096-cbf7-4b7f-9694-9910b4c75033-groupManagement] INFO  segmented.SegmentedRaftLogWorker (SegmentedRaftLogWorker.java:<init>(184)) - new cc2d5096-cbf7-4b7f-9694-9910b4c75033@group-C7DCF68F11F7-SegmentedRaftLogWorker for RaftStorageImpl:Storage Directory /home/runner/work/ozone/ozone/hadoop-ozone/integration-test/target/test-dir/MiniOzoneClusterImpl-c3f67427-b36b-4ee4-bde0-91623ce58163/datanode-6/data/ratis/8f3870ae-d5ad-47e7-81f2-c7dcf68f11f7
2023-12-19 18:18:01,280 [cc2d5096-cbf7-4b7f-9694-9910b4c75033-groupManagement] INFO  server.RaftServerConfigKeys (ConfUtils.java:logGet(46)) - raft.server.log.queue.byte-limit = 4294967296 (custom)
2023-12-19 18:18:01,280 [244ca980-f87d-4e1f-bf92-41859c631eea-groupManagement] INFO  server.RaftServer$Division (RaftServerImpl.java:start(392)) - 244ca980-f87d-4e1f-bf92-41859c631eea@group-0FC0AF6D08E6: start as a follower, conf=-1: peers:[f3699da5-7632-4885-9efe-d79f82e47143|10.1.0.19:15059, b44d76fe-ddfd-47c8-8f4d-0e79dfcb9ca5|10.1.0.19:15050, 244ca980-f87d-4e1f-bf92-41859c631eea|10.1.0.19:15041]|listeners:[], old=null
2023-12-19 18:18:01,280 [244ca980-f87d-4e1f-bf92-41859c631eea-groupManagement] INFO  server.RaftServer$Division (RaftServerImpl.java:setRole(379)) - 244ca980-f87d-4e1f-bf92-41859c631eea@group-0FC0AF6D08E6: changes role from      null to FOLLOWER at term 0 for startAsFollower
2023-12-19 18:18:01,280 [244ca980-f87d-4e1f-bf92-41859c631eea-groupManagement] INFO  impl.RoleInfo (RoleInfo.java:updateAndGet(139)) - 244ca980-f87d-4e1f-bf92-41859c631eea: start 244ca980-f87d-4e1f-bf92-41859c631eea@group-0FC0AF6D08E6-FollowerState
2023-12-19 18:18:01,275 [8a9232c4-f36b-4377-b9ad-83954010d1e2-groupManagement] INFO  server.RaftServer$Division (RaftServerImpl.java:<init>(256)) - 8a9232c4-f36b-4377-b9ad-83954010d1e2: new RaftServerImpl for group-B55983E01C1D:[8a9232c4-f36b-4377-b9ad-83954010d1e2|10.1.0.19:15086] with ContainerStateMachine:uninitialized
2023-12-19 18:18:01,281 [8a9232c4-f36b-4377-b9ad-83954010d1e2-groupManagement] INFO  server.RaftServerConfigKeys (ConfUtils.java:logGet(46)) - raft.server.rpc.timeout.min = 5s (custom)
2023-12-19 18:18:01,281 [8a9232c4-f36b-4377-b9ad-83954010d1e2-groupManagement] INFO  server.RaftServerConfigKeys (ConfUtils.java:logGet(46)) - raft.server.rpc.timeout.max = 5200ms (custom)
2023-12-19 18:18:01,281 [8a9232c4-f36b-4377-b9ad-83954010d1e2-groupManagement] INFO  server.RaftServerConfigKeys (ConfUtils.java:logGet(46)) - raft.server.rpc.sleep.time = 25ms (default)
2023-12-19 18:18:01,281 [8a9232c4-f36b-4377-b9ad-83954010d1e2-groupManagement] INFO  server.RaftServerConfigKeys (ConfUtils.java:logGet(46)) - raft.server.rpc.slowness.timeout = 300s (custom)
2023-12-19 18:18:01,281 [8a9232c4-f36b-4377-b9ad-83954010d1e2-groupManagement] INFO  server.RaftServerConfigKeys (ConfUtils.java:logGet(46)) - raft.server.leaderelection.leader.step-down.wait-time = 10s (default)
2023-12-19 18:18:01,281 [8a9232c4-f36b-4377-b9ad-83954010d1e2-groupManagement] INFO  server.RaftServerConfigKeys (ConfUtils.java:logGet(46)) - raft.server.leaderelection.member.majority-add = false (default)
2023-12-19 18:18:01,281 [8a9232c4-f36b-4377-b9ad-83954010d1e2-groupManagement] INFO  server.RaftServerConfigKeys (ConfUtils.java:logGet(46)) - raft.server.sleep.deviation.threshold = 300ms (default)
2023-12-19 18:18:01,281 [8a9232c4-f36b-4377-b9ad-83954010d1e2-groupManagement] INFO  server.RaftServer$Division (ServerState.java:<init>(113)) - 8a9232c4-f36b-4377-b9ad-83954010d1e2@group-B55983E01C1D: ConfigurationManager, init=-1: peers:[8a9232c4-f36b-4377-b9ad-83954010d1e2|10.1.0.19:15086]|listeners:[], old=null, confs=<EMPTY_MAP>
2023-12-19 18:18:01,281 [8a9232c4-f36b-4377-b9ad-83954010d1e2-groupManagement] INFO  server.RaftServerConfigKeys (ConfUtils.java:logGet(46)) - raft.server.notification.no-leader.timeout = 300s (custom)
2023-12-19 18:18:01,282 [8a9232c4-f36b-4377-b9ad-83954010d1e2-groupManagement] INFO  server.RaftServerConfigKeys (ConfUtils.java:logGet(46)) - raft.server.read.timeout = 10s (default)
2023-12-19 18:18:01,282 [8a9232c4-f36b-4377-b9ad-83954010d1e2-groupManagement] INFO  server.RaftServerConfigKeys (ConfUtils.java:logGet(46)) - raft.server.retrycache.expirytime = 600000ms (custom)
2023-12-19 18:18:01,282 [8a9232c4-f36b-4377-b9ad-83954010d1e2-groupManagement] INFO  server.RaftServerConfigKeys (ConfUtils.java:logGet(46)) - raft.server.retrycache.statistics.expirytime = 100ms (default)
2023-12-19 18:18:01,282 [8a9232c4-f36b-4377-b9ad-83954010d1e2-groupManagement] INFO  server.RaftServerConfigKeys (ConfUtils.java:logGet(46)) - raft.server.read.option = DEFAULT (default)
2023-12-19 18:18:01,282 [8a9232c4-f36b-4377-b9ad-83954010d1e2-groupManagement] INFO  server.RaftServerConfigKeys (ConfUtils.java:logGet(46)) - raft.server.read.read-after-write-consistent.write-index-cache.expiry-time = 60s (default)
2023-12-19 18:18:01,264 [d0e3d241-91aa-4721-8188-ae5e0af11890-PipelineCommandHandlerThread-0] INFO  commandhandler.CreatePipelineCommandHandler (CreatePipelineCommandHandler.java:lambda$handle$2(124)) - Created Pipeline RATIS THREE PipelineID=9f61989e-7be0-4f12-963c-03ba1c6394b6.
2023-12-19 18:18:01,264 [e7599229-5a8e-48b0-86e7-2247601ad11a-PipelineCommandHandlerThread-0] INFO  commandhandler.CreatePipelineCommandHandler (CreatePipelineCommandHandler.java:lambda$handle$2(124)) - Created Pipeline RATIS THREE PipelineID=9f61989e-7be0-4f12-963c-03ba1c6394b6.
2023-12-19 18:18:01,280 [cc2d5096-cbf7-4b7f-9694-9910b4c75033-groupManagement] INFO  server.RaftServerConfigKeys (ConfUtils.java:logGet(46)) - raft.server.log.queue.element-limit = 1024 (custom)
2023-12-19 18:18:01,284 [cc2d5096-cbf7-4b7f-9694-9910b4c75033-groupManagement] INFO  server.RaftServerConfigKeys (ConfUtils.java:logGet(46)) - raft.server.log.segment.size.max = 67108864 (custom)
2023-12-19 18:18:01,284 [cc2d5096-cbf7-4b7f-9694-9910b4c75033-groupManagement] INFO  server.RaftServerConfigKeys (ConfUtils.java:logGet(46)) - raft.server.log.preallocated.size = 4194304 (custom)
2023-12-19 18:18:01,284 [cc2d5096-cbf7-4b7f-9694-9910b4c75033-groupManagement] INFO  server.RaftServerConfigKeys (ConfUtils.java:logGet(46)) - raft.server.log.force.sync.num = 128 (default)
2023-12-19 18:18:01,284 [cc2d5096-cbf7-4b7f-9694-9910b4c75033-groupManagement] INFO  server.RaftServerConfigKeys (ConfUtils.java:logGet(46)) - raft.server.log.statemachine.data.sync = true (default)
2023-12-19 18:18:01,284 [cc2d5096-cbf7-4b7f-9694-9910b4c75033-groupManagement] INFO  server.RaftServerConfigKeys (ConfUtils.java:logGet(46)) - raft.server.log.statemachine.data.sync.timeout = 10s (default)
2023-12-19 18:18:01,284 [cc2d5096-cbf7-4b7f-9694-9910b4c75033-groupManagement] INFO  server.RaftServerConfigKeys (ConfUtils.java:logGet(46)) - raft.server.log.statemachine.data.sync.timeout.retry = 0 (custom)
2023-12-19 18:18:01,284 [cc2d5096-cbf7-4b7f-9694-9910b4c75033-groupManagement] INFO  server.RaftServerConfigKeys (ConfUtils.java:logGet(46)) - raft.server.log.write.buffer.size = 8388616 (custom)
2023-12-19 18:18:01,286 [cc2d5096-cbf7-4b7f-9694-9910b4c75033-groupManagement] INFO  server.RaftServerConfigKeys (ConfUtils.java:logGet(46)) - raft.server.log.appender.buffer.byte-limit = 8388608 (custom)
2023-12-19 18:18:01,287 [cc2d5096-cbf7-4b7f-9694-9910b4c75033-groupManagement] INFO  server.RaftServerConfigKeys (ConfUtils.java:logGet(46)) - raft.server.log.unsafe-flush.enabled = false (default)
2023-12-19 18:18:01,287 [cc2d5096-cbf7-4b7f-9694-9910b4c75033-groupManagement] INFO  server.RaftServerConfigKeys (ConfUtils.java:logGet(46)) - raft.server.log.async-flush.enabled = false (default)
2023-12-19 18:18:01,287 [cc2d5096-cbf7-4b7f-9694-9910b4c75033-groupManagement] INFO  server.RaftServerConfigKeys (ConfUtils.java:logGet(46)) - raft.server.log.statemachine.data.caching.enabled = true (custom)
2023-12-19 18:18:01,287 [cc2d5096-cbf7-4b7f-9694-9910b4c75033-groupManagement] INFO  segmented.SegmentedRaftLogWorker (SegmentedRaftLogWorker.java:lambda$new$0(135)) - cc2d5096-cbf7-4b7f-9694-9910b4c75033@group-C7DCF68F11F7-SegmentedRaftLogWorker: flushIndex: setUnconditionally 0 -> -1
2023-12-19 18:18:01,287 [cc2d5096-cbf7-4b7f-9694-9910b4c75033-groupManagement] INFO  segmented.SegmentedRaftLogWorker (SegmentedRaftLogWorker.java:lambda$new$0(135)) - cc2d5096-cbf7-4b7f-9694-9910b4c75033@group-C7DCF68F11F7-SegmentedRaftLogWorker: safeCacheEvictIndex: setUnconditionally 0 -> -1
2023-12-19 18:18:01,289 [244ca980-f87d-4e1f-bf92-41859c631eea@group-0FC0AF6D08E6-FollowerState] INFO  server.RaftServerConfigKeys (ConfUtils.java:logFallback(53)) - raft.server.rpc.first-election.timeout.min = 5s (fallback to raft.server.rpc.timeout.min)
2023-12-19 18:18:01,289 [244ca980-f87d-4e1f-bf92-41859c631eea@group-0FC0AF6D08E6-FollowerState] INFO  server.RaftServerConfigKeys (ConfUtils.java:logFallback(53)) - raft.server.rpc.first-election.timeout.max = 5200ms (fallback to raft.server.rpc.timeout.max)
2023-12-19 18:18:01,292 [8a9232c4-f36b-4377-b9ad-83954010d1e2-groupManagement] INFO  server.RaftServerConfigKeys (ConfUtils.java:logGet(46)) - raft.server.rpc.request.timeout = 60s (custom)
2023-12-19 18:18:01,292 [8a9232c4-f36b-4377-b9ad-83954010d1e2-groupManagement] INFO  server.RaftServerConfigKeys (ConfUtils.java:logGet(46)) - raft.server.log.appender.install.snapshot.enabled = false (custom)
2023-12-19 18:18:01,292 [8a9232c4-f36b-4377-b9ad-83954010d1e2-groupManagement] INFO  server.RaftServerConfigKeys (ConfUtils.java:logGet(46)) - raft.server.threadpool.server.cached = true (default)
2023-12-19 18:18:01,292 [8a9232c4-f36b-4377-b9ad-83954010d1e2-groupManagement] INFO  server.RaftServerConfigKeys (ConfUtils.java:logGet(46)) - raft.server.threadpool.server.size = 0 (default)
2023-12-19 18:18:01,292 [8a9232c4-f36b-4377-b9ad-83954010d1e2-groupManagement] INFO  server.RaftServerConfigKeys (ConfUtils.java:logGet(46)) - raft.server.threadpool.client.cached = true (default)
2023-12-19 18:18:01,292 [8a9232c4-f36b-4377-b9ad-83954010d1e2-groupManagement] INFO  server.RaftServerConfigKeys (ConfUtils.java:logGet(46)) - raft.server.threadpool.client.size = 0 (default)
2023-12-19 18:18:01,292 [8a9232c4-f36b-4377-b9ad-83954010d1e2-groupManagement] INFO  server.RaftServerConfigKeys (ConfUtils.java:logGet(46)) - raft.server.storage.free-space.min = 0MB (=0) (default)
2023-12-19 18:18:01,292 [8a9232c4-f36b-4377-b9ad-83954010d1e2-groupManagement] INFO  server.RaftServerConfigKeys (ConfUtils.java:logGet(46)) - raft.server.log.corruption.policy = EXCEPTION (default)
2023-12-19 18:18:01,292 [8a9232c4-f36b-4377-b9ad-83954010d1e2-groupManagement] INFO  server.RaftServerConfigKeys (ConfUtils.java:logGet(46)) - raft.server.storage.dir = [/home/runner/work/ozone/ozone/hadoop-ozone/integration-test/target/test-dir/MiniOzoneClusterImpl-c3f67427-b36b-4ee4-bde0-91623ce58163/datanode-8/data/ratis] (custom)
2023-12-19 18:18:01,293 [8a9232c4-f36b-4377-b9ad-83954010d1e2-groupManagement] INFO  storage.RaftStorageDirectory (RaftStorageDirectoryImpl.java:analyzeStorage(138)) - The storage directory /home/runner/work/ozone/ozone/hadoop-ozone/integration-test/target/test-dir/MiniOzoneClusterImpl-c3f67427-b36b-4ee4-bde0-91623ce58163/datanode-8/data/ratis/1f4ceac0-3147-4e43-b162-b55983e01c1d does not exist. Creating ...
2023-12-19 18:18:01,294 [8a9232c4-f36b-4377-b9ad-83954010d1e2-groupManagement] INFO  storage.RaftStorageDirectory (RaftStorageDirectoryImpl.java:tryLock(232)) - Lock on /home/runner/work/ozone/ozone/hadoop-ozone/integration-test/target/test-dir/MiniOzoneClusterImpl-c3f67427-b36b-4ee4-bde0-91623ce58163/datanode-8/data/ratis/1f4ceac0-3147-4e43-b162-b55983e01c1d/in_use.lock acquired by nodename 34604@fv-az1381-513
2023-12-19 18:18:01,294 [cc2d5096-cbf7-4b7f-9694-9910b4c75033-groupManagement] INFO  server.RaftServer$Division (RaftServerImpl.java:start(392)) - cc2d5096-cbf7-4b7f-9694-9910b4c75033@group-C7DCF68F11F7: start as a follower, conf=-1: peers:[93d2edcd-6a6f-4cb3-ab2d-c0ab5a0bb6d7|10.1.0.19:15077, 8a9232c4-f36b-4377-b9ad-83954010d1e2|10.1.0.19:15086, cc2d5096-cbf7-4b7f-9694-9910b4c75033|10.1.0.19:15068]|listeners:[], old=null
2023-12-19 18:18:01,294 [cc2d5096-cbf7-4b7f-9694-9910b4c75033-groupManagement] INFO  server.RaftServer$Division (RaftServerImpl.java:setRole(379)) - cc2d5096-cbf7-4b7f-9694-9910b4c75033@group-C7DCF68F11F7: changes role from      null to FOLLOWER at term 0 for startAsFollower
2023-12-19 18:18:01,294 [cc2d5096-cbf7-4b7f-9694-9910b4c75033-groupManagement] INFO  impl.RoleInfo (RoleInfo.java:updateAndGet(139)) - cc2d5096-cbf7-4b7f-9694-9910b4c75033: start cc2d5096-cbf7-4b7f-9694-9910b4c75033@group-C7DCF68F11F7-FollowerState
2023-12-19 18:18:01,298 [93d2edcd-6a6f-4cb3-ab2d-c0ab5a0bb6d7-groupManagement] INFO  impl.RoleInfo (RoleInfo.java:updateAndGet(139)) - 93d2edcd-6a6f-4cb3-ab2d-c0ab5a0bb6d7: start 93d2edcd-6a6f-4cb3-ab2d-c0ab5a0bb6d7@group-54BD720564A1-FollowerState
2023-12-19 18:18:01,298 [244ca980-f87d-4e1f-bf92-41859c631eea-groupManagement] INFO  util.JmxRegister (JmxRegister.java:tryRegister(44)) - Successfully registered JMX Bean with object name Ratis:service=RaftServer,group=group-0FC0AF6D08E6,id=244ca980-f87d-4e1f-bf92-41859c631eea
2023-12-19 18:18:01,298 [244ca980-f87d-4e1f-bf92-41859c631eea-groupManagement] INFO  server.RaftServerConfigKeys (ConfUtils.java:logGet(46)) - raft.server.snapshot.trigger-when-stop.enabled = true (default)
2023-12-19 18:18:01,298 [244ca980-f87d-4e1f-bf92-41859c631eea-groupManagement] INFO  server.RaftServerConfigKeys (ConfUtils.java:logGet(46)) - raft.server.snapshot.auto.trigger.enabled = true (custom)
2023-12-19 18:18:01,298 [244ca980-f87d-4e1f-bf92-41859c631eea-groupManagement] INFO  server.RaftServerConfigKeys (ConfUtils.java:logGet(46)) - raft.server.snapshot.auto.trigger.threshold = 10000 (custom)
2023-12-19 18:18:01,298 [244ca980-f87d-4e1f-bf92-41859c631eea-groupManagement] INFO  server.RaftServerConfigKeys (ConfUtils.java:logGet(46)) - raft.server.snapshot.retention.file.num = 5 (custom)
2023-12-19 18:18:01,298 [244ca980-f87d-4e1f-bf92-41859c631eea-groupManagement] INFO  server.RaftServerConfigKeys (ConfUtils.java:logGet(46)) - raft.server.log.purge.upto.snapshot.index = false (default)
2023-12-19 18:18:01,299 [93d2edcd-6a6f-4cb3-ab2d-c0ab5a0bb6d7-groupManagement] INFO  util.JmxRegister (JmxRegister.java:tryRegister(44)) - Successfully registered JMX Bean with object name Ratis:service=RaftServer,group=group-54BD720564A1,id=93d2edcd-6a6f-4cb3-ab2d-c0ab5a0bb6d7
2023-12-19 18:18:01,299 [93d2edcd-6a6f-4cb3-ab2d-c0ab5a0bb6d7-groupManagement] INFO  server.RaftServerConfigKeys (ConfUtils.java:logGet(46)) - raft.server.snapshot.trigger-when-stop.enabled = true (default)
2023-12-19 18:18:01,299 [93d2edcd-6a6f-4cb3-ab2d-c0ab5a0bb6d7-groupManagement] INFO  server.RaftServerConfigKeys (ConfUtils.java:logGet(46)) - raft.server.snapshot.auto.trigger.enabled = true (custom)
2023-12-19 18:18:01,299 [93d2edcd-6a6f-4cb3-ab2d-c0ab5a0bb6d7-groupManagement] INFO  server.RaftServerConfigKeys (ConfUtils.java:logGet(46)) - raft.server.snapshot.auto.trigger.threshold = 10000 (custom)
2023-12-19 18:18:01,299 [93d2edcd-6a6f-4cb3-ab2d-c0ab5a0bb6d7-groupManagement] INFO  server.RaftServerConfigKeys (ConfUtils.java:logGet(46)) - raft.server.snapshot.retention.file.num = 5 (custom)
2023-12-19 18:18:01,299 [93d2edcd-6a6f-4cb3-ab2d-c0ab5a0bb6d7-groupManagement] INFO  server.RaftServerConfigKeys (ConfUtils.java:logGet(46)) - raft.server.log.purge.upto.snapshot.index = false (default)
2023-12-19 18:18:01,299 [cc2d5096-cbf7-4b7f-9694-9910b4c75033-groupManagement] INFO  util.JmxRegister (JmxRegister.java:tryRegister(44)) - Successfully registered JMX Bean with object name Ratis:service=RaftServer,group=group-C7DCF68F11F7,id=cc2d5096-cbf7-4b7f-9694-9910b4c75033
2023-12-19 18:18:01,299 [cc2d5096-cbf7-4b7f-9694-9910b4c75033-groupManagement] INFO  server.RaftServerConfigKeys (ConfUtils.java:logGet(46)) - raft.server.snapshot.trigger-when-stop.enabled = true (default)
2023-12-19 18:18:01,299 [cc2d5096-cbf7-4b7f-9694-9910b4c75033-groupManagement] INFO  server.RaftServerConfigKeys (ConfUtils.java:logGet(46)) - raft.server.snapshot.auto.trigger.enabled = true (custom)
2023-12-19 18:18:01,299 [cc2d5096-cbf7-4b7f-9694-9910b4c75033-groupManagement] INFO  server.RaftServerConfigKeys (ConfUtils.java:logGet(46)) - raft.server.snapshot.auto.trigger.threshold = 10000 (custom)
2023-12-19 18:18:01,299 [cc2d5096-cbf7-4b7f-9694-9910b4c75033-groupManagement] INFO  server.RaftServerConfigKeys (ConfUtils.java:logGet(46)) - raft.server.snapshot.retention.file.num = 5 (custom)
2023-12-19 18:18:01,299 [cc2d5096-cbf7-4b7f-9694-9910b4c75033-groupManagement] INFO  server.RaftServerConfigKeys (ConfUtils.java:logGet(46)) - raft.server.log.purge.upto.snapshot.index = false (default)
2023-12-19 18:18:01,299 [93d2edcd-6a6f-4cb3-ab2d-c0ab5a0bb6d7@group-54BD720564A1-FollowerState] INFO  server.RaftServerConfigKeys (ConfUtils.java:logFallback(53)) - raft.server.rpc.first-election.timeout.min = 5s (fallback to raft.server.rpc.timeout.min)
2023-12-19 18:18:01,299 [93d2edcd-6a6f-4cb3-ab2d-c0ab5a0bb6d7@group-54BD720564A1-FollowerState] INFO  server.RaftServerConfigKeys (ConfUtils.java:logFallback(53)) - raft.server.rpc.first-election.timeout.max = 5200ms (fallback to raft.server.rpc.timeout.max)
2023-12-19 18:18:01,301 [a90b24a4-d9f8-4f3b-8812-3b02ea4f687f-PipelineCommandHandlerThread-0] INFO  server.RaftServer (RaftServerProxy.java:addNew(100)) - a90b24a4-d9f8-4f3b-8812-3b02ea4f687f: addNew group-1905EDCA018F:[a90b24a4-d9f8-4f3b-8812-3b02ea4f687f|10.1.0.19:15104] returns group-1905EDCA018F:java.util.concurrent.CompletableFuture@26381713[Not completed]
2023-12-19 18:18:01,301 [8a9232c4-f36b-4377-b9ad-83954010d1e2-groupManagement] INFO  storage.RaftStorage (RaftStorageImpl.java:format(97)) - Storage directory /home/runner/work/ozone/ozone/hadoop-ozone/integration-test/target/test-dir/MiniOzoneClusterImpl-c3f67427-b36b-4ee4-bde0-91623ce58163/datanode-8/data/ratis/1f4ceac0-3147-4e43-b162-b55983e01c1d has been successfully formatted.
2023-12-19 18:18:01,302 [a90b24a4-d9f8-4f3b-8812-3b02ea4f687f-groupManagement] INFO  server.RaftServer$Division (RaftServerImpl.java:<init>(256)) - a90b24a4-d9f8-4f3b-8812-3b02ea4f687f: new RaftServerImpl for group-1905EDCA018F:[a90b24a4-d9f8-4f3b-8812-3b02ea4f687f|10.1.0.19:15104] with ContainerStateMachine:uninitialized
2023-12-19 18:18:01,302 [a90b24a4-d9f8-4f3b-8812-3b02ea4f687f-groupManagement] INFO  server.RaftServerConfigKeys (ConfUtils.java:logGet(46)) - raft.server.rpc.timeout.min = 5s (custom)
2023-12-19 18:18:01,302 [a90b24a4-d9f8-4f3b-8812-3b02ea4f687f-groupManagement] INFO  server.RaftServerConfigKeys (ConfUtils.java:logGet(46)) - raft.server.rpc.timeout.max = 5200ms (custom)
2023-12-19 18:18:01,302 [a90b24a4-d9f8-4f3b-8812-3b02ea4f687f-groupManagement] INFO  server.RaftServerConfigKeys (ConfUtils.java:logGet(46)) - raft.server.rpc.sleep.time = 25ms (default)
2023-12-19 18:18:01,302 [a90b24a4-d9f8-4f3b-8812-3b02ea4f687f-groupManagement] INFO  server.RaftServerConfigKeys (ConfUtils.java:logGet(46)) - raft.server.rpc.slowness.timeout = 300s (custom)
2023-12-19 18:18:01,303 [a90b24a4-d9f8-4f3b-8812-3b02ea4f687f-groupManagement] INFO  server.RaftServerConfigKeys (ConfUtils.java:logGet(46)) - raft.server.leaderelection.leader.step-down.wait-time = 10s (default)
2023-12-19 18:18:01,303 [a90b24a4-d9f8-4f3b-8812-3b02ea4f687f-groupManagement] INFO  server.RaftServerConfigKeys (ConfUtils.java:logGet(46)) - raft.server.leaderelection.member.majority-add = false (default)
2023-12-19 18:18:01,303 [a90b24a4-d9f8-4f3b-8812-3b02ea4f687f-groupManagement] INFO  server.RaftServerConfigKeys (ConfUtils.java:logGet(46)) - raft.server.sleep.deviation.threshold = 300ms (default)
2023-12-19 18:18:01,303 [a90b24a4-d9f8-4f3b-8812-3b02ea4f687f-groupManagement] INFO  server.RaftServer$Division (ServerState.java:<init>(113)) - a90b24a4-d9f8-4f3b-8812-3b02ea4f687f@group-1905EDCA018F: ConfigurationManager, init=-1: peers:[a90b24a4-d9f8-4f3b-8812-3b02ea4f687f|10.1.0.19:15104]|listeners:[], old=null, confs=<EMPTY_MAP>
2023-12-19 18:18:01,303 [a90b24a4-d9f8-4f3b-8812-3b02ea4f687f-groupManagement] INFO  server.RaftServerConfigKeys (ConfUtils.java:logGet(46)) - raft.server.notification.no-leader.timeout = 300s (custom)
2023-12-19 18:18:01,303 [a90b24a4-d9f8-4f3b-8812-3b02ea4f687f-groupManagement] INFO  server.RaftServerConfigKeys (ConfUtils.java:logGet(46)) - raft.server.read.timeout = 10s (default)
2023-12-19 18:18:01,303 [a90b24a4-d9f8-4f3b-8812-3b02ea4f687f-groupManagement] INFO  server.RaftServerConfigKeys (ConfUtils.java:logGet(46)) - raft.server.retrycache.expirytime = 600000ms (custom)
2023-12-19 18:18:01,303 [a90b24a4-d9f8-4f3b-8812-3b02ea4f687f-groupManagement] INFO  server.RaftServerConfigKeys (ConfUtils.java:logGet(46)) - raft.server.retrycache.statistics.expirytime = 100ms (default)
2023-12-19 18:18:01,303 [a90b24a4-d9f8-4f3b-8812-3b02ea4f687f-groupManagement] INFO  server.RaftServerConfigKeys (ConfUtils.java:logGet(46)) - raft.server.read.option = DEFAULT (default)
2023-12-19 18:18:01,303 [a90b24a4-d9f8-4f3b-8812-3b02ea4f687f-groupManagement] INFO  server.RaftServerConfigKeys (ConfUtils.java:logGet(46)) - raft.server.read.read-after-write-consistent.write-index-cache.expiry-time = 60s (default)
2023-12-19 18:18:01,303 [cc2d5096-cbf7-4b7f-9694-9910b4c75033@group-C7DCF68F11F7-FollowerState] INFO  server.RaftServerConfigKeys (ConfUtils.java:logFallback(53)) - raft.server.rpc.first-election.timeout.min = 5s (fallback to raft.server.rpc.timeout.min)
2023-12-19 18:18:01,303 [cc2d5096-cbf7-4b7f-9694-9910b4c75033@group-C7DCF68F11F7-FollowerState] INFO  server.RaftServerConfigKeys (ConfUtils.java:logFallback(53)) - raft.server.rpc.first-election.timeout.max = 5200ms (fallback to raft.server.rpc.timeout.max)
2023-12-19 18:18:01,306 [a90b24a4-d9f8-4f3b-8812-3b02ea4f687f-groupManagement] INFO  server.RaftServerConfigKeys (ConfUtils.java:logGet(46)) - raft.server.rpc.request.timeout = 60s (custom)
2023-12-19 18:18:01,307 [a90b24a4-d9f8-4f3b-8812-3b02ea4f687f-groupManagement] INFO  server.RaftServerConfigKeys (ConfUtils.java:logGet(46)) - raft.server.log.appender.install.snapshot.enabled = false (custom)
2023-12-19 18:18:01,307 [a90b24a4-d9f8-4f3b-8812-3b02ea4f687f-groupManagement] INFO  server.RaftServerConfigKeys (ConfUtils.java:logGet(46)) - raft.server.threadpool.server.cached = true (default)
2023-12-19 18:18:01,307 [a90b24a4-d9f8-4f3b-8812-3b02ea4f687f-groupManagement] INFO  server.RaftServerConfigKeys (ConfUtils.java:logGet(46)) - raft.server.threadpool.server.size = 0 (default)
2023-12-19 18:18:01,307 [a90b24a4-d9f8-4f3b-8812-3b02ea4f687f-groupManagement] INFO  server.RaftServerConfigKeys (ConfUtils.java:logGet(46)) - raft.server.threadpool.client.cached = true (default)
2023-12-19 18:18:01,307 [a90b24a4-d9f8-4f3b-8812-3b02ea4f687f-groupManagement] INFO  server.RaftServerConfigKeys (ConfUtils.java:logGet(46)) - raft.server.threadpool.client.size = 0 (default)
2023-12-19 18:18:01,307 [a90b24a4-d9f8-4f3b-8812-3b02ea4f687f-groupManagement] INFO  server.RaftServerConfigKeys (ConfUtils.java:logGet(46)) - raft.server.storage.free-space.min = 0MB (=0) (default)
2023-12-19 18:18:01,307 [a90b24a4-d9f8-4f3b-8812-3b02ea4f687f-groupManagement] INFO  server.RaftServerConfigKeys (ConfUtils.java:logGet(46)) - raft.server.log.corruption.policy = EXCEPTION (default)
2023-12-19 18:18:01,307 [a90b24a4-d9f8-4f3b-8812-3b02ea4f687f-groupManagement] INFO  server.RaftServerConfigKeys (ConfUtils.java:logGet(46)) - raft.server.storage.dir = [/home/runner/work/ozone/ozone/hadoop-ozone/integration-test/target/test-dir/MiniOzoneClusterImpl-c3f67427-b36b-4ee4-bde0-91623ce58163/datanode-10/data/ratis] (custom)
2023-12-19 18:18:01,307 [a90b24a4-d9f8-4f3b-8812-3b02ea4f687f-groupManagement] INFO  storage.RaftStorageDirectory (RaftStorageDirectoryImpl.java:analyzeStorage(138)) - The storage directory /home/runner/work/ozone/ozone/hadoop-ozone/integration-test/target/test-dir/MiniOzoneClusterImpl-c3f67427-b36b-4ee4-bde0-91623ce58163/datanode-10/data/ratis/4b80c8ef-5c9e-48f7-8bcf-1905edca018f does not exist. Creating ...
2023-12-19 18:18:01,310 [244ca980-f87d-4e1f-bf92-41859c631eea-PipelineCommandHandlerThread-0] INFO  ratis.XceiverServerRatis (XceiverServerRatis.java:addGroup(837)) - Created group PipelineID=0d41620a-3cbb-499e-b93b-0fc0af6d08e6
2023-12-19 18:18:01,310 [8a9232c4-f36b-4377-b9ad-83954010d1e2-groupManagement] INFO  ratis.ContainerStateMachine (ContainerStateMachine.java:loadSnapshot(287)) - group-B55983E01C1D: The snapshot info is null. Setting the last applied indexto:(t:0, i:~)
2023-12-19 18:18:01,310 [8a9232c4-f36b-4377-b9ad-83954010d1e2-groupManagement] INFO  server.RaftServerConfigKeys (ConfUtils.java:logGet(46)) - raft.server.log.use.memory = false (default)
2023-12-19 18:18:01,310 [8a9232c4-f36b-4377-b9ad-83954010d1e2-groupManagement] INFO  server.RaftServerConfigKeys (ConfUtils.java:logGet(46)) - raft.server.log.purge.gap = 1000000 (custom)
2023-12-19 18:18:01,310 [8a9232c4-f36b-4377-b9ad-83954010d1e2-groupManagement] INFO  server.RaftServerConfigKeys (ConfUtils.java:logGet(46)) - raft.server.log.appender.buffer.byte-limit = 8388608 (custom)
2023-12-19 18:18:01,310 [8a9232c4-f36b-4377-b9ad-83954010d1e2-groupManagement] INFO  server.RaftServerConfigKeys (ConfUtils.java:logGet(46)) - raft.server.log.statemachine.data.read.timeout = 1000ms (default)
2023-12-19 18:18:01,310 [8a9232c4-f36b-4377-b9ad-83954010d1e2-groupManagement] INFO  server.RaftServerConfigKeys (ConfUtils.java:logGet(46)) - raft.server.log.purge.preservation.log.num = 0 (default)
2023-12-19 18:18:01,312 [8a9232c4-f36b-4377-b9ad-83954010d1e2-groupManagement] INFO  server.RaftServerConfigKeys (ConfUtils.java:logGet(46)) - raft.server.log.segment.size.max = 67108864 (custom)
2023-12-19 18:18:01,314 [7fe801a6-aabd-4c1e-b418-af74b08e6351-PipelineCommandHandlerThread-0] INFO  server.RaftServer (RaftServerProxy.java:addNew(100)) - 7fe801a6-aabd-4c1e-b418-af74b08e6351: addNew group-CCCC26563B5E:[7fe801a6-aabd-4c1e-b418-af74b08e6351|10.1.0.19:15095] returns group-CCCC26563B5E:java.util.concurrent.CompletableFuture@48f2275d[Not completed]
2023-12-19 18:18:01,314 [a90b24a4-d9f8-4f3b-8812-3b02ea4f687f-groupManagement] INFO  storage.RaftStorageDirectory (RaftStorageDirectoryImpl.java:tryLock(232)) - Lock on /home/runner/work/ozone/ozone/hadoop-ozone/integration-test/target/test-dir/MiniOzoneClusterImpl-c3f67427-b36b-4ee4-bde0-91623ce58163/datanode-10/data/ratis/4b80c8ef-5c9e-48f7-8bcf-1905edca018f/in_use.lock acquired by nodename 34604@fv-az1381-513
2023-12-19 18:18:01,317 [a90b24a4-d9f8-4f3b-8812-3b02ea4f687f-groupManagement] INFO  storage.RaftStorage (RaftStorageImpl.java:format(97)) - Storage directory /home/runner/work/ozone/ozone/hadoop-ozone/integration-test/target/test-dir/MiniOzoneClusterImpl-c3f67427-b36b-4ee4-bde0-91623ce58163/datanode-10/data/ratis/4b80c8ef-5c9e-48f7-8bcf-1905edca018f has been successfully formatted.
2023-12-19 18:18:01,319 [EventQueue-PipelineReportForPipelineReportHandler] INFO  pipeline.PipelineReportHandler (PipelineReportHandler.java:processPipelineReport(136)) - Opened pipeline PipelineID=1f4ceac0-3147-4e43-b162-b55983e01c1d
2023-12-19 18:18:01,319 [EventQueue-OpenPipelineForHealthyPipelineSafeModeRule] INFO  safemode.SCMSafeModeManager (HealthyPipelineSafeModeRule.java:process(140)) - SCM in safe mode. Healthy pipelines reported count is 0, required healthy pipeline reported count is 1
2023-12-19 18:18:01,320 [7fe801a6-aabd-4c1e-b418-af74b08e6351-groupManagement] INFO  server.RaftServer$Division (RaftServerImpl.java:<init>(256)) - 7fe801a6-aabd-4c1e-b418-af74b08e6351: new RaftServerImpl for group-CCCC26563B5E:[7fe801a6-aabd-4c1e-b418-af74b08e6351|10.1.0.19:15095] with ContainerStateMachine:uninitialized
2023-12-19 18:18:01,320 [7fe801a6-aabd-4c1e-b418-af74b08e6351-groupManagement] INFO  server.RaftServerConfigKeys (ConfUtils.java:logGet(46)) - raft.server.rpc.timeout.min = 5s (custom)
2023-12-19 18:18:01,320 [7fe801a6-aabd-4c1e-b418-af74b08e6351-groupManagement] INFO  server.RaftServerConfigKeys (ConfUtils.java:logGet(46)) - raft.server.rpc.timeout.max = 5200ms (custom)
2023-12-19 18:18:01,320 [7fe801a6-aabd-4c1e-b418-af74b08e6351-groupManagement] INFO  server.RaftServerConfigKeys (ConfUtils.java:logGet(46)) - raft.server.rpc.sleep.time = 25ms (default)
2023-12-19 18:18:01,320 [7fe801a6-aabd-4c1e-b418-af74b08e6351-groupManagement] INFO  server.RaftServerConfigKeys (ConfUtils.java:logGet(46)) - raft.server.rpc.slowness.timeout = 300s (custom)
2023-12-19 18:18:01,320 [7fe801a6-aabd-4c1e-b418-af74b08e6351-groupManagement] INFO  server.RaftServerConfigKeys (ConfUtils.java:logGet(46)) - raft.server.leaderelection.leader.step-down.wait-time = 10s (default)
2023-12-19 18:18:01,320 [7fe801a6-aabd-4c1e-b418-af74b08e6351-groupManagement] INFO  server.RaftServerConfigKeys (ConfUtils.java:logGet(46)) - raft.server.leaderelection.member.majority-add = false (default)
2023-12-19 18:18:01,320 [7fe801a6-aabd-4c1e-b418-af74b08e6351-groupManagement] INFO  server.RaftServerConfigKeys (ConfUtils.java:logGet(46)) - raft.server.sleep.deviation.threshold = 300ms (default)
2023-12-19 18:18:01,320 [7fe801a6-aabd-4c1e-b418-af74b08e6351-groupManagement] INFO  server.RaftServer$Division (ServerState.java:<init>(113)) - 7fe801a6-aabd-4c1e-b418-af74b08e6351@group-CCCC26563B5E: ConfigurationManager, init=-1: peers:[7fe801a6-aabd-4c1e-b418-af74b08e6351|10.1.0.19:15095]|listeners:[], old=null, confs=<EMPTY_MAP>
2023-12-19 18:18:01,320 [7fe801a6-aabd-4c1e-b418-af74b08e6351-groupManagement] INFO  server.RaftServerConfigKeys (ConfUtils.java:logGet(46)) - raft.server.notification.no-leader.timeout = 300s (custom)
2023-12-19 18:18:01,320 [7fe801a6-aabd-4c1e-b418-af74b08e6351-groupManagement] INFO  server.RaftServerConfigKeys (ConfUtils.java:logGet(46)) - raft.server.read.timeout = 10s (default)
2023-12-19 18:18:01,321 [7fe801a6-aabd-4c1e-b418-af74b08e6351-groupManagement] INFO  server.RaftServerConfigKeys (ConfUtils.java:logGet(46)) - raft.server.retrycache.expirytime = 600000ms (custom)
2023-12-19 18:18:01,321 [7fe801a6-aabd-4c1e-b418-af74b08e6351-groupManagement] INFO  server.RaftServerConfigKeys (ConfUtils.java:logGet(46)) - raft.server.retrycache.statistics.expirytime = 100ms (default)
2023-12-19 18:18:01,321 [7fe801a6-aabd-4c1e-b418-af74b08e6351-groupManagement] INFO  server.RaftServerConfigKeys (ConfUtils.java:logGet(46)) - raft.server.read.option = DEFAULT (default)
2023-12-19 18:18:01,321 [7fe801a6-aabd-4c1e-b418-af74b08e6351-groupManagement] INFO  server.RaftServerConfigKeys (ConfUtils.java:logGet(46)) - raft.server.read.read-after-write-consistent.write-index-cache.expiry-time = 60s (default)
2023-12-19 18:18:01,321 [a90b24a4-d9f8-4f3b-8812-3b02ea4f687f-groupManagement] INFO  ratis.ContainerStateMachine (ContainerStateMachine.java:loadSnapshot(287)) - group-1905EDCA018F: The snapshot info is null. Setting the last applied indexto:(t:0, i:~)
2023-12-19 18:18:01,321 [a90b24a4-d9f8-4f3b-8812-3b02ea4f687f-groupManagement] INFO  server.RaftServerConfigKeys (ConfUtils.java:logGet(46)) - raft.server.log.use.memory = false (default)
2023-12-19 18:18:01,321 [a90b24a4-d9f8-4f3b-8812-3b02ea4f687f-groupManagement] INFO  server.RaftServerConfigKeys (ConfUtils.java:logGet(46)) - raft.server.log.purge.gap = 1000000 (custom)
2023-12-19 18:18:01,321 [a90b24a4-d9f8-4f3b-8812-3b02ea4f687f-groupManagement] INFO  server.RaftServerConfigKeys (ConfUtils.java:logGet(46)) - raft.server.log.appender.buffer.byte-limit = 8388608 (custom)
2023-12-19 18:18:01,322 [a90b24a4-d9f8-4f3b-8812-3b02ea4f687f-groupManagement] INFO  server.RaftServerConfigKeys (ConfUtils.java:logGet(46)) - raft.server.log.statemachine.data.read.timeout = 1000ms (default)
2023-12-19 18:18:01,322 [a90b24a4-d9f8-4f3b-8812-3b02ea4f687f-groupManagement] INFO  server.RaftServerConfigKeys (ConfUtils.java:logGet(46)) - raft.server.log.purge.preservation.log.num = 0 (default)
2023-12-19 18:18:01,322 [a1d25c87-0c45-4075-9fe0-f0708f172712-PipelineCommandHandlerThread-0] INFO  commandhandler.CreatePipelineCommandHandler (CreatePipelineCommandHandler.java:lambda$handle$2(124)) - Created Pipeline RATIS THREE PipelineID=9f61989e-7be0-4f12-963c-03ba1c6394b6.
2023-12-19 18:18:01,325 [EventQueue-PipelineReportForPipelineReportHandler] INFO  pipeline.PipelineReportHandler (PipelineReportHandler.java:processPipelineReport(136)) - Opened pipeline PipelineID=4b80c8ef-5c9e-48f7-8bcf-1905edca018f
2023-12-19 18:18:01,325 [EventQueue-OpenPipelineForHealthyPipelineSafeModeRule] INFO  safemode.SCMSafeModeManager (HealthyPipelineSafeModeRule.java:process(140)) - SCM in safe mode. Healthy pipelines reported count is 0, required healthy pipeline reported count is 1
2023-12-19 18:18:01,327 [8a9232c4-f36b-4377-b9ad-83954010d1e2-groupManagement] INFO  server.RaftServerConfigKeys (ConfUtils.java:logGet(46)) - raft.server.log.segment.cache.num.max = 2 (custom)
2023-12-19 18:18:01,327 [8a9232c4-f36b-4377-b9ad-83954010d1e2-groupManagement] INFO  server.RaftServerConfigKeys (ConfUtils.java:logGet(46)) - raft.server.log.segment.cache.size.max = 200MB (=209715200) (default)
2023-12-19 18:18:01,327 [8a9232c4-f36b-4377-b9ad-83954010d1e2-groupManagement] INFO  server.RaftServerConfigKeys (ConfUtils.java:logGet(46)) - raft.server.log.appender.buffer.byte-limit = 8388608 (custom)
2023-12-19 18:18:01,332 [a90b24a4-d9f8-4f3b-8812-3b02ea4f687f-groupManagement] INFO  server.RaftServerConfigKeys (ConfUtils.java:logGet(46)) - raft.server.log.segment.size.max = 67108864 (custom)
2023-12-19 18:18:01,334 [a90b24a4-d9f8-4f3b-8812-3b02ea4f687f-groupManagement] INFO  server.RaftServerConfigKeys (ConfUtils.java:logGet(46)) - raft.server.log.segment.cache.num.max = 2 (custom)
2023-12-19 18:18:01,334 [a90b24a4-d9f8-4f3b-8812-3b02ea4f687f-groupManagement] INFO  server.RaftServerConfigKeys (ConfUtils.java:logGet(46)) - raft.server.log.segment.cache.size.max = 200MB (=209715200) (default)
2023-12-19 18:18:01,335 [a90b24a4-d9f8-4f3b-8812-3b02ea4f687f-groupManagement] INFO  server.RaftServerConfigKeys (ConfUtils.java:logGet(46)) - raft.server.log.appender.buffer.byte-limit = 8388608 (custom)
2023-12-19 18:18:01,335 [7fe801a6-aabd-4c1e-b418-af74b08e6351-groupManagement] INFO  server.RaftServerConfigKeys (ConfUtils.java:logGet(46)) - raft.server.rpc.request.timeout = 60s (custom)
2023-12-19 18:18:01,335 [7fe801a6-aabd-4c1e-b418-af74b08e6351-groupManagement] INFO  server.RaftServerConfigKeys (ConfUtils.java:logGet(46)) - raft.server.log.appender.install.snapshot.enabled = false (custom)
2023-12-19 18:18:01,335 [7fe801a6-aabd-4c1e-b418-af74b08e6351-groupManagement] INFO  server.RaftServerConfigKeys (ConfUtils.java:logGet(46)) - raft.server.threadpool.server.cached = true (default)
2023-12-19 18:18:01,335 [7fe801a6-aabd-4c1e-b418-af74b08e6351-groupManagement] INFO  server.RaftServerConfigKeys (ConfUtils.java:logGet(46)) - raft.server.threadpool.server.size = 0 (default)
2023-12-19 18:18:01,335 [7fe801a6-aabd-4c1e-b418-af74b08e6351-groupManagement] INFO  server.RaftServerConfigKeys (ConfUtils.java:logGet(46)) - raft.server.threadpool.client.cached = true (default)
2023-12-19 18:18:01,335 [7fe801a6-aabd-4c1e-b418-af74b08e6351-groupManagement] INFO  server.RaftServerConfigKeys (ConfUtils.java:logGet(46)) - raft.server.threadpool.client.size = 0 (default)
2023-12-19 18:18:01,336 [7fe801a6-aabd-4c1e-b418-af74b08e6351-groupManagement] INFO  server.RaftServerConfigKeys (ConfUtils.java:logGet(46)) - raft.server.storage.free-space.min = 0MB (=0) (default)
2023-12-19 18:18:01,336 [7fe801a6-aabd-4c1e-b418-af74b08e6351-groupManagement] INFO  server.RaftServerConfigKeys (ConfUtils.java:logGet(46)) - raft.server.log.corruption.policy = EXCEPTION (default)
2023-12-19 18:18:01,336 [7fe801a6-aabd-4c1e-b418-af74b08e6351-groupManagement] INFO  server.RaftServerConfigKeys (ConfUtils.java:logGet(46)) - raft.server.storage.dir = [/home/runner/work/ozone/ozone/hadoop-ozone/integration-test/target/test-dir/MiniOzoneClusterImpl-c3f67427-b36b-4ee4-bde0-91623ce58163/datanode-9/data/ratis] (custom)
2023-12-19 18:18:01,336 [7fe801a6-aabd-4c1e-b418-af74b08e6351-groupManagement] INFO  storage.RaftStorageDirectory (RaftStorageDirectoryImpl.java:analyzeStorage(138)) - The storage directory /home/runner/work/ozone/ozone/hadoop-ozone/integration-test/target/test-dir/MiniOzoneClusterImpl-c3f67427-b36b-4ee4-bde0-91623ce58163/datanode-9/data/ratis/4935d9fa-7acf-4533-b8e3-cccc26563b5e does not exist. Creating ...
2023-12-19 18:18:01,337 [7fe801a6-aabd-4c1e-b418-af74b08e6351-groupManagement] INFO  storage.RaftStorageDirectory (RaftStorageDirectoryImpl.java:tryLock(232)) - Lock on /home/runner/work/ozone/ozone/hadoop-ozone/integration-test/target/test-dir/MiniOzoneClusterImpl-c3f67427-b36b-4ee4-bde0-91623ce58163/datanode-9/data/ratis/4935d9fa-7acf-4533-b8e3-cccc26563b5e/in_use.lock acquired by nodename 34604@fv-az1381-513
2023-12-19 18:18:01,339 [7fe801a6-aabd-4c1e-b418-af74b08e6351-groupManagement] INFO  storage.RaftStorage (RaftStorageImpl.java:format(97)) - Storage directory /home/runner/work/ozone/ozone/hadoop-ozone/integration-test/target/test-dir/MiniOzoneClusterImpl-c3f67427-b36b-4ee4-bde0-91623ce58163/datanode-9/data/ratis/4935d9fa-7acf-4533-b8e3-cccc26563b5e has been successfully formatted.
2023-12-19 18:18:01,341 [93d2edcd-6a6f-4cb3-ab2d-c0ab5a0bb6d7-PipelineCommandHandlerThread-0] INFO  ratis.XceiverServerRatis (XceiverServerRatis.java:addGroup(837)) - Created group PipelineID=c1138b45-44fb-477f-9b6a-54bd720564a1
2023-12-19 18:18:01,341 [93d2edcd-6a6f-4cb3-ab2d-c0ab5a0bb6d7-PipelineCommandHandlerThread-0] INFO  commandhandler.CreatePipelineCommandHandler (CreatePipelineCommandHandler.java:lambda$handle$2(124)) - Created Pipeline RATIS ONE PipelineID=c1138b45-44fb-477f-9b6a-54bd720564a1.
2023-12-19 18:18:01,342 [93d2edcd-6a6f-4cb3-ab2d-c0ab5a0bb6d7-PipelineCommandHandlerThread-0] INFO  server.RaftServer (RaftServerProxy.java:addNew(100)) - 93d2edcd-6a6f-4cb3-ab2d-c0ab5a0bb6d7: addNew group-C7DCF68F11F7:[93d2edcd-6a6f-4cb3-ab2d-c0ab5a0bb6d7|10.1.0.19:15077, 8a9232c4-f36b-4377-b9ad-83954010d1e2|10.1.0.19:15086, cc2d5096-cbf7-4b7f-9694-9910b4c75033|10.1.0.19:15068] returns group-C7DCF68F11F7:java.util.concurrent.CompletableFuture@4b96b64c[Not completed]
2023-12-19 18:18:01,342 [cc2d5096-cbf7-4b7f-9694-9910b4c75033-PipelineCommandHandlerThread-0] INFO  ratis.XceiverServerRatis (XceiverServerRatis.java:addGroup(837)) - Created group PipelineID=8f3870ae-d5ad-47e7-81f2-c7dcf68f11f7
2023-12-19 18:18:01,344 [8a9232c4-f36b-4377-b9ad-83954010d1e2-groupManagement] INFO  util.AwaitToRun (AwaitToRun.java:start(81)) - Thread[8a9232c4-f36b-4377-b9ad-83954010d1e2@group-B55983E01C1D-cacheEviction-AwaitToRun,5,main] started
2023-12-19 18:18:01,344 [8a9232c4-f36b-4377-b9ad-83954010d1e2-groupManagement] INFO  segmented.SegmentedRaftLogWorker (SegmentedRaftLogWorker.java:<init>(184)) - new 8a9232c4-f36b-4377-b9ad-83954010d1e2@group-B55983E01C1D-SegmentedRaftLogWorker for RaftStorageImpl:Storage Directory /home/runner/work/ozone/ozone/hadoop-ozone/integration-test/target/test-dir/MiniOzoneClusterImpl-c3f67427-b36b-4ee4-bde0-91623ce58163/datanode-8/data/ratis/1f4ceac0-3147-4e43-b162-b55983e01c1d
2023-12-19 18:18:01,344 [8a9232c4-f36b-4377-b9ad-83954010d1e2-groupManagement] INFO  server.RaftServerConfigKeys (ConfUtils.java:logGet(46)) - raft.server.log.queue.byte-limit = 4294967296 (custom)
2023-12-19 18:18:01,344 [8a9232c4-f36b-4377-b9ad-83954010d1e2-groupManagement] INFO  server.RaftServerConfigKeys (ConfUtils.java:logGet(46)) - raft.server.log.queue.element-limit = 1024 (custom)
2023-12-19 18:18:01,362 [8a9232c4-f36b-4377-b9ad-83954010d1e2-groupManagement] INFO  server.RaftServerConfigKeys (ConfUtils.java:logGet(46)) - raft.server.log.segment.size.max = 67108864 (custom)
2023-12-19 18:18:01,362 [8a9232c4-f36b-4377-b9ad-83954010d1e2-groupManagement] INFO  server.RaftServerConfigKeys (ConfUtils.java:logGet(46)) - raft.server.log.preallocated.size = 4194304 (custom)
2023-12-19 18:18:01,362 [8a9232c4-f36b-4377-b9ad-83954010d1e2-groupManagement] INFO  server.RaftServerConfigKeys (ConfUtils.java:logGet(46)) - raft.server.log.force.sync.num = 128 (default)
2023-12-19 18:18:01,362 [8a9232c4-f36b-4377-b9ad-83954010d1e2-groupManagement] INFO  server.RaftServerConfigKeys (ConfUtils.java:logGet(46)) - raft.server.log.statemachine.data.sync = true (default)
2023-12-19 18:18:01,362 [8a9232c4-f36b-4377-b9ad-83954010d1e2-groupManagement] INFO  server.RaftServerConfigKeys (ConfUtils.java:logGet(46)) - raft.server.log.statemachine.data.sync.timeout = 10s (default)
2023-12-19 18:18:01,362 [93d2edcd-6a6f-4cb3-ab2d-c0ab5a0bb6d7-groupManagement] INFO  server.RaftServer$Division (RaftServerImpl.java:<init>(256)) - 93d2edcd-6a6f-4cb3-ab2d-c0ab5a0bb6d7: new RaftServerImpl for group-C7DCF68F11F7:[93d2edcd-6a6f-4cb3-ab2d-c0ab5a0bb6d7|10.1.0.19:15077, 8a9232c4-f36b-4377-b9ad-83954010d1e2|10.1.0.19:15086, cc2d5096-cbf7-4b7f-9694-9910b4c75033|10.1.0.19:15068] with ContainerStateMachine:uninitialized
2023-12-19 18:18:01,362 [8a9232c4-f36b-4377-b9ad-83954010d1e2-groupManagement] INFO  server.RaftServerConfigKeys (ConfUtils.java:logGet(46)) - raft.server.log.statemachine.data.sync.timeout.retry = 0 (custom)
2023-12-19 18:18:01,358 [a90b24a4-d9f8-4f3b-8812-3b02ea4f687f-groupManagement] INFO  util.AwaitToRun (AwaitToRun.java:start(81)) - Thread[a90b24a4-d9f8-4f3b-8812-3b02ea4f687f@group-1905EDCA018F-cacheEviction-AwaitToRun,5,main] started
2023-12-19 18:18:01,363 [8a9232c4-f36b-4377-b9ad-83954010d1e2-groupManagement] INFO  server.RaftServerConfigKeys (ConfUtils.java:logGet(46)) - raft.server.log.write.buffer.size = 8388616 (custom)
2023-12-19 18:18:01,362 [93d2edcd-6a6f-4cb3-ab2d-c0ab5a0bb6d7-groupManagement] INFO  server.RaftServerConfigKeys (ConfUtils.java:logGet(46)) - raft.server.rpc.timeout.min = 5s (custom)
2023-12-19 18:18:01,366 [93d2edcd-6a6f-4cb3-ab2d-c0ab5a0bb6d7-groupManagement] INFO  server.RaftServerConfigKeys (ConfUtils.java:logGet(46)) - raft.server.rpc.timeout.max = 5200ms (custom)
2023-12-19 18:18:01,366 [93d2edcd-6a6f-4cb3-ab2d-c0ab5a0bb6d7-groupManagement] INFO  server.RaftServerConfigKeys (ConfUtils.java:logGet(46)) - raft.server.rpc.sleep.time = 25ms (default)
2023-12-19 18:18:01,366 [93d2edcd-6a6f-4cb3-ab2d-c0ab5a0bb6d7-groupManagement] INFO  server.RaftServerConfigKeys (ConfUtils.java:logGet(46)) - raft.server.rpc.slowness.timeout = 300s (custom)
2023-12-19 18:18:01,366 [93d2edcd-6a6f-4cb3-ab2d-c0ab5a0bb6d7-groupManagement] INFO  server.RaftServerConfigKeys (ConfUtils.java:logGet(46)) - raft.server.leaderelection.leader.step-down.wait-time = 10s (default)
2023-12-19 18:18:01,366 [93d2edcd-6a6f-4cb3-ab2d-c0ab5a0bb6d7-groupManagement] INFO  server.RaftServerConfigKeys (ConfUtils.java:logGet(46)) - raft.server.leaderelection.member.majority-add = false (default)
2023-12-19 18:18:01,366 [93d2edcd-6a6f-4cb3-ab2d-c0ab5a0bb6d7-groupManagement] INFO  server.RaftServerConfigKeys (ConfUtils.java:logGet(46)) - raft.server.sleep.deviation.threshold = 300ms (default)
2023-12-19 18:18:01,366 [93d2edcd-6a6f-4cb3-ab2d-c0ab5a0bb6d7-groupManagement] INFO  server.RaftServer$Division (ServerState.java:<init>(113)) - 93d2edcd-6a6f-4cb3-ab2d-c0ab5a0bb6d7@group-C7DCF68F11F7: ConfigurationManager, init=-1: peers:[93d2edcd-6a6f-4cb3-ab2d-c0ab5a0bb6d7|10.1.0.19:15077, 8a9232c4-f36b-4377-b9ad-83954010d1e2|10.1.0.19:15086, cc2d5096-cbf7-4b7f-9694-9910b4c75033|10.1.0.19:15068]|listeners:[], old=null, confs=<EMPTY_MAP>
2023-12-19 18:18:01,366 [93d2edcd-6a6f-4cb3-ab2d-c0ab5a0bb6d7-groupManagement] INFO  server.RaftServerConfigKeys (ConfUtils.java:logGet(46)) - raft.server.notification.no-leader.timeout = 300s (custom)
2023-12-19 18:18:01,367 [93d2edcd-6a6f-4cb3-ab2d-c0ab5a0bb6d7-groupManagement] INFO  server.RaftServerConfigKeys (ConfUtils.java:logGet(46)) - raft.server.read.timeout = 10s (default)
2023-12-19 18:18:01,367 [93d2edcd-6a6f-4cb3-ab2d-c0ab5a0bb6d7-groupManagement] INFO  server.RaftServerConfigKeys (ConfUtils.java:logGet(46)) - raft.server.retrycache.expirytime = 600000ms (custom)
2023-12-19 18:18:01,367 [93d2edcd-6a6f-4cb3-ab2d-c0ab5a0bb6d7-groupManagement] INFO  server.RaftServerConfigKeys (ConfUtils.java:logGet(46)) - raft.server.retrycache.statistics.expirytime = 100ms (default)
2023-12-19 18:18:01,367 [93d2edcd-6a6f-4cb3-ab2d-c0ab5a0bb6d7-groupManagement] INFO  server.RaftServerConfigKeys (ConfUtils.java:logGet(46)) - raft.server.read.option = DEFAULT (default)
2023-12-19 18:18:01,367 [93d2edcd-6a6f-4cb3-ab2d-c0ab5a0bb6d7-groupManagement] INFO  server.RaftServerConfigKeys (ConfUtils.java:logGet(46)) - raft.server.read.read-after-write-consistent.write-index-cache.expiry-time = 60s (default)
2023-12-19 18:18:01,370 [93d2edcd-6a6f-4cb3-ab2d-c0ab5a0bb6d7-groupManagement] INFO  server.RaftServerConfigKeys (ConfUtils.java:logGet(46)) - raft.server.rpc.request.timeout = 60s (custom)
2023-12-19 18:18:01,371 [93d2edcd-6a6f-4cb3-ab2d-c0ab5a0bb6d7-groupManagement] INFO  server.RaftServerConfigKeys (ConfUtils.java:logGet(46)) - raft.server.log.appender.install.snapshot.enabled = false (custom)
2023-12-19 18:18:01,371 [93d2edcd-6a6f-4cb3-ab2d-c0ab5a0bb6d7-groupManagement] INFO  server.RaftServerConfigKeys (ConfUtils.java:logGet(46)) - raft.server.threadpool.server.cached = true (default)
2023-12-19 18:18:01,371 [93d2edcd-6a6f-4cb3-ab2d-c0ab5a0bb6d7-groupManagement] INFO  server.RaftServerConfigKeys (ConfUtils.java:logGet(46)) - raft.server.threadpool.server.size = 0 (default)
2023-12-19 18:18:01,371 [93d2edcd-6a6f-4cb3-ab2d-c0ab5a0bb6d7-groupManagement] INFO  server.RaftServerConfigKeys (ConfUtils.java:logGet(46)) - raft.server.threadpool.client.cached = true (default)
2023-12-19 18:18:01,371 [93d2edcd-6a6f-4cb3-ab2d-c0ab5a0bb6d7-groupManagement] INFO  server.RaftServerConfigKeys (ConfUtils.java:logGet(46)) - raft.server.threadpool.client.size = 0 (default)
2023-12-19 18:18:01,371 [93d2edcd-6a6f-4cb3-ab2d-c0ab5a0bb6d7-groupManagement] INFO  server.RaftServerConfigKeys (ConfUtils.java:logGet(46)) - raft.server.storage.free-space.min = 0MB (=0) (default)
2023-12-19 18:18:01,371 [93d2edcd-6a6f-4cb3-ab2d-c0ab5a0bb6d7-groupManagement] INFO  server.RaftServerConfigKeys (ConfUtils.java:logGet(46)) - raft.server.log.corruption.policy = EXCEPTION (default)
2023-12-19 18:18:01,371 [93d2edcd-6a6f-4cb3-ab2d-c0ab5a0bb6d7-groupManagement] INFO  server.RaftServerConfigKeys (ConfUtils.java:logGet(46)) - raft.server.storage.dir = [/home/runner/work/ozone/ozone/hadoop-ozone/integration-test/target/test-dir/MiniOzoneClusterImpl-c3f67427-b36b-4ee4-bde0-91623ce58163/datanode-7/data/ratis] (custom)
2023-12-19 18:18:01,372 [93d2edcd-6a6f-4cb3-ab2d-c0ab5a0bb6d7-groupManagement] INFO  storage.RaftStorageDirectory (RaftStorageDirectoryImpl.java:analyzeStorage(138)) - The storage directory /home/runner/work/ozone/ozone/hadoop-ozone/integration-test/target/test-dir/MiniOzoneClusterImpl-c3f67427-b36b-4ee4-bde0-91623ce58163/datanode-7/data/ratis/8f3870ae-d5ad-47e7-81f2-c7dcf68f11f7 does not exist. Creating ...
2023-12-19 18:18:01,372 [8a9232c4-f36b-4377-b9ad-83954010d1e2-groupManagement] INFO  server.RaftServerConfigKeys (ConfUtils.java:logGet(46)) - raft.server.log.appender.buffer.byte-limit = 8388608 (custom)
2023-12-19 18:18:01,373 [8a9232c4-f36b-4377-b9ad-83954010d1e2-groupManagement] INFO  server.RaftServerConfigKeys (ConfUtils.java:logGet(46)) - raft.server.log.unsafe-flush.enabled = false (default)
2023-12-19 18:18:01,373 [8a9232c4-f36b-4377-b9ad-83954010d1e2-groupManagement] INFO  server.RaftServerConfigKeys (ConfUtils.java:logGet(46)) - raft.server.log.async-flush.enabled = false (default)
2023-12-19 18:18:01,373 [8a9232c4-f36b-4377-b9ad-83954010d1e2-groupManagement] INFO  server.RaftServerConfigKeys (ConfUtils.java:logGet(46)) - raft.server.log.statemachine.data.caching.enabled = true (custom)
2023-12-19 18:18:01,373 [8a9232c4-f36b-4377-b9ad-83954010d1e2-groupManagement] INFO  segmented.SegmentedRaftLogWorker (SegmentedRaftLogWorker.java:lambda$new$0(135)) - 8a9232c4-f36b-4377-b9ad-83954010d1e2@group-B55983E01C1D-SegmentedRaftLogWorker: flushIndex: setUnconditionally 0 -> -1
2023-12-19 18:18:01,373 [8a9232c4-f36b-4377-b9ad-83954010d1e2-groupManagement] INFO  segmented.SegmentedRaftLogWorker (SegmentedRaftLogWorker.java:lambda$new$0(135)) - 8a9232c4-f36b-4377-b9ad-83954010d1e2@group-B55983E01C1D-SegmentedRaftLogWorker: safeCacheEvictIndex: setUnconditionally 0 -> -1
2023-12-19 18:18:01,374 [a90b24a4-d9f8-4f3b-8812-3b02ea4f687f-groupManagement] INFO  segmented.SegmentedRaftLogWorker (SegmentedRaftLogWorker.java:<init>(184)) - new a90b24a4-d9f8-4f3b-8812-3b02ea4f687f@group-1905EDCA018F-SegmentedRaftLogWorker for RaftStorageImpl:Storage Directory /home/runner/work/ozone/ozone/hadoop-ozone/integration-test/target/test-dir/MiniOzoneClusterImpl-c3f67427-b36b-4ee4-bde0-91623ce58163/datanode-10/data/ratis/4b80c8ef-5c9e-48f7-8bcf-1905edca018f
2023-12-19 18:18:01,374 [a90b24a4-d9f8-4f3b-8812-3b02ea4f687f-groupManagement] INFO  server.RaftServerConfigKeys (ConfUtils.java:logGet(46)) - raft.server.log.queue.byte-limit = 4294967296 (custom)
2023-12-19 18:18:01,374 [a90b24a4-d9f8-4f3b-8812-3b02ea4f687f-groupManagement] INFO  server.RaftServerConfigKeys (ConfUtils.java:logGet(46)) - raft.server.log.queue.element-limit = 1024 (custom)
2023-12-19 18:18:01,374 [a90b24a4-d9f8-4f3b-8812-3b02ea4f687f-groupManagement] INFO  server.RaftServerConfigKeys (ConfUtils.java:logGet(46)) - raft.server.log.segment.size.max = 67108864 (custom)
2023-12-19 18:18:01,374 [a90b24a4-d9f8-4f3b-8812-3b02ea4f687f-groupManagement] INFO  server.RaftServerConfigKeys (ConfUtils.java:logGet(46)) - raft.server.log.preallocated.size = 4194304 (custom)
2023-12-19 18:18:01,374 [a90b24a4-d9f8-4f3b-8812-3b02ea4f687f-groupManagement] INFO  server.RaftServerConfigKeys (ConfUtils.java:logGet(46)) - raft.server.log.force.sync.num = 128 (default)
2023-12-19 18:18:01,374 [a90b24a4-d9f8-4f3b-8812-3b02ea4f687f-groupManagement] INFO  server.RaftServerConfigKeys (ConfUtils.java:logGet(46)) - raft.server.log.statemachine.data.sync = true (default)
2023-12-19 18:18:01,374 [a90b24a4-d9f8-4f3b-8812-3b02ea4f687f-groupManagement] INFO  server.RaftServerConfigKeys (ConfUtils.java:logGet(46)) - raft.server.log.statemachine.data.sync.timeout = 10s (default)
2023-12-19 18:18:01,374 [a90b24a4-d9f8-4f3b-8812-3b02ea4f687f-groupManagement] INFO  server.RaftServerConfigKeys (ConfUtils.java:logGet(46)) - raft.server.log.statemachine.data.sync.timeout.retry = 0 (custom)
2023-12-19 18:18:01,375 [a90b24a4-d9f8-4f3b-8812-3b02ea4f687f-groupManagement] INFO  server.RaftServerConfigKeys (ConfUtils.java:logGet(46)) - raft.server.log.write.buffer.size = 8388616 (custom)
2023-12-19 18:18:01,376 [93d2edcd-6a6f-4cb3-ab2d-c0ab5a0bb6d7-groupManagement] INFO  storage.RaftStorageDirectory (RaftStorageDirectoryImpl.java:tryLock(232)) - Lock on /home/runner/work/ozone/ozone/hadoop-ozone/integration-test/target/test-dir/MiniOzoneClusterImpl-c3f67427-b36b-4ee4-bde0-91623ce58163/datanode-7/data/ratis/8f3870ae-d5ad-47e7-81f2-c7dcf68f11f7/in_use.lock acquired by nodename 34604@fv-az1381-513
2023-12-19 18:18:01,377 [a90b24a4-d9f8-4f3b-8812-3b02ea4f687f-groupManagement] INFO  server.RaftServerConfigKeys (ConfUtils.java:logGet(46)) - raft.server.log.appender.buffer.byte-limit = 8388608 (custom)
2023-12-19 18:18:01,377 [a90b24a4-d9f8-4f3b-8812-3b02ea4f687f-groupManagement] INFO  server.RaftServerConfigKeys (ConfUtils.java:logGet(46)) - raft.server.log.unsafe-flush.enabled = false (default)
2023-12-19 18:18:01,377 [a90b24a4-d9f8-4f3b-8812-3b02ea4f687f-groupManagement] INFO  server.RaftServerConfigKeys (ConfUtils.java:logGet(46)) - raft.server.log.async-flush.enabled = false (default)
2023-12-19 18:18:01,378 [a90b24a4-d9f8-4f3b-8812-3b02ea4f687f-groupManagement] INFO  server.RaftServerConfigKeys (ConfUtils.java:logGet(46)) - raft.server.log.statemachine.data.caching.enabled = true (custom)
2023-12-19 18:18:01,378 [a90b24a4-d9f8-4f3b-8812-3b02ea4f687f-groupManagement] INFO  segmented.SegmentedRaftLogWorker (SegmentedRaftLogWorker.java:lambda$new$0(135)) - a90b24a4-d9f8-4f3b-8812-3b02ea4f687f@group-1905EDCA018F-SegmentedRaftLogWorker: flushIndex: setUnconditionally 0 -> -1
2023-12-19 18:18:01,378 [a90b24a4-d9f8-4f3b-8812-3b02ea4f687f-groupManagement] INFO  segmented.SegmentedRaftLogWorker (SegmentedRaftLogWorker.java:lambda$new$0(135)) - a90b24a4-d9f8-4f3b-8812-3b02ea4f687f@group-1905EDCA018F-SegmentedRaftLogWorker: safeCacheEvictIndex: setUnconditionally 0 -> -1
2023-12-19 18:18:01,378 [8a9232c4-f36b-4377-b9ad-83954010d1e2-groupManagement] INFO  server.RaftServer$Division (RaftServerImpl.java:start(392)) - 8a9232c4-f36b-4377-b9ad-83954010d1e2@group-B55983E01C1D: start as a follower, conf=-1: peers:[8a9232c4-f36b-4377-b9ad-83954010d1e2|10.1.0.19:15086]|listeners:[], old=null
2023-12-19 18:18:01,378 [8a9232c4-f36b-4377-b9ad-83954010d1e2-groupManagement] INFO  server.RaftServer$Division (RaftServerImpl.java:setRole(379)) - 8a9232c4-f36b-4377-b9ad-83954010d1e2@group-B55983E01C1D: changes role from      null to FOLLOWER at term 0 for startAsFollower
2023-12-19 18:18:01,378 [8a9232c4-f36b-4377-b9ad-83954010d1e2-groupManagement] INFO  impl.RoleInfo (RoleInfo.java:updateAndGet(139)) - 8a9232c4-f36b-4377-b9ad-83954010d1e2: start 8a9232c4-f36b-4377-b9ad-83954010d1e2@group-B55983E01C1D-FollowerState
2023-12-19 18:18:01,378 [8a9232c4-f36b-4377-b9ad-83954010d1e2-groupManagement] INFO  util.JmxRegister (JmxRegister.java:tryRegister(44)) - Successfully registered JMX Bean with object name Ratis:service=RaftServer,group=group-B55983E01C1D,id=8a9232c4-f36b-4377-b9ad-83954010d1e2
2023-12-19 18:18:01,378 [8a9232c4-f36b-4377-b9ad-83954010d1e2-groupManagement] INFO  server.RaftServerConfigKeys (ConfUtils.java:logGet(46)) - raft.server.snapshot.trigger-when-stop.enabled = true (default)
2023-12-19 18:18:01,379 [8a9232c4-f36b-4377-b9ad-83954010d1e2-groupManagement] INFO  server.RaftServerConfigKeys (ConfUtils.java:logGet(46)) - raft.server.snapshot.auto.trigger.enabled = true (custom)
2023-12-19 18:18:01,379 [8a9232c4-f36b-4377-b9ad-83954010d1e2-groupManagement] INFO  server.RaftServerConfigKeys (ConfUtils.java:logGet(46)) - raft.server.snapshot.auto.trigger.threshold = 10000 (custom)
2023-12-19 18:18:01,379 [8a9232c4-f36b-4377-b9ad-83954010d1e2-groupManagement] INFO  server.RaftServerConfigKeys (ConfUtils.java:logGet(46)) - raft.server.snapshot.retention.file.num = 5 (custom)
2023-12-19 18:18:01,379 [8a9232c4-f36b-4377-b9ad-83954010d1e2-groupManagement] INFO  server.RaftServerConfigKeys (ConfUtils.java:logGet(46)) - raft.server.log.purge.upto.snapshot.index = false (default)
2023-12-19 18:18:01,379 [93d2edcd-6a6f-4cb3-ab2d-c0ab5a0bb6d7-groupManagement] INFO  storage.RaftStorage (RaftStorageImpl.java:format(97)) - Storage directory /home/runner/work/ozone/ozone/hadoop-ozone/integration-test/target/test-dir/MiniOzoneClusterImpl-c3f67427-b36b-4ee4-bde0-91623ce58163/datanode-7/data/ratis/8f3870ae-d5ad-47e7-81f2-c7dcf68f11f7 has been successfully formatted.
2023-12-19 18:18:01,379 [8a9232c4-f36b-4377-b9ad-83954010d1e2@group-B55983E01C1D-FollowerState] INFO  server.RaftServerConfigKeys (ConfUtils.java:logFallback(53)) - raft.server.rpc.first-election.timeout.min = 5s (fallback to raft.server.rpc.timeout.min)
2023-12-19 18:18:01,380 [8a9232c4-f36b-4377-b9ad-83954010d1e2@group-B55983E01C1D-FollowerState] INFO  server.RaftServerConfigKeys (ConfUtils.java:logFallback(53)) - raft.server.rpc.first-election.timeout.max = 5200ms (fallback to raft.server.rpc.timeout.max)
2023-12-19 18:18:01,380 [7fe801a6-aabd-4c1e-b418-af74b08e6351-groupManagement] INFO  ratis.ContainerStateMachine (ContainerStateMachine.java:loadSnapshot(287)) - group-CCCC26563B5E: The snapshot info is null. Setting the last applied indexto:(t:0, i:~)
2023-12-19 18:18:01,380 [7fe801a6-aabd-4c1e-b418-af74b08e6351-groupManagement] INFO  server.RaftServerConfigKeys (ConfUtils.java:logGet(46)) - raft.server.log.use.memory = false (default)
2023-12-19 18:18:01,380 [8a9232c4-f36b-4377-b9ad-83954010d1e2-PipelineCommandHandlerThread-0] INFO  ratis.XceiverServerRatis (XceiverServerRatis.java:addGroup(837)) - Created group PipelineID=1f4ceac0-3147-4e43-b162-b55983e01c1d
2023-12-19 18:18:01,380 [8a9232c4-f36b-4377-b9ad-83954010d1e2-PipelineCommandHandlerThread-0] INFO  commandhandler.CreatePipelineCommandHandler (CreatePipelineCommandHandler.java:lambda$handle$2(124)) - Created Pipeline RATIS ONE PipelineID=1f4ceac0-3147-4e43-b162-b55983e01c1d.
2023-12-19 18:18:01,380 [7fe801a6-aabd-4c1e-b418-af74b08e6351-groupManagement] INFO  server.RaftServerConfigKeys (ConfUtils.java:logGet(46)) - raft.server.log.purge.gap = 1000000 (custom)
2023-12-19 18:18:01,380 [7fe801a6-aabd-4c1e-b418-af74b08e6351-groupManagement] INFO  server.RaftServerConfigKeys (ConfUtils.java:logGet(46)) - raft.server.log.appender.buffer.byte-limit = 8388608 (custom)
2023-12-19 18:18:01,380 [7fe801a6-aabd-4c1e-b418-af74b08e6351-groupManagement] INFO  server.RaftServerConfigKeys (ConfUtils.java:logGet(46)) - raft.server.log.statemachine.data.read.timeout = 1000ms (default)
2023-12-19 18:18:01,380 [7fe801a6-aabd-4c1e-b418-af74b08e6351-groupManagement] INFO  server.RaftServerConfigKeys (ConfUtils.java:logGet(46)) - raft.server.log.purge.preservation.log.num = 0 (default)
2023-12-19 18:18:01,380 [8a9232c4-f36b-4377-b9ad-83954010d1e2-PipelineCommandHandlerThread-0] INFO  server.RaftServer (RaftServerProxy.java:addNew(100)) - 8a9232c4-f36b-4377-b9ad-83954010d1e2: addNew group-C7DCF68F11F7:[93d2edcd-6a6f-4cb3-ab2d-c0ab5a0bb6d7|10.1.0.19:15077, 8a9232c4-f36b-4377-b9ad-83954010d1e2|10.1.0.19:15086, cc2d5096-cbf7-4b7f-9694-9910b4c75033|10.1.0.19:15068] returns group-C7DCF68F11F7:java.util.concurrent.CompletableFuture@5ef6a56d[Not completed]
2023-12-19 18:18:01,381 [93d2edcd-6a6f-4cb3-ab2d-c0ab5a0bb6d7-groupManagement] INFO  ratis.ContainerStateMachine (ContainerStateMachine.java:loadSnapshot(287)) - group-C7DCF68F11F7: The snapshot info is null. Setting the last applied indexto:(t:0, i:~)
2023-12-19 18:18:01,381 [93d2edcd-6a6f-4cb3-ab2d-c0ab5a0bb6d7-groupManagement] INFO  server.RaftServerConfigKeys (ConfUtils.java:logGet(46)) - raft.server.log.use.memory = false (default)
2023-12-19 18:18:01,381 [93d2edcd-6a6f-4cb3-ab2d-c0ab5a0bb6d7-groupManagement] INFO  server.RaftServerConfigKeys (ConfUtils.java:logGet(46)) - raft.server.log.purge.gap = 1000000 (custom)
2023-12-19 18:18:01,381 [93d2edcd-6a6f-4cb3-ab2d-c0ab5a0bb6d7-groupManagement] INFO  server.RaftServerConfigKeys (ConfUtils.java:logGet(46)) - raft.server.log.appender.buffer.byte-limit = 8388608 (custom)
2023-12-19 18:18:01,381 [93d2edcd-6a6f-4cb3-ab2d-c0ab5a0bb6d7-groupManagement] INFO  server.RaftServerConfigKeys (ConfUtils.java:logGet(46)) - raft.server.log.statemachine.data.read.timeout = 1000ms (default)
2023-12-19 18:18:01,381 [93d2edcd-6a6f-4cb3-ab2d-c0ab5a0bb6d7-groupManagement] INFO  server.RaftServerConfigKeys (ConfUtils.java:logGet(46)) - raft.server.log.purge.preservation.log.num = 0 (default)
2023-12-19 18:18:01,382 [8a9232c4-f36b-4377-b9ad-83954010d1e2-groupManagement] INFO  server.RaftServer$Division (RaftServerImpl.java:<init>(256)) - 8a9232c4-f36b-4377-b9ad-83954010d1e2: new RaftServerImpl for group-C7DCF68F11F7:[93d2edcd-6a6f-4cb3-ab2d-c0ab5a0bb6d7|10.1.0.19:15077, 8a9232c4-f36b-4377-b9ad-83954010d1e2|10.1.0.19:15086, cc2d5096-cbf7-4b7f-9694-9910b4c75033|10.1.0.19:15068] with ContainerStateMachine:uninitialized
2023-12-19 18:18:01,382 [8a9232c4-f36b-4377-b9ad-83954010d1e2-groupManagement] INFO  server.RaftServerConfigKeys (ConfUtils.java:logGet(46)) - raft.server.rpc.timeout.min = 5s (custom)
2023-12-19 18:18:01,382 [8a9232c4-f36b-4377-b9ad-83954010d1e2-groupManagement] INFO  server.RaftServerConfigKeys (ConfUtils.java:logGet(46)) - raft.server.rpc.timeout.max = 5200ms (custom)
2023-12-19 18:18:01,382 [8a9232c4-f36b-4377-b9ad-83954010d1e2-groupManagement] INFO  server.RaftServerConfigKeys (ConfUtils.java:logGet(46)) - raft.server.rpc.sleep.time = 25ms (default)
2023-12-19 18:18:01,382 [8a9232c4-f36b-4377-b9ad-83954010d1e2-groupManagement] INFO  server.RaftServerConfigKeys (ConfUtils.java:logGet(46)) - raft.server.rpc.slowness.timeout = 300s (custom)
2023-12-19 18:18:01,382 [8a9232c4-f36b-4377-b9ad-83954010d1e2-groupManagement] INFO  server.RaftServerConfigKeys (ConfUtils.java:logGet(46)) - raft.server.leaderelection.leader.step-down.wait-time = 10s (default)
2023-12-19 18:18:01,382 [8a9232c4-f36b-4377-b9ad-83954010d1e2-groupManagement] INFO  server.RaftServerConfigKeys (ConfUtils.java:logGet(46)) - raft.server.leaderelection.member.majority-add = false (default)
2023-12-19 18:18:01,382 [8a9232c4-f36b-4377-b9ad-83954010d1e2-groupManagement] INFO  server.RaftServerConfigKeys (ConfUtils.java:logGet(46)) - raft.server.sleep.deviation.threshold = 300ms (default)
2023-12-19 18:18:01,382 [EventQueue-PipelineReportForPipelineReportHandler] INFO  pipeline.PipelineReportHandler (PipelineReportHandler.java:processPipelineReport(136)) - Opened pipeline PipelineID=4935d9fa-7acf-4533-b8e3-cccc26563b5e
2023-12-19 18:18:01,382 [8a9232c4-f36b-4377-b9ad-83954010d1e2-groupManagement] INFO  server.RaftServer$Division (ServerState.java:<init>(113)) - 8a9232c4-f36b-4377-b9ad-83954010d1e2@group-C7DCF68F11F7: ConfigurationManager, init=-1: peers:[93d2edcd-6a6f-4cb3-ab2d-c0ab5a0bb6d7|10.1.0.19:15077, 8a9232c4-f36b-4377-b9ad-83954010d1e2|10.1.0.19:15086, cc2d5096-cbf7-4b7f-9694-9910b4c75033|10.1.0.19:15068]|listeners:[], old=null, confs=<EMPTY_MAP>
2023-12-19 18:18:01,382 [8a9232c4-f36b-4377-b9ad-83954010d1e2-groupManagement] INFO  server.RaftServerConfigKeys (ConfUtils.java:logGet(46)) - raft.server.notification.no-leader.timeout = 300s (custom)
2023-12-19 18:18:01,382 [8a9232c4-f36b-4377-b9ad-83954010d1e2-groupManagement] INFO  server.RaftServerConfigKeys (ConfUtils.java:logGet(46)) - raft.server.read.timeout = 10s (default)
2023-12-19 18:18:01,382 [8a9232c4-f36b-4377-b9ad-83954010d1e2-groupManagement] INFO  server.RaftServerConfigKeys (ConfUtils.java:logGet(46)) - raft.server.retrycache.expirytime = 600000ms (custom)
2023-12-19 18:18:01,382 [EventQueue-OpenPipelineForHealthyPipelineSafeModeRule] INFO  safemode.SCMSafeModeManager (HealthyPipelineSafeModeRule.java:process(140)) - SCM in safe mode. Healthy pipelines reported count is 0, required healthy pipeline reported count is 1
2023-12-19 18:18:01,382 [8a9232c4-f36b-4377-b9ad-83954010d1e2-groupManagement] INFO  server.RaftServerConfigKeys (ConfUtils.java:logGet(46)) - raft.server.retrycache.statistics.expirytime = 100ms (default)
2023-12-19 18:18:01,382 [EventQueue-OpenPipelineForHealthyPipelineSafeModeRule] INFO  safemode.SCMSafeModeManager (HealthyPipelineSafeModeRule.java:process(140)) - SCM in safe mode. Healthy pipelines reported count is 0, required healthy pipeline reported count is 1
2023-12-19 18:18:01,382 [8a9232c4-f36b-4377-b9ad-83954010d1e2-groupManagement] INFO  server.RaftServerConfigKeys (ConfUtils.java:logGet(46)) - raft.server.read.option = DEFAULT (default)
2023-12-19 18:18:01,383 [8a9232c4-f36b-4377-b9ad-83954010d1e2-groupManagement] INFO  server.RaftServerConfigKeys (ConfUtils.java:logGet(46)) - raft.server.read.read-after-write-consistent.write-index-cache.expiry-time = 60s (default)
2023-12-19 18:18:01,388 [a90b24a4-d9f8-4f3b-8812-3b02ea4f687f-groupManagement] INFO  server.RaftServer$Division (RaftServerImpl.java:start(392)) - a90b24a4-d9f8-4f3b-8812-3b02ea4f687f@group-1905EDCA018F: start as a follower, conf=-1: peers:[a90b24a4-d9f8-4f3b-8812-3b02ea4f687f|10.1.0.19:15104]|listeners:[], old=null
2023-12-19 18:18:01,388 [a90b24a4-d9f8-4f3b-8812-3b02ea4f687f-groupManagement] INFO  server.RaftServer$Division (RaftServerImpl.java:setRole(379)) - a90b24a4-d9f8-4f3b-8812-3b02ea4f687f@group-1905EDCA018F: changes role from      null to FOLLOWER at term 0 for startAsFollower
2023-12-19 18:18:01,388 [a90b24a4-d9f8-4f3b-8812-3b02ea4f687f-groupManagement] INFO  impl.RoleInfo (RoleInfo.java:updateAndGet(139)) - a90b24a4-d9f8-4f3b-8812-3b02ea4f687f: start a90b24a4-d9f8-4f3b-8812-3b02ea4f687f@group-1905EDCA018F-FollowerState
2023-12-19 18:18:01,390 [a90b24a4-d9f8-4f3b-8812-3b02ea4f687f@group-1905EDCA018F-FollowerState] INFO  server.RaftServerConfigKeys (ConfUtils.java:logFallback(53)) - raft.server.rpc.first-election.timeout.min = 5s (fallback to raft.server.rpc.timeout.min)
2023-12-19 18:18:01,395 [a90b24a4-d9f8-4f3b-8812-3b02ea4f687f@group-1905EDCA018F-FollowerState] INFO  server.RaftServerConfigKeys (ConfUtils.java:logFallback(53)) - raft.server.rpc.first-election.timeout.max = 5200ms (fallback to raft.server.rpc.timeout.max)
2023-12-19 18:18:01,395 [a90b24a4-d9f8-4f3b-8812-3b02ea4f687f-groupManagement] INFO  util.JmxRegister (JmxRegister.java:tryRegister(44)) - Successfully registered JMX Bean with object name Ratis:service=RaftServer,group=group-1905EDCA018F,id=a90b24a4-d9f8-4f3b-8812-3b02ea4f687f
2023-12-19 18:18:01,395 [a90b24a4-d9f8-4f3b-8812-3b02ea4f687f-groupManagement] INFO  server.RaftServerConfigKeys (ConfUtils.java:logGet(46)) - raft.server.snapshot.trigger-when-stop.enabled = true (default)
2023-12-19 18:18:01,395 [a90b24a4-d9f8-4f3b-8812-3b02ea4f687f-groupManagement] INFO  server.RaftServerConfigKeys (ConfUtils.java:logGet(46)) - raft.server.snapshot.auto.trigger.enabled = true (custom)
2023-12-19 18:18:01,395 [a90b24a4-d9f8-4f3b-8812-3b02ea4f687f-groupManagement] INFO  server.RaftServerConfigKeys (ConfUtils.java:logGet(46)) - raft.server.snapshot.auto.trigger.threshold = 10000 (custom)
2023-12-19 18:18:01,395 [a90b24a4-d9f8-4f3b-8812-3b02ea4f687f-groupManagement] INFO  server.RaftServerConfigKeys (ConfUtils.java:logGet(46)) - raft.server.snapshot.retention.file.num = 5 (custom)
2023-12-19 18:18:01,395 [a90b24a4-d9f8-4f3b-8812-3b02ea4f687f-groupManagement] INFO  server.RaftServerConfigKeys (ConfUtils.java:logGet(46)) - raft.server.log.purge.upto.snapshot.index = false (default)
2023-12-19 18:18:01,399 [7fe801a6-aabd-4c1e-b418-af74b08e6351-groupManagement] INFO  server.RaftServerConfigKeys (ConfUtils.java:logGet(46)) - raft.server.log.segment.size.max = 67108864 (custom)
2023-12-19 18:18:01,400 [a90b24a4-d9f8-4f3b-8812-3b02ea4f687f-PipelineCommandHandlerThread-0] INFO  ratis.XceiverServerRatis (XceiverServerRatis.java:addGroup(837)) - Created group PipelineID=4b80c8ef-5c9e-48f7-8bcf-1905edca018f
2023-12-19 18:18:01,400 [a90b24a4-d9f8-4f3b-8812-3b02ea4f687f-PipelineCommandHandlerThread-0] INFO  commandhandler.CreatePipelineCommandHandler (CreatePipelineCommandHandler.java:lambda$handle$2(124)) - Created Pipeline RATIS ONE PipelineID=4b80c8ef-5c9e-48f7-8bcf-1905edca018f.
2023-12-19 18:18:01,400 [a90b24a4-d9f8-4f3b-8812-3b02ea4f687f-PipelineCommandHandlerThread-0] INFO  server.RaftServer (RaftServerProxy.java:addNew(100)) - a90b24a4-d9f8-4f3b-8812-3b02ea4f687f: addNew group-9FFAAA1D27BF:[c27b4a8c-9932-4b8f-bf34-353c967d0ecc|10.1.0.19:15113, a90b24a4-d9f8-4f3b-8812-3b02ea4f687f|10.1.0.19:15104, 7fe801a6-aabd-4c1e-b418-af74b08e6351|10.1.0.19:15095] returns group-9FFAAA1D27BF:java.util.concurrent.CompletableFuture@2207970c[Not completed]
2023-12-19 18:18:01,401 [7fe801a6-aabd-4c1e-b418-af74b08e6351-groupManagement] INFO  server.RaftServerConfigKeys (ConfUtils.java:logGet(46)) - raft.server.log.segment.cache.num.max = 2 (custom)
2023-12-19 18:18:01,401 [7fe801a6-aabd-4c1e-b418-af74b08e6351-groupManagement] INFO  server.RaftServerConfigKeys (ConfUtils.java:logGet(46)) - raft.server.log.segment.cache.size.max = 200MB (=209715200) (default)
2023-12-19 18:18:01,401 [7fe801a6-aabd-4c1e-b418-af74b08e6351-groupManagement] INFO  server.RaftServerConfigKeys (ConfUtils.java:logGet(46)) - raft.server.log.appender.buffer.byte-limit = 8388608 (custom)
2023-12-19 18:18:01,402 [a90b24a4-d9f8-4f3b-8812-3b02ea4f687f-groupManagement] INFO  server.RaftServer$Division (RaftServerImpl.java:<init>(256)) - a90b24a4-d9f8-4f3b-8812-3b02ea4f687f: new RaftServerImpl for group-9FFAAA1D27BF:[c27b4a8c-9932-4b8f-bf34-353c967d0ecc|10.1.0.19:15113, a90b24a4-d9f8-4f3b-8812-3b02ea4f687f|10.1.0.19:15104, 7fe801a6-aabd-4c1e-b418-af74b08e6351|10.1.0.19:15095] with ContainerStateMachine:uninitialized
2023-12-19 18:18:01,402 [a90b24a4-d9f8-4f3b-8812-3b02ea4f687f-groupManagement] INFO  server.RaftServerConfigKeys (ConfUtils.java:logGet(46)) - raft.server.rpc.timeout.min = 5s (custom)
2023-12-19 18:18:01,402 [a90b24a4-d9f8-4f3b-8812-3b02ea4f687f-groupManagement] INFO  server.RaftServerConfigKeys (ConfUtils.java:logGet(46)) - raft.server.rpc.timeout.max = 5200ms (custom)
2023-12-19 18:18:01,402 [a90b24a4-d9f8-4f3b-8812-3b02ea4f687f-groupManagement] INFO  server.RaftServerConfigKeys (ConfUtils.java:logGet(46)) - raft.server.rpc.sleep.time = 25ms (default)
2023-12-19 18:18:01,402 [a90b24a4-d9f8-4f3b-8812-3b02ea4f687f-groupManagement] INFO  server.RaftServerConfigKeys (ConfUtils.java:logGet(46)) - raft.server.rpc.slowness.timeout = 300s (custom)
2023-12-19 18:18:01,402 [a90b24a4-d9f8-4f3b-8812-3b02ea4f687f-groupManagement] INFO  server.RaftServerConfigKeys (ConfUtils.java:logGet(46)) - raft.server.leaderelection.leader.step-down.wait-time = 10s (default)
2023-12-19 18:18:01,402 [a90b24a4-d9f8-4f3b-8812-3b02ea4f687f-groupManagement] INFO  server.RaftServerConfigKeys (ConfUtils.java:logGet(46)) - raft.server.leaderelection.member.majority-add = false (default)
2023-12-19 18:18:01,402 [a90b24a4-d9f8-4f3b-8812-3b02ea4f687f-groupManagement] INFO  server.RaftServerConfigKeys (ConfUtils.java:logGet(46)) - raft.server.sleep.deviation.threshold = 300ms (default)
2023-12-19 18:18:01,402 [a90b24a4-d9f8-4f3b-8812-3b02ea4f687f-groupManagement] INFO  server.RaftServer$Division (ServerState.java:<init>(113)) - a90b24a4-d9f8-4f3b-8812-3b02ea4f687f@group-9FFAAA1D27BF: ConfigurationManager, init=-1: peers:[c27b4a8c-9932-4b8f-bf34-353c967d0ecc|10.1.0.19:15113, a90b24a4-d9f8-4f3b-8812-3b02ea4f687f|10.1.0.19:15104, 7fe801a6-aabd-4c1e-b418-af74b08e6351|10.1.0.19:15095]|listeners:[], old=null, confs=<EMPTY_MAP>
2023-12-19 18:18:01,402 [a90b24a4-d9f8-4f3b-8812-3b02ea4f687f-groupManagement] INFO  server.RaftServerConfigKeys (ConfUtils.java:logGet(46)) - raft.server.notification.no-leader.timeout = 300s (custom)
2023-12-19 18:18:01,402 [a90b24a4-d9f8-4f3b-8812-3b02ea4f687f-groupManagement] INFO  server.RaftServerConfigKeys (ConfUtils.java:logGet(46)) - raft.server.read.timeout = 10s (default)
2023-12-19 18:18:01,402 [a90b24a4-d9f8-4f3b-8812-3b02ea4f687f-groupManagement] INFO  server.RaftServerConfigKeys (ConfUtils.java:logGet(46)) - raft.server.retrycache.expirytime = 600000ms (custom)
2023-12-19 18:18:01,402 [a90b24a4-d9f8-4f3b-8812-3b02ea4f687f-groupManagement] INFO  server.RaftServerConfigKeys (ConfUtils.java:logGet(46)) - raft.server.retrycache.statistics.expirytime = 100ms (default)
2023-12-19 18:18:01,403 [a90b24a4-d9f8-4f3b-8812-3b02ea4f687f-groupManagement] INFO  server.RaftServerConfigKeys (ConfUtils.java:logGet(46)) - raft.server.read.option = DEFAULT (default)
2023-12-19 18:18:01,403 [a90b24a4-d9f8-4f3b-8812-3b02ea4f687f-groupManagement] INFO  server.RaftServerConfigKeys (ConfUtils.java:logGet(46)) - raft.server.read.read-after-write-consistent.write-index-cache.expiry-time = 60s (default)
2023-12-19 18:18:01,405 [8a9232c4-f36b-4377-b9ad-83954010d1e2-groupManagement] INFO  server.RaftServerConfigKeys (ConfUtils.java:logGet(46)) - raft.server.rpc.request.timeout = 60s (custom)
2023-12-19 18:18:01,405 [8a9232c4-f36b-4377-b9ad-83954010d1e2-groupManagement] INFO  server.RaftServerConfigKeys (ConfUtils.java:logGet(46)) - raft.server.log.appender.install.snapshot.enabled = false (custom)
2023-12-19 18:18:01,405 [8a9232c4-f36b-4377-b9ad-83954010d1e2-groupManagement] INFO  server.RaftServerConfigKeys (ConfUtils.java:logGet(46)) - raft.server.threadpool.server.cached = true (default)
2023-12-19 18:18:01,405 [8a9232c4-f36b-4377-b9ad-83954010d1e2-groupManagement] INFO  server.RaftServerConfigKeys (ConfUtils.java:logGet(46)) - raft.server.threadpool.server.size = 0 (default)
2023-12-19 18:18:01,405 [8a9232c4-f36b-4377-b9ad-83954010d1e2-groupManagement] INFO  server.RaftServerConfigKeys (ConfUtils.java:logGet(46)) - raft.server.threadpool.client.cached = true (default)
2023-12-19 18:18:01,405 [8a9232c4-f36b-4377-b9ad-83954010d1e2-groupManagement] INFO  server.RaftServerConfigKeys (ConfUtils.java:logGet(46)) - raft.server.threadpool.client.size = 0 (default)
2023-12-19 18:18:01,405 [8a9232c4-f36b-4377-b9ad-83954010d1e2-groupManagement] INFO  server.RaftServerConfigKeys (ConfUtils.java:logGet(46)) - raft.server.storage.free-space.min = 0MB (=0) (default)
2023-12-19 18:18:01,405 [8a9232c4-f36b-4377-b9ad-83954010d1e2-groupManagement] INFO  server.RaftServerConfigKeys (ConfUtils.java:logGet(46)) - raft.server.log.corruption.policy = EXCEPTION (default)
2023-12-19 18:18:01,405 [8a9232c4-f36b-4377-b9ad-83954010d1e2-groupManagement] INFO  server.RaftServerConfigKeys (ConfUtils.java:logGet(46)) - raft.server.storage.dir = [/home/runner/work/ozone/ozone/hadoop-ozone/integration-test/target/test-dir/MiniOzoneClusterImpl-c3f67427-b36b-4ee4-bde0-91623ce58163/datanode-8/data/ratis] (custom)
2023-12-19 18:18:01,405 [8a9232c4-f36b-4377-b9ad-83954010d1e2-groupManagement] INFO  storage.RaftStorageDirectory (RaftStorageDirectoryImpl.java:analyzeStorage(138)) - The storage directory /home/runner/work/ozone/ozone/hadoop-ozone/integration-test/target/test-dir/MiniOzoneClusterImpl-c3f67427-b36b-4ee4-bde0-91623ce58163/datanode-8/data/ratis/8f3870ae-d5ad-47e7-81f2-c7dcf68f11f7 does not exist. Creating ...
2023-12-19 18:18:01,408 [8a9232c4-f36b-4377-b9ad-83954010d1e2-groupManagement] INFO  storage.RaftStorageDirectory (RaftStorageDirectoryImpl.java:tryLock(232)) - Lock on /home/runner/work/ozone/ozone/hadoop-ozone/integration-test/target/test-dir/MiniOzoneClusterImpl-c3f67427-b36b-4ee4-bde0-91623ce58163/datanode-8/data/ratis/8f3870ae-d5ad-47e7-81f2-c7dcf68f11f7/in_use.lock acquired by nodename 34604@fv-az1381-513
2023-12-19 18:18:01,408 [8a9232c4-f36b-4377-b9ad-83954010d1e2-groupManagement] INFO  storage.RaftStorage (RaftStorageImpl.java:format(97)) - Storage directory /home/runner/work/ozone/ozone/hadoop-ozone/integration-test/target/test-dir/MiniOzoneClusterImpl-c3f67427-b36b-4ee4-bde0-91623ce58163/datanode-8/data/ratis/8f3870ae-d5ad-47e7-81f2-c7dcf68f11f7 has been successfully formatted.
2023-12-19 18:18:01,410 [a90b24a4-d9f8-4f3b-8812-3b02ea4f687f-groupManagement] INFO  server.RaftServerConfigKeys (ConfUtils.java:logGet(46)) - raft.server.rpc.request.timeout = 60s (custom)
2023-12-19 18:18:01,411 [a90b24a4-d9f8-4f3b-8812-3b02ea4f687f-groupManagement] INFO  server.RaftServerConfigKeys (ConfUtils.java:logGet(46)) - raft.server.log.appender.install.snapshot.enabled = false (custom)
2023-12-19 18:18:01,411 [a90b24a4-d9f8-4f3b-8812-3b02ea4f687f-groupManagement] INFO  server.RaftServerConfigKeys (ConfUtils.java:logGet(46)) - raft.server.threadpool.server.cached = true (default)
2023-12-19 18:18:01,411 [a90b24a4-d9f8-4f3b-8812-3b02ea4f687f-groupManagement] INFO  server.RaftServerConfigKeys (ConfUtils.java:logGet(46)) - raft.server.threadpool.server.size = 0 (default)
2023-12-19 18:18:01,411 [a90b24a4-d9f8-4f3b-8812-3b02ea4f687f-groupManagement] INFO  server.RaftServerConfigKeys (ConfUtils.java:logGet(46)) - raft.server.threadpool.client.cached = true (default)
2023-12-19 18:18:01,411 [a90b24a4-d9f8-4f3b-8812-3b02ea4f687f-groupManagement] INFO  server.RaftServerConfigKeys (ConfUtils.java:logGet(46)) - raft.server.threadpool.client.size = 0 (default)
2023-12-19 18:18:01,411 [a90b24a4-d9f8-4f3b-8812-3b02ea4f687f-groupManagement] INFO  server.RaftServerConfigKeys (ConfUtils.java:logGet(46)) - raft.server.storage.free-space.min = 0MB (=0) (default)
2023-12-19 18:18:01,411 [a90b24a4-d9f8-4f3b-8812-3b02ea4f687f-groupManagement] INFO  server.RaftServerConfigKeys (ConfUtils.java:logGet(46)) - raft.server.log.corruption.policy = EXCEPTION (default)
2023-12-19 18:18:01,412 [a90b24a4-d9f8-4f3b-8812-3b02ea4f687f-groupManagement] INFO  server.RaftServerConfigKeys (ConfUtils.java:logGet(46)) - raft.server.storage.dir = [/home/runner/work/ozone/ozone/hadoop-ozone/integration-test/target/test-dir/MiniOzoneClusterImpl-c3f67427-b36b-4ee4-bde0-91623ce58163/datanode-10/data/ratis] (custom)
2023-12-19 18:18:01,412 [a90b24a4-d9f8-4f3b-8812-3b02ea4f687f-groupManagement] INFO  storage.RaftStorageDirectory (RaftStorageDirectoryImpl.java:analyzeStorage(138)) - The storage directory /home/runner/work/ozone/ozone/hadoop-ozone/integration-test/target/test-dir/MiniOzoneClusterImpl-c3f67427-b36b-4ee4-bde0-91623ce58163/datanode-10/data/ratis/20585b8c-633c-41dc-806a-9ffaaa1d27bf does not exist. Creating ...
2023-12-19 18:18:01,412 [8a9232c4-f36b-4377-b9ad-83954010d1e2-groupManagement] INFO  ratis.ContainerStateMachine (ContainerStateMachine.java:loadSnapshot(287)) - group-C7DCF68F11F7: The snapshot info is null. Setting the last applied indexto:(t:0, i:~)
2023-12-19 18:18:01,413 [8a9232c4-f36b-4377-b9ad-83954010d1e2-groupManagement] INFO  server.RaftServerConfigKeys (ConfUtils.java:logGet(46)) - raft.server.log.use.memory = false (default)
2023-12-19 18:18:01,413 [8a9232c4-f36b-4377-b9ad-83954010d1e2-groupManagement] INFO  server.RaftServerConfigKeys (ConfUtils.java:logGet(46)) - raft.server.log.purge.gap = 1000000 (custom)
2023-12-19 18:18:01,413 [8a9232c4-f36b-4377-b9ad-83954010d1e2-groupManagement] INFO  server.RaftServerConfigKeys (ConfUtils.java:logGet(46)) - raft.server.log.appender.buffer.byte-limit = 8388608 (custom)
2023-12-19 18:18:01,414 [8a9232c4-f36b-4377-b9ad-83954010d1e2-groupManagement] INFO  server.RaftServerConfigKeys (ConfUtils.java:logGet(46)) - raft.server.log.statemachine.data.read.timeout = 1000ms (default)
2023-12-19 18:18:01,414 [8a9232c4-f36b-4377-b9ad-83954010d1e2-groupManagement] INFO  server.RaftServerConfigKeys (ConfUtils.java:logGet(46)) - raft.server.log.purge.preservation.log.num = 0 (default)
2023-12-19 18:18:01,412 [7fe801a6-aabd-4c1e-b418-af74b08e6351-groupManagement] INFO  util.AwaitToRun (AwaitToRun.java:start(81)) - Thread[7fe801a6-aabd-4c1e-b418-af74b08e6351@group-CCCC26563B5E-cacheEviction-AwaitToRun,5,main] started
2023-12-19 18:18:01,414 [7fe801a6-aabd-4c1e-b418-af74b08e6351-groupManagement] INFO  segmented.SegmentedRaftLogWorker (SegmentedRaftLogWorker.java:<init>(184)) - new 7fe801a6-aabd-4c1e-b418-af74b08e6351@group-CCCC26563B5E-SegmentedRaftLogWorker for RaftStorageImpl:Storage Directory /home/runner/work/ozone/ozone/hadoop-ozone/integration-test/target/test-dir/MiniOzoneClusterImpl-c3f67427-b36b-4ee4-bde0-91623ce58163/datanode-9/data/ratis/4935d9fa-7acf-4533-b8e3-cccc26563b5e
2023-12-19 18:18:01,414 [7fe801a6-aabd-4c1e-b418-af74b08e6351-groupManagement] INFO  server.RaftServerConfigKeys (ConfUtils.java:logGet(46)) - raft.server.log.queue.byte-limit = 4294967296 (custom)
2023-12-19 18:18:01,414 [7fe801a6-aabd-4c1e-b418-af74b08e6351-groupManagement] INFO  server.RaftServerConfigKeys (ConfUtils.java:logGet(46)) - raft.server.log.queue.element-limit = 1024 (custom)
2023-12-19 18:18:01,415 [7fe801a6-aabd-4c1e-b418-af74b08e6351-groupManagement] INFO  server.RaftServerConfigKeys (ConfUtils.java:logGet(46)) - raft.server.log.segment.size.max = 67108864 (custom)
2023-12-19 18:18:01,415 [7fe801a6-aabd-4c1e-b418-af74b08e6351-groupManagement] INFO  server.RaftServerConfigKeys (ConfUtils.java:logGet(46)) - raft.server.log.preallocated.size = 4194304 (custom)
2023-12-19 18:18:01,415 [7fe801a6-aabd-4c1e-b418-af74b08e6351-groupManagement] INFO  server.RaftServerConfigKeys (ConfUtils.java:logGet(46)) - raft.server.log.force.sync.num = 128 (default)
2023-12-19 18:18:01,415 [7fe801a6-aabd-4c1e-b418-af74b08e6351-groupManagement] INFO  server.RaftServerConfigKeys (ConfUtils.java:logGet(46)) - raft.server.log.statemachine.data.sync = true (default)
2023-12-19 18:18:01,415 [7fe801a6-aabd-4c1e-b418-af74b08e6351-groupManagement] INFO  server.RaftServerConfigKeys (ConfUtils.java:logGet(46)) - raft.server.log.statemachine.data.sync.timeout = 10s (default)
2023-12-19 18:18:01,415 [7fe801a6-aabd-4c1e-b418-af74b08e6351-groupManagement] INFO  server.RaftServerConfigKeys (ConfUtils.java:logGet(46)) - raft.server.log.statemachine.data.sync.timeout.retry = 0 (custom)
2023-12-19 18:18:01,415 [7fe801a6-aabd-4c1e-b418-af74b08e6351-groupManagement] INFO  server.RaftServerConfigKeys (ConfUtils.java:logGet(46)) - raft.server.log.write.buffer.size = 8388616 (custom)
2023-12-19 18:18:01,413 [EventQueue-OpenPipelineForHealthyPipelineSafeModeRule] INFO  safemode.SCMSafeModeManager (HealthyPipelineSafeModeRule.java:process(140)) - SCM in safe mode. Healthy pipelines reported count is 0, required healthy pipeline reported count is 1
2023-12-19 18:18:01,417 [7fe801a6-aabd-4c1e-b418-af74b08e6351-groupManagement] INFO  server.RaftServerConfigKeys (ConfUtils.java:logGet(46)) - raft.server.log.appender.buffer.byte-limit = 8388608 (custom)
2023-12-19 18:18:01,418 [7fe801a6-aabd-4c1e-b418-af74b08e6351-groupManagement] INFO  server.RaftServerConfigKeys (ConfUtils.java:logGet(46)) - raft.server.log.unsafe-flush.enabled = false (default)
2023-12-19 18:18:01,419 [7fe801a6-aabd-4c1e-b418-af74b08e6351-groupManagement] INFO  server.RaftServerConfigKeys (ConfUtils.java:logGet(46)) - raft.server.log.async-flush.enabled = false (default)
2023-12-19 18:18:01,419 [7fe801a6-aabd-4c1e-b418-af74b08e6351-groupManagement] INFO  server.RaftServerConfigKeys (ConfUtils.java:logGet(46)) - raft.server.log.statemachine.data.caching.enabled = true (custom)
2023-12-19 18:18:01,419 [7fe801a6-aabd-4c1e-b418-af74b08e6351-groupManagement] INFO  segmented.SegmentedRaftLogWorker (SegmentedRaftLogWorker.java:lambda$new$0(135)) - 7fe801a6-aabd-4c1e-b418-af74b08e6351@group-CCCC26563B5E-SegmentedRaftLogWorker: flushIndex: setUnconditionally 0 -> -1
2023-12-19 18:18:01,420 [7fe801a6-aabd-4c1e-b418-af74b08e6351-groupManagement] INFO  segmented.SegmentedRaftLogWorker (SegmentedRaftLogWorker.java:lambda$new$0(135)) - 7fe801a6-aabd-4c1e-b418-af74b08e6351@group-CCCC26563B5E-SegmentedRaftLogWorker: safeCacheEvictIndex: setUnconditionally 0 -> -1
2023-12-19 18:18:01,421 [8a9232c4-f36b-4377-b9ad-83954010d1e2-groupManagement] INFO  server.RaftServerConfigKeys (ConfUtils.java:logGet(46)) - raft.server.log.segment.size.max = 67108864 (custom)
2023-12-19 18:18:01,421 [8a9232c4-f36b-4377-b9ad-83954010d1e2-groupManagement] INFO  server.RaftServerConfigKeys (ConfUtils.java:logGet(46)) - raft.server.log.segment.cache.num.max = 2 (custom)
2023-12-19 18:18:01,422 [8a9232c4-f36b-4377-b9ad-83954010d1e2-groupManagement] INFO  server.RaftServerConfigKeys (ConfUtils.java:logGet(46)) - raft.server.log.segment.cache.size.max = 200MB (=209715200) (default)
2023-12-19 18:18:01,422 [8a9232c4-f36b-4377-b9ad-83954010d1e2-groupManagement] INFO  server.RaftServerConfigKeys (ConfUtils.java:logGet(46)) - raft.server.log.appender.buffer.byte-limit = 8388608 (custom)
2023-12-19 18:18:01,422 [a90b24a4-d9f8-4f3b-8812-3b02ea4f687f-groupManagement] INFO  storage.RaftStorageDirectory (RaftStorageDirectoryImpl.java:tryLock(232)) - Lock on /home/runner/work/ozone/ozone/hadoop-ozone/integration-test/target/test-dir/MiniOzoneClusterImpl-c3f67427-b36b-4ee4-bde0-91623ce58163/datanode-10/data/ratis/20585b8c-633c-41dc-806a-9ffaaa1d27bf/in_use.lock acquired by nodename 34604@fv-az1381-513
2023-12-19 18:18:01,427 [a90b24a4-d9f8-4f3b-8812-3b02ea4f687f-groupManagement] INFO  storage.RaftStorage (RaftStorageImpl.java:format(97)) - Storage directory /home/runner/work/ozone/ozone/hadoop-ozone/integration-test/target/test-dir/MiniOzoneClusterImpl-c3f67427-b36b-4ee4-bde0-91623ce58163/datanode-10/data/ratis/20585b8c-633c-41dc-806a-9ffaaa1d27bf has been successfully formatted.
2023-12-19 18:18:01,428 [b44d76fe-ddfd-47c8-8f4d-0e79dfcb9ca5-PipelineCommandHandlerThread-0] INFO  commandhandler.CreatePipelineCommandHandler (CreatePipelineCommandHandler.java:lambda$handle$2(124)) - Created Pipeline RATIS THREE PipelineID=0d41620a-3cbb-499e-b93b-0fc0af6d08e6.
2023-12-19 18:18:01,428 [93d2edcd-6a6f-4cb3-ab2d-c0ab5a0bb6d7-groupManagement] INFO  server.RaftServerConfigKeys (ConfUtils.java:logGet(46)) - raft.server.log.segment.size.max = 67108864 (custom)
2023-12-19 18:18:01,429 [93d2edcd-6a6f-4cb3-ab2d-c0ab5a0bb6d7-groupManagement] INFO  server.RaftServerConfigKeys (ConfUtils.java:logGet(46)) - raft.server.log.segment.cache.num.max = 2 (custom)
2023-12-19 18:18:01,429 [93d2edcd-6a6f-4cb3-ab2d-c0ab5a0bb6d7-groupManagement] INFO  server.RaftServerConfigKeys (ConfUtils.java:logGet(46)) - raft.server.log.segment.cache.size.max = 200MB (=209715200) (default)
2023-12-19 18:18:01,429 [93d2edcd-6a6f-4cb3-ab2d-c0ab5a0bb6d7-groupManagement] INFO  server.RaftServerConfigKeys (ConfUtils.java:logGet(46)) - raft.server.log.appender.buffer.byte-limit = 8388608 (custom)
2023-12-19 18:18:01,431 [8a9232c4-f36b-4377-b9ad-83954010d1e2-groupManagement] INFO  util.AwaitToRun (AwaitToRun.java:start(81)) - Thread[8a9232c4-f36b-4377-b9ad-83954010d1e2@group-C7DCF68F11F7-cacheEviction-AwaitToRun,5,main] started
2023-12-19 18:18:01,431 [8a9232c4-f36b-4377-b9ad-83954010d1e2-groupManagement] INFO  segmented.SegmentedRaftLogWorker (SegmentedRaftLogWorker.java:<init>(184)) - new 8a9232c4-f36b-4377-b9ad-83954010d1e2@group-C7DCF68F11F7-SegmentedRaftLogWorker for RaftStorageImpl:Storage Directory /home/runner/work/ozone/ozone/hadoop-ozone/integration-test/target/test-dir/MiniOzoneClusterImpl-c3f67427-b36b-4ee4-bde0-91623ce58163/datanode-8/data/ratis/8f3870ae-d5ad-47e7-81f2-c7dcf68f11f7
2023-12-19 18:18:01,431 [8a9232c4-f36b-4377-b9ad-83954010d1e2-groupManagement] INFO  server.RaftServerConfigKeys (ConfUtils.java:logGet(46)) - raft.server.log.queue.byte-limit = 4294967296 (custom)
2023-12-19 18:18:01,431 [8a9232c4-f36b-4377-b9ad-83954010d1e2-groupManagement] INFO  server.RaftServerConfigKeys (ConfUtils.java:logGet(46)) - raft.server.log.queue.element-limit = 1024 (custom)
2023-12-19 18:18:01,431 [8a9232c4-f36b-4377-b9ad-83954010d1e2-groupManagement] INFO  server.RaftServerConfigKeys (ConfUtils.java:logGet(46)) - raft.server.log.segment.size.max = 67108864 (custom)
2023-12-19 18:18:01,432 [8a9232c4-f36b-4377-b9ad-83954010d1e2-groupManagement] INFO  server.RaftServerConfigKeys (ConfUtils.java:logGet(46)) - raft.server.log.preallocated.size = 4194304 (custom)
2023-12-19 18:18:01,432 [8a9232c4-f36b-4377-b9ad-83954010d1e2-groupManagement] INFO  server.RaftServerConfigKeys (ConfUtils.java:logGet(46)) - raft.server.log.force.sync.num = 128 (default)
2023-12-19 18:18:01,432 [8a9232c4-f36b-4377-b9ad-83954010d1e2-groupManagement] INFO  server.RaftServerConfigKeys (ConfUtils.java:logGet(46)) - raft.server.log.statemachine.data.sync = true (default)
2023-12-19 18:18:01,432 [8a9232c4-f36b-4377-b9ad-83954010d1e2-groupManagement] INFO  server.RaftServerConfigKeys (ConfUtils.java:logGet(46)) - raft.server.log.statemachine.data.sync.timeout = 10s (default)
2023-12-19 18:18:01,432 [8a9232c4-f36b-4377-b9ad-83954010d1e2-groupManagement] INFO  server.RaftServerConfigKeys (ConfUtils.java:logGet(46)) - raft.server.log.statemachine.data.sync.timeout.retry = 0 (custom)
2023-12-19 18:18:01,432 [8a9232c4-f36b-4377-b9ad-83954010d1e2-groupManagement] INFO  server.RaftServerConfigKeys (ConfUtils.java:logGet(46)) - raft.server.log.write.buffer.size = 8388616 (custom)
2023-12-19 18:18:01,433 [7fe801a6-aabd-4c1e-b418-af74b08e6351-groupManagement] INFO  server.RaftServer$Division (RaftServerImpl.java:start(392)) - 7fe801a6-aabd-4c1e-b418-af74b08e6351@group-CCCC26563B5E: start as a follower, conf=-1: peers:[7fe801a6-aabd-4c1e-b418-af74b08e6351|10.1.0.19:15095]|listeners:[], old=null
2023-12-19 18:18:01,433 [7fe801a6-aabd-4c1e-b418-af74b08e6351-groupManagement] INFO  server.RaftServer$Division (RaftServerImpl.java:setRole(379)) - 7fe801a6-aabd-4c1e-b418-af74b08e6351@group-CCCC26563B5E: changes role from      null to FOLLOWER at term 0 for startAsFollower
2023-12-19 18:18:01,433 [7fe801a6-aabd-4c1e-b418-af74b08e6351-groupManagement] INFO  impl.RoleInfo (RoleInfo.java:updateAndGet(139)) - 7fe801a6-aabd-4c1e-b418-af74b08e6351: start 7fe801a6-aabd-4c1e-b418-af74b08e6351@group-CCCC26563B5E-FollowerState
2023-12-19 18:18:01,434 [7fe801a6-aabd-4c1e-b418-af74b08e6351-groupManagement] INFO  util.JmxRegister (JmxRegister.java:tryRegister(44)) - Successfully registered JMX Bean with object name Ratis:service=RaftServer,group=group-CCCC26563B5E,id=7fe801a6-aabd-4c1e-b418-af74b08e6351
2023-12-19 18:18:01,434 [7fe801a6-aabd-4c1e-b418-af74b08e6351-groupManagement] INFO  server.RaftServerConfigKeys (ConfUtils.java:logGet(46)) - raft.server.snapshot.trigger-when-stop.enabled = true (default)
2023-12-19 18:18:01,434 [7fe801a6-aabd-4c1e-b418-af74b08e6351-groupManagement] INFO  server.RaftServerConfigKeys (ConfUtils.java:logGet(46)) - raft.server.snapshot.auto.trigger.enabled = true (custom)
2023-12-19 18:18:01,434 [7fe801a6-aabd-4c1e-b418-af74b08e6351-groupManagement] INFO  server.RaftServerConfigKeys (ConfUtils.java:logGet(46)) - raft.server.snapshot.auto.trigger.threshold = 10000 (custom)
2023-12-19 18:18:01,434 [7fe801a6-aabd-4c1e-b418-af74b08e6351-groupManagement] INFO  server.RaftServerConfigKeys (ConfUtils.java:logGet(46)) - raft.server.snapshot.retention.file.num = 5 (custom)
2023-12-19 18:18:01,434 [8a9232c4-f36b-4377-b9ad-83954010d1e2-groupManagement] INFO  server.RaftServerConfigKeys (ConfUtils.java:logGet(46)) - raft.server.log.appender.buffer.byte-limit = 8388608 (custom)
2023-12-19 18:18:01,435 [8a9232c4-f36b-4377-b9ad-83954010d1e2-groupManagement] INFO  server.RaftServerConfigKeys (ConfUtils.java:logGet(46)) - raft.server.log.unsafe-flush.enabled = false (default)
2023-12-19 18:18:01,435 [8a9232c4-f36b-4377-b9ad-83954010d1e2-groupManagement] INFO  server.RaftServerConfigKeys (ConfUtils.java:logGet(46)) - raft.server.log.async-flush.enabled = false (default)
2023-12-19 18:18:01,435 [8a9232c4-f36b-4377-b9ad-83954010d1e2-groupManagement] INFO  server.RaftServerConfigKeys (ConfUtils.java:logGet(46)) - raft.server.log.statemachine.data.caching.enabled = true (custom)
2023-12-19 18:18:01,435 [8a9232c4-f36b-4377-b9ad-83954010d1e2-groupManagement] INFO  segmented.SegmentedRaftLogWorker (SegmentedRaftLogWorker.java:lambda$new$0(135)) - 8a9232c4-f36b-4377-b9ad-83954010d1e2@group-C7DCF68F11F7-SegmentedRaftLogWorker: flushIndex: setUnconditionally 0 -> -1
2023-12-19 18:18:01,435 [8a9232c4-f36b-4377-b9ad-83954010d1e2-groupManagement] INFO  segmented.SegmentedRaftLogWorker (SegmentedRaftLogWorker.java:lambda$new$0(135)) - 8a9232c4-f36b-4377-b9ad-83954010d1e2@group-C7DCF68F11F7-SegmentedRaftLogWorker: safeCacheEvictIndex: setUnconditionally 0 -> -1
2023-12-19 18:18:01,434 [7fe801a6-aabd-4c1e-b418-af74b08e6351-groupManagement] INFO  server.RaftServerConfigKeys (ConfUtils.java:logGet(46)) - raft.server.log.purge.upto.snapshot.index = false (default)
2023-12-19 18:18:01,436 [7fe801a6-aabd-4c1e-b418-af74b08e6351@group-CCCC26563B5E-FollowerState] INFO  server.RaftServerConfigKeys (ConfUtils.java:logFallback(53)) - raft.server.rpc.first-election.timeout.min = 5s (fallback to raft.server.rpc.timeout.min)
2023-12-19 18:18:01,436 [7fe801a6-aabd-4c1e-b418-af74b08e6351@group-CCCC26563B5E-FollowerState] INFO  server.RaftServerConfigKeys (ConfUtils.java:logFallback(53)) - raft.server.rpc.first-election.timeout.max = 5200ms (fallback to raft.server.rpc.timeout.max)
2023-12-19 18:18:01,437 [93d2edcd-6a6f-4cb3-ab2d-c0ab5a0bb6d7-groupManagement] INFO  util.AwaitToRun (AwaitToRun.java:start(81)) - Thread[93d2edcd-6a6f-4cb3-ab2d-c0ab5a0bb6d7@group-C7DCF68F11F7-cacheEviction-AwaitToRun,5,main] started
2023-12-19 18:18:01,437 [93d2edcd-6a6f-4cb3-ab2d-c0ab5a0bb6d7-groupManagement] INFO  segmented.SegmentedRaftLogWorker (SegmentedRaftLogWorker.java:<init>(184)) - new 93d2edcd-6a6f-4cb3-ab2d-c0ab5a0bb6d7@group-C7DCF68F11F7-SegmentedRaftLogWorker for RaftStorageImpl:Storage Directory /home/runner/work/ozone/ozone/hadoop-ozone/integration-test/target/test-dir/MiniOzoneClusterImpl-c3f67427-b36b-4ee4-bde0-91623ce58163/datanode-7/data/ratis/8f3870ae-d5ad-47e7-81f2-c7dcf68f11f7
2023-12-19 18:18:01,437 [93d2edcd-6a6f-4cb3-ab2d-c0ab5a0bb6d7-groupManagement] INFO  server.RaftServerConfigKeys (ConfUtils.java:logGet(46)) - raft.server.log.queue.byte-limit = 4294967296 (custom)
2023-12-19 18:18:01,437 [a90b24a4-d9f8-4f3b-8812-3b02ea4f687f-groupManagement] INFO  ratis.ContainerStateMachine (ContainerStateMachine.java:loadSnapshot(287)) - group-9FFAAA1D27BF: The snapshot info is null. Setting the last applied indexto:(t:0, i:~)
2023-12-19 18:18:01,437 [a90b24a4-d9f8-4f3b-8812-3b02ea4f687f-groupManagement] INFO  server.RaftServerConfigKeys (ConfUtils.java:logGet(46)) - raft.server.log.use.memory = false (default)
2023-12-19 18:18:01,437 [a90b24a4-d9f8-4f3b-8812-3b02ea4f687f-groupManagement] INFO  server.RaftServerConfigKeys (ConfUtils.java:logGet(46)) - raft.server.log.purge.gap = 1000000 (custom)
2023-12-19 18:18:01,437 [a90b24a4-d9f8-4f3b-8812-3b02ea4f687f-groupManagement] INFO  server.RaftServerConfigKeys (ConfUtils.java:logGet(46)) - raft.server.log.appender.buffer.byte-limit = 8388608 (custom)
2023-12-19 18:18:01,437 [a90b24a4-d9f8-4f3b-8812-3b02ea4f687f-groupManagement] INFO  server.RaftServerConfigKeys (ConfUtils.java:logGet(46)) - raft.server.log.statemachine.data.read.timeout = 1000ms (default)
2023-12-19 18:18:01,437 [a90b24a4-d9f8-4f3b-8812-3b02ea4f687f-groupManagement] INFO  server.RaftServerConfigKeys (ConfUtils.java:logGet(46)) - raft.server.log.purge.preservation.log.num = 0 (default)
2023-12-19 18:18:01,437 [93d2edcd-6a6f-4cb3-ab2d-c0ab5a0bb6d7-groupManagement] INFO  server.RaftServerConfigKeys (ConfUtils.java:logGet(46)) - raft.server.log.queue.element-limit = 1024 (custom)
2023-12-19 18:18:01,438 [93d2edcd-6a6f-4cb3-ab2d-c0ab5a0bb6d7-groupManagement] INFO  server.RaftServerConfigKeys (ConfUtils.java:logGet(46)) - raft.server.log.segment.size.max = 67108864 (custom)
2023-12-19 18:18:01,438 [93d2edcd-6a6f-4cb3-ab2d-c0ab5a0bb6d7-groupManagement] INFO  server.RaftServerConfigKeys (ConfUtils.java:logGet(46)) - raft.server.log.preallocated.size = 4194304 (custom)
2023-12-19 18:18:01,438 [93d2edcd-6a6f-4cb3-ab2d-c0ab5a0bb6d7-groupManagement] INFO  server.RaftServerConfigKeys (ConfUtils.java:logGet(46)) - raft.server.log.force.sync.num = 128 (default)
2023-12-19 18:18:01,438 [93d2edcd-6a6f-4cb3-ab2d-c0ab5a0bb6d7-groupManagement] INFO  server.RaftServerConfigKeys (ConfUtils.java:logGet(46)) - raft.server.log.statemachine.data.sync = true (default)
2023-12-19 18:18:01,438 [93d2edcd-6a6f-4cb3-ab2d-c0ab5a0bb6d7-groupManagement] INFO  server.RaftServerConfigKeys (ConfUtils.java:logGet(46)) - raft.server.log.statemachine.data.sync.timeout = 10s (default)
2023-12-19 18:18:01,438 [93d2edcd-6a6f-4cb3-ab2d-c0ab5a0bb6d7-groupManagement] INFO  server.RaftServerConfigKeys (ConfUtils.java:logGet(46)) - raft.server.log.statemachine.data.sync.timeout.retry = 0 (custom)
2023-12-19 18:18:01,446 [c27b4a8c-9932-4b8f-bf34-353c967d0ecc-PipelineCommandHandlerThread-0] INFO  server.RaftServer (RaftServerProxy.java:addNew(100)) - c27b4a8c-9932-4b8f-bf34-353c967d0ecc: addNew group-EF70BD943B5A:[c27b4a8c-9932-4b8f-bf34-353c967d0ecc|10.1.0.19:15113] returns group-EF70BD943B5A:java.util.concurrent.CompletableFuture@6581f245[Not completed]
2023-12-19 18:18:01,446 [EventQueue-OpenPipelineForHealthyPipelineSafeModeRule] INFO  safemode.SCMSafeModeManager (HealthyPipelineSafeModeRule.java:process(140)) - SCM in safe mode. Healthy pipelines reported count is 0, required healthy pipeline reported count is 1
2023-12-19 18:18:01,450 [8a9232c4-f36b-4377-b9ad-83954010d1e2-groupManagement] INFO  server.RaftServer$Division (RaftServerImpl.java:start(392)) - 8a9232c4-f36b-4377-b9ad-83954010d1e2@group-C7DCF68F11F7: start as a follower, conf=-1: peers:[93d2edcd-6a6f-4cb3-ab2d-c0ab5a0bb6d7|10.1.0.19:15077, 8a9232c4-f36b-4377-b9ad-83954010d1e2|10.1.0.19:15086, cc2d5096-cbf7-4b7f-9694-9910b4c75033|10.1.0.19:15068]|listeners:[], old=null
2023-12-19 18:18:01,450 [8a9232c4-f36b-4377-b9ad-83954010d1e2-groupManagement] INFO  server.RaftServer$Division (RaftServerImpl.java:setRole(379)) - 8a9232c4-f36b-4377-b9ad-83954010d1e2@group-C7DCF68F11F7: changes role from      null to FOLLOWER at term 0 for startAsFollower
2023-12-19 18:18:01,450 [8a9232c4-f36b-4377-b9ad-83954010d1e2-groupManagement] INFO  impl.RoleInfo (RoleInfo.java:updateAndGet(139)) - 8a9232c4-f36b-4377-b9ad-83954010d1e2: start 8a9232c4-f36b-4377-b9ad-83954010d1e2@group-C7DCF68F11F7-FollowerState
2023-12-19 18:18:01,450 [8a9232c4-f36b-4377-b9ad-83954010d1e2@group-C7DCF68F11F7-FollowerState] INFO  server.RaftServerConfigKeys (ConfUtils.java:logFallback(53)) - raft.server.rpc.first-election.timeout.min = 5s (fallback to raft.server.rpc.timeout.min)
2023-12-19 18:18:01,450 [8a9232c4-f36b-4377-b9ad-83954010d1e2@group-C7DCF68F11F7-FollowerState] INFO  server.RaftServerConfigKeys (ConfUtils.java:logFallback(53)) - raft.server.rpc.first-election.timeout.max = 5200ms (fallback to raft.server.rpc.timeout.max)
2023-12-19 18:18:01,451 [8a9232c4-f36b-4377-b9ad-83954010d1e2-groupManagement] INFO  util.JmxRegister (JmxRegister.java:tryRegister(44)) - Successfully registered JMX Bean with object name Ratis:service=RaftServer,group=group-C7DCF68F11F7,id=8a9232c4-f36b-4377-b9ad-83954010d1e2
2023-12-19 18:18:01,451 [8a9232c4-f36b-4377-b9ad-83954010d1e2-groupManagement] INFO  server.RaftServerConfigKeys (ConfUtils.java:logGet(46)) - raft.server.snapshot.trigger-when-stop.enabled = true (default)
2023-12-19 18:18:01,451 [8a9232c4-f36b-4377-b9ad-83954010d1e2-groupManagement] INFO  server.RaftServerConfigKeys (ConfUtils.java:logGet(46)) - raft.server.snapshot.auto.trigger.enabled = true (custom)
2023-12-19 18:18:01,451 [8a9232c4-f36b-4377-b9ad-83954010d1e2-groupManagement] INFO  server.RaftServerConfigKeys (ConfUtils.java:logGet(46)) - raft.server.snapshot.auto.trigger.threshold = 10000 (custom)
2023-12-19 18:18:01,451 [8a9232c4-f36b-4377-b9ad-83954010d1e2-groupManagement] INFO  server.RaftServerConfigKeys (ConfUtils.java:logGet(46)) - raft.server.snapshot.retention.file.num = 5 (custom)
2023-12-19 18:18:01,451 [8a9232c4-f36b-4377-b9ad-83954010d1e2-groupManagement] INFO  server.RaftServerConfigKeys (ConfUtils.java:logGet(46)) - raft.server.log.purge.upto.snapshot.index = false (default)
2023-12-19 18:18:01,461 [c27b4a8c-9932-4b8f-bf34-353c967d0ecc-groupManagement] INFO  server.RaftServer$Division (RaftServerImpl.java:<init>(256)) - c27b4a8c-9932-4b8f-bf34-353c967d0ecc: new RaftServerImpl for group-EF70BD943B5A:[c27b4a8c-9932-4b8f-bf34-353c967d0ecc|10.1.0.19:15113] with ContainerStateMachine:uninitialized
2023-12-19 18:18:01,462 [c27b4a8c-9932-4b8f-bf34-353c967d0ecc-groupManagement] INFO  server.RaftServerConfigKeys (ConfUtils.java:logGet(46)) - raft.server.rpc.timeout.min = 5s (custom)
2023-12-19 18:18:01,462 [c27b4a8c-9932-4b8f-bf34-353c967d0ecc-groupManagement] INFO  server.RaftServerConfigKeys (ConfUtils.java:logGet(46)) - raft.server.rpc.timeout.max = 5200ms (custom)
2023-12-19 18:18:01,462 [c27b4a8c-9932-4b8f-bf34-353c967d0ecc-groupManagement] INFO  server.RaftServerConfigKeys (ConfUtils.java:logGet(46)) - raft.server.rpc.sleep.time = 25ms (default)
2023-12-19 18:18:01,462 [c27b4a8c-9932-4b8f-bf34-353c967d0ecc-groupManagement] INFO  server.RaftServerConfigKeys (ConfUtils.java:logGet(46)) - raft.server.rpc.slowness.timeout = 300s (custom)
2023-12-19 18:18:01,462 [c27b4a8c-9932-4b8f-bf34-353c967d0ecc-groupManagement] INFO  server.RaftServerConfigKeys (ConfUtils.java:logGet(46)) - raft.server.leaderelection.leader.step-down.wait-time = 10s (default)
2023-12-19 18:18:01,462 [c27b4a8c-9932-4b8f-bf34-353c967d0ecc-groupManagement] INFO  server.RaftServerConfigKeys (ConfUtils.java:logGet(46)) - raft.server.leaderelection.member.majority-add = false (default)
2023-12-19 18:18:01,462 [c27b4a8c-9932-4b8f-bf34-353c967d0ecc-groupManagement] INFO  server.RaftServerConfigKeys (ConfUtils.java:logGet(46)) - raft.server.sleep.deviation.threshold = 300ms (default)
2023-12-19 18:18:01,462 [c27b4a8c-9932-4b8f-bf34-353c967d0ecc-groupManagement] INFO  server.RaftServer$Division (ServerState.java:<init>(113)) - c27b4a8c-9932-4b8f-bf34-353c967d0ecc@group-EF70BD943B5A: ConfigurationManager, init=-1: peers:[c27b4a8c-9932-4b8f-bf34-353c967d0ecc|10.1.0.19:15113]|listeners:[], old=null, confs=<EMPTY_MAP>
2023-12-19 18:18:01,462 [c27b4a8c-9932-4b8f-bf34-353c967d0ecc-groupManagement] INFO  server.RaftServerConfigKeys (ConfUtils.java:logGet(46)) - raft.server.notification.no-leader.timeout = 300s (custom)
2023-12-19 18:18:01,462 [c27b4a8c-9932-4b8f-bf34-353c967d0ecc-groupManagement] INFO  server.RaftServerConfigKeys (ConfUtils.java:logGet(46)) - raft.server.read.timeout = 10s (default)
2023-12-19 18:18:01,463 [c27b4a8c-9932-4b8f-bf34-353c967d0ecc-groupManagement] INFO  server.RaftServerConfigKeys (ConfUtils.java:logGet(46)) - raft.server.retrycache.expirytime = 600000ms (custom)
2023-12-19 18:18:01,463 [c27b4a8c-9932-4b8f-bf34-353c967d0ecc-groupManagement] INFO  server.RaftServerConfigKeys (ConfUtils.java:logGet(46)) - raft.server.retrycache.statistics.expirytime = 100ms (default)
2023-12-19 18:18:01,463 [c27b4a8c-9932-4b8f-bf34-353c967d0ecc-groupManagement] INFO  server.RaftServerConfigKeys (ConfUtils.java:logGet(46)) - raft.server.read.option = DEFAULT (default)
2023-12-19 18:18:01,463 [c27b4a8c-9932-4b8f-bf34-353c967d0ecc-groupManagement] INFO  server.RaftServerConfigKeys (ConfUtils.java:logGet(46)) - raft.server.read.read-after-write-consistent.write-index-cache.expiry-time = 60s (default)
2023-12-19 18:18:01,472 [93d2edcd-6a6f-4cb3-ab2d-c0ab5a0bb6d7-groupManagement] INFO  server.RaftServerConfigKeys (ConfUtils.java:logGet(46)) - raft.server.log.write.buffer.size = 8388616 (custom)
2023-12-19 18:18:01,474 [a90b24a4-d9f8-4f3b-8812-3b02ea4f687f-groupManagement] INFO  server.RaftServerConfigKeys (ConfUtils.java:logGet(46)) - raft.server.log.segment.size.max = 67108864 (custom)
2023-12-19 18:18:01,474 [93d2edcd-6a6f-4cb3-ab2d-c0ab5a0bb6d7-groupManagement] INFO  server.RaftServerConfigKeys (ConfUtils.java:logGet(46)) - raft.server.log.appender.buffer.byte-limit = 8388608 (custom)
2023-12-19 18:18:01,474 [93d2edcd-6a6f-4cb3-ab2d-c0ab5a0bb6d7-groupManagement] INFO  server.RaftServerConfigKeys (ConfUtils.java:logGet(46)) - raft.server.log.unsafe-flush.enabled = false (default)
2023-12-19 18:18:01,474 [93d2edcd-6a6f-4cb3-ab2d-c0ab5a0bb6d7-groupManagement] INFO  server.RaftServerConfigKeys (ConfUtils.java:logGet(46)) - raft.server.log.async-flush.enabled = false (default)
2023-12-19 18:18:01,474 [93d2edcd-6a6f-4cb3-ab2d-c0ab5a0bb6d7-groupManagement] INFO  server.RaftServerConfigKeys (ConfUtils.java:logGet(46)) - raft.server.log.statemachine.data.caching.enabled = true (custom)
2023-12-19 18:18:01,475 [a90b24a4-d9f8-4f3b-8812-3b02ea4f687f-groupManagement] INFO  server.RaftServerConfigKeys (ConfUtils.java:logGet(46)) - raft.server.log.segment.cache.num.max = 2 (custom)
2023-12-19 18:18:01,475 [93d2edcd-6a6f-4cb3-ab2d-c0ab5a0bb6d7-groupManagement] INFO  segmented.SegmentedRaftLogWorker (SegmentedRaftLogWorker.java:lambda$new$0(135)) - 93d2edcd-6a6f-4cb3-ab2d-c0ab5a0bb6d7@group-C7DCF68F11F7-SegmentedRaftLogWorker: flushIndex: setUnconditionally 0 -> -1
2023-12-19 18:18:01,475 [a90b24a4-d9f8-4f3b-8812-3b02ea4f687f-groupManagement] INFO  server.RaftServerConfigKeys (ConfUtils.java:logGet(46)) - raft.server.log.segment.cache.size.max = 200MB (=209715200) (default)
2023-12-19 18:18:01,475 [a90b24a4-d9f8-4f3b-8812-3b02ea4f687f-groupManagement] INFO  server.RaftServerConfigKeys (ConfUtils.java:logGet(46)) - raft.server.log.appender.buffer.byte-limit = 8388608 (custom)
2023-12-19 18:18:01,475 [93d2edcd-6a6f-4cb3-ab2d-c0ab5a0bb6d7-groupManagement] INFO  segmented.SegmentedRaftLogWorker (SegmentedRaftLogWorker.java:lambda$new$0(135)) - 93d2edcd-6a6f-4cb3-ab2d-c0ab5a0bb6d7@group-C7DCF68F11F7-SegmentedRaftLogWorker: safeCacheEvictIndex: setUnconditionally 0 -> -1
2023-12-19 18:18:01,478 [93d2edcd-6a6f-4cb3-ab2d-c0ab5a0bb6d7-groupManagement] INFO  server.RaftServer$Division (RaftServerImpl.java:start(392)) - 93d2edcd-6a6f-4cb3-ab2d-c0ab5a0bb6d7@group-C7DCF68F11F7: start as a follower, conf=-1: peers:[93d2edcd-6a6f-4cb3-ab2d-c0ab5a0bb6d7|10.1.0.19:15077, 8a9232c4-f36b-4377-b9ad-83954010d1e2|10.1.0.19:15086, cc2d5096-cbf7-4b7f-9694-9910b4c75033|10.1.0.19:15068]|listeners:[], old=null
2023-12-19 18:18:01,478 [93d2edcd-6a6f-4cb3-ab2d-c0ab5a0bb6d7-groupManagement] INFO  server.RaftServer$Division (RaftServerImpl.java:setRole(379)) - 93d2edcd-6a6f-4cb3-ab2d-c0ab5a0bb6d7@group-C7DCF68F11F7: changes role from      null to FOLLOWER at term 0 for startAsFollower
2023-12-19 18:18:01,479 [c27b4a8c-9932-4b8f-bf34-353c967d0ecc-groupManagement] INFO  server.RaftServerConfigKeys (ConfUtils.java:logGet(46)) - raft.server.rpc.request.timeout = 60s (custom)
2023-12-19 18:18:01,479 [c27b4a8c-9932-4b8f-bf34-353c967d0ecc-groupManagement] INFO  server.RaftServerConfigKeys (ConfUtils.java:logGet(46)) - raft.server.log.appender.install.snapshot.enabled = false (custom)
2023-12-19 18:18:01,479 [c27b4a8c-9932-4b8f-bf34-353c967d0ecc-groupManagement] INFO  server.RaftServerConfigKeys (ConfUtils.java:logGet(46)) - raft.server.threadpool.server.cached = true (default)
2023-12-19 18:18:01,479 [c27b4a8c-9932-4b8f-bf34-353c967d0ecc-groupManagement] INFO  server.RaftServerConfigKeys (ConfUtils.java:logGet(46)) - raft.server.threadpool.server.size = 0 (default)
2023-12-19 18:18:01,480 [c27b4a8c-9932-4b8f-bf34-353c967d0ecc-groupManagement] INFO  server.RaftServerConfigKeys (ConfUtils.java:logGet(46)) - raft.server.threadpool.client.cached = true (default)
2023-12-19 18:18:01,480 [c27b4a8c-9932-4b8f-bf34-353c967d0ecc-groupManagement] INFO  server.RaftServerConfigKeys (ConfUtils.java:logGet(46)) - raft.server.threadpool.client.size = 0 (default)
2023-12-19 18:18:01,480 [c27b4a8c-9932-4b8f-bf34-353c967d0ecc-groupManagement] INFO  server.RaftServerConfigKeys (ConfUtils.java:logGet(46)) - raft.server.storage.free-space.min = 0MB (=0) (default)
2023-12-19 18:18:01,480 [c27b4a8c-9932-4b8f-bf34-353c967d0ecc-groupManagement] INFO  server.RaftServerConfigKeys (ConfUtils.java:logGet(46)) - raft.server.log.corruption.policy = EXCEPTION (default)
2023-12-19 18:18:01,480 [c27b4a8c-9932-4b8f-bf34-353c967d0ecc-groupManagement] INFO  server.RaftServerConfigKeys (ConfUtils.java:logGet(46)) - raft.server.storage.dir = [/home/runner/work/ozone/ozone/hadoop-ozone/integration-test/target/test-dir/MiniOzoneClusterImpl-c3f67427-b36b-4ee4-bde0-91623ce58163/datanode-11/data/ratis] (custom)
2023-12-19 18:18:01,481 [c27b4a8c-9932-4b8f-bf34-353c967d0ecc-groupManagement] INFO  storage.RaftStorageDirectory (RaftStorageDirectoryImpl.java:analyzeStorage(138)) - The storage directory /home/runner/work/ozone/ozone/hadoop-ozone/integration-test/target/test-dir/MiniOzoneClusterImpl-c3f67427-b36b-4ee4-bde0-91623ce58163/datanode-11/data/ratis/45764126-356d-4ee0-9b53-ef70bd943b5a does not exist. Creating ...
2023-12-19 18:18:01,482 [c27b4a8c-9932-4b8f-bf34-353c967d0ecc-groupManagement] INFO  storage.RaftStorageDirectory (RaftStorageDirectoryImpl.java:tryLock(232)) - Lock on /home/runner/work/ozone/ozone/hadoop-ozone/integration-test/target/test-dir/MiniOzoneClusterImpl-c3f67427-b36b-4ee4-bde0-91623ce58163/datanode-11/data/ratis/45764126-356d-4ee0-9b53-ef70bd943b5a/in_use.lock acquired by nodename 34604@fv-az1381-513
2023-12-19 18:18:01,483 [a90b24a4-d9f8-4f3b-8812-3b02ea4f687f-groupManagement] INFO  util.AwaitToRun (AwaitToRun.java:start(81)) - Thread[a90b24a4-d9f8-4f3b-8812-3b02ea4f687f@group-9FFAAA1D27BF-cacheEviction-AwaitToRun,5,main] started
2023-12-19 18:18:01,483 [a90b24a4-d9f8-4f3b-8812-3b02ea4f687f-groupManagement] INFO  segmented.SegmentedRaftLogWorker (SegmentedRaftLogWorker.java:<init>(184)) - new a90b24a4-d9f8-4f3b-8812-3b02ea4f687f@group-9FFAAA1D27BF-SegmentedRaftLogWorker for RaftStorageImpl:Storage Directory /home/runner/work/ozone/ozone/hadoop-ozone/integration-test/target/test-dir/MiniOzoneClusterImpl-c3f67427-b36b-4ee4-bde0-91623ce58163/datanode-10/data/ratis/20585b8c-633c-41dc-806a-9ffaaa1d27bf
2023-12-19 18:18:01,483 [a90b24a4-d9f8-4f3b-8812-3b02ea4f687f-groupManagement] INFO  server.RaftServerConfigKeys (ConfUtils.java:logGet(46)) - raft.server.log.queue.byte-limit = 4294967296 (custom)
2023-12-19 18:18:01,483 [a90b24a4-d9f8-4f3b-8812-3b02ea4f687f-groupManagement] INFO  server.RaftServerConfigKeys (ConfUtils.java:logGet(46)) - raft.server.log.queue.element-limit = 1024 (custom)
2023-12-19 18:18:01,483 [a90b24a4-d9f8-4f3b-8812-3b02ea4f687f-groupManagement] INFO  server.RaftServerConfigKeys (ConfUtils.java:logGet(46)) - raft.server.log.segment.size.max = 67108864 (custom)
2023-12-19 18:18:01,483 [a90b24a4-d9f8-4f3b-8812-3b02ea4f687f-groupManagement] INFO  server.RaftServerConfigKeys (ConfUtils.java:logGet(46)) - raft.server.log.preallocated.size = 4194304 (custom)
2023-12-19 18:18:01,484 [a90b24a4-d9f8-4f3b-8812-3b02ea4f687f-groupManagement] INFO  server.RaftServerConfigKeys (ConfUtils.java:logGet(46)) - raft.server.log.force.sync.num = 128 (default)
2023-12-19 18:18:01,484 [a90b24a4-d9f8-4f3b-8812-3b02ea4f687f-groupManagement] INFO  server.RaftServerConfigKeys (ConfUtils.java:logGet(46)) - raft.server.log.statemachine.data.sync = true (default)
2023-12-19 18:18:01,484 [a90b24a4-d9f8-4f3b-8812-3b02ea4f687f-groupManagement] INFO  server.RaftServerConfigKeys (ConfUtils.java:logGet(46)) - raft.server.log.statemachine.data.sync.timeout = 10s (default)
2023-12-19 18:18:01,484 [a90b24a4-d9f8-4f3b-8812-3b02ea4f687f-groupManagement] INFO  server.RaftServerConfigKeys (ConfUtils.java:logGet(46)) - raft.server.log.statemachine.data.sync.timeout.retry = 0 (custom)
2023-12-19 18:18:01,484 [a90b24a4-d9f8-4f3b-8812-3b02ea4f687f-groupManagement] INFO  server.RaftServerConfigKeys (ConfUtils.java:logGet(46)) - raft.server.log.write.buffer.size = 8388616 (custom)
2023-12-19 18:18:01,486 [a90b24a4-d9f8-4f3b-8812-3b02ea4f687f-groupManagement] INFO  server.RaftServerConfigKeys (ConfUtils.java:logGet(46)) - raft.server.log.appender.buffer.byte-limit = 8388608 (custom)
2023-12-19 18:18:01,486 [a90b24a4-d9f8-4f3b-8812-3b02ea4f687f-groupManagement] INFO  server.RaftServerConfigKeys (ConfUtils.java:logGet(46)) - raft.server.log.unsafe-flush.enabled = false (default)
2023-12-19 18:18:01,486 [a90b24a4-d9f8-4f3b-8812-3b02ea4f687f-groupManagement] INFO  server.RaftServerConfigKeys (ConfUtils.java:logGet(46)) - raft.server.log.async-flush.enabled = false (default)
2023-12-19 18:18:01,486 [a90b24a4-d9f8-4f3b-8812-3b02ea4f687f-groupManagement] INFO  server.RaftServerConfigKeys (ConfUtils.java:logGet(46)) - raft.server.log.statemachine.data.caching.enabled = true (custom)
2023-12-19 18:18:01,487 [a90b24a4-d9f8-4f3b-8812-3b02ea4f687f-groupManagement] INFO  segmented.SegmentedRaftLogWorker (SegmentedRaftLogWorker.java:lambda$new$0(135)) - a90b24a4-d9f8-4f3b-8812-3b02ea4f687f@group-9FFAAA1D27BF-SegmentedRaftLogWorker: flushIndex: setUnconditionally 0 -> -1
2023-12-19 18:18:01,487 [a90b24a4-d9f8-4f3b-8812-3b02ea4f687f-groupManagement] INFO  segmented.SegmentedRaftLogWorker (SegmentedRaftLogWorker.java:lambda$new$0(135)) - a90b24a4-d9f8-4f3b-8812-3b02ea4f687f@group-9FFAAA1D27BF-SegmentedRaftLogWorker: safeCacheEvictIndex: setUnconditionally 0 -> -1
2023-12-19 18:18:01,487 [c27b4a8c-9932-4b8f-bf34-353c967d0ecc-groupManagement] INFO  storage.RaftStorage (RaftStorageImpl.java:format(97)) - Storage directory /home/runner/work/ozone/ozone/hadoop-ozone/integration-test/target/test-dir/MiniOzoneClusterImpl-c3f67427-b36b-4ee4-bde0-91623ce58163/datanode-11/data/ratis/45764126-356d-4ee0-9b53-ef70bd943b5a has been successfully formatted.
2023-12-19 18:18:01,488 [8a9232c4-f36b-4377-b9ad-83954010d1e2-PipelineCommandHandlerThread-0] INFO  ratis.XceiverServerRatis (XceiverServerRatis.java:addGroup(837)) - Created group PipelineID=8f3870ae-d5ad-47e7-81f2-c7dcf68f11f7
2023-12-19 18:18:01,506 [7fe801a6-aabd-4c1e-b418-af74b08e6351-PipelineCommandHandlerThread-0] INFO  ratis.XceiverServerRatis (XceiverServerRatis.java:addGroup(837)) - Created group PipelineID=4935d9fa-7acf-4533-b8e3-cccc26563b5e
2023-12-19 18:18:01,507 [7fe801a6-aabd-4c1e-b418-af74b08e6351-PipelineCommandHandlerThread-0] INFO  commandhandler.CreatePipelineCommandHandler (CreatePipelineCommandHandler.java:lambda$handle$2(124)) - Created Pipeline RATIS ONE PipelineID=4935d9fa-7acf-4533-b8e3-cccc26563b5e.
2023-12-19 18:18:01,507 [7fe801a6-aabd-4c1e-b418-af74b08e6351-PipelineCommandHandlerThread-0] INFO  server.RaftServer (RaftServerProxy.java:addNew(100)) - 7fe801a6-aabd-4c1e-b418-af74b08e6351: addNew group-9FFAAA1D27BF:[c27b4a8c-9932-4b8f-bf34-353c967d0ecc|10.1.0.19:15113, a90b24a4-d9f8-4f3b-8812-3b02ea4f687f|10.1.0.19:15104, 7fe801a6-aabd-4c1e-b418-af74b08e6351|10.1.0.19:15095] returns group-9FFAAA1D27BF:java.util.concurrent.CompletableFuture@4ccdaa9b[Not completed]
2023-12-19 18:18:01,508 [7fe801a6-aabd-4c1e-b418-af74b08e6351-groupManagement] INFO  server.RaftServer$Division (RaftServerImpl.java:<init>(256)) - 7fe801a6-aabd-4c1e-b418-af74b08e6351: new RaftServerImpl for group-9FFAAA1D27BF:[c27b4a8c-9932-4b8f-bf34-353c967d0ecc|10.1.0.19:15113, a90b24a4-d9f8-4f3b-8812-3b02ea4f687f|10.1.0.19:15104, 7fe801a6-aabd-4c1e-b418-af74b08e6351|10.1.0.19:15095] with ContainerStateMachine:uninitialized
2023-12-19 18:18:01,508 [7fe801a6-aabd-4c1e-b418-af74b08e6351-groupManagement] INFO  server.RaftServerConfigKeys (ConfUtils.java:logGet(46)) - raft.server.rpc.timeout.min = 5s (custom)
2023-12-19 18:18:01,508 [7fe801a6-aabd-4c1e-b418-af74b08e6351-groupManagement] INFO  server.RaftServerConfigKeys (ConfUtils.java:logGet(46)) - raft.server.rpc.timeout.max = 5200ms (custom)
2023-12-19 18:18:01,508 [7fe801a6-aabd-4c1e-b418-af74b08e6351-groupManagement] INFO  server.RaftServerConfigKeys (ConfUtils.java:logGet(46)) - raft.server.rpc.sleep.time = 25ms (default)
2023-12-19 18:18:01,508 [7fe801a6-aabd-4c1e-b418-af74b08e6351-groupManagement] INFO  server.RaftServerConfigKeys (ConfUtils.java:logGet(46)) - raft.server.rpc.slowness.timeout = 300s (custom)
2023-12-19 18:18:01,508 [7fe801a6-aabd-4c1e-b418-af74b08e6351-groupManagement] INFO  server.RaftServerConfigKeys (ConfUtils.java:logGet(46)) - raft.server.leaderelection.leader.step-down.wait-time = 10s (default)
2023-12-19 18:18:01,509 [7fe801a6-aabd-4c1e-b418-af74b08e6351-groupManagement] INFO  server.RaftServerConfigKeys (ConfUtils.java:logGet(46)) - raft.server.leaderelection.member.majority-add = false (default)
2023-12-19 18:18:01,509 [7fe801a6-aabd-4c1e-b418-af74b08e6351-groupManagement] INFO  server.RaftServerConfigKeys (ConfUtils.java:logGet(46)) - raft.server.sleep.deviation.threshold = 300ms (default)
2023-12-19 18:18:01,509 [7fe801a6-aabd-4c1e-b418-af74b08e6351-groupManagement] INFO  server.RaftServer$Division (ServerState.java:<init>(113)) - 7fe801a6-aabd-4c1e-b418-af74b08e6351@group-9FFAAA1D27BF: ConfigurationManager, init=-1: peers:[c27b4a8c-9932-4b8f-bf34-353c967d0ecc|10.1.0.19:15113, a90b24a4-d9f8-4f3b-8812-3b02ea4f687f|10.1.0.19:15104, 7fe801a6-aabd-4c1e-b418-af74b08e6351|10.1.0.19:15095]|listeners:[], old=null, confs=<EMPTY_MAP>
2023-12-19 18:18:01,509 [7fe801a6-aabd-4c1e-b418-af74b08e6351-groupManagement] INFO  server.RaftServerConfigKeys (ConfUtils.java:logGet(46)) - raft.server.notification.no-leader.timeout = 300s (custom)
2023-12-19 18:18:01,509 [7fe801a6-aabd-4c1e-b418-af74b08e6351-groupManagement] INFO  server.RaftServerConfigKeys (ConfUtils.java:logGet(46)) - raft.server.read.timeout = 10s (default)
2023-12-19 18:18:01,509 [7fe801a6-aabd-4c1e-b418-af74b08e6351-groupManagement] INFO  server.RaftServerConfigKeys (ConfUtils.java:logGet(46)) - raft.server.retrycache.expirytime = 600000ms (custom)
2023-12-19 18:18:01,509 [7fe801a6-aabd-4c1e-b418-af74b08e6351-groupManagement] INFO  server.RaftServerConfigKeys (ConfUtils.java:logGet(46)) - raft.server.retrycache.statistics.expirytime = 100ms (default)
2023-12-19 18:18:01,509 [7fe801a6-aabd-4c1e-b418-af74b08e6351-groupManagement] INFO  server.RaftServerConfigKeys (ConfUtils.java:logGet(46)) - raft.server.read.option = DEFAULT (default)
2023-12-19 18:18:01,509 [7fe801a6-aabd-4c1e-b418-af74b08e6351-groupManagement] INFO  server.RaftServerConfigKeys (ConfUtils.java:logGet(46)) - raft.server.read.read-after-write-consistent.write-index-cache.expiry-time = 60s (default)
2023-12-19 18:18:01,511 [a90b24a4-d9f8-4f3b-8812-3b02ea4f687f-groupManagement] INFO  server.RaftServer$Division (RaftServerImpl.java:start(392)) - a90b24a4-d9f8-4f3b-8812-3b02ea4f687f@group-9FFAAA1D27BF: start as a follower, conf=-1: peers:[c27b4a8c-9932-4b8f-bf34-353c967d0ecc|10.1.0.19:15113, a90b24a4-d9f8-4f3b-8812-3b02ea4f687f|10.1.0.19:15104, 7fe801a6-aabd-4c1e-b418-af74b08e6351|10.1.0.19:15095]|listeners:[], old=null
2023-12-19 18:18:01,511 [a90b24a4-d9f8-4f3b-8812-3b02ea4f687f-groupManagement] INFO  server.RaftServer$Division (RaftServerImpl.java:setRole(379)) - a90b24a4-d9f8-4f3b-8812-3b02ea4f687f@group-9FFAAA1D27BF: changes role from      null to FOLLOWER at term 0 for startAsFollower
2023-12-19 18:18:01,511 [a90b24a4-d9f8-4f3b-8812-3b02ea4f687f-groupManagement] INFO  impl.RoleInfo (RoleInfo.java:updateAndGet(139)) - a90b24a4-d9f8-4f3b-8812-3b02ea4f687f: start a90b24a4-d9f8-4f3b-8812-3b02ea4f687f@group-9FFAAA1D27BF-FollowerState
2023-12-19 18:18:01,514 [93d2edcd-6a6f-4cb3-ab2d-c0ab5a0bb6d7-groupManagement] INFO  impl.RoleInfo (RoleInfo.java:updateAndGet(139)) - 93d2edcd-6a6f-4cb3-ab2d-c0ab5a0bb6d7: start 93d2edcd-6a6f-4cb3-ab2d-c0ab5a0bb6d7@group-C7DCF68F11F7-FollowerState
2023-12-19 18:18:01,514 [a90b24a4-d9f8-4f3b-8812-3b02ea4f687f-groupManagement] INFO  util.JmxRegister (JmxRegister.java:tryRegister(44)) - Successfully registered JMX Bean with object name Ratis:service=RaftServer,group=group-9FFAAA1D27BF,id=a90b24a4-d9f8-4f3b-8812-3b02ea4f687f
2023-12-19 18:18:01,514 [a90b24a4-d9f8-4f3b-8812-3b02ea4f687f-groupManagement] INFO  server.RaftServerConfigKeys (ConfUtils.java:logGet(46)) - raft.server.snapshot.trigger-when-stop.enabled = true (default)
2023-12-19 18:18:01,514 [a90b24a4-d9f8-4f3b-8812-3b02ea4f687f-groupManagement] INFO  server.RaftServerConfigKeys (ConfUtils.java:logGet(46)) - raft.server.snapshot.auto.trigger.enabled = true (custom)
2023-12-19 18:18:01,514 [a90b24a4-d9f8-4f3b-8812-3b02ea4f687f-groupManagement] INFO  server.RaftServerConfigKeys (ConfUtils.java:logGet(46)) - raft.server.snapshot.auto.trigger.threshold = 10000 (custom)
2023-12-19 18:18:01,515 [a90b24a4-d9f8-4f3b-8812-3b02ea4f687f-groupManagement] INFO  server.RaftServerConfigKeys (ConfUtils.java:logGet(46)) - raft.server.snapshot.retention.file.num = 5 (custom)
2023-12-19 18:18:01,515 [a90b24a4-d9f8-4f3b-8812-3b02ea4f687f-groupManagement] INFO  server.RaftServerConfigKeys (ConfUtils.java:logGet(46)) - raft.server.log.purge.upto.snapshot.index = false (default)
2023-12-19 18:18:01,515 [7fe801a6-aabd-4c1e-b418-af74b08e6351-groupManagement] INFO  server.RaftServerConfigKeys (ConfUtils.java:logGet(46)) - raft.server.rpc.request.timeout = 60s (custom)
2023-12-19 18:18:01,515 [93d2edcd-6a6f-4cb3-ab2d-c0ab5a0bb6d7-groupManagement] INFO  util.JmxRegister (JmxRegister.java:tryRegister(44)) - Successfully registered JMX Bean with object name Ratis:service=RaftServer,group=group-C7DCF68F11F7,id=93d2edcd-6a6f-4cb3-ab2d-c0ab5a0bb6d7
2023-12-19 18:18:01,516 [93d2edcd-6a6f-4cb3-ab2d-c0ab5a0bb6d7-groupManagement] INFO  server.RaftServerConfigKeys (ConfUtils.java:logGet(46)) - raft.server.snapshot.trigger-when-stop.enabled = true (default)
2023-12-19 18:18:01,516 [93d2edcd-6a6f-4cb3-ab2d-c0ab5a0bb6d7-groupManagement] INFO  server.RaftServerConfigKeys (ConfUtils.java:logGet(46)) - raft.server.snapshot.auto.trigger.enabled = true (custom)
2023-12-19 18:18:01,516 [93d2edcd-6a6f-4cb3-ab2d-c0ab5a0bb6d7-groupManagement] INFO  server.RaftServerConfigKeys (ConfUtils.java:logGet(46)) - raft.server.snapshot.auto.trigger.threshold = 10000 (custom)
2023-12-19 18:18:01,516 [93d2edcd-6a6f-4cb3-ab2d-c0ab5a0bb6d7-groupManagement] INFO  server.RaftServerConfigKeys (ConfUtils.java:logGet(46)) - raft.server.snapshot.retention.file.num = 5 (custom)
2023-12-19 18:18:01,516 [7fe801a6-aabd-4c1e-b418-af74b08e6351-groupManagement] INFO  server.RaftServerConfigKeys (ConfUtils.java:logGet(46)) - raft.server.log.appender.install.snapshot.enabled = false (custom)
2023-12-19 18:18:01,516 [93d2edcd-6a6f-4cb3-ab2d-c0ab5a0bb6d7-groupManagement] INFO  server.RaftServerConfigKeys (ConfUtils.java:logGet(46)) - raft.server.log.purge.upto.snapshot.index = false (default)
2023-12-19 18:18:01,516 [93d2edcd-6a6f-4cb3-ab2d-c0ab5a0bb6d7@group-C7DCF68F11F7-FollowerState] INFO  server.RaftServerConfigKeys (ConfUtils.java:logFallback(53)) - raft.server.rpc.first-election.timeout.min = 5s (fallback to raft.server.rpc.timeout.min)
2023-12-19 18:18:01,516 [93d2edcd-6a6f-4cb3-ab2d-c0ab5a0bb6d7@group-C7DCF68F11F7-FollowerState] INFO  server.RaftServerConfigKeys (ConfUtils.java:logFallback(53)) - raft.server.rpc.first-election.timeout.max = 5200ms (fallback to raft.server.rpc.timeout.max)
2023-12-19 18:18:01,515 [a90b24a4-d9f8-4f3b-8812-3b02ea4f687f@group-9FFAAA1D27BF-FollowerState] INFO  server.RaftServerConfigKeys (ConfUtils.java:logFallback(53)) - raft.server.rpc.first-election.timeout.min = 5s (fallback to raft.server.rpc.timeout.min)
2023-12-19 18:18:01,516 [f3699da5-7632-4885-9efe-d79f82e47143-PipelineCommandHandlerThread-0] INFO  commandhandler.CreatePipelineCommandHandler (CreatePipelineCommandHandler.java:lambda$handle$2(124)) - Created Pipeline RATIS THREE PipelineID=0d41620a-3cbb-499e-b93b-0fc0af6d08e6.
2023-12-19 18:18:01,517 [93d2edcd-6a6f-4cb3-ab2d-c0ab5a0bb6d7-PipelineCommandHandlerThread-0] INFO  ratis.XceiverServerRatis (XceiverServerRatis.java:addGroup(837)) - Created group PipelineID=8f3870ae-d5ad-47e7-81f2-c7dcf68f11f7
2023-12-19 18:18:01,516 [7fe801a6-aabd-4c1e-b418-af74b08e6351-groupManagement] INFO  server.RaftServerConfigKeys (ConfUtils.java:logGet(46)) - raft.server.threadpool.server.cached = true (default)
2023-12-19 18:18:01,518 [7fe801a6-aabd-4c1e-b418-af74b08e6351-groupManagement] INFO  server.RaftServerConfigKeys (ConfUtils.java:logGet(46)) - raft.server.threadpool.server.size = 0 (default)
2023-12-19 18:18:01,518 [7fe801a6-aabd-4c1e-b418-af74b08e6351-groupManagement] INFO  server.RaftServerConfigKeys (ConfUtils.java:logGet(46)) - raft.server.threadpool.client.cached = true (default)
2023-12-19 18:18:01,518 [7fe801a6-aabd-4c1e-b418-af74b08e6351-groupManagement] INFO  server.RaftServerConfigKeys (ConfUtils.java:logGet(46)) - raft.server.threadpool.client.size = 0 (default)
2023-12-19 18:18:01,518 [7fe801a6-aabd-4c1e-b418-af74b08e6351-groupManagement] INFO  server.RaftServerConfigKeys (ConfUtils.java:logGet(46)) - raft.server.storage.free-space.min = 0MB (=0) (default)
2023-12-19 18:18:01,518 [7fe801a6-aabd-4c1e-b418-af74b08e6351-groupManagement] INFO  server.RaftServerConfigKeys (ConfUtils.java:logGet(46)) - raft.server.log.corruption.policy = EXCEPTION (default)
2023-12-19 18:18:01,518 [7fe801a6-aabd-4c1e-b418-af74b08e6351-groupManagement] INFO  server.RaftServerConfigKeys (ConfUtils.java:logGet(46)) - raft.server.storage.dir = [/home/runner/work/ozone/ozone/hadoop-ozone/integration-test/target/test-dir/MiniOzoneClusterImpl-c3f67427-b36b-4ee4-bde0-91623ce58163/datanode-9/data/ratis] (custom)
2023-12-19 18:18:01,518 [7fe801a6-aabd-4c1e-b418-af74b08e6351-groupManagement] INFO  storage.RaftStorageDirectory (RaftStorageDirectoryImpl.java:analyzeStorage(138)) - The storage directory /home/runner/work/ozone/ozone/hadoop-ozone/integration-test/target/test-dir/MiniOzoneClusterImpl-c3f67427-b36b-4ee4-bde0-91623ce58163/datanode-9/data/ratis/20585b8c-633c-41dc-806a-9ffaaa1d27bf does not exist. Creating ...
2023-12-19 18:18:01,519 [a90b24a4-d9f8-4f3b-8812-3b02ea4f687f@group-9FFAAA1D27BF-FollowerState] INFO  server.RaftServerConfigKeys (ConfUtils.java:logFallback(53)) - raft.server.rpc.first-election.timeout.max = 5200ms (fallback to raft.server.rpc.timeout.max)
2023-12-19 18:18:01,519 [a90b24a4-d9f8-4f3b-8812-3b02ea4f687f-PipelineCommandHandlerThread-0] INFO  ratis.XceiverServerRatis (XceiverServerRatis.java:addGroup(837)) - Created group PipelineID=20585b8c-633c-41dc-806a-9ffaaa1d27bf
2023-12-19 18:18:01,521 [2d01c37d-c80a-4131-b15b-062508bff67d-PipelineCommandHandlerThread-0] INFO  server.RaftServer (RaftServerProxy.java:addNew(100)) - 2d01c37d-c80a-4131-b15b-062508bff67d: addNew group-9F7596BF92C2:[2d01c37d-c80a-4131-b15b-062508bff67d|10.1.0.19:15122] returns group-9F7596BF92C2:java.util.concurrent.CompletableFuture@1c0e9949[Not completed]
2023-12-19 18:18:01,521 [c27b4a8c-9932-4b8f-bf34-353c967d0ecc-groupManagement] INFO  ratis.ContainerStateMachine (ContainerStateMachine.java:loadSnapshot(287)) - group-EF70BD943B5A: The snapshot info is null. Setting the last applied indexto:(t:0, i:~)
2023-12-19 18:18:01,521 [c27b4a8c-9932-4b8f-bf34-353c967d0ecc-groupManagement] INFO  server.RaftServerConfigKeys (ConfUtils.java:logGet(46)) - raft.server.log.use.memory = false (default)
2023-12-19 18:18:01,521 [c27b4a8c-9932-4b8f-bf34-353c967d0ecc-groupManagement] INFO  server.RaftServerConfigKeys (ConfUtils.java:logGet(46)) - raft.server.log.purge.gap = 1000000 (custom)
2023-12-19 18:18:01,521 [c27b4a8c-9932-4b8f-bf34-353c967d0ecc-groupManagement] INFO  server.RaftServerConfigKeys (ConfUtils.java:logGet(46)) - raft.server.log.appender.buffer.byte-limit = 8388608 (custom)
2023-12-19 18:18:01,521 [c27b4a8c-9932-4b8f-bf34-353c967d0ecc-groupManagement] INFO  server.RaftServerConfigKeys (ConfUtils.java:logGet(46)) - raft.server.log.statemachine.data.read.timeout = 1000ms (default)
2023-12-19 18:18:01,521 [c27b4a8c-9932-4b8f-bf34-353c967d0ecc-groupManagement] INFO  server.RaftServerConfigKeys (ConfUtils.java:logGet(46)) - raft.server.log.purge.preservation.log.num = 0 (default)
2023-12-19 18:18:01,522 [7fe801a6-aabd-4c1e-b418-af74b08e6351-groupManagement] INFO  storage.RaftStorageDirectory (RaftStorageDirectoryImpl.java:tryLock(232)) - Lock on /home/runner/work/ozone/ozone/hadoop-ozone/integration-test/target/test-dir/MiniOzoneClusterImpl-c3f67427-b36b-4ee4-bde0-91623ce58163/datanode-9/data/ratis/20585b8c-633c-41dc-806a-9ffaaa1d27bf/in_use.lock acquired by nodename 34604@fv-az1381-513
2023-12-19 18:18:01,523 [c27b4a8c-9932-4b8f-bf34-353c967d0ecc-groupManagement] INFO  server.RaftServerConfigKeys (ConfUtils.java:logGet(46)) - raft.server.log.segment.size.max = 67108864 (custom)
2023-12-19 18:18:01,524 [c27b4a8c-9932-4b8f-bf34-353c967d0ecc-groupManagement] INFO  server.RaftServerConfigKeys (ConfUtils.java:logGet(46)) - raft.server.log.segment.cache.num.max = 2 (custom)
2023-12-19 18:18:01,524 [c27b4a8c-9932-4b8f-bf34-353c967d0ecc-groupManagement] INFO  server.RaftServerConfigKeys (ConfUtils.java:logGet(46)) - raft.server.log.segment.cache.size.max = 200MB (=209715200) (default)
2023-12-19 18:18:01,524 [c27b4a8c-9932-4b8f-bf34-353c967d0ecc-groupManagement] INFO  server.RaftServerConfigKeys (ConfUtils.java:logGet(46)) - raft.server.log.appender.buffer.byte-limit = 8388608 (custom)
2023-12-19 18:18:01,524 [7fe801a6-aabd-4c1e-b418-af74b08e6351-groupManagement] INFO  storage.RaftStorage (RaftStorageImpl.java:format(97)) - Storage directory /home/runner/work/ozone/ozone/hadoop-ozone/integration-test/target/test-dir/MiniOzoneClusterImpl-c3f67427-b36b-4ee4-bde0-91623ce58163/datanode-9/data/ratis/20585b8c-633c-41dc-806a-9ffaaa1d27bf has been successfully formatted.
2023-12-19 18:18:01,524 [c27b4a8c-9932-4b8f-bf34-353c967d0ecc-groupManagement] INFO  util.AwaitToRun (AwaitToRun.java:start(81)) - Thread[c27b4a8c-9932-4b8f-bf34-353c967d0ecc@group-EF70BD943B5A-cacheEviction-AwaitToRun,5,main] started
2023-12-19 18:18:01,524 [c27b4a8c-9932-4b8f-bf34-353c967d0ecc-groupManagement] INFO  segmented.SegmentedRaftLogWorker (SegmentedRaftLogWorker.java:<init>(184)) - new c27b4a8c-9932-4b8f-bf34-353c967d0ecc@group-EF70BD943B5A-SegmentedRaftLogWorker for RaftStorageImpl:Storage Directory /home/runner/work/ozone/ozone/hadoop-ozone/integration-test/target/test-dir/MiniOzoneClusterImpl-c3f67427-b36b-4ee4-bde0-91623ce58163/datanode-11/data/ratis/45764126-356d-4ee0-9b53-ef70bd943b5a
2023-12-19 18:18:01,524 [c27b4a8c-9932-4b8f-bf34-353c967d0ecc-groupManagement] INFO  server.RaftServerConfigKeys (ConfUtils.java:logGet(46)) - raft.server.log.queue.byte-limit = 4294967296 (custom)
2023-12-19 18:18:01,524 [EventQueue-PipelineReportForPipelineReportHandler] INFO  pipeline.PipelineReportHandler (PipelineReportHandler.java:processPipelineReport(136)) - Opened pipeline PipelineID=45764126-356d-4ee0-9b53-ef70bd943b5a
2023-12-19 18:18:01,524 [c27b4a8c-9932-4b8f-bf34-353c967d0ecc-groupManagement] INFO  server.RaftServerConfigKeys (ConfUtils.java:logGet(46)) - raft.server.log.queue.element-limit = 1024 (custom)
2023-12-19 18:18:01,524 [EventQueue-OpenPipelineForHealthyPipelineSafeModeRule] INFO  safemode.SCMSafeModeManager (HealthyPipelineSafeModeRule.java:process(140)) - SCM in safe mode. Healthy pipelines reported count is 0, required healthy pipeline reported count is 1
2023-12-19 18:18:01,524 [c27b4a8c-9932-4b8f-bf34-353c967d0ecc-groupManagement] INFO  server.RaftServerConfigKeys (ConfUtils.java:logGet(46)) - raft.server.log.segment.size.max = 67108864 (custom)
2023-12-19 18:18:01,524 [c27b4a8c-9932-4b8f-bf34-353c967d0ecc-groupManagement] INFO  server.RaftServerConfigKeys (ConfUtils.java:logGet(46)) - raft.server.log.preallocated.size = 4194304 (custom)
2023-12-19 18:18:01,524 [c27b4a8c-9932-4b8f-bf34-353c967d0ecc-groupManagement] INFO  server.RaftServerConfigKeys (ConfUtils.java:logGet(46)) - raft.server.log.force.sync.num = 128 (default)
2023-12-19 18:18:01,524 [c27b4a8c-9932-4b8f-bf34-353c967d0ecc-groupManagement] INFO  server.RaftServerConfigKeys (ConfUtils.java:logGet(46)) - raft.server.log.statemachine.data.sync = true (default)
2023-12-19 18:18:01,524 [c27b4a8c-9932-4b8f-bf34-353c967d0ecc-groupManagement] INFO  server.RaftServerConfigKeys (ConfUtils.java:logGet(46)) - raft.server.log.statemachine.data.sync.timeout = 10s (default)
2023-12-19 18:18:01,524 [c27b4a8c-9932-4b8f-bf34-353c967d0ecc-groupManagement] INFO  server.RaftServerConfigKeys (ConfUtils.java:logGet(46)) - raft.server.log.statemachine.data.sync.timeout.retry = 0 (custom)
2023-12-19 18:18:01,524 [7fe801a6-aabd-4c1e-b418-af74b08e6351-groupManagement] INFO  ratis.ContainerStateMachine (ContainerStateMachine.java:loadSnapshot(287)) - group-9FFAAA1D27BF: The snapshot info is null. Setting the last applied indexto:(t:0, i:~)
2023-12-19 18:18:01,528 [7fe801a6-aabd-4c1e-b418-af74b08e6351-groupManagement] INFO  server.RaftServerConfigKeys (ConfUtils.java:logGet(46)) - raft.server.log.use.memory = false (default)
2023-12-19 18:18:01,526 [c27b4a8c-9932-4b8f-bf34-353c967d0ecc-groupManagement] INFO  server.RaftServerConfigKeys (ConfUtils.java:logGet(46)) - raft.server.log.write.buffer.size = 8388616 (custom)
2023-12-19 18:18:01,526 [244ca980-f87d-4e1f-bf92-41859c631eea-PipelineCommandHandlerThread-0] INFO  commandhandler.CreatePipelineCommandHandler (CreatePipelineCommandHandler.java:lambda$handle$2(124)) - Created Pipeline RATIS THREE PipelineID=0d41620a-3cbb-499e-b93b-0fc0af6d08e6.
2023-12-19 18:18:01,533 [EventQueue-OpenPipelineForHealthyPipelineSafeModeRule] INFO  safemode.SCMSafeModeManager (HealthyPipelineSafeModeRule.java:process(140)) - SCM in safe mode. Healthy pipelines reported count is 0, required healthy pipeline reported count is 1
2023-12-19 18:18:01,531 [c27b4a8c-9932-4b8f-bf34-353c967d0ecc-groupManagement] INFO  server.RaftServerConfigKeys (ConfUtils.java:logGet(46)) - raft.server.log.appender.buffer.byte-limit = 8388608 (custom)
2023-12-19 18:18:01,535 [c27b4a8c-9932-4b8f-bf34-353c967d0ecc-groupManagement] INFO  server.RaftServerConfigKeys (ConfUtils.java:logGet(46)) - raft.server.log.unsafe-flush.enabled = false (default)
2023-12-19 18:18:01,535 [c27b4a8c-9932-4b8f-bf34-353c967d0ecc-groupManagement] INFO  server.RaftServerConfigKeys (ConfUtils.java:logGet(46)) - raft.server.log.async-flush.enabled = false (default)
2023-12-19 18:18:01,535 [c27b4a8c-9932-4b8f-bf34-353c967d0ecc-groupManagement] INFO  server.RaftServerConfigKeys (ConfUtils.java:logGet(46)) - raft.server.log.statemachine.data.caching.enabled = true (custom)
2023-12-19 18:18:01,532 [2d01c37d-c80a-4131-b15b-062508bff67d-groupManagement] INFO  server.RaftServer$Division (RaftServerImpl.java:<init>(256)) - 2d01c37d-c80a-4131-b15b-062508bff67d: new RaftServerImpl for group-9F7596BF92C2:[2d01c37d-c80a-4131-b15b-062508bff67d|10.1.0.19:15122] with ContainerStateMachine:uninitialized
2023-12-19 18:18:01,536 [2d01c37d-c80a-4131-b15b-062508bff67d-groupManagement] INFO  server.RaftServerConfigKeys (ConfUtils.java:logGet(46)) - raft.server.rpc.timeout.min = 5s (custom)
2023-12-19 18:18:01,536 [2d01c37d-c80a-4131-b15b-062508bff67d-groupManagement] INFO  server.RaftServerConfigKeys (ConfUtils.java:logGet(46)) - raft.server.rpc.timeout.max = 5200ms (custom)
2023-12-19 18:18:01,536 [2d01c37d-c80a-4131-b15b-062508bff67d-groupManagement] INFO  server.RaftServerConfigKeys (ConfUtils.java:logGet(46)) - raft.server.rpc.sleep.time = 25ms (default)
2023-12-19 18:18:01,536 [2d01c37d-c80a-4131-b15b-062508bff67d-groupManagement] INFO  server.RaftServerConfigKeys (ConfUtils.java:logGet(46)) - raft.server.rpc.slowness.timeout = 300s (custom)
2023-12-19 18:18:01,536 [2d01c37d-c80a-4131-b15b-062508bff67d-groupManagement] INFO  server.RaftServerConfigKeys (ConfUtils.java:logGet(46)) - raft.server.leaderelection.leader.step-down.wait-time = 10s (default)
2023-12-19 18:18:01,536 [2d01c37d-c80a-4131-b15b-062508bff67d-groupManagement] INFO  server.RaftServerConfigKeys (ConfUtils.java:logGet(46)) - raft.server.leaderelection.member.majority-add = false (default)
2023-12-19 18:18:01,536 [2d01c37d-c80a-4131-b15b-062508bff67d-groupManagement] INFO  server.RaftServerConfigKeys (ConfUtils.java:logGet(46)) - raft.server.sleep.deviation.threshold = 300ms (default)
2023-12-19 18:18:01,536 [2d01c37d-c80a-4131-b15b-062508bff67d-groupManagement] INFO  server.RaftServer$Division (ServerState.java:<init>(113)) - 2d01c37d-c80a-4131-b15b-062508bff67d@group-9F7596BF92C2: ConfigurationManager, init=-1: peers:[2d01c37d-c80a-4131-b15b-062508bff67d|10.1.0.19:15122]|listeners:[], old=null, confs=<EMPTY_MAP>
2023-12-19 18:18:01,531 [7fe801a6-aabd-4c1e-b418-af74b08e6351-groupManagement] INFO  server.RaftServerConfigKeys (ConfUtils.java:logGet(46)) - raft.server.log.purge.gap = 1000000 (custom)
2023-12-19 18:18:01,536 [7fe801a6-aabd-4c1e-b418-af74b08e6351-groupManagement] INFO  server.RaftServerConfigKeys (ConfUtils.java:logGet(46)) - raft.server.log.appender.buffer.byte-limit = 8388608 (custom)
2023-12-19 18:18:01,537 [7fe801a6-aabd-4c1e-b418-af74b08e6351-groupManagement] INFO  server.RaftServerConfigKeys (ConfUtils.java:logGet(46)) - raft.server.log.statemachine.data.read.timeout = 1000ms (default)
2023-12-19 18:18:01,537 [7fe801a6-aabd-4c1e-b418-af74b08e6351-groupManagement] INFO  server.RaftServerConfigKeys (ConfUtils.java:logGet(46)) - raft.server.log.purge.preservation.log.num = 0 (default)
2023-12-19 18:18:01,538 [7fe801a6-aabd-4c1e-b418-af74b08e6351-groupManagement] INFO  server.RaftServerConfigKeys (ConfUtils.java:logGet(46)) - raft.server.log.segment.size.max = 67108864 (custom)
2023-12-19 18:18:01,539 [7fe801a6-aabd-4c1e-b418-af74b08e6351-groupManagement] INFO  server.RaftServerConfigKeys (ConfUtils.java:logGet(46)) - raft.server.log.segment.cache.num.max = 2 (custom)
2023-12-19 18:18:01,539 [7fe801a6-aabd-4c1e-b418-af74b08e6351-groupManagement] INFO  server.RaftServerConfigKeys (ConfUtils.java:logGet(46)) - raft.server.log.segment.cache.size.max = 200MB (=209715200) (default)
2023-12-19 18:18:01,539 [7fe801a6-aabd-4c1e-b418-af74b08e6351-groupManagement] INFO  server.RaftServerConfigKeys (ConfUtils.java:logGet(46)) - raft.server.log.appender.buffer.byte-limit = 8388608 (custom)
2023-12-19 18:18:01,536 [c27b4a8c-9932-4b8f-bf34-353c967d0ecc-groupManagement] INFO  segmented.SegmentedRaftLogWorker (SegmentedRaftLogWorker.java:lambda$new$0(135)) - c27b4a8c-9932-4b8f-bf34-353c967d0ecc@group-EF70BD943B5A-SegmentedRaftLogWorker: flushIndex: setUnconditionally 0 -> -1
2023-12-19 18:18:01,540 [c27b4a8c-9932-4b8f-bf34-353c967d0ecc-groupManagement] INFO  segmented.SegmentedRaftLogWorker (SegmentedRaftLogWorker.java:lambda$new$0(135)) - c27b4a8c-9932-4b8f-bf34-353c967d0ecc@group-EF70BD943B5A-SegmentedRaftLogWorker: safeCacheEvictIndex: setUnconditionally 0 -> -1
2023-12-19 18:18:01,540 [2d01c37d-c80a-4131-b15b-062508bff67d-groupManagement] INFO  server.RaftServerConfigKeys (ConfUtils.java:logGet(46)) - raft.server.notification.no-leader.timeout = 300s (custom)
2023-12-19 18:18:01,540 [2d01c37d-c80a-4131-b15b-062508bff67d-groupManagement] INFO  server.RaftServerConfigKeys (ConfUtils.java:logGet(46)) - raft.server.read.timeout = 10s (default)
2023-12-19 18:18:01,540 [2d01c37d-c80a-4131-b15b-062508bff67d-groupManagement] INFO  server.RaftServerConfigKeys (ConfUtils.java:logGet(46)) - raft.server.retrycache.expirytime = 600000ms (custom)
2023-12-19 18:18:01,540 [2d01c37d-c80a-4131-b15b-062508bff67d-groupManagement] INFO  server.RaftServerConfigKeys (ConfUtils.java:logGet(46)) - raft.server.retrycache.statistics.expirytime = 100ms (default)
2023-12-19 18:18:01,540 [2d01c37d-c80a-4131-b15b-062508bff67d-groupManagement] INFO  server.RaftServerConfigKeys (ConfUtils.java:logGet(46)) - raft.server.read.option = DEFAULT (default)
2023-12-19 18:18:01,540 [2d01c37d-c80a-4131-b15b-062508bff67d-groupManagement] INFO  server.RaftServerConfigKeys (ConfUtils.java:logGet(46)) - raft.server.read.read-after-write-consistent.write-index-cache.expiry-time = 60s (default)
2023-12-19 18:18:01,545 [2d01c37d-c80a-4131-b15b-062508bff67d-groupManagement] INFO  server.RaftServerConfigKeys (ConfUtils.java:logGet(46)) - raft.server.rpc.request.timeout = 60s (custom)
2023-12-19 18:18:01,548 [7fe801a6-aabd-4c1e-b418-af74b08e6351-groupManagement] INFO  util.AwaitToRun (AwaitToRun.java:start(81)) - Thread[7fe801a6-aabd-4c1e-b418-af74b08e6351@group-9FFAAA1D27BF-cacheEviction-AwaitToRun,5,main] started
2023-12-19 18:18:01,552 [7fe801a6-aabd-4c1e-b418-af74b08e6351-groupManagement] INFO  segmented.SegmentedRaftLogWorker (SegmentedRaftLogWorker.java:<init>(184)) - new 7fe801a6-aabd-4c1e-b418-af74b08e6351@group-9FFAAA1D27BF-SegmentedRaftLogWorker for RaftStorageImpl:Storage Directory /home/runner/work/ozone/ozone/hadoop-ozone/integration-test/target/test-dir/MiniOzoneClusterImpl-c3f67427-b36b-4ee4-bde0-91623ce58163/datanode-9/data/ratis/20585b8c-633c-41dc-806a-9ffaaa1d27bf
2023-12-19 18:18:01,552 [7fe801a6-aabd-4c1e-b418-af74b08e6351-groupManagement] INFO  server.RaftServerConfigKeys (ConfUtils.java:logGet(46)) - raft.server.log.queue.byte-limit = 4294967296 (custom)
2023-12-19 18:18:01,552 [7fe801a6-aabd-4c1e-b418-af74b08e6351-groupManagement] INFO  server.RaftServerConfigKeys (ConfUtils.java:logGet(46)) - raft.server.log.queue.element-limit = 1024 (custom)
2023-12-19 18:18:01,552 [7fe801a6-aabd-4c1e-b418-af74b08e6351-groupManagement] INFO  server.RaftServerConfigKeys (ConfUtils.java:logGet(46)) - raft.server.log.segment.size.max = 67108864 (custom)
2023-12-19 18:18:01,552 [7fe801a6-aabd-4c1e-b418-af74b08e6351-groupManagement] INFO  server.RaftServerConfigKeys (ConfUtils.java:logGet(46)) - raft.server.log.preallocated.size = 4194304 (custom)
2023-12-19 18:18:01,553 [7fe801a6-aabd-4c1e-b418-af74b08e6351-groupManagement] INFO  server.RaftServerConfigKeys (ConfUtils.java:logGet(46)) - raft.server.log.force.sync.num = 128 (default)
2023-12-19 18:18:01,553 [7fe801a6-aabd-4c1e-b418-af74b08e6351-groupManagement] INFO  server.RaftServerConfigKeys (ConfUtils.java:logGet(46)) - raft.server.log.statemachine.data.sync = true (default)
2023-12-19 18:18:01,553 [7fe801a6-aabd-4c1e-b418-af74b08e6351-groupManagement] INFO  server.RaftServerConfigKeys (ConfUtils.java:logGet(46)) - raft.server.log.statemachine.data.sync.timeout = 10s (default)
2023-12-19 18:18:01,553 [7fe801a6-aabd-4c1e-b418-af74b08e6351-groupManagement] INFO  server.RaftServerConfigKeys (ConfUtils.java:logGet(46)) - raft.server.log.statemachine.data.sync.timeout.retry = 0 (custom)
2023-12-19 18:18:01,553 [7fe801a6-aabd-4c1e-b418-af74b08e6351-groupManagement] INFO  server.RaftServerConfigKeys (ConfUtils.java:logGet(46)) - raft.server.log.write.buffer.size = 8388616 (custom)
2023-12-19 18:18:01,555 [7fe801a6-aabd-4c1e-b418-af74b08e6351-groupManagement] INFO  server.RaftServerConfigKeys (ConfUtils.java:logGet(46)) - raft.server.log.appender.buffer.byte-limit = 8388608 (custom)
2023-12-19 18:18:01,556 [7fe801a6-aabd-4c1e-b418-af74b08e6351-groupManagement] INFO  server.RaftServerConfigKeys (ConfUtils.java:logGet(46)) - raft.server.log.unsafe-flush.enabled = false (default)
2023-12-19 18:18:01,556 [7fe801a6-aabd-4c1e-b418-af74b08e6351-groupManagement] INFO  server.RaftServerConfigKeys (ConfUtils.java:logGet(46)) - raft.server.log.async-flush.enabled = false (default)
2023-12-19 18:18:01,556 [7fe801a6-aabd-4c1e-b418-af74b08e6351-groupManagement] INFO  server.RaftServerConfigKeys (ConfUtils.java:logGet(46)) - raft.server.log.statemachine.data.caching.enabled = true (custom)
2023-12-19 18:18:01,556 [7fe801a6-aabd-4c1e-b418-af74b08e6351-groupManagement] INFO  segmented.SegmentedRaftLogWorker (SegmentedRaftLogWorker.java:lambda$new$0(135)) - 7fe801a6-aabd-4c1e-b418-af74b08e6351@group-9FFAAA1D27BF-SegmentedRaftLogWorker: flushIndex: setUnconditionally 0 -> -1
2023-12-19 18:18:01,548 [c27b4a8c-9932-4b8f-bf34-353c967d0ecc-groupManagement] INFO  server.RaftServer$Division (RaftServerImpl.java:start(392)) - c27b4a8c-9932-4b8f-bf34-353c967d0ecc@group-EF70BD943B5A: start as a follower, conf=-1: peers:[c27b4a8c-9932-4b8f-bf34-353c967d0ecc|10.1.0.19:15113]|listeners:[], old=null
2023-12-19 18:18:01,556 [c27b4a8c-9932-4b8f-bf34-353c967d0ecc-groupManagement] INFO  server.RaftServer$Division (RaftServerImpl.java:setRole(379)) - c27b4a8c-9932-4b8f-bf34-353c967d0ecc@group-EF70BD943B5A: changes role from      null to FOLLOWER at term 0 for startAsFollower
2023-12-19 18:18:01,556 [7fe801a6-aabd-4c1e-b418-af74b08e6351-groupManagement] INFO  segmented.SegmentedRaftLogWorker (SegmentedRaftLogWorker.java:lambda$new$0(135)) - 7fe801a6-aabd-4c1e-b418-af74b08e6351@group-9FFAAA1D27BF-SegmentedRaftLogWorker: safeCacheEvictIndex: setUnconditionally 0 -> -1
2023-12-19 18:18:01,557 [2d01c37d-c80a-4131-b15b-062508bff67d-groupManagement] INFO  server.RaftServerConfigKeys (ConfUtils.java:logGet(46)) - raft.server.log.appender.install.snapshot.enabled = false (custom)
2023-12-19 18:18:01,557 [2d01c37d-c80a-4131-b15b-062508bff67d-groupManagement] INFO  server.RaftServerConfigKeys (ConfUtils.java:logGet(46)) - raft.server.threadpool.server.cached = true (default)
2023-12-19 18:18:01,557 [2d01c37d-c80a-4131-b15b-062508bff67d-groupManagement] INFO  server.RaftServerConfigKeys (ConfUtils.java:logGet(46)) - raft.server.threadpool.server.size = 0 (default)
2023-12-19 18:18:01,557 [2d01c37d-c80a-4131-b15b-062508bff67d-groupManagement] INFO  server.RaftServerConfigKeys (ConfUtils.java:logGet(46)) - raft.server.threadpool.client.cached = true (default)
2023-12-19 18:18:01,557 [c27b4a8c-9932-4b8f-bf34-353c967d0ecc-groupManagement] INFO  impl.RoleInfo (RoleInfo.java:updateAndGet(139)) - c27b4a8c-9932-4b8f-bf34-353c967d0ecc: start c27b4a8c-9932-4b8f-bf34-353c967d0ecc@group-EF70BD943B5A-FollowerState
2023-12-19 18:18:01,557 [2d01c37d-c80a-4131-b15b-062508bff67d-groupManagement] INFO  server.RaftServerConfigKeys (ConfUtils.java:logGet(46)) - raft.server.threadpool.client.size = 0 (default)
2023-12-19 18:18:01,557 [2d01c37d-c80a-4131-b15b-062508bff67d-groupManagement] INFO  server.RaftServerConfigKeys (ConfUtils.java:logGet(46)) - raft.server.storage.free-space.min = 0MB (=0) (default)
2023-12-19 18:18:01,557 [2d01c37d-c80a-4131-b15b-062508bff67d-groupManagement] INFO  server.RaftServerConfigKeys (ConfUtils.java:logGet(46)) - raft.server.log.corruption.policy = EXCEPTION (default)
2023-12-19 18:18:01,557 [2d01c37d-c80a-4131-b15b-062508bff67d-groupManagement] INFO  server.RaftServerConfigKeys (ConfUtils.java:logGet(46)) - raft.server.storage.dir = [/home/runner/work/ozone/ozone/hadoop-ozone/integration-test/target/test-dir/MiniOzoneClusterImpl-c3f67427-b36b-4ee4-bde0-91623ce58163/datanode-12/data/ratis] (custom)
2023-12-19 18:18:01,557 [2d01c37d-c80a-4131-b15b-062508bff67d-groupManagement] INFO  storage.RaftStorageDirectory (RaftStorageDirectoryImpl.java:analyzeStorage(138)) - The storage directory /home/runner/work/ozone/ozone/hadoop-ozone/integration-test/target/test-dir/MiniOzoneClusterImpl-c3f67427-b36b-4ee4-bde0-91623ce58163/datanode-12/data/ratis/f0bb02dd-0d04-4122-8b28-9f7596bf92c2 does not exist. Creating ...
2023-12-19 18:18:01,558 [c27b4a8c-9932-4b8f-bf34-353c967d0ecc@group-EF70BD943B5A-FollowerState] INFO  server.RaftServerConfigKeys (ConfUtils.java:logFallback(53)) - raft.server.rpc.first-election.timeout.min = 5s (fallback to raft.server.rpc.timeout.min)
2023-12-19 18:18:01,558 [c27b4a8c-9932-4b8f-bf34-353c967d0ecc-groupManagement] INFO  util.JmxRegister (JmxRegister.java:tryRegister(44)) - Successfully registered JMX Bean with object name Ratis:service=RaftServer,group=group-EF70BD943B5A,id=c27b4a8c-9932-4b8f-bf34-353c967d0ecc
2023-12-19 18:18:01,560 [c27b4a8c-9932-4b8f-bf34-353c967d0ecc-groupManagement] INFO  server.RaftServerConfigKeys (ConfUtils.java:logGet(46)) - raft.server.snapshot.trigger-when-stop.enabled = true (default)
2023-12-19 18:18:01,560 [c27b4a8c-9932-4b8f-bf34-353c967d0ecc-groupManagement] INFO  server.RaftServerConfigKeys (ConfUtils.java:logGet(46)) - raft.server.snapshot.auto.trigger.enabled = true (custom)
2023-12-19 18:18:01,560 [c27b4a8c-9932-4b8f-bf34-353c967d0ecc-groupManagement] INFO  server.RaftServerConfigKeys (ConfUtils.java:logGet(46)) - raft.server.snapshot.auto.trigger.threshold = 10000 (custom)
2023-12-19 18:18:01,560 [c27b4a8c-9932-4b8f-bf34-353c967d0ecc-groupManagement] INFO  server.RaftServerConfigKeys (ConfUtils.java:logGet(46)) - raft.server.snapshot.retention.file.num = 5 (custom)
2023-12-19 18:18:01,560 [c27b4a8c-9932-4b8f-bf34-353c967d0ecc-groupManagement] INFO  server.RaftServerConfigKeys (ConfUtils.java:logGet(46)) - raft.server.log.purge.upto.snapshot.index = false (default)
2023-12-19 18:18:01,560 [cc2d5096-cbf7-4b7f-9694-9910b4c75033-PipelineCommandHandlerThread-0] INFO  commandhandler.CreatePipelineCommandHandler (CreatePipelineCommandHandler.java:lambda$handle$2(124)) - Created Pipeline RATIS THREE PipelineID=8f3870ae-d5ad-47e7-81f2-c7dcf68f11f7.
2023-12-19 18:18:01,561 [cc2d5096-cbf7-4b7f-9694-9910b4c75033-PipelineCommandHandlerThread-0] INFO  server.RaftServer (RaftServerProxy.java:addNew(100)) - cc2d5096-cbf7-4b7f-9694-9910b4c75033: addNew group-5317640DA993:[93d2edcd-6a6f-4cb3-ab2d-c0ab5a0bb6d7|10.1.0.19:15077, 8a9232c4-f36b-4377-b9ad-83954010d1e2|10.1.0.19:15086, cc2d5096-cbf7-4b7f-9694-9910b4c75033|10.1.0.19:15068] returns group-5317640DA993:java.util.concurrent.CompletableFuture@44c17571[Not completed]
2023-12-19 18:18:01,561 [2d01c37d-c80a-4131-b15b-062508bff67d-groupManagement] INFO  storage.RaftStorageDirectory (RaftStorageDirectoryImpl.java:tryLock(232)) - Lock on /home/runner/work/ozone/ozone/hadoop-ozone/integration-test/target/test-dir/MiniOzoneClusterImpl-c3f67427-b36b-4ee4-bde0-91623ce58163/datanode-12/data/ratis/f0bb02dd-0d04-4122-8b28-9f7596bf92c2/in_use.lock acquired by nodename 34604@fv-az1381-513
2023-12-19 18:18:01,562 [cc2d5096-cbf7-4b7f-9694-9910b4c75033-groupManagement] INFO  server.RaftServer$Division (RaftServerImpl.java:<init>(256)) - cc2d5096-cbf7-4b7f-9694-9910b4c75033: new RaftServerImpl for group-5317640DA993:[93d2edcd-6a6f-4cb3-ab2d-c0ab5a0bb6d7|10.1.0.19:15077, 8a9232c4-f36b-4377-b9ad-83954010d1e2|10.1.0.19:15086, cc2d5096-cbf7-4b7f-9694-9910b4c75033|10.1.0.19:15068] with ContainerStateMachine:uninitialized
2023-12-19 18:18:01,562 [cc2d5096-cbf7-4b7f-9694-9910b4c75033-groupManagement] INFO  server.RaftServerConfigKeys (ConfUtils.java:logGet(46)) - raft.server.rpc.timeout.min = 5s (custom)
2023-12-19 18:18:01,562 [cc2d5096-cbf7-4b7f-9694-9910b4c75033-groupManagement] INFO  server.RaftServerConfigKeys (ConfUtils.java:logGet(46)) - raft.server.rpc.timeout.max = 5200ms (custom)
2023-12-19 18:18:01,562 [cc2d5096-cbf7-4b7f-9694-9910b4c75033-groupManagement] INFO  server.RaftServerConfigKeys (ConfUtils.java:logGet(46)) - raft.server.rpc.sleep.time = 25ms (default)
2023-12-19 18:18:01,562 [cc2d5096-cbf7-4b7f-9694-9910b4c75033-groupManagement] INFO  server.RaftServerConfigKeys (ConfUtils.java:logGet(46)) - raft.server.rpc.slowness.timeout = 300s (custom)
2023-12-19 18:18:01,562 [cc2d5096-cbf7-4b7f-9694-9910b4c75033-groupManagement] INFO  server.RaftServerConfigKeys (ConfUtils.java:logGet(46)) - raft.server.leaderelection.leader.step-down.wait-time = 10s (default)
2023-12-19 18:18:01,562 [cc2d5096-cbf7-4b7f-9694-9910b4c75033-groupManagement] INFO  server.RaftServerConfigKeys (ConfUtils.java:logGet(46)) - raft.server.leaderelection.member.majority-add = false (default)
2023-12-19 18:18:01,562 [cc2d5096-cbf7-4b7f-9694-9910b4c75033-groupManagement] INFO  server.RaftServerConfigKeys (ConfUtils.java:logGet(46)) - raft.server.sleep.deviation.threshold = 300ms (default)
2023-12-19 18:18:01,562 [cc2d5096-cbf7-4b7f-9694-9910b4c75033-groupManagement] INFO  server.RaftServer$Division (ServerState.java:<init>(113)) - cc2d5096-cbf7-4b7f-9694-9910b4c75033@group-5317640DA993: ConfigurationManager, init=-1: peers:[93d2edcd-6a6f-4cb3-ab2d-c0ab5a0bb6d7|10.1.0.19:15077, 8a9232c4-f36b-4377-b9ad-83954010d1e2|10.1.0.19:15086, cc2d5096-cbf7-4b7f-9694-9910b4c75033|10.1.0.19:15068]|listeners:[], old=null, confs=<EMPTY_MAP>
2023-12-19 18:18:01,562 [cc2d5096-cbf7-4b7f-9694-9910b4c75033-groupManagement] INFO  server.RaftServerConfigKeys (ConfUtils.java:logGet(46)) - raft.server.notification.no-leader.timeout = 300s (custom)
2023-12-19 18:18:01,562 [cc2d5096-cbf7-4b7f-9694-9910b4c75033-groupManagement] INFO  server.RaftServerConfigKeys (ConfUtils.java:logGet(46)) - raft.server.read.timeout = 10s (default)
2023-12-19 18:18:01,563 [cc2d5096-cbf7-4b7f-9694-9910b4c75033-groupManagement] INFO  server.RaftServerConfigKeys (ConfUtils.java:logGet(46)) - raft.server.retrycache.expirytime = 600000ms (custom)
2023-12-19 18:18:01,563 [cc2d5096-cbf7-4b7f-9694-9910b4c75033-groupManagement] INFO  server.RaftServerConfigKeys (ConfUtils.java:logGet(46)) - raft.server.retrycache.statistics.expirytime = 100ms (default)
2023-12-19 18:18:01,563 [cc2d5096-cbf7-4b7f-9694-9910b4c75033-groupManagement] INFO  server.RaftServerConfigKeys (ConfUtils.java:logGet(46)) - raft.server.read.option = DEFAULT (default)
2023-12-19 18:18:01,563 [cc2d5096-cbf7-4b7f-9694-9910b4c75033-groupManagement] INFO  server.RaftServerConfigKeys (ConfUtils.java:logGet(46)) - raft.server.read.read-after-write-consistent.write-index-cache.expiry-time = 60s (default)
2023-12-19 18:18:01,563 [2d01c37d-c80a-4131-b15b-062508bff67d-groupManagement] INFO  storage.RaftStorage (RaftStorageImpl.java:format(97)) - Storage directory /home/runner/work/ozone/ozone/hadoop-ozone/integration-test/target/test-dir/MiniOzoneClusterImpl-c3f67427-b36b-4ee4-bde0-91623ce58163/datanode-12/data/ratis/f0bb02dd-0d04-4122-8b28-9f7596bf92c2 has been successfully formatted.
2023-12-19 18:18:01,564 [c27b4a8c-9932-4b8f-bf34-353c967d0ecc-PipelineCommandHandlerThread-0] INFO  ratis.XceiverServerRatis (XceiverServerRatis.java:addGroup(837)) - Created group PipelineID=45764126-356d-4ee0-9b53-ef70bd943b5a
2023-12-19 18:18:01,564 [c27b4a8c-9932-4b8f-bf34-353c967d0ecc-PipelineCommandHandlerThread-0] INFO  commandhandler.CreatePipelineCommandHandler (CreatePipelineCommandHandler.java:lambda$handle$2(124)) - Created Pipeline RATIS ONE PipelineID=45764126-356d-4ee0-9b53-ef70bd943b5a.
2023-12-19 18:18:01,565 [c27b4a8c-9932-4b8f-bf34-353c967d0ecc-PipelineCommandHandlerThread-0] INFO  server.RaftServer (RaftServerProxy.java:addNew(100)) - c27b4a8c-9932-4b8f-bf34-353c967d0ecc: addNew group-9FFAAA1D27BF:[c27b4a8c-9932-4b8f-bf34-353c967d0ecc|10.1.0.19:15113, a90b24a4-d9f8-4f3b-8812-3b02ea4f687f|10.1.0.19:15104, 7fe801a6-aabd-4c1e-b418-af74b08e6351|10.1.0.19:15095] returns group-9FFAAA1D27BF:java.util.concurrent.CompletableFuture@61be7a2d[Not completed]
2023-12-19 18:18:01,566 [c27b4a8c-9932-4b8f-bf34-353c967d0ecc@group-EF70BD943B5A-FollowerState] INFO  server.RaftServerConfigKeys (ConfUtils.java:logFallback(53)) - raft.server.rpc.first-election.timeout.max = 5200ms (fallback to raft.server.rpc.timeout.max)
2023-12-19 18:18:01,566 [c27b4a8c-9932-4b8f-bf34-353c967d0ecc-groupManagement] INFO  server.RaftServer$Division (RaftServerImpl.java:<init>(256)) - c27b4a8c-9932-4b8f-bf34-353c967d0ecc: new RaftServerImpl for group-9FFAAA1D27BF:[c27b4a8c-9932-4b8f-bf34-353c967d0ecc|10.1.0.19:15113, a90b24a4-d9f8-4f3b-8812-3b02ea4f687f|10.1.0.19:15104, 7fe801a6-aabd-4c1e-b418-af74b08e6351|10.1.0.19:15095] with ContainerStateMachine:uninitialized
2023-12-19 18:18:01,567 [c27b4a8c-9932-4b8f-bf34-353c967d0ecc-groupManagement] INFO  server.RaftServerConfigKeys (ConfUtils.java:logGet(46)) - raft.server.rpc.timeout.min = 5s (custom)
2023-12-19 18:18:01,567 [c27b4a8c-9932-4b8f-bf34-353c967d0ecc-groupManagement] INFO  server.RaftServerConfigKeys (ConfUtils.java:logGet(46)) - raft.server.rpc.timeout.max = 5200ms (custom)
2023-12-19 18:18:01,567 [c27b4a8c-9932-4b8f-bf34-353c967d0ecc-groupManagement] INFO  server.RaftServerConfigKeys (ConfUtils.java:logGet(46)) - raft.server.rpc.sleep.time = 25ms (default)
2023-12-19 18:18:01,567 [c27b4a8c-9932-4b8f-bf34-353c967d0ecc-groupManagement] INFO  server.RaftServerConfigKeys (ConfUtils.java:logGet(46)) - raft.server.rpc.slowness.timeout = 300s (custom)
2023-12-19 18:18:01,567 [c27b4a8c-9932-4b8f-bf34-353c967d0ecc-groupManagement] INFO  server.RaftServerConfigKeys (ConfUtils.java:logGet(46)) - raft.server.leaderelection.leader.step-down.wait-time = 10s (default)
2023-12-19 18:18:01,567 [c27b4a8c-9932-4b8f-bf34-353c967d0ecc-groupManagement] INFO  server.RaftServerConfigKeys (ConfUtils.java:logGet(46)) - raft.server.leaderelection.member.majority-add = false (default)
2023-12-19 18:18:01,567 [c27b4a8c-9932-4b8f-bf34-353c967d0ecc-groupManagement] INFO  server.RaftServerConfigKeys (ConfUtils.java:logGet(46)) - raft.server.sleep.deviation.threshold = 300ms (default)
2023-12-19 18:18:01,567 [c27b4a8c-9932-4b8f-bf34-353c967d0ecc-groupManagement] INFO  server.RaftServer$Division (ServerState.java:<init>(113)) - c27b4a8c-9932-4b8f-bf34-353c967d0ecc@group-9FFAAA1D27BF: ConfigurationManager, init=-1: peers:[c27b4a8c-9932-4b8f-bf34-353c967d0ecc|10.1.0.19:15113, a90b24a4-d9f8-4f3b-8812-3b02ea4f687f|10.1.0.19:15104, 7fe801a6-aabd-4c1e-b418-af74b08e6351|10.1.0.19:15095]|listeners:[], old=null, confs=<EMPTY_MAP>
2023-12-19 18:18:01,567 [c27b4a8c-9932-4b8f-bf34-353c967d0ecc-groupManagement] INFO  server.RaftServerConfigKeys (ConfUtils.java:logGet(46)) - raft.server.notification.no-leader.timeout = 300s (custom)
2023-12-19 18:18:01,568 [c27b4a8c-9932-4b8f-bf34-353c967d0ecc-groupManagement] INFO  server.RaftServerConfigKeys (ConfUtils.java:logGet(46)) - raft.server.read.timeout = 10s (default)
2023-12-19 18:18:01,568 [c27b4a8c-9932-4b8f-bf34-353c967d0ecc-groupManagement] INFO  server.RaftServerConfigKeys (ConfUtils.java:logGet(46)) - raft.server.retrycache.expirytime = 600000ms (custom)
2023-12-19 18:18:01,568 [c27b4a8c-9932-4b8f-bf34-353c967d0ecc-groupManagement] INFO  server.RaftServerConfigKeys (ConfUtils.java:logGet(46)) - raft.server.retrycache.statistics.expirytime = 100ms (default)
2023-12-19 18:18:01,568 [c27b4a8c-9932-4b8f-bf34-353c967d0ecc-groupManagement] INFO  server.RaftServerConfigKeys (ConfUtils.java:logGet(46)) - raft.server.read.option = DEFAULT (default)
2023-12-19 18:18:01,568 [c27b4a8c-9932-4b8f-bf34-353c967d0ecc-groupManagement] INFO  server.RaftServerConfigKeys (ConfUtils.java:logGet(46)) - raft.server.read.read-after-write-consistent.write-index-cache.expiry-time = 60s (default)
2023-12-19 18:18:01,568 [7fe801a6-aabd-4c1e-b418-af74b08e6351-groupManagement] INFO  server.RaftServer$Division (RaftServerImpl.java:start(392)) - 7fe801a6-aabd-4c1e-b418-af74b08e6351@group-9FFAAA1D27BF: start as a follower, conf=-1: peers:[c27b4a8c-9932-4b8f-bf34-353c967d0ecc|10.1.0.19:15113, a90b24a4-d9f8-4f3b-8812-3b02ea4f687f|10.1.0.19:15104, 7fe801a6-aabd-4c1e-b418-af74b08e6351|10.1.0.19:15095]|listeners:[], old=null
2023-12-19 18:18:01,569 [7fe801a6-aabd-4c1e-b418-af74b08e6351-groupManagement] INFO  server.RaftServer$Division (RaftServerImpl.java:setRole(379)) - 7fe801a6-aabd-4c1e-b418-af74b08e6351@group-9FFAAA1D27BF: changes role from      null to FOLLOWER at term 0 for startAsFollower
2023-12-19 18:18:01,569 [7fe801a6-aabd-4c1e-b418-af74b08e6351-groupManagement] INFO  impl.RoleInfo (RoleInfo.java:updateAndGet(139)) - 7fe801a6-aabd-4c1e-b418-af74b08e6351: start 7fe801a6-aabd-4c1e-b418-af74b08e6351@group-9FFAAA1D27BF-FollowerState
2023-12-19 18:18:01,569 [7fe801a6-aabd-4c1e-b418-af74b08e6351@group-9FFAAA1D27BF-FollowerState] INFO  server.RaftServerConfigKeys (ConfUtils.java:logFallback(53)) - raft.server.rpc.first-election.timeout.min = 5s (fallback to raft.server.rpc.timeout.min)
2023-12-19 18:18:01,570 [7fe801a6-aabd-4c1e-b418-af74b08e6351@group-9FFAAA1D27BF-FollowerState] INFO  server.RaftServerConfigKeys (ConfUtils.java:logFallback(53)) - raft.server.rpc.first-election.timeout.max = 5200ms (fallback to raft.server.rpc.timeout.max)
2023-12-19 18:18:01,570 [2d01c37d-c80a-4131-b15b-062508bff67d-groupManagement] INFO  ratis.ContainerStateMachine (ContainerStateMachine.java:loadSnapshot(287)) - group-9F7596BF92C2: The snapshot info is null. Setting the last applied indexto:(t:0, i:~)
2023-12-19 18:18:01,571 [2d01c37d-c80a-4131-b15b-062508bff67d-groupManagement] INFO  server.RaftServerConfigKeys (ConfUtils.java:logGet(46)) - raft.server.log.use.memory = false (default)
2023-12-19 18:18:01,571 [2d01c37d-c80a-4131-b15b-062508bff67d-groupManagement] INFO  server.RaftServerConfigKeys (ConfUtils.java:logGet(46)) - raft.server.log.purge.gap = 1000000 (custom)
2023-12-19 18:18:01,571 [2d01c37d-c80a-4131-b15b-062508bff67d-groupManagement] INFO  server.RaftServerConfigKeys (ConfUtils.java:logGet(46)) - raft.server.log.appender.buffer.byte-limit = 8388608 (custom)
2023-12-19 18:18:01,571 [2d01c37d-c80a-4131-b15b-062508bff67d-groupManagement] INFO  server.RaftServerConfigKeys (ConfUtils.java:logGet(46)) - raft.server.log.statemachine.data.read.timeout = 1000ms (default)
2023-12-19 18:18:01,571 [2d01c37d-c80a-4131-b15b-062508bff67d-groupManagement] INFO  server.RaftServerConfigKeys (ConfUtils.java:logGet(46)) - raft.server.log.purge.preservation.log.num = 0 (default)
2023-12-19 18:18:01,572 [7fe801a6-aabd-4c1e-b418-af74b08e6351-groupManagement] INFO  util.JmxRegister (JmxRegister.java:tryRegister(44)) - Successfully registered JMX Bean with object name Ratis:service=RaftServer,group=group-9FFAAA1D27BF,id=7fe801a6-aabd-4c1e-b418-af74b08e6351
2023-12-19 18:18:01,572 [7fe801a6-aabd-4c1e-b418-af74b08e6351-groupManagement] INFO  server.RaftServerConfigKeys (ConfUtils.java:logGet(46)) - raft.server.snapshot.trigger-when-stop.enabled = true (default)
2023-12-19 18:18:01,572 [7fe801a6-aabd-4c1e-b418-af74b08e6351-groupManagement] INFO  server.RaftServerConfigKeys (ConfUtils.java:logGet(46)) - raft.server.snapshot.auto.trigger.enabled = true (custom)
2023-12-19 18:18:01,572 [7fe801a6-aabd-4c1e-b418-af74b08e6351-groupManagement] INFO  server.RaftServerConfigKeys (ConfUtils.java:logGet(46)) - raft.server.snapshot.auto.trigger.threshold = 10000 (custom)
2023-12-19 18:18:01,572 [7fe801a6-aabd-4c1e-b418-af74b08e6351-groupManagement] INFO  server.RaftServerConfigKeys (ConfUtils.java:logGet(46)) - raft.server.snapshot.retention.file.num = 5 (custom)
2023-12-19 18:18:01,572 [7fe801a6-aabd-4c1e-b418-af74b08e6351-groupManagement] INFO  server.RaftServerConfigKeys (ConfUtils.java:logGet(46)) - raft.server.log.purge.upto.snapshot.index = false (default)
2023-12-19 18:18:01,572 [EventQueue-PipelineReportForPipelineReportHandler] INFO  pipeline.PipelineReportHandler (PipelineReportHandler.java:processPipelineReport(136)) - Opened pipeline PipelineID=f0bb02dd-0d04-4122-8b28-9f7596bf92c2
2023-12-19 18:18:01,575 [EventQueue-OpenPipelineForHealthyPipelineSafeModeRule] INFO  safemode.SCMSafeModeManager (HealthyPipelineSafeModeRule.java:process(140)) - SCM in safe mode. Healthy pipelines reported count is 0, required healthy pipeline reported count is 1
2023-12-19 18:18:01,589 [7fe801a6-aabd-4c1e-b418-af74b08e6351-PipelineCommandHandlerThread-0] INFO  ratis.XceiverServerRatis (XceiverServerRatis.java:addGroup(837)) - Created group PipelineID=20585b8c-633c-41dc-806a-9ffaaa1d27bf
2023-12-19 18:18:01,593 [8a9232c4-f36b-4377-b9ad-83954010d1e2-PipelineCommandHandlerThread-0] INFO  commandhandler.CreatePipelineCommandHandler (CreatePipelineCommandHandler.java:lambda$handle$2(124)) - Created Pipeline RATIS THREE PipelineID=8f3870ae-d5ad-47e7-81f2-c7dcf68f11f7.
2023-12-19 18:18:01,593 [8a9232c4-f36b-4377-b9ad-83954010d1e2-PipelineCommandHandlerThread-0] INFO  server.RaftServer (RaftServerProxy.java:addNew(100)) - 8a9232c4-f36b-4377-b9ad-83954010d1e2: addNew group-5317640DA993:[93d2edcd-6a6f-4cb3-ab2d-c0ab5a0bb6d7|10.1.0.19:15077, 8a9232c4-f36b-4377-b9ad-83954010d1e2|10.1.0.19:15086, cc2d5096-cbf7-4b7f-9694-9910b4c75033|10.1.0.19:15068] returns group-5317640DA993:java.util.concurrent.CompletableFuture@3d366022[Not completed]
2023-12-19 18:18:01,600 [8a9232c4-f36b-4377-b9ad-83954010d1e2-groupManagement] INFO  server.RaftServer$Division (RaftServerImpl.java:<init>(256)) - 8a9232c4-f36b-4377-b9ad-83954010d1e2: new RaftServerImpl for group-5317640DA993:[93d2edcd-6a6f-4cb3-ab2d-c0ab5a0bb6d7|10.1.0.19:15077, 8a9232c4-f36b-4377-b9ad-83954010d1e2|10.1.0.19:15086, cc2d5096-cbf7-4b7f-9694-9910b4c75033|10.1.0.19:15068] with ContainerStateMachine:uninitialized
2023-12-19 18:18:01,601 [8a9232c4-f36b-4377-b9ad-83954010d1e2-groupManagement] INFO  server.RaftServerConfigKeys (ConfUtils.java:logGet(46)) - raft.server.rpc.timeout.min = 5s (custom)
2023-12-19 18:18:01,601 [8a9232c4-f36b-4377-b9ad-83954010d1e2-groupManagement] INFO  server.RaftServerConfigKeys (ConfUtils.java:logGet(46)) - raft.server.rpc.timeout.max = 5200ms (custom)
2023-12-19 18:18:01,601 [8a9232c4-f36b-4377-b9ad-83954010d1e2-groupManagement] INFO  server.RaftServerConfigKeys (ConfUtils.java:logGet(46)) - raft.server.rpc.sleep.time = 25ms (default)
2023-12-19 18:18:01,601 [8a9232c4-f36b-4377-b9ad-83954010d1e2-groupManagement] INFO  server.RaftServerConfigKeys (ConfUtils.java:logGet(46)) - raft.server.rpc.slowness.timeout = 300s (custom)
2023-12-19 18:18:01,601 [8a9232c4-f36b-4377-b9ad-83954010d1e2-groupManagement] INFO  server.RaftServerConfigKeys (ConfUtils.java:logGet(46)) - raft.server.leaderelection.leader.step-down.wait-time = 10s (default)
2023-12-19 18:18:01,601 [8a9232c4-f36b-4377-b9ad-83954010d1e2-groupManagement] INFO  server.RaftServerConfigKeys (ConfUtils.java:logGet(46)) - raft.server.leaderelection.member.majority-add = false (default)
2023-12-19 18:18:01,601 [8a9232c4-f36b-4377-b9ad-83954010d1e2-groupManagement] INFO  server.RaftServerConfigKeys (ConfUtils.java:logGet(46)) - raft.server.sleep.deviation.threshold = 300ms (default)
2023-12-19 18:18:01,601 [8a9232c4-f36b-4377-b9ad-83954010d1e2-groupManagement] INFO  server.RaftServer$Division (ServerState.java:<init>(113)) - 8a9232c4-f36b-4377-b9ad-83954010d1e2@group-5317640DA993: ConfigurationManager, init=-1: peers:[93d2edcd-6a6f-4cb3-ab2d-c0ab5a0bb6d7|10.1.0.19:15077, 8a9232c4-f36b-4377-b9ad-83954010d1e2|10.1.0.19:15086, cc2d5096-cbf7-4b7f-9694-9910b4c75033|10.1.0.19:15068]|listeners:[], old=null, confs=<EMPTY_MAP>
2023-12-19 18:18:01,601 [8a9232c4-f36b-4377-b9ad-83954010d1e2-groupManagement] INFO  server.RaftServerConfigKeys (ConfUtils.java:logGet(46)) - raft.server.notification.no-leader.timeout = 300s (custom)
2023-12-19 18:18:01,601 [8a9232c4-f36b-4377-b9ad-83954010d1e2-groupManagement] INFO  server.RaftServerConfigKeys (ConfUtils.java:logGet(46)) - raft.server.read.timeout = 10s (default)
2023-12-19 18:18:01,601 [8a9232c4-f36b-4377-b9ad-83954010d1e2-groupManagement] INFO  server.RaftServerConfigKeys (ConfUtils.java:logGet(46)) - raft.server.retrycache.expirytime = 600000ms (custom)
2023-12-19 18:18:01,601 [8a9232c4-f36b-4377-b9ad-83954010d1e2-groupManagement] INFO  server.RaftServerConfigKeys (ConfUtils.java:logGet(46)) - raft.server.retrycache.statistics.expirytime = 100ms (default)
2023-12-19 18:18:01,601 [8a9232c4-f36b-4377-b9ad-83954010d1e2-groupManagement] INFO  server.RaftServerConfigKeys (ConfUtils.java:logGet(46)) - raft.server.read.option = DEFAULT (default)
2023-12-19 18:18:01,602 [8a9232c4-f36b-4377-b9ad-83954010d1e2-groupManagement] INFO  server.RaftServerConfigKeys (ConfUtils.java:logGet(46)) - raft.server.read.read-after-write-consistent.write-index-cache.expiry-time = 60s (default)
2023-12-19 18:18:01,624 [2d01c37d-c80a-4131-b15b-062508bff67d-groupManagement] INFO  server.RaftServerConfigKeys (ConfUtils.java:logGet(46)) - raft.server.log.segment.size.max = 67108864 (custom)
2023-12-19 18:18:01,630 [93d2edcd-6a6f-4cb3-ab2d-c0ab5a0bb6d7-PipelineCommandHandlerThread-0] INFO  commandhandler.CreatePipelineCommandHandler (CreatePipelineCommandHandler.java:lambda$handle$2(124)) - Created Pipeline RATIS THREE PipelineID=8f3870ae-d5ad-47e7-81f2-c7dcf68f11f7.
2023-12-19 18:18:01,630 [93d2edcd-6a6f-4cb3-ab2d-c0ab5a0bb6d7-PipelineCommandHandlerThread-0] INFO  server.RaftServer (RaftServerProxy.java:addNew(100)) - 93d2edcd-6a6f-4cb3-ab2d-c0ab5a0bb6d7: addNew group-5317640DA993:[93d2edcd-6a6f-4cb3-ab2d-c0ab5a0bb6d7|10.1.0.19:15077, 8a9232c4-f36b-4377-b9ad-83954010d1e2|10.1.0.19:15086, cc2d5096-cbf7-4b7f-9694-9910b4c75033|10.1.0.19:15068] returns group-5317640DA993:java.util.concurrent.CompletableFuture@476a3954[Not completed]
2023-12-19 18:18:01,630 [2d01c37d-c80a-4131-b15b-062508bff67d-groupManagement] INFO  server.RaftServerConfigKeys (ConfUtils.java:logGet(46)) - raft.server.log.segment.cache.num.max = 2 (custom)
2023-12-19 18:18:01,631 [2d01c37d-c80a-4131-b15b-062508bff67d-groupManagement] INFO  server.RaftServerConfigKeys (ConfUtils.java:logGet(46)) - raft.server.log.segment.cache.size.max = 200MB (=209715200) (default)
2023-12-19 18:18:01,631 [2d01c37d-c80a-4131-b15b-062508bff67d-groupManagement] INFO  server.RaftServerConfigKeys (ConfUtils.java:logGet(46)) - raft.server.log.appender.buffer.byte-limit = 8388608 (custom)
2023-12-19 18:18:01,632 [93d2edcd-6a6f-4cb3-ab2d-c0ab5a0bb6d7-groupManagement] INFO  server.RaftServer$Division (RaftServerImpl.java:<init>(256)) - 93d2edcd-6a6f-4cb3-ab2d-c0ab5a0bb6d7: new RaftServerImpl for group-5317640DA993:[93d2edcd-6a6f-4cb3-ab2d-c0ab5a0bb6d7|10.1.0.19:15077, 8a9232c4-f36b-4377-b9ad-83954010d1e2|10.1.0.19:15086, cc2d5096-cbf7-4b7f-9694-9910b4c75033|10.1.0.19:15068] with ContainerStateMachine:uninitialized
2023-12-19 18:18:01,632 [93d2edcd-6a6f-4cb3-ab2d-c0ab5a0bb6d7-groupManagement] INFO  server.RaftServerConfigKeys (ConfUtils.java:logGet(46)) - raft.server.rpc.timeout.min = 5s (custom)
2023-12-19 18:18:01,632 [93d2edcd-6a6f-4cb3-ab2d-c0ab5a0bb6d7-groupManagement] INFO  server.RaftServerConfigKeys (ConfUtils.java:logGet(46)) - raft.server.rpc.timeout.max = 5200ms (custom)
2023-12-19 18:18:01,632 [93d2edcd-6a6f-4cb3-ab2d-c0ab5a0bb6d7-groupManagement] INFO  server.RaftServerConfigKeys (ConfUtils.java:logGet(46)) - raft.server.rpc.sleep.time = 25ms (default)
2023-12-19 18:18:01,632 [93d2edcd-6a6f-4cb3-ab2d-c0ab5a0bb6d7-groupManagement] INFO  server.RaftServerConfigKeys (ConfUtils.java:logGet(46)) - raft.server.rpc.slowness.timeout = 300s (custom)
2023-12-19 18:18:01,632 [93d2edcd-6a6f-4cb3-ab2d-c0ab5a0bb6d7-groupManagement] INFO  server.RaftServerConfigKeys (ConfUtils.java:logGet(46)) - raft.server.leaderelection.leader.step-down.wait-time = 10s (default)
2023-12-19 18:18:01,632 [93d2edcd-6a6f-4cb3-ab2d-c0ab5a0bb6d7-groupManagement] INFO  server.RaftServerConfigKeys (ConfUtils.java:logGet(46)) - raft.server.leaderelection.member.majority-add = false (default)
2023-12-19 18:18:01,632 [93d2edcd-6a6f-4cb3-ab2d-c0ab5a0bb6d7-groupManagement] INFO  server.RaftServerConfigKeys (ConfUtils.java:logGet(46)) - raft.server.sleep.deviation.threshold = 300ms (default)
2023-12-19 18:18:01,632 [93d2edcd-6a6f-4cb3-ab2d-c0ab5a0bb6d7-groupManagement] INFO  server.RaftServer$Division (ServerState.java:<init>(113)) - 93d2edcd-6a6f-4cb3-ab2d-c0ab5a0bb6d7@group-5317640DA993: ConfigurationManager, init=-1: peers:[93d2edcd-6a6f-4cb3-ab2d-c0ab5a0bb6d7|10.1.0.19:15077, 8a9232c4-f36b-4377-b9ad-83954010d1e2|10.1.0.19:15086, cc2d5096-cbf7-4b7f-9694-9910b4c75033|10.1.0.19:15068]|listeners:[], old=null, confs=<EMPTY_MAP>
2023-12-19 18:18:01,632 [93d2edcd-6a6f-4cb3-ab2d-c0ab5a0bb6d7-groupManagement] INFO  server.RaftServerConfigKeys (ConfUtils.java:logGet(46)) - raft.server.notification.no-leader.timeout = 300s (custom)
2023-12-19 18:18:01,632 [93d2edcd-6a6f-4cb3-ab2d-c0ab5a0bb6d7-groupManagement] INFO  server.RaftServerConfigKeys (ConfUtils.java:logGet(46)) - raft.server.read.timeout = 10s (default)
2023-12-19 18:18:01,632 [93d2edcd-6a6f-4cb3-ab2d-c0ab5a0bb6d7-groupManagement] INFO  server.RaftServerConfigKeys (ConfUtils.java:logGet(46)) - raft.server.retrycache.expirytime = 600000ms (custom)
2023-12-19 18:18:01,632 [93d2edcd-6a6f-4cb3-ab2d-c0ab5a0bb6d7-groupManagement] INFO  server.RaftServerConfigKeys (ConfUtils.java:logGet(46)) - raft.server.retrycache.statistics.expirytime = 100ms (default)
2023-12-19 18:18:01,633 [93d2edcd-6a6f-4cb3-ab2d-c0ab5a0bb6d7-groupManagement] INFO  server.RaftServerConfigKeys (ConfUtils.java:logGet(46)) - raft.server.read.option = DEFAULT (default)
2023-12-19 18:18:01,633 [93d2edcd-6a6f-4cb3-ab2d-c0ab5a0bb6d7-groupManagement] INFO  server.RaftServerConfigKeys (ConfUtils.java:logGet(46)) - raft.server.read.read-after-write-consistent.write-index-cache.expiry-time = 60s (default)
2023-12-19 18:18:01,634 [cc2d5096-cbf7-4b7f-9694-9910b4c75033-groupManagement] INFO  server.RaftServerConfigKeys (ConfUtils.java:logGet(46)) - raft.server.rpc.request.timeout = 60s (custom)
2023-12-19 18:18:01,634 [cc2d5096-cbf7-4b7f-9694-9910b4c75033-groupManagement] INFO  server.RaftServerConfigKeys (ConfUtils.java:logGet(46)) - raft.server.log.appender.install.snapshot.enabled = false (custom)
2023-12-19 18:18:01,634 [cc2d5096-cbf7-4b7f-9694-9910b4c75033-groupManagement] INFO  server.RaftServerConfigKeys (ConfUtils.java:logGet(46)) - raft.server.threadpool.server.cached = true (default)
2023-12-19 18:18:01,634 [cc2d5096-cbf7-4b7f-9694-9910b4c75033-groupManagement] INFO  server.RaftServerConfigKeys (ConfUtils.java:logGet(46)) - raft.server.threadpool.server.size = 0 (default)
2023-12-19 18:18:01,634 [cc2d5096-cbf7-4b7f-9694-9910b4c75033-groupManagement] INFO  server.RaftServerConfigKeys (ConfUtils.java:logGet(46)) - raft.server.threadpool.client.cached = true (default)
2023-12-19 18:18:01,634 [cc2d5096-cbf7-4b7f-9694-9910b4c75033-groupManagement] INFO  server.RaftServerConfigKeys (ConfUtils.java:logGet(46)) - raft.server.threadpool.client.size = 0 (default)
2023-12-19 18:18:01,634 [cc2d5096-cbf7-4b7f-9694-9910b4c75033-groupManagement] INFO  server.RaftServerConfigKeys (ConfUtils.java:logGet(46)) - raft.server.storage.free-space.min = 0MB (=0) (default)
2023-12-19 18:18:01,634 [cc2d5096-cbf7-4b7f-9694-9910b4c75033-groupManagement] INFO  server.RaftServerConfigKeys (ConfUtils.java:logGet(46)) - raft.server.log.corruption.policy = EXCEPTION (default)
2023-12-19 18:18:01,635 [cc2d5096-cbf7-4b7f-9694-9910b4c75033-groupManagement] INFO  server.RaftServerConfigKeys (ConfUtils.java:logGet(46)) - raft.server.storage.dir = [/home/runner/work/ozone/ozone/hadoop-ozone/integration-test/target/test-dir/MiniOzoneClusterImpl-c3f67427-b36b-4ee4-bde0-91623ce58163/datanode-6/data/ratis] (custom)
2023-12-19 18:18:01,635 [cc2d5096-cbf7-4b7f-9694-9910b4c75033-groupManagement] INFO  storage.RaftStorageDirectory (RaftStorageDirectoryImpl.java:analyzeStorage(138)) - The storage directory /home/runner/work/ozone/ozone/hadoop-ozone/integration-test/target/test-dir/MiniOzoneClusterImpl-c3f67427-b36b-4ee4-bde0-91623ce58163/datanode-6/data/ratis/de29617a-44cb-4353-a789-5317640da993 does not exist. Creating ...
2023-12-19 18:18:01,637 [cc2d5096-cbf7-4b7f-9694-9910b4c75033-groupManagement] INFO  storage.RaftStorageDirectory (RaftStorageDirectoryImpl.java:tryLock(232)) - Lock on /home/runner/work/ozone/ozone/hadoop-ozone/integration-test/target/test-dir/MiniOzoneClusterImpl-c3f67427-b36b-4ee4-bde0-91623ce58163/datanode-6/data/ratis/de29617a-44cb-4353-a789-5317640da993/in_use.lock acquired by nodename 34604@fv-az1381-513
2023-12-19 18:18:01,638 [cc2d5096-cbf7-4b7f-9694-9910b4c75033-groupManagement] INFO  storage.RaftStorage (RaftStorageImpl.java:format(97)) - Storage directory /home/runner/work/ozone/ozone/hadoop-ozone/integration-test/target/test-dir/MiniOzoneClusterImpl-c3f67427-b36b-4ee4-bde0-91623ce58163/datanode-6/data/ratis/de29617a-44cb-4353-a789-5317640da993 has been successfully formatted.
2023-12-19 18:18:01,639 [c27b4a8c-9932-4b8f-bf34-353c967d0ecc-groupManagement] INFO  server.RaftServerConfigKeys (ConfUtils.java:logGet(46)) - raft.server.rpc.request.timeout = 60s (custom)
2023-12-19 18:18:01,639 [c27b4a8c-9932-4b8f-bf34-353c967d0ecc-groupManagement] INFO  server.RaftServerConfigKeys (ConfUtils.java:logGet(46)) - raft.server.log.appender.install.snapshot.enabled = false (custom)
2023-12-19 18:18:01,639 [c27b4a8c-9932-4b8f-bf34-353c967d0ecc-groupManagement] INFO  server.RaftServerConfigKeys (ConfUtils.java:logGet(46)) - raft.server.threadpool.server.cached = true (default)
2023-12-19 18:18:01,639 [c27b4a8c-9932-4b8f-bf34-353c967d0ecc-groupManagement] INFO  server.RaftServerConfigKeys (ConfUtils.java:logGet(46)) - raft.server.threadpool.server.size = 0 (default)
2023-12-19 18:18:01,639 [c27b4a8c-9932-4b8f-bf34-353c967d0ecc-groupManagement] INFO  server.RaftServerConfigKeys (ConfUtils.java:logGet(46)) - raft.server.threadpool.client.cached = true (default)
2023-12-19 18:18:01,639 [c27b4a8c-9932-4b8f-bf34-353c967d0ecc-groupManagement] INFO  server.RaftServerConfigKeys (ConfUtils.java:logGet(46)) - raft.server.threadpool.client.size = 0 (default)
2023-12-19 18:18:01,639 [c27b4a8c-9932-4b8f-bf34-353c967d0ecc-groupManagement] INFO  server.RaftServerConfigKeys (ConfUtils.java:logGet(46)) - raft.server.storage.free-space.min = 0MB (=0) (default)
2023-12-19 18:18:01,639 [c27b4a8c-9932-4b8f-bf34-353c967d0ecc-groupManagement] INFO  server.RaftServerConfigKeys (ConfUtils.java:logGet(46)) - raft.server.log.corruption.policy = EXCEPTION (default)
2023-12-19 18:18:01,639 [c27b4a8c-9932-4b8f-bf34-353c967d0ecc-groupManagement] INFO  server.RaftServerConfigKeys (ConfUtils.java:logGet(46)) - raft.server.storage.dir = [/home/runner/work/ozone/ozone/hadoop-ozone/integration-test/target/test-dir/MiniOzoneClusterImpl-c3f67427-b36b-4ee4-bde0-91623ce58163/datanode-11/data/ratis] (custom)
2023-12-19 18:18:01,640 [c27b4a8c-9932-4b8f-bf34-353c967d0ecc-groupManagement] INFO  storage.RaftStorageDirectory (RaftStorageDirectoryImpl.java:analyzeStorage(138)) - The storage directory /home/runner/work/ozone/ozone/hadoop-ozone/integration-test/target/test-dir/MiniOzoneClusterImpl-c3f67427-b36b-4ee4-bde0-91623ce58163/datanode-11/data/ratis/20585b8c-633c-41dc-806a-9ffaaa1d27bf does not exist. Creating ...
2023-12-19 18:18:01,642 [c27b4a8c-9932-4b8f-bf34-353c967d0ecc-groupManagement] INFO  storage.RaftStorageDirectory (RaftStorageDirectoryImpl.java:tryLock(232)) - Lock on /home/runner/work/ozone/ozone/hadoop-ozone/integration-test/target/test-dir/MiniOzoneClusterImpl-c3f67427-b36b-4ee4-bde0-91623ce58163/datanode-11/data/ratis/20585b8c-633c-41dc-806a-9ffaaa1d27bf/in_use.lock acquired by nodename 34604@fv-az1381-513
2023-12-19 18:18:01,643 [8a9232c4-f36b-4377-b9ad-83954010d1e2-groupManagement] INFO  server.RaftServerConfigKeys (ConfUtils.java:logGet(46)) - raft.server.rpc.request.timeout = 60s (custom)
2023-12-19 18:18:01,643 [8a9232c4-f36b-4377-b9ad-83954010d1e2-groupManagement] INFO  server.RaftServerConfigKeys (ConfUtils.java:logGet(46)) - raft.server.log.appender.install.snapshot.enabled = false (custom)
2023-12-19 18:18:01,643 [8a9232c4-f36b-4377-b9ad-83954010d1e2-groupManagement] INFO  server.RaftServerConfigKeys (ConfUtils.java:logGet(46)) - raft.server.threadpool.server.cached = true (default)
2023-12-19 18:18:01,644 [8a9232c4-f36b-4377-b9ad-83954010d1e2-groupManagement] INFO  server.RaftServerConfigKeys (ConfUtils.java:logGet(46)) - raft.server.threadpool.server.size = 0 (default)
2023-12-19 18:18:01,644 [8a9232c4-f36b-4377-b9ad-83954010d1e2-groupManagement] INFO  server.RaftServerConfigKeys (ConfUtils.java:logGet(46)) - raft.server.threadpool.client.cached = true (default)
2023-12-19 18:18:01,644 [8a9232c4-f36b-4377-b9ad-83954010d1e2-groupManagement] INFO  server.RaftServerConfigKeys (ConfUtils.java:logGet(46)) - raft.server.threadpool.client.size = 0 (default)
2023-12-19 18:18:01,644 [8a9232c4-f36b-4377-b9ad-83954010d1e2-groupManagement] INFO  server.RaftServerConfigKeys (ConfUtils.java:logGet(46)) - raft.server.storage.free-space.min = 0MB (=0) (default)
2023-12-19 18:18:01,644 [8a9232c4-f36b-4377-b9ad-83954010d1e2-groupManagement] INFO  server.RaftServerConfigKeys (ConfUtils.java:logGet(46)) - raft.server.log.corruption.policy = EXCEPTION (default)
2023-12-19 18:18:01,644 [8a9232c4-f36b-4377-b9ad-83954010d1e2-groupManagement] INFO  server.RaftServerConfigKeys (ConfUtils.java:logGet(46)) - raft.server.storage.dir = [/home/runner/work/ozone/ozone/hadoop-ozone/integration-test/target/test-dir/MiniOzoneClusterImpl-c3f67427-b36b-4ee4-bde0-91623ce58163/datanode-8/data/ratis] (custom)
2023-12-19 18:18:01,644 [8a9232c4-f36b-4377-b9ad-83954010d1e2-groupManagement] INFO  storage.RaftStorageDirectory (RaftStorageDirectoryImpl.java:analyzeStorage(138)) - The storage directory /home/runner/work/ozone/ozone/hadoop-ozone/integration-test/target/test-dir/MiniOzoneClusterImpl-c3f67427-b36b-4ee4-bde0-91623ce58163/datanode-8/data/ratis/de29617a-44cb-4353-a789-5317640da993 does not exist. Creating ...
2023-12-19 18:18:01,646 [93d2edcd-6a6f-4cb3-ab2d-c0ab5a0bb6d7-groupManagement] INFO  server.RaftServerConfigKeys (ConfUtils.java:logGet(46)) - raft.server.rpc.request.timeout = 60s (custom)
2023-12-19 18:18:01,646 [93d2edcd-6a6f-4cb3-ab2d-c0ab5a0bb6d7-groupManagement] INFO  server.RaftServerConfigKeys (ConfUtils.java:logGet(46)) - raft.server.log.appender.install.snapshot.enabled = false (custom)
2023-12-19 18:18:01,646 [93d2edcd-6a6f-4cb3-ab2d-c0ab5a0bb6d7-groupManagement] INFO  server.RaftServerConfigKeys (ConfUtils.java:logGet(46)) - raft.server.threadpool.server.cached = true (default)
2023-12-19 18:18:01,646 [93d2edcd-6a6f-4cb3-ab2d-c0ab5a0bb6d7-groupManagement] INFO  server.RaftServerConfigKeys (ConfUtils.java:logGet(46)) - raft.server.threadpool.server.size = 0 (default)
2023-12-19 18:18:01,646 [93d2edcd-6a6f-4cb3-ab2d-c0ab5a0bb6d7-groupManagement] INFO  server.RaftServerConfigKeys (ConfUtils.java:logGet(46)) - raft.server.threadpool.client.cached = true (default)
2023-12-19 18:18:01,646 [93d2edcd-6a6f-4cb3-ab2d-c0ab5a0bb6d7-groupManagement] INFO  server.RaftServerConfigKeys (ConfUtils.java:logGet(46)) - raft.server.threadpool.client.size = 0 (default)
2023-12-19 18:18:01,646 [93d2edcd-6a6f-4cb3-ab2d-c0ab5a0bb6d7-groupManagement] INFO  server.RaftServerConfigKeys (ConfUtils.java:logGet(46)) - raft.server.storage.free-space.min = 0MB (=0) (default)
2023-12-19 18:18:01,647 [93d2edcd-6a6f-4cb3-ab2d-c0ab5a0bb6d7-groupManagement] INFO  server.RaftServerConfigKeys (ConfUtils.java:logGet(46)) - raft.server.log.corruption.policy = EXCEPTION (default)
2023-12-19 18:18:01,647 [93d2edcd-6a6f-4cb3-ab2d-c0ab5a0bb6d7-groupManagement] INFO  server.RaftServerConfigKeys (ConfUtils.java:logGet(46)) - raft.server.storage.dir = [/home/runner/work/ozone/ozone/hadoop-ozone/integration-test/target/test-dir/MiniOzoneClusterImpl-c3f67427-b36b-4ee4-bde0-91623ce58163/datanode-7/data/ratis] (custom)
2023-12-19 18:18:01,647 [93d2edcd-6a6f-4cb3-ab2d-c0ab5a0bb6d7-groupManagement] INFO  storage.RaftStorageDirectory (RaftStorageDirectoryImpl.java:analyzeStorage(138)) - The storage directory /home/runner/work/ozone/ozone/hadoop-ozone/integration-test/target/test-dir/MiniOzoneClusterImpl-c3f67427-b36b-4ee4-bde0-91623ce58163/datanode-7/data/ratis/de29617a-44cb-4353-a789-5317640da993 does not exist. Creating ...
2023-12-19 18:18:01,647 [2d01c37d-c80a-4131-b15b-062508bff67d-groupManagement] INFO  util.AwaitToRun (AwaitToRun.java:start(81)) - Thread[2d01c37d-c80a-4131-b15b-062508bff67d@group-9F7596BF92C2-cacheEviction-AwaitToRun,5,main] started
2023-12-19 18:18:01,648 [2d01c37d-c80a-4131-b15b-062508bff67d-groupManagement] INFO  segmented.SegmentedRaftLogWorker (SegmentedRaftLogWorker.java:<init>(184)) - new 2d01c37d-c80a-4131-b15b-062508bff67d@group-9F7596BF92C2-SegmentedRaftLogWorker for RaftStorageImpl:Storage Directory /home/runner/work/ozone/ozone/hadoop-ozone/integration-test/target/test-dir/MiniOzoneClusterImpl-c3f67427-b36b-4ee4-bde0-91623ce58163/datanode-12/data/ratis/f0bb02dd-0d04-4122-8b28-9f7596bf92c2
2023-12-19 18:18:01,648 [2d01c37d-c80a-4131-b15b-062508bff67d-groupManagement] INFO  server.RaftServerConfigKeys (ConfUtils.java:logGet(46)) - raft.server.log.queue.byte-limit = 4294967296 (custom)
2023-12-19 18:18:01,648 [2d01c37d-c80a-4131-b15b-062508bff67d-groupManagement] INFO  server.RaftServerConfigKeys (ConfUtils.java:logGet(46)) - raft.server.log.queue.element-limit = 1024 (custom)
2023-12-19 18:18:01,648 [2d01c37d-c80a-4131-b15b-062508bff67d-groupManagement] INFO  server.RaftServerConfigKeys (ConfUtils.java:logGet(46)) - raft.server.log.segment.size.max = 67108864 (custom)
2023-12-19 18:18:01,648 [2d01c37d-c80a-4131-b15b-062508bff67d-groupManagement] INFO  server.RaftServerConfigKeys (ConfUtils.java:logGet(46)) - raft.server.log.preallocated.size = 4194304 (custom)
2023-12-19 18:18:01,648 [2d01c37d-c80a-4131-b15b-062508bff67d-groupManagement] INFO  server.RaftServerConfigKeys (ConfUtils.java:logGet(46)) - raft.server.log.force.sync.num = 128 (default)
2023-12-19 18:18:01,648 [2d01c37d-c80a-4131-b15b-062508bff67d-groupManagement] INFO  server.RaftServerConfigKeys (ConfUtils.java:logGet(46)) - raft.server.log.statemachine.data.sync = true (default)
2023-12-19 18:18:01,648 [2d01c37d-c80a-4131-b15b-062508bff67d-groupManagement] INFO  server.RaftServerConfigKeys (ConfUtils.java:logGet(46)) - raft.server.log.statemachine.data.sync.timeout = 10s (default)
2023-12-19 18:18:01,648 [2d01c37d-c80a-4131-b15b-062508bff67d-groupManagement] INFO  server.RaftServerConfigKeys (ConfUtils.java:logGet(46)) - raft.server.log.statemachine.data.sync.timeout.retry = 0 (custom)
2023-12-19 18:18:01,649 [2d01c37d-c80a-4131-b15b-062508bff67d-groupManagement] INFO  server.RaftServerConfigKeys (ConfUtils.java:logGet(46)) - raft.server.log.write.buffer.size = 8388616 (custom)
2023-12-19 18:18:01,650 [2d01c37d-c80a-4131-b15b-062508bff67d-groupManagement] INFO  server.RaftServerConfigKeys (ConfUtils.java:logGet(46)) - raft.server.log.appender.buffer.byte-limit = 8388608 (custom)
2023-12-19 18:18:01,651 [2d01c37d-c80a-4131-b15b-062508bff67d-groupManagement] INFO  server.RaftServerConfigKeys (ConfUtils.java:logGet(46)) - raft.server.log.unsafe-flush.enabled = false (default)
2023-12-19 18:18:01,651 [2d01c37d-c80a-4131-b15b-062508bff67d-groupManagement] INFO  server.RaftServerConfigKeys (ConfUtils.java:logGet(46)) - raft.server.log.async-flush.enabled = false (default)
2023-12-19 18:18:01,651 [2d01c37d-c80a-4131-b15b-062508bff67d-groupManagement] INFO  server.RaftServerConfigKeys (ConfUtils.java:logGet(46)) - raft.server.log.statemachine.data.caching.enabled = true (custom)
2023-12-19 18:18:01,651 [2d01c37d-c80a-4131-b15b-062508bff67d-groupManagement] INFO  segmented.SegmentedRaftLogWorker (SegmentedRaftLogWorker.java:lambda$new$0(135)) - 2d01c37d-c80a-4131-b15b-062508bff67d@group-9F7596BF92C2-SegmentedRaftLogWorker: flushIndex: setUnconditionally 0 -> -1
2023-12-19 18:18:01,651 [2d01c37d-c80a-4131-b15b-062508bff67d-groupManagement] INFO  segmented.SegmentedRaftLogWorker (SegmentedRaftLogWorker.java:lambda$new$0(135)) - 2d01c37d-c80a-4131-b15b-062508bff67d@group-9F7596BF92C2-SegmentedRaftLogWorker: safeCacheEvictIndex: setUnconditionally 0 -> -1
2023-12-19 18:18:01,651 [2d01c37d-c80a-4131-b15b-062508bff67d-groupManagement] INFO  server.RaftServer$Division (RaftServerImpl.java:start(392)) - 2d01c37d-c80a-4131-b15b-062508bff67d@group-9F7596BF92C2: start as a follower, conf=-1: peers:[2d01c37d-c80a-4131-b15b-062508bff67d|10.1.0.19:15122]|listeners:[], old=null
2023-12-19 18:18:01,651 [2d01c37d-c80a-4131-b15b-062508bff67d-groupManagement] INFO  server.RaftServer$Division (RaftServerImpl.java:setRole(379)) - 2d01c37d-c80a-4131-b15b-062508bff67d@group-9F7596BF92C2: changes role from      null to FOLLOWER at term 0 for startAsFollower
2023-12-19 18:18:01,651 [2d01c37d-c80a-4131-b15b-062508bff67d-groupManagement] INFO  impl.RoleInfo (RoleInfo.java:updateAndGet(139)) - 2d01c37d-c80a-4131-b15b-062508bff67d: start 2d01c37d-c80a-4131-b15b-062508bff67d@group-9F7596BF92C2-FollowerState
2023-12-19 18:18:01,651 [8a9232c4-f36b-4377-b9ad-83954010d1e2-groupManagement] INFO  storage.RaftStorageDirectory (RaftStorageDirectoryImpl.java:tryLock(232)) - Lock on /home/runner/work/ozone/ozone/hadoop-ozone/integration-test/target/test-dir/MiniOzoneClusterImpl-c3f67427-b36b-4ee4-bde0-91623ce58163/datanode-8/data/ratis/de29617a-44cb-4353-a789-5317640da993/in_use.lock acquired by nodename 34604@fv-az1381-513
2023-12-19 18:18:01,652 [93d2edcd-6a6f-4cb3-ab2d-c0ab5a0bb6d7-groupManagement] INFO  storage.RaftStorageDirectory (RaftStorageDirectoryImpl.java:tryLock(232)) - Lock on /home/runner/work/ozone/ozone/hadoop-ozone/integration-test/target/test-dir/MiniOzoneClusterImpl-c3f67427-b36b-4ee4-bde0-91623ce58163/datanode-7/data/ratis/de29617a-44cb-4353-a789-5317640da993/in_use.lock acquired by nodename 34604@fv-az1381-513
2023-12-19 18:18:01,653 [c27b4a8c-9932-4b8f-bf34-353c967d0ecc-groupManagement] INFO  storage.RaftStorage (RaftStorageImpl.java:format(97)) - Storage directory /home/runner/work/ozone/ozone/hadoop-ozone/integration-test/target/test-dir/MiniOzoneClusterImpl-c3f67427-b36b-4ee4-bde0-91623ce58163/datanode-11/data/ratis/20585b8c-633c-41dc-806a-9ffaaa1d27bf has been successfully formatted.
2023-12-19 18:18:01,653 [8a9232c4-f36b-4377-b9ad-83954010d1e2-groupManagement] INFO  storage.RaftStorage (RaftStorageImpl.java:format(97)) - Storage directory /home/runner/work/ozone/ozone/hadoop-ozone/integration-test/target/test-dir/MiniOzoneClusterImpl-c3f67427-b36b-4ee4-bde0-91623ce58163/datanode-8/data/ratis/de29617a-44cb-4353-a789-5317640da993 has been successfully formatted.
2023-12-19 18:18:01,653 [c27b4a8c-9932-4b8f-bf34-353c967d0ecc-groupManagement] INFO  ratis.ContainerStateMachine (ContainerStateMachine.java:loadSnapshot(287)) - group-9FFAAA1D27BF: The snapshot info is null. Setting the last applied indexto:(t:0, i:~)
2023-12-19 18:18:01,653 [c27b4a8c-9932-4b8f-bf34-353c967d0ecc-groupManagement] INFO  server.RaftServerConfigKeys (ConfUtils.java:logGet(46)) - raft.server.log.use.memory = false (default)
2023-12-19 18:18:01,653 [8a9232c4-f36b-4377-b9ad-83954010d1e2-groupManagement] INFO  ratis.ContainerStateMachine (ContainerStateMachine.java:loadSnapshot(287)) - group-5317640DA993: The snapshot info is null. Setting the last applied indexto:(t:0, i:~)
2023-12-19 18:18:01,653 [c27b4a8c-9932-4b8f-bf34-353c967d0ecc-groupManagement] INFO  server.RaftServerConfigKeys (ConfUtils.java:logGet(46)) - raft.server.log.purge.gap = 1000000 (custom)
2023-12-19 18:18:01,653 [8a9232c4-f36b-4377-b9ad-83954010d1e2-groupManagement] INFO  server.RaftServerConfigKeys (ConfUtils.java:logGet(46)) - raft.server.log.use.memory = false (default)
2023-12-19 18:18:01,653 [c27b4a8c-9932-4b8f-bf34-353c967d0ecc-groupManagement] INFO  server.RaftServerConfigKeys (ConfUtils.java:logGet(46)) - raft.server.log.appender.buffer.byte-limit = 8388608 (custom)
2023-12-19 18:18:01,654 [c27b4a8c-9932-4b8f-bf34-353c967d0ecc-groupManagement] INFO  server.RaftServerConfigKeys (ConfUtils.java:logGet(46)) - raft.server.log.statemachine.data.read.timeout = 1000ms (default)
2023-12-19 18:18:01,654 [c27b4a8c-9932-4b8f-bf34-353c967d0ecc-groupManagement] INFO  server.RaftServerConfigKeys (ConfUtils.java:logGet(46)) - raft.server.log.purge.preservation.log.num = 0 (default)
2023-12-19 18:18:01,654 [main] INFO  ozone.MiniOzoneClusterImpl (MiniOzoneClusterImpl.java:lambda$waitForClusterToBeReady$0(230)) - Nodes are ready. Got 14 of 14 DN Heartbeats.
2023-12-19 18:18:01,654 [main] INFO  ozone.MiniOzoneClusterImpl (MiniOzoneClusterImpl.java:lambda$waitForClusterToBeReady$0(233)) - Waiting for cluster to exit safe mode
2023-12-19 18:18:01,654 [main] INFO  ozone.MiniOzoneClusterImpl (MiniOzoneClusterImpl.java:lambda$waitForClusterToBeReady$0(235)) - SCM became leader
2023-12-19 18:18:01,655 [2d01c37d-c80a-4131-b15b-062508bff67d@group-9F7596BF92C2-FollowerState] INFO  server.RaftServerConfigKeys (ConfUtils.java:logFallback(53)) - raft.server.rpc.first-election.timeout.min = 5s (fallback to raft.server.rpc.timeout.min)
2023-12-19 18:18:01,655 [2d01c37d-c80a-4131-b15b-062508bff67d@group-9F7596BF92C2-FollowerState] INFO  server.RaftServerConfigKeys (ConfUtils.java:logFallback(53)) - raft.server.rpc.first-election.timeout.max = 5200ms (fallback to raft.server.rpc.timeout.max)
2023-12-19 18:18:01,655 [93d2edcd-6a6f-4cb3-ab2d-c0ab5a0bb6d7-groupManagement] INFO  storage.RaftStorage (RaftStorageImpl.java:format(97)) - Storage directory /home/runner/work/ozone/ozone/hadoop-ozone/integration-test/target/test-dir/MiniOzoneClusterImpl-c3f67427-b36b-4ee4-bde0-91623ce58163/datanode-7/data/ratis/de29617a-44cb-4353-a789-5317640da993 has been successfully formatted.
2023-12-19 18:18:01,655 [EventQueue-OpenPipelineForHealthyPipelineSafeModeRule] INFO  safemode.SCMSafeModeManager (HealthyPipelineSafeModeRule.java:process(140)) - SCM in safe mode. Healthy pipelines reported count is 0, required healthy pipeline reported count is 1
2023-12-19 18:18:01,655 [EventQueue-OpenPipelineForHealthyPipelineSafeModeRule] INFO  safemode.SCMSafeModeManager (HealthyPipelineSafeModeRule.java:process(140)) - SCM in safe mode. Healthy pipelines reported count is 0, required healthy pipeline reported count is 1
2023-12-19 18:18:01,656 [8a9232c4-f36b-4377-b9ad-83954010d1e2-groupManagement] INFO  server.RaftServerConfigKeys (ConfUtils.java:logGet(46)) - raft.server.log.purge.gap = 1000000 (custom)
2023-12-19 18:18:01,656 [8a9232c4-f36b-4377-b9ad-83954010d1e2-groupManagement] INFO  server.RaftServerConfigKeys (ConfUtils.java:logGet(46)) - raft.server.log.appender.buffer.byte-limit = 8388608 (custom)
2023-12-19 18:18:01,656 [8a9232c4-f36b-4377-b9ad-83954010d1e2-groupManagement] INFO  server.RaftServerConfigKeys (ConfUtils.java:logGet(46)) - raft.server.log.statemachine.data.read.timeout = 1000ms (default)
2023-12-19 18:18:01,656 [8a9232c4-f36b-4377-b9ad-83954010d1e2-groupManagement] INFO  server.RaftServerConfigKeys (ConfUtils.java:logGet(46)) - raft.server.log.purge.preservation.log.num = 0 (default)
2023-12-19 18:18:01,656 [2d01c37d-c80a-4131-b15b-062508bff67d-groupManagement] INFO  util.JmxRegister (JmxRegister.java:tryRegister(44)) - Successfully registered JMX Bean with object name Ratis:service=RaftServer,group=group-9F7596BF92C2,id=2d01c37d-c80a-4131-b15b-062508bff67d
2023-12-19 18:18:01,656 [2d01c37d-c80a-4131-b15b-062508bff67d-groupManagement] INFO  server.RaftServerConfigKeys (ConfUtils.java:logGet(46)) - raft.server.snapshot.trigger-when-stop.enabled = true (default)
2023-12-19 18:18:01,656 [2d01c37d-c80a-4131-b15b-062508bff67d-groupManagement] INFO  server.RaftServerConfigKeys (ConfUtils.java:logGet(46)) - raft.server.snapshot.auto.trigger.enabled = true (custom)
2023-12-19 18:18:01,656 [2d01c37d-c80a-4131-b15b-062508bff67d-groupManagement] INFO  server.RaftServerConfigKeys (ConfUtils.java:logGet(46)) - raft.server.snapshot.auto.trigger.threshold = 10000 (custom)
2023-12-19 18:18:01,656 [2d01c37d-c80a-4131-b15b-062508bff67d-groupManagement] INFO  server.RaftServerConfigKeys (ConfUtils.java:logGet(46)) - raft.server.snapshot.retention.file.num = 5 (custom)
2023-12-19 18:18:01,658 [cc2d5096-cbf7-4b7f-9694-9910b4c75033-groupManagement] INFO  ratis.ContainerStateMachine (ContainerStateMachine.java:loadSnapshot(287)) - group-5317640DA993: The snapshot info is null. Setting the last applied indexto:(t:0, i:~)
2023-12-19 18:18:01,662 [cc2d5096-cbf7-4b7f-9694-9910b4c75033-groupManagement] INFO  server.RaftServerConfigKeys (ConfUtils.java:logGet(46)) - raft.server.log.use.memory = false (default)
2023-12-19 18:18:01,662 [cc2d5096-cbf7-4b7f-9694-9910b4c75033-groupManagement] INFO  server.RaftServerConfigKeys (ConfUtils.java:logGet(46)) - raft.server.log.purge.gap = 1000000 (custom)
2023-12-19 18:18:01,662 [cc2d5096-cbf7-4b7f-9694-9910b4c75033-groupManagement] INFO  server.RaftServerConfigKeys (ConfUtils.java:logGet(46)) - raft.server.log.appender.buffer.byte-limit = 8388608 (custom)
2023-12-19 18:18:01,662 [cc2d5096-cbf7-4b7f-9694-9910b4c75033-groupManagement] INFO  server.RaftServerConfigKeys (ConfUtils.java:logGet(46)) - raft.server.log.statemachine.data.read.timeout = 1000ms (default)
2023-12-19 18:18:01,662 [cc2d5096-cbf7-4b7f-9694-9910b4c75033-groupManagement] INFO  server.RaftServerConfigKeys (ConfUtils.java:logGet(46)) - raft.server.log.purge.preservation.log.num = 0 (default)
2023-12-19 18:18:01,662 [2d01c37d-c80a-4131-b15b-062508bff67d-groupManagement] INFO  server.RaftServerConfigKeys (ConfUtils.java:logGet(46)) - raft.server.log.purge.upto.snapshot.index = false (default)
2023-12-19 18:18:01,664 [a90b24a4-d9f8-4f3b-8812-3b02ea4f687f-PipelineCommandHandlerThread-0] INFO  commandhandler.CreatePipelineCommandHandler (CreatePipelineCommandHandler.java:lambda$handle$2(124)) - Created Pipeline RATIS THREE PipelineID=20585b8c-633c-41dc-806a-9ffaaa1d27bf.
2023-12-19 18:18:01,666 [a90b24a4-d9f8-4f3b-8812-3b02ea4f687f-PipelineCommandHandlerThread-0] INFO  server.RaftServer (RaftServerProxy.java:addNew(100)) - a90b24a4-d9f8-4f3b-8812-3b02ea4f687f: addNew group-C5B5555F532B:[c27b4a8c-9932-4b8f-bf34-353c967d0ecc|10.1.0.19:15113, a90b24a4-d9f8-4f3b-8812-3b02ea4f687f|10.1.0.19:15104, 7fe801a6-aabd-4c1e-b418-af74b08e6351|10.1.0.19:15095] returns group-C5B5555F532B:java.util.concurrent.CompletableFuture@46eb9a02[Not completed]
2023-12-19 18:18:01,666 [EventQueue-OpenPipelineForHealthyPipelineSafeModeRule] INFO  safemode.SCMSafeModeManager (HealthyPipelineSafeModeRule.java:process(140)) - SCM in safe mode. Healthy pipelines reported count is 0, required healthy pipeline reported count is 1
2023-12-19 18:18:01,665 [93d2edcd-6a6f-4cb3-ab2d-c0ab5a0bb6d7-groupManagement] INFO  ratis.ContainerStateMachine (ContainerStateMachine.java:loadSnapshot(287)) - group-5317640DA993: The snapshot info is null. Setting the last applied indexto:(t:0, i:~)
2023-12-19 18:18:01,667 [EventQueue-OpenPipelineForHealthyPipelineSafeModeRule] INFO  safemode.SCMSafeModeManager (HealthyPipelineSafeModeRule.java:process(140)) - SCM in safe mode. Healthy pipelines reported count is 0, required healthy pipeline reported count is 1
2023-12-19 18:18:01,667 [93d2edcd-6a6f-4cb3-ab2d-c0ab5a0bb6d7-groupManagement] INFO  server.RaftServerConfigKeys (ConfUtils.java:logGet(46)) - raft.server.log.use.memory = false (default)
2023-12-19 18:18:01,667 [93d2edcd-6a6f-4cb3-ab2d-c0ab5a0bb6d7-groupManagement] INFO  server.RaftServerConfigKeys (ConfUtils.java:logGet(46)) - raft.server.log.purge.gap = 1000000 (custom)
2023-12-19 18:18:01,667 [93d2edcd-6a6f-4cb3-ab2d-c0ab5a0bb6d7-groupManagement] INFO  server.RaftServerConfigKeys (ConfUtils.java:logGet(46)) - raft.server.log.appender.buffer.byte-limit = 8388608 (custom)
2023-12-19 18:18:01,667 [93d2edcd-6a6f-4cb3-ab2d-c0ab5a0bb6d7-groupManagement] INFO  server.RaftServerConfigKeys (ConfUtils.java:logGet(46)) - raft.server.log.statemachine.data.read.timeout = 1000ms (default)
2023-12-19 18:18:01,668 [93d2edcd-6a6f-4cb3-ab2d-c0ab5a0bb6d7-groupManagement] INFO  server.RaftServerConfigKeys (ConfUtils.java:logGet(46)) - raft.server.log.purge.preservation.log.num = 0 (default)
2023-12-19 18:18:01,672 [96747d66-d354-4c6c-881c-c96368b263cb-PipelineCommandHandlerThread-0] INFO  server.RaftServer (RaftServerProxy.java:addNew(100)) - 96747d66-d354-4c6c-881c-c96368b263cb: addNew group-D1E2C38A56FF:[96747d66-d354-4c6c-881c-c96368b263cb|10.1.0.19:15131] returns group-D1E2C38A56FF:java.util.concurrent.CompletableFuture@316520fe[Not completed]
2023-12-19 18:18:01,675 [a90b24a4-d9f8-4f3b-8812-3b02ea4f687f-groupManagement] INFO  server.RaftServer$Division (RaftServerImpl.java:<init>(256)) - a90b24a4-d9f8-4f3b-8812-3b02ea4f687f: new RaftServerImpl for group-C5B5555F532B:[c27b4a8c-9932-4b8f-bf34-353c967d0ecc|10.1.0.19:15113, a90b24a4-d9f8-4f3b-8812-3b02ea4f687f|10.1.0.19:15104, 7fe801a6-aabd-4c1e-b418-af74b08e6351|10.1.0.19:15095] with ContainerStateMachine:uninitialized
2023-12-19 18:18:01,676 [a90b24a4-d9f8-4f3b-8812-3b02ea4f687f-groupManagement] INFO  server.RaftServerConfigKeys (ConfUtils.java:logGet(46)) - raft.server.rpc.timeout.min = 5s (custom)
2023-12-19 18:18:01,676 [a90b24a4-d9f8-4f3b-8812-3b02ea4f687f-groupManagement] INFO  server.RaftServerConfigKeys (ConfUtils.java:logGet(46)) - raft.server.rpc.timeout.max = 5200ms (custom)
2023-12-19 18:18:01,676 [96747d66-d354-4c6c-881c-c96368b263cb-groupManagement] INFO  server.RaftServer$Division (RaftServerImpl.java:<init>(256)) - 96747d66-d354-4c6c-881c-c96368b263cb: new RaftServerImpl for group-D1E2C38A56FF:[96747d66-d354-4c6c-881c-c96368b263cb|10.1.0.19:15131] with ContainerStateMachine:uninitialized
2023-12-19 18:18:01,676 [a90b24a4-d9f8-4f3b-8812-3b02ea4f687f-groupManagement] INFO  server.RaftServerConfigKeys (ConfUtils.java:logGet(46)) - raft.server.rpc.sleep.time = 25ms (default)
2023-12-19 18:18:01,676 [96747d66-d354-4c6c-881c-c96368b263cb-groupManagement] INFO  server.RaftServerConfigKeys (ConfUtils.java:logGet(46)) - raft.server.rpc.timeout.min = 5s (custom)
2023-12-19 18:18:01,676 [a90b24a4-d9f8-4f3b-8812-3b02ea4f687f-groupManagement] INFO  server.RaftServerConfigKeys (ConfUtils.java:logGet(46)) - raft.server.rpc.slowness.timeout = 300s (custom)
2023-12-19 18:18:01,676 [96747d66-d354-4c6c-881c-c96368b263cb-groupManagement] INFO  server.RaftServerConfigKeys (ConfUtils.java:logGet(46)) - raft.server.rpc.timeout.max = 5200ms (custom)
2023-12-19 18:18:01,676 [a90b24a4-d9f8-4f3b-8812-3b02ea4f687f-groupManagement] INFO  server.RaftServerConfigKeys (ConfUtils.java:logGet(46)) - raft.server.leaderelection.leader.step-down.wait-time = 10s (default)
2023-12-19 18:18:01,677 [a90b24a4-d9f8-4f3b-8812-3b02ea4f687f-groupManagement] INFO  server.RaftServerConfigKeys (ConfUtils.java:logGet(46)) - raft.server.leaderelection.member.majority-add = false (default)
2023-12-19 18:18:01,677 [a90b24a4-d9f8-4f3b-8812-3b02ea4f687f-groupManagement] INFO  server.RaftServerConfigKeys (ConfUtils.java:logGet(46)) - raft.server.sleep.deviation.threshold = 300ms (default)
2023-12-19 18:18:01,677 [a90b24a4-d9f8-4f3b-8812-3b02ea4f687f-groupManagement] INFO  server.RaftServer$Division (ServerState.java:<init>(113)) - a90b24a4-d9f8-4f3b-8812-3b02ea4f687f@group-C5B5555F532B: ConfigurationManager, init=-1: peers:[c27b4a8c-9932-4b8f-bf34-353c967d0ecc|10.1.0.19:15113, a90b24a4-d9f8-4f3b-8812-3b02ea4f687f|10.1.0.19:15104, 7fe801a6-aabd-4c1e-b418-af74b08e6351|10.1.0.19:15095]|listeners:[], old=null, confs=<EMPTY_MAP>
2023-12-19 18:18:01,677 [a90b24a4-d9f8-4f3b-8812-3b02ea4f687f-groupManagement] INFO  server.RaftServerConfigKeys (ConfUtils.java:logGet(46)) - raft.server.notification.no-leader.timeout = 300s (custom)
2023-12-19 18:18:01,677 [a90b24a4-d9f8-4f3b-8812-3b02ea4f687f-groupManagement] INFO  server.RaftServerConfigKeys (ConfUtils.java:logGet(46)) - raft.server.read.timeout = 10s (default)
2023-12-19 18:18:01,677 [a90b24a4-d9f8-4f3b-8812-3b02ea4f687f-groupManagement] INFO  server.RaftServerConfigKeys (ConfUtils.java:logGet(46)) - raft.server.retrycache.expirytime = 600000ms (custom)
2023-12-19 18:18:01,678 [a90b24a4-d9f8-4f3b-8812-3b02ea4f687f-groupManagement] INFO  server.RaftServerConfigKeys (ConfUtils.java:logGet(46)) - raft.server.retrycache.statistics.expirytime = 100ms (default)
2023-12-19 18:18:01,678 [a90b24a4-d9f8-4f3b-8812-3b02ea4f687f-groupManagement] INFO  server.RaftServerConfigKeys (ConfUtils.java:logGet(46)) - raft.server.read.option = DEFAULT (default)
2023-12-19 18:18:01,678 [a90b24a4-d9f8-4f3b-8812-3b02ea4f687f-groupManagement] INFO  server.RaftServerConfigKeys (ConfUtils.java:logGet(46)) - raft.server.read.read-after-write-consistent.write-index-cache.expiry-time = 60s (default)
2023-12-19 18:18:01,678 [96747d66-d354-4c6c-881c-c96368b263cb-groupManagement] INFO  server.RaftServerConfigKeys (ConfUtils.java:logGet(46)) - raft.server.rpc.sleep.time = 25ms (default)
2023-12-19 18:18:01,678 [96747d66-d354-4c6c-881c-c96368b263cb-groupManagement] INFO  server.RaftServerConfigKeys (ConfUtils.java:logGet(46)) - raft.server.rpc.slowness.timeout = 300s (custom)
2023-12-19 18:18:01,678 [96747d66-d354-4c6c-881c-c96368b263cb-groupManagement] INFO  server.RaftServerConfigKeys (ConfUtils.java:logGet(46)) - raft.server.leaderelection.leader.step-down.wait-time = 10s (default)
2023-12-19 18:18:01,678 [96747d66-d354-4c6c-881c-c96368b263cb-groupManagement] INFO  server.RaftServerConfigKeys (ConfUtils.java:logGet(46)) - raft.server.leaderelection.member.majority-add = false (default)
2023-12-19 18:18:01,678 [96747d66-d354-4c6c-881c-c96368b263cb-groupManagement] INFO  server.RaftServerConfigKeys (ConfUtils.java:logGet(46)) - raft.server.sleep.deviation.threshold = 300ms (default)
2023-12-19 18:18:01,678 [96747d66-d354-4c6c-881c-c96368b263cb-groupManagement] INFO  server.RaftServer$Division (ServerState.java:<init>(113)) - 96747d66-d354-4c6c-881c-c96368b263cb@group-D1E2C38A56FF: ConfigurationManager, init=-1: peers:[96747d66-d354-4c6c-881c-c96368b263cb|10.1.0.19:15131]|listeners:[], old=null, confs=<EMPTY_MAP>
2023-12-19 18:18:01,678 [96747d66-d354-4c6c-881c-c96368b263cb-groupManagement] INFO  server.RaftServerConfigKeys (ConfUtils.java:logGet(46)) - raft.server.notification.no-leader.timeout = 300s (custom)
2023-12-19 18:18:01,679 [96747d66-d354-4c6c-881c-c96368b263cb-groupManagement] INFO  server.RaftServerConfigKeys (ConfUtils.java:logGet(46)) - raft.server.read.timeout = 10s (default)
2023-12-19 18:18:01,679 [96747d66-d354-4c6c-881c-c96368b263cb-groupManagement] INFO  server.RaftServerConfigKeys (ConfUtils.java:logGet(46)) - raft.server.retrycache.expirytime = 600000ms (custom)
2023-12-19 18:18:01,679 [96747d66-d354-4c6c-881c-c96368b263cb-groupManagement] INFO  server.RaftServerConfigKeys (ConfUtils.java:logGet(46)) - raft.server.retrycache.statistics.expirytime = 100ms (default)
2023-12-19 18:18:01,679 [96747d66-d354-4c6c-881c-c96368b263cb-groupManagement] INFO  server.RaftServerConfigKeys (ConfUtils.java:logGet(46)) - raft.server.read.option = DEFAULT (default)
2023-12-19 18:18:01,679 [96747d66-d354-4c6c-881c-c96368b263cb-groupManagement] INFO  server.RaftServerConfigKeys (ConfUtils.java:logGet(46)) - raft.server.read.read-after-write-consistent.write-index-cache.expiry-time = 60s (default)
2023-12-19 18:18:01,683 [2d01c37d-c80a-4131-b15b-062508bff67d-PipelineCommandHandlerThread-0] INFO  ratis.XceiverServerRatis (XceiverServerRatis.java:addGroup(837)) - Created group PipelineID=f0bb02dd-0d04-4122-8b28-9f7596bf92c2
2023-12-19 18:18:01,683 [2d01c37d-c80a-4131-b15b-062508bff67d-PipelineCommandHandlerThread-0] INFO  commandhandler.CreatePipelineCommandHandler (CreatePipelineCommandHandler.java:lambda$handle$2(124)) - Created Pipeline RATIS ONE PipelineID=f0bb02dd-0d04-4122-8b28-9f7596bf92c2.
2023-12-19 18:18:01,696 [c27b4a8c-9932-4b8f-bf34-353c967d0ecc-groupManagement] INFO  server.RaftServerConfigKeys (ConfUtils.java:logGet(46)) - raft.server.log.segment.size.max = 67108864 (custom)
2023-12-19 18:18:01,699 [7fe801a6-aabd-4c1e-b418-af74b08e6351-PipelineCommandHandlerThread-0] INFO  commandhandler.CreatePipelineCommandHandler (CreatePipelineCommandHandler.java:lambda$handle$2(124)) - Created Pipeline RATIS THREE PipelineID=20585b8c-633c-41dc-806a-9ffaaa1d27bf.
2023-12-19 18:18:01,699 [7fe801a6-aabd-4c1e-b418-af74b08e6351-PipelineCommandHandlerThread-0] INFO  server.RaftServer (RaftServerProxy.java:addNew(100)) - 7fe801a6-aabd-4c1e-b418-af74b08e6351: addNew group-C5B5555F532B:[c27b4a8c-9932-4b8f-bf34-353c967d0ecc|10.1.0.19:15113, a90b24a4-d9f8-4f3b-8812-3b02ea4f687f|10.1.0.19:15104, 7fe801a6-aabd-4c1e-b418-af74b08e6351|10.1.0.19:15095] returns group-C5B5555F532B:java.util.concurrent.CompletableFuture@3c38bec3[Not completed]
2023-12-19 18:18:01,700 [7fe801a6-aabd-4c1e-b418-af74b08e6351-groupManagement] INFO  server.RaftServer$Division (RaftServerImpl.java:<init>(256)) - 7fe801a6-aabd-4c1e-b418-af74b08e6351: new RaftServerImpl for group-C5B5555F532B:[c27b4a8c-9932-4b8f-bf34-353c967d0ecc|10.1.0.19:15113, a90b24a4-d9f8-4f3b-8812-3b02ea4f687f|10.1.0.19:15104, 7fe801a6-aabd-4c1e-b418-af74b08e6351|10.1.0.19:15095] with ContainerStateMachine:uninitialized
2023-12-19 18:18:01,700 [7fe801a6-aabd-4c1e-b418-af74b08e6351-groupManagement] INFO  server.RaftServerConfigKeys (ConfUtils.java:logGet(46)) - raft.server.rpc.timeout.min = 5s (custom)
2023-12-19 18:18:01,700 [7fe801a6-aabd-4c1e-b418-af74b08e6351-groupManagement] INFO  server.RaftServerConfigKeys (ConfUtils.java:logGet(46)) - raft.server.rpc.timeout.max = 5200ms (custom)
2023-12-19 18:18:01,700 [7fe801a6-aabd-4c1e-b418-af74b08e6351-groupManagement] INFO  server.RaftServerConfigKeys (ConfUtils.java:logGet(46)) - raft.server.rpc.sleep.time = 25ms (default)
2023-12-19 18:18:01,700 [7fe801a6-aabd-4c1e-b418-af74b08e6351-groupManagement] INFO  server.RaftServerConfigKeys (ConfUtils.java:logGet(46)) - raft.server.rpc.slowness.timeout = 300s (custom)
2023-12-19 18:18:01,700 [7fe801a6-aabd-4c1e-b418-af74b08e6351-groupManagement] INFO  server.RaftServerConfigKeys (ConfUtils.java:logGet(46)) - raft.server.leaderelection.leader.step-down.wait-time = 10s (default)
2023-12-19 18:18:01,700 [7fe801a6-aabd-4c1e-b418-af74b08e6351-groupManagement] INFO  server.RaftServerConfigKeys (ConfUtils.java:logGet(46)) - raft.server.leaderelection.member.majority-add = false (default)
2023-12-19 18:18:01,700 [7fe801a6-aabd-4c1e-b418-af74b08e6351-groupManagement] INFO  server.RaftServerConfigKeys (ConfUtils.java:logGet(46)) - raft.server.sleep.deviation.threshold = 300ms (default)
2023-12-19 18:18:01,701 [7fe801a6-aabd-4c1e-b418-af74b08e6351-groupManagement] INFO  server.RaftServer$Division (ServerState.java:<init>(113)) - 7fe801a6-aabd-4c1e-b418-af74b08e6351@group-C5B5555F532B: ConfigurationManager, init=-1: peers:[c27b4a8c-9932-4b8f-bf34-353c967d0ecc|10.1.0.19:15113, a90b24a4-d9f8-4f3b-8812-3b02ea4f687f|10.1.0.19:15104, 7fe801a6-aabd-4c1e-b418-af74b08e6351|10.1.0.19:15095]|listeners:[], old=null, confs=<EMPTY_MAP>
2023-12-19 18:18:01,701 [7fe801a6-aabd-4c1e-b418-af74b08e6351-groupManagement] INFO  server.RaftServerConfigKeys (ConfUtils.java:logGet(46)) - raft.server.notification.no-leader.timeout = 300s (custom)
2023-12-19 18:18:01,701 [7fe801a6-aabd-4c1e-b418-af74b08e6351-groupManagement] INFO  server.RaftServerConfigKeys (ConfUtils.java:logGet(46)) - raft.server.read.timeout = 10s (default)
2023-12-19 18:18:01,701 [7fe801a6-aabd-4c1e-b418-af74b08e6351-groupManagement] INFO  server.RaftServerConfigKeys (ConfUtils.java:logGet(46)) - raft.server.retrycache.expirytime = 600000ms (custom)
2023-12-19 18:18:01,701 [7fe801a6-aabd-4c1e-b418-af74b08e6351-groupManagement] INFO  server.RaftServerConfigKeys (ConfUtils.java:logGet(46)) - raft.server.retrycache.statistics.expirytime = 100ms (default)
2023-12-19 18:18:01,701 [7fe801a6-aabd-4c1e-b418-af74b08e6351-groupManagement] INFO  server.RaftServerConfigKeys (ConfUtils.java:logGet(46)) - raft.server.read.option = DEFAULT (default)
2023-12-19 18:18:01,701 [7fe801a6-aabd-4c1e-b418-af74b08e6351-groupManagement] INFO  server.RaftServerConfigKeys (ConfUtils.java:logGet(46)) - raft.server.read.read-after-write-consistent.write-index-cache.expiry-time = 60s (default)
2023-12-19 18:18:01,702 [c27b4a8c-9932-4b8f-bf34-353c967d0ecc-groupManagement] INFO  server.RaftServerConfigKeys (ConfUtils.java:logGet(46)) - raft.server.log.segment.cache.num.max = 2 (custom)
2023-12-19 18:18:01,703 [c27b4a8c-9932-4b8f-bf34-353c967d0ecc-groupManagement] INFO  server.RaftServerConfigKeys (ConfUtils.java:logGet(46)) - raft.server.log.segment.cache.size.max = 200MB (=209715200) (default)
2023-12-19 18:18:01,703 [c27b4a8c-9932-4b8f-bf34-353c967d0ecc-groupManagement] INFO  server.RaftServerConfigKeys (ConfUtils.java:logGet(46)) - raft.server.log.appender.buffer.byte-limit = 8388608 (custom)
2023-12-19 18:18:01,704 [c27b4a8c-9932-4b8f-bf34-353c967d0ecc-groupManagement] INFO  util.AwaitToRun (AwaitToRun.java:start(81)) - Thread[c27b4a8c-9932-4b8f-bf34-353c967d0ecc@group-9FFAAA1D27BF-cacheEviction-AwaitToRun,5,main] started
2023-12-19 18:18:01,704 [c27b4a8c-9932-4b8f-bf34-353c967d0ecc-groupManagement] INFO  segmented.SegmentedRaftLogWorker (SegmentedRaftLogWorker.java:<init>(184)) - new c27b4a8c-9932-4b8f-bf34-353c967d0ecc@group-9FFAAA1D27BF-SegmentedRaftLogWorker for RaftStorageImpl:Storage Directory /home/runner/work/ozone/ozone/hadoop-ozone/integration-test/target/test-dir/MiniOzoneClusterImpl-c3f67427-b36b-4ee4-bde0-91623ce58163/datanode-11/data/ratis/20585b8c-633c-41dc-806a-9ffaaa1d27bf
2023-12-19 18:18:01,704 [c27b4a8c-9932-4b8f-bf34-353c967d0ecc-groupManagement] INFO  server.RaftServerConfigKeys (ConfUtils.java:logGet(46)) - raft.server.log.queue.byte-limit = 4294967296 (custom)
2023-12-19 18:18:01,704 [c27b4a8c-9932-4b8f-bf34-353c967d0ecc-groupManagement] INFO  server.RaftServerConfigKeys (ConfUtils.java:logGet(46)) - raft.server.log.queue.element-limit = 1024 (custom)
2023-12-19 18:18:01,704 [c27b4a8c-9932-4b8f-bf34-353c967d0ecc-groupManagement] INFO  server.RaftServerConfigKeys (ConfUtils.java:logGet(46)) - raft.server.log.segment.size.max = 67108864 (custom)
2023-12-19 18:18:01,704 [c27b4a8c-9932-4b8f-bf34-353c967d0ecc-groupManagement] INFO  server.RaftServerConfigKeys (ConfUtils.java:logGet(46)) - raft.server.log.preallocated.size = 4194304 (custom)
2023-12-19 18:18:01,704 [c27b4a8c-9932-4b8f-bf34-353c967d0ecc-groupManagement] INFO  server.RaftServerConfigKeys (ConfUtils.java:logGet(46)) - raft.server.log.force.sync.num = 128 (default)
2023-12-19 18:18:01,704 [c27b4a8c-9932-4b8f-bf34-353c967d0ecc-groupManagement] INFO  server.RaftServerConfigKeys (ConfUtils.java:logGet(46)) - raft.server.log.statemachine.data.sync = true (default)
2023-12-19 18:18:01,704 [c27b4a8c-9932-4b8f-bf34-353c967d0ecc-groupManagement] INFO  server.RaftServerConfigKeys (ConfUtils.java:logGet(46)) - raft.server.log.statemachine.data.sync.timeout = 10s (default)
2023-12-19 18:18:01,704 [c27b4a8c-9932-4b8f-bf34-353c967d0ecc-groupManagement] INFO  server.RaftServerConfigKeys (ConfUtils.java:logGet(46)) - raft.server.log.statemachine.data.sync.timeout.retry = 0 (custom)
2023-12-19 18:18:01,706 [8a9232c4-f36b-4377-b9ad-83954010d1e2-groupManagement] INFO  server.RaftServerConfigKeys (ConfUtils.java:logGet(46)) - raft.server.log.segment.size.max = 67108864 (custom)
2023-12-19 18:18:01,707 [93d2edcd-6a6f-4cb3-ab2d-c0ab5a0bb6d7-groupManagement] INFO  server.RaftServerConfigKeys (ConfUtils.java:logGet(46)) - raft.server.log.segment.size.max = 67108864 (custom)
2023-12-19 18:18:01,707 [cc2d5096-cbf7-4b7f-9694-9910b4c75033-groupManagement] INFO  server.RaftServerConfigKeys (ConfUtils.java:logGet(46)) - raft.server.log.segment.size.max = 67108864 (custom)
2023-12-19 18:18:01,709 [c27b4a8c-9932-4b8f-bf34-353c967d0ecc-groupManagement] INFO  server.RaftServerConfigKeys (ConfUtils.java:logGet(46)) - raft.server.log.write.buffer.size = 8388616 (custom)
2023-12-19 18:18:01,711 [c27b4a8c-9932-4b8f-bf34-353c967d0ecc-groupManagement] INFO  server.RaftServerConfigKeys (ConfUtils.java:logGet(46)) - raft.server.log.appender.buffer.byte-limit = 8388608 (custom)
2023-12-19 18:18:01,712 [c27b4a8c-9932-4b8f-bf34-353c967d0ecc-groupManagement] INFO  server.RaftServerConfigKeys (ConfUtils.java:logGet(46)) - raft.server.log.unsafe-flush.enabled = false (default)
2023-12-19 18:18:01,712 [c27b4a8c-9932-4b8f-bf34-353c967d0ecc-groupManagement] INFO  server.RaftServerConfigKeys (ConfUtils.java:logGet(46)) - raft.server.log.async-flush.enabled = false (default)
2023-12-19 18:18:01,712 [c27b4a8c-9932-4b8f-bf34-353c967d0ecc-groupManagement] INFO  server.RaftServerConfigKeys (ConfUtils.java:logGet(46)) - raft.server.log.statemachine.data.caching.enabled = true (custom)
2023-12-19 18:18:01,712 [c27b4a8c-9932-4b8f-bf34-353c967d0ecc-groupManagement] INFO  segmented.SegmentedRaftLogWorker (SegmentedRaftLogWorker.java:lambda$new$0(135)) - c27b4a8c-9932-4b8f-bf34-353c967d0ecc@group-9FFAAA1D27BF-SegmentedRaftLogWorker: flushIndex: setUnconditionally 0 -> -1
2023-12-19 18:18:01,712 [c27b4a8c-9932-4b8f-bf34-353c967d0ecc-groupManagement] INFO  segmented.SegmentedRaftLogWorker (SegmentedRaftLogWorker.java:lambda$new$0(135)) - c27b4a8c-9932-4b8f-bf34-353c967d0ecc@group-9FFAAA1D27BF-SegmentedRaftLogWorker: safeCacheEvictIndex: setUnconditionally 0 -> -1
2023-12-19 18:18:01,713 [8a9232c4-f36b-4377-b9ad-83954010d1e2-groupManagement] INFO  server.RaftServerConfigKeys (ConfUtils.java:logGet(46)) - raft.server.log.segment.cache.num.max = 2 (custom)
2023-12-19 18:18:01,713 [8a9232c4-f36b-4377-b9ad-83954010d1e2-groupManagement] INFO  server.RaftServerConfigKeys (ConfUtils.java:logGet(46)) - raft.server.log.segment.cache.size.max = 200MB (=209715200) (default)
2023-12-19 18:18:01,713 [8a9232c4-f36b-4377-b9ad-83954010d1e2-groupManagement] INFO  server.RaftServerConfigKeys (ConfUtils.java:logGet(46)) - raft.server.log.appender.buffer.byte-limit = 8388608 (custom)
2023-12-19 18:18:01,713 [93d2edcd-6a6f-4cb3-ab2d-c0ab5a0bb6d7-groupManagement] INFO  server.RaftServerConfigKeys (ConfUtils.java:logGet(46)) - raft.server.log.segment.cache.num.max = 2 (custom)
2023-12-19 18:18:01,713 [93d2edcd-6a6f-4cb3-ab2d-c0ab5a0bb6d7-groupManagement] INFO  server.RaftServerConfigKeys (ConfUtils.java:logGet(46)) - raft.server.log.segment.cache.size.max = 200MB (=209715200) (default)
2023-12-19 18:18:01,713 [93d2edcd-6a6f-4cb3-ab2d-c0ab5a0bb6d7-groupManagement] INFO  server.RaftServerConfigKeys (ConfUtils.java:logGet(46)) - raft.server.log.appender.buffer.byte-limit = 8388608 (custom)
2023-12-19 18:18:01,713 [cc2d5096-cbf7-4b7f-9694-9910b4c75033-groupManagement] INFO  server.RaftServerConfigKeys (ConfUtils.java:logGet(46)) - raft.server.log.segment.cache.num.max = 2 (custom)
2023-12-19 18:18:01,713 [cc2d5096-cbf7-4b7f-9694-9910b4c75033-groupManagement] INFO  server.RaftServerConfigKeys (ConfUtils.java:logGet(46)) - raft.server.log.segment.cache.size.max = 200MB (=209715200) (default)
2023-12-19 18:18:01,713 [cc2d5096-cbf7-4b7f-9694-9910b4c75033-groupManagement] INFO  server.RaftServerConfigKeys (ConfUtils.java:logGet(46)) - raft.server.log.appender.buffer.byte-limit = 8388608 (custom)
2023-12-19 18:18:01,714 [c27b4a8c-9932-4b8f-bf34-353c967d0ecc-groupManagement] INFO  server.RaftServer$Division (RaftServerImpl.java:start(392)) - c27b4a8c-9932-4b8f-bf34-353c967d0ecc@group-9FFAAA1D27BF: start as a follower, conf=-1: peers:[c27b4a8c-9932-4b8f-bf34-353c967d0ecc|10.1.0.19:15113, a90b24a4-d9f8-4f3b-8812-3b02ea4f687f|10.1.0.19:15104, 7fe801a6-aabd-4c1e-b418-af74b08e6351|10.1.0.19:15095]|listeners:[], old=null
2023-12-19 18:18:01,714 [c27b4a8c-9932-4b8f-bf34-353c967d0ecc-groupManagement] INFO  server.RaftServer$Division (RaftServerImpl.java:setRole(379)) - c27b4a8c-9932-4b8f-bf34-353c967d0ecc@group-9FFAAA1D27BF: changes role from      null to FOLLOWER at term 0 for startAsFollower
2023-12-19 18:18:01,714 [c27b4a8c-9932-4b8f-bf34-353c967d0ecc-groupManagement] INFO  impl.RoleInfo (RoleInfo.java:updateAndGet(139)) - c27b4a8c-9932-4b8f-bf34-353c967d0ecc: start c27b4a8c-9932-4b8f-bf34-353c967d0ecc@group-9FFAAA1D27BF-FollowerState
2023-12-19 18:18:01,715 [c27b4a8c-9932-4b8f-bf34-353c967d0ecc@group-9FFAAA1D27BF-FollowerState] INFO  server.RaftServerConfigKeys (ConfUtils.java:logFallback(53)) - raft.server.rpc.first-election.timeout.min = 5s (fallback to raft.server.rpc.timeout.min)
2023-12-19 18:18:01,715 [cc2d5096-cbf7-4b7f-9694-9910b4c75033-groupManagement] INFO  util.AwaitToRun (AwaitToRun.java:start(81)) - Thread[cc2d5096-cbf7-4b7f-9694-9910b4c75033@group-5317640DA993-cacheEviction-AwaitToRun,5,main] started
2023-12-19 18:18:01,715 [c27b4a8c-9932-4b8f-bf34-353c967d0ecc-groupManagement] INFO  util.JmxRegister (JmxRegister.java:tryRegister(44)) - Successfully registered JMX Bean with object name Ratis:service=RaftServer,group=group-9FFAAA1D27BF,id=c27b4a8c-9932-4b8f-bf34-353c967d0ecc
2023-12-19 18:18:01,715 [c27b4a8c-9932-4b8f-bf34-353c967d0ecc@group-9FFAAA1D27BF-FollowerState] INFO  server.RaftServerConfigKeys (ConfUtils.java:logFallback(53)) - raft.server.rpc.first-election.timeout.max = 5200ms (fallback to raft.server.rpc.timeout.max)
2023-12-19 18:18:01,715 [cc2d5096-cbf7-4b7f-9694-9910b4c75033-groupManagement] INFO  segmented.SegmentedRaftLogWorker (SegmentedRaftLogWorker.java:<init>(184)) - new cc2d5096-cbf7-4b7f-9694-9910b4c75033@group-5317640DA993-SegmentedRaftLogWorker for RaftStorageImpl:Storage Directory /home/runner/work/ozone/ozone/hadoop-ozone/integration-test/target/test-dir/MiniOzoneClusterImpl-c3f67427-b36b-4ee4-bde0-91623ce58163/datanode-6/data/ratis/de29617a-44cb-4353-a789-5317640da993
2023-12-19 18:18:01,715 [cc2d5096-cbf7-4b7f-9694-9910b4c75033-groupManagement] INFO  server.RaftServerConfigKeys (ConfUtils.java:logGet(46)) - raft.server.log.queue.byte-limit = 4294967296 (custom)
2023-12-19 18:18:01,715 [cc2d5096-cbf7-4b7f-9694-9910b4c75033-groupManagement] INFO  server.RaftServerConfigKeys (ConfUtils.java:logGet(46)) - raft.server.log.queue.element-limit = 1024 (custom)
2023-12-19 18:18:01,715 [cc2d5096-cbf7-4b7f-9694-9910b4c75033-groupManagement] INFO  server.RaftServerConfigKeys (ConfUtils.java:logGet(46)) - raft.server.log.segment.size.max = 67108864 (custom)
2023-12-19 18:18:01,716 [cc2d5096-cbf7-4b7f-9694-9910b4c75033-groupManagement] INFO  server.RaftServerConfigKeys (ConfUtils.java:logGet(46)) - raft.server.log.preallocated.size = 4194304 (custom)
2023-12-19 18:18:01,716 [cc2d5096-cbf7-4b7f-9694-9910b4c75033-groupManagement] INFO  server.RaftServerConfigKeys (ConfUtils.java:logGet(46)) - raft.server.log.force.sync.num = 128 (default)
2023-12-19 18:18:01,716 [cc2d5096-cbf7-4b7f-9694-9910b4c75033-groupManagement] INFO  server.RaftServerConfigKeys (ConfUtils.java:logGet(46)) - raft.server.log.statemachine.data.sync = true (default)
2023-12-19 18:18:01,716 [cc2d5096-cbf7-4b7f-9694-9910b4c75033-groupManagement] INFO  server.RaftServerConfigKeys (ConfUtils.java:logGet(46)) - raft.server.log.statemachine.data.sync.timeout = 10s (default)
2023-12-19 18:18:01,716 [cc2d5096-cbf7-4b7f-9694-9910b4c75033-groupManagement] INFO  server.RaftServerConfigKeys (ConfUtils.java:logGet(46)) - raft.server.log.statemachine.data.sync.timeout.retry = 0 (custom)
2023-12-19 18:18:01,715 [c27b4a8c-9932-4b8f-bf34-353c967d0ecc-groupManagement] INFO  server.RaftServerConfigKeys (ConfUtils.java:logGet(46)) - raft.server.snapshot.trigger-when-stop.enabled = true (default)
2023-12-19 18:18:01,716 [c27b4a8c-9932-4b8f-bf34-353c967d0ecc-groupManagement] INFO  server.RaftServerConfigKeys (ConfUtils.java:logGet(46)) - raft.server.snapshot.auto.trigger.enabled = true (custom)
2023-12-19 18:18:01,716 [c27b4a8c-9932-4b8f-bf34-353c967d0ecc-groupManagement] INFO  server.RaftServerConfigKeys (ConfUtils.java:logGet(46)) - raft.server.snapshot.auto.trigger.threshold = 10000 (custom)
2023-12-19 18:18:01,716 [c27b4a8c-9932-4b8f-bf34-353c967d0ecc-groupManagement] INFO  server.RaftServerConfigKeys (ConfUtils.java:logGet(46)) - raft.server.snapshot.retention.file.num = 5 (custom)
2023-12-19 18:18:01,716 [c27b4a8c-9932-4b8f-bf34-353c967d0ecc-groupManagement] INFO  server.RaftServerConfigKeys (ConfUtils.java:logGet(46)) - raft.server.log.purge.upto.snapshot.index = false (default)
2023-12-19 18:18:01,716 [8a9232c4-f36b-4377-b9ad-83954010d1e2-groupManagement] INFO  util.AwaitToRun (AwaitToRun.java:start(81)) - Thread[8a9232c4-f36b-4377-b9ad-83954010d1e2@group-5317640DA993-cacheEviction-AwaitToRun,5,main] started
2023-12-19 18:18:01,716 [8a9232c4-f36b-4377-b9ad-83954010d1e2-groupManagement] INFO  segmented.SegmentedRaftLogWorker (SegmentedRaftLogWorker.java:<init>(184)) - new 8a9232c4-f36b-4377-b9ad-83954010d1e2@group-5317640DA993-SegmentedRaftLogWorker for RaftStorageImpl:Storage Directory /home/runner/work/ozone/ozone/hadoop-ozone/integration-test/target/test-dir/MiniOzoneClusterImpl-c3f67427-b36b-4ee4-bde0-91623ce58163/datanode-8/data/ratis/de29617a-44cb-4353-a789-5317640da993
2023-12-19 18:18:01,716 [8a9232c4-f36b-4377-b9ad-83954010d1e2-groupManagement] INFO  server.RaftServerConfigKeys (ConfUtils.java:logGet(46)) - raft.server.log.queue.byte-limit = 4294967296 (custom)
2023-12-19 18:18:01,717 [8a9232c4-f36b-4377-b9ad-83954010d1e2-groupManagement] INFO  server.RaftServerConfigKeys (ConfUtils.java:logGet(46)) - raft.server.log.queue.element-limit = 1024 (custom)
2023-12-19 18:18:01,717 [8a9232c4-f36b-4377-b9ad-83954010d1e2-groupManagement] INFO  server.RaftServerConfigKeys (ConfUtils.java:logGet(46)) - raft.server.log.segment.size.max = 67108864 (custom)
2023-12-19 18:18:01,717 [8a9232c4-f36b-4377-b9ad-83954010d1e2-groupManagement] INFO  server.RaftServerConfigKeys (ConfUtils.java:logGet(46)) - raft.server.log.preallocated.size = 4194304 (custom)
2023-12-19 18:18:01,717 [8a9232c4-f36b-4377-b9ad-83954010d1e2-groupManagement] INFO  server.RaftServerConfigKeys (ConfUtils.java:logGet(46)) - raft.server.log.force.sync.num = 128 (default)
2023-12-19 18:18:01,717 [8a9232c4-f36b-4377-b9ad-83954010d1e2-groupManagement] INFO  server.RaftServerConfigKeys (ConfUtils.java:logGet(46)) - raft.server.log.statemachine.data.sync = true (default)
2023-12-19 18:18:01,718 [8a9232c4-f36b-4377-b9ad-83954010d1e2-groupManagement] INFO  server.RaftServerConfigKeys (ConfUtils.java:logGet(46)) - raft.server.log.statemachine.data.sync.timeout = 10s (default)
2023-12-19 18:18:01,718 [8a9232c4-f36b-4377-b9ad-83954010d1e2-groupManagement] INFO  server.RaftServerConfigKeys (ConfUtils.java:logGet(46)) - raft.server.log.statemachine.data.sync.timeout.retry = 0 (custom)
2023-12-19 18:18:01,718 [93d2edcd-6a6f-4cb3-ab2d-c0ab5a0bb6d7-groupManagement] INFO  util.AwaitToRun (AwaitToRun.java:start(81)) - Thread[93d2edcd-6a6f-4cb3-ab2d-c0ab5a0bb6d7@group-5317640DA993-cacheEviction-AwaitToRun,5,main] started
2023-12-19 18:18:01,718 [93d2edcd-6a6f-4cb3-ab2d-c0ab5a0bb6d7-groupManagement] INFO  segmented.SegmentedRaftLogWorker (SegmentedRaftLogWorker.java:<init>(184)) - new 93d2edcd-6a6f-4cb3-ab2d-c0ab5a0bb6d7@group-5317640DA993-SegmentedRaftLogWorker for RaftStorageImpl:Storage Directory /home/runner/work/ozone/ozone/hadoop-ozone/integration-test/target/test-dir/MiniOzoneClusterImpl-c3f67427-b36b-4ee4-bde0-91623ce58163/datanode-7/data/ratis/de29617a-44cb-4353-a789-5317640da993
2023-12-19 18:18:01,718 [93d2edcd-6a6f-4cb3-ab2d-c0ab5a0bb6d7-groupManagement] INFO  server.RaftServerConfigKeys (ConfUtils.java:logGet(46)) - raft.server.log.queue.byte-limit = 4294967296 (custom)
2023-12-19 18:18:01,718 [93d2edcd-6a6f-4cb3-ab2d-c0ab5a0bb6d7-groupManagement] INFO  server.RaftServerConfigKeys (ConfUtils.java:logGet(46)) - raft.server.log.queue.element-limit = 1024 (custom)
2023-12-19 18:18:01,718 [93d2edcd-6a6f-4cb3-ab2d-c0ab5a0bb6d7-groupManagement] INFO  server.RaftServerConfigKeys (ConfUtils.java:logGet(46)) - raft.server.log.segment.size.max = 67108864 (custom)
2023-12-19 18:18:01,719 [93d2edcd-6a6f-4cb3-ab2d-c0ab5a0bb6d7-groupManagement] INFO  server.RaftServerConfigKeys (ConfUtils.java:logGet(46)) - raft.server.log.preallocated.size = 4194304 (custom)
2023-12-19 18:18:01,719 [93d2edcd-6a6f-4cb3-ab2d-c0ab5a0bb6d7-groupManagement] INFO  server.RaftServerConfigKeys (ConfUtils.java:logGet(46)) - raft.server.log.force.sync.num = 128 (default)
2023-12-19 18:18:01,719 [93d2edcd-6a6f-4cb3-ab2d-c0ab5a0bb6d7-groupManagement] INFO  server.RaftServerConfigKeys (ConfUtils.java:logGet(46)) - raft.server.log.statemachine.data.sync = true (default)
2023-12-19 18:18:01,719 [93d2edcd-6a6f-4cb3-ab2d-c0ab5a0bb6d7-groupManagement] INFO  server.RaftServerConfigKeys (ConfUtils.java:logGet(46)) - raft.server.log.statemachine.data.sync.timeout = 10s (default)
2023-12-19 18:18:01,719 [93d2edcd-6a6f-4cb3-ab2d-c0ab5a0bb6d7-groupManagement] INFO  server.RaftServerConfigKeys (ConfUtils.java:logGet(46)) - raft.server.log.statemachine.data.sync.timeout.retry = 0 (custom)
2023-12-19 18:18:01,722 [cc2d5096-cbf7-4b7f-9694-9910b4c75033-groupManagement] INFO  server.RaftServerConfigKeys (ConfUtils.java:logGet(46)) - raft.server.log.write.buffer.size = 8388616 (custom)
2023-12-19 18:18:01,723 [cc2d5096-cbf7-4b7f-9694-9910b4c75033-groupManagement] INFO  server.RaftServerConfigKeys (ConfUtils.java:logGet(46)) - raft.server.log.appender.buffer.byte-limit = 8388608 (custom)
2023-12-19 18:18:01,724 [cc2d5096-cbf7-4b7f-9694-9910b4c75033-groupManagement] INFO  server.RaftServerConfigKeys (ConfUtils.java:logGet(46)) - raft.server.log.unsafe-flush.enabled = false (default)
2023-12-19 18:18:01,724 [cc2d5096-cbf7-4b7f-9694-9910b4c75033-groupManagement] INFO  server.RaftServerConfigKeys (ConfUtils.java:logGet(46)) - raft.server.log.async-flush.enabled = false (default)
2023-12-19 18:18:01,724 [cc2d5096-cbf7-4b7f-9694-9910b4c75033-groupManagement] INFO  server.RaftServerConfigKeys (ConfUtils.java:logGet(46)) - raft.server.log.statemachine.data.caching.enabled = true (custom)
2023-12-19 18:18:01,724 [cc2d5096-cbf7-4b7f-9694-9910b4c75033-groupManagement] INFO  segmented.SegmentedRaftLogWorker (SegmentedRaftLogWorker.java:lambda$new$0(135)) - cc2d5096-cbf7-4b7f-9694-9910b4c75033@group-5317640DA993-SegmentedRaftLogWorker: flushIndex: setUnconditionally 0 -> -1
2023-12-19 18:18:01,724 [cc2d5096-cbf7-4b7f-9694-9910b4c75033-groupManagement] INFO  segmented.SegmentedRaftLogWorker (SegmentedRaftLogWorker.java:lambda$new$0(135)) - cc2d5096-cbf7-4b7f-9694-9910b4c75033@group-5317640DA993-SegmentedRaftLogWorker: safeCacheEvictIndex: setUnconditionally 0 -> -1
2023-12-19 18:18:01,724 [cc2d5096-cbf7-4b7f-9694-9910b4c75033-groupManagement] INFO  server.RaftServer$Division (RaftServerImpl.java:start(392)) - cc2d5096-cbf7-4b7f-9694-9910b4c75033@group-5317640DA993: start as a follower, conf=-1: peers:[93d2edcd-6a6f-4cb3-ab2d-c0ab5a0bb6d7|10.1.0.19:15077, 8a9232c4-f36b-4377-b9ad-83954010d1e2|10.1.0.19:15086, cc2d5096-cbf7-4b7f-9694-9910b4c75033|10.1.0.19:15068]|listeners:[], old=null
2023-12-19 18:18:01,724 [cc2d5096-cbf7-4b7f-9694-9910b4c75033-groupManagement] INFO  server.RaftServer$Division (RaftServerImpl.java:setRole(379)) - cc2d5096-cbf7-4b7f-9694-9910b4c75033@group-5317640DA993: changes role from      null to FOLLOWER at term 0 for startAsFollower
2023-12-19 18:18:01,725 [cc2d5096-cbf7-4b7f-9694-9910b4c75033-groupManagement] INFO  impl.RoleInfo (RoleInfo.java:updateAndGet(139)) - cc2d5096-cbf7-4b7f-9694-9910b4c75033: start cc2d5096-cbf7-4b7f-9694-9910b4c75033@group-5317640DA993-FollowerState
2023-12-19 18:18:01,725 [8a9232c4-f36b-4377-b9ad-83954010d1e2-groupManagement] INFO  server.RaftServerConfigKeys (ConfUtils.java:logGet(46)) - raft.server.log.write.buffer.size = 8388616 (custom)
2023-12-19 18:18:01,727 [8a9232c4-f36b-4377-b9ad-83954010d1e2-groupManagement] INFO  server.RaftServerConfigKeys (ConfUtils.java:logGet(46)) - raft.server.log.appender.buffer.byte-limit = 8388608 (custom)
2023-12-19 18:18:01,727 [8a9232c4-f36b-4377-b9ad-83954010d1e2-groupManagement] INFO  server.RaftServerConfigKeys (ConfUtils.java:logGet(46)) - raft.server.log.unsafe-flush.enabled = false (default)
2023-12-19 18:18:01,727 [8a9232c4-f36b-4377-b9ad-83954010d1e2-groupManagement] INFO  server.RaftServerConfigKeys (ConfUtils.java:logGet(46)) - raft.server.log.async-flush.enabled = false (default)
2023-12-19 18:18:01,727 [8a9232c4-f36b-4377-b9ad-83954010d1e2-groupManagement] INFO  server.RaftServerConfigKeys (ConfUtils.java:logGet(46)) - raft.server.log.statemachine.data.caching.enabled = true (custom)
2023-12-19 18:18:01,727 [8a9232c4-f36b-4377-b9ad-83954010d1e2-groupManagement] INFO  segmented.SegmentedRaftLogWorker (SegmentedRaftLogWorker.java:lambda$new$0(135)) - 8a9232c4-f36b-4377-b9ad-83954010d1e2@group-5317640DA993-SegmentedRaftLogWorker: flushIndex: setUnconditionally 0 -> -1
2023-12-19 18:18:01,727 [8a9232c4-f36b-4377-b9ad-83954010d1e2-groupManagement] INFO  segmented.SegmentedRaftLogWorker (SegmentedRaftLogWorker.java:lambda$new$0(135)) - 8a9232c4-f36b-4377-b9ad-83954010d1e2@group-5317640DA993-SegmentedRaftLogWorker: safeCacheEvictIndex: setUnconditionally 0 -> -1
2023-12-19 18:18:01,728 [93d2edcd-6a6f-4cb3-ab2d-c0ab5a0bb6d7-groupManagement] INFO  server.RaftServerConfigKeys (ConfUtils.java:logGet(46)) - raft.server.log.write.buffer.size = 8388616 (custom)
2023-12-19 18:18:01,729 [cc2d5096-cbf7-4b7f-9694-9910b4c75033@group-5317640DA993-FollowerState] INFO  server.RaftServerConfigKeys (ConfUtils.java:logFallback(53)) - raft.server.rpc.first-election.timeout.min = 5s (fallback to raft.server.rpc.timeout.min)
2023-12-19 18:18:01,729 [cc2d5096-cbf7-4b7f-9694-9910b4c75033@group-5317640DA993-FollowerState] INFO  server.RaftServerConfigKeys (ConfUtils.java:logFallback(53)) - raft.server.rpc.first-election.timeout.max = 5200ms (fallback to raft.server.rpc.timeout.max)
2023-12-19 18:18:01,730 [93d2edcd-6a6f-4cb3-ab2d-c0ab5a0bb6d7-groupManagement] INFO  server.RaftServerConfigKeys (ConfUtils.java:logGet(46)) - raft.server.log.appender.buffer.byte-limit = 8388608 (custom)
2023-12-19 18:18:01,730 [93d2edcd-6a6f-4cb3-ab2d-c0ab5a0bb6d7-groupManagement] INFO  server.RaftServerConfigKeys (ConfUtils.java:logGet(46)) - raft.server.log.unsafe-flush.enabled = false (default)
2023-12-19 18:18:01,730 [93d2edcd-6a6f-4cb3-ab2d-c0ab5a0bb6d7-groupManagement] INFO  server.RaftServerConfigKeys (ConfUtils.java:logGet(46)) - raft.server.log.async-flush.enabled = false (default)
2023-12-19 18:18:01,730 [93d2edcd-6a6f-4cb3-ab2d-c0ab5a0bb6d7-groupManagement] INFO  server.RaftServerConfigKeys (ConfUtils.java:logGet(46)) - raft.server.log.statemachine.data.caching.enabled = true (custom)
2023-12-19 18:18:01,730 [93d2edcd-6a6f-4cb3-ab2d-c0ab5a0bb6d7-groupManagement] INFO  segmented.SegmentedRaftLogWorker (SegmentedRaftLogWorker.java:lambda$new$0(135)) - 93d2edcd-6a6f-4cb3-ab2d-c0ab5a0bb6d7@group-5317640DA993-SegmentedRaftLogWorker: flushIndex: setUnconditionally 0 -> -1
2023-12-19 18:18:01,730 [93d2edcd-6a6f-4cb3-ab2d-c0ab5a0bb6d7-groupManagement] INFO  segmented.SegmentedRaftLogWorker (SegmentedRaftLogWorker.java:lambda$new$0(135)) - 93d2edcd-6a6f-4cb3-ab2d-c0ab5a0bb6d7@group-5317640DA993-SegmentedRaftLogWorker: safeCacheEvictIndex: setUnconditionally 0 -> -1
2023-12-19 18:18:01,731 [c27b4a8c-9932-4b8f-bf34-353c967d0ecc-PipelineCommandHandlerThread-0] INFO  ratis.XceiverServerRatis (XceiverServerRatis.java:addGroup(837)) - Created group PipelineID=20585b8c-633c-41dc-806a-9ffaaa1d27bf
2023-12-19 18:18:01,731 [a90b24a4-d9f8-4f3b-8812-3b02ea4f687f-groupManagement] INFO  server.RaftServerConfigKeys (ConfUtils.java:logGet(46)) - raft.server.rpc.request.timeout = 60s (custom)
2023-12-19 18:18:01,731 [a90b24a4-d9f8-4f3b-8812-3b02ea4f687f-groupManagement] INFO  server.RaftServerConfigKeys (ConfUtils.java:logGet(46)) - raft.server.log.appender.install.snapshot.enabled = false (custom)
2023-12-19 18:18:01,732 [96747d66-d354-4c6c-881c-c96368b263cb-groupManagement] INFO  server.RaftServerConfigKeys (ConfUtils.java:logGet(46)) - raft.server.rpc.request.timeout = 60s (custom)
2023-12-19 18:18:01,732 [96747d66-d354-4c6c-881c-c96368b263cb-groupManagement] INFO  server.RaftServerConfigKeys (ConfUtils.java:logGet(46)) - raft.server.log.appender.install.snapshot.enabled = false (custom)
2023-12-19 18:18:01,732 [96747d66-d354-4c6c-881c-c96368b263cb-groupManagement] INFO  server.RaftServerConfigKeys (ConfUtils.java:logGet(46)) - raft.server.threadpool.server.cached = true (default)
2023-12-19 18:18:01,732 [96747d66-d354-4c6c-881c-c96368b263cb-groupManagement] INFO  server.RaftServerConfigKeys (ConfUtils.java:logGet(46)) - raft.server.threadpool.server.size = 0 (default)
2023-12-19 18:18:01,732 [96747d66-d354-4c6c-881c-c96368b263cb-groupManagement] INFO  server.RaftServerConfigKeys (ConfUtils.java:logGet(46)) - raft.server.threadpool.client.cached = true (default)
2023-12-19 18:18:01,732 [96747d66-d354-4c6c-881c-c96368b263cb-groupManagement] INFO  server.RaftServerConfigKeys (ConfUtils.java:logGet(46)) - raft.server.threadpool.client.size = 0 (default)
2023-12-19 18:18:01,732 [96747d66-d354-4c6c-881c-c96368b263cb-groupManagement] INFO  server.RaftServerConfigKeys (ConfUtils.java:logGet(46)) - raft.server.storage.free-space.min = 0MB (=0) (default)
2023-12-19 18:18:01,732 [96747d66-d354-4c6c-881c-c96368b263cb-groupManagement] INFO  server.RaftServerConfigKeys (ConfUtils.java:logGet(46)) - raft.server.log.corruption.policy = EXCEPTION (default)
2023-12-19 18:18:01,732 [96747d66-d354-4c6c-881c-c96368b263cb-groupManagement] INFO  server.RaftServerConfigKeys (ConfUtils.java:logGet(46)) - raft.server.storage.dir = [/home/runner/work/ozone/ozone/hadoop-ozone/integration-test/target/test-dir/MiniOzoneClusterImpl-c3f67427-b36b-4ee4-bde0-91623ce58163/datanode-13/data/ratis] (custom)
2023-12-19 18:18:01,733 [96747d66-d354-4c6c-881c-c96368b263cb-groupManagement] INFO  storage.RaftStorageDirectory (RaftStorageDirectoryImpl.java:analyzeStorage(138)) - The storage directory /home/runner/work/ozone/ozone/hadoop-ozone/integration-test/target/test-dir/MiniOzoneClusterImpl-c3f67427-b36b-4ee4-bde0-91623ce58163/datanode-13/data/ratis/efdf0425-d99e-49c9-8b1f-d1e2c38a56ff does not exist. Creating ...
2023-12-19 18:18:01,733 [cc2d5096-cbf7-4b7f-9694-9910b4c75033-groupManagement] INFO  util.JmxRegister (JmxRegister.java:tryRegister(44)) - Successfully registered JMX Bean with object name Ratis:service=RaftServer,group=group-5317640DA993,id=cc2d5096-cbf7-4b7f-9694-9910b4c75033
2023-12-19 18:18:01,733 [cc2d5096-cbf7-4b7f-9694-9910b4c75033-groupManagement] INFO  server.RaftServerConfigKeys (ConfUtils.java:logGet(46)) - raft.server.snapshot.trigger-when-stop.enabled = true (default)
2023-12-19 18:18:01,733 [cc2d5096-cbf7-4b7f-9694-9910b4c75033-groupManagement] INFO  server.RaftServerConfigKeys (ConfUtils.java:logGet(46)) - raft.server.snapshot.auto.trigger.enabled = true (custom)
2023-12-19 18:18:01,733 [cc2d5096-cbf7-4b7f-9694-9910b4c75033-groupManagement] INFO  server.RaftServerConfigKeys (ConfUtils.java:logGet(46)) - raft.server.snapshot.auto.trigger.threshold = 10000 (custom)
2023-12-19 18:18:01,733 [cc2d5096-cbf7-4b7f-9694-9910b4c75033-groupManagement] INFO  server.RaftServerConfigKeys (ConfUtils.java:logGet(46)) - raft.server.snapshot.retention.file.num = 5 (custom)
2023-12-19 18:18:01,733 [cc2d5096-cbf7-4b7f-9694-9910b4c75033-groupManagement] INFO  server.RaftServerConfigKeys (ConfUtils.java:logGet(46)) - raft.server.log.purge.upto.snapshot.index = false (default)
2023-12-19 18:18:01,734 [8a9232c4-f36b-4377-b9ad-83954010d1e2-groupManagement] INFO  server.RaftServer$Division (RaftServerImpl.java:start(392)) - 8a9232c4-f36b-4377-b9ad-83954010d1e2@group-5317640DA993: start as a follower, conf=-1: peers:[93d2edcd-6a6f-4cb3-ab2d-c0ab5a0bb6d7|10.1.0.19:15077, 8a9232c4-f36b-4377-b9ad-83954010d1e2|10.1.0.19:15086, cc2d5096-cbf7-4b7f-9694-9910b4c75033|10.1.0.19:15068]|listeners:[], old=null
2023-12-19 18:18:01,734 [8a9232c4-f36b-4377-b9ad-83954010d1e2-groupManagement] INFO  server.RaftServer$Division (RaftServerImpl.java:setRole(379)) - 8a9232c4-f36b-4377-b9ad-83954010d1e2@group-5317640DA993: changes role from      null to FOLLOWER at term 0 for startAsFollower
2023-12-19 18:18:01,734 [8a9232c4-f36b-4377-b9ad-83954010d1e2-groupManagement] INFO  impl.RoleInfo (RoleInfo.java:updateAndGet(139)) - 8a9232c4-f36b-4377-b9ad-83954010d1e2: start 8a9232c4-f36b-4377-b9ad-83954010d1e2@group-5317640DA993-FollowerState
2023-12-19 18:18:01,734 [8a9232c4-f36b-4377-b9ad-83954010d1e2-groupManagement] INFO  util.JmxRegister (JmxRegister.java:tryRegister(44)) - Successfully registered JMX Bean with object name Ratis:service=RaftServer,group=group-5317640DA993,id=8a9232c4-f36b-4377-b9ad-83954010d1e2
2023-12-19 18:18:01,735 [8a9232c4-f36b-4377-b9ad-83954010d1e2-groupManagement] INFO  server.RaftServerConfigKeys (ConfUtils.java:logGet(46)) - raft.server.snapshot.trigger-when-stop.enabled = true (default)
2023-12-19 18:18:01,735 [8a9232c4-f36b-4377-b9ad-83954010d1e2-groupManagement] INFO  server.RaftServerConfigKeys (ConfUtils.java:logGet(46)) - raft.server.snapshot.auto.trigger.enabled = true (custom)
2023-12-19 18:18:01,735 [8a9232c4-f36b-4377-b9ad-83954010d1e2-groupManagement] INFO  server.RaftServerConfigKeys (ConfUtils.java:logGet(46)) - raft.server.snapshot.auto.trigger.threshold = 10000 (custom)
2023-12-19 18:18:01,735 [8a9232c4-f36b-4377-b9ad-83954010d1e2-groupManagement] INFO  server.RaftServerConfigKeys (ConfUtils.java:logGet(46)) - raft.server.snapshot.retention.file.num = 5 (custom)
2023-12-19 18:18:01,735 [8a9232c4-f36b-4377-b9ad-83954010d1e2-groupManagement] INFO  server.RaftServerConfigKeys (ConfUtils.java:logGet(46)) - raft.server.log.purge.upto.snapshot.index = false (default)
2023-12-19 18:18:01,734 [8a9232c4-f36b-4377-b9ad-83954010d1e2@group-5317640DA993-FollowerState] INFO  server.RaftServerConfigKeys (ConfUtils.java:logFallback(53)) - raft.server.rpc.first-election.timeout.min = 5s (fallback to raft.server.rpc.timeout.min)
2023-12-19 18:18:01,736 [96747d66-d354-4c6c-881c-c96368b263cb-groupManagement] INFO  storage.RaftStorageDirectory (RaftStorageDirectoryImpl.java:tryLock(232)) - Lock on /home/runner/work/ozone/ozone/hadoop-ozone/integration-test/target/test-dir/MiniOzoneClusterImpl-c3f67427-b36b-4ee4-bde0-91623ce58163/datanode-13/data/ratis/efdf0425-d99e-49c9-8b1f-d1e2c38a56ff/in_use.lock acquired by nodename 34604@fv-az1381-513
2023-12-19 18:18:01,736 [8a9232c4-f36b-4377-b9ad-83954010d1e2@group-5317640DA993-FollowerState] INFO  server.RaftServerConfigKeys (ConfUtils.java:logFallback(53)) - raft.server.rpc.first-election.timeout.max = 5200ms (fallback to raft.server.rpc.timeout.max)
2023-12-19 18:18:01,737 [93d2edcd-6a6f-4cb3-ab2d-c0ab5a0bb6d7-groupManagement] INFO  server.RaftServer$Division (RaftServerImpl.java:start(392)) - 93d2edcd-6a6f-4cb3-ab2d-c0ab5a0bb6d7@group-5317640DA993: start as a follower, conf=-1: peers:[93d2edcd-6a6f-4cb3-ab2d-c0ab5a0bb6d7|10.1.0.19:15077, 8a9232c4-f36b-4377-b9ad-83954010d1e2|10.1.0.19:15086, cc2d5096-cbf7-4b7f-9694-9910b4c75033|10.1.0.19:15068]|listeners:[], old=null
2023-12-19 18:18:01,737 [93d2edcd-6a6f-4cb3-ab2d-c0ab5a0bb6d7-groupManagement] INFO  server.RaftServer$Division (RaftServerImpl.java:setRole(379)) - 93d2edcd-6a6f-4cb3-ab2d-c0ab5a0bb6d7@group-5317640DA993: changes role from      null to FOLLOWER at term 0 for startAsFollower
2023-12-19 18:18:01,737 [93d2edcd-6a6f-4cb3-ab2d-c0ab5a0bb6d7-groupManagement] INFO  impl.RoleInfo (RoleInfo.java:updateAndGet(139)) - 93d2edcd-6a6f-4cb3-ab2d-c0ab5a0bb6d7: start 93d2edcd-6a6f-4cb3-ab2d-c0ab5a0bb6d7@group-5317640DA993-FollowerState
2023-12-19 18:18:01,737 [7fe801a6-aabd-4c1e-b418-af74b08e6351-groupManagement] INFO  server.RaftServerConfigKeys (ConfUtils.java:logGet(46)) - raft.server.rpc.request.timeout = 60s (custom)
2023-12-19 18:18:01,737 [7fe801a6-aabd-4c1e-b418-af74b08e6351-groupManagement] INFO  server.RaftServerConfigKeys (ConfUtils.java:logGet(46)) - raft.server.log.appender.install.snapshot.enabled = false (custom)
2023-12-19 18:18:01,737 [7fe801a6-aabd-4c1e-b418-af74b08e6351-groupManagement] INFO  server.RaftServerConfigKeys (ConfUtils.java:logGet(46)) - raft.server.threadpool.server.cached = true (default)
2023-12-19 18:18:01,738 [7fe801a6-aabd-4c1e-b418-af74b08e6351-groupManagement] INFO  server.RaftServerConfigKeys (ConfUtils.java:logGet(46)) - raft.server.threadpool.server.size = 0 (default)
2023-12-19 18:18:01,738 [7fe801a6-aabd-4c1e-b418-af74b08e6351-groupManagement] INFO  server.RaftServerConfigKeys (ConfUtils.java:logGet(46)) - raft.server.threadpool.client.cached = true (default)
2023-12-19 18:18:01,738 [7fe801a6-aabd-4c1e-b418-af74b08e6351-groupManagement] INFO  server.RaftServerConfigKeys (ConfUtils.java:logGet(46)) - raft.server.threadpool.client.size = 0 (default)
2023-12-19 18:18:01,738 [96747d66-d354-4c6c-881c-c96368b263cb-groupManagement] INFO  storage.RaftStorage (RaftStorageImpl.java:format(97)) - Storage directory /home/runner/work/ozone/ozone/hadoop-ozone/integration-test/target/test-dir/MiniOzoneClusterImpl-c3f67427-b36b-4ee4-bde0-91623ce58163/datanode-13/data/ratis/efdf0425-d99e-49c9-8b1f-d1e2c38a56ff has been successfully formatted.
2023-12-19 18:18:01,738 [7fe801a6-aabd-4c1e-b418-af74b08e6351-groupManagement] INFO  server.RaftServerConfigKeys (ConfUtils.java:logGet(46)) - raft.server.storage.free-space.min = 0MB (=0) (default)
2023-12-19 18:18:01,738 [7fe801a6-aabd-4c1e-b418-af74b08e6351-groupManagement] INFO  server.RaftServerConfigKeys (ConfUtils.java:logGet(46)) - raft.server.log.corruption.policy = EXCEPTION (default)
2023-12-19 18:18:01,738 [a90b24a4-d9f8-4f3b-8812-3b02ea4f687f-groupManagement] INFO  server.RaftServerConfigKeys (ConfUtils.java:logGet(46)) - raft.server.threadpool.server.cached = true (default)
2023-12-19 18:18:01,738 [a90b24a4-d9f8-4f3b-8812-3b02ea4f687f-groupManagement] INFO  server.RaftServerConfigKeys (ConfUtils.java:logGet(46)) - raft.server.threadpool.server.size = 0 (default)
2023-12-19 18:18:01,738 [a90b24a4-d9f8-4f3b-8812-3b02ea4f687f-groupManagement] INFO  server.RaftServerConfigKeys (ConfUtils.java:logGet(46)) - raft.server.threadpool.client.cached = true (default)
2023-12-19 18:18:01,738 [a90b24a4-d9f8-4f3b-8812-3b02ea4f687f-groupManagement] INFO  server.RaftServerConfigKeys (ConfUtils.java:logGet(46)) - raft.server.threadpool.client.size = 0 (default)
2023-12-19 18:18:01,739 [a90b24a4-d9f8-4f3b-8812-3b02ea4f687f-groupManagement] INFO  server.RaftServerConfigKeys (ConfUtils.java:logGet(46)) - raft.server.storage.free-space.min = 0MB (=0) (default)
2023-12-19 18:18:01,739 [a90b24a4-d9f8-4f3b-8812-3b02ea4f687f-groupManagement] INFO  server.RaftServerConfigKeys (ConfUtils.java:logGet(46)) - raft.server.log.corruption.policy = EXCEPTION (default)
2023-12-19 18:18:01,739 [a90b24a4-d9f8-4f3b-8812-3b02ea4f687f-groupManagement] INFO  server.RaftServerConfigKeys (ConfUtils.java:logGet(46)) - raft.server.storage.dir = [/home/runner/work/ozone/ozone/hadoop-ozone/integration-test/target/test-dir/MiniOzoneClusterImpl-c3f67427-b36b-4ee4-bde0-91623ce58163/datanode-10/data/ratis] (custom)
2023-12-19 18:18:01,739 [a90b24a4-d9f8-4f3b-8812-3b02ea4f687f-groupManagement] INFO  storage.RaftStorageDirectory (RaftStorageDirectoryImpl.java:analyzeStorage(138)) - The storage directory /home/runner/work/ozone/ozone/hadoop-ozone/integration-test/target/test-dir/MiniOzoneClusterImpl-c3f67427-b36b-4ee4-bde0-91623ce58163/datanode-10/data/ratis/de160eb7-3d62-4127-a30b-c5b5555f532b does not exist. Creating ...
2023-12-19 18:18:01,739 [7fe801a6-aabd-4c1e-b418-af74b08e6351-groupManagement] INFO  server.RaftServerConfigKeys (ConfUtils.java:logGet(46)) - raft.server.storage.dir = [/home/runner/work/ozone/ozone/hadoop-ozone/integration-test/target/test-dir/MiniOzoneClusterImpl-c3f67427-b36b-4ee4-bde0-91623ce58163/datanode-9/data/ratis] (custom)
2023-12-19 18:18:01,739 [7fe801a6-aabd-4c1e-b418-af74b08e6351-groupManagement] INFO  storage.RaftStorageDirectory (RaftStorageDirectoryImpl.java:analyzeStorage(138)) - The storage directory /home/runner/work/ozone/ozone/hadoop-ozone/integration-test/target/test-dir/MiniOzoneClusterImpl-c3f67427-b36b-4ee4-bde0-91623ce58163/datanode-9/data/ratis/de160eb7-3d62-4127-a30b-c5b5555f532b does not exist. Creating ...
2023-12-19 18:18:01,740 [93d2edcd-6a6f-4cb3-ab2d-c0ab5a0bb6d7-groupManagement] INFO  util.JmxRegister (JmxRegister.java:tryRegister(44)) - Successfully registered JMX Bean with object name Ratis:service=RaftServer,group=group-5317640DA993,id=93d2edcd-6a6f-4cb3-ab2d-c0ab5a0bb6d7
2023-12-19 18:18:01,740 [93d2edcd-6a6f-4cb3-ab2d-c0ab5a0bb6d7-groupManagement] INFO  server.RaftServerConfigKeys (ConfUtils.java:logGet(46)) - raft.server.snapshot.trigger-when-stop.enabled = true (default)
2023-12-19 18:18:01,740 [93d2edcd-6a6f-4cb3-ab2d-c0ab5a0bb6d7-groupManagement] INFO  server.RaftServerConfigKeys (ConfUtils.java:logGet(46)) - raft.server.snapshot.auto.trigger.enabled = true (custom)
2023-12-19 18:18:01,740 [93d2edcd-6a6f-4cb3-ab2d-c0ab5a0bb6d7-groupManagement] INFO  server.RaftServerConfigKeys (ConfUtils.java:logGet(46)) - raft.server.snapshot.auto.trigger.threshold = 10000 (custom)
2023-12-19 18:18:01,740 [93d2edcd-6a6f-4cb3-ab2d-c0ab5a0bb6d7-groupManagement] INFO  server.RaftServerConfigKeys (ConfUtils.java:logGet(46)) - raft.server.snapshot.retention.file.num = 5 (custom)
2023-12-19 18:18:01,740 [93d2edcd-6a6f-4cb3-ab2d-c0ab5a0bb6d7-groupManagement] INFO  server.RaftServerConfigKeys (ConfUtils.java:logGet(46)) - raft.server.log.purge.upto.snapshot.index = false (default)
2023-12-19 18:18:01,741 [a90b24a4-d9f8-4f3b-8812-3b02ea4f687f-groupManagement] INFO  storage.RaftStorageDirectory (RaftStorageDirectoryImpl.java:tryLock(232)) - Lock on /home/runner/work/ozone/ozone/hadoop-ozone/integration-test/target/test-dir/MiniOzoneClusterImpl-c3f67427-b36b-4ee4-bde0-91623ce58163/datanode-10/data/ratis/de160eb7-3d62-4127-a30b-c5b5555f532b/in_use.lock acquired by nodename 34604@fv-az1381-513
2023-12-19 18:18:01,742 [93d2edcd-6a6f-4cb3-ab2d-c0ab5a0bb6d7@group-5317640DA993-FollowerState] INFO  server.RaftServerConfigKeys (ConfUtils.java:logFallback(53)) - raft.server.rpc.first-election.timeout.min = 5s (fallback to raft.server.rpc.timeout.min)
2023-12-19 18:18:01,742 [93d2edcd-6a6f-4cb3-ab2d-c0ab5a0bb6d7@group-5317640DA993-FollowerState] INFO  server.RaftServerConfigKeys (ConfUtils.java:logFallback(53)) - raft.server.rpc.first-election.timeout.max = 5200ms (fallback to raft.server.rpc.timeout.max)
2023-12-19 18:18:01,742 [a90b24a4-d9f8-4f3b-8812-3b02ea4f687f-groupManagement] INFO  storage.RaftStorage (RaftStorageImpl.java:format(97)) - Storage directory /home/runner/work/ozone/ozone/hadoop-ozone/integration-test/target/test-dir/MiniOzoneClusterImpl-c3f67427-b36b-4ee4-bde0-91623ce58163/datanode-10/data/ratis/de160eb7-3d62-4127-a30b-c5b5555f532b has been successfully formatted.
2023-12-19 18:18:01,742 [7fe801a6-aabd-4c1e-b418-af74b08e6351-groupManagement] INFO  storage.RaftStorageDirectory (RaftStorageDirectoryImpl.java:tryLock(232)) - Lock on /home/runner/work/ozone/ozone/hadoop-ozone/integration-test/target/test-dir/MiniOzoneClusterImpl-c3f67427-b36b-4ee4-bde0-91623ce58163/datanode-9/data/ratis/de160eb7-3d62-4127-a30b-c5b5555f532b/in_use.lock acquired by nodename 34604@fv-az1381-513
2023-12-19 18:18:01,744 [7fe801a6-aabd-4c1e-b418-af74b08e6351-groupManagement] INFO  storage.RaftStorage (RaftStorageImpl.java:format(97)) - Storage directory /home/runner/work/ozone/ozone/hadoop-ozone/integration-test/target/test-dir/MiniOzoneClusterImpl-c3f67427-b36b-4ee4-bde0-91623ce58163/datanode-9/data/ratis/de160eb7-3d62-4127-a30b-c5b5555f532b has been successfully formatted.
2023-12-19 18:18:01,744 [93d2edcd-6a6f-4cb3-ab2d-c0ab5a0bb6d7-PipelineCommandHandlerThread-0] INFO  ratis.XceiverServerRatis (XceiverServerRatis.java:addGroup(837)) - Created group PipelineID=de29617a-44cb-4353-a789-5317640da993
2023-12-19 18:18:01,749 [cc2d5096-cbf7-4b7f-9694-9910b4c75033-PipelineCommandHandlerThread-0] INFO  ratis.XceiverServerRatis (XceiverServerRatis.java:addGroup(837)) - Created group PipelineID=de29617a-44cb-4353-a789-5317640da993
2023-12-19 18:18:01,749 [7fe801a6-aabd-4c1e-b418-af74b08e6351-groupManagement] INFO  ratis.ContainerStateMachine (ContainerStateMachine.java:loadSnapshot(287)) - group-C5B5555F532B: The snapshot info is null. Setting the last applied indexto:(t:0, i:~)
2023-12-19 18:18:01,749 [7fe801a6-aabd-4c1e-b418-af74b08e6351-groupManagement] INFO  server.RaftServerConfigKeys (ConfUtils.java:logGet(46)) - raft.server.log.use.memory = false (default)
2023-12-19 18:18:01,749 [7fe801a6-aabd-4c1e-b418-af74b08e6351-groupManagement] INFO  server.RaftServerConfigKeys (ConfUtils.java:logGet(46)) - raft.server.log.purge.gap = 1000000 (custom)
2023-12-19 18:18:01,749 [7fe801a6-aabd-4c1e-b418-af74b08e6351-groupManagement] INFO  server.RaftServerConfigKeys (ConfUtils.java:logGet(46)) - raft.server.log.appender.buffer.byte-limit = 8388608 (custom)
2023-12-19 18:18:01,749 [7fe801a6-aabd-4c1e-b418-af74b08e6351-groupManagement] INFO  server.RaftServerConfigKeys (ConfUtils.java:logGet(46)) - raft.server.log.statemachine.data.read.timeout = 1000ms (default)
2023-12-19 18:18:01,749 [7fe801a6-aabd-4c1e-b418-af74b08e6351-groupManagement] INFO  server.RaftServerConfigKeys (ConfUtils.java:logGet(46)) - raft.server.log.purge.preservation.log.num = 0 (default)
2023-12-19 18:18:01,750 [a90b24a4-d9f8-4f3b-8812-3b02ea4f687f-groupManagement] INFO  ratis.ContainerStateMachine (ContainerStateMachine.java:loadSnapshot(287)) - group-C5B5555F532B: The snapshot info is null. Setting the last applied indexto:(t:0, i:~)
2023-12-19 18:18:01,750 [a90b24a4-d9f8-4f3b-8812-3b02ea4f687f-groupManagement] INFO  server.RaftServerConfigKeys (ConfUtils.java:logGet(46)) - raft.server.log.use.memory = false (default)
2023-12-19 18:18:01,750 [a90b24a4-d9f8-4f3b-8812-3b02ea4f687f-groupManagement] INFO  server.RaftServerConfigKeys (ConfUtils.java:logGet(46)) - raft.server.log.purge.gap = 1000000 (custom)
2023-12-19 18:18:01,751 [a90b24a4-d9f8-4f3b-8812-3b02ea4f687f-groupManagement] INFO  server.RaftServerConfigKeys (ConfUtils.java:logGet(46)) - raft.server.log.appender.buffer.byte-limit = 8388608 (custom)
2023-12-19 18:18:01,751 [a90b24a4-d9f8-4f3b-8812-3b02ea4f687f-groupManagement] INFO  server.RaftServerConfigKeys (ConfUtils.java:logGet(46)) - raft.server.log.statemachine.data.read.timeout = 1000ms (default)
2023-12-19 18:18:01,752 [a90b24a4-d9f8-4f3b-8812-3b02ea4f687f-groupManagement] INFO  server.RaftServerConfigKeys (ConfUtils.java:logGet(46)) - raft.server.log.purge.preservation.log.num = 0 (default)
2023-12-19 18:18:01,753 [96747d66-d354-4c6c-881c-c96368b263cb-groupManagement] INFO  ratis.ContainerStateMachine (ContainerStateMachine.java:loadSnapshot(287)) - group-D1E2C38A56FF: The snapshot info is null. Setting the last applied indexto:(t:0, i:~)
2023-12-19 18:18:01,753 [96747d66-d354-4c6c-881c-c96368b263cb-groupManagement] INFO  server.RaftServerConfigKeys (ConfUtils.java:logGet(46)) - raft.server.log.use.memory = false (default)
2023-12-19 18:18:01,753 [96747d66-d354-4c6c-881c-c96368b263cb-groupManagement] INFO  server.RaftServerConfigKeys (ConfUtils.java:logGet(46)) - raft.server.log.purge.gap = 1000000 (custom)
2023-12-19 18:18:01,753 [96747d66-d354-4c6c-881c-c96368b263cb-groupManagement] INFO  server.RaftServerConfigKeys (ConfUtils.java:logGet(46)) - raft.server.log.appender.buffer.byte-limit = 8388608 (custom)
2023-12-19 18:18:01,753 [96747d66-d354-4c6c-881c-c96368b263cb-groupManagement] INFO  server.RaftServerConfigKeys (ConfUtils.java:logGet(46)) - raft.server.log.statemachine.data.read.timeout = 1000ms (default)
2023-12-19 18:18:01,753 [96747d66-d354-4c6c-881c-c96368b263cb-groupManagement] INFO  server.RaftServerConfigKeys (ConfUtils.java:logGet(46)) - raft.server.log.purge.preservation.log.num = 0 (default)
2023-12-19 18:18:01,754 [8a9232c4-f36b-4377-b9ad-83954010d1e2-PipelineCommandHandlerThread-0] INFO  ratis.XceiverServerRatis (XceiverServerRatis.java:addGroup(837)) - Created group PipelineID=de29617a-44cb-4353-a789-5317640da993
2023-12-19 18:18:01,756 [EventQueue-OpenPipelineForHealthyPipelineSafeModeRule] INFO  safemode.SCMSafeModeManager (HealthyPipelineSafeModeRule.java:process(140)) - SCM in safe mode. Healthy pipelines reported count is 0, required healthy pipeline reported count is 1
2023-12-19 18:18:01,757 [EventQueue-PipelineReportForPipelineReportHandler] INFO  pipeline.PipelineReportHandler (PipelineReportHandler.java:processPipelineReport(136)) - Opened pipeline PipelineID=efdf0425-d99e-49c9-8b1f-d1e2c38a56ff
2023-12-19 18:18:01,757 [EventQueue-OpenPipelineForHealthyPipelineSafeModeRule] INFO  safemode.SCMSafeModeManager (HealthyPipelineSafeModeRule.java:process(140)) - SCM in safe mode. Healthy pipelines reported count is 0, required healthy pipeline reported count is 1
2023-12-19 18:18:01,757 [EventQueue-OpenPipelineForHealthyPipelineSafeModeRule] INFO  safemode.SCMSafeModeManager (HealthyPipelineSafeModeRule.java:process(140)) - SCM in safe mode. Healthy pipelines reported count is 0, required healthy pipeline reported count is 1
2023-12-19 18:18:01,766 [7fe801a6-aabd-4c1e-b418-af74b08e6351-groupManagement] INFO  server.RaftServerConfigKeys (ConfUtils.java:logGet(46)) - raft.server.log.segment.size.max = 67108864 (custom)
2023-12-19 18:18:01,777 [7fe801a6-aabd-4c1e-b418-af74b08e6351-groupManagement] INFO  server.RaftServerConfigKeys (ConfUtils.java:logGet(46)) - raft.server.log.segment.cache.num.max = 2 (custom)
2023-12-19 18:18:01,777 [7fe801a6-aabd-4c1e-b418-af74b08e6351-groupManagement] INFO  server.RaftServerConfigKeys (ConfUtils.java:logGet(46)) - raft.server.log.segment.cache.size.max = 200MB (=209715200) (default)
2023-12-19 18:18:01,778 [7fe801a6-aabd-4c1e-b418-af74b08e6351-groupManagement] INFO  server.RaftServerConfigKeys (ConfUtils.java:logGet(46)) - raft.server.log.appender.buffer.byte-limit = 8388608 (custom)
2023-12-19 18:18:01,777 [a90b24a4-d9f8-4f3b-8812-3b02ea4f687f-groupManagement] INFO  server.RaftServerConfigKeys (ConfUtils.java:logGet(46)) - raft.server.log.segment.size.max = 67108864 (custom)
2023-12-19 18:18:01,778 [a90b24a4-d9f8-4f3b-8812-3b02ea4f687f-groupManagement] INFO  server.RaftServerConfigKeys (ConfUtils.java:logGet(46)) - raft.server.log.segment.cache.num.max = 2 (custom)
2023-12-19 18:18:01,778 [a90b24a4-d9f8-4f3b-8812-3b02ea4f687f-groupManagement] INFO  server.RaftServerConfigKeys (ConfUtils.java:logGet(46)) - raft.server.log.segment.cache.size.max = 200MB (=209715200) (default)
2023-12-19 18:18:01,778 [a90b24a4-d9f8-4f3b-8812-3b02ea4f687f-groupManagement] INFO  server.RaftServerConfigKeys (ConfUtils.java:logGet(46)) - raft.server.log.appender.buffer.byte-limit = 8388608 (custom)
2023-12-19 18:18:01,777 [96747d66-d354-4c6c-881c-c96368b263cb-groupManagement] INFO  server.RaftServerConfigKeys (ConfUtils.java:logGet(46)) - raft.server.log.segment.size.max = 67108864 (custom)
2023-12-19 18:18:01,779 [96747d66-d354-4c6c-881c-c96368b263cb-groupManagement] INFO  server.RaftServerConfigKeys (ConfUtils.java:logGet(46)) - raft.server.log.segment.cache.num.max = 2 (custom)
2023-12-19 18:18:01,779 [96747d66-d354-4c6c-881c-c96368b263cb-groupManagement] INFO  server.RaftServerConfigKeys (ConfUtils.java:logGet(46)) - raft.server.log.segment.cache.size.max = 200MB (=209715200) (default)
2023-12-19 18:18:01,779 [96747d66-d354-4c6c-881c-c96368b263cb-groupManagement] INFO  server.RaftServerConfigKeys (ConfUtils.java:logGet(46)) - raft.server.log.appender.buffer.byte-limit = 8388608 (custom)
2023-12-19 18:18:01,785 [96747d66-d354-4c6c-881c-c96368b263cb-groupManagement] INFO  util.AwaitToRun (AwaitToRun.java:start(81)) - Thread[96747d66-d354-4c6c-881c-c96368b263cb@group-D1E2C38A56FF-cacheEviction-AwaitToRun,5,main] started
2023-12-19 18:18:01,785 [a90b24a4-d9f8-4f3b-8812-3b02ea4f687f-groupManagement] INFO  util.AwaitToRun (AwaitToRun.java:start(81)) - Thread[a90b24a4-d9f8-4f3b-8812-3b02ea4f687f@group-C5B5555F532B-cacheEviction-AwaitToRun,5,main] started
2023-12-19 18:18:01,785 [96747d66-d354-4c6c-881c-c96368b263cb-groupManagement] INFO  segmented.SegmentedRaftLogWorker (SegmentedRaftLogWorker.java:<init>(184)) - new 96747d66-d354-4c6c-881c-c96368b263cb@group-D1E2C38A56FF-SegmentedRaftLogWorker for RaftStorageImpl:Storage Directory /home/runner/work/ozone/ozone/hadoop-ozone/integration-test/target/test-dir/MiniOzoneClusterImpl-c3f67427-b36b-4ee4-bde0-91623ce58163/datanode-13/data/ratis/efdf0425-d99e-49c9-8b1f-d1e2c38a56ff
2023-12-19 18:18:01,785 [a90b24a4-d9f8-4f3b-8812-3b02ea4f687f-groupManagement] INFO  segmented.SegmentedRaftLogWorker (SegmentedRaftLogWorker.java:<init>(184)) - new a90b24a4-d9f8-4f3b-8812-3b02ea4f687f@group-C5B5555F532B-SegmentedRaftLogWorker for RaftStorageImpl:Storage Directory /home/runner/work/ozone/ozone/hadoop-ozone/integration-test/target/test-dir/MiniOzoneClusterImpl-c3f67427-b36b-4ee4-bde0-91623ce58163/datanode-10/data/ratis/de160eb7-3d62-4127-a30b-c5b5555f532b
2023-12-19 18:18:01,785 [96747d66-d354-4c6c-881c-c96368b263cb-groupManagement] INFO  server.RaftServerConfigKeys (ConfUtils.java:logGet(46)) - raft.server.log.queue.byte-limit = 4294967296 (custom)
2023-12-19 18:18:01,785 [a90b24a4-d9f8-4f3b-8812-3b02ea4f687f-groupManagement] INFO  server.RaftServerConfigKeys (ConfUtils.java:logGet(46)) - raft.server.log.queue.byte-limit = 4294967296 (custom)
2023-12-19 18:18:01,785 [96747d66-d354-4c6c-881c-c96368b263cb-groupManagement] INFO  server.RaftServerConfigKeys (ConfUtils.java:logGet(46)) - raft.server.log.queue.element-limit = 1024 (custom)
2023-12-19 18:18:01,785 [7fe801a6-aabd-4c1e-b418-af74b08e6351-groupManagement] INFO  util.AwaitToRun (AwaitToRun.java:start(81)) - Thread[7fe801a6-aabd-4c1e-b418-af74b08e6351@group-C5B5555F532B-cacheEviction-AwaitToRun,5,main] started
2023-12-19 18:18:01,786 [a90b24a4-d9f8-4f3b-8812-3b02ea4f687f-groupManagement] INFO  server.RaftServerConfigKeys (ConfUtils.java:logGet(46)) - raft.server.log.queue.element-limit = 1024 (custom)
2023-12-19 18:18:01,786 [7fe801a6-aabd-4c1e-b418-af74b08e6351-groupManagement] INFO  segmented.SegmentedRaftLogWorker (SegmentedRaftLogWorker.java:<init>(184)) - new 7fe801a6-aabd-4c1e-b418-af74b08e6351@group-C5B5555F532B-SegmentedRaftLogWorker for RaftStorageImpl:Storage Directory /home/runner/work/ozone/ozone/hadoop-ozone/integration-test/target/test-dir/MiniOzoneClusterImpl-c3f67427-b36b-4ee4-bde0-91623ce58163/datanode-9/data/ratis/de160eb7-3d62-4127-a30b-c5b5555f532b
2023-12-19 18:18:01,786 [a90b24a4-d9f8-4f3b-8812-3b02ea4f687f-groupManagement] INFO  server.RaftServerConfigKeys (ConfUtils.java:logGet(46)) - raft.server.log.segment.size.max = 67108864 (custom)
2023-12-19 18:18:01,786 [7fe801a6-aabd-4c1e-b418-af74b08e6351-groupManagement] INFO  server.RaftServerConfigKeys (ConfUtils.java:logGet(46)) - raft.server.log.queue.byte-limit = 4294967296 (custom)
2023-12-19 18:18:01,786 [a90b24a4-d9f8-4f3b-8812-3b02ea4f687f-groupManagement] INFO  server.RaftServerConfigKeys (ConfUtils.java:logGet(46)) - raft.server.log.preallocated.size = 4194304 (custom)
2023-12-19 18:18:01,786 [7fe801a6-aabd-4c1e-b418-af74b08e6351-groupManagement] INFO  server.RaftServerConfigKeys (ConfUtils.java:logGet(46)) - raft.server.log.queue.element-limit = 1024 (custom)
2023-12-19 18:18:01,786 [7fe801a6-aabd-4c1e-b418-af74b08e6351-groupManagement] INFO  server.RaftServerConfigKeys (ConfUtils.java:logGet(46)) - raft.server.log.segment.size.max = 67108864 (custom)
2023-12-19 18:18:01,786 [a90b24a4-d9f8-4f3b-8812-3b02ea4f687f-groupManagement] INFO  server.RaftServerConfigKeys (ConfUtils.java:logGet(46)) - raft.server.log.force.sync.num = 128 (default)
2023-12-19 18:18:01,786 [a90b24a4-d9f8-4f3b-8812-3b02ea4f687f-groupManagement] INFO  server.RaftServerConfigKeys (ConfUtils.java:logGet(46)) - raft.server.log.statemachine.data.sync = true (default)
2023-12-19 18:18:01,786 [a90b24a4-d9f8-4f3b-8812-3b02ea4f687f-groupManagement] INFO  server.RaftServerConfigKeys (ConfUtils.java:logGet(46)) - raft.server.log.statemachine.data.sync.timeout = 10s (default)
2023-12-19 18:18:01,786 [a90b24a4-d9f8-4f3b-8812-3b02ea4f687f-groupManagement] INFO  server.RaftServerConfigKeys (ConfUtils.java:logGet(46)) - raft.server.log.statemachine.data.sync.timeout.retry = 0 (custom)
2023-12-19 18:18:01,786 [a90b24a4-d9f8-4f3b-8812-3b02ea4f687f-groupManagement] INFO  server.RaftServerConfigKeys (ConfUtils.java:logGet(46)) - raft.server.log.write.buffer.size = 8388616 (custom)
2023-12-19 18:18:01,786 [7fe801a6-aabd-4c1e-b418-af74b08e6351-groupManagement] INFO  server.RaftServerConfigKeys (ConfUtils.java:logGet(46)) - raft.server.log.preallocated.size = 4194304 (custom)
2023-12-19 18:18:01,786 [96747d66-d354-4c6c-881c-c96368b263cb-groupManagement] INFO  server.RaftServerConfigKeys (ConfUtils.java:logGet(46)) - raft.server.log.segment.size.max = 67108864 (custom)
2023-12-19 18:18:01,788 [96747d66-d354-4c6c-881c-c96368b263cb-groupManagement] INFO  server.RaftServerConfigKeys (ConfUtils.java:logGet(46)) - raft.server.log.preallocated.size = 4194304 (custom)
2023-12-19 18:18:01,788 [96747d66-d354-4c6c-881c-c96368b263cb-groupManagement] INFO  server.RaftServerConfigKeys (ConfUtils.java:logGet(46)) - raft.server.log.force.sync.num = 128 (default)
2023-12-19 18:18:01,788 [a90b24a4-d9f8-4f3b-8812-3b02ea4f687f-groupManagement] INFO  server.RaftServerConfigKeys (ConfUtils.java:logGet(46)) - raft.server.log.appender.buffer.byte-limit = 8388608 (custom)
2023-12-19 18:18:01,788 [7fe801a6-aabd-4c1e-b418-af74b08e6351-groupManagement] INFO  server.RaftServerConfigKeys (ConfUtils.java:logGet(46)) - raft.server.log.force.sync.num = 128 (default)
2023-12-19 18:18:01,788 [96747d66-d354-4c6c-881c-c96368b263cb-groupManagement] INFO  server.RaftServerConfigKeys (ConfUtils.java:logGet(46)) - raft.server.log.statemachine.data.sync = true (default)
2023-12-19 18:18:01,789 [a90b24a4-d9f8-4f3b-8812-3b02ea4f687f-groupManagement] INFO  server.RaftServerConfigKeys (ConfUtils.java:logGet(46)) - raft.server.log.unsafe-flush.enabled = false (default)
2023-12-19 18:18:01,789 [7fe801a6-aabd-4c1e-b418-af74b08e6351-groupManagement] INFO  server.RaftServerConfigKeys (ConfUtils.java:logGet(46)) - raft.server.log.statemachine.data.sync = true (default)
2023-12-19 18:18:01,789 [7fe801a6-aabd-4c1e-b418-af74b08e6351-groupManagement] INFO  server.RaftServerConfigKeys (ConfUtils.java:logGet(46)) - raft.server.log.statemachine.data.sync.timeout = 10s (default)
2023-12-19 18:18:01,789 [7fe801a6-aabd-4c1e-b418-af74b08e6351-groupManagement] INFO  server.RaftServerConfigKeys (ConfUtils.java:logGet(46)) - raft.server.log.statemachine.data.sync.timeout.retry = 0 (custom)
2023-12-19 18:18:01,790 [7fe801a6-aabd-4c1e-b418-af74b08e6351-groupManagement] INFO  server.RaftServerConfigKeys (ConfUtils.java:logGet(46)) - raft.server.log.write.buffer.size = 8388616 (custom)
2023-12-19 18:18:01,791 [7fe801a6-aabd-4c1e-b418-af74b08e6351-groupManagement] INFO  server.RaftServerConfigKeys (ConfUtils.java:logGet(46)) - raft.server.log.appender.buffer.byte-limit = 8388608 (custom)
2023-12-19 18:18:01,791 [7fe801a6-aabd-4c1e-b418-af74b08e6351-groupManagement] INFO  server.RaftServerConfigKeys (ConfUtils.java:logGet(46)) - raft.server.log.unsafe-flush.enabled = false (default)
2023-12-19 18:18:01,792 [7fe801a6-aabd-4c1e-b418-af74b08e6351-groupManagement] INFO  server.RaftServerConfigKeys (ConfUtils.java:logGet(46)) - raft.server.log.async-flush.enabled = false (default)
2023-12-19 18:18:01,792 [7fe801a6-aabd-4c1e-b418-af74b08e6351-groupManagement] INFO  server.RaftServerConfigKeys (ConfUtils.java:logGet(46)) - raft.server.log.statemachine.data.caching.enabled = true (custom)
2023-12-19 18:18:01,792 [7fe801a6-aabd-4c1e-b418-af74b08e6351-groupManagement] INFO  segmented.SegmentedRaftLogWorker (SegmentedRaftLogWorker.java:lambda$new$0(135)) - 7fe801a6-aabd-4c1e-b418-af74b08e6351@group-C5B5555F532B-SegmentedRaftLogWorker: flushIndex: setUnconditionally 0 -> -1
2023-12-19 18:18:01,792 [7fe801a6-aabd-4c1e-b418-af74b08e6351-groupManagement] INFO  segmented.SegmentedRaftLogWorker (SegmentedRaftLogWorker.java:lambda$new$0(135)) - 7fe801a6-aabd-4c1e-b418-af74b08e6351@group-C5B5555F532B-SegmentedRaftLogWorker: safeCacheEvictIndex: setUnconditionally 0 -> -1
2023-12-19 18:18:01,789 [a90b24a4-d9f8-4f3b-8812-3b02ea4f687f-groupManagement] INFO  server.RaftServerConfigKeys (ConfUtils.java:logGet(46)) - raft.server.log.async-flush.enabled = false (default)
2023-12-19 18:18:01,789 [96747d66-d354-4c6c-881c-c96368b263cb-groupManagement] INFO  server.RaftServerConfigKeys (ConfUtils.java:logGet(46)) - raft.server.log.statemachine.data.sync.timeout = 10s (default)
2023-12-19 18:18:01,796 [7fe801a6-aabd-4c1e-b418-af74b08e6351-groupManagement] INFO  server.RaftServer$Division (RaftServerImpl.java:start(392)) - 7fe801a6-aabd-4c1e-b418-af74b08e6351@group-C5B5555F532B: start as a follower, conf=-1: peers:[c27b4a8c-9932-4b8f-bf34-353c967d0ecc|10.1.0.19:15113, a90b24a4-d9f8-4f3b-8812-3b02ea4f687f|10.1.0.19:15104, 7fe801a6-aabd-4c1e-b418-af74b08e6351|10.1.0.19:15095]|listeners:[], old=null
2023-12-19 18:18:01,796 [96747d66-d354-4c6c-881c-c96368b263cb-groupManagement] INFO  server.RaftServerConfigKeys (ConfUtils.java:logGet(46)) - raft.server.log.statemachine.data.sync.timeout.retry = 0 (custom)
2023-12-19 18:18:01,797 [96747d66-d354-4c6c-881c-c96368b263cb-groupManagement] INFO  server.RaftServerConfigKeys (ConfUtils.java:logGet(46)) - raft.server.log.write.buffer.size = 8388616 (custom)
2023-12-19 18:18:01,796 [a90b24a4-d9f8-4f3b-8812-3b02ea4f687f-groupManagement] INFO  server.RaftServerConfigKeys (ConfUtils.java:logGet(46)) - raft.server.log.statemachine.data.caching.enabled = true (custom)
2023-12-19 18:18:01,798 [a90b24a4-d9f8-4f3b-8812-3b02ea4f687f-groupManagement] INFO  segmented.SegmentedRaftLogWorker (SegmentedRaftLogWorker.java:lambda$new$0(135)) - a90b24a4-d9f8-4f3b-8812-3b02ea4f687f@group-C5B5555F532B-SegmentedRaftLogWorker: flushIndex: setUnconditionally 0 -> -1
2023-12-19 18:18:01,798 [a90b24a4-d9f8-4f3b-8812-3b02ea4f687f-groupManagement] INFO  segmented.SegmentedRaftLogWorker (SegmentedRaftLogWorker.java:lambda$new$0(135)) - a90b24a4-d9f8-4f3b-8812-3b02ea4f687f@group-C5B5555F532B-SegmentedRaftLogWorker: safeCacheEvictIndex: setUnconditionally 0 -> -1
2023-12-19 18:18:01,798 [96747d66-d354-4c6c-881c-c96368b263cb-groupManagement] INFO  server.RaftServerConfigKeys (ConfUtils.java:logGet(46)) - raft.server.log.appender.buffer.byte-limit = 8388608 (custom)
2023-12-19 18:18:01,799 [96747d66-d354-4c6c-881c-c96368b263cb-groupManagement] INFO  server.RaftServerConfigKeys (ConfUtils.java:logGet(46)) - raft.server.log.unsafe-flush.enabled = false (default)
2023-12-19 18:18:01,799 [96747d66-d354-4c6c-881c-c96368b263cb-groupManagement] INFO  server.RaftServerConfigKeys (ConfUtils.java:logGet(46)) - raft.server.log.async-flush.enabled = false (default)
2023-12-19 18:18:01,799 [96747d66-d354-4c6c-881c-c96368b263cb-groupManagement] INFO  server.RaftServerConfigKeys (ConfUtils.java:logGet(46)) - raft.server.log.statemachine.data.caching.enabled = true (custom)
2023-12-19 18:18:01,799 [96747d66-d354-4c6c-881c-c96368b263cb-groupManagement] INFO  segmented.SegmentedRaftLogWorker (SegmentedRaftLogWorker.java:lambda$new$0(135)) - 96747d66-d354-4c6c-881c-c96368b263cb@group-D1E2C38A56FF-SegmentedRaftLogWorker: flushIndex: setUnconditionally 0 -> -1
2023-12-19 18:18:01,799 [96747d66-d354-4c6c-881c-c96368b263cb-groupManagement] INFO  segmented.SegmentedRaftLogWorker (SegmentedRaftLogWorker.java:lambda$new$0(135)) - 96747d66-d354-4c6c-881c-c96368b263cb@group-D1E2C38A56FF-SegmentedRaftLogWorker: safeCacheEvictIndex: setUnconditionally 0 -> -1
2023-12-19 18:18:01,796 [7fe801a6-aabd-4c1e-b418-af74b08e6351-groupManagement] INFO  server.RaftServer$Division (RaftServerImpl.java:setRole(379)) - 7fe801a6-aabd-4c1e-b418-af74b08e6351@group-C5B5555F532B: changes role from      null to FOLLOWER at term 0 for startAsFollower
2023-12-19 18:18:01,807 [7fe801a6-aabd-4c1e-b418-af74b08e6351-groupManagement] INFO  impl.RoleInfo (RoleInfo.java:updateAndGet(139)) - 7fe801a6-aabd-4c1e-b418-af74b08e6351: start 7fe801a6-aabd-4c1e-b418-af74b08e6351@group-C5B5555F532B-FollowerState
2023-12-19 18:18:01,807 [7fe801a6-aabd-4c1e-b418-af74b08e6351-groupManagement] INFO  util.JmxRegister (JmxRegister.java:tryRegister(44)) - Successfully registered JMX Bean with object name Ratis:service=RaftServer,group=group-C5B5555F532B,id=7fe801a6-aabd-4c1e-b418-af74b08e6351
2023-12-19 18:18:01,807 [7fe801a6-aabd-4c1e-b418-af74b08e6351-groupManagement] INFO  server.RaftServerConfigKeys (ConfUtils.java:logGet(46)) - raft.server.snapshot.trigger-when-stop.enabled = true (default)
2023-12-19 18:18:01,807 [7fe801a6-aabd-4c1e-b418-af74b08e6351-groupManagement] INFO  server.RaftServerConfigKeys (ConfUtils.java:logGet(46)) - raft.server.snapshot.auto.trigger.enabled = true (custom)
2023-12-19 18:18:01,807 [7fe801a6-aabd-4c1e-b418-af74b08e6351-groupManagement] INFO  server.RaftServerConfigKeys (ConfUtils.java:logGet(46)) - raft.server.snapshot.auto.trigger.threshold = 10000 (custom)
2023-12-19 18:18:01,807 [7fe801a6-aabd-4c1e-b418-af74b08e6351-groupManagement] INFO  server.RaftServerConfigKeys (ConfUtils.java:logGet(46)) - raft.server.snapshot.retention.file.num = 5 (custom)
2023-12-19 18:18:01,807 [7fe801a6-aabd-4c1e-b418-af74b08e6351-groupManagement] INFO  server.RaftServerConfigKeys (ConfUtils.java:logGet(46)) - raft.server.log.purge.upto.snapshot.index = false (default)
2023-12-19 18:18:01,808 [7fe801a6-aabd-4c1e-b418-af74b08e6351@group-C5B5555F532B-FollowerState] INFO  server.RaftServerConfigKeys (ConfUtils.java:logFallback(53)) - raft.server.rpc.first-election.timeout.min = 5s (fallback to raft.server.rpc.timeout.min)
2023-12-19 18:18:01,809 [7fe801a6-aabd-4c1e-b418-af74b08e6351@group-C5B5555F532B-FollowerState] INFO  server.RaftServerConfigKeys (ConfUtils.java:logFallback(53)) - raft.server.rpc.first-election.timeout.max = 5200ms (fallback to raft.server.rpc.timeout.max)
2023-12-19 18:18:01,809 [7fe801a6-aabd-4c1e-b418-af74b08e6351-PipelineCommandHandlerThread-0] INFO  ratis.XceiverServerRatis (XceiverServerRatis.java:addGroup(837)) - Created group PipelineID=de160eb7-3d62-4127-a30b-c5b5555f532b
2023-12-19 18:18:01,812 [96747d66-d354-4c6c-881c-c96368b263cb-groupManagement] INFO  server.RaftServer$Division (RaftServerImpl.java:start(392)) - 96747d66-d354-4c6c-881c-c96368b263cb@group-D1E2C38A56FF: start as a follower, conf=-1: peers:[96747d66-d354-4c6c-881c-c96368b263cb|10.1.0.19:15131]|listeners:[], old=null
2023-12-19 18:18:01,812 [96747d66-d354-4c6c-881c-c96368b263cb-groupManagement] INFO  server.RaftServer$Division (RaftServerImpl.java:setRole(379)) - 96747d66-d354-4c6c-881c-c96368b263cb@group-D1E2C38A56FF: changes role from      null to FOLLOWER at term 0 for startAsFollower
2023-12-19 18:18:01,816 [a90b24a4-d9f8-4f3b-8812-3b02ea4f687f-groupManagement] INFO  server.RaftServer$Division (RaftServerImpl.java:start(392)) - a90b24a4-d9f8-4f3b-8812-3b02ea4f687f@group-C5B5555F532B: start as a follower, conf=-1: peers:[c27b4a8c-9932-4b8f-bf34-353c967d0ecc|10.1.0.19:15113, a90b24a4-d9f8-4f3b-8812-3b02ea4f687f|10.1.0.19:15104, 7fe801a6-aabd-4c1e-b418-af74b08e6351|10.1.0.19:15095]|listeners:[], old=null
2023-12-19 18:18:01,816 [a90b24a4-d9f8-4f3b-8812-3b02ea4f687f-groupManagement] INFO  server.RaftServer$Division (RaftServerImpl.java:setRole(379)) - a90b24a4-d9f8-4f3b-8812-3b02ea4f687f@group-C5B5555F532B: changes role from      null to FOLLOWER at term 0 for startAsFollower
2023-12-19 18:18:01,816 [a90b24a4-d9f8-4f3b-8812-3b02ea4f687f-groupManagement] INFO  impl.RoleInfo (RoleInfo.java:updateAndGet(139)) - a90b24a4-d9f8-4f3b-8812-3b02ea4f687f: start a90b24a4-d9f8-4f3b-8812-3b02ea4f687f@group-C5B5555F532B-FollowerState
2023-12-19 18:18:01,817 [a90b24a4-d9f8-4f3b-8812-3b02ea4f687f-groupManagement] INFO  util.JmxRegister (JmxRegister.java:tryRegister(44)) - Successfully registered JMX Bean with object name Ratis:service=RaftServer,group=group-C5B5555F532B,id=a90b24a4-d9f8-4f3b-8812-3b02ea4f687f
2023-12-19 18:18:01,817 [a90b24a4-d9f8-4f3b-8812-3b02ea4f687f-groupManagement] INFO  server.RaftServerConfigKeys (ConfUtils.java:logGet(46)) - raft.server.snapshot.trigger-when-stop.enabled = true (default)
2023-12-19 18:18:01,817 [a90b24a4-d9f8-4f3b-8812-3b02ea4f687f-groupManagement] INFO  server.RaftServerConfigKeys (ConfUtils.java:logGet(46)) - raft.server.snapshot.auto.trigger.enabled = true (custom)
2023-12-19 18:18:01,817 [96747d66-d354-4c6c-881c-c96368b263cb-groupManagement] INFO  impl.RoleInfo (RoleInfo.java:updateAndGet(139)) - 96747d66-d354-4c6c-881c-c96368b263cb: start 96747d66-d354-4c6c-881c-c96368b263cb@group-D1E2C38A56FF-FollowerState
2023-12-19 18:18:01,817 [a90b24a4-d9f8-4f3b-8812-3b02ea4f687f@group-C5B5555F532B-FollowerState] INFO  server.RaftServerConfigKeys (ConfUtils.java:logFallback(53)) - raft.server.rpc.first-election.timeout.min = 5s (fallback to raft.server.rpc.timeout.min)
2023-12-19 18:18:01,817 [a90b24a4-d9f8-4f3b-8812-3b02ea4f687f-groupManagement] INFO  server.RaftServerConfigKeys (ConfUtils.java:logGet(46)) - raft.server.snapshot.auto.trigger.threshold = 10000 (custom)
2023-12-19 18:18:01,817 [a90b24a4-d9f8-4f3b-8812-3b02ea4f687f@group-C5B5555F532B-FollowerState] INFO  server.RaftServerConfigKeys (ConfUtils.java:logFallback(53)) - raft.server.rpc.first-election.timeout.max = 5200ms (fallback to raft.server.rpc.timeout.max)
2023-12-19 18:18:01,817 [a90b24a4-d9f8-4f3b-8812-3b02ea4f687f-groupManagement] INFO  server.RaftServerConfigKeys (ConfUtils.java:logGet(46)) - raft.server.snapshot.retention.file.num = 5 (custom)
2023-12-19 18:18:01,817 [a90b24a4-d9f8-4f3b-8812-3b02ea4f687f-groupManagement] INFO  server.RaftServerConfigKeys (ConfUtils.java:logGet(46)) - raft.server.log.purge.upto.snapshot.index = false (default)
2023-12-19 18:18:01,828 [96747d66-d354-4c6c-881c-c96368b263cb-groupManagement] INFO  util.JmxRegister (JmxRegister.java:tryRegister(44)) - Successfully registered JMX Bean with object name Ratis:service=RaftServer,group=group-D1E2C38A56FF,id=96747d66-d354-4c6c-881c-c96368b263cb
2023-12-19 18:18:01,828 [96747d66-d354-4c6c-881c-c96368b263cb-groupManagement] INFO  server.RaftServerConfigKeys (ConfUtils.java:logGet(46)) - raft.server.snapshot.trigger-when-stop.enabled = true (default)
2023-12-19 18:18:01,828 [96747d66-d354-4c6c-881c-c96368b263cb-groupManagement] INFO  server.RaftServerConfigKeys (ConfUtils.java:logGet(46)) - raft.server.snapshot.auto.trigger.enabled = true (custom)
2023-12-19 18:18:01,828 [96747d66-d354-4c6c-881c-c96368b263cb-groupManagement] INFO  server.RaftServerConfigKeys (ConfUtils.java:logGet(46)) - raft.server.snapshot.auto.trigger.threshold = 10000 (custom)
2023-12-19 18:18:01,828 [96747d66-d354-4c6c-881c-c96368b263cb-groupManagement] INFO  server.RaftServerConfigKeys (ConfUtils.java:logGet(46)) - raft.server.snapshot.retention.file.num = 5 (custom)
2023-12-19 18:18:01,829 [96747d66-d354-4c6c-881c-c96368b263cb-groupManagement] INFO  server.RaftServerConfigKeys (ConfUtils.java:logGet(46)) - raft.server.log.purge.upto.snapshot.index = false (default)
2023-12-19 18:18:01,828 [96747d66-d354-4c6c-881c-c96368b263cb@group-D1E2C38A56FF-FollowerState] INFO  server.RaftServerConfigKeys (ConfUtils.java:logFallback(53)) - raft.server.rpc.first-election.timeout.min = 5s (fallback to raft.server.rpc.timeout.min)
2023-12-19 18:18:01,829 [96747d66-d354-4c6c-881c-c96368b263cb@group-D1E2C38A56FF-FollowerState] INFO  server.RaftServerConfigKeys (ConfUtils.java:logFallback(53)) - raft.server.rpc.first-election.timeout.max = 5200ms (fallback to raft.server.rpc.timeout.max)
2023-12-19 18:18:01,829 [a90b24a4-d9f8-4f3b-8812-3b02ea4f687f-PipelineCommandHandlerThread-0] INFO  ratis.XceiverServerRatis (XceiverServerRatis.java:addGroup(837)) - Created group PipelineID=de160eb7-3d62-4127-a30b-c5b5555f532b
2023-12-19 18:18:01,835 [96747d66-d354-4c6c-881c-c96368b263cb-PipelineCommandHandlerThread-0] INFO  ratis.XceiverServerRatis (XceiverServerRatis.java:addGroup(837)) - Created group PipelineID=efdf0425-d99e-49c9-8b1f-d1e2c38a56ff
2023-12-19 18:18:01,835 [96747d66-d354-4c6c-881c-c96368b263cb-PipelineCommandHandlerThread-0] INFO  commandhandler.CreatePipelineCommandHandler (CreatePipelineCommandHandler.java:lambda$handle$2(124)) - Created Pipeline RATIS ONE PipelineID=efdf0425-d99e-49c9-8b1f-d1e2c38a56ff.
2023-12-19 18:18:01,861 [c27b4a8c-9932-4b8f-bf34-353c967d0ecc-PipelineCommandHandlerThread-0] INFO  commandhandler.CreatePipelineCommandHandler (CreatePipelineCommandHandler.java:lambda$handle$2(124)) - Created Pipeline RATIS THREE PipelineID=20585b8c-633c-41dc-806a-9ffaaa1d27bf.
2023-12-19 18:18:01,862 [c27b4a8c-9932-4b8f-bf34-353c967d0ecc-PipelineCommandHandlerThread-0] INFO  server.RaftServer (RaftServerProxy.java:addNew(100)) - c27b4a8c-9932-4b8f-bf34-353c967d0ecc: addNew group-C5B5555F532B:[c27b4a8c-9932-4b8f-bf34-353c967d0ecc|10.1.0.19:15113, a90b24a4-d9f8-4f3b-8812-3b02ea4f687f|10.1.0.19:15104, 7fe801a6-aabd-4c1e-b418-af74b08e6351|10.1.0.19:15095] returns group-C5B5555F532B:java.util.concurrent.CompletableFuture@4b607472[Not completed]
2023-12-19 18:18:01,863 [c27b4a8c-9932-4b8f-bf34-353c967d0ecc-groupManagement] INFO  server.RaftServer$Division (RaftServerImpl.java:<init>(256)) - c27b4a8c-9932-4b8f-bf34-353c967d0ecc: new RaftServerImpl for group-C5B5555F532B:[c27b4a8c-9932-4b8f-bf34-353c967d0ecc|10.1.0.19:15113, a90b24a4-d9f8-4f3b-8812-3b02ea4f687f|10.1.0.19:15104, 7fe801a6-aabd-4c1e-b418-af74b08e6351|10.1.0.19:15095] with ContainerStateMachine:uninitialized
2023-12-19 18:18:01,863 [c27b4a8c-9932-4b8f-bf34-353c967d0ecc-groupManagement] INFO  server.RaftServerConfigKeys (ConfUtils.java:logGet(46)) - raft.server.rpc.timeout.min = 5s (custom)
2023-12-19 18:18:01,863 [c27b4a8c-9932-4b8f-bf34-353c967d0ecc-groupManagement] INFO  server.RaftServerConfigKeys (ConfUtils.java:logGet(46)) - raft.server.rpc.timeout.max = 5200ms (custom)
2023-12-19 18:18:01,863 [c27b4a8c-9932-4b8f-bf34-353c967d0ecc-groupManagement] INFO  server.RaftServerConfigKeys (ConfUtils.java:logGet(46)) - raft.server.rpc.sleep.time = 25ms (default)
2023-12-19 18:18:01,863 [c27b4a8c-9932-4b8f-bf34-353c967d0ecc-groupManagement] INFO  server.RaftServerConfigKeys (ConfUtils.java:logGet(46)) - raft.server.rpc.slowness.timeout = 300s (custom)
2023-12-19 18:18:01,863 [c27b4a8c-9932-4b8f-bf34-353c967d0ecc-groupManagement] INFO  server.RaftServerConfigKeys (ConfUtils.java:logGet(46)) - raft.server.leaderelection.leader.step-down.wait-time = 10s (default)
2023-12-19 18:18:01,863 [c27b4a8c-9932-4b8f-bf34-353c967d0ecc-groupManagement] INFO  server.RaftServerConfigKeys (ConfUtils.java:logGet(46)) - raft.server.leaderelection.member.majority-add = false (default)
2023-12-19 18:18:01,863 [c27b4a8c-9932-4b8f-bf34-353c967d0ecc-groupManagement] INFO  server.RaftServerConfigKeys (ConfUtils.java:logGet(46)) - raft.server.sleep.deviation.threshold = 300ms (default)
2023-12-19 18:18:01,863 [c27b4a8c-9932-4b8f-bf34-353c967d0ecc-groupManagement] INFO  server.RaftServer$Division (ServerState.java:<init>(113)) - c27b4a8c-9932-4b8f-bf34-353c967d0ecc@group-C5B5555F532B: ConfigurationManager, init=-1: peers:[c27b4a8c-9932-4b8f-bf34-353c967d0ecc|10.1.0.19:15113, a90b24a4-d9f8-4f3b-8812-3b02ea4f687f|10.1.0.19:15104, 7fe801a6-aabd-4c1e-b418-af74b08e6351|10.1.0.19:15095]|listeners:[], old=null, confs=<EMPTY_MAP>
2023-12-19 18:18:01,863 [c27b4a8c-9932-4b8f-bf34-353c967d0ecc-groupManagement] INFO  server.RaftServerConfigKeys (ConfUtils.java:logGet(46)) - raft.server.notification.no-leader.timeout = 300s (custom)
2023-12-19 18:18:01,864 [c27b4a8c-9932-4b8f-bf34-353c967d0ecc-groupManagement] INFO  server.RaftServerConfigKeys (ConfUtils.java:logGet(46)) - raft.server.read.timeout = 10s (default)
2023-12-19 18:18:01,864 [c27b4a8c-9932-4b8f-bf34-353c967d0ecc-groupManagement] INFO  server.RaftServerConfigKeys (ConfUtils.java:logGet(46)) - raft.server.retrycache.expirytime = 600000ms (custom)
2023-12-19 18:18:01,864 [c27b4a8c-9932-4b8f-bf34-353c967d0ecc-groupManagement] INFO  server.RaftServerConfigKeys (ConfUtils.java:logGet(46)) - raft.server.retrycache.statistics.expirytime = 100ms (default)
2023-12-19 18:18:01,864 [c27b4a8c-9932-4b8f-bf34-353c967d0ecc-groupManagement] INFO  server.RaftServerConfigKeys (ConfUtils.java:logGet(46)) - raft.server.read.option = DEFAULT (default)
2023-12-19 18:18:01,864 [c27b4a8c-9932-4b8f-bf34-353c967d0ecc-groupManagement] INFO  server.RaftServerConfigKeys (ConfUtils.java:logGet(46)) - raft.server.read.read-after-write-consistent.write-index-cache.expiry-time = 60s (default)
2023-12-19 18:18:01,868 [93d2edcd-6a6f-4cb3-ab2d-c0ab5a0bb6d7-PipelineCommandHandlerThread-0] INFO  commandhandler.CreatePipelineCommandHandler (CreatePipelineCommandHandler.java:lambda$handle$2(124)) - Created Pipeline RATIS THREE PipelineID=de29617a-44cb-4353-a789-5317640da993.
2023-12-19 18:18:01,884 [c27b4a8c-9932-4b8f-bf34-353c967d0ecc-groupManagement] INFO  server.RaftServerConfigKeys (ConfUtils.java:logGet(46)) - raft.server.rpc.request.timeout = 60s (custom)
2023-12-19 18:18:01,884 [c27b4a8c-9932-4b8f-bf34-353c967d0ecc-groupManagement] INFO  server.RaftServerConfigKeys (ConfUtils.java:logGet(46)) - raft.server.log.appender.install.snapshot.enabled = false (custom)
2023-12-19 18:18:01,884 [c27b4a8c-9932-4b8f-bf34-353c967d0ecc-groupManagement] INFO  server.RaftServerConfigKeys (ConfUtils.java:logGet(46)) - raft.server.threadpool.server.cached = true (default)
2023-12-19 18:18:01,884 [c27b4a8c-9932-4b8f-bf34-353c967d0ecc-groupManagement] INFO  server.RaftServerConfigKeys (ConfUtils.java:logGet(46)) - raft.server.threadpool.server.size = 0 (default)
2023-12-19 18:18:01,884 [c27b4a8c-9932-4b8f-bf34-353c967d0ecc-groupManagement] INFO  server.RaftServerConfigKeys (ConfUtils.java:logGet(46)) - raft.server.threadpool.client.cached = true (default)
2023-12-19 18:18:01,884 [c27b4a8c-9932-4b8f-bf34-353c967d0ecc-groupManagement] INFO  server.RaftServerConfigKeys (ConfUtils.java:logGet(46)) - raft.server.threadpool.client.size = 0 (default)
2023-12-19 18:18:01,885 [c27b4a8c-9932-4b8f-bf34-353c967d0ecc-groupManagement] INFO  server.RaftServerConfigKeys (ConfUtils.java:logGet(46)) - raft.server.storage.free-space.min = 0MB (=0) (default)
2023-12-19 18:18:01,885 [c27b4a8c-9932-4b8f-bf34-353c967d0ecc-groupManagement] INFO  server.RaftServerConfigKeys (ConfUtils.java:logGet(46)) - raft.server.log.corruption.policy = EXCEPTION (default)
2023-12-19 18:18:01,885 [c27b4a8c-9932-4b8f-bf34-353c967d0ecc-groupManagement] INFO  server.RaftServerConfigKeys (ConfUtils.java:logGet(46)) - raft.server.storage.dir = [/home/runner/work/ozone/ozone/hadoop-ozone/integration-test/target/test-dir/MiniOzoneClusterImpl-c3f67427-b36b-4ee4-bde0-91623ce58163/datanode-11/data/ratis] (custom)
2023-12-19 18:18:01,886 [c27b4a8c-9932-4b8f-bf34-353c967d0ecc-groupManagement] INFO  storage.RaftStorageDirectory (RaftStorageDirectoryImpl.java:analyzeStorage(138)) - The storage directory /home/runner/work/ozone/ozone/hadoop-ozone/integration-test/target/test-dir/MiniOzoneClusterImpl-c3f67427-b36b-4ee4-bde0-91623ce58163/datanode-11/data/ratis/de160eb7-3d62-4127-a30b-c5b5555f532b does not exist. Creating ...
2023-12-19 18:18:01,895 [c27b4a8c-9932-4b8f-bf34-353c967d0ecc-groupManagement] INFO  storage.RaftStorageDirectory (RaftStorageDirectoryImpl.java:tryLock(232)) - Lock on /home/runner/work/ozone/ozone/hadoop-ozone/integration-test/target/test-dir/MiniOzoneClusterImpl-c3f67427-b36b-4ee4-bde0-91623ce58163/datanode-11/data/ratis/de160eb7-3d62-4127-a30b-c5b5555f532b/in_use.lock acquired by nodename 34604@fv-az1381-513
2023-12-19 18:18:01,901 [c27b4a8c-9932-4b8f-bf34-353c967d0ecc-groupManagement] INFO  storage.RaftStorage (RaftStorageImpl.java:format(97)) - Storage directory /home/runner/work/ozone/ozone/hadoop-ozone/integration-test/target/test-dir/MiniOzoneClusterImpl-c3f67427-b36b-4ee4-bde0-91623ce58163/datanode-11/data/ratis/de160eb7-3d62-4127-a30b-c5b5555f532b has been successfully formatted.
2023-12-19 18:18:01,905 [c27b4a8c-9932-4b8f-bf34-353c967d0ecc-groupManagement] INFO  ratis.ContainerStateMachine (ContainerStateMachine.java:loadSnapshot(287)) - group-C5B5555F532B: The snapshot info is null. Setting the last applied indexto:(t:0, i:~)
2023-12-19 18:18:01,905 [c27b4a8c-9932-4b8f-bf34-353c967d0ecc-groupManagement] INFO  server.RaftServerConfigKeys (ConfUtils.java:logGet(46)) - raft.server.log.use.memory = false (default)
2023-12-19 18:18:01,905 [cc2d5096-cbf7-4b7f-9694-9910b4c75033-PipelineCommandHandlerThread-0] INFO  commandhandler.CreatePipelineCommandHandler (CreatePipelineCommandHandler.java:lambda$handle$2(124)) - Created Pipeline RATIS THREE PipelineID=de29617a-44cb-4353-a789-5317640da993.
2023-12-19 18:18:01,905 [c27b4a8c-9932-4b8f-bf34-353c967d0ecc-groupManagement] INFO  server.RaftServerConfigKeys (ConfUtils.java:logGet(46)) - raft.server.log.purge.gap = 1000000 (custom)
2023-12-19 18:18:01,905 [8a9232c4-f36b-4377-b9ad-83954010d1e2-PipelineCommandHandlerThread-0] INFO  commandhandler.CreatePipelineCommandHandler (CreatePipelineCommandHandler.java:lambda$handle$2(124)) - Created Pipeline RATIS THREE PipelineID=de29617a-44cb-4353-a789-5317640da993.
2023-12-19 18:18:01,905 [c27b4a8c-9932-4b8f-bf34-353c967d0ecc-groupManagement] INFO  server.RaftServerConfigKeys (ConfUtils.java:logGet(46)) - raft.server.log.appender.buffer.byte-limit = 8388608 (custom)
2023-12-19 18:18:01,905 [c27b4a8c-9932-4b8f-bf34-353c967d0ecc-groupManagement] INFO  server.RaftServerConfigKeys (ConfUtils.java:logGet(46)) - raft.server.log.statemachine.data.read.timeout = 1000ms (default)
2023-12-19 18:18:01,905 [c27b4a8c-9932-4b8f-bf34-353c967d0ecc-groupManagement] INFO  server.RaftServerConfigKeys (ConfUtils.java:logGet(46)) - raft.server.log.purge.preservation.log.num = 0 (default)
2023-12-19 18:18:01,906 [7fe801a6-aabd-4c1e-b418-af74b08e6351-PipelineCommandHandlerThread-0] INFO  commandhandler.CreatePipelineCommandHandler (CreatePipelineCommandHandler.java:lambda$handle$2(124)) - Created Pipeline RATIS THREE PipelineID=de160eb7-3d62-4127-a30b-c5b5555f532b.
2023-12-19 18:18:01,908 [EventQueue-OpenPipelineForHealthyPipelineSafeModeRule] INFO  safemode.SCMSafeModeManager (HealthyPipelineSafeModeRule.java:process(140)) - SCM in safe mode. Healthy pipelines reported count is 0, required healthy pipeline reported count is 1
2023-12-19 18:18:01,909 [c27b4a8c-9932-4b8f-bf34-353c967d0ecc-groupManagement] INFO  server.RaftServerConfigKeys (ConfUtils.java:logGet(46)) - raft.server.log.segment.size.max = 67108864 (custom)
2023-12-19 18:18:01,910 [c27b4a8c-9932-4b8f-bf34-353c967d0ecc-groupManagement] INFO  server.RaftServerConfigKeys (ConfUtils.java:logGet(46)) - raft.server.log.segment.cache.num.max = 2 (custom)
2023-12-19 18:18:01,910 [c27b4a8c-9932-4b8f-bf34-353c967d0ecc-groupManagement] INFO  server.RaftServerConfigKeys (ConfUtils.java:logGet(46)) - raft.server.log.segment.cache.size.max = 200MB (=209715200) (default)
2023-12-19 18:18:01,910 [c27b4a8c-9932-4b8f-bf34-353c967d0ecc-groupManagement] INFO  server.RaftServerConfigKeys (ConfUtils.java:logGet(46)) - raft.server.log.appender.buffer.byte-limit = 8388608 (custom)
2023-12-19 18:18:01,916 [c27b4a8c-9932-4b8f-bf34-353c967d0ecc-groupManagement] INFO  util.AwaitToRun (AwaitToRun.java:start(81)) - Thread[c27b4a8c-9932-4b8f-bf34-353c967d0ecc@group-C5B5555F532B-cacheEviction-AwaitToRun,5,main] started
2023-12-19 18:18:01,916 [c27b4a8c-9932-4b8f-bf34-353c967d0ecc-groupManagement] INFO  segmented.SegmentedRaftLogWorker (SegmentedRaftLogWorker.java:<init>(184)) - new c27b4a8c-9932-4b8f-bf34-353c967d0ecc@group-C5B5555F532B-SegmentedRaftLogWorker for RaftStorageImpl:Storage Directory /home/runner/work/ozone/ozone/hadoop-ozone/integration-test/target/test-dir/MiniOzoneClusterImpl-c3f67427-b36b-4ee4-bde0-91623ce58163/datanode-11/data/ratis/de160eb7-3d62-4127-a30b-c5b5555f532b
2023-12-19 18:18:01,916 [c27b4a8c-9932-4b8f-bf34-353c967d0ecc-groupManagement] INFO  server.RaftServerConfigKeys (ConfUtils.java:logGet(46)) - raft.server.log.queue.byte-limit = 4294967296 (custom)
2023-12-19 18:18:01,916 [c27b4a8c-9932-4b8f-bf34-353c967d0ecc-groupManagement] INFO  server.RaftServerConfigKeys (ConfUtils.java:logGet(46)) - raft.server.log.queue.element-limit = 1024 (custom)
2023-12-19 18:18:01,916 [c27b4a8c-9932-4b8f-bf34-353c967d0ecc-groupManagement] INFO  server.RaftServerConfigKeys (ConfUtils.java:logGet(46)) - raft.server.log.segment.size.max = 67108864 (custom)
2023-12-19 18:18:01,916 [c27b4a8c-9932-4b8f-bf34-353c967d0ecc-groupManagement] INFO  server.RaftServerConfigKeys (ConfUtils.java:logGet(46)) - raft.server.log.preallocated.size = 4194304 (custom)
2023-12-19 18:18:01,916 [c27b4a8c-9932-4b8f-bf34-353c967d0ecc-groupManagement] INFO  server.RaftServerConfigKeys (ConfUtils.java:logGet(46)) - raft.server.log.force.sync.num = 128 (default)
2023-12-19 18:18:01,916 [c27b4a8c-9932-4b8f-bf34-353c967d0ecc-groupManagement] INFO  server.RaftServerConfigKeys (ConfUtils.java:logGet(46)) - raft.server.log.statemachine.data.sync = true (default)
2023-12-19 18:18:01,917 [c27b4a8c-9932-4b8f-bf34-353c967d0ecc-groupManagement] INFO  server.RaftServerConfigKeys (ConfUtils.java:logGet(46)) - raft.server.log.statemachine.data.sync.timeout = 10s (default)
2023-12-19 18:18:01,917 [c27b4a8c-9932-4b8f-bf34-353c967d0ecc-groupManagement] INFO  server.RaftServerConfigKeys (ConfUtils.java:logGet(46)) - raft.server.log.statemachine.data.sync.timeout.retry = 0 (custom)
2023-12-19 18:18:01,917 [c27b4a8c-9932-4b8f-bf34-353c967d0ecc-groupManagement] INFO  server.RaftServerConfigKeys (ConfUtils.java:logGet(46)) - raft.server.log.write.buffer.size = 8388616 (custom)
2023-12-19 18:18:01,918 [c27b4a8c-9932-4b8f-bf34-353c967d0ecc-groupManagement] INFO  server.RaftServerConfigKeys (ConfUtils.java:logGet(46)) - raft.server.log.appender.buffer.byte-limit = 8388608 (custom)
2023-12-19 18:18:01,919 [c27b4a8c-9932-4b8f-bf34-353c967d0ecc-groupManagement] INFO  server.RaftServerConfigKeys (ConfUtils.java:logGet(46)) - raft.server.log.unsafe-flush.enabled = false (default)
2023-12-19 18:18:01,919 [c27b4a8c-9932-4b8f-bf34-353c967d0ecc-groupManagement] INFO  server.RaftServerConfigKeys (ConfUtils.java:logGet(46)) - raft.server.log.async-flush.enabled = false (default)
2023-12-19 18:18:01,919 [c27b4a8c-9932-4b8f-bf34-353c967d0ecc-groupManagement] INFO  server.RaftServerConfigKeys (ConfUtils.java:logGet(46)) - raft.server.log.statemachine.data.caching.enabled = true (custom)
2023-12-19 18:18:01,919 [c27b4a8c-9932-4b8f-bf34-353c967d0ecc-groupManagement] INFO  segmented.SegmentedRaftLogWorker (SegmentedRaftLogWorker.java:lambda$new$0(135)) - c27b4a8c-9932-4b8f-bf34-353c967d0ecc@group-C5B5555F532B-SegmentedRaftLogWorker: flushIndex: setUnconditionally 0 -> -1
2023-12-19 18:18:01,919 [c27b4a8c-9932-4b8f-bf34-353c967d0ecc-groupManagement] INFO  segmented.SegmentedRaftLogWorker (SegmentedRaftLogWorker.java:lambda$new$0(135)) - c27b4a8c-9932-4b8f-bf34-353c967d0ecc@group-C5B5555F532B-SegmentedRaftLogWorker: safeCacheEvictIndex: setUnconditionally 0 -> -1
2023-12-19 18:18:01,919 [c27b4a8c-9932-4b8f-bf34-353c967d0ecc-groupManagement] INFO  server.RaftServer$Division (RaftServerImpl.java:start(392)) - c27b4a8c-9932-4b8f-bf34-353c967d0ecc@group-C5B5555F532B: start as a follower, conf=-1: peers:[c27b4a8c-9932-4b8f-bf34-353c967d0ecc|10.1.0.19:15113, a90b24a4-d9f8-4f3b-8812-3b02ea4f687f|10.1.0.19:15104, 7fe801a6-aabd-4c1e-b418-af74b08e6351|10.1.0.19:15095]|listeners:[], old=null
2023-12-19 18:18:01,919 [c27b4a8c-9932-4b8f-bf34-353c967d0ecc-groupManagement] INFO  server.RaftServer$Division (RaftServerImpl.java:setRole(379)) - c27b4a8c-9932-4b8f-bf34-353c967d0ecc@group-C5B5555F532B: changes role from      null to FOLLOWER at term 0 for startAsFollower
2023-12-19 18:18:01,920 [c27b4a8c-9932-4b8f-bf34-353c967d0ecc-groupManagement] INFO  impl.RoleInfo (RoleInfo.java:updateAndGet(139)) - c27b4a8c-9932-4b8f-bf34-353c967d0ecc: start c27b4a8c-9932-4b8f-bf34-353c967d0ecc@group-C5B5555F532B-FollowerState
2023-12-19 18:18:01,920 [c27b4a8c-9932-4b8f-bf34-353c967d0ecc@group-C5B5555F532B-FollowerState] INFO  server.RaftServerConfigKeys (ConfUtils.java:logFallback(53)) - raft.server.rpc.first-election.timeout.min = 5s (fallback to raft.server.rpc.timeout.min)
2023-12-19 18:18:01,920 [c27b4a8c-9932-4b8f-bf34-353c967d0ecc-groupManagement] INFO  util.JmxRegister (JmxRegister.java:tryRegister(44)) - Successfully registered JMX Bean with object name Ratis:service=RaftServer,group=group-C5B5555F532B,id=c27b4a8c-9932-4b8f-bf34-353c967d0ecc
2023-12-19 18:18:01,920 [c27b4a8c-9932-4b8f-bf34-353c967d0ecc@group-C5B5555F532B-FollowerState] INFO  server.RaftServerConfigKeys (ConfUtils.java:logFallback(53)) - raft.server.rpc.first-election.timeout.max = 5200ms (fallback to raft.server.rpc.timeout.max)
2023-12-19 18:18:01,920 [c27b4a8c-9932-4b8f-bf34-353c967d0ecc-groupManagement] INFO  server.RaftServerConfigKeys (ConfUtils.java:logGet(46)) - raft.server.snapshot.trigger-when-stop.enabled = true (default)
2023-12-19 18:18:01,920 [c27b4a8c-9932-4b8f-bf34-353c967d0ecc-groupManagement] INFO  server.RaftServerConfigKeys (ConfUtils.java:logGet(46)) - raft.server.snapshot.auto.trigger.enabled = true (custom)
2023-12-19 18:18:01,920 [c27b4a8c-9932-4b8f-bf34-353c967d0ecc-groupManagement] INFO  server.RaftServerConfigKeys (ConfUtils.java:logGet(46)) - raft.server.snapshot.auto.trigger.threshold = 10000 (custom)
2023-12-19 18:18:01,920 [c27b4a8c-9932-4b8f-bf34-353c967d0ecc-groupManagement] INFO  server.RaftServerConfigKeys (ConfUtils.java:logGet(46)) - raft.server.snapshot.retention.file.num = 5 (custom)
2023-12-19 18:18:01,920 [c27b4a8c-9932-4b8f-bf34-353c967d0ecc-groupManagement] INFO  server.RaftServerConfigKeys (ConfUtils.java:logGet(46)) - raft.server.log.purge.upto.snapshot.index = false (default)
2023-12-19 18:18:01,921 [c27b4a8c-9932-4b8f-bf34-353c967d0ecc-PipelineCommandHandlerThread-0] INFO  ratis.XceiverServerRatis (XceiverServerRatis.java:addGroup(837)) - Created group PipelineID=de160eb7-3d62-4127-a30b-c5b5555f532b
2023-12-19 18:18:01,938 [a90b24a4-d9f8-4f3b-8812-3b02ea4f687f-PipelineCommandHandlerThread-0] INFO  commandhandler.CreatePipelineCommandHandler (CreatePipelineCommandHandler.java:lambda$handle$2(124)) - Created Pipeline RATIS THREE PipelineID=de160eb7-3d62-4127-a30b-c5b5555f532b.
2023-12-19 18:18:01,953 [c27b4a8c-9932-4b8f-bf34-353c967d0ecc-PipelineCommandHandlerThread-0] INFO  commandhandler.CreatePipelineCommandHandler (CreatePipelineCommandHandler.java:lambda$handle$2(124)) - Created Pipeline RATIS THREE PipelineID=de160eb7-3d62-4127-a30b-c5b5555f532b.
2023-12-19 18:18:02,654 [main] INFO  ozone.MiniOzoneClusterImpl (MiniOzoneClusterImpl.java:lambda$waitForClusterToBeReady$0(230)) - Nodes are ready. Got 14 of 14 DN Heartbeats.
2023-12-19 18:18:02,655 [main] INFO  ozone.MiniOzoneClusterImpl (MiniOzoneClusterImpl.java:lambda$waitForClusterToBeReady$0(233)) - Waiting for cluster to exit safe mode
2023-12-19 18:18:02,655 [main] INFO  ozone.MiniOzoneClusterImpl (MiniOzoneClusterImpl.java:lambda$waitForClusterToBeReady$0(235)) - SCM became leader
2023-12-19 18:18:03,655 [main] INFO  ozone.MiniOzoneClusterImpl (MiniOzoneClusterImpl.java:lambda$waitForClusterToBeReady$0(230)) - Nodes are ready. Got 14 of 14 DN Heartbeats.
2023-12-19 18:18:03,655 [main] INFO  ozone.MiniOzoneClusterImpl (MiniOzoneClusterImpl.java:lambda$waitForClusterToBeReady$0(233)) - Waiting for cluster to exit safe mode
2023-12-19 18:18:03,655 [main] INFO  ozone.MiniOzoneClusterImpl (MiniOzoneClusterImpl.java:lambda$waitForClusterToBeReady$0(235)) - SCM became leader
2023-12-19 18:18:04,656 [main] INFO  ozone.MiniOzoneClusterImpl (MiniOzoneClusterImpl.java:lambda$waitForClusterToBeReady$0(230)) - Nodes are ready. Got 14 of 14 DN Heartbeats.
2023-12-19 18:18:04,657 [main] INFO  ozone.MiniOzoneClusterImpl (MiniOzoneClusterImpl.java:lambda$waitForClusterToBeReady$0(233)) - Waiting for cluster to exit safe mode
2023-12-19 18:18:04,657 [main] INFO  ozone.MiniOzoneClusterImpl (MiniOzoneClusterImpl.java:lambda$waitForClusterToBeReady$0(235)) - SCM became leader
2023-12-19 18:18:05,230 [d0e3d241-91aa-4721-8188-ae5e0af11890@group-475F844C1692-FollowerState] INFO  impl.FollowerState (FollowerState.java:run(143)) - d0e3d241-91aa-4721-8188-ae5e0af11890@group-475F844C1692-FollowerState: change to CANDIDATE, lastRpcElapsedTime:5200871785ns, electionTimeout:5196ms
2023-12-19 18:18:05,231 [d0e3d241-91aa-4721-8188-ae5e0af11890@group-475F844C1692-FollowerState] INFO  impl.RoleInfo (RoleInfo.java:shutdownFollowerState(110)) - d0e3d241-91aa-4721-8188-ae5e0af11890: shutdown d0e3d241-91aa-4721-8188-ae5e0af11890@group-475F844C1692-FollowerState
2023-12-19 18:18:05,231 [d0e3d241-91aa-4721-8188-ae5e0af11890@group-475F844C1692-FollowerState] INFO  server.RaftServer$Division (RaftServerImpl.java:setRole(379)) - d0e3d241-91aa-4721-8188-ae5e0af11890@group-475F844C1692: changes role from  FOLLOWER to CANDIDATE at term 0 for changeToCandidate
2023-12-19 18:18:05,231 [d0e3d241-91aa-4721-8188-ae5e0af11890@group-475F844C1692-FollowerState] INFO  server.RaftServerConfigKeys (ConfUtils.java:logGet(46)) - raft.server.leaderelection.pre-vote = true (default)
2023-12-19 18:18:05,231 [d0e3d241-91aa-4721-8188-ae5e0af11890@group-475F844C1692-FollowerState] INFO  impl.RoleInfo (RoleInfo.java:updateAndGet(139)) - d0e3d241-91aa-4721-8188-ae5e0af11890: start d0e3d241-91aa-4721-8188-ae5e0af11890@group-475F844C1692-LeaderElection2
2023-12-19 18:18:05,233 [d0e3d241-91aa-4721-8188-ae5e0af11890@group-475F844C1692-LeaderElection2] INFO  impl.LeaderElection (LeaderElection.java:askForVotes(323)) - d0e3d241-91aa-4721-8188-ae5e0af11890@group-475F844C1692-LeaderElection2 PRE_VOTE round 0: submit vote requests at term 0 for -1: peers:[d0e3d241-91aa-4721-8188-ae5e0af11890|10.1.0.19:15014]|listeners:[], old=null
2023-12-19 18:18:05,233 [d0e3d241-91aa-4721-8188-ae5e0af11890@group-475F844C1692-LeaderElection2] INFO  impl.LeaderElection (LeaderElection.java:askForVotes(325)) - d0e3d241-91aa-4721-8188-ae5e0af11890@group-475F844C1692-LeaderElection2 PRE_VOTE round 0: result PASSED (term=0)
2023-12-19 18:18:05,234 [d0e3d241-91aa-4721-8188-ae5e0af11890@group-475F844C1692-LeaderElection2] INFO  impl.LeaderElection (LeaderElection.java:askForVotes(323)) - d0e3d241-91aa-4721-8188-ae5e0af11890@group-475F844C1692-LeaderElection2 ELECTION round 0: submit vote requests at term 1 for -1: peers:[d0e3d241-91aa-4721-8188-ae5e0af11890|10.1.0.19:15014]|listeners:[], old=null
2023-12-19 18:18:05,234 [d0e3d241-91aa-4721-8188-ae5e0af11890@group-475F844C1692-LeaderElection2] INFO  impl.LeaderElection (LeaderElection.java:askForVotes(325)) - d0e3d241-91aa-4721-8188-ae5e0af11890@group-475F844C1692-LeaderElection2 ELECTION round 0: result PASSED (term=1)
2023-12-19 18:18:05,234 [d0e3d241-91aa-4721-8188-ae5e0af11890@group-475F844C1692-LeaderElection2] INFO  impl.RoleInfo (RoleInfo.java:shutdownLeaderElection(130)) - d0e3d241-91aa-4721-8188-ae5e0af11890: shutdown d0e3d241-91aa-4721-8188-ae5e0af11890@group-475F844C1692-LeaderElection2
2023-12-19 18:18:05,234 [d0e3d241-91aa-4721-8188-ae5e0af11890@group-475F844C1692-LeaderElection2] INFO  server.RaftServer$Division (RaftServerImpl.java:setRole(379)) - d0e3d241-91aa-4721-8188-ae5e0af11890@group-475F844C1692: changes role from CANDIDATE to LEADER at term 1 for changeToLeader
2023-12-19 18:18:05,234 [d0e3d241-91aa-4721-8188-ae5e0af11890@group-475F844C1692-LeaderElection2] INFO  server.RaftServerConfigKeys (ConfUtils.java:logGet(46)) - raft.server.staging.catchup.gap = 1000 (default)
2023-12-19 18:18:05,235 [d0e3d241-91aa-4721-8188-ae5e0af11890@group-475F844C1692-LeaderElection2] INFO  server.RaftServerConfigKeys (ConfUtils.java:logGet(46)) - raft.server.write.element-limit = 1024 (custom)
2023-12-19 18:18:05,235 [d0e3d241-91aa-4721-8188-ae5e0af11890@group-475F844C1692-LeaderElection2] INFO  server.RaftServerConfigKeys (ConfUtils.java:logGet(46)) - raft.server.write.byte-limit = 1024 M (=1073741824) (custom)
2023-12-19 18:18:05,235 [d0e3d241-91aa-4721-8188-ae5e0af11890@group-475F844C1692-LeaderElection2] INFO  server.RaftServerConfigKeys (ConfUtils.java:logGet(46)) - raft.server.watch.timeout = 180s (custom)
2023-12-19 18:18:05,235 [d0e3d241-91aa-4721-8188-ae5e0af11890@group-475F844C1692-LeaderElection2] INFO  server.RaftServerConfigKeys (ConfUtils.java:logGet(46)) - raft.server.watch.timeout.denomination = 1s (default)
2023-12-19 18:18:05,235 [d0e3d241-91aa-4721-8188-ae5e0af11890@group-475F844C1692-LeaderElection2] INFO  server.RaftServerConfigKeys (ConfUtils.java:logGet(46)) - raft.server.watch.element-limit = 65536 (default)
2023-12-19 18:18:05,235 [d0e3d241-91aa-4721-8188-ae5e0af11890@group-475F844C1692-LeaderElection2] INFO  server.RaftServerConfigKeys (ConfUtils.java:logGet(46)) - raft.server.read.leader.lease.enabled = false (default)
2023-12-19 18:18:05,235 [d0e3d241-91aa-4721-8188-ae5e0af11890@group-475F844C1692-LeaderElection2] INFO  server.RaftServerConfigKeys (ConfUtils.java:logGet(46)) - raft.server.read.leader.lease.timeout.ratio = 0.9 (default)
2023-12-19 18:18:05,235 [d0e3d241-91aa-4721-8188-ae5e0af11890@group-475F844C1692-LeaderElection2] INFO  server.RaftServerConfigKeys (ConfUtils.java:logGet(46)) - raft.server.rpc.timeout.min = 5s (custom)
2023-12-19 18:18:05,235 [d0e3d241-91aa-4721-8188-ae5e0af11890@group-475F844C1692-LeaderElection2] INFO  server.RaftServerConfigKeys (ConfUtils.java:logGet(46)) - raft.server.write.element-limit = 1024 (custom)
2023-12-19 18:18:05,235 [d0e3d241-91aa-4721-8188-ae5e0af11890@group-475F844C1692-LeaderElection2] INFO  server.RaftServerConfigKeys (ConfUtils.java:logGet(46)) - raft.server.write.follower.gap.ratio.max = -1.0 (default)
2023-12-19 18:18:05,235 [d0e3d241-91aa-4721-8188-ae5e0af11890@group-475F844C1692-LeaderElection2] INFO  impl.RoleInfo (RoleInfo.java:updateAndGet(139)) - d0e3d241-91aa-4721-8188-ae5e0af11890: start d0e3d241-91aa-4721-8188-ae5e0af11890@group-475F844C1692-LeaderStateImpl
2023-12-19 18:18:05,235 [d0e3d241-91aa-4721-8188-ae5e0af11890@group-475F844C1692-LeaderElection2] INFO  server.RaftServer$Division (RaftServerImpl.java:setFirstElection(564)) - d0e3d241-91aa-4721-8188-ae5e0af11890@group-475F844C1692: set firstElectionSinceStartup to false for becomeLeader
2023-12-19 18:18:05,236 [d0e3d241-91aa-4721-8188-ae5e0af11890@group-475F844C1692-LeaderElection2] INFO  ratis.XceiverServerRatis (XceiverServerRatis.java:handleLeaderChangedNotification(935)) - Leader change notification received for group: group-475F844C1692 with new leaderId: d0e3d241-91aa-4721-8188-ae5e0af11890
2023-12-19 18:18:05,236 [d0e3d241-91aa-4721-8188-ae5e0af11890@group-475F844C1692-LeaderElection2] INFO  server.RaftServer$Division (ServerState.java:setLeader(265)) - d0e3d241-91aa-4721-8188-ae5e0af11890@group-475F844C1692: change Leader from null to d0e3d241-91aa-4721-8188-ae5e0af11890 at term 1 for becomeLeader, leader elected after 5243ms
2023-12-19 18:18:05,236 [d0e3d241-91aa-4721-8188-ae5e0af11890@group-475F844C1692-LeaderElection2] INFO  segmented.SegmentedRaftLogWorker (SegmentedRaftLogWorker.java:startLogSegment(428)) - d0e3d241-91aa-4721-8188-ae5e0af11890@group-475F844C1692-SegmentedRaftLogWorker: Starting segment from index:0
2023-12-19 18:18:05,240 [d0e3d241-91aa-4721-8188-ae5e0af11890@group-475F844C1692-LeaderElection2] INFO  server.RaftServer$Division (ServerState.java:setRaftConf(382)) - d0e3d241-91aa-4721-8188-ae5e0af11890@group-475F844C1692: set configuration 0: peers:[d0e3d241-91aa-4721-8188-ae5e0af11890|10.1.0.19:15014]|listeners:[], old=null
2023-12-19 18:18:05,241 [d0e3d241-91aa-4721-8188-ae5e0af11890@group-C09D2DD42166-FollowerState] INFO  impl.FollowerState (FollowerState.java:run(143)) - d0e3d241-91aa-4721-8188-ae5e0af11890@group-C09D2DD42166-FollowerState: change to CANDIDATE, lastRpcElapsedTime:5171503071ns, electionTimeout:5171ms
2023-12-19 18:18:05,242 [d0e3d241-91aa-4721-8188-ae5e0af11890@group-C09D2DD42166-FollowerState] INFO  impl.RoleInfo (RoleInfo.java:shutdownFollowerState(110)) - d0e3d241-91aa-4721-8188-ae5e0af11890: shutdown d0e3d241-91aa-4721-8188-ae5e0af11890@group-C09D2DD42166-FollowerState
2023-12-19 18:18:05,242 [d0e3d241-91aa-4721-8188-ae5e0af11890@group-C09D2DD42166-FollowerState] INFO  server.RaftServer$Division (RaftServerImpl.java:setRole(379)) - d0e3d241-91aa-4721-8188-ae5e0af11890@group-C09D2DD42166: changes role from  FOLLOWER to CANDIDATE at term 0 for changeToCandidate
2023-12-19 18:18:05,242 [EventQueue-OpenPipelineForHealthyPipelineSafeModeRule] INFO  safemode.SCMSafeModeManager (HealthyPipelineSafeModeRule.java:process(140)) - SCM in safe mode. Healthy pipelines reported count is 0, required healthy pipeline reported count is 1
2023-12-19 18:18:05,242 [d0e3d241-91aa-4721-8188-ae5e0af11890@group-C09D2DD42166-FollowerState] INFO  server.RaftServerConfigKeys (ConfUtils.java:logGet(46)) - raft.server.leaderelection.pre-vote = true (default)
2023-12-19 18:18:05,242 [d0e3d241-91aa-4721-8188-ae5e0af11890@group-C09D2DD42166-FollowerState] INFO  impl.RoleInfo (RoleInfo.java:updateAndGet(139)) - d0e3d241-91aa-4721-8188-ae5e0af11890: start d0e3d241-91aa-4721-8188-ae5e0af11890@group-C09D2DD42166-LeaderElection3
2023-12-19 18:18:05,245 [d0e3d241-91aa-4721-8188-ae5e0af11890@group-475F844C1692-SegmentedRaftLogWorker] INFO  segmented.SegmentedRaftLogWorker (SegmentedRaftLogWorker.java:execute(632)) - d0e3d241-91aa-4721-8188-ae5e0af11890@group-475F844C1692-SegmentedRaftLogWorker: created new log segment /home/runner/work/ozone/ozone/hadoop-ozone/integration-test/target/test-dir/MiniOzoneClusterImpl-c3f67427-b36b-4ee4-bde0-91623ce58163/datanode-0/data/ratis/b0913953-c2b7-42d5-8b34-475f844c1692/current/log_inprogress_0
2023-12-19 18:18:05,246 [d0e3d241-91aa-4721-8188-ae5e0af11890@group-C09D2DD42166-LeaderElection3] INFO  impl.LeaderElection (LeaderElection.java:askForVotes(323)) - d0e3d241-91aa-4721-8188-ae5e0af11890@group-C09D2DD42166-LeaderElection3 PRE_VOTE round 0: submit vote requests at term 0 for -1: peers:[d0e3d241-91aa-4721-8188-ae5e0af11890|10.1.0.19:15014, e7599229-5a8e-48b0-86e7-2247601ad11a|10.1.0.19:15023, a1d25c87-0c45-4075-9fe0-f0708f172712|10.1.0.19:15032]|listeners:[], old=null
2023-12-19 18:18:05,248 [d0e3d241-91aa-4721-8188-ae5e0af11890@group-475F844C1692-StateMachineUpdater] INFO  server.RaftServer$Division (LeaderStateImpl.java:isApplied(316)) - leader is ready since appliedIndex == 0 >= startIndex == 0
2023-12-19 18:18:05,251 [d0e3d241-91aa-4721-8188-ae5e0af11890@group-C09D2DD42166-LeaderElection3] INFO  server.RaftServerConfigKeys (ConfUtils.java:logFallback(53)) - raft.server.rpc.first-election.timeout.min = 5s (fallback to raft.server.rpc.timeout.min)
2023-12-19 18:18:05,251 [d0e3d241-91aa-4721-8188-ae5e0af11890@group-C09D2DD42166-LeaderElection3] INFO  server.RaftServerConfigKeys (ConfUtils.java:logFallback(53)) - raft.server.rpc.first-election.timeout.max = 5200ms (fallback to raft.server.rpc.timeout.max)
2023-12-19 18:18:05,251 [d0e3d241-91aa-4721-8188-ae5e0af11890@group-C09D2DD42166-LeaderElection3-1] INFO  server.GrpcServerProtocolClient (GrpcServerProtocolClient.java:<init>(65)) - Build channel for e7599229-5a8e-48b0-86e7-2247601ad11a
2023-12-19 18:18:05,251 [d0e3d241-91aa-4721-8188-ae5e0af11890@group-C09D2DD42166-LeaderElection3-2] INFO  server.GrpcServerProtocolClient (GrpcServerProtocolClient.java:<init>(65)) - Build channel for a1d25c87-0c45-4075-9fe0-f0708f172712
2023-12-19 18:18:05,259 [grpc-default-executor-0] INFO  server.RaftServer$Division (RaftServerImpl.java:requestVote(1377)) - e7599229-5a8e-48b0-86e7-2247601ad11a@group-C09D2DD42166: receive requestVote(PRE_VOTE, d0e3d241-91aa-4721-8188-ae5e0af11890, group-C09D2DD42166, 0, (t:0, i:0))
2023-12-19 18:18:05,261 [grpc-default-executor-1] INFO  server.RaftServer$Division (RaftServerImpl.java:requestVote(1377)) - a1d25c87-0c45-4075-9fe0-f0708f172712@group-C09D2DD42166: receive requestVote(PRE_VOTE, d0e3d241-91aa-4721-8188-ae5e0af11890, group-C09D2DD42166, 0, (t:0, i:0))
2023-12-19 18:18:05,261 [grpc-default-executor-0] INFO  impl.VoteContext (VoteContext.java:log(49)) - e7599229-5a8e-48b0-86e7-2247601ad11a@group-C09D2DD42166-FOLLOWER: accept PRE_VOTE from d0e3d241-91aa-4721-8188-ae5e0af11890: our priority 0 <= candidate's priority 0
2023-12-19 18:18:05,261 [grpc-default-executor-1] INFO  impl.VoteContext (VoteContext.java:log(49)) - a1d25c87-0c45-4075-9fe0-f0708f172712@group-C09D2DD42166-FOLLOWER: reject PRE_VOTE from d0e3d241-91aa-4721-8188-ae5e0af11890: our priority 1 > candidate's priority 0
2023-12-19 18:18:05,264 [grpc-default-executor-0] INFO  server.RaftServer$Division (RaftServerImpl.java:requestVote(1410)) - e7599229-5a8e-48b0-86e7-2247601ad11a@group-C09D2DD42166 replies to PRE_VOTE vote request: d0e3d241-91aa-4721-8188-ae5e0af11890<-e7599229-5a8e-48b0-86e7-2247601ad11a#0:OK-t0. Peer's state: e7599229-5a8e-48b0-86e7-2247601ad11a@group-C09D2DD42166:t0, leader=null, voted=, raftlog=Memoized:e7599229-5a8e-48b0-86e7-2247601ad11a@group-C09D2DD42166-SegmentedRaftLog:OPENED:c-1, conf=-1: peers:[d0e3d241-91aa-4721-8188-ae5e0af11890|10.1.0.19:15014, e7599229-5a8e-48b0-86e7-2247601ad11a|10.1.0.19:15023, a1d25c87-0c45-4075-9fe0-f0708f172712|10.1.0.19:15032]|listeners:[], old=null
2023-12-19 18:18:05,264 [grpc-default-executor-1] INFO  server.RaftServer$Division (RaftServerImpl.java:requestVote(1410)) - a1d25c87-0c45-4075-9fe0-f0708f172712@group-C09D2DD42166 replies to PRE_VOTE vote request: d0e3d241-91aa-4721-8188-ae5e0af11890<-a1d25c87-0c45-4075-9fe0-f0708f172712#0:FAIL-t0. Peer's state: a1d25c87-0c45-4075-9fe0-f0708f172712@group-C09D2DD42166:t0, leader=null, voted=, raftlog=Memoized:a1d25c87-0c45-4075-9fe0-f0708f172712@group-C09D2DD42166-SegmentedRaftLog:OPENED:c-1, conf=-1: peers:[d0e3d241-91aa-4721-8188-ae5e0af11890|10.1.0.19:15014, e7599229-5a8e-48b0-86e7-2247601ad11a|10.1.0.19:15023, a1d25c87-0c45-4075-9fe0-f0708f172712|10.1.0.19:15032]|listeners:[], old=null
2023-12-19 18:18:05,269 [d0e3d241-91aa-4721-8188-ae5e0af11890@group-C09D2DD42166-LeaderElection3] INFO  impl.LeaderElection (LeaderElection.java:logAndReturn(89)) - d0e3d241-91aa-4721-8188-ae5e0af11890@group-C09D2DD42166-LeaderElection3: PRE_VOTE REJECTED received 1 response(s) and 0 exception(s):
2023-12-19 18:18:05,269 [d0e3d241-91aa-4721-8188-ae5e0af11890@group-C09D2DD42166-LeaderElection3] INFO  impl.LeaderElection (LeaderElection.java:logAndReturn(93)) -   Response 0: d0e3d241-91aa-4721-8188-ae5e0af11890<-a1d25c87-0c45-4075-9fe0-f0708f172712#0:FAIL-t0
2023-12-19 18:18:05,269 [d0e3d241-91aa-4721-8188-ae5e0af11890@group-C09D2DD42166-LeaderElection3] INFO  impl.LeaderElection (LeaderElection.java:askForVotes(325)) - d0e3d241-91aa-4721-8188-ae5e0af11890@group-C09D2DD42166-LeaderElection3 PRE_VOTE round 0: result REJECTED
2023-12-19 18:18:05,269 [d0e3d241-91aa-4721-8188-ae5e0af11890@group-C09D2DD42166-LeaderElection3] INFO  server.RaftServer$Division (RaftServerImpl.java:setRole(379)) - d0e3d241-91aa-4721-8188-ae5e0af11890@group-C09D2DD42166: changes role from CANDIDATE to FOLLOWER at term 0 for REJECTED
2023-12-19 18:18:05,269 [d0e3d241-91aa-4721-8188-ae5e0af11890@group-C09D2DD42166-LeaderElection3] INFO  impl.RoleInfo (RoleInfo.java:shutdownLeaderElection(130)) - d0e3d241-91aa-4721-8188-ae5e0af11890: shutdown d0e3d241-91aa-4721-8188-ae5e0af11890@group-C09D2DD42166-LeaderElection3
2023-12-19 18:18:05,270 [d0e3d241-91aa-4721-8188-ae5e0af11890@group-C09D2DD42166-LeaderElection3] INFO  impl.RoleInfo (RoleInfo.java:updateAndGet(139)) - d0e3d241-91aa-4721-8188-ae5e0af11890: start d0e3d241-91aa-4721-8188-ae5e0af11890@group-C09D2DD42166-FollowerState
2023-12-19 18:18:05,274 [d0e3d241-91aa-4721-8188-ae5e0af11890@group-C09D2DD42166-LeaderElection3] INFO  server.RaftServer$Division (RaftServerImpl.java:setFirstElection(564)) - d0e3d241-91aa-4721-8188-ae5e0af11890@group-C09D2DD42166: set firstElectionSinceStartup to false for REJECTED
2023-12-19 18:18:05,312 [e7599229-5a8e-48b0-86e7-2247601ad11a@group-8A49F5043956-FollowerState] INFO  impl.FollowerState (FollowerState.java:run(143)) - e7599229-5a8e-48b0-86e7-2247601ad11a@group-8A49F5043956-FollowerState: change to CANDIDATE, lastRpcElapsedTime:5070107006ns, electionTimeout:5047ms
2023-12-19 18:18:05,312 [e7599229-5a8e-48b0-86e7-2247601ad11a@group-8A49F5043956-FollowerState] INFO  impl.RoleInfo (RoleInfo.java:shutdownFollowerState(110)) - e7599229-5a8e-48b0-86e7-2247601ad11a: shutdown e7599229-5a8e-48b0-86e7-2247601ad11a@group-8A49F5043956-FollowerState
2023-12-19 18:18:05,312 [e7599229-5a8e-48b0-86e7-2247601ad11a@group-8A49F5043956-FollowerState] INFO  server.RaftServer$Division (RaftServerImpl.java:setRole(379)) - e7599229-5a8e-48b0-86e7-2247601ad11a@group-8A49F5043956: changes role from  FOLLOWER to CANDIDATE at term 0 for changeToCandidate
2023-12-19 18:18:05,312 [e7599229-5a8e-48b0-86e7-2247601ad11a@group-8A49F5043956-FollowerState] INFO  server.RaftServerConfigKeys (ConfUtils.java:logGet(46)) - raft.server.leaderelection.pre-vote = true (default)
2023-12-19 18:18:05,312 [e7599229-5a8e-48b0-86e7-2247601ad11a@group-8A49F5043956-FollowerState] INFO  impl.RoleInfo (RoleInfo.java:updateAndGet(139)) - e7599229-5a8e-48b0-86e7-2247601ad11a: start e7599229-5a8e-48b0-86e7-2247601ad11a@group-8A49F5043956-LeaderElection4
2023-12-19 18:18:05,314 [e7599229-5a8e-48b0-86e7-2247601ad11a@group-8A49F5043956-LeaderElection4] INFO  impl.LeaderElection (LeaderElection.java:askForVotes(323)) - e7599229-5a8e-48b0-86e7-2247601ad11a@group-8A49F5043956-LeaderElection4 PRE_VOTE round 0: submit vote requests at term 0 for -1: peers:[e7599229-5a8e-48b0-86e7-2247601ad11a|10.1.0.19:15023]|listeners:[], old=null
2023-12-19 18:18:05,314 [e7599229-5a8e-48b0-86e7-2247601ad11a@group-8A49F5043956-LeaderElection4] INFO  impl.LeaderElection (LeaderElection.java:askForVotes(325)) - e7599229-5a8e-48b0-86e7-2247601ad11a@group-8A49F5043956-LeaderElection4 PRE_VOTE round 0: result PASSED (term=0)
2023-12-19 18:18:05,315 [e7599229-5a8e-48b0-86e7-2247601ad11a@group-8A49F5043956-LeaderElection4] INFO  impl.LeaderElection (LeaderElection.java:askForVotes(323)) - e7599229-5a8e-48b0-86e7-2247601ad11a@group-8A49F5043956-LeaderElection4 ELECTION round 0: submit vote requests at term 1 for -1: peers:[e7599229-5a8e-48b0-86e7-2247601ad11a|10.1.0.19:15023]|listeners:[], old=null
2023-12-19 18:18:05,315 [e7599229-5a8e-48b0-86e7-2247601ad11a@group-8A49F5043956-LeaderElection4] INFO  impl.LeaderElection (LeaderElection.java:askForVotes(325)) - e7599229-5a8e-48b0-86e7-2247601ad11a@group-8A49F5043956-LeaderElection4 ELECTION round 0: result PASSED (term=1)
2023-12-19 18:18:05,315 [e7599229-5a8e-48b0-86e7-2247601ad11a@group-8A49F5043956-LeaderElection4] INFO  impl.RoleInfo (RoleInfo.java:shutdownLeaderElection(130)) - e7599229-5a8e-48b0-86e7-2247601ad11a: shutdown e7599229-5a8e-48b0-86e7-2247601ad11a@group-8A49F5043956-LeaderElection4
2023-12-19 18:18:05,315 [e7599229-5a8e-48b0-86e7-2247601ad11a@group-8A49F5043956-LeaderElection4] INFO  server.RaftServer$Division (RaftServerImpl.java:setRole(379)) - e7599229-5a8e-48b0-86e7-2247601ad11a@group-8A49F5043956: changes role from CANDIDATE to LEADER at term 1 for changeToLeader
2023-12-19 18:18:05,315 [e7599229-5a8e-48b0-86e7-2247601ad11a@group-8A49F5043956-LeaderElection4] INFO  server.RaftServerConfigKeys (ConfUtils.java:logGet(46)) - raft.server.staging.catchup.gap = 1000 (default)
2023-12-19 18:18:05,315 [e7599229-5a8e-48b0-86e7-2247601ad11a@group-8A49F5043956-LeaderElection4] INFO  server.RaftServerConfigKeys (ConfUtils.java:logGet(46)) - raft.server.write.element-limit = 1024 (custom)
2023-12-19 18:18:05,315 [e7599229-5a8e-48b0-86e7-2247601ad11a@group-8A49F5043956-LeaderElection4] INFO  server.RaftServerConfigKeys (ConfUtils.java:logGet(46)) - raft.server.write.byte-limit = 1024 M (=1073741824) (custom)
2023-12-19 18:18:05,316 [e7599229-5a8e-48b0-86e7-2247601ad11a@group-8A49F5043956-LeaderElection4] INFO  server.RaftServerConfigKeys (ConfUtils.java:logGet(46)) - raft.server.watch.timeout = 180s (custom)
2023-12-19 18:18:05,316 [e7599229-5a8e-48b0-86e7-2247601ad11a@group-8A49F5043956-LeaderElection4] INFO  server.RaftServerConfigKeys (ConfUtils.java:logGet(46)) - raft.server.watch.timeout.denomination = 1s (default)
2023-12-19 18:18:05,316 [e7599229-5a8e-48b0-86e7-2247601ad11a@group-8A49F5043956-LeaderElection4] INFO  server.RaftServerConfigKeys (ConfUtils.java:logGet(46)) - raft.server.watch.element-limit = 65536 (default)
2023-12-19 18:18:05,316 [e7599229-5a8e-48b0-86e7-2247601ad11a@group-8A49F5043956-LeaderElection4] INFO  server.RaftServerConfigKeys (ConfUtils.java:logGet(46)) - raft.server.read.leader.lease.enabled = false (default)
2023-12-19 18:18:05,316 [e7599229-5a8e-48b0-86e7-2247601ad11a@group-8A49F5043956-LeaderElection4] INFO  server.RaftServerConfigKeys (ConfUtils.java:logGet(46)) - raft.server.read.leader.lease.timeout.ratio = 0.9 (default)
2023-12-19 18:18:05,316 [e7599229-5a8e-48b0-86e7-2247601ad11a@group-8A49F5043956-LeaderElection4] INFO  server.RaftServerConfigKeys (ConfUtils.java:logGet(46)) - raft.server.rpc.timeout.min = 5s (custom)
2023-12-19 18:18:05,316 [e7599229-5a8e-48b0-86e7-2247601ad11a@group-8A49F5043956-LeaderElection4] INFO  server.RaftServerConfigKeys (ConfUtils.java:logGet(46)) - raft.server.write.element-limit = 1024 (custom)
2023-12-19 18:18:05,316 [e7599229-5a8e-48b0-86e7-2247601ad11a@group-8A49F5043956-LeaderElection4] INFO  server.RaftServerConfigKeys (ConfUtils.java:logGet(46)) - raft.server.write.follower.gap.ratio.max = -1.0 (default)
2023-12-19 18:18:05,316 [e7599229-5a8e-48b0-86e7-2247601ad11a@group-8A49F5043956-LeaderElection4] INFO  impl.RoleInfo (RoleInfo.java:updateAndGet(139)) - e7599229-5a8e-48b0-86e7-2247601ad11a: start e7599229-5a8e-48b0-86e7-2247601ad11a@group-8A49F5043956-LeaderStateImpl
2023-12-19 18:18:05,316 [e7599229-5a8e-48b0-86e7-2247601ad11a@group-8A49F5043956-LeaderElection4] INFO  server.RaftServer$Division (RaftServerImpl.java:setFirstElection(564)) - e7599229-5a8e-48b0-86e7-2247601ad11a@group-8A49F5043956: set firstElectionSinceStartup to false for becomeLeader
2023-12-19 18:18:05,316 [e7599229-5a8e-48b0-86e7-2247601ad11a@group-8A49F5043956-LeaderElection4] INFO  ratis.XceiverServerRatis (XceiverServerRatis.java:handleLeaderChangedNotification(935)) - Leader change notification received for group: group-8A49F5043956 with new leaderId: e7599229-5a8e-48b0-86e7-2247601ad11a
2023-12-19 18:18:05,317 [e7599229-5a8e-48b0-86e7-2247601ad11a@group-8A49F5043956-LeaderElection4] INFO  server.RaftServer$Division (ServerState.java:setLeader(265)) - e7599229-5a8e-48b0-86e7-2247601ad11a@group-8A49F5043956: change Leader from null to e7599229-5a8e-48b0-86e7-2247601ad11a at term 1 for becomeLeader, leader elected after 5117ms
2023-12-19 18:18:05,317 [e7599229-5a8e-48b0-86e7-2247601ad11a@group-8A49F5043956-LeaderElection4] INFO  segmented.SegmentedRaftLogWorker (SegmentedRaftLogWorker.java:startLogSegment(428)) - e7599229-5a8e-48b0-86e7-2247601ad11a@group-8A49F5043956-SegmentedRaftLogWorker: Starting segment from index:0
2023-12-19 18:18:05,318 [EventQueue-OpenPipelineForHealthyPipelineSafeModeRule] INFO  safemode.SCMSafeModeManager (HealthyPipelineSafeModeRule.java:process(140)) - SCM in safe mode. Healthy pipelines reported count is 0, required healthy pipeline reported count is 1
2023-12-19 18:18:05,321 [e7599229-5a8e-48b0-86e7-2247601ad11a@group-8A49F5043956-LeaderElection4] INFO  server.RaftServer$Division (ServerState.java:setRaftConf(382)) - e7599229-5a8e-48b0-86e7-2247601ad11a@group-8A49F5043956: set configuration 0: peers:[e7599229-5a8e-48b0-86e7-2247601ad11a|10.1.0.19:15023]|listeners:[], old=null
2023-12-19 18:18:05,324 [e7599229-5a8e-48b0-86e7-2247601ad11a@group-8A49F5043956-SegmentedRaftLogWorker] INFO  segmented.SegmentedRaftLogWorker (SegmentedRaftLogWorker.java:execute(632)) - e7599229-5a8e-48b0-86e7-2247601ad11a@group-8A49F5043956-SegmentedRaftLogWorker: created new log segment /home/runner/work/ozone/ozone/hadoop-ozone/integration-test/target/test-dir/MiniOzoneClusterImpl-c3f67427-b36b-4ee4-bde0-91623ce58163/datanode-1/data/ratis/843437e4-c25a-4275-9f4b-8a49f5043956/current/log_inprogress_0
2023-12-19 18:18:05,325 [e7599229-5a8e-48b0-86e7-2247601ad11a@group-8A49F5043956-StateMachineUpdater] INFO  server.RaftServer$Division (LeaderStateImpl.java:isApplied(316)) - leader is ready since appliedIndex == 0 >= startIndex == 0
2023-12-19 18:18:05,382 [e7599229-5a8e-48b0-86e7-2247601ad11a@group-C09D2DD42166-FollowerState] INFO  server.RaftServerConfigKeys (ConfUtils.java:logFallback(53)) - raft.server.rpc.first-election.timeout.min = 5s (fallback to raft.server.rpc.timeout.min)
2023-12-19 18:18:05,382 [e7599229-5a8e-48b0-86e7-2247601ad11a@group-C09D2DD42166-FollowerState] INFO  server.RaftServerConfigKeys (ConfUtils.java:logFallback(53)) - raft.server.rpc.first-election.timeout.max = 5200ms (fallback to raft.server.rpc.timeout.max)
2023-12-19 18:18:05,423 [a1d25c87-0c45-4075-9fe0-f0708f172712@group-C09D2DD42166-FollowerState] INFO  impl.FollowerState (FollowerState.java:run(143)) - a1d25c87-0c45-4075-9fe0-f0708f172712@group-C09D2DD42166-FollowerState: change to CANDIDATE, lastRpcElapsedTime:5025304230ns, electionTimeout:5023ms
2023-12-19 18:18:05,424 [a1d25c87-0c45-4075-9fe0-f0708f172712@group-C09D2DD42166-FollowerState] INFO  impl.RoleInfo (RoleInfo.java:shutdownFollowerState(110)) - a1d25c87-0c45-4075-9fe0-f0708f172712: shutdown a1d25c87-0c45-4075-9fe0-f0708f172712@group-C09D2DD42166-FollowerState
2023-12-19 18:18:05,424 [a1d25c87-0c45-4075-9fe0-f0708f172712@group-C09D2DD42166-FollowerState] INFO  server.RaftServer$Division (RaftServerImpl.java:setRole(379)) - a1d25c87-0c45-4075-9fe0-f0708f172712@group-C09D2DD42166: changes role from  FOLLOWER to CANDIDATE at term 0 for changeToCandidate
2023-12-19 18:18:05,424 [a1d25c87-0c45-4075-9fe0-f0708f172712@group-C09D2DD42166-FollowerState] INFO  server.RaftServerConfigKeys (ConfUtils.java:logGet(46)) - raft.server.leaderelection.pre-vote = true (default)
2023-12-19 18:18:05,424 [a1d25c87-0c45-4075-9fe0-f0708f172712@group-C09D2DD42166-FollowerState] INFO  impl.RoleInfo (RoleInfo.java:updateAndGet(139)) - a1d25c87-0c45-4075-9fe0-f0708f172712: start a1d25c87-0c45-4075-9fe0-f0708f172712@group-C09D2DD42166-LeaderElection5
2023-12-19 18:18:05,425 [a1d25c87-0c45-4075-9fe0-f0708f172712@group-C09D2DD42166-LeaderElection5] INFO  impl.LeaderElection (LeaderElection.java:askForVotes(323)) - a1d25c87-0c45-4075-9fe0-f0708f172712@group-C09D2DD42166-LeaderElection5 PRE_VOTE round 0: submit vote requests at term 0 for -1: peers:[d0e3d241-91aa-4721-8188-ae5e0af11890|10.1.0.19:15014, e7599229-5a8e-48b0-86e7-2247601ad11a|10.1.0.19:15023, a1d25c87-0c45-4075-9fe0-f0708f172712|10.1.0.19:15032]|listeners:[], old=null
2023-12-19 18:18:05,426 [a1d25c87-0c45-4075-9fe0-f0708f172712@group-C09D2DD42166-LeaderElection5-1] INFO  server.GrpcServerProtocolClient (GrpcServerProtocolClient.java:<init>(65)) - Build channel for d0e3d241-91aa-4721-8188-ae5e0af11890
2023-12-19 18:18:05,426 [a1d25c87-0c45-4075-9fe0-f0708f172712@group-C09D2DD42166-LeaderElection5] INFO  server.RaftServerConfigKeys (ConfUtils.java:logFallback(53)) - raft.server.rpc.first-election.timeout.min = 5s (fallback to raft.server.rpc.timeout.min)
2023-12-19 18:18:05,426 [a1d25c87-0c45-4075-9fe0-f0708f172712@group-C09D2DD42166-LeaderElection5] INFO  server.RaftServerConfigKeys (ConfUtils.java:logFallback(53)) - raft.server.rpc.first-election.timeout.max = 5200ms (fallback to raft.server.rpc.timeout.max)
2023-12-19 18:18:05,426 [a1d25c87-0c45-4075-9fe0-f0708f172712@group-C09D2DD42166-LeaderElection5-2] INFO  server.GrpcServerProtocolClient (GrpcServerProtocolClient.java:<init>(65)) - Build channel for e7599229-5a8e-48b0-86e7-2247601ad11a
2023-12-19 18:18:05,431 [grpc-default-executor-1] INFO  server.RaftServer$Division (RaftServerImpl.java:requestVote(1377)) - d0e3d241-91aa-4721-8188-ae5e0af11890@group-C09D2DD42166: receive requestVote(PRE_VOTE, a1d25c87-0c45-4075-9fe0-f0708f172712, group-C09D2DD42166, 0, (t:0, i:0))
2023-12-19 18:18:05,431 [grpc-default-executor-1] INFO  impl.VoteContext (VoteContext.java:log(49)) - d0e3d241-91aa-4721-8188-ae5e0af11890@group-C09D2DD42166-FOLLOWER: accept PRE_VOTE from a1d25c87-0c45-4075-9fe0-f0708f172712: our priority 0 <= candidate's priority 1
2023-12-19 18:18:05,431 [grpc-default-executor-1] INFO  server.RaftServer$Division (RaftServerImpl.java:requestVote(1410)) - d0e3d241-91aa-4721-8188-ae5e0af11890@group-C09D2DD42166 replies to PRE_VOTE vote request: a1d25c87-0c45-4075-9fe0-f0708f172712<-d0e3d241-91aa-4721-8188-ae5e0af11890#0:OK-t0. Peer's state: d0e3d241-91aa-4721-8188-ae5e0af11890@group-C09D2DD42166:t0, leader=null, voted=, raftlog=Memoized:d0e3d241-91aa-4721-8188-ae5e0af11890@group-C09D2DD42166-SegmentedRaftLog:OPENED:c-1, conf=-1: peers:[d0e3d241-91aa-4721-8188-ae5e0af11890|10.1.0.19:15014, e7599229-5a8e-48b0-86e7-2247601ad11a|10.1.0.19:15023, a1d25c87-0c45-4075-9fe0-f0708f172712|10.1.0.19:15032]|listeners:[], old=null
2023-12-19 18:18:05,432 [a1d25c87-0c45-4075-9fe0-f0708f172712@group-C09D2DD42166-LeaderElection5] INFO  impl.LeaderElection (LeaderElection.java:logAndReturn(89)) - a1d25c87-0c45-4075-9fe0-f0708f172712@group-C09D2DD42166-LeaderElection5: PRE_VOTE PASSED received 1 response(s) and 0 exception(s):
2023-12-19 18:18:05,432 [a1d25c87-0c45-4075-9fe0-f0708f172712@group-C09D2DD42166-LeaderElection5] INFO  impl.LeaderElection (LeaderElection.java:logAndReturn(93)) -   Response 0: a1d25c87-0c45-4075-9fe0-f0708f172712<-d0e3d241-91aa-4721-8188-ae5e0af11890#0:OK-t0
2023-12-19 18:18:05,432 [a1d25c87-0c45-4075-9fe0-f0708f172712@group-C09D2DD42166-LeaderElection5] INFO  impl.LeaderElection (LeaderElection.java:askForVotes(325)) - a1d25c87-0c45-4075-9fe0-f0708f172712@group-C09D2DD42166-LeaderElection5 PRE_VOTE round 0: result PASSED
2023-12-19 18:18:05,434 [a1d25c87-0c45-4075-9fe0-f0708f172712@group-C09D2DD42166-LeaderElection5] INFO  impl.LeaderElection (LeaderElection.java:askForVotes(323)) - a1d25c87-0c45-4075-9fe0-f0708f172712@group-C09D2DD42166-LeaderElection5 ELECTION round 0: submit vote requests at term 1 for -1: peers:[d0e3d241-91aa-4721-8188-ae5e0af11890|10.1.0.19:15014, e7599229-5a8e-48b0-86e7-2247601ad11a|10.1.0.19:15023, a1d25c87-0c45-4075-9fe0-f0708f172712|10.1.0.19:15032]|listeners:[], old=null
2023-12-19 18:18:05,435 [a1d25c87-0c45-4075-9fe0-f0708f172712@group-C09D2DD42166-LeaderElection5] INFO  server.RaftServerConfigKeys (ConfUtils.java:logFallback(53)) - raft.server.rpc.first-election.timeout.min = 5s (fallback to raft.server.rpc.timeout.min)
2023-12-19 18:18:05,435 [a1d25c87-0c45-4075-9fe0-f0708f172712@group-C09D2DD42166-LeaderElection5] INFO  server.RaftServerConfigKeys (ConfUtils.java:logFallback(53)) - raft.server.rpc.first-election.timeout.max = 5200ms (fallback to raft.server.rpc.timeout.max)
2023-12-19 18:18:05,435 [grpc-default-executor-1] INFO  server.RaftServer$Division (RaftServerImpl.java:requestVote(1377)) - e7599229-5a8e-48b0-86e7-2247601ad11a@group-C09D2DD42166: receive requestVote(PRE_VOTE, a1d25c87-0c45-4075-9fe0-f0708f172712, group-C09D2DD42166, 0, (t:0, i:0))
2023-12-19 18:18:05,435 [grpc-default-executor-1] INFO  impl.VoteContext (VoteContext.java:log(49)) - e7599229-5a8e-48b0-86e7-2247601ad11a@group-C09D2DD42166-FOLLOWER: accept PRE_VOTE from a1d25c87-0c45-4075-9fe0-f0708f172712: our priority 0 <= candidate's priority 1
2023-12-19 18:18:05,435 [grpc-default-executor-1] INFO  server.RaftServer$Division (RaftServerImpl.java:requestVote(1410)) - e7599229-5a8e-48b0-86e7-2247601ad11a@group-C09D2DD42166 replies to PRE_VOTE vote request: a1d25c87-0c45-4075-9fe0-f0708f172712<-e7599229-5a8e-48b0-86e7-2247601ad11a#0:OK-t0. Peer's state: e7599229-5a8e-48b0-86e7-2247601ad11a@group-C09D2DD42166:t0, leader=null, voted=, raftlog=Memoized:e7599229-5a8e-48b0-86e7-2247601ad11a@group-C09D2DD42166-SegmentedRaftLog:OPENED:c-1, conf=-1: peers:[d0e3d241-91aa-4721-8188-ae5e0af11890|10.1.0.19:15014, e7599229-5a8e-48b0-86e7-2247601ad11a|10.1.0.19:15023, a1d25c87-0c45-4075-9fe0-f0708f172712|10.1.0.19:15032]|listeners:[], old=null
2023-12-19 18:18:05,436 [grpc-default-executor-3] INFO  server.RaftServer$Division (RaftServerImpl.java:requestVote(1377)) - e7599229-5a8e-48b0-86e7-2247601ad11a@group-C09D2DD42166: receive requestVote(ELECTION, a1d25c87-0c45-4075-9fe0-f0708f172712, group-C09D2DD42166, 1, (t:0, i:0))
2023-12-19 18:18:05,437 [grpc-default-executor-1] INFO  server.RaftServer$Division (RaftServerImpl.java:requestVote(1377)) - d0e3d241-91aa-4721-8188-ae5e0af11890@group-C09D2DD42166: receive requestVote(ELECTION, a1d25c87-0c45-4075-9fe0-f0708f172712, group-C09D2DD42166, 1, (t:0, i:0))
2023-12-19 18:18:05,437 [grpc-default-executor-3] INFO  impl.VoteContext (VoteContext.java:log(49)) - e7599229-5a8e-48b0-86e7-2247601ad11a@group-C09D2DD42166-FOLLOWER: accept ELECTION from a1d25c87-0c45-4075-9fe0-f0708f172712: our priority 0 <= candidate's priority 1
2023-12-19 18:18:05,437 [grpc-default-executor-1] INFO  impl.VoteContext (VoteContext.java:log(49)) - d0e3d241-91aa-4721-8188-ae5e0af11890@group-C09D2DD42166-FOLLOWER: accept ELECTION from a1d25c87-0c45-4075-9fe0-f0708f172712: our priority 0 <= candidate's priority 1
2023-12-19 18:18:05,437 [grpc-default-executor-1] INFO  server.RaftServer$Division (RaftServerImpl.java:setRole(379)) - d0e3d241-91aa-4721-8188-ae5e0af11890@group-C09D2DD42166: changes role from  FOLLOWER to FOLLOWER at term 1 for candidate:a1d25c87-0c45-4075-9fe0-f0708f172712
2023-12-19 18:18:05,437 [grpc-default-executor-1] INFO  impl.RoleInfo (RoleInfo.java:shutdownFollowerState(110)) - d0e3d241-91aa-4721-8188-ae5e0af11890: shutdown d0e3d241-91aa-4721-8188-ae5e0af11890@group-C09D2DD42166-FollowerState
2023-12-19 18:18:05,437 [grpc-default-executor-1] INFO  impl.RoleInfo (RoleInfo.java:updateAndGet(139)) - d0e3d241-91aa-4721-8188-ae5e0af11890: start d0e3d241-91aa-4721-8188-ae5e0af11890@group-C09D2DD42166-FollowerState
2023-12-19 18:18:05,437 [d0e3d241-91aa-4721-8188-ae5e0af11890@group-C09D2DD42166-FollowerState] INFO  impl.FollowerState (FollowerState.java:run(152)) - d0e3d241-91aa-4721-8188-ae5e0af11890@group-C09D2DD42166-FollowerState was interrupted
2023-12-19 18:18:05,437 [grpc-default-executor-3] INFO  server.RaftServer$Division (RaftServerImpl.java:setRole(379)) - e7599229-5a8e-48b0-86e7-2247601ad11a@group-C09D2DD42166: changes role from  FOLLOWER to FOLLOWER at term 1 for candidate:a1d25c87-0c45-4075-9fe0-f0708f172712
2023-12-19 18:18:05,437 [grpc-default-executor-3] INFO  impl.RoleInfo (RoleInfo.java:shutdownFollowerState(110)) - e7599229-5a8e-48b0-86e7-2247601ad11a: shutdown e7599229-5a8e-48b0-86e7-2247601ad11a@group-C09D2DD42166-FollowerState
2023-12-19 18:18:05,437 [grpc-default-executor-3] INFO  impl.RoleInfo (RoleInfo.java:updateAndGet(139)) - e7599229-5a8e-48b0-86e7-2247601ad11a: start e7599229-5a8e-48b0-86e7-2247601ad11a@group-C09D2DD42166-FollowerState
2023-12-19 18:18:05,437 [e7599229-5a8e-48b0-86e7-2247601ad11a@group-C09D2DD42166-FollowerState] INFO  impl.FollowerState (FollowerState.java:run(152)) - e7599229-5a8e-48b0-86e7-2247601ad11a@group-C09D2DD42166-FollowerState was interrupted
2023-12-19 18:18:05,438 [grpc-default-executor-1] INFO  server.RaftServer$Division (RaftServerImpl.java:requestVote(1410)) - d0e3d241-91aa-4721-8188-ae5e0af11890@group-C09D2DD42166 replies to ELECTION vote request: a1d25c87-0c45-4075-9fe0-f0708f172712<-d0e3d241-91aa-4721-8188-ae5e0af11890#0:OK-t1. Peer's state: d0e3d241-91aa-4721-8188-ae5e0af11890@group-C09D2DD42166:t1, leader=null, voted=a1d25c87-0c45-4075-9fe0-f0708f172712, raftlog=Memoized:d0e3d241-91aa-4721-8188-ae5e0af11890@group-C09D2DD42166-SegmentedRaftLog:OPENED:c-1, conf=-1: peers:[d0e3d241-91aa-4721-8188-ae5e0af11890|10.1.0.19:15014, e7599229-5a8e-48b0-86e7-2247601ad11a|10.1.0.19:15023, a1d25c87-0c45-4075-9fe0-f0708f172712|10.1.0.19:15032]|listeners:[], old=null
2023-12-19 18:18:05,439 [grpc-default-executor-3] INFO  server.RaftServer$Division (RaftServerImpl.java:setFirstElection(564)) - e7599229-5a8e-48b0-86e7-2247601ad11a@group-C09D2DD42166: set firstElectionSinceStartup to false for candidate:a1d25c87-0c45-4075-9fe0-f0708f172712
2023-12-19 18:18:05,441 [a1d25c87-0c45-4075-9fe0-f0708f172712@group-C09D2DD42166-LeaderElection5] INFO  impl.LeaderElection (LeaderElection.java:logAndReturn(89)) - a1d25c87-0c45-4075-9fe0-f0708f172712@group-C09D2DD42166-LeaderElection5: ELECTION PASSED received 1 response(s) and 0 exception(s):
2023-12-19 18:18:05,445 [a1d25c87-0c45-4075-9fe0-f0708f172712@group-C09D2DD42166-LeaderElection5] INFO  impl.LeaderElection (LeaderElection.java:logAndReturn(93)) -   Response 0: a1d25c87-0c45-4075-9fe0-f0708f172712<-d0e3d241-91aa-4721-8188-ae5e0af11890#0:OK-t1
2023-12-19 18:18:05,445 [a1d25c87-0c45-4075-9fe0-f0708f172712@group-C09D2DD42166-LeaderElection5] INFO  impl.LeaderElection (LeaderElection.java:askForVotes(325)) - a1d25c87-0c45-4075-9fe0-f0708f172712@group-C09D2DD42166-LeaderElection5 ELECTION round 0: result PASSED
2023-12-19 18:18:05,445 [a1d25c87-0c45-4075-9fe0-f0708f172712@group-C09D2DD42166-LeaderElection5] INFO  impl.RoleInfo (RoleInfo.java:shutdownLeaderElection(130)) - a1d25c87-0c45-4075-9fe0-f0708f172712: shutdown a1d25c87-0c45-4075-9fe0-f0708f172712@group-C09D2DD42166-LeaderElection5
2023-12-19 18:18:05,445 [a1d25c87-0c45-4075-9fe0-f0708f172712@group-C09D2DD42166-LeaderElection5] INFO  server.RaftServer$Division (RaftServerImpl.java:setRole(379)) - a1d25c87-0c45-4075-9fe0-f0708f172712@group-C09D2DD42166: changes role from CANDIDATE to LEADER at term 1 for changeToLeader
2023-12-19 18:18:05,445 [a1d25c87-0c45-4075-9fe0-f0708f172712@group-C09D2DD42166-LeaderElection5] INFO  server.RaftServerConfigKeys (ConfUtils.java:logGet(46)) - raft.server.staging.catchup.gap = 1000 (default)
2023-12-19 18:18:05,446 [a1d25c87-0c45-4075-9fe0-f0708f172712@group-C09D2DD42166-LeaderElection5] INFO  server.RaftServerConfigKeys (ConfUtils.java:logGet(46)) - raft.server.write.element-limit = 1024 (custom)
2023-12-19 18:18:05,446 [a1d25c87-0c45-4075-9fe0-f0708f172712@group-C09D2DD42166-LeaderElection5] INFO  server.RaftServerConfigKeys (ConfUtils.java:logGet(46)) - raft.server.write.byte-limit = 1024 M (=1073741824) (custom)
2023-12-19 18:18:05,446 [grpc-default-executor-3] INFO  server.RaftServer$Division (RaftServerImpl.java:requestVote(1410)) - e7599229-5a8e-48b0-86e7-2247601ad11a@group-C09D2DD42166 replies to ELECTION vote request: a1d25c87-0c45-4075-9fe0-f0708f172712<-e7599229-5a8e-48b0-86e7-2247601ad11a#0:OK-t1. Peer's state: e7599229-5a8e-48b0-86e7-2247601ad11a@group-C09D2DD42166:t1, leader=null, voted=a1d25c87-0c45-4075-9fe0-f0708f172712, raftlog=Memoized:e7599229-5a8e-48b0-86e7-2247601ad11a@group-C09D2DD42166-SegmentedRaftLog:OPENED:c-1, conf=-1: peers:[d0e3d241-91aa-4721-8188-ae5e0af11890|10.1.0.19:15014, e7599229-5a8e-48b0-86e7-2247601ad11a|10.1.0.19:15023, a1d25c87-0c45-4075-9fe0-f0708f172712|10.1.0.19:15032]|listeners:[], old=null
2023-12-19 18:18:05,446 [a1d25c87-0c45-4075-9fe0-f0708f172712@group-C09D2DD42166-LeaderElection5] INFO  server.RaftServerConfigKeys (ConfUtils.java:logGet(46)) - raft.server.watch.timeout = 180s (custom)
2023-12-19 18:18:05,446 [a1d25c87-0c45-4075-9fe0-f0708f172712@group-C09D2DD42166-LeaderElection5] INFO  server.RaftServerConfigKeys (ConfUtils.java:logGet(46)) - raft.server.watch.timeout.denomination = 1s (default)
2023-12-19 18:18:05,446 [a1d25c87-0c45-4075-9fe0-f0708f172712@group-C09D2DD42166-LeaderElection5] INFO  server.RaftServerConfigKeys (ConfUtils.java:logGet(46)) - raft.server.watch.element-limit = 65536 (default)
2023-12-19 18:18:05,446 [a1d25c87-0c45-4075-9fe0-f0708f172712@group-C09D2DD42166-LeaderElection5] INFO  server.RaftServerConfigKeys (ConfUtils.java:logGet(46)) - raft.server.read.leader.lease.enabled = false (default)
2023-12-19 18:18:05,446 [a1d25c87-0c45-4075-9fe0-f0708f172712@group-C09D2DD42166-LeaderElection5] INFO  server.RaftServerConfigKeys (ConfUtils.java:logGet(46)) - raft.server.read.leader.lease.timeout.ratio = 0.9 (default)
2023-12-19 18:18:05,446 [a1d25c87-0c45-4075-9fe0-f0708f172712@group-C09D2DD42166-LeaderElection5] INFO  server.RaftServerConfigKeys (ConfUtils.java:logGet(46)) - raft.server.rpc.timeout.min = 5s (custom)
2023-12-19 18:18:05,447 [a1d25c87-0c45-4075-9fe0-f0708f172712@group-C09D2DD42166-LeaderElection5] INFO  server.RaftServerConfigKeys (ConfUtils.java:logGet(46)) - raft.server.write.element-limit = 1024 (custom)
2023-12-19 18:18:05,447 [a1d25c87-0c45-4075-9fe0-f0708f172712@group-C09D2DD42166-LeaderElection5] INFO  server.RaftServerConfigKeys (ConfUtils.java:logGet(46)) - raft.server.write.follower.gap.ratio.max = -1.0 (default)
2023-12-19 18:18:05,454 [a1d25c87-0c45-4075-9fe0-f0708f172712@group-C09D2DD42166-LeaderElection5] INFO  server.RaftServerConfigKeys (ConfUtils.java:logGet(46)) - raft.server.log.appender.snapshot.chunk.size.max = 16MB (=16777216) (default)
2023-12-19 18:18:05,455 [a1d25c87-0c45-4075-9fe0-f0708f172712@group-C09D2DD42166-LeaderElection5] INFO  server.RaftServerConfigKeys (ConfUtils.java:logGet(46)) - raft.server.log.appender.buffer.byte-limit = 8388608 (custom)
2023-12-19 18:18:05,455 [a1d25c87-0c45-4075-9fe0-f0708f172712@group-C09D2DD42166-LeaderElection5] INFO  server.RaftServerConfigKeys (ConfUtils.java:logGet(46)) - raft.server.log.appender.buffer.element-limit = 1 (custom)
2023-12-19 18:18:05,456 [a1d25c87-0c45-4075-9fe0-f0708f172712@group-C09D2DD42166-LeaderElection5] INFO  server.RaftServerConfigKeys (ConfUtils.java:logGet(46)) - raft.server.log.appender.wait-time.min = 0μs (custom)
2023-12-19 18:18:05,457 [a1d25c87-0c45-4075-9fe0-f0708f172712@group-C09D2DD42166-LeaderElection5] INFO  grpc.GrpcConfigKeys (ConfUtils.java:logGet(46)) - raft.grpc.server.leader.outstanding.appends.max = 8 (default)
2023-12-19 18:18:05,457 [a1d25c87-0c45-4075-9fe0-f0708f172712@group-C09D2DD42166-LeaderElection5] INFO  server.RaftServerConfigKeys (ConfUtils.java:logGet(46)) - raft.server.rpc.request.timeout = 60s (custom)
2023-12-19 18:18:05,457 [a1d25c87-0c45-4075-9fe0-f0708f172712@group-C09D2DD42166-LeaderElection5] INFO  grpc.GrpcConfigKeys (ConfUtils.java:logGet(46)) - raft.grpc.server.install_snapshot.request.element-limit = 8 (default)
2023-12-19 18:18:05,457 [a1d25c87-0c45-4075-9fe0-f0708f172712@group-C09D2DD42166-LeaderElection5] INFO  grpc.GrpcConfigKeys (ConfUtils.java:logGet(46)) - raft.grpc.server.install_snapshot.request.timeout = 3000ms (default)
2023-12-19 18:18:05,458 [a1d25c87-0c45-4075-9fe0-f0708f172712@group-C09D2DD42166-LeaderElection5] INFO  server.RaftServerConfigKeys (ConfUtils.java:logGet(46)) - raft.server.log.appender.install.snapshot.enabled = false (custom)
2023-12-19 18:18:05,458 [a1d25c87-0c45-4075-9fe0-f0708f172712@group-C09D2DD42166-LeaderElection5] INFO  grpc.GrpcConfigKeys (ConfUtils.java:logGet(46)) - raft.grpc.server.heartbeat.channel = true (default)
2023-12-19 18:18:05,461 [a1d25c87-0c45-4075-9fe0-f0708f172712@group-C09D2DD42166-LeaderElection5] INFO  server.RaftServerConfigKeys (ConfUtils.java:logGet(46)) - raft.server.log.appender.snapshot.chunk.size.max = 16MB (=16777216) (default)
2023-12-19 18:18:05,461 [a1d25c87-0c45-4075-9fe0-f0708f172712@group-C09D2DD42166-LeaderElection5] INFO  server.RaftServerConfigKeys (ConfUtils.java:logGet(46)) - raft.server.log.appender.buffer.byte-limit = 8388608 (custom)
2023-12-19 18:18:05,461 [a1d25c87-0c45-4075-9fe0-f0708f172712@group-C09D2DD42166-LeaderElection5] INFO  server.RaftServerConfigKeys (ConfUtils.java:logGet(46)) - raft.server.log.appender.buffer.element-limit = 1 (custom)
2023-12-19 18:18:05,461 [a1d25c87-0c45-4075-9fe0-f0708f172712@group-C09D2DD42166-LeaderElection5] INFO  server.RaftServerConfigKeys (ConfUtils.java:logGet(46)) - raft.server.log.appender.wait-time.min = 0μs (custom)
2023-12-19 18:18:05,461 [a1d25c87-0c45-4075-9fe0-f0708f172712@group-C09D2DD42166-LeaderElection5] INFO  grpc.GrpcConfigKeys (ConfUtils.java:logGet(46)) - raft.grpc.server.leader.outstanding.appends.max = 8 (default)
2023-12-19 18:18:05,462 [a1d25c87-0c45-4075-9fe0-f0708f172712@group-C09D2DD42166-LeaderElection5] INFO  server.RaftServerConfigKeys (ConfUtils.java:logGet(46)) - raft.server.rpc.request.timeout = 60s (custom)
2023-12-19 18:18:05,462 [a1d25c87-0c45-4075-9fe0-f0708f172712@group-C09D2DD42166-LeaderElection5] INFO  grpc.GrpcConfigKeys (ConfUtils.java:logGet(46)) - raft.grpc.server.install_snapshot.request.element-limit = 8 (default)
2023-12-19 18:18:05,462 [a1d25c87-0c45-4075-9fe0-f0708f172712@group-C09D2DD42166-LeaderElection5] INFO  grpc.GrpcConfigKeys (ConfUtils.java:logGet(46)) - raft.grpc.server.install_snapshot.request.timeout = 3000ms (default)
2023-12-19 18:18:05,462 [a1d25c87-0c45-4075-9fe0-f0708f172712@group-C09D2DD42166-LeaderElection5] INFO  server.RaftServerConfigKeys (ConfUtils.java:logGet(46)) - raft.server.log.appender.install.snapshot.enabled = false (custom)
2023-12-19 18:18:05,462 [a1d25c87-0c45-4075-9fe0-f0708f172712@group-C09D2DD42166-LeaderElection5] INFO  grpc.GrpcConfigKeys (ConfUtils.java:logGet(46)) - raft.grpc.server.heartbeat.channel = true (default)
2023-12-19 18:18:05,462 [a1d25c87-0c45-4075-9fe0-f0708f172712@group-89FC56FEFC31-FollowerState] INFO  impl.FollowerState (FollowerState.java:run(143)) - a1d25c87-0c45-4075-9fe0-f0708f172712@group-89FC56FEFC31-FollowerState: change to CANDIDATE, lastRpcElapsedTime:5122034437ns, electionTimeout:5118ms
2023-12-19 18:18:05,462 [a1d25c87-0c45-4075-9fe0-f0708f172712@group-89FC56FEFC31-FollowerState] INFO  impl.RoleInfo (RoleInfo.java:shutdownFollowerState(110)) - a1d25c87-0c45-4075-9fe0-f0708f172712: shutdown a1d25c87-0c45-4075-9fe0-f0708f172712@group-89FC56FEFC31-FollowerState
2023-12-19 18:18:05,463 [a1d25c87-0c45-4075-9fe0-f0708f172712@group-89FC56FEFC31-FollowerState] INFO  server.RaftServer$Division (RaftServerImpl.java:setRole(379)) - a1d25c87-0c45-4075-9fe0-f0708f172712@group-89FC56FEFC31: changes role from  FOLLOWER to CANDIDATE at term 0 for changeToCandidate
2023-12-19 18:18:05,463 [a1d25c87-0c45-4075-9fe0-f0708f172712@group-89FC56FEFC31-FollowerState] INFO  server.RaftServerConfigKeys (ConfUtils.java:logGet(46)) - raft.server.leaderelection.pre-vote = true (default)
2023-12-19 18:18:05,463 [a1d25c87-0c45-4075-9fe0-f0708f172712@group-89FC56FEFC31-FollowerState] INFO  impl.RoleInfo (RoleInfo.java:updateAndGet(139)) - a1d25c87-0c45-4075-9fe0-f0708f172712: start a1d25c87-0c45-4075-9fe0-f0708f172712@group-89FC56FEFC31-LeaderElection6
2023-12-19 18:18:05,463 [a1d25c87-0c45-4075-9fe0-f0708f172712@group-C09D2DD42166-LeaderElection5] INFO  impl.RoleInfo (RoleInfo.java:updateAndGet(139)) - a1d25c87-0c45-4075-9fe0-f0708f172712: start a1d25c87-0c45-4075-9fe0-f0708f172712@group-C09D2DD42166-LeaderStateImpl
2023-12-19 18:18:05,463 [a1d25c87-0c45-4075-9fe0-f0708f172712@group-C09D2DD42166-LeaderElection5] INFO  server.RaftServer$Division (RaftServerImpl.java:setFirstElection(564)) - a1d25c87-0c45-4075-9fe0-f0708f172712@group-C09D2DD42166: set firstElectionSinceStartup to false for becomeLeader
2023-12-19 18:18:05,463 [a1d25c87-0c45-4075-9fe0-f0708f172712@group-C09D2DD42166-LeaderElection5] INFO  ratis.XceiverServerRatis (XceiverServerRatis.java:handleLeaderChangedNotification(935)) - Leader change notification received for group: group-C09D2DD42166 with new leaderId: a1d25c87-0c45-4075-9fe0-f0708f172712
2023-12-19 18:18:05,473 [a1d25c87-0c45-4075-9fe0-f0708f172712@group-89FC56FEFC31-LeaderElection6] INFO  impl.LeaderElection (LeaderElection.java:askForVotes(323)) - a1d25c87-0c45-4075-9fe0-f0708f172712@group-89FC56FEFC31-LeaderElection6 PRE_VOTE round 0: submit vote requests at term 0 for -1: peers:[a1d25c87-0c45-4075-9fe0-f0708f172712|10.1.0.19:15032]|listeners:[], old=null
2023-12-19 18:18:05,473 [a1d25c87-0c45-4075-9fe0-f0708f172712@group-89FC56FEFC31-LeaderElection6] INFO  impl.LeaderElection (LeaderElection.java:askForVotes(325)) - a1d25c87-0c45-4075-9fe0-f0708f172712@group-89FC56FEFC31-LeaderElection6 PRE_VOTE round 0: result PASSED (term=0)
2023-12-19 18:18:05,474 [a1d25c87-0c45-4075-9fe0-f0708f172712@group-C09D2DD42166-LeaderElection5] INFO  server.RaftServer$Division (ServerState.java:setLeader(265)) - a1d25c87-0c45-4075-9fe0-f0708f172712@group-C09D2DD42166: change Leader from null to a1d25c87-0c45-4075-9fe0-f0708f172712 at term 1 for becomeLeader, leader elected after 5115ms
2023-12-19 18:18:05,474 [a1d25c87-0c45-4075-9fe0-f0708f172712@group-C09D2DD42166-LeaderElection5] INFO  segmented.SegmentedRaftLogWorker (SegmentedRaftLogWorker.java:startLogSegment(428)) - a1d25c87-0c45-4075-9fe0-f0708f172712@group-C09D2DD42166-SegmentedRaftLogWorker: Starting segment from index:0
2023-12-19 18:18:05,475 [a1d25c87-0c45-4075-9fe0-f0708f172712@group-89FC56FEFC31-LeaderElection6] INFO  impl.LeaderElection (LeaderElection.java:askForVotes(323)) - a1d25c87-0c45-4075-9fe0-f0708f172712@group-89FC56FEFC31-LeaderElection6 ELECTION round 0: submit vote requests at term 1 for -1: peers:[a1d25c87-0c45-4075-9fe0-f0708f172712|10.1.0.19:15032]|listeners:[], old=null
2023-12-19 18:18:05,475 [a1d25c87-0c45-4075-9fe0-f0708f172712@group-89FC56FEFC31-LeaderElection6] INFO  impl.LeaderElection (LeaderElection.java:askForVotes(325)) - a1d25c87-0c45-4075-9fe0-f0708f172712@group-89FC56FEFC31-LeaderElection6 ELECTION round 0: result PASSED (term=1)
2023-12-19 18:18:05,475 [a1d25c87-0c45-4075-9fe0-f0708f172712@group-89FC56FEFC31-LeaderElection6] INFO  impl.RoleInfo (RoleInfo.java:shutdownLeaderElection(130)) - a1d25c87-0c45-4075-9fe0-f0708f172712: shutdown a1d25c87-0c45-4075-9fe0-f0708f172712@group-89FC56FEFC31-LeaderElection6
2023-12-19 18:18:05,475 [a1d25c87-0c45-4075-9fe0-f0708f172712@group-89FC56FEFC31-LeaderElection6] INFO  server.RaftServer$Division (RaftServerImpl.java:setRole(379)) - a1d25c87-0c45-4075-9fe0-f0708f172712@group-89FC56FEFC31: changes role from CANDIDATE to LEADER at term 1 for changeToLeader
2023-12-19 18:18:05,475 [a1d25c87-0c45-4075-9fe0-f0708f172712@group-89FC56FEFC31-LeaderElection6] INFO  server.RaftServerConfigKeys (ConfUtils.java:logGet(46)) - raft.server.staging.catchup.gap = 1000 (default)
2023-12-19 18:18:05,476 [a1d25c87-0c45-4075-9fe0-f0708f172712@group-89FC56FEFC31-LeaderElection6] INFO  server.RaftServerConfigKeys (ConfUtils.java:logGet(46)) - raft.server.write.element-limit = 1024 (custom)
2023-12-19 18:18:05,476 [a1d25c87-0c45-4075-9fe0-f0708f172712@group-89FC56FEFC31-LeaderElection6] INFO  server.RaftServerConfigKeys (ConfUtils.java:logGet(46)) - raft.server.write.byte-limit = 1024 M (=1073741824) (custom)
2023-12-19 18:18:05,478 [a1d25c87-0c45-4075-9fe0-f0708f172712@group-89FC56FEFC31-LeaderElection6] INFO  server.RaftServerConfigKeys (ConfUtils.java:logGet(46)) - raft.server.watch.timeout = 180s (custom)
2023-12-19 18:18:05,478 [a1d25c87-0c45-4075-9fe0-f0708f172712@group-89FC56FEFC31-LeaderElection6] INFO  server.RaftServerConfigKeys (ConfUtils.java:logGet(46)) - raft.server.watch.timeout.denomination = 1s (default)
2023-12-19 18:18:05,478 [a1d25c87-0c45-4075-9fe0-f0708f172712@group-89FC56FEFC31-LeaderElection6] INFO  server.RaftServerConfigKeys (ConfUtils.java:logGet(46)) - raft.server.watch.element-limit = 65536 (default)
2023-12-19 18:18:05,478 [a1d25c87-0c45-4075-9fe0-f0708f172712@group-89FC56FEFC31-LeaderElection6] INFO  server.RaftServerConfigKeys (ConfUtils.java:logGet(46)) - raft.server.read.leader.lease.enabled = false (default)
2023-12-19 18:18:05,478 [a1d25c87-0c45-4075-9fe0-f0708f172712@group-89FC56FEFC31-LeaderElection6] INFO  server.RaftServerConfigKeys (ConfUtils.java:logGet(46)) - raft.server.read.leader.lease.timeout.ratio = 0.9 (default)
2023-12-19 18:18:05,478 [a1d25c87-0c45-4075-9fe0-f0708f172712@group-89FC56FEFC31-LeaderElection6] INFO  server.RaftServerConfigKeys (ConfUtils.java:logGet(46)) - raft.server.rpc.timeout.min = 5s (custom)
2023-12-19 18:18:05,478 [a1d25c87-0c45-4075-9fe0-f0708f172712@group-89FC56FEFC31-LeaderElection6] INFO  server.RaftServerConfigKeys (ConfUtils.java:logGet(46)) - raft.server.write.element-limit = 1024 (custom)
2023-12-19 18:18:05,478 [a1d25c87-0c45-4075-9fe0-f0708f172712@group-89FC56FEFC31-LeaderElection6] INFO  server.RaftServerConfigKeys (ConfUtils.java:logGet(46)) - raft.server.write.follower.gap.ratio.max = -1.0 (default)
2023-12-19 18:18:05,478 [a1d25c87-0c45-4075-9fe0-f0708f172712@group-89FC56FEFC31-LeaderElection6] INFO  impl.RoleInfo (RoleInfo.java:updateAndGet(139)) - a1d25c87-0c45-4075-9fe0-f0708f172712: start a1d25c87-0c45-4075-9fe0-f0708f172712@group-89FC56FEFC31-LeaderStateImpl
2023-12-19 18:18:05,478 [a1d25c87-0c45-4075-9fe0-f0708f172712@group-89FC56FEFC31-LeaderElection6] INFO  server.RaftServer$Division (RaftServerImpl.java:setFirstElection(564)) - a1d25c87-0c45-4075-9fe0-f0708f172712@group-89FC56FEFC31: set firstElectionSinceStartup to false for becomeLeader
2023-12-19 18:18:05,479 [a1d25c87-0c45-4075-9fe0-f0708f172712@group-89FC56FEFC31-LeaderElection6] INFO  ratis.XceiverServerRatis (XceiverServerRatis.java:handleLeaderChangedNotification(935)) - Leader change notification received for group: group-89FC56FEFC31 with new leaderId: a1d25c87-0c45-4075-9fe0-f0708f172712
2023-12-19 18:18:05,479 [a1d25c87-0c45-4075-9fe0-f0708f172712@group-89FC56FEFC31-LeaderElection6] INFO  server.RaftServer$Division (ServerState.java:setLeader(265)) - a1d25c87-0c45-4075-9fe0-f0708f172712@group-89FC56FEFC31: change Leader from null to a1d25c87-0c45-4075-9fe0-f0708f172712 at term 1 for becomeLeader, leader elected after 5202ms
2023-12-19 18:18:05,479 [EventQueue-OpenPipelineForHealthyPipelineSafeModeRule] INFO  safemode.SCMSafeModeManager (HealthyPipelineSafeModeRule.java:process(140)) - SCM in safe mode. Healthy pipelines reported count is 0, required healthy pipeline reported count is 1
2023-12-19 18:18:05,480 [EventQueue-PipelineReportForPipelineReportHandler] INFO  pipeline.PipelineReportHandler (PipelineReportHandler.java:processPipelineReport(136)) - Opened pipeline PipelineID=e1d0cfcb-53bb-47dd-964d-c09d2dd42166
2023-12-19 18:18:05,480 [EventQueue-OpenPipelineForHealthyPipelineSafeModeRule] INFO  safemode.SCMSafeModeManager (HealthyPipelineSafeModeRule.java:process(140)) - SCM in safe mode. Healthy pipelines reported count is 1, required healthy pipeline reported count is 1
2023-12-19 18:18:05,480 [EventQueue-OpenPipelineForHealthyPipelineSafeModeRule] INFO  safemode.SCMSafeModeManager (SCMSafeModeManager.java:validateSafeModeExitRules(200)) - HealthyPipelineSafeModeRule rule is successfully validated
2023-12-19 18:18:05,480 [EventQueue-OpenPipelineForHealthyPipelineSafeModeRule] INFO  safemode.SCMSafeModeManager (SCMSafeModeManager.java:validateSafeModeExitRules(215)) - ScmSafeModeManager, all rules are successfully validated
2023-12-19 18:18:05,480 [EventQueue-OpenPipelineForHealthyPipelineSafeModeRule] INFO  safemode.SCMSafeModeManager (SCMSafeModeManager.java:exitSafeMode(244)) - SCM exiting safe mode.
2023-12-19 18:18:05,480 [EventQueue-OpenPipelineForHealthyPipelineSafeModeRule] INFO  ha.SCMContext (SCMContext.java:updateSafeModeStatus(230)) - Update SafeModeStatus from SafeModeStatus{safeModeStatus=true, preCheckPassed=true} to SafeModeStatus{safeModeStatus=false, preCheckPassed=true}.
2023-12-19 18:18:05,482 [EventQueue-OpenPipelineForHealthyPipelineSafeModeRule] INFO  pipeline.BackgroundPipelineCreator (BackgroundPipelineCreator.java:notifyStatusChanged(258)) - Service BackgroundPipelineCreator transitions to RUNNING.
2023-12-19 18:18:05,482 [EventQueue-OpenPipelineForHealthyPipelineSafeModeRule] INFO  BackgroundPipelineScrubber (BackgroundSCMService.java:notifyStatusChanged(82)) - Service BackgroundPipelineScrubber transitions to RUNNING.
2023-12-19 18:18:05,482 [EventQueue-OpenPipelineForHealthyPipelineSafeModeRule] INFO  ExpiredContainerReplicaOpScrubber (BackgroundSCMService.java:notifyStatusChanged(82)) - Service ExpiredContainerReplicaOpScrubber transitions to RUNNING.
2023-12-19 18:18:05,482 [EventQueue-OpenPipelineForHealthyPipelineSafeModeRule] INFO  replication.ReplicationManager (ReplicationManager.java:notifyStatusChanged(1399)) - Service ReplicationManager transitions to RUNNING.
2023-12-19 18:18:05,481 [a1d25c87-0c45-4075-9fe0-f0708f172712@group-89FC56FEFC31-LeaderElection6] INFO  segmented.SegmentedRaftLogWorker (SegmentedRaftLogWorker.java:startLogSegment(428)) - a1d25c87-0c45-4075-9fe0-f0708f172712@group-89FC56FEFC31-SegmentedRaftLogWorker: Starting segment from index:0
2023-12-19 18:18:05,486 [EventQueue-OpenPipelineForHealthyPipelineSafeModeRule] WARN  balancer.ContainerBalancer (ContainerBalancer.java:shouldRun(134)) - Could not find persisted configuration for ContainerBalancer when checking if ContainerBalancer should run. ContainerBalancer should not run now.
2023-12-19 18:18:05,486 [a1d25c87-0c45-4075-9fe0-f0708f172712@group-C09D2DD42166-SegmentedRaftLogWorker] INFO  segmented.SegmentedRaftLogWorker (SegmentedRaftLogWorker.java:execute(632)) - a1d25c87-0c45-4075-9fe0-f0708f172712@group-C09D2DD42166-SegmentedRaftLogWorker: created new log segment /home/runner/work/ozone/ozone/hadoop-ozone/integration-test/target/test-dir/MiniOzoneClusterImpl-c3f67427-b36b-4ee4-bde0-91623ce58163/datanode-2/data/ratis/e1d0cfcb-53bb-47dd-964d-c09d2dd42166/current/log_inprogress_0
2023-12-19 18:18:05,487 [a1d25c87-0c45-4075-9fe0-f0708f172712@group-89FC56FEFC31-LeaderElection6] INFO  server.RaftServer$Division (ServerState.java:setRaftConf(382)) - a1d25c87-0c45-4075-9fe0-f0708f172712@group-89FC56FEFC31: set configuration 0: peers:[a1d25c87-0c45-4075-9fe0-f0708f172712|10.1.0.19:15032]|listeners:[], old=null
2023-12-19 18:18:05,490 [a1d25c87-0c45-4075-9fe0-f0708f172712@group-C09D2DD42166-LeaderElection5] INFO  server.RaftServer$Division (ServerState.java:setRaftConf(382)) - a1d25c87-0c45-4075-9fe0-f0708f172712@group-C09D2DD42166: set configuration 0: peers:[d0e3d241-91aa-4721-8188-ae5e0af11890|10.1.0.19:15014, e7599229-5a8e-48b0-86e7-2247601ad11a|10.1.0.19:15023, a1d25c87-0c45-4075-9fe0-f0708f172712|10.1.0.19:15032]|listeners:[], old=null
2023-12-19 18:18:05,492 [a1d25c87-0c45-4075-9fe0-f0708f172712@group-89FC56FEFC31-SegmentedRaftLogWorker] INFO  segmented.SegmentedRaftLogWorker (SegmentedRaftLogWorker.java:execute(632)) - a1d25c87-0c45-4075-9fe0-f0708f172712@group-89FC56FEFC31-SegmentedRaftLogWorker: created new log segment /home/runner/work/ozone/ozone/hadoop-ozone/integration-test/target/test-dir/MiniOzoneClusterImpl-c3f67427-b36b-4ee4-bde0-91623ce58163/datanode-2/data/ratis/ab43d2bc-c53c-47de-8ef8-89fc56fefc31/current/log_inprogress_0
2023-12-19 18:18:05,493 [a1d25c87-0c45-4075-9fe0-f0708f172712@group-89FC56FEFC31-StateMachineUpdater] INFO  server.RaftServer$Division (LeaderStateImpl.java:isApplied(316)) - leader is ready since appliedIndex == 0 >= startIndex == 0
2023-12-19 18:18:05,509 [e7599229-5a8e-48b0-86e7-2247601ad11a-server-thread1] INFO  ratis.XceiverServerRatis (XceiverServerRatis.java:handleLeaderChangedNotification(935)) - Leader change notification received for group: group-C09D2DD42166 with new leaderId: a1d25c87-0c45-4075-9fe0-f0708f172712
2023-12-19 18:18:05,509 [e7599229-5a8e-48b0-86e7-2247601ad11a-server-thread1] INFO  server.RaftServer$Division (ServerState.java:setLeader(265)) - e7599229-5a8e-48b0-86e7-2247601ad11a@group-C09D2DD42166: change Leader from null to a1d25c87-0c45-4075-9fe0-f0708f172712 at term 1 for appendEntries, leader elected after 5243ms
2023-12-19 18:18:05,516 [244ca980-f87d-4e1f-bf92-41859c631eea@group-2F73F5FCF847-FollowerState] INFO  impl.FollowerState (FollowerState.java:run(143)) - 244ca980-f87d-4e1f-bf92-41859c631eea@group-2F73F5FCF847-FollowerState: change to CANDIDATE, lastRpcElapsedTime:5071413745ns, electionTimeout:5068ms
2023-12-19 18:18:05,516 [244ca980-f87d-4e1f-bf92-41859c631eea@group-2F73F5FCF847-FollowerState] INFO  impl.RoleInfo (RoleInfo.java:shutdownFollowerState(110)) - 244ca980-f87d-4e1f-bf92-41859c631eea: shutdown 244ca980-f87d-4e1f-bf92-41859c631eea@group-2F73F5FCF847-FollowerState
2023-12-19 18:18:05,516 [244ca980-f87d-4e1f-bf92-41859c631eea@group-2F73F5FCF847-FollowerState] INFO  server.RaftServer$Division (RaftServerImpl.java:setRole(379)) - 244ca980-f87d-4e1f-bf92-41859c631eea@group-2F73F5FCF847: changes role from  FOLLOWER to CANDIDATE at term 0 for changeToCandidate
2023-12-19 18:18:05,517 [244ca980-f87d-4e1f-bf92-41859c631eea@group-2F73F5FCF847-FollowerState] INFO  server.RaftServerConfigKeys (ConfUtils.java:logGet(46)) - raft.server.leaderelection.pre-vote = true (default)
2023-12-19 18:18:05,517 [244ca980-f87d-4e1f-bf92-41859c631eea@group-2F73F5FCF847-FollowerState] INFO  impl.RoleInfo (RoleInfo.java:updateAndGet(139)) - 244ca980-f87d-4e1f-bf92-41859c631eea: start 244ca980-f87d-4e1f-bf92-41859c631eea@group-2F73F5FCF847-LeaderElection7
2023-12-19 18:18:05,517 [d0e3d241-91aa-4721-8188-ae5e0af11890-server-thread1] INFO  ratis.XceiverServerRatis (XceiverServerRatis.java:handleLeaderChangedNotification(935)) - Leader change notification received for group: group-C09D2DD42166 with new leaderId: a1d25c87-0c45-4075-9fe0-f0708f172712
2023-12-19 18:18:05,517 [d0e3d241-91aa-4721-8188-ae5e0af11890-server-thread1] INFO  server.RaftServer$Division (ServerState.java:setLeader(265)) - d0e3d241-91aa-4721-8188-ae5e0af11890@group-C09D2DD42166: change Leader from null to a1d25c87-0c45-4075-9fe0-f0708f172712 at term 1 for appendEntries, leader elected after 5474ms
2023-12-19 18:18:05,530 [244ca980-f87d-4e1f-bf92-41859c631eea@group-2F73F5FCF847-LeaderElection7] INFO  impl.LeaderElection (LeaderElection.java:askForVotes(323)) - 244ca980-f87d-4e1f-bf92-41859c631eea@group-2F73F5FCF847-LeaderElection7 PRE_VOTE round 0: submit vote requests at term 0 for -1: peers:[244ca980-f87d-4e1f-bf92-41859c631eea|10.1.0.19:15041]|listeners:[], old=null
2023-12-19 18:18:05,530 [244ca980-f87d-4e1f-bf92-41859c631eea@group-2F73F5FCF847-LeaderElection7] INFO  impl.LeaderElection (LeaderElection.java:askForVotes(325)) - 244ca980-f87d-4e1f-bf92-41859c631eea@group-2F73F5FCF847-LeaderElection7 PRE_VOTE round 0: result PASSED (term=0)
2023-12-19 18:18:05,532 [244ca980-f87d-4e1f-bf92-41859c631eea@group-2F73F5FCF847-LeaderElection7] INFO  impl.LeaderElection (LeaderElection.java:askForVotes(323)) - 244ca980-f87d-4e1f-bf92-41859c631eea@group-2F73F5FCF847-LeaderElection7 ELECTION round 0: submit vote requests at term 1 for -1: peers:[244ca980-f87d-4e1f-bf92-41859c631eea|10.1.0.19:15041]|listeners:[], old=null
2023-12-19 18:18:05,533 [244ca980-f87d-4e1f-bf92-41859c631eea@group-2F73F5FCF847-LeaderElection7] INFO  impl.LeaderElection (LeaderElection.java:askForVotes(325)) - 244ca980-f87d-4e1f-bf92-41859c631eea@group-2F73F5FCF847-LeaderElection7 ELECTION round 0: result PASSED (term=1)
2023-12-19 18:18:05,533 [244ca980-f87d-4e1f-bf92-41859c631eea@group-2F73F5FCF847-LeaderElection7] INFO  impl.RoleInfo (RoleInfo.java:shutdownLeaderElection(130)) - 244ca980-f87d-4e1f-bf92-41859c631eea: shutdown 244ca980-f87d-4e1f-bf92-41859c631eea@group-2F73F5FCF847-LeaderElection7
2023-12-19 18:18:05,534 [244ca980-f87d-4e1f-bf92-41859c631eea@group-2F73F5FCF847-LeaderElection7] INFO  server.RaftServer$Division (RaftServerImpl.java:setRole(379)) - 244ca980-f87d-4e1f-bf92-41859c631eea@group-2F73F5FCF847: changes role from CANDIDATE to LEADER at term 1 for changeToLeader
2023-12-19 18:18:05,535 [244ca980-f87d-4e1f-bf92-41859c631eea@group-2F73F5FCF847-LeaderElection7] INFO  server.RaftServerConfigKeys (ConfUtils.java:logGet(46)) - raft.server.staging.catchup.gap = 1000 (default)
2023-12-19 18:18:05,536 [244ca980-f87d-4e1f-bf92-41859c631eea@group-2F73F5FCF847-LeaderElection7] INFO  server.RaftServerConfigKeys (ConfUtils.java:logGet(46)) - raft.server.write.element-limit = 1024 (custom)
2023-12-19 18:18:05,536 [e7599229-5a8e-48b0-86e7-2247601ad11a-server-thread2] INFO  server.RaftServer$Division (ServerState.java:setRaftConf(382)) - e7599229-5a8e-48b0-86e7-2247601ad11a@group-C09D2DD42166: set configuration 0: peers:[d0e3d241-91aa-4721-8188-ae5e0af11890|10.1.0.19:15014, e7599229-5a8e-48b0-86e7-2247601ad11a|10.1.0.19:15023, a1d25c87-0c45-4075-9fe0-f0708f172712|10.1.0.19:15032]|listeners:[], old=null
2023-12-19 18:18:05,536 [244ca980-f87d-4e1f-bf92-41859c631eea@group-2F73F5FCF847-LeaderElection7] INFO  server.RaftServerConfigKeys (ConfUtils.java:logGet(46)) - raft.server.write.byte-limit = 1024 M (=1073741824) (custom)
2023-12-19 18:18:05,536 [244ca980-f87d-4e1f-bf92-41859c631eea@group-2F73F5FCF847-LeaderElection7] INFO  server.RaftServerConfigKeys (ConfUtils.java:logGet(46)) - raft.server.watch.timeout = 180s (custom)
2023-12-19 18:18:05,536 [244ca980-f87d-4e1f-bf92-41859c631eea@group-2F73F5FCF847-LeaderElection7] INFO  server.RaftServerConfigKeys (ConfUtils.java:logGet(46)) - raft.server.watch.timeout.denomination = 1s (default)
2023-12-19 18:18:05,536 [244ca980-f87d-4e1f-bf92-41859c631eea@group-2F73F5FCF847-LeaderElection7] INFO  server.RaftServerConfigKeys (ConfUtils.java:logGet(46)) - raft.server.watch.element-limit = 65536 (default)
2023-12-19 18:18:05,537 [244ca980-f87d-4e1f-bf92-41859c631eea@group-2F73F5FCF847-LeaderElection7] INFO  server.RaftServerConfigKeys (ConfUtils.java:logGet(46)) - raft.server.read.leader.lease.enabled = false (default)
2023-12-19 18:18:05,537 [244ca980-f87d-4e1f-bf92-41859c631eea@group-2F73F5FCF847-LeaderElection7] INFO  server.RaftServerConfigKeys (ConfUtils.java:logGet(46)) - raft.server.read.leader.lease.timeout.ratio = 0.9 (default)
2023-12-19 18:18:05,537 [244ca980-f87d-4e1f-bf92-41859c631eea@group-2F73F5FCF847-LeaderElection7] INFO  server.RaftServerConfigKeys (ConfUtils.java:logGet(46)) - raft.server.rpc.timeout.min = 5s (custom)
2023-12-19 18:18:05,537 [244ca980-f87d-4e1f-bf92-41859c631eea@group-2F73F5FCF847-LeaderElection7] INFO  server.RaftServerConfigKeys (ConfUtils.java:logGet(46)) - raft.server.write.element-limit = 1024 (custom)
2023-12-19 18:18:05,537 [244ca980-f87d-4e1f-bf92-41859c631eea@group-2F73F5FCF847-LeaderElection7] INFO  server.RaftServerConfigKeys (ConfUtils.java:logGet(46)) - raft.server.write.follower.gap.ratio.max = -1.0 (default)
2023-12-19 18:18:05,537 [244ca980-f87d-4e1f-bf92-41859c631eea@group-2F73F5FCF847-LeaderElection7] INFO  impl.RoleInfo (RoleInfo.java:updateAndGet(139)) - 244ca980-f87d-4e1f-bf92-41859c631eea: start 244ca980-f87d-4e1f-bf92-41859c631eea@group-2F73F5FCF847-LeaderStateImpl
2023-12-19 18:18:05,537 [244ca980-f87d-4e1f-bf92-41859c631eea@group-2F73F5FCF847-LeaderElection7] INFO  server.RaftServer$Division (RaftServerImpl.java:setFirstElection(564)) - 244ca980-f87d-4e1f-bf92-41859c631eea@group-2F73F5FCF847: set firstElectionSinceStartup to false for becomeLeader
2023-12-19 18:18:05,537 [244ca980-f87d-4e1f-bf92-41859c631eea@group-2F73F5FCF847-LeaderElection7] INFO  ratis.XceiverServerRatis (XceiverServerRatis.java:handleLeaderChangedNotification(935)) - Leader change notification received for group: group-2F73F5FCF847 with new leaderId: 244ca980-f87d-4e1f-bf92-41859c631eea
2023-12-19 18:18:05,537 [e7599229-5a8e-48b0-86e7-2247601ad11a-server-thread2] INFO  segmented.SegmentedRaftLogWorker (SegmentedRaftLogWorker.java:startLogSegment(428)) - e7599229-5a8e-48b0-86e7-2247601ad11a@group-C09D2DD42166-SegmentedRaftLogWorker: Starting segment from index:0
2023-12-19 18:18:05,537 [244ca980-f87d-4e1f-bf92-41859c631eea@group-2F73F5FCF847-LeaderElection7] INFO  server.RaftServer$Division (ServerState.java:setLeader(265)) - 244ca980-f87d-4e1f-bf92-41859c631eea@group-2F73F5FCF847: change Leader from null to 244ca980-f87d-4e1f-bf92-41859c631eea at term 1 for becomeLeader, leader elected after 5130ms
2023-12-19 18:18:05,538 [244ca980-f87d-4e1f-bf92-41859c631eea@group-2F73F5FCF847-LeaderElection7] INFO  segmented.SegmentedRaftLogWorker (SegmentedRaftLogWorker.java:startLogSegment(428)) - 244ca980-f87d-4e1f-bf92-41859c631eea@group-2F73F5FCF847-SegmentedRaftLogWorker: Starting segment from index:0
2023-12-19 18:18:05,540 [d0e3d241-91aa-4721-8188-ae5e0af11890-server-thread1] INFO  server.RaftServer$Division (ServerState.java:setRaftConf(382)) - d0e3d241-91aa-4721-8188-ae5e0af11890@group-C09D2DD42166: set configuration 0: peers:[d0e3d241-91aa-4721-8188-ae5e0af11890|10.1.0.19:15014, e7599229-5a8e-48b0-86e7-2247601ad11a|10.1.0.19:15023, a1d25c87-0c45-4075-9fe0-f0708f172712|10.1.0.19:15032]|listeners:[], old=null
2023-12-19 18:18:05,540 [d0e3d241-91aa-4721-8188-ae5e0af11890-server-thread1] INFO  segmented.SegmentedRaftLogWorker (SegmentedRaftLogWorker.java:startLogSegment(428)) - d0e3d241-91aa-4721-8188-ae5e0af11890@group-C09D2DD42166-SegmentedRaftLogWorker: Starting segment from index:0
2023-12-19 18:18:05,545 [244ca980-f87d-4e1f-bf92-41859c631eea@group-2F73F5FCF847-LeaderElection7] INFO  server.RaftServer$Division (ServerState.java:setRaftConf(382)) - 244ca980-f87d-4e1f-bf92-41859c631eea@group-2F73F5FCF847: set configuration 0: peers:[244ca980-f87d-4e1f-bf92-41859c631eea|10.1.0.19:15041]|listeners:[], old=null
2023-12-19 18:18:05,552 [244ca980-f87d-4e1f-bf92-41859c631eea@group-2F73F5FCF847-SegmentedRaftLogWorker] INFO  segmented.SegmentedRaftLogWorker (SegmentedRaftLogWorker.java:execute(632)) - 244ca980-f87d-4e1f-bf92-41859c631eea@group-2F73F5FCF847-SegmentedRaftLogWorker: created new log segment /home/runner/work/ozone/ozone/hadoop-ozone/integration-test/target/test-dir/MiniOzoneClusterImpl-c3f67427-b36b-4ee4-bde0-91623ce58163/datanode-3/data/ratis/473ae92e-10a3-4cdb-8241-2f73f5fcf847/current/log_inprogress_0
2023-12-19 18:18:05,553 [d0e3d241-91aa-4721-8188-ae5e0af11890@group-C09D2DD42166-SegmentedRaftLogWorker] INFO  segmented.SegmentedRaftLogWorker (SegmentedRaftLogWorker.java:execute(632)) - d0e3d241-91aa-4721-8188-ae5e0af11890@group-C09D2DD42166-SegmentedRaftLogWorker: created new log segment /home/runner/work/ozone/ozone/hadoop-ozone/integration-test/target/test-dir/MiniOzoneClusterImpl-c3f67427-b36b-4ee4-bde0-91623ce58163/datanode-0/data/ratis/e1d0cfcb-53bb-47dd-964d-c09d2dd42166/current/log_inprogress_0
2023-12-19 18:18:05,555 [a1d25c87-0c45-4075-9fe0-f0708f172712@group-C09D2DD42166-StateMachineUpdater] INFO  server.RaftServer$Division (LeaderStateImpl.java:isApplied(316)) - leader is ready since appliedIndex == 0 >= startIndex == 0
2023-12-19 18:18:05,560 [e7599229-5a8e-48b0-86e7-2247601ad11a@group-C09D2DD42166-SegmentedRaftLogWorker] INFO  segmented.SegmentedRaftLogWorker (SegmentedRaftLogWorker.java:execute(632)) - e7599229-5a8e-48b0-86e7-2247601ad11a@group-C09D2DD42166-SegmentedRaftLogWorker: created new log segment /home/runner/work/ozone/ozone/hadoop-ozone/integration-test/target/test-dir/MiniOzoneClusterImpl-c3f67427-b36b-4ee4-bde0-91623ce58163/datanode-1/data/ratis/e1d0cfcb-53bb-47dd-964d-c09d2dd42166/current/log_inprogress_0
2023-12-19 18:18:05,565 [244ca980-f87d-4e1f-bf92-41859c631eea@group-2F73F5FCF847-StateMachineUpdater] INFO  server.RaftServer$Division (LeaderStateImpl.java:isApplied(316)) - leader is ready since appliedIndex == 0 >= startIndex == 0
2023-12-19 18:18:05,576 [244ca980-f87d-4e1f-bf92-41859c631eea@group-83C92CC6210C-FollowerState] INFO  impl.FollowerState (FollowerState.java:run(143)) - 244ca980-f87d-4e1f-bf92-41859c631eea@group-83C92CC6210C-FollowerState: change to CANDIDATE, lastRpcElapsedTime:5087931231ns, electionTimeout:5083ms
2023-12-19 18:18:05,576 [244ca980-f87d-4e1f-bf92-41859c631eea@group-83C92CC6210C-FollowerState] INFO  impl.RoleInfo (RoleInfo.java:shutdownFollowerState(110)) - 244ca980-f87d-4e1f-bf92-41859c631eea: shutdown 244ca980-f87d-4e1f-bf92-41859c631eea@group-83C92CC6210C-FollowerState
2023-12-19 18:18:05,576 [244ca980-f87d-4e1f-bf92-41859c631eea@group-83C92CC6210C-FollowerState] INFO  server.RaftServer$Division (RaftServerImpl.java:setRole(379)) - 244ca980-f87d-4e1f-bf92-41859c631eea@group-83C92CC6210C: changes role from  FOLLOWER to CANDIDATE at term 0 for changeToCandidate
2023-12-19 18:18:05,576 [244ca980-f87d-4e1f-bf92-41859c631eea@group-83C92CC6210C-FollowerState] INFO  server.RaftServerConfigKeys (ConfUtils.java:logGet(46)) - raft.server.leaderelection.pre-vote = true (default)
2023-12-19 18:18:05,576 [244ca980-f87d-4e1f-bf92-41859c631eea@group-83C92CC6210C-FollowerState] INFO  impl.RoleInfo (RoleInfo.java:updateAndGet(139)) - 244ca980-f87d-4e1f-bf92-41859c631eea: start 244ca980-f87d-4e1f-bf92-41859c631eea@group-83C92CC6210C-LeaderElection8
2023-12-19 18:18:05,578 [244ca980-f87d-4e1f-bf92-41859c631eea@group-83C92CC6210C-LeaderElection8] INFO  impl.LeaderElection (LeaderElection.java:askForVotes(323)) - 244ca980-f87d-4e1f-bf92-41859c631eea@group-83C92CC6210C-LeaderElection8 PRE_VOTE round 0: submit vote requests at term 0 for -1: peers:[f3699da5-7632-4885-9efe-d79f82e47143|10.1.0.19:15059, b44d76fe-ddfd-47c8-8f4d-0e79dfcb9ca5|10.1.0.19:15050, 244ca980-f87d-4e1f-bf92-41859c631eea|10.1.0.19:15041]|listeners:[], old=null
2023-12-19 18:18:05,578 [244ca980-f87d-4e1f-bf92-41859c631eea@group-83C92CC6210C-LeaderElection8-1] INFO  server.GrpcServerProtocolClient (GrpcServerProtocolClient.java:<init>(65)) - Build channel for f3699da5-7632-4885-9efe-d79f82e47143
2023-12-19 18:18:05,579 [244ca980-f87d-4e1f-bf92-41859c631eea@group-83C92CC6210C-LeaderElection8-2] INFO  server.GrpcServerProtocolClient (GrpcServerProtocolClient.java:<init>(65)) - Build channel for b44d76fe-ddfd-47c8-8f4d-0e79dfcb9ca5
2023-12-19 18:18:05,578 [244ca980-f87d-4e1f-bf92-41859c631eea@group-83C92CC6210C-LeaderElection8] INFO  server.RaftServerConfigKeys (ConfUtils.java:logFallback(53)) - raft.server.rpc.first-election.timeout.min = 5s (fallback to raft.server.rpc.timeout.min)
2023-12-19 18:18:05,579 [244ca980-f87d-4e1f-bf92-41859c631eea@group-83C92CC6210C-LeaderElection8] INFO  server.RaftServerConfigKeys (ConfUtils.java:logFallback(53)) - raft.server.rpc.first-election.timeout.max = 5200ms (fallback to raft.server.rpc.timeout.max)
2023-12-19 18:18:05,585 [grpc-default-executor-3] INFO  server.RaftServer$Division (RaftServerImpl.java:requestVote(1377)) - b44d76fe-ddfd-47c8-8f4d-0e79dfcb9ca5@group-83C92CC6210C: receive requestVote(PRE_VOTE, 244ca980-f87d-4e1f-bf92-41859c631eea, group-83C92CC6210C, 0, (t:0, i:0))
2023-12-19 18:18:05,586 [grpc-default-executor-3] INFO  impl.VoteContext (VoteContext.java:log(49)) - b44d76fe-ddfd-47c8-8f4d-0e79dfcb9ca5@group-83C92CC6210C-FOLLOWER: accept PRE_VOTE from 244ca980-f87d-4e1f-bf92-41859c631eea: our priority 0 <= candidate's priority 1
2023-12-19 18:18:05,586 [grpc-default-executor-3] INFO  server.RaftServer$Division (RaftServerImpl.java:requestVote(1410)) - b44d76fe-ddfd-47c8-8f4d-0e79dfcb9ca5@group-83C92CC6210C replies to PRE_VOTE vote request: 244ca980-f87d-4e1f-bf92-41859c631eea<-b44d76fe-ddfd-47c8-8f4d-0e79dfcb9ca5#0:OK-t0. Peer's state: b44d76fe-ddfd-47c8-8f4d-0e79dfcb9ca5@group-83C92CC6210C:t0, leader=null, voted=, raftlog=Memoized:b44d76fe-ddfd-47c8-8f4d-0e79dfcb9ca5@group-83C92CC6210C-SegmentedRaftLog:OPENED:c-1, conf=-1: peers:[f3699da5-7632-4885-9efe-d79f82e47143|10.1.0.19:15059, b44d76fe-ddfd-47c8-8f4d-0e79dfcb9ca5|10.1.0.19:15050, 244ca980-f87d-4e1f-bf92-41859c631eea|10.1.0.19:15041]|listeners:[], old=null
2023-12-19 18:18:05,587 [grpc-default-executor-3] INFO  server.RaftServer$Division (RaftServerImpl.java:requestVote(1377)) - f3699da5-7632-4885-9efe-d79f82e47143@group-83C92CC6210C: receive requestVote(PRE_VOTE, 244ca980-f87d-4e1f-bf92-41859c631eea, group-83C92CC6210C, 0, (t:0, i:0))
2023-12-19 18:18:05,587 [grpc-default-executor-3] INFO  impl.VoteContext (VoteContext.java:log(49)) - f3699da5-7632-4885-9efe-d79f82e47143@group-83C92CC6210C-FOLLOWER: accept PRE_VOTE from 244ca980-f87d-4e1f-bf92-41859c631eea: our priority 0 <= candidate's priority 1
2023-12-19 18:18:05,587 [grpc-default-executor-3] INFO  server.RaftServer$Division (RaftServerImpl.java:requestVote(1410)) - f3699da5-7632-4885-9efe-d79f82e47143@group-83C92CC6210C replies to PRE_VOTE vote request: 244ca980-f87d-4e1f-bf92-41859c631eea<-f3699da5-7632-4885-9efe-d79f82e47143#0:OK-t0. Peer's state: f3699da5-7632-4885-9efe-d79f82e47143@group-83C92CC6210C:t0, leader=null, voted=, raftlog=Memoized:f3699da5-7632-4885-9efe-d79f82e47143@group-83C92CC6210C-SegmentedRaftLog:OPENED:c-1, conf=-1: peers:[f3699da5-7632-4885-9efe-d79f82e47143|10.1.0.19:15059, b44d76fe-ddfd-47c8-8f4d-0e79dfcb9ca5|10.1.0.19:15050, 244ca980-f87d-4e1f-bf92-41859c631eea|10.1.0.19:15041]|listeners:[], old=null
2023-12-19 18:18:05,590 [244ca980-f87d-4e1f-bf92-41859c631eea@group-83C92CC6210C-LeaderElection8] INFO  impl.LeaderElection (LeaderElection.java:logAndReturn(89)) - 244ca980-f87d-4e1f-bf92-41859c631eea@group-83C92CC6210C-LeaderElection8: PRE_VOTE PASSED received 1 response(s) and 0 exception(s):
2023-12-19 18:18:05,590 [244ca980-f87d-4e1f-bf92-41859c631eea@group-83C92CC6210C-LeaderElection8] INFO  impl.LeaderElection (LeaderElection.java:logAndReturn(93)) -   Response 0: 244ca980-f87d-4e1f-bf92-41859c631eea<-b44d76fe-ddfd-47c8-8f4d-0e79dfcb9ca5#0:OK-t0
2023-12-19 18:18:05,590 [244ca980-f87d-4e1f-bf92-41859c631eea@group-83C92CC6210C-LeaderElection8] INFO  impl.LeaderElection (LeaderElection.java:askForVotes(325)) - 244ca980-f87d-4e1f-bf92-41859c631eea@group-83C92CC6210C-LeaderElection8 PRE_VOTE round 0: result PASSED
2023-12-19 18:18:05,595 [244ca980-f87d-4e1f-bf92-41859c631eea@group-83C92CC6210C-LeaderElection8] INFO  impl.LeaderElection (LeaderElection.java:askForVotes(323)) - 244ca980-f87d-4e1f-bf92-41859c631eea@group-83C92CC6210C-LeaderElection8 ELECTION round 0: submit vote requests at term 1 for -1: peers:[f3699da5-7632-4885-9efe-d79f82e47143|10.1.0.19:15059, b44d76fe-ddfd-47c8-8f4d-0e79dfcb9ca5|10.1.0.19:15050, 244ca980-f87d-4e1f-bf92-41859c631eea|10.1.0.19:15041]|listeners:[], old=null
2023-12-19 18:18:05,596 [244ca980-f87d-4e1f-bf92-41859c631eea@group-83C92CC6210C-LeaderElection8] INFO  server.RaftServerConfigKeys (ConfUtils.java:logFallback(53)) - raft.server.rpc.first-election.timeout.min = 5s (fallback to raft.server.rpc.timeout.min)
2023-12-19 18:18:05,596 [244ca980-f87d-4e1f-bf92-41859c631eea@group-83C92CC6210C-LeaderElection8] INFO  server.RaftServerConfigKeys (ConfUtils.java:logFallback(53)) - raft.server.rpc.first-election.timeout.max = 5200ms (fallback to raft.server.rpc.timeout.max)
2023-12-19 18:18:05,598 [grpc-default-executor-3] INFO  server.RaftServer$Division (RaftServerImpl.java:requestVote(1377)) - b44d76fe-ddfd-47c8-8f4d-0e79dfcb9ca5@group-83C92CC6210C: receive requestVote(ELECTION, 244ca980-f87d-4e1f-bf92-41859c631eea, group-83C92CC6210C, 1, (t:0, i:0))
2023-12-19 18:18:05,599 [grpc-default-executor-3] INFO  impl.VoteContext (VoteContext.java:log(49)) - b44d76fe-ddfd-47c8-8f4d-0e79dfcb9ca5@group-83C92CC6210C-FOLLOWER: accept ELECTION from 244ca980-f87d-4e1f-bf92-41859c631eea: our priority 0 <= candidate's priority 1
2023-12-19 18:18:05,599 [grpc-default-executor-3] INFO  server.RaftServer$Division (RaftServerImpl.java:setRole(379)) - b44d76fe-ddfd-47c8-8f4d-0e79dfcb9ca5@group-83C92CC6210C: changes role from  FOLLOWER to FOLLOWER at term 1 for candidate:244ca980-f87d-4e1f-bf92-41859c631eea
2023-12-19 18:18:05,599 [grpc-default-executor-3] INFO  impl.RoleInfo (RoleInfo.java:shutdownFollowerState(110)) - b44d76fe-ddfd-47c8-8f4d-0e79dfcb9ca5: shutdown b44d76fe-ddfd-47c8-8f4d-0e79dfcb9ca5@group-83C92CC6210C-FollowerState
2023-12-19 18:18:05,599 [grpc-default-executor-3] INFO  impl.RoleInfo (RoleInfo.java:updateAndGet(139)) - b44d76fe-ddfd-47c8-8f4d-0e79dfcb9ca5: start b44d76fe-ddfd-47c8-8f4d-0e79dfcb9ca5@group-83C92CC6210C-FollowerState
2023-12-19 18:18:05,599 [b44d76fe-ddfd-47c8-8f4d-0e79dfcb9ca5@group-83C92CC6210C-FollowerState] INFO  impl.FollowerState (FollowerState.java:run(152)) - b44d76fe-ddfd-47c8-8f4d-0e79dfcb9ca5@group-83C92CC6210C-FollowerState was interrupted
2023-12-19 18:18:05,600 [grpc-default-executor-0] INFO  server.RaftServer$Division (RaftServerImpl.java:requestVote(1377)) - f3699da5-7632-4885-9efe-d79f82e47143@group-83C92CC6210C: receive requestVote(ELECTION, 244ca980-f87d-4e1f-bf92-41859c631eea, group-83C92CC6210C, 1, (t:0, i:0))
2023-12-19 18:18:05,605 [grpc-default-executor-3] INFO  server.RaftServer$Division (RaftServerImpl.java:setFirstElection(564)) - b44d76fe-ddfd-47c8-8f4d-0e79dfcb9ca5@group-83C92CC6210C: set firstElectionSinceStartup to false for candidate:244ca980-f87d-4e1f-bf92-41859c631eea
2023-12-19 18:18:05,605 [grpc-default-executor-0] INFO  impl.VoteContext (VoteContext.java:log(49)) - f3699da5-7632-4885-9efe-d79f82e47143@group-83C92CC6210C-FOLLOWER: accept ELECTION from 244ca980-f87d-4e1f-bf92-41859c631eea: our priority 0 <= candidate's priority 1
2023-12-19 18:18:05,605 [grpc-default-executor-0] INFO  server.RaftServer$Division (RaftServerImpl.java:setRole(379)) - f3699da5-7632-4885-9efe-d79f82e47143@group-83C92CC6210C: changes role from  FOLLOWER to FOLLOWER at term 1 for candidate:244ca980-f87d-4e1f-bf92-41859c631eea
2023-12-19 18:18:05,605 [grpc-default-executor-0] INFO  impl.RoleInfo (RoleInfo.java:shutdownFollowerState(110)) - f3699da5-7632-4885-9efe-d79f82e47143: shutdown f3699da5-7632-4885-9efe-d79f82e47143@group-83C92CC6210C-FollowerState
2023-12-19 18:18:05,606 [grpc-default-executor-0] INFO  impl.RoleInfo (RoleInfo.java:updateAndGet(139)) - f3699da5-7632-4885-9efe-d79f82e47143: start f3699da5-7632-4885-9efe-d79f82e47143@group-83C92CC6210C-FollowerState
2023-12-19 18:18:05,606 [f3699da5-7632-4885-9efe-d79f82e47143@group-83C92CC6210C-FollowerState] INFO  impl.FollowerState (FollowerState.java:run(152)) - f3699da5-7632-4885-9efe-d79f82e47143@group-83C92CC6210C-FollowerState was interrupted
2023-12-19 18:18:05,606 [grpc-default-executor-0] INFO  server.RaftServer$Division (RaftServerImpl.java:setFirstElection(564)) - f3699da5-7632-4885-9efe-d79f82e47143@group-83C92CC6210C: set firstElectionSinceStartup to false for candidate:244ca980-f87d-4e1f-bf92-41859c631eea
2023-12-19 18:18:05,607 [grpc-default-executor-3] INFO  server.RaftServer$Division (RaftServerImpl.java:requestVote(1410)) - b44d76fe-ddfd-47c8-8f4d-0e79dfcb9ca5@group-83C92CC6210C replies to ELECTION vote request: 244ca980-f87d-4e1f-bf92-41859c631eea<-b44d76fe-ddfd-47c8-8f4d-0e79dfcb9ca5#0:OK-t1. Peer's state: b44d76fe-ddfd-47c8-8f4d-0e79dfcb9ca5@group-83C92CC6210C:t1, leader=null, voted=244ca980-f87d-4e1f-bf92-41859c631eea, raftlog=Memoized:b44d76fe-ddfd-47c8-8f4d-0e79dfcb9ca5@group-83C92CC6210C-SegmentedRaftLog:OPENED:c-1, conf=-1: peers:[f3699da5-7632-4885-9efe-d79f82e47143|10.1.0.19:15059, b44d76fe-ddfd-47c8-8f4d-0e79dfcb9ca5|10.1.0.19:15050, 244ca980-f87d-4e1f-bf92-41859c631eea|10.1.0.19:15041]|listeners:[], old=null
2023-12-19 18:18:05,608 [grpc-default-executor-0] INFO  server.RaftServer$Division (RaftServerImpl.java:requestVote(1410)) - f3699da5-7632-4885-9efe-d79f82e47143@group-83C92CC6210C replies to ELECTION vote request: 244ca980-f87d-4e1f-bf92-41859c631eea<-f3699da5-7632-4885-9efe-d79f82e47143#0:OK-t1. Peer's state: f3699da5-7632-4885-9efe-d79f82e47143@group-83C92CC6210C:t1, leader=null, voted=244ca980-f87d-4e1f-bf92-41859c631eea, raftlog=Memoized:f3699da5-7632-4885-9efe-d79f82e47143@group-83C92CC6210C-SegmentedRaftLog:OPENED:c-1, conf=-1: peers:[f3699da5-7632-4885-9efe-d79f82e47143|10.1.0.19:15059, b44d76fe-ddfd-47c8-8f4d-0e79dfcb9ca5|10.1.0.19:15050, 244ca980-f87d-4e1f-bf92-41859c631eea|10.1.0.19:15041]|listeners:[], old=null
2023-12-19 18:18:05,609 [244ca980-f87d-4e1f-bf92-41859c631eea@group-83C92CC6210C-LeaderElection8] INFO  impl.LeaderElection (LeaderElection.java:logAndReturn(89)) - 244ca980-f87d-4e1f-bf92-41859c631eea@group-83C92CC6210C-LeaderElection8: ELECTION PASSED received 1 response(s) and 0 exception(s):
2023-12-19 18:18:05,609 [244ca980-f87d-4e1f-bf92-41859c631eea@group-83C92CC6210C-LeaderElection8] INFO  impl.LeaderElection (LeaderElection.java:logAndReturn(93)) -   Response 0: 244ca980-f87d-4e1f-bf92-41859c631eea<-f3699da5-7632-4885-9efe-d79f82e47143#0:OK-t1
2023-12-19 18:18:05,609 [244ca980-f87d-4e1f-bf92-41859c631eea@group-83C92CC6210C-LeaderElection8] INFO  impl.LeaderElection (LeaderElection.java:askForVotes(325)) - 244ca980-f87d-4e1f-bf92-41859c631eea@group-83C92CC6210C-LeaderElection8 ELECTION round 0: result PASSED
2023-12-19 18:18:05,609 [244ca980-f87d-4e1f-bf92-41859c631eea@group-83C92CC6210C-LeaderElection8] INFO  impl.RoleInfo (RoleInfo.java:shutdownLeaderElection(130)) - 244ca980-f87d-4e1f-bf92-41859c631eea: shutdown 244ca980-f87d-4e1f-bf92-41859c631eea@group-83C92CC6210C-LeaderElection8
2023-12-19 18:18:05,609 [244ca980-f87d-4e1f-bf92-41859c631eea@group-83C92CC6210C-LeaderElection8] INFO  server.RaftServer$Division (RaftServerImpl.java:setRole(379)) - 244ca980-f87d-4e1f-bf92-41859c631eea@group-83C92CC6210C: changes role from CANDIDATE to LEADER at term 1 for changeToLeader
2023-12-19 18:18:05,609 [244ca980-f87d-4e1f-bf92-41859c631eea@group-83C92CC6210C-LeaderElection8] INFO  server.RaftServerConfigKeys (ConfUtils.java:logGet(46)) - raft.server.staging.catchup.gap = 1000 (default)
2023-12-19 18:18:05,610 [244ca980-f87d-4e1f-bf92-41859c631eea@group-83C92CC6210C-LeaderElection8] INFO  server.RaftServerConfigKeys (ConfUtils.java:logGet(46)) - raft.server.write.element-limit = 1024 (custom)
2023-12-19 18:18:05,610 [244ca980-f87d-4e1f-bf92-41859c631eea@group-83C92CC6210C-LeaderElection8] INFO  server.RaftServerConfigKeys (ConfUtils.java:logGet(46)) - raft.server.write.byte-limit = 1024 M (=1073741824) (custom)
2023-12-19 18:18:05,611 [244ca980-f87d-4e1f-bf92-41859c631eea@group-83C92CC6210C-LeaderElection8] INFO  server.RaftServerConfigKeys (ConfUtils.java:logGet(46)) - raft.server.watch.timeout = 180s (custom)
2023-12-19 18:18:05,611 [244ca980-f87d-4e1f-bf92-41859c631eea@group-83C92CC6210C-LeaderElection8] INFO  server.RaftServerConfigKeys (ConfUtils.java:logGet(46)) - raft.server.watch.timeout.denomination = 1s (default)
2023-12-19 18:18:05,611 [244ca980-f87d-4e1f-bf92-41859c631eea@group-83C92CC6210C-LeaderElection8] INFO  server.RaftServerConfigKeys (ConfUtils.java:logGet(46)) - raft.server.watch.element-limit = 65536 (default)
2023-12-19 18:18:05,611 [244ca980-f87d-4e1f-bf92-41859c631eea@group-83C92CC6210C-LeaderElection8] INFO  server.RaftServerConfigKeys (ConfUtils.java:logGet(46)) - raft.server.read.leader.lease.enabled = false (default)
2023-12-19 18:18:05,611 [244ca980-f87d-4e1f-bf92-41859c631eea@group-83C92CC6210C-LeaderElection8] INFO  server.RaftServerConfigKeys (ConfUtils.java:logGet(46)) - raft.server.read.leader.lease.timeout.ratio = 0.9 (default)
2023-12-19 18:18:05,611 [244ca980-f87d-4e1f-bf92-41859c631eea@group-83C92CC6210C-LeaderElection8] INFO  server.RaftServerConfigKeys (ConfUtils.java:logGet(46)) - raft.server.rpc.timeout.min = 5s (custom)
2023-12-19 18:18:05,611 [244ca980-f87d-4e1f-bf92-41859c631eea@group-83C92CC6210C-LeaderElection8] INFO  server.RaftServerConfigKeys (ConfUtils.java:logGet(46)) - raft.server.write.element-limit = 1024 (custom)
2023-12-19 18:18:05,611 [244ca980-f87d-4e1f-bf92-41859c631eea@group-83C92CC6210C-LeaderElection8] INFO  server.RaftServerConfigKeys (ConfUtils.java:logGet(46)) - raft.server.write.follower.gap.ratio.max = -1.0 (default)
2023-12-19 18:18:05,612 [244ca980-f87d-4e1f-bf92-41859c631eea@group-83C92CC6210C-LeaderElection8] INFO  server.RaftServerConfigKeys (ConfUtils.java:logGet(46)) - raft.server.log.appender.snapshot.chunk.size.max = 16MB (=16777216) (default)
2023-12-19 18:18:05,617 [244ca980-f87d-4e1f-bf92-41859c631eea@group-83C92CC6210C-LeaderElection8] INFO  server.RaftServerConfigKeys (ConfUtils.java:logGet(46)) - raft.server.log.appender.buffer.byte-limit = 8388608 (custom)
2023-12-19 18:18:05,617 [244ca980-f87d-4e1f-bf92-41859c631eea@group-83C92CC6210C-LeaderElection8] INFO  server.RaftServerConfigKeys (ConfUtils.java:logGet(46)) - raft.server.log.appender.buffer.element-limit = 1 (custom)
2023-12-19 18:18:05,617 [244ca980-f87d-4e1f-bf92-41859c631eea@group-83C92CC6210C-LeaderElection8] INFO  server.RaftServerConfigKeys (ConfUtils.java:logGet(46)) - raft.server.log.appender.wait-time.min = 0μs (custom)
2023-12-19 18:18:05,617 [244ca980-f87d-4e1f-bf92-41859c631eea@group-83C92CC6210C-LeaderElection8] INFO  grpc.GrpcConfigKeys (ConfUtils.java:logGet(46)) - raft.grpc.server.leader.outstanding.appends.max = 8 (default)
2023-12-19 18:18:05,618 [244ca980-f87d-4e1f-bf92-41859c631eea@group-83C92CC6210C-LeaderElection8] INFO  server.RaftServerConfigKeys (ConfUtils.java:logGet(46)) - raft.server.rpc.request.timeout = 60s (custom)
2023-12-19 18:18:05,618 [244ca980-f87d-4e1f-bf92-41859c631eea@group-83C92CC6210C-LeaderElection8] INFO  grpc.GrpcConfigKeys (ConfUtils.java:logGet(46)) - raft.grpc.server.install_snapshot.request.element-limit = 8 (default)
2023-12-19 18:18:05,618 [244ca980-f87d-4e1f-bf92-41859c631eea@group-83C92CC6210C-LeaderElection8] INFO  grpc.GrpcConfigKeys (ConfUtils.java:logGet(46)) - raft.grpc.server.install_snapshot.request.timeout = 3000ms (default)
2023-12-19 18:18:05,618 [244ca980-f87d-4e1f-bf92-41859c631eea@group-83C92CC6210C-LeaderElection8] INFO  server.RaftServerConfigKeys (ConfUtils.java:logGet(46)) - raft.server.log.appender.install.snapshot.enabled = false (custom)
2023-12-19 18:18:05,618 [244ca980-f87d-4e1f-bf92-41859c631eea@group-83C92CC6210C-LeaderElection8] INFO  grpc.GrpcConfigKeys (ConfUtils.java:logGet(46)) - raft.grpc.server.heartbeat.channel = true (default)
2023-12-19 18:18:05,620 [244ca980-f87d-4e1f-bf92-41859c631eea@group-83C92CC6210C-LeaderElection8] INFO  server.RaftServerConfigKeys (ConfUtils.java:logGet(46)) - raft.server.log.appender.snapshot.chunk.size.max = 16MB (=16777216) (default)
2023-12-19 18:18:05,620 [244ca980-f87d-4e1f-bf92-41859c631eea@group-83C92CC6210C-LeaderElection8] INFO  server.RaftServerConfigKeys (ConfUtils.java:logGet(46)) - raft.server.log.appender.buffer.byte-limit = 8388608 (custom)
2023-12-19 18:18:05,620 [244ca980-f87d-4e1f-bf92-41859c631eea@group-83C92CC6210C-LeaderElection8] INFO  server.RaftServerConfigKeys (ConfUtils.java:logGet(46)) - raft.server.log.appender.buffer.element-limit = 1 (custom)
2023-12-19 18:18:05,620 [244ca980-f87d-4e1f-bf92-41859c631eea@group-83C92CC6210C-LeaderElection8] INFO  server.RaftServerConfigKeys (ConfUtils.java:logGet(46)) - raft.server.log.appender.wait-time.min = 0μs (custom)
2023-12-19 18:18:05,620 [244ca980-f87d-4e1f-bf92-41859c631eea@group-83C92CC6210C-LeaderElection8] INFO  grpc.GrpcConfigKeys (ConfUtils.java:logGet(46)) - raft.grpc.server.leader.outstanding.appends.max = 8 (default)
2023-12-19 18:18:05,620 [244ca980-f87d-4e1f-bf92-41859c631eea@group-83C92CC6210C-LeaderElection8] INFO  server.RaftServerConfigKeys (ConfUtils.java:logGet(46)) - raft.server.rpc.request.timeout = 60s (custom)
2023-12-19 18:18:05,620 [244ca980-f87d-4e1f-bf92-41859c631eea@group-83C92CC6210C-LeaderElection8] INFO  grpc.GrpcConfigKeys (ConfUtils.java:logGet(46)) - raft.grpc.server.install_snapshot.request.element-limit = 8 (default)
2023-12-19 18:18:05,620 [244ca980-f87d-4e1f-bf92-41859c631eea@group-83C92CC6210C-LeaderElection8] INFO  grpc.GrpcConfigKeys (ConfUtils.java:logGet(46)) - raft.grpc.server.install_snapshot.request.timeout = 3000ms (default)
2023-12-19 18:18:05,620 [244ca980-f87d-4e1f-bf92-41859c631eea@group-83C92CC6210C-LeaderElection8] INFO  server.RaftServerConfigKeys (ConfUtils.java:logGet(46)) - raft.server.log.appender.install.snapshot.enabled = false (custom)
2023-12-19 18:18:05,620 [244ca980-f87d-4e1f-bf92-41859c631eea@group-83C92CC6210C-LeaderElection8] INFO  grpc.GrpcConfigKeys (ConfUtils.java:logGet(46)) - raft.grpc.server.heartbeat.channel = true (default)
2023-12-19 18:18:05,621 [244ca980-f87d-4e1f-bf92-41859c631eea@group-83C92CC6210C-LeaderElection8] INFO  impl.RoleInfo (RoleInfo.java:updateAndGet(139)) - 244ca980-f87d-4e1f-bf92-41859c631eea: start 244ca980-f87d-4e1f-bf92-41859c631eea@group-83C92CC6210C-LeaderStateImpl
2023-12-19 18:18:05,621 [244ca980-f87d-4e1f-bf92-41859c631eea@group-83C92CC6210C-LeaderElection8] INFO  server.RaftServer$Division (RaftServerImpl.java:setFirstElection(564)) - 244ca980-f87d-4e1f-bf92-41859c631eea@group-83C92CC6210C: set firstElectionSinceStartup to false for becomeLeader
2023-12-19 18:18:05,621 [244ca980-f87d-4e1f-bf92-41859c631eea@group-83C92CC6210C-LeaderElection8] INFO  ratis.XceiverServerRatis (XceiverServerRatis.java:handleLeaderChangedNotification(935)) - Leader change notification received for group: group-83C92CC6210C with new leaderId: 244ca980-f87d-4e1f-bf92-41859c631eea
2023-12-19 18:18:05,621 [244ca980-f87d-4e1f-bf92-41859c631eea@group-83C92CC6210C-LeaderElection8] INFO  server.RaftServer$Division (ServerState.java:setLeader(265)) - 244ca980-f87d-4e1f-bf92-41859c631eea@group-83C92CC6210C: change Leader from null to 244ca980-f87d-4e1f-bf92-41859c631eea at term 1 for becomeLeader, leader elected after 5170ms
2023-12-19 18:18:05,621 [244ca980-f87d-4e1f-bf92-41859c631eea@group-83C92CC6210C-LeaderElection8] INFO  segmented.SegmentedRaftLogWorker (SegmentedRaftLogWorker.java:startLogSegment(428)) - 244ca980-f87d-4e1f-bf92-41859c631eea@group-83C92CC6210C-SegmentedRaftLogWorker: Starting segment from index:0
2023-12-19 18:18:05,624 [EventQueue-PipelineReportForPipelineReportHandler] INFO  pipeline.PipelineReportHandler (PipelineReportHandler.java:processPipelineReport(136)) - Opened pipeline PipelineID=fe77e429-5f3d-4142-9d51-83c92cc6210c
2023-12-19 18:18:05,627 [244ca980-f87d-4e1f-bf92-41859c631eea@group-83C92CC6210C-LeaderElection8] INFO  server.RaftServer$Division (ServerState.java:setRaftConf(382)) - 244ca980-f87d-4e1f-bf92-41859c631eea@group-83C92CC6210C: set configuration 0: peers:[f3699da5-7632-4885-9efe-d79f82e47143|10.1.0.19:15059, b44d76fe-ddfd-47c8-8f4d-0e79dfcb9ca5|10.1.0.19:15050, 244ca980-f87d-4e1f-bf92-41859c631eea|10.1.0.19:15041]|listeners:[], old=null
2023-12-19 18:18:05,631 [244ca980-f87d-4e1f-bf92-41859c631eea@group-83C92CC6210C-SegmentedRaftLogWorker] INFO  segmented.SegmentedRaftLogWorker (SegmentedRaftLogWorker.java:execute(632)) - 244ca980-f87d-4e1f-bf92-41859c631eea@group-83C92CC6210C-SegmentedRaftLogWorker: created new log segment /home/runner/work/ozone/ozone/hadoop-ozone/integration-test/target/test-dir/MiniOzoneClusterImpl-c3f67427-b36b-4ee4-bde0-91623ce58163/datanode-3/data/ratis/fe77e429-5f3d-4142-9d51-83c92cc6210c/current/log_inprogress_0
2023-12-19 18:18:05,637 [f3699da5-7632-4885-9efe-d79f82e47143-server-thread1] INFO  ratis.XceiverServerRatis (XceiverServerRatis.java:handleLeaderChangedNotification(935)) - Leader change notification received for group: group-83C92CC6210C with new leaderId: 244ca980-f87d-4e1f-bf92-41859c631eea
2023-12-19 18:18:05,637 [f3699da5-7632-4885-9efe-d79f82e47143-server-thread1] INFO  server.RaftServer$Division (ServerState.java:setLeader(265)) - f3699da5-7632-4885-9efe-d79f82e47143@group-83C92CC6210C: change Leader from null to 244ca980-f87d-4e1f-bf92-41859c631eea at term 1 for appendEntries, leader elected after 4887ms
2023-12-19 18:18:05,638 [b44d76fe-ddfd-47c8-8f4d-0e79dfcb9ca5-server-thread1] INFO  ratis.XceiverServerRatis (XceiverServerRatis.java:handleLeaderChangedNotification(935)) - Leader change notification received for group: group-83C92CC6210C with new leaderId: 244ca980-f87d-4e1f-bf92-41859c631eea
2023-12-19 18:18:05,638 [b44d76fe-ddfd-47c8-8f4d-0e79dfcb9ca5-server-thread1] INFO  server.RaftServer$Division (ServerState.java:setLeader(265)) - b44d76fe-ddfd-47c8-8f4d-0e79dfcb9ca5@group-83C92CC6210C: change Leader from null to 244ca980-f87d-4e1f-bf92-41859c631eea at term 1 for appendEntries, leader elected after 5052ms
2023-12-19 18:18:05,641 [f3699da5-7632-4885-9efe-d79f82e47143-server-thread1] INFO  server.RaftServer$Division (ServerState.java:setRaftConf(382)) - f3699da5-7632-4885-9efe-d79f82e47143@group-83C92CC6210C: set configuration 0: peers:[f3699da5-7632-4885-9efe-d79f82e47143|10.1.0.19:15059, b44d76fe-ddfd-47c8-8f4d-0e79dfcb9ca5|10.1.0.19:15050, 244ca980-f87d-4e1f-bf92-41859c631eea|10.1.0.19:15041]|listeners:[], old=null
2023-12-19 18:18:05,641 [f3699da5-7632-4885-9efe-d79f82e47143-server-thread1] INFO  segmented.SegmentedRaftLogWorker (SegmentedRaftLogWorker.java:startLogSegment(428)) - f3699da5-7632-4885-9efe-d79f82e47143@group-83C92CC6210C-SegmentedRaftLogWorker: Starting segment from index:0
2023-12-19 18:18:05,643 [b44d76fe-ddfd-47c8-8f4d-0e79dfcb9ca5-server-thread2] INFO  server.RaftServer$Division (ServerState.java:setRaftConf(382)) - b44d76fe-ddfd-47c8-8f4d-0e79dfcb9ca5@group-83C92CC6210C: set configuration 0: peers:[f3699da5-7632-4885-9efe-d79f82e47143|10.1.0.19:15059, b44d76fe-ddfd-47c8-8f4d-0e79dfcb9ca5|10.1.0.19:15050, 244ca980-f87d-4e1f-bf92-41859c631eea|10.1.0.19:15041]|listeners:[], old=null
2023-12-19 18:18:05,647 [b44d76fe-ddfd-47c8-8f4d-0e79dfcb9ca5-server-thread2] INFO  segmented.SegmentedRaftLogWorker (SegmentedRaftLogWorker.java:startLogSegment(428)) - b44d76fe-ddfd-47c8-8f4d-0e79dfcb9ca5@group-83C92CC6210C-SegmentedRaftLogWorker: Starting segment from index:0
2023-12-19 18:18:05,656 [f3699da5-7632-4885-9efe-d79f82e47143@group-83C92CC6210C-SegmentedRaftLogWorker] INFO  segmented.SegmentedRaftLogWorker (SegmentedRaftLogWorker.java:execute(632)) - f3699da5-7632-4885-9efe-d79f82e47143@group-83C92CC6210C-SegmentedRaftLogWorker: created new log segment /home/runner/work/ozone/ozone/hadoop-ozone/integration-test/target/test-dir/MiniOzoneClusterImpl-c3f67427-b36b-4ee4-bde0-91623ce58163/datanode-5/data/ratis/fe77e429-5f3d-4142-9d51-83c92cc6210c/current/log_inprogress_0
2023-12-19 18:18:05,656 [b44d76fe-ddfd-47c8-8f4d-0e79dfcb9ca5@group-83C92CC6210C-SegmentedRaftLogWorker] INFO  segmented.SegmentedRaftLogWorker (SegmentedRaftLogWorker.java:execute(632)) - b44d76fe-ddfd-47c8-8f4d-0e79dfcb9ca5@group-83C92CC6210C-SegmentedRaftLogWorker: created new log segment /home/runner/work/ozone/ozone/hadoop-ozone/integration-test/target/test-dir/MiniOzoneClusterImpl-c3f67427-b36b-4ee4-bde0-91623ce58163/datanode-4/data/ratis/fe77e429-5f3d-4142-9d51-83c92cc6210c/current/log_inprogress_0
2023-12-19 18:18:05,657 [main] INFO  ozone.MiniOzoneClusterImpl (MiniOzoneClusterImpl.java:lambda$waitForClusterToBeReady$0(230)) - Nodes are ready. Got 14 of 14 DN Heartbeats.
2023-12-19 18:18:05,657 [main] INFO  ozone.MiniOzoneClusterImpl (MiniOzoneClusterImpl.java:lambda$waitForClusterToBeReady$0(233)) - Cluster exits safe mode
2023-12-19 18:18:05,657 [main] INFO  ozone.MiniOzoneClusterImpl (MiniOzoneClusterImpl.java:lambda$waitForClusterToBeReady$0(235)) - SCM became leader
2023-12-19 18:18:05,657 [244ca980-f87d-4e1f-bf92-41859c631eea@group-83C92CC6210C-StateMachineUpdater] INFO  server.RaftServer$Division (LeaderStateImpl.java:isApplied(316)) - leader is ready since appliedIndex == 0 >= startIndex == 0
2023-12-19 18:18:05,691 [b44d76fe-ddfd-47c8-8f4d-0e79dfcb9ca5@group-3F9B87751D48-FollowerState] INFO  impl.FollowerState (FollowerState.java:run(143)) - b44d76fe-ddfd-47c8-8f4d-0e79dfcb9ca5@group-3F9B87751D48-FollowerState: change to CANDIDATE, lastRpcElapsedTime:5109454480ns, electionTimeout:5109ms
2023-12-19 18:18:05,691 [b44d76fe-ddfd-47c8-8f4d-0e79dfcb9ca5@group-3F9B87751D48-FollowerState] INFO  impl.RoleInfo (RoleInfo.java:shutdownFollowerState(110)) - b44d76fe-ddfd-47c8-8f4d-0e79dfcb9ca5: shutdown b44d76fe-ddfd-47c8-8f4d-0e79dfcb9ca5@group-3F9B87751D48-FollowerState
2023-12-19 18:18:05,691 [b44d76fe-ddfd-47c8-8f4d-0e79dfcb9ca5@group-3F9B87751D48-FollowerState] INFO  server.RaftServer$Division (RaftServerImpl.java:setRole(379)) - b44d76fe-ddfd-47c8-8f4d-0e79dfcb9ca5@group-3F9B87751D48: changes role from  FOLLOWER to CANDIDATE at term 0 for changeToCandidate
2023-12-19 18:18:05,691 [b44d76fe-ddfd-47c8-8f4d-0e79dfcb9ca5@group-3F9B87751D48-FollowerState] INFO  server.RaftServerConfigKeys (ConfUtils.java:logGet(46)) - raft.server.leaderelection.pre-vote = true (default)
2023-12-19 18:18:05,691 [b44d76fe-ddfd-47c8-8f4d-0e79dfcb9ca5@group-3F9B87751D48-FollowerState] INFO  impl.RoleInfo (RoleInfo.java:updateAndGet(139)) - b44d76fe-ddfd-47c8-8f4d-0e79dfcb9ca5: start b44d76fe-ddfd-47c8-8f4d-0e79dfcb9ca5@group-3F9B87751D48-LeaderElection9
2023-12-19 18:18:05,707 [b44d76fe-ddfd-47c8-8f4d-0e79dfcb9ca5@group-3F9B87751D48-LeaderElection9] INFO  impl.LeaderElection (LeaderElection.java:askForVotes(323)) - b44d76fe-ddfd-47c8-8f4d-0e79dfcb9ca5@group-3F9B87751D48-LeaderElection9 PRE_VOTE round 0: submit vote requests at term 0 for -1: peers:[b44d76fe-ddfd-47c8-8f4d-0e79dfcb9ca5|10.1.0.19:15050]|listeners:[], old=null
2023-12-19 18:18:05,707 [b44d76fe-ddfd-47c8-8f4d-0e79dfcb9ca5@group-3F9B87751D48-LeaderElection9] INFO  impl.LeaderElection (LeaderElection.java:askForVotes(325)) - b44d76fe-ddfd-47c8-8f4d-0e79dfcb9ca5@group-3F9B87751D48-LeaderElection9 PRE_VOTE round 0: result PASSED (term=0)
2023-12-19 18:18:05,708 [b44d76fe-ddfd-47c8-8f4d-0e79dfcb9ca5@group-3F9B87751D48-LeaderElection9] INFO  impl.LeaderElection (LeaderElection.java:askForVotes(323)) - b44d76fe-ddfd-47c8-8f4d-0e79dfcb9ca5@group-3F9B87751D48-LeaderElection9 ELECTION round 0: submit vote requests at term 1 for -1: peers:[b44d76fe-ddfd-47c8-8f4d-0e79dfcb9ca5|10.1.0.19:15050]|listeners:[], old=null
2023-12-19 18:18:05,708 [b44d76fe-ddfd-47c8-8f4d-0e79dfcb9ca5@group-3F9B87751D48-LeaderElection9] INFO  impl.LeaderElection (LeaderElection.java:askForVotes(325)) - b44d76fe-ddfd-47c8-8f4d-0e79dfcb9ca5@group-3F9B87751D48-LeaderElection9 ELECTION round 0: result PASSED (term=1)
2023-12-19 18:18:05,708 [b44d76fe-ddfd-47c8-8f4d-0e79dfcb9ca5@group-3F9B87751D48-LeaderElection9] INFO  impl.RoleInfo (RoleInfo.java:shutdownLeaderElection(130)) - b44d76fe-ddfd-47c8-8f4d-0e79dfcb9ca5: shutdown b44d76fe-ddfd-47c8-8f4d-0e79dfcb9ca5@group-3F9B87751D48-LeaderElection9
2023-12-19 18:18:05,708 [b44d76fe-ddfd-47c8-8f4d-0e79dfcb9ca5@group-3F9B87751D48-LeaderElection9] INFO  server.RaftServer$Division (RaftServerImpl.java:setRole(379)) - b44d76fe-ddfd-47c8-8f4d-0e79dfcb9ca5@group-3F9B87751D48: changes role from CANDIDATE to LEADER at term 1 for changeToLeader
2023-12-19 18:18:05,708 [b44d76fe-ddfd-47c8-8f4d-0e79dfcb9ca5@group-3F9B87751D48-LeaderElection9] INFO  server.RaftServerConfigKeys (ConfUtils.java:logGet(46)) - raft.server.staging.catchup.gap = 1000 (default)
2023-12-19 18:18:05,709 [b44d76fe-ddfd-47c8-8f4d-0e79dfcb9ca5@group-3F9B87751D48-LeaderElection9] INFO  server.RaftServerConfigKeys (ConfUtils.java:logGet(46)) - raft.server.write.element-limit = 1024 (custom)
2023-12-19 18:18:05,709 [b44d76fe-ddfd-47c8-8f4d-0e79dfcb9ca5@group-3F9B87751D48-LeaderElection9] INFO  server.RaftServerConfigKeys (ConfUtils.java:logGet(46)) - raft.server.write.byte-limit = 1024 M (=1073741824) (custom)
2023-12-19 18:18:05,709 [b44d76fe-ddfd-47c8-8f4d-0e79dfcb9ca5@group-3F9B87751D48-LeaderElection9] INFO  server.RaftServerConfigKeys (ConfUtils.java:logGet(46)) - raft.server.watch.timeout = 180s (custom)
2023-12-19 18:18:05,709 [b44d76fe-ddfd-47c8-8f4d-0e79dfcb9ca5@group-3F9B87751D48-LeaderElection9] INFO  server.RaftServerConfigKeys (ConfUtils.java:logGet(46)) - raft.server.watch.timeout.denomination = 1s (default)
2023-12-19 18:18:05,709 [b44d76fe-ddfd-47c8-8f4d-0e79dfcb9ca5@group-3F9B87751D48-LeaderElection9] INFO  server.RaftServerConfigKeys (ConfUtils.java:logGet(46)) - raft.server.watch.element-limit = 65536 (default)
2023-12-19 18:18:05,709 [b44d76fe-ddfd-47c8-8f4d-0e79dfcb9ca5@group-3F9B87751D48-LeaderElection9] INFO  server.RaftServerConfigKeys (ConfUtils.java:logGet(46)) - raft.server.read.leader.lease.enabled = false (default)
2023-12-19 18:18:05,709 [b44d76fe-ddfd-47c8-8f4d-0e79dfcb9ca5@group-3F9B87751D48-LeaderElection9] INFO  server.RaftServerConfigKeys (ConfUtils.java:logGet(46)) - raft.server.read.leader.lease.timeout.ratio = 0.9 (default)
2023-12-19 18:18:05,709 [b44d76fe-ddfd-47c8-8f4d-0e79dfcb9ca5@group-3F9B87751D48-LeaderElection9] INFO  server.RaftServerConfigKeys (ConfUtils.java:logGet(46)) - raft.server.rpc.timeout.min = 5s (custom)
2023-12-19 18:18:05,709 [b44d76fe-ddfd-47c8-8f4d-0e79dfcb9ca5@group-3F9B87751D48-LeaderElection9] INFO  server.RaftServerConfigKeys (ConfUtils.java:logGet(46)) - raft.server.write.element-limit = 1024 (custom)
2023-12-19 18:18:05,709 [b44d76fe-ddfd-47c8-8f4d-0e79dfcb9ca5@group-3F9B87751D48-LeaderElection9] INFO  server.RaftServerConfigKeys (ConfUtils.java:logGet(46)) - raft.server.write.follower.gap.ratio.max = -1.0 (default)
2023-12-19 18:18:05,710 [b44d76fe-ddfd-47c8-8f4d-0e79dfcb9ca5@group-3F9B87751D48-LeaderElection9] INFO  impl.RoleInfo (RoleInfo.java:updateAndGet(139)) - b44d76fe-ddfd-47c8-8f4d-0e79dfcb9ca5: start b44d76fe-ddfd-47c8-8f4d-0e79dfcb9ca5@group-3F9B87751D48-LeaderStateImpl
2023-12-19 18:18:05,710 [b44d76fe-ddfd-47c8-8f4d-0e79dfcb9ca5@group-3F9B87751D48-LeaderElection9] INFO  server.RaftServer$Division (RaftServerImpl.java:setFirstElection(564)) - b44d76fe-ddfd-47c8-8f4d-0e79dfcb9ca5@group-3F9B87751D48: set firstElectionSinceStartup to false for becomeLeader
2023-12-19 18:18:05,710 [b44d76fe-ddfd-47c8-8f4d-0e79dfcb9ca5@group-3F9B87751D48-LeaderElection9] INFO  ratis.XceiverServerRatis (XceiverServerRatis.java:handleLeaderChangedNotification(935)) - Leader change notification received for group: group-3F9B87751D48 with new leaderId: b44d76fe-ddfd-47c8-8f4d-0e79dfcb9ca5
2023-12-19 18:18:05,710 [b44d76fe-ddfd-47c8-8f4d-0e79dfcb9ca5@group-3F9B87751D48-LeaderElection9] INFO  server.RaftServer$Division (ServerState.java:setLeader(265)) - b44d76fe-ddfd-47c8-8f4d-0e79dfcb9ca5@group-3F9B87751D48: change Leader from null to b44d76fe-ddfd-47c8-8f4d-0e79dfcb9ca5 at term 1 for becomeLeader, leader elected after 5160ms
2023-12-19 18:18:05,710 [b44d76fe-ddfd-47c8-8f4d-0e79dfcb9ca5@group-3F9B87751D48-LeaderElection9] INFO  segmented.SegmentedRaftLogWorker (SegmentedRaftLogWorker.java:startLogSegment(428)) - b44d76fe-ddfd-47c8-8f4d-0e79dfcb9ca5@group-3F9B87751D48-SegmentedRaftLogWorker: Starting segment from index:0
2023-12-19 18:18:05,711 [b44d76fe-ddfd-47c8-8f4d-0e79dfcb9ca5@group-3F9B87751D48-LeaderElection9] INFO  server.RaftServer$Division (ServerState.java:setRaftConf(382)) - b44d76fe-ddfd-47c8-8f4d-0e79dfcb9ca5@group-3F9B87751D48: set configuration 0: peers:[b44d76fe-ddfd-47c8-8f4d-0e79dfcb9ca5|10.1.0.19:15050]|listeners:[], old=null
2023-12-19 18:18:05,718 [b44d76fe-ddfd-47c8-8f4d-0e79dfcb9ca5@group-3F9B87751D48-SegmentedRaftLogWorker] INFO  segmented.SegmentedRaftLogWorker (SegmentedRaftLogWorker.java:execute(632)) - b44d76fe-ddfd-47c8-8f4d-0e79dfcb9ca5@group-3F9B87751D48-SegmentedRaftLogWorker: created new log segment /home/runner/work/ozone/ozone/hadoop-ozone/integration-test/target/test-dir/MiniOzoneClusterImpl-c3f67427-b36b-4ee4-bde0-91623ce58163/datanode-4/data/ratis/4df6e029-78e6-407b-8be4-3f9b87751d48/current/log_inprogress_0
2023-12-19 18:18:05,720 [b44d76fe-ddfd-47c8-8f4d-0e79dfcb9ca5@group-3F9B87751D48-StateMachineUpdater] INFO  server.RaftServer$Division (LeaderStateImpl.java:isApplied(316)) - leader is ready since appliedIndex == 0 >= startIndex == 0
2023-12-19 18:18:05,866 [f3699da5-7632-4885-9efe-d79f82e47143@group-7AE7D8FC9C99-FollowerState] INFO  impl.FollowerState (FollowerState.java:run(143)) - f3699da5-7632-4885-9efe-d79f82e47143@group-7AE7D8FC9C99-FollowerState: change to CANDIDATE, lastRpcElapsedTime:5012797075ns, electionTimeout:5004ms
2023-12-19 18:18:05,866 [f3699da5-7632-4885-9efe-d79f82e47143@group-7AE7D8FC9C99-FollowerState] INFO  impl.RoleInfo (RoleInfo.java:shutdownFollowerState(110)) - f3699da5-7632-4885-9efe-d79f82e47143: shutdown f3699da5-7632-4885-9efe-d79f82e47143@group-7AE7D8FC9C99-FollowerState
2023-12-19 18:18:05,867 [f3699da5-7632-4885-9efe-d79f82e47143@group-7AE7D8FC9C99-FollowerState] INFO  server.RaftServer$Division (RaftServerImpl.java:setRole(379)) - f3699da5-7632-4885-9efe-d79f82e47143@group-7AE7D8FC9C99: changes role from  FOLLOWER to CANDIDATE at term 0 for changeToCandidate
2023-12-19 18:18:05,868 [f3699da5-7632-4885-9efe-d79f82e47143@group-7AE7D8FC9C99-FollowerState] INFO  server.RaftServerConfigKeys (ConfUtils.java:logGet(46)) - raft.server.leaderelection.pre-vote = true (default)
2023-12-19 18:18:05,869 [f3699da5-7632-4885-9efe-d79f82e47143@group-7AE7D8FC9C99-FollowerState] INFO  impl.RoleInfo (RoleInfo.java:updateAndGet(139)) - f3699da5-7632-4885-9efe-d79f82e47143: start f3699da5-7632-4885-9efe-d79f82e47143@group-7AE7D8FC9C99-LeaderElection10
2023-12-19 18:18:05,870 [f3699da5-7632-4885-9efe-d79f82e47143@group-7AE7D8FC9C99-LeaderElection10] INFO  impl.LeaderElection (LeaderElection.java:askForVotes(323)) - f3699da5-7632-4885-9efe-d79f82e47143@group-7AE7D8FC9C99-LeaderElection10 PRE_VOTE round 0: submit vote requests at term 0 for -1: peers:[f3699da5-7632-4885-9efe-d79f82e47143|10.1.0.19:15059]|listeners:[], old=null
2023-12-19 18:18:05,870 [f3699da5-7632-4885-9efe-d79f82e47143@group-7AE7D8FC9C99-LeaderElection10] INFO  impl.LeaderElection (LeaderElection.java:askForVotes(325)) - f3699da5-7632-4885-9efe-d79f82e47143@group-7AE7D8FC9C99-LeaderElection10 PRE_VOTE round 0: result PASSED (term=0)
2023-12-19 18:18:05,872 [f3699da5-7632-4885-9efe-d79f82e47143@group-7AE7D8FC9C99-LeaderElection10] INFO  impl.LeaderElection (LeaderElection.java:askForVotes(323)) - f3699da5-7632-4885-9efe-d79f82e47143@group-7AE7D8FC9C99-LeaderElection10 ELECTION round 0: submit vote requests at term 1 for -1: peers:[f3699da5-7632-4885-9efe-d79f82e47143|10.1.0.19:15059]|listeners:[], old=null
2023-12-19 18:18:05,872 [f3699da5-7632-4885-9efe-d79f82e47143@group-7AE7D8FC9C99-LeaderElection10] INFO  impl.LeaderElection (LeaderElection.java:askForVotes(325)) - f3699da5-7632-4885-9efe-d79f82e47143@group-7AE7D8FC9C99-LeaderElection10 ELECTION round 0: result PASSED (term=1)
2023-12-19 18:18:05,872 [f3699da5-7632-4885-9efe-d79f82e47143@group-7AE7D8FC9C99-LeaderElection10] INFO  impl.RoleInfo (RoleInfo.java:shutdownLeaderElection(130)) - f3699da5-7632-4885-9efe-d79f82e47143: shutdown f3699da5-7632-4885-9efe-d79f82e47143@group-7AE7D8FC9C99-LeaderElection10
2023-12-19 18:18:05,872 [f3699da5-7632-4885-9efe-d79f82e47143@group-7AE7D8FC9C99-LeaderElection10] INFO  server.RaftServer$Division (RaftServerImpl.java:setRole(379)) - f3699da5-7632-4885-9efe-d79f82e47143@group-7AE7D8FC9C99: changes role from CANDIDATE to LEADER at term 1 for changeToLeader
2023-12-19 18:18:05,872 [f3699da5-7632-4885-9efe-d79f82e47143@group-7AE7D8FC9C99-LeaderElection10] INFO  server.RaftServerConfigKeys (ConfUtils.java:logGet(46)) - raft.server.staging.catchup.gap = 1000 (default)
2023-12-19 18:18:05,872 [f3699da5-7632-4885-9efe-d79f82e47143@group-7AE7D8FC9C99-LeaderElection10] INFO  server.RaftServerConfigKeys (ConfUtils.java:logGet(46)) - raft.server.write.element-limit = 1024 (custom)
2023-12-19 18:18:05,872 [f3699da5-7632-4885-9efe-d79f82e47143@group-7AE7D8FC9C99-LeaderElection10] INFO  server.RaftServerConfigKeys (ConfUtils.java:logGet(46)) - raft.server.write.byte-limit = 1024 M (=1073741824) (custom)
2023-12-19 18:18:05,872 [f3699da5-7632-4885-9efe-d79f82e47143@group-7AE7D8FC9C99-LeaderElection10] INFO  server.RaftServerConfigKeys (ConfUtils.java:logGet(46)) - raft.server.watch.timeout = 180s (custom)
2023-12-19 18:18:05,873 [f3699da5-7632-4885-9efe-d79f82e47143@group-7AE7D8FC9C99-LeaderElection10] INFO  server.RaftServerConfigKeys (ConfUtils.java:logGet(46)) - raft.server.watch.timeout.denomination = 1s (default)
2023-12-19 18:18:05,873 [f3699da5-7632-4885-9efe-d79f82e47143@group-7AE7D8FC9C99-LeaderElection10] INFO  server.RaftServerConfigKeys (ConfUtils.java:logGet(46)) - raft.server.watch.element-limit = 65536 (default)
2023-12-19 18:18:05,873 [f3699da5-7632-4885-9efe-d79f82e47143@group-7AE7D8FC9C99-LeaderElection10] INFO  server.RaftServerConfigKeys (ConfUtils.java:logGet(46)) - raft.server.read.leader.lease.enabled = false (default)
2023-12-19 18:18:05,873 [f3699da5-7632-4885-9efe-d79f82e47143@group-7AE7D8FC9C99-LeaderElection10] INFO  server.RaftServerConfigKeys (ConfUtils.java:logGet(46)) - raft.server.read.leader.lease.timeout.ratio = 0.9 (default)
2023-12-19 18:18:05,873 [f3699da5-7632-4885-9efe-d79f82e47143@group-7AE7D8FC9C99-LeaderElection10] INFO  server.RaftServerConfigKeys (ConfUtils.java:logGet(46)) - raft.server.rpc.timeout.min = 5s (custom)
2023-12-19 18:18:05,873 [f3699da5-7632-4885-9efe-d79f82e47143@group-7AE7D8FC9C99-LeaderElection10] INFO  server.RaftServerConfigKeys (ConfUtils.java:logGet(46)) - raft.server.write.element-limit = 1024 (custom)
2023-12-19 18:18:05,873 [f3699da5-7632-4885-9efe-d79f82e47143@group-7AE7D8FC9C99-LeaderElection10] INFO  server.RaftServerConfigKeys (ConfUtils.java:logGet(46)) - raft.server.write.follower.gap.ratio.max = -1.0 (default)
2023-12-19 18:18:05,873 [f3699da5-7632-4885-9efe-d79f82e47143@group-7AE7D8FC9C99-LeaderElection10] INFO  impl.RoleInfo (RoleInfo.java:updateAndGet(139)) - f3699da5-7632-4885-9efe-d79f82e47143: start f3699da5-7632-4885-9efe-d79f82e47143@group-7AE7D8FC9C99-LeaderStateImpl
2023-12-19 18:18:05,873 [f3699da5-7632-4885-9efe-d79f82e47143@group-7AE7D8FC9C99-LeaderElection10] INFO  server.RaftServer$Division (RaftServerImpl.java:setFirstElection(564)) - f3699da5-7632-4885-9efe-d79f82e47143@group-7AE7D8FC9C99: set firstElectionSinceStartup to false for becomeLeader
2023-12-19 18:18:05,873 [f3699da5-7632-4885-9efe-d79f82e47143@group-7AE7D8FC9C99-LeaderElection10] INFO  ratis.XceiverServerRatis (XceiverServerRatis.java:handleLeaderChangedNotification(935)) - Leader change notification received for group: group-7AE7D8FC9C99 with new leaderId: f3699da5-7632-4885-9efe-d79f82e47143
2023-12-19 18:18:05,873 [f3699da5-7632-4885-9efe-d79f82e47143@group-7AE7D8FC9C99-LeaderElection10] INFO  server.RaftServer$Division (ServerState.java:setLeader(265)) - f3699da5-7632-4885-9efe-d79f82e47143@group-7AE7D8FC9C99: change Leader from null to f3699da5-7632-4885-9efe-d79f82e47143 at term 1 for becomeLeader, leader elected after 5148ms
2023-12-19 18:18:05,874 [f3699da5-7632-4885-9efe-d79f82e47143@group-7AE7D8FC9C99-LeaderElection10] INFO  segmented.SegmentedRaftLogWorker (SegmentedRaftLogWorker.java:startLogSegment(428)) - f3699da5-7632-4885-9efe-d79f82e47143@group-7AE7D8FC9C99-SegmentedRaftLogWorker: Starting segment from index:0
2023-12-19 18:18:05,882 [f3699da5-7632-4885-9efe-d79f82e47143@group-7AE7D8FC9C99-SegmentedRaftLogWorker] INFO  segmented.SegmentedRaftLogWorker (SegmentedRaftLogWorker.java:execute(632)) - f3699da5-7632-4885-9efe-d79f82e47143@group-7AE7D8FC9C99-SegmentedRaftLogWorker: created new log segment /home/runner/work/ozone/ozone/hadoop-ozone/integration-test/target/test-dir/MiniOzoneClusterImpl-c3f67427-b36b-4ee4-bde0-91623ce58163/datanode-5/data/ratis/2b9c3983-02a5-42a9-9f64-7ae7d8fc9c99/current/log_inprogress_0
2023-12-19 18:18:05,882 [f3699da5-7632-4885-9efe-d79f82e47143@group-7AE7D8FC9C99-LeaderElection10] INFO  server.RaftServer$Division (ServerState.java:setRaftConf(382)) - f3699da5-7632-4885-9efe-d79f82e47143@group-7AE7D8FC9C99: set configuration 0: peers:[f3699da5-7632-4885-9efe-d79f82e47143|10.1.0.19:15059]|listeners:[], old=null
2023-12-19 18:18:05,889 [f3699da5-7632-4885-9efe-d79f82e47143@group-7AE7D8FC9C99-StateMachineUpdater] INFO  server.RaftServer$Division (LeaderStateImpl.java:isApplied(316)) - leader is ready since appliedIndex == 0 >= startIndex == 0
2023-12-19 18:18:05,961 [a1d25c87-0c45-4075-9fe0-f0708f172712@group-03BA1C6394B6-FollowerState] INFO  impl.FollowerState (FollowerState.java:run(143)) - a1d25c87-0c45-4075-9fe0-f0708f172712@group-03BA1C6394B6-FollowerState: change to CANDIDATE, lastRpcElapsedTime:5057093455ns, electionTimeout:5049ms
2023-12-19 18:18:05,961 [a1d25c87-0c45-4075-9fe0-f0708f172712@group-03BA1C6394B6-FollowerState] INFO  impl.RoleInfo (RoleInfo.java:shutdownFollowerState(110)) - a1d25c87-0c45-4075-9fe0-f0708f172712: shutdown a1d25c87-0c45-4075-9fe0-f0708f172712@group-03BA1C6394B6-FollowerState
2023-12-19 18:18:05,961 [a1d25c87-0c45-4075-9fe0-f0708f172712@group-03BA1C6394B6-FollowerState] INFO  server.RaftServer$Division (RaftServerImpl.java:setRole(379)) - a1d25c87-0c45-4075-9fe0-f0708f172712@group-03BA1C6394B6: changes role from  FOLLOWER to CANDIDATE at term 0 for changeToCandidate
2023-12-19 18:18:05,962 [a1d25c87-0c45-4075-9fe0-f0708f172712@group-03BA1C6394B6-FollowerState] INFO  server.RaftServerConfigKeys (ConfUtils.java:logGet(46)) - raft.server.leaderelection.pre-vote = true (default)
2023-12-19 18:18:05,962 [a1d25c87-0c45-4075-9fe0-f0708f172712@group-03BA1C6394B6-FollowerState] INFO  impl.RoleInfo (RoleInfo.java:updateAndGet(139)) - a1d25c87-0c45-4075-9fe0-f0708f172712: start a1d25c87-0c45-4075-9fe0-f0708f172712@group-03BA1C6394B6-LeaderElection11
2023-12-19 18:18:05,964 [a1d25c87-0c45-4075-9fe0-f0708f172712@group-03BA1C6394B6-LeaderElection11] INFO  impl.LeaderElection (LeaderElection.java:askForVotes(323)) - a1d25c87-0c45-4075-9fe0-f0708f172712@group-03BA1C6394B6-LeaderElection11 PRE_VOTE round 0: submit vote requests at term 0 for -1: peers:[d0e3d241-91aa-4721-8188-ae5e0af11890|10.1.0.19:15014, e7599229-5a8e-48b0-86e7-2247601ad11a|10.1.0.19:15023, a1d25c87-0c45-4075-9fe0-f0708f172712|10.1.0.19:15032]|listeners:[], old=null
2023-12-19 18:18:05,964 [a1d25c87-0c45-4075-9fe0-f0708f172712@group-03BA1C6394B6-LeaderElection11] INFO  server.RaftServerConfigKeys (ConfUtils.java:logFallback(53)) - raft.server.rpc.first-election.timeout.min = 5s (fallback to raft.server.rpc.timeout.min)
2023-12-19 18:18:05,964 [a1d25c87-0c45-4075-9fe0-f0708f172712@group-03BA1C6394B6-LeaderElection11] INFO  server.RaftServerConfigKeys (ConfUtils.java:logFallback(53)) - raft.server.rpc.first-election.timeout.max = 5200ms (fallback to raft.server.rpc.timeout.max)
2023-12-19 18:18:05,966 [grpc-default-executor-1] INFO  server.RaftServer$Division (RaftServerImpl.java:requestVote(1377)) - e7599229-5a8e-48b0-86e7-2247601ad11a@group-03BA1C6394B6: receive requestVote(PRE_VOTE, a1d25c87-0c45-4075-9fe0-f0708f172712, group-03BA1C6394B6, 0, (t:0, i:0))
2023-12-19 18:18:05,966 [grpc-default-executor-2] INFO  server.RaftServer$Division (RaftServerImpl.java:requestVote(1377)) - d0e3d241-91aa-4721-8188-ae5e0af11890@group-03BA1C6394B6: receive requestVote(PRE_VOTE, a1d25c87-0c45-4075-9fe0-f0708f172712, group-03BA1C6394B6, 0, (t:0, i:0))
2023-12-19 18:18:05,966 [grpc-default-executor-1] INFO  impl.VoteContext (VoteContext.java:log(49)) - e7599229-5a8e-48b0-86e7-2247601ad11a@group-03BA1C6394B6-FOLLOWER: reject PRE_VOTE from a1d25c87-0c45-4075-9fe0-f0708f172712: our priority 1 > candidate's priority 0
2023-12-19 18:18:05,966 [grpc-default-executor-2] INFO  impl.VoteContext (VoteContext.java:log(49)) - d0e3d241-91aa-4721-8188-ae5e0af11890@group-03BA1C6394B6-FOLLOWER: accept PRE_VOTE from a1d25c87-0c45-4075-9fe0-f0708f172712: our priority 0 <= candidate's priority 0
2023-12-19 18:18:05,967 [grpc-default-executor-2] INFO  server.RaftServer$Division (RaftServerImpl.java:requestVote(1410)) - d0e3d241-91aa-4721-8188-ae5e0af11890@group-03BA1C6394B6 replies to PRE_VOTE vote request: a1d25c87-0c45-4075-9fe0-f0708f172712<-d0e3d241-91aa-4721-8188-ae5e0af11890#0:OK-t0. Peer's state: d0e3d241-91aa-4721-8188-ae5e0af11890@group-03BA1C6394B6:t0, leader=null, voted=, raftlog=Memoized:d0e3d241-91aa-4721-8188-ae5e0af11890@group-03BA1C6394B6-SegmentedRaftLog:OPENED:c-1, conf=-1: peers:[d0e3d241-91aa-4721-8188-ae5e0af11890|10.1.0.19:15014, e7599229-5a8e-48b0-86e7-2247601ad11a|10.1.0.19:15023, a1d25c87-0c45-4075-9fe0-f0708f172712|10.1.0.19:15032]|listeners:[], old=null
2023-12-19 18:18:05,966 [grpc-default-executor-1] INFO  server.RaftServer$Division (RaftServerImpl.java:requestVote(1410)) - e7599229-5a8e-48b0-86e7-2247601ad11a@group-03BA1C6394B6 replies to PRE_VOTE vote request: a1d25c87-0c45-4075-9fe0-f0708f172712<-e7599229-5a8e-48b0-86e7-2247601ad11a#0:FAIL-t0. Peer's state: e7599229-5a8e-48b0-86e7-2247601ad11a@group-03BA1C6394B6:t0, leader=null, voted=, raftlog=Memoized:e7599229-5a8e-48b0-86e7-2247601ad11a@group-03BA1C6394B6-SegmentedRaftLog:OPENED:c-1, conf=-1: peers:[d0e3d241-91aa-4721-8188-ae5e0af11890|10.1.0.19:15014, e7599229-5a8e-48b0-86e7-2247601ad11a|10.1.0.19:15023, a1d25c87-0c45-4075-9fe0-f0708f172712|10.1.0.19:15032]|listeners:[], old=null
2023-12-19 18:18:05,968 [a1d25c87-0c45-4075-9fe0-f0708f172712@group-03BA1C6394B6-LeaderElection11] INFO  impl.LeaderElection (LeaderElection.java:logAndReturn(89)) - a1d25c87-0c45-4075-9fe0-f0708f172712@group-03BA1C6394B6-LeaderElection11: PRE_VOTE REJECTED received 2 response(s) and 0 exception(s):
2023-12-19 18:18:05,968 [a1d25c87-0c45-4075-9fe0-f0708f172712@group-03BA1C6394B6-LeaderElection11] INFO  impl.LeaderElection (LeaderElection.java:logAndReturn(93)) -   Response 0: a1d25c87-0c45-4075-9fe0-f0708f172712<-d0e3d241-91aa-4721-8188-ae5e0af11890#0:OK-t0
2023-12-19 18:18:05,968 [a1d25c87-0c45-4075-9fe0-f0708f172712@group-03BA1C6394B6-LeaderElection11] INFO  impl.LeaderElection (LeaderElection.java:logAndReturn(93)) -   Response 1: a1d25c87-0c45-4075-9fe0-f0708f172712<-e7599229-5a8e-48b0-86e7-2247601ad11a#0:FAIL-t0
2023-12-19 18:18:05,970 [a1d25c87-0c45-4075-9fe0-f0708f172712@group-03BA1C6394B6-LeaderElection11] INFO  impl.LeaderElection (LeaderElection.java:askForVotes(325)) - a1d25c87-0c45-4075-9fe0-f0708f172712@group-03BA1C6394B6-LeaderElection11 PRE_VOTE round 0: result REJECTED
2023-12-19 18:18:05,970 [a1d25c87-0c45-4075-9fe0-f0708f172712@group-03BA1C6394B6-LeaderElection11] INFO  server.RaftServer$Division (RaftServerImpl.java:setRole(379)) - a1d25c87-0c45-4075-9fe0-f0708f172712@group-03BA1C6394B6: changes role from CANDIDATE to FOLLOWER at term 0 for REJECTED
2023-12-19 18:18:05,970 [a1d25c87-0c45-4075-9fe0-f0708f172712@group-03BA1C6394B6-LeaderElection11] INFO  impl.RoleInfo (RoleInfo.java:shutdownLeaderElection(130)) - a1d25c87-0c45-4075-9fe0-f0708f172712: shutdown a1d25c87-0c45-4075-9fe0-f0708f172712@group-03BA1C6394B6-LeaderElection11
2023-12-19 18:18:05,970 [a1d25c87-0c45-4075-9fe0-f0708f172712@group-03BA1C6394B6-LeaderElection11] INFO  impl.RoleInfo (RoleInfo.java:updateAndGet(139)) - a1d25c87-0c45-4075-9fe0-f0708f172712: start a1d25c87-0c45-4075-9fe0-f0708f172712@group-03BA1C6394B6-FollowerState
2023-12-19 18:18:05,970 [a1d25c87-0c45-4075-9fe0-f0708f172712@group-03BA1C6394B6-LeaderElection11] INFO  server.RaftServer$Division (RaftServerImpl.java:setFirstElection(564)) - a1d25c87-0c45-4075-9fe0-f0708f172712@group-03BA1C6394B6: set firstElectionSinceStartup to false for REJECTED
2023-12-19 18:18:05,998 [e7599229-5a8e-48b0-86e7-2247601ad11a@group-03BA1C6394B6-FollowerState] INFO  impl.FollowerState (FollowerState.java:run(143)) - e7599229-5a8e-48b0-86e7-2247601ad11a@group-03BA1C6394B6-FollowerState: change to CANDIDATE, lastRpcElapsedTime:5127281381ns, electionTimeout:5123ms
2023-12-19 18:18:05,998 [e7599229-5a8e-48b0-86e7-2247601ad11a@group-03BA1C6394B6-FollowerState] INFO  impl.RoleInfo (RoleInfo.java:shutdownFollowerState(110)) - e7599229-5a8e-48b0-86e7-2247601ad11a: shutdown e7599229-5a8e-48b0-86e7-2247601ad11a@group-03BA1C6394B6-FollowerState
2023-12-19 18:18:05,998 [e7599229-5a8e-48b0-86e7-2247601ad11a@group-03BA1C6394B6-FollowerState] INFO  server.RaftServer$Division (RaftServerImpl.java:setRole(379)) - e7599229-5a8e-48b0-86e7-2247601ad11a@group-03BA1C6394B6: changes role from  FOLLOWER to CANDIDATE at term 0 for changeToCandidate
2023-12-19 18:18:05,998 [e7599229-5a8e-48b0-86e7-2247601ad11a@group-03BA1C6394B6-FollowerState] INFO  server.RaftServerConfigKeys (ConfUtils.java:logGet(46)) - raft.server.leaderelection.pre-vote = true (default)
2023-12-19 18:18:05,998 [e7599229-5a8e-48b0-86e7-2247601ad11a@group-03BA1C6394B6-FollowerState] INFO  impl.RoleInfo (RoleInfo.java:updateAndGet(139)) - e7599229-5a8e-48b0-86e7-2247601ad11a: start e7599229-5a8e-48b0-86e7-2247601ad11a@group-03BA1C6394B6-LeaderElection12
2023-12-19 18:18:05,999 [e7599229-5a8e-48b0-86e7-2247601ad11a@group-03BA1C6394B6-LeaderElection12] INFO  impl.LeaderElection (LeaderElection.java:askForVotes(323)) - e7599229-5a8e-48b0-86e7-2247601ad11a@group-03BA1C6394B6-LeaderElection12 PRE_VOTE round 0: submit vote requests at term 0 for -1: peers:[d0e3d241-91aa-4721-8188-ae5e0af11890|10.1.0.19:15014, e7599229-5a8e-48b0-86e7-2247601ad11a|10.1.0.19:15023, a1d25c87-0c45-4075-9fe0-f0708f172712|10.1.0.19:15032]|listeners:[], old=null
2023-12-19 18:18:06,000 [e7599229-5a8e-48b0-86e7-2247601ad11a@group-03BA1C6394B6-LeaderElection12-1] INFO  server.GrpcServerProtocolClient (GrpcServerProtocolClient.java:<init>(65)) - Build channel for d0e3d241-91aa-4721-8188-ae5e0af11890
2023-12-19 18:18:06,000 [e7599229-5a8e-48b0-86e7-2247601ad11a@group-03BA1C6394B6-LeaderElection12-2] INFO  server.GrpcServerProtocolClient (GrpcServerProtocolClient.java:<init>(65)) - Build channel for a1d25c87-0c45-4075-9fe0-f0708f172712
2023-12-19 18:18:06,000 [e7599229-5a8e-48b0-86e7-2247601ad11a@group-03BA1C6394B6-LeaderElection12] INFO  server.RaftServerConfigKeys (ConfUtils.java:logFallback(53)) - raft.server.rpc.first-election.timeout.min = 5s (fallback to raft.server.rpc.timeout.min)
2023-12-19 18:18:06,011 [grpc-default-executor-1] INFO  server.RaftServer$Division (RaftServerImpl.java:requestVote(1377)) - d0e3d241-91aa-4721-8188-ae5e0af11890@group-03BA1C6394B6: receive requestVote(PRE_VOTE, e7599229-5a8e-48b0-86e7-2247601ad11a, group-03BA1C6394B6, 0, (t:0, i:0))
2023-12-19 18:18:06,013 [e7599229-5a8e-48b0-86e7-2247601ad11a@group-03BA1C6394B6-LeaderElection12] INFO  server.RaftServerConfigKeys (ConfUtils.java:logFallback(53)) - raft.server.rpc.first-election.timeout.max = 5200ms (fallback to raft.server.rpc.timeout.max)
2023-12-19 18:18:06,013 [grpc-default-executor-1] INFO  impl.VoteContext (VoteContext.java:log(49)) - d0e3d241-91aa-4721-8188-ae5e0af11890@group-03BA1C6394B6-FOLLOWER: accept PRE_VOTE from e7599229-5a8e-48b0-86e7-2247601ad11a: our priority 0 <= candidate's priority 1
2023-12-19 18:18:06,013 [grpc-default-executor-1] INFO  server.RaftServer$Division (RaftServerImpl.java:requestVote(1410)) - d0e3d241-91aa-4721-8188-ae5e0af11890@group-03BA1C6394B6 replies to PRE_VOTE vote request: e7599229-5a8e-48b0-86e7-2247601ad11a<-d0e3d241-91aa-4721-8188-ae5e0af11890#0:OK-t0. Peer's state: d0e3d241-91aa-4721-8188-ae5e0af11890@group-03BA1C6394B6:t0, leader=null, voted=, raftlog=Memoized:d0e3d241-91aa-4721-8188-ae5e0af11890@group-03BA1C6394B6-SegmentedRaftLog:OPENED:c-1, conf=-1: peers:[d0e3d241-91aa-4721-8188-ae5e0af11890|10.1.0.19:15014, e7599229-5a8e-48b0-86e7-2247601ad11a|10.1.0.19:15023, a1d25c87-0c45-4075-9fe0-f0708f172712|10.1.0.19:15032]|listeners:[], old=null
2023-12-19 18:18:06,014 [cc2d5096-cbf7-4b7f-9694-9910b4c75033@group-FFCC8C26DDE6-FollowerState] INFO  impl.FollowerState (FollowerState.java:run(143)) - cc2d5096-cbf7-4b7f-9694-9910b4c75033@group-FFCC8C26DDE6-FollowerState: change to CANDIDATE, lastRpcElapsedTime:5047856574ns, electionTimeout:5032ms
2023-12-19 18:18:06,014 [cc2d5096-cbf7-4b7f-9694-9910b4c75033@group-FFCC8C26DDE6-FollowerState] INFO  impl.RoleInfo (RoleInfo.java:shutdownFollowerState(110)) - cc2d5096-cbf7-4b7f-9694-9910b4c75033: shutdown cc2d5096-cbf7-4b7f-9694-9910b4c75033@group-FFCC8C26DDE6-FollowerState
2023-12-19 18:18:06,014 [cc2d5096-cbf7-4b7f-9694-9910b4c75033@group-FFCC8C26DDE6-FollowerState] INFO  server.RaftServer$Division (RaftServerImpl.java:setRole(379)) - cc2d5096-cbf7-4b7f-9694-9910b4c75033@group-FFCC8C26DDE6: changes role from  FOLLOWER to CANDIDATE at term 0 for changeToCandidate
2023-12-19 18:18:06,014 [cc2d5096-cbf7-4b7f-9694-9910b4c75033@group-FFCC8C26DDE6-FollowerState] INFO  server.RaftServerConfigKeys (ConfUtils.java:logGet(46)) - raft.server.leaderelection.pre-vote = true (default)
2023-12-19 18:18:06,014 [cc2d5096-cbf7-4b7f-9694-9910b4c75033@group-FFCC8C26DDE6-FollowerState] INFO  impl.RoleInfo (RoleInfo.java:updateAndGet(139)) - cc2d5096-cbf7-4b7f-9694-9910b4c75033: start cc2d5096-cbf7-4b7f-9694-9910b4c75033@group-FFCC8C26DDE6-LeaderElection13
2023-12-19 18:18:06,015 [grpc-default-executor-1] INFO  server.RaftServer$Division (RaftServerImpl.java:requestVote(1377)) - a1d25c87-0c45-4075-9fe0-f0708f172712@group-03BA1C6394B6: receive requestVote(PRE_VOTE, e7599229-5a8e-48b0-86e7-2247601ad11a, group-03BA1C6394B6, 0, (t:0, i:0))
2023-12-19 18:18:06,015 [grpc-default-executor-1] INFO  impl.VoteContext (VoteContext.java:log(49)) - a1d25c87-0c45-4075-9fe0-f0708f172712@group-03BA1C6394B6-FOLLOWER: accept PRE_VOTE from e7599229-5a8e-48b0-86e7-2247601ad11a: our priority 0 <= candidate's priority 1
2023-12-19 18:18:06,015 [grpc-default-executor-1] INFO  server.RaftServer$Division (RaftServerImpl.java:requestVote(1410)) - a1d25c87-0c45-4075-9fe0-f0708f172712@group-03BA1C6394B6 replies to PRE_VOTE vote request: e7599229-5a8e-48b0-86e7-2247601ad11a<-a1d25c87-0c45-4075-9fe0-f0708f172712#0:OK-t0. Peer's state: a1d25c87-0c45-4075-9fe0-f0708f172712@group-03BA1C6394B6:t0, leader=null, voted=, raftlog=Memoized:a1d25c87-0c45-4075-9fe0-f0708f172712@group-03BA1C6394B6-SegmentedRaftLog:OPENED:c-1, conf=-1: peers:[d0e3d241-91aa-4721-8188-ae5e0af11890|10.1.0.19:15014, e7599229-5a8e-48b0-86e7-2247601ad11a|10.1.0.19:15023, a1d25c87-0c45-4075-9fe0-f0708f172712|10.1.0.19:15032]|listeners:[], old=null
2023-12-19 18:18:06,018 [e7599229-5a8e-48b0-86e7-2247601ad11a@group-03BA1C6394B6-LeaderElection12] INFO  impl.LeaderElection (LeaderElection.java:logAndReturn(89)) - e7599229-5a8e-48b0-86e7-2247601ad11a@group-03BA1C6394B6-LeaderElection12: PRE_VOTE PASSED received 1 response(s) and 0 exception(s):
2023-12-19 18:18:06,018 [e7599229-5a8e-48b0-86e7-2247601ad11a@group-03BA1C6394B6-LeaderElection12] INFO  impl.LeaderElection (LeaderElection.java:logAndReturn(93)) -   Response 0: e7599229-5a8e-48b0-86e7-2247601ad11a<-a1d25c87-0c45-4075-9fe0-f0708f172712#0:OK-t0
2023-12-19 18:18:06,018 [e7599229-5a8e-48b0-86e7-2247601ad11a@group-03BA1C6394B6-LeaderElection12] INFO  impl.LeaderElection (LeaderElection.java:askForVotes(325)) - e7599229-5a8e-48b0-86e7-2247601ad11a@group-03BA1C6394B6-LeaderElection12 PRE_VOTE round 0: result PASSED
2023-12-19 18:18:06,018 [cc2d5096-cbf7-4b7f-9694-9910b4c75033@group-FFCC8C26DDE6-LeaderElection13] INFO  impl.LeaderElection (LeaderElection.java:askForVotes(323)) - cc2d5096-cbf7-4b7f-9694-9910b4c75033@group-FFCC8C26DDE6-LeaderElection13 PRE_VOTE round 0: submit vote requests at term 0 for -1: peers:[cc2d5096-cbf7-4b7f-9694-9910b4c75033|10.1.0.19:15068]|listeners:[], old=null
2023-12-19 18:18:06,019 [cc2d5096-cbf7-4b7f-9694-9910b4c75033@group-FFCC8C26DDE6-LeaderElection13] INFO  impl.LeaderElection (LeaderElection.java:askForVotes(325)) - cc2d5096-cbf7-4b7f-9694-9910b4c75033@group-FFCC8C26DDE6-LeaderElection13 PRE_VOTE round 0: result PASSED (term=0)
2023-12-19 18:18:06,020 [e7599229-5a8e-48b0-86e7-2247601ad11a@group-03BA1C6394B6-LeaderElection12] INFO  impl.LeaderElection (LeaderElection.java:askForVotes(323)) - e7599229-5a8e-48b0-86e7-2247601ad11a@group-03BA1C6394B6-LeaderElection12 ELECTION round 0: submit vote requests at term 1 for -1: peers:[d0e3d241-91aa-4721-8188-ae5e0af11890|10.1.0.19:15014, e7599229-5a8e-48b0-86e7-2247601ad11a|10.1.0.19:15023, a1d25c87-0c45-4075-9fe0-f0708f172712|10.1.0.19:15032]|listeners:[], old=null
2023-12-19 18:18:06,022 [cc2d5096-cbf7-4b7f-9694-9910b4c75033@group-FFCC8C26DDE6-LeaderElection13] INFO  impl.LeaderElection (LeaderElection.java:askForVotes(323)) - cc2d5096-cbf7-4b7f-9694-9910b4c75033@group-FFCC8C26DDE6-LeaderElection13 ELECTION round 0: submit vote requests at term 1 for -1: peers:[cc2d5096-cbf7-4b7f-9694-9910b4c75033|10.1.0.19:15068]|listeners:[], old=null
2023-12-19 18:18:06,022 [cc2d5096-cbf7-4b7f-9694-9910b4c75033@group-FFCC8C26DDE6-LeaderElection13] INFO  impl.LeaderElection (LeaderElection.java:askForVotes(325)) - cc2d5096-cbf7-4b7f-9694-9910b4c75033@group-FFCC8C26DDE6-LeaderElection13 ELECTION round 0: result PASSED (term=1)
2023-12-19 18:18:06,022 [cc2d5096-cbf7-4b7f-9694-9910b4c75033@group-FFCC8C26DDE6-LeaderElection13] INFO  impl.RoleInfo (RoleInfo.java:shutdownLeaderElection(130)) - cc2d5096-cbf7-4b7f-9694-9910b4c75033: shutdown cc2d5096-cbf7-4b7f-9694-9910b4c75033@group-FFCC8C26DDE6-LeaderElection13
2023-12-19 18:18:06,023 [cc2d5096-cbf7-4b7f-9694-9910b4c75033@group-FFCC8C26DDE6-LeaderElection13] INFO  server.RaftServer$Division (RaftServerImpl.java:setRole(379)) - cc2d5096-cbf7-4b7f-9694-9910b4c75033@group-FFCC8C26DDE6: changes role from CANDIDATE to LEADER at term 1 for changeToLeader
2023-12-19 18:18:06,023 [cc2d5096-cbf7-4b7f-9694-9910b4c75033@group-FFCC8C26DDE6-LeaderElection13] INFO  server.RaftServerConfigKeys (ConfUtils.java:logGet(46)) - raft.server.staging.catchup.gap = 1000 (default)
2023-12-19 18:18:06,023 [e7599229-5a8e-48b0-86e7-2247601ad11a@group-03BA1C6394B6-LeaderElection12] INFO  server.RaftServerConfigKeys (ConfUtils.java:logFallback(53)) - raft.server.rpc.first-election.timeout.min = 5s (fallback to raft.server.rpc.timeout.min)
2023-12-19 18:18:06,023 [e7599229-5a8e-48b0-86e7-2247601ad11a@group-03BA1C6394B6-LeaderElection12] INFO  server.RaftServerConfigKeys (ConfUtils.java:logFallback(53)) - raft.server.rpc.first-election.timeout.max = 5200ms (fallback to raft.server.rpc.timeout.max)
2023-12-19 18:18:06,023 [cc2d5096-cbf7-4b7f-9694-9910b4c75033@group-FFCC8C26DDE6-LeaderElection13] INFO  server.RaftServerConfigKeys (ConfUtils.java:logGet(46)) - raft.server.write.element-limit = 1024 (custom)
2023-12-19 18:18:06,023 [cc2d5096-cbf7-4b7f-9694-9910b4c75033@group-FFCC8C26DDE6-LeaderElection13] INFO  server.RaftServerConfigKeys (ConfUtils.java:logGet(46)) - raft.server.write.byte-limit = 1024 M (=1073741824) (custom)
2023-12-19 18:18:06,023 [cc2d5096-cbf7-4b7f-9694-9910b4c75033@group-FFCC8C26DDE6-LeaderElection13] INFO  server.RaftServerConfigKeys (ConfUtils.java:logGet(46)) - raft.server.watch.timeout = 180s (custom)
2023-12-19 18:18:06,023 [cc2d5096-cbf7-4b7f-9694-9910b4c75033@group-FFCC8C26DDE6-LeaderElection13] INFO  server.RaftServerConfigKeys (ConfUtils.java:logGet(46)) - raft.server.watch.timeout.denomination = 1s (default)
2023-12-19 18:18:06,023 [cc2d5096-cbf7-4b7f-9694-9910b4c75033@group-FFCC8C26DDE6-LeaderElection13] INFO  server.RaftServerConfigKeys (ConfUtils.java:logGet(46)) - raft.server.watch.element-limit = 65536 (default)
2023-12-19 18:18:06,023 [cc2d5096-cbf7-4b7f-9694-9910b4c75033@group-FFCC8C26DDE6-LeaderElection13] INFO  server.RaftServerConfigKeys (ConfUtils.java:logGet(46)) - raft.server.read.leader.lease.enabled = false (default)
2023-12-19 18:18:06,024 [cc2d5096-cbf7-4b7f-9694-9910b4c75033@group-FFCC8C26DDE6-LeaderElection13] INFO  server.RaftServerConfigKeys (ConfUtils.java:logGet(46)) - raft.server.read.leader.lease.timeout.ratio = 0.9 (default)
2023-12-19 18:18:06,024 [cc2d5096-cbf7-4b7f-9694-9910b4c75033@group-FFCC8C26DDE6-LeaderElection13] INFO  server.RaftServerConfigKeys (ConfUtils.java:logGet(46)) - raft.server.rpc.timeout.min = 5s (custom)
2023-12-19 18:18:06,024 [cc2d5096-cbf7-4b7f-9694-9910b4c75033@group-FFCC8C26DDE6-LeaderElection13] INFO  server.RaftServerConfigKeys (ConfUtils.java:logGet(46)) - raft.server.write.element-limit = 1024 (custom)
2023-12-19 18:18:06,024 [cc2d5096-cbf7-4b7f-9694-9910b4c75033@group-FFCC8C26DDE6-LeaderElection13] INFO  server.RaftServerConfigKeys (ConfUtils.java:logGet(46)) - raft.server.write.follower.gap.ratio.max = -1.0 (default)
2023-12-19 18:18:06,024 [cc2d5096-cbf7-4b7f-9694-9910b4c75033@group-FFCC8C26DDE6-LeaderElection13] INFO  impl.RoleInfo (RoleInfo.java:updateAndGet(139)) - cc2d5096-cbf7-4b7f-9694-9910b4c75033: start cc2d5096-cbf7-4b7f-9694-9910b4c75033@group-FFCC8C26DDE6-LeaderStateImpl
2023-12-19 18:18:06,024 [cc2d5096-cbf7-4b7f-9694-9910b4c75033@group-FFCC8C26DDE6-LeaderElection13] INFO  server.RaftServer$Division (RaftServerImpl.java:setFirstElection(564)) - cc2d5096-cbf7-4b7f-9694-9910b4c75033@group-FFCC8C26DDE6: set firstElectionSinceStartup to false for becomeLeader
2023-12-19 18:18:06,024 [cc2d5096-cbf7-4b7f-9694-9910b4c75033@group-FFCC8C26DDE6-LeaderElection13] INFO  ratis.XceiverServerRatis (XceiverServerRatis.java:handleLeaderChangedNotification(935)) - Leader change notification received for group: group-FFCC8C26DDE6 with new leaderId: cc2d5096-cbf7-4b7f-9694-9910b4c75033
2023-12-19 18:18:06,024 [cc2d5096-cbf7-4b7f-9694-9910b4c75033@group-FFCC8C26DDE6-LeaderElection13] INFO  server.RaftServer$Division (ServerState.java:setLeader(265)) - cc2d5096-cbf7-4b7f-9694-9910b4c75033@group-FFCC8C26DDE6: change Leader from null to cc2d5096-cbf7-4b7f-9694-9910b4c75033 at term 1 for becomeLeader, leader elected after 5118ms
2023-12-19 18:18:06,024 [cc2d5096-cbf7-4b7f-9694-9910b4c75033@group-FFCC8C26DDE6-LeaderElection13] INFO  segmented.SegmentedRaftLogWorker (SegmentedRaftLogWorker.java:startLogSegment(428)) - cc2d5096-cbf7-4b7f-9694-9910b4c75033@group-FFCC8C26DDE6-SegmentedRaftLogWorker: Starting segment from index:0
2023-12-19 18:18:06,029 [b44d76fe-ddfd-47c8-8f4d-0e79dfcb9ca5@group-0FC0AF6D08E6-FollowerState] INFO  impl.FollowerState (FollowerState.java:run(143)) - b44d76fe-ddfd-47c8-8f4d-0e79dfcb9ca5@group-0FC0AF6D08E6-FollowerState: change to CANDIDATE, lastRpcElapsedTime:5109655396ns, electionTimeout:5102ms
2023-12-19 18:18:06,029 [b44d76fe-ddfd-47c8-8f4d-0e79dfcb9ca5@group-0FC0AF6D08E6-FollowerState] INFO  impl.RoleInfo (RoleInfo.java:shutdownFollowerState(110)) - b44d76fe-ddfd-47c8-8f4d-0e79dfcb9ca5: shutdown b44d76fe-ddfd-47c8-8f4d-0e79dfcb9ca5@group-0FC0AF6D08E6-FollowerState
2023-12-19 18:18:06,029 [d0e3d241-91aa-4721-8188-ae5e0af11890@group-03BA1C6394B6-FollowerState] INFO  server.RaftServerConfigKeys (ConfUtils.java:logFallback(53)) - raft.server.rpc.first-election.timeout.min = 5s (fallback to raft.server.rpc.timeout.min)
2023-12-19 18:18:06,029 [d0e3d241-91aa-4721-8188-ae5e0af11890@group-03BA1C6394B6-FollowerState] INFO  server.RaftServerConfigKeys (ConfUtils.java:logFallback(53)) - raft.server.rpc.first-election.timeout.max = 5200ms (fallback to raft.server.rpc.timeout.max)
2023-12-19 18:18:06,029 [b44d76fe-ddfd-47c8-8f4d-0e79dfcb9ca5@group-0FC0AF6D08E6-FollowerState] INFO  server.RaftServer$Division (RaftServerImpl.java:setRole(379)) - b44d76fe-ddfd-47c8-8f4d-0e79dfcb9ca5@group-0FC0AF6D08E6: changes role from  FOLLOWER to CANDIDATE at term 0 for changeToCandidate
2023-12-19 18:18:06,029 [b44d76fe-ddfd-47c8-8f4d-0e79dfcb9ca5@group-0FC0AF6D08E6-FollowerState] INFO  server.RaftServerConfigKeys (ConfUtils.java:logGet(46)) - raft.server.leaderelection.pre-vote = true (default)
2023-12-19 18:18:06,029 [b44d76fe-ddfd-47c8-8f4d-0e79dfcb9ca5@group-0FC0AF6D08E6-FollowerState] INFO  impl.RoleInfo (RoleInfo.java:updateAndGet(139)) - b44d76fe-ddfd-47c8-8f4d-0e79dfcb9ca5: start b44d76fe-ddfd-47c8-8f4d-0e79dfcb9ca5@group-0FC0AF6D08E6-LeaderElection14
2023-12-19 18:18:06,029 [grpc-default-executor-1] INFO  server.RaftServer$Division (RaftServerImpl.java:requestVote(1377)) - d0e3d241-91aa-4721-8188-ae5e0af11890@group-03BA1C6394B6: receive requestVote(ELECTION, e7599229-5a8e-48b0-86e7-2247601ad11a, group-03BA1C6394B6, 1, (t:0, i:0))
2023-12-19 18:18:06,030 [grpc-default-executor-1] INFO  impl.VoteContext (VoteContext.java:log(49)) - d0e3d241-91aa-4721-8188-ae5e0af11890@group-03BA1C6394B6-FOLLOWER: accept ELECTION from e7599229-5a8e-48b0-86e7-2247601ad11a: our priority 0 <= candidate's priority 1
2023-12-19 18:18:06,030 [grpc-default-executor-1] INFO  server.RaftServer$Division (RaftServerImpl.java:setRole(379)) - d0e3d241-91aa-4721-8188-ae5e0af11890@group-03BA1C6394B6: changes role from  FOLLOWER to FOLLOWER at term 1 for candidate:e7599229-5a8e-48b0-86e7-2247601ad11a
2023-12-19 18:18:06,030 [grpc-default-executor-1] INFO  impl.RoleInfo (RoleInfo.java:shutdownFollowerState(110)) - d0e3d241-91aa-4721-8188-ae5e0af11890: shutdown d0e3d241-91aa-4721-8188-ae5e0af11890@group-03BA1C6394B6-FollowerState
2023-12-19 18:18:06,033 [grpc-default-executor-1] INFO  impl.RoleInfo (RoleInfo.java:updateAndGet(139)) - d0e3d241-91aa-4721-8188-ae5e0af11890: start d0e3d241-91aa-4721-8188-ae5e0af11890@group-03BA1C6394B6-FollowerState
2023-12-19 18:18:06,033 [d0e3d241-91aa-4721-8188-ae5e0af11890@group-03BA1C6394B6-FollowerState] INFO  impl.FollowerState (FollowerState.java:run(152)) - d0e3d241-91aa-4721-8188-ae5e0af11890@group-03BA1C6394B6-FollowerState was interrupted
2023-12-19 18:18:06,033 [cc2d5096-cbf7-4b7f-9694-9910b4c75033@group-FFCC8C26DDE6-LeaderElection13] INFO  server.RaftServer$Division (ServerState.java:setRaftConf(382)) - cc2d5096-cbf7-4b7f-9694-9910b4c75033@group-FFCC8C26DDE6: set configuration 0: peers:[cc2d5096-cbf7-4b7f-9694-9910b4c75033|10.1.0.19:15068]|listeners:[], old=null
2023-12-19 18:18:06,033 [grpc-default-executor-1] INFO  server.RaftServer$Division (RaftServerImpl.java:setFirstElection(564)) - d0e3d241-91aa-4721-8188-ae5e0af11890@group-03BA1C6394B6: set firstElectionSinceStartup to false for candidate:e7599229-5a8e-48b0-86e7-2247601ad11a
2023-12-19 18:18:06,035 [grpc-default-executor-2] INFO  server.RaftServer$Division (RaftServerImpl.java:requestVote(1377)) - a1d25c87-0c45-4075-9fe0-f0708f172712@group-03BA1C6394B6: receive requestVote(ELECTION, e7599229-5a8e-48b0-86e7-2247601ad11a, group-03BA1C6394B6, 1, (t:0, i:0))
2023-12-19 18:18:06,035 [grpc-default-executor-2] INFO  impl.VoteContext (VoteContext.java:log(49)) - a1d25c87-0c45-4075-9fe0-f0708f172712@group-03BA1C6394B6-FOLLOWER: accept ELECTION from e7599229-5a8e-48b0-86e7-2247601ad11a: our priority 0 <= candidate's priority 1
2023-12-19 18:18:06,035 [grpc-default-executor-2] INFO  server.RaftServer$Division (RaftServerImpl.java:setRole(379)) - a1d25c87-0c45-4075-9fe0-f0708f172712@group-03BA1C6394B6: changes role from  FOLLOWER to FOLLOWER at term 1 for candidate:e7599229-5a8e-48b0-86e7-2247601ad11a
2023-12-19 18:18:06,035 [grpc-default-executor-2] INFO  impl.RoleInfo (RoleInfo.java:shutdownFollowerState(110)) - a1d25c87-0c45-4075-9fe0-f0708f172712: shutdown a1d25c87-0c45-4075-9fe0-f0708f172712@group-03BA1C6394B6-FollowerState
2023-12-19 18:18:06,041 [b44d76fe-ddfd-47c8-8f4d-0e79dfcb9ca5@group-0FC0AF6D08E6-LeaderElection14] INFO  impl.LeaderElection (LeaderElection.java:askForVotes(323)) - b44d76fe-ddfd-47c8-8f4d-0e79dfcb9ca5@group-0FC0AF6D08E6-LeaderElection14 PRE_VOTE round 0: submit vote requests at term 0 for -1: peers:[f3699da5-7632-4885-9efe-d79f82e47143|10.1.0.19:15059, b44d76fe-ddfd-47c8-8f4d-0e79dfcb9ca5|10.1.0.19:15050, 244ca980-f87d-4e1f-bf92-41859c631eea|10.1.0.19:15041]|listeners:[], old=null
2023-12-19 18:18:06,041 [grpc-default-executor-2] INFO  impl.RoleInfo (RoleInfo.java:updateAndGet(139)) - a1d25c87-0c45-4075-9fe0-f0708f172712: start a1d25c87-0c45-4075-9fe0-f0708f172712@group-03BA1C6394B6-FollowerState
2023-12-19 18:18:06,041 [a1d25c87-0c45-4075-9fe0-f0708f172712@group-03BA1C6394B6-FollowerState] INFO  impl.FollowerState (FollowerState.java:run(152)) - a1d25c87-0c45-4075-9fe0-f0708f172712@group-03BA1C6394B6-FollowerState was interrupted
2023-12-19 18:18:06,042 [grpc-default-executor-1] INFO  server.RaftServer$Division (RaftServerImpl.java:requestVote(1410)) - d0e3d241-91aa-4721-8188-ae5e0af11890@group-03BA1C6394B6 replies to ELECTION vote request: e7599229-5a8e-48b0-86e7-2247601ad11a<-d0e3d241-91aa-4721-8188-ae5e0af11890#0:OK-t1. Peer's state: d0e3d241-91aa-4721-8188-ae5e0af11890@group-03BA1C6394B6:t1, leader=null, voted=e7599229-5a8e-48b0-86e7-2247601ad11a, raftlog=Memoized:d0e3d241-91aa-4721-8188-ae5e0af11890@group-03BA1C6394B6-SegmentedRaftLog:OPENED:c-1, conf=-1: peers:[d0e3d241-91aa-4721-8188-ae5e0af11890|10.1.0.19:15014, e7599229-5a8e-48b0-86e7-2247601ad11a|10.1.0.19:15023, a1d25c87-0c45-4075-9fe0-f0708f172712|10.1.0.19:15032]|listeners:[], old=null
2023-12-19 18:18:06,046 [grpc-default-executor-2] INFO  server.RaftServer$Division (RaftServerImpl.java:requestVote(1410)) - a1d25c87-0c45-4075-9fe0-f0708f172712@group-03BA1C6394B6 replies to ELECTION vote request: e7599229-5a8e-48b0-86e7-2247601ad11a<-a1d25c87-0c45-4075-9fe0-f0708f172712#0:OK-t1. Peer's state: a1d25c87-0c45-4075-9fe0-f0708f172712@group-03BA1C6394B6:t1, leader=null, voted=e7599229-5a8e-48b0-86e7-2247601ad11a, raftlog=Memoized:a1d25c87-0c45-4075-9fe0-f0708f172712@group-03BA1C6394B6-SegmentedRaftLog:OPENED:c-1, conf=-1: peers:[d0e3d241-91aa-4721-8188-ae5e0af11890|10.1.0.19:15014, e7599229-5a8e-48b0-86e7-2247601ad11a|10.1.0.19:15023, a1d25c87-0c45-4075-9fe0-f0708f172712|10.1.0.19:15032]|listeners:[], old=null
2023-12-19 18:18:06,046 [cc2d5096-cbf7-4b7f-9694-9910b4c75033@group-FFCC8C26DDE6-SegmentedRaftLogWorker] INFO  segmented.SegmentedRaftLogWorker (SegmentedRaftLogWorker.java:execute(632)) - cc2d5096-cbf7-4b7f-9694-9910b4c75033@group-FFCC8C26DDE6-SegmentedRaftLogWorker: created new log segment /home/runner/work/ozone/ozone/hadoop-ozone/integration-test/target/test-dir/MiniOzoneClusterImpl-c3f67427-b36b-4ee4-bde0-91623ce58163/datanode-6/data/ratis/dd3e138e-e2f3-4873-afc2-ffcc8c26dde6/current/log_inprogress_0
2023-12-19 18:18:06,046 [e7599229-5a8e-48b0-86e7-2247601ad11a@group-03BA1C6394B6-LeaderElection12] INFO  impl.LeaderElection (LeaderElection.java:logAndReturn(89)) - e7599229-5a8e-48b0-86e7-2247601ad11a@group-03BA1C6394B6-LeaderElection12: ELECTION PASSED received 1 response(s) and 0 exception(s):
2023-12-19 18:18:06,047 [e7599229-5a8e-48b0-86e7-2247601ad11a@group-03BA1C6394B6-LeaderElection12] INFO  impl.LeaderElection (LeaderElection.java:logAndReturn(93)) -   Response 0: e7599229-5a8e-48b0-86e7-2247601ad11a<-d0e3d241-91aa-4721-8188-ae5e0af11890#0:OK-t1
2023-12-19 18:18:06,047 [e7599229-5a8e-48b0-86e7-2247601ad11a@group-03BA1C6394B6-LeaderElection12] INFO  impl.LeaderElection (LeaderElection.java:askForVotes(325)) - e7599229-5a8e-48b0-86e7-2247601ad11a@group-03BA1C6394B6-LeaderElection12 ELECTION round 0: result PASSED
2023-12-19 18:18:06,047 [e7599229-5a8e-48b0-86e7-2247601ad11a@group-03BA1C6394B6-LeaderElection12] INFO  impl.RoleInfo (RoleInfo.java:shutdownLeaderElection(130)) - e7599229-5a8e-48b0-86e7-2247601ad11a: shutdown e7599229-5a8e-48b0-86e7-2247601ad11a@group-03BA1C6394B6-LeaderElection12
2023-12-19 18:18:06,047 [e7599229-5a8e-48b0-86e7-2247601ad11a@group-03BA1C6394B6-LeaderElection12] INFO  server.RaftServer$Division (RaftServerImpl.java:setRole(379)) - e7599229-5a8e-48b0-86e7-2247601ad11a@group-03BA1C6394B6: changes role from CANDIDATE to LEADER at term 1 for changeToLeader
2023-12-19 18:18:06,047 [e7599229-5a8e-48b0-86e7-2247601ad11a@group-03BA1C6394B6-LeaderElection12] INFO  server.RaftServerConfigKeys (ConfUtils.java:logGet(46)) - raft.server.staging.catchup.gap = 1000 (default)
2023-12-19 18:18:06,047 [e7599229-5a8e-48b0-86e7-2247601ad11a@group-03BA1C6394B6-LeaderElection12] INFO  server.RaftServerConfigKeys (ConfUtils.java:logGet(46)) - raft.server.write.element-limit = 1024 (custom)
2023-12-19 18:18:06,047 [e7599229-5a8e-48b0-86e7-2247601ad11a@group-03BA1C6394B6-LeaderElection12] INFO  server.RaftServerConfigKeys (ConfUtils.java:logGet(46)) - raft.server.write.byte-limit = 1024 M (=1073741824) (custom)
2023-12-19 18:18:06,048 [e7599229-5a8e-48b0-86e7-2247601ad11a@group-03BA1C6394B6-LeaderElection12] INFO  server.RaftServerConfigKeys (ConfUtils.java:logGet(46)) - raft.server.watch.timeout = 180s (custom)
2023-12-19 18:18:06,048 [e7599229-5a8e-48b0-86e7-2247601ad11a@group-03BA1C6394B6-LeaderElection12] INFO  server.RaftServerConfigKeys (ConfUtils.java:logGet(46)) - raft.server.watch.timeout.denomination = 1s (default)
2023-12-19 18:18:06,048 [e7599229-5a8e-48b0-86e7-2247601ad11a@group-03BA1C6394B6-LeaderElection12] INFO  server.RaftServerConfigKeys (ConfUtils.java:logGet(46)) - raft.server.watch.element-limit = 65536 (default)
2023-12-19 18:18:06,048 [e7599229-5a8e-48b0-86e7-2247601ad11a@group-03BA1C6394B6-LeaderElection12] INFO  server.RaftServerConfigKeys (ConfUtils.java:logGet(46)) - raft.server.read.leader.lease.enabled = false (default)
2023-12-19 18:18:06,048 [e7599229-5a8e-48b0-86e7-2247601ad11a@group-03BA1C6394B6-LeaderElection12] INFO  server.RaftServerConfigKeys (ConfUtils.java:logGet(46)) - raft.server.read.leader.lease.timeout.ratio = 0.9 (default)
2023-12-19 18:18:06,048 [e7599229-5a8e-48b0-86e7-2247601ad11a@group-03BA1C6394B6-LeaderElection12] INFO  server.RaftServerConfigKeys (ConfUtils.java:logGet(46)) - raft.server.rpc.timeout.min = 5s (custom)
2023-12-19 18:18:06,048 [e7599229-5a8e-48b0-86e7-2247601ad11a@group-03BA1C6394B6-LeaderElection12] INFO  server.RaftServerConfigKeys (ConfUtils.java:logGet(46)) - raft.server.write.element-limit = 1024 (custom)
2023-12-19 18:18:06,048 [e7599229-5a8e-48b0-86e7-2247601ad11a@group-03BA1C6394B6-LeaderElection12] INFO  server.RaftServerConfigKeys (ConfUtils.java:logGet(46)) - raft.server.write.follower.gap.ratio.max = -1.0 (default)
2023-12-19 18:18:06,051 [b44d76fe-ddfd-47c8-8f4d-0e79dfcb9ca5@group-0FC0AF6D08E6-LeaderElection14-1] INFO  server.GrpcServerProtocolClient (GrpcServerProtocolClient.java:<init>(65)) - Build channel for f3699da5-7632-4885-9efe-d79f82e47143
2023-12-19 18:18:06,051 [b44d76fe-ddfd-47c8-8f4d-0e79dfcb9ca5@group-0FC0AF6D08E6-LeaderElection14] INFO  server.RaftServerConfigKeys (ConfUtils.java:logFallback(53)) - raft.server.rpc.first-election.timeout.min = 5s (fallback to raft.server.rpc.timeout.min)
2023-12-19 18:18:06,051 [e7599229-5a8e-48b0-86e7-2247601ad11a@group-03BA1C6394B6-LeaderElection12] INFO  server.RaftServerConfigKeys (ConfUtils.java:logGet(46)) - raft.server.log.appender.snapshot.chunk.size.max = 16MB (=16777216) (default)
2023-12-19 18:18:06,052 [e7599229-5a8e-48b0-86e7-2247601ad11a@group-03BA1C6394B6-LeaderElection12] INFO  server.RaftServerConfigKeys (ConfUtils.java:logGet(46)) - raft.server.log.appender.buffer.byte-limit = 8388608 (custom)
2023-12-19 18:18:06,052 [e7599229-5a8e-48b0-86e7-2247601ad11a@group-03BA1C6394B6-LeaderElection12] INFO  server.RaftServerConfigKeys (ConfUtils.java:logGet(46)) - raft.server.log.appender.buffer.element-limit = 1 (custom)
2023-12-19 18:18:06,052 [e7599229-5a8e-48b0-86e7-2247601ad11a@group-03BA1C6394B6-LeaderElection12] INFO  server.RaftServerConfigKeys (ConfUtils.java:logGet(46)) - raft.server.log.appender.wait-time.min = 0μs (custom)
2023-12-19 18:18:06,052 [e7599229-5a8e-48b0-86e7-2247601ad11a@group-03BA1C6394B6-LeaderElection12] INFO  grpc.GrpcConfigKeys (ConfUtils.java:logGet(46)) - raft.grpc.server.leader.outstanding.appends.max = 8 (default)
2023-12-19 18:18:06,052 [e7599229-5a8e-48b0-86e7-2247601ad11a@group-03BA1C6394B6-LeaderElection12] INFO  server.RaftServerConfigKeys (ConfUtils.java:logGet(46)) - raft.server.rpc.request.timeout = 60s (custom)
2023-12-19 18:18:06,052 [e7599229-5a8e-48b0-86e7-2247601ad11a@group-03BA1C6394B6-LeaderElection12] INFO  grpc.GrpcConfigKeys (ConfUtils.java:logGet(46)) - raft.grpc.server.install_snapshot.request.element-limit = 8 (default)
2023-12-19 18:18:06,052 [e7599229-5a8e-48b0-86e7-2247601ad11a@group-03BA1C6394B6-LeaderElection12] INFO  grpc.GrpcConfigKeys (ConfUtils.java:logGet(46)) - raft.grpc.server.install_snapshot.request.timeout = 3000ms (default)
2023-12-19 18:18:06,052 [e7599229-5a8e-48b0-86e7-2247601ad11a@group-03BA1C6394B6-LeaderElection12] INFO  server.RaftServerConfigKeys (ConfUtils.java:logGet(46)) - raft.server.log.appender.install.snapshot.enabled = false (custom)
2023-12-19 18:18:06,053 [e7599229-5a8e-48b0-86e7-2247601ad11a@group-03BA1C6394B6-LeaderElection12] INFO  grpc.GrpcConfigKeys (ConfUtils.java:logGet(46)) - raft.grpc.server.heartbeat.channel = true (default)
2023-12-19 18:18:06,051 [b44d76fe-ddfd-47c8-8f4d-0e79dfcb9ca5@group-0FC0AF6D08E6-LeaderElection14] INFO  server.RaftServerConfigKeys (ConfUtils.java:logFallback(53)) - raft.server.rpc.first-election.timeout.max = 5200ms (fallback to raft.server.rpc.timeout.max)
2023-12-19 18:18:06,054 [e7599229-5a8e-48b0-86e7-2247601ad11a@group-03BA1C6394B6-LeaderElection12] INFO  server.RaftServerConfigKeys (ConfUtils.java:logGet(46)) - raft.server.log.appender.snapshot.chunk.size.max = 16MB (=16777216) (default)
2023-12-19 18:18:06,054 [e7599229-5a8e-48b0-86e7-2247601ad11a@group-03BA1C6394B6-LeaderElection12] INFO  server.RaftServerConfigKeys (ConfUtils.java:logGet(46)) - raft.server.log.appender.buffer.byte-limit = 8388608 (custom)
2023-12-19 18:18:06,054 [e7599229-5a8e-48b0-86e7-2247601ad11a@group-03BA1C6394B6-LeaderElection12] INFO  server.RaftServerConfigKeys (ConfUtils.java:logGet(46)) - raft.server.log.appender.buffer.element-limit = 1 (custom)
2023-12-19 18:18:06,054 [e7599229-5a8e-48b0-86e7-2247601ad11a@group-03BA1C6394B6-LeaderElection12] INFO  server.RaftServerConfigKeys (ConfUtils.java:logGet(46)) - raft.server.log.appender.wait-time.min = 0μs (custom)
2023-12-19 18:18:06,054 [e7599229-5a8e-48b0-86e7-2247601ad11a@group-03BA1C6394B6-LeaderElection12] INFO  grpc.GrpcConfigKeys (ConfUtils.java:logGet(46)) - raft.grpc.server.leader.outstanding.appends.max = 8 (default)
2023-12-19 18:18:06,054 [e7599229-5a8e-48b0-86e7-2247601ad11a@group-03BA1C6394B6-LeaderElection12] INFO  server.RaftServerConfigKeys (ConfUtils.java:logGet(46)) - raft.server.rpc.request.timeout = 60s (custom)
2023-12-19 18:18:06,054 [e7599229-5a8e-48b0-86e7-2247601ad11a@group-03BA1C6394B6-LeaderElection12] INFO  grpc.GrpcConfigKeys (ConfUtils.java:logGet(46)) - raft.grpc.server.install_snapshot.request.element-limit = 8 (default)
2023-12-19 18:18:06,055 [e7599229-5a8e-48b0-86e7-2247601ad11a@group-03BA1C6394B6-LeaderElection12] INFO  grpc.GrpcConfigKeys (ConfUtils.java:logGet(46)) - raft.grpc.server.install_snapshot.request.timeout = 3000ms (default)
2023-12-19 18:18:06,055 [e7599229-5a8e-48b0-86e7-2247601ad11a@group-03BA1C6394B6-LeaderElection12] INFO  server.RaftServerConfigKeys (ConfUtils.java:logGet(46)) - raft.server.log.appender.install.snapshot.enabled = false (custom)
2023-12-19 18:18:06,055 [e7599229-5a8e-48b0-86e7-2247601ad11a@group-03BA1C6394B6-LeaderElection12] INFO  grpc.GrpcConfigKeys (ConfUtils.java:logGet(46)) - raft.grpc.server.heartbeat.channel = true (default)
2023-12-19 18:18:06,055 [e7599229-5a8e-48b0-86e7-2247601ad11a@group-03BA1C6394B6-LeaderElection12] INFO  impl.RoleInfo (RoleInfo.java:updateAndGet(139)) - e7599229-5a8e-48b0-86e7-2247601ad11a: start e7599229-5a8e-48b0-86e7-2247601ad11a@group-03BA1C6394B6-LeaderStateImpl
2023-12-19 18:18:06,055 [e7599229-5a8e-48b0-86e7-2247601ad11a@group-03BA1C6394B6-LeaderElection12] INFO  server.RaftServer$Division (RaftServerImpl.java:setFirstElection(564)) - e7599229-5a8e-48b0-86e7-2247601ad11a@group-03BA1C6394B6: set firstElectionSinceStartup to false for becomeLeader
2023-12-19 18:18:06,055 [e7599229-5a8e-48b0-86e7-2247601ad11a@group-03BA1C6394B6-LeaderElection12] INFO  ratis.XceiverServerRatis (XceiverServerRatis.java:handleLeaderChangedNotification(935)) - Leader change notification received for group: group-03BA1C6394B6 with new leaderId: e7599229-5a8e-48b0-86e7-2247601ad11a
2023-12-19 18:18:06,052 [b44d76fe-ddfd-47c8-8f4d-0e79dfcb9ca5@group-0FC0AF6D08E6-LeaderElection14-2] INFO  server.GrpcServerProtocolClient (GrpcServerProtocolClient.java:<init>(65)) - Build channel for 244ca980-f87d-4e1f-bf92-41859c631eea
2023-12-19 18:18:06,052 [cc2d5096-cbf7-4b7f-9694-9910b4c75033@group-FFCC8C26DDE6-StateMachineUpdater] INFO  server.RaftServer$Division (LeaderStateImpl.java:isApplied(316)) - leader is ready since appliedIndex == 0 >= startIndex == 0
2023-12-19 18:18:06,060 [EventQueue-PipelineReportForPipelineReportHandler] INFO  pipeline.PipelineReportHandler (PipelineReportHandler.java:processPipelineReport(136)) - Opened pipeline PipelineID=9f61989e-7be0-4f12-963c-03ba1c6394b6
2023-12-19 18:18:06,060 [e7599229-5a8e-48b0-86e7-2247601ad11a@group-03BA1C6394B6-LeaderElection12] INFO  server.RaftServer$Division (ServerState.java:setLeader(265)) - e7599229-5a8e-48b0-86e7-2247601ad11a@group-03BA1C6394B6: change Leader from null to e7599229-5a8e-48b0-86e7-2247601ad11a at term 1 for becomeLeader, leader elected after 5275ms
2023-12-19 18:18:06,060 [e7599229-5a8e-48b0-86e7-2247601ad11a@group-03BA1C6394B6-LeaderElection12] INFO  segmented.SegmentedRaftLogWorker (SegmentedRaftLogWorker.java:startLogSegment(428)) - e7599229-5a8e-48b0-86e7-2247601ad11a@group-03BA1C6394B6-SegmentedRaftLogWorker: Starting segment from index:0
2023-12-19 18:18:06,067 [e7599229-5a8e-48b0-86e7-2247601ad11a@group-03BA1C6394B6-LeaderElection12] INFO  server.RaftServer$Division (ServerState.java:setRaftConf(382)) - e7599229-5a8e-48b0-86e7-2247601ad11a@group-03BA1C6394B6: set configuration 0: peers:[d0e3d241-91aa-4721-8188-ae5e0af11890|10.1.0.19:15014, e7599229-5a8e-48b0-86e7-2247601ad11a|10.1.0.19:15023, a1d25c87-0c45-4075-9fe0-f0708f172712|10.1.0.19:15032]|listeners:[], old=null
2023-12-19 18:18:06,068 [e7599229-5a8e-48b0-86e7-2247601ad11a@group-03BA1C6394B6-SegmentedRaftLogWorker] INFO  segmented.SegmentedRaftLogWorker (SegmentedRaftLogWorker.java:execute(632)) - e7599229-5a8e-48b0-86e7-2247601ad11a@group-03BA1C6394B6-SegmentedRaftLogWorker: created new log segment /home/runner/work/ozone/ozone/hadoop-ozone/integration-test/target/test-dir/MiniOzoneClusterImpl-c3f67427-b36b-4ee4-bde0-91623ce58163/datanode-1/data/ratis/9f61989e-7be0-4f12-963c-03ba1c6394b6/current/log_inprogress_0
2023-12-19 18:18:06,092 [grpc-default-executor-1] INFO  server.RaftServer$Division (RaftServerImpl.java:requestVote(1377)) - 244ca980-f87d-4e1f-bf92-41859c631eea@group-0FC0AF6D08E6: receive requestVote(PRE_VOTE, b44d76fe-ddfd-47c8-8f4d-0e79dfcb9ca5, group-0FC0AF6D08E6, 0, (t:0, i:0))
2023-12-19 18:18:06,092 [grpc-default-executor-1] INFO  impl.VoteContext (VoteContext.java:log(49)) - 244ca980-f87d-4e1f-bf92-41859c631eea@group-0FC0AF6D08E6-FOLLOWER: accept PRE_VOTE from b44d76fe-ddfd-47c8-8f4d-0e79dfcb9ca5: our priority 0 <= candidate's priority 1
2023-12-19 18:18:06,092 [grpc-default-executor-1] INFO  server.RaftServer$Division (RaftServerImpl.java:requestVote(1410)) - 244ca980-f87d-4e1f-bf92-41859c631eea@group-0FC0AF6D08E6 replies to PRE_VOTE vote request: b44d76fe-ddfd-47c8-8f4d-0e79dfcb9ca5<-244ca980-f87d-4e1f-bf92-41859c631eea#0:OK-t0. Peer's state: 244ca980-f87d-4e1f-bf92-41859c631eea@group-0FC0AF6D08E6:t0, leader=null, voted=, raftlog=Memoized:244ca980-f87d-4e1f-bf92-41859c631eea@group-0FC0AF6D08E6-SegmentedRaftLog:OPENED:c-1, conf=-1: peers:[f3699da5-7632-4885-9efe-d79f82e47143|10.1.0.19:15059, b44d76fe-ddfd-47c8-8f4d-0e79dfcb9ca5|10.1.0.19:15050, 244ca980-f87d-4e1f-bf92-41859c631eea|10.1.0.19:15041]|listeners:[], old=null
2023-12-19 18:18:06,093 [b44d76fe-ddfd-47c8-8f4d-0e79dfcb9ca5@group-0FC0AF6D08E6-LeaderElection14] INFO  impl.LeaderElection (LeaderElection.java:logAndReturn(89)) - b44d76fe-ddfd-47c8-8f4d-0e79dfcb9ca5@group-0FC0AF6D08E6-LeaderElection14: PRE_VOTE PASSED received 1 response(s) and 0 exception(s):
2023-12-19 18:18:06,094 [b44d76fe-ddfd-47c8-8f4d-0e79dfcb9ca5@group-0FC0AF6D08E6-LeaderElection14] INFO  impl.LeaderElection (LeaderElection.java:logAndReturn(93)) -   Response 0: b44d76fe-ddfd-47c8-8f4d-0e79dfcb9ca5<-244ca980-f87d-4e1f-bf92-41859c631eea#0:OK-t0
2023-12-19 18:18:06,094 [b44d76fe-ddfd-47c8-8f4d-0e79dfcb9ca5@group-0FC0AF6D08E6-LeaderElection14] INFO  impl.LeaderElection (LeaderElection.java:askForVotes(325)) - b44d76fe-ddfd-47c8-8f4d-0e79dfcb9ca5@group-0FC0AF6D08E6-LeaderElection14 PRE_VOTE round 0: result PASSED
2023-12-19 18:18:06,097 [f3699da5-7632-4885-9efe-d79f82e47143@group-0FC0AF6D08E6-FollowerState] INFO  impl.FollowerState (FollowerState.java:run(143)) - f3699da5-7632-4885-9efe-d79f82e47143@group-0FC0AF6D08E6-FollowerState: change to CANDIDATE, lastRpcElapsedTime:5032342269ns, electionTimeout:5030ms
2023-12-19 18:18:06,097 [f3699da5-7632-4885-9efe-d79f82e47143@group-0FC0AF6D08E6-FollowerState] INFO  impl.RoleInfo (RoleInfo.java:shutdownFollowerState(110)) - f3699da5-7632-4885-9efe-d79f82e47143: shutdown f3699da5-7632-4885-9efe-d79f82e47143@group-0FC0AF6D08E6-FollowerState
2023-12-19 18:18:06,097 [f3699da5-7632-4885-9efe-d79f82e47143@group-0FC0AF6D08E6-FollowerState] INFO  server.RaftServer$Division (RaftServerImpl.java:setRole(379)) - f3699da5-7632-4885-9efe-d79f82e47143@group-0FC0AF6D08E6: changes role from  FOLLOWER to CANDIDATE at term 0 for changeToCandidate
2023-12-19 18:18:06,097 [f3699da5-7632-4885-9efe-d79f82e47143@group-0FC0AF6D08E6-FollowerState] INFO  server.RaftServerConfigKeys (ConfUtils.java:logGet(46)) - raft.server.leaderelection.pre-vote = true (default)
2023-12-19 18:18:06,097 [f3699da5-7632-4885-9efe-d79f82e47143@group-0FC0AF6D08E6-FollowerState] INFO  impl.RoleInfo (RoleInfo.java:updateAndGet(139)) - f3699da5-7632-4885-9efe-d79f82e47143: start f3699da5-7632-4885-9efe-d79f82e47143@group-0FC0AF6D08E6-LeaderElection15
2023-12-19 18:18:06,098 [b44d76fe-ddfd-47c8-8f4d-0e79dfcb9ca5@group-0FC0AF6D08E6-LeaderElection14] INFO  impl.LeaderElection (LeaderElection.java:askForVotes(323)) - b44d76fe-ddfd-47c8-8f4d-0e79dfcb9ca5@group-0FC0AF6D08E6-LeaderElection14 ELECTION round 0: submit vote requests at term 1 for -1: peers:[f3699da5-7632-4885-9efe-d79f82e47143|10.1.0.19:15059, b44d76fe-ddfd-47c8-8f4d-0e79dfcb9ca5|10.1.0.19:15050, 244ca980-f87d-4e1f-bf92-41859c631eea|10.1.0.19:15041]|listeners:[], old=null
2023-12-19 18:18:06,102 [grpc-default-executor-0] INFO  server.RaftServer$Division (RaftServerImpl.java:requestVote(1377)) - f3699da5-7632-4885-9efe-d79f82e47143@group-0FC0AF6D08E6: receive requestVote(PRE_VOTE, b44d76fe-ddfd-47c8-8f4d-0e79dfcb9ca5, group-0FC0AF6D08E6, 0, (t:0, i:0))
2023-12-19 18:18:06,104 [grpc-default-executor-0] INFO  impl.VoteContext (VoteContext.java:log(49)) - f3699da5-7632-4885-9efe-d79f82e47143@group-0FC0AF6D08E6-CANDIDATE: accept PRE_VOTE from b44d76fe-ddfd-47c8-8f4d-0e79dfcb9ca5: our priority 0 <= candidate's priority 1
2023-12-19 18:18:06,104 [grpc-default-executor-0] INFO  server.RaftServer$Division (RaftServerImpl.java:requestVote(1410)) - f3699da5-7632-4885-9efe-d79f82e47143@group-0FC0AF6D08E6 replies to PRE_VOTE vote request: b44d76fe-ddfd-47c8-8f4d-0e79dfcb9ca5<-f3699da5-7632-4885-9efe-d79f82e47143#0:OK-t0. Peer's state: f3699da5-7632-4885-9efe-d79f82e47143@group-0FC0AF6D08E6:t0, leader=null, voted=, raftlog=Memoized:f3699da5-7632-4885-9efe-d79f82e47143@group-0FC0AF6D08E6-SegmentedRaftLog:OPENED:c-1, conf=-1: peers:[f3699da5-7632-4885-9efe-d79f82e47143|10.1.0.19:15059, b44d76fe-ddfd-47c8-8f4d-0e79dfcb9ca5|10.1.0.19:15050, 244ca980-f87d-4e1f-bf92-41859c631eea|10.1.0.19:15041]|listeners:[], old=null
2023-12-19 18:18:06,104 [a1d25c87-0c45-4075-9fe0-f0708f172712-server-thread2] INFO  ratis.XceiverServerRatis (XceiverServerRatis.java:handleLeaderChangedNotification(935)) - Leader change notification received for group: group-03BA1C6394B6 with new leaderId: e7599229-5a8e-48b0-86e7-2247601ad11a
2023-12-19 18:18:06,104 [a1d25c87-0c45-4075-9fe0-f0708f172712-server-thread2] INFO  server.RaftServer$Division (ServerState.java:setLeader(265)) - a1d25c87-0c45-4075-9fe0-f0708f172712@group-03BA1C6394B6: change Leader from null to e7599229-5a8e-48b0-86e7-2247601ad11a at term 1 for appendEntries, leader elected after 5327ms
2023-12-19 18:18:06,104 [d0e3d241-91aa-4721-8188-ae5e0af11890-server-thread2] INFO  ratis.XceiverServerRatis (XceiverServerRatis.java:handleLeaderChangedNotification(935)) - Leader change notification received for group: group-03BA1C6394B6 with new leaderId: e7599229-5a8e-48b0-86e7-2247601ad11a
2023-12-19 18:18:06,105 [d0e3d241-91aa-4721-8188-ae5e0af11890-server-thread2] INFO  server.RaftServer$Division (ServerState.java:setLeader(265)) - d0e3d241-91aa-4721-8188-ae5e0af11890@group-03BA1C6394B6: change Leader from null to e7599229-5a8e-48b0-86e7-2247601ad11a at term 1 for appendEntries, leader elected after 5334ms
2023-12-19 18:18:06,106 [d0e3d241-91aa-4721-8188-ae5e0af11890-server-thread2] INFO  server.RaftServer$Division (ServerState.java:setRaftConf(382)) - d0e3d241-91aa-4721-8188-ae5e0af11890@group-03BA1C6394B6: set configuration 0: peers:[d0e3d241-91aa-4721-8188-ae5e0af11890|10.1.0.19:15014, e7599229-5a8e-48b0-86e7-2247601ad11a|10.1.0.19:15023, a1d25c87-0c45-4075-9fe0-f0708f172712|10.1.0.19:15032]|listeners:[], old=null
2023-12-19 18:18:06,106 [a1d25c87-0c45-4075-9fe0-f0708f172712-server-thread1] INFO  server.RaftServer$Division (ServerState.java:setRaftConf(382)) - a1d25c87-0c45-4075-9fe0-f0708f172712@group-03BA1C6394B6: set configuration 0: peers:[d0e3d241-91aa-4721-8188-ae5e0af11890|10.1.0.19:15014, e7599229-5a8e-48b0-86e7-2247601ad11a|10.1.0.19:15023, a1d25c87-0c45-4075-9fe0-f0708f172712|10.1.0.19:15032]|listeners:[], old=null
2023-12-19 18:18:06,106 [a1d25c87-0c45-4075-9fe0-f0708f172712-server-thread1] INFO  segmented.SegmentedRaftLogWorker (SegmentedRaftLogWorker.java:startLogSegment(428)) - a1d25c87-0c45-4075-9fe0-f0708f172712@group-03BA1C6394B6-SegmentedRaftLogWorker: Starting segment from index:0
2023-12-19 18:18:06,106 [d0e3d241-91aa-4721-8188-ae5e0af11890-server-thread2] INFO  segmented.SegmentedRaftLogWorker (SegmentedRaftLogWorker.java:startLogSegment(428)) - d0e3d241-91aa-4721-8188-ae5e0af11890@group-03BA1C6394B6-SegmentedRaftLogWorker: Starting segment from index:0
2023-12-19 18:18:06,107 [grpc-default-executor-3] INFO  server.RaftServer$Division (RaftServerImpl.java:requestVote(1377)) - f3699da5-7632-4885-9efe-d79f82e47143@group-0FC0AF6D08E6: receive requestVote(ELECTION, b44d76fe-ddfd-47c8-8f4d-0e79dfcb9ca5, group-0FC0AF6D08E6, 1, (t:0, i:0))
2023-12-19 18:18:06,107 [grpc-default-executor-3] INFO  impl.VoteContext (VoteContext.java:log(49)) - f3699da5-7632-4885-9efe-d79f82e47143@group-0FC0AF6D08E6-CANDIDATE: accept ELECTION from b44d76fe-ddfd-47c8-8f4d-0e79dfcb9ca5: our priority 0 <= candidate's priority 1
2023-12-19 18:18:06,107 [grpc-default-executor-3] INFO  server.RaftServer$Division (RaftServerImpl.java:setRole(379)) - f3699da5-7632-4885-9efe-d79f82e47143@group-0FC0AF6D08E6: changes role from CANDIDATE to FOLLOWER at term 1 for candidate:b44d76fe-ddfd-47c8-8f4d-0e79dfcb9ca5
2023-12-19 18:18:06,107 [grpc-default-executor-3] INFO  impl.RoleInfo (RoleInfo.java:shutdownLeaderElection(130)) - f3699da5-7632-4885-9efe-d79f82e47143: shutdown f3699da5-7632-4885-9efe-d79f82e47143@group-0FC0AF6D08E6-LeaderElection15
2023-12-19 18:18:06,107 [grpc-default-executor-3] INFO  impl.RoleInfo (RoleInfo.java:updateAndGet(139)) - f3699da5-7632-4885-9efe-d79f82e47143: start f3699da5-7632-4885-9efe-d79f82e47143@group-0FC0AF6D08E6-FollowerState
2023-12-19 18:18:06,108 [grpc-default-executor-3] INFO  server.RaftServer$Division (RaftServerImpl.java:setFirstElection(564)) - f3699da5-7632-4885-9efe-d79f82e47143@group-0FC0AF6D08E6: set firstElectionSinceStartup to false for candidate:b44d76fe-ddfd-47c8-8f4d-0e79dfcb9ca5
2023-12-19 18:18:06,109 [grpc-default-executor-1] INFO  server.RaftServer$Division (RaftServerImpl.java:requestVote(1377)) - 244ca980-f87d-4e1f-bf92-41859c631eea@group-0FC0AF6D08E6: receive requestVote(ELECTION, b44d76fe-ddfd-47c8-8f4d-0e79dfcb9ca5, group-0FC0AF6D08E6, 1, (t:0, i:0))
2023-12-19 18:18:06,109 [grpc-default-executor-1] INFO  impl.VoteContext (VoteContext.java:log(49)) - 244ca980-f87d-4e1f-bf92-41859c631eea@group-0FC0AF6D08E6-FOLLOWER: accept ELECTION from b44d76fe-ddfd-47c8-8f4d-0e79dfcb9ca5: our priority 0 <= candidate's priority 1
2023-12-19 18:18:06,109 [grpc-default-executor-1] INFO  server.RaftServer$Division (RaftServerImpl.java:setRole(379)) - 244ca980-f87d-4e1f-bf92-41859c631eea@group-0FC0AF6D08E6: changes role from  FOLLOWER to FOLLOWER at term 1 for candidate:b44d76fe-ddfd-47c8-8f4d-0e79dfcb9ca5
2023-12-19 18:18:06,109 [grpc-default-executor-1] INFO  impl.RoleInfo (RoleInfo.java:shutdownFollowerState(110)) - 244ca980-f87d-4e1f-bf92-41859c631eea: shutdown 244ca980-f87d-4e1f-bf92-41859c631eea@group-0FC0AF6D08E6-FollowerState
2023-12-19 18:18:06,109 [grpc-default-executor-1] INFO  impl.RoleInfo (RoleInfo.java:updateAndGet(139)) - 244ca980-f87d-4e1f-bf92-41859c631eea: start 244ca980-f87d-4e1f-bf92-41859c631eea@group-0FC0AF6D08E6-FollowerState
2023-12-19 18:18:06,109 [grpc-default-executor-1] INFO  server.RaftServer$Division (RaftServerImpl.java:setFirstElection(564)) - 244ca980-f87d-4e1f-bf92-41859c631eea@group-0FC0AF6D08E6: set firstElectionSinceStartup to false for candidate:b44d76fe-ddfd-47c8-8f4d-0e79dfcb9ca5
2023-12-19 18:18:06,106 [b44d76fe-ddfd-47c8-8f4d-0e79dfcb9ca5@group-0FC0AF6D08E6-LeaderElection14] INFO  server.RaftServerConfigKeys (ConfUtils.java:logFallback(53)) - raft.server.rpc.first-election.timeout.min = 5s (fallback to raft.server.rpc.timeout.min)
2023-12-19 18:18:06,109 [b44d76fe-ddfd-47c8-8f4d-0e79dfcb9ca5@group-0FC0AF6D08E6-LeaderElection14] INFO  server.RaftServerConfigKeys (ConfUtils.java:logFallback(53)) - raft.server.rpc.first-election.timeout.max = 5200ms (fallback to raft.server.rpc.timeout.max)
2023-12-19 18:18:06,109 [244ca980-f87d-4e1f-bf92-41859c631eea@group-0FC0AF6D08E6-FollowerState] INFO  impl.FollowerState (FollowerState.java:run(152)) - 244ca980-f87d-4e1f-bf92-41859c631eea@group-0FC0AF6D08E6-FollowerState was interrupted
2023-12-19 18:18:06,113 [grpc-default-executor-3] INFO  server.RaftServer$Division (RaftServerImpl.java:requestVote(1410)) - f3699da5-7632-4885-9efe-d79f82e47143@group-0FC0AF6D08E6 replies to ELECTION vote request: b44d76fe-ddfd-47c8-8f4d-0e79dfcb9ca5<-f3699da5-7632-4885-9efe-d79f82e47143#0:OK-t1. Peer's state: f3699da5-7632-4885-9efe-d79f82e47143@group-0FC0AF6D08E6:t1, leader=null, voted=b44d76fe-ddfd-47c8-8f4d-0e79dfcb9ca5, raftlog=Memoized:f3699da5-7632-4885-9efe-d79f82e47143@group-0FC0AF6D08E6-SegmentedRaftLog:OPENED:c-1, conf=-1: peers:[f3699da5-7632-4885-9efe-d79f82e47143|10.1.0.19:15059, b44d76fe-ddfd-47c8-8f4d-0e79dfcb9ca5|10.1.0.19:15050, 244ca980-f87d-4e1f-bf92-41859c631eea|10.1.0.19:15041]|listeners:[], old=null
2023-12-19 18:18:06,114 [f3699da5-7632-4885-9efe-d79f82e47143@group-0FC0AF6D08E6-LeaderElection15] INFO  impl.LeaderElection (LeaderElection.java:run(239)) - f3699da5-7632-4885-9efe-d79f82e47143@group-0FC0AF6D08E6-LeaderElection15: skip running since this is already CLOSING
2023-12-19 18:18:06,118 [d0e3d241-91aa-4721-8188-ae5e0af11890@group-03BA1C6394B6-SegmentedRaftLogWorker] INFO  segmented.SegmentedRaftLogWorker (SegmentedRaftLogWorker.java:execute(632)) - d0e3d241-91aa-4721-8188-ae5e0af11890@group-03BA1C6394B6-SegmentedRaftLogWorker: created new log segment /home/runner/work/ozone/ozone/hadoop-ozone/integration-test/target/test-dir/MiniOzoneClusterImpl-c3f67427-b36b-4ee4-bde0-91623ce58163/datanode-0/data/ratis/9f61989e-7be0-4f12-963c-03ba1c6394b6/current/log_inprogress_0
2023-12-19 18:18:06,118 [a1d25c87-0c45-4075-9fe0-f0708f172712@group-03BA1C6394B6-SegmentedRaftLogWorker] INFO  segmented.SegmentedRaftLogWorker (SegmentedRaftLogWorker.java:execute(632)) - a1d25c87-0c45-4075-9fe0-f0708f172712@group-03BA1C6394B6-SegmentedRaftLogWorker: created new log segment /home/runner/work/ozone/ozone/hadoop-ozone/integration-test/target/test-dir/MiniOzoneClusterImpl-c3f67427-b36b-4ee4-bde0-91623ce58163/datanode-2/data/ratis/9f61989e-7be0-4f12-963c-03ba1c6394b6/current/log_inprogress_0
2023-12-19 18:18:06,118 [grpc-default-executor-1] INFO  server.RaftServer$Division (RaftServerImpl.java:requestVote(1410)) - 244ca980-f87d-4e1f-bf92-41859c631eea@group-0FC0AF6D08E6 replies to ELECTION vote request: b44d76fe-ddfd-47c8-8f4d-0e79dfcb9ca5<-244ca980-f87d-4e1f-bf92-41859c631eea#0:OK-t1. Peer's state: 244ca980-f87d-4e1f-bf92-41859c631eea@group-0FC0AF6D08E6:t1, leader=null, voted=b44d76fe-ddfd-47c8-8f4d-0e79dfcb9ca5, raftlog=Memoized:244ca980-f87d-4e1f-bf92-41859c631eea@group-0FC0AF6D08E6-SegmentedRaftLog:OPENED:c-1, conf=-1: peers:[f3699da5-7632-4885-9efe-d79f82e47143|10.1.0.19:15059, b44d76fe-ddfd-47c8-8f4d-0e79dfcb9ca5|10.1.0.19:15050, 244ca980-f87d-4e1f-bf92-41859c631eea|10.1.0.19:15041]|listeners:[], old=null
2023-12-19 18:18:06,122 [e7599229-5a8e-48b0-86e7-2247601ad11a@group-03BA1C6394B6-StateMachineUpdater] INFO  server.RaftServer$Division (LeaderStateImpl.java:isApplied(316)) - leader is ready since appliedIndex == 0 >= startIndex == 0
2023-12-19 18:18:06,126 [b44d76fe-ddfd-47c8-8f4d-0e79dfcb9ca5@group-0FC0AF6D08E6-LeaderElection14] INFO  impl.LeaderElection (LeaderElection.java:logAndReturn(89)) - b44d76fe-ddfd-47c8-8f4d-0e79dfcb9ca5@group-0FC0AF6D08E6-LeaderElection14: ELECTION PASSED received 1 response(s) and 0 exception(s):
2023-12-19 18:18:06,126 [b44d76fe-ddfd-47c8-8f4d-0e79dfcb9ca5@group-0FC0AF6D08E6-LeaderElection14] INFO  impl.LeaderElection (LeaderElection.java:logAndReturn(93)) -   Response 0: b44d76fe-ddfd-47c8-8f4d-0e79dfcb9ca5<-244ca980-f87d-4e1f-bf92-41859c631eea#0:OK-t1
2023-12-19 18:18:06,126 [b44d76fe-ddfd-47c8-8f4d-0e79dfcb9ca5@group-0FC0AF6D08E6-LeaderElection14] INFO  impl.LeaderElection (LeaderElection.java:askForVotes(325)) - b44d76fe-ddfd-47c8-8f4d-0e79dfcb9ca5@group-0FC0AF6D08E6-LeaderElection14 ELECTION round 0: result PASSED
2023-12-19 18:18:06,126 [b44d76fe-ddfd-47c8-8f4d-0e79dfcb9ca5@group-0FC0AF6D08E6-LeaderElection14] INFO  impl.RoleInfo (RoleInfo.java:shutdownLeaderElection(130)) - b44d76fe-ddfd-47c8-8f4d-0e79dfcb9ca5: shutdown b44d76fe-ddfd-47c8-8f4d-0e79dfcb9ca5@group-0FC0AF6D08E6-LeaderElection14
2023-12-19 18:18:06,126 [b44d76fe-ddfd-47c8-8f4d-0e79dfcb9ca5@group-0FC0AF6D08E6-LeaderElection14] INFO  server.RaftServer$Division (RaftServerImpl.java:setRole(379)) - b44d76fe-ddfd-47c8-8f4d-0e79dfcb9ca5@group-0FC0AF6D08E6: changes role from CANDIDATE to LEADER at term 1 for changeToLeader
2023-12-19 18:18:06,126 [b44d76fe-ddfd-47c8-8f4d-0e79dfcb9ca5@group-0FC0AF6D08E6-LeaderElection14] INFO  server.RaftServerConfigKeys (ConfUtils.java:logGet(46)) - raft.server.staging.catchup.gap = 1000 (default)
2023-12-19 18:18:06,127 [b44d76fe-ddfd-47c8-8f4d-0e79dfcb9ca5@group-0FC0AF6D08E6-LeaderElection14] INFO  server.RaftServerConfigKeys (ConfUtils.java:logGet(46)) - raft.server.write.element-limit = 1024 (custom)
2023-12-19 18:18:06,127 [b44d76fe-ddfd-47c8-8f4d-0e79dfcb9ca5@group-0FC0AF6D08E6-LeaderElection14] INFO  server.RaftServerConfigKeys (ConfUtils.java:logGet(46)) - raft.server.write.byte-limit = 1024 M (=1073741824) (custom)
2023-12-19 18:18:06,127 [b44d76fe-ddfd-47c8-8f4d-0e79dfcb9ca5@group-0FC0AF6D08E6-LeaderElection14] INFO  server.RaftServerConfigKeys (ConfUtils.java:logGet(46)) - raft.server.watch.timeout = 180s (custom)
2023-12-19 18:18:06,127 [b44d76fe-ddfd-47c8-8f4d-0e79dfcb9ca5@group-0FC0AF6D08E6-LeaderElection14] INFO  server.RaftServerConfigKeys (ConfUtils.java:logGet(46)) - raft.server.watch.timeout.denomination = 1s (default)
2023-12-19 18:18:06,127 [b44d76fe-ddfd-47c8-8f4d-0e79dfcb9ca5@group-0FC0AF6D08E6-LeaderElection14] INFO  server.RaftServerConfigKeys (ConfUtils.java:logGet(46)) - raft.server.watch.element-limit = 65536 (default)
2023-12-19 18:18:06,127 [b44d76fe-ddfd-47c8-8f4d-0e79dfcb9ca5@group-0FC0AF6D08E6-LeaderElection14] INFO  server.RaftServerConfigKeys (ConfUtils.java:logGet(46)) - raft.server.read.leader.lease.enabled = false (default)
2023-12-19 18:18:06,127 [b44d76fe-ddfd-47c8-8f4d-0e79dfcb9ca5@group-0FC0AF6D08E6-LeaderElection14] INFO  server.RaftServerConfigKeys (ConfUtils.java:logGet(46)) - raft.server.read.leader.lease.timeout.ratio = 0.9 (default)
2023-12-19 18:18:06,127 [b44d76fe-ddfd-47c8-8f4d-0e79dfcb9ca5@group-0FC0AF6D08E6-LeaderElection14] INFO  server.RaftServerConfigKeys (ConfUtils.java:logGet(46)) - raft.server.rpc.timeout.min = 5s (custom)
2023-12-19 18:18:06,127 [b44d76fe-ddfd-47c8-8f4d-0e79dfcb9ca5@group-0FC0AF6D08E6-LeaderElection14] INFO  server.RaftServerConfigKeys (ConfUtils.java:logGet(46)) - raft.server.write.element-limit = 1024 (custom)
2023-12-19 18:18:06,127 [b44d76fe-ddfd-47c8-8f4d-0e79dfcb9ca5@group-0FC0AF6D08E6-LeaderElection14] INFO  server.RaftServerConfigKeys (ConfUtils.java:logGet(46)) - raft.server.write.follower.gap.ratio.max = -1.0 (default)
2023-12-19 18:18:06,128 [b44d76fe-ddfd-47c8-8f4d-0e79dfcb9ca5@group-0FC0AF6D08E6-LeaderElection14] INFO  server.RaftServerConfigKeys (ConfUtils.java:logGet(46)) - raft.server.log.appender.snapshot.chunk.size.max = 16MB (=16777216) (default)
2023-12-19 18:18:06,128 [b44d76fe-ddfd-47c8-8f4d-0e79dfcb9ca5@group-0FC0AF6D08E6-LeaderElection14] INFO  server.RaftServerConfigKeys (ConfUtils.java:logGet(46)) - raft.server.log.appender.buffer.byte-limit = 8388608 (custom)
2023-12-19 18:18:06,128 [b44d76fe-ddfd-47c8-8f4d-0e79dfcb9ca5@group-0FC0AF6D08E6-LeaderElection14] INFO  server.RaftServerConfigKeys (ConfUtils.java:logGet(46)) - raft.server.log.appender.buffer.element-limit = 1 (custom)
2023-12-19 18:18:06,128 [b44d76fe-ddfd-47c8-8f4d-0e79dfcb9ca5@group-0FC0AF6D08E6-LeaderElection14] INFO  server.RaftServerConfigKeys (ConfUtils.java:logGet(46)) - raft.server.log.appender.wait-time.min = 0μs (custom)
2023-12-19 18:18:06,128 [b44d76fe-ddfd-47c8-8f4d-0e79dfcb9ca5@group-0FC0AF6D08E6-LeaderElection14] INFO  grpc.GrpcConfigKeys (ConfUtils.java:logGet(46)) - raft.grpc.server.leader.outstanding.appends.max = 8 (default)
2023-12-19 18:18:06,128 [b44d76fe-ddfd-47c8-8f4d-0e79dfcb9ca5@group-0FC0AF6D08E6-LeaderElection14] INFO  server.RaftServerConfigKeys (ConfUtils.java:logGet(46)) - raft.server.rpc.request.timeout = 60s (custom)
2023-12-19 18:18:06,128 [b44d76fe-ddfd-47c8-8f4d-0e79dfcb9ca5@group-0FC0AF6D08E6-LeaderElection14] INFO  grpc.GrpcConfigKeys (ConfUtils.java:logGet(46)) - raft.grpc.server.install_snapshot.request.element-limit = 8 (default)
2023-12-19 18:18:06,129 [b44d76fe-ddfd-47c8-8f4d-0e79dfcb9ca5@group-0FC0AF6D08E6-LeaderElection14] INFO  grpc.GrpcConfigKeys (ConfUtils.java:logGet(46)) - raft.grpc.server.install_snapshot.request.timeout = 3000ms (default)
2023-12-19 18:18:06,129 [b44d76fe-ddfd-47c8-8f4d-0e79dfcb9ca5@group-0FC0AF6D08E6-LeaderElection14] INFO  server.RaftServerConfigKeys (ConfUtils.java:logGet(46)) - raft.server.log.appender.install.snapshot.enabled = false (custom)
2023-12-19 18:18:06,129 [b44d76fe-ddfd-47c8-8f4d-0e79dfcb9ca5@group-0FC0AF6D08E6-LeaderElection14] INFO  grpc.GrpcConfigKeys (ConfUtils.java:logGet(46)) - raft.grpc.server.heartbeat.channel = true (default)
2023-12-19 18:18:06,130 [b44d76fe-ddfd-47c8-8f4d-0e79dfcb9ca5@group-0FC0AF6D08E6-LeaderElection14] INFO  server.RaftServerConfigKeys (ConfUtils.java:logGet(46)) - raft.server.log.appender.snapshot.chunk.size.max = 16MB (=16777216) (default)
2023-12-19 18:18:06,130 [b44d76fe-ddfd-47c8-8f4d-0e79dfcb9ca5@group-0FC0AF6D08E6-LeaderElection14] INFO  server.RaftServerConfigKeys (ConfUtils.java:logGet(46)) - raft.server.log.appender.buffer.byte-limit = 8388608 (custom)
2023-12-19 18:18:06,130 [b44d76fe-ddfd-47c8-8f4d-0e79dfcb9ca5@group-0FC0AF6D08E6-LeaderElection14] INFO  server.RaftServerConfigKeys (ConfUtils.java:logGet(46)) - raft.server.log.appender.buffer.element-limit = 1 (custom)
2023-12-19 18:18:06,130 [b44d76fe-ddfd-47c8-8f4d-0e79dfcb9ca5@group-0FC0AF6D08E6-LeaderElection14] INFO  server.RaftServerConfigKeys (ConfUtils.java:logGet(46)) - raft.server.log.appender.wait-time.min = 0μs (custom)
2023-12-19 18:18:06,130 [b44d76fe-ddfd-47c8-8f4d-0e79dfcb9ca5@group-0FC0AF6D08E6-LeaderElection14] INFO  grpc.GrpcConfigKeys (ConfUtils.java:logGet(46)) - raft.grpc.server.leader.outstanding.appends.max = 8 (default)
2023-12-19 18:18:06,130 [b44d76fe-ddfd-47c8-8f4d-0e79dfcb9ca5@group-0FC0AF6D08E6-LeaderElection14] INFO  server.RaftServerConfigKeys (ConfUtils.java:logGet(46)) - raft.server.rpc.request.timeout = 60s (custom)
2023-12-19 18:18:06,130 [b44d76fe-ddfd-47c8-8f4d-0e79dfcb9ca5@group-0FC0AF6D08E6-LeaderElection14] INFO  grpc.GrpcConfigKeys (ConfUtils.java:logGet(46)) - raft.grpc.server.install_snapshot.request.element-limit = 8 (default)
2023-12-19 18:18:06,130 [b44d76fe-ddfd-47c8-8f4d-0e79dfcb9ca5@group-0FC0AF6D08E6-LeaderElection14] INFO  grpc.GrpcConfigKeys (ConfUtils.java:logGet(46)) - raft.grpc.server.install_snapshot.request.timeout = 3000ms (default)
2023-12-19 18:18:06,131 [b44d76fe-ddfd-47c8-8f4d-0e79dfcb9ca5@group-0FC0AF6D08E6-LeaderElection14] INFO  server.RaftServerConfigKeys (ConfUtils.java:logGet(46)) - raft.server.log.appender.install.snapshot.enabled = false (custom)
2023-12-19 18:18:06,131 [b44d76fe-ddfd-47c8-8f4d-0e79dfcb9ca5@group-0FC0AF6D08E6-LeaderElection14] INFO  grpc.GrpcConfigKeys (ConfUtils.java:logGet(46)) - raft.grpc.server.heartbeat.channel = true (default)
2023-12-19 18:18:06,131 [b44d76fe-ddfd-47c8-8f4d-0e79dfcb9ca5@group-0FC0AF6D08E6-LeaderElection14] INFO  impl.RoleInfo (RoleInfo.java:updateAndGet(139)) - b44d76fe-ddfd-47c8-8f4d-0e79dfcb9ca5: start b44d76fe-ddfd-47c8-8f4d-0e79dfcb9ca5@group-0FC0AF6D08E6-LeaderStateImpl
2023-12-19 18:18:06,131 [b44d76fe-ddfd-47c8-8f4d-0e79dfcb9ca5@group-0FC0AF6D08E6-LeaderElection14] INFO  server.RaftServer$Division (RaftServerImpl.java:setFirstElection(564)) - b44d76fe-ddfd-47c8-8f4d-0e79dfcb9ca5@group-0FC0AF6D08E6: set firstElectionSinceStartup to false for becomeLeader
2023-12-19 18:18:06,131 [b44d76fe-ddfd-47c8-8f4d-0e79dfcb9ca5@group-0FC0AF6D08E6-LeaderElection14] INFO  ratis.XceiverServerRatis (XceiverServerRatis.java:handleLeaderChangedNotification(935)) - Leader change notification received for group: group-0FC0AF6D08E6 with new leaderId: b44d76fe-ddfd-47c8-8f4d-0e79dfcb9ca5
2023-12-19 18:18:06,131 [b44d76fe-ddfd-47c8-8f4d-0e79dfcb9ca5@group-0FC0AF6D08E6-LeaderElection14] INFO  server.RaftServer$Division (ServerState.java:setLeader(265)) - b44d76fe-ddfd-47c8-8f4d-0e79dfcb9ca5@group-0FC0AF6D08E6: change Leader from null to b44d76fe-ddfd-47c8-8f4d-0e79dfcb9ca5 at term 1 for becomeLeader, leader elected after 5362ms
2023-12-19 18:18:06,131 [b44d76fe-ddfd-47c8-8f4d-0e79dfcb9ca5@group-0FC0AF6D08E6-LeaderElection14] INFO  segmented.SegmentedRaftLogWorker (SegmentedRaftLogWorker.java:startLogSegment(428)) - b44d76fe-ddfd-47c8-8f4d-0e79dfcb9ca5@group-0FC0AF6D08E6-SegmentedRaftLogWorker: Starting segment from index:0
2023-12-19 18:18:06,133 [EventQueue-PipelineReportForPipelineReportHandler] INFO  pipeline.PipelineReportHandler (PipelineReportHandler.java:processPipelineReport(136)) - Opened pipeline PipelineID=0d41620a-3cbb-499e-b93b-0fc0af6d08e6
2023-12-19 18:18:06,141 [b44d76fe-ddfd-47c8-8f4d-0e79dfcb9ca5@group-0FC0AF6D08E6-SegmentedRaftLogWorker] INFO  segmented.SegmentedRaftLogWorker (SegmentedRaftLogWorker.java:execute(632)) - b44d76fe-ddfd-47c8-8f4d-0e79dfcb9ca5@group-0FC0AF6D08E6-SegmentedRaftLogWorker: created new log segment /home/runner/work/ozone/ozone/hadoop-ozone/integration-test/target/test-dir/MiniOzoneClusterImpl-c3f67427-b36b-4ee4-bde0-91623ce58163/datanode-4/data/ratis/0d41620a-3cbb-499e-b93b-0fc0af6d08e6/current/log_inprogress_0
2023-12-19 18:18:06,142 [b44d76fe-ddfd-47c8-8f4d-0e79dfcb9ca5@group-0FC0AF6D08E6-LeaderElection14] INFO  server.RaftServer$Division (ServerState.java:setRaftConf(382)) - b44d76fe-ddfd-47c8-8f4d-0e79dfcb9ca5@group-0FC0AF6D08E6: set configuration 0: peers:[f3699da5-7632-4885-9efe-d79f82e47143|10.1.0.19:15059, b44d76fe-ddfd-47c8-8f4d-0e79dfcb9ca5|10.1.0.19:15050, 244ca980-f87d-4e1f-bf92-41859c631eea|10.1.0.19:15041]|listeners:[], old=null
2023-12-19 18:18:06,159 [f3699da5-7632-4885-9efe-d79f82e47143-server-thread1] INFO  ratis.XceiverServerRatis (XceiverServerRatis.java:handleLeaderChangedNotification(935)) - Leader change notification received for group: group-0FC0AF6D08E6 with new leaderId: b44d76fe-ddfd-47c8-8f4d-0e79dfcb9ca5
2023-12-19 18:18:06,159 [f3699da5-7632-4885-9efe-d79f82e47143-server-thread1] INFO  server.RaftServer$Division (ServerState.java:setLeader(265)) - f3699da5-7632-4885-9efe-d79f82e47143@group-0FC0AF6D08E6: change Leader from null to b44d76fe-ddfd-47c8-8f4d-0e79dfcb9ca5 at term 1 for appendEntries, leader elected after 5198ms
2023-12-19 18:18:06,167 [f3699da5-7632-4885-9efe-d79f82e47143-server-thread1] INFO  server.RaftServer$Division (ServerState.java:setRaftConf(382)) - f3699da5-7632-4885-9efe-d79f82e47143@group-0FC0AF6D08E6: set configuration 0: peers:[f3699da5-7632-4885-9efe-d79f82e47143|10.1.0.19:15059, b44d76fe-ddfd-47c8-8f4d-0e79dfcb9ca5|10.1.0.19:15050, 244ca980-f87d-4e1f-bf92-41859c631eea|10.1.0.19:15041]|listeners:[], old=null
2023-12-19 18:18:06,167 [f3699da5-7632-4885-9efe-d79f82e47143-server-thread1] INFO  segmented.SegmentedRaftLogWorker (SegmentedRaftLogWorker.java:startLogSegment(428)) - f3699da5-7632-4885-9efe-d79f82e47143@group-0FC0AF6D08E6-SegmentedRaftLogWorker: Starting segment from index:0
2023-12-19 18:18:06,175 [f3699da5-7632-4885-9efe-d79f82e47143@group-0FC0AF6D08E6-SegmentedRaftLogWorker] INFO  segmented.SegmentedRaftLogWorker (SegmentedRaftLogWorker.java:execute(632)) - f3699da5-7632-4885-9efe-d79f82e47143@group-0FC0AF6D08E6-SegmentedRaftLogWorker: created new log segment /home/runner/work/ozone/ozone/hadoop-ozone/integration-test/target/test-dir/MiniOzoneClusterImpl-c3f67427-b36b-4ee4-bde0-91623ce58163/datanode-5/data/ratis/0d41620a-3cbb-499e-b93b-0fc0af6d08e6/current/log_inprogress_0
2023-12-19 18:18:06,184 [244ca980-f87d-4e1f-bf92-41859c631eea-server-thread1] INFO  ratis.XceiverServerRatis (XceiverServerRatis.java:handleLeaderChangedNotification(935)) - Leader change notification received for group: group-0FC0AF6D08E6 with new leaderId: b44d76fe-ddfd-47c8-8f4d-0e79dfcb9ca5
2023-12-19 18:18:06,184 [244ca980-f87d-4e1f-bf92-41859c631eea-server-thread1] INFO  server.RaftServer$Division (ServerState.java:setLeader(265)) - 244ca980-f87d-4e1f-bf92-41859c631eea@group-0FC0AF6D08E6: change Leader from null to b44d76fe-ddfd-47c8-8f4d-0e79dfcb9ca5 at term 1 for appendEntries, leader elected after 5172ms
2023-12-19 18:18:06,187 [b44d76fe-ddfd-47c8-8f4d-0e79dfcb9ca5@group-0FC0AF6D08E6-StateMachineUpdater] INFO  server.RaftServer$Division (LeaderStateImpl.java:isApplied(316)) - leader is ready since appliedIndex == 0 >= startIndex == 0
2023-12-19 18:18:06,192 [244ca980-f87d-4e1f-bf92-41859c631eea-server-thread2] INFO  server.RaftServer$Division (ServerState.java:setRaftConf(382)) - 244ca980-f87d-4e1f-bf92-41859c631eea@group-0FC0AF6D08E6: set configuration 0: peers:[f3699da5-7632-4885-9efe-d79f82e47143|10.1.0.19:15059, b44d76fe-ddfd-47c8-8f4d-0e79dfcb9ca5|10.1.0.19:15050, 244ca980-f87d-4e1f-bf92-41859c631eea|10.1.0.19:15041]|listeners:[], old=null
2023-12-19 18:18:06,192 [244ca980-f87d-4e1f-bf92-41859c631eea-server-thread2] INFO  segmented.SegmentedRaftLogWorker (SegmentedRaftLogWorker.java:startLogSegment(428)) - 244ca980-f87d-4e1f-bf92-41859c631eea@group-0FC0AF6D08E6-SegmentedRaftLogWorker: Starting segment from index:0
2023-12-19 18:18:06,201 [244ca980-f87d-4e1f-bf92-41859c631eea@group-0FC0AF6D08E6-SegmentedRaftLogWorker] INFO  segmented.SegmentedRaftLogWorker (SegmentedRaftLogWorker.java:execute(632)) - 244ca980-f87d-4e1f-bf92-41859c631eea@group-0FC0AF6D08E6-SegmentedRaftLogWorker: created new log segment /home/runner/work/ozone/ozone/hadoop-ozone/integration-test/target/test-dir/MiniOzoneClusterImpl-c3f67427-b36b-4ee4-bde0-91623ce58163/datanode-3/data/ratis/0d41620a-3cbb-499e-b93b-0fc0af6d08e6/current/log_inprogress_0
2023-12-19 18:18:06,249 [main] INFO  rpc.RpcClient (RpcClient.java:createVolume(456)) - Creating Volume: b05f5006-1c58-4570-a98e-0b50ba0587c8, with runner as owner and space quota set to -1 bytes, counts quota set to -1
2023-12-19 18:18:06,316 [om1-OMStateMachineApplyTransactionThread - 0] INFO  volume.OMVolumeCreateRequest (OMVolumeCreateRequest.java:validateAndUpdateCache(197)) - created volume:b05f5006-1c58-4570-a98e-0b50ba0587c8 for user:runner
2023-12-19 18:18:06,330 [om1-OMDoubleBufferFlushThread] INFO  helpers.OmKeyInfo (OmKeyInfo.java:getCodec(71)) - OmKeyInfo.getCodec ignorePipeline = true
2023-12-19 18:18:06,332 [om1-OMDoubleBufferFlushThread] INFO  helpers.OmKeyInfo (OmKeyInfo.java:getCodec(71)) - OmKeyInfo.getCodec ignorePipeline = true
2023-12-19 18:18:06,332 [om1-OMDoubleBufferFlushThread] INFO  helpers.OmKeyInfo (OmKeyInfo.java:getCodec(71)) - OmKeyInfo.getCodec ignorePipeline = true
2023-12-19 18:18:06,332 [om1-OMDoubleBufferFlushThread] INFO  helpers.OmKeyInfo (OmKeyInfo.java:getCodec(71)) - OmKeyInfo.getCodec ignorePipeline = true
2023-12-19 18:18:06,332 [om1-OMDoubleBufferFlushThread] INFO  helpers.OmKeyInfo (OmKeyInfo.java:getCodec(71)) - OmKeyInfo.getCodec ignorePipeline = true
2023-12-19 18:18:06,343 [main] INFO  rpc.RpcClient (RpcClient.java:createBucket(683)) - Creating Bucket: b05f5006-1c58-4570-a98e-0b50ba0587c8/539033a0-4e18-47d3-a8fb-338f664f53bb, with bucket layout OBJECT_STORE, runner as owner, Versioning true, Storage Type set to DISK and Encryption set to false, Replication Type set to server-side default replication type, Namespace Quota set to -1, Space Quota set to -1 
2023-12-19 18:18:06,360 [om1-OMStateMachineApplyTransactionThread - 0] INFO  bucket.OMBucketCreateRequest (OMBucketCreateRequest.java:validateAndUpdateCache(295)) - created bucket: 539033a0-4e18-47d3-a8fb-338f664f53bb of layout OBJECT_STORE in volume: b05f5006-1c58-4570-a98e-0b50ba0587c8
2023-12-19 18:18:06,380 [93d2edcd-6a6f-4cb3-ab2d-c0ab5a0bb6d7@group-54BD720564A1-FollowerState] INFO  impl.FollowerState (FollowerState.java:run(143)) - 93d2edcd-6a6f-4cb3-ab2d-c0ab5a0bb6d7@group-54BD720564A1-FollowerState: change to CANDIDATE, lastRpcElapsedTime:5081883576ns, electionTimeout:5080ms
2023-12-19 18:18:06,380 [93d2edcd-6a6f-4cb3-ab2d-c0ab5a0bb6d7@group-54BD720564A1-FollowerState] INFO  impl.RoleInfo (RoleInfo.java:shutdownFollowerState(110)) - 93d2edcd-6a6f-4cb3-ab2d-c0ab5a0bb6d7: shutdown 93d2edcd-6a6f-4cb3-ab2d-c0ab5a0bb6d7@group-54BD720564A1-FollowerState
2023-12-19 18:18:06,380 [93d2edcd-6a6f-4cb3-ab2d-c0ab5a0bb6d7@group-54BD720564A1-FollowerState] INFO  server.RaftServer$Division (RaftServerImpl.java:setRole(379)) - 93d2edcd-6a6f-4cb3-ab2d-c0ab5a0bb6d7@group-54BD720564A1: changes role from  FOLLOWER to CANDIDATE at term 0 for changeToCandidate
2023-12-19 18:18:06,380 [93d2edcd-6a6f-4cb3-ab2d-c0ab5a0bb6d7@group-54BD720564A1-FollowerState] INFO  server.RaftServerConfigKeys (ConfUtils.java:logGet(46)) - raft.server.leaderelection.pre-vote = true (default)
2023-12-19 18:18:06,380 [93d2edcd-6a6f-4cb3-ab2d-c0ab5a0bb6d7@group-54BD720564A1-FollowerState] INFO  impl.RoleInfo (RoleInfo.java:updateAndGet(139)) - 93d2edcd-6a6f-4cb3-ab2d-c0ab5a0bb6d7: start 93d2edcd-6a6f-4cb3-ab2d-c0ab5a0bb6d7@group-54BD720564A1-LeaderElection16
2023-12-19 18:18:06,382 [93d2edcd-6a6f-4cb3-ab2d-c0ab5a0bb6d7@group-54BD720564A1-LeaderElection16] INFO  impl.LeaderElection (LeaderElection.java:askForVotes(323)) - 93d2edcd-6a6f-4cb3-ab2d-c0ab5a0bb6d7@group-54BD720564A1-LeaderElection16 PRE_VOTE round 0: submit vote requests at term 0 for -1: peers:[93d2edcd-6a6f-4cb3-ab2d-c0ab5a0bb6d7|10.1.0.19:15077]|listeners:[], old=null
2023-12-19 18:18:06,383 [93d2edcd-6a6f-4cb3-ab2d-c0ab5a0bb6d7@group-54BD720564A1-LeaderElection16] INFO  impl.LeaderElection (LeaderElection.java:askForVotes(325)) - 93d2edcd-6a6f-4cb3-ab2d-c0ab5a0bb6d7@group-54BD720564A1-LeaderElection16 PRE_VOTE round 0: result PASSED (term=0)
2023-12-19 18:18:06,384 [93d2edcd-6a6f-4cb3-ab2d-c0ab5a0bb6d7@group-54BD720564A1-LeaderElection16] INFO  impl.LeaderElection (LeaderElection.java:askForVotes(323)) - 93d2edcd-6a6f-4cb3-ab2d-c0ab5a0bb6d7@group-54BD720564A1-LeaderElection16 ELECTION round 0: submit vote requests at term 1 for -1: peers:[93d2edcd-6a6f-4cb3-ab2d-c0ab5a0bb6d7|10.1.0.19:15077]|listeners:[], old=null
2023-12-19 18:18:06,384 [93d2edcd-6a6f-4cb3-ab2d-c0ab5a0bb6d7@group-54BD720564A1-LeaderElection16] INFO  impl.LeaderElection (LeaderElection.java:askForVotes(325)) - 93d2edcd-6a6f-4cb3-ab2d-c0ab5a0bb6d7@group-54BD720564A1-LeaderElection16 ELECTION round 0: result PASSED (term=1)
2023-12-19 18:18:06,384 [93d2edcd-6a6f-4cb3-ab2d-c0ab5a0bb6d7@group-54BD720564A1-LeaderElection16] INFO  impl.RoleInfo (RoleInfo.java:shutdownLeaderElection(130)) - 93d2edcd-6a6f-4cb3-ab2d-c0ab5a0bb6d7: shutdown 93d2edcd-6a6f-4cb3-ab2d-c0ab5a0bb6d7@group-54BD720564A1-LeaderElection16
2023-12-19 18:18:06,384 [93d2edcd-6a6f-4cb3-ab2d-c0ab5a0bb6d7@group-54BD720564A1-LeaderElection16] INFO  server.RaftServer$Division (RaftServerImpl.java:setRole(379)) - 93d2edcd-6a6f-4cb3-ab2d-c0ab5a0bb6d7@group-54BD720564A1: changes role from CANDIDATE to LEADER at term 1 for changeToLeader
2023-12-19 18:18:06,384 [93d2edcd-6a6f-4cb3-ab2d-c0ab5a0bb6d7@group-54BD720564A1-LeaderElection16] INFO  server.RaftServerConfigKeys (ConfUtils.java:logGet(46)) - raft.server.staging.catchup.gap = 1000 (default)
2023-12-19 18:18:06,387 [93d2edcd-6a6f-4cb3-ab2d-c0ab5a0bb6d7@group-54BD720564A1-LeaderElection16] INFO  server.RaftServerConfigKeys (ConfUtils.java:logGet(46)) - raft.server.write.element-limit = 1024 (custom)
2023-12-19 18:18:06,387 [93d2edcd-6a6f-4cb3-ab2d-c0ab5a0bb6d7@group-54BD720564A1-LeaderElection16] INFO  server.RaftServerConfigKeys (ConfUtils.java:logGet(46)) - raft.server.write.byte-limit = 1024 M (=1073741824) (custom)
2023-12-19 18:18:06,387 [93d2edcd-6a6f-4cb3-ab2d-c0ab5a0bb6d7@group-54BD720564A1-LeaderElection16] INFO  server.RaftServerConfigKeys (ConfUtils.java:logGet(46)) - raft.server.watch.timeout = 180s (custom)
2023-12-19 18:18:06,387 [93d2edcd-6a6f-4cb3-ab2d-c0ab5a0bb6d7@group-54BD720564A1-LeaderElection16] INFO  server.RaftServerConfigKeys (ConfUtils.java:logGet(46)) - raft.server.watch.timeout.denomination = 1s (default)
2023-12-19 18:18:06,387 [93d2edcd-6a6f-4cb3-ab2d-c0ab5a0bb6d7@group-54BD720564A1-LeaderElection16] INFO  server.RaftServerConfigKeys (ConfUtils.java:logGet(46)) - raft.server.watch.element-limit = 65536 (default)
2023-12-19 18:18:06,387 [93d2edcd-6a6f-4cb3-ab2d-c0ab5a0bb6d7@group-54BD720564A1-LeaderElection16] INFO  server.RaftServerConfigKeys (ConfUtils.java:logGet(46)) - raft.server.read.leader.lease.enabled = false (default)
2023-12-19 18:18:06,387 [93d2edcd-6a6f-4cb3-ab2d-c0ab5a0bb6d7@group-54BD720564A1-LeaderElection16] INFO  server.RaftServerConfigKeys (ConfUtils.java:logGet(46)) - raft.server.read.leader.lease.timeout.ratio = 0.9 (default)
2023-12-19 18:18:06,388 [93d2edcd-6a6f-4cb3-ab2d-c0ab5a0bb6d7@group-54BD720564A1-LeaderElection16] INFO  server.RaftServerConfigKeys (ConfUtils.java:logGet(46)) - raft.server.rpc.timeout.min = 5s (custom)
2023-12-19 18:18:06,388 [93d2edcd-6a6f-4cb3-ab2d-c0ab5a0bb6d7@group-54BD720564A1-LeaderElection16] INFO  server.RaftServerConfigKeys (ConfUtils.java:logGet(46)) - raft.server.write.element-limit = 1024 (custom)
2023-12-19 18:18:06,388 [93d2edcd-6a6f-4cb3-ab2d-c0ab5a0bb6d7@group-54BD720564A1-LeaderElection16] INFO  server.RaftServerConfigKeys (ConfUtils.java:logGet(46)) - raft.server.write.follower.gap.ratio.max = -1.0 (default)
2023-12-19 18:18:06,388 [93d2edcd-6a6f-4cb3-ab2d-c0ab5a0bb6d7@group-54BD720564A1-LeaderElection16] INFO  impl.RoleInfo (RoleInfo.java:updateAndGet(139)) - 93d2edcd-6a6f-4cb3-ab2d-c0ab5a0bb6d7: start 93d2edcd-6a6f-4cb3-ab2d-c0ab5a0bb6d7@group-54BD720564A1-LeaderStateImpl
2023-12-19 18:18:06,388 [93d2edcd-6a6f-4cb3-ab2d-c0ab5a0bb6d7@group-54BD720564A1-LeaderElection16] INFO  server.RaftServer$Division (RaftServerImpl.java:setFirstElection(564)) - 93d2edcd-6a6f-4cb3-ab2d-c0ab5a0bb6d7@group-54BD720564A1: set firstElectionSinceStartup to false for becomeLeader
2023-12-19 18:18:06,388 [93d2edcd-6a6f-4cb3-ab2d-c0ab5a0bb6d7@group-54BD720564A1-LeaderElection16] INFO  ratis.XceiverServerRatis (XceiverServerRatis.java:handleLeaderChangedNotification(935)) - Leader change notification received for group: group-54BD720564A1 with new leaderId: 93d2edcd-6a6f-4cb3-ab2d-c0ab5a0bb6d7
2023-12-19 18:18:06,388 [93d2edcd-6a6f-4cb3-ab2d-c0ab5a0bb6d7@group-54BD720564A1-LeaderElection16] INFO  server.RaftServer$Division (ServerState.java:setLeader(265)) - 93d2edcd-6a6f-4cb3-ab2d-c0ab5a0bb6d7@group-54BD720564A1: change Leader from null to 93d2edcd-6a6f-4cb3-ab2d-c0ab5a0bb6d7 at term 1 for becomeLeader, leader elected after 5396ms
2023-12-19 18:18:06,388 [93d2edcd-6a6f-4cb3-ab2d-c0ab5a0bb6d7@group-54BD720564A1-LeaderElection16] INFO  segmented.SegmentedRaftLogWorker (SegmentedRaftLogWorker.java:startLogSegment(428)) - 93d2edcd-6a6f-4cb3-ab2d-c0ab5a0bb6d7@group-54BD720564A1-SegmentedRaftLogWorker: Starting segment from index:0
2023-12-19 18:18:06,389 [93d2edcd-6a6f-4cb3-ab2d-c0ab5a0bb6d7@group-54BD720564A1-LeaderElection16] INFO  server.RaftServer$Division (ServerState.java:setRaftConf(382)) - 93d2edcd-6a6f-4cb3-ab2d-c0ab5a0bb6d7@group-54BD720564A1: set configuration 0: peers:[93d2edcd-6a6f-4cb3-ab2d-c0ab5a0bb6d7|10.1.0.19:15077]|listeners:[], old=null
2023-12-19 18:18:06,397 [93d2edcd-6a6f-4cb3-ab2d-c0ab5a0bb6d7@group-54BD720564A1-SegmentedRaftLogWorker] INFO  segmented.SegmentedRaftLogWorker (SegmentedRaftLogWorker.java:execute(632)) - 93d2edcd-6a6f-4cb3-ab2d-c0ab5a0bb6d7@group-54BD720564A1-SegmentedRaftLogWorker: created new log segment /home/runner/work/ozone/ozone/hadoop-ozone/integration-test/target/test-dir/MiniOzoneClusterImpl-c3f67427-b36b-4ee4-bde0-91623ce58163/datanode-7/data/ratis/c1138b45-44fb-477f-9b6a-54bd720564a1/current/log_inprogress_0
2023-12-19 18:18:06,400 [93d2edcd-6a6f-4cb3-ab2d-c0ab5a0bb6d7@group-54BD720564A1-StateMachineUpdater] INFO  server.RaftServer$Division (LeaderStateImpl.java:isApplied(316)) - leader is ready since appliedIndex == 0 >= startIndex == 0
2023-12-19 18:18:06,463 [IPC Server handler 3 on default port 15001] INFO  ha.SequenceIdGenerator (SequenceIdGenerator.java:getNextId(145)) - Allocate a batch for containerId, change lastId from 0 to 1000.
2023-12-19 18:18:06,466 [8a9232c4-f36b-4377-b9ad-83954010d1e2@group-B55983E01C1D-FollowerState] INFO  impl.FollowerState (FollowerState.java:run(143)) - 8a9232c4-f36b-4377-b9ad-83954010d1e2@group-B55983E01C1D-FollowerState: change to CANDIDATE, lastRpcElapsedTime:5087552511ns, electionTimeout:5086ms
2023-12-19 18:18:06,466 [8a9232c4-f36b-4377-b9ad-83954010d1e2@group-B55983E01C1D-FollowerState] INFO  impl.RoleInfo (RoleInfo.java:shutdownFollowerState(110)) - 8a9232c4-f36b-4377-b9ad-83954010d1e2: shutdown 8a9232c4-f36b-4377-b9ad-83954010d1e2@group-B55983E01C1D-FollowerState
2023-12-19 18:18:06,466 [8a9232c4-f36b-4377-b9ad-83954010d1e2@group-B55983E01C1D-FollowerState] INFO  server.RaftServer$Division (RaftServerImpl.java:setRole(379)) - 8a9232c4-f36b-4377-b9ad-83954010d1e2@group-B55983E01C1D: changes role from  FOLLOWER to CANDIDATE at term 0 for changeToCandidate
2023-12-19 18:18:06,466 [8a9232c4-f36b-4377-b9ad-83954010d1e2@group-B55983E01C1D-FollowerState] INFO  server.RaftServerConfigKeys (ConfUtils.java:logGet(46)) - raft.server.leaderelection.pre-vote = true (default)
2023-12-19 18:18:06,466 [8a9232c4-f36b-4377-b9ad-83954010d1e2@group-B55983E01C1D-FollowerState] INFO  impl.RoleInfo (RoleInfo.java:updateAndGet(139)) - 8a9232c4-f36b-4377-b9ad-83954010d1e2: start 8a9232c4-f36b-4377-b9ad-83954010d1e2@group-B55983E01C1D-LeaderElection17
2023-12-19 18:18:06,468 [8a9232c4-f36b-4377-b9ad-83954010d1e2@group-B55983E01C1D-LeaderElection17] INFO  impl.LeaderElection (LeaderElection.java:askForVotes(323)) - 8a9232c4-f36b-4377-b9ad-83954010d1e2@group-B55983E01C1D-LeaderElection17 PRE_VOTE round 0: submit vote requests at term 0 for -1: peers:[8a9232c4-f36b-4377-b9ad-83954010d1e2|10.1.0.19:15086]|listeners:[], old=null
2023-12-19 18:18:06,468 [8a9232c4-f36b-4377-b9ad-83954010d1e2@group-B55983E01C1D-LeaderElection17] INFO  impl.LeaderElection (LeaderElection.java:askForVotes(325)) - 8a9232c4-f36b-4377-b9ad-83954010d1e2@group-B55983E01C1D-LeaderElection17 PRE_VOTE round 0: result PASSED (term=0)
2023-12-19 18:18:06,470 [8a9232c4-f36b-4377-b9ad-83954010d1e2@group-B55983E01C1D-LeaderElection17] INFO  impl.LeaderElection (LeaderElection.java:askForVotes(323)) - 8a9232c4-f36b-4377-b9ad-83954010d1e2@group-B55983E01C1D-LeaderElection17 ELECTION round 0: submit vote requests at term 1 for -1: peers:[8a9232c4-f36b-4377-b9ad-83954010d1e2|10.1.0.19:15086]|listeners:[], old=null
2023-12-19 18:18:06,470 [8a9232c4-f36b-4377-b9ad-83954010d1e2@group-B55983E01C1D-LeaderElection17] INFO  impl.LeaderElection (LeaderElection.java:askForVotes(325)) - 8a9232c4-f36b-4377-b9ad-83954010d1e2@group-B55983E01C1D-LeaderElection17 ELECTION round 0: result PASSED (term=1)
2023-12-19 18:18:06,470 [8a9232c4-f36b-4377-b9ad-83954010d1e2@group-B55983E01C1D-LeaderElection17] INFO  impl.RoleInfo (RoleInfo.java:shutdownLeaderElection(130)) - 8a9232c4-f36b-4377-b9ad-83954010d1e2: shutdown 8a9232c4-f36b-4377-b9ad-83954010d1e2@group-B55983E01C1D-LeaderElection17
2023-12-19 18:18:06,470 [8a9232c4-f36b-4377-b9ad-83954010d1e2@group-B55983E01C1D-LeaderElection17] INFO  server.RaftServer$Division (RaftServerImpl.java:setRole(379)) - 8a9232c4-f36b-4377-b9ad-83954010d1e2@group-B55983E01C1D: changes role from CANDIDATE to LEADER at term 1 for changeToLeader
2023-12-19 18:18:06,470 [8a9232c4-f36b-4377-b9ad-83954010d1e2@group-B55983E01C1D-LeaderElection17] INFO  server.RaftServerConfigKeys (ConfUtils.java:logGet(46)) - raft.server.staging.catchup.gap = 1000 (default)
2023-12-19 18:18:06,470 [8a9232c4-f36b-4377-b9ad-83954010d1e2@group-B55983E01C1D-LeaderElection17] INFO  server.RaftServerConfigKeys (ConfUtils.java:logGet(46)) - raft.server.write.element-limit = 1024 (custom)
2023-12-19 18:18:06,470 [8a9232c4-f36b-4377-b9ad-83954010d1e2@group-B55983E01C1D-LeaderElection17] INFO  server.RaftServerConfigKeys (ConfUtils.java:logGet(46)) - raft.server.write.byte-limit = 1024 M (=1073741824) (custom)
2023-12-19 18:18:06,471 [8a9232c4-f36b-4377-b9ad-83954010d1e2@group-B55983E01C1D-LeaderElection17] INFO  server.RaftServerConfigKeys (ConfUtils.java:logGet(46)) - raft.server.watch.timeout = 180s (custom)
2023-12-19 18:18:06,471 [8a9232c4-f36b-4377-b9ad-83954010d1e2@group-B55983E01C1D-LeaderElection17] INFO  server.RaftServerConfigKeys (ConfUtils.java:logGet(46)) - raft.server.watch.timeout.denomination = 1s (default)
2023-12-19 18:18:06,471 [8a9232c4-f36b-4377-b9ad-83954010d1e2@group-B55983E01C1D-LeaderElection17] INFO  server.RaftServerConfigKeys (ConfUtils.java:logGet(46)) - raft.server.watch.element-limit = 65536 (default)
2023-12-19 18:18:06,471 [8a9232c4-f36b-4377-b9ad-83954010d1e2@group-B55983E01C1D-LeaderElection17] INFO  server.RaftServerConfigKeys (ConfUtils.java:logGet(46)) - raft.server.read.leader.lease.enabled = false (default)
2023-12-19 18:18:06,471 [8a9232c4-f36b-4377-b9ad-83954010d1e2@group-B55983E01C1D-LeaderElection17] INFO  server.RaftServerConfigKeys (ConfUtils.java:logGet(46)) - raft.server.read.leader.lease.timeout.ratio = 0.9 (default)
2023-12-19 18:18:06,471 [8a9232c4-f36b-4377-b9ad-83954010d1e2@group-B55983E01C1D-LeaderElection17] INFO  server.RaftServerConfigKeys (ConfUtils.java:logGet(46)) - raft.server.rpc.timeout.min = 5s (custom)
2023-12-19 18:18:06,471 [8a9232c4-f36b-4377-b9ad-83954010d1e2@group-B55983E01C1D-LeaderElection17] INFO  server.RaftServerConfigKeys (ConfUtils.java:logGet(46)) - raft.server.write.element-limit = 1024 (custom)
2023-12-19 18:18:06,471 [8a9232c4-f36b-4377-b9ad-83954010d1e2@group-B55983E01C1D-LeaderElection17] INFO  server.RaftServerConfigKeys (ConfUtils.java:logGet(46)) - raft.server.write.follower.gap.ratio.max = -1.0 (default)
2023-12-19 18:18:06,471 [8a9232c4-f36b-4377-b9ad-83954010d1e2@group-B55983E01C1D-LeaderElection17] INFO  impl.RoleInfo (RoleInfo.java:updateAndGet(139)) - 8a9232c4-f36b-4377-b9ad-83954010d1e2: start 8a9232c4-f36b-4377-b9ad-83954010d1e2@group-B55983E01C1D-LeaderStateImpl
2023-12-19 18:18:06,471 [8a9232c4-f36b-4377-b9ad-83954010d1e2@group-B55983E01C1D-LeaderElection17] INFO  server.RaftServer$Division (RaftServerImpl.java:setFirstElection(564)) - 8a9232c4-f36b-4377-b9ad-83954010d1e2@group-B55983E01C1D: set firstElectionSinceStartup to false for becomeLeader
2023-12-19 18:18:06,471 [8a9232c4-f36b-4377-b9ad-83954010d1e2@group-B55983E01C1D-LeaderElection17] INFO  ratis.XceiverServerRatis (XceiverServerRatis.java:handleLeaderChangedNotification(935)) - Leader change notification received for group: group-B55983E01C1D with new leaderId: 8a9232c4-f36b-4377-b9ad-83954010d1e2
2023-12-19 18:18:06,471 [8a9232c4-f36b-4377-b9ad-83954010d1e2@group-B55983E01C1D-LeaderElection17] INFO  server.RaftServer$Division (ServerState.java:setLeader(265)) - 8a9232c4-f36b-4377-b9ad-83954010d1e2@group-B55983E01C1D: change Leader from null to 8a9232c4-f36b-4377-b9ad-83954010d1e2 at term 1 for becomeLeader, leader elected after 5189ms
2023-12-19 18:18:06,472 [8a9232c4-f36b-4377-b9ad-83954010d1e2@group-B55983E01C1D-LeaderElection17] INFO  segmented.SegmentedRaftLogWorker (SegmentedRaftLogWorker.java:startLogSegment(428)) - 8a9232c4-f36b-4377-b9ad-83954010d1e2@group-B55983E01C1D-SegmentedRaftLogWorker: Starting segment from index:0
2023-12-19 18:18:06,472 [8a9232c4-f36b-4377-b9ad-83954010d1e2@group-B55983E01C1D-LeaderElection17] INFO  server.RaftServer$Division (ServerState.java:setRaftConf(382)) - 8a9232c4-f36b-4377-b9ad-83954010d1e2@group-B55983E01C1D: set configuration 0: peers:[8a9232c4-f36b-4377-b9ad-83954010d1e2|10.1.0.19:15086]|listeners:[], old=null
2023-12-19 18:18:06,478 [8a9232c4-f36b-4377-b9ad-83954010d1e2@group-C7DCF68F11F7-FollowerState] INFO  impl.FollowerState (FollowerState.java:run(143)) - 8a9232c4-f36b-4377-b9ad-83954010d1e2@group-C7DCF68F11F7-FollowerState: change to CANDIDATE, lastRpcElapsedTime:5028585904ns, electionTimeout:5028ms
2023-12-19 18:18:06,478 [8a9232c4-f36b-4377-b9ad-83954010d1e2@group-C7DCF68F11F7-FollowerState] INFO  impl.RoleInfo (RoleInfo.java:shutdownFollowerState(110)) - 8a9232c4-f36b-4377-b9ad-83954010d1e2: shutdown 8a9232c4-f36b-4377-b9ad-83954010d1e2@group-C7DCF68F11F7-FollowerState
2023-12-19 18:18:06,478 [8a9232c4-f36b-4377-b9ad-83954010d1e2@group-C7DCF68F11F7-FollowerState] INFO  server.RaftServer$Division (RaftServerImpl.java:setRole(379)) - 8a9232c4-f36b-4377-b9ad-83954010d1e2@group-C7DCF68F11F7: changes role from  FOLLOWER to CANDIDATE at term 0 for changeToCandidate
2023-12-19 18:18:06,480 [8a9232c4-f36b-4377-b9ad-83954010d1e2@group-B55983E01C1D-SegmentedRaftLogWorker] INFO  segmented.SegmentedRaftLogWorker (SegmentedRaftLogWorker.java:execute(632)) - 8a9232c4-f36b-4377-b9ad-83954010d1e2@group-B55983E01C1D-SegmentedRaftLogWorker: created new log segment /home/runner/work/ozone/ozone/hadoop-ozone/integration-test/target/test-dir/MiniOzoneClusterImpl-c3f67427-b36b-4ee4-bde0-91623ce58163/datanode-8/data/ratis/1f4ceac0-3147-4e43-b162-b55983e01c1d/current/log_inprogress_0
2023-12-19 18:18:06,481 [IPC Server handler 3 on default port 15001] WARN  ha.SequenceIdGenerator (SequenceIdGenerator.java:allocateBatch(258)) - Failed to allocate a batch for localId, expected lastId is 0, actual lastId is 111677748019200000.
2023-12-19 18:18:06,481 [IPC Server handler 3 on default port 15001] INFO  ha.SequenceIdGenerator (SequenceIdGenerator.java:getNextId(145)) - Allocate a batch for localId, change lastId from 111677748019200000 to 111677748019201000.
2023-12-19 18:18:06,482 [IPC Server handler 3 on default port 15001] WARN  node.SCMNodeManager (SCMNodeManager.java:getNodesByAddress(1440)) - address is null
2023-12-19 18:18:06,484 [8a9232c4-f36b-4377-b9ad-83954010d1e2@group-C7DCF68F11F7-FollowerState] INFO  server.RaftServerConfigKeys (ConfUtils.java:logGet(46)) - raft.server.leaderelection.pre-vote = true (default)
2023-12-19 18:18:06,484 [8a9232c4-f36b-4377-b9ad-83954010d1e2@group-C7DCF68F11F7-FollowerState] INFO  impl.RoleInfo (RoleInfo.java:updateAndGet(139)) - 8a9232c4-f36b-4377-b9ad-83954010d1e2: start 8a9232c4-f36b-4377-b9ad-83954010d1e2@group-C7DCF68F11F7-LeaderElection18
2023-12-19 18:18:06,491 [8a9232c4-f36b-4377-b9ad-83954010d1e2@group-B55983E01C1D-StateMachineUpdater] INFO  server.RaftServer$Division (LeaderStateImpl.java:isApplied(316)) - leader is ready since appliedIndex == 0 >= startIndex == 0
2023-12-19 18:18:06,493 [8a9232c4-f36b-4377-b9ad-83954010d1e2@group-C7DCF68F11F7-LeaderElection18] INFO  impl.LeaderElection (LeaderElection.java:askForVotes(323)) - 8a9232c4-f36b-4377-b9ad-83954010d1e2@group-C7DCF68F11F7-LeaderElection18 PRE_VOTE round 0: submit vote requests at term 0 for -1: peers:[93d2edcd-6a6f-4cb3-ab2d-c0ab5a0bb6d7|10.1.0.19:15077, 8a9232c4-f36b-4377-b9ad-83954010d1e2|10.1.0.19:15086, cc2d5096-cbf7-4b7f-9694-9910b4c75033|10.1.0.19:15068]|listeners:[], old=null
2023-12-19 18:18:06,494 [8a9232c4-f36b-4377-b9ad-83954010d1e2@group-C7DCF68F11F7-LeaderElection18-1] INFO  server.GrpcServerProtocolClient (GrpcServerProtocolClient.java:<init>(65)) - Build channel for 93d2edcd-6a6f-4cb3-ab2d-c0ab5a0bb6d7
2023-12-19 18:18:06,494 [8a9232c4-f36b-4377-b9ad-83954010d1e2@group-C7DCF68F11F7-LeaderElection18-2] INFO  server.GrpcServerProtocolClient (GrpcServerProtocolClient.java:<init>(65)) - Build channel for cc2d5096-cbf7-4b7f-9694-9910b4c75033
2023-12-19 18:18:06,494 [8a9232c4-f36b-4377-b9ad-83954010d1e2@group-C7DCF68F11F7-LeaderElection18] INFO  server.RaftServerConfigKeys (ConfUtils.java:logFallback(53)) - raft.server.rpc.first-election.timeout.min = 5s (fallback to raft.server.rpc.timeout.min)
2023-12-19 18:18:06,494 [8a9232c4-f36b-4377-b9ad-83954010d1e2@group-C7DCF68F11F7-LeaderElection18] INFO  server.RaftServerConfigKeys (ConfUtils.java:logFallback(53)) - raft.server.rpc.first-election.timeout.max = 5200ms (fallback to raft.server.rpc.timeout.max)
2023-12-19 18:18:06,500 [cc2d5096-cbf7-4b7f-9694-9910b4c75033@group-C7DCF68F11F7-FollowerState] INFO  impl.FollowerState (FollowerState.java:run(143)) - cc2d5096-cbf7-4b7f-9694-9910b4c75033@group-C7DCF68F11F7-FollowerState: change to CANDIDATE, lastRpcElapsedTime:5205191642ns, electionTimeout:5196ms
2023-12-19 18:18:06,503 [cc2d5096-cbf7-4b7f-9694-9910b4c75033@group-C7DCF68F11F7-FollowerState] INFO  impl.RoleInfo (RoleInfo.java:shutdownFollowerState(110)) - cc2d5096-cbf7-4b7f-9694-9910b4c75033: shutdown cc2d5096-cbf7-4b7f-9694-9910b4c75033@group-C7DCF68F11F7-FollowerState
2023-12-19 18:18:06,503 [cc2d5096-cbf7-4b7f-9694-9910b4c75033@group-C7DCF68F11F7-FollowerState] INFO  server.RaftServer$Division (RaftServerImpl.java:setRole(379)) - cc2d5096-cbf7-4b7f-9694-9910b4c75033@group-C7DCF68F11F7: changes role from  FOLLOWER to CANDIDATE at term 0 for changeToCandidate
2023-12-19 18:18:06,503 [cc2d5096-cbf7-4b7f-9694-9910b4c75033@group-C7DCF68F11F7-FollowerState] INFO  server.RaftServerConfigKeys (ConfUtils.java:logGet(46)) - raft.server.leaderelection.pre-vote = true (default)
2023-12-19 18:18:06,503 [cc2d5096-cbf7-4b7f-9694-9910b4c75033@group-C7DCF68F11F7-FollowerState] INFO  impl.RoleInfo (RoleInfo.java:updateAndGet(139)) - cc2d5096-cbf7-4b7f-9694-9910b4c75033: start cc2d5096-cbf7-4b7f-9694-9910b4c75033@group-C7DCF68F11F7-LeaderElection19
2023-12-19 18:18:06,505 [grpc-default-executor-1] INFO  server.RaftServer$Division (RaftServerImpl.java:requestVote(1377)) - 93d2edcd-6a6f-4cb3-ab2d-c0ab5a0bb6d7@group-C7DCF68F11F7: receive requestVote(PRE_VOTE, 8a9232c4-f36b-4377-b9ad-83954010d1e2, group-C7DCF68F11F7, 0, (t:0, i:0))
2023-12-19 18:18:06,506 [grpc-default-executor-1] INFO  impl.VoteContext (VoteContext.java:log(49)) - 93d2edcd-6a6f-4cb3-ab2d-c0ab5a0bb6d7@group-C7DCF68F11F7-FOLLOWER: accept PRE_VOTE from 8a9232c4-f36b-4377-b9ad-83954010d1e2: our priority 0 <= candidate's priority 1
2023-12-19 18:18:06,506 [grpc-default-executor-1] INFO  server.RaftServer$Division (RaftServerImpl.java:requestVote(1410)) - 93d2edcd-6a6f-4cb3-ab2d-c0ab5a0bb6d7@group-C7DCF68F11F7 replies to PRE_VOTE vote request: 8a9232c4-f36b-4377-b9ad-83954010d1e2<-93d2edcd-6a6f-4cb3-ab2d-c0ab5a0bb6d7#0:OK-t0. Peer's state: 93d2edcd-6a6f-4cb3-ab2d-c0ab5a0bb6d7@group-C7DCF68F11F7:t0, leader=null, voted=, raftlog=Memoized:93d2edcd-6a6f-4cb3-ab2d-c0ab5a0bb6d7@group-C7DCF68F11F7-SegmentedRaftLog:OPENED:c-1, conf=-1: peers:[93d2edcd-6a6f-4cb3-ab2d-c0ab5a0bb6d7|10.1.0.19:15077, 8a9232c4-f36b-4377-b9ad-83954010d1e2|10.1.0.19:15086, cc2d5096-cbf7-4b7f-9694-9910b4c75033|10.1.0.19:15068]|listeners:[], old=null
2023-12-19 18:18:06,511 [cc2d5096-cbf7-4b7f-9694-9910b4c75033@group-C7DCF68F11F7-LeaderElection19] INFO  impl.LeaderElection (LeaderElection.java:askForVotes(323)) - cc2d5096-cbf7-4b7f-9694-9910b4c75033@group-C7DCF68F11F7-LeaderElection19 PRE_VOTE round 0: submit vote requests at term 0 for -1: peers:[93d2edcd-6a6f-4cb3-ab2d-c0ab5a0bb6d7|10.1.0.19:15077, 8a9232c4-f36b-4377-b9ad-83954010d1e2|10.1.0.19:15086, cc2d5096-cbf7-4b7f-9694-9910b4c75033|10.1.0.19:15068]|listeners:[], old=null
2023-12-19 18:18:06,511 [8a9232c4-f36b-4377-b9ad-83954010d1e2@group-C7DCF68F11F7-LeaderElection18] INFO  impl.LeaderElection (LeaderElection.java:logAndReturn(89)) - 8a9232c4-f36b-4377-b9ad-83954010d1e2@group-C7DCF68F11F7-LeaderElection18: PRE_VOTE PASSED received 1 response(s) and 0 exception(s):
2023-12-19 18:18:06,512 [cc2d5096-cbf7-4b7f-9694-9910b4c75033@group-C7DCF68F11F7-LeaderElection19-1] INFO  server.GrpcServerProtocolClient (GrpcServerProtocolClient.java:<init>(65)) - Build channel for 93d2edcd-6a6f-4cb3-ab2d-c0ab5a0bb6d7
2023-12-19 18:18:06,513 [grpc-default-executor-1] INFO  server.RaftServer$Division (RaftServerImpl.java:requestVote(1377)) - cc2d5096-cbf7-4b7f-9694-9910b4c75033@group-C7DCF68F11F7: receive requestVote(PRE_VOTE, 8a9232c4-f36b-4377-b9ad-83954010d1e2, group-C7DCF68F11F7, 0, (t:0, i:0))
2023-12-19 18:18:06,513 [grpc-default-executor-1] INFO  impl.VoteContext (VoteContext.java:log(49)) - cc2d5096-cbf7-4b7f-9694-9910b4c75033@group-C7DCF68F11F7-CANDIDATE: accept PRE_VOTE from 8a9232c4-f36b-4377-b9ad-83954010d1e2: our priority 0 <= candidate's priority 1
2023-12-19 18:18:06,513 [grpc-default-executor-1] INFO  server.RaftServer$Division (RaftServerImpl.java:requestVote(1410)) - cc2d5096-cbf7-4b7f-9694-9910b4c75033@group-C7DCF68F11F7 replies to PRE_VOTE vote request: 8a9232c4-f36b-4377-b9ad-83954010d1e2<-cc2d5096-cbf7-4b7f-9694-9910b4c75033#0:OK-t0. Peer's state: cc2d5096-cbf7-4b7f-9694-9910b4c75033@group-C7DCF68F11F7:t0, leader=null, voted=, raftlog=Memoized:cc2d5096-cbf7-4b7f-9694-9910b4c75033@group-C7DCF68F11F7-SegmentedRaftLog:OPENED:c-1, conf=-1: peers:[93d2edcd-6a6f-4cb3-ab2d-c0ab5a0bb6d7|10.1.0.19:15077, 8a9232c4-f36b-4377-b9ad-83954010d1e2|10.1.0.19:15086, cc2d5096-cbf7-4b7f-9694-9910b4c75033|10.1.0.19:15068]|listeners:[], old=null
2023-12-19 18:18:06,516 [8a9232c4-f36b-4377-b9ad-83954010d1e2@group-C7DCF68F11F7-LeaderElection18] INFO  impl.LeaderElection (LeaderElection.java:logAndReturn(93)) -   Response 0: 8a9232c4-f36b-4377-b9ad-83954010d1e2<-93d2edcd-6a6f-4cb3-ab2d-c0ab5a0bb6d7#0:OK-t0
2023-12-19 18:18:06,516 [cc2d5096-cbf7-4b7f-9694-9910b4c75033@group-C7DCF68F11F7-LeaderElection19] INFO  server.RaftServerConfigKeys (ConfUtils.java:logFallback(53)) - raft.server.rpc.first-election.timeout.min = 5s (fallback to raft.server.rpc.timeout.min)
2023-12-19 18:18:06,516 [cc2d5096-cbf7-4b7f-9694-9910b4c75033@group-C7DCF68F11F7-LeaderElection19] INFO  server.RaftServerConfigKeys (ConfUtils.java:logFallback(53)) - raft.server.rpc.first-election.timeout.max = 5200ms (fallback to raft.server.rpc.timeout.max)
2023-12-19 18:18:06,516 [cc2d5096-cbf7-4b7f-9694-9910b4c75033@group-C7DCF68F11F7-LeaderElection19-2] INFO  server.GrpcServerProtocolClient (GrpcServerProtocolClient.java:<init>(65)) - Build channel for 8a9232c4-f36b-4377-b9ad-83954010d1e2
2023-12-19 18:18:06,521 [grpc-default-executor-1] INFO  server.RaftServer$Division (RaftServerImpl.java:requestVote(1377)) - 8a9232c4-f36b-4377-b9ad-83954010d1e2@group-C7DCF68F11F7: receive requestVote(PRE_VOTE, cc2d5096-cbf7-4b7f-9694-9910b4c75033, group-C7DCF68F11F7, 0, (t:0, i:0))
2023-12-19 18:18:06,521 [grpc-default-executor-1] INFO  impl.VoteContext (VoteContext.java:log(49)) - 8a9232c4-f36b-4377-b9ad-83954010d1e2@group-C7DCF68F11F7-CANDIDATE: reject PRE_VOTE from cc2d5096-cbf7-4b7f-9694-9910b4c75033: our priority 1 > candidate's priority 0
2023-12-19 18:18:06,522 [grpc-default-executor-1] INFO  server.RaftServer$Division (RaftServerImpl.java:requestVote(1410)) - 8a9232c4-f36b-4377-b9ad-83954010d1e2@group-C7DCF68F11F7 replies to PRE_VOTE vote request: cc2d5096-cbf7-4b7f-9694-9910b4c75033<-8a9232c4-f36b-4377-b9ad-83954010d1e2#0:FAIL-t0. Peer's state: 8a9232c4-f36b-4377-b9ad-83954010d1e2@group-C7DCF68F11F7:t0, leader=null, voted=, raftlog=Memoized:8a9232c4-f36b-4377-b9ad-83954010d1e2@group-C7DCF68F11F7-SegmentedRaftLog:OPENED:c-1, conf=-1: peers:[93d2edcd-6a6f-4cb3-ab2d-c0ab5a0bb6d7|10.1.0.19:15077, 8a9232c4-f36b-4377-b9ad-83954010d1e2|10.1.0.19:15086, cc2d5096-cbf7-4b7f-9694-9910b4c75033|10.1.0.19:15068]|listeners:[], old=null
2023-12-19 18:18:06,522 [8a9232c4-f36b-4377-b9ad-83954010d1e2@group-C7DCF68F11F7-LeaderElection18] INFO  impl.LeaderElection (LeaderElection.java:askForVotes(325)) - 8a9232c4-f36b-4377-b9ad-83954010d1e2@group-C7DCF68F11F7-LeaderElection18 PRE_VOTE round 0: result PASSED
2023-12-19 18:18:06,525 [grpc-default-executor-1] INFO  server.RaftServer$Division (RaftServerImpl.java:requestVote(1377)) - 93d2edcd-6a6f-4cb3-ab2d-c0ab5a0bb6d7@group-C7DCF68F11F7: receive requestVote(PRE_VOTE, cc2d5096-cbf7-4b7f-9694-9910b4c75033, group-C7DCF68F11F7, 0, (t:0, i:0))
2023-12-19 18:18:06,524 [cc2d5096-cbf7-4b7f-9694-9910b4c75033@group-C7DCF68F11F7-LeaderElection19] INFO  impl.LeaderElection (LeaderElection.java:logAndReturn(89)) - cc2d5096-cbf7-4b7f-9694-9910b4c75033@group-C7DCF68F11F7-LeaderElection19: PRE_VOTE REJECTED received 1 response(s) and 0 exception(s):
2023-12-19 18:18:06,525 [cc2d5096-cbf7-4b7f-9694-9910b4c75033@group-C7DCF68F11F7-LeaderElection19] INFO  impl.LeaderElection (LeaderElection.java:logAndReturn(93)) -   Response 0: cc2d5096-cbf7-4b7f-9694-9910b4c75033<-8a9232c4-f36b-4377-b9ad-83954010d1e2#0:FAIL-t0
2023-12-19 18:18:06,525 [cc2d5096-cbf7-4b7f-9694-9910b4c75033@group-C7DCF68F11F7-LeaderElection19] INFO  impl.LeaderElection (LeaderElection.java:askForVotes(325)) - cc2d5096-cbf7-4b7f-9694-9910b4c75033@group-C7DCF68F11F7-LeaderElection19 PRE_VOTE round 0: result REJECTED
2023-12-19 18:18:06,525 [cc2d5096-cbf7-4b7f-9694-9910b4c75033@group-C7DCF68F11F7-LeaderElection19] INFO  server.RaftServer$Division (RaftServerImpl.java:setRole(379)) - cc2d5096-cbf7-4b7f-9694-9910b4c75033@group-C7DCF68F11F7: changes role from CANDIDATE to FOLLOWER at term 0 for REJECTED
2023-12-19 18:18:06,525 [cc2d5096-cbf7-4b7f-9694-9910b4c75033@group-C7DCF68F11F7-LeaderElection19] INFO  impl.RoleInfo (RoleInfo.java:shutdownLeaderElection(130)) - cc2d5096-cbf7-4b7f-9694-9910b4c75033: shutdown cc2d5096-cbf7-4b7f-9694-9910b4c75033@group-C7DCF68F11F7-LeaderElection19
2023-12-19 18:18:06,526 [cc2d5096-cbf7-4b7f-9694-9910b4c75033@group-C7DCF68F11F7-LeaderElection19] INFO  impl.RoleInfo (RoleInfo.java:updateAndGet(139)) - cc2d5096-cbf7-4b7f-9694-9910b4c75033: start cc2d5096-cbf7-4b7f-9694-9910b4c75033@group-C7DCF68F11F7-FollowerState
2023-12-19 18:18:06,526 [grpc-default-executor-1] INFO  impl.VoteContext (VoteContext.java:log(49)) - 93d2edcd-6a6f-4cb3-ab2d-c0ab5a0bb6d7@group-C7DCF68F11F7-FOLLOWER: accept PRE_VOTE from cc2d5096-cbf7-4b7f-9694-9910b4c75033: our priority 0 <= candidate's priority 0
2023-12-19 18:18:06,527 [grpc-default-executor-1] INFO  server.RaftServer$Division (RaftServerImpl.java:requestVote(1410)) - 93d2edcd-6a6f-4cb3-ab2d-c0ab5a0bb6d7@group-C7DCF68F11F7 replies to PRE_VOTE vote request: cc2d5096-cbf7-4b7f-9694-9910b4c75033<-93d2edcd-6a6f-4cb3-ab2d-c0ab5a0bb6d7#0:OK-t0. Peer's state: 93d2edcd-6a6f-4cb3-ab2d-c0ab5a0bb6d7@group-C7DCF68F11F7:t0, leader=null, voted=, raftlog=Memoized:93d2edcd-6a6f-4cb3-ab2d-c0ab5a0bb6d7@group-C7DCF68F11F7-SegmentedRaftLog:OPENED:c-1, conf=-1: peers:[93d2edcd-6a6f-4cb3-ab2d-c0ab5a0bb6d7|10.1.0.19:15077, 8a9232c4-f36b-4377-b9ad-83954010d1e2|10.1.0.19:15086, cc2d5096-cbf7-4b7f-9694-9910b4c75033|10.1.0.19:15068]|listeners:[], old=null
2023-12-19 18:18:06,532 [8a9232c4-f36b-4377-b9ad-83954010d1e2@group-C7DCF68F11F7-LeaderElection18] INFO  impl.LeaderElection (LeaderElection.java:askForVotes(323)) - 8a9232c4-f36b-4377-b9ad-83954010d1e2@group-C7DCF68F11F7-LeaderElection18 ELECTION round 0: submit vote requests at term 1 for -1: peers:[93d2edcd-6a6f-4cb3-ab2d-c0ab5a0bb6d7|10.1.0.19:15077, 8a9232c4-f36b-4377-b9ad-83954010d1e2|10.1.0.19:15086, cc2d5096-cbf7-4b7f-9694-9910b4c75033|10.1.0.19:15068]|listeners:[], old=null
2023-12-19 18:18:06,539 [grpc-default-executor-1] INFO  server.RaftServer$Division (RaftServerImpl.java:requestVote(1377)) - 93d2edcd-6a6f-4cb3-ab2d-c0ab5a0bb6d7@group-C7DCF68F11F7: receive requestVote(ELECTION, 8a9232c4-f36b-4377-b9ad-83954010d1e2, group-C7DCF68F11F7, 1, (t:0, i:0))
2023-12-19 18:18:06,539 [grpc-default-executor-1] INFO  impl.VoteContext (VoteContext.java:log(49)) - 93d2edcd-6a6f-4cb3-ab2d-c0ab5a0bb6d7@group-C7DCF68F11F7-FOLLOWER: accept ELECTION from 8a9232c4-f36b-4377-b9ad-83954010d1e2: our priority 0 <= candidate's priority 1
2023-12-19 18:18:06,539 [grpc-default-executor-1] INFO  server.RaftServer$Division (RaftServerImpl.java:setRole(379)) - 93d2edcd-6a6f-4cb3-ab2d-c0ab5a0bb6d7@group-C7DCF68F11F7: changes role from  FOLLOWER to FOLLOWER at term 1 for candidate:8a9232c4-f36b-4377-b9ad-83954010d1e2
2023-12-19 18:18:06,539 [grpc-default-executor-1] INFO  impl.RoleInfo (RoleInfo.java:shutdownFollowerState(110)) - 93d2edcd-6a6f-4cb3-ab2d-c0ab5a0bb6d7: shutdown 93d2edcd-6a6f-4cb3-ab2d-c0ab5a0bb6d7@group-C7DCF68F11F7-FollowerState
2023-12-19 18:18:06,540 [8a9232c4-f36b-4377-b9ad-83954010d1e2@group-C7DCF68F11F7-LeaderElection18] INFO  server.RaftServerConfigKeys (ConfUtils.java:logFallback(53)) - raft.server.rpc.first-election.timeout.min = 5s (fallback to raft.server.rpc.timeout.min)
2023-12-19 18:18:06,540 [8a9232c4-f36b-4377-b9ad-83954010d1e2@group-C7DCF68F11F7-LeaderElection18] INFO  server.RaftServerConfigKeys (ConfUtils.java:logFallback(53)) - raft.server.rpc.first-election.timeout.max = 5200ms (fallback to raft.server.rpc.timeout.max)
2023-12-19 18:18:06,540 [cc2d5096-cbf7-4b7f-9694-9910b4c75033@group-C7DCF68F11F7-LeaderElection19] INFO  server.RaftServer$Division (RaftServerImpl.java:setFirstElection(564)) - cc2d5096-cbf7-4b7f-9694-9910b4c75033@group-C7DCF68F11F7: set firstElectionSinceStartup to false for REJECTED
2023-12-19 18:18:06,540 [grpc-default-executor-1] INFO  impl.RoleInfo (RoleInfo.java:updateAndGet(139)) - 93d2edcd-6a6f-4cb3-ab2d-c0ab5a0bb6d7: start 93d2edcd-6a6f-4cb3-ab2d-c0ab5a0bb6d7@group-C7DCF68F11F7-FollowerState
2023-12-19 18:18:06,540 [93d2edcd-6a6f-4cb3-ab2d-c0ab5a0bb6d7@group-C7DCF68F11F7-FollowerState] INFO  impl.FollowerState (FollowerState.java:run(152)) - 93d2edcd-6a6f-4cb3-ab2d-c0ab5a0bb6d7@group-C7DCF68F11F7-FollowerState was interrupted
2023-12-19 18:18:06,540 [grpc-default-executor-1] INFO  server.RaftServer$Division (RaftServerImpl.java:setFirstElection(564)) - 93d2edcd-6a6f-4cb3-ab2d-c0ab5a0bb6d7@group-C7DCF68F11F7: set firstElectionSinceStartup to false for candidate:8a9232c4-f36b-4377-b9ad-83954010d1e2
2023-12-19 18:18:06,541 [grpc-default-executor-3] INFO  server.RaftServer$Division (RaftServerImpl.java:requestVote(1377)) - cc2d5096-cbf7-4b7f-9694-9910b4c75033@group-C7DCF68F11F7: receive requestVote(ELECTION, 8a9232c4-f36b-4377-b9ad-83954010d1e2, group-C7DCF68F11F7, 1, (t:0, i:0))
2023-12-19 18:18:06,541 [grpc-default-executor-3] INFO  impl.VoteContext (VoteContext.java:log(49)) - cc2d5096-cbf7-4b7f-9694-9910b4c75033@group-C7DCF68F11F7-FOLLOWER: accept ELECTION from 8a9232c4-f36b-4377-b9ad-83954010d1e2: our priority 0 <= candidate's priority 1
2023-12-19 18:18:06,541 [grpc-default-executor-3] INFO  server.RaftServer$Division (RaftServerImpl.java:setRole(379)) - cc2d5096-cbf7-4b7f-9694-9910b4c75033@group-C7DCF68F11F7: changes role from  FOLLOWER to FOLLOWER at term 1 for candidate:8a9232c4-f36b-4377-b9ad-83954010d1e2
2023-12-19 18:18:06,541 [grpc-default-executor-3] INFO  impl.RoleInfo (RoleInfo.java:shutdownFollowerState(110)) - cc2d5096-cbf7-4b7f-9694-9910b4c75033: shutdown cc2d5096-cbf7-4b7f-9694-9910b4c75033@group-C7DCF68F11F7-FollowerState
2023-12-19 18:18:06,541 [grpc-default-executor-3] INFO  impl.RoleInfo (RoleInfo.java:updateAndGet(139)) - cc2d5096-cbf7-4b7f-9694-9910b4c75033: start cc2d5096-cbf7-4b7f-9694-9910b4c75033@group-C7DCF68F11F7-FollowerState
2023-12-19 18:18:06,542 [cc2d5096-cbf7-4b7f-9694-9910b4c75033@group-C7DCF68F11F7-FollowerState] INFO  impl.FollowerState (FollowerState.java:run(152)) - cc2d5096-cbf7-4b7f-9694-9910b4c75033@group-C7DCF68F11F7-FollowerState was interrupted
2023-12-19 18:18:06,542 [grpc-default-executor-1] INFO  server.RaftServer$Division (RaftServerImpl.java:requestVote(1410)) - 93d2edcd-6a6f-4cb3-ab2d-c0ab5a0bb6d7@group-C7DCF68F11F7 replies to ELECTION vote request: 8a9232c4-f36b-4377-b9ad-83954010d1e2<-93d2edcd-6a6f-4cb3-ab2d-c0ab5a0bb6d7#0:OK-t1. Peer's state: 93d2edcd-6a6f-4cb3-ab2d-c0ab5a0bb6d7@group-C7DCF68F11F7:t1, leader=null, voted=8a9232c4-f36b-4377-b9ad-83954010d1e2, raftlog=Memoized:93d2edcd-6a6f-4cb3-ab2d-c0ab5a0bb6d7@group-C7DCF68F11F7-SegmentedRaftLog:OPENED:c-1, conf=-1: peers:[93d2edcd-6a6f-4cb3-ab2d-c0ab5a0bb6d7|10.1.0.19:15077, 8a9232c4-f36b-4377-b9ad-83954010d1e2|10.1.0.19:15086, cc2d5096-cbf7-4b7f-9694-9910b4c75033|10.1.0.19:15068]|listeners:[], old=null
2023-12-19 18:18:06,553 [grpc-default-executor-3] INFO  server.RaftServer$Division (RaftServerImpl.java:requestVote(1410)) - cc2d5096-cbf7-4b7f-9694-9910b4c75033@group-C7DCF68F11F7 replies to ELECTION vote request: 8a9232c4-f36b-4377-b9ad-83954010d1e2<-cc2d5096-cbf7-4b7f-9694-9910b4c75033#0:OK-t1. Peer's state: cc2d5096-cbf7-4b7f-9694-9910b4c75033@group-C7DCF68F11F7:t1, leader=null, voted=8a9232c4-f36b-4377-b9ad-83954010d1e2, raftlog=Memoized:cc2d5096-cbf7-4b7f-9694-9910b4c75033@group-C7DCF68F11F7-SegmentedRaftLog:OPENED:c-1, conf=-1: peers:[93d2edcd-6a6f-4cb3-ab2d-c0ab5a0bb6d7|10.1.0.19:15077, 8a9232c4-f36b-4377-b9ad-83954010d1e2|10.1.0.19:15086, cc2d5096-cbf7-4b7f-9694-9910b4c75033|10.1.0.19:15068]|listeners:[], old=null
2023-12-19 18:18:06,556 [8a9232c4-f36b-4377-b9ad-83954010d1e2@group-C7DCF68F11F7-LeaderElection18] INFO  impl.LeaderElection (LeaderElection.java:logAndReturn(89)) - 8a9232c4-f36b-4377-b9ad-83954010d1e2@group-C7DCF68F11F7-LeaderElection18: ELECTION PASSED received 1 response(s) and 0 exception(s):
2023-12-19 18:18:06,556 [8a9232c4-f36b-4377-b9ad-83954010d1e2@group-C7DCF68F11F7-LeaderElection18] INFO  impl.LeaderElection (LeaderElection.java:logAndReturn(93)) -   Response 0: 8a9232c4-f36b-4377-b9ad-83954010d1e2<-93d2edcd-6a6f-4cb3-ab2d-c0ab5a0bb6d7#0:OK-t1
2023-12-19 18:18:06,556 [8a9232c4-f36b-4377-b9ad-83954010d1e2@group-C7DCF68F11F7-LeaderElection18] INFO  impl.LeaderElection (LeaderElection.java:askForVotes(325)) - 8a9232c4-f36b-4377-b9ad-83954010d1e2@group-C7DCF68F11F7-LeaderElection18 ELECTION round 0: result PASSED
2023-12-19 18:18:06,556 [8a9232c4-f36b-4377-b9ad-83954010d1e2@group-C7DCF68F11F7-LeaderElection18] INFO  impl.RoleInfo (RoleInfo.java:shutdownLeaderElection(130)) - 8a9232c4-f36b-4377-b9ad-83954010d1e2: shutdown 8a9232c4-f36b-4377-b9ad-83954010d1e2@group-C7DCF68F11F7-LeaderElection18
2023-12-19 18:18:06,556 [8a9232c4-f36b-4377-b9ad-83954010d1e2@group-C7DCF68F11F7-LeaderElection18] INFO  server.RaftServer$Division (RaftServerImpl.java:setRole(379)) - 8a9232c4-f36b-4377-b9ad-83954010d1e2@group-C7DCF68F11F7: changes role from CANDIDATE to LEADER at term 1 for changeToLeader
2023-12-19 18:18:06,556 [8a9232c4-f36b-4377-b9ad-83954010d1e2@group-C7DCF68F11F7-LeaderElection18] INFO  server.RaftServerConfigKeys (ConfUtils.java:logGet(46)) - raft.server.staging.catchup.gap = 1000 (default)
2023-12-19 18:18:06,557 [8a9232c4-f36b-4377-b9ad-83954010d1e2@group-C7DCF68F11F7-LeaderElection18] INFO  server.RaftServerConfigKeys (ConfUtils.java:logGet(46)) - raft.server.write.element-limit = 1024 (custom)
2023-12-19 18:18:06,557 [8a9232c4-f36b-4377-b9ad-83954010d1e2@group-C7DCF68F11F7-LeaderElection18] INFO  server.RaftServerConfigKeys (ConfUtils.java:logGet(46)) - raft.server.write.byte-limit = 1024 M (=1073741824) (custom)
2023-12-19 18:18:06,557 [8a9232c4-f36b-4377-b9ad-83954010d1e2@group-C7DCF68F11F7-LeaderElection18] INFO  server.RaftServerConfigKeys (ConfUtils.java:logGet(46)) - raft.server.watch.timeout = 180s (custom)
2023-12-19 18:18:06,557 [8a9232c4-f36b-4377-b9ad-83954010d1e2@group-C7DCF68F11F7-LeaderElection18] INFO  server.RaftServerConfigKeys (ConfUtils.java:logGet(46)) - raft.server.watch.timeout.denomination = 1s (default)
2023-12-19 18:18:06,557 [8a9232c4-f36b-4377-b9ad-83954010d1e2@group-C7DCF68F11F7-LeaderElection18] INFO  server.RaftServerConfigKeys (ConfUtils.java:logGet(46)) - raft.server.watch.element-limit = 65536 (default)
2023-12-19 18:18:06,557 [8a9232c4-f36b-4377-b9ad-83954010d1e2@group-C7DCF68F11F7-LeaderElection18] INFO  server.RaftServerConfigKeys (ConfUtils.java:logGet(46)) - raft.server.read.leader.lease.enabled = false (default)
2023-12-19 18:18:06,557 [8a9232c4-f36b-4377-b9ad-83954010d1e2@group-C7DCF68F11F7-LeaderElection18] INFO  server.RaftServerConfigKeys (ConfUtils.java:logGet(46)) - raft.server.read.leader.lease.timeout.ratio = 0.9 (default)
2023-12-19 18:18:06,557 [8a9232c4-f36b-4377-b9ad-83954010d1e2@group-C7DCF68F11F7-LeaderElection18] INFO  server.RaftServerConfigKeys (ConfUtils.java:logGet(46)) - raft.server.rpc.timeout.min = 5s (custom)
2023-12-19 18:18:06,557 [8a9232c4-f36b-4377-b9ad-83954010d1e2@group-C7DCF68F11F7-LeaderElection18] INFO  server.RaftServerConfigKeys (ConfUtils.java:logGet(46)) - raft.server.write.element-limit = 1024 (custom)
2023-12-19 18:18:06,557 [8a9232c4-f36b-4377-b9ad-83954010d1e2@group-C7DCF68F11F7-LeaderElection18] INFO  server.RaftServerConfigKeys (ConfUtils.java:logGet(46)) - raft.server.write.follower.gap.ratio.max = -1.0 (default)
2023-12-19 18:18:06,558 [8a9232c4-f36b-4377-b9ad-83954010d1e2@group-C7DCF68F11F7-LeaderElection18] INFO  server.RaftServerConfigKeys (ConfUtils.java:logGet(46)) - raft.server.log.appender.snapshot.chunk.size.max = 16MB (=16777216) (default)
2023-12-19 18:18:06,558 [8a9232c4-f36b-4377-b9ad-83954010d1e2@group-C7DCF68F11F7-LeaderElection18] INFO  server.RaftServerConfigKeys (ConfUtils.java:logGet(46)) - raft.server.log.appender.buffer.byte-limit = 8388608 (custom)
2023-12-19 18:18:06,558 [8a9232c4-f36b-4377-b9ad-83954010d1e2@group-C7DCF68F11F7-LeaderElection18] INFO  server.RaftServerConfigKeys (ConfUtils.java:logGet(46)) - raft.server.log.appender.buffer.element-limit = 1 (custom)
2023-12-19 18:18:06,558 [8a9232c4-f36b-4377-b9ad-83954010d1e2@group-C7DCF68F11F7-LeaderElection18] INFO  server.RaftServerConfigKeys (ConfUtils.java:logGet(46)) - raft.server.log.appender.wait-time.min = 0μs (custom)
2023-12-19 18:18:06,558 [8a9232c4-f36b-4377-b9ad-83954010d1e2@group-C7DCF68F11F7-LeaderElection18] INFO  grpc.GrpcConfigKeys (ConfUtils.java:logGet(46)) - raft.grpc.server.leader.outstanding.appends.max = 8 (default)
2023-12-19 18:18:06,558 [8a9232c4-f36b-4377-b9ad-83954010d1e2@group-C7DCF68F11F7-LeaderElection18] INFO  server.RaftServerConfigKeys (ConfUtils.java:logGet(46)) - raft.server.rpc.request.timeout = 60s (custom)
2023-12-19 18:18:06,558 [8a9232c4-f36b-4377-b9ad-83954010d1e2@group-C7DCF68F11F7-LeaderElection18] INFO  grpc.GrpcConfigKeys (ConfUtils.java:logGet(46)) - raft.grpc.server.install_snapshot.request.element-limit = 8 (default)
2023-12-19 18:18:06,558 [8a9232c4-f36b-4377-b9ad-83954010d1e2@group-C7DCF68F11F7-LeaderElection18] INFO  grpc.GrpcConfigKeys (ConfUtils.java:logGet(46)) - raft.grpc.server.install_snapshot.request.timeout = 3000ms (default)
2023-12-19 18:18:06,558 [8a9232c4-f36b-4377-b9ad-83954010d1e2@group-C7DCF68F11F7-LeaderElection18] INFO  server.RaftServerConfigKeys (ConfUtils.java:logGet(46)) - raft.server.log.appender.install.snapshot.enabled = false (custom)
2023-12-19 18:18:06,558 [8a9232c4-f36b-4377-b9ad-83954010d1e2@group-C7DCF68F11F7-LeaderElection18] INFO  grpc.GrpcConfigKeys (ConfUtils.java:logGet(46)) - raft.grpc.server.heartbeat.channel = true (default)
2023-12-19 18:18:06,559 [8a9232c4-f36b-4377-b9ad-83954010d1e2@group-C7DCF68F11F7-LeaderElection18] INFO  server.RaftServerConfigKeys (ConfUtils.java:logGet(46)) - raft.server.log.appender.snapshot.chunk.size.max = 16MB (=16777216) (default)
2023-12-19 18:18:06,559 [8a9232c4-f36b-4377-b9ad-83954010d1e2@group-C7DCF68F11F7-LeaderElection18] INFO  server.RaftServerConfigKeys (ConfUtils.java:logGet(46)) - raft.server.log.appender.buffer.byte-limit = 8388608 (custom)
2023-12-19 18:18:06,559 [8a9232c4-f36b-4377-b9ad-83954010d1e2@group-C7DCF68F11F7-LeaderElection18] INFO  server.RaftServerConfigKeys (ConfUtils.java:logGet(46)) - raft.server.log.appender.buffer.element-limit = 1 (custom)
2023-12-19 18:18:06,559 [8a9232c4-f36b-4377-b9ad-83954010d1e2@group-C7DCF68F11F7-LeaderElection18] INFO  server.RaftServerConfigKeys (ConfUtils.java:logGet(46)) - raft.server.log.appender.wait-time.min = 0μs (custom)
2023-12-19 18:18:06,559 [8a9232c4-f36b-4377-b9ad-83954010d1e2@group-C7DCF68F11F7-LeaderElection18] INFO  grpc.GrpcConfigKeys (ConfUtils.java:logGet(46)) - raft.grpc.server.leader.outstanding.appends.max = 8 (default)
2023-12-19 18:18:06,559 [8a9232c4-f36b-4377-b9ad-83954010d1e2@group-C7DCF68F11F7-LeaderElection18] INFO  server.RaftServerConfigKeys (ConfUtils.java:logGet(46)) - raft.server.rpc.request.timeout = 60s (custom)
2023-12-19 18:18:06,559 [8a9232c4-f36b-4377-b9ad-83954010d1e2@group-C7DCF68F11F7-LeaderElection18] INFO  grpc.GrpcConfigKeys (ConfUtils.java:logGet(46)) - raft.grpc.server.install_snapshot.request.element-limit = 8 (default)
2023-12-19 18:18:06,559 [8a9232c4-f36b-4377-b9ad-83954010d1e2@group-C7DCF68F11F7-LeaderElection18] INFO  grpc.GrpcConfigKeys (ConfUtils.java:logGet(46)) - raft.grpc.server.install_snapshot.request.timeout = 3000ms (default)
2023-12-19 18:18:06,559 [8a9232c4-f36b-4377-b9ad-83954010d1e2@group-C7DCF68F11F7-LeaderElection18] INFO  server.RaftServerConfigKeys (ConfUtils.java:logGet(46)) - raft.server.log.appender.install.snapshot.enabled = false (custom)
2023-12-19 18:18:06,559 [8a9232c4-f36b-4377-b9ad-83954010d1e2@group-C7DCF68F11F7-LeaderElection18] INFO  grpc.GrpcConfigKeys (ConfUtils.java:logGet(46)) - raft.grpc.server.heartbeat.channel = true (default)
2023-12-19 18:18:06,560 [8a9232c4-f36b-4377-b9ad-83954010d1e2@group-C7DCF68F11F7-LeaderElection18] INFO  impl.RoleInfo (RoleInfo.java:updateAndGet(139)) - 8a9232c4-f36b-4377-b9ad-83954010d1e2: start 8a9232c4-f36b-4377-b9ad-83954010d1e2@group-C7DCF68F11F7-LeaderStateImpl
2023-12-19 18:18:06,560 [8a9232c4-f36b-4377-b9ad-83954010d1e2@group-C7DCF68F11F7-LeaderElection18] INFO  server.RaftServer$Division (RaftServerImpl.java:setFirstElection(564)) - 8a9232c4-f36b-4377-b9ad-83954010d1e2@group-C7DCF68F11F7: set firstElectionSinceStartup to false for becomeLeader
2023-12-19 18:18:06,560 [8a9232c4-f36b-4377-b9ad-83954010d1e2@group-C7DCF68F11F7-LeaderElection18] INFO  ratis.XceiverServerRatis (XceiverServerRatis.java:handleLeaderChangedNotification(935)) - Leader change notification received for group: group-C7DCF68F11F7 with new leaderId: 8a9232c4-f36b-4377-b9ad-83954010d1e2
2023-12-19 18:18:06,560 [8a9232c4-f36b-4377-b9ad-83954010d1e2@group-C7DCF68F11F7-LeaderElection18] INFO  server.RaftServer$Division (ServerState.java:setLeader(265)) - 8a9232c4-f36b-4377-b9ad-83954010d1e2@group-C7DCF68F11F7: change Leader from null to 8a9232c4-f36b-4377-b9ad-83954010d1e2 at term 1 for becomeLeader, leader elected after 5177ms
2023-12-19 18:18:06,560 [8a9232c4-f36b-4377-b9ad-83954010d1e2@group-C7DCF68F11F7-LeaderElection18] INFO  segmented.SegmentedRaftLogWorker (SegmentedRaftLogWorker.java:startLogSegment(428)) - 8a9232c4-f36b-4377-b9ad-83954010d1e2@group-C7DCF68F11F7-SegmentedRaftLogWorker: Starting segment from index:0
2023-12-19 18:18:06,566 [EventQueue-PipelineReportForPipelineReportHandler] INFO  pipeline.PipelineReportHandler (PipelineReportHandler.java:processPipelineReport(136)) - Opened pipeline PipelineID=8f3870ae-d5ad-47e7-81f2-c7dcf68f11f7
2023-12-19 18:18:06,567 [8a9232c4-f36b-4377-b9ad-83954010d1e2@group-C7DCF68F11F7-LeaderElection18] INFO  server.RaftServer$Division (ServerState.java:setRaftConf(382)) - 8a9232c4-f36b-4377-b9ad-83954010d1e2@group-C7DCF68F11F7: set configuration 0: peers:[93d2edcd-6a6f-4cb3-ab2d-c0ab5a0bb6d7|10.1.0.19:15077, 8a9232c4-f36b-4377-b9ad-83954010d1e2|10.1.0.19:15086, cc2d5096-cbf7-4b7f-9694-9910b4c75033|10.1.0.19:15068]|listeners:[], old=null
2023-12-19 18:18:06,569 [8a9232c4-f36b-4377-b9ad-83954010d1e2@group-C7DCF68F11F7-SegmentedRaftLogWorker] INFO  segmented.SegmentedRaftLogWorker (SegmentedRaftLogWorker.java:execute(632)) - 8a9232c4-f36b-4377-b9ad-83954010d1e2@group-C7DCF68F11F7-SegmentedRaftLogWorker: created new log segment /home/runner/work/ozone/ozone/hadoop-ozone/integration-test/target/test-dir/MiniOzoneClusterImpl-c3f67427-b36b-4ee4-bde0-91623ce58163/datanode-8/data/ratis/8f3870ae-d5ad-47e7-81f2-c7dcf68f11f7/current/log_inprogress_0
2023-12-19 18:18:06,575 [c27b4a8c-9932-4b8f-bf34-353c967d0ecc@group-EF70BD943B5A-FollowerState] INFO  impl.FollowerState (FollowerState.java:run(143)) - c27b4a8c-9932-4b8f-bf34-353c967d0ecc@group-EF70BD943B5A-FollowerState: change to CANDIDATE, lastRpcElapsedTime:5018130582ns, electionTimeout:5008ms
2023-12-19 18:18:06,575 [c27b4a8c-9932-4b8f-bf34-353c967d0ecc@group-EF70BD943B5A-FollowerState] INFO  impl.RoleInfo (RoleInfo.java:shutdownFollowerState(110)) - c27b4a8c-9932-4b8f-bf34-353c967d0ecc: shutdown c27b4a8c-9932-4b8f-bf34-353c967d0ecc@group-EF70BD943B5A-FollowerState
2023-12-19 18:18:06,575 [c27b4a8c-9932-4b8f-bf34-353c967d0ecc@group-EF70BD943B5A-FollowerState] INFO  server.RaftServer$Division (RaftServerImpl.java:setRole(379)) - c27b4a8c-9932-4b8f-bf34-353c967d0ecc@group-EF70BD943B5A: changes role from  FOLLOWER to CANDIDATE at term 0 for changeToCandidate
2023-12-19 18:18:06,575 [c27b4a8c-9932-4b8f-bf34-353c967d0ecc@group-EF70BD943B5A-FollowerState] INFO  server.RaftServerConfigKeys (ConfUtils.java:logGet(46)) - raft.server.leaderelection.pre-vote = true (default)
2023-12-19 18:18:06,575 [c27b4a8c-9932-4b8f-bf34-353c967d0ecc@group-EF70BD943B5A-FollowerState] INFO  impl.RoleInfo (RoleInfo.java:updateAndGet(139)) - c27b4a8c-9932-4b8f-bf34-353c967d0ecc: start c27b4a8c-9932-4b8f-bf34-353c967d0ecc@group-EF70BD943B5A-LeaderElection20
2023-12-19 18:18:06,583 [c27b4a8c-9932-4b8f-bf34-353c967d0ecc@group-EF70BD943B5A-LeaderElection20] INFO  impl.LeaderElection (LeaderElection.java:askForVotes(323)) - c27b4a8c-9932-4b8f-bf34-353c967d0ecc@group-EF70BD943B5A-LeaderElection20 PRE_VOTE round 0: submit vote requests at term 0 for -1: peers:[c27b4a8c-9932-4b8f-bf34-353c967d0ecc|10.1.0.19:15113]|listeners:[], old=null
2023-12-19 18:18:06,583 [c27b4a8c-9932-4b8f-bf34-353c967d0ecc@group-EF70BD943B5A-LeaderElection20] INFO  impl.LeaderElection (LeaderElection.java:askForVotes(325)) - c27b4a8c-9932-4b8f-bf34-353c967d0ecc@group-EF70BD943B5A-LeaderElection20 PRE_VOTE round 0: result PASSED (term=0)
2023-12-19 18:18:06,585 [c27b4a8c-9932-4b8f-bf34-353c967d0ecc@group-EF70BD943B5A-LeaderElection20] INFO  impl.LeaderElection (LeaderElection.java:askForVotes(323)) - c27b4a8c-9932-4b8f-bf34-353c967d0ecc@group-EF70BD943B5A-LeaderElection20 ELECTION round 0: submit vote requests at term 1 for -1: peers:[c27b4a8c-9932-4b8f-bf34-353c967d0ecc|10.1.0.19:15113]|listeners:[], old=null
2023-12-19 18:18:06,585 [c27b4a8c-9932-4b8f-bf34-353c967d0ecc@group-EF70BD943B5A-LeaderElection20] INFO  impl.LeaderElection (LeaderElection.java:askForVotes(325)) - c27b4a8c-9932-4b8f-bf34-353c967d0ecc@group-EF70BD943B5A-LeaderElection20 ELECTION round 0: result PASSED (term=1)
2023-12-19 18:18:06,587 [c27b4a8c-9932-4b8f-bf34-353c967d0ecc@group-EF70BD943B5A-LeaderElection20] INFO  impl.RoleInfo (RoleInfo.java:shutdownLeaderElection(130)) - c27b4a8c-9932-4b8f-bf34-353c967d0ecc: shutdown c27b4a8c-9932-4b8f-bf34-353c967d0ecc@group-EF70BD943B5A-LeaderElection20
2023-12-19 18:18:06,591 [c27b4a8c-9932-4b8f-bf34-353c967d0ecc@group-EF70BD943B5A-LeaderElection20] INFO  server.RaftServer$Division (RaftServerImpl.java:setRole(379)) - c27b4a8c-9932-4b8f-bf34-353c967d0ecc@group-EF70BD943B5A: changes role from CANDIDATE to LEADER at term 1 for changeToLeader
2023-12-19 18:18:06,591 [c27b4a8c-9932-4b8f-bf34-353c967d0ecc@group-EF70BD943B5A-LeaderElection20] INFO  server.RaftServerConfigKeys (ConfUtils.java:logGet(46)) - raft.server.staging.catchup.gap = 1000 (default)
2023-12-19 18:18:06,592 [c27b4a8c-9932-4b8f-bf34-353c967d0ecc@group-EF70BD943B5A-LeaderElection20] INFO  server.RaftServerConfigKeys (ConfUtils.java:logGet(46)) - raft.server.write.element-limit = 1024 (custom)
2023-12-19 18:18:06,592 [c27b4a8c-9932-4b8f-bf34-353c967d0ecc@group-EF70BD943B5A-LeaderElection20] INFO  server.RaftServerConfigKeys (ConfUtils.java:logGet(46)) - raft.server.write.byte-limit = 1024 M (=1073741824) (custom)
2023-12-19 18:18:06,593 [c27b4a8c-9932-4b8f-bf34-353c967d0ecc@group-EF70BD943B5A-LeaderElection20] INFO  server.RaftServerConfigKeys (ConfUtils.java:logGet(46)) - raft.server.watch.timeout = 180s (custom)
2023-12-19 18:18:06,593 [c27b4a8c-9932-4b8f-bf34-353c967d0ecc@group-EF70BD943B5A-LeaderElection20] INFO  server.RaftServerConfigKeys (ConfUtils.java:logGet(46)) - raft.server.watch.timeout.denomination = 1s (default)
2023-12-19 18:18:06,594 [c27b4a8c-9932-4b8f-bf34-353c967d0ecc@group-EF70BD943B5A-LeaderElection20] INFO  server.RaftServerConfigKeys (ConfUtils.java:logGet(46)) - raft.server.watch.element-limit = 65536 (default)
2023-12-19 18:18:06,594 [c27b4a8c-9932-4b8f-bf34-353c967d0ecc@group-EF70BD943B5A-LeaderElection20] INFO  server.RaftServerConfigKeys (ConfUtils.java:logGet(46)) - raft.server.read.leader.lease.enabled = false (default)
2023-12-19 18:18:06,594 [c27b4a8c-9932-4b8f-bf34-353c967d0ecc@group-EF70BD943B5A-LeaderElection20] INFO  server.RaftServerConfigKeys (ConfUtils.java:logGet(46)) - raft.server.read.leader.lease.timeout.ratio = 0.9 (default)
2023-12-19 18:18:06,595 [c27b4a8c-9932-4b8f-bf34-353c967d0ecc@group-EF70BD943B5A-LeaderElection20] INFO  server.RaftServerConfigKeys (ConfUtils.java:logGet(46)) - raft.server.rpc.timeout.min = 5s (custom)
2023-12-19 18:18:06,595 [c27b4a8c-9932-4b8f-bf34-353c967d0ecc@group-EF70BD943B5A-LeaderElection20] INFO  server.RaftServerConfigKeys (ConfUtils.java:logGet(46)) - raft.server.write.element-limit = 1024 (custom)
2023-12-19 18:18:06,595 [c27b4a8c-9932-4b8f-bf34-353c967d0ecc@group-EF70BD943B5A-LeaderElection20] INFO  server.RaftServerConfigKeys (ConfUtils.java:logGet(46)) - raft.server.write.follower.gap.ratio.max = -1.0 (default)
2023-12-19 18:18:06,596 [c27b4a8c-9932-4b8f-bf34-353c967d0ecc@group-EF70BD943B5A-LeaderElection20] INFO  impl.RoleInfo (RoleInfo.java:updateAndGet(139)) - c27b4a8c-9932-4b8f-bf34-353c967d0ecc: start c27b4a8c-9932-4b8f-bf34-353c967d0ecc@group-EF70BD943B5A-LeaderStateImpl
2023-12-19 18:18:06,596 [c27b4a8c-9932-4b8f-bf34-353c967d0ecc@group-EF70BD943B5A-LeaderElection20] INFO  server.RaftServer$Division (RaftServerImpl.java:setFirstElection(564)) - c27b4a8c-9932-4b8f-bf34-353c967d0ecc@group-EF70BD943B5A: set firstElectionSinceStartup to false for becomeLeader
2023-12-19 18:18:06,591 [a90b24a4-d9f8-4f3b-8812-3b02ea4f687f@group-1905EDCA018F-FollowerState] INFO  impl.FollowerState (FollowerState.java:run(143)) - a90b24a4-d9f8-4f3b-8812-3b02ea4f687f@group-1905EDCA018F-FollowerState: change to CANDIDATE, lastRpcElapsedTime:5202463966ns, electionTimeout:5196ms
2023-12-19 18:18:06,597 [a90b24a4-d9f8-4f3b-8812-3b02ea4f687f@group-1905EDCA018F-FollowerState] INFO  impl.RoleInfo (RoleInfo.java:shutdownFollowerState(110)) - a90b24a4-d9f8-4f3b-8812-3b02ea4f687f: shutdown a90b24a4-d9f8-4f3b-8812-3b02ea4f687f@group-1905EDCA018F-FollowerState
2023-12-19 18:18:06,597 [a90b24a4-d9f8-4f3b-8812-3b02ea4f687f@group-1905EDCA018F-FollowerState] INFO  server.RaftServer$Division (RaftServerImpl.java:setRole(379)) - a90b24a4-d9f8-4f3b-8812-3b02ea4f687f@group-1905EDCA018F: changes role from  FOLLOWER to CANDIDATE at term 0 for changeToCandidate
2023-12-19 18:18:06,592 [7fe801a6-aabd-4c1e-b418-af74b08e6351@group-CCCC26563B5E-FollowerState] INFO  impl.FollowerState (FollowerState.java:run(143)) - 7fe801a6-aabd-4c1e-b418-af74b08e6351@group-CCCC26563B5E-FollowerState: change to CANDIDATE, lastRpcElapsedTime:5158226979ns, electionTimeout:5155ms
2023-12-19 18:18:06,597 [7fe801a6-aabd-4c1e-b418-af74b08e6351@group-CCCC26563B5E-FollowerState] INFO  impl.RoleInfo (RoleInfo.java:shutdownFollowerState(110)) - 7fe801a6-aabd-4c1e-b418-af74b08e6351: shutdown 7fe801a6-aabd-4c1e-b418-af74b08e6351@group-CCCC26563B5E-FollowerState
2023-12-19 18:18:06,597 [7fe801a6-aabd-4c1e-b418-af74b08e6351@group-CCCC26563B5E-FollowerState] INFO  server.RaftServer$Division (RaftServerImpl.java:setRole(379)) - 7fe801a6-aabd-4c1e-b418-af74b08e6351@group-CCCC26563B5E: changes role from  FOLLOWER to CANDIDATE at term 0 for changeToCandidate
2023-12-19 18:18:06,598 [c27b4a8c-9932-4b8f-bf34-353c967d0ecc@group-EF70BD943B5A-LeaderElection20] INFO  ratis.XceiverServerRatis (XceiverServerRatis.java:handleLeaderChangedNotification(935)) - Leader change notification received for group: group-EF70BD943B5A with new leaderId: c27b4a8c-9932-4b8f-bf34-353c967d0ecc
2023-12-19 18:18:06,590 [93d2edcd-6a6f-4cb3-ab2d-c0ab5a0bb6d7-server-thread1] INFO  ratis.XceiverServerRatis (XceiverServerRatis.java:handleLeaderChangedNotification(935)) - Leader change notification received for group: group-C7DCF68F11F7 with new leaderId: 8a9232c4-f36b-4377-b9ad-83954010d1e2
2023-12-19 18:18:06,598 [93d2edcd-6a6f-4cb3-ab2d-c0ab5a0bb6d7-server-thread1] INFO  server.RaftServer$Division (ServerState.java:setLeader(265)) - 93d2edcd-6a6f-4cb3-ab2d-c0ab5a0bb6d7@group-C7DCF68F11F7: change Leader from null to 8a9232c4-f36b-4377-b9ad-83954010d1e2 at term 1 for appendEntries, leader elected after 5223ms
2023-12-19 18:18:06,601 [c27b4a8c-9932-4b8f-bf34-353c967d0ecc@group-EF70BD943B5A-LeaderElection20] INFO  server.RaftServer$Division (ServerState.java:setLeader(265)) - c27b4a8c-9932-4b8f-bf34-353c967d0ecc@group-EF70BD943B5A: change Leader from null to c27b4a8c-9932-4b8f-bf34-353c967d0ecc at term 1 for becomeLeader, leader elected after 5133ms
2023-12-19 18:18:06,601 [c27b4a8c-9932-4b8f-bf34-353c967d0ecc@group-EF70BD943B5A-LeaderElection20] INFO  segmented.SegmentedRaftLogWorker (SegmentedRaftLogWorker.java:startLogSegment(428)) - c27b4a8c-9932-4b8f-bf34-353c967d0ecc@group-EF70BD943B5A-SegmentedRaftLogWorker: Starting segment from index:0
2023-12-19 18:18:06,601 [c27b4a8c-9932-4b8f-bf34-353c967d0ecc@group-EF70BD943B5A-LeaderElection20] INFO  server.RaftServer$Division (ServerState.java:setRaftConf(382)) - c27b4a8c-9932-4b8f-bf34-353c967d0ecc@group-EF70BD943B5A: set configuration 0: peers:[c27b4a8c-9932-4b8f-bf34-353c967d0ecc|10.1.0.19:15113]|listeners:[], old=null
2023-12-19 18:18:06,605 [7fe801a6-aabd-4c1e-b418-af74b08e6351@group-CCCC26563B5E-FollowerState] INFO  server.RaftServerConfigKeys (ConfUtils.java:logGet(46)) - raft.server.leaderelection.pre-vote = true (default)
2023-12-19 18:18:06,605 [7fe801a6-aabd-4c1e-b418-af74b08e6351@group-CCCC26563B5E-FollowerState] INFO  impl.RoleInfo (RoleInfo.java:updateAndGet(139)) - 7fe801a6-aabd-4c1e-b418-af74b08e6351: start 7fe801a6-aabd-4c1e-b418-af74b08e6351@group-CCCC26563B5E-LeaderElection22
2023-12-19 18:18:06,605 [a90b24a4-d9f8-4f3b-8812-3b02ea4f687f@group-1905EDCA018F-FollowerState] INFO  server.RaftServerConfigKeys (ConfUtils.java:logGet(46)) - raft.server.leaderelection.pre-vote = true (default)
2023-12-19 18:18:06,605 [a90b24a4-d9f8-4f3b-8812-3b02ea4f687f@group-1905EDCA018F-FollowerState] INFO  impl.RoleInfo (RoleInfo.java:updateAndGet(139)) - a90b24a4-d9f8-4f3b-8812-3b02ea4f687f: start a90b24a4-d9f8-4f3b-8812-3b02ea4f687f@group-1905EDCA018F-LeaderElection21
2023-12-19 18:18:06,608 [c27b4a8c-9932-4b8f-bf34-353c967d0ecc@group-EF70BD943B5A-SegmentedRaftLogWorker] INFO  segmented.SegmentedRaftLogWorker (SegmentedRaftLogWorker.java:execute(632)) - c27b4a8c-9932-4b8f-bf34-353c967d0ecc@group-EF70BD943B5A-SegmentedRaftLogWorker: created new log segment /home/runner/work/ozone/ozone/hadoop-ozone/integration-test/target/test-dir/MiniOzoneClusterImpl-c3f67427-b36b-4ee4-bde0-91623ce58163/datanode-11/data/ratis/45764126-356d-4ee0-9b53-ef70bd943b5a/current/log_inprogress_0
2023-12-19 18:18:06,610 [cc2d5096-cbf7-4b7f-9694-9910b4c75033-server-thread2] INFO  ratis.XceiverServerRatis (XceiverServerRatis.java:handleLeaderChangedNotification(935)) - Leader change notification received for group: group-C7DCF68F11F7 with new leaderId: 8a9232c4-f36b-4377-b9ad-83954010d1e2
2023-12-19 18:18:06,610 [cc2d5096-cbf7-4b7f-9694-9910b4c75033-server-thread2] INFO  server.RaftServer$Division (ServerState.java:setLeader(265)) - cc2d5096-cbf7-4b7f-9694-9910b4c75033@group-C7DCF68F11F7: change Leader from null to 8a9232c4-f36b-4377-b9ad-83954010d1e2 at term 1 for appendEntries, leader elected after 5609ms
2023-12-19 18:18:06,612 [cc2d5096-cbf7-4b7f-9694-9910b4c75033-server-thread1] INFO  server.RaftServer$Division (ServerState.java:setRaftConf(382)) - cc2d5096-cbf7-4b7f-9694-9910b4c75033@group-C7DCF68F11F7: set configuration 0: peers:[93d2edcd-6a6f-4cb3-ab2d-c0ab5a0bb6d7|10.1.0.19:15077, 8a9232c4-f36b-4377-b9ad-83954010d1e2|10.1.0.19:15086, cc2d5096-cbf7-4b7f-9694-9910b4c75033|10.1.0.19:15068]|listeners:[], old=null
2023-12-19 18:18:06,613 [cc2d5096-cbf7-4b7f-9694-9910b4c75033-server-thread1] INFO  segmented.SegmentedRaftLogWorker (SegmentedRaftLogWorker.java:startLogSegment(428)) - cc2d5096-cbf7-4b7f-9694-9910b4c75033@group-C7DCF68F11F7-SegmentedRaftLogWorker: Starting segment from index:0
2023-12-19 18:18:06,616 [7fe801a6-aabd-4c1e-b418-af74b08e6351@group-9FFAAA1D27BF-FollowerState] INFO  impl.FollowerState (FollowerState.java:run(143)) - 7fe801a6-aabd-4c1e-b418-af74b08e6351@group-9FFAAA1D27BF-FollowerState: change to CANDIDATE, lastRpcElapsedTime:5047802053ns, electionTimeout:5046ms
2023-12-19 18:18:06,616 [7fe801a6-aabd-4c1e-b418-af74b08e6351@group-9FFAAA1D27BF-FollowerState] INFO  impl.RoleInfo (RoleInfo.java:shutdownFollowerState(110)) - 7fe801a6-aabd-4c1e-b418-af74b08e6351: shutdown 7fe801a6-aabd-4c1e-b418-af74b08e6351@group-9FFAAA1D27BF-FollowerState
2023-12-19 18:18:06,617 [7fe801a6-aabd-4c1e-b418-af74b08e6351@group-9FFAAA1D27BF-FollowerState] INFO  server.RaftServer$Division (RaftServerImpl.java:setRole(379)) - 7fe801a6-aabd-4c1e-b418-af74b08e6351@group-9FFAAA1D27BF: changes role from  FOLLOWER to CANDIDATE at term 0 for changeToCandidate
2023-12-19 18:18:06,617 [7fe801a6-aabd-4c1e-b418-af74b08e6351@group-9FFAAA1D27BF-FollowerState] INFO  server.RaftServerConfigKeys (ConfUtils.java:logGet(46)) - raft.server.leaderelection.pre-vote = true (default)
2023-12-19 18:18:06,618 [7fe801a6-aabd-4c1e-b418-af74b08e6351@group-9FFAAA1D27BF-FollowerState] INFO  impl.RoleInfo (RoleInfo.java:updateAndGet(139)) - 7fe801a6-aabd-4c1e-b418-af74b08e6351: start 7fe801a6-aabd-4c1e-b418-af74b08e6351@group-9FFAAA1D27BF-LeaderElection23
2023-12-19 18:18:06,620 [c27b4a8c-9932-4b8f-bf34-353c967d0ecc@group-EF70BD943B5A-StateMachineUpdater] INFO  server.RaftServer$Division (LeaderStateImpl.java:isApplied(316)) - leader is ready since appliedIndex == 0 >= startIndex == 0
2023-12-19 18:18:06,623 [93d2edcd-6a6f-4cb3-ab2d-c0ab5a0bb6d7-server-thread2] INFO  server.RaftServer$Division (ServerState.java:setRaftConf(382)) - 93d2edcd-6a6f-4cb3-ab2d-c0ab5a0bb6d7@group-C7DCF68F11F7: set configuration 0: peers:[93d2edcd-6a6f-4cb3-ab2d-c0ab5a0bb6d7|10.1.0.19:15077, 8a9232c4-f36b-4377-b9ad-83954010d1e2|10.1.0.19:15086, cc2d5096-cbf7-4b7f-9694-9910b4c75033|10.1.0.19:15068]|listeners:[], old=null
2023-12-19 18:18:06,624 [93d2edcd-6a6f-4cb3-ab2d-c0ab5a0bb6d7-server-thread2] INFO  segmented.SegmentedRaftLogWorker (SegmentedRaftLogWorker.java:startLogSegment(428)) - 93d2edcd-6a6f-4cb3-ab2d-c0ab5a0bb6d7@group-C7DCF68F11F7-SegmentedRaftLogWorker: Starting segment from index:0
2023-12-19 18:18:06,630 [a90b24a4-d9f8-4f3b-8812-3b02ea4f687f@group-1905EDCA018F-LeaderElection21] INFO  impl.LeaderElection (LeaderElection.java:askForVotes(323)) - a90b24a4-d9f8-4f3b-8812-3b02ea4f687f@group-1905EDCA018F-LeaderElection21 PRE_VOTE round 0: submit vote requests at term 0 for -1: peers:[a90b24a4-d9f8-4f3b-8812-3b02ea4f687f|10.1.0.19:15104]|listeners:[], old=null
2023-12-19 18:18:06,630 [7fe801a6-aabd-4c1e-b418-af74b08e6351@group-9FFAAA1D27BF-LeaderElection23] INFO  impl.LeaderElection (LeaderElection.java:askForVotes(323)) - 7fe801a6-aabd-4c1e-b418-af74b08e6351@group-9FFAAA1D27BF-LeaderElection23 PRE_VOTE round 0: submit vote requests at term 0 for -1: peers:[c27b4a8c-9932-4b8f-bf34-353c967d0ecc|10.1.0.19:15113, a90b24a4-d9f8-4f3b-8812-3b02ea4f687f|10.1.0.19:15104, 7fe801a6-aabd-4c1e-b418-af74b08e6351|10.1.0.19:15095]|listeners:[], old=null
2023-12-19 18:18:06,630 [7fe801a6-aabd-4c1e-b418-af74b08e6351@group-CCCC26563B5E-LeaderElection22] INFO  impl.LeaderElection (LeaderElection.java:askForVotes(323)) - 7fe801a6-aabd-4c1e-b418-af74b08e6351@group-CCCC26563B5E-LeaderElection22 PRE_VOTE round 0: submit vote requests at term 0 for -1: peers:[7fe801a6-aabd-4c1e-b418-af74b08e6351|10.1.0.19:15095]|listeners:[], old=null
2023-12-19 18:18:06,632 [7fe801a6-aabd-4c1e-b418-af74b08e6351@group-CCCC26563B5E-LeaderElection22] INFO  impl.LeaderElection (LeaderElection.java:askForVotes(325)) - 7fe801a6-aabd-4c1e-b418-af74b08e6351@group-CCCC26563B5E-LeaderElection22 PRE_VOTE round 0: result PASSED (term=0)
2023-12-19 18:18:06,632 [a90b24a4-d9f8-4f3b-8812-3b02ea4f687f@group-1905EDCA018F-LeaderElection21] INFO  impl.LeaderElection (LeaderElection.java:askForVotes(325)) - a90b24a4-d9f8-4f3b-8812-3b02ea4f687f@group-1905EDCA018F-LeaderElection21 PRE_VOTE round 0: result PASSED (term=0)
2023-12-19 18:18:06,635 [cc2d5096-cbf7-4b7f-9694-9910b4c75033@group-C7DCF68F11F7-SegmentedRaftLogWorker] INFO  segmented.SegmentedRaftLogWorker (SegmentedRaftLogWorker.java:execute(632)) - cc2d5096-cbf7-4b7f-9694-9910b4c75033@group-C7DCF68F11F7-SegmentedRaftLogWorker: created new log segment /home/runner/work/ozone/ozone/hadoop-ozone/integration-test/target/test-dir/MiniOzoneClusterImpl-c3f67427-b36b-4ee4-bde0-91623ce58163/datanode-6/data/ratis/8f3870ae-d5ad-47e7-81f2-c7dcf68f11f7/current/log_inprogress_0
2023-12-19 18:18:06,635 [7fe801a6-aabd-4c1e-b418-af74b08e6351@group-CCCC26563B5E-LeaderElection22] INFO  impl.LeaderElection (LeaderElection.java:askForVotes(323)) - 7fe801a6-aabd-4c1e-b418-af74b08e6351@group-CCCC26563B5E-LeaderElection22 ELECTION round 0: submit vote requests at term 1 for -1: peers:[7fe801a6-aabd-4c1e-b418-af74b08e6351|10.1.0.19:15095]|listeners:[], old=null
2023-12-19 18:18:06,636 [7fe801a6-aabd-4c1e-b418-af74b08e6351@group-CCCC26563B5E-LeaderElection22] INFO  impl.LeaderElection (LeaderElection.java:askForVotes(325)) - 7fe801a6-aabd-4c1e-b418-af74b08e6351@group-CCCC26563B5E-LeaderElection22 ELECTION round 0: result PASSED (term=1)
2023-12-19 18:18:06,636 [7fe801a6-aabd-4c1e-b418-af74b08e6351@group-CCCC26563B5E-LeaderElection22] INFO  impl.RoleInfo (RoleInfo.java:shutdownLeaderElection(130)) - 7fe801a6-aabd-4c1e-b418-af74b08e6351: shutdown 7fe801a6-aabd-4c1e-b418-af74b08e6351@group-CCCC26563B5E-LeaderElection22
2023-12-19 18:18:06,636 [7fe801a6-aabd-4c1e-b418-af74b08e6351@group-CCCC26563B5E-LeaderElection22] INFO  server.RaftServer$Division (RaftServerImpl.java:setRole(379)) - 7fe801a6-aabd-4c1e-b418-af74b08e6351@group-CCCC26563B5E: changes role from CANDIDATE to LEADER at term 1 for changeToLeader
2023-12-19 18:18:06,636 [7fe801a6-aabd-4c1e-b418-af74b08e6351@group-CCCC26563B5E-LeaderElection22] INFO  server.RaftServerConfigKeys (ConfUtils.java:logGet(46)) - raft.server.staging.catchup.gap = 1000 (default)
2023-12-19 18:18:06,636 [93d2edcd-6a6f-4cb3-ab2d-c0ab5a0bb6d7@group-C7DCF68F11F7-SegmentedRaftLogWorker] INFO  segmented.SegmentedRaftLogWorker (SegmentedRaftLogWorker.java:execute(632)) - 93d2edcd-6a6f-4cb3-ab2d-c0ab5a0bb6d7@group-C7DCF68F11F7-SegmentedRaftLogWorker: created new log segment /home/runner/work/ozone/ozone/hadoop-ozone/integration-test/target/test-dir/MiniOzoneClusterImpl-c3f67427-b36b-4ee4-bde0-91623ce58163/datanode-7/data/ratis/8f3870ae-d5ad-47e7-81f2-c7dcf68f11f7/current/log_inprogress_0
2023-12-19 18:18:06,636 [a90b24a4-d9f8-4f3b-8812-3b02ea4f687f@group-1905EDCA018F-LeaderElection21] INFO  impl.LeaderElection (LeaderElection.java:askForVotes(323)) - a90b24a4-d9f8-4f3b-8812-3b02ea4f687f@group-1905EDCA018F-LeaderElection21 ELECTION round 0: submit vote requests at term 1 for -1: peers:[a90b24a4-d9f8-4f3b-8812-3b02ea4f687f|10.1.0.19:15104]|listeners:[], old=null
2023-12-19 18:18:06,636 [a90b24a4-d9f8-4f3b-8812-3b02ea4f687f@group-1905EDCA018F-LeaderElection21] INFO  impl.LeaderElection (LeaderElection.java:askForVotes(325)) - a90b24a4-d9f8-4f3b-8812-3b02ea4f687f@group-1905EDCA018F-LeaderElection21 ELECTION round 0: result PASSED (term=1)
2023-12-19 18:18:06,636 [a90b24a4-d9f8-4f3b-8812-3b02ea4f687f@group-1905EDCA018F-LeaderElection21] INFO  impl.RoleInfo (RoleInfo.java:shutdownLeaderElection(130)) - a90b24a4-d9f8-4f3b-8812-3b02ea4f687f: shutdown a90b24a4-d9f8-4f3b-8812-3b02ea4f687f@group-1905EDCA018F-LeaderElection21
2023-12-19 18:18:06,636 [a90b24a4-d9f8-4f3b-8812-3b02ea4f687f@group-1905EDCA018F-LeaderElection21] INFO  server.RaftServer$Division (RaftServerImpl.java:setRole(379)) - a90b24a4-d9f8-4f3b-8812-3b02ea4f687f@group-1905EDCA018F: changes role from CANDIDATE to LEADER at term 1 for changeToLeader
2023-12-19 18:18:06,636 [a90b24a4-d9f8-4f3b-8812-3b02ea4f687f@group-1905EDCA018F-LeaderElection21] INFO  server.RaftServerConfigKeys (ConfUtils.java:logGet(46)) - raft.server.staging.catchup.gap = 1000 (default)
2023-12-19 18:18:06,640 [7fe801a6-aabd-4c1e-b418-af74b08e6351@group-9FFAAA1D27BF-LeaderElection23-1] INFO  server.GrpcServerProtocolClient (GrpcServerProtocolClient.java:<init>(65)) - Build channel for c27b4a8c-9932-4b8f-bf34-353c967d0ecc
2023-12-19 18:18:06,640 [7fe801a6-aabd-4c1e-b418-af74b08e6351@group-CCCC26563B5E-LeaderElection22] INFO  server.RaftServerConfigKeys (ConfUtils.java:logGet(46)) - raft.server.write.element-limit = 1024 (custom)
2023-12-19 18:18:06,640 [main] INFO  impl.MetricsSystemImpl (MetricsSystemImpl.java:init(158)) - XceiverClientMetrics metrics system started (again)
2023-12-19 18:18:06,642 [a90b24a4-d9f8-4f3b-8812-3b02ea4f687f@group-1905EDCA018F-LeaderElection21] INFO  server.RaftServerConfigKeys (ConfUtils.java:logGet(46)) - raft.server.write.element-limit = 1024 (custom)
2023-12-19 18:18:06,640 [7fe801a6-aabd-4c1e-b418-af74b08e6351@group-CCCC26563B5E-LeaderElection22] INFO  server.RaftServerConfigKeys (ConfUtils.java:logGet(46)) - raft.server.write.byte-limit = 1024 M (=1073741824) (custom)
2023-12-19 18:18:06,643 [7fe801a6-aabd-4c1e-b418-af74b08e6351@group-9FFAAA1D27BF-LeaderElection23] INFO  server.RaftServerConfigKeys (ConfUtils.java:logFallback(53)) - raft.server.rpc.first-election.timeout.min = 5s (fallback to raft.server.rpc.timeout.min)
2023-12-19 18:18:06,643 [7fe801a6-aabd-4c1e-b418-af74b08e6351@group-9FFAAA1D27BF-LeaderElection23] INFO  server.RaftServerConfigKeys (ConfUtils.java:logFallback(53)) - raft.server.rpc.first-election.timeout.max = 5200ms (fallback to raft.server.rpc.timeout.max)
2023-12-19 18:18:06,643 [7fe801a6-aabd-4c1e-b418-af74b08e6351@group-CCCC26563B5E-LeaderElection22] INFO  server.RaftServerConfigKeys (ConfUtils.java:logGet(46)) - raft.server.watch.timeout = 180s (custom)
2023-12-19 18:18:06,643 [7fe801a6-aabd-4c1e-b418-af74b08e6351@group-CCCC26563B5E-LeaderElection22] INFO  server.RaftServerConfigKeys (ConfUtils.java:logGet(46)) - raft.server.watch.timeout.denomination = 1s (default)
2023-12-19 18:18:06,643 [7fe801a6-aabd-4c1e-b418-af74b08e6351@group-CCCC26563B5E-LeaderElection22] INFO  server.RaftServerConfigKeys (ConfUtils.java:logGet(46)) - raft.server.watch.element-limit = 65536 (default)
2023-12-19 18:18:06,643 [7fe801a6-aabd-4c1e-b418-af74b08e6351@group-CCCC26563B5E-LeaderElection22] INFO  server.RaftServerConfigKeys (ConfUtils.java:logGet(46)) - raft.server.read.leader.lease.enabled = false (default)
2023-12-19 18:18:06,643 [7fe801a6-aabd-4c1e-b418-af74b08e6351@group-CCCC26563B5E-LeaderElection22] INFO  server.RaftServerConfigKeys (ConfUtils.java:logGet(46)) - raft.server.read.leader.lease.timeout.ratio = 0.9 (default)
2023-12-19 18:18:06,643 [7fe801a6-aabd-4c1e-b418-af74b08e6351@group-CCCC26563B5E-LeaderElection22] INFO  server.RaftServerConfigKeys (ConfUtils.java:logGet(46)) - raft.server.rpc.timeout.min = 5s (custom)
2023-12-19 18:18:06,643 [7fe801a6-aabd-4c1e-b418-af74b08e6351@group-CCCC26563B5E-LeaderElection22] INFO  server.RaftServerConfigKeys (ConfUtils.java:logGet(46)) - raft.server.write.element-limit = 1024 (custom)
2023-12-19 18:18:06,643 [7fe801a6-aabd-4c1e-b418-af74b08e6351@group-CCCC26563B5E-LeaderElection22] INFO  server.RaftServerConfigKeys (ConfUtils.java:logGet(46)) - raft.server.write.follower.gap.ratio.max = -1.0 (default)
2023-12-19 18:18:06,644 [7fe801a6-aabd-4c1e-b418-af74b08e6351@group-CCCC26563B5E-LeaderElection22] INFO  impl.RoleInfo (RoleInfo.java:updateAndGet(139)) - 7fe801a6-aabd-4c1e-b418-af74b08e6351: start 7fe801a6-aabd-4c1e-b418-af74b08e6351@group-CCCC26563B5E-LeaderStateImpl
2023-12-19 18:18:06,644 [7fe801a6-aabd-4c1e-b418-af74b08e6351@group-CCCC26563B5E-LeaderElection22] INFO  server.RaftServer$Division (RaftServerImpl.java:setFirstElection(564)) - 7fe801a6-aabd-4c1e-b418-af74b08e6351@group-CCCC26563B5E: set firstElectionSinceStartup to false for becomeLeader
2023-12-19 18:18:06,644 [7fe801a6-aabd-4c1e-b418-af74b08e6351@group-CCCC26563B5E-LeaderElection22] INFO  ratis.XceiverServerRatis (XceiverServerRatis.java:handleLeaderChangedNotification(935)) - Leader change notification received for group: group-CCCC26563B5E with new leaderId: 7fe801a6-aabd-4c1e-b418-af74b08e6351
2023-12-19 18:18:06,644 [8a9232c4-f36b-4377-b9ad-83954010d1e2@group-C7DCF68F11F7-StateMachineUpdater] INFO  server.RaftServer$Division (LeaderStateImpl.java:isApplied(316)) - leader is ready since appliedIndex == 0 >= startIndex == 0
2023-12-19 18:18:06,643 [a90b24a4-d9f8-4f3b-8812-3b02ea4f687f@group-1905EDCA018F-LeaderElection21] INFO  server.RaftServerConfigKeys (ConfUtils.java:logGet(46)) - raft.server.write.byte-limit = 1024 M (=1073741824) (custom)
2023-12-19 18:18:06,642 [main] INFO  lib.Interns (Interns.java:removeEldestEntry(50)) - Metrics intern cache overflow at 2011 for MetricsSystem={MetricsSystem=MetricsInfoImpl{name=MetricsSystem, description=MetricsSystem}, MetricsSystem record=MetricsInfoImpl{name=MetricsSystem, description=MetricsSystem record}}
2023-12-19 18:18:06,646 [a90b24a4-d9f8-4f3b-8812-3b02ea4f687f@group-1905EDCA018F-LeaderElection21] INFO  server.RaftServerConfigKeys (ConfUtils.java:logGet(46)) - raft.server.watch.timeout = 180s (custom)
2023-12-19 18:18:06,644 [7fe801a6-aabd-4c1e-b418-af74b08e6351@group-CCCC26563B5E-LeaderElection22] INFO  server.RaftServer$Division (ServerState.java:setLeader(265)) - 7fe801a6-aabd-4c1e-b418-af74b08e6351@group-CCCC26563B5E: change Leader from null to 7fe801a6-aabd-4c1e-b418-af74b08e6351 at term 1 for becomeLeader, leader elected after 5323ms
2023-12-19 18:18:06,643 [7fe801a6-aabd-4c1e-b418-af74b08e6351@group-9FFAAA1D27BF-LeaderElection23-2] INFO  server.GrpcServerProtocolClient (GrpcServerProtocolClient.java:<init>(65)) - Build channel for a90b24a4-d9f8-4f3b-8812-3b02ea4f687f
2023-12-19 18:18:06,647 [7fe801a6-aabd-4c1e-b418-af74b08e6351@group-CCCC26563B5E-LeaderElection22] INFO  segmented.SegmentedRaftLogWorker (SegmentedRaftLogWorker.java:startLogSegment(428)) - 7fe801a6-aabd-4c1e-b418-af74b08e6351@group-CCCC26563B5E-SegmentedRaftLogWorker: Starting segment from index:0
2023-12-19 18:18:06,647 [7fe801a6-aabd-4c1e-b418-af74b08e6351@group-CCCC26563B5E-LeaderElection22] INFO  server.RaftServer$Division (ServerState.java:setRaftConf(382)) - 7fe801a6-aabd-4c1e-b418-af74b08e6351@group-CCCC26563B5E: set configuration 0: peers:[7fe801a6-aabd-4c1e-b418-af74b08e6351|10.1.0.19:15095]|listeners:[], old=null
2023-12-19 18:18:06,648 [a90b24a4-d9f8-4f3b-8812-3b02ea4f687f@group-1905EDCA018F-LeaderElection21] INFO  server.RaftServerConfigKeys (ConfUtils.java:logGet(46)) - raft.server.watch.timeout.denomination = 1s (default)
2023-12-19 18:18:06,648 [a90b24a4-d9f8-4f3b-8812-3b02ea4f687f@group-1905EDCA018F-LeaderElection21] INFO  server.RaftServerConfigKeys (ConfUtils.java:logGet(46)) - raft.server.watch.element-limit = 65536 (default)
2023-12-19 18:18:06,648 [a90b24a4-d9f8-4f3b-8812-3b02ea4f687f@group-1905EDCA018F-LeaderElection21] INFO  server.RaftServerConfigKeys (ConfUtils.java:logGet(46)) - raft.server.read.leader.lease.enabled = false (default)
2023-12-19 18:18:06,648 [a90b24a4-d9f8-4f3b-8812-3b02ea4f687f@group-1905EDCA018F-LeaderElection21] INFO  server.RaftServerConfigKeys (ConfUtils.java:logGet(46)) - raft.server.read.leader.lease.timeout.ratio = 0.9 (default)
2023-12-19 18:18:06,648 [a90b24a4-d9f8-4f3b-8812-3b02ea4f687f@group-1905EDCA018F-LeaderElection21] INFO  server.RaftServerConfigKeys (ConfUtils.java:logGet(46)) - raft.server.rpc.timeout.min = 5s (custom)
2023-12-19 18:18:06,648 [a90b24a4-d9f8-4f3b-8812-3b02ea4f687f@group-1905EDCA018F-LeaderElection21] INFO  server.RaftServerConfigKeys (ConfUtils.java:logGet(46)) - raft.server.write.element-limit = 1024 (custom)
2023-12-19 18:18:06,648 [a90b24a4-d9f8-4f3b-8812-3b02ea4f687f@group-1905EDCA018F-LeaderElection21] INFO  server.RaftServerConfigKeys (ConfUtils.java:logGet(46)) - raft.server.write.follower.gap.ratio.max = -1.0 (default)
2023-12-19 18:18:06,648 [a90b24a4-d9f8-4f3b-8812-3b02ea4f687f@group-1905EDCA018F-LeaderElection21] INFO  impl.RoleInfo (RoleInfo.java:updateAndGet(139)) - a90b24a4-d9f8-4f3b-8812-3b02ea4f687f: start a90b24a4-d9f8-4f3b-8812-3b02ea4f687f@group-1905EDCA018F-LeaderStateImpl
2023-12-19 18:18:06,648 [a90b24a4-d9f8-4f3b-8812-3b02ea4f687f@group-1905EDCA018F-LeaderElection21] INFO  server.RaftServer$Division (RaftServerImpl.java:setFirstElection(564)) - a90b24a4-d9f8-4f3b-8812-3b02ea4f687f@group-1905EDCA018F: set firstElectionSinceStartup to false for becomeLeader
2023-12-19 18:18:06,648 [a90b24a4-d9f8-4f3b-8812-3b02ea4f687f@group-1905EDCA018F-LeaderElection21] INFO  ratis.XceiverServerRatis (XceiverServerRatis.java:handleLeaderChangedNotification(935)) - Leader change notification received for group: group-1905EDCA018F with new leaderId: a90b24a4-d9f8-4f3b-8812-3b02ea4f687f
2023-12-19 18:18:06,650 [a90b24a4-d9f8-4f3b-8812-3b02ea4f687f@group-1905EDCA018F-LeaderElection21] INFO  server.RaftServer$Division (ServerState.java:setLeader(265)) - a90b24a4-d9f8-4f3b-8812-3b02ea4f687f@group-1905EDCA018F: change Leader from null to a90b24a4-d9f8-4f3b-8812-3b02ea4f687f at term 1 for becomeLeader, leader elected after 5345ms
2023-12-19 18:18:06,650 [a90b24a4-d9f8-4f3b-8812-3b02ea4f687f@group-1905EDCA018F-LeaderElection21] INFO  segmented.SegmentedRaftLogWorker (SegmentedRaftLogWorker.java:startLogSegment(428)) - a90b24a4-d9f8-4f3b-8812-3b02ea4f687f@group-1905EDCA018F-SegmentedRaftLogWorker: Starting segment from index:0
2023-12-19 18:18:06,655 [grpc-default-executor-1] INFO  server.RaftServer$Division (RaftServerImpl.java:requestVote(1377)) - c27b4a8c-9932-4b8f-bf34-353c967d0ecc@group-9FFAAA1D27BF: receive requestVote(PRE_VOTE, 7fe801a6-aabd-4c1e-b418-af74b08e6351, group-9FFAAA1D27BF, 0, (t:0, i:0))
2023-12-19 18:18:06,655 [grpc-default-executor-1] INFO  impl.VoteContext (VoteContext.java:log(49)) - c27b4a8c-9932-4b8f-bf34-353c967d0ecc@group-9FFAAA1D27BF-FOLLOWER: reject PRE_VOTE from 7fe801a6-aabd-4c1e-b418-af74b08e6351: our priority 1 > candidate's priority 0
2023-12-19 18:18:06,655 [a90b24a4-d9f8-4f3b-8812-3b02ea4f687f@group-1905EDCA018F-LeaderElection21] INFO  server.RaftServer$Division (ServerState.java:setRaftConf(382)) - a90b24a4-d9f8-4f3b-8812-3b02ea4f687f@group-1905EDCA018F: set configuration 0: peers:[a90b24a4-d9f8-4f3b-8812-3b02ea4f687f|10.1.0.19:15104]|listeners:[], old=null
2023-12-19 18:18:06,655 [grpc-default-executor-1] INFO  server.RaftServer$Division (RaftServerImpl.java:requestVote(1410)) - c27b4a8c-9932-4b8f-bf34-353c967d0ecc@group-9FFAAA1D27BF replies to PRE_VOTE vote request: 7fe801a6-aabd-4c1e-b418-af74b08e6351<-c27b4a8c-9932-4b8f-bf34-353c967d0ecc#0:FAIL-t0. Peer's state: c27b4a8c-9932-4b8f-bf34-353c967d0ecc@group-9FFAAA1D27BF:t0, leader=null, voted=, raftlog=Memoized:c27b4a8c-9932-4b8f-bf34-353c967d0ecc@group-9FFAAA1D27BF-SegmentedRaftLog:OPENED:c-1, conf=-1: peers:[c27b4a8c-9932-4b8f-bf34-353c967d0ecc|10.1.0.19:15113, a90b24a4-d9f8-4f3b-8812-3b02ea4f687f|10.1.0.19:15104, 7fe801a6-aabd-4c1e-b418-af74b08e6351|10.1.0.19:15095]|listeners:[], old=null
2023-12-19 18:18:06,657 [grpc-default-executor-1] INFO  server.RaftServer$Division (RaftServerImpl.java:requestVote(1377)) - a90b24a4-d9f8-4f3b-8812-3b02ea4f687f@group-9FFAAA1D27BF: receive requestVote(PRE_VOTE, 7fe801a6-aabd-4c1e-b418-af74b08e6351, group-9FFAAA1D27BF, 0, (t:0, i:0))
2023-12-19 18:18:06,658 [grpc-default-executor-1] INFO  impl.VoteContext (VoteContext.java:log(49)) - a90b24a4-d9f8-4f3b-8812-3b02ea4f687f@group-9FFAAA1D27BF-FOLLOWER: accept PRE_VOTE from 7fe801a6-aabd-4c1e-b418-af74b08e6351: our priority 0 <= candidate's priority 0
2023-12-19 18:18:06,658 [grpc-default-executor-1] INFO  server.RaftServer$Division (RaftServerImpl.java:requestVote(1410)) - a90b24a4-d9f8-4f3b-8812-3b02ea4f687f@group-9FFAAA1D27BF replies to PRE_VOTE vote request: 7fe801a6-aabd-4c1e-b418-af74b08e6351<-a90b24a4-d9f8-4f3b-8812-3b02ea4f687f#0:OK-t0. Peer's state: a90b24a4-d9f8-4f3b-8812-3b02ea4f687f@group-9FFAAA1D27BF:t0, leader=null, voted=, raftlog=Memoized:a90b24a4-d9f8-4f3b-8812-3b02ea4f687f@group-9FFAAA1D27BF-SegmentedRaftLog:OPENED:c-1, conf=-1: peers:[c27b4a8c-9932-4b8f-bf34-353c967d0ecc|10.1.0.19:15113, a90b24a4-d9f8-4f3b-8812-3b02ea4f687f|10.1.0.19:15104, 7fe801a6-aabd-4c1e-b418-af74b08e6351|10.1.0.19:15095]|listeners:[], old=null
2023-12-19 18:18:06,658 [7fe801a6-aabd-4c1e-b418-af74b08e6351@group-CCCC26563B5E-SegmentedRaftLogWorker] INFO  segmented.SegmentedRaftLogWorker (SegmentedRaftLogWorker.java:execute(632)) - 7fe801a6-aabd-4c1e-b418-af74b08e6351@group-CCCC26563B5E-SegmentedRaftLogWorker: created new log segment /home/runner/work/ozone/ozone/hadoop-ozone/integration-test/target/test-dir/MiniOzoneClusterImpl-c3f67427-b36b-4ee4-bde0-91623ce58163/datanode-9/data/ratis/4935d9fa-7acf-4533-b8e3-cccc26563b5e/current/log_inprogress_0
2023-12-19 18:18:06,659 [a90b24a4-d9f8-4f3b-8812-3b02ea4f687f@group-1905EDCA018F-SegmentedRaftLogWorker] INFO  segmented.SegmentedRaftLogWorker (SegmentedRaftLogWorker.java:execute(632)) - a90b24a4-d9f8-4f3b-8812-3b02ea4f687f@group-1905EDCA018F-SegmentedRaftLogWorker: created new log segment /home/runner/work/ozone/ozone/hadoop-ozone/integration-test/target/test-dir/MiniOzoneClusterImpl-c3f67427-b36b-4ee4-bde0-91623ce58163/datanode-10/data/ratis/4b80c8ef-5c9e-48f7-8bcf-1905edca018f/current/log_inprogress_0
2023-12-19 18:18:06,663 [7fe801a6-aabd-4c1e-b418-af74b08e6351@group-9FFAAA1D27BF-LeaderElection23] INFO  impl.LeaderElection (LeaderElection.java:logAndReturn(89)) - 7fe801a6-aabd-4c1e-b418-af74b08e6351@group-9FFAAA1D27BF-LeaderElection23: PRE_VOTE REJECTED received 1 response(s) and 0 exception(s):
2023-12-19 18:18:06,663 [7fe801a6-aabd-4c1e-b418-af74b08e6351@group-9FFAAA1D27BF-LeaderElection23] INFO  impl.LeaderElection (LeaderElection.java:logAndReturn(93)) -   Response 0: 7fe801a6-aabd-4c1e-b418-af74b08e6351<-c27b4a8c-9932-4b8f-bf34-353c967d0ecc#0:FAIL-t0
2023-12-19 18:18:06,663 [7fe801a6-aabd-4c1e-b418-af74b08e6351@group-9FFAAA1D27BF-LeaderElection23] INFO  impl.LeaderElection (LeaderElection.java:askForVotes(325)) - 7fe801a6-aabd-4c1e-b418-af74b08e6351@group-9FFAAA1D27BF-LeaderElection23 PRE_VOTE round 0: result REJECTED
2023-12-19 18:18:06,663 [7fe801a6-aabd-4c1e-b418-af74b08e6351@group-9FFAAA1D27BF-LeaderElection23] INFO  server.RaftServer$Division (RaftServerImpl.java:setRole(379)) - 7fe801a6-aabd-4c1e-b418-af74b08e6351@group-9FFAAA1D27BF: changes role from CANDIDATE to FOLLOWER at term 0 for REJECTED
2023-12-19 18:18:06,663 [7fe801a6-aabd-4c1e-b418-af74b08e6351@group-9FFAAA1D27BF-LeaderElection23] INFO  impl.RoleInfo (RoleInfo.java:shutdownLeaderElection(130)) - 7fe801a6-aabd-4c1e-b418-af74b08e6351: shutdown 7fe801a6-aabd-4c1e-b418-af74b08e6351@group-9FFAAA1D27BF-LeaderElection23
2023-12-19 18:18:06,663 [7fe801a6-aabd-4c1e-b418-af74b08e6351@group-9FFAAA1D27BF-LeaderElection23] INFO  impl.RoleInfo (RoleInfo.java:updateAndGet(139)) - 7fe801a6-aabd-4c1e-b418-af74b08e6351: start 7fe801a6-aabd-4c1e-b418-af74b08e6351@group-9FFAAA1D27BF-FollowerState
2023-12-19 18:18:06,663 [a90b24a4-d9f8-4f3b-8812-3b02ea4f687f@group-1905EDCA018F-StateMachineUpdater] INFO  server.RaftServer$Division (LeaderStateImpl.java:isApplied(316)) - leader is ready since appliedIndex == 0 >= startIndex == 0
2023-12-19 18:18:06,666 [7fe801a6-aabd-4c1e-b418-af74b08e6351@group-9FFAAA1D27BF-LeaderElection23] INFO  server.RaftServer$Division (RaftServerImpl.java:setFirstElection(564)) - 7fe801a6-aabd-4c1e-b418-af74b08e6351@group-9FFAAA1D27BF: set firstElectionSinceStartup to false for REJECTED
2023-12-19 18:18:06,668 [7fe801a6-aabd-4c1e-b418-af74b08e6351@group-CCCC26563B5E-StateMachineUpdater] INFO  server.RaftServer$Division (LeaderStateImpl.java:isApplied(316)) - leader is ready since appliedIndex == 0 >= startIndex == 0
2023-12-19 18:18:06,694 [a90b24a4-d9f8-4f3b-8812-3b02ea4f687f@group-9FFAAA1D27BF-FollowerState] INFO  server.RaftServerConfigKeys (ConfUtils.java:logFallback(53)) - raft.server.rpc.first-election.timeout.min = 5s (fallback to raft.server.rpc.timeout.min)
2023-12-19 18:18:06,694 [a90b24a4-d9f8-4f3b-8812-3b02ea4f687f@group-9FFAAA1D27BF-FollowerState] INFO  server.RaftServerConfigKeys (ConfUtils.java:logFallback(53)) - raft.server.rpc.first-election.timeout.max = 5200ms (fallback to raft.server.rpc.timeout.max)
2023-12-19 18:18:06,802 [8a9232c4-f36b-4377-b9ad-83954010d1e2@group-5317640DA993-FollowerState] INFO  impl.FollowerState (FollowerState.java:run(143)) - 8a9232c4-f36b-4377-b9ad-83954010d1e2@group-5317640DA993-FollowerState: change to CANDIDATE, lastRpcElapsedTime:5067796408ns, electionTimeout:5065ms
2023-12-19 18:18:06,802 [8a9232c4-f36b-4377-b9ad-83954010d1e2@group-5317640DA993-FollowerState] INFO  impl.RoleInfo (RoleInfo.java:shutdownFollowerState(110)) - 8a9232c4-f36b-4377-b9ad-83954010d1e2: shutdown 8a9232c4-f36b-4377-b9ad-83954010d1e2@group-5317640DA993-FollowerState
2023-12-19 18:18:06,802 [8a9232c4-f36b-4377-b9ad-83954010d1e2@group-5317640DA993-FollowerState] INFO  server.RaftServer$Division (RaftServerImpl.java:setRole(379)) - 8a9232c4-f36b-4377-b9ad-83954010d1e2@group-5317640DA993: changes role from  FOLLOWER to CANDIDATE at term 0 for changeToCandidate
2023-12-19 18:18:06,802 [8a9232c4-f36b-4377-b9ad-83954010d1e2@group-5317640DA993-FollowerState] INFO  server.RaftServerConfigKeys (ConfUtils.java:logGet(46)) - raft.server.leaderelection.pre-vote = true (default)
2023-12-19 18:18:06,802 [8a9232c4-f36b-4377-b9ad-83954010d1e2@group-5317640DA993-FollowerState] INFO  impl.RoleInfo (RoleInfo.java:updateAndGet(139)) - 8a9232c4-f36b-4377-b9ad-83954010d1e2: start 8a9232c4-f36b-4377-b9ad-83954010d1e2@group-5317640DA993-LeaderElection24
2023-12-19 18:18:06,803 [8a9232c4-f36b-4377-b9ad-83954010d1e2@group-5317640DA993-LeaderElection24] INFO  impl.LeaderElection (LeaderElection.java:askForVotes(323)) - 8a9232c4-f36b-4377-b9ad-83954010d1e2@group-5317640DA993-LeaderElection24 PRE_VOTE round 0: submit vote requests at term 0 for -1: peers:[93d2edcd-6a6f-4cb3-ab2d-c0ab5a0bb6d7|10.1.0.19:15077, 8a9232c4-f36b-4377-b9ad-83954010d1e2|10.1.0.19:15086, cc2d5096-cbf7-4b7f-9694-9910b4c75033|10.1.0.19:15068]|listeners:[], old=null
2023-12-19 18:18:06,804 [8a9232c4-f36b-4377-b9ad-83954010d1e2@group-5317640DA993-LeaderElection24] INFO  server.RaftServerConfigKeys (ConfUtils.java:logFallback(53)) - raft.server.rpc.first-election.timeout.min = 5s (fallback to raft.server.rpc.timeout.min)
2023-12-19 18:18:06,807 [8a9232c4-f36b-4377-b9ad-83954010d1e2@group-5317640DA993-LeaderElection24] INFO  server.RaftServerConfigKeys (ConfUtils.java:logFallback(53)) - raft.server.rpc.first-election.timeout.max = 5200ms (fallback to raft.server.rpc.timeout.max)
2023-12-19 18:18:06,808 [grpc-default-executor-4] INFO  server.RaftServer$Division (RaftServerImpl.java:requestVote(1377)) - cc2d5096-cbf7-4b7f-9694-9910b4c75033@group-5317640DA993: receive requestVote(PRE_VOTE, 8a9232c4-f36b-4377-b9ad-83954010d1e2, group-5317640DA993, 0, (t:0, i:0))
2023-12-19 18:18:06,808 [grpc-default-executor-4] INFO  impl.VoteContext (VoteContext.java:log(49)) - cc2d5096-cbf7-4b7f-9694-9910b4c75033@group-5317640DA993-FOLLOWER: reject PRE_VOTE from 8a9232c4-f36b-4377-b9ad-83954010d1e2: our priority 1 > candidate's priority 0
2023-12-19 18:18:06,808 [grpc-default-executor-4] INFO  server.RaftServer$Division (RaftServerImpl.java:requestVote(1410)) - cc2d5096-cbf7-4b7f-9694-9910b4c75033@group-5317640DA993 replies to PRE_VOTE vote request: 8a9232c4-f36b-4377-b9ad-83954010d1e2<-cc2d5096-cbf7-4b7f-9694-9910b4c75033#0:FAIL-t0. Peer's state: cc2d5096-cbf7-4b7f-9694-9910b4c75033@group-5317640DA993:t0, leader=null, voted=, raftlog=Memoized:cc2d5096-cbf7-4b7f-9694-9910b4c75033@group-5317640DA993-SegmentedRaftLog:OPENED:c-1, conf=-1: peers:[93d2edcd-6a6f-4cb3-ab2d-c0ab5a0bb6d7|10.1.0.19:15077, 8a9232c4-f36b-4377-b9ad-83954010d1e2|10.1.0.19:15086, cc2d5096-cbf7-4b7f-9694-9910b4c75033|10.1.0.19:15068]|listeners:[], old=null
2023-12-19 18:18:06,808 [2d01c37d-c80a-4131-b15b-062508bff67d@group-9F7596BF92C2-FollowerState] INFO  impl.FollowerState (FollowerState.java:run(143)) - 2d01c37d-c80a-4131-b15b-062508bff67d@group-9F7596BF92C2-FollowerState: change to CANDIDATE, lastRpcElapsedTime:5156989574ns, electionTimeout:5153ms
2023-12-19 18:18:06,808 [2d01c37d-c80a-4131-b15b-062508bff67d@group-9F7596BF92C2-FollowerState] INFO  impl.RoleInfo (RoleInfo.java:shutdownFollowerState(110)) - 2d01c37d-c80a-4131-b15b-062508bff67d: shutdown 2d01c37d-c80a-4131-b15b-062508bff67d@group-9F7596BF92C2-FollowerState
2023-12-19 18:18:06,809 [2d01c37d-c80a-4131-b15b-062508bff67d@group-9F7596BF92C2-FollowerState] INFO  server.RaftServer$Division (RaftServerImpl.java:setRole(379)) - 2d01c37d-c80a-4131-b15b-062508bff67d@group-9F7596BF92C2: changes role from  FOLLOWER to CANDIDATE at term 0 for changeToCandidate
2023-12-19 18:18:06,809 [2d01c37d-c80a-4131-b15b-062508bff67d@group-9F7596BF92C2-FollowerState] INFO  server.RaftServerConfigKeys (ConfUtils.java:logGet(46)) - raft.server.leaderelection.pre-vote = true (default)
2023-12-19 18:18:06,809 [2d01c37d-c80a-4131-b15b-062508bff67d@group-9F7596BF92C2-FollowerState] INFO  impl.RoleInfo (RoleInfo.java:updateAndGet(139)) - 2d01c37d-c80a-4131-b15b-062508bff67d: start 2d01c37d-c80a-4131-b15b-062508bff67d@group-9F7596BF92C2-LeaderElection25
2023-12-19 18:18:06,806 [grpc-default-executor-1] INFO  server.RaftServer$Division (RaftServerImpl.java:requestVote(1377)) - 93d2edcd-6a6f-4cb3-ab2d-c0ab5a0bb6d7@group-5317640DA993: receive requestVote(PRE_VOTE, 8a9232c4-f36b-4377-b9ad-83954010d1e2, group-5317640DA993, 0, (t:0, i:0))
2023-12-19 18:18:06,810 [grpc-default-executor-1] INFO  impl.VoteContext (VoteContext.java:log(49)) - 93d2edcd-6a6f-4cb3-ab2d-c0ab5a0bb6d7@group-5317640DA993-FOLLOWER: accept PRE_VOTE from 8a9232c4-f36b-4377-b9ad-83954010d1e2: our priority 0 <= candidate's priority 0
2023-12-19 18:18:06,810 [grpc-default-executor-1] INFO  server.RaftServer$Division (RaftServerImpl.java:requestVote(1410)) - 93d2edcd-6a6f-4cb3-ab2d-c0ab5a0bb6d7@group-5317640DA993 replies to PRE_VOTE vote request: 8a9232c4-f36b-4377-b9ad-83954010d1e2<-93d2edcd-6a6f-4cb3-ab2d-c0ab5a0bb6d7#0:OK-t0. Peer's state: 93d2edcd-6a6f-4cb3-ab2d-c0ab5a0bb6d7@group-5317640DA993:t0, leader=null, voted=, raftlog=Memoized:93d2edcd-6a6f-4cb3-ab2d-c0ab5a0bb6d7@group-5317640DA993-SegmentedRaftLog:OPENED:c-1, conf=-1: peers:[93d2edcd-6a6f-4cb3-ab2d-c0ab5a0bb6d7|10.1.0.19:15077, 8a9232c4-f36b-4377-b9ad-83954010d1e2|10.1.0.19:15086, cc2d5096-cbf7-4b7f-9694-9910b4c75033|10.1.0.19:15068]|listeners:[], old=null
2023-12-19 18:18:06,814 [8a9232c4-f36b-4377-b9ad-83954010d1e2@group-5317640DA993-LeaderElection24] INFO  impl.LeaderElection (LeaderElection.java:logAndReturn(89)) - 8a9232c4-f36b-4377-b9ad-83954010d1e2@group-5317640DA993-LeaderElection24: PRE_VOTE REJECTED received 1 response(s) and 0 exception(s):
2023-12-19 18:18:06,814 [8a9232c4-f36b-4377-b9ad-83954010d1e2@group-5317640DA993-LeaderElection24] INFO  impl.LeaderElection (LeaderElection.java:logAndReturn(93)) -   Response 0: 8a9232c4-f36b-4377-b9ad-83954010d1e2<-cc2d5096-cbf7-4b7f-9694-9910b4c75033#0:FAIL-t0
2023-12-19 18:18:06,814 [8a9232c4-f36b-4377-b9ad-83954010d1e2@group-5317640DA993-LeaderElection24] INFO  impl.LeaderElection (LeaderElection.java:askForVotes(325)) - 8a9232c4-f36b-4377-b9ad-83954010d1e2@group-5317640DA993-LeaderElection24 PRE_VOTE round 0: result REJECTED
2023-12-19 18:18:06,814 [8a9232c4-f36b-4377-b9ad-83954010d1e2@group-5317640DA993-LeaderElection24] INFO  server.RaftServer$Division (RaftServerImpl.java:setRole(379)) - 8a9232c4-f36b-4377-b9ad-83954010d1e2@group-5317640DA993: changes role from CANDIDATE to FOLLOWER at term 0 for REJECTED
2023-12-19 18:18:06,814 [8a9232c4-f36b-4377-b9ad-83954010d1e2@group-5317640DA993-LeaderElection24] INFO  impl.RoleInfo (RoleInfo.java:shutdownLeaderElection(130)) - 8a9232c4-f36b-4377-b9ad-83954010d1e2: shutdown 8a9232c4-f36b-4377-b9ad-83954010d1e2@group-5317640DA993-LeaderElection24
2023-12-19 18:18:06,814 [8a9232c4-f36b-4377-b9ad-83954010d1e2@group-5317640DA993-LeaderElection24] INFO  impl.RoleInfo (RoleInfo.java:updateAndGet(139)) - 8a9232c4-f36b-4377-b9ad-83954010d1e2: start 8a9232c4-f36b-4377-b9ad-83954010d1e2@group-5317640DA993-FollowerState
2023-12-19 18:18:06,814 [2d01c37d-c80a-4131-b15b-062508bff67d@group-9F7596BF92C2-LeaderElection25] INFO  impl.LeaderElection (LeaderElection.java:askForVotes(323)) - 2d01c37d-c80a-4131-b15b-062508bff67d@group-9F7596BF92C2-LeaderElection25 PRE_VOTE round 0: submit vote requests at term 0 for -1: peers:[2d01c37d-c80a-4131-b15b-062508bff67d|10.1.0.19:15122]|listeners:[], old=null
2023-12-19 18:18:06,815 [2d01c37d-c80a-4131-b15b-062508bff67d@group-9F7596BF92C2-LeaderElection25] INFO  impl.LeaderElection (LeaderElection.java:askForVotes(325)) - 2d01c37d-c80a-4131-b15b-062508bff67d@group-9F7596BF92C2-LeaderElection25 PRE_VOTE round 0: result PASSED (term=0)
2023-12-19 18:18:06,816 [2d01c37d-c80a-4131-b15b-062508bff67d@group-9F7596BF92C2-LeaderElection25] INFO  impl.LeaderElection (LeaderElection.java:askForVotes(323)) - 2d01c37d-c80a-4131-b15b-062508bff67d@group-9F7596BF92C2-LeaderElection25 ELECTION round 0: submit vote requests at term 1 for -1: peers:[2d01c37d-c80a-4131-b15b-062508bff67d|10.1.0.19:15122]|listeners:[], old=null
2023-12-19 18:18:06,816 [2d01c37d-c80a-4131-b15b-062508bff67d@group-9F7596BF92C2-LeaderElection25] INFO  impl.LeaderElection (LeaderElection.java:askForVotes(325)) - 2d01c37d-c80a-4131-b15b-062508bff67d@group-9F7596BF92C2-LeaderElection25 ELECTION round 0: result PASSED (term=1)
2023-12-19 18:18:06,816 [2d01c37d-c80a-4131-b15b-062508bff67d@group-9F7596BF92C2-LeaderElection25] INFO  impl.RoleInfo (RoleInfo.java:shutdownLeaderElection(130)) - 2d01c37d-c80a-4131-b15b-062508bff67d: shutdown 2d01c37d-c80a-4131-b15b-062508bff67d@group-9F7596BF92C2-LeaderElection25
2023-12-19 18:18:06,816 [2d01c37d-c80a-4131-b15b-062508bff67d@group-9F7596BF92C2-LeaderElection25] INFO  server.RaftServer$Division (RaftServerImpl.java:setRole(379)) - 2d01c37d-c80a-4131-b15b-062508bff67d@group-9F7596BF92C2: changes role from CANDIDATE to LEADER at term 1 for changeToLeader
2023-12-19 18:18:06,816 [2d01c37d-c80a-4131-b15b-062508bff67d@group-9F7596BF92C2-LeaderElection25] INFO  server.RaftServerConfigKeys (ConfUtils.java:logGet(46)) - raft.server.staging.catchup.gap = 1000 (default)
2023-12-19 18:18:06,817 [8a9232c4-f36b-4377-b9ad-83954010d1e2@group-5317640DA993-LeaderElection24] INFO  server.RaftServer$Division (RaftServerImpl.java:setFirstElection(564)) - 8a9232c4-f36b-4377-b9ad-83954010d1e2@group-5317640DA993: set firstElectionSinceStartup to false for REJECTED
2023-12-19 18:18:06,817 [2d01c37d-c80a-4131-b15b-062508bff67d@group-9F7596BF92C2-LeaderElection25] INFO  server.RaftServerConfigKeys (ConfUtils.java:logGet(46)) - raft.server.write.element-limit = 1024 (custom)
2023-12-19 18:18:06,817 [2d01c37d-c80a-4131-b15b-062508bff67d@group-9F7596BF92C2-LeaderElection25] INFO  server.RaftServerConfigKeys (ConfUtils.java:logGet(46)) - raft.server.write.byte-limit = 1024 M (=1073741824) (custom)
2023-12-19 18:18:06,817 [2d01c37d-c80a-4131-b15b-062508bff67d@group-9F7596BF92C2-LeaderElection25] INFO  server.RaftServerConfigKeys (ConfUtils.java:logGet(46)) - raft.server.watch.timeout = 180s (custom)
2023-12-19 18:18:06,817 [2d01c37d-c80a-4131-b15b-062508bff67d@group-9F7596BF92C2-LeaderElection25] INFO  server.RaftServerConfigKeys (ConfUtils.java:logGet(46)) - raft.server.watch.timeout.denomination = 1s (default)
2023-12-19 18:18:06,818 [2d01c37d-c80a-4131-b15b-062508bff67d@group-9F7596BF92C2-LeaderElection25] INFO  server.RaftServerConfigKeys (ConfUtils.java:logGet(46)) - raft.server.watch.element-limit = 65536 (default)
2023-12-19 18:18:06,818 [2d01c37d-c80a-4131-b15b-062508bff67d@group-9F7596BF92C2-LeaderElection25] INFO  server.RaftServerConfigKeys (ConfUtils.java:logGet(46)) - raft.server.read.leader.lease.enabled = false (default)
2023-12-19 18:18:06,818 [2d01c37d-c80a-4131-b15b-062508bff67d@group-9F7596BF92C2-LeaderElection25] INFO  server.RaftServerConfigKeys (ConfUtils.java:logGet(46)) - raft.server.read.leader.lease.timeout.ratio = 0.9 (default)
2023-12-19 18:18:06,818 [2d01c37d-c80a-4131-b15b-062508bff67d@group-9F7596BF92C2-LeaderElection25] INFO  server.RaftServerConfigKeys (ConfUtils.java:logGet(46)) - raft.server.rpc.timeout.min = 5s (custom)
2023-12-19 18:18:06,818 [2d01c37d-c80a-4131-b15b-062508bff67d@group-9F7596BF92C2-LeaderElection25] INFO  server.RaftServerConfigKeys (ConfUtils.java:logGet(46)) - raft.server.write.element-limit = 1024 (custom)
2023-12-19 18:18:06,818 [2d01c37d-c80a-4131-b15b-062508bff67d@group-9F7596BF92C2-LeaderElection25] INFO  server.RaftServerConfigKeys (ConfUtils.java:logGet(46)) - raft.server.write.follower.gap.ratio.max = -1.0 (default)
2023-12-19 18:18:06,818 [2d01c37d-c80a-4131-b15b-062508bff67d@group-9F7596BF92C2-LeaderElection25] INFO  impl.RoleInfo (RoleInfo.java:updateAndGet(139)) - 2d01c37d-c80a-4131-b15b-062508bff67d: start 2d01c37d-c80a-4131-b15b-062508bff67d@group-9F7596BF92C2-LeaderStateImpl
2023-12-19 18:18:06,818 [2d01c37d-c80a-4131-b15b-062508bff67d@group-9F7596BF92C2-LeaderElection25] INFO  server.RaftServer$Division (RaftServerImpl.java:setFirstElection(564)) - 2d01c37d-c80a-4131-b15b-062508bff67d@group-9F7596BF92C2: set firstElectionSinceStartup to false for becomeLeader
2023-12-19 18:18:06,818 [2d01c37d-c80a-4131-b15b-062508bff67d@group-9F7596BF92C2-LeaderElection25] INFO  ratis.XceiverServerRatis (XceiverServerRatis.java:handleLeaderChangedNotification(935)) - Leader change notification received for group: group-9F7596BF92C2 with new leaderId: 2d01c37d-c80a-4131-b15b-062508bff67d
2023-12-19 18:18:06,819 [2d01c37d-c80a-4131-b15b-062508bff67d@group-9F7596BF92C2-LeaderElection25] INFO  server.RaftServer$Division (ServerState.java:setLeader(265)) - 2d01c37d-c80a-4131-b15b-062508bff67d@group-9F7596BF92C2: change Leader from null to 2d01c37d-c80a-4131-b15b-062508bff67d at term 1 for becomeLeader, leader elected after 5278ms
2023-12-19 18:18:06,819 [2d01c37d-c80a-4131-b15b-062508bff67d@group-9F7596BF92C2-LeaderElection25] INFO  segmented.SegmentedRaftLogWorker (SegmentedRaftLogWorker.java:startLogSegment(428)) - 2d01c37d-c80a-4131-b15b-062508bff67d@group-9F7596BF92C2-SegmentedRaftLogWorker: Starting segment from index:0
2023-12-19 18:18:06,819 [2d01c37d-c80a-4131-b15b-062508bff67d@group-9F7596BF92C2-LeaderElection25] INFO  server.RaftServer$Division (ServerState.java:setRaftConf(382)) - 2d01c37d-c80a-4131-b15b-062508bff67d@group-9F7596BF92C2: set configuration 0: peers:[2d01c37d-c80a-4131-b15b-062508bff67d|10.1.0.19:15122]|listeners:[], old=null
2023-12-19 18:18:06,827 [2d01c37d-c80a-4131-b15b-062508bff67d@group-9F7596BF92C2-SegmentedRaftLogWorker] INFO  segmented.SegmentedRaftLogWorker (SegmentedRaftLogWorker.java:execute(632)) - 2d01c37d-c80a-4131-b15b-062508bff67d@group-9F7596BF92C2-SegmentedRaftLogWorker: created new log segment /home/runner/work/ozone/ozone/hadoop-ozone/integration-test/target/test-dir/MiniOzoneClusterImpl-c3f67427-b36b-4ee4-bde0-91623ce58163/datanode-12/data/ratis/f0bb02dd-0d04-4122-8b28-9f7596bf92c2/current/log_inprogress_0
2023-12-19 18:18:06,828 [2d01c37d-c80a-4131-b15b-062508bff67d@group-9F7596BF92C2-StateMachineUpdater] INFO  server.RaftServer$Division (LeaderStateImpl.java:isApplied(316)) - leader is ready since appliedIndex == 0 >= startIndex == 0
2023-12-19 18:18:06,831 [c27b4a8c-9932-4b8f-bf34-353c967d0ecc@group-9FFAAA1D27BF-FollowerState] INFO  impl.FollowerState (FollowerState.java:run(143)) - c27b4a8c-9932-4b8f-bf34-353c967d0ecc@group-9FFAAA1D27BF-FollowerState: change to CANDIDATE, lastRpcElapsedTime:5116599808ns, electionTimeout:5114ms
2023-12-19 18:18:06,831 [c27b4a8c-9932-4b8f-bf34-353c967d0ecc@group-9FFAAA1D27BF-FollowerState] INFO  impl.RoleInfo (RoleInfo.java:shutdownFollowerState(110)) - c27b4a8c-9932-4b8f-bf34-353c967d0ecc: shutdown c27b4a8c-9932-4b8f-bf34-353c967d0ecc@group-9FFAAA1D27BF-FollowerState
2023-12-19 18:18:06,831 [c27b4a8c-9932-4b8f-bf34-353c967d0ecc@group-9FFAAA1D27BF-FollowerState] INFO  server.RaftServer$Division (RaftServerImpl.java:setRole(379)) - c27b4a8c-9932-4b8f-bf34-353c967d0ecc@group-9FFAAA1D27BF: changes role from  FOLLOWER to CANDIDATE at term 0 for changeToCandidate
2023-12-19 18:18:06,831 [c27b4a8c-9932-4b8f-bf34-353c967d0ecc@group-9FFAAA1D27BF-FollowerState] INFO  server.RaftServerConfigKeys (ConfUtils.java:logGet(46)) - raft.server.leaderelection.pre-vote = true (default)
2023-12-19 18:18:06,831 [c27b4a8c-9932-4b8f-bf34-353c967d0ecc@group-9FFAAA1D27BF-FollowerState] INFO  impl.RoleInfo (RoleInfo.java:updateAndGet(139)) - c27b4a8c-9932-4b8f-bf34-353c967d0ecc: start c27b4a8c-9932-4b8f-bf34-353c967d0ecc@group-9FFAAA1D27BF-LeaderElection26
2023-12-19 18:18:06,831 [c27b4a8c-9932-4b8f-bf34-353c967d0ecc@group-9FFAAA1D27BF-LeaderElection26] INFO  impl.LeaderElection (LeaderElection.java:askForVotes(323)) - c27b4a8c-9932-4b8f-bf34-353c967d0ecc@group-9FFAAA1D27BF-LeaderElection26 PRE_VOTE round 0: submit vote requests at term 0 for -1: peers:[c27b4a8c-9932-4b8f-bf34-353c967d0ecc|10.1.0.19:15113, a90b24a4-d9f8-4f3b-8812-3b02ea4f687f|10.1.0.19:15104, 7fe801a6-aabd-4c1e-b418-af74b08e6351|10.1.0.19:15095]|listeners:[], old=null
2023-12-19 18:18:06,832 [c27b4a8c-9932-4b8f-bf34-353c967d0ecc@group-9FFAAA1D27BF-LeaderElection26-1] INFO  server.GrpcServerProtocolClient (GrpcServerProtocolClient.java:<init>(65)) - Build channel for a90b24a4-d9f8-4f3b-8812-3b02ea4f687f
2023-12-19 18:18:06,832 [c27b4a8c-9932-4b8f-bf34-353c967d0ecc@group-9FFAAA1D27BF-LeaderElection26] INFO  server.RaftServerConfigKeys (ConfUtils.java:logFallback(53)) - raft.server.rpc.first-election.timeout.min = 5s (fallback to raft.server.rpc.timeout.min)
2023-12-19 18:18:06,833 [c27b4a8c-9932-4b8f-bf34-353c967d0ecc@group-9FFAAA1D27BF-LeaderElection26] INFO  server.RaftServerConfigKeys (ConfUtils.java:logFallback(53)) - raft.server.rpc.first-election.timeout.max = 5200ms (fallback to raft.server.rpc.timeout.max)
2023-12-19 18:18:06,833 [c27b4a8c-9932-4b8f-bf34-353c967d0ecc@group-9FFAAA1D27BF-LeaderElection26-2] INFO  server.GrpcServerProtocolClient (GrpcServerProtocolClient.java:<init>(65)) - Build channel for 7fe801a6-aabd-4c1e-b418-af74b08e6351
2023-12-19 18:18:06,838 [cc2d5096-cbf7-4b7f-9694-9910b4c75033@group-5317640DA993-FollowerState] INFO  impl.FollowerState (FollowerState.java:run(143)) - cc2d5096-cbf7-4b7f-9694-9910b4c75033@group-5317640DA993-FollowerState: change to CANDIDATE, lastRpcElapsedTime:5113454370ns, electionTimeout:5106ms
2023-12-19 18:18:06,838 [cc2d5096-cbf7-4b7f-9694-9910b4c75033@group-5317640DA993-FollowerState] INFO  impl.RoleInfo (RoleInfo.java:shutdownFollowerState(110)) - cc2d5096-cbf7-4b7f-9694-9910b4c75033: shutdown cc2d5096-cbf7-4b7f-9694-9910b4c75033@group-5317640DA993-FollowerState
2023-12-19 18:18:06,838 [cc2d5096-cbf7-4b7f-9694-9910b4c75033@group-5317640DA993-FollowerState] INFO  server.RaftServer$Division (RaftServerImpl.java:setRole(379)) - cc2d5096-cbf7-4b7f-9694-9910b4c75033@group-5317640DA993: changes role from  FOLLOWER to CANDIDATE at term 0 for changeToCandidate
2023-12-19 18:18:06,838 [cc2d5096-cbf7-4b7f-9694-9910b4c75033@group-5317640DA993-FollowerState] INFO  server.RaftServerConfigKeys (ConfUtils.java:logGet(46)) - raft.server.leaderelection.pre-vote = true (default)
2023-12-19 18:18:06,838 [cc2d5096-cbf7-4b7f-9694-9910b4c75033@group-5317640DA993-FollowerState] INFO  impl.RoleInfo (RoleInfo.java:updateAndGet(139)) - cc2d5096-cbf7-4b7f-9694-9910b4c75033: start cc2d5096-cbf7-4b7f-9694-9910b4c75033@group-5317640DA993-LeaderElection27
2023-12-19 18:18:06,838 [cc2d5096-cbf7-4b7f-9694-9910b4c75033@group-5317640DA993-LeaderElection27] INFO  impl.LeaderElection (LeaderElection.java:askForVotes(323)) - cc2d5096-cbf7-4b7f-9694-9910b4c75033@group-5317640DA993-LeaderElection27 PRE_VOTE round 0: submit vote requests at term 0 for -1: peers:[93d2edcd-6a6f-4cb3-ab2d-c0ab5a0bb6d7|10.1.0.19:15077, 8a9232c4-f36b-4377-b9ad-83954010d1e2|10.1.0.19:15086, cc2d5096-cbf7-4b7f-9694-9910b4c75033|10.1.0.19:15068]|listeners:[], old=null
2023-12-19 18:18:06,840 [cc2d5096-cbf7-4b7f-9694-9910b4c75033@group-5317640DA993-LeaderElection27] INFO  server.RaftServerConfigKeys (ConfUtils.java:logFallback(53)) - raft.server.rpc.first-election.timeout.min = 5s (fallback to raft.server.rpc.timeout.min)
2023-12-19 18:18:06,841 [cc2d5096-cbf7-4b7f-9694-9910b4c75033@group-5317640DA993-LeaderElection27] INFO  server.RaftServerConfigKeys (ConfUtils.java:logFallback(53)) - raft.server.rpc.first-election.timeout.max = 5200ms (fallback to raft.server.rpc.timeout.max)
2023-12-19 18:18:06,844 [a90b24a4-d9f8-4f3b-8812-3b02ea4f687f@group-C5B5555F532B-FollowerState] INFO  impl.FollowerState (FollowerState.java:run(143)) - a90b24a4-d9f8-4f3b-8812-3b02ea4f687f@group-C5B5555F532B-FollowerState: change to CANDIDATE, lastRpcElapsedTime:5028014499ns, electionTimeout:5027ms
2023-12-19 18:18:06,844 [a90b24a4-d9f8-4f3b-8812-3b02ea4f687f@group-C5B5555F532B-FollowerState] INFO  impl.RoleInfo (RoleInfo.java:shutdownFollowerState(110)) - a90b24a4-d9f8-4f3b-8812-3b02ea4f687f: shutdown a90b24a4-d9f8-4f3b-8812-3b02ea4f687f@group-C5B5555F532B-FollowerState
2023-12-19 18:18:06,844 [a90b24a4-d9f8-4f3b-8812-3b02ea4f687f@group-C5B5555F532B-FollowerState] INFO  server.RaftServer$Division (RaftServerImpl.java:setRole(379)) - a90b24a4-d9f8-4f3b-8812-3b02ea4f687f@group-C5B5555F532B: changes role from  FOLLOWER to CANDIDATE at term 0 for changeToCandidate
2023-12-19 18:18:06,845 [a90b24a4-d9f8-4f3b-8812-3b02ea4f687f@group-C5B5555F532B-FollowerState] INFO  server.RaftServerConfigKeys (ConfUtils.java:logGet(46)) - raft.server.leaderelection.pre-vote = true (default)
2023-12-19 18:18:06,845 [a90b24a4-d9f8-4f3b-8812-3b02ea4f687f@group-C5B5555F532B-FollowerState] INFO  impl.RoleInfo (RoleInfo.java:updateAndGet(139)) - a90b24a4-d9f8-4f3b-8812-3b02ea4f687f: start a90b24a4-d9f8-4f3b-8812-3b02ea4f687f@group-C5B5555F532B-LeaderElection28
2023-12-19 18:18:06,847 [grpc-default-executor-4] INFO  server.RaftServer$Division (RaftServerImpl.java:requestVote(1377)) - 93d2edcd-6a6f-4cb3-ab2d-c0ab5a0bb6d7@group-5317640DA993: receive requestVote(PRE_VOTE, cc2d5096-cbf7-4b7f-9694-9910b4c75033, group-5317640DA993, 0, (t:0, i:0))
2023-12-19 18:18:06,848 [grpc-default-executor-1] INFO  server.RaftServer$Division (RaftServerImpl.java:requestVote(1377)) - 8a9232c4-f36b-4377-b9ad-83954010d1e2@group-5317640DA993: receive requestVote(PRE_VOTE, cc2d5096-cbf7-4b7f-9694-9910b4c75033, group-5317640DA993, 0, (t:0, i:0))
2023-12-19 18:18:06,848 [grpc-default-executor-1] INFO  impl.VoteContext (VoteContext.java:log(49)) - 8a9232c4-f36b-4377-b9ad-83954010d1e2@group-5317640DA993-FOLLOWER: accept PRE_VOTE from cc2d5096-cbf7-4b7f-9694-9910b4c75033: our priority 0 <= candidate's priority 1
2023-12-19 18:18:06,848 [grpc-default-executor-1] INFO  server.RaftServer$Division (RaftServerImpl.java:requestVote(1410)) - 8a9232c4-f36b-4377-b9ad-83954010d1e2@group-5317640DA993 replies to PRE_VOTE vote request: cc2d5096-cbf7-4b7f-9694-9910b4c75033<-8a9232c4-f36b-4377-b9ad-83954010d1e2#0:OK-t0. Peer's state: 8a9232c4-f36b-4377-b9ad-83954010d1e2@group-5317640DA993:t0, leader=null, voted=, raftlog=Memoized:8a9232c4-f36b-4377-b9ad-83954010d1e2@group-5317640DA993-SegmentedRaftLog:OPENED:c-1, conf=-1: peers:[93d2edcd-6a6f-4cb3-ab2d-c0ab5a0bb6d7|10.1.0.19:15077, 8a9232c4-f36b-4377-b9ad-83954010d1e2|10.1.0.19:15086, cc2d5096-cbf7-4b7f-9694-9910b4c75033|10.1.0.19:15068]|listeners:[], old=null
2023-12-19 18:18:06,848 [grpc-default-executor-0] INFO  server.RaftServer$Division (RaftServerImpl.java:requestVote(1377)) - a90b24a4-d9f8-4f3b-8812-3b02ea4f687f@group-9FFAAA1D27BF: receive requestVote(PRE_VOTE, c27b4a8c-9932-4b8f-bf34-353c967d0ecc, group-9FFAAA1D27BF, 0, (t:0, i:0))
2023-12-19 18:18:06,849 [grpc-default-executor-0] INFO  impl.VoteContext (VoteContext.java:log(49)) - a90b24a4-d9f8-4f3b-8812-3b02ea4f687f@group-9FFAAA1D27BF-FOLLOWER: accept PRE_VOTE from c27b4a8c-9932-4b8f-bf34-353c967d0ecc: our priority 0 <= candidate's priority 1
2023-12-19 18:18:06,849 [grpc-default-executor-0] INFO  server.RaftServer$Division (RaftServerImpl.java:requestVote(1410)) - a90b24a4-d9f8-4f3b-8812-3b02ea4f687f@group-9FFAAA1D27BF replies to PRE_VOTE vote request: c27b4a8c-9932-4b8f-bf34-353c967d0ecc<-a90b24a4-d9f8-4f3b-8812-3b02ea4f687f#0:OK-t0. Peer's state: a90b24a4-d9f8-4f3b-8812-3b02ea4f687f@group-9FFAAA1D27BF:t0, leader=null, voted=, raftlog=Memoized:a90b24a4-d9f8-4f3b-8812-3b02ea4f687f@group-9FFAAA1D27BF-SegmentedRaftLog:OPENED:c-1, conf=-1: peers:[c27b4a8c-9932-4b8f-bf34-353c967d0ecc|10.1.0.19:15113, a90b24a4-d9f8-4f3b-8812-3b02ea4f687f|10.1.0.19:15104, 7fe801a6-aabd-4c1e-b418-af74b08e6351|10.1.0.19:15095]|listeners:[], old=null
2023-12-19 18:18:06,850 [grpc-default-executor-0] INFO  server.RaftServer$Division (RaftServerImpl.java:requestVote(1377)) - 7fe801a6-aabd-4c1e-b418-af74b08e6351@group-9FFAAA1D27BF: receive requestVote(PRE_VOTE, c27b4a8c-9932-4b8f-bf34-353c967d0ecc, group-9FFAAA1D27BF, 0, (t:0, i:0))
2023-12-19 18:18:06,850 [grpc-default-executor-0] INFO  impl.VoteContext (VoteContext.java:log(49)) - 7fe801a6-aabd-4c1e-b418-af74b08e6351@group-9FFAAA1D27BF-FOLLOWER: accept PRE_VOTE from c27b4a8c-9932-4b8f-bf34-353c967d0ecc: our priority 0 <= candidate's priority 1
2023-12-19 18:18:06,850 [grpc-default-executor-0] INFO  server.RaftServer$Division (RaftServerImpl.java:requestVote(1410)) - 7fe801a6-aabd-4c1e-b418-af74b08e6351@group-9FFAAA1D27BF replies to PRE_VOTE vote request: c27b4a8c-9932-4b8f-bf34-353c967d0ecc<-7fe801a6-aabd-4c1e-b418-af74b08e6351#0:OK-t0. Peer's state: 7fe801a6-aabd-4c1e-b418-af74b08e6351@group-9FFAAA1D27BF:t0, leader=null, voted=, raftlog=Memoized:7fe801a6-aabd-4c1e-b418-af74b08e6351@group-9FFAAA1D27BF-SegmentedRaftLog:OPENED:c-1, conf=-1: peers:[c27b4a8c-9932-4b8f-bf34-353c967d0ecc|10.1.0.19:15113, a90b24a4-d9f8-4f3b-8812-3b02ea4f687f|10.1.0.19:15104, 7fe801a6-aabd-4c1e-b418-af74b08e6351|10.1.0.19:15095]|listeners:[], old=null
2023-12-19 18:18:06,852 [c27b4a8c-9932-4b8f-bf34-353c967d0ecc@group-9FFAAA1D27BF-LeaderElection26] INFO  impl.LeaderElection (LeaderElection.java:logAndReturn(89)) - c27b4a8c-9932-4b8f-bf34-353c967d0ecc@group-9FFAAA1D27BF-LeaderElection26: PRE_VOTE PASSED received 1 response(s) and 0 exception(s):
2023-12-19 18:18:06,852 [c27b4a8c-9932-4b8f-bf34-353c967d0ecc@group-9FFAAA1D27BF-LeaderElection26] INFO  impl.LeaderElection (LeaderElection.java:logAndReturn(93)) -   Response 0: c27b4a8c-9932-4b8f-bf34-353c967d0ecc<-a90b24a4-d9f8-4f3b-8812-3b02ea4f687f#0:OK-t0
2023-12-19 18:18:06,879 [grpc-default-executor-4] INFO  impl.VoteContext (VoteContext.java:log(49)) - 93d2edcd-6a6f-4cb3-ab2d-c0ab5a0bb6d7@group-5317640DA993-FOLLOWER: accept PRE_VOTE from cc2d5096-cbf7-4b7f-9694-9910b4c75033: our priority 0 <= candidate's priority 1
2023-12-19 18:18:06,879 [grpc-default-executor-4] INFO  server.RaftServer$Division (RaftServerImpl.java:requestVote(1410)) - 93d2edcd-6a6f-4cb3-ab2d-c0ab5a0bb6d7@group-5317640DA993 replies to PRE_VOTE vote request: cc2d5096-cbf7-4b7f-9694-9910b4c75033<-93d2edcd-6a6f-4cb3-ab2d-c0ab5a0bb6d7#0:OK-t0. Peer's state: 93d2edcd-6a6f-4cb3-ab2d-c0ab5a0bb6d7@group-5317640DA993:t0, leader=null, voted=, raftlog=Memoized:93d2edcd-6a6f-4cb3-ab2d-c0ab5a0bb6d7@group-5317640DA993-SegmentedRaftLog:OPENED:c-1, conf=-1: peers:[93d2edcd-6a6f-4cb3-ab2d-c0ab5a0bb6d7|10.1.0.19:15077, 8a9232c4-f36b-4377-b9ad-83954010d1e2|10.1.0.19:15086, cc2d5096-cbf7-4b7f-9694-9910b4c75033|10.1.0.19:15068]|listeners:[], old=null
2023-12-19 18:18:06,879 [c27b4a8c-9932-4b8f-bf34-353c967d0ecc@group-9FFAAA1D27BF-LeaderElection26] INFO  impl.LeaderElection (LeaderElection.java:askForVotes(325)) - c27b4a8c-9932-4b8f-bf34-353c967d0ecc@group-9FFAAA1D27BF-LeaderElection26 PRE_VOTE round 0: result PASSED
2023-12-19 18:18:06,880 [a90b24a4-d9f8-4f3b-8812-3b02ea4f687f@group-C5B5555F532B-LeaderElection28] INFO  impl.LeaderElection (LeaderElection.java:askForVotes(323)) - a90b24a4-d9f8-4f3b-8812-3b02ea4f687f@group-C5B5555F532B-LeaderElection28 PRE_VOTE round 0: submit vote requests at term 0 for -1: peers:[c27b4a8c-9932-4b8f-bf34-353c967d0ecc|10.1.0.19:15113, a90b24a4-d9f8-4f3b-8812-3b02ea4f687f|10.1.0.19:15104, 7fe801a6-aabd-4c1e-b418-af74b08e6351|10.1.0.19:15095]|listeners:[], old=null
2023-12-19 18:18:06,881 [cc2d5096-cbf7-4b7f-9694-9910b4c75033@group-5317640DA993-LeaderElection27] INFO  impl.LeaderElection (LeaderElection.java:logAndReturn(89)) - cc2d5096-cbf7-4b7f-9694-9910b4c75033@group-5317640DA993-LeaderElection27: PRE_VOTE PASSED received 1 response(s) and 0 exception(s):
2023-12-19 18:18:06,881 [cc2d5096-cbf7-4b7f-9694-9910b4c75033@group-5317640DA993-LeaderElection27] INFO  impl.LeaderElection (LeaderElection.java:logAndReturn(93)) -   Response 0: cc2d5096-cbf7-4b7f-9694-9910b4c75033<-8a9232c4-f36b-4377-b9ad-83954010d1e2#0:OK-t0
2023-12-19 18:18:06,881 [cc2d5096-cbf7-4b7f-9694-9910b4c75033@group-5317640DA993-LeaderElection27] INFO  impl.LeaderElection (LeaderElection.java:askForVotes(325)) - cc2d5096-cbf7-4b7f-9694-9910b4c75033@group-5317640DA993-LeaderElection27 PRE_VOTE round 0: result PASSED
2023-12-19 18:18:06,882 [cc2d5096-cbf7-4b7f-9694-9910b4c75033@group-5317640DA993-LeaderElection27] INFO  impl.LeaderElection (LeaderElection.java:askForVotes(323)) - cc2d5096-cbf7-4b7f-9694-9910b4c75033@group-5317640DA993-LeaderElection27 ELECTION round 0: submit vote requests at term 1 for -1: peers:[93d2edcd-6a6f-4cb3-ab2d-c0ab5a0bb6d7|10.1.0.19:15077, 8a9232c4-f36b-4377-b9ad-83954010d1e2|10.1.0.19:15086, cc2d5096-cbf7-4b7f-9694-9910b4c75033|10.1.0.19:15068]|listeners:[], old=null
2023-12-19 18:18:06,883 [c27b4a8c-9932-4b8f-bf34-353c967d0ecc@group-9FFAAA1D27BF-LeaderElection26] INFO  impl.LeaderElection (LeaderElection.java:askForVotes(323)) - c27b4a8c-9932-4b8f-bf34-353c967d0ecc@group-9FFAAA1D27BF-LeaderElection26 ELECTION round 0: submit vote requests at term 1 for -1: peers:[c27b4a8c-9932-4b8f-bf34-353c967d0ecc|10.1.0.19:15113, a90b24a4-d9f8-4f3b-8812-3b02ea4f687f|10.1.0.19:15104, 7fe801a6-aabd-4c1e-b418-af74b08e6351|10.1.0.19:15095]|listeners:[], old=null
2023-12-19 18:18:06,884 [cc2d5096-cbf7-4b7f-9694-9910b4c75033@group-5317640DA993-LeaderElection27] INFO  server.RaftServerConfigKeys (ConfUtils.java:logFallback(53)) - raft.server.rpc.first-election.timeout.min = 5s (fallback to raft.server.rpc.timeout.min)
2023-12-19 18:18:06,884 [cc2d5096-cbf7-4b7f-9694-9910b4c75033@group-5317640DA993-LeaderElection27] INFO  server.RaftServerConfigKeys (ConfUtils.java:logFallback(53)) - raft.server.rpc.first-election.timeout.max = 5200ms (fallback to raft.server.rpc.timeout.max)
2023-12-19 18:18:06,885 [c27b4a8c-9932-4b8f-bf34-353c967d0ecc@group-9FFAAA1D27BF-LeaderElection26] INFO  server.RaftServerConfigKeys (ConfUtils.java:logFallback(53)) - raft.server.rpc.first-election.timeout.min = 5s (fallback to raft.server.rpc.timeout.min)
2023-12-19 18:18:06,885 [c27b4a8c-9932-4b8f-bf34-353c967d0ecc@group-9FFAAA1D27BF-LeaderElection26] INFO  server.RaftServerConfigKeys (ConfUtils.java:logFallback(53)) - raft.server.rpc.first-election.timeout.max = 5200ms (fallback to raft.server.rpc.timeout.max)
2023-12-19 18:18:06,886 [a90b24a4-d9f8-4f3b-8812-3b02ea4f687f@group-C5B5555F532B-LeaderElection28] INFO  server.RaftServerConfigKeys (ConfUtils.java:logFallback(53)) - raft.server.rpc.first-election.timeout.min = 5s (fallback to raft.server.rpc.timeout.min)
2023-12-19 18:18:06,886 [a90b24a4-d9f8-4f3b-8812-3b02ea4f687f@group-C5B5555F532B-LeaderElection28-1] INFO  server.GrpcServerProtocolClient (GrpcServerProtocolClient.java:<init>(65)) - Build channel for c27b4a8c-9932-4b8f-bf34-353c967d0ecc
2023-12-19 18:18:06,886 [a90b24a4-d9f8-4f3b-8812-3b02ea4f687f@group-C5B5555F532B-LeaderElection28] INFO  server.RaftServerConfigKeys (ConfUtils.java:logFallback(53)) - raft.server.rpc.first-election.timeout.max = 5200ms (fallback to raft.server.rpc.timeout.max)
2023-12-19 18:18:06,887 [a90b24a4-d9f8-4f3b-8812-3b02ea4f687f@group-C5B5555F532B-LeaderElection28-2] INFO  server.GrpcServerProtocolClient (GrpcServerProtocolClient.java:<init>(65)) - Build channel for 7fe801a6-aabd-4c1e-b418-af74b08e6351
2023-12-19 18:18:06,888 [grpc-default-executor-1] INFO  server.RaftServer$Division (RaftServerImpl.java:requestVote(1377)) - a90b24a4-d9f8-4f3b-8812-3b02ea4f687f@group-9FFAAA1D27BF: receive requestVote(ELECTION, c27b4a8c-9932-4b8f-bf34-353c967d0ecc, group-9FFAAA1D27BF, 1, (t:0, i:0))
2023-12-19 18:18:06,888 [grpc-default-executor-4] INFO  server.RaftServer$Division (RaftServerImpl.java:requestVote(1377)) - 93d2edcd-6a6f-4cb3-ab2d-c0ab5a0bb6d7@group-5317640DA993: receive requestVote(ELECTION, cc2d5096-cbf7-4b7f-9694-9910b4c75033, group-5317640DA993, 1, (t:0, i:0))
2023-12-19 18:18:06,889 [grpc-default-executor-1] INFO  impl.VoteContext (VoteContext.java:log(49)) - a90b24a4-d9f8-4f3b-8812-3b02ea4f687f@group-9FFAAA1D27BF-FOLLOWER: accept ELECTION from c27b4a8c-9932-4b8f-bf34-353c967d0ecc: our priority 0 <= candidate's priority 1
2023-12-19 18:18:06,889 [grpc-default-executor-4] INFO  impl.VoteContext (VoteContext.java:log(49)) - 93d2edcd-6a6f-4cb3-ab2d-c0ab5a0bb6d7@group-5317640DA993-FOLLOWER: accept ELECTION from cc2d5096-cbf7-4b7f-9694-9910b4c75033: our priority 0 <= candidate's priority 1
2023-12-19 18:18:06,889 [grpc-default-executor-0] INFO  server.RaftServer$Division (RaftServerImpl.java:requestVote(1377)) - 7fe801a6-aabd-4c1e-b418-af74b08e6351@group-9FFAAA1D27BF: receive requestVote(ELECTION, c27b4a8c-9932-4b8f-bf34-353c967d0ecc, group-9FFAAA1D27BF, 1, (t:0, i:0))
2023-12-19 18:18:06,889 [grpc-default-executor-4] INFO  server.RaftServer$Division (RaftServerImpl.java:setRole(379)) - 93d2edcd-6a6f-4cb3-ab2d-c0ab5a0bb6d7@group-5317640DA993: changes role from  FOLLOWER to FOLLOWER at term 1 for candidate:cc2d5096-cbf7-4b7f-9694-9910b4c75033
2023-12-19 18:18:06,889 [grpc-default-executor-0] INFO  impl.VoteContext (VoteContext.java:log(49)) - 7fe801a6-aabd-4c1e-b418-af74b08e6351@group-9FFAAA1D27BF-FOLLOWER: accept ELECTION from c27b4a8c-9932-4b8f-bf34-353c967d0ecc: our priority 0 <= candidate's priority 1
2023-12-19 18:18:06,889 [grpc-default-executor-0] INFO  server.RaftServer$Division (RaftServerImpl.java:setRole(379)) - 7fe801a6-aabd-4c1e-b418-af74b08e6351@group-9FFAAA1D27BF: changes role from  FOLLOWER to FOLLOWER at term 1 for candidate:c27b4a8c-9932-4b8f-bf34-353c967d0ecc
2023-12-19 18:18:06,889 [grpc-default-executor-0] INFO  impl.RoleInfo (RoleInfo.java:shutdownFollowerState(110)) - 7fe801a6-aabd-4c1e-b418-af74b08e6351: shutdown 7fe801a6-aabd-4c1e-b418-af74b08e6351@group-9FFAAA1D27BF-FollowerState
2023-12-19 18:18:06,889 [grpc-default-executor-0] INFO  impl.RoleInfo (RoleInfo.java:updateAndGet(139)) - 7fe801a6-aabd-4c1e-b418-af74b08e6351: start 7fe801a6-aabd-4c1e-b418-af74b08e6351@group-9FFAAA1D27BF-FollowerState
2023-12-19 18:18:06,890 [grpc-default-executor-3] INFO  server.RaftServer$Division (RaftServerImpl.java:requestVote(1377)) - 8a9232c4-f36b-4377-b9ad-83954010d1e2@group-5317640DA993: receive requestVote(ELECTION, cc2d5096-cbf7-4b7f-9694-9910b4c75033, group-5317640DA993, 1, (t:0, i:0))
2023-12-19 18:18:06,890 [grpc-default-executor-3] INFO  impl.VoteContext (VoteContext.java:log(49)) - 8a9232c4-f36b-4377-b9ad-83954010d1e2@group-5317640DA993-FOLLOWER: accept ELECTION from cc2d5096-cbf7-4b7f-9694-9910b4c75033: our priority 0 <= candidate's priority 1
2023-12-19 18:18:06,890 [grpc-default-executor-3] INFO  server.RaftServer$Division (RaftServerImpl.java:setRole(379)) - 8a9232c4-f36b-4377-b9ad-83954010d1e2@group-5317640DA993: changes role from  FOLLOWER to FOLLOWER at term 1 for candidate:cc2d5096-cbf7-4b7f-9694-9910b4c75033
2023-12-19 18:18:06,890 [grpc-default-executor-3] INFO  impl.RoleInfo (RoleInfo.java:shutdownFollowerState(110)) - 8a9232c4-f36b-4377-b9ad-83954010d1e2: shutdown 8a9232c4-f36b-4377-b9ad-83954010d1e2@group-5317640DA993-FollowerState
2023-12-19 18:18:06,890 [grpc-default-executor-3] INFO  impl.RoleInfo (RoleInfo.java:updateAndGet(139)) - 8a9232c4-f36b-4377-b9ad-83954010d1e2: start 8a9232c4-f36b-4377-b9ad-83954010d1e2@group-5317640DA993-FollowerState
2023-12-19 18:18:06,890 [8a9232c4-f36b-4377-b9ad-83954010d1e2@group-5317640DA993-FollowerState] INFO  impl.FollowerState (FollowerState.java:run(152)) - 8a9232c4-f36b-4377-b9ad-83954010d1e2@group-5317640DA993-FollowerState was interrupted
2023-12-19 18:18:06,890 [grpc-default-executor-0] INFO  server.RaftServer$Division (RaftServerImpl.java:requestVote(1410)) - 7fe801a6-aabd-4c1e-b418-af74b08e6351@group-9FFAAA1D27BF replies to ELECTION vote request: c27b4a8c-9932-4b8f-bf34-353c967d0ecc<-7fe801a6-aabd-4c1e-b418-af74b08e6351#0:OK-t1. Peer's state: 7fe801a6-aabd-4c1e-b418-af74b08e6351@group-9FFAAA1D27BF:t1, leader=null, voted=c27b4a8c-9932-4b8f-bf34-353c967d0ecc, raftlog=Memoized:7fe801a6-aabd-4c1e-b418-af74b08e6351@group-9FFAAA1D27BF-SegmentedRaftLog:OPENED:c-1, conf=-1: peers:[c27b4a8c-9932-4b8f-bf34-353c967d0ecc|10.1.0.19:15113, a90b24a4-d9f8-4f3b-8812-3b02ea4f687f|10.1.0.19:15104, 7fe801a6-aabd-4c1e-b418-af74b08e6351|10.1.0.19:15095]|listeners:[], old=null
2023-12-19 18:18:06,889 [grpc-default-executor-1] INFO  server.RaftServer$Division (RaftServerImpl.java:setRole(379)) - a90b24a4-d9f8-4f3b-8812-3b02ea4f687f@group-9FFAAA1D27BF: changes role from  FOLLOWER to FOLLOWER at term 1 for candidate:c27b4a8c-9932-4b8f-bf34-353c967d0ecc
2023-12-19 18:18:06,891 [grpc-default-executor-1] INFO  impl.RoleInfo (RoleInfo.java:shutdownFollowerState(110)) - a90b24a4-d9f8-4f3b-8812-3b02ea4f687f: shutdown a90b24a4-d9f8-4f3b-8812-3b02ea4f687f@group-9FFAAA1D27BF-FollowerState
2023-12-19 18:18:06,889 [7fe801a6-aabd-4c1e-b418-af74b08e6351@group-9FFAAA1D27BF-FollowerState] INFO  impl.FollowerState (FollowerState.java:run(152)) - 7fe801a6-aabd-4c1e-b418-af74b08e6351@group-9FFAAA1D27BF-FollowerState was interrupted
2023-12-19 18:18:06,889 [grpc-default-executor-4] INFO  impl.RoleInfo (RoleInfo.java:shutdownFollowerState(110)) - 93d2edcd-6a6f-4cb3-ab2d-c0ab5a0bb6d7: shutdown 93d2edcd-6a6f-4cb3-ab2d-c0ab5a0bb6d7@group-5317640DA993-FollowerState
2023-12-19 18:18:06,891 [grpc-default-executor-4] INFO  impl.RoleInfo (RoleInfo.java:updateAndGet(139)) - 93d2edcd-6a6f-4cb3-ab2d-c0ab5a0bb6d7: start 93d2edcd-6a6f-4cb3-ab2d-c0ab5a0bb6d7@group-5317640DA993-FollowerState
2023-12-19 18:18:06,891 [93d2edcd-6a6f-4cb3-ab2d-c0ab5a0bb6d7@group-5317640DA993-FollowerState] INFO  impl.FollowerState (FollowerState.java:run(152)) - 93d2edcd-6a6f-4cb3-ab2d-c0ab5a0bb6d7@group-5317640DA993-FollowerState was interrupted
2023-12-19 18:18:06,892 [grpc-default-executor-4] INFO  server.RaftServer$Division (RaftServerImpl.java:setFirstElection(564)) - 93d2edcd-6a6f-4cb3-ab2d-c0ab5a0bb6d7@group-5317640DA993: set firstElectionSinceStartup to false for candidate:cc2d5096-cbf7-4b7f-9694-9910b4c75033
2023-12-19 18:18:06,892 [grpc-default-executor-1] INFO  impl.RoleInfo (RoleInfo.java:updateAndGet(139)) - a90b24a4-d9f8-4f3b-8812-3b02ea4f687f: start a90b24a4-d9f8-4f3b-8812-3b02ea4f687f@group-9FFAAA1D27BF-FollowerState
2023-12-19 18:18:06,892 [a90b24a4-d9f8-4f3b-8812-3b02ea4f687f@group-9FFAAA1D27BF-FollowerState] INFO  impl.FollowerState (FollowerState.java:run(152)) - a90b24a4-d9f8-4f3b-8812-3b02ea4f687f@group-9FFAAA1D27BF-FollowerState was interrupted
2023-12-19 18:18:06,892 [grpc-default-executor-4] INFO  server.RaftServer$Division (RaftServerImpl.java:requestVote(1410)) - 93d2edcd-6a6f-4cb3-ab2d-c0ab5a0bb6d7@group-5317640DA993 replies to ELECTION vote request: cc2d5096-cbf7-4b7f-9694-9910b4c75033<-93d2edcd-6a6f-4cb3-ab2d-c0ab5a0bb6d7#0:OK-t1. Peer's state: 93d2edcd-6a6f-4cb3-ab2d-c0ab5a0bb6d7@group-5317640DA993:t1, leader=null, voted=cc2d5096-cbf7-4b7f-9694-9910b4c75033, raftlog=Memoized:93d2edcd-6a6f-4cb3-ab2d-c0ab5a0bb6d7@group-5317640DA993-SegmentedRaftLog:OPENED:c-1, conf=-1: peers:[93d2edcd-6a6f-4cb3-ab2d-c0ab5a0bb6d7|10.1.0.19:15077, 8a9232c4-f36b-4377-b9ad-83954010d1e2|10.1.0.19:15086, cc2d5096-cbf7-4b7f-9694-9910b4c75033|10.1.0.19:15068]|listeners:[], old=null
2023-12-19 18:18:06,893 [c27b4a8c-9932-4b8f-bf34-353c967d0ecc@group-9FFAAA1D27BF-LeaderElection26] INFO  impl.LeaderElection (LeaderElection.java:logAndReturn(89)) - c27b4a8c-9932-4b8f-bf34-353c967d0ecc@group-9FFAAA1D27BF-LeaderElection26: ELECTION PASSED received 1 response(s) and 0 exception(s):
2023-12-19 18:18:06,893 [grpc-default-executor-3] INFO  server.RaftServer$Division (RaftServerImpl.java:requestVote(1410)) - 8a9232c4-f36b-4377-b9ad-83954010d1e2@group-5317640DA993 replies to ELECTION vote request: cc2d5096-cbf7-4b7f-9694-9910b4c75033<-8a9232c4-f36b-4377-b9ad-83954010d1e2#0:OK-t1. Peer's state: 8a9232c4-f36b-4377-b9ad-83954010d1e2@group-5317640DA993:t1, leader=null, voted=cc2d5096-cbf7-4b7f-9694-9910b4c75033, raftlog=Memoized:8a9232c4-f36b-4377-b9ad-83954010d1e2@group-5317640DA993-SegmentedRaftLog:OPENED:c-1, conf=-1: peers:[93d2edcd-6a6f-4cb3-ab2d-c0ab5a0bb6d7|10.1.0.19:15077, 8a9232c4-f36b-4377-b9ad-83954010d1e2|10.1.0.19:15086, cc2d5096-cbf7-4b7f-9694-9910b4c75033|10.1.0.19:15068]|listeners:[], old=null
2023-12-19 18:18:06,893 [c27b4a8c-9932-4b8f-bf34-353c967d0ecc@group-9FFAAA1D27BF-LeaderElection26] INFO  impl.LeaderElection (LeaderElection.java:logAndReturn(93)) -   Response 0: c27b4a8c-9932-4b8f-bf34-353c967d0ecc<-7fe801a6-aabd-4c1e-b418-af74b08e6351#0:OK-t1
2023-12-19 18:18:06,894 [grpc-default-executor-1] INFO  server.RaftServer$Division (RaftServerImpl.java:setFirstElection(564)) - a90b24a4-d9f8-4f3b-8812-3b02ea4f687f@group-9FFAAA1D27BF: set firstElectionSinceStartup to false for candidate:c27b4a8c-9932-4b8f-bf34-353c967d0ecc
2023-12-19 18:18:06,895 [cc2d5096-cbf7-4b7f-9694-9910b4c75033@group-5317640DA993-LeaderElection27] INFO  impl.LeaderElection (LeaderElection.java:logAndReturn(89)) - cc2d5096-cbf7-4b7f-9694-9910b4c75033@group-5317640DA993-LeaderElection27: ELECTION PASSED received 1 response(s) and 0 exception(s):
2023-12-19 18:18:06,895 [cc2d5096-cbf7-4b7f-9694-9910b4c75033@group-5317640DA993-LeaderElection27] INFO  impl.LeaderElection (LeaderElection.java:logAndReturn(93)) -   Response 0: cc2d5096-cbf7-4b7f-9694-9910b4c75033<-8a9232c4-f36b-4377-b9ad-83954010d1e2#0:OK-t1
2023-12-19 18:18:06,895 [cc2d5096-cbf7-4b7f-9694-9910b4c75033@group-5317640DA993-LeaderElection27] INFO  impl.LeaderElection (LeaderElection.java:askForVotes(325)) - cc2d5096-cbf7-4b7f-9694-9910b4c75033@group-5317640DA993-LeaderElection27 ELECTION round 0: result PASSED
2023-12-19 18:18:06,895 [cc2d5096-cbf7-4b7f-9694-9910b4c75033@group-5317640DA993-LeaderElection27] INFO  impl.RoleInfo (RoleInfo.java:shutdownLeaderElection(130)) - cc2d5096-cbf7-4b7f-9694-9910b4c75033: shutdown cc2d5096-cbf7-4b7f-9694-9910b4c75033@group-5317640DA993-LeaderElection27
2023-12-19 18:18:06,895 [cc2d5096-cbf7-4b7f-9694-9910b4c75033@group-5317640DA993-LeaderElection27] INFO  server.RaftServer$Division (RaftServerImpl.java:setRole(379)) - cc2d5096-cbf7-4b7f-9694-9910b4c75033@group-5317640DA993: changes role from CANDIDATE to LEADER at term 1 for changeToLeader
2023-12-19 18:18:06,895 [cc2d5096-cbf7-4b7f-9694-9910b4c75033@group-5317640DA993-LeaderElection27] INFO  server.RaftServerConfigKeys (ConfUtils.java:logGet(46)) - raft.server.staging.catchup.gap = 1000 (default)
2023-12-19 18:18:06,896 [grpc-default-executor-1] INFO  server.RaftServer$Division (RaftServerImpl.java:requestVote(1410)) - a90b24a4-d9f8-4f3b-8812-3b02ea4f687f@group-9FFAAA1D27BF replies to ELECTION vote request: c27b4a8c-9932-4b8f-bf34-353c967d0ecc<-a90b24a4-d9f8-4f3b-8812-3b02ea4f687f#0:OK-t1. Peer's state: a90b24a4-d9f8-4f3b-8812-3b02ea4f687f@group-9FFAAA1D27BF:t1, leader=null, voted=c27b4a8c-9932-4b8f-bf34-353c967d0ecc, raftlog=Memoized:a90b24a4-d9f8-4f3b-8812-3b02ea4f687f@group-9FFAAA1D27BF-SegmentedRaftLog:OPENED:c-1, conf=-1: peers:[c27b4a8c-9932-4b8f-bf34-353c967d0ecc|10.1.0.19:15113, a90b24a4-d9f8-4f3b-8812-3b02ea4f687f|10.1.0.19:15104, 7fe801a6-aabd-4c1e-b418-af74b08e6351|10.1.0.19:15095]|listeners:[], old=null
2023-12-19 18:18:06,897 [cc2d5096-cbf7-4b7f-9694-9910b4c75033@group-5317640DA993-LeaderElection27] INFO  server.RaftServerConfigKeys (ConfUtils.java:logGet(46)) - raft.server.write.element-limit = 1024 (custom)
2023-12-19 18:18:06,897 [cc2d5096-cbf7-4b7f-9694-9910b4c75033@group-5317640DA993-LeaderElection27] INFO  server.RaftServerConfigKeys (ConfUtils.java:logGet(46)) - raft.server.write.byte-limit = 1024 M (=1073741824) (custom)
2023-12-19 18:18:06,897 [cc2d5096-cbf7-4b7f-9694-9910b4c75033@group-5317640DA993-LeaderElection27] INFO  server.RaftServerConfigKeys (ConfUtils.java:logGet(46)) - raft.server.watch.timeout = 180s (custom)
2023-12-19 18:18:06,897 [cc2d5096-cbf7-4b7f-9694-9910b4c75033@group-5317640DA993-LeaderElection27] INFO  server.RaftServerConfigKeys (ConfUtils.java:logGet(46)) - raft.server.watch.timeout.denomination = 1s (default)
2023-12-19 18:18:06,897 [cc2d5096-cbf7-4b7f-9694-9910b4c75033@group-5317640DA993-LeaderElection27] INFO  server.RaftServerConfigKeys (ConfUtils.java:logGet(46)) - raft.server.watch.element-limit = 65536 (default)
2023-12-19 18:18:06,897 [cc2d5096-cbf7-4b7f-9694-9910b4c75033@group-5317640DA993-LeaderElection27] INFO  server.RaftServerConfigKeys (ConfUtils.java:logGet(46)) - raft.server.read.leader.lease.enabled = false (default)
2023-12-19 18:18:06,897 [cc2d5096-cbf7-4b7f-9694-9910b4c75033@group-5317640DA993-LeaderElection27] INFO  server.RaftServerConfigKeys (ConfUtils.java:logGet(46)) - raft.server.read.leader.lease.timeout.ratio = 0.9 (default)
2023-12-19 18:18:06,897 [cc2d5096-cbf7-4b7f-9694-9910b4c75033@group-5317640DA993-LeaderElection27] INFO  server.RaftServerConfigKeys (ConfUtils.java:logGet(46)) - raft.server.rpc.timeout.min = 5s (custom)
2023-12-19 18:18:06,897 [cc2d5096-cbf7-4b7f-9694-9910b4c75033@group-5317640DA993-LeaderElection27] INFO  server.RaftServerConfigKeys (ConfUtils.java:logGet(46)) - raft.server.write.element-limit = 1024 (custom)
2023-12-19 18:18:06,897 [cc2d5096-cbf7-4b7f-9694-9910b4c75033@group-5317640DA993-LeaderElection27] INFO  server.RaftServerConfigKeys (ConfUtils.java:logGet(46)) - raft.server.write.follower.gap.ratio.max = -1.0 (default)
2023-12-19 18:18:06,898 [96747d66-d354-4c6c-881c-c96368b263cb@group-D1E2C38A56FF-FollowerState] INFO  impl.FollowerState (FollowerState.java:run(143)) - 96747d66-d354-4c6c-881c-c96368b263cb@group-D1E2C38A56FF-FollowerState: change to CANDIDATE, lastRpcElapsedTime:5081039916ns, electionTimeout:5069ms
2023-12-19 18:18:06,898 [96747d66-d354-4c6c-881c-c96368b263cb@group-D1E2C38A56FF-FollowerState] INFO  impl.RoleInfo (RoleInfo.java:shutdownFollowerState(110)) - 96747d66-d354-4c6c-881c-c96368b263cb: shutdown 96747d66-d354-4c6c-881c-c96368b263cb@group-D1E2C38A56FF-FollowerState
2023-12-19 18:18:06,898 [96747d66-d354-4c6c-881c-c96368b263cb@group-D1E2C38A56FF-FollowerState] INFO  server.RaftServer$Division (RaftServerImpl.java:setRole(379)) - 96747d66-d354-4c6c-881c-c96368b263cb@group-D1E2C38A56FF: changes role from  FOLLOWER to CANDIDATE at term 0 for changeToCandidate
2023-12-19 18:18:06,898 [cc2d5096-cbf7-4b7f-9694-9910b4c75033@group-5317640DA993-LeaderElection27] INFO  server.RaftServerConfigKeys (ConfUtils.java:logGet(46)) - raft.server.log.appender.snapshot.chunk.size.max = 16MB (=16777216) (default)
2023-12-19 18:18:06,898 [cc2d5096-cbf7-4b7f-9694-9910b4c75033@group-5317640DA993-LeaderElection27] INFO  server.RaftServerConfigKeys (ConfUtils.java:logGet(46)) - raft.server.log.appender.buffer.byte-limit = 8388608 (custom)
2023-12-19 18:18:06,898 [cc2d5096-cbf7-4b7f-9694-9910b4c75033@group-5317640DA993-LeaderElection27] INFO  server.RaftServerConfigKeys (ConfUtils.java:logGet(46)) - raft.server.log.appender.buffer.element-limit = 1 (custom)
2023-12-19 18:18:06,900 [c27b4a8c-9932-4b8f-bf34-353c967d0ecc@group-9FFAAA1D27BF-LeaderElection26] INFO  impl.LeaderElection (LeaderElection.java:askForVotes(325)) - c27b4a8c-9932-4b8f-bf34-353c967d0ecc@group-9FFAAA1D27BF-LeaderElection26 ELECTION round 0: result PASSED
2023-12-19 18:18:06,900 [c27b4a8c-9932-4b8f-bf34-353c967d0ecc@group-9FFAAA1D27BF-LeaderElection26] INFO  impl.RoleInfo (RoleInfo.java:shutdownLeaderElection(130)) - c27b4a8c-9932-4b8f-bf34-353c967d0ecc: shutdown c27b4a8c-9932-4b8f-bf34-353c967d0ecc@group-9FFAAA1D27BF-LeaderElection26
2023-12-19 18:18:06,904 [c27b4a8c-9932-4b8f-bf34-353c967d0ecc@group-9FFAAA1D27BF-LeaderElection26] INFO  server.RaftServer$Division (RaftServerImpl.java:setRole(379)) - c27b4a8c-9932-4b8f-bf34-353c967d0ecc@group-9FFAAA1D27BF: changes role from CANDIDATE to LEADER at term 1 for changeToLeader
2023-12-19 18:18:06,904 [c27b4a8c-9932-4b8f-bf34-353c967d0ecc@group-9FFAAA1D27BF-LeaderElection26] INFO  server.RaftServerConfigKeys (ConfUtils.java:logGet(46)) - raft.server.staging.catchup.gap = 1000 (default)
2023-12-19 18:18:06,905 [c27b4a8c-9932-4b8f-bf34-353c967d0ecc@group-9FFAAA1D27BF-LeaderElection26] INFO  server.RaftServerConfigKeys (ConfUtils.java:logGet(46)) - raft.server.write.element-limit = 1024 (custom)
2023-12-19 18:18:06,905 [c27b4a8c-9932-4b8f-bf34-353c967d0ecc@group-9FFAAA1D27BF-LeaderElection26] INFO  server.RaftServerConfigKeys (ConfUtils.java:logGet(46)) - raft.server.write.byte-limit = 1024 M (=1073741824) (custom)
2023-12-19 18:18:06,905 [c27b4a8c-9932-4b8f-bf34-353c967d0ecc@group-9FFAAA1D27BF-LeaderElection26] INFO  server.RaftServerConfigKeys (ConfUtils.java:logGet(46)) - raft.server.watch.timeout = 180s (custom)
2023-12-19 18:18:06,905 [c27b4a8c-9932-4b8f-bf34-353c967d0ecc@group-9FFAAA1D27BF-LeaderElection26] INFO  server.RaftServerConfigKeys (ConfUtils.java:logGet(46)) - raft.server.watch.timeout.denomination = 1s (default)
2023-12-19 18:18:06,905 [c27b4a8c-9932-4b8f-bf34-353c967d0ecc@group-9FFAAA1D27BF-LeaderElection26] INFO  server.RaftServerConfigKeys (ConfUtils.java:logGet(46)) - raft.server.watch.element-limit = 65536 (default)
2023-12-19 18:18:06,904 [96747d66-d354-4c6c-881c-c96368b263cb@group-D1E2C38A56FF-FollowerState] INFO  server.RaftServerConfigKeys (ConfUtils.java:logGet(46)) - raft.server.leaderelection.pre-vote = true (default)
2023-12-19 18:18:06,905 [96747d66-d354-4c6c-881c-c96368b263cb@group-D1E2C38A56FF-FollowerState] INFO  impl.RoleInfo (RoleInfo.java:updateAndGet(139)) - 96747d66-d354-4c6c-881c-c96368b263cb: start 96747d66-d354-4c6c-881c-c96368b263cb@group-D1E2C38A56FF-LeaderElection29
2023-12-19 18:18:06,904 [cc2d5096-cbf7-4b7f-9694-9910b4c75033@group-5317640DA993-LeaderElection27] INFO  server.RaftServerConfigKeys (ConfUtils.java:logGet(46)) - raft.server.log.appender.wait-time.min = 0μs (custom)
2023-12-19 18:18:06,905 [cc2d5096-cbf7-4b7f-9694-9910b4c75033@group-5317640DA993-LeaderElection27] INFO  grpc.GrpcConfigKeys (ConfUtils.java:logGet(46)) - raft.grpc.server.leader.outstanding.appends.max = 8 (default)
2023-12-19 18:18:06,905 [cc2d5096-cbf7-4b7f-9694-9910b4c75033@group-5317640DA993-LeaderElection27] INFO  server.RaftServerConfigKeys (ConfUtils.java:logGet(46)) - raft.server.rpc.request.timeout = 60s (custom)
2023-12-19 18:18:06,906 [cc2d5096-cbf7-4b7f-9694-9910b4c75033@group-5317640DA993-LeaderElection27] INFO  grpc.GrpcConfigKeys (ConfUtils.java:logGet(46)) - raft.grpc.server.install_snapshot.request.element-limit = 8 (default)
2023-12-19 18:18:06,906 [cc2d5096-cbf7-4b7f-9694-9910b4c75033@group-5317640DA993-LeaderElection27] INFO  grpc.GrpcConfigKeys (ConfUtils.java:logGet(46)) - raft.grpc.server.install_snapshot.request.timeout = 3000ms (default)
2023-12-19 18:18:06,906 [cc2d5096-cbf7-4b7f-9694-9910b4c75033@group-5317640DA993-LeaderElection27] INFO  server.RaftServerConfigKeys (ConfUtils.java:logGet(46)) - raft.server.log.appender.install.snapshot.enabled = false (custom)
2023-12-19 18:18:06,906 [cc2d5096-cbf7-4b7f-9694-9910b4c75033@group-5317640DA993-LeaderElection27] INFO  grpc.GrpcConfigKeys (ConfUtils.java:logGet(46)) - raft.grpc.server.heartbeat.channel = true (default)
2023-12-19 18:18:06,905 [c27b4a8c-9932-4b8f-bf34-353c967d0ecc@group-9FFAAA1D27BF-LeaderElection26] INFO  server.RaftServerConfigKeys (ConfUtils.java:logGet(46)) - raft.server.read.leader.lease.enabled = false (default)
2023-12-19 18:18:06,908 [c27b4a8c-9932-4b8f-bf34-353c967d0ecc@group-9FFAAA1D27BF-LeaderElection26] INFO  server.RaftServerConfigKeys (ConfUtils.java:logGet(46)) - raft.server.read.leader.lease.timeout.ratio = 0.9 (default)
2023-12-19 18:18:06,908 [c27b4a8c-9932-4b8f-bf34-353c967d0ecc@group-9FFAAA1D27BF-LeaderElection26] INFO  server.RaftServerConfigKeys (ConfUtils.java:logGet(46)) - raft.server.rpc.timeout.min = 5s (custom)
2023-12-19 18:18:06,907 [grpc-default-executor-1] INFO  server.RaftServer$Division (RaftServerImpl.java:requestVote(1377)) - c27b4a8c-9932-4b8f-bf34-353c967d0ecc@group-C5B5555F532B: receive requestVote(PRE_VOTE, a90b24a4-d9f8-4f3b-8812-3b02ea4f687f, group-C5B5555F532B, 0, (t:0, i:0))
2023-12-19 18:18:06,908 [c27b4a8c-9932-4b8f-bf34-353c967d0ecc@group-9FFAAA1D27BF-LeaderElection26] INFO  server.RaftServerConfigKeys (ConfUtils.java:logGet(46)) - raft.server.write.element-limit = 1024 (custom)
2023-12-19 18:18:06,908 [c27b4a8c-9932-4b8f-bf34-353c967d0ecc@group-9FFAAA1D27BF-LeaderElection26] INFO  server.RaftServerConfigKeys (ConfUtils.java:logGet(46)) - raft.server.write.follower.gap.ratio.max = -1.0 (default)
2023-12-19 18:18:06,909 [grpc-default-executor-1] INFO  impl.VoteContext (VoteContext.java:log(49)) - c27b4a8c-9932-4b8f-bf34-353c967d0ecc@group-C5B5555F532B-FOLLOWER: accept PRE_VOTE from a90b24a4-d9f8-4f3b-8812-3b02ea4f687f: our priority 0 <= candidate's priority 1
2023-12-19 18:18:06,909 [grpc-default-executor-1] INFO  server.RaftServer$Division (RaftServerImpl.java:requestVote(1410)) - c27b4a8c-9932-4b8f-bf34-353c967d0ecc@group-C5B5555F532B replies to PRE_VOTE vote request: a90b24a4-d9f8-4f3b-8812-3b02ea4f687f<-c27b4a8c-9932-4b8f-bf34-353c967d0ecc#0:OK-t0. Peer's state: c27b4a8c-9932-4b8f-bf34-353c967d0ecc@group-C5B5555F532B:t0, leader=null, voted=, raftlog=Memoized:c27b4a8c-9932-4b8f-bf34-353c967d0ecc@group-C5B5555F532B-SegmentedRaftLog:OPENED:c-1, conf=-1: peers:[c27b4a8c-9932-4b8f-bf34-353c967d0ecc|10.1.0.19:15113, a90b24a4-d9f8-4f3b-8812-3b02ea4f687f|10.1.0.19:15104, 7fe801a6-aabd-4c1e-b418-af74b08e6351|10.1.0.19:15095]|listeners:[], old=null
2023-12-19 18:18:06,909 [a90b24a4-d9f8-4f3b-8812-3b02ea4f687f@group-C5B5555F532B-LeaderElection28] INFO  impl.LeaderElection (LeaderElection.java:logAndReturn(89)) - a90b24a4-d9f8-4f3b-8812-3b02ea4f687f@group-C5B5555F532B-LeaderElection28: PRE_VOTE PASSED received 1 response(s) and 0 exception(s):
2023-12-19 18:18:06,909 [a90b24a4-d9f8-4f3b-8812-3b02ea4f687f@group-C5B5555F532B-LeaderElection28] INFO  impl.LeaderElection (LeaderElection.java:logAndReturn(93)) -   Response 0: a90b24a4-d9f8-4f3b-8812-3b02ea4f687f<-c27b4a8c-9932-4b8f-bf34-353c967d0ecc#0:OK-t0
2023-12-19 18:18:06,910 [a90b24a4-d9f8-4f3b-8812-3b02ea4f687f@group-C5B5555F532B-LeaderElection28] INFO  impl.LeaderElection (LeaderElection.java:askForVotes(325)) - a90b24a4-d9f8-4f3b-8812-3b02ea4f687f@group-C5B5555F532B-LeaderElection28 PRE_VOTE round 0: result PASSED
2023-12-19 18:18:06,911 [c27b4a8c-9932-4b8f-bf34-353c967d0ecc@group-9FFAAA1D27BF-LeaderElection26] INFO  server.RaftServerConfigKeys (ConfUtils.java:logGet(46)) - raft.server.log.appender.snapshot.chunk.size.max = 16MB (=16777216) (default)
2023-12-19 18:18:06,911 [c27b4a8c-9932-4b8f-bf34-353c967d0ecc@group-9FFAAA1D27BF-LeaderElection26] INFO  server.RaftServerConfigKeys (ConfUtils.java:logGet(46)) - raft.server.log.appender.buffer.byte-limit = 8388608 (custom)
2023-12-19 18:18:06,911 [c27b4a8c-9932-4b8f-bf34-353c967d0ecc@group-9FFAAA1D27BF-LeaderElection26] INFO  server.RaftServerConfigKeys (ConfUtils.java:logGet(46)) - raft.server.log.appender.buffer.element-limit = 1 (custom)
2023-12-19 18:18:06,911 [c27b4a8c-9932-4b8f-bf34-353c967d0ecc@group-9FFAAA1D27BF-LeaderElection26] INFO  server.RaftServerConfigKeys (ConfUtils.java:logGet(46)) - raft.server.log.appender.wait-time.min = 0μs (custom)
2023-12-19 18:18:06,911 [c27b4a8c-9932-4b8f-bf34-353c967d0ecc@group-9FFAAA1D27BF-LeaderElection26] INFO  grpc.GrpcConfigKeys (ConfUtils.java:logGet(46)) - raft.grpc.server.leader.outstanding.appends.max = 8 (default)
2023-12-19 18:18:06,911 [c27b4a8c-9932-4b8f-bf34-353c967d0ecc@group-9FFAAA1D27BF-LeaderElection26] INFO  server.RaftServerConfigKeys (ConfUtils.java:logGet(46)) - raft.server.rpc.request.timeout = 60s (custom)
2023-12-19 18:18:06,911 [c27b4a8c-9932-4b8f-bf34-353c967d0ecc@group-9FFAAA1D27BF-LeaderElection26] INFO  grpc.GrpcConfigKeys (ConfUtils.java:logGet(46)) - raft.grpc.server.install_snapshot.request.element-limit = 8 (default)
2023-12-19 18:18:06,911 [c27b4a8c-9932-4b8f-bf34-353c967d0ecc@group-9FFAAA1D27BF-LeaderElection26] INFO  grpc.GrpcConfigKeys (ConfUtils.java:logGet(46)) - raft.grpc.server.install_snapshot.request.timeout = 3000ms (default)
2023-12-19 18:18:06,911 [c27b4a8c-9932-4b8f-bf34-353c967d0ecc@group-9FFAAA1D27BF-LeaderElection26] INFO  server.RaftServerConfigKeys (ConfUtils.java:logGet(46)) - raft.server.log.appender.install.snapshot.enabled = false (custom)
2023-12-19 18:18:06,911 [c27b4a8c-9932-4b8f-bf34-353c967d0ecc@group-9FFAAA1D27BF-LeaderElection26] INFO  grpc.GrpcConfigKeys (ConfUtils.java:logGet(46)) - raft.grpc.server.heartbeat.channel = true (default)
2023-12-19 18:18:06,911 [a90b24a4-d9f8-4f3b-8812-3b02ea4f687f@group-C5B5555F532B-LeaderElection28] INFO  impl.LeaderElection (LeaderElection.java:askForVotes(323)) - a90b24a4-d9f8-4f3b-8812-3b02ea4f687f@group-C5B5555F532B-LeaderElection28 ELECTION round 0: submit vote requests at term 1 for -1: peers:[c27b4a8c-9932-4b8f-bf34-353c967d0ecc|10.1.0.19:15113, a90b24a4-d9f8-4f3b-8812-3b02ea4f687f|10.1.0.19:15104, 7fe801a6-aabd-4c1e-b418-af74b08e6351|10.1.0.19:15095]|listeners:[], old=null
2023-12-19 18:18:06,913 [cc2d5096-cbf7-4b7f-9694-9910b4c75033@group-5317640DA993-LeaderElection27] INFO  server.RaftServerConfigKeys (ConfUtils.java:logGet(46)) - raft.server.log.appender.snapshot.chunk.size.max = 16MB (=16777216) (default)
2023-12-19 18:18:06,913 [cc2d5096-cbf7-4b7f-9694-9910b4c75033@group-5317640DA993-LeaderElection27] INFO  server.RaftServerConfigKeys (ConfUtils.java:logGet(46)) - raft.server.log.appender.buffer.byte-limit = 8388608 (custom)
2023-12-19 18:18:06,913 [cc2d5096-cbf7-4b7f-9694-9910b4c75033@group-5317640DA993-LeaderElection27] INFO  server.RaftServerConfigKeys (ConfUtils.java:logGet(46)) - raft.server.log.appender.buffer.element-limit = 1 (custom)
2023-12-19 18:18:06,914 [c27b4a8c-9932-4b8f-bf34-353c967d0ecc@group-9FFAAA1D27BF-LeaderElection26] INFO  server.RaftServerConfigKeys (ConfUtils.java:logGet(46)) - raft.server.log.appender.snapshot.chunk.size.max = 16MB (=16777216) (default)
2023-12-19 18:18:06,914 [c27b4a8c-9932-4b8f-bf34-353c967d0ecc@group-9FFAAA1D27BF-LeaderElection26] INFO  server.RaftServerConfigKeys (ConfUtils.java:logGet(46)) - raft.server.log.appender.buffer.byte-limit = 8388608 (custom)
2023-12-19 18:18:06,914 [c27b4a8c-9932-4b8f-bf34-353c967d0ecc@group-9FFAAA1D27BF-LeaderElection26] INFO  server.RaftServerConfigKeys (ConfUtils.java:logGet(46)) - raft.server.log.appender.buffer.element-limit = 1 (custom)
2023-12-19 18:18:06,916 [a90b24a4-d9f8-4f3b-8812-3b02ea4f687f@group-C5B5555F532B-LeaderElection28] INFO  server.RaftServerConfigKeys (ConfUtils.java:logFallback(53)) - raft.server.rpc.first-election.timeout.min = 5s (fallback to raft.server.rpc.timeout.min)
2023-12-19 18:18:06,917 [a90b24a4-d9f8-4f3b-8812-3b02ea4f687f@group-C5B5555F532B-LeaderElection28] INFO  server.RaftServerConfigKeys (ConfUtils.java:logFallback(53)) - raft.server.rpc.first-election.timeout.max = 5200ms (fallback to raft.server.rpc.timeout.max)
2023-12-19 18:18:06,919 [96747d66-d354-4c6c-881c-c96368b263cb@group-D1E2C38A56FF-LeaderElection29] INFO  impl.LeaderElection (LeaderElection.java:askForVotes(323)) - 96747d66-d354-4c6c-881c-c96368b263cb@group-D1E2C38A56FF-LeaderElection29 PRE_VOTE round 0: submit vote requests at term 0 for -1: peers:[96747d66-d354-4c6c-881c-c96368b263cb|10.1.0.19:15131]|listeners:[], old=null
2023-12-19 18:18:06,919 [96747d66-d354-4c6c-881c-c96368b263cb@group-D1E2C38A56FF-LeaderElection29] INFO  impl.LeaderElection (LeaderElection.java:askForVotes(325)) - 96747d66-d354-4c6c-881c-c96368b263cb@group-D1E2C38A56FF-LeaderElection29 PRE_VOTE round 0: result PASSED (term=0)
2023-12-19 18:18:06,920 [c27b4a8c-9932-4b8f-bf34-353c967d0ecc@group-9FFAAA1D27BF-LeaderElection26] INFO  server.RaftServerConfigKeys (ConfUtils.java:logGet(46)) - raft.server.log.appender.wait-time.min = 0μs (custom)
2023-12-19 18:18:06,920 [cc2d5096-cbf7-4b7f-9694-9910b4c75033@group-5317640DA993-LeaderElection27] INFO  server.RaftServerConfigKeys (ConfUtils.java:logGet(46)) - raft.server.log.appender.wait-time.min = 0μs (custom)
2023-12-19 18:18:06,920 [c27b4a8c-9932-4b8f-bf34-353c967d0ecc@group-9FFAAA1D27BF-LeaderElection26] INFO  grpc.GrpcConfigKeys (ConfUtils.java:logGet(46)) - raft.grpc.server.leader.outstanding.appends.max = 8 (default)
2023-12-19 18:18:06,920 [cc2d5096-cbf7-4b7f-9694-9910b4c75033@group-5317640DA993-LeaderElection27] INFO  grpc.GrpcConfigKeys (ConfUtils.java:logGet(46)) - raft.grpc.server.leader.outstanding.appends.max = 8 (default)
2023-12-19 18:18:06,920 [c27b4a8c-9932-4b8f-bf34-353c967d0ecc@group-9FFAAA1D27BF-LeaderElection26] INFO  server.RaftServerConfigKeys (ConfUtils.java:logGet(46)) - raft.server.rpc.request.timeout = 60s (custom)
2023-12-19 18:18:06,920 [grpc-default-executor-3] INFO  server.RaftServer$Division (RaftServerImpl.java:requestVote(1377)) - c27b4a8c-9932-4b8f-bf34-353c967d0ecc@group-C5B5555F532B: receive requestVote(ELECTION, a90b24a4-d9f8-4f3b-8812-3b02ea4f687f, group-C5B5555F532B, 1, (t:0, i:0))
2023-12-19 18:18:06,920 [cc2d5096-cbf7-4b7f-9694-9910b4c75033@group-5317640DA993-LeaderElection27] INFO  server.RaftServerConfigKeys (ConfUtils.java:logGet(46)) - raft.server.rpc.request.timeout = 60s (custom)
2023-12-19 18:18:06,920 [cc2d5096-cbf7-4b7f-9694-9910b4c75033@group-5317640DA993-LeaderElection27] INFO  grpc.GrpcConfigKeys (ConfUtils.java:logGet(46)) - raft.grpc.server.install_snapshot.request.element-limit = 8 (default)
2023-12-19 18:18:06,920 [cc2d5096-cbf7-4b7f-9694-9910b4c75033@group-5317640DA993-LeaderElection27] INFO  grpc.GrpcConfigKeys (ConfUtils.java:logGet(46)) - raft.grpc.server.install_snapshot.request.timeout = 3000ms (default)
2023-12-19 18:18:06,920 [cc2d5096-cbf7-4b7f-9694-9910b4c75033@group-5317640DA993-LeaderElection27] INFO  server.RaftServerConfigKeys (ConfUtils.java:logGet(46)) - raft.server.log.appender.install.snapshot.enabled = false (custom)
2023-12-19 18:18:06,920 [cc2d5096-cbf7-4b7f-9694-9910b4c75033@group-5317640DA993-LeaderElection27] INFO  grpc.GrpcConfigKeys (ConfUtils.java:logGet(46)) - raft.grpc.server.heartbeat.channel = true (default)
2023-12-19 18:18:06,920 [c27b4a8c-9932-4b8f-bf34-353c967d0ecc@group-9FFAAA1D27BF-LeaderElection26] INFO  grpc.GrpcConfigKeys (ConfUtils.java:logGet(46)) - raft.grpc.server.install_snapshot.request.element-limit = 8 (default)
2023-12-19 18:18:06,920 [c27b4a8c-9932-4b8f-bf34-353c967d0ecc@group-9FFAAA1D27BF-LeaderElection26] INFO  grpc.GrpcConfigKeys (ConfUtils.java:logGet(46)) - raft.grpc.server.install_snapshot.request.timeout = 3000ms (default)
2023-12-19 18:18:06,921 [cc2d5096-cbf7-4b7f-9694-9910b4c75033@group-5317640DA993-LeaderElection27] INFO  impl.RoleInfo (RoleInfo.java:updateAndGet(139)) - cc2d5096-cbf7-4b7f-9694-9910b4c75033: start cc2d5096-cbf7-4b7f-9694-9910b4c75033@group-5317640DA993-LeaderStateImpl
2023-12-19 18:18:06,921 [cc2d5096-cbf7-4b7f-9694-9910b4c75033@group-5317640DA993-LeaderElection27] INFO  server.RaftServer$Division (RaftServerImpl.java:setFirstElection(564)) - cc2d5096-cbf7-4b7f-9694-9910b4c75033@group-5317640DA993: set firstElectionSinceStartup to false for becomeLeader
2023-12-19 18:18:06,921 [cc2d5096-cbf7-4b7f-9694-9910b4c75033@group-5317640DA993-LeaderElection27] INFO  ratis.XceiverServerRatis (XceiverServerRatis.java:handleLeaderChangedNotification(935)) - Leader change notification received for group: group-5317640DA993 with new leaderId: cc2d5096-cbf7-4b7f-9694-9910b4c75033
2023-12-19 18:18:06,921 [7fe801a6-aabd-4c1e-b418-af74b08e6351@group-C5B5555F532B-FollowerState] INFO  impl.FollowerState (FollowerState.java:run(143)) - 7fe801a6-aabd-4c1e-b418-af74b08e6351@group-C5B5555F532B-FollowerState: change to CANDIDATE, lastRpcElapsedTime:5114015723ns, electionTimeout:5112ms
2023-12-19 18:18:06,921 [7fe801a6-aabd-4c1e-b418-af74b08e6351@group-C5B5555F532B-FollowerState] INFO  impl.RoleInfo (RoleInfo.java:shutdownFollowerState(110)) - 7fe801a6-aabd-4c1e-b418-af74b08e6351: shutdown 7fe801a6-aabd-4c1e-b418-af74b08e6351@group-C5B5555F532B-FollowerState
2023-12-19 18:18:06,921 [7fe801a6-aabd-4c1e-b418-af74b08e6351@group-C5B5555F532B-FollowerState] INFO  server.RaftServer$Division (RaftServerImpl.java:setRole(379)) - 7fe801a6-aabd-4c1e-b418-af74b08e6351@group-C5B5555F532B: changes role from  FOLLOWER to CANDIDATE at term 0 for changeToCandidate
2023-12-19 18:18:06,921 [cc2d5096-cbf7-4b7f-9694-9910b4c75033@group-5317640DA993-LeaderElection27] INFO  server.RaftServer$Division (ServerState.java:setLeader(265)) - cc2d5096-cbf7-4b7f-9694-9910b4c75033@group-5317640DA993: change Leader from null to cc2d5096-cbf7-4b7f-9694-9910b4c75033 at term 1 for becomeLeader, leader elected after 5358ms
2023-12-19 18:18:06,921 [c27b4a8c-9932-4b8f-bf34-353c967d0ecc@group-9FFAAA1D27BF-LeaderElection26] INFO  server.RaftServerConfigKeys (ConfUtils.java:logGet(46)) - raft.server.log.appender.install.snapshot.enabled = false (custom)
2023-12-19 18:18:06,921 [c27b4a8c-9932-4b8f-bf34-353c967d0ecc@group-9FFAAA1D27BF-LeaderElection26] INFO  grpc.GrpcConfigKeys (ConfUtils.java:logGet(46)) - raft.grpc.server.heartbeat.channel = true (default)
2023-12-19 18:18:06,921 [cc2d5096-cbf7-4b7f-9694-9910b4c75033@group-5317640DA993-LeaderElection27] INFO  segmented.SegmentedRaftLogWorker (SegmentedRaftLogWorker.java:startLogSegment(428)) - cc2d5096-cbf7-4b7f-9694-9910b4c75033@group-5317640DA993-SegmentedRaftLogWorker: Starting segment from index:0
2023-12-19 18:18:06,921 [c27b4a8c-9932-4b8f-bf34-353c967d0ecc@group-9FFAAA1D27BF-LeaderElection26] INFO  impl.RoleInfo (RoleInfo.java:updateAndGet(139)) - c27b4a8c-9932-4b8f-bf34-353c967d0ecc: start c27b4a8c-9932-4b8f-bf34-353c967d0ecc@group-9FFAAA1D27BF-LeaderStateImpl
2023-12-19 18:18:06,921 [c27b4a8c-9932-4b8f-bf34-353c967d0ecc@group-9FFAAA1D27BF-LeaderElection26] INFO  server.RaftServer$Division (RaftServerImpl.java:setFirstElection(564)) - c27b4a8c-9932-4b8f-bf34-353c967d0ecc@group-9FFAAA1D27BF: set firstElectionSinceStartup to false for becomeLeader
2023-12-19 18:18:06,921 [cc2d5096-cbf7-4b7f-9694-9910b4c75033@group-5317640DA993-LeaderElection27] INFO  server.RaftServer$Division (ServerState.java:setRaftConf(382)) - cc2d5096-cbf7-4b7f-9694-9910b4c75033@group-5317640DA993: set configuration 0: peers:[93d2edcd-6a6f-4cb3-ab2d-c0ab5a0bb6d7|10.1.0.19:15077, 8a9232c4-f36b-4377-b9ad-83954010d1e2|10.1.0.19:15086, cc2d5096-cbf7-4b7f-9694-9910b4c75033|10.1.0.19:15068]|listeners:[], old=null
2023-12-19 18:18:06,921 [7fe801a6-aabd-4c1e-b418-af74b08e6351@group-C5B5555F532B-FollowerState] INFO  server.RaftServerConfigKeys (ConfUtils.java:logGet(46)) - raft.server.leaderelection.pre-vote = true (default)
2023-12-19 18:18:06,922 [7fe801a6-aabd-4c1e-b418-af74b08e6351@group-C5B5555F532B-FollowerState] INFO  impl.RoleInfo (RoleInfo.java:updateAndGet(139)) - 7fe801a6-aabd-4c1e-b418-af74b08e6351: start 7fe801a6-aabd-4c1e-b418-af74b08e6351@group-C5B5555F532B-LeaderElection30
2023-12-19 18:18:06,921 [c27b4a8c-9932-4b8f-bf34-353c967d0ecc@group-9FFAAA1D27BF-LeaderElection26] INFO  ratis.XceiverServerRatis (XceiverServerRatis.java:handleLeaderChangedNotification(935)) - Leader change notification received for group: group-9FFAAA1D27BF with new leaderId: c27b4a8c-9932-4b8f-bf34-353c967d0ecc
2023-12-19 18:18:06,927 [96747d66-d354-4c6c-881c-c96368b263cb@group-D1E2C38A56FF-LeaderElection29] INFO  impl.LeaderElection (LeaderElection.java:askForVotes(323)) - 96747d66-d354-4c6c-881c-c96368b263cb@group-D1E2C38A56FF-LeaderElection29 ELECTION round 0: submit vote requests at term 1 for -1: peers:[96747d66-d354-4c6c-881c-c96368b263cb|10.1.0.19:15131]|listeners:[], old=null
2023-12-19 18:18:06,927 [EventQueue-PipelineReportForPipelineReportHandler] INFO  pipeline.PipelineReportHandler (PipelineReportHandler.java:processPipelineReport(136)) - Opened pipeline PipelineID=de29617a-44cb-4353-a789-5317640da993
2023-12-19 18:18:06,927 [96747d66-d354-4c6c-881c-c96368b263cb@group-D1E2C38A56FF-LeaderElection29] INFO  impl.LeaderElection (LeaderElection.java:askForVotes(325)) - 96747d66-d354-4c6c-881c-c96368b263cb@group-D1E2C38A56FF-LeaderElection29 ELECTION round 0: result PASSED (term=1)
2023-12-19 18:18:06,927 [96747d66-d354-4c6c-881c-c96368b263cb@group-D1E2C38A56FF-LeaderElection29] INFO  impl.RoleInfo (RoleInfo.java:shutdownLeaderElection(130)) - 96747d66-d354-4c6c-881c-c96368b263cb: shutdown 96747d66-d354-4c6c-881c-c96368b263cb@group-D1E2C38A56FF-LeaderElection29
2023-12-19 18:18:06,927 [96747d66-d354-4c6c-881c-c96368b263cb@group-D1E2C38A56FF-LeaderElection29] INFO  server.RaftServer$Division (RaftServerImpl.java:setRole(379)) - 96747d66-d354-4c6c-881c-c96368b263cb@group-D1E2C38A56FF: changes role from CANDIDATE to LEADER at term 1 for changeToLeader
2023-12-19 18:18:06,927 [96747d66-d354-4c6c-881c-c96368b263cb@group-D1E2C38A56FF-LeaderElection29] INFO  server.RaftServerConfigKeys (ConfUtils.java:logGet(46)) - raft.server.staging.catchup.gap = 1000 (default)
2023-12-19 18:18:06,930 [cc2d5096-cbf7-4b7f-9694-9910b4c75033@group-5317640DA993-SegmentedRaftLogWorker] INFO  segmented.SegmentedRaftLogWorker (SegmentedRaftLogWorker.java:execute(632)) - cc2d5096-cbf7-4b7f-9694-9910b4c75033@group-5317640DA993-SegmentedRaftLogWorker: created new log segment /home/runner/work/ozone/ozone/hadoop-ozone/integration-test/target/test-dir/MiniOzoneClusterImpl-c3f67427-b36b-4ee4-bde0-91623ce58163/datanode-6/data/ratis/de29617a-44cb-4353-a789-5317640da993/current/log_inprogress_0
2023-12-19 18:18:06,931 [c27b4a8c-9932-4b8f-bf34-353c967d0ecc@group-9FFAAA1D27BF-LeaderElection26] INFO  server.RaftServer$Division (ServerState.java:setLeader(265)) - c27b4a8c-9932-4b8f-bf34-353c967d0ecc@group-9FFAAA1D27BF: change Leader from null to c27b4a8c-9932-4b8f-bf34-353c967d0ecc at term 1 for becomeLeader, leader elected after 5353ms
2023-12-19 18:18:06,931 [c27b4a8c-9932-4b8f-bf34-353c967d0ecc@group-9FFAAA1D27BF-LeaderElection26] INFO  segmented.SegmentedRaftLogWorker (SegmentedRaftLogWorker.java:startLogSegment(428)) - c27b4a8c-9932-4b8f-bf34-353c967d0ecc@group-9FFAAA1D27BF-SegmentedRaftLogWorker: Starting segment from index:0
2023-12-19 18:18:06,931 [c27b4a8c-9932-4b8f-bf34-353c967d0ecc@group-9FFAAA1D27BF-LeaderElection26] INFO  server.RaftServer$Division (ServerState.java:setRaftConf(382)) - c27b4a8c-9932-4b8f-bf34-353c967d0ecc@group-9FFAAA1D27BF: set configuration 0: peers:[c27b4a8c-9932-4b8f-bf34-353c967d0ecc|10.1.0.19:15113, a90b24a4-d9f8-4f3b-8812-3b02ea4f687f|10.1.0.19:15104, 7fe801a6-aabd-4c1e-b418-af74b08e6351|10.1.0.19:15095]|listeners:[], old=null
2023-12-19 18:18:06,939 [c27b4a8c-9932-4b8f-bf34-353c967d0ecc@group-9FFAAA1D27BF-SegmentedRaftLogWorker] INFO  segmented.SegmentedRaftLogWorker (SegmentedRaftLogWorker.java:execute(632)) - c27b4a8c-9932-4b8f-bf34-353c967d0ecc@group-9FFAAA1D27BF-SegmentedRaftLogWorker: created new log segment /home/runner/work/ozone/ozone/hadoop-ozone/integration-test/target/test-dir/MiniOzoneClusterImpl-c3f67427-b36b-4ee4-bde0-91623ce58163/datanode-11/data/ratis/20585b8c-633c-41dc-806a-9ffaaa1d27bf/current/log_inprogress_0
2023-12-19 18:18:06,941 [EventQueue-PipelineReportForPipelineReportHandler] INFO  pipeline.PipelineReportHandler (PipelineReportHandler.java:processPipelineReport(136)) - Opened pipeline PipelineID=20585b8c-633c-41dc-806a-9ffaaa1d27bf
2023-12-19 18:18:06,954 [grpc-default-executor-0] INFO  server.RaftServer$Division (RaftServerImpl.java:requestVote(1377)) - 7fe801a6-aabd-4c1e-b418-af74b08e6351@group-C5B5555F532B: receive requestVote(ELECTION, a90b24a4-d9f8-4f3b-8812-3b02ea4f687f, group-C5B5555F532B, 1, (t:0, i:0))
2023-12-19 18:18:06,959 [grpc-default-executor-3] INFO  impl.VoteContext (VoteContext.java:log(49)) - c27b4a8c-9932-4b8f-bf34-353c967d0ecc@group-C5B5555F532B-FOLLOWER: accept ELECTION from a90b24a4-d9f8-4f3b-8812-3b02ea4f687f: our priority 0 <= candidate's priority 1
2023-12-19 18:18:06,959 [grpc-default-executor-3] INFO  server.RaftServer$Division (RaftServerImpl.java:setRole(379)) - c27b4a8c-9932-4b8f-bf34-353c967d0ecc@group-C5B5555F532B: changes role from  FOLLOWER to FOLLOWER at term 1 for candidate:a90b24a4-d9f8-4f3b-8812-3b02ea4f687f
2023-12-19 18:18:06,959 [grpc-default-executor-3] INFO  impl.RoleInfo (RoleInfo.java:shutdownFollowerState(110)) - c27b4a8c-9932-4b8f-bf34-353c967d0ecc: shutdown c27b4a8c-9932-4b8f-bf34-353c967d0ecc@group-C5B5555F532B-FollowerState
2023-12-19 18:18:06,959 [grpc-default-executor-3] INFO  impl.RoleInfo (RoleInfo.java:updateAndGet(139)) - c27b4a8c-9932-4b8f-bf34-353c967d0ecc: start c27b4a8c-9932-4b8f-bf34-353c967d0ecc@group-C5B5555F532B-FollowerState
2023-12-19 18:18:06,959 [c27b4a8c-9932-4b8f-bf34-353c967d0ecc@group-C5B5555F532B-FollowerState] INFO  impl.FollowerState (FollowerState.java:run(152)) - c27b4a8c-9932-4b8f-bf34-353c967d0ecc@group-C5B5555F532B-FollowerState was interrupted
2023-12-19 18:18:06,959 [96747d66-d354-4c6c-881c-c96368b263cb@group-D1E2C38A56FF-LeaderElection29] INFO  server.RaftServerConfigKeys (ConfUtils.java:logGet(46)) - raft.server.write.element-limit = 1024 (custom)
2023-12-19 18:18:06,959 [grpc-default-executor-3] INFO  server.RaftServer$Division (RaftServerImpl.java:setFirstElection(564)) - c27b4a8c-9932-4b8f-bf34-353c967d0ecc@group-C5B5555F532B: set firstElectionSinceStartup to false for candidate:a90b24a4-d9f8-4f3b-8812-3b02ea4f687f
2023-12-19 18:18:06,959 [96747d66-d354-4c6c-881c-c96368b263cb@group-D1E2C38A56FF-LeaderElection29] INFO  server.RaftServerConfigKeys (ConfUtils.java:logGet(46)) - raft.server.write.byte-limit = 1024 M (=1073741824) (custom)
2023-12-19 18:18:06,959 [grpc-default-executor-0] INFO  impl.VoteContext (VoteContext.java:log(49)) - 7fe801a6-aabd-4c1e-b418-af74b08e6351@group-C5B5555F532B-CANDIDATE: accept ELECTION from a90b24a4-d9f8-4f3b-8812-3b02ea4f687f: our priority 0 <= candidate's priority 1
2023-12-19 18:18:06,960 [grpc-default-executor-0] INFO  server.RaftServer$Division (RaftServerImpl.java:setRole(379)) - 7fe801a6-aabd-4c1e-b418-af74b08e6351@group-C5B5555F532B: changes role from CANDIDATE to FOLLOWER at term 1 for candidate:a90b24a4-d9f8-4f3b-8812-3b02ea4f687f
2023-12-19 18:18:06,960 [grpc-default-executor-0] INFO  impl.RoleInfo (RoleInfo.java:shutdownLeaderElection(130)) - 7fe801a6-aabd-4c1e-b418-af74b08e6351: shutdown 7fe801a6-aabd-4c1e-b418-af74b08e6351@group-C5B5555F532B-LeaderElection30
2023-12-19 18:18:06,959 [7fe801a6-aabd-4c1e-b418-af74b08e6351@group-C5B5555F532B-LeaderElection30] INFO  impl.LeaderElection (LeaderElection.java:askForVotes(323)) - 7fe801a6-aabd-4c1e-b418-af74b08e6351@group-C5B5555F532B-LeaderElection30 PRE_VOTE round 0: submit vote requests at term 0 for -1: peers:[c27b4a8c-9932-4b8f-bf34-353c967d0ecc|10.1.0.19:15113, a90b24a4-d9f8-4f3b-8812-3b02ea4f687f|10.1.0.19:15104, 7fe801a6-aabd-4c1e-b418-af74b08e6351|10.1.0.19:15095]|listeners:[], old=null
2023-12-19 18:18:06,960 [96747d66-d354-4c6c-881c-c96368b263cb@group-D1E2C38A56FF-LeaderElection29] INFO  server.RaftServerConfigKeys (ConfUtils.java:logGet(46)) - raft.server.watch.timeout = 180s (custom)
2023-12-19 18:18:06,960 [96747d66-d354-4c6c-881c-c96368b263cb@group-D1E2C38A56FF-LeaderElection29] INFO  server.RaftServerConfigKeys (ConfUtils.java:logGet(46)) - raft.server.watch.timeout.denomination = 1s (default)
2023-12-19 18:18:06,960 [96747d66-d354-4c6c-881c-c96368b263cb@group-D1E2C38A56FF-LeaderElection29] INFO  server.RaftServerConfigKeys (ConfUtils.java:logGet(46)) - raft.server.watch.element-limit = 65536 (default)
2023-12-19 18:18:06,960 [8a9232c4-f36b-4377-b9ad-83954010d1e2-server-thread1] INFO  ratis.XceiverServerRatis (XceiverServerRatis.java:handleLeaderChangedNotification(935)) - Leader change notification received for group: group-5317640DA993 with new leaderId: cc2d5096-cbf7-4b7f-9694-9910b4c75033
2023-12-19 18:18:06,960 [96747d66-d354-4c6c-881c-c96368b263cb@group-D1E2C38A56FF-LeaderElection29] INFO  server.RaftServerConfigKeys (ConfUtils.java:logGet(46)) - raft.server.read.leader.lease.enabled = false (default)
2023-12-19 18:18:06,961 [96747d66-d354-4c6c-881c-c96368b263cb@group-D1E2C38A56FF-LeaderElection29] INFO  server.RaftServerConfigKeys (ConfUtils.java:logGet(46)) - raft.server.read.leader.lease.timeout.ratio = 0.9 (default)
2023-12-19 18:18:06,961 [96747d66-d354-4c6c-881c-c96368b263cb@group-D1E2C38A56FF-LeaderElection29] INFO  server.RaftServerConfigKeys (ConfUtils.java:logGet(46)) - raft.server.rpc.timeout.min = 5s (custom)
2023-12-19 18:18:06,961 [96747d66-d354-4c6c-881c-c96368b263cb@group-D1E2C38A56FF-LeaderElection29] INFO  server.RaftServerConfigKeys (ConfUtils.java:logGet(46)) - raft.server.write.element-limit = 1024 (custom)
2023-12-19 18:18:06,961 [96747d66-d354-4c6c-881c-c96368b263cb@group-D1E2C38A56FF-LeaderElection29] INFO  server.RaftServerConfigKeys (ConfUtils.java:logGet(46)) - raft.server.write.follower.gap.ratio.max = -1.0 (default)
2023-12-19 18:18:06,961 [96747d66-d354-4c6c-881c-c96368b263cb@group-D1E2C38A56FF-LeaderElection29] INFO  impl.RoleInfo (RoleInfo.java:updateAndGet(139)) - 96747d66-d354-4c6c-881c-c96368b263cb: start 96747d66-d354-4c6c-881c-c96368b263cb@group-D1E2C38A56FF-LeaderStateImpl
2023-12-19 18:18:06,962 [96747d66-d354-4c6c-881c-c96368b263cb@group-D1E2C38A56FF-LeaderElection29] INFO  server.RaftServer$Division (RaftServerImpl.java:setFirstElection(564)) - 96747d66-d354-4c6c-881c-c96368b263cb@group-D1E2C38A56FF: set firstElectionSinceStartup to false for becomeLeader
2023-12-19 18:18:06,962 [96747d66-d354-4c6c-881c-c96368b263cb@group-D1E2C38A56FF-LeaderElection29] INFO  ratis.XceiverServerRatis (XceiverServerRatis.java:handleLeaderChangedNotification(935)) - Leader change notification received for group: group-D1E2C38A56FF with new leaderId: 96747d66-d354-4c6c-881c-c96368b263cb
2023-12-19 18:18:06,962 [8a9232c4-f36b-4377-b9ad-83954010d1e2-server-thread1] INFO  server.RaftServer$Division (ServerState.java:setLeader(265)) - 8a9232c4-f36b-4377-b9ad-83954010d1e2@group-5317640DA993: change Leader from null to cc2d5096-cbf7-4b7f-9694-9910b4c75033 at term 1 for appendEntries, leader elected after 5359ms
2023-12-19 18:18:06,962 [8a9232c4-f36b-4377-b9ad-83954010d1e2-server-thread2] INFO  server.RaftServer$Division (ServerState.java:setRaftConf(382)) - 8a9232c4-f36b-4377-b9ad-83954010d1e2@group-5317640DA993: set configuration 0: peers:[93d2edcd-6a6f-4cb3-ab2d-c0ab5a0bb6d7|10.1.0.19:15077, 8a9232c4-f36b-4377-b9ad-83954010d1e2|10.1.0.19:15086, cc2d5096-cbf7-4b7f-9694-9910b4c75033|10.1.0.19:15068]|listeners:[], old=null
2023-12-19 18:18:06,961 [grpc-default-executor-3] INFO  server.RaftServer$Division (RaftServerImpl.java:requestVote(1410)) - c27b4a8c-9932-4b8f-bf34-353c967d0ecc@group-C5B5555F532B replies to ELECTION vote request: a90b24a4-d9f8-4f3b-8812-3b02ea4f687f<-c27b4a8c-9932-4b8f-bf34-353c967d0ecc#0:OK-t1. Peer's state: c27b4a8c-9932-4b8f-bf34-353c967d0ecc@group-C5B5555F532B:t1, leader=null, voted=a90b24a4-d9f8-4f3b-8812-3b02ea4f687f, raftlog=Memoized:c27b4a8c-9932-4b8f-bf34-353c967d0ecc@group-C5B5555F532B-SegmentedRaftLog:OPENED:c-1, conf=-1: peers:[c27b4a8c-9932-4b8f-bf34-353c967d0ecc|10.1.0.19:15113, a90b24a4-d9f8-4f3b-8812-3b02ea4f687f|10.1.0.19:15104, 7fe801a6-aabd-4c1e-b418-af74b08e6351|10.1.0.19:15095]|listeners:[], old=null
2023-12-19 18:18:06,962 [7fe801a6-aabd-4c1e-b418-af74b08e6351@group-C5B5555F532B-LeaderElection30] INFO  server.RaftServerConfigKeys (ConfUtils.java:logFallback(53)) - raft.server.rpc.first-election.timeout.min = 5s (fallback to raft.server.rpc.timeout.min)
2023-12-19 18:18:06,963 [7fe801a6-aabd-4c1e-b418-af74b08e6351@group-C5B5555F532B-LeaderElection30] INFO  server.RaftServerConfigKeys (ConfUtils.java:logFallback(53)) - raft.server.rpc.first-election.timeout.max = 5200ms (fallback to raft.server.rpc.timeout.max)
2023-12-19 18:18:06,963 [7fe801a6-aabd-4c1e-b418-af74b08e6351@group-C5B5555F532B-LeaderElection30] INFO  impl.LeaderElection (LeaderElection.java:logAndReturn(89)) - 7fe801a6-aabd-4c1e-b418-af74b08e6351@group-C5B5555F532B-LeaderElection30: PRE_VOTE REJECTED received 0 response(s) and 0 exception(s):
2023-12-19 18:18:06,962 [93d2edcd-6a6f-4cb3-ab2d-c0ab5a0bb6d7-server-thread2] INFO  ratis.XceiverServerRatis (XceiverServerRatis.java:handleLeaderChangedNotification(935)) - Leader change notification received for group: group-5317640DA993 with new leaderId: cc2d5096-cbf7-4b7f-9694-9910b4c75033
2023-12-19 18:18:06,963 [93d2edcd-6a6f-4cb3-ab2d-c0ab5a0bb6d7-server-thread2] INFO  server.RaftServer$Division (ServerState.java:setLeader(265)) - 93d2edcd-6a6f-4cb3-ab2d-c0ab5a0bb6d7@group-5317640DA993: change Leader from null to cc2d5096-cbf7-4b7f-9694-9910b4c75033 at term 1 for appendEntries, leader elected after 5329ms
2023-12-19 18:18:06,963 [93d2edcd-6a6f-4cb3-ab2d-c0ab5a0bb6d7-server-thread2] INFO  server.RaftServer$Division (ServerState.java:setRaftConf(382)) - 93d2edcd-6a6f-4cb3-ab2d-c0ab5a0bb6d7@group-5317640DA993: set configuration 0: peers:[93d2edcd-6a6f-4cb3-ab2d-c0ab5a0bb6d7|10.1.0.19:15077, 8a9232c4-f36b-4377-b9ad-83954010d1e2|10.1.0.19:15086, cc2d5096-cbf7-4b7f-9694-9910b4c75033|10.1.0.19:15068]|listeners:[], old=null
2023-12-19 18:18:06,963 [93d2edcd-6a6f-4cb3-ab2d-c0ab5a0bb6d7-server-thread2] INFO  segmented.SegmentedRaftLogWorker (SegmentedRaftLogWorker.java:startLogSegment(428)) - 93d2edcd-6a6f-4cb3-ab2d-c0ab5a0bb6d7@group-5317640DA993-SegmentedRaftLogWorker: Starting segment from index:0
2023-12-19 18:18:06,964 [8a9232c4-f36b-4377-b9ad-83954010d1e2-server-thread2] INFO  segmented.SegmentedRaftLogWorker (SegmentedRaftLogWorker.java:startLogSegment(428)) - 8a9232c4-f36b-4377-b9ad-83954010d1e2@group-5317640DA993-SegmentedRaftLogWorker: Starting segment from index:0
2023-12-19 18:18:06,964 [grpc-default-executor-5] INFO  server.RaftServer$Division (RaftServerImpl.java:requestVote(1377)) - c27b4a8c-9932-4b8f-bf34-353c967d0ecc@group-C5B5555F532B: receive requestVote(PRE_VOTE, 7fe801a6-aabd-4c1e-b418-af74b08e6351, group-C5B5555F532B, 0, (t:0, i:0))
2023-12-19 18:18:06,964 [grpc-default-executor-5] INFO  impl.VoteContext (VoteContext.java:log(49)) - c27b4a8c-9932-4b8f-bf34-353c967d0ecc@group-C5B5555F532B-FOLLOWER: accept PRE_VOTE from 7fe801a6-aabd-4c1e-b418-af74b08e6351: our priority 0 <= candidate's priority 0
2023-12-19 18:18:06,964 [grpc-default-executor-5] INFO  server.RaftServer$Division (RaftServerImpl.java:requestVote(1410)) - c27b4a8c-9932-4b8f-bf34-353c967d0ecc@group-C5B5555F532B replies to PRE_VOTE vote request: 7fe801a6-aabd-4c1e-b418-af74b08e6351<-c27b4a8c-9932-4b8f-bf34-353c967d0ecc#0:OK-t1. Peer's state: c27b4a8c-9932-4b8f-bf34-353c967d0ecc@group-C5B5555F532B:t1, leader=null, voted=a90b24a4-d9f8-4f3b-8812-3b02ea4f687f, raftlog=Memoized:c27b4a8c-9932-4b8f-bf34-353c967d0ecc@group-C5B5555F532B-SegmentedRaftLog:OPENED:c-1, conf=-1: peers:[c27b4a8c-9932-4b8f-bf34-353c967d0ecc|10.1.0.19:15113, a90b24a4-d9f8-4f3b-8812-3b02ea4f687f|10.1.0.19:15104, 7fe801a6-aabd-4c1e-b418-af74b08e6351|10.1.0.19:15095]|listeners:[], old=null
2023-12-19 18:18:06,965 [96747d66-d354-4c6c-881c-c96368b263cb@group-D1E2C38A56FF-LeaderElection29] INFO  server.RaftServer$Division (ServerState.java:setLeader(265)) - 96747d66-d354-4c6c-881c-c96368b263cb@group-D1E2C38A56FF: change Leader from null to 96747d66-d354-4c6c-881c-c96368b263cb at term 1 for becomeLeader, leader elected after 5283ms
2023-12-19 18:18:06,965 [96747d66-d354-4c6c-881c-c96368b263cb@group-D1E2C38A56FF-LeaderElection29] INFO  segmented.SegmentedRaftLogWorker (SegmentedRaftLogWorker.java:startLogSegment(428)) - 96747d66-d354-4c6c-881c-c96368b263cb@group-D1E2C38A56FF-SegmentedRaftLogWorker: Starting segment from index:0
2023-12-19 18:18:06,965 [96747d66-d354-4c6c-881c-c96368b263cb@group-D1E2C38A56FF-LeaderElection29] INFO  server.RaftServer$Division (ServerState.java:setRaftConf(382)) - 96747d66-d354-4c6c-881c-c96368b263cb@group-D1E2C38A56FF: set configuration 0: peers:[96747d66-d354-4c6c-881c-c96368b263cb|10.1.0.19:15131]|listeners:[], old=null
2023-12-19 18:18:06,968 [grpc-default-executor-0] INFO  impl.RoleInfo (RoleInfo.java:updateAndGet(139)) - 7fe801a6-aabd-4c1e-b418-af74b08e6351: start 7fe801a6-aabd-4c1e-b418-af74b08e6351@group-C5B5555F532B-FollowerState
2023-12-19 18:18:06,969 [grpc-default-executor-0] INFO  server.RaftServer$Division (RaftServerImpl.java:setFirstElection(564)) - 7fe801a6-aabd-4c1e-b418-af74b08e6351@group-C5B5555F532B: set firstElectionSinceStartup to false for candidate:a90b24a4-d9f8-4f3b-8812-3b02ea4f687f
2023-12-19 18:18:06,973 [7fe801a6-aabd-4c1e-b418-af74b08e6351@group-C5B5555F532B-LeaderElection30] INFO  impl.LeaderElection (LeaderElection.java:askForVotes(325)) - 7fe801a6-aabd-4c1e-b418-af74b08e6351@group-C5B5555F532B-LeaderElection30 PRE_VOTE round 0: result REJECTED
2023-12-19 18:18:06,973 [a90b24a4-d9f8-4f3b-8812-3b02ea4f687f-server-thread1] INFO  ratis.XceiverServerRatis (XceiverServerRatis.java:handleLeaderChangedNotification(935)) - Leader change notification received for group: group-9FFAAA1D27BF with new leaderId: c27b4a8c-9932-4b8f-bf34-353c967d0ecc
2023-12-19 18:18:06,973 [grpc-default-executor-4] INFO  server.RaftServer$Division (RaftServerImpl.java:requestVote(1377)) - a90b24a4-d9f8-4f3b-8812-3b02ea4f687f@group-C5B5555F532B: receive requestVote(PRE_VOTE, 7fe801a6-aabd-4c1e-b418-af74b08e6351, group-C5B5555F532B, 0, (t:0, i:0))
2023-12-19 18:18:06,973 [grpc-default-executor-4] INFO  impl.VoteContext (VoteContext.java:log(49)) - a90b24a4-d9f8-4f3b-8812-3b02ea4f687f@group-C5B5555F532B-CANDIDATE: reject PRE_VOTE from 7fe801a6-aabd-4c1e-b418-af74b08e6351: our priority 1 > candidate's priority 0
2023-12-19 18:18:06,974 [grpc-default-executor-4] INFO  server.RaftServer$Division (RaftServerImpl.java:requestVote(1410)) - a90b24a4-d9f8-4f3b-8812-3b02ea4f687f@group-C5B5555F532B replies to PRE_VOTE vote request: 7fe801a6-aabd-4c1e-b418-af74b08e6351<-a90b24a4-d9f8-4f3b-8812-3b02ea4f687f#0:FAIL-t1. Peer's state: a90b24a4-d9f8-4f3b-8812-3b02ea4f687f@group-C5B5555F532B:t1, leader=null, voted=a90b24a4-d9f8-4f3b-8812-3b02ea4f687f, raftlog=Memoized:a90b24a4-d9f8-4f3b-8812-3b02ea4f687f@group-C5B5555F532B-SegmentedRaftLog:OPENED:c-1, conf=-1: peers:[c27b4a8c-9932-4b8f-bf34-353c967d0ecc|10.1.0.19:15113, a90b24a4-d9f8-4f3b-8812-3b02ea4f687f|10.1.0.19:15104, 7fe801a6-aabd-4c1e-b418-af74b08e6351|10.1.0.19:15095]|listeners:[], old=null
2023-12-19 18:18:06,974 [a90b24a4-d9f8-4f3b-8812-3b02ea4f687f-server-thread1] INFO  server.RaftServer$Division (ServerState.java:setLeader(265)) - a90b24a4-d9f8-4f3b-8812-3b02ea4f687f@group-9FFAAA1D27BF: change Leader from null to c27b4a8c-9932-4b8f-bf34-353c967d0ecc at term 1 for appendEntries, leader elected after 5570ms
2023-12-19 18:18:06,974 [a90b24a4-d9f8-4f3b-8812-3b02ea4f687f-server-thread1] INFO  server.RaftServer$Division (ServerState.java:setRaftConf(382)) - a90b24a4-d9f8-4f3b-8812-3b02ea4f687f@group-9FFAAA1D27BF: set configuration 0: peers:[c27b4a8c-9932-4b8f-bf34-353c967d0ecc|10.1.0.19:15113, a90b24a4-d9f8-4f3b-8812-3b02ea4f687f|10.1.0.19:15104, 7fe801a6-aabd-4c1e-b418-af74b08e6351|10.1.0.19:15095]|listeners:[], old=null
2023-12-19 18:18:06,974 [a90b24a4-d9f8-4f3b-8812-3b02ea4f687f-server-thread1] INFO  segmented.SegmentedRaftLogWorker (SegmentedRaftLogWorker.java:startLogSegment(428)) - a90b24a4-d9f8-4f3b-8812-3b02ea4f687f@group-9FFAAA1D27BF-SegmentedRaftLogWorker: Starting segment from index:0
2023-12-19 18:18:06,980 [grpc-default-executor-0] INFO  server.RaftServer$Division (RaftServerImpl.java:requestVote(1410)) - 7fe801a6-aabd-4c1e-b418-af74b08e6351@group-C5B5555F532B replies to ELECTION vote request: a90b24a4-d9f8-4f3b-8812-3b02ea4f687f<-7fe801a6-aabd-4c1e-b418-af74b08e6351#0:OK-t1. Peer's state: 7fe801a6-aabd-4c1e-b418-af74b08e6351@group-C5B5555F532B:t1, leader=null, voted=a90b24a4-d9f8-4f3b-8812-3b02ea4f687f, raftlog=Memoized:7fe801a6-aabd-4c1e-b418-af74b08e6351@group-C5B5555F532B-SegmentedRaftLog:OPENED:c-1, conf=-1: peers:[c27b4a8c-9932-4b8f-bf34-353c967d0ecc|10.1.0.19:15113, a90b24a4-d9f8-4f3b-8812-3b02ea4f687f|10.1.0.19:15104, 7fe801a6-aabd-4c1e-b418-af74b08e6351|10.1.0.19:15095]|listeners:[], old=null
2023-12-19 18:18:06,980 [grpc-default-executor-9] INFO  server.RaftServer$Division (RaftServerImpl.java:requestVote(1377)) - 7fe801a6-aabd-4c1e-b418-af74b08e6351@group-C5B5555F532B: receive requestVote(PRE_VOTE, a90b24a4-d9f8-4f3b-8812-3b02ea4f687f, group-C5B5555F532B, 0, (t:0, i:0))
2023-12-19 18:18:06,981 [grpc-default-executor-9] INFO  impl.VoteContext (VoteContext.java:log(49)) - 7fe801a6-aabd-4c1e-b418-af74b08e6351@group-C5B5555F532B-FOLLOWER: accept PRE_VOTE from a90b24a4-d9f8-4f3b-8812-3b02ea4f687f: our priority 0 <= candidate's priority 1
2023-12-19 18:18:06,981 [grpc-default-executor-9] INFO  server.RaftServer$Division (RaftServerImpl.java:requestVote(1410)) - 7fe801a6-aabd-4c1e-b418-af74b08e6351@group-C5B5555F532B replies to PRE_VOTE vote request: a90b24a4-d9f8-4f3b-8812-3b02ea4f687f<-7fe801a6-aabd-4c1e-b418-af74b08e6351#0:OK-t1. Peer's state: 7fe801a6-aabd-4c1e-b418-af74b08e6351@group-C5B5555F532B:t1, leader=null, voted=a90b24a4-d9f8-4f3b-8812-3b02ea4f687f, raftlog=Memoized:7fe801a6-aabd-4c1e-b418-af74b08e6351@group-C5B5555F532B-SegmentedRaftLog:OPENED:c-1, conf=-1: peers:[c27b4a8c-9932-4b8f-bf34-353c967d0ecc|10.1.0.19:15113, a90b24a4-d9f8-4f3b-8812-3b02ea4f687f|10.1.0.19:15104, 7fe801a6-aabd-4c1e-b418-af74b08e6351|10.1.0.19:15095]|listeners:[], old=null
2023-12-19 18:18:06,983 [a90b24a4-d9f8-4f3b-8812-3b02ea4f687f@group-C5B5555F532B-LeaderElection28] INFO  impl.LeaderElection (LeaderElection.java:logAndReturn(89)) - a90b24a4-d9f8-4f3b-8812-3b02ea4f687f@group-C5B5555F532B-LeaderElection28: ELECTION PASSED received 1 response(s) and 0 exception(s):
2023-12-19 18:18:06,991 [a90b24a4-d9f8-4f3b-8812-3b02ea4f687f@group-C5B5555F532B-LeaderElection28] INFO  impl.LeaderElection (LeaderElection.java:logAndReturn(93)) -   Response 0: a90b24a4-d9f8-4f3b-8812-3b02ea4f687f<-7fe801a6-aabd-4c1e-b418-af74b08e6351#0:OK-t1
2023-12-19 18:18:06,991 [a90b24a4-d9f8-4f3b-8812-3b02ea4f687f@group-C5B5555F532B-LeaderElection28] INFO  impl.LeaderElection (LeaderElection.java:askForVotes(325)) - a90b24a4-d9f8-4f3b-8812-3b02ea4f687f@group-C5B5555F532B-LeaderElection28 ELECTION round 0: result PASSED
2023-12-19 18:18:06,991 [a90b24a4-d9f8-4f3b-8812-3b02ea4f687f@group-C5B5555F532B-LeaderElection28] INFO  impl.RoleInfo (RoleInfo.java:shutdownLeaderElection(130)) - a90b24a4-d9f8-4f3b-8812-3b02ea4f687f: shutdown a90b24a4-d9f8-4f3b-8812-3b02ea4f687f@group-C5B5555F532B-LeaderElection28
2023-12-19 18:18:06,991 [a90b24a4-d9f8-4f3b-8812-3b02ea4f687f@group-C5B5555F532B-LeaderElection28] INFO  server.RaftServer$Division (RaftServerImpl.java:setRole(379)) - a90b24a4-d9f8-4f3b-8812-3b02ea4f687f@group-C5B5555F532B: changes role from CANDIDATE to LEADER at term 1 for changeToLeader
2023-12-19 18:18:06,991 [a90b24a4-d9f8-4f3b-8812-3b02ea4f687f@group-C5B5555F532B-LeaderElection28] INFO  server.RaftServerConfigKeys (ConfUtils.java:logGet(46)) - raft.server.staging.catchup.gap = 1000 (default)
2023-12-19 18:18:06,992 [a90b24a4-d9f8-4f3b-8812-3b02ea4f687f@group-C5B5555F532B-LeaderElection28] INFO  server.RaftServerConfigKeys (ConfUtils.java:logGet(46)) - raft.server.write.element-limit = 1024 (custom)
2023-12-19 18:18:06,992 [a90b24a4-d9f8-4f3b-8812-3b02ea4f687f@group-C5B5555F532B-LeaderElection28] INFO  server.RaftServerConfigKeys (ConfUtils.java:logGet(46)) - raft.server.write.byte-limit = 1024 M (=1073741824) (custom)
2023-12-19 18:18:06,992 [a90b24a4-d9f8-4f3b-8812-3b02ea4f687f@group-C5B5555F532B-LeaderElection28] INFO  server.RaftServerConfigKeys (ConfUtils.java:logGet(46)) - raft.server.watch.timeout = 180s (custom)
2023-12-19 18:18:06,992 [a90b24a4-d9f8-4f3b-8812-3b02ea4f687f@group-C5B5555F532B-LeaderElection28] INFO  server.RaftServerConfigKeys (ConfUtils.java:logGet(46)) - raft.server.watch.timeout.denomination = 1s (default)
2023-12-19 18:18:06,992 [a90b24a4-d9f8-4f3b-8812-3b02ea4f687f@group-C5B5555F532B-LeaderElection28] INFO  server.RaftServerConfigKeys (ConfUtils.java:logGet(46)) - raft.server.watch.element-limit = 65536 (default)
2023-12-19 18:18:06,992 [a90b24a4-d9f8-4f3b-8812-3b02ea4f687f@group-C5B5555F532B-LeaderElection28] INFO  server.RaftServerConfigKeys (ConfUtils.java:logGet(46)) - raft.server.read.leader.lease.enabled = false (default)
2023-12-19 18:18:06,992 [a90b24a4-d9f8-4f3b-8812-3b02ea4f687f@group-C5B5555F532B-LeaderElection28] INFO  server.RaftServerConfigKeys (ConfUtils.java:logGet(46)) - raft.server.read.leader.lease.timeout.ratio = 0.9 (default)
2023-12-19 18:18:06,992 [a90b24a4-d9f8-4f3b-8812-3b02ea4f687f@group-C5B5555F532B-LeaderElection28] INFO  server.RaftServerConfigKeys (ConfUtils.java:logGet(46)) - raft.server.rpc.timeout.min = 5s (custom)
2023-12-19 18:18:06,992 [a90b24a4-d9f8-4f3b-8812-3b02ea4f687f@group-C5B5555F532B-LeaderElection28] INFO  server.RaftServerConfigKeys (ConfUtils.java:logGet(46)) - raft.server.write.element-limit = 1024 (custom)
2023-12-19 18:18:06,992 [a90b24a4-d9f8-4f3b-8812-3b02ea4f687f@group-C5B5555F532B-LeaderElection28] INFO  server.RaftServerConfigKeys (ConfUtils.java:logGet(46)) - raft.server.write.follower.gap.ratio.max = -1.0 (default)
2023-12-19 18:18:06,991 [93d2edcd-6a6f-4cb3-ab2d-c0ab5a0bb6d7@group-5317640DA993-SegmentedRaftLogWorker] INFO  segmented.SegmentedRaftLogWorker (SegmentedRaftLogWorker.java:execute(632)) - 93d2edcd-6a6f-4cb3-ab2d-c0ab5a0bb6d7@group-5317640DA993-SegmentedRaftLogWorker: created new log segment /home/runner/work/ozone/ozone/hadoop-ozone/integration-test/target/test-dir/MiniOzoneClusterImpl-c3f67427-b36b-4ee4-bde0-91623ce58163/datanode-7/data/ratis/de29617a-44cb-4353-a789-5317640da993/current/log_inprogress_0
2023-12-19 18:18:06,991 [8a9232c4-f36b-4377-b9ad-83954010d1e2@group-5317640DA993-SegmentedRaftLogWorker] INFO  segmented.SegmentedRaftLogWorker (SegmentedRaftLogWorker.java:execute(632)) - 8a9232c4-f36b-4377-b9ad-83954010d1e2@group-5317640DA993-SegmentedRaftLogWorker: created new log segment /home/runner/work/ozone/ozone/hadoop-ozone/integration-test/target/test-dir/MiniOzoneClusterImpl-c3f67427-b36b-4ee4-bde0-91623ce58163/datanode-8/data/ratis/de29617a-44cb-4353-a789-5317640da993/current/log_inprogress_0
2023-12-19 18:18:06,984 [96747d66-d354-4c6c-881c-c96368b263cb@group-D1E2C38A56FF-SegmentedRaftLogWorker] INFO  segmented.SegmentedRaftLogWorker (SegmentedRaftLogWorker.java:execute(632)) - 96747d66-d354-4c6c-881c-c96368b263cb@group-D1E2C38A56FF-SegmentedRaftLogWorker: created new log segment /home/runner/work/ozone/ozone/hadoop-ozone/integration-test/target/test-dir/MiniOzoneClusterImpl-c3f67427-b36b-4ee4-bde0-91623ce58163/datanode-13/data/ratis/efdf0425-d99e-49c9-8b1f-d1e2c38a56ff/current/log_inprogress_0
2023-12-19 18:18:06,994 [a90b24a4-d9f8-4f3b-8812-3b02ea4f687f@group-C5B5555F532B-LeaderElection28] INFO  server.RaftServerConfigKeys (ConfUtils.java:logGet(46)) - raft.server.log.appender.snapshot.chunk.size.max = 16MB (=16777216) (default)
2023-12-19 18:18:06,994 [a90b24a4-d9f8-4f3b-8812-3b02ea4f687f@group-C5B5555F532B-LeaderElection28] INFO  server.RaftServerConfigKeys (ConfUtils.java:logGet(46)) - raft.server.log.appender.buffer.byte-limit = 8388608 (custom)
2023-12-19 18:18:06,994 [a90b24a4-d9f8-4f3b-8812-3b02ea4f687f@group-C5B5555F532B-LeaderElection28] INFO  server.RaftServerConfigKeys (ConfUtils.java:logGet(46)) - raft.server.log.appender.buffer.element-limit = 1 (custom)
2023-12-19 18:18:06,995 [a90b24a4-d9f8-4f3b-8812-3b02ea4f687f@group-C5B5555F532B-LeaderElection28] INFO  server.RaftServerConfigKeys (ConfUtils.java:logGet(46)) - raft.server.log.appender.wait-time.min = 0μs (custom)
2023-12-19 18:18:06,995 [a90b24a4-d9f8-4f3b-8812-3b02ea4f687f@group-C5B5555F532B-LeaderElection28] INFO  grpc.GrpcConfigKeys (ConfUtils.java:logGet(46)) - raft.grpc.server.leader.outstanding.appends.max = 8 (default)
2023-12-19 18:18:06,995 [a90b24a4-d9f8-4f3b-8812-3b02ea4f687f@group-C5B5555F532B-LeaderElection28] INFO  server.RaftServerConfigKeys (ConfUtils.java:logGet(46)) - raft.server.rpc.request.timeout = 60s (custom)
2023-12-19 18:18:06,995 [a90b24a4-d9f8-4f3b-8812-3b02ea4f687f@group-C5B5555F532B-LeaderElection28] INFO  grpc.GrpcConfigKeys (ConfUtils.java:logGet(46)) - raft.grpc.server.install_snapshot.request.element-limit = 8 (default)
2023-12-19 18:18:06,995 [a90b24a4-d9f8-4f3b-8812-3b02ea4f687f@group-C5B5555F532B-LeaderElection28] INFO  grpc.GrpcConfigKeys (ConfUtils.java:logGet(46)) - raft.grpc.server.install_snapshot.request.timeout = 3000ms (default)
2023-12-19 18:18:06,995 [7fe801a6-aabd-4c1e-b418-af74b08e6351-server-thread1] INFO  ratis.XceiverServerRatis (XceiverServerRatis.java:handleLeaderChangedNotification(935)) - Leader change notification received for group: group-9FFAAA1D27BF with new leaderId: c27b4a8c-9932-4b8f-bf34-353c967d0ecc
2023-12-19 18:18:06,995 [7fe801a6-aabd-4c1e-b418-af74b08e6351-server-thread1] INFO  server.RaftServer$Division (ServerState.java:setLeader(265)) - 7fe801a6-aabd-4c1e-b418-af74b08e6351@group-9FFAAA1D27BF: change Leader from null to c27b4a8c-9932-4b8f-bf34-353c967d0ecc at term 1 for appendEntries, leader elected after 5486ms
2023-12-19 18:18:06,996 [96747d66-d354-4c6c-881c-c96368b263cb@group-D1E2C38A56FF-StateMachineUpdater] INFO  server.RaftServer$Division (LeaderStateImpl.java:isApplied(316)) - leader is ready since appliedIndex == 0 >= startIndex == 0
2023-12-19 18:18:06,996 [cc2d5096-cbf7-4b7f-9694-9910b4c75033@group-5317640DA993-StateMachineUpdater] INFO  server.RaftServer$Division (LeaderStateImpl.java:isApplied(316)) - leader is ready since appliedIndex == 0 >= startIndex == 0
2023-12-19 18:18:07,000 [a90b24a4-d9f8-4f3b-8812-3b02ea4f687f@group-9FFAAA1D27BF-SegmentedRaftLogWorker] INFO  segmented.SegmentedRaftLogWorker (SegmentedRaftLogWorker.java:execute(632)) - a90b24a4-d9f8-4f3b-8812-3b02ea4f687f@group-9FFAAA1D27BF-SegmentedRaftLogWorker: created new log segment /home/runner/work/ozone/ozone/hadoop-ozone/integration-test/target/test-dir/MiniOzoneClusterImpl-c3f67427-b36b-4ee4-bde0-91623ce58163/datanode-10/data/ratis/20585b8c-633c-41dc-806a-9ffaaa1d27bf/current/log_inprogress_0
2023-12-19 18:18:07,001 [a90b24a4-d9f8-4f3b-8812-3b02ea4f687f@group-C5B5555F532B-LeaderElection28] INFO  server.RaftServerConfigKeys (ConfUtils.java:logGet(46)) - raft.server.log.appender.install.snapshot.enabled = false (custom)
2023-12-19 18:18:07,001 [a90b24a4-d9f8-4f3b-8812-3b02ea4f687f@group-C5B5555F532B-LeaderElection28] INFO  grpc.GrpcConfigKeys (ConfUtils.java:logGet(46)) - raft.grpc.server.heartbeat.channel = true (default)
2023-12-19 18:18:07,002 [a90b24a4-d9f8-4f3b-8812-3b02ea4f687f@group-C5B5555F532B-LeaderElection28] INFO  server.RaftServerConfigKeys (ConfUtils.java:logGet(46)) - raft.server.log.appender.snapshot.chunk.size.max = 16MB (=16777216) (default)
2023-12-19 18:18:07,002 [a90b24a4-d9f8-4f3b-8812-3b02ea4f687f@group-C5B5555F532B-LeaderElection28] INFO  server.RaftServerConfigKeys (ConfUtils.java:logGet(46)) - raft.server.log.appender.buffer.byte-limit = 8388608 (custom)
2023-12-19 18:18:07,002 [a90b24a4-d9f8-4f3b-8812-3b02ea4f687f@group-C5B5555F532B-LeaderElection28] INFO  server.RaftServerConfigKeys (ConfUtils.java:logGet(46)) - raft.server.log.appender.buffer.element-limit = 1 (custom)
2023-12-19 18:18:07,002 [a90b24a4-d9f8-4f3b-8812-3b02ea4f687f@group-C5B5555F532B-LeaderElection28] INFO  server.RaftServerConfigKeys (ConfUtils.java:logGet(46)) - raft.server.log.appender.wait-time.min = 0μs (custom)
2023-12-19 18:18:07,003 [a90b24a4-d9f8-4f3b-8812-3b02ea4f687f@group-C5B5555F532B-LeaderElection28] INFO  grpc.GrpcConfigKeys (ConfUtils.java:logGet(46)) - raft.grpc.server.leader.outstanding.appends.max = 8 (default)
2023-12-19 18:18:07,003 [a90b24a4-d9f8-4f3b-8812-3b02ea4f687f@group-C5B5555F532B-LeaderElection28] INFO  server.RaftServerConfigKeys (ConfUtils.java:logGet(46)) - raft.server.rpc.request.timeout = 60s (custom)
2023-12-19 18:18:07,003 [a90b24a4-d9f8-4f3b-8812-3b02ea4f687f@group-C5B5555F532B-LeaderElection28] INFO  grpc.GrpcConfigKeys (ConfUtils.java:logGet(46)) - raft.grpc.server.install_snapshot.request.element-limit = 8 (default)
2023-12-19 18:18:07,003 [a90b24a4-d9f8-4f3b-8812-3b02ea4f687f@group-C5B5555F532B-LeaderElection28] INFO  grpc.GrpcConfigKeys (ConfUtils.java:logGet(46)) - raft.grpc.server.install_snapshot.request.timeout = 3000ms (default)
2023-12-19 18:18:07,003 [a90b24a4-d9f8-4f3b-8812-3b02ea4f687f@group-C5B5555F532B-LeaderElection28] INFO  server.RaftServerConfigKeys (ConfUtils.java:logGet(46)) - raft.server.log.appender.install.snapshot.enabled = false (custom)
2023-12-19 18:18:07,003 [a90b24a4-d9f8-4f3b-8812-3b02ea4f687f@group-C5B5555F532B-LeaderElection28] INFO  grpc.GrpcConfigKeys (ConfUtils.java:logGet(46)) - raft.grpc.server.heartbeat.channel = true (default)
2023-12-19 18:18:07,003 [a90b24a4-d9f8-4f3b-8812-3b02ea4f687f@group-C5B5555F532B-LeaderElection28] INFO  impl.RoleInfo (RoleInfo.java:updateAndGet(139)) - a90b24a4-d9f8-4f3b-8812-3b02ea4f687f: start a90b24a4-d9f8-4f3b-8812-3b02ea4f687f@group-C5B5555F532B-LeaderStateImpl
2023-12-19 18:18:07,003 [a90b24a4-d9f8-4f3b-8812-3b02ea4f687f@group-C5B5555F532B-LeaderElection28] INFO  server.RaftServer$Division (RaftServerImpl.java:setFirstElection(564)) - a90b24a4-d9f8-4f3b-8812-3b02ea4f687f@group-C5B5555F532B: set firstElectionSinceStartup to false for becomeLeader
2023-12-19 18:18:07,003 [a90b24a4-d9f8-4f3b-8812-3b02ea4f687f@group-C5B5555F532B-LeaderElection28] INFO  ratis.XceiverServerRatis (XceiverServerRatis.java:handleLeaderChangedNotification(935)) - Leader change notification received for group: group-C5B5555F532B with new leaderId: a90b24a4-d9f8-4f3b-8812-3b02ea4f687f
2023-12-19 18:18:07,003 [a90b24a4-d9f8-4f3b-8812-3b02ea4f687f@group-C5B5555F532B-LeaderElection28] INFO  server.RaftServer$Division (ServerState.java:setLeader(265)) - a90b24a4-d9f8-4f3b-8812-3b02ea4f687f@group-C5B5555F532B: change Leader from null to a90b24a4-d9f8-4f3b-8812-3b02ea4f687f at term 1 for becomeLeader, leader elected after 5325ms
2023-12-19 18:18:07,003 [a90b24a4-d9f8-4f3b-8812-3b02ea4f687f@group-C5B5555F532B-LeaderElection28] INFO  segmented.SegmentedRaftLogWorker (SegmentedRaftLogWorker.java:startLogSegment(428)) - a90b24a4-d9f8-4f3b-8812-3b02ea4f687f@group-C5B5555F532B-SegmentedRaftLogWorker: Starting segment from index:0
2023-12-19 18:18:07,004 [a90b24a4-d9f8-4f3b-8812-3b02ea4f687f@group-C5B5555F532B-LeaderElection28] INFO  server.RaftServer$Division (ServerState.java:setRaftConf(382)) - a90b24a4-d9f8-4f3b-8812-3b02ea4f687f@group-C5B5555F532B: set configuration 0: peers:[c27b4a8c-9932-4b8f-bf34-353c967d0ecc|10.1.0.19:15113, a90b24a4-d9f8-4f3b-8812-3b02ea4f687f|10.1.0.19:15104, 7fe801a6-aabd-4c1e-b418-af74b08e6351|10.1.0.19:15095]|listeners:[], old=null
2023-12-19 18:18:07,005 [7fe801a6-aabd-4c1e-b418-af74b08e6351-server-thread2] INFO  server.RaftServer$Division (ServerState.java:setRaftConf(382)) - 7fe801a6-aabd-4c1e-b418-af74b08e6351@group-9FFAAA1D27BF: set configuration 0: peers:[c27b4a8c-9932-4b8f-bf34-353c967d0ecc|10.1.0.19:15113, a90b24a4-d9f8-4f3b-8812-3b02ea4f687f|10.1.0.19:15104, 7fe801a6-aabd-4c1e-b418-af74b08e6351|10.1.0.19:15095]|listeners:[], old=null
2023-12-19 18:18:07,005 [7fe801a6-aabd-4c1e-b418-af74b08e6351-server-thread2] INFO  segmented.SegmentedRaftLogWorker (SegmentedRaftLogWorker.java:startLogSegment(428)) - 7fe801a6-aabd-4c1e-b418-af74b08e6351@group-9FFAAA1D27BF-SegmentedRaftLogWorker: Starting segment from index:0
2023-12-19 18:18:07,011 [EventQueue-PipelineReportForPipelineReportHandler] INFO  pipeline.PipelineReportHandler (PipelineReportHandler.java:processPipelineReport(136)) - Opened pipeline PipelineID=de160eb7-3d62-4127-a30b-c5b5555f532b
2023-12-19 18:18:07,013 [c27b4a8c-9932-4b8f-bf34-353c967d0ecc@group-9FFAAA1D27BF-StateMachineUpdater] INFO  server.RaftServer$Division (LeaderStateImpl.java:isApplied(316)) - leader is ready since appliedIndex == 0 >= startIndex == 0
2023-12-19 18:18:07,015 [a90b24a4-d9f8-4f3b-8812-3b02ea4f687f@group-C5B5555F532B-SegmentedRaftLogWorker] INFO  segmented.SegmentedRaftLogWorker (SegmentedRaftLogWorker.java:execute(632)) - a90b24a4-d9f8-4f3b-8812-3b02ea4f687f@group-C5B5555F532B-SegmentedRaftLogWorker: created new log segment /home/runner/work/ozone/ozone/hadoop-ozone/integration-test/target/test-dir/MiniOzoneClusterImpl-c3f67427-b36b-4ee4-bde0-91623ce58163/datanode-10/data/ratis/de160eb7-3d62-4127-a30b-c5b5555f532b/current/log_inprogress_0
2023-12-19 18:18:07,024 [c27b4a8c-9932-4b8f-bf34-353c967d0ecc-server-thread1] INFO  ratis.XceiverServerRatis (XceiverServerRatis.java:handleLeaderChangedNotification(935)) - Leader change notification received for group: group-C5B5555F532B with new leaderId: a90b24a4-d9f8-4f3b-8812-3b02ea4f687f
2023-12-19 18:18:07,024 [c27b4a8c-9932-4b8f-bf34-353c967d0ecc-server-thread1] INFO  server.RaftServer$Division (ServerState.java:setLeader(265)) - c27b4a8c-9932-4b8f-bf34-353c967d0ecc@group-C5B5555F532B: change Leader from null to a90b24a4-d9f8-4f3b-8812-3b02ea4f687f at term 1 for appendEntries, leader elected after 5160ms
2023-12-19 18:18:07,024 [7fe801a6-aabd-4c1e-b418-af74b08e6351@group-9FFAAA1D27BF-SegmentedRaftLogWorker] INFO  segmented.SegmentedRaftLogWorker (SegmentedRaftLogWorker.java:execute(632)) - 7fe801a6-aabd-4c1e-b418-af74b08e6351@group-9FFAAA1D27BF-SegmentedRaftLogWorker: created new log segment /home/runner/work/ozone/ozone/hadoop-ozone/integration-test/target/test-dir/MiniOzoneClusterImpl-c3f67427-b36b-4ee4-bde0-91623ce58163/datanode-9/data/ratis/20585b8c-633c-41dc-806a-9ffaaa1d27bf/current/log_inprogress_0
2023-12-19 18:18:07,025 [7fe801a6-aabd-4c1e-b418-af74b08e6351-server-thread1] INFO  ratis.XceiverServerRatis (XceiverServerRatis.java:handleLeaderChangedNotification(935)) - Leader change notification received for group: group-C5B5555F532B with new leaderId: a90b24a4-d9f8-4f3b-8812-3b02ea4f687f
2023-12-19 18:18:07,025 [7fe801a6-aabd-4c1e-b418-af74b08e6351-server-thread1] INFO  server.RaftServer$Division (ServerState.java:setLeader(265)) - 7fe801a6-aabd-4c1e-b418-af74b08e6351@group-C5B5555F532B: change Leader from null to a90b24a4-d9f8-4f3b-8812-3b02ea4f687f at term 1 for appendEntries, leader elected after 5324ms
2023-12-19 18:18:07,025 [c27b4a8c-9932-4b8f-bf34-353c967d0ecc-server-thread2] INFO  server.RaftServer$Division (ServerState.java:setRaftConf(382)) - c27b4a8c-9932-4b8f-bf34-353c967d0ecc@group-C5B5555F532B: set configuration 0: peers:[c27b4a8c-9932-4b8f-bf34-353c967d0ecc|10.1.0.19:15113, a90b24a4-d9f8-4f3b-8812-3b02ea4f687f|10.1.0.19:15104, 7fe801a6-aabd-4c1e-b418-af74b08e6351|10.1.0.19:15095]|listeners:[], old=null
2023-12-19 18:18:07,025 [c27b4a8c-9932-4b8f-bf34-353c967d0ecc-server-thread2] INFO  segmented.SegmentedRaftLogWorker (SegmentedRaftLogWorker.java:startLogSegment(428)) - c27b4a8c-9932-4b8f-bf34-353c967d0ecc@group-C5B5555F532B-SegmentedRaftLogWorker: Starting segment from index:0
2023-12-19 18:18:07,027 [7fe801a6-aabd-4c1e-b418-af74b08e6351-server-thread3] INFO  server.RaftServer$Division (ServerState.java:setRaftConf(382)) - 7fe801a6-aabd-4c1e-b418-af74b08e6351@group-C5B5555F532B: set configuration 0: peers:[c27b4a8c-9932-4b8f-bf34-353c967d0ecc|10.1.0.19:15113, a90b24a4-d9f8-4f3b-8812-3b02ea4f687f|10.1.0.19:15104, 7fe801a6-aabd-4c1e-b418-af74b08e6351|10.1.0.19:15095]|listeners:[], old=null
2023-12-19 18:18:07,027 [7fe801a6-aabd-4c1e-b418-af74b08e6351-server-thread3] INFO  segmented.SegmentedRaftLogWorker (SegmentedRaftLogWorker.java:startLogSegment(428)) - 7fe801a6-aabd-4c1e-b418-af74b08e6351@group-C5B5555F532B-SegmentedRaftLogWorker: Starting segment from index:0
2023-12-19 18:18:07,042 [c27b4a8c-9932-4b8f-bf34-353c967d0ecc@group-C5B5555F532B-SegmentedRaftLogWorker] INFO  segmented.SegmentedRaftLogWorker (SegmentedRaftLogWorker.java:execute(632)) - c27b4a8c-9932-4b8f-bf34-353c967d0ecc@group-C5B5555F532B-SegmentedRaftLogWorker: created new log segment /home/runner/work/ozone/ozone/hadoop-ozone/integration-test/target/test-dir/MiniOzoneClusterImpl-c3f67427-b36b-4ee4-bde0-91623ce58163/datanode-11/data/ratis/de160eb7-3d62-4127-a30b-c5b5555f532b/current/log_inprogress_0
2023-12-19 18:18:07,043 [7fe801a6-aabd-4c1e-b418-af74b08e6351@group-C5B5555F532B-SegmentedRaftLogWorker] INFO  segmented.SegmentedRaftLogWorker (SegmentedRaftLogWorker.java:execute(632)) - 7fe801a6-aabd-4c1e-b418-af74b08e6351@group-C5B5555F532B-SegmentedRaftLogWorker: created new log segment /home/runner/work/ozone/ozone/hadoop-ozone/integration-test/target/test-dir/MiniOzoneClusterImpl-c3f67427-b36b-4ee4-bde0-91623ce58163/datanode-9/data/ratis/de160eb7-3d62-4127-a30b-c5b5555f532b/current/log_inprogress_0
2023-12-19 18:18:07,044 [a90b24a4-d9f8-4f3b-8812-3b02ea4f687f@group-C5B5555F532B-StateMachineUpdater] INFO  server.RaftServer$Division (LeaderStateImpl.java:isApplied(316)) - leader is ready since appliedIndex == 0 >= startIndex == 0
2023-12-19 18:18:07,058 [IPC Server handler 1 on default port 15001] WARN  node.SCMNodeManager (SCMNodeManager.java:getNodesByAddress(1440)) - address is null
]]></system-out>
  </testcase>
  <testcase name="bucketUsedBytesOverWrite(BucketLayout)[2]" classname="org.apache.hadoop.ozone.client.rpc.TestSecureOzoneRpcClient" time="0.118">
    <system-out><![CDATA[2023-12-19 18:18:07,123 [main] INFO  rpc.RpcClient (RpcClient.java:createVolume(456)) - Creating Volume: 9edb921a-7c7a-4ed7-a590-8e79d7d6b8eb, with runner as owner and space quota set to -1 bytes, counts quota set to -1
2023-12-19 18:18:07,126 [om1-OMStateMachineApplyTransactionThread - 0] INFO  volume.OMVolumeCreateRequest (OMVolumeCreateRequest.java:validateAndUpdateCache(197)) - created volume:9edb921a-7c7a-4ed7-a590-8e79d7d6b8eb for user:runner
2023-12-19 18:18:07,129 [main] INFO  rpc.RpcClient (RpcClient.java:createBucket(683)) - Creating Bucket: 9edb921a-7c7a-4ed7-a590-8e79d7d6b8eb/108f60cf-a1a9-432c-aeae-ec6c1069d7a6, with bucket layout LEGACY, runner as owner, Versioning true, Storage Type set to DISK and Encryption set to false, Replication Type set to server-side default replication type, Namespace Quota set to -1, Space Quota set to -1 
2023-12-19 18:18:07,131 [om1-OMStateMachineApplyTransactionThread - 0] INFO  bucket.OMBucketCreateRequest (OMBucketCreateRequest.java:validateAndUpdateCache(295)) - created bucket: 108f60cf-a1a9-432c-aeae-ec6c1069d7a6 of layout LEGACY in volume: 9edb921a-7c7a-4ed7-a590-8e79d7d6b8eb
2023-12-19 18:18:07,140 [IPC Server handler 7 on default port 15001] WARN  node.SCMNodeManager (SCMNodeManager.java:getNodesByAddress(1440)) - address is null
2023-12-19 18:18:07,193 [IPC Server handler 6 on default port 15001] WARN  node.SCMNodeManager (SCMNodeManager.java:getNodesByAddress(1440)) - address is null
]]></system-out>
  </testcase>
  <testcase name="bucketUsedBytesOverWrite(BucketLayout)[3]" classname="org.apache.hadoop.ozone.client.rpc.TestSecureOzoneRpcClient" time="0.097">
    <system-out><![CDATA[2023-12-19 18:18:07,242 [main] INFO  rpc.RpcClient (RpcClient.java:createVolume(456)) - Creating Volume: d2e2cef3-4c4d-44a3-bae3-9e0fb3eab52d, with runner as owner and space quota set to -1 bytes, counts quota set to -1
2023-12-19 18:18:07,246 [om1-OMStateMachineApplyTransactionThread - 0] INFO  volume.OMVolumeCreateRequest (OMVolumeCreateRequest.java:validateAndUpdateCache(197)) - created volume:d2e2cef3-4c4d-44a3-bae3-9e0fb3eab52d for user:runner
2023-12-19 18:18:07,249 [main] INFO  rpc.RpcClient (RpcClient.java:createBucket(683)) - Creating Bucket: d2e2cef3-4c4d-44a3-bae3-9e0fb3eab52d/807ac7d1-cc29-4780-bfa8-1251002a019f, with bucket layout FILE_SYSTEM_OPTIMIZED, runner as owner, Versioning true, Storage Type set to DISK and Encryption set to false, Replication Type set to server-side default replication type, Namespace Quota set to -1, Space Quota set to -1 
2023-12-19 18:18:07,252 [om1-OMStateMachineApplyTransactionThread - 0] INFO  bucket.OMBucketCreateRequest (OMBucketCreateRequest.java:validateAndUpdateCache(295)) - created bucket: 807ac7d1-cc29-4780-bfa8-1251002a019f of layout FILE_SYSTEM_OPTIMIZED in volume: d2e2cef3-4c4d-44a3-bae3-9e0fb3eab52d
2023-12-19 18:18:07,261 [IPC Server handler 2 on default port 15001] WARN  node.SCMNodeManager (SCMNodeManager.java:getNodesByAddress(1440)) - address is null
2023-12-19 18:18:07,296 [IPC Server handler 3 on default port 15001] WARN  node.SCMNodeManager (SCMNodeManager.java:getNodesByAddress(1440)) - address is null
]]></system-out>
  </testcase>
  <testcase name="testAbortUploadFail" classname="org.apache.hadoop.ozone.client.rpc.TestSecureOzoneRpcClient" time="0.033">
    <system-out><![CDATA[2023-12-19 18:18:07,341 [main] INFO  rpc.RpcClient (RpcClient.java:createVolume(456)) - Creating Volume: 57426745-dd34-461a-8a2c-c6f0ae2266f2, with runner as owner and space quota set to -1 bytes, counts quota set to -1
2023-12-19 18:18:07,344 [om1-OMStateMachineApplyTransactionThread - 0] INFO  volume.OMVolumeCreateRequest (OMVolumeCreateRequest.java:validateAndUpdateCache(197)) - created volume:57426745-dd34-461a-8a2c-c6f0ae2266f2 for user:runner
2023-12-19 18:18:07,346 [main] INFO  rpc.RpcClient (RpcClient.java:createBucket(683)) - Creating Bucket: 57426745-dd34-461a-8a2c-c6f0ae2266f2/6ed8f91e-797e-4d0f-90f5-7789f7b3639e, with server-side default bucket layout, runner as owner, Versioning false, Storage Type set to DISK and Encryption set to false, Replication Type set to server-side default replication type, Namespace Quota set to -1, Space Quota set to -1 
2023-12-19 18:18:07,348 [om1-OMStateMachineApplyTransactionThread - 0] INFO  bucket.OMBucketCreateRequest (OMBucketCreateRequest.java:validateAndUpdateCache(295)) - created bucket: 6ed8f91e-797e-4d0f-90f5-7789f7b3639e of layout OBJECT_STORE in volume: 57426745-dd34-461a-8a2c-c6f0ae2266f2
18:18:07.362 [om1-OMStateMachineApplyTransactionThread - 0] ERROR OMAudit - user=runner | ip=127.0.0.1 | op=ABORT_MULTIPART_UPLOAD {volume=57426745-dd34-461a-8a2c-c6f0ae2266f2, bucket=6ed8f91e-797e-4d0f-90f5-7789f7b3639e, key=5804d8c3-1471-44f6-829b-8cbe3f985e3a, dataSize=0, replicationType=NONE, replicationFactor=ZERO} | ret=FAILURE
org.apache.hadoop.ozone.om.exceptions.OMException: Abort Multipart Upload Failed: volume: 57426745-dd34-461a-8a2c-c6f0ae2266f2bucket: 6ed8f91e-797e-4d0f-90f5-7789f7b3639ekey: 5804d8c3-1471-44f6-829b-8cbe3f985e3a
	at org.apache.hadoop.ozone.om.request.s3.multipart.S3MultipartUploadAbortRequest.validateAndUpdateCache(S3MultipartUploadAbortRequest.java:161) ~[ozone-manager-1.5.0-SNAPSHOT.jar:?]
	at org.apache.hadoop.ozone.protocolPB.OzoneManagerRequestHandler.lambda$0(OzoneManagerRequestHandler.java:398) ~[ozone-manager-1.5.0-SNAPSHOT.jar:?]
	at org.apache.hadoop.util.MetricUtil.captureLatencyNs(MetricUtil.java:39) ~[hdds-common-1.5.0-SNAPSHOT.jar:?]
	at org.apache.hadoop.ozone.protocolPB.OzoneManagerRequestHandler.handleWriteRequest(OzoneManagerRequestHandler.java:394) ~[ozone-manager-1.5.0-SNAPSHOT.jar:?]
	at org.apache.hadoop.ozone.om.ratis.OzoneManagerStateMachine.runCommand(OzoneManagerStateMachine.java:582) ~[ozone-manager-1.5.0-SNAPSHOT.jar:?]
	at org.apache.hadoop.ozone.om.ratis.OzoneManagerStateMachine.lambda$1(OzoneManagerStateMachine.java:370) ~[ozone-manager-1.5.0-SNAPSHOT.jar:?]
	at java.util.concurrent.CompletableFuture$AsyncSupply.run(CompletableFuture.java:1604) [?:1.8.0_392]
	at java.util.concurrent.ThreadPoolExecutor.runWorker(ThreadPoolExecutor.java:1149) [?:1.8.0_392]
	at java.util.concurrent.ThreadPoolExecutor$Worker.run(ThreadPoolExecutor.java:624) [?:1.8.0_392]
	at java.lang.Thread.run(Thread.java:750) [?:1.8.0_392]
2023-12-19 18:18:07,370 [om1-OMStateMachineApplyTransactionThread - 0] ERROR multipart.S3MultipartUploadAbortRequest (S3MultipartUploadAbortRequest.java:validateAndUpdateCache(221)) - Abort Multipart request is failed for KeyName 5804d8c3-1471-44f6-829b-8cbe3f985e3a in VolumeName/Bucket 57426745-dd34-461a-8a2c-c6f0ae2266f2/6ed8f91e-797e-4d0f-90f5-7789f7b3639e
NO_SUCH_MULTIPART_UPLOAD_ERROR org.apache.hadoop.ozone.om.exceptions.OMException: Abort Multipart Upload Failed: volume: 57426745-dd34-461a-8a2c-c6f0ae2266f2bucket: 6ed8f91e-797e-4d0f-90f5-7789f7b3639ekey: 5804d8c3-1471-44f6-829b-8cbe3f985e3a
	at org.apache.hadoop.ozone.om.request.s3.multipart.S3MultipartUploadAbortRequest.validateAndUpdateCache(S3MultipartUploadAbortRequest.java:161)
	at org.apache.hadoop.ozone.protocolPB.OzoneManagerRequestHandler.lambda$0(OzoneManagerRequestHandler.java:398)
	at org.apache.hadoop.util.MetricUtil.captureLatencyNs(MetricUtil.java:39)
	at org.apache.hadoop.ozone.protocolPB.OzoneManagerRequestHandler.handleWriteRequest(OzoneManagerRequestHandler.java:394)
	at org.apache.hadoop.ozone.om.ratis.OzoneManagerStateMachine.runCommand(OzoneManagerStateMachine.java:582)
	at org.apache.hadoop.ozone.om.ratis.OzoneManagerStateMachine.lambda$1(OzoneManagerStateMachine.java:370)
	at java.util.concurrent.CompletableFuture$AsyncSupply.run(CompletableFuture.java:1604)
	at java.util.concurrent.ThreadPoolExecutor.runWorker(ThreadPoolExecutor.java:1149)
	at java.util.concurrent.ThreadPoolExecutor$Worker.run(ThreadPoolExecutor.java:624)
	at java.lang.Thread.run(Thread.java:750)
]]></system-out>
  </testcase>
  <testcase name="testAbortUploadFailWithInProgressPartUpload" classname="org.apache.hadoop.ozone.client.rpc.TestSecureOzoneRpcClient" time="0.086">
    <system-out><![CDATA[2023-12-19 18:18:07,374 [main] INFO  rpc.RpcClient (RpcClient.java:createVolume(456)) - Creating Volume: c1971376-1d0a-4341-bd4c-f7b15e01b3c8, with runner as owner and space quota set to -1 bytes, counts quota set to -1
2023-12-19 18:18:07,377 [om1-OMStateMachineApplyTransactionThread - 0] INFO  volume.OMVolumeCreateRequest (OMVolumeCreateRequest.java:validateAndUpdateCache(197)) - created volume:c1971376-1d0a-4341-bd4c-f7b15e01b3c8 for user:runner
2023-12-19 18:18:07,380 [main] INFO  rpc.RpcClient (RpcClient.java:createBucket(683)) - Creating Bucket: c1971376-1d0a-4341-bd4c-f7b15e01b3c8/3c9649c0-91b3-416a-ba5a-96a1cb7bc27f, with server-side default bucket layout, runner as owner, Versioning false, Storage Type set to DISK and Encryption set to false, Replication Type set to server-side default replication type, Namespace Quota set to -1, Space Quota set to -1 
2023-12-19 18:18:07,382 [om1-OMStateMachineApplyTransactionThread - 0] INFO  bucket.OMBucketCreateRequest (OMBucketCreateRequest.java:validateAndUpdateCache(295)) - created bucket: 3c9649c0-91b3-416a-ba5a-96a1cb7bc27f of layout OBJECT_STORE in volume: c1971376-1d0a-4341-bd4c-f7b15e01b3c8
2023-12-19 18:18:07,407 [IPC Server handler 1 on default port 15001] WARN  node.SCMNodeManager (SCMNodeManager.java:getNodesByAddress(1440)) - address is null
18:18:07.456 [om1-OMStateMachineApplyTransactionThread - 0] ERROR OMAudit - user=runner | ip=127.0.0.1 | op=COMMIT_MULTIPART_UPLOAD_PARTKEY {volume=c1971376-1d0a-4341-bd4c-f7b15e01b3c8, bucket=3c9649c0-91b3-416a-ba5a-96a1cb7bc27f, key=c7004637-bddf-4e31-9685-cc97e06bdaa3, dataSize=4, replicationType=NONE, replicationFactor=ZERO, partNumber=1, partName=/c1971376-1d0a-4341-bd4c-f7b15e01b3c8/3c9649c0-91b3-416a-ba5a-96a1cb7bc27f/c7004637-bddf-4e31-9685-cc97e06bdaa3-fb06ea34-d6f5-4917-a1d2-4519a12fb276-111608455979925511-1} | ret=FAILURE
org.apache.hadoop.ozone.om.exceptions.OMException: No such Multipart upload is with specified uploadId fb06ea34-d6f5-4917-a1d2-4519a12fb276-111608455979925511
	at org.apache.hadoop.ozone.om.request.s3.multipart.S3MultipartUploadCommitPartRequest.validateAndUpdateCache(S3MultipartUploadCommitPartRequest.java:191) ~[ozone-manager-1.5.0-SNAPSHOT.jar:?]
	at org.apache.hadoop.ozone.protocolPB.OzoneManagerRequestHandler.lambda$0(OzoneManagerRequestHandler.java:398) ~[ozone-manager-1.5.0-SNAPSHOT.jar:?]
	at org.apache.hadoop.util.MetricUtil.captureLatencyNs(MetricUtil.java:39) ~[hdds-common-1.5.0-SNAPSHOT.jar:?]
	at org.apache.hadoop.ozone.protocolPB.OzoneManagerRequestHandler.handleWriteRequest(OzoneManagerRequestHandler.java:394) ~[ozone-manager-1.5.0-SNAPSHOT.jar:?]
	at org.apache.hadoop.ozone.om.ratis.OzoneManagerStateMachine.runCommand(OzoneManagerStateMachine.java:582) ~[ozone-manager-1.5.0-SNAPSHOT.jar:?]
	at org.apache.hadoop.ozone.om.ratis.OzoneManagerStateMachine.lambda$1(OzoneManagerStateMachine.java:370) ~[ozone-manager-1.5.0-SNAPSHOT.jar:?]
	at java.util.concurrent.CompletableFuture$AsyncSupply.run(CompletableFuture.java:1604) [?:1.8.0_392]
	at java.util.concurrent.ThreadPoolExecutor.runWorker(ThreadPoolExecutor.java:1149) [?:1.8.0_392]
	at java.util.concurrent.ThreadPoolExecutor$Worker.run(ThreadPoolExecutor.java:624) [?:1.8.0_392]
	at java.lang.Thread.run(Thread.java:750) [?:1.8.0_392]
2023-12-19 18:18:07,456 [om1-OMStateMachineApplyTransactionThread - 0] ERROR multipart.S3MultipartUploadCommitPartRequest (S3MultipartUploadCommitPartRequest.java:logResult(331)) - MultipartUpload Commit is failed for Key:c7004637-bddf-4e31-9685-cc97e06bdaa3 in Volume/Bucket c1971376-1d0a-4341-bd4c-f7b15e01b3c8/3c9649c0-91b3-416a-ba5a-96a1cb7bc27f
NO_SUCH_MULTIPART_UPLOAD_ERROR org.apache.hadoop.ozone.om.exceptions.OMException: No such Multipart upload is with specified uploadId fb06ea34-d6f5-4917-a1d2-4519a12fb276-111608455979925511
	at org.apache.hadoop.ozone.om.request.s3.multipart.S3MultipartUploadCommitPartRequest.validateAndUpdateCache(S3MultipartUploadCommitPartRequest.java:191)
	at org.apache.hadoop.ozone.protocolPB.OzoneManagerRequestHandler.lambda$0(OzoneManagerRequestHandler.java:398)
	at org.apache.hadoop.util.MetricUtil.captureLatencyNs(MetricUtil.java:39)
	at org.apache.hadoop.ozone.protocolPB.OzoneManagerRequestHandler.handleWriteRequest(OzoneManagerRequestHandler.java:394)
	at org.apache.hadoop.ozone.om.ratis.OzoneManagerStateMachine.runCommand(OzoneManagerStateMachine.java:582)
	at org.apache.hadoop.ozone.om.ratis.OzoneManagerStateMachine.lambda$1(OzoneManagerStateMachine.java:370)
	at java.util.concurrent.CompletableFuture$AsyncSupply.run(CompletableFuture.java:1604)
	at java.util.concurrent.ThreadPoolExecutor.runWorker(ThreadPoolExecutor.java:1149)
	at java.util.concurrent.ThreadPoolExecutor$Worker.run(ThreadPoolExecutor.java:624)
	at java.lang.Thread.run(Thread.java:750)
]]></system-out>
  </testcase>
  <testcase name="testAbortUploadSuccessWithOutAnyParts" classname="org.apache.hadoop.ozone.client.rpc.TestSecureOzoneRpcClient" time="0.017">
    <system-out><![CDATA[2023-12-19 18:18:07,461 [main] INFO  rpc.RpcClient (RpcClient.java:createVolume(456)) - Creating Volume: 417e7f1a-34d9-45dd-9e4e-f28d6a7eeae9, with runner as owner and space quota set to -1 bytes, counts quota set to -1
2023-12-19 18:18:07,464 [om1-OMStateMachineApplyTransactionThread - 0] INFO  volume.OMVolumeCreateRequest (OMVolumeCreateRequest.java:validateAndUpdateCache(197)) - created volume:417e7f1a-34d9-45dd-9e4e-f28d6a7eeae9 for user:runner
2023-12-19 18:18:07,466 [main] INFO  rpc.RpcClient (RpcClient.java:createBucket(683)) - Creating Bucket: 417e7f1a-34d9-45dd-9e4e-f28d6a7eeae9/362fb3f0-31bc-4e63-862f-6b47838d0953, with server-side default bucket layout, runner as owner, Versioning false, Storage Type set to DISK and Encryption set to false, Replication Type set to server-side default replication type, Namespace Quota set to -1, Space Quota set to -1 
2023-12-19 18:18:07,468 [om1-OMStateMachineApplyTransactionThread - 0] INFO  bucket.OMBucketCreateRequest (OMBucketCreateRequest.java:validateAndUpdateCache(295)) - created bucket: 362fb3f0-31bc-4e63-862f-6b47838d0953 of layout OBJECT_STORE in volume: 417e7f1a-34d9-45dd-9e4e-f28d6a7eeae9
]]></system-out>
  </testcase>
  <testcase name="testAbortUploadSuccessWithParts" classname="org.apache.hadoop.ozone.client.rpc.TestSecureOzoneRpcClient" time="0.059">
    <system-out><![CDATA[2023-12-19 18:18:07,480 [main] INFO  rpc.RpcClient (RpcClient.java:createVolume(456)) - Creating Volume: a061d61e-5a7f-4fb9-a14a-be88f27ed449, with runner as owner and space quota set to -1 bytes, counts quota set to -1
2023-12-19 18:18:07,482 [om1-OMStateMachineApplyTransactionThread - 0] INFO  volume.OMVolumeCreateRequest (OMVolumeCreateRequest.java:validateAndUpdateCache(197)) - created volume:a061d61e-5a7f-4fb9-a14a-be88f27ed449 for user:runner
2023-12-19 18:18:07,485 [main] INFO  rpc.RpcClient (RpcClient.java:createBucket(683)) - Creating Bucket: a061d61e-5a7f-4fb9-a14a-be88f27ed449/fbf4da85-cb89-4154-b7a2-51be4b88df2f, with server-side default bucket layout, runner as owner, Versioning false, Storage Type set to DISK and Encryption set to false, Replication Type set to server-side default replication type, Namespace Quota set to -1, Space Quota set to -1 
2023-12-19 18:18:07,487 [om1-OMStateMachineApplyTransactionThread - 0] INFO  bucket.OMBucketCreateRequest (OMBucketCreateRequest.java:validateAndUpdateCache(295)) - created bucket: fbf4da85-cb89-4154-b7a2-51be4b88df2f of layout OBJECT_STORE in volume: a061d61e-5a7f-4fb9-a14a-be88f27ed449
2023-12-19 18:18:07,497 [IPC Server handler 7 on default port 15001] WARN  node.SCMNodeManager (SCMNodeManager.java:getNodesByAddress(1440)) - address is null
]]></system-out>
  </testcase>
  <testcase name="testAclsAfterCallingSetBucketProperty" classname="org.apache.hadoop.ozone.client.rpc.TestSecureOzoneRpcClient" time="0.028">
    <system-out><![CDATA[2023-12-19 18:18:07,539 [main] INFO  rpc.RpcClient (RpcClient.java:createVolume(456)) - Creating Volume: 1fce6eb8-3030-4023-bf83-263148c3dcf0, with runner as owner and space quota set to -1 bytes, counts quota set to -1
2023-12-19 18:18:07,542 [om1-OMStateMachineApplyTransactionThread - 0] INFO  volume.OMVolumeCreateRequest (OMVolumeCreateRequest.java:validateAndUpdateCache(197)) - created volume:1fce6eb8-3030-4023-bf83-263148c3dcf0 for user:runner
2023-12-19 18:18:07,544 [main] INFO  rpc.RpcClient (RpcClient.java:createBucket(683)) - Creating Bucket: 1fce6eb8-3030-4023-bf83-263148c3dcf0/00a453de-3e4f-4506-a4eb-1f1d313a4681, with server-side default bucket layout, runner as owner, Versioning false, Storage Type set to DISK and Encryption set to false, Replication Type set to server-side default replication type, Namespace Quota set to -1, Space Quota set to -1 
2023-12-19 18:18:07,546 [om1-OMStateMachineApplyTransactionThread - 0] INFO  bucket.OMBucketCreateRequest (OMBucketCreateRequest.java:validateAndUpdateCache(295)) - created bucket: 00a453de-3e4f-4506-a4eb-1f1d313a4681 of layout OBJECT_STORE in volume: 1fce6eb8-3030-4023-bf83-263148c3dcf0
]]></system-out>
  </testcase>
  <testcase name="testAddBucketAcl" classname="org.apache.hadoop.ozone.client.rpc.TestSecureOzoneRpcClient" time="0.022">
    <system-out><![CDATA[2023-12-19 18:18:07,568 [main] INFO  rpc.RpcClient (RpcClient.java:createVolume(456)) - Creating Volume: 06a0d5aa-5092-4c14-9e9d-409f5dc107a4, with runner as owner and space quota set to -1 bytes, counts quota set to -1
2023-12-19 18:18:07,570 [om1-OMStateMachineApplyTransactionThread - 0] INFO  volume.OMVolumeCreateRequest (OMVolumeCreateRequest.java:validateAndUpdateCache(197)) - created volume:06a0d5aa-5092-4c14-9e9d-409f5dc107a4 for user:runner
2023-12-19 18:18:07,573 [main] INFO  rpc.RpcClient (RpcClient.java:createBucket(683)) - Creating Bucket: 06a0d5aa-5092-4c14-9e9d-409f5dc107a4/9e9fd326-5899-4a5b-ab54-9992871bd986, with server-side default bucket layout, runner as owner, Versioning false, Storage Type set to DISK and Encryption set to false, Replication Type set to server-side default replication type, Namespace Quota set to -1, Space Quota set to -1 
2023-12-19 18:18:07,575 [om1-OMStateMachineApplyTransactionThread - 0] INFO  bucket.OMBucketCreateRequest (OMBucketCreateRequest.java:validateAndUpdateCache(295)) - created bucket: 9e9fd326-5899-4a5b-ab54-9992871bd986 of layout OBJECT_STORE in volume: 06a0d5aa-5092-4c14-9e9d-409f5dc107a4
]]></system-out>
  </testcase>
  <testcase name="testBucketQuota(ReplicationConfig)[1]" classname="org.apache.hadoop.ozone.client.rpc.TestSecureOzoneRpcClient" time="0.505">
    <system-out><![CDATA[2023-12-19 18:18:07,592 [main] INFO  rpc.RpcClient (RpcClient.java:createVolume(456)) - Creating Volume: 70c4d2b6-83f8-4f31-9017-23ace5ecb285, with runner as owner and space quota set to -1 bytes, counts quota set to -1
2023-12-19 18:18:07,595 [om1-OMStateMachineApplyTransactionThread - 0] INFO  volume.OMVolumeCreateRequest (OMVolumeCreateRequest.java:validateAndUpdateCache(197)) - created volume:70c4d2b6-83f8-4f31-9017-23ace5ecb285 for user:runner
2023-12-19 18:18:07,596 [main] INFO  rpc.RpcClient (RpcClient.java:createBucket(683)) - Creating Bucket: 70c4d2b6-83f8-4f31-9017-23ace5ecb285/30636757-717d-451f-9f96-76baaf88b915, with server-side default bucket layout, runner as owner, Versioning false, Storage Type set to DISK and Encryption set to false, Replication Type set to server-side default replication type, Namespace Quota set to -1, Space Quota set to -1 
2023-12-19 18:18:07,599 [om1-OMStateMachineApplyTransactionThread - 0] INFO  bucket.OMBucketCreateRequest (OMBucketCreateRequest.java:validateAndUpdateCache(295)) - created bucket: 30636757-717d-451f-9f96-76baaf88b915 of layout OBJECT_STORE in volume: 70c4d2b6-83f8-4f31-9017-23ace5ecb285
2023-12-19 18:18:07,604 [IPC Server handler 6 on default port 15001] WARN  node.SCMNodeManager (SCMNodeManager.java:getNodesByAddress(1440)) - address is null
2023-12-19 18:18:07,618 [IPC Server handler 2 on default port 15001] WARN  node.SCMNodeManager (SCMNodeManager.java:getNodesByAddress(1440)) - address is null
2023-12-19 18:18:07,643 [main] INFO  rpc.RpcClient (RpcClient.java:createVolume(456)) - Creating Volume: 9d5911f0-f47d-444c-bb68-2bfcd00e4a0b, with runner as owner and space quota set to -1 bytes, counts quota set to -1
2023-12-19 18:18:07,645 [om1-OMStateMachineApplyTransactionThread - 0] INFO  volume.OMVolumeCreateRequest (OMVolumeCreateRequest.java:validateAndUpdateCache(197)) - created volume:9d5911f0-f47d-444c-bb68-2bfcd00e4a0b for user:runner
2023-12-19 18:18:07,648 [main] INFO  rpc.RpcClient (RpcClient.java:createBucket(683)) - Creating Bucket: 9d5911f0-f47d-444c-bb68-2bfcd00e4a0b/d706e46a-3e7e-4a32-8c1a-aba2aadba9f8, with server-side default bucket layout, runner as owner, Versioning false, Storage Type set to DISK and Encryption set to false, Replication Type set to server-side default replication type, Namespace Quota set to -1, Space Quota set to -1 
2023-12-19 18:18:07,650 [om1-OMStateMachineApplyTransactionThread - 0] INFO  bucket.OMBucketCreateRequest (OMBucketCreateRequest.java:validateAndUpdateCache(295)) - created bucket: d706e46a-3e7e-4a32-8c1a-aba2aadba9f8 of layout OBJECT_STORE in volume: 9d5911f0-f47d-444c-bb68-2bfcd00e4a0b
2023-12-19 18:18:07,655 [IPC Server handler 4 on default port 15001] WARN  node.SCMNodeManager (SCMNodeManager.java:getNodesByAddress(1440)) - address is null
2023-12-19 18:18:07,689 [IPC Server handler 13 on default port 15001] WARN  node.SCMNodeManager (SCMNodeManager.java:getNodesByAddress(1440)) - address is null
2023-12-19 18:18:07,741 [main] INFO  rpc.RpcClient (RpcClient.java:createVolume(456)) - Creating Volume: 0f49693a-4ad9-47a4-bf72-e52d9014037d, with runner as owner and space quota set to -1 bytes, counts quota set to -1
2023-12-19 18:18:07,743 [om1-OMStateMachineApplyTransactionThread - 0] INFO  volume.OMVolumeCreateRequest (OMVolumeCreateRequest.java:validateAndUpdateCache(197)) - created volume:0f49693a-4ad9-47a4-bf72-e52d9014037d for user:runner
2023-12-19 18:18:07,745 [main] INFO  rpc.RpcClient (RpcClient.java:createBucket(683)) - Creating Bucket: 0f49693a-4ad9-47a4-bf72-e52d9014037d/edc10e54-4dc6-4ab4-9084-78e3500585e5, with server-side default bucket layout, runner as owner, Versioning false, Storage Type set to DISK and Encryption set to false, Replication Type set to server-side default replication type, Namespace Quota set to -1, Space Quota set to -1 
2023-12-19 18:18:07,747 [om1-OMStateMachineApplyTransactionThread - 0] INFO  bucket.OMBucketCreateRequest (OMBucketCreateRequest.java:validateAndUpdateCache(295)) - created bucket: edc10e54-4dc6-4ab4-9084-78e3500585e5 of layout OBJECT_STORE in volume: 0f49693a-4ad9-47a4-bf72-e52d9014037d
2023-12-19 18:18:07,752 [IPC Server handler 18 on default port 15001] WARN  node.SCMNodeManager (SCMNodeManager.java:getNodesByAddress(1440)) - address is null
2023-12-19 18:18:07,817 [IPC Server handler 8 on default port 15001] WARN  node.SCMNodeManager (SCMNodeManager.java:getNodesByAddress(1440)) - address is null
2023-12-19 18:18:07,877 [main] INFO  rpc.RpcClient (RpcClient.java:createVolume(456)) - Creating Volume: d9c82b5d-ad2a-4726-8001-39010dd3b1ab, with runner as owner and space quota set to -1 bytes, counts quota set to -1
2023-12-19 18:18:07,880 [om1-OMStateMachineApplyTransactionThread - 0] INFO  volume.OMVolumeCreateRequest (OMVolumeCreateRequest.java:validateAndUpdateCache(197)) - created volume:d9c82b5d-ad2a-4726-8001-39010dd3b1ab for user:runner
2023-12-19 18:18:07,882 [main] INFO  rpc.RpcClient (RpcClient.java:createBucket(683)) - Creating Bucket: d9c82b5d-ad2a-4726-8001-39010dd3b1ab/37db9dfc-3a6b-4d6c-b56a-23fcff8d54c9, with server-side default bucket layout, runner as owner, Versioning false, Storage Type set to DISK and Encryption set to false, Replication Type set to server-side default replication type, Namespace Quota set to -1, Space Quota set to -1 
2023-12-19 18:18:07,884 [om1-OMStateMachineApplyTransactionThread - 0] INFO  bucket.OMBucketCreateRequest (OMBucketCreateRequest.java:validateAndUpdateCache(295)) - created bucket: 37db9dfc-3a6b-4d6c-b56a-23fcff8d54c9 of layout OBJECT_STORE in volume: d9c82b5d-ad2a-4726-8001-39010dd3b1ab
2023-12-19 18:18:07,889 [IPC Server handler 12 on default port 15001] WARN  node.SCMNodeManager (SCMNodeManager.java:getNodesByAddress(1440)) - address is null
2023-12-19 18:18:07,890 [IPC Server handler 12 on default port 15001] WARN  node.SCMNodeManager (SCMNodeManager.java:getNodesByAddress(1440)) - address is null
2023-12-19 18:18:07,970 [IPC Server handler 16 on default port 15001] WARN  node.SCMNodeManager (SCMNodeManager.java:getNodesByAddress(1440)) - address is null
2023-12-19 18:18:07,972 [IPC Server handler 16 on default port 15001] WARN  node.SCMNodeManager (SCMNodeManager.java:getNodesByAddress(1440)) - address is null
]]></system-out>
  </testcase>
  <testcase name="testBucketQuota(ReplicationConfig)[2]" classname="org.apache.hadoop.ozone.client.rpc.TestSecureOzoneRpcClient" time="2.718">
    <system-out><![CDATA[2023-12-19 18:18:08,098 [main] INFO  rpc.RpcClient (RpcClient.java:createVolume(456)) - Creating Volume: 62368f19-af14-409f-abe2-d3d67b33cfcc, with runner as owner and space quota set to -1 bytes, counts quota set to -1
2023-12-19 18:18:08,100 [om1-OMStateMachineApplyTransactionThread - 0] INFO  volume.OMVolumeCreateRequest (OMVolumeCreateRequest.java:validateAndUpdateCache(197)) - created volume:62368f19-af14-409f-abe2-d3d67b33cfcc for user:runner
2023-12-19 18:18:08,103 [main] INFO  rpc.RpcClient (RpcClient.java:createBucket(683)) - Creating Bucket: 62368f19-af14-409f-abe2-d3d67b33cfcc/f3aebb58-ee46-44df-883f-047a7b89e1e3, with server-side default bucket layout, runner as owner, Versioning false, Storage Type set to DISK and Encryption set to false, Replication Type set to server-side default replication type, Namespace Quota set to -1, Space Quota set to -1 
2023-12-19 18:18:08,105 [om1-OMStateMachineApplyTransactionThread - 0] INFO  bucket.OMBucketCreateRequest (OMBucketCreateRequest.java:validateAndUpdateCache(295)) - created bucket: f3aebb58-ee46-44df-883f-047a7b89e1e3 of layout OBJECT_STORE in volume: 62368f19-af14-409f-abe2-d3d67b33cfcc
2023-12-19 18:18:08,110 [IPC Server handler 14 on default port 15001] WARN  node.SCMNodeManager (SCMNodeManager.java:getNodesByAddress(1440)) - address is null
2023-12-19 18:18:08,126 [IPC Server handler 11 on default port 15001] WARN  node.SCMNodeManager (SCMNodeManager.java:getNodesByAddress(1440)) - address is null
2023-12-19 18:18:08,148 [main] INFO  rpc.RpcClient (RpcClient.java:createVolume(456)) - Creating Volume: 0babf630-31fb-4fa1-a571-5f124dcddd96, with runner as owner and space quota set to -1 bytes, counts quota set to -1
2023-12-19 18:18:08,151 [om1-OMStateMachineApplyTransactionThread - 0] INFO  volume.OMVolumeCreateRequest (OMVolumeCreateRequest.java:validateAndUpdateCache(197)) - created volume:0babf630-31fb-4fa1-a571-5f124dcddd96 for user:runner
2023-12-19 18:18:08,153 [main] INFO  rpc.RpcClient (RpcClient.java:createBucket(683)) - Creating Bucket: 0babf630-31fb-4fa1-a571-5f124dcddd96/13fa39b9-1b8d-4a3c-9b4e-3513539a032b, with server-side default bucket layout, runner as owner, Versioning false, Storage Type set to DISK and Encryption set to false, Replication Type set to server-side default replication type, Namespace Quota set to -1, Space Quota set to -1 
2023-12-19 18:18:08,155 [om1-OMStateMachineApplyTransactionThread - 0] INFO  bucket.OMBucketCreateRequest (OMBucketCreateRequest.java:validateAndUpdateCache(295)) - created bucket: 13fa39b9-1b8d-4a3c-9b4e-3513539a032b of layout OBJECT_STORE in volume: 0babf630-31fb-4fa1-a571-5f124dcddd96
2023-12-19 18:18:08,159 [IPC Server handler 0 on default port 15001] WARN  node.SCMNodeManager (SCMNodeManager.java:getNodesByAddress(1440)) - address is null
2023-12-19 18:18:08,268 [IPC Server handler 3 on default port 15001] WARN  node.SCMNodeManager (SCMNodeManager.java:getNodesByAddress(1440)) - address is null
2023-12-19 18:18:08,357 [main] INFO  rpc.RpcClient (RpcClient.java:createVolume(456)) - Creating Volume: 6e1a1d63-8a74-466e-bf46-dcdec6294053, with runner as owner and space quota set to -1 bytes, counts quota set to -1
2023-12-19 18:18:08,359 [om1-OMStateMachineApplyTransactionThread - 0] INFO  volume.OMVolumeCreateRequest (OMVolumeCreateRequest.java:validateAndUpdateCache(197)) - created volume:6e1a1d63-8a74-466e-bf46-dcdec6294053 for user:runner
2023-12-19 18:18:08,361 [main] INFO  rpc.RpcClient (RpcClient.java:createBucket(683)) - Creating Bucket: 6e1a1d63-8a74-466e-bf46-dcdec6294053/9f2fc382-7ea0-4948-b7e8-02bc40efe6db, with server-side default bucket layout, runner as owner, Versioning false, Storage Type set to DISK and Encryption set to false, Replication Type set to server-side default replication type, Namespace Quota set to -1, Space Quota set to -1 
2023-12-19 18:18:08,364 [om1-OMStateMachineApplyTransactionThread - 0] INFO  bucket.OMBucketCreateRequest (OMBucketCreateRequest.java:validateAndUpdateCache(295)) - created bucket: 9f2fc382-7ea0-4948-b7e8-02bc40efe6db of layout OBJECT_STORE in volume: 6e1a1d63-8a74-466e-bf46-dcdec6294053
2023-12-19 18:18:08,369 [IPC Server handler 1 on default port 15001] WARN  node.SCMNodeManager (SCMNodeManager.java:getNodesByAddress(1440)) - address is null
2023-12-19 18:18:08,539 [IPC Server handler 6 on default port 15001] WARN  node.SCMNodeManager (SCMNodeManager.java:getNodesByAddress(1440)) - address is null
2023-12-19 18:18:08,691 [main] INFO  rpc.RpcClient (RpcClient.java:createVolume(456)) - Creating Volume: 83a6fb9d-2905-46a0-ad1e-b20b440dc0d7, with runner as owner and space quota set to -1 bytes, counts quota set to -1
2023-12-19 18:18:08,693 [om1-OMStateMachineApplyTransactionThread - 0] INFO  volume.OMVolumeCreateRequest (OMVolumeCreateRequest.java:validateAndUpdateCache(197)) - created volume:83a6fb9d-2905-46a0-ad1e-b20b440dc0d7 for user:runner
2023-12-19 18:18:08,695 [main] INFO  rpc.RpcClient (RpcClient.java:createBucket(683)) - Creating Bucket: 83a6fb9d-2905-46a0-ad1e-b20b440dc0d7/f809874a-93af-46e2-ac5b-a5da0bd25082, with server-side default bucket layout, runner as owner, Versioning false, Storage Type set to DISK and Encryption set to false, Replication Type set to server-side default replication type, Namespace Quota set to -1, Space Quota set to -1 
2023-12-19 18:18:08,697 [om1-OMStateMachineApplyTransactionThread - 0] INFO  bucket.OMBucketCreateRequest (OMBucketCreateRequest.java:validateAndUpdateCache(295)) - created bucket: f809874a-93af-46e2-ac5b-a5da0bd25082 of layout OBJECT_STORE in volume: 83a6fb9d-2905-46a0-ad1e-b20b440dc0d7
2023-12-19 18:18:08,702 [IPC Server handler 18 on default port 15001] WARN  node.SCMNodeManager (SCMNodeManager.java:getNodesByAddress(1440)) - address is null
2023-12-19 18:18:08,703 [IPC Server handler 18 on default port 15001] WARN  node.SCMNodeManager (SCMNodeManager.java:getNodesByAddress(1440)) - address is null
2023-12-19 18:18:08,888 [IPC Server handler 12 on default port 15001] WARN  node.SCMNodeManager (SCMNodeManager.java:getNodesByAddress(1440)) - address is null
2023-12-19 18:18:08,890 [IPC Server handler 12 on default port 15001] WARN  node.SCMNodeManager (SCMNodeManager.java:getNodesByAddress(1440)) - address is null
2023-12-19 18:18:09,096 [main] INFO  rpc.RpcClient (RpcClient.java:createVolume(456)) - Creating Volume: f808b0a2-3dcc-4515-b592-2c15c55b381e, with runner as owner and space quota set to -1 bytes, counts quota set to -1
2023-12-19 18:18:09,099 [om1-OMStateMachineApplyTransactionThread - 0] INFO  volume.OMVolumeCreateRequest (OMVolumeCreateRequest.java:validateAndUpdateCache(197)) - created volume:f808b0a2-3dcc-4515-b592-2c15c55b381e for user:runner
2023-12-19 18:18:09,102 [main] INFO  rpc.RpcClient (RpcClient.java:createBucket(683)) - Creating Bucket: f808b0a2-3dcc-4515-b592-2c15c55b381e/8978dcbc-d786-4eef-88ee-8dc2597f8bac, with server-side default bucket layout, runner as owner, Versioning false, Storage Type set to DISK and Encryption set to false, Replication Type set to server-side default replication type, Namespace Quota set to -1, Space Quota set to -1 
2023-12-19 18:18:09,104 [om1-OMStateMachineApplyTransactionThread - 0] INFO  bucket.OMBucketCreateRequest (OMBucketCreateRequest.java:validateAndUpdateCache(295)) - created bucket: 8978dcbc-d786-4eef-88ee-8dc2597f8bac of layout OBJECT_STORE in volume: f808b0a2-3dcc-4515-b592-2c15c55b381e
2023-12-19 18:18:09,109 [IPC Server handler 14 on default port 15001] WARN  node.SCMNodeManager (SCMNodeManager.java:getNodesByAddress(1440)) - address is null
2023-12-19 18:18:09,110 [IPC Server handler 14 on default port 15001] WARN  node.SCMNodeManager (SCMNodeManager.java:getNodesByAddress(1440)) - address is null
2023-12-19 18:18:09,339 [IPC Server handler 1 on default port 15001] WARN  node.SCMNodeManager (SCMNodeManager.java:getNodesByAddress(1440)) - address is null
2023-12-19 18:18:09,339 [IPC Server handler 1 on default port 15001] WARN  node.SCMNodeManager (SCMNodeManager.java:getNodesByAddress(1440)) - address is null
2023-12-19 18:18:09,494 [main] INFO  rpc.RpcClient (RpcClient.java:createVolume(456)) - Creating Volume: f83919d5-78a3-4ce3-9dc1-7d3a6df74f15, with runner as owner and space quota set to -1 bytes, counts quota set to -1
2023-12-19 18:18:09,496 [om1-OMStateMachineApplyTransactionThread - 0] INFO  volume.OMVolumeCreateRequest (OMVolumeCreateRequest.java:validateAndUpdateCache(197)) - created volume:f83919d5-78a3-4ce3-9dc1-7d3a6df74f15 for user:runner
2023-12-19 18:18:09,498 [main] INFO  rpc.RpcClient (RpcClient.java:createBucket(683)) - Creating Bucket: f83919d5-78a3-4ce3-9dc1-7d3a6df74f15/4a70d447-5417-474a-87cc-8b62dc7eacbe, with server-side default bucket layout, runner as owner, Versioning false, Storage Type set to DISK and Encryption set to false, Replication Type set to server-side default replication type, Namespace Quota set to -1, Space Quota set to -1 
2023-12-19 18:18:09,500 [om1-OMStateMachineApplyTransactionThread - 0] INFO  bucket.OMBucketCreateRequest (OMBucketCreateRequest.java:validateAndUpdateCache(295)) - created bucket: 4a70d447-5417-474a-87cc-8b62dc7eacbe of layout OBJECT_STORE in volume: f83919d5-78a3-4ce3-9dc1-7d3a6df74f15
2023-12-19 18:18:09,506 [IPC Server handler 6 on default port 15001] WARN  node.SCMNodeManager (SCMNodeManager.java:getNodesByAddress(1440)) - address is null
2023-12-19 18:18:09,506 [IPC Server handler 6 on default port 15001] WARN  node.SCMNodeManager (SCMNodeManager.java:getNodesByAddress(1440)) - address is null
2023-12-19 18:18:09,507 [IPC Server handler 6 on default port 15001] WARN  node.SCMNodeManager (SCMNodeManager.java:getNodesByAddress(1440)) - address is null
2023-12-19 18:18:09,753 [IPC Server handler 8 on default port 15001] WARN  node.SCMNodeManager (SCMNodeManager.java:getNodesByAddress(1440)) - address is null
2023-12-19 18:18:09,753 [IPC Server handler 8 on default port 15001] WARN  node.SCMNodeManager (SCMNodeManager.java:getNodesByAddress(1440)) - address is null
2023-12-19 18:18:09,755 [IPC Server handler 8 on default port 15001] WARN  node.SCMNodeManager (SCMNodeManager.java:getNodesByAddress(1440)) - address is null
2023-12-19 18:18:09,914 [main] INFO  rpc.RpcClient (RpcClient.java:createVolume(456)) - Creating Volume: 1ada6cc7-22d1-4106-8d20-18d8295fd922, with runner as owner and space quota set to -1 bytes, counts quota set to -1
2023-12-19 18:18:09,917 [om1-OMStateMachineApplyTransactionThread - 0] INFO  volume.OMVolumeCreateRequest (OMVolumeCreateRequest.java:validateAndUpdateCache(197)) - created volume:1ada6cc7-22d1-4106-8d20-18d8295fd922 for user:runner
2023-12-19 18:18:09,919 [main] INFO  rpc.RpcClient (RpcClient.java:createBucket(683)) - Creating Bucket: 1ada6cc7-22d1-4106-8d20-18d8295fd922/daf75e6c-f178-4acd-b447-4c24e2f28b71, with server-side default bucket layout, runner as owner, Versioning false, Storage Type set to DISK and Encryption set to false, Replication Type set to server-side default replication type, Namespace Quota set to -1, Space Quota set to -1 
2023-12-19 18:18:09,921 [om1-OMStateMachineApplyTransactionThread - 0] INFO  bucket.OMBucketCreateRequest (OMBucketCreateRequest.java:validateAndUpdateCache(295)) - created bucket: daf75e6c-f178-4acd-b447-4c24e2f28b71 of layout OBJECT_STORE in volume: 1ada6cc7-22d1-4106-8d20-18d8295fd922
2023-12-19 18:18:09,925 [IPC Server handler 16 on default port 15001] WARN  node.SCMNodeManager (SCMNodeManager.java:getNodesByAddress(1440)) - address is null
2023-12-19 18:18:09,926 [IPC Server handler 16 on default port 15001] WARN  node.SCMNodeManager (SCMNodeManager.java:getNodesByAddress(1440)) - address is null
2023-12-19 18:18:09,926 [IPC Server handler 16 on default port 15001] WARN  node.SCMNodeManager (SCMNodeManager.java:getNodesByAddress(1440)) - address is null
2023-12-19 18:18:10,145 [IPC Server handler 0 on default port 15001] WARN  node.SCMNodeManager (SCMNodeManager.java:getNodesByAddress(1440)) - address is null
2023-12-19 18:18:10,146 [IPC Server handler 0 on default port 15001] WARN  node.SCMNodeManager (SCMNodeManager.java:getNodesByAddress(1440)) - address is null
2023-12-19 18:18:10,146 [IPC Server handler 0 on default port 15001] WARN  node.SCMNodeManager (SCMNodeManager.java:getNodesByAddress(1440)) - address is null
2023-12-19 18:18:10,393 [main] INFO  rpc.RpcClient (RpcClient.java:createVolume(456)) - Creating Volume: 26448cb1-9e35-4b8c-92ae-0c3580de409f, with runner as owner and space quota set to -1 bytes, counts quota set to -1
2023-12-19 18:18:10,395 [om1-OMStateMachineApplyTransactionThread - 0] INFO  volume.OMVolumeCreateRequest (OMVolumeCreateRequest.java:validateAndUpdateCache(197)) - created volume:26448cb1-9e35-4b8c-92ae-0c3580de409f for user:runner
2023-12-19 18:18:10,399 [main] INFO  rpc.RpcClient (RpcClient.java:createBucket(683)) - Creating Bucket: 26448cb1-9e35-4b8c-92ae-0c3580de409f/172bab4f-46bc-49d8-a51a-a31c247d06b3, with server-side default bucket layout, runner as owner, Versioning false, Storage Type set to DISK and Encryption set to false, Replication Type set to server-side default replication type, Namespace Quota set to -1, Space Quota set to -1 
2023-12-19 18:18:10,401 [om1-OMStateMachineApplyTransactionThread - 0] INFO  bucket.OMBucketCreateRequest (OMBucketCreateRequest.java:validateAndUpdateCache(295)) - created bucket: 172bab4f-46bc-49d8-a51a-a31c247d06b3 of layout OBJECT_STORE in volume: 26448cb1-9e35-4b8c-92ae-0c3580de409f
2023-12-19 18:18:10,409 [IPC Server handler 7 on default port 15001] WARN  node.SCMNodeManager (SCMNodeManager.java:getNodesByAddress(1440)) - address is null
2023-12-19 18:18:10,409 [IPC Server handler 7 on default port 15001] WARN  node.SCMNodeManager (SCMNodeManager.java:getNodesByAddress(1440)) - address is null
2023-12-19 18:18:10,409 [IPC Server handler 7 on default port 15001] WARN  node.SCMNodeManager (SCMNodeManager.java:getNodesByAddress(1440)) - address is null
2023-12-19 18:18:10,410 [IPC Server handler 7 on default port 15001] WARN  node.SCMNodeManager (SCMNodeManager.java:getNodesByAddress(1440)) - address is null
2023-12-19 18:18:10,629 [IPC Server handler 4 on default port 15001] WARN  node.SCMNodeManager (SCMNodeManager.java:getNodesByAddress(1440)) - address is null
2023-12-19 18:18:10,629 [IPC Server handler 4 on default port 15001] WARN  node.SCMNodeManager (SCMNodeManager.java:getNodesByAddress(1440)) - address is null
2023-12-19 18:18:10,630 [IPC Server handler 4 on default port 15001] WARN  node.SCMNodeManager (SCMNodeManager.java:getNodesByAddress(1440)) - address is null
2023-12-19 18:18:10,630 [IPC Server handler 4 on default port 15001] WARN  node.SCMNodeManager (SCMNodeManager.java:getNodesByAddress(1440)) - address is null
]]></system-out>
  </testcase>
  <testcase name="testBucketQuota(ReplicationConfig)[3]" classname="org.apache.hadoop.ozone.client.rpc.TestSecureOzoneRpcClient" time="3.107">
    <system-out><![CDATA[2023-12-19 18:18:10,816 [main] INFO  rpc.RpcClient (RpcClient.java:createVolume(456)) - Creating Volume: 4af99357-9560-4706-b8ab-677d2e2a5ed1, with runner as owner and space quota set to -1 bytes, counts quota set to -1
2023-12-19 18:18:10,818 [om1-OMStateMachineApplyTransactionThread - 0] INFO  volume.OMVolumeCreateRequest (OMVolumeCreateRequest.java:validateAndUpdateCache(197)) - created volume:4af99357-9560-4706-b8ab-677d2e2a5ed1 for user:runner
2023-12-19 18:18:10,820 [main] INFO  rpc.RpcClient (RpcClient.java:createBucket(683)) - Creating Bucket: 4af99357-9560-4706-b8ab-677d2e2a5ed1/0c9e6767-5c12-4498-b7b4-0bc8f7f55363, with server-side default bucket layout, runner as owner, Versioning false, Storage Type set to DISK and Encryption set to false, Replication Type set to server-side default replication type, Namespace Quota set to -1, Space Quota set to -1 
2023-12-19 18:18:10,822 [om1-OMStateMachineApplyTransactionThread - 0] INFO  bucket.OMBucketCreateRequest (OMBucketCreateRequest.java:validateAndUpdateCache(295)) - created bucket: 0c9e6767-5c12-4498-b7b4-0bc8f7f55363 of layout OBJECT_STORE in volume: 4af99357-9560-4706-b8ab-677d2e2a5ed1
2023-12-19 18:18:10,829 [IPC Server handler 12 on default port 15001] INFO  algorithms.SCMContainerPlacementRackScatter (SCMContainerPlacementRackScatter.java:chooseDatanodesInternal(370)) - Chosen nodes: [8a9232c4-f36b-4377-b9ad-83954010d1e2(fv-az1381-513.cyf22sgur2jupkghqkt4lwlvwe.cx.internal.cloudapp.net/10.1.0.19), a90b24a4-d9f8-4f3b-8812-3b02ea4f687f(fv-az1381-513.cyf22sgur2jupkghqkt4lwlvwe.cx.internal.cloudapp.net/10.1.0.19), 244ca980-f87d-4e1f-bf92-41859c631eea(fv-az1381-513.cyf22sgur2jupkghqkt4lwlvwe.cx.internal.cloudapp.net/10.1.0.19), 7fe801a6-aabd-4c1e-b418-af74b08e6351(fv-az1381-513.cyf22sgur2jupkghqkt4lwlvwe.cx.internal.cloudapp.net/10.1.0.19), 2d01c37d-c80a-4131-b15b-062508bff67d(fv-az1381-513.cyf22sgur2jupkghqkt4lwlvwe.cx.internal.cloudapp.net/10.1.0.19)]. isPolicySatisfied: true.
2023-12-19 18:18:10,831 [IPC Server handler 12 on default port 15001] INFO  pipeline.WritableECContainerProvider (WritableECContainerProvider.java:allocateContainer(211)) - Created and opened new pipeline Pipeline[ Id: a68054e2-bd1f-4425-8d2f-878fe490386b, Nodes: 8a9232c4-f36b-4377-b9ad-83954010d1e2(fv-az1381-513.cyf22sgur2jupkghqkt4lwlvwe.cx.internal.cloudapp.net/10.1.0.19)a90b24a4-d9f8-4f3b-8812-3b02ea4f687f(fv-az1381-513.cyf22sgur2jupkghqkt4lwlvwe.cx.internal.cloudapp.net/10.1.0.19)244ca980-f87d-4e1f-bf92-41859c631eea(fv-az1381-513.cyf22sgur2jupkghqkt4lwlvwe.cx.internal.cloudapp.net/10.1.0.19)7fe801a6-aabd-4c1e-b418-af74b08e6351(fv-az1381-513.cyf22sgur2jupkghqkt4lwlvwe.cx.internal.cloudapp.net/10.1.0.19)2d01c37d-c80a-4131-b15b-062508bff67d(fv-az1381-513.cyf22sgur2jupkghqkt4lwlvwe.cx.internal.cloudapp.net/10.1.0.19), ReplicationConfig: EC{rs-3-2-1024k}, State:ALLOCATED, leaderId:, CreationTimestamp2023-12-19T18:18:10.829Z[Etc/UTC]]
2023-12-19 18:18:10,831 [IPC Server handler 12 on default port 15001] WARN  node.SCMNodeManager (SCMNodeManager.java:getNodesByAddress(1440)) - address is null
2023-12-19 18:18:10,850 [main] WARN  erasurecode.ErasureCodeNative (ErasureCodeNative.java:<clinit>(55)) - ISA-L support is not available in your platform... using builtin-java codec where applicable
2023-12-19 18:18:10,935 [IPC Server handler 14 on default port 15001] INFO  algorithms.SCMContainerPlacementRackScatter (SCMContainerPlacementRackScatter.java:chooseDatanodesInternal(370)) - Chosen nodes: [7fe801a6-aabd-4c1e-b418-af74b08e6351(fv-az1381-513.cyf22sgur2jupkghqkt4lwlvwe.cx.internal.cloudapp.net/10.1.0.19), 2d01c37d-c80a-4131-b15b-062508bff67d(fv-az1381-513.cyf22sgur2jupkghqkt4lwlvwe.cx.internal.cloudapp.net/10.1.0.19), 96747d66-d354-4c6c-881c-c96368b263cb(fv-az1381-513.cyf22sgur2jupkghqkt4lwlvwe.cx.internal.cloudapp.net/10.1.0.19), a1d25c87-0c45-4075-9fe0-f0708f172712(fv-az1381-513.cyf22sgur2jupkghqkt4lwlvwe.cx.internal.cloudapp.net/10.1.0.19), 93d2edcd-6a6f-4cb3-ab2d-c0ab5a0bb6d7(fv-az1381-513.cyf22sgur2jupkghqkt4lwlvwe.cx.internal.cloudapp.net/10.1.0.19)]. isPolicySatisfied: true.
2023-12-19 18:18:10,937 [IPC Server handler 14 on default port 15001] INFO  pipeline.WritableECContainerProvider (WritableECContainerProvider.java:allocateContainer(211)) - Created and opened new pipeline Pipeline[ Id: a5b40023-5460-40b2-826c-4ec7c86af4b5, Nodes: 7fe801a6-aabd-4c1e-b418-af74b08e6351(fv-az1381-513.cyf22sgur2jupkghqkt4lwlvwe.cx.internal.cloudapp.net/10.1.0.19)2d01c37d-c80a-4131-b15b-062508bff67d(fv-az1381-513.cyf22sgur2jupkghqkt4lwlvwe.cx.internal.cloudapp.net/10.1.0.19)96747d66-d354-4c6c-881c-c96368b263cb(fv-az1381-513.cyf22sgur2jupkghqkt4lwlvwe.cx.internal.cloudapp.net/10.1.0.19)a1d25c87-0c45-4075-9fe0-f0708f172712(fv-az1381-513.cyf22sgur2jupkghqkt4lwlvwe.cx.internal.cloudapp.net/10.1.0.19)93d2edcd-6a6f-4cb3-ab2d-c0ab5a0bb6d7(fv-az1381-513.cyf22sgur2jupkghqkt4lwlvwe.cx.internal.cloudapp.net/10.1.0.19), ReplicationConfig: EC{rs-3-2-1024k}, State:ALLOCATED, leaderId:, CreationTimestamp2023-12-19T18:18:10.935Z[Etc/UTC]]
2023-12-19 18:18:10,937 [IPC Server handler 14 on default port 15001] WARN  node.SCMNodeManager (SCMNodeManager.java:getNodesByAddress(1440)) - address is null
2023-12-19 18:18:10,960 [main] INFO  rpc.RpcClient (RpcClient.java:createVolume(456)) - Creating Volume: e5b836fc-d500-404d-baae-0ec0b4aeef50, with runner as owner and space quota set to -1 bytes, counts quota set to -1
2023-12-19 18:18:10,962 [om1-OMStateMachineApplyTransactionThread - 0] INFO  volume.OMVolumeCreateRequest (OMVolumeCreateRequest.java:validateAndUpdateCache(197)) - created volume:e5b836fc-d500-404d-baae-0ec0b4aeef50 for user:runner
2023-12-19 18:18:10,963 [main] INFO  rpc.RpcClient (RpcClient.java:createBucket(683)) - Creating Bucket: e5b836fc-d500-404d-baae-0ec0b4aeef50/279ca8bf-78a1-4998-a2ea-fee460b0163f, with server-side default bucket layout, runner as owner, Versioning false, Storage Type set to DISK and Encryption set to false, Replication Type set to server-side default replication type, Namespace Quota set to -1, Space Quota set to -1 
2023-12-19 18:18:10,965 [om1-OMStateMachineApplyTransactionThread - 0] INFO  bucket.OMBucketCreateRequest (OMBucketCreateRequest.java:validateAndUpdateCache(295)) - created bucket: 279ca8bf-78a1-4998-a2ea-fee460b0163f of layout OBJECT_STORE in volume: e5b836fc-d500-404d-baae-0ec0b4aeef50
2023-12-19 18:18:10,967 [IPC Server handler 11 on default port 15001] INFO  algorithms.SCMContainerPlacementRackScatter (SCMContainerPlacementRackScatter.java:chooseDatanodesInternal(370)) - Chosen nodes: [a90b24a4-d9f8-4f3b-8812-3b02ea4f687f(fv-az1381-513.cyf22sgur2jupkghqkt4lwlvwe.cx.internal.cloudapp.net/10.1.0.19), 244ca980-f87d-4e1f-bf92-41859c631eea(fv-az1381-513.cyf22sgur2jupkghqkt4lwlvwe.cx.internal.cloudapp.net/10.1.0.19), c27b4a8c-9932-4b8f-bf34-353c967d0ecc(fv-az1381-513.cyf22sgur2jupkghqkt4lwlvwe.cx.internal.cloudapp.net/10.1.0.19), 96747d66-d354-4c6c-881c-c96368b263cb(fv-az1381-513.cyf22sgur2jupkghqkt4lwlvwe.cx.internal.cloudapp.net/10.1.0.19), b44d76fe-ddfd-47c8-8f4d-0e79dfcb9ca5(fv-az1381-513.cyf22sgur2jupkghqkt4lwlvwe.cx.internal.cloudapp.net/10.1.0.19)]. isPolicySatisfied: true.
2023-12-19 18:18:10,969 [IPC Server handler 11 on default port 15001] INFO  pipeline.WritableECContainerProvider (WritableECContainerProvider.java:allocateContainer(211)) - Created and opened new pipeline Pipeline[ Id: ed0fac81-d40f-4a0c-922d-5301ed7b6338, Nodes: a90b24a4-d9f8-4f3b-8812-3b02ea4f687f(fv-az1381-513.cyf22sgur2jupkghqkt4lwlvwe.cx.internal.cloudapp.net/10.1.0.19)244ca980-f87d-4e1f-bf92-41859c631eea(fv-az1381-513.cyf22sgur2jupkghqkt4lwlvwe.cx.internal.cloudapp.net/10.1.0.19)c27b4a8c-9932-4b8f-bf34-353c967d0ecc(fv-az1381-513.cyf22sgur2jupkghqkt4lwlvwe.cx.internal.cloudapp.net/10.1.0.19)96747d66-d354-4c6c-881c-c96368b263cb(fv-az1381-513.cyf22sgur2jupkghqkt4lwlvwe.cx.internal.cloudapp.net/10.1.0.19)b44d76fe-ddfd-47c8-8f4d-0e79dfcb9ca5(fv-az1381-513.cyf22sgur2jupkghqkt4lwlvwe.cx.internal.cloudapp.net/10.1.0.19), ReplicationConfig: EC{rs-3-2-1024k}, State:ALLOCATED, leaderId:, CreationTimestamp2023-12-19T18:18:10.968Z[Etc/UTC]]
2023-12-19 18:18:10,969 [IPC Server handler 11 on default port 15001] WARN  node.SCMNodeManager (SCMNodeManager.java:getNodesByAddress(1440)) - address is null
2023-12-19 18:18:11,082 [IPC Server handler 0 on default port 15001] INFO  algorithms.SCMContainerPlacementRackScatter (SCMContainerPlacementRackScatter.java:chooseDatanodesInternal(370)) - Chosen nodes: [f3699da5-7632-4885-9efe-d79f82e47143(fv-az1381-513.cyf22sgur2jupkghqkt4lwlvwe.cx.internal.cloudapp.net/10.1.0.19), 96747d66-d354-4c6c-881c-c96368b263cb(fv-az1381-513.cyf22sgur2jupkghqkt4lwlvwe.cx.internal.cloudapp.net/10.1.0.19), d0e3d241-91aa-4721-8188-ae5e0af11890(fv-az1381-513.cyf22sgur2jupkghqkt4lwlvwe.cx.internal.cloudapp.net/10.1.0.19), e7599229-5a8e-48b0-86e7-2247601ad11a(fv-az1381-513.cyf22sgur2jupkghqkt4lwlvwe.cx.internal.cloudapp.net/10.1.0.19), 93d2edcd-6a6f-4cb3-ab2d-c0ab5a0bb6d7(fv-az1381-513.cyf22sgur2jupkghqkt4lwlvwe.cx.internal.cloudapp.net/10.1.0.19)]. isPolicySatisfied: true.
2023-12-19 18:18:11,083 [IPC Server handler 0 on default port 15001] INFO  pipeline.WritableECContainerProvider (WritableECContainerProvider.java:allocateContainer(211)) - Created and opened new pipeline Pipeline[ Id: df07b9f1-d63d-4941-8b40-aba16aa04e69, Nodes: f3699da5-7632-4885-9efe-d79f82e47143(fv-az1381-513.cyf22sgur2jupkghqkt4lwlvwe.cx.internal.cloudapp.net/10.1.0.19)96747d66-d354-4c6c-881c-c96368b263cb(fv-az1381-513.cyf22sgur2jupkghqkt4lwlvwe.cx.internal.cloudapp.net/10.1.0.19)d0e3d241-91aa-4721-8188-ae5e0af11890(fv-az1381-513.cyf22sgur2jupkghqkt4lwlvwe.cx.internal.cloudapp.net/10.1.0.19)e7599229-5a8e-48b0-86e7-2247601ad11a(fv-az1381-513.cyf22sgur2jupkghqkt4lwlvwe.cx.internal.cloudapp.net/10.1.0.19)93d2edcd-6a6f-4cb3-ab2d-c0ab5a0bb6d7(fv-az1381-513.cyf22sgur2jupkghqkt4lwlvwe.cx.internal.cloudapp.net/10.1.0.19), ReplicationConfig: EC{rs-3-2-1024k}, State:ALLOCATED, leaderId:, CreationTimestamp2023-12-19T18:18:11.082Z[Etc/UTC]]
2023-12-19 18:18:11,084 [IPC Server handler 0 on default port 15001] WARN  node.SCMNodeManager (SCMNodeManager.java:getNodesByAddress(1440)) - address is null
2023-12-19 18:18:11,168 [main] INFO  rpc.RpcClient (RpcClient.java:createVolume(456)) - Creating Volume: 8a95fb89-c901-4944-87d3-2b3fbe9de026, with runner as owner and space quota set to -1 bytes, counts quota set to -1
2023-12-19 18:18:11,170 [om1-OMStateMachineApplyTransactionThread - 0] INFO  volume.OMVolumeCreateRequest (OMVolumeCreateRequest.java:validateAndUpdateCache(197)) - created volume:8a95fb89-c901-4944-87d3-2b3fbe9de026 for user:runner
2023-12-19 18:18:11,173 [main] INFO  rpc.RpcClient (RpcClient.java:createBucket(683)) - Creating Bucket: 8a95fb89-c901-4944-87d3-2b3fbe9de026/9dd93d55-3b8a-4382-84ea-00227477a769, with server-side default bucket layout, runner as owner, Versioning false, Storage Type set to DISK and Encryption set to false, Replication Type set to server-side default replication type, Namespace Quota set to -1, Space Quota set to -1 
2023-12-19 18:18:11,175 [om1-OMStateMachineApplyTransactionThread - 0] INFO  bucket.OMBucketCreateRequest (OMBucketCreateRequest.java:validateAndUpdateCache(295)) - created bucket: 9dd93d55-3b8a-4382-84ea-00227477a769 of layout OBJECT_STORE in volume: 8a95fb89-c901-4944-87d3-2b3fbe9de026
2023-12-19 18:18:11,179 [IPC Server handler 3 on default port 15001] INFO  algorithms.SCMContainerPlacementRackScatter (SCMContainerPlacementRackScatter.java:chooseDatanodesInternal(370)) - Chosen nodes: [a90b24a4-d9f8-4f3b-8812-3b02ea4f687f(fv-az1381-513.cyf22sgur2jupkghqkt4lwlvwe.cx.internal.cloudapp.net/10.1.0.19), 8a9232c4-f36b-4377-b9ad-83954010d1e2(fv-az1381-513.cyf22sgur2jupkghqkt4lwlvwe.cx.internal.cloudapp.net/10.1.0.19), d0e3d241-91aa-4721-8188-ae5e0af11890(fv-az1381-513.cyf22sgur2jupkghqkt4lwlvwe.cx.internal.cloudapp.net/10.1.0.19), f3699da5-7632-4885-9efe-d79f82e47143(fv-az1381-513.cyf22sgur2jupkghqkt4lwlvwe.cx.internal.cloudapp.net/10.1.0.19), a1d25c87-0c45-4075-9fe0-f0708f172712(fv-az1381-513.cyf22sgur2jupkghqkt4lwlvwe.cx.internal.cloudapp.net/10.1.0.19)]. isPolicySatisfied: true.
2023-12-19 18:18:11,181 [IPC Server handler 3 on default port 15001] INFO  pipeline.WritableECContainerProvider (WritableECContainerProvider.java:allocateContainer(211)) - Created and opened new pipeline Pipeline[ Id: f13ca213-1682-4dc4-8c8e-5e73b2bd12c8, Nodes: a90b24a4-d9f8-4f3b-8812-3b02ea4f687f(fv-az1381-513.cyf22sgur2jupkghqkt4lwlvwe.cx.internal.cloudapp.net/10.1.0.19)8a9232c4-f36b-4377-b9ad-83954010d1e2(fv-az1381-513.cyf22sgur2jupkghqkt4lwlvwe.cx.internal.cloudapp.net/10.1.0.19)d0e3d241-91aa-4721-8188-ae5e0af11890(fv-az1381-513.cyf22sgur2jupkghqkt4lwlvwe.cx.internal.cloudapp.net/10.1.0.19)f3699da5-7632-4885-9efe-d79f82e47143(fv-az1381-513.cyf22sgur2jupkghqkt4lwlvwe.cx.internal.cloudapp.net/10.1.0.19)a1d25c87-0c45-4075-9fe0-f0708f172712(fv-az1381-513.cyf22sgur2jupkghqkt4lwlvwe.cx.internal.cloudapp.net/10.1.0.19), ReplicationConfig: EC{rs-3-2-1024k}, State:ALLOCATED, leaderId:, CreationTimestamp2023-12-19T18:18:11.179Z[Etc/UTC]]
2023-12-19 18:18:11,181 [IPC Server handler 3 on default port 15001] WARN  node.SCMNodeManager (SCMNodeManager.java:getNodesByAddress(1440)) - address is null
2023-12-19 18:18:11,363 [IPC Server handler 7 on default port 15001] WARN  node.SCMNodeManager (SCMNodeManager.java:getNodesByAddress(1440)) - address is null
2023-12-19 18:18:11,463 [main] INFO  rpc.RpcClient (RpcClient.java:createVolume(456)) - Creating Volume: f5e24ce2-a0c1-4c6e-ae03-490db12e9131, with runner as owner and space quota set to -1 bytes, counts quota set to -1
2023-12-19 18:18:11,466 [om1-OMStateMachineApplyTransactionThread - 0] INFO  volume.OMVolumeCreateRequest (OMVolumeCreateRequest.java:validateAndUpdateCache(197)) - created volume:f5e24ce2-a0c1-4c6e-ae03-490db12e9131 for user:runner
2023-12-19 18:18:11,468 [main] INFO  rpc.RpcClient (RpcClient.java:createBucket(683)) - Creating Bucket: f5e24ce2-a0c1-4c6e-ae03-490db12e9131/9ac997a0-1f5d-4d2a-9503-85e26d903159, with server-side default bucket layout, runner as owner, Versioning false, Storage Type set to DISK and Encryption set to false, Replication Type set to server-side default replication type, Namespace Quota set to -1, Space Quota set to -1 
2023-12-19 18:18:11,470 [om1-OMStateMachineApplyTransactionThread - 0] INFO  bucket.OMBucketCreateRequest (OMBucketCreateRequest.java:validateAndUpdateCache(295)) - created bucket: 9ac997a0-1f5d-4d2a-9503-85e26d903159 of layout OBJECT_STORE in volume: f5e24ce2-a0c1-4c6e-ae03-490db12e9131
2023-12-19 18:18:11,476 [IPC Server handler 6 on default port 15001] WARN  node.SCMNodeManager (SCMNodeManager.java:getNodesByAddress(1440)) - address is null
2023-12-19 18:18:11,562 [IPC Server handler 2 on default port 15001] WARN  node.SCMNodeManager (SCMNodeManager.java:getNodesByAddress(1440)) - address is null
2023-12-19 18:18:11,651 [main] INFO  rpc.RpcClient (RpcClient.java:createVolume(456)) - Creating Volume: 89fa14ca-8bb4-4db3-8564-d3494a4a033e, with runner as owner and space quota set to -1 bytes, counts quota set to -1
2023-12-19 18:18:11,652 [om1-OMStateMachineApplyTransactionThread - 0] INFO  volume.OMVolumeCreateRequest (OMVolumeCreateRequest.java:validateAndUpdateCache(197)) - created volume:89fa14ca-8bb4-4db3-8564-d3494a4a033e for user:runner
2023-12-19 18:18:11,654 [main] INFO  rpc.RpcClient (RpcClient.java:createBucket(683)) - Creating Bucket: 89fa14ca-8bb4-4db3-8564-d3494a4a033e/798288ac-326e-40ed-acce-afe7c2de2780, with server-side default bucket layout, runner as owner, Versioning false, Storage Type set to DISK and Encryption set to false, Replication Type set to server-side default replication type, Namespace Quota set to -1, Space Quota set to -1 
2023-12-19 18:18:11,655 [om1-OMStateMachineApplyTransactionThread - 0] INFO  bucket.OMBucketCreateRequest (OMBucketCreateRequest.java:validateAndUpdateCache(295)) - created bucket: 798288ac-326e-40ed-acce-afe7c2de2780 of layout OBJECT_STORE in volume: 89fa14ca-8bb4-4db3-8564-d3494a4a033e
2023-12-19 18:18:11,659 [IPC Server handler 13 on default port 15001] WARN  node.SCMNodeManager (SCMNodeManager.java:getNodesByAddress(1440)) - address is null
2023-12-19 18:18:11,754 [IPC Server handler 8 on default port 15001] WARN  node.SCMNodeManager (SCMNodeManager.java:getNodesByAddress(1440)) - address is null
2023-12-19 18:18:11,882 [main] INFO  rpc.RpcClient (RpcClient.java:createVolume(456)) - Creating Volume: c4509a21-965d-4ea1-a95d-3ccb996d4ac9, with runner as owner and space quota set to -1 bytes, counts quota set to -1
2023-12-19 18:18:11,883 [om1-OMStateMachineApplyTransactionThread - 0] INFO  volume.OMVolumeCreateRequest (OMVolumeCreateRequest.java:validateAndUpdateCache(197)) - created volume:c4509a21-965d-4ea1-a95d-3ccb996d4ac9 for user:runner
2023-12-19 18:18:11,885 [main] INFO  rpc.RpcClient (RpcClient.java:createBucket(683)) - Creating Bucket: c4509a21-965d-4ea1-a95d-3ccb996d4ac9/3897c964-f87e-43ef-b651-0506272da21e, with server-side default bucket layout, runner as owner, Versioning false, Storage Type set to DISK and Encryption set to false, Replication Type set to server-side default replication type, Namespace Quota set to -1, Space Quota set to -1 
2023-12-19 18:18:11,887 [om1-OMStateMachineApplyTransactionThread - 0] INFO  bucket.OMBucketCreateRequest (OMBucketCreateRequest.java:validateAndUpdateCache(295)) - created bucket: 3897c964-f87e-43ef-b651-0506272da21e of layout OBJECT_STORE in volume: c4509a21-965d-4ea1-a95d-3ccb996d4ac9
2023-12-19 18:18:12,134 [IPC Server handler 3 on default port 15001] WARN  node.SCMNodeManager (SCMNodeManager.java:getNodesByAddress(1440)) - address is null
2023-12-19 18:18:12,285 [IPC Server handler 1 on default port 15001] WARN  node.SCMNodeManager (SCMNodeManager.java:getNodesByAddress(1440)) - address is null
2023-12-19 18:18:12,385 [main] INFO  rpc.RpcClient (RpcClient.java:createVolume(456)) - Creating Volume: 6eb7a19a-73d5-4666-8333-38e0c2d5b7b2, with runner as owner and space quota set to -1 bytes, counts quota set to -1
2023-12-19 18:18:12,387 [om1-OMStateMachineApplyTransactionThread - 0] INFO  volume.OMVolumeCreateRequest (OMVolumeCreateRequest.java:validateAndUpdateCache(197)) - created volume:6eb7a19a-73d5-4666-8333-38e0c2d5b7b2 for user:runner
2023-12-19 18:18:12,388 [main] INFO  rpc.RpcClient (RpcClient.java:createBucket(683)) - Creating Bucket: 6eb7a19a-73d5-4666-8333-38e0c2d5b7b2/0a37481d-e014-4838-83aa-1e0bae46ba4f, with server-side default bucket layout, runner as owner, Versioning false, Storage Type set to DISK and Encryption set to false, Replication Type set to server-side default replication type, Namespace Quota set to -1, Space Quota set to -1 
2023-12-19 18:18:12,389 [om1-OMStateMachineApplyTransactionThread - 0] INFO  bucket.OMBucketCreateRequest (OMBucketCreateRequest.java:validateAndUpdateCache(295)) - created bucket: 0a37481d-e014-4838-83aa-1e0bae46ba4f of layout OBJECT_STORE in volume: 6eb7a19a-73d5-4666-8333-38e0c2d5b7b2
2023-12-19 18:18:12,394 [IPC Server handler 6 on default port 15001] WARN  node.SCMNodeManager (SCMNodeManager.java:getNodesByAddress(1440)) - address is null
2023-12-19 18:18:12,509 [IPC Server handler 2 on default port 15001] WARN  node.SCMNodeManager (SCMNodeManager.java:getNodesByAddress(1440)) - address is null
2023-12-19 18:18:12,605 [main] INFO  rpc.RpcClient (RpcClient.java:createVolume(456)) - Creating Volume: 2ddd9849-ac68-40ed-ad9b-8e971af17416, with runner as owner and space quota set to -1 bytes, counts quota set to -1
2023-12-19 18:18:12,607 [om1-OMStateMachineApplyTransactionThread - 0] INFO  volume.OMVolumeCreateRequest (OMVolumeCreateRequest.java:validateAndUpdateCache(197)) - created volume:2ddd9849-ac68-40ed-ad9b-8e971af17416 for user:runner
2023-12-19 18:18:12,608 [main] INFO  rpc.RpcClient (RpcClient.java:createBucket(683)) - Creating Bucket: 2ddd9849-ac68-40ed-ad9b-8e971af17416/6df2cf17-fd02-4272-a88b-ee7c3a0bb0a4, with server-side default bucket layout, runner as owner, Versioning false, Storage Type set to DISK and Encryption set to false, Replication Type set to server-side default replication type, Namespace Quota set to -1, Space Quota set to -1 
2023-12-19 18:18:12,610 [om1-OMStateMachineApplyTransactionThread - 0] INFO  bucket.OMBucketCreateRequest (OMBucketCreateRequest.java:validateAndUpdateCache(295)) - created bucket: 6df2cf17-fd02-4272-a88b-ee7c3a0bb0a4 of layout OBJECT_STORE in volume: 2ddd9849-ac68-40ed-ad9b-8e971af17416
2023-12-19 18:18:12,613 [IPC Server handler 4 on default port 15001] WARN  node.SCMNodeManager (SCMNodeManager.java:getNodesByAddress(1440)) - address is null
2023-12-19 18:18:12,616 [IPC Server handler 4 on default port 15001] WARN  node.SCMNodeManager (SCMNodeManager.java:getNodesByAddress(1440)) - address is null
2023-12-19 18:18:12,719 [IPC Server handler 8 on default port 15001] WARN  node.SCMNodeManager (SCMNodeManager.java:getNodesByAddress(1440)) - address is null
2023-12-19 18:18:12,720 [IPC Server handler 8 on default port 15001] WARN  node.SCMNodeManager (SCMNodeManager.java:getNodesByAddress(1440)) - address is null
2023-12-19 18:18:12,835 [main] INFO  rpc.RpcClient (RpcClient.java:createVolume(456)) - Creating Volume: b87fdc87-80b4-44c6-9912-2ed1f34d9a62, with runner as owner and space quota set to -1 bytes, counts quota set to -1
2023-12-19 18:18:12,837 [om1-OMStateMachineApplyTransactionThread - 0] INFO  volume.OMVolumeCreateRequest (OMVolumeCreateRequest.java:validateAndUpdateCache(197)) - created volume:b87fdc87-80b4-44c6-9912-2ed1f34d9a62 for user:runner
2023-12-19 18:18:12,838 [main] INFO  rpc.RpcClient (RpcClient.java:createBucket(683)) - Creating Bucket: b87fdc87-80b4-44c6-9912-2ed1f34d9a62/857f46f7-123e-4159-b14a-3bcb5916e086, with server-side default bucket layout, runner as owner, Versioning false, Storage Type set to DISK and Encryption set to false, Replication Type set to server-side default replication type, Namespace Quota set to -1, Space Quota set to -1 
2023-12-19 18:18:12,840 [om1-OMStateMachineApplyTransactionThread - 0] INFO  bucket.OMBucketCreateRequest (OMBucketCreateRequest.java:validateAndUpdateCache(295)) - created bucket: 857f46f7-123e-4159-b14a-3bcb5916e086 of layout OBJECT_STORE in volume: b87fdc87-80b4-44c6-9912-2ed1f34d9a62
2023-12-19 18:18:12,843 [IPC Server handler 0 on default port 15001] WARN  node.SCMNodeManager (SCMNodeManager.java:getNodesByAddress(1440)) - address is null
2023-12-19 18:18:12,844 [IPC Server handler 0 on default port 15001] WARN  node.SCMNodeManager (SCMNodeManager.java:getNodesByAddress(1440)) - address is null
2023-12-19 18:18:12,981 [IPC Server handler 11 on default port 15001] WARN  node.SCMNodeManager (SCMNodeManager.java:getNodesByAddress(1440)) - address is null
2023-12-19 18:18:12,981 [IPC Server handler 11 on default port 15001] WARN  node.SCMNodeManager (SCMNodeManager.java:getNodesByAddress(1440)) - address is null
2023-12-19 18:18:13,116 [main] INFO  rpc.RpcClient (RpcClient.java:createVolume(456)) - Creating Volume: 62323cfa-a870-46d3-80ec-e30586554c33, with runner as owner and space quota set to -1 bytes, counts quota set to -1
2023-12-19 18:18:13,118 [om1-OMStateMachineApplyTransactionThread - 0] INFO  volume.OMVolumeCreateRequest (OMVolumeCreateRequest.java:validateAndUpdateCache(197)) - created volume:62323cfa-a870-46d3-80ec-e30586554c33 for user:runner
2023-12-19 18:18:13,119 [main] INFO  rpc.RpcClient (RpcClient.java:createBucket(683)) - Creating Bucket: 62323cfa-a870-46d3-80ec-e30586554c33/ee1c0c82-515d-4166-a3f9-714f1e5462bf, with server-side default bucket layout, runner as owner, Versioning false, Storage Type set to DISK and Encryption set to false, Replication Type set to server-side default replication type, Namespace Quota set to -1, Space Quota set to -1 
2023-12-19 18:18:13,121 [om1-OMStateMachineApplyTransactionThread - 0] INFO  bucket.OMBucketCreateRequest (OMBucketCreateRequest.java:validateAndUpdateCache(295)) - created bucket: ee1c0c82-515d-4166-a3f9-714f1e5462bf of layout OBJECT_STORE in volume: 62323cfa-a870-46d3-80ec-e30586554c33
2023-12-19 18:18:13,125 [IPC Server handler 14 on default port 15001] WARN  node.SCMNodeManager (SCMNodeManager.java:getNodesByAddress(1440)) - address is null
2023-12-19 18:18:13,125 [IPC Server handler 14 on default port 15001] WARN  node.SCMNodeManager (SCMNodeManager.java:getNodesByAddress(1440)) - address is null
2023-12-19 18:18:13,252 [IPC Server handler 19 on default port 15001] WARN  node.SCMNodeManager (SCMNodeManager.java:getNodesByAddress(1440)) - address is null
2023-12-19 18:18:13,253 [IPC Server handler 19 on default port 15001] WARN  node.SCMNodeManager (SCMNodeManager.java:getNodesByAddress(1440)) - address is null
2023-12-19 18:18:13,389 [main] INFO  rpc.RpcClient (RpcClient.java:createVolume(456)) - Creating Volume: f284e7df-5d93-4507-913e-e32ea276bcbb, with runner as owner and space quota set to -1 bytes, counts quota set to -1
2023-12-19 18:18:13,391 [om1-OMStateMachineApplyTransactionThread - 0] INFO  volume.OMVolumeCreateRequest (OMVolumeCreateRequest.java:validateAndUpdateCache(197)) - created volume:f284e7df-5d93-4507-913e-e32ea276bcbb for user:runner
2023-12-19 18:18:13,392 [main] INFO  rpc.RpcClient (RpcClient.java:createBucket(683)) - Creating Bucket: f284e7df-5d93-4507-913e-e32ea276bcbb/e6303229-1c39-41d0-8a06-f2353f02daa9, with server-side default bucket layout, runner as owner, Versioning false, Storage Type set to DISK and Encryption set to false, Replication Type set to server-side default replication type, Namespace Quota set to -1, Space Quota set to -1 
2023-12-19 18:18:13,393 [om1-OMStateMachineApplyTransactionThread - 0] INFO  bucket.OMBucketCreateRequest (OMBucketCreateRequest.java:validateAndUpdateCache(295)) - created bucket: e6303229-1c39-41d0-8a06-f2353f02daa9 of layout OBJECT_STORE in volume: f284e7df-5d93-4507-913e-e32ea276bcbb
2023-12-19 18:18:13,397 [IPC Server handler 2 on default port 15001] WARN  node.SCMNodeManager (SCMNodeManager.java:getNodesByAddress(1440)) - address is null
2023-12-19 18:18:13,397 [IPC Server handler 2 on default port 15001] WARN  node.SCMNodeManager (SCMNodeManager.java:getNodesByAddress(1440)) - address is null
2023-12-19 18:18:13,517 [IPC Server handler 4 on default port 15001] WARN  node.SCMNodeManager (SCMNodeManager.java:getNodesByAddress(1440)) - address is null
2023-12-19 18:18:13,517 [IPC Server handler 4 on default port 15001] WARN  node.SCMNodeManager (SCMNodeManager.java:getNodesByAddress(1440)) - address is null
2023-12-19 18:18:13,655 [main] INFO  rpc.RpcClient (RpcClient.java:createVolume(456)) - Creating Volume: 3a9ce0a4-1b9f-445b-b4a0-dc5a69203b9f, with runner as owner and space quota set to -1 bytes, counts quota set to -1
2023-12-19 18:18:13,657 [om1-OMStateMachineApplyTransactionThread - 0] INFO  volume.OMVolumeCreateRequest (OMVolumeCreateRequest.java:validateAndUpdateCache(197)) - created volume:3a9ce0a4-1b9f-445b-b4a0-dc5a69203b9f for user:runner
2023-12-19 18:18:13,658 [main] INFO  rpc.RpcClient (RpcClient.java:createBucket(683)) - Creating Bucket: 3a9ce0a4-1b9f-445b-b4a0-dc5a69203b9f/4ccfccda-c685-4723-ad7a-e35cdc09e797, with server-side default bucket layout, runner as owner, Versioning false, Storage Type set to DISK and Encryption set to false, Replication Type set to server-side default replication type, Namespace Quota set to -1, Space Quota set to -1 
2023-12-19 18:18:13,659 [om1-OMStateMachineApplyTransactionThread - 0] INFO  bucket.OMBucketCreateRequest (OMBucketCreateRequest.java:validateAndUpdateCache(295)) - created bucket: 4ccfccda-c685-4723-ad7a-e35cdc09e797 of layout OBJECT_STORE in volume: 3a9ce0a4-1b9f-445b-b4a0-dc5a69203b9f
2023-12-19 18:18:13,665 [IPC Server handler 18 on default port 15001] WARN  node.SCMNodeManager (SCMNodeManager.java:getNodesByAddress(1440)) - address is null
2023-12-19 18:18:13,665 [IPC Server handler 18 on default port 15001] WARN  node.SCMNodeManager (SCMNodeManager.java:getNodesByAddress(1440)) - address is null
2023-12-19 18:18:13,794 [IPC Server handler 12 on default port 15001] WARN  node.SCMNodeManager (SCMNodeManager.java:getNodesByAddress(1440)) - address is null
2023-12-19 18:18:13,794 [IPC Server handler 12 on default port 15001] WARN  node.SCMNodeManager (SCMNodeManager.java:getNodesByAddress(1440)) - address is null
]]></system-out>
  </testcase>
  <testcase name="testBucketQuotaInNamespace" classname="org.apache.hadoop.ozone.client.rpc.TestSecureOzoneRpcClient" time="0.069">
    <system-out><![CDATA[2023-12-19 18:18:13,925 [main] INFO  rpc.RpcClient (RpcClient.java:createVolume(456)) - Creating Volume: 806b62fd-1d08-4be8-9478-b6afef0d66ba, with runner as owner and space quota set to -1 bytes, counts quota set to -1
2023-12-19 18:18:13,927 [om1-OMStateMachineApplyTransactionThread - 0] INFO  volume.OMVolumeCreateRequest (OMVolumeCreateRequest.java:validateAndUpdateCache(197)) - created volume:806b62fd-1d08-4be8-9478-b6afef0d66ba for user:runner
2023-12-19 18:18:13,928 [main] INFO  rpc.RpcClient (RpcClient.java:createBucket(683)) - Creating Bucket: 806b62fd-1d08-4be8-9478-b6afef0d66ba/7772021b-1d7f-49ad-b3c0-a6c61135ed5a, with server-side default bucket layout, runner as owner, Versioning false, Storage Type set to DISK and Encryption set to false, Replication Type set to server-side default replication type, Namespace Quota set to -1, Space Quota set to -1 
2023-12-19 18:18:13,930 [om1-OMStateMachineApplyTransactionThread - 0] INFO  bucket.OMBucketCreateRequest (OMBucketCreateRequest.java:validateAndUpdateCache(295)) - created bucket: 7772021b-1d7f-49ad-b3c0-a6c61135ed5a of layout OBJECT_STORE in volume: 806b62fd-1d08-4be8-9478-b6afef0d66ba
2023-12-19 18:18:13,939 [IPC Server handler 11 on default port 15001] WARN  node.SCMNodeManager (SCMNodeManager.java:getNodesByAddress(1440)) - address is null
2023-12-19 18:18:13,958 [IPC Server handler 14 on default port 15001] WARN  node.SCMNodeManager (SCMNodeManager.java:getNodesByAddress(1440)) - address is null
2023-12-19 18:18:13,974 [IPC Server handler 16 on default port 15001] WARN  node.SCMNodeManager (SCMNodeManager.java:getNodesByAddress(1440)) - address is null
18:18:13.976 [om1-OMStateMachineApplyTransactionThread - 0] ERROR OMAudit - user=runner | ip=127.0.0.1 | op=ALLOCATE_KEY {volume=806b62fd-1d08-4be8-9478-b6afef0d66ba, bucket=7772021b-1d7f-49ad-b3c0-a6c61135ed5a, key=76f08141-784c-442f-9454-1c2681f4e3c3, dataSize=12, replicationType=RATIS, replicationFactor=ONE} | ret=FAILURE
org.apache.hadoop.ozone.om.exceptions.OMException: The namespace quota of Bucket:7772021b-1d7f-49ad-b3c0-a6c61135ed5a exceeded: quotaInNamespace: 2 but namespace consumed: 3.
	at org.apache.hadoop.ozone.om.request.key.OMKeyRequest.checkBucketQuotaInNamespace(OMKeyRequest.java:613) ~[ozone-manager-1.5.0-SNAPSHOT.jar:?]
	at org.apache.hadoop.ozone.om.request.key.OMKeyCreateRequest.validateAndUpdateCache(OMKeyCreateRequest.java:311) ~[ozone-manager-1.5.0-SNAPSHOT.jar:?]
	at org.apache.hadoop.ozone.protocolPB.OzoneManagerRequestHandler.lambda$0(OzoneManagerRequestHandler.java:398) ~[ozone-manager-1.5.0-SNAPSHOT.jar:?]
	at org.apache.hadoop.util.MetricUtil.captureLatencyNs(MetricUtil.java:39) ~[hdds-common-1.5.0-SNAPSHOT.jar:?]
	at org.apache.hadoop.ozone.protocolPB.OzoneManagerRequestHandler.handleWriteRequest(OzoneManagerRequestHandler.java:394) ~[ozone-manager-1.5.0-SNAPSHOT.jar:?]
	at org.apache.hadoop.ozone.om.ratis.OzoneManagerStateMachine.runCommand(OzoneManagerStateMachine.java:582) ~[ozone-manager-1.5.0-SNAPSHOT.jar:?]
	at org.apache.hadoop.ozone.om.ratis.OzoneManagerStateMachine.lambda$1(OzoneManagerStateMachine.java:370) ~[ozone-manager-1.5.0-SNAPSHOT.jar:?]
	at java.util.concurrent.CompletableFuture$AsyncSupply.run(CompletableFuture.java:1604) [?:1.8.0_392]
	at java.util.concurrent.ThreadPoolExecutor.runWorker(ThreadPoolExecutor.java:1149) [?:1.8.0_392]
	at java.util.concurrent.ThreadPoolExecutor$Worker.run(ThreadPoolExecutor.java:624) [?:1.8.0_392]
	at java.lang.Thread.run(Thread.java:750) [?:1.8.0_392]
2023-12-19 18:18:13,977 [om1-OMStateMachineApplyTransactionThread - 0] ERROR key.OMKeyCreateRequest (OMKeyCreateRequest.java:logResult(385)) - Key creation failed. Volume:806b62fd-1d08-4be8-9478-b6afef0d66ba, Bucket:7772021b-1d7f-49ad-b3c0-a6c61135ed5a, Key:76f08141-784c-442f-9454-1c2681f4e3c3. 
QUOTA_EXCEEDED org.apache.hadoop.ozone.om.exceptions.OMException: The namespace quota of Bucket:7772021b-1d7f-49ad-b3c0-a6c61135ed5a exceeded: quotaInNamespace: 2 but namespace consumed: 3.
	at org.apache.hadoop.ozone.om.request.key.OMKeyRequest.checkBucketQuotaInNamespace(OMKeyRequest.java:613)
	at org.apache.hadoop.ozone.om.request.key.OMKeyCreateRequest.validateAndUpdateCache(OMKeyCreateRequest.java:311)
	at org.apache.hadoop.ozone.protocolPB.OzoneManagerRequestHandler.lambda$0(OzoneManagerRequestHandler.java:398)
	at org.apache.hadoop.util.MetricUtil.captureLatencyNs(MetricUtil.java:39)
	at org.apache.hadoop.ozone.protocolPB.OzoneManagerRequestHandler.handleWriteRequest(OzoneManagerRequestHandler.java:394)
	at org.apache.hadoop.ozone.om.ratis.OzoneManagerStateMachine.runCommand(OzoneManagerStateMachine.java:582)
	at org.apache.hadoop.ozone.om.ratis.OzoneManagerStateMachine.lambda$1(OzoneManagerStateMachine.java:370)
	at java.util.concurrent.CompletableFuture$AsyncSupply.run(CompletableFuture.java:1604)
	at java.util.concurrent.ThreadPoolExecutor.runWorker(ThreadPoolExecutor.java:1149)
	at java.util.concurrent.ThreadPoolExecutor$Worker.run(ThreadPoolExecutor.java:624)
	at java.lang.Thread.run(Thread.java:750)
]]></system-out>
  </testcase>
  <testcase name="testBucketSetOwner" classname="org.apache.hadoop.ozone.client.rpc.TestSecureOzoneRpcClient" time="0.025">
    <system-out><![CDATA[2023-12-19 18:18:13,995 [main] INFO  rpc.RpcClient (RpcClient.java:createVolume(456)) - Creating Volume: 242e7b0c-fcc1-46bf-87e9-cd54b4fa8870, with runner as owner and space quota set to -1 bytes, counts quota set to -1
2023-12-19 18:18:13,996 [om1-OMStateMachineApplyTransactionThread - 0] INFO  volume.OMVolumeCreateRequest (OMVolumeCreateRequest.java:validateAndUpdateCache(197)) - created volume:242e7b0c-fcc1-46bf-87e9-cd54b4fa8870 for user:runner
2023-12-19 18:18:13,997 [main] INFO  rpc.RpcClient (RpcClient.java:createBucket(683)) - Creating Bucket: 242e7b0c-fcc1-46bf-87e9-cd54b4fa8870/1782ffcd-20f1-4eba-926a-26a0c15c9adf, with server-side default bucket layout, runner as owner, Versioning false, Storage Type set to DISK and Encryption set to false, Replication Type set to server-side default replication type, Namespace Quota set to -1, Space Quota set to -1 
2023-12-19 18:18:13,999 [om1-OMStateMachineApplyTransactionThread - 0] INFO  bucket.OMBucketCreateRequest (OMBucketCreateRequest.java:validateAndUpdateCache(295)) - created bucket: 1782ffcd-20f1-4eba-926a-26a0c15c9adf of layout OBJECT_STORE in volume: 242e7b0c-fcc1-46bf-87e9-cd54b4fa8870
]]></system-out>
  </testcase>
  <testcase name="testBucketUsedBytes" classname="org.apache.hadoop.ozone.client.rpc.TestSecureOzoneRpcClient" time="0.053">
    <system-out><![CDATA[2023-12-19 18:18:14,020 [main] INFO  rpc.RpcClient (RpcClient.java:createVolume(456)) - Creating Volume: 067c2072-35db-448e-889b-0c35efa552cb, with runner as owner and space quota set to -1 bytes, counts quota set to -1
2023-12-19 18:18:14,021 [om1-OMStateMachineApplyTransactionThread - 0] INFO  volume.OMVolumeCreateRequest (OMVolumeCreateRequest.java:validateAndUpdateCache(197)) - created volume:067c2072-35db-448e-889b-0c35efa552cb for user:runner
2023-12-19 18:18:14,022 [main] INFO  rpc.RpcClient (RpcClient.java:createBucket(683)) - Creating Bucket: 067c2072-35db-448e-889b-0c35efa552cb/d3594606-0945-4d3f-aa8d-115a56a7630b, with bucket layout OBJECT_STORE, runner as owner, Versioning false, Storage Type set to DISK and Encryption set to false, Replication Type set to server-side default replication type, Namespace Quota set to -1, Space Quota set to -1 
2023-12-19 18:18:14,024 [om1-OMStateMachineApplyTransactionThread - 0] INFO  bucket.OMBucketCreateRequest (OMBucketCreateRequest.java:validateAndUpdateCache(295)) - created bucket: d3594606-0945-4d3f-aa8d-115a56a7630b of layout OBJECT_STORE in volume: 067c2072-35db-448e-889b-0c35efa552cb
2023-12-19 18:18:14,026 [IPC Server handler 3 on default port 15001] WARN  node.SCMNodeManager (SCMNodeManager.java:getNodesByAddress(1440)) - address is null
2023-12-19 18:18:14,037 [IPC Server handler 19 on default port 15001] WARN  node.SCMNodeManager (SCMNodeManager.java:getNodesByAddress(1440)) - address is null
2023-12-19 18:18:14,057 [IPC Server handler 9 on default port 15001] WARN  node.SCMNodeManager (SCMNodeManager.java:getNodesByAddress(1440)) - address is null
2023-12-19 18:18:14,058 [IPC Server handler 9 on default port 15001] WARN  node.SCMNodeManager (SCMNodeManager.java:getNodesByAddress(1440)) - address is null
]]></system-out>
  </testcase>
  <testcase name="testBucketUsedNamespace(BucketLayout)[1]" classname="org.apache.hadoop.ozone.client.rpc.TestSecureOzoneRpcClient" time="0.11">
    <system-out><![CDATA[2023-12-19 18:18:14,076 [main] INFO  rpc.RpcClient (RpcClient.java:createVolume(456)) - Creating Volume: 22a06e8b-7c50-448b-bfbe-c44fc0d77bfb, with runner as owner and space quota set to -1 bytes, counts quota set to -1
2023-12-19 18:18:14,077 [om1-OMStateMachineApplyTransactionThread - 0] INFO  volume.OMVolumeCreateRequest (OMVolumeCreateRequest.java:validateAndUpdateCache(197)) - created volume:22a06e8b-7c50-448b-bfbe-c44fc0d77bfb for user:runner
2023-12-19 18:18:14,079 [main] INFO  rpc.RpcClient (RpcClient.java:createBucket(683)) - Creating Bucket: 22a06e8b-7c50-448b-bfbe-c44fc0d77bfb/b6d52402-313b-4e07-89a1-a753765f4730, with bucket layout OBJECT_STORE, runner as owner, Versioning false, Storage Type set to DISK and Encryption set to false, Replication Type set to server-side default replication type, Namespace Quota set to -1, Space Quota set to -1 
2023-12-19 18:18:14,081 [om1-OMStateMachineApplyTransactionThread - 0] INFO  bucket.OMBucketCreateRequest (OMBucketCreateRequest.java:validateAndUpdateCache(295)) - created bucket: b6d52402-313b-4e07-89a1-a753765f4730 of layout OBJECT_STORE in volume: 22a06e8b-7c50-448b-bfbe-c44fc0d77bfb
2023-12-19 18:18:14,084 [IPC Server handler 17 on default port 15001] WARN  node.SCMNodeManager (SCMNodeManager.java:getNodesByAddress(1440)) - address is null
2023-12-19 18:18:14,124 [IPC Server handler 10 on default port 15001] WARN  node.SCMNodeManager (SCMNodeManager.java:getNodesByAddress(1440)) - address is null
2023-12-19 18:18:14,137 [IPC Server handler 15 on default port 15001] WARN  node.SCMNodeManager (SCMNodeManager.java:getNodesByAddress(1440)) - address is null
]]></system-out>
  </testcase>
  <testcase name="testBucketUsedNamespace(BucketLayout)[2]" classname="org.apache.hadoop.ozone.client.rpc.TestSecureOzoneRpcClient" time="0.117">
    <system-out><![CDATA[2023-12-19 18:18:14,187 [main] INFO  rpc.RpcClient (RpcClient.java:createVolume(456)) - Creating Volume: c24947f0-e6cb-42ca-9f3e-fbc70677907d, with runner as owner and space quota set to -1 bytes, counts quota set to -1
2023-12-19 18:18:14,191 [om1-OMStateMachineApplyTransactionThread - 0] INFO  volume.OMVolumeCreateRequest (OMVolumeCreateRequest.java:validateAndUpdateCache(197)) - created volume:c24947f0-e6cb-42ca-9f3e-fbc70677907d for user:runner
2023-12-19 18:18:14,192 [main] INFO  rpc.RpcClient (RpcClient.java:createBucket(683)) - Creating Bucket: c24947f0-e6cb-42ca-9f3e-fbc70677907d/be6e963a-b681-4b4f-93e4-475f3a3394f1, with bucket layout LEGACY, runner as owner, Versioning false, Storage Type set to DISK and Encryption set to false, Replication Type set to server-side default replication type, Namespace Quota set to -1, Space Quota set to -1 
2023-12-19 18:18:14,194 [om1-OMStateMachineApplyTransactionThread - 0] INFO  bucket.OMBucketCreateRequest (OMBucketCreateRequest.java:validateAndUpdateCache(295)) - created bucket: be6e963a-b681-4b4f-93e4-475f3a3394f1 of layout LEGACY in volume: c24947f0-e6cb-42ca-9f3e-fbc70677907d
2023-12-19 18:18:14,196 [IPC Server handler 5 on default port 15001] WARN  node.SCMNodeManager (SCMNodeManager.java:getNodesByAddress(1440)) - address is null
2023-12-19 18:18:14,227 [IPC Server handler 1 on default port 15001] WARN  node.SCMNodeManager (SCMNodeManager.java:getNodesByAddress(1440)) - address is null
2023-12-19 18:18:14,242 [IPC Server handler 7 on default port 15001] WARN  node.SCMNodeManager (SCMNodeManager.java:getNodesByAddress(1440)) - address is null
]]></system-out>
  </testcase>
  <testcase name="testBucketUsedNamespace(BucketLayout)[3]" classname="org.apache.hadoop.ozone.client.rpc.TestSecureOzoneRpcClient" time="0.104">
    <system-out><![CDATA[2023-12-19 18:18:14,305 [main] INFO  rpc.RpcClient (RpcClient.java:createVolume(456)) - Creating Volume: 8b9d95dc-ff70-4de6-96ba-0be399510a1e, with runner as owner and space quota set to -1 bytes, counts quota set to -1
2023-12-19 18:18:14,307 [om1-OMStateMachineApplyTransactionThread - 0] INFO  volume.OMVolumeCreateRequest (OMVolumeCreateRequest.java:validateAndUpdateCache(197)) - created volume:8b9d95dc-ff70-4de6-96ba-0be399510a1e for user:runner
2023-12-19 18:18:14,310 [main] INFO  rpc.RpcClient (RpcClient.java:createBucket(683)) - Creating Bucket: 8b9d95dc-ff70-4de6-96ba-0be399510a1e/7bce97f6-b12b-4d84-aab9-142afe93fb0e, with bucket layout FILE_SYSTEM_OPTIMIZED, runner as owner, Versioning false, Storage Type set to DISK and Encryption set to false, Replication Type set to server-side default replication type, Namespace Quota set to -1, Space Quota set to -1 
2023-12-19 18:18:14,312 [om1-OMStateMachineApplyTransactionThread - 0] INFO  bucket.OMBucketCreateRequest (OMBucketCreateRequest.java:validateAndUpdateCache(295)) - created bucket: 7bce97f6-b12b-4d84-aab9-142afe93fb0e of layout FILE_SYSTEM_OPTIMIZED in volume: 8b9d95dc-ff70-4de6-96ba-0be399510a1e
2023-12-19 18:18:14,315 [IPC Server handler 6 on default port 15001] WARN  node.SCMNodeManager (SCMNodeManager.java:getNodesByAddress(1440)) - address is null
2023-12-19 18:18:14,333 [IPC Server handler 2 on default port 15001] WARN  node.SCMNodeManager (SCMNodeManager.java:getNodesByAddress(1440)) - address is null
2023-12-19 18:18:14,343 [IPC Server handler 4 on default port 15001] WARN  node.SCMNodeManager (SCMNodeManager.java:getNodesByAddress(1440)) - address is null
]]></system-out>
  </testcase>
  <testcase name="testCheckUsedBytesQuota" classname="org.apache.hadoop.ozone.client.rpc.TestSecureOzoneRpcClient" time="0.459">
    <system-out><![CDATA[2023-12-19 18:18:14,409 [main] INFO  rpc.RpcClient (RpcClient.java:createVolume(456)) - Creating Volume: e3700e0d-9eb5-4798-a3ff-fb723847726e, with runner as owner and space quota set to -1 bytes, counts quota set to -1
2023-12-19 18:18:14,411 [om1-OMStateMachineApplyTransactionThread - 0] INFO  volume.OMVolumeCreateRequest (OMVolumeCreateRequest.java:validateAndUpdateCache(197)) - created volume:e3700e0d-9eb5-4798-a3ff-fb723847726e for user:runner
2023-12-19 18:18:14,412 [main] INFO  rpc.RpcClient (RpcClient.java:createBucket(683)) - Creating Bucket: e3700e0d-9eb5-4798-a3ff-fb723847726e/ecdd5f38-d0dd-4e95-99e5-6af4f49fab53, with server-side default bucket layout, runner as owner, Versioning false, Storage Type set to DISK and Encryption set to false, Replication Type set to server-side default replication type, Namespace Quota set to -1, Space Quota set to -1 
2023-12-19 18:18:14,416 [om1-OMStateMachineApplyTransactionThread - 0] INFO  bucket.OMBucketCreateRequest (OMBucketCreateRequest.java:validateAndUpdateCache(295)) - created bucket: ecdd5f38-d0dd-4e95-99e5-6af4f49fab53 of layout OBJECT_STORE in volume: e3700e0d-9eb5-4798-a3ff-fb723847726e
2023-12-19 18:18:14,419 [main] INFO  rpc.RpcClient (RpcClient.java:createBucket(683)) - Creating Bucket: e3700e0d-9eb5-4798-a3ff-fb723847726e/66868f30-8beb-4dc5-b994-ce1d00505c12, with server-side default bucket layout, runner as owner, Versioning false, Storage Type set to DISK and Encryption set to false, Replication Type set to server-side default replication type, Namespace Quota set to -1, Space Quota set to -1 
2023-12-19 18:18:14,420 [om1-OMStateMachineApplyTransactionThread - 0] INFO  bucket.OMBucketCreateRequest (OMBucketCreateRequest.java:validateAndUpdateCache(295)) - created bucket: 66868f30-8beb-4dc5-b994-ce1d00505c12 of layout OBJECT_STORE in volume: e3700e0d-9eb5-4798-a3ff-fb723847726e
2023-12-19 18:18:14,432 [IPC Server handler 13 on default port 15001] WARN  node.SCMNodeManager (SCMNodeManager.java:getNodesByAddress(1440)) - address is null
18:18:14.434 [om1-OMStateMachineApplyTransactionThread - 0] ERROR OMAudit - user=runner | ip=127.0.0.1 | op=ALLOCATE_KEY {volume=e3700e0d-9eb5-4798-a3ff-fb723847726e, bucket=66868f30-8beb-4dc5-b994-ce1d00505c12, key=eac0acfd-397e-4174-9d0a-8a6d8040a2bc, dataSize=12, replicationType=RATIS, replicationFactor=ONE} | ret=FAILURE
org.apache.hadoop.ozone.om.exceptions.OMException: The DiskSpace quota of bucket:66868f30-8beb-4dc5-b994-ce1d00505c12 exceeded quotaInBytes: 1 Bytes but diskspace consumed: 4194304 Bytes.
	at org.apache.hadoop.ozone.om.request.key.OMKeyRequest.checkBucketQuotaInBytes(OMKeyRequest.java:594) ~[ozone-manager-1.5.0-SNAPSHOT.jar:?]
	at org.apache.hadoop.ozone.om.request.key.OMKeyCreateRequest.validateAndUpdateCache(OMKeyCreateRequest.java:309) ~[ozone-manager-1.5.0-SNAPSHOT.jar:?]
	at org.apache.hadoop.ozone.protocolPB.OzoneManagerRequestHandler.lambda$0(OzoneManagerRequestHandler.java:398) ~[ozone-manager-1.5.0-SNAPSHOT.jar:?]
	at org.apache.hadoop.util.MetricUtil.captureLatencyNs(MetricUtil.java:39) ~[hdds-common-1.5.0-SNAPSHOT.jar:?]
	at org.apache.hadoop.ozone.protocolPB.OzoneManagerRequestHandler.handleWriteRequest(OzoneManagerRequestHandler.java:394) ~[ozone-manager-1.5.0-SNAPSHOT.jar:?]
	at org.apache.hadoop.ozone.om.ratis.OzoneManagerStateMachine.runCommand(OzoneManagerStateMachine.java:582) ~[ozone-manager-1.5.0-SNAPSHOT.jar:?]
	at org.apache.hadoop.ozone.om.ratis.OzoneManagerStateMachine.lambda$1(OzoneManagerStateMachine.java:370) ~[ozone-manager-1.5.0-SNAPSHOT.jar:?]
	at java.util.concurrent.CompletableFuture$AsyncSupply.run(CompletableFuture.java:1604) [?:1.8.0_392]
	at java.util.concurrent.ThreadPoolExecutor.runWorker(ThreadPoolExecutor.java:1149) [?:1.8.0_392]
	at java.util.concurrent.ThreadPoolExecutor$Worker.run(ThreadPoolExecutor.java:624) [?:1.8.0_392]
	at java.lang.Thread.run(Thread.java:750) [?:1.8.0_392]
2023-12-19 18:18:14,434 [om1-OMStateMachineApplyTransactionThread - 0] ERROR key.OMKeyCreateRequest (OMKeyCreateRequest.java:logResult(385)) - Key creation failed. Volume:e3700e0d-9eb5-4798-a3ff-fb723847726e, Bucket:66868f30-8beb-4dc5-b994-ce1d00505c12, Key:eac0acfd-397e-4174-9d0a-8a6d8040a2bc. 
QUOTA_EXCEEDED org.apache.hadoop.ozone.om.exceptions.OMException: The DiskSpace quota of bucket:66868f30-8beb-4dc5-b994-ce1d00505c12 exceeded quotaInBytes: 1 Bytes but diskspace consumed: 4194304 Bytes.
	at org.apache.hadoop.ozone.om.request.key.OMKeyRequest.checkBucketQuotaInBytes(OMKeyRequest.java:594)
	at org.apache.hadoop.ozone.om.request.key.OMKeyCreateRequest.validateAndUpdateCache(OMKeyCreateRequest.java:309)
	at org.apache.hadoop.ozone.protocolPB.OzoneManagerRequestHandler.lambda$0(OzoneManagerRequestHandler.java:398)
	at org.apache.hadoop.util.MetricUtil.captureLatencyNs(MetricUtil.java:39)
	at org.apache.hadoop.ozone.protocolPB.OzoneManagerRequestHandler.handleWriteRequest(OzoneManagerRequestHandler.java:394)
	at org.apache.hadoop.ozone.om.ratis.OzoneManagerStateMachine.runCommand(OzoneManagerStateMachine.java:582)
	at org.apache.hadoop.ozone.om.ratis.OzoneManagerStateMachine.lambda$1(OzoneManagerStateMachine.java:370)
	at java.util.concurrent.CompletableFuture$AsyncSupply.run(CompletableFuture.java:1604)
	at java.util.concurrent.ThreadPoolExecutor.runWorker(ThreadPoolExecutor.java:1149)
	at java.util.concurrent.ThreadPoolExecutor$Worker.run(ThreadPoolExecutor.java:624)
	at java.lang.Thread.run(Thread.java:750)
2023-12-19 18:18:14,442 [IPC Server handler 18 on default port 15001] WARN  node.SCMNodeManager (SCMNodeManager.java:getNodesByAddress(1440)) - address is null
18:18:14.445 [om1-OMStateMachineApplyTransactionThread - 0] ERROR OMAudit - user=runner | ip=127.0.0.1 | op=CREATE_FILE {volume=e3700e0d-9eb5-4798-a3ff-fb723847726e, bucket=66868f30-8beb-4dc5-b994-ce1d00505c12, key=78598c1d-2a32-4c84-92cc-1972dd450da3, dataSize=4194304, replicationType=RATIS, replicationFactor=ONE} | ret=FAILURE
org.apache.hadoop.ozone.om.exceptions.OMException: The DiskSpace quota of bucket:66868f30-8beb-4dc5-b994-ce1d00505c12 exceeded quotaInBytes: 1 Bytes but diskspace consumed: 4194304 Bytes.
	at org.apache.hadoop.ozone.om.request.key.OMKeyRequest.checkBucketQuotaInBytes(OMKeyRequest.java:594) ~[ozone-manager-1.5.0-SNAPSHOT.jar:?]
	at org.apache.hadoop.ozone.om.request.file.OMFileCreateRequest.validateAndUpdateCache(OMFileCreateRequest.java:282) ~[ozone-manager-1.5.0-SNAPSHOT.jar:?]
	at org.apache.hadoop.ozone.protocolPB.OzoneManagerRequestHandler.lambda$0(OzoneManagerRequestHandler.java:398) ~[ozone-manager-1.5.0-SNAPSHOT.jar:?]
	at org.apache.hadoop.util.MetricUtil.captureLatencyNs(MetricUtil.java:39) ~[hdds-common-1.5.0-SNAPSHOT.jar:?]
	at org.apache.hadoop.ozone.protocolPB.OzoneManagerRequestHandler.handleWriteRequest(OzoneManagerRequestHandler.java:394) ~[ozone-manager-1.5.0-SNAPSHOT.jar:?]
	at org.apache.hadoop.ozone.om.ratis.OzoneManagerStateMachine.runCommand(OzoneManagerStateMachine.java:582) ~[ozone-manager-1.5.0-SNAPSHOT.jar:?]
	at org.apache.hadoop.ozone.om.ratis.OzoneManagerStateMachine.lambda$1(OzoneManagerStateMachine.java:370) ~[ozone-manager-1.5.0-SNAPSHOT.jar:?]
	at java.util.concurrent.CompletableFuture$AsyncSupply.run(CompletableFuture.java:1604) [?:1.8.0_392]
	at java.util.concurrent.ThreadPoolExecutor.runWorker(ThreadPoolExecutor.java:1149) [?:1.8.0_392]
	at java.util.concurrent.ThreadPoolExecutor$Worker.run(ThreadPoolExecutor.java:624) [?:1.8.0_392]
	at java.lang.Thread.run(Thread.java:750) [?:1.8.0_392]
2023-12-19 18:18:14,445 [om1-OMStateMachineApplyTransactionThread - 0] ERROR file.OMFileCreateRequest (OMFileCreateRequest.java:validateAndUpdateCache(342)) - File create failed. Volume:e3700e0d-9eb5-4798-a3ff-fb723847726e, Bucket:66868f30-8beb-4dc5-b994-ce1d00505c12, Key78598c1d-2a32-4c84-92cc-1972dd450da3.
QUOTA_EXCEEDED org.apache.hadoop.ozone.om.exceptions.OMException: The DiskSpace quota of bucket:66868f30-8beb-4dc5-b994-ce1d00505c12 exceeded quotaInBytes: 1 Bytes but diskspace consumed: 4194304 Bytes.
	at org.apache.hadoop.ozone.om.request.key.OMKeyRequest.checkBucketQuotaInBytes(OMKeyRequest.java:594)
	at org.apache.hadoop.ozone.om.request.file.OMFileCreateRequest.validateAndUpdateCache(OMFileCreateRequest.java:282)
	at org.apache.hadoop.ozone.protocolPB.OzoneManagerRequestHandler.lambda$0(OzoneManagerRequestHandler.java:398)
	at org.apache.hadoop.util.MetricUtil.captureLatencyNs(MetricUtil.java:39)
	at org.apache.hadoop.ozone.protocolPB.OzoneManagerRequestHandler.handleWriteRequest(OzoneManagerRequestHandler.java:394)
	at org.apache.hadoop.ozone.om.ratis.OzoneManagerStateMachine.runCommand(OzoneManagerStateMachine.java:582)
	at org.apache.hadoop.ozone.om.ratis.OzoneManagerStateMachine.lambda$1(OzoneManagerStateMachine.java:370)
	at java.util.concurrent.CompletableFuture$AsyncSupply.run(CompletableFuture.java:1604)
	at java.util.concurrent.ThreadPoolExecutor.runWorker(ThreadPoolExecutor.java:1149)
	at java.util.concurrent.ThreadPoolExecutor$Worker.run(ThreadPoolExecutor.java:624)
	at java.lang.Thread.run(Thread.java:750)
2023-12-19 18:18:14,451 [IPC Server handler 8 on default port 15001] WARN  node.SCMNodeManager (SCMNodeManager.java:getNodesByAddress(1440)) - address is null
2023-12-19 18:18:14,590 [IPC Server handler 12 on default port 15001] WARN  node.SCMNodeManager (SCMNodeManager.java:getNodesByAddress(1440)) - address is null
2023-12-19 18:18:14,663 [IPC Server handler 0 on default port 15001] WARN  node.SCMNodeManager (SCMNodeManager.java:getNodesByAddress(1440)) - address is null
2023-12-19 18:18:14,736 [IPC Server handler 11 on default port 15001] WARN  node.SCMNodeManager (SCMNodeManager.java:getNodesByAddress(1440)) - address is null
2023-12-19 18:18:14,797 [IPC Server handler 14 on default port 15001] WARN  node.SCMNodeManager (SCMNodeManager.java:getNodesByAddress(1440)) - address is null
2023-12-19 18:18:14,799 [om1-OMStateMachineApplyTransactionThread - 0] ERROR key.OMAllocateBlockRequest (OMAllocateBlockRequest.java:validateAndUpdateCache(255)) - Allocate Block failed. Volume:e3700e0d-9eb5-4798-a3ff-fb723847726e, Bucket:66868f30-8beb-4dc5-b994-ce1d00505c12, OpenKey:/e3700e0d-9eb5-4798-a3ff-fb723847726e/66868f30-8beb-4dc5-b994-ce1d00505c12/8b3da46b-5205-498c-ba62-ec0adb4e9694/111608456442740813. Exception:{}
QUOTA_EXCEEDED org.apache.hadoop.ozone.om.exceptions.OMException: The DiskSpace quota of bucket:66868f30-8beb-4dc5-b994-ce1d00505c12 exceeded quotaInBytes: 16777216 Bytes but diskspace consumed: 20971520 Bytes.
	at org.apache.hadoop.ozone.om.request.key.OMKeyRequest.checkBucketQuotaInBytes(OMKeyRequest.java:594)
	at org.apache.hadoop.ozone.om.request.key.OMAllocateBlockRequest.validateAndUpdateCache(OMAllocateBlockRequest.java:227)
	at org.apache.hadoop.ozone.protocolPB.OzoneManagerRequestHandler.lambda$0(OzoneManagerRequestHandler.java:398)
	at org.apache.hadoop.util.MetricUtil.captureLatencyNs(MetricUtil.java:39)
	at org.apache.hadoop.ozone.protocolPB.OzoneManagerRequestHandler.handleWriteRequest(OzoneManagerRequestHandler.java:394)
	at org.apache.hadoop.ozone.om.ratis.OzoneManagerStateMachine.runCommand(OzoneManagerStateMachine.java:582)
	at org.apache.hadoop.ozone.om.ratis.OzoneManagerStateMachine.lambda$1(OzoneManagerStateMachine.java:370)
	at java.util.concurrent.CompletableFuture$AsyncSupply.run(CompletableFuture.java:1604)
	at java.util.concurrent.ThreadPoolExecutor.runWorker(ThreadPoolExecutor.java:1149)
	at java.util.concurrent.ThreadPoolExecutor$Worker.run(ThreadPoolExecutor.java:624)
	at java.lang.Thread.run(Thread.java:750)
18:18:14.799 [om1-OMStateMachineApplyTransactionThread - 0] ERROR OMAudit - user=runner | ip=127.0.0.1 | op=ALLOCATE_BLOCK {volume=e3700e0d-9eb5-4798-a3ff-fb723847726e, bucket=66868f30-8beb-4dc5-b994-ce1d00505c12, key=8b3da46b-5205-498c-ba62-ec0adb4e9694, dataSize=12, replicationType=RATIS, replicationFactor=ONE, clientID=111608456442740813} | ret=FAILURE
org.apache.hadoop.ozone.om.exceptions.OMException: The DiskSpace quota of bucket:66868f30-8beb-4dc5-b994-ce1d00505c12 exceeded quotaInBytes: 16777216 Bytes but diskspace consumed: 20971520 Bytes.
	at org.apache.hadoop.ozone.om.request.key.OMKeyRequest.checkBucketQuotaInBytes(OMKeyRequest.java:594) ~[ozone-manager-1.5.0-SNAPSHOT.jar:?]
	at org.apache.hadoop.ozone.om.request.key.OMAllocateBlockRequest.validateAndUpdateCache(OMAllocateBlockRequest.java:227) ~[ozone-manager-1.5.0-SNAPSHOT.jar:?]
	at org.apache.hadoop.ozone.protocolPB.OzoneManagerRequestHandler.lambda$0(OzoneManagerRequestHandler.java:398) ~[ozone-manager-1.5.0-SNAPSHOT.jar:?]
	at org.apache.hadoop.util.MetricUtil.captureLatencyNs(MetricUtil.java:39) ~[hdds-common-1.5.0-SNAPSHOT.jar:?]
	at org.apache.hadoop.ozone.protocolPB.OzoneManagerRequestHandler.handleWriteRequest(OzoneManagerRequestHandler.java:394) ~[ozone-manager-1.5.0-SNAPSHOT.jar:?]
	at org.apache.hadoop.ozone.om.ratis.OzoneManagerStateMachine.runCommand(OzoneManagerStateMachine.java:582) ~[ozone-manager-1.5.0-SNAPSHOT.jar:?]
	at org.apache.hadoop.ozone.om.ratis.OzoneManagerStateMachine.lambda$1(OzoneManagerStateMachine.java:370) ~[ozone-manager-1.5.0-SNAPSHOT.jar:?]
	at java.util.concurrent.CompletableFuture$AsyncSupply.run(CompletableFuture.java:1604) [?:1.8.0_392]
	at java.util.concurrent.ThreadPoolExecutor.runWorker(ThreadPoolExecutor.java:1149) [?:1.8.0_392]
	at java.util.concurrent.ThreadPoolExecutor$Worker.run(ThreadPoolExecutor.java:624) [?:1.8.0_392]
	at java.lang.Thread.run(Thread.java:750) [?:1.8.0_392]
2023-12-19 18:18:14,808 [IPC Server handler 16 on default port 15001] WARN  node.SCMNodeManager (SCMNodeManager.java:getNodesByAddress(1440)) - address is null
2023-12-19 18:18:14,818 [IPC Server handler 3 on default port 15001] WARN  node.SCMNodeManager (SCMNodeManager.java:getNodesByAddress(1440)) - address is null
]]></system-out>
  </testcase>
  <testcase name="testCommitPartAfterCompleteUpload" classname="org.apache.hadoop.ozone.client.rpc.TestSecureOzoneRpcClient" time="0.41">
    <system-out><![CDATA[2023-12-19 18:18:14,869 [main] INFO  rpc.RpcClient (RpcClient.java:createVolume(456)) - Creating Volume: a2af7fd7-cce9-47f8-9dbc-14df1892a202, with runner as owner and space quota set to -1 bytes, counts quota set to -1
2023-12-19 18:18:14,870 [om1-OMStateMachineApplyTransactionThread - 0] INFO  volume.OMVolumeCreateRequest (OMVolumeCreateRequest.java:validateAndUpdateCache(197)) - created volume:a2af7fd7-cce9-47f8-9dbc-14df1892a202 for user:runner
2023-12-19 18:18:14,872 [main] INFO  rpc.RpcClient (RpcClient.java:createBucket(683)) - Creating Bucket: a2af7fd7-cce9-47f8-9dbc-14df1892a202/8f0673da-b183-4a05-89ed-430c7488da32, with server-side default bucket layout, runner as owner, Versioning false, Storage Type set to DISK and Encryption set to false, Replication Type set to server-side default replication type, Namespace Quota set to -1, Space Quota set to -1 
2023-12-19 18:18:14,874 [om1-OMStateMachineApplyTransactionThread - 0] INFO  bucket.OMBucketCreateRequest (OMBucketCreateRequest.java:validateAndUpdateCache(295)) - created bucket: 8f0673da-b183-4a05-89ed-430c7488da32 of layout OBJECT_STORE in volume: a2af7fd7-cce9-47f8-9dbc-14df1892a202
2023-12-19 18:18:14,880 [IPC Server handler 19 on default port 15001] WARN  node.SCMNodeManager (SCMNodeManager.java:getNodesByAddress(1440)) - address is null
2023-12-19 18:18:14,902 [IPC Server handler 9 on default port 15001] WARN  node.SCMNodeManager (SCMNodeManager.java:getNodesByAddress(1440)) - address is null
2023-12-19 18:18:14,920 [IPC Server handler 17 on default port 15001] WARN  node.SCMNodeManager (SCMNodeManager.java:getNodesByAddress(1440)) - address is null
2023-12-19 18:18:14,959 [IPC Server handler 10 on default port 15001] WARN  node.SCMNodeManager (SCMNodeManager.java:getNodesByAddress(1440)) - address is null
2023-12-19 18:18:15,114 [IPC Server handler 15 on default port 15001] WARN  node.SCMNodeManager (SCMNodeManager.java:getNodesByAddress(1445)) - Cannot find node for address 127.0.0.1
2023-12-19 18:18:15,115 [IPC Server handler 5 on default port 15001] WARN  node.SCMNodeManager (SCMNodeManager.java:getNodesByAddress(1445)) - Cannot find node for address 127.0.0.1
18:18:15.277 [om1-OMStateMachineApplyTransactionThread - 0] ERROR OMAudit - user=runner | ip=127.0.0.1 | op=COMMIT_MULTIPART_UPLOAD_PARTKEY {volume=a2af7fd7-cce9-47f8-9dbc-14df1892a202, bucket=8f0673da-b183-4a05-89ed-430c7488da32, key=0b4d154f-cb7a-4a01-844a-de03f83eaa16, dataSize=5242880, replicationType=NONE, replicationFactor=ZERO, partNumber=2, partName=/a2af7fd7-cce9-47f8-9dbc-14df1892a202/8f0673da-b183-4a05-89ed-430c7488da32/0b4d154f-cb7a-4a01-844a-de03f83eaa16-564ee33e-99cf-4cae-8972-30f8f32979ed-111608456470593616-2} | ret=FAILURE
org.apache.hadoop.ozone.om.exceptions.OMException: No such Multipart upload is with specified uploadId 564ee33e-99cf-4cae-8972-30f8f32979ed-111608456470593616
	at org.apache.hadoop.ozone.om.request.s3.multipart.S3MultipartUploadCommitPartRequest.validateAndUpdateCache(S3MultipartUploadCommitPartRequest.java:191) ~[ozone-manager-1.5.0-SNAPSHOT.jar:?]
	at org.apache.hadoop.ozone.protocolPB.OzoneManagerRequestHandler.lambda$0(OzoneManagerRequestHandler.java:398) ~[ozone-manager-1.5.0-SNAPSHOT.jar:?]
	at org.apache.hadoop.util.MetricUtil.captureLatencyNs(MetricUtil.java:39) ~[hdds-common-1.5.0-SNAPSHOT.jar:?]
	at org.apache.hadoop.ozone.protocolPB.OzoneManagerRequestHandler.handleWriteRequest(OzoneManagerRequestHandler.java:394) ~[ozone-manager-1.5.0-SNAPSHOT.jar:?]
	at org.apache.hadoop.ozone.om.ratis.OzoneManagerStateMachine.runCommand(OzoneManagerStateMachine.java:582) ~[ozone-manager-1.5.0-SNAPSHOT.jar:?]
	at org.apache.hadoop.ozone.om.ratis.OzoneManagerStateMachine.lambda$1(OzoneManagerStateMachine.java:370) ~[ozone-manager-1.5.0-SNAPSHOT.jar:?]
	at java.util.concurrent.CompletableFuture$AsyncSupply.run(CompletableFuture.java:1604) [?:1.8.0_392]
	at java.util.concurrent.ThreadPoolExecutor.runWorker(ThreadPoolExecutor.java:1149) [?:1.8.0_392]
	at java.util.concurrent.ThreadPoolExecutor$Worker.run(ThreadPoolExecutor.java:624) [?:1.8.0_392]
	at java.lang.Thread.run(Thread.java:750) [?:1.8.0_392]
2023-12-19 18:18:15,278 [om1-OMStateMachineApplyTransactionThread - 0] ERROR multipart.S3MultipartUploadCommitPartRequest (S3MultipartUploadCommitPartRequest.java:logResult(331)) - MultipartUpload Commit is failed for Key:0b4d154f-cb7a-4a01-844a-de03f83eaa16 in Volume/Bucket a2af7fd7-cce9-47f8-9dbc-14df1892a202/8f0673da-b183-4a05-89ed-430c7488da32
NO_SUCH_MULTIPART_UPLOAD_ERROR org.apache.hadoop.ozone.om.exceptions.OMException: No such Multipart upload is with specified uploadId 564ee33e-99cf-4cae-8972-30f8f32979ed-111608456470593616
	at org.apache.hadoop.ozone.om.request.s3.multipart.S3MultipartUploadCommitPartRequest.validateAndUpdateCache(S3MultipartUploadCommitPartRequest.java:191)
	at org.apache.hadoop.ozone.protocolPB.OzoneManagerRequestHandler.lambda$0(OzoneManagerRequestHandler.java:398)
	at org.apache.hadoop.util.MetricUtil.captureLatencyNs(MetricUtil.java:39)
	at org.apache.hadoop.ozone.protocolPB.OzoneManagerRequestHandler.handleWriteRequest(OzoneManagerRequestHandler.java:394)
	at org.apache.hadoop.ozone.om.ratis.OzoneManagerStateMachine.runCommand(OzoneManagerStateMachine.java:582)
	at org.apache.hadoop.ozone.om.ratis.OzoneManagerStateMachine.lambda$1(OzoneManagerStateMachine.java:370)
	at java.util.concurrent.CompletableFuture$AsyncSupply.run(CompletableFuture.java:1604)
	at java.util.concurrent.ThreadPoolExecutor.runWorker(ThreadPoolExecutor.java:1149)
	at java.util.concurrent.ThreadPoolExecutor$Worker.run(ThreadPoolExecutor.java:624)
	at java.lang.Thread.run(Thread.java:750)
]]></system-out>
  </testcase>
  <testcase name="testCreateBucket" classname="org.apache.hadoop.ozone.client.rpc.TestSecureOzoneRpcClient" time="0.007">
    <system-out><![CDATA[2023-12-19 18:18:15,280 [main] INFO  rpc.RpcClient (RpcClient.java:createVolume(456)) - Creating Volume: 6e2c9fba-52aa-4c90-85cf-dce2b2a2d7ab, with runner as owner and space quota set to -1 bytes, counts quota set to -1
2023-12-19 18:18:15,282 [om1-OMStateMachineApplyTransactionThread - 0] INFO  volume.OMVolumeCreateRequest (OMVolumeCreateRequest.java:validateAndUpdateCache(197)) - created volume:6e2c9fba-52aa-4c90-85cf-dce2b2a2d7ab for user:runner
2023-12-19 18:18:15,283 [main] INFO  rpc.RpcClient (RpcClient.java:createBucket(683)) - Creating Bucket: 6e2c9fba-52aa-4c90-85cf-dce2b2a2d7ab/d0d80aee-5ec7-4e95-b31e-18711d361b18, with server-side default bucket layout, runner as owner, Versioning false, Storage Type set to DISK and Encryption set to false, Replication Type set to server-side default replication type, Namespace Quota set to -1, Space Quota set to -1 
2023-12-19 18:18:15,285 [om1-OMStateMachineApplyTransactionThread - 0] INFO  bucket.OMBucketCreateRequest (OMBucketCreateRequest.java:validateAndUpdateCache(295)) - created bucket: d0d80aee-5ec7-4e95-b31e-18711d361b18 of layout OBJECT_STORE in volume: 6e2c9fba-52aa-4c90-85cf-dce2b2a2d7ab
]]></system-out>
  </testcase>
  <testcase name="testCreateBucketWithAcls" classname="org.apache.hadoop.ozone.client.rpc.TestSecureOzoneRpcClient" time="0.006">
    <system-out><![CDATA[2023-12-19 18:18:15,288 [main] INFO  rpc.RpcClient (RpcClient.java:createVolume(456)) - Creating Volume: de4b8b92-3a4d-4143-9590-0ddb830d69b7, with runner as owner and space quota set to -1 bytes, counts quota set to -1
2023-12-19 18:18:15,289 [om1-OMStateMachineApplyTransactionThread - 0] INFO  volume.OMVolumeCreateRequest (OMVolumeCreateRequest.java:validateAndUpdateCache(197)) - created volume:de4b8b92-3a4d-4143-9590-0ddb830d69b7 for user:runner
2023-12-19 18:18:15,291 [main] INFO  rpc.RpcClient (RpcClient.java:createBucket(683)) - Creating Bucket: de4b8b92-3a4d-4143-9590-0ddb830d69b7/df587fa2-5e9b-4d77-ab31-437107686b98, with server-side default bucket layout, runner as owner, Versioning false, Storage Type set to DISK and Encryption set to false, Replication Type set to server-side default replication type, Namespace Quota set to -1, Space Quota set to -1 
2023-12-19 18:18:15,292 [om1-OMStateMachineApplyTransactionThread - 0] INFO  bucket.OMBucketCreateRequest (OMBucketCreateRequest.java:validateAndUpdateCache(295)) - created bucket: df587fa2-5e9b-4d77-ab31-437107686b98 of layout OBJECT_STORE in volume: de4b8b92-3a4d-4143-9590-0ddb830d69b7
]]></system-out>
  </testcase>
  <testcase name="testCreateBucketWithAllArgument" classname="org.apache.hadoop.ozone.client.rpc.TestSecureOzoneRpcClient" time="0.011">
    <system-out><![CDATA[2023-12-19 18:18:15,295 [main] INFO  rpc.RpcClient (RpcClient.java:createVolume(456)) - Creating Volume: 1fae4fb9-d50c-4962-80eb-7b13a8cd3f29, with runner as owner and space quota set to -1 bytes, counts quota set to -1
2023-12-19 18:18:15,297 [om1-OMStateMachineApplyTransactionThread - 0] INFO  volume.OMVolumeCreateRequest (OMVolumeCreateRequest.java:validateAndUpdateCache(197)) - created volume:1fae4fb9-d50c-4962-80eb-7b13a8cd3f29 for user:runner
2023-12-19 18:18:15,299 [main] INFO  rpc.RpcClient (RpcClient.java:createBucket(683)) - Creating Bucket: 1fae4fb9-d50c-4962-80eb-7b13a8cd3f29/3ab061db-0482-4187-b229-4b9112d25968, with server-side default bucket layout, runner as owner, Versioning true, Storage Type set to SSD and Encryption set to false, Replication Type set to EC, Namespace Quota set to -1, Space Quota set to -1 
2023-12-19 18:18:15,303 [om1-OMStateMachineApplyTransactionThread - 0] INFO  bucket.OMBucketCreateRequest (OMBucketCreateRequest.java:validateAndUpdateCache(295)) - created bucket: 3ab061db-0482-4187-b229-4b9112d25968 of layout OBJECT_STORE in volume: 1fae4fb9-d50c-4962-80eb-7b13a8cd3f29
]]></system-out>
  </testcase>
  <testcase name="testCreateBucketWithMetadata" classname="org.apache.hadoop.ozone.client.rpc.TestSecureOzoneRpcClient" time="0.007">
    <system-out><![CDATA[2023-12-19 18:18:15,307 [main] INFO  rpc.RpcClient (RpcClient.java:createVolume(456)) - Creating Volume: f659ab82-18f2-4a87-8330-a33855b68209, with runner as owner and space quota set to -1 bytes, counts quota set to -1
2023-12-19 18:18:15,309 [om1-OMStateMachineApplyTransactionThread - 0] INFO  volume.OMVolumeCreateRequest (OMVolumeCreateRequest.java:validateAndUpdateCache(197)) - created volume:f659ab82-18f2-4a87-8330-a33855b68209 for user:runner
2023-12-19 18:18:15,310 [main] INFO  rpc.RpcClient (RpcClient.java:createBucket(683)) - Creating Bucket: f659ab82-18f2-4a87-8330-a33855b68209/ca90b575-f015-465a-a1a2-d6fef27aa59c, with server-side default bucket layout, runner as owner, Versioning false, Storage Type set to DISK and Encryption set to false, Replication Type set to server-side default replication type, Namespace Quota set to -1, Space Quota set to -1 
2023-12-19 18:18:15,312 [om1-OMStateMachineApplyTransactionThread - 0] INFO  bucket.OMBucketCreateRequest (OMBucketCreateRequest.java:validateAndUpdateCache(295)) - created bucket: ca90b575-f015-465a-a1a2-d6fef27aa59c of layout OBJECT_STORE in volume: f659ab82-18f2-4a87-8330-a33855b68209
]]></system-out>
  </testcase>
  <testcase name="testCreateBucketWithReplicationConfig" classname="org.apache.hadoop.ozone.client.rpc.TestSecureOzoneRpcClient" time="0.005">
    <system-out><![CDATA[2023-12-19 18:18:15,314 [main] INFO  rpc.RpcClient (RpcClient.java:createVolume(456)) - Creating Volume: b1070910-c194-4d19-89a3-e24205a39d32, with runner as owner and space quota set to -1 bytes, counts quota set to -1
2023-12-19 18:18:15,315 [om1-OMStateMachineApplyTransactionThread - 0] INFO  volume.OMVolumeCreateRequest (OMVolumeCreateRequest.java:validateAndUpdateCache(197)) - created volume:b1070910-c194-4d19-89a3-e24205a39d32 for user:runner
2023-12-19 18:18:15,317 [main] INFO  rpc.RpcClient (RpcClient.java:createBucket(683)) - Creating Bucket: b1070910-c194-4d19-89a3-e24205a39d32/79e49fcc-9605-4c55-8c6a-ba999ed7a09d, with server-side default bucket layout, runner as owner, Versioning false, Storage Type set to DISK and Encryption set to false, Replication Type set to EC, Namespace Quota set to -1, Space Quota set to -1 
2023-12-19 18:18:15,318 [om1-OMStateMachineApplyTransactionThread - 0] INFO  bucket.OMBucketCreateRequest (OMBucketCreateRequest.java:validateAndUpdateCache(295)) - created bucket: 79e49fcc-9605-4c55-8c6a-ba999ed7a09d of layout OBJECT_STORE in volume: b1070910-c194-4d19-89a3-e24205a39d32
]]></system-out>
  </testcase>
  <testcase name="testCreateBucketWithStorageType" classname="org.apache.hadoop.ozone.client.rpc.TestSecureOzoneRpcClient" time="0.005">
    <system-out><![CDATA[2023-12-19 18:18:15,320 [main] INFO  rpc.RpcClient (RpcClient.java:createVolume(456)) - Creating Volume: 8f5beedc-a01b-4c2f-be87-7330a71ec630, with runner as owner and space quota set to -1 bytes, counts quota set to -1
2023-12-19 18:18:15,322 [om1-OMStateMachineApplyTransactionThread - 0] INFO  volume.OMVolumeCreateRequest (OMVolumeCreateRequest.java:validateAndUpdateCache(197)) - created volume:8f5beedc-a01b-4c2f-be87-7330a71ec630 for user:runner
2023-12-19 18:18:15,323 [main] INFO  rpc.RpcClient (RpcClient.java:createBucket(683)) - Creating Bucket: 8f5beedc-a01b-4c2f-be87-7330a71ec630/cfef91f8-1687-4737-923e-830c9721f2c8, with server-side default bucket layout, runner as owner, Versioning false, Storage Type set to SSD and Encryption set to false, Replication Type set to server-side default replication type, Namespace Quota set to -1, Space Quota set to -1 
2023-12-19 18:18:15,324 [om1-OMStateMachineApplyTransactionThread - 0] INFO  bucket.OMBucketCreateRequest (OMBucketCreateRequest.java:validateAndUpdateCache(295)) - created bucket: cfef91f8-1687-4737-923e-830c9721f2c8 of layout OBJECT_STORE in volume: 8f5beedc-a01b-4c2f-be87-7330a71ec630
]]></system-out>
  </testcase>
  <testcase name="testCreateBucketWithVersioning" classname="org.apache.hadoop.ozone.client.rpc.TestSecureOzoneRpcClient" time="0.004">
    <system-out><![CDATA[2023-12-19 18:18:15,326 [main] INFO  rpc.RpcClient (RpcClient.java:createVolume(456)) - Creating Volume: e0f7b7d6-edb8-402b-b7d7-8ffab7fdc63c, with runner as owner and space quota set to -1 bytes, counts quota set to -1
2023-12-19 18:18:15,327 [om1-OMStateMachineApplyTransactionThread - 0] INFO  volume.OMVolumeCreateRequest (OMVolumeCreateRequest.java:validateAndUpdateCache(197)) - created volume:e0f7b7d6-edb8-402b-b7d7-8ffab7fdc63c for user:runner
2023-12-19 18:18:15,328 [main] INFO  rpc.RpcClient (RpcClient.java:createBucket(683)) - Creating Bucket: e0f7b7d6-edb8-402b-b7d7-8ffab7fdc63c/cee9503f-975a-418f-b9ed-c45615f48945, with server-side default bucket layout, runner as owner, Versioning true, Storage Type set to DISK and Encryption set to false, Replication Type set to server-side default replication type, Namespace Quota set to -1, Space Quota set to -1 
2023-12-19 18:18:15,329 [om1-OMStateMachineApplyTransactionThread - 0] INFO  bucket.OMBucketCreateRequest (OMBucketCreateRequest.java:validateAndUpdateCache(295)) - created bucket: cee9503f-975a-418f-b9ed-c45615f48945 of layout OBJECT_STORE in volume: e0f7b7d6-edb8-402b-b7d7-8ffab7fdc63c
]]></system-out>
  </testcase>
  <testcase name="testCreateS3Bucket" classname="org.apache.hadoop.ozone.client.rpc.TestSecureOzoneRpcClient" time="0.007">
    <system-out><![CDATA[2023-12-19 18:18:15,335 [main] INFO  rpc.RpcClient (RpcClient.java:createBucket(683)) - Creating Bucket: s3v/c5a435ca-e4ce-456d-9cef-b8286472bd47, with bucket layout OBJECT_STORE, runner as owner, Versioning false, Storage Type set to DISK and Encryption set to false, Replication Type set to server-side default replication type, Namespace Quota set to -1, Space Quota set to -1 
2023-12-19 18:18:15,336 [om1-OMStateMachineApplyTransactionThread - 0] INFO  bucket.OMBucketCreateRequest (OMBucketCreateRequest.java:validateAndUpdateCache(295)) - created bucket: c5a435ca-e4ce-456d-9cef-b8286472bd47 of layout OBJECT_STORE in volume: s3v
]]></system-out>
  </testcase>
  <testcase name="testCreateVolumeWithMetadata" classname="org.apache.hadoop.ozone.client.rpc.TestSecureOzoneRpcClient" time="0.003">
    <system-out><![CDATA[2023-12-19 18:18:15,339 [main] INFO  rpc.RpcClient (RpcClient.java:createVolume(456)) - Creating Volume: dbd45942-ee58-4aa8-ae98-a315b9670f2e, with runner as owner and space quota set to -1 bytes, counts quota set to -1
2023-12-19 18:18:15,340 [om1-OMStateMachineApplyTransactionThread - 0] INFO  volume.OMVolumeCreateRequest (OMVolumeCreateRequest.java:validateAndUpdateCache(197)) - created volume:dbd45942-ee58-4aa8-ae98-a315b9670f2e for user:runner
]]></system-out>
  </testcase>
  <testcase name="testDefaultS3GVolumeExists" classname="org.apache.hadoop.ozone.client.rpc.TestSecureOzoneRpcClient" time="0.001"/>
  <testcase name="testDeleteBucket" classname="org.apache.hadoop.ozone.client.rpc.TestSecureOzoneRpcClient" time="0.01">
    <system-out><![CDATA[2023-12-19 18:18:15,343 [main] INFO  rpc.RpcClient (RpcClient.java:createVolume(456)) - Creating Volume: 69375a81-d938-495c-bff9-562910b42587, with runner as owner and space quota set to -1 bytes, counts quota set to -1
2023-12-19 18:18:15,344 [om1-OMStateMachineApplyTransactionThread - 0] INFO  volume.OMVolumeCreateRequest (OMVolumeCreateRequest.java:validateAndUpdateCache(197)) - created volume:69375a81-d938-495c-bff9-562910b42587 for user:runner
2023-12-19 18:18:15,345 [main] INFO  rpc.RpcClient (RpcClient.java:createBucket(683)) - Creating Bucket: 69375a81-d938-495c-bff9-562910b42587/129fd164-2964-419c-9b5c-95d91ebbbaf0, with server-side default bucket layout, runner as owner, Versioning false, Storage Type set to DISK and Encryption set to false, Replication Type set to server-side default replication type, Namespace Quota set to -1, Space Quota set to -1 
2023-12-19 18:18:15,346 [om1-OMStateMachineApplyTransactionThread - 0] INFO  bucket.OMBucketCreateRequest (OMBucketCreateRequest.java:validateAndUpdateCache(295)) - created bucket: 129fd164-2964-419c-9b5c-95d91ebbbaf0 of layout OBJECT_STORE in volume: 69375a81-d938-495c-bff9-562910b42587
18:18:15.352 [IPC Server handler 13 on default port 15004] ERROR OMAudit - user=runner | ip=127.0.0.1 | op=READ_BUCKET {volume=69375a81-d938-495c-bff9-562910b42587, bucket=129fd164-2964-419c-9b5c-95d91ebbbaf0} | ret=FAILURE
org.apache.hadoop.ozone.om.exceptions.OMException: Bucket not found
	at org.apache.hadoop.ozone.om.OzoneManager.getBucketOwner(OzoneManager.java:2533) ~[ozone-manager-1.5.0-SNAPSHOT.jar:?]
	at org.apache.hadoop.ozone.om.OzoneManager.getBucketOwner(OzoneManager.java:2501) ~[ozone-manager-1.5.0-SNAPSHOT.jar:?]
	at org.apache.hadoop.ozone.om.OmMetadataReader.checkAcls(OmMetadataReader.java:456) ~[ozone-manager-1.5.0-SNAPSHOT.jar:?]
	at org.apache.hadoop.ozone.om.OzoneManager.getBucketInfo(OzoneManager.java:2791) ~[ozone-manager-1.5.0-SNAPSHOT.jar:?]
	at org.apache.hadoop.ozone.protocolPB.OzoneManagerRequestHandler.infoBucket(OzoneManagerRequestHandler.java:576) ~[ozone-manager-1.5.0-SNAPSHOT.jar:?]
	at org.apache.hadoop.ozone.protocolPB.OzoneManagerRequestHandler.handleReadRequest(OzoneManagerRequestHandler.java:208) ~[ozone-manager-1.5.0-SNAPSHOT.jar:?]
	at org.apache.hadoop.ozone.protocolPB.OzoneManagerProtocolServerSideTranslatorPB.submitReadRequestToOM(OzoneManagerProtocolServerSideTranslatorPB.java:265) ~[ozone-manager-1.5.0-SNAPSHOT.jar:?]
	at org.apache.hadoop.ozone.protocolPB.OzoneManagerProtocolServerSideTranslatorPB.internalProcessRequest(OzoneManagerProtocolServerSideTranslatorPB.java:211) ~[ozone-manager-1.5.0-SNAPSHOT.jar:?]
	at org.apache.hadoop.ozone.protocolPB.OzoneManagerProtocolServerSideTranslatorPB.processRequest(OzoneManagerProtocolServerSideTranslatorPB.java:171) ~[ozone-manager-1.5.0-SNAPSHOT.jar:?]
	at org.apache.hadoop.hdds.server.OzoneProtocolMessageDispatcher.processRequest(OzoneProtocolMessageDispatcher.java:89) [hdds-server-framework-1.5.0-SNAPSHOT.jar:?]
	at org.apache.hadoop.ozone.protocolPB.OzoneManagerProtocolServerSideTranslatorPB.submitRequest(OzoneManagerProtocolServerSideTranslatorPB.java:162) [ozone-manager-1.5.0-SNAPSHOT.jar:?]
	at org.apache.hadoop.ozone.protocol.proto.OzoneManagerProtocolProtos$OzoneManagerService$2.callBlockingMethod(OzoneManagerProtocolProtos.java) [ozone-interface-client-1.5.0-SNAPSHOT.jar:?]
	at org.apache.hadoop.ipc.ProtobufRpcEngine$Server.processCall(ProtobufRpcEngine.java:484) [hadoop-common-3.3.6.jar:?]
	at org.apache.hadoop.ipc.ProtobufRpcEngine2$Server$ProtoBufRpcInvoker.call(ProtobufRpcEngine2.java:595) [hadoop-common-3.3.6.jar:?]
	at org.apache.hadoop.ipc.ProtobufRpcEngine2$Server$ProtoBufRpcInvoker.call(ProtobufRpcEngine2.java:573) [hadoop-common-3.3.6.jar:?]
	at org.apache.hadoop.ipc.RPC$Server.call(RPC.java:1227) [hadoop-common-3.3.6.jar:?]
	at org.apache.hadoop.ipc.Server$RpcCall.run(Server.java:1094) [hadoop-common-3.3.6.jar:?]
	at org.apache.hadoop.ipc.Server$RpcCall.run(Server.java:1017) [hadoop-common-3.3.6.jar:?]
	at java.security.AccessController.doPrivileged(Native Method) ~[?:1.8.0_392]
	at javax.security.auth.Subject.doAs(Subject.java:422) [?:1.8.0_392]
	at org.apache.hadoop.security.UserGroupInformation.doAs(UserGroupInformation.java:1899) [hadoop-common-3.3.6.jar:?]
	at org.apache.hadoop.ipc.Server$Handler.run(Server.java:3048) [hadoop-common-3.3.6.jar:?]
]]></system-out>
  </testcase>
  <testcase name="testDeleteBucketWithTheSamePrefix(BucketLayout)[1]" classname="org.apache.hadoop.ozone.client.rpc.TestSecureOzoneRpcClient" time="0.016">
    <system-out><![CDATA[2023-12-19 18:18:15,356 [main] INFO  rpc.RpcClient (RpcClient.java:createVolume(456)) - Creating Volume: 9b2217fd-bb4f-4568-838e-c9584b695ee9, with runner as owner and space quota set to -1 bytes, counts quota set to -1
2023-12-19 18:18:15,357 [om1-OMStateMachineApplyTransactionThread - 0] INFO  volume.OMVolumeCreateRequest (OMVolumeCreateRequest.java:validateAndUpdateCache(197)) - created volume:9b2217fd-bb4f-4568-838e-c9584b695ee9 for user:runner
2023-12-19 18:18:15,358 [main] INFO  rpc.RpcClient (RpcClient.java:createBucket(683)) - Creating Bucket: 9b2217fd-bb4f-4568-838e-c9584b695ee9/bucket1, with bucket layout OBJECT_STORE, runner as owner, Versioning false, Storage Type set to DISK and Encryption set to false, Replication Type set to server-side default replication type, Namespace Quota set to -1, Space Quota set to -1 
2023-12-19 18:18:15,360 [om1-OMStateMachineApplyTransactionThread - 0] INFO  bucket.OMBucketCreateRequest (OMBucketCreateRequest.java:validateAndUpdateCache(295)) - created bucket: bucket1 of layout OBJECT_STORE in volume: 9b2217fd-bb4f-4568-838e-c9584b695ee9
2023-12-19 18:18:15,360 [main] INFO  rpc.RpcClient (RpcClient.java:createBucket(683)) - Creating Bucket: 9b2217fd-bb4f-4568-838e-c9584b695ee9/bucket11, with bucket layout OBJECT_STORE, runner as owner, Versioning false, Storage Type set to DISK and Encryption set to false, Replication Type set to server-side default replication type, Namespace Quota set to -1, Space Quota set to -1 
2023-12-19 18:18:15,361 [om1-OMStateMachineApplyTransactionThread - 0] INFO  bucket.OMBucketCreateRequest (OMBucketCreateRequest.java:validateAndUpdateCache(295)) - created bucket: bucket11 of layout OBJECT_STORE in volume: 9b2217fd-bb4f-4568-838e-c9584b695ee9
2023-12-19 18:18:15,363 [IPC Server handler 13 on default port 15001] WARN  node.SCMNodeManager (SCMNodeManager.java:getNodesByAddress(1440)) - address is null
18:18:15.370 [IPC Server handler 7 on default port 15004] ERROR OMAudit - user=runner | ip=127.0.0.1 | op=READ_BUCKET {volume=9b2217fd-bb4f-4568-838e-c9584b695ee9, bucket=bucket1} | ret=FAILURE
org.apache.hadoop.ozone.om.exceptions.OMException: Bucket not found
	at org.apache.hadoop.ozone.om.OzoneManager.getBucketOwner(OzoneManager.java:2533) ~[ozone-manager-1.5.0-SNAPSHOT.jar:?]
	at org.apache.hadoop.ozone.om.OzoneManager.getBucketOwner(OzoneManager.java:2501) ~[ozone-manager-1.5.0-SNAPSHOT.jar:?]
	at org.apache.hadoop.ozone.om.OmMetadataReader.checkAcls(OmMetadataReader.java:456) ~[ozone-manager-1.5.0-SNAPSHOT.jar:?]
	at org.apache.hadoop.ozone.om.OzoneManager.getBucketInfo(OzoneManager.java:2791) ~[ozone-manager-1.5.0-SNAPSHOT.jar:?]
	at org.apache.hadoop.ozone.protocolPB.OzoneManagerRequestHandler.infoBucket(OzoneManagerRequestHandler.java:576) ~[ozone-manager-1.5.0-SNAPSHOT.jar:?]
	at org.apache.hadoop.ozone.protocolPB.OzoneManagerRequestHandler.handleReadRequest(OzoneManagerRequestHandler.java:208) ~[ozone-manager-1.5.0-SNAPSHOT.jar:?]
	at org.apache.hadoop.ozone.protocolPB.OzoneManagerProtocolServerSideTranslatorPB.submitReadRequestToOM(OzoneManagerProtocolServerSideTranslatorPB.java:265) ~[ozone-manager-1.5.0-SNAPSHOT.jar:?]
	at org.apache.hadoop.ozone.protocolPB.OzoneManagerProtocolServerSideTranslatorPB.internalProcessRequest(OzoneManagerProtocolServerSideTranslatorPB.java:211) ~[ozone-manager-1.5.0-SNAPSHOT.jar:?]
	at org.apache.hadoop.ozone.protocolPB.OzoneManagerProtocolServerSideTranslatorPB.processRequest(OzoneManagerProtocolServerSideTranslatorPB.java:171) ~[ozone-manager-1.5.0-SNAPSHOT.jar:?]
	at org.apache.hadoop.hdds.server.OzoneProtocolMessageDispatcher.processRequest(OzoneProtocolMessageDispatcher.java:89) [hdds-server-framework-1.5.0-SNAPSHOT.jar:?]
	at org.apache.hadoop.ozone.protocolPB.OzoneManagerProtocolServerSideTranslatorPB.submitRequest(OzoneManagerProtocolServerSideTranslatorPB.java:162) [ozone-manager-1.5.0-SNAPSHOT.jar:?]
	at org.apache.hadoop.ozone.protocol.proto.OzoneManagerProtocolProtos$OzoneManagerService$2.callBlockingMethod(OzoneManagerProtocolProtos.java) [ozone-interface-client-1.5.0-SNAPSHOT.jar:?]
	at org.apache.hadoop.ipc.ProtobufRpcEngine$Server.processCall(ProtobufRpcEngine.java:484) [hadoop-common-3.3.6.jar:?]
	at org.apache.hadoop.ipc.ProtobufRpcEngine2$Server$ProtoBufRpcInvoker.call(ProtobufRpcEngine2.java:595) [hadoop-common-3.3.6.jar:?]
	at org.apache.hadoop.ipc.ProtobufRpcEngine2$Server$ProtoBufRpcInvoker.call(ProtobufRpcEngine2.java:573) [hadoop-common-3.3.6.jar:?]
	at org.apache.hadoop.ipc.RPC$Server.call(RPC.java:1227) [hadoop-common-3.3.6.jar:?]
	at org.apache.hadoop.ipc.Server$RpcCall.run(Server.java:1094) [hadoop-common-3.3.6.jar:?]
	at org.apache.hadoop.ipc.Server$RpcCall.run(Server.java:1017) [hadoop-common-3.3.6.jar:?]
	at java.security.AccessController.doPrivileged(Native Method) ~[?:1.8.0_392]
	at javax.security.auth.Subject.doAs(Subject.java:422) [?:1.8.0_392]
	at org.apache.hadoop.security.UserGroupInformation.doAs(UserGroupInformation.java:1899) [hadoop-common-3.3.6.jar:?]
	at org.apache.hadoop.ipc.Server$Handler.run(Server.java:3048) [hadoop-common-3.3.6.jar:?]
]]></system-out>
  </testcase>
  <testcase name="testDeleteBucketWithTheSamePrefix(BucketLayout)[2]" classname="org.apache.hadoop.ozone.client.rpc.TestSecureOzoneRpcClient" time="0.02">
    <system-out><![CDATA[2023-12-19 18:18:15,372 [main] INFO  rpc.RpcClient (RpcClient.java:createVolume(456)) - Creating Volume: 391dece0-130c-4444-a6b6-2241794c566a, with runner as owner and space quota set to -1 bytes, counts quota set to -1
2023-12-19 18:18:15,373 [om1-OMStateMachineApplyTransactionThread - 0] INFO  volume.OMVolumeCreateRequest (OMVolumeCreateRequest.java:validateAndUpdateCache(197)) - created volume:391dece0-130c-4444-a6b6-2241794c566a for user:runner
2023-12-19 18:18:15,374 [main] INFO  rpc.RpcClient (RpcClient.java:createBucket(683)) - Creating Bucket: 391dece0-130c-4444-a6b6-2241794c566a/bucket1, with bucket layout LEGACY, runner as owner, Versioning false, Storage Type set to DISK and Encryption set to false, Replication Type set to server-side default replication type, Namespace Quota set to -1, Space Quota set to -1 
2023-12-19 18:18:15,378 [om1-OMStateMachineApplyTransactionThread - 0] INFO  bucket.OMBucketCreateRequest (OMBucketCreateRequest.java:validateAndUpdateCache(295)) - created bucket: bucket1 of layout LEGACY in volume: 391dece0-130c-4444-a6b6-2241794c566a
2023-12-19 18:18:15,378 [main] INFO  rpc.RpcClient (RpcClient.java:createBucket(683)) - Creating Bucket: 391dece0-130c-4444-a6b6-2241794c566a/bucket11, with bucket layout LEGACY, runner as owner, Versioning false, Storage Type set to DISK and Encryption set to false, Replication Type set to server-side default replication type, Namespace Quota set to -1, Space Quota set to -1 
2023-12-19 18:18:15,379 [om1-OMStateMachineApplyTransactionThread - 0] INFO  bucket.OMBucketCreateRequest (OMBucketCreateRequest.java:validateAndUpdateCache(295)) - created bucket: bucket11 of layout LEGACY in volume: 391dece0-130c-4444-a6b6-2241794c566a
2023-12-19 18:18:15,381 [IPC Server handler 18 on default port 15001] WARN  node.SCMNodeManager (SCMNodeManager.java:getNodesByAddress(1440)) - address is null
18:18:15.391 [IPC Server handler 0 on default port 15004] ERROR OMAudit - user=runner | ip=127.0.0.1 | op=READ_BUCKET {volume=391dece0-130c-4444-a6b6-2241794c566a, bucket=bucket1} | ret=FAILURE
org.apache.hadoop.ozone.om.exceptions.OMException: Bucket not found
	at org.apache.hadoop.ozone.om.OzoneManager.getBucketOwner(OzoneManager.java:2533) ~[ozone-manager-1.5.0-SNAPSHOT.jar:?]
	at org.apache.hadoop.ozone.om.OzoneManager.getBucketOwner(OzoneManager.java:2501) ~[ozone-manager-1.5.0-SNAPSHOT.jar:?]
	at org.apache.hadoop.ozone.om.OmMetadataReader.checkAcls(OmMetadataReader.java:456) ~[ozone-manager-1.5.0-SNAPSHOT.jar:?]
	at org.apache.hadoop.ozone.om.OzoneManager.getBucketInfo(OzoneManager.java:2791) ~[ozone-manager-1.5.0-SNAPSHOT.jar:?]
	at org.apache.hadoop.ozone.protocolPB.OzoneManagerRequestHandler.infoBucket(OzoneManagerRequestHandler.java:576) ~[ozone-manager-1.5.0-SNAPSHOT.jar:?]
	at org.apache.hadoop.ozone.protocolPB.OzoneManagerRequestHandler.handleReadRequest(OzoneManagerRequestHandler.java:208) ~[ozone-manager-1.5.0-SNAPSHOT.jar:?]
	at org.apache.hadoop.ozone.protocolPB.OzoneManagerProtocolServerSideTranslatorPB.submitReadRequestToOM(OzoneManagerProtocolServerSideTranslatorPB.java:265) ~[ozone-manager-1.5.0-SNAPSHOT.jar:?]
	at org.apache.hadoop.ozone.protocolPB.OzoneManagerProtocolServerSideTranslatorPB.internalProcessRequest(OzoneManagerProtocolServerSideTranslatorPB.java:211) ~[ozone-manager-1.5.0-SNAPSHOT.jar:?]
	at org.apache.hadoop.ozone.protocolPB.OzoneManagerProtocolServerSideTranslatorPB.processRequest(OzoneManagerProtocolServerSideTranslatorPB.java:171) ~[ozone-manager-1.5.0-SNAPSHOT.jar:?]
	at org.apache.hadoop.hdds.server.OzoneProtocolMessageDispatcher.processRequest(OzoneProtocolMessageDispatcher.java:89) [hdds-server-framework-1.5.0-SNAPSHOT.jar:?]
	at org.apache.hadoop.ozone.protocolPB.OzoneManagerProtocolServerSideTranslatorPB.submitRequest(OzoneManagerProtocolServerSideTranslatorPB.java:162) [ozone-manager-1.5.0-SNAPSHOT.jar:?]
	at org.apache.hadoop.ozone.protocol.proto.OzoneManagerProtocolProtos$OzoneManagerService$2.callBlockingMethod(OzoneManagerProtocolProtos.java) [ozone-interface-client-1.5.0-SNAPSHOT.jar:?]
	at org.apache.hadoop.ipc.ProtobufRpcEngine$Server.processCall(ProtobufRpcEngine.java:484) [hadoop-common-3.3.6.jar:?]
	at org.apache.hadoop.ipc.ProtobufRpcEngine2$Server$ProtoBufRpcInvoker.call(ProtobufRpcEngine2.java:595) [hadoop-common-3.3.6.jar:?]
	at org.apache.hadoop.ipc.ProtobufRpcEngine2$Server$ProtoBufRpcInvoker.call(ProtobufRpcEngine2.java:573) [hadoop-common-3.3.6.jar:?]
	at org.apache.hadoop.ipc.RPC$Server.call(RPC.java:1227) [hadoop-common-3.3.6.jar:?]
	at org.apache.hadoop.ipc.Server$RpcCall.run(Server.java:1094) [hadoop-common-3.3.6.jar:?]
	at org.apache.hadoop.ipc.Server$RpcCall.run(Server.java:1017) [hadoop-common-3.3.6.jar:?]
	at java.security.AccessController.doPrivileged(Native Method) ~[?:1.8.0_392]
	at javax.security.auth.Subject.doAs(Subject.java:422) [?:1.8.0_392]
	at org.apache.hadoop.security.UserGroupInformation.doAs(UserGroupInformation.java:1899) [hadoop-common-3.3.6.jar:?]
	at org.apache.hadoop.ipc.Server$Handler.run(Server.java:3048) [hadoop-common-3.3.6.jar:?]
]]></system-out>
  </testcase>
  <testcase name="testDeleteBucketWithTheSamePrefix(BucketLayout)[3]" classname="org.apache.hadoop.ozone.client.rpc.TestSecureOzoneRpcClient" time="0.017">
    <system-out><![CDATA[2023-12-19 18:18:15,394 [main] INFO  rpc.RpcClient (RpcClient.java:createVolume(456)) - Creating Volume: 8f41554e-cbdc-4d78-8981-8ec566543a59, with runner as owner and space quota set to -1 bytes, counts quota set to -1
2023-12-19 18:18:15,395 [om1-OMStateMachineApplyTransactionThread - 0] INFO  volume.OMVolumeCreateRequest (OMVolumeCreateRequest.java:validateAndUpdateCache(197)) - created volume:8f41554e-cbdc-4d78-8981-8ec566543a59 for user:runner
2023-12-19 18:18:15,396 [main] INFO  rpc.RpcClient (RpcClient.java:createBucket(683)) - Creating Bucket: 8f41554e-cbdc-4d78-8981-8ec566543a59/bucket1, with bucket layout FILE_SYSTEM_OPTIMIZED, runner as owner, Versioning false, Storage Type set to DISK and Encryption set to false, Replication Type set to server-side default replication type, Namespace Quota set to -1, Space Quota set to -1 
2023-12-19 18:18:15,397 [om1-OMStateMachineApplyTransactionThread - 0] INFO  bucket.OMBucketCreateRequest (OMBucketCreateRequest.java:validateAndUpdateCache(295)) - created bucket: bucket1 of layout FILE_SYSTEM_OPTIMIZED in volume: 8f41554e-cbdc-4d78-8981-8ec566543a59
2023-12-19 18:18:15,397 [main] INFO  rpc.RpcClient (RpcClient.java:createBucket(683)) - Creating Bucket: 8f41554e-cbdc-4d78-8981-8ec566543a59/bucket11, with bucket layout FILE_SYSTEM_OPTIMIZED, runner as owner, Versioning false, Storage Type set to DISK and Encryption set to false, Replication Type set to server-side default replication type, Namespace Quota set to -1, Space Quota set to -1 
2023-12-19 18:18:15,399 [om1-OMStateMachineApplyTransactionThread - 0] INFO  bucket.OMBucketCreateRequest (OMBucketCreateRequest.java:validateAndUpdateCache(295)) - created bucket: bucket11 of layout FILE_SYSTEM_OPTIMIZED in volume: 8f41554e-cbdc-4d78-8981-8ec566543a59
2023-12-19 18:18:15,401 [IPC Server handler 8 on default port 15001] WARN  node.SCMNodeManager (SCMNodeManager.java:getNodesByAddress(1440)) - address is null
18:18:15.409 [IPC Server handler 9 on default port 15004] ERROR OMAudit - user=runner | ip=127.0.0.1 | op=READ_BUCKET {volume=8f41554e-cbdc-4d78-8981-8ec566543a59, bucket=bucket1} | ret=FAILURE
org.apache.hadoop.ozone.om.exceptions.OMException: Bucket not found
	at org.apache.hadoop.ozone.om.OzoneManager.getBucketOwner(OzoneManager.java:2533) ~[ozone-manager-1.5.0-SNAPSHOT.jar:?]
	at org.apache.hadoop.ozone.om.OzoneManager.getBucketOwner(OzoneManager.java:2501) ~[ozone-manager-1.5.0-SNAPSHOT.jar:?]
	at org.apache.hadoop.ozone.om.OmMetadataReader.checkAcls(OmMetadataReader.java:456) ~[ozone-manager-1.5.0-SNAPSHOT.jar:?]
	at org.apache.hadoop.ozone.om.OzoneManager.getBucketInfo(OzoneManager.java:2791) ~[ozone-manager-1.5.0-SNAPSHOT.jar:?]
	at org.apache.hadoop.ozone.protocolPB.OzoneManagerRequestHandler.infoBucket(OzoneManagerRequestHandler.java:576) ~[ozone-manager-1.5.0-SNAPSHOT.jar:?]
	at org.apache.hadoop.ozone.protocolPB.OzoneManagerRequestHandler.handleReadRequest(OzoneManagerRequestHandler.java:208) ~[ozone-manager-1.5.0-SNAPSHOT.jar:?]
	at org.apache.hadoop.ozone.protocolPB.OzoneManagerProtocolServerSideTranslatorPB.submitReadRequestToOM(OzoneManagerProtocolServerSideTranslatorPB.java:265) ~[ozone-manager-1.5.0-SNAPSHOT.jar:?]
	at org.apache.hadoop.ozone.protocolPB.OzoneManagerProtocolServerSideTranslatorPB.internalProcessRequest(OzoneManagerProtocolServerSideTranslatorPB.java:211) ~[ozone-manager-1.5.0-SNAPSHOT.jar:?]
	at org.apache.hadoop.ozone.protocolPB.OzoneManagerProtocolServerSideTranslatorPB.processRequest(OzoneManagerProtocolServerSideTranslatorPB.java:171) ~[ozone-manager-1.5.0-SNAPSHOT.jar:?]
	at org.apache.hadoop.hdds.server.OzoneProtocolMessageDispatcher.processRequest(OzoneProtocolMessageDispatcher.java:89) [hdds-server-framework-1.5.0-SNAPSHOT.jar:?]
	at org.apache.hadoop.ozone.protocolPB.OzoneManagerProtocolServerSideTranslatorPB.submitRequest(OzoneManagerProtocolServerSideTranslatorPB.java:162) [ozone-manager-1.5.0-SNAPSHOT.jar:?]
	at org.apache.hadoop.ozone.protocol.proto.OzoneManagerProtocolProtos$OzoneManagerService$2.callBlockingMethod(OzoneManagerProtocolProtos.java) [ozone-interface-client-1.5.0-SNAPSHOT.jar:?]
	at org.apache.hadoop.ipc.ProtobufRpcEngine$Server.processCall(ProtobufRpcEngine.java:484) [hadoop-common-3.3.6.jar:?]
	at org.apache.hadoop.ipc.ProtobufRpcEngine2$Server$ProtoBufRpcInvoker.call(ProtobufRpcEngine2.java:595) [hadoop-common-3.3.6.jar:?]
	at org.apache.hadoop.ipc.ProtobufRpcEngine2$Server$ProtoBufRpcInvoker.call(ProtobufRpcEngine2.java:573) [hadoop-common-3.3.6.jar:?]
	at org.apache.hadoop.ipc.RPC$Server.call(RPC.java:1227) [hadoop-common-3.3.6.jar:?]
	at org.apache.hadoop.ipc.Server$RpcCall.run(Server.java:1094) [hadoop-common-3.3.6.jar:?]
	at org.apache.hadoop.ipc.Server$RpcCall.run(Server.java:1017) [hadoop-common-3.3.6.jar:?]
	at java.security.AccessController.doPrivileged(Native Method) ~[?:1.8.0_392]
	at javax.security.auth.Subject.doAs(Subject.java:422) [?:1.8.0_392]
	at org.apache.hadoop.security.UserGroupInformation.doAs(UserGroupInformation.java:1899) [hadoop-common-3.3.6.jar:?]
	at org.apache.hadoop.ipc.Server$Handler.run(Server.java:3048) [hadoop-common-3.3.6.jar:?]
]]></system-out>
  </testcase>
  <testcase name="testDeleteKey" classname="org.apache.hadoop.ozone.client.rpc.TestSecureOzoneRpcClient" time="0.026">
    <system-out><![CDATA[2023-12-19 18:18:15,411 [main] INFO  rpc.RpcClient (RpcClient.java:createVolume(456)) - Creating Volume: 1fd6befa-483d-405d-83dc-a0f3aa311115, with runner as owner and space quota set to -1 bytes, counts quota set to -1
2023-12-19 18:18:15,413 [om1-OMStateMachineApplyTransactionThread - 0] INFO  volume.OMVolumeCreateRequest (OMVolumeCreateRequest.java:validateAndUpdateCache(197)) - created volume:1fd6befa-483d-405d-83dc-a0f3aa311115 for user:runner
2023-12-19 18:18:15,414 [main] INFO  rpc.RpcClient (RpcClient.java:createBucket(683)) - Creating Bucket: 1fd6befa-483d-405d-83dc-a0f3aa311115/d725d225-e13c-4cdd-b0b5-acfc998b37ea, with server-side default bucket layout, runner as owner, Versioning false, Storage Type set to DISK and Encryption set to false, Replication Type set to server-side default replication type, Namespace Quota set to -1, Space Quota set to -1 
2023-12-19 18:18:15,416 [om1-OMStateMachineApplyTransactionThread - 0] INFO  bucket.OMBucketCreateRequest (OMBucketCreateRequest.java:validateAndUpdateCache(295)) - created bucket: d725d225-e13c-4cdd-b0b5-acfc998b37ea of layout OBJECT_STORE in volume: 1fd6befa-483d-405d-83dc-a0f3aa311115
2023-12-19 18:18:15,419 [IPC Server handler 12 on default port 15001] WARN  node.SCMNodeManager (SCMNodeManager.java:getNodesByAddress(1440)) - address is null
2023-12-19 18:18:15,431 [IPC Server handler 0 on default port 15001] WARN  node.SCMNodeManager (SCMNodeManager.java:getNodesByAddress(1445)) - Cannot find node for address 127.0.0.1
18:18:15.436 [IPC Server handler 3 on default port 15004] ERROR OMAudit - user=runner | ip=127.0.0.1 | op=READ_KEY {volume=1fd6befa-483d-405d-83dc-a0f3aa311115, bucket=d725d225-e13c-4cdd-b0b5-acfc998b37ea, key=4e4e939b-5d62-4425-8440-c71d92f7d678, dataSize=0, replicationConfig=null} | ret=FAILURE
org.apache.hadoop.ozone.om.exceptions.OMException: Key:4e4e939b-5d62-4425-8440-c71d92f7d678 not found
	at org.apache.hadoop.ozone.om.KeyManagerImpl.readKeyInfo(KeyManagerImpl.java:451) ~[ozone-manager-1.5.0-SNAPSHOT.jar:?]
	at org.apache.hadoop.ozone.om.KeyManagerImpl.lambda$9(KeyManagerImpl.java:2015) ~[ozone-manager-1.5.0-SNAPSHOT.jar:?]
	at org.apache.hadoop.util.MetricUtil.captureLatencyNs(MetricUtil.java:39) ~[hdds-common-1.5.0-SNAPSHOT.jar:?]
	at org.apache.hadoop.ozone.om.KeyManagerImpl.getKeyInfo(KeyManagerImpl.java:2013) ~[ozone-manager-1.5.0-SNAPSHOT.jar:?]
	at org.apache.hadoop.ozone.om.OmMetadataReader.getKeyInfo(OmMetadataReader.java:190) ~[ozone-manager-1.5.0-SNAPSHOT.jar:?]
	at org.apache.hadoop.ozone.om.OzoneManager.getKeyInfo(OzoneManager.java:2869) ~[ozone-manager-1.5.0-SNAPSHOT.jar:?]
	at org.apache.hadoop.ozone.protocolPB.OzoneManagerRequestHandler.getKeyInfo(OzoneManagerRequestHandler.java:616) ~[ozone-manager-1.5.0-SNAPSHOT.jar:?]
	at org.apache.hadoop.ozone.protocolPB.OzoneManagerRequestHandler.handleReadRequest(OzoneManagerRequestHandler.java:323) ~[ozone-manager-1.5.0-SNAPSHOT.jar:?]
	at org.apache.hadoop.ozone.protocolPB.OzoneManagerProtocolServerSideTranslatorPB.submitReadRequestToOM(OzoneManagerProtocolServerSideTranslatorPB.java:265) ~[ozone-manager-1.5.0-SNAPSHOT.jar:?]
	at org.apache.hadoop.ozone.protocolPB.OzoneManagerProtocolServerSideTranslatorPB.internalProcessRequest(OzoneManagerProtocolServerSideTranslatorPB.java:211) ~[ozone-manager-1.5.0-SNAPSHOT.jar:?]
	at org.apache.hadoop.ozone.protocolPB.OzoneManagerProtocolServerSideTranslatorPB.processRequest(OzoneManagerProtocolServerSideTranslatorPB.java:171) ~[ozone-manager-1.5.0-SNAPSHOT.jar:?]
	at org.apache.hadoop.hdds.server.OzoneProtocolMessageDispatcher.processRequest(OzoneProtocolMessageDispatcher.java:89) [hdds-server-framework-1.5.0-SNAPSHOT.jar:?]
	at org.apache.hadoop.ozone.protocolPB.OzoneManagerProtocolServerSideTranslatorPB.submitRequest(OzoneManagerProtocolServerSideTranslatorPB.java:162) [ozone-manager-1.5.0-SNAPSHOT.jar:?]
	at org.apache.hadoop.ozone.protocol.proto.OzoneManagerProtocolProtos$OzoneManagerService$2.callBlockingMethod(OzoneManagerProtocolProtos.java) [ozone-interface-client-1.5.0-SNAPSHOT.jar:?]
	at org.apache.hadoop.ipc.ProtobufRpcEngine$Server.processCall(ProtobufRpcEngine.java:484) [hadoop-common-3.3.6.jar:?]
	at org.apache.hadoop.ipc.ProtobufRpcEngine2$Server$ProtoBufRpcInvoker.call(ProtobufRpcEngine2.java:595) [hadoop-common-3.3.6.jar:?]
	at org.apache.hadoop.ipc.ProtobufRpcEngine2$Server$ProtoBufRpcInvoker.call(ProtobufRpcEngine2.java:573) [hadoop-common-3.3.6.jar:?]
	at org.apache.hadoop.ipc.RPC$Server.call(RPC.java:1227) [hadoop-common-3.3.6.jar:?]
	at org.apache.hadoop.ipc.Server$RpcCall.run(Server.java:1094) [hadoop-common-3.3.6.jar:?]
	at org.apache.hadoop.ipc.Server$RpcCall.run(Server.java:1017) [hadoop-common-3.3.6.jar:?]
	at java.security.AccessController.doPrivileged(Native Method) ~[?:1.8.0_392]
	at javax.security.auth.Subject.doAs(Subject.java:422) [?:1.8.0_392]
	at org.apache.hadoop.security.UserGroupInformation.doAs(UserGroupInformation.java:1899) [hadoop-common-3.3.6.jar:?]
	at org.apache.hadoop.ipc.Server$Handler.run(Server.java:3048) [hadoop-common-3.3.6.jar:?]
]]></system-out>
  </testcase>
  <testcase name="testDeleteLinkedBucket" classname="org.apache.hadoop.ozone.client.rpc.TestSecureOzoneRpcClient" time="0.017">
    <system-out><![CDATA[2023-12-19 18:18:15,438 [main] INFO  rpc.RpcClient (RpcClient.java:createVolume(456)) - Creating Volume: 6613da79-3f07-456f-8bb6-dbb57e193c94, with runner as owner and space quota set to -1 bytes, counts quota set to -1
2023-12-19 18:18:15,440 [om1-OMStateMachineApplyTransactionThread - 0] INFO  volume.OMVolumeCreateRequest (OMVolumeCreateRequest.java:validateAndUpdateCache(197)) - created volume:6613da79-3f07-456f-8bb6-dbb57e193c94 for user:runner
2023-12-19 18:18:15,441 [main] INFO  rpc.RpcClient (RpcClient.java:createBucket(683)) - Creating Bucket: 6613da79-3f07-456f-8bb6-dbb57e193c94/04b701c0-dbf8-4c99-9036-4d8a90c26361, with server-side default bucket layout, runner as owner, Versioning false, Storage Type set to DISK and Encryption set to false, Replication Type set to server-side default replication type, Namespace Quota set to -1, Space Quota set to -1 
2023-12-19 18:18:15,442 [om1-OMStateMachineApplyTransactionThread - 0] INFO  bucket.OMBucketCreateRequest (OMBucketCreateRequest.java:validateAndUpdateCache(295)) - created bucket: 04b701c0-dbf8-4c99-9036-4d8a90c26361 of layout OBJECT_STORE in volume: 6613da79-3f07-456f-8bb6-dbb57e193c94
2023-12-19 18:18:15,443 [main] INFO  rpc.RpcClient (RpcClient.java:createBucket(683)) - Creating Bucket: 6613da79-3f07-456f-8bb6-dbb57e193c94/ad4abccf-51e5-430c-b173-cceb4c9f552e, with server-side default bucket layout, runner as owner, Versioning false, Storage Type set to DISK and Encryption set to false, Replication Type set to server-side default replication type, Namespace Quota set to -1, Space Quota set to -1 
2023-12-19 18:18:15,444 [om1-OMStateMachineApplyTransactionThread - 0] INFO  bucket.OMBucketCreateRequest (OMBucketCreateRequest.java:validateAndUpdateCache(295)) - created bucket: ad4abccf-51e5-430c-b173-cceb4c9f552e of layout OBJECT_STORE in volume: 6613da79-3f07-456f-8bb6-dbb57e193c94
18:18:15.448 [IPC Server handler 11 on default port 15004] ERROR OMAudit - user=runner | ip=127.0.0.1 | op=READ_BUCKET {volume=6613da79-3f07-456f-8bb6-dbb57e193c94, bucket=04b701c0-dbf8-4c99-9036-4d8a90c26361} | ret=FAILURE
org.apache.hadoop.ozone.om.exceptions.OMException: Bucket not found
	at org.apache.hadoop.ozone.om.OzoneManager.getBucketOwner(OzoneManager.java:2533) ~[ozone-manager-1.5.0-SNAPSHOT.jar:?]
	at org.apache.hadoop.ozone.om.OzoneManager.getBucketOwner(OzoneManager.java:2501) ~[ozone-manager-1.5.0-SNAPSHOT.jar:?]
	at org.apache.hadoop.ozone.om.OmMetadataReader.checkAcls(OmMetadataReader.java:456) ~[ozone-manager-1.5.0-SNAPSHOT.jar:?]
	at org.apache.hadoop.ozone.om.OzoneManager.getBucketInfo(OzoneManager.java:2791) ~[ozone-manager-1.5.0-SNAPSHOT.jar:?]
	at org.apache.hadoop.ozone.protocolPB.OzoneManagerRequestHandler.infoBucket(OzoneManagerRequestHandler.java:576) ~[ozone-manager-1.5.0-SNAPSHOT.jar:?]
	at org.apache.hadoop.ozone.protocolPB.OzoneManagerRequestHandler.handleReadRequest(OzoneManagerRequestHandler.java:208) ~[ozone-manager-1.5.0-SNAPSHOT.jar:?]
	at org.apache.hadoop.ozone.protocolPB.OzoneManagerProtocolServerSideTranslatorPB.submitReadRequestToOM(OzoneManagerProtocolServerSideTranslatorPB.java:265) ~[ozone-manager-1.5.0-SNAPSHOT.jar:?]
	at org.apache.hadoop.ozone.protocolPB.OzoneManagerProtocolServerSideTranslatorPB.internalProcessRequest(OzoneManagerProtocolServerSideTranslatorPB.java:211) ~[ozone-manager-1.5.0-SNAPSHOT.jar:?]
	at org.apache.hadoop.ozone.protocolPB.OzoneManagerProtocolServerSideTranslatorPB.processRequest(OzoneManagerProtocolServerSideTranslatorPB.java:171) ~[ozone-manager-1.5.0-SNAPSHOT.jar:?]
	at org.apache.hadoop.hdds.server.OzoneProtocolMessageDispatcher.processRequest(OzoneProtocolMessageDispatcher.java:89) [hdds-server-framework-1.5.0-SNAPSHOT.jar:?]
	at org.apache.hadoop.ozone.protocolPB.OzoneManagerProtocolServerSideTranslatorPB.submitRequest(OzoneManagerProtocolServerSideTranslatorPB.java:162) [ozone-manager-1.5.0-SNAPSHOT.jar:?]
	at org.apache.hadoop.ozone.protocol.proto.OzoneManagerProtocolProtos$OzoneManagerService$2.callBlockingMethod(OzoneManagerProtocolProtos.java) [ozone-interface-client-1.5.0-SNAPSHOT.jar:?]
	at org.apache.hadoop.ipc.ProtobufRpcEngine$Server.processCall(ProtobufRpcEngine.java:484) [hadoop-common-3.3.6.jar:?]
	at org.apache.hadoop.ipc.ProtobufRpcEngine2$Server$ProtoBufRpcInvoker.call(ProtobufRpcEngine2.java:595) [hadoop-common-3.3.6.jar:?]
	at org.apache.hadoop.ipc.ProtobufRpcEngine2$Server$ProtoBufRpcInvoker.call(ProtobufRpcEngine2.java:573) [hadoop-common-3.3.6.jar:?]
	at org.apache.hadoop.ipc.RPC$Server.call(RPC.java:1227) [hadoop-common-3.3.6.jar:?]
	at org.apache.hadoop.ipc.Server$RpcCall.run(Server.java:1094) [hadoop-common-3.3.6.jar:?]
	at org.apache.hadoop.ipc.Server$RpcCall.run(Server.java:1017) [hadoop-common-3.3.6.jar:?]
	at java.security.AccessController.doPrivileged(Native Method) ~[?:1.8.0_392]
	at javax.security.auth.Subject.doAs(Subject.java:422) [?:1.8.0_392]
	at org.apache.hadoop.security.UserGroupInformation.doAs(UserGroupInformation.java:1899) [hadoop-common-3.3.6.jar:?]
	at org.apache.hadoop.ipc.Server$Handler.run(Server.java:3048) [hadoop-common-3.3.6.jar:?]
2023-12-19 18:18:15,449 [IPC Server handler 17 on default port 15004] WARN  om.OzoneManager (OzoneManager.java:resolveBucketLink(4335)) - Bucket 04b701c0-dbf8-4c99-9036-4d8a90c26361 not found in volume 6613da79-3f07-456f-8bb6-dbb57e193c94
18:18:15.452 [IPC Server handler 9 on default port 15004] ERROR OMAudit - user=runner | ip=127.0.0.1 | op=READ_BUCKET {volume=6613da79-3f07-456f-8bb6-dbb57e193c94, bucket=ad4abccf-51e5-430c-b173-cceb4c9f552e} | ret=FAILURE
org.apache.hadoop.ozone.om.exceptions.OMException: Bucket not found
	at org.apache.hadoop.ozone.om.OzoneManager.getBucketOwner(OzoneManager.java:2533) ~[ozone-manager-1.5.0-SNAPSHOT.jar:?]
	at org.apache.hadoop.ozone.om.OzoneManager.getBucketOwner(OzoneManager.java:2501) ~[ozone-manager-1.5.0-SNAPSHOT.jar:?]
	at org.apache.hadoop.ozone.om.OmMetadataReader.checkAcls(OmMetadataReader.java:456) ~[ozone-manager-1.5.0-SNAPSHOT.jar:?]
	at org.apache.hadoop.ozone.om.OzoneManager.getBucketInfo(OzoneManager.java:2791) ~[ozone-manager-1.5.0-SNAPSHOT.jar:?]
	at org.apache.hadoop.ozone.protocolPB.OzoneManagerRequestHandler.infoBucket(OzoneManagerRequestHandler.java:576) ~[ozone-manager-1.5.0-SNAPSHOT.jar:?]
	at org.apache.hadoop.ozone.protocolPB.OzoneManagerRequestHandler.handleReadRequest(OzoneManagerRequestHandler.java:208) ~[ozone-manager-1.5.0-SNAPSHOT.jar:?]
	at org.apache.hadoop.ozone.protocolPB.OzoneManagerProtocolServerSideTranslatorPB.submitReadRequestToOM(OzoneManagerProtocolServerSideTranslatorPB.java:265) ~[ozone-manager-1.5.0-SNAPSHOT.jar:?]
	at org.apache.hadoop.ozone.protocolPB.OzoneManagerProtocolServerSideTranslatorPB.internalProcessRequest(OzoneManagerProtocolServerSideTranslatorPB.java:211) ~[ozone-manager-1.5.0-SNAPSHOT.jar:?]
	at org.apache.hadoop.ozone.protocolPB.OzoneManagerProtocolServerSideTranslatorPB.processRequest(OzoneManagerProtocolServerSideTranslatorPB.java:171) ~[ozone-manager-1.5.0-SNAPSHOT.jar:?]
	at org.apache.hadoop.hdds.server.OzoneProtocolMessageDispatcher.processRequest(OzoneProtocolMessageDispatcher.java:89) [hdds-server-framework-1.5.0-SNAPSHOT.jar:?]
	at org.apache.hadoop.ozone.protocolPB.OzoneManagerProtocolServerSideTranslatorPB.submitRequest(OzoneManagerProtocolServerSideTranslatorPB.java:162) [ozone-manager-1.5.0-SNAPSHOT.jar:?]
	at org.apache.hadoop.ozone.protocol.proto.OzoneManagerProtocolProtos$OzoneManagerService$2.callBlockingMethod(OzoneManagerProtocolProtos.java) [ozone-interface-client-1.5.0-SNAPSHOT.jar:?]
	at org.apache.hadoop.ipc.ProtobufRpcEngine$Server.processCall(ProtobufRpcEngine.java:484) [hadoop-common-3.3.6.jar:?]
	at org.apache.hadoop.ipc.ProtobufRpcEngine2$Server$ProtoBufRpcInvoker.call(ProtobufRpcEngine2.java:595) [hadoop-common-3.3.6.jar:?]
	at org.apache.hadoop.ipc.ProtobufRpcEngine2$Server$ProtoBufRpcInvoker.call(ProtobufRpcEngine2.java:573) [hadoop-common-3.3.6.jar:?]
	at org.apache.hadoop.ipc.RPC$Server.call(RPC.java:1227) [hadoop-common-3.3.6.jar:?]
	at org.apache.hadoop.ipc.Server$RpcCall.run(Server.java:1094) [hadoop-common-3.3.6.jar:?]
	at org.apache.hadoop.ipc.Server$RpcCall.run(Server.java:1017) [hadoop-common-3.3.6.jar:?]
	at java.security.AccessController.doPrivileged(Native Method) ~[?:1.8.0_392]
	at javax.security.auth.Subject.doAs(Subject.java:422) [?:1.8.0_392]
	at org.apache.hadoop.security.UserGroupInformation.doAs(UserGroupInformation.java:1899) [hadoop-common-3.3.6.jar:?]
	at org.apache.hadoop.ipc.Server$Handler.run(Server.java:3048) [hadoop-common-3.3.6.jar:?]
]]></system-out>
  </testcase>
  <testcase name="testDeleteS3Bucket" classname="org.apache.hadoop.ozone.client.rpc.TestSecureOzoneRpcClient" time="0.007">
    <system-out><![CDATA[2023-12-19 18:18:15,456 [main] INFO  rpc.RpcClient (RpcClient.java:createBucket(683)) - Creating Bucket: s3v/8be234d2-6143-4c18-bab0-e24629ac55a4, with bucket layout OBJECT_STORE, runner as owner, Versioning false, Storage Type set to DISK and Encryption set to false, Replication Type set to server-side default replication type, Namespace Quota set to -1, Space Quota set to -1 
2023-12-19 18:18:15,457 [om1-OMStateMachineApplyTransactionThread - 0] INFO  bucket.OMBucketCreateRequest (OMBucketCreateRequest.java:validateAndUpdateCache(295)) - created bucket: 8be234d2-6143-4c18-bab0-e24629ac55a4 of layout OBJECT_STORE in volume: s3v
18:18:15.462 [IPC Server handler 3 on default port 15004] ERROR OMAudit - user=runner | ip=127.0.0.1 | op=READ_BUCKET {volume=s3v, bucket=8be234d2-6143-4c18-bab0-e24629ac55a4} | ret=FAILURE
org.apache.hadoop.ozone.om.exceptions.OMException: Bucket not found
	at org.apache.hadoop.ozone.om.OzoneManager.getBucketOwner(OzoneManager.java:2533) ~[ozone-manager-1.5.0-SNAPSHOT.jar:?]
	at org.apache.hadoop.ozone.om.OzoneManager.getBucketOwner(OzoneManager.java:2501) ~[ozone-manager-1.5.0-SNAPSHOT.jar:?]
	at org.apache.hadoop.ozone.om.OmMetadataReader.checkAcls(OmMetadataReader.java:456) ~[ozone-manager-1.5.0-SNAPSHOT.jar:?]
	at org.apache.hadoop.ozone.om.OzoneManager.getBucketInfo(OzoneManager.java:2791) ~[ozone-manager-1.5.0-SNAPSHOT.jar:?]
	at org.apache.hadoop.ozone.protocolPB.OzoneManagerRequestHandler.infoBucket(OzoneManagerRequestHandler.java:576) ~[ozone-manager-1.5.0-SNAPSHOT.jar:?]
	at org.apache.hadoop.ozone.protocolPB.OzoneManagerRequestHandler.handleReadRequest(OzoneManagerRequestHandler.java:208) ~[ozone-manager-1.5.0-SNAPSHOT.jar:?]
	at org.apache.hadoop.ozone.protocolPB.OzoneManagerProtocolServerSideTranslatorPB.submitReadRequestToOM(OzoneManagerProtocolServerSideTranslatorPB.java:265) ~[ozone-manager-1.5.0-SNAPSHOT.jar:?]
	at org.apache.hadoop.ozone.protocolPB.OzoneManagerProtocolServerSideTranslatorPB.internalProcessRequest(OzoneManagerProtocolServerSideTranslatorPB.java:211) ~[ozone-manager-1.5.0-SNAPSHOT.jar:?]
	at org.apache.hadoop.ozone.protocolPB.OzoneManagerProtocolServerSideTranslatorPB.processRequest(OzoneManagerProtocolServerSideTranslatorPB.java:171) ~[ozone-manager-1.5.0-SNAPSHOT.jar:?]
	at org.apache.hadoop.hdds.server.OzoneProtocolMessageDispatcher.processRequest(OzoneProtocolMessageDispatcher.java:89) [hdds-server-framework-1.5.0-SNAPSHOT.jar:?]
	at org.apache.hadoop.ozone.protocolPB.OzoneManagerProtocolServerSideTranslatorPB.submitRequest(OzoneManagerProtocolServerSideTranslatorPB.java:162) [ozone-manager-1.5.0-SNAPSHOT.jar:?]
	at org.apache.hadoop.ozone.protocol.proto.OzoneManagerProtocolProtos$OzoneManagerService$2.callBlockingMethod(OzoneManagerProtocolProtos.java) [ozone-interface-client-1.5.0-SNAPSHOT.jar:?]
	at org.apache.hadoop.ipc.ProtobufRpcEngine$Server.processCall(ProtobufRpcEngine.java:484) [hadoop-common-3.3.6.jar:?]
	at org.apache.hadoop.ipc.ProtobufRpcEngine2$Server$ProtoBufRpcInvoker.call(ProtobufRpcEngine2.java:595) [hadoop-common-3.3.6.jar:?]
	at org.apache.hadoop.ipc.ProtobufRpcEngine2$Server$ProtoBufRpcInvoker.call(ProtobufRpcEngine2.java:573) [hadoop-common-3.3.6.jar:?]
	at org.apache.hadoop.ipc.RPC$Server.call(RPC.java:1227) [hadoop-common-3.3.6.jar:?]
	at org.apache.hadoop.ipc.Server$RpcCall.run(Server.java:1094) [hadoop-common-3.3.6.jar:?]
	at org.apache.hadoop.ipc.Server$RpcCall.run(Server.java:1017) [hadoop-common-3.3.6.jar:?]
	at java.security.AccessController.doPrivileged(Native Method) ~[?:1.8.0_392]
	at javax.security.auth.Subject.doAs(Subject.java:422) [?:1.8.0_392]
	at org.apache.hadoop.security.UserGroupInformation.doAs(UserGroupInformation.java:1899) [hadoop-common-3.3.6.jar:?]
	at org.apache.hadoop.ipc.Server$Handler.run(Server.java:3048) [hadoop-common-3.3.6.jar:?]
]]></system-out>
  </testcase>
  <testcase name="testDeleteS3NonExistingBucket" classname="org.apache.hadoop.ozone.client.rpc.TestSecureOzoneRpcClient" time="0.003">
    <system-out><![CDATA[18:18:15.465 [om1-OMStateMachineApplyTransactionThread - 0] ERROR OMAudit - user=runner | ip=127.0.0.1 | op=DELETE_BUCKET {volume=s3v, bucket=95a91c16-a4e4-40e6-ab47-4108e3e2727d} | ret=FAILURE
org.apache.hadoop.ozone.om.exceptions.OMException: Bucket not found
	at org.apache.hadoop.ozone.om.OzoneManager.getBucketOwner(OzoneManager.java:2533) ~[ozone-manager-1.5.0-SNAPSHOT.jar:?]
	at org.apache.hadoop.ozone.om.OzoneManager.getBucketOwner(OzoneManager.java:2501) ~[ozone-manager-1.5.0-SNAPSHOT.jar:?]
	at org.apache.hadoop.ozone.om.request.OMClientRequest.checkAcls(OMClientRequest.java:235) ~[ozone-manager-1.5.0-SNAPSHOT.jar:?]
	at org.apache.hadoop.ozone.om.request.bucket.OMBucketDeleteRequest.validateAndUpdateCache(OMBucketDeleteRequest.java:112) ~[ozone-manager-1.5.0-SNAPSHOT.jar:?]
	at org.apache.hadoop.ozone.protocolPB.OzoneManagerRequestHandler.lambda$0(OzoneManagerRequestHandler.java:398) ~[ozone-manager-1.5.0-SNAPSHOT.jar:?]
	at org.apache.hadoop.util.MetricUtil.captureLatencyNs(MetricUtil.java:39) ~[hdds-common-1.5.0-SNAPSHOT.jar:?]
	at org.apache.hadoop.ozone.protocolPB.OzoneManagerRequestHandler.handleWriteRequest(OzoneManagerRequestHandler.java:394) ~[ozone-manager-1.5.0-SNAPSHOT.jar:?]
	at org.apache.hadoop.ozone.om.ratis.OzoneManagerStateMachine.runCommand(OzoneManagerStateMachine.java:582) ~[ozone-manager-1.5.0-SNAPSHOT.jar:?]
	at org.apache.hadoop.ozone.om.ratis.OzoneManagerStateMachine.lambda$1(OzoneManagerStateMachine.java:370) ~[ozone-manager-1.5.0-SNAPSHOT.jar:?]
	at java.util.concurrent.CompletableFuture$AsyncSupply.run(CompletableFuture.java:1604) [?:1.8.0_392]
	at java.util.concurrent.ThreadPoolExecutor.runWorker(ThreadPoolExecutor.java:1149) [?:1.8.0_392]
	at java.util.concurrent.ThreadPoolExecutor$Worker.run(ThreadPoolExecutor.java:624) [?:1.8.0_392]
	at java.lang.Thread.run(Thread.java:750) [?:1.8.0_392]
2023-12-19 18:18:15,465 [om1-OMStateMachineApplyTransactionThread - 0] ERROR bucket.OMBucketDeleteRequest (OMBucketDeleteRequest.java:validateAndUpdateCache(226)) - Delete bucket failed for bucket:95a91c16-a4e4-40e6-ab47-4108e3e2727d in volume:s3v
BUCKET_NOT_FOUND org.apache.hadoop.ozone.om.exceptions.OMException: Bucket not found
	at org.apache.hadoop.ozone.om.OzoneManager.getBucketOwner(OzoneManager.java:2533)
	at org.apache.hadoop.ozone.om.OzoneManager.getBucketOwner(OzoneManager.java:2501)
	at org.apache.hadoop.ozone.om.request.OMClientRequest.checkAcls(OMClientRequest.java:235)
	at org.apache.hadoop.ozone.om.request.bucket.OMBucketDeleteRequest.validateAndUpdateCache(OMBucketDeleteRequest.java:112)
	at org.apache.hadoop.ozone.protocolPB.OzoneManagerRequestHandler.lambda$0(OzoneManagerRequestHandler.java:398)
	at org.apache.hadoop.util.MetricUtil.captureLatencyNs(MetricUtil.java:39)
	at org.apache.hadoop.ozone.protocolPB.OzoneManagerRequestHandler.handleWriteRequest(OzoneManagerRequestHandler.java:394)
	at org.apache.hadoop.ozone.om.ratis.OzoneManagerStateMachine.runCommand(OzoneManagerStateMachine.java:582)
	at org.apache.hadoop.ozone.om.ratis.OzoneManagerStateMachine.lambda$1(OzoneManagerStateMachine.java:370)
	at java.util.concurrent.CompletableFuture$AsyncSupply.run(CompletableFuture.java:1604)
	at java.util.concurrent.ThreadPoolExecutor.runWorker(ThreadPoolExecutor.java:1149)
	at java.util.concurrent.ThreadPoolExecutor$Worker.run(ThreadPoolExecutor.java:624)
	at java.lang.Thread.run(Thread.java:750)
]]></system-out>
  </testcase>
  <testcase name="testDeleteVolume" classname="org.apache.hadoop.ozone.client.rpc.TestSecureOzoneRpcClient" time="0.005">
    <system-out><![CDATA[2023-12-19 18:18:15,466 [main] INFO  rpc.RpcClient (RpcClient.java:createVolume(456)) - Creating Volume: f05b10ed-327a-4579-ab74-fc0eb470e9d9, with runner as owner and space quota set to -1 bytes, counts quota set to -1
2023-12-19 18:18:15,468 [om1-OMStateMachineApplyTransactionThread - 0] INFO  volume.OMVolumeCreateRequest (OMVolumeCreateRequest.java:validateAndUpdateCache(197)) - created volume:f05b10ed-327a-4579-ab74-fc0eb470e9d9 for user:runner
18:18:15.471 [IPC Server handler 15 on default port 15004] ERROR OMAudit - user=runner | ip=127.0.0.1 | op=READ_VOLUME {volume=f05b10ed-327a-4579-ab74-fc0eb470e9d9} | ret=FAILURE
org.apache.hadoop.ozone.om.exceptions.OMException: Volume f05b10ed-327a-4579-ab74-fc0eb470e9d9 is not found
	at org.apache.hadoop.ozone.om.OzoneManager.getVolumeOwner(OzoneManager.java:2486) ~[ozone-manager-1.5.0-SNAPSHOT.jar:?]
	at org.apache.hadoop.ozone.om.OzoneManager.getVolumeOwner(OzoneManager.java:2458) ~[ozone-manager-1.5.0-SNAPSHOT.jar:?]
	at org.apache.hadoop.ozone.om.OmMetadataReader.checkAcls(OmMetadataReader.java:455) ~[ozone-manager-1.5.0-SNAPSHOT.jar:?]
	at org.apache.hadoop.ozone.om.OzoneManager.getVolumeInfo(OzoneManager.java:2609) ~[ozone-manager-1.5.0-SNAPSHOT.jar:?]
	at org.apache.hadoop.ozone.protocolPB.OzoneManagerRequestHandler.infoVolume(OzoneManagerRequestHandler.java:502) ~[ozone-manager-1.5.0-SNAPSHOT.jar:?]
	at org.apache.hadoop.ozone.protocolPB.OzoneManagerRequestHandler.handleReadRequest(OzoneManagerRequestHandler.java:198) ~[ozone-manager-1.5.0-SNAPSHOT.jar:?]
	at org.apache.hadoop.ozone.protocolPB.OzoneManagerProtocolServerSideTranslatorPB.submitReadRequestToOM(OzoneManagerProtocolServerSideTranslatorPB.java:265) ~[ozone-manager-1.5.0-SNAPSHOT.jar:?]
	at org.apache.hadoop.ozone.protocolPB.OzoneManagerProtocolServerSideTranslatorPB.internalProcessRequest(OzoneManagerProtocolServerSideTranslatorPB.java:211) ~[ozone-manager-1.5.0-SNAPSHOT.jar:?]
	at org.apache.hadoop.ozone.protocolPB.OzoneManagerProtocolServerSideTranslatorPB.processRequest(OzoneManagerProtocolServerSideTranslatorPB.java:171) ~[ozone-manager-1.5.0-SNAPSHOT.jar:?]
	at org.apache.hadoop.hdds.server.OzoneProtocolMessageDispatcher.processRequest(OzoneProtocolMessageDispatcher.java:89) [hdds-server-framework-1.5.0-SNAPSHOT.jar:?]
	at org.apache.hadoop.ozone.protocolPB.OzoneManagerProtocolServerSideTranslatorPB.submitRequest(OzoneManagerProtocolServerSideTranslatorPB.java:162) [ozone-manager-1.5.0-SNAPSHOT.jar:?]
	at org.apache.hadoop.ozone.protocol.proto.OzoneManagerProtocolProtos$OzoneManagerService$2.callBlockingMethod(OzoneManagerProtocolProtos.java) [ozone-interface-client-1.5.0-SNAPSHOT.jar:?]
	at org.apache.hadoop.ipc.ProtobufRpcEngine$Server.processCall(ProtobufRpcEngine.java:484) [hadoop-common-3.3.6.jar:?]
	at org.apache.hadoop.ipc.ProtobufRpcEngine2$Server$ProtoBufRpcInvoker.call(ProtobufRpcEngine2.java:595) [hadoop-common-3.3.6.jar:?]
	at org.apache.hadoop.ipc.ProtobufRpcEngine2$Server$ProtoBufRpcInvoker.call(ProtobufRpcEngine2.java:573) [hadoop-common-3.3.6.jar:?]
	at org.apache.hadoop.ipc.RPC$Server.call(RPC.java:1227) [hadoop-common-3.3.6.jar:?]
	at org.apache.hadoop.ipc.Server$RpcCall.run(Server.java:1094) [hadoop-common-3.3.6.jar:?]
	at org.apache.hadoop.ipc.Server$RpcCall.run(Server.java:1017) [hadoop-common-3.3.6.jar:?]
	at java.security.AccessController.doPrivileged(Native Method) ~[?:1.8.0_392]
	at javax.security.auth.Subject.doAs(Subject.java:422) [?:1.8.0_392]
	at org.apache.hadoop.security.UserGroupInformation.doAs(UserGroupInformation.java:1899) [hadoop-common-3.3.6.jar:?]
	at org.apache.hadoop.ipc.Server$Handler.run(Server.java:3048) [hadoop-common-3.3.6.jar:?]
]]></system-out>
  </testcase>
  <testcase name="testDeletedKeyForGDPR" classname="org.apache.hadoop.ozone.client.rpc.TestSecureOzoneRpcClient" time="0.068">
    <system-out><![CDATA[2023-12-19 18:18:15,472 [main] INFO  rpc.RpcClient (RpcClient.java:createVolume(456)) - Creating Volume: f3676676-2519-451f-8a5d-b2a175e4d06d, with runner as owner and space quota set to -1 bytes, counts quota set to -1
2023-12-19 18:18:15,473 [om1-OMStateMachineApplyTransactionThread - 0] INFO  volume.OMVolumeCreateRequest (OMVolumeCreateRequest.java:validateAndUpdateCache(197)) - created volume:f3676676-2519-451f-8a5d-b2a175e4d06d for user:runner
2023-12-19 18:18:15,474 [main] INFO  rpc.RpcClient (RpcClient.java:createBucket(683)) - Creating Bucket: f3676676-2519-451f-8a5d-b2a175e4d06d/6929395f-fc6d-4d5d-9b89-8627b860d9b9, with server-side default bucket layout, runner as owner, Versioning false, Storage Type set to DISK and Encryption set to false, Replication Type set to server-side default replication type, Namespace Quota set to -1, Space Quota set to -1 
2023-12-19 18:18:15,476 [om1-OMStateMachineApplyTransactionThread - 0] INFO  bucket.OMBucketCreateRequest (OMBucketCreateRequest.java:validateAndUpdateCache(295)) - created bucket: 6929395f-fc6d-4d5d-9b89-8627b860d9b9 of layout OBJECT_STORE in volume: f3676676-2519-451f-8a5d-b2a175e4d06d
2023-12-19 18:18:15,483 [IPC Server handler 11 on default port 15001] WARN  node.SCMNodeManager (SCMNodeManager.java:getNodesByAddress(1440)) - address is null
2023-12-19 18:18:15,513 [IPC Server handler 14 on default port 15001] WARN  node.SCMNodeManager (SCMNodeManager.java:getNodesByAddress(1445)) - Cannot find node for address 127.0.0.1
2023-12-19 18:18:15,515 [IPC Server handler 16 on default port 15001] WARN  node.SCMNodeManager (SCMNodeManager.java:getNodesByAddress(1445)) - Cannot find node for address 127.0.0.1
]]></system-out>
  </testcase>
  <testcase name="testFSOBucketUsedBytes" classname="org.apache.hadoop.ozone.client.rpc.TestSecureOzoneRpcClient" time="0.066">
    <system-out><![CDATA[2023-12-19 18:18:15,541 [main] INFO  rpc.RpcClient (RpcClient.java:createVolume(456)) - Creating Volume: c0973503-4270-4114-967f-901ee17eafc8, with runner as owner and space quota set to -1 bytes, counts quota set to -1
2023-12-19 18:18:15,543 [om1-OMStateMachineApplyTransactionThread - 0] INFO  volume.OMVolumeCreateRequest (OMVolumeCreateRequest.java:validateAndUpdateCache(197)) - created volume:c0973503-4270-4114-967f-901ee17eafc8 for user:runner
2023-12-19 18:18:15,545 [main] INFO  rpc.RpcClient (RpcClient.java:createBucket(683)) - Creating Bucket: c0973503-4270-4114-967f-901ee17eafc8/60b89432-9c51-4581-8bfe-43cf3f3ec67a, with bucket layout FILE_SYSTEM_OPTIMIZED, runner as owner, Versioning false, Storage Type set to DISK and Encryption set to false, Replication Type set to server-side default replication type, Namespace Quota set to -1, Space Quota set to -1 
2023-12-19 18:18:15,546 [om1-OMStateMachineApplyTransactionThread - 0] INFO  bucket.OMBucketCreateRequest (OMBucketCreateRequest.java:validateAndUpdateCache(295)) - created bucket: 60b89432-9c51-4581-8bfe-43cf3f3ec67a of layout FILE_SYSTEM_OPTIMIZED in volume: c0973503-4270-4114-967f-901ee17eafc8
2023-12-19 18:18:15,548 [IPC Server handler 3 on default port 15001] WARN  node.SCMNodeManager (SCMNodeManager.java:getNodesByAddress(1440)) - address is null
2023-12-19 18:18:15,567 [IPC Server handler 19 on default port 15001] WARN  node.SCMNodeManager (SCMNodeManager.java:getNodesByAddress(1440)) - address is null
2023-12-19 18:18:15,586 [IPC Server handler 9 on default port 15001] WARN  node.SCMNodeManager (SCMNodeManager.java:getNodesByAddress(1440)) - address is null
2023-12-19 18:18:15,586 [IPC Server handler 9 on default port 15001] WARN  node.SCMNodeManager (SCMNodeManager.java:getNodesByAddress(1440)) - address is null
]]></system-out>
  </testcase>
  <testcase name="testGetKeyDetails" classname="org.apache.hadoop.ozone.client.rpc.TestSecureOzoneRpcClient" time="0.032">
    <system-out><![CDATA[2023-12-19 18:18:15,609 [main] INFO  rpc.RpcClient (RpcClient.java:createVolume(456)) - Creating Volume: 1ab2f1dc-f63f-4d6c-a282-a6bcb38dd544, with runner as owner and space quota set to -1 bytes, counts quota set to -1
2023-12-19 18:18:15,610 [om1-OMStateMachineApplyTransactionThread - 0] INFO  volume.OMVolumeCreateRequest (OMVolumeCreateRequest.java:validateAndUpdateCache(197)) - created volume:1ab2f1dc-f63f-4d6c-a282-a6bcb38dd544 for user:runner
2023-12-19 18:18:15,612 [main] INFO  rpc.RpcClient (RpcClient.java:createBucket(683)) - Creating Bucket: 1ab2f1dc-f63f-4d6c-a282-a6bcb38dd544/c45038fd-c209-47c0-9591-4bd014871ead, with server-side default bucket layout, runner as owner, Versioning false, Storage Type set to DISK and Encryption set to false, Replication Type set to server-side default replication type, Namespace Quota set to -1, Space Quota set to -1 
2023-12-19 18:18:15,613 [om1-OMStateMachineApplyTransactionThread - 0] INFO  bucket.OMBucketCreateRequest (OMBucketCreateRequest.java:validateAndUpdateCache(295)) - created bucket: c45038fd-c209-47c0-9591-4bd014871ead of layout OBJECT_STORE in volume: 1ab2f1dc-f63f-4d6c-a282-a6bcb38dd544
2023-12-19 18:18:15,617 [IPC Server handler 17 on default port 15001] WARN  node.SCMNodeManager (SCMNodeManager.java:getNodesByAddress(1440)) - address is null
2023-12-19 18:18:15,633 [IPC Server handler 10 on default port 15001] WARN  node.SCMNodeManager (SCMNodeManager.java:getNodesByAddress(1445)) - Cannot find node for address 127.0.0.1
]]></system-out>
  </testcase>
  <testcase name="testHeadObject" classname="org.apache.hadoop.ozone.client.rpc.TestSecureOzoneRpcClient" time="0.021">
    <system-out><![CDATA[2023-12-19 18:18:15,641 [main] INFO  rpc.RpcClient (RpcClient.java:createVolume(456)) - Creating Volume: 44d177cb-486b-4365-b283-dc18cf867782, with runner as owner and space quota set to -1 bytes, counts quota set to -1
2023-12-19 18:18:15,643 [om1-OMStateMachineApplyTransactionThread - 0] INFO  volume.OMVolumeCreateRequest (OMVolumeCreateRequest.java:validateAndUpdateCache(197)) - created volume:44d177cb-486b-4365-b283-dc18cf867782 for user:runner
2023-12-19 18:18:15,644 [main] INFO  rpc.RpcClient (RpcClient.java:createBucket(683)) - Creating Bucket: 44d177cb-486b-4365-b283-dc18cf867782/86e3b9d0-b5c5-4e7a-a777-5467412b0ba8, with server-side default bucket layout, runner as owner, Versioning false, Storage Type set to DISK and Encryption set to false, Replication Type set to server-side default replication type, Namespace Quota set to -1, Space Quota set to -1 
2023-12-19 18:18:15,645 [om1-OMStateMachineApplyTransactionThread - 0] INFO  bucket.OMBucketCreateRequest (OMBucketCreateRequest.java:validateAndUpdateCache(295)) - created bucket: 86e3b9d0-b5c5-4e7a-a777-5467412b0ba8 of layout OBJECT_STORE in volume: 44d177cb-486b-4365-b283-dc18cf867782
2023-12-19 18:18:15,647 [IPC Server handler 15 on default port 15001] WARN  node.SCMNodeManager (SCMNodeManager.java:getNodesByAddress(1440)) - address is null
18:18:15.660 [IPC Server handler 17 on default port 15004] ERROR OMAudit - user=runner | ip=127.0.0.1 | op=READ_KEY {volume=44d177cb-486b-4365-b283-dc18cf867782, bucket=86e3b9d0-b5c5-4e7a-a777-5467412b0ba8, key=a01aeae1-747a-4d15-8920-fb722e11cf56, dataSize=0, replicationConfig=null} | ret=FAILURE
org.apache.hadoop.ozone.om.exceptions.OMException: Key:a01aeae1-747a-4d15-8920-fb722e11cf56 not found
	at org.apache.hadoop.ozone.om.KeyManagerImpl.readKeyInfo(KeyManagerImpl.java:451) ~[ozone-manager-1.5.0-SNAPSHOT.jar:?]
	at org.apache.hadoop.ozone.om.KeyManagerImpl.lambda$9(KeyManagerImpl.java:2015) ~[ozone-manager-1.5.0-SNAPSHOT.jar:?]
	at org.apache.hadoop.util.MetricUtil.captureLatencyNs(MetricUtil.java:39) ~[hdds-common-1.5.0-SNAPSHOT.jar:?]
	at org.apache.hadoop.ozone.om.KeyManagerImpl.getKeyInfo(KeyManagerImpl.java:2013) ~[ozone-manager-1.5.0-SNAPSHOT.jar:?]
	at org.apache.hadoop.ozone.om.OmMetadataReader.getKeyInfo(OmMetadataReader.java:190) ~[ozone-manager-1.5.0-SNAPSHOT.jar:?]
	at org.apache.hadoop.ozone.om.OzoneManager.getKeyInfo(OzoneManager.java:2869) ~[ozone-manager-1.5.0-SNAPSHOT.jar:?]
	at org.apache.hadoop.ozone.protocolPB.OzoneManagerRequestHandler.getKeyInfo(OzoneManagerRequestHandler.java:616) ~[ozone-manager-1.5.0-SNAPSHOT.jar:?]
	at org.apache.hadoop.ozone.protocolPB.OzoneManagerRequestHandler.handleReadRequest(OzoneManagerRequestHandler.java:323) ~[ozone-manager-1.5.0-SNAPSHOT.jar:?]
	at org.apache.hadoop.ozone.protocolPB.OzoneManagerProtocolServerSideTranslatorPB.submitReadRequestToOM(OzoneManagerProtocolServerSideTranslatorPB.java:265) ~[ozone-manager-1.5.0-SNAPSHOT.jar:?]
	at org.apache.hadoop.ozone.protocolPB.OzoneManagerProtocolServerSideTranslatorPB.internalProcessRequest(OzoneManagerProtocolServerSideTranslatorPB.java:211) ~[ozone-manager-1.5.0-SNAPSHOT.jar:?]
	at org.apache.hadoop.ozone.protocolPB.OzoneManagerProtocolServerSideTranslatorPB.processRequest(OzoneManagerProtocolServerSideTranslatorPB.java:171) ~[ozone-manager-1.5.0-SNAPSHOT.jar:?]
	at org.apache.hadoop.hdds.server.OzoneProtocolMessageDispatcher.processRequest(OzoneProtocolMessageDispatcher.java:89) [hdds-server-framework-1.5.0-SNAPSHOT.jar:?]
	at org.apache.hadoop.ozone.protocolPB.OzoneManagerProtocolServerSideTranslatorPB.submitRequest(OzoneManagerProtocolServerSideTranslatorPB.java:162) [ozone-manager-1.5.0-SNAPSHOT.jar:?]
	at org.apache.hadoop.ozone.protocol.proto.OzoneManagerProtocolProtos$OzoneManagerService$2.callBlockingMethod(OzoneManagerProtocolProtos.java) [ozone-interface-client-1.5.0-SNAPSHOT.jar:?]
	at org.apache.hadoop.ipc.ProtobufRpcEngine$Server.processCall(ProtobufRpcEngine.java:484) [hadoop-common-3.3.6.jar:?]
	at org.apache.hadoop.ipc.ProtobufRpcEngine2$Server$ProtoBufRpcInvoker.call(ProtobufRpcEngine2.java:595) [hadoop-common-3.3.6.jar:?]
	at org.apache.hadoop.ipc.ProtobufRpcEngine2$Server$ProtoBufRpcInvoker.call(ProtobufRpcEngine2.java:573) [hadoop-common-3.3.6.jar:?]
	at org.apache.hadoop.ipc.RPC$Server.call(RPC.java:1227) [hadoop-common-3.3.6.jar:?]
	at org.apache.hadoop.ipc.Server$RpcCall.run(Server.java:1094) [hadoop-common-3.3.6.jar:?]
	at org.apache.hadoop.ipc.Server$RpcCall.run(Server.java:1017) [hadoop-common-3.3.6.jar:?]
	at java.security.AccessController.doPrivileged(Native Method) ~[?:1.8.0_392]
	at javax.security.auth.Subject.doAs(Subject.java:422) [?:1.8.0_392]
	at org.apache.hadoop.security.UserGroupInformation.doAs(UserGroupInformation.java:1899) [hadoop-common-3.3.6.jar:?]
	at org.apache.hadoop.ipc.Server$Handler.run(Server.java:3048) [hadoop-common-3.3.6.jar:?]
]]></system-out>
  </testcase>
  <testcase name="testInitiateMultipartUpload(ReplicationConfig)[1]" classname="org.apache.hadoop.ozone.client.rpc.TestSecureOzoneRpcClient" time="0.011">
    <system-out><![CDATA[2023-12-19 18:18:15,667 [main] INFO  rpc.RpcClient (RpcClient.java:createVolume(456)) - Creating Volume: c21026ad-5c78-40be-9741-b2df71939667, with runner as owner and space quota set to -1 bytes, counts quota set to -1
2023-12-19 18:18:15,668 [om1-OMStateMachineApplyTransactionThread - 0] INFO  volume.OMVolumeCreateRequest (OMVolumeCreateRequest.java:validateAndUpdateCache(197)) - created volume:c21026ad-5c78-40be-9741-b2df71939667 for user:runner
2023-12-19 18:18:15,670 [main] INFO  rpc.RpcClient (RpcClient.java:createBucket(683)) - Creating Bucket: c21026ad-5c78-40be-9741-b2df71939667/5d683fae-a2cf-4664-bfba-79c88add6903, with server-side default bucket layout, runner as owner, Versioning false, Storage Type set to DISK and Encryption set to false, Replication Type set to server-side default replication type, Namespace Quota set to -1, Space Quota set to -1 
2023-12-19 18:18:15,671 [om1-OMStateMachineApplyTransactionThread - 0] INFO  bucket.OMBucketCreateRequest (OMBucketCreateRequest.java:validateAndUpdateCache(295)) - created bucket: 5d683fae-a2cf-4664-bfba-79c88add6903 of layout OBJECT_STORE in volume: c21026ad-5c78-40be-9741-b2df71939667
]]></system-out>
  </testcase>
  <testcase name="testInitiateMultipartUpload(ReplicationConfig)[2]" classname="org.apache.hadoop.ozone.client.rpc.TestSecureOzoneRpcClient" time="0.008">
    <system-out><![CDATA[2023-12-19 18:18:15,679 [main] INFO  rpc.RpcClient (RpcClient.java:createVolume(456)) - Creating Volume: 4f769ab6-4e42-4c01-aff5-e90887585ffe, with runner as owner and space quota set to -1 bytes, counts quota set to -1
2023-12-19 18:18:15,680 [om1-OMStateMachineApplyTransactionThread - 0] INFO  volume.OMVolumeCreateRequest (OMVolumeCreateRequest.java:validateAndUpdateCache(197)) - created volume:4f769ab6-4e42-4c01-aff5-e90887585ffe for user:runner
2023-12-19 18:18:15,681 [main] INFO  rpc.RpcClient (RpcClient.java:createBucket(683)) - Creating Bucket: 4f769ab6-4e42-4c01-aff5-e90887585ffe/0073af6e-1fe0-456c-aa8a-91fe119c23bb, with server-side default bucket layout, runner as owner, Versioning false, Storage Type set to DISK and Encryption set to false, Replication Type set to server-side default replication type, Namespace Quota set to -1, Space Quota set to -1 
2023-12-19 18:18:15,682 [om1-OMStateMachineApplyTransactionThread - 0] INFO  bucket.OMBucketCreateRequest (OMBucketCreateRequest.java:validateAndUpdateCache(295)) - created bucket: 0073af6e-1fe0-456c-aa8a-91fe119c23bb of layout OBJECT_STORE in volume: 4f769ab6-4e42-4c01-aff5-e90887585ffe
]]></system-out>
  </testcase>
  <testcase name="testInitiateMultipartUpload(ReplicationConfig)[3]" classname="org.apache.hadoop.ozone.client.rpc.TestSecureOzoneRpcClient" time="0.008">
    <system-out><![CDATA[2023-12-19 18:18:15,687 [main] INFO  rpc.RpcClient (RpcClient.java:createVolume(456)) - Creating Volume: 4fb9ffea-b02a-4f7b-a685-4b9b9f80bd18, with runner as owner and space quota set to -1 bytes, counts quota set to -1
2023-12-19 18:18:15,689 [om1-OMStateMachineApplyTransactionThread - 0] INFO  volume.OMVolumeCreateRequest (OMVolumeCreateRequest.java:validateAndUpdateCache(197)) - created volume:4fb9ffea-b02a-4f7b-a685-4b9b9f80bd18 for user:runner
2023-12-19 18:18:15,690 [main] INFO  rpc.RpcClient (RpcClient.java:createBucket(683)) - Creating Bucket: 4fb9ffea-b02a-4f7b-a685-4b9b9f80bd18/4d9b888c-5134-4b30-a91e-c519c517d8e2, with server-side default bucket layout, runner as owner, Versioning false, Storage Type set to DISK and Encryption set to false, Replication Type set to server-side default replication type, Namespace Quota set to -1, Space Quota set to -1 
2023-12-19 18:18:15,691 [om1-OMStateMachineApplyTransactionThread - 0] INFO  bucket.OMBucketCreateRequest (OMBucketCreateRequest.java:validateAndUpdateCache(295)) - created bucket: 4d9b888c-5134-4b30-a91e-c519c517d8e2 of layout OBJECT_STORE in volume: 4fb9ffea-b02a-4f7b-a685-4b9b9f80bd18
]]></system-out>
  </testcase>
  <testcase name="testInitiateMultipartUploadWithDefaultReplication" classname="org.apache.hadoop.ozone.client.rpc.TestSecureOzoneRpcClient" time="0.008">
    <system-out><![CDATA[2023-12-19 18:18:15,696 [main] INFO  rpc.RpcClient (RpcClient.java:createVolume(456)) - Creating Volume: f2498502-64f0-4d9c-b329-b8f59277b4d3, with runner as owner and space quota set to -1 bytes, counts quota set to -1
2023-12-19 18:18:15,697 [om1-OMStateMachineApplyTransactionThread - 0] INFO  volume.OMVolumeCreateRequest (OMVolumeCreateRequest.java:validateAndUpdateCache(197)) - created volume:f2498502-64f0-4d9c-b329-b8f59277b4d3 for user:runner
2023-12-19 18:18:15,698 [main] INFO  rpc.RpcClient (RpcClient.java:createBucket(683)) - Creating Bucket: f2498502-64f0-4d9c-b329-b8f59277b4d3/ebb2cd3e-dfb8-4f7b-b564-f7043a2ecf8a, with server-side default bucket layout, runner as owner, Versioning false, Storage Type set to DISK and Encryption set to false, Replication Type set to server-side default replication type, Namespace Quota set to -1, Space Quota set to -1 
2023-12-19 18:18:15,699 [om1-OMStateMachineApplyTransactionThread - 0] INFO  bucket.OMBucketCreateRequest (OMBucketCreateRequest.java:validateAndUpdateCache(295)) - created bucket: ebb2cd3e-dfb8-4f7b-b564-f7043a2ecf8a of layout OBJECT_STORE in volume: f2498502-64f0-4d9c-b329-b8f59277b4d3
]]></system-out>
  </testcase>
  <testcase name="testInvalidBucketCreation" classname="org.apache.hadoop.ozone.client.rpc.TestSecureOzoneRpcClient" time="0.003">
    <system-out><![CDATA[2023-12-19 18:18:15,704 [main] INFO  rpc.RpcClient (RpcClient.java:createVolume(456)) - Creating Volume: 1acb147c-e9e3-4952-b657-250bb05fa90a, with runner as owner and space quota set to -1 bytes, counts quota set to -1
2023-12-19 18:18:15,706 [om1-OMStateMachineApplyTransactionThread - 0] INFO  volume.OMVolumeCreateRequest (OMVolumeCreateRequest.java:validateAndUpdateCache(197)) - created volume:1acb147c-e9e3-4952-b657-250bb05fa90a for user:runner
]]></system-out>
  </testcase>
  <testcase name="testKeyReadWriteForGDPR" classname="org.apache.hadoop.ozone.client.rpc.TestSecureOzoneRpcClient" time="0.032">
    <system-out><![CDATA[2023-12-19 18:18:15,708 [main] INFO  rpc.RpcClient (RpcClient.java:createVolume(456)) - Creating Volume: efa34bdc-fc31-4864-984f-e754ae839e06, with runner as owner and space quota set to -1 bytes, counts quota set to -1
2023-12-19 18:18:15,709 [om1-OMStateMachineApplyTransactionThread - 0] INFO  volume.OMVolumeCreateRequest (OMVolumeCreateRequest.java:validateAndUpdateCache(197)) - created volume:efa34bdc-fc31-4864-984f-e754ae839e06 for user:runner
2023-12-19 18:18:15,710 [main] INFO  rpc.RpcClient (RpcClient.java:createBucket(683)) - Creating Bucket: efa34bdc-fc31-4864-984f-e754ae839e06/a5217dde-cb3f-4f51-8a47-61c02b7700d8, with bucket layout OBJECT_STORE, runner as owner, Versioning false, Storage Type set to DISK and Encryption set to false, Replication Type set to server-side default replication type, Namespace Quota set to -1, Space Quota set to -1 
2023-12-19 18:18:15,712 [om1-OMStateMachineApplyTransactionThread - 0] INFO  bucket.OMBucketCreateRequest (OMBucketCreateRequest.java:validateAndUpdateCache(295)) - created bucket: a5217dde-cb3f-4f51-8a47-61c02b7700d8 of layout OBJECT_STORE in volume: efa34bdc-fc31-4864-984f-e754ae839e06
2023-12-19 18:18:15,714 [IPC Server handler 5 on default port 15001] WARN  node.SCMNodeManager (SCMNodeManager.java:getNodesByAddress(1440)) - address is null
2023-12-19 18:18:15,725 [IPC Server handler 1 on default port 15001] WARN  node.SCMNodeManager (SCMNodeManager.java:getNodesByAddress(1445)) - Cannot find node for address 127.0.0.1
2023-12-19 18:18:15,727 [IPC Server handler 7 on default port 15001] WARN  node.SCMNodeManager (SCMNodeManager.java:getNodesByAddress(1445)) - Cannot find node for address 127.0.0.1
2023-12-19 18:18:15,735 [IPC Server handler 6 on default port 15001] WARN  node.SCMNodeManager (SCMNodeManager.java:getNodesByAddress(1445)) - Cannot find node for address 127.0.0.1
2023-12-19 18:18:15,737 [IPC Server handler 2 on default port 15001] WARN  node.SCMNodeManager (SCMNodeManager.java:getNodesByAddress(1445)) - Cannot find node for address 127.0.0.1
]]></system-out>
  </testcase>
  <testcase name="testKeysRename" classname="org.apache.hadoop.ozone.client.rpc.TestSecureOzoneRpcClient" time="0.05">
    <system-out><![CDATA[2023-12-19 18:18:15,741 [main] INFO  rpc.RpcClient (RpcClient.java:createVolume(456)) - Creating Volume: fbd36bfb-a6df-4c96-82f1-28094a7199d0, with runner as owner and space quota set to -1 bytes, counts quota set to -1
2023-12-19 18:18:15,745 [om1-OMStateMachineApplyTransactionThread - 0] INFO  volume.OMVolumeCreateRequest (OMVolumeCreateRequest.java:validateAndUpdateCache(197)) - created volume:fbd36bfb-a6df-4c96-82f1-28094a7199d0 for user:runner
2023-12-19 18:18:15,746 [main] INFO  rpc.RpcClient (RpcClient.java:createBucket(683)) - Creating Bucket: fbd36bfb-a6df-4c96-82f1-28094a7199d0/9859fc97-bd03-4a9d-b9f8-1dec061acdfa, with bucket layout OBJECT_STORE, runner as owner, Versioning false, Storage Type set to DISK and Encryption set to false, Replication Type set to server-side default replication type, Namespace Quota set to -1, Space Quota set to -1 
2023-12-19 18:18:15,749 [om1-OMStateMachineApplyTransactionThread - 0] INFO  bucket.OMBucketCreateRequest (OMBucketCreateRequest.java:validateAndUpdateCache(295)) - created bucket: 9859fc97-bd03-4a9d-b9f8-1dec061acdfa of layout OBJECT_STORE in volume: fbd36bfb-a6df-4c96-82f1-28094a7199d0
2023-12-19 18:18:15,751 [IPC Server handler 4 on default port 15001] WARN  node.SCMNodeManager (SCMNodeManager.java:getNodesByAddress(1440)) - address is null
2023-12-19 18:18:15,761 [IPC Server handler 13 on default port 15001] WARN  node.SCMNodeManager (SCMNodeManager.java:getNodesByAddress(1445)) - Cannot find node for address 127.0.0.1
2023-12-19 18:18:15,763 [IPC Server handler 18 on default port 15001] WARN  node.SCMNodeManager (SCMNodeManager.java:getNodesByAddress(1440)) - address is null
2023-12-19 18:18:15,772 [IPC Server handler 8 on default port 15001] WARN  node.SCMNodeManager (SCMNodeManager.java:getNodesByAddress(1445)) - Cannot find node for address 127.0.0.1
2023-12-19 18:18:15,784 [IPC Server handler 12 on default port 15001] WARN  node.SCMNodeManager (SCMNodeManager.java:getNodesByAddress(1445)) - Cannot find node for address 127.0.0.1
2023-12-19 18:18:15,786 [IPC Server handler 0 on default port 15001] WARN  node.SCMNodeManager (SCMNodeManager.java:getNodesByAddress(1445)) - Cannot find node for address 127.0.0.1
18:18:15.787 [IPC Server handler 5 on default port 15004] ERROR OMAudit - user=runner | ip=127.0.0.1 | op=READ_KEY {volume=fbd36bfb-a6df-4c96-82f1-28094a7199d0, bucket=9859fc97-bd03-4a9d-b9f8-1dec061acdfa, key=dir/file1, dataSize=0, replicationConfig=null} | ret=FAILURE
org.apache.hadoop.ozone.om.exceptions.OMException: Key:dir/file1 not found
	at org.apache.hadoop.ozone.om.KeyManagerImpl.readKeyInfo(KeyManagerImpl.java:451) ~[ozone-manager-1.5.0-SNAPSHOT.jar:?]
	at org.apache.hadoop.ozone.om.KeyManagerImpl.lambda$9(KeyManagerImpl.java:2015) ~[ozone-manager-1.5.0-SNAPSHOT.jar:?]
	at org.apache.hadoop.util.MetricUtil.captureLatencyNs(MetricUtil.java:39) ~[hdds-common-1.5.0-SNAPSHOT.jar:?]
	at org.apache.hadoop.ozone.om.KeyManagerImpl.getKeyInfo(KeyManagerImpl.java:2013) ~[ozone-manager-1.5.0-SNAPSHOT.jar:?]
	at org.apache.hadoop.ozone.om.OmMetadataReader.getKeyInfo(OmMetadataReader.java:190) ~[ozone-manager-1.5.0-SNAPSHOT.jar:?]
	at org.apache.hadoop.ozone.om.OzoneManager.getKeyInfo(OzoneManager.java:2869) ~[ozone-manager-1.5.0-SNAPSHOT.jar:?]
	at org.apache.hadoop.ozone.protocolPB.OzoneManagerRequestHandler.getKeyInfo(OzoneManagerRequestHandler.java:616) ~[ozone-manager-1.5.0-SNAPSHOT.jar:?]
	at org.apache.hadoop.ozone.protocolPB.OzoneManagerRequestHandler.handleReadRequest(OzoneManagerRequestHandler.java:323) ~[ozone-manager-1.5.0-SNAPSHOT.jar:?]
	at org.apache.hadoop.ozone.protocolPB.OzoneManagerProtocolServerSideTranslatorPB.submitReadRequestToOM(OzoneManagerProtocolServerSideTranslatorPB.java:265) ~[ozone-manager-1.5.0-SNAPSHOT.jar:?]
	at org.apache.hadoop.ozone.protocolPB.OzoneManagerProtocolServerSideTranslatorPB.internalProcessRequest(OzoneManagerProtocolServerSideTranslatorPB.java:211) ~[ozone-manager-1.5.0-SNAPSHOT.jar:?]
	at org.apache.hadoop.ozone.protocolPB.OzoneManagerProtocolServerSideTranslatorPB.processRequest(OzoneManagerProtocolServerSideTranslatorPB.java:171) ~[ozone-manager-1.5.0-SNAPSHOT.jar:?]
	at org.apache.hadoop.hdds.server.OzoneProtocolMessageDispatcher.processRequest(OzoneProtocolMessageDispatcher.java:89) [hdds-server-framework-1.5.0-SNAPSHOT.jar:?]
	at org.apache.hadoop.ozone.protocolPB.OzoneManagerProtocolServerSideTranslatorPB.submitRequest(OzoneManagerProtocolServerSideTranslatorPB.java:162) [ozone-manager-1.5.0-SNAPSHOT.jar:?]
	at org.apache.hadoop.ozone.protocol.proto.OzoneManagerProtocolProtos$OzoneManagerService$2.callBlockingMethod(OzoneManagerProtocolProtos.java) [ozone-interface-client-1.5.0-SNAPSHOT.jar:?]
	at org.apache.hadoop.ipc.ProtobufRpcEngine$Server.processCall(ProtobufRpcEngine.java:484) [hadoop-common-3.3.6.jar:?]
	at org.apache.hadoop.ipc.ProtobufRpcEngine2$Server$ProtoBufRpcInvoker.call(ProtobufRpcEngine2.java:595) [hadoop-common-3.3.6.jar:?]
	at org.apache.hadoop.ipc.ProtobufRpcEngine2$Server$ProtoBufRpcInvoker.call(ProtobufRpcEngine2.java:573) [hadoop-common-3.3.6.jar:?]
	at org.apache.hadoop.ipc.RPC$Server.call(RPC.java:1227) [hadoop-common-3.3.6.jar:?]
	at org.apache.hadoop.ipc.Server$RpcCall.run(Server.java:1094) [hadoop-common-3.3.6.jar:?]
	at org.apache.hadoop.ipc.Server$RpcCall.run(Server.java:1017) [hadoop-common-3.3.6.jar:?]
	at java.security.AccessController.doPrivileged(Native Method) ~[?:1.8.0_392]
	at javax.security.auth.Subject.doAs(Subject.java:422) [?:1.8.0_392]
	at org.apache.hadoop.security.UserGroupInformation.doAs(UserGroupInformation.java:1899) [hadoop-common-3.3.6.jar:?]
	at org.apache.hadoop.ipc.Server$Handler.run(Server.java:3048) [hadoop-common-3.3.6.jar:?]
18:18:15.791 [IPC Server handler 3 on default port 15004] ERROR OMAudit - user=runner | ip=127.0.0.1 | op=READ_KEY {volume=fbd36bfb-a6df-4c96-82f1-28094a7199d0, bucket=9859fc97-bd03-4a9d-b9f8-1dec061acdfa, key=dir/file2, dataSize=0, replicationConfig=null} | ret=FAILURE
org.apache.hadoop.ozone.om.exceptions.OMException: Key:dir/file2 not found
	at org.apache.hadoop.ozone.om.KeyManagerImpl.readKeyInfo(KeyManagerImpl.java:451) ~[ozone-manager-1.5.0-SNAPSHOT.jar:?]
	at org.apache.hadoop.ozone.om.KeyManagerImpl.lambda$9(KeyManagerImpl.java:2015) ~[ozone-manager-1.5.0-SNAPSHOT.jar:?]
	at org.apache.hadoop.util.MetricUtil.captureLatencyNs(MetricUtil.java:39) ~[hdds-common-1.5.0-SNAPSHOT.jar:?]
	at org.apache.hadoop.ozone.om.KeyManagerImpl.getKeyInfo(KeyManagerImpl.java:2013) ~[ozone-manager-1.5.0-SNAPSHOT.jar:?]
	at org.apache.hadoop.ozone.om.OmMetadataReader.getKeyInfo(OmMetadataReader.java:190) ~[ozone-manager-1.5.0-SNAPSHOT.jar:?]
	at org.apache.hadoop.ozone.om.OzoneManager.getKeyInfo(OzoneManager.java:2869) ~[ozone-manager-1.5.0-SNAPSHOT.jar:?]
	at org.apache.hadoop.ozone.protocolPB.OzoneManagerRequestHandler.getKeyInfo(OzoneManagerRequestHandler.java:616) ~[ozone-manager-1.5.0-SNAPSHOT.jar:?]
	at org.apache.hadoop.ozone.protocolPB.OzoneManagerRequestHandler.handleReadRequest(OzoneManagerRequestHandler.java:323) ~[ozone-manager-1.5.0-SNAPSHOT.jar:?]
	at org.apache.hadoop.ozone.protocolPB.OzoneManagerProtocolServerSideTranslatorPB.submitReadRequestToOM(OzoneManagerProtocolServerSideTranslatorPB.java:265) ~[ozone-manager-1.5.0-SNAPSHOT.jar:?]
	at org.apache.hadoop.ozone.protocolPB.OzoneManagerProtocolServerSideTranslatorPB.internalProcessRequest(OzoneManagerProtocolServerSideTranslatorPB.java:211) ~[ozone-manager-1.5.0-SNAPSHOT.jar:?]
	at org.apache.hadoop.ozone.protocolPB.OzoneManagerProtocolServerSideTranslatorPB.processRequest(OzoneManagerProtocolServerSideTranslatorPB.java:171) ~[ozone-manager-1.5.0-SNAPSHOT.jar:?]
	at org.apache.hadoop.hdds.server.OzoneProtocolMessageDispatcher.processRequest(OzoneProtocolMessageDispatcher.java:89) [hdds-server-framework-1.5.0-SNAPSHOT.jar:?]
	at org.apache.hadoop.ozone.protocolPB.OzoneManagerProtocolServerSideTranslatorPB.submitRequest(OzoneManagerProtocolServerSideTranslatorPB.java:162) [ozone-manager-1.5.0-SNAPSHOT.jar:?]
	at org.apache.hadoop.ozone.protocol.proto.OzoneManagerProtocolProtos$OzoneManagerService$2.callBlockingMethod(OzoneManagerProtocolProtos.java) [ozone-interface-client-1.5.0-SNAPSHOT.jar:?]
	at org.apache.hadoop.ipc.ProtobufRpcEngine$Server.processCall(ProtobufRpcEngine.java:484) [hadoop-common-3.3.6.jar:?]
	at org.apache.hadoop.ipc.ProtobufRpcEngine2$Server$ProtoBufRpcInvoker.call(ProtobufRpcEngine2.java:595) [hadoop-common-3.3.6.jar:?]
	at org.apache.hadoop.ipc.ProtobufRpcEngine2$Server$ProtoBufRpcInvoker.call(ProtobufRpcEngine2.java:573) [hadoop-common-3.3.6.jar:?]
	at org.apache.hadoop.ipc.RPC$Server.call(RPC.java:1227) [hadoop-common-3.3.6.jar:?]
	at org.apache.hadoop.ipc.Server$RpcCall.run(Server.java:1094) [hadoop-common-3.3.6.jar:?]
	at org.apache.hadoop.ipc.Server$RpcCall.run(Server.java:1017) [hadoop-common-3.3.6.jar:?]
	at java.security.AccessController.doPrivileged(Native Method) ~[?:1.8.0_392]
	at javax.security.auth.Subject.doAs(Subject.java:422) [?:1.8.0_392]
	at org.apache.hadoop.security.UserGroupInformation.doAs(UserGroupInformation.java:1899) [hadoop-common-3.3.6.jar:?]
	at org.apache.hadoop.ipc.Server$Handler.run(Server.java:3048) [hadoop-common-3.3.6.jar:?]
]]></system-out>
  </testcase>
  <testcase name="testKeysRenameFail" classname="org.apache.hadoop.ozone.client.rpc.TestSecureOzoneRpcClient" time="0.025">
    <system-out><![CDATA[2023-12-19 18:18:15,792 [main] INFO  rpc.RpcClient (RpcClient.java:createVolume(456)) - Creating Volume: c0814be1-d201-4dd9-9598-8941c137d129, with runner as owner and space quota set to -1 bytes, counts quota set to -1
2023-12-19 18:18:15,793 [om1-OMStateMachineApplyTransactionThread - 0] INFO  volume.OMVolumeCreateRequest (OMVolumeCreateRequest.java:validateAndUpdateCache(197)) - created volume:c0814be1-d201-4dd9-9598-8941c137d129 for user:runner
2023-12-19 18:18:15,794 [main] INFO  rpc.RpcClient (RpcClient.java:createBucket(683)) - Creating Bucket: c0814be1-d201-4dd9-9598-8941c137d129/6359d128-85c5-4b6f-8fe8-e4304c8904bb, with bucket layout OBJECT_STORE, runner as owner, Versioning false, Storage Type set to DISK and Encryption set to false, Replication Type set to server-side default replication type, Namespace Quota set to -1, Space Quota set to -1 
2023-12-19 18:18:15,795 [om1-OMStateMachineApplyTransactionThread - 0] INFO  bucket.OMBucketCreateRequest (OMBucketCreateRequest.java:validateAndUpdateCache(295)) - created bucket: 6359d128-85c5-4b6f-8fe8-e4304c8904bb of layout OBJECT_STORE in volume: c0814be1-d201-4dd9-9598-8941c137d129
2023-12-19 18:18:15,797 [IPC Server handler 11 on default port 15001] WARN  node.SCMNodeManager (SCMNodeManager.java:getNodesByAddress(1440)) - address is null
2023-12-19 18:18:15,810 [IPC Server handler 14 on default port 15001] WARN  node.SCMNodeManager (SCMNodeManager.java:getNodesByAddress(1445)) - Cannot find node for address 127.0.0.1
2023-12-19 18:18:15,813 [om1-OMStateMachineApplyTransactionThread - 0] ERROR key.OMKeysRenameRequest (OMKeysRenameRequest.java:validateAndUpdateCache(191)) - Received a request to rename a Key does not exist /c0814be1-d201-4dd9-9598-8941c137d129/6359d128-85c5-4b6f-8fe8-e4304c8904bb/dir/file2
2023-12-19 18:18:15,815 [IPC Server handler 16 on default port 15001] WARN  node.SCMNodeManager (SCMNodeManager.java:getNodesByAddress(1445)) - Cannot find node for address 127.0.0.1
18:18:15.816 [IPC Server handler 12 on default port 15004] ERROR OMAudit - user=runner | ip=127.0.0.1 | op=READ_KEY {volume=c0814be1-d201-4dd9-9598-8941c137d129, bucket=6359d128-85c5-4b6f-8fe8-e4304c8904bb, key=dir/file2, dataSize=0, replicationConfig=null} | ret=FAILURE
org.apache.hadoop.ozone.om.exceptions.OMException: Key:dir/file2 not found
	at org.apache.hadoop.ozone.om.KeyManagerImpl.readKeyInfo(KeyManagerImpl.java:451) ~[ozone-manager-1.5.0-SNAPSHOT.jar:?]
	at org.apache.hadoop.ozone.om.KeyManagerImpl.lambda$9(KeyManagerImpl.java:2015) ~[ozone-manager-1.5.0-SNAPSHOT.jar:?]
	at org.apache.hadoop.util.MetricUtil.captureLatencyNs(MetricUtil.java:39) ~[hdds-common-1.5.0-SNAPSHOT.jar:?]
	at org.apache.hadoop.ozone.om.KeyManagerImpl.getKeyInfo(KeyManagerImpl.java:2013) ~[ozone-manager-1.5.0-SNAPSHOT.jar:?]
	at org.apache.hadoop.ozone.om.OmMetadataReader.getKeyInfo(OmMetadataReader.java:190) ~[ozone-manager-1.5.0-SNAPSHOT.jar:?]
	at org.apache.hadoop.ozone.om.OzoneManager.getKeyInfo(OzoneManager.java:2869) ~[ozone-manager-1.5.0-SNAPSHOT.jar:?]
	at org.apache.hadoop.ozone.protocolPB.OzoneManagerRequestHandler.getKeyInfo(OzoneManagerRequestHandler.java:616) ~[ozone-manager-1.5.0-SNAPSHOT.jar:?]
	at org.apache.hadoop.ozone.protocolPB.OzoneManagerRequestHandler.handleReadRequest(OzoneManagerRequestHandler.java:323) ~[ozone-manager-1.5.0-SNAPSHOT.jar:?]
	at org.apache.hadoop.ozone.protocolPB.OzoneManagerProtocolServerSideTranslatorPB.submitReadRequestToOM(OzoneManagerProtocolServerSideTranslatorPB.java:265) ~[ozone-manager-1.5.0-SNAPSHOT.jar:?]
	at org.apache.hadoop.ozone.protocolPB.OzoneManagerProtocolServerSideTranslatorPB.internalProcessRequest(OzoneManagerProtocolServerSideTranslatorPB.java:211) ~[ozone-manager-1.5.0-SNAPSHOT.jar:?]
	at org.apache.hadoop.ozone.protocolPB.OzoneManagerProtocolServerSideTranslatorPB.processRequest(OzoneManagerProtocolServerSideTranslatorPB.java:171) ~[ozone-manager-1.5.0-SNAPSHOT.jar:?]
	at org.apache.hadoop.hdds.server.OzoneProtocolMessageDispatcher.processRequest(OzoneProtocolMessageDispatcher.java:89) [hdds-server-framework-1.5.0-SNAPSHOT.jar:?]
	at org.apache.hadoop.ozone.protocolPB.OzoneManagerProtocolServerSideTranslatorPB.submitRequest(OzoneManagerProtocolServerSideTranslatorPB.java:162) [ozone-manager-1.5.0-SNAPSHOT.jar:?]
	at org.apache.hadoop.ozone.protocol.proto.OzoneManagerProtocolProtos$OzoneManagerService$2.callBlockingMethod(OzoneManagerProtocolProtos.java) [ozone-interface-client-1.5.0-SNAPSHOT.jar:?]
	at org.apache.hadoop.ipc.ProtobufRpcEngine$Server.processCall(ProtobufRpcEngine.java:484) [hadoop-common-3.3.6.jar:?]
	at org.apache.hadoop.ipc.ProtobufRpcEngine2$Server$ProtoBufRpcInvoker.call(ProtobufRpcEngine2.java:595) [hadoop-common-3.3.6.jar:?]
	at org.apache.hadoop.ipc.ProtobufRpcEngine2$Server$ProtoBufRpcInvoker.call(ProtobufRpcEngine2.java:573) [hadoop-common-3.3.6.jar:?]
	at org.apache.hadoop.ipc.RPC$Server.call(RPC.java:1227) [hadoop-common-3.3.6.jar:?]
	at org.apache.hadoop.ipc.Server$RpcCall.run(Server.java:1094) [hadoop-common-3.3.6.jar:?]
	at org.apache.hadoop.ipc.Server$RpcCall.run(Server.java:1017) [hadoop-common-3.3.6.jar:?]
	at java.security.AccessController.doPrivileged(Native Method) ~[?:1.8.0_392]
	at javax.security.auth.Subject.doAs(Subject.java:422) [?:1.8.0_392]
	at org.apache.hadoop.security.UserGroupInformation.doAs(UserGroupInformation.java:1899) [hadoop-common-3.3.6.jar:?]
	at org.apache.hadoop.ipc.Server$Handler.run(Server.java:3048) [hadoop-common-3.3.6.jar:?]
]]></system-out>
  </testcase>
  <testcase name="testListBucket" classname="org.apache.hadoop.ozone.client.rpc.TestSecureOzoneRpcClient" time="0.611">
    <system-out><![CDATA[2023-12-19 18:18:15,818 [main] INFO  rpc.RpcClient (RpcClient.java:createVolume(456)) - Creating Volume: vol-a-56566, with runner as owner and space quota set to -1 bytes, counts quota set to -1
2023-12-19 18:18:15,820 [om1-OMStateMachineApplyTransactionThread - 0] INFO  volume.OMVolumeCreateRequest (OMVolumeCreateRequest.java:validateAndUpdateCache(197)) - created volume:vol-a-56566 for user:runner
2023-12-19 18:18:15,821 [main] INFO  rpc.RpcClient (RpcClient.java:createVolume(456)) - Creating Volume: vol-b-57134, with runner as owner and space quota set to -1 bytes, counts quota set to -1
2023-12-19 18:18:15,822 [om1-OMStateMachineApplyTransactionThread - 0] INFO  volume.OMVolumeCreateRequest (OMVolumeCreateRequest.java:validateAndUpdateCache(197)) - created volume:vol-b-57134 for user:runner
2023-12-19 18:18:15,824 [main] INFO  rpc.RpcClient (RpcClient.java:createBucket(683)) - Creating Bucket: vol-a-56566/bucket-a-0-54858, with server-side default bucket layout, runner as owner, Versioning false, Storage Type set to DISK and Encryption set to false, Replication Type set to server-side default replication type, Namespace Quota set to -1, Space Quota set to -1 
2023-12-19 18:18:15,825 [om1-OMStateMachineApplyTransactionThread - 0] INFO  bucket.OMBucketCreateRequest (OMBucketCreateRequest.java:validateAndUpdateCache(295)) - created bucket: bucket-a-0-54858 of layout OBJECT_STORE in volume: vol-a-56566
2023-12-19 18:18:15,851 [om1-OMStateMachineApplyTransactionThread - 0] WARN  snapshot.OMSnapshotCreateRequest (OMSnapshotCreateRequest.java:estimateBucketDataSize(338)) - DefaultReplicationConfig is not correctly set in OmBucketInfo for volume 'vol-a-56566' bucket 'bucket-a-0-54858'. Falling back to config default 'RATIS/THREE'
2023-12-19 18:18:15,857 [om1-OMStateMachineApplyTransactionThread - 0] INFO  snapshot.OMSnapshotCreateRequest (OMSnapshotCreateRequest.java:validateAndUpdateCache(219)) - Created snapshot: 's20231219-181815.835' with snapshotId: 'b6c1ec19-6e33-4236-813e-3e7f2dcf2b8b' under path 'vol-a-56566/bucket-a-0-54858'
2023-12-19 18:18:15,859 [main] INFO  rpc.RpcClient (RpcClient.java:createBucket(683)) - Creating Bucket: vol-b-57134/bucket-a-0-28706, with server-side default bucket layout, runner as owner, Versioning false, Storage Type set to DISK and Encryption set to false, Replication Type set to server-side default replication type, Namespace Quota set to -1, Space Quota set to -1 
2023-12-19 18:18:15,861 [om1-OMStateMachineApplyTransactionThread - 0] INFO  bucket.OMBucketCreateRequest (OMBucketCreateRequest.java:validateAndUpdateCache(295)) - created bucket: bucket-a-0-28706 of layout OBJECT_STORE in volume: vol-b-57134
2023-12-19 18:18:15,877 [om1-OMStateMachineApplyTransactionThread - 0] WARN  snapshot.OMSnapshotCreateRequest (OMSnapshotCreateRequest.java:estimateBucketDataSize(338)) - DefaultReplicationConfig is not correctly set in OmBucketInfo for volume 'vol-b-57134' bucket 'bucket-a-0-28706'. Falling back to config default 'RATIS/THREE'
2023-12-19 18:18:15,878 [om1-OMStateMachineApplyTransactionThread - 0] INFO  snapshot.OMSnapshotCreateRequest (OMSnapshotCreateRequest.java:validateAndUpdateCache(219)) - Created snapshot: 's20231219-181815.862' with snapshotId: '44f95a18-ece0-44f6-af8f-a712460dcd61' under path 'vol-b-57134/bucket-a-0-28706'
2023-12-19 18:18:15,878 [main] INFO  rpc.RpcClient (RpcClient.java:createBucket(683)) - Creating Bucket: vol-a-56566/bucket-a-1-04100, with server-side default bucket layout, runner as owner, Versioning false, Storage Type set to DISK and Encryption set to false, Replication Type set to server-side default replication type, Namespace Quota set to -1, Space Quota set to -1 
2023-12-19 18:18:15,880 [om1-OMStateMachineApplyTransactionThread - 0] INFO  bucket.OMBucketCreateRequest (OMBucketCreateRequest.java:validateAndUpdateCache(295)) - created bucket: bucket-a-1-04100 of layout OBJECT_STORE in volume: vol-a-56566
2023-12-19 18:18:15,898 [om1-OMStateMachineApplyTransactionThread - 0] WARN  snapshot.OMSnapshotCreateRequest (OMSnapshotCreateRequest.java:estimateBucketDataSize(338)) - DefaultReplicationConfig is not correctly set in OmBucketInfo for volume 'vol-a-56566' bucket 'bucket-a-1-04100'. Falling back to config default 'RATIS/THREE'
2023-12-19 18:18:15,898 [om1-OMStateMachineApplyTransactionThread - 0] INFO  snapshot.OMSnapshotCreateRequest (OMSnapshotCreateRequest.java:validateAndUpdateCache(219)) - Created snapshot: 's20231219-181815.882' with snapshotId: '9eb5783b-29dc-4ff9-a8ec-80f72873582e' under path 'vol-a-56566/bucket-a-1-04100'
2023-12-19 18:18:15,899 [main] INFO  rpc.RpcClient (RpcClient.java:createBucket(683)) - Creating Bucket: vol-b-57134/bucket-a-1-26459, with server-side default bucket layout, runner as owner, Versioning false, Storage Type set to DISK and Encryption set to false, Replication Type set to server-side default replication type, Namespace Quota set to -1, Space Quota set to -1 
2023-12-19 18:18:15,900 [om1-OMStateMachineApplyTransactionThread - 0] INFO  bucket.OMBucketCreateRequest (OMBucketCreateRequest.java:validateAndUpdateCache(295)) - created bucket: bucket-a-1-26459 of layout OBJECT_STORE in volume: vol-b-57134
2023-12-19 18:18:15,901 [om1-OMDoubleBufferFlushThread] INFO  db.RDBCheckpointManager (RDBCheckpointManager.java:createCheckpoint(89)) - Created checkpoint in rocksDB at /home/runner/work/ozone/ozone/hadoop-ozone/integration-test/target/test-dir/MiniOzoneClusterImpl-c3f67427-b36b-4ee4-bde0-91623ce58163/ozone-meta/db.snapshots/checkpointState/om.db-b6c1ec19-6e33-4236-813e-3e7f2dcf2b8b in 41 milliseconds
2023-12-19 18:18:15,913 [om1-OMDoubleBufferFlushThread] INFO  db.RDBCheckpointUtils (RDBCheckpointUtils.java:waitForCheckpointDirectoryExist(60)) - Waited for 11 milliseconds for checkpoint directory /home/runner/work/ozone/ozone/hadoop-ozone/integration-test/target/test-dir/MiniOzoneClusterImpl-c3f67427-b36b-4ee4-bde0-91623ce58163/ozone-meta/db.snapshots/checkpointState/om.db-b6c1ec19-6e33-4236-813e-3e7f2dcf2b8b availability.
2023-12-19 18:18:15,913 [om1-OMStateMachineApplyTransactionThread - 0] WARN  snapshot.OMSnapshotCreateRequest (OMSnapshotCreateRequest.java:estimateBucketDataSize(338)) - DefaultReplicationConfig is not correctly set in OmBucketInfo for volume 'vol-b-57134' bucket 'bucket-a-1-26459'. Falling back to config default 'RATIS/THREE'
2023-12-19 18:18:15,913 [om1-OMStateMachineApplyTransactionThread - 0] INFO  snapshot.OMSnapshotCreateRequest (OMSnapshotCreateRequest.java:validateAndUpdateCache(219)) - Created snapshot: 's20231219-181815.901' with snapshotId: '71179938-315f-49a8-b7b1-4bf9e9152c88' under path 'vol-b-57134/bucket-a-1-26459'
2023-12-19 18:18:15,914 [main] INFO  rpc.RpcClient (RpcClient.java:createBucket(683)) - Creating Bucket: vol-a-56566/bucket-a-2-25604, with server-side default bucket layout, runner as owner, Versioning false, Storage Type set to DISK and Encryption set to false, Replication Type set to server-side default replication type, Namespace Quota set to -1, Space Quota set to -1 
2023-12-19 18:18:15,917 [om1-OMStateMachineApplyTransactionThread - 0] INFO  bucket.OMBucketCreateRequest (OMBucketCreateRequest.java:validateAndUpdateCache(295)) - created bucket: bucket-a-2-25604 of layout OBJECT_STORE in volume: vol-a-56566
2023-12-19 18:18:15,918 [om1-OMDoubleBufferFlushThread] INFO  om.OmSnapshotManager (OmSnapshotManager.java:createOmSnapshotCheckpoint(463)) - Created checkpoint : /home/runner/work/ozone/ozone/hadoop-ozone/integration-test/target/test-dir/MiniOzoneClusterImpl-c3f67427-b36b-4ee4-bde0-91623ce58163/ozone-meta/db.snapshots/checkpointState/om.db-b6c1ec19-6e33-4236-813e-3e7f2dcf2b8b for snapshot s20231219-181815.835
2023-12-19 18:18:15,933 [om1-OMStateMachineApplyTransactionThread - 0] WARN  snapshot.OMSnapshotCreateRequest (OMSnapshotCreateRequest.java:estimateBucketDataSize(338)) - DefaultReplicationConfig is not correctly set in OmBucketInfo for volume 'vol-a-56566' bucket 'bucket-a-2-25604'. Falling back to config default 'RATIS/THREE'
2023-12-19 18:18:15,933 [om1-OMStateMachineApplyTransactionThread - 0] INFO  snapshot.OMSnapshotCreateRequest (OMSnapshotCreateRequest.java:validateAndUpdateCache(219)) - Created snapshot: 's20231219-181815.918' with snapshotId: 'cca93955-751e-4775-a8e1-dc55c94ca894' under path 'vol-a-56566/bucket-a-2-25604'
2023-12-19 18:18:15,934 [main] INFO  rpc.RpcClient (RpcClient.java:createBucket(683)) - Creating Bucket: vol-b-57134/bucket-a-2-27796, with server-side default bucket layout, runner as owner, Versioning false, Storage Type set to DISK and Encryption set to false, Replication Type set to server-side default replication type, Namespace Quota set to -1, Space Quota set to -1 
2023-12-19 18:18:15,936 [om1-OMStateMachineApplyTransactionThread - 0] INFO  bucket.OMBucketCreateRequest (OMBucketCreateRequest.java:validateAndUpdateCache(295)) - created bucket: bucket-a-2-27796 of layout OBJECT_STORE in volume: vol-b-57134
2023-12-19 18:18:15,938 [om1-OMDoubleBufferFlushThread] INFO  db.RDBCheckpointManager (RDBCheckpointManager.java:createCheckpoint(89)) - Created checkpoint in rocksDB at /home/runner/work/ozone/ozone/hadoop-ozone/integration-test/target/test-dir/MiniOzoneClusterImpl-c3f67427-b36b-4ee4-bde0-91623ce58163/ozone-meta/db.snapshots/checkpointState/om.db-44f95a18-ece0-44f6-af8f-a712460dcd61 in 18 milliseconds
2023-12-19 18:18:15,939 [om1-OMDoubleBufferFlushThread] INFO  db.RDBCheckpointUtils (RDBCheckpointUtils.java:waitForCheckpointDirectoryExist(60)) - Waited for 1 milliseconds for checkpoint directory /home/runner/work/ozone/ozone/hadoop-ozone/integration-test/target/test-dir/MiniOzoneClusterImpl-c3f67427-b36b-4ee4-bde0-91623ce58163/ozone-meta/db.snapshots/checkpointState/om.db-44f95a18-ece0-44f6-af8f-a712460dcd61 availability.
2023-12-19 18:18:15,939 [om1-OMDoubleBufferFlushThread] INFO  om.OmSnapshotManager (OmSnapshotManager.java:createOmSnapshotCheckpoint(463)) - Created checkpoint : /home/runner/work/ozone/ozone/hadoop-ozone/integration-test/target/test-dir/MiniOzoneClusterImpl-c3f67427-b36b-4ee4-bde0-91623ce58163/ozone-meta/db.snapshots/checkpointState/om.db-44f95a18-ece0-44f6-af8f-a712460dcd61 for snapshot s20231219-181815.862
2023-12-19 18:18:15,953 [om1-OMStateMachineApplyTransactionThread - 0] WARN  snapshot.OMSnapshotCreateRequest (OMSnapshotCreateRequest.java:estimateBucketDataSize(338)) - DefaultReplicationConfig is not correctly set in OmBucketInfo for volume 'vol-b-57134' bucket 'bucket-a-2-27796'. Falling back to config default 'RATIS/THREE'
2023-12-19 18:18:15,953 [om1-OMStateMachineApplyTransactionThread - 0] INFO  snapshot.OMSnapshotCreateRequest (OMSnapshotCreateRequest.java:validateAndUpdateCache(219)) - Created snapshot: 's20231219-181815.937' with snapshotId: '6227cd9c-4a78-4118-aeda-0861ad00ba29' under path 'vol-b-57134/bucket-a-2-27796'
2023-12-19 18:18:15,954 [main] INFO  rpc.RpcClient (RpcClient.java:createBucket(683)) - Creating Bucket: vol-a-56566/bucket-a-3-74657, with server-side default bucket layout, runner as owner, Versioning false, Storage Type set to DISK and Encryption set to false, Replication Type set to server-side default replication type, Namespace Quota set to -1, Space Quota set to -1 
2023-12-19 18:18:15,959 [om1-OMStateMachineApplyTransactionThread - 0] INFO  bucket.OMBucketCreateRequest (OMBucketCreateRequest.java:validateAndUpdateCache(295)) - created bucket: bucket-a-3-74657 of layout OBJECT_STORE in volume: vol-a-56566
2023-12-19 18:18:15,962 [om1-OMDoubleBufferFlushThread] INFO  db.RDBCheckpointManager (RDBCheckpointManager.java:createCheckpoint(89)) - Created checkpoint in rocksDB at /home/runner/work/ozone/ozone/hadoop-ozone/integration-test/target/test-dir/MiniOzoneClusterImpl-c3f67427-b36b-4ee4-bde0-91623ce58163/ozone-meta/db.snapshots/checkpointState/om.db-9eb5783b-29dc-4ff9-a8ec-80f72873582e in 20 milliseconds
2023-12-19 18:18:15,962 [om1-OMDoubleBufferFlushThread] INFO  db.RDBCheckpointUtils (RDBCheckpointUtils.java:waitForCheckpointDirectoryExist(60)) - Waited for 0 milliseconds for checkpoint directory /home/runner/work/ozone/ozone/hadoop-ozone/integration-test/target/test-dir/MiniOzoneClusterImpl-c3f67427-b36b-4ee4-bde0-91623ce58163/ozone-meta/db.snapshots/checkpointState/om.db-9eb5783b-29dc-4ff9-a8ec-80f72873582e availability.
2023-12-19 18:18:15,963 [om1-OMDoubleBufferFlushThread] INFO  om.OmSnapshotManager (OmSnapshotManager.java:createOmSnapshotCheckpoint(463)) - Created checkpoint : /home/runner/work/ozone/ozone/hadoop-ozone/integration-test/target/test-dir/MiniOzoneClusterImpl-c3f67427-b36b-4ee4-bde0-91623ce58163/ozone-meta/db.snapshots/checkpointState/om.db-9eb5783b-29dc-4ff9-a8ec-80f72873582e for snapshot s20231219-181815.882
2023-12-19 18:18:15,975 [om1-OMStateMachineApplyTransactionThread - 0] WARN  snapshot.OMSnapshotCreateRequest (OMSnapshotCreateRequest.java:estimateBucketDataSize(338)) - DefaultReplicationConfig is not correctly set in OmBucketInfo for volume 'vol-a-56566' bucket 'bucket-a-3-74657'. Falling back to config default 'RATIS/THREE'
2023-12-19 18:18:15,975 [om1-OMStateMachineApplyTransactionThread - 0] INFO  snapshot.OMSnapshotCreateRequest (OMSnapshotCreateRequest.java:validateAndUpdateCache(219)) - Created snapshot: 's20231219-181815.960' with snapshotId: '92657a86-598a-40af-89a8-8a967b79ab9c' under path 'vol-a-56566/bucket-a-3-74657'
2023-12-19 18:18:15,976 [main] INFO  rpc.RpcClient (RpcClient.java:createBucket(683)) - Creating Bucket: vol-b-57134/bucket-a-3-35234, with server-side default bucket layout, runner as owner, Versioning false, Storage Type set to DISK and Encryption set to false, Replication Type set to server-side default replication type, Namespace Quota set to -1, Space Quota set to -1 
2023-12-19 18:18:15,977 [om1-OMStateMachineApplyTransactionThread - 0] INFO  bucket.OMBucketCreateRequest (OMBucketCreateRequest.java:validateAndUpdateCache(295)) - created bucket: bucket-a-3-35234 of layout OBJECT_STORE in volume: vol-b-57134
2023-12-19 18:18:15,980 [om1-OMDoubleBufferFlushThread] INFO  db.RDBCheckpointManager (RDBCheckpointManager.java:createCheckpoint(89)) - Created checkpoint in rocksDB at /home/runner/work/ozone/ozone/hadoop-ozone/integration-test/target/test-dir/MiniOzoneClusterImpl-c3f67427-b36b-4ee4-bde0-91623ce58163/ozone-meta/db.snapshots/checkpointState/om.db-71179938-315f-49a8-b7b1-4bf9e9152c88 in 16 milliseconds
2023-12-19 18:18:15,980 [om1-OMDoubleBufferFlushThread] INFO  db.RDBCheckpointUtils (RDBCheckpointUtils.java:waitForCheckpointDirectoryExist(60)) - Waited for 0 milliseconds for checkpoint directory /home/runner/work/ozone/ozone/hadoop-ozone/integration-test/target/test-dir/MiniOzoneClusterImpl-c3f67427-b36b-4ee4-bde0-91623ce58163/ozone-meta/db.snapshots/checkpointState/om.db-71179938-315f-49a8-b7b1-4bf9e9152c88 availability.
2023-12-19 18:18:15,980 [om1-OMDoubleBufferFlushThread] INFO  om.OmSnapshotManager (OmSnapshotManager.java:createOmSnapshotCheckpoint(463)) - Created checkpoint : /home/runner/work/ozone/ozone/hadoop-ozone/integration-test/target/test-dir/MiniOzoneClusterImpl-c3f67427-b36b-4ee4-bde0-91623ce58163/ozone-meta/db.snapshots/checkpointState/om.db-71179938-315f-49a8-b7b1-4bf9e9152c88 for snapshot s20231219-181815.901
2023-12-19 18:18:15,992 [om1-OMStateMachineApplyTransactionThread - 0] WARN  snapshot.OMSnapshotCreateRequest (OMSnapshotCreateRequest.java:estimateBucketDataSize(338)) - DefaultReplicationConfig is not correctly set in OmBucketInfo for volume 'vol-b-57134' bucket 'bucket-a-3-35234'. Falling back to config default 'RATIS/THREE'
2023-12-19 18:18:15,992 [om1-OMStateMachineApplyTransactionThread - 0] INFO  snapshot.OMSnapshotCreateRequest (OMSnapshotCreateRequest.java:validateAndUpdateCache(219)) - Created snapshot: 's20231219-181815.978' with snapshotId: '2d11a9aa-faa1-4e08-aaa8-ffa7bcfa3003' under path 'vol-b-57134/bucket-a-3-35234'
2023-12-19 18:18:15,993 [main] INFO  rpc.RpcClient (RpcClient.java:createBucket(683)) - Creating Bucket: vol-a-56566/bucket-a-4-25267, with server-side default bucket layout, runner as owner, Versioning false, Storage Type set to DISK and Encryption set to false, Replication Type set to server-side default replication type, Namespace Quota set to -1, Space Quota set to -1 
2023-12-19 18:18:15,994 [om1-OMStateMachineApplyTransactionThread - 0] INFO  bucket.OMBucketCreateRequest (OMBucketCreateRequest.java:validateAndUpdateCache(295)) - created bucket: bucket-a-4-25267 of layout OBJECT_STORE in volume: vol-a-56566
2023-12-19 18:18:15,997 [om1-OMDoubleBufferFlushThread] INFO  db.RDBCheckpointManager (RDBCheckpointManager.java:createCheckpoint(89)) - Created checkpoint in rocksDB at /home/runner/work/ozone/ozone/hadoop-ozone/integration-test/target/test-dir/MiniOzoneClusterImpl-c3f67427-b36b-4ee4-bde0-91623ce58163/ozone-meta/db.snapshots/checkpointState/om.db-cca93955-751e-4775-a8e1-dc55c94ca894 in 15 milliseconds
2023-12-19 18:18:15,998 [om1-OMDoubleBufferFlushThread] INFO  db.RDBCheckpointUtils (RDBCheckpointUtils.java:waitForCheckpointDirectoryExist(60)) - Waited for 1 milliseconds for checkpoint directory /home/runner/work/ozone/ozone/hadoop-ozone/integration-test/target/test-dir/MiniOzoneClusterImpl-c3f67427-b36b-4ee4-bde0-91623ce58163/ozone-meta/db.snapshots/checkpointState/om.db-cca93955-751e-4775-a8e1-dc55c94ca894 availability.
2023-12-19 18:18:15,998 [om1-OMDoubleBufferFlushThread] INFO  om.OmSnapshotManager (OmSnapshotManager.java:createOmSnapshotCheckpoint(463)) - Created checkpoint : /home/runner/work/ozone/ozone/hadoop-ozone/integration-test/target/test-dir/MiniOzoneClusterImpl-c3f67427-b36b-4ee4-bde0-91623ce58163/ozone-meta/db.snapshots/checkpointState/om.db-cca93955-751e-4775-a8e1-dc55c94ca894 for snapshot s20231219-181815.918
2023-12-19 18:18:16,008 [om1-OMStateMachineApplyTransactionThread - 0] WARN  snapshot.OMSnapshotCreateRequest (OMSnapshotCreateRequest.java:estimateBucketDataSize(338)) - DefaultReplicationConfig is not correctly set in OmBucketInfo for volume 'vol-a-56566' bucket 'bucket-a-4-25267'. Falling back to config default 'RATIS/THREE'
2023-12-19 18:18:16,008 [om1-OMStateMachineApplyTransactionThread - 0] INFO  snapshot.OMSnapshotCreateRequest (OMSnapshotCreateRequest.java:validateAndUpdateCache(219)) - Created snapshot: 's20231219-181815.995' with snapshotId: 'a800bd2b-5115-4904-977b-34a2d38b55ce' under path 'vol-a-56566/bucket-a-4-25267'
2023-12-19 18:18:16,009 [main] INFO  rpc.RpcClient (RpcClient.java:createBucket(683)) - Creating Bucket: vol-b-57134/bucket-a-4-74351, with server-side default bucket layout, runner as owner, Versioning false, Storage Type set to DISK and Encryption set to false, Replication Type set to server-side default replication type, Namespace Quota set to -1, Space Quota set to -1 
2023-12-19 18:18:16,010 [om1-OMStateMachineApplyTransactionThread - 0] INFO  bucket.OMBucketCreateRequest (OMBucketCreateRequest.java:validateAndUpdateCache(295)) - created bucket: bucket-a-4-74351 of layout OBJECT_STORE in volume: vol-b-57134
2023-12-19 18:18:16,015 [om1-OMDoubleBufferFlushThread] INFO  db.RDBCheckpointManager (RDBCheckpointManager.java:createCheckpoint(89)) - Created checkpoint in rocksDB at /home/runner/work/ozone/ozone/hadoop-ozone/integration-test/target/test-dir/MiniOzoneClusterImpl-c3f67427-b36b-4ee4-bde0-91623ce58163/ozone-meta/db.snapshots/checkpointState/om.db-6227cd9c-4a78-4118-aeda-0861ad00ba29 in 15 milliseconds
2023-12-19 18:18:16,015 [om1-OMDoubleBufferFlushThread] INFO  db.RDBCheckpointUtils (RDBCheckpointUtils.java:waitForCheckpointDirectoryExist(60)) - Waited for 0 milliseconds for checkpoint directory /home/runner/work/ozone/ozone/hadoop-ozone/integration-test/target/test-dir/MiniOzoneClusterImpl-c3f67427-b36b-4ee4-bde0-91623ce58163/ozone-meta/db.snapshots/checkpointState/om.db-6227cd9c-4a78-4118-aeda-0861ad00ba29 availability.
2023-12-19 18:18:16,015 [om1-OMDoubleBufferFlushThread] INFO  om.OmSnapshotManager (OmSnapshotManager.java:createOmSnapshotCheckpoint(463)) - Created checkpoint : /home/runner/work/ozone/ozone/hadoop-ozone/integration-test/target/test-dir/MiniOzoneClusterImpl-c3f67427-b36b-4ee4-bde0-91623ce58163/ozone-meta/db.snapshots/checkpointState/om.db-6227cd9c-4a78-4118-aeda-0861ad00ba29 for snapshot s20231219-181815.937
2023-12-19 18:18:16,026 [om1-OMStateMachineApplyTransactionThread - 0] WARN  snapshot.OMSnapshotCreateRequest (OMSnapshotCreateRequest.java:estimateBucketDataSize(338)) - DefaultReplicationConfig is not correctly set in OmBucketInfo for volume 'vol-b-57134' bucket 'bucket-a-4-74351'. Falling back to config default 'RATIS/THREE'
2023-12-19 18:18:16,026 [om1-OMStateMachineApplyTransactionThread - 0] INFO  snapshot.OMSnapshotCreateRequest (OMSnapshotCreateRequest.java:validateAndUpdateCache(219)) - Created snapshot: 's20231219-181816.011' with snapshotId: 'c674421d-0895-4c30-a804-40b172c4df4e' under path 'vol-b-57134/bucket-a-4-74351'
2023-12-19 18:18:16,027 [main] INFO  rpc.RpcClient (RpcClient.java:createBucket(683)) - Creating Bucket: vol-a-56566/bucket-a-5-85084, with server-side default bucket layout, runner as owner, Versioning false, Storage Type set to DISK and Encryption set to false, Replication Type set to server-side default replication type, Namespace Quota set to -1, Space Quota set to -1 
2023-12-19 18:18:16,028 [om1-OMStateMachineApplyTransactionThread - 0] INFO  bucket.OMBucketCreateRequest (OMBucketCreateRequest.java:validateAndUpdateCache(295)) - created bucket: bucket-a-5-85084 of layout OBJECT_STORE in volume: vol-a-56566
2023-12-19 18:18:16,033 [om1-OMDoubleBufferFlushThread] INFO  db.RDBCheckpointManager (RDBCheckpointManager.java:createCheckpoint(89)) - Created checkpoint in rocksDB at /home/runner/work/ozone/ozone/hadoop-ozone/integration-test/target/test-dir/MiniOzoneClusterImpl-c3f67427-b36b-4ee4-bde0-91623ce58163/ozone-meta/db.snapshots/checkpointState/om.db-92657a86-598a-40af-89a8-8a967b79ab9c in 16 milliseconds
2023-12-19 18:18:16,033 [om1-OMDoubleBufferFlushThread] INFO  db.RDBCheckpointUtils (RDBCheckpointUtils.java:waitForCheckpointDirectoryExist(60)) - Waited for 0 milliseconds for checkpoint directory /home/runner/work/ozone/ozone/hadoop-ozone/integration-test/target/test-dir/MiniOzoneClusterImpl-c3f67427-b36b-4ee4-bde0-91623ce58163/ozone-meta/db.snapshots/checkpointState/om.db-92657a86-598a-40af-89a8-8a967b79ab9c availability.
2023-12-19 18:18:16,034 [om1-OMDoubleBufferFlushThread] INFO  om.OmSnapshotManager (OmSnapshotManager.java:createOmSnapshotCheckpoint(463)) - Created checkpoint : /home/runner/work/ozone/ozone/hadoop-ozone/integration-test/target/test-dir/MiniOzoneClusterImpl-c3f67427-b36b-4ee4-bde0-91623ce58163/ozone-meta/db.snapshots/checkpointState/om.db-92657a86-598a-40af-89a8-8a967b79ab9c for snapshot s20231219-181815.960
2023-12-19 18:18:16,044 [om1-OMStateMachineApplyTransactionThread - 0] WARN  snapshot.OMSnapshotCreateRequest (OMSnapshotCreateRequest.java:estimateBucketDataSize(338)) - DefaultReplicationConfig is not correctly set in OmBucketInfo for volume 'vol-a-56566' bucket 'bucket-a-5-85084'. Falling back to config default 'RATIS/THREE'
2023-12-19 18:18:16,044 [om1-OMStateMachineApplyTransactionThread - 0] INFO  snapshot.OMSnapshotCreateRequest (OMSnapshotCreateRequest.java:validateAndUpdateCache(219)) - Created snapshot: 's20231219-181816.029' with snapshotId: '5193abbf-f121-442c-8b56-551d78e023e3' under path 'vol-a-56566/bucket-a-5-85084'
2023-12-19 18:18:16,045 [main] INFO  rpc.RpcClient (RpcClient.java:createBucket(683)) - Creating Bucket: vol-b-57134/bucket-a-5-49381, with server-side default bucket layout, runner as owner, Versioning false, Storage Type set to DISK and Encryption set to false, Replication Type set to server-side default replication type, Namespace Quota set to -1, Space Quota set to -1 
2023-12-19 18:18:16,046 [om1-OMStateMachineApplyTransactionThread - 0] INFO  bucket.OMBucketCreateRequest (OMBucketCreateRequest.java:validateAndUpdateCache(295)) - created bucket: bucket-a-5-49381 of layout OBJECT_STORE in volume: vol-b-57134
2023-12-19 18:18:16,056 [om1-OMDoubleBufferFlushThread] INFO  db.RDBCheckpointManager (RDBCheckpointManager.java:createCheckpoint(89)) - Created checkpoint in rocksDB at /home/runner/work/ozone/ozone/hadoop-ozone/integration-test/target/test-dir/MiniOzoneClusterImpl-c3f67427-b36b-4ee4-bde0-91623ce58163/ozone-meta/db.snapshots/checkpointState/om.db-2d11a9aa-faa1-4e08-aaa8-ffa7bcfa3003 in 20 milliseconds
2023-12-19 18:18:16,058 [om1-OMDoubleBufferFlushThread] INFO  db.RDBCheckpointUtils (RDBCheckpointUtils.java:waitForCheckpointDirectoryExist(60)) - Waited for 2 milliseconds for checkpoint directory /home/runner/work/ozone/ozone/hadoop-ozone/integration-test/target/test-dir/MiniOzoneClusterImpl-c3f67427-b36b-4ee4-bde0-91623ce58163/ozone-meta/db.snapshots/checkpointState/om.db-2d11a9aa-faa1-4e08-aaa8-ffa7bcfa3003 availability.
2023-12-19 18:18:16,058 [om1-OMDoubleBufferFlushThread] INFO  om.OmSnapshotManager (OmSnapshotManager.java:createOmSnapshotCheckpoint(463)) - Created checkpoint : /home/runner/work/ozone/ozone/hadoop-ozone/integration-test/target/test-dir/MiniOzoneClusterImpl-c3f67427-b36b-4ee4-bde0-91623ce58163/ozone-meta/db.snapshots/checkpointState/om.db-2d11a9aa-faa1-4e08-aaa8-ffa7bcfa3003 for snapshot s20231219-181815.978
2023-12-19 18:18:16,063 [om1-OMStateMachineApplyTransactionThread - 0] WARN  snapshot.OMSnapshotCreateRequest (OMSnapshotCreateRequest.java:estimateBucketDataSize(338)) - DefaultReplicationConfig is not correctly set in OmBucketInfo for volume 'vol-b-57134' bucket 'bucket-a-5-49381'. Falling back to config default 'RATIS/THREE'
2023-12-19 18:18:16,063 [om1-OMStateMachineApplyTransactionThread - 0] INFO  snapshot.OMSnapshotCreateRequest (OMSnapshotCreateRequest.java:validateAndUpdateCache(219)) - Created snapshot: 's20231219-181816.047' with snapshotId: '1147e315-45de-4c9b-b0cc-9a936c16dfd4' under path 'vol-b-57134/bucket-a-5-49381'
2023-12-19 18:18:16,064 [main] INFO  rpc.RpcClient (RpcClient.java:createBucket(683)) - Creating Bucket: vol-a-56566/bucket-a-6-36683, with server-side default bucket layout, runner as owner, Versioning false, Storage Type set to DISK and Encryption set to false, Replication Type set to server-side default replication type, Namespace Quota set to -1, Space Quota set to -1 
2023-12-19 18:18:16,066 [om1-OMStateMachineApplyTransactionThread - 0] INFO  bucket.OMBucketCreateRequest (OMBucketCreateRequest.java:validateAndUpdateCache(295)) - created bucket: bucket-a-6-36683 of layout OBJECT_STORE in volume: vol-a-56566
2023-12-19 18:18:16,077 [om1-OMDoubleBufferFlushThread] INFO  db.RDBCheckpointManager (RDBCheckpointManager.java:createCheckpoint(89)) - Created checkpoint in rocksDB at /home/runner/work/ozone/ozone/hadoop-ozone/integration-test/target/test-dir/MiniOzoneClusterImpl-c3f67427-b36b-4ee4-bde0-91623ce58163/ozone-meta/db.snapshots/checkpointState/om.db-a800bd2b-5115-4904-977b-34a2d38b55ce in 17 milliseconds
2023-12-19 18:18:16,078 [om1-OMDoubleBufferFlushThread] INFO  db.RDBCheckpointUtils (RDBCheckpointUtils.java:waitForCheckpointDirectoryExist(60)) - Waited for 1 milliseconds for checkpoint directory /home/runner/work/ozone/ozone/hadoop-ozone/integration-test/target/test-dir/MiniOzoneClusterImpl-c3f67427-b36b-4ee4-bde0-91623ce58163/ozone-meta/db.snapshots/checkpointState/om.db-a800bd2b-5115-4904-977b-34a2d38b55ce availability.
2023-12-19 18:18:16,078 [om1-OMDoubleBufferFlushThread] INFO  om.OmSnapshotManager (OmSnapshotManager.java:createOmSnapshotCheckpoint(463)) - Created checkpoint : /home/runner/work/ozone/ozone/hadoop-ozone/integration-test/target/test-dir/MiniOzoneClusterImpl-c3f67427-b36b-4ee4-bde0-91623ce58163/ozone-meta/db.snapshots/checkpointState/om.db-a800bd2b-5115-4904-977b-34a2d38b55ce for snapshot s20231219-181815.995
2023-12-19 18:18:16,082 [om1-OMStateMachineApplyTransactionThread - 0] WARN  snapshot.OMSnapshotCreateRequest (OMSnapshotCreateRequest.java:estimateBucketDataSize(338)) - DefaultReplicationConfig is not correctly set in OmBucketInfo for volume 'vol-a-56566' bucket 'bucket-a-6-36683'. Falling back to config default 'RATIS/THREE'
2023-12-19 18:18:16,082 [om1-OMStateMachineApplyTransactionThread - 0] INFO  snapshot.OMSnapshotCreateRequest (OMSnapshotCreateRequest.java:validateAndUpdateCache(219)) - Created snapshot: 's20231219-181816.067' with snapshotId: '7b4fe5cb-5f33-4611-8522-941d52cb2601' under path 'vol-a-56566/bucket-a-6-36683'
2023-12-19 18:18:16,083 [main] INFO  rpc.RpcClient (RpcClient.java:createBucket(683)) - Creating Bucket: vol-b-57134/bucket-a-6-57761, with server-side default bucket layout, runner as owner, Versioning false, Storage Type set to DISK and Encryption set to false, Replication Type set to server-side default replication type, Namespace Quota set to -1, Space Quota set to -1 
2023-12-19 18:18:16,086 [om1-OMStateMachineApplyTransactionThread - 0] INFO  bucket.OMBucketCreateRequest (OMBucketCreateRequest.java:validateAndUpdateCache(295)) - created bucket: bucket-a-6-57761 of layout OBJECT_STORE in volume: vol-b-57134
2023-12-19 18:18:16,097 [om1-OMDoubleBufferFlushThread] INFO  db.RDBCheckpointManager (RDBCheckpointManager.java:createCheckpoint(89)) - Created checkpoint in rocksDB at /home/runner/work/ozone/ozone/hadoop-ozone/integration-test/target/test-dir/MiniOzoneClusterImpl-c3f67427-b36b-4ee4-bde0-91623ce58163/ozone-meta/db.snapshots/checkpointState/om.db-c674421d-0895-4c30-a804-40b172c4df4e in 17 milliseconds
2023-12-19 18:18:16,097 [om1-OMDoubleBufferFlushThread] INFO  db.RDBCheckpointUtils (RDBCheckpointUtils.java:waitForCheckpointDirectoryExist(60)) - Waited for 0 milliseconds for checkpoint directory /home/runner/work/ozone/ozone/hadoop-ozone/integration-test/target/test-dir/MiniOzoneClusterImpl-c3f67427-b36b-4ee4-bde0-91623ce58163/ozone-meta/db.snapshots/checkpointState/om.db-c674421d-0895-4c30-a804-40b172c4df4e availability.
2023-12-19 18:18:16,097 [om1-OMDoubleBufferFlushThread] INFO  om.OmSnapshotManager (OmSnapshotManager.java:createOmSnapshotCheckpoint(463)) - Created checkpoint : /home/runner/work/ozone/ozone/hadoop-ozone/integration-test/target/test-dir/MiniOzoneClusterImpl-c3f67427-b36b-4ee4-bde0-91623ce58163/ozone-meta/db.snapshots/checkpointState/om.db-c674421d-0895-4c30-a804-40b172c4df4e for snapshot s20231219-181816.011
2023-12-19 18:18:16,100 [om1-OMStateMachineApplyTransactionThread - 0] WARN  snapshot.OMSnapshotCreateRequest (OMSnapshotCreateRequest.java:estimateBucketDataSize(338)) - DefaultReplicationConfig is not correctly set in OmBucketInfo for volume 'vol-b-57134' bucket 'bucket-a-6-57761'. Falling back to config default 'RATIS/THREE'
2023-12-19 18:18:16,100 [om1-OMStateMachineApplyTransactionThread - 0] INFO  snapshot.OMSnapshotCreateRequest (OMSnapshotCreateRequest.java:validateAndUpdateCache(219)) - Created snapshot: 's20231219-181816.087' with snapshotId: 'f8777f26-852b-4cc5-8ba2-85a170db6d49' under path 'vol-b-57134/bucket-a-6-57761'
2023-12-19 18:18:16,100 [main] INFO  rpc.RpcClient (RpcClient.java:createBucket(683)) - Creating Bucket: vol-a-56566/bucket-a-7-25979, with server-side default bucket layout, runner as owner, Versioning false, Storage Type set to DISK and Encryption set to false, Replication Type set to server-side default replication type, Namespace Quota set to -1, Space Quota set to -1 
2023-12-19 18:18:16,102 [om1-OMStateMachineApplyTransactionThread - 0] INFO  bucket.OMBucketCreateRequest (OMBucketCreateRequest.java:validateAndUpdateCache(295)) - created bucket: bucket-a-7-25979 of layout OBJECT_STORE in volume: vol-a-56566
2023-12-19 18:18:16,115 [om1-OMDoubleBufferFlushThread] INFO  db.RDBCheckpointManager (RDBCheckpointManager.java:createCheckpoint(89)) - Created checkpoint in rocksDB at /home/runner/work/ozone/ozone/hadoop-ozone/integration-test/target/test-dir/MiniOzoneClusterImpl-c3f67427-b36b-4ee4-bde0-91623ce58163/ozone-meta/db.snapshots/checkpointState/om.db-5193abbf-f121-442c-8b56-551d78e023e3 in 15 milliseconds
2023-12-19 18:18:16,116 [om1-OMDoubleBufferFlushThread] INFO  db.RDBCheckpointUtils (RDBCheckpointUtils.java:waitForCheckpointDirectoryExist(60)) - Waited for 1 milliseconds for checkpoint directory /home/runner/work/ozone/ozone/hadoop-ozone/integration-test/target/test-dir/MiniOzoneClusterImpl-c3f67427-b36b-4ee4-bde0-91623ce58163/ozone-meta/db.snapshots/checkpointState/om.db-5193abbf-f121-442c-8b56-551d78e023e3 availability.
2023-12-19 18:18:16,116 [om1-OMDoubleBufferFlushThread] INFO  om.OmSnapshotManager (OmSnapshotManager.java:createOmSnapshotCheckpoint(463)) - Created checkpoint : /home/runner/work/ozone/ozone/hadoop-ozone/integration-test/target/test-dir/MiniOzoneClusterImpl-c3f67427-b36b-4ee4-bde0-91623ce58163/ozone-meta/db.snapshots/checkpointState/om.db-5193abbf-f121-442c-8b56-551d78e023e3 for snapshot s20231219-181816.029
2023-12-19 18:18:16,116 [om1-OMStateMachineApplyTransactionThread - 0] WARN  snapshot.OMSnapshotCreateRequest (OMSnapshotCreateRequest.java:estimateBucketDataSize(338)) - DefaultReplicationConfig is not correctly set in OmBucketInfo for volume 'vol-a-56566' bucket 'bucket-a-7-25979'. Falling back to config default 'RATIS/THREE'
2023-12-19 18:18:16,116 [om1-OMStateMachineApplyTransactionThread - 0] INFO  snapshot.OMSnapshotCreateRequest (OMSnapshotCreateRequest.java:validateAndUpdateCache(219)) - Created snapshot: 's20231219-181816.103' with snapshotId: '540e5c78-64eb-45e3-847f-622313898151' under path 'vol-a-56566/bucket-a-7-25979'
2023-12-19 18:18:16,117 [main] INFO  rpc.RpcClient (RpcClient.java:createBucket(683)) - Creating Bucket: vol-b-57134/bucket-a-7-99970, with server-side default bucket layout, runner as owner, Versioning false, Storage Type set to DISK and Encryption set to false, Replication Type set to server-side default replication type, Namespace Quota set to -1, Space Quota set to -1 
2023-12-19 18:18:16,118 [om1-OMStateMachineApplyTransactionThread - 0] INFO  bucket.OMBucketCreateRequest (OMBucketCreateRequest.java:validateAndUpdateCache(295)) - created bucket: bucket-a-7-99970 of layout OBJECT_STORE in volume: vol-b-57134
2023-12-19 18:18:16,134 [om1-OMStateMachineApplyTransactionThread - 0] WARN  snapshot.OMSnapshotCreateRequest (OMSnapshotCreateRequest.java:estimateBucketDataSize(338)) - DefaultReplicationConfig is not correctly set in OmBucketInfo for volume 'vol-b-57134' bucket 'bucket-a-7-99970'. Falling back to config default 'RATIS/THREE'
2023-12-19 18:18:16,134 [om1-OMStateMachineApplyTransactionThread - 0] INFO  snapshot.OMSnapshotCreateRequest (OMSnapshotCreateRequest.java:validateAndUpdateCache(219)) - Created snapshot: 's20231219-181816.120' with snapshotId: 'a8e89511-d097-416d-80eb-0dbeda7a0016' under path 'vol-b-57134/bucket-a-7-99970'
2023-12-19 18:18:16,134 [main] INFO  rpc.RpcClient (RpcClient.java:createBucket(683)) - Creating Bucket: vol-a-56566/bucket-a-8-46849, with server-side default bucket layout, runner as owner, Versioning false, Storage Type set to DISK and Encryption set to false, Replication Type set to server-side default replication type, Namespace Quota set to -1, Space Quota set to -1 
2023-12-19 18:18:16,136 [om1-OMStateMachineApplyTransactionThread - 0] INFO  bucket.OMBucketCreateRequest (OMBucketCreateRequest.java:validateAndUpdateCache(295)) - created bucket: bucket-a-8-46849 of layout OBJECT_STORE in volume: vol-a-56566
2023-12-19 18:18:16,149 [om1-OMDoubleBufferFlushThread] INFO  db.RDBCheckpointManager (RDBCheckpointManager.java:createCheckpoint(89)) - Created checkpoint in rocksDB at /home/runner/work/ozone/ozone/hadoop-ozone/integration-test/target/test-dir/MiniOzoneClusterImpl-c3f67427-b36b-4ee4-bde0-91623ce58163/ozone-meta/db.snapshots/checkpointState/om.db-1147e315-45de-4c9b-b0cc-9a936c16dfd4 in 31 milliseconds
2023-12-19 18:18:16,149 [om1-OMDoubleBufferFlushThread] INFO  db.RDBCheckpointUtils (RDBCheckpointUtils.java:waitForCheckpointDirectoryExist(60)) - Waited for 0 milliseconds for checkpoint directory /home/runner/work/ozone/ozone/hadoop-ozone/integration-test/target/test-dir/MiniOzoneClusterImpl-c3f67427-b36b-4ee4-bde0-91623ce58163/ozone-meta/db.snapshots/checkpointState/om.db-1147e315-45de-4c9b-b0cc-9a936c16dfd4 availability.
2023-12-19 18:18:16,150 [om1-OMDoubleBufferFlushThread] INFO  om.OmSnapshotManager (OmSnapshotManager.java:createOmSnapshotCheckpoint(463)) - Created checkpoint : /home/runner/work/ozone/ozone/hadoop-ozone/integration-test/target/test-dir/MiniOzoneClusterImpl-c3f67427-b36b-4ee4-bde0-91623ce58163/ozone-meta/db.snapshots/checkpointState/om.db-1147e315-45de-4c9b-b0cc-9a936c16dfd4 for snapshot s20231219-181816.047
2023-12-19 18:18:16,151 [om1-OMStateMachineApplyTransactionThread - 0] WARN  snapshot.OMSnapshotCreateRequest (OMSnapshotCreateRequest.java:estimateBucketDataSize(338)) - DefaultReplicationConfig is not correctly set in OmBucketInfo for volume 'vol-a-56566' bucket 'bucket-a-8-46849'. Falling back to config default 'RATIS/THREE'
2023-12-19 18:18:16,152 [om1-OMStateMachineApplyTransactionThread - 0] INFO  snapshot.OMSnapshotCreateRequest (OMSnapshotCreateRequest.java:validateAndUpdateCache(219)) - Created snapshot: 's20231219-181816.137' with snapshotId: '699e176d-39c9-405f-856f-553e77363d8a' under path 'vol-a-56566/bucket-a-8-46849'
2023-12-19 18:18:16,152 [main] INFO  rpc.RpcClient (RpcClient.java:createBucket(683)) - Creating Bucket: vol-b-57134/bucket-a-8-04392, with server-side default bucket layout, runner as owner, Versioning false, Storage Type set to DISK and Encryption set to false, Replication Type set to server-side default replication type, Namespace Quota set to -1, Space Quota set to -1 
2023-12-19 18:18:16,154 [om1-OMStateMachineApplyTransactionThread - 0] INFO  bucket.OMBucketCreateRequest (OMBucketCreateRequest.java:validateAndUpdateCache(295)) - created bucket: bucket-a-8-04392 of layout OBJECT_STORE in volume: vol-b-57134
2023-12-19 18:18:16,167 [om1-OMDoubleBufferFlushThread] INFO  db.RDBCheckpointManager (RDBCheckpointManager.java:createCheckpoint(89)) - Created checkpoint in rocksDB at /home/runner/work/ozone/ozone/hadoop-ozone/integration-test/target/test-dir/MiniOzoneClusterImpl-c3f67427-b36b-4ee4-bde0-91623ce58163/ozone-meta/db.snapshots/checkpointState/om.db-7b4fe5cb-5f33-4611-8522-941d52cb2601 in 15 milliseconds
2023-12-19 18:18:16,168 [om1-OMDoubleBufferFlushThread] INFO  db.RDBCheckpointUtils (RDBCheckpointUtils.java:waitForCheckpointDirectoryExist(60)) - Waited for 1 milliseconds for checkpoint directory /home/runner/work/ozone/ozone/hadoop-ozone/integration-test/target/test-dir/MiniOzoneClusterImpl-c3f67427-b36b-4ee4-bde0-91623ce58163/ozone-meta/db.snapshots/checkpointState/om.db-7b4fe5cb-5f33-4611-8522-941d52cb2601 availability.
2023-12-19 18:18:16,168 [om1-OMDoubleBufferFlushThread] INFO  om.OmSnapshotManager (OmSnapshotManager.java:createOmSnapshotCheckpoint(463)) - Created checkpoint : /home/runner/work/ozone/ozone/hadoop-ozone/integration-test/target/test-dir/MiniOzoneClusterImpl-c3f67427-b36b-4ee4-bde0-91623ce58163/ozone-meta/db.snapshots/checkpointState/om.db-7b4fe5cb-5f33-4611-8522-941d52cb2601 for snapshot s20231219-181816.067
2023-12-19 18:18:16,168 [om1-OMStateMachineApplyTransactionThread - 0] WARN  snapshot.OMSnapshotCreateRequest (OMSnapshotCreateRequest.java:estimateBucketDataSize(338)) - DefaultReplicationConfig is not correctly set in OmBucketInfo for volume 'vol-b-57134' bucket 'bucket-a-8-04392'. Falling back to config default 'RATIS/THREE'
2023-12-19 18:18:16,169 [om1-OMStateMachineApplyTransactionThread - 0] INFO  snapshot.OMSnapshotCreateRequest (OMSnapshotCreateRequest.java:validateAndUpdateCache(219)) - Created snapshot: 's20231219-181816.155' with snapshotId: '87b2100b-5a45-485c-b880-e208a155e60e' under path 'vol-b-57134/bucket-a-8-04392'
2023-12-19 18:18:16,169 [main] INFO  rpc.RpcClient (RpcClient.java:createBucket(683)) - Creating Bucket: vol-a-56566/bucket-a-9-53907, with server-side default bucket layout, runner as owner, Versioning false, Storage Type set to DISK and Encryption set to false, Replication Type set to server-side default replication type, Namespace Quota set to -1, Space Quota set to -1 
2023-12-19 18:18:16,170 [om1-OMStateMachineApplyTransactionThread - 0] INFO  bucket.OMBucketCreateRequest (OMBucketCreateRequest.java:validateAndUpdateCache(295)) - created bucket: bucket-a-9-53907 of layout OBJECT_STORE in volume: vol-a-56566
2023-12-19 18:18:16,186 [om1-OMStateMachineApplyTransactionThread - 0] WARN  snapshot.OMSnapshotCreateRequest (OMSnapshotCreateRequest.java:estimateBucketDataSize(338)) - DefaultReplicationConfig is not correctly set in OmBucketInfo for volume 'vol-a-56566' bucket 'bucket-a-9-53907'. Falling back to config default 'RATIS/THREE'
2023-12-19 18:18:16,186 [om1-OMStateMachineApplyTransactionThread - 0] INFO  snapshot.OMSnapshotCreateRequest (OMSnapshotCreateRequest.java:validateAndUpdateCache(219)) - Created snapshot: 's20231219-181816.171' with snapshotId: 'e12d361d-f499-4609-8387-46f18f79ce4a' under path 'vol-a-56566/bucket-a-9-53907'
2023-12-19 18:18:16,187 [main] INFO  rpc.RpcClient (RpcClient.java:createBucket(683)) - Creating Bucket: vol-b-57134/bucket-a-9-34914, with server-side default bucket layout, runner as owner, Versioning false, Storage Type set to DISK and Encryption set to false, Replication Type set to server-side default replication type, Namespace Quota set to -1, Space Quota set to -1 
2023-12-19 18:18:16,188 [om1-OMStateMachineApplyTransactionThread - 0] INFO  bucket.OMBucketCreateRequest (OMBucketCreateRequest.java:validateAndUpdateCache(295)) - created bucket: bucket-a-9-34914 of layout OBJECT_STORE in volume: vol-b-57134
2023-12-19 18:18:16,189 [om1-OMDoubleBufferFlushThread] INFO  db.RDBCheckpointManager (RDBCheckpointManager.java:createCheckpoint(89)) - Created checkpoint in rocksDB at /home/runner/work/ozone/ozone/hadoop-ozone/integration-test/target/test-dir/MiniOzoneClusterImpl-c3f67427-b36b-4ee4-bde0-91623ce58163/ozone-meta/db.snapshots/checkpointState/om.db-f8777f26-852b-4cc5-8ba2-85a170db6d49 in 19 milliseconds
2023-12-19 18:18:16,189 [om1-OMDoubleBufferFlushThread] INFO  db.RDBCheckpointUtils (RDBCheckpointUtils.java:waitForCheckpointDirectoryExist(60)) - Waited for 0 milliseconds for checkpoint directory /home/runner/work/ozone/ozone/hadoop-ozone/integration-test/target/test-dir/MiniOzoneClusterImpl-c3f67427-b36b-4ee4-bde0-91623ce58163/ozone-meta/db.snapshots/checkpointState/om.db-f8777f26-852b-4cc5-8ba2-85a170db6d49 availability.
2023-12-19 18:18:16,190 [om1-OMDoubleBufferFlushThread] INFO  om.OmSnapshotManager (OmSnapshotManager.java:createOmSnapshotCheckpoint(463)) - Created checkpoint : /home/runner/work/ozone/ozone/hadoop-ozone/integration-test/target/test-dir/MiniOzoneClusterImpl-c3f67427-b36b-4ee4-bde0-91623ce58163/ozone-meta/db.snapshots/checkpointState/om.db-f8777f26-852b-4cc5-8ba2-85a170db6d49 for snapshot s20231219-181816.087
2023-12-19 18:18:16,204 [om1-OMStateMachineApplyTransactionThread - 0] WARN  snapshot.OMSnapshotCreateRequest (OMSnapshotCreateRequest.java:estimateBucketDataSize(338)) - DefaultReplicationConfig is not correctly set in OmBucketInfo for volume 'vol-b-57134' bucket 'bucket-a-9-34914'. Falling back to config default 'RATIS/THREE'
2023-12-19 18:18:16,204 [om1-OMStateMachineApplyTransactionThread - 0] INFO  snapshot.OMSnapshotCreateRequest (OMSnapshotCreateRequest.java:validateAndUpdateCache(219)) - Created snapshot: 's20231219-181816.189' with snapshotId: 'd19b496c-678d-44a0-8936-48174de4931e' under path 'vol-b-57134/bucket-a-9-34914'
2023-12-19 18:18:16,205 [main] INFO  rpc.RpcClient (RpcClient.java:createBucket(683)) - Creating Bucket: vol-a-56566/bucket-b-0-44899, with server-side default bucket layout, runner as owner, Versioning false, Storage Type set to DISK and Encryption set to false, Replication Type set to server-side default replication type, Namespace Quota set to -1, Space Quota set to -1 
2023-12-19 18:18:16,206 [om1-OMStateMachineApplyTransactionThread - 0] INFO  bucket.OMBucketCreateRequest (OMBucketCreateRequest.java:validateAndUpdateCache(295)) - created bucket: bucket-b-0-44899 of layout OBJECT_STORE in volume: vol-a-56566
2023-12-19 18:18:16,207 [om1-OMDoubleBufferFlushThread] INFO  db.RDBCheckpointManager (RDBCheckpointManager.java:createCheckpoint(89)) - Created checkpoint in rocksDB at /home/runner/work/ozone/ozone/hadoop-ozone/integration-test/target/test-dir/MiniOzoneClusterImpl-c3f67427-b36b-4ee4-bde0-91623ce58163/ozone-meta/db.snapshots/checkpointState/om.db-540e5c78-64eb-45e3-847f-622313898151 in 15 milliseconds
2023-12-19 18:18:16,207 [om1-OMDoubleBufferFlushThread] INFO  db.RDBCheckpointUtils (RDBCheckpointUtils.java:waitForCheckpointDirectoryExist(60)) - Waited for 0 milliseconds for checkpoint directory /home/runner/work/ozone/ozone/hadoop-ozone/integration-test/target/test-dir/MiniOzoneClusterImpl-c3f67427-b36b-4ee4-bde0-91623ce58163/ozone-meta/db.snapshots/checkpointState/om.db-540e5c78-64eb-45e3-847f-622313898151 availability.
2023-12-19 18:18:16,208 [om1-OMDoubleBufferFlushThread] INFO  om.OmSnapshotManager (OmSnapshotManager.java:createOmSnapshotCheckpoint(463)) - Created checkpoint : /home/runner/work/ozone/ozone/hadoop-ozone/integration-test/target/test-dir/MiniOzoneClusterImpl-c3f67427-b36b-4ee4-bde0-91623ce58163/ozone-meta/db.snapshots/checkpointState/om.db-540e5c78-64eb-45e3-847f-622313898151 for snapshot s20231219-181816.103
2023-12-19 18:18:16,220 [om1-OMStateMachineApplyTransactionThread - 0] WARN  snapshot.OMSnapshotCreateRequest (OMSnapshotCreateRequest.java:estimateBucketDataSize(338)) - DefaultReplicationConfig is not correctly set in OmBucketInfo for volume 'vol-a-56566' bucket 'bucket-b-0-44899'. Falling back to config default 'RATIS/THREE'
2023-12-19 18:18:16,220 [om1-OMStateMachineApplyTransactionThread - 0] INFO  snapshot.OMSnapshotCreateRequest (OMSnapshotCreateRequest.java:validateAndUpdateCache(219)) - Created snapshot: 's20231219-181816.207' with snapshotId: '4f831541-d6d3-420f-97d6-f6981a1af0af' under path 'vol-a-56566/bucket-b-0-44899'
2023-12-19 18:18:16,221 [main] INFO  rpc.RpcClient (RpcClient.java:createBucket(683)) - Creating Bucket: vol-b-57134/bucket-b-0-77217, with server-side default bucket layout, runner as owner, Versioning false, Storage Type set to DISK and Encryption set to false, Replication Type set to server-side default replication type, Namespace Quota set to -1, Space Quota set to -1 
2023-12-19 18:18:16,222 [om1-OMStateMachineApplyTransactionThread - 0] INFO  bucket.OMBucketCreateRequest (OMBucketCreateRequest.java:validateAndUpdateCache(295)) - created bucket: bucket-b-0-77217 of layout OBJECT_STORE in volume: vol-b-57134
2023-12-19 18:18:16,224 [main] INFO  rpc.RpcClient (RpcClient.java:createBucket(683)) - Creating Bucket: vol-a-56566/bucket-b-1-45866, with server-side default bucket layout, runner as owner, Versioning false, Storage Type set to DISK and Encryption set to false, Replication Type set to server-side default replication type, Namespace Quota set to -1, Space Quota set to -1 
2023-12-19 18:18:16,226 [om1-OMStateMachineApplyTransactionThread - 0] INFO  bucket.OMBucketCreateRequest (OMBucketCreateRequest.java:validateAndUpdateCache(295)) - created bucket: bucket-b-1-45866 of layout OBJECT_STORE in volume: vol-a-56566
2023-12-19 18:18:16,234 [om1-OMDoubleBufferFlushThread] INFO  db.RDBCheckpointManager (RDBCheckpointManager.java:createCheckpoint(89)) - Created checkpoint in rocksDB at /home/runner/work/ozone/ozone/hadoop-ozone/integration-test/target/test-dir/MiniOzoneClusterImpl-c3f67427-b36b-4ee4-bde0-91623ce58163/ozone-meta/db.snapshots/checkpointState/om.db-a8e89511-d097-416d-80eb-0dbeda7a0016 in 24 milliseconds
2023-12-19 18:18:16,234 [om1-OMDoubleBufferFlushThread] INFO  db.RDBCheckpointUtils (RDBCheckpointUtils.java:waitForCheckpointDirectoryExist(60)) - Waited for 0 milliseconds for checkpoint directory /home/runner/work/ozone/ozone/hadoop-ozone/integration-test/target/test-dir/MiniOzoneClusterImpl-c3f67427-b36b-4ee4-bde0-91623ce58163/ozone-meta/db.snapshots/checkpointState/om.db-a8e89511-d097-416d-80eb-0dbeda7a0016 availability.
2023-12-19 18:18:16,235 [om1-OMDoubleBufferFlushThread] INFO  om.OmSnapshotManager (OmSnapshotManager.java:createOmSnapshotCheckpoint(463)) - Created checkpoint : /home/runner/work/ozone/ozone/hadoop-ozone/integration-test/target/test-dir/MiniOzoneClusterImpl-c3f67427-b36b-4ee4-bde0-91623ce58163/ozone-meta/db.snapshots/checkpointState/om.db-a8e89511-d097-416d-80eb-0dbeda7a0016 for snapshot s20231219-181816.120
2023-12-19 18:18:16,242 [om1-OMStateMachineApplyTransactionThread - 0] WARN  snapshot.OMSnapshotCreateRequest (OMSnapshotCreateRequest.java:estimateBucketDataSize(338)) - DefaultReplicationConfig is not correctly set in OmBucketInfo for volume 'vol-a-56566' bucket 'bucket-b-1-45866'. Falling back to config default 'RATIS/THREE'
2023-12-19 18:18:16,242 [om1-OMStateMachineApplyTransactionThread - 0] INFO  snapshot.OMSnapshotCreateRequest (OMSnapshotCreateRequest.java:validateAndUpdateCache(219)) - Created snapshot: 's20231219-181816.228' with snapshotId: '16c3307b-dfe7-493f-8a46-08f1bc6ffc36' under path 'vol-a-56566/bucket-b-1-45866'
2023-12-19 18:18:16,242 [main] INFO  rpc.RpcClient (RpcClient.java:createBucket(683)) - Creating Bucket: vol-b-57134/bucket-b-1-79717, with server-side default bucket layout, runner as owner, Versioning false, Storage Type set to DISK and Encryption set to false, Replication Type set to server-side default replication type, Namespace Quota set to -1, Space Quota set to -1 
2023-12-19 18:18:16,244 [om1-OMStateMachineApplyTransactionThread - 0] INFO  bucket.OMBucketCreateRequest (OMBucketCreateRequest.java:validateAndUpdateCache(295)) - created bucket: bucket-b-1-79717 of layout OBJECT_STORE in volume: vol-b-57134
2023-12-19 18:18:16,244 [main] INFO  rpc.RpcClient (RpcClient.java:createBucket(683)) - Creating Bucket: vol-a-56566/bucket-b-2-47323, with server-side default bucket layout, runner as owner, Versioning false, Storage Type set to DISK and Encryption set to false, Replication Type set to server-side default replication type, Namespace Quota set to -1, Space Quota set to -1 
2023-12-19 18:18:16,246 [om1-OMStateMachineApplyTransactionThread - 0] INFO  bucket.OMBucketCreateRequest (OMBucketCreateRequest.java:validateAndUpdateCache(295)) - created bucket: bucket-b-2-47323 of layout OBJECT_STORE in volume: vol-a-56566
2023-12-19 18:18:16,251 [om1-OMDoubleBufferFlushThread] INFO  db.RDBCheckpointManager (RDBCheckpointManager.java:createCheckpoint(89)) - Created checkpoint in rocksDB at /home/runner/work/ozone/ozone/hadoop-ozone/integration-test/target/test-dir/MiniOzoneClusterImpl-c3f67427-b36b-4ee4-bde0-91623ce58163/ozone-meta/db.snapshots/checkpointState/om.db-699e176d-39c9-405f-856f-553e77363d8a in 14 milliseconds
2023-12-19 18:18:16,252 [om1-OMDoubleBufferFlushThread] INFO  db.RDBCheckpointUtils (RDBCheckpointUtils.java:waitForCheckpointDirectoryExist(60)) - Waited for 0 milliseconds for checkpoint directory /home/runner/work/ozone/ozone/hadoop-ozone/integration-test/target/test-dir/MiniOzoneClusterImpl-c3f67427-b36b-4ee4-bde0-91623ce58163/ozone-meta/db.snapshots/checkpointState/om.db-699e176d-39c9-405f-856f-553e77363d8a availability.
2023-12-19 18:18:16,252 [om1-OMDoubleBufferFlushThread] INFO  om.OmSnapshotManager (OmSnapshotManager.java:createOmSnapshotCheckpoint(463)) - Created checkpoint : /home/runner/work/ozone/ozone/hadoop-ozone/integration-test/target/test-dir/MiniOzoneClusterImpl-c3f67427-b36b-4ee4-bde0-91623ce58163/ozone-meta/db.snapshots/checkpointState/om.db-699e176d-39c9-405f-856f-553e77363d8a for snapshot s20231219-181816.137
2023-12-19 18:18:16,262 [om1-OMStateMachineApplyTransactionThread - 0] WARN  snapshot.OMSnapshotCreateRequest (OMSnapshotCreateRequest.java:estimateBucketDataSize(338)) - DefaultReplicationConfig is not correctly set in OmBucketInfo for volume 'vol-a-56566' bucket 'bucket-b-2-47323'. Falling back to config default 'RATIS/THREE'
2023-12-19 18:18:16,262 [om1-OMStateMachineApplyTransactionThread - 0] INFO  snapshot.OMSnapshotCreateRequest (OMSnapshotCreateRequest.java:validateAndUpdateCache(219)) - Created snapshot: 's20231219-181816.247' with snapshotId: 'c34e2c91-ae18-49cc-8e12-86a6ea3ca1f2' under path 'vol-a-56566/bucket-b-2-47323'
2023-12-19 18:18:16,263 [main] INFO  rpc.RpcClient (RpcClient.java:createBucket(683)) - Creating Bucket: vol-b-57134/bucket-b-2-22009, with server-side default bucket layout, runner as owner, Versioning false, Storage Type set to DISK and Encryption set to false, Replication Type set to server-side default replication type, Namespace Quota set to -1, Space Quota set to -1 
2023-12-19 18:18:16,264 [om1-OMStateMachineApplyTransactionThread - 0] INFO  bucket.OMBucketCreateRequest (OMBucketCreateRequest.java:validateAndUpdateCache(295)) - created bucket: bucket-b-2-22009 of layout OBJECT_STORE in volume: vol-b-57134
2023-12-19 18:18:16,265 [main] INFO  rpc.RpcClient (RpcClient.java:createBucket(683)) - Creating Bucket: vol-a-56566/bucket-b-3-84100, with server-side default bucket layout, runner as owner, Versioning false, Storage Type set to DISK and Encryption set to false, Replication Type set to server-side default replication type, Namespace Quota set to -1, Space Quota set to -1 
2023-12-19 18:18:16,266 [om1-OMStateMachineApplyTransactionThread - 0] INFO  bucket.OMBucketCreateRequest (OMBucketCreateRequest.java:validateAndUpdateCache(295)) - created bucket: bucket-b-3-84100 of layout OBJECT_STORE in volume: vol-a-56566
2023-12-19 18:18:16,269 [om1-OMDoubleBufferFlushThread] INFO  db.RDBCheckpointManager (RDBCheckpointManager.java:createCheckpoint(89)) - Created checkpoint in rocksDB at /home/runner/work/ozone/ozone/hadoop-ozone/integration-test/target/test-dir/MiniOzoneClusterImpl-c3f67427-b36b-4ee4-bde0-91623ce58163/ozone-meta/db.snapshots/checkpointState/om.db-87b2100b-5a45-485c-b880-e208a155e60e in 15 milliseconds
2023-12-19 18:18:16,270 [om1-OMDoubleBufferFlushThread] INFO  db.RDBCheckpointUtils (RDBCheckpointUtils.java:waitForCheckpointDirectoryExist(60)) - Waited for 0 milliseconds for checkpoint directory /home/runner/work/ozone/ozone/hadoop-ozone/integration-test/target/test-dir/MiniOzoneClusterImpl-c3f67427-b36b-4ee4-bde0-91623ce58163/ozone-meta/db.snapshots/checkpointState/om.db-87b2100b-5a45-485c-b880-e208a155e60e availability.
2023-12-19 18:18:16,270 [om1-OMDoubleBufferFlushThread] INFO  om.OmSnapshotManager (OmSnapshotManager.java:createOmSnapshotCheckpoint(463)) - Created checkpoint : /home/runner/work/ozone/ozone/hadoop-ozone/integration-test/target/test-dir/MiniOzoneClusterImpl-c3f67427-b36b-4ee4-bde0-91623ce58163/ozone-meta/db.snapshots/checkpointState/om.db-87b2100b-5a45-485c-b880-e208a155e60e for snapshot s20231219-181816.155
2023-12-19 18:18:16,281 [om1-OMStateMachineApplyTransactionThread - 0] WARN  snapshot.OMSnapshotCreateRequest (OMSnapshotCreateRequest.java:estimateBucketDataSize(338)) - DefaultReplicationConfig is not correctly set in OmBucketInfo for volume 'vol-a-56566' bucket 'bucket-b-3-84100'. Falling back to config default 'RATIS/THREE'
2023-12-19 18:18:16,281 [om1-OMStateMachineApplyTransactionThread - 0] INFO  snapshot.OMSnapshotCreateRequest (OMSnapshotCreateRequest.java:validateAndUpdateCache(219)) - Created snapshot: 's20231219-181816.267' with snapshotId: '176a0835-5857-4135-b68e-8f9a342073c4' under path 'vol-a-56566/bucket-b-3-84100'
2023-12-19 18:18:16,282 [main] INFO  rpc.RpcClient (RpcClient.java:createBucket(683)) - Creating Bucket: vol-b-57134/bucket-b-3-41185, with server-side default bucket layout, runner as owner, Versioning false, Storage Type set to DISK and Encryption set to false, Replication Type set to server-side default replication type, Namespace Quota set to -1, Space Quota set to -1 
2023-12-19 18:18:16,283 [om1-OMStateMachineApplyTransactionThread - 0] INFO  bucket.OMBucketCreateRequest (OMBucketCreateRequest.java:validateAndUpdateCache(295)) - created bucket: bucket-b-3-41185 of layout OBJECT_STORE in volume: vol-b-57134
2023-12-19 18:18:16,284 [main] INFO  rpc.RpcClient (RpcClient.java:createBucket(683)) - Creating Bucket: vol-a-56566/bucket-b-4-01246, with server-side default bucket layout, runner as owner, Versioning false, Storage Type set to DISK and Encryption set to false, Replication Type set to server-side default replication type, Namespace Quota set to -1, Space Quota set to -1 
2023-12-19 18:18:16,285 [om1-OMStateMachineApplyTransactionThread - 0] INFO  bucket.OMBucketCreateRequest (OMBucketCreateRequest.java:validateAndUpdateCache(295)) - created bucket: bucket-b-4-01246 of layout OBJECT_STORE in volume: vol-a-56566
2023-12-19 18:18:16,295 [om1-OMDoubleBufferFlushThread] INFO  db.RDBCheckpointManager (RDBCheckpointManager.java:createCheckpoint(89)) - Created checkpoint in rocksDB at /home/runner/work/ozone/ozone/hadoop-ozone/integration-test/target/test-dir/MiniOzoneClusterImpl-c3f67427-b36b-4ee4-bde0-91623ce58163/ozone-meta/db.snapshots/checkpointState/om.db-e12d361d-f499-4609-8387-46f18f79ce4a in 23 milliseconds
2023-12-19 18:18:16,295 [om1-OMDoubleBufferFlushThread] INFO  db.RDBCheckpointUtils (RDBCheckpointUtils.java:waitForCheckpointDirectoryExist(60)) - Waited for 0 milliseconds for checkpoint directory /home/runner/work/ozone/ozone/hadoop-ozone/integration-test/target/test-dir/MiniOzoneClusterImpl-c3f67427-b36b-4ee4-bde0-91623ce58163/ozone-meta/db.snapshots/checkpointState/om.db-e12d361d-f499-4609-8387-46f18f79ce4a availability.
2023-12-19 18:18:16,295 [om1-OMDoubleBufferFlushThread] INFO  om.OmSnapshotManager (OmSnapshotManager.java:createOmSnapshotCheckpoint(463)) - Created checkpoint : /home/runner/work/ozone/ozone/hadoop-ozone/integration-test/target/test-dir/MiniOzoneClusterImpl-c3f67427-b36b-4ee4-bde0-91623ce58163/ozone-meta/db.snapshots/checkpointState/om.db-e12d361d-f499-4609-8387-46f18f79ce4a for snapshot s20231219-181816.171
2023-12-19 18:18:16,299 [om1-OMStateMachineApplyTransactionThread - 0] WARN  snapshot.OMSnapshotCreateRequest (OMSnapshotCreateRequest.java:estimateBucketDataSize(338)) - DefaultReplicationConfig is not correctly set in OmBucketInfo for volume 'vol-a-56566' bucket 'bucket-b-4-01246'. Falling back to config default 'RATIS/THREE'
2023-12-19 18:18:16,299 [om1-OMStateMachineApplyTransactionThread - 0] INFO  snapshot.OMSnapshotCreateRequest (OMSnapshotCreateRequest.java:validateAndUpdateCache(219)) - Created snapshot: 's20231219-181816.286' with snapshotId: '6d1532af-9d14-46ca-9fec-86630b9b8c6f' under path 'vol-a-56566/bucket-b-4-01246'
2023-12-19 18:18:16,299 [main] INFO  rpc.RpcClient (RpcClient.java:createBucket(683)) - Creating Bucket: vol-b-57134/bucket-b-4-19881, with server-side default bucket layout, runner as owner, Versioning false, Storage Type set to DISK and Encryption set to false, Replication Type set to server-side default replication type, Namespace Quota set to -1, Space Quota set to -1 
2023-12-19 18:18:16,301 [om1-OMStateMachineApplyTransactionThread - 0] INFO  bucket.OMBucketCreateRequest (OMBucketCreateRequest.java:validateAndUpdateCache(295)) - created bucket: bucket-b-4-19881 of layout OBJECT_STORE in volume: vol-b-57134
2023-12-19 18:18:16,301 [main] INFO  rpc.RpcClient (RpcClient.java:createBucket(683)) - Creating Bucket: vol-a-56566/bucket-b-5-07311, with server-side default bucket layout, runner as owner, Versioning false, Storage Type set to DISK and Encryption set to false, Replication Type set to server-side default replication type, Namespace Quota set to -1, Space Quota set to -1 
2023-12-19 18:18:16,303 [om1-OMStateMachineApplyTransactionThread - 0] INFO  bucket.OMBucketCreateRequest (OMBucketCreateRequest.java:validateAndUpdateCache(295)) - created bucket: bucket-b-5-07311 of layout OBJECT_STORE in volume: vol-a-56566
2023-12-19 18:18:16,315 [om1-OMDoubleBufferFlushThread] INFO  db.RDBCheckpointManager (RDBCheckpointManager.java:createCheckpoint(89)) - Created checkpoint in rocksDB at /home/runner/work/ozone/ozone/hadoop-ozone/integration-test/target/test-dir/MiniOzoneClusterImpl-c3f67427-b36b-4ee4-bde0-91623ce58163/ozone-meta/db.snapshots/checkpointState/om.db-d19b496c-678d-44a0-8936-48174de4931e in 18 milliseconds
2023-12-19 18:18:16,316 [om1-OMDoubleBufferFlushThread] INFO  db.RDBCheckpointUtils (RDBCheckpointUtils.java:waitForCheckpointDirectoryExist(60)) - Waited for 0 milliseconds for checkpoint directory /home/runner/work/ozone/ozone/hadoop-ozone/integration-test/target/test-dir/MiniOzoneClusterImpl-c3f67427-b36b-4ee4-bde0-91623ce58163/ozone-meta/db.snapshots/checkpointState/om.db-d19b496c-678d-44a0-8936-48174de4931e availability.
2023-12-19 18:18:16,316 [om1-OMDoubleBufferFlushThread] INFO  om.OmSnapshotManager (OmSnapshotManager.java:createOmSnapshotCheckpoint(463)) - Created checkpoint : /home/runner/work/ozone/ozone/hadoop-ozone/integration-test/target/test-dir/MiniOzoneClusterImpl-c3f67427-b36b-4ee4-bde0-91623ce58163/ozone-meta/db.snapshots/checkpointState/om.db-d19b496c-678d-44a0-8936-48174de4931e for snapshot s20231219-181816.189
2023-12-19 18:18:16,319 [om1-OMStateMachineApplyTransactionThread - 0] WARN  snapshot.OMSnapshotCreateRequest (OMSnapshotCreateRequest.java:estimateBucketDataSize(338)) - DefaultReplicationConfig is not correctly set in OmBucketInfo for volume 'vol-a-56566' bucket 'bucket-b-5-07311'. Falling back to config default 'RATIS/THREE'
2023-12-19 18:18:16,319 [om1-OMStateMachineApplyTransactionThread - 0] INFO  snapshot.OMSnapshotCreateRequest (OMSnapshotCreateRequest.java:validateAndUpdateCache(219)) - Created snapshot: 's20231219-181816.304' with snapshotId: '5e0b9112-a568-490d-ad70-434670db2368' under path 'vol-a-56566/bucket-b-5-07311'
2023-12-19 18:18:16,320 [main] INFO  rpc.RpcClient (RpcClient.java:createBucket(683)) - Creating Bucket: vol-b-57134/bucket-b-5-45916, with server-side default bucket layout, runner as owner, Versioning false, Storage Type set to DISK and Encryption set to false, Replication Type set to server-side default replication type, Namespace Quota set to -1, Space Quota set to -1 
2023-12-19 18:18:16,321 [om1-OMStateMachineApplyTransactionThread - 0] INFO  bucket.OMBucketCreateRequest (OMBucketCreateRequest.java:validateAndUpdateCache(295)) - created bucket: bucket-b-5-45916 of layout OBJECT_STORE in volume: vol-b-57134
2023-12-19 18:18:16,322 [main] INFO  rpc.RpcClient (RpcClient.java:createBucket(683)) - Creating Bucket: vol-a-56566/bucket-b-6-98490, with server-side default bucket layout, runner as owner, Versioning false, Storage Type set to DISK and Encryption set to false, Replication Type set to server-side default replication type, Namespace Quota set to -1, Space Quota set to -1 
2023-12-19 18:18:16,323 [om1-OMStateMachineApplyTransactionThread - 0] INFO  bucket.OMBucketCreateRequest (OMBucketCreateRequest.java:validateAndUpdateCache(295)) - created bucket: bucket-b-6-98490 of layout OBJECT_STORE in volume: vol-a-56566
2023-12-19 18:18:16,335 [om1-OMDoubleBufferFlushThread] INFO  db.RDBCheckpointManager (RDBCheckpointManager.java:createCheckpoint(89)) - Created checkpoint in rocksDB at /home/runner/work/ozone/ozone/hadoop-ozone/integration-test/target/test-dir/MiniOzoneClusterImpl-c3f67427-b36b-4ee4-bde0-91623ce58163/ozone-meta/db.snapshots/checkpointState/om.db-4f831541-d6d3-420f-97d6-f6981a1af0af in 16 milliseconds
2023-12-19 18:18:16,335 [om1-OMDoubleBufferFlushThread] INFO  db.RDBCheckpointUtils (RDBCheckpointUtils.java:waitForCheckpointDirectoryExist(60)) - Waited for 0 milliseconds for checkpoint directory /home/runner/work/ozone/ozone/hadoop-ozone/integration-test/target/test-dir/MiniOzoneClusterImpl-c3f67427-b36b-4ee4-bde0-91623ce58163/ozone-meta/db.snapshots/checkpointState/om.db-4f831541-d6d3-420f-97d6-f6981a1af0af availability.
2023-12-19 18:18:16,336 [om1-OMDoubleBufferFlushThread] INFO  om.OmSnapshotManager (OmSnapshotManager.java:createOmSnapshotCheckpoint(463)) - Created checkpoint : /home/runner/work/ozone/ozone/hadoop-ozone/integration-test/target/test-dir/MiniOzoneClusterImpl-c3f67427-b36b-4ee4-bde0-91623ce58163/ozone-meta/db.snapshots/checkpointState/om.db-4f831541-d6d3-420f-97d6-f6981a1af0af for snapshot s20231219-181816.207
2023-12-19 18:18:16,337 [om1-OMStateMachineApplyTransactionThread - 0] WARN  snapshot.OMSnapshotCreateRequest (OMSnapshotCreateRequest.java:estimateBucketDataSize(338)) - DefaultReplicationConfig is not correctly set in OmBucketInfo for volume 'vol-a-56566' bucket 'bucket-b-6-98490'. Falling back to config default 'RATIS/THREE'
2023-12-19 18:18:16,338 [om1-OMStateMachineApplyTransactionThread - 0] INFO  snapshot.OMSnapshotCreateRequest (OMSnapshotCreateRequest.java:validateAndUpdateCache(219)) - Created snapshot: 's20231219-181816.324' with snapshotId: 'd09286b3-b2c2-4ab6-bbf6-904edb72cc59' under path 'vol-a-56566/bucket-b-6-98490'
2023-12-19 18:18:16,338 [main] INFO  rpc.RpcClient (RpcClient.java:createBucket(683)) - Creating Bucket: vol-b-57134/bucket-b-6-42670, with server-side default bucket layout, runner as owner, Versioning false, Storage Type set to DISK and Encryption set to false, Replication Type set to server-side default replication type, Namespace Quota set to -1, Space Quota set to -1 
2023-12-19 18:18:16,339 [om1-OMStateMachineApplyTransactionThread - 0] INFO  bucket.OMBucketCreateRequest (OMBucketCreateRequest.java:validateAndUpdateCache(295)) - created bucket: bucket-b-6-42670 of layout OBJECT_STORE in volume: vol-b-57134
2023-12-19 18:18:16,340 [main] INFO  rpc.RpcClient (RpcClient.java:createBucket(683)) - Creating Bucket: vol-a-56566/bucket-b-7-41312, with server-side default bucket layout, runner as owner, Versioning false, Storage Type set to DISK and Encryption set to false, Replication Type set to server-side default replication type, Namespace Quota set to -1, Space Quota set to -1 
2023-12-19 18:18:16,341 [om1-OMStateMachineApplyTransactionThread - 0] INFO  bucket.OMBucketCreateRequest (OMBucketCreateRequest.java:validateAndUpdateCache(295)) - created bucket: bucket-b-7-41312 of layout OBJECT_STORE in volume: vol-a-56566
2023-12-19 18:18:16,355 [om1-OMStateMachineApplyTransactionThread - 0] WARN  snapshot.OMSnapshotCreateRequest (OMSnapshotCreateRequest.java:estimateBucketDataSize(338)) - DefaultReplicationConfig is not correctly set in OmBucketInfo for volume 'vol-a-56566' bucket 'bucket-b-7-41312'. Falling back to config default 'RATIS/THREE'
2023-12-19 18:18:16,355 [om1-OMDoubleBufferFlushThread] INFO  db.RDBCheckpointManager (RDBCheckpointManager.java:createCheckpoint(89)) - Created checkpoint in rocksDB at /home/runner/work/ozone/ozone/hadoop-ozone/integration-test/target/test-dir/MiniOzoneClusterImpl-c3f67427-b36b-4ee4-bde0-91623ce58163/ozone-meta/db.snapshots/checkpointState/om.db-16c3307b-dfe7-493f-8a46-08f1bc6ffc36 in 18 milliseconds
2023-12-19 18:18:16,355 [om1-OMStateMachineApplyTransactionThread - 0] INFO  snapshot.OMSnapshotCreateRequest (OMSnapshotCreateRequest.java:validateAndUpdateCache(219)) - Created snapshot: 's20231219-181816.342' with snapshotId: '303d0161-2781-42a7-9142-1e6732bcddbb' under path 'vol-a-56566/bucket-b-7-41312'
2023-12-19 18:18:16,356 [main] INFO  rpc.RpcClient (RpcClient.java:createBucket(683)) - Creating Bucket: vol-b-57134/bucket-b-7-85337, with server-side default bucket layout, runner as owner, Versioning false, Storage Type set to DISK and Encryption set to false, Replication Type set to server-side default replication type, Namespace Quota set to -1, Space Quota set to -1 
2023-12-19 18:18:16,356 [om1-OMDoubleBufferFlushThread] INFO  db.RDBCheckpointUtils (RDBCheckpointUtils.java:waitForCheckpointDirectoryExist(60)) - Waited for 1 milliseconds for checkpoint directory /home/runner/work/ozone/ozone/hadoop-ozone/integration-test/target/test-dir/MiniOzoneClusterImpl-c3f67427-b36b-4ee4-bde0-91623ce58163/ozone-meta/db.snapshots/checkpointState/om.db-16c3307b-dfe7-493f-8a46-08f1bc6ffc36 availability.
2023-12-19 18:18:16,357 [om1-OMDoubleBufferFlushThread] INFO  om.OmSnapshotManager (OmSnapshotManager.java:createOmSnapshotCheckpoint(463)) - Created checkpoint : /home/runner/work/ozone/ozone/hadoop-ozone/integration-test/target/test-dir/MiniOzoneClusterImpl-c3f67427-b36b-4ee4-bde0-91623ce58163/ozone-meta/db.snapshots/checkpointState/om.db-16c3307b-dfe7-493f-8a46-08f1bc6ffc36 for snapshot s20231219-181816.228
2023-12-19 18:18:16,357 [om1-OMStateMachineApplyTransactionThread - 0] INFO  bucket.OMBucketCreateRequest (OMBucketCreateRequest.java:validateAndUpdateCache(295)) - created bucket: bucket-b-7-85337 of layout OBJECT_STORE in volume: vol-b-57134
2023-12-19 18:18:16,357 [main] INFO  rpc.RpcClient (RpcClient.java:createBucket(683)) - Creating Bucket: vol-a-56566/bucket-b-8-19215, with server-side default bucket layout, runner as owner, Versioning false, Storage Type set to DISK and Encryption set to false, Replication Type set to server-side default replication type, Namespace Quota set to -1, Space Quota set to -1 
2023-12-19 18:18:16,360 [om1-OMStateMachineApplyTransactionThread - 0] INFO  bucket.OMBucketCreateRequest (OMBucketCreateRequest.java:validateAndUpdateCache(295)) - created bucket: bucket-b-8-19215 of layout OBJECT_STORE in volume: vol-a-56566
2023-12-19 18:18:16,376 [om1-OMStateMachineApplyTransactionThread - 0] WARN  snapshot.OMSnapshotCreateRequest (OMSnapshotCreateRequest.java:estimateBucketDataSize(338)) - DefaultReplicationConfig is not correctly set in OmBucketInfo for volume 'vol-a-56566' bucket 'bucket-b-8-19215'. Falling back to config default 'RATIS/THREE'
2023-12-19 18:18:16,376 [om1-OMStateMachineApplyTransactionThread - 0] INFO  snapshot.OMSnapshotCreateRequest (OMSnapshotCreateRequest.java:validateAndUpdateCache(219)) - Created snapshot: 's20231219-181816.361' with snapshotId: '7ad2cf6b-ae99-4322-974e-2265b2bf1999' under path 'vol-a-56566/bucket-b-8-19215'
2023-12-19 18:18:16,376 [main] INFO  rpc.RpcClient (RpcClient.java:createBucket(683)) - Creating Bucket: vol-b-57134/bucket-b-8-83265, with server-side default bucket layout, runner as owner, Versioning false, Storage Type set to DISK and Encryption set to false, Replication Type set to server-side default replication type, Namespace Quota set to -1, Space Quota set to -1 
2023-12-19 18:18:16,378 [om1-OMStateMachineApplyTransactionThread - 0] INFO  bucket.OMBucketCreateRequest (OMBucketCreateRequest.java:validateAndUpdateCache(295)) - created bucket: bucket-b-8-83265 of layout OBJECT_STORE in volume: vol-b-57134
2023-12-19 18:18:16,378 [main] INFO  rpc.RpcClient (RpcClient.java:createBucket(683)) - Creating Bucket: vol-a-56566/bucket-b-9-15528, with server-side default bucket layout, runner as owner, Versioning false, Storage Type set to DISK and Encryption set to false, Replication Type set to server-side default replication type, Namespace Quota set to -1, Space Quota set to -1 
2023-12-19 18:18:16,380 [om1-OMStateMachineApplyTransactionThread - 0] INFO  bucket.OMBucketCreateRequest (OMBucketCreateRequest.java:validateAndUpdateCache(295)) - created bucket: bucket-b-9-15528 of layout OBJECT_STORE in volume: vol-a-56566
2023-12-19 18:18:16,382 [om1-OMDoubleBufferFlushThread] INFO  db.RDBCheckpointManager (RDBCheckpointManager.java:createCheckpoint(89)) - Created checkpoint in rocksDB at /home/runner/work/ozone/ozone/hadoop-ozone/integration-test/target/test-dir/MiniOzoneClusterImpl-c3f67427-b36b-4ee4-bde0-91623ce58163/ozone-meta/db.snapshots/checkpointState/om.db-c34e2c91-ae18-49cc-8e12-86a6ea3ca1f2 in 23 milliseconds
2023-12-19 18:18:16,382 [om1-OMDoubleBufferFlushThread] INFO  db.RDBCheckpointUtils (RDBCheckpointUtils.java:waitForCheckpointDirectoryExist(60)) - Waited for 0 milliseconds for checkpoint directory /home/runner/work/ozone/ozone/hadoop-ozone/integration-test/target/test-dir/MiniOzoneClusterImpl-c3f67427-b36b-4ee4-bde0-91623ce58163/ozone-meta/db.snapshots/checkpointState/om.db-c34e2c91-ae18-49cc-8e12-86a6ea3ca1f2 availability.
2023-12-19 18:18:16,383 [om1-OMDoubleBufferFlushThread] INFO  om.OmSnapshotManager (OmSnapshotManager.java:createOmSnapshotCheckpoint(463)) - Created checkpoint : /home/runner/work/ozone/ozone/hadoop-ozone/integration-test/target/test-dir/MiniOzoneClusterImpl-c3f67427-b36b-4ee4-bde0-91623ce58163/ozone-meta/db.snapshots/checkpointState/om.db-c34e2c91-ae18-49cc-8e12-86a6ea3ca1f2 for snapshot s20231219-181816.247
2023-12-19 18:18:16,398 [om1-OMStateMachineApplyTransactionThread - 0] WARN  snapshot.OMSnapshotCreateRequest (OMSnapshotCreateRequest.java:estimateBucketDataSize(338)) - DefaultReplicationConfig is not correctly set in OmBucketInfo for volume 'vol-a-56566' bucket 'bucket-b-9-15528'. Falling back to config default 'RATIS/THREE'
2023-12-19 18:18:16,398 [om1-OMStateMachineApplyTransactionThread - 0] INFO  snapshot.OMSnapshotCreateRequest (OMSnapshotCreateRequest.java:validateAndUpdateCache(219)) - Created snapshot: 's20231219-181816.381' with snapshotId: '1f97e268-1ae8-4b0f-b44c-e39da867b803' under path 'vol-a-56566/bucket-b-9-15528'
2023-12-19 18:18:16,399 [main] INFO  rpc.RpcClient (RpcClient.java:createBucket(683)) - Creating Bucket: vol-b-57134/bucket-b-9-71787, with server-side default bucket layout, runner as owner, Versioning false, Storage Type set to DISK and Encryption set to false, Replication Type set to server-side default replication type, Namespace Quota set to -1, Space Quota set to -1 
2023-12-19 18:18:16,401 [om1-OMStateMachineApplyTransactionThread - 0] INFO  bucket.OMBucketCreateRequest (OMBucketCreateRequest.java:validateAndUpdateCache(295)) - created bucket: bucket-b-9-71787 of layout OBJECT_STORE in volume: vol-b-57134
2023-12-19 18:18:16,407 [om1-OMDoubleBufferFlushThread] INFO  db.RDBCheckpointManager (RDBCheckpointManager.java:createCheckpoint(89)) - Created checkpoint in rocksDB at /home/runner/work/ozone/ozone/hadoop-ozone/integration-test/target/test-dir/MiniOzoneClusterImpl-c3f67427-b36b-4ee4-bde0-91623ce58163/ozone-meta/db.snapshots/checkpointState/om.db-176a0835-5857-4135-b68e-8f9a342073c4 in 22 milliseconds
2023-12-19 18:18:16,407 [om1-OMDoubleBufferFlushThread] INFO  db.RDBCheckpointUtils (RDBCheckpointUtils.java:waitForCheckpointDirectoryExist(60)) - Waited for 0 milliseconds for checkpoint directory /home/runner/work/ozone/ozone/hadoop-ozone/integration-test/target/test-dir/MiniOzoneClusterImpl-c3f67427-b36b-4ee4-bde0-91623ce58163/ozone-meta/db.snapshots/checkpointState/om.db-176a0835-5857-4135-b68e-8f9a342073c4 availability.
2023-12-19 18:18:16,408 [om1-OMDoubleBufferFlushThread] INFO  om.OmSnapshotManager (OmSnapshotManager.java:createOmSnapshotCheckpoint(463)) - Created checkpoint : /home/runner/work/ozone/ozone/hadoop-ozone/integration-test/target/test-dir/MiniOzoneClusterImpl-c3f67427-b36b-4ee4-bde0-91623ce58163/ozone-meta/db.snapshots/checkpointState/om.db-176a0835-5857-4135-b68e-8f9a342073c4 for snapshot s20231219-181816.267
]]></system-out>
  </testcase>
  <testcase name="testListBucketsOnEmptyVolume" classname="org.apache.hadoop.ozone.client.rpc.TestSecureOzoneRpcClient" time="0.005">
    <system-out><![CDATA[2023-12-19 18:18:16,431 [main] INFO  rpc.RpcClient (RpcClient.java:createVolume(456)) - Creating Volume: vol-empty, with runner as owner and space quota set to -1 bytes, counts quota set to -1
2023-12-19 18:18:16,433 [om1-OMStateMachineApplyTransactionThread - 0] INFO  volume.OMVolumeCreateRequest (OMVolumeCreateRequest.java:validateAndUpdateCache(197)) - created volume:vol-empty for user:runner
2023-12-19 18:18:16,435 [om1-OMDoubleBufferFlushThread] INFO  db.RDBCheckpointManager (RDBCheckpointManager.java:createCheckpoint(89)) - Created checkpoint in rocksDB at /home/runner/work/ozone/ozone/hadoop-ozone/integration-test/target/test-dir/MiniOzoneClusterImpl-c3f67427-b36b-4ee4-bde0-91623ce58163/ozone-meta/db.snapshots/checkpointState/om.db-6d1532af-9d14-46ca-9fec-86630b9b8c6f in 25 milliseconds
]]></system-out>
  </testcase>
  <testcase name="testListBucketsReplicationConfig" classname="org.apache.hadoop.ozone.client.rpc.TestSecureOzoneRpcClient" time="0.013">
    <system-out><![CDATA[2023-12-19 18:18:16,436 [main] INFO  rpc.RpcClient (RpcClient.java:createVolume(456)) - Creating Volume: 8eb34d4b-b13a-4920-8076-123305e7169a, with runner as owner and space quota set to -1 bytes, counts quota set to -1
2023-12-19 18:18:16,437 [om1-OMStateMachineApplyTransactionThread - 0] INFO  volume.OMVolumeCreateRequest (OMVolumeCreateRequest.java:validateAndUpdateCache(197)) - created volume:8eb34d4b-b13a-4920-8076-123305e7169a for user:runner
2023-12-19 18:18:16,438 [om1-OMDoubleBufferFlushThread] INFO  db.RDBCheckpointUtils (RDBCheckpointUtils.java:waitForCheckpointDirectoryExist(60)) - Waited for 3 milliseconds for checkpoint directory /home/runner/work/ozone/ozone/hadoop-ozone/integration-test/target/test-dir/MiniOzoneClusterImpl-c3f67427-b36b-4ee4-bde0-91623ce58163/ozone-meta/db.snapshots/checkpointState/om.db-6d1532af-9d14-46ca-9fec-86630b9b8c6f availability.
2023-12-19 18:18:16,438 [main] INFO  rpc.RpcClient (RpcClient.java:createBucket(683)) - Creating Bucket: 8eb34d4b-b13a-4920-8076-123305e7169a/25675166-5201-437c-95a6-2791a75fec01, with server-side default bucket layout, runner as owner, Versioning false, Storage Type set to DISK and Encryption set to false, Replication Type set to server-side default replication type, Namespace Quota set to -1, Space Quota set to -1 
2023-12-19 18:18:16,439 [om1-OMDoubleBufferFlushThread] INFO  om.OmSnapshotManager (OmSnapshotManager.java:createOmSnapshotCheckpoint(463)) - Created checkpoint : /home/runner/work/ozone/ozone/hadoop-ozone/integration-test/target/test-dir/MiniOzoneClusterImpl-c3f67427-b36b-4ee4-bde0-91623ce58163/ozone-meta/db.snapshots/checkpointState/om.db-6d1532af-9d14-46ca-9fec-86630b9b8c6f for snapshot s20231219-181816.286
2023-12-19 18:18:16,440 [om1-OMStateMachineApplyTransactionThread - 0] INFO  bucket.OMBucketCreateRequest (OMBucketCreateRequest.java:validateAndUpdateCache(295)) - created bucket: 25675166-5201-437c-95a6-2791a75fec01 of layout OBJECT_STORE in volume: 8eb34d4b-b13a-4920-8076-123305e7169a
2023-12-19 18:18:16,442 [main] INFO  rpc.RpcClient (RpcClient.java:createBucket(683)) - Creating Bucket: 8eb34d4b-b13a-4920-8076-123305e7169a/90491a3d-b4ea-457d-a4ed-cfdfdeb1865c, with server-side default bucket layout, runner as owner, Versioning false, Storage Type set to DISK and Encryption set to false, Replication Type set to EC, Namespace Quota set to -1, Space Quota set to -1 
2023-12-19 18:18:16,444 [om1-OMStateMachineApplyTransactionThread - 0] INFO  bucket.OMBucketCreateRequest (OMBucketCreateRequest.java:validateAndUpdateCache(295)) - created bucket: 90491a3d-b4ea-457d-a4ed-cfdfdeb1865c of layout OBJECT_STORE in volume: 8eb34d4b-b13a-4920-8076-123305e7169a
2023-12-19 18:18:16,445 [main] INFO  rpc.RpcClient (RpcClient.java:createBucket(683)) - Creating Bucket: 8eb34d4b-b13a-4920-8076-123305e7169a/c45765ae-b220-4191-9f5d-f92fa35b4258, with server-side default bucket layout, runner as owner, Versioning false, Storage Type set to DISK and Encryption set to false, Replication Type set to RATIS, Namespace Quota set to -1, Space Quota set to -1 
2023-12-19 18:18:16,447 [om1-OMStateMachineApplyTransactionThread - 0] INFO  bucket.OMBucketCreateRequest (OMBucketCreateRequest.java:validateAndUpdateCache(295)) - created bucket: c45765ae-b220-4191-9f5d-f92fa35b4258 of layout OBJECT_STORE in volume: 8eb34d4b-b13a-4920-8076-123305e7169a
]]></system-out>
  </testcase>
  <testcase name="testListKey" classname="org.apache.hadoop.ozone.client.rpc.TestSecureOzoneRpcClient" time="0.896">
    <system-out><![CDATA[2023-12-19 18:18:16,449 [main] INFO  rpc.RpcClient (RpcClient.java:createVolume(456)) - Creating Volume: vol-a-69835, with runner as owner and space quota set to -1 bytes, counts quota set to -1
2023-12-19 18:18:16,450 [om1-OMStateMachineApplyTransactionThread - 0] INFO  volume.OMVolumeCreateRequest (OMVolumeCreateRequest.java:validateAndUpdateCache(197)) - created volume:vol-a-69835 for user:runner
2023-12-19 18:18:16,450 [main] INFO  rpc.RpcClient (RpcClient.java:createVolume(456)) - Creating Volume: vol-b-95065, with runner as owner and space quota set to -1 bytes, counts quota set to -1
2023-12-19 18:18:16,451 [om1-OMStateMachineApplyTransactionThread - 0] INFO  volume.OMVolumeCreateRequest (OMVolumeCreateRequest.java:validateAndUpdateCache(197)) - created volume:vol-b-95065 for user:runner
2023-12-19 18:18:16,453 [main] INFO  rpc.RpcClient (RpcClient.java:createBucket(683)) - Creating Bucket: vol-a-69835/buc-a-97512, with server-side default bucket layout, runner as owner, Versioning false, Storage Type set to DISK and Encryption set to false, Replication Type set to server-side default replication type, Namespace Quota set to -1, Space Quota set to -1 
2023-12-19 18:18:16,454 [om1-OMStateMachineApplyTransactionThread - 0] INFO  bucket.OMBucketCreateRequest (OMBucketCreateRequest.java:validateAndUpdateCache(295)) - created bucket: buc-a-97512 of layout OBJECT_STORE in volume: vol-a-69835
2023-12-19 18:18:16,455 [main] INFO  rpc.RpcClient (RpcClient.java:createBucket(683)) - Creating Bucket: vol-a-69835/buc-b-43406, with server-side default bucket layout, runner as owner, Versioning false, Storage Type set to DISK and Encryption set to false, Replication Type set to server-side default replication type, Namespace Quota set to -1, Space Quota set to -1 
2023-12-19 18:18:16,456 [om1-OMStateMachineApplyTransactionThread - 0] INFO  bucket.OMBucketCreateRequest (OMBucketCreateRequest.java:validateAndUpdateCache(295)) - created bucket: buc-b-43406 of layout OBJECT_STORE in volume: vol-a-69835
2023-12-19 18:18:16,456 [main] INFO  rpc.RpcClient (RpcClient.java:createBucket(683)) - Creating Bucket: vol-b-95065/buc-a-97512, with server-side default bucket layout, runner as owner, Versioning false, Storage Type set to DISK and Encryption set to false, Replication Type set to server-side default replication type, Namespace Quota set to -1, Space Quota set to -1 
2023-12-19 18:18:16,457 [om1-OMStateMachineApplyTransactionThread - 0] INFO  bucket.OMBucketCreateRequest (OMBucketCreateRequest.java:validateAndUpdateCache(295)) - created bucket: buc-a-97512 of layout OBJECT_STORE in volume: vol-b-95065
2023-12-19 18:18:16,457 [om1-OMDoubleBufferFlushThread] INFO  db.RDBCheckpointManager (RDBCheckpointManager.java:createCheckpoint(89)) - Created checkpoint in rocksDB at /home/runner/work/ozone/ozone/hadoop-ozone/integration-test/target/test-dir/MiniOzoneClusterImpl-c3f67427-b36b-4ee4-bde0-91623ce58163/ozone-meta/db.snapshots/checkpointState/om.db-5e0b9112-a568-490d-ad70-434670db2368 in 16 milliseconds
2023-12-19 18:18:16,457 [main] INFO  rpc.RpcClient (RpcClient.java:createBucket(683)) - Creating Bucket: vol-b-95065/buc-b-43406, with server-side default bucket layout, runner as owner, Versioning false, Storage Type set to DISK and Encryption set to false, Replication Type set to server-side default replication type, Namespace Quota set to -1, Space Quota set to -1 
2023-12-19 18:18:16,458 [om1-OMDoubleBufferFlushThread] INFO  db.RDBCheckpointUtils (RDBCheckpointUtils.java:waitForCheckpointDirectoryExist(60)) - Waited for 1 milliseconds for checkpoint directory /home/runner/work/ozone/ozone/hadoop-ozone/integration-test/target/test-dir/MiniOzoneClusterImpl-c3f67427-b36b-4ee4-bde0-91623ce58163/ozone-meta/db.snapshots/checkpointState/om.db-5e0b9112-a568-490d-ad70-434670db2368 availability.
2023-12-19 18:18:16,458 [om1-OMDoubleBufferFlushThread] INFO  om.OmSnapshotManager (OmSnapshotManager.java:createOmSnapshotCheckpoint(463)) - Created checkpoint : /home/runner/work/ozone/ozone/hadoop-ozone/integration-test/target/test-dir/MiniOzoneClusterImpl-c3f67427-b36b-4ee4-bde0-91623ce58163/ozone-meta/db.snapshots/checkpointState/om.db-5e0b9112-a568-490d-ad70-434670db2368 for snapshot s20231219-181816.304
2023-12-19 18:18:16,459 [om1-OMStateMachineApplyTransactionThread - 0] INFO  bucket.OMBucketCreateRequest (OMBucketCreateRequest.java:validateAndUpdateCache(295)) - created bucket: buc-b-43406 of layout OBJECT_STORE in volume: vol-b-95065
2023-12-19 18:18:16,468 [IPC Server handler 3 on default port 15001] WARN  node.SCMNodeManager (SCMNodeManager.java:getNodesByAddress(1440)) - address is null
2023-12-19 18:18:16,481 [om1-OMDoubleBufferFlushThread] INFO  db.RDBCheckpointManager (RDBCheckpointManager.java:createCheckpoint(89)) - Created checkpoint in rocksDB at /home/runner/work/ozone/ozone/hadoop-ozone/integration-test/target/test-dir/MiniOzoneClusterImpl-c3f67427-b36b-4ee4-bde0-91623ce58163/ozone-meta/db.snapshots/checkpointState/om.db-d09286b3-b2c2-4ab6-bbf6-904edb72cc59 in 20 milliseconds
2023-12-19 18:18:16,481 [IPC Server handler 19 on default port 15001] WARN  node.SCMNodeManager (SCMNodeManager.java:getNodesByAddress(1440)) - address is null
2023-12-19 18:18:16,483 [om1-OMDoubleBufferFlushThread] INFO  db.RDBCheckpointUtils (RDBCheckpointUtils.java:waitForCheckpointDirectoryExist(60)) - Waited for 2 milliseconds for checkpoint directory /home/runner/work/ozone/ozone/hadoop-ozone/integration-test/target/test-dir/MiniOzoneClusterImpl-c3f67427-b36b-4ee4-bde0-91623ce58163/ozone-meta/db.snapshots/checkpointState/om.db-d09286b3-b2c2-4ab6-bbf6-904edb72cc59 availability.
2023-12-19 18:18:16,483 [om1-OMDoubleBufferFlushThread] INFO  om.OmSnapshotManager (OmSnapshotManager.java:createOmSnapshotCheckpoint(463)) - Created checkpoint : /home/runner/work/ozone/ozone/hadoop-ozone/integration-test/target/test-dir/MiniOzoneClusterImpl-c3f67427-b36b-4ee4-bde0-91623ce58163/ozone-meta/db.snapshots/checkpointState/om.db-d09286b3-b2c2-4ab6-bbf6-904edb72cc59 for snapshot s20231219-181816.324
2023-12-19 18:18:16,509 [IPC Server handler 9 on default port 15001] WARN  node.SCMNodeManager (SCMNodeManager.java:getNodesByAddress(1440)) - address is null
2023-12-19 18:18:16,512 [om1-OMDoubleBufferFlushThread] INFO  db.RDBCheckpointManager (RDBCheckpointManager.java:createCheckpoint(89)) - Created checkpoint in rocksDB at /home/runner/work/ozone/ozone/hadoop-ozone/integration-test/target/test-dir/MiniOzoneClusterImpl-c3f67427-b36b-4ee4-bde0-91623ce58163/ozone-meta/db.snapshots/checkpointState/om.db-303d0161-2781-42a7-9142-1e6732bcddbb in 27 milliseconds
2023-12-19 18:18:16,513 [om1-OMDoubleBufferFlushThread] INFO  db.RDBCheckpointUtils (RDBCheckpointUtils.java:waitForCheckpointDirectoryExist(60)) - Waited for 0 milliseconds for checkpoint directory /home/runner/work/ozone/ozone/hadoop-ozone/integration-test/target/test-dir/MiniOzoneClusterImpl-c3f67427-b36b-4ee4-bde0-91623ce58163/ozone-meta/db.snapshots/checkpointState/om.db-303d0161-2781-42a7-9142-1e6732bcddbb availability.
2023-12-19 18:18:16,514 [om1-OMDoubleBufferFlushThread] WARN  om.OmSnapshotManager (OmSnapshotManager.java:performOperationOnKeys(530)) - Took 339534 ns to find endKey. Caller is deleteKeysFromDelDirTableInSnapshotScope
2023-12-19 18:18:16,514 [om1-OMDoubleBufferFlushThread] INFO  om.OmSnapshotManager (OmSnapshotManager.java:createOmSnapshotCheckpoint(463)) - Created checkpoint : /home/runner/work/ozone/ozone/hadoop-ozone/integration-test/target/test-dir/MiniOzoneClusterImpl-c3f67427-b36b-4ee4-bde0-91623ce58163/ozone-meta/db.snapshots/checkpointState/om.db-303d0161-2781-42a7-9142-1e6732bcddbb for snapshot s20231219-181816.342
2023-12-19 18:18:16,521 [IPC Server handler 17 on default port 15001] WARN  node.SCMNodeManager (SCMNodeManager.java:getNodesByAddress(1440)) - address is null
2023-12-19 18:18:16,538 [IPC Server handler 10 on default port 15001] WARN  node.SCMNodeManager (SCMNodeManager.java:getNodesByAddress(1440)) - address is null
2023-12-19 18:18:16,545 [om1-OMDoubleBufferFlushThread] INFO  db.RDBCheckpointManager (RDBCheckpointManager.java:createCheckpoint(89)) - Created checkpoint in rocksDB at /home/runner/work/ozone/ozone/hadoop-ozone/integration-test/target/test-dir/MiniOzoneClusterImpl-c3f67427-b36b-4ee4-bde0-91623ce58163/ozone-meta/db.snapshots/checkpointState/om.db-7ad2cf6b-ae99-4322-974e-2265b2bf1999 in 28 milliseconds
2023-12-19 18:18:16,546 [om1-OMDoubleBufferFlushThread] INFO  db.RDBCheckpointUtils (RDBCheckpointUtils.java:waitForCheckpointDirectoryExist(60)) - Waited for 1 milliseconds for checkpoint directory /home/runner/work/ozone/ozone/hadoop-ozone/integration-test/target/test-dir/MiniOzoneClusterImpl-c3f67427-b36b-4ee4-bde0-91623ce58163/ozone-meta/db.snapshots/checkpointState/om.db-7ad2cf6b-ae99-4322-974e-2265b2bf1999 availability.
2023-12-19 18:18:16,546 [om1-OMDoubleBufferFlushThread] INFO  om.OmSnapshotManager (OmSnapshotManager.java:createOmSnapshotCheckpoint(463)) - Created checkpoint : /home/runner/work/ozone/ozone/hadoop-ozone/integration-test/target/test-dir/MiniOzoneClusterImpl-c3f67427-b36b-4ee4-bde0-91623ce58163/ozone-meta/db.snapshots/checkpointState/om.db-7ad2cf6b-ae99-4322-974e-2265b2bf1999 for snapshot s20231219-181816.361
2023-12-19 18:18:16,550 [IPC Server handler 15 on default port 15001] WARN  node.SCMNodeManager (SCMNodeManager.java:getNodesByAddress(1440)) - address is null
2023-12-19 18:18:16,562 [IPC Server handler 5 on default port 15001] WARN  node.SCMNodeManager (SCMNodeManager.java:getNodesByAddress(1440)) - address is null
2023-12-19 18:18:16,568 [om1-OMDoubleBufferFlushThread] INFO  db.RDBCheckpointManager (RDBCheckpointManager.java:createCheckpoint(89)) - Created checkpoint in rocksDB at /home/runner/work/ozone/ozone/hadoop-ozone/integration-test/target/test-dir/MiniOzoneClusterImpl-c3f67427-b36b-4ee4-bde0-91623ce58163/ozone-meta/db.snapshots/checkpointState/om.db-1f97e268-1ae8-4b0f-b44c-e39da867b803 in 20 milliseconds
2023-12-19 18:18:16,569 [om1-OMDoubleBufferFlushThread] INFO  db.RDBCheckpointUtils (RDBCheckpointUtils.java:waitForCheckpointDirectoryExist(60)) - Waited for 1 milliseconds for checkpoint directory /home/runner/work/ozone/ozone/hadoop-ozone/integration-test/target/test-dir/MiniOzoneClusterImpl-c3f67427-b36b-4ee4-bde0-91623ce58163/ozone-meta/db.snapshots/checkpointState/om.db-1f97e268-1ae8-4b0f-b44c-e39da867b803 availability.
2023-12-19 18:18:16,570 [om1-OMDoubleBufferFlushThread] INFO  om.OmSnapshotManager (OmSnapshotManager.java:createOmSnapshotCheckpoint(463)) - Created checkpoint : /home/runner/work/ozone/ozone/hadoop-ozone/integration-test/target/test-dir/MiniOzoneClusterImpl-c3f67427-b36b-4ee4-bde0-91623ce58163/ozone-meta/db.snapshots/checkpointState/om.db-1f97e268-1ae8-4b0f-b44c-e39da867b803 for snapshot s20231219-181816.381
2023-12-19 18:18:16,573 [IPC Server handler 1 on default port 15001] WARN  node.SCMNodeManager (SCMNodeManager.java:getNodesByAddress(1440)) - address is null
2023-12-19 18:18:16,600 [IPC Server handler 7 on default port 15001] WARN  node.SCMNodeManager (SCMNodeManager.java:getNodesByAddress(1440)) - address is null
2023-12-19 18:18:16,608 [IPC Server handler 6 on default port 15001] WARN  node.SCMNodeManager (SCMNodeManager.java:getNodesByAddress(1440)) - address is null
2023-12-19 18:18:16,617 [IPC Server handler 2 on default port 15001] WARN  node.SCMNodeManager (SCMNodeManager.java:getNodesByAddress(1440)) - address is null
2023-12-19 18:18:16,623 [IPC Server handler 4 on default port 15001] WARN  node.SCMNodeManager (SCMNodeManager.java:getNodesByAddress(1440)) - address is null
2023-12-19 18:18:16,633 [IPC Server handler 13 on default port 15001] WARN  node.SCMNodeManager (SCMNodeManager.java:getNodesByAddress(1440)) - address is null
2023-12-19 18:18:16,640 [IPC Server handler 18 on default port 15001] WARN  node.SCMNodeManager (SCMNodeManager.java:getNodesByAddress(1440)) - address is null
2023-12-19 18:18:16,653 [IPC Server handler 8 on default port 15001] WARN  node.SCMNodeManager (SCMNodeManager.java:getNodesByAddress(1440)) - address is null
2023-12-19 18:18:16,663 [IPC Server handler 12 on default port 15001] WARN  node.SCMNodeManager (SCMNodeManager.java:getNodesByAddress(1440)) - address is null
2023-12-19 18:18:16,672 [IPC Server handler 0 on default port 15001] WARN  node.SCMNodeManager (SCMNodeManager.java:getNodesByAddress(1440)) - address is null
2023-12-19 18:18:16,679 [IPC Server handler 11 on default port 15001] WARN  node.SCMNodeManager (SCMNodeManager.java:getNodesByAddress(1440)) - address is null
2023-12-19 18:18:16,688 [IPC Server handler 14 on default port 15001] WARN  node.SCMNodeManager (SCMNodeManager.java:getNodesByAddress(1440)) - address is null
2023-12-19 18:18:16,695 [IPC Server handler 16 on default port 15001] WARN  node.SCMNodeManager (SCMNodeManager.java:getNodesByAddress(1440)) - address is null
2023-12-19 18:18:16,706 [IPC Server handler 3 on default port 15001] WARN  node.SCMNodeManager (SCMNodeManager.java:getNodesByAddress(1440)) - address is null
2023-12-19 18:18:16,714 [IPC Server handler 19 on default port 15001] WARN  node.SCMNodeManager (SCMNodeManager.java:getNodesByAddress(1440)) - address is null
2023-12-19 18:18:16,721 [IPC Server handler 9 on default port 15001] WARN  node.SCMNodeManager (SCMNodeManager.java:getNodesByAddress(1440)) - address is null
2023-12-19 18:18:16,727 [IPC Server handler 17 on default port 15001] WARN  node.SCMNodeManager (SCMNodeManager.java:getNodesByAddress(1440)) - address is null
2023-12-19 18:18:16,739 [IPC Server handler 10 on default port 15001] WARN  node.SCMNodeManager (SCMNodeManager.java:getNodesByAddress(1440)) - address is null
2023-12-19 18:18:16,746 [IPC Server handler 15 on default port 15001] WARN  node.SCMNodeManager (SCMNodeManager.java:getNodesByAddress(1440)) - address is null
2023-12-19 18:18:16,753 [IPC Server handler 5 on default port 15001] WARN  node.SCMNodeManager (SCMNodeManager.java:getNodesByAddress(1440)) - address is null
2023-12-19 18:18:16,759 [IPC Server handler 1 on default port 15001] WARN  node.SCMNodeManager (SCMNodeManager.java:getNodesByAddress(1440)) - address is null
2023-12-19 18:18:16,768 [IPC Server handler 7 on default port 15001] WARN  node.SCMNodeManager (SCMNodeManager.java:getNodesByAddress(1440)) - address is null
2023-12-19 18:18:16,775 [IPC Server handler 6 on default port 15001] WARN  node.SCMNodeManager (SCMNodeManager.java:getNodesByAddress(1440)) - address is null
2023-12-19 18:18:16,783 [IPC Server handler 2 on default port 15001] WARN  node.SCMNodeManager (SCMNodeManager.java:getNodesByAddress(1440)) - address is null
2023-12-19 18:18:16,790 [IPC Server handler 4 on default port 15001] WARN  node.SCMNodeManager (SCMNodeManager.java:getNodesByAddress(1440)) - address is null
2023-12-19 18:18:16,799 [IPC Server handler 13 on default port 15001] WARN  node.SCMNodeManager (SCMNodeManager.java:getNodesByAddress(1440)) - address is null
2023-12-19 18:18:16,806 [IPC Server handler 18 on default port 15001] WARN  node.SCMNodeManager (SCMNodeManager.java:getNodesByAddress(1440)) - address is null
2023-12-19 18:18:16,813 [IPC Server handler 8 on default port 15001] WARN  node.SCMNodeManager (SCMNodeManager.java:getNodesByAddress(1440)) - address is null
2023-12-19 18:18:16,821 [IPC Server handler 12 on default port 15001] WARN  node.SCMNodeManager (SCMNodeManager.java:getNodesByAddress(1440)) - address is null
2023-12-19 18:18:16,833 [IPC Server handler 0 on default port 15001] WARN  node.SCMNodeManager (SCMNodeManager.java:getNodesByAddress(1440)) - address is null
2023-12-19 18:18:16,842 [IPC Server handler 11 on default port 15001] WARN  node.SCMNodeManager (SCMNodeManager.java:getNodesByAddress(1440)) - address is null
2023-12-19 18:18:16,850 [IPC Server handler 14 on default port 15001] WARN  node.SCMNodeManager (SCMNodeManager.java:getNodesByAddress(1440)) - address is null
2023-12-19 18:18:16,865 [IPC Server handler 16 on default port 15001] WARN  node.SCMNodeManager (SCMNodeManager.java:getNodesByAddress(1440)) - address is null
2023-12-19 18:18:16,878 [IPC Server handler 3 on default port 15001] WARN  node.SCMNodeManager (SCMNodeManager.java:getNodesByAddress(1440)) - address is null
2023-12-19 18:18:16,888 [IPC Server handler 19 on default port 15001] WARN  node.SCMNodeManager (SCMNodeManager.java:getNodesByAddress(1440)) - address is null
2023-12-19 18:18:16,896 [IPC Server handler 9 on default port 15001] WARN  node.SCMNodeManager (SCMNodeManager.java:getNodesByAddress(1440)) - address is null
2023-12-19 18:18:16,905 [IPC Server handler 17 on default port 15001] WARN  node.SCMNodeManager (SCMNodeManager.java:getNodesByAddress(1440)) - address is null
2023-12-19 18:18:16,914 [IPC Server handler 10 on default port 15001] WARN  node.SCMNodeManager (SCMNodeManager.java:getNodesByAddress(1440)) - address is null
2023-12-19 18:18:16,922 [IPC Server handler 15 on default port 15001] WARN  node.SCMNodeManager (SCMNodeManager.java:getNodesByAddress(1440)) - address is null
2023-12-19 18:18:16,931 [IPC Server handler 5 on default port 15001] WARN  node.SCMNodeManager (SCMNodeManager.java:getNodesByAddress(1440)) - address is null
2023-12-19 18:18:16,954 [IPC Server handler 1 on default port 15001] WARN  node.SCMNodeManager (SCMNodeManager.java:getNodesByAddress(1440)) - address is null
2023-12-19 18:18:16,964 [IPC Server handler 7 on default port 15001] WARN  node.SCMNodeManager (SCMNodeManager.java:getNodesByAddress(1440)) - address is null
2023-12-19 18:18:16,974 [IPC Server handler 6 on default port 15001] WARN  node.SCMNodeManager (SCMNodeManager.java:getNodesByAddress(1440)) - address is null
2023-12-19 18:18:16,982 [IPC Server handler 2 on default port 15001] WARN  node.SCMNodeManager (SCMNodeManager.java:getNodesByAddress(1440)) - address is null
2023-12-19 18:18:16,990 [IPC Server handler 4 on default port 15001] WARN  node.SCMNodeManager (SCMNodeManager.java:getNodesByAddress(1440)) - address is null
2023-12-19 18:18:16,999 [IPC Server handler 13 on default port 15001] WARN  node.SCMNodeManager (SCMNodeManager.java:getNodesByAddress(1440)) - address is null
2023-12-19 18:18:17,007 [IPC Server handler 18 on default port 15001] WARN  node.SCMNodeManager (SCMNodeManager.java:getNodesByAddress(1440)) - address is null
2023-12-19 18:18:17,018 [IPC Server handler 8 on default port 15001] WARN  node.SCMNodeManager (SCMNodeManager.java:getNodesByAddress(1440)) - address is null
2023-12-19 18:18:17,026 [IPC Server handler 12 on default port 15001] WARN  node.SCMNodeManager (SCMNodeManager.java:getNodesByAddress(1440)) - address is null
2023-12-19 18:18:17,034 [IPC Server handler 0 on default port 15001] WARN  node.SCMNodeManager (SCMNodeManager.java:getNodesByAddress(1440)) - address is null
2023-12-19 18:18:17,041 [IPC Server handler 11 on default port 15001] WARN  node.SCMNodeManager (SCMNodeManager.java:getNodesByAddress(1440)) - address is null
2023-12-19 18:18:17,050 [IPC Server handler 14 on default port 15001] WARN  node.SCMNodeManager (SCMNodeManager.java:getNodesByAddress(1440)) - address is null
2023-12-19 18:18:17,057 [IPC Server handler 16 on default port 15001] WARN  node.SCMNodeManager (SCMNodeManager.java:getNodesByAddress(1440)) - address is null
2023-12-19 18:18:17,069 [IPC Server handler 3 on default port 15001] WARN  node.SCMNodeManager (SCMNodeManager.java:getNodesByAddress(1440)) - address is null
2023-12-19 18:18:17,080 [IPC Server handler 19 on default port 15001] WARN  node.SCMNodeManager (SCMNodeManager.java:getNodesByAddress(1440)) - address is null
2023-12-19 18:18:17,090 [IPC Server handler 9 on default port 15001] WARN  node.SCMNodeManager (SCMNodeManager.java:getNodesByAddress(1440)) - address is null
2023-12-19 18:18:17,105 [IPC Server handler 17 on default port 15001] WARN  node.SCMNodeManager (SCMNodeManager.java:getNodesByAddress(1440)) - address is null
2023-12-19 18:18:17,116 [IPC Server handler 10 on default port 15001] WARN  node.SCMNodeManager (SCMNodeManager.java:getNodesByAddress(1440)) - address is null
2023-12-19 18:18:17,134 [IPC Server handler 15 on default port 15001] WARN  node.SCMNodeManager (SCMNodeManager.java:getNodesByAddress(1440)) - address is null
2023-12-19 18:18:17,162 [IPC Server handler 5 on default port 15001] WARN  node.SCMNodeManager (SCMNodeManager.java:getNodesByAddress(1440)) - address is null
2023-12-19 18:18:17,172 [IPC Server handler 1 on default port 15001] WARN  node.SCMNodeManager (SCMNodeManager.java:getNodesByAddress(1440)) - address is null
2023-12-19 18:18:17,182 [IPC Server handler 7 on default port 15001] WARN  node.SCMNodeManager (SCMNodeManager.java:getNodesByAddress(1440)) - address is null
2023-12-19 18:18:17,195 [IPC Server handler 6 on default port 15001] WARN  node.SCMNodeManager (SCMNodeManager.java:getNodesByAddress(1440)) - address is null
2023-12-19 18:18:17,206 [IPC Server handler 2 on default port 15001] WARN  node.SCMNodeManager (SCMNodeManager.java:getNodesByAddress(1440)) - address is null
2023-12-19 18:18:17,217 [IPC Server handler 4 on default port 15001] WARN  node.SCMNodeManager (SCMNodeManager.java:getNodesByAddress(1440)) - address is null
2023-12-19 18:18:17,228 [IPC Server handler 13 on default port 15001] WARN  node.SCMNodeManager (SCMNodeManager.java:getNodesByAddress(1440)) - address is null
2023-12-19 18:18:17,237 [IPC Server handler 18 on default port 15001] WARN  node.SCMNodeManager (SCMNodeManager.java:getNodesByAddress(1440)) - address is null
2023-12-19 18:18:17,247 [IPC Server handler 8 on default port 15001] WARN  node.SCMNodeManager (SCMNodeManager.java:getNodesByAddress(1440)) - address is null
2023-12-19 18:18:17,261 [IPC Server handler 12 on default port 15001] WARN  node.SCMNodeManager (SCMNodeManager.java:getNodesByAddress(1440)) - address is null
2023-12-19 18:18:17,273 [IPC Server handler 0 on default port 15001] WARN  node.SCMNodeManager (SCMNodeManager.java:getNodesByAddress(1440)) - address is null
2023-12-19 18:18:17,284 [IPC Server handler 11 on default port 15001] WARN  node.SCMNodeManager (SCMNodeManager.java:getNodesByAddress(1440)) - address is null
2023-12-19 18:18:17,295 [IPC Server handler 14 on default port 15001] WARN  node.SCMNodeManager (SCMNodeManager.java:getNodesByAddress(1440)) - address is null
2023-12-19 18:18:17,304 [IPC Server handler 16 on default port 15001] WARN  node.SCMNodeManager (SCMNodeManager.java:getNodesByAddress(1440)) - address is null
]]></system-out>
  </testcase>
  <testcase name="testListKeyOnEmptyBucket" classname="org.apache.hadoop.ozone.client.rpc.TestSecureOzoneRpcClient" time="0.009">
    <system-out><![CDATA[2023-12-19 18:18:17,346 [main] INFO  rpc.RpcClient (RpcClient.java:createVolume(456)) - Creating Volume: vol-23984, with runner as owner and space quota set to -1 bytes, counts quota set to -1
2023-12-19 18:18:17,348 [om1-OMStateMachineApplyTransactionThread - 0] INFO  volume.OMVolumeCreateRequest (OMVolumeCreateRequest.java:validateAndUpdateCache(197)) - created volume:vol-23984 for user:runner
2023-12-19 18:18:17,349 [main] INFO  rpc.RpcClient (RpcClient.java:createBucket(683)) - Creating Bucket: vol-23984/buc-85922, with server-side default bucket layout, runner as owner, Versioning false, Storage Type set to DISK and Encryption set to false, Replication Type set to server-side default replication type, Namespace Quota set to -1, Space Quota set to -1 
2023-12-19 18:18:17,351 [om1-OMStateMachineApplyTransactionThread - 0] INFO  bucket.OMBucketCreateRequest (OMBucketCreateRequest.java:validateAndUpdateCache(295)) - created bucket: buc-85922 of layout OBJECT_STORE in volume: vol-23984
]]></system-out>
  </testcase>
  <testcase name="testListMultipartUploadParts(ReplicationConfig)[1]" classname="org.apache.hadoop.ozone.client.rpc.TestSecureOzoneRpcClient" time="0.128">
    <system-out><![CDATA[2023-12-19 18:18:17,357 [main] INFO  rpc.RpcClient (RpcClient.java:createVolume(456)) - Creating Volume: 7325faaf-4cde-4edf-ab90-3f2819614bc2, with runner as owner and space quota set to -1 bytes, counts quota set to -1
2023-12-19 18:18:17,360 [om1-OMStateMachineApplyTransactionThread - 0] INFO  volume.OMVolumeCreateRequest (OMVolumeCreateRequest.java:validateAndUpdateCache(197)) - created volume:7325faaf-4cde-4edf-ab90-3f2819614bc2 for user:runner
2023-12-19 18:18:17,361 [main] INFO  rpc.RpcClient (RpcClient.java:createBucket(683)) - Creating Bucket: 7325faaf-4cde-4edf-ab90-3f2819614bc2/1e31091d-8e30-4020-8350-6f6a5ed11922, with server-side default bucket layout, runner as owner, Versioning false, Storage Type set to DISK and Encryption set to false, Replication Type set to server-side default replication type, Namespace Quota set to -1, Space Quota set to -1 
2023-12-19 18:18:17,363 [om1-OMStateMachineApplyTransactionThread - 0] INFO  bucket.OMBucketCreateRequest (OMBucketCreateRequest.java:validateAndUpdateCache(295)) - created bucket: 1e31091d-8e30-4020-8350-6f6a5ed11922 of layout OBJECT_STORE in volume: 7325faaf-4cde-4edf-ab90-3f2819614bc2
2023-12-19 18:18:17,369 [IPC Server handler 3 on default port 15001] WARN  node.SCMNodeManager (SCMNodeManager.java:getNodesByAddress(1440)) - address is null
2023-12-19 18:18:17,394 [IPC Server handler 19 on default port 15001] WARN  node.SCMNodeManager (SCMNodeManager.java:getNodesByAddress(1440)) - address is null
2023-12-19 18:18:17,407 [IPC Server handler 9 on default port 15001] WARN  node.SCMNodeManager (SCMNodeManager.java:getNodesByAddress(1440)) - address is null
2023-12-19 18:18:17,430 [IPC Server handler 17 on default port 15001] WARN  node.SCMNodeManager (SCMNodeManager.java:getNodesByAddress(1440)) - address is null
2023-12-19 18:18:17,444 [IPC Server handler 10 on default port 15001] WARN  node.SCMNodeManager (SCMNodeManager.java:getNodesByAddress(1440)) - address is null
2023-12-19 18:18:17,461 [IPC Server handler 15 on default port 15001] WARN  node.SCMNodeManager (SCMNodeManager.java:getNodesByAddress(1440)) - address is null
2023-12-19 18:18:17,478 [IPC Server handler 14 on default port 15004] DEBUG db.CodecBuffer (CodecBuffer.java:setCapacity(328)) - setCapacity: 4096 -> 5701, max=2147483647
]]></system-out>
  </testcase>
  <testcase name="testListMultipartUploadParts(ReplicationConfig)[2]" classname="org.apache.hadoop.ozone.client.rpc.TestSecureOzoneRpcClient" time="0.214">
    <system-out><![CDATA[2023-12-19 18:18:17,487 [main] INFO  rpc.RpcClient (RpcClient.java:createVolume(456)) - Creating Volume: ca205bcd-d47f-4ea6-937e-33714b071abb, with runner as owner and space quota set to -1 bytes, counts quota set to -1
2023-12-19 18:18:17,488 [om1-OMStateMachineApplyTransactionThread - 0] INFO  volume.OMVolumeCreateRequest (OMVolumeCreateRequest.java:validateAndUpdateCache(197)) - created volume:ca205bcd-d47f-4ea6-937e-33714b071abb for user:runner
2023-12-19 18:18:17,490 [main] INFO  rpc.RpcClient (RpcClient.java:createBucket(683)) - Creating Bucket: ca205bcd-d47f-4ea6-937e-33714b071abb/2d748f51-b638-4301-b134-5a865199415f, with server-side default bucket layout, runner as owner, Versioning false, Storage Type set to DISK and Encryption set to false, Replication Type set to server-side default replication type, Namespace Quota set to -1, Space Quota set to -1 
2023-12-19 18:18:17,491 [om1-OMStateMachineApplyTransactionThread - 0] INFO  bucket.OMBucketCreateRequest (OMBucketCreateRequest.java:validateAndUpdateCache(295)) - created bucket: 2d748f51-b638-4301-b134-5a865199415f of layout OBJECT_STORE in volume: ca205bcd-d47f-4ea6-937e-33714b071abb
2023-12-19 18:18:17,498 [IPC Server handler 5 on default port 15001] WARN  node.SCMNodeManager (SCMNodeManager.java:getNodesByAddress(1440)) - address is null
2023-12-19 18:18:17,545 [IPC Server handler 1 on default port 15001] WARN  node.SCMNodeManager (SCMNodeManager.java:getNodesByAddress(1440)) - address is null
2023-12-19 18:18:17,570 [IPC Server handler 7 on default port 15001] WARN  node.SCMNodeManager (SCMNodeManager.java:getNodesByAddress(1440)) - address is null
2023-12-19 18:18:17,618 [IPC Server handler 6 on default port 15001] WARN  node.SCMNodeManager (SCMNodeManager.java:getNodesByAddress(1440)) - address is null
2023-12-19 18:18:17,641 [IPC Server handler 2 on default port 15001] WARN  node.SCMNodeManager (SCMNodeManager.java:getNodesByAddress(1440)) - address is null
2023-12-19 18:18:17,678 [IPC Server handler 4 on default port 15001] WARN  node.SCMNodeManager (SCMNodeManager.java:getNodesByAddress(1440)) - address is null
2023-12-19 18:18:17,695 [om1-OMStateMachineApplyTransactionThread - 0] DEBUG db.CodecBuffer (CodecBuffer.java:setCapacity(328)) - setCapacity: 4096 -> 6556, max=2147483647
2023-12-19 18:18:17,699 [IPC Server handler 2 on default port 15004] DEBUG db.CodecBuffer (CodecBuffer.java:setCapacity(328)) - setCapacity: 4096 -> 9791, max=2147483647
]]></system-out>
  </testcase>
  <testcase name="testListMultipartUploadParts(ReplicationConfig)[3]" classname="org.apache.hadoop.ozone.client.rpc.TestSecureOzoneRpcClient" time="0.142">
    <system-out><![CDATA[2023-12-19 18:18:17,702 [main] INFO  rpc.RpcClient (RpcClient.java:createVolume(456)) - Creating Volume: 8bf64baf-9c18-45d9-bacf-6e5857574c49, with runner as owner and space quota set to -1 bytes, counts quota set to -1
2023-12-19 18:18:17,704 [om1-OMStateMachineApplyTransactionThread - 0] INFO  volume.OMVolumeCreateRequest (OMVolumeCreateRequest.java:validateAndUpdateCache(197)) - created volume:8bf64baf-9c18-45d9-bacf-6e5857574c49 for user:runner
2023-12-19 18:18:17,706 [main] INFO  rpc.RpcClient (RpcClient.java:createBucket(683)) - Creating Bucket: 8bf64baf-9c18-45d9-bacf-6e5857574c49/591e6a49-5d58-4b03-a608-bf63e91268e8, with server-side default bucket layout, runner as owner, Versioning false, Storage Type set to DISK and Encryption set to false, Replication Type set to server-side default replication type, Namespace Quota set to -1, Space Quota set to -1 
2023-12-19 18:18:17,707 [om1-OMStateMachineApplyTransactionThread - 0] INFO  bucket.OMBucketCreateRequest (OMBucketCreateRequest.java:validateAndUpdateCache(295)) - created bucket: 591e6a49-5d58-4b03-a608-bf63e91268e8 of layout OBJECT_STORE in volume: 8bf64baf-9c18-45d9-bacf-6e5857574c49
2023-12-19 18:18:17,723 [IPC Server handler 13 on default port 15001] WARN  node.SCMNodeManager (SCMNodeManager.java:getNodesByAddress(1440)) - address is null
2023-12-19 18:18:17,772 [IPC Server handler 18 on default port 15001] WARN  node.SCMNodeManager (SCMNodeManager.java:getNodesByAddress(1440)) - address is null
2023-12-19 18:18:17,808 [IPC Server handler 8 on default port 15001] WARN  node.SCMNodeManager (SCMNodeManager.java:getNodesByAddress(1440)) - address is null
2023-12-19 18:18:17,838 [om1-OMStateMachineApplyTransactionThread - 0] DEBUG db.CodecBuffer (CodecBuffer.java:setCapacity(328)) - setCapacity: 4096 -> 4951, max=2147483647
2023-12-19 18:18:17,842 [IPC Server handler 4 on default port 15004] DEBUG db.CodecBuffer (CodecBuffer.java:setCapacity(328)) - setCapacity: 4096 -> 7380, max=2147483647
]]></system-out>
  </testcase>
  <testcase name="testListMultipartUploadPartsWithContinuation(ReplicationConfig)[1]" classname="org.apache.hadoop.ozone.client.rpc.TestSecureOzoneRpcClient" time="0.122">
    <system-out><![CDATA[2023-12-19 18:18:17,846 [main] INFO  rpc.RpcClient (RpcClient.java:createVolume(456)) - Creating Volume: 50777ce8-93e6-41b4-94ec-00e32e998b64, with runner as owner and space quota set to -1 bytes, counts quota set to -1
2023-12-19 18:18:17,848 [om1-OMStateMachineApplyTransactionThread - 0] INFO  volume.OMVolumeCreateRequest (OMVolumeCreateRequest.java:validateAndUpdateCache(197)) - created volume:50777ce8-93e6-41b4-94ec-00e32e998b64 for user:runner
2023-12-19 18:18:17,850 [main] INFO  rpc.RpcClient (RpcClient.java:createBucket(683)) - Creating Bucket: 50777ce8-93e6-41b4-94ec-00e32e998b64/14960195-45d7-464c-982f-32c882ef7fdf, with server-side default bucket layout, runner as owner, Versioning false, Storage Type set to DISK and Encryption set to false, Replication Type set to server-side default replication type, Namespace Quota set to -1, Space Quota set to -1 
2023-12-19 18:18:17,851 [om1-OMStateMachineApplyTransactionThread - 0] INFO  bucket.OMBucketCreateRequest (OMBucketCreateRequest.java:validateAndUpdateCache(295)) - created bucket: 14960195-45d7-464c-982f-32c882ef7fdf of layout OBJECT_STORE in volume: 50777ce8-93e6-41b4-94ec-00e32e998b64
2023-12-19 18:18:17,858 [IPC Server handler 12 on default port 15001] WARN  node.SCMNodeManager (SCMNodeManager.java:getNodesByAddress(1440)) - address is null
2023-12-19 18:18:17,885 [IPC Server handler 0 on default port 15001] WARN  node.SCMNodeManager (SCMNodeManager.java:getNodesByAddress(1440)) - address is null
2023-12-19 18:18:17,898 [IPC Server handler 11 on default port 15001] WARN  node.SCMNodeManager (SCMNodeManager.java:getNodesByAddress(1440)) - address is null
2023-12-19 18:18:17,919 [IPC Server handler 14 on default port 15001] WARN  node.SCMNodeManager (SCMNodeManager.java:getNodesByAddress(1440)) - address is null
2023-12-19 18:18:17,933 [IPC Server handler 16 on default port 15001] WARN  node.SCMNodeManager (SCMNodeManager.java:getNodesByAddress(1440)) - address is null
2023-12-19 18:18:17,952 [IPC Server handler 3 on default port 15001] WARN  node.SCMNodeManager (SCMNodeManager.java:getNodesByAddress(1440)) - address is null
2023-12-19 18:18:17,965 [IPC Server handler 19 on default port 15004] DEBUG db.CodecBuffer (CodecBuffer.java:setCapacity(328)) - setCapacity: 4096 -> 5699, max=2147483647
2023-12-19 18:18:17,966 [IPC Server handler 6 on default port 15004] DEBUG db.CodecBuffer (CodecBuffer.java:setCapacity(328)) - setCapacity: 4096 -> 5699, max=2147483647
]]></system-out>
  </testcase>
  <testcase name="testListMultipartUploadPartsWithContinuation(ReplicationConfig)[2]" classname="org.apache.hadoop.ozone.client.rpc.TestSecureOzoneRpcClient" time="0.208">
    <system-out><![CDATA[2023-12-19 18:18:17,968 [main] INFO  rpc.RpcClient (RpcClient.java:createVolume(456)) - Creating Volume: a0976554-e33d-43ea-bc4b-50fbf5b9682e, with runner as owner and space quota set to -1 bytes, counts quota set to -1
2023-12-19 18:18:17,970 [om1-OMStateMachineApplyTransactionThread - 0] INFO  volume.OMVolumeCreateRequest (OMVolumeCreateRequest.java:validateAndUpdateCache(197)) - created volume:a0976554-e33d-43ea-bc4b-50fbf5b9682e for user:runner
2023-12-19 18:18:17,971 [main] INFO  rpc.RpcClient (RpcClient.java:createBucket(683)) - Creating Bucket: a0976554-e33d-43ea-bc4b-50fbf5b9682e/587f6795-d51a-433e-a2f2-1d39d8b1a34f, with server-side default bucket layout, runner as owner, Versioning false, Storage Type set to DISK and Encryption set to false, Replication Type set to server-side default replication type, Namespace Quota set to -1, Space Quota set to -1 
2023-12-19 18:18:17,972 [om1-OMStateMachineApplyTransactionThread - 0] INFO  bucket.OMBucketCreateRequest (OMBucketCreateRequest.java:validateAndUpdateCache(295)) - created bucket: 587f6795-d51a-433e-a2f2-1d39d8b1a34f of layout OBJECT_STORE in volume: a0976554-e33d-43ea-bc4b-50fbf5b9682e
2023-12-19 18:18:17,980 [IPC Server handler 19 on default port 15001] WARN  node.SCMNodeManager (SCMNodeManager.java:getNodesByAddress(1440)) - address is null
2023-12-19 18:18:18,020 [IPC Server handler 9 on default port 15001] WARN  node.SCMNodeManager (SCMNodeManager.java:getNodesByAddress(1440)) - address is null
2023-12-19 18:18:18,043 [IPC Server handler 17 on default port 15001] WARN  node.SCMNodeManager (SCMNodeManager.java:getNodesByAddress(1440)) - address is null
2023-12-19 18:18:18,081 [IPC Server handler 10 on default port 15001] WARN  node.SCMNodeManager (SCMNodeManager.java:getNodesByAddress(1440)) - address is null
2023-12-19 18:18:18,105 [IPC Server handler 15 on default port 15001] WARN  node.SCMNodeManager (SCMNodeManager.java:getNodesByAddress(1440)) - address is null
2023-12-19 18:18:18,152 [IPC Server handler 5 on default port 15001] WARN  node.SCMNodeManager (SCMNodeManager.java:getNodesByAddress(1440)) - address is null
2023-12-19 18:18:18,170 [om1-OMStateMachineApplyTransactionThread - 0] DEBUG db.CodecBuffer (CodecBuffer.java:setCapacity(328)) - setCapacity: 4096 -> 6558, max=2147483647
2023-12-19 18:18:18,173 [IPC Server handler 18 on default port 15004] DEBUG db.CodecBuffer (CodecBuffer.java:setCapacity(328)) - setCapacity: 4096 -> 9795, max=2147483647
2023-12-19 18:18:18,174 [IPC Server handler 19 on default port 15004] DEBUG db.CodecBuffer (CodecBuffer.java:setCapacity(328)) - setCapacity: 4096 -> 9795, max=2147483647
]]></system-out>
  </testcase>
  <testcase name="testListMultipartUploadPartsWithContinuation(ReplicationConfig)[3]" classname="org.apache.hadoop.ozone.client.rpc.TestSecureOzoneRpcClient" time="0.167">
    <system-out><![CDATA[2023-12-19 18:18:18,176 [main] INFO  rpc.RpcClient (RpcClient.java:createVolume(456)) - Creating Volume: 8f98d1b7-7fe3-4275-953b-bdd1d41619ab, with runner as owner and space quota set to -1 bytes, counts quota set to -1
2023-12-19 18:18:18,178 [om1-OMStateMachineApplyTransactionThread - 0] INFO  volume.OMVolumeCreateRequest (OMVolumeCreateRequest.java:validateAndUpdateCache(197)) - created volume:8f98d1b7-7fe3-4275-953b-bdd1d41619ab for user:runner
2023-12-19 18:18:18,180 [main] INFO  rpc.RpcClient (RpcClient.java:createBucket(683)) - Creating Bucket: 8f98d1b7-7fe3-4275-953b-bdd1d41619ab/28dc1922-f171-4b14-8551-eca5a35a625a, with server-side default bucket layout, runner as owner, Versioning false, Storage Type set to DISK and Encryption set to false, Replication Type set to server-side default replication type, Namespace Quota set to -1, Space Quota set to -1 
2023-12-19 18:18:18,181 [om1-OMStateMachineApplyTransactionThread - 0] INFO  bucket.OMBucketCreateRequest (OMBucketCreateRequest.java:validateAndUpdateCache(295)) - created bucket: 28dc1922-f171-4b14-8551-eca5a35a625a of layout OBJECT_STORE in volume: 8f98d1b7-7fe3-4275-953b-bdd1d41619ab
2023-12-19 18:18:18,196 [IPC Server handler 1 on default port 15001] WARN  node.SCMNodeManager (SCMNodeManager.java:getNodesByAddress(1440)) - address is null
2023-12-19 18:18:18,263 [IPC Server handler 7 on default port 15001] WARN  node.SCMNodeManager (SCMNodeManager.java:getNodesByAddress(1440)) - address is null
2023-12-19 18:18:18,313 [IPC Server handler 6 on default port 15001] WARN  node.SCMNodeManager (SCMNodeManager.java:getNodesByAddress(1440)) - address is null
2023-12-19 18:18:18,339 [om1-OMStateMachineApplyTransactionThread - 0] DEBUG db.CodecBuffer (CodecBuffer.java:setCapacity(328)) - setCapacity: 4096 -> 4954, max=2147483647
2023-12-19 18:18:18,341 [IPC Server handler 9 on default port 15004] DEBUG db.CodecBuffer (CodecBuffer.java:setCapacity(328)) - setCapacity: 4096 -> 7380, max=2147483647
2023-12-19 18:18:18,342 [IPC Server handler 10 on default port 15004] DEBUG db.CodecBuffer (CodecBuffer.java:setCapacity(328)) - setCapacity: 4096 -> 7380, max=2147483647
]]></system-out>
  </testcase>
  <testcase name="testListPartsInvalidMaxParts" classname="org.apache.hadoop.ozone.client.rpc.TestSecureOzoneRpcClient" time="0.006">
    <system-out><![CDATA[2023-12-19 18:18:18,344 [main] INFO  rpc.RpcClient (RpcClient.java:createVolume(456)) - Creating Volume: 25bf702e-998f-4aaf-8059-55048fc7c28a, with runner as owner and space quota set to -1 bytes, counts quota set to -1
2023-12-19 18:18:18,346 [om1-OMStateMachineApplyTransactionThread - 0] INFO  volume.OMVolumeCreateRequest (OMVolumeCreateRequest.java:validateAndUpdateCache(197)) - created volume:25bf702e-998f-4aaf-8059-55048fc7c28a for user:runner
2023-12-19 18:18:18,347 [main] INFO  rpc.RpcClient (RpcClient.java:createBucket(683)) - Creating Bucket: 25bf702e-998f-4aaf-8059-55048fc7c28a/1452fb6a-8b48-4941-b904-752ca17f4c55, with server-side default bucket layout, runner as owner, Versioning false, Storage Type set to DISK and Encryption set to false, Replication Type set to server-side default replication type, Namespace Quota set to -1, Space Quota set to -1 
2023-12-19 18:18:18,349 [om1-OMStateMachineApplyTransactionThread - 0] INFO  bucket.OMBucketCreateRequest (OMBucketCreateRequest.java:validateAndUpdateCache(295)) - created bucket: 1452fb6a-8b48-4941-b904-752ca17f4c55 of layout OBJECT_STORE in volume: 25bf702e-998f-4aaf-8059-55048fc7c28a
]]></system-out>
  </testcase>
  <testcase name="testListPartsInvalidPartMarker" classname="org.apache.hadoop.ozone.client.rpc.TestSecureOzoneRpcClient" time="0.006">
    <system-out><![CDATA[2023-12-19 18:18:18,351 [main] INFO  rpc.RpcClient (RpcClient.java:createVolume(456)) - Creating Volume: c62accd2-f8ec-4068-a6cf-1544741a8adc, with runner as owner and space quota set to -1 bytes, counts quota set to -1
2023-12-19 18:18:18,353 [om1-OMStateMachineApplyTransactionThread - 0] INFO  volume.OMVolumeCreateRequest (OMVolumeCreateRequest.java:validateAndUpdateCache(197)) - created volume:c62accd2-f8ec-4068-a6cf-1544741a8adc for user:runner
2023-12-19 18:18:18,354 [main] INFO  rpc.RpcClient (RpcClient.java:createBucket(683)) - Creating Bucket: c62accd2-f8ec-4068-a6cf-1544741a8adc/441b65dd-67b7-4109-acf8-4383e4530146, with server-side default bucket layout, runner as owner, Versioning false, Storage Type set to DISK and Encryption set to false, Replication Type set to server-side default replication type, Namespace Quota set to -1, Space Quota set to -1 
2023-12-19 18:18:18,355 [om1-OMStateMachineApplyTransactionThread - 0] INFO  bucket.OMBucketCreateRequest (OMBucketCreateRequest.java:validateAndUpdateCache(295)) - created bucket: 441b65dd-67b7-4109-acf8-4383e4530146 of layout OBJECT_STORE in volume: c62accd2-f8ec-4068-a6cf-1544741a8adc
]]></system-out>
  </testcase>
  <testcase name="testListPartsWithInvalidUploadID" classname="org.apache.hadoop.ozone.client.rpc.TestSecureOzoneRpcClient" time="0.008">
    <system-out><![CDATA[2023-12-19 18:18:18,359 [main] INFO  rpc.RpcClient (RpcClient.java:createVolume(456)) - Creating Volume: a0aa362d-e517-4391-a966-5ef7754ff81e, with runner as owner and space quota set to -1 bytes, counts quota set to -1
2023-12-19 18:18:18,361 [om1-OMStateMachineApplyTransactionThread - 0] INFO  volume.OMVolumeCreateRequest (OMVolumeCreateRequest.java:validateAndUpdateCache(197)) - created volume:a0aa362d-e517-4391-a966-5ef7754ff81e for user:runner
2023-12-19 18:18:18,362 [main] INFO  rpc.RpcClient (RpcClient.java:createBucket(683)) - Creating Bucket: a0aa362d-e517-4391-a966-5ef7754ff81e/726af36d-6c42-4ba0-8b9c-36956c5da6d9, with server-side default bucket layout, runner as owner, Versioning false, Storage Type set to DISK and Encryption set to false, Replication Type set to server-side default replication type, Namespace Quota set to -1, Space Quota set to -1 
2023-12-19 18:18:18,363 [om1-OMStateMachineApplyTransactionThread - 0] INFO  bucket.OMBucketCreateRequest (OMBucketCreateRequest.java:validateAndUpdateCache(295)) - created bucket: 726af36d-6c42-4ba0-8b9c-36956c5da6d9 of layout OBJECT_STORE in volume: a0aa362d-e517-4391-a966-5ef7754ff81e
18:18:18.365 [IPC Server handler 14 on default port 15004] ERROR OMAudit - user=runner | ip=127.0.0.1 | op=LIST_MULTIPART_UPLOAD_PARTS {volume=a0aa362d-e517-4391-a966-5ef7754ff81e, bucket=726af36d-6c42-4ba0-8b9c-36956c5da6d9, key=6652df50-d7fe-4591-9d90-fd86b34d9ebc, uploadID=random, partNumberMarker=100, maxParts=2} | ret=FAILURE
org.apache.hadoop.ozone.om.exceptions.OMException: No Such Multipart upload exists for this key.
	at org.apache.hadoop.ozone.om.KeyManagerImpl.listParts(KeyManagerImpl.java:769) ~[ozone-manager-1.5.0-SNAPSHOT.jar:?]
	at org.apache.hadoop.ozone.om.OzoneManager.listParts(OzoneManager.java:3595) ~[ozone-manager-1.5.0-SNAPSHOT.jar:?]
	at org.apache.hadoop.ozone.protocolPB.OzoneManagerRequestHandler.listParts(OzoneManagerRequestHandler.java:932) ~[ozone-manager-1.5.0-SNAPSHOT.jar:?]
	at org.apache.hadoop.ozone.protocolPB.OzoneManagerRequestHandler.handleReadRequest(OzoneManagerRequestHandler.java:239) ~[ozone-manager-1.5.0-SNAPSHOT.jar:?]
	at org.apache.hadoop.ozone.protocolPB.OzoneManagerProtocolServerSideTranslatorPB.submitReadRequestToOM(OzoneManagerProtocolServerSideTranslatorPB.java:265) ~[ozone-manager-1.5.0-SNAPSHOT.jar:?]
	at org.apache.hadoop.ozone.protocolPB.OzoneManagerProtocolServerSideTranslatorPB.internalProcessRequest(OzoneManagerProtocolServerSideTranslatorPB.java:211) ~[ozone-manager-1.5.0-SNAPSHOT.jar:?]
	at org.apache.hadoop.ozone.protocolPB.OzoneManagerProtocolServerSideTranslatorPB.processRequest(OzoneManagerProtocolServerSideTranslatorPB.java:171) ~[ozone-manager-1.5.0-SNAPSHOT.jar:?]
	at org.apache.hadoop.hdds.server.OzoneProtocolMessageDispatcher.processRequest(OzoneProtocolMessageDispatcher.java:89) [hdds-server-framework-1.5.0-SNAPSHOT.jar:?]
	at org.apache.hadoop.ozone.protocolPB.OzoneManagerProtocolServerSideTranslatorPB.submitRequest(OzoneManagerProtocolServerSideTranslatorPB.java:162) [ozone-manager-1.5.0-SNAPSHOT.jar:?]
	at org.apache.hadoop.ozone.protocol.proto.OzoneManagerProtocolProtos$OzoneManagerService$2.callBlockingMethod(OzoneManagerProtocolProtos.java) [ozone-interface-client-1.5.0-SNAPSHOT.jar:?]
	at org.apache.hadoop.ipc.ProtobufRpcEngine$Server.processCall(ProtobufRpcEngine.java:484) [hadoop-common-3.3.6.jar:?]
	at org.apache.hadoop.ipc.ProtobufRpcEngine2$Server$ProtoBufRpcInvoker.call(ProtobufRpcEngine2.java:595) [hadoop-common-3.3.6.jar:?]
	at org.apache.hadoop.ipc.ProtobufRpcEngine2$Server$ProtoBufRpcInvoker.call(ProtobufRpcEngine2.java:573) [hadoop-common-3.3.6.jar:?]
	at org.apache.hadoop.ipc.RPC$Server.call(RPC.java:1227) [hadoop-common-3.3.6.jar:?]
	at org.apache.hadoop.ipc.Server$RpcCall.run(Server.java:1094) [hadoop-common-3.3.6.jar:?]
	at org.apache.hadoop.ipc.Server$RpcCall.run(Server.java:1017) [hadoop-common-3.3.6.jar:?]
	at java.security.AccessController.doPrivileged(Native Method) ~[?:1.8.0_392]
	at javax.security.auth.Subject.doAs(Subject.java:422) [?:1.8.0_392]
	at org.apache.hadoop.security.UserGroupInformation.doAs(UserGroupInformation.java:1899) [hadoop-common-3.3.6.jar:?]
	at org.apache.hadoop.ipc.Server$Handler.run(Server.java:3048) [hadoop-common-3.3.6.jar:?]
]]></system-out>
  </testcase>
  <testcase name="testListPartsWithPartMarkerGreaterThanPartCount" classname="org.apache.hadoop.ozone.client.rpc.TestSecureOzoneRpcClient" time="0.043">
    <system-out><![CDATA[2023-12-19 18:18:18,367 [main] INFO  rpc.RpcClient (RpcClient.java:createVolume(456)) - Creating Volume: 0307007a-6bd8-4889-b322-14dbca7e56da, with runner as owner and space quota set to -1 bytes, counts quota set to -1
2023-12-19 18:18:18,369 [om1-OMStateMachineApplyTransactionThread - 0] INFO  volume.OMVolumeCreateRequest (OMVolumeCreateRequest.java:validateAndUpdateCache(197)) - created volume:0307007a-6bd8-4889-b322-14dbca7e56da for user:runner
2023-12-19 18:18:18,370 [main] INFO  rpc.RpcClient (RpcClient.java:createBucket(683)) - Creating Bucket: 0307007a-6bd8-4889-b322-14dbca7e56da/d830b28a-4594-4994-8a03-7a064bda4ac1, with server-side default bucket layout, runner as owner, Versioning false, Storage Type set to DISK and Encryption set to false, Replication Type set to server-side default replication type, Namespace Quota set to -1, Space Quota set to -1 
2023-12-19 18:18:18,372 [om1-OMStateMachineApplyTransactionThread - 0] INFO  bucket.OMBucketCreateRequest (OMBucketCreateRequest.java:validateAndUpdateCache(295)) - created bucket: d830b28a-4594-4994-8a03-7a064bda4ac1 of layout OBJECT_STORE in volume: 0307007a-6bd8-4889-b322-14dbca7e56da
2023-12-19 18:18:18,380 [IPC Server handler 2 on default port 15001] WARN  node.SCMNodeManager (SCMNodeManager.java:getNodesByAddress(1440)) - address is null
2023-12-19 18:18:18,398 [IPC Server handler 4 on default port 15001] WARN  node.SCMNodeManager (SCMNodeManager.java:getNodesByAddress(1440)) - address is null
]]></system-out>
  </testcase>
  <testcase name="testListSnapshot" classname="org.apache.hadoop.ozone.client.rpc.TestSecureOzoneRpcClient" time="1.489">
    <failure message="expected: &lt;20&gt; but was: &lt;21&gt;" type="org.opentest4j.AssertionFailedError"><![CDATA[org.opentest4j.AssertionFailedError: expected: <20> but was: <21>
	at org.apache.hadoop.ozone.client.rpc.TestOzoneRpcClientAbstract.testListSnapshot(TestOzoneRpcClientAbstract.java:4288)
	at java.lang.reflect.Method.invoke(Method.java:498)
	at java.util.ArrayList.forEach(ArrayList.java:1259)
	at java.util.ArrayList.forEach(ArrayList.java:1259)
]]></failure>
    <system-out><![CDATA[2023-12-19 18:18:18,412 [main] INFO  rpc.RpcClient (RpcClient.java:createVolume(456)) - Creating Volume: vol-a-37174, with runner as owner and space quota set to -1 bytes, counts quota set to -1
2023-12-19 18:18:18,414 [om1-OMStateMachineApplyTransactionThread - 0] INFO  volume.OMVolumeCreateRequest (OMVolumeCreateRequest.java:validateAndUpdateCache(197)) - created volume:vol-a-37174 for user:runner
2023-12-19 18:18:18,414 [main] INFO  rpc.RpcClient (RpcClient.java:createVolume(456)) - Creating Volume: vol-b-61029, with runner as owner and space quota set to -1 bytes, counts quota set to -1
2023-12-19 18:18:18,417 [om1-OMStateMachineApplyTransactionThread - 0] INFO  volume.OMVolumeCreateRequest (OMVolumeCreateRequest.java:validateAndUpdateCache(197)) - created volume:vol-b-61029 for user:runner
2023-12-19 18:18:18,420 [main] INFO  rpc.RpcClient (RpcClient.java:createBucket(683)) - Creating Bucket: vol-a-37174/buc-a-07731, with server-side default bucket layout, runner as owner, Versioning false, Storage Type set to DISK and Encryption set to false, Replication Type set to server-side default replication type, Namespace Quota set to -1, Space Quota set to -1 
2023-12-19 18:18:18,421 [om1-OMStateMachineApplyTransactionThread - 0] INFO  bucket.OMBucketCreateRequest (OMBucketCreateRequest.java:validateAndUpdateCache(295)) - created bucket: buc-a-07731 of layout OBJECT_STORE in volume: vol-a-37174
2023-12-19 18:18:18,422 [main] INFO  rpc.RpcClient (RpcClient.java:createBucket(683)) - Creating Bucket: vol-a-37174/buc-b-61743, with server-side default bucket layout, runner as owner, Versioning false, Storage Type set to DISK and Encryption set to false, Replication Type set to server-side default replication type, Namespace Quota set to -1, Space Quota set to -1 
2023-12-19 18:18:18,425 [om1-OMStateMachineApplyTransactionThread - 0] INFO  bucket.OMBucketCreateRequest (OMBucketCreateRequest.java:validateAndUpdateCache(295)) - created bucket: buc-b-61743 of layout OBJECT_STORE in volume: vol-a-37174
2023-12-19 18:18:18,426 [main] INFO  rpc.RpcClient (RpcClient.java:createBucket(683)) - Creating Bucket: vol-b-61029/buc-a-07731, with server-side default bucket layout, runner as owner, Versioning false, Storage Type set to DISK and Encryption set to false, Replication Type set to server-side default replication type, Namespace Quota set to -1, Space Quota set to -1 
2023-12-19 18:18:18,427 [om1-OMStateMachineApplyTransactionThread - 0] INFO  bucket.OMBucketCreateRequest (OMBucketCreateRequest.java:validateAndUpdateCache(295)) - created bucket: buc-a-07731 of layout OBJECT_STORE in volume: vol-b-61029
2023-12-19 18:18:18,428 [main] INFO  rpc.RpcClient (RpcClient.java:createBucket(683)) - Creating Bucket: vol-b-61029/buc-b-61743, with server-side default bucket layout, runner as owner, Versioning false, Storage Type set to DISK and Encryption set to false, Replication Type set to server-side default replication type, Namespace Quota set to -1, Space Quota set to -1 
2023-12-19 18:18:18,429 [om1-OMStateMachineApplyTransactionThread - 0] INFO  bucket.OMBucketCreateRequest (OMBucketCreateRequest.java:validateAndUpdateCache(295)) - created bucket: buc-b-61743 of layout OBJECT_STORE in volume: vol-b-61029
2023-12-19 18:18:18,443 [om1-OMStateMachineApplyTransactionThread - 0] WARN  snapshot.OMSnapshotCreateRequest (OMSnapshotCreateRequest.java:estimateBucketDataSize(338)) - DefaultReplicationConfig is not correctly set in OmBucketInfo for volume 'vol-a-37174' bucket 'buc-a-07731'. Falling back to config default 'RATIS/THREE'
2023-12-19 18:18:18,443 [om1-OMStateMachineApplyTransactionThread - 0] INFO  snapshot.OMSnapshotCreateRequest (OMSnapshotCreateRequest.java:validateAndUpdateCache(219)) - Created snapshot: 'snapshot-a-0-99688' with snapshotId: '86464ee7-c258-4bd4-b59d-c2b88fce3fdd' under path 'vol-a-37174/buc-a-07731'
2023-12-19 18:18:18,459 [om1-OMStateMachineApplyTransactionThread - 0] WARN  snapshot.OMSnapshotCreateRequest (OMSnapshotCreateRequest.java:estimateBucketDataSize(338)) - DefaultReplicationConfig is not correctly set in OmBucketInfo for volume 'vol-a-37174' bucket 'buc-b-61743'. Falling back to config default 'RATIS/THREE'
2023-12-19 18:18:18,459 [om1-OMStateMachineApplyTransactionThread - 0] INFO  snapshot.OMSnapshotCreateRequest (OMSnapshotCreateRequest.java:validateAndUpdateCache(219)) - Created snapshot: 'snapshot-a-0-13557' with snapshotId: 'e049f224-b176-4d3d-9924-eda4d917f654' under path 'vol-a-37174/buc-b-61743'
2023-12-19 18:18:18,480 [om1-OMDoubleBufferFlushThread] INFO  db.RDBCheckpointManager (RDBCheckpointManager.java:createCheckpoint(89)) - Created checkpoint in rocksDB at /home/runner/work/ozone/ozone/hadoop-ozone/integration-test/target/test-dir/MiniOzoneClusterImpl-c3f67427-b36b-4ee4-bde0-91623ce58163/ozone-meta/db.snapshots/checkpointState/om.db-86464ee7-c258-4bd4-b59d-c2b88fce3fdd in 34 milliseconds
2023-12-19 18:18:18,484 [om1-OMDoubleBufferFlushThread] INFO  db.RDBCheckpointUtils (RDBCheckpointUtils.java:waitForCheckpointDirectoryExist(60)) - Waited for 4 milliseconds for checkpoint directory /home/runner/work/ozone/ozone/hadoop-ozone/integration-test/target/test-dir/MiniOzoneClusterImpl-c3f67427-b36b-4ee4-bde0-91623ce58163/ozone-meta/db.snapshots/checkpointState/om.db-86464ee7-c258-4bd4-b59d-c2b88fce3fdd availability.
2023-12-19 18:18:18,485 [om1-OMDoubleBufferFlushThread] INFO  om.OmSnapshotManager (OmSnapshotManager.java:createOmSnapshotCheckpoint(463)) - Created checkpoint : /home/runner/work/ozone/ozone/hadoop-ozone/integration-test/target/test-dir/MiniOzoneClusterImpl-c3f67427-b36b-4ee4-bde0-91623ce58163/ozone-meta/db.snapshots/checkpointState/om.db-86464ee7-c258-4bd4-b59d-c2b88fce3fdd for snapshot snapshot-a-0-99688
2023-12-19 18:18:18,485 [om1-OMStateMachineApplyTransactionThread - 0] WARN  snapshot.OMSnapshotCreateRequest (OMSnapshotCreateRequest.java:estimateBucketDataSize(338)) - DefaultReplicationConfig is not correctly set in OmBucketInfo for volume 'vol-b-61029' bucket 'buc-a-07731'. Falling back to config default 'RATIS/THREE'
2023-12-19 18:18:18,486 [om1-OMStateMachineApplyTransactionThread - 0] INFO  snapshot.OMSnapshotCreateRequest (OMSnapshotCreateRequest.java:validateAndUpdateCache(219)) - Created snapshot: 'snapshot-a-0-40001' with snapshotId: '7ae78874-5ec6-47f0-b8de-fcf7856c4e4a' under path 'vol-b-61029/buc-a-07731'
2023-12-19 18:18:18,506 [om1-OMStateMachineApplyTransactionThread - 0] WARN  snapshot.OMSnapshotCreateRequest (OMSnapshotCreateRequest.java:estimateBucketDataSize(338)) - DefaultReplicationConfig is not correctly set in OmBucketInfo for volume 'vol-b-61029' bucket 'buc-b-61743'. Falling back to config default 'RATIS/THREE'
2023-12-19 18:18:18,507 [om1-OMStateMachineApplyTransactionThread - 0] INFO  snapshot.OMSnapshotCreateRequest (OMSnapshotCreateRequest.java:validateAndUpdateCache(219)) - Created snapshot: 'snapshot-a-0-85015' with snapshotId: '028d334b-79f7-4950-a782-92d2ab73c514' under path 'vol-b-61029/buc-b-61743'
2023-12-19 18:18:18,511 [om1-OMDoubleBufferFlushThread] INFO  db.RDBCheckpointManager (RDBCheckpointManager.java:createCheckpoint(89)) - Created checkpoint in rocksDB at /home/runner/work/ozone/ozone/hadoop-ozone/integration-test/target/test-dir/MiniOzoneClusterImpl-c3f67427-b36b-4ee4-bde0-91623ce58163/ozone-meta/db.snapshots/checkpointState/om.db-e049f224-b176-4d3d-9924-eda4d917f654 in 22 milliseconds
2023-12-19 18:18:18,514 [om1-OMDoubleBufferFlushThread] INFO  db.RDBCheckpointUtils (RDBCheckpointUtils.java:waitForCheckpointDirectoryExist(60)) - Waited for 3 milliseconds for checkpoint directory /home/runner/work/ozone/ozone/hadoop-ozone/integration-test/target/test-dir/MiniOzoneClusterImpl-c3f67427-b36b-4ee4-bde0-91623ce58163/ozone-meta/db.snapshots/checkpointState/om.db-e049f224-b176-4d3d-9924-eda4d917f654 availability.
2023-12-19 18:18:18,515 [om1-OMDoubleBufferFlushThread] INFO  om.OmSnapshotManager (OmSnapshotManager.java:createOmSnapshotCheckpoint(463)) - Created checkpoint : /home/runner/work/ozone/ozone/hadoop-ozone/integration-test/target/test-dir/MiniOzoneClusterImpl-c3f67427-b36b-4ee4-bde0-91623ce58163/ozone-meta/db.snapshots/checkpointState/om.db-e049f224-b176-4d3d-9924-eda4d917f654 for snapshot snapshot-a-0-13557
2023-12-19 18:18:18,523 [om1-OMStateMachineApplyTransactionThread - 0] WARN  snapshot.OMSnapshotCreateRequest (OMSnapshotCreateRequest.java:estimateBucketDataSize(338)) - DefaultReplicationConfig is not correctly set in OmBucketInfo for volume 'vol-a-37174' bucket 'buc-a-07731'. Falling back to config default 'RATIS/THREE'
2023-12-19 18:18:18,523 [om1-OMStateMachineApplyTransactionThread - 0] INFO  snapshot.OMSnapshotCreateRequest (OMSnapshotCreateRequest.java:validateAndUpdateCache(219)) - Created snapshot: 'snapshot-a-1-44423' with snapshotId: '2de4f7d6-f1e9-4368-aa52-e01333447b0b' under path 'vol-a-37174/buc-a-07731'
2023-12-19 18:18:18,529 [om1-OMDoubleBufferFlushThread] INFO  db.RDBCheckpointManager (RDBCheckpointManager.java:createCheckpoint(89)) - Created checkpoint in rocksDB at /home/runner/work/ozone/ozone/hadoop-ozone/integration-test/target/test-dir/MiniOzoneClusterImpl-c3f67427-b36b-4ee4-bde0-91623ce58163/ozone-meta/db.snapshots/checkpointState/om.db-7ae78874-5ec6-47f0-b8de-fcf7856c4e4a in 12 milliseconds
2023-12-19 18:18:18,529 [om1-OMDoubleBufferFlushThread] INFO  db.RDBCheckpointUtils (RDBCheckpointUtils.java:waitForCheckpointDirectoryExist(60)) - Waited for 0 milliseconds for checkpoint directory /home/runner/work/ozone/ozone/hadoop-ozone/integration-test/target/test-dir/MiniOzoneClusterImpl-c3f67427-b36b-4ee4-bde0-91623ce58163/ozone-meta/db.snapshots/checkpointState/om.db-7ae78874-5ec6-47f0-b8de-fcf7856c4e4a availability.
2023-12-19 18:18:18,530 [om1-OMDoubleBufferFlushThread] INFO  om.OmSnapshotManager (OmSnapshotManager.java:createOmSnapshotCheckpoint(463)) - Created checkpoint : /home/runner/work/ozone/ozone/hadoop-ozone/integration-test/target/test-dir/MiniOzoneClusterImpl-c3f67427-b36b-4ee4-bde0-91623ce58163/ozone-meta/db.snapshots/checkpointState/om.db-7ae78874-5ec6-47f0-b8de-fcf7856c4e4a for snapshot snapshot-a-0-40001
2023-12-19 18:18:18,537 [om1-OMStateMachineApplyTransactionThread - 0] WARN  snapshot.OMSnapshotCreateRequest (OMSnapshotCreateRequest.java:estimateBucketDataSize(338)) - DefaultReplicationConfig is not correctly set in OmBucketInfo for volume 'vol-a-37174' bucket 'buc-b-61743'. Falling back to config default 'RATIS/THREE'
2023-12-19 18:18:18,537 [om1-OMStateMachineApplyTransactionThread - 0] INFO  snapshot.OMSnapshotCreateRequest (OMSnapshotCreateRequest.java:validateAndUpdateCache(219)) - Created snapshot: 'snapshot-a-1-34485' with snapshotId: '206ee0af-047e-45f4-9506-0756fc3a62c2' under path 'vol-a-37174/buc-b-61743'
2023-12-19 18:18:18,548 [om1-OMDoubleBufferFlushThread] INFO  db.RDBCheckpointManager (RDBCheckpointManager.java:createCheckpoint(89)) - Created checkpoint in rocksDB at /home/runner/work/ozone/ozone/hadoop-ozone/integration-test/target/test-dir/MiniOzoneClusterImpl-c3f67427-b36b-4ee4-bde0-91623ce58163/ozone-meta/db.snapshots/checkpointState/om.db-028d334b-79f7-4950-a782-92d2ab73c514 in 15 milliseconds
2023-12-19 18:18:18,548 [om1-OMDoubleBufferFlushThread] INFO  db.RDBCheckpointUtils (RDBCheckpointUtils.java:waitForCheckpointDirectoryExist(60)) - Waited for 0 milliseconds for checkpoint directory /home/runner/work/ozone/ozone/hadoop-ozone/integration-test/target/test-dir/MiniOzoneClusterImpl-c3f67427-b36b-4ee4-bde0-91623ce58163/ozone-meta/db.snapshots/checkpointState/om.db-028d334b-79f7-4950-a782-92d2ab73c514 availability.
2023-12-19 18:18:18,549 [om1-OMDoubleBufferFlushThread] INFO  om.OmSnapshotManager (OmSnapshotManager.java:createOmSnapshotCheckpoint(463)) - Created checkpoint : /home/runner/work/ozone/ozone/hadoop-ozone/integration-test/target/test-dir/MiniOzoneClusterImpl-c3f67427-b36b-4ee4-bde0-91623ce58163/ozone-meta/db.snapshots/checkpointState/om.db-028d334b-79f7-4950-a782-92d2ab73c514 for snapshot snapshot-a-0-85015
2023-12-19 18:18:18,551 [om1-OMStateMachineApplyTransactionThread - 0] WARN  snapshot.OMSnapshotCreateRequest (OMSnapshotCreateRequest.java:estimateBucketDataSize(338)) - DefaultReplicationConfig is not correctly set in OmBucketInfo for volume 'vol-b-61029' bucket 'buc-a-07731'. Falling back to config default 'RATIS/THREE'
2023-12-19 18:18:18,552 [om1-OMStateMachineApplyTransactionThread - 0] INFO  snapshot.OMSnapshotCreateRequest (OMSnapshotCreateRequest.java:validateAndUpdateCache(219)) - Created snapshot: 'snapshot-a-1-55420' with snapshotId: '540a08ac-99e7-4467-8bbf-e6c0bfd94ec9' under path 'vol-b-61029/buc-a-07731'
2023-12-19 18:18:18,565 [om1-OMDoubleBufferFlushThread] INFO  db.RDBCheckpointManager (RDBCheckpointManager.java:createCheckpoint(89)) - Created checkpoint in rocksDB at /home/runner/work/ozone/ozone/hadoop-ozone/integration-test/target/test-dir/MiniOzoneClusterImpl-c3f67427-b36b-4ee4-bde0-91623ce58163/ozone-meta/db.snapshots/checkpointState/om.db-2de4f7d6-f1e9-4368-aa52-e01333447b0b in 14 milliseconds
2023-12-19 18:18:18,566 [om1-OMDoubleBufferFlushThread] INFO  db.RDBCheckpointUtils (RDBCheckpointUtils.java:waitForCheckpointDirectoryExist(60)) - Waited for 1 milliseconds for checkpoint directory /home/runner/work/ozone/ozone/hadoop-ozone/integration-test/target/test-dir/MiniOzoneClusterImpl-c3f67427-b36b-4ee4-bde0-91623ce58163/ozone-meta/db.snapshots/checkpointState/om.db-2de4f7d6-f1e9-4368-aa52-e01333447b0b availability.
2023-12-19 18:18:18,567 [om1-OMDoubleBufferFlushThread] INFO  om.OmSnapshotManager (OmSnapshotManager.java:createOmSnapshotCheckpoint(463)) - Created checkpoint : /home/runner/work/ozone/ozone/hadoop-ozone/integration-test/target/test-dir/MiniOzoneClusterImpl-c3f67427-b36b-4ee4-bde0-91623ce58163/ozone-meta/db.snapshots/checkpointState/om.db-2de4f7d6-f1e9-4368-aa52-e01333447b0b for snapshot snapshot-a-1-44423
2023-12-19 18:18:18,568 [om1-OMStateMachineApplyTransactionThread - 0] WARN  snapshot.OMSnapshotCreateRequest (OMSnapshotCreateRequest.java:estimateBucketDataSize(338)) - DefaultReplicationConfig is not correctly set in OmBucketInfo for volume 'vol-b-61029' bucket 'buc-b-61743'. Falling back to config default 'RATIS/THREE'
2023-12-19 18:18:18,568 [om1-OMStateMachineApplyTransactionThread - 0] INFO  snapshot.OMSnapshotCreateRequest (OMSnapshotCreateRequest.java:validateAndUpdateCache(219)) - Created snapshot: 'snapshot-a-1-51526' with snapshotId: '5978a920-1605-49bd-8905-0bfa1f32c93c' under path 'vol-b-61029/buc-b-61743'
2023-12-19 18:18:18,583 [om1-OMDoubleBufferFlushThread] INFO  db.RDBCheckpointManager (RDBCheckpointManager.java:createCheckpoint(89)) - Created checkpoint in rocksDB at /home/runner/work/ozone/ozone/hadoop-ozone/integration-test/target/test-dir/MiniOzoneClusterImpl-c3f67427-b36b-4ee4-bde0-91623ce58163/ozone-meta/db.snapshots/checkpointState/om.db-206ee0af-047e-45f4-9506-0756fc3a62c2 in 14 milliseconds
2023-12-19 18:18:18,584 [om1-OMDoubleBufferFlushThread] INFO  db.RDBCheckpointUtils (RDBCheckpointUtils.java:waitForCheckpointDirectoryExist(60)) - Waited for 1 milliseconds for checkpoint directory /home/runner/work/ozone/ozone/hadoop-ozone/integration-test/target/test-dir/MiniOzoneClusterImpl-c3f67427-b36b-4ee4-bde0-91623ce58163/ozone-meta/db.snapshots/checkpointState/om.db-206ee0af-047e-45f4-9506-0756fc3a62c2 availability.
2023-12-19 18:18:18,585 [om1-OMStateMachineApplyTransactionThread - 0] WARN  snapshot.OMSnapshotCreateRequest (OMSnapshotCreateRequest.java:estimateBucketDataSize(338)) - DefaultReplicationConfig is not correctly set in OmBucketInfo for volume 'vol-a-37174' bucket 'buc-a-07731'. Falling back to config default 'RATIS/THREE'
2023-12-19 18:18:18,585 [om1-OMStateMachineApplyTransactionThread - 0] INFO  snapshot.OMSnapshotCreateRequest (OMSnapshotCreateRequest.java:validateAndUpdateCache(219)) - Created snapshot: 'snapshot-a-2-00024' with snapshotId: '9c51e245-e6e4-4635-9441-3a4c00e06931' under path 'vol-a-37174/buc-a-07731'
2023-12-19 18:18:18,586 [om1-OMDoubleBufferFlushThread] INFO  om.OmSnapshotManager (OmSnapshotManager.java:createOmSnapshotCheckpoint(463)) - Created checkpoint : /home/runner/work/ozone/ozone/hadoop-ozone/integration-test/target/test-dir/MiniOzoneClusterImpl-c3f67427-b36b-4ee4-bde0-91623ce58163/ozone-meta/db.snapshots/checkpointState/om.db-206ee0af-047e-45f4-9506-0756fc3a62c2 for snapshot snapshot-a-1-34485
2023-12-19 18:18:18,601 [om1-OMDoubleBufferFlushThread] INFO  db.RDBCheckpointManager (RDBCheckpointManager.java:createCheckpoint(89)) - Created checkpoint in rocksDB at /home/runner/work/ozone/ozone/hadoop-ozone/integration-test/target/test-dir/MiniOzoneClusterImpl-c3f67427-b36b-4ee4-bde0-91623ce58163/ozone-meta/db.snapshots/checkpointState/om.db-540a08ac-99e7-4467-8bbf-e6c0bfd94ec9 in 13 milliseconds
2023-12-19 18:18:18,602 [om1-OMDoubleBufferFlushThread] INFO  db.RDBCheckpointUtils (RDBCheckpointUtils.java:waitForCheckpointDirectoryExist(60)) - Waited for 0 milliseconds for checkpoint directory /home/runner/work/ozone/ozone/hadoop-ozone/integration-test/target/test-dir/MiniOzoneClusterImpl-c3f67427-b36b-4ee4-bde0-91623ce58163/ozone-meta/db.snapshots/checkpointState/om.db-540a08ac-99e7-4467-8bbf-e6c0bfd94ec9 availability.
2023-12-19 18:18:18,602 [om1-OMStateMachineApplyTransactionThread - 0] WARN  snapshot.OMSnapshotCreateRequest (OMSnapshotCreateRequest.java:estimateBucketDataSize(338)) - DefaultReplicationConfig is not correctly set in OmBucketInfo for volume 'vol-a-37174' bucket 'buc-b-61743'. Falling back to config default 'RATIS/THREE'
2023-12-19 18:18:18,602 [om1-OMStateMachineApplyTransactionThread - 0] INFO  snapshot.OMSnapshotCreateRequest (OMSnapshotCreateRequest.java:validateAndUpdateCache(219)) - Created snapshot: 'snapshot-a-2-08395' with snapshotId: 'c2a959ec-a924-47f5-b7d5-450b8c8e470b' under path 'vol-a-37174/buc-b-61743'
2023-12-19 18:18:18,603 [om1-OMDoubleBufferFlushThread] INFO  om.OmSnapshotManager (OmSnapshotManager.java:createOmSnapshotCheckpoint(463)) - Created checkpoint : /home/runner/work/ozone/ozone/hadoop-ozone/integration-test/target/test-dir/MiniOzoneClusterImpl-c3f67427-b36b-4ee4-bde0-91623ce58163/ozone-meta/db.snapshots/checkpointState/om.db-540a08ac-99e7-4467-8bbf-e6c0bfd94ec9 for snapshot snapshot-a-1-55420
2023-12-19 18:18:18,617 [om1-OMDoubleBufferFlushThread] INFO  db.RDBCheckpointManager (RDBCheckpointManager.java:createCheckpoint(89)) - Created checkpoint in rocksDB at /home/runner/work/ozone/ozone/hadoop-ozone/integration-test/target/test-dir/MiniOzoneClusterImpl-c3f67427-b36b-4ee4-bde0-91623ce58163/ozone-meta/db.snapshots/checkpointState/om.db-5978a920-1605-49bd-8905-0bfa1f32c93c in 13 milliseconds
2023-12-19 18:18:18,618 [om1-OMDoubleBufferFlushThread] INFO  db.RDBCheckpointUtils (RDBCheckpointUtils.java:waitForCheckpointDirectoryExist(60)) - Waited for 1 milliseconds for checkpoint directory /home/runner/work/ozone/ozone/hadoop-ozone/integration-test/target/test-dir/MiniOzoneClusterImpl-c3f67427-b36b-4ee4-bde0-91623ce58163/ozone-meta/db.snapshots/checkpointState/om.db-5978a920-1605-49bd-8905-0bfa1f32c93c availability.
2023-12-19 18:18:18,618 [om1-OMDoubleBufferFlushThread] INFO  om.OmSnapshotManager (OmSnapshotManager.java:createOmSnapshotCheckpoint(463)) - Created checkpoint : /home/runner/work/ozone/ozone/hadoop-ozone/integration-test/target/test-dir/MiniOzoneClusterImpl-c3f67427-b36b-4ee4-bde0-91623ce58163/ozone-meta/db.snapshots/checkpointState/om.db-5978a920-1605-49bd-8905-0bfa1f32c93c for snapshot snapshot-a-1-51526
2023-12-19 18:18:18,620 [om1-OMStateMachineApplyTransactionThread - 0] WARN  snapshot.OMSnapshotCreateRequest (OMSnapshotCreateRequest.java:estimateBucketDataSize(338)) - DefaultReplicationConfig is not correctly set in OmBucketInfo for volume 'vol-b-61029' bucket 'buc-a-07731'. Falling back to config default 'RATIS/THREE'
2023-12-19 18:18:18,621 [om1-OMStateMachineApplyTransactionThread - 0] INFO  snapshot.OMSnapshotCreateRequest (OMSnapshotCreateRequest.java:validateAndUpdateCache(219)) - Created snapshot: 'snapshot-a-2-12499' with snapshotId: 'ff1edb19-5589-4c4a-ad52-f9e0fe0f9025' under path 'vol-b-61029/buc-a-07731'
2023-12-19 18:18:18,633 [om1-OMDoubleBufferFlushThread] INFO  db.RDBCheckpointManager (RDBCheckpointManager.java:createCheckpoint(89)) - Created checkpoint in rocksDB at /home/runner/work/ozone/ozone/hadoop-ozone/integration-test/target/test-dir/MiniOzoneClusterImpl-c3f67427-b36b-4ee4-bde0-91623ce58163/ozone-meta/db.snapshots/checkpointState/om.db-9c51e245-e6e4-4635-9441-3a4c00e06931 in 13 milliseconds
2023-12-19 18:18:18,633 [om1-OMDoubleBufferFlushThread] INFO  db.RDBCheckpointUtils (RDBCheckpointUtils.java:waitForCheckpointDirectoryExist(60)) - Waited for 0 milliseconds for checkpoint directory /home/runner/work/ozone/ozone/hadoop-ozone/integration-test/target/test-dir/MiniOzoneClusterImpl-c3f67427-b36b-4ee4-bde0-91623ce58163/ozone-meta/db.snapshots/checkpointState/om.db-9c51e245-e6e4-4635-9441-3a4c00e06931 availability.
2023-12-19 18:18:18,634 [om1-OMDoubleBufferFlushThread] INFO  om.OmSnapshotManager (OmSnapshotManager.java:createOmSnapshotCheckpoint(463)) - Created checkpoint : /home/runner/work/ozone/ozone/hadoop-ozone/integration-test/target/test-dir/MiniOzoneClusterImpl-c3f67427-b36b-4ee4-bde0-91623ce58163/ozone-meta/db.snapshots/checkpointState/om.db-9c51e245-e6e4-4635-9441-3a4c00e06931 for snapshot snapshot-a-2-00024
2023-12-19 18:18:18,637 [om1-OMStateMachineApplyTransactionThread - 0] WARN  snapshot.OMSnapshotCreateRequest (OMSnapshotCreateRequest.java:estimateBucketDataSize(338)) - DefaultReplicationConfig is not correctly set in OmBucketInfo for volume 'vol-b-61029' bucket 'buc-b-61743'. Falling back to config default 'RATIS/THREE'
2023-12-19 18:18:18,637 [om1-OMStateMachineApplyTransactionThread - 0] INFO  snapshot.OMSnapshotCreateRequest (OMSnapshotCreateRequest.java:validateAndUpdateCache(219)) - Created snapshot: 'snapshot-a-2-71447' with snapshotId: '8cd4470f-5bcf-47d9-885b-dccc8cd00293' under path 'vol-b-61029/buc-b-61743'
2023-12-19 18:18:18,650 [om1-OMDoubleBufferFlushThread] INFO  db.RDBCheckpointManager (RDBCheckpointManager.java:createCheckpoint(89)) - Created checkpoint in rocksDB at /home/runner/work/ozone/ozone/hadoop-ozone/integration-test/target/test-dir/MiniOzoneClusterImpl-c3f67427-b36b-4ee4-bde0-91623ce58163/ozone-meta/db.snapshots/checkpointState/om.db-c2a959ec-a924-47f5-b7d5-450b8c8e470b in 15 milliseconds
2023-12-19 18:18:18,652 [om1-OMStateMachineApplyTransactionThread - 0] WARN  snapshot.OMSnapshotCreateRequest (OMSnapshotCreateRequest.java:estimateBucketDataSize(338)) - DefaultReplicationConfig is not correctly set in OmBucketInfo for volume 'vol-a-37174' bucket 'buc-a-07731'. Falling back to config default 'RATIS/THREE'
2023-12-19 18:18:18,652 [om1-OMStateMachineApplyTransactionThread - 0] INFO  snapshot.OMSnapshotCreateRequest (OMSnapshotCreateRequest.java:validateAndUpdateCache(219)) - Created snapshot: 'snapshot-a-3-92610' with snapshotId: 'a0b22979-6957-4dd6-b11a-b8b02bf396e8' under path 'vol-a-37174/buc-a-07731'
2023-12-19 18:18:18,652 [om1-OMDoubleBufferFlushThread] INFO  db.RDBCheckpointUtils (RDBCheckpointUtils.java:waitForCheckpointDirectoryExist(60)) - Waited for 1 milliseconds for checkpoint directory /home/runner/work/ozone/ozone/hadoop-ozone/integration-test/target/test-dir/MiniOzoneClusterImpl-c3f67427-b36b-4ee4-bde0-91623ce58163/ozone-meta/db.snapshots/checkpointState/om.db-c2a959ec-a924-47f5-b7d5-450b8c8e470b availability.
2023-12-19 18:18:18,654 [om1-OMDoubleBufferFlushThread] INFO  om.OmSnapshotManager (OmSnapshotManager.java:createOmSnapshotCheckpoint(463)) - Created checkpoint : /home/runner/work/ozone/ozone/hadoop-ozone/integration-test/target/test-dir/MiniOzoneClusterImpl-c3f67427-b36b-4ee4-bde0-91623ce58163/ozone-meta/db.snapshots/checkpointState/om.db-c2a959ec-a924-47f5-b7d5-450b8c8e470b for snapshot snapshot-a-2-08395
2023-12-19 18:18:18,666 [om1-OMDoubleBufferFlushThread] INFO  db.RDBCheckpointManager (RDBCheckpointManager.java:createCheckpoint(89)) - Created checkpoint in rocksDB at /home/runner/work/ozone/ozone/hadoop-ozone/integration-test/target/test-dir/MiniOzoneClusterImpl-c3f67427-b36b-4ee4-bde0-91623ce58163/ozone-meta/db.snapshots/checkpointState/om.db-ff1edb19-5589-4c4a-ad52-f9e0fe0f9025 in 10 milliseconds
2023-12-19 18:18:18,667 [om1-OMDoubleBufferFlushThread] INFO  db.RDBCheckpointUtils (RDBCheckpointUtils.java:waitForCheckpointDirectoryExist(60)) - Waited for 0 milliseconds for checkpoint directory /home/runner/work/ozone/ozone/hadoop-ozone/integration-test/target/test-dir/MiniOzoneClusterImpl-c3f67427-b36b-4ee4-bde0-91623ce58163/ozone-meta/db.snapshots/checkpointState/om.db-ff1edb19-5589-4c4a-ad52-f9e0fe0f9025 availability.
2023-12-19 18:18:18,668 [om1-OMDoubleBufferFlushThread] INFO  om.OmSnapshotManager (OmSnapshotManager.java:createOmSnapshotCheckpoint(463)) - Created checkpoint : /home/runner/work/ozone/ozone/hadoop-ozone/integration-test/target/test-dir/MiniOzoneClusterImpl-c3f67427-b36b-4ee4-bde0-91623ce58163/ozone-meta/db.snapshots/checkpointState/om.db-ff1edb19-5589-4c4a-ad52-f9e0fe0f9025 for snapshot snapshot-a-2-12499
2023-12-19 18:18:18,668 [om1-OMStateMachineApplyTransactionThread - 0] WARN  snapshot.OMSnapshotCreateRequest (OMSnapshotCreateRequest.java:estimateBucketDataSize(338)) - DefaultReplicationConfig is not correctly set in OmBucketInfo for volume 'vol-a-37174' bucket 'buc-b-61743'. Falling back to config default 'RATIS/THREE'
2023-12-19 18:18:18,668 [om1-OMStateMachineApplyTransactionThread - 0] INFO  snapshot.OMSnapshotCreateRequest (OMSnapshotCreateRequest.java:validateAndUpdateCache(219)) - Created snapshot: 'snapshot-a-3-29581' with snapshotId: 'fdc0da72-c53f-41b5-8d0a-2385625de9d0' under path 'vol-a-37174/buc-b-61743'
2023-12-19 18:18:18,679 [om1-OMDoubleBufferFlushThread] INFO  db.RDBCheckpointManager (RDBCheckpointManager.java:createCheckpoint(89)) - Created checkpoint in rocksDB at /home/runner/work/ozone/ozone/hadoop-ozone/integration-test/target/test-dir/MiniOzoneClusterImpl-c3f67427-b36b-4ee4-bde0-91623ce58163/ozone-meta/db.snapshots/checkpointState/om.db-8cd4470f-5bcf-47d9-885b-dccc8cd00293 in 10 milliseconds
2023-12-19 18:18:18,680 [om1-OMDoubleBufferFlushThread] INFO  db.RDBCheckpointUtils (RDBCheckpointUtils.java:waitForCheckpointDirectoryExist(60)) - Waited for 0 milliseconds for checkpoint directory /home/runner/work/ozone/ozone/hadoop-ozone/integration-test/target/test-dir/MiniOzoneClusterImpl-c3f67427-b36b-4ee4-bde0-91623ce58163/ozone-meta/db.snapshots/checkpointState/om.db-8cd4470f-5bcf-47d9-885b-dccc8cd00293 availability.
2023-12-19 18:18:18,681 [om1-OMDoubleBufferFlushThread] INFO  om.OmSnapshotManager (OmSnapshotManager.java:createOmSnapshotCheckpoint(463)) - Created checkpoint : /home/runner/work/ozone/ozone/hadoop-ozone/integration-test/target/test-dir/MiniOzoneClusterImpl-c3f67427-b36b-4ee4-bde0-91623ce58163/ozone-meta/db.snapshots/checkpointState/om.db-8cd4470f-5bcf-47d9-885b-dccc8cd00293 for snapshot snapshot-a-2-71447
2023-12-19 18:18:18,683 [om1-OMStateMachineApplyTransactionThread - 0] WARN  snapshot.OMSnapshotCreateRequest (OMSnapshotCreateRequest.java:estimateBucketDataSize(338)) - DefaultReplicationConfig is not correctly set in OmBucketInfo for volume 'vol-b-61029' bucket 'buc-a-07731'. Falling back to config default 'RATIS/THREE'
2023-12-19 18:18:18,683 [om1-OMStateMachineApplyTransactionThread - 0] INFO  snapshot.OMSnapshotCreateRequest (OMSnapshotCreateRequest.java:validateAndUpdateCache(219)) - Created snapshot: 'snapshot-a-3-45840' with snapshotId: 'e6ee568f-9733-42c9-92bc-7c8efd691ecd' under path 'vol-b-61029/buc-a-07731'
2023-12-19 18:18:18,692 [om1-OMDoubleBufferFlushThread] INFO  db.RDBCheckpointManager (RDBCheckpointManager.java:createCheckpoint(89)) - Created checkpoint in rocksDB at /home/runner/work/ozone/ozone/hadoop-ozone/integration-test/target/test-dir/MiniOzoneClusterImpl-c3f67427-b36b-4ee4-bde0-91623ce58163/ozone-meta/db.snapshots/checkpointState/om.db-a0b22979-6957-4dd6-b11a-b8b02bf396e8 in 10 milliseconds
2023-12-19 18:18:18,693 [om1-OMDoubleBufferFlushThread] INFO  db.RDBCheckpointUtils (RDBCheckpointUtils.java:waitForCheckpointDirectoryExist(60)) - Waited for 1 milliseconds for checkpoint directory /home/runner/work/ozone/ozone/hadoop-ozone/integration-test/target/test-dir/MiniOzoneClusterImpl-c3f67427-b36b-4ee4-bde0-91623ce58163/ozone-meta/db.snapshots/checkpointState/om.db-a0b22979-6957-4dd6-b11a-b8b02bf396e8 availability.
2023-12-19 18:18:18,693 [om1-OMDoubleBufferFlushThread] INFO  om.OmSnapshotManager (OmSnapshotManager.java:createOmSnapshotCheckpoint(463)) - Created checkpoint : /home/runner/work/ozone/ozone/hadoop-ozone/integration-test/target/test-dir/MiniOzoneClusterImpl-c3f67427-b36b-4ee4-bde0-91623ce58163/ozone-meta/db.snapshots/checkpointState/om.db-a0b22979-6957-4dd6-b11a-b8b02bf396e8 for snapshot snapshot-a-3-92610
2023-12-19 18:18:18,698 [om1-OMStateMachineApplyTransactionThread - 0] WARN  snapshot.OMSnapshotCreateRequest (OMSnapshotCreateRequest.java:estimateBucketDataSize(338)) - DefaultReplicationConfig is not correctly set in OmBucketInfo for volume 'vol-b-61029' bucket 'buc-b-61743'. Falling back to config default 'RATIS/THREE'
2023-12-19 18:18:18,698 [om1-OMStateMachineApplyTransactionThread - 0] INFO  snapshot.OMSnapshotCreateRequest (OMSnapshotCreateRequest.java:validateAndUpdateCache(219)) - Created snapshot: 'snapshot-a-3-89623' with snapshotId: '8d5c9dca-fbd6-4268-8282-6e763baaf252' under path 'vol-b-61029/buc-b-61743'
2023-12-19 18:18:18,707 [om1-OMDoubleBufferFlushThread] INFO  db.RDBCheckpointManager (RDBCheckpointManager.java:createCheckpoint(89)) - Created checkpoint in rocksDB at /home/runner/work/ozone/ozone/hadoop-ozone/integration-test/target/test-dir/MiniOzoneClusterImpl-c3f67427-b36b-4ee4-bde0-91623ce58163/ozone-meta/db.snapshots/checkpointState/om.db-fdc0da72-c53f-41b5-8d0a-2385625de9d0 in 12 milliseconds
2023-12-19 18:18:18,707 [om1-OMDoubleBufferFlushThread] INFO  db.RDBCheckpointUtils (RDBCheckpointUtils.java:waitForCheckpointDirectoryExist(60)) - Waited for 0 milliseconds for checkpoint directory /home/runner/work/ozone/ozone/hadoop-ozone/integration-test/target/test-dir/MiniOzoneClusterImpl-c3f67427-b36b-4ee4-bde0-91623ce58163/ozone-meta/db.snapshots/checkpointState/om.db-fdc0da72-c53f-41b5-8d0a-2385625de9d0 availability.
2023-12-19 18:18:18,708 [om1-OMDoubleBufferFlushThread] INFO  om.OmSnapshotManager (OmSnapshotManager.java:createOmSnapshotCheckpoint(463)) - Created checkpoint : /home/runner/work/ozone/ozone/hadoop-ozone/integration-test/target/test-dir/MiniOzoneClusterImpl-c3f67427-b36b-4ee4-bde0-91623ce58163/ozone-meta/db.snapshots/checkpointState/om.db-fdc0da72-c53f-41b5-8d0a-2385625de9d0 for snapshot snapshot-a-3-29581
2023-12-19 18:18:18,713 [om1-OMStateMachineApplyTransactionThread - 0] WARN  snapshot.OMSnapshotCreateRequest (OMSnapshotCreateRequest.java:estimateBucketDataSize(338)) - DefaultReplicationConfig is not correctly set in OmBucketInfo for volume 'vol-a-37174' bucket 'buc-a-07731'. Falling back to config default 'RATIS/THREE'
2023-12-19 18:18:18,713 [om1-OMStateMachineApplyTransactionThread - 0] INFO  snapshot.OMSnapshotCreateRequest (OMSnapshotCreateRequest.java:validateAndUpdateCache(219)) - Created snapshot: 'snapshot-a-4-93626' with snapshotId: 'ba0b06e1-f1b1-466a-b443-9c09a71924a7' under path 'vol-a-37174/buc-a-07731'
2023-12-19 18:18:18,720 [om1-OMDoubleBufferFlushThread] INFO  db.RDBCheckpointManager (RDBCheckpointManager.java:createCheckpoint(89)) - Created checkpoint in rocksDB at /home/runner/work/ozone/ozone/hadoop-ozone/integration-test/target/test-dir/MiniOzoneClusterImpl-c3f67427-b36b-4ee4-bde0-91623ce58163/ozone-meta/db.snapshots/checkpointState/om.db-e6ee568f-9733-42c9-92bc-7c8efd691ecd in 10 milliseconds
2023-12-19 18:18:18,721 [om1-OMDoubleBufferFlushThread] INFO  db.RDBCheckpointUtils (RDBCheckpointUtils.java:waitForCheckpointDirectoryExist(60)) - Waited for 0 milliseconds for checkpoint directory /home/runner/work/ozone/ozone/hadoop-ozone/integration-test/target/test-dir/MiniOzoneClusterImpl-c3f67427-b36b-4ee4-bde0-91623ce58163/ozone-meta/db.snapshots/checkpointState/om.db-e6ee568f-9733-42c9-92bc-7c8efd691ecd availability.
2023-12-19 18:18:18,722 [om1-OMDoubleBufferFlushThread] INFO  om.OmSnapshotManager (OmSnapshotManager.java:createOmSnapshotCheckpoint(463)) - Created checkpoint : /home/runner/work/ozone/ozone/hadoop-ozone/integration-test/target/test-dir/MiniOzoneClusterImpl-c3f67427-b36b-4ee4-bde0-91623ce58163/ozone-meta/db.snapshots/checkpointState/om.db-e6ee568f-9733-42c9-92bc-7c8efd691ecd for snapshot snapshot-a-3-45840
2023-12-19 18:18:18,729 [om1-OMStateMachineApplyTransactionThread - 0] WARN  snapshot.OMSnapshotCreateRequest (OMSnapshotCreateRequest.java:estimateBucketDataSize(338)) - DefaultReplicationConfig is not correctly set in OmBucketInfo for volume 'vol-a-37174' bucket 'buc-b-61743'. Falling back to config default 'RATIS/THREE'
2023-12-19 18:18:18,729 [om1-OMStateMachineApplyTransactionThread - 0] INFO  snapshot.OMSnapshotCreateRequest (OMSnapshotCreateRequest.java:validateAndUpdateCache(219)) - Created snapshot: 'snapshot-a-4-32038' with snapshotId: '69692a30-41b9-4245-a2c1-52c2dadc707e' under path 'vol-a-37174/buc-b-61743'
2023-12-19 18:18:18,736 [om1-OMDoubleBufferFlushThread] INFO  db.RDBCheckpointManager (RDBCheckpointManager.java:createCheckpoint(89)) - Created checkpoint in rocksDB at /home/runner/work/ozone/ozone/hadoop-ozone/integration-test/target/test-dir/MiniOzoneClusterImpl-c3f67427-b36b-4ee4-bde0-91623ce58163/ozone-meta/db.snapshots/checkpointState/om.db-8d5c9dca-fbd6-4268-8282-6e763baaf252 in 12 milliseconds
2023-12-19 18:18:18,736 [om1-OMDoubleBufferFlushThread] INFO  db.RDBCheckpointUtils (RDBCheckpointUtils.java:waitForCheckpointDirectoryExist(60)) - Waited for 0 milliseconds for checkpoint directory /home/runner/work/ozone/ozone/hadoop-ozone/integration-test/target/test-dir/MiniOzoneClusterImpl-c3f67427-b36b-4ee4-bde0-91623ce58163/ozone-meta/db.snapshots/checkpointState/om.db-8d5c9dca-fbd6-4268-8282-6e763baaf252 availability.
2023-12-19 18:18:18,737 [om1-OMDoubleBufferFlushThread] INFO  om.OmSnapshotManager (OmSnapshotManager.java:createOmSnapshotCheckpoint(463)) - Created checkpoint : /home/runner/work/ozone/ozone/hadoop-ozone/integration-test/target/test-dir/MiniOzoneClusterImpl-c3f67427-b36b-4ee4-bde0-91623ce58163/ozone-meta/db.snapshots/checkpointState/om.db-8d5c9dca-fbd6-4268-8282-6e763baaf252 for snapshot snapshot-a-3-89623
2023-12-19 18:18:18,750 [om1-OMDoubleBufferFlushThread] INFO  db.RDBCheckpointManager (RDBCheckpointManager.java:createCheckpoint(89)) - Created checkpoint in rocksDB at /home/runner/work/ozone/ozone/hadoop-ozone/integration-test/target/test-dir/MiniOzoneClusterImpl-c3f67427-b36b-4ee4-bde0-91623ce58163/ozone-meta/db.snapshots/checkpointState/om.db-ba0b06e1-f1b1-466a-b443-9c09a71924a7 in 11 milliseconds
2023-12-19 18:18:18,751 [om1-OMDoubleBufferFlushThread] INFO  db.RDBCheckpointUtils (RDBCheckpointUtils.java:waitForCheckpointDirectoryExist(60)) - Waited for 0 milliseconds for checkpoint directory /home/runner/work/ozone/ozone/hadoop-ozone/integration-test/target/test-dir/MiniOzoneClusterImpl-c3f67427-b36b-4ee4-bde0-91623ce58163/ozone-meta/db.snapshots/checkpointState/om.db-ba0b06e1-f1b1-466a-b443-9c09a71924a7 availability.
2023-12-19 18:18:18,751 [om1-OMStateMachineApplyTransactionThread - 0] WARN  snapshot.OMSnapshotCreateRequest (OMSnapshotCreateRequest.java:estimateBucketDataSize(338)) - DefaultReplicationConfig is not correctly set in OmBucketInfo for volume 'vol-b-61029' bucket 'buc-a-07731'. Falling back to config default 'RATIS/THREE'
2023-12-19 18:18:18,751 [om1-OMStateMachineApplyTransactionThread - 0] INFO  snapshot.OMSnapshotCreateRequest (OMSnapshotCreateRequest.java:validateAndUpdateCache(219)) - Created snapshot: 'snapshot-a-4-48000' with snapshotId: 'ad1c24b7-9e1f-4aa8-9582-820e69232bb9' under path 'vol-b-61029/buc-a-07731'
2023-12-19 18:18:18,752 [om1-OMDoubleBufferFlushThread] INFO  om.OmSnapshotManager (OmSnapshotManager.java:createOmSnapshotCheckpoint(463)) - Created checkpoint : /home/runner/work/ozone/ozone/hadoop-ozone/integration-test/target/test-dir/MiniOzoneClusterImpl-c3f67427-b36b-4ee4-bde0-91623ce58163/ozone-meta/db.snapshots/checkpointState/om.db-ba0b06e1-f1b1-466a-b443-9c09a71924a7 for snapshot snapshot-a-4-93626
2023-12-19 18:18:18,766 [om1-OMStateMachineApplyTransactionThread - 0] WARN  snapshot.OMSnapshotCreateRequest (OMSnapshotCreateRequest.java:estimateBucketDataSize(338)) - DefaultReplicationConfig is not correctly set in OmBucketInfo for volume 'vol-b-61029' bucket 'buc-b-61743'. Falling back to config default 'RATIS/THREE'
2023-12-19 18:18:18,766 [om1-OMStateMachineApplyTransactionThread - 0] INFO  snapshot.OMSnapshotCreateRequest (OMSnapshotCreateRequest.java:validateAndUpdateCache(219)) - Created snapshot: 'snapshot-a-4-96318' with snapshotId: '9d02eb50-ac6e-43a0-9d1f-983b48575cf5' under path 'vol-b-61029/buc-b-61743'
2023-12-19 18:18:18,768 [om1-OMDoubleBufferFlushThread] INFO  db.RDBCheckpointManager (RDBCheckpointManager.java:createCheckpoint(89)) - Created checkpoint in rocksDB at /home/runner/work/ozone/ozone/hadoop-ozone/integration-test/target/test-dir/MiniOzoneClusterImpl-c3f67427-b36b-4ee4-bde0-91623ce58163/ozone-meta/db.snapshots/checkpointState/om.db-69692a30-41b9-4245-a2c1-52c2dadc707e in 15 milliseconds
2023-12-19 18:18:18,769 [om1-OMDoubleBufferFlushThread] INFO  db.RDBCheckpointUtils (RDBCheckpointUtils.java:waitForCheckpointDirectoryExist(60)) - Waited for 1 milliseconds for checkpoint directory /home/runner/work/ozone/ozone/hadoop-ozone/integration-test/target/test-dir/MiniOzoneClusterImpl-c3f67427-b36b-4ee4-bde0-91623ce58163/ozone-meta/db.snapshots/checkpointState/om.db-69692a30-41b9-4245-a2c1-52c2dadc707e availability.
2023-12-19 18:18:18,769 [om1-OMDoubleBufferFlushThread] INFO  om.OmSnapshotManager (OmSnapshotManager.java:createOmSnapshotCheckpoint(463)) - Created checkpoint : /home/runner/work/ozone/ozone/hadoop-ozone/integration-test/target/test-dir/MiniOzoneClusterImpl-c3f67427-b36b-4ee4-bde0-91623ce58163/ozone-meta/db.snapshots/checkpointState/om.db-69692a30-41b9-4245-a2c1-52c2dadc707e for snapshot snapshot-a-4-32038
2023-12-19 18:18:18,781 [om1-OMDoubleBufferFlushThread] INFO  db.RDBCheckpointManager (RDBCheckpointManager.java:createCheckpoint(89)) - Created checkpoint in rocksDB at /home/runner/work/ozone/ozone/hadoop-ozone/integration-test/target/test-dir/MiniOzoneClusterImpl-c3f67427-b36b-4ee4-bde0-91623ce58163/ozone-meta/db.snapshots/checkpointState/om.db-ad1c24b7-9e1f-4aa8-9582-820e69232bb9 in 10 milliseconds
2023-12-19 18:18:18,781 [om1-OMDoubleBufferFlushThread] INFO  db.RDBCheckpointUtils (RDBCheckpointUtils.java:waitForCheckpointDirectoryExist(60)) - Waited for 0 milliseconds for checkpoint directory /home/runner/work/ozone/ozone/hadoop-ozone/integration-test/target/test-dir/MiniOzoneClusterImpl-c3f67427-b36b-4ee4-bde0-91623ce58163/ozone-meta/db.snapshots/checkpointState/om.db-ad1c24b7-9e1f-4aa8-9582-820e69232bb9 availability.
2023-12-19 18:18:18,782 [om1-OMDoubleBufferFlushThread] INFO  om.OmSnapshotManager (OmSnapshotManager.java:createOmSnapshotCheckpoint(463)) - Created checkpoint : /home/runner/work/ozone/ozone/hadoop-ozone/integration-test/target/test-dir/MiniOzoneClusterImpl-c3f67427-b36b-4ee4-bde0-91623ce58163/ozone-meta/db.snapshots/checkpointState/om.db-ad1c24b7-9e1f-4aa8-9582-820e69232bb9 for snapshot snapshot-a-4-48000
2023-12-19 18:18:18,783 [om1-OMStateMachineApplyTransactionThread - 0] WARN  snapshot.OMSnapshotCreateRequest (OMSnapshotCreateRequest.java:estimateBucketDataSize(338)) - DefaultReplicationConfig is not correctly set in OmBucketInfo for volume 'vol-a-37174' bucket 'buc-a-07731'. Falling back to config default 'RATIS/THREE'
2023-12-19 18:18:18,783 [om1-OMStateMachineApplyTransactionThread - 0] INFO  snapshot.OMSnapshotCreateRequest (OMSnapshotCreateRequest.java:validateAndUpdateCache(219)) - Created snapshot: 'snapshot-a-5-06306' with snapshotId: 'c22d6090-b757-4544-bc6c-a787cf243c4f' under path 'vol-a-37174/buc-a-07731'
2023-12-19 18:18:18,795 [om1-OMDoubleBufferFlushThread] INFO  db.RDBCheckpointManager (RDBCheckpointManager.java:createCheckpoint(89)) - Created checkpoint in rocksDB at /home/runner/work/ozone/ozone/hadoop-ozone/integration-test/target/test-dir/MiniOzoneClusterImpl-c3f67427-b36b-4ee4-bde0-91623ce58163/ozone-meta/db.snapshots/checkpointState/om.db-9d02eb50-ac6e-43a0-9d1f-983b48575cf5 in 10 milliseconds
2023-12-19 18:18:18,796 [om1-OMDoubleBufferFlushThread] INFO  db.RDBCheckpointUtils (RDBCheckpointUtils.java:waitForCheckpointDirectoryExist(60)) - Waited for 1 milliseconds for checkpoint directory /home/runner/work/ozone/ozone/hadoop-ozone/integration-test/target/test-dir/MiniOzoneClusterImpl-c3f67427-b36b-4ee4-bde0-91623ce58163/ozone-meta/db.snapshots/checkpointState/om.db-9d02eb50-ac6e-43a0-9d1f-983b48575cf5 availability.
2023-12-19 18:18:18,796 [om1-OMDoubleBufferFlushThread] INFO  om.OmSnapshotManager (OmSnapshotManager.java:createOmSnapshotCheckpoint(463)) - Created checkpoint : /home/runner/work/ozone/ozone/hadoop-ozone/integration-test/target/test-dir/MiniOzoneClusterImpl-c3f67427-b36b-4ee4-bde0-91623ce58163/ozone-meta/db.snapshots/checkpointState/om.db-9d02eb50-ac6e-43a0-9d1f-983b48575cf5 for snapshot snapshot-a-4-96318
2023-12-19 18:18:18,799 [om1-OMStateMachineApplyTransactionThread - 0] WARN  snapshot.OMSnapshotCreateRequest (OMSnapshotCreateRequest.java:estimateBucketDataSize(338)) - DefaultReplicationConfig is not correctly set in OmBucketInfo for volume 'vol-a-37174' bucket 'buc-b-61743'. Falling back to config default 'RATIS/THREE'
2023-12-19 18:18:18,799 [om1-OMStateMachineApplyTransactionThread - 0] INFO  snapshot.OMSnapshotCreateRequest (OMSnapshotCreateRequest.java:validateAndUpdateCache(219)) - Created snapshot: 'snapshot-a-5-90209' with snapshotId: '2cf2087e-3f23-4bdb-aaa9-f554a22ede8f' under path 'vol-a-37174/buc-b-61743'
2023-12-19 18:18:18,810 [om1-OMDoubleBufferFlushThread] INFO  db.RDBCheckpointManager (RDBCheckpointManager.java:createCheckpoint(89)) - Created checkpoint in rocksDB at /home/runner/work/ozone/ozone/hadoop-ozone/integration-test/target/test-dir/MiniOzoneClusterImpl-c3f67427-b36b-4ee4-bde0-91623ce58163/ozone-meta/db.snapshots/checkpointState/om.db-c22d6090-b757-4544-bc6c-a787cf243c4f in 12 milliseconds
2023-12-19 18:18:18,810 [om1-OMDoubleBufferFlushThread] INFO  db.RDBCheckpointUtils (RDBCheckpointUtils.java:waitForCheckpointDirectoryExist(60)) - Waited for 0 milliseconds for checkpoint directory /home/runner/work/ozone/ozone/hadoop-ozone/integration-test/target/test-dir/MiniOzoneClusterImpl-c3f67427-b36b-4ee4-bde0-91623ce58163/ozone-meta/db.snapshots/checkpointState/om.db-c22d6090-b757-4544-bc6c-a787cf243c4f availability.
2023-12-19 18:18:18,811 [om1-OMDoubleBufferFlushThread] INFO  om.OmSnapshotManager (OmSnapshotManager.java:createOmSnapshotCheckpoint(463)) - Created checkpoint : /home/runner/work/ozone/ozone/hadoop-ozone/integration-test/target/test-dir/MiniOzoneClusterImpl-c3f67427-b36b-4ee4-bde0-91623ce58163/ozone-meta/db.snapshots/checkpointState/om.db-c22d6090-b757-4544-bc6c-a787cf243c4f for snapshot snapshot-a-5-06306
2023-12-19 18:18:18,814 [om1-OMStateMachineApplyTransactionThread - 0] WARN  snapshot.OMSnapshotCreateRequest (OMSnapshotCreateRequest.java:estimateBucketDataSize(338)) - DefaultReplicationConfig is not correctly set in OmBucketInfo for volume 'vol-b-61029' bucket 'buc-a-07731'. Falling back to config default 'RATIS/THREE'
2023-12-19 18:18:18,815 [om1-OMStateMachineApplyTransactionThread - 0] INFO  snapshot.OMSnapshotCreateRequest (OMSnapshotCreateRequest.java:validateAndUpdateCache(219)) - Created snapshot: 'snapshot-a-5-13454' with snapshotId: '6bdff8a8-807c-4a69-9ba6-2935edbd8190' under path 'vol-b-61029/buc-a-07731'
2023-12-19 18:18:18,826 [om1-OMDoubleBufferFlushThread] INFO  db.RDBCheckpointManager (RDBCheckpointManager.java:createCheckpoint(89)) - Created checkpoint in rocksDB at /home/runner/work/ozone/ozone/hadoop-ozone/integration-test/target/test-dir/MiniOzoneClusterImpl-c3f67427-b36b-4ee4-bde0-91623ce58163/ozone-meta/db.snapshots/checkpointState/om.db-2cf2087e-3f23-4bdb-aaa9-f554a22ede8f in 14 milliseconds
2023-12-19 18:18:18,826 [om1-OMDoubleBufferFlushThread] INFO  db.RDBCheckpointUtils (RDBCheckpointUtils.java:waitForCheckpointDirectoryExist(60)) - Waited for 0 milliseconds for checkpoint directory /home/runner/work/ozone/ozone/hadoop-ozone/integration-test/target/test-dir/MiniOzoneClusterImpl-c3f67427-b36b-4ee4-bde0-91623ce58163/ozone-meta/db.snapshots/checkpointState/om.db-2cf2087e-3f23-4bdb-aaa9-f554a22ede8f availability.
2023-12-19 18:18:18,827 [om1-OMDoubleBufferFlushThread] INFO  om.OmSnapshotManager (OmSnapshotManager.java:createOmSnapshotCheckpoint(463)) - Created checkpoint : /home/runner/work/ozone/ozone/hadoop-ozone/integration-test/target/test-dir/MiniOzoneClusterImpl-c3f67427-b36b-4ee4-bde0-91623ce58163/ozone-meta/db.snapshots/checkpointState/om.db-2cf2087e-3f23-4bdb-aaa9-f554a22ede8f for snapshot snapshot-a-5-90209
2023-12-19 18:18:18,832 [om1-OMStateMachineApplyTransactionThread - 0] WARN  snapshot.OMSnapshotCreateRequest (OMSnapshotCreateRequest.java:estimateBucketDataSize(338)) - DefaultReplicationConfig is not correctly set in OmBucketInfo for volume 'vol-b-61029' bucket 'buc-b-61743'. Falling back to config default 'RATIS/THREE'
2023-12-19 18:18:18,832 [om1-OMStateMachineApplyTransactionThread - 0] INFO  snapshot.OMSnapshotCreateRequest (OMSnapshotCreateRequest.java:validateAndUpdateCache(219)) - Created snapshot: 'snapshot-a-5-07179' with snapshotId: 'b46946d4-438b-40cc-a495-339a7315e576' under path 'vol-b-61029/buc-b-61743'
2023-12-19 18:18:18,840 [om1-OMDoubleBufferFlushThread] INFO  db.RDBCheckpointManager (RDBCheckpointManager.java:createCheckpoint(89)) - Created checkpoint in rocksDB at /home/runner/work/ozone/ozone/hadoop-ozone/integration-test/target/test-dir/MiniOzoneClusterImpl-c3f67427-b36b-4ee4-bde0-91623ce58163/ozone-meta/db.snapshots/checkpointState/om.db-6bdff8a8-807c-4a69-9ba6-2935edbd8190 in 11 milliseconds
2023-12-19 18:18:18,841 [om1-OMDoubleBufferFlushThread] INFO  db.RDBCheckpointUtils (RDBCheckpointUtils.java:waitForCheckpointDirectoryExist(60)) - Waited for 0 milliseconds for checkpoint directory /home/runner/work/ozone/ozone/hadoop-ozone/integration-test/target/test-dir/MiniOzoneClusterImpl-c3f67427-b36b-4ee4-bde0-91623ce58163/ozone-meta/db.snapshots/checkpointState/om.db-6bdff8a8-807c-4a69-9ba6-2935edbd8190 availability.
2023-12-19 18:18:18,842 [om1-OMDoubleBufferFlushThread] INFO  om.OmSnapshotManager (OmSnapshotManager.java:createOmSnapshotCheckpoint(463)) - Created checkpoint : /home/runner/work/ozone/ozone/hadoop-ozone/integration-test/target/test-dir/MiniOzoneClusterImpl-c3f67427-b36b-4ee4-bde0-91623ce58163/ozone-meta/db.snapshots/checkpointState/om.db-6bdff8a8-807c-4a69-9ba6-2935edbd8190 for snapshot snapshot-a-5-13454
2023-12-19 18:18:18,848 [om1-OMStateMachineApplyTransactionThread - 0] WARN  snapshot.OMSnapshotCreateRequest (OMSnapshotCreateRequest.java:estimateBucketDataSize(338)) - DefaultReplicationConfig is not correctly set in OmBucketInfo for volume 'vol-a-37174' bucket 'buc-a-07731'. Falling back to config default 'RATIS/THREE'
2023-12-19 18:18:18,848 [om1-OMStateMachineApplyTransactionThread - 0] INFO  snapshot.OMSnapshotCreateRequest (OMSnapshotCreateRequest.java:validateAndUpdateCache(219)) - Created snapshot: 'snapshot-a-6-13063' with snapshotId: 'bb8578b9-c4ed-4402-a7a0-684b0697dd3d' under path 'vol-a-37174/buc-a-07731'
2023-12-19 18:18:18,854 [om1-OMDoubleBufferFlushThread] INFO  db.RDBCheckpointManager (RDBCheckpointManager.java:createCheckpoint(89)) - Created checkpoint in rocksDB at /home/runner/work/ozone/ozone/hadoop-ozone/integration-test/target/test-dir/MiniOzoneClusterImpl-c3f67427-b36b-4ee4-bde0-91623ce58163/ozone-meta/db.snapshots/checkpointState/om.db-b46946d4-438b-40cc-a495-339a7315e576 in 11 milliseconds
2023-12-19 18:18:18,855 [om1-OMDoubleBufferFlushThread] INFO  db.RDBCheckpointUtils (RDBCheckpointUtils.java:waitForCheckpointDirectoryExist(60)) - Waited for 1 milliseconds for checkpoint directory /home/runner/work/ozone/ozone/hadoop-ozone/integration-test/target/test-dir/MiniOzoneClusterImpl-c3f67427-b36b-4ee4-bde0-91623ce58163/ozone-meta/db.snapshots/checkpointState/om.db-b46946d4-438b-40cc-a495-339a7315e576 availability.
2023-12-19 18:18:18,856 [om1-OMDoubleBufferFlushThread] INFO  om.OmSnapshotManager (OmSnapshotManager.java:createOmSnapshotCheckpoint(463)) - Created checkpoint : /home/runner/work/ozone/ozone/hadoop-ozone/integration-test/target/test-dir/MiniOzoneClusterImpl-c3f67427-b36b-4ee4-bde0-91623ce58163/ozone-meta/db.snapshots/checkpointState/om.db-b46946d4-438b-40cc-a495-339a7315e576 for snapshot snapshot-a-5-07179
2023-12-19 18:18:18,864 [om1-OMStateMachineApplyTransactionThread - 0] WARN  snapshot.OMSnapshotCreateRequest (OMSnapshotCreateRequest.java:estimateBucketDataSize(338)) - DefaultReplicationConfig is not correctly set in OmBucketInfo for volume 'vol-a-37174' bucket 'buc-b-61743'. Falling back to config default 'RATIS/THREE'
2023-12-19 18:18:18,865 [om1-OMStateMachineApplyTransactionThread - 0] INFO  snapshot.OMSnapshotCreateRequest (OMSnapshotCreateRequest.java:validateAndUpdateCache(219)) - Created snapshot: 'snapshot-a-6-52451' with snapshotId: '53172097-5f69-4f9f-81c4-8db735057cb1' under path 'vol-a-37174/buc-b-61743'
2023-12-19 18:18:18,870 [om1-OMDoubleBufferFlushThread] INFO  db.RDBCheckpointManager (RDBCheckpointManager.java:createCheckpoint(89)) - Created checkpoint in rocksDB at /home/runner/work/ozone/ozone/hadoop-ozone/integration-test/target/test-dir/MiniOzoneClusterImpl-c3f67427-b36b-4ee4-bde0-91623ce58163/ozone-meta/db.snapshots/checkpointState/om.db-bb8578b9-c4ed-4402-a7a0-684b0697dd3d in 13 milliseconds
2023-12-19 18:18:18,870 [om1-OMDoubleBufferFlushThread] INFO  db.RDBCheckpointUtils (RDBCheckpointUtils.java:waitForCheckpointDirectoryExist(60)) - Waited for 0 milliseconds for checkpoint directory /home/runner/work/ozone/ozone/hadoop-ozone/integration-test/target/test-dir/MiniOzoneClusterImpl-c3f67427-b36b-4ee4-bde0-91623ce58163/ozone-meta/db.snapshots/checkpointState/om.db-bb8578b9-c4ed-4402-a7a0-684b0697dd3d availability.
2023-12-19 18:18:18,909 [om1-OMDoubleBufferFlushThread] INFO  om.OmSnapshotManager (OmSnapshotManager.java:createOmSnapshotCheckpoint(463)) - Created checkpoint : /home/runner/work/ozone/ozone/hadoop-ozone/integration-test/target/test-dir/MiniOzoneClusterImpl-c3f67427-b36b-4ee4-bde0-91623ce58163/ozone-meta/db.snapshots/checkpointState/om.db-bb8578b9-c4ed-4402-a7a0-684b0697dd3d for snapshot snapshot-a-6-13063
2023-12-19 18:18:18,926 [om1-OMDoubleBufferFlushThread] INFO  db.RDBCheckpointManager (RDBCheckpointManager.java:createCheckpoint(89)) - Created checkpoint in rocksDB at /home/runner/work/ozone/ozone/hadoop-ozone/integration-test/target/test-dir/MiniOzoneClusterImpl-c3f67427-b36b-4ee4-bde0-91623ce58163/ozone-meta/db.snapshots/checkpointState/om.db-53172097-5f69-4f9f-81c4-8db735057cb1 in 14 milliseconds
2023-12-19 18:18:18,927 [om1-OMDoubleBufferFlushThread] INFO  db.RDBCheckpointUtils (RDBCheckpointUtils.java:waitForCheckpointDirectoryExist(60)) - Waited for 0 milliseconds for checkpoint directory /home/runner/work/ozone/ozone/hadoop-ozone/integration-test/target/test-dir/MiniOzoneClusterImpl-c3f67427-b36b-4ee4-bde0-91623ce58163/ozone-meta/db.snapshots/checkpointState/om.db-53172097-5f69-4f9f-81c4-8db735057cb1 availability.
2023-12-19 18:18:18,927 [om1-OMDoubleBufferFlushThread] INFO  om.OmSnapshotManager (OmSnapshotManager.java:createOmSnapshotCheckpoint(463)) - Created checkpoint : /home/runner/work/ozone/ozone/hadoop-ozone/integration-test/target/test-dir/MiniOzoneClusterImpl-c3f67427-b36b-4ee4-bde0-91623ce58163/ozone-meta/db.snapshots/checkpointState/om.db-53172097-5f69-4f9f-81c4-8db735057cb1 for snapshot snapshot-a-6-52451
2023-12-19 18:18:18,935 [om1-OMStateMachineApplyTransactionThread - 0] WARN  snapshot.OMSnapshotCreateRequest (OMSnapshotCreateRequest.java:estimateBucketDataSize(338)) - DefaultReplicationConfig is not correctly set in OmBucketInfo for volume 'vol-b-61029' bucket 'buc-a-07731'. Falling back to config default 'RATIS/THREE'
2023-12-19 18:18:18,936 [om1-OMStateMachineApplyTransactionThread - 0] INFO  snapshot.OMSnapshotCreateRequest (OMSnapshotCreateRequest.java:validateAndUpdateCache(219)) - Created snapshot: 'snapshot-a-6-53853' with snapshotId: '95e7c37c-88df-446e-9fab-d3cc12bbbde5' under path 'vol-b-61029/buc-a-07731'
2023-12-19 18:18:18,948 [om1-OMDoubleBufferFlushThread] INFO  db.RDBCheckpointManager (RDBCheckpointManager.java:createCheckpoint(89)) - Created checkpoint in rocksDB at /home/runner/work/ozone/ozone/hadoop-ozone/integration-test/target/test-dir/MiniOzoneClusterImpl-c3f67427-b36b-4ee4-bde0-91623ce58163/ozone-meta/db.snapshots/checkpointState/om.db-95e7c37c-88df-446e-9fab-d3cc12bbbde5 in 11 milliseconds
2023-12-19 18:18:18,948 [om1-OMDoubleBufferFlushThread] INFO  db.RDBCheckpointUtils (RDBCheckpointUtils.java:waitForCheckpointDirectoryExist(60)) - Waited for 0 milliseconds for checkpoint directory /home/runner/work/ozone/ozone/hadoop-ozone/integration-test/target/test-dir/MiniOzoneClusterImpl-c3f67427-b36b-4ee4-bde0-91623ce58163/ozone-meta/db.snapshots/checkpointState/om.db-95e7c37c-88df-446e-9fab-d3cc12bbbde5 availability.
2023-12-19 18:18:18,949 [om1-OMDoubleBufferFlushThread] INFO  om.OmSnapshotManager (OmSnapshotManager.java:createOmSnapshotCheckpoint(463)) - Created checkpoint : /home/runner/work/ozone/ozone/hadoop-ozone/integration-test/target/test-dir/MiniOzoneClusterImpl-c3f67427-b36b-4ee4-bde0-91623ce58163/ozone-meta/db.snapshots/checkpointState/om.db-95e7c37c-88df-446e-9fab-d3cc12bbbde5 for snapshot snapshot-a-6-53853
2023-12-19 18:18:18,956 [om1-OMStateMachineApplyTransactionThread - 0] WARN  snapshot.OMSnapshotCreateRequest (OMSnapshotCreateRequest.java:estimateBucketDataSize(338)) - DefaultReplicationConfig is not correctly set in OmBucketInfo for volume 'vol-b-61029' bucket 'buc-b-61743'. Falling back to config default 'RATIS/THREE'
2023-12-19 18:18:18,956 [om1-OMStateMachineApplyTransactionThread - 0] INFO  snapshot.OMSnapshotCreateRequest (OMSnapshotCreateRequest.java:validateAndUpdateCache(219)) - Created snapshot: 'snapshot-a-6-05127' with snapshotId: 'e99bd3cc-ab16-4e08-a048-229e42232ab4' under path 'vol-b-61029/buc-b-61743'
2023-12-19 18:18:18,967 [om1-OMDoubleBufferFlushThread] INFO  db.RDBCheckpointManager (RDBCheckpointManager.java:createCheckpoint(89)) - Created checkpoint in rocksDB at /home/runner/work/ozone/ozone/hadoop-ozone/integration-test/target/test-dir/MiniOzoneClusterImpl-c3f67427-b36b-4ee4-bde0-91623ce58163/ozone-meta/db.snapshots/checkpointState/om.db-e99bd3cc-ab16-4e08-a048-229e42232ab4 in 10 milliseconds
2023-12-19 18:18:18,968 [om1-OMDoubleBufferFlushThread] INFO  db.RDBCheckpointUtils (RDBCheckpointUtils.java:waitForCheckpointDirectoryExist(60)) - Waited for 1 milliseconds for checkpoint directory /home/runner/work/ozone/ozone/hadoop-ozone/integration-test/target/test-dir/MiniOzoneClusterImpl-c3f67427-b36b-4ee4-bde0-91623ce58163/ozone-meta/db.snapshots/checkpointState/om.db-e99bd3cc-ab16-4e08-a048-229e42232ab4 availability.
2023-12-19 18:18:18,968 [om1-OMDoubleBufferFlushThread] INFO  om.OmSnapshotManager (OmSnapshotManager.java:createOmSnapshotCheckpoint(463)) - Created checkpoint : /home/runner/work/ozone/ozone/hadoop-ozone/integration-test/target/test-dir/MiniOzoneClusterImpl-c3f67427-b36b-4ee4-bde0-91623ce58163/ozone-meta/db.snapshots/checkpointState/om.db-e99bd3cc-ab16-4e08-a048-229e42232ab4 for snapshot snapshot-a-6-05127
2023-12-19 18:18:18,971 [om1-OMStateMachineApplyTransactionThread - 0] WARN  snapshot.OMSnapshotCreateRequest (OMSnapshotCreateRequest.java:estimateBucketDataSize(338)) - DefaultReplicationConfig is not correctly set in OmBucketInfo for volume 'vol-a-37174' bucket 'buc-a-07731'. Falling back to config default 'RATIS/THREE'
2023-12-19 18:18:18,971 [om1-OMStateMachineApplyTransactionThread - 0] INFO  snapshot.OMSnapshotCreateRequest (OMSnapshotCreateRequest.java:validateAndUpdateCache(219)) - Created snapshot: 'snapshot-a-7-07473' with snapshotId: 'a8e0b0ba-8e8e-4698-95b8-4ff03e7fd7bc' under path 'vol-a-37174/buc-a-07731'
2023-12-19 18:18:18,983 [om1-OMDoubleBufferFlushThread] INFO  db.RDBCheckpointManager (RDBCheckpointManager.java:createCheckpoint(89)) - Created checkpoint in rocksDB at /home/runner/work/ozone/ozone/hadoop-ozone/integration-test/target/test-dir/MiniOzoneClusterImpl-c3f67427-b36b-4ee4-bde0-91623ce58163/ozone-meta/db.snapshots/checkpointState/om.db-a8e0b0ba-8e8e-4698-95b8-4ff03e7fd7bc in 11 milliseconds
2023-12-19 18:18:18,984 [om1-OMDoubleBufferFlushThread] INFO  db.RDBCheckpointUtils (RDBCheckpointUtils.java:waitForCheckpointDirectoryExist(60)) - Waited for 0 milliseconds for checkpoint directory /home/runner/work/ozone/ozone/hadoop-ozone/integration-test/target/test-dir/MiniOzoneClusterImpl-c3f67427-b36b-4ee4-bde0-91623ce58163/ozone-meta/db.snapshots/checkpointState/om.db-a8e0b0ba-8e8e-4698-95b8-4ff03e7fd7bc availability.
2023-12-19 18:18:18,986 [om1-OMStateMachineApplyTransactionThread - 0] WARN  snapshot.OMSnapshotCreateRequest (OMSnapshotCreateRequest.java:estimateBucketDataSize(338)) - DefaultReplicationConfig is not correctly set in OmBucketInfo for volume 'vol-a-37174' bucket 'buc-b-61743'. Falling back to config default 'RATIS/THREE'
2023-12-19 18:18:18,986 [om1-OMStateMachineApplyTransactionThread - 0] INFO  snapshot.OMSnapshotCreateRequest (OMSnapshotCreateRequest.java:validateAndUpdateCache(219)) - Created snapshot: 'snapshot-a-7-86502' with snapshotId: '42a11a7f-97ff-464a-afd5-3156d4fdf10f' under path 'vol-a-37174/buc-b-61743'
2023-12-19 18:18:18,987 [om1-OMDoubleBufferFlushThread] INFO  om.OmSnapshotManager (OmSnapshotManager.java:createOmSnapshotCheckpoint(463)) - Created checkpoint : /home/runner/work/ozone/ozone/hadoop-ozone/integration-test/target/test-dir/MiniOzoneClusterImpl-c3f67427-b36b-4ee4-bde0-91623ce58163/ozone-meta/db.snapshots/checkpointState/om.db-a8e0b0ba-8e8e-4698-95b8-4ff03e7fd7bc for snapshot snapshot-a-7-07473
2023-12-19 18:18:19,002 [om1-OMDoubleBufferFlushThread] INFO  db.RDBCheckpointManager (RDBCheckpointManager.java:createCheckpoint(89)) - Created checkpoint in rocksDB at /home/runner/work/ozone/ozone/hadoop-ozone/integration-test/target/test-dir/MiniOzoneClusterImpl-c3f67427-b36b-4ee4-bde0-91623ce58163/ozone-meta/db.snapshots/checkpointState/om.db-42a11a7f-97ff-464a-afd5-3156d4fdf10f in 13 milliseconds
2023-12-19 18:18:19,003 [om1-OMDoubleBufferFlushThread] INFO  db.RDBCheckpointUtils (RDBCheckpointUtils.java:waitForCheckpointDirectoryExist(60)) - Waited for 1 milliseconds for checkpoint directory /home/runner/work/ozone/ozone/hadoop-ozone/integration-test/target/test-dir/MiniOzoneClusterImpl-c3f67427-b36b-4ee4-bde0-91623ce58163/ozone-meta/db.snapshots/checkpointState/om.db-42a11a7f-97ff-464a-afd5-3156d4fdf10f availability.
2023-12-19 18:18:19,003 [om1-OMStateMachineApplyTransactionThread - 0] WARN  snapshot.OMSnapshotCreateRequest (OMSnapshotCreateRequest.java:estimateBucketDataSize(338)) - DefaultReplicationConfig is not correctly set in OmBucketInfo for volume 'vol-b-61029' bucket 'buc-a-07731'. Falling back to config default 'RATIS/THREE'
2023-12-19 18:18:19,003 [om1-OMStateMachineApplyTransactionThread - 0] INFO  snapshot.OMSnapshotCreateRequest (OMSnapshotCreateRequest.java:validateAndUpdateCache(219)) - Created snapshot: 'snapshot-a-7-12426' with snapshotId: '05bc68c7-9baf-4332-86a6-8c10a619c893' under path 'vol-b-61029/buc-a-07731'
2023-12-19 18:18:19,004 [om1-OMDoubleBufferFlushThread] INFO  om.OmSnapshotManager (OmSnapshotManager.java:createOmSnapshotCheckpoint(463)) - Created checkpoint : /home/runner/work/ozone/ozone/hadoop-ozone/integration-test/target/test-dir/MiniOzoneClusterImpl-c3f67427-b36b-4ee4-bde0-91623ce58163/ozone-meta/db.snapshots/checkpointState/om.db-42a11a7f-97ff-464a-afd5-3156d4fdf10f for snapshot snapshot-a-7-86502
2023-12-19 18:18:19,015 [om1-OMDoubleBufferFlushThread] INFO  db.RDBCheckpointManager (RDBCheckpointManager.java:createCheckpoint(89)) - Created checkpoint in rocksDB at /home/runner/work/ozone/ozone/hadoop-ozone/integration-test/target/test-dir/MiniOzoneClusterImpl-c3f67427-b36b-4ee4-bde0-91623ce58163/ozone-meta/db.snapshots/checkpointState/om.db-05bc68c7-9baf-4332-86a6-8c10a619c893 in 10 milliseconds
2023-12-19 18:18:19,015 [om1-OMDoubleBufferFlushThread] INFO  db.RDBCheckpointUtils (RDBCheckpointUtils.java:waitForCheckpointDirectoryExist(60)) - Waited for 0 milliseconds for checkpoint directory /home/runner/work/ozone/ozone/hadoop-ozone/integration-test/target/test-dir/MiniOzoneClusterImpl-c3f67427-b36b-4ee4-bde0-91623ce58163/ozone-meta/db.snapshots/checkpointState/om.db-05bc68c7-9baf-4332-86a6-8c10a619c893 availability.
2023-12-19 18:18:19,016 [om1-OMDoubleBufferFlushThread] INFO  om.OmSnapshotManager (OmSnapshotManager.java:createOmSnapshotCheckpoint(463)) - Created checkpoint : /home/runner/work/ozone/ozone/hadoop-ozone/integration-test/target/test-dir/MiniOzoneClusterImpl-c3f67427-b36b-4ee4-bde0-91623ce58163/ozone-meta/db.snapshots/checkpointState/om.db-05bc68c7-9baf-4332-86a6-8c10a619c893 for snapshot snapshot-a-7-12426
2023-12-19 18:18:19,019 [om1-OMStateMachineApplyTransactionThread - 0] WARN  snapshot.OMSnapshotCreateRequest (OMSnapshotCreateRequest.java:estimateBucketDataSize(338)) - DefaultReplicationConfig is not correctly set in OmBucketInfo for volume 'vol-b-61029' bucket 'buc-b-61743'. Falling back to config default 'RATIS/THREE'
2023-12-19 18:18:19,019 [om1-OMStateMachineApplyTransactionThread - 0] INFO  snapshot.OMSnapshotCreateRequest (OMSnapshotCreateRequest.java:validateAndUpdateCache(219)) - Created snapshot: 'snapshot-a-7-36015' with snapshotId: '0999eb7d-f172-40a4-9ad3-235ec53d439d' under path 'vol-b-61029/buc-b-61743'
2023-12-19 18:18:19,032 [om1-OMDoubleBufferFlushThread] INFO  db.RDBCheckpointManager (RDBCheckpointManager.java:createCheckpoint(89)) - Created checkpoint in rocksDB at /home/runner/work/ozone/ozone/hadoop-ozone/integration-test/target/test-dir/MiniOzoneClusterImpl-c3f67427-b36b-4ee4-bde0-91623ce58163/ozone-meta/db.snapshots/checkpointState/om.db-0999eb7d-f172-40a4-9ad3-235ec53d439d in 12 milliseconds
2023-12-19 18:18:19,032 [om1-OMDoubleBufferFlushThread] INFO  db.RDBCheckpointUtils (RDBCheckpointUtils.java:waitForCheckpointDirectoryExist(60)) - Waited for 0 milliseconds for checkpoint directory /home/runner/work/ozone/ozone/hadoop-ozone/integration-test/target/test-dir/MiniOzoneClusterImpl-c3f67427-b36b-4ee4-bde0-91623ce58163/ozone-meta/db.snapshots/checkpointState/om.db-0999eb7d-f172-40a4-9ad3-235ec53d439d availability.
2023-12-19 18:18:19,033 [om1-OMDoubleBufferFlushThread] INFO  om.OmSnapshotManager (OmSnapshotManager.java:createOmSnapshotCheckpoint(463)) - Created checkpoint : /home/runner/work/ozone/ozone/hadoop-ozone/integration-test/target/test-dir/MiniOzoneClusterImpl-c3f67427-b36b-4ee4-bde0-91623ce58163/ozone-meta/db.snapshots/checkpointState/om.db-0999eb7d-f172-40a4-9ad3-235ec53d439d for snapshot snapshot-a-7-36015
2023-12-19 18:18:19,033 [om1-OMStateMachineApplyTransactionThread - 0] WARN  snapshot.OMSnapshotCreateRequest (OMSnapshotCreateRequest.java:estimateBucketDataSize(338)) - DefaultReplicationConfig is not correctly set in OmBucketInfo for volume 'vol-a-37174' bucket 'buc-a-07731'. Falling back to config default 'RATIS/THREE'
2023-12-19 18:18:19,033 [om1-OMStateMachineApplyTransactionThread - 0] INFO  snapshot.OMSnapshotCreateRequest (OMSnapshotCreateRequest.java:validateAndUpdateCache(219)) - Created snapshot: 'snapshot-a-8-52261' with snapshotId: 'a4a07fab-ab45-4d1c-9a49-2cce2c6746b1' under path 'vol-a-37174/buc-a-07731'
2023-12-19 18:18:19,045 [om1-OMDoubleBufferFlushThread] INFO  db.RDBCheckpointManager (RDBCheckpointManager.java:createCheckpoint(89)) - Created checkpoint in rocksDB at /home/runner/work/ozone/ozone/hadoop-ozone/integration-test/target/test-dir/MiniOzoneClusterImpl-c3f67427-b36b-4ee4-bde0-91623ce58163/ozone-meta/db.snapshots/checkpointState/om.db-a4a07fab-ab45-4d1c-9a49-2cce2c6746b1 in 11 milliseconds
2023-12-19 18:18:19,045 [om1-OMDoubleBufferFlushThread] INFO  db.RDBCheckpointUtils (RDBCheckpointUtils.java:waitForCheckpointDirectoryExist(60)) - Waited for 0 milliseconds for checkpoint directory /home/runner/work/ozone/ozone/hadoop-ozone/integration-test/target/test-dir/MiniOzoneClusterImpl-c3f67427-b36b-4ee4-bde0-91623ce58163/ozone-meta/db.snapshots/checkpointState/om.db-a4a07fab-ab45-4d1c-9a49-2cce2c6746b1 availability.
2023-12-19 18:18:19,047 [om1-OMDoubleBufferFlushThread] INFO  om.OmSnapshotManager (OmSnapshotManager.java:createOmSnapshotCheckpoint(463)) - Created checkpoint : /home/runner/work/ozone/ozone/hadoop-ozone/integration-test/target/test-dir/MiniOzoneClusterImpl-c3f67427-b36b-4ee4-bde0-91623ce58163/ozone-meta/db.snapshots/checkpointState/om.db-a4a07fab-ab45-4d1c-9a49-2cce2c6746b1 for snapshot snapshot-a-8-52261
2023-12-19 18:18:19,049 [om1-OMStateMachineApplyTransactionThread - 0] WARN  snapshot.OMSnapshotCreateRequest (OMSnapshotCreateRequest.java:estimateBucketDataSize(338)) - DefaultReplicationConfig is not correctly set in OmBucketInfo for volume 'vol-a-37174' bucket 'buc-b-61743'. Falling back to config default 'RATIS/THREE'
2023-12-19 18:18:19,049 [om1-OMStateMachineApplyTransactionThread - 0] INFO  snapshot.OMSnapshotCreateRequest (OMSnapshotCreateRequest.java:validateAndUpdateCache(219)) - Created snapshot: 'snapshot-a-8-00958' with snapshotId: '12c1cb11-148c-49fe-906d-1f83aecb05e6' under path 'vol-a-37174/buc-b-61743'
2023-12-19 18:18:19,065 [om1-OMStateMachineApplyTransactionThread - 0] WARN  snapshot.OMSnapshotCreateRequest (OMSnapshotCreateRequest.java:estimateBucketDataSize(338)) - DefaultReplicationConfig is not correctly set in OmBucketInfo for volume 'vol-b-61029' bucket 'buc-a-07731'. Falling back to config default 'RATIS/THREE'
2023-12-19 18:18:19,065 [om1-OMDoubleBufferFlushThread] INFO  db.RDBCheckpointManager (RDBCheckpointManager.java:createCheckpoint(89)) - Created checkpoint in rocksDB at /home/runner/work/ozone/ozone/hadoop-ozone/integration-test/target/test-dir/MiniOzoneClusterImpl-c3f67427-b36b-4ee4-bde0-91623ce58163/ozone-meta/db.snapshots/checkpointState/om.db-12c1cb11-148c-49fe-906d-1f83aecb05e6 in 13 milliseconds
2023-12-19 18:18:19,065 [om1-OMStateMachineApplyTransactionThread - 0] INFO  snapshot.OMSnapshotCreateRequest (OMSnapshotCreateRequest.java:validateAndUpdateCache(219)) - Created snapshot: 'snapshot-a-8-95113' with snapshotId: 'a25d2753-131e-4847-8172-b81220d009e0' under path 'vol-b-61029/buc-a-07731'
2023-12-19 18:18:19,066 [om1-OMDoubleBufferFlushThread] INFO  db.RDBCheckpointUtils (RDBCheckpointUtils.java:waitForCheckpointDirectoryExist(60)) - Waited for 0 milliseconds for checkpoint directory /home/runner/work/ozone/ozone/hadoop-ozone/integration-test/target/test-dir/MiniOzoneClusterImpl-c3f67427-b36b-4ee4-bde0-91623ce58163/ozone-meta/db.snapshots/checkpointState/om.db-12c1cb11-148c-49fe-906d-1f83aecb05e6 availability.
2023-12-19 18:18:19,066 [om1-OMDoubleBufferFlushThread] INFO  om.OmSnapshotManager (OmSnapshotManager.java:createOmSnapshotCheckpoint(463)) - Created checkpoint : /home/runner/work/ozone/ozone/hadoop-ozone/integration-test/target/test-dir/MiniOzoneClusterImpl-c3f67427-b36b-4ee4-bde0-91623ce58163/ozone-meta/db.snapshots/checkpointState/om.db-12c1cb11-148c-49fe-906d-1f83aecb05e6 for snapshot snapshot-a-8-00958
2023-12-19 18:18:19,079 [om1-OMDoubleBufferFlushThread] INFO  db.RDBCheckpointManager (RDBCheckpointManager.java:createCheckpoint(89)) - Created checkpoint in rocksDB at /home/runner/work/ozone/ozone/hadoop-ozone/integration-test/target/test-dir/MiniOzoneClusterImpl-c3f67427-b36b-4ee4-bde0-91623ce58163/ozone-meta/db.snapshots/checkpointState/om.db-a25d2753-131e-4847-8172-b81220d009e0 in 11 milliseconds
2023-12-19 18:18:19,079 [om1-OMDoubleBufferFlushThread] INFO  db.RDBCheckpointUtils (RDBCheckpointUtils.java:waitForCheckpointDirectoryExist(60)) - Waited for 0 milliseconds for checkpoint directory /home/runner/work/ozone/ozone/hadoop-ozone/integration-test/target/test-dir/MiniOzoneClusterImpl-c3f67427-b36b-4ee4-bde0-91623ce58163/ozone-meta/db.snapshots/checkpointState/om.db-a25d2753-131e-4847-8172-b81220d009e0 availability.
2023-12-19 18:18:19,080 [om1-OMDoubleBufferFlushThread] INFO  om.OmSnapshotManager (OmSnapshotManager.java:createOmSnapshotCheckpoint(463)) - Created checkpoint : /home/runner/work/ozone/ozone/hadoop-ozone/integration-test/target/test-dir/MiniOzoneClusterImpl-c3f67427-b36b-4ee4-bde0-91623ce58163/ozone-meta/db.snapshots/checkpointState/om.db-a25d2753-131e-4847-8172-b81220d009e0 for snapshot snapshot-a-8-95113
2023-12-19 18:18:19,082 [om1-OMStateMachineApplyTransactionThread - 0] WARN  snapshot.OMSnapshotCreateRequest (OMSnapshotCreateRequest.java:estimateBucketDataSize(338)) - DefaultReplicationConfig is not correctly set in OmBucketInfo for volume 'vol-b-61029' bucket 'buc-b-61743'. Falling back to config default 'RATIS/THREE'
2023-12-19 18:18:19,082 [om1-OMStateMachineApplyTransactionThread - 0] INFO  snapshot.OMSnapshotCreateRequest (OMSnapshotCreateRequest.java:validateAndUpdateCache(219)) - Created snapshot: 'snapshot-a-8-18736' with snapshotId: 'ca8b230f-21cc-4a9e-8fdf-9b9c4eec0e88' under path 'vol-b-61029/buc-b-61743'
2023-12-19 18:18:19,093 [om1-OMDoubleBufferFlushThread] INFO  db.RDBCheckpointManager (RDBCheckpointManager.java:createCheckpoint(89)) - Created checkpoint in rocksDB at /home/runner/work/ozone/ozone/hadoop-ozone/integration-test/target/test-dir/MiniOzoneClusterImpl-c3f67427-b36b-4ee4-bde0-91623ce58163/ozone-meta/db.snapshots/checkpointState/om.db-ca8b230f-21cc-4a9e-8fdf-9b9c4eec0e88 in 10 milliseconds
2023-12-19 18:18:19,094 [om1-OMDoubleBufferFlushThread] INFO  db.RDBCheckpointUtils (RDBCheckpointUtils.java:waitForCheckpointDirectoryExist(60)) - Waited for 1 milliseconds for checkpoint directory /home/runner/work/ozone/ozone/hadoop-ozone/integration-test/target/test-dir/MiniOzoneClusterImpl-c3f67427-b36b-4ee4-bde0-91623ce58163/ozone-meta/db.snapshots/checkpointState/om.db-ca8b230f-21cc-4a9e-8fdf-9b9c4eec0e88 availability.
2023-12-19 18:18:19,094 [om1-OMDoubleBufferFlushThread] INFO  om.OmSnapshotManager (OmSnapshotManager.java:createOmSnapshotCheckpoint(463)) - Created checkpoint : /home/runner/work/ozone/ozone/hadoop-ozone/integration-test/target/test-dir/MiniOzoneClusterImpl-c3f67427-b36b-4ee4-bde0-91623ce58163/ozone-meta/db.snapshots/checkpointState/om.db-ca8b230f-21cc-4a9e-8fdf-9b9c4eec0e88 for snapshot snapshot-a-8-18736
2023-12-19 18:18:19,097 [om1-OMStateMachineApplyTransactionThread - 0] WARN  snapshot.OMSnapshotCreateRequest (OMSnapshotCreateRequest.java:estimateBucketDataSize(338)) - DefaultReplicationConfig is not correctly set in OmBucketInfo for volume 'vol-a-37174' bucket 'buc-a-07731'. Falling back to config default 'RATIS/THREE'
2023-12-19 18:18:19,097 [om1-OMStateMachineApplyTransactionThread - 0] INFO  snapshot.OMSnapshotCreateRequest (OMSnapshotCreateRequest.java:validateAndUpdateCache(219)) - Created snapshot: 'snapshot-a-9-69298' with snapshotId: 'fff86595-eccf-4e34-a091-144f35f1f129' under path 'vol-a-37174/buc-a-07731'
2023-12-19 18:18:19,110 [om1-OMDoubleBufferFlushThread] INFO  db.RDBCheckpointManager (RDBCheckpointManager.java:createCheckpoint(89)) - Created checkpoint in rocksDB at /home/runner/work/ozone/ozone/hadoop-ozone/integration-test/target/test-dir/MiniOzoneClusterImpl-c3f67427-b36b-4ee4-bde0-91623ce58163/ozone-meta/db.snapshots/checkpointState/om.db-fff86595-eccf-4e34-a091-144f35f1f129 in 11 milliseconds
2023-12-19 18:18:19,111 [om1-OMDoubleBufferFlushThread] INFO  db.RDBCheckpointUtils (RDBCheckpointUtils.java:waitForCheckpointDirectoryExist(60)) - Waited for 0 milliseconds for checkpoint directory /home/runner/work/ozone/ozone/hadoop-ozone/integration-test/target/test-dir/MiniOzoneClusterImpl-c3f67427-b36b-4ee4-bde0-91623ce58163/ozone-meta/db.snapshots/checkpointState/om.db-fff86595-eccf-4e34-a091-144f35f1f129 availability.
2023-12-19 18:18:19,112 [om1-OMDoubleBufferFlushThread] INFO  om.OmSnapshotManager (OmSnapshotManager.java:createOmSnapshotCheckpoint(463)) - Created checkpoint : /home/runner/work/ozone/ozone/hadoop-ozone/integration-test/target/test-dir/MiniOzoneClusterImpl-c3f67427-b36b-4ee4-bde0-91623ce58163/ozone-meta/db.snapshots/checkpointState/om.db-fff86595-eccf-4e34-a091-144f35f1f129 for snapshot snapshot-a-9-69298
2023-12-19 18:18:19,113 [om1-OMStateMachineApplyTransactionThread - 0] WARN  snapshot.OMSnapshotCreateRequest (OMSnapshotCreateRequest.java:estimateBucketDataSize(338)) - DefaultReplicationConfig is not correctly set in OmBucketInfo for volume 'vol-a-37174' bucket 'buc-b-61743'. Falling back to config default 'RATIS/THREE'
2023-12-19 18:18:19,113 [om1-OMStateMachineApplyTransactionThread - 0] INFO  snapshot.OMSnapshotCreateRequest (OMSnapshotCreateRequest.java:validateAndUpdateCache(219)) - Created snapshot: 'snapshot-a-9-45159' with snapshotId: '8bd87096-e24a-4cf4-86c3-f19a95f4716e' under path 'vol-a-37174/buc-b-61743'
2023-12-19 18:18:19,129 [om1-OMDoubleBufferFlushThread] INFO  db.RDBCheckpointManager (RDBCheckpointManager.java:createCheckpoint(89)) - Created checkpoint in rocksDB at /home/runner/work/ozone/ozone/hadoop-ozone/integration-test/target/test-dir/MiniOzoneClusterImpl-c3f67427-b36b-4ee4-bde0-91623ce58163/ozone-meta/db.snapshots/checkpointState/om.db-8bd87096-e24a-4cf4-86c3-f19a95f4716e in 15 milliseconds
2023-12-19 18:18:19,130 [om1-OMDoubleBufferFlushThread] INFO  db.RDBCheckpointUtils (RDBCheckpointUtils.java:waitForCheckpointDirectoryExist(60)) - Waited for 1 milliseconds for checkpoint directory /home/runner/work/ozone/ozone/hadoop-ozone/integration-test/target/test-dir/MiniOzoneClusterImpl-c3f67427-b36b-4ee4-bde0-91623ce58163/ozone-meta/db.snapshots/checkpointState/om.db-8bd87096-e24a-4cf4-86c3-f19a95f4716e availability.
2023-12-19 18:18:19,130 [om1-OMStateMachineApplyTransactionThread - 0] WARN  snapshot.OMSnapshotCreateRequest (OMSnapshotCreateRequest.java:estimateBucketDataSize(338)) - DefaultReplicationConfig is not correctly set in OmBucketInfo for volume 'vol-b-61029' bucket 'buc-a-07731'. Falling back to config default 'RATIS/THREE'
2023-12-19 18:18:19,130 [om1-OMDoubleBufferFlushThread] INFO  om.OmSnapshotManager (OmSnapshotManager.java:createOmSnapshotCheckpoint(463)) - Created checkpoint : /home/runner/work/ozone/ozone/hadoop-ozone/integration-test/target/test-dir/MiniOzoneClusterImpl-c3f67427-b36b-4ee4-bde0-91623ce58163/ozone-meta/db.snapshots/checkpointState/om.db-8bd87096-e24a-4cf4-86c3-f19a95f4716e for snapshot snapshot-a-9-45159
2023-12-19 18:18:19,131 [om1-OMStateMachineApplyTransactionThread - 0] INFO  snapshot.OMSnapshotCreateRequest (OMSnapshotCreateRequest.java:validateAndUpdateCache(219)) - Created snapshot: 'snapshot-a-9-84496' with snapshotId: '59a1dac4-5898-4d8a-811d-9c95f4dcc025' under path 'vol-b-61029/buc-a-07731'
2023-12-19 18:18:19,146 [om1-OMDoubleBufferFlushThread] INFO  db.RDBCheckpointManager (RDBCheckpointManager.java:createCheckpoint(89)) - Created checkpoint in rocksDB at /home/runner/work/ozone/ozone/hadoop-ozone/integration-test/target/test-dir/MiniOzoneClusterImpl-c3f67427-b36b-4ee4-bde0-91623ce58163/ozone-meta/db.snapshots/checkpointState/om.db-59a1dac4-5898-4d8a-811d-9c95f4dcc025 in 14 milliseconds
2023-12-19 18:18:19,147 [om1-OMDoubleBufferFlushThread] INFO  db.RDBCheckpointUtils (RDBCheckpointUtils.java:waitForCheckpointDirectoryExist(60)) - Waited for 1 milliseconds for checkpoint directory /home/runner/work/ozone/ozone/hadoop-ozone/integration-test/target/test-dir/MiniOzoneClusterImpl-c3f67427-b36b-4ee4-bde0-91623ce58163/ozone-meta/db.snapshots/checkpointState/om.db-59a1dac4-5898-4d8a-811d-9c95f4dcc025 availability.
2023-12-19 18:18:19,147 [om1-OMStateMachineApplyTransactionThread - 0] WARN  snapshot.OMSnapshotCreateRequest (OMSnapshotCreateRequest.java:estimateBucketDataSize(338)) - DefaultReplicationConfig is not correctly set in OmBucketInfo for volume 'vol-b-61029' bucket 'buc-b-61743'. Falling back to config default 'RATIS/THREE'
2023-12-19 18:18:19,148 [om1-OMStateMachineApplyTransactionThread - 0] INFO  snapshot.OMSnapshotCreateRequest (OMSnapshotCreateRequest.java:validateAndUpdateCache(219)) - Created snapshot: 'snapshot-a-9-31370' with snapshotId: 'b9daccbf-6d73-469f-b1b7-158c62624c5b' under path 'vol-b-61029/buc-b-61743'
2023-12-19 18:18:19,148 [om1-OMDoubleBufferFlushThread] INFO  om.OmSnapshotManager (OmSnapshotManager.java:createOmSnapshotCheckpoint(463)) - Created checkpoint : /home/runner/work/ozone/ozone/hadoop-ozone/integration-test/target/test-dir/MiniOzoneClusterImpl-c3f67427-b36b-4ee4-bde0-91623ce58163/ozone-meta/db.snapshots/checkpointState/om.db-59a1dac4-5898-4d8a-811d-9c95f4dcc025 for snapshot snapshot-a-9-84496
2023-12-19 18:18:19,163 [om1-OMStateMachineApplyTransactionThread - 0] WARN  snapshot.OMSnapshotCreateRequest (OMSnapshotCreateRequest.java:estimateBucketDataSize(338)) - DefaultReplicationConfig is not correctly set in OmBucketInfo for volume 'vol-a-37174' bucket 'buc-a-07731'. Falling back to config default 'RATIS/THREE'
2023-12-19 18:18:19,164 [om1-OMStateMachineApplyTransactionThread - 0] INFO  snapshot.OMSnapshotCreateRequest (OMSnapshotCreateRequest.java:validateAndUpdateCache(219)) - Created snapshot: 'snapshot-b-0-46916' with snapshotId: '7f5acf53-e5a6-430f-adee-6442fa0f076e' under path 'vol-a-37174/buc-a-07731'
2023-12-19 18:18:19,164 [om1-OMDoubleBufferFlushThread] INFO  db.RDBCheckpointManager (RDBCheckpointManager.java:createCheckpoint(89)) - Created checkpoint in rocksDB at /home/runner/work/ozone/ozone/hadoop-ozone/integration-test/target/test-dir/MiniOzoneClusterImpl-c3f67427-b36b-4ee4-bde0-91623ce58163/ozone-meta/db.snapshots/checkpointState/om.db-b9daccbf-6d73-469f-b1b7-158c62624c5b in 14 milliseconds
2023-12-19 18:18:19,165 [om1-OMDoubleBufferFlushThread] INFO  db.RDBCheckpointUtils (RDBCheckpointUtils.java:waitForCheckpointDirectoryExist(60)) - Waited for 1 milliseconds for checkpoint directory /home/runner/work/ozone/ozone/hadoop-ozone/integration-test/target/test-dir/MiniOzoneClusterImpl-c3f67427-b36b-4ee4-bde0-91623ce58163/ozone-meta/db.snapshots/checkpointState/om.db-b9daccbf-6d73-469f-b1b7-158c62624c5b availability.
2023-12-19 18:18:19,166 [om1-OMDoubleBufferFlushThread] INFO  om.OmSnapshotManager (OmSnapshotManager.java:createOmSnapshotCheckpoint(463)) - Created checkpoint : /home/runner/work/ozone/ozone/hadoop-ozone/integration-test/target/test-dir/MiniOzoneClusterImpl-c3f67427-b36b-4ee4-bde0-91623ce58163/ozone-meta/db.snapshots/checkpointState/om.db-b9daccbf-6d73-469f-b1b7-158c62624c5b for snapshot snapshot-a-9-31370
2023-12-19 18:18:19,178 [om1-OMStateMachineApplyTransactionThread - 0] WARN  snapshot.OMSnapshotCreateRequest (OMSnapshotCreateRequest.java:estimateBucketDataSize(338)) - DefaultReplicationConfig is not correctly set in OmBucketInfo for volume 'vol-a-37174' bucket 'buc-b-61743'. Falling back to config default 'RATIS/THREE'
2023-12-19 18:18:19,178 [om1-OMStateMachineApplyTransactionThread - 0] INFO  snapshot.OMSnapshotCreateRequest (OMSnapshotCreateRequest.java:validateAndUpdateCache(219)) - Created snapshot: 'snapshot-b-0-17680' with snapshotId: 'eea363d4-c825-40b3-a013-9d29740c9b5a' under path 'vol-a-37174/buc-b-61743'
2023-12-19 18:18:19,182 [om1-OMDoubleBufferFlushThread] INFO  db.RDBCheckpointManager (RDBCheckpointManager.java:createCheckpoint(89)) - Created checkpoint in rocksDB at /home/runner/work/ozone/ozone/hadoop-ozone/integration-test/target/test-dir/MiniOzoneClusterImpl-c3f67427-b36b-4ee4-bde0-91623ce58163/ozone-meta/db.snapshots/checkpointState/om.db-7f5acf53-e5a6-430f-adee-6442fa0f076e in 14 milliseconds
2023-12-19 18:18:19,183 [om1-OMDoubleBufferFlushThread] INFO  db.RDBCheckpointUtils (RDBCheckpointUtils.java:waitForCheckpointDirectoryExist(60)) - Waited for 1 milliseconds for checkpoint directory /home/runner/work/ozone/ozone/hadoop-ozone/integration-test/target/test-dir/MiniOzoneClusterImpl-c3f67427-b36b-4ee4-bde0-91623ce58163/ozone-meta/db.snapshots/checkpointState/om.db-7f5acf53-e5a6-430f-adee-6442fa0f076e availability.
2023-12-19 18:18:19,183 [om1-OMDoubleBufferFlushThread] INFO  om.OmSnapshotManager (OmSnapshotManager.java:createOmSnapshotCheckpoint(463)) - Created checkpoint : /home/runner/work/ozone/ozone/hadoop-ozone/integration-test/target/test-dir/MiniOzoneClusterImpl-c3f67427-b36b-4ee4-bde0-91623ce58163/ozone-meta/db.snapshots/checkpointState/om.db-7f5acf53-e5a6-430f-adee-6442fa0f076e for snapshot snapshot-b-0-46916
2023-12-19 18:18:19,197 [om1-OMStateMachineApplyTransactionThread - 0] WARN  snapshot.OMSnapshotCreateRequest (OMSnapshotCreateRequest.java:estimateBucketDataSize(338)) - DefaultReplicationConfig is not correctly set in OmBucketInfo for volume 'vol-b-61029' bucket 'buc-a-07731'. Falling back to config default 'RATIS/THREE'
2023-12-19 18:18:19,197 [om1-OMStateMachineApplyTransactionThread - 0] INFO  snapshot.OMSnapshotCreateRequest (OMSnapshotCreateRequest.java:validateAndUpdateCache(219)) - Created snapshot: 'snapshot-b-0-60215' with snapshotId: 'fec065f1-3a11-4bfb-a700-ed31ff266298' under path 'vol-b-61029/buc-a-07731'
2023-12-19 18:18:19,218 [om1-OMDoubleBufferFlushThread] INFO  db.RDBCheckpointManager (RDBCheckpointManager.java:createCheckpoint(89)) - Created checkpoint in rocksDB at /home/runner/work/ozone/ozone/hadoop-ozone/integration-test/target/test-dir/MiniOzoneClusterImpl-c3f67427-b36b-4ee4-bde0-91623ce58163/ozone-meta/db.snapshots/checkpointState/om.db-eea363d4-c825-40b3-a013-9d29740c9b5a in 33 milliseconds
2023-12-19 18:18:19,219 [om1-OMDoubleBufferFlushThread] INFO  db.RDBCheckpointUtils (RDBCheckpointUtils.java:waitForCheckpointDirectoryExist(60)) - Waited for 1 milliseconds for checkpoint directory /home/runner/work/ozone/ozone/hadoop-ozone/integration-test/target/test-dir/MiniOzoneClusterImpl-c3f67427-b36b-4ee4-bde0-91623ce58163/ozone-meta/db.snapshots/checkpointState/om.db-eea363d4-c825-40b3-a013-9d29740c9b5a availability.
2023-12-19 18:18:19,219 [om1-OMDoubleBufferFlushThread] INFO  om.OmSnapshotManager (OmSnapshotManager.java:createOmSnapshotCheckpoint(463)) - Created checkpoint : /home/runner/work/ozone/ozone/hadoop-ozone/integration-test/target/test-dir/MiniOzoneClusterImpl-c3f67427-b36b-4ee4-bde0-91623ce58163/ozone-meta/db.snapshots/checkpointState/om.db-eea363d4-c825-40b3-a013-9d29740c9b5a for snapshot snapshot-b-0-17680
2023-12-19 18:18:19,226 [om1-OMStateMachineApplyTransactionThread - 0] WARN  snapshot.OMSnapshotCreateRequest (OMSnapshotCreateRequest.java:estimateBucketDataSize(338)) - DefaultReplicationConfig is not correctly set in OmBucketInfo for volume 'vol-b-61029' bucket 'buc-b-61743'. Falling back to config default 'RATIS/THREE'
2023-12-19 18:18:19,226 [om1-OMStateMachineApplyTransactionThread - 0] INFO  snapshot.OMSnapshotCreateRequest (OMSnapshotCreateRequest.java:validateAndUpdateCache(219)) - Created snapshot: 'snapshot-b-0-15220' with snapshotId: 'f44a4de6-86cc-43d0-b0ee-6aa69e4737c2' under path 'vol-b-61029/buc-b-61743'
2023-12-19 18:18:19,234 [om1-OMDoubleBufferFlushThread] INFO  db.RDBCheckpointManager (RDBCheckpointManager.java:createCheckpoint(89)) - Created checkpoint in rocksDB at /home/runner/work/ozone/ozone/hadoop-ozone/integration-test/target/test-dir/MiniOzoneClusterImpl-c3f67427-b36b-4ee4-bde0-91623ce58163/ozone-meta/db.snapshots/checkpointState/om.db-fec065f1-3a11-4bfb-a700-ed31ff266298 in 13 milliseconds
2023-12-19 18:18:19,235 [om1-OMDoubleBufferFlushThread] INFO  db.RDBCheckpointUtils (RDBCheckpointUtils.java:waitForCheckpointDirectoryExist(60)) - Waited for 1 milliseconds for checkpoint directory /home/runner/work/ozone/ozone/hadoop-ozone/integration-test/target/test-dir/MiniOzoneClusterImpl-c3f67427-b36b-4ee4-bde0-91623ce58163/ozone-meta/db.snapshots/checkpointState/om.db-fec065f1-3a11-4bfb-a700-ed31ff266298 availability.
2023-12-19 18:18:19,236 [om1-OMDoubleBufferFlushThread] INFO  om.OmSnapshotManager (OmSnapshotManager.java:createOmSnapshotCheckpoint(463)) - Created checkpoint : /home/runner/work/ozone/ozone/hadoop-ozone/integration-test/target/test-dir/MiniOzoneClusterImpl-c3f67427-b36b-4ee4-bde0-91623ce58163/ozone-meta/db.snapshots/checkpointState/om.db-fec065f1-3a11-4bfb-a700-ed31ff266298 for snapshot snapshot-b-0-60215
2023-12-19 18:18:19,241 [om1-OMStateMachineApplyTransactionThread - 0] WARN  snapshot.OMSnapshotCreateRequest (OMSnapshotCreateRequest.java:estimateBucketDataSize(338)) - DefaultReplicationConfig is not correctly set in OmBucketInfo for volume 'vol-a-37174' bucket 'buc-a-07731'. Falling back to config default 'RATIS/THREE'
2023-12-19 18:18:19,242 [om1-OMStateMachineApplyTransactionThread - 0] INFO  snapshot.OMSnapshotCreateRequest (OMSnapshotCreateRequest.java:validateAndUpdateCache(219)) - Created snapshot: 'snapshot-b-1-41500' with snapshotId: '5ad7cd79-38e5-4539-b8c0-06b232dc3d58' under path 'vol-a-37174/buc-a-07731'
2023-12-19 18:18:19,251 [om1-OMDoubleBufferFlushThread] INFO  db.RDBCheckpointManager (RDBCheckpointManager.java:createCheckpoint(89)) - Created checkpoint in rocksDB at /home/runner/work/ozone/ozone/hadoop-ozone/integration-test/target/test-dir/MiniOzoneClusterImpl-c3f67427-b36b-4ee4-bde0-91623ce58163/ozone-meta/db.snapshots/checkpointState/om.db-f44a4de6-86cc-43d0-b0ee-6aa69e4737c2 in 13 milliseconds
2023-12-19 18:18:19,252 [om1-OMDoubleBufferFlushThread] INFO  db.RDBCheckpointUtils (RDBCheckpointUtils.java:waitForCheckpointDirectoryExist(60)) - Waited for 0 milliseconds for checkpoint directory /home/runner/work/ozone/ozone/hadoop-ozone/integration-test/target/test-dir/MiniOzoneClusterImpl-c3f67427-b36b-4ee4-bde0-91623ce58163/ozone-meta/db.snapshots/checkpointState/om.db-f44a4de6-86cc-43d0-b0ee-6aa69e4737c2 availability.
2023-12-19 18:18:19,253 [om1-OMDoubleBufferFlushThread] INFO  om.OmSnapshotManager (OmSnapshotManager.java:createOmSnapshotCheckpoint(463)) - Created checkpoint : /home/runner/work/ozone/ozone/hadoop-ozone/integration-test/target/test-dir/MiniOzoneClusterImpl-c3f67427-b36b-4ee4-bde0-91623ce58163/ozone-meta/db.snapshots/checkpointState/om.db-f44a4de6-86cc-43d0-b0ee-6aa69e4737c2 for snapshot snapshot-b-0-15220
2023-12-19 18:18:19,257 [om1-OMStateMachineApplyTransactionThread - 0] WARN  snapshot.OMSnapshotCreateRequest (OMSnapshotCreateRequest.java:estimateBucketDataSize(338)) - DefaultReplicationConfig is not correctly set in OmBucketInfo for volume 'vol-a-37174' bucket 'buc-b-61743'. Falling back to config default 'RATIS/THREE'
2023-12-19 18:18:19,257 [om1-OMStateMachineApplyTransactionThread - 0] INFO  snapshot.OMSnapshotCreateRequest (OMSnapshotCreateRequest.java:validateAndUpdateCache(219)) - Created snapshot: 'snapshot-b-1-66649' with snapshotId: '817eefde-e5aa-43c6-a370-0ae5cecabd50' under path 'vol-a-37174/buc-b-61743'
2023-12-19 18:18:19,274 [om1-OMDoubleBufferFlushThread] INFO  db.RDBCheckpointManager (RDBCheckpointManager.java:createCheckpoint(89)) - Created checkpoint in rocksDB at /home/runner/work/ozone/ozone/hadoop-ozone/integration-test/target/test-dir/MiniOzoneClusterImpl-c3f67427-b36b-4ee4-bde0-91623ce58163/ozone-meta/db.snapshots/checkpointState/om.db-5ad7cd79-38e5-4539-b8c0-06b232dc3d58 in 19 milliseconds
2023-12-19 18:18:19,276 [om1-OMDoubleBufferFlushThread] INFO  db.RDBCheckpointUtils (RDBCheckpointUtils.java:waitForCheckpointDirectoryExist(60)) - Waited for 2 milliseconds for checkpoint directory /home/runner/work/ozone/ozone/hadoop-ozone/integration-test/target/test-dir/MiniOzoneClusterImpl-c3f67427-b36b-4ee4-bde0-91623ce58163/ozone-meta/db.snapshots/checkpointState/om.db-5ad7cd79-38e5-4539-b8c0-06b232dc3d58 availability.
2023-12-19 18:18:19,277 [om1-OMDoubleBufferFlushThread] INFO  om.OmSnapshotManager (OmSnapshotManager.java:createOmSnapshotCheckpoint(463)) - Created checkpoint : /home/runner/work/ozone/ozone/hadoop-ozone/integration-test/target/test-dir/MiniOzoneClusterImpl-c3f67427-b36b-4ee4-bde0-91623ce58163/ozone-meta/db.snapshots/checkpointState/om.db-5ad7cd79-38e5-4539-b8c0-06b232dc3d58 for snapshot snapshot-b-1-41500
2023-12-19 18:18:19,280 [om1-OMStateMachineApplyTransactionThread - 0] WARN  snapshot.OMSnapshotCreateRequest (OMSnapshotCreateRequest.java:estimateBucketDataSize(338)) - DefaultReplicationConfig is not correctly set in OmBucketInfo for volume 'vol-b-61029' bucket 'buc-a-07731'. Falling back to config default 'RATIS/THREE'
2023-12-19 18:18:19,280 [om1-OMStateMachineApplyTransactionThread - 0] INFO  snapshot.OMSnapshotCreateRequest (OMSnapshotCreateRequest.java:validateAndUpdateCache(219)) - Created snapshot: 'snapshot-b-1-06609' with snapshotId: '6b6fb649-0b92-4c7a-ad7c-9115f38b8dac' under path 'vol-b-61029/buc-a-07731'
2023-12-19 18:18:19,295 [om1-OMDoubleBufferFlushThread] INFO  db.RDBCheckpointManager (RDBCheckpointManager.java:createCheckpoint(89)) - Created checkpoint in rocksDB at /home/runner/work/ozone/ozone/hadoop-ozone/integration-test/target/test-dir/MiniOzoneClusterImpl-c3f67427-b36b-4ee4-bde0-91623ce58163/ozone-meta/db.snapshots/checkpointState/om.db-817eefde-e5aa-43c6-a370-0ae5cecabd50 in 16 milliseconds
2023-12-19 18:18:19,296 [om1-OMDoubleBufferFlushThread] INFO  db.RDBCheckpointUtils (RDBCheckpointUtils.java:waitForCheckpointDirectoryExist(60)) - Waited for 1 milliseconds for checkpoint directory /home/runner/work/ozone/ozone/hadoop-ozone/integration-test/target/test-dir/MiniOzoneClusterImpl-c3f67427-b36b-4ee4-bde0-91623ce58163/ozone-meta/db.snapshots/checkpointState/om.db-817eefde-e5aa-43c6-a370-0ae5cecabd50 availability.
2023-12-19 18:18:19,297 [om1-OMDoubleBufferFlushThread] INFO  om.OmSnapshotManager (OmSnapshotManager.java:createOmSnapshotCheckpoint(463)) - Created checkpoint : /home/runner/work/ozone/ozone/hadoop-ozone/integration-test/target/test-dir/MiniOzoneClusterImpl-c3f67427-b36b-4ee4-bde0-91623ce58163/ozone-meta/db.snapshots/checkpointState/om.db-817eefde-e5aa-43c6-a370-0ae5cecabd50 for snapshot snapshot-b-1-66649
2023-12-19 18:18:19,301 [om1-OMStateMachineApplyTransactionThread - 0] WARN  snapshot.OMSnapshotCreateRequest (OMSnapshotCreateRequest.java:estimateBucketDataSize(338)) - DefaultReplicationConfig is not correctly set in OmBucketInfo for volume 'vol-b-61029' bucket 'buc-b-61743'. Falling back to config default 'RATIS/THREE'
2023-12-19 18:18:19,301 [om1-OMStateMachineApplyTransactionThread - 0] INFO  snapshot.OMSnapshotCreateRequest (OMSnapshotCreateRequest.java:validateAndUpdateCache(219)) - Created snapshot: 'snapshot-b-1-10768' with snapshotId: 'b8a44348-ca3a-446a-8908-bbf2c6b7d4cf' under path 'vol-b-61029/buc-b-61743'
2023-12-19 18:18:19,312 [om1-OMDoubleBufferFlushThread] INFO  db.RDBCheckpointManager (RDBCheckpointManager.java:createCheckpoint(89)) - Created checkpoint in rocksDB at /home/runner/work/ozone/ozone/hadoop-ozone/integration-test/target/test-dir/MiniOzoneClusterImpl-c3f67427-b36b-4ee4-bde0-91623ce58163/ozone-meta/db.snapshots/checkpointState/om.db-6b6fb649-0b92-4c7a-ad7c-9115f38b8dac in 14 milliseconds
2023-12-19 18:18:19,316 [om1-OMDoubleBufferFlushThread] INFO  db.RDBCheckpointUtils (RDBCheckpointUtils.java:waitForCheckpointDirectoryExist(60)) - Waited for 4 milliseconds for checkpoint directory /home/runner/work/ozone/ozone/hadoop-ozone/integration-test/target/test-dir/MiniOzoneClusterImpl-c3f67427-b36b-4ee4-bde0-91623ce58163/ozone-meta/db.snapshots/checkpointState/om.db-6b6fb649-0b92-4c7a-ad7c-9115f38b8dac availability.
2023-12-19 18:18:19,317 [om1-OMDoubleBufferFlushThread] INFO  om.OmSnapshotManager (OmSnapshotManager.java:createOmSnapshotCheckpoint(463)) - Created checkpoint : /home/runner/work/ozone/ozone/hadoop-ozone/integration-test/target/test-dir/MiniOzoneClusterImpl-c3f67427-b36b-4ee4-bde0-91623ce58163/ozone-meta/db.snapshots/checkpointState/om.db-6b6fb649-0b92-4c7a-ad7c-9115f38b8dac for snapshot snapshot-b-1-06609
2023-12-19 18:18:19,321 [om1-OMStateMachineApplyTransactionThread - 0] WARN  snapshot.OMSnapshotCreateRequest (OMSnapshotCreateRequest.java:estimateBucketDataSize(338)) - DefaultReplicationConfig is not correctly set in OmBucketInfo for volume 'vol-a-37174' bucket 'buc-a-07731'. Falling back to config default 'RATIS/THREE'
2023-12-19 18:18:19,322 [om1-OMStateMachineApplyTransactionThread - 0] INFO  snapshot.OMSnapshotCreateRequest (OMSnapshotCreateRequest.java:validateAndUpdateCache(219)) - Created snapshot: 'snapshot-b-2-95215' with snapshotId: '617399ee-4998-474a-995d-1f34595042e5' under path 'vol-a-37174/buc-a-07731'
2023-12-19 18:18:19,333 [om1-OMDoubleBufferFlushThread] INFO  db.RDBCheckpointManager (RDBCheckpointManager.java:createCheckpoint(89)) - Created checkpoint in rocksDB at /home/runner/work/ozone/ozone/hadoop-ozone/integration-test/target/test-dir/MiniOzoneClusterImpl-c3f67427-b36b-4ee4-bde0-91623ce58163/ozone-meta/db.snapshots/checkpointState/om.db-b8a44348-ca3a-446a-8908-bbf2c6b7d4cf in 15 milliseconds
2023-12-19 18:18:19,336 [om1-OMDoubleBufferFlushThread] INFO  db.RDBCheckpointUtils (RDBCheckpointUtils.java:waitForCheckpointDirectoryExist(60)) - Waited for 3 milliseconds for checkpoint directory /home/runner/work/ozone/ozone/hadoop-ozone/integration-test/target/test-dir/MiniOzoneClusterImpl-c3f67427-b36b-4ee4-bde0-91623ce58163/ozone-meta/db.snapshots/checkpointState/om.db-b8a44348-ca3a-446a-8908-bbf2c6b7d4cf availability.
2023-12-19 18:18:19,337 [om1-OMDoubleBufferFlushThread] INFO  om.OmSnapshotManager (OmSnapshotManager.java:createOmSnapshotCheckpoint(463)) - Created checkpoint : /home/runner/work/ozone/ozone/hadoop-ozone/integration-test/target/test-dir/MiniOzoneClusterImpl-c3f67427-b36b-4ee4-bde0-91623ce58163/ozone-meta/db.snapshots/checkpointState/om.db-b8a44348-ca3a-446a-8908-bbf2c6b7d4cf for snapshot snapshot-b-1-10768
2023-12-19 18:18:19,341 [om1-OMStateMachineApplyTransactionThread - 0] WARN  snapshot.OMSnapshotCreateRequest (OMSnapshotCreateRequest.java:estimateBucketDataSize(338)) - DefaultReplicationConfig is not correctly set in OmBucketInfo for volume 'vol-a-37174' bucket 'buc-b-61743'. Falling back to config default 'RATIS/THREE'
2023-12-19 18:18:19,341 [om1-OMStateMachineApplyTransactionThread - 0] INFO  snapshot.OMSnapshotCreateRequest (OMSnapshotCreateRequest.java:validateAndUpdateCache(219)) - Created snapshot: 'snapshot-b-2-99129' with snapshotId: 'f2a531a2-7a61-4d02-b62f-8ab4cf250b47' under path 'vol-a-37174/buc-b-61743'
2023-12-19 18:18:19,354 [om1-OMDoubleBufferFlushThread] INFO  db.RDBCheckpointManager (RDBCheckpointManager.java:createCheckpoint(89)) - Created checkpoint in rocksDB at /home/runner/work/ozone/ozone/hadoop-ozone/integration-test/target/test-dir/MiniOzoneClusterImpl-c3f67427-b36b-4ee4-bde0-91623ce58163/ozone-meta/db.snapshots/checkpointState/om.db-617399ee-4998-474a-995d-1f34595042e5 in 16 milliseconds
2023-12-19 18:18:19,360 [om1-OMDoubleBufferFlushThread] INFO  db.RDBCheckpointUtils (RDBCheckpointUtils.java:waitForCheckpointDirectoryExist(60)) - Waited for 6 milliseconds for checkpoint directory /home/runner/work/ozone/ozone/hadoop-ozone/integration-test/target/test-dir/MiniOzoneClusterImpl-c3f67427-b36b-4ee4-bde0-91623ce58163/ozone-meta/db.snapshots/checkpointState/om.db-617399ee-4998-474a-995d-1f34595042e5 availability.
2023-12-19 18:18:19,361 [om1-OMDoubleBufferFlushThread] INFO  om.OmSnapshotManager (OmSnapshotManager.java:createOmSnapshotCheckpoint(463)) - Created checkpoint : /home/runner/work/ozone/ozone/hadoop-ozone/integration-test/target/test-dir/MiniOzoneClusterImpl-c3f67427-b36b-4ee4-bde0-91623ce58163/ozone-meta/db.snapshots/checkpointState/om.db-617399ee-4998-474a-995d-1f34595042e5 for snapshot snapshot-b-2-95215
2023-12-19 18:18:19,362 [om1-OMStateMachineApplyTransactionThread - 0] WARN  snapshot.OMSnapshotCreateRequest (OMSnapshotCreateRequest.java:estimateBucketDataSize(338)) - DefaultReplicationConfig is not correctly set in OmBucketInfo for volume 'vol-b-61029' bucket 'buc-a-07731'. Falling back to config default 'RATIS/THREE'
2023-12-19 18:18:19,362 [om1-OMStateMachineApplyTransactionThread - 0] INFO  snapshot.OMSnapshotCreateRequest (OMSnapshotCreateRequest.java:validateAndUpdateCache(219)) - Created snapshot: 'snapshot-b-2-80249' with snapshotId: '32de5c8d-e43a-4285-b9e8-d57d22c0c893' under path 'vol-b-61029/buc-a-07731'
2023-12-19 18:18:19,376 [om1-OMDoubleBufferFlushThread] INFO  db.RDBCheckpointManager (RDBCheckpointManager.java:createCheckpoint(89)) - Created checkpoint in rocksDB at /home/runner/work/ozone/ozone/hadoop-ozone/integration-test/target/test-dir/MiniOzoneClusterImpl-c3f67427-b36b-4ee4-bde0-91623ce58163/ozone-meta/db.snapshots/checkpointState/om.db-f2a531a2-7a61-4d02-b62f-8ab4cf250b47 in 14 milliseconds
2023-12-19 18:18:19,383 [om1-OMDoubleBufferFlushThread] INFO  db.RDBCheckpointUtils (RDBCheckpointUtils.java:waitForCheckpointDirectoryExist(60)) - Waited for 6 milliseconds for checkpoint directory /home/runner/work/ozone/ozone/hadoop-ozone/integration-test/target/test-dir/MiniOzoneClusterImpl-c3f67427-b36b-4ee4-bde0-91623ce58163/ozone-meta/db.snapshots/checkpointState/om.db-f2a531a2-7a61-4d02-b62f-8ab4cf250b47 availability.
2023-12-19 18:18:19,384 [om1-OMDoubleBufferFlushThread] INFO  om.OmSnapshotManager (OmSnapshotManager.java:createOmSnapshotCheckpoint(463)) - Created checkpoint : /home/runner/work/ozone/ozone/hadoop-ozone/integration-test/target/test-dir/MiniOzoneClusterImpl-c3f67427-b36b-4ee4-bde0-91623ce58163/ozone-meta/db.snapshots/checkpointState/om.db-f2a531a2-7a61-4d02-b62f-8ab4cf250b47 for snapshot snapshot-b-2-99129
2023-12-19 18:18:19,385 [om1-OMStateMachineApplyTransactionThread - 0] WARN  snapshot.OMSnapshotCreateRequest (OMSnapshotCreateRequest.java:estimateBucketDataSize(338)) - DefaultReplicationConfig is not correctly set in OmBucketInfo for volume 'vol-b-61029' bucket 'buc-b-61743'. Falling back to config default 'RATIS/THREE'
2023-12-19 18:18:19,386 [om1-OMStateMachineApplyTransactionThread - 0] INFO  snapshot.OMSnapshotCreateRequest (OMSnapshotCreateRequest.java:validateAndUpdateCache(219)) - Created snapshot: 'snapshot-b-2-42441' with snapshotId: 'ea5fbc9b-4d9e-4f62-b270-56625fcaff5c' under path 'vol-b-61029/buc-b-61743'
2023-12-19 18:18:19,401 [om1-OMDoubleBufferFlushThread] INFO  db.RDBCheckpointManager (RDBCheckpointManager.java:createCheckpoint(89)) - Created checkpoint in rocksDB at /home/runner/work/ozone/ozone/hadoop-ozone/integration-test/target/test-dir/MiniOzoneClusterImpl-c3f67427-b36b-4ee4-bde0-91623ce58163/ozone-meta/db.snapshots/checkpointState/om.db-32de5c8d-e43a-4285-b9e8-d57d22c0c893 in 15 milliseconds
2023-12-19 18:18:19,404 [om1-OMDoubleBufferFlushThread] INFO  db.RDBCheckpointUtils (RDBCheckpointUtils.java:waitForCheckpointDirectoryExist(60)) - Waited for 2 milliseconds for checkpoint directory /home/runner/work/ozone/ozone/hadoop-ozone/integration-test/target/test-dir/MiniOzoneClusterImpl-c3f67427-b36b-4ee4-bde0-91623ce58163/ozone-meta/db.snapshots/checkpointState/om.db-32de5c8d-e43a-4285-b9e8-d57d22c0c893 availability.
2023-12-19 18:18:19,405 [om1-OMDoubleBufferFlushThread] INFO  om.OmSnapshotManager (OmSnapshotManager.java:createOmSnapshotCheckpoint(463)) - Created checkpoint : /home/runner/work/ozone/ozone/hadoop-ozone/integration-test/target/test-dir/MiniOzoneClusterImpl-c3f67427-b36b-4ee4-bde0-91623ce58163/ozone-meta/db.snapshots/checkpointState/om.db-32de5c8d-e43a-4285-b9e8-d57d22c0c893 for snapshot snapshot-b-2-80249
2023-12-19 18:18:19,406 [om1-OMStateMachineApplyTransactionThread - 0] WARN  snapshot.OMSnapshotCreateRequest (OMSnapshotCreateRequest.java:estimateBucketDataSize(338)) - DefaultReplicationConfig is not correctly set in OmBucketInfo for volume 'vol-a-37174' bucket 'buc-a-07731'. Falling back to config default 'RATIS/THREE'
2023-12-19 18:18:19,406 [om1-OMStateMachineApplyTransactionThread - 0] INFO  snapshot.OMSnapshotCreateRequest (OMSnapshotCreateRequest.java:validateAndUpdateCache(219)) - Created snapshot: 'snapshot-b-3-27715' with snapshotId: 'f03fe2a0-9cf0-4265-8b29-67a5df582147' under path 'vol-a-37174/buc-a-07731'
2023-12-19 18:18:19,422 [om1-OMDoubleBufferFlushThread] INFO  db.RDBCheckpointManager (RDBCheckpointManager.java:createCheckpoint(89)) - Created checkpoint in rocksDB at /home/runner/work/ozone/ozone/hadoop-ozone/integration-test/target/test-dir/MiniOzoneClusterImpl-c3f67427-b36b-4ee4-bde0-91623ce58163/ozone-meta/db.snapshots/checkpointState/om.db-ea5fbc9b-4d9e-4f62-b270-56625fcaff5c in 15 milliseconds
2023-12-19 18:18:19,427 [om1-OMStateMachineApplyTransactionThread - 0] WARN  snapshot.OMSnapshotCreateRequest (OMSnapshotCreateRequest.java:estimateBucketDataSize(338)) - DefaultReplicationConfig is not correctly set in OmBucketInfo for volume 'vol-a-37174' bucket 'buc-b-61743'. Falling back to config default 'RATIS/THREE'
2023-12-19 18:18:19,427 [om1-OMStateMachineApplyTransactionThread - 0] INFO  snapshot.OMSnapshotCreateRequest (OMSnapshotCreateRequest.java:validateAndUpdateCache(219)) - Created snapshot: 'snapshot-b-3-86119' with snapshotId: '71510952-df67-4588-8c17-b68b6c71c3b9' under path 'vol-a-37174/buc-b-61743'
2023-12-19 18:18:19,435 [om1-OMDoubleBufferFlushThread] INFO  db.RDBCheckpointUtils (RDBCheckpointUtils.java:waitForCheckpointDirectoryExist(60)) - Waited for 12 milliseconds for checkpoint directory /home/runner/work/ozone/ozone/hadoop-ozone/integration-test/target/test-dir/MiniOzoneClusterImpl-c3f67427-b36b-4ee4-bde0-91623ce58163/ozone-meta/db.snapshots/checkpointState/om.db-ea5fbc9b-4d9e-4f62-b270-56625fcaff5c availability.
2023-12-19 18:18:19,437 [om1-OMDoubleBufferFlushThread] INFO  om.OmSnapshotManager (OmSnapshotManager.java:createOmSnapshotCheckpoint(463)) - Created checkpoint : /home/runner/work/ozone/ozone/hadoop-ozone/integration-test/target/test-dir/MiniOzoneClusterImpl-c3f67427-b36b-4ee4-bde0-91623ce58163/ozone-meta/db.snapshots/checkpointState/om.db-ea5fbc9b-4d9e-4f62-b270-56625fcaff5c for snapshot snapshot-b-2-42441
2023-12-19 18:18:19,446 [om1-OMStateMachineApplyTransactionThread - 0] WARN  snapshot.OMSnapshotCreateRequest (OMSnapshotCreateRequest.java:estimateBucketDataSize(338)) - DefaultReplicationConfig is not correctly set in OmBucketInfo for volume 'vol-b-61029' bucket 'buc-a-07731'. Falling back to config default 'RATIS/THREE'
2023-12-19 18:18:19,447 [om1-OMStateMachineApplyTransactionThread - 0] INFO  snapshot.OMSnapshotCreateRequest (OMSnapshotCreateRequest.java:validateAndUpdateCache(219)) - Created snapshot: 'snapshot-b-3-32090' with snapshotId: '061aea08-7e7a-4f95-85a7-9a8529241ba1' under path 'vol-b-61029/buc-a-07731'
2023-12-19 18:18:19,457 [om1-OMDoubleBufferFlushThread] INFO  db.RDBCheckpointManager (RDBCheckpointManager.java:createCheckpoint(89)) - Created checkpoint in rocksDB at /home/runner/work/ozone/ozone/hadoop-ozone/integration-test/target/test-dir/MiniOzoneClusterImpl-c3f67427-b36b-4ee4-bde0-91623ce58163/ozone-meta/db.snapshots/checkpointState/om.db-f03fe2a0-9cf0-4265-8b29-67a5df582147 in 18 milliseconds
2023-12-19 18:18:19,458 [om1-OMDoubleBufferFlushThread] INFO  db.RDBCheckpointUtils (RDBCheckpointUtils.java:waitForCheckpointDirectoryExist(60)) - Waited for 0 milliseconds for checkpoint directory /home/runner/work/ozone/ozone/hadoop-ozone/integration-test/target/test-dir/MiniOzoneClusterImpl-c3f67427-b36b-4ee4-bde0-91623ce58163/ozone-meta/db.snapshots/checkpointState/om.db-f03fe2a0-9cf0-4265-8b29-67a5df582147 availability.
2023-12-19 18:18:19,458 [om1-OMDoubleBufferFlushThread] INFO  om.OmSnapshotManager (OmSnapshotManager.java:createOmSnapshotCheckpoint(463)) - Created checkpoint : /home/runner/work/ozone/ozone/hadoop-ozone/integration-test/target/test-dir/MiniOzoneClusterImpl-c3f67427-b36b-4ee4-bde0-91623ce58163/ozone-meta/db.snapshots/checkpointState/om.db-f03fe2a0-9cf0-4265-8b29-67a5df582147 for snapshot snapshot-b-3-27715
2023-12-19 18:18:19,468 [om1-OMStateMachineApplyTransactionThread - 0] WARN  snapshot.OMSnapshotCreateRequest (OMSnapshotCreateRequest.java:estimateBucketDataSize(338)) - DefaultReplicationConfig is not correctly set in OmBucketInfo for volume 'vol-b-61029' bucket 'buc-b-61743'. Falling back to config default 'RATIS/THREE'
2023-12-19 18:18:19,468 [om1-OMStateMachineApplyTransactionThread - 0] INFO  snapshot.OMSnapshotCreateRequest (OMSnapshotCreateRequest.java:validateAndUpdateCache(219)) - Created snapshot: 'snapshot-b-3-44085' with snapshotId: '86b28ea2-e024-4aa8-8985-c8733016e4c1' under path 'vol-b-61029/buc-b-61743'
2023-12-19 18:18:19,477 [om1-OMDoubleBufferFlushThread] INFO  db.RDBCheckpointManager (RDBCheckpointManager.java:createCheckpoint(89)) - Created checkpoint in rocksDB at /home/runner/work/ozone/ozone/hadoop-ozone/integration-test/target/test-dir/MiniOzoneClusterImpl-c3f67427-b36b-4ee4-bde0-91623ce58163/ozone-meta/db.snapshots/checkpointState/om.db-71510952-df67-4588-8c17-b68b6c71c3b9 in 17 milliseconds
2023-12-19 18:18:19,478 [om1-OMDoubleBufferFlushThread] INFO  db.RDBCheckpointUtils (RDBCheckpointUtils.java:waitForCheckpointDirectoryExist(60)) - Waited for 1 milliseconds for checkpoint directory /home/runner/work/ozone/ozone/hadoop-ozone/integration-test/target/test-dir/MiniOzoneClusterImpl-c3f67427-b36b-4ee4-bde0-91623ce58163/ozone-meta/db.snapshots/checkpointState/om.db-71510952-df67-4588-8c17-b68b6c71c3b9 availability.
2023-12-19 18:18:19,478 [om1-OMDoubleBufferFlushThread] INFO  om.OmSnapshotManager (OmSnapshotManager.java:createOmSnapshotCheckpoint(463)) - Created checkpoint : /home/runner/work/ozone/ozone/hadoop-ozone/integration-test/target/test-dir/MiniOzoneClusterImpl-c3f67427-b36b-4ee4-bde0-91623ce58163/ozone-meta/db.snapshots/checkpointState/om.db-71510952-df67-4588-8c17-b68b6c71c3b9 for snapshot snapshot-b-3-86119
2023-12-19 18:18:19,492 [om1-OMStateMachineApplyTransactionThread - 0] WARN  snapshot.OMSnapshotCreateRequest (OMSnapshotCreateRequest.java:estimateBucketDataSize(338)) - DefaultReplicationConfig is not correctly set in OmBucketInfo for volume 'vol-a-37174' bucket 'buc-a-07731'. Falling back to config default 'RATIS/THREE'
2023-12-19 18:18:19,493 [om1-OMStateMachineApplyTransactionThread - 0] INFO  snapshot.OMSnapshotCreateRequest (OMSnapshotCreateRequest.java:validateAndUpdateCache(219)) - Created snapshot: 'snapshot-b-4-12138' with snapshotId: '403d61cb-a876-44af-875b-4a9cbbb4c440' under path 'vol-a-37174/buc-a-07731'
2023-12-19 18:18:19,495 [om1-OMDoubleBufferFlushThread] INFO  db.RDBCheckpointManager (RDBCheckpointManager.java:createCheckpoint(89)) - Created checkpoint in rocksDB at /home/runner/work/ozone/ozone/hadoop-ozone/integration-test/target/test-dir/MiniOzoneClusterImpl-c3f67427-b36b-4ee4-bde0-91623ce58163/ozone-meta/db.snapshots/checkpointState/om.db-061aea08-7e7a-4f95-85a7-9a8529241ba1 in 15 milliseconds
2023-12-19 18:18:19,500 [om1-OMDoubleBufferFlushThread] INFO  db.RDBCheckpointUtils (RDBCheckpointUtils.java:waitForCheckpointDirectoryExist(60)) - Waited for 4 milliseconds for checkpoint directory /home/runner/work/ozone/ozone/hadoop-ozone/integration-test/target/test-dir/MiniOzoneClusterImpl-c3f67427-b36b-4ee4-bde0-91623ce58163/ozone-meta/db.snapshots/checkpointState/om.db-061aea08-7e7a-4f95-85a7-9a8529241ba1 availability.
2023-12-19 18:18:19,501 [om1-OMDoubleBufferFlushThread] INFO  om.OmSnapshotManager (OmSnapshotManager.java:createOmSnapshotCheckpoint(463)) - Created checkpoint : /home/runner/work/ozone/ozone/hadoop-ozone/integration-test/target/test-dir/MiniOzoneClusterImpl-c3f67427-b36b-4ee4-bde0-91623ce58163/ozone-meta/db.snapshots/checkpointState/om.db-061aea08-7e7a-4f95-85a7-9a8529241ba1 for snapshot snapshot-b-3-32090
2023-12-19 18:18:19,512 [om1-OMStateMachineApplyTransactionThread - 0] WARN  snapshot.OMSnapshotCreateRequest (OMSnapshotCreateRequest.java:estimateBucketDataSize(338)) - DefaultReplicationConfig is not correctly set in OmBucketInfo for volume 'vol-a-37174' bucket 'buc-b-61743'. Falling back to config default 'RATIS/THREE'
2023-12-19 18:18:19,512 [om1-OMStateMachineApplyTransactionThread - 0] INFO  snapshot.OMSnapshotCreateRequest (OMSnapshotCreateRequest.java:validateAndUpdateCache(219)) - Created snapshot: 'snapshot-b-4-56728' with snapshotId: 'b5fd366a-030e-4177-b0c2-8a0e2bd87256' under path 'vol-a-37174/buc-b-61743'
2023-12-19 18:18:19,519 [om1-OMDoubleBufferFlushThread] INFO  db.RDBCheckpointManager (RDBCheckpointManager.java:createCheckpoint(89)) - Created checkpoint in rocksDB at /home/runner/work/ozone/ozone/hadoop-ozone/integration-test/target/test-dir/MiniOzoneClusterImpl-c3f67427-b36b-4ee4-bde0-91623ce58163/ozone-meta/db.snapshots/checkpointState/om.db-86b28ea2-e024-4aa8-8985-c8733016e4c1 in 16 milliseconds
2023-12-19 18:18:19,520 [om1-OMDoubleBufferFlushThread] INFO  db.RDBCheckpointUtils (RDBCheckpointUtils.java:waitForCheckpointDirectoryExist(60)) - Waited for 1 milliseconds for checkpoint directory /home/runner/work/ozone/ozone/hadoop-ozone/integration-test/target/test-dir/MiniOzoneClusterImpl-c3f67427-b36b-4ee4-bde0-91623ce58163/ozone-meta/db.snapshots/checkpointState/om.db-86b28ea2-e024-4aa8-8985-c8733016e4c1 availability.
2023-12-19 18:18:19,521 [om1-OMDoubleBufferFlushThread] INFO  om.OmSnapshotManager (OmSnapshotManager.java:createOmSnapshotCheckpoint(463)) - Created checkpoint : /home/runner/work/ozone/ozone/hadoop-ozone/integration-test/target/test-dir/MiniOzoneClusterImpl-c3f67427-b36b-4ee4-bde0-91623ce58163/ozone-meta/db.snapshots/checkpointState/om.db-86b28ea2-e024-4aa8-8985-c8733016e4c1 for snapshot snapshot-b-3-44085
2023-12-19 18:18:19,534 [om1-OMStateMachineApplyTransactionThread - 0] WARN  snapshot.OMSnapshotCreateRequest (OMSnapshotCreateRequest.java:estimateBucketDataSize(338)) - DefaultReplicationConfig is not correctly set in OmBucketInfo for volume 'vol-b-61029' bucket 'buc-a-07731'. Falling back to config default 'RATIS/THREE'
2023-12-19 18:18:19,535 [om1-OMStateMachineApplyTransactionThread - 0] INFO  snapshot.OMSnapshotCreateRequest (OMSnapshotCreateRequest.java:validateAndUpdateCache(219)) - Created snapshot: 'snapshot-b-4-89987' with snapshotId: '76186f66-44cb-4bda-90dc-6c4b1fcd3c56' under path 'vol-b-61029/buc-a-07731'
2023-12-19 18:18:19,538 [om1-OMDoubleBufferFlushThread] INFO  db.RDBCheckpointManager (RDBCheckpointManager.java:createCheckpoint(89)) - Created checkpoint in rocksDB at /home/runner/work/ozone/ozone/hadoop-ozone/integration-test/target/test-dir/MiniOzoneClusterImpl-c3f67427-b36b-4ee4-bde0-91623ce58163/ozone-meta/db.snapshots/checkpointState/om.db-403d61cb-a876-44af-875b-4a9cbbb4c440 in 14 milliseconds
2023-12-19 18:18:19,548 [om1-OMDoubleBufferFlushThread] INFO  db.RDBCheckpointUtils (RDBCheckpointUtils.java:waitForCheckpointDirectoryExist(60)) - Waited for 10 milliseconds for checkpoint directory /home/runner/work/ozone/ozone/hadoop-ozone/integration-test/target/test-dir/MiniOzoneClusterImpl-c3f67427-b36b-4ee4-bde0-91623ce58163/ozone-meta/db.snapshots/checkpointState/om.db-403d61cb-a876-44af-875b-4a9cbbb4c440 availability.
2023-12-19 18:18:19,550 [om1-OMDoubleBufferFlushThread] INFO  om.OmSnapshotManager (OmSnapshotManager.java:createOmSnapshotCheckpoint(463)) - Created checkpoint : /home/runner/work/ozone/ozone/hadoop-ozone/integration-test/target/test-dir/MiniOzoneClusterImpl-c3f67427-b36b-4ee4-bde0-91623ce58163/ozone-meta/db.snapshots/checkpointState/om.db-403d61cb-a876-44af-875b-4a9cbbb4c440 for snapshot snapshot-b-4-12138
2023-12-19 18:18:19,554 [om1-OMStateMachineApplyTransactionThread - 0] WARN  snapshot.OMSnapshotCreateRequest (OMSnapshotCreateRequest.java:estimateBucketDataSize(338)) - DefaultReplicationConfig is not correctly set in OmBucketInfo for volume 'vol-b-61029' bucket 'buc-b-61743'. Falling back to config default 'RATIS/THREE'
2023-12-19 18:18:19,554 [om1-OMStateMachineApplyTransactionThread - 0] INFO  snapshot.OMSnapshotCreateRequest (OMSnapshotCreateRequest.java:validateAndUpdateCache(219)) - Created snapshot: 'snapshot-b-4-20836' with snapshotId: 'ddc31b81-4d47-4c10-bb7d-b323cb611c68' under path 'vol-b-61029/buc-b-61743'
2023-12-19 18:18:19,577 [om1-OMDoubleBufferFlushThread] INFO  db.RDBCheckpointManager (RDBCheckpointManager.java:createCheckpoint(89)) - Created checkpoint in rocksDB at /home/runner/work/ozone/ozone/hadoop-ozone/integration-test/target/test-dir/MiniOzoneClusterImpl-c3f67427-b36b-4ee4-bde0-91623ce58163/ozone-meta/db.snapshots/checkpointState/om.db-b5fd366a-030e-4177-b0c2-8a0e2bd87256 in 24 milliseconds
2023-12-19 18:18:19,577 [om1-OMDoubleBufferFlushThread] INFO  db.RDBCheckpointUtils (RDBCheckpointUtils.java:waitForCheckpointDirectoryExist(60)) - Waited for 0 milliseconds for checkpoint directory /home/runner/work/ozone/ozone/hadoop-ozone/integration-test/target/test-dir/MiniOzoneClusterImpl-c3f67427-b36b-4ee4-bde0-91623ce58163/ozone-meta/db.snapshots/checkpointState/om.db-b5fd366a-030e-4177-b0c2-8a0e2bd87256 availability.
2023-12-19 18:18:19,578 [om1-OMDoubleBufferFlushThread] INFO  om.OmSnapshotManager (OmSnapshotManager.java:createOmSnapshotCheckpoint(463)) - Created checkpoint : /home/runner/work/ozone/ozone/hadoop-ozone/integration-test/target/test-dir/MiniOzoneClusterImpl-c3f67427-b36b-4ee4-bde0-91623ce58163/ozone-meta/db.snapshots/checkpointState/om.db-b5fd366a-030e-4177-b0c2-8a0e2bd87256 for snapshot snapshot-b-4-56728
2023-12-19 18:18:19,578 [om1-OMStateMachineApplyTransactionThread - 0] WARN  snapshot.OMSnapshotCreateRequest (OMSnapshotCreateRequest.java:estimateBucketDataSize(338)) - DefaultReplicationConfig is not correctly set in OmBucketInfo for volume 'vol-a-37174' bucket 'buc-a-07731'. Falling back to config default 'RATIS/THREE'
2023-12-19 18:18:19,579 [om1-OMStateMachineApplyTransactionThread - 0] INFO  snapshot.OMSnapshotCreateRequest (OMSnapshotCreateRequest.java:validateAndUpdateCache(219)) - Created snapshot: 'snapshot-b-5-94272' with snapshotId: 'afecd69a-4c15-43e4-9a89-80589a736a4b' under path 'vol-a-37174/buc-a-07731'
2023-12-19 18:18:19,595 [om1-OMStateMachineApplyTransactionThread - 0] WARN  snapshot.OMSnapshotCreateRequest (OMSnapshotCreateRequest.java:estimateBucketDataSize(338)) - DefaultReplicationConfig is not correctly set in OmBucketInfo for volume 'vol-a-37174' bucket 'buc-b-61743'. Falling back to config default 'RATIS/THREE'
2023-12-19 18:18:19,595 [om1-OMStateMachineApplyTransactionThread - 0] INFO  snapshot.OMSnapshotCreateRequest (OMSnapshotCreateRequest.java:validateAndUpdateCache(219)) - Created snapshot: 'snapshot-b-5-77229' with snapshotId: 'e8ffa46e-ccdc-4186-bd9b-773bedd1ced2' under path 'vol-a-37174/buc-b-61743'
2023-12-19 18:18:19,596 [om1-OMDoubleBufferFlushThread] INFO  db.RDBCheckpointManager (RDBCheckpointManager.java:createCheckpoint(89)) - Created checkpoint in rocksDB at /home/runner/work/ozone/ozone/hadoop-ozone/integration-test/target/test-dir/MiniOzoneClusterImpl-c3f67427-b36b-4ee4-bde0-91623ce58163/ozone-meta/db.snapshots/checkpointState/om.db-76186f66-44cb-4bda-90dc-6c4b1fcd3c56 in 15 milliseconds
2023-12-19 18:18:19,597 [om1-OMDoubleBufferFlushThread] INFO  db.RDBCheckpointUtils (RDBCheckpointUtils.java:waitForCheckpointDirectoryExist(60)) - Waited for 1 milliseconds for checkpoint directory /home/runner/work/ozone/ozone/hadoop-ozone/integration-test/target/test-dir/MiniOzoneClusterImpl-c3f67427-b36b-4ee4-bde0-91623ce58163/ozone-meta/db.snapshots/checkpointState/om.db-76186f66-44cb-4bda-90dc-6c4b1fcd3c56 availability.
2023-12-19 18:18:19,597 [om1-OMDoubleBufferFlushThread] INFO  om.OmSnapshotManager (OmSnapshotManager.java:createOmSnapshotCheckpoint(463)) - Created checkpoint : /home/runner/work/ozone/ozone/hadoop-ozone/integration-test/target/test-dir/MiniOzoneClusterImpl-c3f67427-b36b-4ee4-bde0-91623ce58163/ozone-meta/db.snapshots/checkpointState/om.db-76186f66-44cb-4bda-90dc-6c4b1fcd3c56 for snapshot snapshot-b-4-89987
2023-12-19 18:18:19,611 [om1-OMStateMachineApplyTransactionThread - 0] WARN  snapshot.OMSnapshotCreateRequest (OMSnapshotCreateRequest.java:estimateBucketDataSize(338)) - DefaultReplicationConfig is not correctly set in OmBucketInfo for volume 'vol-b-61029' bucket 'buc-a-07731'. Falling back to config default 'RATIS/THREE'
2023-12-19 18:18:19,611 [om1-OMStateMachineApplyTransactionThread - 0] INFO  snapshot.OMSnapshotCreateRequest (OMSnapshotCreateRequest.java:validateAndUpdateCache(219)) - Created snapshot: 'snapshot-b-5-13093' with snapshotId: '4b058dab-6a8a-4fc5-9f47-8a095c10c63d' under path 'vol-b-61029/buc-a-07731'
2023-12-19 18:18:19,613 [om1-OMDoubleBufferFlushThread] INFO  db.RDBCheckpointManager (RDBCheckpointManager.java:createCheckpoint(89)) - Created checkpoint in rocksDB at /home/runner/work/ozone/ozone/hadoop-ozone/integration-test/target/test-dir/MiniOzoneClusterImpl-c3f67427-b36b-4ee4-bde0-91623ce58163/ozone-meta/db.snapshots/checkpointState/om.db-ddc31b81-4d47-4c10-bb7d-b323cb611c68 in 14 milliseconds
2023-12-19 18:18:19,614 [om1-OMDoubleBufferFlushThread] INFO  db.RDBCheckpointUtils (RDBCheckpointUtils.java:waitForCheckpointDirectoryExist(60)) - Waited for 1 milliseconds for checkpoint directory /home/runner/work/ozone/ozone/hadoop-ozone/integration-test/target/test-dir/MiniOzoneClusterImpl-c3f67427-b36b-4ee4-bde0-91623ce58163/ozone-meta/db.snapshots/checkpointState/om.db-ddc31b81-4d47-4c10-bb7d-b323cb611c68 availability.
2023-12-19 18:18:19,614 [om1-OMDoubleBufferFlushThread] INFO  om.OmSnapshotManager (OmSnapshotManager.java:createOmSnapshotCheckpoint(463)) - Created checkpoint : /home/runner/work/ozone/ozone/hadoop-ozone/integration-test/target/test-dir/MiniOzoneClusterImpl-c3f67427-b36b-4ee4-bde0-91623ce58163/ozone-meta/db.snapshots/checkpointState/om.db-ddc31b81-4d47-4c10-bb7d-b323cb611c68 for snapshot snapshot-b-4-20836
2023-12-19 18:18:19,625 [om1-OMStateMachineApplyTransactionThread - 0] WARN  snapshot.OMSnapshotCreateRequest (OMSnapshotCreateRequest.java:estimateBucketDataSize(338)) - DefaultReplicationConfig is not correctly set in OmBucketInfo for volume 'vol-b-61029' bucket 'buc-b-61743'. Falling back to config default 'RATIS/THREE'
2023-12-19 18:18:19,625 [om1-OMStateMachineApplyTransactionThread - 0] INFO  snapshot.OMSnapshotCreateRequest (OMSnapshotCreateRequest.java:validateAndUpdateCache(219)) - Created snapshot: 'snapshot-b-5-22409' with snapshotId: 'c7e5a073-362e-42b4-a078-da295421ec60' under path 'vol-b-61029/buc-b-61743'
2023-12-19 18:18:19,630 [om1-OMDoubleBufferFlushThread] INFO  db.RDBCheckpointManager (RDBCheckpointManager.java:createCheckpoint(89)) - Created checkpoint in rocksDB at /home/runner/work/ozone/ozone/hadoop-ozone/integration-test/target/test-dir/MiniOzoneClusterImpl-c3f67427-b36b-4ee4-bde0-91623ce58163/ozone-meta/db.snapshots/checkpointState/om.db-afecd69a-4c15-43e4-9a89-80589a736a4b in 14 milliseconds
2023-12-19 18:18:19,630 [om1-OMDoubleBufferFlushThread] INFO  db.RDBCheckpointUtils (RDBCheckpointUtils.java:waitForCheckpointDirectoryExist(60)) - Waited for 0 milliseconds for checkpoint directory /home/runner/work/ozone/ozone/hadoop-ozone/integration-test/target/test-dir/MiniOzoneClusterImpl-c3f67427-b36b-4ee4-bde0-91623ce58163/ozone-meta/db.snapshots/checkpointState/om.db-afecd69a-4c15-43e4-9a89-80589a736a4b availability.
2023-12-19 18:18:19,631 [om1-OMDoubleBufferFlushThread] INFO  om.OmSnapshotManager (OmSnapshotManager.java:createOmSnapshotCheckpoint(463)) - Created checkpoint : /home/runner/work/ozone/ozone/hadoop-ozone/integration-test/target/test-dir/MiniOzoneClusterImpl-c3f67427-b36b-4ee4-bde0-91623ce58163/ozone-meta/db.snapshots/checkpointState/om.db-afecd69a-4c15-43e4-9a89-80589a736a4b for snapshot snapshot-b-5-94272
2023-12-19 18:18:19,640 [om1-OMStateMachineApplyTransactionThread - 0] WARN  snapshot.OMSnapshotCreateRequest (OMSnapshotCreateRequest.java:estimateBucketDataSize(338)) - DefaultReplicationConfig is not correctly set in OmBucketInfo for volume 'vol-a-37174' bucket 'buc-a-07731'. Falling back to config default 'RATIS/THREE'
2023-12-19 18:18:19,640 [om1-OMStateMachineApplyTransactionThread - 0] INFO  snapshot.OMSnapshotCreateRequest (OMSnapshotCreateRequest.java:validateAndUpdateCache(219)) - Created snapshot: 'snapshot-b-6-10434' with snapshotId: '73604fe9-d00a-4869-b3c4-c3741b5044af' under path 'vol-a-37174/buc-a-07731'
2023-12-19 18:18:19,645 [om1-OMDoubleBufferFlushThread] INFO  db.RDBCheckpointManager (RDBCheckpointManager.java:createCheckpoint(89)) - Created checkpoint in rocksDB at /home/runner/work/ozone/ozone/hadoop-ozone/integration-test/target/test-dir/MiniOzoneClusterImpl-c3f67427-b36b-4ee4-bde0-91623ce58163/ozone-meta/db.snapshots/checkpointState/om.db-e8ffa46e-ccdc-4186-bd9b-773bedd1ced2 in 13 milliseconds
2023-12-19 18:18:19,646 [om1-OMDoubleBufferFlushThread] INFO  db.RDBCheckpointUtils (RDBCheckpointUtils.java:waitForCheckpointDirectoryExist(60)) - Waited for 1 milliseconds for checkpoint directory /home/runner/work/ozone/ozone/hadoop-ozone/integration-test/target/test-dir/MiniOzoneClusterImpl-c3f67427-b36b-4ee4-bde0-91623ce58163/ozone-meta/db.snapshots/checkpointState/om.db-e8ffa46e-ccdc-4186-bd9b-773bedd1ced2 availability.
2023-12-19 18:18:19,646 [om1-OMDoubleBufferFlushThread] INFO  om.OmSnapshotManager (OmSnapshotManager.java:createOmSnapshotCheckpoint(463)) - Created checkpoint : /home/runner/work/ozone/ozone/hadoop-ozone/integration-test/target/test-dir/MiniOzoneClusterImpl-c3f67427-b36b-4ee4-bde0-91623ce58163/ozone-meta/db.snapshots/checkpointState/om.db-e8ffa46e-ccdc-4186-bd9b-773bedd1ced2 for snapshot snapshot-b-5-77229
2023-12-19 18:18:19,656 [om1-OMStateMachineApplyTransactionThread - 0] WARN  snapshot.OMSnapshotCreateRequest (OMSnapshotCreateRequest.java:estimateBucketDataSize(338)) - DefaultReplicationConfig is not correctly set in OmBucketInfo for volume 'vol-a-37174' bucket 'buc-b-61743'. Falling back to config default 'RATIS/THREE'
2023-12-19 18:18:19,656 [om1-OMStateMachineApplyTransactionThread - 0] INFO  snapshot.OMSnapshotCreateRequest (OMSnapshotCreateRequest.java:validateAndUpdateCache(219)) - Created snapshot: 'snapshot-b-6-92534' with snapshotId: '2a8a053a-6ff8-464d-b65b-645225680444' under path 'vol-a-37174/buc-b-61743'
2023-12-19 18:18:19,663 [om1-OMDoubleBufferFlushThread] INFO  db.RDBCheckpointManager (RDBCheckpointManager.java:createCheckpoint(89)) - Created checkpoint in rocksDB at /home/runner/work/ozone/ozone/hadoop-ozone/integration-test/target/test-dir/MiniOzoneClusterImpl-c3f67427-b36b-4ee4-bde0-91623ce58163/ozone-meta/db.snapshots/checkpointState/om.db-4b058dab-6a8a-4fc5-9f47-8a095c10c63d in 15 milliseconds
2023-12-19 18:18:19,663 [om1-OMDoubleBufferFlushThread] INFO  db.RDBCheckpointUtils (RDBCheckpointUtils.java:waitForCheckpointDirectoryExist(60)) - Waited for 0 milliseconds for checkpoint directory /home/runner/work/ozone/ozone/hadoop-ozone/integration-test/target/test-dir/MiniOzoneClusterImpl-c3f67427-b36b-4ee4-bde0-91623ce58163/ozone-meta/db.snapshots/checkpointState/om.db-4b058dab-6a8a-4fc5-9f47-8a095c10c63d availability.
2023-12-19 18:18:19,664 [om1-OMDoubleBufferFlushThread] INFO  om.OmSnapshotManager (OmSnapshotManager.java:createOmSnapshotCheckpoint(463)) - Created checkpoint : /home/runner/work/ozone/ozone/hadoop-ozone/integration-test/target/test-dir/MiniOzoneClusterImpl-c3f67427-b36b-4ee4-bde0-91623ce58163/ozone-meta/db.snapshots/checkpointState/om.db-4b058dab-6a8a-4fc5-9f47-8a095c10c63d for snapshot snapshot-b-5-13093
2023-12-19 18:18:19,673 [om1-OMStateMachineApplyTransactionThread - 0] WARN  snapshot.OMSnapshotCreateRequest (OMSnapshotCreateRequest.java:estimateBucketDataSize(338)) - DefaultReplicationConfig is not correctly set in OmBucketInfo for volume 'vol-b-61029' bucket 'buc-a-07731'. Falling back to config default 'RATIS/THREE'
2023-12-19 18:18:19,673 [om1-OMStateMachineApplyTransactionThread - 0] INFO  snapshot.OMSnapshotCreateRequest (OMSnapshotCreateRequest.java:validateAndUpdateCache(219)) - Created snapshot: 'snapshot-b-6-33739' with snapshotId: '1f8b6dcc-d30b-4cee-a172-d7171ae695fb' under path 'vol-b-61029/buc-a-07731'
2023-12-19 18:18:19,676 [om1-OMDoubleBufferFlushThread] INFO  db.RDBCheckpointManager (RDBCheckpointManager.java:createCheckpoint(89)) - Created checkpoint in rocksDB at /home/runner/work/ozone/ozone/hadoop-ozone/integration-test/target/test-dir/MiniOzoneClusterImpl-c3f67427-b36b-4ee4-bde0-91623ce58163/ozone-meta/db.snapshots/checkpointState/om.db-c7e5a073-362e-42b4-a078-da295421ec60 in 11 milliseconds
2023-12-19 18:18:19,676 [om1-OMDoubleBufferFlushThread] INFO  db.RDBCheckpointUtils (RDBCheckpointUtils.java:waitForCheckpointDirectoryExist(60)) - Waited for 0 milliseconds for checkpoint directory /home/runner/work/ozone/ozone/hadoop-ozone/integration-test/target/test-dir/MiniOzoneClusterImpl-c3f67427-b36b-4ee4-bde0-91623ce58163/ozone-meta/db.snapshots/checkpointState/om.db-c7e5a073-362e-42b4-a078-da295421ec60 availability.
2023-12-19 18:18:19,676 [om1-OMDoubleBufferFlushThread] INFO  om.OmSnapshotManager (OmSnapshotManager.java:createOmSnapshotCheckpoint(463)) - Created checkpoint : /home/runner/work/ozone/ozone/hadoop-ozone/integration-test/target/test-dir/MiniOzoneClusterImpl-c3f67427-b36b-4ee4-bde0-91623ce58163/ozone-meta/db.snapshots/checkpointState/om.db-c7e5a073-362e-42b4-a078-da295421ec60 for snapshot snapshot-b-5-22409
2023-12-19 18:18:19,688 [om1-OMStateMachineApplyTransactionThread - 0] WARN  snapshot.OMSnapshotCreateRequest (OMSnapshotCreateRequest.java:estimateBucketDataSize(338)) - DefaultReplicationConfig is not correctly set in OmBucketInfo for volume 'vol-b-61029' bucket 'buc-b-61743'. Falling back to config default 'RATIS/THREE'
2023-12-19 18:18:19,688 [om1-OMStateMachineApplyTransactionThread - 0] INFO  snapshot.OMSnapshotCreateRequest (OMSnapshotCreateRequest.java:validateAndUpdateCache(219)) - Created snapshot: 'snapshot-b-6-40610' with snapshotId: '82fca9fe-d447-4f46-80e9-9936c417c537' under path 'vol-b-61029/buc-b-61743'
2023-12-19 18:18:19,690 [om1-OMDoubleBufferFlushThread] INFO  db.RDBCheckpointManager (RDBCheckpointManager.java:createCheckpoint(89)) - Created checkpoint in rocksDB at /home/runner/work/ozone/ozone/hadoop-ozone/integration-test/target/test-dir/MiniOzoneClusterImpl-c3f67427-b36b-4ee4-bde0-91623ce58163/ozone-meta/db.snapshots/checkpointState/om.db-73604fe9-d00a-4869-b3c4-c3741b5044af in 12 milliseconds
2023-12-19 18:18:19,690 [om1-OMDoubleBufferFlushThread] INFO  db.RDBCheckpointUtils (RDBCheckpointUtils.java:waitForCheckpointDirectoryExist(60)) - Waited for 0 milliseconds for checkpoint directory /home/runner/work/ozone/ozone/hadoop-ozone/integration-test/target/test-dir/MiniOzoneClusterImpl-c3f67427-b36b-4ee4-bde0-91623ce58163/ozone-meta/db.snapshots/checkpointState/om.db-73604fe9-d00a-4869-b3c4-c3741b5044af availability.
2023-12-19 18:18:19,691 [om1-OMDoubleBufferFlushThread] INFO  om.OmSnapshotManager (OmSnapshotManager.java:createOmSnapshotCheckpoint(463)) - Created checkpoint : /home/runner/work/ozone/ozone/hadoop-ozone/integration-test/target/test-dir/MiniOzoneClusterImpl-c3f67427-b36b-4ee4-bde0-91623ce58163/ozone-meta/db.snapshots/checkpointState/om.db-73604fe9-d00a-4869-b3c4-c3741b5044af for snapshot snapshot-b-6-10434
2023-12-19 18:18:19,703 [om1-OMStateMachineApplyTransactionThread - 0] WARN  snapshot.OMSnapshotCreateRequest (OMSnapshotCreateRequest.java:estimateBucketDataSize(338)) - DefaultReplicationConfig is not correctly set in OmBucketInfo for volume 'vol-a-37174' bucket 'buc-a-07731'. Falling back to config default 'RATIS/THREE'
2023-12-19 18:18:19,703 [om1-OMStateMachineApplyTransactionThread - 0] INFO  snapshot.OMSnapshotCreateRequest (OMSnapshotCreateRequest.java:validateAndUpdateCache(219)) - Created snapshot: 'snapshot-b-7-09505' with snapshotId: '28f22baf-8fc4-4b77-87c6-776c739c2e4d' under path 'vol-a-37174/buc-a-07731'
2023-12-19 18:18:19,705 [om1-OMDoubleBufferFlushThread] INFO  db.RDBCheckpointManager (RDBCheckpointManager.java:createCheckpoint(89)) - Created checkpoint in rocksDB at /home/runner/work/ozone/ozone/hadoop-ozone/integration-test/target/test-dir/MiniOzoneClusterImpl-c3f67427-b36b-4ee4-bde0-91623ce58163/ozone-meta/db.snapshots/checkpointState/om.db-2a8a053a-6ff8-464d-b65b-645225680444 in 13 milliseconds
2023-12-19 18:18:19,705 [om1-OMDoubleBufferFlushThread] INFO  db.RDBCheckpointUtils (RDBCheckpointUtils.java:waitForCheckpointDirectoryExist(60)) - Waited for 0 milliseconds for checkpoint directory /home/runner/work/ozone/ozone/hadoop-ozone/integration-test/target/test-dir/MiniOzoneClusterImpl-c3f67427-b36b-4ee4-bde0-91623ce58163/ozone-meta/db.snapshots/checkpointState/om.db-2a8a053a-6ff8-464d-b65b-645225680444 availability.
2023-12-19 18:18:19,706 [om1-OMDoubleBufferFlushThread] INFO  om.OmSnapshotManager (OmSnapshotManager.java:createOmSnapshotCheckpoint(463)) - Created checkpoint : /home/runner/work/ozone/ozone/hadoop-ozone/integration-test/target/test-dir/MiniOzoneClusterImpl-c3f67427-b36b-4ee4-bde0-91623ce58163/ozone-meta/db.snapshots/checkpointState/om.db-2a8a053a-6ff8-464d-b65b-645225680444 for snapshot snapshot-b-6-92534
2023-12-19 18:18:19,719 [om1-OMStateMachineApplyTransactionThread - 0] WARN  snapshot.OMSnapshotCreateRequest (OMSnapshotCreateRequest.java:estimateBucketDataSize(338)) - DefaultReplicationConfig is not correctly set in OmBucketInfo for volume 'vol-a-37174' bucket 'buc-b-61743'. Falling back to config default 'RATIS/THREE'
2023-12-19 18:18:19,719 [om1-OMStateMachineApplyTransactionThread - 0] INFO  snapshot.OMSnapshotCreateRequest (OMSnapshotCreateRequest.java:validateAndUpdateCache(219)) - Created snapshot: 'snapshot-b-7-68474' with snapshotId: 'dc2dab30-d77c-46cb-aac4-c1649b59f5d3' under path 'vol-a-37174/buc-b-61743'
2023-12-19 18:18:19,720 [om1-OMDoubleBufferFlushThread] INFO  db.RDBCheckpointManager (RDBCheckpointManager.java:createCheckpoint(89)) - Created checkpoint in rocksDB at /home/runner/work/ozone/ozone/hadoop-ozone/integration-test/target/test-dir/MiniOzoneClusterImpl-c3f67427-b36b-4ee4-bde0-91623ce58163/ozone-meta/db.snapshots/checkpointState/om.db-1f8b6dcc-d30b-4cee-a172-d7171ae695fb in 12 milliseconds
2023-12-19 18:18:19,720 [om1-OMDoubleBufferFlushThread] INFO  db.RDBCheckpointUtils (RDBCheckpointUtils.java:waitForCheckpointDirectoryExist(60)) - Waited for 0 milliseconds for checkpoint directory /home/runner/work/ozone/ozone/hadoop-ozone/integration-test/target/test-dir/MiniOzoneClusterImpl-c3f67427-b36b-4ee4-bde0-91623ce58163/ozone-meta/db.snapshots/checkpointState/om.db-1f8b6dcc-d30b-4cee-a172-d7171ae695fb availability.
2023-12-19 18:18:19,721 [om1-OMDoubleBufferFlushThread] INFO  om.OmSnapshotManager (OmSnapshotManager.java:createOmSnapshotCheckpoint(463)) - Created checkpoint : /home/runner/work/ozone/ozone/hadoop-ozone/integration-test/target/test-dir/MiniOzoneClusterImpl-c3f67427-b36b-4ee4-bde0-91623ce58163/ozone-meta/db.snapshots/checkpointState/om.db-1f8b6dcc-d30b-4cee-a172-d7171ae695fb for snapshot snapshot-b-6-33739
2023-12-19 18:18:19,734 [om1-OMStateMachineApplyTransactionThread - 0] WARN  snapshot.OMSnapshotCreateRequest (OMSnapshotCreateRequest.java:estimateBucketDataSize(338)) - DefaultReplicationConfig is not correctly set in OmBucketInfo for volume 'vol-b-61029' bucket 'buc-a-07731'. Falling back to config default 'RATIS/THREE'
2023-12-19 18:18:19,734 [om1-OMStateMachineApplyTransactionThread - 0] INFO  snapshot.OMSnapshotCreateRequest (OMSnapshotCreateRequest.java:validateAndUpdateCache(219)) - Created snapshot: 'snapshot-b-7-42695' with snapshotId: 'ff3bc37b-1118-4374-adf5-8ad57ac77081' under path 'vol-b-61029/buc-a-07731'
2023-12-19 18:18:19,735 [om1-OMDoubleBufferFlushThread] INFO  db.RDBCheckpointManager (RDBCheckpointManager.java:createCheckpoint(89)) - Created checkpoint in rocksDB at /home/runner/work/ozone/ozone/hadoop-ozone/integration-test/target/test-dir/MiniOzoneClusterImpl-c3f67427-b36b-4ee4-bde0-91623ce58163/ozone-meta/db.snapshots/checkpointState/om.db-82fca9fe-d447-4f46-80e9-9936c417c537 in 13 milliseconds
2023-12-19 18:18:19,736 [om1-OMDoubleBufferFlushThread] INFO  db.RDBCheckpointUtils (RDBCheckpointUtils.java:waitForCheckpointDirectoryExist(60)) - Waited for 1 milliseconds for checkpoint directory /home/runner/work/ozone/ozone/hadoop-ozone/integration-test/target/test-dir/MiniOzoneClusterImpl-c3f67427-b36b-4ee4-bde0-91623ce58163/ozone-meta/db.snapshots/checkpointState/om.db-82fca9fe-d447-4f46-80e9-9936c417c537 availability.
2023-12-19 18:18:19,736 [om1-OMDoubleBufferFlushThread] INFO  om.OmSnapshotManager (OmSnapshotManager.java:createOmSnapshotCheckpoint(463)) - Created checkpoint : /home/runner/work/ozone/ozone/hadoop-ozone/integration-test/target/test-dir/MiniOzoneClusterImpl-c3f67427-b36b-4ee4-bde0-91623ce58163/ozone-meta/db.snapshots/checkpointState/om.db-82fca9fe-d447-4f46-80e9-9936c417c537 for snapshot snapshot-b-6-40610
2023-12-19 18:18:19,749 [om1-OMStateMachineApplyTransactionThread - 0] WARN  snapshot.OMSnapshotCreateRequest (OMSnapshotCreateRequest.java:estimateBucketDataSize(338)) - DefaultReplicationConfig is not correctly set in OmBucketInfo for volume 'vol-b-61029' bucket 'buc-b-61743'. Falling back to config default 'RATIS/THREE'
2023-12-19 18:18:19,749 [om1-OMStateMachineApplyTransactionThread - 0] INFO  snapshot.OMSnapshotCreateRequest (OMSnapshotCreateRequest.java:validateAndUpdateCache(219)) - Created snapshot: 'snapshot-b-7-18903' with snapshotId: '221c4e24-acec-457c-97d5-9091a83b3e67' under path 'vol-b-61029/buc-b-61743'
2023-12-19 18:18:19,752 [om1-OMDoubleBufferFlushThread] INFO  db.RDBCheckpointManager (RDBCheckpointManager.java:createCheckpoint(89)) - Created checkpoint in rocksDB at /home/runner/work/ozone/ozone/hadoop-ozone/integration-test/target/test-dir/MiniOzoneClusterImpl-c3f67427-b36b-4ee4-bde0-91623ce58163/ozone-meta/db.snapshots/checkpointState/om.db-28f22baf-8fc4-4b77-87c6-776c739c2e4d in 14 milliseconds
2023-12-19 18:18:19,752 [om1-OMDoubleBufferFlushThread] INFO  db.RDBCheckpointUtils (RDBCheckpointUtils.java:waitForCheckpointDirectoryExist(60)) - Waited for 0 milliseconds for checkpoint directory /home/runner/work/ozone/ozone/hadoop-ozone/integration-test/target/test-dir/MiniOzoneClusterImpl-c3f67427-b36b-4ee4-bde0-91623ce58163/ozone-meta/db.snapshots/checkpointState/om.db-28f22baf-8fc4-4b77-87c6-776c739c2e4d availability.
2023-12-19 18:18:19,753 [om1-OMDoubleBufferFlushThread] INFO  om.OmSnapshotManager (OmSnapshotManager.java:createOmSnapshotCheckpoint(463)) - Created checkpoint : /home/runner/work/ozone/ozone/hadoop-ozone/integration-test/target/test-dir/MiniOzoneClusterImpl-c3f67427-b36b-4ee4-bde0-91623ce58163/ozone-meta/db.snapshots/checkpointState/om.db-28f22baf-8fc4-4b77-87c6-776c739c2e4d for snapshot snapshot-b-7-09505
2023-12-19 18:18:19,765 [om1-OMStateMachineApplyTransactionThread - 0] WARN  snapshot.OMSnapshotCreateRequest (OMSnapshotCreateRequest.java:estimateBucketDataSize(338)) - DefaultReplicationConfig is not correctly set in OmBucketInfo for volume 'vol-a-37174' bucket 'buc-a-07731'. Falling back to config default 'RATIS/THREE'
2023-12-19 18:18:19,765 [om1-OMStateMachineApplyTransactionThread - 0] INFO  snapshot.OMSnapshotCreateRequest (OMSnapshotCreateRequest.java:validateAndUpdateCache(219)) - Created snapshot: 'snapshot-b-8-36187' with snapshotId: '5c779415-0300-4f19-9d72-381c36146caa' under path 'vol-a-37174/buc-a-07731'
2023-12-19 18:18:19,772 [om1-OMDoubleBufferFlushThread] INFO  db.RDBCheckpointManager (RDBCheckpointManager.java:createCheckpoint(89)) - Created checkpoint in rocksDB at /home/runner/work/ozone/ozone/hadoop-ozone/integration-test/target/test-dir/MiniOzoneClusterImpl-c3f67427-b36b-4ee4-bde0-91623ce58163/ozone-meta/db.snapshots/checkpointState/om.db-dc2dab30-d77c-46cb-aac4-c1649b59f5d3 in 17 milliseconds
2023-12-19 18:18:19,772 [om1-OMDoubleBufferFlushThread] INFO  db.RDBCheckpointUtils (RDBCheckpointUtils.java:waitForCheckpointDirectoryExist(60)) - Waited for 0 milliseconds for checkpoint directory /home/runner/work/ozone/ozone/hadoop-ozone/integration-test/target/test-dir/MiniOzoneClusterImpl-c3f67427-b36b-4ee4-bde0-91623ce58163/ozone-meta/db.snapshots/checkpointState/om.db-dc2dab30-d77c-46cb-aac4-c1649b59f5d3 availability.
2023-12-19 18:18:19,773 [om1-OMDoubleBufferFlushThread] INFO  om.OmSnapshotManager (OmSnapshotManager.java:createOmSnapshotCheckpoint(463)) - Created checkpoint : /home/runner/work/ozone/ozone/hadoop-ozone/integration-test/target/test-dir/MiniOzoneClusterImpl-c3f67427-b36b-4ee4-bde0-91623ce58163/ozone-meta/db.snapshots/checkpointState/om.db-dc2dab30-d77c-46cb-aac4-c1649b59f5d3 for snapshot snapshot-b-7-68474
2023-12-19 18:18:19,781 [om1-OMStateMachineApplyTransactionThread - 0] WARN  snapshot.OMSnapshotCreateRequest (OMSnapshotCreateRequest.java:estimateBucketDataSize(338)) - DefaultReplicationConfig is not correctly set in OmBucketInfo for volume 'vol-a-37174' bucket 'buc-b-61743'. Falling back to config default 'RATIS/THREE'
2023-12-19 18:18:19,781 [om1-OMStateMachineApplyTransactionThread - 0] INFO  snapshot.OMSnapshotCreateRequest (OMSnapshotCreateRequest.java:validateAndUpdateCache(219)) - Created snapshot: 'snapshot-b-8-67371' with snapshotId: '8faabb9f-d699-4b21-aac7-9b1f5487a2a9' under path 'vol-a-37174/buc-b-61743'
2023-12-19 18:18:19,787 [om1-OMDoubleBufferFlushThread] INFO  db.RDBCheckpointManager (RDBCheckpointManager.java:createCheckpoint(89)) - Created checkpoint in rocksDB at /home/runner/work/ozone/ozone/hadoop-ozone/integration-test/target/test-dir/MiniOzoneClusterImpl-c3f67427-b36b-4ee4-bde0-91623ce58163/ozone-meta/db.snapshots/checkpointState/om.db-ff3bc37b-1118-4374-adf5-8ad57ac77081 in 12 milliseconds
2023-12-19 18:18:19,788 [om1-OMDoubleBufferFlushThread] INFO  db.RDBCheckpointUtils (RDBCheckpointUtils.java:waitForCheckpointDirectoryExist(60)) - Waited for 1 milliseconds for checkpoint directory /home/runner/work/ozone/ozone/hadoop-ozone/integration-test/target/test-dir/MiniOzoneClusterImpl-c3f67427-b36b-4ee4-bde0-91623ce58163/ozone-meta/db.snapshots/checkpointState/om.db-ff3bc37b-1118-4374-adf5-8ad57ac77081 availability.
2023-12-19 18:18:19,788 [om1-OMDoubleBufferFlushThread] INFO  om.OmSnapshotManager (OmSnapshotManager.java:createOmSnapshotCheckpoint(463)) - Created checkpoint : /home/runner/work/ozone/ozone/hadoop-ozone/integration-test/target/test-dir/MiniOzoneClusterImpl-c3f67427-b36b-4ee4-bde0-91623ce58163/ozone-meta/db.snapshots/checkpointState/om.db-ff3bc37b-1118-4374-adf5-8ad57ac77081 for snapshot snapshot-b-7-42695
2023-12-19 18:18:19,799 [om1-OMStateMachineApplyTransactionThread - 0] WARN  snapshot.OMSnapshotCreateRequest (OMSnapshotCreateRequest.java:estimateBucketDataSize(338)) - DefaultReplicationConfig is not correctly set in OmBucketInfo for volume 'vol-b-61029' bucket 'buc-a-07731'. Falling back to config default 'RATIS/THREE'
2023-12-19 18:18:19,800 [om1-OMStateMachineApplyTransactionThread - 0] INFO  snapshot.OMSnapshotCreateRequest (OMSnapshotCreateRequest.java:validateAndUpdateCache(219)) - Created snapshot: 'snapshot-b-8-54432' with snapshotId: 'cf6d08c6-355c-47db-a80a-6e3189e300db' under path 'vol-b-61029/buc-a-07731'
2023-12-19 18:18:19,801 [om1-OMDoubleBufferFlushThread] INFO  db.RDBCheckpointManager (RDBCheckpointManager.java:createCheckpoint(89)) - Created checkpoint in rocksDB at /home/runner/work/ozone/ozone/hadoop-ozone/integration-test/target/test-dir/MiniOzoneClusterImpl-c3f67427-b36b-4ee4-bde0-91623ce58163/ozone-meta/db.snapshots/checkpointState/om.db-221c4e24-acec-457c-97d5-9091a83b3e67 in 11 milliseconds
2023-12-19 18:18:19,802 [om1-OMDoubleBufferFlushThread] INFO  db.RDBCheckpointUtils (RDBCheckpointUtils.java:waitForCheckpointDirectoryExist(60)) - Waited for 1 milliseconds for checkpoint directory /home/runner/work/ozone/ozone/hadoop-ozone/integration-test/target/test-dir/MiniOzoneClusterImpl-c3f67427-b36b-4ee4-bde0-91623ce58163/ozone-meta/db.snapshots/checkpointState/om.db-221c4e24-acec-457c-97d5-9091a83b3e67 availability.
2023-12-19 18:18:19,802 [om1-OMDoubleBufferFlushThread] INFO  om.OmSnapshotManager (OmSnapshotManager.java:createOmSnapshotCheckpoint(463)) - Created checkpoint : /home/runner/work/ozone/ozone/hadoop-ozone/integration-test/target/test-dir/MiniOzoneClusterImpl-c3f67427-b36b-4ee4-bde0-91623ce58163/ozone-meta/db.snapshots/checkpointState/om.db-221c4e24-acec-457c-97d5-9091a83b3e67 for snapshot snapshot-b-7-18903
2023-12-19 18:18:19,816 [om1-OMDoubleBufferFlushThread] INFO  db.RDBCheckpointManager (RDBCheckpointManager.java:createCheckpoint(89)) - Created checkpoint in rocksDB at /home/runner/work/ozone/ozone/hadoop-ozone/integration-test/target/test-dir/MiniOzoneClusterImpl-c3f67427-b36b-4ee4-bde0-91623ce58163/ozone-meta/db.snapshots/checkpointState/om.db-5c779415-0300-4f19-9d72-381c36146caa in 12 milliseconds
2023-12-19 18:18:19,816 [om1-OMStateMachineApplyTransactionThread - 0] WARN  snapshot.OMSnapshotCreateRequest (OMSnapshotCreateRequest.java:estimateBucketDataSize(338)) - DefaultReplicationConfig is not correctly set in OmBucketInfo for volume 'vol-b-61029' bucket 'buc-b-61743'. Falling back to config default 'RATIS/THREE'
2023-12-19 18:18:19,816 [om1-OMStateMachineApplyTransactionThread - 0] INFO  snapshot.OMSnapshotCreateRequest (OMSnapshotCreateRequest.java:validateAndUpdateCache(219)) - Created snapshot: 'snapshot-b-8-04852' with snapshotId: 'c8b9d5cb-8f8e-4708-9cf0-61ee1d4d1e0a' under path 'vol-b-61029/buc-b-61743'
2023-12-19 18:18:19,817 [om1-OMDoubleBufferFlushThread] INFO  db.RDBCheckpointUtils (RDBCheckpointUtils.java:waitForCheckpointDirectoryExist(60)) - Waited for 1 milliseconds for checkpoint directory /home/runner/work/ozone/ozone/hadoop-ozone/integration-test/target/test-dir/MiniOzoneClusterImpl-c3f67427-b36b-4ee4-bde0-91623ce58163/ozone-meta/db.snapshots/checkpointState/om.db-5c779415-0300-4f19-9d72-381c36146caa availability.
2023-12-19 18:18:19,817 [om1-OMDoubleBufferFlushThread] INFO  om.OmSnapshotManager (OmSnapshotManager.java:createOmSnapshotCheckpoint(463)) - Created checkpoint : /home/runner/work/ozone/ozone/hadoop-ozone/integration-test/target/test-dir/MiniOzoneClusterImpl-c3f67427-b36b-4ee4-bde0-91623ce58163/ozone-meta/db.snapshots/checkpointState/om.db-5c779415-0300-4f19-9d72-381c36146caa for snapshot snapshot-b-8-36187
2023-12-19 18:18:19,831 [om1-OMDoubleBufferFlushThread] INFO  db.RDBCheckpointManager (RDBCheckpointManager.java:createCheckpoint(89)) - Created checkpoint in rocksDB at /home/runner/work/ozone/ozone/hadoop-ozone/integration-test/target/test-dir/MiniOzoneClusterImpl-c3f67427-b36b-4ee4-bde0-91623ce58163/ozone-meta/db.snapshots/checkpointState/om.db-8faabb9f-d699-4b21-aac7-9b1f5487a2a9 in 13 milliseconds
2023-12-19 18:18:19,832 [om1-OMDoubleBufferFlushThread] INFO  db.RDBCheckpointUtils (RDBCheckpointUtils.java:waitForCheckpointDirectoryExist(60)) - Waited for 1 milliseconds for checkpoint directory /home/runner/work/ozone/ozone/hadoop-ozone/integration-test/target/test-dir/MiniOzoneClusterImpl-c3f67427-b36b-4ee4-bde0-91623ce58163/ozone-meta/db.snapshots/checkpointState/om.db-8faabb9f-d699-4b21-aac7-9b1f5487a2a9 availability.
2023-12-19 18:18:19,832 [om1-OMStateMachineApplyTransactionThread - 0] WARN  snapshot.OMSnapshotCreateRequest (OMSnapshotCreateRequest.java:estimateBucketDataSize(338)) - DefaultReplicationConfig is not correctly set in OmBucketInfo for volume 'vol-a-37174' bucket 'buc-a-07731'. Falling back to config default 'RATIS/THREE'
2023-12-19 18:18:19,832 [om1-OMStateMachineApplyTransactionThread - 0] INFO  snapshot.OMSnapshotCreateRequest (OMSnapshotCreateRequest.java:validateAndUpdateCache(219)) - Created snapshot: 'snapshot-b-9-07953' with snapshotId: 'f22ae90b-7258-4e2c-9781-ef2e03688e76' under path 'vol-a-37174/buc-a-07731'
2023-12-19 18:18:19,833 [om1-OMDoubleBufferFlushThread] INFO  om.OmSnapshotManager (OmSnapshotManager.java:createOmSnapshotCheckpoint(463)) - Created checkpoint : /home/runner/work/ozone/ozone/hadoop-ozone/integration-test/target/test-dir/MiniOzoneClusterImpl-c3f67427-b36b-4ee4-bde0-91623ce58163/ozone-meta/db.snapshots/checkpointState/om.db-8faabb9f-d699-4b21-aac7-9b1f5487a2a9 for snapshot snapshot-b-8-67371
2023-12-19 18:18:19,848 [om1-OMStateMachineApplyTransactionThread - 0] WARN  snapshot.OMSnapshotCreateRequest (OMSnapshotCreateRequest.java:estimateBucketDataSize(338)) - DefaultReplicationConfig is not correctly set in OmBucketInfo for volume 'vol-a-37174' bucket 'buc-b-61743'. Falling back to config default 'RATIS/THREE'
2023-12-19 18:18:19,848 [om1-OMDoubleBufferFlushThread] INFO  db.RDBCheckpointManager (RDBCheckpointManager.java:createCheckpoint(89)) - Created checkpoint in rocksDB at /home/runner/work/ozone/ozone/hadoop-ozone/integration-test/target/test-dir/MiniOzoneClusterImpl-c3f67427-b36b-4ee4-bde0-91623ce58163/ozone-meta/db.snapshots/checkpointState/om.db-cf6d08c6-355c-47db-a80a-6e3189e300db in 13 milliseconds
2023-12-19 18:18:19,848 [om1-OMStateMachineApplyTransactionThread - 0] INFO  snapshot.OMSnapshotCreateRequest (OMSnapshotCreateRequest.java:validateAndUpdateCache(219)) - Created snapshot: 'snapshot-b-9-57133' with snapshotId: 'a3e40fb1-fc2b-408f-91ef-1ed38c4cfcbe' under path 'vol-a-37174/buc-b-61743'
2023-12-19 18:18:19,848 [om1-OMDoubleBufferFlushThread] INFO  db.RDBCheckpointUtils (RDBCheckpointUtils.java:waitForCheckpointDirectoryExist(60)) - Waited for 0 milliseconds for checkpoint directory /home/runner/work/ozone/ozone/hadoop-ozone/integration-test/target/test-dir/MiniOzoneClusterImpl-c3f67427-b36b-4ee4-bde0-91623ce58163/ozone-meta/db.snapshots/checkpointState/om.db-cf6d08c6-355c-47db-a80a-6e3189e300db availability.
2023-12-19 18:18:19,849 [om1-OMDoubleBufferFlushThread] INFO  om.OmSnapshotManager (OmSnapshotManager.java:createOmSnapshotCheckpoint(463)) - Created checkpoint : /home/runner/work/ozone/ozone/hadoop-ozone/integration-test/target/test-dir/MiniOzoneClusterImpl-c3f67427-b36b-4ee4-bde0-91623ce58163/ozone-meta/db.snapshots/checkpointState/om.db-cf6d08c6-355c-47db-a80a-6e3189e300db for snapshot snapshot-b-8-54432
2023-12-19 18:18:19,864 [om1-OMStateMachineApplyTransactionThread - 0] WARN  snapshot.OMSnapshotCreateRequest (OMSnapshotCreateRequest.java:estimateBucketDataSize(338)) - DefaultReplicationConfig is not correctly set in OmBucketInfo for volume 'vol-b-61029' bucket 'buc-a-07731'. Falling back to config default 'RATIS/THREE'
2023-12-19 18:18:19,865 [om1-OMStateMachineApplyTransactionThread - 0] INFO  snapshot.OMSnapshotCreateRequest (OMSnapshotCreateRequest.java:validateAndUpdateCache(219)) - Created snapshot: 'snapshot-b-9-51362' with snapshotId: '60398293-05c5-47b7-bb2b-bb5d8c43f9e8' under path 'vol-b-61029/buc-a-07731'
2023-12-19 18:18:19,867 [om1-OMDoubleBufferFlushThread] INFO  db.RDBCheckpointManager (RDBCheckpointManager.java:createCheckpoint(89)) - Created checkpoint in rocksDB at /home/runner/work/ozone/ozone/hadoop-ozone/integration-test/target/test-dir/MiniOzoneClusterImpl-c3f67427-b36b-4ee4-bde0-91623ce58163/ozone-meta/db.snapshots/checkpointState/om.db-c8b9d5cb-8f8e-4708-9cf0-61ee1d4d1e0a in 16 milliseconds
2023-12-19 18:18:19,868 [om1-OMDoubleBufferFlushThread] INFO  db.RDBCheckpointUtils (RDBCheckpointUtils.java:waitForCheckpointDirectoryExist(60)) - Waited for 0 milliseconds for checkpoint directory /home/runner/work/ozone/ozone/hadoop-ozone/integration-test/target/test-dir/MiniOzoneClusterImpl-c3f67427-b36b-4ee4-bde0-91623ce58163/ozone-meta/db.snapshots/checkpointState/om.db-c8b9d5cb-8f8e-4708-9cf0-61ee1d4d1e0a availability.
2023-12-19 18:18:19,869 [om1-OMDoubleBufferFlushThread] INFO  om.OmSnapshotManager (OmSnapshotManager.java:createOmSnapshotCheckpoint(463)) - Created checkpoint : /home/runner/work/ozone/ozone/hadoop-ozone/integration-test/target/test-dir/MiniOzoneClusterImpl-c3f67427-b36b-4ee4-bde0-91623ce58163/ozone-meta/db.snapshots/checkpointState/om.db-c8b9d5cb-8f8e-4708-9cf0-61ee1d4d1e0a for snapshot snapshot-b-8-04852
2023-12-19 18:18:19,880 [om1-OMStateMachineApplyTransactionThread - 0] WARN  snapshot.OMSnapshotCreateRequest (OMSnapshotCreateRequest.java:estimateBucketDataSize(338)) - DefaultReplicationConfig is not correctly set in OmBucketInfo for volume 'vol-b-61029' bucket 'buc-b-61743'. Falling back to config default 'RATIS/THREE'
2023-12-19 18:18:19,880 [om1-OMStateMachineApplyTransactionThread - 0] INFO  snapshot.OMSnapshotCreateRequest (OMSnapshotCreateRequest.java:validateAndUpdateCache(219)) - Created snapshot: 'snapshot-b-9-06152' with snapshotId: '408953c5-5146-42c4-92c4-8a621202a7bf' under path 'vol-b-61029/buc-b-61743'
2023-12-19 18:18:19,884 [om1-OMDoubleBufferFlushThread] INFO  db.RDBCheckpointManager (RDBCheckpointManager.java:createCheckpoint(89)) - Created checkpoint in rocksDB at /home/runner/work/ozone/ozone/hadoop-ozone/integration-test/target/test-dir/MiniOzoneClusterImpl-c3f67427-b36b-4ee4-bde0-91623ce58163/ozone-meta/db.snapshots/checkpointState/om.db-f22ae90b-7258-4e2c-9781-ef2e03688e76 in 14 milliseconds
2023-12-19 18:18:19,885 [om1-OMDoubleBufferFlushThread] INFO  db.RDBCheckpointUtils (RDBCheckpointUtils.java:waitForCheckpointDirectoryExist(60)) - Waited for 1 milliseconds for checkpoint directory /home/runner/work/ozone/ozone/hadoop-ozone/integration-test/target/test-dir/MiniOzoneClusterImpl-c3f67427-b36b-4ee4-bde0-91623ce58163/ozone-meta/db.snapshots/checkpointState/om.db-f22ae90b-7258-4e2c-9781-ef2e03688e76 availability.
2023-12-19 18:18:19,885 [om1-OMDoubleBufferFlushThread] INFO  om.OmSnapshotManager (OmSnapshotManager.java:createOmSnapshotCheckpoint(463)) - Created checkpoint : /home/runner/work/ozone/ozone/hadoop-ozone/integration-test/target/test-dir/MiniOzoneClusterImpl-c3f67427-b36b-4ee4-bde0-91623ce58163/ozone-meta/db.snapshots/checkpointState/om.db-f22ae90b-7258-4e2c-9781-ef2e03688e76 for snapshot snapshot-b-9-07953
]]></system-out>
  </testcase>
  <testcase name="testListVolume" classname="org.apache.hadoop.ozone.client.rpc.TestSecureOzoneRpcClient" time="0.055">
    <system-out><![CDATA[2023-12-19 18:18:19,903 [om1-OMDoubleBufferFlushThread] INFO  db.RDBCheckpointManager (RDBCheckpointManager.java:createCheckpoint(89)) - Created checkpoint in rocksDB at /home/runner/work/ozone/ozone/hadoop-ozone/integration-test/target/test-dir/MiniOzoneClusterImpl-c3f67427-b36b-4ee4-bde0-91623ce58163/ozone-meta/db.snapshots/checkpointState/om.db-a3e40fb1-fc2b-408f-91ef-1ed38c4cfcbe in 16 milliseconds
2023-12-19 18:18:19,904 [om1-OMDoubleBufferFlushThread] INFO  db.RDBCheckpointUtils (RDBCheckpointUtils.java:waitForCheckpointDirectoryExist(60)) - Waited for 0 milliseconds for checkpoint directory /home/runner/work/ozone/ozone/hadoop-ozone/integration-test/target/test-dir/MiniOzoneClusterImpl-c3f67427-b36b-4ee4-bde0-91623ce58163/ozone-meta/db.snapshots/checkpointState/om.db-a3e40fb1-fc2b-408f-91ef-1ed38c4cfcbe availability.
2023-12-19 18:18:19,904 [main] INFO  rpc.RpcClient (RpcClient.java:createVolume(456)) - Creating Volume: vol-list-a-0-35333, with runner as owner and space quota set to -1 bytes, counts quota set to -1
2023-12-19 18:18:19,905 [om1-OMDoubleBufferFlushThread] INFO  om.OmSnapshotManager (OmSnapshotManager.java:createOmSnapshotCheckpoint(463)) - Created checkpoint : /home/runner/work/ozone/ozone/hadoop-ozone/integration-test/target/test-dir/MiniOzoneClusterImpl-c3f67427-b36b-4ee4-bde0-91623ce58163/ozone-meta/db.snapshots/checkpointState/om.db-a3e40fb1-fc2b-408f-91ef-1ed38c4cfcbe for snapshot snapshot-b-9-57133
2023-12-19 18:18:19,906 [om1-OMStateMachineApplyTransactionThread - 0] INFO  volume.OMVolumeCreateRequest (OMVolumeCreateRequest.java:validateAndUpdateCache(197)) - created volume:vol-list-a-0-35333 for user:runner
2023-12-19 18:18:19,907 [main] INFO  rpc.RpcClient (RpcClient.java:createVolume(456)) - Creating Volume: vol-list-a-1-83288, with runner as owner and space quota set to -1 bytes, counts quota set to -1
2023-12-19 18:18:19,908 [om1-OMStateMachineApplyTransactionThread - 0] INFO  volume.OMVolumeCreateRequest (OMVolumeCreateRequest.java:validateAndUpdateCache(197)) - created volume:vol-list-a-1-83288 for user:runner
2023-12-19 18:18:19,909 [main] INFO  rpc.RpcClient (RpcClient.java:createVolume(456)) - Creating Volume: vol-list-a-2-74028, with runner as owner and space quota set to -1 bytes, counts quota set to -1
2023-12-19 18:18:19,912 [om1-OMStateMachineApplyTransactionThread - 0] INFO  volume.OMVolumeCreateRequest (OMVolumeCreateRequest.java:validateAndUpdateCache(197)) - created volume:vol-list-a-2-74028 for user:runner
2023-12-19 18:18:19,914 [main] INFO  rpc.RpcClient (RpcClient.java:createVolume(456)) - Creating Volume: vol-list-a-3-93174, with runner as owner and space quota set to -1 bytes, counts quota set to -1
2023-12-19 18:18:19,917 [om1-OMStateMachineApplyTransactionThread - 0] INFO  volume.OMVolumeCreateRequest (OMVolumeCreateRequest.java:validateAndUpdateCache(197)) - created volume:vol-list-a-3-93174 for user:runner
2023-12-19 18:18:19,917 [main] INFO  rpc.RpcClient (RpcClient.java:createVolume(456)) - Creating Volume: vol-list-a-4-90383, with runner as owner and space quota set to -1 bytes, counts quota set to -1
2023-12-19 18:18:19,918 [om1-OMStateMachineApplyTransactionThread - 0] INFO  volume.OMVolumeCreateRequest (OMVolumeCreateRequest.java:validateAndUpdateCache(197)) - created volume:vol-list-a-4-90383 for user:runner
2023-12-19 18:18:19,920 [main] INFO  rpc.RpcClient (RpcClient.java:createVolume(456)) - Creating Volume: vol-list-a-5-85250, with runner as owner and space quota set to -1 bytes, counts quota set to -1
2023-12-19 18:18:19,922 [om1-OMStateMachineApplyTransactionThread - 0] INFO  volume.OMVolumeCreateRequest (OMVolumeCreateRequest.java:validateAndUpdateCache(197)) - created volume:vol-list-a-5-85250 for user:runner
2023-12-19 18:18:19,922 [main] INFO  rpc.RpcClient (RpcClient.java:createVolume(456)) - Creating Volume: vol-list-a-6-63340, with runner as owner and space quota set to -1 bytes, counts quota set to -1
2023-12-19 18:18:19,923 [om1-OMStateMachineApplyTransactionThread - 0] INFO  volume.OMVolumeCreateRequest (OMVolumeCreateRequest.java:validateAndUpdateCache(197)) - created volume:vol-list-a-6-63340 for user:runner
2023-12-19 18:18:19,923 [main] INFO  rpc.RpcClient (RpcClient.java:createVolume(456)) - Creating Volume: vol-list-a-7-99261, with runner as owner and space quota set to -1 bytes, counts quota set to -1
2023-12-19 18:18:19,924 [om1-OMDoubleBufferFlushThread] INFO  db.RDBCheckpointManager (RDBCheckpointManager.java:createCheckpoint(89)) - Created checkpoint in rocksDB at /home/runner/work/ozone/ozone/hadoop-ozone/integration-test/target/test-dir/MiniOzoneClusterImpl-c3f67427-b36b-4ee4-bde0-91623ce58163/ozone-meta/db.snapshots/checkpointState/om.db-60398293-05c5-47b7-bb2b-bb5d8c43f9e8 in 18 milliseconds
2023-12-19 18:18:19,924 [om1-OMStateMachineApplyTransactionThread - 0] INFO  volume.OMVolumeCreateRequest (OMVolumeCreateRequest.java:validateAndUpdateCache(197)) - created volume:vol-list-a-7-99261 for user:runner
2023-12-19 18:18:19,925 [main] INFO  rpc.RpcClient (RpcClient.java:createVolume(456)) - Creating Volume: vol-list-a-8-46446, with runner as owner and space quota set to -1 bytes, counts quota set to -1
2023-12-19 18:18:19,925 [om1-OMDoubleBufferFlushThread] INFO  db.RDBCheckpointUtils (RDBCheckpointUtils.java:waitForCheckpointDirectoryExist(60)) - Waited for 1 milliseconds for checkpoint directory /home/runner/work/ozone/ozone/hadoop-ozone/integration-test/target/test-dir/MiniOzoneClusterImpl-c3f67427-b36b-4ee4-bde0-91623ce58163/ozone-meta/db.snapshots/checkpointState/om.db-60398293-05c5-47b7-bb2b-bb5d8c43f9e8 availability.
2023-12-19 18:18:19,926 [om1-OMStateMachineApplyTransactionThread - 0] INFO  volume.OMVolumeCreateRequest (OMVolumeCreateRequest.java:validateAndUpdateCache(197)) - created volume:vol-list-a-8-46446 for user:runner
2023-12-19 18:18:19,926 [om1-OMDoubleBufferFlushThread] INFO  om.OmSnapshotManager (OmSnapshotManager.java:createOmSnapshotCheckpoint(463)) - Created checkpoint : /home/runner/work/ozone/ozone/hadoop-ozone/integration-test/target/test-dir/MiniOzoneClusterImpl-c3f67427-b36b-4ee4-bde0-91623ce58163/ozone-meta/db.snapshots/checkpointState/om.db-60398293-05c5-47b7-bb2b-bb5d8c43f9e8 for snapshot snapshot-b-9-51362
2023-12-19 18:18:19,926 [main] INFO  rpc.RpcClient (RpcClient.java:createVolume(456)) - Creating Volume: vol-list-a-9-05060, with runner as owner and space quota set to -1 bytes, counts quota set to -1
2023-12-19 18:18:19,927 [om1-OMStateMachineApplyTransactionThread - 0] INFO  volume.OMVolumeCreateRequest (OMVolumeCreateRequest.java:validateAndUpdateCache(197)) - created volume:vol-list-a-9-05060 for user:runner
2023-12-19 18:18:19,928 [main] INFO  rpc.RpcClient (RpcClient.java:createVolume(456)) - Creating Volume: vol-list-b-0-15437, with runner as owner and space quota set to -1 bytes, counts quota set to -1
2023-12-19 18:18:19,929 [om1-OMStateMachineApplyTransactionThread - 0] INFO  volume.OMVolumeCreateRequest (OMVolumeCreateRequest.java:validateAndUpdateCache(197)) - created volume:vol-list-b-0-15437 for user:runner
2023-12-19 18:18:19,929 [main] INFO  rpc.RpcClient (RpcClient.java:createVolume(456)) - Creating Volume: vol-list-b-1-33259, with runner as owner and space quota set to -1 bytes, counts quota set to -1
2023-12-19 18:18:19,931 [om1-OMStateMachineApplyTransactionThread - 0] INFO  volume.OMVolumeCreateRequest (OMVolumeCreateRequest.java:validateAndUpdateCache(197)) - created volume:vol-list-b-1-33259 for user:runner
2023-12-19 18:18:19,932 [main] INFO  rpc.RpcClient (RpcClient.java:createVolume(456)) - Creating Volume: vol-list-b-2-71263, with runner as owner and space quota set to -1 bytes, counts quota set to -1
2023-12-19 18:18:19,933 [om1-OMStateMachineApplyTransactionThread - 0] INFO  volume.OMVolumeCreateRequest (OMVolumeCreateRequest.java:validateAndUpdateCache(197)) - created volume:vol-list-b-2-71263 for user:runner
2023-12-19 18:18:19,933 [main] INFO  rpc.RpcClient (RpcClient.java:createVolume(456)) - Creating Volume: vol-list-b-3-67102, with runner as owner and space quota set to -1 bytes, counts quota set to -1
2023-12-19 18:18:19,935 [om1-OMStateMachineApplyTransactionThread - 0] INFO  volume.OMVolumeCreateRequest (OMVolumeCreateRequest.java:validateAndUpdateCache(197)) - created volume:vol-list-b-3-67102 for user:runner
2023-12-19 18:18:19,935 [main] INFO  rpc.RpcClient (RpcClient.java:createVolume(456)) - Creating Volume: vol-list-b-4-76421, with runner as owner and space quota set to -1 bytes, counts quota set to -1
2023-12-19 18:18:19,936 [om1-OMStateMachineApplyTransactionThread - 0] INFO  volume.OMVolumeCreateRequest (OMVolumeCreateRequest.java:validateAndUpdateCache(197)) - created volume:vol-list-b-4-76421 for user:runner
2023-12-19 18:18:19,937 [main] INFO  rpc.RpcClient (RpcClient.java:createVolume(456)) - Creating Volume: vol-list-b-5-56440, with runner as owner and space quota set to -1 bytes, counts quota set to -1
2023-12-19 18:18:19,938 [om1-OMStateMachineApplyTransactionThread - 0] INFO  volume.OMVolumeCreateRequest (OMVolumeCreateRequest.java:validateAndUpdateCache(197)) - created volume:vol-list-b-5-56440 for user:runner
2023-12-19 18:18:19,939 [main] INFO  rpc.RpcClient (RpcClient.java:createVolume(456)) - Creating Volume: vol-list-b-6-83652, with runner as owner and space quota set to -1 bytes, counts quota set to -1
2023-12-19 18:18:19,940 [om1-OMStateMachineApplyTransactionThread - 0] INFO  volume.OMVolumeCreateRequest (OMVolumeCreateRequest.java:validateAndUpdateCache(197)) - created volume:vol-list-b-6-83652 for user:runner
2023-12-19 18:18:19,940 [main] INFO  rpc.RpcClient (RpcClient.java:createVolume(456)) - Creating Volume: vol-list-b-7-84847, with runner as owner and space quota set to -1 bytes, counts quota set to -1
2023-12-19 18:18:19,941 [om1-OMStateMachineApplyTransactionThread - 0] INFO  volume.OMVolumeCreateRequest (OMVolumeCreateRequest.java:validateAndUpdateCache(197)) - created volume:vol-list-b-7-84847 for user:runner
2023-12-19 18:18:19,942 [main] INFO  rpc.RpcClient (RpcClient.java:createVolume(456)) - Creating Volume: vol-list-b-8-72689, with runner as owner and space quota set to -1 bytes, counts quota set to -1
2023-12-19 18:18:19,943 [om1-OMStateMachineApplyTransactionThread - 0] INFO  volume.OMVolumeCreateRequest (OMVolumeCreateRequest.java:validateAndUpdateCache(197)) - created volume:vol-list-b-8-72689 for user:runner
2023-12-19 18:18:19,943 [main] INFO  rpc.RpcClient (RpcClient.java:createVolume(456)) - Creating Volume: vol-list-b-9-70253, with runner as owner and space quota set to -1 bytes, counts quota set to -1
2023-12-19 18:18:19,945 [om1-OMStateMachineApplyTransactionThread - 0] INFO  volume.OMVolumeCreateRequest (OMVolumeCreateRequest.java:validateAndUpdateCache(197)) - created volume:vol-list-b-9-70253 for user:runner
2023-12-19 18:18:19,946 [om1-OMDoubleBufferFlushThread] INFO  db.RDBCheckpointManager (RDBCheckpointManager.java:createCheckpoint(89)) - Created checkpoint in rocksDB at /home/runner/work/ozone/ozone/hadoop-ozone/integration-test/target/test-dir/MiniOzoneClusterImpl-c3f67427-b36b-4ee4-bde0-91623ce58163/ozone-meta/db.snapshots/checkpointState/om.db-408953c5-5146-42c4-92c4-8a621202a7bf in 18 milliseconds
2023-12-19 18:18:19,947 [om1-OMDoubleBufferFlushThread] INFO  db.RDBCheckpointUtils (RDBCheckpointUtils.java:waitForCheckpointDirectoryExist(60)) - Waited for 0 milliseconds for checkpoint directory /home/runner/work/ozone/ozone/hadoop-ozone/integration-test/target/test-dir/MiniOzoneClusterImpl-c3f67427-b36b-4ee4-bde0-91623ce58163/ozone-meta/db.snapshots/checkpointState/om.db-408953c5-5146-42c4-92c4-8a621202a7bf availability.
2023-12-19 18:18:19,948 [om1-OMDoubleBufferFlushThread] INFO  om.OmSnapshotManager (OmSnapshotManager.java:createOmSnapshotCheckpoint(463)) - Created checkpoint : /home/runner/work/ozone/ozone/hadoop-ozone/integration-test/target/test-dir/MiniOzoneClusterImpl-c3f67427-b36b-4ee4-bde0-91623ce58163/ozone-meta/db.snapshots/checkpointState/om.db-408953c5-5146-42c4-92c4-8a621202a7bf for snapshot snapshot-b-9-06152
]]></system-out>
  </testcase>
  <testcase name="testMissingParentBucketUsedNamespace(BucketLayout)[1]" classname="org.apache.hadoop.ozone.client.rpc.TestSecureOzoneRpcClient" time="0.015">
    <system-out><![CDATA[2023-12-19 18:18:19,961 [main] INFO  rpc.RpcClient (RpcClient.java:createVolume(456)) - Creating Volume: d1c747cb-d92b-4c09-b185-42c27d6dac94, with runner as owner and space quota set to -1 bytes, counts quota set to -1
2023-12-19 18:18:19,963 [om1-OMStateMachineApplyTransactionThread - 0] INFO  volume.OMVolumeCreateRequest (OMVolumeCreateRequest.java:validateAndUpdateCache(197)) - created volume:d1c747cb-d92b-4c09-b185-42c27d6dac94 for user:runner
2023-12-19 18:18:19,964 [main] INFO  rpc.RpcClient (RpcClient.java:createBucket(683)) - Creating Bucket: d1c747cb-d92b-4c09-b185-42c27d6dac94/138fd7ce-d92f-470f-a532-c9f7efc90b03, with bucket layout OBJECT_STORE, runner as owner, Versioning false, Storage Type set to DISK and Encryption set to false, Replication Type set to server-side default replication type, Namespace Quota set to -1, Space Quota set to -1 
2023-12-19 18:18:19,965 [om1-OMStateMachineApplyTransactionThread - 0] INFO  bucket.OMBucketCreateRequest (OMBucketCreateRequest.java:validateAndUpdateCache(295)) - created bucket: 138fd7ce-d92f-470f-a532-c9f7efc90b03 of layout OBJECT_STORE in volume: d1c747cb-d92b-4c09-b185-42c27d6dac94
2023-12-19 18:18:19,967 [IPC Server handler 19 on default port 15001] WARN  node.SCMNodeManager (SCMNodeManager.java:getNodesByAddress(1440)) - address is null
]]></system-out>
  </testcase>
  <testcase name="testMissingParentBucketUsedNamespace(BucketLayout)[2]" classname="org.apache.hadoop.ozone.client.rpc.TestSecureOzoneRpcClient" time="0.017">
    <system-out><![CDATA[2023-12-19 18:18:19,977 [main] INFO  rpc.RpcClient (RpcClient.java:createVolume(456)) - Creating Volume: df9c7cda-2972-4325-85dd-f4bd01e92721, with runner as owner and space quota set to -1 bytes, counts quota set to -1
2023-12-19 18:18:19,979 [om1-OMStateMachineApplyTransactionThread - 0] INFO  volume.OMVolumeCreateRequest (OMVolumeCreateRequest.java:validateAndUpdateCache(197)) - created volume:df9c7cda-2972-4325-85dd-f4bd01e92721 for user:runner
2023-12-19 18:18:19,981 [main] INFO  rpc.RpcClient (RpcClient.java:createBucket(683)) - Creating Bucket: df9c7cda-2972-4325-85dd-f4bd01e92721/ddfc872b-be98-4540-ab9a-43f94b944754, with bucket layout LEGACY, runner as owner, Versioning false, Storage Type set to DISK and Encryption set to false, Replication Type set to server-side default replication type, Namespace Quota set to -1, Space Quota set to -1 
2023-12-19 18:18:19,982 [om1-OMStateMachineApplyTransactionThread - 0] INFO  bucket.OMBucketCreateRequest (OMBucketCreateRequest.java:validateAndUpdateCache(295)) - created bucket: ddfc872b-be98-4540-ab9a-43f94b944754 of layout LEGACY in volume: df9c7cda-2972-4325-85dd-f4bd01e92721
2023-12-19 18:18:19,984 [IPC Server handler 9 on default port 15001] WARN  node.SCMNodeManager (SCMNodeManager.java:getNodesByAddress(1440)) - address is null
]]></system-out>
  </testcase>
  <testcase name="testMissingParentBucketUsedNamespace(BucketLayout)[3]" classname="org.apache.hadoop.ozone.client.rpc.TestSecureOzoneRpcClient" time="0.018">
    <system-out><![CDATA[2023-12-19 18:18:19,995 [main] INFO  rpc.RpcClient (RpcClient.java:createVolume(456)) - Creating Volume: 4c45b876-1abf-4ee9-b72a-986ccb8cb36f, with runner as owner and space quota set to -1 bytes, counts quota set to -1
2023-12-19 18:18:19,997 [om1-OMStateMachineApplyTransactionThread - 0] INFO  volume.OMVolumeCreateRequest (OMVolumeCreateRequest.java:validateAndUpdateCache(197)) - created volume:4c45b876-1abf-4ee9-b72a-986ccb8cb36f for user:runner
2023-12-19 18:18:19,998 [main] INFO  rpc.RpcClient (RpcClient.java:createBucket(683)) - Creating Bucket: 4c45b876-1abf-4ee9-b72a-986ccb8cb36f/f31d73df-337c-456b-8a7f-28963435b148, with bucket layout FILE_SYSTEM_OPTIMIZED, runner as owner, Versioning false, Storage Type set to DISK and Encryption set to false, Replication Type set to server-side default replication type, Namespace Quota set to -1, Space Quota set to -1 
2023-12-19 18:18:19,999 [om1-OMStateMachineApplyTransactionThread - 0] INFO  bucket.OMBucketCreateRequest (OMBucketCreateRequest.java:validateAndUpdateCache(295)) - created bucket: f31d73df-337c-456b-8a7f-28963435b148 of layout FILE_SYSTEM_OPTIMIZED in volume: 4c45b876-1abf-4ee9-b72a-986ccb8cb36f
2023-12-19 18:18:20,002 [IPC Server handler 17 on default port 15001] WARN  node.SCMNodeManager (SCMNodeManager.java:getNodesByAddress(1440)) - address is null
]]></system-out>
  </testcase>
  <testcase name="testMultipartPartNumberExceedingAllowedRange" classname="org.apache.hadoop.ozone.client.rpc.TestSecureOzoneRpcClient" time="0.015">
    <system-out><![CDATA[2023-12-19 18:18:20,014 [main] INFO  rpc.RpcClient (RpcClient.java:createVolume(456)) - Creating Volume: 2372aada-3c3a-46e0-84a3-ebc7124cad11, with runner as owner and space quota set to -1 bytes, counts quota set to -1
2023-12-19 18:18:20,015 [om1-OMStateMachineApplyTransactionThread - 0] INFO  volume.OMVolumeCreateRequest (OMVolumeCreateRequest.java:validateAndUpdateCache(197)) - created volume:2372aada-3c3a-46e0-84a3-ebc7124cad11 for user:runner
2023-12-19 18:18:20,016 [main] INFO  rpc.RpcClient (RpcClient.java:createBucket(683)) - Creating Bucket: 2372aada-3c3a-46e0-84a3-ebc7124cad11/ac3976c2-d376-481e-8540-b6433c8b1b35, with server-side default bucket layout, runner as owner, Versioning false, Storage Type set to DISK and Encryption set to false, Replication Type set to server-side default replication type, Namespace Quota set to -1, Space Quota set to -1 
2023-12-19 18:18:20,018 [om1-OMStateMachineApplyTransactionThread - 0] INFO  bucket.OMBucketCreateRequest (OMBucketCreateRequest.java:validateAndUpdateCache(295)) - created bucket: ac3976c2-d376-481e-8540-b6433c8b1b35 of layout OBJECT_STORE in volume: 2372aada-3c3a-46e0-84a3-ebc7124cad11
]]></system-out>
  </testcase>
  <testcase name="testMultipartUploadOverride(ReplicationConfig)[1]" classname="org.apache.hadoop.ozone.client.rpc.TestSecureOzoneRpcClient" time="0.372">
    <system-out><![CDATA[2023-12-19 18:18:20,030 [main] INFO  rpc.RpcClient (RpcClient.java:createVolume(456)) - Creating Volume: c6413911-09ea-4ce1-9d8d-d7947b52d2b9, with runner as owner and space quota set to -1 bytes, counts quota set to -1
2023-12-19 18:18:20,032 [om1-OMStateMachineApplyTransactionThread - 0] INFO  volume.OMVolumeCreateRequest (OMVolumeCreateRequest.java:validateAndUpdateCache(197)) - created volume:c6413911-09ea-4ce1-9d8d-d7947b52d2b9 for user:runner
2023-12-19 18:18:20,033 [main] INFO  rpc.RpcClient (RpcClient.java:createBucket(683)) - Creating Bucket: c6413911-09ea-4ce1-9d8d-d7947b52d2b9/54f3de18-94fd-4836-88f3-39e6e1534ef5, with server-side default bucket layout, runner as owner, Versioning false, Storage Type set to DISK and Encryption set to false, Replication Type set to server-side default replication type, Namespace Quota set to -1, Space Quota set to -1 
2023-12-19 18:18:20,035 [om1-OMStateMachineApplyTransactionThread - 0] INFO  bucket.OMBucketCreateRequest (OMBucketCreateRequest.java:validateAndUpdateCache(295)) - created bucket: 54f3de18-94fd-4836-88f3-39e6e1534ef5 of layout OBJECT_STORE in volume: c6413911-09ea-4ce1-9d8d-d7947b52d2b9
2023-12-19 18:18:20,041 [IPC Server handler 10 on default port 15001] WARN  node.SCMNodeManager (SCMNodeManager.java:getNodesByAddress(1440)) - address is null
2023-12-19 18:18:20,060 [IPC Server handler 15 on default port 15001] WARN  node.SCMNodeManager (SCMNodeManager.java:getNodesByAddress(1440)) - address is null
2023-12-19 18:18:20,085 [IPC Server handler 5 on default port 15001] WARN  node.SCMNodeManager (SCMNodeManager.java:getNodesByAddress(1440)) - address is null
2023-12-19 18:18:20,115 [IPC Server handler 1 on default port 15001] WARN  node.SCMNodeManager (SCMNodeManager.java:getNodesByAddress(1440)) - address is null
2023-12-19 18:18:20,134 [IPC Server handler 7 on default port 15001] WARN  node.SCMNodeManager (SCMNodeManager.java:getNodesByAddress(1440)) - address is null
2023-12-19 18:18:20,149 [om1-OMStateMachineApplyTransactionThread - 0] DEBUG db.CodecBuffer (CodecBuffer.java:setCapacity(328)) - setCapacity: 4096 -> 4969, max=2147483647
2023-12-19 18:18:20,153 [IPC Server handler 6 on default port 15001] WARN  node.SCMNodeManager (SCMNodeManager.java:getNodesByAddress(1445)) - Cannot find node for address 127.0.0.1
2023-12-19 18:18:20,154 [IPC Server handler 2 on default port 15001] WARN  node.SCMNodeManager (SCMNodeManager.java:getNodesByAddress(1445)) - Cannot find node for address 127.0.0.1
2023-12-19 18:18:20,154 [IPC Server handler 4 on default port 15001] WARN  node.SCMNodeManager (SCMNodeManager.java:getNodesByAddress(1445)) - Cannot find node for address 127.0.0.1
2023-12-19 18:18:20,155 [IPC Server handler 13 on default port 15001] WARN  node.SCMNodeManager (SCMNodeManager.java:getNodesByAddress(1445)) - Cannot find node for address 127.0.0.1
2023-12-19 18:18:20,155 [IPC Server handler 18 on default port 15001] WARN  node.SCMNodeManager (SCMNodeManager.java:getNodesByAddress(1445)) - Cannot find node for address 127.0.0.1
2023-12-19 18:18:20,249 [IPC Server handler 8 on default port 15001] WARN  node.SCMNodeManager (SCMNodeManager.java:getNodesByAddress(1440)) - address is null
2023-12-19 18:18:20,268 [IPC Server handler 12 on default port 15001] WARN  node.SCMNodeManager (SCMNodeManager.java:getNodesByAddress(1440)) - address is null
2023-12-19 18:18:20,281 [IPC Server handler 0 on default port 15001] WARN  node.SCMNodeManager (SCMNodeManager.java:getNodesByAddress(1440)) - address is null
2023-12-19 18:18:20,319 [IPC Server handler 11 on default port 15001] WARN  node.SCMNodeManager (SCMNodeManager.java:getNodesByAddress(1440)) - address is null
2023-12-19 18:18:20,331 [IPC Server handler 14 on default port 15001] WARN  node.SCMNodeManager (SCMNodeManager.java:getNodesByAddress(1440)) - address is null
2023-12-19 18:18:20,341 [om1-OMStateMachineApplyTransactionThread - 0] DEBUG db.CodecBuffer (CodecBuffer.java:setCapacity(328)) - setCapacity: 4096 -> 4973, max=2147483647
2023-12-19 18:18:20,345 [IPC Server handler 16 on default port 15001] WARN  node.SCMNodeManager (SCMNodeManager.java:getNodesByAddress(1445)) - Cannot find node for address 127.0.0.1
2023-12-19 18:18:20,345 [IPC Server handler 3 on default port 15001] WARN  node.SCMNodeManager (SCMNodeManager.java:getNodesByAddress(1445)) - Cannot find node for address 127.0.0.1
2023-12-19 18:18:20,346 [IPC Server handler 19 on default port 15001] WARN  node.SCMNodeManager (SCMNodeManager.java:getNodesByAddress(1445)) - Cannot find node for address 127.0.0.1
2023-12-19 18:18:20,346 [IPC Server handler 9 on default port 15001] WARN  node.SCMNodeManager (SCMNodeManager.java:getNodesByAddress(1445)) - Cannot find node for address 127.0.0.1
]]></system-out>
  </testcase>
  <testcase name="testMultipartUploadOverride(ReplicationConfig)[2]" classname="org.apache.hadoop.ozone.client.rpc.TestSecureOzoneRpcClient" time="0.743">
    <system-out><![CDATA[2023-12-19 18:18:20,404 [main] INFO  rpc.RpcClient (RpcClient.java:createVolume(456)) - Creating Volume: ebde9f52-ad71-4429-9298-8a2a60b0efad, with runner as owner and space quota set to -1 bytes, counts quota set to -1
2023-12-19 18:18:20,405 [om1-OMStateMachineApplyTransactionThread - 0] INFO  volume.OMVolumeCreateRequest (OMVolumeCreateRequest.java:validateAndUpdateCache(197)) - created volume:ebde9f52-ad71-4429-9298-8a2a60b0efad for user:runner
2023-12-19 18:18:20,407 [main] INFO  rpc.RpcClient (RpcClient.java:createBucket(683)) - Creating Bucket: ebde9f52-ad71-4429-9298-8a2a60b0efad/57889fee-392d-4be3-8b0e-90e9daeea66e, with server-side default bucket layout, runner as owner, Versioning false, Storage Type set to DISK and Encryption set to false, Replication Type set to server-side default replication type, Namespace Quota set to -1, Space Quota set to -1 
2023-12-19 18:18:20,409 [om1-OMStateMachineApplyTransactionThread - 0] INFO  bucket.OMBucketCreateRequest (OMBucketCreateRequest.java:validateAndUpdateCache(295)) - created bucket: 57889fee-392d-4be3-8b0e-90e9daeea66e of layout OBJECT_STORE in volume: ebde9f52-ad71-4429-9298-8a2a60b0efad
2023-12-19 18:18:20,428 [IPC Server handler 17 on default port 15001] WARN  node.SCMNodeManager (SCMNodeManager.java:getNodesByAddress(1440)) - address is null
2023-12-19 18:18:20,469 [IPC Server handler 10 on default port 15001] WARN  node.SCMNodeManager (SCMNodeManager.java:getNodesByAddress(1440)) - address is null
2023-12-19 18:18:20,503 [IPC Server handler 15 on default port 15001] WARN  node.SCMNodeManager (SCMNodeManager.java:getNodesByAddress(1440)) - address is null
2023-12-19 18:18:20,541 [IPC Server handler 5 on default port 15001] WARN  node.SCMNodeManager (SCMNodeManager.java:getNodesByAddress(1440)) - address is null
2023-12-19 18:18:20,563 [IPC Server handler 1 on default port 15001] WARN  node.SCMNodeManager (SCMNodeManager.java:getNodesByAddress(1440)) - address is null
2023-12-19 18:18:20,572 [om1-OMStateMachineApplyTransactionThread - 0] DEBUG db.CodecBuffer (CodecBuffer.java:setCapacity(328)) - setCapacity: 4096 -> 6555, max=2147483647
2023-12-19 18:18:20,574 [om1-OMStateMachineApplyTransactionThread - 0] DEBUG db.CodecBuffer (CodecBuffer.java:setCapacity(328)) - setCapacity: 4096 -> 8379, max=2147483647
2023-12-19 18:18:20,579 [IPC Server handler 7 on default port 15001] WARN  node.SCMNodeManager (SCMNodeManager.java:getNodesByAddress(1445)) - Cannot find node for address 127.0.0.1
2023-12-19 18:18:20,579 [IPC Server handler 6 on default port 15001] WARN  node.SCMNodeManager (SCMNodeManager.java:getNodesByAddress(1445)) - Cannot find node for address 127.0.0.1
2023-12-19 18:18:20,580 [IPC Server handler 2 on default port 15001] WARN  node.SCMNodeManager (SCMNodeManager.java:getNodesByAddress(1445)) - Cannot find node for address 127.0.0.1
2023-12-19 18:18:20,580 [IPC Server handler 4 on default port 15001] WARN  node.SCMNodeManager (SCMNodeManager.java:getNodesByAddress(1445)) - Cannot find node for address 127.0.0.1
2023-12-19 18:18:20,665 [IPC Server handler 13 on default port 15001] WARN  node.SCMNodeManager (SCMNodeManager.java:getNodesByAddress(1440)) - address is null
2023-12-19 18:18:20,701 [IPC Server handler 18 on default port 15001] WARN  node.SCMNodeManager (SCMNodeManager.java:getNodesByAddress(1440)) - address is null
2023-12-19 18:18:20,723 [IPC Server handler 8 on default port 15001] WARN  node.SCMNodeManager (SCMNodeManager.java:getNodesByAddress(1440)) - address is null
2023-12-19 18:18:20,957 [IPC Server handler 12 on default port 15001] WARN  node.SCMNodeManager (SCMNodeManager.java:getNodesByAddress(1440)) - address is null
2023-12-19 18:18:21,025 [IPC Server handler 0 on default port 15001] WARN  node.SCMNodeManager (SCMNodeManager.java:getNodesByAddress(1440)) - address is null
2023-12-19 18:18:21,034 [om1-OMStateMachineApplyTransactionThread - 0] DEBUG db.CodecBuffer (CodecBuffer.java:setCapacity(328)) - setCapacity: 4096 -> 6552, max=2147483647
2023-12-19 18:18:21,037 [om1-OMStateMachineApplyTransactionThread - 0] DEBUG db.CodecBuffer (CodecBuffer.java:setCapacity(328)) - setCapacity: 4096 -> 8373, max=2147483647
2023-12-19 18:18:21,042 [IPC Server handler 11 on default port 15001] WARN  node.SCMNodeManager (SCMNodeManager.java:getNodesByAddress(1445)) - Cannot find node for address 127.0.0.1
2023-12-19 18:18:21,043 [IPC Server handler 14 on default port 15001] WARN  node.SCMNodeManager (SCMNodeManager.java:getNodesByAddress(1445)) - Cannot find node for address 127.0.0.1
2023-12-19 18:18:21,044 [IPC Server handler 16 on default port 15001] WARN  node.SCMNodeManager (SCMNodeManager.java:getNodesByAddress(1445)) - Cannot find node for address 127.0.0.1
]]></system-out>
  </testcase>
  <testcase name="testMultipartUploadOverride(ReplicationConfig)[3]" classname="org.apache.hadoop.ozone.client.rpc.TestSecureOzoneRpcClient" time="0.365">
    <system-out><![CDATA[2023-12-19 18:18:21,148 [main] INFO  rpc.RpcClient (RpcClient.java:createVolume(456)) - Creating Volume: c2aaec06-7e67-4543-94de-bd08895fd926, with runner as owner and space quota set to -1 bytes, counts quota set to -1
2023-12-19 18:18:21,149 [om1-OMStateMachineApplyTransactionThread - 0] INFO  volume.OMVolumeCreateRequest (OMVolumeCreateRequest.java:validateAndUpdateCache(197)) - created volume:c2aaec06-7e67-4543-94de-bd08895fd926 for user:runner
2023-12-19 18:18:21,150 [main] INFO  rpc.RpcClient (RpcClient.java:createBucket(683)) - Creating Bucket: c2aaec06-7e67-4543-94de-bd08895fd926/2b9bf2a1-d6a7-4905-b43d-952a6c334c15, with server-side default bucket layout, runner as owner, Versioning false, Storage Type set to DISK and Encryption set to false, Replication Type set to server-side default replication type, Namespace Quota set to -1, Space Quota set to -1 
2023-12-19 18:18:21,152 [om1-OMStateMachineApplyTransactionThread - 0] INFO  bucket.OMBucketCreateRequest (OMBucketCreateRequest.java:validateAndUpdateCache(295)) - created bucket: 2b9bf2a1-d6a7-4905-b43d-952a6c334c15 of layout OBJECT_STORE in volume: c2aaec06-7e67-4543-94de-bd08895fd926
2023-12-19 18:18:21,163 [IPC Server handler 3 on default port 15001] WARN  node.SCMNodeManager (SCMNodeManager.java:getNodesByAddress(1440)) - address is null
2023-12-19 18:18:21,197 [IPC Server handler 19 on default port 15001] WARN  node.SCMNodeManager (SCMNodeManager.java:getNodesByAddress(1440)) - address is null
2023-12-19 18:18:21,219 [IPC Server handler 9 on default port 15001] WARN  node.SCMNodeManager (SCMNodeManager.java:getNodesByAddress(1440)) - address is null
2023-12-19 18:18:21,251 [om1-OMStateMachineApplyTransactionThread - 0] DEBUG db.CodecBuffer (CodecBuffer.java:setCapacity(328)) - setCapacity: 4096 -> 4951, max=2147483647
2023-12-19 18:18:21,254 [om1-OMStateMachineApplyTransactionThread - 0] DEBUG db.CodecBuffer (CodecBuffer.java:setCapacity(328)) - setCapacity: 4096 -> 7371, max=2147483647
2023-12-19 18:18:21,263 [IPC Server handler 17 on default port 15001] WARN  node.SCMNodeManager (SCMNodeManager.java:getNodesByAddress(1445)) - Cannot find node for address 127.0.0.1
2023-12-19 18:18:21,264 [IPC Server handler 10 on default port 15001] WARN  node.SCMNodeManager (SCMNodeManager.java:getNodesByAddress(1445)) - Cannot find node for address 127.0.0.1
2023-12-19 18:18:21,360 [IPC Server handler 15 on default port 15001] WARN  node.SCMNodeManager (SCMNodeManager.java:getNodesByAddress(1440)) - address is null
2023-12-19 18:18:21,396 [IPC Server handler 5 on default port 15001] WARN  node.SCMNodeManager (SCMNodeManager.java:getNodesByAddress(1440)) - address is null
2023-12-19 18:18:21,424 [IPC Server handler 1 on default port 15001] WARN  node.SCMNodeManager (SCMNodeManager.java:getNodesByAddress(1440)) - address is null
2023-12-19 18:18:21,439 [om1-OMStateMachineApplyTransactionThread - 0] DEBUG db.CodecBuffer (CodecBuffer.java:setCapacity(328)) - setCapacity: 4096 -> 4953, max=2147483647
2023-12-19 18:18:21,441 [om1-OMStateMachineApplyTransactionThread - 0] DEBUG db.CodecBuffer (CodecBuffer.java:setCapacity(328)) - setCapacity: 4096 -> 7374, max=2147483647
2023-12-19 18:18:21,446 [IPC Server handler 7 on default port 15001] WARN  node.SCMNodeManager (SCMNodeManager.java:getNodesByAddress(1445)) - Cannot find node for address 127.0.0.1
2023-12-19 18:18:21,446 [IPC Server handler 6 on default port 15001] WARN  node.SCMNodeManager (SCMNodeManager.java:getNodesByAddress(1445)) - Cannot find node for address 127.0.0.1
2023-12-19 18:18:21,447 [IPC Server handler 2 on default port 15001] WARN  node.SCMNodeManager (SCMNodeManager.java:getNodesByAddress(1445)) - Cannot find node for address 127.0.0.1
]]></system-out>
  </testcase>
  <testcase name="testMultipartUploadWithACL" classname="org.apache.hadoop.ozone.client.rpc.TestSecureOzoneRpcClient" time="0.226">
    <system-out><![CDATA[2023-12-19 18:18:21,514 [main] INFO  rpc.RpcClient (RpcClient.java:createVolume(456)) - Creating Volume: e2c4749d-3b9a-4914-b295-de9623acea8b, with runner as owner and space quota set to -1 bytes, counts quota set to -1
2023-12-19 18:18:21,516 [om1-OMStateMachineApplyTransactionThread - 0] INFO  volume.OMVolumeCreateRequest (OMVolumeCreateRequest.java:validateAndUpdateCache(197)) - created volume:e2c4749d-3b9a-4914-b295-de9623acea8b for user:runner
2023-12-19 18:18:21,517 [main] INFO  rpc.RpcClient (RpcClient.java:createBucket(683)) - Creating Bucket: e2c4749d-3b9a-4914-b295-de9623acea8b/f28e59b7-8d93-4218-86d0-66700bac4847, with bucket layout OBJECT_STORE, runner as owner, Versioning false, Storage Type set to DISK and Encryption set to false, Replication Type set to server-side default replication type, Namespace Quota set to -1, Space Quota set to -1 
2023-12-19 18:18:21,521 [om1-OMStateMachineApplyTransactionThread - 0] INFO  bucket.OMBucketCreateRequest (OMBucketCreateRequest.java:validateAndUpdateCache(295)) - created bucket: f28e59b7-8d93-4218-86d0-66700bac4847 of layout OBJECT_STORE in volume: e2c4749d-3b9a-4914-b295-de9623acea8b
2023-12-19 18:18:21,534 [IPC Server handler 4 on default port 15001] WARN  node.SCMNodeManager (SCMNodeManager.java:getNodesByAddress(1440)) - address is null
2023-12-19 18:18:21,554 [IPC Server handler 13 on default port 15001] WARN  node.SCMNodeManager (SCMNodeManager.java:getNodesByAddress(1440)) - address is null
2023-12-19 18:18:21,566 [IPC Server handler 18 on default port 15001] WARN  node.SCMNodeManager (SCMNodeManager.java:getNodesByAddress(1440)) - address is null
2023-12-19 18:18:21,581 [IPC Server handler 8 on default port 15001] WARN  node.SCMNodeManager (SCMNodeManager.java:getNodesByAddress(1440)) - address is null
2023-12-19 18:18:21,593 [IPC Server handler 12 on default port 15001] WARN  node.SCMNodeManager (SCMNodeManager.java:getNodesByAddress(1440)) - address is null
2023-12-19 18:18:21,605 [om1-OMStateMachineApplyTransactionThread - 0] DEBUG db.CodecBuffer (CodecBuffer.java:setCapacity(328)) - setCapacity: 4096 -> 5078, max=2147483647
2023-12-19 18:18:21,608 [IPC Server handler 0 on default port 15001] WARN  node.SCMNodeManager (SCMNodeManager.java:getNodesByAddress(1445)) - Cannot find node for address 127.0.0.1
2023-12-19 18:18:21,608 [IPC Server handler 11 on default port 15001] WARN  node.SCMNodeManager (SCMNodeManager.java:getNodesByAddress(1445)) - Cannot find node for address 127.0.0.1
2023-12-19 18:18:21,693 [om1-OMStateMachineApplyTransactionThread - 0] WARN  om.OzoneManager (OmMetadataReader.java:checkAcls(555)) - User test-user doesn't have CREATE permission to access key Volume:e2c4749d-3b9a-4914-b295-de9623acea8b Bucket:f28e59b7-8d93-4218-86d0-66700bac4847 Key:7c0d2823-d23b-4559-9011-bdccd50c05f9
18:18:21.693 [om1-OMStateMachineApplyTransactionThread - 0] ERROR OMAudit - user=test-user | ip=127.0.0.1 | op=INITIATE_MULTIPART_UPLOAD {volume=e2c4749d-3b9a-4914-b295-de9623acea8b, bucket=f28e59b7-8d93-4218-86d0-66700bac4847, key=7c0d2823-d23b-4559-9011-bdccd50c05f9, dataSize=0, replicationType=RATIS, replicationFactor=ONE} | ret=FAILURE
org.apache.hadoop.ozone.om.exceptions.OMException: User test-user doesn't have CREATE permission to access key Volume:e2c4749d-3b9a-4914-b295-de9623acea8b Bucket:f28e59b7-8d93-4218-86d0-66700bac4847 Key:7c0d2823-d23b-4559-9011-bdccd50c05f9
	at org.apache.hadoop.ozone.om.OmMetadataReader.checkAcls(OmMetadataReader.java:558) ~[ozone-manager-1.5.0-SNAPSHOT.jar:?]
	at org.apache.hadoop.ozone.om.OmMetadataReader.checkAcls(OmMetadataReader.java:533) ~[ozone-manager-1.5.0-SNAPSHOT.jar:?]
	at org.apache.hadoop.ozone.om.OzoneAclUtils.checkAllAcls(OzoneAclUtils.java:123) ~[ozone-manager-1.5.0-SNAPSHOT.jar:?]
	at org.apache.hadoop.ozone.om.request.OMClientRequest.checkAcls(OMClientRequest.java:360) ~[ozone-manager-1.5.0-SNAPSHOT.jar:?]
	at org.apache.hadoop.ozone.om.request.OMClientRequest.checkAcls(OMClientRequest.java:233) ~[ozone-manager-1.5.0-SNAPSHOT.jar:?]
	at org.apache.hadoop.ozone.om.request.key.OMKeyRequest.checkKeyAcls(OMKeyRequest.java:398) ~[ozone-manager-1.5.0-SNAPSHOT.jar:?]
	at org.apache.hadoop.ozone.om.request.s3.multipart.S3InitiateMultipartUploadRequest.validateAndUpdateCache(S3InitiateMultipartUploadRequest.java:147) ~[ozone-manager-1.5.0-SNAPSHOT.jar:?]
	at org.apache.hadoop.ozone.protocolPB.OzoneManagerRequestHandler.lambda$0(OzoneManagerRequestHandler.java:398) ~[ozone-manager-1.5.0-SNAPSHOT.jar:?]
	at org.apache.hadoop.util.MetricUtil.captureLatencyNs(MetricUtil.java:39) ~[hdds-common-1.5.0-SNAPSHOT.jar:?]
	at org.apache.hadoop.ozone.protocolPB.OzoneManagerRequestHandler.handleWriteRequest(OzoneManagerRequestHandler.java:394) ~[ozone-manager-1.5.0-SNAPSHOT.jar:?]
	at org.apache.hadoop.ozone.om.ratis.OzoneManagerStateMachine.runCommand(OzoneManagerStateMachine.java:582) ~[ozone-manager-1.5.0-SNAPSHOT.jar:?]
	at org.apache.hadoop.ozone.om.ratis.OzoneManagerStateMachine.lambda$1(OzoneManagerStateMachine.java:370) ~[ozone-manager-1.5.0-SNAPSHOT.jar:?]
	at java.util.concurrent.CompletableFuture$AsyncSupply.run(CompletableFuture.java:1604) [?:1.8.0_392]
	at java.util.concurrent.ThreadPoolExecutor.runWorker(ThreadPoolExecutor.java:1149) [?:1.8.0_392]
	at java.util.concurrent.ThreadPoolExecutor$Worker.run(ThreadPoolExecutor.java:624) [?:1.8.0_392]
	at java.lang.Thread.run(Thread.java:750) [?:1.8.0_392]
2023-12-19 18:18:21,694 [om1-OMStateMachineApplyTransactionThread - 0] ERROR multipart.S3InitiateMultipartUploadRequest (S3InitiateMultipartUploadRequest.java:logResult(279)) - S3 InitiateMultipart Upload request for Key 7c0d2823-d23b-4559-9011-bdccd50c05f9 in Volume/Bucket e2c4749d-3b9a-4914-b295-de9623acea8b/f28e59b7-8d93-4218-86d0-66700bac4847 is failed
PERMISSION_DENIED org.apache.hadoop.ozone.om.exceptions.OMException: User test-user doesn't have CREATE permission to access key Volume:e2c4749d-3b9a-4914-b295-de9623acea8b Bucket:f28e59b7-8d93-4218-86d0-66700bac4847 Key:7c0d2823-d23b-4559-9011-bdccd50c05f9
	at org.apache.hadoop.ozone.om.OmMetadataReader.checkAcls(OmMetadataReader.java:558)
	at org.apache.hadoop.ozone.om.OmMetadataReader.checkAcls(OmMetadataReader.java:533)
	at org.apache.hadoop.ozone.om.OzoneAclUtils.checkAllAcls(OzoneAclUtils.java:123)
	at org.apache.hadoop.ozone.om.request.OMClientRequest.checkAcls(OMClientRequest.java:360)
	at org.apache.hadoop.ozone.om.request.OMClientRequest.checkAcls(OMClientRequest.java:233)
	at org.apache.hadoop.ozone.om.request.key.OMKeyRequest.checkKeyAcls(OMKeyRequest.java:398)
	at org.apache.hadoop.ozone.om.request.s3.multipart.S3InitiateMultipartUploadRequest.validateAndUpdateCache(S3InitiateMultipartUploadRequest.java:147)
	at org.apache.hadoop.ozone.protocolPB.OzoneManagerRequestHandler.lambda$0(OzoneManagerRequestHandler.java:398)
	at org.apache.hadoop.util.MetricUtil.captureLatencyNs(MetricUtil.java:39)
	at org.apache.hadoop.ozone.protocolPB.OzoneManagerRequestHandler.handleWriteRequest(OzoneManagerRequestHandler.java:394)
	at org.apache.hadoop.ozone.om.ratis.OzoneManagerStateMachine.runCommand(OzoneManagerStateMachine.java:582)
	at org.apache.hadoop.ozone.om.ratis.OzoneManagerStateMachine.lambda$1(OzoneManagerStateMachine.java:370)
	at java.util.concurrent.CompletableFuture$AsyncSupply.run(CompletableFuture.java:1604)
	at java.util.concurrent.ThreadPoolExecutor.runWorker(ThreadPoolExecutor.java:1149)
	at java.util.concurrent.ThreadPoolExecutor$Worker.run(ThreadPoolExecutor.java:624)
	at java.lang.Thread.run(Thread.java:750)
2023-12-19 18:18:21,708 [IPC Server handler 14 on default port 15001] WARN  node.SCMNodeManager (SCMNodeManager.java:getNodesByAddress(1440)) - address is null
2023-12-19 18:18:21,725 [IPC Server handler 16 on default port 15001] WARN  node.SCMNodeManager (SCMNodeManager.java:getNodesByAddress(1440)) - address is null
2023-12-19 18:18:21,738 [IPC Server handler 2 on default port 15004] WARN  om.OzoneManager (OmMetadataReader.java:checkAcls(555)) - User test-user doesn't have READ permission to access key Volume:e2c4749d-3b9a-4914-b295-de9623acea8b Bucket:f28e59b7-8d93-4218-86d0-66700bac4847 Key:8f184247-1ada-48d7-9a9f-d271faa8e905
18:18:21.738 [IPC Server handler 2 on default port 15004] ERROR OMAudit - user=test-user | ip=127.0.0.1 | op=READ_KEY {volume=e2c4749d-3b9a-4914-b295-de9623acea8b, bucket=f28e59b7-8d93-4218-86d0-66700bac4847, key=8f184247-1ada-48d7-9a9f-d271faa8e905, dataSize=0, replicationConfig=null} | ret=FAILURE
org.apache.hadoop.ozone.om.exceptions.OMException: User test-user doesn't have READ permission to access key Volume:e2c4749d-3b9a-4914-b295-de9623acea8b Bucket:f28e59b7-8d93-4218-86d0-66700bac4847 Key:8f184247-1ada-48d7-9a9f-d271faa8e905
	at org.apache.hadoop.ozone.om.OmMetadataReader.checkAcls(OmMetadataReader.java:558) ~[ozone-manager-1.5.0-SNAPSHOT.jar:?]
	at org.apache.hadoop.ozone.om.OmMetadataReader.checkAcls(OmMetadataReader.java:533) ~[ozone-manager-1.5.0-SNAPSHOT.jar:?]
	at org.apache.hadoop.ozone.om.OzoneAclUtils.checkAllAcls(OzoneAclUtils.java:123) ~[ozone-manager-1.5.0-SNAPSHOT.jar:?]
	at org.apache.hadoop.ozone.om.OmMetadataReader.checkAcls(OmMetadataReader.java:495) ~[ozone-manager-1.5.0-SNAPSHOT.jar:?]
	at org.apache.hadoop.ozone.om.OmMetadataReader.lambda$3(OmMetadataReader.java:183) ~[ozone-manager-1.5.0-SNAPSHOT.jar:?]
	at org.apache.hadoop.util.MetricUtil.captureLatencyNs(MetricUtil.java:50) ~[hdds-common-1.5.0-SNAPSHOT.jar:?]
	at org.apache.hadoop.ozone.om.OmMetadataReader.getKeyInfo(OmMetadataReader.java:182) ~[ozone-manager-1.5.0-SNAPSHOT.jar:?]
	at org.apache.hadoop.ozone.om.OzoneManager.getKeyInfo(OzoneManager.java:2869) ~[ozone-manager-1.5.0-SNAPSHOT.jar:?]
	at org.apache.hadoop.ozone.protocolPB.OzoneManagerRequestHandler.getKeyInfo(OzoneManagerRequestHandler.java:616) ~[ozone-manager-1.5.0-SNAPSHOT.jar:?]
	at org.apache.hadoop.ozone.protocolPB.OzoneManagerRequestHandler.handleReadRequest(OzoneManagerRequestHandler.java:323) ~[ozone-manager-1.5.0-SNAPSHOT.jar:?]
	at org.apache.hadoop.ozone.protocolPB.OzoneManagerProtocolServerSideTranslatorPB.submitReadRequestToOM(OzoneManagerProtocolServerSideTranslatorPB.java:265) ~[ozone-manager-1.5.0-SNAPSHOT.jar:?]
	at org.apache.hadoop.ozone.protocolPB.OzoneManagerProtocolServerSideTranslatorPB.internalProcessRequest(OzoneManagerProtocolServerSideTranslatorPB.java:211) ~[ozone-manager-1.5.0-SNAPSHOT.jar:?]
	at org.apache.hadoop.ozone.protocolPB.OzoneManagerProtocolServerSideTranslatorPB.processRequest(OzoneManagerProtocolServerSideTranslatorPB.java:171) ~[ozone-manager-1.5.0-SNAPSHOT.jar:?]
	at org.apache.hadoop.hdds.server.OzoneProtocolMessageDispatcher.processRequest(OzoneProtocolMessageDispatcher.java:89) [hdds-server-framework-1.5.0-SNAPSHOT.jar:?]
	at org.apache.hadoop.ozone.protocolPB.OzoneManagerProtocolServerSideTranslatorPB.submitRequest(OzoneManagerProtocolServerSideTranslatorPB.java:162) [ozone-manager-1.5.0-SNAPSHOT.jar:?]
	at org.apache.hadoop.ozone.protocol.proto.OzoneManagerProtocolProtos$OzoneManagerService$2.callBlockingMethod(OzoneManagerProtocolProtos.java) [ozone-interface-client-1.5.0-SNAPSHOT.jar:?]
	at org.apache.hadoop.ipc.ProtobufRpcEngine$Server.processCall(ProtobufRpcEngine.java:484) [hadoop-common-3.3.6.jar:?]
	at org.apache.hadoop.ipc.ProtobufRpcEngine2$Server$ProtoBufRpcInvoker.call(ProtobufRpcEngine2.java:595) [hadoop-common-3.3.6.jar:?]
	at org.apache.hadoop.ipc.ProtobufRpcEngine2$Server$ProtoBufRpcInvoker.call(ProtobufRpcEngine2.java:573) [hadoop-common-3.3.6.jar:?]
	at org.apache.hadoop.ipc.RPC$Server.call(RPC.java:1227) [hadoop-common-3.3.6.jar:?]
	at org.apache.hadoop.ipc.Server$RpcCall.run(Server.java:1094) [hadoop-common-3.3.6.jar:?]
	at org.apache.hadoop.ipc.Server$RpcCall.run(Server.java:1017) [hadoop-common-3.3.6.jar:?]
	at java.security.AccessController.doPrivileged(Native Method) ~[?:1.8.0_392]
	at javax.security.auth.Subject.doAs(Subject.java:422) [?:1.8.0_392]
	at org.apache.hadoop.security.UserGroupInformation.doAs(UserGroupInformation.java:1899) [hadoop-common-3.3.6.jar:?]
	at org.apache.hadoop.ipc.Server$Handler.run(Server.java:3048) [hadoop-common-3.3.6.jar:?]
]]></system-out>
  </testcase>
  <testcase name="testMultipartUploadWithMissingParts" classname="org.apache.hadoop.ozone.client.rpc.TestSecureOzoneRpcClient" time="0.019">
    <system-out><![CDATA[2023-12-19 18:18:21,740 [main] INFO  rpc.RpcClient (RpcClient.java:createVolume(456)) - Creating Volume: 9917685b-6a50-4570-9a1a-8fab17d9c117, with runner as owner and space quota set to -1 bytes, counts quota set to -1
2023-12-19 18:18:21,741 [om1-OMStateMachineApplyTransactionThread - 0] INFO  volume.OMVolumeCreateRequest (OMVolumeCreateRequest.java:validateAndUpdateCache(197)) - created volume:9917685b-6a50-4570-9a1a-8fab17d9c117 for user:runner
2023-12-19 18:18:21,742 [main] INFO  rpc.RpcClient (RpcClient.java:createBucket(683)) - Creating Bucket: 9917685b-6a50-4570-9a1a-8fab17d9c117/6026c28e-a585-4679-a15c-4524a8a879ad, with server-side default bucket layout, runner as owner, Versioning false, Storage Type set to DISK and Encryption set to false, Replication Type set to server-side default replication type, Namespace Quota set to -1, Space Quota set to -1 
2023-12-19 18:18:21,744 [om1-OMStateMachineApplyTransactionThread - 0] INFO  bucket.OMBucketCreateRequest (OMBucketCreateRequest.java:validateAndUpdateCache(295)) - created bucket: 6026c28e-a585-4679-a15c-4524a8a879ad of layout OBJECT_STORE in volume: 9917685b-6a50-4570-9a1a-8fab17d9c117
2023-12-19 18:18:21,749 [IPC Server handler 3 on default port 15001] WARN  node.SCMNodeManager (SCMNodeManager.java:getNodesByAddress(1440)) - address is null
18:18:21.758 [om1-OMStateMachineApplyTransactionThread - 0] ERROR OMAudit - user=runner | ip=127.0.0.1 | op=COMPLETE_MULTIPART_UPLOAD {volume=9917685b-6a50-4570-9a1a-8fab17d9c117, bucket=6026c28e-a585-4679-a15c-4524a8a879ad, key=2feaccaa-e6c4-4ca4-9885-c9ba5eb67e4d, dataSize=0, replicationType=NONE, replicationFactor=ZERO, multipartList=[partNumber: 3 partName: "random" ]} | ret=FAILURE
org.apache.hadoop.ozone.om.exceptions.OMException: Complete Multipart Upload Failed: volume: 9917685b-6a50-4570-9a1a-8fab17d9c117 bucket: 6026c28e-a585-4679-a15c-4524a8a879ad key: 2feaccaa-e6c4-4ca4-9885-c9ba5eb67e4d. Provided Part info is { random, 3}, whereas OM has partName null
	at org.apache.hadoop.ozone.om.request.s3.multipart.S3MultipartUploadCompleteRequest.getMultipartDataSize(S3MultipartUploadCompleteRequest.java:512) ~[ozone-manager-1.5.0-SNAPSHOT.jar:?]
	at org.apache.hadoop.ozone.om.request.s3.multipart.S3MultipartUploadCompleteRequest.validateAndUpdateCache(S3MultipartUploadCompleteRequest.java:197) ~[ozone-manager-1.5.0-SNAPSHOT.jar:?]
	at org.apache.hadoop.ozone.protocolPB.OzoneManagerRequestHandler.lambda$0(OzoneManagerRequestHandler.java:398) ~[ozone-manager-1.5.0-SNAPSHOT.jar:?]
	at org.apache.hadoop.util.MetricUtil.captureLatencyNs(MetricUtil.java:39) ~[hdds-common-1.5.0-SNAPSHOT.jar:?]
	at org.apache.hadoop.ozone.protocolPB.OzoneManagerRequestHandler.handleWriteRequest(OzoneManagerRequestHandler.java:394) ~[ozone-manager-1.5.0-SNAPSHOT.jar:?]
	at org.apache.hadoop.ozone.om.ratis.OzoneManagerStateMachine.runCommand(OzoneManagerStateMachine.java:582) ~[ozone-manager-1.5.0-SNAPSHOT.jar:?]
	at org.apache.hadoop.ozone.om.ratis.OzoneManagerStateMachine.lambda$1(OzoneManagerStateMachine.java:370) ~[ozone-manager-1.5.0-SNAPSHOT.jar:?]
	at java.util.concurrent.CompletableFuture$AsyncSupply.run(CompletableFuture.java:1604) [?:1.8.0_392]
	at java.util.concurrent.ThreadPoolExecutor.runWorker(ThreadPoolExecutor.java:1149) [?:1.8.0_392]
	at java.util.concurrent.ThreadPoolExecutor$Worker.run(ThreadPoolExecutor.java:624) [?:1.8.0_392]
	at java.lang.Thread.run(Thread.java:750) [?:1.8.0_392]
2023-12-19 18:18:21,758 [om1-OMStateMachineApplyTransactionThread - 0] ERROR multipart.S3MultipartUploadCompleteRequest (S3MultipartUploadCompleteRequest.java:logResult(351)) - MultipartUpload Complete request failed for Key: 2feaccaa-e6c4-4ca4-9885-c9ba5eb67e4d in Volume/Bucket 9917685b-6a50-4570-9a1a-8fab17d9c117/6026c28e-a585-4679-a15c-4524a8a879ad
INVALID_PART org.apache.hadoop.ozone.om.exceptions.OMException: Complete Multipart Upload Failed: volume: 9917685b-6a50-4570-9a1a-8fab17d9c117 bucket: 6026c28e-a585-4679-a15c-4524a8a879ad key: 2feaccaa-e6c4-4ca4-9885-c9ba5eb67e4d. Provided Part info is { random, 3}, whereas OM has partName null
	at org.apache.hadoop.ozone.om.request.s3.multipart.S3MultipartUploadCompleteRequest.getMultipartDataSize(S3MultipartUploadCompleteRequest.java:512)
	at org.apache.hadoop.ozone.om.request.s3.multipart.S3MultipartUploadCompleteRequest.validateAndUpdateCache(S3MultipartUploadCompleteRequest.java:197)
	at org.apache.hadoop.ozone.protocolPB.OzoneManagerRequestHandler.lambda$0(OzoneManagerRequestHandler.java:398)
	at org.apache.hadoop.util.MetricUtil.captureLatencyNs(MetricUtil.java:39)
	at org.apache.hadoop.ozone.protocolPB.OzoneManagerRequestHandler.handleWriteRequest(OzoneManagerRequestHandler.java:394)
	at org.apache.hadoop.ozone.om.ratis.OzoneManagerStateMachine.runCommand(OzoneManagerStateMachine.java:582)
	at org.apache.hadoop.ozone.om.ratis.OzoneManagerStateMachine.lambda$1(OzoneManagerStateMachine.java:370)
	at java.util.concurrent.CompletableFuture$AsyncSupply.run(CompletableFuture.java:1604)
	at java.util.concurrent.ThreadPoolExecutor.runWorker(ThreadPoolExecutor.java:1149)
	at java.util.concurrent.ThreadPoolExecutor$Worker.run(ThreadPoolExecutor.java:624)
	at java.lang.Thread.run(Thread.java:750)
]]></system-out>
  </testcase>
  <testcase name="testMultipartUploadWithPartsLessThanMinSize" classname="org.apache.hadoop.ozone.client.rpc.TestSecureOzoneRpcClient" time="0.035">
    <system-out><![CDATA[2023-12-19 18:18:21,760 [main] INFO  rpc.RpcClient (RpcClient.java:createVolume(456)) - Creating Volume: f699329f-30df-4cf8-8df5-d5162f2afdc3, with runner as owner and space quota set to -1 bytes, counts quota set to -1
2023-12-19 18:18:21,762 [om1-OMStateMachineApplyTransactionThread - 0] INFO  volume.OMVolumeCreateRequest (OMVolumeCreateRequest.java:validateAndUpdateCache(197)) - created volume:f699329f-30df-4cf8-8df5-d5162f2afdc3 for user:runner
2023-12-19 18:18:21,763 [main] INFO  rpc.RpcClient (RpcClient.java:createBucket(683)) - Creating Bucket: f699329f-30df-4cf8-8df5-d5162f2afdc3/95560b88-2fa3-45e2-b6b2-fe8af7e6c286, with server-side default bucket layout, runner as owner, Versioning false, Storage Type set to DISK and Encryption set to false, Replication Type set to server-side default replication type, Namespace Quota set to -1, Space Quota set to -1 
2023-12-19 18:18:21,765 [om1-OMStateMachineApplyTransactionThread - 0] INFO  bucket.OMBucketCreateRequest (OMBucketCreateRequest.java:validateAndUpdateCache(295)) - created bucket: 95560b88-2fa3-45e2-b6b2-fe8af7e6c286 of layout OBJECT_STORE in volume: f699329f-30df-4cf8-8df5-d5162f2afdc3
2023-12-19 18:18:21,771 [IPC Server handler 19 on default port 15001] WARN  node.SCMNodeManager (SCMNodeManager.java:getNodesByAddress(1440)) - address is null
2023-12-19 18:18:21,782 [IPC Server handler 9 on default port 15001] WARN  node.SCMNodeManager (SCMNodeManager.java:getNodesByAddress(1440)) - address is null
2023-12-19 18:18:21,793 [om1-OMStateMachineApplyTransactionThread - 0] ERROR multipart.S3MultipartUploadCompleteRequest (S3MultipartUploadCompleteRequest.java:getMultipartDataSize(531)) - MultipartUpload: /f699329f-30df-4cf8-8df5-d5162f2afdc3/95560b88-2fa3-45e2-b6b2-fe8af7e6c286/57adc746-3c0a-4858-a6b7-66fcc152317f Part number: 1 size 4  is less than minimum part size 5242880
18:18:21.794 [om1-OMStateMachineApplyTransactionThread - 0] ERROR OMAudit - user=runner | ip=127.0.0.1 | op=COMPLETE_MULTIPART_UPLOAD {volume=f699329f-30df-4cf8-8df5-d5162f2afdc3, bucket=95560b88-2fa3-45e2-b6b2-fe8af7e6c286, key=57adc746-3c0a-4858-a6b7-66fcc152317f, dataSize=0, replicationType=NONE, replicationFactor=ZERO, multipartList=[partNumber: 1 partName: "/f699329f-30df-4cf8-8df5-d5162f2afdc3/95560b88-2fa3-45e2-b6b2-fe8af7e6c286/57adc746-3c0a-4858-a6b7-66fcc152317f-eed611d2-f827-4f8c-9c6c-6fc3787fb88d-111608456922136827-1" , partNumber: 2 partName: "/f699329f-30df-4cf8-8df5-d5162f2afdc3/95560b88-2fa3-45e2-b6b2-fe8af7e6c286/57adc746-3c0a-4858-a6b7-66fcc152317f-eed611d2-f827-4f8c-9c6c-6fc3787fb88d-111608456922136827-2" ]} | ret=FAILURE
org.apache.hadoop.ozone.om.exceptions.OMException: Complete Multipart Upload Failed: volume: f699329f-30df-4cf8-8df5-d5162f2afdc3 bucket: 95560b88-2fa3-45e2-b6b2-fe8af7e6c286 key: 57adc746-3c0a-4858-a6b7-66fcc152317f. Entity too small.
	at org.apache.hadoop.ozone.om.request.s3.multipart.S3MultipartUploadCompleteRequest.getMultipartDataSize(S3MultipartUploadCompleteRequest.java:535) ~[ozone-manager-1.5.0-SNAPSHOT.jar:?]
	at org.apache.hadoop.ozone.om.request.s3.multipart.S3MultipartUploadCompleteRequest.validateAndUpdateCache(S3MultipartUploadCompleteRequest.java:197) ~[ozone-manager-1.5.0-SNAPSHOT.jar:?]
	at org.apache.hadoop.ozone.protocolPB.OzoneManagerRequestHandler.lambda$0(OzoneManagerRequestHandler.java:398) ~[ozone-manager-1.5.0-SNAPSHOT.jar:?]
	at org.apache.hadoop.util.MetricUtil.captureLatencyNs(MetricUtil.java:39) ~[hdds-common-1.5.0-SNAPSHOT.jar:?]
	at org.apache.hadoop.ozone.protocolPB.OzoneManagerRequestHandler.handleWriteRequest(OzoneManagerRequestHandler.java:394) ~[ozone-manager-1.5.0-SNAPSHOT.jar:?]
	at org.apache.hadoop.ozone.om.ratis.OzoneManagerStateMachine.runCommand(OzoneManagerStateMachine.java:582) ~[ozone-manager-1.5.0-SNAPSHOT.jar:?]
	at org.apache.hadoop.ozone.om.ratis.OzoneManagerStateMachine.lambda$1(OzoneManagerStateMachine.java:370) ~[ozone-manager-1.5.0-SNAPSHOT.jar:?]
	at java.util.concurrent.CompletableFuture$AsyncSupply.run(CompletableFuture.java:1604) [?:1.8.0_392]
	at java.util.concurrent.ThreadPoolExecutor.runWorker(ThreadPoolExecutor.java:1149) [?:1.8.0_392]
	at java.util.concurrent.ThreadPoolExecutor$Worker.run(ThreadPoolExecutor.java:624) [?:1.8.0_392]
	at java.lang.Thread.run(Thread.java:750) [?:1.8.0_392]
2023-12-19 18:18:21,794 [om1-OMStateMachineApplyTransactionThread - 0] ERROR multipart.S3MultipartUploadCompleteRequest (S3MultipartUploadCompleteRequest.java:logResult(351)) - MultipartUpload Complete request failed for Key: 57adc746-3c0a-4858-a6b7-66fcc152317f in Volume/Bucket f699329f-30df-4cf8-8df5-d5162f2afdc3/95560b88-2fa3-45e2-b6b2-fe8af7e6c286
ENTITY_TOO_SMALL org.apache.hadoop.ozone.om.exceptions.OMException: Complete Multipart Upload Failed: volume: f699329f-30df-4cf8-8df5-d5162f2afdc3 bucket: 95560b88-2fa3-45e2-b6b2-fe8af7e6c286 key: 57adc746-3c0a-4858-a6b7-66fcc152317f. Entity too small.
	at org.apache.hadoop.ozone.om.request.s3.multipart.S3MultipartUploadCompleteRequest.getMultipartDataSize(S3MultipartUploadCompleteRequest.java:535)
	at org.apache.hadoop.ozone.om.request.s3.multipart.S3MultipartUploadCompleteRequest.validateAndUpdateCache(S3MultipartUploadCompleteRequest.java:197)
	at org.apache.hadoop.ozone.protocolPB.OzoneManagerRequestHandler.lambda$0(OzoneManagerRequestHandler.java:398)
	at org.apache.hadoop.util.MetricUtil.captureLatencyNs(MetricUtil.java:39)
	at org.apache.hadoop.ozone.protocolPB.OzoneManagerRequestHandler.handleWriteRequest(OzoneManagerRequestHandler.java:394)
	at org.apache.hadoop.ozone.om.ratis.OzoneManagerStateMachine.runCommand(OzoneManagerStateMachine.java:582)
	at org.apache.hadoop.ozone.om.ratis.OzoneManagerStateMachine.lambda$1(OzoneManagerStateMachine.java:370)
	at java.util.concurrent.CompletableFuture$AsyncSupply.run(CompletableFuture.java:1604)
	at java.util.concurrent.ThreadPoolExecutor.runWorker(ThreadPoolExecutor.java:1149)
	at java.util.concurrent.ThreadPoolExecutor$Worker.run(ThreadPoolExecutor.java:624)
	at java.lang.Thread.run(Thread.java:750)
]]></system-out>
  </testcase>
  <testcase name="testMultipartUploadWithPartsMisMatchWithIncorrectPartName" classname="org.apache.hadoop.ozone.client.rpc.TestSecureOzoneRpcClient" time="0.019">
    <system-out><![CDATA[2023-12-19 18:18:21,796 [main] INFO  rpc.RpcClient (RpcClient.java:createVolume(456)) - Creating Volume: 045453fb-642c-4f61-ad06-e5a8b8d45431, with runner as owner and space quota set to -1 bytes, counts quota set to -1
2023-12-19 18:18:21,798 [om1-OMStateMachineApplyTransactionThread - 0] INFO  volume.OMVolumeCreateRequest (OMVolumeCreateRequest.java:validateAndUpdateCache(197)) - created volume:045453fb-642c-4f61-ad06-e5a8b8d45431 for user:runner
2023-12-19 18:18:21,799 [main] INFO  rpc.RpcClient (RpcClient.java:createBucket(683)) - Creating Bucket: 045453fb-642c-4f61-ad06-e5a8b8d45431/a397898d-37af-4fcb-9a75-576c515c7bd1, with server-side default bucket layout, runner as owner, Versioning false, Storage Type set to DISK and Encryption set to false, Replication Type set to server-side default replication type, Namespace Quota set to -1, Space Quota set to -1 
2023-12-19 18:18:21,800 [om1-OMStateMachineApplyTransactionThread - 0] INFO  bucket.OMBucketCreateRequest (OMBucketCreateRequest.java:validateAndUpdateCache(295)) - created bucket: a397898d-37af-4fcb-9a75-576c515c7bd1 of layout OBJECT_STORE in volume: 045453fb-642c-4f61-ad06-e5a8b8d45431
2023-12-19 18:18:21,805 [IPC Server handler 17 on default port 15001] WARN  node.SCMNodeManager (SCMNodeManager.java:getNodesByAddress(1440)) - address is null
18:18:21.814 [om1-OMStateMachineApplyTransactionThread - 0] ERROR OMAudit - user=runner | ip=127.0.0.1 | op=COMPLETE_MULTIPART_UPLOAD {volume=045453fb-642c-4f61-ad06-e5a8b8d45431, bucket=a397898d-37af-4fcb-9a75-576c515c7bd1, key=9780904d-b7f0-4429-8fad-c50d5b44fe10, dataSize=0, replicationType=NONE, replicationFactor=ZERO, multipartList=[partNumber: 1 partName: "be0e3802-1ab7-4ab9-bd10-fd936bdfd92f" ]} | ret=FAILURE
org.apache.hadoop.ozone.om.exceptions.OMException: Complete Multipart Upload Failed: volume: 045453fb-642c-4f61-ad06-e5a8b8d45431 bucket: a397898d-37af-4fcb-9a75-576c515c7bd1 key: 9780904d-b7f0-4429-8fad-c50d5b44fe10. Provided Part info is { be0e3802-1ab7-4ab9-bd10-fd936bdfd92f, 1}, whereas OM has partName /045453fb-642c-4f61-ad06-e5a8b8d45431/a397898d-37af-4fcb-9a75-576c515c7bd1/9780904d-b7f0-4429-8fad-c50d5b44fe10-addf0773-efe9-40c7-a55d-cd5a75599f4e-111608456924430590-1
	at org.apache.hadoop.ozone.om.request.s3.multipart.S3MultipartUploadCompleteRequest.getMultipartDataSize(S3MultipartUploadCompleteRequest.java:512) ~[ozone-manager-1.5.0-SNAPSHOT.jar:?]
	at org.apache.hadoop.ozone.om.request.s3.multipart.S3MultipartUploadCompleteRequest.validateAndUpdateCache(S3MultipartUploadCompleteRequest.java:197) ~[ozone-manager-1.5.0-SNAPSHOT.jar:?]
	at org.apache.hadoop.ozone.protocolPB.OzoneManagerRequestHandler.lambda$0(OzoneManagerRequestHandler.java:398) ~[ozone-manager-1.5.0-SNAPSHOT.jar:?]
	at org.apache.hadoop.util.MetricUtil.captureLatencyNs(MetricUtil.java:39) ~[hdds-common-1.5.0-SNAPSHOT.jar:?]
	at org.apache.hadoop.ozone.protocolPB.OzoneManagerRequestHandler.handleWriteRequest(OzoneManagerRequestHandler.java:394) ~[ozone-manager-1.5.0-SNAPSHOT.jar:?]
	at org.apache.hadoop.ozone.om.ratis.OzoneManagerStateMachine.runCommand(OzoneManagerStateMachine.java:582) ~[ozone-manager-1.5.0-SNAPSHOT.jar:?]
	at org.apache.hadoop.ozone.om.ratis.OzoneManagerStateMachine.lambda$1(OzoneManagerStateMachine.java:370) ~[ozone-manager-1.5.0-SNAPSHOT.jar:?]
	at java.util.concurrent.CompletableFuture$AsyncSupply.run(CompletableFuture.java:1604) [?:1.8.0_392]
	at java.util.concurrent.ThreadPoolExecutor.runWorker(ThreadPoolExecutor.java:1149) [?:1.8.0_392]
	at java.util.concurrent.ThreadPoolExecutor$Worker.run(ThreadPoolExecutor.java:624) [?:1.8.0_392]
	at java.lang.Thread.run(Thread.java:750) [?:1.8.0_392]
2023-12-19 18:18:21,814 [om1-OMStateMachineApplyTransactionThread - 0] ERROR multipart.S3MultipartUploadCompleteRequest (S3MultipartUploadCompleteRequest.java:logResult(351)) - MultipartUpload Complete request failed for Key: 9780904d-b7f0-4429-8fad-c50d5b44fe10 in Volume/Bucket 045453fb-642c-4f61-ad06-e5a8b8d45431/a397898d-37af-4fcb-9a75-576c515c7bd1
INVALID_PART org.apache.hadoop.ozone.om.exceptions.OMException: Complete Multipart Upload Failed: volume: 045453fb-642c-4f61-ad06-e5a8b8d45431 bucket: a397898d-37af-4fcb-9a75-576c515c7bd1 key: 9780904d-b7f0-4429-8fad-c50d5b44fe10. Provided Part info is { be0e3802-1ab7-4ab9-bd10-fd936bdfd92f, 1}, whereas OM has partName /045453fb-642c-4f61-ad06-e5a8b8d45431/a397898d-37af-4fcb-9a75-576c515c7bd1/9780904d-b7f0-4429-8fad-c50d5b44fe10-addf0773-efe9-40c7-a55d-cd5a75599f4e-111608456924430590-1
	at org.apache.hadoop.ozone.om.request.s3.multipart.S3MultipartUploadCompleteRequest.getMultipartDataSize(S3MultipartUploadCompleteRequest.java:512)
	at org.apache.hadoop.ozone.om.request.s3.multipart.S3MultipartUploadCompleteRequest.validateAndUpdateCache(S3MultipartUploadCompleteRequest.java:197)
	at org.apache.hadoop.ozone.protocolPB.OzoneManagerRequestHandler.lambda$0(OzoneManagerRequestHandler.java:398)
	at org.apache.hadoop.util.MetricUtil.captureLatencyNs(MetricUtil.java:39)
	at org.apache.hadoop.ozone.protocolPB.OzoneManagerRequestHandler.handleWriteRequest(OzoneManagerRequestHandler.java:394)
	at org.apache.hadoop.ozone.om.ratis.OzoneManagerStateMachine.runCommand(OzoneManagerStateMachine.java:582)
	at org.apache.hadoop.ozone.om.ratis.OzoneManagerStateMachine.lambda$1(OzoneManagerStateMachine.java:370)
	at java.util.concurrent.CompletableFuture$AsyncSupply.run(CompletableFuture.java:1604)
	at java.util.concurrent.ThreadPoolExecutor.runWorker(ThreadPoolExecutor.java:1149)
	at java.util.concurrent.ThreadPoolExecutor$Worker.run(ThreadPoolExecutor.java:624)
	at java.lang.Thread.run(Thread.java:750)
]]></system-out>
  </testcase>
  <testcase name="testMultipartUploadWithPartsMisMatchWithListSizeDifferent" classname="org.apache.hadoop.ozone.client.rpc.TestSecureOzoneRpcClient" time="0.008">
    <system-out><![CDATA[2023-12-19 18:18:21,816 [main] INFO  rpc.RpcClient (RpcClient.java:createVolume(456)) - Creating Volume: 046b23a5-7679-404a-b017-7e799cfb5063, with runner as owner and space quota set to -1 bytes, counts quota set to -1
2023-12-19 18:18:21,817 [om1-OMStateMachineApplyTransactionThread - 0] INFO  volume.OMVolumeCreateRequest (OMVolumeCreateRequest.java:validateAndUpdateCache(197)) - created volume:046b23a5-7679-404a-b017-7e799cfb5063 for user:runner
2023-12-19 18:18:21,818 [main] INFO  rpc.RpcClient (RpcClient.java:createBucket(683)) - Creating Bucket: 046b23a5-7679-404a-b017-7e799cfb5063/7d89c6d9-5952-44d7-937d-bbf1701b84b0, with server-side default bucket layout, runner as owner, Versioning false, Storage Type set to DISK and Encryption set to false, Replication Type set to server-side default replication type, Namespace Quota set to -1, Space Quota set to -1 
2023-12-19 18:18:21,819 [om1-OMStateMachineApplyTransactionThread - 0] INFO  bucket.OMBucketCreateRequest (OMBucketCreateRequest.java:validateAndUpdateCache(295)) - created bucket: 7d89c6d9-5952-44d7-937d-bbf1701b84b0 of layout OBJECT_STORE in volume: 046b23a5-7679-404a-b017-7e799cfb5063
2023-12-19 18:18:21,823 [om1-OMStateMachineApplyTransactionThread - 0] ERROR multipart.S3MultipartUploadCompleteRequest (S3MultipartUploadCompleteRequest.java:validateAndUpdateCache(183)) - Complete MultipartUpload failed for key /046b23a5-7679-404a-b017-7e799cfb5063/7d89c6d9-5952-44d7-937d-bbf1701b84b0/7ab00929-ea88-4635-8a26-9bc031acaaea , MPU Key has no parts in OM, parts given to upload are [partNumber: 1
partName: "3e41a1ec-27b7-4bc2-ae17-7fba90cf89c6"
]
18:18:21.823 [om1-OMStateMachineApplyTransactionThread - 0] ERROR OMAudit - user=runner | ip=127.0.0.1 | op=COMPLETE_MULTIPART_UPLOAD {volume=046b23a5-7679-404a-b017-7e799cfb5063, bucket=7d89c6d9-5952-44d7-937d-bbf1701b84b0, key=7ab00929-ea88-4635-8a26-9bc031acaaea, dataSize=0, replicationType=NONE, replicationFactor=ZERO, multipartList=[partNumber: 1 partName: "3e41a1ec-27b7-4bc2-ae17-7fba90cf89c6" ]} | ret=FAILURE
org.apache.hadoop.ozone.om.exceptions.OMException: Complete Multipart Upload Failed: volume: 046b23a5-7679-404a-b017-7e799cfb5063 bucket: 7d89c6d9-5952-44d7-937d-bbf1701b84b0 key: 7ab00929-ea88-4635-8a26-9bc031acaaea
	at org.apache.hadoop.ozone.om.request.s3.multipart.S3MultipartUploadCompleteRequest.validateAndUpdateCache(S3MultipartUploadCompleteRequest.java:186) ~[ozone-manager-1.5.0-SNAPSHOT.jar:?]
	at org.apache.hadoop.ozone.protocolPB.OzoneManagerRequestHandler.lambda$0(OzoneManagerRequestHandler.java:398) ~[ozone-manager-1.5.0-SNAPSHOT.jar:?]
	at org.apache.hadoop.util.MetricUtil.captureLatencyNs(MetricUtil.java:39) ~[hdds-common-1.5.0-SNAPSHOT.jar:?]
	at org.apache.hadoop.ozone.protocolPB.OzoneManagerRequestHandler.handleWriteRequest(OzoneManagerRequestHandler.java:394) ~[ozone-manager-1.5.0-SNAPSHOT.jar:?]
	at org.apache.hadoop.ozone.om.ratis.OzoneManagerStateMachine.runCommand(OzoneManagerStateMachine.java:582) ~[ozone-manager-1.5.0-SNAPSHOT.jar:?]
	at org.apache.hadoop.ozone.om.ratis.OzoneManagerStateMachine.lambda$1(OzoneManagerStateMachine.java:370) ~[ozone-manager-1.5.0-SNAPSHOT.jar:?]
	at java.util.concurrent.CompletableFuture$AsyncSupply.run(CompletableFuture.java:1604) [?:1.8.0_392]
	at java.util.concurrent.ThreadPoolExecutor.runWorker(ThreadPoolExecutor.java:1149) [?:1.8.0_392]
	at java.util.concurrent.ThreadPoolExecutor$Worker.run(ThreadPoolExecutor.java:624) [?:1.8.0_392]
	at java.lang.Thread.run(Thread.java:750) [?:1.8.0_392]
2023-12-19 18:18:21,823 [om1-OMStateMachineApplyTransactionThread - 0] ERROR multipart.S3MultipartUploadCompleteRequest (S3MultipartUploadCompleteRequest.java:logResult(351)) - MultipartUpload Complete request failed for Key: 7ab00929-ea88-4635-8a26-9bc031acaaea in Volume/Bucket 046b23a5-7679-404a-b017-7e799cfb5063/7d89c6d9-5952-44d7-937d-bbf1701b84b0
INVALID_PART org.apache.hadoop.ozone.om.exceptions.OMException: Complete Multipart Upload Failed: volume: 046b23a5-7679-404a-b017-7e799cfb5063 bucket: 7d89c6d9-5952-44d7-937d-bbf1701b84b0 key: 7ab00929-ea88-4635-8a26-9bc031acaaea
	at org.apache.hadoop.ozone.om.request.s3.multipart.S3MultipartUploadCompleteRequest.validateAndUpdateCache(S3MultipartUploadCompleteRequest.java:186)
	at org.apache.hadoop.ozone.protocolPB.OzoneManagerRequestHandler.lambda$0(OzoneManagerRequestHandler.java:398)
	at org.apache.hadoop.util.MetricUtil.captureLatencyNs(MetricUtil.java:39)
	at org.apache.hadoop.ozone.protocolPB.OzoneManagerRequestHandler.handleWriteRequest(OzoneManagerRequestHandler.java:394)
	at org.apache.hadoop.ozone.om.ratis.OzoneManagerStateMachine.runCommand(OzoneManagerStateMachine.java:582)
	at org.apache.hadoop.ozone.om.ratis.OzoneManagerStateMachine.lambda$1(OzoneManagerStateMachine.java:370)
	at java.util.concurrent.CompletableFuture$AsyncSupply.run(CompletableFuture.java:1604)
	at java.util.concurrent.ThreadPoolExecutor.runWorker(ThreadPoolExecutor.java:1149)
	at java.util.concurrent.ThreadPoolExecutor$Worker.run(ThreadPoolExecutor.java:624)
	at java.lang.Thread.run(Thread.java:750)
]]></system-out>
  </testcase>
  <testcase name="testNativeAclsForBucket" classname="org.apache.hadoop.ozone.client.rpc.TestSecureOzoneRpcClient" time="0.069">
    <system-out><![CDATA[2023-12-19 18:18:21,825 [main] INFO  rpc.RpcClient (RpcClient.java:createVolume(456)) - Creating Volume: aeeb2e31-b67c-4b82-9ee3-dabfca80b423, with runner as owner and space quota set to -1 bytes, counts quota set to -1
2023-12-19 18:18:21,827 [om1-OMStateMachineApplyTransactionThread - 0] INFO  volume.OMVolumeCreateRequest (OMVolumeCreateRequest.java:validateAndUpdateCache(197)) - created volume:aeeb2e31-b67c-4b82-9ee3-dabfca80b423 for user:runner
2023-12-19 18:18:21,828 [main] INFO  rpc.RpcClient (RpcClient.java:createBucket(683)) - Creating Bucket: aeeb2e31-b67c-4b82-9ee3-dabfca80b423/5448b1ed-8bc6-4501-a616-a9ca21007fb0, with server-side default bucket layout, runner as owner, Versioning false, Storage Type set to DISK and Encryption set to false, Replication Type set to server-side default replication type, Namespace Quota set to -1, Space Quota set to -1 
2023-12-19 18:18:21,829 [om1-OMStateMachineApplyTransactionThread - 0] INFO  bucket.OMBucketCreateRequest (OMBucketCreateRequest.java:validateAndUpdateCache(295)) - created bucket: 5448b1ed-8bc6-4501-a616-a9ca21007fb0 of layout OBJECT_STORE in volume: aeeb2e31-b67c-4b82-9ee3-dabfca80b423
2023-12-19 18:18:21,891 [main] INFO  rpc.RpcClient (RpcClient.java:createBucket(683)) - Creating Bucket: aeeb2e31-b67c-4b82-9ee3-dabfca80b423/5448b1ed-8bc6-4501-a616-a9ca21007fb0, with server-side default bucket layout, runner as owner, Versioning false, Storage Type set to DISK and Encryption set to false, Replication Type set to server-side default replication type, Namespace Quota set to -1, Space Quota set to -1 
2023-12-19 18:18:21,892 [om1-OMStateMachineApplyTransactionThread - 0] INFO  bucket.OMBucketCreateRequest (OMBucketCreateRequest.java:validateAndUpdateCache(295)) - created bucket: 5448b1ed-8bc6-4501-a616-a9ca21007fb0 of layout OBJECT_STORE in volume: aeeb2e31-b67c-4b82-9ee3-dabfca80b423
]]></system-out>
  </testcase>
  <testcase name="testNativeAclsForKey" classname="org.apache.hadoop.ozone.client.rpc.TestSecureOzoneRpcClient" time="0.125">
    <system-out><![CDATA[2023-12-19 18:18:21,896 [main] INFO  rpc.RpcClient (RpcClient.java:createVolume(456)) - Creating Volume: 762fec73-6238-4b29-9161-6e6af3e72513, with runner as owner and space quota set to -1 bytes, counts quota set to -1
2023-12-19 18:18:21,897 [om1-OMStateMachineApplyTransactionThread - 0] INFO  volume.OMVolumeCreateRequest (OMVolumeCreateRequest.java:validateAndUpdateCache(197)) - created volume:762fec73-6238-4b29-9161-6e6af3e72513 for user:runner
2023-12-19 18:18:21,898 [main] INFO  rpc.RpcClient (RpcClient.java:createBucket(683)) - Creating Bucket: 762fec73-6238-4b29-9161-6e6af3e72513/b1aae73c-5ba6-4512-bbba-0b4f7e513728, with server-side default bucket layout, runner as owner, Versioning false, Storage Type set to DISK and Encryption set to false, Replication Type set to server-side default replication type, Namespace Quota set to -1, Space Quota set to -1 
2023-12-19 18:18:21,899 [om1-OMStateMachineApplyTransactionThread - 0] INFO  bucket.OMBucketCreateRequest (OMBucketCreateRequest.java:validateAndUpdateCache(295)) - created bucket: b1aae73c-5ba6-4512-bbba-0b4f7e513728 of layout OBJECT_STORE in volume: 762fec73-6238-4b29-9161-6e6af3e72513
2023-12-19 18:18:21,901 [IPC Server handler 10 on default port 15001] WARN  node.SCMNodeManager (SCMNodeManager.java:getNodesByAddress(1440)) - address is null
2023-12-19 18:18:21,911 [IPC Server handler 15 on default port 15001] WARN  node.SCMNodeManager (SCMNodeManager.java:getNodesByAddress(1440)) - address is null
2023-12-19 18:18:21,970 [IPC Server handler 5 on default port 15001] WARN  node.SCMNodeManager (SCMNodeManager.java:getNodesByAddress(1440)) - address is null
2023-12-19 18:18:22,013 [IPC Server handler 1 on default port 15001] WARN  node.SCMNodeManager (SCMNodeManager.java:getNodesByAddress(1440)) - address is null
]]></system-out>
  </testcase>
  <testcase name="testNativeAclsForPrefix" classname="org.apache.hadoop.ozone.client.rpc.TestSecureOzoneRpcClient" time="0.061">
    <system-out><![CDATA[2023-12-19 18:18:22,021 [main] INFO  rpc.RpcClient (RpcClient.java:createVolume(456)) - Creating Volume: 38307d04-269a-4dd4-86e5-62e2bcd54164, with runner as owner and space quota set to -1 bytes, counts quota set to -1
2023-12-19 18:18:22,022 [om1-OMStateMachineApplyTransactionThread - 0] INFO  volume.OMVolumeCreateRequest (OMVolumeCreateRequest.java:validateAndUpdateCache(197)) - created volume:38307d04-269a-4dd4-86e5-62e2bcd54164 for user:runner
2023-12-19 18:18:22,026 [main] INFO  rpc.RpcClient (RpcClient.java:createBucket(683)) - Creating Bucket: 38307d04-269a-4dd4-86e5-62e2bcd54164/1b29abbf-3b06-4817-8730-4871a9bd3ab5, with server-side default bucket layout, runner as owner, Versioning false, Storage Type set to DISK and Encryption set to false, Replication Type set to server-side default replication type, Namespace Quota set to -1, Space Quota set to -1 
2023-12-19 18:18:22,027 [om1-OMStateMachineApplyTransactionThread - 0] INFO  bucket.OMBucketCreateRequest (OMBucketCreateRequest.java:validateAndUpdateCache(295)) - created bucket: 1b29abbf-3b06-4817-8730-4871a9bd3ab5 of layout OBJECT_STORE in volume: 38307d04-269a-4dd4-86e5-62e2bcd54164
2023-12-19 18:18:22,029 [IPC Server handler 7 on default port 15001] WARN  node.SCMNodeManager (SCMNodeManager.java:getNodesByAddress(1440)) - address is null
2023-12-19 18:18:22,036 [IPC Server handler 6 on default port 15001] WARN  node.SCMNodeManager (SCMNodeManager.java:getNodesByAddress(1440)) - address is null
2023-12-19 18:18:22,057 [IPC Server handler 2 on default port 15001] WARN  node.SCMNodeManager (SCMNodeManager.java:getNodesByAddress(1440)) - address is null
2023-12-19 18:18:22,073 [IPC Server handler 4 on default port 15001] WARN  node.SCMNodeManager (SCMNodeManager.java:getNodesByAddress(1440)) - address is null
]]></system-out>
  </testcase>
  <testcase name="testNativeAclsForVolume" classname="org.apache.hadoop.ozone.client.rpc.TestSecureOzoneRpcClient" time="0.042">
    <system-out><![CDATA[2023-12-19 18:18:22,082 [main] INFO  rpc.RpcClient (RpcClient.java:createVolume(456)) - Creating Volume: 286b2f91-4a9a-45d2-8953-a912afac0ac8, with runner as owner and space quota set to -1 bytes, counts quota set to -1
2023-12-19 18:18:22,084 [om1-OMStateMachineApplyTransactionThread - 0] INFO  volume.OMVolumeCreateRequest (OMVolumeCreateRequest.java:validateAndUpdateCache(197)) - created volume:286b2f91-4a9a-45d2-8953-a912afac0ac8 for user:runner
]]></system-out>
  </testcase>
  <testcase name="testNoSuchUploadError" classname="org.apache.hadoop.ozone.client.rpc.TestSecureOzoneRpcClient" time="0.009">
    <system-out><![CDATA[2023-12-19 18:18:22,126 [main] INFO  rpc.RpcClient (RpcClient.java:createVolume(456)) - Creating Volume: 093c901d-b5e9-4740-88cc-15ea77cb7dc0, with runner as owner and space quota set to -1 bytes, counts quota set to -1
2023-12-19 18:18:22,127 [om1-OMStateMachineApplyTransactionThread - 0] INFO  volume.OMVolumeCreateRequest (OMVolumeCreateRequest.java:validateAndUpdateCache(197)) - created volume:093c901d-b5e9-4740-88cc-15ea77cb7dc0 for user:runner
2023-12-19 18:18:22,128 [main] INFO  rpc.RpcClient (RpcClient.java:createBucket(683)) - Creating Bucket: 093c901d-b5e9-4740-88cc-15ea77cb7dc0/e85d3469-dd2d-48c5-b374-08bba7d0c1df, with server-side default bucket layout, runner as owner, Versioning false, Storage Type set to DISK and Encryption set to false, Replication Type set to server-side default replication type, Namespace Quota set to -1, Space Quota set to -1 
2023-12-19 18:18:22,130 [om1-OMStateMachineApplyTransactionThread - 0] INFO  bucket.OMBucketCreateRequest (OMBucketCreateRequest.java:validateAndUpdateCache(295)) - created bucket: e85d3469-dd2d-48c5-b374-08bba7d0c1df of layout OBJECT_STORE in volume: 093c901d-b5e9-4740-88cc-15ea77cb7dc0
18:18:22.133 [om1-OMStateMachineApplyTransactionThread - 0] ERROR OMAudit - user=runner | ip=127.0.0.1 | op=ALLOCATE_KEY {volume=093c901d-b5e9-4740-88cc-15ea77cb7dc0, bucket=e85d3469-dd2d-48c5-b374-08bba7d0c1df, key=082cd588-73b3-4177-8131-91e3e0dd4c2b, dataSize=12, replicationType=NONE, replicationFactor=ZERO} | ret=FAILURE
org.apache.hadoop.ozone.om.exceptions.OMException: No such Multipart upload is with specified uploadId random
	at org.apache.hadoop.ozone.om.request.key.OMKeyRequest.prepareMultipartFileInfo(OMKeyRequest.java:831) ~[ozone-manager-1.5.0-SNAPSHOT.jar:?]
	at org.apache.hadoop.ozone.om.request.key.OMKeyRequest.prepareFileInfo(OMKeyRequest.java:711) ~[ozone-manager-1.5.0-SNAPSHOT.jar:?]
	at org.apache.hadoop.ozone.om.request.key.OMKeyRequest.prepareKeyInfo(OMKeyRequest.java:688) ~[ozone-manager-1.5.0-SNAPSHOT.jar:?]
	at org.apache.hadoop.ozone.om.request.key.OMKeyCreateRequest.validateAndUpdateCache(OMKeyCreateRequest.java:281) ~[ozone-manager-1.5.0-SNAPSHOT.jar:?]
	at org.apache.hadoop.ozone.protocolPB.OzoneManagerRequestHandler.lambda$0(OzoneManagerRequestHandler.java:398) ~[ozone-manager-1.5.0-SNAPSHOT.jar:?]
	at org.apache.hadoop.util.MetricUtil.captureLatencyNs(MetricUtil.java:39) ~[hdds-common-1.5.0-SNAPSHOT.jar:?]
	at org.apache.hadoop.ozone.protocolPB.OzoneManagerRequestHandler.handleWriteRequest(OzoneManagerRequestHandler.java:394) ~[ozone-manager-1.5.0-SNAPSHOT.jar:?]
	at org.apache.hadoop.ozone.om.ratis.OzoneManagerStateMachine.runCommand(OzoneManagerStateMachine.java:582) ~[ozone-manager-1.5.0-SNAPSHOT.jar:?]
	at org.apache.hadoop.ozone.om.ratis.OzoneManagerStateMachine.lambda$1(OzoneManagerStateMachine.java:370) ~[ozone-manager-1.5.0-SNAPSHOT.jar:?]
	at java.util.concurrent.CompletableFuture$AsyncSupply.run(CompletableFuture.java:1604) [?:1.8.0_392]
	at java.util.concurrent.ThreadPoolExecutor.runWorker(ThreadPoolExecutor.java:1149) [?:1.8.0_392]
	at java.util.concurrent.ThreadPoolExecutor$Worker.run(ThreadPoolExecutor.java:624) [?:1.8.0_392]
	at java.lang.Thread.run(Thread.java:750) [?:1.8.0_392]
2023-12-19 18:18:22,134 [om1-OMStateMachineApplyTransactionThread - 0] ERROR key.OMKeyCreateRequest (OMKeyCreateRequest.java:logResult(385)) - Key creation failed. Volume:093c901d-b5e9-4740-88cc-15ea77cb7dc0, Bucket:e85d3469-dd2d-48c5-b374-08bba7d0c1df, Key:082cd588-73b3-4177-8131-91e3e0dd4c2b. 
NO_SUCH_MULTIPART_UPLOAD_ERROR org.apache.hadoop.ozone.om.exceptions.OMException: No such Multipart upload is with specified uploadId random
	at org.apache.hadoop.ozone.om.request.key.OMKeyRequest.prepareMultipartFileInfo(OMKeyRequest.java:831)
	at org.apache.hadoop.ozone.om.request.key.OMKeyRequest.prepareFileInfo(OMKeyRequest.java:711)
	at org.apache.hadoop.ozone.om.request.key.OMKeyRequest.prepareKeyInfo(OMKeyRequest.java:688)
	at org.apache.hadoop.ozone.om.request.key.OMKeyCreateRequest.validateAndUpdateCache(OMKeyCreateRequest.java:281)
	at org.apache.hadoop.ozone.protocolPB.OzoneManagerRequestHandler.lambda$0(OzoneManagerRequestHandler.java:398)
	at org.apache.hadoop.util.MetricUtil.captureLatencyNs(MetricUtil.java:39)
	at org.apache.hadoop.ozone.protocolPB.OzoneManagerRequestHandler.handleWriteRequest(OzoneManagerRequestHandler.java:394)
	at org.apache.hadoop.ozone.om.ratis.OzoneManagerStateMachine.runCommand(OzoneManagerStateMachine.java:582)
	at org.apache.hadoop.ozone.om.ratis.OzoneManagerStateMachine.lambda$1(OzoneManagerStateMachine.java:370)
	at java.util.concurrent.CompletableFuture$AsyncSupply.run(CompletableFuture.java:1604)
	at java.util.concurrent.ThreadPoolExecutor.runWorker(ThreadPoolExecutor.java:1149)
	at java.util.concurrent.ThreadPoolExecutor$Worker.run(ThreadPoolExecutor.java:624)
	at java.lang.Thread.run(Thread.java:750)
]]></system-out>
  </testcase>
  <testcase name="testOMClientProxyProvider" classname="org.apache.hadoop.ozone.client.rpc.TestSecureOzoneRpcClient" time="0.001"/>
  <testcase name="testPutKey" classname="org.apache.hadoop.ozone.client.rpc.TestSecureOzoneRpcClient" time="0.199">
    <system-out><![CDATA[2023-12-19 18:18:22,138 [main] INFO  rpc.RpcClient (RpcClient.java:createVolume(456)) - Creating Volume: 4ecfa77b-faeb-4ff9-a08a-6babbd0e150a, with runner as owner and space quota set to -1 bytes, counts quota set to -1
2023-12-19 18:18:22,139 [om1-OMStateMachineApplyTransactionThread - 0] INFO  volume.OMVolumeCreateRequest (OMVolumeCreateRequest.java:validateAndUpdateCache(197)) - created volume:4ecfa77b-faeb-4ff9-a08a-6babbd0e150a for user:runner
2023-12-19 18:18:22,141 [main] INFO  rpc.RpcClient (RpcClient.java:createBucket(683)) - Creating Bucket: 4ecfa77b-faeb-4ff9-a08a-6babbd0e150a/6f9ff5bb-47d8-4ca4-bd15-6a06ab746b47, with server-side default bucket layout, runner as owner, Versioning false, Storage Type set to DISK and Encryption set to false, Replication Type set to server-side default replication type, Namespace Quota set to -1, Space Quota set to -1 
2023-12-19 18:18:22,142 [om1-OMStateMachineApplyTransactionThread - 0] INFO  bucket.OMBucketCreateRequest (OMBucketCreateRequest.java:validateAndUpdateCache(295)) - created bucket: 6f9ff5bb-47d8-4ca4-bd15-6a06ab746b47 of layout OBJECT_STORE in volume: 4ecfa77b-faeb-4ff9-a08a-6babbd0e150a
2023-12-19 18:18:22,144 [IPC Server handler 13 on default port 15001] WARN  node.SCMNodeManager (SCMNodeManager.java:getNodesByAddress(1440)) - address is null
2023-12-19 18:18:22,153 [IPC Server handler 18 on default port 15001] WARN  node.SCMNodeManager (SCMNodeManager.java:getNodesByAddress(1445)) - Cannot find node for address 127.0.0.1
2023-12-19 18:18:22,154 [IPC Server handler 8 on default port 15001] WARN  node.SCMNodeManager (SCMNodeManager.java:getNodesByAddress(1445)) - Cannot find node for address 127.0.0.1
2023-12-19 18:18:22,159 [IPC Server handler 12 on default port 15001] WARN  node.SCMNodeManager (SCMNodeManager.java:getNodesByAddress(1440)) - address is null
2023-12-19 18:18:22,169 [IPC Server handler 0 on default port 15001] WARN  node.SCMNodeManager (SCMNodeManager.java:getNodesByAddress(1445)) - Cannot find node for address 127.0.0.1
2023-12-19 18:18:22,171 [IPC Server handler 11 on default port 15001] WARN  node.SCMNodeManager (SCMNodeManager.java:getNodesByAddress(1445)) - Cannot find node for address 127.0.0.1
2023-12-19 18:18:22,180 [IPC Server handler 14 on default port 15001] WARN  node.SCMNodeManager (SCMNodeManager.java:getNodesByAddress(1440)) - address is null
2023-12-19 18:18:22,188 [IPC Server handler 16 on default port 15001] WARN  node.SCMNodeManager (SCMNodeManager.java:getNodesByAddress(1445)) - Cannot find node for address 127.0.0.1
2023-12-19 18:18:22,189 [IPC Server handler 3 on default port 15001] WARN  node.SCMNodeManager (SCMNodeManager.java:getNodesByAddress(1445)) - Cannot find node for address 127.0.0.1
2023-12-19 18:18:22,193 [IPC Server handler 19 on default port 15001] WARN  node.SCMNodeManager (SCMNodeManager.java:getNodesByAddress(1440)) - address is null
2023-12-19 18:18:22,204 [IPC Server handler 9 on default port 15001] WARN  node.SCMNodeManager (SCMNodeManager.java:getNodesByAddress(1445)) - Cannot find node for address 127.0.0.1
2023-12-19 18:18:22,205 [IPC Server handler 17 on default port 15001] WARN  node.SCMNodeManager (SCMNodeManager.java:getNodesByAddress(1445)) - Cannot find node for address 127.0.0.1
2023-12-19 18:18:22,212 [IPC Server handler 10 on default port 15001] WARN  node.SCMNodeManager (SCMNodeManager.java:getNodesByAddress(1440)) - address is null
2023-12-19 18:18:22,220 [IPC Server handler 15 on default port 15001] WARN  node.SCMNodeManager (SCMNodeManager.java:getNodesByAddress(1445)) - Cannot find node for address 127.0.0.1
2023-12-19 18:18:22,222 [IPC Server handler 5 on default port 15001] WARN  node.SCMNodeManager (SCMNodeManager.java:getNodesByAddress(1445)) - Cannot find node for address 127.0.0.1
2023-12-19 18:18:22,238 [IPC Server handler 1 on default port 15001] WARN  node.SCMNodeManager (SCMNodeManager.java:getNodesByAddress(1440)) - address is null
2023-12-19 18:18:22,249 [IPC Server handler 7 on default port 15001] WARN  node.SCMNodeManager (SCMNodeManager.java:getNodesByAddress(1445)) - Cannot find node for address 127.0.0.1
2023-12-19 18:18:22,251 [IPC Server handler 6 on default port 15001] WARN  node.SCMNodeManager (SCMNodeManager.java:getNodesByAddress(1445)) - Cannot find node for address 127.0.0.1
2023-12-19 18:18:22,257 [IPC Server handler 2 on default port 15001] WARN  node.SCMNodeManager (SCMNodeManager.java:getNodesByAddress(1440)) - address is null
2023-12-19 18:18:22,278 [IPC Server handler 4 on default port 15001] WARN  node.SCMNodeManager (SCMNodeManager.java:getNodesByAddress(1445)) - Cannot find node for address 127.0.0.1
2023-12-19 18:18:22,279 [IPC Server handler 13 on default port 15001] WARN  node.SCMNodeManager (SCMNodeManager.java:getNodesByAddress(1445)) - Cannot find node for address 127.0.0.1
2023-12-19 18:18:22,286 [IPC Server handler 18 on default port 15001] WARN  node.SCMNodeManager (SCMNodeManager.java:getNodesByAddress(1440)) - address is null
2023-12-19 18:18:22,294 [IPC Server handler 8 on default port 15001] WARN  node.SCMNodeManager (SCMNodeManager.java:getNodesByAddress(1445)) - Cannot find node for address 127.0.0.1
2023-12-19 18:18:22,296 [IPC Server handler 12 on default port 15001] WARN  node.SCMNodeManager (SCMNodeManager.java:getNodesByAddress(1445)) - Cannot find node for address 127.0.0.1
2023-12-19 18:18:22,302 [IPC Server handler 0 on default port 15001] WARN  node.SCMNodeManager (SCMNodeManager.java:getNodesByAddress(1440)) - address is null
2023-12-19 18:18:22,314 [IPC Server handler 11 on default port 15001] WARN  node.SCMNodeManager (SCMNodeManager.java:getNodesByAddress(1445)) - Cannot find node for address 127.0.0.1
2023-12-19 18:18:22,316 [IPC Server handler 14 on default port 15001] WARN  node.SCMNodeManager (SCMNodeManager.java:getNodesByAddress(1445)) - Cannot find node for address 127.0.0.1
2023-12-19 18:18:22,321 [IPC Server handler 16 on default port 15001] WARN  node.SCMNodeManager (SCMNodeManager.java:getNodesByAddress(1440)) - address is null
2023-12-19 18:18:22,329 [IPC Server handler 3 on default port 15001] WARN  node.SCMNodeManager (SCMNodeManager.java:getNodesByAddress(1445)) - Cannot find node for address 127.0.0.1
2023-12-19 18:18:22,331 [IPC Server handler 19 on default port 15001] WARN  node.SCMNodeManager (SCMNodeManager.java:getNodesByAddress(1445)) - Cannot find node for address 127.0.0.1
]]></system-out>
  </testcase>
  <testcase name="testPutKeyRatisOneNode" classname="org.apache.hadoop.ozone.client.rpc.TestSecureOzoneRpcClient" time="0.173">
    <system-out><![CDATA[2023-12-19 18:18:22,337 [main] INFO  rpc.RpcClient (RpcClient.java:createVolume(456)) - Creating Volume: a194c567-c6ad-44fd-a7c0-ea4beee72bf4, with runner as owner and space quota set to -1 bytes, counts quota set to -1
2023-12-19 18:18:22,339 [om1-OMStateMachineApplyTransactionThread - 0] INFO  volume.OMVolumeCreateRequest (OMVolumeCreateRequest.java:validateAndUpdateCache(197)) - created volume:a194c567-c6ad-44fd-a7c0-ea4beee72bf4 for user:runner
2023-12-19 18:18:22,341 [main] INFO  rpc.RpcClient (RpcClient.java:createBucket(683)) - Creating Bucket: a194c567-c6ad-44fd-a7c0-ea4beee72bf4/a869c9b3-9299-42f0-9e16-77002ad80972, with server-side default bucket layout, runner as owner, Versioning false, Storage Type set to DISK and Encryption set to false, Replication Type set to server-side default replication type, Namespace Quota set to -1, Space Quota set to -1 
2023-12-19 18:18:22,343 [om1-OMStateMachineApplyTransactionThread - 0] INFO  bucket.OMBucketCreateRequest (OMBucketCreateRequest.java:validateAndUpdateCache(295)) - created bucket: a869c9b3-9299-42f0-9e16-77002ad80972 of layout OBJECT_STORE in volume: a194c567-c6ad-44fd-a7c0-ea4beee72bf4
2023-12-19 18:18:22,344 [IPC Server handler 9 on default port 15001] WARN  node.SCMNodeManager (SCMNodeManager.java:getNodesByAddress(1440)) - address is null
2023-12-19 18:18:22,353 [IPC Server handler 17 on default port 15001] WARN  node.SCMNodeManager (SCMNodeManager.java:getNodesByAddress(1445)) - Cannot find node for address 127.0.0.1
2023-12-19 18:18:22,354 [IPC Server handler 10 on default port 15001] WARN  node.SCMNodeManager (SCMNodeManager.java:getNodesByAddress(1445)) - Cannot find node for address 127.0.0.1
2023-12-19 18:18:22,360 [IPC Server handler 15 on default port 15001] WARN  node.SCMNodeManager (SCMNodeManager.java:getNodesByAddress(1440)) - address is null
2023-12-19 18:18:22,372 [IPC Server handler 5 on default port 15001] WARN  node.SCMNodeManager (SCMNodeManager.java:getNodesByAddress(1445)) - Cannot find node for address 127.0.0.1
2023-12-19 18:18:22,373 [IPC Server handler 1 on default port 15001] WARN  node.SCMNodeManager (SCMNodeManager.java:getNodesByAddress(1445)) - Cannot find node for address 127.0.0.1
2023-12-19 18:18:22,379 [IPC Server handler 7 on default port 15001] WARN  node.SCMNodeManager (SCMNodeManager.java:getNodesByAddress(1440)) - address is null
2023-12-19 18:18:22,388 [IPC Server handler 6 on default port 15001] WARN  node.SCMNodeManager (SCMNodeManager.java:getNodesByAddress(1445)) - Cannot find node for address 127.0.0.1
2023-12-19 18:18:22,390 [IPC Server handler 2 on default port 15001] WARN  node.SCMNodeManager (SCMNodeManager.java:getNodesByAddress(1445)) - Cannot find node for address 127.0.0.1
2023-12-19 18:18:22,395 [IPC Server handler 4 on default port 15001] WARN  node.SCMNodeManager (SCMNodeManager.java:getNodesByAddress(1440)) - address is null
2023-12-19 18:18:22,403 [IPC Server handler 13 on default port 15001] WARN  node.SCMNodeManager (SCMNodeManager.java:getNodesByAddress(1445)) - Cannot find node for address 127.0.0.1
2023-12-19 18:18:22,408 [IPC Server handler 18 on default port 15001] WARN  node.SCMNodeManager (SCMNodeManager.java:getNodesByAddress(1445)) - Cannot find node for address 127.0.0.1
2023-12-19 18:18:22,413 [IPC Server handler 8 on default port 15001] WARN  node.SCMNodeManager (SCMNodeManager.java:getNodesByAddress(1440)) - address is null
2023-12-19 18:18:22,419 [IPC Server handler 12 on default port 15001] WARN  node.SCMNodeManager (SCMNodeManager.java:getNodesByAddress(1445)) - Cannot find node for address 127.0.0.1
2023-12-19 18:18:22,421 [IPC Server handler 0 on default port 15001] WARN  node.SCMNodeManager (SCMNodeManager.java:getNodesByAddress(1445)) - Cannot find node for address 127.0.0.1
2023-12-19 18:18:22,426 [IPC Server handler 11 on default port 15001] WARN  node.SCMNodeManager (SCMNodeManager.java:getNodesByAddress(1440)) - address is null
2023-12-19 18:18:22,436 [IPC Server handler 14 on default port 15001] WARN  node.SCMNodeManager (SCMNodeManager.java:getNodesByAddress(1445)) - Cannot find node for address 127.0.0.1
2023-12-19 18:18:22,438 [IPC Server handler 16 on default port 15001] WARN  node.SCMNodeManager (SCMNodeManager.java:getNodesByAddress(1445)) - Cannot find node for address 127.0.0.1
2023-12-19 18:18:22,446 [IPC Server handler 3 on default port 15001] WARN  node.SCMNodeManager (SCMNodeManager.java:getNodesByAddress(1440)) - address is null
2023-12-19 18:18:22,457 [IPC Server handler 19 on default port 15001] WARN  node.SCMNodeManager (SCMNodeManager.java:getNodesByAddress(1445)) - Cannot find node for address 127.0.0.1
2023-12-19 18:18:22,459 [IPC Server handler 9 on default port 15001] WARN  node.SCMNodeManager (SCMNodeManager.java:getNodesByAddress(1445)) - Cannot find node for address 127.0.0.1
2023-12-19 18:18:22,464 [IPC Server handler 17 on default port 15001] WARN  node.SCMNodeManager (SCMNodeManager.java:getNodesByAddress(1440)) - address is null
2023-12-19 18:18:22,472 [IPC Server handler 10 on default port 15001] WARN  node.SCMNodeManager (SCMNodeManager.java:getNodesByAddress(1445)) - Cannot find node for address 127.0.0.1
2023-12-19 18:18:22,473 [IPC Server handler 15 on default port 15001] WARN  node.SCMNodeManager (SCMNodeManager.java:getNodesByAddress(1445)) - Cannot find node for address 127.0.0.1
2023-12-19 18:18:22,479 [IPC Server handler 5 on default port 15001] WARN  node.SCMNodeManager (SCMNodeManager.java:getNodesByAddress(1440)) - address is null
2023-12-19 18:18:22,487 [IPC Server handler 1 on default port 15001] WARN  node.SCMNodeManager (SCMNodeManager.java:getNodesByAddress(1445)) - Cannot find node for address 127.0.0.1
2023-12-19 18:18:22,489 [IPC Server handler 7 on default port 15001] WARN  node.SCMNodeManager (SCMNodeManager.java:getNodesByAddress(1445)) - Cannot find node for address 127.0.0.1
2023-12-19 18:18:22,495 [IPC Server handler 6 on default port 15001] WARN  node.SCMNodeManager (SCMNodeManager.java:getNodesByAddress(1440)) - address is null
2023-12-19 18:18:22,503 [IPC Server handler 2 on default port 15001] WARN  node.SCMNodeManager (SCMNodeManager.java:getNodesByAddress(1445)) - Cannot find node for address 127.0.0.1
2023-12-19 18:18:22,505 [IPC Server handler 4 on default port 15001] WARN  node.SCMNodeManager (SCMNodeManager.java:getNodesByAddress(1445)) - Cannot find node for address 127.0.0.1
]]></system-out>
  </testcase>
  <testcase name="testPutKeyRatisThreeNodes" classname="org.apache.hadoop.ozone.client.rpc.TestSecureOzoneRpcClient" time="0.217">
    <system-out><![CDATA[2023-12-19 18:18:22,513 [main] INFO  rpc.RpcClient (RpcClient.java:createVolume(456)) - Creating Volume: c95838c1-ce66-477c-ae4e-daca2311ef6f, with runner as owner and space quota set to -1 bytes, counts quota set to -1
2023-12-19 18:18:22,515 [om1-OMStateMachineApplyTransactionThread - 0] INFO  volume.OMVolumeCreateRequest (OMVolumeCreateRequest.java:validateAndUpdateCache(197)) - created volume:c95838c1-ce66-477c-ae4e-daca2311ef6f for user:runner
2023-12-19 18:18:22,516 [main] INFO  rpc.RpcClient (RpcClient.java:createBucket(683)) - Creating Bucket: c95838c1-ce66-477c-ae4e-daca2311ef6f/440a72cc-8bb2-4a0a-a79e-1478ffaf0d78, with server-side default bucket layout, runner as owner, Versioning false, Storage Type set to DISK and Encryption set to false, Replication Type set to server-side default replication type, Namespace Quota set to -1, Space Quota set to -1 
2023-12-19 18:18:22,517 [om1-OMStateMachineApplyTransactionThread - 0] INFO  bucket.OMBucketCreateRequest (OMBucketCreateRequest.java:validateAndUpdateCache(295)) - created bucket: 440a72cc-8bb2-4a0a-a79e-1478ffaf0d78 of layout OBJECT_STORE in volume: c95838c1-ce66-477c-ae4e-daca2311ef6f
2023-12-19 18:18:22,520 [IPC Server handler 13 on default port 15001] WARN  node.SCMNodeManager (SCMNodeManager.java:getNodesByAddress(1440)) - address is null
2023-12-19 18:18:22,533 [IPC Server handler 18 on default port 15001] WARN  node.SCMNodeManager (SCMNodeManager.java:getNodesByAddress(1445)) - Cannot find node for address 127.0.0.1
2023-12-19 18:18:22,535 [IPC Server handler 8 on default port 15001] WARN  node.SCMNodeManager (SCMNodeManager.java:getNodesByAddress(1445)) - Cannot find node for address 127.0.0.1
2023-12-19 18:18:22,544 [IPC Server handler 12 on default port 15001] WARN  node.SCMNodeManager (SCMNodeManager.java:getNodesByAddress(1440)) - address is null
2023-12-19 18:18:22,555 [IPC Server handler 0 on default port 15001] WARN  node.SCMNodeManager (SCMNodeManager.java:getNodesByAddress(1445)) - Cannot find node for address 127.0.0.1
2023-12-19 18:18:22,557 [IPC Server handler 11 on default port 15001] WARN  node.SCMNodeManager (SCMNodeManager.java:getNodesByAddress(1445)) - Cannot find node for address 127.0.0.1
2023-12-19 18:18:22,566 [IPC Server handler 14 on default port 15001] WARN  node.SCMNodeManager (SCMNodeManager.java:getNodesByAddress(1440)) - address is null
2023-12-19 18:18:22,580 [IPC Server handler 16 on default port 15001] WARN  node.SCMNodeManager (SCMNodeManager.java:getNodesByAddress(1445)) - Cannot find node for address 127.0.0.1
2023-12-19 18:18:22,582 [IPC Server handler 3 on default port 15001] WARN  node.SCMNodeManager (SCMNodeManager.java:getNodesByAddress(1445)) - Cannot find node for address 127.0.0.1
2023-12-19 18:18:22,590 [IPC Server handler 19 on default port 15001] WARN  node.SCMNodeManager (SCMNodeManager.java:getNodesByAddress(1440)) - address is null
2023-12-19 18:18:22,604 [IPC Server handler 9 on default port 15001] WARN  node.SCMNodeManager (SCMNodeManager.java:getNodesByAddress(1445)) - Cannot find node for address 127.0.0.1
2023-12-19 18:18:22,606 [IPC Server handler 17 on default port 15001] WARN  node.SCMNodeManager (SCMNodeManager.java:getNodesByAddress(1445)) - Cannot find node for address 127.0.0.1
2023-12-19 18:18:22,611 [IPC Server handler 10 on default port 15001] WARN  node.SCMNodeManager (SCMNodeManager.java:getNodesByAddress(1440)) - address is null
2023-12-19 18:18:22,622 [IPC Server handler 15 on default port 15001] WARN  node.SCMNodeManager (SCMNodeManager.java:getNodesByAddress(1445)) - Cannot find node for address 127.0.0.1
2023-12-19 18:18:22,623 [IPC Server handler 5 on default port 15001] WARN  node.SCMNodeManager (SCMNodeManager.java:getNodesByAddress(1445)) - Cannot find node for address 127.0.0.1
2023-12-19 18:18:22,629 [IPC Server handler 1 on default port 15001] WARN  node.SCMNodeManager (SCMNodeManager.java:getNodesByAddress(1440)) - address is null
2023-12-19 18:18:22,640 [IPC Server handler 7 on default port 15001] WARN  node.SCMNodeManager (SCMNodeManager.java:getNodesByAddress(1445)) - Cannot find node for address 127.0.0.1
2023-12-19 18:18:22,642 [IPC Server handler 6 on default port 15001] WARN  node.SCMNodeManager (SCMNodeManager.java:getNodesByAddress(1445)) - Cannot find node for address 127.0.0.1
2023-12-19 18:18:22,651 [IPC Server handler 2 on default port 15001] WARN  node.SCMNodeManager (SCMNodeManager.java:getNodesByAddress(1440)) - address is null
2023-12-19 18:18:22,662 [IPC Server handler 4 on default port 15001] WARN  node.SCMNodeManager (SCMNodeManager.java:getNodesByAddress(1445)) - Cannot find node for address 127.0.0.1
2023-12-19 18:18:22,664 [IPC Server handler 13 on default port 15001] WARN  node.SCMNodeManager (SCMNodeManager.java:getNodesByAddress(1445)) - Cannot find node for address 127.0.0.1
2023-12-19 18:18:22,669 [IPC Server handler 18 on default port 15001] WARN  node.SCMNodeManager (SCMNodeManager.java:getNodesByAddress(1440)) - address is null
2023-12-19 18:18:22,682 [IPC Server handler 8 on default port 15001] WARN  node.SCMNodeManager (SCMNodeManager.java:getNodesByAddress(1445)) - Cannot find node for address 127.0.0.1
2023-12-19 18:18:22,684 [IPC Server handler 12 on default port 15001] WARN  node.SCMNodeManager (SCMNodeManager.java:getNodesByAddress(1445)) - Cannot find node for address 127.0.0.1
2023-12-19 18:18:22,690 [IPC Server handler 0 on default port 15001] WARN  node.SCMNodeManager (SCMNodeManager.java:getNodesByAddress(1440)) - address is null
2023-12-19 18:18:22,702 [IPC Server handler 11 on default port 15001] WARN  node.SCMNodeManager (SCMNodeManager.java:getNodesByAddress(1445)) - Cannot find node for address 127.0.0.1
2023-12-19 18:18:22,705 [IPC Server handler 14 on default port 15001] WARN  node.SCMNodeManager (SCMNodeManager.java:getNodesByAddress(1445)) - Cannot find node for address 127.0.0.1
2023-12-19 18:18:22,711 [IPC Server handler 16 on default port 15001] WARN  node.SCMNodeManager (SCMNodeManager.java:getNodesByAddress(1440)) - address is null
2023-12-19 18:18:22,722 [IPC Server handler 3 on default port 15001] WARN  node.SCMNodeManager (SCMNodeManager.java:getNodesByAddress(1445)) - Cannot find node for address 127.0.0.1
2023-12-19 18:18:22,724 [IPC Server handler 19 on default port 15001] WARN  node.SCMNodeManager (SCMNodeManager.java:getNodesByAddress(1445)) - Cannot find node for address 127.0.0.1
]]></system-out>
  </testcase>
  <testcase name="testPutKeyRatisThreeNodesParallel" classname="org.apache.hadoop.ozone.client.rpc.TestSecureOzoneRpcClient" time="2.546">
    <system-out><![CDATA[2023-12-19 18:18:22,731 [main] INFO  rpc.RpcClient (RpcClient.java:createVolume(456)) - Creating Volume: affdf707-496e-4812-b4a8-9265b5e1e04f, with runner as owner and space quota set to -1 bytes, counts quota set to -1
2023-12-19 18:18:22,733 [om1-OMStateMachineApplyTransactionThread - 0] INFO  volume.OMVolumeCreateRequest (OMVolumeCreateRequest.java:validateAndUpdateCache(197)) - created volume:affdf707-496e-4812-b4a8-9265b5e1e04f for user:runner
2023-12-19 18:18:22,735 [main] INFO  rpc.RpcClient (RpcClient.java:createBucket(683)) - Creating Bucket: affdf707-496e-4812-b4a8-9265b5e1e04f/986e6dd0-2528-44d2-9729-63f99eaf0e43, with server-side default bucket layout, runner as owner, Versioning false, Storage Type set to DISK and Encryption set to false, Replication Type set to server-side default replication type, Namespace Quota set to -1, Space Quota set to -1 
2023-12-19 18:18:22,736 [om1-OMStateMachineApplyTransactionThread - 0] INFO  bucket.OMBucketCreateRequest (OMBucketCreateRequest.java:validateAndUpdateCache(295)) - created bucket: 986e6dd0-2528-44d2-9729-63f99eaf0e43 of layout OBJECT_STORE in volume: affdf707-496e-4812-b4a8-9265b5e1e04f
2023-12-19 18:18:22,839 [IPC Server handler 9 on default port 15001] WARN  node.SCMNodeManager (SCMNodeManager.java:getNodesByAddress(1440)) - address is null
2023-12-19 18:18:22,839 [IPC Server handler 9 on default port 15001] WARN  node.SCMNodeManager (SCMNodeManager.java:getNodesByAddress(1440)) - address is null
2023-12-19 18:18:22,839 [IPC Server handler 9 on default port 15001] WARN  node.SCMNodeManager (SCMNodeManager.java:getNodesByAddress(1440)) - address is null
2023-12-19 18:18:22,839 [IPC Server handler 9 on default port 15001] WARN  node.SCMNodeManager (SCMNodeManager.java:getNodesByAddress(1440)) - address is null
2023-12-19 18:18:22,841 [IPC Server handler 17 on default port 15001] WARN  node.SCMNodeManager (SCMNodeManager.java:getNodesByAddress(1440)) - address is null
2023-12-19 18:18:22,841 [IPC Server handler 17 on default port 15001] WARN  node.SCMNodeManager (SCMNodeManager.java:getNodesByAddress(1440)) - address is null
2023-12-19 18:18:22,841 [IPC Server handler 17 on default port 15001] WARN  node.SCMNodeManager (SCMNodeManager.java:getNodesByAddress(1440)) - address is null
2023-12-19 18:18:22,841 [IPC Server handler 17 on default port 15001] WARN  node.SCMNodeManager (SCMNodeManager.java:getNodesByAddress(1440)) - address is null
2023-12-19 18:18:23,106 [IPC Server handler 10 on default port 15001] WARN  node.SCMNodeManager (SCMNodeManager.java:getNodesByAddress(1445)) - Cannot find node for address 127.0.0.1
2023-12-19 18:18:23,106 [IPC Server handler 15 on default port 15001] WARN  node.SCMNodeManager (SCMNodeManager.java:getNodesByAddress(1445)) - Cannot find node for address 127.0.0.1
2023-12-19 18:18:23,107 [IPC Server handler 5 on default port 15001] WARN  node.SCMNodeManager (SCMNodeManager.java:getNodesByAddress(1445)) - Cannot find node for address 127.0.0.1
2023-12-19 18:18:23,110 [IPC Server handler 1 on default port 15001] WARN  node.SCMNodeManager (SCMNodeManager.java:getNodesByAddress(1445)) - Cannot find node for address 127.0.0.1
2023-12-19 18:18:23,111 [IPC Server handler 7 on default port 15001] WARN  node.SCMNodeManager (SCMNodeManager.java:getNodesByAddress(1445)) - Cannot find node for address 127.0.0.1
2023-12-19 18:18:23,111 [IPC Server handler 6 on default port 15001] WARN  node.SCMNodeManager (SCMNodeManager.java:getNodesByAddress(1445)) - Cannot find node for address 127.0.0.1
2023-12-19 18:18:23,137 [IPC Server handler 2 on default port 15001] WARN  node.SCMNodeManager (SCMNodeManager.java:getNodesByAddress(1445)) - Cannot find node for address 127.0.0.1
2023-12-19 18:18:23,138 [IPC Server handler 4 on default port 15001] WARN  node.SCMNodeManager (SCMNodeManager.java:getNodesByAddress(1445)) - Cannot find node for address 127.0.0.1
2023-12-19 18:18:23,141 [IPC Server handler 13 on default port 15001] WARN  node.SCMNodeManager (SCMNodeManager.java:getNodesByAddress(1445)) - Cannot find node for address 127.0.0.1
2023-12-19 18:18:23,142 [IPC Server handler 18 on default port 15001] WARN  node.SCMNodeManager (SCMNodeManager.java:getNodesByAddress(1445)) - Cannot find node for address 127.0.0.1
2023-12-19 18:18:23,317 [IPC Server handler 8 on default port 15001] WARN  node.SCMNodeManager (SCMNodeManager.java:getNodesByAddress(1440)) - address is null
2023-12-19 18:18:23,318 [IPC Server handler 8 on default port 15001] WARN  node.SCMNodeManager (SCMNodeManager.java:getNodesByAddress(1440)) - address is null
2023-12-19 18:18:23,318 [IPC Server handler 8 on default port 15001] WARN  node.SCMNodeManager (SCMNodeManager.java:getNodesByAddress(1440)) - address is null
2023-12-19 18:18:23,318 [IPC Server handler 8 on default port 15001] WARN  node.SCMNodeManager (SCMNodeManager.java:getNodesByAddress(1440)) - address is null
2023-12-19 18:18:23,323 [IPC Server handler 12 on default port 15001] WARN  node.SCMNodeManager (SCMNodeManager.java:getNodesByAddress(1440)) - address is null
2023-12-19 18:18:23,324 [IPC Server handler 12 on default port 15001] WARN  node.SCMNodeManager (SCMNodeManager.java:getNodesByAddress(1440)) - address is null
2023-12-19 18:18:23,324 [IPC Server handler 12 on default port 15001] WARN  node.SCMNodeManager (SCMNodeManager.java:getNodesByAddress(1440)) - address is null
2023-12-19 18:18:23,324 [IPC Server handler 12 on default port 15001] WARN  node.SCMNodeManager (SCMNodeManager.java:getNodesByAddress(1440)) - address is null
2023-12-19 18:18:23,673 [IPC Server handler 0 on default port 15001] WARN  node.SCMNodeManager (SCMNodeManager.java:getNodesByAddress(1445)) - Cannot find node for address 127.0.0.1
2023-12-19 18:18:23,673 [IPC Server handler 11 on default port 15001] WARN  node.SCMNodeManager (SCMNodeManager.java:getNodesByAddress(1445)) - Cannot find node for address 127.0.0.1
2023-12-19 18:18:23,673 [IPC Server handler 14 on default port 15001] WARN  node.SCMNodeManager (SCMNodeManager.java:getNodesByAddress(1445)) - Cannot find node for address 127.0.0.1
2023-12-19 18:18:23,674 [IPC Server handler 14 on default port 15001] WARN  node.SCMNodeManager (SCMNodeManager.java:getNodesByAddress(1445)) - Cannot find node for address 127.0.0.1
2023-12-19 18:18:23,675 [IPC Server handler 3 on default port 15001] WARN  node.SCMNodeManager (SCMNodeManager.java:getNodesByAddress(1445)) - Cannot find node for address 127.0.0.1
2023-12-19 18:18:23,676 [IPC Server handler 19 on default port 15001] WARN  node.SCMNodeManager (SCMNodeManager.java:getNodesByAddress(1445)) - Cannot find node for address 127.0.0.1
2023-12-19 18:18:23,677 [IPC Server handler 9 on default port 15001] WARN  node.SCMNodeManager (SCMNodeManager.java:getNodesByAddress(1445)) - Cannot find node for address 127.0.0.1
2023-12-19 18:18:23,677 [IPC Server handler 17 on default port 15001] WARN  node.SCMNodeManager (SCMNodeManager.java:getNodesByAddress(1445)) - Cannot find node for address 127.0.0.1
2023-12-19 18:18:23,863 [IPC Server handler 10 on default port 15001] WARN  node.SCMNodeManager (SCMNodeManager.java:getNodesByAddress(1440)) - address is null
2023-12-19 18:18:23,863 [IPC Server handler 10 on default port 15001] WARN  node.SCMNodeManager (SCMNodeManager.java:getNodesByAddress(1440)) - address is null
2023-12-19 18:18:23,863 [IPC Server handler 10 on default port 15001] WARN  node.SCMNodeManager (SCMNodeManager.java:getNodesByAddress(1440)) - address is null
2023-12-19 18:18:23,863 [IPC Server handler 10 on default port 15001] WARN  node.SCMNodeManager (SCMNodeManager.java:getNodesByAddress(1440)) - address is null
2023-12-19 18:18:23,870 [IPC Server handler 15 on default port 15001] WARN  node.SCMNodeManager (SCMNodeManager.java:getNodesByAddress(1440)) - address is null
2023-12-19 18:18:23,870 [IPC Server handler 15 on default port 15001] WARN  node.SCMNodeManager (SCMNodeManager.java:getNodesByAddress(1440)) - address is null
2023-12-19 18:18:23,870 [IPC Server handler 15 on default port 15001] WARN  node.SCMNodeManager (SCMNodeManager.java:getNodesByAddress(1440)) - address is null
2023-12-19 18:18:23,870 [IPC Server handler 15 on default port 15001] WARN  node.SCMNodeManager (SCMNodeManager.java:getNodesByAddress(1440)) - address is null
2023-12-19 18:18:24,108 [IPC Server handler 1 on default port 15001] WARN  node.SCMNodeManager (SCMNodeManager.java:getNodesByAddress(1445)) - Cannot find node for address 127.0.0.1
2023-12-19 18:18:24,108 [IPC Server handler 7 on default port 15001] WARN  node.SCMNodeManager (SCMNodeManager.java:getNodesByAddress(1445)) - Cannot find node for address 127.0.0.1
2023-12-19 18:18:24,111 [IPC Server handler 6 on default port 15001] WARN  node.SCMNodeManager (SCMNodeManager.java:getNodesByAddress(1445)) - Cannot find node for address 127.0.0.1
2023-12-19 18:18:24,111 [IPC Server handler 2 on default port 15001] WARN  node.SCMNodeManager (SCMNodeManager.java:getNodesByAddress(1445)) - Cannot find node for address 127.0.0.1
2023-12-19 18:18:24,111 [IPC Server handler 4 on default port 15001] WARN  node.SCMNodeManager (SCMNodeManager.java:getNodesByAddress(1445)) - Cannot find node for address 127.0.0.1
2023-12-19 18:18:24,113 [IPC Server handler 13 on default port 15001] WARN  node.SCMNodeManager (SCMNodeManager.java:getNodesByAddress(1445)) - Cannot find node for address 127.0.0.1
2023-12-19 18:18:24,114 [IPC Server handler 18 on default port 15001] WARN  node.SCMNodeManager (SCMNodeManager.java:getNodesByAddress(1445)) - Cannot find node for address 127.0.0.1
2023-12-19 18:18:24,114 [IPC Server handler 8 on default port 15001] WARN  node.SCMNodeManager (SCMNodeManager.java:getNodesByAddress(1445)) - Cannot find node for address 127.0.0.1
2023-12-19 18:18:24,115 [IPC Server handler 12 on default port 15001] WARN  node.SCMNodeManager (SCMNodeManager.java:getNodesByAddress(1445)) - Cannot find node for address 127.0.0.1
2023-12-19 18:18:24,116 [IPC Server handler 0 on default port 15001] WARN  node.SCMNodeManager (SCMNodeManager.java:getNodesByAddress(1445)) - Cannot find node for address 127.0.0.1
2023-12-19 18:18:24,309 [IPC Server handler 11 on default port 15001] WARN  node.SCMNodeManager (SCMNodeManager.java:getNodesByAddress(1440)) - address is null
2023-12-19 18:18:24,309 [IPC Server handler 11 on default port 15001] WARN  node.SCMNodeManager (SCMNodeManager.java:getNodesByAddress(1440)) - address is null
2023-12-19 18:18:24,309 [IPC Server handler 11 on default port 15001] WARN  node.SCMNodeManager (SCMNodeManager.java:getNodesByAddress(1440)) - address is null
2023-12-19 18:18:24,309 [IPC Server handler 11 on default port 15001] WARN  node.SCMNodeManager (SCMNodeManager.java:getNodesByAddress(1440)) - address is null
2023-12-19 18:18:24,348 [IPC Server handler 14 on default port 15001] WARN  node.SCMNodeManager (SCMNodeManager.java:getNodesByAddress(1440)) - address is null
2023-12-19 18:18:24,348 [IPC Server handler 14 on default port 15001] WARN  node.SCMNodeManager (SCMNodeManager.java:getNodesByAddress(1440)) - address is null
2023-12-19 18:18:24,348 [IPC Server handler 14 on default port 15001] WARN  node.SCMNodeManager (SCMNodeManager.java:getNodesByAddress(1440)) - address is null
2023-12-19 18:18:24,348 [IPC Server handler 14 on default port 15001] WARN  node.SCMNodeManager (SCMNodeManager.java:getNodesByAddress(1440)) - address is null
2023-12-19 18:18:24,719 [IPC Server handler 10 on default port 15001] WARN  node.SCMNodeManager (SCMNodeManager.java:getNodesByAddress(1445)) - Cannot find node for address 127.0.0.1
2023-12-19 18:18:24,721 [IPC Server handler 15 on default port 15001] WARN  node.SCMNodeManager (SCMNodeManager.java:getNodesByAddress(1445)) - Cannot find node for address 127.0.0.1
2023-12-19 18:18:24,721 [IPC Server handler 5 on default port 15001] WARN  node.SCMNodeManager (SCMNodeManager.java:getNodesByAddress(1445)) - Cannot find node for address 127.0.0.1
2023-12-19 18:18:24,725 [IPC Server handler 1 on default port 15001] WARN  node.SCMNodeManager (SCMNodeManager.java:getNodesByAddress(1445)) - Cannot find node for address 127.0.0.1
2023-12-19 18:18:24,726 [IPC Server handler 7 on default port 15001] WARN  node.SCMNodeManager (SCMNodeManager.java:getNodesByAddress(1445)) - Cannot find node for address 127.0.0.1
2023-12-19 18:18:24,727 [IPC Server handler 6 on default port 15001] WARN  node.SCMNodeManager (SCMNodeManager.java:getNodesByAddress(1445)) - Cannot find node for address 127.0.0.1
2023-12-19 18:18:24,772 [IPC Server handler 2 on default port 15001] WARN  node.SCMNodeManager (SCMNodeManager.java:getNodesByAddress(1445)) - Cannot find node for address 127.0.0.1
2023-12-19 18:18:24,773 [IPC Server handler 4 on default port 15001] WARN  node.SCMNodeManager (SCMNodeManager.java:getNodesByAddress(1445)) - Cannot find node for address 127.0.0.1
2023-12-19 18:18:24,775 [IPC Server handler 13 on default port 15001] WARN  node.SCMNodeManager (SCMNodeManager.java:getNodesByAddress(1445)) - Cannot find node for address 127.0.0.1
2023-12-19 18:18:24,776 [IPC Server handler 18 on default port 15001] WARN  node.SCMNodeManager (SCMNodeManager.java:getNodesByAddress(1445)) - Cannot find node for address 127.0.0.1
2023-12-19 18:18:24,938 [IPC Server handler 8 on default port 15001] WARN  node.SCMNodeManager (SCMNodeManager.java:getNodesByAddress(1440)) - address is null
2023-12-19 18:18:24,939 [IPC Server handler 8 on default port 15001] WARN  node.SCMNodeManager (SCMNodeManager.java:getNodesByAddress(1440)) - address is null
2023-12-19 18:18:24,939 [IPC Server handler 8 on default port 15001] WARN  node.SCMNodeManager (SCMNodeManager.java:getNodesByAddress(1440)) - address is null
2023-12-19 18:18:24,939 [IPC Server handler 8 on default port 15001] WARN  node.SCMNodeManager (SCMNodeManager.java:getNodesByAddress(1440)) - address is null
2023-12-19 18:18:24,962 [IPC Server handler 12 on default port 15001] WARN  node.SCMNodeManager (SCMNodeManager.java:getNodesByAddress(1440)) - address is null
2023-12-19 18:18:24,962 [IPC Server handler 12 on default port 15001] WARN  node.SCMNodeManager (SCMNodeManager.java:getNodesByAddress(1440)) - address is null
2023-12-19 18:18:24,963 [IPC Server handler 12 on default port 15001] WARN  node.SCMNodeManager (SCMNodeManager.java:getNodesByAddress(1440)) - address is null
2023-12-19 18:18:24,963 [IPC Server handler 12 on default port 15001] WARN  node.SCMNodeManager (SCMNodeManager.java:getNodesByAddress(1440)) - address is null
2023-12-19 18:18:25,164 [IPC Server handler 11 on default port 15001] WARN  node.SCMNodeManager (SCMNodeManager.java:getNodesByAddress(1445)) - Cannot find node for address 127.0.0.1
2023-12-19 18:18:25,164 [IPC Server handler 14 on default port 15001] WARN  node.SCMNodeManager (SCMNodeManager.java:getNodesByAddress(1445)) - Cannot find node for address 127.0.0.1
2023-12-19 18:18:25,165 [IPC Server handler 3 on default port 15001] WARN  node.SCMNodeManager (SCMNodeManager.java:getNodesByAddress(1445)) - Cannot find node for address 127.0.0.1
2023-12-19 18:18:25,167 [IPC Server handler 19 on default port 15001] WARN  node.SCMNodeManager (SCMNodeManager.java:getNodesByAddress(1445)) - Cannot find node for address 127.0.0.1
2023-12-19 18:18:25,167 [IPC Server handler 9 on default port 15001] WARN  node.SCMNodeManager (SCMNodeManager.java:getNodesByAddress(1445)) - Cannot find node for address 127.0.0.1
2023-12-19 18:18:25,167 [IPC Server handler 17 on default port 15001] WARN  node.SCMNodeManager (SCMNodeManager.java:getNodesByAddress(1445)) - Cannot find node for address 127.0.0.1
2023-12-19 18:18:25,185 [IPC Server handler 16 on default port 15001] WARN  node.SCMNodeManager (SCMNodeManager.java:getNodesByAddress(1445)) - Cannot find node for address 127.0.0.1
2023-12-19 18:18:25,185 [IPC Server handler 10 on default port 15001] WARN  node.SCMNodeManager (SCMNodeManager.java:getNodesByAddress(1445)) - Cannot find node for address 127.0.0.1
2023-12-19 18:18:25,186 [IPC Server handler 15 on default port 15001] WARN  node.SCMNodeManager (SCMNodeManager.java:getNodesByAddress(1445)) - Cannot find node for address 127.0.0.1
2023-12-19 18:18:25,188 [IPC Server handler 5 on default port 15001] WARN  node.SCMNodeManager (SCMNodeManager.java:getNodesByAddress(1445)) - Cannot find node for address 127.0.0.1
2023-12-19 18:18:25,188 [IPC Server handler 1 on default port 15001] WARN  node.SCMNodeManager (SCMNodeManager.java:getNodesByAddress(1445)) - Cannot find node for address 127.0.0.1
2023-12-19 18:18:25,189 [IPC Server handler 7 on default port 15001] WARN  node.SCMNodeManager (SCMNodeManager.java:getNodesByAddress(1445)) - Cannot find node for address 127.0.0.1
]]></system-out>
  </testcase>
  <testcase name="testPutKeySuccessWithBlockToken" classname="org.apache.hadoop.ozone.client.rpc.TestSecureOzoneRpcClient" time="0.397">
    <system-out><![CDATA[2023-12-19 18:18:25,278 [main] INFO  rpc.RpcClient (RpcClient.java:createVolume(456)) - Creating Volume: 558783be-e5c4-41be-b636-8a637cb0f497, with runner as owner and space quota set to -1 bytes, counts quota set to -1
2023-12-19 18:18:25,280 [om1-OMStateMachineApplyTransactionThread - 0] INFO  volume.OMVolumeCreateRequest (OMVolumeCreateRequest.java:validateAndUpdateCache(197)) - created volume:558783be-e5c4-41be-b636-8a637cb0f497 for user:runner
2023-12-19 18:18:25,281 [main] INFO  rpc.RpcClient (RpcClient.java:createBucket(683)) - Creating Bucket: 558783be-e5c4-41be-b636-8a637cb0f497/33cffbef-0ae2-4ecb-aaba-dd1886e91f65, with bucket layout OBJECT_STORE, runner as owner, Versioning false, Storage Type set to DISK and Encryption set to false, Replication Type set to server-side default replication type, Namespace Quota set to -1, Space Quota set to -1 
2023-12-19 18:18:25,282 [om1-OMStateMachineApplyTransactionThread - 0] INFO  bucket.OMBucketCreateRequest (OMBucketCreateRequest.java:validateAndUpdateCache(295)) - created bucket: 33cffbef-0ae2-4ecb-aaba-dd1886e91f65 of layout OBJECT_STORE in volume: 558783be-e5c4-41be-b636-8a637cb0f497
2023-12-19 18:18:25,284 [IPC Server handler 6 on default port 15001] WARN  node.SCMNodeManager (SCMNodeManager.java:getNodesByAddress(1440)) - address is null
2023-12-19 18:18:25,292 [IPC Server handler 2 on default port 15001] WARN  node.SCMNodeManager (SCMNodeManager.java:getNodesByAddress(1445)) - Cannot find node for address 127.0.0.1
2023-12-19 18:18:25,294 [IPC Server handler 4 on default port 15001] WARN  node.SCMNodeManager (SCMNodeManager.java:getNodesByAddress(1445)) - Cannot find node for address 127.0.0.1
2023-12-19 18:18:25,300 [IPC Server handler 13 on default port 15001] WARN  node.SCMNodeManager (SCMNodeManager.java:getNodesByAddress(1440)) - address is null
2023-12-19 18:18:25,308 [IPC Server handler 18 on default port 15001] WARN  node.SCMNodeManager (SCMNodeManager.java:getNodesByAddress(1445)) - Cannot find node for address 127.0.0.1
2023-12-19 18:18:25,310 [IPC Server handler 8 on default port 15001] WARN  node.SCMNodeManager (SCMNodeManager.java:getNodesByAddress(1445)) - Cannot find node for address 127.0.0.1
2023-12-19 18:18:25,315 [IPC Server handler 12 on default port 15001] WARN  node.SCMNodeManager (SCMNodeManager.java:getNodesByAddress(1440)) - address is null
2023-12-19 18:18:25,322 [IPC Server handler 0 on default port 15001] WARN  node.SCMNodeManager (SCMNodeManager.java:getNodesByAddress(1445)) - Cannot find node for address 127.0.0.1
2023-12-19 18:18:25,329 [IPC Server handler 11 on default port 15001] WARN  node.SCMNodeManager (SCMNodeManager.java:getNodesByAddress(1445)) - Cannot find node for address 127.0.0.1
2023-12-19 18:18:25,335 [IPC Server handler 14 on default port 15001] WARN  node.SCMNodeManager (SCMNodeManager.java:getNodesByAddress(1440)) - address is null
2023-12-19 18:18:25,345 [IPC Server handler 3 on default port 15001] WARN  node.SCMNodeManager (SCMNodeManager.java:getNodesByAddress(1445)) - Cannot find node for address 127.0.0.1
2023-12-19 18:18:25,346 [IPC Server handler 19 on default port 15001] WARN  node.SCMNodeManager (SCMNodeManager.java:getNodesByAddress(1445)) - Cannot find node for address 127.0.0.1
2023-12-19 18:18:25,354 [IPC Server handler 9 on default port 15001] WARN  node.SCMNodeManager (SCMNodeManager.java:getNodesByAddress(1440)) - address is null
2023-12-19 18:18:25,361 [IPC Server handler 17 on default port 15001] WARN  node.SCMNodeManager (SCMNodeManager.java:getNodesByAddress(1445)) - Cannot find node for address 127.0.0.1
2023-12-19 18:18:25,363 [IPC Server handler 16 on default port 15001] WARN  node.SCMNodeManager (SCMNodeManager.java:getNodesByAddress(1445)) - Cannot find node for address 127.0.0.1
2023-12-19 18:18:25,369 [IPC Server handler 10 on default port 15001] WARN  node.SCMNodeManager (SCMNodeManager.java:getNodesByAddress(1440)) - address is null
2023-12-19 18:18:25,378 [IPC Server handler 15 on default port 15001] WARN  node.SCMNodeManager (SCMNodeManager.java:getNodesByAddress(1445)) - Cannot find node for address 127.0.0.1
2023-12-19 18:18:25,380 [IPC Server handler 5 on default port 15001] WARN  node.SCMNodeManager (SCMNodeManager.java:getNodesByAddress(1445)) - Cannot find node for address 127.0.0.1
2023-12-19 18:18:25,391 [IPC Server handler 1 on default port 15001] WARN  node.SCMNodeManager (SCMNodeManager.java:getNodesByAddress(1440)) - address is null
2023-12-19 18:18:25,404 [IPC Server handler 7 on default port 15001] WARN  node.SCMNodeManager (SCMNodeManager.java:getNodesByAddress(1445)) - Cannot find node for address 127.0.0.1
2023-12-19 18:18:25,406 [IPC Server handler 6 on default port 15001] WARN  node.SCMNodeManager (SCMNodeManager.java:getNodesByAddress(1445)) - Cannot find node for address 127.0.0.1
2023-12-19 18:18:25,412 [IPC Server handler 2 on default port 15001] WARN  node.SCMNodeManager (SCMNodeManager.java:getNodesByAddress(1440)) - address is null
2023-12-19 18:18:25,428 [IPC Server handler 4 on default port 15001] WARN  node.SCMNodeManager (SCMNodeManager.java:getNodesByAddress(1445)) - Cannot find node for address 127.0.0.1
2023-12-19 18:18:25,430 [IPC Server handler 13 on default port 15001] WARN  node.SCMNodeManager (SCMNodeManager.java:getNodesByAddress(1445)) - Cannot find node for address 127.0.0.1
2023-12-19 18:18:25,439 [IPC Server handler 18 on default port 15001] WARN  node.SCMNodeManager (SCMNodeManager.java:getNodesByAddress(1440)) - address is null
2023-12-19 18:18:25,448 [IPC Server handler 8 on default port 15001] WARN  node.SCMNodeManager (SCMNodeManager.java:getNodesByAddress(1445)) - Cannot find node for address 127.0.0.1
2023-12-19 18:18:25,450 [IPC Server handler 12 on default port 15001] WARN  node.SCMNodeManager (SCMNodeManager.java:getNodesByAddress(1445)) - Cannot find node for address 127.0.0.1
2023-12-19 18:18:25,456 [IPC Server handler 0 on default port 15001] WARN  node.SCMNodeManager (SCMNodeManager.java:getNodesByAddress(1440)) - address is null
2023-12-19 18:18:25,464 [IPC Server handler 11 on default port 15001] WARN  node.SCMNodeManager (SCMNodeManager.java:getNodesByAddress(1445)) - Cannot find node for address 127.0.0.1
2023-12-19 18:18:25,466 [IPC Server handler 14 on default port 15001] WARN  node.SCMNodeManager (SCMNodeManager.java:getNodesByAddress(1445)) - Cannot find node for address 127.0.0.1
2023-12-19 18:18:25,471 [main] INFO  rpc.RpcClient (RpcClient.java:createVolume(456)) - Creating Volume: 93a8b31b-307f-444b-980a-dd1d0856487f, with runner as owner and space quota set to -1 bytes, counts quota set to -1
2023-12-19 18:18:25,472 [om1-OMStateMachineApplyTransactionThread - 0] INFO  volume.OMVolumeCreateRequest (OMVolumeCreateRequest.java:validateAndUpdateCache(197)) - created volume:93a8b31b-307f-444b-980a-dd1d0856487f for user:runner
2023-12-19 18:18:25,474 [main] INFO  rpc.RpcClient (RpcClient.java:createBucket(683)) - Creating Bucket: 93a8b31b-307f-444b-980a-dd1d0856487f/36c96b8c-f959-4bc4-ace1-c2aaec9491b8, with bucket layout FILE_SYSTEM_OPTIMIZED, runner as owner, Versioning false, Storage Type set to DISK and Encryption set to false, Replication Type set to server-side default replication type, Namespace Quota set to -1, Space Quota set to -1 
2023-12-19 18:18:25,476 [om1-OMStateMachineApplyTransactionThread - 0] INFO  bucket.OMBucketCreateRequest (OMBucketCreateRequest.java:validateAndUpdateCache(295)) - created bucket: 36c96b8c-f959-4bc4-ace1-c2aaec9491b8 of layout FILE_SYSTEM_OPTIMIZED in volume: 93a8b31b-307f-444b-980a-dd1d0856487f
2023-12-19 18:18:25,477 [IPC Server handler 3 on default port 15001] WARN  node.SCMNodeManager (SCMNodeManager.java:getNodesByAddress(1440)) - address is null
2023-12-19 18:18:25,487 [IPC Server handler 19 on default port 15001] WARN  node.SCMNodeManager (SCMNodeManager.java:getNodesByAddress(1445)) - Cannot find node for address 127.0.0.1
2023-12-19 18:18:25,489 [IPC Server handler 9 on default port 15001] WARN  node.SCMNodeManager (SCMNodeManager.java:getNodesByAddress(1445)) - Cannot find node for address 127.0.0.1
2023-12-19 18:18:25,497 [IPC Server handler 17 on default port 15001] WARN  node.SCMNodeManager (SCMNodeManager.java:getNodesByAddress(1440)) - address is null
2023-12-19 18:18:25,506 [IPC Server handler 16 on default port 15001] WARN  node.SCMNodeManager (SCMNodeManager.java:getNodesByAddress(1445)) - Cannot find node for address 127.0.0.1
2023-12-19 18:18:25,507 [IPC Server handler 10 on default port 15001] WARN  node.SCMNodeManager (SCMNodeManager.java:getNodesByAddress(1445)) - Cannot find node for address 127.0.0.1
2023-12-19 18:18:25,516 [IPC Server handler 15 on default port 15001] WARN  node.SCMNodeManager (SCMNodeManager.java:getNodesByAddress(1440)) - address is null
2023-12-19 18:18:25,532 [IPC Server handler 5 on default port 15001] WARN  node.SCMNodeManager (SCMNodeManager.java:getNodesByAddress(1445)) - Cannot find node for address 127.0.0.1
2023-12-19 18:18:25,534 [IPC Server handler 1 on default port 15001] WARN  node.SCMNodeManager (SCMNodeManager.java:getNodesByAddress(1445)) - Cannot find node for address 127.0.0.1
2023-12-19 18:18:25,541 [IPC Server handler 7 on default port 15001] WARN  node.SCMNodeManager (SCMNodeManager.java:getNodesByAddress(1440)) - address is null
2023-12-19 18:18:25,552 [IPC Server handler 6 on default port 15001] WARN  node.SCMNodeManager (SCMNodeManager.java:getNodesByAddress(1445)) - Cannot find node for address 127.0.0.1
2023-12-19 18:18:25,554 [IPC Server handler 2 on default port 15001] WARN  node.SCMNodeManager (SCMNodeManager.java:getNodesByAddress(1445)) - Cannot find node for address 127.0.0.1
2023-12-19 18:18:25,561 [IPC Server handler 4 on default port 15001] WARN  node.SCMNodeManager (SCMNodeManager.java:getNodesByAddress(1440)) - address is null
2023-12-19 18:18:25,571 [IPC Server handler 13 on default port 15001] WARN  node.SCMNodeManager (SCMNodeManager.java:getNodesByAddress(1445)) - Cannot find node for address 127.0.0.1
2023-12-19 18:18:25,572 [IPC Server handler 18 on default port 15001] WARN  node.SCMNodeManager (SCMNodeManager.java:getNodesByAddress(1445)) - Cannot find node for address 127.0.0.1
2023-12-19 18:18:25,579 [IPC Server handler 8 on default port 15001] WARN  node.SCMNodeManager (SCMNodeManager.java:getNodesByAddress(1440)) - address is null
2023-12-19 18:18:25,597 [IPC Server handler 12 on default port 15001] WARN  node.SCMNodeManager (SCMNodeManager.java:getNodesByAddress(1445)) - Cannot find node for address 127.0.0.1
2023-12-19 18:18:25,599 [IPC Server handler 0 on default port 15001] WARN  node.SCMNodeManager (SCMNodeManager.java:getNodesByAddress(1445)) - Cannot find node for address 127.0.0.1
2023-12-19 18:18:25,606 [IPC Server handler 11 on default port 15001] WARN  node.SCMNodeManager (SCMNodeManager.java:getNodesByAddress(1440)) - address is null
2023-12-19 18:18:25,615 [IPC Server handler 14 on default port 15001] WARN  node.SCMNodeManager (SCMNodeManager.java:getNodesByAddress(1445)) - Cannot find node for address 127.0.0.1
2023-12-19 18:18:25,616 [IPC Server handler 3 on default port 15001] WARN  node.SCMNodeManager (SCMNodeManager.java:getNodesByAddress(1445)) - Cannot find node for address 127.0.0.1
2023-12-19 18:18:25,623 [IPC Server handler 19 on default port 15001] WARN  node.SCMNodeManager (SCMNodeManager.java:getNodesByAddress(1440)) - address is null
2023-12-19 18:18:25,632 [IPC Server handler 9 on default port 15001] WARN  node.SCMNodeManager (SCMNodeManager.java:getNodesByAddress(1445)) - Cannot find node for address 127.0.0.1
2023-12-19 18:18:25,634 [IPC Server handler 17 on default port 15001] WARN  node.SCMNodeManager (SCMNodeManager.java:getNodesByAddress(1445)) - Cannot find node for address 127.0.0.1
2023-12-19 18:18:25,641 [IPC Server handler 16 on default port 15001] WARN  node.SCMNodeManager (SCMNodeManager.java:getNodesByAddress(1440)) - address is null
2023-12-19 18:18:25,650 [IPC Server handler 10 on default port 15001] WARN  node.SCMNodeManager (SCMNodeManager.java:getNodesByAddress(1445)) - Cannot find node for address 127.0.0.1
2023-12-19 18:18:25,652 [IPC Server handler 15 on default port 15001] WARN  node.SCMNodeManager (SCMNodeManager.java:getNodesByAddress(1445)) - Cannot find node for address 127.0.0.1
2023-12-19 18:18:25,659 [IPC Server handler 5 on default port 15001] WARN  node.SCMNodeManager (SCMNodeManager.java:getNodesByAddress(1440)) - address is null
2023-12-19 18:18:25,668 [IPC Server handler 1 on default port 15001] WARN  node.SCMNodeManager (SCMNodeManager.java:getNodesByAddress(1445)) - Cannot find node for address 127.0.0.1
2023-12-19 18:18:25,670 [IPC Server handler 7 on default port 15001] WARN  node.SCMNodeManager (SCMNodeManager.java:getNodesByAddress(1445)) - Cannot find node for address 127.0.0.1
]]></system-out>
  </testcase>
  <testcase name="testPutKeyWithReplicationConfig(String, boolean)[1]" classname="org.apache.hadoop.ozone.client.rpc.TestSecureOzoneRpcClient" time="0.008">
    <system-out><![CDATA[2023-12-19 18:18:25,710 [main] INFO  rpc.RpcClient (RpcClient.java:createVolume(456)) - Creating Volume: 4fcb3e01-f00f-4d8a-9676-0a457fea0fba, with runner as owner and space quota set to -1 bytes, counts quota set to -1
2023-12-19 18:18:25,712 [om1-OMStateMachineApplyTransactionThread - 0] INFO  volume.OMVolumeCreateRequest (OMVolumeCreateRequest.java:validateAndUpdateCache(197)) - created volume:4fcb3e01-f00f-4d8a-9676-0a457fea0fba for user:runner
2023-12-19 18:18:25,713 [main] INFO  rpc.RpcClient (RpcClient.java:createBucket(683)) - Creating Bucket: 4fcb3e01-f00f-4d8a-9676-0a457fea0fba/ad5f2957-ae96-4478-b774-b1ad63d71e2f, with server-side default bucket layout, runner as owner, Versioning false, Storage Type set to DISK and Encryption set to false, Replication Type set to server-side default replication type, Namespace Quota set to -1, Space Quota set to -1 
2023-12-19 18:18:25,715 [om1-OMStateMachineApplyTransactionThread - 0] INFO  bucket.OMBucketCreateRequest (OMBucketCreateRequest.java:validateAndUpdateCache(295)) - created bucket: ad5f2957-ae96-4478-b774-b1ad63d71e2f of layout OBJECT_STORE in volume: 4fcb3e01-f00f-4d8a-9676-0a457fea0fba
]]></system-out>
  </testcase>
  <testcase name="testPutKeyWithReplicationConfig(String, boolean)[2]" classname="org.apache.hadoop.ozone.client.rpc.TestSecureOzoneRpcClient" time="0.007">
    <system-out><![CDATA[2023-12-19 18:18:25,719 [main] INFO  rpc.RpcClient (RpcClient.java:createVolume(456)) - Creating Volume: 2c600fa4-be15-458f-bcfd-348feb65c987, with runner as owner and space quota set to -1 bytes, counts quota set to -1
2023-12-19 18:18:25,721 [om1-OMStateMachineApplyTransactionThread - 0] INFO  volume.OMVolumeCreateRequest (OMVolumeCreateRequest.java:validateAndUpdateCache(197)) - created volume:2c600fa4-be15-458f-bcfd-348feb65c987 for user:runner
2023-12-19 18:18:25,722 [main] INFO  rpc.RpcClient (RpcClient.java:createBucket(683)) - Creating Bucket: 2c600fa4-be15-458f-bcfd-348feb65c987/123ab1af-f0ad-4dd9-8e37-44f4c41c16f4, with server-side default bucket layout, runner as owner, Versioning false, Storage Type set to DISK and Encryption set to false, Replication Type set to server-side default replication type, Namespace Quota set to -1, Space Quota set to -1 
2023-12-19 18:18:25,723 [om1-OMStateMachineApplyTransactionThread - 0] INFO  bucket.OMBucketCreateRequest (OMBucketCreateRequest.java:validateAndUpdateCache(295)) - created bucket: 123ab1af-f0ad-4dd9-8e37-44f4c41c16f4 of layout OBJECT_STORE in volume: 2c600fa4-be15-458f-bcfd-348feb65c987
]]></system-out>
  </testcase>
  <testcase name="testPutKeyWithReplicationConfig(String, boolean)[3]" classname="org.apache.hadoop.ozone.client.rpc.TestSecureOzoneRpcClient" time="0.033">
    <system-out><![CDATA[2023-12-19 18:18:25,727 [main] INFO  rpc.RpcClient (RpcClient.java:createVolume(456)) - Creating Volume: dbe05f2a-cc67-4f00-9f8b-33b22f97963c, with runner as owner and space quota set to -1 bytes, counts quota set to -1
2023-12-19 18:18:25,728 [om1-OMStateMachineApplyTransactionThread - 0] INFO  volume.OMVolumeCreateRequest (OMVolumeCreateRequest.java:validateAndUpdateCache(197)) - created volume:dbe05f2a-cc67-4f00-9f8b-33b22f97963c for user:runner
2023-12-19 18:18:25,729 [main] INFO  rpc.RpcClient (RpcClient.java:createBucket(683)) - Creating Bucket: dbe05f2a-cc67-4f00-9f8b-33b22f97963c/9ce9fa9e-8772-4b2e-9581-f6901b53b8be, with server-side default bucket layout, runner as owner, Versioning false, Storage Type set to DISK and Encryption set to false, Replication Type set to server-side default replication type, Namespace Quota set to -1, Space Quota set to -1 
2023-12-19 18:18:25,731 [om1-OMStateMachineApplyTransactionThread - 0] INFO  bucket.OMBucketCreateRequest (OMBucketCreateRequest.java:validateAndUpdateCache(295)) - created bucket: 9ce9fa9e-8772-4b2e-9581-f6901b53b8be of layout OBJECT_STORE in volume: dbe05f2a-cc67-4f00-9f8b-33b22f97963c
2023-12-19 18:18:25,733 [IPC Server handler 6 on default port 15001] WARN  node.SCMNodeManager (SCMNodeManager.java:getNodesByAddress(1440)) - address is null
2023-12-19 18:18:25,753 [IPC Server handler 2 on default port 15001] WARN  node.SCMNodeManager (SCMNodeManager.java:getNodesByAddress(1445)) - Cannot find node for address 127.0.0.1
2023-12-19 18:18:25,755 [IPC Server handler 4 on default port 15001] WARN  node.SCMNodeManager (SCMNodeManager.java:getNodesByAddress(1445)) - Cannot find node for address 127.0.0.1
]]></system-out>
  </testcase>
  <testcase name="testPutKeyWithReplicationConfig(String, boolean)[4]" classname="org.apache.hadoop.ozone.client.rpc.TestSecureOzoneRpcClient" time="0.083">
    <system-out><![CDATA[2023-12-19 18:18:25,761 [main] INFO  rpc.RpcClient (RpcClient.java:createVolume(456)) - Creating Volume: b2b192ef-aa1f-4bbb-bb7a-30c2b2910363, with runner as owner and space quota set to -1 bytes, counts quota set to -1
2023-12-19 18:18:25,763 [om1-OMStateMachineApplyTransactionThread - 0] INFO  volume.OMVolumeCreateRequest (OMVolumeCreateRequest.java:validateAndUpdateCache(197)) - created volume:b2b192ef-aa1f-4bbb-bb7a-30c2b2910363 for user:runner
2023-12-19 18:18:25,764 [main] INFO  rpc.RpcClient (RpcClient.java:createBucket(683)) - Creating Bucket: b2b192ef-aa1f-4bbb-bb7a-30c2b2910363/d528557c-c361-45e3-bb08-527db041b43e, with server-side default bucket layout, runner as owner, Versioning false, Storage Type set to DISK and Encryption set to false, Replication Type set to server-side default replication type, Namespace Quota set to -1, Space Quota set to -1 
2023-12-19 18:18:25,766 [om1-OMStateMachineApplyTransactionThread - 0] INFO  bucket.OMBucketCreateRequest (OMBucketCreateRequest.java:validateAndUpdateCache(295)) - created bucket: d528557c-c361-45e3-bb08-527db041b43e of layout OBJECT_STORE in volume: b2b192ef-aa1f-4bbb-bb7a-30c2b2910363
2023-12-19 18:18:25,768 [IPC Server handler 13 on default port 15001] INFO  algorithms.SCMContainerPlacementRackScatter (SCMContainerPlacementRackScatter.java:chooseDatanodesInternal(370)) - Chosen nodes: [c27b4a8c-9932-4b8f-bf34-353c967d0ecc(fv-az1381-513.cyf22sgur2jupkghqkt4lwlvwe.cx.internal.cloudapp.net/10.1.0.19), f3699da5-7632-4885-9efe-d79f82e47143(fv-az1381-513.cyf22sgur2jupkghqkt4lwlvwe.cx.internal.cloudapp.net/10.1.0.19), a90b24a4-d9f8-4f3b-8812-3b02ea4f687f(fv-az1381-513.cyf22sgur2jupkghqkt4lwlvwe.cx.internal.cloudapp.net/10.1.0.19), 96747d66-d354-4c6c-881c-c96368b263cb(fv-az1381-513.cyf22sgur2jupkghqkt4lwlvwe.cx.internal.cloudapp.net/10.1.0.19), 93d2edcd-6a6f-4cb3-ab2d-c0ab5a0bb6d7(fv-az1381-513.cyf22sgur2jupkghqkt4lwlvwe.cx.internal.cloudapp.net/10.1.0.19), d0e3d241-91aa-4721-8188-ae5e0af11890(fv-az1381-513.cyf22sgur2jupkghqkt4lwlvwe.cx.internal.cloudapp.net/10.1.0.19), 7fe801a6-aabd-4c1e-b418-af74b08e6351(fv-az1381-513.cyf22sgur2jupkghqkt4lwlvwe.cx.internal.cloudapp.net/10.1.0.19), b44d76fe-ddfd-47c8-8f4d-0e79dfcb9ca5(fv-az1381-513.cyf22sgur2jupkghqkt4lwlvwe.cx.internal.cloudapp.net/10.1.0.19), e7599229-5a8e-48b0-86e7-2247601ad11a(fv-az1381-513.cyf22sgur2jupkghqkt4lwlvwe.cx.internal.cloudapp.net/10.1.0.19)]. isPolicySatisfied: true.
2023-12-19 18:18:25,770 [IPC Server handler 13 on default port 15001] INFO  pipeline.WritableECContainerProvider (WritableECContainerProvider.java:allocateContainer(211)) - Created and opened new pipeline Pipeline[ Id: d07edf0b-caac-45d6-bc14-2a799d768c37, Nodes: c27b4a8c-9932-4b8f-bf34-353c967d0ecc(fv-az1381-513.cyf22sgur2jupkghqkt4lwlvwe.cx.internal.cloudapp.net/10.1.0.19)f3699da5-7632-4885-9efe-d79f82e47143(fv-az1381-513.cyf22sgur2jupkghqkt4lwlvwe.cx.internal.cloudapp.net/10.1.0.19)a90b24a4-d9f8-4f3b-8812-3b02ea4f687f(fv-az1381-513.cyf22sgur2jupkghqkt4lwlvwe.cx.internal.cloudapp.net/10.1.0.19)96747d66-d354-4c6c-881c-c96368b263cb(fv-az1381-513.cyf22sgur2jupkghqkt4lwlvwe.cx.internal.cloudapp.net/10.1.0.19)93d2edcd-6a6f-4cb3-ab2d-c0ab5a0bb6d7(fv-az1381-513.cyf22sgur2jupkghqkt4lwlvwe.cx.internal.cloudapp.net/10.1.0.19)d0e3d241-91aa-4721-8188-ae5e0af11890(fv-az1381-513.cyf22sgur2jupkghqkt4lwlvwe.cx.internal.cloudapp.net/10.1.0.19)7fe801a6-aabd-4c1e-b418-af74b08e6351(fv-az1381-513.cyf22sgur2jupkghqkt4lwlvwe.cx.internal.cloudapp.net/10.1.0.19)b44d76fe-ddfd-47c8-8f4d-0e79dfcb9ca5(fv-az1381-513.cyf22sgur2jupkghqkt4lwlvwe.cx.internal.cloudapp.net/10.1.0.19)e7599229-5a8e-48b0-86e7-2247601ad11a(fv-az1381-513.cyf22sgur2jupkghqkt4lwlvwe.cx.internal.cloudapp.net/10.1.0.19), ReplicationConfig: EC{rs-6-3-1024k}, State:ALLOCATED, leaderId:, CreationTimestamp2023-12-19T18:18:25.769Z[Etc/UTC]]
2023-12-19 18:18:25,770 [IPC Server handler 13 on default port 15001] WARN  node.SCMNodeManager (SCMNodeManager.java:getNodesByAddress(1440)) - address is null
2023-12-19 18:18:25,838 [IPC Server handler 18 on default port 15001] WARN  node.SCMNodeManager (SCMNodeManager.java:getNodesByAddress(1445)) - Cannot find node for address 127.0.0.1
2023-12-19 18:18:25,841 [IPC Server handler 8 on default port 15001] WARN  node.SCMNodeManager (SCMNodeManager.java:getNodesByAddress(1445)) - Cannot find node for address 127.0.0.1
]]></system-out>
  </testcase>
  <testcase name="testPutKeyWithReplicationConfig(String, boolean)[5]" classname="org.apache.hadoop.ozone.client.rpc.TestSecureOzoneRpcClient" time="0.093">
    <system-out><![CDATA[2023-12-19 18:18:25,845 [main] INFO  rpc.RpcClient (RpcClient.java:createVolume(456)) - Creating Volume: f9930cea-cf8b-44ba-bf11-ca188bb6bae5, with runner as owner and space quota set to -1 bytes, counts quota set to -1
2023-12-19 18:18:25,847 [om1-OMStateMachineApplyTransactionThread - 0] INFO  volume.OMVolumeCreateRequest (OMVolumeCreateRequest.java:validateAndUpdateCache(197)) - created volume:f9930cea-cf8b-44ba-bf11-ca188bb6bae5 for user:runner
2023-12-19 18:18:25,849 [main] INFO  rpc.RpcClient (RpcClient.java:createBucket(683)) - Creating Bucket: f9930cea-cf8b-44ba-bf11-ca188bb6bae5/8ed7d792-b9cd-479f-a211-1b85ed8a8563, with server-side default bucket layout, runner as owner, Versioning false, Storage Type set to DISK and Encryption set to false, Replication Type set to server-side default replication type, Namespace Quota set to -1, Space Quota set to -1 
2023-12-19 18:18:25,850 [om1-OMStateMachineApplyTransactionThread - 0] INFO  bucket.OMBucketCreateRequest (OMBucketCreateRequest.java:validateAndUpdateCache(295)) - created bucket: 8ed7d792-b9cd-479f-a211-1b85ed8a8563 of layout OBJECT_STORE in volume: f9930cea-cf8b-44ba-bf11-ca188bb6bae5
2023-12-19 18:18:25,852 [IPC Server handler 12 on default port 15001] INFO  algorithms.SCMContainerPlacementRackScatter (SCMContainerPlacementRackScatter.java:chooseDatanodesInternal(370)) - Chosen nodes: [7fe801a6-aabd-4c1e-b418-af74b08e6351(fv-az1381-513.cyf22sgur2jupkghqkt4lwlvwe.cx.internal.cloudapp.net/10.1.0.19), cc2d5096-cbf7-4b7f-9694-9910b4c75033(fv-az1381-513.cyf22sgur2jupkghqkt4lwlvwe.cx.internal.cloudapp.net/10.1.0.19), b44d76fe-ddfd-47c8-8f4d-0e79dfcb9ca5(fv-az1381-513.cyf22sgur2jupkghqkt4lwlvwe.cx.internal.cloudapp.net/10.1.0.19), 96747d66-d354-4c6c-881c-c96368b263cb(fv-az1381-513.cyf22sgur2jupkghqkt4lwlvwe.cx.internal.cloudapp.net/10.1.0.19), c27b4a8c-9932-4b8f-bf34-353c967d0ecc(fv-az1381-513.cyf22sgur2jupkghqkt4lwlvwe.cx.internal.cloudapp.net/10.1.0.19), 244ca980-f87d-4e1f-bf92-41859c631eea(fv-az1381-513.cyf22sgur2jupkghqkt4lwlvwe.cx.internal.cloudapp.net/10.1.0.19), e7599229-5a8e-48b0-86e7-2247601ad11a(fv-az1381-513.cyf22sgur2jupkghqkt4lwlvwe.cx.internal.cloudapp.net/10.1.0.19), 93d2edcd-6a6f-4cb3-ab2d-c0ab5a0bb6d7(fv-az1381-513.cyf22sgur2jupkghqkt4lwlvwe.cx.internal.cloudapp.net/10.1.0.19), 2d01c37d-c80a-4131-b15b-062508bff67d(fv-az1381-513.cyf22sgur2jupkghqkt4lwlvwe.cx.internal.cloudapp.net/10.1.0.19), 8a9232c4-f36b-4377-b9ad-83954010d1e2(fv-az1381-513.cyf22sgur2jupkghqkt4lwlvwe.cx.internal.cloudapp.net/10.1.0.19), f3699da5-7632-4885-9efe-d79f82e47143(fv-az1381-513.cyf22sgur2jupkghqkt4lwlvwe.cx.internal.cloudapp.net/10.1.0.19), a1d25c87-0c45-4075-9fe0-f0708f172712(fv-az1381-513.cyf22sgur2jupkghqkt4lwlvwe.cx.internal.cloudapp.net/10.1.0.19), a90b24a4-d9f8-4f3b-8812-3b02ea4f687f(fv-az1381-513.cyf22sgur2jupkghqkt4lwlvwe.cx.internal.cloudapp.net/10.1.0.19), d0e3d241-91aa-4721-8188-ae5e0af11890(fv-az1381-513.cyf22sgur2jupkghqkt4lwlvwe.cx.internal.cloudapp.net/10.1.0.19)]. isPolicySatisfied: true.
2023-12-19 18:18:25,854 [IPC Server handler 12 on default port 15001] INFO  pipeline.WritableECContainerProvider (WritableECContainerProvider.java:allocateContainer(211)) - Created and opened new pipeline Pipeline[ Id: 0df676e7-1093-4645-9261-5ce80447c6dc, Nodes: 7fe801a6-aabd-4c1e-b418-af74b08e6351(fv-az1381-513.cyf22sgur2jupkghqkt4lwlvwe.cx.internal.cloudapp.net/10.1.0.19)cc2d5096-cbf7-4b7f-9694-9910b4c75033(fv-az1381-513.cyf22sgur2jupkghqkt4lwlvwe.cx.internal.cloudapp.net/10.1.0.19)b44d76fe-ddfd-47c8-8f4d-0e79dfcb9ca5(fv-az1381-513.cyf22sgur2jupkghqkt4lwlvwe.cx.internal.cloudapp.net/10.1.0.19)96747d66-d354-4c6c-881c-c96368b263cb(fv-az1381-513.cyf22sgur2jupkghqkt4lwlvwe.cx.internal.cloudapp.net/10.1.0.19)c27b4a8c-9932-4b8f-bf34-353c967d0ecc(fv-az1381-513.cyf22sgur2jupkghqkt4lwlvwe.cx.internal.cloudapp.net/10.1.0.19)244ca980-f87d-4e1f-bf92-41859c631eea(fv-az1381-513.cyf22sgur2jupkghqkt4lwlvwe.cx.internal.cloudapp.net/10.1.0.19)e7599229-5a8e-48b0-86e7-2247601ad11a(fv-az1381-513.cyf22sgur2jupkghqkt4lwlvwe.cx.internal.cloudapp.net/10.1.0.19)93d2edcd-6a6f-4cb3-ab2d-c0ab5a0bb6d7(fv-az1381-513.cyf22sgur2jupkghqkt4lwlvwe.cx.internal.cloudapp.net/10.1.0.19)2d01c37d-c80a-4131-b15b-062508bff67d(fv-az1381-513.cyf22sgur2jupkghqkt4lwlvwe.cx.internal.cloudapp.net/10.1.0.19)8a9232c4-f36b-4377-b9ad-83954010d1e2(fv-az1381-513.cyf22sgur2jupkghqkt4lwlvwe.cx.internal.cloudapp.net/10.1.0.19)f3699da5-7632-4885-9efe-d79f82e47143(fv-az1381-513.cyf22sgur2jupkghqkt4lwlvwe.cx.internal.cloudapp.net/10.1.0.19)a1d25c87-0c45-4075-9fe0-f0708f172712(fv-az1381-513.cyf22sgur2jupkghqkt4lwlvwe.cx.internal.cloudapp.net/10.1.0.19)a90b24a4-d9f8-4f3b-8812-3b02ea4f687f(fv-az1381-513.cyf22sgur2jupkghqkt4lwlvwe.cx.internal.cloudapp.net/10.1.0.19)d0e3d241-91aa-4721-8188-ae5e0af11890(fv-az1381-513.cyf22sgur2jupkghqkt4lwlvwe.cx.internal.cloudapp.net/10.1.0.19), ReplicationConfig: EC{rs-10-4-1024k}, State:ALLOCATED, leaderId:, CreationTimestamp2023-12-19T18:18:25.853Z[Etc/UTC]]
2023-12-19 18:18:25,854 [IPC Server handler 12 on default port 15001] WARN  node.SCMNodeManager (SCMNodeManager.java:getNodesByAddress(1440)) - address is null
2023-12-19 18:18:25,933 [IPC Server handler 0 on default port 15001] WARN  node.SCMNodeManager (SCMNodeManager.java:getNodesByAddress(1445)) - Cannot find node for address 127.0.0.1
2023-12-19 18:18:25,935 [IPC Server handler 11 on default port 15001] WARN  node.SCMNodeManager (SCMNodeManager.java:getNodesByAddress(1445)) - Cannot find node for address 127.0.0.1
]]></system-out>
  </testcase>
  <testcase name="testReadKeyWithCorruptedData" classname="org.apache.hadoop.ozone.client.rpc.TestSecureOzoneRpcClient" time="0.033">
    <system-out><![CDATA[2023-12-19 18:18:25,939 [main] INFO  rpc.RpcClient (RpcClient.java:createVolume(456)) - Creating Volume: 3780d1ab-cde3-4dfb-b91d-f11c16e3a8de, with runner as owner and space quota set to -1 bytes, counts quota set to -1
2023-12-19 18:18:25,940 [om1-OMStateMachineApplyTransactionThread - 0] INFO  volume.OMVolumeCreateRequest (OMVolumeCreateRequest.java:validateAndUpdateCache(197)) - created volume:3780d1ab-cde3-4dfb-b91d-f11c16e3a8de for user:runner
2023-12-19 18:18:25,941 [main] INFO  rpc.RpcClient (RpcClient.java:createBucket(683)) - Creating Bucket: 3780d1ab-cde3-4dfb-b91d-f11c16e3a8de/dc096076-93aa-4a77-8334-00190680bd54, with server-side default bucket layout, runner as owner, Versioning false, Storage Type set to DISK and Encryption set to false, Replication Type set to server-side default replication type, Namespace Quota set to -1, Space Quota set to -1 
2023-12-19 18:18:25,943 [om1-OMStateMachineApplyTransactionThread - 0] INFO  bucket.OMBucketCreateRequest (OMBucketCreateRequest.java:validateAndUpdateCache(295)) - created bucket: dc096076-93aa-4a77-8334-00190680bd54 of layout OBJECT_STORE in volume: 3780d1ab-cde3-4dfb-b91d-f11c16e3a8de
2023-12-19 18:18:25,945 [IPC Server handler 14 on default port 15001] WARN  node.SCMNodeManager (SCMNodeManager.java:getNodesByAddress(1440)) - address is null
2023-12-19 18:18:25,952 [IPC Server handler 3 on default port 15001] WARN  node.SCMNodeManager (SCMNodeManager.java:getNodesByAddress(1445)) - Cannot find node for address 127.0.0.1
2023-12-19 18:18:25,964 [IPC Server handler 19 on default port 15001] WARN  node.SCMNodeManager (SCMNodeManager.java:getNodesByAddress(1445)) - Cannot find node for address 127.0.0.1
2023-12-19 18:18:25,967 [main] ERROR scm.XceiverClientGrpc (XceiverClientGrpc.java:sendCommandWithRetry(443)) - Failed to execute command ReadChunk on the pipeline Pipeline[ Id: 4935d9fa-7acf-4533-b8e3-cccc26563b5e, Nodes: 7fe801a6-aabd-4c1e-b418-af74b08e6351(fv-az1381-513.cyf22sgur2jupkghqkt4lwlvwe.cx.internal.cloudapp.net/10.1.0.19), ReplicationConfig: STANDALONE/ONE, State:OPEN, leaderId:7fe801a6-aabd-4c1e-b418-af74b08e6351, CreationTimestamp2023-12-19T18:17:58.174Z[Etc/UTC]].
2023-12-19 18:18:25,969 [main] ERROR scm.XceiverClientGrpc (XceiverClientGrpc.java:sendCommandWithRetry(443)) - Failed to execute command ReadChunk on the pipeline Pipeline[ Id: 4935d9fa-7acf-4533-b8e3-cccc26563b5e, Nodes: 7fe801a6-aabd-4c1e-b418-af74b08e6351(fv-az1381-513.cyf22sgur2jupkghqkt4lwlvwe.cx.internal.cloudapp.net/10.1.0.19), ReplicationConfig: STANDALONE/ONE, State:OPEN, leaderId:7fe801a6-aabd-4c1e-b418-af74b08e6351, CreationTimestamp2023-12-19T18:17:58.174Z[Etc/UTC]].
2023-12-19 18:18:25,970 [main] ERROR scm.XceiverClientGrpc (XceiverClientGrpc.java:sendCommandWithRetry(443)) - Failed to execute command ReadChunk on the pipeline Pipeline[ Id: 4935d9fa-7acf-4533-b8e3-cccc26563b5e, Nodes: 7fe801a6-aabd-4c1e-b418-af74b08e6351(fv-az1381-513.cyf22sgur2jupkghqkt4lwlvwe.cx.internal.cloudapp.net/10.1.0.19), ReplicationConfig: STANDALONE/ONE, State:OPEN, leaderId:7fe801a6-aabd-4c1e-b418-af74b08e6351, CreationTimestamp2023-12-19T18:17:58.174Z[Etc/UTC]].
]]></system-out>
  </testcase>
  <testcase name="testReadKeyWithCorruptedDataWithMutiNodes" classname="org.apache.hadoop.ozone.client.rpc.TestSecureOzoneRpcClient" time="0.108">
    <system-out><![CDATA[2023-12-19 18:18:25,971 [main] INFO  rpc.RpcClient (RpcClient.java:createVolume(456)) - Creating Volume: 4faa42b6-f19c-4d17-b0ea-9526c8a2194b, with runner as owner and space quota set to -1 bytes, counts quota set to -1
2023-12-19 18:18:25,973 [om1-OMStateMachineApplyTransactionThread - 0] INFO  volume.OMVolumeCreateRequest (OMVolumeCreateRequest.java:validateAndUpdateCache(197)) - created volume:4faa42b6-f19c-4d17-b0ea-9526c8a2194b for user:runner
2023-12-19 18:18:25,974 [main] INFO  rpc.RpcClient (RpcClient.java:createBucket(683)) - Creating Bucket: 4faa42b6-f19c-4d17-b0ea-9526c8a2194b/652e203f-fe04-41b5-b923-5193f99cc12b, with server-side default bucket layout, runner as owner, Versioning false, Storage Type set to DISK and Encryption set to false, Replication Type set to server-side default replication type, Namespace Quota set to -1, Space Quota set to -1 
2023-12-19 18:18:25,977 [om1-OMStateMachineApplyTransactionThread - 0] INFO  bucket.OMBucketCreateRequest (OMBucketCreateRequest.java:validateAndUpdateCache(295)) - created bucket: 652e203f-fe04-41b5-b923-5193f99cc12b of layout OBJECT_STORE in volume: 4faa42b6-f19c-4d17-b0ea-9526c8a2194b
2023-12-19 18:18:25,979 [IPC Server handler 9 on default port 15001] WARN  node.SCMNodeManager (SCMNodeManager.java:getNodesByAddress(1440)) - address is null
2023-12-19 18:18:25,990 [IPC Server handler 17 on default port 15001] WARN  node.SCMNodeManager (SCMNodeManager.java:getNodesByAddress(1445)) - Cannot find node for address 127.0.0.1
2023-12-19 18:18:26,004 [IPC Server handler 16 on default port 15001] WARN  node.SCMNodeManager (SCMNodeManager.java:getNodesByAddress(1445)) - Cannot find node for address 127.0.0.1
2023-12-19 18:18:26,022 [IPC Server handler 10 on default port 15001] WARN  node.SCMNodeManager (SCMNodeManager.java:getNodesByAddress(1445)) - Cannot find node for address 127.0.0.1
2023-12-19 18:18:26,037 [IPC Server handler 15 on default port 15001] WARN  node.SCMNodeManager (SCMNodeManager.java:getNodesByAddress(1445)) - Cannot find node for address 127.0.0.1
2023-12-19 18:18:26,044 [main] ERROR scm.XceiverClientGrpc (XceiverClientGrpc.java:sendCommandWithRetry(443)) - Failed to execute command ReadChunk on the pipeline Pipeline[ Id: 8f3870ae-d5ad-47e7-81f2-c7dcf68f11f7, Nodes: 8a9232c4-f36b-4377-b9ad-83954010d1e2(fv-az1381-513.cyf22sgur2jupkghqkt4lwlvwe.cx.internal.cloudapp.net/10.1.0.19)cc2d5096-cbf7-4b7f-9694-9910b4c75033(fv-az1381-513.cyf22sgur2jupkghqkt4lwlvwe.cx.internal.cloudapp.net/10.1.0.19)93d2edcd-6a6f-4cb3-ab2d-c0ab5a0bb6d7(fv-az1381-513.cyf22sgur2jupkghqkt4lwlvwe.cx.internal.cloudapp.net/10.1.0.19), ReplicationConfig: STANDALONE/THREE, State:OPEN, leaderId:8a9232c4-f36b-4377-b9ad-83954010d1e2, CreationTimestamp2023-12-19T18:17:58.063Z[Etc/UTC]].
2023-12-19 18:18:26,045 [main] WARN  storage.ContainerProtocolCalls (ContainerProtocolCalls.java:tryEachDatanode(150)) - Failed to read chunk 111677748019200385_chunk_1 (len=12) conID: 13 locID: 111677748019200385 bcsId: 287 from cc2d5096-cbf7-4b7f-9694-9910b4c75033(fv-az1381-513.cyf22sgur2jupkghqkt4lwlvwe.cx.internal.cloudapp.net/10.1.0.19); will try another datanode.
org.apache.hadoop.ozone.common.OzoneChecksumException: Checksum mismatch at index 0
	at org.apache.hadoop.ozone.common.ChecksumData.verifyChecksumDataMatches(ChecksumData.java:139)
	at org.apache.hadoop.ozone.common.Checksum.verifyChecksum(Checksum.java:300)
	at org.apache.hadoop.hdds.scm.storage.ChunkInputStream.validateChunk(ChunkInputStream.java:488)
	at org.apache.hadoop.hdds.scm.XceiverClientGrpc.sendCommandWithRetry(XceiverClientGrpc.java:400)
	at org.apache.hadoop.hdds.scm.XceiverClientGrpc.lambda$sendCommandWithTraceIDAndRetry$0(XceiverClientGrpc.java:340)
	at org.apache.hadoop.hdds.tracing.TracingUtil.executeInSpan(TracingUtil.java:169)
	at org.apache.hadoop.hdds.tracing.TracingUtil.executeInNewSpan(TracingUtil.java:149)
	at org.apache.hadoop.hdds.scm.XceiverClientGrpc.sendCommandWithTraceIDAndRetry(XceiverClientGrpc.java:335)
	at org.apache.hadoop.hdds.scm.XceiverClientGrpc.sendCommand(XceiverClientGrpc.java:316)
	at org.apache.hadoop.hdds.scm.storage.ContainerProtocolCalls.readChunk(ContainerProtocolCalls.java:356)
	at org.apache.hadoop.hdds.scm.storage.ContainerProtocolCalls.lambda$readChunk$2(ContainerProtocolCalls.java:343)
	at org.apache.hadoop.hdds.scm.storage.ContainerProtocolCalls.tryEachDatanode(ContainerProtocolCalls.java:146)
	at org.apache.hadoop.hdds.scm.storage.ContainerProtocolCalls.readChunk(ContainerProtocolCalls.java:342)
	at org.apache.hadoop.hdds.scm.storage.ChunkInputStream.readChunk(ChunkInputStream.java:425)
	at org.apache.hadoop.hdds.scm.storage.ChunkInputStream.readChunkDataIntoBuffers(ChunkInputStream.java:402)
	at org.apache.hadoop.hdds.scm.storage.ChunkInputStream.readChunkFromContainer(ChunkInputStream.java:387)
	at org.apache.hadoop.hdds.scm.storage.ChunkInputStream.prepareRead(ChunkInputStream.java:329)
	at org.apache.hadoop.hdds.scm.storage.ChunkInputStream.read(ChunkInputStream.java:173)
	at org.apache.hadoop.hdds.scm.storage.ByteArrayReader.readFromBlock(ByteArrayReader.java:54)
	at org.apache.hadoop.hdds.scm.storage.BlockInputStream.readWithStrategy(BlockInputStream.java:354)
	at org.apache.hadoop.hdds.scm.storage.ExtendedInputStream.read(ExtendedInputStream.java:56)
	at org.apache.hadoop.hdds.scm.storage.ByteArrayReader.readFromBlock(ByteArrayReader.java:54)
	at org.apache.hadoop.hdds.scm.storage.MultipartInputStream.readWithStrategy(MultipartInputStream.java:96)
	at org.apache.hadoop.hdds.scm.storage.ExtendedInputStream.read(ExtendedInputStream.java:56)
	at org.apache.hadoop.ozone.client.io.OzoneInputStream.read(OzoneInputStream.java:56)
	at java.io.InputStream.read(InputStream.java:101)
	at org.apache.hadoop.ozone.client.rpc.TestOzoneRpcClientAbstract.testReadKeyWithCorruptedDataWithMutiNodes(TestOzoneRpcClientAbstract.java:2096)
	at sun.reflect.NativeMethodAccessorImpl.invoke0(Native Method)
	at sun.reflect.NativeMethodAccessorImpl.invoke(NativeMethodAccessorImpl.java:62)
	at sun.reflect.DelegatingMethodAccessorImpl.invoke(DelegatingMethodAccessorImpl.java:43)
	at java.lang.reflect.Method.invoke(Method.java:498)
	at org.junit.platform.commons.util.ReflectionUtils.invokeMethod(ReflectionUtils.java:728)
	at org.junit.jupiter.engine.execution.MethodInvocation.proceed(MethodInvocation.java:60)
	at org.junit.jupiter.engine.execution.InvocationInterceptorChain$ValidatingInvocation.proceed(InvocationInterceptorChain.java:131)
	at org.junit.jupiter.engine.extension.SameThreadTimeoutInvocation.proceed(SameThreadTimeoutInvocation.java:45)
	at org.junit.jupiter.engine.extension.TimeoutExtension.intercept(TimeoutExtension.java:156)
	at org.junit.jupiter.engine.extension.TimeoutExtension.interceptTestableMethod(TimeoutExtension.java:147)
	at org.junit.jupiter.engine.extension.TimeoutExtension.interceptTestMethod(TimeoutExtension.java:86)
	at org.junit.jupiter.engine.execution.InterceptingExecutableInvoker$ReflectiveInterceptorCall.lambda$ofVoidMethod$0(InterceptingExecutableInvoker.java:103)
	at org.junit.jupiter.engine.execution.InterceptingExecutableInvoker.lambda$invoke$0(InterceptingExecutableInvoker.java:93)
	at org.junit.jupiter.engine.execution.InvocationInterceptorChain$InterceptedInvocation.proceed(InvocationInterceptorChain.java:106)
	at org.junit.jupiter.engine.execution.InvocationInterceptorChain.proceed(InvocationInterceptorChain.java:64)
	at org.junit.jupiter.engine.execution.InvocationInterceptorChain.chainAndInvoke(InvocationInterceptorChain.java:45)
	at org.junit.jupiter.engine.execution.InvocationInterceptorChain.invoke(InvocationInterceptorChain.java:37)
	at org.junit.jupiter.engine.execution.InterceptingExecutableInvoker.invoke(InterceptingExecutableInvoker.java:92)
	at org.junit.jupiter.engine.execution.InterceptingExecutableInvoker.invoke(InterceptingExecutableInvoker.java:86)
	at org.junit.jupiter.engine.descriptor.TestMethodTestDescriptor.lambda$invokeTestMethod$7(TestMethodTestDescriptor.java:218)
	at org.junit.platform.engine.support.hierarchical.ThrowableCollector.execute(ThrowableCollector.java:73)
	at org.junit.jupiter.engine.descriptor.TestMethodTestDescriptor.invokeTestMethod(TestMethodTestDescriptor.java:214)
	at org.junit.jupiter.engine.descriptor.TestMethodTestDescriptor.execute(TestMethodTestDescriptor.java:139)
	at org.junit.jupiter.engine.descriptor.TestMethodTestDescriptor.execute(TestMethodTestDescriptor.java:69)
	at org.junit.platform.engine.support.hierarchical.NodeTestTask.lambda$executeRecursively$6(NodeTestTask.java:151)
	at org.junit.platform.engine.support.hierarchical.ThrowableCollector.execute(ThrowableCollector.java:73)
	at org.junit.platform.engine.support.hierarchical.NodeTestTask.lambda$executeRecursively$8(NodeTestTask.java:141)
	at org.junit.platform.engine.support.hierarchical.Node.around(Node.java:137)
	at org.junit.platform.engine.support.hierarchical.NodeTestTask.lambda$executeRecursively$9(NodeTestTask.java:139)
	at org.junit.platform.engine.support.hierarchical.ThrowableCollector.execute(ThrowableCollector.java:73)
	at org.junit.platform.engine.support.hierarchical.NodeTestTask.executeRecursively(NodeTestTask.java:138)
	at org.junit.platform.engine.support.hierarchical.NodeTestTask.execute(NodeTestTask.java:95)
	at java.util.ArrayList.forEach(ArrayList.java:1259)
	at org.junit.platform.engine.support.hierarchical.SameThreadHierarchicalTestExecutorService.invokeAll(SameThreadHierarchicalTestExecutorService.java:41)
	at org.junit.platform.engine.support.hierarchical.NodeTestTask.lambda$executeRecursively$6(NodeTestTask.java:155)
	at org.junit.platform.engine.support.hierarchical.ThrowableCollector.execute(ThrowableCollector.java:73)
	at org.junit.platform.engine.support.hierarchical.NodeTestTask.lambda$executeRecursively$8(NodeTestTask.java:141)
	at org.junit.platform.engine.support.hierarchical.Node.around(Node.java:137)
	at org.junit.platform.engine.support.hierarchical.NodeTestTask.lambda$executeRecursively$9(NodeTestTask.java:139)
	at org.junit.platform.engine.support.hierarchical.ThrowableCollector.execute(ThrowableCollector.java:73)
	at org.junit.platform.engine.support.hierarchical.NodeTestTask.executeRecursively(NodeTestTask.java:138)
	at org.junit.platform.engine.support.hierarchical.NodeTestTask.execute(NodeTestTask.java:95)
	at java.util.ArrayList.forEach(ArrayList.java:1259)
	at org.junit.platform.engine.support.hierarchical.SameThreadHierarchicalTestExecutorService.invokeAll(SameThreadHierarchicalTestExecutorService.java:41)
	at org.junit.platform.engine.support.hierarchical.NodeTestTask.lambda$executeRecursively$6(NodeTestTask.java:155)
	at org.junit.platform.engine.support.hierarchical.ThrowableCollector.execute(ThrowableCollector.java:73)
	at org.junit.platform.engine.support.hierarchical.NodeTestTask.lambda$executeRecursively$8(NodeTestTask.java:141)
	at org.junit.platform.engine.support.hierarchical.Node.around(Node.java:137)
	at org.junit.platform.engine.support.hierarchical.NodeTestTask.lambda$executeRecursively$9(NodeTestTask.java:139)
	at org.junit.platform.engine.support.hierarchical.ThrowableCollector.execute(ThrowableCollector.java:73)
	at org.junit.platform.engine.support.hierarchical.NodeTestTask.executeRecursively(NodeTestTask.java:138)
	at org.junit.platform.engine.support.hierarchical.NodeTestTask.execute(NodeTestTask.java:95)
	at org.junit.platform.engine.support.hierarchical.SameThreadHierarchicalTestExecutorService.submit(SameThreadHierarchicalTestExecutorService.java:35)
	at org.junit.platform.engine.support.hierarchical.HierarchicalTestExecutor.execute(HierarchicalTestExecutor.java:57)
	at org.junit.platform.engine.support.hierarchical.HierarchicalTestEngine.execute(HierarchicalTestEngine.java:54)
	at org.junit.platform.launcher.core.EngineExecutionOrchestrator.execute(EngineExecutionOrchestrator.java:198)
	at org.junit.platform.launcher.core.EngineExecutionOrchestrator.execute(EngineExecutionOrchestrator.java:169)
	at org.junit.platform.launcher.core.EngineExecutionOrchestrator.execute(EngineExecutionOrchestrator.java:93)
	at org.junit.platform.launcher.core.EngineExecutionOrchestrator.lambda$execute$0(EngineExecutionOrchestrator.java:58)
	at org.junit.platform.launcher.core.EngineExecutionOrchestrator.withInterceptedStreams(EngineExecutionOrchestrator.java:141)
	at org.junit.platform.launcher.core.EngineExecutionOrchestrator.execute(EngineExecutionOrchestrator.java:57)
	at org.junit.platform.launcher.core.DefaultLauncher.execute(DefaultLauncher.java:103)
	at org.junit.platform.launcher.core.DefaultLauncher.execute(DefaultLauncher.java:85)
	at org.junit.platform.launcher.core.DelegatingLauncher.execute(DelegatingLauncher.java:47)
	at org.apache.maven.surefire.junitplatform.LazyLauncher.execute(LazyLauncher.java:56)
	at org.apache.maven.surefire.junitplatform.JUnitPlatformProvider.execute(JUnitPlatformProvider.java:184)
	at org.apache.maven.surefire.junitplatform.JUnitPlatformProvider.invokeAllTests(JUnitPlatformProvider.java:148)
	at org.apache.maven.surefire.junitplatform.JUnitPlatformProvider.invoke(JUnitPlatformProvider.java:120)
	at org.apache.maven.surefire.booter.ForkedBooter.runSuitesInProcess(ForkedBooter.java:385)
	at org.apache.maven.surefire.booter.ForkedBooter.execute(ForkedBooter.java:162)
	at org.apache.maven.surefire.booter.ForkedBooter.run(ForkedBooter.java:507)
	at org.apache.maven.surefire.booter.ForkedBooter.main(ForkedBooter.java:495)
2023-12-19 18:18:26,055 [main] ERROR scm.XceiverClientGrpc (XceiverClientGrpc.java:sendCommandWithRetry(443)) - Failed to execute command ReadChunk on the pipeline Pipeline[ Id: 8f3870ae-d5ad-47e7-81f2-c7dcf68f11f7, Nodes: 8a9232c4-f36b-4377-b9ad-83954010d1e2(fv-az1381-513.cyf22sgur2jupkghqkt4lwlvwe.cx.internal.cloudapp.net/10.1.0.19)cc2d5096-cbf7-4b7f-9694-9910b4c75033(fv-az1381-513.cyf22sgur2jupkghqkt4lwlvwe.cx.internal.cloudapp.net/10.1.0.19)93d2edcd-6a6f-4cb3-ab2d-c0ab5a0bb6d7(fv-az1381-513.cyf22sgur2jupkghqkt4lwlvwe.cx.internal.cloudapp.net/10.1.0.19), ReplicationConfig: STANDALONE/THREE, State:OPEN, leaderId:8a9232c4-f36b-4377-b9ad-83954010d1e2, CreationTimestamp2023-12-19T18:17:58.063Z[Etc/UTC]].
2023-12-19 18:18:26,055 [main] WARN  storage.ContainerProtocolCalls (ContainerProtocolCalls.java:tryEachDatanode(150)) - Failed to read chunk 111677748019200385_chunk_1 (len=12) conID: 13 locID: 111677748019200385 bcsId: 287 from 8a9232c4-f36b-4377-b9ad-83954010d1e2(fv-az1381-513.cyf22sgur2jupkghqkt4lwlvwe.cx.internal.cloudapp.net/10.1.0.19); will try another datanode.
org.apache.hadoop.ozone.common.OzoneChecksumException: Checksum mismatch at index 0
	at org.apache.hadoop.ozone.common.ChecksumData.verifyChecksumDataMatches(ChecksumData.java:139)
	at org.apache.hadoop.ozone.common.Checksum.verifyChecksum(Checksum.java:300)
	at org.apache.hadoop.hdds.scm.storage.ChunkInputStream.validateChunk(ChunkInputStream.java:488)
	at org.apache.hadoop.hdds.scm.XceiverClientGrpc.sendCommandWithRetry(XceiverClientGrpc.java:400)
	at org.apache.hadoop.hdds.scm.XceiverClientGrpc.lambda$sendCommandWithTraceIDAndRetry$0(XceiverClientGrpc.java:340)
	at org.apache.hadoop.hdds.tracing.TracingUtil.executeInSpan(TracingUtil.java:169)
	at org.apache.hadoop.hdds.tracing.TracingUtil.executeInNewSpan(TracingUtil.java:149)
	at org.apache.hadoop.hdds.scm.XceiverClientGrpc.sendCommandWithTraceIDAndRetry(XceiverClientGrpc.java:335)
	at org.apache.hadoop.hdds.scm.XceiverClientGrpc.sendCommand(XceiverClientGrpc.java:316)
	at org.apache.hadoop.hdds.scm.storage.ContainerProtocolCalls.readChunk(ContainerProtocolCalls.java:356)
	at org.apache.hadoop.hdds.scm.storage.ContainerProtocolCalls.lambda$readChunk$2(ContainerProtocolCalls.java:343)
	at org.apache.hadoop.hdds.scm.storage.ContainerProtocolCalls.tryEachDatanode(ContainerProtocolCalls.java:146)
	at org.apache.hadoop.hdds.scm.storage.ContainerProtocolCalls.readChunk(ContainerProtocolCalls.java:342)
	at org.apache.hadoop.hdds.scm.storage.ChunkInputStream.readChunk(ChunkInputStream.java:425)
	at org.apache.hadoop.hdds.scm.storage.ChunkInputStream.readChunkDataIntoBuffers(ChunkInputStream.java:402)
	at org.apache.hadoop.hdds.scm.storage.ChunkInputStream.readChunkFromContainer(ChunkInputStream.java:387)
	at org.apache.hadoop.hdds.scm.storage.ChunkInputStream.prepareRead(ChunkInputStream.java:329)
	at org.apache.hadoop.hdds.scm.storage.ChunkInputStream.read(ChunkInputStream.java:173)
	at org.apache.hadoop.hdds.scm.storage.ByteArrayReader.readFromBlock(ByteArrayReader.java:54)
	at org.apache.hadoop.hdds.scm.storage.BlockInputStream.readWithStrategy(BlockInputStream.java:354)
	at org.apache.hadoop.hdds.scm.storage.ExtendedInputStream.read(ExtendedInputStream.java:56)
	at org.apache.hadoop.hdds.scm.storage.ByteArrayReader.readFromBlock(ByteArrayReader.java:54)
	at org.apache.hadoop.hdds.scm.storage.MultipartInputStream.readWithStrategy(MultipartInputStream.java:96)
	at org.apache.hadoop.hdds.scm.storage.ExtendedInputStream.read(ExtendedInputStream.java:56)
	at org.apache.hadoop.ozone.client.io.OzoneInputStream.read(OzoneInputStream.java:56)
	at java.io.InputStream.read(InputStream.java:101)
	at org.apache.hadoop.ozone.client.rpc.TestOzoneRpcClientAbstract.testReadKeyWithCorruptedDataWithMutiNodes(TestOzoneRpcClientAbstract.java:2096)
	at sun.reflect.NativeMethodAccessorImpl.invoke0(Native Method)
	at sun.reflect.NativeMethodAccessorImpl.invoke(NativeMethodAccessorImpl.java:62)
	at sun.reflect.DelegatingMethodAccessorImpl.invoke(DelegatingMethodAccessorImpl.java:43)
	at java.lang.reflect.Method.invoke(Method.java:498)
	at org.junit.platform.commons.util.ReflectionUtils.invokeMethod(ReflectionUtils.java:728)
	at org.junit.jupiter.engine.execution.MethodInvocation.proceed(MethodInvocation.java:60)
	at org.junit.jupiter.engine.execution.InvocationInterceptorChain$ValidatingInvocation.proceed(InvocationInterceptorChain.java:131)
	at org.junit.jupiter.engine.extension.SameThreadTimeoutInvocation.proceed(SameThreadTimeoutInvocation.java:45)
	at org.junit.jupiter.engine.extension.TimeoutExtension.intercept(TimeoutExtension.java:156)
	at org.junit.jupiter.engine.extension.TimeoutExtension.interceptTestableMethod(TimeoutExtension.java:147)
	at org.junit.jupiter.engine.extension.TimeoutExtension.interceptTestMethod(TimeoutExtension.java:86)
	at org.junit.jupiter.engine.execution.InterceptingExecutableInvoker$ReflectiveInterceptorCall.lambda$ofVoidMethod$0(InterceptingExecutableInvoker.java:103)
	at org.junit.jupiter.engine.execution.InterceptingExecutableInvoker.lambda$invoke$0(InterceptingExecutableInvoker.java:93)
	at org.junit.jupiter.engine.execution.InvocationInterceptorChain$InterceptedInvocation.proceed(InvocationInterceptorChain.java:106)
	at org.junit.jupiter.engine.execution.InvocationInterceptorChain.proceed(InvocationInterceptorChain.java:64)
	at org.junit.jupiter.engine.execution.InvocationInterceptorChain.chainAndInvoke(InvocationInterceptorChain.java:45)
	at org.junit.jupiter.engine.execution.InvocationInterceptorChain.invoke(InvocationInterceptorChain.java:37)
	at org.junit.jupiter.engine.execution.InterceptingExecutableInvoker.invoke(InterceptingExecutableInvoker.java:92)
	at org.junit.jupiter.engine.execution.InterceptingExecutableInvoker.invoke(InterceptingExecutableInvoker.java:86)
	at org.junit.jupiter.engine.descriptor.TestMethodTestDescriptor.lambda$invokeTestMethod$7(TestMethodTestDescriptor.java:218)
	at org.junit.platform.engine.support.hierarchical.ThrowableCollector.execute(ThrowableCollector.java:73)
	at org.junit.jupiter.engine.descriptor.TestMethodTestDescriptor.invokeTestMethod(TestMethodTestDescriptor.java:214)
	at org.junit.jupiter.engine.descriptor.TestMethodTestDescriptor.execute(TestMethodTestDescriptor.java:139)
	at org.junit.jupiter.engine.descriptor.TestMethodTestDescriptor.execute(TestMethodTestDescriptor.java:69)
	at org.junit.platform.engine.support.hierarchical.NodeTestTask.lambda$executeRecursively$6(NodeTestTask.java:151)
	at org.junit.platform.engine.support.hierarchical.ThrowableCollector.execute(ThrowableCollector.java:73)
	at org.junit.platform.engine.support.hierarchical.NodeTestTask.lambda$executeRecursively$8(NodeTestTask.java:141)
	at org.junit.platform.engine.support.hierarchical.Node.around(Node.java:137)
	at org.junit.platform.engine.support.hierarchical.NodeTestTask.lambda$executeRecursively$9(NodeTestTask.java:139)
	at org.junit.platform.engine.support.hierarchical.ThrowableCollector.execute(ThrowableCollector.java:73)
	at org.junit.platform.engine.support.hierarchical.NodeTestTask.executeRecursively(NodeTestTask.java:138)
	at org.junit.platform.engine.support.hierarchical.NodeTestTask.execute(NodeTestTask.java:95)
	at java.util.ArrayList.forEach(ArrayList.java:1259)
	at org.junit.platform.engine.support.hierarchical.SameThreadHierarchicalTestExecutorService.invokeAll(SameThreadHierarchicalTestExecutorService.java:41)
	at org.junit.platform.engine.support.hierarchical.NodeTestTask.lambda$executeRecursively$6(NodeTestTask.java:155)
	at org.junit.platform.engine.support.hierarchical.ThrowableCollector.execute(ThrowableCollector.java:73)
	at org.junit.platform.engine.support.hierarchical.NodeTestTask.lambda$executeRecursively$8(NodeTestTask.java:141)
	at org.junit.platform.engine.support.hierarchical.Node.around(Node.java:137)
	at org.junit.platform.engine.support.hierarchical.NodeTestTask.lambda$executeRecursively$9(NodeTestTask.java:139)
	at org.junit.platform.engine.support.hierarchical.ThrowableCollector.execute(ThrowableCollector.java:73)
	at org.junit.platform.engine.support.hierarchical.NodeTestTask.executeRecursively(NodeTestTask.java:138)
	at org.junit.platform.engine.support.hierarchical.NodeTestTask.execute(NodeTestTask.java:95)
	at java.util.ArrayList.forEach(ArrayList.java:1259)
	at org.junit.platform.engine.support.hierarchical.SameThreadHierarchicalTestExecutorService.invokeAll(SameThreadHierarchicalTestExecutorService.java:41)
	at org.junit.platform.engine.support.hierarchical.NodeTestTask.lambda$executeRecursively$6(NodeTestTask.java:155)
	at org.junit.platform.engine.support.hierarchical.ThrowableCollector.execute(ThrowableCollector.java:73)
	at org.junit.platform.engine.support.hierarchical.NodeTestTask.lambda$executeRecursively$8(NodeTestTask.java:141)
	at org.junit.platform.engine.support.hierarchical.Node.around(Node.java:137)
	at org.junit.platform.engine.support.hierarchical.NodeTestTask.lambda$executeRecursively$9(NodeTestTask.java:139)
	at org.junit.platform.engine.support.hierarchical.ThrowableCollector.execute(ThrowableCollector.java:73)
	at org.junit.platform.engine.support.hierarchical.NodeTestTask.executeRecursively(NodeTestTask.java:138)
	at org.junit.platform.engine.support.hierarchical.NodeTestTask.execute(NodeTestTask.java:95)
	at org.junit.platform.engine.support.hierarchical.SameThreadHierarchicalTestExecutorService.submit(SameThreadHierarchicalTestExecutorService.java:35)
	at org.junit.platform.engine.support.hierarchical.HierarchicalTestExecutor.execute(HierarchicalTestExecutor.java:57)
	at org.junit.platform.engine.support.hierarchical.HierarchicalTestEngine.execute(HierarchicalTestEngine.java:54)
	at org.junit.platform.launcher.core.EngineExecutionOrchestrator.execute(EngineExecutionOrchestrator.java:198)
	at org.junit.platform.launcher.core.EngineExecutionOrchestrator.execute(EngineExecutionOrchestrator.java:169)
	at org.junit.platform.launcher.core.EngineExecutionOrchestrator.execute(EngineExecutionOrchestrator.java:93)
	at org.junit.platform.launcher.core.EngineExecutionOrchestrator.lambda$execute$0(EngineExecutionOrchestrator.java:58)
	at org.junit.platform.launcher.core.EngineExecutionOrchestrator.withInterceptedStreams(EngineExecutionOrchestrator.java:141)
	at org.junit.platform.launcher.core.EngineExecutionOrchestrator.execute(EngineExecutionOrchestrator.java:57)
	at org.junit.platform.launcher.core.DefaultLauncher.execute(DefaultLauncher.java:103)
	at org.junit.platform.launcher.core.DefaultLauncher.execute(DefaultLauncher.java:85)
	at org.junit.platform.launcher.core.DelegatingLauncher.execute(DelegatingLauncher.java:47)
	at org.apache.maven.surefire.junitplatform.LazyLauncher.execute(LazyLauncher.java:56)
	at org.apache.maven.surefire.junitplatform.JUnitPlatformProvider.execute(JUnitPlatformProvider.java:184)
	at org.apache.maven.surefire.junitplatform.JUnitPlatformProvider.invokeAllTests(JUnitPlatformProvider.java:148)
	at org.apache.maven.surefire.junitplatform.JUnitPlatformProvider.invoke(JUnitPlatformProvider.java:120)
	at org.apache.maven.surefire.booter.ForkedBooter.runSuitesInProcess(ForkedBooter.java:385)
	at org.apache.maven.surefire.booter.ForkedBooter.execute(ForkedBooter.java:162)
	at org.apache.maven.surefire.booter.ForkedBooter.run(ForkedBooter.java:507)
	at org.apache.maven.surefire.booter.ForkedBooter.main(ForkedBooter.java:495)
2023-12-19 18:18:26,059 [main] ERROR scm.XceiverClientGrpc (XceiverClientGrpc.java:sendCommandWithRetry(443)) - Failed to execute command ReadChunk on the pipeline Pipeline[ Id: 8f3870ae-d5ad-47e7-81f2-c7dcf68f11f7, Nodes: 8a9232c4-f36b-4377-b9ad-83954010d1e2(fv-az1381-513.cyf22sgur2jupkghqkt4lwlvwe.cx.internal.cloudapp.net/10.1.0.19)cc2d5096-cbf7-4b7f-9694-9910b4c75033(fv-az1381-513.cyf22sgur2jupkghqkt4lwlvwe.cx.internal.cloudapp.net/10.1.0.19)93d2edcd-6a6f-4cb3-ab2d-c0ab5a0bb6d7(fv-az1381-513.cyf22sgur2jupkghqkt4lwlvwe.cx.internal.cloudapp.net/10.1.0.19), ReplicationConfig: STANDALONE/THREE, State:OPEN, leaderId:8a9232c4-f36b-4377-b9ad-83954010d1e2, CreationTimestamp2023-12-19T18:17:58.063Z[Etc/UTC]].
2023-12-19 18:18:26,061 [main] ERROR scm.XceiverClientGrpc (XceiverClientGrpc.java:sendCommandWithRetry(443)) - Failed to execute command ReadChunk on the pipeline Pipeline[ Id: 8f3870ae-d5ad-47e7-81f2-c7dcf68f11f7, Nodes: 8a9232c4-f36b-4377-b9ad-83954010d1e2(fv-az1381-513.cyf22sgur2jupkghqkt4lwlvwe.cx.internal.cloudapp.net/10.1.0.19)cc2d5096-cbf7-4b7f-9694-9910b4c75033(fv-az1381-513.cyf22sgur2jupkghqkt4lwlvwe.cx.internal.cloudapp.net/10.1.0.19)93d2edcd-6a6f-4cb3-ab2d-c0ab5a0bb6d7(fv-az1381-513.cyf22sgur2jupkghqkt4lwlvwe.cx.internal.cloudapp.net/10.1.0.19), ReplicationConfig: STANDALONE/THREE, State:OPEN, leaderId:8a9232c4-f36b-4377-b9ad-83954010d1e2, CreationTimestamp2023-12-19T18:17:58.063Z[Etc/UTC]].
2023-12-19 18:18:26,061 [main] WARN  storage.ContainerProtocolCalls (ContainerProtocolCalls.java:tryEachDatanode(150)) - Failed to read chunk 111677748019200385_chunk_1 (len=12) conID: 13 locID: 111677748019200385 bcsId: 287 from cc2d5096-cbf7-4b7f-9694-9910b4c75033(fv-az1381-513.cyf22sgur2jupkghqkt4lwlvwe.cx.internal.cloudapp.net/10.1.0.19); will try another datanode.
org.apache.hadoop.ozone.common.OzoneChecksumException: Checksum mismatch at index 0
	at org.apache.hadoop.ozone.common.ChecksumData.verifyChecksumDataMatches(ChecksumData.java:139)
	at org.apache.hadoop.ozone.common.Checksum.verifyChecksum(Checksum.java:300)
	at org.apache.hadoop.hdds.scm.storage.ChunkInputStream.validateChunk(ChunkInputStream.java:488)
	at org.apache.hadoop.hdds.scm.XceiverClientGrpc.sendCommandWithRetry(XceiverClientGrpc.java:400)
	at org.apache.hadoop.hdds.scm.XceiverClientGrpc.lambda$sendCommandWithTraceIDAndRetry$0(XceiverClientGrpc.java:340)
	at org.apache.hadoop.hdds.tracing.TracingUtil.executeInSpan(TracingUtil.java:169)
	at org.apache.hadoop.hdds.tracing.TracingUtil.executeInNewSpan(TracingUtil.java:149)
	at org.apache.hadoop.hdds.scm.XceiverClientGrpc.sendCommandWithTraceIDAndRetry(XceiverClientGrpc.java:335)
	at org.apache.hadoop.hdds.scm.XceiverClientGrpc.sendCommand(XceiverClientGrpc.java:316)
	at org.apache.hadoop.hdds.scm.storage.ContainerProtocolCalls.readChunk(ContainerProtocolCalls.java:356)
	at org.apache.hadoop.hdds.scm.storage.ContainerProtocolCalls.lambda$readChunk$2(ContainerProtocolCalls.java:343)
	at org.apache.hadoop.hdds.scm.storage.ContainerProtocolCalls.tryEachDatanode(ContainerProtocolCalls.java:146)
	at org.apache.hadoop.hdds.scm.storage.ContainerProtocolCalls.readChunk(ContainerProtocolCalls.java:342)
	at org.apache.hadoop.hdds.scm.storage.ChunkInputStream.readChunk(ChunkInputStream.java:425)
	at org.apache.hadoop.hdds.scm.storage.ChunkInputStream.readChunkDataIntoBuffers(ChunkInputStream.java:402)
	at org.apache.hadoop.hdds.scm.storage.ChunkInputStream.readChunkFromContainer(ChunkInputStream.java:387)
	at org.apache.hadoop.hdds.scm.storage.ChunkInputStream.prepareRead(ChunkInputStream.java:319)
	at org.apache.hadoop.hdds.scm.storage.ChunkInputStream.read(ChunkInputStream.java:173)
	at org.apache.hadoop.hdds.scm.storage.ByteArrayReader.readFromBlock(ByteArrayReader.java:54)
	at org.apache.hadoop.hdds.scm.storage.BlockInputStream.readWithStrategy(BlockInputStream.java:354)
	at org.apache.hadoop.hdds.scm.storage.ExtendedInputStream.read(ExtendedInputStream.java:56)
	at org.apache.hadoop.hdds.scm.storage.ByteArrayReader.readFromBlock(ByteArrayReader.java:54)
	at org.apache.hadoop.hdds.scm.storage.MultipartInputStream.readWithStrategy(MultipartInputStream.java:96)
	at org.apache.hadoop.hdds.scm.storage.ExtendedInputStream.read(ExtendedInputStream.java:56)
	at org.apache.hadoop.ozone.client.io.OzoneInputStream.read(OzoneInputStream.java:56)
	at java.io.InputStream.read(InputStream.java:101)
	at org.apache.hadoop.ozone.client.rpc.TestOzoneRpcClientAbstract.testReadKeyWithCorruptedDataWithMutiNodes(TestOzoneRpcClientAbstract.java:2096)
	at sun.reflect.NativeMethodAccessorImpl.invoke0(Native Method)
	at sun.reflect.NativeMethodAccessorImpl.invoke(NativeMethodAccessorImpl.java:62)
	at sun.reflect.DelegatingMethodAccessorImpl.invoke(DelegatingMethodAccessorImpl.java:43)
	at java.lang.reflect.Method.invoke(Method.java:498)
	at org.junit.platform.commons.util.ReflectionUtils.invokeMethod(ReflectionUtils.java:728)
	at org.junit.jupiter.engine.execution.MethodInvocation.proceed(MethodInvocation.java:60)
	at org.junit.jupiter.engine.execution.InvocationInterceptorChain$ValidatingInvocation.proceed(InvocationInterceptorChain.java:131)
	at org.junit.jupiter.engine.extension.SameThreadTimeoutInvocation.proceed(SameThreadTimeoutInvocation.java:45)
	at org.junit.jupiter.engine.extension.TimeoutExtension.intercept(TimeoutExtension.java:156)
	at org.junit.jupiter.engine.extension.TimeoutExtension.interceptTestableMethod(TimeoutExtension.java:147)
	at org.junit.jupiter.engine.extension.TimeoutExtension.interceptTestMethod(TimeoutExtension.java:86)
	at org.junit.jupiter.engine.execution.InterceptingExecutableInvoker$ReflectiveInterceptorCall.lambda$ofVoidMethod$0(InterceptingExecutableInvoker.java:103)
	at org.junit.jupiter.engine.execution.InterceptingExecutableInvoker.lambda$invoke$0(InterceptingExecutableInvoker.java:93)
	at org.junit.jupiter.engine.execution.InvocationInterceptorChain$InterceptedInvocation.proceed(InvocationInterceptorChain.java:106)
	at org.junit.jupiter.engine.execution.InvocationInterceptorChain.proceed(InvocationInterceptorChain.java:64)
	at org.junit.jupiter.engine.execution.InvocationInterceptorChain.chainAndInvoke(InvocationInterceptorChain.java:45)
	at org.junit.jupiter.engine.execution.InvocationInterceptorChain.invoke(InvocationInterceptorChain.java:37)
	at org.junit.jupiter.engine.execution.InterceptingExecutableInvoker.invoke(InterceptingExecutableInvoker.java:92)
	at org.junit.jupiter.engine.execution.InterceptingExecutableInvoker.invoke(InterceptingExecutableInvoker.java:86)
	at org.junit.jupiter.engine.descriptor.TestMethodTestDescriptor.lambda$invokeTestMethod$7(TestMethodTestDescriptor.java:218)
	at org.junit.platform.engine.support.hierarchical.ThrowableCollector.execute(ThrowableCollector.java:73)
	at org.junit.jupiter.engine.descriptor.TestMethodTestDescriptor.invokeTestMethod(TestMethodTestDescriptor.java:214)
	at org.junit.jupiter.engine.descriptor.TestMethodTestDescriptor.execute(TestMethodTestDescriptor.java:139)
	at org.junit.jupiter.engine.descriptor.TestMethodTestDescriptor.execute(TestMethodTestDescriptor.java:69)
	at org.junit.platform.engine.support.hierarchical.NodeTestTask.lambda$executeRecursively$6(NodeTestTask.java:151)
	at org.junit.platform.engine.support.hierarchical.ThrowableCollector.execute(ThrowableCollector.java:73)
	at org.junit.platform.engine.support.hierarchical.NodeTestTask.lambda$executeRecursively$8(NodeTestTask.java:141)
	at org.junit.platform.engine.support.hierarchical.Node.around(Node.java:137)
	at org.junit.platform.engine.support.hierarchical.NodeTestTask.lambda$executeRecursively$9(NodeTestTask.java:139)
	at org.junit.platform.engine.support.hierarchical.ThrowableCollector.execute(ThrowableCollector.java:73)
	at org.junit.platform.engine.support.hierarchical.NodeTestTask.executeRecursively(NodeTestTask.java:138)
	at org.junit.platform.engine.support.hierarchical.NodeTestTask.execute(NodeTestTask.java:95)
	at java.util.ArrayList.forEach(ArrayList.java:1259)
	at org.junit.platform.engine.support.hierarchical.SameThreadHierarchicalTestExecutorService.invokeAll(SameThreadHierarchicalTestExecutorService.java:41)
	at org.junit.platform.engine.support.hierarchical.NodeTestTask.lambda$executeRecursively$6(NodeTestTask.java:155)
	at org.junit.platform.engine.support.hierarchical.ThrowableCollector.execute(ThrowableCollector.java:73)
	at org.junit.platform.engine.support.hierarchical.NodeTestTask.lambda$executeRecursively$8(NodeTestTask.java:141)
	at org.junit.platform.engine.support.hierarchical.Node.around(Node.java:137)
	at org.junit.platform.engine.support.hierarchical.NodeTestTask.lambda$executeRecursively$9(NodeTestTask.java:139)
	at org.junit.platform.engine.support.hierarchical.ThrowableCollector.execute(ThrowableCollector.java:73)
	at org.junit.platform.engine.support.hierarchical.NodeTestTask.executeRecursively(NodeTestTask.java:138)
	at org.junit.platform.engine.support.hierarchical.NodeTestTask.execute(NodeTestTask.java:95)
	at java.util.ArrayList.forEach(ArrayList.java:1259)
	at org.junit.platform.engine.support.hierarchical.SameThreadHierarchicalTestExecutorService.invokeAll(SameThreadHierarchicalTestExecutorService.java:41)
	at org.junit.platform.engine.support.hierarchical.NodeTestTask.lambda$executeRecursively$6(NodeTestTask.java:155)
	at org.junit.platform.engine.support.hierarchical.ThrowableCollector.execute(ThrowableCollector.java:73)
	at org.junit.platform.engine.support.hierarchical.NodeTestTask.lambda$executeRecursively$8(NodeTestTask.java:141)
	at org.junit.platform.engine.support.hierarchical.Node.around(Node.java:137)
	at org.junit.platform.engine.support.hierarchical.NodeTestTask.lambda$executeRecursively$9(NodeTestTask.java:139)
	at org.junit.platform.engine.support.hierarchical.ThrowableCollector.execute(ThrowableCollector.java:73)
	at org.junit.platform.engine.support.hierarchical.NodeTestTask.executeRecursively(NodeTestTask.java:138)
	at org.junit.platform.engine.support.hierarchical.NodeTestTask.execute(NodeTestTask.java:95)
	at org.junit.platform.engine.support.hierarchical.SameThreadHierarchicalTestExecutorService.submit(SameThreadHierarchicalTestExecutorService.java:35)
	at org.junit.platform.engine.support.hierarchical.HierarchicalTestExecutor.execute(HierarchicalTestExecutor.java:57)
	at org.junit.platform.engine.support.hierarchical.HierarchicalTestEngine.execute(HierarchicalTestEngine.java:54)
	at org.junit.platform.launcher.core.EngineExecutionOrchestrator.execute(EngineExecutionOrchestrator.java:198)
	at org.junit.platform.launcher.core.EngineExecutionOrchestrator.execute(EngineExecutionOrchestrator.java:169)
	at org.junit.platform.launcher.core.EngineExecutionOrchestrator.execute(EngineExecutionOrchestrator.java:93)
	at org.junit.platform.launcher.core.EngineExecutionOrchestrator.lambda$execute$0(EngineExecutionOrchestrator.java:58)
	at org.junit.platform.launcher.core.EngineExecutionOrchestrator.withInterceptedStreams(EngineExecutionOrchestrator.java:141)
	at org.junit.platform.launcher.core.EngineExecutionOrchestrator.execute(EngineExecutionOrchestrator.java:57)
	at org.junit.platform.launcher.core.DefaultLauncher.execute(DefaultLauncher.java:103)
	at org.junit.platform.launcher.core.DefaultLauncher.execute(DefaultLauncher.java:85)
	at org.junit.platform.launcher.core.DelegatingLauncher.execute(DelegatingLauncher.java:47)
	at org.apache.maven.surefire.junitplatform.LazyLauncher.execute(LazyLauncher.java:56)
	at org.apache.maven.surefire.junitplatform.JUnitPlatformProvider.execute(JUnitPlatformProvider.java:184)
	at org.apache.maven.surefire.junitplatform.JUnitPlatformProvider.invokeAllTests(JUnitPlatformProvider.java:148)
	at org.apache.maven.surefire.junitplatform.JUnitPlatformProvider.invoke(JUnitPlatformProvider.java:120)
	at org.apache.maven.surefire.booter.ForkedBooter.runSuitesInProcess(ForkedBooter.java:385)
	at org.apache.maven.surefire.booter.ForkedBooter.execute(ForkedBooter.java:162)
	at org.apache.maven.surefire.booter.ForkedBooter.run(ForkedBooter.java:507)
	at org.apache.maven.surefire.booter.ForkedBooter.main(ForkedBooter.java:495)
2023-12-19 18:18:26,064 [main] ERROR scm.XceiverClientGrpc (XceiverClientGrpc.java:sendCommandWithRetry(443)) - Failed to execute command ReadChunk on the pipeline Pipeline[ Id: 8f3870ae-d5ad-47e7-81f2-c7dcf68f11f7, Nodes: 8a9232c4-f36b-4377-b9ad-83954010d1e2(fv-az1381-513.cyf22sgur2jupkghqkt4lwlvwe.cx.internal.cloudapp.net/10.1.0.19)cc2d5096-cbf7-4b7f-9694-9910b4c75033(fv-az1381-513.cyf22sgur2jupkghqkt4lwlvwe.cx.internal.cloudapp.net/10.1.0.19)93d2edcd-6a6f-4cb3-ab2d-c0ab5a0bb6d7(fv-az1381-513.cyf22sgur2jupkghqkt4lwlvwe.cx.internal.cloudapp.net/10.1.0.19), ReplicationConfig: STANDALONE/THREE, State:OPEN, leaderId:8a9232c4-f36b-4377-b9ad-83954010d1e2, CreationTimestamp2023-12-19T18:17:58.063Z[Etc/UTC]].
2023-12-19 18:18:26,065 [main] WARN  storage.ContainerProtocolCalls (ContainerProtocolCalls.java:tryEachDatanode(150)) - Failed to read chunk 111677748019200385_chunk_1 (len=12) conID: 13 locID: 111677748019200385 bcsId: 287 from 8a9232c4-f36b-4377-b9ad-83954010d1e2(fv-az1381-513.cyf22sgur2jupkghqkt4lwlvwe.cx.internal.cloudapp.net/10.1.0.19); will try another datanode.
org.apache.hadoop.ozone.common.OzoneChecksumException: Checksum mismatch at index 0
	at org.apache.hadoop.ozone.common.ChecksumData.verifyChecksumDataMatches(ChecksumData.java:139)
	at org.apache.hadoop.ozone.common.Checksum.verifyChecksum(Checksum.java:300)
	at org.apache.hadoop.hdds.scm.storage.ChunkInputStream.validateChunk(ChunkInputStream.java:488)
	at org.apache.hadoop.hdds.scm.XceiverClientGrpc.sendCommandWithRetry(XceiverClientGrpc.java:400)
	at org.apache.hadoop.hdds.scm.XceiverClientGrpc.lambda$sendCommandWithTraceIDAndRetry$0(XceiverClientGrpc.java:340)
	at org.apache.hadoop.hdds.tracing.TracingUtil.executeInSpan(TracingUtil.java:169)
	at org.apache.hadoop.hdds.tracing.TracingUtil.executeInNewSpan(TracingUtil.java:149)
	at org.apache.hadoop.hdds.scm.XceiverClientGrpc.sendCommandWithTraceIDAndRetry(XceiverClientGrpc.java:335)
	at org.apache.hadoop.hdds.scm.XceiverClientGrpc.sendCommand(XceiverClientGrpc.java:316)
	at org.apache.hadoop.hdds.scm.storage.ContainerProtocolCalls.readChunk(ContainerProtocolCalls.java:356)
	at org.apache.hadoop.hdds.scm.storage.ContainerProtocolCalls.lambda$readChunk$2(ContainerProtocolCalls.java:343)
	at org.apache.hadoop.hdds.scm.storage.ContainerProtocolCalls.tryEachDatanode(ContainerProtocolCalls.java:146)
	at org.apache.hadoop.hdds.scm.storage.ContainerProtocolCalls.readChunk(ContainerProtocolCalls.java:342)
	at org.apache.hadoop.hdds.scm.storage.ChunkInputStream.readChunk(ChunkInputStream.java:425)
	at org.apache.hadoop.hdds.scm.storage.ChunkInputStream.readChunkDataIntoBuffers(ChunkInputStream.java:402)
	at org.apache.hadoop.hdds.scm.storage.ChunkInputStream.readChunkFromContainer(ChunkInputStream.java:387)
	at org.apache.hadoop.hdds.scm.storage.ChunkInputStream.prepareRead(ChunkInputStream.java:319)
	at org.apache.hadoop.hdds.scm.storage.ChunkInputStream.read(ChunkInputStream.java:173)
	at org.apache.hadoop.hdds.scm.storage.ByteArrayReader.readFromBlock(ByteArrayReader.java:54)
	at org.apache.hadoop.hdds.scm.storage.BlockInputStream.readWithStrategy(BlockInputStream.java:354)
	at org.apache.hadoop.hdds.scm.storage.ExtendedInputStream.read(ExtendedInputStream.java:56)
	at org.apache.hadoop.hdds.scm.storage.ByteArrayReader.readFromBlock(ByteArrayReader.java:54)
	at org.apache.hadoop.hdds.scm.storage.MultipartInputStream.readWithStrategy(MultipartInputStream.java:96)
	at org.apache.hadoop.hdds.scm.storage.ExtendedInputStream.read(ExtendedInputStream.java:56)
	at org.apache.hadoop.ozone.client.io.OzoneInputStream.read(OzoneInputStream.java:56)
	at java.io.InputStream.read(InputStream.java:101)
	at org.apache.hadoop.ozone.client.rpc.TestOzoneRpcClientAbstract.testReadKeyWithCorruptedDataWithMutiNodes(TestOzoneRpcClientAbstract.java:2096)
	at sun.reflect.NativeMethodAccessorImpl.invoke0(Native Method)
	at sun.reflect.NativeMethodAccessorImpl.invoke(NativeMethodAccessorImpl.java:62)
	at sun.reflect.DelegatingMethodAccessorImpl.invoke(DelegatingMethodAccessorImpl.java:43)
	at java.lang.reflect.Method.invoke(Method.java:498)
	at org.junit.platform.commons.util.ReflectionUtils.invokeMethod(ReflectionUtils.java:728)
	at org.junit.jupiter.engine.execution.MethodInvocation.proceed(MethodInvocation.java:60)
	at org.junit.jupiter.engine.execution.InvocationInterceptorChain$ValidatingInvocation.proceed(InvocationInterceptorChain.java:131)
	at org.junit.jupiter.engine.extension.SameThreadTimeoutInvocation.proceed(SameThreadTimeoutInvocation.java:45)
	at org.junit.jupiter.engine.extension.TimeoutExtension.intercept(TimeoutExtension.java:156)
	at org.junit.jupiter.engine.extension.TimeoutExtension.interceptTestableMethod(TimeoutExtension.java:147)
	at org.junit.jupiter.engine.extension.TimeoutExtension.interceptTestMethod(TimeoutExtension.java:86)
	at org.junit.jupiter.engine.execution.InterceptingExecutableInvoker$ReflectiveInterceptorCall.lambda$ofVoidMethod$0(InterceptingExecutableInvoker.java:103)
	at org.junit.jupiter.engine.execution.InterceptingExecutableInvoker.lambda$invoke$0(InterceptingExecutableInvoker.java:93)
	at org.junit.jupiter.engine.execution.InvocationInterceptorChain$InterceptedInvocation.proceed(InvocationInterceptorChain.java:106)
	at org.junit.jupiter.engine.execution.InvocationInterceptorChain.proceed(InvocationInterceptorChain.java:64)
	at org.junit.jupiter.engine.execution.InvocationInterceptorChain.chainAndInvoke(InvocationInterceptorChain.java:45)
	at org.junit.jupiter.engine.execution.InvocationInterceptorChain.invoke(InvocationInterceptorChain.java:37)
	at org.junit.jupiter.engine.execution.InterceptingExecutableInvoker.invoke(InterceptingExecutableInvoker.java:92)
	at org.junit.jupiter.engine.execution.InterceptingExecutableInvoker.invoke(InterceptingExecutableInvoker.java:86)
	at org.junit.jupiter.engine.descriptor.TestMethodTestDescriptor.lambda$invokeTestMethod$7(TestMethodTestDescriptor.java:218)
	at org.junit.platform.engine.support.hierarchical.ThrowableCollector.execute(ThrowableCollector.java:73)
	at org.junit.jupiter.engine.descriptor.TestMethodTestDescriptor.invokeTestMethod(TestMethodTestDescriptor.java:214)
	at org.junit.jupiter.engine.descriptor.TestMethodTestDescriptor.execute(TestMethodTestDescriptor.java:139)
	at org.junit.jupiter.engine.descriptor.TestMethodTestDescriptor.execute(TestMethodTestDescriptor.java:69)
	at org.junit.platform.engine.support.hierarchical.NodeTestTask.lambda$executeRecursively$6(NodeTestTask.java:151)
	at org.junit.platform.engine.support.hierarchical.ThrowableCollector.execute(ThrowableCollector.java:73)
	at org.junit.platform.engine.support.hierarchical.NodeTestTask.lambda$executeRecursively$8(NodeTestTask.java:141)
	at org.junit.platform.engine.support.hierarchical.Node.around(Node.java:137)
	at org.junit.platform.engine.support.hierarchical.NodeTestTask.lambda$executeRecursively$9(NodeTestTask.java:139)
	at org.junit.platform.engine.support.hierarchical.ThrowableCollector.execute(ThrowableCollector.java:73)
	at org.junit.platform.engine.support.hierarchical.NodeTestTask.executeRecursively(NodeTestTask.java:138)
	at org.junit.platform.engine.support.hierarchical.NodeTestTask.execute(NodeTestTask.java:95)
	at java.util.ArrayList.forEach(ArrayList.java:1259)
	at org.junit.platform.engine.support.hierarchical.SameThreadHierarchicalTestExecutorService.invokeAll(SameThreadHierarchicalTestExecutorService.java:41)
	at org.junit.platform.engine.support.hierarchical.NodeTestTask.lambda$executeRecursively$6(NodeTestTask.java:155)
	at org.junit.platform.engine.support.hierarchical.ThrowableCollector.execute(ThrowableCollector.java:73)
	at org.junit.platform.engine.support.hierarchical.NodeTestTask.lambda$executeRecursively$8(NodeTestTask.java:141)
	at org.junit.platform.engine.support.hierarchical.Node.around(Node.java:137)
	at org.junit.platform.engine.support.hierarchical.NodeTestTask.lambda$executeRecursively$9(NodeTestTask.java:139)
	at org.junit.platform.engine.support.hierarchical.ThrowableCollector.execute(ThrowableCollector.java:73)
	at org.junit.platform.engine.support.hierarchical.NodeTestTask.executeRecursively(NodeTestTask.java:138)
	at org.junit.platform.engine.support.hierarchical.NodeTestTask.execute(NodeTestTask.java:95)
	at java.util.ArrayList.forEach(ArrayList.java:1259)
	at org.junit.platform.engine.support.hierarchical.SameThreadHierarchicalTestExecutorService.invokeAll(SameThreadHierarchicalTestExecutorService.java:41)
	at org.junit.platform.engine.support.hierarchical.NodeTestTask.lambda$executeRecursively$6(NodeTestTask.java:155)
	at org.junit.platform.engine.support.hierarchical.ThrowableCollector.execute(ThrowableCollector.java:73)
	at org.junit.platform.engine.support.hierarchical.NodeTestTask.lambda$executeRecursively$8(NodeTestTask.java:141)
	at org.junit.platform.engine.support.hierarchical.Node.around(Node.java:137)
	at org.junit.platform.engine.support.hierarchical.NodeTestTask.lambda$executeRecursively$9(NodeTestTask.java:139)
	at org.junit.platform.engine.support.hierarchical.ThrowableCollector.execute(ThrowableCollector.java:73)
	at org.junit.platform.engine.support.hierarchical.NodeTestTask.executeRecursively(NodeTestTask.java:138)
	at org.junit.platform.engine.support.hierarchical.NodeTestTask.execute(NodeTestTask.java:95)
	at org.junit.platform.engine.support.hierarchical.SameThreadHierarchicalTestExecutorService.submit(SameThreadHierarchicalTestExecutorService.java:35)
	at org.junit.platform.engine.support.hierarchical.HierarchicalTestExecutor.execute(HierarchicalTestExecutor.java:57)
	at org.junit.platform.engine.support.hierarchical.HierarchicalTestEngine.execute(HierarchicalTestEngine.java:54)
	at org.junit.platform.launcher.core.EngineExecutionOrchestrator.execute(EngineExecutionOrchestrator.java:198)
	at org.junit.platform.launcher.core.EngineExecutionOrchestrator.execute(EngineExecutionOrchestrator.java:169)
	at org.junit.platform.launcher.core.EngineExecutionOrchestrator.execute(EngineExecutionOrchestrator.java:93)
	at org.junit.platform.launcher.core.EngineExecutionOrchestrator.lambda$execute$0(EngineExecutionOrchestrator.java:58)
	at org.junit.platform.launcher.core.EngineExecutionOrchestrator.withInterceptedStreams(EngineExecutionOrchestrator.java:141)
	at org.junit.platform.launcher.core.EngineExecutionOrchestrator.execute(EngineExecutionOrchestrator.java:57)
	at org.junit.platform.launcher.core.DefaultLauncher.execute(DefaultLauncher.java:103)
	at org.junit.platform.launcher.core.DefaultLauncher.execute(DefaultLauncher.java:85)
	at org.junit.platform.launcher.core.DelegatingLauncher.execute(DelegatingLauncher.java:47)
	at org.apache.maven.surefire.junitplatform.LazyLauncher.execute(LazyLauncher.java:56)
	at org.apache.maven.surefire.junitplatform.JUnitPlatformProvider.execute(JUnitPlatformProvider.java:184)
	at org.apache.maven.surefire.junitplatform.JUnitPlatformProvider.invokeAllTests(JUnitPlatformProvider.java:148)
	at org.apache.maven.surefire.junitplatform.JUnitPlatformProvider.invoke(JUnitPlatformProvider.java:120)
	at org.apache.maven.surefire.booter.ForkedBooter.runSuitesInProcess(ForkedBooter.java:385)
	at org.apache.maven.surefire.booter.ForkedBooter.execute(ForkedBooter.java:162)
	at org.apache.maven.surefire.booter.ForkedBooter.run(ForkedBooter.java:507)
	at org.apache.maven.surefire.booter.ForkedBooter.main(ForkedBooter.java:495)
2023-12-19 18:18:26,069 [main] ERROR scm.XceiverClientGrpc (XceiverClientGrpc.java:sendCommandWithRetry(443)) - Failed to execute command ReadChunk on the pipeline Pipeline[ Id: 8f3870ae-d5ad-47e7-81f2-c7dcf68f11f7, Nodes: 8a9232c4-f36b-4377-b9ad-83954010d1e2(fv-az1381-513.cyf22sgur2jupkghqkt4lwlvwe.cx.internal.cloudapp.net/10.1.0.19)cc2d5096-cbf7-4b7f-9694-9910b4c75033(fv-az1381-513.cyf22sgur2jupkghqkt4lwlvwe.cx.internal.cloudapp.net/10.1.0.19)93d2edcd-6a6f-4cb3-ab2d-c0ab5a0bb6d7(fv-az1381-513.cyf22sgur2jupkghqkt4lwlvwe.cx.internal.cloudapp.net/10.1.0.19), ReplicationConfig: STANDALONE/THREE, State:OPEN, leaderId:8a9232c4-f36b-4377-b9ad-83954010d1e2, CreationTimestamp2023-12-19T18:17:58.063Z[Etc/UTC]].
2023-12-19 18:18:26,071 [main] ERROR scm.XceiverClientGrpc (XceiverClientGrpc.java:sendCommandWithRetry(443)) - Failed to execute command ReadChunk on the pipeline Pipeline[ Id: 8f3870ae-d5ad-47e7-81f2-c7dcf68f11f7, Nodes: 8a9232c4-f36b-4377-b9ad-83954010d1e2(fv-az1381-513.cyf22sgur2jupkghqkt4lwlvwe.cx.internal.cloudapp.net/10.1.0.19)cc2d5096-cbf7-4b7f-9694-9910b4c75033(fv-az1381-513.cyf22sgur2jupkghqkt4lwlvwe.cx.internal.cloudapp.net/10.1.0.19)93d2edcd-6a6f-4cb3-ab2d-c0ab5a0bb6d7(fv-az1381-513.cyf22sgur2jupkghqkt4lwlvwe.cx.internal.cloudapp.net/10.1.0.19), ReplicationConfig: STANDALONE/THREE, State:OPEN, leaderId:8a9232c4-f36b-4377-b9ad-83954010d1e2, CreationTimestamp2023-12-19T18:17:58.063Z[Etc/UTC]].
2023-12-19 18:18:26,072 [main] WARN  storage.ContainerProtocolCalls (ContainerProtocolCalls.java:tryEachDatanode(150)) - Failed to read chunk 111677748019200385_chunk_1 (len=12) conID: 13 locID: 111677748019200385 bcsId: 287 from cc2d5096-cbf7-4b7f-9694-9910b4c75033(fv-az1381-513.cyf22sgur2jupkghqkt4lwlvwe.cx.internal.cloudapp.net/10.1.0.19); will try another datanode.
org.apache.hadoop.ozone.common.OzoneChecksumException: Checksum mismatch at index 0
	at org.apache.hadoop.ozone.common.ChecksumData.verifyChecksumDataMatches(ChecksumData.java:139)
	at org.apache.hadoop.ozone.common.Checksum.verifyChecksum(Checksum.java:300)
	at org.apache.hadoop.hdds.scm.storage.ChunkInputStream.validateChunk(ChunkInputStream.java:488)
	at org.apache.hadoop.hdds.scm.XceiverClientGrpc.sendCommandWithRetry(XceiverClientGrpc.java:400)
	at org.apache.hadoop.hdds.scm.XceiverClientGrpc.lambda$sendCommandWithTraceIDAndRetry$0(XceiverClientGrpc.java:340)
	at org.apache.hadoop.hdds.tracing.TracingUtil.executeInSpan(TracingUtil.java:169)
	at org.apache.hadoop.hdds.tracing.TracingUtil.executeInNewSpan(TracingUtil.java:149)
	at org.apache.hadoop.hdds.scm.XceiverClientGrpc.sendCommandWithTraceIDAndRetry(XceiverClientGrpc.java:335)
	at org.apache.hadoop.hdds.scm.XceiverClientGrpc.sendCommand(XceiverClientGrpc.java:316)
	at org.apache.hadoop.hdds.scm.storage.ContainerProtocolCalls.readChunk(ContainerProtocolCalls.java:356)
	at org.apache.hadoop.hdds.scm.storage.ContainerProtocolCalls.lambda$readChunk$2(ContainerProtocolCalls.java:343)
	at org.apache.hadoop.hdds.scm.storage.ContainerProtocolCalls.tryEachDatanode(ContainerProtocolCalls.java:146)
	at org.apache.hadoop.hdds.scm.storage.ContainerProtocolCalls.readChunk(ContainerProtocolCalls.java:342)
	at org.apache.hadoop.hdds.scm.storage.ChunkInputStream.readChunk(ChunkInputStream.java:425)
	at org.apache.hadoop.hdds.scm.storage.ChunkInputStream.readChunkDataIntoBuffers(ChunkInputStream.java:402)
	at org.apache.hadoop.hdds.scm.storage.ChunkInputStream.readChunkFromContainer(ChunkInputStream.java:387)
	at org.apache.hadoop.hdds.scm.storage.ChunkInputStream.prepareRead(ChunkInputStream.java:319)
	at org.apache.hadoop.hdds.scm.storage.ChunkInputStream.read(ChunkInputStream.java:173)
	at org.apache.hadoop.hdds.scm.storage.ByteArrayReader.readFromBlock(ByteArrayReader.java:54)
	at org.apache.hadoop.hdds.scm.storage.BlockInputStream.readWithStrategy(BlockInputStream.java:354)
	at org.apache.hadoop.hdds.scm.storage.ExtendedInputStream.read(ExtendedInputStream.java:56)
	at org.apache.hadoop.hdds.scm.storage.ByteArrayReader.readFromBlock(ByteArrayReader.java:54)
	at org.apache.hadoop.hdds.scm.storage.MultipartInputStream.readWithStrategy(MultipartInputStream.java:96)
	at org.apache.hadoop.hdds.scm.storage.ExtendedInputStream.read(ExtendedInputStream.java:56)
	at org.apache.hadoop.ozone.client.io.OzoneInputStream.read(OzoneInputStream.java:56)
	at java.io.InputStream.read(InputStream.java:101)
	at org.apache.hadoop.ozone.client.rpc.TestOzoneRpcClientAbstract.testReadKeyWithCorruptedDataWithMutiNodes(TestOzoneRpcClientAbstract.java:2096)
	at sun.reflect.NativeMethodAccessorImpl.invoke0(Native Method)
	at sun.reflect.NativeMethodAccessorImpl.invoke(NativeMethodAccessorImpl.java:62)
	at sun.reflect.DelegatingMethodAccessorImpl.invoke(DelegatingMethodAccessorImpl.java:43)
	at java.lang.reflect.Method.invoke(Method.java:498)
	at org.junit.platform.commons.util.ReflectionUtils.invokeMethod(ReflectionUtils.java:728)
	at org.junit.jupiter.engine.execution.MethodInvocation.proceed(MethodInvocation.java:60)
	at org.junit.jupiter.engine.execution.InvocationInterceptorChain$ValidatingInvocation.proceed(InvocationInterceptorChain.java:131)
	at org.junit.jupiter.engine.extension.SameThreadTimeoutInvocation.proceed(SameThreadTimeoutInvocation.java:45)
	at org.junit.jupiter.engine.extension.TimeoutExtension.intercept(TimeoutExtension.java:156)
	at org.junit.jupiter.engine.extension.TimeoutExtension.interceptTestableMethod(TimeoutExtension.java:147)
	at org.junit.jupiter.engine.extension.TimeoutExtension.interceptTestMethod(TimeoutExtension.java:86)
	at org.junit.jupiter.engine.execution.InterceptingExecutableInvoker$ReflectiveInterceptorCall.lambda$ofVoidMethod$0(InterceptingExecutableInvoker.java:103)
	at org.junit.jupiter.engine.execution.InterceptingExecutableInvoker.lambda$invoke$0(InterceptingExecutableInvoker.java:93)
	at org.junit.jupiter.engine.execution.InvocationInterceptorChain$InterceptedInvocation.proceed(InvocationInterceptorChain.java:106)
	at org.junit.jupiter.engine.execution.InvocationInterceptorChain.proceed(InvocationInterceptorChain.java:64)
	at org.junit.jupiter.engine.execution.InvocationInterceptorChain.chainAndInvoke(InvocationInterceptorChain.java:45)
	at org.junit.jupiter.engine.execution.InvocationInterceptorChain.invoke(InvocationInterceptorChain.java:37)
	at org.junit.jupiter.engine.execution.InterceptingExecutableInvoker.invoke(InterceptingExecutableInvoker.java:92)
	at org.junit.jupiter.engine.execution.InterceptingExecutableInvoker.invoke(InterceptingExecutableInvoker.java:86)
	at org.junit.jupiter.engine.descriptor.TestMethodTestDescriptor.lambda$invokeTestMethod$7(TestMethodTestDescriptor.java:218)
	at org.junit.platform.engine.support.hierarchical.ThrowableCollector.execute(ThrowableCollector.java:73)
	at org.junit.jupiter.engine.descriptor.TestMethodTestDescriptor.invokeTestMethod(TestMethodTestDescriptor.java:214)
	at org.junit.jupiter.engine.descriptor.TestMethodTestDescriptor.execute(TestMethodTestDescriptor.java:139)
	at org.junit.jupiter.engine.descriptor.TestMethodTestDescriptor.execute(TestMethodTestDescriptor.java:69)
	at org.junit.platform.engine.support.hierarchical.NodeTestTask.lambda$executeRecursively$6(NodeTestTask.java:151)
	at org.junit.platform.engine.support.hierarchical.ThrowableCollector.execute(ThrowableCollector.java:73)
	at org.junit.platform.engine.support.hierarchical.NodeTestTask.lambda$executeRecursively$8(NodeTestTask.java:141)
	at org.junit.platform.engine.support.hierarchical.Node.around(Node.java:137)
	at org.junit.platform.engine.support.hierarchical.NodeTestTask.lambda$executeRecursively$9(NodeTestTask.java:139)
	at org.junit.platform.engine.support.hierarchical.ThrowableCollector.execute(ThrowableCollector.java:73)
	at org.junit.platform.engine.support.hierarchical.NodeTestTask.executeRecursively(NodeTestTask.java:138)
	at org.junit.platform.engine.support.hierarchical.NodeTestTask.execute(NodeTestTask.java:95)
	at java.util.ArrayList.forEach(ArrayList.java:1259)
	at org.junit.platform.engine.support.hierarchical.SameThreadHierarchicalTestExecutorService.invokeAll(SameThreadHierarchicalTestExecutorService.java:41)
	at org.junit.platform.engine.support.hierarchical.NodeTestTask.lambda$executeRecursively$6(NodeTestTask.java:155)
	at org.junit.platform.engine.support.hierarchical.ThrowableCollector.execute(ThrowableCollector.java:73)
	at org.junit.platform.engine.support.hierarchical.NodeTestTask.lambda$executeRecursively$8(NodeTestTask.java:141)
	at org.junit.platform.engine.support.hierarchical.Node.around(Node.java:137)
	at org.junit.platform.engine.support.hierarchical.NodeTestTask.lambda$executeRecursively$9(NodeTestTask.java:139)
	at org.junit.platform.engine.support.hierarchical.ThrowableCollector.execute(ThrowableCollector.java:73)
	at org.junit.platform.engine.support.hierarchical.NodeTestTask.executeRecursively(NodeTestTask.java:138)
	at org.junit.platform.engine.support.hierarchical.NodeTestTask.execute(NodeTestTask.java:95)
	at java.util.ArrayList.forEach(ArrayList.java:1259)
	at org.junit.platform.engine.support.hierarchical.SameThreadHierarchicalTestExecutorService.invokeAll(SameThreadHierarchicalTestExecutorService.java:41)
	at org.junit.platform.engine.support.hierarchical.NodeTestTask.lambda$executeRecursively$6(NodeTestTask.java:155)
	at org.junit.platform.engine.support.hierarchical.ThrowableCollector.execute(ThrowableCollector.java:73)
	at org.junit.platform.engine.support.hierarchical.NodeTestTask.lambda$executeRecursively$8(NodeTestTask.java:141)
	at org.junit.platform.engine.support.hierarchical.Node.around(Node.java:137)
	at org.junit.platform.engine.support.hierarchical.NodeTestTask.lambda$executeRecursively$9(NodeTestTask.java:139)
	at org.junit.platform.engine.support.hierarchical.ThrowableCollector.execute(ThrowableCollector.java:73)
	at org.junit.platform.engine.support.hierarchical.NodeTestTask.executeRecursively(NodeTestTask.java:138)
	at org.junit.platform.engine.support.hierarchical.NodeTestTask.execute(NodeTestTask.java:95)
	at org.junit.platform.engine.support.hierarchical.SameThreadHierarchicalTestExecutorService.submit(SameThreadHierarchicalTestExecutorService.java:35)
	at org.junit.platform.engine.support.hierarchical.HierarchicalTestExecutor.execute(HierarchicalTestExecutor.java:57)
	at org.junit.platform.engine.support.hierarchical.HierarchicalTestEngine.execute(HierarchicalTestEngine.java:54)
	at org.junit.platform.launcher.core.EngineExecutionOrchestrator.execute(EngineExecutionOrchestrator.java:198)
	at org.junit.platform.launcher.core.EngineExecutionOrchestrator.execute(EngineExecutionOrchestrator.java:169)
	at org.junit.platform.launcher.core.EngineExecutionOrchestrator.execute(EngineExecutionOrchestrator.java:93)
	at org.junit.platform.launcher.core.EngineExecutionOrchestrator.lambda$execute$0(EngineExecutionOrchestrator.java:58)
	at org.junit.platform.launcher.core.EngineExecutionOrchestrator.withInterceptedStreams(EngineExecutionOrchestrator.java:141)
	at org.junit.platform.launcher.core.EngineExecutionOrchestrator.execute(EngineExecutionOrchestrator.java:57)
	at org.junit.platform.launcher.core.DefaultLauncher.execute(DefaultLauncher.java:103)
	at org.junit.platform.launcher.core.DefaultLauncher.execute(DefaultLauncher.java:85)
	at org.junit.platform.launcher.core.DelegatingLauncher.execute(DelegatingLauncher.java:47)
	at org.apache.maven.surefire.junitplatform.LazyLauncher.execute(LazyLauncher.java:56)
	at org.apache.maven.surefire.junitplatform.JUnitPlatformProvider.execute(JUnitPlatformProvider.java:184)
	at org.apache.maven.surefire.junitplatform.JUnitPlatformProvider.invokeAllTests(JUnitPlatformProvider.java:148)
	at org.apache.maven.surefire.junitplatform.JUnitPlatformProvider.invoke(JUnitPlatformProvider.java:120)
	at org.apache.maven.surefire.booter.ForkedBooter.runSuitesInProcess(ForkedBooter.java:385)
	at org.apache.maven.surefire.booter.ForkedBooter.execute(ForkedBooter.java:162)
	at org.apache.maven.surefire.booter.ForkedBooter.run(ForkedBooter.java:507)
	at org.apache.maven.surefire.booter.ForkedBooter.main(ForkedBooter.java:495)
2023-12-19 18:18:26,075 [main] ERROR scm.XceiverClientGrpc (XceiverClientGrpc.java:sendCommandWithRetry(443)) - Failed to execute command ReadChunk on the pipeline Pipeline[ Id: 8f3870ae-d5ad-47e7-81f2-c7dcf68f11f7, Nodes: 8a9232c4-f36b-4377-b9ad-83954010d1e2(fv-az1381-513.cyf22sgur2jupkghqkt4lwlvwe.cx.internal.cloudapp.net/10.1.0.19)cc2d5096-cbf7-4b7f-9694-9910b4c75033(fv-az1381-513.cyf22sgur2jupkghqkt4lwlvwe.cx.internal.cloudapp.net/10.1.0.19)93d2edcd-6a6f-4cb3-ab2d-c0ab5a0bb6d7(fv-az1381-513.cyf22sgur2jupkghqkt4lwlvwe.cx.internal.cloudapp.net/10.1.0.19), ReplicationConfig: STANDALONE/THREE, State:OPEN, leaderId:8a9232c4-f36b-4377-b9ad-83954010d1e2, CreationTimestamp2023-12-19T18:17:58.063Z[Etc/UTC]].
2023-12-19 18:18:26,075 [main] WARN  storage.ContainerProtocolCalls (ContainerProtocolCalls.java:tryEachDatanode(150)) - Failed to read chunk 111677748019200385_chunk_1 (len=12) conID: 13 locID: 111677748019200385 bcsId: 287 from 8a9232c4-f36b-4377-b9ad-83954010d1e2(fv-az1381-513.cyf22sgur2jupkghqkt4lwlvwe.cx.internal.cloudapp.net/10.1.0.19); will try another datanode.
org.apache.hadoop.ozone.common.OzoneChecksumException: Checksum mismatch at index 0
	at org.apache.hadoop.ozone.common.ChecksumData.verifyChecksumDataMatches(ChecksumData.java:139)
	at org.apache.hadoop.ozone.common.Checksum.verifyChecksum(Checksum.java:300)
	at org.apache.hadoop.hdds.scm.storage.ChunkInputStream.validateChunk(ChunkInputStream.java:488)
	at org.apache.hadoop.hdds.scm.XceiverClientGrpc.sendCommandWithRetry(XceiverClientGrpc.java:400)
	at org.apache.hadoop.hdds.scm.XceiverClientGrpc.lambda$sendCommandWithTraceIDAndRetry$0(XceiverClientGrpc.java:340)
	at org.apache.hadoop.hdds.tracing.TracingUtil.executeInSpan(TracingUtil.java:169)
	at org.apache.hadoop.hdds.tracing.TracingUtil.executeInNewSpan(TracingUtil.java:149)
	at org.apache.hadoop.hdds.scm.XceiverClientGrpc.sendCommandWithTraceIDAndRetry(XceiverClientGrpc.java:335)
	at org.apache.hadoop.hdds.scm.XceiverClientGrpc.sendCommand(XceiverClientGrpc.java:316)
	at org.apache.hadoop.hdds.scm.storage.ContainerProtocolCalls.readChunk(ContainerProtocolCalls.java:356)
	at org.apache.hadoop.hdds.scm.storage.ContainerProtocolCalls.lambda$readChunk$2(ContainerProtocolCalls.java:343)
	at org.apache.hadoop.hdds.scm.storage.ContainerProtocolCalls.tryEachDatanode(ContainerProtocolCalls.java:146)
	at org.apache.hadoop.hdds.scm.storage.ContainerProtocolCalls.readChunk(ContainerProtocolCalls.java:342)
	at org.apache.hadoop.hdds.scm.storage.ChunkInputStream.readChunk(ChunkInputStream.java:425)
	at org.apache.hadoop.hdds.scm.storage.ChunkInputStream.readChunkDataIntoBuffers(ChunkInputStream.java:402)
	at org.apache.hadoop.hdds.scm.storage.ChunkInputStream.readChunkFromContainer(ChunkInputStream.java:387)
	at org.apache.hadoop.hdds.scm.storage.ChunkInputStream.prepareRead(ChunkInputStream.java:319)
	at org.apache.hadoop.hdds.scm.storage.ChunkInputStream.read(ChunkInputStream.java:173)
	at org.apache.hadoop.hdds.scm.storage.ByteArrayReader.readFromBlock(ByteArrayReader.java:54)
	at org.apache.hadoop.hdds.scm.storage.BlockInputStream.readWithStrategy(BlockInputStream.java:354)
	at org.apache.hadoop.hdds.scm.storage.ExtendedInputStream.read(ExtendedInputStream.java:56)
	at org.apache.hadoop.hdds.scm.storage.ByteArrayReader.readFromBlock(ByteArrayReader.java:54)
	at org.apache.hadoop.hdds.scm.storage.MultipartInputStream.readWithStrategy(MultipartInputStream.java:96)
	at org.apache.hadoop.hdds.scm.storage.ExtendedInputStream.read(ExtendedInputStream.java:56)
	at org.apache.hadoop.ozone.client.io.OzoneInputStream.read(OzoneInputStream.java:56)
	at java.io.InputStream.read(InputStream.java:101)
	at org.apache.hadoop.ozone.client.rpc.TestOzoneRpcClientAbstract.testReadKeyWithCorruptedDataWithMutiNodes(TestOzoneRpcClientAbstract.java:2096)
	at sun.reflect.NativeMethodAccessorImpl.invoke0(Native Method)
	at sun.reflect.NativeMethodAccessorImpl.invoke(NativeMethodAccessorImpl.java:62)
	at sun.reflect.DelegatingMethodAccessorImpl.invoke(DelegatingMethodAccessorImpl.java:43)
	at java.lang.reflect.Method.invoke(Method.java:498)
	at org.junit.platform.commons.util.ReflectionUtils.invokeMethod(ReflectionUtils.java:728)
	at org.junit.jupiter.engine.execution.MethodInvocation.proceed(MethodInvocation.java:60)
	at org.junit.jupiter.engine.execution.InvocationInterceptorChain$ValidatingInvocation.proceed(InvocationInterceptorChain.java:131)
	at org.junit.jupiter.engine.extension.SameThreadTimeoutInvocation.proceed(SameThreadTimeoutInvocation.java:45)
	at org.junit.jupiter.engine.extension.TimeoutExtension.intercept(TimeoutExtension.java:156)
	at org.junit.jupiter.engine.extension.TimeoutExtension.interceptTestableMethod(TimeoutExtension.java:147)
	at org.junit.jupiter.engine.extension.TimeoutExtension.interceptTestMethod(TimeoutExtension.java:86)
	at org.junit.jupiter.engine.execution.InterceptingExecutableInvoker$ReflectiveInterceptorCall.lambda$ofVoidMethod$0(InterceptingExecutableInvoker.java:103)
	at org.junit.jupiter.engine.execution.InterceptingExecutableInvoker.lambda$invoke$0(InterceptingExecutableInvoker.java:93)
	at org.junit.jupiter.engine.execution.InvocationInterceptorChain$InterceptedInvocation.proceed(InvocationInterceptorChain.java:106)
	at org.junit.jupiter.engine.execution.InvocationInterceptorChain.proceed(InvocationInterceptorChain.java:64)
	at org.junit.jupiter.engine.execution.InvocationInterceptorChain.chainAndInvoke(InvocationInterceptorChain.java:45)
	at org.junit.jupiter.engine.execution.InvocationInterceptorChain.invoke(InvocationInterceptorChain.java:37)
	at org.junit.jupiter.engine.execution.InterceptingExecutableInvoker.invoke(InterceptingExecutableInvoker.java:92)
	at org.junit.jupiter.engine.execution.InterceptingExecutableInvoker.invoke(InterceptingExecutableInvoker.java:86)
	at org.junit.jupiter.engine.descriptor.TestMethodTestDescriptor.lambda$invokeTestMethod$7(TestMethodTestDescriptor.java:218)
	at org.junit.platform.engine.support.hierarchical.ThrowableCollector.execute(ThrowableCollector.java:73)
	at org.junit.jupiter.engine.descriptor.TestMethodTestDescriptor.invokeTestMethod(TestMethodTestDescriptor.java:214)
	at org.junit.jupiter.engine.descriptor.TestMethodTestDescriptor.execute(TestMethodTestDescriptor.java:139)
	at org.junit.jupiter.engine.descriptor.TestMethodTestDescriptor.execute(TestMethodTestDescriptor.java:69)
	at org.junit.platform.engine.support.hierarchical.NodeTestTask.lambda$executeRecursively$6(NodeTestTask.java:151)
	at org.junit.platform.engine.support.hierarchical.ThrowableCollector.execute(ThrowableCollector.java:73)
	at org.junit.platform.engine.support.hierarchical.NodeTestTask.lambda$executeRecursively$8(NodeTestTask.java:141)
	at org.junit.platform.engine.support.hierarchical.Node.around(Node.java:137)
	at org.junit.platform.engine.support.hierarchical.NodeTestTask.lambda$executeRecursively$9(NodeTestTask.java:139)
	at org.junit.platform.engine.support.hierarchical.ThrowableCollector.execute(ThrowableCollector.java:73)
	at org.junit.platform.engine.support.hierarchical.NodeTestTask.executeRecursively(NodeTestTask.java:138)
	at org.junit.platform.engine.support.hierarchical.NodeTestTask.execute(NodeTestTask.java:95)
	at java.util.ArrayList.forEach(ArrayList.java:1259)
	at org.junit.platform.engine.support.hierarchical.SameThreadHierarchicalTestExecutorService.invokeAll(SameThreadHierarchicalTestExecutorService.java:41)
	at org.junit.platform.engine.support.hierarchical.NodeTestTask.lambda$executeRecursively$6(NodeTestTask.java:155)
	at org.junit.platform.engine.support.hierarchical.ThrowableCollector.execute(ThrowableCollector.java:73)
	at org.junit.platform.engine.support.hierarchical.NodeTestTask.lambda$executeRecursively$8(NodeTestTask.java:141)
	at org.junit.platform.engine.support.hierarchical.Node.around(Node.java:137)
	at org.junit.platform.engine.support.hierarchical.NodeTestTask.lambda$executeRecursively$9(NodeTestTask.java:139)
	at org.junit.platform.engine.support.hierarchical.ThrowableCollector.execute(ThrowableCollector.java:73)
	at org.junit.platform.engine.support.hierarchical.NodeTestTask.executeRecursively(NodeTestTask.java:138)
	at org.junit.platform.engine.support.hierarchical.NodeTestTask.execute(NodeTestTask.java:95)
	at java.util.ArrayList.forEach(ArrayList.java:1259)
	at org.junit.platform.engine.support.hierarchical.SameThreadHierarchicalTestExecutorService.invokeAll(SameThreadHierarchicalTestExecutorService.java:41)
	at org.junit.platform.engine.support.hierarchical.NodeTestTask.lambda$executeRecursively$6(NodeTestTask.java:155)
	at org.junit.platform.engine.support.hierarchical.ThrowableCollector.execute(ThrowableCollector.java:73)
	at org.junit.platform.engine.support.hierarchical.NodeTestTask.lambda$executeRecursively$8(NodeTestTask.java:141)
	at org.junit.platform.engine.support.hierarchical.Node.around(Node.java:137)
	at org.junit.platform.engine.support.hierarchical.NodeTestTask.lambda$executeRecursively$9(NodeTestTask.java:139)
	at org.junit.platform.engine.support.hierarchical.ThrowableCollector.execute(ThrowableCollector.java:73)
	at org.junit.platform.engine.support.hierarchical.NodeTestTask.executeRecursively(NodeTestTask.java:138)
	at org.junit.platform.engine.support.hierarchical.NodeTestTask.execute(NodeTestTask.java:95)
	at org.junit.platform.engine.support.hierarchical.SameThreadHierarchicalTestExecutorService.submit(SameThreadHierarchicalTestExecutorService.java:35)
	at org.junit.platform.engine.support.hierarchical.HierarchicalTestExecutor.execute(HierarchicalTestExecutor.java:57)
	at org.junit.platform.engine.support.hierarchical.HierarchicalTestEngine.execute(HierarchicalTestEngine.java:54)
	at org.junit.platform.launcher.core.EngineExecutionOrchestrator.execute(EngineExecutionOrchestrator.java:198)
	at org.junit.platform.launcher.core.EngineExecutionOrchestrator.execute(EngineExecutionOrchestrator.java:169)
	at org.junit.platform.launcher.core.EngineExecutionOrchestrator.execute(EngineExecutionOrchestrator.java:93)
	at org.junit.platform.launcher.core.EngineExecutionOrchestrator.lambda$execute$0(EngineExecutionOrchestrator.java:58)
	at org.junit.platform.launcher.core.EngineExecutionOrchestrator.withInterceptedStreams(EngineExecutionOrchestrator.java:141)
	at org.junit.platform.launcher.core.EngineExecutionOrchestrator.execute(EngineExecutionOrchestrator.java:57)
	at org.junit.platform.launcher.core.DefaultLauncher.execute(DefaultLauncher.java:103)
	at org.junit.platform.launcher.core.DefaultLauncher.execute(DefaultLauncher.java:85)
	at org.junit.platform.launcher.core.DelegatingLauncher.execute(DelegatingLauncher.java:47)
	at org.apache.maven.surefire.junitplatform.LazyLauncher.execute(LazyLauncher.java:56)
	at org.apache.maven.surefire.junitplatform.JUnitPlatformProvider.execute(JUnitPlatformProvider.java:184)
	at org.apache.maven.surefire.junitplatform.JUnitPlatformProvider.invokeAllTests(JUnitPlatformProvider.java:148)
	at org.apache.maven.surefire.junitplatform.JUnitPlatformProvider.invoke(JUnitPlatformProvider.java:120)
	at org.apache.maven.surefire.booter.ForkedBooter.runSuitesInProcess(ForkedBooter.java:385)
	at org.apache.maven.surefire.booter.ForkedBooter.execute(ForkedBooter.java:162)
	at org.apache.maven.surefire.booter.ForkedBooter.run(ForkedBooter.java:507)
	at org.apache.maven.surefire.booter.ForkedBooter.main(ForkedBooter.java:495)
2023-12-19 18:18:26,079 [main] ERROR scm.XceiverClientGrpc (XceiverClientGrpc.java:sendCommandWithRetry(443)) - Failed to execute command ReadChunk on the pipeline Pipeline[ Id: 8f3870ae-d5ad-47e7-81f2-c7dcf68f11f7, Nodes: 8a9232c4-f36b-4377-b9ad-83954010d1e2(fv-az1381-513.cyf22sgur2jupkghqkt4lwlvwe.cx.internal.cloudapp.net/10.1.0.19)cc2d5096-cbf7-4b7f-9694-9910b4c75033(fv-az1381-513.cyf22sgur2jupkghqkt4lwlvwe.cx.internal.cloudapp.net/10.1.0.19)93d2edcd-6a6f-4cb3-ab2d-c0ab5a0bb6d7(fv-az1381-513.cyf22sgur2jupkghqkt4lwlvwe.cx.internal.cloudapp.net/10.1.0.19), ReplicationConfig: STANDALONE/THREE, State:OPEN, leaderId:8a9232c4-f36b-4377-b9ad-83954010d1e2, CreationTimestamp2023-12-19T18:17:58.063Z[Etc/UTC]].
]]></system-out>
  </testcase>
  <testcase name="testReadKeyWithVerifyChecksumFlagDisable" classname="org.apache.hadoop.ozone.client.rpc.TestSecureOzoneRpcClient" time="0.035">
    <system-out><![CDATA[2023-12-19 18:18:26,081 [main] INFO  rpc.RpcClient (RpcClient.java:createVolume(456)) - Creating Volume: 5f141b82-0315-4755-8885-4972ed12a14f, with runner as owner and space quota set to -1 bytes, counts quota set to -1
2023-12-19 18:18:26,083 [om1-OMStateMachineApplyTransactionThread - 0] INFO  volume.OMVolumeCreateRequest (OMVolumeCreateRequest.java:validateAndUpdateCache(197)) - created volume:5f141b82-0315-4755-8885-4972ed12a14f for user:runner
2023-12-19 18:18:26,084 [main] INFO  rpc.RpcClient (RpcClient.java:createBucket(683)) - Creating Bucket: 5f141b82-0315-4755-8885-4972ed12a14f/fa47db14-f09e-442a-8d6a-aa4fcca36057, with server-side default bucket layout, runner as owner, Versioning false, Storage Type set to DISK and Encryption set to false, Replication Type set to server-side default replication type, Namespace Quota set to -1, Space Quota set to -1 
2023-12-19 18:18:26,085 [om1-OMStateMachineApplyTransactionThread - 0] INFO  bucket.OMBucketCreateRequest (OMBucketCreateRequest.java:validateAndUpdateCache(295)) - created bucket: fa47db14-f09e-442a-8d6a-aa4fcca36057 of layout OBJECT_STORE in volume: 5f141b82-0315-4755-8885-4972ed12a14f
2023-12-19 18:18:26,087 [IPC Server handler 5 on default port 15001] WARN  node.SCMNodeManager (SCMNodeManager.java:getNodesByAddress(1440)) - address is null
2023-12-19 18:18:26,094 [IPC Server handler 1 on default port 15001] WARN  node.SCMNodeManager (SCMNodeManager.java:getNodesByAddress(1445)) - Cannot find node for address 127.0.0.1
2023-12-19 18:18:26,108 [IPC Server handler 7 on default port 15001] WARN  node.SCMNodeManager (SCMNodeManager.java:getNodesByAddress(1445)) - Cannot find node for address 127.0.0.1
]]></system-out>
  </testcase>
  <testcase name="testReadKeyWithVerifyChecksumFlagEnable" classname="org.apache.hadoop.ozone.client.rpc.TestSecureOzoneRpcClient" time="0.033">
    <system-out><![CDATA[2023-12-19 18:18:26,116 [main] INFO  rpc.RpcClient (RpcClient.java:createVolume(456)) - Creating Volume: 5415d177-0ba7-4043-bf7e-c7d2ae0820cc, with runner as owner and space quota set to -1 bytes, counts quota set to -1
2023-12-19 18:18:26,117 [om1-OMStateMachineApplyTransactionThread - 0] INFO  volume.OMVolumeCreateRequest (OMVolumeCreateRequest.java:validateAndUpdateCache(197)) - created volume:5415d177-0ba7-4043-bf7e-c7d2ae0820cc for user:runner
2023-12-19 18:18:26,118 [main] INFO  rpc.RpcClient (RpcClient.java:createBucket(683)) - Creating Bucket: 5415d177-0ba7-4043-bf7e-c7d2ae0820cc/44077852-035d-42fe-9e3d-af022e9c5316, with server-side default bucket layout, runner as owner, Versioning false, Storage Type set to DISK and Encryption set to false, Replication Type set to server-side default replication type, Namespace Quota set to -1, Space Quota set to -1 
2023-12-19 18:18:26,119 [om1-OMStateMachineApplyTransactionThread - 0] INFO  bucket.OMBucketCreateRequest (OMBucketCreateRequest.java:validateAndUpdateCache(295)) - created bucket: 44077852-035d-42fe-9e3d-af022e9c5316 of layout OBJECT_STORE in volume: 5415d177-0ba7-4043-bf7e-c7d2ae0820cc
2023-12-19 18:18:26,121 [IPC Server handler 6 on default port 15001] WARN  node.SCMNodeManager (SCMNodeManager.java:getNodesByAddress(1440)) - address is null
2023-12-19 18:18:26,127 [IPC Server handler 2 on default port 15001] WARN  node.SCMNodeManager (SCMNodeManager.java:getNodesByAddress(1445)) - Cannot find node for address 127.0.0.1
2023-12-19 18:18:26,138 [IPC Server handler 4 on default port 15001] WARN  node.SCMNodeManager (SCMNodeManager.java:getNodesByAddress(1445)) - Cannot find node for address 127.0.0.1
2023-12-19 18:18:26,145 [main] ERROR scm.XceiverClientGrpc (XceiverClientGrpc.java:sendCommandWithRetry(443)) - Failed to execute command ReadChunk on the pipeline Pipeline[ Id: ab43d2bc-c53c-47de-8ef8-89fc56fefc31, Nodes: a1d25c87-0c45-4075-9fe0-f0708f172712(fv-az1381-513.cyf22sgur2jupkghqkt4lwlvwe.cx.internal.cloudapp.net/10.1.0.19), ReplicationConfig: STANDALONE/ONE, State:OPEN, leaderId:a1d25c87-0c45-4075-9fe0-f0708f172712, CreationTimestamp2023-12-19T18:17:57.246Z[Etc/UTC]].
2023-12-19 18:18:26,146 [main] ERROR scm.XceiverClientGrpc (XceiverClientGrpc.java:sendCommandWithRetry(443)) - Failed to execute command ReadChunk on the pipeline Pipeline[ Id: ab43d2bc-c53c-47de-8ef8-89fc56fefc31, Nodes: a1d25c87-0c45-4075-9fe0-f0708f172712(fv-az1381-513.cyf22sgur2jupkghqkt4lwlvwe.cx.internal.cloudapp.net/10.1.0.19), ReplicationConfig: STANDALONE/ONE, State:OPEN, leaderId:a1d25c87-0c45-4075-9fe0-f0708f172712, CreationTimestamp2023-12-19T18:17:57.246Z[Etc/UTC]].
2023-12-19 18:18:26,147 [main] ERROR scm.XceiverClientGrpc (XceiverClientGrpc.java:sendCommandWithRetry(443)) - Failed to execute command ReadChunk on the pipeline Pipeline[ Id: ab43d2bc-c53c-47de-8ef8-89fc56fefc31, Nodes: a1d25c87-0c45-4075-9fe0-f0708f172712(fv-az1381-513.cyf22sgur2jupkghqkt4lwlvwe.cx.internal.cloudapp.net/10.1.0.19), ReplicationConfig: STANDALONE/ONE, State:OPEN, leaderId:a1d25c87-0c45-4075-9fe0-f0708f172712, CreationTimestamp2023-12-19T18:17:57.246Z[Etc/UTC]].
]]></system-out>
  </testcase>
  <testcase name="testRemoveBucketAcl" classname="org.apache.hadoop.ozone.client.rpc.TestSecureOzoneRpcClient" time="0.008">
    <system-out><![CDATA[2023-12-19 18:18:26,149 [main] INFO  rpc.RpcClient (RpcClient.java:createVolume(456)) - Creating Volume: fb05a5de-c7fa-46b5-b11b-716fd8c338d4, with runner as owner and space quota set to -1 bytes, counts quota set to -1
2023-12-19 18:18:26,150 [om1-OMStateMachineApplyTransactionThread - 0] INFO  volume.OMVolumeCreateRequest (OMVolumeCreateRequest.java:validateAndUpdateCache(197)) - created volume:fb05a5de-c7fa-46b5-b11b-716fd8c338d4 for user:runner
2023-12-19 18:18:26,151 [main] INFO  rpc.RpcClient (RpcClient.java:createBucket(683)) - Creating Bucket: fb05a5de-c7fa-46b5-b11b-716fd8c338d4/6461b52d-7d23-4123-a344-8d5a9750253b, with server-side default bucket layout, runner as owner, Versioning false, Storage Type set to DISK and Encryption set to false, Replication Type set to server-side default replication type, Namespace Quota set to -1, Space Quota set to -1 
2023-12-19 18:18:26,152 [om1-OMStateMachineApplyTransactionThread - 0] INFO  bucket.OMBucketCreateRequest (OMBucketCreateRequest.java:validateAndUpdateCache(295)) - created bucket: 6461b52d-7d23-4123-a344-8d5a9750253b of layout OBJECT_STORE in volume: fb05a5de-c7fa-46b5-b11b-716fd8c338d4
]]></system-out>
  </testcase>
  <testcase name="testRemoveBucketAclUsingRpcClientRemoveAcl" classname="org.apache.hadoop.ozone.client.rpc.TestSecureOzoneRpcClient" time="0.008">
    <system-out><![CDATA[2023-12-19 18:18:26,157 [main] INFO  rpc.RpcClient (RpcClient.java:createVolume(456)) - Creating Volume: e4e24515-546c-4cd5-9da8-d36922b4766f, with runner as owner and space quota set to -1 bytes, counts quota set to -1
2023-12-19 18:18:26,158 [om1-OMStateMachineApplyTransactionThread - 0] INFO  volume.OMVolumeCreateRequest (OMVolumeCreateRequest.java:validateAndUpdateCache(197)) - created volume:e4e24515-546c-4cd5-9da8-d36922b4766f for user:runner
2023-12-19 18:18:26,160 [main] INFO  rpc.RpcClient (RpcClient.java:createBucket(683)) - Creating Bucket: e4e24515-546c-4cd5-9da8-d36922b4766f/f8663fe7-a12c-448e-b6f9-d80b5cc610c5, with server-side default bucket layout, runner as owner, Versioning false, Storage Type set to DISK and Encryption set to false, Replication Type set to server-side default replication type, Namespace Quota set to -1, Space Quota set to -1 
2023-12-19 18:18:26,161 [om1-OMStateMachineApplyTransactionThread - 0] INFO  bucket.OMBucketCreateRequest (OMBucketCreateRequest.java:validateAndUpdateCache(295)) - created bucket: f8663fe7-a12c-448e-b6f9-d80b5cc610c5 of layout OBJECT_STORE in volume: e4e24515-546c-4cd5-9da8-d36922b4766f
]]></system-out>
  </testcase>
  <testcase name="testRenameKey" classname="org.apache.hadoop.ozone.client.rpc.TestSecureOzoneRpcClient" time="0.025">
    <system-out><![CDATA[2023-12-19 18:18:26,166 [main] INFO  rpc.RpcClient (RpcClient.java:createVolume(456)) - Creating Volume: 525f213f-afa8-4224-ab98-c05b3dc6da98, with runner as owner and space quota set to -1 bytes, counts quota set to -1
2023-12-19 18:18:26,167 [om1-OMStateMachineApplyTransactionThread - 0] INFO  volume.OMVolumeCreateRequest (OMVolumeCreateRequest.java:validateAndUpdateCache(197)) - created volume:525f213f-afa8-4224-ab98-c05b3dc6da98 for user:runner
2023-12-19 18:18:26,168 [main] INFO  rpc.RpcClient (RpcClient.java:createBucket(683)) - Creating Bucket: 525f213f-afa8-4224-ab98-c05b3dc6da98/a8a69989-3bc7-4c19-8b58-4fa21cd63688, with server-side default bucket layout, runner as owner, Versioning false, Storage Type set to DISK and Encryption set to false, Replication Type set to server-side default replication type, Namespace Quota set to -1, Space Quota set to -1 
2023-12-19 18:18:26,169 [om1-OMStateMachineApplyTransactionThread - 0] INFO  bucket.OMBucketCreateRequest (OMBucketCreateRequest.java:validateAndUpdateCache(295)) - created bucket: a8a69989-3bc7-4c19-8b58-4fa21cd63688 of layout OBJECT_STORE in volume: 525f213f-afa8-4224-ab98-c05b3dc6da98
2023-12-19 18:18:26,171 [IPC Server handler 13 on default port 15001] WARN  node.SCMNodeManager (SCMNodeManager.java:getNodesByAddress(1440)) - address is null
2023-12-19 18:18:26,178 [IPC Server handler 18 on default port 15001] WARN  node.SCMNodeManager (SCMNodeManager.java:getNodesByAddress(1445)) - Cannot find node for address 127.0.0.1
18:18:26.183 [om1-OMStateMachineApplyTransactionThread - 0] ERROR OMAudit - user=runner | ip=127.0.0.1 | op=RENAME_KEY {volume=525f213f-afa8-4224-ab98-c05b3dc6da98, bucket=a8a69989-3bc7-4c19-8b58-4fa21cd63688, dataSize=0, replicationType=NONE, replicationFactor=ZERO, srcKey=f10d09d1-62d8-43c5-bc0a-38ae54cb33ee, dstKey=} | ret=FAILURE
org.apache.hadoop.ozone.om.exceptions.OMException: Key name is empty
	at org.apache.hadoop.ozone.om.request.key.OMKeyRenameRequest.validateAndUpdateCache(OMKeyRenameRequest.java:142) ~[ozone-manager-1.5.0-SNAPSHOT.jar:?]
	at org.apache.hadoop.ozone.protocolPB.OzoneManagerRequestHandler.lambda$0(OzoneManagerRequestHandler.java:398) ~[ozone-manager-1.5.0-SNAPSHOT.jar:?]
	at org.apache.hadoop.util.MetricUtil.captureLatencyNs(MetricUtil.java:39) ~[hdds-common-1.5.0-SNAPSHOT.jar:?]
	at org.apache.hadoop.ozone.protocolPB.OzoneManagerRequestHandler.handleWriteRequest(OzoneManagerRequestHandler.java:394) ~[ozone-manager-1.5.0-SNAPSHOT.jar:?]
	at org.apache.hadoop.ozone.om.ratis.OzoneManagerStateMachine.runCommand(OzoneManagerStateMachine.java:582) ~[ozone-manager-1.5.0-SNAPSHOT.jar:?]
	at org.apache.hadoop.ozone.om.ratis.OzoneManagerStateMachine.lambda$1(OzoneManagerStateMachine.java:370) ~[ozone-manager-1.5.0-SNAPSHOT.jar:?]
	at java.util.concurrent.CompletableFuture$AsyncSupply.run(CompletableFuture.java:1604) [?:1.8.0_392]
	at java.util.concurrent.ThreadPoolExecutor.runWorker(ThreadPoolExecutor.java:1149) [?:1.8.0_392]
	at java.util.concurrent.ThreadPoolExecutor$Worker.run(ThreadPoolExecutor.java:624) [?:1.8.0_392]
	at java.lang.Thread.run(Thread.java:750) [?:1.8.0_392]
2023-12-19 18:18:26,183 [om1-OMStateMachineApplyTransactionThread - 0] ERROR key.OMKeyRenameRequest (OMKeyRenameRequest.java:validateAndUpdateCache(234)) - Rename key failed for volume:525f213f-afa8-4224-ab98-c05b3dc6da98 bucket:a8a69989-3bc7-4c19-8b58-4fa21cd63688 fromKey:f10d09d1-62d8-43c5-bc0a-38ae54cb33ee toKey:. Exception: Key name is empty.
18:18:26.187 [IPC Server handler 12 on default port 15004] ERROR OMAudit - user=runner | ip=127.0.0.1 | op=READ_KEY {volume=525f213f-afa8-4224-ab98-c05b3dc6da98, bucket=a8a69989-3bc7-4c19-8b58-4fa21cd63688, key=f10d09d1-62d8-43c5-bc0a-38ae54cb33ee, dataSize=0, replicationConfig=null} | ret=FAILURE
org.apache.hadoop.ozone.om.exceptions.OMException: Key:f10d09d1-62d8-43c5-bc0a-38ae54cb33ee not found
	at org.apache.hadoop.ozone.om.KeyManagerImpl.readKeyInfo(KeyManagerImpl.java:451) ~[ozone-manager-1.5.0-SNAPSHOT.jar:?]
	at org.apache.hadoop.ozone.om.KeyManagerImpl.lambda$9(KeyManagerImpl.java:2015) ~[ozone-manager-1.5.0-SNAPSHOT.jar:?]
	at org.apache.hadoop.util.MetricUtil.captureLatencyNs(MetricUtil.java:39) ~[hdds-common-1.5.0-SNAPSHOT.jar:?]
	at org.apache.hadoop.ozone.om.KeyManagerImpl.getKeyInfo(KeyManagerImpl.java:2013) ~[ozone-manager-1.5.0-SNAPSHOT.jar:?]
	at org.apache.hadoop.ozone.om.OmMetadataReader.getKeyInfo(OmMetadataReader.java:190) ~[ozone-manager-1.5.0-SNAPSHOT.jar:?]
	at org.apache.hadoop.ozone.om.OzoneManager.getKeyInfo(OzoneManager.java:2869) ~[ozone-manager-1.5.0-SNAPSHOT.jar:?]
	at org.apache.hadoop.ozone.protocolPB.OzoneManagerRequestHandler.getKeyInfo(OzoneManagerRequestHandler.java:616) ~[ozone-manager-1.5.0-SNAPSHOT.jar:?]
	at org.apache.hadoop.ozone.protocolPB.OzoneManagerRequestHandler.handleReadRequest(OzoneManagerRequestHandler.java:323) ~[ozone-manager-1.5.0-SNAPSHOT.jar:?]
	at org.apache.hadoop.ozone.protocolPB.OzoneManagerProtocolServerSideTranslatorPB.submitReadRequestToOM(OzoneManagerProtocolServerSideTranslatorPB.java:265) ~[ozone-manager-1.5.0-SNAPSHOT.jar:?]
	at org.apache.hadoop.ozone.protocolPB.OzoneManagerProtocolServerSideTranslatorPB.internalProcessRequest(OzoneManagerProtocolServerSideTranslatorPB.java:211) ~[ozone-manager-1.5.0-SNAPSHOT.jar:?]
	at org.apache.hadoop.ozone.protocolPB.OzoneManagerProtocolServerSideTranslatorPB.processRequest(OzoneManagerProtocolServerSideTranslatorPB.java:171) ~[ozone-manager-1.5.0-SNAPSHOT.jar:?]
	at org.apache.hadoop.hdds.server.OzoneProtocolMessageDispatcher.processRequest(OzoneProtocolMessageDispatcher.java:89) [hdds-server-framework-1.5.0-SNAPSHOT.jar:?]
	at org.apache.hadoop.ozone.protocolPB.OzoneManagerProtocolServerSideTranslatorPB.submitRequest(OzoneManagerProtocolServerSideTranslatorPB.java:162) [ozone-manager-1.5.0-SNAPSHOT.jar:?]
	at org.apache.hadoop.ozone.protocol.proto.OzoneManagerProtocolProtos$OzoneManagerService$2.callBlockingMethod(OzoneManagerProtocolProtos.java) [ozone-interface-client-1.5.0-SNAPSHOT.jar:?]
	at org.apache.hadoop.ipc.ProtobufRpcEngine$Server.processCall(ProtobufRpcEngine.java:484) [hadoop-common-3.3.6.jar:?]
	at org.apache.hadoop.ipc.ProtobufRpcEngine2$Server$ProtoBufRpcInvoker.call(ProtobufRpcEngine2.java:595) [hadoop-common-3.3.6.jar:?]
	at org.apache.hadoop.ipc.ProtobufRpcEngine2$Server$ProtoBufRpcInvoker.call(ProtobufRpcEngine2.java:573) [hadoop-common-3.3.6.jar:?]
	at org.apache.hadoop.ipc.RPC$Server.call(RPC.java:1227) [hadoop-common-3.3.6.jar:?]
	at org.apache.hadoop.ipc.Server$RpcCall.run(Server.java:1094) [hadoop-common-3.3.6.jar:?]
	at org.apache.hadoop.ipc.Server$RpcCall.run(Server.java:1017) [hadoop-common-3.3.6.jar:?]
	at java.security.AccessController.doPrivileged(Native Method) ~[?:1.8.0_392]
	at javax.security.auth.Subject.doAs(Subject.java:422) [?:1.8.0_392]
	at org.apache.hadoop.security.UserGroupInformation.doAs(UserGroupInformation.java:1899) [hadoop-common-3.3.6.jar:?]
	at org.apache.hadoop.ipc.Server$Handler.run(Server.java:3048) [hadoop-common-3.3.6.jar:?]
2023-12-19 18:18:26,190 [IPC Server handler 8 on default port 15001] WARN  node.SCMNodeManager (SCMNodeManager.java:getNodesByAddress(1445)) - Cannot find node for address 127.0.0.1
]]></system-out>
  </testcase>
  <testcase name="testS3Auth" classname="org.apache.hadoop.ozone.client.rpc.TestSecureOzoneRpcClient" time="0.012">
    <system-out><![CDATA[2023-12-19 18:18:26,193 [main] INFO  om.S3SecretManager (S3SecretManager.java:updateCache(105)) - Updating cache for accessId/user: runner.
2023-12-19 18:18:26,200 [om1-OMStateMachineApplyTransactionThread - 0] INFO  volume.OMVolumeCreateRequest (OMVolumeCreateRequest.java:validateAndUpdateCache(197)) - created volume:16612af1-e570-41e7-aa5d-67b97e024c24 for user:runner
2023-12-19 18:18:26,201 [main] INFO  om.S3SecretManager (S3SecretManager.java:updateCache(105)) - Updating cache for accessId/user: runner.
2023-12-19 18:18:26,201 [main] ERROR protocolPB.OzoneManagerProtocolServerSideTranslatorPB (S3SecurityUtil.java:validateS3Credential(70)) - signatures do NOT match for S3 identifier:OzoneToken owner=runner, renewer=, realUser=, issueDate=1970-01-01T00:00:00Z, maxDate=1970-01-01T00:00:00Z, sequenceNumber=0, masterKeyId=0, strToSign=AWS4-HMAC-SHA256
20150830T123600Z
20150830/us-east-1/iam/aws4_request
f536975d06c0309214f805bb90ccff089219ecd68b2577efef23edd43b7e1a59, signature=5d672d79c15b13162d9279b0855cfba6789a8edb4c82c400e06b5924a6f2b5d7, awsAccessKeyId=runner, omServiceId=null, omCertSerialId=null
org.apache.hadoop.security.token.SecretManager$InvalidToken: Invalid S3 identifier:OzoneToken owner=runner, renewer=, realUser=, issueDate=1970-01-01T00:00:00Z, maxDate=1970-01-01T00:00:00Z, sequenceNumber=0, masterKeyId=0, strToSign=AWS4-HMAC-SHA256
20150830T123600Z
20150830/us-east-1/iam/aws4_request
f536975d06c0309214f805bb90ccff089219ecd68b2577efef23edd43b7e1a59, signature=5d672d79c15b13162d9279b0855cfba6789a8edb4c82c400e06b5924a6f2b5d7, awsAccessKeyId=runner, omServiceId=null, omCertSerialId=null
	at org.apache.hadoop.ozone.security.OzoneDelegationTokenSecretManager.validateS3AuthInfo(OzoneDelegationTokenSecretManager.java:507)
	at org.apache.hadoop.ozone.security.OzoneDelegationTokenSecretManager.retrievePassword(OzoneDelegationTokenSecretManager.java:406)
	at org.apache.hadoop.ozone.security.S3SecurityUtil.validateS3Credential(S3SecurityUtil.java:61)
	at org.apache.hadoop.ozone.protocolPB.OzoneManagerProtocolServerSideTranslatorPB.internalProcessRequest(OzoneManagerProtocolServerSideTranslatorPB.java:200)
	at org.apache.hadoop.ozone.protocolPB.OzoneManagerProtocolServerSideTranslatorPB.processRequest(OzoneManagerProtocolServerSideTranslatorPB.java:171)
	at org.apache.hadoop.hdds.server.OzoneProtocolMessageDispatcher.processRequest(OzoneProtocolMessageDispatcher.java:89)
	at org.apache.hadoop.ozone.protocolPB.OzoneManagerProtocolServerSideTranslatorPB.submitRequest(OzoneManagerProtocolServerSideTranslatorPB.java:162)
	at org.apache.hadoop.ozone.client.rpc.TestSecureOzoneRpcClient.testS3Auth(TestSecureOzoneRpcClient.java:319)
	at sun.reflect.NativeMethodAccessorImpl.invoke0(Native Method)
	at sun.reflect.NativeMethodAccessorImpl.invoke(NativeMethodAccessorImpl.java:62)
	at sun.reflect.DelegatingMethodAccessorImpl.invoke(DelegatingMethodAccessorImpl.java:43)
	at java.lang.reflect.Method.invoke(Method.java:498)
	at org.junit.platform.commons.util.ReflectionUtils.invokeMethod(ReflectionUtils.java:728)
	at org.junit.jupiter.engine.execution.MethodInvocation.proceed(MethodInvocation.java:60)
	at org.junit.jupiter.engine.execution.InvocationInterceptorChain$ValidatingInvocation.proceed(InvocationInterceptorChain.java:131)
	at org.junit.jupiter.engine.extension.SameThreadTimeoutInvocation.proceed(SameThreadTimeoutInvocation.java:45)
	at org.junit.jupiter.engine.extension.TimeoutExtension.intercept(TimeoutExtension.java:156)
	at org.junit.jupiter.engine.extension.TimeoutExtension.interceptTestableMethod(TimeoutExtension.java:147)
	at org.junit.jupiter.engine.extension.TimeoutExtension.interceptTestMethod(TimeoutExtension.java:86)
	at org.junit.jupiter.engine.execution.InterceptingExecutableInvoker$ReflectiveInterceptorCall.lambda$ofVoidMethod$0(InterceptingExecutableInvoker.java:103)
	at org.junit.jupiter.engine.execution.InterceptingExecutableInvoker.lambda$invoke$0(InterceptingExecutableInvoker.java:93)
	at org.junit.jupiter.engine.execution.InvocationInterceptorChain$InterceptedInvocation.proceed(InvocationInterceptorChain.java:106)
	at org.junit.jupiter.engine.execution.InvocationInterceptorChain.proceed(InvocationInterceptorChain.java:64)
	at org.junit.jupiter.engine.execution.InvocationInterceptorChain.chainAndInvoke(InvocationInterceptorChain.java:45)
	at org.junit.jupiter.engine.execution.InvocationInterceptorChain.invoke(InvocationInterceptorChain.java:37)
	at org.junit.jupiter.engine.execution.InterceptingExecutableInvoker.invoke(InterceptingExecutableInvoker.java:92)
	at org.junit.jupiter.engine.execution.InterceptingExecutableInvoker.invoke(InterceptingExecutableInvoker.java:86)
	at org.junit.jupiter.engine.descriptor.TestMethodTestDescriptor.lambda$invokeTestMethod$7(TestMethodTestDescriptor.java:218)
	at org.junit.platform.engine.support.hierarchical.ThrowableCollector.execute(ThrowableCollector.java:73)
	at org.junit.jupiter.engine.descriptor.TestMethodTestDescriptor.invokeTestMethod(TestMethodTestDescriptor.java:214)
	at org.junit.jupiter.engine.descriptor.TestMethodTestDescriptor.execute(TestMethodTestDescriptor.java:139)
	at org.junit.jupiter.engine.descriptor.TestMethodTestDescriptor.execute(TestMethodTestDescriptor.java:69)
	at org.junit.platform.engine.support.hierarchical.NodeTestTask.lambda$executeRecursively$6(NodeTestTask.java:151)
	at org.junit.platform.engine.support.hierarchical.ThrowableCollector.execute(ThrowableCollector.java:73)
	at org.junit.platform.engine.support.hierarchical.NodeTestTask.lambda$executeRecursively$8(NodeTestTask.java:141)
	at org.junit.platform.engine.support.hierarchical.Node.around(Node.java:137)
	at org.junit.platform.engine.support.hierarchical.NodeTestTask.lambda$executeRecursively$9(NodeTestTask.java:139)
	at org.junit.platform.engine.support.hierarchical.ThrowableCollector.execute(ThrowableCollector.java:73)
	at org.junit.platform.engine.support.hierarchical.NodeTestTask.executeRecursively(NodeTestTask.java:138)
	at org.junit.platform.engine.support.hierarchical.NodeTestTask.execute(NodeTestTask.java:95)
	at java.util.ArrayList.forEach(ArrayList.java:1259)
	at org.junit.platform.engine.support.hierarchical.SameThreadHierarchicalTestExecutorService.invokeAll(SameThreadHierarchicalTestExecutorService.java:41)
	at org.junit.platform.engine.support.hierarchical.NodeTestTask.lambda$executeRecursively$6(NodeTestTask.java:155)
	at org.junit.platform.engine.support.hierarchical.ThrowableCollector.execute(ThrowableCollector.java:73)
	at org.junit.platform.engine.support.hierarchical.NodeTestTask.lambda$executeRecursively$8(NodeTestTask.java:141)
	at org.junit.platform.engine.support.hierarchical.Node.around(Node.java:137)
	at org.junit.platform.engine.support.hierarchical.NodeTestTask.lambda$executeRecursively$9(NodeTestTask.java:139)
	at org.junit.platform.engine.support.hierarchical.ThrowableCollector.execute(ThrowableCollector.java:73)
	at org.junit.platform.engine.support.hierarchical.NodeTestTask.executeRecursively(NodeTestTask.java:138)
	at org.junit.platform.engine.support.hierarchical.NodeTestTask.execute(NodeTestTask.java:95)
	at java.util.ArrayList.forEach(ArrayList.java:1259)
	at org.junit.platform.engine.support.hierarchical.SameThreadHierarchicalTestExecutorService.invokeAll(SameThreadHierarchicalTestExecutorService.java:41)
	at org.junit.platform.engine.support.hierarchical.NodeTestTask.lambda$executeRecursively$6(NodeTestTask.java:155)
	at org.junit.platform.engine.support.hierarchical.ThrowableCollector.execute(ThrowableCollector.java:73)
	at org.junit.platform.engine.support.hierarchical.NodeTestTask.lambda$executeRecursively$8(NodeTestTask.java:141)
	at org.junit.platform.engine.support.hierarchical.Node.around(Node.java:137)
	at org.junit.platform.engine.support.hierarchical.NodeTestTask.lambda$executeRecursively$9(NodeTestTask.java:139)
	at org.junit.platform.engine.support.hierarchical.ThrowableCollector.execute(ThrowableCollector.java:73)
	at org.junit.platform.engine.support.hierarchical.NodeTestTask.executeRecursively(NodeTestTask.java:138)
	at org.junit.platform.engine.support.hierarchical.NodeTestTask.execute(NodeTestTask.java:95)
	at org.junit.platform.engine.support.hierarchical.SameThreadHierarchicalTestExecutorService.submit(SameThreadHierarchicalTestExecutorService.java:35)
	at org.junit.platform.engine.support.hierarchical.HierarchicalTestExecutor.execute(HierarchicalTestExecutor.java:57)
	at org.junit.platform.engine.support.hierarchical.HierarchicalTestEngine.execute(HierarchicalTestEngine.java:54)
	at org.junit.platform.launcher.core.EngineExecutionOrchestrator.execute(EngineExecutionOrchestrator.java:198)
	at org.junit.platform.launcher.core.EngineExecutionOrchestrator.execute(EngineExecutionOrchestrator.java:169)
	at org.junit.platform.launcher.core.EngineExecutionOrchestrator.execute(EngineExecutionOrchestrator.java:93)
	at org.junit.platform.launcher.core.EngineExecutionOrchestrator.lambda$execute$0(EngineExecutionOrchestrator.java:58)
	at org.junit.platform.launcher.core.EngineExecutionOrchestrator.withInterceptedStreams(EngineExecutionOrchestrator.java:141)
	at org.junit.platform.launcher.core.EngineExecutionOrchestrator.execute(EngineExecutionOrchestrator.java:57)
	at org.junit.platform.launcher.core.DefaultLauncher.execute(DefaultLauncher.java:103)
	at org.junit.platform.launcher.core.DefaultLauncher.execute(DefaultLauncher.java:85)
	at org.junit.platform.launcher.core.DelegatingLauncher.execute(DelegatingLauncher.java:47)
	at org.apache.maven.surefire.junitplatform.LazyLauncher.execute(LazyLauncher.java:56)
	at org.apache.maven.surefire.junitplatform.JUnitPlatformProvider.execute(JUnitPlatformProvider.java:184)
	at org.apache.maven.surefire.junitplatform.JUnitPlatformProvider.invokeAllTests(JUnitPlatformProvider.java:148)
	at org.apache.maven.surefire.junitplatform.JUnitPlatformProvider.invoke(JUnitPlatformProvider.java:120)
	at org.apache.maven.surefire.booter.ForkedBooter.runSuitesInProcess(ForkedBooter.java:385)
	at org.apache.maven.surefire.booter.ForkedBooter.execute(ForkedBooter.java:162)
	at org.apache.maven.surefire.booter.ForkedBooter.run(ForkedBooter.java:507)
	at org.apache.maven.surefire.booter.ForkedBooter.main(ForkedBooter.java:495)
2023-12-19 18:18:26,202 [main] ERROR protocolPB.OzoneManagerProtocolServerSideTranslatorPB (S3SecurityUtil.java:validateS3Credential(70)) - signatures do NOT match for S3 identifier:OzoneToken owner=runner, renewer=, realUser=, issueDate=1970-01-01T00:00:00Z, maxDate=1970-01-01T00:00:00Z, sequenceNumber=0, masterKeyId=0, strToSign=AWS4-HMAC-SHA256
20150830T123600Z
20150830/us-east-1/iam/aws4_request
f536975d06c0309214f805bb90ccff089219ecd68b2577efef23edd43b7e1a59, signature=5d672d79c15b13162d9279b0855cfba6789a8edb4c82c400e06b5924a6f2b5d7, awsAccessKeyId=runner, omServiceId=null, omCertSerialId=null
org.apache.hadoop.security.token.SecretManager$InvalidToken: Invalid S3 identifier:OzoneToken owner=runner, renewer=, realUser=, issueDate=1970-01-01T00:00:00Z, maxDate=1970-01-01T00:00:00Z, sequenceNumber=0, masterKeyId=0, strToSign=AWS4-HMAC-SHA256
20150830T123600Z
20150830/us-east-1/iam/aws4_request
f536975d06c0309214f805bb90ccff089219ecd68b2577efef23edd43b7e1a59, signature=5d672d79c15b13162d9279b0855cfba6789a8edb4c82c400e06b5924a6f2b5d7, awsAccessKeyId=runner, omServiceId=null, omCertSerialId=null
	at org.apache.hadoop.ozone.security.OzoneDelegationTokenSecretManager.validateS3AuthInfo(OzoneDelegationTokenSecretManager.java:507)
	at org.apache.hadoop.ozone.security.OzoneDelegationTokenSecretManager.retrievePassword(OzoneDelegationTokenSecretManager.java:406)
	at org.apache.hadoop.ozone.security.S3SecurityUtil.validateS3Credential(S3SecurityUtil.java:61)
	at org.apache.hadoop.ozone.protocolPB.OzoneManagerProtocolServerSideTranslatorPB.internalProcessRequest(OzoneManagerProtocolServerSideTranslatorPB.java:200)
	at org.apache.hadoop.ozone.protocolPB.OzoneManagerProtocolServerSideTranslatorPB.processRequest(OzoneManagerProtocolServerSideTranslatorPB.java:171)
	at org.apache.hadoop.hdds.server.OzoneProtocolMessageDispatcher.processRequest(OzoneProtocolMessageDispatcher.java:89)
	at org.apache.hadoop.ozone.protocolPB.OzoneManagerProtocolServerSideTranslatorPB.submitRequest(OzoneManagerProtocolServerSideTranslatorPB.java:162)
	at org.apache.hadoop.ozone.client.rpc.TestSecureOzoneRpcClient.testS3Auth(TestSecureOzoneRpcClient.java:324)
	at sun.reflect.NativeMethodAccessorImpl.invoke0(Native Method)
	at sun.reflect.NativeMethodAccessorImpl.invoke(NativeMethodAccessorImpl.java:62)
	at sun.reflect.DelegatingMethodAccessorImpl.invoke(DelegatingMethodAccessorImpl.java:43)
	at java.lang.reflect.Method.invoke(Method.java:498)
	at org.junit.platform.commons.util.ReflectionUtils.invokeMethod(ReflectionUtils.java:728)
	at org.junit.jupiter.engine.execution.MethodInvocation.proceed(MethodInvocation.java:60)
	at org.junit.jupiter.engine.execution.InvocationInterceptorChain$ValidatingInvocation.proceed(InvocationInterceptorChain.java:131)
	at org.junit.jupiter.engine.extension.SameThreadTimeoutInvocation.proceed(SameThreadTimeoutInvocation.java:45)
	at org.junit.jupiter.engine.extension.TimeoutExtension.intercept(TimeoutExtension.java:156)
	at org.junit.jupiter.engine.extension.TimeoutExtension.interceptTestableMethod(TimeoutExtension.java:147)
	at org.junit.jupiter.engine.extension.TimeoutExtension.interceptTestMethod(TimeoutExtension.java:86)
	at org.junit.jupiter.engine.execution.InterceptingExecutableInvoker$ReflectiveInterceptorCall.lambda$ofVoidMethod$0(InterceptingExecutableInvoker.java:103)
	at org.junit.jupiter.engine.execution.InterceptingExecutableInvoker.lambda$invoke$0(InterceptingExecutableInvoker.java:93)
	at org.junit.jupiter.engine.execution.InvocationInterceptorChain$InterceptedInvocation.proceed(InvocationInterceptorChain.java:106)
	at org.junit.jupiter.engine.execution.InvocationInterceptorChain.proceed(InvocationInterceptorChain.java:64)
	at org.junit.jupiter.engine.execution.InvocationInterceptorChain.chainAndInvoke(InvocationInterceptorChain.java:45)
	at org.junit.jupiter.engine.execution.InvocationInterceptorChain.invoke(InvocationInterceptorChain.java:37)
	at org.junit.jupiter.engine.execution.InterceptingExecutableInvoker.invoke(InterceptingExecutableInvoker.java:92)
	at org.junit.jupiter.engine.execution.InterceptingExecutableInvoker.invoke(InterceptingExecutableInvoker.java:86)
	at org.junit.jupiter.engine.descriptor.TestMethodTestDescriptor.lambda$invokeTestMethod$7(TestMethodTestDescriptor.java:218)
	at org.junit.platform.engine.support.hierarchical.ThrowableCollector.execute(ThrowableCollector.java:73)
	at org.junit.jupiter.engine.descriptor.TestMethodTestDescriptor.invokeTestMethod(TestMethodTestDescriptor.java:214)
	at org.junit.jupiter.engine.descriptor.TestMethodTestDescriptor.execute(TestMethodTestDescriptor.java:139)
	at org.junit.jupiter.engine.descriptor.TestMethodTestDescriptor.execute(TestMethodTestDescriptor.java:69)
	at org.junit.platform.engine.support.hierarchical.NodeTestTask.lambda$executeRecursively$6(NodeTestTask.java:151)
	at org.junit.platform.engine.support.hierarchical.ThrowableCollector.execute(ThrowableCollector.java:73)
	at org.junit.platform.engine.support.hierarchical.NodeTestTask.lambda$executeRecursively$8(NodeTestTask.java:141)
	at org.junit.platform.engine.support.hierarchical.Node.around(Node.java:137)
	at org.junit.platform.engine.support.hierarchical.NodeTestTask.lambda$executeRecursively$9(NodeTestTask.java:139)
	at org.junit.platform.engine.support.hierarchical.ThrowableCollector.execute(ThrowableCollector.java:73)
	at org.junit.platform.engine.support.hierarchical.NodeTestTask.executeRecursively(NodeTestTask.java:138)
	at org.junit.platform.engine.support.hierarchical.NodeTestTask.execute(NodeTestTask.java:95)
	at java.util.ArrayList.forEach(ArrayList.java:1259)
	at org.junit.platform.engine.support.hierarchical.SameThreadHierarchicalTestExecutorService.invokeAll(SameThreadHierarchicalTestExecutorService.java:41)
	at org.junit.platform.engine.support.hierarchical.NodeTestTask.lambda$executeRecursively$6(NodeTestTask.java:155)
	at org.junit.platform.engine.support.hierarchical.ThrowableCollector.execute(ThrowableCollector.java:73)
	at org.junit.platform.engine.support.hierarchical.NodeTestTask.lambda$executeRecursively$8(NodeTestTask.java:141)
	at org.junit.platform.engine.support.hierarchical.Node.around(Node.java:137)
	at org.junit.platform.engine.support.hierarchical.NodeTestTask.lambda$executeRecursively$9(NodeTestTask.java:139)
	at org.junit.platform.engine.support.hierarchical.ThrowableCollector.execute(ThrowableCollector.java:73)
	at org.junit.platform.engine.support.hierarchical.NodeTestTask.executeRecursively(NodeTestTask.java:138)
	at org.junit.platform.engine.support.hierarchical.NodeTestTask.execute(NodeTestTask.java:95)
	at java.util.ArrayList.forEach(ArrayList.java:1259)
	at org.junit.platform.engine.support.hierarchical.SameThreadHierarchicalTestExecutorService.invokeAll(SameThreadHierarchicalTestExecutorService.java:41)
	at org.junit.platform.engine.support.hierarchical.NodeTestTask.lambda$executeRecursively$6(NodeTestTask.java:155)
	at org.junit.platform.engine.support.hierarchical.ThrowableCollector.execute(ThrowableCollector.java:73)
	at org.junit.platform.engine.support.hierarchical.NodeTestTask.lambda$executeRecursively$8(NodeTestTask.java:141)
	at org.junit.platform.engine.support.hierarchical.Node.around(Node.java:137)
	at org.junit.platform.engine.support.hierarchical.NodeTestTask.lambda$executeRecursively$9(NodeTestTask.java:139)
	at org.junit.platform.engine.support.hierarchical.ThrowableCollector.execute(ThrowableCollector.java:73)
	at org.junit.platform.engine.support.hierarchical.NodeTestTask.executeRecursively(NodeTestTask.java:138)
	at org.junit.platform.engine.support.hierarchical.NodeTestTask.execute(NodeTestTask.java:95)
	at org.junit.platform.engine.support.hierarchical.SameThreadHierarchicalTestExecutorService.submit(SameThreadHierarchicalTestExecutorService.java:35)
	at org.junit.platform.engine.support.hierarchical.HierarchicalTestExecutor.execute(HierarchicalTestExecutor.java:57)
	at org.junit.platform.engine.support.hierarchical.HierarchicalTestEngine.execute(HierarchicalTestEngine.java:54)
	at org.junit.platform.launcher.core.EngineExecutionOrchestrator.execute(EngineExecutionOrchestrator.java:198)
	at org.junit.platform.launcher.core.EngineExecutionOrchestrator.execute(EngineExecutionOrchestrator.java:169)
	at org.junit.platform.launcher.core.EngineExecutionOrchestrator.execute(EngineExecutionOrchestrator.java:93)
	at org.junit.platform.launcher.core.EngineExecutionOrchestrator.lambda$execute$0(EngineExecutionOrchestrator.java:58)
	at org.junit.platform.launcher.core.EngineExecutionOrchestrator.withInterceptedStreams(EngineExecutionOrchestrator.java:141)
	at org.junit.platform.launcher.core.EngineExecutionOrchestrator.execute(EngineExecutionOrchestrator.java:57)
	at org.junit.platform.launcher.core.DefaultLauncher.execute(DefaultLauncher.java:103)
	at org.junit.platform.launcher.core.DefaultLauncher.execute(DefaultLauncher.java:85)
	at org.junit.platform.launcher.core.DelegatingLauncher.execute(DelegatingLauncher.java:47)
	at org.apache.maven.surefire.junitplatform.LazyLauncher.execute(LazyLauncher.java:56)
	at org.apache.maven.surefire.junitplatform.JUnitPlatformProvider.execute(JUnitPlatformProvider.java:184)
	at org.apache.maven.surefire.junitplatform.JUnitPlatformProvider.invokeAllTests(JUnitPlatformProvider.java:148)
	at org.apache.maven.surefire.junitplatform.JUnitPlatformProvider.invoke(JUnitPlatformProvider.java:120)
	at org.apache.maven.surefire.booter.ForkedBooter.runSuitesInProcess(ForkedBooter.java:385)
	at org.apache.maven.surefire.booter.ForkedBooter.execute(ForkedBooter.java:162)
	at org.apache.maven.surefire.booter.ForkedBooter.run(ForkedBooter.java:507)
	at org.apache.maven.surefire.booter.ForkedBooter.main(ForkedBooter.java:495)
]]></system-out>
  </testcase>
  <testcase name="testSetAndClrQuota" classname="org.apache.hadoop.ozone.client.rpc.TestSecureOzoneRpcClient" time="0.044">
    <system-out><![CDATA[2023-12-19 18:18:26,204 [main] INFO  rpc.RpcClient (RpcClient.java:createVolume(456)) - Creating Volume: 45c53be9-ab84-4aa4-b05e-9ddd09067c1a, with runner as owner and space quota set to -1 bytes, counts quota set to -1
2023-12-19 18:18:26,205 [om1-OMStateMachineApplyTransactionThread - 0] INFO  volume.OMVolumeCreateRequest (OMVolumeCreateRequest.java:validateAndUpdateCache(197)) - created volume:45c53be9-ab84-4aa4-b05e-9ddd09067c1a for user:runner
2023-12-19 18:18:26,206 [main] INFO  rpc.RpcClient (RpcClient.java:createBucket(683)) - Creating Bucket: 45c53be9-ab84-4aa4-b05e-9ddd09067c1a/ee8019d6-4c33-406c-9041-f06bcf2151b8, with server-side default bucket layout, runner as owner, Versioning false, Storage Type set to DISK and Encryption set to false, Replication Type set to server-side default replication type, Namespace Quota set to -1, Space Quota set to -1 
2023-12-19 18:18:26,208 [om1-OMStateMachineApplyTransactionThread - 0] INFO  bucket.OMBucketCreateRequest (OMBucketCreateRequest.java:validateAndUpdateCache(295)) - created bucket: ee8019d6-4c33-406c-9041-f06bcf2151b8 of layout OBJECT_STORE in volume: 45c53be9-ab84-4aa4-b05e-9ddd09067c1a
2023-12-19 18:18:26,214 [main] INFO  rpc.RpcClient (RpcClient.java:createBucket(683)) - Creating Bucket: 45c53be9-ab84-4aa4-b05e-9ddd09067c1a/5882266c-70dc-44eb-8f63-664e1373ea73, with server-side default bucket layout, runner as owner, Versioning false, Storage Type set to DISK and Encryption set to false, Replication Type set to server-side default replication type, Namespace Quota set to -1, Space Quota set to -1 
2023-12-19 18:18:26,215 [om1-OMStateMachineApplyTransactionThread - 0] INFO  bucket.OMBucketCreateRequest (OMBucketCreateRequest.java:validateAndUpdateCache(295)) - created bucket: 5882266c-70dc-44eb-8f63-664e1373ea73 of layout OBJECT_STORE in volume: 45c53be9-ab84-4aa4-b05e-9ddd09067c1a
18:18:26.225 [om1-OMStateMachineApplyTransactionThread - 0] ERROR OMAudit - user=runner | ip=127.0.0.1 | op=UPDATE_BUCKET {volume=45c53be9-ab84-4aa4-b05e-9ddd09067c1a, bucket=ee8019d6-4c33-406c-9041-f06bcf2151b8, gdprEnabled=null, isVersionEnabled=null} | ret=FAILURE
org.apache.hadoop.ozone.om.exceptions.OMException: Can not clear bucket spaceQuota because volume spaceQuota is not cleared.
	at org.apache.hadoop.ozone.om.request.bucket.OMBucketSetPropertyRequest.checkQuotaBytesValid(OMBucketSetPropertyRequest.java:268) ~[ozone-manager-1.5.0-SNAPSHOT.jar:?]
	at org.apache.hadoop.ozone.om.request.bucket.OMBucketSetPropertyRequest.validateAndUpdateCache(OMBucketSetPropertyRequest.java:176) ~[ozone-manager-1.5.0-SNAPSHOT.jar:?]
	at org.apache.hadoop.ozone.protocolPB.OzoneManagerRequestHandler.lambda$0(OzoneManagerRequestHandler.java:398) ~[ozone-manager-1.5.0-SNAPSHOT.jar:?]
	at org.apache.hadoop.util.MetricUtil.captureLatencyNs(MetricUtil.java:39) ~[hdds-common-1.5.0-SNAPSHOT.jar:?]
	at org.apache.hadoop.ozone.protocolPB.OzoneManagerRequestHandler.handleWriteRequest(OzoneManagerRequestHandler.java:394) ~[ozone-manager-1.5.0-SNAPSHOT.jar:?]
	at org.apache.hadoop.ozone.om.ratis.OzoneManagerStateMachine.runCommand(OzoneManagerStateMachine.java:582) ~[ozone-manager-1.5.0-SNAPSHOT.jar:?]
	at org.apache.hadoop.ozone.om.ratis.OzoneManagerStateMachine.lambda$1(OzoneManagerStateMachine.java:370) ~[ozone-manager-1.5.0-SNAPSHOT.jar:?]
	at java.util.concurrent.CompletableFuture$AsyncSupply.run(CompletableFuture.java:1604) [?:1.8.0_392]
	at java.util.concurrent.ThreadPoolExecutor.runWorker(ThreadPoolExecutor.java:1149) [?:1.8.0_392]
	at java.util.concurrent.ThreadPoolExecutor$Worker.run(ThreadPoolExecutor.java:624) [?:1.8.0_392]
	at java.lang.Thread.run(Thread.java:750) [?:1.8.0_392]
2023-12-19 18:18:26,226 [om1-OMStateMachineApplyTransactionThread - 0] ERROR bucket.OMBucketSetPropertyRequest (OMBucketSetPropertyRequest.java:validateAndUpdateCache(228)) - Setting bucket property failed for bucket:ee8019d6-4c33-406c-9041-f06bcf2151b8 in volume:45c53be9-ab84-4aa4-b05e-9ddd09067c1a
QUOTA_ERROR org.apache.hadoop.ozone.om.exceptions.OMException: Can not clear bucket spaceQuota because volume spaceQuota is not cleared.
	at org.apache.hadoop.ozone.om.request.bucket.OMBucketSetPropertyRequest.checkQuotaBytesValid(OMBucketSetPropertyRequest.java:268)
	at org.apache.hadoop.ozone.om.request.bucket.OMBucketSetPropertyRequest.validateAndUpdateCache(OMBucketSetPropertyRequest.java:176)
	at org.apache.hadoop.ozone.protocolPB.OzoneManagerRequestHandler.lambda$0(OzoneManagerRequestHandler.java:398)
	at org.apache.hadoop.util.MetricUtil.captureLatencyNs(MetricUtil.java:39)
	at org.apache.hadoop.ozone.protocolPB.OzoneManagerRequestHandler.handleWriteRequest(OzoneManagerRequestHandler.java:394)
	at org.apache.hadoop.ozone.om.ratis.OzoneManagerStateMachine.runCommand(OzoneManagerStateMachine.java:582)
	at org.apache.hadoop.ozone.om.ratis.OzoneManagerStateMachine.lambda$1(OzoneManagerStateMachine.java:370)
	at java.util.concurrent.CompletableFuture$AsyncSupply.run(CompletableFuture.java:1604)
	at java.util.concurrent.ThreadPoolExecutor.runWorker(ThreadPoolExecutor.java:1149)
	at java.util.concurrent.ThreadPoolExecutor$Worker.run(ThreadPoolExecutor.java:624)
	at java.lang.Thread.run(Thread.java:750)
2023-12-19 18:18:26,227 [IPC Server handler 12 on default port 15001] WARN  node.SCMNodeManager (SCMNodeManager.java:getNodesByAddress(1440)) - address is null
]]></system-out>
  </testcase>
  <testcase name="testSetBucketQuotaIllegal" classname="org.apache.hadoop.ozone.client.rpc.TestSecureOzoneRpcClient" time="0.01">
    <system-out><![CDATA[2023-12-19 18:18:26,250 [main] INFO  rpc.RpcClient (RpcClient.java:createVolume(456)) - Creating Volume: c41e16b3-74ac-4a35-8e1c-afe909253db5, with runner as owner and space quota set to -1 bytes, counts quota set to -1
2023-12-19 18:18:26,251 [om1-OMStateMachineApplyTransactionThread - 0] INFO  volume.OMVolumeCreateRequest (OMVolumeCreateRequest.java:validateAndUpdateCache(197)) - created volume:c41e16b3-74ac-4a35-8e1c-afe909253db5 for user:runner
2023-12-19 18:18:26,252 [main] INFO  rpc.RpcClient (RpcClient.java:createBucket(683)) - Creating Bucket: c41e16b3-74ac-4a35-8e1c-afe909253db5/d51bb35b-c66c-484f-b6f7-7200900e1c85, with server-side default bucket layout, runner as owner, Versioning false, Storage Type set to DISK and Encryption set to false, Replication Type set to server-side default replication type, Namespace Quota set to -1, Space Quota set to -1 
2023-12-19 18:18:26,253 [om1-OMStateMachineApplyTransactionThread - 0] INFO  bucket.OMBucketCreateRequest (OMBucketCreateRequest.java:validateAndUpdateCache(295)) - created bucket: d51bb35b-c66c-484f-b6f7-7200900e1c85 of layout OBJECT_STORE in volume: c41e16b3-74ac-4a35-8e1c-afe909253db5
]]></system-out>
  </testcase>
  <testcase name="testSetBucketStorageType" classname="org.apache.hadoop.ozone.client.rpc.TestSecureOzoneRpcClient" time="0.006">
    <system-out><![CDATA[2023-12-19 18:18:26,260 [main] INFO  rpc.RpcClient (RpcClient.java:createVolume(456)) - Creating Volume: a90923ce-cd82-4820-b350-7ec7ef36672c, with runner as owner and space quota set to -1 bytes, counts quota set to -1
2023-12-19 18:18:26,261 [om1-OMStateMachineApplyTransactionThread - 0] INFO  volume.OMVolumeCreateRequest (OMVolumeCreateRequest.java:validateAndUpdateCache(197)) - created volume:a90923ce-cd82-4820-b350-7ec7ef36672c for user:runner
2023-12-19 18:18:26,262 [main] INFO  rpc.RpcClient (RpcClient.java:createBucket(683)) - Creating Bucket: a90923ce-cd82-4820-b350-7ec7ef36672c/a86da95e-6b07-46a3-813a-5625099fcd31, with server-side default bucket layout, runner as owner, Versioning false, Storage Type set to DISK and Encryption set to false, Replication Type set to server-side default replication type, Namespace Quota set to -1, Space Quota set to -1 
2023-12-19 18:18:26,263 [om1-OMStateMachineApplyTransactionThread - 0] INFO  bucket.OMBucketCreateRequest (OMBucketCreateRequest.java:validateAndUpdateCache(295)) - created bucket: a86da95e-6b07-46a3-813a-5625099fcd31 of layout OBJECT_STORE in volume: a90923ce-cd82-4820-b350-7ec7ef36672c
]]></system-out>
  </testcase>
  <testcase name="testSetBucketVersioning" classname="org.apache.hadoop.ozone.client.rpc.TestSecureOzoneRpcClient" time="0.006">
    <system-out><![CDATA[2023-12-19 18:18:26,266 [main] INFO  rpc.RpcClient (RpcClient.java:createVolume(456)) - Creating Volume: ede37422-2518-426e-bce7-e8257818b391, with runner as owner and space quota set to -1 bytes, counts quota set to -1
2023-12-19 18:18:26,267 [om1-OMStateMachineApplyTransactionThread - 0] INFO  volume.OMVolumeCreateRequest (OMVolumeCreateRequest.java:validateAndUpdateCache(197)) - created volume:ede37422-2518-426e-bce7-e8257818b391 for user:runner
2023-12-19 18:18:26,268 [main] INFO  rpc.RpcClient (RpcClient.java:createBucket(683)) - Creating Bucket: ede37422-2518-426e-bce7-e8257818b391/229bc21c-eb17-47d9-ad3e-8776c3605150, with server-side default bucket layout, runner as owner, Versioning false, Storage Type set to DISK and Encryption set to false, Replication Type set to server-side default replication type, Namespace Quota set to -1, Space Quota set to -1 
2023-12-19 18:18:26,269 [om1-OMStateMachineApplyTransactionThread - 0] INFO  bucket.OMBucketCreateRequest (OMBucketCreateRequest.java:validateAndUpdateCache(295)) - created bucket: 229bc21c-eb17-47d9-ad3e-8776c3605150 of layout OBJECT_STORE in volume: ede37422-2518-426e-bce7-e8257818b391
]]></system-out>
  </testcase>
  <testcase name="testSetECReplicationConfigOnBucket" classname="org.apache.hadoop.ozone.client.rpc.TestSecureOzoneRpcClient" time="0.01">
    <system-out><![CDATA[2023-12-19 18:18:26,273 [main] INFO  rpc.RpcClient (RpcClient.java:createVolume(456)) - Creating Volume: 6f129c26-f3af-46b9-af8d-84fd14203fbe, with runner as owner and space quota set to -1 bytes, counts quota set to -1
2023-12-19 18:18:26,273 [om1-OMStateMachineApplyTransactionThread - 0] INFO  volume.OMVolumeCreateRequest (OMVolumeCreateRequest.java:validateAndUpdateCache(197)) - created volume:6f129c26-f3af-46b9-af8d-84fd14203fbe for user:runner
2023-12-19 18:18:26,274 [main] INFO  rpc.RpcClient (RpcClient.java:createBucket(683)) - Creating Bucket: 6f129c26-f3af-46b9-af8d-84fd14203fbe/d78a061a-8882-4ccc-8047-49b576f4d85a, with server-side default bucket layout, runner as owner, Versioning true, Storage Type set to DISK and Encryption set to false, Replication Type set to STAND_ALONE, Namespace Quota set to -1, Space Quota set to -1 
2023-12-19 18:18:26,276 [om1-OMStateMachineApplyTransactionThread - 0] INFO  bucket.OMBucketCreateRequest (OMBucketCreateRequest.java:validateAndUpdateCache(295)) - created bucket: d78a061a-8882-4ccc-8047-49b576f4d85a of layout OBJECT_STORE in volume: 6f129c26-f3af-46b9-af8d-84fd14203fbe
]]></system-out>
  </testcase>
  <testcase name="testSetS3VolumeAcl" classname="org.apache.hadoop.ozone.client.rpc.TestSecureOzoneRpcClient" time="0.003"/>
  <testcase name="testSetVolumeQuota" classname="org.apache.hadoop.ozone.client.rpc.TestSecureOzoneRpcClient" time="0.007">
    <system-out><![CDATA[2023-12-19 18:18:26,286 [main] INFO  rpc.RpcClient (RpcClient.java:createVolume(456)) - Creating Volume: 95966507-0444-4d0d-b7cc-4d8a9af3b721, with runner as owner and space quota set to -1 bytes, counts quota set to -1
2023-12-19 18:18:26,287 [om1-OMStateMachineApplyTransactionThread - 0] INFO  volume.OMVolumeCreateRequest (OMVolumeCreateRequest.java:validateAndUpdateCache(197)) - created volume:95966507-0444-4d0d-b7cc-4d8a9af3b721 for user:runner
]]></system-out>
  </testcase>
  <testcase name="testSetVolumeQuotaIllegal" classname="org.apache.hadoop.ozone.client.rpc.TestSecureOzoneRpcClient" time="0.008">
    <system-out><![CDATA[2023-12-19 18:18:26,295 [main] INFO  rpc.RpcClient (RpcClient.java:createVolume(456)) - Creating Volume: 4262fa54-9684-43a5-a4f4-7ebe019094bc, with runner as owner and space quota set to -1 bytes, counts quota set to -1
2023-12-19 18:18:26,296 [om1-OMStateMachineApplyTransactionThread - 0] INFO  volume.OMVolumeCreateRequest (OMVolumeCreateRequest.java:validateAndUpdateCache(197)) - created volume:4262fa54-9684-43a5-a4f4-7ebe019094bc for user:runner
]]></system-out>
  </testcase>
  <testcase name="testUploadPartOverride(ReplicationConfig)[1]" classname="org.apache.hadoop.ozone.client.rpc.TestSecureOzoneRpcClient" time="0.028">
    <system-out><![CDATA[2023-12-19 18:18:26,303 [main] INFO  rpc.RpcClient (RpcClient.java:createVolume(456)) - Creating Volume: b60cb4f2-90f3-4a12-ae8f-fee284834841, with runner as owner and space quota set to -1 bytes, counts quota set to -1
2023-12-19 18:18:26,304 [om1-OMStateMachineApplyTransactionThread - 0] INFO  volume.OMVolumeCreateRequest (OMVolumeCreateRequest.java:validateAndUpdateCache(197)) - created volume:b60cb4f2-90f3-4a12-ae8f-fee284834841 for user:runner
2023-12-19 18:18:26,305 [main] INFO  rpc.RpcClient (RpcClient.java:createBucket(683)) - Creating Bucket: b60cb4f2-90f3-4a12-ae8f-fee284834841/d7ec6ad9-f823-446c-a822-2842380e868f, with server-side default bucket layout, runner as owner, Versioning false, Storage Type set to DISK and Encryption set to false, Replication Type set to server-side default replication type, Namespace Quota set to -1, Space Quota set to -1 
2023-12-19 18:18:26,306 [om1-OMStateMachineApplyTransactionThread - 0] INFO  bucket.OMBucketCreateRequest (OMBucketCreateRequest.java:validateAndUpdateCache(295)) - created bucket: d7ec6ad9-f823-446c-a822-2842380e868f of layout OBJECT_STORE in volume: b60cb4f2-90f3-4a12-ae8f-fee284834841
2023-12-19 18:18:26,312 [IPC Server handler 0 on default port 15001] WARN  node.SCMNodeManager (SCMNodeManager.java:getNodesByAddress(1440)) - address is null
2023-12-19 18:18:26,322 [IPC Server handler 11 on default port 15001] WARN  node.SCMNodeManager (SCMNodeManager.java:getNodesByAddress(1440)) - address is null
]]></system-out>
  </testcase>
  <testcase name="testUploadPartOverride(ReplicationConfig)[2]" classname="org.apache.hadoop.ozone.client.rpc.TestSecureOzoneRpcClient" time="0.041">
    <system-out><![CDATA[2023-12-19 18:18:26,331 [main] INFO  rpc.RpcClient (RpcClient.java:createVolume(456)) - Creating Volume: 7b006e58-7888-4200-ac20-30b8cbf960be, with runner as owner and space quota set to -1 bytes, counts quota set to -1
2023-12-19 18:18:26,333 [om1-OMStateMachineApplyTransactionThread - 0] INFO  volume.OMVolumeCreateRequest (OMVolumeCreateRequest.java:validateAndUpdateCache(197)) - created volume:7b006e58-7888-4200-ac20-30b8cbf960be for user:runner
2023-12-19 18:18:26,334 [main] INFO  rpc.RpcClient (RpcClient.java:createBucket(683)) - Creating Bucket: 7b006e58-7888-4200-ac20-30b8cbf960be/149eefa4-1878-45ae-ba9b-2c16cc3cdef1, with server-side default bucket layout, runner as owner, Versioning false, Storage Type set to DISK and Encryption set to false, Replication Type set to server-side default replication type, Namespace Quota set to -1, Space Quota set to -1 
2023-12-19 18:18:26,335 [om1-OMStateMachineApplyTransactionThread - 0] INFO  bucket.OMBucketCreateRequest (OMBucketCreateRequest.java:validateAndUpdateCache(295)) - created bucket: 149eefa4-1878-45ae-ba9b-2c16cc3cdef1 of layout OBJECT_STORE in volume: 7b006e58-7888-4200-ac20-30b8cbf960be
2023-12-19 18:18:26,341 [IPC Server handler 14 on default port 15001] WARN  node.SCMNodeManager (SCMNodeManager.java:getNodesByAddress(1440)) - address is null
2023-12-19 18:18:26,357 [IPC Server handler 3 on default port 15001] WARN  node.SCMNodeManager (SCMNodeManager.java:getNodesByAddress(1440)) - address is null
]]></system-out>
  </testcase>
  <testcase name="testUploadPartOverride(ReplicationConfig)[3]" classname="org.apache.hadoop.ozone.client.rpc.TestSecureOzoneRpcClient" time="0.039">
    <system-out><![CDATA[2023-12-19 18:18:26,374 [main] INFO  rpc.RpcClient (RpcClient.java:createVolume(456)) - Creating Volume: f40d0628-28af-4d37-b0b0-0bab598c8694, with runner as owner and space quota set to -1 bytes, counts quota set to -1
2023-12-19 18:18:26,375 [om1-OMStateMachineApplyTransactionThread - 0] INFO  volume.OMVolumeCreateRequest (OMVolumeCreateRequest.java:validateAndUpdateCache(197)) - created volume:f40d0628-28af-4d37-b0b0-0bab598c8694 for user:runner
2023-12-19 18:18:26,376 [main] INFO  rpc.RpcClient (RpcClient.java:createBucket(683)) - Creating Bucket: f40d0628-28af-4d37-b0b0-0bab598c8694/cc192d9b-51fa-4221-884c-81490cd8cb8a, with server-side default bucket layout, runner as owner, Versioning false, Storage Type set to DISK and Encryption set to false, Replication Type set to server-side default replication type, Namespace Quota set to -1, Space Quota set to -1 
2023-12-19 18:18:26,378 [om1-OMStateMachineApplyTransactionThread - 0] INFO  bucket.OMBucketCreateRequest (OMBucketCreateRequest.java:validateAndUpdateCache(295)) - created bucket: cc192d9b-51fa-4221-884c-81490cd8cb8a of layout OBJECT_STORE in volume: f40d0628-28af-4d37-b0b0-0bab598c8694
2023-12-19 18:18:26,385 [IPC Server handler 19 on default port 15001] WARN  node.SCMNodeManager (SCMNodeManager.java:getNodesByAddress(1440)) - address is null
2023-12-19 18:18:26,402 [IPC Server handler 9 on default port 15001] WARN  node.SCMNodeManager (SCMNodeManager.java:getNodesByAddress(1440)) - address is null
]]></system-out>
  </testcase>
  <testcase name="testUploadPartWithNoOverride(ReplicationConfig)[1]" classname="org.apache.hadoop.ozone.client.rpc.TestSecureOzoneRpcClient" time="0.013">
    <system-out><![CDATA[2023-12-19 18:18:26,415 [main] INFO  rpc.RpcClient (RpcClient.java:createVolume(456)) - Creating Volume: b2dcace0-0967-41dc-ba87-5ead1981abd2, with runner as owner and space quota set to -1 bytes, counts quota set to -1
2023-12-19 18:18:26,417 [om1-OMStateMachineApplyTransactionThread - 0] INFO  volume.OMVolumeCreateRequest (OMVolumeCreateRequest.java:validateAndUpdateCache(197)) - created volume:b2dcace0-0967-41dc-ba87-5ead1981abd2 for user:runner
2023-12-19 18:18:26,418 [main] INFO  rpc.RpcClient (RpcClient.java:createBucket(683)) - Creating Bucket: b2dcace0-0967-41dc-ba87-5ead1981abd2/7975a36e-89e6-486f-a0c1-3550023d9b6e, with server-side default bucket layout, runner as owner, Versioning false, Storage Type set to DISK and Encryption set to false, Replication Type set to server-side default replication type, Namespace Quota set to -1, Space Quota set to -1 
2023-12-19 18:18:26,419 [om1-OMStateMachineApplyTransactionThread - 0] INFO  bucket.OMBucketCreateRequest (OMBucketCreateRequest.java:validateAndUpdateCache(295)) - created bucket: 7975a36e-89e6-486f-a0c1-3550023d9b6e of layout OBJECT_STORE in volume: b2dcace0-0967-41dc-ba87-5ead1981abd2
2023-12-19 18:18:26,423 [IPC Server handler 17 on default port 15001] WARN  node.SCMNodeManager (SCMNodeManager.java:getNodesByAddress(1440)) - address is null
]]></system-out>
  </testcase>
  <testcase name="testUploadPartWithNoOverride(ReplicationConfig)[2]" classname="org.apache.hadoop.ozone.client.rpc.TestSecureOzoneRpcClient" time="0.016">
    <system-out><![CDATA[2023-12-19 18:18:26,429 [main] INFO  rpc.RpcClient (RpcClient.java:createVolume(456)) - Creating Volume: a6f08d53-2624-4cee-82d1-dab9100828aa, with runner as owner and space quota set to -1 bytes, counts quota set to -1
2023-12-19 18:18:26,430 [om1-OMStateMachineApplyTransactionThread - 0] INFO  volume.OMVolumeCreateRequest (OMVolumeCreateRequest.java:validateAndUpdateCache(197)) - created volume:a6f08d53-2624-4cee-82d1-dab9100828aa for user:runner
2023-12-19 18:18:26,431 [main] INFO  rpc.RpcClient (RpcClient.java:createBucket(683)) - Creating Bucket: a6f08d53-2624-4cee-82d1-dab9100828aa/faf1da07-cdc5-4f3c-a52b-52c2a632b2a9, with server-side default bucket layout, runner as owner, Versioning false, Storage Type set to DISK and Encryption set to false, Replication Type set to server-side default replication type, Namespace Quota set to -1, Space Quota set to -1 
2023-12-19 18:18:26,432 [om1-OMStateMachineApplyTransactionThread - 0] INFO  bucket.OMBucketCreateRequest (OMBucketCreateRequest.java:validateAndUpdateCache(295)) - created bucket: faf1da07-cdc5-4f3c-a52b-52c2a632b2a9 of layout OBJECT_STORE in volume: a6f08d53-2624-4cee-82d1-dab9100828aa
2023-12-19 18:18:26,436 [IPC Server handler 16 on default port 15001] WARN  node.SCMNodeManager (SCMNodeManager.java:getNodesByAddress(1440)) - address is null
]]></system-out>
  </testcase>
  <testcase name="testUploadPartWithNoOverride(ReplicationConfig)[3]" classname="org.apache.hadoop.ozone.client.rpc.TestSecureOzoneRpcClient" time="0.026">
    <system-out><![CDATA[2023-12-19 18:18:26,447 [main] INFO  rpc.RpcClient (RpcClient.java:createVolume(456)) - Creating Volume: 5e5420bf-3cbd-40db-a782-26e49e1319bd, with runner as owner and space quota set to -1 bytes, counts quota set to -1
2023-12-19 18:18:26,448 [om1-OMStateMachineApplyTransactionThread - 0] INFO  volume.OMVolumeCreateRequest (OMVolumeCreateRequest.java:validateAndUpdateCache(197)) - created volume:5e5420bf-3cbd-40db-a782-26e49e1319bd for user:runner
2023-12-19 18:18:26,449 [main] INFO  rpc.RpcClient (RpcClient.java:createBucket(683)) - Creating Bucket: 5e5420bf-3cbd-40db-a782-26e49e1319bd/d1369102-d269-4e92-8d6c-fa75e341650a, with server-side default bucket layout, runner as owner, Versioning false, Storage Type set to DISK and Encryption set to false, Replication Type set to server-side default replication type, Namespace Quota set to -1, Space Quota set to -1 
2023-12-19 18:18:26,450 [om1-OMStateMachineApplyTransactionThread - 0] INFO  bucket.OMBucketCreateRequest (OMBucketCreateRequest.java:validateAndUpdateCache(295)) - created bucket: d1369102-d269-4e92-8d6c-fa75e341650a of layout OBJECT_STORE in volume: 5e5420bf-3cbd-40db-a782-26e49e1319bd
2023-12-19 18:18:26,454 [IPC Server handler 10 on default port 15001] WARN  node.SCMNodeManager (SCMNodeManager.java:getNodesByAddress(1440)) - address is null
]]></system-out>
  </testcase>
  <testcase name="testUsedBytesWithUploadPart" classname="org.apache.hadoop.ozone.client.rpc.TestSecureOzoneRpcClient" time="0.184">
    <system-out><![CDATA[2023-12-19 18:18:26,570 [main] INFO  rpc.RpcClient (RpcClient.java:createVolume(456)) - Creating Volume: 5fe390f4-7d7d-4650-925e-1d89860c6832, with runner as owner and space quota set to -1 bytes, counts quota set to -1
2023-12-19 18:18:26,572 [om1-OMStateMachineApplyTransactionThread - 0] INFO  volume.OMVolumeCreateRequest (OMVolumeCreateRequest.java:validateAndUpdateCache(197)) - created volume:5fe390f4-7d7d-4650-925e-1d89860c6832 for user:runner
2023-12-19 18:18:26,573 [main] INFO  rpc.RpcClient (RpcClient.java:createBucket(683)) - Creating Bucket: 5fe390f4-7d7d-4650-925e-1d89860c6832/f779a530-54a3-4f75-a367-90c953dfec7c, with server-side default bucket layout, runner as owner, Versioning false, Storage Type set to DISK and Encryption set to false, Replication Type set to server-side default replication type, Namespace Quota set to -1, Space Quota set to -1 
2023-12-19 18:18:26,575 [om1-OMStateMachineApplyTransactionThread - 0] INFO  bucket.OMBucketCreateRequest (OMBucketCreateRequest.java:validateAndUpdateCache(295)) - created bucket: f779a530-54a3-4f75-a367-90c953dfec7c of layout OBJECT_STORE in volume: 5fe390f4-7d7d-4650-925e-1d89860c6832
2023-12-19 18:18:26,593 [IPC Server handler 15 on default port 15001] WARN  node.SCMNodeManager (SCMNodeManager.java:getNodesByAddress(1440)) - address is null
2023-12-19 18:18:26,610 [IPC Server handler 5 on default port 15001] WARN  node.SCMNodeManager (SCMNodeManager.java:getNodesByAddress(1440)) - address is null
2023-12-19 18:18:26,629 [IPC Server handler 1 on default port 15001] WARN  node.SCMNodeManager (SCMNodeManager.java:getNodesByAddress(1440)) - address is null
2023-12-19 18:18:26,647 [IPC Server handler 7 on default port 15001] WARN  node.SCMNodeManager (SCMNodeManager.java:getNodesByAddress(1440)) - address is null
]]></system-out>
  </testcase>
  <testcase name="testValidateBlockLengthWithCommitKey" classname="org.apache.hadoop.ozone.client.rpc.TestSecureOzoneRpcClient" time="0.016">
    <system-out><![CDATA[2023-12-19 18:18:26,660 [main] INFO  rpc.RpcClient (RpcClient.java:createVolume(456)) - Creating Volume: 2c7fec67-a18b-425f-b2e7-6feb4feeadb9, with runner as owner and space quota set to -1 bytes, counts quota set to -1
2023-12-19 18:18:26,662 [om1-OMStateMachineApplyTransactionThread - 0] INFO  volume.OMVolumeCreateRequest (OMVolumeCreateRequest.java:validateAndUpdateCache(197)) - created volume:2c7fec67-a18b-425f-b2e7-6feb4feeadb9 for user:runner
2023-12-19 18:18:26,663 [main] INFO  rpc.RpcClient (RpcClient.java:createBucket(683)) - Creating Bucket: 2c7fec67-a18b-425f-b2e7-6feb4feeadb9/a696f71a-a9ce-43a3-85a1-8970ff2c60af, with server-side default bucket layout, runner as owner, Versioning false, Storage Type set to DISK and Encryption set to false, Replication Type set to server-side default replication type, Namespace Quota set to -1, Space Quota set to -1 
2023-12-19 18:18:26,664 [om1-OMStateMachineApplyTransactionThread - 0] INFO  bucket.OMBucketCreateRequest (OMBucketCreateRequest.java:validateAndUpdateCache(295)) - created bucket: a696f71a-a9ce-43a3-85a1-8970ff2c60af of layout OBJECT_STORE in volume: 2c7fec67-a18b-425f-b2e7-6feb4feeadb9
2023-12-19 18:18:26,666 [IPC Server handler 6 on default port 15001] WARN  node.SCMNodeManager (SCMNodeManager.java:getNodesByAddress(1440)) - address is null
]]></system-out>
  </testcase>
  <testcase name="testVolumeSetOwner" classname="org.apache.hadoop.ozone.client.rpc.TestSecureOzoneRpcClient" time="0.01">
    <system-out><![CDATA[2023-12-19 18:18:26,677 [main] INFO  rpc.RpcClient (RpcClient.java:createVolume(456)) - Creating Volume: 864749f1-fea6-48c7-8319-58716b9af1cf, with runner as owner and space quota set to -1 bytes, counts quota set to -1
2023-12-19 18:18:26,680 [om1-OMStateMachineApplyTransactionThread - 0] INFO  volume.OMVolumeCreateRequest (OMVolumeCreateRequest.java:validateAndUpdateCache(197)) - created volume:864749f1-fea6-48c7-8319-58716b9af1cf for user:runner
2023-12-19 18:18:26,685 [om1-OMStateMachineApplyTransactionThread - 0] WARN  volume.OMVolumeSetOwnerRequest (OMVolumeSetOwnerRequest.java:validateAndUpdateCache(132)) - Volume '864749f1-fea6-48c7-8319-58716b9af1cf' owner is already user 'someRandomUser1'.
]]></system-out>
  </testcase>
  <testcase name="testVolumeUsedNamespace" classname="org.apache.hadoop.ozone.client.rpc.TestSecureOzoneRpcClient" time="0.023">
    <system-out><![CDATA[2023-12-19 18:18:26,686 [main] INFO  rpc.RpcClient (RpcClient.java:createVolume(456)) - Creating Volume: 7245afbb-b0a5-4398-82ef-fc65ffe67955, with runner as owner and space quota set to -1 bytes, counts quota set to 1
2023-12-19 18:18:26,692 [om1-OMStateMachineApplyTransactionThread - 0] INFO  volume.OMVolumeCreateRequest (OMVolumeCreateRequest.java:validateAndUpdateCache(197)) - created volume:7245afbb-b0a5-4398-82ef-fc65ffe67955 for user:runner
2023-12-19 18:18:26,694 [main] INFO  rpc.RpcClient (RpcClient.java:createBucket(683)) - Creating Bucket: 7245afbb-b0a5-4398-82ef-fc65ffe67955/37366940-c937-4047-b924-70fb55958dd8, with server-side default bucket layout, runner as owner, Versioning false, Storage Type set to DISK and Encryption set to false, Replication Type set to server-side default replication type, Namespace Quota set to -1, Space Quota set to -1 
2023-12-19 18:18:26,695 [om1-OMStateMachineApplyTransactionThread - 0] INFO  bucket.OMBucketCreateRequest (OMBucketCreateRequest.java:validateAndUpdateCache(295)) - created bucket: 37366940-c937-4047-b924-70fb55958dd8 of layout OBJECT_STORE in volume: 7245afbb-b0a5-4398-82ef-fc65ffe67955
2023-12-19 18:18:26,697 [main] INFO  rpc.RpcClient (RpcClient.java:createBucket(683)) - Creating Bucket: 7245afbb-b0a5-4398-82ef-fc65ffe67955/4289589f-0c13-45be-8d19-d18ddcf4ce48, with server-side default bucket layout, runner as owner, Versioning false, Storage Type set to DISK and Encryption set to false, Replication Type set to server-side default replication type, Namespace Quota set to -1, Space Quota set to -1 
18:18:26.698 [om1-OMStateMachineApplyTransactionThread - 0] ERROR OMAudit - user=runner | ip=127.0.0.1 | op=CREATE_BUCKET {volume=7245afbb-b0a5-4398-82ef-fc65ffe67955, bucket=4289589f-0c13-45be-8d19-d18ddcf4ce48, bucketLayout=OBJECT_STORE, gdprEnabled=null, acls=[user:runner:a[ACCESS], group:docker:a[ACCESS], group:adm:a[ACCESS], group:systemd-journal:a[ACCESS]], isVersionEnabled=false, storageType=DISK, creationTime=1703009906697, bucketEncryptionKey=null, modificationTime=1703009906697, usedBytes=0, usedNamespace=0} | ret=FAILURE
org.apache.hadoop.ozone.om.exceptions.OMException: The namespace quota of Volume:7245afbb-b0a5-4398-82ef-fc65ffe67955 exceeded: quotaInNamespace: 1 but namespace consumed: 2.
	at org.apache.hadoop.ozone.om.request.bucket.OMBucketCreateRequest.checkQuotaInNamespace(OMBucketCreateRequest.java:382) ~[ozone-manager-1.5.0-SNAPSHOT.jar:?]
	at org.apache.hadoop.ozone.om.request.bucket.OMBucketCreateRequest.validateAndUpdateCache(OMBucketCreateRequest.java:255) ~[ozone-manager-1.5.0-SNAPSHOT.jar:?]
	at org.apache.hadoop.ozone.protocolPB.OzoneManagerRequestHandler.lambda$0(OzoneManagerRequestHandler.java:398) ~[ozone-manager-1.5.0-SNAPSHOT.jar:?]
	at org.apache.hadoop.util.MetricUtil.captureLatencyNs(MetricUtil.java:39) ~[hdds-common-1.5.0-SNAPSHOT.jar:?]
	at org.apache.hadoop.ozone.protocolPB.OzoneManagerRequestHandler.handleWriteRequest(OzoneManagerRequestHandler.java:394) ~[ozone-manager-1.5.0-SNAPSHOT.jar:?]
	at org.apache.hadoop.ozone.om.ratis.OzoneManagerStateMachine.runCommand(OzoneManagerStateMachine.java:582) ~[ozone-manager-1.5.0-SNAPSHOT.jar:?]
	at org.apache.hadoop.ozone.om.ratis.OzoneManagerStateMachine.lambda$1(OzoneManagerStateMachine.java:370) ~[ozone-manager-1.5.0-SNAPSHOT.jar:?]
	at java.util.concurrent.CompletableFuture$AsyncSupply.run(CompletableFuture.java:1604) [?:1.8.0_392]
	at java.util.concurrent.ThreadPoolExecutor.runWorker(ThreadPoolExecutor.java:1149) [?:1.8.0_392]
	at java.util.concurrent.ThreadPoolExecutor$Worker.run(ThreadPoolExecutor.java:624) [?:1.8.0_392]
	at java.lang.Thread.run(Thread.java:750) [?:1.8.0_392]
2023-12-19 18:18:26,698 [om1-OMStateMachineApplyTransactionThread - 0] ERROR bucket.OMBucketCreateRequest (OMBucketCreateRequest.java:validateAndUpdateCache(307)) - Bucket creation failed for bucket:4289589f-0c13-45be-8d19-d18ddcf4ce48 in volume:7245afbb-b0a5-4398-82ef-fc65ffe67955
QUOTA_EXCEEDED org.apache.hadoop.ozone.om.exceptions.OMException: The namespace quota of Volume:7245afbb-b0a5-4398-82ef-fc65ffe67955 exceeded: quotaInNamespace: 1 but namespace consumed: 2.
	at org.apache.hadoop.ozone.om.request.bucket.OMBucketCreateRequest.checkQuotaInNamespace(OMBucketCreateRequest.java:382)
	at org.apache.hadoop.ozone.om.request.bucket.OMBucketCreateRequest.validateAndUpdateCache(OMBucketCreateRequest.java:255)
	at org.apache.hadoop.ozone.protocolPB.OzoneManagerRequestHandler.lambda$0(OzoneManagerRequestHandler.java:398)
	at org.apache.hadoop.util.MetricUtil.captureLatencyNs(MetricUtil.java:39)
	at org.apache.hadoop.ozone.protocolPB.OzoneManagerRequestHandler.handleWriteRequest(OzoneManagerRequestHandler.java:394)
	at org.apache.hadoop.ozone.om.ratis.OzoneManagerStateMachine.runCommand(OzoneManagerStateMachine.java:582)
	at org.apache.hadoop.ozone.om.ratis.OzoneManagerStateMachine.lambda$1(OzoneManagerStateMachine.java:370)
	at java.util.concurrent.CompletableFuture$AsyncSupply.run(CompletableFuture.java:1604)
	at java.util.concurrent.ThreadPoolExecutor.runWorker(ThreadPoolExecutor.java:1149)
	at java.util.concurrent.ThreadPoolExecutor$Worker.run(ThreadPoolExecutor.java:624)
	at java.lang.Thread.run(Thread.java:750)
2023-12-19 18:18:26,699 [main] INFO  rpc.RpcClient (RpcClient.java:createVolume(456)) - Creating Volume: e8d3c7a2-2ed7-47d0-85f7-bb4030797ecd, with runner as owner and space quota set to -1 bytes, counts quota set to -1
2023-12-19 18:18:26,700 [om1-OMStateMachineApplyTransactionThread - 0] INFO  volume.OMVolumeCreateRequest (OMVolumeCreateRequest.java:validateAndUpdateCache(197)) - created volume:e8d3c7a2-2ed7-47d0-85f7-bb4030797ecd for user:runner
2023-12-19 18:18:26,701 [main] INFO  rpc.RpcClient (RpcClient.java:createBucket(683)) - Creating Bucket: e8d3c7a2-2ed7-47d0-85f7-bb4030797ecd/c4e7f710-820a-42fe-969a-f313491b85dc, with server-side default bucket layout, runner as owner, Versioning false, Storage Type set to DISK and Encryption set to false, Replication Type set to server-side default replication type, Namespace Quota set to -1, Space Quota set to -1 
2023-12-19 18:18:26,703 [om1-OMStateMachineApplyTransactionThread - 0] INFO  bucket.OMBucketCreateRequest (OMBucketCreateRequest.java:validateAndUpdateCache(295)) - created bucket: c4e7f710-820a-42fe-969a-f313491b85dc of layout OBJECT_STORE in volume: e8d3c7a2-2ed7-47d0-85f7-bb4030797ecd
2023-12-19 18:18:26,707 [om1-OMStateMachineApplyTransactionThread - 0] DEBUG db.CodecBuffer (CodecBuffer.java:setCapacity(328)) - setCapacity: 4096 -> 5701, max=2147483647
]]></system-out>
  </testcase>
  <testcase name="testZReadKeyWithUnhealthyContainerReplica" classname="org.apache.hadoop.ozone.client.rpc.TestSecureOzoneRpcClient" time="0.001"/>
</testsuite>