<?xml version="1.0" encoding="UTF-8"?>
<testsuite xmlns:xsi="http://www.w3.org/2001/XMLSchema-instance" xsi:noNamespaceSchemaLocation="https://maven.apache.org/surefire/maven-surefire-plugin/xsd/surefire-test-report.xsd" version="3.0.2" name="org.apache.ozone.test.NonHATests$ContainerOperations" time="3.383" tests="10" errors="0" skipped="0" failures="1">
  <properties>
    <property name="java.specification.version" value="21"/>
    <property name="sun.jnu.encoding" value="UTF-8"/>
    <property name="java.class.path" value="/home/runner/work/ozone/ozone/hadoop-ozone/integration-test/target/test-classes:/home/runner/work/ozone/ozone/hadoop-ozone/integration-test/target/classes:/home/runner/.m2/repository/ch/qos/reload4j/reload4j/1.2.26/reload4j-1.2.26.jar:/home/runner/.m2/repository/com/fasterxml/jackson/core/jackson-core/2.16.2/jackson-core-2.16.2.jar:/home/runner/.m2/repository/com/fasterxml/jackson/core/jackson-databind/2.16.2/jackson-databind-2.16.2.jar:/home/runner/.m2/repository/com/fasterxml/jackson/core/jackson-annotations/2.16.2/jackson-annotations-2.16.2.jar:/home/runner/.m2/repository/com/github/stephenc/jcip/jcip-annotations/1.0-1/jcip-annotations-1.0-1.jar:/home/runner/.m2/repository/com/google/guava/guava/32.1.3-jre/guava-32.1.3-jre.jar:/home/runner/.m2/repository/com/google/guava/failureaccess/1.0.1/failureaccess-1.0.1.jar:/home/runner/.m2/repository/com/google/guava/listenablefuture/9999.0-empty-to-avoid-conflict-with-guava/listenablefuture-9999.0-empty-to-avoid-conflict-with-guava.jar:/home/runner/.m2/repository/org/checkerframework/checker-qual/3.37.0/checker-qual-3.37.0.jar:/home/runner/.m2/repository/com/google/errorprone/error_prone_annotations/2.29.2/error_prone_annotations-2.29.2.jar:/home/runner/.m2/repository/com/google/j2objc/j2objc-annotations/2.8/j2objc-annotations-2.8.jar:/home/runner/.m2/repository/com/google/protobuf/protobuf-java/2.5.0/protobuf-java-2.5.0.jar:/home/runner/.m2/repository/com/squareup/okhttp3/okhttp/4.12.0/okhttp-4.12.0.jar:/home/runner/.m2/repository/com/squareup/okio/okio/3.6.0/okio-3.6.0.jar:/home/runner/.m2/repository/com/squareup/okio/okio-jvm/3.6.0/okio-jvm-3.6.0.jar:/home/runner/.m2/repository/org/jetbrains/kotlin/kotlin-stdlib-common/1.9.25/kotlin-stdlib-common-1.9.25.jar:/home/runner/.m2/repository/org/jetbrains/kotlin/kotlin-stdlib-jdk8/1.9.25/kotlin-stdlib-jdk8-1.9.25.jar:/home/runner/.m2/repository/org/jetbrains/kotlin/kotlin-stdlib/1.9.25/kotlin-stdlib-1.9.25.jar:/home/runner/.m2/repository/org/jetbrains/annotations/13.0/annotations-13.0.jar:/home/runner/.m2/repository/org/jetbrains/kotlin/kotlin-stdlib-jdk7/1.9.25/kotlin-stdlib-jdk7-1.9.25.jar:/home/runner/.m2/repository/commons-codec/commons-codec/1.18.0/commons-codec-1.18.0.jar:/home/runner/.m2/repository/commons-io/commons-io/2.18.0/commons-io-2.18.0.jar:/home/runner/.m2/repository/commons-validator/commons-validator/1.6/commons-validator-1.6.jar:/home/runner/.m2/repository/commons-beanutils/commons-beanutils/1.11.0/commons-beanutils-1.11.0.jar:/home/runner/.m2/repository/commons-digester/commons-digester/1.8.1/commons-digester-1.8.1.jar:/home/runner/.m2/repository/commons-collections/commons-collections/3.2.2/commons-collections-3.2.2.jar:/home/runner/.m2/repository/info/picocli/picocli/4.7.7/picocli-4.7.7.jar:/home/runner/.m2/repository/jakarta/annotation/jakarta.annotation-api/2.1.1/jakarta.annotation-api-2.1.1.jar:/home/runner/.m2/repository/jakarta/xml/bind/jakarta.xml.bind-api/2.3.3/jakarta.xml.bind-api-2.3.3.jar:/home/runner/.m2/repository/jakarta/activation/jakarta.activation-api/1.2.2/jakarta.activation-api-1.2.2.jar:/home/runner/.m2/repository/javax/servlet/javax.servlet-api/3.1.0/javax.servlet-api-3.1.0.jar:/home/runner/.m2/repository/javax/ws/rs/jsr311-api/1.1.1/jsr311-api-1.1.1.jar:/home/runner/.m2/repository/org/apache/commons/commons-compress/1.27.1/commons-compress-1.27.1.jar:/home/runner/.m2/repository/org/apache/commons/commons-lang3/3.17.0/commons-lang3-3.17.0.jar:/home/runner/.m2/repository/org/apache/commons/commons-text/1.13.1/commons-text-1.13.1.jar:/home/runner/.m2/repository/org/apache/hadoop/hadoop-auth/3.4.1/hadoop-auth-3.4.1.jar:/home/runner/.m2/repository/com/nimbusds/nimbus-jose-jwt/9.40/nimbus-jose-jwt-9.40.jar:/home/runner/.m2/repository/io/dropwizard/metrics/metrics-core/3.2.6/metrics-core-3.2.6.jar:/home/runner/.m2/repository/org/apache/kerby/kerb-core/1.0.1/kerb-core-1.0.1.jar:/home/runner/.m2/repository/org/apache/kerby/kerby-pkix/1.0.1/kerby-pkix-1.0.1.jar:/home/runner/.m2/repository/org/apache/kerby/kerby-asn1/1.0.1/kerby-asn1-1.0.1.jar:/home/runner/.m2/repository/org/apache/kerby/kerb-util/1.0.1/kerb-util-1.0.1.jar:/home/runner/.m2/repository/org/apache/kerby/kerby-config/1.0.1/kerby-config-1.0.1.jar:/home/runner/.m2/repository/org/apache/kerby/kerb-crypto/1.0.1/kerb-crypto-1.0.1.jar:/home/runner/.m2/repository/org/apache/hadoop/thirdparty/hadoop-shaded-guava/1.3.0/hadoop-shaded-guava-1.3.0.jar:/home/runner/.m2/repository/org/apache/hadoop/hadoop-common/3.4.1/hadoop-common-3.4.1.jar:/home/runner/.m2/repository/org/apache/hadoop/thirdparty/hadoop-shaded-protobuf_3_25/1.4.0/hadoop-shaded-protobuf_3_25-1.4.0.jar:/home/runner/.m2/repository/org/apache/hadoop/hadoop-annotations/3.4.1/hadoop-annotations-3.4.1.jar:/home/runner/.m2/repository/commons-cli/commons-cli/1.8.0/commons-cli-1.8.0.jar:/home/runner/.m2/repository/commons-net/commons-net/3.11.1/commons-net-3.11.1.jar:/home/runner/.m2/repository/org/eclipse/jetty/jetty-server/9.4.57.v20241219/jetty-server-9.4.57.v20241219.jar:/home/runner/.m2/repository/org/eclipse/jetty/jetty-io/9.4.57.v20241219/jetty-io-9.4.57.v20241219.jar:/home/runner/.m2/repository/org/eclipse/jetty/jetty-util/9.4.57.v20241219/jetty-util-9.4.57.v20241219.jar:/home/runner/.m2/repository/org/eclipse/jetty/jetty-servlet/9.4.57.v20241219/jetty-servlet-9.4.57.v20241219.jar:/home/runner/.m2/repository/org/eclipse/jetty/jetty-security/9.4.57.v20241219/jetty-security-9.4.57.v20241219.jar:/home/runner/.m2/repository/org/eclipse/jetty/jetty-webapp/9.4.57.v20241219/jetty-webapp-9.4.57.v20241219.jar:/home/runner/.m2/repository/org/eclipse/jetty/jetty-xml/9.4.57.v20241219/jetty-xml-9.4.57.v20241219.jar:/home/runner/.m2/repository/javax/servlet/jsp/jsp-api/2.1/jsp-api-2.1.jar:/home/runner/.m2/repository/org/codehaus/jettison/jettison/1.5.4/jettison-1.5.4.jar:/home/runner/.m2/repository/org/apache/commons/commons-configuration2/2.12.0/commons-configuration2-2.12.0.jar:/home/runner/.m2/repository/com/google/re2j/re2j/1.7/re2j-1.7.jar:/home/runner/.m2/repository/com/google/code/gson/gson/2.10.1/gson-2.10.1.jar:/home/runner/.m2/repository/com/jcraft/jsch/0.1.55/jsch-0.1.55.jar:/home/runner/.m2/repository/io/netty/netty-handler/4.1.119.Final/netty-handler-4.1.119.Final.jar:/home/runner/.m2/repository/io/netty/netty-resolver/4.1.119.Final/netty-resolver-4.1.119.Final.jar:/home/runner/.m2/repository/io/netty/netty-transport-native-epoll/4.1.119.Final/netty-transport-native-epoll-4.1.119.Final.jar:/home/runner/.m2/repository/org/bouncycastle/bcprov-jdk18on/1.81/bcprov-jdk18on-1.81.jar:/home/runner/.m2/repository/org/codehaus/woodstox/stax2-api/4.2.1/stax2-api-4.2.1.jar:/home/runner/.m2/repository/com/fasterxml/woodstox/woodstox-core/5.4.0/woodstox-core-5.4.0.jar:/home/runner/.m2/repository/dnsjava/dnsjava/3.6.1/dnsjava-3.6.1.jar:/home/runner/.m2/repository/org/apache/hadoop/hadoop-common/3.4.1/hadoop-common-3.4.1-tests.jar:/home/runner/.m2/repository/org/apache/commons/commons-math3/3.6.1/commons-math3-3.6.1.jar:/home/runner/.m2/repository/com/sun/jersey/jersey-core/1.19.4/jersey-core-1.19.4.jar:/home/runner/.m2/repository/com/sun/jersey/jersey-servlet/1.19.4/jersey-servlet-1.19.4.jar:/home/runner/.m2/repository/com/github/pjfanning/jersey-json/1.22.0/jersey-json-1.22.0.jar:/home/runner/.m2/repository/com/sun/xml/bind/jaxb-impl/2.2.3-1/jaxb-impl-2.2.3-1.jar:/home/runner/.m2/repository/com/sun/jersey/jersey-server/1.19.4/jersey-server-1.19.4.jar:/home/runner/.m2/repository/org/slf4j/slf4j-reload4j/2.0.17/slf4j-reload4j-2.0.17.jar:/home/runner/.m2/repository/org/apache/avro/avro/1.9.2/avro-1.9.2.jar:/home/runner/.m2/repository/org/apache/curator/curator-client/4.2.0/curator-client-4.2.0.jar:/home/runner/.m2/repository/org/apache/curator/curator-recipes/5.2.0/curator-recipes-5.2.0.jar:/home/runner/.m2/repository/org/apache/curator/curator-framework/4.2.0/curator-framework-4.2.0.jar:/home/runner/.m2/repository/com/google/code/findbugs/jsr305/3.0.2/jsr305-3.0.2.jar:/home/runner/.m2/repository/org/apache/zookeeper/zookeeper/3.8.4/zookeeper-3.8.4.jar:/home/runner/.m2/repository/org/apache/zookeeper/zookeeper-jute/3.8.4/zookeeper-jute-3.8.4.jar:/home/runner/.m2/repository/org/apache/yetus/audience-annotations/0.12.0/audience-annotations-0.12.0.jar:/home/runner/.m2/repository/org/xerial/snappy/snappy-java/1.1.10.7/snappy-java-1.1.10.7.jar:/home/runner/.m2/repository/org/apache/hadoop/hadoop-distcp/3.4.1/hadoop-distcp-3.4.1.jar:/home/runner/.m2/repository/org/apache/hadoop/hadoop-distcp/3.4.1/hadoop-distcp-3.4.1-tests.jar:/home/runner/.m2/repository/org/apache/hadoop/hadoop-hdfs/3.4.1/hadoop-hdfs-3.4.1.jar:/home/runner/.m2/repository/org/eclipse/jetty/jetty-util-ajax/9.4.57.v20241219/jetty-util-ajax-9.4.57.v20241219.jar:/home/runner/.m2/repository/commons-daemon/commons-daemon/1.4.0/commons-daemon-1.4.0.jar:/home/runner/.m2/repository/org/apache/hadoop/hadoop-hdfs/3.4.1/hadoop-hdfs-3.4.1-tests.jar:/home/runner/.m2/repository/io/netty/netty-all/4.1.119.Final/netty-all-4.1.119.Final.jar:/home/runner/.m2/repository/io/netty/netty-codec-dns/4.1.119.Final/netty-codec-dns-4.1.119.Final.jar:/home/runner/.m2/repository/io/netty/netty-codec-haproxy/4.1.119.Final/netty-codec-haproxy-4.1.119.Final.jar:/home/runner/.m2/repository/io/netty/netty-codec-http/4.1.119.Final/netty-codec-http-4.1.119.Final.jar:/home/runner/.m2/repository/io/netty/netty-codec-memcache/4.1.119.Final/netty-codec-memcache-4.1.119.Final.jar:/home/runner/.m2/repository/io/netty/netty-codec-mqtt/4.1.119.Final/netty-codec-mqtt-4.1.119.Final.jar:/home/runner/.m2/repository/io/netty/netty-codec-redis/4.1.119.Final/netty-codec-redis-4.1.119.Final.jar:/home/runner/.m2/repository/io/netty/netty-codec-smtp/4.1.119.Final/netty-codec-smtp-4.1.119.Final.jar:/home/runner/.m2/repository/io/netty/netty-codec-socks/4.1.119.Final/netty-codec-socks-4.1.119.Final.jar:/home/runner/.m2/repository/io/netty/netty-codec-stomp/4.1.119.Final/netty-codec-stomp-4.1.119.Final.jar:/home/runner/.m2/repository/io/netty/netty-codec-xml/4.1.119.Final/netty-codec-xml-4.1.119.Final.jar:/home/runner/.m2/repository/io/netty/netty-handler-ssl-ocsp/4.1.119.Final/netty-handler-ssl-ocsp-4.1.119.Final.jar:/home/runner/.m2/repository/io/netty/netty-resolver-dns/4.1.119.Final/netty-resolver-dns-4.1.119.Final.jar:/home/runner/.m2/repository/io/netty/netty-transport-rxtx/4.1.119.Final/netty-transport-rxtx-4.1.119.Final.jar:/home/runner/.m2/repository/io/netty/netty-transport-sctp/4.1.119.Final/netty-transport-sctp-4.1.119.Final.jar:/home/runner/.m2/repository/io/netty/netty-transport-udt/4.1.119.Final/netty-transport-udt-4.1.119.Final.jar:/home/runner/.m2/repository/io/netty/netty-transport-classes-kqueue/4.1.119.Final/netty-transport-classes-kqueue-4.1.119.Final.jar:/home/runner/.m2/repository/io/netty/netty-resolver-dns-classes-macos/4.1.119.Final/netty-resolver-dns-classes-macos-4.1.119.Final.jar:/home/runner/.m2/repository/io/netty/netty-transport-native-epoll/4.1.119.Final/netty-transport-native-epoll-4.1.119.Final-linux-aarch_64.jar:/home/runner/.m2/repository/io/netty/netty-transport-native-epoll/4.1.119.Final/netty-transport-native-epoll-4.1.119.Final-linux-riscv64.jar:/home/runner/.m2/repository/io/netty/netty-transport-native-kqueue/4.1.119.Final/netty-transport-native-kqueue-4.1.119.Final-osx-x86_64.jar:/home/runner/.m2/repository/io/netty/netty-transport-native-kqueue/4.1.119.Final/netty-transport-native-kqueue-4.1.119.Final-osx-aarch_64.jar:/home/runner/.m2/repository/io/netty/netty-resolver-dns-native-macos/4.1.119.Final/netty-resolver-dns-native-macos-4.1.119.Final-osx-x86_64.jar:/home/runner/.m2/repository/io/netty/netty-resolver-dns-native-macos/4.1.119.Final/netty-resolver-dns-native-macos-4.1.119.Final-osx-aarch_64.jar:/home/runner/.m2/repository/org/fusesource/leveldbjni/leveldbjni-all/1.8/leveldbjni-all-1.8.jar:/home/runner/.m2/repository/org/apache/hadoop/hadoop-hdfs-client/3.4.1/hadoop-hdfs-client-3.4.1.jar:/home/runner/.m2/repository/org/apache/hadoop/hadoop-kms/3.4.1/hadoop-kms-3.4.1.jar:/home/runner/.m2/repository/org/apache/hadoop/hadoop-kms/3.4.1/hadoop-kms-3.4.1-tests.jar:/home/runner/.m2/repository/org/apache/hadoop/hadoop-mapreduce-client-core/3.4.1/hadoop-mapreduce-client-core-3.4.1.jar:/home/runner/.m2/repository/org/apache/hadoop/hadoop-yarn-client/3.4.1/hadoop-yarn-client-3.4.1.jar:/home/runner/.m2/repository/org/eclipse/jetty/websocket/websocket-client/9.4.53.v20231009/websocket-client-9.4.53.v20231009.jar:/home/runner/.m2/repository/org/eclipse/jetty/jetty-client/9.4.57.v20241219/jetty-client-9.4.57.v20241219.jar:/home/runner/.m2/repository/org/eclipse/jetty/websocket/websocket-common/9.4.53.v20231009/websocket-common-9.4.53.v20231009.jar:/home/runner/.m2/repository/org/eclipse/jetty/websocket/websocket-api/9.4.53.v20231009/websocket-api-9.4.53.v20231009.jar:/home/runner/.m2/repository/org/apache/hadoop/hadoop-yarn-api/3.4.1/hadoop-yarn-api-3.4.1.jar:/home/runner/.m2/repository/org/apache/hadoop/hadoop-yarn-common/3.4.1/hadoop-yarn-common-3.4.1.jar:/home/runner/.m2/repository/javax/xml/bind/jaxb-api/2.2.11/jaxb-api-2.2.11.jar:/home/runner/.m2/repository/com/sun/jersey/contribs/jersey-guice/1.19.4/jersey-guice-1.19.4.jar:/home/runner/.m2/repository/com/fasterxml/jackson/module/jackson-module-jaxb-annotations/2.16.2/jackson-module-jaxb-annotations-2.16.2.jar:/home/runner/.m2/repository/com/fasterxml/jackson/jaxrs/jackson-jaxrs-json-provider/2.16.2/jackson-jaxrs-json-provider-2.16.2.jar:/home/runner/.m2/repository/com/google/inject/extensions/guice-servlet/6.0.0/guice-servlet-6.0.0.jar:/home/runner/.m2/repository/org/apache/hadoop/hadoop-mapreduce-client-jobclient/3.4.1/hadoop-mapreduce-client-jobclient-3.4.1.jar:/home/runner/.m2/repository/org/apache/hadoop/hadoop-mapreduce-client-common/3.4.1/hadoop-mapreduce-client-common-3.4.1.jar:/home/runner/.m2/repository/org/apache/hadoop/hadoop-minikdc/3.4.1/hadoop-minikdc-3.4.1.jar:/home/runner/.m2/repository/org/apache/kerby/kerb-simplekdc/2.0.3/kerb-simplekdc-2.0.3.jar:/home/runner/.m2/repository/org/apache/kerby/kerb-client/2.0.3/kerb-client-2.0.3.jar:/home/runner/.m2/repository/org/apache/kerby/kerb-common/2.0.3/kerb-common-2.0.3.jar:/home/runner/.m2/repository/org/apache/kerby/token-provider/2.0.3/token-provider-2.0.3.jar:/home/runner/.m2/repository/org/apache/kerby/kerb-admin/2.0.3/kerb-admin-2.0.3.jar:/home/runner/.m2/repository/org/apache/kerby/kerb-server/2.0.3/kerb-server-2.0.3.jar:/home/runner/.m2/repository/org/apache/kerby/kerb-identity/2.0.3/kerb-identity-2.0.3.jar:/home/runner/.m2/repository/org/apache/kerby/kerby-xdr/2.0.3/kerby-xdr-2.0.3.jar:/home/runner/.m2/repository/junit/junit/4.13.2/junit-4.13.2.jar:/home/runner/.m2/repository/org/hamcrest/hamcrest-core/1.3/hamcrest-core-1.3.jar:/home/runner/.m2/repository/org/apache/httpcomponents/httpclient/4.5.14/httpclient-4.5.14.jar:/home/runner/.m2/repository/org/apache/httpcomponents/httpcore/4.4.16/httpcore-4.4.16.jar:/home/runner/.m2/repository/org/apache/kerby/kerby-util/1.0.1/kerby-util-1.0.1.jar:/home/runner/work/ozone/ozone/hadoop-hdds/client/target/hdds-client-2.1.0-SNAPSHOT.jar:/home/runner/.m2/repository/io/opentracing/opentracing-api/0.33.0/opentracing-api-0.33.0.jar:/home/runner/.m2/repository/io/opentracing/opentracing-util/0.33.0/opentracing-util-0.33.0.jar:/home/runner/.m2/repository/io/opentracing/opentracing-noop/0.33.0/opentracing-noop-0.33.0.jar:/home/runner/work/ozone/ozone/hadoop-hdds/erasurecode/target/hdds-erasurecode-2.1.0-SNAPSHOT.jar:/home/runner/work/ozone/ozone/hadoop-hdds/common/target/hdds-common-2.1.0-SNAPSHOT.jar:/home/runner/.m2/repository/com/fasterxml/jackson/datatype/jackson-datatype-jsr310/2.16.2/jackson-datatype-jsr310-2.16.2.jar:/home/runner/.m2/repository/io/jaegertracing/jaeger-core/1.8.1/jaeger-core-1.8.1.jar:/home/runner/.m2/repository/org/apache/ratis/ratis-netty/3.2.0/ratis-netty-3.2.0.jar:/home/runner/.m2/repository/org/yaml/snakeyaml/2.0/snakeyaml-2.0.jar:/home/runner/.m2/repository/io/jaegertracing/jaeger-client/1.8.1/jaeger-client-1.8.1.jar:/home/runner/.m2/repository/io/jaegertracing/jaeger-thrift/1.8.1/jaeger-thrift-1.8.1.jar:/home/runner/.m2/repository/org/apache/thrift/libthrift/0.15.0/libthrift-0.15.0.jar:/home/runner/.m2/repository/io/jaegertracing/jaeger-tracerresolver/1.8.1/jaeger-tracerresolver-1.8.1.jar:/home/runner/.m2/repository/io/opentracing/contrib/opentracing-tracerresolver/0.1.8/opentracing-tracerresolver-0.1.8.jar:/home/runner/.m2/repository/org/apache/ratis/ratis-metrics-dropwizard3/3.2.0/ratis-metrics-dropwizard3-3.2.0.jar:/home/runner/.m2/repository/org/slf4j/jcl-over-slf4j/2.0.17/jcl-over-slf4j-2.0.17.jar:/home/runner/work/ozone/ozone/hadoop-hdds/common/target/hdds-common-2.1.0-SNAPSHOT-tests.jar:/home/runner/work/ozone/ozone/hadoop-hdds/config/target/hdds-config-2.1.0-SNAPSHOT.jar:/home/runner/work/ozone/ozone/hadoop-hdds/container-service/target/hdds-container-service-2.1.0-SNAPSHOT.jar:/home/runner/.m2/repository/io/netty/netty-buffer/4.1.119.Final/netty-buffer-4.1.119.Final.jar:/home/runner/.m2/repository/io/netty/netty-codec/4.1.119.Final/netty-codec-4.1.119.Final.jar:/home/runner/.m2/repository/io/netty/netty-common/4.1.119.Final/netty-common-4.1.119.Final.jar:/home/runner/.m2/repository/io/netty/netty-transport/4.1.119.Final/netty-transport-4.1.119.Final.jar:/home/runner/.m2/repository/org/apache/logging/log4j/log4j-api/2.25.0/log4j-api-2.25.0.jar:/home/runner/.m2/repository/com/github/luben/zstd-jni/1.5.7-4/zstd-jni-1.5.7-4.jar:/home/runner/.m2/repository/log4j/apache-log4j-extras/1.2.17/apache-log4j-extras-1.2.17.jar:/home/runner/.m2/repository/org/glassfish/jaxb/jaxb-runtime/2.3.9/jaxb-runtime-2.3.9.jar:/home/runner/.m2/repository/org/glassfish/jaxb/txw2/2.3.9/txw2-2.3.9.jar:/home/runner/.m2/repository/com/sun/istack/istack-commons-runtime/3.0.12/istack-commons-runtime-3.0.12.jar:/home/runner/.m2/repository/com/sun/activation/jakarta.activation/1.2.2/jakarta.activation-1.2.2.jar:/home/runner/work/ozone/ozone/hadoop-hdds/container-service/target/hdds-container-service-2.1.0-SNAPSHOT-tests.jar:/home/runner/work/ozone/ozone/hadoop-hdds/interface-admin/target/hdds-interface-admin-2.1.0-SNAPSHOT.jar:/home/runner/work/ozone/ozone/hadoop-hdds/interface-client/target/hdds-interface-client-2.1.0-SNAPSHOT.jar:/home/runner/work/ozone/ozone/hadoop-hdds/interface-server/target/hdds-interface-server-2.1.0-SNAPSHOT.jar:/home/runner/work/ozone/ozone/hadoop-hdds/managed-rocksdb/target/hdds-managed-rocksdb-2.1.0-SNAPSHOT.jar:/home/runner/work/ozone/ozone/hadoop-hdds/rocks-native/target/hdds-rocks-native-2.1.0-SNAPSHOT.jar:/home/runner/work/ozone/ozone/hadoop-hdds/framework/target/hdds-server-framework-2.1.0-SNAPSHOT.jar:/home/runner/.m2/repository/com/github/jnr/jnr-constants/0.10.4/jnr-constants-0.10.4.jar:/home/runner/.m2/repository/com/github/jnr/jnr-posix/3.1.20/jnr-posix-3.1.20.jar:/home/runner/.m2/repository/com/github/jnr/jnr-ffi/2.2.17/jnr-ffi-2.2.17.jar:/home/runner/.m2/repository/com/github/jnr/jffi/1.3.13/jffi-1.3.13.jar:/home/runner/.m2/repository/com/github/jnr/jffi/1.3.13/jffi-1.3.13-native.jar:/home/runner/.m2/repository/org/ow2/asm/asm/9.7.1/asm-9.7.1.jar:/home/runner/.m2/repository/org/ow2/asm/asm-commons/9.7.1/asm-commons-9.7.1.jar:/home/runner/.m2/repository/org/ow2/asm/asm-analysis/9.7.1/asm-analysis-9.7.1.jar:/home/runner/.m2/repository/org/ow2/asm/asm-tree/9.7.1/asm-tree-9.7.1.jar:/home/runner/.m2/repository/org/ow2/asm/asm-util/9.7.1/asm-util-9.7.1.jar:/home/runner/.m2/repository/com/github/jnr/jnr-a64asm/1.0.0/jnr-a64asm-1.0.0.jar:/home/runner/.m2/repository/com/github/jnr/jnr-x86asm/1.0.2/jnr-x86asm-1.0.2.jar:/home/runner/.m2/repository/commons-fileupload/commons-fileupload/1.5/commons-fileupload-1.5.jar:/home/runner/.m2/repository/io/grpc/grpc-api/1.71.0/grpc-api-1.71.0.jar:/home/runner/.m2/repository/io/prometheus/simpleclient/0.16.0/simpleclient-0.16.0.jar:/home/runner/.m2/repository/io/prometheus/simpleclient_common/0.16.0/simpleclient_common-0.16.0.jar:/home/runner/.m2/repository/io/prometheus/simpleclient_dropwizard/0.16.0/simpleclient_dropwizard-0.16.0.jar:/home/runner/.m2/repository/jakarta/ws/rs/jakarta.ws.rs-api/2.1.6/jakarta.ws.rs-api-2.1.6.jar:/home/runner/.m2/repository/org/eclipse/jetty/jetty-http/9.4.57.v20241219/jetty-http-9.4.57.v20241219.jar:/home/runner/.m2/repository/org/glassfish/jersey/containers/jersey-container-servlet-core/2.47/jersey-container-servlet-core-2.47.jar:/home/runner/.m2/repository/org/glassfish/jersey/core/jersey-server/2.47/jersey-server-2.47.jar:/home/runner/.m2/repository/org/glassfish/jersey/core/jersey-client/2.47/jersey-client-2.47.jar:/home/runner/.m2/repository/com/lmax/disruptor/3.4.4/disruptor-3.4.4.jar:/home/runner/.m2/repository/org/apache/logging/log4j/log4j-core/2.25.0/log4j-core-2.25.0.jar:/home/runner/work/ozone/ozone/hadoop-hdds/framework/target/hdds-server-framework-2.1.0-SNAPSHOT-tests.jar:/home/runner/work/ozone/ozone/hadoop-hdds/server-scm/target/hdds-server-scm-2.1.0-SNAPSHOT.jar:/home/runner/work/ozone/ozone/hadoop-hdds/server-scm/target/hdds-server-scm-2.1.0-SNAPSHOT-tests.jar:/home/runner/work/ozone/ozone/hadoop-hdds/test-utils/target/hdds-test-utils-2.1.0-SNAPSHOT-tests.jar:/home/runner/work/ozone/ozone/hadoop-ozone/cli-admin/target/ozone-cli-admin-2.1.0-SNAPSHOT.jar:/home/runner/work/ozone/ozone/hadoop-ozone/cli-shell/target/ozone-cli-shell-2.1.0-SNAPSHOT.jar:/home/runner/.m2/repository/info/picocli/picocli-shell-jline3/4.7.7/picocli-shell-jline3-4.7.7.jar:/home/runner/.m2/repository/org/jline/jline/3.30.4/jline-3.30.4.jar:/home/runner/work/ozone/ozone/hadoop-ozone/client/target/ozone-client-2.1.0-SNAPSHOT.jar:/home/runner/work/ozone/ozone/hadoop-ozone/common/target/ozone-common-2.1.0-SNAPSHOT.jar:/home/runner/.m2/repository/io/grpc/grpc-netty/1.71.0/grpc-netty-1.71.0.jar:/home/runner/.m2/repository/org/codehaus/mojo/animal-sniffer-annotations/1.24/animal-sniffer-annotations-1.24.jar:/home/runner/.m2/repository/io/grpc/grpc-core/1.71.0/grpc-core-1.71.0.jar:/home/runner/.m2/repository/com/google/android/annotations/4.1.1.4/annotations-4.1.1.4.jar:/home/runner/.m2/repository/io/grpc/grpc-context/1.71.0/grpc-context-1.71.0.jar:/home/runner/.m2/repository/io/perfmark/perfmark-api/0.27.0/perfmark-api-0.27.0.jar:/home/runner/.m2/repository/io/grpc/grpc-util/1.71.0/grpc-util-1.71.0.jar:/home/runner/.m2/repository/io/netty/netty-codec-http2/4.1.119.Final/netty-codec-http2-4.1.119.Final.jar:/home/runner/.m2/repository/io/netty/netty-handler-proxy/4.1.119.Final/netty-handler-proxy-4.1.119.Final.jar:/home/runner/.m2/repository/io/netty/netty-tcnative-boringssl-static/2.0.70.Final/netty-tcnative-boringssl-static-2.0.70.Final.jar:/home/runner/.m2/repository/io/netty/netty-tcnative-classes/2.0.70.Final/netty-tcnative-classes-2.0.70.Final.jar:/home/runner/.m2/repository/io/netty/netty-tcnative-boringssl-static/2.0.70.Final/netty-tcnative-boringssl-static-2.0.70.Final-linux-x86_64.jar:/home/runner/.m2/repository/io/netty/netty-tcnative-boringssl-static/2.0.70.Final/netty-tcnative-boringssl-static-2.0.70.Final-linux-aarch_64.jar:/home/runner/.m2/repository/io/netty/netty-tcnative-boringssl-static/2.0.70.Final/netty-tcnative-boringssl-static-2.0.70.Final-osx-x86_64.jar:/home/runner/.m2/repository/io/netty/netty-tcnative-boringssl-static/2.0.70.Final/netty-tcnative-boringssl-static-2.0.70.Final-osx-aarch_64.jar:/home/runner/.m2/repository/io/netty/netty-tcnative-boringssl-static/2.0.70.Final/netty-tcnative-boringssl-static-2.0.70.Final-windows-x86_64.jar:/home/runner/work/ozone/ozone/hadoop-ozone/csi/target/ozone-csi-2.1.0-SNAPSHOT.jar:/home/runner/.m2/repository/io/grpc/grpc-protobuf/1.71.0/grpc-protobuf-1.71.0.jar:/home/runner/.m2/repository/com/google/api/grpc/proto-google-common-protos/2.51.0/proto-google-common-protos-2.51.0.jar:/home/runner/.m2/repository/io/grpc/grpc-protobuf-lite/1.71.0/grpc-protobuf-lite-1.71.0.jar:/home/runner/.m2/repository/io/grpc/grpc-stub/1.71.0/grpc-stub-1.71.0.jar:/home/runner/.m2/repository/io/netty/netty-transport-classes-epoll/4.1.119.Final/netty-transport-classes-epoll-4.1.119.Final.jar:/home/runner/.m2/repository/io/netty/netty-transport-native-unix-common/4.1.119.Final/netty-transport-native-unix-common-4.1.119.Final.jar:/home/runner/.m2/repository/io/netty/netty-transport-native-epoll/4.1.119.Final/netty-transport-native-epoll-4.1.119.Final-linux-x86_64.jar:/home/runner/work/ozone/ozone/hadoop-ozone/ozonefs/target/ozone-filesystem-2.1.0-SNAPSHOT.jar:/home/runner/work/ozone/ozone/hadoop-ozone/ozonefs-common/target/ozone-filesystem-common-2.1.0-SNAPSHOT.jar:/home/runner/work/ozone/ozone/hadoop-ozone/freon/target/ozone-freon-2.1.0-SNAPSHOT.jar:/home/runner/.m2/repository/com/amazonaws/aws-java-sdk-core/1.12.661/aws-java-sdk-core-1.12.661.jar:/home/runner/.m2/repository/com/fasterxml/jackson/dataformat/jackson-dataformat-cbor/2.16.2/jackson-dataformat-cbor-2.16.2.jar:/home/runner/.m2/repository/joda-time/joda-time/2.12.7/joda-time-2.12.7.jar:/home/runner/.m2/repository/com/amazonaws/aws-java-sdk-s3/1.12.661/aws-java-sdk-s3-1.12.661.jar:/home/runner/.m2/repository/com/amazonaws/aws-java-sdk-kms/1.12.661/aws-java-sdk-kms-1.12.661.jar:/home/runner/.m2/repository/com/amazonaws/jmespath-java/1.12.661/jmespath-java-1.12.661.jar:/home/runner/work/ozone/ozone/hadoop-ozone/interface-client/target/ozone-interface-client-2.1.0-SNAPSHOT.jar:/home/runner/work/ozone/ozone/hadoop-ozone/interface-storage/target/ozone-interface-storage-2.1.0-SNAPSHOT.jar:/home/runner/work/ozone/ozone/hadoop-ozone/ozone-manager/target/ozone-manager-2.1.0-SNAPSHOT.jar:/home/runner/.m2/repository/com/sun/jersey/jersey-client/1.19.4/jersey-client-1.19.4.jar:/home/runner/.m2/repository/org/apache/ranger/ranger-plugins-common/2.6.0/ranger-plugins-common-2.6.0.jar:/home/runner/.m2/repository/com/fasterxml/jackson/jaxrs/jackson-jaxrs-base/2.16.2/jackson-jaxrs-base-2.16.2.jar:/home/runner/.m2/repository/com/kstruct/gethostname4j/1.0.0/gethostname4j-1.0.0.jar:/home/runner/.m2/repository/commons-lang/commons-lang/2.6/commons-lang-2.6.jar:/home/runner/.m2/repository/net/java/dev/jna/jna/5.2.0/jna-5.2.0.jar:/home/runner/.m2/repository/net/java/dev/jna/jna-platform/5.2.0/jna-platform-5.2.0.jar:/home/runner/.m2/repository/org/apache/ranger/ranger-plugin-classloader/2.6.0/ranger-plugin-classloader-2.6.0.jar:/home/runner/.m2/repository/org/apache/ranger/ranger-plugins-audit/2.6.0/ranger-plugins-audit-2.6.0.jar:/home/runner/.m2/repository/com/amazonaws/aws-java-sdk-logs/1.12.765/aws-java-sdk-logs-1.12.765.jar:/home/runner/.m2/repository/com/carrotsearch/hppc/0.8.0/hppc-0.8.0.jar:/home/runner/.m2/repository/io/airlift/aircompressor/0.27/aircompressor-0.27.jar:/home/runner/.m2/repository/org/apache/httpcomponents/httpasyncclient/4.1.4/httpasyncclient-4.1.4.jar:/home/runner/.m2/repository/org/apache/httpcomponents/httpcore-nio/4.4.16/httpcore-nio-4.4.16.jar:/home/runner/.m2/repository/org/apache/httpcomponents/httpmime/4.5.13/httpmime-4.5.13.jar:/home/runner/.m2/repository/org/apache/orc/orc-core/1.5.8/orc-core-1.5.8.jar:/home/runner/.m2/repository/org/apache/orc/orc-shims/1.5.8/orc-shims-1.5.8.jar:/home/runner/.m2/repository/org/apache/ranger/ranger-plugins-cred/2.6.0/ranger-plugins-cred-2.6.0.jar:/home/runner/.m2/repository/org/aspectj/aspectjrt/1.9.7/aspectjrt-1.9.7.jar:/home/runner/work/ozone/ozone/hadoop-ozone/ozone-manager/target/ozone-manager-2.1.0-SNAPSHOT-tests.jar:/home/runner/work/ozone/ozone/hadoop-ozone/mini-cluster/target/ozone-mini-cluster-2.1.0-SNAPSHOT.jar:/home/runner/work/ozone/ozone/hadoop-ozone/recon/target/ozone-recon-2.1.0-SNAPSHOT.jar:/home/runner/.m2/repository/aopalliance/aopalliance/1.0/aopalliance-1.0.jar:/home/runner/.m2/repository/com/google/inject/guice/6.0.0/guice-6.0.0.jar:/home/runner/.m2/repository/jakarta/inject/jakarta.inject-api/2.0.1/jakarta.inject-api-2.0.1.jar:/home/runner/.m2/repository/com/jolbox/bonecp/0.8.0.RELEASE/bonecp-0.8.0.RELEASE.jar:/home/runner/.m2/repository/jakarta/validation/jakarta.validation-api/2.0.2/jakarta.validation-api-2.0.2.jar:/home/runner/.m2/repository/javax/annotation/javax.annotation-api/1.3.2/javax.annotation-api-1.3.2.jar:/home/runner/.m2/repository/javax/inject/javax.inject/1/javax.inject-1.jar:/home/runner/.m2/repository/org/apache/derby/derby/10.14.2.0/derby-10.14.2.0.jar:/home/runner/.m2/repository/org/glassfish/hk2/guice-bridge/2.6.1/guice-bridge-2.6.1.jar:/home/runner/.m2/repository/org/glassfish/hk2/hk2-api/2.6.1/hk2-api-2.6.1.jar:/home/runner/.m2/repository/org/glassfish/hk2/hk2-utils/2.6.1/hk2-utils-2.6.1.jar:/home/runner/.m2/repository/org/glassfish/hk2/external/aopalliance-repackaged/2.6.1/aopalliance-repackaged-2.6.1.jar:/home/runner/.m2/repository/org/glassfish/jersey/core/jersey-common/2.47/jersey-common-2.47.jar:/home/runner/.m2/repository/org/glassfish/hk2/osgi-resource-locator/1.0.3/osgi-resource-locator-1.0.3.jar:/home/runner/.m2/repository/org/jooq/jooq/3.11.10/jooq-3.11.10.jar:/home/runner/.m2/repository/org/springframework/spring-core/5.3.39/spring-core-5.3.39.jar:/home/runner/.m2/repository/org/springframework/spring-jdbc/5.3.39/spring-jdbc-5.3.39.jar:/home/runner/.m2/repository/org/springframework/spring-beans/5.3.39/spring-beans-5.3.39.jar:/home/runner/.m2/repository/org/springframework/spring-tx/5.3.39/spring-tx-5.3.39.jar:/home/runner/.m2/repository/org/xerial/sqlite-jdbc/3.50.2.0/sqlite-jdbc-3.50.2.0.jar:/home/runner/.m2/repository/com/google/inject/extensions/guice-assistedinject/6.0.0/guice-assistedinject-6.0.0.jar:/home/runner/.m2/repository/org/glassfish/hk2/external/jakarta.inject/2.6.1/jakarta.inject-2.6.1.jar:/home/runner/.m2/repository/org/glassfish/jersey/inject/jersey-hk2/2.47/jersey-hk2-2.47.jar:/home/runner/.m2/repository/org/glassfish/hk2/hk2-locator/2.6.1/hk2-locator-2.6.1.jar:/home/runner/.m2/repository/org/glassfish/jersey/media/jersey-media-jaxb/2.47/jersey-media-jaxb-2.47.jar:/home/runner/.m2/repository/org/glassfish/jersey/media/jersey-media-json-jackson/2.47/jersey-media-json-jackson-2.47.jar:/home/runner/.m2/repository/org/glassfish/jersey/ext/jersey-entity-filtering/2.47/jersey-entity-filtering-2.47.jar:/home/runner/work/ozone/ozone/hadoop-ozone/recon-codegen/target/ozone-reconcodegen-2.1.0-SNAPSHOT.jar:/home/runner/.m2/repository/org/jooq/jooq-codegen/3.11.10/jooq-codegen-3.11.10.jar:/home/runner/.m2/repository/org/jooq/jooq-meta/3.11.10/jooq-meta-3.11.10.jar:/home/runner/work/ozone/ozone/hadoop-ozone/s3gateway/target/ozone-s3gateway-2.1.0-SNAPSHOT.jar:/home/runner/work/ozone/ozone/hadoop-ozone/tools/target/ozone-tools-2.1.0-SNAPSHOT.jar:/home/runner/.m2/repository/com/github/vlsi/mxgraph/jgraphx/3.9.12/jgraphx-3.9.12.jar:/home/runner/.m2/repository/org/apache/ratis/ratis-shell/3.2.0/ratis-shell-3.2.0.jar:/home/runner/.m2/repository/org/apache/ratis/ratis-tools/3.2.0/ratis-tools-3.2.0.jar:/home/runner/.m2/repository/org/jgrapht/jgrapht-core/1.4.0/jgrapht-core-1.4.0.jar:/home/runner/.m2/repository/org/jheaps/jheaps/0.11/jheaps-0.11.jar:/home/runner/.m2/repository/org/jgrapht/jgrapht-ext/1.4.0/jgrapht-ext-1.4.0.jar:/home/runner/work/ozone/ozone/hadoop-hdds/rocksdb-checkpoint-differ/target/rocksdb-checkpoint-differ-2.1.0-SNAPSHOT.jar:/home/runner/.m2/repository/org/apache/ranger/ranger-intg/2.6.0/ranger-intg-2.6.0.jar:/home/runner/.m2/repository/org/apache/ratis/ratis-client/3.2.0/ratis-client-3.2.0.jar:/home/runner/.m2/repository/org/apache/ratis/ratis-common/3.2.0/ratis-common-3.2.0.jar:/home/runner/.m2/repository/org/apache/ratis/ratis-grpc/3.2.0/ratis-grpc-3.2.0.jar:/home/runner/.m2/repository/org/apache/ratis/ratis-metrics-api/3.2.0/ratis-metrics-api-3.2.0.jar:/home/runner/.m2/repository/org/apache/ratis/ratis-proto/3.2.0/ratis-proto-3.2.0.jar:/home/runner/.m2/repository/org/apache/ratis/ratis-server/3.2.0/ratis-server-3.2.0.jar:/home/runner/.m2/repository/org/apache/ratis/ratis-server-api/3.2.0/ratis-server-api-3.2.0.jar:/home/runner/.m2/repository/org/apache/ratis/ratis-thirdparty-misc/1.0.9/ratis-thirdparty-misc-1.0.9.jar:/home/runner/.m2/repository/org/bouncycastle/bcpkix-jdk18on/1.81/bcpkix-jdk18on-1.81.jar:/home/runner/.m2/repository/org/bouncycastle/bcutil-jdk18on/1.81/bcutil-jdk18on-1.81.jar:/home/runner/.m2/repository/org/hamcrest/hamcrest/2.2/hamcrest-2.2.jar:/home/runner/.m2/repository/org/reflections/reflections/0.10.2/reflections-0.10.2.jar:/home/runner/.m2/repository/org/javassist/javassist/3.30.2-GA/javassist-3.30.2-GA.jar:/home/runner/.m2/repository/org/rocksdb/rocksdbjni/7.7.3/rocksdbjni-7.7.3.jar:/home/runner/.m2/repository/org/slf4j/jul-to-slf4j/2.0.17/jul-to-slf4j-2.0.17.jar:/home/runner/.m2/repository/org/slf4j/slf4j-api/2.0.17/slf4j-api-2.0.17.jar:/home/runner/.m2/repository/org/assertj/assertj-core/3.27.3/assertj-core-3.27.3.jar:/home/runner/.m2/repository/net/bytebuddy/byte-buddy/1.15.11/byte-buddy-1.15.11.jar:/home/runner/.m2/repository/org/junit/jupiter/junit-jupiter-api/5.13.3/junit-jupiter-api-5.13.3.jar:/home/runner/.m2/repository/org/opentest4j/opentest4j/1.3.0/opentest4j-1.3.0.jar:/home/runner/.m2/repository/org/junit/platform/junit-platform-commons/1.13.3/junit-platform-commons-1.13.3.jar:/home/runner/.m2/repository/org/apiguardian/apiguardian-api/1.1.2/apiguardian-api-1.1.2.jar:/home/runner/.m2/repository/org/junit/jupiter/junit-jupiter-params/5.13.3/junit-jupiter-params-5.13.3.jar:/home/runner/.m2/repository/org/mockito/mockito-core/4.11.0/mockito-core-4.11.0.jar:/home/runner/.m2/repository/net/bytebuddy/byte-buddy-agent/1.12.19/byte-buddy-agent-1.12.19.jar:/home/runner/.m2/repository/org/objenesis/objenesis/3.3/objenesis-3.3.jar:/home/runner/.m2/repository/org/mockito/mockito-inline/4.11.0/mockito-inline-4.11.0.jar:/home/runner/.m2/repository/org/mockito/mockito-junit-jupiter/4.11.0/mockito-junit-jupiter-4.11.0.jar:/home/runner/work/ozone/ozone/hadoop-ozone/integration-test/target/gradle-enterprise/test-listeners.jar:"/>
    <property name="java.vm.vendor" value="Eclipse Adoptium"/>
    <property name="sun.arch.data.model" value="64"/>
    <property name="test.build.dir" value="/home/runner/work/ozone/ozone/hadoop-ozone/integration-test/target/test-dir"/>
    <property name="test.cache.data" value=""/>
    <property name="java.vendor.url" value="https://adoptium.net/"/>
    <property name="user.timezone" value="Etc/UTC"/>
    <property name="maven-surefire-plugin.argLineAccessArgs" value=" --add-opens java.management/com.sun.jmx.mbeanserver=ALL-UNNAMED --add-exports java.management/com.sun.jmx.mbeanserver=ALL-UNNAMED --add-opens java.base/java.nio=ALL-UNNAMED --add-opens java.base/java.lang=ALL-UNNAMED --add-opens java.base/java.lang.reflect=ALL-UNNAMED"/>
    <property name="os.name" value="Linux"/>
    <property name="java.vm.specification.version" value="21"/>
    <property name="test.build.data" value="/home/runner/work/ozone/ozone/hadoop-ozone/integration-test/target/test-dir"/>
    <property name="sun.java.launcher" value="SUN_STANDARD"/>
    <property name="sun.boot.library.path" value="/usr/lib/jvm/temurin-21-jdk-amd64/lib"/>
    <property name="sun.java.command" value="/home/runner/work/ozone/ozone/hadoop-ozone/integration-test/target/surefire/surefirebooter-20250717094130592_1081.jar /home/runner/work/ozone/ozone/hadoop-ozone/integration-test/target/surefire 2025-07-17T09-32-26_369-jvmRun1 surefire-20250717094130592_1079tmp surefire_158-20250717094130592_1080tmp"/>
    <property name="jdk.debug" value="release"/>
    <property name="native.lib.tmp.dir" value="/tmp"/>
    <property name="surefire.test.class.path" value="/home/runner/work/ozone/ozone/hadoop-ozone/integration-test/target/test-classes:/home/runner/work/ozone/ozone/hadoop-ozone/integration-test/target/classes:/home/runner/.m2/repository/ch/qos/reload4j/reload4j/1.2.26/reload4j-1.2.26.jar:/home/runner/.m2/repository/com/fasterxml/jackson/core/jackson-core/2.16.2/jackson-core-2.16.2.jar:/home/runner/.m2/repository/com/fasterxml/jackson/core/jackson-databind/2.16.2/jackson-databind-2.16.2.jar:/home/runner/.m2/repository/com/fasterxml/jackson/core/jackson-annotations/2.16.2/jackson-annotations-2.16.2.jar:/home/runner/.m2/repository/com/github/stephenc/jcip/jcip-annotations/1.0-1/jcip-annotations-1.0-1.jar:/home/runner/.m2/repository/com/google/guava/guava/32.1.3-jre/guava-32.1.3-jre.jar:/home/runner/.m2/repository/com/google/guava/failureaccess/1.0.1/failureaccess-1.0.1.jar:/home/runner/.m2/repository/com/google/guava/listenablefuture/9999.0-empty-to-avoid-conflict-with-guava/listenablefuture-9999.0-empty-to-avoid-conflict-with-guava.jar:/home/runner/.m2/repository/org/checkerframework/checker-qual/3.37.0/checker-qual-3.37.0.jar:/home/runner/.m2/repository/com/google/errorprone/error_prone_annotations/2.29.2/error_prone_annotations-2.29.2.jar:/home/runner/.m2/repository/com/google/j2objc/j2objc-annotations/2.8/j2objc-annotations-2.8.jar:/home/runner/.m2/repository/com/google/protobuf/protobuf-java/2.5.0/protobuf-java-2.5.0.jar:/home/runner/.m2/repository/com/squareup/okhttp3/okhttp/4.12.0/okhttp-4.12.0.jar:/home/runner/.m2/repository/com/squareup/okio/okio/3.6.0/okio-3.6.0.jar:/home/runner/.m2/repository/com/squareup/okio/okio-jvm/3.6.0/okio-jvm-3.6.0.jar:/home/runner/.m2/repository/org/jetbrains/kotlin/kotlin-stdlib-common/1.9.25/kotlin-stdlib-common-1.9.25.jar:/home/runner/.m2/repository/org/jetbrains/kotlin/kotlin-stdlib-jdk8/1.9.25/kotlin-stdlib-jdk8-1.9.25.jar:/home/runner/.m2/repository/org/jetbrains/kotlin/kotlin-stdlib/1.9.25/kotlin-stdlib-1.9.25.jar:/home/runner/.m2/repository/org/jetbrains/annotations/13.0/annotations-13.0.jar:/home/runner/.m2/repository/org/jetbrains/kotlin/kotlin-stdlib-jdk7/1.9.25/kotlin-stdlib-jdk7-1.9.25.jar:/home/runner/.m2/repository/commons-codec/commons-codec/1.18.0/commons-codec-1.18.0.jar:/home/runner/.m2/repository/commons-io/commons-io/2.18.0/commons-io-2.18.0.jar:/home/runner/.m2/repository/commons-validator/commons-validator/1.6/commons-validator-1.6.jar:/home/runner/.m2/repository/commons-beanutils/commons-beanutils/1.11.0/commons-beanutils-1.11.0.jar:/home/runner/.m2/repository/commons-digester/commons-digester/1.8.1/commons-digester-1.8.1.jar:/home/runner/.m2/repository/commons-collections/commons-collections/3.2.2/commons-collections-3.2.2.jar:/home/runner/.m2/repository/info/picocli/picocli/4.7.7/picocli-4.7.7.jar:/home/runner/.m2/repository/jakarta/annotation/jakarta.annotation-api/2.1.1/jakarta.annotation-api-2.1.1.jar:/home/runner/.m2/repository/jakarta/xml/bind/jakarta.xml.bind-api/2.3.3/jakarta.xml.bind-api-2.3.3.jar:/home/runner/.m2/repository/jakarta/activation/jakarta.activation-api/1.2.2/jakarta.activation-api-1.2.2.jar:/home/runner/.m2/repository/javax/servlet/javax.servlet-api/3.1.0/javax.servlet-api-3.1.0.jar:/home/runner/.m2/repository/javax/ws/rs/jsr311-api/1.1.1/jsr311-api-1.1.1.jar:/home/runner/.m2/repository/org/apache/commons/commons-compress/1.27.1/commons-compress-1.27.1.jar:/home/runner/.m2/repository/org/apache/commons/commons-lang3/3.17.0/commons-lang3-3.17.0.jar:/home/runner/.m2/repository/org/apache/commons/commons-text/1.13.1/commons-text-1.13.1.jar:/home/runner/.m2/repository/org/apache/hadoop/hadoop-auth/3.4.1/hadoop-auth-3.4.1.jar:/home/runner/.m2/repository/com/nimbusds/nimbus-jose-jwt/9.40/nimbus-jose-jwt-9.40.jar:/home/runner/.m2/repository/io/dropwizard/metrics/metrics-core/3.2.6/metrics-core-3.2.6.jar:/home/runner/.m2/repository/org/apache/kerby/kerb-core/1.0.1/kerb-core-1.0.1.jar:/home/runner/.m2/repository/org/apache/kerby/kerby-pkix/1.0.1/kerby-pkix-1.0.1.jar:/home/runner/.m2/repository/org/apache/kerby/kerby-asn1/1.0.1/kerby-asn1-1.0.1.jar:/home/runner/.m2/repository/org/apache/kerby/kerb-util/1.0.1/kerb-util-1.0.1.jar:/home/runner/.m2/repository/org/apache/kerby/kerby-config/1.0.1/kerby-config-1.0.1.jar:/home/runner/.m2/repository/org/apache/kerby/kerb-crypto/1.0.1/kerb-crypto-1.0.1.jar:/home/runner/.m2/repository/org/apache/hadoop/thirdparty/hadoop-shaded-guava/1.3.0/hadoop-shaded-guava-1.3.0.jar:/home/runner/.m2/repository/org/apache/hadoop/hadoop-common/3.4.1/hadoop-common-3.4.1.jar:/home/runner/.m2/repository/org/apache/hadoop/thirdparty/hadoop-shaded-protobuf_3_25/1.4.0/hadoop-shaded-protobuf_3_25-1.4.0.jar:/home/runner/.m2/repository/org/apache/hadoop/hadoop-annotations/3.4.1/hadoop-annotations-3.4.1.jar:/home/runner/.m2/repository/commons-cli/commons-cli/1.8.0/commons-cli-1.8.0.jar:/home/runner/.m2/repository/commons-net/commons-net/3.11.1/commons-net-3.11.1.jar:/home/runner/.m2/repository/org/eclipse/jetty/jetty-server/9.4.57.v20241219/jetty-server-9.4.57.v20241219.jar:/home/runner/.m2/repository/org/eclipse/jetty/jetty-io/9.4.57.v20241219/jetty-io-9.4.57.v20241219.jar:/home/runner/.m2/repository/org/eclipse/jetty/jetty-util/9.4.57.v20241219/jetty-util-9.4.57.v20241219.jar:/home/runner/.m2/repository/org/eclipse/jetty/jetty-servlet/9.4.57.v20241219/jetty-servlet-9.4.57.v20241219.jar:/home/runner/.m2/repository/org/eclipse/jetty/jetty-security/9.4.57.v20241219/jetty-security-9.4.57.v20241219.jar:/home/runner/.m2/repository/org/eclipse/jetty/jetty-webapp/9.4.57.v20241219/jetty-webapp-9.4.57.v20241219.jar:/home/runner/.m2/repository/org/eclipse/jetty/jetty-xml/9.4.57.v20241219/jetty-xml-9.4.57.v20241219.jar:/home/runner/.m2/repository/javax/servlet/jsp/jsp-api/2.1/jsp-api-2.1.jar:/home/runner/.m2/repository/org/codehaus/jettison/jettison/1.5.4/jettison-1.5.4.jar:/home/runner/.m2/repository/org/apache/commons/commons-configuration2/2.12.0/commons-configuration2-2.12.0.jar:/home/runner/.m2/repository/com/google/re2j/re2j/1.7/re2j-1.7.jar:/home/runner/.m2/repository/com/google/code/gson/gson/2.10.1/gson-2.10.1.jar:/home/runner/.m2/repository/com/jcraft/jsch/0.1.55/jsch-0.1.55.jar:/home/runner/.m2/repository/io/netty/netty-handler/4.1.119.Final/netty-handler-4.1.119.Final.jar:/home/runner/.m2/repository/io/netty/netty-resolver/4.1.119.Final/netty-resolver-4.1.119.Final.jar:/home/runner/.m2/repository/io/netty/netty-transport-native-epoll/4.1.119.Final/netty-transport-native-epoll-4.1.119.Final.jar:/home/runner/.m2/repository/org/bouncycastle/bcprov-jdk18on/1.81/bcprov-jdk18on-1.81.jar:/home/runner/.m2/repository/org/codehaus/woodstox/stax2-api/4.2.1/stax2-api-4.2.1.jar:/home/runner/.m2/repository/com/fasterxml/woodstox/woodstox-core/5.4.0/woodstox-core-5.4.0.jar:/home/runner/.m2/repository/dnsjava/dnsjava/3.6.1/dnsjava-3.6.1.jar:/home/runner/.m2/repository/org/apache/hadoop/hadoop-common/3.4.1/hadoop-common-3.4.1-tests.jar:/home/runner/.m2/repository/org/apache/commons/commons-math3/3.6.1/commons-math3-3.6.1.jar:/home/runner/.m2/repository/com/sun/jersey/jersey-core/1.19.4/jersey-core-1.19.4.jar:/home/runner/.m2/repository/com/sun/jersey/jersey-servlet/1.19.4/jersey-servlet-1.19.4.jar:/home/runner/.m2/repository/com/github/pjfanning/jersey-json/1.22.0/jersey-json-1.22.0.jar:/home/runner/.m2/repository/com/sun/xml/bind/jaxb-impl/2.2.3-1/jaxb-impl-2.2.3-1.jar:/home/runner/.m2/repository/com/sun/jersey/jersey-server/1.19.4/jersey-server-1.19.4.jar:/home/runner/.m2/repository/org/slf4j/slf4j-reload4j/2.0.17/slf4j-reload4j-2.0.17.jar:/home/runner/.m2/repository/org/apache/avro/avro/1.9.2/avro-1.9.2.jar:/home/runner/.m2/repository/org/apache/curator/curator-client/4.2.0/curator-client-4.2.0.jar:/home/runner/.m2/repository/org/apache/curator/curator-recipes/5.2.0/curator-recipes-5.2.0.jar:/home/runner/.m2/repository/org/apache/curator/curator-framework/4.2.0/curator-framework-4.2.0.jar:/home/runner/.m2/repository/com/google/code/findbugs/jsr305/3.0.2/jsr305-3.0.2.jar:/home/runner/.m2/repository/org/apache/zookeeper/zookeeper/3.8.4/zookeeper-3.8.4.jar:/home/runner/.m2/repository/org/apache/zookeeper/zookeeper-jute/3.8.4/zookeeper-jute-3.8.4.jar:/home/runner/.m2/repository/org/apache/yetus/audience-annotations/0.12.0/audience-annotations-0.12.0.jar:/home/runner/.m2/repository/org/xerial/snappy/snappy-java/1.1.10.7/snappy-java-1.1.10.7.jar:/home/runner/.m2/repository/org/apache/hadoop/hadoop-distcp/3.4.1/hadoop-distcp-3.4.1.jar:/home/runner/.m2/repository/org/apache/hadoop/hadoop-distcp/3.4.1/hadoop-distcp-3.4.1-tests.jar:/home/runner/.m2/repository/org/apache/hadoop/hadoop-hdfs/3.4.1/hadoop-hdfs-3.4.1.jar:/home/runner/.m2/repository/org/eclipse/jetty/jetty-util-ajax/9.4.57.v20241219/jetty-util-ajax-9.4.57.v20241219.jar:/home/runner/.m2/repository/commons-daemon/commons-daemon/1.4.0/commons-daemon-1.4.0.jar:/home/runner/.m2/repository/org/apache/hadoop/hadoop-hdfs/3.4.1/hadoop-hdfs-3.4.1-tests.jar:/home/runner/.m2/repository/io/netty/netty-all/4.1.119.Final/netty-all-4.1.119.Final.jar:/home/runner/.m2/repository/io/netty/netty-codec-dns/4.1.119.Final/netty-codec-dns-4.1.119.Final.jar:/home/runner/.m2/repository/io/netty/netty-codec-haproxy/4.1.119.Final/netty-codec-haproxy-4.1.119.Final.jar:/home/runner/.m2/repository/io/netty/netty-codec-http/4.1.119.Final/netty-codec-http-4.1.119.Final.jar:/home/runner/.m2/repository/io/netty/netty-codec-memcache/4.1.119.Final/netty-codec-memcache-4.1.119.Final.jar:/home/runner/.m2/repository/io/netty/netty-codec-mqtt/4.1.119.Final/netty-codec-mqtt-4.1.119.Final.jar:/home/runner/.m2/repository/io/netty/netty-codec-redis/4.1.119.Final/netty-codec-redis-4.1.119.Final.jar:/home/runner/.m2/repository/io/netty/netty-codec-smtp/4.1.119.Final/netty-codec-smtp-4.1.119.Final.jar:/home/runner/.m2/repository/io/netty/netty-codec-socks/4.1.119.Final/netty-codec-socks-4.1.119.Final.jar:/home/runner/.m2/repository/io/netty/netty-codec-stomp/4.1.119.Final/netty-codec-stomp-4.1.119.Final.jar:/home/runner/.m2/repository/io/netty/netty-codec-xml/4.1.119.Final/netty-codec-xml-4.1.119.Final.jar:/home/runner/.m2/repository/io/netty/netty-handler-ssl-ocsp/4.1.119.Final/netty-handler-ssl-ocsp-4.1.119.Final.jar:/home/runner/.m2/repository/io/netty/netty-resolver-dns/4.1.119.Final/netty-resolver-dns-4.1.119.Final.jar:/home/runner/.m2/repository/io/netty/netty-transport-rxtx/4.1.119.Final/netty-transport-rxtx-4.1.119.Final.jar:/home/runner/.m2/repository/io/netty/netty-transport-sctp/4.1.119.Final/netty-transport-sctp-4.1.119.Final.jar:/home/runner/.m2/repository/io/netty/netty-transport-udt/4.1.119.Final/netty-transport-udt-4.1.119.Final.jar:/home/runner/.m2/repository/io/netty/netty-transport-classes-kqueue/4.1.119.Final/netty-transport-classes-kqueue-4.1.119.Final.jar:/home/runner/.m2/repository/io/netty/netty-resolver-dns-classes-macos/4.1.119.Final/netty-resolver-dns-classes-macos-4.1.119.Final.jar:/home/runner/.m2/repository/io/netty/netty-transport-native-epoll/4.1.119.Final/netty-transport-native-epoll-4.1.119.Final-linux-aarch_64.jar:/home/runner/.m2/repository/io/netty/netty-transport-native-epoll/4.1.119.Final/netty-transport-native-epoll-4.1.119.Final-linux-riscv64.jar:/home/runner/.m2/repository/io/netty/netty-transport-native-kqueue/4.1.119.Final/netty-transport-native-kqueue-4.1.119.Final-osx-x86_64.jar:/home/runner/.m2/repository/io/netty/netty-transport-native-kqueue/4.1.119.Final/netty-transport-native-kqueue-4.1.119.Final-osx-aarch_64.jar:/home/runner/.m2/repository/io/netty/netty-resolver-dns-native-macos/4.1.119.Final/netty-resolver-dns-native-macos-4.1.119.Final-osx-x86_64.jar:/home/runner/.m2/repository/io/netty/netty-resolver-dns-native-macos/4.1.119.Final/netty-resolver-dns-native-macos-4.1.119.Final-osx-aarch_64.jar:/home/runner/.m2/repository/org/fusesource/leveldbjni/leveldbjni-all/1.8/leveldbjni-all-1.8.jar:/home/runner/.m2/repository/org/apache/hadoop/hadoop-hdfs-client/3.4.1/hadoop-hdfs-client-3.4.1.jar:/home/runner/.m2/repository/org/apache/hadoop/hadoop-kms/3.4.1/hadoop-kms-3.4.1.jar:/home/runner/.m2/repository/org/apache/hadoop/hadoop-kms/3.4.1/hadoop-kms-3.4.1-tests.jar:/home/runner/.m2/repository/org/apache/hadoop/hadoop-mapreduce-client-core/3.4.1/hadoop-mapreduce-client-core-3.4.1.jar:/home/runner/.m2/repository/org/apache/hadoop/hadoop-yarn-client/3.4.1/hadoop-yarn-client-3.4.1.jar:/home/runner/.m2/repository/org/eclipse/jetty/websocket/websocket-client/9.4.53.v20231009/websocket-client-9.4.53.v20231009.jar:/home/runner/.m2/repository/org/eclipse/jetty/jetty-client/9.4.57.v20241219/jetty-client-9.4.57.v20241219.jar:/home/runner/.m2/repository/org/eclipse/jetty/websocket/websocket-common/9.4.53.v20231009/websocket-common-9.4.53.v20231009.jar:/home/runner/.m2/repository/org/eclipse/jetty/websocket/websocket-api/9.4.53.v20231009/websocket-api-9.4.53.v20231009.jar:/home/runner/.m2/repository/org/apache/hadoop/hadoop-yarn-api/3.4.1/hadoop-yarn-api-3.4.1.jar:/home/runner/.m2/repository/org/apache/hadoop/hadoop-yarn-common/3.4.1/hadoop-yarn-common-3.4.1.jar:/home/runner/.m2/repository/javax/xml/bind/jaxb-api/2.2.11/jaxb-api-2.2.11.jar:/home/runner/.m2/repository/com/sun/jersey/contribs/jersey-guice/1.19.4/jersey-guice-1.19.4.jar:/home/runner/.m2/repository/com/fasterxml/jackson/module/jackson-module-jaxb-annotations/2.16.2/jackson-module-jaxb-annotations-2.16.2.jar:/home/runner/.m2/repository/com/fasterxml/jackson/jaxrs/jackson-jaxrs-json-provider/2.16.2/jackson-jaxrs-json-provider-2.16.2.jar:/home/runner/.m2/repository/com/google/inject/extensions/guice-servlet/6.0.0/guice-servlet-6.0.0.jar:/home/runner/.m2/repository/org/apache/hadoop/hadoop-mapreduce-client-jobclient/3.4.1/hadoop-mapreduce-client-jobclient-3.4.1.jar:/home/runner/.m2/repository/org/apache/hadoop/hadoop-mapreduce-client-common/3.4.1/hadoop-mapreduce-client-common-3.4.1.jar:/home/runner/.m2/repository/org/apache/hadoop/hadoop-minikdc/3.4.1/hadoop-minikdc-3.4.1.jar:/home/runner/.m2/repository/org/apache/kerby/kerb-simplekdc/2.0.3/kerb-simplekdc-2.0.3.jar:/home/runner/.m2/repository/org/apache/kerby/kerb-client/2.0.3/kerb-client-2.0.3.jar:/home/runner/.m2/repository/org/apache/kerby/kerb-common/2.0.3/kerb-common-2.0.3.jar:/home/runner/.m2/repository/org/apache/kerby/token-provider/2.0.3/token-provider-2.0.3.jar:/home/runner/.m2/repository/org/apache/kerby/kerb-admin/2.0.3/kerb-admin-2.0.3.jar:/home/runner/.m2/repository/org/apache/kerby/kerb-server/2.0.3/kerb-server-2.0.3.jar:/home/runner/.m2/repository/org/apache/kerby/kerb-identity/2.0.3/kerb-identity-2.0.3.jar:/home/runner/.m2/repository/org/apache/kerby/kerby-xdr/2.0.3/kerby-xdr-2.0.3.jar:/home/runner/.m2/repository/junit/junit/4.13.2/junit-4.13.2.jar:/home/runner/.m2/repository/org/hamcrest/hamcrest-core/1.3/hamcrest-core-1.3.jar:/home/runner/.m2/repository/org/apache/httpcomponents/httpclient/4.5.14/httpclient-4.5.14.jar:/home/runner/.m2/repository/org/apache/httpcomponents/httpcore/4.4.16/httpcore-4.4.16.jar:/home/runner/.m2/repository/org/apache/kerby/kerby-util/1.0.1/kerby-util-1.0.1.jar:/home/runner/work/ozone/ozone/hadoop-hdds/client/target/hdds-client-2.1.0-SNAPSHOT.jar:/home/runner/.m2/repository/io/opentracing/opentracing-api/0.33.0/opentracing-api-0.33.0.jar:/home/runner/.m2/repository/io/opentracing/opentracing-util/0.33.0/opentracing-util-0.33.0.jar:/home/runner/.m2/repository/io/opentracing/opentracing-noop/0.33.0/opentracing-noop-0.33.0.jar:/home/runner/work/ozone/ozone/hadoop-hdds/erasurecode/target/hdds-erasurecode-2.1.0-SNAPSHOT.jar:/home/runner/work/ozone/ozone/hadoop-hdds/common/target/hdds-common-2.1.0-SNAPSHOT.jar:/home/runner/.m2/repository/com/fasterxml/jackson/datatype/jackson-datatype-jsr310/2.16.2/jackson-datatype-jsr310-2.16.2.jar:/home/runner/.m2/repository/io/jaegertracing/jaeger-core/1.8.1/jaeger-core-1.8.1.jar:/home/runner/.m2/repository/org/apache/ratis/ratis-netty/3.2.0/ratis-netty-3.2.0.jar:/home/runner/.m2/repository/org/yaml/snakeyaml/2.0/snakeyaml-2.0.jar:/home/runner/.m2/repository/io/jaegertracing/jaeger-client/1.8.1/jaeger-client-1.8.1.jar:/home/runner/.m2/repository/io/jaegertracing/jaeger-thrift/1.8.1/jaeger-thrift-1.8.1.jar:/home/runner/.m2/repository/org/apache/thrift/libthrift/0.15.0/libthrift-0.15.0.jar:/home/runner/.m2/repository/io/jaegertracing/jaeger-tracerresolver/1.8.1/jaeger-tracerresolver-1.8.1.jar:/home/runner/.m2/repository/io/opentracing/contrib/opentracing-tracerresolver/0.1.8/opentracing-tracerresolver-0.1.8.jar:/home/runner/.m2/repository/org/apache/ratis/ratis-metrics-dropwizard3/3.2.0/ratis-metrics-dropwizard3-3.2.0.jar:/home/runner/.m2/repository/org/slf4j/jcl-over-slf4j/2.0.17/jcl-over-slf4j-2.0.17.jar:/home/runner/work/ozone/ozone/hadoop-hdds/common/target/hdds-common-2.1.0-SNAPSHOT-tests.jar:/home/runner/work/ozone/ozone/hadoop-hdds/config/target/hdds-config-2.1.0-SNAPSHOT.jar:/home/runner/work/ozone/ozone/hadoop-hdds/container-service/target/hdds-container-service-2.1.0-SNAPSHOT.jar:/home/runner/.m2/repository/io/netty/netty-buffer/4.1.119.Final/netty-buffer-4.1.119.Final.jar:/home/runner/.m2/repository/io/netty/netty-codec/4.1.119.Final/netty-codec-4.1.119.Final.jar:/home/runner/.m2/repository/io/netty/netty-common/4.1.119.Final/netty-common-4.1.119.Final.jar:/home/runner/.m2/repository/io/netty/netty-transport/4.1.119.Final/netty-transport-4.1.119.Final.jar:/home/runner/.m2/repository/org/apache/logging/log4j/log4j-api/2.25.0/log4j-api-2.25.0.jar:/home/runner/.m2/repository/com/github/luben/zstd-jni/1.5.7-4/zstd-jni-1.5.7-4.jar:/home/runner/.m2/repository/log4j/apache-log4j-extras/1.2.17/apache-log4j-extras-1.2.17.jar:/home/runner/.m2/repository/org/glassfish/jaxb/jaxb-runtime/2.3.9/jaxb-runtime-2.3.9.jar:/home/runner/.m2/repository/org/glassfish/jaxb/txw2/2.3.9/txw2-2.3.9.jar:/home/runner/.m2/repository/com/sun/istack/istack-commons-runtime/3.0.12/istack-commons-runtime-3.0.12.jar:/home/runner/.m2/repository/com/sun/activation/jakarta.activation/1.2.2/jakarta.activation-1.2.2.jar:/home/runner/work/ozone/ozone/hadoop-hdds/container-service/target/hdds-container-service-2.1.0-SNAPSHOT-tests.jar:/home/runner/work/ozone/ozone/hadoop-hdds/interface-admin/target/hdds-interface-admin-2.1.0-SNAPSHOT.jar:/home/runner/work/ozone/ozone/hadoop-hdds/interface-client/target/hdds-interface-client-2.1.0-SNAPSHOT.jar:/home/runner/work/ozone/ozone/hadoop-hdds/interface-server/target/hdds-interface-server-2.1.0-SNAPSHOT.jar:/home/runner/work/ozone/ozone/hadoop-hdds/managed-rocksdb/target/hdds-managed-rocksdb-2.1.0-SNAPSHOT.jar:/home/runner/work/ozone/ozone/hadoop-hdds/rocks-native/target/hdds-rocks-native-2.1.0-SNAPSHOT.jar:/home/runner/work/ozone/ozone/hadoop-hdds/framework/target/hdds-server-framework-2.1.0-SNAPSHOT.jar:/home/runner/.m2/repository/com/github/jnr/jnr-constants/0.10.4/jnr-constants-0.10.4.jar:/home/runner/.m2/repository/com/github/jnr/jnr-posix/3.1.20/jnr-posix-3.1.20.jar:/home/runner/.m2/repository/com/github/jnr/jnr-ffi/2.2.17/jnr-ffi-2.2.17.jar:/home/runner/.m2/repository/com/github/jnr/jffi/1.3.13/jffi-1.3.13.jar:/home/runner/.m2/repository/com/github/jnr/jffi/1.3.13/jffi-1.3.13-native.jar:/home/runner/.m2/repository/org/ow2/asm/asm/9.7.1/asm-9.7.1.jar:/home/runner/.m2/repository/org/ow2/asm/asm-commons/9.7.1/asm-commons-9.7.1.jar:/home/runner/.m2/repository/org/ow2/asm/asm-analysis/9.7.1/asm-analysis-9.7.1.jar:/home/runner/.m2/repository/org/ow2/asm/asm-tree/9.7.1/asm-tree-9.7.1.jar:/home/runner/.m2/repository/org/ow2/asm/asm-util/9.7.1/asm-util-9.7.1.jar:/home/runner/.m2/repository/com/github/jnr/jnr-a64asm/1.0.0/jnr-a64asm-1.0.0.jar:/home/runner/.m2/repository/com/github/jnr/jnr-x86asm/1.0.2/jnr-x86asm-1.0.2.jar:/home/runner/.m2/repository/commons-fileupload/commons-fileupload/1.5/commons-fileupload-1.5.jar:/home/runner/.m2/repository/io/grpc/grpc-api/1.71.0/grpc-api-1.71.0.jar:/home/runner/.m2/repository/io/prometheus/simpleclient/0.16.0/simpleclient-0.16.0.jar:/home/runner/.m2/repository/io/prometheus/simpleclient_common/0.16.0/simpleclient_common-0.16.0.jar:/home/runner/.m2/repository/io/prometheus/simpleclient_dropwizard/0.16.0/simpleclient_dropwizard-0.16.0.jar:/home/runner/.m2/repository/jakarta/ws/rs/jakarta.ws.rs-api/2.1.6/jakarta.ws.rs-api-2.1.6.jar:/home/runner/.m2/repository/org/eclipse/jetty/jetty-http/9.4.57.v20241219/jetty-http-9.4.57.v20241219.jar:/home/runner/.m2/repository/org/glassfish/jersey/containers/jersey-container-servlet-core/2.47/jersey-container-servlet-core-2.47.jar:/home/runner/.m2/repository/org/glassfish/jersey/core/jersey-server/2.47/jersey-server-2.47.jar:/home/runner/.m2/repository/org/glassfish/jersey/core/jersey-client/2.47/jersey-client-2.47.jar:/home/runner/.m2/repository/com/lmax/disruptor/3.4.4/disruptor-3.4.4.jar:/home/runner/.m2/repository/org/apache/logging/log4j/log4j-core/2.25.0/log4j-core-2.25.0.jar:/home/runner/work/ozone/ozone/hadoop-hdds/framework/target/hdds-server-framework-2.1.0-SNAPSHOT-tests.jar:/home/runner/work/ozone/ozone/hadoop-hdds/server-scm/target/hdds-server-scm-2.1.0-SNAPSHOT.jar:/home/runner/work/ozone/ozone/hadoop-hdds/server-scm/target/hdds-server-scm-2.1.0-SNAPSHOT-tests.jar:/home/runner/work/ozone/ozone/hadoop-hdds/test-utils/target/hdds-test-utils-2.1.0-SNAPSHOT-tests.jar:/home/runner/work/ozone/ozone/hadoop-ozone/cli-admin/target/ozone-cli-admin-2.1.0-SNAPSHOT.jar:/home/runner/work/ozone/ozone/hadoop-ozone/cli-shell/target/ozone-cli-shell-2.1.0-SNAPSHOT.jar:/home/runner/.m2/repository/info/picocli/picocli-shell-jline3/4.7.7/picocli-shell-jline3-4.7.7.jar:/home/runner/.m2/repository/org/jline/jline/3.30.4/jline-3.30.4.jar:/home/runner/work/ozone/ozone/hadoop-ozone/client/target/ozone-client-2.1.0-SNAPSHOT.jar:/home/runner/work/ozone/ozone/hadoop-ozone/common/target/ozone-common-2.1.0-SNAPSHOT.jar:/home/runner/.m2/repository/io/grpc/grpc-netty/1.71.0/grpc-netty-1.71.0.jar:/home/runner/.m2/repository/org/codehaus/mojo/animal-sniffer-annotations/1.24/animal-sniffer-annotations-1.24.jar:/home/runner/.m2/repository/io/grpc/grpc-core/1.71.0/grpc-core-1.71.0.jar:/home/runner/.m2/repository/com/google/android/annotations/4.1.1.4/annotations-4.1.1.4.jar:/home/runner/.m2/repository/io/grpc/grpc-context/1.71.0/grpc-context-1.71.0.jar:/home/runner/.m2/repository/io/perfmark/perfmark-api/0.27.0/perfmark-api-0.27.0.jar:/home/runner/.m2/repository/io/grpc/grpc-util/1.71.0/grpc-util-1.71.0.jar:/home/runner/.m2/repository/io/netty/netty-codec-http2/4.1.119.Final/netty-codec-http2-4.1.119.Final.jar:/home/runner/.m2/repository/io/netty/netty-handler-proxy/4.1.119.Final/netty-handler-proxy-4.1.119.Final.jar:/home/runner/.m2/repository/io/netty/netty-tcnative-boringssl-static/2.0.70.Final/netty-tcnative-boringssl-static-2.0.70.Final.jar:/home/runner/.m2/repository/io/netty/netty-tcnative-classes/2.0.70.Final/netty-tcnative-classes-2.0.70.Final.jar:/home/runner/.m2/repository/io/netty/netty-tcnative-boringssl-static/2.0.70.Final/netty-tcnative-boringssl-static-2.0.70.Final-linux-x86_64.jar:/home/runner/.m2/repository/io/netty/netty-tcnative-boringssl-static/2.0.70.Final/netty-tcnative-boringssl-static-2.0.70.Final-linux-aarch_64.jar:/home/runner/.m2/repository/io/netty/netty-tcnative-boringssl-static/2.0.70.Final/netty-tcnative-boringssl-static-2.0.70.Final-osx-x86_64.jar:/home/runner/.m2/repository/io/netty/netty-tcnative-boringssl-static/2.0.70.Final/netty-tcnative-boringssl-static-2.0.70.Final-osx-aarch_64.jar:/home/runner/.m2/repository/io/netty/netty-tcnative-boringssl-static/2.0.70.Final/netty-tcnative-boringssl-static-2.0.70.Final-windows-x86_64.jar:/home/runner/work/ozone/ozone/hadoop-ozone/csi/target/ozone-csi-2.1.0-SNAPSHOT.jar:/home/runner/.m2/repository/io/grpc/grpc-protobuf/1.71.0/grpc-protobuf-1.71.0.jar:/home/runner/.m2/repository/com/google/api/grpc/proto-google-common-protos/2.51.0/proto-google-common-protos-2.51.0.jar:/home/runner/.m2/repository/io/grpc/grpc-protobuf-lite/1.71.0/grpc-protobuf-lite-1.71.0.jar:/home/runner/.m2/repository/io/grpc/grpc-stub/1.71.0/grpc-stub-1.71.0.jar:/home/runner/.m2/repository/io/netty/netty-transport-classes-epoll/4.1.119.Final/netty-transport-classes-epoll-4.1.119.Final.jar:/home/runner/.m2/repository/io/netty/netty-transport-native-unix-common/4.1.119.Final/netty-transport-native-unix-common-4.1.119.Final.jar:/home/runner/.m2/repository/io/netty/netty-transport-native-epoll/4.1.119.Final/netty-transport-native-epoll-4.1.119.Final-linux-x86_64.jar:/home/runner/work/ozone/ozone/hadoop-ozone/ozonefs/target/ozone-filesystem-2.1.0-SNAPSHOT.jar:/home/runner/work/ozone/ozone/hadoop-ozone/ozonefs-common/target/ozone-filesystem-common-2.1.0-SNAPSHOT.jar:/home/runner/work/ozone/ozone/hadoop-ozone/freon/target/ozone-freon-2.1.0-SNAPSHOT.jar:/home/runner/.m2/repository/com/amazonaws/aws-java-sdk-core/1.12.661/aws-java-sdk-core-1.12.661.jar:/home/runner/.m2/repository/com/fasterxml/jackson/dataformat/jackson-dataformat-cbor/2.16.2/jackson-dataformat-cbor-2.16.2.jar:/home/runner/.m2/repository/joda-time/joda-time/2.12.7/joda-time-2.12.7.jar:/home/runner/.m2/repository/com/amazonaws/aws-java-sdk-s3/1.12.661/aws-java-sdk-s3-1.12.661.jar:/home/runner/.m2/repository/com/amazonaws/aws-java-sdk-kms/1.12.661/aws-java-sdk-kms-1.12.661.jar:/home/runner/.m2/repository/com/amazonaws/jmespath-java/1.12.661/jmespath-java-1.12.661.jar:/home/runner/work/ozone/ozone/hadoop-ozone/interface-client/target/ozone-interface-client-2.1.0-SNAPSHOT.jar:/home/runner/work/ozone/ozone/hadoop-ozone/interface-storage/target/ozone-interface-storage-2.1.0-SNAPSHOT.jar:/home/runner/work/ozone/ozone/hadoop-ozone/ozone-manager/target/ozone-manager-2.1.0-SNAPSHOT.jar:/home/runner/.m2/repository/com/sun/jersey/jersey-client/1.19.4/jersey-client-1.19.4.jar:/home/runner/.m2/repository/org/apache/ranger/ranger-plugins-common/2.6.0/ranger-plugins-common-2.6.0.jar:/home/runner/.m2/repository/com/fasterxml/jackson/jaxrs/jackson-jaxrs-base/2.16.2/jackson-jaxrs-base-2.16.2.jar:/home/runner/.m2/repository/com/kstruct/gethostname4j/1.0.0/gethostname4j-1.0.0.jar:/home/runner/.m2/repository/commons-lang/commons-lang/2.6/commons-lang-2.6.jar:/home/runner/.m2/repository/net/java/dev/jna/jna/5.2.0/jna-5.2.0.jar:/home/runner/.m2/repository/net/java/dev/jna/jna-platform/5.2.0/jna-platform-5.2.0.jar:/home/runner/.m2/repository/org/apache/ranger/ranger-plugin-classloader/2.6.0/ranger-plugin-classloader-2.6.0.jar:/home/runner/.m2/repository/org/apache/ranger/ranger-plugins-audit/2.6.0/ranger-plugins-audit-2.6.0.jar:/home/runner/.m2/repository/com/amazonaws/aws-java-sdk-logs/1.12.765/aws-java-sdk-logs-1.12.765.jar:/home/runner/.m2/repository/com/carrotsearch/hppc/0.8.0/hppc-0.8.0.jar:/home/runner/.m2/repository/io/airlift/aircompressor/0.27/aircompressor-0.27.jar:/home/runner/.m2/repository/org/apache/httpcomponents/httpasyncclient/4.1.4/httpasyncclient-4.1.4.jar:/home/runner/.m2/repository/org/apache/httpcomponents/httpcore-nio/4.4.16/httpcore-nio-4.4.16.jar:/home/runner/.m2/repository/org/apache/httpcomponents/httpmime/4.5.13/httpmime-4.5.13.jar:/home/runner/.m2/repository/org/apache/orc/orc-core/1.5.8/orc-core-1.5.8.jar:/home/runner/.m2/repository/org/apache/orc/orc-shims/1.5.8/orc-shims-1.5.8.jar:/home/runner/.m2/repository/org/apache/ranger/ranger-plugins-cred/2.6.0/ranger-plugins-cred-2.6.0.jar:/home/runner/.m2/repository/org/aspectj/aspectjrt/1.9.7/aspectjrt-1.9.7.jar:/home/runner/work/ozone/ozone/hadoop-ozone/ozone-manager/target/ozone-manager-2.1.0-SNAPSHOT-tests.jar:/home/runner/work/ozone/ozone/hadoop-ozone/mini-cluster/target/ozone-mini-cluster-2.1.0-SNAPSHOT.jar:/home/runner/work/ozone/ozone/hadoop-ozone/recon/target/ozone-recon-2.1.0-SNAPSHOT.jar:/home/runner/.m2/repository/aopalliance/aopalliance/1.0/aopalliance-1.0.jar:/home/runner/.m2/repository/com/google/inject/guice/6.0.0/guice-6.0.0.jar:/home/runner/.m2/repository/jakarta/inject/jakarta.inject-api/2.0.1/jakarta.inject-api-2.0.1.jar:/home/runner/.m2/repository/com/jolbox/bonecp/0.8.0.RELEASE/bonecp-0.8.0.RELEASE.jar:/home/runner/.m2/repository/jakarta/validation/jakarta.validation-api/2.0.2/jakarta.validation-api-2.0.2.jar:/home/runner/.m2/repository/javax/annotation/javax.annotation-api/1.3.2/javax.annotation-api-1.3.2.jar:/home/runner/.m2/repository/javax/inject/javax.inject/1/javax.inject-1.jar:/home/runner/.m2/repository/org/apache/derby/derby/10.14.2.0/derby-10.14.2.0.jar:/home/runner/.m2/repository/org/glassfish/hk2/guice-bridge/2.6.1/guice-bridge-2.6.1.jar:/home/runner/.m2/repository/org/glassfish/hk2/hk2-api/2.6.1/hk2-api-2.6.1.jar:/home/runner/.m2/repository/org/glassfish/hk2/hk2-utils/2.6.1/hk2-utils-2.6.1.jar:/home/runner/.m2/repository/org/glassfish/hk2/external/aopalliance-repackaged/2.6.1/aopalliance-repackaged-2.6.1.jar:/home/runner/.m2/repository/org/glassfish/jersey/core/jersey-common/2.47/jersey-common-2.47.jar:/home/runner/.m2/repository/org/glassfish/hk2/osgi-resource-locator/1.0.3/osgi-resource-locator-1.0.3.jar:/home/runner/.m2/repository/org/jooq/jooq/3.11.10/jooq-3.11.10.jar:/home/runner/.m2/repository/org/springframework/spring-core/5.3.39/spring-core-5.3.39.jar:/home/runner/.m2/repository/org/springframework/spring-jdbc/5.3.39/spring-jdbc-5.3.39.jar:/home/runner/.m2/repository/org/springframework/spring-beans/5.3.39/spring-beans-5.3.39.jar:/home/runner/.m2/repository/org/springframework/spring-tx/5.3.39/spring-tx-5.3.39.jar:/home/runner/.m2/repository/org/xerial/sqlite-jdbc/3.50.2.0/sqlite-jdbc-3.50.2.0.jar:/home/runner/.m2/repository/com/google/inject/extensions/guice-assistedinject/6.0.0/guice-assistedinject-6.0.0.jar:/home/runner/.m2/repository/org/glassfish/hk2/external/jakarta.inject/2.6.1/jakarta.inject-2.6.1.jar:/home/runner/.m2/repository/org/glassfish/jersey/inject/jersey-hk2/2.47/jersey-hk2-2.47.jar:/home/runner/.m2/repository/org/glassfish/hk2/hk2-locator/2.6.1/hk2-locator-2.6.1.jar:/home/runner/.m2/repository/org/glassfish/jersey/media/jersey-media-jaxb/2.47/jersey-media-jaxb-2.47.jar:/home/runner/.m2/repository/org/glassfish/jersey/media/jersey-media-json-jackson/2.47/jersey-media-json-jackson-2.47.jar:/home/runner/.m2/repository/org/glassfish/jersey/ext/jersey-entity-filtering/2.47/jersey-entity-filtering-2.47.jar:/home/runner/work/ozone/ozone/hadoop-ozone/recon-codegen/target/ozone-reconcodegen-2.1.0-SNAPSHOT.jar:/home/runner/.m2/repository/org/jooq/jooq-codegen/3.11.10/jooq-codegen-3.11.10.jar:/home/runner/.m2/repository/org/jooq/jooq-meta/3.11.10/jooq-meta-3.11.10.jar:/home/runner/work/ozone/ozone/hadoop-ozone/s3gateway/target/ozone-s3gateway-2.1.0-SNAPSHOT.jar:/home/runner/work/ozone/ozone/hadoop-ozone/tools/target/ozone-tools-2.1.0-SNAPSHOT.jar:/home/runner/.m2/repository/com/github/vlsi/mxgraph/jgraphx/3.9.12/jgraphx-3.9.12.jar:/home/runner/.m2/repository/org/apache/ratis/ratis-shell/3.2.0/ratis-shell-3.2.0.jar:/home/runner/.m2/repository/org/apache/ratis/ratis-tools/3.2.0/ratis-tools-3.2.0.jar:/home/runner/.m2/repository/org/jgrapht/jgrapht-core/1.4.0/jgrapht-core-1.4.0.jar:/home/runner/.m2/repository/org/jheaps/jheaps/0.11/jheaps-0.11.jar:/home/runner/.m2/repository/org/jgrapht/jgrapht-ext/1.4.0/jgrapht-ext-1.4.0.jar:/home/runner/work/ozone/ozone/hadoop-hdds/rocksdb-checkpoint-differ/target/rocksdb-checkpoint-differ-2.1.0-SNAPSHOT.jar:/home/runner/.m2/repository/org/apache/ranger/ranger-intg/2.6.0/ranger-intg-2.6.0.jar:/home/runner/.m2/repository/org/apache/ratis/ratis-client/3.2.0/ratis-client-3.2.0.jar:/home/runner/.m2/repository/org/apache/ratis/ratis-common/3.2.0/ratis-common-3.2.0.jar:/home/runner/.m2/repository/org/apache/ratis/ratis-grpc/3.2.0/ratis-grpc-3.2.0.jar:/home/runner/.m2/repository/org/apache/ratis/ratis-metrics-api/3.2.0/ratis-metrics-api-3.2.0.jar:/home/runner/.m2/repository/org/apache/ratis/ratis-proto/3.2.0/ratis-proto-3.2.0.jar:/home/runner/.m2/repository/org/apache/ratis/ratis-server/3.2.0/ratis-server-3.2.0.jar:/home/runner/.m2/repository/org/apache/ratis/ratis-server-api/3.2.0/ratis-server-api-3.2.0.jar:/home/runner/.m2/repository/org/apache/ratis/ratis-thirdparty-misc/1.0.9/ratis-thirdparty-misc-1.0.9.jar:/home/runner/.m2/repository/org/bouncycastle/bcpkix-jdk18on/1.81/bcpkix-jdk18on-1.81.jar:/home/runner/.m2/repository/org/bouncycastle/bcutil-jdk18on/1.81/bcutil-jdk18on-1.81.jar:/home/runner/.m2/repository/org/hamcrest/hamcrest/2.2/hamcrest-2.2.jar:/home/runner/.m2/repository/org/reflections/reflections/0.10.2/reflections-0.10.2.jar:/home/runner/.m2/repository/org/javassist/javassist/3.30.2-GA/javassist-3.30.2-GA.jar:/home/runner/.m2/repository/org/rocksdb/rocksdbjni/7.7.3/rocksdbjni-7.7.3.jar:/home/runner/.m2/repository/org/slf4j/jul-to-slf4j/2.0.17/jul-to-slf4j-2.0.17.jar:/home/runner/.m2/repository/org/slf4j/slf4j-api/2.0.17/slf4j-api-2.0.17.jar:/home/runner/.m2/repository/org/assertj/assertj-core/3.27.3/assertj-core-3.27.3.jar:/home/runner/.m2/repository/net/bytebuddy/byte-buddy/1.15.11/byte-buddy-1.15.11.jar:/home/runner/.m2/repository/org/junit/jupiter/junit-jupiter-api/5.13.3/junit-jupiter-api-5.13.3.jar:/home/runner/.m2/repository/org/opentest4j/opentest4j/1.3.0/opentest4j-1.3.0.jar:/home/runner/.m2/repository/org/junit/platform/junit-platform-commons/1.13.3/junit-platform-commons-1.13.3.jar:/home/runner/.m2/repository/org/apiguardian/apiguardian-api/1.1.2/apiguardian-api-1.1.2.jar:/home/runner/.m2/repository/org/junit/jupiter/junit-jupiter-params/5.13.3/junit-jupiter-params-5.13.3.jar:/home/runner/.m2/repository/org/mockito/mockito-core/4.11.0/mockito-core-4.11.0.jar:/home/runner/.m2/repository/net/bytebuddy/byte-buddy-agent/1.12.19/byte-buddy-agent-1.12.19.jar:/home/runner/.m2/repository/org/objenesis/objenesis/3.3/objenesis-3.3.jar:/home/runner/.m2/repository/org/mockito/mockito-inline/4.11.0/mockito-inline-4.11.0.jar:/home/runner/.m2/repository/org/mockito/mockito-junit-jupiter/4.11.0/mockito-junit-jupiter-4.11.0.jar:/home/runner/work/ozone/ozone/hadoop-ozone/integration-test/target/gradle-enterprise/test-listeners.jar:"/>
    <property name="sun.cpu.endian" value="little"/>
    <property name="user.home" value="/home/runner"/>
    <property name="user.language" value="en"/>
    <property name="java.specification.vendor" value="Oracle Corporation"/>
    <property name="skipRecon" value="true"/>
    <property name="java.version.date" value="2025-04-15"/>
    <property name="java.home" value="/usr/lib/jvm/temurin-21-jdk-amd64"/>
    <property name="java.security.krb5.conf" value="/home/runner/work/ozone/ozone/hadoop-ozone/integration-test/target/test-classes/krb5.conf"/>
    <property name="file.separator" value="/"/>
    <property name="basedir" value="/home/runner/work/ozone/ozone/hadoop-ozone/integration-test"/>
    <property name="java.vm.compressedOopsMode" value="Zero based"/>
    <property name="line.separator" value="&#10;"/>
    <property name="java.vm.specification.vendor" value="Oracle Corporation"/>
    <property name="java.specification.name" value="Java Platform API Specification"/>
    <property name="surefire.real.class.path" value="/home/runner/work/ozone/ozone/hadoop-ozone/integration-test/target/surefire/surefirebooter-20250717094130592_1081.jar"/>
    <property name="hadoop.log.dir" value="/home/runner/work/ozone/ozone/hadoop-ozone/integration-test/target/log"/>
    <property name="sun.management.compiler" value="HotSpot 64-Bit Tiered Compilers"/>
    <property name="skipShade" value="true"/>
    <property name="java.runtime.version" value="21.0.7+6-LTS"/>
    <property name="user.name" value="runner"/>
    <property name="java.net.preferIPv4Stack" value="true"/>
    <property name="stdout.encoding" value="UTF-8"/>
    <property name="path.separator" value=":"/>
    <property name="java.security.egd" value="file:///dev/urandom"/>
    <property name="os.version" value="6.11.0-1018-azure"/>
    <property name="java.runtime.name" value="OpenJDK Runtime Environment"/>
    <property name="com.gradle.maven.scan.extension.test.listener.junitplatform.NestedExecutionSafeDelegatingTestExecutionListener" value="1bb1fde8"/>
    <property name="file.encoding" value="UTF-8"/>
    <property name="java.vm.name" value="OpenJDK 64-Bit Server VM"/>
    <property name="rocks_tools_native" value="true"/>
    <property name="java.vendor.version" value="Temurin-21.0.7+6"/>
    <property name="test.build.webapps" value=""/>
    <property name="develocity.listener.surefire.forkId" value="1"/>
    <property name="localRepository" value="/home/runner/.m2/repository"/>
    <property name="java.vendor.url.bug" value="https://github.com/adoptium/adoptium-support/issues"/>
    <property name="jetty.git.hash" value="df524e6b29271c2e09ba9aea83c18dc9db464a31"/>
    <property name="java.io.tmpdir" value="/tmp"/>
    <property name="require.test.libhadoop" value=""/>
    <property name="java.version" value="21.0.7"/>
    <property name="user.dir" value="/home/runner/work/ozone/ozone/hadoop-ozone/integration-test"/>
    <property name="os.arch" value="amd64"/>
    <property name="java.vm.specification.name" value="Java Virtual Machine Specification"/>
    <property name="test.build.classes" value="/home/runner/work/ozone/ozone/hadoop-ozone/integration-test/target/test-classes"/>
    <property name="org.apache.ratis.thirdparty.io.netty.allocator.useCacheForAllThreads" value="false"/>
    <property name="native.encoding" value="UTF-8"/>
    <property name="hadoop.tmp.dir" value="/home/runner/work/ozone/ozone/hadoop-ozone/integration-test/target/tmp"/>
    <property name="java.library.path" value="/usr/java/packages/lib:/usr/lib64:/lib64:/lib:/usr/lib"/>
    <property name="java.vm.info" value="mixed mode, sharing"/>
    <property name="stderr.encoding" value="UTF-8"/>
    <property name="java.vendor" value="Eclipse Adoptium"/>
    <property name="java.vm.version" value="21.0.7+6-LTS"/>
    <property name="sun.io.unicode.encoding" value="UnicodeLittle"/>
    <property name="develocity.listener.port" value="42433"/>
    <property name="java.class.version" value="65.0"/>
  </properties>
  <testcase name="testCreateEC" classname="org.apache.ozone.test.NonHATests$ContainerOperations" time="0.019">
    <system-out><![CDATA[2025-07-17 10:08:22,539 [main] INFO  proxy.SCMContainerLocationFailoverProxyProvider (SCMFailoverProxyProviderBase.java:<init>(120)) - Created fail-over proxy for protocol StorageContainerLocationProtocolPB with 1 nodes: [nodeId=scmNodeId,nodeAddress=/0.0.0.0:15000]
2025-07-17 10:08:22,539 [main] INFO  proxy.SecretKeyProtocolFailoverProxyProvider (SCMFailoverProxyProviderBase.java:<init>(120)) - Created fail-over proxy for protocol SecretKeyProtocolScmPB with 1 nodes: [nodeId=scmNodeId,nodeAddress=/0.0.0.0:9961]
2025-07-17 10:08:22,559 [FixedThreadPoolWithAffinityExecutor-9-0] ERROR report.ContainerReportValidator$ECReplicaValidator (ContainerReportValidator.java:validate(71)) - ContainerReplicaReport for ContainerID: 67 in Datanode: c064cb97-b0d4-4999-8a53-4476ef6c9df7(localhost/127.0.0.1) failed. Replica Index should be between 1 and 5. Given Replica Index: 0
]]></system-out>
  </testcase>
  <testcase name="testCreateRatis" classname="org.apache.ozone.test.NonHATests$ContainerOperations" time="3.234">
    <system-out><![CDATA[2025-07-17 10:08:22,561 [IPC Server handler 13 on default port 15000] INFO  pipeline.RatisPipelineProvider (RatisPipelineProvider.java:lambda$create$0(208)) - Sending CreatePipelineCommand for pipeline:Pipeline-bc69a121-125a-4a8f-a312-024c0939026e to datanode:c064cb97-b0d4-4999-8a53-4476ef6c9df7(localhost/127.0.0.1)
2025-07-17 10:08:22,561 [IPC Server handler 13 on default port 15000] INFO  pipeline.RatisPipelineProvider (RatisPipelineProvider.java:lambda$create$0(208)) - Sending CreatePipelineCommand for pipeline:Pipeline-bc69a121-125a-4a8f-a312-024c0939026e to datanode:37754dfa-c736-40ed-ad20-c0e05bb1c167(localhost/127.0.0.1)
2025-07-17 10:08:22,561 [IPC Server handler 13 on default port 15000] INFO  pipeline.RatisPipelineProvider (RatisPipelineProvider.java:lambda$create$0(208)) - Sending CreatePipelineCommand for pipeline:Pipeline-bc69a121-125a-4a8f-a312-024c0939026e to datanode:628294af-df22-4587-a03c-3d260cac0b0d(localhost/127.0.0.1)
2025-07-17 10:08:23,438 [37754dfa-c736-40ed-ad20-c0e05bb1c167-CloseContainerThread-0] WARN  keyvalue.KeyValueHandler (KeyValueHandler.java:updateAndGetContainerChecksum(1451)) - Container data checksum updated from 0 to b9e73c0b
2025-07-17 10:08:23,439 [37754dfa-c736-40ed-ad20-c0e05bb1c167-CloseContainerThread-1] WARN  keyvalue.KeyValueHandler (KeyValueHandler.java:updateAndGetContainerChecksum(1451)) - Container data checksum updated from 0 to 2f9d4286
2025-07-17 10:08:23,441 [37754dfa-c736-40ed-ad20-c0e05bb1c167-CloseContainerThread-2] WARN  keyvalue.KeyValueHandler (KeyValueHandler.java:updateAndGetContainerChecksum(1451)) - Container data checksum updated from 0 to 1a853645
2025-07-17 10:08:23,443 [37754dfa-c736-40ed-ad20-c0e05bb1c167-CloseContainerThread-0] INFO  commandhandler.CloseContainerCommandHandler (CloseContainerCommandHandler.java:lambda$handle$0(154)) - Follower cannot close container #28.
2025-07-17 10:08:23,444 [37754dfa-c736-40ed-ad20-c0e05bb1c167-CloseContainerThread-0] INFO  commandhandler.CloseContainerCommandHandler (CloseContainerCommandHandler.java:lambda$handle$0(105)) - Container #31 does not exist in datanode. Its pipeline may have closed before it was created. Container close failed.
2025-07-17 10:08:23,444 [37754dfa-c736-40ed-ad20-c0e05bb1c167-CloseContainerThread-0] INFO  commandhandler.CloseContainerCommandHandler (CloseContainerCommandHandler.java:lambda$handle$0(105)) - Container #32 does not exist in datanode. Its pipeline may have closed before it was created. Container close failed.
2025-07-17 10:08:23,444 [37754dfa-c736-40ed-ad20-c0e05bb1c167-CloseContainerThread-0] INFO  commandhandler.CloseContainerCommandHandler (CloseContainerCommandHandler.java:lambda$handle$0(105)) - Container #33 does not exist in datanode. Its pipeline may have closed before it was created. Container close failed.
2025-07-17 10:08:23,444 [grpc-default-executor-1] INFO  server.RaftServer (RaftServerProxy.java:remove(116)) - e99ca97a-533a-4131-8ecb-8bb1e7dd9d89: remove  FOLLOWER (RUNNING): e99ca97a-533a-4131-8ecb-8bb1e7dd9d89@group-5535B6D3DCF1:t1, leader=c064cb97-b0d4-4999-8a53-4476ef6c9df7, voted=c064cb97-b0d4-4999-8a53-4476ef6c9df7, raftlog=Memoized:e99ca97a-533a-4131-8ecb-8bb1e7dd9d89@group-5535B6D3DCF1-SegmentedRaftLog:OPENED:c793:last(t:1, i:793), conf=conf: {index: 0, cur=peers:[e99ca97a-533a-4131-8ecb-8bb1e7dd9d89|127.0.0.1:15031, 37754dfa-c736-40ed-ad20-c0e05bb1c167|127.0.0.1:15023, c064cb97-b0d4-4999-8a53-4476ef6c9df7|127.0.0.1:15015]|listeners:[], old=null}
2025-07-17 10:08:23,444 [37754dfa-c736-40ed-ad20-c0e05bb1c167-CloseContainerThread-0] INFO  commandhandler.CloseContainerCommandHandler (CloseContainerCommandHandler.java:lambda$handle$0(105)) - Container #34 does not exist in datanode. Its pipeline may have closed before it was created. Container close failed.
2025-07-17 10:08:23,445 [37754dfa-c736-40ed-ad20-c0e05bb1c167-CloseContainerThread-0] INFO  commandhandler.CloseContainerCommandHandler (CloseContainerCommandHandler.java:lambda$handle$0(105)) - Container #35 does not exist in datanode. Its pipeline may have closed before it was created. Container close failed.
2025-07-17 10:08:23,446 [grpc-default-executor-7] WARN  server.RaftServer (RaftServerProxy.java:remove(111)) - e99ca97a-533a-4131-8ecb-8bb1e7dd9d89: does not contain group: group-5535B6D3DCF1
2025-07-17 10:08:23,446 [grpc-default-executor-7] WARN  server.GrpcAdminProtocolService (GrpcAdminProtocolService.java:lambda$groupManagement$1(53)) - Failed groupManagement: GROUPREMOVE, GroupManagementRequest:client-482287FE9A7C->e99ca97a-533a-4131-8ecb-8bb1e7dd9d89@group-5535B6D3DCF1, cid=674, seq=null, RW, null, Remove:group-5535B6D3DCF1, delete-dir
org.apache.ratis.protocol.exceptions.GroupMismatchException: e99ca97a-533a-4131-8ecb-8bb1e7dd9d89: Group group-5535B6D3DCF1 not found.
	at org.apache.ratis.server.impl.RaftServerProxy.groupRemoveAsync(RaftServerProxy.java:548)
	at org.apache.ratis.server.impl.RaftServerProxy.groupManagementAsync(RaftServerProxy.java:499)
	at org.apache.ratis.grpc.server.GrpcAdminProtocolService.lambda$groupManagement$0(GrpcAdminProtocolService.java:51)
	at org.apache.ratis.grpc.GrpcUtil.asyncCall(GrpcUtil.java:172)
	at org.apache.ratis.grpc.server.GrpcAdminProtocolService.groupManagement(GrpcAdminProtocolService.java:51)
	at org.apache.ratis.proto.grpc.AdminProtocolServiceGrpc$MethodHandlers.invoke(AdminProtocolServiceGrpc.java:701)
	at org.apache.ratis.thirdparty.io.grpc.stub.ServerCalls$UnaryServerCallHandler$UnaryServerCallListener.onHalfClose(ServerCalls.java:182)
	at org.apache.ratis.thirdparty.io.grpc.internal.ServerCallImpl$ServerStreamListenerImpl.halfClosed(ServerCallImpl.java:356)
	at org.apache.ratis.thirdparty.io.grpc.internal.ServerImpl$JumpToApplicationThreadServerStreamListener$1HalfClosed.runInContext(ServerImpl.java:861)
	at org.apache.ratis.thirdparty.io.grpc.internal.ContextRunnable.run(ContextRunnable.java:37)
	at org.apache.ratis.thirdparty.io.grpc.internal.SerializingExecutor.run(SerializingExecutor.java:133)
	at java.base/java.util.concurrent.ThreadPoolExecutor.runWorker(ThreadPoolExecutor.java:1144)
	at java.base/java.util.concurrent.ThreadPoolExecutor$Worker.run(ThreadPoolExecutor.java:642)
	at java.base/java.lang.Thread.run(Thread.java:1583)
2025-07-17 10:08:23,446 [37754dfa-c736-40ed-ad20-c0e05bb1c167-ContainerOp-ea7e1834-822a-40dd-81f9-623e923ac4dd-9] INFO  keyvalue.KeyValueContainer (KeyValueContainer.java:flushAndSyncDB(514)) - Synced container: KeyValueContainerData #16 (CLOSING, non-empty, ri=0, origin=[dn_37754dfa-c736-40ed-ad20-c0e05bb1c167, pipeline_ea7e1834-822a-40dd-81f9-623e923ac4dd])
2025-07-17 10:08:23,447 [37754dfa-c736-40ed-ad20-c0e05bb1c167-ContainerOp-ea7e1834-822a-40dd-81f9-623e923ac4dd-9] INFO  keyvalue.KeyValueContainer (KeyValueContainer.java:flushAndSyncDB(514)) - Synced container: KeyValueContainerData #16 (CLOSING, non-empty, ri=0, origin=[dn_37754dfa-c736-40ed-ad20-c0e05bb1c167, pipeline_ea7e1834-822a-40dd-81f9-623e923ac4dd])
2025-07-17 10:08:23,446 [37754dfa-c736-40ed-ad20-c0e05bb1c167-ContainerOp-ea7e1834-822a-40dd-81f9-623e923ac4dd-0] INFO  keyvalue.KeyValueContainer (KeyValueContainer.java:flushAndSyncDB(514)) - Synced container: KeyValueContainerData #12 (CLOSING, non-empty, ri=0, origin=[dn_37754dfa-c736-40ed-ad20-c0e05bb1c167, pipeline_ea7e1834-822a-40dd-81f9-623e923ac4dd])
2025-07-17 10:08:23,447 [37754dfa-c736-40ed-ad20-c0e05bb1c167-ContainerOp-ea7e1834-822a-40dd-81f9-623e923ac4dd-0] INFO  keyvalue.KeyValueContainer (KeyValueContainer.java:flushAndSyncDB(514)) - Synced container: KeyValueContainerData #12 (CLOSING, non-empty, ri=0, origin=[dn_37754dfa-c736-40ed-ad20-c0e05bb1c167, pipeline_ea7e1834-822a-40dd-81f9-623e923ac4dd])
2025-07-17 10:08:23,448 [grpc-default-executor-1] INFO  server.RaftServer$Division (RaftServerImpl.java:lambda$close$1(527)) - e99ca97a-533a-4131-8ecb-8bb1e7dd9d89@group-5535B6D3DCF1: shutdown
2025-07-17 10:08:23,448 [grpc-default-executor-1] INFO  util.JmxRegister (JmxRegister.java:unregister(74)) - Successfully un-registered JMX Bean with object name Ratis:service=RaftServer,group=group-5535B6D3DCF1,id=e99ca97a-533a-4131-8ecb-8bb1e7dd9d89
2025-07-17 10:08:23,448 [grpc-default-executor-1] INFO  impl.RoleInfo (RoleInfo.java:shutdownFollowerState(121)) - e99ca97a-533a-4131-8ecb-8bb1e7dd9d89: shutdown e99ca97a-533a-4131-8ecb-8bb1e7dd9d89@group-5535B6D3DCF1-FollowerState
2025-07-17 10:08:23,448 [grpc-default-executor-1] INFO  impl.StateMachineUpdater (StateMachineUpdater.java:stopAndJoin(163)) - e99ca97a-533a-4131-8ecb-8bb1e7dd9d89@group-5535B6D3DCF1-StateMachineUpdater: set stopIndex = 793
2025-07-17 10:08:23,449 [e99ca97a-533a-4131-8ecb-8bb1e7dd9d89@group-5535B6D3DCF1-StateMachineUpdater] INFO  ratis.ContainerStateMachine (ContainerStateMachine.java:takeSnapshot(427)) - group-5535B6D3DCF1: Taking a snapshot at:(t:1, i:793) file /home/runner/work/ozone/ozone/hadoop-ozone/integration-test/target/test-dir/MiniOzoneClusterImpl-23131a72-7b0b-4764-8300-fa1f685ccd15/ozone-meta/datanode-3/ratis/1a66105a-c72f-49db-9ccd-5535b6d3dcf1/sm/snapshot.1_793
2025-07-17 10:08:23,452 [e99ca97a-533a-4131-8ecb-8bb1e7dd9d89@group-5535B6D3DCF1-FollowerState] INFO  impl.FollowerState (FollowerState.java:runImpl(170)) - e99ca97a-533a-4131-8ecb-8bb1e7dd9d89@group-5535B6D3DCF1-FollowerState was interrupted
2025-07-17 10:08:23,454 [37754dfa-c736-40ed-ad20-c0e05bb1c167-ContainerOp-ea7e1834-822a-40dd-81f9-623e923ac4dd-9] INFO  keyvalue.KeyValueContainer (KeyValueContainer.java:close(430)) - Closed container: KeyValueContainerData #16 (CLOSED, non-empty, ri=0, origin=[dn_37754dfa-c736-40ed-ad20-c0e05bb1c167, pipeline_ea7e1834-822a-40dd-81f9-623e923ac4dd])
2025-07-17 10:08:23,454 [37754dfa-c736-40ed-ad20-c0e05bb1c167-ContainerOp-ea7e1834-822a-40dd-81f9-623e923ac4dd-0] INFO  keyvalue.KeyValueContainer (KeyValueContainer.java:close(430)) - Closed container: KeyValueContainerData #12 (CLOSED, non-empty, ri=0, origin=[dn_37754dfa-c736-40ed-ad20-c0e05bb1c167, pipeline_ea7e1834-822a-40dd-81f9-623e923ac4dd])
2025-07-17 10:08:23,456 [FixedThreadPoolWithAffinityExecutor-0-0] INFO  container.IncrementalContainerReportHandler (AbstractContainerReportHandler.java:updateContainerState(289)) - CLOSE Container #16 (CLOSING, sid=5) r0 (CLOSED, bcsid=5, origin=37754dfa-c736-40ed-ad20-c0e05bb1c167, non-empty) from dn 37754dfa-c736-40ed-ad20-c0e05bb1c167(localhost/127.0.0.1)
2025-07-17 10:08:23,460 [FixedThreadPoolWithAffinityExecutor-0-0] INFO  container.IncrementalContainerReportHandler (AbstractContainerReportHandler.java:updateContainerState(289)) - CLOSE Container #12 (CLOSING, sid=8) r0 (CLOSED, bcsid=8, origin=37754dfa-c736-40ed-ad20-c0e05bb1c167, non-empty) from dn 37754dfa-c736-40ed-ad20-c0e05bb1c167(localhost/127.0.0.1)
2025-07-17 10:08:23,470 [grpc-default-executor-7] INFO  server.RaftServer (RaftServerProxy.java:remove(116)) - 37754dfa-c736-40ed-ad20-c0e05bb1c167: remove  FOLLOWER (RUNNING): 37754dfa-c736-40ed-ad20-c0e05bb1c167@group-5535B6D3DCF1:t1, leader=c064cb97-b0d4-4999-8a53-4476ef6c9df7, voted=c064cb97-b0d4-4999-8a53-4476ef6c9df7, raftlog=Memoized:37754dfa-c736-40ed-ad20-c0e05bb1c167@group-5535B6D3DCF1-SegmentedRaftLog:OPENED:c793:last(t:1, i:793), conf=conf: {index: 0, cur=peers:[e99ca97a-533a-4131-8ecb-8bb1e7dd9d89|127.0.0.1:15031, 37754dfa-c736-40ed-ad20-c0e05bb1c167|127.0.0.1:15023, c064cb97-b0d4-4999-8a53-4476ef6c9df7|127.0.0.1:15015]|listeners:[], old=null}
2025-07-17 10:08:23,471 [grpc-default-executor-7] INFO  server.RaftServer$Division (RaftServerImpl.java:lambda$close$1(527)) - 37754dfa-c736-40ed-ad20-c0e05bb1c167@group-5535B6D3DCF1: shutdown
2025-07-17 10:08:23,471 [grpc-default-executor-7] INFO  util.JmxRegister (JmxRegister.java:unregister(74)) - Successfully un-registered JMX Bean with object name Ratis:service=RaftServer,group=group-5535B6D3DCF1,id=37754dfa-c736-40ed-ad20-c0e05bb1c167
2025-07-17 10:08:23,472 [grpc-default-executor-7] INFO  impl.RoleInfo (RoleInfo.java:shutdownFollowerState(121)) - 37754dfa-c736-40ed-ad20-c0e05bb1c167: shutdown 37754dfa-c736-40ed-ad20-c0e05bb1c167@group-5535B6D3DCF1-FollowerState
2025-07-17 10:08:23,472 [grpc-default-executor-7] INFO  impl.StateMachineUpdater (StateMachineUpdater.java:stopAndJoin(163)) - 37754dfa-c736-40ed-ad20-c0e05bb1c167@group-5535B6D3DCF1-StateMachineUpdater: set stopIndex = 793
2025-07-17 10:08:23,472 [37754dfa-c736-40ed-ad20-c0e05bb1c167@group-5535B6D3DCF1-FollowerState] INFO  impl.FollowerState (FollowerState.java:runImpl(170)) - 37754dfa-c736-40ed-ad20-c0e05bb1c167@group-5535B6D3DCF1-FollowerState was interrupted
2025-07-17 10:08:23,473 [37754dfa-c736-40ed-ad20-c0e05bb1c167@group-5535B6D3DCF1-StateMachineUpdater] INFO  ratis.ContainerStateMachine (ContainerStateMachine.java:takeSnapshot(427)) - group-5535B6D3DCF1: Taking a snapshot at:(t:1, i:793) file /home/runner/work/ozone/ozone/hadoop-ozone/integration-test/target/test-dir/MiniOzoneClusterImpl-23131a72-7b0b-4764-8300-fa1f685ccd15/ozone-meta/datanode-2/ratis/1a66105a-c72f-49db-9ccd-5535b6d3dcf1/sm/snapshot.1_793
2025-07-17 10:08:23,478 [37754dfa-c736-40ed-ad20-c0e05bb1c167@group-5535B6D3DCF1-StateMachineUpdater] INFO  ratis.ContainerStateMachine (ContainerStateMachine.java:takeSnapshot(436)) - group-5535B6D3DCF1: Finished taking a snapshot at:(t:1, i:793) file:/home/runner/work/ozone/ozone/hadoop-ozone/integration-test/target/test-dir/MiniOzoneClusterImpl-23131a72-7b0b-4764-8300-fa1f685ccd15/ozone-meta/datanode-2/ratis/1a66105a-c72f-49db-9ccd-5535b6d3dcf1/sm/snapshot.1_793 took: 5 ms
2025-07-17 10:08:23,478 [e99ca97a-533a-4131-8ecb-8bb1e7dd9d89@group-5535B6D3DCF1-StateMachineUpdater] INFO  ratis.ContainerStateMachine (ContainerStateMachine.java:takeSnapshot(436)) - group-5535B6D3DCF1: Finished taking a snapshot at:(t:1, i:793) file:/home/runner/work/ozone/ozone/hadoop-ozone/integration-test/target/test-dir/MiniOzoneClusterImpl-23131a72-7b0b-4764-8300-fa1f685ccd15/ozone-meta/datanode-3/ratis/1a66105a-c72f-49db-9ccd-5535b6d3dcf1/sm/snapshot.1_793 took: 29 ms
2025-07-17 10:08:23,479 [37754dfa-c736-40ed-ad20-c0e05bb1c167@group-5535B6D3DCF1-StateMachineUpdater] INFO  impl.StateMachineUpdater (StateMachineUpdater.java:takeSnapshot(307)) - 37754dfa-c736-40ed-ad20-c0e05bb1c167@group-5535B6D3DCF1-StateMachineUpdater: Took a snapshot at index 793
2025-07-17 10:08:23,479 [37754dfa-c736-40ed-ad20-c0e05bb1c167@group-5535B6D3DCF1-StateMachineUpdater] INFO  impl.StateMachineUpdater (StateMachineUpdater.java:lambda$new$0(101)) - 37754dfa-c736-40ed-ad20-c0e05bb1c167@group-5535B6D3DCF1-StateMachineUpdater: snapshotIndex: updateIncreasingly -1 -> 793
2025-07-17 10:08:23,479 [37754dfa-c736-40ed-ad20-c0e05bb1c167@group-5535B6D3DCF1-StateMachineUpdater] INFO  impl.StateMachineUpdater (StateMachineUpdater.java:stop(140)) - 37754dfa-c736-40ed-ad20-c0e05bb1c167@group-5535B6D3DCF1-StateMachineUpdater: closing ContainerStateMachine, lastApplied=(t:1, i:793)
2025-07-17 10:08:23,480 [37754dfa-c736-40ed-ad20-c0e05bb1c167@group-5535B6D3DCF1-cacheEviction-AwaitToRun] INFO  util.AwaitToRun (AwaitToRun.java:run(49)) - 37754dfa-c736-40ed-ad20-c0e05bb1c167@group-5535B6D3DCF1-cacheEviction-AwaitToRun-AwaitForSignal is interrupted
2025-07-17 10:08:23,480 [e99ca97a-533a-4131-8ecb-8bb1e7dd9d89@group-5535B6D3DCF1-StateMachineUpdater] INFO  impl.StateMachineUpdater (StateMachineUpdater.java:takeSnapshot(307)) - e99ca97a-533a-4131-8ecb-8bb1e7dd9d89@group-5535B6D3DCF1-StateMachineUpdater: Took a snapshot at index 793
2025-07-17 10:08:23,480 [e99ca97a-533a-4131-8ecb-8bb1e7dd9d89@group-5535B6D3DCF1-StateMachineUpdater] INFO  impl.StateMachineUpdater (StateMachineUpdater.java:lambda$new$0(101)) - e99ca97a-533a-4131-8ecb-8bb1e7dd9d89@group-5535B6D3DCF1-StateMachineUpdater: snapshotIndex: updateIncreasingly -1 -> 793
2025-07-17 10:08:23,480 [e99ca97a-533a-4131-8ecb-8bb1e7dd9d89@group-5535B6D3DCF1-StateMachineUpdater] INFO  impl.StateMachineUpdater (StateMachineUpdater.java:stop(140)) - e99ca97a-533a-4131-8ecb-8bb1e7dd9d89@group-5535B6D3DCF1-StateMachineUpdater: closing ContainerStateMachine, lastApplied=(t:1, i:793)
2025-07-17 10:08:23,481 [e99ca97a-533a-4131-8ecb-8bb1e7dd9d89@group-5535B6D3DCF1-cacheEviction-AwaitToRun] INFO  util.AwaitToRun (AwaitToRun.java:run(49)) - e99ca97a-533a-4131-8ecb-8bb1e7dd9d89@group-5535B6D3DCF1-cacheEviction-AwaitToRun-AwaitForSignal is interrupted
2025-07-17 10:08:23,685 [69cfce57-590a-4f19-b95c-fe2b1b8ae052-CloseContainerThread-1] INFO  commandhandler.CloseContainerCommandHandler (CloseContainerCommandHandler.java:lambda$handle$0(105)) - Container #31 does not exist in datanode. Its pipeline may have closed before it was created. Container close failed.
2025-07-17 10:08:23,685 [69cfce57-590a-4f19-b95c-fe2b1b8ae052-CloseContainerThread-1] INFO  commandhandler.CloseContainerCommandHandler (CloseContainerCommandHandler.java:lambda$handle$0(105)) - Container #32 does not exist in datanode. Its pipeline may have closed before it was created. Container close failed.
2025-07-17 10:08:23,685 [69cfce57-590a-4f19-b95c-fe2b1b8ae052-CloseContainerThread-1] INFO  commandhandler.CloseContainerCommandHandler (CloseContainerCommandHandler.java:lambda$handle$0(105)) - Container #33 does not exist in datanode. Its pipeline may have closed before it was created. Container close failed.
2025-07-17 10:08:23,685 [69cfce57-590a-4f19-b95c-fe2b1b8ae052-CloseContainerThread-1] INFO  commandhandler.CloseContainerCommandHandler (CloseContainerCommandHandler.java:lambda$handle$0(105)) - Container #34 does not exist in datanode. Its pipeline may have closed before it was created. Container close failed.
2025-07-17 10:08:23,685 [69cfce57-590a-4f19-b95c-fe2b1b8ae052-CloseContainerThread-1] INFO  commandhandler.CloseContainerCommandHandler (CloseContainerCommandHandler.java:lambda$handle$0(105)) - Container #35 does not exist in datanode. Its pipeline may have closed before it was created. Container close failed.
2025-07-17 10:08:23,691 [69cfce57-590a-4f19-b95c-fe2b1b8ae052-CloseContainerThread-2] WARN  keyvalue.KeyValueHandler (KeyValueHandler.java:updateAndGetContainerChecksum(1451)) - Container data checksum updated from 0 to bb40defb
2025-07-17 10:08:23,692 [69cfce57-590a-4f19-b95c-fe2b1b8ae052-CloseContainerThread-0] WARN  keyvalue.KeyValueHandler (KeyValueHandler.java:updateAndGetContainerChecksum(1451)) - Container data checksum updated from 0 to 78e07f37
2025-07-17 10:08:23,696 [69cfce57-590a-4f19-b95c-fe2b1b8ae052-ContainerOp-a0f1900c-a635-4d6d-8393-35a84b36da1b-6] INFO  keyvalue.KeyValueContainer (KeyValueContainer.java:flushAndSyncDB(514)) - Synced container: KeyValueContainerData #15 (CLOSING, non-empty, ri=0, origin=[dn_69cfce57-590a-4f19-b95c-fe2b1b8ae052, pipeline_a0f1900c-a635-4d6d-8393-35a84b36da1b])
2025-07-17 10:08:23,696 [69cfce57-590a-4f19-b95c-fe2b1b8ae052-ContainerOp-a0f1900c-a635-4d6d-8393-35a84b36da1b-6] INFO  keyvalue.KeyValueContainer (KeyValueContainer.java:flushAndSyncDB(514)) - Synced container: KeyValueContainerData #15 (CLOSING, non-empty, ri=0, origin=[dn_69cfce57-590a-4f19-b95c-fe2b1b8ae052, pipeline_a0f1900c-a635-4d6d-8393-35a84b36da1b])
2025-07-17 10:08:23,696 [69cfce57-590a-4f19-b95c-fe2b1b8ae052-ContainerOp-a0f1900c-a635-4d6d-8393-35a84b36da1b-7] INFO  keyvalue.KeyValueContainer (KeyValueContainer.java:flushAndSyncDB(514)) - Synced container: KeyValueContainerData #10 (CLOSING, non-empty, ri=0, origin=[dn_69cfce57-590a-4f19-b95c-fe2b1b8ae052, pipeline_a0f1900c-a635-4d6d-8393-35a84b36da1b])
2025-07-17 10:08:23,697 [69cfce57-590a-4f19-b95c-fe2b1b8ae052-ContainerOp-a0f1900c-a635-4d6d-8393-35a84b36da1b-7] INFO  keyvalue.KeyValueContainer (KeyValueContainer.java:flushAndSyncDB(514)) - Synced container: KeyValueContainerData #10 (CLOSING, non-empty, ri=0, origin=[dn_69cfce57-590a-4f19-b95c-fe2b1b8ae052, pipeline_a0f1900c-a635-4d6d-8393-35a84b36da1b])
2025-07-17 10:08:23,701 [69cfce57-590a-4f19-b95c-fe2b1b8ae052-ContainerOp-a0f1900c-a635-4d6d-8393-35a84b36da1b-7] INFO  keyvalue.KeyValueContainer (KeyValueContainer.java:close(430)) - Closed container: KeyValueContainerData #10 (CLOSED, non-empty, ri=0, origin=[dn_69cfce57-590a-4f19-b95c-fe2b1b8ae052, pipeline_a0f1900c-a635-4d6d-8393-35a84b36da1b])
2025-07-17 10:08:23,702 [FixedThreadPoolWithAffinityExecutor-1-0] INFO  container.IncrementalContainerReportHandler (AbstractContainerReportHandler.java:updateContainerState(289)) - CLOSE Container #10 (CLOSING, sid=2) r0 (CLOSED, bcsid=2, origin=69cfce57-590a-4f19-b95c-fe2b1b8ae052, non-empty) from dn 69cfce57-590a-4f19-b95c-fe2b1b8ae052(localhost/127.0.0.1)
2025-07-17 10:08:23,703 [69cfce57-590a-4f19-b95c-fe2b1b8ae052-ContainerOp-a0f1900c-a635-4d6d-8393-35a84b36da1b-6] INFO  keyvalue.KeyValueContainer (KeyValueContainer.java:close(430)) - Closed container: KeyValueContainerData #15 (CLOSED, non-empty, ri=0, origin=[dn_69cfce57-590a-4f19-b95c-fe2b1b8ae052, pipeline_a0f1900c-a635-4d6d-8393-35a84b36da1b])
2025-07-17 10:08:23,705 [FixedThreadPoolWithAffinityExecutor-1-0] INFO  container.IncrementalContainerReportHandler (AbstractContainerReportHandler.java:updateContainerState(289)) - CLOSE Container #15 (CLOSING, sid=5) r0 (CLOSED, bcsid=5, origin=69cfce57-590a-4f19-b95c-fe2b1b8ae052, non-empty) from dn 69cfce57-590a-4f19-b95c-fe2b1b8ae052(localhost/127.0.0.1)
2025-07-17 10:08:24,427 [grpc-default-executor-7] INFO  segmented.SegmentedRaftLogWorker (SegmentedRaftLogWorker.java:close(254)) - 37754dfa-c736-40ed-ad20-c0e05bb1c167@group-5535B6D3DCF1-SegmentedRaftLogWorker close()
2025-07-17 10:08:24,428 [e99ca97a-533a-4131-8ecb-8bb1e7dd9d89-CloseContainerThread-0] WARN  keyvalue.KeyValueHandler (KeyValueHandler.java:updateAndGetContainerChecksum(1451)) - Container data checksum updated from 0 to 2f9d4286
2025-07-17 10:08:24,428 [grpc-default-executor-1] INFO  segmented.SegmentedRaftLogWorker (SegmentedRaftLogWorker.java:close(254)) - e99ca97a-533a-4131-8ecb-8bb1e7dd9d89@group-5535B6D3DCF1-SegmentedRaftLogWorker close()
2025-07-17 10:08:24,428 [e99ca97a-533a-4131-8ecb-8bb1e7dd9d89-CloseContainerThread-1] WARN  keyvalue.KeyValueHandler (KeyValueHandler.java:updateAndGetContainerChecksum(1451)) - Container data checksum updated from 0 to 2f9d4286
2025-07-17 10:08:24,428 [e99ca97a-533a-4131-8ecb-8bb1e7dd9d89-CloseContainerThread-2] WARN  keyvalue.KeyValueHandler (KeyValueHandler.java:updateAndGetContainerChecksum(1451)) - Container data checksum updated from 0 to b9e73c0b
2025-07-17 10:08:24,430 [grpc-default-executor-1] INFO  keyvalue.KeyValueContainer (KeyValueContainer.java:flushAndSyncDB(514)) - Synced container: KeyValueContainerData #28 (CLOSING, non-empty, ri=0, origin=[dn_e99ca97a-533a-4131-8ecb-8bb1e7dd9d89, pipeline_1a66105a-c72f-49db-9ccd-5535b6d3dcf1])
2025-07-17 10:08:24,430 [grpc-default-executor-1] INFO  keyvalue.KeyValueContainer (KeyValueContainer.java:flushAndSyncDB(514)) - Synced container: KeyValueContainerData #28 (CLOSING, non-empty, ri=0, origin=[dn_e99ca97a-533a-4131-8ecb-8bb1e7dd9d89, pipeline_1a66105a-c72f-49db-9ccd-5535b6d3dcf1])
2025-07-17 10:08:24,430 [grpc-default-executor-7] INFO  keyvalue.KeyValueContainer (KeyValueContainer.java:flushAndSyncDB(514)) - Synced container: KeyValueContainerData #28 (CLOSING, non-empty, ri=0, origin=[dn_37754dfa-c736-40ed-ad20-c0e05bb1c167, pipeline_1a66105a-c72f-49db-9ccd-5535b6d3dcf1])
2025-07-17 10:08:24,431 [grpc-default-executor-7] INFO  keyvalue.KeyValueContainer (KeyValueContainer.java:flushAndSyncDB(514)) - Synced container: KeyValueContainerData #28 (CLOSING, non-empty, ri=0, origin=[dn_37754dfa-c736-40ed-ad20-c0e05bb1c167, pipeline_1a66105a-c72f-49db-9ccd-5535b6d3dcf1])
2025-07-17 10:08:24,436 [e99ca97a-533a-4131-8ecb-8bb1e7dd9d89-ContainerOp-a8b9de8c-5807-4f85-a9a7-b401a3715a87-4] INFO  keyvalue.KeyValueContainer (KeyValueContainer.java:flushAndSyncDB(514)) - Synced container: KeyValueContainerData #13 (CLOSING, non-empty, ri=0, origin=[dn_e99ca97a-533a-4131-8ecb-8bb1e7dd9d89, pipeline_a8b9de8c-5807-4f85-a9a7-b401a3715a87])
2025-07-17 10:08:24,436 [e99ca97a-533a-4131-8ecb-8bb1e7dd9d89-ContainerOp-a8b9de8c-5807-4f85-a9a7-b401a3715a87-4] INFO  keyvalue.KeyValueContainer (KeyValueContainer.java:flushAndSyncDB(514)) - Synced container: KeyValueContainerData #13 (CLOSING, non-empty, ri=0, origin=[dn_e99ca97a-533a-4131-8ecb-8bb1e7dd9d89, pipeline_a8b9de8c-5807-4f85-a9a7-b401a3715a87])
2025-07-17 10:08:24,437 [e99ca97a-533a-4131-8ecb-8bb1e7dd9d89-CloseContainerThread-2] INFO  commandhandler.CloseContainerCommandHandler (CloseContainerCommandHandler.java:lambda$handle$0(135)) - Marking Container 28 quasi closed
2025-07-17 10:08:24,437 [e99ca97a-533a-4131-8ecb-8bb1e7dd9d89-CloseContainerThread-2] INFO  commandhandler.CloseContainerCommandHandler (CloseContainerCommandHandler.java:lambda$handle$0(105)) - Container #31 does not exist in datanode. Its pipeline may have closed before it was created. Container close failed.
2025-07-17 10:08:24,437 [e99ca97a-533a-4131-8ecb-8bb1e7dd9d89-CloseContainerThread-2] INFO  commandhandler.CloseContainerCommandHandler (CloseContainerCommandHandler.java:lambda$handle$0(105)) - Container #32 does not exist in datanode. Its pipeline may have closed before it was created. Container close failed.
2025-07-17 10:08:24,437 [e99ca97a-533a-4131-8ecb-8bb1e7dd9d89-CloseContainerThread-2] INFO  commandhandler.CloseContainerCommandHandler (CloseContainerCommandHandler.java:lambda$handle$0(105)) - Container #33 does not exist in datanode. Its pipeline may have closed before it was created. Container close failed.
2025-07-17 10:08:24,437 [e99ca97a-533a-4131-8ecb-8bb1e7dd9d89-CloseContainerThread-2] INFO  commandhandler.CloseContainerCommandHandler (CloseContainerCommandHandler.java:lambda$handle$0(105)) - Container #34 does not exist in datanode. Its pipeline may have closed before it was created. Container close failed.
2025-07-17 10:08:24,437 [e99ca97a-533a-4131-8ecb-8bb1e7dd9d89-CloseContainerThread-2] INFO  commandhandler.CloseContainerCommandHandler (CloseContainerCommandHandler.java:lambda$handle$0(105)) - Container #35 does not exist in datanode. Its pipeline may have closed before it was created. Container close failed.
2025-07-17 10:08:24,439 [e99ca97a-533a-4131-8ecb-8bb1e7dd9d89-ContainerOp-a8b9de8c-5807-4f85-a9a7-b401a3715a87-5] INFO  keyvalue.KeyValueContainer (KeyValueContainer.java:flushAndSyncDB(514)) - Synced container: KeyValueContainerData #11 (CLOSING, non-empty, ri=0, origin=[dn_e99ca97a-533a-4131-8ecb-8bb1e7dd9d89, pipeline_a8b9de8c-5807-4f85-a9a7-b401a3715a87])
2025-07-17 10:08:24,439 [e99ca97a-533a-4131-8ecb-8bb1e7dd9d89-ContainerOp-a8b9de8c-5807-4f85-a9a7-b401a3715a87-5] INFO  keyvalue.KeyValueContainer (KeyValueContainer.java:flushAndSyncDB(514)) - Synced container: KeyValueContainerData #11 (CLOSING, non-empty, ri=0, origin=[dn_e99ca97a-533a-4131-8ecb-8bb1e7dd9d89, pipeline_a8b9de8c-5807-4f85-a9a7-b401a3715a87])
2025-07-17 10:08:24,439 [grpc-default-executor-7] INFO  server.RaftServer$Division (RaftServerImpl.java:groupRemove(497)) - 37754dfa-c736-40ed-ad20-c0e05bb1c167@group-5535B6D3DCF1: Succeed to remove RaftStorageDirectory Storage Directory /home/runner/work/ozone/ozone/hadoop-ozone/integration-test/target/test-dir/MiniOzoneClusterImpl-23131a72-7b0b-4764-8300-fa1f685ccd15/ozone-meta/datanode-2/ratis/1a66105a-c72f-49db-9ccd-5535b6d3dcf1
2025-07-17 10:08:24,439 [grpc-default-executor-1] INFO  server.RaftServer$Division (RaftServerImpl.java:groupRemove(497)) - e99ca97a-533a-4131-8ecb-8bb1e7dd9d89@group-5535B6D3DCF1: Succeed to remove RaftStorageDirectory Storage Directory /home/runner/work/ozone/ozone/hadoop-ozone/integration-test/target/test-dir/MiniOzoneClusterImpl-23131a72-7b0b-4764-8300-fa1f685ccd15/ozone-meta/datanode-3/ratis/1a66105a-c72f-49db-9ccd-5535b6d3dcf1
2025-07-17 10:08:24,441 [FixedThreadPoolWithAffinityExecutor-1-0] INFO  container.IncrementalContainerReportHandler (AbstractContainerReportHandler.java:updateContainerState(264)) - QUASI_CLOSE Container #28 (CLOSING, sid=790) r0 (QUASI_CLOSED, bcsid=790, origin=e99ca97a-533a-4131-8ecb-8bb1e7dd9d89, non-empty) from dn e99ca97a-533a-4131-8ecb-8bb1e7dd9d89(localhost/127.0.0.1)
2025-07-17 10:08:24,445 [e99ca97a-533a-4131-8ecb-8bb1e7dd9d89-ContainerOp-a8b9de8c-5807-4f85-a9a7-b401a3715a87-5] INFO  keyvalue.KeyValueContainer (KeyValueContainer.java:close(430)) - Closed container: KeyValueContainerData #11 (CLOSED, non-empty, ri=0, origin=[dn_e99ca97a-533a-4131-8ecb-8bb1e7dd9d89, pipeline_a8b9de8c-5807-4f85-a9a7-b401a3715a87])
2025-07-17 10:08:24,445 [e99ca97a-533a-4131-8ecb-8bb1e7dd9d89-ContainerOp-a8b9de8c-5807-4f85-a9a7-b401a3715a87-4] INFO  keyvalue.KeyValueContainer (KeyValueContainer.java:close(430)) - Closed container: KeyValueContainerData #13 (CLOSED, non-empty, ri=0, origin=[dn_e99ca97a-533a-4131-8ecb-8bb1e7dd9d89, pipeline_a8b9de8c-5807-4f85-a9a7-b401a3715a87])
2025-07-17 10:08:24,446 [FixedThreadPoolWithAffinityExecutor-1-0] INFO  container.IncrementalContainerReportHandler (AbstractContainerReportHandler.java:updateContainerState(289)) - CLOSE Container #11 (CLOSING, sid=2) r0 (CLOSED, bcsid=2, origin=e99ca97a-533a-4131-8ecb-8bb1e7dd9d89, non-empty) from dn e99ca97a-533a-4131-8ecb-8bb1e7dd9d89(localhost/127.0.0.1)
2025-07-17 10:08:24,449 [FixedThreadPoolWithAffinityExecutor-1-0] INFO  container.IncrementalContainerReportHandler (AbstractContainerReportHandler.java:updateContainerState(289)) - CLOSE Container #13 (CLOSING, sid=5) r0 (CLOSED, bcsid=5, origin=e99ca97a-533a-4131-8ecb-8bb1e7dd9d89, non-empty) from dn e99ca97a-533a-4131-8ecb-8bb1e7dd9d89(localhost/127.0.0.1)
2025-07-17 10:08:24,450 [c064cb97-b0d4-4999-8a53-4476ef6c9df7-PipelineCommandHandlerThread-0] INFO  server.RaftServer (RaftServerProxy.java:remove(116)) - c064cb97-b0d4-4999-8a53-4476ef6c9df7: remove    LEADER (RUNNING): c064cb97-b0d4-4999-8a53-4476ef6c9df7@group-5535B6D3DCF1:t1, leader=c064cb97-b0d4-4999-8a53-4476ef6c9df7, voted=c064cb97-b0d4-4999-8a53-4476ef6c9df7, raftlog=Memoized:c064cb97-b0d4-4999-8a53-4476ef6c9df7@group-5535B6D3DCF1-SegmentedRaftLog:OPENED:c793:last(t:1, i:793), conf=conf: {index: 0, cur=peers:[e99ca97a-533a-4131-8ecb-8bb1e7dd9d89|127.0.0.1:15031, 37754dfa-c736-40ed-ad20-c0e05bb1c167|127.0.0.1:15023, c064cb97-b0d4-4999-8a53-4476ef6c9df7|127.0.0.1:15015]|listeners:[], old=null}
2025-07-17 10:08:24,450 [c064cb97-b0d4-4999-8a53-4476ef6c9df7-PipelineCommandHandlerThread-0] INFO  server.RaftServer$Division (RaftServerImpl.java:lambda$close$1(527)) - c064cb97-b0d4-4999-8a53-4476ef6c9df7@group-5535B6D3DCF1: shutdown
2025-07-17 10:08:24,450 [c064cb97-b0d4-4999-8a53-4476ef6c9df7-PipelineCommandHandlerThread-0] INFO  util.JmxRegister (JmxRegister.java:unregister(74)) - Successfully un-registered JMX Bean with object name Ratis:service=RaftServer,group=group-5535B6D3DCF1,id=c064cb97-b0d4-4999-8a53-4476ef6c9df7
2025-07-17 10:08:24,450 [c064cb97-b0d4-4999-8a53-4476ef6c9df7-PipelineCommandHandlerThread-0] INFO  impl.RoleInfo (RoleInfo.java:shutdownLeaderState(103)) - c064cb97-b0d4-4999-8a53-4476ef6c9df7: shutdown c064cb97-b0d4-4999-8a53-4476ef6c9df7@group-5535B6D3DCF1-LeaderStateImpl
2025-07-17 10:08:24,450 [c064cb97-b0d4-4999-8a53-4476ef6c9df7-PipelineCommandHandlerThread-0] INFO  impl.PendingRequests (PendingRequests.java:sendNotLeaderResponses(287)) - c064cb97-b0d4-4999-8a53-4476ef6c9df7@group-5535B6D3DCF1-PendingRequests: sendNotLeaderResponses
2025-07-17 10:08:24,451 [c064cb97-b0d4-4999-8a53-4476ef6c9df7@group-5535B6D3DCF1->e99ca97a-533a-4131-8ecb-8bb1e7dd9d89-GrpcLogAppender-LogAppenderDaemon] WARN  server.GrpcLogAppender (GrpcLogAppender.java:mayWait(300)) - c064cb97-b0d4-4999-8a53-4476ef6c9df7@group-5535B6D3DCF1->e99ca97a-533a-4131-8ecb-8bb1e7dd9d89-GrpcLogAppender: Wait interrupted by java.lang.InterruptedException
2025-07-17 10:08:24,451 [c064cb97-b0d4-4999-8a53-4476ef6c9df7@group-5535B6D3DCF1->37754dfa-c736-40ed-ad20-c0e05bb1c167-GrpcLogAppender-LogAppenderDaemon] WARN  server.GrpcLogAppender (GrpcLogAppender.java:mayWait(300)) - c064cb97-b0d4-4999-8a53-4476ef6c9df7@group-5535B6D3DCF1->37754dfa-c736-40ed-ad20-c0e05bb1c167-GrpcLogAppender: Wait interrupted by java.lang.InterruptedException
2025-07-17 10:08:24,457 [c064cb97-b0d4-4999-8a53-4476ef6c9df7-PipelineCommandHandlerThread-0] INFO  impl.StateMachineUpdater (StateMachineUpdater.java:stopAndJoin(163)) - c064cb97-b0d4-4999-8a53-4476ef6c9df7@group-5535B6D3DCF1-StateMachineUpdater: set stopIndex = 793
2025-07-17 10:08:24,458 [c064cb97-b0d4-4999-8a53-4476ef6c9df7@group-5535B6D3DCF1-StateMachineUpdater] INFO  ratis.ContainerStateMachine (ContainerStateMachine.java:takeSnapshot(427)) - group-5535B6D3DCF1: Taking a snapshot at:(t:1, i:793) file /home/runner/work/ozone/ozone/hadoop-ozone/integration-test/target/test-dir/MiniOzoneClusterImpl-23131a72-7b0b-4764-8300-fa1f685ccd15/ozone-meta/datanode-1/ratis/1a66105a-c72f-49db-9ccd-5535b6d3dcf1/sm/snapshot.1_793
2025-07-17 10:08:24,458 [grpc-default-executor-1] INFO  server.GrpcServerProtocolService (GrpcServerProtocolService.java:lambda$onCompleted$6(171)) - e99ca97a-533a-4131-8ecb-8bb1e7dd9d89: Completed APPEND_ENTRIES, lastRequest: null 
2025-07-17 10:08:24,459 [grpc-default-executor-0] INFO  server.GrpcServerProtocolService (GrpcServerProtocolService.java:lambda$onCompleted$6(171)) - 37754dfa-c736-40ed-ad20-c0e05bb1c167: Completed APPEND_ENTRIES, lastRequest: c064cb97-b0d4-4999-8a53-4476ef6c9df7->37754dfa-c736-40ed-ad20-c0e05bb1c167#1892-t1,previous=(t:1, i:792),leaderCommit=791,initializing? false,entries: size=1, first=(t:1, i:793), METADATAENTRY(c:790) 
2025-07-17 10:08:24,459 [grpc-default-executor-0] INFO  server.GrpcServerProtocolService (GrpcServerProtocolService.java:lambda$null$7(175)) - 37754dfa-c736-40ed-ad20-c0e05bb1c167: Completed APPEND_ENTRIES, lastReply: null 
2025-07-17 10:08:24,459 [grpc-default-executor-1] INFO  server.GrpcLogAppender (GrpcLogAppender.java:onCompleted(558)) - c064cb97-b0d4-4999-8a53-4476ef6c9df7@group-5535B6D3DCF1->37754dfa-c736-40ed-ad20-c0e05bb1c167-AppendLogResponseHandler: follower responses appendEntries COMPLETED
2025-07-17 10:08:24,461 [c064cb97-b0d4-4999-8a53-4476ef6c9df7@group-5535B6D3DCF1-StateMachineUpdater] INFO  ratis.ContainerStateMachine (ContainerStateMachine.java:takeSnapshot(436)) - group-5535B6D3DCF1: Finished taking a snapshot at:(t:1, i:793) file:/home/runner/work/ozone/ozone/hadoop-ozone/integration-test/target/test-dir/MiniOzoneClusterImpl-23131a72-7b0b-4764-8300-fa1f685ccd15/ozone-meta/datanode-1/ratis/1a66105a-c72f-49db-9ccd-5535b6d3dcf1/sm/snapshot.1_793 took: 3 ms
2025-07-17 10:08:24,461 [c064cb97-b0d4-4999-8a53-4476ef6c9df7@group-5535B6D3DCF1-StateMachineUpdater] INFO  impl.StateMachineUpdater (StateMachineUpdater.java:takeSnapshot(307)) - c064cb97-b0d4-4999-8a53-4476ef6c9df7@group-5535B6D3DCF1-StateMachineUpdater: Took a snapshot at index 793
2025-07-17 10:08:24,462 [c064cb97-b0d4-4999-8a53-4476ef6c9df7@group-5535B6D3DCF1-StateMachineUpdater] INFO  impl.StateMachineUpdater (StateMachineUpdater.java:lambda$new$0(101)) - c064cb97-b0d4-4999-8a53-4476ef6c9df7@group-5535B6D3DCF1-StateMachineUpdater: snapshotIndex: updateIncreasingly -1 -> 793
2025-07-17 10:08:24,458 [grpc-default-executor-7] INFO  server.GrpcServerProtocolService (GrpcServerProtocolService.java:lambda$null$7(175)) - e99ca97a-533a-4131-8ecb-8bb1e7dd9d89: Completed APPEND_ENTRIES, lastReply: null 
2025-07-17 10:08:24,462 [c064cb97-b0d4-4999-8a53-4476ef6c9df7@group-5535B6D3DCF1-StateMachineUpdater] INFO  impl.StateMachineUpdater (StateMachineUpdater.java:stop(140)) - c064cb97-b0d4-4999-8a53-4476ef6c9df7@group-5535B6D3DCF1-StateMachineUpdater: closing ContainerStateMachine, lastApplied=(t:1, i:793)
2025-07-17 10:08:24,463 [grpc-default-executor-0] INFO  server.GrpcLogAppender (GrpcLogAppender.java:onCompleted(558)) - c064cb97-b0d4-4999-8a53-4476ef6c9df7@group-5535B6D3DCF1->e99ca97a-533a-4131-8ecb-8bb1e7dd9d89-AppendLogResponseHandler: follower responses appendEntries COMPLETED
2025-07-17 10:08:24,464 [grpc-default-executor-7] WARN  server.RaftServer (RaftServerProxy.java:remove(111)) - c064cb97-b0d4-4999-8a53-4476ef6c9df7: does not contain group: group-5535B6D3DCF1
2025-07-17 10:08:24,464 [grpc-default-executor-7] WARN  server.GrpcAdminProtocolService (GrpcAdminProtocolService.java:lambda$groupManagement$1(53)) - Failed groupManagement: GROUPREMOVE, GroupManagementRequest:client-FBADBB2986C8->c064cb97-b0d4-4999-8a53-4476ef6c9df7@group-5535B6D3DCF1, cid=677, seq=null, RW, null, Remove:group-5535B6D3DCF1, delete-dir
org.apache.ratis.protocol.exceptions.GroupMismatchException: c064cb97-b0d4-4999-8a53-4476ef6c9df7: Group group-5535B6D3DCF1 not found.
	at org.apache.ratis.server.impl.RaftServerProxy.groupRemoveAsync(RaftServerProxy.java:548)
	at org.apache.ratis.server.impl.RaftServerProxy.groupManagementAsync(RaftServerProxy.java:499)
	at org.apache.ratis.grpc.server.GrpcAdminProtocolService.lambda$groupManagement$0(GrpcAdminProtocolService.java:51)
	at org.apache.ratis.grpc.GrpcUtil.asyncCall(GrpcUtil.java:172)
	at org.apache.ratis.grpc.server.GrpcAdminProtocolService.groupManagement(GrpcAdminProtocolService.java:51)
	at org.apache.ratis.proto.grpc.AdminProtocolServiceGrpc$MethodHandlers.invoke(AdminProtocolServiceGrpc.java:701)
	at org.apache.ratis.thirdparty.io.grpc.stub.ServerCalls$UnaryServerCallHandler$UnaryServerCallListener.onHalfClose(ServerCalls.java:182)
	at org.apache.ratis.thirdparty.io.grpc.internal.ServerCallImpl$ServerStreamListenerImpl.halfClosed(ServerCallImpl.java:356)
	at org.apache.ratis.thirdparty.io.grpc.internal.ServerImpl$JumpToApplicationThreadServerStreamListener$1HalfClosed.runInContext(ServerImpl.java:861)
	at org.apache.ratis.thirdparty.io.grpc.internal.ContextRunnable.run(ContextRunnable.java:37)
	at org.apache.ratis.thirdparty.io.grpc.internal.SerializingExecutor.run(SerializingExecutor.java:133)
	at java.base/java.util.concurrent.ThreadPoolExecutor.runWorker(ThreadPoolExecutor.java:1144)
	at java.base/java.util.concurrent.ThreadPoolExecutor$Worker.run(ThreadPoolExecutor.java:642)
	at java.base/java.lang.Thread.run(Thread.java:1583)
2025-07-17 10:08:24,466 [c064cb97-b0d4-4999-8a53-4476ef6c9df7@group-5535B6D3DCF1-cacheEviction-AwaitToRun] INFO  util.AwaitToRun (AwaitToRun.java:run(49)) - c064cb97-b0d4-4999-8a53-4476ef6c9df7@group-5535B6D3DCF1-cacheEviction-AwaitToRun-AwaitForSignal is interrupted
2025-07-17 10:08:24,469 [37754dfa-c736-40ed-ad20-c0e05bb1c167-PipelineCommandHandlerThread-0] WARN  server.RaftServer (RaftServerProxy.java:remove(111)) - 37754dfa-c736-40ed-ad20-c0e05bb1c167: does not contain group: group-5535B6D3DCF1
2025-07-17 10:08:24,470 [37754dfa-c736-40ed-ad20-c0e05bb1c167-PipelineCommandHandlerThread-0] INFO  server.RaftServer (RaftServerProxy.java:addNew(105)) - 37754dfa-c736-40ed-ad20-c0e05bb1c167: addNew group-024C0939026E:[628294af-df22-4587-a03c-3d260cac0b0d|127.0.0.1:15047, 37754dfa-c736-40ed-ad20-c0e05bb1c167|127.0.0.1:15023, c064cb97-b0d4-4999-8a53-4476ef6c9df7|127.0.0.1:15015] returns group-024C0939026E:java.util.concurrent.CompletableFuture@1044df73[Not completed]
2025-07-17 10:08:24,473 [37754dfa-c736-40ed-ad20-c0e05bb1c167-groupManagement] INFO  server.RaftServer$Division (RaftServerImpl.java:<init>(268)) - 37754dfa-c736-40ed-ad20-c0e05bb1c167: new RaftServerImpl for group-024C0939026E:[628294af-df22-4587-a03c-3d260cac0b0d|127.0.0.1:15047, 37754dfa-c736-40ed-ad20-c0e05bb1c167|127.0.0.1:15023, c064cb97-b0d4-4999-8a53-4476ef6c9df7|127.0.0.1:15015] with ContainerStateMachine:uninitialized
2025-07-17 10:08:24,474 [37754dfa-c736-40ed-ad20-c0e05bb1c167-groupManagement] INFO  server.RaftServer$Division (ServerState.java:<init>(114)) - 37754dfa-c736-40ed-ad20-c0e05bb1c167@group-024C0939026E: ConfigurationManager, init=conf: {index: -1, cur=peers:[628294af-df22-4587-a03c-3d260cac0b0d|127.0.0.1:15047, 37754dfa-c736-40ed-ad20-c0e05bb1c167|127.0.0.1:15023, c064cb97-b0d4-4999-8a53-4476ef6c9df7|127.0.0.1:15015]|listeners:[], old=null}, confs=<EMPTY_MAP>
2025-07-17 10:08:24,481 [37754dfa-c736-40ed-ad20-c0e05bb1c167-groupManagement] INFO  server.RaftServerConfigKeys (ConfUtils.java:logGet(62)) - raft.server.storage.dir = [/home/runner/work/ozone/ozone/hadoop-ozone/integration-test/target/test-dir/MiniOzoneClusterImpl-23131a72-7b0b-4764-8300-fa1f685ccd15/ozone-meta/datanode-2/ratis] (custom)
2025-07-17 10:08:24,481 [37754dfa-c736-40ed-ad20-c0e05bb1c167-groupManagement] INFO  storage.RaftStorageDirectory (RaftStorageDirectoryImpl.java:analyzeStorage(138)) - The storage directory /home/runner/work/ozone/ozone/hadoop-ozone/integration-test/target/test-dir/MiniOzoneClusterImpl-23131a72-7b0b-4764-8300-fa1f685ccd15/ozone-meta/datanode-2/ratis/bc69a121-125a-4a8f-a312-024c0939026e does not exist. Creating ...
2025-07-17 10:08:24,483 [37754dfa-c736-40ed-ad20-c0e05bb1c167-groupManagement] INFO  storage.RaftStorageDirectory (RaftStorageDirectoryImpl.java:tryLock(229)) - Lock on /home/runner/work/ozone/ozone/hadoop-ozone/integration-test/target/test-dir/MiniOzoneClusterImpl-23131a72-7b0b-4764-8300-fa1f685ccd15/ozone-meta/datanode-2/ratis/bc69a121-125a-4a8f-a312-024c0939026e/in_use.lock acquired by nodename 101197@localhost
2025-07-17 10:08:24,484 [37754dfa-c736-40ed-ad20-c0e05bb1c167-groupManagement] INFO  storage.RaftStorage (RaftStorageImpl.java:format(98)) - Storage directory /home/runner/work/ozone/ozone/hadoop-ozone/integration-test/target/test-dir/MiniOzoneClusterImpl-23131a72-7b0b-4764-8300-fa1f685ccd15/ozone-meta/datanode-2/ratis/bc69a121-125a-4a8f-a312-024c0939026e has been successfully formatted.
2025-07-17 10:08:24,485 [37754dfa-c736-40ed-ad20-c0e05bb1c167-groupManagement] INFO  ratis.ContainerStateMachine (ContainerStateMachine.java:initialize(339)) - 37754dfa-c736-40ed-ad20-c0e05bb1c167: initialize group-024C0939026E
2025-07-17 10:08:24,485 [37754dfa-c736-40ed-ad20-c0e05bb1c167-groupManagement] INFO  ratis.ContainerStateMachine (ContainerStateMachine.java:loadSnapshot(347)) - group-024C0939026E: The snapshot info is null. Setting the last applied index to:<INITIAL_VALUE>
2025-07-17 10:08:24,485 [37754dfa-c736-40ed-ad20-c0e05bb1c167-groupManagement] INFO  server.RaftServerConfigKeys (ConfUtils.java:logGet(62)) - raft.server.log.appender.buffer.byte-limit = 33554432 (custom)
2025-07-17 10:08:24,488 [37754dfa-c736-40ed-ad20-c0e05bb1c167-groupManagement] INFO  server.RaftServerConfigKeys (ConfUtils.java:logGet(62)) - raft.server.log.segment.size.max = 67108864 (custom)
2025-07-17 10:08:24,489 [37754dfa-c736-40ed-ad20-c0e05bb1c167-groupManagement] INFO  server.RaftServerConfigKeys (ConfUtils.java:logGet(62)) - raft.server.log.appender.buffer.byte-limit = 33554432 (custom)
2025-07-17 10:08:24,490 [37754dfa-c736-40ed-ad20-c0e05bb1c167-groupManagement] INFO  util.AwaitToRun (AwaitToRun.java:start(81)) - Thread[#2210,37754dfa-c736-40ed-ad20-c0e05bb1c167@group-024C0939026E-cacheEviction-AwaitToRun,5,main] started
2025-07-17 10:08:24,490 [37754dfa-c736-40ed-ad20-c0e05bb1c167-groupManagement] INFO  segmented.SegmentedRaftLogWorker (SegmentedRaftLogWorker.java:<init>(190)) - new 37754dfa-c736-40ed-ad20-c0e05bb1c167@group-024C0939026E-SegmentedRaftLogWorker for RaftStorageImpl:Storage Directory /home/runner/work/ozone/ozone/hadoop-ozone/integration-test/target/test-dir/MiniOzoneClusterImpl-23131a72-7b0b-4764-8300-fa1f685ccd15/ozone-meta/datanode-2/ratis/bc69a121-125a-4a8f-a312-024c0939026e
2025-07-17 10:08:24,490 [37754dfa-c736-40ed-ad20-c0e05bb1c167-groupManagement] INFO  server.RaftServerConfigKeys (ConfUtils.java:logGet(62)) - raft.server.log.queue.byte-limit = 4294967296 (custom)
2025-07-17 10:08:24,490 [37754dfa-c736-40ed-ad20-c0e05bb1c167-groupManagement] INFO  server.RaftServerConfigKeys (ConfUtils.java:logGet(62)) - raft.server.log.segment.size.max = 67108864 (custom)
2025-07-17 10:08:24,490 [37754dfa-c736-40ed-ad20-c0e05bb1c167-groupManagement] INFO  server.RaftServerConfigKeys (ConfUtils.java:logGet(62)) - raft.server.log.preallocated.size = 4194304 (custom)
2025-07-17 10:08:24,491 [37754dfa-c736-40ed-ad20-c0e05bb1c167-groupManagement] INFO  server.RaftServerConfigKeys (ConfUtils.java:logGet(62)) - raft.server.log.write.buffer.size = 33554440 (custom)
2025-07-17 10:08:24,497 [37754dfa-c736-40ed-ad20-c0e05bb1c167-groupManagement] INFO  server.RaftServerConfigKeys (ConfUtils.java:logGet(62)) - raft.server.log.appender.buffer.byte-limit = 33554432 (custom)
2025-07-17 10:08:24,497 [37754dfa-c736-40ed-ad20-c0e05bb1c167-groupManagement] INFO  segmented.SegmentedRaftLogWorker (SegmentedRaftLogWorker.java:lambda$new$0(141)) - 37754dfa-c736-40ed-ad20-c0e05bb1c167@group-024C0939026E-SegmentedRaftLogWorker: flushIndex: setUnconditionally 0 -> -1
2025-07-17 10:08:24,498 [37754dfa-c736-40ed-ad20-c0e05bb1c167-groupManagement] INFO  segmented.SegmentedRaftLogWorker (SegmentedRaftLogWorker.java:lambda$new$0(141)) - 37754dfa-c736-40ed-ad20-c0e05bb1c167@group-024C0939026E-SegmentedRaftLogWorker: safeCacheEvictIndex: setUnconditionally 0 -> -1
2025-07-17 10:08:24,498 [37754dfa-c736-40ed-ad20-c0e05bb1c167-groupManagement] INFO  server.RaftServer$Division (RaftServerImpl.java:start(405)) - 37754dfa-c736-40ed-ad20-c0e05bb1c167@group-024C0939026E: start as a follower, conf=conf: {index: -1, cur=peers:[628294af-df22-4587-a03c-3d260cac0b0d|127.0.0.1:15047, 37754dfa-c736-40ed-ad20-c0e05bb1c167|127.0.0.1:15023, c064cb97-b0d4-4999-8a53-4476ef6c9df7|127.0.0.1:15015]|listeners:[], old=null}
2025-07-17 10:08:24,498 [37754dfa-c736-40ed-ad20-c0e05bb1c167-groupManagement] INFO  server.RaftServer$Division (RaftServerImpl.java:setRole(392)) - 37754dfa-c736-40ed-ad20-c0e05bb1c167@group-024C0939026E: changes role from      null to FOLLOWER at term 0 for startAsFollower
2025-07-17 10:08:24,498 [37754dfa-c736-40ed-ad20-c0e05bb1c167-groupManagement] INFO  impl.RoleInfo (RoleInfo.java:updateAndGet(148)) - 37754dfa-c736-40ed-ad20-c0e05bb1c167: start 37754dfa-c736-40ed-ad20-c0e05bb1c167@group-024C0939026E-FollowerState
2025-07-17 10:08:24,499 [37754dfa-c736-40ed-ad20-c0e05bb1c167-groupManagement] INFO  util.JmxRegister (JmxRegister.java:tryRegister(44)) - Successfully registered JMX Bean with object name Ratis:service=RaftServer,group=group-024C0939026E,id=37754dfa-c736-40ed-ad20-c0e05bb1c167
2025-07-17 10:08:24,499 [37754dfa-c736-40ed-ad20-c0e05bb1c167-groupManagement] INFO  util.JmxRegister (JmxRegister.java:register(58)) - register mxBean class org.apache.ratis.server.impl.RaftServerJmxAdapter as Ratis:service=RaftServer,group=group-024C0939026E,id=37754dfa-c736-40ed-ad20-c0e05bb1c167
2025-07-17 10:08:24,500 [37754dfa-c736-40ed-ad20-c0e05bb1c167-groupManagement] INFO  server.RaftServer$Division (RaftServerImpl.java:start(419)) - 37754dfa-c736-40ed-ad20-c0e05bb1c167@group-024C0939026E: Successfully started.
2025-07-17 10:08:24,500 [37754dfa-c736-40ed-ad20-c0e05bb1c167-PipelineCommandHandlerThread-0] INFO  ratis.XceiverServerRatis (XceiverServerRatis.java:addGroup(843)) - Created group Pipeline-bc69a121-125a-4a8f-a312-024c0939026e
2025-07-17 10:08:24,507 [grpc-default-executor-3] INFO  server.RaftServer (RaftServerProxy.java:addNew(105)) - c064cb97-b0d4-4999-8a53-4476ef6c9df7: addNew group-024C0939026E:[628294af-df22-4587-a03c-3d260cac0b0d|127.0.0.1:15047, 37754dfa-c736-40ed-ad20-c0e05bb1c167|127.0.0.1:15023, c064cb97-b0d4-4999-8a53-4476ef6c9df7|127.0.0.1:15015] returns group-024C0939026E:java.util.concurrent.CompletableFuture@20c9aca[Not completed]
2025-07-17 10:08:24,508 [c064cb97-b0d4-4999-8a53-4476ef6c9df7-groupManagement] INFO  server.RaftServer$Division (RaftServerImpl.java:<init>(268)) - c064cb97-b0d4-4999-8a53-4476ef6c9df7: new RaftServerImpl for group-024C0939026E:[628294af-df22-4587-a03c-3d260cac0b0d|127.0.0.1:15047, 37754dfa-c736-40ed-ad20-c0e05bb1c167|127.0.0.1:15023, c064cb97-b0d4-4999-8a53-4476ef6c9df7|127.0.0.1:15015] with ContainerStateMachine:uninitialized
2025-07-17 10:08:24,509 [c064cb97-b0d4-4999-8a53-4476ef6c9df7-groupManagement] INFO  server.RaftServer$Division (ServerState.java:<init>(114)) - c064cb97-b0d4-4999-8a53-4476ef6c9df7@group-024C0939026E: ConfigurationManager, init=conf: {index: -1, cur=peers:[628294af-df22-4587-a03c-3d260cac0b0d|127.0.0.1:15047, 37754dfa-c736-40ed-ad20-c0e05bb1c167|127.0.0.1:15023, c064cb97-b0d4-4999-8a53-4476ef6c9df7|127.0.0.1:15015]|listeners:[], old=null}, confs=<EMPTY_MAP>
2025-07-17 10:08:24,513 [c064cb97-b0d4-4999-8a53-4476ef6c9df7-groupManagement] INFO  server.RaftServerConfigKeys (ConfUtils.java:logGet(62)) - raft.server.storage.dir = [/home/runner/work/ozone/ozone/hadoop-ozone/integration-test/target/test-dir/MiniOzoneClusterImpl-23131a72-7b0b-4764-8300-fa1f685ccd15/ozone-meta/datanode-1/ratis] (custom)
2025-07-17 10:08:24,513 [c064cb97-b0d4-4999-8a53-4476ef6c9df7-groupManagement] INFO  storage.RaftStorageDirectory (RaftStorageDirectoryImpl.java:analyzeStorage(138)) - The storage directory /home/runner/work/ozone/ozone/hadoop-ozone/integration-test/target/test-dir/MiniOzoneClusterImpl-23131a72-7b0b-4764-8300-fa1f685ccd15/ozone-meta/datanode-1/ratis/bc69a121-125a-4a8f-a312-024c0939026e does not exist. Creating ...
2025-07-17 10:08:24,514 [c064cb97-b0d4-4999-8a53-4476ef6c9df7-groupManagement] INFO  storage.RaftStorageDirectory (RaftStorageDirectoryImpl.java:tryLock(229)) - Lock on /home/runner/work/ozone/ozone/hadoop-ozone/integration-test/target/test-dir/MiniOzoneClusterImpl-23131a72-7b0b-4764-8300-fa1f685ccd15/ozone-meta/datanode-1/ratis/bc69a121-125a-4a8f-a312-024c0939026e/in_use.lock acquired by nodename 101197@localhost
2025-07-17 10:08:24,516 [c064cb97-b0d4-4999-8a53-4476ef6c9df7-groupManagement] INFO  storage.RaftStorage (RaftStorageImpl.java:format(98)) - Storage directory /home/runner/work/ozone/ozone/hadoop-ozone/integration-test/target/test-dir/MiniOzoneClusterImpl-23131a72-7b0b-4764-8300-fa1f685ccd15/ozone-meta/datanode-1/ratis/bc69a121-125a-4a8f-a312-024c0939026e has been successfully formatted.
2025-07-17 10:08:24,516 [c064cb97-b0d4-4999-8a53-4476ef6c9df7-groupManagement] INFO  ratis.ContainerStateMachine (ContainerStateMachine.java:initialize(339)) - c064cb97-b0d4-4999-8a53-4476ef6c9df7: initialize group-024C0939026E
2025-07-17 10:08:24,516 [c064cb97-b0d4-4999-8a53-4476ef6c9df7-groupManagement] INFO  ratis.ContainerStateMachine (ContainerStateMachine.java:loadSnapshot(347)) - group-024C0939026E: The snapshot info is null. Setting the last applied index to:<INITIAL_VALUE>
2025-07-17 10:08:24,517 [c064cb97-b0d4-4999-8a53-4476ef6c9df7-groupManagement] INFO  server.RaftServerConfigKeys (ConfUtils.java:logGet(62)) - raft.server.log.appender.buffer.byte-limit = 33554432 (custom)
2025-07-17 10:08:24,519 [c064cb97-b0d4-4999-8a53-4476ef6c9df7-groupManagement] INFO  server.RaftServerConfigKeys (ConfUtils.java:logGet(62)) - raft.server.log.segment.size.max = 67108864 (custom)
2025-07-17 10:08:24,520 [c064cb97-b0d4-4999-8a53-4476ef6c9df7-groupManagement] INFO  server.RaftServerConfigKeys (ConfUtils.java:logGet(62)) - raft.server.log.appender.buffer.byte-limit = 33554432 (custom)
2025-07-17 10:08:24,520 [c064cb97-b0d4-4999-8a53-4476ef6c9df7-groupManagement] INFO  util.AwaitToRun (AwaitToRun.java:start(81)) - Thread[#2214,c064cb97-b0d4-4999-8a53-4476ef6c9df7@group-024C0939026E-cacheEviction-AwaitToRun,5,main] started
2025-07-17 10:08:24,520 [c064cb97-b0d4-4999-8a53-4476ef6c9df7-groupManagement] INFO  segmented.SegmentedRaftLogWorker (SegmentedRaftLogWorker.java:<init>(190)) - new c064cb97-b0d4-4999-8a53-4476ef6c9df7@group-024C0939026E-SegmentedRaftLogWorker for RaftStorageImpl:Storage Directory /home/runner/work/ozone/ozone/hadoop-ozone/integration-test/target/test-dir/MiniOzoneClusterImpl-23131a72-7b0b-4764-8300-fa1f685ccd15/ozone-meta/datanode-1/ratis/bc69a121-125a-4a8f-a312-024c0939026e
2025-07-17 10:08:24,520 [c064cb97-b0d4-4999-8a53-4476ef6c9df7-groupManagement] INFO  server.RaftServerConfigKeys (ConfUtils.java:logGet(62)) - raft.server.log.queue.byte-limit = 4294967296 (custom)
2025-07-17 10:08:24,520 [c064cb97-b0d4-4999-8a53-4476ef6c9df7-groupManagement] INFO  server.RaftServerConfigKeys (ConfUtils.java:logGet(62)) - raft.server.log.segment.size.max = 67108864 (custom)
2025-07-17 10:08:24,520 [c064cb97-b0d4-4999-8a53-4476ef6c9df7-groupManagement] INFO  server.RaftServerConfigKeys (ConfUtils.java:logGet(62)) - raft.server.log.preallocated.size = 4194304 (custom)
2025-07-17 10:08:24,520 [c064cb97-b0d4-4999-8a53-4476ef6c9df7-groupManagement] INFO  server.RaftServerConfigKeys (ConfUtils.java:logGet(62)) - raft.server.log.write.buffer.size = 33554440 (custom)
2025-07-17 10:08:24,526 [c064cb97-b0d4-4999-8a53-4476ef6c9df7-groupManagement] INFO  server.RaftServerConfigKeys (ConfUtils.java:logGet(62)) - raft.server.log.appender.buffer.byte-limit = 33554432 (custom)
2025-07-17 10:08:24,526 [c064cb97-b0d4-4999-8a53-4476ef6c9df7-groupManagement] INFO  segmented.SegmentedRaftLogWorker (SegmentedRaftLogWorker.java:lambda$new$0(141)) - c064cb97-b0d4-4999-8a53-4476ef6c9df7@group-024C0939026E-SegmentedRaftLogWorker: flushIndex: setUnconditionally 0 -> -1
2025-07-17 10:08:24,527 [c064cb97-b0d4-4999-8a53-4476ef6c9df7-groupManagement] INFO  segmented.SegmentedRaftLogWorker (SegmentedRaftLogWorker.java:lambda$new$0(141)) - c064cb97-b0d4-4999-8a53-4476ef6c9df7@group-024C0939026E-SegmentedRaftLogWorker: safeCacheEvictIndex: setUnconditionally 0 -> -1
2025-07-17 10:08:24,527 [c064cb97-b0d4-4999-8a53-4476ef6c9df7-groupManagement] INFO  server.RaftServer$Division (RaftServerImpl.java:start(405)) - c064cb97-b0d4-4999-8a53-4476ef6c9df7@group-024C0939026E: start as a follower, conf=conf: {index: -1, cur=peers:[628294af-df22-4587-a03c-3d260cac0b0d|127.0.0.1:15047, 37754dfa-c736-40ed-ad20-c0e05bb1c167|127.0.0.1:15023, c064cb97-b0d4-4999-8a53-4476ef6c9df7|127.0.0.1:15015]|listeners:[], old=null}
2025-07-17 10:08:24,527 [c064cb97-b0d4-4999-8a53-4476ef6c9df7-groupManagement] INFO  server.RaftServer$Division (RaftServerImpl.java:setRole(392)) - c064cb97-b0d4-4999-8a53-4476ef6c9df7@group-024C0939026E: changes role from      null to FOLLOWER at term 0 for startAsFollower
2025-07-17 10:08:24,527 [c064cb97-b0d4-4999-8a53-4476ef6c9df7-groupManagement] INFO  impl.RoleInfo (RoleInfo.java:updateAndGet(148)) - c064cb97-b0d4-4999-8a53-4476ef6c9df7: start c064cb97-b0d4-4999-8a53-4476ef6c9df7@group-024C0939026E-FollowerState
2025-07-17 10:08:24,528 [c064cb97-b0d4-4999-8a53-4476ef6c9df7-groupManagement] INFO  util.JmxRegister (JmxRegister.java:tryRegister(44)) - Successfully registered JMX Bean with object name Ratis:service=RaftServer,group=group-024C0939026E,id=c064cb97-b0d4-4999-8a53-4476ef6c9df7
2025-07-17 10:08:24,528 [c064cb97-b0d4-4999-8a53-4476ef6c9df7-groupManagement] INFO  util.JmxRegister (JmxRegister.java:register(58)) - register mxBean class org.apache.ratis.server.impl.RaftServerJmxAdapter as Ratis:service=RaftServer,group=group-024C0939026E,id=c064cb97-b0d4-4999-8a53-4476ef6c9df7
2025-07-17 10:08:24,529 [c064cb97-b0d4-4999-8a53-4476ef6c9df7-groupManagement] INFO  server.RaftServer$Division (RaftServerImpl.java:start(419)) - c064cb97-b0d4-4999-8a53-4476ef6c9df7@group-024C0939026E: Successfully started.
2025-07-17 10:08:24,541 [grpc-default-executor-3] INFO  server.RaftServer (RaftServerProxy.java:addNew(105)) - 628294af-df22-4587-a03c-3d260cac0b0d: addNew group-024C0939026E:[628294af-df22-4587-a03c-3d260cac0b0d|127.0.0.1:15047, 37754dfa-c736-40ed-ad20-c0e05bb1c167|127.0.0.1:15023, c064cb97-b0d4-4999-8a53-4476ef6c9df7|127.0.0.1:15015] returns group-024C0939026E:java.util.concurrent.CompletableFuture@4b6c779a[Not completed]
2025-07-17 10:08:24,543 [628294af-df22-4587-a03c-3d260cac0b0d-groupManagement] INFO  server.RaftServer$Division (RaftServerImpl.java:<init>(268)) - 628294af-df22-4587-a03c-3d260cac0b0d: new RaftServerImpl for group-024C0939026E:[628294af-df22-4587-a03c-3d260cac0b0d|127.0.0.1:15047, 37754dfa-c736-40ed-ad20-c0e05bb1c167|127.0.0.1:15023, c064cb97-b0d4-4999-8a53-4476ef6c9df7|127.0.0.1:15015] with ContainerStateMachine:uninitialized
2025-07-17 10:08:24,543 [628294af-df22-4587-a03c-3d260cac0b0d-groupManagement] INFO  server.RaftServer$Division (ServerState.java:<init>(114)) - 628294af-df22-4587-a03c-3d260cac0b0d@group-024C0939026E: ConfigurationManager, init=conf: {index: -1, cur=peers:[628294af-df22-4587-a03c-3d260cac0b0d|127.0.0.1:15047, 37754dfa-c736-40ed-ad20-c0e05bb1c167|127.0.0.1:15023, c064cb97-b0d4-4999-8a53-4476ef6c9df7|127.0.0.1:15015]|listeners:[], old=null}, confs=<EMPTY_MAP>
2025-07-17 10:08:24,548 [628294af-df22-4587-a03c-3d260cac0b0d-groupManagement] INFO  server.RaftServerConfigKeys (ConfUtils.java:logGet(62)) - raft.server.storage.dir = [/home/runner/work/ozone/ozone/hadoop-ozone/integration-test/target/test-dir/MiniOzoneClusterImpl-23131a72-7b0b-4764-8300-fa1f685ccd15/ozone-meta/datanode-5/ratis] (custom)
2025-07-17 10:08:24,549 [628294af-df22-4587-a03c-3d260cac0b0d-groupManagement] INFO  storage.RaftStorageDirectory (RaftStorageDirectoryImpl.java:analyzeStorage(138)) - The storage directory /home/runner/work/ozone/ozone/hadoop-ozone/integration-test/target/test-dir/MiniOzoneClusterImpl-23131a72-7b0b-4764-8300-fa1f685ccd15/ozone-meta/datanode-5/ratis/bc69a121-125a-4a8f-a312-024c0939026e does not exist. Creating ...
2025-07-17 10:08:24,550 [628294af-df22-4587-a03c-3d260cac0b0d-groupManagement] INFO  storage.RaftStorageDirectory (RaftStorageDirectoryImpl.java:tryLock(229)) - Lock on /home/runner/work/ozone/ozone/hadoop-ozone/integration-test/target/test-dir/MiniOzoneClusterImpl-23131a72-7b0b-4764-8300-fa1f685ccd15/ozone-meta/datanode-5/ratis/bc69a121-125a-4a8f-a312-024c0939026e/in_use.lock acquired by nodename 101197@localhost
2025-07-17 10:08:24,551 [628294af-df22-4587-a03c-3d260cac0b0d-groupManagement] INFO  storage.RaftStorage (RaftStorageImpl.java:format(98)) - Storage directory /home/runner/work/ozone/ozone/hadoop-ozone/integration-test/target/test-dir/MiniOzoneClusterImpl-23131a72-7b0b-4764-8300-fa1f685ccd15/ozone-meta/datanode-5/ratis/bc69a121-125a-4a8f-a312-024c0939026e has been successfully formatted.
2025-07-17 10:08:24,551 [628294af-df22-4587-a03c-3d260cac0b0d-groupManagement] INFO  ratis.ContainerStateMachine (ContainerStateMachine.java:initialize(339)) - 628294af-df22-4587-a03c-3d260cac0b0d: initialize group-024C0939026E
2025-07-17 10:08:24,552 [628294af-df22-4587-a03c-3d260cac0b0d-groupManagement] INFO  ratis.ContainerStateMachine (ContainerStateMachine.java:loadSnapshot(347)) - group-024C0939026E: The snapshot info is null. Setting the last applied index to:<INITIAL_VALUE>
2025-07-17 10:08:24,552 [628294af-df22-4587-a03c-3d260cac0b0d-groupManagement] INFO  server.RaftServerConfigKeys (ConfUtils.java:logGet(62)) - raft.server.log.appender.buffer.byte-limit = 33554432 (custom)
2025-07-17 10:08:24,554 [628294af-df22-4587-a03c-3d260cac0b0d-groupManagement] INFO  server.RaftServerConfigKeys (ConfUtils.java:logGet(62)) - raft.server.log.segment.size.max = 67108864 (custom)
2025-07-17 10:08:24,554 [628294af-df22-4587-a03c-3d260cac0b0d-groupManagement] INFO  server.RaftServerConfigKeys (ConfUtils.java:logGet(62)) - raft.server.log.appender.buffer.byte-limit = 33554432 (custom)
2025-07-17 10:08:24,556 [628294af-df22-4587-a03c-3d260cac0b0d-groupManagement] INFO  util.AwaitToRun (AwaitToRun.java:start(81)) - Thread[#2221,628294af-df22-4587-a03c-3d260cac0b0d@group-024C0939026E-cacheEviction-AwaitToRun,5,main] started
2025-07-17 10:08:24,556 [628294af-df22-4587-a03c-3d260cac0b0d-groupManagement] INFO  segmented.SegmentedRaftLogWorker (SegmentedRaftLogWorker.java:<init>(190)) - new 628294af-df22-4587-a03c-3d260cac0b0d@group-024C0939026E-SegmentedRaftLogWorker for RaftStorageImpl:Storage Directory /home/runner/work/ozone/ozone/hadoop-ozone/integration-test/target/test-dir/MiniOzoneClusterImpl-23131a72-7b0b-4764-8300-fa1f685ccd15/ozone-meta/datanode-5/ratis/bc69a121-125a-4a8f-a312-024c0939026e
2025-07-17 10:08:24,556 [628294af-df22-4587-a03c-3d260cac0b0d-groupManagement] INFO  server.RaftServerConfigKeys (ConfUtils.java:logGet(62)) - raft.server.log.queue.byte-limit = 4294967296 (custom)
2025-07-17 10:08:24,556 [628294af-df22-4587-a03c-3d260cac0b0d-groupManagement] INFO  server.RaftServerConfigKeys (ConfUtils.java:logGet(62)) - raft.server.log.segment.size.max = 67108864 (custom)
2025-07-17 10:08:24,556 [628294af-df22-4587-a03c-3d260cac0b0d-groupManagement] INFO  server.RaftServerConfigKeys (ConfUtils.java:logGet(62)) - raft.server.log.preallocated.size = 4194304 (custom)
2025-07-17 10:08:24,556 [628294af-df22-4587-a03c-3d260cac0b0d-groupManagement] INFO  server.RaftServerConfigKeys (ConfUtils.java:logGet(62)) - raft.server.log.write.buffer.size = 33554440 (custom)
2025-07-17 10:08:24,557 [c064cb97-b0d4-4999-8a53-4476ef6c9df7-CloseContainerThread-1] INFO  commandhandler.CloseContainerCommandHandler (CloseContainerCommandHandler.java:lambda$handle$0(105)) - Container #7 does not exist in datanode. Its pipeline may have closed before it was created. Container close failed.
2025-07-17 10:08:24,557 [c064cb97-b0d4-4999-8a53-4476ef6c9df7-CloseContainerThread-1] INFO  commandhandler.CloseContainerCommandHandler (CloseContainerCommandHandler.java:lambda$handle$0(105)) - Container #8 does not exist in datanode. Its pipeline may have closed before it was created. Container close failed.
2025-07-17 10:08:24,563 [c064cb97-b0d4-4999-8a53-4476ef6c9df7-CloseContainerThread-2] WARN  keyvalue.KeyValueHandler (KeyValueHandler.java:updateAndGetContainerChecksum(1451)) - Container data checksum updated from 0 to 2f9d4286
2025-07-17 10:08:24,563 [628294af-df22-4587-a03c-3d260cac0b0d-groupManagement] INFO  server.RaftServerConfigKeys (ConfUtils.java:logGet(62)) - raft.server.log.appender.buffer.byte-limit = 33554432 (custom)
2025-07-17 10:08:24,563 [628294af-df22-4587-a03c-3d260cac0b0d-groupManagement] INFO  segmented.SegmentedRaftLogWorker (SegmentedRaftLogWorker.java:lambda$new$0(141)) - 628294af-df22-4587-a03c-3d260cac0b0d@group-024C0939026E-SegmentedRaftLogWorker: flushIndex: setUnconditionally 0 -> -1
2025-07-17 10:08:24,563 [628294af-df22-4587-a03c-3d260cac0b0d-groupManagement] INFO  segmented.SegmentedRaftLogWorker (SegmentedRaftLogWorker.java:lambda$new$0(141)) - 628294af-df22-4587-a03c-3d260cac0b0d@group-024C0939026E-SegmentedRaftLogWorker: safeCacheEvictIndex: setUnconditionally 0 -> -1
2025-07-17 10:08:24,565 [c064cb97-b0d4-4999-8a53-4476ef6c9df7-CloseContainerThread-1] WARN  keyvalue.KeyValueHandler (KeyValueHandler.java:updateAndGetContainerChecksum(1451)) - Container data checksum updated from 0 to 2f9d4286
2025-07-17 10:08:24,565 [628294af-df22-4587-a03c-3d260cac0b0d-groupManagement] INFO  server.RaftServer$Division (RaftServerImpl.java:start(405)) - 628294af-df22-4587-a03c-3d260cac0b0d@group-024C0939026E: start as a follower, conf=conf: {index: -1, cur=peers:[628294af-df22-4587-a03c-3d260cac0b0d|127.0.0.1:15047, 37754dfa-c736-40ed-ad20-c0e05bb1c167|127.0.0.1:15023, c064cb97-b0d4-4999-8a53-4476ef6c9df7|127.0.0.1:15015]|listeners:[], old=null}
2025-07-17 10:08:24,565 [628294af-df22-4587-a03c-3d260cac0b0d-groupManagement] INFO  server.RaftServer$Division (RaftServerImpl.java:setRole(392)) - 628294af-df22-4587-a03c-3d260cac0b0d@group-024C0939026E: changes role from      null to FOLLOWER at term 0 for startAsFollower
2025-07-17 10:08:24,565 [628294af-df22-4587-a03c-3d260cac0b0d-groupManagement] INFO  impl.RoleInfo (RoleInfo.java:updateAndGet(148)) - 628294af-df22-4587-a03c-3d260cac0b0d: start 628294af-df22-4587-a03c-3d260cac0b0d@group-024C0939026E-FollowerState
2025-07-17 10:08:24,567 [c064cb97-b0d4-4999-8a53-4476ef6c9df7-CloseContainerThread-0] WARN  keyvalue.KeyValueHandler (KeyValueHandler.java:updateAndGetContainerChecksum(1451)) - Container data checksum updated from 0 to b9e73c0b
2025-07-17 10:08:24,567 [c064cb97-b0d4-4999-8a53-4476ef6c9df7-ContainerOp-d8074386-315b-485d-8991-728281082064-9] INFO  keyvalue.KeyValueContainer (KeyValueContainer.java:flushAndSyncDB(514)) - Synced container: KeyValueContainerData #17 (CLOSING, non-empty, ri=0, origin=[dn_c064cb97-b0d4-4999-8a53-4476ef6c9df7, pipeline_d8074386-315b-485d-8991-728281082064])
2025-07-17 10:08:24,567 [c064cb97-b0d4-4999-8a53-4476ef6c9df7-ContainerOp-d8074386-315b-485d-8991-728281082064-9] INFO  keyvalue.KeyValueContainer (KeyValueContainer.java:flushAndSyncDB(514)) - Synced container: KeyValueContainerData #17 (CLOSING, non-empty, ri=0, origin=[dn_c064cb97-b0d4-4999-8a53-4476ef6c9df7, pipeline_d8074386-315b-485d-8991-728281082064])
2025-07-17 10:08:24,567 [c064cb97-b0d4-4999-8a53-4476ef6c9df7-CloseContainerThread-0] ERROR commandhandler.CloseContainerCommandHandler (CloseContainerCommandHandler.java:lambda$handle$0(156)) - Can't close container #28
java.io.IOException: org.apache.ratis.protocol.exceptions.GroupMismatchException: c064cb97-b0d4-4999-8a53-4476ef6c9df7: group-5535B6D3DCF1 not found.
	at org.apache.hadoop.ozone.container.common.transport.server.ratis.XceiverServerRatis.submitRequest(XceiverServerRatis.java:674)
	at org.apache.hadoop.ozone.container.common.statemachine.commandhandler.CloseContainerCommandHandler.lambda$handle$0(CloseContainerCommandHandler.java:126)
	at java.base/java.util.concurrent.CompletableFuture$AsyncRun.run(CompletableFuture.java:1804)
	at java.base/java.util.concurrent.ThreadPoolExecutor.runWorker(ThreadPoolExecutor.java:1144)
	at java.base/java.util.concurrent.ThreadPoolExecutor$Worker.run(ThreadPoolExecutor.java:642)
	at java.base/java.lang.Thread.run(Thread.java:1583)
Caused by: java.util.concurrent.ExecutionException: org.apache.ratis.protocol.exceptions.GroupMismatchException: c064cb97-b0d4-4999-8a53-4476ef6c9df7: group-5535B6D3DCF1 not found.
	at java.base/java.util.concurrent.CompletableFuture.reportGet(CompletableFuture.java:396)
	at java.base/java.util.concurrent.CompletableFuture.get(CompletableFuture.java:2096)
	at org.apache.hadoop.ozone.container.common.transport.server.ratis.XceiverServerRatis.submitRequest(XceiverServerRatis.java:672)
	... 5 more
Caused by: org.apache.ratis.protocol.exceptions.GroupMismatchException: c064cb97-b0d4-4999-8a53-4476ef6c9df7: group-5535B6D3DCF1 not found.
	at org.apache.ratis.server.impl.RaftServerProxy$ImplMap.get(RaftServerProxy.java:160)
	at org.apache.ratis.server.impl.RaftServerProxy.getImplFuture(RaftServerProxy.java:370)
	at org.apache.ratis.server.impl.RaftServerProxy.submitClientRequestAsync(RaftServerProxy.java:455)
	at org.apache.hadoop.ozone.container.common.transport.server.ratis.XceiverServerRatis.submitRequest(XceiverServerRatis.java:671)
	... 5 more
2025-07-17 10:08:24,568 [c064cb97-b0d4-4999-8a53-4476ef6c9df7-CloseContainerThread-0] INFO  commandhandler.CloseContainerCommandHandler (CloseContainerCommandHandler.java:lambda$handle$0(105)) - Container #31 does not exist in datanode. Its pipeline may have closed before it was created. Container close failed.
2025-07-17 10:08:24,568 [c064cb97-b0d4-4999-8a53-4476ef6c9df7-CloseContainerThread-0] INFO  commandhandler.CloseContainerCommandHandler (CloseContainerCommandHandler.java:lambda$handle$0(105)) - Container #32 does not exist in datanode. Its pipeline may have closed before it was created. Container close failed.
2025-07-17 10:08:24,568 [c064cb97-b0d4-4999-8a53-4476ef6c9df7-CloseContainerThread-0] INFO  commandhandler.CloseContainerCommandHandler (CloseContainerCommandHandler.java:lambda$handle$0(105)) - Container #33 does not exist in datanode. Its pipeline may have closed before it was created. Container close failed.
2025-07-17 10:08:24,568 [c064cb97-b0d4-4999-8a53-4476ef6c9df7-CloseContainerThread-0] INFO  commandhandler.CloseContainerCommandHandler (CloseContainerCommandHandler.java:lambda$handle$0(105)) - Container #34 does not exist in datanode. Its pipeline may have closed before it was created. Container close failed.
2025-07-17 10:08:24,568 [c064cb97-b0d4-4999-8a53-4476ef6c9df7-CloseContainerThread-0] INFO  commandhandler.CloseContainerCommandHandler (CloseContainerCommandHandler.java:lambda$handle$0(105)) - Container #35 does not exist in datanode. Its pipeline may have closed before it was created. Container close failed.
2025-07-17 10:08:24,567 [c064cb97-b0d4-4999-8a53-4476ef6c9df7-ContainerOp-d8074386-315b-485d-8991-728281082064-0] INFO  keyvalue.KeyValueContainer (KeyValueContainer.java:flushAndSyncDB(514)) - Synced container: KeyValueContainerData #14 (CLOSING, non-empty, ri=0, origin=[dn_c064cb97-b0d4-4999-8a53-4476ef6c9df7, pipeline_d8074386-315b-485d-8991-728281082064])
2025-07-17 10:08:24,568 [628294af-df22-4587-a03c-3d260cac0b0d-groupManagement] INFO  util.JmxRegister (JmxRegister.java:tryRegister(44)) - Successfully registered JMX Bean with object name Ratis:service=RaftServer,group=group-024C0939026E,id=628294af-df22-4587-a03c-3d260cac0b0d
2025-07-17 10:08:24,568 [628294af-df22-4587-a03c-3d260cac0b0d-groupManagement] INFO  util.JmxRegister (JmxRegister.java:register(58)) - register mxBean class org.apache.ratis.server.impl.RaftServerJmxAdapter as Ratis:service=RaftServer,group=group-024C0939026E,id=628294af-df22-4587-a03c-3d260cac0b0d
2025-07-17 10:08:24,568 [c064cb97-b0d4-4999-8a53-4476ef6c9df7-ContainerOp-d8074386-315b-485d-8991-728281082064-0] INFO  keyvalue.KeyValueContainer (KeyValueContainer.java:flushAndSyncDB(514)) - Synced container: KeyValueContainerData #14 (CLOSING, non-empty, ri=0, origin=[dn_c064cb97-b0d4-4999-8a53-4476ef6c9df7, pipeline_d8074386-315b-485d-8991-728281082064])
2025-07-17 10:08:24,572 [628294af-df22-4587-a03c-3d260cac0b0d-groupManagement] INFO  server.RaftServer$Division (RaftServerImpl.java:start(419)) - 628294af-df22-4587-a03c-3d260cac0b0d@group-024C0939026E: Successfully started.
2025-07-17 10:08:24,574 [c064cb97-b0d4-4999-8a53-4476ef6c9df7-ContainerOp-d8074386-315b-485d-8991-728281082064-0] INFO  keyvalue.KeyValueContainer (KeyValueContainer.java:close(430)) - Closed container: KeyValueContainerData #14 (CLOSED, non-empty, ri=0, origin=[dn_c064cb97-b0d4-4999-8a53-4476ef6c9df7, pipeline_d8074386-315b-485d-8991-728281082064])
2025-07-17 10:08:24,574 [c064cb97-b0d4-4999-8a53-4476ef6c9df7-ContainerOp-d8074386-315b-485d-8991-728281082064-9] INFO  keyvalue.KeyValueContainer (KeyValueContainer.java:close(430)) - Closed container: KeyValueContainerData #17 (CLOSED, non-empty, ri=0, origin=[dn_c064cb97-b0d4-4999-8a53-4476ef6c9df7, pipeline_d8074386-315b-485d-8991-728281082064])
2025-07-17 10:08:24,575 [FixedThreadPoolWithAffinityExecutor-9-0] INFO  container.IncrementalContainerReportHandler (AbstractContainerReportHandler.java:updateContainerState(289)) - CLOSE Container #14 (CLOSING, sid=2) r0 (CLOSED, bcsid=2, origin=c064cb97-b0d4-4999-8a53-4476ef6c9df7, non-empty) from dn c064cb97-b0d4-4999-8a53-4476ef6c9df7(localhost/127.0.0.1)
2025-07-17 10:08:24,577 [FixedThreadPoolWithAffinityExecutor-9-0] INFO  container.IncrementalContainerReportHandler (AbstractContainerReportHandler.java:updateContainerState(289)) - CLOSE Container #17 (CLOSING, sid=5) r0 (CLOSED, bcsid=5, origin=c064cb97-b0d4-4999-8a53-4476ef6c9df7, non-empty) from dn c064cb97-b0d4-4999-8a53-4476ef6c9df7(localhost/127.0.0.1)
2025-07-17 10:08:24,578 [37754dfa-c736-40ed-ad20-c0e05bb1c167-PipelineCommandHandlerThread-0] INFO  commandhandler.CreatePipelineCommandHandler (CreatePipelineCommandHandler.java:lambda$handle$2(127)) - Created Pipeline RATIS THREE Pipeline-bc69a121-125a-4a8f-a312-024c0939026e.
2025-07-17 10:08:24,825 [628294af-df22-4587-a03c-3d260cac0b0d-CloseContainerThread-0] INFO  commandhandler.CloseContainerCommandHandler (CloseContainerCommandHandler.java:lambda$handle$0(105)) - Container #29 does not exist in datanode. Its pipeline may have closed before it was created. Container close failed.
2025-07-17 10:08:24,825 [628294af-df22-4587-a03c-3d260cac0b0d-CloseContainerThread-0] INFO  commandhandler.CloseContainerCommandHandler (CloseContainerCommandHandler.java:lambda$handle$0(105)) - Container #31 does not exist in datanode. Its pipeline may have closed before it was created. Container close failed.
2025-07-17 10:08:24,825 [628294af-df22-4587-a03c-3d260cac0b0d-CloseContainerThread-0] INFO  commandhandler.CloseContainerCommandHandler (CloseContainerCommandHandler.java:lambda$handle$0(105)) - Container #32 does not exist in datanode. Its pipeline may have closed before it was created. Container close failed.
2025-07-17 10:08:24,825 [628294af-df22-4587-a03c-3d260cac0b0d-CloseContainerThread-0] INFO  commandhandler.CloseContainerCommandHandler (CloseContainerCommandHandler.java:lambda$handle$0(105)) - Container #33 does not exist in datanode. Its pipeline may have closed before it was created. Container close failed.
2025-07-17 10:08:24,826 [628294af-df22-4587-a03c-3d260cac0b0d-CloseContainerThread-0] INFO  commandhandler.CloseContainerCommandHandler (CloseContainerCommandHandler.java:lambda$handle$0(105)) - Container #34 does not exist in datanode. Its pipeline may have closed before it was created. Container close failed.
2025-07-17 10:08:24,826 [628294af-df22-4587-a03c-3d260cac0b0d-CloseContainerThread-1] INFO  commandhandler.CloseContainerCommandHandler (CloseContainerCommandHandler.java:lambda$handle$0(105)) - Container #35 does not exist in datanode. Its pipeline may have closed before it was created. Container close failed.
2025-07-17 10:08:25,422 [c064cb97-b0d4-4999-8a53-4476ef6c9df7-PipelineCommandHandlerThread-0] INFO  segmented.SegmentedRaftLogWorker (SegmentedRaftLogWorker.java:close(254)) - c064cb97-b0d4-4999-8a53-4476ef6c9df7@group-5535B6D3DCF1-SegmentedRaftLogWorker close()
2025-07-17 10:08:25,423 [c064cb97-b0d4-4999-8a53-4476ef6c9df7-PipelineCommandHandlerThread-0] INFO  keyvalue.KeyValueContainer (KeyValueContainer.java:flushAndSyncDB(514)) - Synced container: KeyValueContainerData #28 (CLOSING, non-empty, ri=0, origin=[dn_c064cb97-b0d4-4999-8a53-4476ef6c9df7, pipeline_1a66105a-c72f-49db-9ccd-5535b6d3dcf1])
2025-07-17 10:08:25,423 [c064cb97-b0d4-4999-8a53-4476ef6c9df7-PipelineCommandHandlerThread-0] INFO  keyvalue.KeyValueContainer (KeyValueContainer.java:flushAndSyncDB(514)) - Synced container: KeyValueContainerData #28 (CLOSING, non-empty, ri=0, origin=[dn_c064cb97-b0d4-4999-8a53-4476ef6c9df7, pipeline_1a66105a-c72f-49db-9ccd-5535b6d3dcf1])
2025-07-17 10:08:25,427 [c064cb97-b0d4-4999-8a53-4476ef6c9df7-PipelineCommandHandlerThread-0] INFO  server.RaftServer$Division (RaftServerImpl.java:groupRemove(497)) - c064cb97-b0d4-4999-8a53-4476ef6c9df7@group-5535B6D3DCF1: Succeed to remove RaftStorageDirectory Storage Directory /home/runner/work/ozone/ozone/hadoop-ozone/integration-test/target/test-dir/MiniOzoneClusterImpl-23131a72-7b0b-4764-8300-fa1f685ccd15/ozone-meta/datanode-1/ratis/1a66105a-c72f-49db-9ccd-5535b6d3dcf1
2025-07-17 10:08:25,427 [c064cb97-b0d4-4999-8a53-4476ef6c9df7-PipelineCommandHandlerThread-0] INFO  commandhandler.ClosePipelineCommandHandler (ClosePipelineCommandHandler.java:lambda$handle$2(142)) - Close Pipeline Pipeline-1a66105a-c72f-49db-9ccd-5535b6d3dcf1 command on datanode c064cb97-b0d4-4999-8a53-4476ef6c9df7(localhost/127.0.0.1).
2025-07-17 10:08:25,650 [c064cb97-b0d4-4999-8a53-4476ef6c9df7@group-024C0939026E-FollowerState] INFO  impl.FollowerState (FollowerState.java:runImpl(161)) - c064cb97-b0d4-4999-8a53-4476ef6c9df7@group-024C0939026E-FollowerState: change to CANDIDATE, lastRpcElapsedTime:1122874879ns, electionTimeout:1122ms
2025-07-17 10:08:25,650 [c064cb97-b0d4-4999-8a53-4476ef6c9df7@group-024C0939026E-FollowerState] INFO  impl.RoleInfo (RoleInfo.java:shutdownFollowerState(121)) - c064cb97-b0d4-4999-8a53-4476ef6c9df7: shutdown c064cb97-b0d4-4999-8a53-4476ef6c9df7@group-024C0939026E-FollowerState
2025-07-17 10:08:25,650 [c064cb97-b0d4-4999-8a53-4476ef6c9df7@group-024C0939026E-FollowerState] INFO  server.RaftServer$Division (RaftServerImpl.java:setRole(392)) - c064cb97-b0d4-4999-8a53-4476ef6c9df7@group-024C0939026E: changes role from  FOLLOWER to CANDIDATE at term 0 for changeToCandidate
2025-07-17 10:08:25,650 [c064cb97-b0d4-4999-8a53-4476ef6c9df7@group-024C0939026E-FollowerState] INFO  impl.RoleInfo (RoleInfo.java:updateAndGet(148)) - c064cb97-b0d4-4999-8a53-4476ef6c9df7: start c064cb97-b0d4-4999-8a53-4476ef6c9df7@group-024C0939026E-LeaderElection12
2025-07-17 10:08:25,651 [c064cb97-b0d4-4999-8a53-4476ef6c9df7@group-024C0939026E-LeaderElection12] INFO  impl.LeaderElection (LeaderElection.java:askForVotes(448)) - c064cb97-b0d4-4999-8a53-4476ef6c9df7@group-024C0939026E-LeaderElection12 PRE_VOTE round 0: submit vote requests at term 0 for conf: {index: -1, cur=peers:[628294af-df22-4587-a03c-3d260cac0b0d|127.0.0.1:15047, 37754dfa-c736-40ed-ad20-c0e05bb1c167|127.0.0.1:15023, c064cb97-b0d4-4999-8a53-4476ef6c9df7|127.0.0.1:15015]|listeners:[], old=null}
2025-07-17 10:08:25,651 [c064cb97-b0d4-4999-8a53-4476ef6c9df7@group-024C0939026E-LeaderElection12-1] INFO  server.GrpcServerProtocolClient (GrpcServerProtocolClient.java:<init>(65)) - Build channel for 628294af-df22-4587-a03c-3d260cac0b0d|127.0.0.1:15047
2025-07-17 10:08:25,653 [grpc-default-executor-4] INFO  server.RaftServer$Division (RaftServerImpl.java:requestVote(1421)) - 37754dfa-c736-40ed-ad20-c0e05bb1c167@group-024C0939026E: receive requestVote(PRE_VOTE, c064cb97-b0d4-4999-8a53-4476ef6c9df7, group-024C0939026E, 0, <PROTO_DEFAULT>)
2025-07-17 10:08:25,654 [grpc-default-executor-4] INFO  impl.VoteContext (VoteContext.java:log(49)) - 37754dfa-c736-40ed-ad20-c0e05bb1c167@group-024C0939026E-FOLLOWER: accept PRE_VOTE from c064cb97-b0d4-4999-8a53-4476ef6c9df7: our priority 0 <= candidate's priority 0
2025-07-17 10:08:25,654 [grpc-default-executor-4] INFO  server.RaftServer$Division (RaftServerImpl.java:requestVote(1455)) - 37754dfa-c736-40ed-ad20-c0e05bb1c167@group-024C0939026E replies to PRE_VOTE vote request: c064cb97-b0d4-4999-8a53-4476ef6c9df7<-37754dfa-c736-40ed-ad20-c0e05bb1c167#0:OK-t0-last:<INITIAL_VALUE>. Peer's state: 37754dfa-c736-40ed-ad20-c0e05bb1c167@group-024C0939026E:t0, leader=null, voted=, raftlog=Memoized:37754dfa-c736-40ed-ad20-c0e05bb1c167@group-024C0939026E-SegmentedRaftLog:OPENED:c-1:lastnull, conf=conf: {index: -1, cur=peers:[628294af-df22-4587-a03c-3d260cac0b0d|127.0.0.1:15047, 37754dfa-c736-40ed-ad20-c0e05bb1c167|127.0.0.1:15023, c064cb97-b0d4-4999-8a53-4476ef6c9df7|127.0.0.1:15015]|listeners:[], old=null}
2025-07-17 10:08:25,655 [grpc-default-executor-4] INFO  server.RaftServer$Division (RaftServerImpl.java:requestVote(1421)) - 628294af-df22-4587-a03c-3d260cac0b0d@group-024C0939026E: receive requestVote(PRE_VOTE, c064cb97-b0d4-4999-8a53-4476ef6c9df7, group-024C0939026E, 0, <PROTO_DEFAULT>)
2025-07-17 10:08:25,655 [grpc-default-executor-4] INFO  impl.VoteContext (VoteContext.java:log(49)) - 628294af-df22-4587-a03c-3d260cac0b0d@group-024C0939026E-FOLLOWER: reject PRE_VOTE from c064cb97-b0d4-4999-8a53-4476ef6c9df7: our priority 1 > candidate's priority 0
2025-07-17 10:08:25,656 [grpc-default-executor-4] INFO  server.RaftServer$Division (RaftServerImpl.java:requestVote(1455)) - 628294af-df22-4587-a03c-3d260cac0b0d@group-024C0939026E replies to PRE_VOTE vote request: c064cb97-b0d4-4999-8a53-4476ef6c9df7<-628294af-df22-4587-a03c-3d260cac0b0d#0:FAIL-t0-last:<INITIAL_VALUE>. Peer's state: 628294af-df22-4587-a03c-3d260cac0b0d@group-024C0939026E:t0, leader=null, voted=, raftlog=Memoized:628294af-df22-4587-a03c-3d260cac0b0d@group-024C0939026E-SegmentedRaftLog:OPENED:c-1:lastnull, conf=conf: {index: -1, cur=peers:[628294af-df22-4587-a03c-3d260cac0b0d|127.0.0.1:15047, 37754dfa-c736-40ed-ad20-c0e05bb1c167|127.0.0.1:15023, c064cb97-b0d4-4999-8a53-4476ef6c9df7|127.0.0.1:15015]|listeners:[], old=null}
2025-07-17 10:08:25,656 [c064cb97-b0d4-4999-8a53-4476ef6c9df7@group-024C0939026E-LeaderElection12] INFO  impl.LeaderElection (LeaderElection.java:logAndReturn(206)) - c064cb97-b0d4-4999-8a53-4476ef6c9df7@group-024C0939026E-LeaderElection12: PRE_VOTE REJECTED received 2 response(s) and 0 exception(s):
2025-07-17 10:08:25,657 [c064cb97-b0d4-4999-8a53-4476ef6c9df7@group-024C0939026E-LeaderElection12] INFO  impl.LeaderElection (LeaderElection.java:logAndReturn(210)) -   Response 0: c064cb97-b0d4-4999-8a53-4476ef6c9df7<-628294af-df22-4587-a03c-3d260cac0b0d#0:FAIL-t0-last:<INITIAL_VALUE>
2025-07-17 10:08:25,657 [c064cb97-b0d4-4999-8a53-4476ef6c9df7@group-024C0939026E-LeaderElection12] INFO  impl.LeaderElection (LeaderElection.java:logAndReturn(210)) -   Response 1: c064cb97-b0d4-4999-8a53-4476ef6c9df7<-37754dfa-c736-40ed-ad20-c0e05bb1c167#0:OK-t0-last:<INITIAL_VALUE>
2025-07-17 10:08:25,657 [c064cb97-b0d4-4999-8a53-4476ef6c9df7@group-024C0939026E-LeaderElection12] INFO  impl.LeaderElection (LeaderElection.java:askForVotes(450)) - c064cb97-b0d4-4999-8a53-4476ef6c9df7@group-024C0939026E-LeaderElection12 PRE_VOTE round 0: result REJECTED
2025-07-17 10:08:25,657 [c064cb97-b0d4-4999-8a53-4476ef6c9df7@group-024C0939026E-LeaderElection12] INFO  server.RaftServer$Division (RaftServerImpl.java:setRole(392)) - c064cb97-b0d4-4999-8a53-4476ef6c9df7@group-024C0939026E: changes role from CANDIDATE to FOLLOWER at term 0 for REJECTED
2025-07-17 10:08:25,657 [c064cb97-b0d4-4999-8a53-4476ef6c9df7@group-024C0939026E-LeaderElection12] INFO  impl.RoleInfo (RoleInfo.java:shutdownLeaderElection(141)) - c064cb97-b0d4-4999-8a53-4476ef6c9df7: shutdown c064cb97-b0d4-4999-8a53-4476ef6c9df7@group-024C0939026E-LeaderElection12
2025-07-17 10:08:25,657 [c064cb97-b0d4-4999-8a53-4476ef6c9df7@group-024C0939026E-LeaderElection12] INFO  impl.RoleInfo (RoleInfo.java:updateAndGet(148)) - c064cb97-b0d4-4999-8a53-4476ef6c9df7: start c064cb97-b0d4-4999-8a53-4476ef6c9df7@group-024C0939026E-FollowerState
2025-07-17 10:08:25,658 [c064cb97-b0d4-4999-8a53-4476ef6c9df7@group-024C0939026E-LeaderElection12] INFO  server.RaftServer$Division (RaftServerImpl.java:setFirstElection(576)) - c064cb97-b0d4-4999-8a53-4476ef6c9df7@group-024C0939026E: set firstElectionSinceStartup to false for REJECTED
2025-07-17 10:08:25,672 [628294af-df22-4587-a03c-3d260cac0b0d@group-024C0939026E-FollowerState] INFO  impl.FollowerState (FollowerState.java:runImpl(161)) - 628294af-df22-4587-a03c-3d260cac0b0d@group-024C0939026E-FollowerState: change to CANDIDATE, lastRpcElapsedTime:1106760165ns, electionTimeout:1104ms
2025-07-17 10:08:25,672 [628294af-df22-4587-a03c-3d260cac0b0d@group-024C0939026E-FollowerState] INFO  impl.RoleInfo (RoleInfo.java:shutdownFollowerState(121)) - 628294af-df22-4587-a03c-3d260cac0b0d: shutdown 628294af-df22-4587-a03c-3d260cac0b0d@group-024C0939026E-FollowerState
2025-07-17 10:08:25,672 [628294af-df22-4587-a03c-3d260cac0b0d@group-024C0939026E-FollowerState] INFO  server.RaftServer$Division (RaftServerImpl.java:setRole(392)) - 628294af-df22-4587-a03c-3d260cac0b0d@group-024C0939026E: changes role from  FOLLOWER to CANDIDATE at term 0 for changeToCandidate
2025-07-17 10:08:25,672 [628294af-df22-4587-a03c-3d260cac0b0d@group-024C0939026E-FollowerState] INFO  impl.RoleInfo (RoleInfo.java:updateAndGet(148)) - 628294af-df22-4587-a03c-3d260cac0b0d: start 628294af-df22-4587-a03c-3d260cac0b0d@group-024C0939026E-LeaderElection13
2025-07-17 10:08:25,673 [628294af-df22-4587-a03c-3d260cac0b0d@group-024C0939026E-LeaderElection13] INFO  impl.LeaderElection (LeaderElection.java:askForVotes(448)) - 628294af-df22-4587-a03c-3d260cac0b0d@group-024C0939026E-LeaderElection13 PRE_VOTE round 0: submit vote requests at term 0 for conf: {index: -1, cur=peers:[628294af-df22-4587-a03c-3d260cac0b0d|127.0.0.1:15047, 37754dfa-c736-40ed-ad20-c0e05bb1c167|127.0.0.1:15023, c064cb97-b0d4-4999-8a53-4476ef6c9df7|127.0.0.1:15015]|listeners:[], old=null}
2025-07-17 10:08:25,673 [628294af-df22-4587-a03c-3d260cac0b0d@group-024C0939026E-LeaderElection13-1] INFO  server.GrpcServerProtocolClient (GrpcServerProtocolClient.java:<init>(65)) - Build channel for 37754dfa-c736-40ed-ad20-c0e05bb1c167|127.0.0.1:15023
2025-07-17 10:08:25,673 [628294af-df22-4587-a03c-3d260cac0b0d@group-024C0939026E-LeaderElection13-2] INFO  server.GrpcServerProtocolClient (GrpcServerProtocolClient.java:<init>(65)) - Build channel for c064cb97-b0d4-4999-8a53-4476ef6c9df7|127.0.0.1:15015
2025-07-17 10:08:25,676 [grpc-default-executor-3] INFO  server.RaftServer$Division (RaftServerImpl.java:requestVote(1421)) - 37754dfa-c736-40ed-ad20-c0e05bb1c167@group-024C0939026E: receive requestVote(PRE_VOTE, 628294af-df22-4587-a03c-3d260cac0b0d, group-024C0939026E, 0, <PROTO_DEFAULT>)
2025-07-17 10:08:25,676 [grpc-default-executor-3] INFO  impl.VoteContext (VoteContext.java:log(49)) - 37754dfa-c736-40ed-ad20-c0e05bb1c167@group-024C0939026E-FOLLOWER: accept PRE_VOTE from 628294af-df22-4587-a03c-3d260cac0b0d: our priority 0 <= candidate's priority 1
2025-07-17 10:08:25,676 [grpc-default-executor-4] INFO  server.RaftServer$Division (RaftServerImpl.java:requestVote(1421)) - c064cb97-b0d4-4999-8a53-4476ef6c9df7@group-024C0939026E: receive requestVote(PRE_VOTE, 628294af-df22-4587-a03c-3d260cac0b0d, group-024C0939026E, 0, <PROTO_DEFAULT>)
2025-07-17 10:08:25,676 [grpc-default-executor-4] INFO  impl.VoteContext (VoteContext.java:log(49)) - c064cb97-b0d4-4999-8a53-4476ef6c9df7@group-024C0939026E-FOLLOWER: accept PRE_VOTE from 628294af-df22-4587-a03c-3d260cac0b0d: our priority 0 <= candidate's priority 1
2025-07-17 10:08:25,677 [grpc-default-executor-4] INFO  server.RaftServer$Division (RaftServerImpl.java:requestVote(1455)) - c064cb97-b0d4-4999-8a53-4476ef6c9df7@group-024C0939026E replies to PRE_VOTE vote request: 628294af-df22-4587-a03c-3d260cac0b0d<-c064cb97-b0d4-4999-8a53-4476ef6c9df7#0:OK-t0-last:<INITIAL_VALUE>. Peer's state: c064cb97-b0d4-4999-8a53-4476ef6c9df7@group-024C0939026E:t0, leader=null, voted=, raftlog=Memoized:c064cb97-b0d4-4999-8a53-4476ef6c9df7@group-024C0939026E-SegmentedRaftLog:OPENED:c-1:lastnull, conf=conf: {index: -1, cur=peers:[628294af-df22-4587-a03c-3d260cac0b0d|127.0.0.1:15047, 37754dfa-c736-40ed-ad20-c0e05bb1c167|127.0.0.1:15023, c064cb97-b0d4-4999-8a53-4476ef6c9df7|127.0.0.1:15015]|listeners:[], old=null}
2025-07-17 10:08:25,677 [grpc-default-executor-3] INFO  server.RaftServer$Division (RaftServerImpl.java:requestVote(1455)) - 37754dfa-c736-40ed-ad20-c0e05bb1c167@group-024C0939026E replies to PRE_VOTE vote request: 628294af-df22-4587-a03c-3d260cac0b0d<-37754dfa-c736-40ed-ad20-c0e05bb1c167#0:OK-t0-last:<INITIAL_VALUE>. Peer's state: 37754dfa-c736-40ed-ad20-c0e05bb1c167@group-024C0939026E:t0, leader=null, voted=, raftlog=Memoized:37754dfa-c736-40ed-ad20-c0e05bb1c167@group-024C0939026E-SegmentedRaftLog:OPENED:c-1:lastnull, conf=conf: {index: -1, cur=peers:[628294af-df22-4587-a03c-3d260cac0b0d|127.0.0.1:15047, 37754dfa-c736-40ed-ad20-c0e05bb1c167|127.0.0.1:15023, c064cb97-b0d4-4999-8a53-4476ef6c9df7|127.0.0.1:15015]|listeners:[], old=null}
2025-07-17 10:08:25,678 [628294af-df22-4587-a03c-3d260cac0b0d@group-024C0939026E-LeaderElection13] INFO  impl.LeaderElection (LeaderElection.java:logAndReturn(206)) - 628294af-df22-4587-a03c-3d260cac0b0d@group-024C0939026E-LeaderElection13: PRE_VOTE PASSED received 1 response(s) and 0 exception(s):
2025-07-17 10:08:25,678 [628294af-df22-4587-a03c-3d260cac0b0d@group-024C0939026E-LeaderElection13] INFO  impl.LeaderElection (LeaderElection.java:logAndReturn(210)) -   Response 0: 628294af-df22-4587-a03c-3d260cac0b0d<-c064cb97-b0d4-4999-8a53-4476ef6c9df7#0:OK-t0-last:<INITIAL_VALUE>
2025-07-17 10:08:25,678 [628294af-df22-4587-a03c-3d260cac0b0d@group-024C0939026E-LeaderElection13] INFO  impl.LeaderElection (LeaderElection.java:askForVotes(450)) - 628294af-df22-4587-a03c-3d260cac0b0d@group-024C0939026E-LeaderElection13 PRE_VOTE round 0: result PASSED
2025-07-17 10:08:25,679 [628294af-df22-4587-a03c-3d260cac0b0d@group-024C0939026E-LeaderElection13] INFO  impl.LeaderElection (LeaderElection.java:askForVotes(448)) - 628294af-df22-4587-a03c-3d260cac0b0d@group-024C0939026E-LeaderElection13 ELECTION round 0: submit vote requests at term 1 for conf: {index: -1, cur=peers:[628294af-df22-4587-a03c-3d260cac0b0d|127.0.0.1:15047, 37754dfa-c736-40ed-ad20-c0e05bb1c167|127.0.0.1:15023, c064cb97-b0d4-4999-8a53-4476ef6c9df7|127.0.0.1:15015]|listeners:[], old=null}
2025-07-17 10:08:25,681 [grpc-default-executor-3] INFO  server.RaftServer$Division (RaftServerImpl.java:requestVote(1421)) - c064cb97-b0d4-4999-8a53-4476ef6c9df7@group-024C0939026E: receive requestVote(ELECTION, 628294af-df22-4587-a03c-3d260cac0b0d, group-024C0939026E, 1, <PROTO_DEFAULT>)
2025-07-17 10:08:25,681 [grpc-default-executor-4] INFO  server.RaftServer$Division (RaftServerImpl.java:requestVote(1421)) - 37754dfa-c736-40ed-ad20-c0e05bb1c167@group-024C0939026E: receive requestVote(ELECTION, 628294af-df22-4587-a03c-3d260cac0b0d, group-024C0939026E, 1, <PROTO_DEFAULT>)
2025-07-17 10:08:25,682 [grpc-default-executor-4] INFO  impl.VoteContext (VoteContext.java:log(49)) - 37754dfa-c736-40ed-ad20-c0e05bb1c167@group-024C0939026E-FOLLOWER: accept ELECTION from 628294af-df22-4587-a03c-3d260cac0b0d: our priority 0 <= candidate's priority 1
2025-07-17 10:08:25,682 [grpc-default-executor-4] INFO  server.RaftServer$Division (RaftServerImpl.java:setRole(392)) - 37754dfa-c736-40ed-ad20-c0e05bb1c167@group-024C0939026E: changes role from  FOLLOWER to FOLLOWER at term 0 for candidate:628294af-df22-4587-a03c-3d260cac0b0d
2025-07-17 10:08:25,682 [grpc-default-executor-4] INFO  impl.RoleInfo (RoleInfo.java:shutdownFollowerState(121)) - 37754dfa-c736-40ed-ad20-c0e05bb1c167: shutdown 37754dfa-c736-40ed-ad20-c0e05bb1c167@group-024C0939026E-FollowerState
2025-07-17 10:08:25,681 [grpc-default-executor-3] INFO  impl.VoteContext (VoteContext.java:log(49)) - c064cb97-b0d4-4999-8a53-4476ef6c9df7@group-024C0939026E-FOLLOWER: accept ELECTION from 628294af-df22-4587-a03c-3d260cac0b0d: our priority 0 <= candidate's priority 1
2025-07-17 10:08:25,682 [grpc-default-executor-3] INFO  server.RaftServer$Division (RaftServerImpl.java:setRole(392)) - c064cb97-b0d4-4999-8a53-4476ef6c9df7@group-024C0939026E: changes role from  FOLLOWER to FOLLOWER at term 0 for candidate:628294af-df22-4587-a03c-3d260cac0b0d
2025-07-17 10:08:25,682 [37754dfa-c736-40ed-ad20-c0e05bb1c167@group-024C0939026E-FollowerState] INFO  impl.FollowerState (FollowerState.java:runImpl(170)) - 37754dfa-c736-40ed-ad20-c0e05bb1c167@group-024C0939026E-FollowerState was interrupted
2025-07-17 10:08:25,682 [grpc-default-executor-4] INFO  impl.RoleInfo (RoleInfo.java:updateAndGet(148)) - 37754dfa-c736-40ed-ad20-c0e05bb1c167: start 37754dfa-c736-40ed-ad20-c0e05bb1c167@group-024C0939026E-FollowerState
2025-07-17 10:08:25,683 [grpc-default-executor-4] INFO  server.RaftServer$Division (RaftServerImpl.java:setFirstElection(576)) - 37754dfa-c736-40ed-ad20-c0e05bb1c167@group-024C0939026E: set firstElectionSinceStartup to false for candidate:628294af-df22-4587-a03c-3d260cac0b0d
2025-07-17 10:08:25,682 [grpc-default-executor-3] INFO  impl.RoleInfo (RoleInfo.java:shutdownFollowerState(121)) - c064cb97-b0d4-4999-8a53-4476ef6c9df7: shutdown c064cb97-b0d4-4999-8a53-4476ef6c9df7@group-024C0939026E-FollowerState
2025-07-17 10:08:25,684 [grpc-default-executor-3] INFO  impl.RoleInfo (RoleInfo.java:updateAndGet(148)) - c064cb97-b0d4-4999-8a53-4476ef6c9df7: start c064cb97-b0d4-4999-8a53-4476ef6c9df7@group-024C0939026E-FollowerState
2025-07-17 10:08:25,684 [c064cb97-b0d4-4999-8a53-4476ef6c9df7@group-024C0939026E-FollowerState] INFO  impl.FollowerState (FollowerState.java:runImpl(170)) - c064cb97-b0d4-4999-8a53-4476ef6c9df7@group-024C0939026E-FollowerState was interrupted
2025-07-17 10:08:25,685 [grpc-default-executor-4] INFO  server.RaftServer$Division (RaftServerImpl.java:requestVote(1455)) - 37754dfa-c736-40ed-ad20-c0e05bb1c167@group-024C0939026E replies to ELECTION vote request: 628294af-df22-4587-a03c-3d260cac0b0d<-37754dfa-c736-40ed-ad20-c0e05bb1c167#0:OK-t1-last:<INITIAL_VALUE>. Peer's state: 37754dfa-c736-40ed-ad20-c0e05bb1c167@group-024C0939026E:t1, leader=null, voted=628294af-df22-4587-a03c-3d260cac0b0d, raftlog=Memoized:37754dfa-c736-40ed-ad20-c0e05bb1c167@group-024C0939026E-SegmentedRaftLog:OPENED:c-1:lastnull, conf=conf: {index: -1, cur=peers:[628294af-df22-4587-a03c-3d260cac0b0d|127.0.0.1:15047, 37754dfa-c736-40ed-ad20-c0e05bb1c167|127.0.0.1:15023, c064cb97-b0d4-4999-8a53-4476ef6c9df7|127.0.0.1:15015]|listeners:[], old=null}
2025-07-17 10:08:25,686 [628294af-df22-4587-a03c-3d260cac0b0d@group-024C0939026E-LeaderElection13] INFO  impl.LeaderElection (LeaderElection.java:logAndReturn(206)) - 628294af-df22-4587-a03c-3d260cac0b0d@group-024C0939026E-LeaderElection13: ELECTION PASSED received 1 response(s) and 0 exception(s):
2025-07-17 10:08:25,686 [628294af-df22-4587-a03c-3d260cac0b0d@group-024C0939026E-LeaderElection13] INFO  impl.LeaderElection (LeaderElection.java:logAndReturn(210)) -   Response 0: 628294af-df22-4587-a03c-3d260cac0b0d<-37754dfa-c736-40ed-ad20-c0e05bb1c167#0:OK-t1-last:<INITIAL_VALUE>
2025-07-17 10:08:25,686 [628294af-df22-4587-a03c-3d260cac0b0d@group-024C0939026E-LeaderElection13] INFO  impl.LeaderElection (LeaderElection.java:askForVotes(450)) - 628294af-df22-4587-a03c-3d260cac0b0d@group-024C0939026E-LeaderElection13 ELECTION round 0: result PASSED
2025-07-17 10:08:25,686 [628294af-df22-4587-a03c-3d260cac0b0d@group-024C0939026E-LeaderElection13] INFO  impl.RoleInfo (RoleInfo.java:shutdownLeaderElection(141)) - 628294af-df22-4587-a03c-3d260cac0b0d: shutdown 628294af-df22-4587-a03c-3d260cac0b0d@group-024C0939026E-LeaderElection13
2025-07-17 10:08:25,686 [628294af-df22-4587-a03c-3d260cac0b0d@group-024C0939026E-LeaderElection13] INFO  server.RaftServer$Division (RaftServerImpl.java:setRole(392)) - 628294af-df22-4587-a03c-3d260cac0b0d@group-024C0939026E: changes role from CANDIDATE to LEADER at term 1 for changeToLeader
2025-07-17 10:08:25,686 [628294af-df22-4587-a03c-3d260cac0b0d@group-024C0939026E-LeaderElection13] INFO  server.RaftServerConfigKeys (ConfUtils.java:logFallback(69)) - raft.server.staging.timeout = 15600ms (fallback to raft.server.rpc.timeout.max)
2025-07-17 10:08:25,686 [628294af-df22-4587-a03c-3d260cac0b0d@group-024C0939026E-LeaderElection13] INFO  server.RaftServerConfigKeys (ConfUtils.java:logGet(62)) - raft.server.write.byte-limit = 1024 M (=1073741824) (custom)
2025-07-17 10:08:25,686 [grpc-default-executor-3] INFO  server.RaftServer$Division (RaftServerImpl.java:requestVote(1455)) - c064cb97-b0d4-4999-8a53-4476ef6c9df7@group-024C0939026E replies to ELECTION vote request: 628294af-df22-4587-a03c-3d260cac0b0d<-c064cb97-b0d4-4999-8a53-4476ef6c9df7#0:OK-t1-last:<INITIAL_VALUE>. Peer's state: c064cb97-b0d4-4999-8a53-4476ef6c9df7@group-024C0939026E:t1, leader=null, voted=628294af-df22-4587-a03c-3d260cac0b0d, raftlog=Memoized:c064cb97-b0d4-4999-8a53-4476ef6c9df7@group-024C0939026E-SegmentedRaftLog:OPENED:c-1:lastnull, conf=conf: {index: -1, cur=peers:[628294af-df22-4587-a03c-3d260cac0b0d|127.0.0.1:15047, 37754dfa-c736-40ed-ad20-c0e05bb1c167|127.0.0.1:15023, c064cb97-b0d4-4999-8a53-4476ef6c9df7|127.0.0.1:15015]|listeners:[], old=null}
2025-07-17 10:08:25,688 [628294af-df22-4587-a03c-3d260cac0b0d@group-024C0939026E-LeaderElection13] INFO  server.RaftServerConfigKeys (ConfUtils.java:logGet(62)) - raft.server.log.appender.buffer.byte-limit = 33554432 (custom)
2025-07-17 10:08:25,689 [628294af-df22-4587-a03c-3d260cac0b0d@group-024C0939026E-LeaderElection13] INFO  server.RaftServerConfigKeys (ConfUtils.java:logGet(62)) - raft.server.log.appender.buffer.byte-limit = 33554432 (custom)
2025-07-17 10:08:25,689 [628294af-df22-4587-a03c-3d260cac0b0d@group-024C0939026E-LeaderElection13] INFO  impl.RoleInfo (RoleInfo.java:updateAndGet(148)) - 628294af-df22-4587-a03c-3d260cac0b0d: start 628294af-df22-4587-a03c-3d260cac0b0d@group-024C0939026E-LeaderStateImpl
2025-07-17 10:08:25,689 [628294af-df22-4587-a03c-3d260cac0b0d@group-024C0939026E-LeaderElection13] INFO  server.RaftServer$Division (RaftServerImpl.java:setFirstElection(576)) - 628294af-df22-4587-a03c-3d260cac0b0d@group-024C0939026E: set firstElectionSinceStartup to false for becomeLeader
2025-07-17 10:08:25,689 [628294af-df22-4587-a03c-3d260cac0b0d@group-024C0939026E-LeaderElection13] INFO  ratis.XceiverServerRatis (XceiverServerRatis.java:handleLeaderChangedNotification(944)) - Leader change notification received for group: group-024C0939026E with new leaderId: 628294af-df22-4587-a03c-3d260cac0b0d
2025-07-17 10:08:25,689 [628294af-df22-4587-a03c-3d260cac0b0d@group-024C0939026E-LeaderElection13] INFO  server.RaftServer$Division (ServerState.java:setLeader(272)) - 628294af-df22-4587-a03c-3d260cac0b0d@group-024C0939026E: change Leader from null to 628294af-df22-4587-a03c-3d260cac0b0d at term 1 for becomeLeader, leader elected after 1145ms
2025-07-17 10:08:25,691 [628294af-df22-4587-a03c-3d260cac0b0d@group-024C0939026E-LeaderElection13] INFO  segmented.SegmentedRaftLogWorker (SegmentedRaftLogWorker.java:startLogSegment(440)) - 628294af-df22-4587-a03c-3d260cac0b0d@group-024C0939026E-SegmentedRaftLogWorker: Starting segment from index:0
2025-07-17 10:08:25,691 [628294af-df22-4587-a03c-3d260cac0b0d@group-024C0939026E-LeaderElection13] INFO  server.RaftServer$Division (ServerState.java:setRaftConf(386)) - 628294af-df22-4587-a03c-3d260cac0b0d@group-024C0939026E: set configuration conf: {index: 0, cur=peers:[628294af-df22-4587-a03c-3d260cac0b0d|127.0.0.1:15047, 37754dfa-c736-40ed-ad20-c0e05bb1c167|127.0.0.1:15023, c064cb97-b0d4-4999-8a53-4476ef6c9df7|127.0.0.1:15015]|listeners:[], old=null}
2025-07-17 10:08:25,691 [628294af-df22-4587-a03c-3d260cac0b0d@group-024C0939026E-SegmentedRaftLogWorker] INFO  segmented.BufferedWriteChannel (BufferedWriteChannel.java:open(61)) - open log_inprogress_0 at position 0
2025-07-17 10:08:25,696 [EventQueue-PipelineReportForPipelineReportHandler] INFO  pipeline.PipelineReportHandler (PipelineReportHandler.java:processPipelineReport(134)) - Opened pipeline Pipeline-bc69a121-125a-4a8f-a312-024c0939026e
2025-07-17 10:08:25,699 [grpc-default-executor-3] INFO  ratis.XceiverServerRatis (XceiverServerRatis.java:handleLeaderChangedNotification(944)) - Leader change notification received for group: group-024C0939026E with new leaderId: 628294af-df22-4587-a03c-3d260cac0b0d
2025-07-17 10:08:25,699 [grpc-default-executor-3] INFO  server.RaftServer$Division (ServerState.java:setLeader(272)) - 37754dfa-c736-40ed-ad20-c0e05bb1c167@group-024C0939026E: change Leader from null to 628294af-df22-4587-a03c-3d260cac0b0d at term 1 for appendEntries, leader elected after 1224ms
2025-07-17 10:08:25,701 [grpc-default-executor-5] INFO  server.RaftServer$Division (ServerState.java:setRaftConf(386)) - 37754dfa-c736-40ed-ad20-c0e05bb1c167@group-024C0939026E: set configuration conf: {index: 0, cur=peers:[628294af-df22-4587-a03c-3d260cac0b0d|127.0.0.1:15047, 37754dfa-c736-40ed-ad20-c0e05bb1c167|127.0.0.1:15023, c064cb97-b0d4-4999-8a53-4476ef6c9df7|127.0.0.1:15015]|listeners:[], old=null}
2025-07-17 10:08:25,701 [grpc-default-executor-5] INFO  segmented.SegmentedRaftLogWorker (SegmentedRaftLogWorker.java:startLogSegment(440)) - 37754dfa-c736-40ed-ad20-c0e05bb1c167@group-024C0939026E-SegmentedRaftLogWorker: Starting segment from index:0
2025-07-17 10:08:25,703 [grpc-default-executor-4] INFO  ratis.XceiverServerRatis (XceiverServerRatis.java:handleLeaderChangedNotification(944)) - Leader change notification received for group: group-024C0939026E with new leaderId: 628294af-df22-4587-a03c-3d260cac0b0d
2025-07-17 10:08:25,704 [grpc-default-executor-4] INFO  server.RaftServer$Division (ServerState.java:setLeader(272)) - c064cb97-b0d4-4999-8a53-4476ef6c9df7@group-024C0939026E: change Leader from null to 628294af-df22-4587-a03c-3d260cac0b0d at term 1 for appendEntries, leader elected after 1194ms
2025-07-17 10:08:25,705 [37754dfa-c736-40ed-ad20-c0e05bb1c167@group-024C0939026E-SegmentedRaftLogWorker] INFO  segmented.BufferedWriteChannel (BufferedWriteChannel.java:open(61)) - open log_inprogress_0 at position 0
2025-07-17 10:08:25,706 [grpc-default-executor-3] INFO  server.RaftServer$Division (ServerState.java:setRaftConf(386)) - c064cb97-b0d4-4999-8a53-4476ef6c9df7@group-024C0939026E: set configuration conf: {index: 0, cur=peers:[628294af-df22-4587-a03c-3d260cac0b0d|127.0.0.1:15047, 37754dfa-c736-40ed-ad20-c0e05bb1c167|127.0.0.1:15023, c064cb97-b0d4-4999-8a53-4476ef6c9df7|127.0.0.1:15015]|listeners:[], old=null}
2025-07-17 10:08:25,706 [grpc-default-executor-3] INFO  segmented.SegmentedRaftLogWorker (SegmentedRaftLogWorker.java:startLogSegment(440)) - c064cb97-b0d4-4999-8a53-4476ef6c9df7@group-024C0939026E-SegmentedRaftLogWorker: Starting segment from index:0
2025-07-17 10:08:25,706 [c064cb97-b0d4-4999-8a53-4476ef6c9df7@group-024C0939026E-SegmentedRaftLogWorker] INFO  segmented.BufferedWriteChannel (BufferedWriteChannel.java:open(61)) - open log_inprogress_0 at position 0
2025-07-17 10:08:25,711 [628294af-df22-4587-a03c-3d260cac0b0d@group-024C0939026E-SegmentedRaftLogWorker] INFO  segmented.SegmentedRaftLogWorker (SegmentedRaftLogWorker.java:execute(647)) - 628294af-df22-4587-a03c-3d260cac0b0d@group-024C0939026E-SegmentedRaftLogWorker: created new log segment /home/runner/work/ozone/ozone/hadoop-ozone/integration-test/target/test-dir/MiniOzoneClusterImpl-23131a72-7b0b-4764-8300-fa1f685ccd15/ozone-meta/datanode-5/ratis/bc69a121-125a-4a8f-a312-024c0939026e/current/log_inprogress_0
2025-07-17 10:08:25,714 [c064cb97-b0d4-4999-8a53-4476ef6c9df7@group-024C0939026E-SegmentedRaftLogWorker] INFO  segmented.SegmentedRaftLogWorker (SegmentedRaftLogWorker.java:execute(647)) - c064cb97-b0d4-4999-8a53-4476ef6c9df7@group-024C0939026E-SegmentedRaftLogWorker: created new log segment /home/runner/work/ozone/ozone/hadoop-ozone/integration-test/target/test-dir/MiniOzoneClusterImpl-23131a72-7b0b-4764-8300-fa1f685ccd15/ozone-meta/datanode-1/ratis/bc69a121-125a-4a8f-a312-024c0939026e/current/log_inprogress_0
2025-07-17 10:08:25,714 [37754dfa-c736-40ed-ad20-c0e05bb1c167@group-024C0939026E-SegmentedRaftLogWorker] INFO  segmented.SegmentedRaftLogWorker (SegmentedRaftLogWorker.java:execute(647)) - 37754dfa-c736-40ed-ad20-c0e05bb1c167@group-024C0939026E-SegmentedRaftLogWorker: created new log segment /home/runner/work/ozone/ozone/hadoop-ozone/integration-test/target/test-dir/MiniOzoneClusterImpl-23131a72-7b0b-4764-8300-fa1f685ccd15/ozone-meta/datanode-2/ratis/bc69a121-125a-4a8f-a312-024c0939026e/current/log_inprogress_0
2025-07-17 10:08:25,717 [628294af-df22-4587-a03c-3d260cac0b0d@group-024C0939026E-StateMachineUpdater] INFO  server.RaftServer$Division (LeaderStateImpl.java:checkStartIndex(309)) - Leader 628294af-df22-4587-a03c-3d260cac0b0d@group-024C0939026E-LeaderStateImpl is ready since appliedIndex == startIndex == 0
]]></system-out>
  </testcase>
  <testcase name="testDatanodeUsageInfoContainerCount" classname="org.apache.ozone.test.NonHATests$ContainerOperations" time="0.013">
    <failure message="expected: &lt;29&gt; but was: &lt;30&gt;" type="org.opentest4j.AssertionFailedError"><![CDATA[org.opentest4j.AssertionFailedError: expected: <29> but was: <30>
	at org.apache.hadoop.hdds.scm.TestContainerOperations.testDatanodeUsageInfoContainerCount(TestContainerOperations.java:206)
	at java.base/java.lang.reflect.Method.invoke(Method.java:580)
	at java.base/java.util.ArrayList.forEach(ArrayList.java:1596)
	at java.base/java.util.ArrayList.forEach(ArrayList.java:1596)
	at java.base/java.util.ArrayList.forEach(ArrayList.java:1596)
]]></failure>
  </testcase>
  <testcase name="testListContainerExceedMaxAllowedCountOperations" classname="org.apache.ozone.test.NonHATests$ContainerOperations" time="0.029">
    <system-out><![CDATA[2025-07-17 10:08:25,829 [main] WARN  cli.ContainerOperationClient (ContainerOperationClient.java:listContainer(354)) - Attempting to list 2 containers. However, this exceeds the cluster's current limit of 1. The results will be capped at the maximum allowed count.
]]></system-out>
  </testcase>
  <testcase name="testHealthyNodesCount" classname="org.apache.ozone.test.NonHATests$ContainerOperations" time="0.001"/>
  <testcase name="testNodeOperationalStates" classname="org.apache.ozone.test.NonHATests$ContainerOperations" time="0.011">
    <system-out><![CDATA[2025-07-17 10:08:25,839 [EventQueue-HealthyReadonlyToHealthyNodeForReadOnlyHealthyToHealthyNodeHandler] INFO  node.ReadOnlyHealthyToHealthyNodeHandler (ReadOnlyHealthyToHealthyNodeHandler.java:onMessage(46)) - Datanode c064cb97-b0d4-4999-8a53-4476ef6c9df7(localhost/127.0.0.1) moved to HEALTHY state.
2025-07-17 10:08:25,839 [EventQueue-HealthyReadonlyToHealthyNodeForReadOnlyHealthyToHealthyNodeHandler] INFO  pipeline.BackgroundPipelineCreator (BackgroundPipelineCreator.java:notifyEventTriggered(290)) - trigger a one-shot run on RatisPipelineUtilsThread.
2025-07-17 10:08:25,840 [RatisPipelineUtilsThread-0] INFO  pipeline.RatisPipelineProvider (RatisPipelineProvider.java:lambda$create$0(208)) - Sending CreatePipelineCommand for pipeline:Pipeline-722bc360-be7e-4b5a-93fc-5e5649010914 to datanode:628294af-df22-4587-a03c-3d260cac0b0d(localhost/127.0.0.1)
2025-07-17 10:08:25,843 [RatisPipelineUtilsThread-0] INFO  pipeline.BackgroundPipelineCreator (BackgroundPipelineCreator.java:createPipelines(246)) - Created new pipeline Pipeline{ Id: 722bc360-be7e-4b5a-93fc-5e5649010914, Nodes: [ {628294af-df22-4587-a03c-3d260cac0b0d(localhost/127.0.0.1), ReplicaIndex: 0},], ReplicationConfig: RATIS/ONE, State:ALLOCATED, leaderId:, CreationTimestamp2025-07-17T10:08:25.840792088Z[Etc/UTC]}
2025-07-17 10:08:25,843 [RatisPipelineUtilsThread-0] INFO  pipeline.RatisPipelineProvider (RatisPipelineProvider.java:lambda$create$0(208)) - Sending CreatePipelineCommand for pipeline:Pipeline-0d754baa-32a0-49de-8542-e8d13cef5584 to datanode:628294af-df22-4587-a03c-3d260cac0b0d(localhost/127.0.0.1)
2025-07-17 10:08:25,843 [RatisPipelineUtilsThread-0] INFO  pipeline.RatisPipelineProvider (RatisPipelineProvider.java:lambda$create$0(208)) - Sending CreatePipelineCommand for pipeline:Pipeline-0d754baa-32a0-49de-8542-e8d13cef5584 to datanode:69cfce57-590a-4f19-b95c-fe2b1b8ae052(localhost/127.0.0.1)
2025-07-17 10:08:25,844 [RatisPipelineUtilsThread-0] INFO  pipeline.RatisPipelineProvider (RatisPipelineProvider.java:lambda$create$0(208)) - Sending CreatePipelineCommand for pipeline:Pipeline-0d754baa-32a0-49de-8542-e8d13cef5584 to datanode:37754dfa-c736-40ed-ad20-c0e05bb1c167(localhost/127.0.0.1)
2025-07-17 10:08:25,846 [EventQueue-HealthyReadonlyToHealthyNodeForReadOnlyHealthyToHealthyNodeHandler] INFO  node.ReadOnlyHealthyToHealthyNodeHandler (ReadOnlyHealthyToHealthyNodeHandler.java:onMessage(46)) - Datanode c064cb97-b0d4-4999-8a53-4476ef6c9df7(localhost/127.0.0.1) moved to HEALTHY state.
2025-07-17 10:08:25,846 [EventQueue-HealthyReadonlyToHealthyNodeForReadOnlyHealthyToHealthyNodeHandler] INFO  pipeline.BackgroundPipelineCreator (BackgroundPipelineCreator.java:notifyEventTriggered(290)) - trigger a one-shot run on RatisPipelineUtilsThread.
2025-07-17 10:08:25,847 [EventQueue-HealthyReadonlyToHealthyNodeForReadOnlyHealthyToHealthyNodeHandler] INFO  node.ReadOnlyHealthyToHealthyNodeHandler (ReadOnlyHealthyToHealthyNodeHandler.java:onMessage(46)) - Datanode c064cb97-b0d4-4999-8a53-4476ef6c9df7(localhost/127.0.0.1) moved to HEALTHY state.
2025-07-17 10:08:25,847 [EventQueue-HealthyReadonlyToHealthyNodeForReadOnlyHealthyToHealthyNodeHandler] INFO  pipeline.BackgroundPipelineCreator (BackgroundPipelineCreator.java:notifyEventTriggered(290)) - trigger a one-shot run on RatisPipelineUtilsThread.
2025-07-17 10:08:25,847 [EventQueue-HealthyReadonlyToHealthyNodeForReadOnlyHealthyToHealthyNodeHandler] INFO  node.ReadOnlyHealthyToHealthyNodeHandler (ReadOnlyHealthyToHealthyNodeHandler.java:onMessage(46)) - Datanode c064cb97-b0d4-4999-8a53-4476ef6c9df7(localhost/127.0.0.1) moved to HEALTHY state.
2025-07-17 10:08:25,847 [EventQueue-HealthyReadonlyToHealthyNodeForReadOnlyHealthyToHealthyNodeHandler] INFO  pipeline.BackgroundPipelineCreator (BackgroundPipelineCreator.java:notifyEventTriggered(290)) - trigger a one-shot run on RatisPipelineUtilsThread.
2025-07-17 10:08:25,848 [RatisPipelineUtilsThread-0] INFO  pipeline.BackgroundPipelineCreator (BackgroundPipelineCreator.java:createPipelines(246)) - Created new pipeline Pipeline{ Id: 0d754baa-32a0-49de-8542-e8d13cef5584, Nodes: [ {628294af-df22-4587-a03c-3d260cac0b0d(localhost/127.0.0.1), ReplicaIndex: 0}, {69cfce57-590a-4f19-b95c-fe2b1b8ae052(localhost/127.0.0.1), ReplicaIndex: 0}, {37754dfa-c736-40ed-ad20-c0e05bb1c167(localhost/127.0.0.1), ReplicaIndex: 0},], ReplicationConfig: RATIS/THREE, State:ALLOCATED, leaderId:, CreationTimestamp2025-07-17T10:08:25.843886265Z[Etc/UTC]}
2025-07-17 10:08:25,848 [EventQueue-HealthyReadonlyToHealthyNodeForReadOnlyHealthyToHealthyNodeHandler] INFO  node.ReadOnlyHealthyToHealthyNodeHandler (ReadOnlyHealthyToHealthyNodeHandler.java:onMessage(46)) - Datanode c064cb97-b0d4-4999-8a53-4476ef6c9df7(localhost/127.0.0.1) moved to HEALTHY state.
2025-07-17 10:08:25,848 [EventQueue-HealthyReadonlyToHealthyNodeForReadOnlyHealthyToHealthyNodeHandler] INFO  pipeline.BackgroundPipelineCreator (BackgroundPipelineCreator.java:notifyEventTriggered(290)) - trigger a one-shot run on RatisPipelineUtilsThread.
2025-07-17 10:08:25,849 [EventQueue-HealthyReadonlyToHealthyNodeForReadOnlyHealthyToHealthyNodeHandler] INFO  node.ReadOnlyHealthyToHealthyNodeHandler (ReadOnlyHealthyToHealthyNodeHandler.java:onMessage(46)) - Datanode c064cb97-b0d4-4999-8a53-4476ef6c9df7(localhost/127.0.0.1) moved to HEALTHY state.
2025-07-17 10:08:25,849 [EventQueue-HealthyReadonlyToHealthyNodeForReadOnlyHealthyToHealthyNodeHandler] INFO  pipeline.BackgroundPipelineCreator (BackgroundPipelineCreator.java:notifyEventTriggered(290)) - trigger a one-shot run on RatisPipelineUtilsThread.
]]></system-out>
  </testcase>
  <testcase name="testDatanodeUsageInfoCompatibility" classname="org.apache.ozone.test.NonHATests$ContainerOperations" time="0.004">
    <system-out><![CDATA[2025-07-17 10:08:25,850 [EventQueue-HealthyReadonlyToHealthyNodeForReadOnlyHealthyToHealthyNodeHandler] INFO  node.ReadOnlyHealthyToHealthyNodeHandler (ReadOnlyHealthyToHealthyNodeHandler.java:onMessage(46)) - Datanode c064cb97-b0d4-4999-8a53-4476ef6c9df7(localhost/127.0.0.1) moved to HEALTHY state.
2025-07-17 10:08:25,850 [EventQueue-HealthyReadonlyToHealthyNodeForReadOnlyHealthyToHealthyNodeHandler] INFO  pipeline.BackgroundPipelineCreator (BackgroundPipelineCreator.java:notifyEventTriggered(290)) - trigger a one-shot run on RatisPipelineUtilsThread.
2025-07-17 10:08:25,852 [RatisPipelineUtilsThread-0] INFO  pipeline.RatisPipelineProvider (RatisPipelineProvider.java:lambda$create$0(208)) - Sending CreatePipelineCommand for pipeline:Pipeline-2c12d0b9-7192-45e8-a7e0-7c82f0048e64 to datanode:c064cb97-b0d4-4999-8a53-4476ef6c9df7(localhost/127.0.0.1)
2025-07-17 10:08:25,852 [RatisPipelineUtilsThread-0] INFO  pipeline.RatisPipelineProvider (RatisPipelineProvider.java:lambda$create$0(208)) - Sending CreatePipelineCommand for pipeline:Pipeline-2c12d0b9-7192-45e8-a7e0-7c82f0048e64 to datanode:69cfce57-590a-4f19-b95c-fe2b1b8ae052(localhost/127.0.0.1)
2025-07-17 10:08:25,852 [RatisPipelineUtilsThread-0] INFO  pipeline.RatisPipelineProvider (RatisPipelineProvider.java:lambda$create$0(208)) - Sending CreatePipelineCommand for pipeline:Pipeline-2c12d0b9-7192-45e8-a7e0-7c82f0048e64 to datanode:e99ca97a-533a-4131-8ecb-8bb1e7dd9d89(localhost/127.0.0.1)
2025-07-17 10:08:25,853 [RatisPipelineUtilsThread-0] INFO  pipeline.BackgroundPipelineCreator (BackgroundPipelineCreator.java:createPipelines(246)) - Created new pipeline Pipeline{ Id: 2c12d0b9-7192-45e8-a7e0-7c82f0048e64, Nodes: [ {c064cb97-b0d4-4999-8a53-4476ef6c9df7(localhost/127.0.0.1), ReplicaIndex: 0}, {69cfce57-590a-4f19-b95c-fe2b1b8ae052(localhost/127.0.0.1), ReplicaIndex: 0}, {e99ca97a-533a-4131-8ecb-8bb1e7dd9d89(localhost/127.0.0.1), ReplicaIndex: 0},], ReplicationConfig: RATIS/THREE, State:ALLOCATED, leaderId:, CreationTimestamp2025-07-17T10:08:25.852163683Z[Etc/UTC]}
]]></system-out>
  </testcase>
  <testcase name="testGetPipeline" classname="org.apache.ozone.test.NonHATests$ContainerOperations" time="0.015">
    <system-out><![CDATA[2025-07-17T10:08:25.860565222Z IPC Server handler 43 on default port 15000 ERROR user=runner | ip=127.0.0.1 | op=GET_PIPELINE {pipelineID=fb64b4f0-889c-47a1-a5f4-a0fdc6ab869f} | ret=FAILURE
org.apache.hadoop.hdds.scm.pipeline.PipelineNotFoundException: Pipeline-fb64b4f0-889c-47a1-a5f4-a0fdc6ab869f not found
	at org.apache.hadoop.hdds.scm.pipeline.PipelineStateMap.getPipeline(PipelineStateMap.java:150)
	at org.apache.hadoop.hdds.scm.pipeline.PipelineStateManagerImpl.getPipeline(PipelineStateManagerImpl.java:133)
	at java.base/jdk.internal.reflect.DirectMethodHandleAccessor.invoke(DirectMethodHandleAccessor.java:103)
	at java.base/java.lang.reflect.Method.invoke(Method.java:580)
	at org.apache.hadoop.hdds.scm.ha.SCMHAInvocationHandler.invokeLocal(SCMHAInvocationHandler.java:90)
	at org.apache.hadoop.hdds.scm.ha.SCMHAInvocationHandler.invoke(SCMHAInvocationHandler.java:73)
	at jdk.proxy2/jdk.proxy2.$Proxy51.getPipeline(Unknown Source)
	at org.apache.hadoop.hdds.scm.pipeline.PipelineManagerImpl.getPipeline(PipelineManagerImpl.java:336)
	at org.apache.hadoop.hdds.scm.server.SCMClientProtocolServer.getPipeline(SCMClientProtocolServer.java:836)
	at org.apache.hadoop.hdds.scm.protocol.StorageContainerLocationProtocolServerSideTranslatorPB.getPipeline(StorageContainerLocationProtocolServerSideTranslatorPB.java:979)
	at org.apache.hadoop.hdds.scm.protocol.StorageContainerLocationProtocolServerSideTranslatorPB.processRequest(StorageContainerLocationProtocolServerSideTranslatorPB.java:618)
	at org.apache.hadoop.hdds.server.OzoneProtocolMessageDispatcher.processRequest(OzoneProtocolMessageDispatcher.java:87)
	at org.apache.hadoop.hdds.scm.protocol.StorageContainerLocationProtocolServerSideTranslatorPB.submitRequest(StorageContainerLocationProtocolServerSideTranslatorPB.java:236)
	at org.apache.hadoop.hdds.protocol.proto.StorageContainerLocationProtocolProtos$StorageContainerLocationProtocolService$2.callBlockingMethod(StorageContainerLocationProtocolProtos.java)
	at org.apache.hadoop.ipc.ProtobufRpcEngine$Server.processCall(ProtobufRpcEngine.java:484)
	at org.apache.hadoop.ipc.ProtobufRpcEngine2$Server$ProtoBufRpcInvoker.call(ProtobufRpcEngine2.java:595)
	at org.apache.hadoop.ipc.ProtobufRpcEngine2$Server$ProtoBufRpcInvoker.call(ProtobufRpcEngine2.java:573)
	at org.apache.hadoop.ipc.RPC$Server.call(RPC.java:1227)
	at org.apache.hadoop.ipc.Server$RpcCall.run(Server.java:1246)
	at org.apache.hadoop.ipc.Server$RpcCall.run(Server.java:1169)
	at java.base/java.security.AccessController.doPrivileged(AccessController.java:714)
	at java.base/javax.security.auth.Subject.doAs(Subject.java:525)
	at org.apache.hadoop.security.UserGroupInformation.doAs(UserGroupInformation.java:1953)
	at org.apache.hadoop.ipc.Server$Handler.run(Server.java:3198)
2025-07-17 10:08:25,861 [IPC Server handler 43 on default port 15000] INFO  ipc.Server (Server.java:logException(3260)) - IPC Server handler 43 on default port 15000, call Call#3890 Retry#0 org.apache.hadoop.hdds.scm.protocol.StorageContainerLocationProtocol.submitRequest from 127.0.0.1:35780
org.apache.hadoop.hdds.scm.pipeline.PipelineNotFoundException: Pipeline-fb64b4f0-889c-47a1-a5f4-a0fdc6ab869f not found
	at org.apache.hadoop.hdds.scm.pipeline.PipelineStateMap.getPipeline(PipelineStateMap.java:150)
	at org.apache.hadoop.hdds.scm.pipeline.PipelineStateManagerImpl.getPipeline(PipelineStateManagerImpl.java:133)
	at java.base/jdk.internal.reflect.DirectMethodHandleAccessor.invoke(DirectMethodHandleAccessor.java:103)
	at java.base/java.lang.reflect.Method.invoke(Method.java:580)
	at org.apache.hadoop.hdds.scm.ha.SCMHAInvocationHandler.invokeLocal(SCMHAInvocationHandler.java:90)
	at org.apache.hadoop.hdds.scm.ha.SCMHAInvocationHandler.invoke(SCMHAInvocationHandler.java:73)
	at jdk.proxy2/jdk.proxy2.$Proxy51.getPipeline(Unknown Source)
	at org.apache.hadoop.hdds.scm.pipeline.PipelineManagerImpl.getPipeline(PipelineManagerImpl.java:336)
	at org.apache.hadoop.hdds.scm.server.SCMClientProtocolServer.getPipeline(SCMClientProtocolServer.java:836)
	at org.apache.hadoop.hdds.scm.protocol.StorageContainerLocationProtocolServerSideTranslatorPB.getPipeline(StorageContainerLocationProtocolServerSideTranslatorPB.java:979)
	at org.apache.hadoop.hdds.scm.protocol.StorageContainerLocationProtocolServerSideTranslatorPB.processRequest(StorageContainerLocationProtocolServerSideTranslatorPB.java:618)
	at org.apache.hadoop.hdds.server.OzoneProtocolMessageDispatcher.processRequest(OzoneProtocolMessageDispatcher.java:87)
	at org.apache.hadoop.hdds.scm.protocol.StorageContainerLocationProtocolServerSideTranslatorPB.submitRequest(StorageContainerLocationProtocolServerSideTranslatorPB.java:236)
	at org.apache.hadoop.hdds.protocol.proto.StorageContainerLocationProtocolProtos$StorageContainerLocationProtocolService$2.callBlockingMethod(StorageContainerLocationProtocolProtos.java)
	at org.apache.hadoop.ipc.ProtobufRpcEngine$Server.processCall(ProtobufRpcEngine.java:484)
	at org.apache.hadoop.ipc.ProtobufRpcEngine2$Server$ProtoBufRpcInvoker.call(ProtobufRpcEngine2.java:595)
	at org.apache.hadoop.ipc.ProtobufRpcEngine2$Server$ProtoBufRpcInvoker.call(ProtobufRpcEngine2.java:573)
	at org.apache.hadoop.ipc.RPC$Server.call(RPC.java:1227)
	at org.apache.hadoop.ipc.Server$RpcCall.run(Server.java:1246)
	at org.apache.hadoop.ipc.Server$RpcCall.run(Server.java:1169)
	at java.base/java.security.AccessController.doPrivileged(AccessController.java:714)
	at java.base/javax.security.auth.Subject.doAs(Subject.java:525)
	at org.apache.hadoop.security.UserGroupInformation.doAs(UserGroupInformation.java:1953)
	at org.apache.hadoop.ipc.Server$Handler.run(Server.java:3198)
]]></system-out>
  </testcase>
  <testcase name="testCreate" classname="org.apache.ozone.test.NonHATests$ContainerOperations" time="0.011"/>
  <testcase name="testContainerStateMachineIdempotency" classname="org.apache.ozone.test.NonHATests$ContainerOperations" time="0.038">
    <system-out><![CDATA[2025-07-17 10:08:25,899 [c064cb97-b0d4-4999-8a53-4476ef6c9df7-ChunkReader-4] WARN  helpers.ChunkUtils (ChunkUtils.java:validateChunkForOverwrite(378)) - Duplicate write chunk request. Chunk overwrite without explicit request. ChunkInfo{chunkName='114868021224472840.data.0, offset=0, len=1639}
2025-07-17 10:08:25,910 [c064cb97-b0d4-4999-8a53-4476ef6c9df7-ChunkReader-3] WARN  keyvalue.KeyValueHandler (KeyValueHandler.java:updateAndGetContainerChecksum(1451)) - Container data checksum updated from 0 to 3e92bf01
2025-07-17 10:08:25,911 [c064cb97-b0d4-4999-8a53-4476ef6c9df7-ChunkReader-3] INFO  keyvalue.KeyValueContainer (KeyValueContainer.java:flushAndSyncDB(514)) - Synced container: KeyValueContainerData #72 (CLOSING, non-empty, ri=0, origin=[dn_c064cb97-b0d4-4999-8a53-4476ef6c9df7, pipeline_])
2025-07-17 10:08:25,911 [c064cb97-b0d4-4999-8a53-4476ef6c9df7-ChunkReader-3] INFO  keyvalue.KeyValueContainer (KeyValueContainer.java:flushAndSyncDB(514)) - Synced container: KeyValueContainerData #72 (CLOSING, non-empty, ri=0, origin=[dn_c064cb97-b0d4-4999-8a53-4476ef6c9df7, pipeline_])
2025-07-17 10:08:25,914 [FixedThreadPoolWithAffinityExecutor-9-0] INFO  container.IncrementalContainerReportHandler (AbstractContainerReportHandler.java:updateContainerState(253)) - FINALIZE (i.e. CLOSING) Container #72 (OPEN, sid=0) r0 (CLOSING, bcsid=0, origin=c064cb97-b0d4-4999-8a53-4476ef6c9df7, non-empty) from dn c064cb97-b0d4-4999-8a53-4476ef6c9df7(localhost/127.0.0.1)
2025-07-17 10:08:25,915 [c064cb97-b0d4-4999-8a53-4476ef6c9df7-ChunkReader-3] INFO  keyvalue.KeyValueContainer (KeyValueContainer.java:close(430)) - Closed container: KeyValueContainerData #72 (CLOSED, non-empty, ri=0, origin=[dn_c064cb97-b0d4-4999-8a53-4476ef6c9df7, pipeline_])
]]></system-out>
  </testcase>
</testsuite>