<?xml version="1.0" encoding="UTF-8"?>
<testsuite xmlns:xsi="http://www.w3.org/2001/XMLSchema-instance" xsi:noNamespaceSchemaLocation="https://maven.apache.org/surefire/maven-surefire-plugin/xsd/surefire-test-report-3.0.xsd" version="3.0" name="org.apache.hadoop.ozone.TestStorageContainerManager" time="218.479" tests="13" errors="0" skipped="0" failures="1">
  <properties>
    <property name="awt.toolkit" value="sun.awt.X11.XToolkit"/>
    <property name="file.encoding.pkg" value="sun.io"/>
    <property name="java.specification.version" value="1.8"/>
    <property name="sun.cpu.isalist" value=""/>
    <property name="sun.jnu.encoding" value="UTF-8"/>
    <property name="java.class.path" value="/home/runner/work/ozone/ozone/hadoop-ozone/integration-test/target/test-classes:/home/runner/work/ozone/ozone/hadoop-ozone/integration-test/target/classes:/home/runner/.m2/repository/org/apache/ozone/ozone-common/1.4.0-SNAPSHOT/ozone-common-1.4.0-SNAPSHOT.jar:/home/runner/.m2/repository/io/grpc/grpc-netty/1.51.1/grpc-netty-1.51.1.jar:/home/runner/.m2/repository/io/grpc/grpc-core/1.51.1/grpc-core-1.51.1.jar:/home/runner/.m2/repository/com/google/android/annotations/4.1.1.4/annotations-4.1.1.4.jar:/home/runner/.m2/repository/org/codehaus/mojo/animal-sniffer-annotations/1.21/animal-sniffer-annotations-1.21.jar:/home/runner/.m2/repository/com/google/errorprone/error_prone_annotations/2.2.0/error_prone_annotations-2.2.0.jar:/home/runner/.m2/repository/io/perfmark/perfmark-api/0.25.0/perfmark-api-0.25.0.jar:/home/runner/.m2/repository/io/netty/netty-codec-http2/4.1.86.Final/netty-codec-http2-4.1.86.Final.jar:/home/runner/.m2/repository/io/netty/netty-common/4.1.86.Final/netty-common-4.1.86.Final.jar:/home/runner/.m2/repository/io/netty/netty-buffer/4.1.86.Final/netty-buffer-4.1.86.Final.jar:/home/runner/.m2/repository/io/netty/netty-codec-http/4.1.86.Final/netty-codec-http-4.1.86.Final.jar:/home/runner/.m2/repository/io/netty/netty-handler-proxy/4.1.86.Final/netty-handler-proxy-4.1.86.Final.jar:/home/runner/.m2/repository/io/netty/netty-codec-socks/4.1.86.Final/netty-codec-socks-4.1.86.Final.jar:/home/runner/.m2/repository/io/netty/netty-tcnative-boringssl-static/2.0.54.Final/netty-tcnative-boringssl-static-2.0.54.Final.jar:/home/runner/.m2/repository/io/netty/netty-tcnative-classes/2.0.54.Final/netty-tcnative-classes-2.0.54.Final.jar:/home/runner/.m2/repository/io/netty/netty-tcnative-boringssl-static/2.0.54.Final/netty-tcnative-boringssl-static-2.0.54.Final-linux-x86_64.jar:/home/runner/.m2/repository/io/netty/netty-tcnative-boringssl-static/2.0.54.Final/netty-tcnative-boringssl-static-2.0.54.Final-linux-aarch_64.jar:/home/runner/.m2/repository/io/netty/netty-tcnative-boringssl-static/2.0.54.Final/netty-tcnative-boringssl-static-2.0.54.Final-osx-x86_64.jar:/home/runner/.m2/repository/io/netty/netty-tcnative-boringssl-static/2.0.54.Final/netty-tcnative-boringssl-static-2.0.54.Final-osx-aarch_64.jar:/home/runner/.m2/repository/io/netty/netty-tcnative-boringssl-static/2.0.54.Final/netty-tcnative-boringssl-static-2.0.54.Final-windows-x86_64.jar:/home/runner/.m2/repository/org/apache/commons/commons-compress/1.21/commons-compress-1.21.jar:/home/runner/.m2/repository/org/apache/ozone/hdds-common/1.4.0-SNAPSHOT/hdds-common-1.4.0-SNAPSHOT.jar:/home/runner/.m2/repository/org/apache/ozone/hdds-client/1.4.0-SNAPSHOT/hdds-client-1.4.0-SNAPSHOT.jar:/home/runner/.m2/repository/org/apache/ozone/ozone-interface-client/1.4.0-SNAPSHOT/ozone-interface-client-1.4.0-SNAPSHOT.jar:/home/runner/.m2/repository/org/apache/hadoop/hadoop-hdfs-client/3.3.5/hadoop-hdfs-client-3.3.5.jar:/home/runner/.m2/repository/com/squareup/okhttp3/okhttp/4.9.3/okhttp-4.9.3.jar:/home/runner/.m2/repository/com/squareup/okio/okio/2.8.0/okio-2.8.0.jar:/home/runner/.m2/repository/org/jetbrains/kotlin/kotlin-stdlib-common/1.6.21/kotlin-stdlib-common-1.6.21.jar:/home/runner/.m2/repository/org/apache/ozone/hdds-test-utils/1.4.0-SNAPSHOT/hdds-test-utils-1.4.0-SNAPSHOT.jar:/home/runner/.m2/repository/com/google/guava/guava/31.1-jre/guava-31.1-jre.jar:/home/runner/.m2/repository/com/google/guava/failureaccess/1.0.1/failureaccess-1.0.1.jar:/home/runner/.m2/repository/com/google/guava/listenablefuture/9999.0-empty-to-avoid-conflict-with-guava/listenablefuture-9999.0-empty-to-avoid-conflict-with-guava.jar:/home/runner/.m2/repository/com/google/code/findbugs/jsr305/3.0.0/jsr305-3.0.0.jar:/home/runner/.m2/repository/org/checkerframework/checker-qual/3.12.0/checker-qual-3.12.0.jar:/home/runner/.m2/repository/com/google/j2objc/j2objc-annotations/1.3/j2objc-annotations-1.3.jar:/home/runner/.m2/repository/commons-io/commons-io/2.11.0/commons-io-2.11.0.jar:/home/runner/.m2/repository/commons-logging/commons-logging/1.2/commons-logging-1.2.jar:/home/runner/.m2/repository/ch/qos/reload4j/reload4j/1.2.22/reload4j-1.2.22.jar:/home/runner/.m2/repository/org/slf4j/slf4j-api/1.7.36/slf4j-api-1.7.36.jar:/home/runner/.m2/repository/org/apache/ozone/hdds-server-scm/1.4.0-SNAPSHOT/hdds-server-scm-1.4.0-SNAPSHOT.jar:/home/runner/.m2/repository/org/apache/ozone/hdds-container-service/1.4.0-SNAPSHOT/hdds-container-service-1.4.0-SNAPSHOT.jar:/home/runner/.m2/repository/org/apache/ozone/hdds-hadoop-dependency-server/1.4.0-SNAPSHOT/hdds-hadoop-dependency-server-1.4.0-SNAPSHOT.jar:/home/runner/.m2/repository/org/apache/hadoop/hadoop-hdfs/3.3.5/hadoop-hdfs-3.3.5.jar:/home/runner/.m2/repository/commons-daemon/commons-daemon/1.0.13/commons-daemon-1.0.13.jar:/home/runner/.m2/repository/org/apache/ozone/hdds-server-framework/1.4.0-SNAPSHOT/hdds-server-framework-1.4.0-SNAPSHOT.jar:/home/runner/.m2/repository/io/dropwizard/metrics/metrics-core/3.2.4/metrics-core-3.2.4.jar:/home/runner/.m2/repository/org/apache/commons/commons-text/1.4/commons-text-1.4.jar:/home/runner/.m2/repository/org/bouncycastle/bcprov-jdk15on/1.67/bcprov-jdk15on-1.67.jar:/home/runner/.m2/repository/com/google/protobuf/protobuf-java/2.5.0/protobuf-java-2.5.0.jar:/home/runner/.m2/repository/org/apache/ozone/hdds-server-framework/1.4.0-SNAPSHOT/hdds-server-framework-1.4.0-SNAPSHOT-tests.jar:/home/runner/.m2/repository/org/apache/ozone/hdds-interface-server/1.4.0-SNAPSHOT/hdds-interface-server-1.4.0-SNAPSHOT.jar:/home/runner/.m2/repository/org/apache/ozone/hdds-interface-admin/1.4.0-SNAPSHOT/hdds-interface-admin-1.4.0-SNAPSHOT.jar:/home/runner/.m2/repository/org/apache/ozone/hdds-managed-rocksdb/1.4.0-SNAPSHOT/hdds-managed-rocksdb-1.4.0-SNAPSHOT.jar:/home/runner/.m2/repository/org/rocksdb/rocksdbjni/7.7.3/rocksdbjni-7.7.3.jar:/home/runner/.m2/repository/org/slf4j/slf4j-reload4j/1.7.36/slf4j-reload4j-1.7.36.jar:/home/runner/.m2/repository/org/apache/commons/commons-configuration2/2.1.1/commons-configuration2-2.1.1.jar:/home/runner/.m2/repository/org/apache/logging/log4j/log4j-core/2.17.1/log4j-core-2.17.1.jar:/home/runner/.m2/repository/com/lmax/disruptor/3.4.2/disruptor-3.4.2.jar:/home/runner/.m2/repository/org/eclipse/jetty/jetty-util/9.4.51.v20230217/jetty-util-9.4.51.v20230217.jar:/home/runner/.m2/repository/org/eclipse/jetty/jetty-server/9.4.51.v20230217/jetty-server-9.4.51.v20230217.jar:/home/runner/.m2/repository/org/eclipse/jetty/jetty-http/9.4.51.v20230217/jetty-http-9.4.51.v20230217.jar:/home/runner/.m2/repository/org/eclipse/jetty/jetty-io/9.4.51.v20230217/jetty-io-9.4.51.v20230217.jar:/home/runner/.m2/repository/org/eclipse/jetty/jetty-servlet/9.4.51.v20230217/jetty-servlet-9.4.51.v20230217.jar:/home/runner/.m2/repository/org/eclipse/jetty/jetty-security/9.4.51.v20230217/jetty-security-9.4.51.v20230217.jar:/home/runner/.m2/repository/org/eclipse/jetty/jetty-util-ajax/9.4.51.v20230217/jetty-util-ajax-9.4.51.v20230217.jar:/home/runner/.m2/repository/org/eclipse/jetty/jetty-webapp/9.4.51.v20230217/jetty-webapp-9.4.51.v20230217.jar:/home/runner/.m2/repository/org/eclipse/jetty/jetty-xml/9.4.51.v20230217/jetty-xml-9.4.51.v20230217.jar:/home/runner/.m2/repository/org/apache/ratis/ratis-server/2.4.2-8b8bdda-SNAPSHOT/ratis-server-2.4.2-8b8bdda-SNAPSHOT.jar:/home/runner/.m2/repository/org/apache/ratis/ratis-thirdparty-misc/1.0.3/ratis-thirdparty-misc-1.0.3.jar:/home/runner/.m2/repository/org/apache/ratis/ratis-proto/2.4.2-8b8bdda-SNAPSHOT/ratis-proto-2.4.2-8b8bdda-SNAPSHOT.jar:/home/runner/.m2/repository/org/apache/ratis/ratis-common/2.4.2-8b8bdda-SNAPSHOT/ratis-common-2.4.2-8b8bdda-SNAPSHOT.jar:/home/runner/.m2/repository/org/apache/ratis/ratis-client/2.4.2-8b8bdda-SNAPSHOT/ratis-client-2.4.2-8b8bdda-SNAPSHOT.jar:/home/runner/.m2/repository/org/apache/ratis/ratis-server-api/2.4.2-8b8bdda-SNAPSHOT/ratis-server-api-2.4.2-8b8bdda-SNAPSHOT.jar:/home/runner/.m2/repository/org/apache/ratis/ratis-metrics/2.4.2-8b8bdda-SNAPSHOT/ratis-metrics-2.4.2-8b8bdda-SNAPSHOT.jar:/home/runner/.m2/repository/io/prometheus/simpleclient_dropwizard/0.7.0/simpleclient_dropwizard-0.7.0.jar:/home/runner/.m2/repository/io/prometheus/simpleclient/0.7.0/simpleclient-0.7.0.jar:/home/runner/.m2/repository/io/prometheus/simpleclient_common/0.7.0/simpleclient_common-0.7.0.jar:/home/runner/.m2/repository/com/fasterxml/jackson/datatype/jackson-datatype-jsr310/2.13.4/jackson-datatype-jsr310-2.13.4.jar:/home/runner/.m2/repository/com/fasterxml/jackson/core/jackson-core/2.13.4/jackson-core-2.13.4.jar:/home/runner/.m2/repository/com/github/spotbugs/spotbugs-annotations/3.1.12/spotbugs-annotations-3.1.12.jar:/home/runner/.m2/repository/org/apache/ozone/rocksdb-checkpoint-differ/1.4.0-SNAPSHOT/rocksdb-checkpoint-differ-1.4.0-SNAPSHOT.jar:/home/runner/.m2/repository/org/awaitility/awaitility/4.2.0/awaitility-4.2.0.jar:/home/runner/.m2/repository/org/hamcrest/hamcrest/2.1/hamcrest-2.1.jar:/home/runner/.m2/repository/org/apache/ozone/ozone-manager/1.4.0-SNAPSHOT/ozone-manager-1.4.0-SNAPSHOT.jar:/home/runner/.m2/repository/org/aspectj/aspectjrt/1.9.7/aspectjrt-1.9.7.jar:/home/runner/.m2/repository/org/aspectj/aspectjweaver/1.9.7/aspectjweaver-1.9.7.jar:/home/runner/.m2/repository/org/apache/ozone/hdds-interface-client/1.4.0-SNAPSHOT/hdds-interface-client-1.4.0-SNAPSHOT.jar:/home/runner/.m2/repository/org/apache/hadoop/thirdparty/hadoop-shaded-protobuf_3_7/1.1.1/hadoop-shaded-protobuf_3_7-1.1.1.jar:/home/runner/.m2/repository/org/apache/ozone/ozone-interface-storage/1.4.0-SNAPSHOT/ozone-interface-storage-1.4.0-SNAPSHOT.jar:/home/runner/.m2/repository/org/reflections/reflections/0.9.11/reflections-0.9.11.jar:/home/runner/.m2/repository/com/sun/jersey/jersey-client/1.19/jersey-client-1.19.jar:/home/runner/.m2/repository/org/codehaus/jackson/jackson-core-asl/1.9.13/jackson-core-asl-1.9.13.jar:/home/runner/.m2/repository/org/codehaus/jackson/jackson-mapper-asl/1.9.13/jackson-mapper-asl-1.9.13.jar:/home/runner/.m2/repository/org/codehaus/jackson/jackson-jaxrs/1.9.13/jackson-jaxrs-1.9.13.jar:/home/runner/.m2/repository/org/apache/ranger/ranger-intg/2.3.0/ranger-intg-2.3.0.jar:/home/runner/.m2/repository/org/apache/ranger/ranger-plugins-common/2.3.0/ranger-plugins-common-2.3.0.jar:/home/runner/.m2/repository/commons-lang/commons-lang/2.6/commons-lang-2.6.jar:/home/runner/.m2/repository/org/apache/ranger/ranger-plugins-cred/2.3.0/ranger-plugins-cred-2.3.0.jar:/home/runner/.m2/repository/org/apache/ranger/ranger-plugins-audit/2.3.0/ranger-plugins-audit-2.3.0.jar:/home/runner/.m2/repository/org/eclipse/jetty/jetty-client/9.4.51.v20230217/jetty-client-9.4.51.v20230217.jar:/home/runner/.m2/repository/org/apache/httpcomponents/httpmime/4.5.6/httpmime-4.5.6.jar:/home/runner/.m2/repository/org/apache/httpcomponents/httpcore-nio/4.4.13/httpcore-nio-4.4.13.jar:/home/runner/.m2/repository/org/apache/httpcomponents/httpasyncclient/4.1.3/httpasyncclient-4.1.3.jar:/home/runner/.m2/repository/com/carrotsearch/hppc/0.8.0/hppc-0.8.0.jar:/home/runner/.m2/repository/org/apache/orc/orc-core/1.5.8/orc-core-1.5.8.jar:/home/runner/.m2/repository/net/java/dev/jna/jna/5.2.0/jna-5.2.0.jar:/home/runner/.m2/repository/net/java/dev/jna/jna-platform/5.2.0/jna-platform-5.2.0.jar:/home/runner/.m2/repository/com/kstruct/gethostname4j/0.0.2/gethostname4j-0.0.2.jar:/home/runner/.m2/repository/org/apache/ranger/ranger-plugin-classloader/2.3.0/ranger-plugin-classloader-2.3.0.jar:/home/runner/.m2/repository/org/apache/ozone/hdds-rocks-native/1.4.0-SNAPSHOT/hdds-rocks-native-1.4.0-SNAPSHOT.jar:/home/runner/.m2/repository/org/apache/hadoop/hadoop-minikdc/3.3.5/hadoop-minikdc-3.3.5.jar:/home/runner/.m2/repository/org/apache/kerby/kerb-simplekdc/1.0.1/kerb-simplekdc-1.0.1.jar:/home/runner/.m2/repository/org/apache/kerby/kerb-client/1.0.1/kerb-client-1.0.1.jar:/home/runner/.m2/repository/org/apache/kerby/kerby-config/1.0.1/kerby-config-1.0.1.jar:/home/runner/.m2/repository/org/apache/kerby/kerb-common/1.0.1/kerb-common-1.0.1.jar:/home/runner/.m2/repository/org/apache/kerby/kerb-crypto/1.0.1/kerb-crypto-1.0.1.jar:/home/runner/.m2/repository/org/apache/kerby/kerb-util/1.0.1/kerb-util-1.0.1.jar:/home/runner/.m2/repository/org/apache/kerby/token-provider/1.0.1/token-provider-1.0.1.jar:/home/runner/.m2/repository/org/apache/kerby/kerb-admin/1.0.1/kerb-admin-1.0.1.jar:/home/runner/.m2/repository/org/apache/kerby/kerb-server/1.0.1/kerb-server-1.0.1.jar:/home/runner/.m2/repository/org/apache/kerby/kerb-identity/1.0.1/kerb-identity-1.0.1.jar:/home/runner/.m2/repository/org/apache/kerby/kerby-xdr/1.0.1/kerby-xdr-1.0.1.jar:/home/runner/.m2/repository/org/apache/ozone/ozone-s3gateway/1.4.0-SNAPSHOT/ozone-s3gateway-1.4.0-SNAPSHOT.jar:/home/runner/.m2/repository/org/javassist/javassist/3.21.0-GA/javassist-3.21.0-GA.jar:/home/runner/.m2/repository/org/jboss/weld/servlet/weld-servlet-shaded/3.1.9.Final/weld-servlet-shaded-3.1.9.Final.jar:/home/runner/.m2/repository/org/glassfish/jersey/containers/jersey-container-servlet-core/2.34/jersey-container-servlet-core-2.34.jar:/home/runner/.m2/repository/org/glassfish/hk2/external/jakarta.inject/2.6.1/jakarta.inject-2.6.1.jar:/home/runner/.m2/repository/org/glassfish/jersey/core/jersey-common/2.34/jersey-common-2.34.jar:/home/runner/.m2/repository/jakarta/ws/rs/jakarta.ws.rs-api/2.1.6/jakarta.ws.rs-api-2.1.6.jar:/home/runner/.m2/repository/org/glassfish/jersey/ext/cdi/jersey-cdi1x/2.34/jersey-cdi1x-2.34.jar:/home/runner/.m2/repository/org/glassfish/jersey/inject/jersey-hk2/2.34/jersey-hk2-2.34.jar:/home/runner/.m2/repository/org/glassfish/hk2/hk2-locator/2.6.1/hk2-locator-2.6.1.jar:/home/runner/.m2/repository/org/glassfish/jersey/media/jersey-media-jaxb/2.34/jersey-media-jaxb-2.34.jar:/home/runner/.m2/repository/org/glassfish/hk2/osgi-resource-locator/1.0.3/osgi-resource-locator-1.0.3.jar:/home/runner/.m2/repository/org/glassfish/hk2/hk2-api/2.5.0/hk2-api-2.5.0.jar:/home/runner/.m2/repository/org/glassfish/hk2/hk2-utils/2.5.0/hk2-utils-2.5.0.jar:/home/runner/.m2/repository/org/glassfish/hk2/external/aopalliance-repackaged/2.5.0/aopalliance-repackaged-2.5.0.jar:/home/runner/.m2/repository/com/fasterxml/jackson/dataformat/jackson-dataformat-xml/2.13.4/jackson-dataformat-xml-2.13.4.jar:/home/runner/.m2/repository/org/codehaus/woodstox/stax2-api/4.2.1/stax2-api-4.2.1.jar:/home/runner/.m2/repository/com/fasterxml/woodstox/woodstox-core/5.4.0/woodstox-core-5.4.0.jar:/home/runner/.m2/repository/com/fasterxml/jackson/module/jackson-module-jaxb-annotations/2.13.4/jackson-module-jaxb-annotations-2.13.4.jar:/home/runner/.m2/repository/jakarta/xml/bind/jakarta.xml.bind-api/2.3.3/jakarta.xml.bind-api-2.3.3.jar:/home/runner/.m2/repository/jakarta/activation/jakarta.activation-api/1.2.2/jakarta.activation-api-1.2.2.jar:/home/runner/.m2/repository/javax/enterprise/cdi-api/2.0/cdi-api-2.0.jar:/home/runner/.m2/repository/javax/el/javax.el-api/3.0.0/javax.el-api-3.0.0.jar:/home/runner/.m2/repository/javax/interceptor/javax.interceptor-api/1.2/javax.interceptor-api-1.2.jar:/home/runner/.m2/repository/javax/inject/javax.inject/1/javax.inject-1.jar:/home/runner/.m2/repository/javax/xml/bind/jaxb-api/2.3.0/jaxb-api-2.3.0.jar:/home/runner/.m2/repository/org/glassfish/jaxb/jaxb-runtime/2.3.0.1/jaxb-runtime-2.3.0.1.jar:/home/runner/.m2/repository/org/glassfish/jaxb/jaxb-core/2.3.0.1/jaxb-core-2.3.0.1.jar:/home/runner/.m2/repository/org/glassfish/jaxb/txw2/2.3.0.1/txw2-2.3.0.1.jar:/home/runner/.m2/repository/com/sun/istack/istack-commons-runtime/3.0.5/istack-commons-runtime-3.0.5.jar:/home/runner/.m2/repository/org/jvnet/staxex/stax-ex/1.7.8/stax-ex-1.7.8.jar:/home/runner/.m2/repository/com/sun/xml/fastinfoset/FastInfoset/1.2.13/FastInfoset-1.2.13.jar:/home/runner/.m2/repository/javax/activation/activation/1.1.1/activation-1.1.1.jar:/home/runner/.m2/repository/io/grpc/grpc-protobuf/1.51.1/grpc-protobuf-1.51.1.jar:/home/runner/.m2/repository/io/grpc/grpc-api/1.51.1/grpc-api-1.51.1.jar:/home/runner/.m2/repository/io/grpc/grpc-context/1.51.1/grpc-context-1.51.1.jar:/home/runner/.m2/repository/com/google/api/grpc/proto-google-common-protos/2.9.0/proto-google-common-protos-2.9.0.jar:/home/runner/.m2/repository/io/grpc/grpc-protobuf-lite/1.51.1/grpc-protobuf-lite-1.51.1.jar:/home/runner/.m2/repository/io/grpc/grpc-stub/1.51.1/grpc-stub-1.51.1.jar:/home/runner/.m2/repository/io/netty/netty-transport/4.1.86.Final/netty-transport-4.1.86.Final.jar:/home/runner/.m2/repository/io/netty/netty-resolver/4.1.86.Final/netty-resolver-4.1.86.Final.jar:/home/runner/.m2/repository/org/apache/ozone/ozone-csi/1.4.0-SNAPSHOT/ozone-csi-1.4.0-SNAPSHOT.jar:/home/runner/.m2/repository/com/google/protobuf/protobuf-java-util/3.19.6/protobuf-java-util-3.19.6.jar:/home/runner/.m2/repository/com/google/code/gson/gson/2.9.0/gson-2.9.0.jar:/home/runner/.m2/repository/org/apache/ozone/hdds-config/1.4.0-SNAPSHOT/hdds-config-1.4.0-SNAPSHOT.jar:/home/runner/.m2/repository/io/netty/netty-transport-native-epoll/4.1.86.Final/netty-transport-native-epoll-4.1.86.Final-linux-x86_64.jar:/home/runner/.m2/repository/io/netty/netty-transport-classes-epoll/4.1.86.Final/netty-transport-classes-epoll-4.1.86.Final.jar:/home/runner/.m2/repository/io/netty/netty-transport-native-unix-common/4.1.86.Final/netty-transport-native-unix-common-4.1.86.Final.jar:/home/runner/.m2/repository/org/apache/ozone/ozone-recon/1.4.0-SNAPSHOT/ozone-recon-1.4.0-SNAPSHOT.jar:/home/runner/.m2/repository/org/apache/ozone/ozone-reconcodegen/1.4.0-SNAPSHOT/ozone-reconcodegen-1.4.0-SNAPSHOT.jar:/home/runner/.m2/repository/com/google/inject/guice/5.1.0/guice-5.1.0.jar:/home/runner/.m2/repository/aopalliance/aopalliance/1.0/aopalliance-1.0.jar:/home/runner/.m2/repository/com/google/inject/extensions/guice-assistedinject/5.1.0/guice-assistedinject-5.1.0.jar:/home/runner/.m2/repository/com/google/inject/extensions/guice-servlet/5.1.0/guice-servlet-5.1.0.jar:/home/runner/.m2/repository/org/glassfish/jersey/containers/jersey-container-servlet/2.34/jersey-container-servlet-2.34.jar:/home/runner/.m2/repository/org/glassfish/hk2/guice-bridge/2.5.0/guice-bridge-2.5.0.jar:/home/runner/.m2/repository/org/glassfish/jersey/core/jersey-server/2.34/jersey-server-2.34.jar:/home/runner/.m2/repository/org/glassfish/jersey/core/jersey-client/2.34/jersey-client-2.34.jar:/home/runner/.m2/repository/jakarta/annotation/jakarta.annotation-api/1.3.5/jakarta.annotation-api-1.3.5.jar:/home/runner/.m2/repository/jakarta/validation/jakarta.validation-api/2.0.2/jakarta.validation-api-2.0.2.jar:/home/runner/.m2/repository/org/glassfish/jersey/media/jersey-media-json-jackson/2.34/jersey-media-json-jackson-2.34.jar:/home/runner/.m2/repository/org/glassfish/jersey/ext/jersey-entity-filtering/2.34/jersey-entity-filtering-2.34.jar:/home/runner/.m2/repository/org/jooq/jooq/3.11.10/jooq-3.11.10.jar:/home/runner/.m2/repository/org/jooq/jooq-meta/3.11.10/jooq-meta-3.11.10.jar:/home/runner/.m2/repository/org/jooq/jooq-codegen/3.11.10/jooq-codegen-3.11.10.jar:/home/runner/.m2/repository/com/jolbox/bonecp/0.8.0.RELEASE/bonecp-0.8.0.RELEASE.jar:/home/runner/.m2/repository/org/apache/derby/derby/10.14.2.0/derby-10.14.2.0.jar:/home/runner/.m2/repository/org/xerial/sqlite-jdbc/3.25.2/sqlite-jdbc-3.25.2.jar:/home/runner/.m2/repository/org/springframework/spring-jdbc/5.3.27/spring-jdbc-5.3.27.jar:/home/runner/.m2/repository/org/springframework/spring-beans/5.3.27/spring-beans-5.3.27.jar:/home/runner/.m2/repository/org/springframework/spring-core/5.3.27/spring-core-5.3.27.jar:/home/runner/.m2/repository/org/springframework/spring-tx/5.3.27/spring-tx-5.3.27.jar:/home/runner/.m2/repository/org/apache/ozone/ozone-client/1.4.0-SNAPSHOT/ozone-client-1.4.0-SNAPSHOT.jar:/home/runner/.m2/repository/org/apache/ozone/hdds-erasurecode/1.4.0-SNAPSHOT/hdds-erasurecode-1.4.0-SNAPSHOT.jar:/home/runner/.m2/repository/org/apache/ozone/ozone-filesystem/1.4.0-SNAPSHOT/ozone-filesystem-1.4.0-SNAPSHOT.jar:/home/runner/.m2/repository/org/apache/ozone/ozone-filesystem-common/1.4.0-SNAPSHOT/ozone-filesystem-common-1.4.0-SNAPSHOT.jar:/home/runner/.m2/repository/org/apache/ozone/ozone-tools/1.4.0-SNAPSHOT/ozone-tools-1.4.0-SNAPSHOT.jar:/home/runner/.m2/repository/com/amazonaws/aws-java-sdk-core/1.12.261/aws-java-sdk-core-1.12.261.jar:/home/runner/.m2/repository/org/apache/httpcomponents/httpclient/4.5.13/httpclient-4.5.13.jar:/home/runner/.m2/repository/org/apache/httpcomponents/httpcore/4.4.13/httpcore-4.4.13.jar:/home/runner/.m2/repository/software/amazon/ion/ion-java/1.0.2/ion-java-1.0.2.jar:/home/runner/.m2/repository/com/fasterxml/jackson/dataformat/jackson-dataformat-cbor/2.13.4/jackson-dataformat-cbor-2.13.4.jar:/home/runner/.m2/repository/joda-time/joda-time/2.10.6/joda-time-2.10.6.jar:/home/runner/.m2/repository/com/amazonaws/aws-java-sdk-s3/1.12.261/aws-java-sdk-s3-1.12.261.jar:/home/runner/.m2/repository/com/amazonaws/aws-java-sdk-kms/1.12.261/aws-java-sdk-kms-1.12.261.jar:/home/runner/.m2/repository/com/amazonaws/jmespath-java/1.12.261/jmespath-java-1.12.261.jar:/home/runner/.m2/repository/org/kohsuke/metainf-services/metainf-services/1.8/metainf-services-1.8.jar:/home/runner/.m2/repository/org/apache/ozone/hdds-tools/1.4.0-SNAPSHOT/hdds-tools-1.4.0-SNAPSHOT.jar:/home/runner/.m2/repository/org/apache/ratis/ratis-tools/2.4.2-8b8bdda-SNAPSHOT/ratis-tools-2.4.2-8b8bdda-SNAPSHOT.jar:/home/runner/.m2/repository/commons-cli/commons-cli/1.2/commons-cli-1.2.jar:/home/runner/.m2/repository/org/apache/commons/commons-lang3/3.7/commons-lang3-3.7.jar:/home/runner/.m2/repository/org/apache/ozone/ozone-manager/1.4.0-SNAPSHOT/ozone-manager-1.4.0-SNAPSHOT-tests.jar:/home/runner/.m2/repository/org/apache/ozone/hdds-common/1.4.0-SNAPSHOT/hdds-common-1.4.0-SNAPSHOT-tests.jar:/home/runner/.m2/repository/org/apache/ozone/hdds-hadoop-dependency-client/1.4.0-SNAPSHOT/hdds-hadoop-dependency-client-1.4.0-SNAPSHOT.jar:/home/runner/.m2/repository/info/picocli/picocli/4.6.1/picocli-4.6.1.jar:/home/runner/.m2/repository/com/fasterxml/jackson/core/jackson-annotations/2.13.4/jackson-annotations-2.13.4.jar:/home/runner/.m2/repository/org/apache/ozone/hdds-annotation-processing/1.4.0-SNAPSHOT/hdds-annotation-processing-1.4.0-SNAPSHOT.jar:/home/runner/.m2/repository/javax/annotation/javax.annotation-api/1.2/javax.annotation-api-1.2.jar:/home/runner/.m2/repository/org/apache/ratis/ratis-netty/2.4.2-8b8bdda-SNAPSHOT/ratis-netty-2.4.2-8b8bdda-SNAPSHOT.jar:/home/runner/.m2/repository/org/apache/ratis/ratis-grpc/2.4.2-8b8bdda-SNAPSHOT/ratis-grpc-2.4.2-8b8bdda-SNAPSHOT.jar:/home/runner/.m2/repository/org/apache/logging/log4j/log4j-api/2.17.1/log4j-api-2.17.1.jar:/home/runner/.m2/repository/org/apache/commons/commons-pool2/2.6.0/commons-pool2-2.6.0.jar:/home/runner/.m2/repository/org/bouncycastle/bcpkix-jdk15on/1.67/bcpkix-jdk15on-1.67.jar:/home/runner/.m2/repository/commons-validator/commons-validator/1.6/commons-validator-1.6.jar:/home/runner/.m2/repository/commons-beanutils/commons-beanutils/1.9.4/commons-beanutils-1.9.4.jar:/home/runner/.m2/repository/commons-digester/commons-digester/1.8.1/commons-digester-1.8.1.jar:/home/runner/.m2/repository/commons-collections/commons-collections/3.2.2/commons-collections-3.2.2.jar:/home/runner/.m2/repository/io/jaegertracing/jaeger-client/1.6.0/jaeger-client-1.6.0.jar:/home/runner/.m2/repository/io/jaegertracing/jaeger-thrift/1.6.0/jaeger-thrift-1.6.0.jar:/home/runner/.m2/repository/org/apache/thrift/libthrift/0.14.1/libthrift-0.14.1.jar:/home/runner/.m2/repository/io/jaegertracing/jaeger-core/1.6.0/jaeger-core-1.6.0.jar:/home/runner/.m2/repository/io/jaegertracing/jaeger-tracerresolver/1.6.0/jaeger-tracerresolver-1.6.0.jar:/home/runner/.m2/repository/io/opentracing/contrib/opentracing-tracerresolver/0.1.8/opentracing-tracerresolver-0.1.8.jar:/home/runner/.m2/repository/org/jetbrains/kotlin/kotlin-stdlib/1.6.21/kotlin-stdlib-1.6.21.jar:/home/runner/.m2/repository/org/jetbrains/annotations/13.0/annotations-13.0.jar:/home/runner/.m2/repository/io/opentracing/opentracing-util/0.33.0/opentracing-util-0.33.0.jar:/home/runner/.m2/repository/io/opentracing/opentracing-api/0.33.0/opentracing-api-0.33.0.jar:/home/runner/.m2/repository/io/opentracing/opentracing-noop/0.33.0/opentracing-noop-0.33.0.jar:/home/runner/.m2/repository/org/yaml/snakeyaml/2.0/snakeyaml-2.0.jar:/home/runner/.m2/repository/junit/junit/4.13.1/junit-4.13.1.jar:/home/runner/.m2/repository/org/hamcrest/hamcrest-core/1.3/hamcrest-core-1.3.jar:/home/runner/.m2/repository/org/junit/jupiter/junit-jupiter-api/5.8.2/junit-jupiter-api-5.8.2.jar:/home/runner/.m2/repository/org/opentest4j/opentest4j/1.2.0/opentest4j-1.2.0.jar:/home/runner/.m2/repository/org/junit/platform/junit-platform-commons/1.8.2/junit-platform-commons-1.8.2.jar:/home/runner/.m2/repository/org/apiguardian/apiguardian-api/1.1.2/apiguardian-api-1.1.2.jar:/home/runner/.m2/repository/org/junit/jupiter/junit-jupiter-params/5.8.2/junit-jupiter-params-5.8.2.jar:/home/runner/.m2/repository/org/junit/jupiter/junit-jupiter-migrationsupport/5.8.2/junit-jupiter-migrationsupport-5.8.2.jar:/home/runner/.m2/repository/org/junit/jupiter/junit-jupiter-engine/5.8.2/junit-jupiter-engine-5.8.2.jar:/home/runner/.m2/repository/org/junit/platform/junit-platform-engine/1.8.2/junit-platform-engine-1.8.2.jar:/home/runner/.m2/repository/org/junit/vintage/junit-vintage-engine/5.8.2/junit-vintage-engine-5.8.2.jar:/home/runner/.m2/repository/org/junit/platform/junit-platform-launcher/1.8.2/junit-platform-launcher-1.8.2.jar:/home/runner/.m2/repository/org/mockito/mockito-core/2.28.2/mockito-core-2.28.2.jar:/home/runner/.m2/repository/net/bytebuddy/byte-buddy/1.9.10/byte-buddy-1.9.10.jar:/home/runner/.m2/repository/net/bytebuddy/byte-buddy-agent/1.9.10/byte-buddy-agent-1.9.10.jar:/home/runner/.m2/repository/org/objenesis/objenesis/1.0/objenesis-1.0.jar:/home/runner/.m2/repository/org/apache/hadoop/hadoop-kms/3.3.5/hadoop-kms-3.3.5.jar:/home/runner/.m2/repository/org/apache/hadoop/hadoop-auth/3.3.5/hadoop-auth-3.3.5.jar:/home/runner/.m2/repository/com/nimbusds/nimbus-jose-jwt/9.8.1/nimbus-jose-jwt-9.8.1.jar:/home/runner/.m2/repository/com/github/stephenc/jcip/jcip-annotations/1.0-1/jcip-annotations-1.0-1.jar:/home/runner/.m2/repository/net/minidev/json-smart/2.4.7/json-smart-2.4.7.jar:/home/runner/.m2/repository/net/minidev/accessors-smart/2.4.7/accessors-smart-2.4.7.jar:/home/runner/.m2/repository/org/ow2/asm/asm/5.0.4/asm-5.0.4.jar:/home/runner/.m2/repository/org/apache/zookeeper/zookeeper/3.5.6/zookeeper-3.5.6.jar:/home/runner/.m2/repository/org/apache/zookeeper/zookeeper-jute/3.5.6/zookeeper-jute-3.5.6.jar:/home/runner/.m2/repository/org/apache/yetus/audience-annotations/0.5.0/audience-annotations-0.5.0.jar:/home/runner/.m2/repository/org/apache/curator/curator-framework/4.2.0/curator-framework-4.2.0.jar:/home/runner/.m2/repository/org/apache/hadoop/thirdparty/hadoop-shaded-guava/1.1.1/hadoop-shaded-guava-1.1.1.jar:/home/runner/.m2/repository/com/sun/jersey/jersey-core/1.19/jersey-core-1.19.jar:/home/runner/.m2/repository/javax/ws/rs/jsr311-api/1.1.1/jsr311-api-1.1.1.jar:/home/runner/.m2/repository/com/sun/jersey/jersey-server/1.19/jersey-server-1.19.jar:/home/runner/.m2/repository/javax/servlet/javax.servlet-api/3.1.0/javax.servlet-api-3.1.0.jar:/home/runner/.m2/repository/org/apache/hadoop/hadoop-common/3.3.5/hadoop-common-3.3.5.jar:/home/runner/.m2/repository/org/apache/commons/commons-math3/3.1.1/commons-math3-3.1.1.jar:/home/runner/.m2/repository/commons-net/commons-net/3.9.0/commons-net-3.9.0.jar:/home/runner/.m2/repository/com/sun/jersey/jersey-servlet/1.19/jersey-servlet-1.19.jar:/home/runner/.m2/repository/com/github/pjfanning/jersey-json/1.20/jersey-json-1.20.jar:/home/runner/.m2/repository/org/codehaus/jettison/jettison/1.1/jettison-1.1.jar:/home/runner/.m2/repository/com/sun/xml/bind/jaxb-impl/2.2.3-1/jaxb-impl-2.2.3-1.jar:/home/runner/.m2/repository/com/google/re2j/re2j/1.1/re2j-1.1.jar:/home/runner/.m2/repository/com/jcraft/jsch/0.1.54/jsch-0.1.54.jar:/home/runner/.m2/repository/org/apache/curator/curator-client/4.2.0/curator-client-4.2.0.jar:/home/runner/.m2/repository/org/apache/curator/curator-recipes/4.2.0/curator-recipes-4.2.0.jar:/home/runner/.m2/repository/org/apache/kerby/kerb-core/1.0.1/kerb-core-1.0.1.jar:/home/runner/.m2/repository/org/apache/kerby/kerby-pkix/1.0.1/kerby-pkix-1.0.1.jar:/home/runner/.m2/repository/org/apache/kerby/kerby-asn1/1.0.1/kerby-asn1-1.0.1.jar:/home/runner/.m2/repository/org/apache/kerby/kerby-util/1.0.1/kerby-util-1.0.1.jar:/home/runner/.m2/repository/dnsjava/dnsjava/2.1.7/dnsjava-2.1.7.jar:/home/runner/.m2/repository/org/xerial/snappy/snappy-java/1.1.8.2/snappy-java-1.1.8.2.jar:/home/runner/.m2/repository/com/fasterxml/jackson/core/jackson-databind/2.13.4.2/jackson-databind-2.13.4.2.jar:/home/runner/.m2/repository/org/apache/hadoop/hadoop-kms/3.3.5/hadoop-kms-3.3.5-tests.jar:/home/runner/.m2/repository/org/apache/ozone/hdds-server-scm/1.4.0-SNAPSHOT/hdds-server-scm-1.4.0-SNAPSHOT-tests.jar:/home/runner/.m2/repository/org/apache/ozone/hdds-container-service/1.4.0-SNAPSHOT/hdds-container-service-1.4.0-SNAPSHOT-tests.jar:/home/runner/.m2/repository/com/github/luben/zstd-jni/1.5.2-5/zstd-jni-1.5.2-5.jar:/home/runner/.m2/repository/commons-codec/commons-codec/1.15/commons-codec-1.15.jar:/home/runner/.m2/repository/io/netty/netty-codec/4.1.86.Final/netty-codec-4.1.86.Final.jar:/home/runner/.m2/repository/io/netty/netty-handler/4.1.86.Final/netty-handler-4.1.86.Final.jar:/home/runner/.m2/repository/org/apache/ozone/hdds-hadoop-dependency-test/1.4.0-SNAPSHOT/hdds-hadoop-dependency-test-1.4.0-SNAPSHOT.jar:/home/runner/.m2/repository/org/apache/hadoop/hadoop-common/3.3.5/hadoop-common-3.3.5-tests.jar:/home/runner/.m2/repository/org/apache/hadoop/hadoop-hdfs/3.3.5/hadoop-hdfs-3.3.5-tests.jar:/home/runner/.m2/repository/org/assertj/assertj-core/3.12.2/assertj-core-3.12.2.jar:/home/runner/.m2/repository/org/apache/hadoop/hadoop-distcp/3.3.5/hadoop-distcp-3.3.5.jar:/home/runner/.m2/repository/org/apache/hadoop/hadoop-mapreduce-client-jobclient/3.3.5/hadoop-mapreduce-client-jobclient-3.3.5.jar:/home/runner/.m2/repository/org/apache/hadoop/hadoop-mapreduce-client-common/3.3.5/hadoop-mapreduce-client-common-3.3.5.jar:/home/runner/.m2/repository/org/apache/hadoop/hadoop-yarn-common/3.3.5/hadoop-yarn-common-3.3.5.jar:/home/runner/.m2/repository/org/apache/hadoop/hadoop-yarn-api/3.3.5/hadoop-yarn-api-3.3.5.jar:/home/runner/.m2/repository/com/sun/jersey/contribs/jersey-guice/1.19/jersey-guice-1.19.jar:/home/runner/.m2/repository/com/fasterxml/jackson/jaxrs/jackson-jaxrs-json-provider/2.13.4/jackson-jaxrs-json-provider-2.13.4.jar:/home/runner/.m2/repository/com/fasterxml/jackson/jaxrs/jackson-jaxrs-base/2.13.4/jackson-jaxrs-base-2.13.4.jar:/home/runner/.m2/repository/org/apache/hadoop/hadoop-yarn-client/3.3.5/hadoop-yarn-client-3.3.5.jar:/home/runner/.m2/repository/org/eclipse/jetty/websocket/websocket-client/9.4.48.v20220622/websocket-client-9.4.48.v20220622.jar:/home/runner/.m2/repository/org/eclipse/jetty/websocket/websocket-common/9.4.48.v20220622/websocket-common-9.4.48.v20220622.jar:/home/runner/.m2/repository/org/eclipse/jetty/websocket/websocket-api/9.4.48.v20220622/websocket-api-9.4.48.v20220622.jar:/home/runner/.m2/repository/org/jline/jline/3.9.0/jline-3.9.0.jar:/home/runner/.m2/repository/org/apache/hadoop/hadoop-mapreduce-client-core/3.3.5/hadoop-mapreduce-client-core-3.3.5.jar:/home/runner/.m2/repository/org/apache/avro/avro/1.7.7/avro-1.7.7.jar:/home/runner/.m2/repository/com/thoughtworks/paranamer/paranamer/2.3/paranamer-2.3.jar:/home/runner/.m2/repository/org/apache/hadoop/hadoop-annotations/3.3.5/hadoop-annotations-3.3.5.jar:/usr/lib/jvm/temurin-8-jdk-amd64/jre/../lib/tools.jar:/home/runner/.m2/repository/io/netty/netty/3.10.6.Final/netty-3.10.6.Final.jar:/home/runner/.m2/repository/org/apache/hadoop/hadoop-distcp/3.3.5/hadoop-distcp-3.3.5-tests.jar:/home/runner/.m2/repository/org/slf4j/jul-to-slf4j/1.7.36/jul-to-slf4j-1.7.36.jar:"/>
    <property name="java.vm.vendor" value="Temurin"/>
    <property name="sun.arch.data.model" value="64"/>
    <property name="test.build.dir" value="/home/runner/work/ozone/ozone/hadoop-ozone/integration-test/target/test-dir"/>
    <property name="test.cache.data" value=""/>
    <property name="java.vendor.url" value="https://adoptium.net/"/>
    <property name="user.timezone" value="Etc/UTC"/>
    <property name="java.vm.specification.version" value="1.8"/>
    <property name="os.name" value="Linux"/>
    <property name="test.build.data" value="/home/runner/work/ozone/ozone/hadoop-ozone/integration-test/target/test-dir"/>
    <property name="sun.java.launcher" value="SUN_STANDARD"/>
    <property name="sun.boot.library.path" value="/usr/lib/jvm/temurin-8-jdk-amd64/jre/lib/amd64"/>
    <property name="sun.java.command" value="/home/runner/work/ozone/ozone/hadoop-ozone/integration-test/target/surefire/surefirebooter6196195737105486480.jar /home/runner/work/ozone/ozone/hadoop-ozone/integration-test/target/surefire 2023-05-03T09-41-56_166-jvmRun1 surefire619559264155481004tmp surefire_45032903367885702471tmp"/>
    <property name="surefire.test.class.path" value="/home/runner/work/ozone/ozone/hadoop-ozone/integration-test/target/test-classes:/home/runner/work/ozone/ozone/hadoop-ozone/integration-test/target/classes:/home/runner/.m2/repository/org/apache/ozone/ozone-common/1.4.0-SNAPSHOT/ozone-common-1.4.0-SNAPSHOT.jar:/home/runner/.m2/repository/io/grpc/grpc-netty/1.51.1/grpc-netty-1.51.1.jar:/home/runner/.m2/repository/io/grpc/grpc-core/1.51.1/grpc-core-1.51.1.jar:/home/runner/.m2/repository/com/google/android/annotations/4.1.1.4/annotations-4.1.1.4.jar:/home/runner/.m2/repository/org/codehaus/mojo/animal-sniffer-annotations/1.21/animal-sniffer-annotations-1.21.jar:/home/runner/.m2/repository/com/google/errorprone/error_prone_annotations/2.2.0/error_prone_annotations-2.2.0.jar:/home/runner/.m2/repository/io/perfmark/perfmark-api/0.25.0/perfmark-api-0.25.0.jar:/home/runner/.m2/repository/io/netty/netty-codec-http2/4.1.86.Final/netty-codec-http2-4.1.86.Final.jar:/home/runner/.m2/repository/io/netty/netty-common/4.1.86.Final/netty-common-4.1.86.Final.jar:/home/runner/.m2/repository/io/netty/netty-buffer/4.1.86.Final/netty-buffer-4.1.86.Final.jar:/home/runner/.m2/repository/io/netty/netty-codec-http/4.1.86.Final/netty-codec-http-4.1.86.Final.jar:/home/runner/.m2/repository/io/netty/netty-handler-proxy/4.1.86.Final/netty-handler-proxy-4.1.86.Final.jar:/home/runner/.m2/repository/io/netty/netty-codec-socks/4.1.86.Final/netty-codec-socks-4.1.86.Final.jar:/home/runner/.m2/repository/io/netty/netty-tcnative-boringssl-static/2.0.54.Final/netty-tcnative-boringssl-static-2.0.54.Final.jar:/home/runner/.m2/repository/io/netty/netty-tcnative-classes/2.0.54.Final/netty-tcnative-classes-2.0.54.Final.jar:/home/runner/.m2/repository/io/netty/netty-tcnative-boringssl-static/2.0.54.Final/netty-tcnative-boringssl-static-2.0.54.Final-linux-x86_64.jar:/home/runner/.m2/repository/io/netty/netty-tcnative-boringssl-static/2.0.54.Final/netty-tcnative-boringssl-static-2.0.54.Final-linux-aarch_64.jar:/home/runner/.m2/repository/io/netty/netty-tcnative-boringssl-static/2.0.54.Final/netty-tcnative-boringssl-static-2.0.54.Final-osx-x86_64.jar:/home/runner/.m2/repository/io/netty/netty-tcnative-boringssl-static/2.0.54.Final/netty-tcnative-boringssl-static-2.0.54.Final-osx-aarch_64.jar:/home/runner/.m2/repository/io/netty/netty-tcnative-boringssl-static/2.0.54.Final/netty-tcnative-boringssl-static-2.0.54.Final-windows-x86_64.jar:/home/runner/.m2/repository/org/apache/commons/commons-compress/1.21/commons-compress-1.21.jar:/home/runner/.m2/repository/org/apache/ozone/hdds-common/1.4.0-SNAPSHOT/hdds-common-1.4.0-SNAPSHOT.jar:/home/runner/.m2/repository/org/apache/ozone/hdds-client/1.4.0-SNAPSHOT/hdds-client-1.4.0-SNAPSHOT.jar:/home/runner/.m2/repository/org/apache/ozone/ozone-interface-client/1.4.0-SNAPSHOT/ozone-interface-client-1.4.0-SNAPSHOT.jar:/home/runner/.m2/repository/org/apache/hadoop/hadoop-hdfs-client/3.3.5/hadoop-hdfs-client-3.3.5.jar:/home/runner/.m2/repository/com/squareup/okhttp3/okhttp/4.9.3/okhttp-4.9.3.jar:/home/runner/.m2/repository/com/squareup/okio/okio/2.8.0/okio-2.8.0.jar:/home/runner/.m2/repository/org/jetbrains/kotlin/kotlin-stdlib-common/1.6.21/kotlin-stdlib-common-1.6.21.jar:/home/runner/.m2/repository/org/apache/ozone/hdds-test-utils/1.4.0-SNAPSHOT/hdds-test-utils-1.4.0-SNAPSHOT.jar:/home/runner/.m2/repository/com/google/guava/guava/31.1-jre/guava-31.1-jre.jar:/home/runner/.m2/repository/com/google/guava/failureaccess/1.0.1/failureaccess-1.0.1.jar:/home/runner/.m2/repository/com/google/guava/listenablefuture/9999.0-empty-to-avoid-conflict-with-guava/listenablefuture-9999.0-empty-to-avoid-conflict-with-guava.jar:/home/runner/.m2/repository/com/google/code/findbugs/jsr305/3.0.0/jsr305-3.0.0.jar:/home/runner/.m2/repository/org/checkerframework/checker-qual/3.12.0/checker-qual-3.12.0.jar:/home/runner/.m2/repository/com/google/j2objc/j2objc-annotations/1.3/j2objc-annotations-1.3.jar:/home/runner/.m2/repository/commons-io/commons-io/2.11.0/commons-io-2.11.0.jar:/home/runner/.m2/repository/commons-logging/commons-logging/1.2/commons-logging-1.2.jar:/home/runner/.m2/repository/ch/qos/reload4j/reload4j/1.2.22/reload4j-1.2.22.jar:/home/runner/.m2/repository/org/slf4j/slf4j-api/1.7.36/slf4j-api-1.7.36.jar:/home/runner/.m2/repository/org/apache/ozone/hdds-server-scm/1.4.0-SNAPSHOT/hdds-server-scm-1.4.0-SNAPSHOT.jar:/home/runner/.m2/repository/org/apache/ozone/hdds-container-service/1.4.0-SNAPSHOT/hdds-container-service-1.4.0-SNAPSHOT.jar:/home/runner/.m2/repository/org/apache/ozone/hdds-hadoop-dependency-server/1.4.0-SNAPSHOT/hdds-hadoop-dependency-server-1.4.0-SNAPSHOT.jar:/home/runner/.m2/repository/org/apache/hadoop/hadoop-hdfs/3.3.5/hadoop-hdfs-3.3.5.jar:/home/runner/.m2/repository/commons-daemon/commons-daemon/1.0.13/commons-daemon-1.0.13.jar:/home/runner/.m2/repository/org/apache/ozone/hdds-server-framework/1.4.0-SNAPSHOT/hdds-server-framework-1.4.0-SNAPSHOT.jar:/home/runner/.m2/repository/io/dropwizard/metrics/metrics-core/3.2.4/metrics-core-3.2.4.jar:/home/runner/.m2/repository/org/apache/commons/commons-text/1.4/commons-text-1.4.jar:/home/runner/.m2/repository/org/bouncycastle/bcprov-jdk15on/1.67/bcprov-jdk15on-1.67.jar:/home/runner/.m2/repository/com/google/protobuf/protobuf-java/2.5.0/protobuf-java-2.5.0.jar:/home/runner/.m2/repository/org/apache/ozone/hdds-server-framework/1.4.0-SNAPSHOT/hdds-server-framework-1.4.0-SNAPSHOT-tests.jar:/home/runner/.m2/repository/org/apache/ozone/hdds-interface-server/1.4.0-SNAPSHOT/hdds-interface-server-1.4.0-SNAPSHOT.jar:/home/runner/.m2/repository/org/apache/ozone/hdds-interface-admin/1.4.0-SNAPSHOT/hdds-interface-admin-1.4.0-SNAPSHOT.jar:/home/runner/.m2/repository/org/apache/ozone/hdds-managed-rocksdb/1.4.0-SNAPSHOT/hdds-managed-rocksdb-1.4.0-SNAPSHOT.jar:/home/runner/.m2/repository/org/rocksdb/rocksdbjni/7.7.3/rocksdbjni-7.7.3.jar:/home/runner/.m2/repository/org/slf4j/slf4j-reload4j/1.7.36/slf4j-reload4j-1.7.36.jar:/home/runner/.m2/repository/org/apache/commons/commons-configuration2/2.1.1/commons-configuration2-2.1.1.jar:/home/runner/.m2/repository/org/apache/logging/log4j/log4j-core/2.17.1/log4j-core-2.17.1.jar:/home/runner/.m2/repository/com/lmax/disruptor/3.4.2/disruptor-3.4.2.jar:/home/runner/.m2/repository/org/eclipse/jetty/jetty-util/9.4.51.v20230217/jetty-util-9.4.51.v20230217.jar:/home/runner/.m2/repository/org/eclipse/jetty/jetty-server/9.4.51.v20230217/jetty-server-9.4.51.v20230217.jar:/home/runner/.m2/repository/org/eclipse/jetty/jetty-http/9.4.51.v20230217/jetty-http-9.4.51.v20230217.jar:/home/runner/.m2/repository/org/eclipse/jetty/jetty-io/9.4.51.v20230217/jetty-io-9.4.51.v20230217.jar:/home/runner/.m2/repository/org/eclipse/jetty/jetty-servlet/9.4.51.v20230217/jetty-servlet-9.4.51.v20230217.jar:/home/runner/.m2/repository/org/eclipse/jetty/jetty-security/9.4.51.v20230217/jetty-security-9.4.51.v20230217.jar:/home/runner/.m2/repository/org/eclipse/jetty/jetty-util-ajax/9.4.51.v20230217/jetty-util-ajax-9.4.51.v20230217.jar:/home/runner/.m2/repository/org/eclipse/jetty/jetty-webapp/9.4.51.v20230217/jetty-webapp-9.4.51.v20230217.jar:/home/runner/.m2/repository/org/eclipse/jetty/jetty-xml/9.4.51.v20230217/jetty-xml-9.4.51.v20230217.jar:/home/runner/.m2/repository/org/apache/ratis/ratis-server/2.4.2-8b8bdda-SNAPSHOT/ratis-server-2.4.2-8b8bdda-SNAPSHOT.jar:/home/runner/.m2/repository/org/apache/ratis/ratis-thirdparty-misc/1.0.3/ratis-thirdparty-misc-1.0.3.jar:/home/runner/.m2/repository/org/apache/ratis/ratis-proto/2.4.2-8b8bdda-SNAPSHOT/ratis-proto-2.4.2-8b8bdda-SNAPSHOT.jar:/home/runner/.m2/repository/org/apache/ratis/ratis-common/2.4.2-8b8bdda-SNAPSHOT/ratis-common-2.4.2-8b8bdda-SNAPSHOT.jar:/home/runner/.m2/repository/org/apache/ratis/ratis-client/2.4.2-8b8bdda-SNAPSHOT/ratis-client-2.4.2-8b8bdda-SNAPSHOT.jar:/home/runner/.m2/repository/org/apache/ratis/ratis-server-api/2.4.2-8b8bdda-SNAPSHOT/ratis-server-api-2.4.2-8b8bdda-SNAPSHOT.jar:/home/runner/.m2/repository/org/apache/ratis/ratis-metrics/2.4.2-8b8bdda-SNAPSHOT/ratis-metrics-2.4.2-8b8bdda-SNAPSHOT.jar:/home/runner/.m2/repository/io/prometheus/simpleclient_dropwizard/0.7.0/simpleclient_dropwizard-0.7.0.jar:/home/runner/.m2/repository/io/prometheus/simpleclient/0.7.0/simpleclient-0.7.0.jar:/home/runner/.m2/repository/io/prometheus/simpleclient_common/0.7.0/simpleclient_common-0.7.0.jar:/home/runner/.m2/repository/com/fasterxml/jackson/datatype/jackson-datatype-jsr310/2.13.4/jackson-datatype-jsr310-2.13.4.jar:/home/runner/.m2/repository/com/fasterxml/jackson/core/jackson-core/2.13.4/jackson-core-2.13.4.jar:/home/runner/.m2/repository/com/github/spotbugs/spotbugs-annotations/3.1.12/spotbugs-annotations-3.1.12.jar:/home/runner/.m2/repository/org/apache/ozone/rocksdb-checkpoint-differ/1.4.0-SNAPSHOT/rocksdb-checkpoint-differ-1.4.0-SNAPSHOT.jar:/home/runner/.m2/repository/org/awaitility/awaitility/4.2.0/awaitility-4.2.0.jar:/home/runner/.m2/repository/org/hamcrest/hamcrest/2.1/hamcrest-2.1.jar:/home/runner/.m2/repository/org/apache/ozone/ozone-manager/1.4.0-SNAPSHOT/ozone-manager-1.4.0-SNAPSHOT.jar:/home/runner/.m2/repository/org/aspectj/aspectjrt/1.9.7/aspectjrt-1.9.7.jar:/home/runner/.m2/repository/org/aspectj/aspectjweaver/1.9.7/aspectjweaver-1.9.7.jar:/home/runner/.m2/repository/org/apache/ozone/hdds-interface-client/1.4.0-SNAPSHOT/hdds-interface-client-1.4.0-SNAPSHOT.jar:/home/runner/.m2/repository/org/apache/hadoop/thirdparty/hadoop-shaded-protobuf_3_7/1.1.1/hadoop-shaded-protobuf_3_7-1.1.1.jar:/home/runner/.m2/repository/org/apache/ozone/ozone-interface-storage/1.4.0-SNAPSHOT/ozone-interface-storage-1.4.0-SNAPSHOT.jar:/home/runner/.m2/repository/org/reflections/reflections/0.9.11/reflections-0.9.11.jar:/home/runner/.m2/repository/com/sun/jersey/jersey-client/1.19/jersey-client-1.19.jar:/home/runner/.m2/repository/org/codehaus/jackson/jackson-core-asl/1.9.13/jackson-core-asl-1.9.13.jar:/home/runner/.m2/repository/org/codehaus/jackson/jackson-mapper-asl/1.9.13/jackson-mapper-asl-1.9.13.jar:/home/runner/.m2/repository/org/codehaus/jackson/jackson-jaxrs/1.9.13/jackson-jaxrs-1.9.13.jar:/home/runner/.m2/repository/org/apache/ranger/ranger-intg/2.3.0/ranger-intg-2.3.0.jar:/home/runner/.m2/repository/org/apache/ranger/ranger-plugins-common/2.3.0/ranger-plugins-common-2.3.0.jar:/home/runner/.m2/repository/commons-lang/commons-lang/2.6/commons-lang-2.6.jar:/home/runner/.m2/repository/org/apache/ranger/ranger-plugins-cred/2.3.0/ranger-plugins-cred-2.3.0.jar:/home/runner/.m2/repository/org/apache/ranger/ranger-plugins-audit/2.3.0/ranger-plugins-audit-2.3.0.jar:/home/runner/.m2/repository/org/eclipse/jetty/jetty-client/9.4.51.v20230217/jetty-client-9.4.51.v20230217.jar:/home/runner/.m2/repository/org/apache/httpcomponents/httpmime/4.5.6/httpmime-4.5.6.jar:/home/runner/.m2/repository/org/apache/httpcomponents/httpcore-nio/4.4.13/httpcore-nio-4.4.13.jar:/home/runner/.m2/repository/org/apache/httpcomponents/httpasyncclient/4.1.3/httpasyncclient-4.1.3.jar:/home/runner/.m2/repository/com/carrotsearch/hppc/0.8.0/hppc-0.8.0.jar:/home/runner/.m2/repository/org/apache/orc/orc-core/1.5.8/orc-core-1.5.8.jar:/home/runner/.m2/repository/net/java/dev/jna/jna/5.2.0/jna-5.2.0.jar:/home/runner/.m2/repository/net/java/dev/jna/jna-platform/5.2.0/jna-platform-5.2.0.jar:/home/runner/.m2/repository/com/kstruct/gethostname4j/0.0.2/gethostname4j-0.0.2.jar:/home/runner/.m2/repository/org/apache/ranger/ranger-plugin-classloader/2.3.0/ranger-plugin-classloader-2.3.0.jar:/home/runner/.m2/repository/org/apache/ozone/hdds-rocks-native/1.4.0-SNAPSHOT/hdds-rocks-native-1.4.0-SNAPSHOT.jar:/home/runner/.m2/repository/org/apache/hadoop/hadoop-minikdc/3.3.5/hadoop-minikdc-3.3.5.jar:/home/runner/.m2/repository/org/apache/kerby/kerb-simplekdc/1.0.1/kerb-simplekdc-1.0.1.jar:/home/runner/.m2/repository/org/apache/kerby/kerb-client/1.0.1/kerb-client-1.0.1.jar:/home/runner/.m2/repository/org/apache/kerby/kerby-config/1.0.1/kerby-config-1.0.1.jar:/home/runner/.m2/repository/org/apache/kerby/kerb-common/1.0.1/kerb-common-1.0.1.jar:/home/runner/.m2/repository/org/apache/kerby/kerb-crypto/1.0.1/kerb-crypto-1.0.1.jar:/home/runner/.m2/repository/org/apache/kerby/kerb-util/1.0.1/kerb-util-1.0.1.jar:/home/runner/.m2/repository/org/apache/kerby/token-provider/1.0.1/token-provider-1.0.1.jar:/home/runner/.m2/repository/org/apache/kerby/kerb-admin/1.0.1/kerb-admin-1.0.1.jar:/home/runner/.m2/repository/org/apache/kerby/kerb-server/1.0.1/kerb-server-1.0.1.jar:/home/runner/.m2/repository/org/apache/kerby/kerb-identity/1.0.1/kerb-identity-1.0.1.jar:/home/runner/.m2/repository/org/apache/kerby/kerby-xdr/1.0.1/kerby-xdr-1.0.1.jar:/home/runner/.m2/repository/org/apache/ozone/ozone-s3gateway/1.4.0-SNAPSHOT/ozone-s3gateway-1.4.0-SNAPSHOT.jar:/home/runner/.m2/repository/org/javassist/javassist/3.21.0-GA/javassist-3.21.0-GA.jar:/home/runner/.m2/repository/org/jboss/weld/servlet/weld-servlet-shaded/3.1.9.Final/weld-servlet-shaded-3.1.9.Final.jar:/home/runner/.m2/repository/org/glassfish/jersey/containers/jersey-container-servlet-core/2.34/jersey-container-servlet-core-2.34.jar:/home/runner/.m2/repository/org/glassfish/hk2/external/jakarta.inject/2.6.1/jakarta.inject-2.6.1.jar:/home/runner/.m2/repository/org/glassfish/jersey/core/jersey-common/2.34/jersey-common-2.34.jar:/home/runner/.m2/repository/jakarta/ws/rs/jakarta.ws.rs-api/2.1.6/jakarta.ws.rs-api-2.1.6.jar:/home/runner/.m2/repository/org/glassfish/jersey/ext/cdi/jersey-cdi1x/2.34/jersey-cdi1x-2.34.jar:/home/runner/.m2/repository/org/glassfish/jersey/inject/jersey-hk2/2.34/jersey-hk2-2.34.jar:/home/runner/.m2/repository/org/glassfish/hk2/hk2-locator/2.6.1/hk2-locator-2.6.1.jar:/home/runner/.m2/repository/org/glassfish/jersey/media/jersey-media-jaxb/2.34/jersey-media-jaxb-2.34.jar:/home/runner/.m2/repository/org/glassfish/hk2/osgi-resource-locator/1.0.3/osgi-resource-locator-1.0.3.jar:/home/runner/.m2/repository/org/glassfish/hk2/hk2-api/2.5.0/hk2-api-2.5.0.jar:/home/runner/.m2/repository/org/glassfish/hk2/hk2-utils/2.5.0/hk2-utils-2.5.0.jar:/home/runner/.m2/repository/org/glassfish/hk2/external/aopalliance-repackaged/2.5.0/aopalliance-repackaged-2.5.0.jar:/home/runner/.m2/repository/com/fasterxml/jackson/dataformat/jackson-dataformat-xml/2.13.4/jackson-dataformat-xml-2.13.4.jar:/home/runner/.m2/repository/org/codehaus/woodstox/stax2-api/4.2.1/stax2-api-4.2.1.jar:/home/runner/.m2/repository/com/fasterxml/woodstox/woodstox-core/5.4.0/woodstox-core-5.4.0.jar:/home/runner/.m2/repository/com/fasterxml/jackson/module/jackson-module-jaxb-annotations/2.13.4/jackson-module-jaxb-annotations-2.13.4.jar:/home/runner/.m2/repository/jakarta/xml/bind/jakarta.xml.bind-api/2.3.3/jakarta.xml.bind-api-2.3.3.jar:/home/runner/.m2/repository/jakarta/activation/jakarta.activation-api/1.2.2/jakarta.activation-api-1.2.2.jar:/home/runner/.m2/repository/javax/enterprise/cdi-api/2.0/cdi-api-2.0.jar:/home/runner/.m2/repository/javax/el/javax.el-api/3.0.0/javax.el-api-3.0.0.jar:/home/runner/.m2/repository/javax/interceptor/javax.interceptor-api/1.2/javax.interceptor-api-1.2.jar:/home/runner/.m2/repository/javax/inject/javax.inject/1/javax.inject-1.jar:/home/runner/.m2/repository/javax/xml/bind/jaxb-api/2.3.0/jaxb-api-2.3.0.jar:/home/runner/.m2/repository/org/glassfish/jaxb/jaxb-runtime/2.3.0.1/jaxb-runtime-2.3.0.1.jar:/home/runner/.m2/repository/org/glassfish/jaxb/jaxb-core/2.3.0.1/jaxb-core-2.3.0.1.jar:/home/runner/.m2/repository/org/glassfish/jaxb/txw2/2.3.0.1/txw2-2.3.0.1.jar:/home/runner/.m2/repository/com/sun/istack/istack-commons-runtime/3.0.5/istack-commons-runtime-3.0.5.jar:/home/runner/.m2/repository/org/jvnet/staxex/stax-ex/1.7.8/stax-ex-1.7.8.jar:/home/runner/.m2/repository/com/sun/xml/fastinfoset/FastInfoset/1.2.13/FastInfoset-1.2.13.jar:/home/runner/.m2/repository/javax/activation/activation/1.1.1/activation-1.1.1.jar:/home/runner/.m2/repository/io/grpc/grpc-protobuf/1.51.1/grpc-protobuf-1.51.1.jar:/home/runner/.m2/repository/io/grpc/grpc-api/1.51.1/grpc-api-1.51.1.jar:/home/runner/.m2/repository/io/grpc/grpc-context/1.51.1/grpc-context-1.51.1.jar:/home/runner/.m2/repository/com/google/api/grpc/proto-google-common-protos/2.9.0/proto-google-common-protos-2.9.0.jar:/home/runner/.m2/repository/io/grpc/grpc-protobuf-lite/1.51.1/grpc-protobuf-lite-1.51.1.jar:/home/runner/.m2/repository/io/grpc/grpc-stub/1.51.1/grpc-stub-1.51.1.jar:/home/runner/.m2/repository/io/netty/netty-transport/4.1.86.Final/netty-transport-4.1.86.Final.jar:/home/runner/.m2/repository/io/netty/netty-resolver/4.1.86.Final/netty-resolver-4.1.86.Final.jar:/home/runner/.m2/repository/org/apache/ozone/ozone-csi/1.4.0-SNAPSHOT/ozone-csi-1.4.0-SNAPSHOT.jar:/home/runner/.m2/repository/com/google/protobuf/protobuf-java-util/3.19.6/protobuf-java-util-3.19.6.jar:/home/runner/.m2/repository/com/google/code/gson/gson/2.9.0/gson-2.9.0.jar:/home/runner/.m2/repository/org/apache/ozone/hdds-config/1.4.0-SNAPSHOT/hdds-config-1.4.0-SNAPSHOT.jar:/home/runner/.m2/repository/io/netty/netty-transport-native-epoll/4.1.86.Final/netty-transport-native-epoll-4.1.86.Final-linux-x86_64.jar:/home/runner/.m2/repository/io/netty/netty-transport-classes-epoll/4.1.86.Final/netty-transport-classes-epoll-4.1.86.Final.jar:/home/runner/.m2/repository/io/netty/netty-transport-native-unix-common/4.1.86.Final/netty-transport-native-unix-common-4.1.86.Final.jar:/home/runner/.m2/repository/org/apache/ozone/ozone-recon/1.4.0-SNAPSHOT/ozone-recon-1.4.0-SNAPSHOT.jar:/home/runner/.m2/repository/org/apache/ozone/ozone-reconcodegen/1.4.0-SNAPSHOT/ozone-reconcodegen-1.4.0-SNAPSHOT.jar:/home/runner/.m2/repository/com/google/inject/guice/5.1.0/guice-5.1.0.jar:/home/runner/.m2/repository/aopalliance/aopalliance/1.0/aopalliance-1.0.jar:/home/runner/.m2/repository/com/google/inject/extensions/guice-assistedinject/5.1.0/guice-assistedinject-5.1.0.jar:/home/runner/.m2/repository/com/google/inject/extensions/guice-servlet/5.1.0/guice-servlet-5.1.0.jar:/home/runner/.m2/repository/org/glassfish/jersey/containers/jersey-container-servlet/2.34/jersey-container-servlet-2.34.jar:/home/runner/.m2/repository/org/glassfish/hk2/guice-bridge/2.5.0/guice-bridge-2.5.0.jar:/home/runner/.m2/repository/org/glassfish/jersey/core/jersey-server/2.34/jersey-server-2.34.jar:/home/runner/.m2/repository/org/glassfish/jersey/core/jersey-client/2.34/jersey-client-2.34.jar:/home/runner/.m2/repository/jakarta/annotation/jakarta.annotation-api/1.3.5/jakarta.annotation-api-1.3.5.jar:/home/runner/.m2/repository/jakarta/validation/jakarta.validation-api/2.0.2/jakarta.validation-api-2.0.2.jar:/home/runner/.m2/repository/org/glassfish/jersey/media/jersey-media-json-jackson/2.34/jersey-media-json-jackson-2.34.jar:/home/runner/.m2/repository/org/glassfish/jersey/ext/jersey-entity-filtering/2.34/jersey-entity-filtering-2.34.jar:/home/runner/.m2/repository/org/jooq/jooq/3.11.10/jooq-3.11.10.jar:/home/runner/.m2/repository/org/jooq/jooq-meta/3.11.10/jooq-meta-3.11.10.jar:/home/runner/.m2/repository/org/jooq/jooq-codegen/3.11.10/jooq-codegen-3.11.10.jar:/home/runner/.m2/repository/com/jolbox/bonecp/0.8.0.RELEASE/bonecp-0.8.0.RELEASE.jar:/home/runner/.m2/repository/org/apache/derby/derby/10.14.2.0/derby-10.14.2.0.jar:/home/runner/.m2/repository/org/xerial/sqlite-jdbc/3.25.2/sqlite-jdbc-3.25.2.jar:/home/runner/.m2/repository/org/springframework/spring-jdbc/5.3.27/spring-jdbc-5.3.27.jar:/home/runner/.m2/repository/org/springframework/spring-beans/5.3.27/spring-beans-5.3.27.jar:/home/runner/.m2/repository/org/springframework/spring-core/5.3.27/spring-core-5.3.27.jar:/home/runner/.m2/repository/org/springframework/spring-tx/5.3.27/spring-tx-5.3.27.jar:/home/runner/.m2/repository/org/apache/ozone/ozone-client/1.4.0-SNAPSHOT/ozone-client-1.4.0-SNAPSHOT.jar:/home/runner/.m2/repository/org/apache/ozone/hdds-erasurecode/1.4.0-SNAPSHOT/hdds-erasurecode-1.4.0-SNAPSHOT.jar:/home/runner/.m2/repository/org/apache/ozone/ozone-filesystem/1.4.0-SNAPSHOT/ozone-filesystem-1.4.0-SNAPSHOT.jar:/home/runner/.m2/repository/org/apache/ozone/ozone-filesystem-common/1.4.0-SNAPSHOT/ozone-filesystem-common-1.4.0-SNAPSHOT.jar:/home/runner/.m2/repository/org/apache/ozone/ozone-tools/1.4.0-SNAPSHOT/ozone-tools-1.4.0-SNAPSHOT.jar:/home/runner/.m2/repository/com/amazonaws/aws-java-sdk-core/1.12.261/aws-java-sdk-core-1.12.261.jar:/home/runner/.m2/repository/org/apache/httpcomponents/httpclient/4.5.13/httpclient-4.5.13.jar:/home/runner/.m2/repository/org/apache/httpcomponents/httpcore/4.4.13/httpcore-4.4.13.jar:/home/runner/.m2/repository/software/amazon/ion/ion-java/1.0.2/ion-java-1.0.2.jar:/home/runner/.m2/repository/com/fasterxml/jackson/dataformat/jackson-dataformat-cbor/2.13.4/jackson-dataformat-cbor-2.13.4.jar:/home/runner/.m2/repository/joda-time/joda-time/2.10.6/joda-time-2.10.6.jar:/home/runner/.m2/repository/com/amazonaws/aws-java-sdk-s3/1.12.261/aws-java-sdk-s3-1.12.261.jar:/home/runner/.m2/repository/com/amazonaws/aws-java-sdk-kms/1.12.261/aws-java-sdk-kms-1.12.261.jar:/home/runner/.m2/repository/com/amazonaws/jmespath-java/1.12.261/jmespath-java-1.12.261.jar:/home/runner/.m2/repository/org/kohsuke/metainf-services/metainf-services/1.8/metainf-services-1.8.jar:/home/runner/.m2/repository/org/apache/ozone/hdds-tools/1.4.0-SNAPSHOT/hdds-tools-1.4.0-SNAPSHOT.jar:/home/runner/.m2/repository/org/apache/ratis/ratis-tools/2.4.2-8b8bdda-SNAPSHOT/ratis-tools-2.4.2-8b8bdda-SNAPSHOT.jar:/home/runner/.m2/repository/commons-cli/commons-cli/1.2/commons-cli-1.2.jar:/home/runner/.m2/repository/org/apache/commons/commons-lang3/3.7/commons-lang3-3.7.jar:/home/runner/.m2/repository/org/apache/ozone/ozone-manager/1.4.0-SNAPSHOT/ozone-manager-1.4.0-SNAPSHOT-tests.jar:/home/runner/.m2/repository/org/apache/ozone/hdds-common/1.4.0-SNAPSHOT/hdds-common-1.4.0-SNAPSHOT-tests.jar:/home/runner/.m2/repository/org/apache/ozone/hdds-hadoop-dependency-client/1.4.0-SNAPSHOT/hdds-hadoop-dependency-client-1.4.0-SNAPSHOT.jar:/home/runner/.m2/repository/info/picocli/picocli/4.6.1/picocli-4.6.1.jar:/home/runner/.m2/repository/com/fasterxml/jackson/core/jackson-annotations/2.13.4/jackson-annotations-2.13.4.jar:/home/runner/.m2/repository/org/apache/ozone/hdds-annotation-processing/1.4.0-SNAPSHOT/hdds-annotation-processing-1.4.0-SNAPSHOT.jar:/home/runner/.m2/repository/javax/annotation/javax.annotation-api/1.2/javax.annotation-api-1.2.jar:/home/runner/.m2/repository/org/apache/ratis/ratis-netty/2.4.2-8b8bdda-SNAPSHOT/ratis-netty-2.4.2-8b8bdda-SNAPSHOT.jar:/home/runner/.m2/repository/org/apache/ratis/ratis-grpc/2.4.2-8b8bdda-SNAPSHOT/ratis-grpc-2.4.2-8b8bdda-SNAPSHOT.jar:/home/runner/.m2/repository/org/apache/logging/log4j/log4j-api/2.17.1/log4j-api-2.17.1.jar:/home/runner/.m2/repository/org/apache/commons/commons-pool2/2.6.0/commons-pool2-2.6.0.jar:/home/runner/.m2/repository/org/bouncycastle/bcpkix-jdk15on/1.67/bcpkix-jdk15on-1.67.jar:/home/runner/.m2/repository/commons-validator/commons-validator/1.6/commons-validator-1.6.jar:/home/runner/.m2/repository/commons-beanutils/commons-beanutils/1.9.4/commons-beanutils-1.9.4.jar:/home/runner/.m2/repository/commons-digester/commons-digester/1.8.1/commons-digester-1.8.1.jar:/home/runner/.m2/repository/commons-collections/commons-collections/3.2.2/commons-collections-3.2.2.jar:/home/runner/.m2/repository/io/jaegertracing/jaeger-client/1.6.0/jaeger-client-1.6.0.jar:/home/runner/.m2/repository/io/jaegertracing/jaeger-thrift/1.6.0/jaeger-thrift-1.6.0.jar:/home/runner/.m2/repository/org/apache/thrift/libthrift/0.14.1/libthrift-0.14.1.jar:/home/runner/.m2/repository/io/jaegertracing/jaeger-core/1.6.0/jaeger-core-1.6.0.jar:/home/runner/.m2/repository/io/jaegertracing/jaeger-tracerresolver/1.6.0/jaeger-tracerresolver-1.6.0.jar:/home/runner/.m2/repository/io/opentracing/contrib/opentracing-tracerresolver/0.1.8/opentracing-tracerresolver-0.1.8.jar:/home/runner/.m2/repository/org/jetbrains/kotlin/kotlin-stdlib/1.6.21/kotlin-stdlib-1.6.21.jar:/home/runner/.m2/repository/org/jetbrains/annotations/13.0/annotations-13.0.jar:/home/runner/.m2/repository/io/opentracing/opentracing-util/0.33.0/opentracing-util-0.33.0.jar:/home/runner/.m2/repository/io/opentracing/opentracing-api/0.33.0/opentracing-api-0.33.0.jar:/home/runner/.m2/repository/io/opentracing/opentracing-noop/0.33.0/opentracing-noop-0.33.0.jar:/home/runner/.m2/repository/org/yaml/snakeyaml/2.0/snakeyaml-2.0.jar:/home/runner/.m2/repository/junit/junit/4.13.1/junit-4.13.1.jar:/home/runner/.m2/repository/org/hamcrest/hamcrest-core/1.3/hamcrest-core-1.3.jar:/home/runner/.m2/repository/org/junit/jupiter/junit-jupiter-api/5.8.2/junit-jupiter-api-5.8.2.jar:/home/runner/.m2/repository/org/opentest4j/opentest4j/1.2.0/opentest4j-1.2.0.jar:/home/runner/.m2/repository/org/junit/platform/junit-platform-commons/1.8.2/junit-platform-commons-1.8.2.jar:/home/runner/.m2/repository/org/apiguardian/apiguardian-api/1.1.2/apiguardian-api-1.1.2.jar:/home/runner/.m2/repository/org/junit/jupiter/junit-jupiter-params/5.8.2/junit-jupiter-params-5.8.2.jar:/home/runner/.m2/repository/org/junit/jupiter/junit-jupiter-migrationsupport/5.8.2/junit-jupiter-migrationsupport-5.8.2.jar:/home/runner/.m2/repository/org/junit/jupiter/junit-jupiter-engine/5.8.2/junit-jupiter-engine-5.8.2.jar:/home/runner/.m2/repository/org/junit/platform/junit-platform-engine/1.8.2/junit-platform-engine-1.8.2.jar:/home/runner/.m2/repository/org/junit/vintage/junit-vintage-engine/5.8.2/junit-vintage-engine-5.8.2.jar:/home/runner/.m2/repository/org/junit/platform/junit-platform-launcher/1.8.2/junit-platform-launcher-1.8.2.jar:/home/runner/.m2/repository/org/mockito/mockito-core/2.28.2/mockito-core-2.28.2.jar:/home/runner/.m2/repository/net/bytebuddy/byte-buddy/1.9.10/byte-buddy-1.9.10.jar:/home/runner/.m2/repository/net/bytebuddy/byte-buddy-agent/1.9.10/byte-buddy-agent-1.9.10.jar:/home/runner/.m2/repository/org/objenesis/objenesis/1.0/objenesis-1.0.jar:/home/runner/.m2/repository/org/apache/hadoop/hadoop-kms/3.3.5/hadoop-kms-3.3.5.jar:/home/runner/.m2/repository/org/apache/hadoop/hadoop-auth/3.3.5/hadoop-auth-3.3.5.jar:/home/runner/.m2/repository/com/nimbusds/nimbus-jose-jwt/9.8.1/nimbus-jose-jwt-9.8.1.jar:/home/runner/.m2/repository/com/github/stephenc/jcip/jcip-annotations/1.0-1/jcip-annotations-1.0-1.jar:/home/runner/.m2/repository/net/minidev/json-smart/2.4.7/json-smart-2.4.7.jar:/home/runner/.m2/repository/net/minidev/accessors-smart/2.4.7/accessors-smart-2.4.7.jar:/home/runner/.m2/repository/org/ow2/asm/asm/5.0.4/asm-5.0.4.jar:/home/runner/.m2/repository/org/apache/zookeeper/zookeeper/3.5.6/zookeeper-3.5.6.jar:/home/runner/.m2/repository/org/apache/zookeeper/zookeeper-jute/3.5.6/zookeeper-jute-3.5.6.jar:/home/runner/.m2/repository/org/apache/yetus/audience-annotations/0.5.0/audience-annotations-0.5.0.jar:/home/runner/.m2/repository/org/apache/curator/curator-framework/4.2.0/curator-framework-4.2.0.jar:/home/runner/.m2/repository/org/apache/hadoop/thirdparty/hadoop-shaded-guava/1.1.1/hadoop-shaded-guava-1.1.1.jar:/home/runner/.m2/repository/com/sun/jersey/jersey-core/1.19/jersey-core-1.19.jar:/home/runner/.m2/repository/javax/ws/rs/jsr311-api/1.1.1/jsr311-api-1.1.1.jar:/home/runner/.m2/repository/com/sun/jersey/jersey-server/1.19/jersey-server-1.19.jar:/home/runner/.m2/repository/javax/servlet/javax.servlet-api/3.1.0/javax.servlet-api-3.1.0.jar:/home/runner/.m2/repository/org/apache/hadoop/hadoop-common/3.3.5/hadoop-common-3.3.5.jar:/home/runner/.m2/repository/org/apache/commons/commons-math3/3.1.1/commons-math3-3.1.1.jar:/home/runner/.m2/repository/commons-net/commons-net/3.9.0/commons-net-3.9.0.jar:/home/runner/.m2/repository/com/sun/jersey/jersey-servlet/1.19/jersey-servlet-1.19.jar:/home/runner/.m2/repository/com/github/pjfanning/jersey-json/1.20/jersey-json-1.20.jar:/home/runner/.m2/repository/org/codehaus/jettison/jettison/1.1/jettison-1.1.jar:/home/runner/.m2/repository/com/sun/xml/bind/jaxb-impl/2.2.3-1/jaxb-impl-2.2.3-1.jar:/home/runner/.m2/repository/com/google/re2j/re2j/1.1/re2j-1.1.jar:/home/runner/.m2/repository/com/jcraft/jsch/0.1.54/jsch-0.1.54.jar:/home/runner/.m2/repository/org/apache/curator/curator-client/4.2.0/curator-client-4.2.0.jar:/home/runner/.m2/repository/org/apache/curator/curator-recipes/4.2.0/curator-recipes-4.2.0.jar:/home/runner/.m2/repository/org/apache/kerby/kerb-core/1.0.1/kerb-core-1.0.1.jar:/home/runner/.m2/repository/org/apache/kerby/kerby-pkix/1.0.1/kerby-pkix-1.0.1.jar:/home/runner/.m2/repository/org/apache/kerby/kerby-asn1/1.0.1/kerby-asn1-1.0.1.jar:/home/runner/.m2/repository/org/apache/kerby/kerby-util/1.0.1/kerby-util-1.0.1.jar:/home/runner/.m2/repository/dnsjava/dnsjava/2.1.7/dnsjava-2.1.7.jar:/home/runner/.m2/repository/org/xerial/snappy/snappy-java/1.1.8.2/snappy-java-1.1.8.2.jar:/home/runner/.m2/repository/com/fasterxml/jackson/core/jackson-databind/2.13.4.2/jackson-databind-2.13.4.2.jar:/home/runner/.m2/repository/org/apache/hadoop/hadoop-kms/3.3.5/hadoop-kms-3.3.5-tests.jar:/home/runner/.m2/repository/org/apache/ozone/hdds-server-scm/1.4.0-SNAPSHOT/hdds-server-scm-1.4.0-SNAPSHOT-tests.jar:/home/runner/.m2/repository/org/apache/ozone/hdds-container-service/1.4.0-SNAPSHOT/hdds-container-service-1.4.0-SNAPSHOT-tests.jar:/home/runner/.m2/repository/com/github/luben/zstd-jni/1.5.2-5/zstd-jni-1.5.2-5.jar:/home/runner/.m2/repository/commons-codec/commons-codec/1.15/commons-codec-1.15.jar:/home/runner/.m2/repository/io/netty/netty-codec/4.1.86.Final/netty-codec-4.1.86.Final.jar:/home/runner/.m2/repository/io/netty/netty-handler/4.1.86.Final/netty-handler-4.1.86.Final.jar:/home/runner/.m2/repository/org/apache/ozone/hdds-hadoop-dependency-test/1.4.0-SNAPSHOT/hdds-hadoop-dependency-test-1.4.0-SNAPSHOT.jar:/home/runner/.m2/repository/org/apache/hadoop/hadoop-common/3.3.5/hadoop-common-3.3.5-tests.jar:/home/runner/.m2/repository/org/apache/hadoop/hadoop-hdfs/3.3.5/hadoop-hdfs-3.3.5-tests.jar:/home/runner/.m2/repository/org/assertj/assertj-core/3.12.2/assertj-core-3.12.2.jar:/home/runner/.m2/repository/org/apache/hadoop/hadoop-distcp/3.3.5/hadoop-distcp-3.3.5.jar:/home/runner/.m2/repository/org/apache/hadoop/hadoop-mapreduce-client-jobclient/3.3.5/hadoop-mapreduce-client-jobclient-3.3.5.jar:/home/runner/.m2/repository/org/apache/hadoop/hadoop-mapreduce-client-common/3.3.5/hadoop-mapreduce-client-common-3.3.5.jar:/home/runner/.m2/repository/org/apache/hadoop/hadoop-yarn-common/3.3.5/hadoop-yarn-common-3.3.5.jar:/home/runner/.m2/repository/org/apache/hadoop/hadoop-yarn-api/3.3.5/hadoop-yarn-api-3.3.5.jar:/home/runner/.m2/repository/com/sun/jersey/contribs/jersey-guice/1.19/jersey-guice-1.19.jar:/home/runner/.m2/repository/com/fasterxml/jackson/jaxrs/jackson-jaxrs-json-provider/2.13.4/jackson-jaxrs-json-provider-2.13.4.jar:/home/runner/.m2/repository/com/fasterxml/jackson/jaxrs/jackson-jaxrs-base/2.13.4/jackson-jaxrs-base-2.13.4.jar:/home/runner/.m2/repository/org/apache/hadoop/hadoop-yarn-client/3.3.5/hadoop-yarn-client-3.3.5.jar:/home/runner/.m2/repository/org/eclipse/jetty/websocket/websocket-client/9.4.48.v20220622/websocket-client-9.4.48.v20220622.jar:/home/runner/.m2/repository/org/eclipse/jetty/websocket/websocket-common/9.4.48.v20220622/websocket-common-9.4.48.v20220622.jar:/home/runner/.m2/repository/org/eclipse/jetty/websocket/websocket-api/9.4.48.v20220622/websocket-api-9.4.48.v20220622.jar:/home/runner/.m2/repository/org/jline/jline/3.9.0/jline-3.9.0.jar:/home/runner/.m2/repository/org/apache/hadoop/hadoop-mapreduce-client-core/3.3.5/hadoop-mapreduce-client-core-3.3.5.jar:/home/runner/.m2/repository/org/apache/avro/avro/1.7.7/avro-1.7.7.jar:/home/runner/.m2/repository/com/thoughtworks/paranamer/paranamer/2.3/paranamer-2.3.jar:/home/runner/.m2/repository/org/apache/hadoop/hadoop-annotations/3.3.5/hadoop-annotations-3.3.5.jar:/usr/lib/jvm/temurin-8-jdk-amd64/jre/../lib/tools.jar:/home/runner/.m2/repository/io/netty/netty/3.10.6.Final/netty-3.10.6.Final.jar:/home/runner/.m2/repository/org/apache/hadoop/hadoop-distcp/3.3.5/hadoop-distcp-3.3.5-tests.jar:/home/runner/.m2/repository/org/slf4j/jul-to-slf4j/1.7.36/jul-to-slf4j-1.7.36.jar:"/>
    <property name="sun.cpu.endian" value="little"/>
    <property name="user.home" value="/home/runner"/>
    <property name="user.language" value="en"/>
    <property name="java.specification.vendor" value="Oracle Corporation"/>
    <property name="java.home" value="/usr/lib/jvm/temurin-8-jdk-amd64/jre"/>
    <property name="java.security.krb5.conf" value="/home/runner/work/ozone/ozone/hadoop-ozone/integration-test/target/test-classes/krb5.conf"/>
    <property name="basedir" value="/home/runner/work/ozone/ozone/hadoop-ozone/integration-test"/>
    <property name="file.separator" value="/"/>
    <property name="line.separator" value="&#10;"/>
    <property name="java.vm.specification.vendor" value="Oracle Corporation"/>
    <property name="java.specification.name" value="Java Platform API Specification"/>
    <property name="java.awt.graphicsenv" value="sun.awt.X11GraphicsEnvironment"/>
    <property name="skip.installnpx" value="true"/>
    <property name="surefire.real.class.path" value="/home/runner/work/ozone/ozone/hadoop-ozone/integration-test/target/surefire/surefirebooter6196195737105486480.jar:/home/runner/.m2/repository/org/jacoco/org.jacoco.agent/0.8.5/org.jacoco.agent-0.8.5-runtime.jar"/>
    <property name="hadoop.log.dir" value="/home/runner/work/ozone/ozone/hadoop-ozone/integration-test/target/log"/>
    <property name="sun.boot.class.path" value="/usr/lib/jvm/temurin-8-jdk-amd64/jre/lib/resources.jar:/usr/lib/jvm/temurin-8-jdk-amd64/jre/lib/rt.jar:/usr/lib/jvm/temurin-8-jdk-amd64/jre/lib/sunrsasign.jar:/usr/lib/jvm/temurin-8-jdk-amd64/jre/lib/jsse.jar:/usr/lib/jvm/temurin-8-jdk-amd64/jre/lib/jce.jar:/usr/lib/jvm/temurin-8-jdk-amd64/jre/lib/charsets.jar:/usr/lib/jvm/temurin-8-jdk-amd64/jre/lib/jfr.jar:/usr/lib/jvm/temurin-8-jdk-amd64/jre/classes"/>
    <property name="sun.management.compiler" value="HotSpot 64-Bit Tiered Compilers"/>
    <property name="skip.npx" value="true"/>
    <property name="java.runtime.version" value="1.8.0_362-b09"/>
    <property name="java.net.preferIPv4Stack" value="true"/>
    <property name="user.name" value="runner"/>
    <property name="path.separator" value=":"/>
    <property name="java.security.egd" value="file:///dev/urandom"/>
    <property name="os.version" value="5.15.0-1036-azure"/>
    <property name="java.endorsed.dirs" value="/usr/lib/jvm/temurin-8-jdk-amd64/jre/lib/endorsed"/>
    <property name="java.runtime.name" value="OpenJDK Runtime Environment"/>
    <property name="file.encoding" value="UTF-8"/>
    <property name="java.vm.name" value="OpenJDK 64-Bit Server VM"/>
    <property name="test.build.webapps" value=""/>
    <property name="localRepository" value="/home/runner/.m2/repository"/>
    <property name="jetty.git.hash" value="b45c405e4544384de066f814ed42ae3dceacdd49"/>
    <property name="java.vendor.url.bug" value="https://github.com/adoptium/adoptium-support/issues"/>
    <property name="java.io.tmpdir" value="/tmp"/>
    <property name="require.test.libhadoop" value=""/>
    <property name="java.version" value="1.8.0_362"/>
    <property name="user.dir" value="/home/runner/work/ozone/ozone/hadoop-ozone/integration-test"/>
    <property name="os.arch" value="amd64"/>
    <property name="java.vm.specification.name" value="Java Virtual Machine Specification"/>
    <property name="test.build.classes" value="/home/runner/work/ozone/ozone/hadoop-ozone/integration-test/target/test-classes"/>
    <property name="java.awt.printerjob" value="sun.print.PSPrinterJob"/>
    <property name="sun.os.patch.level" value="unknown"/>
    <property name="org.apache.ratis.thirdparty.io.netty.allocator.useCacheForAllThreads" value="false"/>
    <property name="hadoop.tmp.dir" value="/home/runner/work/ozone/ozone/hadoop-ozone/integration-test/target/tmp"/>
    <property name="java.library.path" value="/usr/java/packages/lib/amd64:/usr/lib64:/lib64:/lib:/usr/lib"/>
    <property name="java.vm.info" value="mixed mode"/>
    <property name="java.vendor" value="Temurin"/>
    <property name="java.vm.version" value="25.362-b09"/>
    <property name="java.specification.maintenance.version" value="4"/>
    <property name="java.ext.dirs" value="/usr/lib/jvm/temurin-8-jdk-amd64/jre/lib/ext:/usr/java/packages/lib/ext"/>
    <property name="sun.io.unicode.encoding" value="UnicodeLittle"/>
    <property name="java.class.version" value="52.0"/>
  </properties>
  <testcase name="testBlockDeletionTransactions" classname="org.apache.hadoop.ozone.TestStorageContainerManager" time="29.613">
    <system-out><![CDATA[2023-05-03 09:45:58,275 [Time-limited test] WARN  server.ServerUtils (ServerUtils.java:getScmDbDir(148)) - ozone.scm.db.dirs is not configured. We recommend adding this setting. Falling back to ozone.metadata.dirs instead.
2023-05-03 09:45:58,357 [Time-limited test] WARN  server.ServerUtils (ServerUtils.java:getScmDbDir(148)) - ozone.scm.db.dirs is not configured. We recommend adding this setting. Falling back to ozone.metadata.dirs instead.
2023-05-03 09:45:58,360 [Time-limited test] INFO  ha.SCMHANodeDetails (SCMHANodeDetails.java:loadSCMHAConfig(209)) - ServiceID for StorageContainerManager is null
2023-05-03 09:45:58,372 [Time-limited test] WARN  ha.SCMHANodeDetails (SCMHANodeDetails.java:validateSCMHAConfig(182)) - Invalid config ozone.scm.ratis.enable. The config was not specified, but the default value true conflicts with the expected config value false. Falling back to the expected value. Current State of SCM: SCM is running in Non-HA without Ratis Ratis SCM -> Non Ratis SCM or Non HA SCM -> HA SCM is not supported
2023-05-03 09:45:58,372 [Time-limited test] INFO  ha.SCMHANodeDetails (SCMHANodeDetails.java:loadSCMHAConfig(214)) - ozone.scm.default.service.id is not defined, falling back to ozone.scm.service.ids to find serviceID for StorageContainerManager if it is HA enabled cluster
2023-05-03 09:45:58,915 [Time-limited test] WARN  utils.HAUtils (HAUtils.java:getMetaDir(350)) - ozone.scm.db.dirs is not configured. We recommend adding this setting. Falling back to ozone.metadata.dirs instead.
2023-05-03 09:45:59,044 [Time-limited test] WARN  db.DBStoreBuilder (DBStoreBuilder.java:applyDBDefinition(165)) - ozone.scm.db.dirs is not configured. We recommend adding this setting. Falling back to ozone.metadata.dirs instead.
2023-05-03 09:45:59,222 [Time-limited test] INFO  net.NodeSchemaLoader (NodeSchemaLoader.java:loadSchemaFromFile(129)) - Loading schema from [jar:file:/home/runner/.m2/repository/org/apache/ozone/hdds-common/1.4.0-SNAPSHOT/hdds-common-1.4.0-SNAPSHOT.jar!/network-topology-default.xml]
2023-05-03 09:45:59,224 [Time-limited test] INFO  net.NodeSchemaLoader (NodeSchemaLoader.java:loadSchema(176)) - Loading network topology layer schema file
2023-05-03 09:45:59,259 [Time-limited test] INFO  metrics.MetricRegistries (MetricRegistriesLoader.java:load(64)) - Loaded MetricRegistries class org.apache.ratis.metrics.impl.MetricRegistriesImpl
2023-05-03 09:45:59,271 [Time-limited test] INFO  upgrade.AbstractLayoutVersionManager (AbstractLayoutVersionManager.java:init(83)) - Initializing Layout version manager with metadata layout = WEBUI_PORTS_IN_DATANODEDETAILS (version = 6), software layout = WEBUI_PORTS_IN_DATANODEDETAILS (version = 6)
2023-05-03 09:45:59,447 [Time-limited test] INFO  reflections.Reflections (Reflections.java:scan(232)) - Reflections took 122 ms to scan 7 urls, producing 156 keys and 369 values 
2023-05-03 09:45:59,532 [Time-limited test] INFO  ha.SequenceIdGenerator (SequenceIdGenerator.java:upgradeToSequenceId(349)) - upgrade localId to 111677748019200000
2023-05-03 09:45:59,532 [Time-limited test] INFO  ha.SequenceIdGenerator (SequenceIdGenerator.java:upgradeToSequenceId(359)) - upgrade delTxnId to 0
2023-05-03 09:45:59,535 [Time-limited test] INFO  ha.SequenceIdGenerator (SequenceIdGenerator.java:upgradeToSequenceId(376)) - upgrade containerId to 0
2023-05-03 09:45:59,537 [Time-limited test] INFO  ha.SequenceIdGenerator (SequenceIdGenerator.java:<init>(220)) - Init the HA SequenceIdGenerator.
2023-05-03 09:45:59,578 [Time-limited test] WARN  server.ServerUtils (ServerUtils.java:sanitizeUserArgs(73)) - ozone.scm.stale.node.interval value = 300000 is larger than max = 100000 based on the key value of ozone.scm.heartbeat.thread.interval, reset to the max value 100000.
2023-05-03 09:45:59,579 [Time-limited test] WARN  server.ServerUtils (ServerUtils.java:sanitizeUserArgs(73)) - ozone.scm.stale.node.interval value = 300000 is larger than max = 100000 based on the key value of ozone.scm.heartbeat.thread.interval, reset to the max value 100000.
2023-05-03 09:45:59,584 [Time-limited test] INFO  node.SCMNodeManager (SCMNodeManager.java:<init>(159)) - Entering startup safe mode.
2023-05-03 09:45:59,598 [Time-limited test] INFO  algorithms.ContainerPlacementPolicyFactory (ContainerPlacementPolicyFactory.java:getPolicyInternal(86)) - Create container placement policy of type org.apache.hadoop.hdds.scm.container.placement.algorithms.SCMContainerPlacementRackAware
2023-05-03 09:45:59,601 [Time-limited test] INFO  algorithms.ContainerPlacementPolicyFactory (ContainerPlacementPolicyFactory.java:getPolicyInternal(86)) - Create container placement policy of type org.apache.hadoop.hdds.scm.container.placement.algorithms.SCMContainerPlacementRackScatter
2023-05-03 09:45:59,610 [Time-limited test] INFO  pipeline.PipelineStateManagerImpl (PipelineStateManagerImpl.java:initialize(78)) - No pipeline exists in current db
2023-05-03 09:45:59,641 [Time-limited test] INFO  algorithms.LeaderChoosePolicyFactory (LeaderChoosePolicyFactory.java:getPolicy(57)) - Create leader choose policy of type org.apache.hadoop.hdds.scm.pipeline.leader.choose.algorithms.MinLeaderCountChoosePolicy
2023-05-03 09:45:59,641 [Time-limited test] INFO  algorithms.ContainerPlacementPolicyFactory (ContainerPlacementPolicyFactory.java:getPolicyInternal(86)) - Create container placement policy of type org.apache.hadoop.hdds.scm.container.placement.algorithms.SCMContainerPlacementRackScatter
2023-05-03 09:45:59,646 [Time-limited test] INFO  ha.SCMServiceManager (SCMServiceManager.java:register(42)) - Registering service BackgroundPipelineCreator.
2023-05-03 09:45:59,647 [Time-limited test] INFO  pipeline.BackgroundPipelineCreator (BackgroundPipelineCreator.java:start(124)) - Starting RatisPipelineUtilsThread.
2023-05-03 09:45:59,650 [Time-limited test] INFO  BackgroundPipelineScrubber (BackgroundSCMService.java:start(68)) - Starting BackgroundPipelineScrubber Service.
2023-05-03 09:45:59,654 [Time-limited test] INFO  ha.SCMServiceManager (SCMServiceManager.java:register(42)) - Registering service BackgroundPipelineScrubber.
2023-05-03 09:45:59,660 [Time-limited test] INFO  ExpiredContainerReplicaOpScrubber (BackgroundSCMService.java:start(68)) - Starting ExpiredContainerReplicaOpScrubber Service.
2023-05-03 09:45:59,660 [Time-limited test] INFO  ha.SCMServiceManager (SCMServiceManager.java:register(42)) - Registering service ExpiredContainerReplicaOpScrubber.
2023-05-03 09:45:59,697 [Time-limited test] INFO  algorithms.PipelineChoosePolicyFactory (PipelineChoosePolicyFactory.java:createPipelineChoosePolicyFromClass(73)) - Create pipeline choose policy of type org.apache.hadoop.hdds.scm.pipeline.choose.algorithms.RandomPipelineChoosePolicy
2023-05-03 09:45:59,712 [Time-limited test] INFO  ha.SCMServiceManager (SCMServiceManager.java:register(42)) - Registering service SCMBlockDeletingService.
2023-05-03 09:45:59,772 [Time-limited test] INFO  replication.ReplicationManager (ReplicationManager.java:start(291)) - Starting Replication Monitor Thread.
2023-05-03 09:45:59,778 [Time-limited test] INFO  ha.SCMServiceManager (SCMServiceManager.java:register(42)) - Registering service ReplicationManager.
2023-05-03 09:45:59,782 [ReplicationMonitor] INFO  replication.ReplicationManager (ReplicationManager.java:processAll(366)) - Replication Manager is not ready to run until 3000ms after safemode exit
2023-05-03 09:45:59,787 [Time-limited test] INFO  safemode.ContainerSafeModeRule (ContainerSafeModeRule.java:<init>(89)) - containers with one replica threshold count 0
2023-05-03 09:45:59,790 [Time-limited test] INFO  safemode.HealthyPipelineSafeModeRule (HealthyPipelineSafeModeRule.java:initializeRule(169)) - Total pipeline count is 0, healthy pipeline threshold count is 1
2023-05-03 09:45:59,792 [Time-limited test] INFO  safemode.OneReplicaPipelineSafeModeRule (OneReplicaPipelineSafeModeRule.java:initializeRule(180)) - Total pipeline count is 0, pipeline's with at least one datanode reported threshold count is 0
2023-05-03 09:45:59,827 [Time-limited test] INFO  server.StorageContainerManager (StorageContainerManager.java:<init>(403)) - SCM start with adminUsers: [runner]
2023-05-03 09:46:00,063 [Time-limited test] INFO  audit.AuditLogger (AuditLogger.java:refreshDebugCmdSet(126)) - Refresh DebugCmdSet for SCMAudit to [].
2023-05-03 09:46:00,093 [Time-limited test] INFO  ipc.CallQueueManager (CallQueueManager.java:<init>(90)) - Using callQueue: class java.util.concurrent.LinkedBlockingQueue, queueCapacity: 2000, scheduler: class org.apache.hadoop.ipc.DefaultRpcScheduler, ipcBackoff: false.
2023-05-03 09:46:00,133 [Socket Reader #1 for port 0] INFO  ipc.Server (Server.java:run(1319)) - Starting Socket Reader #1 for port 0
2023-05-03 09:46:00,216 [Listener at 0.0.0.0/41543] INFO  audit.AuditLogger (AuditLogger.java:refreshDebugCmdSet(126)) - Refresh DebugCmdSet for SCMAudit to [].
2023-05-03 09:46:00,222 [Listener at 0.0.0.0/41543] INFO  ipc.CallQueueManager (CallQueueManager.java:<init>(90)) - Using callQueue: class java.util.concurrent.LinkedBlockingQueue, queueCapacity: 2000, scheduler: class org.apache.hadoop.ipc.DefaultRpcScheduler, ipcBackoff: false.
2023-05-03 09:46:00,222 [Socket Reader #1 for port 0] INFO  ipc.Server (Server.java:run(1319)) - Starting Socket Reader #1 for port 0
2023-05-03 09:46:00,257 [Listener at 0.0.0.0/36375] INFO  audit.AuditLogger (AuditLogger.java:refreshDebugCmdSet(126)) - Refresh DebugCmdSet for SCMAudit to [].
2023-05-03 09:46:00,313 [Listener at 0.0.0.0/36375] INFO  ipc.CallQueueManager (CallQueueManager.java:<init>(90)) - Using callQueue: class java.util.concurrent.LinkedBlockingQueue, queueCapacity: 2000, scheduler: class org.apache.hadoop.ipc.DefaultRpcScheduler, ipcBackoff: false.
2023-05-03 09:46:00,316 [Socket Reader #1 for port 0] INFO  ipc.Server (Server.java:run(1319)) - Starting Socket Reader #1 for port 0
2023-05-03 09:46:00,368 [Listener at 0.0.0.0/44485] INFO  ha.SCMServiceManager (SCMServiceManager.java:register(42)) - Registering service ContainerBalancer.
2023-05-03 09:46:00,369 [Listener at 0.0.0.0/44485] INFO  server.StorageContainerManager (StorageContainerManager.java:<init>(420)) - 
Container Balancer status:
Key                            Value
Running                        false
Container Balancer Configuration values:
Key                                                Value
Threshold                                          10
Max Datanodes to Involve per Iteration(percent)    20
Max Size to Move per Iteration                     500GB
Max Size Entering Target per Iteration             26GB
Max Size Leaving Source per Iteration              26GB

2023-05-03 09:46:00,371 [Listener at 0.0.0.0/44485] INFO  ha.SCMContext (SCMContext.java:updateSafeModeStatus(228)) - Update SafeModeStatus from SafeModeStatus{safeModeStatus=true, preCheckPassed=false} to SafeModeStatus{safeModeStatus=true, preCheckPassed=false}.
2023-05-03 09:46:00,377 [Listener at 0.0.0.0/44485] INFO  server.StorageContainerManager (StorageContainerManager.java:start(1477)) - StorageContainerLocationProtocol RPC server is listening at /0.0.0.0:44485
2023-05-03 09:46:00,440 [Listener at 0.0.0.0/44485] WARN  impl.MetricsConfig (MetricsConfig.java:loadFirst(136)) - Cannot locate configuration: tried hadoop-metrics2-storagecontainermanager.properties,hadoop-metrics2.properties
2023-05-03 09:46:00,451 [Listener at 0.0.0.0/44485] INFO  impl.MetricsSystemImpl (MetricsSystemImpl.java:startTimer(378)) - Scheduled Metric snapshot period at 10 second(s).
2023-05-03 09:46:00,452 [Listener at 0.0.0.0/44485] INFO  impl.MetricsSystemImpl (MetricsSystemImpl.java:start(191)) - StorageContainerManager metrics system started
2023-05-03 09:46:00,674 [Listener at 0.0.0.0/44485] INFO  server.SCMClientProtocolServer (SCMClientProtocolServer.java:start(199)) - RPC server for Client  is listening at /0.0.0.0:44485
2023-05-03 09:46:00,674 [IPC Server Responder] INFO  ipc.Server (Server.java:run(1558)) - IPC Server Responder: starting
2023-05-03 09:46:00,675 [IPC Server listener on 0] INFO  ipc.Server (Server.java:run(1398)) - IPC Server listener on 0: starting
2023-05-03 09:46:00,680 [Listener at 0.0.0.0/44485] INFO  server.StorageContainerManager (StorageContainerManager.java:start(1491)) - ScmBlockLocationProtocol RPC server is listening at /0.0.0.0:36375
2023-05-03 09:46:00,681 [Listener at 0.0.0.0/44485] INFO  server.SCMBlockProtocolServer (SCMBlockProtocolServer.java:start(152)) - RPC server for Block Protocol is listening at /0.0.0.0:36375
2023-05-03 09:46:00,681 [IPC Server Responder] INFO  ipc.Server (Server.java:run(1558)) - IPC Server Responder: starting
2023-05-03 09:46:00,681 [IPC Server listener on 0] INFO  ipc.Server (Server.java:run(1398)) - IPC Server listener on 0: starting
2023-05-03 09:46:00,684 [Listener at 0.0.0.0/44485] INFO  server.SCMDatanodeProtocolServer (SCMDatanodeProtocolServer.java:start(193)) - ScmDatanodeProtocol RPC server for DataNodes is listening at /0.0.0.0:41543
2023-05-03 09:46:00,684 [IPC Server Responder] INFO  ipc.Server (Server.java:run(1558)) - IPC Server Responder: starting
2023-05-03 09:46:00,685 [IPC Server listener on 0] INFO  ipc.Server (Server.java:run(1398)) - IPC Server listener on 0: starting
2023-05-03 09:46:00,704 [org.apache.hadoop.util.JvmPauseMonitor$Monitor@31ee3c24] INFO  util.JvmPauseMonitor (JvmPauseMonitor.java:run(188)) - Starting JVM pause monitor
2023-05-03 09:46:00,709 [Listener at 0.0.0.0/44485] INFO  http.BaseHttpServer (BaseHttpServer.java:newHttpServer2BuilderForOzone(224)) - Starting Web-server for scm at: http://0.0.0.0:0
2023-05-03 09:46:00,709 [Listener at 0.0.0.0/44485] INFO  http.BaseHttpServer (BaseHttpServer.java:<init>(111)) - Hadoop Security Enabled: false Ozone Security Enabled: false Ozone HTTP Security Enabled: false 
2023-05-03 09:46:00,731 [Listener at 0.0.0.0/44485] INFO  util.log (Log.java:initialized(170)) - Logging initialized @3856ms to org.eclipse.jetty.util.log.Slf4jLog
2023-05-03 09:46:00,809 [Listener at 0.0.0.0/44485] WARN  server.AuthenticationFilter (AuthenticationFilter.java:constructSecretProvider(240)) - Unable to initialize FileSignerSecretProvider, falling back to use random secrets. Reason: Could not read signature secret file: /home/runner/hadoop-http-auth-signature-secret
2023-05-03 09:46:00,813 [Listener at 0.0.0.0/44485] INFO  http.HttpRequestLog (HttpRequestLog.java:getRequestLog(86)) - Http request log for http.requests.scm is not defined
2023-05-03 09:46:00,819 [Listener at 0.0.0.0/44485] INFO  http.HttpServer2 (HttpServer2.java:addGlobalFilter(1031)) - Added global filter 'safety' (class=org.apache.hadoop.hdds.server.http.HttpServer2$QuotingInputFilter)
2023-05-03 09:46:00,821 [Listener at 0.0.0.0/44485] INFO  http.HttpServer2 (HttpServer2.java:addFilter(1007)) - Added filter static_user_filter (class=org.apache.hadoop.http.lib.StaticUserWebFilter$StaticUserFilter) to context scm
2023-05-03 09:46:00,821 [Listener at 0.0.0.0/44485] INFO  http.HttpServer2 (HttpServer2.java:addFilter(1015)) - Added filter static_user_filter (class=org.apache.hadoop.http.lib.StaticUserWebFilter$StaticUserFilter) to context static
2023-05-03 09:46:00,822 [Listener at 0.0.0.0/44485] INFO  http.HttpServer2 (HttpServer2.java:addFilter(1015)) - Added filter static_user_filter (class=org.apache.hadoop.http.lib.StaticUserWebFilter$StaticUserFilter) to context logs
2023-05-03 09:46:00,852 [Listener at 0.0.0.0/44485] INFO  http.BaseHttpServer (BaseHttpServer.java:<init>(190)) - HTTP server of scm uses base directory /home/runner/work/ozone/ozone/hadoop-ozone/integration-test/target/test-dir/MiniOzoneClusterImpl-adc655c8-92ed-4be5-b45a-b6dec4162976/ozone-meta/webserver
2023-05-03 09:46:00,852 [Listener at 0.0.0.0/44485] INFO  http.HttpServer2 (HttpServer2.java:bindListener(1250)) - Jetty bound to port 42069
2023-05-03 09:46:00,854 [Listener at 0.0.0.0/44485] INFO  server.Server (Server.java:doStart(375)) - jetty-9.4.51.v20230217; built: 2023-02-17T08:19:37.309Z; git: b45c405e4544384de066f814ed42ae3dceacdd49; jvm 1.8.0_362-b09
2023-05-03 09:46:00,897 [Listener at 0.0.0.0/44485] INFO  server.session (DefaultSessionIdManager.java:doStart(334)) - DefaultSessionIdManager workerName=node0
2023-05-03 09:46:00,898 [Listener at 0.0.0.0/44485] INFO  server.session (DefaultSessionIdManager.java:doStart(339)) - No SessionScavenger set, using defaults
2023-05-03 09:46:00,899 [Listener at 0.0.0.0/44485] INFO  server.session (HouseKeeper.java:startScavenging(132)) - node0 Scavenging every 660000ms
2023-05-03 09:46:00,921 [Listener at 0.0.0.0/44485] INFO  handler.ContextHandler (ContextHandler.java:doStart(921)) - Started o.e.j.s.ServletContextHandler@286ffce6{logs,/logs,file:///home/runner/work/ozone/ozone/hadoop-ozone/integration-test/target/log,AVAILABLE}
2023-05-03 09:46:00,923 [Listener at 0.0.0.0/44485] INFO  handler.ContextHandler (ContextHandler.java:doStart(921)) - Started o.e.j.s.ServletContextHandler@5852ec63{static,/static,file:///home/runner/work/ozone/ozone/hadoop-ozone/integration-test/target/test-classes/webapps/static,AVAILABLE}
2023-05-03 09:46:00,966 [Listener at 0.0.0.0/44485] INFO  handler.ContextHandler (ContextHandler.java:doStart(921)) - Started o.e.j.w.WebAppContext@64cccb48{scm,/,file:///home/runner/work/ozone/ozone/hadoop-ozone/integration-test/target/test-classes/webapps/scm/,AVAILABLE}{file:/home/runner/work/ozone/ozone/hadoop-ozone/integration-test/target/test-classes/webapps/scm}
2023-05-03 09:46:00,974 [Listener at 0.0.0.0/44485] INFO  server.AbstractConnector (AbstractConnector.java:doStart(333)) - Started ServerConnector@38ee8c34{HTTP/1.1, (http/1.1)}{0.0.0.0:42069}
2023-05-03 09:46:00,974 [Listener at 0.0.0.0/44485] INFO  server.Server (Server.java:doStart(415)) - Started @4099ms
2023-05-03 09:46:00,976 [Listener at 0.0.0.0/44485] INFO  impl.MetricsSinkAdapter (MetricsSinkAdapter.java:start(204)) - Sink prometheus started
2023-05-03 09:46:00,976 [Listener at 0.0.0.0/44485] INFO  impl.MetricsSystemImpl (MetricsSystemImpl.java:registerSink(305)) - Registered sink prometheus
2023-05-03 09:46:00,977 [Listener at 0.0.0.0/44485] INFO  http.BaseHttpServer (BaseHttpServer.java:updateConnectorAddress(344)) - HTTP server of scm listening at http://0.0.0.0:42069
2023-05-03 09:46:00,980 [Listener at 0.0.0.0/44485] WARN  server.ServerUtils (ServerUtils.java:getDBPath(225)) - ozone.om.db.dirs is not configured. We recommend adding this setting. Falling back to ozone.metadata.dirs instead.
2023-05-03 09:46:01,035 [Listener at 0.0.0.0/44485] INFO  audit.AuditLogger (AuditLogger.java:refreshDebugCmdSet(126)) - Refresh DebugCmdSet for OMAudit to [].
2023-05-03 09:46:01,105 [Listener at 0.0.0.0/44485] INFO  ha.OMHANodeDetails (OMHANodeDetails.java:loadOMHAConfig(115)) - ozone.om.internal.service.id is not defined, falling back to ozone.om.service.ids to find serviceID for OzoneManager if it is HA enabled cluster
2023-05-03 09:46:01,108 [Listener at 0.0.0.0/44485] INFO  ha.OMHANodeDetails (OMHANodeDetails.java:loadOMHAConfig(226)) - Configuration does not have ozone.om.address set. Falling back to the default OM address /127.0.0.1:0
2023-05-03 09:46:01,108 [Listener at 0.0.0.0/44485] INFO  ha.OMHANodeDetails (OMHANodeDetails.java:getOMNodeDetailsForNonHA(254)) - OM Service ID is not set. Setting it to the default ID: omServiceIdDefault
2023-05-03 09:46:01,109 [Listener at 0.0.0.0/44485] INFO  ha.OMHANodeDetails (OMHANodeDetails.java:getOMNodeDetailsForNonHA(261)) - OM Node ID is not set. Setting it to the default ID: om1
2023-05-03 09:46:01,118 [Listener at 0.0.0.0/44485] WARN  server.ServerUtils (ServerUtils.java:getDBPath(225)) - ozone.om.db.dirs is not configured. We recommend adding this setting. Falling back to ozone.metadata.dirs instead.
2023-05-03 09:46:01,121 [Listener at 0.0.0.0/44485] INFO  upgrade.AbstractLayoutVersionManager (AbstractLayoutVersionManager.java:init(83)) - Initializing Layout version manager with metadata layout = HSYNC (version = 4), software layout = HSYNC (version = 4)
2023-05-03 09:46:01,220 [Listener at 0.0.0.0/44485] INFO  reflections.Reflections (Reflections.java:scan(232)) - Reflections took 95 ms to scan 2 urls, producing 172 keys and 478 values [using 2 cores]
2023-05-03 09:46:01,224 [Listener at 0.0.0.0/44485] INFO  upgrade.OMLayoutVersionManager (OMLayoutVersionManager.java:lambda$0(115)) - Skipping Upgrade Action MockOmUpgradeAction since it has been finalized.
2023-05-03 09:46:01,226 [Listener at 0.0.0.0/44485] WARN  server.ServerUtils (ServerUtils.java:getDBPath(225)) - ozone.om.db.dirs is not configured. We recommend adding this setting. Falling back to ozone.metadata.dirs instead.
2023-05-03 09:46:01,389 [Listener at 0.0.0.0/44485] INFO  proxy.SCMBlockLocationFailoverProxyProvider (SCMBlockLocationFailoverProxyProvider.java:<init>(114)) - Created block location fail-over proxy with 1 nodes: [nodeId=scmNodeId,nodeAddress=/0.0.0.0:36375]
2023-05-03 09:46:01,421 [Listener at 0.0.0.0/44485] INFO  proxy.SCMBlockLocationFailoverProxyProvider (SCMBlockLocationFailoverProxyProvider.java:<init>(114)) - Created block location fail-over proxy with 1 nodes: [nodeId=scmNodeId,nodeAddress=/0.0.0.0:36375]
2023-05-03 09:46:01,631 [Listener at 0.0.0.0/44485] INFO  om.OzoneManager (OzoneManager.java:<init>(634)) - OM start with adminUsers: [runner]
2023-05-03 09:46:01,644 [Listener at 0.0.0.0/44485] WARN  server.ServerUtils (ServerUtils.java:getDBPath(225)) - ozone.om.db.dirs is not configured. We recommend adding this setting. Falling back to ozone.metadata.dirs instead.
2023-05-03 09:46:01,667 [Listener at 0.0.0.0/44485] INFO  codec.OmKeyInfoCodec (OmKeyInfoCodec.java:<init>(49)) - OmKeyInfoCodec ignorePipeline = true
2023-05-03 09:46:01,669 [Listener at 0.0.0.0/44485] INFO  codec.RepeatedOmKeyInfoCodec (RepeatedOmKeyInfoCodec.java:<init>(41)) - RepeatedOmKeyInfoCodec ignorePipeline = true
2023-05-03 09:46:01,888 [Listener at 0.0.0.0/44485] INFO  om.OzoneManager (OzoneManager.java:instantiateServices(764)) - S3 Multi-Tenancy is disabled
2023-05-03 09:46:01,922 [Listener at 0.0.0.0/44485] WARN  server.ServerUtils (ServerUtils.java:getDBPath(225)) - ozone.om.snapshot.diff.db.dir is not configured. We recommend adding this setting. Falling back to ozone.metadata.dirs instead.
2023-05-03 09:46:02,022 [Listener at 0.0.0.0/44485] INFO  om.OzoneManager (OzoneManager.java:addS3GVolumeToDB(4263)) - Created Volume s3v With Owner runner required for S3Gateway operations.
2023-05-03 09:46:02,084 [Listener at 0.0.0.0/44485] WARN  server.ServerUtils (ServerUtils.java:getDefaultRatisDirectory(237)) - Storage directory for Ratis is not configured. It is a good idea to map this to an SSD disk. Falling back to ozone.metadata.dirs
2023-05-03 09:46:02,084 [Listener at 0.0.0.0/44485] WARN  utils.OzoneManagerRatisUtils (OzoneManagerRatisUtils.java:getOMRatisSnapshotDirectory(459)) - ozone.om.ratis.snapshot.dir is not configured. Falling back to ozone.metadata.dirs config
2023-05-03 09:46:02,099 [Listener at 0.0.0.0/44485] WARN  server.ServerUtils (ServerUtils.java:getDefaultRatisDirectory(237)) - Storage directory for Ratis is not configured. It is a good idea to map this to an SSD disk. Falling back to ozone.metadata.dirs
2023-05-03 09:46:02,129 [Listener at 0.0.0.0/44485] INFO  ratis.OzoneManagerRatisServer (OzoneManagerRatisServer.java:<init>(163)) - Instantiating OM Ratis server with groupID: omServiceIdDefault and peers: localhost:9872
2023-05-03 09:46:02,139 [Listener at 0.0.0.0/44485] INFO  ratis.OzoneManagerStateMachine (OzoneManagerStateMachine.java:loadSnapshotInfoFromDB(670)) - LastAppliedIndex is set from TransactionInfo from OM DB as (t:0, i:~)
2023-05-03 09:46:02,187 [Listener at 0.0.0.0/44485] INFO  server.RaftServer (ConfUtils.java:logGet(46)) - raft.rpc.type = GRPC (default)
2023-05-03 09:46:02,254 [Listener at 0.0.0.0/44485] INFO  grpc.GrpcConfigKeys (ConfUtils.java:logFallback(53)) - raft.grpc.admin.host = null (fallback to raft.grpc.server.host)
2023-05-03 09:46:02,256 [Listener at 0.0.0.0/44485] INFO  grpc.GrpcConfigKeys (ConfUtils.java:logFallback(53)) - raft.grpc.admin.port = 9872 (fallback to raft.grpc.server.port)
2023-05-03 09:46:02,256 [Listener at 0.0.0.0/44485] INFO  grpc.GrpcConfigKeys (ConfUtils.java:logFallback(53)) - raft.grpc.client.host = null (fallback to raft.grpc.server.host)
2023-05-03 09:46:02,259 [Listener at 0.0.0.0/44485] INFO  grpc.GrpcConfigKeys (ConfUtils.java:logFallback(53)) - raft.grpc.client.port = 9872 (fallback to raft.grpc.server.port)
2023-05-03 09:46:02,259 [Listener at 0.0.0.0/44485] INFO  grpc.GrpcConfigKeys (ConfUtils.java:logGet(46)) - raft.grpc.server.host = null (default)
2023-05-03 09:46:02,260 [Listener at 0.0.0.0/44485] INFO  grpc.GrpcConfigKeys (ConfUtils.java:logGet(46)) - raft.grpc.server.port = 9872 (custom)
2023-05-03 09:46:02,262 [Listener at 0.0.0.0/44485] INFO  server.GrpcService (ConfUtils.java:logGet(46)) - raft.grpc.message.size.max = 33554432 (custom)
2023-05-03 09:46:02,263 [Listener at 0.0.0.0/44485] INFO  server.RaftServerConfigKeys (ConfUtils.java:logGet(46)) - raft.server.log.appender.buffer.byte-limit = 33554432 (custom)
2023-05-03 09:46:02,264 [Listener at 0.0.0.0/44485] INFO  server.GrpcService (ConfUtils.java:logGet(46)) - raft.grpc.flow.control.window = 1MB (=1048576) (default)
2023-05-03 09:46:02,266 [Listener at 0.0.0.0/44485] INFO  server.RaftServerConfigKeys (ConfUtils.java:logGet(46)) - raft.server.rpc.request.timeout = 3000ms (default)
2023-05-03 09:46:02,276 [Listener at 0.0.0.0/44485] INFO  grpc.GrpcConfigKeys (ConfUtils.java:logGet(46)) - raft.grpc.server.heartbeat.channel = true (default)
2023-05-03 09:46:02,281 [Listener at 0.0.0.0/44485] INFO  grpc.GrpcConfigKeys (ConfUtils.java:logGet(46)) - raft.grpc.server.async.request.thread.pool.cached = true (default)
2023-05-03 09:46:02,281 [Listener at 0.0.0.0/44485] INFO  grpc.GrpcConfigKeys (ConfUtils.java:logGet(46)) - raft.grpc.server.async.request.thread.pool.size = 32 (default)
2023-05-03 09:46:02,465 [Listener at 0.0.0.0/44485] INFO  impl.DataStreamServerImpl (ConfUtils.java:logGet(46)) - raft.datastream.type = DISABLED (default)
2023-05-03 09:46:02,467 [Listener at 0.0.0.0/44485] INFO  server.RaftServerConfigKeys (ConfUtils.java:logGet(46)) - raft.server.threadpool.proxy.cached = true (default)
2023-05-03 09:46:02,468 [Listener at 0.0.0.0/44485] INFO  server.RaftServerConfigKeys (ConfUtils.java:logGet(46)) - raft.server.threadpool.proxy.size = 0 (default)
2023-05-03 09:46:02,468 [Listener at 0.0.0.0/44485] INFO  server.RaftServerConfigKeys (ConfUtils.java:logGet(46)) - raft.server.rpc.slowness.timeout = 120s (custom)
2023-05-03 09:46:02,469 [Listener at 0.0.0.0/44485] INFO  server.RaftServerConfigKeys (ConfUtils.java:logGet(46)) - raft.server.leaderelection.leader.step-down.wait-time = 10s (default)
2023-05-03 09:46:02,471 [Listener at 0.0.0.0/44485] INFO  server.RaftServerConfigKeys (ConfUtils.java:logGet(46)) - raft.server.storage.dir = [/home/runner/work/ozone/ozone/hadoop-ozone/integration-test/target/test-dir/MiniOzoneClusterImpl-adc655c8-92ed-4be5-b45a-b6dec4162976/ozone-meta/ratis] (custom)
2023-05-03 09:46:02,478 [Listener at 0.0.0.0/44485] INFO  server.RaftServer (RaftServerProxy.java:addNew(96)) - om1: addNew group-C5BA1605619E:[om1|rpc:localhost:9872|priority:0|startupRole:FOLLOWER] returns group-C5BA1605619E:java.util.concurrent.CompletableFuture@f0e820c[Not completed]
2023-05-03 09:46:02,478 [Listener at 0.0.0.0/44485] INFO  om.OzoneManager (OzoneManager.java:initializeRatisServer(2106)) - OzoneManager Ratis server initialized at port 9872
2023-05-03 09:46:02,481 [Listener at 0.0.0.0/44485] INFO  om.OzoneManager (OzoneManager.java:getRpcServer(1153)) - Creating RPC Server
2023-05-03 09:46:02,504 [pool-61-thread-1] INFO  server.RaftServer$Division (RaftServerImpl.java:<init>(195)) - om1: new RaftServerImpl for group-C5BA1605619E:[om1|rpc:localhost:9872|priority:0|startupRole:FOLLOWER] with OzoneManagerStateMachine:uninitialized
2023-05-03 09:46:02,505 [pool-61-thread-1] INFO  server.RaftServerConfigKeys (ConfUtils.java:logGet(46)) - raft.server.rpc.timeout.min = 1s (custom)
2023-05-03 09:46:02,527 [pool-61-thread-1] INFO  server.RaftServerConfigKeys (ConfUtils.java:logGet(46)) - raft.server.rpc.timeout.max = 1200ms (custom)
2023-05-03 09:46:02,527 [pool-61-thread-1] INFO  server.RaftServerConfigKeys (ConfUtils.java:logGet(46)) - raft.server.rpc.sleep.time = 25ms (default)
2023-05-03 09:46:02,528 [pool-61-thread-1] INFO  server.RaftServerConfigKeys (ConfUtils.java:logGet(46)) - raft.server.rpc.slowness.timeout = 120s (custom)
2023-05-03 09:46:02,528 [pool-61-thread-1] INFO  server.RaftServerConfigKeys (ConfUtils.java:logGet(46)) - raft.server.leaderelection.leader.step-down.wait-time = 10s (default)
2023-05-03 09:46:02,528 [pool-61-thread-1] INFO  server.RaftServerConfigKeys (ConfUtils.java:logGet(46)) - raft.server.sleep.deviation.threshold = 300ms (default)
2023-05-03 09:46:02,534 [pool-61-thread-1] INFO  server.RaftServer$Division (ServerState.java:<init>(118)) - om1@group-C5BA1605619E: ConfigurationManager, init=-1: peers:[om1|rpc:localhost:9872|priority:0|startupRole:FOLLOWER]|listeners:[], old=null, confs=<EMPTY_MAP>
2023-05-03 09:46:02,534 [pool-61-thread-1] INFO  server.RaftServerConfigKeys (ConfUtils.java:logGet(46)) - raft.server.storage.dir = [/home/runner/work/ozone/ozone/hadoop-ozone/integration-test/target/test-dir/MiniOzoneClusterImpl-adc655c8-92ed-4be5-b45a-b6dec4162976/ozone-meta/ratis] (custom)
2023-05-03 09:46:02,541 [pool-61-thread-1] INFO  server.RaftServerConfigKeys (ConfUtils.java:logGet(46)) - raft.server.log.corruption.policy = EXCEPTION (default)
2023-05-03 09:46:02,541 [pool-61-thread-1] INFO  server.RaftServerConfigKeys (ConfUtils.java:logGet(46)) - raft.server.storage.free-space.min = 0MB (=0) (default)
2023-05-03 09:46:02,547 [pool-61-thread-1] INFO  server.RaftServerConfigKeys (ConfUtils.java:logGet(46)) - raft.server.notification.no-leader.timeout = 120s (custom)
2023-05-03 09:46:02,549 [pool-61-thread-1] INFO  server.RaftServerConfigKeys (ConfUtils.java:logGet(46)) - raft.server.retrycache.expirytime = 300s (custom)
2023-05-03 09:46:02,549 [pool-61-thread-1] INFO  server.RaftServerConfigKeys (ConfUtils.java:logGet(46)) - raft.server.retrycache.statistics.expirytime = 100μs (default)
2023-05-03 09:46:02,657 [pool-61-thread-1] INFO  server.RaftServerConfigKeys (ConfUtils.java:logGet(46)) - raft.server.log.appender.install.snapshot.enabled = false (custom)
2023-05-03 09:46:02,658 [pool-61-thread-1] INFO  server.RaftServerConfigKeys (ConfUtils.java:logGet(46)) - raft.server.threadpool.server.cached = true (default)
2023-05-03 09:46:02,659 [pool-61-thread-1] INFO  server.RaftServerConfigKeys (ConfUtils.java:logGet(46)) - raft.server.threadpool.server.size = 0 (default)
2023-05-03 09:46:02,660 [pool-61-thread-1] INFO  server.RaftServerConfigKeys (ConfUtils.java:logGet(46)) - raft.server.threadpool.client.cached = true (default)
2023-05-03 09:46:02,661 [pool-61-thread-1] INFO  server.RaftServerConfigKeys (ConfUtils.java:logGet(46)) - raft.server.threadpool.client.size = 0 (default)
2023-05-03 09:46:03,380 [Listener at 0.0.0.0/44485] INFO  reflections.Reflections (Reflections.java:scan(232)) - Reflections took 813 ms to scan 19 urls, producing 68 keys and 5124 values [using 2 cores]
2023-05-03 09:46:03,541 [Listener at 0.0.0.0/44485] INFO  ipc.CallQueueManager (CallQueueManager.java:<init>(90)) - Using callQueue: class java.util.concurrent.LinkedBlockingQueue, queueCapacity: 2000, scheduler: class org.apache.hadoop.ipc.DefaultRpcScheduler, ipcBackoff: false.
2023-05-03 09:46:03,541 [Socket Reader #1 for port 0] INFO  ipc.Server (Server.java:run(1319)) - Starting Socket Reader #1 for port 0
2023-05-03 09:46:03,574 [Listener at 127.0.0.1/35191] INFO  impl.MetricsSystemImpl (MetricsSystemImpl.java:init(158)) - OzoneManager metrics system started (again)
2023-05-03 09:46:03,586 [Listener at 127.0.0.1/35191] INFO  om.OzoneManager (OzoneManager.java:start(1574)) - OzoneManager RPC server is listening at localhost/127.0.0.1:35191
2023-05-03 09:46:03,587 [Listener at 127.0.0.1/35191] INFO  ratis.OzoneManagerRatisServer (OzoneManagerRatisServer.java:start(558)) - Starting OzoneManagerRatisServer om1 at port 9872
2023-05-03 09:46:03,589 [om1-impl-thread1] INFO  storage.RaftStorageDirectory (RaftStorageDirectoryImpl.java:analyzeStorage(137)) - The storage directory /home/runner/work/ozone/ozone/hadoop-ozone/integration-test/target/test-dir/MiniOzoneClusterImpl-adc655c8-92ed-4be5-b45a-b6dec4162976/ozone-meta/ratis/bf265839-605b-3f16-9796-c5ba1605619e does not exist. Creating ...
2023-05-03 09:46:03,592 [om1-impl-thread1] INFO  storage.RaftStorageDirectory (RaftStorageDirectoryImpl.java:tryLock(231)) - Lock on /home/runner/work/ozone/ozone/hadoop-ozone/integration-test/target/test-dir/MiniOzoneClusterImpl-adc655c8-92ed-4be5-b45a-b6dec4162976/ozone-meta/ratis/bf265839-605b-3f16-9796-c5ba1605619e/in_use.lock acquired by nodename 7780@fv-az139-793
2023-05-03 09:46:03,597 [om1-impl-thread1] INFO  storage.RaftStorage (RaftStorageImpl.java:format(96)) - Storage directory /home/runner/work/ozone/ozone/hadoop-ozone/integration-test/target/test-dir/MiniOzoneClusterImpl-adc655c8-92ed-4be5-b45a-b6dec4162976/ozone-meta/ratis/bf265839-605b-3f16-9796-c5ba1605619e has been successfully formatted.
2023-05-03 09:46:03,601 [om1-impl-thread1] INFO  server.RaftServerConfigKeys (ConfUtils.java:logGet(46)) - raft.server.log.use.memory = false (default)
2023-05-03 09:46:03,607 [om1-impl-thread1] INFO  server.RaftServerConfigKeys (ConfUtils.java:logGet(46)) - raft.server.log.purge.gap = 1000000 (custom)
2023-05-03 09:46:03,608 [om1-impl-thread1] INFO  server.RaftServerConfigKeys (ConfUtils.java:logGet(46)) - raft.server.log.appender.buffer.byte-limit = 33554432 (custom)
2023-05-03 09:46:03,609 [om1-impl-thread1] INFO  server.RaftServerConfigKeys (ConfUtils.java:logGet(46)) - raft.server.log.statemachine.data.read.timeout = 1000ms (default)
2023-05-03 09:46:03,609 [om1-impl-thread1] INFO  server.RaftServerConfigKeys (ConfUtils.java:logGet(46)) - raft.server.log.purge.preservation.log.num = 0 (default)
2023-05-03 09:46:03,611 [om1-impl-thread1] INFO  server.RaftServerConfigKeys (ConfUtils.java:logGet(46)) - raft.server.log.segment.size.max = 4194304 (custom)
2023-05-03 09:46:03,616 [om1-impl-thread1] INFO  server.RaftServerConfigKeys (ConfUtils.java:logGet(46)) - raft.server.log.segment.cache.num.max = 2 (custom)
2023-05-03 09:46:03,616 [om1-impl-thread1] INFO  server.RaftServerConfigKeys (ConfUtils.java:logGet(46)) - raft.server.log.segment.cache.size.max = 200MB (=209715200) (default)
2023-05-03 09:46:03,621 [om1-impl-thread1] INFO  segmented.SegmentedRaftLogWorker (SegmentedRaftLogWorker.java:<init>(189)) - new om1@group-C5BA1605619E-SegmentedRaftLogWorker for RaftStorageImpl:Storage Directory /home/runner/work/ozone/ozone/hadoop-ozone/integration-test/target/test-dir/MiniOzoneClusterImpl-adc655c8-92ed-4be5-b45a-b6dec4162976/ozone-meta/ratis/bf265839-605b-3f16-9796-c5ba1605619e
2023-05-03 09:46:03,621 [om1-impl-thread1] INFO  server.RaftServerConfigKeys (ConfUtils.java:logGet(46)) - raft.server.log.queue.byte-limit = 64MB (=67108864) (default)
2023-05-03 09:46:03,621 [om1-impl-thread1] INFO  server.RaftServerConfigKeys (ConfUtils.java:logGet(46)) - raft.server.log.queue.element-limit = 4096 (default)
2023-05-03 09:46:03,622 [om1-impl-thread1] INFO  server.RaftServerConfigKeys (ConfUtils.java:logGet(46)) - raft.server.log.segment.size.max = 4194304 (custom)
2023-05-03 09:46:03,622 [om1-impl-thread1] INFO  server.RaftServerConfigKeys (ConfUtils.java:logGet(46)) - raft.server.log.preallocated.size = 4194304 (custom)
2023-05-03 09:46:03,623 [om1-impl-thread1] INFO  server.RaftServerConfigKeys (ConfUtils.java:logGet(46)) - raft.server.log.force.sync.num = 128 (default)
2023-05-03 09:46:03,623 [om1-impl-thread1] INFO  server.RaftServerConfigKeys (ConfUtils.java:logGet(46)) - raft.server.log.statemachine.data.sync = true (default)
2023-05-03 09:46:03,624 [om1-impl-thread1] INFO  server.RaftServerConfigKeys (ConfUtils.java:logGet(46)) - raft.server.log.statemachine.data.sync.timeout = 10s (default)
2023-05-03 09:46:03,624 [om1-impl-thread1] INFO  server.RaftServerConfigKeys (ConfUtils.java:logGet(46)) - raft.server.log.statemachine.data.sync.timeout.retry = -1 (default)
2023-05-03 09:46:03,634 [om1-impl-thread1] INFO  server.RaftServerConfigKeys (ConfUtils.java:logGet(46)) - raft.server.log.write.buffer.size = 64KB (=65536) (default)
2023-05-03 09:46:03,634 [om1-impl-thread1] INFO  server.RaftServerConfigKeys (ConfUtils.java:logGet(46)) - raft.server.log.appender.buffer.byte-limit = 33554432 (custom)
2023-05-03 09:46:03,637 [om1-impl-thread1] INFO  server.RaftServerConfigKeys (ConfUtils.java:logGet(46)) - raft.server.log.unsafe-flush.enabled = false (default)
2023-05-03 09:46:03,637 [om1-impl-thread1] INFO  server.RaftServerConfigKeys (ConfUtils.java:logGet(46)) - raft.server.log.async-flush.enabled = false (default)
2023-05-03 09:46:03,638 [om1-impl-thread1] INFO  server.RaftServerConfigKeys (ConfUtils.java:logGet(46)) - raft.server.log.statemachine.data.caching.enabled = false (default)
2023-05-03 09:46:03,643 [om1-impl-thread1] INFO  segmented.SegmentedRaftLogWorker (SegmentedRaftLogWorker.java:lambda$new$0(135)) - om1@group-C5BA1605619E-SegmentedRaftLogWorker: flushIndex: setUnconditionally 0 -> -1
2023-05-03 09:46:03,643 [om1-impl-thread1] INFO  segmented.SegmentedRaftLogWorker (SegmentedRaftLogWorker.java:lambda$new$0(135)) - om1@group-C5BA1605619E-SegmentedRaftLogWorker: safeCacheEvictIndex: setUnconditionally 0 -> -1
2023-05-03 09:46:03,644 [om1-impl-thread1] INFO  server.RaftServer$Division (RaftServerImpl.java:start(334)) - om1@group-C5BA1605619E: start as a follower, conf=-1: peers:[om1|rpc:localhost:9872|priority:0|startupRole:FOLLOWER]|listeners:[], old=null
2023-05-03 09:46:03,645 [om1-impl-thread1] INFO  server.RaftServer$Division (RaftServerImpl.java:setRole(321)) - om1@group-C5BA1605619E: changes role from      null to FOLLOWER at term 0 for startAsFollower
2023-05-03 09:46:03,646 [om1-impl-thread1] INFO  impl.RoleInfo (RoleInfo.java:updateAndGet(139)) - om1: start om1@group-C5BA1605619E-FollowerState
2023-05-03 09:46:03,652 [om1-impl-thread1] INFO  util.JmxRegister (JmxRegister.java:tryRegister(44)) - Successfully registered JMX Bean with object name Ratis:service=RaftServer,group=group-C5BA1605619E,id=om1
2023-05-03 09:46:03,655 [om1-impl-thread1] INFO  server.RaftServerConfigKeys (ConfUtils.java:logGet(46)) - raft.server.snapshot.auto.trigger.enabled = true (custom)
2023-05-03 09:46:03,657 [om1-impl-thread1] INFO  server.RaftServerConfigKeys (ConfUtils.java:logGet(46)) - raft.server.snapshot.auto.trigger.threshold = 400000 (default)
2023-05-03 09:46:03,657 [om1-impl-thread1] INFO  server.RaftServerConfigKeys (ConfUtils.java:logGet(46)) - raft.server.snapshot.retention.file.num = -1 (default)
2023-05-03 09:46:03,658 [om1-impl-thread1] INFO  server.RaftServerConfigKeys (ConfUtils.java:logGet(46)) - raft.server.log.purge.upto.snapshot.index = true (custom)
2023-05-03 09:46:03,660 [om1@group-C5BA1605619E-FollowerState] INFO  server.RaftServerConfigKeys (ConfUtils.java:logFallback(53)) - raft.server.rpc.first-election.timeout.min = 1s (fallback to raft.server.rpc.timeout.min)
2023-05-03 09:46:03,660 [om1@group-C5BA1605619E-FollowerState] INFO  server.RaftServerConfigKeys (ConfUtils.java:logFallback(53)) - raft.server.rpc.first-election.timeout.max = 1200ms (fallback to raft.server.rpc.timeout.max)
2023-05-03 09:46:03,661 [Listener at 127.0.0.1/35191] INFO  server.RaftServer (RaftServerProxy.java:startImpl(393)) - om1: start RPC server
2023-05-03 09:46:03,702 [Listener at 127.0.0.1/35191] INFO  server.GrpcService (GrpcService.java:startImpl(262)) - om1: GrpcService started, listening on 9872
2023-05-03 09:46:03,706 [Listener at 127.0.0.1/35191] INFO  om.OzoneManager (OzoneManager.java:start(1590)) - Version File has different layout version (4) than OM DB (null). That is expected if this OM has never been finalized to a newer layout version.
2023-05-03 09:46:03,708 [JvmPauseMonitor0] INFO  util.JvmPauseMonitor (JvmPauseMonitor.java:run(105)) - JvmPauseMonitor-om1: Started
2023-05-03 09:46:03,734 [Listener at 127.0.0.1/35191] INFO  http.BaseHttpServer (BaseHttpServer.java:newHttpServer2BuilderForOzone(224)) - Starting Web-server for ozoneManager at: http://0.0.0.0:0
2023-05-03 09:46:03,734 [Listener at 127.0.0.1/35191] INFO  http.BaseHttpServer (BaseHttpServer.java:<init>(111)) - Hadoop Security Enabled: false Ozone Security Enabled: false Ozone HTTP Security Enabled: false 
2023-05-03 09:46:03,736 [Listener at 127.0.0.1/35191] WARN  server.AuthenticationFilter (AuthenticationFilter.java:constructSecretProvider(240)) - Unable to initialize FileSignerSecretProvider, falling back to use random secrets. Reason: Could not read signature secret file: /home/runner/hadoop-http-auth-signature-secret
2023-05-03 09:46:03,742 [Listener at 127.0.0.1/35191] INFO  http.HttpRequestLog (HttpRequestLog.java:getRequestLog(86)) - Http request log for http.requests.ozoneManager is not defined
2023-05-03 09:46:03,743 [Listener at 127.0.0.1/35191] INFO  http.HttpServer2 (HttpServer2.java:addGlobalFilter(1031)) - Added global filter 'safety' (class=org.apache.hadoop.hdds.server.http.HttpServer2$QuotingInputFilter)
2023-05-03 09:46:03,744 [Listener at 127.0.0.1/35191] INFO  http.HttpServer2 (HttpServer2.java:addFilter(1007)) - Added filter static_user_filter (class=org.apache.hadoop.http.lib.StaticUserWebFilter$StaticUserFilter) to context ozoneManager
2023-05-03 09:46:03,744 [Listener at 127.0.0.1/35191] INFO  http.HttpServer2 (HttpServer2.java:addFilter(1015)) - Added filter static_user_filter (class=org.apache.hadoop.http.lib.StaticUserWebFilter$StaticUserFilter) to context static
2023-05-03 09:46:03,744 [Listener at 127.0.0.1/35191] INFO  http.HttpServer2 (HttpServer2.java:addFilter(1015)) - Added filter static_user_filter (class=org.apache.hadoop.http.lib.StaticUserWebFilter$StaticUserFilter) to context logs
2023-05-03 09:46:03,745 [Listener at 127.0.0.1/35191] INFO  http.BaseHttpServer (BaseHttpServer.java:<init>(190)) - HTTP server of ozoneManager uses base directory /home/runner/work/ozone/ozone/hadoop-ozone/integration-test/target/test-dir/MiniOzoneClusterImpl-adc655c8-92ed-4be5-b45a-b6dec4162976/ozone-meta/webserver
2023-05-03 09:46:03,748 [Listener at 127.0.0.1/35191] INFO  http.HttpServer2 (HttpServer2.java:bindListener(1250)) - Jetty bound to port 40521
2023-05-03 09:46:03,748 [Listener at 127.0.0.1/35191] INFO  server.Server (Server.java:doStart(375)) - jetty-9.4.51.v20230217; built: 2023-02-17T08:19:37.309Z; git: b45c405e4544384de066f814ed42ae3dceacdd49; jvm 1.8.0_362-b09
2023-05-03 09:46:03,749 [Listener at 127.0.0.1/35191] INFO  server.session (DefaultSessionIdManager.java:doStart(334)) - DefaultSessionIdManager workerName=node0
2023-05-03 09:46:03,749 [Listener at 127.0.0.1/35191] INFO  server.session (DefaultSessionIdManager.java:doStart(339)) - No SessionScavenger set, using defaults
2023-05-03 09:46:03,749 [Listener at 127.0.0.1/35191] INFO  server.session (HouseKeeper.java:startScavenging(132)) - node0 Scavenging every 600000ms
2023-05-03 09:46:03,750 [Listener at 127.0.0.1/35191] INFO  handler.ContextHandler (ContextHandler.java:doStart(921)) - Started o.e.j.s.ServletContextHandler@4de6e12b{logs,/logs,file:///home/runner/work/ozone/ozone/hadoop-ozone/integration-test/target/log,AVAILABLE}
2023-05-03 09:46:03,751 [Listener at 127.0.0.1/35191] INFO  handler.ContextHandler (ContextHandler.java:doStart(921)) - Started o.e.j.s.ServletContextHandler@5ca1d675{static,/static,file:///home/runner/work/ozone/ozone/hadoop-ozone/integration-test/target/test-classes/webapps/static,AVAILABLE}
2023-05-03 09:46:03,754 [Listener at 127.0.0.1/35191] INFO  handler.ContextHandler (ContextHandler.java:doStart(921)) - Started o.e.j.w.WebAppContext@3b47e149{ozoneManager,/,file:///home/runner/work/ozone/ozone/hadoop-ozone/integration-test/target/test-classes/webapps/ozoneManager/,AVAILABLE}{file:/home/runner/work/ozone/ozone/hadoop-ozone/integration-test/target/test-classes/webapps/ozoneManager}
2023-05-03 09:46:03,759 [Listener at 127.0.0.1/35191] INFO  server.AbstractConnector (AbstractConnector.java:doStart(333)) - Started ServerConnector@3f5b54c9{HTTP/1.1, (http/1.1)}{0.0.0.0:40521}
2023-05-03 09:46:03,760 [Listener at 127.0.0.1/35191] INFO  server.Server (Server.java:doStart(415)) - Started @6885ms
2023-05-03 09:46:03,760 [Listener at 127.0.0.1/35191] WARN  impl.MetricsSystemImpl (MetricsSystemImpl.java:register(279)) - Sink prometheus already exists!
2023-05-03 09:46:03,762 [Listener at 127.0.0.1/35191] INFO  http.BaseHttpServer (BaseHttpServer.java:updateConnectorAddress(344)) - HTTP server of ozoneManager listening at http://0.0.0.0:40521
2023-05-03 09:46:03,762 [IPC Server Responder] INFO  ipc.Server (Server.java:run(1558)) - IPC Server Responder: starting
2023-05-03 09:46:03,767 [IPC Server listener on 0] INFO  ipc.Server (Server.java:run(1398)) - IPC Server listener on 0: starting
2023-05-03 09:46:03,773 [Listener at 127.0.0.1/35191] INFO  om.OzoneManager (OzoneManager.java:startTrashEmptier(2050)) - Trash Interval set to 0. Files deleted won't move to trash
2023-05-03 09:46:03,781 [org.apache.hadoop.util.JvmPauseMonitor$Monitor@35d5e0ef] INFO  util.JvmPauseMonitor (JvmPauseMonitor.java:run(188)) - Starting JVM pause monitor
2023-05-03 09:46:03,883 [Listener at 127.0.0.1/35191] WARN  impl.MetricRegistriesImpl (MetricRegistriesImpl.java:addReporterRegistration(111)) - New reporters are added after registries were created. Some metrics will be missing from the reporter. Please add reporter before adding any new registry.
2023-05-03 09:46:03,883 [Listener at 127.0.0.1/35191] WARN  impl.MetricRegistriesImpl (MetricRegistriesImpl.java:addReporterRegistration(111)) - New reporters are added after registries were created. Some metrics will be missing from the reporter. Please add reporter before adding any new registry.
2023-05-03 09:46:03,883 [Listener at 127.0.0.1/35191] INFO  impl.MetricsSystemImpl (MetricsSystemImpl.java:init(158)) - HddsDatanode metrics system started (again)
2023-05-03 09:46:03,899 [Listener at 127.0.0.1/35191] INFO  ozone.HddsDatanodeService (HddsDatanodeService.java:start(252)) - HddsDatanodeService host:fv-az139-793.t0dryja4c43urhy2nvp0adewnd.cx.internal.cloudapp.net ip:10.1.0.194
2023-05-03 09:46:03,926 [Listener at 127.0.0.1/35191] INFO  upgrade.AbstractLayoutVersionManager (AbstractLayoutVersionManager.java:init(83)) - Initializing Layout version manager with metadata layout = WEBUI_PORTS_IN_DATANODEDETAILS (version = 6), software layout = WEBUI_PORTS_IN_DATANODEDETAILS (version = 6)
2023-05-03 09:46:03,979 [Listener at 127.0.0.1/35191] INFO  reflections.Reflections (Reflections.java:scan(232)) - Reflections took 52 ms to scan 7 urls, producing 156 keys and 369 values 
2023-05-03 09:46:03,982 [Listener at 127.0.0.1/35191] INFO  statemachine.DatanodeStateMachine (DatanodeStateMachine.java:getEndPointTaskThreadPoolSize(262)) - Datanode State Machine Task Thread Pool size 2
2023-05-03 09:46:04,039 [Listener at 127.0.0.1/35191] INFO  volume.HddsVolume (HddsVolume.java:<init>(130)) - Creating HddsVolume: /home/runner/work/ozone/ozone/hadoop-ozone/integration-test/target/test-dir/MiniOzoneClusterImpl-adc655c8-92ed-4be5-b45a-b6dec4162976/datanode-0/data-0/containers/hdds of storage type : DISK capacity : 9223372036854775807
2023-05-03 09:46:04,042 [Listener at 127.0.0.1/35191] INFO  volume.MutableVolumeSet (MutableVolumeSet.java:initializeVolumeSet(175)) - Added Volume : /home/runner/work/ozone/ozone/hadoop-ozone/integration-test/target/test-dir/MiniOzoneClusterImpl-adc655c8-92ed-4be5-b45a-b6dec4162976/datanode-0/data-0/containers/hdds to VolumeSet
2023-05-03 09:46:04,042 [Listener at 127.0.0.1/35191] INFO  volume.ThrottledAsyncChecker (ThrottledAsyncChecker.java:schedule(141)) - Scheduling a check for /home/runner/work/ozone/ozone/hadoop-ozone/integration-test/target/test-dir/MiniOzoneClusterImpl-adc655c8-92ed-4be5-b45a-b6dec4162976/datanode-0/data-0/containers/hdds
2023-05-03 09:46:04,061 [Listener at 127.0.0.1/35191] INFO  volume.StorageVolumeChecker (StorageVolumeChecker.java:checkAllVolumes(202)) - Scheduled health check for volume /home/runner/work/ozone/ozone/hadoop-ozone/integration-test/target/test-dir/MiniOzoneClusterImpl-adc655c8-92ed-4be5-b45a-b6dec4162976/datanode-0/data-0/containers/hdds
2023-05-03 09:46:04,078 [Listener at 127.0.0.1/35191] INFO  volume.MutableVolumeSet (MutableVolumeSet.java:initializeVolumeSet(175)) - Added Volume : /home/runner/work/ozone/ozone/hadoop-ozone/integration-test/target/test-dir/MiniOzoneClusterImpl-adc655c8-92ed-4be5-b45a-b6dec4162976/datanode-0/data/ratis to VolumeSet
2023-05-03 09:46:04,079 [Listener at 127.0.0.1/35191] INFO  volume.ThrottledAsyncChecker (ThrottledAsyncChecker.java:schedule(141)) - Scheduling a check for /home/runner/work/ozone/ozone/hadoop-ozone/integration-test/target/test-dir/MiniOzoneClusterImpl-adc655c8-92ed-4be5-b45a-b6dec4162976/datanode-0/data/ratis
2023-05-03 09:46:04,079 [Listener at 127.0.0.1/35191] INFO  volume.StorageVolumeChecker (StorageVolumeChecker.java:checkAllVolumes(202)) - Scheduled health check for volume /home/runner/work/ozone/ozone/hadoop-ozone/integration-test/target/test-dir/MiniOzoneClusterImpl-adc655c8-92ed-4be5-b45a-b6dec4162976/datanode-0/data/ratis
2023-05-03 09:46:04,103 [Thread-139] INFO  ozoneimpl.ContainerReader (ContainerReader.java:readVolume(175)) - Finish verifying containers on volume /home/runner/work/ozone/ozone/hadoop-ozone/integration-test/target/test-dir/MiniOzoneClusterImpl-adc655c8-92ed-4be5-b45a-b6dec4162976/datanode-0/data-0/containers/hdds
2023-05-03 09:46:04,103 [Listener at 127.0.0.1/35191] INFO  ozoneimpl.OzoneContainer (OzoneContainer.java:buildContainerSet(303)) - Build ContainerSet costs 0s
2023-05-03 09:46:04,155 [Listener at 127.0.0.1/35191] INFO  audit.AuditLogger (AuditLogger.java:refreshDebugCmdSet(126)) - Refresh DebugCmdSet for DNAudit to [].
2023-05-03 09:46:04,186 [Listener at 127.0.0.1/35191] INFO  server.RaftServer (ConfUtils.java:logGet(46)) - raft.rpc.type = GRPC (default)
2023-05-03 09:46:04,186 [Listener at 127.0.0.1/35191] INFO  grpc.GrpcConfigKeys (ConfUtils.java:logFallback(53)) - raft.grpc.admin.host = null (fallback to raft.grpc.server.host)
2023-05-03 09:46:04,186 [Listener at 127.0.0.1/35191] INFO  grpc.GrpcConfigKeys (ConfUtils.java:logGet(46)) - raft.grpc.admin.port = 0 (custom)
2023-05-03 09:46:04,187 [Listener at 127.0.0.1/35191] INFO  grpc.GrpcConfigKeys (ConfUtils.java:logFallback(53)) - raft.grpc.client.host = null (fallback to raft.grpc.server.host)
2023-05-03 09:46:04,188 [Listener at 127.0.0.1/35191] INFO  grpc.GrpcConfigKeys (ConfUtils.java:logGet(46)) - raft.grpc.client.port = 0 (custom)
2023-05-03 09:46:04,188 [Listener at 127.0.0.1/35191] INFO  grpc.GrpcConfigKeys (ConfUtils.java:logGet(46)) - raft.grpc.server.host = null (default)
2023-05-03 09:46:04,188 [Listener at 127.0.0.1/35191] INFO  grpc.GrpcConfigKeys (ConfUtils.java:logGet(46)) - raft.grpc.server.port = 0 (default)
2023-05-03 09:46:04,189 [Listener at 127.0.0.1/35191] INFO  server.GrpcService (ConfUtils.java:logGet(46)) - raft.grpc.message.size.max = 32MB (=33554432) (custom)
2023-05-03 09:46:04,189 [Listener at 127.0.0.1/35191] INFO  server.RaftServerConfigKeys (ConfUtils.java:logGet(46)) - raft.server.log.appender.buffer.byte-limit = 33554432 (custom)
2023-05-03 09:46:04,191 [Listener at 127.0.0.1/35191] INFO  server.GrpcService (ConfUtils.java:logGet(46)) - raft.grpc.flow.control.window = 5MB (=5242880) (custom)
2023-05-03 09:46:04,191 [Listener at 127.0.0.1/35191] INFO  server.RaftServerConfigKeys (ConfUtils.java:logGet(46)) - raft.server.rpc.request.timeout = 60s (custom)
2023-05-03 09:46:04,195 [Listener at 127.0.0.1/35191] INFO  grpc.GrpcConfigKeys (ConfUtils.java:logGet(46)) - raft.grpc.server.heartbeat.channel = true (default)
2023-05-03 09:46:04,195 [Listener at 127.0.0.1/35191] INFO  grpc.GrpcConfigKeys (ConfUtils.java:logGet(46)) - raft.grpc.server.async.request.thread.pool.cached = true (default)
2023-05-03 09:46:04,196 [Listener at 127.0.0.1/35191] INFO  grpc.GrpcConfigKeys (ConfUtils.java:logGet(46)) - raft.grpc.server.async.request.thread.pool.size = 32 (default)
2023-05-03 09:46:04,197 [Listener at 127.0.0.1/35191] INFO  impl.DataStreamServerImpl (ConfUtils.java:logGet(46)) - raft.datastream.type = NETTY (custom)
2023-05-03 09:46:04,205 [Listener at 127.0.0.1/35191] INFO  server.RaftServerConfigKeys (ConfUtils.java:logGet(46)) - raft.server.data-stream.async.request.thread.pool.cached = false (default)
2023-05-03 09:46:04,206 [Listener at 127.0.0.1/35191] INFO  server.RaftServerConfigKeys (ConfUtils.java:logGet(46)) - raft.server.data-stream.async.request.thread.pool.size = 20 (custom)
2023-05-03 09:46:04,206 [Listener at 127.0.0.1/35191] INFO  server.RaftServerConfigKeys (ConfUtils.java:logGet(46)) - raft.server.data-stream.async.write.thread.pool.size = 16 (default)
2023-05-03 09:46:04,207 [Listener at 127.0.0.1/35191] INFO  server.RaftServerConfigKeys (ConfUtils.java:logGet(46)) - raft.server.data-stream.client.pool.size = 10 (default)
2023-05-03 09:46:04,241 [Listener at 127.0.0.1/35191] INFO  netty.NettyConfigKeys$DataStream (ConfUtils.java:logGet(46)) - raft.netty.dataStream.server.use-epoll = false (default)
2023-05-03 09:46:04,241 [Listener at 127.0.0.1/35191] INFO  netty.NettyConfigKeys$DataStream (ConfUtils.java:logGet(46)) - raft.netty.dataStream.server.boss-group.size = 0 (default)
2023-05-03 09:46:04,249 [Listener at 127.0.0.1/35191] INFO  netty.NettyConfigKeys$DataStream (ConfUtils.java:logGet(46)) - raft.netty.dataStream.server.worker-group.size = 0 (default)
2023-05-03 09:46:04,249 [Listener at 127.0.0.1/35191] INFO  netty.NettyConfigKeys$DataStream (ConfUtils.java:logGet(46)) - raft.netty.dataStream.server.tls.conf = null (default)
2023-05-03 09:46:04,254 [Listener at 127.0.0.1/35191] INFO  netty.NettyConfigKeys$DataStream (ConfUtils.java:logGet(46)) - raft.netty.dataStream.host = null (default)
2023-05-03 09:46:04,254 [Listener at 127.0.0.1/35191] INFO  netty.NettyConfigKeys$DataStream (ConfUtils.java:logGet(46)) - raft.netty.dataStream.port = 0 (default)
2023-05-03 09:46:04,262 [Listener at 127.0.0.1/35191] INFO  server.RaftServerConfigKeys (ConfUtils.java:logGet(46)) - raft.server.threadpool.proxy.cached = true (default)
2023-05-03 09:46:04,263 [Listener at 127.0.0.1/35191] INFO  server.RaftServerConfigKeys (ConfUtils.java:logGet(46)) - raft.server.threadpool.proxy.size = 0 (default)
2023-05-03 09:46:04,263 [Listener at 127.0.0.1/35191] INFO  server.RaftServerConfigKeys (ConfUtils.java:logGet(46)) - raft.server.rpc.slowness.timeout = 300s (custom)
2023-05-03 09:46:04,263 [Listener at 127.0.0.1/35191] INFO  server.RaftServerConfigKeys (ConfUtils.java:logGet(46)) - raft.server.leaderelection.leader.step-down.wait-time = 10s (default)
2023-05-03 09:46:04,263 [Listener at 127.0.0.1/35191] INFO  server.RaftServerConfigKeys (ConfUtils.java:logGet(46)) - raft.server.storage.dir = [/home/runner/work/ozone/ozone/hadoop-ozone/integration-test/target/test-dir/MiniOzoneClusterImpl-adc655c8-92ed-4be5-b45a-b6dec4162976/datanode-0/data/ratis] (custom)
2023-05-03 09:46:04,291 [ba1183bc-3307-4f2f-a7df-7eeda515be78-NettyServerStreamRpc-bossGroup--thread1] INFO  logging.LoggingHandler (AbstractInternalLogger.java:log(148)) - [id: 0x58bceeb7] REGISTERED
2023-05-03 09:46:04,293 [ba1183bc-3307-4f2f-a7df-7eeda515be78-NettyServerStreamRpc-bossGroup--thread1] INFO  logging.LoggingHandler (AbstractInternalLogger.java:log(148)) - [id: 0x58bceeb7] BIND: 0.0.0.0/0.0.0.0:0
2023-05-03 09:46:04,293 [ba1183bc-3307-4f2f-a7df-7eeda515be78-NettyServerStreamRpc-bossGroup--thread1] INFO  logging.LoggingHandler (AbstractInternalLogger.java:log(148)) - [id: 0x58bceeb7, L:/0:0:0:0:0:0:0:0:46645] ACTIVE
2023-05-03 09:46:04,299 [Listener at 127.0.0.1/35191] INFO  server.XceiverServerGrpc (XceiverServerGrpc.java:<init>(132)) - GrpcServer channel type EpollServerSocketChannel
2023-05-03 09:46:04,373 [Listener at 127.0.0.1/35191] INFO  http.BaseHttpServer (BaseHttpServer.java:newHttpServer2BuilderForOzone(224)) - Starting Web-server for hddsDatanode at: http://0.0.0.0:0
2023-05-03 09:46:04,373 [Listener at 127.0.0.1/35191] INFO  http.BaseHttpServer (BaseHttpServer.java:<init>(111)) - Hadoop Security Enabled: false Ozone Security Enabled: false Ozone HTTP Security Enabled: false 
2023-05-03 09:46:04,374 [Listener at 127.0.0.1/35191] WARN  server.AuthenticationFilter (AuthenticationFilter.java:constructSecretProvider(240)) - Unable to initialize FileSignerSecretProvider, falling back to use random secrets. Reason: Could not read signature secret file: /home/runner/hadoop-http-auth-signature-secret
2023-05-03 09:46:04,377 [Listener at 127.0.0.1/35191] INFO  http.HttpRequestLog (HttpRequestLog.java:getRequestLog(86)) - Http request log for http.requests.hddsDatanode is not defined
2023-05-03 09:46:04,378 [Listener at 127.0.0.1/35191] INFO  http.HttpServer2 (HttpServer2.java:addGlobalFilter(1031)) - Added global filter 'safety' (class=org.apache.hadoop.hdds.server.http.HttpServer2$QuotingInputFilter)
2023-05-03 09:46:04,379 [Listener at 127.0.0.1/35191] INFO  http.HttpServer2 (HttpServer2.java:addFilter(1007)) - Added filter static_user_filter (class=org.apache.hadoop.http.lib.StaticUserWebFilter$StaticUserFilter) to context hddsDatanode
2023-05-03 09:46:04,379 [Listener at 127.0.0.1/35191] INFO  http.HttpServer2 (HttpServer2.java:addFilter(1015)) - Added filter static_user_filter (class=org.apache.hadoop.http.lib.StaticUserWebFilter$StaticUserFilter) to context static
2023-05-03 09:46:04,380 [Listener at 127.0.0.1/35191] INFO  http.HttpServer2 (HttpServer2.java:addFilter(1015)) - Added filter static_user_filter (class=org.apache.hadoop.http.lib.StaticUserWebFilter$StaticUserFilter) to context logs
2023-05-03 09:46:04,380 [Listener at 127.0.0.1/35191] INFO  http.BaseHttpServer (BaseHttpServer.java:<init>(190)) - HTTP server of hddsDatanode uses base directory /home/runner/work/ozone/ozone/hadoop-ozone/integration-test/target/test-dir/MiniOzoneClusterImpl-adc655c8-92ed-4be5-b45a-b6dec4162976/datanode-0/meta/webserver
2023-05-03 09:46:04,380 [Listener at 127.0.0.1/35191] INFO  http.HttpServer2 (HttpServer2.java:bindListener(1250)) - Jetty bound to port 33435
2023-05-03 09:46:04,381 [Listener at 127.0.0.1/35191] INFO  server.Server (Server.java:doStart(375)) - jetty-9.4.51.v20230217; built: 2023-02-17T08:19:37.309Z; git: b45c405e4544384de066f814ed42ae3dceacdd49; jvm 1.8.0_362-b09
2023-05-03 09:46:04,384 [Listener at 127.0.0.1/35191] INFO  server.session (DefaultSessionIdManager.java:doStart(334)) - DefaultSessionIdManager workerName=node0
2023-05-03 09:46:04,384 [Listener at 127.0.0.1/35191] INFO  server.session (DefaultSessionIdManager.java:doStart(339)) - No SessionScavenger set, using defaults
2023-05-03 09:46:04,384 [Listener at 127.0.0.1/35191] INFO  server.session (HouseKeeper.java:startScavenging(132)) - node0 Scavenging every 660000ms
2023-05-03 09:46:04,385 [Listener at 127.0.0.1/35191] INFO  handler.ContextHandler (ContextHandler.java:doStart(921)) - Started o.e.j.s.ServletContextHandler@56b51488{logs,/logs,file:///home/runner/work/ozone/ozone/hadoop-ozone/integration-test/target/log,AVAILABLE}
2023-05-03 09:46:04,385 [Listener at 127.0.0.1/35191] INFO  handler.ContextHandler (ContextHandler.java:doStart(921)) - Started o.e.j.s.ServletContextHandler@5f8332cb{static,/static,jar:file:/home/runner/.m2/repository/org/apache/ozone/hdds-container-service/1.4.0-SNAPSHOT/hdds-container-service-1.4.0-SNAPSHOT.jar!/webapps/static,AVAILABLE}
2023-05-03 09:46:04,620 [Listener at 127.0.0.1/35191] INFO  handler.ContextHandler (ContextHandler.java:doStart(921)) - Started o.e.j.w.WebAppContext@1aae7127{hddsDatanode,/,file:///home/runner/work/ozone/ozone/hadoop-ozone/integration-test/target/test-dir/MiniOzoneClusterImpl-adc655c8-92ed-4be5-b45a-b6dec4162976/datanode-0/meta/webserver/jetty-0_0_0_0-33435-hdds-container-service-1_4_0-SNAPSHOT_jar-_-any-8554647619145610720/webapp/,AVAILABLE}{jar:file:/home/runner/.m2/repository/org/apache/ozone/hdds-container-service/1.4.0-SNAPSHOT/hdds-container-service-1.4.0-SNAPSHOT.jar!/webapps/hddsDatanode}
2023-05-03 09:46:04,621 [Listener at 127.0.0.1/35191] INFO  server.AbstractConnector (AbstractConnector.java:doStart(333)) - Started ServerConnector@19ae1ac5{HTTP/1.1, (http/1.1)}{0.0.0.0:33435}
2023-05-03 09:46:04,621 [Listener at 127.0.0.1/35191] INFO  server.Server (Server.java:doStart(415)) - Started @7746ms
2023-05-03 09:46:04,622 [Listener at 127.0.0.1/35191] WARN  impl.MetricsSystemImpl (MetricsSystemImpl.java:register(279)) - Sink prometheus already exists!
2023-05-03 09:46:04,622 [Listener at 127.0.0.1/35191] INFO  http.BaseHttpServer (BaseHttpServer.java:updateConnectorAddress(344)) - HTTP server of hddsDatanode listening at http://0.0.0.0:33435
2023-05-03 09:46:04,626 [Listener at 127.0.0.1/35191] WARN  impl.MetricRegistriesImpl (MetricRegistriesImpl.java:addReporterRegistration(111)) - New reporters are added after registries were created. Some metrics will be missing from the reporter. Please add reporter before adding any new registry.
2023-05-03 09:46:04,626 [Listener at 127.0.0.1/35191] WARN  impl.MetricRegistriesImpl (MetricRegistriesImpl.java:addReporterRegistration(111)) - New reporters are added after registries were created. Some metrics will be missing from the reporter. Please add reporter before adding any new registry.
2023-05-03 09:46:04,626 [Listener at 127.0.0.1/35191] INFO  impl.MetricsSystemImpl (MetricsSystemImpl.java:init(158)) - HddsDatanode metrics system started (again)
2023-05-03 09:46:04,632 [Datanode State Machine Daemon Thread] INFO  statemachine.DatanodeStateMachine (DatanodeStateMachine.java:lambda$startDaemon$0(519)) - Ozone container server started.
2023-05-03 09:46:04,646 [org.apache.hadoop.util.JvmPauseMonitor$Monitor@3eeca057] INFO  util.JvmPauseMonitor (JvmPauseMonitor.java:run(188)) - Starting JVM pause monitor
2023-05-03 09:46:04,654 [Listener at 127.0.0.1/35191] INFO  ozone.HddsDatanodeService (HddsDatanodeService.java:start(252)) - HddsDatanodeService host:fv-az139-793.t0dryja4c43urhy2nvp0adewnd.cx.internal.cloudapp.net ip:10.1.0.194
2023-05-03 09:46:04,681 [Listener at 127.0.0.1/35191] INFO  upgrade.AbstractLayoutVersionManager (AbstractLayoutVersionManager.java:init(83)) - Initializing Layout version manager with metadata layout = WEBUI_PORTS_IN_DATANODEDETAILS (version = 6), software layout = WEBUI_PORTS_IN_DATANODEDETAILS (version = 6)
2023-05-03 09:46:04,753 [Datanode State Machine Task Thread - 0] INFO  datanode.InitDatanodeState (InitDatanodeState.java:persistContainerDatanodeDetails(138)) - DatanodeDetails is persisted to /home/runner/work/ozone/ozone/hadoop-ozone/integration-test/target/test-dir/MiniOzoneClusterImpl-adc655c8-92ed-4be5-b45a-b6dec4162976/datanode-0/meta/datanode.id
2023-05-03 09:46:04,767 [om1@group-C5BA1605619E-FollowerState] INFO  impl.FollowerState (FollowerState.java:run(143)) - om1@group-C5BA1605619E-FollowerState: change to CANDIDATE, lastRpcElapsedTime:1120665785ns, electionTimeout:1106ms
2023-05-03 09:46:04,768 [om1@group-C5BA1605619E-FollowerState] INFO  impl.RoleInfo (RoleInfo.java:shutdownFollowerState(110)) - om1: shutdown om1@group-C5BA1605619E-FollowerState
2023-05-03 09:46:04,773 [om1@group-C5BA1605619E-FollowerState] INFO  server.RaftServer$Division (RaftServerImpl.java:setRole(321)) - om1@group-C5BA1605619E: changes role from  FOLLOWER to CANDIDATE at term 0 for changeToCandidate
2023-05-03 09:46:04,776 [om1@group-C5BA1605619E-FollowerState] INFO  server.RaftServerConfigKeys (ConfUtils.java:logGet(46)) - raft.server.leaderelection.pre-vote = true (default)
2023-05-03 09:46:04,776 [om1@group-C5BA1605619E-FollowerState] INFO  impl.RoleInfo (RoleInfo.java:updateAndGet(139)) - om1: start om1@group-C5BA1605619E-LeaderElection1
2023-05-03 09:46:04,789 [Listener at 127.0.0.1/35191] INFO  reflections.Reflections (Reflections.java:scan(232)) - Reflections took 106 ms to scan 7 urls, producing 156 keys and 369 values 
2023-05-03 09:46:04,790 [om1@group-C5BA1605619E-LeaderElection1] INFO  impl.LeaderElection (LeaderElection.java:askForVotes(312)) - om1@group-C5BA1605619E-LeaderElection1 PRE_VOTE round 0: submit vote requests at term 0 for -1: peers:[om1|rpc:localhost:9872|priority:0|startupRole:FOLLOWER]|listeners:[], old=null
2023-05-03 09:46:04,791 [om1@group-C5BA1605619E-LeaderElection1] INFO  impl.LeaderElection (LeaderElection.java:askForVotes(314)) - om1@group-C5BA1605619E-LeaderElection1 PRE_VOTE round 0: result PASSED (term=0)
2023-05-03 09:46:04,792 [om1@group-C5BA1605619E-LeaderElection1] INFO  impl.LeaderElection (LeaderElection.java:askForVotes(312)) - om1@group-C5BA1605619E-LeaderElection1 ELECTION round 0: submit vote requests at term 1 for -1: peers:[om1|rpc:localhost:9872|priority:0|startupRole:FOLLOWER]|listeners:[], old=null
2023-05-03 09:46:04,792 [om1@group-C5BA1605619E-LeaderElection1] INFO  impl.LeaderElection (LeaderElection.java:askForVotes(314)) - om1@group-C5BA1605619E-LeaderElection1 ELECTION round 0: result PASSED (term=1)
2023-05-03 09:46:04,792 [om1@group-C5BA1605619E-LeaderElection1] INFO  impl.RoleInfo (RoleInfo.java:shutdownLeaderElection(130)) - om1: shutdown om1@group-C5BA1605619E-LeaderElection1
2023-05-03 09:46:04,793 [om1@group-C5BA1605619E-LeaderElection1] INFO  server.RaftServer$Division (RaftServerImpl.java:setRole(321)) - om1@group-C5BA1605619E: changes role from CANDIDATE to LEADER at term 1 for changeToLeader
2023-05-03 09:46:04,795 [om1@group-C5BA1605619E-LeaderElection1] INFO  server.RaftServer$Division (ServerState.java:setLeader(313)) - om1@group-C5BA1605619E: change Leader from null to om1 at term 1 for becomeLeader, leader elected after 2246ms
2023-05-03 09:46:04,796 [Listener at 127.0.0.1/35191] INFO  statemachine.DatanodeStateMachine (DatanodeStateMachine.java:getEndPointTaskThreadPoolSize(262)) - Datanode State Machine Task Thread Pool size 2
2023-05-03 09:46:04,799 [Listener at 127.0.0.1/35191] INFO  volume.HddsVolume (HddsVolume.java:<init>(130)) - Creating HddsVolume: /home/runner/work/ozone/ozone/hadoop-ozone/integration-test/target/test-dir/MiniOzoneClusterImpl-adc655c8-92ed-4be5-b45a-b6dec4162976/datanode-1/data-0/containers/hdds of storage type : DISK capacity : 9223372036854775807
2023-05-03 09:46:04,800 [Listener at 127.0.0.1/35191] INFO  volume.MutableVolumeSet (MutableVolumeSet.java:initializeVolumeSet(175)) - Added Volume : /home/runner/work/ozone/ozone/hadoop-ozone/integration-test/target/test-dir/MiniOzoneClusterImpl-adc655c8-92ed-4be5-b45a-b6dec4162976/datanode-1/data-0/containers/hdds to VolumeSet
2023-05-03 09:46:04,800 [Listener at 127.0.0.1/35191] INFO  volume.ThrottledAsyncChecker (ThrottledAsyncChecker.java:schedule(141)) - Scheduling a check for /home/runner/work/ozone/ozone/hadoop-ozone/integration-test/target/test-dir/MiniOzoneClusterImpl-adc655c8-92ed-4be5-b45a-b6dec4162976/datanode-1/data-0/containers/hdds
2023-05-03 09:46:04,804 [om1@group-C5BA1605619E-LeaderElection1] INFO  server.RaftServerConfigKeys (ConfUtils.java:logGet(46)) - raft.server.staging.catchup.gap = 1000 (default)
2023-05-03 09:46:04,805 [Listener at 127.0.0.1/35191] INFO  volume.StorageVolumeChecker (StorageVolumeChecker.java:checkAllVolumes(202)) - Scheduled health check for volume /home/runner/work/ozone/ozone/hadoop-ozone/integration-test/target/test-dir/MiniOzoneClusterImpl-adc655c8-92ed-4be5-b45a-b6dec4162976/datanode-1/data-0/containers/hdds
2023-05-03 09:46:04,812 [om1@group-C5BA1605619E-LeaderElection1] INFO  server.RaftServerConfigKeys (ConfUtils.java:logGet(46)) - raft.server.write.element-limit = 4096 (default)
2023-05-03 09:46:04,813 [om1@group-C5BA1605619E-LeaderElection1] INFO  server.RaftServerConfigKeys (ConfUtils.java:logGet(46)) - raft.server.write.byte-limit = 64MB (=67108864) (default)
2023-05-03 09:46:04,822 [Listener at 127.0.0.1/35191] INFO  volume.MutableVolumeSet (MutableVolumeSet.java:initializeVolumeSet(175)) - Added Volume : /home/runner/work/ozone/ozone/hadoop-ozone/integration-test/target/test-dir/MiniOzoneClusterImpl-adc655c8-92ed-4be5-b45a-b6dec4162976/datanode-1/data/ratis to VolumeSet
2023-05-03 09:46:04,823 [Listener at 127.0.0.1/35191] INFO  volume.ThrottledAsyncChecker (ThrottledAsyncChecker.java:schedule(141)) - Scheduling a check for /home/runner/work/ozone/ozone/hadoop-ozone/integration-test/target/test-dir/MiniOzoneClusterImpl-adc655c8-92ed-4be5-b45a-b6dec4162976/datanode-1/data/ratis
2023-05-03 09:46:04,824 [om1@group-C5BA1605619E-LeaderElection1] INFO  server.RaftServerConfigKeys (ConfUtils.java:logGet(46)) - raft.server.watch.timeout = 10s (default)
2023-05-03 09:46:04,824 [om1@group-C5BA1605619E-LeaderElection1] INFO  server.RaftServerConfigKeys (ConfUtils.java:logGet(46)) - raft.server.watch.timeout.denomination = 1s (default)
2023-05-03 09:46:04,824 [om1@group-C5BA1605619E-LeaderElection1] INFO  server.RaftServerConfigKeys (ConfUtils.java:logGet(46)) - raft.server.watch.element-limit = 65536 (default)
2023-05-03 09:46:04,834 [Listener at 127.0.0.1/35191] INFO  volume.StorageVolumeChecker (StorageVolumeChecker.java:checkAllVolumes(202)) - Scheduled health check for volume /home/runner/work/ozone/ozone/hadoop-ozone/integration-test/target/test-dir/MiniOzoneClusterImpl-adc655c8-92ed-4be5-b45a-b6dec4162976/datanode-1/data/ratis
2023-05-03 09:46:04,840 [om1@group-C5BA1605619E-LeaderElection1] INFO  server.RaftServerConfigKeys (ConfUtils.java:logGet(46)) - raft.server.write.element-limit = 4096 (default)
2023-05-03 09:46:04,841 [om1@group-C5BA1605619E-LeaderElection1] INFO  server.RaftServerConfigKeys (ConfUtils.java:logGet(46)) - raft.server.write.follower.gap.ratio.max = -1.0 (default)
2023-05-03 09:46:04,843 [om1@group-C5BA1605619E-LeaderElection1] INFO  impl.RoleInfo (RoleInfo.java:updateAndGet(139)) - om1: start om1@group-C5BA1605619E-LeaderStateImpl
2023-05-03 09:46:04,867 [Thread-155] INFO  ozoneimpl.ContainerReader (ContainerReader.java:readVolume(175)) - Finish verifying containers on volume /home/runner/work/ozone/ozone/hadoop-ozone/integration-test/target/test-dir/MiniOzoneClusterImpl-adc655c8-92ed-4be5-b45a-b6dec4162976/datanode-1/data-0/containers/hdds
2023-05-03 09:46:04,868 [Listener at 127.0.0.1/35191] INFO  ozoneimpl.OzoneContainer (OzoneContainer.java:buildContainerSet(303)) - Build ContainerSet costs 0s
2023-05-03 09:46:04,871 [Listener at 127.0.0.1/35191] INFO  server.RaftServer (ConfUtils.java:logGet(46)) - raft.rpc.type = GRPC (default)
2023-05-03 09:46:04,872 [Listener at 127.0.0.1/35191] INFO  grpc.GrpcConfigKeys (ConfUtils.java:logFallback(53)) - raft.grpc.admin.host = null (fallback to raft.grpc.server.host)
2023-05-03 09:46:04,872 [Listener at 127.0.0.1/35191] INFO  grpc.GrpcConfigKeys (ConfUtils.java:logGet(46)) - raft.grpc.admin.port = 0 (custom)
2023-05-03 09:46:04,872 [Listener at 127.0.0.1/35191] INFO  grpc.GrpcConfigKeys (ConfUtils.java:logFallback(53)) - raft.grpc.client.host = null (fallback to raft.grpc.server.host)
2023-05-03 09:46:04,872 [Listener at 127.0.0.1/35191] INFO  grpc.GrpcConfigKeys (ConfUtils.java:logGet(46)) - raft.grpc.client.port = 0 (custom)
2023-05-03 09:46:04,872 [Listener at 127.0.0.1/35191] INFO  grpc.GrpcConfigKeys (ConfUtils.java:logGet(46)) - raft.grpc.server.host = null (default)
2023-05-03 09:46:04,872 [Listener at 127.0.0.1/35191] INFO  grpc.GrpcConfigKeys (ConfUtils.java:logGet(46)) - raft.grpc.server.port = 0 (default)
2023-05-03 09:46:04,872 [Listener at 127.0.0.1/35191] INFO  server.GrpcService (ConfUtils.java:logGet(46)) - raft.grpc.message.size.max = 32MB (=33554432) (custom)
2023-05-03 09:46:04,872 [Listener at 127.0.0.1/35191] INFO  server.RaftServerConfigKeys (ConfUtils.java:logGet(46)) - raft.server.log.appender.buffer.byte-limit = 33554432 (custom)
2023-05-03 09:46:04,872 [Listener at 127.0.0.1/35191] INFO  server.GrpcService (ConfUtils.java:logGet(46)) - raft.grpc.flow.control.window = 5MB (=5242880) (custom)
2023-05-03 09:46:04,872 [Listener at 127.0.0.1/35191] INFO  server.RaftServerConfigKeys (ConfUtils.java:logGet(46)) - raft.server.rpc.request.timeout = 60s (custom)
2023-05-03 09:46:04,873 [Listener at 127.0.0.1/35191] INFO  grpc.GrpcConfigKeys (ConfUtils.java:logGet(46)) - raft.grpc.server.heartbeat.channel = true (default)
2023-05-03 09:46:04,873 [Listener at 127.0.0.1/35191] INFO  grpc.GrpcConfigKeys (ConfUtils.java:logGet(46)) - raft.grpc.server.async.request.thread.pool.cached = true (default)
2023-05-03 09:46:04,873 [Listener at 127.0.0.1/35191] INFO  grpc.GrpcConfigKeys (ConfUtils.java:logGet(46)) - raft.grpc.server.async.request.thread.pool.size = 32 (default)
2023-05-03 09:46:04,874 [Listener at 127.0.0.1/35191] INFO  impl.DataStreamServerImpl (ConfUtils.java:logGet(46)) - raft.datastream.type = NETTY (custom)
2023-05-03 09:46:04,874 [Listener at 127.0.0.1/35191] INFO  server.RaftServerConfigKeys (ConfUtils.java:logGet(46)) - raft.server.data-stream.async.request.thread.pool.cached = false (default)
2023-05-03 09:46:04,874 [Listener at 127.0.0.1/35191] INFO  server.RaftServerConfigKeys (ConfUtils.java:logGet(46)) - raft.server.data-stream.async.request.thread.pool.size = 20 (custom)
2023-05-03 09:46:04,874 [Listener at 127.0.0.1/35191] INFO  server.RaftServerConfigKeys (ConfUtils.java:logGet(46)) - raft.server.data-stream.async.write.thread.pool.size = 16 (default)
2023-05-03 09:46:04,874 [Listener at 127.0.0.1/35191] INFO  server.RaftServerConfigKeys (ConfUtils.java:logGet(46)) - raft.server.data-stream.client.pool.size = 10 (default)
2023-05-03 09:46:04,874 [Listener at 127.0.0.1/35191] INFO  netty.NettyConfigKeys$DataStream (ConfUtils.java:logGet(46)) - raft.netty.dataStream.server.use-epoll = false (default)
2023-05-03 09:46:04,874 [Listener at 127.0.0.1/35191] INFO  netty.NettyConfigKeys$DataStream (ConfUtils.java:logGet(46)) - raft.netty.dataStream.server.boss-group.size = 0 (default)
2023-05-03 09:46:04,876 [Listener at 127.0.0.1/35191] INFO  netty.NettyConfigKeys$DataStream (ConfUtils.java:logGet(46)) - raft.netty.dataStream.server.worker-group.size = 0 (default)
2023-05-03 09:46:04,876 [Listener at 127.0.0.1/35191] INFO  netty.NettyConfigKeys$DataStream (ConfUtils.java:logGet(46)) - raft.netty.dataStream.server.tls.conf = null (default)
2023-05-03 09:46:04,876 [Listener at 127.0.0.1/35191] INFO  netty.NettyConfigKeys$DataStream (ConfUtils.java:logGet(46)) - raft.netty.dataStream.host = null (default)
2023-05-03 09:46:04,876 [Listener at 127.0.0.1/35191] INFO  netty.NettyConfigKeys$DataStream (ConfUtils.java:logGet(46)) - raft.netty.dataStream.port = 0 (default)
2023-05-03 09:46:04,877 [Listener at 127.0.0.1/35191] INFO  server.RaftServerConfigKeys (ConfUtils.java:logGet(46)) - raft.server.threadpool.proxy.cached = true (default)
2023-05-03 09:46:04,877 [Listener at 127.0.0.1/35191] INFO  server.RaftServerConfigKeys (ConfUtils.java:logGet(46)) - raft.server.threadpool.proxy.size = 0 (default)
2023-05-03 09:46:04,877 [Listener at 127.0.0.1/35191] INFO  server.RaftServerConfigKeys (ConfUtils.java:logGet(46)) - raft.server.rpc.slowness.timeout = 300s (custom)
2023-05-03 09:46:04,877 [Listener at 127.0.0.1/35191] INFO  server.RaftServerConfigKeys (ConfUtils.java:logGet(46)) - raft.server.leaderelection.leader.step-down.wait-time = 10s (default)
2023-05-03 09:46:04,877 [Listener at 127.0.0.1/35191] INFO  server.RaftServerConfigKeys (ConfUtils.java:logGet(46)) - raft.server.storage.dir = [/home/runner/work/ozone/ozone/hadoop-ozone/integration-test/target/test-dir/MiniOzoneClusterImpl-adc655c8-92ed-4be5-b45a-b6dec4162976/datanode-1/data/ratis] (custom)
2023-05-03 09:46:04,885 [om1@group-C5BA1605619E-LeaderElection1] INFO  segmented.SegmentedRaftLogWorker (SegmentedRaftLogWorker.java:startLogSegment(452)) - om1@group-C5BA1605619E-SegmentedRaftLogWorker: Starting segment from index:0
2023-05-03 09:46:04,886 [6865ef2a-f9e6-4758-8bd9-8da76fd5f008-NettyServerStreamRpc-bossGroup--thread1] INFO  logging.LoggingHandler (AbstractInternalLogger.java:log(148)) - [id: 0x5ae29360] REGISTERED
2023-05-03 09:46:04,888 [6865ef2a-f9e6-4758-8bd9-8da76fd5f008-NettyServerStreamRpc-bossGroup--thread1] INFO  logging.LoggingHandler (AbstractInternalLogger.java:log(148)) - [id: 0x5ae29360] BIND: 0.0.0.0/0.0.0.0:0
2023-05-03 09:46:04,888 [6865ef2a-f9e6-4758-8bd9-8da76fd5f008-NettyServerStreamRpc-bossGroup--thread1] INFO  logging.LoggingHandler (AbstractInternalLogger.java:log(148)) - [id: 0x5ae29360, L:/0:0:0:0:0:0:0:0:37001] ACTIVE
2023-05-03 09:46:04,890 [Listener at 127.0.0.1/35191] INFO  server.XceiverServerGrpc (XceiverServerGrpc.java:<init>(132)) - GrpcServer channel type EpollServerSocketChannel
2023-05-03 09:46:04,906 [Listener at 127.0.0.1/35191] INFO  http.BaseHttpServer (BaseHttpServer.java:newHttpServer2BuilderForOzone(224)) - Starting Web-server for hddsDatanode at: http://0.0.0.0:0
2023-05-03 09:46:04,906 [Listener at 127.0.0.1/35191] INFO  http.BaseHttpServer (BaseHttpServer.java:<init>(111)) - Hadoop Security Enabled: false Ozone Security Enabled: false Ozone HTTP Security Enabled: false 
2023-05-03 09:46:04,907 [Listener at 127.0.0.1/35191] WARN  server.AuthenticationFilter (AuthenticationFilter.java:constructSecretProvider(240)) - Unable to initialize FileSignerSecretProvider, falling back to use random secrets. Reason: Could not read signature secret file: /home/runner/hadoop-http-auth-signature-secret
2023-05-03 09:46:04,908 [Listener at 127.0.0.1/35191] INFO  http.HttpRequestLog (HttpRequestLog.java:getRequestLog(86)) - Http request log for http.requests.hddsDatanode is not defined
2023-05-03 09:46:04,910 [Listener at 127.0.0.1/35191] INFO  http.HttpServer2 (HttpServer2.java:addGlobalFilter(1031)) - Added global filter 'safety' (class=org.apache.hadoop.hdds.server.http.HttpServer2$QuotingInputFilter)
2023-05-03 09:46:04,911 [Listener at 127.0.0.1/35191] INFO  http.HttpServer2 (HttpServer2.java:addFilter(1007)) - Added filter static_user_filter (class=org.apache.hadoop.http.lib.StaticUserWebFilter$StaticUserFilter) to context hddsDatanode
2023-05-03 09:46:04,911 [Listener at 127.0.0.1/35191] INFO  http.HttpServer2 (HttpServer2.java:addFilter(1015)) - Added filter static_user_filter (class=org.apache.hadoop.http.lib.StaticUserWebFilter$StaticUserFilter) to context static
2023-05-03 09:46:04,911 [Listener at 127.0.0.1/35191] INFO  http.HttpServer2 (HttpServer2.java:addFilter(1015)) - Added filter static_user_filter (class=org.apache.hadoop.http.lib.StaticUserWebFilter$StaticUserFilter) to context logs
2023-05-03 09:46:04,911 [Listener at 127.0.0.1/35191] INFO  http.BaseHttpServer (BaseHttpServer.java:<init>(190)) - HTTP server of hddsDatanode uses base directory /home/runner/work/ozone/ozone/hadoop-ozone/integration-test/target/test-dir/MiniOzoneClusterImpl-adc655c8-92ed-4be5-b45a-b6dec4162976/datanode-1/meta/webserver
2023-05-03 09:46:04,912 [Listener at 127.0.0.1/35191] INFO  http.HttpServer2 (HttpServer2.java:bindListener(1250)) - Jetty bound to port 38743
2023-05-03 09:46:04,912 [Listener at 127.0.0.1/35191] INFO  server.Server (Server.java:doStart(375)) - jetty-9.4.51.v20230217; built: 2023-02-17T08:19:37.309Z; git: b45c405e4544384de066f814ed42ae3dceacdd49; jvm 1.8.0_362-b09
2023-05-03 09:46:04,947 [Listener at 127.0.0.1/35191] INFO  server.session (DefaultSessionIdManager.java:doStart(334)) - DefaultSessionIdManager workerName=node0
2023-05-03 09:46:04,947 [Listener at 127.0.0.1/35191] INFO  server.session (DefaultSessionIdManager.java:doStart(339)) - No SessionScavenger set, using defaults
2023-05-03 09:46:04,947 [Listener at 127.0.0.1/35191] INFO  server.session (HouseKeeper.java:startScavenging(132)) - node0 Scavenging every 600000ms
2023-05-03 09:46:04,948 [om1@group-C5BA1605619E-LeaderElection1] INFO  server.RaftServer$Division (ServerState.java:setRaftConf(430)) - om1@group-C5BA1605619E: set configuration 0: peers:[om1|rpc:localhost:9872|admin:|client:|dataStream:|priority:0|startupRole:FOLLOWER]|listeners:[], old=null
2023-05-03 09:46:04,951 [Listener at 127.0.0.1/35191] INFO  handler.ContextHandler (ContextHandler.java:doStart(921)) - Started o.e.j.s.ServletContextHandler@36817acc{logs,/logs,file:///home/runner/work/ozone/ozone/hadoop-ozone/integration-test/target/log,AVAILABLE}
2023-05-03 09:46:04,952 [Listener at 127.0.0.1/35191] INFO  handler.ContextHandler (ContextHandler.java:doStart(921)) - Started o.e.j.s.ServletContextHandler@541b30b7{static,/static,jar:file:/home/runner/.m2/repository/org/apache/ozone/hdds-container-service/1.4.0-SNAPSHOT/hdds-container-service-1.4.0-SNAPSHOT.jar!/webapps/static,AVAILABLE}
2023-05-03 09:46:05,037 [om1@group-C5BA1605619E-SegmentedRaftLogWorker] INFO  segmented.SegmentedRaftLogWorker (SegmentedRaftLogWorker.java:execute(656)) - om1@group-C5BA1605619E-SegmentedRaftLogWorker: created new log segment /home/runner/work/ozone/ozone/hadoop-ozone/integration-test/target/test-dir/MiniOzoneClusterImpl-adc655c8-92ed-4be5-b45a-b6dec4162976/ozone-meta/ratis/bf265839-605b-3f16-9796-c5ba1605619e/current/log_inprogress_0
2023-05-03 09:46:05,179 [om1@group-C5BA1605619E-StateMachineUpdater] INFO  ratis.OzoneManagerStateMachine (OzoneManagerStateMachine.java:notifyConfigurationChanged(201)) - Received Configuration change notification from Ratis. New Peer list:
[id: "om1"
address: "localhost:9872"
startupRole: FOLLOWER
]
2023-05-03 09:46:05,268 [Listener at 127.0.0.1/35191] INFO  handler.ContextHandler (ContextHandler.java:doStart(921)) - Started o.e.j.w.WebAppContext@660ee3f6{hddsDatanode,/,file:///home/runner/work/ozone/ozone/hadoop-ozone/integration-test/target/test-dir/MiniOzoneClusterImpl-adc655c8-92ed-4be5-b45a-b6dec4162976/datanode-1/meta/webserver/jetty-0_0_0_0-38743-hdds-container-service-1_4_0-SNAPSHOT_jar-_-any-6528873486817054291/webapp/,AVAILABLE}{jar:file:/home/runner/.m2/repository/org/apache/ozone/hdds-container-service/1.4.0-SNAPSHOT/hdds-container-service-1.4.0-SNAPSHOT.jar!/webapps/hddsDatanode}
2023-05-03 09:46:05,269 [Listener at 127.0.0.1/35191] INFO  server.AbstractConnector (AbstractConnector.java:doStart(333)) - Started ServerConnector@3e0b9255{HTTP/1.1, (http/1.1)}{0.0.0.0:38743}
2023-05-03 09:46:05,269 [Listener at 127.0.0.1/35191] INFO  server.Server (Server.java:doStart(415)) - Started @8394ms
2023-05-03 09:46:05,270 [Listener at 127.0.0.1/35191] WARN  impl.MetricsSystemImpl (MetricsSystemImpl.java:register(279)) - Sink prometheus already exists!
2023-05-03 09:46:05,270 [Listener at 127.0.0.1/35191] INFO  http.BaseHttpServer (BaseHttpServer.java:updateConnectorAddress(344)) - HTTP server of hddsDatanode listening at http://0.0.0.0:38743
2023-05-03 09:46:05,271 [Listener at 127.0.0.1/35191] WARN  impl.MetricRegistriesImpl (MetricRegistriesImpl.java:addReporterRegistration(111)) - New reporters are added after registries were created. Some metrics will be missing from the reporter. Please add reporter before adding any new registry.
2023-05-03 09:46:05,271 [Listener at 127.0.0.1/35191] WARN  impl.MetricRegistriesImpl (MetricRegistriesImpl.java:addReporterRegistration(111)) - New reporters are added after registries were created. Some metrics will be missing from the reporter. Please add reporter before adding any new registry.
2023-05-03 09:46:05,271 [Listener at 127.0.0.1/35191] INFO  impl.MetricsSystemImpl (MetricsSystemImpl.java:init(158)) - HddsDatanode metrics system started (again)
2023-05-03 09:46:05,277 [Datanode State Machine Daemon Thread] INFO  statemachine.DatanodeStateMachine (DatanodeStateMachine.java:lambda$startDaemon$0(519)) - Ozone container server started.
2023-05-03 09:46:05,289 [Listener at 127.0.0.1/35191] INFO  ozone.HddsDatanodeService (HddsDatanodeService.java:start(252)) - HddsDatanodeService host:fv-az139-793.t0dryja4c43urhy2nvp0adewnd.cx.internal.cloudapp.net ip:10.1.0.194
2023-05-03 09:46:05,298 [org.apache.hadoop.util.JvmPauseMonitor$Monitor@169d3275] INFO  util.JvmPauseMonitor (JvmPauseMonitor.java:run(188)) - Starting JVM pause monitor
2023-05-03 09:46:05,311 [Datanode State Machine Task Thread - 0] INFO  datanode.InitDatanodeState (InitDatanodeState.java:persistContainerDatanodeDetails(138)) - DatanodeDetails is persisted to /home/runner/work/ozone/ozone/hadoop-ozone/integration-test/target/test-dir/MiniOzoneClusterImpl-adc655c8-92ed-4be5-b45a-b6dec4162976/datanode-1/meta/datanode.id
2023-05-03 09:46:05,315 [Listener at 127.0.0.1/35191] INFO  upgrade.AbstractLayoutVersionManager (AbstractLayoutVersionManager.java:init(83)) - Initializing Layout version manager with metadata layout = WEBUI_PORTS_IN_DATANODEDETAILS (version = 6), software layout = WEBUI_PORTS_IN_DATANODEDETAILS (version = 6)
2023-05-03 09:46:05,374 [Listener at 127.0.0.1/35191] INFO  reflections.Reflections (Reflections.java:scan(232)) - Reflections took 57 ms to scan 7 urls, producing 156 keys and 369 values 
2023-05-03 09:46:05,377 [Listener at 127.0.0.1/35191] INFO  statemachine.DatanodeStateMachine (DatanodeStateMachine.java:getEndPointTaskThreadPoolSize(262)) - Datanode State Machine Task Thread Pool size 2
2023-05-03 09:46:05,380 [Listener at 127.0.0.1/35191] INFO  volume.HddsVolume (HddsVolume.java:<init>(130)) - Creating HddsVolume: /home/runner/work/ozone/ozone/hadoop-ozone/integration-test/target/test-dir/MiniOzoneClusterImpl-adc655c8-92ed-4be5-b45a-b6dec4162976/datanode-2/data-0/containers/hdds of storage type : DISK capacity : 9223372036854775807
2023-05-03 09:46:05,380 [Listener at 127.0.0.1/35191] INFO  volume.MutableVolumeSet (MutableVolumeSet.java:initializeVolumeSet(175)) - Added Volume : /home/runner/work/ozone/ozone/hadoop-ozone/integration-test/target/test-dir/MiniOzoneClusterImpl-adc655c8-92ed-4be5-b45a-b6dec4162976/datanode-2/data-0/containers/hdds to VolumeSet
2023-05-03 09:46:05,380 [Listener at 127.0.0.1/35191] INFO  volume.ThrottledAsyncChecker (ThrottledAsyncChecker.java:schedule(141)) - Scheduling a check for /home/runner/work/ozone/ozone/hadoop-ozone/integration-test/target/test-dir/MiniOzoneClusterImpl-adc655c8-92ed-4be5-b45a-b6dec4162976/datanode-2/data-0/containers/hdds
2023-05-03 09:46:05,384 [Listener at 127.0.0.1/35191] INFO  volume.StorageVolumeChecker (StorageVolumeChecker.java:checkAllVolumes(202)) - Scheduled health check for volume /home/runner/work/ozone/ozone/hadoop-ozone/integration-test/target/test-dir/MiniOzoneClusterImpl-adc655c8-92ed-4be5-b45a-b6dec4162976/datanode-2/data-0/containers/hdds
2023-05-03 09:46:05,397 [Listener at 127.0.0.1/35191] INFO  volume.MutableVolumeSet (MutableVolumeSet.java:initializeVolumeSet(175)) - Added Volume : /home/runner/work/ozone/ozone/hadoop-ozone/integration-test/target/test-dir/MiniOzoneClusterImpl-adc655c8-92ed-4be5-b45a-b6dec4162976/datanode-2/data/ratis to VolumeSet
2023-05-03 09:46:05,397 [Listener at 127.0.0.1/35191] INFO  volume.ThrottledAsyncChecker (ThrottledAsyncChecker.java:schedule(141)) - Scheduling a check for /home/runner/work/ozone/ozone/hadoop-ozone/integration-test/target/test-dir/MiniOzoneClusterImpl-adc655c8-92ed-4be5-b45a-b6dec4162976/datanode-2/data/ratis
2023-05-03 09:46:05,397 [Listener at 127.0.0.1/35191] INFO  volume.StorageVolumeChecker (StorageVolumeChecker.java:checkAllVolumes(202)) - Scheduled health check for volume /home/runner/work/ozone/ozone/hadoop-ozone/integration-test/target/test-dir/MiniOzoneClusterImpl-adc655c8-92ed-4be5-b45a-b6dec4162976/datanode-2/data/ratis
2023-05-03 09:46:05,414 [Thread-169] INFO  ozoneimpl.ContainerReader (ContainerReader.java:readVolume(175)) - Finish verifying containers on volume /home/runner/work/ozone/ozone/hadoop-ozone/integration-test/target/test-dir/MiniOzoneClusterImpl-adc655c8-92ed-4be5-b45a-b6dec4162976/datanode-2/data-0/containers/hdds
2023-05-03 09:46:05,415 [Listener at 127.0.0.1/35191] INFO  ozoneimpl.OzoneContainer (OzoneContainer.java:buildContainerSet(303)) - Build ContainerSet costs 0s
2023-05-03 09:46:05,424 [Listener at 127.0.0.1/35191] INFO  server.RaftServer (ConfUtils.java:logGet(46)) - raft.rpc.type = GRPC (default)
2023-05-03 09:46:05,424 [Listener at 127.0.0.1/35191] INFO  grpc.GrpcConfigKeys (ConfUtils.java:logFallback(53)) - raft.grpc.admin.host = null (fallback to raft.grpc.server.host)
2023-05-03 09:46:05,424 [Listener at 127.0.0.1/35191] INFO  grpc.GrpcConfigKeys (ConfUtils.java:logGet(46)) - raft.grpc.admin.port = 0 (custom)
2023-05-03 09:46:05,424 [Listener at 127.0.0.1/35191] INFO  grpc.GrpcConfigKeys (ConfUtils.java:logFallback(53)) - raft.grpc.client.host = null (fallback to raft.grpc.server.host)
2023-05-03 09:46:05,425 [Listener at 127.0.0.1/35191] INFO  grpc.GrpcConfigKeys (ConfUtils.java:logGet(46)) - raft.grpc.client.port = 0 (custom)
2023-05-03 09:46:05,425 [Listener at 127.0.0.1/35191] INFO  grpc.GrpcConfigKeys (ConfUtils.java:logGet(46)) - raft.grpc.server.host = null (default)
2023-05-03 09:46:05,425 [Listener at 127.0.0.1/35191] INFO  grpc.GrpcConfigKeys (ConfUtils.java:logGet(46)) - raft.grpc.server.port = 0 (default)
2023-05-03 09:46:05,425 [Listener at 127.0.0.1/35191] INFO  server.GrpcService (ConfUtils.java:logGet(46)) - raft.grpc.message.size.max = 32MB (=33554432) (custom)
2023-05-03 09:46:05,426 [Listener at 127.0.0.1/35191] INFO  server.RaftServerConfigKeys (ConfUtils.java:logGet(46)) - raft.server.log.appender.buffer.byte-limit = 33554432 (custom)
2023-05-03 09:46:05,426 [Listener at 127.0.0.1/35191] INFO  server.GrpcService (ConfUtils.java:logGet(46)) - raft.grpc.flow.control.window = 5MB (=5242880) (custom)
2023-05-03 09:46:05,426 [Listener at 127.0.0.1/35191] INFO  server.RaftServerConfigKeys (ConfUtils.java:logGet(46)) - raft.server.rpc.request.timeout = 60s (custom)
2023-05-03 09:46:05,426 [Listener at 127.0.0.1/35191] INFO  grpc.GrpcConfigKeys (ConfUtils.java:logGet(46)) - raft.grpc.server.heartbeat.channel = true (default)
2023-05-03 09:46:05,426 [Listener at 127.0.0.1/35191] INFO  grpc.GrpcConfigKeys (ConfUtils.java:logGet(46)) - raft.grpc.server.async.request.thread.pool.cached = true (default)
2023-05-03 09:46:05,426 [Listener at 127.0.0.1/35191] INFO  grpc.GrpcConfigKeys (ConfUtils.java:logGet(46)) - raft.grpc.server.async.request.thread.pool.size = 32 (default)
2023-05-03 09:46:05,427 [Listener at 127.0.0.1/35191] INFO  impl.DataStreamServerImpl (ConfUtils.java:logGet(46)) - raft.datastream.type = NETTY (custom)
2023-05-03 09:46:05,427 [Listener at 127.0.0.1/35191] INFO  server.RaftServerConfigKeys (ConfUtils.java:logGet(46)) - raft.server.data-stream.async.request.thread.pool.cached = false (default)
2023-05-03 09:46:05,428 [Listener at 127.0.0.1/35191] INFO  server.RaftServerConfigKeys (ConfUtils.java:logGet(46)) - raft.server.data-stream.async.request.thread.pool.size = 20 (custom)
2023-05-03 09:46:05,428 [Listener at 127.0.0.1/35191] INFO  server.RaftServerConfigKeys (ConfUtils.java:logGet(46)) - raft.server.data-stream.async.write.thread.pool.size = 16 (default)
2023-05-03 09:46:05,428 [Listener at 127.0.0.1/35191] INFO  server.RaftServerConfigKeys (ConfUtils.java:logGet(46)) - raft.server.data-stream.client.pool.size = 10 (default)
2023-05-03 09:46:05,428 [Listener at 127.0.0.1/35191] INFO  netty.NettyConfigKeys$DataStream (ConfUtils.java:logGet(46)) - raft.netty.dataStream.server.use-epoll = false (default)
2023-05-03 09:46:05,428 [Listener at 127.0.0.1/35191] INFO  netty.NettyConfigKeys$DataStream (ConfUtils.java:logGet(46)) - raft.netty.dataStream.server.boss-group.size = 0 (default)
2023-05-03 09:46:05,429 [Listener at 127.0.0.1/35191] INFO  netty.NettyConfigKeys$DataStream (ConfUtils.java:logGet(46)) - raft.netty.dataStream.server.worker-group.size = 0 (default)
2023-05-03 09:46:05,429 [Listener at 127.0.0.1/35191] INFO  netty.NettyConfigKeys$DataStream (ConfUtils.java:logGet(46)) - raft.netty.dataStream.server.tls.conf = null (default)
2023-05-03 09:46:05,429 [Listener at 127.0.0.1/35191] INFO  netty.NettyConfigKeys$DataStream (ConfUtils.java:logGet(46)) - raft.netty.dataStream.host = null (default)
2023-05-03 09:46:05,429 [Listener at 127.0.0.1/35191] INFO  netty.NettyConfigKeys$DataStream (ConfUtils.java:logGet(46)) - raft.netty.dataStream.port = 0 (default)
2023-05-03 09:46:05,430 [Listener at 127.0.0.1/35191] INFO  server.RaftServerConfigKeys (ConfUtils.java:logGet(46)) - raft.server.threadpool.proxy.cached = true (default)
2023-05-03 09:46:05,430 [Listener at 127.0.0.1/35191] INFO  server.RaftServerConfigKeys (ConfUtils.java:logGet(46)) - raft.server.threadpool.proxy.size = 0 (default)
2023-05-03 09:46:05,430 [Listener at 127.0.0.1/35191] INFO  server.RaftServerConfigKeys (ConfUtils.java:logGet(46)) - raft.server.rpc.slowness.timeout = 300s (custom)
2023-05-03 09:46:05,431 [Listener at 127.0.0.1/35191] INFO  server.RaftServerConfigKeys (ConfUtils.java:logGet(46)) - raft.server.leaderelection.leader.step-down.wait-time = 10s (default)
2023-05-03 09:46:05,431 [Listener at 127.0.0.1/35191] INFO  server.RaftServerConfigKeys (ConfUtils.java:logGet(46)) - raft.server.storage.dir = [/home/runner/work/ozone/ozone/hadoop-ozone/integration-test/target/test-dir/MiniOzoneClusterImpl-adc655c8-92ed-4be5-b45a-b6dec4162976/datanode-2/data/ratis] (custom)
2023-05-03 09:46:05,438 [b253d63f-33bc-4eb4-9d64-d22092d7a357-NettyServerStreamRpc-bossGroup--thread1] INFO  logging.LoggingHandler (AbstractInternalLogger.java:log(148)) - [id: 0x65347770] REGISTERED
2023-05-03 09:46:05,439 [b253d63f-33bc-4eb4-9d64-d22092d7a357-NettyServerStreamRpc-bossGroup--thread1] INFO  logging.LoggingHandler (AbstractInternalLogger.java:log(148)) - [id: 0x65347770] BIND: 0.0.0.0/0.0.0.0:0
2023-05-03 09:46:05,439 [b253d63f-33bc-4eb4-9d64-d22092d7a357-NettyServerStreamRpc-bossGroup--thread1] INFO  logging.LoggingHandler (AbstractInternalLogger.java:log(148)) - [id: 0x65347770, L:/0:0:0:0:0:0:0:0:41891] ACTIVE
2023-05-03 09:46:05,441 [Listener at 127.0.0.1/35191] INFO  server.XceiverServerGrpc (XceiverServerGrpc.java:<init>(132)) - GrpcServer channel type EpollServerSocketChannel
2023-05-03 09:46:05,449 [Listener at 127.0.0.1/35191] INFO  http.BaseHttpServer (BaseHttpServer.java:newHttpServer2BuilderForOzone(224)) - Starting Web-server for hddsDatanode at: http://0.0.0.0:0
2023-05-03 09:46:05,449 [Listener at 127.0.0.1/35191] INFO  http.BaseHttpServer (BaseHttpServer.java:<init>(111)) - Hadoop Security Enabled: false Ozone Security Enabled: false Ozone HTTP Security Enabled: false 
2023-05-03 09:46:05,450 [Listener at 127.0.0.1/35191] WARN  server.AuthenticationFilter (AuthenticationFilter.java:constructSecretProvider(240)) - Unable to initialize FileSignerSecretProvider, falling back to use random secrets. Reason: Could not read signature secret file: /home/runner/hadoop-http-auth-signature-secret
2023-05-03 09:46:05,452 [Listener at 127.0.0.1/35191] INFO  http.HttpRequestLog (HttpRequestLog.java:getRequestLog(86)) - Http request log for http.requests.hddsDatanode is not defined
2023-05-03 09:46:05,454 [Listener at 127.0.0.1/35191] INFO  http.HttpServer2 (HttpServer2.java:addGlobalFilter(1031)) - Added global filter 'safety' (class=org.apache.hadoop.hdds.server.http.HttpServer2$QuotingInputFilter)
2023-05-03 09:46:05,455 [Listener at 127.0.0.1/35191] INFO  http.HttpServer2 (HttpServer2.java:addFilter(1007)) - Added filter static_user_filter (class=org.apache.hadoop.http.lib.StaticUserWebFilter$StaticUserFilter) to context hddsDatanode
2023-05-03 09:46:05,455 [Listener at 127.0.0.1/35191] INFO  http.HttpServer2 (HttpServer2.java:addFilter(1015)) - Added filter static_user_filter (class=org.apache.hadoop.http.lib.StaticUserWebFilter$StaticUserFilter) to context logs
2023-05-03 09:46:05,455 [Listener at 127.0.0.1/35191] INFO  http.HttpServer2 (HttpServer2.java:addFilter(1015)) - Added filter static_user_filter (class=org.apache.hadoop.http.lib.StaticUserWebFilter$StaticUserFilter) to context static
2023-05-03 09:46:05,457 [Listener at 127.0.0.1/35191] INFO  http.BaseHttpServer (BaseHttpServer.java:<init>(190)) - HTTP server of hddsDatanode uses base directory /home/runner/work/ozone/ozone/hadoop-ozone/integration-test/target/test-dir/MiniOzoneClusterImpl-adc655c8-92ed-4be5-b45a-b6dec4162976/datanode-2/meta/webserver
2023-05-03 09:46:05,457 [Listener at 127.0.0.1/35191] INFO  http.HttpServer2 (HttpServer2.java:bindListener(1250)) - Jetty bound to port 41751
2023-05-03 09:46:05,457 [Listener at 127.0.0.1/35191] INFO  server.Server (Server.java:doStart(375)) - jetty-9.4.51.v20230217; built: 2023-02-17T08:19:37.309Z; git: b45c405e4544384de066f814ed42ae3dceacdd49; jvm 1.8.0_362-b09
2023-05-03 09:46:05,463 [Listener at 127.0.0.1/35191] INFO  server.session (DefaultSessionIdManager.java:doStart(334)) - DefaultSessionIdManager workerName=node0
2023-05-03 09:46:05,463 [Listener at 127.0.0.1/35191] INFO  server.session (DefaultSessionIdManager.java:doStart(339)) - No SessionScavenger set, using defaults
2023-05-03 09:46:05,464 [Listener at 127.0.0.1/35191] INFO  server.session (HouseKeeper.java:startScavenging(132)) - node0 Scavenging every 600000ms
2023-05-03 09:46:05,465 [Listener at 127.0.0.1/35191] INFO  handler.ContextHandler (ContextHandler.java:doStart(921)) - Started o.e.j.s.ServletContextHandler@651c930{logs,/logs,file:///home/runner/work/ozone/ozone/hadoop-ozone/integration-test/target/log,AVAILABLE}
2023-05-03 09:46:05,465 [Listener at 127.0.0.1/35191] INFO  handler.ContextHandler (ContextHandler.java:doStart(921)) - Started o.e.j.s.ServletContextHandler@4b9de145{static,/static,jar:file:/home/runner/.m2/repository/org/apache/ozone/hdds-container-service/1.4.0-SNAPSHOT/hdds-container-service-1.4.0-SNAPSHOT.jar!/webapps/static,AVAILABLE}
2023-05-03 09:46:05,670 [Listener at 127.0.0.1/35191] INFO  handler.ContextHandler (ContextHandler.java:doStart(921)) - Started o.e.j.w.WebAppContext@4cdf1cd4{hddsDatanode,/,file:///home/runner/work/ozone/ozone/hadoop-ozone/integration-test/target/test-dir/MiniOzoneClusterImpl-adc655c8-92ed-4be5-b45a-b6dec4162976/datanode-2/meta/webserver/jetty-0_0_0_0-41751-hdds-container-service-1_4_0-SNAPSHOT_jar-_-any-6726645040497449375/webapp/,AVAILABLE}{jar:file:/home/runner/.m2/repository/org/apache/ozone/hdds-container-service/1.4.0-SNAPSHOT/hdds-container-service-1.4.0-SNAPSHOT.jar!/webapps/hddsDatanode}
2023-05-03 09:46:05,672 [Listener at 127.0.0.1/35191] INFO  server.AbstractConnector (AbstractConnector.java:doStart(333)) - Started ServerConnector@641a28e4{HTTP/1.1, (http/1.1)}{0.0.0.0:41751}
2023-05-03 09:46:05,673 [Listener at 127.0.0.1/35191] INFO  server.Server (Server.java:doStart(415)) - Started @8798ms
2023-05-03 09:46:05,673 [Listener at 127.0.0.1/35191] WARN  impl.MetricsSystemImpl (MetricsSystemImpl.java:register(279)) - Sink prometheus already exists!
2023-05-03 09:46:05,675 [Listener at 127.0.0.1/35191] INFO  http.BaseHttpServer (BaseHttpServer.java:updateConnectorAddress(344)) - HTTP server of hddsDatanode listening at http://0.0.0.0:41751
2023-05-03 09:46:05,676 [Datanode State Machine Daemon Thread] INFO  statemachine.DatanodeStateMachine (DatanodeStateMachine.java:lambda$startDaemon$0(519)) - Ozone container server started.
2023-05-03 09:46:05,679 [Listener at 127.0.0.1/35191] INFO  ozone.MiniOzoneClusterImpl (MiniOzoneClusterImpl.java:lambda$waitForClusterToBeReady$0(223)) - Waiting for nodes to be ready. Got 0 of 3 DN Heartbeats.
2023-05-03 09:46:05,679 [Listener at 127.0.0.1/35191] INFO  ozone.MiniOzoneClusterImpl (MiniOzoneClusterImpl.java:lambda$waitForClusterToBeReady$0(226)) - Waiting for cluster to exit safe mode
2023-05-03 09:46:05,679 [Listener at 127.0.0.1/35191] INFO  ozone.MiniOzoneClusterImpl (MiniOzoneClusterImpl.java:lambda$waitForClusterToBeReady$0(228)) - SCM became leader
2023-05-03 09:46:05,688 [org.apache.hadoop.util.JvmPauseMonitor$Monitor@7ed1a8ba] INFO  util.JvmPauseMonitor (JvmPauseMonitor.java:run(188)) - Starting JVM pause monitor
2023-05-03 09:46:05,690 [Datanode State Machine Task Thread - 0] INFO  datanode.InitDatanodeState (InitDatanodeState.java:persistContainerDatanodeDetails(138)) - DatanodeDetails is persisted to /home/runner/work/ozone/ozone/hadoop-ozone/integration-test/target/test-dir/MiniOzoneClusterImpl-adc655c8-92ed-4be5-b45a-b6dec4162976/datanode-2/meta/datanode.id
2023-05-03 09:46:06,680 [Listener at 127.0.0.1/35191] INFO  ozone.MiniOzoneClusterImpl (MiniOzoneClusterImpl.java:lambda$waitForClusterToBeReady$0(223)) - Waiting for nodes to be ready. Got 0 of 3 DN Heartbeats.
2023-05-03 09:46:06,680 [Listener at 127.0.0.1/35191] INFO  ozone.MiniOzoneClusterImpl (MiniOzoneClusterImpl.java:lambda$waitForClusterToBeReady$0(226)) - Waiting for cluster to exit safe mode
2023-05-03 09:46:06,680 [Listener at 127.0.0.1/35191] INFO  ozone.MiniOzoneClusterImpl (MiniOzoneClusterImpl.java:lambda$waitForClusterToBeReady$0(228)) - SCM became leader
2023-05-03 09:46:06,745 [EndpointStateMachine task thread for /0.0.0.0:41543 - 0 ] INFO  utils.DatanodeStoreCache (DatanodeStoreCache.java:addDB(58)) - Added db /home/runner/work/ozone/ozone/hadoop-ozone/integration-test/target/test-dir/MiniOzoneClusterImpl-adc655c8-92ed-4be5-b45a-b6dec4162976/datanode-0/data-0/containers/hdds/adc655c8-92ed-4be5-b45a-b6dec4162976/DS-da79bdbe-2704-40f9-ac87-4ac64c71b9a2/container.db to cache
2023-05-03 09:46:06,745 [EndpointStateMachine task thread for /0.0.0.0:41543 - 0 ] INFO  volume.HddsVolume (HddsVolume.java:createDbStore(350)) - SchemaV3 db is created and loaded at /home/runner/work/ozone/ozone/hadoop-ozone/integration-test/target/test-dir/MiniOzoneClusterImpl-adc655c8-92ed-4be5-b45a-b6dec4162976/datanode-0/data-0/containers/hdds/adc655c8-92ed-4be5-b45a-b6dec4162976/DS-da79bdbe-2704-40f9-ac87-4ac64c71b9a2/container.db for volume DS-da79bdbe-2704-40f9-ac87-4ac64c71b9a2
2023-05-03 09:46:06,748 [EndpointStateMachine task thread for /0.0.0.0:41543 - 0 ] INFO  ozoneimpl.OzoneContainer (OzoneContainer.java:start(397)) - Attempting to start container services.
2023-05-03 09:46:06,751 [EndpointStateMachine task thread for /0.0.0.0:41543 - 0 ] INFO  ozoneimpl.OzoneContainer (OzoneContainer.java:startContainerScrub(314)) - Scheduled background container scanners and the on-demand container scanner have been disabled.
2023-05-03 09:46:06,752 [EndpointStateMachine task thread for /0.0.0.0:41543 - 0 ] INFO  replication.ReplicationServer (ReplicationServer.java:start(109)) - ReplicationServer is started using port 43479
2023-05-03 09:46:06,752 [EndpointStateMachine task thread for /0.0.0.0:41543 - 0 ] INFO  ratis.XceiverServerRatis (XceiverServerRatis.java:start(517)) - Starting XceiverServerRatis ba1183bc-3307-4f2f-a7df-7eeda515be78
2023-05-03 09:46:06,762 [EndpointStateMachine task thread for /0.0.0.0:41543 - 0 ] INFO  server.RaftServer (RaftServerProxy.java:startImpl(393)) - ba1183bc-3307-4f2f-a7df-7eeda515be78: start RPC server
2023-05-03 09:46:06,768 [EndpointStateMachine task thread for /0.0.0.0:41543 - 0 ] INFO  server.GrpcService (GrpcService.java:startImpl(262)) - ba1183bc-3307-4f2f-a7df-7eeda515be78: GrpcService started, listening on 37239
2023-05-03 09:46:06,768 [EndpointStateMachine task thread for /0.0.0.0:41543 - 0 ] INFO  ratis.XceiverServerRatis (XceiverServerRatis.java:getRealPort(543)) - XceiverServerRatis ba1183bc-3307-4f2f-a7df-7eeda515be78 is started using port 37239 for RATIS
2023-05-03 09:46:06,768 [EndpointStateMachine task thread for /0.0.0.0:41543 - 0 ] INFO  ratis.XceiverServerRatis (XceiverServerRatis.java:getRealPort(543)) - XceiverServerRatis ba1183bc-3307-4f2f-a7df-7eeda515be78 is started using port 37239 for RATIS_ADMIN
2023-05-03 09:46:06,768 [EndpointStateMachine task thread for /0.0.0.0:41543 - 0 ] INFO  ratis.XceiverServerRatis (XceiverServerRatis.java:getRealPort(543)) - XceiverServerRatis ba1183bc-3307-4f2f-a7df-7eeda515be78 is started using port 37239 for RATIS_SERVER
2023-05-03 09:46:06,768 [EndpointStateMachine task thread for /0.0.0.0:41543 - 0 ] INFO  ratis.XceiverServerRatis (XceiverServerRatis.java:getRealPort(543)) - XceiverServerRatis ba1183bc-3307-4f2f-a7df-7eeda515be78 is started using port 46645 for RATIS_DATASTREAM
2023-05-03 09:46:06,769 [JvmPauseMonitor1] INFO  util.JvmPauseMonitor (JvmPauseMonitor.java:run(105)) - JvmPauseMonitor-ba1183bc-3307-4f2f-a7df-7eeda515be78: Started
2023-05-03 09:46:06,775 [EndpointStateMachine task thread for /0.0.0.0:41543 - 0 ] INFO  server.XceiverServerGrpc (XceiverServerGrpc.java:start(180)) - XceiverServerGrpc ba1183bc-3307-4f2f-a7df-7eeda515be78 is started using port 35643
2023-05-03 09:46:06,788 [BlockDeletingService#0] INFO  interfaces.ContainerDeletionChoosingPolicyTemplate (ContainerDeletionChoosingPolicyTemplate.java:chooseContainerForBlockDeletion(83)) - Chosen 0/5000 blocks from 0 candidate containers.
2023-05-03 09:46:07,331 [EndpointStateMachine task thread for /0.0.0.0:41543 - 0 ] INFO  utils.DatanodeStoreCache (DatanodeStoreCache.java:addDB(58)) - Added db /home/runner/work/ozone/ozone/hadoop-ozone/integration-test/target/test-dir/MiniOzoneClusterImpl-adc655c8-92ed-4be5-b45a-b6dec4162976/datanode-1/data-0/containers/hdds/adc655c8-92ed-4be5-b45a-b6dec4162976/DS-ea9b1c88-d248-40cf-af74-a66d8d517f88/container.db to cache
2023-05-03 09:46:07,331 [EndpointStateMachine task thread for /0.0.0.0:41543 - 0 ] INFO  volume.HddsVolume (HddsVolume.java:createDbStore(350)) - SchemaV3 db is created and loaded at /home/runner/work/ozone/ozone/hadoop-ozone/integration-test/target/test-dir/MiniOzoneClusterImpl-adc655c8-92ed-4be5-b45a-b6dec4162976/datanode-1/data-0/containers/hdds/adc655c8-92ed-4be5-b45a-b6dec4162976/DS-ea9b1c88-d248-40cf-af74-a66d8d517f88/container.db for volume DS-ea9b1c88-d248-40cf-af74-a66d8d517f88
2023-05-03 09:46:07,332 [EndpointStateMachine task thread for /0.0.0.0:41543 - 0 ] INFO  ozoneimpl.OzoneContainer (OzoneContainer.java:start(397)) - Attempting to start container services.
2023-05-03 09:46:07,332 [EndpointStateMachine task thread for /0.0.0.0:41543 - 0 ] INFO  ozoneimpl.OzoneContainer (OzoneContainer.java:startContainerScrub(314)) - Scheduled background container scanners and the on-demand container scanner have been disabled.
2023-05-03 09:46:07,333 [EndpointStateMachine task thread for /0.0.0.0:41543 - 0 ] INFO  replication.ReplicationServer (ReplicationServer.java:start(109)) - ReplicationServer is started using port 33925
2023-05-03 09:46:07,334 [EndpointStateMachine task thread for /0.0.0.0:41543 - 0 ] INFO  ratis.XceiverServerRatis (XceiverServerRatis.java:start(517)) - Starting XceiverServerRatis 6865ef2a-f9e6-4758-8bd9-8da76fd5f008
2023-05-03 09:46:07,334 [EndpointStateMachine task thread for /0.0.0.0:41543 - 0 ] INFO  server.RaftServer (RaftServerProxy.java:startImpl(393)) - 6865ef2a-f9e6-4758-8bd9-8da76fd5f008: start RPC server
2023-05-03 09:46:07,336 [EndpointStateMachine task thread for /0.0.0.0:41543 - 0 ] INFO  server.GrpcService (GrpcService.java:startImpl(262)) - 6865ef2a-f9e6-4758-8bd9-8da76fd5f008: GrpcService started, listening on 37715
2023-05-03 09:46:07,336 [EndpointStateMachine task thread for /0.0.0.0:41543 - 0 ] INFO  ratis.XceiverServerRatis (XceiverServerRatis.java:getRealPort(543)) - XceiverServerRatis 6865ef2a-f9e6-4758-8bd9-8da76fd5f008 is started using port 37715 for RATIS
2023-05-03 09:46:07,336 [EndpointStateMachine task thread for /0.0.0.0:41543 - 0 ] INFO  ratis.XceiverServerRatis (XceiverServerRatis.java:getRealPort(543)) - XceiverServerRatis 6865ef2a-f9e6-4758-8bd9-8da76fd5f008 is started using port 37715 for RATIS_ADMIN
2023-05-03 09:46:07,336 [JvmPauseMonitor2] INFO  util.JvmPauseMonitor (JvmPauseMonitor.java:run(105)) - JvmPauseMonitor-6865ef2a-f9e6-4758-8bd9-8da76fd5f008: Started
2023-05-03 09:46:07,336 [EndpointStateMachine task thread for /0.0.0.0:41543 - 0 ] INFO  ratis.XceiverServerRatis (XceiverServerRatis.java:getRealPort(543)) - XceiverServerRatis 6865ef2a-f9e6-4758-8bd9-8da76fd5f008 is started using port 37715 for RATIS_SERVER
2023-05-03 09:46:07,337 [EndpointStateMachine task thread for /0.0.0.0:41543 - 0 ] INFO  ratis.XceiverServerRatis (XceiverServerRatis.java:getRealPort(543)) - XceiverServerRatis 6865ef2a-f9e6-4758-8bd9-8da76fd5f008 is started using port 37001 for RATIS_DATASTREAM
2023-05-03 09:46:07,339 [EndpointStateMachine task thread for /0.0.0.0:41543 - 0 ] INFO  server.XceiverServerGrpc (XceiverServerGrpc.java:start(180)) - XceiverServerGrpc 6865ef2a-f9e6-4758-8bd9-8da76fd5f008 is started using port 35049
2023-05-03 09:46:07,350 [BlockDeletingService#0] INFO  interfaces.ContainerDeletionChoosingPolicyTemplate (ContainerDeletionChoosingPolicyTemplate.java:chooseContainerForBlockDeletion(83)) - Chosen 0/5000 blocks from 0 candidate containers.
2023-05-03 09:46:07,680 [Listener at 127.0.0.1/35191] INFO  ozone.MiniOzoneClusterImpl (MiniOzoneClusterImpl.java:lambda$waitForClusterToBeReady$0(223)) - Waiting for nodes to be ready. Got 0 of 3 DN Heartbeats.
2023-05-03 09:46:07,680 [Listener at 127.0.0.1/35191] INFO  ozone.MiniOzoneClusterImpl (MiniOzoneClusterImpl.java:lambda$waitForClusterToBeReady$0(226)) - Waiting for cluster to exit safe mode
2023-05-03 09:46:07,680 [Listener at 127.0.0.1/35191] INFO  ozone.MiniOzoneClusterImpl (MiniOzoneClusterImpl.java:lambda$waitForClusterToBeReady$0(228)) - SCM became leader
2023-05-03 09:46:07,712 [EndpointStateMachine task thread for /0.0.0.0:41543 - 0 ] INFO  utils.DatanodeStoreCache (DatanodeStoreCache.java:addDB(58)) - Added db /home/runner/work/ozone/ozone/hadoop-ozone/integration-test/target/test-dir/MiniOzoneClusterImpl-adc655c8-92ed-4be5-b45a-b6dec4162976/datanode-2/data-0/containers/hdds/adc655c8-92ed-4be5-b45a-b6dec4162976/DS-52c12eec-4313-4d56-bfe0-7eb05b9302a5/container.db to cache
2023-05-03 09:46:07,712 [EndpointStateMachine task thread for /0.0.0.0:41543 - 0 ] INFO  volume.HddsVolume (HddsVolume.java:createDbStore(350)) - SchemaV3 db is created and loaded at /home/runner/work/ozone/ozone/hadoop-ozone/integration-test/target/test-dir/MiniOzoneClusterImpl-adc655c8-92ed-4be5-b45a-b6dec4162976/datanode-2/data-0/containers/hdds/adc655c8-92ed-4be5-b45a-b6dec4162976/DS-52c12eec-4313-4d56-bfe0-7eb05b9302a5/container.db for volume DS-52c12eec-4313-4d56-bfe0-7eb05b9302a5
2023-05-03 09:46:07,713 [EndpointStateMachine task thread for /0.0.0.0:41543 - 0 ] INFO  ozoneimpl.OzoneContainer (OzoneContainer.java:start(397)) - Attempting to start container services.
2023-05-03 09:46:07,713 [EndpointStateMachine task thread for /0.0.0.0:41543 - 0 ] INFO  ozoneimpl.OzoneContainer (OzoneContainer.java:startContainerScrub(314)) - Scheduled background container scanners and the on-demand container scanner have been disabled.
2023-05-03 09:46:07,715 [EndpointStateMachine task thread for /0.0.0.0:41543 - 0 ] INFO  replication.ReplicationServer (ReplicationServer.java:start(109)) - ReplicationServer is started using port 34373
2023-05-03 09:46:07,715 [EndpointStateMachine task thread for /0.0.0.0:41543 - 0 ] INFO  ratis.XceiverServerRatis (XceiverServerRatis.java:start(517)) - Starting XceiverServerRatis b253d63f-33bc-4eb4-9d64-d22092d7a357
2023-05-03 09:46:07,716 [EndpointStateMachine task thread for /0.0.0.0:41543 - 0 ] INFO  server.RaftServer (RaftServerProxy.java:startImpl(393)) - b253d63f-33bc-4eb4-9d64-d22092d7a357: start RPC server
2023-05-03 09:46:07,717 [EndpointStateMachine task thread for /0.0.0.0:41543 - 0 ] INFO  server.GrpcService (GrpcService.java:startImpl(262)) - b253d63f-33bc-4eb4-9d64-d22092d7a357: GrpcService started, listening on 38893
2023-05-03 09:46:07,717 [EndpointStateMachine task thread for /0.0.0.0:41543 - 0 ] INFO  ratis.XceiverServerRatis (XceiverServerRatis.java:getRealPort(543)) - XceiverServerRatis b253d63f-33bc-4eb4-9d64-d22092d7a357 is started using port 38893 for RATIS
2023-05-03 09:46:07,717 [EndpointStateMachine task thread for /0.0.0.0:41543 - 0 ] INFO  ratis.XceiverServerRatis (XceiverServerRatis.java:getRealPort(543)) - XceiverServerRatis b253d63f-33bc-4eb4-9d64-d22092d7a357 is started using port 38893 for RATIS_ADMIN
2023-05-03 09:46:07,717 [JvmPauseMonitor3] INFO  util.JvmPauseMonitor (JvmPauseMonitor.java:run(105)) - JvmPauseMonitor-b253d63f-33bc-4eb4-9d64-d22092d7a357: Started
2023-05-03 09:46:07,718 [EndpointStateMachine task thread for /0.0.0.0:41543 - 0 ] INFO  ratis.XceiverServerRatis (XceiverServerRatis.java:getRealPort(543)) - XceiverServerRatis b253d63f-33bc-4eb4-9d64-d22092d7a357 is started using port 38893 for RATIS_SERVER
2023-05-03 09:46:07,718 [EndpointStateMachine task thread for /0.0.0.0:41543 - 0 ] INFO  ratis.XceiverServerRatis (XceiverServerRatis.java:getRealPort(543)) - XceiverServerRatis b253d63f-33bc-4eb4-9d64-d22092d7a357 is started using port 41891 for RATIS_DATASTREAM
2023-05-03 09:46:07,720 [EndpointStateMachine task thread for /0.0.0.0:41543 - 0 ] INFO  server.XceiverServerGrpc (XceiverServerGrpc.java:start(180)) - XceiverServerGrpc b253d63f-33bc-4eb4-9d64-d22092d7a357 is started using port 41861
2023-05-03 09:46:07,722 [BlockDeletingService#0] INFO  interfaces.ContainerDeletionChoosingPolicyTemplate (ContainerDeletionChoosingPolicyTemplate.java:chooseContainerForBlockDeletion(83)) - Chosen 0/5000 blocks from 0 candidate containers.
2023-05-03 09:46:08,667 [IPC Server handler 17 on default port 41543] INFO  net.NetworkTopologyImpl (NetworkTopologyImpl.java:add(112)) - Added a new node: /default-rack/ba1183bc-3307-4f2f-a7df-7eeda515be78
2023-05-03 09:46:08,669 [IPC Server handler 17 on default port 41543] INFO  node.SCMNodeManager (SCMNodeManager.java:register(407)) - Registered Data node : ba1183bc-3307-4f2f-a7df-7eeda515be78{ip: 10.1.0.194, host: fv-az139-793.t0dryja4c43urhy2nvp0adewnd.cx.internal.cloudapp.net, ports: [HTTP=33435, REPLICATION=43479, RATIS=37239, RATIS_ADMIN=37239, RATIS_SERVER=37239, RATIS_DATASTREAM=46645, STANDALONE=35643], networkLocation: /default-rack, certSerialId: null, persistedOpState: null, persistedOpStateExpiryEpochSec: 0}
2023-05-03 09:46:08,673 [EventQueue-NewNodeForNewNodeHandler] INFO  pipeline.BackgroundPipelineCreator (BackgroundPipelineCreator.java:notifyEventTriggered(276)) - trigger a one-shot run on RatisPipelineUtilsThread.
2023-05-03 09:46:08,680 [RatisPipelineUtilsThread - 0] INFO  pipeline.RatisPipelineProvider (RatisPipelineProvider.java:lambda$create$0(206)) - Sending CreatePipelineCommand for pipeline:PipelineID=c5ba0460-7911-4dcd-9e9c-e2d606d924fc to datanode:ba1183bc-3307-4f2f-a7df-7eeda515be78
2023-05-03 09:46:08,680 [EventQueue-NodeRegistrationContainerReportForContainerSafeModeRule] INFO  safemode.SCMSafeModeManager (SCMSafeModeManager.java:validateSafeModeExitRules(200)) - ContainerSafeModeRule rule is successfully validated
2023-05-03 09:46:08,680 [Listener at 127.0.0.1/35191] INFO  ozone.MiniOzoneClusterImpl (MiniOzoneClusterImpl.java:lambda$waitForClusterToBeReady$0(223)) - Waiting for nodes to be ready. Got 1 of 3 DN Heartbeats.
2023-05-03 09:46:08,690 [Listener at 127.0.0.1/35191] INFO  ozone.MiniOzoneClusterImpl (MiniOzoneClusterImpl.java:lambda$waitForClusterToBeReady$0(226)) - Waiting for cluster to exit safe mode
2023-05-03 09:46:08,690 [Listener at 127.0.0.1/35191] INFO  ozone.MiniOzoneClusterImpl (MiniOzoneClusterImpl.java:lambda$waitForClusterToBeReady$0(228)) - SCM became leader
2023-05-03 09:46:08,680 [EventQueue-NodeRegistrationContainerReportForDataNodeSafeModeRule] INFO  safemode.SCMSafeModeManager (DataNodeSafeModeRule.java:process(71)) - SCM in safe mode. 1 DataNodes registered, 3 required.
2023-05-03 09:46:08,690 [EventQueue-PipelineReportForOneReplicaPipelineSafeModeRule] INFO  safemode.SCMSafeModeManager (SCMSafeModeManager.java:validateSafeModeExitRules(200)) - AtleastOneDatanodeReportedRule rule is successfully validated
2023-05-03 09:46:08,700 [RatisPipelineUtilsThread - 0] INFO  pipeline.PipelineStateManagerImpl (PipelineStateManagerImpl.java:addPipeline(103)) - Created pipeline Pipeline[ Id: c5ba0460-7911-4dcd-9e9c-e2d606d924fc, Nodes: ba1183bc-3307-4f2f-a7df-7eeda515be78(fv-az139-793.t0dryja4c43urhy2nvp0adewnd.cx.internal.cloudapp.net/10.1.0.194), ReplicationConfig: RATIS/ONE, State:ALLOCATED, leaderId:, CreationTimestamp2023-05-03T09:46:08.679Z[Etc/UTC]].
2023-05-03 09:46:09,299 [IPC Server handler 18 on default port 41543] INFO  net.NetworkTopologyImpl (NetworkTopologyImpl.java:add(112)) - Added a new node: /default-rack/6865ef2a-f9e6-4758-8bd9-8da76fd5f008
2023-05-03 09:46:09,299 [IPC Server handler 18 on default port 41543] INFO  node.SCMNodeManager (SCMNodeManager.java:register(407)) - Registered Data node : 6865ef2a-f9e6-4758-8bd9-8da76fd5f008{ip: 10.1.0.194, host: fv-az139-793.t0dryja4c43urhy2nvp0adewnd.cx.internal.cloudapp.net, ports: [HTTP=38743, REPLICATION=33925, RATIS=37715, RATIS_ADMIN=37715, RATIS_SERVER=37715, RATIS_DATASTREAM=37001, STANDALONE=35049], networkLocation: /default-rack, certSerialId: null, persistedOpState: null, persistedOpStateExpiryEpochSec: 0}
2023-05-03 09:46:09,300 [EventQueue-NewNodeForNewNodeHandler] INFO  pipeline.BackgroundPipelineCreator (BackgroundPipelineCreator.java:notifyEventTriggered(276)) - trigger a one-shot run on RatisPipelineUtilsThread.
2023-05-03 09:46:09,300 [EventQueue-NodeRegistrationContainerReportForDataNodeSafeModeRule] INFO  safemode.SCMSafeModeManager (DataNodeSafeModeRule.java:process(71)) - SCM in safe mode. 2 DataNodes registered, 3 required.
2023-05-03 09:46:09,301 [RatisPipelineUtilsThread - 0] INFO  pipeline.RatisPipelineProvider (RatisPipelineProvider.java:lambda$create$0(206)) - Sending CreatePipelineCommand for pipeline:PipelineID=19924dad-43e5-4463-a456-1ee0df288816 to datanode:6865ef2a-f9e6-4758-8bd9-8da76fd5f008
2023-05-03 09:46:09,302 [RatisPipelineUtilsThread - 0] INFO  pipeline.PipelineStateManagerImpl (PipelineStateManagerImpl.java:addPipeline(103)) - Created pipeline Pipeline[ Id: 19924dad-43e5-4463-a456-1ee0df288816, Nodes: 6865ef2a-f9e6-4758-8bd9-8da76fd5f008(fv-az139-793.t0dryja4c43urhy2nvp0adewnd.cx.internal.cloudapp.net/10.1.0.194), ReplicationConfig: RATIS/ONE, State:ALLOCATED, leaderId:, CreationTimestamp2023-05-03T09:46:09.301Z[Etc/UTC]].
2023-05-03 09:46:09,687 [IPC Server handler 16 on default port 41543] INFO  net.NetworkTopologyImpl (NetworkTopologyImpl.java:add(112)) - Added a new node: /default-rack/b253d63f-33bc-4eb4-9d64-d22092d7a357
2023-05-03 09:46:09,688 [IPC Server handler 16 on default port 41543] INFO  node.SCMNodeManager (SCMNodeManager.java:register(407)) - Registered Data node : b253d63f-33bc-4eb4-9d64-d22092d7a357{ip: 10.1.0.194, host: fv-az139-793.t0dryja4c43urhy2nvp0adewnd.cx.internal.cloudapp.net, ports: [HTTP=41751, REPLICATION=34373, RATIS=38893, RATIS_ADMIN=38893, RATIS_SERVER=38893, RATIS_DATASTREAM=41891, STANDALONE=41861], networkLocation: /default-rack, certSerialId: null, persistedOpState: null, persistedOpStateExpiryEpochSec: 0}
2023-05-03 09:46:09,688 [EventQueue-NewNodeForNewNodeHandler] INFO  pipeline.BackgroundPipelineCreator (BackgroundPipelineCreator.java:notifyEventTriggered(276)) - trigger a one-shot run on RatisPipelineUtilsThread.
2023-05-03 09:46:09,688 [EventQueue-NodeRegistrationContainerReportForDataNodeSafeModeRule] INFO  safemode.SCMSafeModeManager (DataNodeSafeModeRule.java:process(71)) - SCM in safe mode. 3 DataNodes registered, 3 required.
2023-05-03 09:46:09,689 [EventQueue-NodeRegistrationContainerReportForDataNodeSafeModeRule] INFO  safemode.SCMSafeModeManager (SCMSafeModeManager.java:validateSafeModeExitRules(200)) - DataNodeSafeModeRule rule is successfully validated
2023-05-03 09:46:09,689 [EventQueue-NodeRegistrationContainerReportForDataNodeSafeModeRule] INFO  safemode.SCMSafeModeManager (SCMSafeModeManager.java:completePreCheck(229)) - All SCM safe mode pre check rules have passed
2023-05-03 09:46:09,689 [EventQueue-NodeRegistrationContainerReportForDataNodeSafeModeRule] INFO  ha.SCMContext (SCMContext.java:updateSafeModeStatus(228)) - Update SafeModeStatus from SafeModeStatus{safeModeStatus=true, preCheckPassed=false} to SafeModeStatus{safeModeStatus=true, preCheckPassed=true}.
2023-05-03 09:46:09,689 [EventQueue-NodeRegistrationContainerReportForDataNodeSafeModeRule] INFO  pipeline.BackgroundPipelineCreator (BackgroundPipelineCreator.java:notifyEventTriggered(276)) - trigger a one-shot run on RatisPipelineUtilsThread.
2023-05-03 09:46:09,688 [RatisPipelineUtilsThread - 0] INFO  pipeline.RatisPipelineProvider (RatisPipelineProvider.java:lambda$create$0(206)) - Sending CreatePipelineCommand for pipeline:PipelineID=1da80be2-2582-452d-94b7-e54d908fe80b to datanode:b253d63f-33bc-4eb4-9d64-d22092d7a357
2023-05-03 09:46:09,690 [RatisPipelineUtilsThread - 0] INFO  pipeline.PipelineStateManagerImpl (PipelineStateManagerImpl.java:addPipeline(103)) - Created pipeline Pipeline[ Id: 1da80be2-2582-452d-94b7-e54d908fe80b, Nodes: b253d63f-33bc-4eb4-9d64-d22092d7a357(fv-az139-793.t0dryja4c43urhy2nvp0adewnd.cx.internal.cloudapp.net/10.1.0.194), ReplicationConfig: RATIS/ONE, State:ALLOCATED, leaderId:, CreationTimestamp2023-05-03T09:46:09.688Z[Etc/UTC]].
2023-05-03 09:46:09,690 [Listener at 127.0.0.1/35191] INFO  ozone.MiniOzoneClusterImpl (MiniOzoneClusterImpl.java:lambda$waitForClusterToBeReady$0(223)) - Nodes are ready. Got 3 of 3 DN Heartbeats.
2023-05-03 09:46:09,690 [Listener at 127.0.0.1/35191] INFO  ozone.MiniOzoneClusterImpl (MiniOzoneClusterImpl.java:lambda$waitForClusterToBeReady$0(226)) - Waiting for cluster to exit safe mode
2023-05-03 09:46:09,690 [Listener at 127.0.0.1/35191] INFO  ozone.MiniOzoneClusterImpl (MiniOzoneClusterImpl.java:lambda$waitForClusterToBeReady$0(228)) - SCM became leader
2023-05-03 09:46:09,694 [RatisPipelineUtilsThread - 0] INFO  pipeline.RatisPipelineProvider (RatisPipelineProvider.java:lambda$create$0(206)) - Sending CreatePipelineCommand for pipeline:PipelineID=05b880ab-170c-4da7-8905-25acac35de11 to datanode:b253d63f-33bc-4eb4-9d64-d22092d7a357
2023-05-03 09:46:09,694 [RatisPipelineUtilsThread - 0] INFO  pipeline.RatisPipelineProvider (RatisPipelineProvider.java:lambda$create$0(206)) - Sending CreatePipelineCommand for pipeline:PipelineID=05b880ab-170c-4da7-8905-25acac35de11 to datanode:ba1183bc-3307-4f2f-a7df-7eeda515be78
2023-05-03 09:46:09,694 [RatisPipelineUtilsThread - 0] INFO  pipeline.RatisPipelineProvider (RatisPipelineProvider.java:lambda$create$0(206)) - Sending CreatePipelineCommand for pipeline:PipelineID=05b880ab-170c-4da7-8905-25acac35de11 to datanode:6865ef2a-f9e6-4758-8bd9-8da76fd5f008
2023-05-03 09:46:09,695 [RatisPipelineUtilsThread - 0] INFO  pipeline.PipelineStateManagerImpl (PipelineStateManagerImpl.java:addPipeline(103)) - Created pipeline Pipeline[ Id: 05b880ab-170c-4da7-8905-25acac35de11, Nodes: b253d63f-33bc-4eb4-9d64-d22092d7a357(fv-az139-793.t0dryja4c43urhy2nvp0adewnd.cx.internal.cloudapp.net/10.1.0.194)ba1183bc-3307-4f2f-a7df-7eeda515be78(fv-az139-793.t0dryja4c43urhy2nvp0adewnd.cx.internal.cloudapp.net/10.1.0.194)6865ef2a-f9e6-4758-8bd9-8da76fd5f008(fv-az139-793.t0dryja4c43urhy2nvp0adewnd.cx.internal.cloudapp.net/10.1.0.194), ReplicationConfig: RATIS/THREE, State:ALLOCATED, leaderId:, CreationTimestamp2023-05-03T09:46:09.694Z[Etc/UTC]].
2023-05-03 09:46:09,696 [RatisPipelineUtilsThread - 0] INFO  pipeline.RatisPipelineProvider (RatisPipelineProvider.java:lambda$create$0(206)) - Sending CreatePipelineCommand for pipeline:PipelineID=4b28a19b-c925-41a3-a060-e1b12d75f4de to datanode:6865ef2a-f9e6-4758-8bd9-8da76fd5f008
2023-05-03 09:46:09,696 [RatisPipelineUtilsThread - 0] INFO  pipeline.RatisPipelineProvider (RatisPipelineProvider.java:lambda$create$0(206)) - Sending CreatePipelineCommand for pipeline:PipelineID=4b28a19b-c925-41a3-a060-e1b12d75f4de to datanode:ba1183bc-3307-4f2f-a7df-7eeda515be78
2023-05-03 09:46:09,697 [RatisPipelineUtilsThread - 0] INFO  pipeline.RatisPipelineProvider (RatisPipelineProvider.java:lambda$create$0(206)) - Sending CreatePipelineCommand for pipeline:PipelineID=4b28a19b-c925-41a3-a060-e1b12d75f4de to datanode:b253d63f-33bc-4eb4-9d64-d22092d7a357
2023-05-03 09:46:09,697 [RatisPipelineUtilsThread - 0] INFO  pipeline.PipelineStateManagerImpl (PipelineStateManagerImpl.java:addPipeline(103)) - Created pipeline Pipeline[ Id: 4b28a19b-c925-41a3-a060-e1b12d75f4de, Nodes: 6865ef2a-f9e6-4758-8bd9-8da76fd5f008(fv-az139-793.t0dryja4c43urhy2nvp0adewnd.cx.internal.cloudapp.net/10.1.0.194)ba1183bc-3307-4f2f-a7df-7eeda515be78(fv-az139-793.t0dryja4c43urhy2nvp0adewnd.cx.internal.cloudapp.net/10.1.0.194)b253d63f-33bc-4eb4-9d64-d22092d7a357(fv-az139-793.t0dryja4c43urhy2nvp0adewnd.cx.internal.cloudapp.net/10.1.0.194), ReplicationConfig: RATIS/THREE, State:ALLOCATED, leaderId:, CreationTimestamp2023-05-03T09:46:09.696Z[Etc/UTC]].
2023-05-03 09:46:09,697 [RatisPipelineUtilsThread - 0] INFO  pipeline.PipelineManagerImpl (PipelineManagerImpl.java:recordMetricsForPipeline(826)) - Pipeline: PipelineID=4b28a19b-c925-41a3-a060-e1b12d75f4de contains same datanodes as previous pipelines: PipelineID=05b880ab-170c-4da7-8905-25acac35de11 nodeIds: 6865ef2a-f9e6-4758-8bd9-8da76fd5f008, ba1183bc-3307-4f2f-a7df-7eeda515be78, b253d63f-33bc-4eb4-9d64-d22092d7a357
2023-05-03 09:46:09,698 [RatisPipelineUtilsThread - 0] WARN  pipeline.PipelinePlacementPolicy (PipelinePlacementPolicy.java:filterViableNodes(160)) - Pipeline creation failed due to no sufficient healthy datanodes. Required 3. Found 0. Excluded 3.
2023-05-03 09:46:09,699 [RatisPipelineUtilsThread - 0] WARN  pipeline.PipelinePlacementPolicy (PipelinePlacementPolicy.java:filterViableNodes(160)) - Pipeline creation failed due to no sufficient healthy datanodes. Required 3. Found 0. Excluded 3.
2023-05-03 09:46:10,701 [Listener at 127.0.0.1/35191] INFO  ozone.MiniOzoneClusterImpl (MiniOzoneClusterImpl.java:lambda$waitForClusterToBeReady$0(223)) - Nodes are ready. Got 3 of 3 DN Heartbeats.
2023-05-03 09:46:10,703 [Listener at 127.0.0.1/35191] INFO  ozone.MiniOzoneClusterImpl (MiniOzoneClusterImpl.java:lambda$waitForClusterToBeReady$0(226)) - Waiting for cluster to exit safe mode
2023-05-03 09:46:10,703 [Listener at 127.0.0.1/35191] INFO  ozone.MiniOzoneClusterImpl (MiniOzoneClusterImpl.java:lambda$waitForClusterToBeReady$0(228)) - SCM became leader
2023-05-03 09:46:11,676 [Command processor thread] INFO  server.RaftServer (RaftServerProxy.java:addNew(96)) - ba1183bc-3307-4f2f-a7df-7eeda515be78: addNew group-E2D606D924FC:[ba1183bc-3307-4f2f-a7df-7eeda515be78|rpc:10.1.0.194:37239|dataStream:10.1.0.194:46645|priority:1|startupRole:FOLLOWER] returns group-E2D606D924FC:java.util.concurrent.CompletableFuture@39feba6d[Not completed]
2023-05-03 09:46:11,699 [pool-79-thread-1] INFO  server.RaftServer$Division (RaftServerImpl.java:<init>(195)) - ba1183bc-3307-4f2f-a7df-7eeda515be78: new RaftServerImpl for group-E2D606D924FC:[ba1183bc-3307-4f2f-a7df-7eeda515be78|rpc:10.1.0.194:37239|dataStream:10.1.0.194:46645|priority:1|startupRole:FOLLOWER] with ContainerStateMachine:uninitialized
2023-05-03 09:46:11,700 [pool-79-thread-1] INFO  server.RaftServerConfigKeys (ConfUtils.java:logGet(46)) - raft.server.rpc.timeout.min = 5s (custom)
2023-05-03 09:46:11,700 [pool-79-thread-1] INFO  server.RaftServerConfigKeys (ConfUtils.java:logGet(46)) - raft.server.rpc.timeout.max = 5200ms (custom)
2023-05-03 09:46:11,700 [pool-79-thread-1] INFO  server.RaftServerConfigKeys (ConfUtils.java:logGet(46)) - raft.server.rpc.sleep.time = 25ms (default)
2023-05-03 09:46:11,700 [pool-79-thread-1] INFO  server.RaftServerConfigKeys (ConfUtils.java:logGet(46)) - raft.server.rpc.slowness.timeout = 300s (custom)
2023-05-03 09:46:11,700 [pool-79-thread-1] INFO  server.RaftServerConfigKeys (ConfUtils.java:logGet(46)) - raft.server.leaderelection.leader.step-down.wait-time = 10s (default)
2023-05-03 09:46:11,700 [pool-79-thread-1] INFO  server.RaftServerConfigKeys (ConfUtils.java:logGet(46)) - raft.server.sleep.deviation.threshold = 300ms (default)
2023-05-03 09:46:11,700 [pool-79-thread-1] INFO  server.RaftServer$Division (ServerState.java:<init>(118)) - ba1183bc-3307-4f2f-a7df-7eeda515be78@group-E2D606D924FC: ConfigurationManager, init=-1: peers:[ba1183bc-3307-4f2f-a7df-7eeda515be78|rpc:10.1.0.194:37239|dataStream:10.1.0.194:46645|priority:1|startupRole:FOLLOWER]|listeners:[], old=null, confs=<EMPTY_MAP>
2023-05-03 09:46:11,702 [pool-79-thread-1] INFO  server.RaftServerConfigKeys (ConfUtils.java:logGet(46)) - raft.server.storage.dir = [/home/runner/work/ozone/ozone/hadoop-ozone/integration-test/target/test-dir/MiniOzoneClusterImpl-adc655c8-92ed-4be5-b45a-b6dec4162976/datanode-0/data/ratis] (custom)
2023-05-03 09:46:11,702 [pool-79-thread-1] INFO  server.RaftServerConfigKeys (ConfUtils.java:logGet(46)) - raft.server.log.corruption.policy = EXCEPTION (default)
2023-05-03 09:46:11,702 [pool-79-thread-1] INFO  server.RaftServerConfigKeys (ConfUtils.java:logGet(46)) - raft.server.storage.free-space.min = 0MB (=0) (default)
2023-05-03 09:46:11,702 [pool-79-thread-1] INFO  server.RaftServerConfigKeys (ConfUtils.java:logGet(46)) - raft.server.notification.no-leader.timeout = 300s (custom)
2023-05-03 09:46:11,702 [pool-79-thread-1] INFO  server.RaftServerConfigKeys (ConfUtils.java:logGet(46)) - raft.server.retrycache.expirytime = 600000ms (custom)
2023-05-03 09:46:11,702 [pool-79-thread-1] INFO  server.RaftServerConfigKeys (ConfUtils.java:logGet(46)) - raft.server.retrycache.statistics.expirytime = 100μs (default)
2023-05-03 09:46:11,703 [Listener at 127.0.0.1/35191] INFO  ozone.MiniOzoneClusterImpl (MiniOzoneClusterImpl.java:lambda$waitForClusterToBeReady$0(223)) - Nodes are ready. Got 3 of 3 DN Heartbeats.
2023-05-03 09:46:11,703 [Listener at 127.0.0.1/35191] INFO  ozone.MiniOzoneClusterImpl (MiniOzoneClusterImpl.java:lambda$waitForClusterToBeReady$0(226)) - Waiting for cluster to exit safe mode
2023-05-03 09:46:11,703 [Listener at 127.0.0.1/35191] INFO  ozone.MiniOzoneClusterImpl (MiniOzoneClusterImpl.java:lambda$waitForClusterToBeReady$0(228)) - SCM became leader
2023-05-03 09:46:11,707 [pool-79-thread-1] INFO  server.RaftServerConfigKeys (ConfUtils.java:logGet(46)) - raft.server.log.appender.install.snapshot.enabled = false (custom)
2023-05-03 09:46:11,707 [pool-79-thread-1] INFO  server.RaftServerConfigKeys (ConfUtils.java:logGet(46)) - raft.server.threadpool.server.cached = true (default)
2023-05-03 09:46:11,707 [pool-79-thread-1] INFO  server.RaftServerConfigKeys (ConfUtils.java:logGet(46)) - raft.server.threadpool.server.size = 0 (default)
2023-05-03 09:46:11,707 [pool-79-thread-1] INFO  server.RaftServerConfigKeys (ConfUtils.java:logGet(46)) - raft.server.threadpool.client.cached = true (default)
2023-05-03 09:46:11,707 [pool-79-thread-1] INFO  server.RaftServerConfigKeys (ConfUtils.java:logGet(46)) - raft.server.threadpool.client.size = 0 (default)
2023-05-03 09:46:11,707 [pool-79-thread-1] INFO  storage.RaftStorageDirectory (RaftStorageDirectoryImpl.java:analyzeStorage(137)) - The storage directory /home/runner/work/ozone/ozone/hadoop-ozone/integration-test/target/test-dir/MiniOzoneClusterImpl-adc655c8-92ed-4be5-b45a-b6dec4162976/datanode-0/data/ratis/c5ba0460-7911-4dcd-9e9c-e2d606d924fc does not exist. Creating ...
2023-05-03 09:46:11,710 [pool-79-thread-1] INFO  storage.RaftStorageDirectory (RaftStorageDirectoryImpl.java:tryLock(231)) - Lock on /home/runner/work/ozone/ozone/hadoop-ozone/integration-test/target/test-dir/MiniOzoneClusterImpl-adc655c8-92ed-4be5-b45a-b6dec4162976/datanode-0/data/ratis/c5ba0460-7911-4dcd-9e9c-e2d606d924fc/in_use.lock acquired by nodename 7780@fv-az139-793
2023-05-03 09:46:11,711 [pool-79-thread-1] INFO  storage.RaftStorage (RaftStorageImpl.java:format(96)) - Storage directory /home/runner/work/ozone/ozone/hadoop-ozone/integration-test/target/test-dir/MiniOzoneClusterImpl-adc655c8-92ed-4be5-b45a-b6dec4162976/datanode-0/data/ratis/c5ba0460-7911-4dcd-9e9c-e2d606d924fc has been successfully formatted.
2023-05-03 09:46:11,718 [pool-79-thread-1] INFO  ratis.ContainerStateMachine (ContainerStateMachine.java:loadSnapshot(262)) - group-E2D606D924FC: The snapshot info is null. Setting the last applied indexto:(t:0, i:~)
2023-05-03 09:46:11,718 [pool-79-thread-1] INFO  server.RaftServerConfigKeys (ConfUtils.java:logGet(46)) - raft.server.log.use.memory = false (default)
2023-05-03 09:46:11,718 [pool-79-thread-1] INFO  server.RaftServerConfigKeys (ConfUtils.java:logGet(46)) - raft.server.log.purge.gap = 1000000 (custom)
2023-05-03 09:46:11,719 [pool-79-thread-1] INFO  server.RaftServerConfigKeys (ConfUtils.java:logGet(46)) - raft.server.log.appender.buffer.byte-limit = 33554432 (custom)
2023-05-03 09:46:11,719 [pool-79-thread-1] INFO  server.RaftServerConfigKeys (ConfUtils.java:logGet(46)) - raft.server.log.statemachine.data.read.timeout = 1000ms (default)
2023-05-03 09:46:11,719 [pool-79-thread-1] INFO  server.RaftServerConfigKeys (ConfUtils.java:logGet(46)) - raft.server.log.purge.preservation.log.num = 0 (default)
2023-05-03 09:46:11,719 [pool-79-thread-1] INFO  server.RaftServerConfigKeys (ConfUtils.java:logGet(46)) - raft.server.log.segment.size.max = 1048576 (custom)
2023-05-03 09:46:11,719 [EventQueue-PipelineReportForPipelineReportHandler] INFO  pipeline.PipelineManagerImpl (PipelineManagerImpl.java:openPipeline(367)) - Pipeline Pipeline[ Id: c5ba0460-7911-4dcd-9e9c-e2d606d924fc, Nodes: ba1183bc-3307-4f2f-a7df-7eeda515be78(fv-az139-793.t0dryja4c43urhy2nvp0adewnd.cx.internal.cloudapp.net/10.1.0.194), ReplicationConfig: RATIS/ONE, State:ALLOCATED, leaderId:ba1183bc-3307-4f2f-a7df-7eeda515be78, CreationTimestamp2023-05-03T09:46:08.679Z[Etc/UTC]] moved to OPEN state
2023-05-03 09:46:11,723 [pool-79-thread-1] INFO  server.RaftServerConfigKeys (ConfUtils.java:logGet(46)) - raft.server.log.segment.cache.num.max = 2 (custom)
2023-05-03 09:46:11,723 [pool-79-thread-1] INFO  server.RaftServerConfigKeys (ConfUtils.java:logGet(46)) - raft.server.log.segment.cache.size.max = 200MB (=209715200) (default)
2023-05-03 09:46:11,723 [EventQueue-OpenPipelineForHealthyPipelineSafeModeRule] INFO  safemode.SCMSafeModeManager (HealthyPipelineSafeModeRule.java:process(137)) - SCM in safe mode. Healthy pipelines reported count is 0, required healthy pipeline reported count is 1
2023-05-03 09:46:11,723 [pool-79-thread-1] INFO  segmented.SegmentedRaftLogWorker (SegmentedRaftLogWorker.java:<init>(189)) - new ba1183bc-3307-4f2f-a7df-7eeda515be78@group-E2D606D924FC-SegmentedRaftLogWorker for RaftStorageImpl:Storage Directory /home/runner/work/ozone/ozone/hadoop-ozone/integration-test/target/test-dir/MiniOzoneClusterImpl-adc655c8-92ed-4be5-b45a-b6dec4162976/datanode-0/data/ratis/c5ba0460-7911-4dcd-9e9c-e2d606d924fc
2023-05-03 09:46:11,724 [pool-79-thread-1] INFO  server.RaftServerConfigKeys (ConfUtils.java:logGet(46)) - raft.server.log.queue.byte-limit = 4294967296 (custom)
2023-05-03 09:46:11,724 [pool-79-thread-1] INFO  server.RaftServerConfigKeys (ConfUtils.java:logGet(46)) - raft.server.log.queue.element-limit = 1024 (custom)
2023-05-03 09:46:11,724 [pool-79-thread-1] INFO  server.RaftServerConfigKeys (ConfUtils.java:logGet(46)) - raft.server.log.segment.size.max = 1048576 (custom)
2023-05-03 09:46:11,724 [pool-79-thread-1] INFO  server.RaftServerConfigKeys (ConfUtils.java:logGet(46)) - raft.server.log.preallocated.size = 16384 (custom)
2023-05-03 09:46:11,724 [pool-79-thread-1] INFO  server.RaftServerConfigKeys (ConfUtils.java:logGet(46)) - raft.server.log.force.sync.num = 128 (default)
2023-05-03 09:46:11,724 [pool-79-thread-1] INFO  server.RaftServerConfigKeys (ConfUtils.java:logGet(46)) - raft.server.log.statemachine.data.sync = true (default)
2023-05-03 09:46:11,724 [pool-79-thread-1] INFO  server.RaftServerConfigKeys (ConfUtils.java:logGet(46)) - raft.server.log.statemachine.data.sync.timeout = 10s (default)
2023-05-03 09:46:11,724 [pool-79-thread-1] INFO  server.RaftServerConfigKeys (ConfUtils.java:logGet(46)) - raft.server.log.statemachine.data.sync.timeout.retry = -1 (default)
2023-05-03 09:46:11,725 [pool-79-thread-1] INFO  server.RaftServerConfigKeys (ConfUtils.java:logGet(46)) - raft.server.log.write.buffer.size = 1048576 (custom)
2023-05-03 09:46:11,726 [pool-79-thread-1] INFO  server.RaftServerConfigKeys (ConfUtils.java:logGet(46)) - raft.server.log.appender.buffer.byte-limit = 33554432 (custom)
2023-05-03 09:46:11,729 [pool-79-thread-1] INFO  server.RaftServerConfigKeys (ConfUtils.java:logGet(46)) - raft.server.log.unsafe-flush.enabled = false (default)
2023-05-03 09:46:11,729 [pool-79-thread-1] INFO  server.RaftServerConfigKeys (ConfUtils.java:logGet(46)) - raft.server.log.async-flush.enabled = false (default)
2023-05-03 09:46:11,729 [pool-79-thread-1] INFO  server.RaftServerConfigKeys (ConfUtils.java:logGet(46)) - raft.server.log.statemachine.data.caching.enabled = true (custom)
2023-05-03 09:46:11,729 [pool-79-thread-1] INFO  segmented.SegmentedRaftLogWorker (SegmentedRaftLogWorker.java:lambda$new$0(135)) - ba1183bc-3307-4f2f-a7df-7eeda515be78@group-E2D606D924FC-SegmentedRaftLogWorker: flushIndex: setUnconditionally 0 -> -1
2023-05-03 09:46:11,729 [pool-79-thread-1] INFO  segmented.SegmentedRaftLogWorker (SegmentedRaftLogWorker.java:lambda$new$0(135)) - ba1183bc-3307-4f2f-a7df-7eeda515be78@group-E2D606D924FC-SegmentedRaftLogWorker: safeCacheEvictIndex: setUnconditionally 0 -> -1
2023-05-03 09:46:11,730 [pool-79-thread-1] INFO  server.RaftServer$Division (RaftServerImpl.java:start(334)) - ba1183bc-3307-4f2f-a7df-7eeda515be78@group-E2D606D924FC: start as a follower, conf=-1: peers:[ba1183bc-3307-4f2f-a7df-7eeda515be78|rpc:10.1.0.194:37239|dataStream:10.1.0.194:46645|priority:1|startupRole:FOLLOWER]|listeners:[], old=null
2023-05-03 09:46:11,730 [pool-79-thread-1] INFO  server.RaftServer$Division (RaftServerImpl.java:setRole(321)) - ba1183bc-3307-4f2f-a7df-7eeda515be78@group-E2D606D924FC: changes role from      null to FOLLOWER at term 0 for startAsFollower
2023-05-03 09:46:11,730 [pool-79-thread-1] INFO  impl.RoleInfo (RoleInfo.java:updateAndGet(139)) - ba1183bc-3307-4f2f-a7df-7eeda515be78: start ba1183bc-3307-4f2f-a7df-7eeda515be78@group-E2D606D924FC-FollowerState
2023-05-03 09:46:11,730 [pool-79-thread-1] INFO  util.JmxRegister (JmxRegister.java:tryRegister(44)) - Successfully registered JMX Bean with object name Ratis:service=RaftServer,group=group-E2D606D924FC,id=ba1183bc-3307-4f2f-a7df-7eeda515be78
2023-05-03 09:46:11,730 [pool-79-thread-1] INFO  server.RaftServerConfigKeys (ConfUtils.java:logGet(46)) - raft.server.snapshot.auto.trigger.enabled = true (custom)
2023-05-03 09:46:11,731 [pool-79-thread-1] INFO  server.RaftServerConfigKeys (ConfUtils.java:logGet(46)) - raft.server.snapshot.auto.trigger.threshold = 10000 (custom)
2023-05-03 09:46:11,731 [pool-79-thread-1] INFO  server.RaftServerConfigKeys (ConfUtils.java:logGet(46)) - raft.server.snapshot.retention.file.num = 5 (custom)
2023-05-03 09:46:11,731 [pool-79-thread-1] INFO  server.RaftServerConfigKeys (ConfUtils.java:logGet(46)) - raft.server.log.purge.upto.snapshot.index = false (default)
2023-05-03 09:46:11,731 [ba1183bc-3307-4f2f-a7df-7eeda515be78@group-E2D606D924FC-FollowerState] INFO  server.RaftServerConfigKeys (ConfUtils.java:logFallback(53)) - raft.server.rpc.first-election.timeout.min = 5s (fallback to raft.server.rpc.timeout.min)
2023-05-03 09:46:11,731 [ba1183bc-3307-4f2f-a7df-7eeda515be78@group-E2D606D924FC-FollowerState] INFO  server.RaftServerConfigKeys (ConfUtils.java:logFallback(53)) - raft.server.rpc.first-election.timeout.max = 5200ms (fallback to raft.server.rpc.timeout.max)
2023-05-03 09:46:11,737 [Command processor thread] INFO  ratis.XceiverServerRatis (XceiverServerRatis.java:addGroup(806)) - Created group PipelineID=c5ba0460-7911-4dcd-9e9c-e2d606d924fc
2023-05-03 09:46:11,738 [Command processor thread] INFO  commandhandler.CreatePipelineCommandHandler (CreatePipelineCommandHandler.java:handle(113)) - Created Pipeline RATIS ONE PipelineID=c5ba0460-7911-4dcd-9e9c-e2d606d924fc.
2023-05-03 09:46:11,738 [Command processor thread] INFO  server.RaftServer (RaftServerProxy.java:addNew(96)) - ba1183bc-3307-4f2f-a7df-7eeda515be78: addNew group-25ACAC35DE11:[ba1183bc-3307-4f2f-a7df-7eeda515be78|rpc:10.1.0.194:37239|dataStream:10.1.0.194:46645|priority:0|startupRole:FOLLOWER, 6865ef2a-f9e6-4758-8bd9-8da76fd5f008|rpc:10.1.0.194:37715|dataStream:10.1.0.194:37001|priority:0|startupRole:FOLLOWER, b253d63f-33bc-4eb4-9d64-d22092d7a357|rpc:10.1.0.194:38893|dataStream:10.1.0.194:41891|priority:1|startupRole:FOLLOWER] returns group-25ACAC35DE11:java.util.concurrent.CompletableFuture@a1e5301[Not completed]
2023-05-03 09:46:11,740 [pool-79-thread-1] INFO  server.RaftServer$Division (RaftServerImpl.java:<init>(195)) - ba1183bc-3307-4f2f-a7df-7eeda515be78: new RaftServerImpl for group-25ACAC35DE11:[ba1183bc-3307-4f2f-a7df-7eeda515be78|rpc:10.1.0.194:37239|dataStream:10.1.0.194:46645|priority:0|startupRole:FOLLOWER, 6865ef2a-f9e6-4758-8bd9-8da76fd5f008|rpc:10.1.0.194:37715|dataStream:10.1.0.194:37001|priority:0|startupRole:FOLLOWER, b253d63f-33bc-4eb4-9d64-d22092d7a357|rpc:10.1.0.194:38893|dataStream:10.1.0.194:41891|priority:1|startupRole:FOLLOWER] with ContainerStateMachine:uninitialized
2023-05-03 09:46:11,740 [pool-79-thread-1] INFO  server.RaftServerConfigKeys (ConfUtils.java:logGet(46)) - raft.server.rpc.timeout.min = 5s (custom)
2023-05-03 09:46:11,740 [pool-79-thread-1] INFO  server.RaftServerConfigKeys (ConfUtils.java:logGet(46)) - raft.server.rpc.timeout.max = 5200ms (custom)
2023-05-03 09:46:11,740 [pool-79-thread-1] INFO  server.RaftServerConfigKeys (ConfUtils.java:logGet(46)) - raft.server.rpc.sleep.time = 25ms (default)
2023-05-03 09:46:11,740 [pool-79-thread-1] INFO  server.RaftServerConfigKeys (ConfUtils.java:logGet(46)) - raft.server.rpc.slowness.timeout = 300s (custom)
2023-05-03 09:46:11,740 [pool-79-thread-1] INFO  server.RaftServerConfigKeys (ConfUtils.java:logGet(46)) - raft.server.leaderelection.leader.step-down.wait-time = 10s (default)
2023-05-03 09:46:11,740 [pool-79-thread-1] INFO  server.RaftServerConfigKeys (ConfUtils.java:logGet(46)) - raft.server.sleep.deviation.threshold = 300ms (default)
2023-05-03 09:46:11,740 [pool-79-thread-1] INFO  server.RaftServer$Division (ServerState.java:<init>(118)) - ba1183bc-3307-4f2f-a7df-7eeda515be78@group-25ACAC35DE11: ConfigurationManager, init=-1: peers:[ba1183bc-3307-4f2f-a7df-7eeda515be78|rpc:10.1.0.194:37239|dataStream:10.1.0.194:46645|priority:0|startupRole:FOLLOWER, 6865ef2a-f9e6-4758-8bd9-8da76fd5f008|rpc:10.1.0.194:37715|dataStream:10.1.0.194:37001|priority:0|startupRole:FOLLOWER, b253d63f-33bc-4eb4-9d64-d22092d7a357|rpc:10.1.0.194:38893|dataStream:10.1.0.194:41891|priority:1|startupRole:FOLLOWER]|listeners:[], old=null, confs=<EMPTY_MAP>
2023-05-03 09:46:11,740 [pool-79-thread-1] INFO  server.RaftServerConfigKeys (ConfUtils.java:logGet(46)) - raft.server.storage.dir = [/home/runner/work/ozone/ozone/hadoop-ozone/integration-test/target/test-dir/MiniOzoneClusterImpl-adc655c8-92ed-4be5-b45a-b6dec4162976/datanode-0/data/ratis] (custom)
2023-05-03 09:46:11,740 [pool-79-thread-1] INFO  server.RaftServerConfigKeys (ConfUtils.java:logGet(46)) - raft.server.log.corruption.policy = EXCEPTION (default)
2023-05-03 09:46:11,740 [pool-79-thread-1] INFO  server.RaftServerConfigKeys (ConfUtils.java:logGet(46)) - raft.server.storage.free-space.min = 0MB (=0) (default)
2023-05-03 09:46:11,741 [pool-79-thread-1] INFO  server.RaftServerConfigKeys (ConfUtils.java:logGet(46)) - raft.server.notification.no-leader.timeout = 300s (custom)
2023-05-03 09:46:11,741 [pool-79-thread-1] INFO  server.RaftServerConfigKeys (ConfUtils.java:logGet(46)) - raft.server.retrycache.expirytime = 600000ms (custom)
2023-05-03 09:46:11,741 [pool-79-thread-1] INFO  server.RaftServerConfigKeys (ConfUtils.java:logGet(46)) - raft.server.retrycache.statistics.expirytime = 100μs (default)
2023-05-03 09:46:11,742 [pool-79-thread-1] INFO  server.RaftServerConfigKeys (ConfUtils.java:logGet(46)) - raft.server.log.appender.install.snapshot.enabled = false (custom)
2023-05-03 09:46:11,742 [pool-79-thread-1] INFO  server.RaftServerConfigKeys (ConfUtils.java:logGet(46)) - raft.server.threadpool.server.cached = true (default)
2023-05-03 09:46:11,742 [pool-79-thread-1] INFO  server.RaftServerConfigKeys (ConfUtils.java:logGet(46)) - raft.server.threadpool.server.size = 0 (default)
2023-05-03 09:46:11,742 [pool-79-thread-1] INFO  server.RaftServerConfigKeys (ConfUtils.java:logGet(46)) - raft.server.threadpool.client.cached = true (default)
2023-05-03 09:46:11,742 [pool-79-thread-1] INFO  server.RaftServerConfigKeys (ConfUtils.java:logGet(46)) - raft.server.threadpool.client.size = 0 (default)
2023-05-03 09:46:11,743 [pool-79-thread-1] INFO  storage.RaftStorageDirectory (RaftStorageDirectoryImpl.java:analyzeStorage(137)) - The storage directory /home/runner/work/ozone/ozone/hadoop-ozone/integration-test/target/test-dir/MiniOzoneClusterImpl-adc655c8-92ed-4be5-b45a-b6dec4162976/datanode-0/data/ratis/05b880ab-170c-4da7-8905-25acac35de11 does not exist. Creating ...
2023-05-03 09:46:11,744 [pool-79-thread-1] INFO  storage.RaftStorageDirectory (RaftStorageDirectoryImpl.java:tryLock(231)) - Lock on /home/runner/work/ozone/ozone/hadoop-ozone/integration-test/target/test-dir/MiniOzoneClusterImpl-adc655c8-92ed-4be5-b45a-b6dec4162976/datanode-0/data/ratis/05b880ab-170c-4da7-8905-25acac35de11/in_use.lock acquired by nodename 7780@fv-az139-793
2023-05-03 09:46:11,745 [pool-79-thread-1] INFO  storage.RaftStorage (RaftStorageImpl.java:format(96)) - Storage directory /home/runner/work/ozone/ozone/hadoop-ozone/integration-test/target/test-dir/MiniOzoneClusterImpl-adc655c8-92ed-4be5-b45a-b6dec4162976/datanode-0/data/ratis/05b880ab-170c-4da7-8905-25acac35de11 has been successfully formatted.
2023-05-03 09:46:11,745 [pool-79-thread-1] INFO  ratis.ContainerStateMachine (ContainerStateMachine.java:loadSnapshot(262)) - group-25ACAC35DE11: The snapshot info is null. Setting the last applied indexto:(t:0, i:~)
2023-05-03 09:46:11,745 [pool-79-thread-1] INFO  server.RaftServerConfigKeys (ConfUtils.java:logGet(46)) - raft.server.log.use.memory = false (default)
2023-05-03 09:46:11,745 [pool-79-thread-1] INFO  server.RaftServerConfigKeys (ConfUtils.java:logGet(46)) - raft.server.log.purge.gap = 1000000 (custom)
2023-05-03 09:46:11,745 [pool-79-thread-1] INFO  server.RaftServerConfigKeys (ConfUtils.java:logGet(46)) - raft.server.log.appender.buffer.byte-limit = 33554432 (custom)
2023-05-03 09:46:11,745 [pool-79-thread-1] INFO  server.RaftServerConfigKeys (ConfUtils.java:logGet(46)) - raft.server.log.statemachine.data.read.timeout = 1000ms (default)
2023-05-03 09:46:11,745 [pool-79-thread-1] INFO  server.RaftServerConfigKeys (ConfUtils.java:logGet(46)) - raft.server.log.purge.preservation.log.num = 0 (default)
2023-05-03 09:46:11,746 [pool-79-thread-1] INFO  server.RaftServerConfigKeys (ConfUtils.java:logGet(46)) - raft.server.log.segment.size.max = 1048576 (custom)
2023-05-03 09:46:11,747 [pool-79-thread-1] INFO  server.RaftServerConfigKeys (ConfUtils.java:logGet(46)) - raft.server.log.segment.cache.num.max = 2 (custom)
2023-05-03 09:46:11,747 [pool-79-thread-1] INFO  server.RaftServerConfigKeys (ConfUtils.java:logGet(46)) - raft.server.log.segment.cache.size.max = 200MB (=209715200) (default)
2023-05-03 09:46:11,747 [pool-79-thread-1] INFO  segmented.SegmentedRaftLogWorker (SegmentedRaftLogWorker.java:<init>(189)) - new ba1183bc-3307-4f2f-a7df-7eeda515be78@group-25ACAC35DE11-SegmentedRaftLogWorker for RaftStorageImpl:Storage Directory /home/runner/work/ozone/ozone/hadoop-ozone/integration-test/target/test-dir/MiniOzoneClusterImpl-adc655c8-92ed-4be5-b45a-b6dec4162976/datanode-0/data/ratis/05b880ab-170c-4da7-8905-25acac35de11
2023-05-03 09:46:11,747 [pool-79-thread-1] INFO  server.RaftServerConfigKeys (ConfUtils.java:logGet(46)) - raft.server.log.queue.byte-limit = 4294967296 (custom)
2023-05-03 09:46:11,747 [pool-79-thread-1] INFO  server.RaftServerConfigKeys (ConfUtils.java:logGet(46)) - raft.server.log.queue.element-limit = 1024 (custom)
2023-05-03 09:46:11,747 [pool-79-thread-1] INFO  server.RaftServerConfigKeys (ConfUtils.java:logGet(46)) - raft.server.log.segment.size.max = 1048576 (custom)
2023-05-03 09:46:11,747 [pool-79-thread-1] INFO  server.RaftServerConfigKeys (ConfUtils.java:logGet(46)) - raft.server.log.preallocated.size = 16384 (custom)
2023-05-03 09:46:11,747 [pool-79-thread-1] INFO  server.RaftServerConfigKeys (ConfUtils.java:logGet(46)) - raft.server.log.force.sync.num = 128 (default)
2023-05-03 09:46:11,747 [pool-79-thread-1] INFO  server.RaftServerConfigKeys (ConfUtils.java:logGet(46)) - raft.server.log.statemachine.data.sync = true (default)
2023-05-03 09:46:11,747 [pool-79-thread-1] INFO  server.RaftServerConfigKeys (ConfUtils.java:logGet(46)) - raft.server.log.statemachine.data.sync.timeout = 10s (default)
2023-05-03 09:46:11,747 [pool-79-thread-1] INFO  server.RaftServerConfigKeys (ConfUtils.java:logGet(46)) - raft.server.log.statemachine.data.sync.timeout.retry = -1 (default)
2023-05-03 09:46:11,747 [EventQueue-OpenPipelineForHealthyPipelineSafeModeRule] INFO  safemode.SCMSafeModeManager (HealthyPipelineSafeModeRule.java:process(137)) - SCM in safe mode. Healthy pipelines reported count is 0, required healthy pipeline reported count is 1
2023-05-03 09:46:11,749 [pool-79-thread-1] INFO  server.RaftServerConfigKeys (ConfUtils.java:logGet(46)) - raft.server.log.write.buffer.size = 1048576 (custom)
2023-05-03 09:46:11,749 [pool-79-thread-1] INFO  server.RaftServerConfigKeys (ConfUtils.java:logGet(46)) - raft.server.log.appender.buffer.byte-limit = 33554432 (custom)
2023-05-03 09:46:11,752 [pool-79-thread-1] INFO  server.RaftServerConfigKeys (ConfUtils.java:logGet(46)) - raft.server.log.unsafe-flush.enabled = false (default)
2023-05-03 09:46:11,752 [pool-79-thread-1] INFO  server.RaftServerConfigKeys (ConfUtils.java:logGet(46)) - raft.server.log.async-flush.enabled = false (default)
2023-05-03 09:46:11,752 [pool-79-thread-1] INFO  server.RaftServerConfigKeys (ConfUtils.java:logGet(46)) - raft.server.log.statemachine.data.caching.enabled = true (custom)
2023-05-03 09:46:11,752 [pool-79-thread-1] INFO  segmented.SegmentedRaftLogWorker (SegmentedRaftLogWorker.java:lambda$new$0(135)) - ba1183bc-3307-4f2f-a7df-7eeda515be78@group-25ACAC35DE11-SegmentedRaftLogWorker: flushIndex: setUnconditionally 0 -> -1
2023-05-03 09:46:11,753 [pool-79-thread-1] INFO  segmented.SegmentedRaftLogWorker (SegmentedRaftLogWorker.java:lambda$new$0(135)) - ba1183bc-3307-4f2f-a7df-7eeda515be78@group-25ACAC35DE11-SegmentedRaftLogWorker: safeCacheEvictIndex: setUnconditionally 0 -> -1
2023-05-03 09:46:11,753 [pool-79-thread-1] INFO  server.RaftServer$Division (RaftServerImpl.java:start(334)) - ba1183bc-3307-4f2f-a7df-7eeda515be78@group-25ACAC35DE11: start as a follower, conf=-1: peers:[ba1183bc-3307-4f2f-a7df-7eeda515be78|rpc:10.1.0.194:37239|dataStream:10.1.0.194:46645|priority:0|startupRole:FOLLOWER, 6865ef2a-f9e6-4758-8bd9-8da76fd5f008|rpc:10.1.0.194:37715|dataStream:10.1.0.194:37001|priority:0|startupRole:FOLLOWER, b253d63f-33bc-4eb4-9d64-d22092d7a357|rpc:10.1.0.194:38893|dataStream:10.1.0.194:41891|priority:1|startupRole:FOLLOWER]|listeners:[], old=null
2023-05-03 09:46:11,753 [pool-79-thread-1] INFO  server.RaftServer$Division (RaftServerImpl.java:setRole(321)) - ba1183bc-3307-4f2f-a7df-7eeda515be78@group-25ACAC35DE11: changes role from      null to FOLLOWER at term 0 for startAsFollower
2023-05-03 09:46:11,753 [pool-79-thread-1] INFO  impl.RoleInfo (RoleInfo.java:updateAndGet(139)) - ba1183bc-3307-4f2f-a7df-7eeda515be78: start ba1183bc-3307-4f2f-a7df-7eeda515be78@group-25ACAC35DE11-FollowerState
2023-05-03 09:46:11,753 [pool-79-thread-1] INFO  util.JmxRegister (JmxRegister.java:tryRegister(44)) - Successfully registered JMX Bean with object name Ratis:service=RaftServer,group=group-25ACAC35DE11,id=ba1183bc-3307-4f2f-a7df-7eeda515be78
2023-05-03 09:46:11,753 [pool-79-thread-1] INFO  server.RaftServerConfigKeys (ConfUtils.java:logGet(46)) - raft.server.snapshot.auto.trigger.enabled = true (custom)
2023-05-03 09:46:11,753 [pool-79-thread-1] INFO  server.RaftServerConfigKeys (ConfUtils.java:logGet(46)) - raft.server.snapshot.auto.trigger.threshold = 10000 (custom)
2023-05-03 09:46:11,753 [pool-79-thread-1] INFO  server.RaftServerConfigKeys (ConfUtils.java:logGet(46)) - raft.server.snapshot.retention.file.num = 5 (custom)
2023-05-03 09:46:11,753 [pool-79-thread-1] INFO  server.RaftServerConfigKeys (ConfUtils.java:logGet(46)) - raft.server.log.purge.upto.snapshot.index = false (default)
2023-05-03 09:46:11,754 [ba1183bc-3307-4f2f-a7df-7eeda515be78@group-25ACAC35DE11-FollowerState] INFO  server.RaftServerConfigKeys (ConfUtils.java:logFallback(53)) - raft.server.rpc.first-election.timeout.min = 5s (fallback to raft.server.rpc.timeout.min)
2023-05-03 09:46:11,759 [Command processor thread] INFO  ratis.XceiverServerRatis (XceiverServerRatis.java:addGroup(806)) - Created group PipelineID=05b880ab-170c-4da7-8905-25acac35de11
2023-05-03 09:46:11,760 [ba1183bc-3307-4f2f-a7df-7eeda515be78@group-25ACAC35DE11-FollowerState] INFO  server.RaftServerConfigKeys (ConfUtils.java:logFallback(53)) - raft.server.rpc.first-election.timeout.max = 5200ms (fallback to raft.server.rpc.timeout.max)
2023-05-03 09:46:12,106 [grpc-default-executor-0] INFO  server.RaftServer (RaftServerProxy.java:addNew(96)) - b253d63f-33bc-4eb4-9d64-d22092d7a357: addNew group-25ACAC35DE11:[ba1183bc-3307-4f2f-a7df-7eeda515be78|rpc:10.1.0.194:37239|dataStream:10.1.0.194:46645|priority:0|startupRole:FOLLOWER, 6865ef2a-f9e6-4758-8bd9-8da76fd5f008|rpc:10.1.0.194:37715|dataStream:10.1.0.194:37001|priority:0|startupRole:FOLLOWER, b253d63f-33bc-4eb4-9d64-d22092d7a357|rpc:10.1.0.194:38893|dataStream:10.1.0.194:41891|priority:1|startupRole:FOLLOWER] returns group-25ACAC35DE11:java.util.concurrent.CompletableFuture@404922e8[Not completed]
2023-05-03 09:46:12,114 [pool-123-thread-1] INFO  server.RaftServer$Division (RaftServerImpl.java:<init>(195)) - b253d63f-33bc-4eb4-9d64-d22092d7a357: new RaftServerImpl for group-25ACAC35DE11:[ba1183bc-3307-4f2f-a7df-7eeda515be78|rpc:10.1.0.194:37239|dataStream:10.1.0.194:46645|priority:0|startupRole:FOLLOWER, 6865ef2a-f9e6-4758-8bd9-8da76fd5f008|rpc:10.1.0.194:37715|dataStream:10.1.0.194:37001|priority:0|startupRole:FOLLOWER, b253d63f-33bc-4eb4-9d64-d22092d7a357|rpc:10.1.0.194:38893|dataStream:10.1.0.194:41891|priority:1|startupRole:FOLLOWER] with ContainerStateMachine:uninitialized
2023-05-03 09:46:12,115 [pool-123-thread-1] INFO  server.RaftServerConfigKeys (ConfUtils.java:logGet(46)) - raft.server.rpc.timeout.min = 5s (custom)
2023-05-03 09:46:12,115 [pool-123-thread-1] INFO  server.RaftServerConfigKeys (ConfUtils.java:logGet(46)) - raft.server.rpc.timeout.max = 5200ms (custom)
2023-05-03 09:46:12,115 [pool-123-thread-1] INFO  server.RaftServerConfigKeys (ConfUtils.java:logGet(46)) - raft.server.rpc.sleep.time = 25ms (default)
2023-05-03 09:46:12,115 [pool-123-thread-1] INFO  server.RaftServerConfigKeys (ConfUtils.java:logGet(46)) - raft.server.rpc.slowness.timeout = 300s (custom)
2023-05-03 09:46:12,115 [pool-123-thread-1] INFO  server.RaftServerConfigKeys (ConfUtils.java:logGet(46)) - raft.server.leaderelection.leader.step-down.wait-time = 10s (default)
2023-05-03 09:46:12,115 [pool-123-thread-1] INFO  server.RaftServerConfigKeys (ConfUtils.java:logGet(46)) - raft.server.sleep.deviation.threshold = 300ms (default)
2023-05-03 09:46:12,115 [pool-123-thread-1] INFO  server.RaftServer$Division (ServerState.java:<init>(118)) - b253d63f-33bc-4eb4-9d64-d22092d7a357@group-25ACAC35DE11: ConfigurationManager, init=-1: peers:[ba1183bc-3307-4f2f-a7df-7eeda515be78|rpc:10.1.0.194:37239|dataStream:10.1.0.194:46645|priority:0|startupRole:FOLLOWER, 6865ef2a-f9e6-4758-8bd9-8da76fd5f008|rpc:10.1.0.194:37715|dataStream:10.1.0.194:37001|priority:0|startupRole:FOLLOWER, b253d63f-33bc-4eb4-9d64-d22092d7a357|rpc:10.1.0.194:38893|dataStream:10.1.0.194:41891|priority:1|startupRole:FOLLOWER]|listeners:[], old=null, confs=<EMPTY_MAP>
2023-05-03 09:46:12,115 [pool-123-thread-1] INFO  server.RaftServerConfigKeys (ConfUtils.java:logGet(46)) - raft.server.storage.dir = [/home/runner/work/ozone/ozone/hadoop-ozone/integration-test/target/test-dir/MiniOzoneClusterImpl-adc655c8-92ed-4be5-b45a-b6dec4162976/datanode-2/data/ratis] (custom)
2023-05-03 09:46:12,115 [pool-123-thread-1] INFO  server.RaftServerConfigKeys (ConfUtils.java:logGet(46)) - raft.server.log.corruption.policy = EXCEPTION (default)
2023-05-03 09:46:12,115 [pool-123-thread-1] INFO  server.RaftServerConfigKeys (ConfUtils.java:logGet(46)) - raft.server.storage.free-space.min = 0MB (=0) (default)
2023-05-03 09:46:12,115 [pool-123-thread-1] INFO  server.RaftServerConfigKeys (ConfUtils.java:logGet(46)) - raft.server.notification.no-leader.timeout = 300s (custom)
2023-05-03 09:46:12,115 [pool-123-thread-1] INFO  server.RaftServerConfigKeys (ConfUtils.java:logGet(46)) - raft.server.retrycache.expirytime = 600000ms (custom)
2023-05-03 09:46:12,115 [pool-123-thread-1] INFO  server.RaftServerConfigKeys (ConfUtils.java:logGet(46)) - raft.server.retrycache.statistics.expirytime = 100μs (default)
2023-05-03 09:46:12,120 [pool-123-thread-1] INFO  server.RaftServerConfigKeys (ConfUtils.java:logGet(46)) - raft.server.log.appender.install.snapshot.enabled = false (custom)
2023-05-03 09:46:12,120 [pool-123-thread-1] INFO  server.RaftServerConfigKeys (ConfUtils.java:logGet(46)) - raft.server.threadpool.server.cached = true (default)
2023-05-03 09:46:12,120 [pool-123-thread-1] INFO  server.RaftServerConfigKeys (ConfUtils.java:logGet(46)) - raft.server.threadpool.server.size = 0 (default)
2023-05-03 09:46:12,120 [pool-123-thread-1] INFO  server.RaftServerConfigKeys (ConfUtils.java:logGet(46)) - raft.server.threadpool.client.cached = true (default)
2023-05-03 09:46:12,120 [pool-123-thread-1] INFO  server.RaftServerConfigKeys (ConfUtils.java:logGet(46)) - raft.server.threadpool.client.size = 0 (default)
2023-05-03 09:46:12,120 [pool-123-thread-1] INFO  storage.RaftStorageDirectory (RaftStorageDirectoryImpl.java:analyzeStorage(137)) - The storage directory /home/runner/work/ozone/ozone/hadoop-ozone/integration-test/target/test-dir/MiniOzoneClusterImpl-adc655c8-92ed-4be5-b45a-b6dec4162976/datanode-2/data/ratis/05b880ab-170c-4da7-8905-25acac35de11 does not exist. Creating ...
2023-05-03 09:46:12,122 [pool-123-thread-1] INFO  storage.RaftStorageDirectory (RaftStorageDirectoryImpl.java:tryLock(231)) - Lock on /home/runner/work/ozone/ozone/hadoop-ozone/integration-test/target/test-dir/MiniOzoneClusterImpl-adc655c8-92ed-4be5-b45a-b6dec4162976/datanode-2/data/ratis/05b880ab-170c-4da7-8905-25acac35de11/in_use.lock acquired by nodename 7780@fv-az139-793
2023-05-03 09:46:12,123 [pool-123-thread-1] INFO  storage.RaftStorage (RaftStorageImpl.java:format(96)) - Storage directory /home/runner/work/ozone/ozone/hadoop-ozone/integration-test/target/test-dir/MiniOzoneClusterImpl-adc655c8-92ed-4be5-b45a-b6dec4162976/datanode-2/data/ratis/05b880ab-170c-4da7-8905-25acac35de11 has been successfully formatted.
2023-05-03 09:46:12,123 [pool-123-thread-1] INFO  ratis.ContainerStateMachine (ContainerStateMachine.java:loadSnapshot(262)) - group-25ACAC35DE11: The snapshot info is null. Setting the last applied indexto:(t:0, i:~)
2023-05-03 09:46:12,124 [pool-123-thread-1] INFO  server.RaftServerConfigKeys (ConfUtils.java:logGet(46)) - raft.server.log.use.memory = false (default)
2023-05-03 09:46:12,126 [pool-123-thread-1] INFO  server.RaftServerConfigKeys (ConfUtils.java:logGet(46)) - raft.server.log.purge.gap = 1000000 (custom)
2023-05-03 09:46:12,126 [pool-123-thread-1] INFO  server.RaftServerConfigKeys (ConfUtils.java:logGet(46)) - raft.server.log.appender.buffer.byte-limit = 33554432 (custom)
2023-05-03 09:46:12,126 [pool-123-thread-1] INFO  server.RaftServerConfigKeys (ConfUtils.java:logGet(46)) - raft.server.log.statemachine.data.read.timeout = 1000ms (default)
2023-05-03 09:46:12,126 [pool-123-thread-1] INFO  server.RaftServerConfigKeys (ConfUtils.java:logGet(46)) - raft.server.log.purge.preservation.log.num = 0 (default)
2023-05-03 09:46:12,127 [pool-123-thread-1] INFO  server.RaftServerConfigKeys (ConfUtils.java:logGet(46)) - raft.server.log.segment.size.max = 1048576 (custom)
2023-05-03 09:46:12,128 [pool-123-thread-1] INFO  server.RaftServerConfigKeys (ConfUtils.java:logGet(46)) - raft.server.log.segment.cache.num.max = 2 (custom)
2023-05-03 09:46:12,128 [pool-123-thread-1] INFO  server.RaftServerConfigKeys (ConfUtils.java:logGet(46)) - raft.server.log.segment.cache.size.max = 200MB (=209715200) (default)
2023-05-03 09:46:12,128 [pool-123-thread-1] INFO  segmented.SegmentedRaftLogWorker (SegmentedRaftLogWorker.java:<init>(189)) - new b253d63f-33bc-4eb4-9d64-d22092d7a357@group-25ACAC35DE11-SegmentedRaftLogWorker for RaftStorageImpl:Storage Directory /home/runner/work/ozone/ozone/hadoop-ozone/integration-test/target/test-dir/MiniOzoneClusterImpl-adc655c8-92ed-4be5-b45a-b6dec4162976/datanode-2/data/ratis/05b880ab-170c-4da7-8905-25acac35de11
2023-05-03 09:46:12,128 [pool-123-thread-1] INFO  server.RaftServerConfigKeys (ConfUtils.java:logGet(46)) - raft.server.log.queue.byte-limit = 4294967296 (custom)
2023-05-03 09:46:12,128 [pool-123-thread-1] INFO  server.RaftServerConfigKeys (ConfUtils.java:logGet(46)) - raft.server.log.queue.element-limit = 1024 (custom)
2023-05-03 09:46:12,128 [pool-123-thread-1] INFO  server.RaftServerConfigKeys (ConfUtils.java:logGet(46)) - raft.server.log.segment.size.max = 1048576 (custom)
2023-05-03 09:46:12,128 [pool-123-thread-1] INFO  server.RaftServerConfigKeys (ConfUtils.java:logGet(46)) - raft.server.log.preallocated.size = 16384 (custom)
2023-05-03 09:46:12,128 [pool-123-thread-1] INFO  server.RaftServerConfigKeys (ConfUtils.java:logGet(46)) - raft.server.log.force.sync.num = 128 (default)
2023-05-03 09:46:12,128 [pool-123-thread-1] INFO  server.RaftServerConfigKeys (ConfUtils.java:logGet(46)) - raft.server.log.statemachine.data.sync = true (default)
2023-05-03 09:46:12,128 [pool-123-thread-1] INFO  server.RaftServerConfigKeys (ConfUtils.java:logGet(46)) - raft.server.log.statemachine.data.sync.timeout = 10s (default)
2023-05-03 09:46:12,128 [pool-123-thread-1] INFO  server.RaftServerConfigKeys (ConfUtils.java:logGet(46)) - raft.server.log.statemachine.data.sync.timeout.retry = -1 (default)
2023-05-03 09:46:12,133 [pool-123-thread-1] INFO  server.RaftServerConfigKeys (ConfUtils.java:logGet(46)) - raft.server.log.write.buffer.size = 1048576 (custom)
2023-05-03 09:46:12,135 [pool-123-thread-1] INFO  server.RaftServerConfigKeys (ConfUtils.java:logGet(46)) - raft.server.log.appender.buffer.byte-limit = 33554432 (custom)
2023-05-03 09:46:12,140 [pool-123-thread-1] INFO  server.RaftServerConfigKeys (ConfUtils.java:logGet(46)) - raft.server.log.unsafe-flush.enabled = false (default)
2023-05-03 09:46:12,140 [pool-123-thread-1] INFO  server.RaftServerConfigKeys (ConfUtils.java:logGet(46)) - raft.server.log.async-flush.enabled = false (default)
2023-05-03 09:46:12,140 [pool-123-thread-1] INFO  server.RaftServerConfigKeys (ConfUtils.java:logGet(46)) - raft.server.log.statemachine.data.caching.enabled = true (custom)
2023-05-03 09:46:12,141 [pool-123-thread-1] INFO  segmented.SegmentedRaftLogWorker (SegmentedRaftLogWorker.java:lambda$new$0(135)) - b253d63f-33bc-4eb4-9d64-d22092d7a357@group-25ACAC35DE11-SegmentedRaftLogWorker: flushIndex: setUnconditionally 0 -> -1
2023-05-03 09:46:12,141 [pool-123-thread-1] INFO  segmented.SegmentedRaftLogWorker (SegmentedRaftLogWorker.java:lambda$new$0(135)) - b253d63f-33bc-4eb4-9d64-d22092d7a357@group-25ACAC35DE11-SegmentedRaftLogWorker: safeCacheEvictIndex: setUnconditionally 0 -> -1
2023-05-03 09:46:12,142 [pool-123-thread-1] INFO  server.RaftServer$Division (RaftServerImpl.java:start(334)) - b253d63f-33bc-4eb4-9d64-d22092d7a357@group-25ACAC35DE11: start as a follower, conf=-1: peers:[ba1183bc-3307-4f2f-a7df-7eeda515be78|rpc:10.1.0.194:37239|dataStream:10.1.0.194:46645|priority:0|startupRole:FOLLOWER, 6865ef2a-f9e6-4758-8bd9-8da76fd5f008|rpc:10.1.0.194:37715|dataStream:10.1.0.194:37001|priority:0|startupRole:FOLLOWER, b253d63f-33bc-4eb4-9d64-d22092d7a357|rpc:10.1.0.194:38893|dataStream:10.1.0.194:41891|priority:1|startupRole:FOLLOWER]|listeners:[], old=null
2023-05-03 09:46:12,142 [pool-123-thread-1] INFO  server.RaftServer$Division (RaftServerImpl.java:setRole(321)) - b253d63f-33bc-4eb4-9d64-d22092d7a357@group-25ACAC35DE11: changes role from      null to FOLLOWER at term 0 for startAsFollower
2023-05-03 09:46:12,142 [pool-123-thread-1] INFO  impl.RoleInfo (RoleInfo.java:updateAndGet(139)) - b253d63f-33bc-4eb4-9d64-d22092d7a357: start b253d63f-33bc-4eb4-9d64-d22092d7a357@group-25ACAC35DE11-FollowerState
2023-05-03 09:46:12,149 [pool-123-thread-1] INFO  util.JmxRegister (JmxRegister.java:tryRegister(44)) - Successfully registered JMX Bean with object name Ratis:service=RaftServer,group=group-25ACAC35DE11,id=b253d63f-33bc-4eb4-9d64-d22092d7a357
2023-05-03 09:46:12,151 [pool-123-thread-1] INFO  server.RaftServerConfigKeys (ConfUtils.java:logGet(46)) - raft.server.snapshot.auto.trigger.enabled = true (custom)
2023-05-03 09:46:12,151 [pool-123-thread-1] INFO  server.RaftServerConfigKeys (ConfUtils.java:logGet(46)) - raft.server.snapshot.auto.trigger.threshold = 10000 (custom)
2023-05-03 09:46:12,151 [pool-123-thread-1] INFO  server.RaftServerConfigKeys (ConfUtils.java:logGet(46)) - raft.server.snapshot.retention.file.num = 5 (custom)
2023-05-03 09:46:12,151 [pool-123-thread-1] INFO  server.RaftServerConfigKeys (ConfUtils.java:logGet(46)) - raft.server.log.purge.upto.snapshot.index = false (default)
2023-05-03 09:46:12,153 [b253d63f-33bc-4eb4-9d64-d22092d7a357@group-25ACAC35DE11-FollowerState] INFO  server.RaftServerConfigKeys (ConfUtils.java:logFallback(53)) - raft.server.rpc.first-election.timeout.min = 5s (fallback to raft.server.rpc.timeout.min)
2023-05-03 09:46:12,155 [b253d63f-33bc-4eb4-9d64-d22092d7a357@group-25ACAC35DE11-FollowerState] INFO  server.RaftServerConfigKeys (ConfUtils.java:logFallback(53)) - raft.server.rpc.first-election.timeout.max = 5200ms (fallback to raft.server.rpc.timeout.max)
2023-05-03 09:46:12,196 [grpc-default-executor-0] INFO  server.RaftServer (RaftServerProxy.java:addNew(96)) - 6865ef2a-f9e6-4758-8bd9-8da76fd5f008: addNew group-25ACAC35DE11:[ba1183bc-3307-4f2f-a7df-7eeda515be78|rpc:10.1.0.194:37239|dataStream:10.1.0.194:46645|priority:0|startupRole:FOLLOWER, 6865ef2a-f9e6-4758-8bd9-8da76fd5f008|rpc:10.1.0.194:37715|dataStream:10.1.0.194:37001|priority:0|startupRole:FOLLOWER, b253d63f-33bc-4eb4-9d64-d22092d7a357|rpc:10.1.0.194:38893|dataStream:10.1.0.194:41891|priority:1|startupRole:FOLLOWER] returns group-25ACAC35DE11:java.util.concurrent.CompletableFuture@4d8b394c[Not completed]
2023-05-03 09:46:12,205 [pool-101-thread-1] INFO  server.RaftServer$Division (RaftServerImpl.java:<init>(195)) - 6865ef2a-f9e6-4758-8bd9-8da76fd5f008: new RaftServerImpl for group-25ACAC35DE11:[ba1183bc-3307-4f2f-a7df-7eeda515be78|rpc:10.1.0.194:37239|dataStream:10.1.0.194:46645|priority:0|startupRole:FOLLOWER, 6865ef2a-f9e6-4758-8bd9-8da76fd5f008|rpc:10.1.0.194:37715|dataStream:10.1.0.194:37001|priority:0|startupRole:FOLLOWER, b253d63f-33bc-4eb4-9d64-d22092d7a357|rpc:10.1.0.194:38893|dataStream:10.1.0.194:41891|priority:1|startupRole:FOLLOWER] with ContainerStateMachine:uninitialized
2023-05-03 09:46:12,205 [pool-101-thread-1] INFO  server.RaftServerConfigKeys (ConfUtils.java:logGet(46)) - raft.server.rpc.timeout.min = 5s (custom)
2023-05-03 09:46:12,205 [pool-101-thread-1] INFO  server.RaftServerConfigKeys (ConfUtils.java:logGet(46)) - raft.server.rpc.timeout.max = 5200ms (custom)
2023-05-03 09:46:12,205 [pool-101-thread-1] INFO  server.RaftServerConfigKeys (ConfUtils.java:logGet(46)) - raft.server.rpc.sleep.time = 25ms (default)
2023-05-03 09:46:12,206 [pool-101-thread-1] INFO  server.RaftServerConfigKeys (ConfUtils.java:logGet(46)) - raft.server.rpc.slowness.timeout = 300s (custom)
2023-05-03 09:46:12,206 [pool-101-thread-1] INFO  server.RaftServerConfigKeys (ConfUtils.java:logGet(46)) - raft.server.leaderelection.leader.step-down.wait-time = 10s (default)
2023-05-03 09:46:12,206 [pool-101-thread-1] INFO  server.RaftServerConfigKeys (ConfUtils.java:logGet(46)) - raft.server.sleep.deviation.threshold = 300ms (default)
2023-05-03 09:46:12,206 [pool-101-thread-1] INFO  server.RaftServer$Division (ServerState.java:<init>(118)) - 6865ef2a-f9e6-4758-8bd9-8da76fd5f008@group-25ACAC35DE11: ConfigurationManager, init=-1: peers:[ba1183bc-3307-4f2f-a7df-7eeda515be78|rpc:10.1.0.194:37239|dataStream:10.1.0.194:46645|priority:0|startupRole:FOLLOWER, 6865ef2a-f9e6-4758-8bd9-8da76fd5f008|rpc:10.1.0.194:37715|dataStream:10.1.0.194:37001|priority:0|startupRole:FOLLOWER, b253d63f-33bc-4eb4-9d64-d22092d7a357|rpc:10.1.0.194:38893|dataStream:10.1.0.194:41891|priority:1|startupRole:FOLLOWER]|listeners:[], old=null, confs=<EMPTY_MAP>
2023-05-03 09:46:12,206 [pool-101-thread-1] INFO  server.RaftServerConfigKeys (ConfUtils.java:logGet(46)) - raft.server.storage.dir = [/home/runner/work/ozone/ozone/hadoop-ozone/integration-test/target/test-dir/MiniOzoneClusterImpl-adc655c8-92ed-4be5-b45a-b6dec4162976/datanode-1/data/ratis] (custom)
2023-05-03 09:46:12,206 [pool-101-thread-1] INFO  server.RaftServerConfigKeys (ConfUtils.java:logGet(46)) - raft.server.log.corruption.policy = EXCEPTION (default)
2023-05-03 09:46:12,206 [pool-101-thread-1] INFO  server.RaftServerConfigKeys (ConfUtils.java:logGet(46)) - raft.server.storage.free-space.min = 0MB (=0) (default)
2023-05-03 09:46:12,206 [pool-101-thread-1] INFO  server.RaftServerConfigKeys (ConfUtils.java:logGet(46)) - raft.server.notification.no-leader.timeout = 300s (custom)
2023-05-03 09:46:12,206 [pool-101-thread-1] INFO  server.RaftServerConfigKeys (ConfUtils.java:logGet(46)) - raft.server.retrycache.expirytime = 600000ms (custom)
2023-05-03 09:46:12,206 [pool-101-thread-1] INFO  server.RaftServerConfigKeys (ConfUtils.java:logGet(46)) - raft.server.retrycache.statistics.expirytime = 100μs (default)
2023-05-03 09:46:12,208 [pool-101-thread-1] INFO  server.RaftServerConfigKeys (ConfUtils.java:logGet(46)) - raft.server.log.appender.install.snapshot.enabled = false (custom)
2023-05-03 09:46:12,208 [pool-101-thread-1] INFO  server.RaftServerConfigKeys (ConfUtils.java:logGet(46)) - raft.server.threadpool.server.cached = true (default)
2023-05-03 09:46:12,208 [pool-101-thread-1] INFO  server.RaftServerConfigKeys (ConfUtils.java:logGet(46)) - raft.server.threadpool.server.size = 0 (default)
2023-05-03 09:46:12,208 [pool-101-thread-1] INFO  server.RaftServerConfigKeys (ConfUtils.java:logGet(46)) - raft.server.threadpool.client.cached = true (default)
2023-05-03 09:46:12,208 [pool-101-thread-1] INFO  server.RaftServerConfigKeys (ConfUtils.java:logGet(46)) - raft.server.threadpool.client.size = 0 (default)
2023-05-03 09:46:12,209 [pool-101-thread-1] INFO  storage.RaftStorageDirectory (RaftStorageDirectoryImpl.java:analyzeStorage(137)) - The storage directory /home/runner/work/ozone/ozone/hadoop-ozone/integration-test/target/test-dir/MiniOzoneClusterImpl-adc655c8-92ed-4be5-b45a-b6dec4162976/datanode-1/data/ratis/05b880ab-170c-4da7-8905-25acac35de11 does not exist. Creating ...
2023-05-03 09:46:12,210 [pool-101-thread-1] INFO  storage.RaftStorageDirectory (RaftStorageDirectoryImpl.java:tryLock(231)) - Lock on /home/runner/work/ozone/ozone/hadoop-ozone/integration-test/target/test-dir/MiniOzoneClusterImpl-adc655c8-92ed-4be5-b45a-b6dec4162976/datanode-1/data/ratis/05b880ab-170c-4da7-8905-25acac35de11/in_use.lock acquired by nodename 7780@fv-az139-793
2023-05-03 09:46:12,211 [pool-101-thread-1] INFO  storage.RaftStorage (RaftStorageImpl.java:format(96)) - Storage directory /home/runner/work/ozone/ozone/hadoop-ozone/integration-test/target/test-dir/MiniOzoneClusterImpl-adc655c8-92ed-4be5-b45a-b6dec4162976/datanode-1/data/ratis/05b880ab-170c-4da7-8905-25acac35de11 has been successfully formatted.
2023-05-03 09:46:12,211 [pool-101-thread-1] INFO  ratis.ContainerStateMachine (ContainerStateMachine.java:loadSnapshot(262)) - group-25ACAC35DE11: The snapshot info is null. Setting the last applied indexto:(t:0, i:~)
2023-05-03 09:46:12,211 [pool-101-thread-1] INFO  server.RaftServerConfigKeys (ConfUtils.java:logGet(46)) - raft.server.log.use.memory = false (default)
2023-05-03 09:46:12,212 [pool-101-thread-1] INFO  server.RaftServerConfigKeys (ConfUtils.java:logGet(46)) - raft.server.log.purge.gap = 1000000 (custom)
2023-05-03 09:46:12,212 [pool-101-thread-1] INFO  server.RaftServerConfigKeys (ConfUtils.java:logGet(46)) - raft.server.log.appender.buffer.byte-limit = 33554432 (custom)
2023-05-03 09:46:12,212 [pool-101-thread-1] INFO  server.RaftServerConfigKeys (ConfUtils.java:logGet(46)) - raft.server.log.statemachine.data.read.timeout = 1000ms (default)
2023-05-03 09:46:12,212 [pool-101-thread-1] INFO  server.RaftServerConfigKeys (ConfUtils.java:logGet(46)) - raft.server.log.purge.preservation.log.num = 0 (default)
2023-05-03 09:46:12,212 [pool-101-thread-1] INFO  server.RaftServerConfigKeys (ConfUtils.java:logGet(46)) - raft.server.log.segment.size.max = 1048576 (custom)
2023-05-03 09:46:12,213 [pool-101-thread-1] INFO  server.RaftServerConfigKeys (ConfUtils.java:logGet(46)) - raft.server.log.segment.cache.num.max = 2 (custom)
2023-05-03 09:46:12,213 [pool-101-thread-1] INFO  server.RaftServerConfigKeys (ConfUtils.java:logGet(46)) - raft.server.log.segment.cache.size.max = 200MB (=209715200) (default)
2023-05-03 09:46:12,213 [pool-101-thread-1] INFO  segmented.SegmentedRaftLogWorker (SegmentedRaftLogWorker.java:<init>(189)) - new 6865ef2a-f9e6-4758-8bd9-8da76fd5f008@group-25ACAC35DE11-SegmentedRaftLogWorker for RaftStorageImpl:Storage Directory /home/runner/work/ozone/ozone/hadoop-ozone/integration-test/target/test-dir/MiniOzoneClusterImpl-adc655c8-92ed-4be5-b45a-b6dec4162976/datanode-1/data/ratis/05b880ab-170c-4da7-8905-25acac35de11
2023-05-03 09:46:12,213 [pool-101-thread-1] INFO  server.RaftServerConfigKeys (ConfUtils.java:logGet(46)) - raft.server.log.queue.byte-limit = 4294967296 (custom)
2023-05-03 09:46:12,213 [pool-101-thread-1] INFO  server.RaftServerConfigKeys (ConfUtils.java:logGet(46)) - raft.server.log.queue.element-limit = 1024 (custom)
2023-05-03 09:46:12,214 [pool-101-thread-1] INFO  server.RaftServerConfigKeys (ConfUtils.java:logGet(46)) - raft.server.log.segment.size.max = 1048576 (custom)
2023-05-03 09:46:12,214 [pool-101-thread-1] INFO  server.RaftServerConfigKeys (ConfUtils.java:logGet(46)) - raft.server.log.preallocated.size = 16384 (custom)
2023-05-03 09:46:12,214 [pool-101-thread-1] INFO  server.RaftServerConfigKeys (ConfUtils.java:logGet(46)) - raft.server.log.force.sync.num = 128 (default)
2023-05-03 09:46:12,214 [pool-101-thread-1] INFO  server.RaftServerConfigKeys (ConfUtils.java:logGet(46)) - raft.server.log.statemachine.data.sync = true (default)
2023-05-03 09:46:12,214 [pool-101-thread-1] INFO  server.RaftServerConfigKeys (ConfUtils.java:logGet(46)) - raft.server.log.statemachine.data.sync.timeout = 10s (default)
2023-05-03 09:46:12,214 [pool-101-thread-1] INFO  server.RaftServerConfigKeys (ConfUtils.java:logGet(46)) - raft.server.log.statemachine.data.sync.timeout.retry = -1 (default)
2023-05-03 09:46:12,222 [pool-101-thread-1] INFO  server.RaftServerConfigKeys (ConfUtils.java:logGet(46)) - raft.server.log.write.buffer.size = 1048576 (custom)
2023-05-03 09:46:12,222 [pool-101-thread-1] INFO  server.RaftServerConfigKeys (ConfUtils.java:logGet(46)) - raft.server.log.appender.buffer.byte-limit = 33554432 (custom)
2023-05-03 09:46:12,228 [pool-101-thread-1] INFO  server.RaftServerConfigKeys (ConfUtils.java:logGet(46)) - raft.server.log.unsafe-flush.enabled = false (default)
2023-05-03 09:46:12,229 [pool-101-thread-1] INFO  server.RaftServerConfigKeys (ConfUtils.java:logGet(46)) - raft.server.log.async-flush.enabled = false (default)
2023-05-03 09:46:12,229 [pool-101-thread-1] INFO  server.RaftServerConfigKeys (ConfUtils.java:logGet(46)) - raft.server.log.statemachine.data.caching.enabled = true (custom)
2023-05-03 09:46:12,229 [pool-101-thread-1] INFO  segmented.SegmentedRaftLogWorker (SegmentedRaftLogWorker.java:lambda$new$0(135)) - 6865ef2a-f9e6-4758-8bd9-8da76fd5f008@group-25ACAC35DE11-SegmentedRaftLogWorker: flushIndex: setUnconditionally 0 -> -1
2023-05-03 09:46:12,229 [pool-101-thread-1] INFO  segmented.SegmentedRaftLogWorker (SegmentedRaftLogWorker.java:lambda$new$0(135)) - 6865ef2a-f9e6-4758-8bd9-8da76fd5f008@group-25ACAC35DE11-SegmentedRaftLogWorker: safeCacheEvictIndex: setUnconditionally 0 -> -1
2023-05-03 09:46:12,234 [pool-101-thread-1] INFO  server.RaftServer$Division (RaftServerImpl.java:start(334)) - 6865ef2a-f9e6-4758-8bd9-8da76fd5f008@group-25ACAC35DE11: start as a follower, conf=-1: peers:[ba1183bc-3307-4f2f-a7df-7eeda515be78|rpc:10.1.0.194:37239|dataStream:10.1.0.194:46645|priority:0|startupRole:FOLLOWER, 6865ef2a-f9e6-4758-8bd9-8da76fd5f008|rpc:10.1.0.194:37715|dataStream:10.1.0.194:37001|priority:0|startupRole:FOLLOWER, b253d63f-33bc-4eb4-9d64-d22092d7a357|rpc:10.1.0.194:38893|dataStream:10.1.0.194:41891|priority:1|startupRole:FOLLOWER]|listeners:[], old=null
2023-05-03 09:46:12,234 [pool-101-thread-1] INFO  server.RaftServer$Division (RaftServerImpl.java:setRole(321)) - 6865ef2a-f9e6-4758-8bd9-8da76fd5f008@group-25ACAC35DE11: changes role from      null to FOLLOWER at term 0 for startAsFollower
2023-05-03 09:46:12,234 [pool-101-thread-1] INFO  impl.RoleInfo (RoleInfo.java:updateAndGet(139)) - 6865ef2a-f9e6-4758-8bd9-8da76fd5f008: start 6865ef2a-f9e6-4758-8bd9-8da76fd5f008@group-25ACAC35DE11-FollowerState
2023-05-03 09:46:12,235 [6865ef2a-f9e6-4758-8bd9-8da76fd5f008@group-25ACAC35DE11-FollowerState] INFO  server.RaftServerConfigKeys (ConfUtils.java:logFallback(53)) - raft.server.rpc.first-election.timeout.min = 5s (fallback to raft.server.rpc.timeout.min)
2023-05-03 09:46:12,235 [pool-101-thread-1] INFO  util.JmxRegister (JmxRegister.java:tryRegister(44)) - Successfully registered JMX Bean with object name Ratis:service=RaftServer,group=group-25ACAC35DE11,id=6865ef2a-f9e6-4758-8bd9-8da76fd5f008
2023-05-03 09:46:12,236 [6865ef2a-f9e6-4758-8bd9-8da76fd5f008@group-25ACAC35DE11-FollowerState] INFO  server.RaftServerConfigKeys (ConfUtils.java:logFallback(53)) - raft.server.rpc.first-election.timeout.max = 5200ms (fallback to raft.server.rpc.timeout.max)
2023-05-03 09:46:12,236 [pool-101-thread-1] INFO  server.RaftServerConfigKeys (ConfUtils.java:logGet(46)) - raft.server.snapshot.auto.trigger.enabled = true (custom)
2023-05-03 09:46:12,236 [pool-101-thread-1] INFO  server.RaftServerConfigKeys (ConfUtils.java:logGet(46)) - raft.server.snapshot.auto.trigger.threshold = 10000 (custom)
2023-05-03 09:46:12,236 [pool-101-thread-1] INFO  server.RaftServerConfigKeys (ConfUtils.java:logGet(46)) - raft.server.snapshot.retention.file.num = 5 (custom)
2023-05-03 09:46:12,236 [pool-101-thread-1] INFO  server.RaftServerConfigKeys (ConfUtils.java:logGet(46)) - raft.server.log.purge.upto.snapshot.index = false (default)
2023-05-03 09:46:12,247 [Command processor thread] INFO  commandhandler.CreatePipelineCommandHandler (CreatePipelineCommandHandler.java:handle(113)) - Created Pipeline RATIS THREE PipelineID=05b880ab-170c-4da7-8905-25acac35de11.
2023-05-03 09:46:12,247 [Command processor thread] INFO  server.RaftServer (RaftServerProxy.java:addNew(96)) - ba1183bc-3307-4f2f-a7df-7eeda515be78: addNew group-E1B12D75F4DE:[ba1183bc-3307-4f2f-a7df-7eeda515be78|rpc:10.1.0.194:37239|dataStream:10.1.0.194:46645|priority:0|startupRole:FOLLOWER, 6865ef2a-f9e6-4758-8bd9-8da76fd5f008|rpc:10.1.0.194:37715|dataStream:10.1.0.194:37001|priority:1|startupRole:FOLLOWER, b253d63f-33bc-4eb4-9d64-d22092d7a357|rpc:10.1.0.194:38893|dataStream:10.1.0.194:41891|priority:0|startupRole:FOLLOWER] returns group-E1B12D75F4DE:java.util.concurrent.CompletableFuture@56554bc4[Not completed]
2023-05-03 09:46:12,248 [pool-79-thread-1] INFO  server.RaftServer$Division (RaftServerImpl.java:<init>(195)) - ba1183bc-3307-4f2f-a7df-7eeda515be78: new RaftServerImpl for group-E1B12D75F4DE:[ba1183bc-3307-4f2f-a7df-7eeda515be78|rpc:10.1.0.194:37239|dataStream:10.1.0.194:46645|priority:0|startupRole:FOLLOWER, 6865ef2a-f9e6-4758-8bd9-8da76fd5f008|rpc:10.1.0.194:37715|dataStream:10.1.0.194:37001|priority:1|startupRole:FOLLOWER, b253d63f-33bc-4eb4-9d64-d22092d7a357|rpc:10.1.0.194:38893|dataStream:10.1.0.194:41891|priority:0|startupRole:FOLLOWER] with ContainerStateMachine:uninitialized
2023-05-03 09:46:12,248 [pool-79-thread-1] INFO  server.RaftServerConfigKeys (ConfUtils.java:logGet(46)) - raft.server.rpc.timeout.min = 5s (custom)
2023-05-03 09:46:12,248 [pool-79-thread-1] INFO  server.RaftServerConfigKeys (ConfUtils.java:logGet(46)) - raft.server.rpc.timeout.max = 5200ms (custom)
2023-05-03 09:46:12,248 [pool-79-thread-1] INFO  server.RaftServerConfigKeys (ConfUtils.java:logGet(46)) - raft.server.rpc.sleep.time = 25ms (default)
2023-05-03 09:46:12,248 [pool-79-thread-1] INFO  server.RaftServerConfigKeys (ConfUtils.java:logGet(46)) - raft.server.rpc.slowness.timeout = 300s (custom)
2023-05-03 09:46:12,248 [pool-79-thread-1] INFO  server.RaftServerConfigKeys (ConfUtils.java:logGet(46)) - raft.server.leaderelection.leader.step-down.wait-time = 10s (default)
2023-05-03 09:46:12,248 [pool-79-thread-1] INFO  server.RaftServerConfigKeys (ConfUtils.java:logGet(46)) - raft.server.sleep.deviation.threshold = 300ms (default)
2023-05-03 09:46:12,249 [pool-79-thread-1] INFO  server.RaftServer$Division (ServerState.java:<init>(118)) - ba1183bc-3307-4f2f-a7df-7eeda515be78@group-E1B12D75F4DE: ConfigurationManager, init=-1: peers:[ba1183bc-3307-4f2f-a7df-7eeda515be78|rpc:10.1.0.194:37239|dataStream:10.1.0.194:46645|priority:0|startupRole:FOLLOWER, 6865ef2a-f9e6-4758-8bd9-8da76fd5f008|rpc:10.1.0.194:37715|dataStream:10.1.0.194:37001|priority:1|startupRole:FOLLOWER, b253d63f-33bc-4eb4-9d64-d22092d7a357|rpc:10.1.0.194:38893|dataStream:10.1.0.194:41891|priority:0|startupRole:FOLLOWER]|listeners:[], old=null, confs=<EMPTY_MAP>
2023-05-03 09:46:12,249 [pool-79-thread-1] INFO  server.RaftServerConfigKeys (ConfUtils.java:logGet(46)) - raft.server.storage.dir = [/home/runner/work/ozone/ozone/hadoop-ozone/integration-test/target/test-dir/MiniOzoneClusterImpl-adc655c8-92ed-4be5-b45a-b6dec4162976/datanode-0/data/ratis] (custom)
2023-05-03 09:46:12,249 [pool-79-thread-1] INFO  server.RaftServerConfigKeys (ConfUtils.java:logGet(46)) - raft.server.log.corruption.policy = EXCEPTION (default)
2023-05-03 09:46:12,249 [pool-79-thread-1] INFO  server.RaftServerConfigKeys (ConfUtils.java:logGet(46)) - raft.server.storage.free-space.min = 0MB (=0) (default)
2023-05-03 09:46:12,249 [pool-79-thread-1] INFO  server.RaftServerConfigKeys (ConfUtils.java:logGet(46)) - raft.server.notification.no-leader.timeout = 300s (custom)
2023-05-03 09:46:12,249 [pool-79-thread-1] INFO  server.RaftServerConfigKeys (ConfUtils.java:logGet(46)) - raft.server.retrycache.expirytime = 600000ms (custom)
2023-05-03 09:46:12,249 [pool-79-thread-1] INFO  server.RaftServerConfigKeys (ConfUtils.java:logGet(46)) - raft.server.retrycache.statistics.expirytime = 100μs (default)
2023-05-03 09:46:12,250 [pool-79-thread-1] INFO  server.RaftServerConfigKeys (ConfUtils.java:logGet(46)) - raft.server.log.appender.install.snapshot.enabled = false (custom)
2023-05-03 09:46:12,250 [pool-79-thread-1] INFO  server.RaftServerConfigKeys (ConfUtils.java:logGet(46)) - raft.server.threadpool.server.cached = true (default)
2023-05-03 09:46:12,250 [pool-79-thread-1] INFO  server.RaftServerConfigKeys (ConfUtils.java:logGet(46)) - raft.server.threadpool.server.size = 0 (default)
2023-05-03 09:46:12,250 [pool-79-thread-1] INFO  server.RaftServerConfigKeys (ConfUtils.java:logGet(46)) - raft.server.threadpool.client.cached = true (default)
2023-05-03 09:46:12,250 [pool-79-thread-1] INFO  server.RaftServerConfigKeys (ConfUtils.java:logGet(46)) - raft.server.threadpool.client.size = 0 (default)
2023-05-03 09:46:12,250 [pool-79-thread-1] INFO  storage.RaftStorageDirectory (RaftStorageDirectoryImpl.java:analyzeStorage(137)) - The storage directory /home/runner/work/ozone/ozone/hadoop-ozone/integration-test/target/test-dir/MiniOzoneClusterImpl-adc655c8-92ed-4be5-b45a-b6dec4162976/datanode-0/data/ratis/4b28a19b-c925-41a3-a060-e1b12d75f4de does not exist. Creating ...
2023-05-03 09:46:12,251 [pool-79-thread-1] INFO  storage.RaftStorageDirectory (RaftStorageDirectoryImpl.java:tryLock(231)) - Lock on /home/runner/work/ozone/ozone/hadoop-ozone/integration-test/target/test-dir/MiniOzoneClusterImpl-adc655c8-92ed-4be5-b45a-b6dec4162976/datanode-0/data/ratis/4b28a19b-c925-41a3-a060-e1b12d75f4de/in_use.lock acquired by nodename 7780@fv-az139-793
2023-05-03 09:46:12,252 [pool-79-thread-1] INFO  storage.RaftStorage (RaftStorageImpl.java:format(96)) - Storage directory /home/runner/work/ozone/ozone/hadoop-ozone/integration-test/target/test-dir/MiniOzoneClusterImpl-adc655c8-92ed-4be5-b45a-b6dec4162976/datanode-0/data/ratis/4b28a19b-c925-41a3-a060-e1b12d75f4de has been successfully formatted.
2023-05-03 09:46:12,253 [pool-79-thread-1] INFO  ratis.ContainerStateMachine (ContainerStateMachine.java:loadSnapshot(262)) - group-E1B12D75F4DE: The snapshot info is null. Setting the last applied indexto:(t:0, i:~)
2023-05-03 09:46:12,253 [pool-79-thread-1] INFO  server.RaftServerConfigKeys (ConfUtils.java:logGet(46)) - raft.server.log.use.memory = false (default)
2023-05-03 09:46:12,253 [pool-79-thread-1] INFO  server.RaftServerConfigKeys (ConfUtils.java:logGet(46)) - raft.server.log.purge.gap = 1000000 (custom)
2023-05-03 09:46:12,253 [pool-79-thread-1] INFO  server.RaftServerConfigKeys (ConfUtils.java:logGet(46)) - raft.server.log.appender.buffer.byte-limit = 33554432 (custom)
2023-05-03 09:46:12,253 [pool-79-thread-1] INFO  server.RaftServerConfigKeys (ConfUtils.java:logGet(46)) - raft.server.log.statemachine.data.read.timeout = 1000ms (default)
2023-05-03 09:46:12,253 [pool-79-thread-1] INFO  server.RaftServerConfigKeys (ConfUtils.java:logGet(46)) - raft.server.log.purge.preservation.log.num = 0 (default)
2023-05-03 09:46:12,254 [EventQueue-OpenPipelineForHealthyPipelineSafeModeRule] INFO  safemode.SCMSafeModeManager (HealthyPipelineSafeModeRule.java:process(137)) - SCM in safe mode. Healthy pipelines reported count is 0, required healthy pipeline reported count is 1
2023-05-03 09:46:12,254 [pool-79-thread-1] INFO  server.RaftServerConfigKeys (ConfUtils.java:logGet(46)) - raft.server.log.segment.size.max = 1048576 (custom)
2023-05-03 09:46:12,255 [pool-79-thread-1] INFO  server.RaftServerConfigKeys (ConfUtils.java:logGet(46)) - raft.server.log.segment.cache.num.max = 2 (custom)
2023-05-03 09:46:12,255 [pool-79-thread-1] INFO  server.RaftServerConfigKeys (ConfUtils.java:logGet(46)) - raft.server.log.segment.cache.size.max = 200MB (=209715200) (default)
2023-05-03 09:46:12,255 [pool-79-thread-1] INFO  segmented.SegmentedRaftLogWorker (SegmentedRaftLogWorker.java:<init>(189)) - new ba1183bc-3307-4f2f-a7df-7eeda515be78@group-E1B12D75F4DE-SegmentedRaftLogWorker for RaftStorageImpl:Storage Directory /home/runner/work/ozone/ozone/hadoop-ozone/integration-test/target/test-dir/MiniOzoneClusterImpl-adc655c8-92ed-4be5-b45a-b6dec4162976/datanode-0/data/ratis/4b28a19b-c925-41a3-a060-e1b12d75f4de
2023-05-03 09:46:12,255 [pool-79-thread-1] INFO  server.RaftServerConfigKeys (ConfUtils.java:logGet(46)) - raft.server.log.queue.byte-limit = 4294967296 (custom)
2023-05-03 09:46:12,255 [pool-79-thread-1] INFO  server.RaftServerConfigKeys (ConfUtils.java:logGet(46)) - raft.server.log.queue.element-limit = 1024 (custom)
2023-05-03 09:46:12,255 [pool-79-thread-1] INFO  server.RaftServerConfigKeys (ConfUtils.java:logGet(46)) - raft.server.log.segment.size.max = 1048576 (custom)
2023-05-03 09:46:12,255 [pool-79-thread-1] INFO  server.RaftServerConfigKeys (ConfUtils.java:logGet(46)) - raft.server.log.preallocated.size = 16384 (custom)
2023-05-03 09:46:12,255 [pool-79-thread-1] INFO  server.RaftServerConfigKeys (ConfUtils.java:logGet(46)) - raft.server.log.force.sync.num = 128 (default)
2023-05-03 09:46:12,255 [pool-79-thread-1] INFO  server.RaftServerConfigKeys (ConfUtils.java:logGet(46)) - raft.server.log.statemachine.data.sync = true (default)
2023-05-03 09:46:12,255 [pool-79-thread-1] INFO  server.RaftServerConfigKeys (ConfUtils.java:logGet(46)) - raft.server.log.statemachine.data.sync.timeout = 10s (default)
2023-05-03 09:46:12,255 [pool-79-thread-1] INFO  server.RaftServerConfigKeys (ConfUtils.java:logGet(46)) - raft.server.log.statemachine.data.sync.timeout.retry = -1 (default)
2023-05-03 09:46:12,256 [pool-79-thread-1] INFO  server.RaftServerConfigKeys (ConfUtils.java:logGet(46)) - raft.server.log.write.buffer.size = 1048576 (custom)
2023-05-03 09:46:12,256 [pool-79-thread-1] INFO  server.RaftServerConfigKeys (ConfUtils.java:logGet(46)) - raft.server.log.appender.buffer.byte-limit = 33554432 (custom)
2023-05-03 09:46:12,259 [pool-79-thread-1] INFO  server.RaftServerConfigKeys (ConfUtils.java:logGet(46)) - raft.server.log.unsafe-flush.enabled = false (default)
2023-05-03 09:46:12,259 [pool-79-thread-1] INFO  server.RaftServerConfigKeys (ConfUtils.java:logGet(46)) - raft.server.log.async-flush.enabled = false (default)
2023-05-03 09:46:12,259 [pool-79-thread-1] INFO  server.RaftServerConfigKeys (ConfUtils.java:logGet(46)) - raft.server.log.statemachine.data.caching.enabled = true (custom)
2023-05-03 09:46:12,259 [pool-79-thread-1] INFO  segmented.SegmentedRaftLogWorker (SegmentedRaftLogWorker.java:lambda$new$0(135)) - ba1183bc-3307-4f2f-a7df-7eeda515be78@group-E1B12D75F4DE-SegmentedRaftLogWorker: flushIndex: setUnconditionally 0 -> -1
2023-05-03 09:46:12,259 [pool-79-thread-1] INFO  segmented.SegmentedRaftLogWorker (SegmentedRaftLogWorker.java:lambda$new$0(135)) - ba1183bc-3307-4f2f-a7df-7eeda515be78@group-E1B12D75F4DE-SegmentedRaftLogWorker: safeCacheEvictIndex: setUnconditionally 0 -> -1
2023-05-03 09:46:12,260 [pool-79-thread-1] INFO  server.RaftServer$Division (RaftServerImpl.java:start(334)) - ba1183bc-3307-4f2f-a7df-7eeda515be78@group-E1B12D75F4DE: start as a follower, conf=-1: peers:[ba1183bc-3307-4f2f-a7df-7eeda515be78|rpc:10.1.0.194:37239|dataStream:10.1.0.194:46645|priority:0|startupRole:FOLLOWER, 6865ef2a-f9e6-4758-8bd9-8da76fd5f008|rpc:10.1.0.194:37715|dataStream:10.1.0.194:37001|priority:1|startupRole:FOLLOWER, b253d63f-33bc-4eb4-9d64-d22092d7a357|rpc:10.1.0.194:38893|dataStream:10.1.0.194:41891|priority:0|startupRole:FOLLOWER]|listeners:[], old=null
2023-05-03 09:46:12,260 [pool-79-thread-1] INFO  server.RaftServer$Division (RaftServerImpl.java:setRole(321)) - ba1183bc-3307-4f2f-a7df-7eeda515be78@group-E1B12D75F4DE: changes role from      null to FOLLOWER at term 0 for startAsFollower
2023-05-03 09:46:12,260 [pool-79-thread-1] INFO  impl.RoleInfo (RoleInfo.java:updateAndGet(139)) - ba1183bc-3307-4f2f-a7df-7eeda515be78: start ba1183bc-3307-4f2f-a7df-7eeda515be78@group-E1B12D75F4DE-FollowerState
2023-05-03 09:46:12,262 [pool-79-thread-1] INFO  util.JmxRegister (JmxRegister.java:tryRegister(44)) - Successfully registered JMX Bean with object name Ratis:service=RaftServer,group=group-E1B12D75F4DE,id=ba1183bc-3307-4f2f-a7df-7eeda515be78
2023-05-03 09:46:12,262 [pool-79-thread-1] INFO  server.RaftServerConfigKeys (ConfUtils.java:logGet(46)) - raft.server.snapshot.auto.trigger.enabled = true (custom)
2023-05-03 09:46:12,262 [pool-79-thread-1] INFO  server.RaftServerConfigKeys (ConfUtils.java:logGet(46)) - raft.server.snapshot.auto.trigger.threshold = 10000 (custom)
2023-05-03 09:46:12,262 [pool-79-thread-1] INFO  server.RaftServerConfigKeys (ConfUtils.java:logGet(46)) - raft.server.snapshot.retention.file.num = 5 (custom)
2023-05-03 09:46:12,262 [pool-79-thread-1] INFO  server.RaftServerConfigKeys (ConfUtils.java:logGet(46)) - raft.server.log.purge.upto.snapshot.index = false (default)
2023-05-03 09:46:12,262 [ba1183bc-3307-4f2f-a7df-7eeda515be78@group-E1B12D75F4DE-FollowerState] INFO  server.RaftServerConfigKeys (ConfUtils.java:logFallback(53)) - raft.server.rpc.first-election.timeout.min = 5s (fallback to raft.server.rpc.timeout.min)
2023-05-03 09:46:12,263 [Command processor thread] INFO  ratis.XceiverServerRatis (XceiverServerRatis.java:addGroup(806)) - Created group PipelineID=4b28a19b-c925-41a3-a060-e1b12d75f4de
2023-05-03 09:46:12,263 [ba1183bc-3307-4f2f-a7df-7eeda515be78@group-E1B12D75F4DE-FollowerState] INFO  server.RaftServerConfigKeys (ConfUtils.java:logFallback(53)) - raft.server.rpc.first-election.timeout.max = 5200ms (fallback to raft.server.rpc.timeout.max)
2023-05-03 09:46:12,273 [grpc-default-executor-0] INFO  server.RaftServer (RaftServerProxy.java:addNew(96)) - 6865ef2a-f9e6-4758-8bd9-8da76fd5f008: addNew group-E1B12D75F4DE:[ba1183bc-3307-4f2f-a7df-7eeda515be78|rpc:10.1.0.194:37239|dataStream:10.1.0.194:46645|priority:0|startupRole:FOLLOWER, 6865ef2a-f9e6-4758-8bd9-8da76fd5f008|rpc:10.1.0.194:37715|dataStream:10.1.0.194:37001|priority:1|startupRole:FOLLOWER, b253d63f-33bc-4eb4-9d64-d22092d7a357|rpc:10.1.0.194:38893|dataStream:10.1.0.194:41891|priority:0|startupRole:FOLLOWER] returns group-E1B12D75F4DE:java.util.concurrent.CompletableFuture@22a15782[Not completed]
2023-05-03 09:46:12,274 [pool-101-thread-1] INFO  server.RaftServer$Division (RaftServerImpl.java:<init>(195)) - 6865ef2a-f9e6-4758-8bd9-8da76fd5f008: new RaftServerImpl for group-E1B12D75F4DE:[ba1183bc-3307-4f2f-a7df-7eeda515be78|rpc:10.1.0.194:37239|dataStream:10.1.0.194:46645|priority:0|startupRole:FOLLOWER, 6865ef2a-f9e6-4758-8bd9-8da76fd5f008|rpc:10.1.0.194:37715|dataStream:10.1.0.194:37001|priority:1|startupRole:FOLLOWER, b253d63f-33bc-4eb4-9d64-d22092d7a357|rpc:10.1.0.194:38893|dataStream:10.1.0.194:41891|priority:0|startupRole:FOLLOWER] with ContainerStateMachine:uninitialized
2023-05-03 09:46:12,275 [pool-101-thread-1] INFO  server.RaftServerConfigKeys (ConfUtils.java:logGet(46)) - raft.server.rpc.timeout.min = 5s (custom)
2023-05-03 09:46:12,275 [pool-101-thread-1] INFO  server.RaftServerConfigKeys (ConfUtils.java:logGet(46)) - raft.server.rpc.timeout.max = 5200ms (custom)
2023-05-03 09:46:12,275 [pool-101-thread-1] INFO  server.RaftServerConfigKeys (ConfUtils.java:logGet(46)) - raft.server.rpc.sleep.time = 25ms (default)
2023-05-03 09:46:12,275 [pool-101-thread-1] INFO  server.RaftServerConfigKeys (ConfUtils.java:logGet(46)) - raft.server.rpc.slowness.timeout = 300s (custom)
2023-05-03 09:46:12,275 [pool-101-thread-1] INFO  server.RaftServerConfigKeys (ConfUtils.java:logGet(46)) - raft.server.leaderelection.leader.step-down.wait-time = 10s (default)
2023-05-03 09:46:12,275 [pool-101-thread-1] INFO  server.RaftServerConfigKeys (ConfUtils.java:logGet(46)) - raft.server.sleep.deviation.threshold = 300ms (default)
2023-05-03 09:46:12,275 [pool-101-thread-1] INFO  server.RaftServer$Division (ServerState.java:<init>(118)) - 6865ef2a-f9e6-4758-8bd9-8da76fd5f008@group-E1B12D75F4DE: ConfigurationManager, init=-1: peers:[ba1183bc-3307-4f2f-a7df-7eeda515be78|rpc:10.1.0.194:37239|dataStream:10.1.0.194:46645|priority:0|startupRole:FOLLOWER, 6865ef2a-f9e6-4758-8bd9-8da76fd5f008|rpc:10.1.0.194:37715|dataStream:10.1.0.194:37001|priority:1|startupRole:FOLLOWER, b253d63f-33bc-4eb4-9d64-d22092d7a357|rpc:10.1.0.194:38893|dataStream:10.1.0.194:41891|priority:0|startupRole:FOLLOWER]|listeners:[], old=null, confs=<EMPTY_MAP>
2023-05-03 09:46:12,275 [pool-101-thread-1] INFO  server.RaftServerConfigKeys (ConfUtils.java:logGet(46)) - raft.server.storage.dir = [/home/runner/work/ozone/ozone/hadoop-ozone/integration-test/target/test-dir/MiniOzoneClusterImpl-adc655c8-92ed-4be5-b45a-b6dec4162976/datanode-1/data/ratis] (custom)
2023-05-03 09:46:12,275 [pool-101-thread-1] INFO  server.RaftServerConfigKeys (ConfUtils.java:logGet(46)) - raft.server.log.corruption.policy = EXCEPTION (default)
2023-05-03 09:46:12,275 [pool-101-thread-1] INFO  server.RaftServerConfigKeys (ConfUtils.java:logGet(46)) - raft.server.storage.free-space.min = 0MB (=0) (default)
2023-05-03 09:46:12,275 [pool-101-thread-1] INFO  server.RaftServerConfigKeys (ConfUtils.java:logGet(46)) - raft.server.notification.no-leader.timeout = 300s (custom)
2023-05-03 09:46:12,275 [pool-101-thread-1] INFO  server.RaftServerConfigKeys (ConfUtils.java:logGet(46)) - raft.server.retrycache.expirytime = 600000ms (custom)
2023-05-03 09:46:12,275 [pool-101-thread-1] INFO  server.RaftServerConfigKeys (ConfUtils.java:logGet(46)) - raft.server.retrycache.statistics.expirytime = 100μs (default)
2023-05-03 09:46:12,278 [pool-101-thread-1] INFO  server.RaftServerConfigKeys (ConfUtils.java:logGet(46)) - raft.server.log.appender.install.snapshot.enabled = false (custom)
2023-05-03 09:46:12,278 [pool-101-thread-1] INFO  server.RaftServerConfigKeys (ConfUtils.java:logGet(46)) - raft.server.threadpool.server.cached = true (default)
2023-05-03 09:46:12,278 [pool-101-thread-1] INFO  server.RaftServerConfigKeys (ConfUtils.java:logGet(46)) - raft.server.threadpool.server.size = 0 (default)
2023-05-03 09:46:12,278 [pool-101-thread-1] INFO  server.RaftServerConfigKeys (ConfUtils.java:logGet(46)) - raft.server.threadpool.client.cached = true (default)
2023-05-03 09:46:12,279 [pool-101-thread-1] INFO  server.RaftServerConfigKeys (ConfUtils.java:logGet(46)) - raft.server.threadpool.client.size = 0 (default)
2023-05-03 09:46:12,279 [pool-101-thread-1] INFO  storage.RaftStorageDirectory (RaftStorageDirectoryImpl.java:analyzeStorage(137)) - The storage directory /home/runner/work/ozone/ozone/hadoop-ozone/integration-test/target/test-dir/MiniOzoneClusterImpl-adc655c8-92ed-4be5-b45a-b6dec4162976/datanode-1/data/ratis/4b28a19b-c925-41a3-a060-e1b12d75f4de does not exist. Creating ...
2023-05-03 09:46:12,280 [pool-101-thread-1] INFO  storage.RaftStorageDirectory (RaftStorageDirectoryImpl.java:tryLock(231)) - Lock on /home/runner/work/ozone/ozone/hadoop-ozone/integration-test/target/test-dir/MiniOzoneClusterImpl-adc655c8-92ed-4be5-b45a-b6dec4162976/datanode-1/data/ratis/4b28a19b-c925-41a3-a060-e1b12d75f4de/in_use.lock acquired by nodename 7780@fv-az139-793
2023-05-03 09:46:12,281 [pool-101-thread-1] INFO  storage.RaftStorage (RaftStorageImpl.java:format(96)) - Storage directory /home/runner/work/ozone/ozone/hadoop-ozone/integration-test/target/test-dir/MiniOzoneClusterImpl-adc655c8-92ed-4be5-b45a-b6dec4162976/datanode-1/data/ratis/4b28a19b-c925-41a3-a060-e1b12d75f4de has been successfully formatted.
2023-05-03 09:46:12,282 [pool-101-thread-1] INFO  ratis.ContainerStateMachine (ContainerStateMachine.java:loadSnapshot(262)) - group-E1B12D75F4DE: The snapshot info is null. Setting the last applied indexto:(t:0, i:~)
2023-05-03 09:46:12,282 [pool-101-thread-1] INFO  server.RaftServerConfigKeys (ConfUtils.java:logGet(46)) - raft.server.log.use.memory = false (default)
2023-05-03 09:46:12,282 [pool-101-thread-1] INFO  server.RaftServerConfigKeys (ConfUtils.java:logGet(46)) - raft.server.log.purge.gap = 1000000 (custom)
2023-05-03 09:46:12,283 [pool-101-thread-1] INFO  server.RaftServerConfigKeys (ConfUtils.java:logGet(46)) - raft.server.log.appender.buffer.byte-limit = 33554432 (custom)
2023-05-03 09:46:12,283 [pool-101-thread-1] INFO  server.RaftServerConfigKeys (ConfUtils.java:logGet(46)) - raft.server.log.statemachine.data.read.timeout = 1000ms (default)
2023-05-03 09:46:12,283 [pool-101-thread-1] INFO  server.RaftServerConfigKeys (ConfUtils.java:logGet(46)) - raft.server.log.purge.preservation.log.num = 0 (default)
2023-05-03 09:46:12,283 [pool-101-thread-1] INFO  server.RaftServerConfigKeys (ConfUtils.java:logGet(46)) - raft.server.log.segment.size.max = 1048576 (custom)
2023-05-03 09:46:12,283 [pool-101-thread-1] INFO  server.RaftServerConfigKeys (ConfUtils.java:logGet(46)) - raft.server.log.segment.cache.num.max = 2 (custom)
2023-05-03 09:46:12,283 [pool-101-thread-1] INFO  server.RaftServerConfigKeys (ConfUtils.java:logGet(46)) - raft.server.log.segment.cache.size.max = 200MB (=209715200) (default)
2023-05-03 09:46:12,283 [pool-101-thread-1] INFO  segmented.SegmentedRaftLogWorker (SegmentedRaftLogWorker.java:<init>(189)) - new 6865ef2a-f9e6-4758-8bd9-8da76fd5f008@group-E1B12D75F4DE-SegmentedRaftLogWorker for RaftStorageImpl:Storage Directory /home/runner/work/ozone/ozone/hadoop-ozone/integration-test/target/test-dir/MiniOzoneClusterImpl-adc655c8-92ed-4be5-b45a-b6dec4162976/datanode-1/data/ratis/4b28a19b-c925-41a3-a060-e1b12d75f4de
2023-05-03 09:46:12,283 [pool-101-thread-1] INFO  server.RaftServerConfigKeys (ConfUtils.java:logGet(46)) - raft.server.log.queue.byte-limit = 4294967296 (custom)
2023-05-03 09:46:12,283 [pool-101-thread-1] INFO  server.RaftServerConfigKeys (ConfUtils.java:logGet(46)) - raft.server.log.queue.element-limit = 1024 (custom)
2023-05-03 09:46:12,283 [pool-101-thread-1] INFO  server.RaftServerConfigKeys (ConfUtils.java:logGet(46)) - raft.server.log.segment.size.max = 1048576 (custom)
2023-05-03 09:46:12,283 [pool-101-thread-1] INFO  server.RaftServerConfigKeys (ConfUtils.java:logGet(46)) - raft.server.log.preallocated.size = 16384 (custom)
2023-05-03 09:46:12,283 [pool-101-thread-1] INFO  server.RaftServerConfigKeys (ConfUtils.java:logGet(46)) - raft.server.log.force.sync.num = 128 (default)
2023-05-03 09:46:12,283 [pool-101-thread-1] INFO  server.RaftServerConfigKeys (ConfUtils.java:logGet(46)) - raft.server.log.statemachine.data.sync = true (default)
2023-05-03 09:46:12,283 [pool-101-thread-1] INFO  server.RaftServerConfigKeys (ConfUtils.java:logGet(46)) - raft.server.log.statemachine.data.sync.timeout = 10s (default)
2023-05-03 09:46:12,284 [pool-101-thread-1] INFO  server.RaftServerConfigKeys (ConfUtils.java:logGet(46)) - raft.server.log.statemachine.data.sync.timeout.retry = -1 (default)
2023-05-03 09:46:12,284 [pool-101-thread-1] INFO  server.RaftServerConfigKeys (ConfUtils.java:logGet(46)) - raft.server.log.write.buffer.size = 1048576 (custom)
2023-05-03 09:46:12,286 [pool-101-thread-1] INFO  server.RaftServerConfigKeys (ConfUtils.java:logGet(46)) - raft.server.log.appender.buffer.byte-limit = 33554432 (custom)
2023-05-03 09:46:12,292 [pool-101-thread-1] INFO  server.RaftServerConfigKeys (ConfUtils.java:logGet(46)) - raft.server.log.unsafe-flush.enabled = false (default)
2023-05-03 09:46:12,292 [pool-101-thread-1] INFO  server.RaftServerConfigKeys (ConfUtils.java:logGet(46)) - raft.server.log.async-flush.enabled = false (default)
2023-05-03 09:46:12,293 [pool-101-thread-1] INFO  server.RaftServerConfigKeys (ConfUtils.java:logGet(46)) - raft.server.log.statemachine.data.caching.enabled = true (custom)
2023-05-03 09:46:12,293 [pool-101-thread-1] INFO  segmented.SegmentedRaftLogWorker (SegmentedRaftLogWorker.java:lambda$new$0(135)) - 6865ef2a-f9e6-4758-8bd9-8da76fd5f008@group-E1B12D75F4DE-SegmentedRaftLogWorker: flushIndex: setUnconditionally 0 -> -1
2023-05-03 09:46:12,293 [pool-101-thread-1] INFO  segmented.SegmentedRaftLogWorker (SegmentedRaftLogWorker.java:lambda$new$0(135)) - 6865ef2a-f9e6-4758-8bd9-8da76fd5f008@group-E1B12D75F4DE-SegmentedRaftLogWorker: safeCacheEvictIndex: setUnconditionally 0 -> -1
2023-05-03 09:46:12,293 [pool-101-thread-1] INFO  server.RaftServer$Division (RaftServerImpl.java:start(334)) - 6865ef2a-f9e6-4758-8bd9-8da76fd5f008@group-E1B12D75F4DE: start as a follower, conf=-1: peers:[ba1183bc-3307-4f2f-a7df-7eeda515be78|rpc:10.1.0.194:37239|dataStream:10.1.0.194:46645|priority:0|startupRole:FOLLOWER, 6865ef2a-f9e6-4758-8bd9-8da76fd5f008|rpc:10.1.0.194:37715|dataStream:10.1.0.194:37001|priority:1|startupRole:FOLLOWER, b253d63f-33bc-4eb4-9d64-d22092d7a357|rpc:10.1.0.194:38893|dataStream:10.1.0.194:41891|priority:0|startupRole:FOLLOWER]|listeners:[], old=null
2023-05-03 09:46:12,293 [pool-101-thread-1] INFO  server.RaftServer$Division (RaftServerImpl.java:setRole(321)) - 6865ef2a-f9e6-4758-8bd9-8da76fd5f008@group-E1B12D75F4DE: changes role from      null to FOLLOWER at term 0 for startAsFollower
2023-05-03 09:46:12,293 [pool-101-thread-1] INFO  impl.RoleInfo (RoleInfo.java:updateAndGet(139)) - 6865ef2a-f9e6-4758-8bd9-8da76fd5f008: start 6865ef2a-f9e6-4758-8bd9-8da76fd5f008@group-E1B12D75F4DE-FollowerState
2023-05-03 09:46:12,294 [pool-101-thread-1] INFO  util.JmxRegister (JmxRegister.java:tryRegister(44)) - Successfully registered JMX Bean with object name Ratis:service=RaftServer,group=group-E1B12D75F4DE,id=6865ef2a-f9e6-4758-8bd9-8da76fd5f008
2023-05-03 09:46:12,294 [pool-101-thread-1] INFO  server.RaftServerConfigKeys (ConfUtils.java:logGet(46)) - raft.server.snapshot.auto.trigger.enabled = true (custom)
2023-05-03 09:46:12,294 [pool-101-thread-1] INFO  server.RaftServerConfigKeys (ConfUtils.java:logGet(46)) - raft.server.snapshot.auto.trigger.threshold = 10000 (custom)
2023-05-03 09:46:12,294 [pool-101-thread-1] INFO  server.RaftServerConfigKeys (ConfUtils.java:logGet(46)) - raft.server.snapshot.retention.file.num = 5 (custom)
2023-05-03 09:46:12,294 [pool-101-thread-1] INFO  server.RaftServerConfigKeys (ConfUtils.java:logGet(46)) - raft.server.log.purge.upto.snapshot.index = false (default)
2023-05-03 09:46:12,294 [6865ef2a-f9e6-4758-8bd9-8da76fd5f008@group-E1B12D75F4DE-FollowerState] INFO  server.RaftServerConfigKeys (ConfUtils.java:logFallback(53)) - raft.server.rpc.first-election.timeout.min = 5s (fallback to raft.server.rpc.timeout.min)
2023-05-03 09:46:12,299 [6865ef2a-f9e6-4758-8bd9-8da76fd5f008@group-E1B12D75F4DE-FollowerState] INFO  server.RaftServerConfigKeys (ConfUtils.java:logFallback(53)) - raft.server.rpc.first-election.timeout.max = 5200ms (fallback to raft.server.rpc.timeout.max)
2023-05-03 09:46:12,301 [Command processor thread] INFO  server.RaftServer (RaftServerProxy.java:addNew(96)) - 6865ef2a-f9e6-4758-8bd9-8da76fd5f008: addNew group-1EE0DF288816:[6865ef2a-f9e6-4758-8bd9-8da76fd5f008|rpc:10.1.0.194:37715|dataStream:10.1.0.194:37001|priority:1|startupRole:FOLLOWER] returns group-1EE0DF288816:java.util.concurrent.CompletableFuture@1ffb445f[Not completed]
2023-05-03 09:46:12,302 [pool-101-thread-1] INFO  server.RaftServer$Division (RaftServerImpl.java:<init>(195)) - 6865ef2a-f9e6-4758-8bd9-8da76fd5f008: new RaftServerImpl for group-1EE0DF288816:[6865ef2a-f9e6-4758-8bd9-8da76fd5f008|rpc:10.1.0.194:37715|dataStream:10.1.0.194:37001|priority:1|startupRole:FOLLOWER] with ContainerStateMachine:uninitialized
2023-05-03 09:46:12,302 [pool-101-thread-1] INFO  server.RaftServerConfigKeys (ConfUtils.java:logGet(46)) - raft.server.rpc.timeout.min = 5s (custom)
2023-05-03 09:46:12,302 [pool-101-thread-1] INFO  server.RaftServerConfigKeys (ConfUtils.java:logGet(46)) - raft.server.rpc.timeout.max = 5200ms (custom)
2023-05-03 09:46:12,302 [pool-101-thread-1] INFO  server.RaftServerConfigKeys (ConfUtils.java:logGet(46)) - raft.server.rpc.sleep.time = 25ms (default)
2023-05-03 09:46:12,302 [pool-101-thread-1] INFO  server.RaftServerConfigKeys (ConfUtils.java:logGet(46)) - raft.server.rpc.slowness.timeout = 300s (custom)
2023-05-03 09:46:12,302 [pool-101-thread-1] INFO  server.RaftServerConfigKeys (ConfUtils.java:logGet(46)) - raft.server.leaderelection.leader.step-down.wait-time = 10s (default)
2023-05-03 09:46:12,302 [pool-101-thread-1] INFO  server.RaftServerConfigKeys (ConfUtils.java:logGet(46)) - raft.server.sleep.deviation.threshold = 300ms (default)
2023-05-03 09:46:12,303 [pool-101-thread-1] INFO  server.RaftServer$Division (ServerState.java:<init>(118)) - 6865ef2a-f9e6-4758-8bd9-8da76fd5f008@group-1EE0DF288816: ConfigurationManager, init=-1: peers:[6865ef2a-f9e6-4758-8bd9-8da76fd5f008|rpc:10.1.0.194:37715|dataStream:10.1.0.194:37001|priority:1|startupRole:FOLLOWER]|listeners:[], old=null, confs=<EMPTY_MAP>
2023-05-03 09:46:12,303 [pool-101-thread-1] INFO  server.RaftServerConfigKeys (ConfUtils.java:logGet(46)) - raft.server.storage.dir = [/home/runner/work/ozone/ozone/hadoop-ozone/integration-test/target/test-dir/MiniOzoneClusterImpl-adc655c8-92ed-4be5-b45a-b6dec4162976/datanode-1/data/ratis] (custom)
2023-05-03 09:46:12,303 [pool-101-thread-1] INFO  server.RaftServerConfigKeys (ConfUtils.java:logGet(46)) - raft.server.log.corruption.policy = EXCEPTION (default)
2023-05-03 09:46:12,303 [pool-101-thread-1] INFO  server.RaftServerConfigKeys (ConfUtils.java:logGet(46)) - raft.server.storage.free-space.min = 0MB (=0) (default)
2023-05-03 09:46:12,303 [pool-101-thread-1] INFO  server.RaftServerConfigKeys (ConfUtils.java:logGet(46)) - raft.server.notification.no-leader.timeout = 300s (custom)
2023-05-03 09:46:12,303 [pool-101-thread-1] INFO  server.RaftServerConfigKeys (ConfUtils.java:logGet(46)) - raft.server.retrycache.expirytime = 600000ms (custom)
2023-05-03 09:46:12,303 [pool-101-thread-1] INFO  server.RaftServerConfigKeys (ConfUtils.java:logGet(46)) - raft.server.retrycache.statistics.expirytime = 100μs (default)
2023-05-03 09:46:12,304 [pool-101-thread-1] INFO  server.RaftServerConfigKeys (ConfUtils.java:logGet(46)) - raft.server.log.appender.install.snapshot.enabled = false (custom)
2023-05-03 09:46:12,304 [pool-101-thread-1] INFO  server.RaftServerConfigKeys (ConfUtils.java:logGet(46)) - raft.server.threadpool.server.cached = true (default)
2023-05-03 09:46:12,304 [pool-101-thread-1] INFO  server.RaftServerConfigKeys (ConfUtils.java:logGet(46)) - raft.server.threadpool.server.size = 0 (default)
2023-05-03 09:46:12,304 [pool-101-thread-1] INFO  server.RaftServerConfigKeys (ConfUtils.java:logGet(46)) - raft.server.threadpool.client.cached = true (default)
2023-05-03 09:46:12,304 [pool-101-thread-1] INFO  server.RaftServerConfigKeys (ConfUtils.java:logGet(46)) - raft.server.threadpool.client.size = 0 (default)
2023-05-03 09:46:12,304 [pool-101-thread-1] INFO  storage.RaftStorageDirectory (RaftStorageDirectoryImpl.java:analyzeStorage(137)) - The storage directory /home/runner/work/ozone/ozone/hadoop-ozone/integration-test/target/test-dir/MiniOzoneClusterImpl-adc655c8-92ed-4be5-b45a-b6dec4162976/datanode-1/data/ratis/19924dad-43e5-4463-a456-1ee0df288816 does not exist. Creating ...
2023-05-03 09:46:12,310 [pool-101-thread-1] INFO  storage.RaftStorageDirectory (RaftStorageDirectoryImpl.java:tryLock(231)) - Lock on /home/runner/work/ozone/ozone/hadoop-ozone/integration-test/target/test-dir/MiniOzoneClusterImpl-adc655c8-92ed-4be5-b45a-b6dec4162976/datanode-1/data/ratis/19924dad-43e5-4463-a456-1ee0df288816/in_use.lock acquired by nodename 7780@fv-az139-793
2023-05-03 09:46:12,311 [pool-101-thread-1] INFO  storage.RaftStorage (RaftStorageImpl.java:format(96)) - Storage directory /home/runner/work/ozone/ozone/hadoop-ozone/integration-test/target/test-dir/MiniOzoneClusterImpl-adc655c8-92ed-4be5-b45a-b6dec4162976/datanode-1/data/ratis/19924dad-43e5-4463-a456-1ee0df288816 has been successfully formatted.
2023-05-03 09:46:12,312 [pool-101-thread-1] INFO  ratis.ContainerStateMachine (ContainerStateMachine.java:loadSnapshot(262)) - group-1EE0DF288816: The snapshot info is null. Setting the last applied indexto:(t:0, i:~)
2023-05-03 09:46:12,312 [pool-101-thread-1] INFO  server.RaftServerConfigKeys (ConfUtils.java:logGet(46)) - raft.server.log.use.memory = false (default)
2023-05-03 09:46:12,313 [EventQueue-PipelineReportForPipelineReportHandler] INFO  pipeline.PipelineManagerImpl (PipelineManagerImpl.java:openPipeline(367)) - Pipeline Pipeline[ Id: 19924dad-43e5-4463-a456-1ee0df288816, Nodes: 6865ef2a-f9e6-4758-8bd9-8da76fd5f008(fv-az139-793.t0dryja4c43urhy2nvp0adewnd.cx.internal.cloudapp.net/10.1.0.194), ReplicationConfig: RATIS/ONE, State:ALLOCATED, leaderId:6865ef2a-f9e6-4758-8bd9-8da76fd5f008, CreationTimestamp2023-05-03T09:46:09.301Z[Etc/UTC]] moved to OPEN state
2023-05-03 09:46:12,313 [pool-101-thread-1] INFO  server.RaftServerConfigKeys (ConfUtils.java:logGet(46)) - raft.server.log.purge.gap = 1000000 (custom)
2023-05-03 09:46:12,313 [pool-101-thread-1] INFO  server.RaftServerConfigKeys (ConfUtils.java:logGet(46)) - raft.server.log.appender.buffer.byte-limit = 33554432 (custom)
2023-05-03 09:46:12,314 [pool-101-thread-1] INFO  server.RaftServerConfigKeys (ConfUtils.java:logGet(46)) - raft.server.log.statemachine.data.read.timeout = 1000ms (default)
2023-05-03 09:46:12,314 [pool-101-thread-1] INFO  server.RaftServerConfigKeys (ConfUtils.java:logGet(46)) - raft.server.log.purge.preservation.log.num = 0 (default)
2023-05-03 09:46:12,314 [pool-101-thread-1] INFO  server.RaftServerConfigKeys (ConfUtils.java:logGet(46)) - raft.server.log.segment.size.max = 1048576 (custom)
2023-05-03 09:46:12,314 [EventQueue-OpenPipelineForHealthyPipelineSafeModeRule] INFO  safemode.SCMSafeModeManager (HealthyPipelineSafeModeRule.java:process(137)) - SCM in safe mode. Healthy pipelines reported count is 0, required healthy pipeline reported count is 1
2023-05-03 09:46:12,314 [pool-101-thread-1] INFO  server.RaftServerConfigKeys (ConfUtils.java:logGet(46)) - raft.server.log.segment.cache.num.max = 2 (custom)
2023-05-03 09:46:12,314 [pool-101-thread-1] INFO  server.RaftServerConfigKeys (ConfUtils.java:logGet(46)) - raft.server.log.segment.cache.size.max = 200MB (=209715200) (default)
2023-05-03 09:46:12,314 [pool-101-thread-1] INFO  segmented.SegmentedRaftLogWorker (SegmentedRaftLogWorker.java:<init>(189)) - new 6865ef2a-f9e6-4758-8bd9-8da76fd5f008@group-1EE0DF288816-SegmentedRaftLogWorker for RaftStorageImpl:Storage Directory /home/runner/work/ozone/ozone/hadoop-ozone/integration-test/target/test-dir/MiniOzoneClusterImpl-adc655c8-92ed-4be5-b45a-b6dec4162976/datanode-1/data/ratis/19924dad-43e5-4463-a456-1ee0df288816
2023-05-03 09:46:12,314 [pool-101-thread-1] INFO  server.RaftServerConfigKeys (ConfUtils.java:logGet(46)) - raft.server.log.queue.byte-limit = 4294967296 (custom)
2023-05-03 09:46:12,314 [pool-101-thread-1] INFO  server.RaftServerConfigKeys (ConfUtils.java:logGet(46)) - raft.server.log.queue.element-limit = 1024 (custom)
2023-05-03 09:46:12,314 [pool-101-thread-1] INFO  server.RaftServerConfigKeys (ConfUtils.java:logGet(46)) - raft.server.log.segment.size.max = 1048576 (custom)
2023-05-03 09:46:12,314 [pool-101-thread-1] INFO  server.RaftServerConfigKeys (ConfUtils.java:logGet(46)) - raft.server.log.preallocated.size = 16384 (custom)
2023-05-03 09:46:12,314 [pool-101-thread-1] INFO  server.RaftServerConfigKeys (ConfUtils.java:logGet(46)) - raft.server.log.force.sync.num = 128 (default)
2023-05-03 09:46:12,314 [pool-101-thread-1] INFO  server.RaftServerConfigKeys (ConfUtils.java:logGet(46)) - raft.server.log.statemachine.data.sync = true (default)
2023-05-03 09:46:12,314 [pool-101-thread-1] INFO  server.RaftServerConfigKeys (ConfUtils.java:logGet(46)) - raft.server.log.statemachine.data.sync.timeout = 10s (default)
2023-05-03 09:46:12,314 [pool-101-thread-1] INFO  server.RaftServerConfigKeys (ConfUtils.java:logGet(46)) - raft.server.log.statemachine.data.sync.timeout.retry = -1 (default)
2023-05-03 09:46:12,315 [pool-101-thread-1] INFO  server.RaftServerConfigKeys (ConfUtils.java:logGet(46)) - raft.server.log.write.buffer.size = 1048576 (custom)
2023-05-03 09:46:12,315 [pool-101-thread-1] INFO  server.RaftServerConfigKeys (ConfUtils.java:logGet(46)) - raft.server.log.appender.buffer.byte-limit = 33554432 (custom)
2023-05-03 09:46:12,322 [pool-101-thread-1] INFO  server.RaftServerConfigKeys (ConfUtils.java:logGet(46)) - raft.server.log.unsafe-flush.enabled = false (default)
2023-05-03 09:46:12,323 [pool-101-thread-1] INFO  server.RaftServerConfigKeys (ConfUtils.java:logGet(46)) - raft.server.log.async-flush.enabled = false (default)
2023-05-03 09:46:12,323 [pool-101-thread-1] INFO  server.RaftServerConfigKeys (ConfUtils.java:logGet(46)) - raft.server.log.statemachine.data.caching.enabled = true (custom)
2023-05-03 09:46:12,323 [pool-101-thread-1] INFO  segmented.SegmentedRaftLogWorker (SegmentedRaftLogWorker.java:lambda$new$0(135)) - 6865ef2a-f9e6-4758-8bd9-8da76fd5f008@group-1EE0DF288816-SegmentedRaftLogWorker: flushIndex: setUnconditionally 0 -> -1
2023-05-03 09:46:12,324 [pool-101-thread-1] INFO  segmented.SegmentedRaftLogWorker (SegmentedRaftLogWorker.java:lambda$new$0(135)) - 6865ef2a-f9e6-4758-8bd9-8da76fd5f008@group-1EE0DF288816-SegmentedRaftLogWorker: safeCacheEvictIndex: setUnconditionally 0 -> -1
2023-05-03 09:46:12,324 [pool-101-thread-1] INFO  server.RaftServer$Division (RaftServerImpl.java:start(334)) - 6865ef2a-f9e6-4758-8bd9-8da76fd5f008@group-1EE0DF288816: start as a follower, conf=-1: peers:[6865ef2a-f9e6-4758-8bd9-8da76fd5f008|rpc:10.1.0.194:37715|dataStream:10.1.0.194:37001|priority:1|startupRole:FOLLOWER]|listeners:[], old=null
2023-05-03 09:46:12,324 [pool-101-thread-1] INFO  server.RaftServer$Division (RaftServerImpl.java:setRole(321)) - 6865ef2a-f9e6-4758-8bd9-8da76fd5f008@group-1EE0DF288816: changes role from      null to FOLLOWER at term 0 for startAsFollower
2023-05-03 09:46:12,324 [pool-101-thread-1] INFO  impl.RoleInfo (RoleInfo.java:updateAndGet(139)) - 6865ef2a-f9e6-4758-8bd9-8da76fd5f008: start 6865ef2a-f9e6-4758-8bd9-8da76fd5f008@group-1EE0DF288816-FollowerState
2023-05-03 09:46:12,324 [pool-101-thread-1] INFO  util.JmxRegister (JmxRegister.java:tryRegister(44)) - Successfully registered JMX Bean with object name Ratis:service=RaftServer,group=group-1EE0DF288816,id=6865ef2a-f9e6-4758-8bd9-8da76fd5f008
2023-05-03 09:46:12,324 [pool-101-thread-1] INFO  server.RaftServerConfigKeys (ConfUtils.java:logGet(46)) - raft.server.snapshot.auto.trigger.enabled = true (custom)
2023-05-03 09:46:12,324 [pool-101-thread-1] INFO  server.RaftServerConfigKeys (ConfUtils.java:logGet(46)) - raft.server.snapshot.auto.trigger.threshold = 10000 (custom)
2023-05-03 09:46:12,324 [pool-101-thread-1] INFO  server.RaftServerConfigKeys (ConfUtils.java:logGet(46)) - raft.server.snapshot.retention.file.num = 5 (custom)
2023-05-03 09:46:12,324 [pool-101-thread-1] INFO  server.RaftServerConfigKeys (ConfUtils.java:logGet(46)) - raft.server.log.purge.upto.snapshot.index = false (default)
2023-05-03 09:46:12,325 [6865ef2a-f9e6-4758-8bd9-8da76fd5f008@group-1EE0DF288816-FollowerState] INFO  server.RaftServerConfigKeys (ConfUtils.java:logFallback(53)) - raft.server.rpc.first-election.timeout.min = 5s (fallback to raft.server.rpc.timeout.min)
2023-05-03 09:46:12,325 [6865ef2a-f9e6-4758-8bd9-8da76fd5f008@group-1EE0DF288816-FollowerState] INFO  server.RaftServerConfigKeys (ConfUtils.java:logFallback(53)) - raft.server.rpc.first-election.timeout.max = 5200ms (fallback to raft.server.rpc.timeout.max)
2023-05-03 09:46:12,330 [Command processor thread] INFO  ratis.XceiverServerRatis (XceiverServerRatis.java:addGroup(806)) - Created group PipelineID=19924dad-43e5-4463-a456-1ee0df288816
2023-05-03 09:46:12,330 [Command processor thread] INFO  commandhandler.CreatePipelineCommandHandler (CreatePipelineCommandHandler.java:handle(113)) - Created Pipeline RATIS ONE PipelineID=19924dad-43e5-4463-a456-1ee0df288816.
2023-05-03 09:46:12,340 [grpc-default-executor-0] INFO  server.RaftServer (RaftServerProxy.java:addNew(96)) - b253d63f-33bc-4eb4-9d64-d22092d7a357: addNew group-E1B12D75F4DE:[ba1183bc-3307-4f2f-a7df-7eeda515be78|rpc:10.1.0.194:37239|dataStream:10.1.0.194:46645|priority:0|startupRole:FOLLOWER, 6865ef2a-f9e6-4758-8bd9-8da76fd5f008|rpc:10.1.0.194:37715|dataStream:10.1.0.194:37001|priority:1|startupRole:FOLLOWER, b253d63f-33bc-4eb4-9d64-d22092d7a357|rpc:10.1.0.194:38893|dataStream:10.1.0.194:41891|priority:0|startupRole:FOLLOWER] returns group-E1B12D75F4DE:java.util.concurrent.CompletableFuture@36f45bc3[Not completed]
2023-05-03 09:46:12,341 [pool-123-thread-1] INFO  server.RaftServer$Division (RaftServerImpl.java:<init>(195)) - b253d63f-33bc-4eb4-9d64-d22092d7a357: new RaftServerImpl for group-E1B12D75F4DE:[ba1183bc-3307-4f2f-a7df-7eeda515be78|rpc:10.1.0.194:37239|dataStream:10.1.0.194:46645|priority:0|startupRole:FOLLOWER, 6865ef2a-f9e6-4758-8bd9-8da76fd5f008|rpc:10.1.0.194:37715|dataStream:10.1.0.194:37001|priority:1|startupRole:FOLLOWER, b253d63f-33bc-4eb4-9d64-d22092d7a357|rpc:10.1.0.194:38893|dataStream:10.1.0.194:41891|priority:0|startupRole:FOLLOWER] with ContainerStateMachine:uninitialized
2023-05-03 09:46:12,341 [pool-123-thread-1] INFO  server.RaftServerConfigKeys (ConfUtils.java:logGet(46)) - raft.server.rpc.timeout.min = 5s (custom)
2023-05-03 09:46:12,341 [pool-123-thread-1] INFO  server.RaftServerConfigKeys (ConfUtils.java:logGet(46)) - raft.server.rpc.timeout.max = 5200ms (custom)
2023-05-03 09:46:12,341 [pool-123-thread-1] INFO  server.RaftServerConfigKeys (ConfUtils.java:logGet(46)) - raft.server.rpc.sleep.time = 25ms (default)
2023-05-03 09:46:12,341 [pool-123-thread-1] INFO  server.RaftServerConfigKeys (ConfUtils.java:logGet(46)) - raft.server.rpc.slowness.timeout = 300s (custom)
2023-05-03 09:46:12,341 [pool-123-thread-1] INFO  server.RaftServerConfigKeys (ConfUtils.java:logGet(46)) - raft.server.leaderelection.leader.step-down.wait-time = 10s (default)
2023-05-03 09:46:12,341 [pool-123-thread-1] INFO  server.RaftServerConfigKeys (ConfUtils.java:logGet(46)) - raft.server.sleep.deviation.threshold = 300ms (default)
2023-05-03 09:46:12,341 [pool-123-thread-1] INFO  server.RaftServer$Division (ServerState.java:<init>(118)) - b253d63f-33bc-4eb4-9d64-d22092d7a357@group-E1B12D75F4DE: ConfigurationManager, init=-1: peers:[ba1183bc-3307-4f2f-a7df-7eeda515be78|rpc:10.1.0.194:37239|dataStream:10.1.0.194:46645|priority:0|startupRole:FOLLOWER, 6865ef2a-f9e6-4758-8bd9-8da76fd5f008|rpc:10.1.0.194:37715|dataStream:10.1.0.194:37001|priority:1|startupRole:FOLLOWER, b253d63f-33bc-4eb4-9d64-d22092d7a357|rpc:10.1.0.194:38893|dataStream:10.1.0.194:41891|priority:0|startupRole:FOLLOWER]|listeners:[], old=null, confs=<EMPTY_MAP>
2023-05-03 09:46:12,342 [pool-123-thread-1] INFO  server.RaftServerConfigKeys (ConfUtils.java:logGet(46)) - raft.server.storage.dir = [/home/runner/work/ozone/ozone/hadoop-ozone/integration-test/target/test-dir/MiniOzoneClusterImpl-adc655c8-92ed-4be5-b45a-b6dec4162976/datanode-2/data/ratis] (custom)
2023-05-03 09:46:12,342 [pool-123-thread-1] INFO  server.RaftServerConfigKeys (ConfUtils.java:logGet(46)) - raft.server.log.corruption.policy = EXCEPTION (default)
2023-05-03 09:46:12,342 [pool-123-thread-1] INFO  server.RaftServerConfigKeys (ConfUtils.java:logGet(46)) - raft.server.storage.free-space.min = 0MB (=0) (default)
2023-05-03 09:46:12,342 [pool-123-thread-1] INFO  server.RaftServerConfigKeys (ConfUtils.java:logGet(46)) - raft.server.notification.no-leader.timeout = 300s (custom)
2023-05-03 09:46:12,342 [pool-123-thread-1] INFO  server.RaftServerConfigKeys (ConfUtils.java:logGet(46)) - raft.server.retrycache.expirytime = 600000ms (custom)
2023-05-03 09:46:12,342 [pool-123-thread-1] INFO  server.RaftServerConfigKeys (ConfUtils.java:logGet(46)) - raft.server.retrycache.statistics.expirytime = 100μs (default)
2023-05-03 09:46:12,343 [pool-123-thread-1] INFO  server.RaftServerConfigKeys (ConfUtils.java:logGet(46)) - raft.server.log.appender.install.snapshot.enabled = false (custom)
2023-05-03 09:46:12,343 [pool-123-thread-1] INFO  server.RaftServerConfigKeys (ConfUtils.java:logGet(46)) - raft.server.threadpool.server.cached = true (default)
2023-05-03 09:46:12,343 [pool-123-thread-1] INFO  server.RaftServerConfigKeys (ConfUtils.java:logGet(46)) - raft.server.threadpool.server.size = 0 (default)
2023-05-03 09:46:12,343 [pool-123-thread-1] INFO  server.RaftServerConfigKeys (ConfUtils.java:logGet(46)) - raft.server.threadpool.client.cached = true (default)
2023-05-03 09:46:12,343 [pool-123-thread-1] INFO  server.RaftServerConfigKeys (ConfUtils.java:logGet(46)) - raft.server.threadpool.client.size = 0 (default)
2023-05-03 09:46:12,343 [pool-123-thread-1] INFO  storage.RaftStorageDirectory (RaftStorageDirectoryImpl.java:analyzeStorage(137)) - The storage directory /home/runner/work/ozone/ozone/hadoop-ozone/integration-test/target/test-dir/MiniOzoneClusterImpl-adc655c8-92ed-4be5-b45a-b6dec4162976/datanode-2/data/ratis/4b28a19b-c925-41a3-a060-e1b12d75f4de does not exist. Creating ...
2023-05-03 09:46:12,344 [pool-123-thread-1] INFO  storage.RaftStorageDirectory (RaftStorageDirectoryImpl.java:tryLock(231)) - Lock on /home/runner/work/ozone/ozone/hadoop-ozone/integration-test/target/test-dir/MiniOzoneClusterImpl-adc655c8-92ed-4be5-b45a-b6dec4162976/datanode-2/data/ratis/4b28a19b-c925-41a3-a060-e1b12d75f4de/in_use.lock acquired by nodename 7780@fv-az139-793
2023-05-03 09:46:12,345 [pool-123-thread-1] INFO  storage.RaftStorage (RaftStorageImpl.java:format(96)) - Storage directory /home/runner/work/ozone/ozone/hadoop-ozone/integration-test/target/test-dir/MiniOzoneClusterImpl-adc655c8-92ed-4be5-b45a-b6dec4162976/datanode-2/data/ratis/4b28a19b-c925-41a3-a060-e1b12d75f4de has been successfully formatted.
2023-05-03 09:46:12,346 [pool-123-thread-1] INFO  ratis.ContainerStateMachine (ContainerStateMachine.java:loadSnapshot(262)) - group-E1B12D75F4DE: The snapshot info is null. Setting the last applied indexto:(t:0, i:~)
2023-05-03 09:46:12,346 [pool-123-thread-1] INFO  server.RaftServerConfigKeys (ConfUtils.java:logGet(46)) - raft.server.log.use.memory = false (default)
2023-05-03 09:46:12,346 [pool-123-thread-1] INFO  server.RaftServerConfigKeys (ConfUtils.java:logGet(46)) - raft.server.log.purge.gap = 1000000 (custom)
2023-05-03 09:46:12,346 [pool-123-thread-1] INFO  server.RaftServerConfigKeys (ConfUtils.java:logGet(46)) - raft.server.log.appender.buffer.byte-limit = 33554432 (custom)
2023-05-03 09:46:12,346 [pool-123-thread-1] INFO  server.RaftServerConfigKeys (ConfUtils.java:logGet(46)) - raft.server.log.statemachine.data.read.timeout = 1000ms (default)
2023-05-03 09:46:12,346 [pool-123-thread-1] INFO  server.RaftServerConfigKeys (ConfUtils.java:logGet(46)) - raft.server.log.purge.preservation.log.num = 0 (default)
2023-05-03 09:46:12,346 [pool-123-thread-1] INFO  server.RaftServerConfigKeys (ConfUtils.java:logGet(46)) - raft.server.log.segment.size.max = 1048576 (custom)
2023-05-03 09:46:12,347 [pool-123-thread-1] INFO  server.RaftServerConfigKeys (ConfUtils.java:logGet(46)) - raft.server.log.segment.cache.num.max = 2 (custom)
2023-05-03 09:46:12,347 [pool-123-thread-1] INFO  server.RaftServerConfigKeys (ConfUtils.java:logGet(46)) - raft.server.log.segment.cache.size.max = 200MB (=209715200) (default)
2023-05-03 09:46:12,347 [pool-123-thread-1] INFO  segmented.SegmentedRaftLogWorker (SegmentedRaftLogWorker.java:<init>(189)) - new b253d63f-33bc-4eb4-9d64-d22092d7a357@group-E1B12D75F4DE-SegmentedRaftLogWorker for RaftStorageImpl:Storage Directory /home/runner/work/ozone/ozone/hadoop-ozone/integration-test/target/test-dir/MiniOzoneClusterImpl-adc655c8-92ed-4be5-b45a-b6dec4162976/datanode-2/data/ratis/4b28a19b-c925-41a3-a060-e1b12d75f4de
2023-05-03 09:46:12,347 [pool-123-thread-1] INFO  server.RaftServerConfigKeys (ConfUtils.java:logGet(46)) - raft.server.log.queue.byte-limit = 4294967296 (custom)
2023-05-03 09:46:12,347 [pool-123-thread-1] INFO  server.RaftServerConfigKeys (ConfUtils.java:logGet(46)) - raft.server.log.queue.element-limit = 1024 (custom)
2023-05-03 09:46:12,347 [pool-123-thread-1] INFO  server.RaftServerConfigKeys (ConfUtils.java:logGet(46)) - raft.server.log.segment.size.max = 1048576 (custom)
2023-05-03 09:46:12,347 [pool-123-thread-1] INFO  server.RaftServerConfigKeys (ConfUtils.java:logGet(46)) - raft.server.log.preallocated.size = 16384 (custom)
2023-05-03 09:46:12,347 [pool-123-thread-1] INFO  server.RaftServerConfigKeys (ConfUtils.java:logGet(46)) - raft.server.log.force.sync.num = 128 (default)
2023-05-03 09:46:12,347 [pool-123-thread-1] INFO  server.RaftServerConfigKeys (ConfUtils.java:logGet(46)) - raft.server.log.statemachine.data.sync = true (default)
2023-05-03 09:46:12,347 [pool-123-thread-1] INFO  server.RaftServerConfigKeys (ConfUtils.java:logGet(46)) - raft.server.log.statemachine.data.sync.timeout = 10s (default)
2023-05-03 09:46:12,347 [pool-123-thread-1] INFO  server.RaftServerConfigKeys (ConfUtils.java:logGet(46)) - raft.server.log.statemachine.data.sync.timeout.retry = -1 (default)
2023-05-03 09:46:12,348 [pool-123-thread-1] INFO  server.RaftServerConfigKeys (ConfUtils.java:logGet(46)) - raft.server.log.write.buffer.size = 1048576 (custom)
2023-05-03 09:46:12,348 [pool-123-thread-1] INFO  server.RaftServerConfigKeys (ConfUtils.java:logGet(46)) - raft.server.log.appender.buffer.byte-limit = 33554432 (custom)
2023-05-03 09:46:12,358 [pool-123-thread-1] INFO  server.RaftServerConfigKeys (ConfUtils.java:logGet(46)) - raft.server.log.unsafe-flush.enabled = false (default)
2023-05-03 09:46:12,359 [pool-123-thread-1] INFO  server.RaftServerConfigKeys (ConfUtils.java:logGet(46)) - raft.server.log.async-flush.enabled = false (default)
2023-05-03 09:46:12,359 [pool-123-thread-1] INFO  server.RaftServerConfigKeys (ConfUtils.java:logGet(46)) - raft.server.log.statemachine.data.caching.enabled = true (custom)
2023-05-03 09:46:12,359 [pool-123-thread-1] INFO  segmented.SegmentedRaftLogWorker (SegmentedRaftLogWorker.java:lambda$new$0(135)) - b253d63f-33bc-4eb4-9d64-d22092d7a357@group-E1B12D75F4DE-SegmentedRaftLogWorker: flushIndex: setUnconditionally 0 -> -1
2023-05-03 09:46:12,359 [pool-123-thread-1] INFO  segmented.SegmentedRaftLogWorker (SegmentedRaftLogWorker.java:lambda$new$0(135)) - b253d63f-33bc-4eb4-9d64-d22092d7a357@group-E1B12D75F4DE-SegmentedRaftLogWorker: safeCacheEvictIndex: setUnconditionally 0 -> -1
2023-05-03 09:46:12,359 [pool-123-thread-1] INFO  server.RaftServer$Division (RaftServerImpl.java:start(334)) - b253d63f-33bc-4eb4-9d64-d22092d7a357@group-E1B12D75F4DE: start as a follower, conf=-1: peers:[ba1183bc-3307-4f2f-a7df-7eeda515be78|rpc:10.1.0.194:37239|dataStream:10.1.0.194:46645|priority:0|startupRole:FOLLOWER, 6865ef2a-f9e6-4758-8bd9-8da76fd5f008|rpc:10.1.0.194:37715|dataStream:10.1.0.194:37001|priority:1|startupRole:FOLLOWER, b253d63f-33bc-4eb4-9d64-d22092d7a357|rpc:10.1.0.194:38893|dataStream:10.1.0.194:41891|priority:0|startupRole:FOLLOWER]|listeners:[], old=null
2023-05-03 09:46:12,359 [pool-123-thread-1] INFO  server.RaftServer$Division (RaftServerImpl.java:setRole(321)) - b253d63f-33bc-4eb4-9d64-d22092d7a357@group-E1B12D75F4DE: changes role from      null to FOLLOWER at term 0 for startAsFollower
2023-05-03 09:46:12,359 [pool-123-thread-1] INFO  impl.RoleInfo (RoleInfo.java:updateAndGet(139)) - b253d63f-33bc-4eb4-9d64-d22092d7a357: start b253d63f-33bc-4eb4-9d64-d22092d7a357@group-E1B12D75F4DE-FollowerState
2023-05-03 09:46:12,362 [pool-123-thread-1] INFO  util.JmxRegister (JmxRegister.java:tryRegister(44)) - Successfully registered JMX Bean with object name Ratis:service=RaftServer,group=group-E1B12D75F4DE,id=b253d63f-33bc-4eb4-9d64-d22092d7a357
2023-05-03 09:46:12,362 [pool-123-thread-1] INFO  server.RaftServerConfigKeys (ConfUtils.java:logGet(46)) - raft.server.snapshot.auto.trigger.enabled = true (custom)
2023-05-03 09:46:12,362 [pool-123-thread-1] INFO  server.RaftServerConfigKeys (ConfUtils.java:logGet(46)) - raft.server.snapshot.auto.trigger.threshold = 10000 (custom)
2023-05-03 09:46:12,363 [pool-123-thread-1] INFO  server.RaftServerConfigKeys (ConfUtils.java:logGet(46)) - raft.server.snapshot.retention.file.num = 5 (custom)
2023-05-03 09:46:12,363 [pool-123-thread-1] INFO  server.RaftServerConfigKeys (ConfUtils.java:logGet(46)) - raft.server.log.purge.upto.snapshot.index = false (default)
2023-05-03 09:46:12,363 [b253d63f-33bc-4eb4-9d64-d22092d7a357@group-E1B12D75F4DE-FollowerState] INFO  server.RaftServerConfigKeys (ConfUtils.java:logFallback(53)) - raft.server.rpc.first-election.timeout.min = 5s (fallback to raft.server.rpc.timeout.min)
2023-05-03 09:46:12,366 [b253d63f-33bc-4eb4-9d64-d22092d7a357@group-E1B12D75F4DE-FollowerState] INFO  server.RaftServerConfigKeys (ConfUtils.java:logFallback(53)) - raft.server.rpc.first-election.timeout.max = 5200ms (fallback to raft.server.rpc.timeout.max)
2023-05-03 09:46:12,380 [Command processor thread] INFO  commandhandler.CreatePipelineCommandHandler (CreatePipelineCommandHandler.java:handle(113)) - Created Pipeline RATIS THREE PipelineID=4b28a19b-c925-41a3-a060-e1b12d75f4de.
2023-05-03 09:46:12,685 [Command processor thread] INFO  server.RaftServer (RaftServerProxy.java:addNew(96)) - b253d63f-33bc-4eb4-9d64-d22092d7a357: addNew group-E54D908FE80B:[b253d63f-33bc-4eb4-9d64-d22092d7a357|rpc:10.1.0.194:38893|dataStream:10.1.0.194:41891|priority:1|startupRole:FOLLOWER] returns group-E54D908FE80B:java.util.concurrent.CompletableFuture@1a5705f0[Not completed]
2023-05-03 09:46:12,686 [pool-123-thread-1] INFO  server.RaftServer$Division (RaftServerImpl.java:<init>(195)) - b253d63f-33bc-4eb4-9d64-d22092d7a357: new RaftServerImpl for group-E54D908FE80B:[b253d63f-33bc-4eb4-9d64-d22092d7a357|rpc:10.1.0.194:38893|dataStream:10.1.0.194:41891|priority:1|startupRole:FOLLOWER] with ContainerStateMachine:uninitialized
2023-05-03 09:46:12,687 [pool-123-thread-1] INFO  server.RaftServerConfigKeys (ConfUtils.java:logGet(46)) - raft.server.rpc.timeout.min = 5s (custom)
2023-05-03 09:46:12,687 [pool-123-thread-1] INFO  server.RaftServerConfigKeys (ConfUtils.java:logGet(46)) - raft.server.rpc.timeout.max = 5200ms (custom)
2023-05-03 09:46:12,687 [pool-123-thread-1] INFO  server.RaftServerConfigKeys (ConfUtils.java:logGet(46)) - raft.server.rpc.sleep.time = 25ms (default)
2023-05-03 09:46:12,687 [pool-123-thread-1] INFO  server.RaftServerConfigKeys (ConfUtils.java:logGet(46)) - raft.server.rpc.slowness.timeout = 300s (custom)
2023-05-03 09:46:12,687 [pool-123-thread-1] INFO  server.RaftServerConfigKeys (ConfUtils.java:logGet(46)) - raft.server.leaderelection.leader.step-down.wait-time = 10s (default)
2023-05-03 09:46:12,687 [pool-123-thread-1] INFO  server.RaftServerConfigKeys (ConfUtils.java:logGet(46)) - raft.server.sleep.deviation.threshold = 300ms (default)
2023-05-03 09:46:12,687 [pool-123-thread-1] INFO  server.RaftServer$Division (ServerState.java:<init>(118)) - b253d63f-33bc-4eb4-9d64-d22092d7a357@group-E54D908FE80B: ConfigurationManager, init=-1: peers:[b253d63f-33bc-4eb4-9d64-d22092d7a357|rpc:10.1.0.194:38893|dataStream:10.1.0.194:41891|priority:1|startupRole:FOLLOWER]|listeners:[], old=null, confs=<EMPTY_MAP>
2023-05-03 09:46:12,687 [pool-123-thread-1] INFO  server.RaftServerConfigKeys (ConfUtils.java:logGet(46)) - raft.server.storage.dir = [/home/runner/work/ozone/ozone/hadoop-ozone/integration-test/target/test-dir/MiniOzoneClusterImpl-adc655c8-92ed-4be5-b45a-b6dec4162976/datanode-2/data/ratis] (custom)
2023-05-03 09:46:12,687 [pool-123-thread-1] INFO  server.RaftServerConfigKeys (ConfUtils.java:logGet(46)) - raft.server.log.corruption.policy = EXCEPTION (default)
2023-05-03 09:46:12,687 [pool-123-thread-1] INFO  server.RaftServerConfigKeys (ConfUtils.java:logGet(46)) - raft.server.storage.free-space.min = 0MB (=0) (default)
2023-05-03 09:46:12,687 [pool-123-thread-1] INFO  server.RaftServerConfigKeys (ConfUtils.java:logGet(46)) - raft.server.notification.no-leader.timeout = 300s (custom)
2023-05-03 09:46:12,687 [pool-123-thread-1] INFO  server.RaftServerConfigKeys (ConfUtils.java:logGet(46)) - raft.server.retrycache.expirytime = 600000ms (custom)
2023-05-03 09:46:12,687 [pool-123-thread-1] INFO  server.RaftServerConfigKeys (ConfUtils.java:logGet(46)) - raft.server.retrycache.statistics.expirytime = 100μs (default)
2023-05-03 09:46:12,688 [pool-123-thread-1] INFO  server.RaftServerConfigKeys (ConfUtils.java:logGet(46)) - raft.server.log.appender.install.snapshot.enabled = false (custom)
2023-05-03 09:46:12,688 [pool-123-thread-1] INFO  server.RaftServerConfigKeys (ConfUtils.java:logGet(46)) - raft.server.threadpool.server.cached = true (default)
2023-05-03 09:46:12,688 [pool-123-thread-1] INFO  server.RaftServerConfigKeys (ConfUtils.java:logGet(46)) - raft.server.threadpool.server.size = 0 (default)
2023-05-03 09:46:12,688 [pool-123-thread-1] INFO  server.RaftServerConfigKeys (ConfUtils.java:logGet(46)) - raft.server.threadpool.client.cached = true (default)
2023-05-03 09:46:12,688 [pool-123-thread-1] INFO  server.RaftServerConfigKeys (ConfUtils.java:logGet(46)) - raft.server.threadpool.client.size = 0 (default)
2023-05-03 09:46:12,688 [pool-123-thread-1] INFO  storage.RaftStorageDirectory (RaftStorageDirectoryImpl.java:analyzeStorage(137)) - The storage directory /home/runner/work/ozone/ozone/hadoop-ozone/integration-test/target/test-dir/MiniOzoneClusterImpl-adc655c8-92ed-4be5-b45a-b6dec4162976/datanode-2/data/ratis/1da80be2-2582-452d-94b7-e54d908fe80b does not exist. Creating ...
2023-05-03 09:46:12,689 [pool-123-thread-1] INFO  storage.RaftStorageDirectory (RaftStorageDirectoryImpl.java:tryLock(231)) - Lock on /home/runner/work/ozone/ozone/hadoop-ozone/integration-test/target/test-dir/MiniOzoneClusterImpl-adc655c8-92ed-4be5-b45a-b6dec4162976/datanode-2/data/ratis/1da80be2-2582-452d-94b7-e54d908fe80b/in_use.lock acquired by nodename 7780@fv-az139-793
2023-05-03 09:46:12,690 [pool-123-thread-1] INFO  storage.RaftStorage (RaftStorageImpl.java:format(96)) - Storage directory /home/runner/work/ozone/ozone/hadoop-ozone/integration-test/target/test-dir/MiniOzoneClusterImpl-adc655c8-92ed-4be5-b45a-b6dec4162976/datanode-2/data/ratis/1da80be2-2582-452d-94b7-e54d908fe80b has been successfully formatted.
2023-05-03 09:46:12,691 [pool-123-thread-1] INFO  ratis.ContainerStateMachine (ContainerStateMachine.java:loadSnapshot(262)) - group-E54D908FE80B: The snapshot info is null. Setting the last applied indexto:(t:0, i:~)
2023-05-03 09:46:12,691 [pool-123-thread-1] INFO  server.RaftServerConfigKeys (ConfUtils.java:logGet(46)) - raft.server.log.use.memory = false (default)
2023-05-03 09:46:12,691 [pool-123-thread-1] INFO  server.RaftServerConfigKeys (ConfUtils.java:logGet(46)) - raft.server.log.purge.gap = 1000000 (custom)
2023-05-03 09:46:12,691 [pool-123-thread-1] INFO  server.RaftServerConfigKeys (ConfUtils.java:logGet(46)) - raft.server.log.appender.buffer.byte-limit = 33554432 (custom)
2023-05-03 09:46:12,691 [pool-123-thread-1] INFO  server.RaftServerConfigKeys (ConfUtils.java:logGet(46)) - raft.server.log.statemachine.data.read.timeout = 1000ms (default)
2023-05-03 09:46:12,691 [pool-123-thread-1] INFO  server.RaftServerConfigKeys (ConfUtils.java:logGet(46)) - raft.server.log.purge.preservation.log.num = 0 (default)
2023-05-03 09:46:12,691 [pool-123-thread-1] INFO  server.RaftServerConfigKeys (ConfUtils.java:logGet(46)) - raft.server.log.segment.size.max = 1048576 (custom)
2023-05-03 09:46:12,691 [pool-123-thread-1] INFO  server.RaftServerConfigKeys (ConfUtils.java:logGet(46)) - raft.server.log.segment.cache.num.max = 2 (custom)
2023-05-03 09:46:12,691 [pool-123-thread-1] INFO  server.RaftServerConfigKeys (ConfUtils.java:logGet(46)) - raft.server.log.segment.cache.size.max = 200MB (=209715200) (default)
2023-05-03 09:46:12,691 [pool-123-thread-1] INFO  segmented.SegmentedRaftLogWorker (SegmentedRaftLogWorker.java:<init>(189)) - new b253d63f-33bc-4eb4-9d64-d22092d7a357@group-E54D908FE80B-SegmentedRaftLogWorker for RaftStorageImpl:Storage Directory /home/runner/work/ozone/ozone/hadoop-ozone/integration-test/target/test-dir/MiniOzoneClusterImpl-adc655c8-92ed-4be5-b45a-b6dec4162976/datanode-2/data/ratis/1da80be2-2582-452d-94b7-e54d908fe80b
2023-05-03 09:46:12,692 [pool-123-thread-1] INFO  server.RaftServerConfigKeys (ConfUtils.java:logGet(46)) - raft.server.log.queue.byte-limit = 4294967296 (custom)
2023-05-03 09:46:12,692 [pool-123-thread-1] INFO  server.RaftServerConfigKeys (ConfUtils.java:logGet(46)) - raft.server.log.queue.element-limit = 1024 (custom)
2023-05-03 09:46:12,692 [pool-123-thread-1] INFO  server.RaftServerConfigKeys (ConfUtils.java:logGet(46)) - raft.server.log.segment.size.max = 1048576 (custom)
2023-05-03 09:46:12,692 [pool-123-thread-1] INFO  server.RaftServerConfigKeys (ConfUtils.java:logGet(46)) - raft.server.log.preallocated.size = 16384 (custom)
2023-05-03 09:46:12,692 [pool-123-thread-1] INFO  server.RaftServerConfigKeys (ConfUtils.java:logGet(46)) - raft.server.log.force.sync.num = 128 (default)
2023-05-03 09:46:12,692 [pool-123-thread-1] INFO  server.RaftServerConfigKeys (ConfUtils.java:logGet(46)) - raft.server.log.statemachine.data.sync = true (default)
2023-05-03 09:46:12,692 [pool-123-thread-1] INFO  server.RaftServerConfigKeys (ConfUtils.java:logGet(46)) - raft.server.log.statemachine.data.sync.timeout = 10s (default)
2023-05-03 09:46:12,692 [pool-123-thread-1] INFO  server.RaftServerConfigKeys (ConfUtils.java:logGet(46)) - raft.server.log.statemachine.data.sync.timeout.retry = -1 (default)
2023-05-03 09:46:12,692 [EventQueue-PipelineReportForPipelineReportHandler] INFO  pipeline.PipelineManagerImpl (PipelineManagerImpl.java:openPipeline(367)) - Pipeline Pipeline[ Id: 1da80be2-2582-452d-94b7-e54d908fe80b, Nodes: b253d63f-33bc-4eb4-9d64-d22092d7a357(fv-az139-793.t0dryja4c43urhy2nvp0adewnd.cx.internal.cloudapp.net/10.1.0.194), ReplicationConfig: RATIS/ONE, State:ALLOCATED, leaderId:b253d63f-33bc-4eb4-9d64-d22092d7a357, CreationTimestamp2023-05-03T09:46:09.688Z[Etc/UTC]] moved to OPEN state
2023-05-03 09:46:12,692 [pool-123-thread-1] INFO  server.RaftServerConfigKeys (ConfUtils.java:logGet(46)) - raft.server.log.write.buffer.size = 1048576 (custom)
2023-05-03 09:46:12,693 [EventQueue-OpenPipelineForHealthyPipelineSafeModeRule] INFO  safemode.SCMSafeModeManager (HealthyPipelineSafeModeRule.java:process(137)) - SCM in safe mode. Healthy pipelines reported count is 0, required healthy pipeline reported count is 1
2023-05-03 09:46:12,695 [pool-123-thread-1] INFO  server.RaftServerConfigKeys (ConfUtils.java:logGet(46)) - raft.server.log.appender.buffer.byte-limit = 33554432 (custom)
2023-05-03 09:46:12,887 [JvmPauseMonitor1] WARN  util.JvmPauseMonitor (JvmPauseMonitor.java:detectPause(126)) - JvmPauseMonitor-ba1183bc-3307-4f2f-a7df-7eeda515be78: Detected pause in JVM or host machine (eg GC): pause of approximately 110612190ns.
GC pool 'PS MarkSweep' had collection(s): count=1 time=123ms
GC pool 'PS Scavenge' had collection(s): count=1 time=62ms
2023-05-03 09:46:12,887 [JvmPauseMonitor0] WARN  util.JvmPauseMonitor (JvmPauseMonitor.java:detectPause(126)) - JvmPauseMonitor-om1: Detected pause in JVM or host machine (eg GC): pause of approximately 145365668ns.
GC pool 'PS MarkSweep' had collection(s): count=1 time=123ms
GC pool 'PS Scavenge' had collection(s): count=1 time=62ms
2023-05-03 09:46:12,888 [JvmPauseMonitor3] WARN  util.JvmPauseMonitor (JvmPauseMonitor.java:detectPause(126)) - JvmPauseMonitor-b253d63f-33bc-4eb4-9d64-d22092d7a357: Detected pause in JVM or host machine (eg GC): pause of approximately 167423945ns.
GC pool 'PS MarkSweep' had collection(s): count=1 time=123ms
GC pool 'PS Scavenge' had collection(s): count=1 time=62ms
2023-05-03 09:46:12,888 [Listener at 127.0.0.1/35191] INFO  ozone.MiniOzoneClusterImpl (MiniOzoneClusterImpl.java:lambda$waitForClusterToBeReady$0(223)) - Nodes are ready. Got 3 of 3 DN Heartbeats.
2023-05-03 09:46:12,889 [Listener at 127.0.0.1/35191] INFO  ozone.MiniOzoneClusterImpl (MiniOzoneClusterImpl.java:lambda$waitForClusterToBeReady$0(226)) - Waiting for cluster to exit safe mode
2023-05-03 09:46:12,889 [Listener at 127.0.0.1/35191] INFO  ozone.MiniOzoneClusterImpl (MiniOzoneClusterImpl.java:lambda$waitForClusterToBeReady$0(228)) - SCM became leader
2023-05-03 09:46:12,897 [pool-123-thread-1] INFO  server.RaftServerConfigKeys (ConfUtils.java:logGet(46)) - raft.server.log.unsafe-flush.enabled = false (default)
2023-05-03 09:46:12,897 [pool-123-thread-1] INFO  server.RaftServerConfigKeys (ConfUtils.java:logGet(46)) - raft.server.log.async-flush.enabled = false (default)
2023-05-03 09:46:12,897 [pool-123-thread-1] INFO  server.RaftServerConfigKeys (ConfUtils.java:logGet(46)) - raft.server.log.statemachine.data.caching.enabled = true (custom)
2023-05-03 09:46:12,897 [pool-123-thread-1] INFO  segmented.SegmentedRaftLogWorker (SegmentedRaftLogWorker.java:lambda$new$0(135)) - b253d63f-33bc-4eb4-9d64-d22092d7a357@group-E54D908FE80B-SegmentedRaftLogWorker: flushIndex: setUnconditionally 0 -> -1
2023-05-03 09:46:12,897 [pool-123-thread-1] INFO  segmented.SegmentedRaftLogWorker (SegmentedRaftLogWorker.java:lambda$new$0(135)) - b253d63f-33bc-4eb4-9d64-d22092d7a357@group-E54D908FE80B-SegmentedRaftLogWorker: safeCacheEvictIndex: setUnconditionally 0 -> -1
2023-05-03 09:46:12,898 [pool-123-thread-1] INFO  server.RaftServer$Division (RaftServerImpl.java:start(334)) - b253d63f-33bc-4eb4-9d64-d22092d7a357@group-E54D908FE80B: start as a follower, conf=-1: peers:[b253d63f-33bc-4eb4-9d64-d22092d7a357|rpc:10.1.0.194:38893|dataStream:10.1.0.194:41891|priority:1|startupRole:FOLLOWER]|listeners:[], old=null
2023-05-03 09:46:12,898 [pool-123-thread-1] INFO  server.RaftServer$Division (RaftServerImpl.java:setRole(321)) - b253d63f-33bc-4eb4-9d64-d22092d7a357@group-E54D908FE80B: changes role from      null to FOLLOWER at term 0 for startAsFollower
2023-05-03 09:46:12,898 [pool-123-thread-1] INFO  impl.RoleInfo (RoleInfo.java:updateAndGet(139)) - b253d63f-33bc-4eb4-9d64-d22092d7a357: start b253d63f-33bc-4eb4-9d64-d22092d7a357@group-E54D908FE80B-FollowerState
2023-05-03 09:46:12,898 [pool-123-thread-1] INFO  util.JmxRegister (JmxRegister.java:tryRegister(44)) - Successfully registered JMX Bean with object name Ratis:service=RaftServer,group=group-E54D908FE80B,id=b253d63f-33bc-4eb4-9d64-d22092d7a357
2023-05-03 09:46:12,898 [pool-123-thread-1] INFO  server.RaftServerConfigKeys (ConfUtils.java:logGet(46)) - raft.server.snapshot.auto.trigger.enabled = true (custom)
2023-05-03 09:46:12,898 [pool-123-thread-1] INFO  server.RaftServerConfigKeys (ConfUtils.java:logGet(46)) - raft.server.snapshot.auto.trigger.threshold = 10000 (custom)
2023-05-03 09:46:12,898 [pool-123-thread-1] INFO  server.RaftServerConfigKeys (ConfUtils.java:logGet(46)) - raft.server.snapshot.retention.file.num = 5 (custom)
2023-05-03 09:46:12,898 [pool-123-thread-1] INFO  server.RaftServerConfigKeys (ConfUtils.java:logGet(46)) - raft.server.log.purge.upto.snapshot.index = false (default)
2023-05-03 09:46:12,899 [b253d63f-33bc-4eb4-9d64-d22092d7a357@group-E54D908FE80B-FollowerState] INFO  server.RaftServerConfigKeys (ConfUtils.java:logFallback(53)) - raft.server.rpc.first-election.timeout.min = 5s (fallback to raft.server.rpc.timeout.min)
2023-05-03 09:46:12,899 [b253d63f-33bc-4eb4-9d64-d22092d7a357@group-E54D908FE80B-FollowerState] INFO  server.RaftServerConfigKeys (ConfUtils.java:logFallback(53)) - raft.server.rpc.first-election.timeout.max = 5200ms (fallback to raft.server.rpc.timeout.max)
2023-05-03 09:46:12,900 [Command processor thread] INFO  ratis.XceiverServerRatis (XceiverServerRatis.java:addGroup(806)) - Created group PipelineID=1da80be2-2582-452d-94b7-e54d908fe80b
2023-05-03 09:46:12,900 [Command processor thread] INFO  commandhandler.CreatePipelineCommandHandler (CreatePipelineCommandHandler.java:handle(113)) - Created Pipeline RATIS ONE PipelineID=1da80be2-2582-452d-94b7-e54d908fe80b.
2023-05-03 09:46:13,889 [Listener at 127.0.0.1/35191] INFO  ozone.MiniOzoneClusterImpl (MiniOzoneClusterImpl.java:lambda$waitForClusterToBeReady$0(223)) - Nodes are ready. Got 3 of 3 DN Heartbeats.
2023-05-03 09:46:13,889 [Listener at 127.0.0.1/35191] INFO  ozone.MiniOzoneClusterImpl (MiniOzoneClusterImpl.java:lambda$waitForClusterToBeReady$0(226)) - Waiting for cluster to exit safe mode
2023-05-03 09:46:13,889 [Listener at 127.0.0.1/35191] INFO  ozone.MiniOzoneClusterImpl (MiniOzoneClusterImpl.java:lambda$waitForClusterToBeReady$0(228)) - SCM became leader
2023-05-03 09:46:14,889 [Listener at 127.0.0.1/35191] INFO  ozone.MiniOzoneClusterImpl (MiniOzoneClusterImpl.java:lambda$waitForClusterToBeReady$0(223)) - Nodes are ready. Got 3 of 3 DN Heartbeats.
2023-05-03 09:46:14,890 [Listener at 127.0.0.1/35191] INFO  ozone.MiniOzoneClusterImpl (MiniOzoneClusterImpl.java:lambda$waitForClusterToBeReady$0(226)) - Waiting for cluster to exit safe mode
2023-05-03 09:46:14,890 [Listener at 127.0.0.1/35191] INFO  ozone.MiniOzoneClusterImpl (MiniOzoneClusterImpl.java:lambda$waitForClusterToBeReady$0(228)) - SCM became leader
2023-05-03 09:46:15,890 [Listener at 127.0.0.1/35191] INFO  ozone.MiniOzoneClusterImpl (MiniOzoneClusterImpl.java:lambda$waitForClusterToBeReady$0(223)) - Nodes are ready. Got 3 of 3 DN Heartbeats.
2023-05-03 09:46:15,890 [Listener at 127.0.0.1/35191] INFO  ozone.MiniOzoneClusterImpl (MiniOzoneClusterImpl.java:lambda$waitForClusterToBeReady$0(226)) - Waiting for cluster to exit safe mode
2023-05-03 09:46:15,890 [Listener at 127.0.0.1/35191] INFO  ozone.MiniOzoneClusterImpl (MiniOzoneClusterImpl.java:lambda$waitForClusterToBeReady$0(228)) - SCM became leader
2023-05-03 09:46:16,788 [ba1183bc-3307-4f2f-a7df-7eeda515be78@group-25ACAC35DE11-FollowerState] INFO  impl.FollowerState (FollowerState.java:run(143)) - ba1183bc-3307-4f2f-a7df-7eeda515be78@group-25ACAC35DE11-FollowerState: change to CANDIDATE, lastRpcElapsedTime:5034833880ns, electionTimeout:5028ms
2023-05-03 09:46:16,788 [ba1183bc-3307-4f2f-a7df-7eeda515be78@group-25ACAC35DE11-FollowerState] INFO  impl.RoleInfo (RoleInfo.java:shutdownFollowerState(110)) - ba1183bc-3307-4f2f-a7df-7eeda515be78: shutdown ba1183bc-3307-4f2f-a7df-7eeda515be78@group-25ACAC35DE11-FollowerState
2023-05-03 09:46:16,788 [ba1183bc-3307-4f2f-a7df-7eeda515be78@group-25ACAC35DE11-FollowerState] INFO  server.RaftServer$Division (RaftServerImpl.java:setRole(321)) - ba1183bc-3307-4f2f-a7df-7eeda515be78@group-25ACAC35DE11: changes role from  FOLLOWER to CANDIDATE at term 0 for changeToCandidate
2023-05-03 09:46:16,789 [ba1183bc-3307-4f2f-a7df-7eeda515be78@group-25ACAC35DE11-FollowerState] INFO  server.RaftServerConfigKeys (ConfUtils.java:logGet(46)) - raft.server.leaderelection.pre-vote = true (default)
2023-05-03 09:46:16,789 [ba1183bc-3307-4f2f-a7df-7eeda515be78@group-25ACAC35DE11-FollowerState] INFO  impl.RoleInfo (RoleInfo.java:updateAndGet(139)) - ba1183bc-3307-4f2f-a7df-7eeda515be78: start ba1183bc-3307-4f2f-a7df-7eeda515be78@group-25ACAC35DE11-LeaderElection2
2023-05-03 09:46:16,791 [ba1183bc-3307-4f2f-a7df-7eeda515be78@group-25ACAC35DE11-LeaderElection2] INFO  impl.LeaderElection (LeaderElection.java:askForVotes(312)) - ba1183bc-3307-4f2f-a7df-7eeda515be78@group-25ACAC35DE11-LeaderElection2 PRE_VOTE round 0: submit vote requests at term 0 for -1: peers:[ba1183bc-3307-4f2f-a7df-7eeda515be78|rpc:10.1.0.194:37239|dataStream:10.1.0.194:46645|priority:0|startupRole:FOLLOWER, 6865ef2a-f9e6-4758-8bd9-8da76fd5f008|rpc:10.1.0.194:37715|dataStream:10.1.0.194:37001|priority:0|startupRole:FOLLOWER, b253d63f-33bc-4eb4-9d64-d22092d7a357|rpc:10.1.0.194:38893|dataStream:10.1.0.194:41891|priority:1|startupRole:FOLLOWER]|listeners:[], old=null
2023-05-03 09:46:16,797 [ba1183bc-3307-4f2f-a7df-7eeda515be78@group-25ACAC35DE11-LeaderElection2-1] INFO  server.GrpcServerProtocolClient (GrpcServerProtocolClient.java:<init>(63)) - Build channel for 6865ef2a-f9e6-4758-8bd9-8da76fd5f008
2023-05-03 09:46:16,799 [ba1183bc-3307-4f2f-a7df-7eeda515be78@group-25ACAC35DE11-LeaderElection2] INFO  server.RaftServerConfigKeys (ConfUtils.java:logFallback(53)) - raft.server.rpc.first-election.timeout.min = 5s (fallback to raft.server.rpc.timeout.min)
2023-05-03 09:46:16,799 [ba1183bc-3307-4f2f-a7df-7eeda515be78@group-25ACAC35DE11-LeaderElection2] INFO  server.RaftServerConfigKeys (ConfUtils.java:logFallback(53)) - raft.server.rpc.first-election.timeout.max = 5200ms (fallback to raft.server.rpc.timeout.max)
2023-05-03 09:46:16,805 [ba1183bc-3307-4f2f-a7df-7eeda515be78@group-25ACAC35DE11-LeaderElection2-2] INFO  server.GrpcServerProtocolClient (GrpcServerProtocolClient.java:<init>(63)) - Build channel for b253d63f-33bc-4eb4-9d64-d22092d7a357
2023-05-03 09:46:16,820 [grpc-default-executor-0] INFO  server.RaftServer$Division (RaftServerImpl.java:requestVote(1218)) - 6865ef2a-f9e6-4758-8bd9-8da76fd5f008@group-25ACAC35DE11: receive requestVote(PRE_VOTE, ba1183bc-3307-4f2f-a7df-7eeda515be78, group-25ACAC35DE11, 0, (t:0, i:0))
2023-05-03 09:46:16,822 [grpc-default-executor-0] INFO  impl.VoteContext (VoteContext.java:log(49)) - 6865ef2a-f9e6-4758-8bd9-8da76fd5f008@group-25ACAC35DE11-FOLLOWER: accept PRE_VOTE from ba1183bc-3307-4f2f-a7df-7eeda515be78: our priority 0 <= candidate's priority 0
2023-05-03 09:46:16,825 [grpc-default-executor-0] INFO  server.RaftServer$Division (RaftServerImpl.java:requestVote(1251)) - 6865ef2a-f9e6-4758-8bd9-8da76fd5f008@group-25ACAC35DE11 replies to PRE_VOTE vote request: ba1183bc-3307-4f2f-a7df-7eeda515be78<-6865ef2a-f9e6-4758-8bd9-8da76fd5f008#0:OK-t0. Peer's state: 6865ef2a-f9e6-4758-8bd9-8da76fd5f008@group-25ACAC35DE11:t0, leader=null, voted=, raftlog=Memoized:6865ef2a-f9e6-4758-8bd9-8da76fd5f008@group-25ACAC35DE11-SegmentedRaftLog:OPENED:c-1, conf=-1: peers:[ba1183bc-3307-4f2f-a7df-7eeda515be78|rpc:10.1.0.194:37239|dataStream:10.1.0.194:46645|priority:0|startupRole:FOLLOWER, 6865ef2a-f9e6-4758-8bd9-8da76fd5f008|rpc:10.1.0.194:37715|dataStream:10.1.0.194:37001|priority:0|startupRole:FOLLOWER, b253d63f-33bc-4eb4-9d64-d22092d7a357|rpc:10.1.0.194:38893|dataStream:10.1.0.194:41891|priority:1|startupRole:FOLLOWER]|listeners:[], old=null
2023-05-03 09:46:16,835 [grpc-default-executor-1] INFO  server.RaftServer$Division (RaftServerImpl.java:requestVote(1218)) - b253d63f-33bc-4eb4-9d64-d22092d7a357@group-25ACAC35DE11: receive requestVote(PRE_VOTE, ba1183bc-3307-4f2f-a7df-7eeda515be78, group-25ACAC35DE11, 0, (t:0, i:0))
2023-05-03 09:46:16,835 [grpc-default-executor-1] INFO  impl.VoteContext (VoteContext.java:log(49)) - b253d63f-33bc-4eb4-9d64-d22092d7a357@group-25ACAC35DE11-FOLLOWER: reject PRE_VOTE from ba1183bc-3307-4f2f-a7df-7eeda515be78: our priority 1 > candidate's priority 0
2023-05-03 09:46:16,835 [grpc-default-executor-1] INFO  server.RaftServer$Division (RaftServerImpl.java:requestVote(1251)) - b253d63f-33bc-4eb4-9d64-d22092d7a357@group-25ACAC35DE11 replies to PRE_VOTE vote request: ba1183bc-3307-4f2f-a7df-7eeda515be78<-b253d63f-33bc-4eb4-9d64-d22092d7a357#0:FAIL-t0. Peer's state: b253d63f-33bc-4eb4-9d64-d22092d7a357@group-25ACAC35DE11:t0, leader=null, voted=, raftlog=Memoized:b253d63f-33bc-4eb4-9d64-d22092d7a357@group-25ACAC35DE11-SegmentedRaftLog:OPENED:c-1, conf=-1: peers:[ba1183bc-3307-4f2f-a7df-7eeda515be78|rpc:10.1.0.194:37239|dataStream:10.1.0.194:46645|priority:0|startupRole:FOLLOWER, 6865ef2a-f9e6-4758-8bd9-8da76fd5f008|rpc:10.1.0.194:37715|dataStream:10.1.0.194:37001|priority:0|startupRole:FOLLOWER, b253d63f-33bc-4eb4-9d64-d22092d7a357|rpc:10.1.0.194:38893|dataStream:10.1.0.194:41891|priority:1|startupRole:FOLLOWER]|listeners:[], old=null
2023-05-03 09:46:16,838 [ba1183bc-3307-4f2f-a7df-7eeda515be78@group-25ACAC35DE11-LeaderElection2] INFO  impl.LeaderElection (LeaderElection.java:logAndReturn(90)) - ba1183bc-3307-4f2f-a7df-7eeda515be78@group-25ACAC35DE11-LeaderElection2: PRE_VOTE REJECTED received 2 response(s) and 0 exception(s):
2023-05-03 09:46:16,838 [ba1183bc-3307-4f2f-a7df-7eeda515be78@group-25ACAC35DE11-LeaderElection2] INFO  impl.LeaderElection (LeaderElection.java:logAndReturn(94)) -   Response 0: ba1183bc-3307-4f2f-a7df-7eeda515be78<-6865ef2a-f9e6-4758-8bd9-8da76fd5f008#0:OK-t0
2023-05-03 09:46:16,838 [ba1183bc-3307-4f2f-a7df-7eeda515be78@group-25ACAC35DE11-LeaderElection2] INFO  impl.LeaderElection (LeaderElection.java:logAndReturn(94)) -   Response 1: ba1183bc-3307-4f2f-a7df-7eeda515be78<-b253d63f-33bc-4eb4-9d64-d22092d7a357#0:FAIL-t0
2023-05-03 09:46:16,838 [ba1183bc-3307-4f2f-a7df-7eeda515be78@group-25ACAC35DE11-LeaderElection2] INFO  impl.LeaderElection (LeaderElection.java:askForVotes(314)) - ba1183bc-3307-4f2f-a7df-7eeda515be78@group-25ACAC35DE11-LeaderElection2 PRE_VOTE round 0: result REJECTED
2023-05-03 09:46:16,840 [ba1183bc-3307-4f2f-a7df-7eeda515be78@group-25ACAC35DE11-LeaderElection2] INFO  server.RaftServer$Division (RaftServerImpl.java:setRole(321)) - ba1183bc-3307-4f2f-a7df-7eeda515be78@group-25ACAC35DE11: changes role from CANDIDATE to FOLLOWER at term 0 for REJECTED
2023-05-03 09:46:16,840 [ba1183bc-3307-4f2f-a7df-7eeda515be78@group-25ACAC35DE11-LeaderElection2] INFO  impl.RoleInfo (RoleInfo.java:shutdownLeaderElection(130)) - ba1183bc-3307-4f2f-a7df-7eeda515be78: shutdown ba1183bc-3307-4f2f-a7df-7eeda515be78@group-25ACAC35DE11-LeaderElection2
2023-05-03 09:46:16,840 [ba1183bc-3307-4f2f-a7df-7eeda515be78@group-25ACAC35DE11-LeaderElection2] INFO  impl.RoleInfo (RoleInfo.java:updateAndGet(139)) - ba1183bc-3307-4f2f-a7df-7eeda515be78: start ba1183bc-3307-4f2f-a7df-7eeda515be78@group-25ACAC35DE11-FollowerState
2023-05-03 09:46:16,840 [ba1183bc-3307-4f2f-a7df-7eeda515be78@group-25ACAC35DE11-FollowerState] INFO  server.RaftServerConfigKeys (ConfUtils.java:logFallback(53)) - raft.server.rpc.first-election.timeout.min = 5s (fallback to raft.server.rpc.timeout.min)
2023-05-03 09:46:16,841 [ba1183bc-3307-4f2f-a7df-7eeda515be78@group-25ACAC35DE11-FollowerState] INFO  server.RaftServerConfigKeys (ConfUtils.java:logFallback(53)) - raft.server.rpc.first-election.timeout.max = 5200ms (fallback to raft.server.rpc.timeout.max)
2023-05-03 09:46:16,890 [Listener at 127.0.0.1/35191] INFO  ozone.MiniOzoneClusterImpl (MiniOzoneClusterImpl.java:lambda$waitForClusterToBeReady$0(223)) - Nodes are ready. Got 3 of 3 DN Heartbeats.
2023-05-03 09:46:16,890 [Listener at 127.0.0.1/35191] INFO  ozone.MiniOzoneClusterImpl (MiniOzoneClusterImpl.java:lambda$waitForClusterToBeReady$0(226)) - Waiting for cluster to exit safe mode
2023-05-03 09:46:16,890 [Listener at 127.0.0.1/35191] INFO  ozone.MiniOzoneClusterImpl (MiniOzoneClusterImpl.java:lambda$waitForClusterToBeReady$0(228)) - SCM became leader
2023-05-03 09:46:16,907 [ba1183bc-3307-4f2f-a7df-7eeda515be78@group-E2D606D924FC-FollowerState] INFO  impl.FollowerState (FollowerState.java:run(143)) - ba1183bc-3307-4f2f-a7df-7eeda515be78@group-E2D606D924FC-FollowerState: change to CANDIDATE, lastRpcElapsedTime:5177801694ns, electionTimeout:5176ms
2023-05-03 09:46:16,908 [ba1183bc-3307-4f2f-a7df-7eeda515be78@group-E2D606D924FC-FollowerState] INFO  impl.RoleInfo (RoleInfo.java:shutdownFollowerState(110)) - ba1183bc-3307-4f2f-a7df-7eeda515be78: shutdown ba1183bc-3307-4f2f-a7df-7eeda515be78@group-E2D606D924FC-FollowerState
2023-05-03 09:46:16,908 [ba1183bc-3307-4f2f-a7df-7eeda515be78@group-E2D606D924FC-FollowerState] INFO  server.RaftServer$Division (RaftServerImpl.java:setRole(321)) - ba1183bc-3307-4f2f-a7df-7eeda515be78@group-E2D606D924FC: changes role from  FOLLOWER to CANDIDATE at term 0 for changeToCandidate
2023-05-03 09:46:16,909 [ba1183bc-3307-4f2f-a7df-7eeda515be78@group-E2D606D924FC-FollowerState] INFO  server.RaftServerConfigKeys (ConfUtils.java:logGet(46)) - raft.server.leaderelection.pre-vote = true (default)
2023-05-03 09:46:16,909 [ba1183bc-3307-4f2f-a7df-7eeda515be78@group-E2D606D924FC-FollowerState] INFO  impl.RoleInfo (RoleInfo.java:updateAndGet(139)) - ba1183bc-3307-4f2f-a7df-7eeda515be78: start ba1183bc-3307-4f2f-a7df-7eeda515be78@group-E2D606D924FC-LeaderElection3
2023-05-03 09:46:16,911 [ba1183bc-3307-4f2f-a7df-7eeda515be78@group-E2D606D924FC-LeaderElection3] INFO  impl.LeaderElection (LeaderElection.java:askForVotes(312)) - ba1183bc-3307-4f2f-a7df-7eeda515be78@group-E2D606D924FC-LeaderElection3 PRE_VOTE round 0: submit vote requests at term 0 for -1: peers:[ba1183bc-3307-4f2f-a7df-7eeda515be78|rpc:10.1.0.194:37239|dataStream:10.1.0.194:46645|priority:1|startupRole:FOLLOWER]|listeners:[], old=null
2023-05-03 09:46:16,912 [ba1183bc-3307-4f2f-a7df-7eeda515be78@group-E2D606D924FC-LeaderElection3] INFO  impl.LeaderElection (LeaderElection.java:askForVotes(314)) - ba1183bc-3307-4f2f-a7df-7eeda515be78@group-E2D606D924FC-LeaderElection3 PRE_VOTE round 0: result PASSED (term=0)
2023-05-03 09:46:16,913 [ba1183bc-3307-4f2f-a7df-7eeda515be78@group-E2D606D924FC-LeaderElection3] INFO  impl.LeaderElection (LeaderElection.java:askForVotes(312)) - ba1183bc-3307-4f2f-a7df-7eeda515be78@group-E2D606D924FC-LeaderElection3 ELECTION round 0: submit vote requests at term 1 for -1: peers:[ba1183bc-3307-4f2f-a7df-7eeda515be78|rpc:10.1.0.194:37239|dataStream:10.1.0.194:46645|priority:1|startupRole:FOLLOWER]|listeners:[], old=null
2023-05-03 09:46:16,913 [ba1183bc-3307-4f2f-a7df-7eeda515be78@group-E2D606D924FC-LeaderElection3] INFO  impl.LeaderElection (LeaderElection.java:askForVotes(314)) - ba1183bc-3307-4f2f-a7df-7eeda515be78@group-E2D606D924FC-LeaderElection3 ELECTION round 0: result PASSED (term=1)
2023-05-03 09:46:16,913 [ba1183bc-3307-4f2f-a7df-7eeda515be78@group-E2D606D924FC-LeaderElection3] INFO  impl.RoleInfo (RoleInfo.java:shutdownLeaderElection(130)) - ba1183bc-3307-4f2f-a7df-7eeda515be78: shutdown ba1183bc-3307-4f2f-a7df-7eeda515be78@group-E2D606D924FC-LeaderElection3
2023-05-03 09:46:16,913 [ba1183bc-3307-4f2f-a7df-7eeda515be78@group-E2D606D924FC-LeaderElection3] INFO  server.RaftServer$Division (RaftServerImpl.java:setRole(321)) - ba1183bc-3307-4f2f-a7df-7eeda515be78@group-E2D606D924FC: changes role from CANDIDATE to LEADER at term 1 for changeToLeader
2023-05-03 09:46:16,913 [ba1183bc-3307-4f2f-a7df-7eeda515be78@group-E2D606D924FC-LeaderElection3] INFO  ratis.XceiverServerRatis (XceiverServerRatis.java:handleLeaderChangedNotification(904)) - Leader change notification received for group: group-E2D606D924FC with new leaderId: ba1183bc-3307-4f2f-a7df-7eeda515be78
2023-05-03 09:46:16,913 [ba1183bc-3307-4f2f-a7df-7eeda515be78@group-E2D606D924FC-LeaderElection3] INFO  server.RaftServer$Division (ServerState.java:setLeader(313)) - ba1183bc-3307-4f2f-a7df-7eeda515be78@group-E2D606D924FC: change Leader from null to ba1183bc-3307-4f2f-a7df-7eeda515be78 at term 1 for becomeLeader, leader elected after 5210ms
2023-05-03 09:46:16,914 [ba1183bc-3307-4f2f-a7df-7eeda515be78@group-E2D606D924FC-LeaderElection3] INFO  server.RaftServerConfigKeys (ConfUtils.java:logGet(46)) - raft.server.staging.catchup.gap = 1000 (default)
2023-05-03 09:46:16,915 [EventQueue-OpenPipelineForHealthyPipelineSafeModeRule] INFO  safemode.SCMSafeModeManager (HealthyPipelineSafeModeRule.java:process(137)) - SCM in safe mode. Healthy pipelines reported count is 0, required healthy pipeline reported count is 1
2023-05-03 09:46:16,915 [ba1183bc-3307-4f2f-a7df-7eeda515be78@group-E2D606D924FC-LeaderElection3] INFO  server.RaftServerConfigKeys (ConfUtils.java:logGet(46)) - raft.server.write.element-limit = 1024 (custom)
2023-05-03 09:46:16,915 [ba1183bc-3307-4f2f-a7df-7eeda515be78@group-E2D606D924FC-LeaderElection3] INFO  server.RaftServerConfigKeys (ConfUtils.java:logGet(46)) - raft.server.write.byte-limit = 1024 M (=1073741824) (custom)
2023-05-03 09:46:16,915 [ba1183bc-3307-4f2f-a7df-7eeda515be78@group-E2D606D924FC-LeaderElection3] INFO  server.RaftServerConfigKeys (ConfUtils.java:logGet(46)) - raft.server.watch.timeout = 180s (custom)
2023-05-03 09:46:16,915 [ba1183bc-3307-4f2f-a7df-7eeda515be78@group-E2D606D924FC-LeaderElection3] INFO  server.RaftServerConfigKeys (ConfUtils.java:logGet(46)) - raft.server.watch.timeout.denomination = 1s (default)
2023-05-03 09:46:16,915 [ba1183bc-3307-4f2f-a7df-7eeda515be78@group-E2D606D924FC-LeaderElection3] INFO  server.RaftServerConfigKeys (ConfUtils.java:logGet(46)) - raft.server.watch.element-limit = 65536 (default)
2023-05-03 09:46:16,916 [ba1183bc-3307-4f2f-a7df-7eeda515be78@group-E2D606D924FC-LeaderElection3] INFO  server.RaftServerConfigKeys (ConfUtils.java:logGet(46)) - raft.server.write.element-limit = 1024 (custom)
2023-05-03 09:46:16,916 [ba1183bc-3307-4f2f-a7df-7eeda515be78@group-E2D606D924FC-LeaderElection3] INFO  server.RaftServerConfigKeys (ConfUtils.java:logGet(46)) - raft.server.write.follower.gap.ratio.max = -1.0 (default)
2023-05-03 09:46:16,916 [ba1183bc-3307-4f2f-a7df-7eeda515be78@group-E2D606D924FC-LeaderElection3] INFO  impl.RoleInfo (RoleInfo.java:updateAndGet(139)) - ba1183bc-3307-4f2f-a7df-7eeda515be78: start ba1183bc-3307-4f2f-a7df-7eeda515be78@group-E2D606D924FC-LeaderStateImpl
2023-05-03 09:46:16,916 [ba1183bc-3307-4f2f-a7df-7eeda515be78@group-E2D606D924FC-LeaderElection3] INFO  segmented.SegmentedRaftLogWorker (SegmentedRaftLogWorker.java:startLogSegment(452)) - ba1183bc-3307-4f2f-a7df-7eeda515be78@group-E2D606D924FC-SegmentedRaftLogWorker: Starting segment from index:0
2023-05-03 09:46:16,919 [ba1183bc-3307-4f2f-a7df-7eeda515be78@group-E2D606D924FC-LeaderElection3] INFO  server.RaftServer$Division (ServerState.java:setRaftConf(430)) - ba1183bc-3307-4f2f-a7df-7eeda515be78@group-E2D606D924FC: set configuration 0: peers:[ba1183bc-3307-4f2f-a7df-7eeda515be78|rpc:10.1.0.194:37239|dataStream:10.1.0.194:46645|priority:1|startupRole:FOLLOWER]|listeners:[], old=null
2023-05-03 09:46:16,919 [ba1183bc-3307-4f2f-a7df-7eeda515be78@group-E2D606D924FC-SegmentedRaftLogWorker] INFO  segmented.SegmentedRaftLogWorker (SegmentedRaftLogWorker.java:execute(656)) - ba1183bc-3307-4f2f-a7df-7eeda515be78@group-E2D606D924FC-SegmentedRaftLogWorker: created new log segment /home/runner/work/ozone/ozone/hadoop-ozone/integration-test/target/test-dir/MiniOzoneClusterImpl-adc655c8-92ed-4be5-b45a-b6dec4162976/datanode-0/data/ratis/c5ba0460-7911-4dcd-9e9c-e2d606d924fc/current/log_inprogress_0
2023-05-03 09:46:17,158 [b253d63f-33bc-4eb4-9d64-d22092d7a357@group-25ACAC35DE11-FollowerState] INFO  impl.FollowerState (FollowerState.java:run(143)) - b253d63f-33bc-4eb4-9d64-d22092d7a357@group-25ACAC35DE11-FollowerState: change to CANDIDATE, lastRpcElapsedTime:5015762269ns, electionTimeout:5003ms
2023-05-03 09:46:17,158 [b253d63f-33bc-4eb4-9d64-d22092d7a357@group-25ACAC35DE11-FollowerState] INFO  impl.RoleInfo (RoleInfo.java:shutdownFollowerState(110)) - b253d63f-33bc-4eb4-9d64-d22092d7a357: shutdown b253d63f-33bc-4eb4-9d64-d22092d7a357@group-25ACAC35DE11-FollowerState
2023-05-03 09:46:17,159 [b253d63f-33bc-4eb4-9d64-d22092d7a357@group-25ACAC35DE11-FollowerState] INFO  server.RaftServer$Division (RaftServerImpl.java:setRole(321)) - b253d63f-33bc-4eb4-9d64-d22092d7a357@group-25ACAC35DE11: changes role from  FOLLOWER to CANDIDATE at term 0 for changeToCandidate
2023-05-03 09:46:17,160 [b253d63f-33bc-4eb4-9d64-d22092d7a357@group-25ACAC35DE11-FollowerState] INFO  server.RaftServerConfigKeys (ConfUtils.java:logGet(46)) - raft.server.leaderelection.pre-vote = true (default)
2023-05-03 09:46:17,160 [b253d63f-33bc-4eb4-9d64-d22092d7a357@group-25ACAC35DE11-FollowerState] INFO  impl.RoleInfo (RoleInfo.java:updateAndGet(139)) - b253d63f-33bc-4eb4-9d64-d22092d7a357: start b253d63f-33bc-4eb4-9d64-d22092d7a357@group-25ACAC35DE11-LeaderElection4
2023-05-03 09:46:17,161 [b253d63f-33bc-4eb4-9d64-d22092d7a357@group-25ACAC35DE11-LeaderElection4] INFO  impl.LeaderElection (LeaderElection.java:askForVotes(312)) - b253d63f-33bc-4eb4-9d64-d22092d7a357@group-25ACAC35DE11-LeaderElection4 PRE_VOTE round 0: submit vote requests at term 0 for -1: peers:[ba1183bc-3307-4f2f-a7df-7eeda515be78|rpc:10.1.0.194:37239|dataStream:10.1.0.194:46645|priority:0|startupRole:FOLLOWER, 6865ef2a-f9e6-4758-8bd9-8da76fd5f008|rpc:10.1.0.194:37715|dataStream:10.1.0.194:37001|priority:0|startupRole:FOLLOWER, b253d63f-33bc-4eb4-9d64-d22092d7a357|rpc:10.1.0.194:38893|dataStream:10.1.0.194:41891|priority:1|startupRole:FOLLOWER]|listeners:[], old=null
2023-05-03 09:46:17,161 [b253d63f-33bc-4eb4-9d64-d22092d7a357@group-25ACAC35DE11-LeaderElection4] INFO  server.RaftServerConfigKeys (ConfUtils.java:logFallback(53)) - raft.server.rpc.first-election.timeout.min = 5s (fallback to raft.server.rpc.timeout.min)
2023-05-03 09:46:17,161 [b253d63f-33bc-4eb4-9d64-d22092d7a357@group-25ACAC35DE11-LeaderElection4-1] INFO  server.GrpcServerProtocolClient (GrpcServerProtocolClient.java:<init>(63)) - Build channel for ba1183bc-3307-4f2f-a7df-7eeda515be78
2023-05-03 09:46:17,161 [b253d63f-33bc-4eb4-9d64-d22092d7a357@group-25ACAC35DE11-LeaderElection4] INFO  server.RaftServerConfigKeys (ConfUtils.java:logFallback(53)) - raft.server.rpc.first-election.timeout.max = 5200ms (fallback to raft.server.rpc.timeout.max)
2023-05-03 09:46:17,162 [b253d63f-33bc-4eb4-9d64-d22092d7a357@group-25ACAC35DE11-LeaderElection4-2] INFO  server.GrpcServerProtocolClient (GrpcServerProtocolClient.java:<init>(63)) - Build channel for 6865ef2a-f9e6-4758-8bd9-8da76fd5f008
2023-05-03 09:46:17,171 [grpc-default-executor-1] INFO  server.RaftServer$Division (RaftServerImpl.java:requestVote(1218)) - ba1183bc-3307-4f2f-a7df-7eeda515be78@group-25ACAC35DE11: receive requestVote(PRE_VOTE, b253d63f-33bc-4eb4-9d64-d22092d7a357, group-25ACAC35DE11, 0, (t:0, i:0))
2023-05-03 09:46:17,171 [grpc-default-executor-1] INFO  impl.VoteContext (VoteContext.java:log(49)) - ba1183bc-3307-4f2f-a7df-7eeda515be78@group-25ACAC35DE11-FOLLOWER: accept PRE_VOTE from b253d63f-33bc-4eb4-9d64-d22092d7a357: our priority 0 <= candidate's priority 1
2023-05-03 09:46:17,172 [grpc-default-executor-1] INFO  server.RaftServer$Division (RaftServerImpl.java:requestVote(1251)) - ba1183bc-3307-4f2f-a7df-7eeda515be78@group-25ACAC35DE11 replies to PRE_VOTE vote request: b253d63f-33bc-4eb4-9d64-d22092d7a357<-ba1183bc-3307-4f2f-a7df-7eeda515be78#0:OK-t0. Peer's state: ba1183bc-3307-4f2f-a7df-7eeda515be78@group-25ACAC35DE11:t0, leader=null, voted=, raftlog=Memoized:ba1183bc-3307-4f2f-a7df-7eeda515be78@group-25ACAC35DE11-SegmentedRaftLog:OPENED:c-1, conf=-1: peers:[ba1183bc-3307-4f2f-a7df-7eeda515be78|rpc:10.1.0.194:37239|dataStream:10.1.0.194:46645|priority:0|startupRole:FOLLOWER, 6865ef2a-f9e6-4758-8bd9-8da76fd5f008|rpc:10.1.0.194:37715|dataStream:10.1.0.194:37001|priority:0|startupRole:FOLLOWER, b253d63f-33bc-4eb4-9d64-d22092d7a357|rpc:10.1.0.194:38893|dataStream:10.1.0.194:41891|priority:1|startupRole:FOLLOWER]|listeners:[], old=null
2023-05-03 09:46:17,174 [b253d63f-33bc-4eb4-9d64-d22092d7a357@group-25ACAC35DE11-LeaderElection4] INFO  impl.LeaderElection (LeaderElection.java:logAndReturn(90)) - b253d63f-33bc-4eb4-9d64-d22092d7a357@group-25ACAC35DE11-LeaderElection4: PRE_VOTE PASSED received 1 response(s) and 0 exception(s):
2023-05-03 09:46:17,174 [b253d63f-33bc-4eb4-9d64-d22092d7a357@group-25ACAC35DE11-LeaderElection4] INFO  impl.LeaderElection (LeaderElection.java:logAndReturn(94)) -   Response 0: b253d63f-33bc-4eb4-9d64-d22092d7a357<-ba1183bc-3307-4f2f-a7df-7eeda515be78#0:OK-t0
2023-05-03 09:46:17,174 [b253d63f-33bc-4eb4-9d64-d22092d7a357@group-25ACAC35DE11-LeaderElection4] INFO  impl.LeaderElection (LeaderElection.java:askForVotes(314)) - b253d63f-33bc-4eb4-9d64-d22092d7a357@group-25ACAC35DE11-LeaderElection4 PRE_VOTE round 0: result PASSED
2023-05-03 09:46:17,176 [b253d63f-33bc-4eb4-9d64-d22092d7a357@group-25ACAC35DE11-LeaderElection4] INFO  impl.LeaderElection (LeaderElection.java:askForVotes(312)) - b253d63f-33bc-4eb4-9d64-d22092d7a357@group-25ACAC35DE11-LeaderElection4 ELECTION round 0: submit vote requests at term 1 for -1: peers:[ba1183bc-3307-4f2f-a7df-7eeda515be78|rpc:10.1.0.194:37239|dataStream:10.1.0.194:46645|priority:0|startupRole:FOLLOWER, 6865ef2a-f9e6-4758-8bd9-8da76fd5f008|rpc:10.1.0.194:37715|dataStream:10.1.0.194:37001|priority:0|startupRole:FOLLOWER, b253d63f-33bc-4eb4-9d64-d22092d7a357|rpc:10.1.0.194:38893|dataStream:10.1.0.194:41891|priority:1|startupRole:FOLLOWER]|listeners:[], old=null
2023-05-03 09:46:17,180 [b253d63f-33bc-4eb4-9d64-d22092d7a357@group-25ACAC35DE11-LeaderElection4] INFO  server.RaftServerConfigKeys (ConfUtils.java:logFallback(53)) - raft.server.rpc.first-election.timeout.min = 5s (fallback to raft.server.rpc.timeout.min)
2023-05-03 09:46:17,181 [b253d63f-33bc-4eb4-9d64-d22092d7a357@group-25ACAC35DE11-LeaderElection4] INFO  server.RaftServerConfigKeys (ConfUtils.java:logFallback(53)) - raft.server.rpc.first-election.timeout.max = 5200ms (fallback to raft.server.rpc.timeout.max)
2023-05-03 09:46:17,188 [grpc-default-executor-1] INFO  server.RaftServer$Division (RaftServerImpl.java:requestVote(1218)) - ba1183bc-3307-4f2f-a7df-7eeda515be78@group-25ACAC35DE11: receive requestVote(ELECTION, b253d63f-33bc-4eb4-9d64-d22092d7a357, group-25ACAC35DE11, 1, (t:0, i:0))
2023-05-03 09:46:17,190 [grpc-default-executor-1] INFO  impl.VoteContext (VoteContext.java:log(49)) - ba1183bc-3307-4f2f-a7df-7eeda515be78@group-25ACAC35DE11-FOLLOWER: accept ELECTION from b253d63f-33bc-4eb4-9d64-d22092d7a357: our priority 0 <= candidate's priority 1
2023-05-03 09:46:17,190 [grpc-default-executor-1] INFO  server.RaftServer$Division (RaftServerImpl.java:setRole(321)) - ba1183bc-3307-4f2f-a7df-7eeda515be78@group-25ACAC35DE11: changes role from  FOLLOWER to FOLLOWER at term 1 for candidate:b253d63f-33bc-4eb4-9d64-d22092d7a357
2023-05-03 09:46:17,190 [grpc-default-executor-1] INFO  impl.RoleInfo (RoleInfo.java:shutdownFollowerState(110)) - ba1183bc-3307-4f2f-a7df-7eeda515be78: shutdown ba1183bc-3307-4f2f-a7df-7eeda515be78@group-25ACAC35DE11-FollowerState
2023-05-03 09:46:17,191 [grpc-default-executor-1] INFO  impl.RoleInfo (RoleInfo.java:updateAndGet(139)) - ba1183bc-3307-4f2f-a7df-7eeda515be78: start ba1183bc-3307-4f2f-a7df-7eeda515be78@group-25ACAC35DE11-FollowerState
2023-05-03 09:46:17,191 [ba1183bc-3307-4f2f-a7df-7eeda515be78@group-25ACAC35DE11-FollowerState] INFO  impl.FollowerState (FollowerState.java:run(152)) - ba1183bc-3307-4f2f-a7df-7eeda515be78@group-25ACAC35DE11-FollowerState was interrupted
2023-05-03 09:46:17,192 [grpc-default-executor-1] INFO  server.RaftServer$Division (RaftServerImpl.java:requestVote(1251)) - ba1183bc-3307-4f2f-a7df-7eeda515be78@group-25ACAC35DE11 replies to ELECTION vote request: b253d63f-33bc-4eb4-9d64-d22092d7a357<-ba1183bc-3307-4f2f-a7df-7eeda515be78#0:OK-t1. Peer's state: ba1183bc-3307-4f2f-a7df-7eeda515be78@group-25ACAC35DE11:t1, leader=null, voted=b253d63f-33bc-4eb4-9d64-d22092d7a357, raftlog=Memoized:ba1183bc-3307-4f2f-a7df-7eeda515be78@group-25ACAC35DE11-SegmentedRaftLog:OPENED:c-1, conf=-1: peers:[ba1183bc-3307-4f2f-a7df-7eeda515be78|rpc:10.1.0.194:37239|dataStream:10.1.0.194:46645|priority:0|startupRole:FOLLOWER, 6865ef2a-f9e6-4758-8bd9-8da76fd5f008|rpc:10.1.0.194:37715|dataStream:10.1.0.194:37001|priority:0|startupRole:FOLLOWER, b253d63f-33bc-4eb4-9d64-d22092d7a357|rpc:10.1.0.194:38893|dataStream:10.1.0.194:41891|priority:1|startupRole:FOLLOWER]|listeners:[], old=null
2023-05-03 09:46:17,191 [ba1183bc-3307-4f2f-a7df-7eeda515be78@group-25ACAC35DE11-FollowerState] INFO  server.RaftServerConfigKeys (ConfUtils.java:logFallback(53)) - raft.server.rpc.first-election.timeout.min = 5s (fallback to raft.server.rpc.timeout.min)
2023-05-03 09:46:17,196 [b253d63f-33bc-4eb4-9d64-d22092d7a357@group-25ACAC35DE11-LeaderElection4] INFO  impl.LeaderElection (LeaderElection.java:logAndReturn(90)) - b253d63f-33bc-4eb4-9d64-d22092d7a357@group-25ACAC35DE11-LeaderElection4: ELECTION PASSED received 1 response(s) and 0 exception(s):
2023-05-03 09:46:17,197 [grpc-default-executor-1] INFO  server.RaftServer$Division (RaftServerImpl.java:requestVote(1218)) - 6865ef2a-f9e6-4758-8bd9-8da76fd5f008@group-25ACAC35DE11: receive requestVote(PRE_VOTE, b253d63f-33bc-4eb4-9d64-d22092d7a357, group-25ACAC35DE11, 0, (t:0, i:0))
2023-05-03 09:46:17,197 [b253d63f-33bc-4eb4-9d64-d22092d7a357@group-25ACAC35DE11-LeaderElection4] INFO  impl.LeaderElection (LeaderElection.java:logAndReturn(94)) -   Response 0: b253d63f-33bc-4eb4-9d64-d22092d7a357<-ba1183bc-3307-4f2f-a7df-7eeda515be78#0:OK-t1
2023-05-03 09:46:17,198 [b253d63f-33bc-4eb4-9d64-d22092d7a357@group-25ACAC35DE11-LeaderElection4] INFO  impl.LeaderElection (LeaderElection.java:askForVotes(314)) - b253d63f-33bc-4eb4-9d64-d22092d7a357@group-25ACAC35DE11-LeaderElection4 ELECTION round 0: result PASSED
2023-05-03 09:46:17,198 [b253d63f-33bc-4eb4-9d64-d22092d7a357@group-25ACAC35DE11-LeaderElection4] INFO  impl.RoleInfo (RoleInfo.java:shutdownLeaderElection(130)) - b253d63f-33bc-4eb4-9d64-d22092d7a357: shutdown b253d63f-33bc-4eb4-9d64-d22092d7a357@group-25ACAC35DE11-LeaderElection4
2023-05-03 09:46:17,198 [grpc-default-executor-0] INFO  server.RaftServer$Division (RaftServerImpl.java:requestVote(1218)) - 6865ef2a-f9e6-4758-8bd9-8da76fd5f008@group-25ACAC35DE11: receive requestVote(ELECTION, b253d63f-33bc-4eb4-9d64-d22092d7a357, group-25ACAC35DE11, 1, (t:0, i:0))
2023-05-03 09:46:17,198 [b253d63f-33bc-4eb4-9d64-d22092d7a357@group-25ACAC35DE11-LeaderElection4] INFO  server.RaftServer$Division (RaftServerImpl.java:setRole(321)) - b253d63f-33bc-4eb4-9d64-d22092d7a357@group-25ACAC35DE11: changes role from CANDIDATE to LEADER at term 1 for changeToLeader
2023-05-03 09:46:17,198 [grpc-default-executor-0] INFO  impl.VoteContext (VoteContext.java:log(49)) - 6865ef2a-f9e6-4758-8bd9-8da76fd5f008@group-25ACAC35DE11-FOLLOWER: accept ELECTION from b253d63f-33bc-4eb4-9d64-d22092d7a357: our priority 0 <= candidate's priority 1
2023-05-03 09:46:17,198 [b253d63f-33bc-4eb4-9d64-d22092d7a357@group-25ACAC35DE11-LeaderElection4] INFO  ratis.XceiverServerRatis (XceiverServerRatis.java:handleLeaderChangedNotification(904)) - Leader change notification received for group: group-25ACAC35DE11 with new leaderId: b253d63f-33bc-4eb4-9d64-d22092d7a357
2023-05-03 09:46:17,198 [grpc-default-executor-0] INFO  server.RaftServer$Division (RaftServerImpl.java:setRole(321)) - 6865ef2a-f9e6-4758-8bd9-8da76fd5f008@group-25ACAC35DE11: changes role from  FOLLOWER to FOLLOWER at term 1 for candidate:b253d63f-33bc-4eb4-9d64-d22092d7a357
2023-05-03 09:46:17,198 [grpc-default-executor-0] INFO  impl.RoleInfo (RoleInfo.java:shutdownFollowerState(110)) - 6865ef2a-f9e6-4758-8bd9-8da76fd5f008: shutdown 6865ef2a-f9e6-4758-8bd9-8da76fd5f008@group-25ACAC35DE11-FollowerState
2023-05-03 09:46:17,198 [grpc-default-executor-0] INFO  impl.RoleInfo (RoleInfo.java:updateAndGet(139)) - 6865ef2a-f9e6-4758-8bd9-8da76fd5f008: start 6865ef2a-f9e6-4758-8bd9-8da76fd5f008@group-25ACAC35DE11-FollowerState
2023-05-03 09:46:17,198 [b253d63f-33bc-4eb4-9d64-d22092d7a357@group-25ACAC35DE11-LeaderElection4] INFO  server.RaftServer$Division (ServerState.java:setLeader(313)) - b253d63f-33bc-4eb4-9d64-d22092d7a357@group-25ACAC35DE11: change Leader from null to b253d63f-33bc-4eb4-9d64-d22092d7a357 at term 1 for becomeLeader, leader elected after 5082ms
2023-05-03 09:46:17,198 [6865ef2a-f9e6-4758-8bd9-8da76fd5f008@group-25ACAC35DE11-FollowerState] INFO  impl.FollowerState (FollowerState.java:run(152)) - 6865ef2a-f9e6-4758-8bd9-8da76fd5f008@group-25ACAC35DE11-FollowerState was interrupted
2023-05-03 09:46:17,198 [b253d63f-33bc-4eb4-9d64-d22092d7a357@group-25ACAC35DE11-LeaderElection4] INFO  server.RaftServerConfigKeys (ConfUtils.java:logGet(46)) - raft.server.staging.catchup.gap = 1000 (default)
2023-05-03 09:46:17,198 [b253d63f-33bc-4eb4-9d64-d22092d7a357@group-25ACAC35DE11-LeaderElection4] INFO  server.RaftServerConfigKeys (ConfUtils.java:logGet(46)) - raft.server.write.element-limit = 1024 (custom)
2023-05-03 09:46:17,198 [b253d63f-33bc-4eb4-9d64-d22092d7a357@group-25ACAC35DE11-LeaderElection4] INFO  server.RaftServerConfigKeys (ConfUtils.java:logGet(46)) - raft.server.write.byte-limit = 1024 M (=1073741824) (custom)
2023-05-03 09:46:17,199 [b253d63f-33bc-4eb4-9d64-d22092d7a357@group-25ACAC35DE11-LeaderElection4] INFO  server.RaftServerConfigKeys (ConfUtils.java:logGet(46)) - raft.server.watch.timeout = 180s (custom)
2023-05-03 09:46:17,199 [b253d63f-33bc-4eb4-9d64-d22092d7a357@group-25ACAC35DE11-LeaderElection4] INFO  server.RaftServerConfigKeys (ConfUtils.java:logGet(46)) - raft.server.watch.timeout.denomination = 1s (default)
2023-05-03 09:46:17,199 [b253d63f-33bc-4eb4-9d64-d22092d7a357@group-25ACAC35DE11-LeaderElection4] INFO  server.RaftServerConfigKeys (ConfUtils.java:logGet(46)) - raft.server.watch.element-limit = 65536 (default)
2023-05-03 09:46:17,199 [6865ef2a-f9e6-4758-8bd9-8da76fd5f008@group-25ACAC35DE11-FollowerState] INFO  server.RaftServerConfigKeys (ConfUtils.java:logFallback(53)) - raft.server.rpc.first-election.timeout.min = 5s (fallback to raft.server.rpc.timeout.min)
2023-05-03 09:46:17,199 [b253d63f-33bc-4eb4-9d64-d22092d7a357@group-25ACAC35DE11-LeaderElection4] INFO  server.RaftServerConfigKeys (ConfUtils.java:logGet(46)) - raft.server.write.element-limit = 1024 (custom)
2023-05-03 09:46:17,199 [6865ef2a-f9e6-4758-8bd9-8da76fd5f008@group-25ACAC35DE11-FollowerState] INFO  server.RaftServerConfigKeys (ConfUtils.java:logFallback(53)) - raft.server.rpc.first-election.timeout.max = 5200ms (fallback to raft.server.rpc.timeout.max)
2023-05-03 09:46:17,199 [b253d63f-33bc-4eb4-9d64-d22092d7a357@group-25ACAC35DE11-LeaderElection4] INFO  server.RaftServerConfigKeys (ConfUtils.java:logGet(46)) - raft.server.write.follower.gap.ratio.max = -1.0 (default)
2023-05-03 09:46:17,199 [grpc-default-executor-0] INFO  server.RaftServer$Division (RaftServerImpl.java:requestVote(1251)) - 6865ef2a-f9e6-4758-8bd9-8da76fd5f008@group-25ACAC35DE11 replies to ELECTION vote request: b253d63f-33bc-4eb4-9d64-d22092d7a357<-6865ef2a-f9e6-4758-8bd9-8da76fd5f008#0:OK-t1. Peer's state: 6865ef2a-f9e6-4758-8bd9-8da76fd5f008@group-25ACAC35DE11:t1, leader=null, voted=b253d63f-33bc-4eb4-9d64-d22092d7a357, raftlog=Memoized:6865ef2a-f9e6-4758-8bd9-8da76fd5f008@group-25ACAC35DE11-SegmentedRaftLog:OPENED:c-1, conf=-1: peers:[ba1183bc-3307-4f2f-a7df-7eeda515be78|rpc:10.1.0.194:37239|dataStream:10.1.0.194:46645|priority:0|startupRole:FOLLOWER, 6865ef2a-f9e6-4758-8bd9-8da76fd5f008|rpc:10.1.0.194:37715|dataStream:10.1.0.194:37001|priority:0|startupRole:FOLLOWER, b253d63f-33bc-4eb4-9d64-d22092d7a357|rpc:10.1.0.194:38893|dataStream:10.1.0.194:41891|priority:1|startupRole:FOLLOWER]|listeners:[], old=null
2023-05-03 09:46:17,197 [ba1183bc-3307-4f2f-a7df-7eeda515be78@group-25ACAC35DE11-FollowerState] INFO  server.RaftServerConfigKeys (ConfUtils.java:logFallback(53)) - raft.server.rpc.first-election.timeout.max = 5200ms (fallback to raft.server.rpc.timeout.max)
2023-05-03 09:46:17,204 [grpc-default-executor-1] INFO  impl.VoteContext (VoteContext.java:log(49)) - 6865ef2a-f9e6-4758-8bd9-8da76fd5f008@group-25ACAC35DE11-FOLLOWER: accept PRE_VOTE from b253d63f-33bc-4eb4-9d64-d22092d7a357: our priority 0 <= candidate's priority 1
2023-05-03 09:46:17,204 [grpc-default-executor-1] INFO  server.RaftServer$Division (RaftServerImpl.java:requestVote(1251)) - 6865ef2a-f9e6-4758-8bd9-8da76fd5f008@group-25ACAC35DE11 replies to PRE_VOTE vote request: b253d63f-33bc-4eb4-9d64-d22092d7a357<-6865ef2a-f9e6-4758-8bd9-8da76fd5f008#0:OK-t1. Peer's state: 6865ef2a-f9e6-4758-8bd9-8da76fd5f008@group-25ACAC35DE11:t1, leader=null, voted=b253d63f-33bc-4eb4-9d64-d22092d7a357, raftlog=Memoized:6865ef2a-f9e6-4758-8bd9-8da76fd5f008@group-25ACAC35DE11-SegmentedRaftLog:OPENED:c-1, conf=-1: peers:[ba1183bc-3307-4f2f-a7df-7eeda515be78|rpc:10.1.0.194:37239|dataStream:10.1.0.194:46645|priority:0|startupRole:FOLLOWER, 6865ef2a-f9e6-4758-8bd9-8da76fd5f008|rpc:10.1.0.194:37715|dataStream:10.1.0.194:37001|priority:0|startupRole:FOLLOWER, b253d63f-33bc-4eb4-9d64-d22092d7a357|rpc:10.1.0.194:38893|dataStream:10.1.0.194:41891|priority:1|startupRole:FOLLOWER]|listeners:[], old=null
2023-05-03 09:46:17,212 [EventQueue-PipelineReportForPipelineReportHandler] INFO  pipeline.PipelineManagerImpl (PipelineManagerImpl.java:openPipeline(367)) - Pipeline Pipeline[ Id: 05b880ab-170c-4da7-8905-25acac35de11, Nodes: b253d63f-33bc-4eb4-9d64-d22092d7a357(fv-az139-793.t0dryja4c43urhy2nvp0adewnd.cx.internal.cloudapp.net/10.1.0.194)ba1183bc-3307-4f2f-a7df-7eeda515be78(fv-az139-793.t0dryja4c43urhy2nvp0adewnd.cx.internal.cloudapp.net/10.1.0.194)6865ef2a-f9e6-4758-8bd9-8da76fd5f008(fv-az139-793.t0dryja4c43urhy2nvp0adewnd.cx.internal.cloudapp.net/10.1.0.194), ReplicationConfig: RATIS/THREE, State:ALLOCATED, leaderId:b253d63f-33bc-4eb4-9d64-d22092d7a357, CreationTimestamp2023-05-03T09:46:09.694Z[Etc/UTC]] moved to OPEN state
2023-05-03 09:46:17,212 [EventQueue-OpenPipelineForHealthyPipelineSafeModeRule] INFO  safemode.SCMSafeModeManager (HealthyPipelineSafeModeRule.java:process(137)) - SCM in safe mode. Healthy pipelines reported count is 1, required healthy pipeline reported count is 1
2023-05-03 09:46:17,213 [EventQueue-OpenPipelineForHealthyPipelineSafeModeRule] INFO  safemode.SCMSafeModeManager (SCMSafeModeManager.java:validateSafeModeExitRules(200)) - HealthyPipelineSafeModeRule rule is successfully validated
2023-05-03 09:46:17,213 [EventQueue-OpenPipelineForHealthyPipelineSafeModeRule] INFO  safemode.SCMSafeModeManager (SCMSafeModeManager.java:validateSafeModeExitRules(215)) - ScmSafeModeManager, all rules are successfully validated
2023-05-03 09:46:17,213 [EventQueue-OpenPipelineForHealthyPipelineSafeModeRule] INFO  safemode.SCMSafeModeManager (SCMSafeModeManager.java:exitSafeMode(244)) - SCM exiting safe mode.
2023-05-03 09:46:17,213 [EventQueue-OpenPipelineForHealthyPipelineSafeModeRule] INFO  ha.SCMContext (SCMContext.java:updateSafeModeStatus(228)) - Update SafeModeStatus from SafeModeStatus{safeModeStatus=true, preCheckPassed=true} to SafeModeStatus{safeModeStatus=false, preCheckPassed=true}.
2023-05-03 09:46:17,213 [EventQueue-OpenPipelineForHealthyPipelineSafeModeRule] INFO  pipeline.BackgroundPipelineCreator (BackgroundPipelineCreator.java:notifyStatusChanged(254)) - Service BackgroundPipelineCreator transitions to RUNNING.
2023-05-03 09:46:17,213 [EventQueue-OpenPipelineForHealthyPipelineSafeModeRule] INFO  BackgroundPipelineScrubber (BackgroundSCMService.java:notifyStatusChanged(82)) - Service BackgroundPipelineScrubber transitions to RUNNING.
2023-05-03 09:46:17,213 [EventQueue-OpenPipelineForHealthyPipelineSafeModeRule] INFO  ExpiredContainerReplicaOpScrubber (BackgroundSCMService.java:notifyStatusChanged(82)) - Service ExpiredContainerReplicaOpScrubber transitions to RUNNING.
2023-05-03 09:46:17,213 [EventQueue-OpenPipelineForHealthyPipelineSafeModeRule] INFO  replication.ReplicationManager (ReplicationManager.java:notifyStatusChanged(1367)) - Service ReplicationManager transitions to RUNNING.
2023-05-03 09:46:17,216 [EventQueue-OpenPipelineForHealthyPipelineSafeModeRule] WARN  balancer.ContainerBalancer (ContainerBalancer.java:shouldRun(132)) - Could not find persisted configuration for ContainerBalancer when checking if ContainerBalancer should run. ContainerBalancer should not run now.
2023-05-03 09:46:17,220 [b253d63f-33bc-4eb4-9d64-d22092d7a357@group-25ACAC35DE11-LeaderElection4] INFO  server.RaftServerConfigKeys (ConfUtils.java:logGet(46)) - raft.server.log.appender.snapshot.chunk.size.max = 16MB (=16777216) (default)
2023-05-03 09:46:17,220 [b253d63f-33bc-4eb4-9d64-d22092d7a357@group-25ACAC35DE11-LeaderElection4] INFO  server.RaftServerConfigKeys (ConfUtils.java:logGet(46)) - raft.server.log.appender.buffer.byte-limit = 33554432 (custom)
2023-05-03 09:46:17,221 [b253d63f-33bc-4eb4-9d64-d22092d7a357@group-25ACAC35DE11-LeaderElection4] INFO  server.RaftServerConfigKeys (ConfUtils.java:logGet(46)) - raft.server.log.appender.buffer.element-limit = 1 (custom)
2023-05-03 09:46:17,223 [b253d63f-33bc-4eb4-9d64-d22092d7a357@group-25ACAC35DE11-LeaderElection4] INFO  grpc.GrpcConfigKeys (ConfUtils.java:logGet(46)) - raft.grpc.server.leader.outstanding.appends.max = 128 (default)
2023-05-03 09:46:17,226 [b253d63f-33bc-4eb4-9d64-d22092d7a357@group-25ACAC35DE11-LeaderElection4] INFO  server.RaftServerConfigKeys (ConfUtils.java:logGet(46)) - raft.server.rpc.request.timeout = 60s (custom)
2023-05-03 09:46:17,226 [b253d63f-33bc-4eb4-9d64-d22092d7a357@group-25ACAC35DE11-LeaderElection4] INFO  server.RaftServerConfigKeys (ConfUtils.java:logGet(46)) - raft.server.log.appender.install.snapshot.enabled = false (custom)
2023-05-03 09:46:17,226 [b253d63f-33bc-4eb4-9d64-d22092d7a357@group-25ACAC35DE11-LeaderElection4] INFO  grpc.GrpcConfigKeys (ConfUtils.java:logGet(46)) - raft.grpc.server.heartbeat.channel = true (default)
2023-05-03 09:46:17,226 [b253d63f-33bc-4eb4-9d64-d22092d7a357@group-25ACAC35DE11-LeaderElection4] INFO  server.RaftServerConfigKeys (ConfUtils.java:logGet(46)) - raft.server.log.appender.wait-time.min = 10ms (default)
2023-05-03 09:46:17,228 [b253d63f-33bc-4eb4-9d64-d22092d7a357@group-25ACAC35DE11-LeaderElection4] INFO  server.RaftServerConfigKeys (ConfUtils.java:logGet(46)) - raft.server.log.appender.snapshot.chunk.size.max = 16MB (=16777216) (default)
2023-05-03 09:46:17,228 [b253d63f-33bc-4eb4-9d64-d22092d7a357@group-25ACAC35DE11-LeaderElection4] INFO  server.RaftServerConfigKeys (ConfUtils.java:logGet(46)) - raft.server.log.appender.buffer.byte-limit = 33554432 (custom)
2023-05-03 09:46:17,228 [b253d63f-33bc-4eb4-9d64-d22092d7a357@group-25ACAC35DE11-LeaderElection4] INFO  server.RaftServerConfigKeys (ConfUtils.java:logGet(46)) - raft.server.log.appender.buffer.element-limit = 1 (custom)
2023-05-03 09:46:17,228 [b253d63f-33bc-4eb4-9d64-d22092d7a357@group-25ACAC35DE11-LeaderElection4] INFO  grpc.GrpcConfigKeys (ConfUtils.java:logGet(46)) - raft.grpc.server.leader.outstanding.appends.max = 128 (default)
2023-05-03 09:46:17,228 [b253d63f-33bc-4eb4-9d64-d22092d7a357@group-25ACAC35DE11-LeaderElection4] INFO  server.RaftServerConfigKeys (ConfUtils.java:logGet(46)) - raft.server.rpc.request.timeout = 60s (custom)
2023-05-03 09:46:17,228 [b253d63f-33bc-4eb4-9d64-d22092d7a357@group-25ACAC35DE11-LeaderElection4] INFO  server.RaftServerConfigKeys (ConfUtils.java:logGet(46)) - raft.server.log.appender.install.snapshot.enabled = false (custom)
2023-05-03 09:46:17,228 [b253d63f-33bc-4eb4-9d64-d22092d7a357@group-25ACAC35DE11-LeaderElection4] INFO  grpc.GrpcConfigKeys (ConfUtils.java:logGet(46)) - raft.grpc.server.heartbeat.channel = true (default)
2023-05-03 09:46:17,228 [b253d63f-33bc-4eb4-9d64-d22092d7a357@group-25ACAC35DE11-LeaderElection4] INFO  server.RaftServerConfigKeys (ConfUtils.java:logGet(46)) - raft.server.log.appender.wait-time.min = 10ms (default)
2023-05-03 09:46:17,231 [b253d63f-33bc-4eb4-9d64-d22092d7a357@group-25ACAC35DE11-LeaderElection4] INFO  impl.RoleInfo (RoleInfo.java:updateAndGet(139)) - b253d63f-33bc-4eb4-9d64-d22092d7a357: start b253d63f-33bc-4eb4-9d64-d22092d7a357@group-25ACAC35DE11-LeaderStateImpl
2023-05-03 09:46:17,231 [b253d63f-33bc-4eb4-9d64-d22092d7a357@group-25ACAC35DE11-LeaderElection4] INFO  segmented.SegmentedRaftLogWorker (SegmentedRaftLogWorker.java:startLogSegment(452)) - b253d63f-33bc-4eb4-9d64-d22092d7a357@group-25ACAC35DE11-SegmentedRaftLogWorker: Starting segment from index:0
2023-05-03 09:46:17,232 [b253d63f-33bc-4eb4-9d64-d22092d7a357@group-25ACAC35DE11-SegmentedRaftLogWorker] INFO  segmented.SegmentedRaftLogWorker (SegmentedRaftLogWorker.java:execute(656)) - b253d63f-33bc-4eb4-9d64-d22092d7a357@group-25ACAC35DE11-SegmentedRaftLogWorker: created new log segment /home/runner/work/ozone/ozone/hadoop-ozone/integration-test/target/test-dir/MiniOzoneClusterImpl-adc655c8-92ed-4be5-b45a-b6dec4162976/datanode-2/data/ratis/05b880ab-170c-4da7-8905-25acac35de11/current/log_inprogress_0
2023-05-03 09:46:17,245 [b253d63f-33bc-4eb4-9d64-d22092d7a357@group-25ACAC35DE11-LeaderElection4] INFO  server.RaftServer$Division (ServerState.java:setRaftConf(430)) - b253d63f-33bc-4eb4-9d64-d22092d7a357@group-25ACAC35DE11: set configuration 0: peers:[ba1183bc-3307-4f2f-a7df-7eeda515be78|rpc:10.1.0.194:37239|dataStream:10.1.0.194:46645|priority:0|startupRole:FOLLOWER, 6865ef2a-f9e6-4758-8bd9-8da76fd5f008|rpc:10.1.0.194:37715|dataStream:10.1.0.194:37001|priority:0|startupRole:FOLLOWER, b253d63f-33bc-4eb4-9d64-d22092d7a357|rpc:10.1.0.194:38893|dataStream:10.1.0.194:41891|priority:1|startupRole:FOLLOWER]|listeners:[], old=null
2023-05-03 09:46:17,271 [6865ef2a-f9e6-4758-8bd9-8da76fd5f008-server-thread1] INFO  ratis.XceiverServerRatis (XceiverServerRatis.java:handleLeaderChangedNotification(904)) - Leader change notification received for group: group-25ACAC35DE11 with new leaderId: b253d63f-33bc-4eb4-9d64-d22092d7a357
2023-05-03 09:46:17,271 [6865ef2a-f9e6-4758-8bd9-8da76fd5f008-server-thread1] INFO  server.RaftServer$Division (ServerState.java:setLeader(313)) - 6865ef2a-f9e6-4758-8bd9-8da76fd5f008@group-25ACAC35DE11: change Leader from null to b253d63f-33bc-4eb4-9d64-d22092d7a357 at term 1 for appendEntries, leader elected after 5064ms
2023-05-03 09:46:17,272 [ba1183bc-3307-4f2f-a7df-7eeda515be78-server-thread2] INFO  ratis.XceiverServerRatis (XceiverServerRatis.java:handleLeaderChangedNotification(904)) - Leader change notification received for group: group-25ACAC35DE11 with new leaderId: b253d63f-33bc-4eb4-9d64-d22092d7a357
2023-05-03 09:46:17,278 [ba1183bc-3307-4f2f-a7df-7eeda515be78-server-thread2] INFO  server.RaftServer$Division (ServerState.java:setLeader(313)) - ba1183bc-3307-4f2f-a7df-7eeda515be78@group-25ACAC35DE11: change Leader from null to b253d63f-33bc-4eb4-9d64-d22092d7a357 at term 1 for appendEntries, leader elected after 5531ms
2023-05-03 09:46:17,285 [6865ef2a-f9e6-4758-8bd9-8da76fd5f008-server-thread2] INFO  server.RaftServer$Division (ServerState.java:setRaftConf(430)) - 6865ef2a-f9e6-4758-8bd9-8da76fd5f008@group-25ACAC35DE11: set configuration 0: peers:[ba1183bc-3307-4f2f-a7df-7eeda515be78|rpc:10.1.0.194:37239|dataStream:10.1.0.194:46645|priority:0|startupRole:FOLLOWER, 6865ef2a-f9e6-4758-8bd9-8da76fd5f008|rpc:10.1.0.194:37715|dataStream:10.1.0.194:37001|priority:0|startupRole:FOLLOWER, b253d63f-33bc-4eb4-9d64-d22092d7a357|rpc:10.1.0.194:38893|dataStream:10.1.0.194:41891|priority:1|startupRole:FOLLOWER]|listeners:[], old=null
2023-05-03 09:46:17,285 [ba1183bc-3307-4f2f-a7df-7eeda515be78-server-thread2] INFO  server.RaftServer$Division (ServerState.java:setRaftConf(430)) - ba1183bc-3307-4f2f-a7df-7eeda515be78@group-25ACAC35DE11: set configuration 0: peers:[ba1183bc-3307-4f2f-a7df-7eeda515be78|rpc:10.1.0.194:37239|dataStream:10.1.0.194:46645|priority:0|startupRole:FOLLOWER, 6865ef2a-f9e6-4758-8bd9-8da76fd5f008|rpc:10.1.0.194:37715|dataStream:10.1.0.194:37001|priority:0|startupRole:FOLLOWER, b253d63f-33bc-4eb4-9d64-d22092d7a357|rpc:10.1.0.194:38893|dataStream:10.1.0.194:41891|priority:1|startupRole:FOLLOWER]|listeners:[], old=null
2023-05-03 09:46:17,285 [6865ef2a-f9e6-4758-8bd9-8da76fd5f008-server-thread2] INFO  segmented.SegmentedRaftLogWorker (SegmentedRaftLogWorker.java:startLogSegment(452)) - 6865ef2a-f9e6-4758-8bd9-8da76fd5f008@group-25ACAC35DE11-SegmentedRaftLogWorker: Starting segment from index:0
2023-05-03 09:46:17,285 [ba1183bc-3307-4f2f-a7df-7eeda515be78-server-thread2] INFO  segmented.SegmentedRaftLogWorker (SegmentedRaftLogWorker.java:startLogSegment(452)) - ba1183bc-3307-4f2f-a7df-7eeda515be78@group-25ACAC35DE11-SegmentedRaftLogWorker: Starting segment from index:0
2023-05-03 09:46:17,287 [ba1183bc-3307-4f2f-a7df-7eeda515be78@group-25ACAC35DE11-SegmentedRaftLogWorker] INFO  segmented.SegmentedRaftLogWorker (SegmentedRaftLogWorker.java:execute(656)) - ba1183bc-3307-4f2f-a7df-7eeda515be78@group-25ACAC35DE11-SegmentedRaftLogWorker: created new log segment /home/runner/work/ozone/ozone/hadoop-ozone/integration-test/target/test-dir/MiniOzoneClusterImpl-adc655c8-92ed-4be5-b45a-b6dec4162976/datanode-0/data/ratis/05b880ab-170c-4da7-8905-25acac35de11/current/log_inprogress_0
2023-05-03 09:46:17,288 [6865ef2a-f9e6-4758-8bd9-8da76fd5f008@group-25ACAC35DE11-SegmentedRaftLogWorker] INFO  segmented.SegmentedRaftLogWorker (SegmentedRaftLogWorker.java:execute(656)) - 6865ef2a-f9e6-4758-8bd9-8da76fd5f008@group-25ACAC35DE11-SegmentedRaftLogWorker: created new log segment /home/runner/work/ozone/ozone/hadoop-ozone/integration-test/target/test-dir/MiniOzoneClusterImpl-adc655c8-92ed-4be5-b45a-b6dec4162976/datanode-1/data/ratis/05b880ab-170c-4da7-8905-25acac35de11/current/log_inprogress_0
2023-05-03 09:46:17,312 [ba1183bc-3307-4f2f-a7df-7eeda515be78@group-E1B12D75F4DE-FollowerState] INFO  impl.FollowerState (FollowerState.java:run(143)) - ba1183bc-3307-4f2f-a7df-7eeda515be78@group-E1B12D75F4DE-FollowerState: change to CANDIDATE, lastRpcElapsedTime:5051809422ns, electionTimeout:5042ms
2023-05-03 09:46:17,312 [ba1183bc-3307-4f2f-a7df-7eeda515be78@group-E1B12D75F4DE-FollowerState] INFO  impl.RoleInfo (RoleInfo.java:shutdownFollowerState(110)) - ba1183bc-3307-4f2f-a7df-7eeda515be78: shutdown ba1183bc-3307-4f2f-a7df-7eeda515be78@group-E1B12D75F4DE-FollowerState
2023-05-03 09:46:17,312 [ba1183bc-3307-4f2f-a7df-7eeda515be78@group-E1B12D75F4DE-FollowerState] INFO  server.RaftServer$Division (RaftServerImpl.java:setRole(321)) - ba1183bc-3307-4f2f-a7df-7eeda515be78@group-E1B12D75F4DE: changes role from  FOLLOWER to CANDIDATE at term 0 for changeToCandidate
2023-05-03 09:46:17,312 [ba1183bc-3307-4f2f-a7df-7eeda515be78@group-E1B12D75F4DE-FollowerState] INFO  server.RaftServerConfigKeys (ConfUtils.java:logGet(46)) - raft.server.leaderelection.pre-vote = true (default)
2023-05-03 09:46:17,312 [ba1183bc-3307-4f2f-a7df-7eeda515be78@group-E1B12D75F4DE-FollowerState] INFO  impl.RoleInfo (RoleInfo.java:updateAndGet(139)) - ba1183bc-3307-4f2f-a7df-7eeda515be78: start ba1183bc-3307-4f2f-a7df-7eeda515be78@group-E1B12D75F4DE-LeaderElection5
2023-05-03 09:46:17,320 [ba1183bc-3307-4f2f-a7df-7eeda515be78@group-E1B12D75F4DE-LeaderElection5] INFO  impl.LeaderElection (LeaderElection.java:askForVotes(312)) - ba1183bc-3307-4f2f-a7df-7eeda515be78@group-E1B12D75F4DE-LeaderElection5 PRE_VOTE round 0: submit vote requests at term 0 for -1: peers:[ba1183bc-3307-4f2f-a7df-7eeda515be78|rpc:10.1.0.194:37239|dataStream:10.1.0.194:46645|priority:0|startupRole:FOLLOWER, 6865ef2a-f9e6-4758-8bd9-8da76fd5f008|rpc:10.1.0.194:37715|dataStream:10.1.0.194:37001|priority:1|startupRole:FOLLOWER, b253d63f-33bc-4eb4-9d64-d22092d7a357|rpc:10.1.0.194:38893|dataStream:10.1.0.194:41891|priority:0|startupRole:FOLLOWER]|listeners:[], old=null
2023-05-03 09:46:17,322 [grpc-default-executor-2] INFO  server.RaftServer$Division (RaftServerImpl.java:requestVote(1218)) - 6865ef2a-f9e6-4758-8bd9-8da76fd5f008@group-E1B12D75F4DE: receive requestVote(PRE_VOTE, ba1183bc-3307-4f2f-a7df-7eeda515be78, group-E1B12D75F4DE, 0, (t:0, i:0))
2023-05-03 09:46:17,322 [grpc-default-executor-2] INFO  impl.VoteContext (VoteContext.java:log(49)) - 6865ef2a-f9e6-4758-8bd9-8da76fd5f008@group-E1B12D75F4DE-FOLLOWER: reject PRE_VOTE from ba1183bc-3307-4f2f-a7df-7eeda515be78: our priority 1 > candidate's priority 0
2023-05-03 09:46:17,323 [grpc-default-executor-2] INFO  server.RaftServer$Division (RaftServerImpl.java:requestVote(1251)) - 6865ef2a-f9e6-4758-8bd9-8da76fd5f008@group-E1B12D75F4DE replies to PRE_VOTE vote request: ba1183bc-3307-4f2f-a7df-7eeda515be78<-6865ef2a-f9e6-4758-8bd9-8da76fd5f008#0:FAIL-t0. Peer's state: 6865ef2a-f9e6-4758-8bd9-8da76fd5f008@group-E1B12D75F4DE:t0, leader=null, voted=, raftlog=Memoized:6865ef2a-f9e6-4758-8bd9-8da76fd5f008@group-E1B12D75F4DE-SegmentedRaftLog:OPENED:c-1, conf=-1: peers:[ba1183bc-3307-4f2f-a7df-7eeda515be78|rpc:10.1.0.194:37239|dataStream:10.1.0.194:46645|priority:0|startupRole:FOLLOWER, 6865ef2a-f9e6-4758-8bd9-8da76fd5f008|rpc:10.1.0.194:37715|dataStream:10.1.0.194:37001|priority:1|startupRole:FOLLOWER, b253d63f-33bc-4eb4-9d64-d22092d7a357|rpc:10.1.0.194:38893|dataStream:10.1.0.194:41891|priority:0|startupRole:FOLLOWER]|listeners:[], old=null
2023-05-03 09:46:17,326 [ba1183bc-3307-4f2f-a7df-7eeda515be78@group-E1B12D75F4DE-LeaderElection5] INFO  server.RaftServerConfigKeys (ConfUtils.java:logFallback(53)) - raft.server.rpc.first-election.timeout.min = 5s (fallback to raft.server.rpc.timeout.min)
2023-05-03 09:46:17,333 [ba1183bc-3307-4f2f-a7df-7eeda515be78@group-E1B12D75F4DE-LeaderElection5] INFO  server.RaftServerConfigKeys (ConfUtils.java:logFallback(53)) - raft.server.rpc.first-election.timeout.max = 5200ms (fallback to raft.server.rpc.timeout.max)
2023-05-03 09:46:17,334 [ba1183bc-3307-4f2f-a7df-7eeda515be78@group-E1B12D75F4DE-LeaderElection5] INFO  impl.LeaderElection (LeaderElection.java:logAndReturn(90)) - ba1183bc-3307-4f2f-a7df-7eeda515be78@group-E1B12D75F4DE-LeaderElection5: PRE_VOTE REJECTED received 1 response(s) and 0 exception(s):
2023-05-03 09:46:17,334 [ba1183bc-3307-4f2f-a7df-7eeda515be78@group-E1B12D75F4DE-LeaderElection5] INFO  impl.LeaderElection (LeaderElection.java:logAndReturn(94)) -   Response 0: ba1183bc-3307-4f2f-a7df-7eeda515be78<-6865ef2a-f9e6-4758-8bd9-8da76fd5f008#0:FAIL-t0
2023-05-03 09:46:17,334 [ba1183bc-3307-4f2f-a7df-7eeda515be78@group-E1B12D75F4DE-LeaderElection5] INFO  impl.LeaderElection (LeaderElection.java:askForVotes(314)) - ba1183bc-3307-4f2f-a7df-7eeda515be78@group-E1B12D75F4DE-LeaderElection5 PRE_VOTE round 0: result REJECTED
2023-05-03 09:46:17,335 [ba1183bc-3307-4f2f-a7df-7eeda515be78@group-E1B12D75F4DE-LeaderElection5] INFO  server.RaftServer$Division (RaftServerImpl.java:setRole(321)) - ba1183bc-3307-4f2f-a7df-7eeda515be78@group-E1B12D75F4DE: changes role from CANDIDATE to FOLLOWER at term 0 for REJECTED
2023-05-03 09:46:17,335 [ba1183bc-3307-4f2f-a7df-7eeda515be78@group-E1B12D75F4DE-LeaderElection5] INFO  impl.RoleInfo (RoleInfo.java:shutdownLeaderElection(130)) - ba1183bc-3307-4f2f-a7df-7eeda515be78: shutdown ba1183bc-3307-4f2f-a7df-7eeda515be78@group-E1B12D75F4DE-LeaderElection5
2023-05-03 09:46:17,335 [ba1183bc-3307-4f2f-a7df-7eeda515be78@group-E1B12D75F4DE-LeaderElection5] INFO  impl.RoleInfo (RoleInfo.java:updateAndGet(139)) - ba1183bc-3307-4f2f-a7df-7eeda515be78: start ba1183bc-3307-4f2f-a7df-7eeda515be78@group-E1B12D75F4DE-FollowerState
2023-05-03 09:46:17,335 [ba1183bc-3307-4f2f-a7df-7eeda515be78@group-E1B12D75F4DE-FollowerState] INFO  server.RaftServerConfigKeys (ConfUtils.java:logFallback(53)) - raft.server.rpc.first-election.timeout.min = 5s (fallback to raft.server.rpc.timeout.min)
2023-05-03 09:46:17,337 [6865ef2a-f9e6-4758-8bd9-8da76fd5f008@group-1EE0DF288816-FollowerState] INFO  impl.FollowerState (FollowerState.java:run(143)) - 6865ef2a-f9e6-4758-8bd9-8da76fd5f008@group-1EE0DF288816-FollowerState: change to CANDIDATE, lastRpcElapsedTime:5013382859ns, electionTimeout:5012ms
2023-05-03 09:46:17,339 [6865ef2a-f9e6-4758-8bd9-8da76fd5f008@group-1EE0DF288816-FollowerState] INFO  impl.RoleInfo (RoleInfo.java:shutdownFollowerState(110)) - 6865ef2a-f9e6-4758-8bd9-8da76fd5f008: shutdown 6865ef2a-f9e6-4758-8bd9-8da76fd5f008@group-1EE0DF288816-FollowerState
2023-05-03 09:46:17,339 [6865ef2a-f9e6-4758-8bd9-8da76fd5f008@group-1EE0DF288816-FollowerState] INFO  server.RaftServer$Division (RaftServerImpl.java:setRole(321)) - 6865ef2a-f9e6-4758-8bd9-8da76fd5f008@group-1EE0DF288816: changes role from  FOLLOWER to CANDIDATE at term 0 for changeToCandidate
2023-05-03 09:46:17,339 [6865ef2a-f9e6-4758-8bd9-8da76fd5f008@group-1EE0DF288816-FollowerState] INFO  server.RaftServerConfigKeys (ConfUtils.java:logGet(46)) - raft.server.leaderelection.pre-vote = true (default)
2023-05-03 09:46:17,339 [6865ef2a-f9e6-4758-8bd9-8da76fd5f008@group-1EE0DF288816-FollowerState] INFO  impl.RoleInfo (RoleInfo.java:updateAndGet(139)) - 6865ef2a-f9e6-4758-8bd9-8da76fd5f008: start 6865ef2a-f9e6-4758-8bd9-8da76fd5f008@group-1EE0DF288816-LeaderElection6
2023-05-03 09:46:17,339 [ba1183bc-3307-4f2f-a7df-7eeda515be78@group-E1B12D75F4DE-FollowerState] INFO  server.RaftServerConfigKeys (ConfUtils.java:logFallback(53)) - raft.server.rpc.first-election.timeout.max = 5200ms (fallback to raft.server.rpc.timeout.max)
2023-05-03 09:46:17,350 [grpc-default-executor-2] INFO  server.RaftServer$Division (RaftServerImpl.java:requestVote(1218)) - b253d63f-33bc-4eb4-9d64-d22092d7a357@group-E1B12D75F4DE: receive requestVote(PRE_VOTE, ba1183bc-3307-4f2f-a7df-7eeda515be78, group-E1B12D75F4DE, 0, (t:0, i:0))
2023-05-03 09:46:17,351 [grpc-default-executor-2] INFO  impl.VoteContext (VoteContext.java:log(49)) - b253d63f-33bc-4eb4-9d64-d22092d7a357@group-E1B12D75F4DE-FOLLOWER: accept PRE_VOTE from ba1183bc-3307-4f2f-a7df-7eeda515be78: our priority 0 <= candidate's priority 0
2023-05-03 09:46:17,351 [grpc-default-executor-2] INFO  server.RaftServer$Division (RaftServerImpl.java:requestVote(1251)) - b253d63f-33bc-4eb4-9d64-d22092d7a357@group-E1B12D75F4DE replies to PRE_VOTE vote request: ba1183bc-3307-4f2f-a7df-7eeda515be78<-b253d63f-33bc-4eb4-9d64-d22092d7a357#0:OK-t0. Peer's state: b253d63f-33bc-4eb4-9d64-d22092d7a357@group-E1B12D75F4DE:t0, leader=null, voted=, raftlog=Memoized:b253d63f-33bc-4eb4-9d64-d22092d7a357@group-E1B12D75F4DE-SegmentedRaftLog:OPENED:c-1, conf=-1: peers:[ba1183bc-3307-4f2f-a7df-7eeda515be78|rpc:10.1.0.194:37239|dataStream:10.1.0.194:46645|priority:0|startupRole:FOLLOWER, 6865ef2a-f9e6-4758-8bd9-8da76fd5f008|rpc:10.1.0.194:37715|dataStream:10.1.0.194:37001|priority:1|startupRole:FOLLOWER, b253d63f-33bc-4eb4-9d64-d22092d7a357|rpc:10.1.0.194:38893|dataStream:10.1.0.194:41891|priority:0|startupRole:FOLLOWER]|listeners:[], old=null
2023-05-03 09:46:17,354 [6865ef2a-f9e6-4758-8bd9-8da76fd5f008@group-1EE0DF288816-LeaderElection6] INFO  impl.LeaderElection (LeaderElection.java:askForVotes(312)) - 6865ef2a-f9e6-4758-8bd9-8da76fd5f008@group-1EE0DF288816-LeaderElection6 PRE_VOTE round 0: submit vote requests at term 0 for -1: peers:[6865ef2a-f9e6-4758-8bd9-8da76fd5f008|rpc:10.1.0.194:37715|dataStream:10.1.0.194:37001|priority:1|startupRole:FOLLOWER]|listeners:[], old=null
2023-05-03 09:46:17,354 [6865ef2a-f9e6-4758-8bd9-8da76fd5f008@group-1EE0DF288816-LeaderElection6] INFO  impl.LeaderElection (LeaderElection.java:askForVotes(314)) - 6865ef2a-f9e6-4758-8bd9-8da76fd5f008@group-1EE0DF288816-LeaderElection6 PRE_VOTE round 0: result PASSED (term=0)
2023-05-03 09:46:17,355 [6865ef2a-f9e6-4758-8bd9-8da76fd5f008@group-1EE0DF288816-LeaderElection6] INFO  impl.LeaderElection (LeaderElection.java:askForVotes(312)) - 6865ef2a-f9e6-4758-8bd9-8da76fd5f008@group-1EE0DF288816-LeaderElection6 ELECTION round 0: submit vote requests at term 1 for -1: peers:[6865ef2a-f9e6-4758-8bd9-8da76fd5f008|rpc:10.1.0.194:37715|dataStream:10.1.0.194:37001|priority:1|startupRole:FOLLOWER]|listeners:[], old=null
2023-05-03 09:46:17,355 [6865ef2a-f9e6-4758-8bd9-8da76fd5f008@group-1EE0DF288816-LeaderElection6] INFO  impl.LeaderElection (LeaderElection.java:askForVotes(314)) - 6865ef2a-f9e6-4758-8bd9-8da76fd5f008@group-1EE0DF288816-LeaderElection6 ELECTION round 0: result PASSED (term=1)
2023-05-03 09:46:17,355 [6865ef2a-f9e6-4758-8bd9-8da76fd5f008@group-1EE0DF288816-LeaderElection6] INFO  impl.RoleInfo (RoleInfo.java:shutdownLeaderElection(130)) - 6865ef2a-f9e6-4758-8bd9-8da76fd5f008: shutdown 6865ef2a-f9e6-4758-8bd9-8da76fd5f008@group-1EE0DF288816-LeaderElection6
2023-05-03 09:46:17,355 [6865ef2a-f9e6-4758-8bd9-8da76fd5f008@group-1EE0DF288816-LeaderElection6] INFO  server.RaftServer$Division (RaftServerImpl.java:setRole(321)) - 6865ef2a-f9e6-4758-8bd9-8da76fd5f008@group-1EE0DF288816: changes role from CANDIDATE to LEADER at term 1 for changeToLeader
2023-05-03 09:46:17,355 [6865ef2a-f9e6-4758-8bd9-8da76fd5f008@group-1EE0DF288816-LeaderElection6] INFO  ratis.XceiverServerRatis (XceiverServerRatis.java:handleLeaderChangedNotification(904)) - Leader change notification received for group: group-1EE0DF288816 with new leaderId: 6865ef2a-f9e6-4758-8bd9-8da76fd5f008
2023-05-03 09:46:17,355 [6865ef2a-f9e6-4758-8bd9-8da76fd5f008@group-1EE0DF288816-LeaderElection6] INFO  server.RaftServer$Division (ServerState.java:setLeader(313)) - 6865ef2a-f9e6-4758-8bd9-8da76fd5f008@group-1EE0DF288816: change Leader from null to 6865ef2a-f9e6-4758-8bd9-8da76fd5f008 at term 1 for becomeLeader, leader elected after 5052ms
2023-05-03 09:46:17,356 [6865ef2a-f9e6-4758-8bd9-8da76fd5f008@group-1EE0DF288816-LeaderElection6] INFO  server.RaftServerConfigKeys (ConfUtils.java:logGet(46)) - raft.server.staging.catchup.gap = 1000 (default)
2023-05-03 09:46:17,359 [6865ef2a-f9e6-4758-8bd9-8da76fd5f008@group-1EE0DF288816-LeaderElection6] INFO  server.RaftServerConfigKeys (ConfUtils.java:logGet(46)) - raft.server.write.element-limit = 1024 (custom)
2023-05-03 09:46:17,359 [6865ef2a-f9e6-4758-8bd9-8da76fd5f008@group-1EE0DF288816-LeaderElection6] INFO  server.RaftServerConfigKeys (ConfUtils.java:logGet(46)) - raft.server.write.byte-limit = 1024 M (=1073741824) (custom)
2023-05-03 09:46:17,360 [6865ef2a-f9e6-4758-8bd9-8da76fd5f008@group-1EE0DF288816-LeaderElection6] INFO  server.RaftServerConfigKeys (ConfUtils.java:logGet(46)) - raft.server.watch.timeout = 180s (custom)
2023-05-03 09:46:17,360 [6865ef2a-f9e6-4758-8bd9-8da76fd5f008@group-1EE0DF288816-LeaderElection6] INFO  server.RaftServerConfigKeys (ConfUtils.java:logGet(46)) - raft.server.watch.timeout.denomination = 1s (default)
2023-05-03 09:46:17,360 [6865ef2a-f9e6-4758-8bd9-8da76fd5f008@group-1EE0DF288816-LeaderElection6] INFO  server.RaftServerConfigKeys (ConfUtils.java:logGet(46)) - raft.server.watch.element-limit = 65536 (default)
2023-05-03 09:46:17,360 [6865ef2a-f9e6-4758-8bd9-8da76fd5f008@group-1EE0DF288816-LeaderElection6] INFO  server.RaftServerConfigKeys (ConfUtils.java:logGet(46)) - raft.server.write.element-limit = 1024 (custom)
2023-05-03 09:46:17,360 [6865ef2a-f9e6-4758-8bd9-8da76fd5f008@group-1EE0DF288816-LeaderElection6] INFO  server.RaftServerConfigKeys (ConfUtils.java:logGet(46)) - raft.server.write.follower.gap.ratio.max = -1.0 (default)
2023-05-03 09:46:17,360 [6865ef2a-f9e6-4758-8bd9-8da76fd5f008@group-1EE0DF288816-LeaderElection6] INFO  impl.RoleInfo (RoleInfo.java:updateAndGet(139)) - 6865ef2a-f9e6-4758-8bd9-8da76fd5f008: start 6865ef2a-f9e6-4758-8bd9-8da76fd5f008@group-1EE0DF288816-LeaderStateImpl
2023-05-03 09:46:17,360 [6865ef2a-f9e6-4758-8bd9-8da76fd5f008@group-1EE0DF288816-LeaderElection6] INFO  segmented.SegmentedRaftLogWorker (SegmentedRaftLogWorker.java:startLogSegment(452)) - 6865ef2a-f9e6-4758-8bd9-8da76fd5f008@group-1EE0DF288816-SegmentedRaftLogWorker: Starting segment from index:0
2023-05-03 09:46:17,362 [6865ef2a-f9e6-4758-8bd9-8da76fd5f008@group-1EE0DF288816-SegmentedRaftLogWorker] INFO  segmented.SegmentedRaftLogWorker (SegmentedRaftLogWorker.java:execute(656)) - 6865ef2a-f9e6-4758-8bd9-8da76fd5f008@group-1EE0DF288816-SegmentedRaftLogWorker: created new log segment /home/runner/work/ozone/ozone/hadoop-ozone/integration-test/target/test-dir/MiniOzoneClusterImpl-adc655c8-92ed-4be5-b45a-b6dec4162976/datanode-1/data/ratis/19924dad-43e5-4463-a456-1ee0df288816/current/log_inprogress_0
2023-05-03 09:46:17,363 [6865ef2a-f9e6-4758-8bd9-8da76fd5f008@group-1EE0DF288816-LeaderElection6] INFO  server.RaftServer$Division (ServerState.java:setRaftConf(430)) - 6865ef2a-f9e6-4758-8bd9-8da76fd5f008@group-1EE0DF288816: set configuration 0: peers:[6865ef2a-f9e6-4758-8bd9-8da76fd5f008|rpc:10.1.0.194:37715|dataStream:10.1.0.194:37001|priority:1|startupRole:FOLLOWER]|listeners:[], old=null
2023-05-03 09:46:17,419 [b253d63f-33bc-4eb4-9d64-d22092d7a357@group-E1B12D75F4DE-FollowerState] INFO  server.RaftServerConfigKeys (ConfUtils.java:logFallback(53)) - raft.server.rpc.first-election.timeout.min = 5s (fallback to raft.server.rpc.timeout.min)
2023-05-03 09:46:17,420 [b253d63f-33bc-4eb4-9d64-d22092d7a357@group-E1B12D75F4DE-FollowerState] INFO  server.RaftServerConfigKeys (ConfUtils.java:logFallback(53)) - raft.server.rpc.first-election.timeout.max = 5200ms (fallback to raft.server.rpc.timeout.max)
2023-05-03 09:46:17,420 [6865ef2a-f9e6-4758-8bd9-8da76fd5f008@group-E1B12D75F4DE-FollowerState] INFO  impl.FollowerState (FollowerState.java:run(143)) - 6865ef2a-f9e6-4758-8bd9-8da76fd5f008@group-E1B12D75F4DE-FollowerState: change to CANDIDATE, lastRpcElapsedTime:5126862661ns, electionTimeout:5121ms
2023-05-03 09:46:17,420 [6865ef2a-f9e6-4758-8bd9-8da76fd5f008@group-E1B12D75F4DE-FollowerState] INFO  impl.RoleInfo (RoleInfo.java:shutdownFollowerState(110)) - 6865ef2a-f9e6-4758-8bd9-8da76fd5f008: shutdown 6865ef2a-f9e6-4758-8bd9-8da76fd5f008@group-E1B12D75F4DE-FollowerState
2023-05-03 09:46:17,420 [6865ef2a-f9e6-4758-8bd9-8da76fd5f008@group-E1B12D75F4DE-FollowerState] INFO  server.RaftServer$Division (RaftServerImpl.java:setRole(321)) - 6865ef2a-f9e6-4758-8bd9-8da76fd5f008@group-E1B12D75F4DE: changes role from  FOLLOWER to CANDIDATE at term 0 for changeToCandidate
2023-05-03 09:46:17,421 [6865ef2a-f9e6-4758-8bd9-8da76fd5f008@group-E1B12D75F4DE-FollowerState] INFO  server.RaftServerConfigKeys (ConfUtils.java:logGet(46)) - raft.server.leaderelection.pre-vote = true (default)
2023-05-03 09:46:17,421 [6865ef2a-f9e6-4758-8bd9-8da76fd5f008@group-E1B12D75F4DE-FollowerState] INFO  impl.RoleInfo (RoleInfo.java:updateAndGet(139)) - 6865ef2a-f9e6-4758-8bd9-8da76fd5f008: start 6865ef2a-f9e6-4758-8bd9-8da76fd5f008@group-E1B12D75F4DE-LeaderElection7
2023-05-03 09:46:17,421 [6865ef2a-f9e6-4758-8bd9-8da76fd5f008@group-E1B12D75F4DE-LeaderElection7] INFO  impl.LeaderElection (LeaderElection.java:askForVotes(312)) - 6865ef2a-f9e6-4758-8bd9-8da76fd5f008@group-E1B12D75F4DE-LeaderElection7 PRE_VOTE round 0: submit vote requests at term 0 for -1: peers:[ba1183bc-3307-4f2f-a7df-7eeda515be78|rpc:10.1.0.194:37239|dataStream:10.1.0.194:46645|priority:0|startupRole:FOLLOWER, 6865ef2a-f9e6-4758-8bd9-8da76fd5f008|rpc:10.1.0.194:37715|dataStream:10.1.0.194:37001|priority:1|startupRole:FOLLOWER, b253d63f-33bc-4eb4-9d64-d22092d7a357|rpc:10.1.0.194:38893|dataStream:10.1.0.194:41891|priority:0|startupRole:FOLLOWER]|listeners:[], old=null
2023-05-03 09:46:17,422 [6865ef2a-f9e6-4758-8bd9-8da76fd5f008@group-E1B12D75F4DE-LeaderElection7] INFO  server.RaftServerConfigKeys (ConfUtils.java:logFallback(53)) - raft.server.rpc.first-election.timeout.min = 5s (fallback to raft.server.rpc.timeout.min)
2023-05-03 09:46:17,422 [6865ef2a-f9e6-4758-8bd9-8da76fd5f008@group-E1B12D75F4DE-LeaderElection7-1] INFO  server.GrpcServerProtocolClient (GrpcServerProtocolClient.java:<init>(63)) - Build channel for ba1183bc-3307-4f2f-a7df-7eeda515be78
2023-05-03 09:46:17,422 [6865ef2a-f9e6-4758-8bd9-8da76fd5f008@group-E1B12D75F4DE-LeaderElection7] INFO  server.RaftServerConfigKeys (ConfUtils.java:logFallback(53)) - raft.server.rpc.first-election.timeout.max = 5200ms (fallback to raft.server.rpc.timeout.max)
2023-05-03 09:46:17,423 [6865ef2a-f9e6-4758-8bd9-8da76fd5f008@group-E1B12D75F4DE-LeaderElection7-2] INFO  server.GrpcServerProtocolClient (GrpcServerProtocolClient.java:<init>(63)) - Build channel for b253d63f-33bc-4eb4-9d64-d22092d7a357
2023-05-03 09:46:17,431 [grpc-default-executor-2] INFO  server.RaftServer$Division (RaftServerImpl.java:requestVote(1218)) - ba1183bc-3307-4f2f-a7df-7eeda515be78@group-E1B12D75F4DE: receive requestVote(PRE_VOTE, 6865ef2a-f9e6-4758-8bd9-8da76fd5f008, group-E1B12D75F4DE, 0, (t:0, i:0))
2023-05-03 09:46:17,432 [grpc-default-executor-2] INFO  impl.VoteContext (VoteContext.java:log(49)) - ba1183bc-3307-4f2f-a7df-7eeda515be78@group-E1B12D75F4DE-FOLLOWER: accept PRE_VOTE from 6865ef2a-f9e6-4758-8bd9-8da76fd5f008: our priority 0 <= candidate's priority 1
2023-05-03 09:46:17,432 [grpc-default-executor-2] INFO  server.RaftServer$Division (RaftServerImpl.java:requestVote(1251)) - ba1183bc-3307-4f2f-a7df-7eeda515be78@group-E1B12D75F4DE replies to PRE_VOTE vote request: 6865ef2a-f9e6-4758-8bd9-8da76fd5f008<-ba1183bc-3307-4f2f-a7df-7eeda515be78#0:OK-t0. Peer's state: ba1183bc-3307-4f2f-a7df-7eeda515be78@group-E1B12D75F4DE:t0, leader=null, voted=, raftlog=Memoized:ba1183bc-3307-4f2f-a7df-7eeda515be78@group-E1B12D75F4DE-SegmentedRaftLog:OPENED:c-1, conf=-1: peers:[ba1183bc-3307-4f2f-a7df-7eeda515be78|rpc:10.1.0.194:37239|dataStream:10.1.0.194:46645|priority:0|startupRole:FOLLOWER, 6865ef2a-f9e6-4758-8bd9-8da76fd5f008|rpc:10.1.0.194:37715|dataStream:10.1.0.194:37001|priority:1|startupRole:FOLLOWER, b253d63f-33bc-4eb4-9d64-d22092d7a357|rpc:10.1.0.194:38893|dataStream:10.1.0.194:41891|priority:0|startupRole:FOLLOWER]|listeners:[], old=null
2023-05-03 09:46:17,435 [6865ef2a-f9e6-4758-8bd9-8da76fd5f008@group-E1B12D75F4DE-LeaderElection7] INFO  impl.LeaderElection (LeaderElection.java:logAndReturn(90)) - 6865ef2a-f9e6-4758-8bd9-8da76fd5f008@group-E1B12D75F4DE-LeaderElection7: PRE_VOTE PASSED received 1 response(s) and 0 exception(s):
2023-05-03 09:46:17,435 [6865ef2a-f9e6-4758-8bd9-8da76fd5f008@group-E1B12D75F4DE-LeaderElection7] INFO  impl.LeaderElection (LeaderElection.java:logAndReturn(94)) -   Response 0: 6865ef2a-f9e6-4758-8bd9-8da76fd5f008<-ba1183bc-3307-4f2f-a7df-7eeda515be78#0:OK-t0
2023-05-03 09:46:17,436 [6865ef2a-f9e6-4758-8bd9-8da76fd5f008@group-E1B12D75F4DE-LeaderElection7] INFO  impl.LeaderElection (LeaderElection.java:askForVotes(314)) - 6865ef2a-f9e6-4758-8bd9-8da76fd5f008@group-E1B12D75F4DE-LeaderElection7 PRE_VOTE round 0: result PASSED
2023-05-03 09:46:17,437 [6865ef2a-f9e6-4758-8bd9-8da76fd5f008@group-E1B12D75F4DE-LeaderElection7] INFO  impl.LeaderElection (LeaderElection.java:askForVotes(312)) - 6865ef2a-f9e6-4758-8bd9-8da76fd5f008@group-E1B12D75F4DE-LeaderElection7 ELECTION round 0: submit vote requests at term 1 for -1: peers:[ba1183bc-3307-4f2f-a7df-7eeda515be78|rpc:10.1.0.194:37239|dataStream:10.1.0.194:46645|priority:0|startupRole:FOLLOWER, 6865ef2a-f9e6-4758-8bd9-8da76fd5f008|rpc:10.1.0.194:37715|dataStream:10.1.0.194:37001|priority:1|startupRole:FOLLOWER, b253d63f-33bc-4eb4-9d64-d22092d7a357|rpc:10.1.0.194:38893|dataStream:10.1.0.194:41891|priority:0|startupRole:FOLLOWER]|listeners:[], old=null
2023-05-03 09:46:17,440 [6865ef2a-f9e6-4758-8bd9-8da76fd5f008@group-E1B12D75F4DE-LeaderElection7] INFO  server.RaftServerConfigKeys (ConfUtils.java:logFallback(53)) - raft.server.rpc.first-election.timeout.min = 5s (fallback to raft.server.rpc.timeout.min)
2023-05-03 09:46:17,440 [6865ef2a-f9e6-4758-8bd9-8da76fd5f008@group-E1B12D75F4DE-LeaderElection7] INFO  server.RaftServerConfigKeys (ConfUtils.java:logFallback(53)) - raft.server.rpc.first-election.timeout.max = 5200ms (fallback to raft.server.rpc.timeout.max)
2023-05-03 09:46:17,441 [grpc-default-executor-2] INFO  server.RaftServer$Division (RaftServerImpl.java:requestVote(1218)) - ba1183bc-3307-4f2f-a7df-7eeda515be78@group-E1B12D75F4DE: receive requestVote(ELECTION, 6865ef2a-f9e6-4758-8bd9-8da76fd5f008, group-E1B12D75F4DE, 1, (t:0, i:0))
2023-05-03 09:46:17,442 [grpc-default-executor-2] INFO  impl.VoteContext (VoteContext.java:log(49)) - ba1183bc-3307-4f2f-a7df-7eeda515be78@group-E1B12D75F4DE-FOLLOWER: accept ELECTION from 6865ef2a-f9e6-4758-8bd9-8da76fd5f008: our priority 0 <= candidate's priority 1
2023-05-03 09:46:17,442 [grpc-default-executor-1] INFO  server.RaftServer$Division (RaftServerImpl.java:requestVote(1218)) - b253d63f-33bc-4eb4-9d64-d22092d7a357@group-E1B12D75F4DE: receive requestVote(PRE_VOTE, 6865ef2a-f9e6-4758-8bd9-8da76fd5f008, group-E1B12D75F4DE, 0, (t:0, i:0))
2023-05-03 09:46:17,442 [grpc-default-executor-1] INFO  impl.VoteContext (VoteContext.java:log(49)) - b253d63f-33bc-4eb4-9d64-d22092d7a357@group-E1B12D75F4DE-FOLLOWER: accept PRE_VOTE from 6865ef2a-f9e6-4758-8bd9-8da76fd5f008: our priority 0 <= candidate's priority 1
2023-05-03 09:46:17,442 [grpc-default-executor-1] INFO  server.RaftServer$Division (RaftServerImpl.java:requestVote(1251)) - b253d63f-33bc-4eb4-9d64-d22092d7a357@group-E1B12D75F4DE replies to PRE_VOTE vote request: 6865ef2a-f9e6-4758-8bd9-8da76fd5f008<-b253d63f-33bc-4eb4-9d64-d22092d7a357#0:OK-t0. Peer's state: b253d63f-33bc-4eb4-9d64-d22092d7a357@group-E1B12D75F4DE:t0, leader=null, voted=, raftlog=Memoized:b253d63f-33bc-4eb4-9d64-d22092d7a357@group-E1B12D75F4DE-SegmentedRaftLog:OPENED:c-1, conf=-1: peers:[ba1183bc-3307-4f2f-a7df-7eeda515be78|rpc:10.1.0.194:37239|dataStream:10.1.0.194:46645|priority:0|startupRole:FOLLOWER, 6865ef2a-f9e6-4758-8bd9-8da76fd5f008|rpc:10.1.0.194:37715|dataStream:10.1.0.194:37001|priority:1|startupRole:FOLLOWER, b253d63f-33bc-4eb4-9d64-d22092d7a357|rpc:10.1.0.194:38893|dataStream:10.1.0.194:41891|priority:0|startupRole:FOLLOWER]|listeners:[], old=null
2023-05-03 09:46:17,442 [grpc-default-executor-2] INFO  server.RaftServer$Division (RaftServerImpl.java:setRole(321)) - ba1183bc-3307-4f2f-a7df-7eeda515be78@group-E1B12D75F4DE: changes role from  FOLLOWER to FOLLOWER at term 1 for candidate:6865ef2a-f9e6-4758-8bd9-8da76fd5f008
2023-05-03 09:46:17,442 [grpc-default-executor-2] INFO  impl.RoleInfo (RoleInfo.java:shutdownFollowerState(110)) - ba1183bc-3307-4f2f-a7df-7eeda515be78: shutdown ba1183bc-3307-4f2f-a7df-7eeda515be78@group-E1B12D75F4DE-FollowerState
2023-05-03 09:46:17,442 [grpc-default-executor-2] INFO  impl.RoleInfo (RoleInfo.java:updateAndGet(139)) - ba1183bc-3307-4f2f-a7df-7eeda515be78: start ba1183bc-3307-4f2f-a7df-7eeda515be78@group-E1B12D75F4DE-FollowerState
2023-05-03 09:46:17,443 [ba1183bc-3307-4f2f-a7df-7eeda515be78@group-E1B12D75F4DE-FollowerState] INFO  impl.FollowerState (FollowerState.java:run(152)) - ba1183bc-3307-4f2f-a7df-7eeda515be78@group-E1B12D75F4DE-FollowerState was interrupted
2023-05-03 09:46:17,449 [ba1183bc-3307-4f2f-a7df-7eeda515be78@group-E1B12D75F4DE-FollowerState] INFO  server.RaftServerConfigKeys (ConfUtils.java:logFallback(53)) - raft.server.rpc.first-election.timeout.min = 5s (fallback to raft.server.rpc.timeout.min)
2023-05-03 09:46:17,449 [grpc-default-executor-2] INFO  server.RaftServer$Division (RaftServerImpl.java:requestVote(1251)) - ba1183bc-3307-4f2f-a7df-7eeda515be78@group-E1B12D75F4DE replies to ELECTION vote request: 6865ef2a-f9e6-4758-8bd9-8da76fd5f008<-ba1183bc-3307-4f2f-a7df-7eeda515be78#0:OK-t1. Peer's state: ba1183bc-3307-4f2f-a7df-7eeda515be78@group-E1B12D75F4DE:t1, leader=null, voted=6865ef2a-f9e6-4758-8bd9-8da76fd5f008, raftlog=Memoized:ba1183bc-3307-4f2f-a7df-7eeda515be78@group-E1B12D75F4DE-SegmentedRaftLog:OPENED:c-1, conf=-1: peers:[ba1183bc-3307-4f2f-a7df-7eeda515be78|rpc:10.1.0.194:37239|dataStream:10.1.0.194:46645|priority:0|startupRole:FOLLOWER, 6865ef2a-f9e6-4758-8bd9-8da76fd5f008|rpc:10.1.0.194:37715|dataStream:10.1.0.194:37001|priority:1|startupRole:FOLLOWER, b253d63f-33bc-4eb4-9d64-d22092d7a357|rpc:10.1.0.194:38893|dataStream:10.1.0.194:41891|priority:0|startupRole:FOLLOWER]|listeners:[], old=null
2023-05-03 09:46:17,449 [ba1183bc-3307-4f2f-a7df-7eeda515be78@group-E1B12D75F4DE-FollowerState] INFO  server.RaftServerConfigKeys (ConfUtils.java:logFallback(53)) - raft.server.rpc.first-election.timeout.max = 5200ms (fallback to raft.server.rpc.timeout.max)
2023-05-03 09:46:17,451 [6865ef2a-f9e6-4758-8bd9-8da76fd5f008@group-E1B12D75F4DE-LeaderElection7] INFO  impl.LeaderElection (LeaderElection.java:logAndReturn(90)) - 6865ef2a-f9e6-4758-8bd9-8da76fd5f008@group-E1B12D75F4DE-LeaderElection7: ELECTION PASSED received 1 response(s) and 0 exception(s):
2023-05-03 09:46:17,452 [6865ef2a-f9e6-4758-8bd9-8da76fd5f008@group-E1B12D75F4DE-LeaderElection7] INFO  impl.LeaderElection (LeaderElection.java:logAndReturn(94)) -   Response 0: 6865ef2a-f9e6-4758-8bd9-8da76fd5f008<-ba1183bc-3307-4f2f-a7df-7eeda515be78#0:OK-t1
2023-05-03 09:46:17,452 [6865ef2a-f9e6-4758-8bd9-8da76fd5f008@group-E1B12D75F4DE-LeaderElection7] INFO  impl.LeaderElection (LeaderElection.java:askForVotes(314)) - 6865ef2a-f9e6-4758-8bd9-8da76fd5f008@group-E1B12D75F4DE-LeaderElection7 ELECTION round 0: result PASSED
2023-05-03 09:46:17,452 [6865ef2a-f9e6-4758-8bd9-8da76fd5f008@group-E1B12D75F4DE-LeaderElection7] INFO  impl.RoleInfo (RoleInfo.java:shutdownLeaderElection(130)) - 6865ef2a-f9e6-4758-8bd9-8da76fd5f008: shutdown 6865ef2a-f9e6-4758-8bd9-8da76fd5f008@group-E1B12D75F4DE-LeaderElection7
2023-05-03 09:46:17,452 [6865ef2a-f9e6-4758-8bd9-8da76fd5f008@group-E1B12D75F4DE-LeaderElection7] INFO  server.RaftServer$Division (RaftServerImpl.java:setRole(321)) - 6865ef2a-f9e6-4758-8bd9-8da76fd5f008@group-E1B12D75F4DE: changes role from CANDIDATE to LEADER at term 1 for changeToLeader
2023-05-03 09:46:17,452 [grpc-default-executor-1] INFO  server.RaftServer$Division (RaftServerImpl.java:requestVote(1218)) - b253d63f-33bc-4eb4-9d64-d22092d7a357@group-E1B12D75F4DE: receive requestVote(ELECTION, 6865ef2a-f9e6-4758-8bd9-8da76fd5f008, group-E1B12D75F4DE, 1, (t:0, i:0))
2023-05-03 09:46:17,452 [6865ef2a-f9e6-4758-8bd9-8da76fd5f008@group-E1B12D75F4DE-LeaderElection7] INFO  ratis.XceiverServerRatis (XceiverServerRatis.java:handleLeaderChangedNotification(904)) - Leader change notification received for group: group-E1B12D75F4DE with new leaderId: 6865ef2a-f9e6-4758-8bd9-8da76fd5f008
2023-05-03 09:46:17,452 [grpc-default-executor-1] INFO  impl.VoteContext (VoteContext.java:log(49)) - b253d63f-33bc-4eb4-9d64-d22092d7a357@group-E1B12D75F4DE-FOLLOWER: accept ELECTION from 6865ef2a-f9e6-4758-8bd9-8da76fd5f008: our priority 0 <= candidate's priority 1
2023-05-03 09:46:17,453 [grpc-default-executor-1] INFO  server.RaftServer$Division (RaftServerImpl.java:setRole(321)) - b253d63f-33bc-4eb4-9d64-d22092d7a357@group-E1B12D75F4DE: changes role from  FOLLOWER to FOLLOWER at term 1 for candidate:6865ef2a-f9e6-4758-8bd9-8da76fd5f008
2023-05-03 09:46:17,453 [grpc-default-executor-1] INFO  impl.RoleInfo (RoleInfo.java:shutdownFollowerState(110)) - b253d63f-33bc-4eb4-9d64-d22092d7a357: shutdown b253d63f-33bc-4eb4-9d64-d22092d7a357@group-E1B12D75F4DE-FollowerState
2023-05-03 09:46:17,453 [6865ef2a-f9e6-4758-8bd9-8da76fd5f008@group-E1B12D75F4DE-LeaderElection7] INFO  server.RaftServer$Division (ServerState.java:setLeader(313)) - 6865ef2a-f9e6-4758-8bd9-8da76fd5f008@group-E1B12D75F4DE: change Leader from null to 6865ef2a-f9e6-4758-8bd9-8da76fd5f008 at term 1 for becomeLeader, leader elected after 5177ms
2023-05-03 09:46:17,453 [grpc-default-executor-1] INFO  impl.RoleInfo (RoleInfo.java:updateAndGet(139)) - b253d63f-33bc-4eb4-9d64-d22092d7a357: start b253d63f-33bc-4eb4-9d64-d22092d7a357@group-E1B12D75F4DE-FollowerState
2023-05-03 09:46:17,453 [6865ef2a-f9e6-4758-8bd9-8da76fd5f008@group-E1B12D75F4DE-LeaderElection7] INFO  server.RaftServerConfigKeys (ConfUtils.java:logGet(46)) - raft.server.staging.catchup.gap = 1000 (default)
2023-05-03 09:46:17,453 [b253d63f-33bc-4eb4-9d64-d22092d7a357@group-E1B12D75F4DE-FollowerState] INFO  impl.FollowerState (FollowerState.java:run(152)) - b253d63f-33bc-4eb4-9d64-d22092d7a357@group-E1B12D75F4DE-FollowerState was interrupted
2023-05-03 09:46:17,454 [EventQueue-PipelineReportForPipelineReportHandler] INFO  pipeline.PipelineManagerImpl (PipelineManagerImpl.java:openPipeline(367)) - Pipeline Pipeline[ Id: 4b28a19b-c925-41a3-a060-e1b12d75f4de, Nodes: 6865ef2a-f9e6-4758-8bd9-8da76fd5f008(fv-az139-793.t0dryja4c43urhy2nvp0adewnd.cx.internal.cloudapp.net/10.1.0.194)ba1183bc-3307-4f2f-a7df-7eeda515be78(fv-az139-793.t0dryja4c43urhy2nvp0adewnd.cx.internal.cloudapp.net/10.1.0.194)b253d63f-33bc-4eb4-9d64-d22092d7a357(fv-az139-793.t0dryja4c43urhy2nvp0adewnd.cx.internal.cloudapp.net/10.1.0.194), ReplicationConfig: RATIS/THREE, State:ALLOCATED, leaderId:6865ef2a-f9e6-4758-8bd9-8da76fd5f008, CreationTimestamp2023-05-03T09:46:09.696Z[Etc/UTC]] moved to OPEN state
2023-05-03 09:46:17,459 [6865ef2a-f9e6-4758-8bd9-8da76fd5f008@group-E1B12D75F4DE-LeaderElection7] INFO  server.RaftServerConfigKeys (ConfUtils.java:logGet(46)) - raft.server.write.element-limit = 1024 (custom)
2023-05-03 09:46:17,459 [6865ef2a-f9e6-4758-8bd9-8da76fd5f008@group-E1B12D75F4DE-LeaderElection7] INFO  server.RaftServerConfigKeys (ConfUtils.java:logGet(46)) - raft.server.write.byte-limit = 1024 M (=1073741824) (custom)
2023-05-03 09:46:17,459 [6865ef2a-f9e6-4758-8bd9-8da76fd5f008@group-E1B12D75F4DE-LeaderElection7] INFO  server.RaftServerConfigKeys (ConfUtils.java:logGet(46)) - raft.server.watch.timeout = 180s (custom)
2023-05-03 09:46:17,459 [grpc-default-executor-1] INFO  server.RaftServer$Division (RaftServerImpl.java:requestVote(1251)) - b253d63f-33bc-4eb4-9d64-d22092d7a357@group-E1B12D75F4DE replies to ELECTION vote request: 6865ef2a-f9e6-4758-8bd9-8da76fd5f008<-b253d63f-33bc-4eb4-9d64-d22092d7a357#0:OK-t1. Peer's state: b253d63f-33bc-4eb4-9d64-d22092d7a357@group-E1B12D75F4DE:t1, leader=null, voted=6865ef2a-f9e6-4758-8bd9-8da76fd5f008, raftlog=Memoized:b253d63f-33bc-4eb4-9d64-d22092d7a357@group-E1B12D75F4DE-SegmentedRaftLog:OPENED:c-1, conf=-1: peers:[ba1183bc-3307-4f2f-a7df-7eeda515be78|rpc:10.1.0.194:37239|dataStream:10.1.0.194:46645|priority:0|startupRole:FOLLOWER, 6865ef2a-f9e6-4758-8bd9-8da76fd5f008|rpc:10.1.0.194:37715|dataStream:10.1.0.194:37001|priority:1|startupRole:FOLLOWER, b253d63f-33bc-4eb4-9d64-d22092d7a357|rpc:10.1.0.194:38893|dataStream:10.1.0.194:41891|priority:0|startupRole:FOLLOWER]|listeners:[], old=null
2023-05-03 09:46:17,460 [b253d63f-33bc-4eb4-9d64-d22092d7a357@group-E1B12D75F4DE-FollowerState] INFO  server.RaftServerConfigKeys (ConfUtils.java:logFallback(53)) - raft.server.rpc.first-election.timeout.min = 5s (fallback to raft.server.rpc.timeout.min)
2023-05-03 09:46:17,460 [b253d63f-33bc-4eb4-9d64-d22092d7a357@group-E1B12D75F4DE-FollowerState] INFO  server.RaftServerConfigKeys (ConfUtils.java:logFallback(53)) - raft.server.rpc.first-election.timeout.max = 5200ms (fallback to raft.server.rpc.timeout.max)
2023-05-03 09:46:17,459 [6865ef2a-f9e6-4758-8bd9-8da76fd5f008@group-E1B12D75F4DE-LeaderElection7] INFO  server.RaftServerConfigKeys (ConfUtils.java:logGet(46)) - raft.server.watch.timeout.denomination = 1s (default)
2023-05-03 09:46:17,461 [6865ef2a-f9e6-4758-8bd9-8da76fd5f008@group-E1B12D75F4DE-LeaderElection7] INFO  server.RaftServerConfigKeys (ConfUtils.java:logGet(46)) - raft.server.watch.element-limit = 65536 (default)
2023-05-03 09:46:17,461 [6865ef2a-f9e6-4758-8bd9-8da76fd5f008@group-E1B12D75F4DE-LeaderElection7] INFO  server.RaftServerConfigKeys (ConfUtils.java:logGet(46)) - raft.server.write.element-limit = 1024 (custom)
2023-05-03 09:46:17,461 [6865ef2a-f9e6-4758-8bd9-8da76fd5f008@group-E1B12D75F4DE-LeaderElection7] INFO  server.RaftServerConfigKeys (ConfUtils.java:logGet(46)) - raft.server.write.follower.gap.ratio.max = -1.0 (default)
2023-05-03 09:46:17,462 [6865ef2a-f9e6-4758-8bd9-8da76fd5f008@group-E1B12D75F4DE-LeaderElection7] INFO  server.RaftServerConfigKeys (ConfUtils.java:logGet(46)) - raft.server.log.appender.snapshot.chunk.size.max = 16MB (=16777216) (default)
2023-05-03 09:46:17,462 [6865ef2a-f9e6-4758-8bd9-8da76fd5f008@group-E1B12D75F4DE-LeaderElection7] INFO  server.RaftServerConfigKeys (ConfUtils.java:logGet(46)) - raft.server.log.appender.buffer.byte-limit = 33554432 (custom)
2023-05-03 09:46:17,462 [6865ef2a-f9e6-4758-8bd9-8da76fd5f008@group-E1B12D75F4DE-LeaderElection7] INFO  server.RaftServerConfigKeys (ConfUtils.java:logGet(46)) - raft.server.log.appender.buffer.element-limit = 1 (custom)
2023-05-03 09:46:17,462 [6865ef2a-f9e6-4758-8bd9-8da76fd5f008@group-E1B12D75F4DE-LeaderElection7] INFO  grpc.GrpcConfigKeys (ConfUtils.java:logGet(46)) - raft.grpc.server.leader.outstanding.appends.max = 128 (default)
2023-05-03 09:46:17,462 [6865ef2a-f9e6-4758-8bd9-8da76fd5f008@group-E1B12D75F4DE-LeaderElection7] INFO  server.RaftServerConfigKeys (ConfUtils.java:logGet(46)) - raft.server.rpc.request.timeout = 60s (custom)
2023-05-03 09:46:17,463 [6865ef2a-f9e6-4758-8bd9-8da76fd5f008@group-E1B12D75F4DE-LeaderElection7] INFO  server.RaftServerConfigKeys (ConfUtils.java:logGet(46)) - raft.server.log.appender.install.snapshot.enabled = false (custom)
2023-05-03 09:46:17,463 [6865ef2a-f9e6-4758-8bd9-8da76fd5f008@group-E1B12D75F4DE-LeaderElection7] INFO  grpc.GrpcConfigKeys (ConfUtils.java:logGet(46)) - raft.grpc.server.heartbeat.channel = true (default)
2023-05-03 09:46:17,463 [6865ef2a-f9e6-4758-8bd9-8da76fd5f008@group-E1B12D75F4DE-LeaderElection7] INFO  server.RaftServerConfigKeys (ConfUtils.java:logGet(46)) - raft.server.log.appender.wait-time.min = 10ms (default)
2023-05-03 09:46:17,463 [6865ef2a-f9e6-4758-8bd9-8da76fd5f008@group-E1B12D75F4DE-LeaderElection7] INFO  server.RaftServerConfigKeys (ConfUtils.java:logGet(46)) - raft.server.log.appender.snapshot.chunk.size.max = 16MB (=16777216) (default)
2023-05-03 09:46:17,463 [6865ef2a-f9e6-4758-8bd9-8da76fd5f008@group-E1B12D75F4DE-LeaderElection7] INFO  server.RaftServerConfigKeys (ConfUtils.java:logGet(46)) - raft.server.log.appender.buffer.byte-limit = 33554432 (custom)
2023-05-03 09:46:17,463 [6865ef2a-f9e6-4758-8bd9-8da76fd5f008@group-E1B12D75F4DE-LeaderElection7] INFO  server.RaftServerConfigKeys (ConfUtils.java:logGet(46)) - raft.server.log.appender.buffer.element-limit = 1 (custom)
2023-05-03 09:46:17,463 [6865ef2a-f9e6-4758-8bd9-8da76fd5f008@group-E1B12D75F4DE-LeaderElection7] INFO  grpc.GrpcConfigKeys (ConfUtils.java:logGet(46)) - raft.grpc.server.leader.outstanding.appends.max = 128 (default)
2023-05-03 09:46:17,463 [6865ef2a-f9e6-4758-8bd9-8da76fd5f008@group-E1B12D75F4DE-LeaderElection7] INFO  server.RaftServerConfigKeys (ConfUtils.java:logGet(46)) - raft.server.rpc.request.timeout = 60s (custom)
2023-05-03 09:46:17,464 [6865ef2a-f9e6-4758-8bd9-8da76fd5f008@group-E1B12D75F4DE-LeaderElection7] INFO  server.RaftServerConfigKeys (ConfUtils.java:logGet(46)) - raft.server.log.appender.install.snapshot.enabled = false (custom)
2023-05-03 09:46:17,464 [6865ef2a-f9e6-4758-8bd9-8da76fd5f008@group-E1B12D75F4DE-LeaderElection7] INFO  grpc.GrpcConfigKeys (ConfUtils.java:logGet(46)) - raft.grpc.server.heartbeat.channel = true (default)
2023-05-03 09:46:17,464 [6865ef2a-f9e6-4758-8bd9-8da76fd5f008@group-E1B12D75F4DE-LeaderElection7] INFO  server.RaftServerConfigKeys (ConfUtils.java:logGet(46)) - raft.server.log.appender.wait-time.min = 10ms (default)
2023-05-03 09:46:17,464 [6865ef2a-f9e6-4758-8bd9-8da76fd5f008@group-E1B12D75F4DE-LeaderElection7] INFO  impl.RoleInfo (RoleInfo.java:updateAndGet(139)) - 6865ef2a-f9e6-4758-8bd9-8da76fd5f008: start 6865ef2a-f9e6-4758-8bd9-8da76fd5f008@group-E1B12D75F4DE-LeaderStateImpl
2023-05-03 09:46:17,465 [6865ef2a-f9e6-4758-8bd9-8da76fd5f008@group-E1B12D75F4DE-LeaderElection7] INFO  segmented.SegmentedRaftLogWorker (SegmentedRaftLogWorker.java:startLogSegment(452)) - 6865ef2a-f9e6-4758-8bd9-8da76fd5f008@group-E1B12D75F4DE-SegmentedRaftLogWorker: Starting segment from index:0
2023-05-03 09:46:17,466 [6865ef2a-f9e6-4758-8bd9-8da76fd5f008@group-E1B12D75F4DE-SegmentedRaftLogWorker] INFO  segmented.SegmentedRaftLogWorker (SegmentedRaftLogWorker.java:execute(656)) - 6865ef2a-f9e6-4758-8bd9-8da76fd5f008@group-E1B12D75F4DE-SegmentedRaftLogWorker: created new log segment /home/runner/work/ozone/ozone/hadoop-ozone/integration-test/target/test-dir/MiniOzoneClusterImpl-adc655c8-92ed-4be5-b45a-b6dec4162976/datanode-1/data/ratis/4b28a19b-c925-41a3-a060-e1b12d75f4de/current/log_inprogress_0
2023-05-03 09:46:17,475 [6865ef2a-f9e6-4758-8bd9-8da76fd5f008@group-E1B12D75F4DE-LeaderElection7] INFO  server.RaftServer$Division (ServerState.java:setRaftConf(430)) - 6865ef2a-f9e6-4758-8bd9-8da76fd5f008@group-E1B12D75F4DE: set configuration 0: peers:[ba1183bc-3307-4f2f-a7df-7eeda515be78|rpc:10.1.0.194:37239|dataStream:10.1.0.194:46645|priority:0|startupRole:FOLLOWER, 6865ef2a-f9e6-4758-8bd9-8da76fd5f008|rpc:10.1.0.194:37715|dataStream:10.1.0.194:37001|priority:1|startupRole:FOLLOWER, b253d63f-33bc-4eb4-9d64-d22092d7a357|rpc:10.1.0.194:38893|dataStream:10.1.0.194:41891|priority:0|startupRole:FOLLOWER]|listeners:[], old=null
2023-05-03 09:46:17,488 [b253d63f-33bc-4eb4-9d64-d22092d7a357-server-thread1] INFO  ratis.XceiverServerRatis (XceiverServerRatis.java:handleLeaderChangedNotification(904)) - Leader change notification received for group: group-E1B12D75F4DE with new leaderId: 6865ef2a-f9e6-4758-8bd9-8da76fd5f008
2023-05-03 09:46:17,488 [b253d63f-33bc-4eb4-9d64-d22092d7a357-server-thread1] INFO  server.RaftServer$Division (ServerState.java:setLeader(313)) - b253d63f-33bc-4eb4-9d64-d22092d7a357@group-E1B12D75F4DE: change Leader from null to 6865ef2a-f9e6-4758-8bd9-8da76fd5f008 at term 1 for appendEntries, leader elected after 5145ms
2023-05-03 09:46:17,493 [ba1183bc-3307-4f2f-a7df-7eeda515be78-server-thread1] INFO  ratis.XceiverServerRatis (XceiverServerRatis.java:handleLeaderChangedNotification(904)) - Leader change notification received for group: group-E1B12D75F4DE with new leaderId: 6865ef2a-f9e6-4758-8bd9-8da76fd5f008
2023-05-03 09:46:17,495 [ba1183bc-3307-4f2f-a7df-7eeda515be78-server-thread1] INFO  server.RaftServer$Division (ServerState.java:setLeader(313)) - ba1183bc-3307-4f2f-a7df-7eeda515be78@group-E1B12D75F4DE: change Leader from null to 6865ef2a-f9e6-4758-8bd9-8da76fd5f008 at term 1 for appendEntries, leader elected after 5244ms
2023-05-03 09:46:17,495 [ba1183bc-3307-4f2f-a7df-7eeda515be78-server-thread1] INFO  server.RaftServer$Division (ServerState.java:setRaftConf(430)) - ba1183bc-3307-4f2f-a7df-7eeda515be78@group-E1B12D75F4DE: set configuration 0: peers:[ba1183bc-3307-4f2f-a7df-7eeda515be78|rpc:10.1.0.194:37239|dataStream:10.1.0.194:46645|priority:0|startupRole:FOLLOWER, 6865ef2a-f9e6-4758-8bd9-8da76fd5f008|rpc:10.1.0.194:37715|dataStream:10.1.0.194:37001|priority:1|startupRole:FOLLOWER, b253d63f-33bc-4eb4-9d64-d22092d7a357|rpc:10.1.0.194:38893|dataStream:10.1.0.194:41891|priority:0|startupRole:FOLLOWER]|listeners:[], old=null
2023-05-03 09:46:17,495 [ba1183bc-3307-4f2f-a7df-7eeda515be78-server-thread1] INFO  segmented.SegmentedRaftLogWorker (SegmentedRaftLogWorker.java:startLogSegment(452)) - ba1183bc-3307-4f2f-a7df-7eeda515be78@group-E1B12D75F4DE-SegmentedRaftLogWorker: Starting segment from index:0
2023-05-03 09:46:17,496 [ba1183bc-3307-4f2f-a7df-7eeda515be78@group-E1B12D75F4DE-SegmentedRaftLogWorker] INFO  segmented.SegmentedRaftLogWorker (SegmentedRaftLogWorker.java:execute(656)) - ba1183bc-3307-4f2f-a7df-7eeda515be78@group-E1B12D75F4DE-SegmentedRaftLogWorker: created new log segment /home/runner/work/ozone/ozone/hadoop-ozone/integration-test/target/test-dir/MiniOzoneClusterImpl-adc655c8-92ed-4be5-b45a-b6dec4162976/datanode-0/data/ratis/4b28a19b-c925-41a3-a060-e1b12d75f4de/current/log_inprogress_0
2023-05-03 09:46:17,497 [b253d63f-33bc-4eb4-9d64-d22092d7a357-server-thread1] INFO  server.RaftServer$Division (ServerState.java:setRaftConf(430)) - b253d63f-33bc-4eb4-9d64-d22092d7a357@group-E1B12D75F4DE: set configuration 0: peers:[ba1183bc-3307-4f2f-a7df-7eeda515be78|rpc:10.1.0.194:37239|dataStream:10.1.0.194:46645|priority:0|startupRole:FOLLOWER, 6865ef2a-f9e6-4758-8bd9-8da76fd5f008|rpc:10.1.0.194:37715|dataStream:10.1.0.194:37001|priority:1|startupRole:FOLLOWER, b253d63f-33bc-4eb4-9d64-d22092d7a357|rpc:10.1.0.194:38893|dataStream:10.1.0.194:41891|priority:0|startupRole:FOLLOWER]|listeners:[], old=null
2023-05-03 09:46:17,500 [b253d63f-33bc-4eb4-9d64-d22092d7a357-server-thread1] INFO  segmented.SegmentedRaftLogWorker (SegmentedRaftLogWorker.java:startLogSegment(452)) - b253d63f-33bc-4eb4-9d64-d22092d7a357@group-E1B12D75F4DE-SegmentedRaftLogWorker: Starting segment from index:0
2023-05-03 09:46:17,501 [b253d63f-33bc-4eb4-9d64-d22092d7a357@group-E1B12D75F4DE-SegmentedRaftLogWorker] INFO  segmented.SegmentedRaftLogWorker (SegmentedRaftLogWorker.java:execute(656)) - b253d63f-33bc-4eb4-9d64-d22092d7a357@group-E1B12D75F4DE-SegmentedRaftLogWorker: created new log segment /home/runner/work/ozone/ozone/hadoop-ozone/integration-test/target/test-dir/MiniOzoneClusterImpl-adc655c8-92ed-4be5-b45a-b6dec4162976/datanode-2/data/ratis/4b28a19b-c925-41a3-a060-e1b12d75f4de/current/log_inprogress_0
2023-05-03 09:46:17,890 [Listener at 127.0.0.1/35191] INFO  ozone.MiniOzoneClusterImpl (MiniOzoneClusterImpl.java:lambda$waitForClusterToBeReady$0(223)) - Nodes are ready. Got 3 of 3 DN Heartbeats.
2023-05-03 09:46:17,891 [Listener at 127.0.0.1/35191] INFO  ozone.MiniOzoneClusterImpl (MiniOzoneClusterImpl.java:lambda$waitForClusterToBeReady$0(226)) - Cluster exits safe mode
2023-05-03 09:46:17,891 [Listener at 127.0.0.1/35191] INFO  ozone.MiniOzoneClusterImpl (MiniOzoneClusterImpl.java:lambda$waitForClusterToBeReady$0(228)) - SCM became leader
2023-05-03 09:46:17,917 [b253d63f-33bc-4eb4-9d64-d22092d7a357@group-E54D908FE80B-FollowerState] INFO  impl.FollowerState (FollowerState.java:run(143)) - b253d63f-33bc-4eb4-9d64-d22092d7a357@group-E54D908FE80B-FollowerState: change to CANDIDATE, lastRpcElapsedTime:5018981172ns, electionTimeout:5017ms
2023-05-03 09:46:17,917 [b253d63f-33bc-4eb4-9d64-d22092d7a357@group-E54D908FE80B-FollowerState] INFO  impl.RoleInfo (RoleInfo.java:shutdownFollowerState(110)) - b253d63f-33bc-4eb4-9d64-d22092d7a357: shutdown b253d63f-33bc-4eb4-9d64-d22092d7a357@group-E54D908FE80B-FollowerState
2023-05-03 09:46:17,917 [b253d63f-33bc-4eb4-9d64-d22092d7a357@group-E54D908FE80B-FollowerState] INFO  server.RaftServer$Division (RaftServerImpl.java:setRole(321)) - b253d63f-33bc-4eb4-9d64-d22092d7a357@group-E54D908FE80B: changes role from  FOLLOWER to CANDIDATE at term 0 for changeToCandidate
2023-05-03 09:46:17,917 [b253d63f-33bc-4eb4-9d64-d22092d7a357@group-E54D908FE80B-FollowerState] INFO  server.RaftServerConfigKeys (ConfUtils.java:logGet(46)) - raft.server.leaderelection.pre-vote = true (default)
2023-05-03 09:46:17,917 [b253d63f-33bc-4eb4-9d64-d22092d7a357@group-E54D908FE80B-FollowerState] INFO  impl.RoleInfo (RoleInfo.java:updateAndGet(139)) - b253d63f-33bc-4eb4-9d64-d22092d7a357: start b253d63f-33bc-4eb4-9d64-d22092d7a357@group-E54D908FE80B-LeaderElection8
2023-05-03 09:46:17,933 [b253d63f-33bc-4eb4-9d64-d22092d7a357@group-E54D908FE80B-LeaderElection8] INFO  impl.LeaderElection (LeaderElection.java:askForVotes(312)) - b253d63f-33bc-4eb4-9d64-d22092d7a357@group-E54D908FE80B-LeaderElection8 PRE_VOTE round 0: submit vote requests at term 0 for -1: peers:[b253d63f-33bc-4eb4-9d64-d22092d7a357|rpc:10.1.0.194:38893|dataStream:10.1.0.194:41891|priority:1|startupRole:FOLLOWER]|listeners:[], old=null
2023-05-03 09:46:17,933 [b253d63f-33bc-4eb4-9d64-d22092d7a357@group-E54D908FE80B-LeaderElection8] INFO  impl.LeaderElection (LeaderElection.java:askForVotes(314)) - b253d63f-33bc-4eb4-9d64-d22092d7a357@group-E54D908FE80B-LeaderElection8 PRE_VOTE round 0: result PASSED (term=0)
2023-05-03 09:46:17,934 [b253d63f-33bc-4eb4-9d64-d22092d7a357@group-E54D908FE80B-LeaderElection8] INFO  impl.LeaderElection (LeaderElection.java:askForVotes(312)) - b253d63f-33bc-4eb4-9d64-d22092d7a357@group-E54D908FE80B-LeaderElection8 ELECTION round 0: submit vote requests at term 1 for -1: peers:[b253d63f-33bc-4eb4-9d64-d22092d7a357|rpc:10.1.0.194:38893|dataStream:10.1.0.194:41891|priority:1|startupRole:FOLLOWER]|listeners:[], old=null
2023-05-03 09:46:17,934 [b253d63f-33bc-4eb4-9d64-d22092d7a357@group-E54D908FE80B-LeaderElection8] INFO  impl.LeaderElection (LeaderElection.java:askForVotes(314)) - b253d63f-33bc-4eb4-9d64-d22092d7a357@group-E54D908FE80B-LeaderElection8 ELECTION round 0: result PASSED (term=1)
2023-05-03 09:46:17,935 [b253d63f-33bc-4eb4-9d64-d22092d7a357@group-E54D908FE80B-LeaderElection8] INFO  impl.RoleInfo (RoleInfo.java:shutdownLeaderElection(130)) - b253d63f-33bc-4eb4-9d64-d22092d7a357: shutdown b253d63f-33bc-4eb4-9d64-d22092d7a357@group-E54D908FE80B-LeaderElection8
2023-05-03 09:46:17,935 [b253d63f-33bc-4eb4-9d64-d22092d7a357@group-E54D908FE80B-LeaderElection8] INFO  server.RaftServer$Division (RaftServerImpl.java:setRole(321)) - b253d63f-33bc-4eb4-9d64-d22092d7a357@group-E54D908FE80B: changes role from CANDIDATE to LEADER at term 1 for changeToLeader
2023-05-03 09:46:17,935 [b253d63f-33bc-4eb4-9d64-d22092d7a357@group-E54D908FE80B-LeaderElection8] INFO  ratis.XceiverServerRatis (XceiverServerRatis.java:handleLeaderChangedNotification(904)) - Leader change notification received for group: group-E54D908FE80B with new leaderId: b253d63f-33bc-4eb4-9d64-d22092d7a357
2023-05-03 09:46:17,935 [b253d63f-33bc-4eb4-9d64-d22092d7a357@group-E54D908FE80B-LeaderElection8] INFO  server.RaftServer$Division (ServerState.java:setLeader(313)) - b253d63f-33bc-4eb4-9d64-d22092d7a357@group-E54D908FE80B: change Leader from null to b253d63f-33bc-4eb4-9d64-d22092d7a357 at term 1 for becomeLeader, leader elected after 5247ms
2023-05-03 09:46:17,935 [b253d63f-33bc-4eb4-9d64-d22092d7a357@group-E54D908FE80B-LeaderElection8] INFO  server.RaftServerConfigKeys (ConfUtils.java:logGet(46)) - raft.server.staging.catchup.gap = 1000 (default)
2023-05-03 09:46:17,936 [b253d63f-33bc-4eb4-9d64-d22092d7a357@group-E54D908FE80B-LeaderElection8] INFO  server.RaftServerConfigKeys (ConfUtils.java:logGet(46)) - raft.server.write.element-limit = 1024 (custom)
2023-05-03 09:46:17,936 [b253d63f-33bc-4eb4-9d64-d22092d7a357@group-E54D908FE80B-LeaderElection8] INFO  server.RaftServerConfigKeys (ConfUtils.java:logGet(46)) - raft.server.write.byte-limit = 1024 M (=1073741824) (custom)
2023-05-03 09:46:17,937 [b253d63f-33bc-4eb4-9d64-d22092d7a357@group-E54D908FE80B-LeaderElection8] INFO  server.RaftServerConfigKeys (ConfUtils.java:logGet(46)) - raft.server.watch.timeout = 180s (custom)
2023-05-03 09:46:17,937 [b253d63f-33bc-4eb4-9d64-d22092d7a357@group-E54D908FE80B-LeaderElection8] INFO  server.RaftServerConfigKeys (ConfUtils.java:logGet(46)) - raft.server.watch.timeout.denomination = 1s (default)
2023-05-03 09:46:17,937 [b253d63f-33bc-4eb4-9d64-d22092d7a357@group-E54D908FE80B-LeaderElection8] INFO  server.RaftServerConfigKeys (ConfUtils.java:logGet(46)) - raft.server.watch.element-limit = 65536 (default)
2023-05-03 09:46:17,937 [b253d63f-33bc-4eb4-9d64-d22092d7a357@group-E54D908FE80B-LeaderElection8] INFO  server.RaftServerConfigKeys (ConfUtils.java:logGet(46)) - raft.server.write.element-limit = 1024 (custom)
2023-05-03 09:46:17,937 [b253d63f-33bc-4eb4-9d64-d22092d7a357@group-E54D908FE80B-LeaderElection8] INFO  server.RaftServerConfigKeys (ConfUtils.java:logGet(46)) - raft.server.write.follower.gap.ratio.max = -1.0 (default)
2023-05-03 09:46:17,937 [b253d63f-33bc-4eb4-9d64-d22092d7a357@group-E54D908FE80B-LeaderElection8] INFO  impl.RoleInfo (RoleInfo.java:updateAndGet(139)) - b253d63f-33bc-4eb4-9d64-d22092d7a357: start b253d63f-33bc-4eb4-9d64-d22092d7a357@group-E54D908FE80B-LeaderStateImpl
2023-05-03 09:46:17,937 [b253d63f-33bc-4eb4-9d64-d22092d7a357@group-E54D908FE80B-LeaderElection8] INFO  segmented.SegmentedRaftLogWorker (SegmentedRaftLogWorker.java:startLogSegment(452)) - b253d63f-33bc-4eb4-9d64-d22092d7a357@group-E54D908FE80B-SegmentedRaftLogWorker: Starting segment from index:0
2023-05-03 09:46:17,940 [b253d63f-33bc-4eb4-9d64-d22092d7a357@group-E54D908FE80B-SegmentedRaftLogWorker] INFO  segmented.SegmentedRaftLogWorker (SegmentedRaftLogWorker.java:execute(656)) - b253d63f-33bc-4eb4-9d64-d22092d7a357@group-E54D908FE80B-SegmentedRaftLogWorker: created new log segment /home/runner/work/ozone/ozone/hadoop-ozone/integration-test/target/test-dir/MiniOzoneClusterImpl-adc655c8-92ed-4be5-b45a-b6dec4162976/datanode-2/data/ratis/1da80be2-2582-452d-94b7-e54d908fe80b/current/log_inprogress_0
2023-05-03 09:46:17,953 [b253d63f-33bc-4eb4-9d64-d22092d7a357@group-E54D908FE80B-LeaderElection8] INFO  server.RaftServer$Division (ServerState.java:setRaftConf(430)) - b253d63f-33bc-4eb4-9d64-d22092d7a357@group-E54D908FE80B: set configuration 0: peers:[b253d63f-33bc-4eb4-9d64-d22092d7a357|rpc:10.1.0.194:38893|dataStream:10.1.0.194:41891|priority:1|startupRole:FOLLOWER]|listeners:[], old=null
2023-05-03 09:46:18,383 [Listener at 127.0.0.1/35191] INFO  rpc.RpcClient (RpcClient.java:createVolume(476)) - Creating Volume: volume63713, with user97447 as owner and space quota set to -1 bytes, counts quota set to -1
2023-05-03 09:46:18,432 [OM StateMachine ApplyTransaction Thread - 0] INFO  volume.OMVolumeCreateRequest (OMVolumeCreateRequest.java:validateAndUpdateCache(195)) - created volume:volume63713 for user:user97447
2023-05-03 09:46:18,447 [Listener at 127.0.0.1/35191] INFO  rpc.RpcClient (RpcClient.java:createBucket(697)) - Creating Bucket: volume63713/bucket07980, with bucket layout LEGACY, runner as owner, Versioning false, Storage Type set to DISK and Encryption set to false, Replication Type set to server-side default replication type, Namespace Quota set to -1, Space Quota set to -1 
2023-05-03 09:46:18,473 [OM StateMachine ApplyTransaction Thread - 0] INFO  bucket.OMBucketCreateRequest (OMBucketCreateRequest.java:validateAndUpdateCache(270)) - created bucket: bucket07980 of layout LEGACY in volume: volume63713
2023-05-03 09:46:18,524 [IPC Server handler 0 on default port 36375] INFO  ha.SequenceIdGenerator (SequenceIdGenerator.java:getNextId(128)) - Allocate a batch for containerId, change lastId from 0 to 1000.
2023-05-03 09:46:18,534 [IPC Server handler 0 on default port 36375] WARN  ha.SequenceIdGenerator (SequenceIdGenerator.java:allocateBatch(237)) - Failed to allocate a batch for localId, expected lastId is 0, actual lastId is 111677748019200000.
2023-05-03 09:46:18,535 [IPC Server handler 0 on default port 36375] INFO  ha.SequenceIdGenerator (SequenceIdGenerator.java:getNextId(128)) - Allocate a batch for localId, change lastId from 111677748019200000 to 111677748019201000.
2023-05-03 09:46:18,609 [Listener at 127.0.0.1/35191] INFO  impl.MetricsSystemImpl (MetricsSystemImpl.java:init(158)) - XceiverClientMetrics metrics system started (again)
2023-05-03 09:46:18,610 [Listener at 127.0.0.1/35191] INFO  lib.Interns (Interns.java:removeEldestEntry(50)) - Metrics intern cache overflow at 2011 for MetricsSystem={MetricsSystem=MetricsInfoImpl{name=MetricsSystem, description=MetricsSystem}, MetricsSystem record=MetricsInfoImpl{name=MetricsSystem, description=MetricsSystem record}}
2023-05-03 09:46:20,283 [Listener at 127.0.0.1/35191] INFO  ha.SequenceIdGenerator (SequenceIdGenerator.java:getNextId(128)) - Allocate a batch for delTxnId, change lastId from 0 to 1000.
2023-05-03 09:46:20,895 [SCMBlockDeletingService#0] INFO  block.SCMBlockDeletingService (SCMBlockDeletingService.java:call(198)) - Totally added 5 blocks to be deleted for 3 datanodes, task elapsed time: 3ms
2023-05-03 09:46:21,451 [org.apache.hadoop.ozone.container.common.statemachine.commandhandler.DeleteBlocksCommandHandler$DeleteCmdWorker@bbd5c7a] INFO  commandhandler.DeleteBlocksCommandHandler (DeleteBlocksCommandHandler.java:processCmd(275)) - Start to delete container blocks, TXIDs=[3(0),4(0)], numOfContainers=2, numOfBlocks=2
2023-05-03 09:46:21,892 [SCMBlockDeletingService#0] INFO  block.SCMBlockDeletingService (SCMBlockDeletingService.java:call(198)) - Totally added 3 blocks to be deleted for 2 datanodes, task elapsed time: 0ms
2023-05-03 09:46:22,362 [org.apache.hadoop.ozone.container.common.statemachine.commandhandler.DeleteBlocksCommandHandler$DeleteCmdWorker@4ae8d49b] INFO  commandhandler.DeleteBlocksCommandHandler (DeleteBlocksCommandHandler.java:processCmd(275)) - Start to delete container blocks, TXIDs=[2(0),5(0)], numOfContainers=2, numOfBlocks=2
2023-05-03 09:46:22,892 [SCMBlockDeletingService#0] INFO  block.SCMBlockDeletingService (SCMBlockDeletingService.java:call(198)) - Totally added 1 blocks to be deleted for 1 datanodes, task elapsed time: 0ms
2023-05-03 09:46:22,909 [org.apache.hadoop.ozone.container.common.statemachine.commandhandler.DeleteBlocksCommandHandler$DeleteCmdWorker@4e664329] INFO  commandhandler.DeleteBlocksCommandHandler (DeleteBlocksCommandHandler.java:processCmd(275)) - Start to delete container blocks, TXIDs=[1(0)], numOfContainers=1, numOfBlocks=1
2023-05-03 09:46:22,910 [org.apache.hadoop.ozone.container.common.statemachine.commandhandler.DeleteBlocksCommandHandler$DeleteCmdWorker@4e664329] INFO  commandhandler.DeleteBlocksCommandHandler (DeleteBlocksCommandHandler.java:processCmd(275)) - Start to delete container blocks, TXIDs=[1(1)], numOfContainers=1, numOfBlocks=1
2023-05-03 09:46:22,910 [DeleteBlocksCommandHandlerThread-1] INFO  commandhandler.DeleteBlocksCommandHandler (DeleteBlocksCommandHandler.java:logDeleteTransaction(493)) - Delete blocks for containerId: 1 is either received out of order or retried, 1 <= 1
2023-05-03 09:46:23,295 [Listener at 127.0.0.1/35191] INFO  ozone.MiniOzoneClusterImpl (MiniOzoneClusterImpl.java:shutdown(456)) - Shutting down the Mini Ozone Cluster
2023-05-03 09:46:23,295 [Listener at 127.0.0.1/35191] INFO  ozone.MiniOzoneClusterImpl (MiniOzoneClusterImpl.java:stop(474)) - Stopping the Mini Ozone Cluster
2023-05-03 09:46:23,296 [Listener at 127.0.0.1/35191] INFO  ozone.MiniOzoneClusterImpl (MiniOzoneClusterImpl.java:stopOM(560)) - Stopping the OzoneManager
2023-05-03 09:46:23,296 [Listener at 127.0.0.1/35191] INFO  om.OzoneManager (OzoneManager.java:stop(2165)) - om1[localhost:0]: Stopping Ozone Manager
2023-05-03 09:46:23,296 [Listener at 127.0.0.1/35191] INFO  ipc.Server (Server.java:stop(3501)) - Stopping server on 35191
2023-05-03 09:46:23,304 [IPC Server listener on 0] INFO  ipc.Server (Server.java:run(1430)) - Stopping IPC Server listener on 0
2023-05-03 09:46:23,305 [IPC Server Responder] INFO  ipc.Server (Server.java:run(1563)) - Stopping IPC Server Responder
2023-05-03 09:46:23,307 [Listener at 127.0.0.1/35191] INFO  server.RaftServer (RaftServerProxy.java:lambda$close$6(409)) - om1: close
2023-05-03 09:46:23,308 [Listener at 127.0.0.1/35191] INFO  server.GrpcService (GrpcService.java:closeImpl(271)) - om1: shutdown server GrpcServerProtocolService now
2023-05-03 09:46:23,308 [om1-impl-thread1] INFO  server.RaftServer$Division (RaftServerImpl.java:lambda$close$4(458)) - om1@group-C5BA1605619E: shutdown
2023-05-03 09:46:23,308 [om1-impl-thread1] INFO  util.JmxRegister (JmxRegister.java:unregister(73)) - Successfully un-registered JMX Bean with object name Ratis:service=RaftServer,group=group-C5BA1605619E,id=om1
2023-05-03 09:46:23,308 [om1-impl-thread1] INFO  impl.RoleInfo (RoleInfo.java:shutdownLeaderState(93)) - om1: shutdown om1@group-C5BA1605619E-LeaderStateImpl
2023-05-03 09:46:23,309 [om1-impl-thread1] INFO  impl.PendingRequests (PendingRequests.java:sendNotLeaderResponses(282)) - om1@group-C5BA1605619E-PendingRequests: sendNotLeaderResponses
2023-05-03 09:46:23,311 [om1-impl-thread1] INFO  impl.StateMachineUpdater (StateMachineUpdater.java:stopAndJoin(153)) - om1@group-C5BA1605619E-StateMachineUpdater: set stopIndex = 24
2023-05-03 09:46:23,311 [om1@group-C5BA1605619E-StateMachineUpdater] INFO  ratis.OzoneManagerStateMachine (OzoneManagerStateMachine.java:takeSnapshot(479)) - Current Snapshot Index (t:1, i:24)
2023-05-03 09:46:23,317 [Listener at 127.0.0.1/35191] INFO  server.GrpcService (GrpcService.java:closeImpl(280)) - om1: shutdown server GrpcServerProtocolService successfully
2023-05-03 09:46:23,329 [om1@group-C5BA1605619E-StateMachineUpdater] INFO  impl.StateMachineUpdater (StateMachineUpdater.java:takeSnapshot(287)) - om1@group-C5BA1605619E-StateMachineUpdater: Took a snapshot at index 24
2023-05-03 09:46:23,329 [om1@group-C5BA1605619E-StateMachineUpdater] INFO  impl.StateMachineUpdater (StateMachineUpdater.java:lambda$new$0(92)) - om1@group-C5BA1605619E-StateMachineUpdater: snapshotIndex: updateIncreasingly -1 -> 24
2023-05-03 09:46:23,330 [om1@group-C5BA1605619E-StateMachineUpdater] INFO  ratis.OzoneManagerStateMachine (OzoneManagerStateMachine.java:close(533)) - StateMachine has shutdown. Shutdown OzoneManager if not already shutdown.
2023-05-03 09:46:23,330 [om1@group-C5BA1605619E-StateMachineUpdater] INFO  ratis.OzoneManagerDoubleBuffer (OzoneManagerDoubleBuffer.java:stopDaemon(540)) - Stopping OMDoubleBuffer flush thread
2023-05-03 09:46:23,330 [OMDoubleBufferFlushThread] INFO  ratis.OzoneManagerDoubleBuffer (OzoneManagerDoubleBuffer.java:canFlush(625)) - OMDoubleBuffer flush thread OMDoubleBufferFlushThread is interrupted and will exit.
2023-05-03 09:46:23,331 [om1-impl-thread1] INFO  server.RaftServer$Division (ServerState.java:close(466)) - om1@group-C5BA1605619E: closes. applyIndex: 24
2023-05-03 09:46:23,332 [om1@group-C5BA1605619E-SegmentedRaftLogWorker] INFO  segmented.SegmentedRaftLogWorker (SegmentedRaftLogWorker.java:run(347)) - om1@group-C5BA1605619E-SegmentedRaftLogWorker was interrupted, exiting. There are 0 tasks remaining in the queue.
2023-05-03 09:46:23,333 [om1-impl-thread1] INFO  segmented.SegmentedRaftLogWorker (SegmentedRaftLogWorker.java:close(257)) - om1@group-C5BA1605619E-SegmentedRaftLogWorker close()
2023-05-03 09:46:23,334 [JvmPauseMonitor0] INFO  util.JvmPauseMonitor (JvmPauseMonitor.java:run(111)) - JvmPauseMonitor-om1: Stopped
2023-05-03 09:46:23,334 [Listener at 127.0.0.1/35191] INFO  ratis.OzoneManagerStateMachine (OzoneManagerStateMachine.java:close(533)) - StateMachine has shutdown. Shutdown OzoneManager if not already shutdown.
2023-05-03 09:46:23,334 [Listener at 127.0.0.1/35191] INFO  ratis.OzoneManagerDoubleBuffer (OzoneManagerDoubleBuffer.java:stopDaemon(549)) - OMDoubleBuffer flush thread is not running.
2023-05-03 09:46:23,334 [Listener at 127.0.0.1/35191] INFO  utils.BackgroundService (BackgroundService.java:shutdown(141)) - Shutting down service KeyDeletingService
2023-05-03 09:46:23,334 [Listener at 127.0.0.1/35191] INFO  utils.BackgroundService (BackgroundService.java:shutdown(141)) - Shutting down service KeyDeletingService
2023-05-03 09:46:23,334 [Listener at 127.0.0.1/35191] INFO  utils.BackgroundService (BackgroundService.java:shutdown(141)) - Shutting down service OpenKeyCleanupService
2023-05-03 09:46:23,335 [Listener at 127.0.0.1/35191] INFO  utils.BackgroundService (BackgroundService.java:shutdown(141)) - Shutting down service SstFilteringService
2023-05-03 09:46:23,335 [Listener at 127.0.0.1/35191] INFO  utils.BackgroundService (BackgroundService.java:shutdown(141)) - Shutting down service SnapshotDeletingService
2023-05-03 09:46:23,336 [Listener at 127.0.0.1/35191] INFO  handler.ContextHandler (ContextHandler.java:doStop(1159)) - Stopped o.e.j.w.WebAppContext@3b47e149{ozoneManager,/,null,STOPPED}{file:/home/runner/work/ozone/ozone/hadoop-ozone/integration-test/target/test-classes/webapps/ozoneManager}
2023-05-03 09:46:23,339 [Listener at 127.0.0.1/35191] INFO  server.AbstractConnector (AbstractConnector.java:doStop(383)) - Stopped ServerConnector@3f5b54c9{HTTP/1.1, (http/1.1)}{0.0.0.0:0}
2023-05-03 09:46:23,339 [Listener at 127.0.0.1/35191] INFO  server.session (HouseKeeper.java:stopScavenging(149)) - node0 Stopped scavenging
2023-05-03 09:46:23,339 [Listener at 127.0.0.1/35191] INFO  handler.ContextHandler (ContextHandler.java:doStop(1159)) - Stopped o.e.j.s.ServletContextHandler@5ca1d675{static,/static,file:///home/runner/work/ozone/ozone/hadoop-ozone/integration-test/target/test-classes/webapps/static,STOPPED}
2023-05-03 09:46:23,339 [Listener at 127.0.0.1/35191] INFO  handler.ContextHandler (ContextHandler.java:doStop(1159)) - Stopped o.e.j.s.ServletContextHandler@4de6e12b{logs,/logs,file:///home/runner/work/ozone/ozone/hadoop-ozone/integration-test/target/log,STOPPED}
2023-05-03 09:46:23,351 [Listener at 127.0.0.1/35191] INFO  utils.BackgroundService (BackgroundService.java:shutdown(141)) - Shutting down service SnapshotDiffCleanupService
2023-05-03 09:46:23,352 [Listener at 127.0.0.1/35191] INFO  ozone.MiniOzoneClusterImpl (MiniOzoneClusterImpl.java:stopDatanodes(537)) - Stopping the HddsDatanodes
2023-05-03 09:46:23,355 [ForkJoinPool.commonPool-worker-1] INFO  ozoneimpl.OzoneContainer (OzoneContainer.java:stop(419)) - Attempting to stop container services.
2023-05-03 09:46:23,355 [Listener at 127.0.0.1/35191] INFO  ozoneimpl.OzoneContainer (OzoneContainer.java:stop(419)) - Attempting to stop container services.
2023-05-03 09:46:23,358 [Listener at 127.0.0.1/35191] INFO  server.RaftServer (RaftServerProxy.java:lambda$close$6(409)) - 6865ef2a-f9e6-4758-8bd9-8da76fd5f008: close
2023-05-03 09:46:23,358 [ForkJoinPool.commonPool-worker-1] INFO  server.RaftServer (RaftServerProxy.java:lambda$close$6(409)) - ba1183bc-3307-4f2f-a7df-7eeda515be78: close
2023-05-03 09:46:23,358 [6865ef2a-f9e6-4758-8bd9-8da76fd5f008-impl-thread1] INFO  server.RaftServer$Division (RaftServerImpl.java:lambda$close$4(458)) - 6865ef2a-f9e6-4758-8bd9-8da76fd5f008@group-1EE0DF288816: shutdown
2023-05-03 09:46:23,358 [6865ef2a-f9e6-4758-8bd9-8da76fd5f008-impl-thread1] INFO  util.JmxRegister (JmxRegister.java:unregister(73)) - Successfully un-registered JMX Bean with object name Ratis:service=RaftServer,group=group-1EE0DF288816,id=6865ef2a-f9e6-4758-8bd9-8da76fd5f008
2023-05-03 09:46:23,358 [6865ef2a-f9e6-4758-8bd9-8da76fd5f008-impl-thread1] INFO  impl.RoleInfo (RoleInfo.java:shutdownLeaderState(93)) - 6865ef2a-f9e6-4758-8bd9-8da76fd5f008: shutdown 6865ef2a-f9e6-4758-8bd9-8da76fd5f008@group-1EE0DF288816-LeaderStateImpl
2023-05-03 09:46:23,358 [6865ef2a-f9e6-4758-8bd9-8da76fd5f008-impl-thread1] INFO  impl.PendingRequests (PendingRequests.java:sendNotLeaderResponses(282)) - 6865ef2a-f9e6-4758-8bd9-8da76fd5f008@group-1EE0DF288816-PendingRequests: sendNotLeaderResponses
2023-05-03 09:46:23,359 [Listener at 127.0.0.1/35191] INFO  server.GrpcService (GrpcService.java:closeImpl(271)) - 6865ef2a-f9e6-4758-8bd9-8da76fd5f008: shutdown server GrpcServerProtocolService now
2023-05-03 09:46:23,359 [6865ef2a-f9e6-4758-8bd9-8da76fd5f008-impl-thread3] INFO  server.RaftServer$Division (RaftServerImpl.java:lambda$close$4(458)) - 6865ef2a-f9e6-4758-8bd9-8da76fd5f008@group-E1B12D75F4DE: shutdown
2023-05-03 09:46:23,366 [grpc-default-executor-5] WARN  server.GrpcServerProtocolService (LogUtils.java:warn(122)) - 6865ef2a-f9e6-4758-8bd9-8da76fd5f008: installSnapshot onError, lastRequest: null: org.apache.ratis.thirdparty.io.grpc.StatusRuntimeException: CANCELLED: client cancelled
2023-05-03 09:46:23,367 [6865ef2a-f9e6-4758-8bd9-8da76fd5f008-impl-thread3] INFO  util.JmxRegister (JmxRegister.java:unregister(73)) - Successfully un-registered JMX Bean with object name Ratis:service=RaftServer,group=group-E1B12D75F4DE,id=6865ef2a-f9e6-4758-8bd9-8da76fd5f008
2023-05-03 09:46:23,367 [6865ef2a-f9e6-4758-8bd9-8da76fd5f008-impl-thread3] INFO  impl.RoleInfo (RoleInfo.java:shutdownLeaderState(93)) - 6865ef2a-f9e6-4758-8bd9-8da76fd5f008: shutdown 6865ef2a-f9e6-4758-8bd9-8da76fd5f008@group-E1B12D75F4DE-LeaderStateImpl
2023-05-03 09:46:23,360 [6865ef2a-f9e6-4758-8bd9-8da76fd5f008-impl-thread2] INFO  server.RaftServer$Division (RaftServerImpl.java:lambda$close$4(458)) - 6865ef2a-f9e6-4758-8bd9-8da76fd5f008@group-25ACAC35DE11: shutdown
2023-05-03 09:46:23,367 [6865ef2a-f9e6-4758-8bd9-8da76fd5f008-impl-thread2] INFO  util.JmxRegister (JmxRegister.java:unregister(73)) - Successfully un-registered JMX Bean with object name Ratis:service=RaftServer,group=group-25ACAC35DE11,id=6865ef2a-f9e6-4758-8bd9-8da76fd5f008
2023-05-03 09:46:23,368 [6865ef2a-f9e6-4758-8bd9-8da76fd5f008-impl-thread2] INFO  impl.RoleInfo (RoleInfo.java:shutdownFollowerState(110)) - 6865ef2a-f9e6-4758-8bd9-8da76fd5f008: shutdown 6865ef2a-f9e6-4758-8bd9-8da76fd5f008@group-25ACAC35DE11-FollowerState
2023-05-03 09:46:23,370 [ba1183bc-3307-4f2f-a7df-7eeda515be78-impl-thread2] INFO  server.RaftServer$Division (RaftServerImpl.java:lambda$close$4(458)) - ba1183bc-3307-4f2f-a7df-7eeda515be78@group-E2D606D924FC: shutdown
2023-05-03 09:46:23,370 [ba1183bc-3307-4f2f-a7df-7eeda515be78-impl-thread2] INFO  util.JmxRegister (JmxRegister.java:unregister(73)) - Successfully un-registered JMX Bean with object name Ratis:service=RaftServer,group=group-E2D606D924FC,id=ba1183bc-3307-4f2f-a7df-7eeda515be78
2023-05-03 09:46:23,370 [ba1183bc-3307-4f2f-a7df-7eeda515be78-impl-thread2] INFO  impl.RoleInfo (RoleInfo.java:shutdownLeaderState(93)) - ba1183bc-3307-4f2f-a7df-7eeda515be78: shutdown ba1183bc-3307-4f2f-a7df-7eeda515be78@group-E2D606D924FC-LeaderStateImpl
2023-05-03 09:46:23,370 [ForkJoinPool.commonPool-worker-1] INFO  server.GrpcService (GrpcService.java:closeImpl(271)) - ba1183bc-3307-4f2f-a7df-7eeda515be78: shutdown server GrpcServerProtocolService now
2023-05-03 09:46:23,370 [ba1183bc-3307-4f2f-a7df-7eeda515be78-impl-thread2] INFO  impl.PendingRequests (PendingRequests.java:sendNotLeaderResponses(282)) - ba1183bc-3307-4f2f-a7df-7eeda515be78@group-E2D606D924FC-PendingRequests: sendNotLeaderResponses
2023-05-03 09:46:23,370 [ba1183bc-3307-4f2f-a7df-7eeda515be78-impl-thread1] INFO  server.RaftServer$Division (RaftServerImpl.java:lambda$close$4(458)) - ba1183bc-3307-4f2f-a7df-7eeda515be78@group-25ACAC35DE11: shutdown
2023-05-03 09:46:23,370 [ba1183bc-3307-4f2f-a7df-7eeda515be78-impl-thread1] INFO  util.JmxRegister (JmxRegister.java:unregister(73)) - Successfully un-registered JMX Bean with object name Ratis:service=RaftServer,group=group-25ACAC35DE11,id=ba1183bc-3307-4f2f-a7df-7eeda515be78
2023-05-03 09:46:23,370 [ba1183bc-3307-4f2f-a7df-7eeda515be78-impl-thread1] INFO  impl.RoleInfo (RoleInfo.java:shutdownFollowerState(110)) - ba1183bc-3307-4f2f-a7df-7eeda515be78: shutdown ba1183bc-3307-4f2f-a7df-7eeda515be78@group-25ACAC35DE11-FollowerState
2023-05-03 09:46:23,371 [ba1183bc-3307-4f2f-a7df-7eeda515be78-impl-thread1] INFO  impl.StateMachineUpdater (StateMachineUpdater.java:stopAndJoin(153)) - ba1183bc-3307-4f2f-a7df-7eeda515be78@group-25ACAC35DE11-StateMachineUpdater: set stopIndex = 0
2023-05-03 09:46:23,371 [ba1183bc-3307-4f2f-a7df-7eeda515be78@group-25ACAC35DE11-FollowerState] INFO  impl.FollowerState (FollowerState.java:run(152)) - ba1183bc-3307-4f2f-a7df-7eeda515be78@group-25ACAC35DE11-FollowerState was interrupted
2023-05-03 09:46:23,371 [ba1183bc-3307-4f2f-a7df-7eeda515be78@group-25ACAC35DE11-StateMachineUpdater] INFO  ratis.ContainerStateMachine (ContainerStateMachine.java:takeSnapshot(330)) - group-25ACAC35DE11: Taking a snapshot at:(t:1, i:0) file /home/runner/work/ozone/ozone/hadoop-ozone/integration-test/target/test-dir/MiniOzoneClusterImpl-adc655c8-92ed-4be5-b45a-b6dec4162976/datanode-0/data/ratis/05b880ab-170c-4da7-8905-25acac35de11/sm/snapshot.1_0
2023-05-03 09:46:23,372 [ba1183bc-3307-4f2f-a7df-7eeda515be78-impl-thread3] INFO  server.RaftServer$Division (RaftServerImpl.java:lambda$close$4(458)) - ba1183bc-3307-4f2f-a7df-7eeda515be78@group-E1B12D75F4DE: shutdown
2023-05-03 09:46:23,372 [ba1183bc-3307-4f2f-a7df-7eeda515be78-impl-thread3] INFO  util.JmxRegister (JmxRegister.java:unregister(73)) - Successfully un-registered JMX Bean with object name Ratis:service=RaftServer,group=group-E1B12D75F4DE,id=ba1183bc-3307-4f2f-a7df-7eeda515be78
2023-05-03 09:46:23,372 [ba1183bc-3307-4f2f-a7df-7eeda515be78-impl-thread3] INFO  impl.RoleInfo (RoleInfo.java:shutdownFollowerState(110)) - ba1183bc-3307-4f2f-a7df-7eeda515be78: shutdown ba1183bc-3307-4f2f-a7df-7eeda515be78@group-E1B12D75F4DE-FollowerState
2023-05-03 09:46:23,376 [6865ef2a-f9e6-4758-8bd9-8da76fd5f008-impl-thread3] INFO  impl.PendingRequests (PendingRequests.java:sendNotLeaderResponses(282)) - 6865ef2a-f9e6-4758-8bd9-8da76fd5f008@group-E1B12D75F4DE-PendingRequests: sendNotLeaderResponses
2023-05-03 09:46:23,376 [6865ef2a-f9e6-4758-8bd9-8da76fd5f008@group-E1B12D75F4DE->ba1183bc-3307-4f2f-a7df-7eeda515be78-GrpcLogAppender-LogAppenderDaemon] WARN  server.GrpcLogAppender (GrpcLogAppender.java:mayWait(200)) - 6865ef2a-f9e6-4758-8bd9-8da76fd5f008@group-E1B12D75F4DE->ba1183bc-3307-4f2f-a7df-7eeda515be78-GrpcLogAppender: Wait interrupted by java.lang.InterruptedException
2023-05-03 09:46:23,376 [6865ef2a-f9e6-4758-8bd9-8da76fd5f008-impl-thread2] INFO  impl.StateMachineUpdater (StateMachineUpdater.java:stopAndJoin(153)) - 6865ef2a-f9e6-4758-8bd9-8da76fd5f008@group-25ACAC35DE11-StateMachineUpdater: set stopIndex = 0
2023-05-03 09:46:23,380 [grpc-default-executor-8] WARN  server.GrpcServerProtocolService (LogUtils.java:warn(122)) - ba1183bc-3307-4f2f-a7df-7eeda515be78: installSnapshot onError, lastRequest: null: org.apache.ratis.thirdparty.io.grpc.StatusRuntimeException: CANCELLED: client cancelled
2023-05-03 09:46:23,381 [6865ef2a-f9e6-4758-8bd9-8da76fd5f008-impl-thread3] INFO  impl.StateMachineUpdater (StateMachineUpdater.java:stopAndJoin(153)) - 6865ef2a-f9e6-4758-8bd9-8da76fd5f008@group-E1B12D75F4DE-StateMachineUpdater: set stopIndex = 0
2023-05-03 09:46:23,381 [6865ef2a-f9e6-4758-8bd9-8da76fd5f008@group-E1B12D75F4DE-StateMachineUpdater] INFO  ratis.ContainerStateMachine (ContainerStateMachine.java:takeSnapshot(330)) - group-E1B12D75F4DE: Taking a snapshot at:(t:1, i:0) file /home/runner/work/ozone/ozone/hadoop-ozone/integration-test/target/test-dir/MiniOzoneClusterImpl-adc655c8-92ed-4be5-b45a-b6dec4162976/datanode-1/data/ratis/4b28a19b-c925-41a3-a060-e1b12d75f4de/sm/snapshot.1_0
2023-05-03 09:46:23,382 [grpc-default-executor-9] WARN  server.GrpcServerProtocolService (LogUtils.java:warn(122)) - ba1183bc-3307-4f2f-a7df-7eeda515be78: installSnapshot onError, lastRequest: b253d63f-33bc-4eb4-9d64-d22092d7a357->ba1183bc-3307-4f2f-a7df-7eeda515be78#1-t1,previous=(t:0, i:0),leaderCommit=0,initializing? true,entries: size=1, first=(t:1, i:0), CONFIGURATIONENTRY(current:id: "ba1183bc-3307-4f2f-a7df-7eeda515be78"
address: "10.1.0.194:37239"
dataStreamAddress: "10.1.0.194:46645"
clientAddress: "10.1.0.194:37239"
adminAddress: "10.1.0.194:37239"
startupRole: FOLLOWER
,id: "6865ef2a-f9e6-4758-8bd9-8da76fd5f008"
address: "10.1.0.194:37715"
dataStreamAddress: "10.1.0.194:37001"
clientAddress: "10.1.0.194:37715"
adminAddress: "10.1.0.194:37715"
startupRole: FOLLOWER
,id: "b253d63f-33bc-4eb4-9d64-d22092d7a357"
address: "10.1.0.194:38893"
priority: 1
dataStreamAddress: "10.1.0.194:41891"
clientAddress: "10.1.0.194:38893"
adminAddress: "10.1.0.194:38893"
startupRole: FOLLOWER
, old:): org.apache.ratis.thirdparty.io.grpc.StatusRuntimeException: CANCELLED: client cancelled
2023-05-03 09:46:23,383 [grpc-default-executor-10] WARN  server.GrpcServerProtocolService (LogUtils.java:warn(122)) - ba1183bc-3307-4f2f-a7df-7eeda515be78: installSnapshot onError, lastRequest: 6865ef2a-f9e6-4758-8bd9-8da76fd5f008->ba1183bc-3307-4f2f-a7df-7eeda515be78#1-t1,previous=(t:0, i:0),leaderCommit=0,initializing? true,entries: size=1, first=(t:1, i:0), CONFIGURATIONENTRY(current:id: "ba1183bc-3307-4f2f-a7df-7eeda515be78"
address: "10.1.0.194:37239"
dataStreamAddress: "10.1.0.194:46645"
clientAddress: "10.1.0.194:37239"
adminAddress: "10.1.0.194:37239"
startupRole: FOLLOWER
,id: "6865ef2a-f9e6-4758-8bd9-8da76fd5f008"
address: "10.1.0.194:37715"
priority: 1
dataStreamAddress: "10.1.0.194:37001"
clientAddress: "10.1.0.194:37715"
adminAddress: "10.1.0.194:37715"
startupRole: FOLLOWER
,id: "b253d63f-33bc-4eb4-9d64-d22092d7a357"
address: "10.1.0.194:38893"
dataStreamAddress: "10.1.0.194:41891"
clientAddress: "10.1.0.194:38893"
adminAddress: "10.1.0.194:38893"
startupRole: FOLLOWER
, old:): org.apache.ratis.thirdparty.io.grpc.StatusRuntimeException: CANCELLED: client cancelled
2023-05-03 09:46:23,383 [grpc-default-executor-8] WARN  server.GrpcLogAppender (LogUtils.java:warn(122)) - b253d63f-33bc-4eb4-9d64-d22092d7a357@group-25ACAC35DE11->6865ef2a-f9e6-4758-8bd9-8da76fd5f008-AppendLogResponseHandler: Failed appendEntries: org.apache.ratis.thirdparty.io.grpc.StatusRuntimeException: CANCELLED: RST_STREAM closed stream. HTTP/2 error code: CANCEL
2023-05-03 09:46:23,385 [grpc-default-executor-8] WARN  server.GrpcLogAppender (GrpcLogAppender.java:resetClient(131)) - b253d63f-33bc-4eb4-9d64-d22092d7a357@group-25ACAC35DE11->6865ef2a-f9e6-4758-8bd9-8da76fd5f008-GrpcLogAppender: Leader has not got in touch with Follower b253d63f-33bc-4eb4-9d64-d22092d7a357@group-25ACAC35DE11->6865ef2a-f9e6-4758-8bd9-8da76fd5f008(c0,m0,n1, attendVote=true, lastRpcSendTime=1082, lastRpcResponseTime=1081) yet, just keep nextIndex unchanged and retry.
2023-05-03 09:46:23,386 [grpc-default-executor-7] WARN  server.GrpcServerProtocolService (LogUtils.java:warn(122)) - 6865ef2a-f9e6-4758-8bd9-8da76fd5f008: installSnapshot onError, lastRequest: b253d63f-33bc-4eb4-9d64-d22092d7a357->6865ef2a-f9e6-4758-8bd9-8da76fd5f008#1-t1,previous=(t:0, i:0),leaderCommit=0,initializing? true,entries: size=1, first=(t:1, i:0), CONFIGURATIONENTRY(current:id: "ba1183bc-3307-4f2f-a7df-7eeda515be78"
address: "10.1.0.194:37239"
dataStreamAddress: "10.1.0.194:46645"
clientAddress: "10.1.0.194:37239"
adminAddress: "10.1.0.194:37239"
startupRole: FOLLOWER
,id: "6865ef2a-f9e6-4758-8bd9-8da76fd5f008"
address: "10.1.0.194:37715"
dataStreamAddress: "10.1.0.194:37001"
clientAddress: "10.1.0.194:37715"
adminAddress: "10.1.0.194:37715"
startupRole: FOLLOWER
,id: "b253d63f-33bc-4eb4-9d64-d22092d7a357"
address: "10.1.0.194:38893"
priority: 1
dataStreamAddress: "10.1.0.194:41891"
clientAddress: "10.1.0.194:38893"
adminAddress: "10.1.0.194:38893"
startupRole: FOLLOWER
, old:): org.apache.ratis.thirdparty.io.grpc.StatusRuntimeException: CANCELLED: client cancelled
2023-05-03 09:46:23,390 [6865ef2a-f9e6-4758-8bd9-8da76fd5f008@group-25ACAC35DE11-StateMachineUpdater] INFO  ratis.ContainerStateMachine (ContainerStateMachine.java:takeSnapshot(330)) - group-25ACAC35DE11: Taking a snapshot at:(t:1, i:0) file /home/runner/work/ozone/ozone/hadoop-ozone/integration-test/target/test-dir/MiniOzoneClusterImpl-adc655c8-92ed-4be5-b45a-b6dec4162976/datanode-1/data/ratis/05b880ab-170c-4da7-8905-25acac35de11/sm/snapshot.1_0
2023-05-03 09:46:23,390 [6865ef2a-f9e6-4758-8bd9-8da76fd5f008@group-25ACAC35DE11-FollowerState] INFO  impl.FollowerState (FollowerState.java:run(152)) - 6865ef2a-f9e6-4758-8bd9-8da76fd5f008@group-25ACAC35DE11-FollowerState was interrupted
2023-05-03 09:46:23,391 [ba1183bc-3307-4f2f-a7df-7eeda515be78-impl-thread3] INFO  impl.StateMachineUpdater (StateMachineUpdater.java:stopAndJoin(153)) - ba1183bc-3307-4f2f-a7df-7eeda515be78@group-E1B12D75F4DE-StateMachineUpdater: set stopIndex = 0
2023-05-03 09:46:23,391 [ba1183bc-3307-4f2f-a7df-7eeda515be78@group-E1B12D75F4DE-FollowerState] INFO  impl.FollowerState (FollowerState.java:run(152)) - ba1183bc-3307-4f2f-a7df-7eeda515be78@group-E1B12D75F4DE-FollowerState was interrupted
2023-05-03 09:46:23,391 [ba1183bc-3307-4f2f-a7df-7eeda515be78@group-E1B12D75F4DE-StateMachineUpdater] INFO  ratis.ContainerStateMachine (ContainerStateMachine.java:takeSnapshot(330)) - group-E1B12D75F4DE: Taking a snapshot at:(t:1, i:0) file /home/runner/work/ozone/ozone/hadoop-ozone/integration-test/target/test-dir/MiniOzoneClusterImpl-adc655c8-92ed-4be5-b45a-b6dec4162976/datanode-0/data/ratis/4b28a19b-c925-41a3-a060-e1b12d75f4de/sm/snapshot.1_0
2023-05-03 09:46:23,394 [Listener at 127.0.0.1/35191] INFO  server.GrpcServerProtocolClient (GrpcServerProtocolClient.java:close(101)) - ba1183bc-3307-4f2f-a7df-7eeda515be78 Close channels
2023-05-03 09:46:23,395 [grpc-default-executor-4] WARN  server.GrpcLogAppender (LogUtils.java:warn(122)) - b253d63f-33bc-4eb4-9d64-d22092d7a357@group-25ACAC35DE11->6865ef2a-f9e6-4758-8bd9-8da76fd5f008-AppendLogResponseHandler: Failed appendEntries: org.apache.ratis.thirdparty.io.grpc.StatusRuntimeException: CANCELLED: RST_STREAM closed stream. HTTP/2 error code: CANCEL
2023-05-03 09:46:23,395 [grpc-default-executor-4] WARN  server.GrpcLogAppender (GrpcLogAppender.java:resetClient(131)) - b253d63f-33bc-4eb4-9d64-d22092d7a357@group-25ACAC35DE11->6865ef2a-f9e6-4758-8bd9-8da76fd5f008-GrpcLogAppender: Leader has not got in touch with Follower b253d63f-33bc-4eb4-9d64-d22092d7a357@group-25ACAC35DE11->6865ef2a-f9e6-4758-8bd9-8da76fd5f008(c0,m0,n1, attendVote=true, lastRpcSendTime=1092, lastRpcResponseTime=1091) yet, just keep nextIndex unchanged and retry.
2023-05-03 09:46:23,395 [ForkJoinPool.commonPool-worker-1] INFO  server.GrpcServerProtocolClient (GrpcServerProtocolClient.java:close(101)) - 6865ef2a-f9e6-4758-8bd9-8da76fd5f008 Close channels
2023-05-03 09:46:23,372 [grpc-default-executor-0] WARN  server.GrpcServerProtocolService (LogUtils.java:warn(122)) - ba1183bc-3307-4f2f-a7df-7eeda515be78: installSnapshot onError, lastRequest: null: org.apache.ratis.thirdparty.io.grpc.StatusRuntimeException: CANCELLED: client cancelled
2023-05-03 09:46:23,376 [6865ef2a-f9e6-4758-8bd9-8da76fd5f008@group-E1B12D75F4DE->b253d63f-33bc-4eb4-9d64-d22092d7a357-GrpcLogAppender-LogAppenderDaemon] WARN  server.GrpcLogAppender (GrpcLogAppender.java:mayWait(200)) - 6865ef2a-f9e6-4758-8bd9-8da76fd5f008@group-E1B12D75F4DE->b253d63f-33bc-4eb4-9d64-d22092d7a357-GrpcLogAppender: Wait interrupted by java.lang.InterruptedException
2023-05-03 09:46:23,396 [grpc-default-executor-6] INFO  server.GrpcServerProtocolService (GrpcServerProtocolService.java:onCompleted(143)) - b253d63f-33bc-4eb4-9d64-d22092d7a357: Completed APPEND_ENTRIES, lastRequest: 6865ef2a-f9e6-4758-8bd9-8da76fd5f008->b253d63f-33bc-4eb4-9d64-d22092d7a357#1-t1,previous=(t:0, i:0),leaderCommit=0,initializing? true,entries: size=1, first=(t:1, i:0), CONFIGURATIONENTRY(current:id: "ba1183bc-3307-4f2f-a7df-7eeda515be78"
address: "10.1.0.194:37239"
dataStreamAddress: "10.1.0.194:46645"
clientAddress: "10.1.0.194:37239"
adminAddress: "10.1.0.194:37239"
startupRole: FOLLOWER
,id: "6865ef2a-f9e6-4758-8bd9-8da76fd5f008"
address: "10.1.0.194:37715"
priority: 1
dataStreamAddress: "10.1.0.194:37001"
clientAddress: "10.1.0.194:37715"
adminAddress: "10.1.0.194:37715"
startupRole: FOLLOWER
,id: "b253d63f-33bc-4eb4-9d64-d22092d7a357"
address: "10.1.0.194:38893"
dataStreamAddress: "10.1.0.194:41891"
clientAddress: "10.1.0.194:38893"
adminAddress: "10.1.0.194:38893"
startupRole: FOLLOWER
, old:)
2023-05-03 09:46:23,398 [grpc-default-executor-2] INFO  server.GrpcLogAppender (GrpcLogAppender.java:onCompleted(415)) - 6865ef2a-f9e6-4758-8bd9-8da76fd5f008@group-E1B12D75F4DE->b253d63f-33bc-4eb4-9d64-d22092d7a357-AppendLogResponseHandler: follower responses appendEntries COMPLETED
2023-05-03 09:46:23,398 [grpc-default-executor-6] WARN  server.GrpcLogAppender (LogUtils.java:warn(122)) - b253d63f-33bc-4eb4-9d64-d22092d7a357@group-25ACAC35DE11->ba1183bc-3307-4f2f-a7df-7eeda515be78-AppendLogResponseHandler: Failed appendEntries: org.apache.ratis.thirdparty.io.grpc.StatusRuntimeException: CANCELLED: RST_STREAM closed stream. HTTP/2 error code: CANCEL
2023-05-03 09:46:23,398 [grpc-default-executor-6] WARN  server.GrpcLogAppender (GrpcLogAppender.java:resetClient(131)) - b253d63f-33bc-4eb4-9d64-d22092d7a357@group-25ACAC35DE11->ba1183bc-3307-4f2f-a7df-7eeda515be78-GrpcLogAppender: Leader has not got in touch with Follower b253d63f-33bc-4eb4-9d64-d22092d7a357@group-25ACAC35DE11->ba1183bc-3307-4f2f-a7df-7eeda515be78(c0,m0,n1, attendVote=true, lastRpcSendTime=1083, lastRpcResponseTime=1081) yet, just keep nextIndex unchanged and retry.
2023-05-03 09:46:23,398 [grpc-default-executor-2] INFO  leader.FollowerInfo (FollowerInfoImpl.java:lambda$new$0(48)) - 6865ef2a-f9e6-4758-8bd9-8da76fd5f008@group-E1B12D75F4DE->b253d63f-33bc-4eb4-9d64-d22092d7a357: nextIndex: updateUnconditionally 1 -> 0
2023-05-03 09:46:23,399 [grpc-default-executor-2] INFO  server.GrpcLogAppender (GrpcLogAppender.java:onError(404)) - 6865ef2a-f9e6-4758-8bd9-8da76fd5f008@group-E1B12D75F4DE->ba1183bc-3307-4f2f-a7df-7eeda515be78-GrpcLogAppender is already stopped
2023-05-03 09:46:23,426 [grpc-default-executor-12] INFO  server.GrpcLogAppender (GrpcLogAppender.java:onError(404)) - 6865ef2a-f9e6-4758-8bd9-8da76fd5f008@group-E1B12D75F4DE->ba1183bc-3307-4f2f-a7df-7eeda515be78-GrpcLogAppender is already stopped
2023-05-03 09:46:23,427 [6865ef2a-f9e6-4758-8bd9-8da76fd5f008-impl-thread1] INFO  impl.StateMachineUpdater (StateMachineUpdater.java:stopAndJoin(153)) - 6865ef2a-f9e6-4758-8bd9-8da76fd5f008@group-1EE0DF288816-StateMachineUpdater: set stopIndex = 3
2023-05-03 09:46:23,427 [6865ef2a-f9e6-4758-8bd9-8da76fd5f008@group-1EE0DF288816-StateMachineUpdater] INFO  ratis.ContainerStateMachine (ContainerStateMachine.java:takeSnapshot(330)) - group-1EE0DF288816: Taking a snapshot at:(t:1, i:3) file /home/runner/work/ozone/ozone/hadoop-ozone/integration-test/target/test-dir/MiniOzoneClusterImpl-adc655c8-92ed-4be5-b45a-b6dec4162976/datanode-1/data/ratis/19924dad-43e5-4463-a456-1ee0df288816/sm/snapshot.1_3
2023-05-03 09:46:23,428 [ForkJoinPool.commonPool-worker-1] INFO  server.GrpcServerProtocolClient (GrpcServerProtocolClient.java:close(101)) - b253d63f-33bc-4eb4-9d64-d22092d7a357 Close channels
2023-05-03 09:46:23,428 [ba1183bc-3307-4f2f-a7df-7eeda515be78-impl-thread2] INFO  impl.StateMachineUpdater (StateMachineUpdater.java:stopAndJoin(153)) - ba1183bc-3307-4f2f-a7df-7eeda515be78@group-E2D606D924FC-StateMachineUpdater: set stopIndex = 6
2023-05-03 09:46:23,429 [Listener at 127.0.0.1/35191] INFO  server.GrpcServerProtocolClient (GrpcServerProtocolClient.java:close(101)) - b253d63f-33bc-4eb4-9d64-d22092d7a357 Close channels
2023-05-03 09:46:23,429 [ba1183bc-3307-4f2f-a7df-7eeda515be78@group-E2D606D924FC-StateMachineUpdater] INFO  ratis.ContainerStateMachine (ContainerStateMachine.java:takeSnapshot(330)) - group-E2D606D924FC: Taking a snapshot at:(t:1, i:6) file /home/runner/work/ozone/ozone/hadoop-ozone/integration-test/target/test-dir/MiniOzoneClusterImpl-adc655c8-92ed-4be5-b45a-b6dec4162976/datanode-0/data/ratis/c5ba0460-7911-4dcd-9e9c-e2d606d924fc/sm/snapshot.1_6
2023-05-03 09:46:23,429 [grpc-default-executor-11] WARN  server.GrpcLogAppender (LogUtils.java:warn(122)) - b253d63f-33bc-4eb4-9d64-d22092d7a357@group-25ACAC35DE11->ba1183bc-3307-4f2f-a7df-7eeda515be78-AppendLogResponseHandler: Failed appendEntries: org.apache.ratis.thirdparty.io.grpc.StatusRuntimeException: CANCELLED: RST_STREAM closed stream. HTTP/2 error code: CANCEL
2023-05-03 09:46:23,429 [grpc-default-executor-11] WARN  server.GrpcLogAppender (GrpcLogAppender.java:resetClient(131)) - b253d63f-33bc-4eb4-9d64-d22092d7a357@group-25ACAC35DE11->ba1183bc-3307-4f2f-a7df-7eeda515be78-GrpcLogAppender: Leader has not got in touch with Follower b253d63f-33bc-4eb4-9d64-d22092d7a357@group-25ACAC35DE11->ba1183bc-3307-4f2f-a7df-7eeda515be78(c0,m0,n1, attendVote=true, lastRpcSendTime=1114, lastRpcResponseTime=1112) yet, just keep nextIndex unchanged and retry.
2023-05-03 09:46:23,430 [ForkJoinPool.commonPool-worker-1] INFO  server.GrpcService (GrpcService.java:closeImpl(280)) - ba1183bc-3307-4f2f-a7df-7eeda515be78: shutdown server GrpcServerProtocolService successfully
2023-05-03 09:46:23,430 [ba1183bc-3307-4f2f-a7df-7eeda515be78-NettyServerStreamRpc-bossGroup--thread1] INFO  logging.LoggingHandler (AbstractInternalLogger.java:log(148)) - [id: 0x58bceeb7, L:/0:0:0:0:0:0:0:0:46645] CLOSE
2023-05-03 09:46:23,430 [ba1183bc-3307-4f2f-a7df-7eeda515be78-NettyServerStreamRpc-bossGroup--thread1] INFO  logging.LoggingHandler (AbstractInternalLogger.java:log(148)) - [id: 0x58bceeb7, L:/0:0:0:0:0:0:0:0:46645] INACTIVE
2023-05-03 09:46:23,431 [ba1183bc-3307-4f2f-a7df-7eeda515be78-NettyServerStreamRpc-bossGroup--thread1] INFO  logging.LoggingHandler (AbstractInternalLogger.java:log(148)) - [id: 0x58bceeb7, L:/0:0:0:0:0:0:0:0:46645] UNREGISTERED
2023-05-03 09:46:23,442 [grpc-default-executor-11] INFO  server.GrpcServerProtocolService (GrpcServerProtocolService.java:onCompleted(143)) - b253d63f-33bc-4eb4-9d64-d22092d7a357: Completed APPEND_ENTRIES, lastRequest: null
2023-05-03 09:46:23,457 [grpc-default-executor-10] INFO  server.GrpcLogAppender (GrpcLogAppender.java:onCompleted(415)) - 6865ef2a-f9e6-4758-8bd9-8da76fd5f008@group-E1B12D75F4DE->b253d63f-33bc-4eb4-9d64-d22092d7a357-AppendLogResponseHandler: follower responses appendEntries COMPLETED
2023-05-03 09:46:23,458 [grpc-default-executor-10] WARN  server.GrpcLogAppender (GrpcLogAppender.java:resetClient(137)) - 6865ef2a-f9e6-4758-8bd9-8da76fd5f008@group-E1B12D75F4DE->b253d63f-33bc-4eb4-9d64-d22092d7a357-GrpcLogAppender: Failed to getClient for b253d63f-33bc-4eb4-9d64-d22092d7a357
org.apache.ratis.protocol.exceptions.AlreadyClosedException: 6865ef2a-f9e6-4758-8bd9-8da76fd5f008 is already CLOSED
	at org.apache.ratis.util.PeerProxyMap$PeerAndProxy.getProxy(PeerProxyMap.java:61)
	at org.apache.ratis.util.PeerProxyMap.getProxy(PeerProxyMap.java:115)
	at org.apache.ratis.grpc.server.GrpcLogAppender.getClient(GrpcLogAppender.java:116)
	at org.apache.ratis.grpc.server.GrpcLogAppender.resetClient(GrpcLogAppender.java:121)
	at org.apache.ratis.grpc.server.GrpcLogAppender.access$500(GrpcLogAppender.java:58)
	at org.apache.ratis.grpc.server.GrpcLogAppender$AppendLogResponseHandler.onCompleted(GrpcLogAppender.java:416)
	at org.apache.ratis.thirdparty.io.grpc.stub.ClientCalls$StreamObserverToCallListenerAdapter.onClose(ClientCalls.java:485)
	at org.apache.ratis.thirdparty.io.grpc.internal.DelayedClientCall$DelayedListener$3.run(DelayedClientCall.java:468)
	at org.apache.ratis.thirdparty.io.grpc.internal.DelayedClientCall$DelayedListener.delayOrExecute(DelayedClientCall.java:432)
	at org.apache.ratis.thirdparty.io.grpc.internal.DelayedClientCall$DelayedListener.onClose(DelayedClientCall.java:465)
	at org.apache.ratis.thirdparty.io.grpc.internal.ClientCallImpl.closeObserver(ClientCallImpl.java:562)
	at org.apache.ratis.thirdparty.io.grpc.internal.ClientCallImpl.access$300(ClientCallImpl.java:70)
	at org.apache.ratis.thirdparty.io.grpc.internal.ClientCallImpl$ClientStreamListenerImpl$1StreamClosed.runInternal(ClientCallImpl.java:743)
	at org.apache.ratis.thirdparty.io.grpc.internal.ClientCallImpl$ClientStreamListenerImpl$1StreamClosed.runInContext(ClientCallImpl.java:722)
	at org.apache.ratis.thirdparty.io.grpc.internal.ContextRunnable.run(ContextRunnable.java:37)
	at org.apache.ratis.thirdparty.io.grpc.internal.SerializingExecutor.run(SerializingExecutor.java:133)
	at java.util.concurrent.ThreadPoolExecutor.runWorker(ThreadPoolExecutor.java:1149)
	at java.util.concurrent.ThreadPoolExecutor$Worker.run(ThreadPoolExecutor.java:624)
	at java.lang.Thread.run(Thread.java:750)
2023-05-03 09:46:23,467 [Listener at 127.0.0.1/35191] INFO  server.GrpcService (GrpcService.java:closeImpl(280)) - 6865ef2a-f9e6-4758-8bd9-8da76fd5f008: shutdown server GrpcServerProtocolService successfully
2023-05-03 09:46:23,467 [6865ef2a-f9e6-4758-8bd9-8da76fd5f008-NettyServerStreamRpc-bossGroup--thread1] INFO  logging.LoggingHandler (AbstractInternalLogger.java:log(148)) - [id: 0x5ae29360, L:/0:0:0:0:0:0:0:0:37001] CLOSE
2023-05-03 09:46:23,467 [6865ef2a-f9e6-4758-8bd9-8da76fd5f008-NettyServerStreamRpc-bossGroup--thread1] INFO  logging.LoggingHandler (AbstractInternalLogger.java:log(148)) - [id: 0x5ae29360, L:/0:0:0:0:0:0:0:0:37001] INACTIVE
2023-05-03 09:46:23,468 [6865ef2a-f9e6-4758-8bd9-8da76fd5f008-NettyServerStreamRpc-bossGroup--thread1] INFO  logging.LoggingHandler (AbstractInternalLogger.java:log(148)) - [id: 0x5ae29360, L:/0:0:0:0:0:0:0:0:37001] UNREGISTERED
2023-05-03 09:46:23,493 [6865ef2a-f9e6-4758-8bd9-8da76fd5f008@group-25ACAC35DE11-StateMachineUpdater] INFO  ratis.ContainerStateMachine (ContainerStateMachine.java:takeSnapshot(341)) - group-25ACAC35DE11: Finished taking a snapshot at:(t:1, i:0) file:/home/runner/work/ozone/ozone/hadoop-ozone/integration-test/target/test-dir/MiniOzoneClusterImpl-adc655c8-92ed-4be5-b45a-b6dec4162976/datanode-1/data/ratis/05b880ab-170c-4da7-8905-25acac35de11/sm/snapshot.1_0 took: 103 ms
2023-05-03 09:46:23,493 [ba1183bc-3307-4f2f-a7df-7eeda515be78@group-E1B12D75F4DE-StateMachineUpdater] INFO  ratis.ContainerStateMachine (ContainerStateMachine.java:takeSnapshot(341)) - group-E1B12D75F4DE: Finished taking a snapshot at:(t:1, i:0) file:/home/runner/work/ozone/ozone/hadoop-ozone/integration-test/target/test-dir/MiniOzoneClusterImpl-adc655c8-92ed-4be5-b45a-b6dec4162976/datanode-0/data/ratis/4b28a19b-c925-41a3-a060-e1b12d75f4de/sm/snapshot.1_0 took: 102 ms
2023-05-03 09:46:23,494 [6865ef2a-f9e6-4758-8bd9-8da76fd5f008@group-25ACAC35DE11-StateMachineUpdater] INFO  impl.StateMachineUpdater (StateMachineUpdater.java:takeSnapshot(287)) - 6865ef2a-f9e6-4758-8bd9-8da76fd5f008@group-25ACAC35DE11-StateMachineUpdater: Took a snapshot at index 0
2023-05-03 09:46:23,495 [6865ef2a-f9e6-4758-8bd9-8da76fd5f008@group-25ACAC35DE11-StateMachineUpdater] INFO  impl.StateMachineUpdater (StateMachineUpdater.java:lambda$new$0(92)) - 6865ef2a-f9e6-4758-8bd9-8da76fd5f008@group-25ACAC35DE11-StateMachineUpdater: snapshotIndex: updateIncreasingly -1 -> 0
2023-05-03 09:46:23,496 [6865ef2a-f9e6-4758-8bd9-8da76fd5f008@group-E1B12D75F4DE-StateMachineUpdater] INFO  ratis.ContainerStateMachine (ContainerStateMachine.java:takeSnapshot(341)) - group-E1B12D75F4DE: Finished taking a snapshot at:(t:1, i:0) file:/home/runner/work/ozone/ozone/hadoop-ozone/integration-test/target/test-dir/MiniOzoneClusterImpl-adc655c8-92ed-4be5-b45a-b6dec4162976/datanode-1/data/ratis/4b28a19b-c925-41a3-a060-e1b12d75f4de/sm/snapshot.1_0 took: 115 ms
2023-05-03 09:46:23,494 [ba1183bc-3307-4f2f-a7df-7eeda515be78@group-E1B12D75F4DE-StateMachineUpdater] INFO  impl.StateMachineUpdater (StateMachineUpdater.java:takeSnapshot(287)) - ba1183bc-3307-4f2f-a7df-7eeda515be78@group-E1B12D75F4DE-StateMachineUpdater: Took a snapshot at index 0
2023-05-03 09:46:23,496 [6865ef2a-f9e6-4758-8bd9-8da76fd5f008@group-E1B12D75F4DE-StateMachineUpdater] INFO  impl.StateMachineUpdater (StateMachineUpdater.java:takeSnapshot(287)) - 6865ef2a-f9e6-4758-8bd9-8da76fd5f008@group-E1B12D75F4DE-StateMachineUpdater: Took a snapshot at index 0
2023-05-03 09:46:23,496 [ba1183bc-3307-4f2f-a7df-7eeda515be78@group-E1B12D75F4DE-StateMachineUpdater] INFO  impl.StateMachineUpdater (StateMachineUpdater.java:lambda$new$0(92)) - ba1183bc-3307-4f2f-a7df-7eeda515be78@group-E1B12D75F4DE-StateMachineUpdater: snapshotIndex: updateIncreasingly -1 -> 0
2023-05-03 09:46:23,496 [6865ef2a-f9e6-4758-8bd9-8da76fd5f008@group-E1B12D75F4DE-StateMachineUpdater] INFO  impl.StateMachineUpdater (StateMachineUpdater.java:lambda$new$0(92)) - 6865ef2a-f9e6-4758-8bd9-8da76fd5f008@group-E1B12D75F4DE-StateMachineUpdater: snapshotIndex: updateIncreasingly -1 -> 0
2023-05-03 09:46:23,496 [ba1183bc-3307-4f2f-a7df-7eeda515be78@group-25ACAC35DE11-StateMachineUpdater] INFO  ratis.ContainerStateMachine (ContainerStateMachine.java:takeSnapshot(341)) - group-25ACAC35DE11: Finished taking a snapshot at:(t:1, i:0) file:/home/runner/work/ozone/ozone/hadoop-ozone/integration-test/target/test-dir/MiniOzoneClusterImpl-adc655c8-92ed-4be5-b45a-b6dec4162976/datanode-0/data/ratis/05b880ab-170c-4da7-8905-25acac35de11/sm/snapshot.1_0 took: 125 ms
2023-05-03 09:46:23,496 [ba1183bc-3307-4f2f-a7df-7eeda515be78@group-25ACAC35DE11-StateMachineUpdater] INFO  impl.StateMachineUpdater (StateMachineUpdater.java:takeSnapshot(287)) - ba1183bc-3307-4f2f-a7df-7eeda515be78@group-25ACAC35DE11-StateMachineUpdater: Took a snapshot at index 0
2023-05-03 09:46:23,496 [ba1183bc-3307-4f2f-a7df-7eeda515be78@group-25ACAC35DE11-StateMachineUpdater] INFO  impl.StateMachineUpdater (StateMachineUpdater.java:lambda$new$0(92)) - ba1183bc-3307-4f2f-a7df-7eeda515be78@group-25ACAC35DE11-StateMachineUpdater: snapshotIndex: updateIncreasingly -1 -> 0
2023-05-03 09:46:23,500 [6865ef2a-f9e6-4758-8bd9-8da76fd5f008-impl-thread3] INFO  server.RaftServer$Division (ServerState.java:close(466)) - 6865ef2a-f9e6-4758-8bd9-8da76fd5f008@group-E1B12D75F4DE: closes. applyIndex: 0
2023-05-03 09:46:23,500 [ba1183bc-3307-4f2f-a7df-7eeda515be78-impl-thread3] INFO  server.RaftServer$Division (ServerState.java:close(466)) - ba1183bc-3307-4f2f-a7df-7eeda515be78@group-E1B12D75F4DE: closes. applyIndex: 0
2023-05-03 09:46:23,500 [6865ef2a-f9e6-4758-8bd9-8da76fd5f008@group-E1B12D75F4DE-SegmentedRaftLogWorker] INFO  segmented.SegmentedRaftLogWorker (SegmentedRaftLogWorker.java:run(347)) - 6865ef2a-f9e6-4758-8bd9-8da76fd5f008@group-E1B12D75F4DE-SegmentedRaftLogWorker was interrupted, exiting. There are 0 tasks remaining in the queue.
2023-05-03 09:46:23,500 [ba1183bc-3307-4f2f-a7df-7eeda515be78@group-E1B12D75F4DE-SegmentedRaftLogWorker] INFO  segmented.SegmentedRaftLogWorker (SegmentedRaftLogWorker.java:run(347)) - ba1183bc-3307-4f2f-a7df-7eeda515be78@group-E1B12D75F4DE-SegmentedRaftLogWorker was interrupted, exiting. There are 0 tasks remaining in the queue.
2023-05-03 09:46:23,500 [ba1183bc-3307-4f2f-a7df-7eeda515be78@group-E2D606D924FC-StateMachineUpdater] INFO  ratis.ContainerStateMachine (ContainerStateMachine.java:takeSnapshot(341)) - group-E2D606D924FC: Finished taking a snapshot at:(t:1, i:6) file:/home/runner/work/ozone/ozone/hadoop-ozone/integration-test/target/test-dir/MiniOzoneClusterImpl-adc655c8-92ed-4be5-b45a-b6dec4162976/datanode-0/data/ratis/c5ba0460-7911-4dcd-9e9c-e2d606d924fc/sm/snapshot.1_6 took: 72 ms
2023-05-03 09:46:23,500 [ba1183bc-3307-4f2f-a7df-7eeda515be78@group-E2D606D924FC-StateMachineUpdater] INFO  impl.StateMachineUpdater (StateMachineUpdater.java:takeSnapshot(287)) - ba1183bc-3307-4f2f-a7df-7eeda515be78@group-E2D606D924FC-StateMachineUpdater: Took a snapshot at index 6
2023-05-03 09:46:23,500 [ba1183bc-3307-4f2f-a7df-7eeda515be78@group-E2D606D924FC-StateMachineUpdater] INFO  impl.StateMachineUpdater (StateMachineUpdater.java:lambda$new$0(92)) - ba1183bc-3307-4f2f-a7df-7eeda515be78@group-E2D606D924FC-StateMachineUpdater: snapshotIndex: updateIncreasingly -1 -> 6
2023-05-03 09:46:23,500 [ba1183bc-3307-4f2f-a7df-7eeda515be78-impl-thread2] INFO  server.RaftServer$Division (ServerState.java:close(466)) - ba1183bc-3307-4f2f-a7df-7eeda515be78@group-E2D606D924FC: closes. applyIndex: 6
2023-05-03 09:46:23,501 [ba1183bc-3307-4f2f-a7df-7eeda515be78@group-E2D606D924FC-SegmentedRaftLogWorker] INFO  segmented.SegmentedRaftLogWorker (SegmentedRaftLogWorker.java:run(347)) - ba1183bc-3307-4f2f-a7df-7eeda515be78@group-E2D606D924FC-SegmentedRaftLogWorker was interrupted, exiting. There are 0 tasks remaining in the queue.
2023-05-03 09:46:23,501 [6865ef2a-f9e6-4758-8bd9-8da76fd5f008@group-1EE0DF288816-StateMachineUpdater] INFO  ratis.ContainerStateMachine (ContainerStateMachine.java:takeSnapshot(341)) - group-1EE0DF288816: Finished taking a snapshot at:(t:1, i:3) file:/home/runner/work/ozone/ozone/hadoop-ozone/integration-test/target/test-dir/MiniOzoneClusterImpl-adc655c8-92ed-4be5-b45a-b6dec4162976/datanode-1/data/ratis/19924dad-43e5-4463-a456-1ee0df288816/sm/snapshot.1_3 took: 74 ms
2023-05-03 09:46:23,501 [6865ef2a-f9e6-4758-8bd9-8da76fd5f008@group-1EE0DF288816-StateMachineUpdater] INFO  impl.StateMachineUpdater (StateMachineUpdater.java:takeSnapshot(287)) - 6865ef2a-f9e6-4758-8bd9-8da76fd5f008@group-1EE0DF288816-StateMachineUpdater: Took a snapshot at index 3
2023-05-03 09:46:23,501 [6865ef2a-f9e6-4758-8bd9-8da76fd5f008@group-1EE0DF288816-StateMachineUpdater] INFO  impl.StateMachineUpdater (StateMachineUpdater.java:lambda$new$0(92)) - 6865ef2a-f9e6-4758-8bd9-8da76fd5f008@group-1EE0DF288816-StateMachineUpdater: snapshotIndex: updateIncreasingly -1 -> 3
2023-05-03 09:46:23,501 [6865ef2a-f9e6-4758-8bd9-8da76fd5f008-impl-thread1] INFO  server.RaftServer$Division (ServerState.java:close(466)) - 6865ef2a-f9e6-4758-8bd9-8da76fd5f008@group-1EE0DF288816: closes. applyIndex: 3
2023-05-03 09:46:23,501 [6865ef2a-f9e6-4758-8bd9-8da76fd5f008@group-1EE0DF288816-SegmentedRaftLogWorker] INFO  segmented.SegmentedRaftLogWorker (SegmentedRaftLogWorker.java:run(347)) - 6865ef2a-f9e6-4758-8bd9-8da76fd5f008@group-1EE0DF288816-SegmentedRaftLogWorker was interrupted, exiting. There are 0 tasks remaining in the queue.
2023-05-03 09:46:23,501 [ba1183bc-3307-4f2f-a7df-7eeda515be78-impl-thread1] INFO  server.RaftServer$Division (ServerState.java:close(466)) - ba1183bc-3307-4f2f-a7df-7eeda515be78@group-25ACAC35DE11: closes. applyIndex: 0
2023-05-03 09:46:23,501 [6865ef2a-f9e6-4758-8bd9-8da76fd5f008-impl-thread2] INFO  server.RaftServer$Division (ServerState.java:close(466)) - 6865ef2a-f9e6-4758-8bd9-8da76fd5f008@group-25ACAC35DE11: closes. applyIndex: 0
2023-05-03 09:46:23,501 [ba1183bc-3307-4f2f-a7df-7eeda515be78@group-25ACAC35DE11-SegmentedRaftLogWorker] INFO  segmented.SegmentedRaftLogWorker (SegmentedRaftLogWorker.java:run(347)) - ba1183bc-3307-4f2f-a7df-7eeda515be78@group-25ACAC35DE11-SegmentedRaftLogWorker was interrupted, exiting. There are 0 tasks remaining in the queue.
2023-05-03 09:46:23,503 [6865ef2a-f9e6-4758-8bd9-8da76fd5f008-impl-thread3] INFO  segmented.SegmentedRaftLogWorker (SegmentedRaftLogWorker.java:close(257)) - 6865ef2a-f9e6-4758-8bd9-8da76fd5f008@group-E1B12D75F4DE-SegmentedRaftLogWorker close()
2023-05-03 09:46:23,503 [ba1183bc-3307-4f2f-a7df-7eeda515be78-impl-thread3] INFO  segmented.SegmentedRaftLogWorker (SegmentedRaftLogWorker.java:close(257)) - ba1183bc-3307-4f2f-a7df-7eeda515be78@group-E1B12D75F4DE-SegmentedRaftLogWorker close()
2023-05-03 09:46:23,503 [ba1183bc-3307-4f2f-a7df-7eeda515be78-impl-thread2] INFO  segmented.SegmentedRaftLogWorker (SegmentedRaftLogWorker.java:close(257)) - ba1183bc-3307-4f2f-a7df-7eeda515be78@group-E2D606D924FC-SegmentedRaftLogWorker close()
2023-05-03 09:46:23,503 [6865ef2a-f9e6-4758-8bd9-8da76fd5f008-impl-thread1] INFO  segmented.SegmentedRaftLogWorker (SegmentedRaftLogWorker.java:close(257)) - 6865ef2a-f9e6-4758-8bd9-8da76fd5f008@group-1EE0DF288816-SegmentedRaftLogWorker close()
2023-05-03 09:46:23,504 [6865ef2a-f9e6-4758-8bd9-8da76fd5f008@group-25ACAC35DE11-SegmentedRaftLogWorker] INFO  segmented.SegmentedRaftLogWorker (SegmentedRaftLogWorker.java:run(347)) - 6865ef2a-f9e6-4758-8bd9-8da76fd5f008@group-25ACAC35DE11-SegmentedRaftLogWorker was interrupted, exiting. There are 0 tasks remaining in the queue.
2023-05-03 09:46:23,510 [6865ef2a-f9e6-4758-8bd9-8da76fd5f008-impl-thread2] INFO  segmented.SegmentedRaftLogWorker (SegmentedRaftLogWorker.java:close(257)) - 6865ef2a-f9e6-4758-8bd9-8da76fd5f008@group-25ACAC35DE11-SegmentedRaftLogWorker close()
2023-05-03 09:46:23,510 [ba1183bc-3307-4f2f-a7df-7eeda515be78-impl-thread1] INFO  segmented.SegmentedRaftLogWorker (SegmentedRaftLogWorker.java:close(257)) - ba1183bc-3307-4f2f-a7df-7eeda515be78@group-25ACAC35DE11-SegmentedRaftLogWorker close()
2023-05-03 09:46:23,516 [JvmPauseMonitor2] INFO  util.JvmPauseMonitor (JvmPauseMonitor.java:run(111)) - JvmPauseMonitor-6865ef2a-f9e6-4758-8bd9-8da76fd5f008: Stopped
2023-05-03 09:46:23,518 [JvmPauseMonitor1] INFO  util.JvmPauseMonitor (JvmPauseMonitor.java:run(111)) - JvmPauseMonitor-ba1183bc-3307-4f2f-a7df-7eeda515be78: Stopped
2023-05-03 09:46:23,893 [SCMBlockDeletingService#0] INFO  block.SCMBlockDeletingService (SCMBlockDeletingService.java:call(198)) - Totally added 10 blocks to be deleted for 3 datanodes, task elapsed time: 1ms
2023-05-03 09:46:24,364 [org.apache.hadoop.ozone.container.common.statemachine.commandhandler.DeleteBlocksCommandHandler$DeleteCmdWorker@4ae8d49b] INFO  commandhandler.DeleteBlocksCommandHandler (DeleteBlocksCommandHandler.java:processCmd(275)) - Start to delete container blocks, TXIDs=[2(1),5(1)], numOfContainers=2, numOfBlocks=2
2023-05-03 09:46:24,369 [DeleteBlocksCommandHandlerThread-2] INFO  commandhandler.DeleteBlocksCommandHandler (DeleteBlocksCommandHandler.java:logDeleteTransaction(493)) - Delete blocks for containerId: 2 is either received out of order or retried, 2 <= 2
2023-05-03 09:46:24,378 [DeleteBlocksCommandHandlerThread-3] INFO  commandhandler.DeleteBlocksCommandHandler (DeleteBlocksCommandHandler.java:logDeleteTransaction(493)) - Delete blocks for containerId: 5 is either received out of order or retried, 5 <= 5
2023-05-03 09:46:24,824 [grpc-default-executor-12] WARN  server.GrpcLogAppender (LogUtils.java:warn(122)) - b253d63f-33bc-4eb4-9d64-d22092d7a357@group-25ACAC35DE11->6865ef2a-f9e6-4758-8bd9-8da76fd5f008-AppendLogResponseHandler: Failed appendEntries: org.apache.ratis.thirdparty.io.grpc.StatusRuntimeException: UNAVAILABLE: io exception
2023-05-03 09:46:24,824 [grpc-default-executor-12] WARN  server.GrpcLogAppender (GrpcLogAppender.java:resetClient(131)) - b253d63f-33bc-4eb4-9d64-d22092d7a357@group-25ACAC35DE11->6865ef2a-f9e6-4758-8bd9-8da76fd5f008-GrpcLogAppender: Leader has not got in touch with Follower b253d63f-33bc-4eb4-9d64-d22092d7a357@group-25ACAC35DE11->6865ef2a-f9e6-4758-8bd9-8da76fd5f008(c0,m0,n1, attendVote=true, lastRpcSendTime=11, lastRpcResponseTime=2521) yet, just keep nextIndex unchanged and retry.
2023-05-03 09:46:24,824 [grpc-default-executor-10] WARN  server.GrpcLogAppender (LogUtils.java:warn(122)) - b253d63f-33bc-4eb4-9d64-d22092d7a357@group-25ACAC35DE11->6865ef2a-f9e6-4758-8bd9-8da76fd5f008-AppendLogResponseHandler: Failed appendEntries: org.apache.ratis.thirdparty.io.grpc.StatusRuntimeException: UNAVAILABLE: io exception
2023-05-03 09:46:24,825 [grpc-default-executor-12] WARN  server.GrpcLogAppender (LogUtils.java:warn(122)) - b253d63f-33bc-4eb4-9d64-d22092d7a357@group-25ACAC35DE11->ba1183bc-3307-4f2f-a7df-7eeda515be78-AppendLogResponseHandler: Failed appendEntries: org.apache.ratis.thirdparty.io.grpc.StatusRuntimeException: UNAVAILABLE: io exception
2023-05-03 09:46:24,825 [grpc-default-executor-9] WARN  server.GrpcLogAppender (LogUtils.java:warn(122)) - b253d63f-33bc-4eb4-9d64-d22092d7a357@group-25ACAC35DE11->ba1183bc-3307-4f2f-a7df-7eeda515be78-AppendLogResponseHandler: Failed appendEntries: org.apache.ratis.thirdparty.io.grpc.StatusRuntimeException: UNAVAILABLE: io exception
2023-05-03 09:46:24,827 [grpc-default-executor-10] WARN  server.GrpcLogAppender (GrpcLogAppender.java:resetClient(131)) - b253d63f-33bc-4eb4-9d64-d22092d7a357@group-25ACAC35DE11->6865ef2a-f9e6-4758-8bd9-8da76fd5f008-GrpcLogAppender: Leader has not got in touch with Follower b253d63f-33bc-4eb4-9d64-d22092d7a357@group-25ACAC35DE11->6865ef2a-f9e6-4758-8bd9-8da76fd5f008(c0,m0,n1, attendVote=true, lastRpcSendTime=14, lastRpcResponseTime=2523) yet, just keep nextIndex unchanged and retry.
2023-05-03 09:46:24,830 [grpc-default-executor-12] WARN  server.GrpcLogAppender (GrpcLogAppender.java:resetClient(131)) - b253d63f-33bc-4eb4-9d64-d22092d7a357@group-25ACAC35DE11->ba1183bc-3307-4f2f-a7df-7eeda515be78-GrpcLogAppender: Leader has not got in touch with Follower b253d63f-33bc-4eb4-9d64-d22092d7a357@group-25ACAC35DE11->ba1183bc-3307-4f2f-a7df-7eeda515be78(c0,m0,n1, attendVote=true, lastRpcSendTime=11, lastRpcResponseTime=2513) yet, just keep nextIndex unchanged and retry.
2023-05-03 09:46:24,831 [grpc-default-executor-9] WARN  server.GrpcLogAppender (GrpcLogAppender.java:resetClient(131)) - b253d63f-33bc-4eb4-9d64-d22092d7a357@group-25ACAC35DE11->ba1183bc-3307-4f2f-a7df-7eeda515be78-GrpcLogAppender: Leader has not got in touch with Follower b253d63f-33bc-4eb4-9d64-d22092d7a357@group-25ACAC35DE11->ba1183bc-3307-4f2f-a7df-7eeda515be78(c0,m0,n1, attendVote=true, lastRpcSendTime=12, lastRpcResponseTime=2513) yet, just keep nextIndex unchanged and retry.
2023-05-03 09:46:24,893 [SCMBlockDeletingService#0] INFO  block.SCMBlockDeletingService (SCMBlockDeletingService.java:call(198)) - Totally added 4 blocks to be deleted for 1 datanodes, task elapsed time: 1ms
2023-05-03 09:46:25,470 [org.apache.hadoop.ozone.container.common.statemachine.commandhandler.DeleteBlocksCommandHandler$DeleteCmdWorker@bbd5c7a] INFO  commandhandler.DeleteBlocksCommandHandler (DeleteBlocksCommandHandler.java:processCmd(275)) - Start to delete container blocks, TXIDs=[8(0),9(0)], numOfContainers=2, numOfBlocks=4
2023-05-03 09:46:25,577 [Listener at 127.0.0.1/35191] INFO  volume.HddsVolume (HddsVolume.java:closeDbStore(437)) - SchemaV3 db is stopped at /home/runner/work/ozone/ozone/hadoop-ozone/integration-test/target/test-dir/MiniOzoneClusterImpl-adc655c8-92ed-4be5-b45a-b6dec4162976/datanode-1/data-0/containers/hdds/adc655c8-92ed-4be5-b45a-b6dec4162976/DS-ea9b1c88-d248-40cf-af74-a66d8d517f88/container.db for volume DS-ea9b1c88-d248-40cf-af74-a66d8d517f88
2023-05-03 09:46:25,577 [Listener at 127.0.0.1/35191] INFO  utils.BackgroundService (BackgroundService.java:shutdown(141)) - Shutting down service BlockDeletingService
2023-05-03 09:46:25,580 [Listener at 127.0.0.1/35191] INFO  utils.BackgroundService (BackgroundService.java:shutdown(141)) - Shutting down service StaleRecoveringContainerScrubbingService
2023-05-03 09:46:25,586 [ForkJoinPool.commonPool-worker-1] INFO  volume.HddsVolume (HddsVolume.java:closeDbStore(437)) - SchemaV3 db is stopped at /home/runner/work/ozone/ozone/hadoop-ozone/integration-test/target/test-dir/MiniOzoneClusterImpl-adc655c8-92ed-4be5-b45a-b6dec4162976/datanode-0/data-0/containers/hdds/adc655c8-92ed-4be5-b45a-b6dec4162976/DS-da79bdbe-2704-40f9-ac87-4ac64c71b9a2/container.db for volume DS-da79bdbe-2704-40f9-ac87-4ac64c71b9a2
2023-05-03 09:46:25,586 [ForkJoinPool.commonPool-worker-1] INFO  utils.BackgroundService (BackgroundService.java:shutdown(141)) - Shutting down service BlockDeletingService
2023-05-03 09:46:25,587 [Listener at 127.0.0.1/35191] INFO  statemachine.DatanodeStateMachine (DatanodeStateMachine.java:stopDaemon(603)) - Ozone container server stopped.
2023-05-03 09:46:25,592 [ForkJoinPool.commonPool-worker-1] INFO  utils.BackgroundService (BackgroundService.java:shutdown(141)) - Shutting down service StaleRecoveringContainerScrubbingService
2023-05-03 09:46:25,603 [ForkJoinPool.commonPool-worker-1] INFO  statemachine.DatanodeStateMachine (DatanodeStateMachine.java:stopDaemon(603)) - Ozone container server stopped.
2023-05-03 09:46:25,615 [Listener at 127.0.0.1/35191] INFO  handler.ContextHandler (ContextHandler.java:doStop(1159)) - Stopped o.e.j.w.WebAppContext@660ee3f6{hddsDatanode,/,null,STOPPED}{jar:file:/home/runner/.m2/repository/org/apache/ozone/hdds-container-service/1.4.0-SNAPSHOT/hdds-container-service-1.4.0-SNAPSHOT.jar!/webapps/hddsDatanode}
2023-05-03 09:46:25,617 [Listener at 127.0.0.1/35191] INFO  server.AbstractConnector (AbstractConnector.java:doStop(383)) - Stopped ServerConnector@3e0b9255{HTTP/1.1, (http/1.1)}{0.0.0.0:0}
2023-05-03 09:46:25,617 [Listener at 127.0.0.1/35191] INFO  server.session (HouseKeeper.java:stopScavenging(149)) - node0 Stopped scavenging
2023-05-03 09:46:25,617 [Listener at 127.0.0.1/35191] INFO  handler.ContextHandler (ContextHandler.java:doStop(1159)) - Stopped o.e.j.s.ServletContextHandler@541b30b7{static,/static,jar:file:/home/runner/.m2/repository/org/apache/ozone/hdds-container-service/1.4.0-SNAPSHOT/hdds-container-service-1.4.0-SNAPSHOT.jar!/webapps/static,STOPPED}
2023-05-03 09:46:25,618 [Listener at 127.0.0.1/35191] INFO  handler.ContextHandler (ContextHandler.java:doStop(1159)) - Stopped o.e.j.s.ServletContextHandler@36817acc{logs,/logs,file:///home/runner/work/ozone/ozone/hadoop-ozone/integration-test/target/log,STOPPED}
2023-05-03 09:46:25,619 [ForkJoinPool.commonPool-worker-1] INFO  handler.ContextHandler (ContextHandler.java:doStop(1159)) - Stopped o.e.j.w.WebAppContext@1aae7127{hddsDatanode,/,null,STOPPED}{jar:file:/home/runner/.m2/repository/org/apache/ozone/hdds-container-service/1.4.0-SNAPSHOT/hdds-container-service-1.4.0-SNAPSHOT.jar!/webapps/hddsDatanode}
2023-05-03 09:46:25,620 [ForkJoinPool.commonPool-worker-1] INFO  server.AbstractConnector (AbstractConnector.java:doStop(383)) - Stopped ServerConnector@19ae1ac5{HTTP/1.1, (http/1.1)}{0.0.0.0:0}
2023-05-03 09:46:25,620 [ForkJoinPool.commonPool-worker-1] INFO  server.session (HouseKeeper.java:stopScavenging(149)) - node0 Stopped scavenging
2023-05-03 09:46:25,624 [ForkJoinPool.commonPool-worker-1] INFO  handler.ContextHandler (ContextHandler.java:doStop(1159)) - Stopped o.e.j.s.ServletContextHandler@5f8332cb{static,/static,jar:file:/home/runner/.m2/repository/org/apache/ozone/hdds-container-service/1.4.0-SNAPSHOT/hdds-container-service-1.4.0-SNAPSHOT.jar!/webapps/static,STOPPED}
2023-05-03 09:46:25,630 [Listener at 127.0.0.1/35191] INFO  ozoneimpl.OzoneContainer (OzoneContainer.java:stop(419)) - Attempting to stop container services.
2023-05-03 09:46:25,631 [Listener at 127.0.0.1/35191] INFO  server.RaftServer (RaftServerProxy.java:lambda$close$6(409)) - b253d63f-33bc-4eb4-9d64-d22092d7a357: close
2023-05-03 09:46:25,631 [b253d63f-33bc-4eb4-9d64-d22092d7a357-impl-thread1] INFO  server.RaftServer$Division (RaftServerImpl.java:lambda$close$4(458)) - b253d63f-33bc-4eb4-9d64-d22092d7a357@group-25ACAC35DE11: shutdown
2023-05-03 09:46:25,631 [b253d63f-33bc-4eb4-9d64-d22092d7a357-impl-thread1] INFO  util.JmxRegister (JmxRegister.java:unregister(73)) - Successfully un-registered JMX Bean with object name Ratis:service=RaftServer,group=group-25ACAC35DE11,id=b253d63f-33bc-4eb4-9d64-d22092d7a357
2023-05-03 09:46:25,631 [b253d63f-33bc-4eb4-9d64-d22092d7a357-impl-thread1] INFO  impl.RoleInfo (RoleInfo.java:shutdownLeaderState(93)) - b253d63f-33bc-4eb4-9d64-d22092d7a357: shutdown b253d63f-33bc-4eb4-9d64-d22092d7a357@group-25ACAC35DE11-LeaderStateImpl
2023-05-03 09:46:25,631 [ForkJoinPool.commonPool-worker-1] INFO  handler.ContextHandler (ContextHandler.java:doStop(1159)) - Stopped o.e.j.s.ServletContextHandler@56b51488{logs,/logs,file:///home/runner/work/ozone/ozone/hadoop-ozone/integration-test/target/log,STOPPED}
2023-05-03 09:46:25,632 [b253d63f-33bc-4eb4-9d64-d22092d7a357-impl-thread2] INFO  server.RaftServer$Division (RaftServerImpl.java:lambda$close$4(458)) - b253d63f-33bc-4eb4-9d64-d22092d7a357@group-E54D908FE80B: shutdown
2023-05-03 09:46:25,632 [b253d63f-33bc-4eb4-9d64-d22092d7a357-impl-thread2] INFO  util.JmxRegister (JmxRegister.java:unregister(73)) - Successfully un-registered JMX Bean with object name Ratis:service=RaftServer,group=group-E54D908FE80B,id=b253d63f-33bc-4eb4-9d64-d22092d7a357
2023-05-03 09:46:25,632 [b253d63f-33bc-4eb4-9d64-d22092d7a357-impl-thread2] INFO  impl.RoleInfo (RoleInfo.java:shutdownLeaderState(93)) - b253d63f-33bc-4eb4-9d64-d22092d7a357: shutdown b253d63f-33bc-4eb4-9d64-d22092d7a357@group-E54D908FE80B-LeaderStateImpl
2023-05-03 09:46:25,632 [b253d63f-33bc-4eb4-9d64-d22092d7a357-impl-thread2] INFO  impl.PendingRequests (PendingRequests.java:sendNotLeaderResponses(282)) - b253d63f-33bc-4eb4-9d64-d22092d7a357@group-E54D908FE80B-PendingRequests: sendNotLeaderResponses
2023-05-03 09:46:25,634 [Listener at 127.0.0.1/35191] INFO  server.GrpcService (GrpcService.java:closeImpl(271)) - b253d63f-33bc-4eb4-9d64-d22092d7a357: shutdown server GrpcServerProtocolService now
2023-05-03 09:46:25,635 [Listener at 127.0.0.1/35191] INFO  server.GrpcServerProtocolClient (GrpcServerProtocolClient.java:close(101)) - ba1183bc-3307-4f2f-a7df-7eeda515be78 Close channels
2023-05-03 09:46:25,636 [b253d63f-33bc-4eb4-9d64-d22092d7a357-impl-thread1] INFO  impl.PendingRequests (PendingRequests.java:sendNotLeaderResponses(282)) - b253d63f-33bc-4eb4-9d64-d22092d7a357@group-25ACAC35DE11-PendingRequests: sendNotLeaderResponses
2023-05-03 09:46:25,636 [b253d63f-33bc-4eb4-9d64-d22092d7a357-impl-thread1] INFO  impl.StateMachineUpdater (StateMachineUpdater.java:stopAndJoin(153)) - b253d63f-33bc-4eb4-9d64-d22092d7a357@group-25ACAC35DE11-StateMachineUpdater: set stopIndex = 0
2023-05-03 09:46:25,636 [b253d63f-33bc-4eb4-9d64-d22092d7a357@group-25ACAC35DE11-StateMachineUpdater] INFO  ratis.ContainerStateMachine (ContainerStateMachine.java:takeSnapshot(330)) - group-25ACAC35DE11: Taking a snapshot at:(t:1, i:0) file /home/runner/work/ozone/ozone/hadoop-ozone/integration-test/target/test-dir/MiniOzoneClusterImpl-adc655c8-92ed-4be5-b45a-b6dec4162976/datanode-2/data/ratis/05b880ab-170c-4da7-8905-25acac35de11/sm/snapshot.1_0
2023-05-03 09:46:25,638 [Listener at 127.0.0.1/35191] INFO  server.GrpcServerProtocolClient (GrpcServerProtocolClient.java:close(101)) - 6865ef2a-f9e6-4758-8bd9-8da76fd5f008 Close channels
2023-05-03 09:46:25,638 [b253d63f-33bc-4eb4-9d64-d22092d7a357@group-25ACAC35DE11-StateMachineUpdater] INFO  ratis.ContainerStateMachine (ContainerStateMachine.java:takeSnapshot(341)) - group-25ACAC35DE11: Finished taking a snapshot at:(t:1, i:0) file:/home/runner/work/ozone/ozone/hadoop-ozone/integration-test/target/test-dir/MiniOzoneClusterImpl-adc655c8-92ed-4be5-b45a-b6dec4162976/datanode-2/data/ratis/05b880ab-170c-4da7-8905-25acac35de11/sm/snapshot.1_0 took: 2 ms
2023-05-03 09:46:25,639 [b253d63f-33bc-4eb4-9d64-d22092d7a357@group-E54D908FE80B-StateMachineUpdater] INFO  ratis.ContainerStateMachine (ContainerStateMachine.java:takeSnapshot(330)) - group-E54D908FE80B: Taking a snapshot at:(t:1, i:6) file /home/runner/work/ozone/ozone/hadoop-ozone/integration-test/target/test-dir/MiniOzoneClusterImpl-adc655c8-92ed-4be5-b45a-b6dec4162976/datanode-2/data/ratis/1da80be2-2582-452d-94b7-e54d908fe80b/sm/snapshot.1_6
2023-05-03 09:46:25,639 [b253d63f-33bc-4eb4-9d64-d22092d7a357@group-25ACAC35DE11-StateMachineUpdater] INFO  impl.StateMachineUpdater (StateMachineUpdater.java:takeSnapshot(287)) - b253d63f-33bc-4eb4-9d64-d22092d7a357@group-25ACAC35DE11-StateMachineUpdater: Took a snapshot at index 0
2023-05-03 09:46:25,639 [b253d63f-33bc-4eb4-9d64-d22092d7a357@group-25ACAC35DE11-StateMachineUpdater] INFO  impl.StateMachineUpdater (StateMachineUpdater.java:lambda$new$0(92)) - b253d63f-33bc-4eb4-9d64-d22092d7a357@group-25ACAC35DE11-StateMachineUpdater: snapshotIndex: updateIncreasingly -1 -> 0
2023-05-03 09:46:25,639 [b253d63f-33bc-4eb4-9d64-d22092d7a357-impl-thread2] INFO  impl.StateMachineUpdater (StateMachineUpdater.java:stopAndJoin(153)) - b253d63f-33bc-4eb4-9d64-d22092d7a357@group-E54D908FE80B-StateMachineUpdater: set stopIndex = 6
2023-05-03 09:46:25,638 [b253d63f-33bc-4eb4-9d64-d22092d7a357-impl-thread3] INFO  server.RaftServer$Division (RaftServerImpl.java:lambda$close$4(458)) - b253d63f-33bc-4eb4-9d64-d22092d7a357@group-E1B12D75F4DE: shutdown
2023-05-03 09:46:25,638 [Listener at 127.0.0.1/35191] INFO  server.GrpcService (GrpcService.java:closeImpl(280)) - b253d63f-33bc-4eb4-9d64-d22092d7a357: shutdown server GrpcServerProtocolService successfully
2023-05-03 09:46:25,640 [b253d63f-33bc-4eb4-9d64-d22092d7a357-impl-thread1] INFO  server.RaftServer$Division (ServerState.java:close(466)) - b253d63f-33bc-4eb4-9d64-d22092d7a357@group-25ACAC35DE11: closes. applyIndex: 0
2023-05-03 09:46:25,640 [b253d63f-33bc-4eb4-9d64-d22092d7a357@group-E54D908FE80B-StateMachineUpdater] INFO  ratis.ContainerStateMachine (ContainerStateMachine.java:takeSnapshot(341)) - group-E54D908FE80B: Finished taking a snapshot at:(t:1, i:6) file:/home/runner/work/ozone/ozone/hadoop-ozone/integration-test/target/test-dir/MiniOzoneClusterImpl-adc655c8-92ed-4be5-b45a-b6dec4162976/datanode-2/data/ratis/1da80be2-2582-452d-94b7-e54d908fe80b/sm/snapshot.1_6 took: 1 ms
2023-05-03 09:46:25,640 [b253d63f-33bc-4eb4-9d64-d22092d7a357@group-25ACAC35DE11-SegmentedRaftLogWorker] INFO  segmented.SegmentedRaftLogWorker (SegmentedRaftLogWorker.java:run(347)) - b253d63f-33bc-4eb4-9d64-d22092d7a357@group-25ACAC35DE11-SegmentedRaftLogWorker was interrupted, exiting. There are 0 tasks remaining in the queue.
2023-05-03 09:46:25,640 [b253d63f-33bc-4eb4-9d64-d22092d7a357@group-E54D908FE80B-StateMachineUpdater] INFO  impl.StateMachineUpdater (StateMachineUpdater.java:takeSnapshot(287)) - b253d63f-33bc-4eb4-9d64-d22092d7a357@group-E54D908FE80B-StateMachineUpdater: Took a snapshot at index 6
2023-05-03 09:46:25,640 [b253d63f-33bc-4eb4-9d64-d22092d7a357@group-E54D908FE80B-StateMachineUpdater] INFO  impl.StateMachineUpdater (StateMachineUpdater.java:lambda$new$0(92)) - b253d63f-33bc-4eb4-9d64-d22092d7a357@group-E54D908FE80B-StateMachineUpdater: snapshotIndex: updateIncreasingly -1 -> 6
2023-05-03 09:46:25,645 [b253d63f-33bc-4eb4-9d64-d22092d7a357-impl-thread1] INFO  segmented.SegmentedRaftLogWorker (SegmentedRaftLogWorker.java:close(257)) - b253d63f-33bc-4eb4-9d64-d22092d7a357@group-25ACAC35DE11-SegmentedRaftLogWorker close()
2023-05-03 09:46:25,646 [b253d63f-33bc-4eb4-9d64-d22092d7a357-impl-thread3] INFO  util.JmxRegister (JmxRegister.java:unregister(73)) - Successfully un-registered JMX Bean with object name Ratis:service=RaftServer,group=group-E1B12D75F4DE,id=b253d63f-33bc-4eb4-9d64-d22092d7a357
2023-05-03 09:46:25,646 [b253d63f-33bc-4eb4-9d64-d22092d7a357-impl-thread3] INFO  impl.RoleInfo (RoleInfo.java:shutdownFollowerState(110)) - b253d63f-33bc-4eb4-9d64-d22092d7a357: shutdown b253d63f-33bc-4eb4-9d64-d22092d7a357@group-E1B12D75F4DE-FollowerState
2023-05-03 09:46:25,646 [b253d63f-33bc-4eb4-9d64-d22092d7a357-impl-thread3] INFO  impl.StateMachineUpdater (StateMachineUpdater.java:stopAndJoin(153)) - b253d63f-33bc-4eb4-9d64-d22092d7a357@group-E1B12D75F4DE-StateMachineUpdater: set stopIndex = 0
2023-05-03 09:46:25,646 [b253d63f-33bc-4eb4-9d64-d22092d7a357-impl-thread2] INFO  server.RaftServer$Division (ServerState.java:close(466)) - b253d63f-33bc-4eb4-9d64-d22092d7a357@group-E54D908FE80B: closes. applyIndex: 6
2023-05-03 09:46:25,646 [b253d63f-33bc-4eb4-9d64-d22092d7a357@group-E54D908FE80B-SegmentedRaftLogWorker] INFO  segmented.SegmentedRaftLogWorker (SegmentedRaftLogWorker.java:run(347)) - b253d63f-33bc-4eb4-9d64-d22092d7a357@group-E54D908FE80B-SegmentedRaftLogWorker was interrupted, exiting. There are 0 tasks remaining in the queue.
2023-05-03 09:46:25,646 [b253d63f-33bc-4eb4-9d64-d22092d7a357-impl-thread2] INFO  segmented.SegmentedRaftLogWorker (SegmentedRaftLogWorker.java:close(257)) - b253d63f-33bc-4eb4-9d64-d22092d7a357@group-E54D908FE80B-SegmentedRaftLogWorker close()
2023-05-03 09:46:25,646 [b253d63f-33bc-4eb4-9d64-d22092d7a357-NettyServerStreamRpc-bossGroup--thread1] INFO  logging.LoggingHandler (AbstractInternalLogger.java:log(148)) - [id: 0x65347770, L:/0:0:0:0:0:0:0:0:41891] CLOSE
2023-05-03 09:46:25,647 [b253d63f-33bc-4eb4-9d64-d22092d7a357-NettyServerStreamRpc-bossGroup--thread1] INFO  logging.LoggingHandler (AbstractInternalLogger.java:log(148)) - [id: 0x65347770, L:/0:0:0:0:0:0:0:0:41891] INACTIVE
2023-05-03 09:46:25,647 [b253d63f-33bc-4eb4-9d64-d22092d7a357-NettyServerStreamRpc-bossGroup--thread1] INFO  logging.LoggingHandler (AbstractInternalLogger.java:log(148)) - [id: 0x65347770, L:/0:0:0:0:0:0:0:0:41891] UNREGISTERED
2023-05-03 09:46:25,647 [b253d63f-33bc-4eb4-9d64-d22092d7a357@group-E1B12D75F4DE-StateMachineUpdater] INFO  ratis.ContainerStateMachine (ContainerStateMachine.java:takeSnapshot(330)) - group-E1B12D75F4DE: Taking a snapshot at:(t:1, i:0) file /home/runner/work/ozone/ozone/hadoop-ozone/integration-test/target/test-dir/MiniOzoneClusterImpl-adc655c8-92ed-4be5-b45a-b6dec4162976/datanode-2/data/ratis/4b28a19b-c925-41a3-a060-e1b12d75f4de/sm/snapshot.1_0
2023-05-03 09:46:25,648 [b253d63f-33bc-4eb4-9d64-d22092d7a357@group-E1B12D75F4DE-FollowerState] INFO  impl.FollowerState (FollowerState.java:run(152)) - b253d63f-33bc-4eb4-9d64-d22092d7a357@group-E1B12D75F4DE-FollowerState was interrupted
2023-05-03 09:46:25,648 [b253d63f-33bc-4eb4-9d64-d22092d7a357@group-E1B12D75F4DE-StateMachineUpdater] INFO  ratis.ContainerStateMachine (ContainerStateMachine.java:takeSnapshot(341)) - group-E1B12D75F4DE: Finished taking a snapshot at:(t:1, i:0) file:/home/runner/work/ozone/ozone/hadoop-ozone/integration-test/target/test-dir/MiniOzoneClusterImpl-adc655c8-92ed-4be5-b45a-b6dec4162976/datanode-2/data/ratis/4b28a19b-c925-41a3-a060-e1b12d75f4de/sm/snapshot.1_0 took: 1 ms
2023-05-03 09:46:25,648 [b253d63f-33bc-4eb4-9d64-d22092d7a357@group-E1B12D75F4DE-StateMachineUpdater] INFO  impl.StateMachineUpdater (StateMachineUpdater.java:takeSnapshot(287)) - b253d63f-33bc-4eb4-9d64-d22092d7a357@group-E1B12D75F4DE-StateMachineUpdater: Took a snapshot at index 0
2023-05-03 09:46:25,648 [b253d63f-33bc-4eb4-9d64-d22092d7a357@group-E1B12D75F4DE-StateMachineUpdater] INFO  impl.StateMachineUpdater (StateMachineUpdater.java:lambda$new$0(92)) - b253d63f-33bc-4eb4-9d64-d22092d7a357@group-E1B12D75F4DE-StateMachineUpdater: snapshotIndex: updateIncreasingly -1 -> 0
2023-05-03 09:46:25,648 [b253d63f-33bc-4eb4-9d64-d22092d7a357-impl-thread3] INFO  server.RaftServer$Division (ServerState.java:close(466)) - b253d63f-33bc-4eb4-9d64-d22092d7a357@group-E1B12D75F4DE: closes. applyIndex: 0
2023-05-03 09:46:25,650 [b253d63f-33bc-4eb4-9d64-d22092d7a357@group-E1B12D75F4DE-SegmentedRaftLogWorker] INFO  segmented.SegmentedRaftLogWorker (SegmentedRaftLogWorker.java:run(347)) - b253d63f-33bc-4eb4-9d64-d22092d7a357@group-E1B12D75F4DE-SegmentedRaftLogWorker was interrupted, exiting. There are 0 tasks remaining in the queue.
2023-05-03 09:46:25,650 [b253d63f-33bc-4eb4-9d64-d22092d7a357-impl-thread3] INFO  segmented.SegmentedRaftLogWorker (SegmentedRaftLogWorker.java:close(257)) - b253d63f-33bc-4eb4-9d64-d22092d7a357@group-E1B12D75F4DE-SegmentedRaftLogWorker close()
2023-05-03 09:46:25,662 [JvmPauseMonitor3] INFO  util.JvmPauseMonitor (JvmPauseMonitor.java:run(111)) - JvmPauseMonitor-b253d63f-33bc-4eb4-9d64-d22092d7a357: Stopped
2023-05-03 09:46:25,893 [SCMBlockDeletingService#0] INFO  block.SCMBlockDeletingService (SCMBlockDeletingService.java:call(198)) - Totally added 4 blocks to be deleted for 1 datanodes, task elapsed time: 1ms
2023-05-03 09:46:27,665 [Listener at 127.0.0.1/35191] INFO  volume.HddsVolume (HddsVolume.java:closeDbStore(437)) - SchemaV3 db is stopped at /home/runner/work/ozone/ozone/hadoop-ozone/integration-test/target/test-dir/MiniOzoneClusterImpl-adc655c8-92ed-4be5-b45a-b6dec4162976/datanode-2/data-0/containers/hdds/adc655c8-92ed-4be5-b45a-b6dec4162976/DS-52c12eec-4313-4d56-bfe0-7eb05b9302a5/container.db for volume DS-52c12eec-4313-4d56-bfe0-7eb05b9302a5
2023-05-03 09:46:27,665 [Listener at 127.0.0.1/35191] INFO  utils.BackgroundService (BackgroundService.java:shutdown(141)) - Shutting down service BlockDeletingService
2023-05-03 09:46:27,666 [Listener at 127.0.0.1/35191] INFO  utils.BackgroundService (BackgroundService.java:shutdown(141)) - Shutting down service StaleRecoveringContainerScrubbingService
2023-05-03 09:46:27,671 [Listener at 127.0.0.1/35191] INFO  statemachine.DatanodeStateMachine (DatanodeStateMachine.java:stopDaemon(603)) - Ozone container server stopped.
2023-05-03 09:46:27,679 [Listener at 127.0.0.1/35191] INFO  handler.ContextHandler (ContextHandler.java:doStop(1159)) - Stopped o.e.j.w.WebAppContext@4cdf1cd4{hddsDatanode,/,null,STOPPED}{jar:file:/home/runner/.m2/repository/org/apache/ozone/hdds-container-service/1.4.0-SNAPSHOT/hdds-container-service-1.4.0-SNAPSHOT.jar!/webapps/hddsDatanode}
2023-05-03 09:46:27,680 [Listener at 127.0.0.1/35191] INFO  server.AbstractConnector (AbstractConnector.java:doStop(383)) - Stopped ServerConnector@641a28e4{HTTP/1.1, (http/1.1)}{0.0.0.0:0}
2023-05-03 09:46:27,680 [Listener at 127.0.0.1/35191] INFO  server.session (HouseKeeper.java:stopScavenging(149)) - node0 Stopped scavenging
2023-05-03 09:46:27,680 [Listener at 127.0.0.1/35191] INFO  handler.ContextHandler (ContextHandler.java:doStop(1159)) - Stopped o.e.j.s.ServletContextHandler@4b9de145{static,/static,jar:file:/home/runner/.m2/repository/org/apache/ozone/hdds-container-service/1.4.0-SNAPSHOT/hdds-container-service-1.4.0-SNAPSHOT.jar!/webapps/static,STOPPED}
2023-05-03 09:46:27,680 [Listener at 127.0.0.1/35191] INFO  handler.ContextHandler (ContextHandler.java:doStop(1159)) - Stopped o.e.j.s.ServletContextHandler@651c930{logs,/logs,file:///home/runner/work/ozone/ozone/hadoop-ozone/integration-test/target/log,STOPPED}
2023-05-03 09:46:27,681 [Listener at 127.0.0.1/35191] INFO  ozone.MiniOzoneClusterImpl (MiniOzoneClusterImpl.java:stopSCM(552)) - Stopping the StorageContainerManager
2023-05-03 09:46:27,681 [Listener at 127.0.0.1/35191] INFO  server.StorageContainerManager (StorageContainerManager.java:stop(1578)) - Container Balancer is not running.
2023-05-03 09:46:27,681 [Listener at 127.0.0.1/35191] INFO  server.StorageContainerManager (StorageContainerManager.java:stopReplicationManager(1709)) - Stopping Replication Manager Service.
2023-05-03 09:46:27,681 [Listener at 127.0.0.1/35191] INFO  replication.ReplicationManager (ReplicationManager.java:stop(324)) - Stopping Replication Monitor Thread.
2023-05-03 09:46:27,682 [Over Replicated Processor] WARN  replication.UnhealthyReplicationProcessor (UnhealthyReplicationProcessor.java:run(167)) - Over Replicated Processor interrupted. Exiting...
2023-05-03 09:46:27,682 [Under Replicated Processor] WARN  replication.UnhealthyReplicationProcessor (UnhealthyReplicationProcessor.java:run(167)) - Under Replicated Processor interrupted. Exiting...
2023-05-03 09:46:27,682 [Listener at 127.0.0.1/35191] INFO  server.StorageContainerManager (StorageContainerManager.java:stop(1587)) - Stopping the Datanode Admin Monitor.
2023-05-03 09:46:27,682 [ReplicationMonitor] INFO  replication.ReplicationManager (ReplicationManager.java:run(934)) - Replication Monitor Thread is stopped
2023-05-03 09:46:27,682 [Listener at 127.0.0.1/35191] INFO  server.StorageContainerManager (StorageContainerManager.java:stop(1594)) - Stopping datanode service RPC server
2023-05-03 09:46:27,682 [Listener at 127.0.0.1/35191] INFO  server.SCMDatanodeProtocolServer (SCMDatanodeProtocolServer.java:stop(424)) - Stopping the RPC server for DataNodes
2023-05-03 09:46:27,682 [Listener at 127.0.0.1/35191] INFO  ipc.Server (Server.java:stop(3501)) - Stopping server on 41543
2023-05-03 09:46:27,683 [IPC Server listener on 0] INFO  ipc.Server (Server.java:run(1430)) - Stopping IPC Server listener on 0
2023-05-03 09:46:27,684 [IPC Server Responder] INFO  ipc.Server (Server.java:run(1563)) - Stopping IPC Server Responder
2023-05-03 09:46:27,719 [SCM Heartbeat Processing Thread - 0] WARN  node.NodeStateManager (NodeStateManager.java:scheduleNextHealthCheck(870)) - Current Thread is interrupted, shutting down HB processing thread for Node Manager.
2023-05-03 09:46:27,720 [Listener at 127.0.0.1/35191] INFO  server.StorageContainerManager (StorageContainerManager.java:stop(1602)) - Stopping block service RPC server
2023-05-03 09:46:27,720 [Listener at 127.0.0.1/35191] INFO  server.SCMBlockProtocolServer (SCMBlockProtocolServer.java:stop(161)) - Stopping the RPC server for Block Protocol
2023-05-03 09:46:27,720 [Listener at 127.0.0.1/35191] INFO  ipc.Server (Server.java:stop(3501)) - Stopping server on 36375
2023-05-03 09:46:27,721 [IPC Server listener on 0] INFO  ipc.Server (Server.java:run(1430)) - Stopping IPC Server listener on 0
2023-05-03 09:46:27,721 [IPC Server Responder] INFO  ipc.Server (Server.java:run(1563)) - Stopping IPC Server Responder
2023-05-03 09:46:27,722 [Listener at 127.0.0.1/35191] INFO  server.StorageContainerManager (StorageContainerManager.java:stop(1609)) - Stopping the StorageContainerLocationProtocol RPC server
2023-05-03 09:46:27,722 [Listener at 127.0.0.1/35191] INFO  server.SCMClientProtocolServer (SCMClientProtocolServer.java:stop(208)) - Stopping the RPC server for Client Protocol
2023-05-03 09:46:27,722 [Listener at 127.0.0.1/35191] INFO  ipc.Server (Server.java:stop(3501)) - Stopping server on 44485
2023-05-03 09:46:27,723 [IPC Server listener on 0] INFO  ipc.Server (Server.java:run(1430)) - Stopping IPC Server listener on 0
2023-05-03 09:46:27,724 [IPC Server Responder] INFO  ipc.Server (Server.java:run(1563)) - Stopping IPC Server Responder
2023-05-03 09:46:27,724 [Listener at 127.0.0.1/35191] INFO  server.StorageContainerManager (StorageContainerManager.java:stop(1616)) - Stopping Storage Container Manager HTTP server.
2023-05-03 09:46:27,725 [Listener at 127.0.0.1/35191] INFO  handler.ContextHandler (ContextHandler.java:doStop(1159)) - Stopped o.e.j.w.WebAppContext@64cccb48{scm,/,null,STOPPED}{file:/home/runner/work/ozone/ozone/hadoop-ozone/integration-test/target/test-classes/webapps/scm}
2023-05-03 09:46:27,725 [Listener at 127.0.0.1/35191] INFO  server.AbstractConnector (AbstractConnector.java:doStop(383)) - Stopped ServerConnector@38ee8c34{HTTP/1.1, (http/1.1)}{0.0.0.0:0}
2023-05-03 09:46:27,725 [Listener at 127.0.0.1/35191] INFO  server.session (HouseKeeper.java:stopScavenging(149)) - node0 Stopped scavenging
2023-05-03 09:46:27,725 [Listener at 127.0.0.1/35191] INFO  handler.ContextHandler (ContextHandler.java:doStop(1159)) - Stopped o.e.j.s.ServletContextHandler@5852ec63{static,/static,file:///home/runner/work/ozone/ozone/hadoop-ozone/integration-test/target/test-classes/webapps/static,STOPPED}
2023-05-03 09:46:27,725 [Listener at 127.0.0.1/35191] INFO  handler.ContextHandler (ContextHandler.java:doStop(1159)) - Stopped o.e.j.s.ServletContextHandler@286ffce6{logs,/logs,file:///home/runner/work/ozone/ozone/hadoop-ozone/integration-test/target/log,STOPPED}
2023-05-03 09:46:27,726 [Listener at 127.0.0.1/35191] INFO  server.StorageContainerManager (StorageContainerManager.java:stop(1624)) - Stopping SCM LayoutVersionManager Service.
2023-05-03 09:46:27,726 [Listener at 127.0.0.1/35191] INFO  server.StorageContainerManager (StorageContainerManager.java:stop(1632)) - Stopping Block Manager Service.
2023-05-03 09:46:27,726 [Listener at 127.0.0.1/35191] INFO  utils.BackgroundService (BackgroundService.java:shutdown(141)) - Shutting down service SCMBlockDeletingService
2023-05-03 09:46:27,726 [Listener at 127.0.0.1/35191] INFO  utils.BackgroundService (BackgroundService.java:shutdown(141)) - Shutting down service SCMBlockDeletingService
2023-05-03 09:46:27,726 [Listener at 127.0.0.1/35191] INFO  server.StorageContainerManager (StorageContainerManager.java:stop(1654)) - Stopping SCM Event Queue.
2023-05-03 09:46:27,728 [Listener at 127.0.0.1/35191] INFO  server.StorageContainerManager (StorageContainerManager.java:stop(1665)) - Stopping SCM HA services.
2023-05-03 09:46:27,728 [Listener at 127.0.0.1/35191] INFO  pipeline.BackgroundPipelineCreator (BackgroundPipelineCreator.java:stop(149)) - Stopping RatisPipelineUtilsThread.
2023-05-03 09:46:27,728 [RatisPipelineUtilsThread - 0] WARN  pipeline.BackgroundPipelineCreator (BackgroundPipelineCreator.java:run(180)) - RatisPipelineUtilsThread is interrupted.
2023-05-03 09:46:27,729 [BackgroundPipelineScrubberThread] WARN  BackgroundPipelineScrubber (BackgroundSCMService.java:run(115)) - BackgroundPipelineScrubber is interrupted, exit
2023-05-03 09:46:27,729 [Listener at 127.0.0.1/35191] INFO  BackgroundPipelineScrubber (BackgroundSCMService.java:stop(131)) - Stopping BackgroundPipelineScrubber Service.
2023-05-03 09:46:27,730 [Listener at 127.0.0.1/35191] INFO  impl.MetricsSystemImpl (MetricsSystemImpl.java:stop(210)) - Stopping XceiverClientMetrics metrics system...
2023-05-03 09:46:27,731 [prometheus] INFO  impl.MetricsSinkAdapter (MetricsSinkAdapter.java:publishMetricsFromQueue(141)) - prometheus thread interrupted.
2023-05-03 09:46:27,731 [Listener at 127.0.0.1/35191] INFO  impl.MetricsSystemImpl (MetricsSystemImpl.java:stop(216)) - XceiverClientMetrics metrics system stopped.
2023-05-03 09:46:27,732 [Listener at 127.0.0.1/35191] WARN  pipeline.BackgroundPipelineCreator (BackgroundPipelineCreator.java:stop(145)) - RatisPipelineUtilsThread is not running, just ignore.
2023-05-03 09:46:27,732 [Listener at 127.0.0.1/35191] INFO  BackgroundPipelineScrubber (BackgroundSCMService.java:stop(126)) - BackgroundPipelineScrubber Service is not running, skip stop.
2023-05-03 09:46:27,732 [Listener at 127.0.0.1/35191] INFO  ExpiredContainerReplicaOpScrubber (BackgroundSCMService.java:stop(131)) - Stopping ExpiredContainerReplicaOpScrubber Service.
2023-05-03 09:46:27,732 [ExpiredContainerReplicaOpScrubberThread] WARN  ExpiredContainerReplicaOpScrubber (BackgroundSCMService.java:run(115)) - ExpiredContainerReplicaOpScrubber is interrupted, exit
2023-05-03 09:46:27,732 [Listener at 127.0.0.1/35191] INFO  utils.BackgroundService (BackgroundService.java:shutdown(141)) - Shutting down service SCMBlockDeletingService
2023-05-03 09:46:27,732 [Listener at 127.0.0.1/35191] INFO  replication.ReplicationManager (ReplicationManager.java:stop(334)) - Replication Monitor Thread is not running.
2023-05-03 09:46:27,732 [Listener at 127.0.0.1/35191] WARN  balancer.ContainerBalancer (ContainerBalancer.java:stop(324)) - Cannot stop Container Balancer because it's not running or stopping
2023-05-03 09:46:27,732 [Listener at 127.0.0.1/35191] INFO  server.StorageContainerManager (StorageContainerManager.java:stop(1700)) - Stopping SCM MetadataStore.
]]></system-out>
  </testcase>
  <testcase name="testBlockDeletingThrottling" classname="org.apache.hadoop.ozone.TestStorageContainerManager" time="30.205">
    <system-out><![CDATA[2023-05-03 09:46:27,787 [Time-limited test] WARN  server.ServerUtils (ServerUtils.java:getScmDbDir(148)) - ozone.scm.db.dirs is not configured. We recommend adding this setting. Falling back to ozone.metadata.dirs instead.
2023-05-03 09:46:27,790 [Time-limited test] WARN  server.ServerUtils (ServerUtils.java:getScmDbDir(148)) - ozone.scm.db.dirs is not configured. We recommend adding this setting. Falling back to ozone.metadata.dirs instead.
2023-05-03 09:46:27,791 [Time-limited test] INFO  ha.SCMHANodeDetails (SCMHANodeDetails.java:loadSCMHAConfig(209)) - ServiceID for StorageContainerManager is null
2023-05-03 09:46:27,791 [Time-limited test] WARN  ha.SCMHANodeDetails (SCMHANodeDetails.java:validateSCMHAConfig(182)) - Invalid config ozone.scm.ratis.enable. The config was not specified, but the default value true conflicts with the expected config value false. Falling back to the expected value. Current State of SCM: SCM is running in Non-HA without Ratis Ratis SCM -> Non Ratis SCM or Non HA SCM -> HA SCM is not supported
2023-05-03 09:46:27,791 [Time-limited test] INFO  ha.SCMHANodeDetails (SCMHANodeDetails.java:loadSCMHAConfig(214)) - ozone.scm.default.service.id is not defined, falling back to ozone.scm.service.ids to find serviceID for StorageContainerManager if it is HA enabled cluster
2023-05-03 09:46:27,792 [Time-limited test] WARN  utils.HAUtils (HAUtils.java:getMetaDir(350)) - ozone.scm.db.dirs is not configured. We recommend adding this setting. Falling back to ozone.metadata.dirs instead.
2023-05-03 09:46:27,793 [Time-limited test] WARN  db.DBStoreBuilder (DBStoreBuilder.java:applyDBDefinition(165)) - ozone.scm.db.dirs is not configured. We recommend adding this setting. Falling back to ozone.metadata.dirs instead.
2023-05-03 09:46:27,873 [Time-limited test] INFO  net.NodeSchemaLoader (NodeSchemaLoader.java:loadSchemaFromFile(129)) - Loading schema from [jar:file:/home/runner/.m2/repository/org/apache/ozone/hdds-common/1.4.0-SNAPSHOT/hdds-common-1.4.0-SNAPSHOT.jar!/network-topology-default.xml]
2023-05-03 09:46:27,873 [Time-limited test] INFO  net.NodeSchemaLoader (NodeSchemaLoader.java:loadSchema(176)) - Loading network topology layer schema file
2023-05-03 09:46:27,876 [Time-limited test] INFO  upgrade.AbstractLayoutVersionManager (AbstractLayoutVersionManager.java:init(83)) - Initializing Layout version manager with metadata layout = WEBUI_PORTS_IN_DATANODEDETAILS (version = 6), software layout = WEBUI_PORTS_IN_DATANODEDETAILS (version = 6)
2023-05-03 09:46:27,939 [Time-limited test] INFO  reflections.Reflections (Reflections.java:scan(232)) - Reflections took 62 ms to scan 7 urls, producing 156 keys and 369 values 
2023-05-03 09:46:27,941 [Time-limited test] INFO  ha.SequenceIdGenerator (SequenceIdGenerator.java:upgradeToSequenceId(349)) - upgrade localId to 111677748019200000
2023-05-03 09:46:27,942 [Time-limited test] INFO  ha.SequenceIdGenerator (SequenceIdGenerator.java:upgradeToSequenceId(359)) - upgrade delTxnId to 0
2023-05-03 09:46:27,942 [Time-limited test] INFO  ha.SequenceIdGenerator (SequenceIdGenerator.java:upgradeToSequenceId(376)) - upgrade containerId to 0
2023-05-03 09:46:27,942 [Time-limited test] INFO  ha.SequenceIdGenerator (SequenceIdGenerator.java:<init>(220)) - Init the HA SequenceIdGenerator.
2023-05-03 09:46:27,943 [Time-limited test] INFO  node.SCMNodeManager (SCMNodeManager.java:<init>(159)) - Entering startup safe mode.
2023-05-03 09:46:27,943 [Time-limited test] INFO  algorithms.ContainerPlacementPolicyFactory (ContainerPlacementPolicyFactory.java:getPolicyInternal(86)) - Create container placement policy of type org.apache.hadoop.hdds.scm.container.placement.algorithms.SCMContainerPlacementRackAware
2023-05-03 09:46:27,943 [Time-limited test] INFO  algorithms.ContainerPlacementPolicyFactory (ContainerPlacementPolicyFactory.java:getPolicyInternal(86)) - Create container placement policy of type org.apache.hadoop.hdds.scm.container.placement.algorithms.SCMContainerPlacementRackScatter
2023-05-03 09:46:27,944 [Time-limited test] INFO  pipeline.PipelineStateManagerImpl (PipelineStateManagerImpl.java:initialize(78)) - No pipeline exists in current db
2023-05-03 09:46:27,944 [Time-limited test] INFO  algorithms.LeaderChoosePolicyFactory (LeaderChoosePolicyFactory.java:getPolicy(57)) - Create leader choose policy of type org.apache.hadoop.hdds.scm.pipeline.leader.choose.algorithms.MinLeaderCountChoosePolicy
2023-05-03 09:46:27,944 [Time-limited test] INFO  algorithms.ContainerPlacementPolicyFactory (ContainerPlacementPolicyFactory.java:getPolicyInternal(86)) - Create container placement policy of type org.apache.hadoop.hdds.scm.container.placement.algorithms.SCMContainerPlacementRackScatter
2023-05-03 09:46:27,944 [Time-limited test] INFO  ha.SCMServiceManager (SCMServiceManager.java:register(42)) - Registering service BackgroundPipelineCreator.
2023-05-03 09:46:27,944 [Time-limited test] INFO  pipeline.BackgroundPipelineCreator (BackgroundPipelineCreator.java:start(124)) - Starting RatisPipelineUtilsThread.
2023-05-03 09:46:27,945 [Time-limited test] INFO  BackgroundPipelineScrubber (BackgroundSCMService.java:start(68)) - Starting BackgroundPipelineScrubber Service.
2023-05-03 09:46:27,945 [Time-limited test] INFO  ha.SCMServiceManager (SCMServiceManager.java:register(42)) - Registering service BackgroundPipelineScrubber.
2023-05-03 09:46:27,945 [Time-limited test] INFO  ExpiredContainerReplicaOpScrubber (BackgroundSCMService.java:start(68)) - Starting ExpiredContainerReplicaOpScrubber Service.
2023-05-03 09:46:27,946 [Time-limited test] INFO  ha.SCMServiceManager (SCMServiceManager.java:register(42)) - Registering service ExpiredContainerReplicaOpScrubber.
2023-05-03 09:46:27,947 [Time-limited test] INFO  algorithms.PipelineChoosePolicyFactory (PipelineChoosePolicyFactory.java:createPipelineChoosePolicyFromClass(73)) - Create pipeline choose policy of type org.apache.hadoop.hdds.scm.pipeline.choose.algorithms.RandomPipelineChoosePolicy
2023-05-03 09:46:27,947 [Time-limited test] INFO  ha.SCMServiceManager (SCMServiceManager.java:register(42)) - Registering service SCMBlockDeletingService.
2023-05-03 09:46:27,947 [Time-limited test] INFO  replication.ReplicationManager (ReplicationManager.java:start(291)) - Starting Replication Monitor Thread.
2023-05-03 09:46:27,948 [Time-limited test] INFO  ha.SCMServiceManager (SCMServiceManager.java:register(42)) - Registering service ReplicationManager.
2023-05-03 09:46:27,949 [Time-limited test] INFO  safemode.ContainerSafeModeRule (ContainerSafeModeRule.java:<init>(89)) - containers with one replica threshold count 0
2023-05-03 09:46:27,949 [Time-limited test] INFO  safemode.HealthyPipelineSafeModeRule (HealthyPipelineSafeModeRule.java:initializeRule(169)) - Total pipeline count is 0, healthy pipeline threshold count is 0
2023-05-03 09:46:27,949 [Time-limited test] INFO  safemode.OneReplicaPipelineSafeModeRule (OneReplicaPipelineSafeModeRule.java:initializeRule(180)) - Total pipeline count is 0, pipeline's with at least one datanode reported threshold count is 0
2023-05-03 09:46:27,950 [Time-limited test] INFO  server.StorageContainerManager (StorageContainerManager.java:<init>(403)) - SCM start with adminUsers: [runner]
2023-05-03 09:46:27,950 [Time-limited test] INFO  ipc.CallQueueManager (CallQueueManager.java:<init>(90)) - Using callQueue: class java.util.concurrent.LinkedBlockingQueue, queueCapacity: 2000, scheduler: class org.apache.hadoop.ipc.DefaultRpcScheduler, ipcBackoff: false.
2023-05-03 09:46:27,951 [Socket Reader #1 for port 0] INFO  ipc.Server (Server.java:run(1319)) - Starting Socket Reader #1 for port 0
2023-05-03 09:46:27,952 [Listener at 0.0.0.0/41095] INFO  ipc.CallQueueManager (CallQueueManager.java:<init>(90)) - Using callQueue: class java.util.concurrent.LinkedBlockingQueue, queueCapacity: 2000, scheduler: class org.apache.hadoop.ipc.DefaultRpcScheduler, ipcBackoff: false.
2023-05-03 09:46:27,953 [Socket Reader #1 for port 0] INFO  ipc.Server (Server.java:run(1319)) - Starting Socket Reader #1 for port 0
2023-05-03 09:46:27,954 [Listener at 0.0.0.0/43999] INFO  ipc.CallQueueManager (CallQueueManager.java:<init>(90)) - Using callQueue: class java.util.concurrent.LinkedBlockingQueue, queueCapacity: 2000, scheduler: class org.apache.hadoop.ipc.DefaultRpcScheduler, ipcBackoff: false.
2023-05-03 09:46:27,955 [Socket Reader #1 for port 0] INFO  ipc.Server (Server.java:run(1319)) - Starting Socket Reader #1 for port 0
2023-05-03 09:46:27,958 [Listener at 0.0.0.0/45711] INFO  ha.SCMServiceManager (SCMServiceManager.java:register(42)) - Registering service ContainerBalancer.
2023-05-03 09:46:27,959 [Listener at 0.0.0.0/45711] INFO  server.StorageContainerManager (StorageContainerManager.java:<init>(420)) - 
Container Balancer status:
Key                            Value
Running                        false
Container Balancer Configuration values:
Key                                                Value
Threshold                                          10
Max Datanodes to Involve per Iteration(percent)    20
Max Size to Move per Iteration                     500GB
Max Size Entering Target per Iteration             26GB
Max Size Leaving Source per Iteration              26GB

2023-05-03 09:46:27,959 [Listener at 0.0.0.0/45711] INFO  ha.SCMContext (SCMContext.java:updateSafeModeStatus(228)) - Update SafeModeStatus from SafeModeStatus{safeModeStatus=true, preCheckPassed=false} to SafeModeStatus{safeModeStatus=true, preCheckPassed=false}.
2023-05-03 09:46:27,959 [Listener at 0.0.0.0/45711] INFO  server.StorageContainerManager (StorageContainerManager.java:start(1477)) - StorageContainerLocationProtocol RPC server is listening at /0.0.0.0:45711
2023-05-03 09:46:27,960 [Listener at 0.0.0.0/45711] WARN  impl.MetricsConfig (MetricsConfig.java:loadFirst(136)) - Cannot locate configuration: tried hadoop-metrics2-storagecontainermanager.properties,hadoop-metrics2.properties
2023-05-03 09:46:27,961 [Listener at 0.0.0.0/45711] INFO  impl.MetricsSystemImpl (MetricsSystemImpl.java:startTimer(378)) - Scheduled Metric snapshot period at 10 second(s).
2023-05-03 09:46:27,961 [Listener at 0.0.0.0/45711] INFO  impl.MetricsSystemImpl (MetricsSystemImpl.java:start(191)) - StorageContainerManager metrics system started
2023-05-03 09:46:27,965 [ReplicationMonitor] INFO  replication.ReplicationManager (ReplicationManager.java:processAll(366)) - Replication Manager is not ready to run until 3000ms after safemode exit
2023-05-03 09:46:27,985 [Listener at 0.0.0.0/45711] INFO  impl.MetricsSinkAdapter (MetricsSinkAdapter.java:start(204)) - Sink prometheus started
2023-05-03 09:46:27,985 [Listener at 0.0.0.0/45711] INFO  impl.MetricsSystemImpl (MetricsSystemImpl.java:registerSink(305)) - Registered sink prometheus
2023-05-03 09:46:27,998 [Listener at 0.0.0.0/45711] INFO  server.SCMClientProtocolServer (SCMClientProtocolServer.java:start(199)) - RPC server for Client  is listening at /0.0.0.0:45711
2023-05-03 09:46:27,999 [IPC Server Responder] INFO  ipc.Server (Server.java:run(1558)) - IPC Server Responder: starting
2023-05-03 09:46:27,999 [IPC Server listener on 0] INFO  ipc.Server (Server.java:run(1398)) - IPC Server listener on 0: starting
2023-05-03 09:46:28,001 [Listener at 0.0.0.0/45711] INFO  server.StorageContainerManager (StorageContainerManager.java:start(1491)) - ScmBlockLocationProtocol RPC server is listening at /0.0.0.0:43999
2023-05-03 09:46:28,001 [Listener at 0.0.0.0/45711] INFO  server.SCMBlockProtocolServer (SCMBlockProtocolServer.java:start(152)) - RPC server for Block Protocol is listening at /0.0.0.0:43999
2023-05-03 09:46:28,001 [IPC Server Responder] INFO  ipc.Server (Server.java:run(1558)) - IPC Server Responder: starting
2023-05-03 09:46:28,002 [IPC Server listener on 0] INFO  ipc.Server (Server.java:run(1398)) - IPC Server listener on 0: starting
2023-05-03 09:46:28,004 [Listener at 0.0.0.0/45711] INFO  server.SCMDatanodeProtocolServer (SCMDatanodeProtocolServer.java:start(193)) - ScmDatanodeProtocol RPC server for DataNodes is listening at /0.0.0.0:41095
2023-05-03 09:46:28,004 [IPC Server Responder] INFO  ipc.Server (Server.java:run(1558)) - IPC Server Responder: starting
2023-05-03 09:46:28,004 [IPC Server listener on 0] INFO  ipc.Server (Server.java:run(1398)) - IPC Server listener on 0: starting
2023-05-03 09:46:28,013 [Listener at 0.0.0.0/45711] INFO  http.BaseHttpServer (BaseHttpServer.java:newHttpServer2BuilderForOzone(224)) - Starting Web-server for scm at: http://0.0.0.0:0
2023-05-03 09:46:28,013 [Listener at 0.0.0.0/45711] INFO  http.BaseHttpServer (BaseHttpServer.java:<init>(111)) - Hadoop Security Enabled: false Ozone Security Enabled: false Ozone HTTP Security Enabled: false 
2023-05-03 09:46:28,015 [Listener at 0.0.0.0/45711] WARN  server.AuthenticationFilter (AuthenticationFilter.java:constructSecretProvider(240)) - Unable to initialize FileSignerSecretProvider, falling back to use random secrets. Reason: Could not read signature secret file: /home/runner/hadoop-http-auth-signature-secret
2023-05-03 09:46:28,016 [org.apache.hadoop.util.JvmPauseMonitor$Monitor@384591b7] INFO  util.JvmPauseMonitor (JvmPauseMonitor.java:run(188)) - Starting JVM pause monitor
2023-05-03 09:46:28,017 [Listener at 0.0.0.0/45711] INFO  http.HttpRequestLog (HttpRequestLog.java:getRequestLog(86)) - Http request log for http.requests.scm is not defined
2023-05-03 09:46:28,018 [Listener at 0.0.0.0/45711] INFO  http.HttpServer2 (HttpServer2.java:addGlobalFilter(1031)) - Added global filter 'safety' (class=org.apache.hadoop.hdds.server.http.HttpServer2$QuotingInputFilter)
2023-05-03 09:46:28,019 [Listener at 0.0.0.0/45711] INFO  http.HttpServer2 (HttpServer2.java:addFilter(1007)) - Added filter static_user_filter (class=org.apache.hadoop.http.lib.StaticUserWebFilter$StaticUserFilter) to context scm
2023-05-03 09:46:28,019 [Listener at 0.0.0.0/45711] INFO  http.HttpServer2 (HttpServer2.java:addFilter(1015)) - Added filter static_user_filter (class=org.apache.hadoop.http.lib.StaticUserWebFilter$StaticUserFilter) to context static
2023-05-03 09:46:28,019 [Listener at 0.0.0.0/45711] INFO  http.HttpServer2 (HttpServer2.java:addFilter(1015)) - Added filter static_user_filter (class=org.apache.hadoop.http.lib.StaticUserWebFilter$StaticUserFilter) to context logs
2023-05-03 09:46:28,020 [Listener at 0.0.0.0/45711] INFO  http.BaseHttpServer (BaseHttpServer.java:<init>(190)) - HTTP server of scm uses base directory /home/runner/work/ozone/ozone/hadoop-ozone/integration-test/target/test-dir/MiniOzoneClusterImpl-a0e32f1b-c57c-46aa-bf19-5d8e384e89ec/ozone-meta/webserver
2023-05-03 09:46:28,020 [Listener at 0.0.0.0/45711] INFO  http.HttpServer2 (HttpServer2.java:bindListener(1250)) - Jetty bound to port 34635
2023-05-03 09:46:28,020 [Listener at 0.0.0.0/45711] INFO  server.Server (Server.java:doStart(375)) - jetty-9.4.51.v20230217; built: 2023-02-17T08:19:37.309Z; git: b45c405e4544384de066f814ed42ae3dceacdd49; jvm 1.8.0_362-b09
2023-05-03 09:46:28,022 [Listener at 0.0.0.0/45711] INFO  server.session (DefaultSessionIdManager.java:doStart(334)) - DefaultSessionIdManager workerName=node0
2023-05-03 09:46:28,022 [Listener at 0.0.0.0/45711] INFO  server.session (DefaultSessionIdManager.java:doStart(339)) - No SessionScavenger set, using defaults
2023-05-03 09:46:28,022 [Listener at 0.0.0.0/45711] INFO  server.session (HouseKeeper.java:startScavenging(132)) - node0 Scavenging every 660000ms
2023-05-03 09:46:28,023 [Listener at 0.0.0.0/45711] INFO  handler.ContextHandler (ContextHandler.java:doStart(921)) - Started o.e.j.s.ServletContextHandler@50242399{logs,/logs,file:///home/runner/work/ozone/ozone/hadoop-ozone/integration-test/target/log,AVAILABLE}
2023-05-03 09:46:28,023 [Listener at 0.0.0.0/45711] INFO  handler.ContextHandler (ContextHandler.java:doStart(921)) - Started o.e.j.s.ServletContextHandler@77a26482{static,/static,file:///home/runner/work/ozone/ozone/hadoop-ozone/integration-test/target/test-classes/webapps/static,AVAILABLE}
2023-05-03 09:46:28,026 [Listener at 0.0.0.0/45711] INFO  handler.ContextHandler (ContextHandler.java:doStart(921)) - Started o.e.j.w.WebAppContext@1a9b1d03{scm,/,file:///home/runner/work/ozone/ozone/hadoop-ozone/integration-test/target/test-classes/webapps/scm/,AVAILABLE}{file:/home/runner/work/ozone/ozone/hadoop-ozone/integration-test/target/test-classes/webapps/scm}
2023-05-03 09:46:28,029 [Listener at 0.0.0.0/45711] INFO  server.AbstractConnector (AbstractConnector.java:doStart(333)) - Started ServerConnector@6ea7ba05{HTTP/1.1, (http/1.1)}{0.0.0.0:34635}
2023-05-03 09:46:28,029 [Listener at 0.0.0.0/45711] INFO  server.Server (Server.java:doStart(415)) - Started @31154ms
2023-05-03 09:46:28,029 [Listener at 0.0.0.0/45711] WARN  impl.MetricsSystemImpl (MetricsSystemImpl.java:register(279)) - Sink prometheus already exists!
2023-05-03 09:46:28,030 [Listener at 0.0.0.0/45711] INFO  http.BaseHttpServer (BaseHttpServer.java:updateConnectorAddress(344)) - HTTP server of scm listening at http://0.0.0.0:34635
2023-05-03 09:46:28,030 [Listener at 0.0.0.0/45711] WARN  server.ServerUtils (ServerUtils.java:getDBPath(225)) - ozone.om.db.dirs is not configured. We recommend adding this setting. Falling back to ozone.metadata.dirs instead.
2023-05-03 09:46:28,032 [Listener at 0.0.0.0/45711] INFO  ha.OMHANodeDetails (OMHANodeDetails.java:loadOMHAConfig(115)) - ozone.om.internal.service.id is not defined, falling back to ozone.om.service.ids to find serviceID for OzoneManager if it is HA enabled cluster
2023-05-03 09:46:28,032 [Listener at 0.0.0.0/45711] INFO  ha.OMHANodeDetails (OMHANodeDetails.java:loadOMHAConfig(226)) - Configuration does not have ozone.om.address set. Falling back to the default OM address /127.0.0.1:0
2023-05-03 09:46:28,032 [Listener at 0.0.0.0/45711] INFO  ha.OMHANodeDetails (OMHANodeDetails.java:getOMNodeDetailsForNonHA(254)) - OM Service ID is not set. Setting it to the default ID: omServiceIdDefault
2023-05-03 09:46:28,032 [Listener at 0.0.0.0/45711] INFO  ha.OMHANodeDetails (OMHANodeDetails.java:getOMNodeDetailsForNonHA(261)) - OM Node ID is not set. Setting it to the default ID: om1
2023-05-03 09:46:28,032 [Listener at 0.0.0.0/45711] WARN  server.ServerUtils (ServerUtils.java:getDBPath(225)) - ozone.om.db.dirs is not configured. We recommend adding this setting. Falling back to ozone.metadata.dirs instead.
2023-05-03 09:46:28,034 [Listener at 0.0.0.0/45711] INFO  upgrade.AbstractLayoutVersionManager (AbstractLayoutVersionManager.java:init(83)) - Initializing Layout version manager with metadata layout = HSYNC (version = 4), software layout = HSYNC (version = 4)
2023-05-03 09:46:28,114 [Listener at 0.0.0.0/45711] INFO  reflections.Reflections (Reflections.java:scan(232)) - Reflections took 79 ms to scan 2 urls, producing 172 keys and 478 values [using 2 cores]
2023-05-03 09:46:28,114 [Listener at 0.0.0.0/45711] INFO  upgrade.OMLayoutVersionManager (OMLayoutVersionManager.java:lambda$0(115)) - Skipping Upgrade Action MockOmUpgradeAction since it has been finalized.
2023-05-03 09:46:28,114 [Listener at 0.0.0.0/45711] WARN  server.ServerUtils (ServerUtils.java:getDBPath(225)) - ozone.om.db.dirs is not configured. We recommend adding this setting. Falling back to ozone.metadata.dirs instead.
2023-05-03 09:46:28,115 [Listener at 0.0.0.0/45711] INFO  proxy.SCMBlockLocationFailoverProxyProvider (SCMBlockLocationFailoverProxyProvider.java:<init>(114)) - Created block location fail-over proxy with 1 nodes: [nodeId=scmNodeId,nodeAddress=/0.0.0.0:43999]
2023-05-03 09:46:28,116 [Listener at 0.0.0.0/45711] INFO  proxy.SCMBlockLocationFailoverProxyProvider (SCMBlockLocationFailoverProxyProvider.java:<init>(114)) - Created block location fail-over proxy with 1 nodes: [nodeId=scmNodeId,nodeAddress=/0.0.0.0:43999]
2023-05-03 09:46:28,126 [Listener at 0.0.0.0/45711] INFO  om.OzoneManager (OzoneManager.java:<init>(634)) - OM start with adminUsers: [runner]
2023-05-03 09:46:28,129 [Listener at 0.0.0.0/45711] WARN  server.ServerUtils (ServerUtils.java:getDBPath(225)) - ozone.om.db.dirs is not configured. We recommend adding this setting. Falling back to ozone.metadata.dirs instead.
2023-05-03 09:46:28,129 [Listener at 0.0.0.0/45711] INFO  codec.OmKeyInfoCodec (OmKeyInfoCodec.java:<init>(49)) - OmKeyInfoCodec ignorePipeline = true
2023-05-03 09:46:28,129 [Listener at 0.0.0.0/45711] INFO  codec.RepeatedOmKeyInfoCodec (RepeatedOmKeyInfoCodec.java:<init>(41)) - RepeatedOmKeyInfoCodec ignorePipeline = true
2023-05-03 09:46:28,295 [Listener at 0.0.0.0/45711] INFO  om.OzoneManager (OzoneManager.java:instantiateServices(764)) - S3 Multi-Tenancy is disabled
2023-05-03 09:46:28,297 [Listener at 0.0.0.0/45711] WARN  server.ServerUtils (ServerUtils.java:getDBPath(225)) - ozone.om.snapshot.diff.db.dir is not configured. We recommend adding this setting. Falling back to ozone.metadata.dirs instead.
2023-05-03 09:46:28,320 [Listener at 0.0.0.0/45711] INFO  om.OzoneManager (OzoneManager.java:addS3GVolumeToDB(4263)) - Created Volume s3v With Owner runner required for S3Gateway operations.
2023-05-03 09:46:28,320 [Listener at 0.0.0.0/45711] WARN  server.ServerUtils (ServerUtils.java:getDefaultRatisDirectory(237)) - Storage directory for Ratis is not configured. It is a good idea to map this to an SSD disk. Falling back to ozone.metadata.dirs
2023-05-03 09:46:28,320 [Listener at 0.0.0.0/45711] WARN  utils.OzoneManagerRatisUtils (OzoneManagerRatisUtils.java:getOMRatisSnapshotDirectory(459)) - ozone.om.ratis.snapshot.dir is not configured. Falling back to ozone.metadata.dirs config
2023-05-03 09:46:28,320 [Listener at 0.0.0.0/45711] WARN  server.ServerUtils (ServerUtils.java:getDefaultRatisDirectory(237)) - Storage directory for Ratis is not configured. It is a good idea to map this to an SSD disk. Falling back to ozone.metadata.dirs
2023-05-03 09:46:28,322 [Listener at 0.0.0.0/45711] INFO  ratis.OzoneManagerRatisServer (OzoneManagerRatisServer.java:<init>(163)) - Instantiating OM Ratis server with groupID: omServiceIdDefault and peers: localhost:9872
2023-05-03 09:46:28,323 [Listener at 0.0.0.0/45711] INFO  ratis.OzoneManagerStateMachine (OzoneManagerStateMachine.java:loadSnapshotInfoFromDB(670)) - LastAppliedIndex is set from TransactionInfo from OM DB as (t:0, i:~)
2023-05-03 09:46:28,323 [Listener at 0.0.0.0/45711] INFO  server.RaftServer (ConfUtils.java:logGet(46)) - raft.rpc.type = GRPC (default)
2023-05-03 09:46:28,323 [Listener at 0.0.0.0/45711] INFO  grpc.GrpcConfigKeys (ConfUtils.java:logFallback(53)) - raft.grpc.admin.host = null (fallback to raft.grpc.server.host)
2023-05-03 09:46:28,323 [Listener at 0.0.0.0/45711] INFO  grpc.GrpcConfigKeys (ConfUtils.java:logFallback(53)) - raft.grpc.admin.port = 9872 (fallback to raft.grpc.server.port)
2023-05-03 09:46:28,323 [Listener at 0.0.0.0/45711] INFO  grpc.GrpcConfigKeys (ConfUtils.java:logFallback(53)) - raft.grpc.client.host = null (fallback to raft.grpc.server.host)
2023-05-03 09:46:28,324 [Listener at 0.0.0.0/45711] INFO  grpc.GrpcConfigKeys (ConfUtils.java:logFallback(53)) - raft.grpc.client.port = 9872 (fallback to raft.grpc.server.port)
2023-05-03 09:46:28,324 [Listener at 0.0.0.0/45711] INFO  grpc.GrpcConfigKeys (ConfUtils.java:logGet(46)) - raft.grpc.server.host = null (default)
2023-05-03 09:46:28,324 [Listener at 0.0.0.0/45711] INFO  grpc.GrpcConfigKeys (ConfUtils.java:logGet(46)) - raft.grpc.server.port = 9872 (custom)
2023-05-03 09:46:28,324 [Listener at 0.0.0.0/45711] INFO  server.GrpcService (ConfUtils.java:logGet(46)) - raft.grpc.message.size.max = 33554432 (custom)
2023-05-03 09:46:28,324 [Listener at 0.0.0.0/45711] INFO  server.RaftServerConfigKeys (ConfUtils.java:logGet(46)) - raft.server.log.appender.buffer.byte-limit = 33554432 (custom)
2023-05-03 09:46:28,324 [Listener at 0.0.0.0/45711] INFO  server.GrpcService (ConfUtils.java:logGet(46)) - raft.grpc.flow.control.window = 1MB (=1048576) (default)
2023-05-03 09:46:28,324 [Listener at 0.0.0.0/45711] INFO  server.RaftServerConfigKeys (ConfUtils.java:logGet(46)) - raft.server.rpc.request.timeout = 3000ms (default)
2023-05-03 09:46:28,324 [Listener at 0.0.0.0/45711] INFO  grpc.GrpcConfigKeys (ConfUtils.java:logGet(46)) - raft.grpc.server.heartbeat.channel = true (default)
2023-05-03 09:46:28,324 [Listener at 0.0.0.0/45711] INFO  grpc.GrpcConfigKeys (ConfUtils.java:logGet(46)) - raft.grpc.server.async.request.thread.pool.cached = true (default)
2023-05-03 09:46:28,324 [Listener at 0.0.0.0/45711] INFO  grpc.GrpcConfigKeys (ConfUtils.java:logGet(46)) - raft.grpc.server.async.request.thread.pool.size = 32 (default)
2023-05-03 09:46:28,326 [Listener at 0.0.0.0/45711] INFO  impl.DataStreamServerImpl (ConfUtils.java:logGet(46)) - raft.datastream.type = DISABLED (default)
2023-05-03 09:46:28,326 [Listener at 0.0.0.0/45711] INFO  server.RaftServerConfigKeys (ConfUtils.java:logGet(46)) - raft.server.threadpool.proxy.cached = true (default)
2023-05-03 09:46:28,326 [Listener at 0.0.0.0/45711] INFO  server.RaftServerConfigKeys (ConfUtils.java:logGet(46)) - raft.server.threadpool.proxy.size = 0 (default)
2023-05-03 09:46:28,326 [Listener at 0.0.0.0/45711] INFO  server.RaftServerConfigKeys (ConfUtils.java:logGet(46)) - raft.server.rpc.slowness.timeout = 120s (custom)
2023-05-03 09:46:28,326 [Listener at 0.0.0.0/45711] INFO  server.RaftServerConfigKeys (ConfUtils.java:logGet(46)) - raft.server.leaderelection.leader.step-down.wait-time = 10s (default)
2023-05-03 09:46:28,326 [Listener at 0.0.0.0/45711] INFO  server.RaftServerConfigKeys (ConfUtils.java:logGet(46)) - raft.server.storage.dir = [/home/runner/work/ozone/ozone/hadoop-ozone/integration-test/target/test-dir/MiniOzoneClusterImpl-a0e32f1b-c57c-46aa-bf19-5d8e384e89ec/ozone-meta/ratis] (custom)
2023-05-03 09:46:28,327 [Listener at 0.0.0.0/45711] INFO  server.RaftServer (RaftServerProxy.java:addNew(96)) - om1: addNew group-C5BA1605619E:[om1|rpc:localhost:9872|priority:0|startupRole:FOLLOWER] returns group-C5BA1605619E:java.util.concurrent.CompletableFuture@504bab2c[Not completed]
2023-05-03 09:46:28,327 [pool-219-thread-1] INFO  server.RaftServer$Division (RaftServerImpl.java:<init>(195)) - om1: new RaftServerImpl for group-C5BA1605619E:[om1|rpc:localhost:9872|priority:0|startupRole:FOLLOWER] with OzoneManagerStateMachine:uninitialized
2023-05-03 09:46:28,327 [pool-219-thread-1] INFO  server.RaftServerConfigKeys (ConfUtils.java:logGet(46)) - raft.server.rpc.timeout.min = 1s (custom)
2023-05-03 09:46:28,327 [pool-219-thread-1] INFO  server.RaftServerConfigKeys (ConfUtils.java:logGet(46)) - raft.server.rpc.timeout.max = 1200ms (custom)
2023-05-03 09:46:28,327 [pool-219-thread-1] INFO  server.RaftServerConfigKeys (ConfUtils.java:logGet(46)) - raft.server.rpc.sleep.time = 25ms (default)
2023-05-03 09:46:28,328 [pool-219-thread-1] INFO  server.RaftServerConfigKeys (ConfUtils.java:logGet(46)) - raft.server.rpc.slowness.timeout = 120s (custom)
2023-05-03 09:46:28,328 [pool-219-thread-1] INFO  server.RaftServerConfigKeys (ConfUtils.java:logGet(46)) - raft.server.leaderelection.leader.step-down.wait-time = 10s (default)
2023-05-03 09:46:28,328 [pool-219-thread-1] INFO  server.RaftServerConfigKeys (ConfUtils.java:logGet(46)) - raft.server.sleep.deviation.threshold = 300ms (default)
2023-05-03 09:46:28,328 [pool-219-thread-1] INFO  server.RaftServer$Division (ServerState.java:<init>(118)) - om1@group-C5BA1605619E: ConfigurationManager, init=-1: peers:[om1|rpc:localhost:9872|priority:0|startupRole:FOLLOWER]|listeners:[], old=null, confs=<EMPTY_MAP>
2023-05-03 09:46:28,328 [pool-219-thread-1] INFO  server.RaftServerConfigKeys (ConfUtils.java:logGet(46)) - raft.server.storage.dir = [/home/runner/work/ozone/ozone/hadoop-ozone/integration-test/target/test-dir/MiniOzoneClusterImpl-a0e32f1b-c57c-46aa-bf19-5d8e384e89ec/ozone-meta/ratis] (custom)
2023-05-03 09:46:28,328 [pool-219-thread-1] INFO  server.RaftServerConfigKeys (ConfUtils.java:logGet(46)) - raft.server.log.corruption.policy = EXCEPTION (default)
2023-05-03 09:46:28,328 [pool-219-thread-1] INFO  server.RaftServerConfigKeys (ConfUtils.java:logGet(46)) - raft.server.storage.free-space.min = 0MB (=0) (default)
2023-05-03 09:46:28,328 [pool-219-thread-1] INFO  server.RaftServerConfigKeys (ConfUtils.java:logGet(46)) - raft.server.notification.no-leader.timeout = 120s (custom)
2023-05-03 09:46:28,328 [pool-219-thread-1] INFO  server.RaftServerConfigKeys (ConfUtils.java:logGet(46)) - raft.server.retrycache.expirytime = 300s (custom)
2023-05-03 09:46:28,328 [pool-219-thread-1] INFO  server.RaftServerConfigKeys (ConfUtils.java:logGet(46)) - raft.server.retrycache.statistics.expirytime = 100μs (default)
2023-05-03 09:46:28,329 [pool-219-thread-1] INFO  server.RaftServerConfigKeys (ConfUtils.java:logGet(46)) - raft.server.log.appender.install.snapshot.enabled = false (custom)
2023-05-03 09:46:28,329 [Listener at 0.0.0.0/45711] INFO  om.OzoneManager (OzoneManager.java:initializeRatisServer(2106)) - OzoneManager Ratis server initialized at port 9872
2023-05-03 09:46:28,329 [pool-219-thread-1] INFO  server.RaftServerConfigKeys (ConfUtils.java:logGet(46)) - raft.server.threadpool.server.cached = true (default)
2023-05-03 09:46:28,329 [Listener at 0.0.0.0/45711] INFO  om.OzoneManager (OzoneManager.java:getRpcServer(1153)) - Creating RPC Server
2023-05-03 09:46:28,329 [pool-219-thread-1] INFO  server.RaftServerConfigKeys (ConfUtils.java:logGet(46)) - raft.server.threadpool.server.size = 0 (default)
2023-05-03 09:46:28,329 [pool-219-thread-1] INFO  server.RaftServerConfigKeys (ConfUtils.java:logGet(46)) - raft.server.threadpool.client.cached = true (default)
2023-05-03 09:46:28,329 [pool-219-thread-1] INFO  server.RaftServerConfigKeys (ConfUtils.java:logGet(46)) - raft.server.threadpool.client.size = 0 (default)
2023-05-03 09:46:28,737 [Listener at 0.0.0.0/45711] INFO  reflections.Reflections (Reflections.java:scan(232)) - Reflections took 406 ms to scan 19 urls, producing 68 keys and 5124 values [using 2 cores]
2023-05-03 09:46:28,739 [Listener at 0.0.0.0/45711] INFO  ipc.CallQueueManager (CallQueueManager.java:<init>(90)) - Using callQueue: class java.util.concurrent.LinkedBlockingQueue, queueCapacity: 2000, scheduler: class org.apache.hadoop.ipc.DefaultRpcScheduler, ipcBackoff: false.
2023-05-03 09:46:28,739 [Socket Reader #1 for port 0] INFO  ipc.Server (Server.java:run(1319)) - Starting Socket Reader #1 for port 0
2023-05-03 09:46:28,762 [Listener at 127.0.0.1/46113] INFO  impl.MetricsSystemImpl (MetricsSystemImpl.java:init(158)) - OzoneManager metrics system started (again)
2023-05-03 09:46:28,772 [Listener at 127.0.0.1/46113] INFO  om.OzoneManager (OzoneManager.java:start(1574)) - OzoneManager RPC server is listening at localhost/127.0.0.1:46113
2023-05-03 09:46:28,772 [Listener at 127.0.0.1/46113] INFO  ratis.OzoneManagerRatisServer (OzoneManagerRatisServer.java:start(558)) - Starting OzoneManagerRatisServer om1 at port 9872
2023-05-03 09:46:28,773 [om1-impl-thread1] INFO  storage.RaftStorageDirectory (RaftStorageDirectoryImpl.java:analyzeStorage(137)) - The storage directory /home/runner/work/ozone/ozone/hadoop-ozone/integration-test/target/test-dir/MiniOzoneClusterImpl-a0e32f1b-c57c-46aa-bf19-5d8e384e89ec/ozone-meta/ratis/bf265839-605b-3f16-9796-c5ba1605619e does not exist. Creating ...
2023-05-03 09:46:28,774 [om1-impl-thread1] INFO  storage.RaftStorageDirectory (RaftStorageDirectoryImpl.java:tryLock(231)) - Lock on /home/runner/work/ozone/ozone/hadoop-ozone/integration-test/target/test-dir/MiniOzoneClusterImpl-a0e32f1b-c57c-46aa-bf19-5d8e384e89ec/ozone-meta/ratis/bf265839-605b-3f16-9796-c5ba1605619e/in_use.lock acquired by nodename 7780@fv-az139-793
2023-05-03 09:46:28,775 [om1-impl-thread1] INFO  storage.RaftStorage (RaftStorageImpl.java:format(96)) - Storage directory /home/runner/work/ozone/ozone/hadoop-ozone/integration-test/target/test-dir/MiniOzoneClusterImpl-a0e32f1b-c57c-46aa-bf19-5d8e384e89ec/ozone-meta/ratis/bf265839-605b-3f16-9796-c5ba1605619e has been successfully formatted.
2023-05-03 09:46:28,775 [om1-impl-thread1] INFO  server.RaftServerConfigKeys (ConfUtils.java:logGet(46)) - raft.server.log.use.memory = false (default)
2023-05-03 09:46:28,775 [om1-impl-thread1] INFO  server.RaftServerConfigKeys (ConfUtils.java:logGet(46)) - raft.server.log.purge.gap = 1000000 (custom)
2023-05-03 09:46:28,775 [om1-impl-thread1] INFO  server.RaftServerConfigKeys (ConfUtils.java:logGet(46)) - raft.server.log.appender.buffer.byte-limit = 33554432 (custom)
2023-05-03 09:46:28,775 [om1-impl-thread1] INFO  server.RaftServerConfigKeys (ConfUtils.java:logGet(46)) - raft.server.log.statemachine.data.read.timeout = 1000ms (default)
2023-05-03 09:46:28,775 [om1-impl-thread1] INFO  server.RaftServerConfigKeys (ConfUtils.java:logGet(46)) - raft.server.log.purge.preservation.log.num = 0 (default)
2023-05-03 09:46:28,775 [om1-impl-thread1] INFO  server.RaftServerConfigKeys (ConfUtils.java:logGet(46)) - raft.server.log.segment.size.max = 4194304 (custom)
2023-05-03 09:46:28,776 [om1-impl-thread1] INFO  server.RaftServerConfigKeys (ConfUtils.java:logGet(46)) - raft.server.log.segment.cache.num.max = 2 (custom)
2023-05-03 09:46:28,776 [om1-impl-thread1] INFO  server.RaftServerConfigKeys (ConfUtils.java:logGet(46)) - raft.server.log.segment.cache.size.max = 200MB (=209715200) (default)
2023-05-03 09:46:28,776 [om1-impl-thread1] INFO  segmented.SegmentedRaftLogWorker (SegmentedRaftLogWorker.java:<init>(189)) - new om1@group-C5BA1605619E-SegmentedRaftLogWorker for RaftStorageImpl:Storage Directory /home/runner/work/ozone/ozone/hadoop-ozone/integration-test/target/test-dir/MiniOzoneClusterImpl-a0e32f1b-c57c-46aa-bf19-5d8e384e89ec/ozone-meta/ratis/bf265839-605b-3f16-9796-c5ba1605619e
2023-05-03 09:46:28,776 [om1-impl-thread1] INFO  server.RaftServerConfigKeys (ConfUtils.java:logGet(46)) - raft.server.log.queue.byte-limit = 64MB (=67108864) (default)
2023-05-03 09:46:28,776 [om1-impl-thread1] INFO  server.RaftServerConfigKeys (ConfUtils.java:logGet(46)) - raft.server.log.queue.element-limit = 4096 (default)
2023-05-03 09:46:28,776 [om1-impl-thread1] INFO  server.RaftServerConfigKeys (ConfUtils.java:logGet(46)) - raft.server.log.segment.size.max = 4194304 (custom)
2023-05-03 09:46:28,776 [om1-impl-thread1] INFO  server.RaftServerConfigKeys (ConfUtils.java:logGet(46)) - raft.server.log.preallocated.size = 4194304 (custom)
2023-05-03 09:46:28,776 [om1-impl-thread1] INFO  server.RaftServerConfigKeys (ConfUtils.java:logGet(46)) - raft.server.log.force.sync.num = 128 (default)
2023-05-03 09:46:28,776 [om1-impl-thread1] INFO  server.RaftServerConfigKeys (ConfUtils.java:logGet(46)) - raft.server.log.statemachine.data.sync = true (default)
2023-05-03 09:46:28,776 [om1-impl-thread1] INFO  server.RaftServerConfigKeys (ConfUtils.java:logGet(46)) - raft.server.log.statemachine.data.sync.timeout = 10s (default)
2023-05-03 09:46:28,776 [om1-impl-thread1] INFO  server.RaftServerConfigKeys (ConfUtils.java:logGet(46)) - raft.server.log.statemachine.data.sync.timeout.retry = -1 (default)
2023-05-03 09:46:28,776 [om1-impl-thread1] INFO  server.RaftServerConfigKeys (ConfUtils.java:logGet(46)) - raft.server.log.write.buffer.size = 64KB (=65536) (default)
2023-05-03 09:46:28,776 [om1-impl-thread1] INFO  server.RaftServerConfigKeys (ConfUtils.java:logGet(46)) - raft.server.log.appender.buffer.byte-limit = 33554432 (custom)
2023-05-03 09:46:28,779 [om1-impl-thread1] INFO  server.RaftServerConfigKeys (ConfUtils.java:logGet(46)) - raft.server.log.unsafe-flush.enabled = false (default)
2023-05-03 09:46:28,779 [om1-impl-thread1] INFO  server.RaftServerConfigKeys (ConfUtils.java:logGet(46)) - raft.server.log.async-flush.enabled = false (default)
2023-05-03 09:46:28,779 [om1-impl-thread1] INFO  server.RaftServerConfigKeys (ConfUtils.java:logGet(46)) - raft.server.log.statemachine.data.caching.enabled = false (default)
2023-05-03 09:46:28,779 [om1-impl-thread1] INFO  segmented.SegmentedRaftLogWorker (SegmentedRaftLogWorker.java:lambda$new$0(135)) - om1@group-C5BA1605619E-SegmentedRaftLogWorker: flushIndex: setUnconditionally 0 -> -1
2023-05-03 09:46:28,780 [om1-impl-thread1] INFO  segmented.SegmentedRaftLogWorker (SegmentedRaftLogWorker.java:lambda$new$0(135)) - om1@group-C5BA1605619E-SegmentedRaftLogWorker: safeCacheEvictIndex: setUnconditionally 0 -> -1
2023-05-03 09:46:28,780 [om1-impl-thread1] INFO  server.RaftServer$Division (RaftServerImpl.java:start(334)) - om1@group-C5BA1605619E: start as a follower, conf=-1: peers:[om1|rpc:localhost:9872|priority:0|startupRole:FOLLOWER]|listeners:[], old=null
2023-05-03 09:46:28,780 [om1-impl-thread1] INFO  server.RaftServer$Division (RaftServerImpl.java:setRole(321)) - om1@group-C5BA1605619E: changes role from      null to FOLLOWER at term 0 for startAsFollower
2023-05-03 09:46:28,780 [om1-impl-thread1] INFO  impl.RoleInfo (RoleInfo.java:updateAndGet(139)) - om1: start om1@group-C5BA1605619E-FollowerState
2023-05-03 09:46:28,780 [om1-impl-thread1] INFO  util.JmxRegister (JmxRegister.java:tryRegister(44)) - Successfully registered JMX Bean with object name Ratis:service=RaftServer,group=group-C5BA1605619E,id=om1
2023-05-03 09:46:28,780 [om1-impl-thread1] INFO  server.RaftServerConfigKeys (ConfUtils.java:logGet(46)) - raft.server.snapshot.auto.trigger.enabled = true (custom)
2023-05-03 09:46:28,780 [om1-impl-thread1] INFO  server.RaftServerConfigKeys (ConfUtils.java:logGet(46)) - raft.server.snapshot.auto.trigger.threshold = 400000 (default)
2023-05-03 09:46:28,780 [om1-impl-thread1] INFO  server.RaftServerConfigKeys (ConfUtils.java:logGet(46)) - raft.server.snapshot.retention.file.num = -1 (default)
2023-05-03 09:46:28,781 [om1-impl-thread1] INFO  server.RaftServerConfigKeys (ConfUtils.java:logGet(46)) - raft.server.log.purge.upto.snapshot.index = true (custom)
2023-05-03 09:46:28,782 [om1@group-C5BA1605619E-FollowerState] INFO  server.RaftServerConfigKeys (ConfUtils.java:logFallback(53)) - raft.server.rpc.first-election.timeout.min = 1s (fallback to raft.server.rpc.timeout.min)
2023-05-03 09:46:28,782 [om1@group-C5BA1605619E-FollowerState] INFO  server.RaftServerConfigKeys (ConfUtils.java:logFallback(53)) - raft.server.rpc.first-election.timeout.max = 1200ms (fallback to raft.server.rpc.timeout.max)
2023-05-03 09:46:28,782 [Listener at 127.0.0.1/46113] INFO  server.RaftServer (RaftServerProxy.java:startImpl(393)) - om1: start RPC server
2023-05-03 09:46:28,786 [Listener at 127.0.0.1/46113] INFO  server.GrpcService (GrpcService.java:startImpl(262)) - om1: GrpcService started, listening on 9872
2023-05-03 09:46:28,790 [Listener at 127.0.0.1/46113] INFO  om.OzoneManager (OzoneManager.java:start(1590)) - Version File has different layout version (4) than OM DB (null). That is expected if this OM has never been finalized to a newer layout version.
2023-05-03 09:46:28,790 [JvmPauseMonitor4] INFO  util.JvmPauseMonitor (JvmPauseMonitor.java:run(105)) - JvmPauseMonitor-om1: Started
2023-05-03 09:46:28,793 [Listener at 127.0.0.1/46113] INFO  http.BaseHttpServer (BaseHttpServer.java:newHttpServer2BuilderForOzone(224)) - Starting Web-server for ozoneManager at: http://0.0.0.0:0
2023-05-03 09:46:28,793 [Listener at 127.0.0.1/46113] INFO  http.BaseHttpServer (BaseHttpServer.java:<init>(111)) - Hadoop Security Enabled: false Ozone Security Enabled: false Ozone HTTP Security Enabled: false 
2023-05-03 09:46:28,795 [Listener at 127.0.0.1/46113] WARN  server.AuthenticationFilter (AuthenticationFilter.java:constructSecretProvider(240)) - Unable to initialize FileSignerSecretProvider, falling back to use random secrets. Reason: Could not read signature secret file: /home/runner/hadoop-http-auth-signature-secret
2023-05-03 09:46:28,796 [Listener at 127.0.0.1/46113] INFO  http.HttpRequestLog (HttpRequestLog.java:getRequestLog(86)) - Http request log for http.requests.ozoneManager is not defined
2023-05-03 09:46:28,800 [Listener at 127.0.0.1/46113] INFO  http.HttpServer2 (HttpServer2.java:addGlobalFilter(1031)) - Added global filter 'safety' (class=org.apache.hadoop.hdds.server.http.HttpServer2$QuotingInputFilter)
2023-05-03 09:46:28,802 [Listener at 127.0.0.1/46113] INFO  http.HttpServer2 (HttpServer2.java:addFilter(1007)) - Added filter static_user_filter (class=org.apache.hadoop.http.lib.StaticUserWebFilter$StaticUserFilter) to context ozoneManager
2023-05-03 09:46:28,802 [Listener at 127.0.0.1/46113] INFO  http.HttpServer2 (HttpServer2.java:addFilter(1015)) - Added filter static_user_filter (class=org.apache.hadoop.http.lib.StaticUserWebFilter$StaticUserFilter) to context static
2023-05-03 09:46:28,804 [Listener at 127.0.0.1/46113] INFO  http.HttpServer2 (HttpServer2.java:addFilter(1015)) - Added filter static_user_filter (class=org.apache.hadoop.http.lib.StaticUserWebFilter$StaticUserFilter) to context logs
2023-05-03 09:46:28,804 [Listener at 127.0.0.1/46113] INFO  http.BaseHttpServer (BaseHttpServer.java:<init>(190)) - HTTP server of ozoneManager uses base directory /home/runner/work/ozone/ozone/hadoop-ozone/integration-test/target/test-dir/MiniOzoneClusterImpl-a0e32f1b-c57c-46aa-bf19-5d8e384e89ec/ozone-meta/webserver
2023-05-03 09:46:28,804 [Listener at 127.0.0.1/46113] INFO  http.HttpServer2 (HttpServer2.java:bindListener(1250)) - Jetty bound to port 45639
2023-05-03 09:46:28,805 [Listener at 127.0.0.1/46113] INFO  server.Server (Server.java:doStart(375)) - jetty-9.4.51.v20230217; built: 2023-02-17T08:19:37.309Z; git: b45c405e4544384de066f814ed42ae3dceacdd49; jvm 1.8.0_362-b09
2023-05-03 09:46:28,807 [Listener at 127.0.0.1/46113] INFO  server.session (DefaultSessionIdManager.java:doStart(334)) - DefaultSessionIdManager workerName=node0
2023-05-03 09:46:28,807 [Listener at 127.0.0.1/46113] INFO  server.session (DefaultSessionIdManager.java:doStart(339)) - No SessionScavenger set, using defaults
2023-05-03 09:46:28,807 [Listener at 127.0.0.1/46113] INFO  server.session (HouseKeeper.java:startScavenging(132)) - node0 Scavenging every 600000ms
2023-05-03 09:46:28,808 [Listener at 127.0.0.1/46113] INFO  handler.ContextHandler (ContextHandler.java:doStart(921)) - Started o.e.j.s.ServletContextHandler@6dcd81a0{logs,/logs,file:///home/runner/work/ozone/ozone/hadoop-ozone/integration-test/target/log,AVAILABLE}
2023-05-03 09:46:28,808 [Listener at 127.0.0.1/46113] INFO  handler.ContextHandler (ContextHandler.java:doStart(921)) - Started o.e.j.s.ServletContextHandler@19eb656a{static,/static,file:///home/runner/work/ozone/ozone/hadoop-ozone/integration-test/target/test-classes/webapps/static,AVAILABLE}
2023-05-03 09:46:28,814 [Listener at 127.0.0.1/46113] INFO  handler.ContextHandler (ContextHandler.java:doStart(921)) - Started o.e.j.w.WebAppContext@20c104eb{ozoneManager,/,file:///home/runner/work/ozone/ozone/hadoop-ozone/integration-test/target/test-classes/webapps/ozoneManager/,AVAILABLE}{file:/home/runner/work/ozone/ozone/hadoop-ozone/integration-test/target/test-classes/webapps/ozoneManager}
2023-05-03 09:46:28,815 [Listener at 127.0.0.1/46113] INFO  server.AbstractConnector (AbstractConnector.java:doStart(333)) - Started ServerConnector@bd2dbd6{HTTP/1.1, (http/1.1)}{0.0.0.0:45639}
2023-05-03 09:46:28,816 [Listener at 127.0.0.1/46113] INFO  server.Server (Server.java:doStart(415)) - Started @31941ms
2023-05-03 09:46:28,816 [Listener at 127.0.0.1/46113] WARN  impl.MetricsSystemImpl (MetricsSystemImpl.java:register(279)) - Sink prometheus already exists!
2023-05-03 09:46:28,816 [Listener at 127.0.0.1/46113] INFO  http.BaseHttpServer (BaseHttpServer.java:updateConnectorAddress(344)) - HTTP server of ozoneManager listening at http://0.0.0.0:45639
2023-05-03 09:46:28,818 [IPC Server Responder] INFO  ipc.Server (Server.java:run(1558)) - IPC Server Responder: starting
2023-05-03 09:46:28,818 [IPC Server listener on 0] INFO  ipc.Server (Server.java:run(1398)) - IPC Server listener on 0: starting
2023-05-03 09:46:28,821 [Listener at 127.0.0.1/46113] INFO  om.OzoneManager (OzoneManager.java:startTrashEmptier(2050)) - Trash Interval set to 0. Files deleted won't move to trash
2023-05-03 09:46:28,824 [Listener at 127.0.0.1/46113] WARN  impl.MetricRegistriesImpl (MetricRegistriesImpl.java:addReporterRegistration(111)) - New reporters are added after registries were created. Some metrics will be missing from the reporter. Please add reporter before adding any new registry.
2023-05-03 09:46:28,824 [Listener at 127.0.0.1/46113] WARN  impl.MetricRegistriesImpl (MetricRegistriesImpl.java:addReporterRegistration(111)) - New reporters are added after registries were created. Some metrics will be missing from the reporter. Please add reporter before adding any new registry.
2023-05-03 09:46:28,824 [Listener at 127.0.0.1/46113] INFO  impl.MetricsSystemImpl (MetricsSystemImpl.java:init(158)) - HddsDatanode metrics system started (again)
2023-05-03 09:46:28,833 [org.apache.hadoop.util.JvmPauseMonitor$Monitor@32fadbf8] INFO  util.JvmPauseMonitor (JvmPauseMonitor.java:run(188)) - Starting JVM pause monitor
2023-05-03 09:46:28,842 [Listener at 127.0.0.1/46113] INFO  ozone.HddsDatanodeService (HddsDatanodeService.java:start(252)) - HddsDatanodeService host:fv-az139-793.t0dryja4c43urhy2nvp0adewnd.cx.internal.cloudapp.net ip:10.1.0.194
2023-05-03 09:46:28,867 [Listener at 127.0.0.1/46113] INFO  upgrade.AbstractLayoutVersionManager (AbstractLayoutVersionManager.java:init(83)) - Initializing Layout version manager with metadata layout = WEBUI_PORTS_IN_DATANODEDETAILS (version = 6), software layout = WEBUI_PORTS_IN_DATANODEDETAILS (version = 6)
2023-05-03 09:46:28,913 [Listener at 127.0.0.1/46113] INFO  reflections.Reflections (Reflections.java:scan(232)) - Reflections took 45 ms to scan 7 urls, producing 156 keys and 369 values 
2023-05-03 09:46:28,915 [Listener at 127.0.0.1/46113] INFO  statemachine.DatanodeStateMachine (DatanodeStateMachine.java:getEndPointTaskThreadPoolSize(262)) - Datanode State Machine Task Thread Pool size 2
2023-05-03 09:46:28,916 [Listener at 127.0.0.1/46113] INFO  volume.HddsVolume (HddsVolume.java:<init>(130)) - Creating HddsVolume: /home/runner/work/ozone/ozone/hadoop-ozone/integration-test/target/test-dir/MiniOzoneClusterImpl-a0e32f1b-c57c-46aa-bf19-5d8e384e89ec/datanode-0/data-0/containers/hdds of storage type : DISK capacity : 9223372036854775807
2023-05-03 09:46:28,917 [Listener at 127.0.0.1/46113] INFO  volume.MutableVolumeSet (MutableVolumeSet.java:initializeVolumeSet(175)) - Added Volume : /home/runner/work/ozone/ozone/hadoop-ozone/integration-test/target/test-dir/MiniOzoneClusterImpl-a0e32f1b-c57c-46aa-bf19-5d8e384e89ec/datanode-0/data-0/containers/hdds to VolumeSet
2023-05-03 09:46:28,917 [Listener at 127.0.0.1/46113] INFO  volume.ThrottledAsyncChecker (ThrottledAsyncChecker.java:schedule(141)) - Scheduling a check for /home/runner/work/ozone/ozone/hadoop-ozone/integration-test/target/test-dir/MiniOzoneClusterImpl-a0e32f1b-c57c-46aa-bf19-5d8e384e89ec/datanode-0/data-0/containers/hdds
2023-05-03 09:46:28,918 [Listener at 127.0.0.1/46113] INFO  volume.StorageVolumeChecker (StorageVolumeChecker.java:checkAllVolumes(202)) - Scheduled health check for volume /home/runner/work/ozone/ozone/hadoop-ozone/integration-test/target/test-dir/MiniOzoneClusterImpl-a0e32f1b-c57c-46aa-bf19-5d8e384e89ec/datanode-0/data-0/containers/hdds
2023-05-03 09:46:28,929 [Listener at 127.0.0.1/46113] INFO  volume.MutableVolumeSet (MutableVolumeSet.java:initializeVolumeSet(175)) - Added Volume : /home/runner/work/ozone/ozone/hadoop-ozone/integration-test/target/test-dir/MiniOzoneClusterImpl-a0e32f1b-c57c-46aa-bf19-5d8e384e89ec/datanode-0/data/ratis to VolumeSet
2023-05-03 09:46:28,929 [Listener at 127.0.0.1/46113] INFO  volume.ThrottledAsyncChecker (ThrottledAsyncChecker.java:schedule(141)) - Scheduling a check for /home/runner/work/ozone/ozone/hadoop-ozone/integration-test/target/test-dir/MiniOzoneClusterImpl-a0e32f1b-c57c-46aa-bf19-5d8e384e89ec/datanode-0/data/ratis
2023-05-03 09:46:28,929 [Listener at 127.0.0.1/46113] INFO  volume.StorageVolumeChecker (StorageVolumeChecker.java:checkAllVolumes(202)) - Scheduled health check for volume /home/runner/work/ozone/ozone/hadoop-ozone/integration-test/target/test-dir/MiniOzoneClusterImpl-a0e32f1b-c57c-46aa-bf19-5d8e384e89ec/datanode-0/data/ratis
2023-05-03 09:46:28,940 [Thread-530] INFO  ozoneimpl.ContainerReader (ContainerReader.java:readVolume(175)) - Finish verifying containers on volume /home/runner/work/ozone/ozone/hadoop-ozone/integration-test/target/test-dir/MiniOzoneClusterImpl-a0e32f1b-c57c-46aa-bf19-5d8e384e89ec/datanode-0/data-0/containers/hdds
2023-05-03 09:46:28,940 [Listener at 127.0.0.1/46113] INFO  ozoneimpl.OzoneContainer (OzoneContainer.java:buildContainerSet(303)) - Build ContainerSet costs 0s
2023-05-03 09:46:28,942 [Listener at 127.0.0.1/46113] INFO  server.RaftServer (ConfUtils.java:logGet(46)) - raft.rpc.type = GRPC (default)
2023-05-03 09:46:28,943 [Listener at 127.0.0.1/46113] INFO  grpc.GrpcConfigKeys (ConfUtils.java:logFallback(53)) - raft.grpc.admin.host = null (fallback to raft.grpc.server.host)
2023-05-03 09:46:28,943 [Listener at 127.0.0.1/46113] INFO  grpc.GrpcConfigKeys (ConfUtils.java:logGet(46)) - raft.grpc.admin.port = 0 (custom)
2023-05-03 09:46:28,943 [Listener at 127.0.0.1/46113] INFO  grpc.GrpcConfigKeys (ConfUtils.java:logFallback(53)) - raft.grpc.client.host = null (fallback to raft.grpc.server.host)
2023-05-03 09:46:28,943 [Listener at 127.0.0.1/46113] INFO  grpc.GrpcConfigKeys (ConfUtils.java:logGet(46)) - raft.grpc.client.port = 0 (custom)
2023-05-03 09:46:28,943 [Listener at 127.0.0.1/46113] INFO  grpc.GrpcConfigKeys (ConfUtils.java:logGet(46)) - raft.grpc.server.host = null (default)
2023-05-03 09:46:28,943 [Listener at 127.0.0.1/46113] INFO  grpc.GrpcConfigKeys (ConfUtils.java:logGet(46)) - raft.grpc.server.port = 0 (default)
2023-05-03 09:46:28,943 [Listener at 127.0.0.1/46113] INFO  server.GrpcService (ConfUtils.java:logGet(46)) - raft.grpc.message.size.max = 32MB (=33554432) (custom)
2023-05-03 09:46:28,943 [Listener at 127.0.0.1/46113] INFO  server.RaftServerConfigKeys (ConfUtils.java:logGet(46)) - raft.server.log.appender.buffer.byte-limit = 33554432 (custom)
2023-05-03 09:46:28,943 [Listener at 127.0.0.1/46113] INFO  server.GrpcService (ConfUtils.java:logGet(46)) - raft.grpc.flow.control.window = 5MB (=5242880) (custom)
2023-05-03 09:46:28,943 [Listener at 127.0.0.1/46113] INFO  server.RaftServerConfigKeys (ConfUtils.java:logGet(46)) - raft.server.rpc.request.timeout = 60s (custom)
2023-05-03 09:46:28,943 [Listener at 127.0.0.1/46113] INFO  grpc.GrpcConfigKeys (ConfUtils.java:logGet(46)) - raft.grpc.server.heartbeat.channel = true (default)
2023-05-03 09:46:28,943 [Listener at 127.0.0.1/46113] INFO  grpc.GrpcConfigKeys (ConfUtils.java:logGet(46)) - raft.grpc.server.async.request.thread.pool.cached = true (default)
2023-05-03 09:46:28,943 [Listener at 127.0.0.1/46113] INFO  grpc.GrpcConfigKeys (ConfUtils.java:logGet(46)) - raft.grpc.server.async.request.thread.pool.size = 32 (default)
2023-05-03 09:46:28,944 [Listener at 127.0.0.1/46113] INFO  impl.DataStreamServerImpl (ConfUtils.java:logGet(46)) - raft.datastream.type = NETTY (custom)
2023-05-03 09:46:28,944 [Listener at 127.0.0.1/46113] INFO  server.RaftServerConfigKeys (ConfUtils.java:logGet(46)) - raft.server.data-stream.async.request.thread.pool.cached = false (default)
2023-05-03 09:46:28,944 [Listener at 127.0.0.1/46113] INFO  server.RaftServerConfigKeys (ConfUtils.java:logGet(46)) - raft.server.data-stream.async.request.thread.pool.size = 20 (custom)
2023-05-03 09:46:28,944 [Listener at 127.0.0.1/46113] INFO  server.RaftServerConfigKeys (ConfUtils.java:logGet(46)) - raft.server.data-stream.async.write.thread.pool.size = 16 (default)
2023-05-03 09:46:28,945 [Listener at 127.0.0.1/46113] INFO  server.RaftServerConfigKeys (ConfUtils.java:logGet(46)) - raft.server.data-stream.client.pool.size = 10 (default)
2023-05-03 09:46:28,945 [Listener at 127.0.0.1/46113] INFO  netty.NettyConfigKeys$DataStream (ConfUtils.java:logGet(46)) - raft.netty.dataStream.server.use-epoll = false (default)
2023-05-03 09:46:28,945 [Listener at 127.0.0.1/46113] INFO  netty.NettyConfigKeys$DataStream (ConfUtils.java:logGet(46)) - raft.netty.dataStream.server.boss-group.size = 0 (default)
2023-05-03 09:46:28,945 [Listener at 127.0.0.1/46113] INFO  netty.NettyConfigKeys$DataStream (ConfUtils.java:logGet(46)) - raft.netty.dataStream.server.worker-group.size = 0 (default)
2023-05-03 09:46:28,945 [Listener at 127.0.0.1/46113] INFO  netty.NettyConfigKeys$DataStream (ConfUtils.java:logGet(46)) - raft.netty.dataStream.server.tls.conf = null (default)
2023-05-03 09:46:28,945 [Listener at 127.0.0.1/46113] INFO  netty.NettyConfigKeys$DataStream (ConfUtils.java:logGet(46)) - raft.netty.dataStream.host = null (default)
2023-05-03 09:46:28,945 [Listener at 127.0.0.1/46113] INFO  netty.NettyConfigKeys$DataStream (ConfUtils.java:logGet(46)) - raft.netty.dataStream.port = 0 (default)
2023-05-03 09:46:28,946 [Listener at 127.0.0.1/46113] INFO  server.RaftServerConfigKeys (ConfUtils.java:logGet(46)) - raft.server.threadpool.proxy.cached = true (default)
2023-05-03 09:46:28,946 [Listener at 127.0.0.1/46113] INFO  server.RaftServerConfigKeys (ConfUtils.java:logGet(46)) - raft.server.threadpool.proxy.size = 0 (default)
2023-05-03 09:46:28,946 [Listener at 127.0.0.1/46113] INFO  server.RaftServerConfigKeys (ConfUtils.java:logGet(46)) - raft.server.rpc.slowness.timeout = 300s (custom)
2023-05-03 09:46:28,946 [Listener at 127.0.0.1/46113] INFO  server.RaftServerConfigKeys (ConfUtils.java:logGet(46)) - raft.server.leaderelection.leader.step-down.wait-time = 10s (default)
2023-05-03 09:46:28,946 [Listener at 127.0.0.1/46113] INFO  server.RaftServerConfigKeys (ConfUtils.java:logGet(46)) - raft.server.storage.dir = [/home/runner/work/ozone/ozone/hadoop-ozone/integration-test/target/test-dir/MiniOzoneClusterImpl-a0e32f1b-c57c-46aa-bf19-5d8e384e89ec/datanode-0/data/ratis] (custom)
2023-05-03 09:46:28,946 [92994a6a-5606-4d63-9415-ab69b8f116f1-NettyServerStreamRpc-bossGroup--thread1] INFO  logging.LoggingHandler (AbstractInternalLogger.java:log(148)) - [id: 0xb8d99b7a] REGISTERED
2023-05-03 09:46:28,947 [92994a6a-5606-4d63-9415-ab69b8f116f1-NettyServerStreamRpc-bossGroup--thread1] INFO  logging.LoggingHandler (AbstractInternalLogger.java:log(148)) - [id: 0xb8d99b7a] BIND: 0.0.0.0/0.0.0.0:0
2023-05-03 09:46:28,947 [92994a6a-5606-4d63-9415-ab69b8f116f1-NettyServerStreamRpc-bossGroup--thread1] INFO  logging.LoggingHandler (AbstractInternalLogger.java:log(148)) - [id: 0xb8d99b7a, L:/0:0:0:0:0:0:0:0:36907] ACTIVE
2023-05-03 09:46:28,951 [Listener at 127.0.0.1/46113] INFO  server.XceiverServerGrpc (XceiverServerGrpc.java:<init>(132)) - GrpcServer channel type EpollServerSocketChannel
2023-05-03 09:46:28,955 [Listener at 127.0.0.1/46113] INFO  http.BaseHttpServer (BaseHttpServer.java:newHttpServer2BuilderForOzone(224)) - Starting Web-server for hddsDatanode at: http://0.0.0.0:0
2023-05-03 09:46:28,955 [Listener at 127.0.0.1/46113] INFO  http.BaseHttpServer (BaseHttpServer.java:<init>(111)) - Hadoop Security Enabled: false Ozone Security Enabled: false Ozone HTTP Security Enabled: false 
2023-05-03 09:46:28,957 [Listener at 127.0.0.1/46113] WARN  server.AuthenticationFilter (AuthenticationFilter.java:constructSecretProvider(240)) - Unable to initialize FileSignerSecretProvider, falling back to use random secrets. Reason: Could not read signature secret file: /home/runner/hadoop-http-auth-signature-secret
2023-05-03 09:46:28,959 [Listener at 127.0.0.1/46113] INFO  http.HttpRequestLog (HttpRequestLog.java:getRequestLog(86)) - Http request log for http.requests.hddsDatanode is not defined
2023-05-03 09:46:28,962 [Listener at 127.0.0.1/46113] INFO  http.HttpServer2 (HttpServer2.java:addGlobalFilter(1031)) - Added global filter 'safety' (class=org.apache.hadoop.hdds.server.http.HttpServer2$QuotingInputFilter)
2023-05-03 09:46:28,963 [Listener at 127.0.0.1/46113] INFO  http.HttpServer2 (HttpServer2.java:addFilter(1007)) - Added filter static_user_filter (class=org.apache.hadoop.http.lib.StaticUserWebFilter$StaticUserFilter) to context hddsDatanode
2023-05-03 09:46:28,963 [Listener at 127.0.0.1/46113] INFO  http.HttpServer2 (HttpServer2.java:addFilter(1015)) - Added filter static_user_filter (class=org.apache.hadoop.http.lib.StaticUserWebFilter$StaticUserFilter) to context static
2023-05-03 09:46:28,963 [Listener at 127.0.0.1/46113] INFO  http.HttpServer2 (HttpServer2.java:addFilter(1015)) - Added filter static_user_filter (class=org.apache.hadoop.http.lib.StaticUserWebFilter$StaticUserFilter) to context logs
2023-05-03 09:46:28,965 [Listener at 127.0.0.1/46113] INFO  http.BaseHttpServer (BaseHttpServer.java:<init>(190)) - HTTP server of hddsDatanode uses base directory /home/runner/work/ozone/ozone/hadoop-ozone/integration-test/target/test-dir/MiniOzoneClusterImpl-a0e32f1b-c57c-46aa-bf19-5d8e384e89ec/datanode-0/meta/webserver
2023-05-03 09:46:28,965 [Listener at 127.0.0.1/46113] INFO  http.HttpServer2 (HttpServer2.java:bindListener(1250)) - Jetty bound to port 42531
2023-05-03 09:46:28,965 [Listener at 127.0.0.1/46113] INFO  server.Server (Server.java:doStart(375)) - jetty-9.4.51.v20230217; built: 2023-02-17T08:19:37.309Z; git: b45c405e4544384de066f814ed42ae3dceacdd49; jvm 1.8.0_362-b09
2023-05-03 09:46:28,966 [Listener at 127.0.0.1/46113] INFO  server.session (DefaultSessionIdManager.java:doStart(334)) - DefaultSessionIdManager workerName=node0
2023-05-03 09:46:28,966 [Listener at 127.0.0.1/46113] INFO  server.session (DefaultSessionIdManager.java:doStart(339)) - No SessionScavenger set, using defaults
2023-05-03 09:46:28,966 [Listener at 127.0.0.1/46113] INFO  server.session (HouseKeeper.java:startScavenging(132)) - node0 Scavenging every 660000ms
2023-05-03 09:46:28,967 [Listener at 127.0.0.1/46113] INFO  handler.ContextHandler (ContextHandler.java:doStart(921)) - Started o.e.j.s.ServletContextHandler@12af6dd1{logs,/logs,file:///home/runner/work/ozone/ozone/hadoop-ozone/integration-test/target/log,AVAILABLE}
2023-05-03 09:46:28,967 [Listener at 127.0.0.1/46113] INFO  handler.ContextHandler (ContextHandler.java:doStart(921)) - Started o.e.j.s.ServletContextHandler@2540d8f8{static,/static,jar:file:/home/runner/.m2/repository/org/apache/ozone/hdds-container-service/1.4.0-SNAPSHOT/hdds-container-service-1.4.0-SNAPSHOT.jar!/webapps/static,AVAILABLE}
2023-05-03 09:46:29,181 [Listener at 127.0.0.1/46113] INFO  handler.ContextHandler (ContextHandler.java:doStart(921)) - Started o.e.j.w.WebAppContext@3fd6f4ae{hddsDatanode,/,file:///home/runner/work/ozone/ozone/hadoop-ozone/integration-test/target/test-dir/MiniOzoneClusterImpl-a0e32f1b-c57c-46aa-bf19-5d8e384e89ec/datanode-0/meta/webserver/jetty-0_0_0_0-42531-hdds-container-service-1_4_0-SNAPSHOT_jar-_-any-5002510879809722108/webapp/,AVAILABLE}{jar:file:/home/runner/.m2/repository/org/apache/ozone/hdds-container-service/1.4.0-SNAPSHOT/hdds-container-service-1.4.0-SNAPSHOT.jar!/webapps/hddsDatanode}
2023-05-03 09:46:29,182 [Listener at 127.0.0.1/46113] INFO  server.AbstractConnector (AbstractConnector.java:doStart(333)) - Started ServerConnector@9195c0c{HTTP/1.1, (http/1.1)}{0.0.0.0:42531}
2023-05-03 09:46:29,182 [Listener at 127.0.0.1/46113] INFO  server.Server (Server.java:doStart(415)) - Started @32307ms
2023-05-03 09:46:29,182 [Listener at 127.0.0.1/46113] WARN  impl.MetricsSystemImpl (MetricsSystemImpl.java:register(279)) - Sink prometheus already exists!
2023-05-03 09:46:29,183 [Listener at 127.0.0.1/46113] INFO  http.BaseHttpServer (BaseHttpServer.java:updateConnectorAddress(344)) - HTTP server of hddsDatanode listening at http://0.0.0.0:42531
2023-05-03 09:46:29,190 [Datanode State Machine Daemon Thread] INFO  statemachine.DatanodeStateMachine (DatanodeStateMachine.java:lambda$startDaemon$0(519)) - Ozone container server started.
2023-05-03 09:46:29,190 [Listener at 127.0.0.1/46113] INFO  ozone.MiniOzoneClusterImpl (MiniOzoneClusterImpl.java:lambda$waitForClusterToBeReady$0(223)) - Waiting for nodes to be ready. Got 0 of 1 DN Heartbeats.
2023-05-03 09:46:29,191 [Listener at 127.0.0.1/46113] INFO  ozone.MiniOzoneClusterImpl (MiniOzoneClusterImpl.java:lambda$waitForClusterToBeReady$0(226)) - Waiting for cluster to exit safe mode
2023-05-03 09:46:29,191 [Listener at 127.0.0.1/46113] INFO  ozone.MiniOzoneClusterImpl (MiniOzoneClusterImpl.java:lambda$waitForClusterToBeReady$0(228)) - SCM became leader
2023-05-03 09:46:29,202 [org.apache.hadoop.util.JvmPauseMonitor$Monitor@71076f35] INFO  util.JvmPauseMonitor (JvmPauseMonitor.java:run(188)) - Starting JVM pause monitor
2023-05-03 09:46:29,207 [Datanode State Machine Task Thread - 0] INFO  datanode.InitDatanodeState (InitDatanodeState.java:persistContainerDatanodeDetails(138)) - DatanodeDetails is persisted to /home/runner/work/ozone/ozone/hadoop-ozone/integration-test/target/test-dir/MiniOzoneClusterImpl-a0e32f1b-c57c-46aa-bf19-5d8e384e89ec/datanode-0/meta/datanode.id
2023-05-03 09:46:29,862 [om1@group-C5BA1605619E-FollowerState] INFO  impl.FollowerState (FollowerState.java:run(143)) - om1@group-C5BA1605619E-FollowerState: change to CANDIDATE, lastRpcElapsedTime:1082271664ns, electionTimeout:1080ms
2023-05-03 09:46:29,863 [om1@group-C5BA1605619E-FollowerState] INFO  impl.RoleInfo (RoleInfo.java:shutdownFollowerState(110)) - om1: shutdown om1@group-C5BA1605619E-FollowerState
2023-05-03 09:46:29,863 [om1@group-C5BA1605619E-FollowerState] INFO  server.RaftServer$Division (RaftServerImpl.java:setRole(321)) - om1@group-C5BA1605619E: changes role from  FOLLOWER to CANDIDATE at term 0 for changeToCandidate
2023-05-03 09:46:29,863 [om1@group-C5BA1605619E-FollowerState] INFO  server.RaftServerConfigKeys (ConfUtils.java:logGet(46)) - raft.server.leaderelection.pre-vote = true (default)
2023-05-03 09:46:29,863 [om1@group-C5BA1605619E-FollowerState] INFO  impl.RoleInfo (RoleInfo.java:updateAndGet(139)) - om1: start om1@group-C5BA1605619E-LeaderElection9
2023-05-03 09:46:29,865 [om1@group-C5BA1605619E-LeaderElection9] INFO  impl.LeaderElection (LeaderElection.java:askForVotes(312)) - om1@group-C5BA1605619E-LeaderElection9 PRE_VOTE round 0: submit vote requests at term 0 for -1: peers:[om1|rpc:localhost:9872|priority:0|startupRole:FOLLOWER]|listeners:[], old=null
2023-05-03 09:46:29,865 [om1@group-C5BA1605619E-LeaderElection9] INFO  impl.LeaderElection (LeaderElection.java:askForVotes(314)) - om1@group-C5BA1605619E-LeaderElection9 PRE_VOTE round 0: result PASSED (term=0)
2023-05-03 09:46:29,867 [om1@group-C5BA1605619E-LeaderElection9] INFO  impl.LeaderElection (LeaderElection.java:askForVotes(312)) - om1@group-C5BA1605619E-LeaderElection9 ELECTION round 0: submit vote requests at term 1 for -1: peers:[om1|rpc:localhost:9872|priority:0|startupRole:FOLLOWER]|listeners:[], old=null
2023-05-03 09:46:29,867 [om1@group-C5BA1605619E-LeaderElection9] INFO  impl.LeaderElection (LeaderElection.java:askForVotes(314)) - om1@group-C5BA1605619E-LeaderElection9 ELECTION round 0: result PASSED (term=1)
2023-05-03 09:46:29,867 [om1@group-C5BA1605619E-LeaderElection9] INFO  impl.RoleInfo (RoleInfo.java:shutdownLeaderElection(130)) - om1: shutdown om1@group-C5BA1605619E-LeaderElection9
2023-05-03 09:46:29,867 [om1@group-C5BA1605619E-LeaderElection9] INFO  server.RaftServer$Division (RaftServerImpl.java:setRole(321)) - om1@group-C5BA1605619E: changes role from CANDIDATE to LEADER at term 1 for changeToLeader
2023-05-03 09:46:29,867 [om1@group-C5BA1605619E-LeaderElection9] INFO  server.RaftServer$Division (ServerState.java:setLeader(313)) - om1@group-C5BA1605619E: change Leader from null to om1 at term 1 for becomeLeader, leader elected after 1538ms
2023-05-03 09:46:29,867 [om1@group-C5BA1605619E-LeaderElection9] INFO  server.RaftServerConfigKeys (ConfUtils.java:logGet(46)) - raft.server.staging.catchup.gap = 1000 (default)
2023-05-03 09:46:29,867 [om1@group-C5BA1605619E-LeaderElection9] INFO  server.RaftServerConfigKeys (ConfUtils.java:logGet(46)) - raft.server.write.element-limit = 4096 (default)
2023-05-03 09:46:29,867 [om1@group-C5BA1605619E-LeaderElection9] INFO  server.RaftServerConfigKeys (ConfUtils.java:logGet(46)) - raft.server.write.byte-limit = 64MB (=67108864) (default)
2023-05-03 09:46:29,867 [om1@group-C5BA1605619E-LeaderElection9] INFO  server.RaftServerConfigKeys (ConfUtils.java:logGet(46)) - raft.server.watch.timeout = 10s (default)
2023-05-03 09:46:29,867 [om1@group-C5BA1605619E-LeaderElection9] INFO  server.RaftServerConfigKeys (ConfUtils.java:logGet(46)) - raft.server.watch.timeout.denomination = 1s (default)
2023-05-03 09:46:29,867 [om1@group-C5BA1605619E-LeaderElection9] INFO  server.RaftServerConfigKeys (ConfUtils.java:logGet(46)) - raft.server.watch.element-limit = 65536 (default)
2023-05-03 09:46:29,868 [om1@group-C5BA1605619E-LeaderElection9] INFO  server.RaftServerConfigKeys (ConfUtils.java:logGet(46)) - raft.server.write.element-limit = 4096 (default)
2023-05-03 09:46:29,868 [om1@group-C5BA1605619E-LeaderElection9] INFO  server.RaftServerConfigKeys (ConfUtils.java:logGet(46)) - raft.server.write.follower.gap.ratio.max = -1.0 (default)
2023-05-03 09:46:29,868 [om1@group-C5BA1605619E-LeaderElection9] INFO  impl.RoleInfo (RoleInfo.java:updateAndGet(139)) - om1: start om1@group-C5BA1605619E-LeaderStateImpl
2023-05-03 09:46:29,868 [om1@group-C5BA1605619E-LeaderElection9] INFO  segmented.SegmentedRaftLogWorker (SegmentedRaftLogWorker.java:startLogSegment(452)) - om1@group-C5BA1605619E-SegmentedRaftLogWorker: Starting segment from index:0
2023-05-03 09:46:29,871 [om1@group-C5BA1605619E-LeaderElection9] INFO  server.RaftServer$Division (ServerState.java:setRaftConf(430)) - om1@group-C5BA1605619E: set configuration 0: peers:[om1|rpc:localhost:9872|admin:|client:|dataStream:|priority:0|startupRole:FOLLOWER]|listeners:[], old=null
2023-05-03 09:46:29,880 [om1@group-C5BA1605619E-SegmentedRaftLogWorker] INFO  segmented.SegmentedRaftLogWorker (SegmentedRaftLogWorker.java:execute(656)) - om1@group-C5BA1605619E-SegmentedRaftLogWorker: created new log segment /home/runner/work/ozone/ozone/hadoop-ozone/integration-test/target/test-dir/MiniOzoneClusterImpl-a0e32f1b-c57c-46aa-bf19-5d8e384e89ec/ozone-meta/ratis/bf265839-605b-3f16-9796-c5ba1605619e/current/log_inprogress_0
2023-05-03 09:46:29,881 [om1@group-C5BA1605619E-StateMachineUpdater] INFO  ratis.OzoneManagerStateMachine (OzoneManagerStateMachine.java:notifyConfigurationChanged(201)) - Received Configuration change notification from Ratis. New Peer list:
[id: "om1"
address: "localhost:9872"
startupRole: FOLLOWER
]
2023-05-03 09:46:30,191 [Listener at 127.0.0.1/46113] INFO  ozone.MiniOzoneClusterImpl (MiniOzoneClusterImpl.java:lambda$waitForClusterToBeReady$0(223)) - Waiting for nodes to be ready. Got 0 of 1 DN Heartbeats.
2023-05-03 09:46:30,192 [Listener at 127.0.0.1/46113] INFO  ozone.MiniOzoneClusterImpl (MiniOzoneClusterImpl.java:lambda$waitForClusterToBeReady$0(226)) - Waiting for cluster to exit safe mode
2023-05-03 09:46:30,192 [Listener at 127.0.0.1/46113] INFO  ozone.MiniOzoneClusterImpl (MiniOzoneClusterImpl.java:lambda$waitForClusterToBeReady$0(228)) - SCM became leader
2023-05-03 09:46:31,192 [Listener at 127.0.0.1/46113] INFO  ozone.MiniOzoneClusterImpl (MiniOzoneClusterImpl.java:lambda$waitForClusterToBeReady$0(223)) - Waiting for nodes to be ready. Got 0 of 1 DN Heartbeats.
2023-05-03 09:46:31,192 [Listener at 127.0.0.1/46113] INFO  ozone.MiniOzoneClusterImpl (MiniOzoneClusterImpl.java:lambda$waitForClusterToBeReady$0(226)) - Waiting for cluster to exit safe mode
2023-05-03 09:46:31,192 [Listener at 127.0.0.1/46113] INFO  ozone.MiniOzoneClusterImpl (MiniOzoneClusterImpl.java:lambda$waitForClusterToBeReady$0(228)) - SCM became leader
2023-05-03 09:46:31,231 [EndpointStateMachine task thread for /0.0.0.0:41095 - 0 ] INFO  utils.DatanodeStoreCache (DatanodeStoreCache.java:addDB(58)) - Added db /home/runner/work/ozone/ozone/hadoop-ozone/integration-test/target/test-dir/MiniOzoneClusterImpl-a0e32f1b-c57c-46aa-bf19-5d8e384e89ec/datanode-0/data-0/containers/hdds/a0e32f1b-c57c-46aa-bf19-5d8e384e89ec/DS-1244e8cd-b0af-4e54-bcbe-4a1a5c7fe55d/container.db to cache
2023-05-03 09:46:31,231 [EndpointStateMachine task thread for /0.0.0.0:41095 - 0 ] INFO  volume.HddsVolume (HddsVolume.java:createDbStore(350)) - SchemaV3 db is created and loaded at /home/runner/work/ozone/ozone/hadoop-ozone/integration-test/target/test-dir/MiniOzoneClusterImpl-a0e32f1b-c57c-46aa-bf19-5d8e384e89ec/datanode-0/data-0/containers/hdds/a0e32f1b-c57c-46aa-bf19-5d8e384e89ec/DS-1244e8cd-b0af-4e54-bcbe-4a1a5c7fe55d/container.db for volume DS-1244e8cd-b0af-4e54-bcbe-4a1a5c7fe55d
2023-05-03 09:46:31,231 [EndpointStateMachine task thread for /0.0.0.0:41095 - 0 ] INFO  ozoneimpl.OzoneContainer (OzoneContainer.java:start(397)) - Attempting to start container services.
2023-05-03 09:46:31,231 [EndpointStateMachine task thread for /0.0.0.0:41095 - 0 ] INFO  ozoneimpl.OzoneContainer (OzoneContainer.java:startContainerScrub(314)) - Scheduled background container scanners and the on-demand container scanner have been disabled.
2023-05-03 09:46:31,232 [EndpointStateMachine task thread for /0.0.0.0:41095 - 0 ] INFO  replication.ReplicationServer (ReplicationServer.java:start(109)) - ReplicationServer is started using port 35167
2023-05-03 09:46:31,232 [EndpointStateMachine task thread for /0.0.0.0:41095 - 0 ] INFO  ratis.XceiverServerRatis (XceiverServerRatis.java:start(517)) - Starting XceiverServerRatis 92994a6a-5606-4d63-9415-ab69b8f116f1
2023-05-03 09:46:31,233 [EndpointStateMachine task thread for /0.0.0.0:41095 - 0 ] INFO  server.RaftServer (RaftServerProxy.java:startImpl(393)) - 92994a6a-5606-4d63-9415-ab69b8f116f1: start RPC server
2023-05-03 09:46:31,235 [EndpointStateMachine task thread for /0.0.0.0:41095 - 0 ] INFO  server.GrpcService (GrpcService.java:startImpl(262)) - 92994a6a-5606-4d63-9415-ab69b8f116f1: GrpcService started, listening on 44509
2023-05-03 09:46:31,235 [EndpointStateMachine task thread for /0.0.0.0:41095 - 0 ] INFO  ratis.XceiverServerRatis (XceiverServerRatis.java:getRealPort(543)) - XceiverServerRatis 92994a6a-5606-4d63-9415-ab69b8f116f1 is started using port 44509 for RATIS
2023-05-03 09:46:31,235 [JvmPauseMonitor5] INFO  util.JvmPauseMonitor (JvmPauseMonitor.java:run(105)) - JvmPauseMonitor-92994a6a-5606-4d63-9415-ab69b8f116f1: Started
2023-05-03 09:46:31,235 [EndpointStateMachine task thread for /0.0.0.0:41095 - 0 ] INFO  ratis.XceiverServerRatis (XceiverServerRatis.java:getRealPort(543)) - XceiverServerRatis 92994a6a-5606-4d63-9415-ab69b8f116f1 is started using port 44509 for RATIS_ADMIN
2023-05-03 09:46:31,235 [EndpointStateMachine task thread for /0.0.0.0:41095 - 0 ] INFO  ratis.XceiverServerRatis (XceiverServerRatis.java:getRealPort(543)) - XceiverServerRatis 92994a6a-5606-4d63-9415-ab69b8f116f1 is started using port 44509 for RATIS_SERVER
2023-05-03 09:46:31,235 [EndpointStateMachine task thread for /0.0.0.0:41095 - 0 ] INFO  ratis.XceiverServerRatis (XceiverServerRatis.java:getRealPort(543)) - XceiverServerRatis 92994a6a-5606-4d63-9415-ab69b8f116f1 is started using port 36907 for RATIS_DATASTREAM
2023-05-03 09:46:31,238 [EndpointStateMachine task thread for /0.0.0.0:41095 - 0 ] INFO  server.XceiverServerGrpc (XceiverServerGrpc.java:start(180)) - XceiverServerGrpc 92994a6a-5606-4d63-9415-ab69b8f116f1 is started using port 38917
2023-05-03 09:46:31,239 [BlockDeletingService#0] INFO  interfaces.ContainerDeletionChoosingPolicyTemplate (ContainerDeletionChoosingPolicyTemplate.java:chooseContainerForBlockDeletion(83)) - Chosen 0/5000 blocks from 0 candidate containers.
2023-05-03 09:46:32,192 [Listener at 127.0.0.1/46113] INFO  ozone.MiniOzoneClusterImpl (MiniOzoneClusterImpl.java:lambda$waitForClusterToBeReady$0(223)) - Waiting for nodes to be ready. Got 0 of 1 DN Heartbeats.
2023-05-03 09:46:32,192 [Listener at 127.0.0.1/46113] INFO  ozone.MiniOzoneClusterImpl (MiniOzoneClusterImpl.java:lambda$waitForClusterToBeReady$0(226)) - Waiting for cluster to exit safe mode
2023-05-03 09:46:32,192 [Listener at 127.0.0.1/46113] INFO  ozone.MiniOzoneClusterImpl (MiniOzoneClusterImpl.java:lambda$waitForClusterToBeReady$0(228)) - SCM became leader
2023-05-03 09:46:33,193 [Listener at 127.0.0.1/46113] INFO  ozone.MiniOzoneClusterImpl (MiniOzoneClusterImpl.java:lambda$waitForClusterToBeReady$0(223)) - Waiting for nodes to be ready. Got 0 of 1 DN Heartbeats.
2023-05-03 09:46:33,193 [Listener at 127.0.0.1/46113] INFO  ozone.MiniOzoneClusterImpl (MiniOzoneClusterImpl.java:lambda$waitForClusterToBeReady$0(226)) - Waiting for cluster to exit safe mode
2023-05-03 09:46:33,193 [Listener at 127.0.0.1/46113] INFO  ozone.MiniOzoneClusterImpl (MiniOzoneClusterImpl.java:lambda$waitForClusterToBeReady$0(228)) - SCM became leader
2023-05-03 09:46:33,203 [IPC Server handler 0 on default port 41095] INFO  net.NetworkTopologyImpl (NetworkTopologyImpl.java:add(112)) - Added a new node: /default-rack/92994a6a-5606-4d63-9415-ab69b8f116f1
2023-05-03 09:46:33,203 [IPC Server handler 0 on default port 41095] INFO  node.SCMNodeManager (SCMNodeManager.java:register(407)) - Registered Data node : 92994a6a-5606-4d63-9415-ab69b8f116f1{ip: 10.1.0.194, host: fv-az139-793.t0dryja4c43urhy2nvp0adewnd.cx.internal.cloudapp.net, ports: [HTTP=42531, REPLICATION=35167, RATIS=44509, RATIS_ADMIN=44509, RATIS_SERVER=44509, RATIS_DATASTREAM=36907, STANDALONE=38917], networkLocation: /default-rack, certSerialId: null, persistedOpState: null, persistedOpStateExpiryEpochSec: 0}
2023-05-03 09:46:33,205 [EventQueue-NewNodeForNewNodeHandler] INFO  pipeline.BackgroundPipelineCreator (BackgroundPipelineCreator.java:notifyEventTriggered(276)) - trigger a one-shot run on RatisPipelineUtilsThread.
2023-05-03 09:46:33,205 [EventQueue-NodeRegistrationContainerReportForContainerSafeModeRule] INFO  safemode.SCMSafeModeManager (SCMSafeModeManager.java:validateSafeModeExitRules(200)) - ContainerSafeModeRule rule is successfully validated
2023-05-03 09:46:33,206 [RatisPipelineUtilsThread - 0] INFO  pipeline.RatisPipelineProvider (RatisPipelineProvider.java:lambda$create$0(206)) - Sending CreatePipelineCommand for pipeline:PipelineID=94d75032-0bdb-42b8-aef1-c71f87ffe647 to datanode:92994a6a-5606-4d63-9415-ab69b8f116f1
2023-05-03 09:46:33,206 [EventQueue-NodeRegistrationContainerReportForDataNodeSafeModeRule] INFO  safemode.SCMSafeModeManager (DataNodeSafeModeRule.java:process(71)) - SCM in safe mode. 1 DataNodes registered, 1 required.
2023-05-03 09:46:33,207 [RatisPipelineUtilsThread - 0] INFO  pipeline.PipelineStateManagerImpl (PipelineStateManagerImpl.java:addPipeline(103)) - Created pipeline Pipeline[ Id: 94d75032-0bdb-42b8-aef1-c71f87ffe647, Nodes: 92994a6a-5606-4d63-9415-ab69b8f116f1(fv-az139-793.t0dryja4c43urhy2nvp0adewnd.cx.internal.cloudapp.net/10.1.0.194), ReplicationConfig: RATIS/ONE, State:ALLOCATED, leaderId:, CreationTimestamp2023-05-03T09:46:33.206Z[Etc/UTC]].
2023-05-03 09:46:33,207 [EventQueue-NodeRegistrationContainerReportForDataNodeSafeModeRule] INFO  safemode.SCMSafeModeManager (SCMSafeModeManager.java:validateSafeModeExitRules(200)) - DataNodeSafeModeRule rule is successfully validated
2023-05-03 09:46:33,207 [EventQueue-NodeRegistrationContainerReportForDataNodeSafeModeRule] INFO  safemode.SCMSafeModeManager (SCMSafeModeManager.java:completePreCheck(229)) - All SCM safe mode pre check rules have passed
2023-05-03 09:46:33,207 [EventQueue-NodeRegistrationContainerReportForDataNodeSafeModeRule] INFO  ha.SCMContext (SCMContext.java:updateSafeModeStatus(228)) - Update SafeModeStatus from SafeModeStatus{safeModeStatus=true, preCheckPassed=false} to SafeModeStatus{safeModeStatus=true, preCheckPassed=true}.
2023-05-03 09:46:33,207 [EventQueue-NodeRegistrationContainerReportForDataNodeSafeModeRule] INFO  pipeline.BackgroundPipelineCreator (BackgroundPipelineCreator.java:notifyEventTriggered(276)) - trigger a one-shot run on RatisPipelineUtilsThread.
2023-05-03 09:46:33,207 [EventQueue-PipelineReportForOneReplicaPipelineSafeModeRule] INFO  safemode.SCMSafeModeManager (SCMSafeModeManager.java:validateSafeModeExitRules(200)) - AtleastOneDatanodeReportedRule rule is successfully validated
2023-05-03 09:46:33,208 [RatisPipelineUtilsThread - 0] ERROR scm.SCMCommonPlacementPolicy (SCMCommonPlacementPolicy.java:filterNodesWithSpace(285)) - Unable to find enough nodes that meet the space requirement of 1073741824 bytes for metadata and 5368709120 bytes for data in healthy node set. Required 3. Found 1.
2023-05-03 09:46:34,193 [Listener at 127.0.0.1/46113] INFO  ozone.MiniOzoneClusterImpl (MiniOzoneClusterImpl.java:lambda$waitForClusterToBeReady$0(223)) - Nodes are ready. Got 1 of 1 DN Heartbeats.
2023-05-03 09:46:34,193 [Listener at 127.0.0.1/46113] INFO  ozone.MiniOzoneClusterImpl (MiniOzoneClusterImpl.java:lambda$waitForClusterToBeReady$0(226)) - Waiting for cluster to exit safe mode
2023-05-03 09:46:34,193 [Listener at 127.0.0.1/46113] INFO  ozone.MiniOzoneClusterImpl (MiniOzoneClusterImpl.java:lambda$waitForClusterToBeReady$0(228)) - SCM became leader
2023-05-03 09:46:35,193 [Listener at 127.0.0.1/46113] INFO  ozone.MiniOzoneClusterImpl (MiniOzoneClusterImpl.java:lambda$waitForClusterToBeReady$0(223)) - Nodes are ready. Got 1 of 1 DN Heartbeats.
2023-05-03 09:46:35,193 [Listener at 127.0.0.1/46113] INFO  ozone.MiniOzoneClusterImpl (MiniOzoneClusterImpl.java:lambda$waitForClusterToBeReady$0(226)) - Waiting for cluster to exit safe mode
2023-05-03 09:46:35,194 [Listener at 127.0.0.1/46113] INFO  ozone.MiniOzoneClusterImpl (MiniOzoneClusterImpl.java:lambda$waitForClusterToBeReady$0(228)) - SCM became leader
2023-05-03 09:46:36,194 [Listener at 127.0.0.1/46113] INFO  ozone.MiniOzoneClusterImpl (MiniOzoneClusterImpl.java:lambda$waitForClusterToBeReady$0(223)) - Nodes are ready. Got 1 of 1 DN Heartbeats.
2023-05-03 09:46:36,194 [Listener at 127.0.0.1/46113] INFO  ozone.MiniOzoneClusterImpl (MiniOzoneClusterImpl.java:lambda$waitForClusterToBeReady$0(226)) - Waiting for cluster to exit safe mode
2023-05-03 09:46:36,194 [Listener at 127.0.0.1/46113] INFO  ozone.MiniOzoneClusterImpl (MiniOzoneClusterImpl.java:lambda$waitForClusterToBeReady$0(228)) - SCM became leader
2023-05-03 09:46:36,202 [Command processor thread] INFO  server.RaftServer (RaftServerProxy.java:addNew(96)) - 92994a6a-5606-4d63-9415-ab69b8f116f1: addNew group-C71F87FFE647:[92994a6a-5606-4d63-9415-ab69b8f116f1|rpc:10.1.0.194:44509|dataStream:10.1.0.194:36907|priority:1|startupRole:FOLLOWER] returns group-C71F87FFE647:java.util.concurrent.CompletableFuture@4207a287[Not completed]
2023-05-03 09:46:36,203 [pool-235-thread-1] INFO  server.RaftServer$Division (RaftServerImpl.java:<init>(195)) - 92994a6a-5606-4d63-9415-ab69b8f116f1: new RaftServerImpl for group-C71F87FFE647:[92994a6a-5606-4d63-9415-ab69b8f116f1|rpc:10.1.0.194:44509|dataStream:10.1.0.194:36907|priority:1|startupRole:FOLLOWER] with ContainerStateMachine:uninitialized
2023-05-03 09:46:36,203 [pool-235-thread-1] INFO  server.RaftServerConfigKeys (ConfUtils.java:logGet(46)) - raft.server.rpc.timeout.min = 5s (custom)
2023-05-03 09:46:36,204 [pool-235-thread-1] INFO  server.RaftServerConfigKeys (ConfUtils.java:logGet(46)) - raft.server.rpc.timeout.max = 5200ms (custom)
2023-05-03 09:46:36,204 [pool-235-thread-1] INFO  server.RaftServerConfigKeys (ConfUtils.java:logGet(46)) - raft.server.rpc.sleep.time = 25ms (default)
2023-05-03 09:46:36,204 [pool-235-thread-1] INFO  server.RaftServerConfigKeys (ConfUtils.java:logGet(46)) - raft.server.rpc.slowness.timeout = 300s (custom)
2023-05-03 09:46:36,204 [pool-235-thread-1] INFO  server.RaftServerConfigKeys (ConfUtils.java:logGet(46)) - raft.server.leaderelection.leader.step-down.wait-time = 10s (default)
2023-05-03 09:46:36,204 [pool-235-thread-1] INFO  server.RaftServerConfigKeys (ConfUtils.java:logGet(46)) - raft.server.sleep.deviation.threshold = 300ms (default)
2023-05-03 09:46:36,204 [pool-235-thread-1] INFO  server.RaftServer$Division (ServerState.java:<init>(118)) - 92994a6a-5606-4d63-9415-ab69b8f116f1@group-C71F87FFE647: ConfigurationManager, init=-1: peers:[92994a6a-5606-4d63-9415-ab69b8f116f1|rpc:10.1.0.194:44509|dataStream:10.1.0.194:36907|priority:1|startupRole:FOLLOWER]|listeners:[], old=null, confs=<EMPTY_MAP>
2023-05-03 09:46:36,204 [pool-235-thread-1] INFO  server.RaftServerConfigKeys (ConfUtils.java:logGet(46)) - raft.server.storage.dir = [/home/runner/work/ozone/ozone/hadoop-ozone/integration-test/target/test-dir/MiniOzoneClusterImpl-a0e32f1b-c57c-46aa-bf19-5d8e384e89ec/datanode-0/data/ratis] (custom)
2023-05-03 09:46:36,204 [pool-235-thread-1] INFO  server.RaftServerConfigKeys (ConfUtils.java:logGet(46)) - raft.server.log.corruption.policy = EXCEPTION (default)
2023-05-03 09:46:36,204 [pool-235-thread-1] INFO  server.RaftServerConfigKeys (ConfUtils.java:logGet(46)) - raft.server.storage.free-space.min = 0MB (=0) (default)
2023-05-03 09:46:36,204 [pool-235-thread-1] INFO  server.RaftServerConfigKeys (ConfUtils.java:logGet(46)) - raft.server.notification.no-leader.timeout = 300s (custom)
2023-05-03 09:46:36,204 [pool-235-thread-1] INFO  server.RaftServerConfigKeys (ConfUtils.java:logGet(46)) - raft.server.retrycache.expirytime = 600000ms (custom)
2023-05-03 09:46:36,204 [pool-235-thread-1] INFO  server.RaftServerConfigKeys (ConfUtils.java:logGet(46)) - raft.server.retrycache.statistics.expirytime = 100μs (default)
2023-05-03 09:46:36,205 [pool-235-thread-1] INFO  server.RaftServerConfigKeys (ConfUtils.java:logGet(46)) - raft.server.log.appender.install.snapshot.enabled = false (custom)
2023-05-03 09:46:36,205 [pool-235-thread-1] INFO  server.RaftServerConfigKeys (ConfUtils.java:logGet(46)) - raft.server.threadpool.server.cached = true (default)
2023-05-03 09:46:36,205 [pool-235-thread-1] INFO  server.RaftServerConfigKeys (ConfUtils.java:logGet(46)) - raft.server.threadpool.server.size = 0 (default)
2023-05-03 09:46:36,205 [pool-235-thread-1] INFO  server.RaftServerConfigKeys (ConfUtils.java:logGet(46)) - raft.server.threadpool.client.cached = true (default)
2023-05-03 09:46:36,205 [pool-235-thread-1] INFO  server.RaftServerConfigKeys (ConfUtils.java:logGet(46)) - raft.server.threadpool.client.size = 0 (default)
2023-05-03 09:46:36,205 [pool-235-thread-1] INFO  storage.RaftStorageDirectory (RaftStorageDirectoryImpl.java:analyzeStorage(137)) - The storage directory /home/runner/work/ozone/ozone/hadoop-ozone/integration-test/target/test-dir/MiniOzoneClusterImpl-a0e32f1b-c57c-46aa-bf19-5d8e384e89ec/datanode-0/data/ratis/94d75032-0bdb-42b8-aef1-c71f87ffe647 does not exist. Creating ...
2023-05-03 09:46:36,210 [pool-235-thread-1] INFO  storage.RaftStorageDirectory (RaftStorageDirectoryImpl.java:tryLock(231)) - Lock on /home/runner/work/ozone/ozone/hadoop-ozone/integration-test/target/test-dir/MiniOzoneClusterImpl-a0e32f1b-c57c-46aa-bf19-5d8e384e89ec/datanode-0/data/ratis/94d75032-0bdb-42b8-aef1-c71f87ffe647/in_use.lock acquired by nodename 7780@fv-az139-793
2023-05-03 09:46:36,211 [pool-235-thread-1] INFO  storage.RaftStorage (RaftStorageImpl.java:format(96)) - Storage directory /home/runner/work/ozone/ozone/hadoop-ozone/integration-test/target/test-dir/MiniOzoneClusterImpl-a0e32f1b-c57c-46aa-bf19-5d8e384e89ec/datanode-0/data/ratis/94d75032-0bdb-42b8-aef1-c71f87ffe647 has been successfully formatted.
2023-05-03 09:46:36,212 [pool-235-thread-1] INFO  ratis.ContainerStateMachine (ContainerStateMachine.java:loadSnapshot(262)) - group-C71F87FFE647: The snapshot info is null. Setting the last applied indexto:(t:0, i:~)
2023-05-03 09:46:36,212 [pool-235-thread-1] INFO  server.RaftServerConfigKeys (ConfUtils.java:logGet(46)) - raft.server.log.use.memory = false (default)
2023-05-03 09:46:36,212 [pool-235-thread-1] INFO  server.RaftServerConfigKeys (ConfUtils.java:logGet(46)) - raft.server.log.purge.gap = 1000000 (custom)
2023-05-03 09:46:36,212 [pool-235-thread-1] INFO  server.RaftServerConfigKeys (ConfUtils.java:logGet(46)) - raft.server.log.appender.buffer.byte-limit = 33554432 (custom)
2023-05-03 09:46:36,212 [pool-235-thread-1] INFO  server.RaftServerConfigKeys (ConfUtils.java:logGet(46)) - raft.server.log.statemachine.data.read.timeout = 1000ms (default)
2023-05-03 09:46:36,212 [pool-235-thread-1] INFO  server.RaftServerConfigKeys (ConfUtils.java:logGet(46)) - raft.server.log.purge.preservation.log.num = 0 (default)
2023-05-03 09:46:36,217 [pool-235-thread-1] INFO  server.RaftServerConfigKeys (ConfUtils.java:logGet(46)) - raft.server.log.segment.size.max = 1048576 (custom)
2023-05-03 09:46:36,217 [EventQueue-PipelineReportForPipelineReportHandler] INFO  pipeline.PipelineManagerImpl (PipelineManagerImpl.java:openPipeline(367)) - Pipeline Pipeline[ Id: 94d75032-0bdb-42b8-aef1-c71f87ffe647, Nodes: 92994a6a-5606-4d63-9415-ab69b8f116f1(fv-az139-793.t0dryja4c43urhy2nvp0adewnd.cx.internal.cloudapp.net/10.1.0.194), ReplicationConfig: RATIS/ONE, State:ALLOCATED, leaderId:92994a6a-5606-4d63-9415-ab69b8f116f1, CreationTimestamp2023-05-03T09:46:33.206Z[Etc/UTC]] moved to OPEN state
2023-05-03 09:46:36,218 [pool-235-thread-1] INFO  server.RaftServerConfigKeys (ConfUtils.java:logGet(46)) - raft.server.log.segment.cache.num.max = 2 (custom)
2023-05-03 09:46:36,218 [pool-235-thread-1] INFO  server.RaftServerConfigKeys (ConfUtils.java:logGet(46)) - raft.server.log.segment.cache.size.max = 200MB (=209715200) (default)
2023-05-03 09:46:36,219 [pool-235-thread-1] INFO  segmented.SegmentedRaftLogWorker (SegmentedRaftLogWorker.java:<init>(189)) - new 92994a6a-5606-4d63-9415-ab69b8f116f1@group-C71F87FFE647-SegmentedRaftLogWorker for RaftStorageImpl:Storage Directory /home/runner/work/ozone/ozone/hadoop-ozone/integration-test/target/test-dir/MiniOzoneClusterImpl-a0e32f1b-c57c-46aa-bf19-5d8e384e89ec/datanode-0/data/ratis/94d75032-0bdb-42b8-aef1-c71f87ffe647
2023-05-03 09:46:36,219 [pool-235-thread-1] INFO  server.RaftServerConfigKeys (ConfUtils.java:logGet(46)) - raft.server.log.queue.byte-limit = 4294967296 (custom)
2023-05-03 09:46:36,219 [pool-235-thread-1] INFO  server.RaftServerConfigKeys (ConfUtils.java:logGet(46)) - raft.server.log.queue.element-limit = 1024 (custom)
2023-05-03 09:46:36,219 [pool-235-thread-1] INFO  server.RaftServerConfigKeys (ConfUtils.java:logGet(46)) - raft.server.log.segment.size.max = 1048576 (custom)
2023-05-03 09:46:36,219 [pool-235-thread-1] INFO  server.RaftServerConfigKeys (ConfUtils.java:logGet(46)) - raft.server.log.preallocated.size = 16384 (custom)
2023-05-03 09:46:36,219 [pool-235-thread-1] INFO  server.RaftServerConfigKeys (ConfUtils.java:logGet(46)) - raft.server.log.force.sync.num = 128 (default)
2023-05-03 09:46:36,219 [pool-235-thread-1] INFO  server.RaftServerConfigKeys (ConfUtils.java:logGet(46)) - raft.server.log.statemachine.data.sync = true (default)
2023-05-03 09:46:36,219 [pool-235-thread-1] INFO  server.RaftServerConfigKeys (ConfUtils.java:logGet(46)) - raft.server.log.statemachine.data.sync.timeout = 10s (default)
2023-05-03 09:46:36,219 [pool-235-thread-1] INFO  server.RaftServerConfigKeys (ConfUtils.java:logGet(46)) - raft.server.log.statemachine.data.sync.timeout.retry = -1 (default)
2023-05-03 09:46:36,220 [pool-235-thread-1] INFO  server.RaftServerConfigKeys (ConfUtils.java:logGet(46)) - raft.server.log.write.buffer.size = 1048576 (custom)
2023-05-03 09:46:36,220 [pool-235-thread-1] INFO  server.RaftServerConfigKeys (ConfUtils.java:logGet(46)) - raft.server.log.appender.buffer.byte-limit = 33554432 (custom)
2023-05-03 09:46:36,223 [EventQueue-OpenPipelineForHealthyPipelineSafeModeRule] INFO  safemode.SCMSafeModeManager (SCMSafeModeManager.java:validateSafeModeExitRules(200)) - HealthyPipelineSafeModeRule rule is successfully validated
2023-05-03 09:46:36,224 [EventQueue-OpenPipelineForHealthyPipelineSafeModeRule] INFO  safemode.SCMSafeModeManager (SCMSafeModeManager.java:validateSafeModeExitRules(215)) - ScmSafeModeManager, all rules are successfully validated
2023-05-03 09:46:36,224 [pool-235-thread-1] INFO  server.RaftServerConfigKeys (ConfUtils.java:logGet(46)) - raft.server.log.unsafe-flush.enabled = false (default)
2023-05-03 09:46:36,224 [pool-235-thread-1] INFO  server.RaftServerConfigKeys (ConfUtils.java:logGet(46)) - raft.server.log.async-flush.enabled = false (default)
2023-05-03 09:46:36,224 [pool-235-thread-1] INFO  server.RaftServerConfigKeys (ConfUtils.java:logGet(46)) - raft.server.log.statemachine.data.caching.enabled = true (custom)
2023-05-03 09:46:36,224 [EventQueue-OpenPipelineForHealthyPipelineSafeModeRule] INFO  safemode.SCMSafeModeManager (SCMSafeModeManager.java:exitSafeMode(244)) - SCM exiting safe mode.
2023-05-03 09:46:36,224 [pool-235-thread-1] INFO  segmented.SegmentedRaftLogWorker (SegmentedRaftLogWorker.java:lambda$new$0(135)) - 92994a6a-5606-4d63-9415-ab69b8f116f1@group-C71F87FFE647-SegmentedRaftLogWorker: flushIndex: setUnconditionally 0 -> -1
2023-05-03 09:46:36,224 [EventQueue-OpenPipelineForHealthyPipelineSafeModeRule] INFO  ha.SCMContext (SCMContext.java:updateSafeModeStatus(228)) - Update SafeModeStatus from SafeModeStatus{safeModeStatus=true, preCheckPassed=true} to SafeModeStatus{safeModeStatus=false, preCheckPassed=true}.
2023-05-03 09:46:36,224 [pool-235-thread-1] INFO  segmented.SegmentedRaftLogWorker (SegmentedRaftLogWorker.java:lambda$new$0(135)) - 92994a6a-5606-4d63-9415-ab69b8f116f1@group-C71F87FFE647-SegmentedRaftLogWorker: safeCacheEvictIndex: setUnconditionally 0 -> -1
2023-05-03 09:46:36,224 [EventQueue-OpenPipelineForHealthyPipelineSafeModeRule] INFO  pipeline.BackgroundPipelineCreator (BackgroundPipelineCreator.java:notifyStatusChanged(254)) - Service BackgroundPipelineCreator transitions to RUNNING.
2023-05-03 09:46:36,225 [EventQueue-OpenPipelineForHealthyPipelineSafeModeRule] INFO  BackgroundPipelineScrubber (BackgroundSCMService.java:notifyStatusChanged(82)) - Service BackgroundPipelineScrubber transitions to RUNNING.
2023-05-03 09:46:36,225 [EventQueue-OpenPipelineForHealthyPipelineSafeModeRule] INFO  ExpiredContainerReplicaOpScrubber (BackgroundSCMService.java:notifyStatusChanged(82)) - Service ExpiredContainerReplicaOpScrubber transitions to RUNNING.
2023-05-03 09:46:36,225 [EventQueue-OpenPipelineForHealthyPipelineSafeModeRule] INFO  replication.ReplicationManager (ReplicationManager.java:notifyStatusChanged(1367)) - Service ReplicationManager transitions to RUNNING.
2023-05-03 09:46:36,225 [pool-235-thread-1] INFO  server.RaftServer$Division (RaftServerImpl.java:start(334)) - 92994a6a-5606-4d63-9415-ab69b8f116f1@group-C71F87FFE647: start as a follower, conf=-1: peers:[92994a6a-5606-4d63-9415-ab69b8f116f1|rpc:10.1.0.194:44509|dataStream:10.1.0.194:36907|priority:1|startupRole:FOLLOWER]|listeners:[], old=null
2023-05-03 09:46:36,225 [pool-235-thread-1] INFO  server.RaftServer$Division (RaftServerImpl.java:setRole(321)) - 92994a6a-5606-4d63-9415-ab69b8f116f1@group-C71F87FFE647: changes role from      null to FOLLOWER at term 0 for startAsFollower
2023-05-03 09:46:36,225 [pool-235-thread-1] INFO  impl.RoleInfo (RoleInfo.java:updateAndGet(139)) - 92994a6a-5606-4d63-9415-ab69b8f116f1: start 92994a6a-5606-4d63-9415-ab69b8f116f1@group-C71F87FFE647-FollowerState
2023-05-03 09:46:36,225 [pool-235-thread-1] INFO  util.JmxRegister (JmxRegister.java:tryRegister(44)) - Successfully registered JMX Bean with object name Ratis:service=RaftServer,group=group-C71F87FFE647,id=92994a6a-5606-4d63-9415-ab69b8f116f1
2023-05-03 09:46:36,225 [pool-235-thread-1] INFO  server.RaftServerConfigKeys (ConfUtils.java:logGet(46)) - raft.server.snapshot.auto.trigger.enabled = true (custom)
2023-05-03 09:46:36,225 [pool-235-thread-1] INFO  server.RaftServerConfigKeys (ConfUtils.java:logGet(46)) - raft.server.snapshot.auto.trigger.threshold = 10000 (custom)
2023-05-03 09:46:36,225 [pool-235-thread-1] INFO  server.RaftServerConfigKeys (ConfUtils.java:logGet(46)) - raft.server.snapshot.retention.file.num = 5 (custom)
2023-05-03 09:46:36,225 [pool-235-thread-1] INFO  server.RaftServerConfigKeys (ConfUtils.java:logGet(46)) - raft.server.log.purge.upto.snapshot.index = false (default)
2023-05-03 09:46:36,226 [92994a6a-5606-4d63-9415-ab69b8f116f1@group-C71F87FFE647-FollowerState] INFO  server.RaftServerConfigKeys (ConfUtils.java:logFallback(53)) - raft.server.rpc.first-election.timeout.min = 5s (fallback to raft.server.rpc.timeout.min)
2023-05-03 09:46:36,226 [EventQueue-OpenPipelineForHealthyPipelineSafeModeRule] WARN  balancer.ContainerBalancer (ContainerBalancer.java:shouldRun(132)) - Could not find persisted configuration for ContainerBalancer when checking if ContainerBalancer should run. ContainerBalancer should not run now.
2023-05-03 09:46:36,226 [92994a6a-5606-4d63-9415-ab69b8f116f1@group-C71F87FFE647-FollowerState] INFO  server.RaftServerConfigKeys (ConfUtils.java:logFallback(53)) - raft.server.rpc.first-election.timeout.max = 5200ms (fallback to raft.server.rpc.timeout.max)
2023-05-03 09:46:36,226 [Command processor thread] INFO  ratis.XceiverServerRatis (XceiverServerRatis.java:addGroup(806)) - Created group PipelineID=94d75032-0bdb-42b8-aef1-c71f87ffe647
2023-05-03 09:46:36,226 [Command processor thread] INFO  commandhandler.CreatePipelineCommandHandler (CreatePipelineCommandHandler.java:handle(113)) - Created Pipeline RATIS ONE PipelineID=94d75032-0bdb-42b8-aef1-c71f87ffe647.
2023-05-03 09:46:37,194 [Listener at 127.0.0.1/46113] INFO  ozone.MiniOzoneClusterImpl (MiniOzoneClusterImpl.java:lambda$waitForClusterToBeReady$0(223)) - Nodes are ready. Got 1 of 1 DN Heartbeats.
2023-05-03 09:46:37,194 [Listener at 127.0.0.1/46113] INFO  ozone.MiniOzoneClusterImpl (MiniOzoneClusterImpl.java:lambda$waitForClusterToBeReady$0(226)) - Cluster exits safe mode
2023-05-03 09:46:37,194 [Listener at 127.0.0.1/46113] INFO  ozone.MiniOzoneClusterImpl (MiniOzoneClusterImpl.java:lambda$waitForClusterToBeReady$0(228)) - SCM became leader
2023-05-03 09:46:37,215 [Listener at 127.0.0.1/46113] INFO  rpc.RpcClient (RpcClient.java:createVolume(476)) - Creating Volume: volume97005, with user99836 as owner and space quota set to -1 bytes, counts quota set to -1
2023-05-03 09:46:37,221 [OM StateMachine ApplyTransaction Thread - 0] INFO  volume.OMVolumeCreateRequest (OMVolumeCreateRequest.java:validateAndUpdateCache(195)) - created volume:volume97005 for user:user99836
2023-05-03 09:46:37,225 [Listener at 127.0.0.1/46113] INFO  rpc.RpcClient (RpcClient.java:createBucket(697)) - Creating Bucket: volume97005/bucket60576, with bucket layout LEGACY, runner as owner, Versioning false, Storage Type set to DISK and Encryption set to false, Replication Type set to server-side default replication type, Namespace Quota set to -1, Space Quota set to -1 
2023-05-03 09:46:37,234 [OM StateMachine ApplyTransaction Thread - 0] INFO  bucket.OMBucketCreateRequest (OMBucketCreateRequest.java:validateAndUpdateCache(270)) - created bucket: bucket60576 of layout LEGACY in volume: volume97005
2023-05-03 09:46:37,251 [IPC Server handler 1 on default port 43999] INFO  ha.SequenceIdGenerator (SequenceIdGenerator.java:getNextId(128)) - Allocate a batch for containerId, change lastId from 0 to 1000.
2023-05-03 09:46:37,252 [IPC Server handler 1 on default port 43999] WARN  ha.SequenceIdGenerator (SequenceIdGenerator.java:allocateBatch(237)) - Failed to allocate a batch for localId, expected lastId is 0, actual lastId is 111677748019200000.
2023-05-03 09:46:37,252 [IPC Server handler 1 on default port 43999] INFO  ha.SequenceIdGenerator (SequenceIdGenerator.java:getNextId(128)) - Allocate a batch for localId, change lastId from 111677748019200000 to 111677748019201000.
2023-05-03 09:46:41,365 [92994a6a-5606-4d63-9415-ab69b8f116f1@group-C71F87FFE647-FollowerState] INFO  impl.FollowerState (FollowerState.java:run(143)) - 92994a6a-5606-4d63-9415-ab69b8f116f1@group-C71F87FFE647-FollowerState: change to CANDIDATE, lastRpcElapsedTime:5140234807ns, electionTimeout:5139ms
2023-05-03 09:46:41,365 [92994a6a-5606-4d63-9415-ab69b8f116f1@group-C71F87FFE647-FollowerState] INFO  impl.RoleInfo (RoleInfo.java:shutdownFollowerState(110)) - 92994a6a-5606-4d63-9415-ab69b8f116f1: shutdown 92994a6a-5606-4d63-9415-ab69b8f116f1@group-C71F87FFE647-FollowerState
2023-05-03 09:46:41,365 [92994a6a-5606-4d63-9415-ab69b8f116f1@group-C71F87FFE647-FollowerState] INFO  server.RaftServer$Division (RaftServerImpl.java:setRole(321)) - 92994a6a-5606-4d63-9415-ab69b8f116f1@group-C71F87FFE647: changes role from  FOLLOWER to CANDIDATE at term 0 for changeToCandidate
2023-05-03 09:46:41,365 [92994a6a-5606-4d63-9415-ab69b8f116f1@group-C71F87FFE647-FollowerState] INFO  server.RaftServerConfigKeys (ConfUtils.java:logGet(46)) - raft.server.leaderelection.pre-vote = true (default)
2023-05-03 09:46:41,365 [92994a6a-5606-4d63-9415-ab69b8f116f1@group-C71F87FFE647-FollowerState] INFO  impl.RoleInfo (RoleInfo.java:updateAndGet(139)) - 92994a6a-5606-4d63-9415-ab69b8f116f1: start 92994a6a-5606-4d63-9415-ab69b8f116f1@group-C71F87FFE647-LeaderElection10
2023-05-03 09:46:41,371 [92994a6a-5606-4d63-9415-ab69b8f116f1@group-C71F87FFE647-LeaderElection10] INFO  impl.LeaderElection (LeaderElection.java:askForVotes(312)) - 92994a6a-5606-4d63-9415-ab69b8f116f1@group-C71F87FFE647-LeaderElection10 PRE_VOTE round 0: submit vote requests at term 0 for -1: peers:[92994a6a-5606-4d63-9415-ab69b8f116f1|rpc:10.1.0.194:44509|dataStream:10.1.0.194:36907|priority:1|startupRole:FOLLOWER]|listeners:[], old=null
2023-05-03 09:46:41,371 [92994a6a-5606-4d63-9415-ab69b8f116f1@group-C71F87FFE647-LeaderElection10] INFO  impl.LeaderElection (LeaderElection.java:askForVotes(314)) - 92994a6a-5606-4d63-9415-ab69b8f116f1@group-C71F87FFE647-LeaderElection10 PRE_VOTE round 0: result PASSED (term=0)
2023-05-03 09:46:41,372 [92994a6a-5606-4d63-9415-ab69b8f116f1@group-C71F87FFE647-LeaderElection10] INFO  impl.LeaderElection (LeaderElection.java:askForVotes(312)) - 92994a6a-5606-4d63-9415-ab69b8f116f1@group-C71F87FFE647-LeaderElection10 ELECTION round 0: submit vote requests at term 1 for -1: peers:[92994a6a-5606-4d63-9415-ab69b8f116f1|rpc:10.1.0.194:44509|dataStream:10.1.0.194:36907|priority:1|startupRole:FOLLOWER]|listeners:[], old=null
2023-05-03 09:46:41,372 [92994a6a-5606-4d63-9415-ab69b8f116f1@group-C71F87FFE647-LeaderElection10] INFO  impl.LeaderElection (LeaderElection.java:askForVotes(314)) - 92994a6a-5606-4d63-9415-ab69b8f116f1@group-C71F87FFE647-LeaderElection10 ELECTION round 0: result PASSED (term=1)
2023-05-03 09:46:41,372 [92994a6a-5606-4d63-9415-ab69b8f116f1@group-C71F87FFE647-LeaderElection10] INFO  impl.RoleInfo (RoleInfo.java:shutdownLeaderElection(130)) - 92994a6a-5606-4d63-9415-ab69b8f116f1: shutdown 92994a6a-5606-4d63-9415-ab69b8f116f1@group-C71F87FFE647-LeaderElection10
2023-05-03 09:46:41,372 [92994a6a-5606-4d63-9415-ab69b8f116f1@group-C71F87FFE647-LeaderElection10] INFO  server.RaftServer$Division (RaftServerImpl.java:setRole(321)) - 92994a6a-5606-4d63-9415-ab69b8f116f1@group-C71F87FFE647: changes role from CANDIDATE to LEADER at term 1 for changeToLeader
2023-05-03 09:46:41,372 [92994a6a-5606-4d63-9415-ab69b8f116f1@group-C71F87FFE647-LeaderElection10] INFO  ratis.XceiverServerRatis (XceiverServerRatis.java:handleLeaderChangedNotification(904)) - Leader change notification received for group: group-C71F87FFE647 with new leaderId: 92994a6a-5606-4d63-9415-ab69b8f116f1
2023-05-03 09:46:41,373 [92994a6a-5606-4d63-9415-ab69b8f116f1@group-C71F87FFE647-LeaderElection10] INFO  server.RaftServer$Division (ServerState.java:setLeader(313)) - 92994a6a-5606-4d63-9415-ab69b8f116f1@group-C71F87FFE647: change Leader from null to 92994a6a-5606-4d63-9415-ab69b8f116f1 at term 1 for becomeLeader, leader elected after 5168ms
2023-05-03 09:46:41,373 [92994a6a-5606-4d63-9415-ab69b8f116f1@group-C71F87FFE647-LeaderElection10] INFO  server.RaftServerConfigKeys (ConfUtils.java:logGet(46)) - raft.server.staging.catchup.gap = 1000 (default)
2023-05-03 09:46:41,373 [92994a6a-5606-4d63-9415-ab69b8f116f1@group-C71F87FFE647-LeaderElection10] INFO  server.RaftServerConfigKeys (ConfUtils.java:logGet(46)) - raft.server.write.element-limit = 1024 (custom)
2023-05-03 09:46:41,373 [92994a6a-5606-4d63-9415-ab69b8f116f1@group-C71F87FFE647-LeaderElection10] INFO  server.RaftServerConfigKeys (ConfUtils.java:logGet(46)) - raft.server.write.byte-limit = 1024 M (=1073741824) (custom)
2023-05-03 09:46:41,374 [92994a6a-5606-4d63-9415-ab69b8f116f1@group-C71F87FFE647-LeaderElection10] INFO  server.RaftServerConfigKeys (ConfUtils.java:logGet(46)) - raft.server.watch.timeout = 180s (custom)
2023-05-03 09:46:41,374 [92994a6a-5606-4d63-9415-ab69b8f116f1@group-C71F87FFE647-LeaderElection10] INFO  server.RaftServerConfigKeys (ConfUtils.java:logGet(46)) - raft.server.watch.timeout.denomination = 1s (default)
2023-05-03 09:46:41,374 [92994a6a-5606-4d63-9415-ab69b8f116f1@group-C71F87FFE647-LeaderElection10] INFO  server.RaftServerConfigKeys (ConfUtils.java:logGet(46)) - raft.server.watch.element-limit = 65536 (default)
2023-05-03 09:46:41,374 [92994a6a-5606-4d63-9415-ab69b8f116f1@group-C71F87FFE647-LeaderElection10] INFO  server.RaftServerConfigKeys (ConfUtils.java:logGet(46)) - raft.server.write.element-limit = 1024 (custom)
2023-05-03 09:46:41,374 [92994a6a-5606-4d63-9415-ab69b8f116f1@group-C71F87FFE647-LeaderElection10] INFO  server.RaftServerConfigKeys (ConfUtils.java:logGet(46)) - raft.server.write.follower.gap.ratio.max = -1.0 (default)
2023-05-03 09:46:41,374 [92994a6a-5606-4d63-9415-ab69b8f116f1@group-C71F87FFE647-LeaderElection10] INFO  impl.RoleInfo (RoleInfo.java:updateAndGet(139)) - 92994a6a-5606-4d63-9415-ab69b8f116f1: start 92994a6a-5606-4d63-9415-ab69b8f116f1@group-C71F87FFE647-LeaderStateImpl
2023-05-03 09:46:41,375 [92994a6a-5606-4d63-9415-ab69b8f116f1@group-C71F87FFE647-LeaderElection10] INFO  segmented.SegmentedRaftLogWorker (SegmentedRaftLogWorker.java:startLogSegment(452)) - 92994a6a-5606-4d63-9415-ab69b8f116f1@group-C71F87FFE647-SegmentedRaftLogWorker: Starting segment from index:0
2023-05-03 09:46:41,376 [92994a6a-5606-4d63-9415-ab69b8f116f1@group-C71F87FFE647-SegmentedRaftLogWorker] INFO  segmented.SegmentedRaftLogWorker (SegmentedRaftLogWorker.java:execute(656)) - 92994a6a-5606-4d63-9415-ab69b8f116f1@group-C71F87FFE647-SegmentedRaftLogWorker: created new log segment /home/runner/work/ozone/ozone/hadoop-ozone/integration-test/target/test-dir/MiniOzoneClusterImpl-a0e32f1b-c57c-46aa-bf19-5d8e384e89ec/datanode-0/data/ratis/94d75032-0bdb-42b8-aef1-c71f87ffe647/current/log_inprogress_0
2023-05-03 09:46:41,379 [92994a6a-5606-4d63-9415-ab69b8f116f1@group-C71F87FFE647-LeaderElection10] INFO  server.RaftServer$Division (ServerState.java:setRaftConf(430)) - 92994a6a-5606-4d63-9415-ab69b8f116f1@group-C71F87FFE647: set configuration 0: peers:[92994a6a-5606-4d63-9415-ab69b8f116f1|rpc:10.1.0.194:44509|dataStream:10.1.0.194:36907|priority:1|startupRole:FOLLOWER]|listeners:[], old=null
2023-05-03 09:46:53,509 [Listener at 127.0.0.1/46113] INFO  ha.SequenceIdGenerator (SequenceIdGenerator.java:getNextId(128)) - Allocate a batch for delTxnId, change lastId from 0 to 1000.
2023-05-03 09:46:53,534 [SCMBlockDeletingService#0] INFO  block.SCMBlockDeletingService (SCMBlockDeletingService.java:call(198)) - Totally added 2 blocks to be deleted for 1 datanodes, task elapsed time: 0ms
2023-05-03 09:46:54,011 [Listener at 127.0.0.1/46113] INFO  ozone.MiniOzoneClusterImpl (MiniOzoneClusterImpl.java:shutdown(456)) - Shutting down the Mini Ozone Cluster
2023-05-03 09:46:54,011 [Listener at 127.0.0.1/46113] INFO  ozone.MiniOzoneClusterImpl (MiniOzoneClusterImpl.java:stop(474)) - Stopping the Mini Ozone Cluster
2023-05-03 09:46:54,011 [Listener at 127.0.0.1/46113] INFO  ozone.MiniOzoneClusterImpl (MiniOzoneClusterImpl.java:stopOM(560)) - Stopping the OzoneManager
2023-05-03 09:46:54,011 [Listener at 127.0.0.1/46113] INFO  om.OzoneManager (OzoneManager.java:stop(2165)) - om1[localhost:0]: Stopping Ozone Manager
2023-05-03 09:46:54,011 [Listener at 127.0.0.1/46113] INFO  ipc.Server (Server.java:stop(3501)) - Stopping server on 46113
2023-05-03 09:46:54,014 [IPC Server listener on 0] INFO  ipc.Server (Server.java:run(1430)) - Stopping IPC Server listener on 0
2023-05-03 09:46:54,015 [IPC Server Responder] INFO  ipc.Server (Server.java:run(1563)) - Stopping IPC Server Responder
2023-05-03 09:46:54,016 [Listener at 127.0.0.1/46113] INFO  server.RaftServer (RaftServerProxy.java:lambda$close$6(409)) - om1: close
2023-05-03 09:46:54,016 [Listener at 127.0.0.1/46113] INFO  server.GrpcService (GrpcService.java:closeImpl(271)) - om1: shutdown server GrpcServerProtocolService now
2023-05-03 09:46:54,016 [om1-impl-thread1] INFO  server.RaftServer$Division (RaftServerImpl.java:lambda$close$4(458)) - om1@group-C5BA1605619E: shutdown
2023-05-03 09:46:54,016 [om1-impl-thread1] INFO  util.JmxRegister (JmxRegister.java:unregister(73)) - Successfully un-registered JMX Bean with object name Ratis:service=RaftServer,group=group-C5BA1605619E,id=om1
2023-05-03 09:46:54,016 [om1-impl-thread1] INFO  impl.RoleInfo (RoleInfo.java:shutdownLeaderState(93)) - om1: shutdown om1@group-C5BA1605619E-LeaderStateImpl
2023-05-03 09:46:54,017 [om1-impl-thread1] INFO  impl.PendingRequests (PendingRequests.java:sendNotLeaderResponses(282)) - om1@group-C5BA1605619E-PendingRequests: sendNotLeaderResponses
2023-05-03 09:46:54,020 [om1-impl-thread1] INFO  impl.StateMachineUpdater (StateMachineUpdater.java:stopAndJoin(153)) - om1@group-C5BA1605619E-StateMachineUpdater: set stopIndex = 64
2023-05-03 09:46:54,020 [om1@group-C5BA1605619E-StateMachineUpdater] INFO  ratis.OzoneManagerStateMachine (OzoneManagerStateMachine.java:takeSnapshot(479)) - Current Snapshot Index (t:1, i:64)
2023-05-03 09:46:54,020 [Listener at 127.0.0.1/46113] INFO  server.GrpcService (GrpcService.java:closeImpl(280)) - om1: shutdown server GrpcServerProtocolService successfully
2023-05-03 09:46:54,033 [om1@group-C5BA1605619E-StateMachineUpdater] INFO  impl.StateMachineUpdater (StateMachineUpdater.java:takeSnapshot(287)) - om1@group-C5BA1605619E-StateMachineUpdater: Took a snapshot at index 64
2023-05-03 09:46:54,033 [om1@group-C5BA1605619E-StateMachineUpdater] INFO  impl.StateMachineUpdater (StateMachineUpdater.java:lambda$new$0(92)) - om1@group-C5BA1605619E-StateMachineUpdater: snapshotIndex: updateIncreasingly -1 -> 64
2023-05-03 09:46:54,033 [om1@group-C5BA1605619E-StateMachineUpdater] INFO  ratis.OzoneManagerStateMachine (OzoneManagerStateMachine.java:close(533)) - StateMachine has shutdown. Shutdown OzoneManager if not already shutdown.
2023-05-03 09:46:54,033 [om1@group-C5BA1605619E-StateMachineUpdater] INFO  ratis.OzoneManagerDoubleBuffer (OzoneManagerDoubleBuffer.java:stopDaemon(540)) - Stopping OMDoubleBuffer flush thread
2023-05-03 09:46:54,033 [OMDoubleBufferFlushThread] INFO  ratis.OzoneManagerDoubleBuffer (OzoneManagerDoubleBuffer.java:canFlush(625)) - OMDoubleBuffer flush thread OMDoubleBufferFlushThread is interrupted and will exit.
2023-05-03 09:46:54,034 [om1-impl-thread1] INFO  server.RaftServer$Division (ServerState.java:close(466)) - om1@group-C5BA1605619E: closes. applyIndex: 64
2023-05-03 09:46:54,034 [om1@group-C5BA1605619E-SegmentedRaftLogWorker] INFO  segmented.SegmentedRaftLogWorker (SegmentedRaftLogWorker.java:run(347)) - om1@group-C5BA1605619E-SegmentedRaftLogWorker was interrupted, exiting. There are 0 tasks remaining in the queue.
2023-05-03 09:46:54,035 [om1-impl-thread1] INFO  segmented.SegmentedRaftLogWorker (SegmentedRaftLogWorker.java:close(257)) - om1@group-C5BA1605619E-SegmentedRaftLogWorker close()
2023-05-03 09:46:54,035 [SCMBlockDeletingService#0] INFO  block.SCMBlockDeletingService (SCMBlockDeletingService.java:call(198)) - Totally added 2 blocks to be deleted for 1 datanodes, task elapsed time: 1ms
2023-05-03 09:46:54,035 [JvmPauseMonitor4] INFO  util.JvmPauseMonitor (JvmPauseMonitor.java:run(111)) - JvmPauseMonitor-om1: Stopped
2023-05-03 09:46:54,035 [Listener at 127.0.0.1/46113] INFO  ratis.OzoneManagerStateMachine (OzoneManagerStateMachine.java:close(533)) - StateMachine has shutdown. Shutdown OzoneManager if not already shutdown.
2023-05-03 09:46:54,035 [Listener at 127.0.0.1/46113] INFO  ratis.OzoneManagerDoubleBuffer (OzoneManagerDoubleBuffer.java:stopDaemon(549)) - OMDoubleBuffer flush thread is not running.
2023-05-03 09:46:54,036 [Listener at 127.0.0.1/46113] INFO  utils.BackgroundService (BackgroundService.java:shutdown(141)) - Shutting down service KeyDeletingService
2023-05-03 09:46:54,036 [Listener at 127.0.0.1/46113] INFO  utils.BackgroundService (BackgroundService.java:shutdown(141)) - Shutting down service KeyDeletingService
2023-05-03 09:46:54,036 [Listener at 127.0.0.1/46113] INFO  utils.BackgroundService (BackgroundService.java:shutdown(141)) - Shutting down service OpenKeyCleanupService
2023-05-03 09:46:54,036 [Listener at 127.0.0.1/46113] INFO  utils.BackgroundService (BackgroundService.java:shutdown(141)) - Shutting down service SstFilteringService
2023-05-03 09:46:54,036 [Listener at 127.0.0.1/46113] INFO  utils.BackgroundService (BackgroundService.java:shutdown(141)) - Shutting down service SnapshotDeletingService
2023-05-03 09:46:54,037 [Listener at 127.0.0.1/46113] INFO  handler.ContextHandler (ContextHandler.java:doStop(1159)) - Stopped o.e.j.w.WebAppContext@20c104eb{ozoneManager,/,null,STOPPED}{file:/home/runner/work/ozone/ozone/hadoop-ozone/integration-test/target/test-classes/webapps/ozoneManager}
2023-05-03 09:46:54,037 [Listener at 127.0.0.1/46113] INFO  server.AbstractConnector (AbstractConnector.java:doStop(383)) - Stopped ServerConnector@bd2dbd6{HTTP/1.1, (http/1.1)}{0.0.0.0:0}
2023-05-03 09:46:54,037 [Listener at 127.0.0.1/46113] INFO  server.session (HouseKeeper.java:stopScavenging(149)) - node0 Stopped scavenging
2023-05-03 09:46:54,038 [Listener at 127.0.0.1/46113] INFO  handler.ContextHandler (ContextHandler.java:doStop(1159)) - Stopped o.e.j.s.ServletContextHandler@19eb656a{static,/static,file:///home/runner/work/ozone/ozone/hadoop-ozone/integration-test/target/test-classes/webapps/static,STOPPED}
2023-05-03 09:46:54,038 [Listener at 127.0.0.1/46113] INFO  handler.ContextHandler (ContextHandler.java:doStop(1159)) - Stopped o.e.j.s.ServletContextHandler@6dcd81a0{logs,/logs,file:///home/runner/work/ozone/ozone/hadoop-ozone/integration-test/target/log,STOPPED}
2023-05-03 09:46:54,040 [Listener at 127.0.0.1/46113] INFO  utils.BackgroundService (BackgroundService.java:shutdown(141)) - Shutting down service SnapshotDiffCleanupService
2023-05-03 09:46:54,045 [Listener at 127.0.0.1/46113] INFO  ozone.MiniOzoneClusterImpl (MiniOzoneClusterImpl.java:stopDatanodes(537)) - Stopping the HddsDatanodes
2023-05-03 09:46:54,046 [Listener at 127.0.0.1/46113] INFO  ozoneimpl.OzoneContainer (OzoneContainer.java:stop(419)) - Attempting to stop container services.
2023-05-03 09:46:54,047 [Listener at 127.0.0.1/46113] INFO  server.RaftServer (RaftServerProxy.java:lambda$close$6(409)) - 92994a6a-5606-4d63-9415-ab69b8f116f1: close
2023-05-03 09:46:54,047 [92994a6a-5606-4d63-9415-ab69b8f116f1-impl-thread1] INFO  server.RaftServer$Division (RaftServerImpl.java:lambda$close$4(458)) - 92994a6a-5606-4d63-9415-ab69b8f116f1@group-C71F87FFE647: shutdown
2023-05-03 09:46:54,047 [92994a6a-5606-4d63-9415-ab69b8f116f1-impl-thread1] INFO  util.JmxRegister (JmxRegister.java:unregister(73)) - Successfully un-registered JMX Bean with object name Ratis:service=RaftServer,group=group-C71F87FFE647,id=92994a6a-5606-4d63-9415-ab69b8f116f1
2023-05-03 09:46:54,047 [92994a6a-5606-4d63-9415-ab69b8f116f1-impl-thread1] INFO  impl.RoleInfo (RoleInfo.java:shutdownLeaderState(93)) - 92994a6a-5606-4d63-9415-ab69b8f116f1: shutdown 92994a6a-5606-4d63-9415-ab69b8f116f1@group-C71F87FFE647-LeaderStateImpl
2023-05-03 09:46:54,047 [92994a6a-5606-4d63-9415-ab69b8f116f1-impl-thread1] INFO  impl.PendingRequests (PendingRequests.java:sendNotLeaderResponses(282)) - 92994a6a-5606-4d63-9415-ab69b8f116f1@group-C71F87FFE647-PendingRequests: sendNotLeaderResponses
2023-05-03 09:46:54,048 [92994a6a-5606-4d63-9415-ab69b8f116f1-impl-thread1] INFO  impl.StateMachineUpdater (StateMachineUpdater.java:stopAndJoin(153)) - 92994a6a-5606-4d63-9415-ab69b8f116f1@group-C71F87FFE647-StateMachineUpdater: set stopIndex = 51
2023-05-03 09:46:54,048 [Listener at 127.0.0.1/46113] INFO  server.GrpcService (GrpcService.java:closeImpl(271)) - 92994a6a-5606-4d63-9415-ab69b8f116f1: shutdown server GrpcServerProtocolService now
2023-05-03 09:46:54,048 [92994a6a-5606-4d63-9415-ab69b8f116f1@group-C71F87FFE647-StateMachineUpdater] INFO  ratis.ContainerStateMachine (ContainerStateMachine.java:takeSnapshot(330)) - group-C71F87FFE647: Taking a snapshot at:(t:1, i:51) file /home/runner/work/ozone/ozone/hadoop-ozone/integration-test/target/test-dir/MiniOzoneClusterImpl-a0e32f1b-c57c-46aa-bf19-5d8e384e89ec/datanode-0/data/ratis/94d75032-0bdb-42b8-aef1-c71f87ffe647/sm/snapshot.1_51
2023-05-03 09:46:54,049 [Listener at 127.0.0.1/46113] INFO  server.GrpcService (GrpcService.java:closeImpl(280)) - 92994a6a-5606-4d63-9415-ab69b8f116f1: shutdown server GrpcServerProtocolService successfully
2023-05-03 09:46:54,049 [92994a6a-5606-4d63-9415-ab69b8f116f1@group-C71F87FFE647-StateMachineUpdater] INFO  ratis.ContainerStateMachine (ContainerStateMachine.java:takeSnapshot(341)) - group-C71F87FFE647: Finished taking a snapshot at:(t:1, i:51) file:/home/runner/work/ozone/ozone/hadoop-ozone/integration-test/target/test-dir/MiniOzoneClusterImpl-a0e32f1b-c57c-46aa-bf19-5d8e384e89ec/datanode-0/data/ratis/94d75032-0bdb-42b8-aef1-c71f87ffe647/sm/snapshot.1_51 took: 1 ms
2023-05-03 09:46:54,049 [92994a6a-5606-4d63-9415-ab69b8f116f1@group-C71F87FFE647-StateMachineUpdater] INFO  impl.StateMachineUpdater (StateMachineUpdater.java:takeSnapshot(287)) - 92994a6a-5606-4d63-9415-ab69b8f116f1@group-C71F87FFE647-StateMachineUpdater: Took a snapshot at index 51
2023-05-03 09:46:54,049 [92994a6a-5606-4d63-9415-ab69b8f116f1@group-C71F87FFE647-StateMachineUpdater] INFO  impl.StateMachineUpdater (StateMachineUpdater.java:lambda$new$0(92)) - 92994a6a-5606-4d63-9415-ab69b8f116f1@group-C71F87FFE647-StateMachineUpdater: snapshotIndex: updateIncreasingly -1 -> 51
2023-05-03 09:46:54,050 [92994a6a-5606-4d63-9415-ab69b8f116f1-impl-thread1] INFO  server.RaftServer$Division (ServerState.java:close(466)) - 92994a6a-5606-4d63-9415-ab69b8f116f1@group-C71F87FFE647: closes. applyIndex: 51
2023-05-03 09:46:54,050 [92994a6a-5606-4d63-9415-ab69b8f116f1-NettyServerStreamRpc-bossGroup--thread1] INFO  logging.LoggingHandler (AbstractInternalLogger.java:log(148)) - [id: 0xb8d99b7a, L:/0:0:0:0:0:0:0:0:36907] CLOSE
2023-05-03 09:46:54,050 [92994a6a-5606-4d63-9415-ab69b8f116f1-NettyServerStreamRpc-bossGroup--thread1] INFO  logging.LoggingHandler (AbstractInternalLogger.java:log(148)) - [id: 0xb8d99b7a, L:/0:0:0:0:0:0:0:0:36907] INACTIVE
2023-05-03 09:46:54,051 [92994a6a-5606-4d63-9415-ab69b8f116f1-NettyServerStreamRpc-bossGroup--thread1] INFO  logging.LoggingHandler (AbstractInternalLogger.java:log(148)) - [id: 0xb8d99b7a, L:/0:0:0:0:0:0:0:0:36907] UNREGISTERED
2023-05-03 09:46:54,051 [92994a6a-5606-4d63-9415-ab69b8f116f1@group-C71F87FFE647-SegmentedRaftLogWorker] INFO  segmented.SegmentedRaftLogWorker (SegmentedRaftLogWorker.java:run(347)) - 92994a6a-5606-4d63-9415-ab69b8f116f1@group-C71F87FFE647-SegmentedRaftLogWorker was interrupted, exiting. There are 0 tasks remaining in the queue.
2023-05-03 09:46:54,055 [92994a6a-5606-4d63-9415-ab69b8f116f1-impl-thread1] INFO  segmented.SegmentedRaftLogWorker (SegmentedRaftLogWorker.java:close(257)) - 92994a6a-5606-4d63-9415-ab69b8f116f1@group-C71F87FFE647-SegmentedRaftLogWorker close()
2023-05-03 09:46:54,060 [JvmPauseMonitor5] INFO  util.JvmPauseMonitor (JvmPauseMonitor.java:run(111)) - JvmPauseMonitor-92994a6a-5606-4d63-9415-ab69b8f116f1: Stopped
2023-05-03 09:46:56,068 [Listener at 127.0.0.1/46113] INFO  volume.HddsVolume (HddsVolume.java:closeDbStore(437)) - SchemaV3 db is stopped at /home/runner/work/ozone/ozone/hadoop-ozone/integration-test/target/test-dir/MiniOzoneClusterImpl-a0e32f1b-c57c-46aa-bf19-5d8e384e89ec/datanode-0/data-0/containers/hdds/a0e32f1b-c57c-46aa-bf19-5d8e384e89ec/DS-1244e8cd-b0af-4e54-bcbe-4a1a5c7fe55d/container.db for volume DS-1244e8cd-b0af-4e54-bcbe-4a1a5c7fe55d
2023-05-03 09:46:56,068 [Listener at 127.0.0.1/46113] INFO  utils.BackgroundService (BackgroundService.java:shutdown(141)) - Shutting down service BlockDeletingService
2023-05-03 09:46:56,069 [Listener at 127.0.0.1/46113] INFO  utils.BackgroundService (BackgroundService.java:shutdown(141)) - Shutting down service StaleRecoveringContainerScrubbingService
2023-05-03 09:46:56,070 [Listener at 127.0.0.1/46113] INFO  statemachine.DatanodeStateMachine (DatanodeStateMachine.java:stopDaemon(603)) - Ozone container server stopped.
2023-05-03 09:46:56,078 [Listener at 127.0.0.1/46113] INFO  handler.ContextHandler (ContextHandler.java:doStop(1159)) - Stopped o.e.j.w.WebAppContext@3fd6f4ae{hddsDatanode,/,null,STOPPED}{jar:file:/home/runner/.m2/repository/org/apache/ozone/hdds-container-service/1.4.0-SNAPSHOT/hdds-container-service-1.4.0-SNAPSHOT.jar!/webapps/hddsDatanode}
2023-05-03 09:46:56,080 [Listener at 127.0.0.1/46113] INFO  server.AbstractConnector (AbstractConnector.java:doStop(383)) - Stopped ServerConnector@9195c0c{HTTP/1.1, (http/1.1)}{0.0.0.0:0}
2023-05-03 09:46:56,080 [Listener at 127.0.0.1/46113] INFO  server.session (HouseKeeper.java:stopScavenging(149)) - node0 Stopped scavenging
2023-05-03 09:46:56,081 [Listener at 127.0.0.1/46113] INFO  handler.ContextHandler (ContextHandler.java:doStop(1159)) - Stopped o.e.j.s.ServletContextHandler@2540d8f8{static,/static,jar:file:/home/runner/.m2/repository/org/apache/ozone/hdds-container-service/1.4.0-SNAPSHOT/hdds-container-service-1.4.0-SNAPSHOT.jar!/webapps/static,STOPPED}
2023-05-03 09:46:56,082 [Listener at 127.0.0.1/46113] INFO  handler.ContextHandler (ContextHandler.java:doStop(1159)) - Stopped o.e.j.s.ServletContextHandler@12af6dd1{logs,/logs,file:///home/runner/work/ozone/ozone/hadoop-ozone/integration-test/target/log,STOPPED}
2023-05-03 09:46:56,084 [Listener at 127.0.0.1/46113] INFO  ozone.MiniOzoneClusterImpl (MiniOzoneClusterImpl.java:stopSCM(552)) - Stopping the StorageContainerManager
2023-05-03 09:46:56,084 [Listener at 127.0.0.1/46113] INFO  server.StorageContainerManager (StorageContainerManager.java:stop(1578)) - Container Balancer is not running.
2023-05-03 09:46:56,084 [Listener at 127.0.0.1/46113] INFO  server.StorageContainerManager (StorageContainerManager.java:stopReplicationManager(1709)) - Stopping Replication Manager Service.
2023-05-03 09:46:56,084 [Listener at 127.0.0.1/46113] INFO  replication.ReplicationManager (ReplicationManager.java:stop(324)) - Stopping Replication Monitor Thread.
2023-05-03 09:46:56,084 [Listener at 127.0.0.1/46113] INFO  server.StorageContainerManager (StorageContainerManager.java:stop(1587)) - Stopping the Datanode Admin Monitor.
2023-05-03 09:46:56,084 [Under Replicated Processor] WARN  replication.UnhealthyReplicationProcessor (UnhealthyReplicationProcessor.java:run(167)) - Under Replicated Processor interrupted. Exiting...
2023-05-03 09:46:56,084 [Listener at 127.0.0.1/46113] INFO  server.StorageContainerManager (StorageContainerManager.java:stop(1594)) - Stopping datanode service RPC server
2023-05-03 09:46:56,084 [Listener at 127.0.0.1/46113] INFO  server.SCMDatanodeProtocolServer (SCMDatanodeProtocolServer.java:stop(424)) - Stopping the RPC server for DataNodes
2023-05-03 09:46:56,084 [Listener at 127.0.0.1/46113] INFO  ipc.Server (Server.java:stop(3501)) - Stopping server on 41095
2023-05-03 09:46:56,084 [ReplicationMonitor] INFO  replication.ReplicationManager (ReplicationManager.java:run(934)) - Replication Monitor Thread is stopped
2023-05-03 09:46:56,084 [Over Replicated Processor] WARN  replication.UnhealthyReplicationProcessor (UnhealthyReplicationProcessor.java:run(167)) - Over Replicated Processor interrupted. Exiting...
2023-05-03 09:46:56,088 [IPC Server Responder] INFO  ipc.Server (Server.java:run(1563)) - Stopping IPC Server Responder
2023-05-03 09:46:56,089 [IPC Server listener on 0] INFO  ipc.Server (Server.java:run(1430)) - Stopping IPC Server listener on 0
2023-05-03 09:46:57,944 [SCM Heartbeat Processing Thread - 0] WARN  node.NodeStateManager (NodeStateManager.java:scheduleNextHealthCheck(870)) - Current Thread is interrupted, shutting down HB processing thread for Node Manager.
2023-05-03 09:46:57,944 [Listener at 127.0.0.1/46113] INFO  server.StorageContainerManager (StorageContainerManager.java:stop(1602)) - Stopping block service RPC server
2023-05-03 09:46:57,944 [Listener at 127.0.0.1/46113] INFO  server.SCMBlockProtocolServer (SCMBlockProtocolServer.java:stop(161)) - Stopping the RPC server for Block Protocol
2023-05-03 09:46:57,944 [Listener at 127.0.0.1/46113] INFO  ipc.Server (Server.java:stop(3501)) - Stopping server on 43999
2023-05-03 09:46:57,946 [IPC Server listener on 0] INFO  ipc.Server (Server.java:run(1430)) - Stopping IPC Server listener on 0
2023-05-03 09:46:57,946 [IPC Server Responder] INFO  ipc.Server (Server.java:run(1563)) - Stopping IPC Server Responder
2023-05-03 09:46:57,947 [Listener at 127.0.0.1/46113] INFO  server.StorageContainerManager (StorageContainerManager.java:stop(1609)) - Stopping the StorageContainerLocationProtocol RPC server
2023-05-03 09:46:57,947 [Listener at 127.0.0.1/46113] INFO  server.SCMClientProtocolServer (SCMClientProtocolServer.java:stop(208)) - Stopping the RPC server for Client Protocol
2023-05-03 09:46:57,947 [Listener at 127.0.0.1/46113] INFO  ipc.Server (Server.java:stop(3501)) - Stopping server on 45711
2023-05-03 09:46:57,947 [Listener at 127.0.0.1/46113] INFO  server.StorageContainerManager (StorageContainerManager.java:stop(1616)) - Stopping Storage Container Manager HTTP server.
2023-05-03 09:46:57,948 [IPC Server listener on 0] INFO  ipc.Server (Server.java:run(1430)) - Stopping IPC Server listener on 0
2023-05-03 09:46:57,947 [IPC Server Responder] INFO  ipc.Server (Server.java:run(1563)) - Stopping IPC Server Responder
2023-05-03 09:46:57,949 [Listener at 127.0.0.1/46113] INFO  handler.ContextHandler (ContextHandler.java:doStop(1159)) - Stopped o.e.j.w.WebAppContext@1a9b1d03{scm,/,null,STOPPED}{file:/home/runner/work/ozone/ozone/hadoop-ozone/integration-test/target/test-classes/webapps/scm}
2023-05-03 09:46:57,950 [Listener at 127.0.0.1/46113] INFO  server.AbstractConnector (AbstractConnector.java:doStop(383)) - Stopped ServerConnector@6ea7ba05{HTTP/1.1, (http/1.1)}{0.0.0.0:0}
2023-05-03 09:46:57,950 [Listener at 127.0.0.1/46113] INFO  server.session (HouseKeeper.java:stopScavenging(149)) - node0 Stopped scavenging
2023-05-03 09:46:57,950 [Listener at 127.0.0.1/46113] INFO  handler.ContextHandler (ContextHandler.java:doStop(1159)) - Stopped o.e.j.s.ServletContextHandler@77a26482{static,/static,file:///home/runner/work/ozone/ozone/hadoop-ozone/integration-test/target/test-classes/webapps/static,STOPPED}
2023-05-03 09:46:57,950 [Listener at 127.0.0.1/46113] INFO  handler.ContextHandler (ContextHandler.java:doStop(1159)) - Stopped o.e.j.s.ServletContextHandler@50242399{logs,/logs,file:///home/runner/work/ozone/ozone/hadoop-ozone/integration-test/target/log,STOPPED}
2023-05-03 09:46:57,951 [Listener at 127.0.0.1/46113] INFO  server.StorageContainerManager (StorageContainerManager.java:stop(1624)) - Stopping SCM LayoutVersionManager Service.
2023-05-03 09:46:57,951 [Listener at 127.0.0.1/46113] INFO  server.StorageContainerManager (StorageContainerManager.java:stop(1632)) - Stopping Block Manager Service.
2023-05-03 09:46:57,951 [Listener at 127.0.0.1/46113] INFO  utils.BackgroundService (BackgroundService.java:shutdown(141)) - Shutting down service SCMBlockDeletingService
2023-05-03 09:46:57,952 [Listener at 127.0.0.1/46113] INFO  utils.BackgroundService (BackgroundService.java:shutdown(141)) - Shutting down service SCMBlockDeletingService
2023-05-03 09:46:57,952 [Listener at 127.0.0.1/46113] INFO  server.StorageContainerManager (StorageContainerManager.java:stop(1654)) - Stopping SCM Event Queue.
2023-05-03 09:46:57,953 [Listener at 127.0.0.1/46113] INFO  server.StorageContainerManager (StorageContainerManager.java:stop(1665)) - Stopping SCM HA services.
2023-05-03 09:46:57,953 [Listener at 127.0.0.1/46113] INFO  pipeline.BackgroundPipelineCreator (BackgroundPipelineCreator.java:stop(149)) - Stopping RatisPipelineUtilsThread.
2023-05-03 09:46:57,954 [RatisPipelineUtilsThread - 0] WARN  pipeline.BackgroundPipelineCreator (BackgroundPipelineCreator.java:run(180)) - RatisPipelineUtilsThread is interrupted.
2023-05-03 09:46:57,954 [BackgroundPipelineScrubberThread] WARN  BackgroundPipelineScrubber (BackgroundSCMService.java:run(115)) - BackgroundPipelineScrubber is interrupted, exit
2023-05-03 09:46:57,954 [Listener at 127.0.0.1/46113] INFO  BackgroundPipelineScrubber (BackgroundSCMService.java:stop(131)) - Stopping BackgroundPipelineScrubber Service.
2023-05-03 09:46:57,954 [Listener at 127.0.0.1/46113] INFO  impl.MetricsSystemImpl (MetricsSystemImpl.java:stop(210)) - Stopping HddsDatanode metrics system...
2023-05-03 09:46:57,961 [prometheus] INFO  impl.MetricsSinkAdapter (MetricsSinkAdapter.java:publishMetricsFromQueue(141)) - prometheus thread interrupted.
2023-05-03 09:46:57,962 [Listener at 127.0.0.1/46113] INFO  impl.MetricsSystemImpl (MetricsSystemImpl.java:stop(216)) - HddsDatanode metrics system stopped.
2023-05-03 09:46:57,962 [Listener at 127.0.0.1/46113] WARN  pipeline.BackgroundPipelineCreator (BackgroundPipelineCreator.java:stop(145)) - RatisPipelineUtilsThread is not running, just ignore.
2023-05-03 09:46:57,962 [Listener at 127.0.0.1/46113] INFO  BackgroundPipelineScrubber (BackgroundSCMService.java:stop(126)) - BackgroundPipelineScrubber Service is not running, skip stop.
2023-05-03 09:46:57,962 [Listener at 127.0.0.1/46113] INFO  ExpiredContainerReplicaOpScrubber (BackgroundSCMService.java:stop(131)) - Stopping ExpiredContainerReplicaOpScrubber Service.
2023-05-03 09:46:57,962 [ExpiredContainerReplicaOpScrubberThread] WARN  ExpiredContainerReplicaOpScrubber (BackgroundSCMService.java:run(115)) - ExpiredContainerReplicaOpScrubber is interrupted, exit
2023-05-03 09:46:57,962 [Listener at 127.0.0.1/46113] INFO  utils.BackgroundService (BackgroundService.java:shutdown(141)) - Shutting down service SCMBlockDeletingService
2023-05-03 09:46:57,962 [Listener at 127.0.0.1/46113] INFO  replication.ReplicationManager (ReplicationManager.java:stop(334)) - Replication Monitor Thread is not running.
2023-05-03 09:46:57,962 [Listener at 127.0.0.1/46113] WARN  balancer.ContainerBalancer (ContainerBalancer.java:stop(324)) - Cannot stop Container Balancer because it's not running or stopping
2023-05-03 09:46:57,962 [Listener at 127.0.0.1/46113] INFO  server.StorageContainerManager (StorageContainerManager.java:stop(1700)) - Stopping SCM MetadataStore.
]]></system-out>
  </testcase>
  <testcase name="testSCMReinitialization" classname="org.apache.hadoop.ozone.TestStorageContainerManager" time="18.408">
    <system-out><![CDATA[2023-05-03 09:46:57,998 [Time-limited test] WARN  server.ServerUtils (ServerUtils.java:getScmDbDir(148)) - ozone.scm.db.dirs is not configured. We recommend adding this setting. Falling back to ozone.metadata.dirs instead.
2023-05-03 09:46:58,000 [Time-limited test] WARN  server.ServerUtils (ServerUtils.java:getScmDbDir(148)) - ozone.scm.db.dirs is not configured. We recommend adding this setting. Falling back to ozone.metadata.dirs instead.
2023-05-03 09:46:58,000 [Time-limited test] INFO  ha.SCMHANodeDetails (SCMHANodeDetails.java:loadSCMHAConfig(209)) - ServiceID for StorageContainerManager is null
2023-05-03 09:46:58,000 [Time-limited test] WARN  ha.SCMHANodeDetails (SCMHANodeDetails.java:validateSCMHAConfig(182)) - Invalid config ozone.scm.ratis.enable. The config was not specified, but the default value true conflicts with the expected config value false. Falling back to the expected value. Current State of SCM: SCM is running in Non-HA without Ratis Ratis SCM -> Non Ratis SCM or Non HA SCM -> HA SCM is not supported
2023-05-03 09:46:58,001 [Time-limited test] INFO  ha.SCMHANodeDetails (SCMHANodeDetails.java:loadSCMHAConfig(214)) - ozone.scm.default.service.id is not defined, falling back to ozone.scm.service.ids to find serviceID for StorageContainerManager if it is HA enabled cluster
2023-05-03 09:46:58,001 [Time-limited test] WARN  utils.HAUtils (HAUtils.java:getMetaDir(350)) - ozone.scm.db.dirs is not configured. We recommend adding this setting. Falling back to ozone.metadata.dirs instead.
2023-05-03 09:46:58,001 [Time-limited test] WARN  db.DBStoreBuilder (DBStoreBuilder.java:applyDBDefinition(165)) - ozone.scm.db.dirs is not configured. We recommend adding this setting. Falling back to ozone.metadata.dirs instead.
2023-05-03 09:46:58,081 [Time-limited test] INFO  net.NodeSchemaLoader (NodeSchemaLoader.java:loadSchemaFromFile(129)) - Loading schema from [jar:file:/home/runner/.m2/repository/org/apache/ozone/hdds-common/1.4.0-SNAPSHOT/hdds-common-1.4.0-SNAPSHOT.jar!/network-topology-default.xml]
2023-05-03 09:46:58,081 [Time-limited test] INFO  net.NodeSchemaLoader (NodeSchemaLoader.java:loadSchema(176)) - Loading network topology layer schema file
2023-05-03 09:46:58,087 [Time-limited test] INFO  upgrade.AbstractLayoutVersionManager (AbstractLayoutVersionManager.java:init(83)) - Initializing Layout version manager with metadata layout = WEBUI_PORTS_IN_DATANODEDETAILS (version = 6), software layout = WEBUI_PORTS_IN_DATANODEDETAILS (version = 6)
2023-05-03 09:46:58,134 [Time-limited test] INFO  reflections.Reflections (Reflections.java:scan(232)) - Reflections took 46 ms to scan 7 urls, producing 156 keys and 369 values 
2023-05-03 09:46:58,136 [Time-limited test] INFO  ha.SequenceIdGenerator (SequenceIdGenerator.java:upgradeToSequenceId(349)) - upgrade localId to 111677748019200000
2023-05-03 09:46:58,136 [Time-limited test] INFO  ha.SequenceIdGenerator (SequenceIdGenerator.java:upgradeToSequenceId(359)) - upgrade delTxnId to 0
2023-05-03 09:46:58,136 [Time-limited test] INFO  ha.SequenceIdGenerator (SequenceIdGenerator.java:upgradeToSequenceId(376)) - upgrade containerId to 0
2023-05-03 09:46:58,136 [Time-limited test] INFO  ha.SequenceIdGenerator (SequenceIdGenerator.java:<init>(220)) - Init the HA SequenceIdGenerator.
2023-05-03 09:46:58,136 [Time-limited test] WARN  server.ServerUtils (ServerUtils.java:sanitizeUserArgs(73)) - ozone.scm.stale.node.interval value = 300000 is larger than max = 100000 based on the key value of ozone.scm.heartbeat.thread.interval, reset to the max value 100000.
2023-05-03 09:46:58,136 [Time-limited test] WARN  server.ServerUtils (ServerUtils.java:sanitizeUserArgs(73)) - ozone.scm.stale.node.interval value = 300000 is larger than max = 100000 based on the key value of ozone.scm.heartbeat.thread.interval, reset to the max value 100000.
2023-05-03 09:46:58,137 [Time-limited test] INFO  node.SCMNodeManager (SCMNodeManager.java:<init>(159)) - Entering startup safe mode.
2023-05-03 09:46:58,137 [Time-limited test] INFO  algorithms.ContainerPlacementPolicyFactory (ContainerPlacementPolicyFactory.java:getPolicyInternal(86)) - Create container placement policy of type org.apache.hadoop.hdds.scm.container.placement.algorithms.SCMContainerPlacementRackAware
2023-05-03 09:46:58,137 [Time-limited test] INFO  algorithms.ContainerPlacementPolicyFactory (ContainerPlacementPolicyFactory.java:getPolicyInternal(86)) - Create container placement policy of type org.apache.hadoop.hdds.scm.container.placement.algorithms.SCMContainerPlacementRackScatter
2023-05-03 09:46:58,137 [Time-limited test] INFO  pipeline.PipelineStateManagerImpl (PipelineStateManagerImpl.java:initialize(78)) - No pipeline exists in current db
2023-05-03 09:46:58,137 [Time-limited test] INFO  algorithms.LeaderChoosePolicyFactory (LeaderChoosePolicyFactory.java:getPolicy(57)) - Create leader choose policy of type org.apache.hadoop.hdds.scm.pipeline.leader.choose.algorithms.MinLeaderCountChoosePolicy
2023-05-03 09:46:58,137 [Time-limited test] INFO  algorithms.ContainerPlacementPolicyFactory (ContainerPlacementPolicyFactory.java:getPolicyInternal(86)) - Create container placement policy of type org.apache.hadoop.hdds.scm.container.placement.algorithms.SCMContainerPlacementRackScatter
2023-05-03 09:46:58,138 [Time-limited test] INFO  ha.SCMServiceManager (SCMServiceManager.java:register(42)) - Registering service BackgroundPipelineCreator.
2023-05-03 09:46:58,138 [Time-limited test] INFO  pipeline.BackgroundPipelineCreator (BackgroundPipelineCreator.java:start(124)) - Starting RatisPipelineUtilsThread.
2023-05-03 09:46:58,138 [Time-limited test] INFO  BackgroundPipelineScrubber (BackgroundSCMService.java:start(68)) - Starting BackgroundPipelineScrubber Service.
2023-05-03 09:46:58,138 [Time-limited test] INFO  ha.SCMServiceManager (SCMServiceManager.java:register(42)) - Registering service BackgroundPipelineScrubber.
2023-05-03 09:46:58,138 [Time-limited test] INFO  ExpiredContainerReplicaOpScrubber (BackgroundSCMService.java:start(68)) - Starting ExpiredContainerReplicaOpScrubber Service.
2023-05-03 09:46:58,139 [Time-limited test] INFO  ha.SCMServiceManager (SCMServiceManager.java:register(42)) - Registering service ExpiredContainerReplicaOpScrubber.
2023-05-03 09:46:58,139 [Time-limited test] INFO  algorithms.PipelineChoosePolicyFactory (PipelineChoosePolicyFactory.java:createPipelineChoosePolicyFromClass(73)) - Create pipeline choose policy of type org.apache.hadoop.hdds.scm.pipeline.choose.algorithms.RandomPipelineChoosePolicy
2023-05-03 09:46:58,140 [Time-limited test] INFO  ha.SCMServiceManager (SCMServiceManager.java:register(42)) - Registering service SCMBlockDeletingService.
2023-05-03 09:46:58,140 [Time-limited test] INFO  replication.ReplicationManager (ReplicationManager.java:start(291)) - Starting Replication Monitor Thread.
2023-05-03 09:46:58,141 [Time-limited test] INFO  ha.SCMServiceManager (SCMServiceManager.java:register(42)) - Registering service ReplicationManager.
2023-05-03 09:46:58,141 [Time-limited test] INFO  safemode.ContainerSafeModeRule (ContainerSafeModeRule.java:<init>(89)) - containers with one replica threshold count 0
2023-05-03 09:46:58,141 [Time-limited test] INFO  safemode.HealthyPipelineSafeModeRule (HealthyPipelineSafeModeRule.java:initializeRule(169)) - Total pipeline count is 0, healthy pipeline threshold count is 1
2023-05-03 09:46:58,141 [Time-limited test] INFO  safemode.OneReplicaPipelineSafeModeRule (OneReplicaPipelineSafeModeRule.java:initializeRule(180)) - Total pipeline count is 0, pipeline's with at least one datanode reported threshold count is 0
2023-05-03 09:46:58,142 [Time-limited test] INFO  server.StorageContainerManager (StorageContainerManager.java:<init>(403)) - SCM start with adminUsers: [runner]
2023-05-03 09:46:58,142 [Time-limited test] INFO  ipc.CallQueueManager (CallQueueManager.java:<init>(90)) - Using callQueue: class java.util.concurrent.LinkedBlockingQueue, queueCapacity: 2000, scheduler: class org.apache.hadoop.ipc.DefaultRpcScheduler, ipcBackoff: false.
2023-05-03 09:46:58,142 [Socket Reader #1 for port 0] INFO  ipc.Server (Server.java:run(1319)) - Starting Socket Reader #1 for port 0
2023-05-03 09:46:58,143 [Listener at 0.0.0.0/38381] INFO  ipc.CallQueueManager (CallQueueManager.java:<init>(90)) - Using callQueue: class java.util.concurrent.LinkedBlockingQueue, queueCapacity: 2000, scheduler: class org.apache.hadoop.ipc.DefaultRpcScheduler, ipcBackoff: false.
2023-05-03 09:46:58,144 [Socket Reader #1 for port 0] INFO  ipc.Server (Server.java:run(1319)) - Starting Socket Reader #1 for port 0
2023-05-03 09:46:58,144 [Listener at 0.0.0.0/40761] INFO  ipc.CallQueueManager (CallQueueManager.java:<init>(90)) - Using callQueue: class java.util.concurrent.LinkedBlockingQueue, queueCapacity: 2000, scheduler: class org.apache.hadoop.ipc.DefaultRpcScheduler, ipcBackoff: false.
2023-05-03 09:46:58,145 [Socket Reader #1 for port 0] INFO  ipc.Server (Server.java:run(1319)) - Starting Socket Reader #1 for port 0
2023-05-03 09:46:58,150 [Listener at 0.0.0.0/33667] INFO  ha.SCMServiceManager (SCMServiceManager.java:register(42)) - Registering service ContainerBalancer.
2023-05-03 09:46:58,150 [Listener at 0.0.0.0/33667] INFO  server.StorageContainerManager (StorageContainerManager.java:<init>(420)) - 
Container Balancer status:
Key                            Value
Running                        false
Container Balancer Configuration values:
Key                                                Value
Threshold                                          10
Max Datanodes to Involve per Iteration(percent)    20
Max Size to Move per Iteration                     500GB
Max Size Entering Target per Iteration             26GB
Max Size Leaving Source per Iteration              26GB

2023-05-03 09:46:58,150 [Listener at 0.0.0.0/33667] INFO  ha.SCMContext (SCMContext.java:updateSafeModeStatus(228)) - Update SafeModeStatus from SafeModeStatus{safeModeStatus=true, preCheckPassed=false} to SafeModeStatus{safeModeStatus=true, preCheckPassed=false}.
2023-05-03 09:46:58,150 [Listener at 0.0.0.0/33667] INFO  server.StorageContainerManager (StorageContainerManager.java:start(1477)) - StorageContainerLocationProtocol RPC server is listening at /0.0.0.0:33667
2023-05-03 09:46:58,152 [ReplicationMonitor] INFO  replication.ReplicationManager (ReplicationManager.java:processAll(366)) - Replication Manager is not ready to run until 3000ms after safemode exit
2023-05-03 09:46:58,153 [Listener at 0.0.0.0/33667] WARN  impl.MetricsConfig (MetricsConfig.java:loadFirst(136)) - Cannot locate configuration: tried hadoop-metrics2-storagecontainermanager.properties,hadoop-metrics2.properties
2023-05-03 09:46:58,154 [Listener at 0.0.0.0/33667] INFO  impl.MetricsSystemImpl (MetricsSystemImpl.java:startTimer(378)) - Scheduled Metric snapshot period at 10 second(s).
2023-05-03 09:46:58,155 [Listener at 0.0.0.0/33667] INFO  impl.MetricsSystemImpl (MetricsSystemImpl.java:start(191)) - StorageContainerManager metrics system started
2023-05-03 09:46:58,165 [Listener at 0.0.0.0/33667] INFO  impl.MetricsSinkAdapter (MetricsSinkAdapter.java:start(204)) - Sink prometheus started
2023-05-03 09:46:58,165 [Listener at 0.0.0.0/33667] INFO  impl.MetricsSystemImpl (MetricsSystemImpl.java:registerSink(305)) - Registered sink prometheus
2023-05-03 09:46:58,181 [Listener at 0.0.0.0/33667] INFO  server.SCMClientProtocolServer (SCMClientProtocolServer.java:start(199)) - RPC server for Client  is listening at /0.0.0.0:33667
2023-05-03 09:46:58,181 [IPC Server Responder] INFO  ipc.Server (Server.java:run(1558)) - IPC Server Responder: starting
2023-05-03 09:46:58,184 [Listener at 0.0.0.0/33667] INFO  server.StorageContainerManager (StorageContainerManager.java:start(1491)) - ScmBlockLocationProtocol RPC server is listening at /0.0.0.0:40761
2023-05-03 09:46:58,184 [Listener at 0.0.0.0/33667] INFO  server.SCMBlockProtocolServer (SCMBlockProtocolServer.java:start(152)) - RPC server for Block Protocol is listening at /0.0.0.0:40761
2023-05-03 09:46:58,185 [IPC Server Responder] INFO  ipc.Server (Server.java:run(1558)) - IPC Server Responder: starting
2023-05-03 09:46:58,189 [IPC Server listener on 0] INFO  ipc.Server (Server.java:run(1398)) - IPC Server listener on 0: starting
2023-05-03 09:46:58,193 [Listener at 0.0.0.0/33667] INFO  server.SCMDatanodeProtocolServer (SCMDatanodeProtocolServer.java:start(193)) - ScmDatanodeProtocol RPC server for DataNodes is listening at /0.0.0.0:38381
2023-05-03 09:46:58,193 [IPC Server Responder] INFO  ipc.Server (Server.java:run(1558)) - IPC Server Responder: starting
2023-05-03 09:46:58,193 [IPC Server listener on 0] INFO  ipc.Server (Server.java:run(1398)) - IPC Server listener on 0: starting
2023-05-03 09:46:58,196 [IPC Server listener on 0] INFO  ipc.Server (Server.java:run(1398)) - IPC Server listener on 0: starting
2023-05-03 09:46:58,201 [Listener at 0.0.0.0/33667] INFO  http.BaseHttpServer (BaseHttpServer.java:newHttpServer2BuilderForOzone(224)) - Starting Web-server for scm at: http://0.0.0.0:0
2023-05-03 09:46:58,201 [Listener at 0.0.0.0/33667] INFO  http.BaseHttpServer (BaseHttpServer.java:<init>(111)) - Hadoop Security Enabled: false Ozone Security Enabled: false Ozone HTTP Security Enabled: false 
2023-05-03 09:46:58,202 [Listener at 0.0.0.0/33667] WARN  server.AuthenticationFilter (AuthenticationFilter.java:constructSecretProvider(240)) - Unable to initialize FileSignerSecretProvider, falling back to use random secrets. Reason: Could not read signature secret file: /home/runner/hadoop-http-auth-signature-secret
2023-05-03 09:46:58,203 [org.apache.hadoop.util.JvmPauseMonitor$Monitor@51cb2404] INFO  util.JvmPauseMonitor (JvmPauseMonitor.java:run(188)) - Starting JVM pause monitor
2023-05-03 09:46:58,204 [Listener at 0.0.0.0/33667] INFO  http.HttpRequestLog (HttpRequestLog.java:getRequestLog(86)) - Http request log for http.requests.scm is not defined
2023-05-03 09:46:58,208 [Listener at 0.0.0.0/33667] INFO  http.HttpServer2 (HttpServer2.java:addGlobalFilter(1031)) - Added global filter 'safety' (class=org.apache.hadoop.hdds.server.http.HttpServer2$QuotingInputFilter)
2023-05-03 09:46:58,209 [Listener at 0.0.0.0/33667] INFO  http.HttpServer2 (HttpServer2.java:addFilter(1007)) - Added filter static_user_filter (class=org.apache.hadoop.http.lib.StaticUserWebFilter$StaticUserFilter) to context scm
2023-05-03 09:46:58,210 [Listener at 0.0.0.0/33667] INFO  http.HttpServer2 (HttpServer2.java:addFilter(1015)) - Added filter static_user_filter (class=org.apache.hadoop.http.lib.StaticUserWebFilter$StaticUserFilter) to context logs
2023-05-03 09:46:58,210 [Listener at 0.0.0.0/33667] INFO  http.HttpServer2 (HttpServer2.java:addFilter(1015)) - Added filter static_user_filter (class=org.apache.hadoop.http.lib.StaticUserWebFilter$StaticUserFilter) to context static
2023-05-03 09:46:58,210 [Listener at 0.0.0.0/33667] INFO  http.BaseHttpServer (BaseHttpServer.java:<init>(190)) - HTTP server of scm uses base directory /home/runner/work/ozone/ozone/hadoop-ozone/integration-test/target/test-dir/MiniOzoneClusterImpl-1ffe41d3-309f-458f-85b5-47035b7448ff/ozone-meta/webserver
2023-05-03 09:46:58,210 [Listener at 0.0.0.0/33667] INFO  http.HttpServer2 (HttpServer2.java:bindListener(1250)) - Jetty bound to port 39277
2023-05-03 09:46:58,210 [Listener at 0.0.0.0/33667] INFO  server.Server (Server.java:doStart(375)) - jetty-9.4.51.v20230217; built: 2023-02-17T08:19:37.309Z; git: b45c405e4544384de066f814ed42ae3dceacdd49; jvm 1.8.0_362-b09
2023-05-03 09:46:58,211 [Listener at 0.0.0.0/33667] INFO  server.session (DefaultSessionIdManager.java:doStart(334)) - DefaultSessionIdManager workerName=node0
2023-05-03 09:46:58,212 [Listener at 0.0.0.0/33667] INFO  server.session (DefaultSessionIdManager.java:doStart(339)) - No SessionScavenger set, using defaults
2023-05-03 09:46:58,212 [Listener at 0.0.0.0/33667] INFO  server.session (HouseKeeper.java:startScavenging(132)) - node0 Scavenging every 660000ms
2023-05-03 09:46:58,212 [Listener at 0.0.0.0/33667] INFO  handler.ContextHandler (ContextHandler.java:doStart(921)) - Started o.e.j.s.ServletContextHandler@129ed0c{logs,/logs,file:///home/runner/work/ozone/ozone/hadoop-ozone/integration-test/target/log,AVAILABLE}
2023-05-03 09:46:58,213 [Listener at 0.0.0.0/33667] INFO  handler.ContextHandler (ContextHandler.java:doStart(921)) - Started o.e.j.s.ServletContextHandler@6430a1ea{static,/static,file:///home/runner/work/ozone/ozone/hadoop-ozone/integration-test/target/test-classes/webapps/static,AVAILABLE}
2023-05-03 09:46:58,215 [Listener at 0.0.0.0/33667] INFO  handler.ContextHandler (ContextHandler.java:doStart(921)) - Started o.e.j.w.WebAppContext@e093cdf{scm,/,file:///home/runner/work/ozone/ozone/hadoop-ozone/integration-test/target/test-classes/webapps/scm/,AVAILABLE}{file:/home/runner/work/ozone/ozone/hadoop-ozone/integration-test/target/test-classes/webapps/scm}
2023-05-03 09:46:58,216 [Listener at 0.0.0.0/33667] INFO  server.AbstractConnector (AbstractConnector.java:doStart(333)) - Started ServerConnector@220b111f{HTTP/1.1, (http/1.1)}{0.0.0.0:39277}
2023-05-03 09:46:58,216 [Listener at 0.0.0.0/33667] INFO  server.Server (Server.java:doStart(415)) - Started @61341ms
2023-05-03 09:46:58,216 [Listener at 0.0.0.0/33667] WARN  impl.MetricsSystemImpl (MetricsSystemImpl.java:register(279)) - Sink prometheus already exists!
2023-05-03 09:46:58,217 [Listener at 0.0.0.0/33667] INFO  http.BaseHttpServer (BaseHttpServer.java:updateConnectorAddress(344)) - HTTP server of scm listening at http://0.0.0.0:39277
2023-05-03 09:46:58,217 [Listener at 0.0.0.0/33667] WARN  server.ServerUtils (ServerUtils.java:getDBPath(225)) - ozone.om.db.dirs is not configured. We recommend adding this setting. Falling back to ozone.metadata.dirs instead.
2023-05-03 09:46:58,219 [Listener at 0.0.0.0/33667] INFO  ha.OMHANodeDetails (OMHANodeDetails.java:loadOMHAConfig(115)) - ozone.om.internal.service.id is not defined, falling back to ozone.om.service.ids to find serviceID for OzoneManager if it is HA enabled cluster
2023-05-03 09:46:58,219 [Listener at 0.0.0.0/33667] INFO  ha.OMHANodeDetails (OMHANodeDetails.java:loadOMHAConfig(226)) - Configuration does not have ozone.om.address set. Falling back to the default OM address /127.0.0.1:0
2023-05-03 09:46:58,219 [Listener at 0.0.0.0/33667] INFO  ha.OMHANodeDetails (OMHANodeDetails.java:getOMNodeDetailsForNonHA(254)) - OM Service ID is not set. Setting it to the default ID: omServiceIdDefault
2023-05-03 09:46:58,219 [Listener at 0.0.0.0/33667] INFO  ha.OMHANodeDetails (OMHANodeDetails.java:getOMNodeDetailsForNonHA(261)) - OM Node ID is not set. Setting it to the default ID: om1
2023-05-03 09:46:58,219 [Listener at 0.0.0.0/33667] WARN  server.ServerUtils (ServerUtils.java:getDBPath(225)) - ozone.om.db.dirs is not configured. We recommend adding this setting. Falling back to ozone.metadata.dirs instead.
2023-05-03 09:46:58,221 [Listener at 0.0.0.0/33667] INFO  upgrade.AbstractLayoutVersionManager (AbstractLayoutVersionManager.java:init(83)) - Initializing Layout version manager with metadata layout = HSYNC (version = 4), software layout = HSYNC (version = 4)
2023-05-03 09:46:58,281 [Listener at 0.0.0.0/33667] INFO  reflections.Reflections (Reflections.java:scan(232)) - Reflections took 59 ms to scan 2 urls, producing 172 keys and 478 values [using 2 cores]
2023-05-03 09:46:58,282 [Listener at 0.0.0.0/33667] INFO  upgrade.OMLayoutVersionManager (OMLayoutVersionManager.java:lambda$0(115)) - Skipping Upgrade Action MockOmUpgradeAction since it has been finalized.
2023-05-03 09:46:58,282 [Listener at 0.0.0.0/33667] WARN  server.ServerUtils (ServerUtils.java:getDBPath(225)) - ozone.om.db.dirs is not configured. We recommend adding this setting. Falling back to ozone.metadata.dirs instead.
2023-05-03 09:46:58,283 [Listener at 0.0.0.0/33667] INFO  proxy.SCMBlockLocationFailoverProxyProvider (SCMBlockLocationFailoverProxyProvider.java:<init>(114)) - Created block location fail-over proxy with 1 nodes: [nodeId=scmNodeId,nodeAddress=/0.0.0.0:40761]
2023-05-03 09:46:58,284 [Listener at 0.0.0.0/33667] INFO  proxy.SCMBlockLocationFailoverProxyProvider (SCMBlockLocationFailoverProxyProvider.java:<init>(114)) - Created block location fail-over proxy with 1 nodes: [nodeId=scmNodeId,nodeAddress=/0.0.0.0:40761]
2023-05-03 09:46:58,288 [Listener at 0.0.0.0/33667] INFO  om.OzoneManager (OzoneManager.java:<init>(634)) - OM start with adminUsers: [runner]
2023-05-03 09:46:58,289 [Listener at 0.0.0.0/33667] WARN  server.ServerUtils (ServerUtils.java:getDBPath(225)) - ozone.om.db.dirs is not configured. We recommend adding this setting. Falling back to ozone.metadata.dirs instead.
2023-05-03 09:46:58,289 [Listener at 0.0.0.0/33667] INFO  codec.OmKeyInfoCodec (OmKeyInfoCodec.java:<init>(49)) - OmKeyInfoCodec ignorePipeline = true
2023-05-03 09:46:58,290 [Listener at 0.0.0.0/33667] INFO  codec.RepeatedOmKeyInfoCodec (RepeatedOmKeyInfoCodec.java:<init>(41)) - RepeatedOmKeyInfoCodec ignorePipeline = true
2023-05-03 09:46:58,437 [Listener at 0.0.0.0/33667] INFO  om.OzoneManager (OzoneManager.java:instantiateServices(764)) - S3 Multi-Tenancy is disabled
2023-05-03 09:46:58,437 [Listener at 0.0.0.0/33667] WARN  server.ServerUtils (ServerUtils.java:getDBPath(225)) - ozone.om.snapshot.diff.db.dir is not configured. We recommend adding this setting. Falling back to ozone.metadata.dirs instead.
2023-05-03 09:46:58,460 [Listener at 0.0.0.0/33667] INFO  om.OzoneManager (OzoneManager.java:addS3GVolumeToDB(4263)) - Created Volume s3v With Owner runner required for S3Gateway operations.
2023-05-03 09:46:58,460 [Listener at 0.0.0.0/33667] WARN  server.ServerUtils (ServerUtils.java:getDefaultRatisDirectory(237)) - Storage directory for Ratis is not configured. It is a good idea to map this to an SSD disk. Falling back to ozone.metadata.dirs
2023-05-03 09:46:58,460 [Listener at 0.0.0.0/33667] WARN  utils.OzoneManagerRatisUtils (OzoneManagerRatisUtils.java:getOMRatisSnapshotDirectory(459)) - ozone.om.ratis.snapshot.dir is not configured. Falling back to ozone.metadata.dirs config
2023-05-03 09:46:58,461 [Listener at 0.0.0.0/33667] WARN  server.ServerUtils (ServerUtils.java:getDefaultRatisDirectory(237)) - Storage directory for Ratis is not configured. It is a good idea to map this to an SSD disk. Falling back to ozone.metadata.dirs
2023-05-03 09:46:58,462 [Listener at 0.0.0.0/33667] INFO  ratis.OzoneManagerRatisServer (OzoneManagerRatisServer.java:<init>(163)) - Instantiating OM Ratis server with groupID: omServiceIdDefault and peers: localhost:9872
2023-05-03 09:46:58,463 [Listener at 0.0.0.0/33667] INFO  ratis.OzoneManagerStateMachine (OzoneManagerStateMachine.java:loadSnapshotInfoFromDB(670)) - LastAppliedIndex is set from TransactionInfo from OM DB as (t:0, i:~)
2023-05-03 09:46:58,463 [Listener at 0.0.0.0/33667] INFO  server.RaftServer (ConfUtils.java:logGet(46)) - raft.rpc.type = GRPC (default)
2023-05-03 09:46:58,464 [Listener at 0.0.0.0/33667] INFO  grpc.GrpcConfigKeys (ConfUtils.java:logFallback(53)) - raft.grpc.admin.host = null (fallback to raft.grpc.server.host)
2023-05-03 09:46:58,464 [Listener at 0.0.0.0/33667] INFO  grpc.GrpcConfigKeys (ConfUtils.java:logFallback(53)) - raft.grpc.admin.port = 9872 (fallback to raft.grpc.server.port)
2023-05-03 09:46:58,464 [Listener at 0.0.0.0/33667] INFO  grpc.GrpcConfigKeys (ConfUtils.java:logFallback(53)) - raft.grpc.client.host = null (fallback to raft.grpc.server.host)
2023-05-03 09:46:58,464 [Listener at 0.0.0.0/33667] INFO  grpc.GrpcConfigKeys (ConfUtils.java:logFallback(53)) - raft.grpc.client.port = 9872 (fallback to raft.grpc.server.port)
2023-05-03 09:46:58,464 [Listener at 0.0.0.0/33667] INFO  grpc.GrpcConfigKeys (ConfUtils.java:logGet(46)) - raft.grpc.server.host = null (default)
2023-05-03 09:46:58,464 [Listener at 0.0.0.0/33667] INFO  grpc.GrpcConfigKeys (ConfUtils.java:logGet(46)) - raft.grpc.server.port = 9872 (custom)
2023-05-03 09:46:58,464 [Listener at 0.0.0.0/33667] INFO  server.GrpcService (ConfUtils.java:logGet(46)) - raft.grpc.message.size.max = 33554432 (custom)
2023-05-03 09:46:58,464 [Listener at 0.0.0.0/33667] INFO  server.RaftServerConfigKeys (ConfUtils.java:logGet(46)) - raft.server.log.appender.buffer.byte-limit = 33554432 (custom)
2023-05-03 09:46:58,464 [Listener at 0.0.0.0/33667] INFO  server.GrpcService (ConfUtils.java:logGet(46)) - raft.grpc.flow.control.window = 1MB (=1048576) (default)
2023-05-03 09:46:58,464 [Listener at 0.0.0.0/33667] INFO  server.RaftServerConfigKeys (ConfUtils.java:logGet(46)) - raft.server.rpc.request.timeout = 3000ms (default)
2023-05-03 09:46:58,464 [Listener at 0.0.0.0/33667] INFO  grpc.GrpcConfigKeys (ConfUtils.java:logGet(46)) - raft.grpc.server.heartbeat.channel = true (default)
2023-05-03 09:46:58,464 [Listener at 0.0.0.0/33667] INFO  grpc.GrpcConfigKeys (ConfUtils.java:logGet(46)) - raft.grpc.server.async.request.thread.pool.cached = true (default)
2023-05-03 09:46:58,464 [Listener at 0.0.0.0/33667] INFO  grpc.GrpcConfigKeys (ConfUtils.java:logGet(46)) - raft.grpc.server.async.request.thread.pool.size = 32 (default)
2023-05-03 09:46:58,466 [Listener at 0.0.0.0/33667] INFO  impl.DataStreamServerImpl (ConfUtils.java:logGet(46)) - raft.datastream.type = DISABLED (default)
2023-05-03 09:46:58,466 [Listener at 0.0.0.0/33667] INFO  server.RaftServerConfigKeys (ConfUtils.java:logGet(46)) - raft.server.threadpool.proxy.cached = true (default)
2023-05-03 09:46:58,466 [Listener at 0.0.0.0/33667] INFO  server.RaftServerConfigKeys (ConfUtils.java:logGet(46)) - raft.server.threadpool.proxy.size = 0 (default)
2023-05-03 09:46:58,466 [Listener at 0.0.0.0/33667] INFO  server.RaftServerConfigKeys (ConfUtils.java:logGet(46)) - raft.server.rpc.slowness.timeout = 120s (custom)
2023-05-03 09:46:58,467 [Listener at 0.0.0.0/33667] INFO  server.RaftServerConfigKeys (ConfUtils.java:logGet(46)) - raft.server.leaderelection.leader.step-down.wait-time = 10s (default)
2023-05-03 09:46:58,467 [Listener at 0.0.0.0/33667] INFO  server.RaftServerConfigKeys (ConfUtils.java:logGet(46)) - raft.server.storage.dir = [/home/runner/work/ozone/ozone/hadoop-ozone/integration-test/target/test-dir/MiniOzoneClusterImpl-1ffe41d3-309f-458f-85b5-47035b7448ff/ozone-meta/ratis] (custom)
2023-05-03 09:46:58,467 [Listener at 0.0.0.0/33667] INFO  server.RaftServer (RaftServerProxy.java:addNew(96)) - om1: addNew group-C5BA1605619E:[om1|rpc:localhost:9872|priority:0|startupRole:FOLLOWER] returns group-C5BA1605619E:java.util.concurrent.CompletableFuture@e9a3445[Not completed]
2023-05-03 09:46:58,467 [Listener at 0.0.0.0/33667] INFO  om.OzoneManager (OzoneManager.java:initializeRatisServer(2106)) - OzoneManager Ratis server initialized at port 9872
2023-05-03 09:46:58,467 [pool-325-thread-1] INFO  server.RaftServer$Division (RaftServerImpl.java:<init>(195)) - om1: new RaftServerImpl for group-C5BA1605619E:[om1|rpc:localhost:9872|priority:0|startupRole:FOLLOWER] with OzoneManagerStateMachine:uninitialized
2023-05-03 09:46:58,467 [Listener at 0.0.0.0/33667] INFO  om.OzoneManager (OzoneManager.java:getRpcServer(1153)) - Creating RPC Server
2023-05-03 09:46:58,467 [pool-325-thread-1] INFO  server.RaftServerConfigKeys (ConfUtils.java:logGet(46)) - raft.server.rpc.timeout.min = 1s (custom)
2023-05-03 09:46:58,467 [pool-325-thread-1] INFO  server.RaftServerConfigKeys (ConfUtils.java:logGet(46)) - raft.server.rpc.timeout.max = 1200ms (custom)
2023-05-03 09:46:58,468 [pool-325-thread-1] INFO  server.RaftServerConfigKeys (ConfUtils.java:logGet(46)) - raft.server.rpc.sleep.time = 25ms (default)
2023-05-03 09:46:58,468 [pool-325-thread-1] INFO  server.RaftServerConfigKeys (ConfUtils.java:logGet(46)) - raft.server.rpc.slowness.timeout = 120s (custom)
2023-05-03 09:46:58,468 [pool-325-thread-1] INFO  server.RaftServerConfigKeys (ConfUtils.java:logGet(46)) - raft.server.leaderelection.leader.step-down.wait-time = 10s (default)
2023-05-03 09:46:58,468 [pool-325-thread-1] INFO  server.RaftServerConfigKeys (ConfUtils.java:logGet(46)) - raft.server.sleep.deviation.threshold = 300ms (default)
2023-05-03 09:46:58,468 [pool-325-thread-1] INFO  server.RaftServer$Division (ServerState.java:<init>(118)) - om1@group-C5BA1605619E: ConfigurationManager, init=-1: peers:[om1|rpc:localhost:9872|priority:0|startupRole:FOLLOWER]|listeners:[], old=null, confs=<EMPTY_MAP>
2023-05-03 09:46:58,468 [pool-325-thread-1] INFO  server.RaftServerConfigKeys (ConfUtils.java:logGet(46)) - raft.server.storage.dir = [/home/runner/work/ozone/ozone/hadoop-ozone/integration-test/target/test-dir/MiniOzoneClusterImpl-1ffe41d3-309f-458f-85b5-47035b7448ff/ozone-meta/ratis] (custom)
2023-05-03 09:46:58,468 [pool-325-thread-1] INFO  server.RaftServerConfigKeys (ConfUtils.java:logGet(46)) - raft.server.log.corruption.policy = EXCEPTION (default)
2023-05-03 09:46:58,468 [pool-325-thread-1] INFO  server.RaftServerConfigKeys (ConfUtils.java:logGet(46)) - raft.server.storage.free-space.min = 0MB (=0) (default)
2023-05-03 09:46:58,468 [pool-325-thread-1] INFO  server.RaftServerConfigKeys (ConfUtils.java:logGet(46)) - raft.server.notification.no-leader.timeout = 120s (custom)
2023-05-03 09:46:58,468 [pool-325-thread-1] INFO  server.RaftServerConfigKeys (ConfUtils.java:logGet(46)) - raft.server.retrycache.expirytime = 300s (custom)
2023-05-03 09:46:58,469 [pool-325-thread-1] INFO  server.RaftServerConfigKeys (ConfUtils.java:logGet(46)) - raft.server.retrycache.statistics.expirytime = 100μs (default)
2023-05-03 09:46:58,471 [pool-325-thread-1] INFO  server.RaftServerConfigKeys (ConfUtils.java:logGet(46)) - raft.server.log.appender.install.snapshot.enabled = false (custom)
2023-05-03 09:46:58,471 [pool-325-thread-1] INFO  server.RaftServerConfigKeys (ConfUtils.java:logGet(46)) - raft.server.threadpool.server.cached = true (default)
2023-05-03 09:46:58,471 [pool-325-thread-1] INFO  server.RaftServerConfigKeys (ConfUtils.java:logGet(46)) - raft.server.threadpool.server.size = 0 (default)
2023-05-03 09:46:58,471 [pool-325-thread-1] INFO  server.RaftServerConfigKeys (ConfUtils.java:logGet(46)) - raft.server.threadpool.client.cached = true (default)
2023-05-03 09:46:58,471 [pool-325-thread-1] INFO  server.RaftServerConfigKeys (ConfUtils.java:logGet(46)) - raft.server.threadpool.client.size = 0 (default)
2023-05-03 09:46:58,913 [Listener at 0.0.0.0/33667] INFO  reflections.Reflections (Reflections.java:scan(232)) - Reflections took 444 ms to scan 19 urls, producing 68 keys and 5124 values [using 2 cores]
2023-05-03 09:46:58,914 [Listener at 0.0.0.0/33667] INFO  ipc.CallQueueManager (CallQueueManager.java:<init>(90)) - Using callQueue: class java.util.concurrent.LinkedBlockingQueue, queueCapacity: 2000, scheduler: class org.apache.hadoop.ipc.DefaultRpcScheduler, ipcBackoff: false.
2023-05-03 09:46:58,914 [Socket Reader #1 for port 0] INFO  ipc.Server (Server.java:run(1319)) - Starting Socket Reader #1 for port 0
2023-05-03 09:46:58,932 [Listener at 127.0.0.1/33355] INFO  impl.MetricsSystemImpl (MetricsSystemImpl.java:init(158)) - OzoneManager metrics system started (again)
2023-05-03 09:46:58,942 [Listener at 127.0.0.1/33355] INFO  om.OzoneManager (OzoneManager.java:start(1574)) - OzoneManager RPC server is listening at localhost/127.0.0.1:33355
2023-05-03 09:46:58,942 [Listener at 127.0.0.1/33355] INFO  ratis.OzoneManagerRatisServer (OzoneManagerRatisServer.java:start(558)) - Starting OzoneManagerRatisServer om1 at port 9872
2023-05-03 09:46:58,942 [om1-impl-thread1] INFO  storage.RaftStorageDirectory (RaftStorageDirectoryImpl.java:analyzeStorage(137)) - The storage directory /home/runner/work/ozone/ozone/hadoop-ozone/integration-test/target/test-dir/MiniOzoneClusterImpl-1ffe41d3-309f-458f-85b5-47035b7448ff/ozone-meta/ratis/bf265839-605b-3f16-9796-c5ba1605619e does not exist. Creating ...
2023-05-03 09:46:58,943 [om1-impl-thread1] INFO  storage.RaftStorageDirectory (RaftStorageDirectoryImpl.java:tryLock(231)) - Lock on /home/runner/work/ozone/ozone/hadoop-ozone/integration-test/target/test-dir/MiniOzoneClusterImpl-1ffe41d3-309f-458f-85b5-47035b7448ff/ozone-meta/ratis/bf265839-605b-3f16-9796-c5ba1605619e/in_use.lock acquired by nodename 7780@fv-az139-793
2023-05-03 09:46:58,944 [om1-impl-thread1] INFO  storage.RaftStorage (RaftStorageImpl.java:format(96)) - Storage directory /home/runner/work/ozone/ozone/hadoop-ozone/integration-test/target/test-dir/MiniOzoneClusterImpl-1ffe41d3-309f-458f-85b5-47035b7448ff/ozone-meta/ratis/bf265839-605b-3f16-9796-c5ba1605619e has been successfully formatted.
2023-05-03 09:46:58,944 [om1-impl-thread1] INFO  server.RaftServerConfigKeys (ConfUtils.java:logGet(46)) - raft.server.log.use.memory = false (default)
2023-05-03 09:46:58,944 [om1-impl-thread1] INFO  server.RaftServerConfigKeys (ConfUtils.java:logGet(46)) - raft.server.log.purge.gap = 1000000 (custom)
2023-05-03 09:46:58,944 [om1-impl-thread1] INFO  server.RaftServerConfigKeys (ConfUtils.java:logGet(46)) - raft.server.log.appender.buffer.byte-limit = 33554432 (custom)
2023-05-03 09:46:58,944 [om1-impl-thread1] INFO  server.RaftServerConfigKeys (ConfUtils.java:logGet(46)) - raft.server.log.statemachine.data.read.timeout = 1000ms (default)
2023-05-03 09:46:58,944 [om1-impl-thread1] INFO  server.RaftServerConfigKeys (ConfUtils.java:logGet(46)) - raft.server.log.purge.preservation.log.num = 0 (default)
2023-05-03 09:46:58,945 [om1-impl-thread1] INFO  server.RaftServerConfigKeys (ConfUtils.java:logGet(46)) - raft.server.log.segment.size.max = 4194304 (custom)
2023-05-03 09:46:58,945 [om1-impl-thread1] INFO  server.RaftServerConfigKeys (ConfUtils.java:logGet(46)) - raft.server.log.segment.cache.num.max = 2 (custom)
2023-05-03 09:46:58,945 [om1-impl-thread1] INFO  server.RaftServerConfigKeys (ConfUtils.java:logGet(46)) - raft.server.log.segment.cache.size.max = 200MB (=209715200) (default)
2023-05-03 09:46:58,945 [om1-impl-thread1] INFO  segmented.SegmentedRaftLogWorker (SegmentedRaftLogWorker.java:<init>(189)) - new om1@group-C5BA1605619E-SegmentedRaftLogWorker for RaftStorageImpl:Storage Directory /home/runner/work/ozone/ozone/hadoop-ozone/integration-test/target/test-dir/MiniOzoneClusterImpl-1ffe41d3-309f-458f-85b5-47035b7448ff/ozone-meta/ratis/bf265839-605b-3f16-9796-c5ba1605619e
2023-05-03 09:46:58,945 [om1-impl-thread1] INFO  server.RaftServerConfigKeys (ConfUtils.java:logGet(46)) - raft.server.log.queue.byte-limit = 64MB (=67108864) (default)
2023-05-03 09:46:58,945 [om1-impl-thread1] INFO  server.RaftServerConfigKeys (ConfUtils.java:logGet(46)) - raft.server.log.queue.element-limit = 4096 (default)
2023-05-03 09:46:58,945 [om1-impl-thread1] INFO  server.RaftServerConfigKeys (ConfUtils.java:logGet(46)) - raft.server.log.segment.size.max = 4194304 (custom)
2023-05-03 09:46:58,945 [om1-impl-thread1] INFO  server.RaftServerConfigKeys (ConfUtils.java:logGet(46)) - raft.server.log.preallocated.size = 4194304 (custom)
2023-05-03 09:46:58,945 [om1-impl-thread1] INFO  server.RaftServerConfigKeys (ConfUtils.java:logGet(46)) - raft.server.log.force.sync.num = 128 (default)
2023-05-03 09:46:58,945 [om1-impl-thread1] INFO  server.RaftServerConfigKeys (ConfUtils.java:logGet(46)) - raft.server.log.statemachine.data.sync = true (default)
2023-05-03 09:46:58,945 [om1-impl-thread1] INFO  server.RaftServerConfigKeys (ConfUtils.java:logGet(46)) - raft.server.log.statemachine.data.sync.timeout = 10s (default)
2023-05-03 09:46:58,945 [om1-impl-thread1] INFO  server.RaftServerConfigKeys (ConfUtils.java:logGet(46)) - raft.server.log.statemachine.data.sync.timeout.retry = -1 (default)
2023-05-03 09:46:58,945 [om1-impl-thread1] INFO  server.RaftServerConfigKeys (ConfUtils.java:logGet(46)) - raft.server.log.write.buffer.size = 64KB (=65536) (default)
2023-05-03 09:46:58,945 [om1-impl-thread1] INFO  server.RaftServerConfigKeys (ConfUtils.java:logGet(46)) - raft.server.log.appender.buffer.byte-limit = 33554432 (custom)
2023-05-03 09:46:58,950 [om1-impl-thread1] INFO  server.RaftServerConfigKeys (ConfUtils.java:logGet(46)) - raft.server.log.unsafe-flush.enabled = false (default)
2023-05-03 09:46:58,950 [om1-impl-thread1] INFO  server.RaftServerConfigKeys (ConfUtils.java:logGet(46)) - raft.server.log.async-flush.enabled = false (default)
2023-05-03 09:46:58,950 [om1-impl-thread1] INFO  server.RaftServerConfigKeys (ConfUtils.java:logGet(46)) - raft.server.log.statemachine.data.caching.enabled = false (default)
2023-05-03 09:46:58,950 [om1-impl-thread1] INFO  segmented.SegmentedRaftLogWorker (SegmentedRaftLogWorker.java:lambda$new$0(135)) - om1@group-C5BA1605619E-SegmentedRaftLogWorker: flushIndex: setUnconditionally 0 -> -1
2023-05-03 09:46:58,950 [om1-impl-thread1] INFO  segmented.SegmentedRaftLogWorker (SegmentedRaftLogWorker.java:lambda$new$0(135)) - om1@group-C5BA1605619E-SegmentedRaftLogWorker: safeCacheEvictIndex: setUnconditionally 0 -> -1
2023-05-03 09:46:58,954 [om1-impl-thread1] INFO  server.RaftServer$Division (RaftServerImpl.java:start(334)) - om1@group-C5BA1605619E: start as a follower, conf=-1: peers:[om1|rpc:localhost:9872|priority:0|startupRole:FOLLOWER]|listeners:[], old=null
2023-05-03 09:46:58,954 [om1-impl-thread1] INFO  server.RaftServer$Division (RaftServerImpl.java:setRole(321)) - om1@group-C5BA1605619E: changes role from      null to FOLLOWER at term 0 for startAsFollower
2023-05-03 09:46:58,954 [om1-impl-thread1] INFO  impl.RoleInfo (RoleInfo.java:updateAndGet(139)) - om1: start om1@group-C5BA1605619E-FollowerState
2023-05-03 09:46:58,958 [om1-impl-thread1] INFO  util.JmxRegister (JmxRegister.java:tryRegister(44)) - Successfully registered JMX Bean with object name Ratis:service=RaftServer,group=group-C5BA1605619E,id=om1
2023-05-03 09:46:58,958 [om1-impl-thread1] INFO  server.RaftServerConfigKeys (ConfUtils.java:logGet(46)) - raft.server.snapshot.auto.trigger.enabled = true (custom)
2023-05-03 09:46:58,960 [om1-impl-thread1] INFO  server.RaftServerConfigKeys (ConfUtils.java:logGet(46)) - raft.server.snapshot.auto.trigger.threshold = 400000 (default)
2023-05-03 09:46:58,960 [om1-impl-thread1] INFO  server.RaftServerConfigKeys (ConfUtils.java:logGet(46)) - raft.server.snapshot.retention.file.num = -1 (default)
2023-05-03 09:46:58,960 [om1-impl-thread1] INFO  server.RaftServerConfigKeys (ConfUtils.java:logGet(46)) - raft.server.log.purge.upto.snapshot.index = true (custom)
2023-05-03 09:46:58,961 [om1@group-C5BA1605619E-FollowerState] INFO  server.RaftServerConfigKeys (ConfUtils.java:logFallback(53)) - raft.server.rpc.first-election.timeout.min = 1s (fallback to raft.server.rpc.timeout.min)
2023-05-03 09:46:58,961 [om1@group-C5BA1605619E-FollowerState] INFO  server.RaftServerConfigKeys (ConfUtils.java:logFallback(53)) - raft.server.rpc.first-election.timeout.max = 1200ms (fallback to raft.server.rpc.timeout.max)
2023-05-03 09:46:58,965 [Listener at 127.0.0.1/33355] INFO  server.RaftServer (RaftServerProxy.java:startImpl(393)) - om1: start RPC server
2023-05-03 09:46:58,968 [Listener at 127.0.0.1/33355] INFO  server.GrpcService (GrpcService.java:startImpl(262)) - om1: GrpcService started, listening on 9872
2023-05-03 09:46:58,969 [Listener at 127.0.0.1/33355] INFO  om.OzoneManager (OzoneManager.java:start(1590)) - Version File has different layout version (4) than OM DB (null). That is expected if this OM has never been finalized to a newer layout version.
2023-05-03 09:46:58,969 [JvmPauseMonitor6] INFO  util.JvmPauseMonitor (JvmPauseMonitor.java:run(105)) - JvmPauseMonitor-om1: Started
2023-05-03 09:46:58,972 [Listener at 127.0.0.1/33355] INFO  http.BaseHttpServer (BaseHttpServer.java:newHttpServer2BuilderForOzone(224)) - Starting Web-server for ozoneManager at: http://0.0.0.0:0
2023-05-03 09:46:58,972 [Listener at 127.0.0.1/33355] INFO  http.BaseHttpServer (BaseHttpServer.java:<init>(111)) - Hadoop Security Enabled: false Ozone Security Enabled: false Ozone HTTP Security Enabled: false 
2023-05-03 09:46:58,973 [Listener at 127.0.0.1/33355] WARN  server.AuthenticationFilter (AuthenticationFilter.java:constructSecretProvider(240)) - Unable to initialize FileSignerSecretProvider, falling back to use random secrets. Reason: Could not read signature secret file: /home/runner/hadoop-http-auth-signature-secret
2023-05-03 09:46:58,973 [Listener at 127.0.0.1/33355] INFO  http.HttpRequestLog (HttpRequestLog.java:getRequestLog(86)) - Http request log for http.requests.ozoneManager is not defined
2023-05-03 09:46:58,975 [Listener at 127.0.0.1/33355] INFO  http.HttpServer2 (HttpServer2.java:addGlobalFilter(1031)) - Added global filter 'safety' (class=org.apache.hadoop.hdds.server.http.HttpServer2$QuotingInputFilter)
2023-05-03 09:46:58,975 [Listener at 127.0.0.1/33355] INFO  http.HttpServer2 (HttpServer2.java:addFilter(1007)) - Added filter static_user_filter (class=org.apache.hadoop.http.lib.StaticUserWebFilter$StaticUserFilter) to context ozoneManager
2023-05-03 09:46:58,975 [Listener at 127.0.0.1/33355] INFO  http.HttpServer2 (HttpServer2.java:addFilter(1015)) - Added filter static_user_filter (class=org.apache.hadoop.http.lib.StaticUserWebFilter$StaticUserFilter) to context static
2023-05-03 09:46:58,975 [Listener at 127.0.0.1/33355] INFO  http.HttpServer2 (HttpServer2.java:addFilter(1015)) - Added filter static_user_filter (class=org.apache.hadoop.http.lib.StaticUserWebFilter$StaticUserFilter) to context logs
2023-05-03 09:46:58,976 [Listener at 127.0.0.1/33355] INFO  http.BaseHttpServer (BaseHttpServer.java:<init>(190)) - HTTP server of ozoneManager uses base directory /home/runner/work/ozone/ozone/hadoop-ozone/integration-test/target/test-dir/MiniOzoneClusterImpl-1ffe41d3-309f-458f-85b5-47035b7448ff/ozone-meta/webserver
2023-05-03 09:46:58,976 [Listener at 127.0.0.1/33355] INFO  http.HttpServer2 (HttpServer2.java:bindListener(1250)) - Jetty bound to port 34741
2023-05-03 09:46:58,976 [Listener at 127.0.0.1/33355] INFO  server.Server (Server.java:doStart(375)) - jetty-9.4.51.v20230217; built: 2023-02-17T08:19:37.309Z; git: b45c405e4544384de066f814ed42ae3dceacdd49; jvm 1.8.0_362-b09
2023-05-03 09:46:58,977 [Listener at 127.0.0.1/33355] INFO  server.session (DefaultSessionIdManager.java:doStart(334)) - DefaultSessionIdManager workerName=node0
2023-05-03 09:46:58,977 [Listener at 127.0.0.1/33355] INFO  server.session (DefaultSessionIdManager.java:doStart(339)) - No SessionScavenger set, using defaults
2023-05-03 09:46:58,977 [Listener at 127.0.0.1/33355] INFO  server.session (HouseKeeper.java:startScavenging(132)) - node0 Scavenging every 600000ms
2023-05-03 09:46:58,978 [Listener at 127.0.0.1/33355] INFO  handler.ContextHandler (ContextHandler.java:doStart(921)) - Started o.e.j.s.ServletContextHandler@1504ab98{logs,/logs,file:///home/runner/work/ozone/ozone/hadoop-ozone/integration-test/target/log,AVAILABLE}
2023-05-03 09:46:58,978 [Listener at 127.0.0.1/33355] INFO  handler.ContextHandler (ContextHandler.java:doStart(921)) - Started o.e.j.s.ServletContextHandler@50674143{static,/static,file:///home/runner/work/ozone/ozone/hadoop-ozone/integration-test/target/test-classes/webapps/static,AVAILABLE}
2023-05-03 09:46:58,981 [Listener at 127.0.0.1/33355] INFO  handler.ContextHandler (ContextHandler.java:doStart(921)) - Started o.e.j.w.WebAppContext@1157bbfd{ozoneManager,/,file:///home/runner/work/ozone/ozone/hadoop-ozone/integration-test/target/test-classes/webapps/ozoneManager/,AVAILABLE}{file:/home/runner/work/ozone/ozone/hadoop-ozone/integration-test/target/test-classes/webapps/ozoneManager}
2023-05-03 09:46:58,986 [Listener at 127.0.0.1/33355] INFO  server.AbstractConnector (AbstractConnector.java:doStart(333)) - Started ServerConnector@107a07bb{HTTP/1.1, (http/1.1)}{0.0.0.0:34741}
2023-05-03 09:46:58,986 [Listener at 127.0.0.1/33355] INFO  server.Server (Server.java:doStart(415)) - Started @62111ms
2023-05-03 09:46:58,986 [Listener at 127.0.0.1/33355] WARN  impl.MetricsSystemImpl (MetricsSystemImpl.java:register(279)) - Sink prometheus already exists!
2023-05-03 09:46:58,987 [Listener at 127.0.0.1/33355] INFO  http.BaseHttpServer (BaseHttpServer.java:updateConnectorAddress(344)) - HTTP server of ozoneManager listening at http://0.0.0.0:34741
2023-05-03 09:46:58,988 [IPC Server Responder] INFO  ipc.Server (Server.java:run(1558)) - IPC Server Responder: starting
2023-05-03 09:46:58,989 [IPC Server listener on 0] INFO  ipc.Server (Server.java:run(1398)) - IPC Server listener on 0: starting
2023-05-03 09:46:58,992 [Listener at 127.0.0.1/33355] INFO  om.OzoneManager (OzoneManager.java:startTrashEmptier(2050)) - Trash Interval set to 0. Files deleted won't move to trash
2023-05-03 09:46:58,994 [org.apache.hadoop.util.JvmPauseMonitor$Monitor@3d9eafcf] INFO  util.JvmPauseMonitor (JvmPauseMonitor.java:run(188)) - Starting JVM pause monitor
2023-05-03 09:46:58,999 [Listener at 127.0.0.1/33355] WARN  impl.MetricRegistriesImpl (MetricRegistriesImpl.java:addReporterRegistration(111)) - New reporters are added after registries were created. Some metrics will be missing from the reporter. Please add reporter before adding any new registry.
2023-05-03 09:46:58,999 [Listener at 127.0.0.1/33355] WARN  impl.MetricRegistriesImpl (MetricRegistriesImpl.java:addReporterRegistration(111)) - New reporters are added after registries were created. Some metrics will be missing from the reporter. Please add reporter before adding any new registry.
2023-05-03 09:46:58,999 [Listener at 127.0.0.1/33355] INFO  impl.MetricsSystemImpl (MetricsSystemImpl.java:init(158)) - HddsDatanode metrics system started (again)
2023-05-03 09:46:59,009 [Listener at 127.0.0.1/33355] INFO  ozone.HddsDatanodeService (HddsDatanodeService.java:start(252)) - HddsDatanodeService host:fv-az139-793.t0dryja4c43urhy2nvp0adewnd.cx.internal.cloudapp.net ip:10.1.0.194
2023-05-03 09:46:59,024 [Listener at 127.0.0.1/33355] INFO  upgrade.AbstractLayoutVersionManager (AbstractLayoutVersionManager.java:init(83)) - Initializing Layout version manager with metadata layout = WEBUI_PORTS_IN_DATANODEDETAILS (version = 6), software layout = WEBUI_PORTS_IN_DATANODEDETAILS (version = 6)
2023-05-03 09:46:59,068 [Listener at 127.0.0.1/33355] INFO  reflections.Reflections (Reflections.java:scan(232)) - Reflections took 43 ms to scan 7 urls, producing 156 keys and 369 values 
2023-05-03 09:46:59,070 [Listener at 127.0.0.1/33355] INFO  statemachine.DatanodeStateMachine (DatanodeStateMachine.java:getEndPointTaskThreadPoolSize(262)) - Datanode State Machine Task Thread Pool size 2
2023-05-03 09:46:59,071 [Listener at 127.0.0.1/33355] INFO  volume.HddsVolume (HddsVolume.java:<init>(130)) - Creating HddsVolume: /home/runner/work/ozone/ozone/hadoop-ozone/integration-test/target/test-dir/MiniOzoneClusterImpl-1ffe41d3-309f-458f-85b5-47035b7448ff/datanode-0/data-0/containers/hdds of storage type : DISK capacity : 9223372036854775807
2023-05-03 09:46:59,071 [Listener at 127.0.0.1/33355] INFO  volume.MutableVolumeSet (MutableVolumeSet.java:initializeVolumeSet(175)) - Added Volume : /home/runner/work/ozone/ozone/hadoop-ozone/integration-test/target/test-dir/MiniOzoneClusterImpl-1ffe41d3-309f-458f-85b5-47035b7448ff/datanode-0/data-0/containers/hdds to VolumeSet
2023-05-03 09:46:59,072 [Listener at 127.0.0.1/33355] INFO  volume.ThrottledAsyncChecker (ThrottledAsyncChecker.java:schedule(141)) - Scheduling a check for /home/runner/work/ozone/ozone/hadoop-ozone/integration-test/target/test-dir/MiniOzoneClusterImpl-1ffe41d3-309f-458f-85b5-47035b7448ff/datanode-0/data-0/containers/hdds
2023-05-03 09:46:59,072 [Listener at 127.0.0.1/33355] INFO  volume.StorageVolumeChecker (StorageVolumeChecker.java:checkAllVolumes(202)) - Scheduled health check for volume /home/runner/work/ozone/ozone/hadoop-ozone/integration-test/target/test-dir/MiniOzoneClusterImpl-1ffe41d3-309f-458f-85b5-47035b7448ff/datanode-0/data-0/containers/hdds
2023-05-03 09:46:59,085 [Listener at 127.0.0.1/33355] INFO  volume.MutableVolumeSet (MutableVolumeSet.java:initializeVolumeSet(175)) - Added Volume : /home/runner/work/ozone/ozone/hadoop-ozone/integration-test/target/test-dir/MiniOzoneClusterImpl-1ffe41d3-309f-458f-85b5-47035b7448ff/datanode-0/data/ratis to VolumeSet
2023-05-03 09:46:59,085 [Listener at 127.0.0.1/33355] INFO  volume.ThrottledAsyncChecker (ThrottledAsyncChecker.java:schedule(141)) - Scheduling a check for /home/runner/work/ozone/ozone/hadoop-ozone/integration-test/target/test-dir/MiniOzoneClusterImpl-1ffe41d3-309f-458f-85b5-47035b7448ff/datanode-0/data/ratis
2023-05-03 09:46:59,085 [Listener at 127.0.0.1/33355] INFO  volume.StorageVolumeChecker (StorageVolumeChecker.java:checkAllVolumes(202)) - Scheduled health check for volume /home/runner/work/ozone/ozone/hadoop-ozone/integration-test/target/test-dir/MiniOzoneClusterImpl-1ffe41d3-309f-458f-85b5-47035b7448ff/datanode-0/data/ratis
2023-05-03 09:46:59,095 [Thread-784] INFO  ozoneimpl.ContainerReader (ContainerReader.java:readVolume(175)) - Finish verifying containers on volume /home/runner/work/ozone/ozone/hadoop-ozone/integration-test/target/test-dir/MiniOzoneClusterImpl-1ffe41d3-309f-458f-85b5-47035b7448ff/datanode-0/data-0/containers/hdds
2023-05-03 09:46:59,095 [Listener at 127.0.0.1/33355] INFO  ozoneimpl.OzoneContainer (OzoneContainer.java:buildContainerSet(303)) - Build ContainerSet costs 0s
2023-05-03 09:46:59,101 [Listener at 127.0.0.1/33355] INFO  server.RaftServer (ConfUtils.java:logGet(46)) - raft.rpc.type = GRPC (default)
2023-05-03 09:46:59,101 [Listener at 127.0.0.1/33355] INFO  grpc.GrpcConfigKeys (ConfUtils.java:logFallback(53)) - raft.grpc.admin.host = null (fallback to raft.grpc.server.host)
2023-05-03 09:46:59,101 [Listener at 127.0.0.1/33355] INFO  grpc.GrpcConfigKeys (ConfUtils.java:logGet(46)) - raft.grpc.admin.port = 0 (custom)
2023-05-03 09:46:59,101 [Listener at 127.0.0.1/33355] INFO  grpc.GrpcConfigKeys (ConfUtils.java:logFallback(53)) - raft.grpc.client.host = null (fallback to raft.grpc.server.host)
2023-05-03 09:46:59,101 [Listener at 127.0.0.1/33355] INFO  grpc.GrpcConfigKeys (ConfUtils.java:logGet(46)) - raft.grpc.client.port = 0 (custom)
2023-05-03 09:46:59,101 [Listener at 127.0.0.1/33355] INFO  grpc.GrpcConfigKeys (ConfUtils.java:logGet(46)) - raft.grpc.server.host = null (default)
2023-05-03 09:46:59,101 [Listener at 127.0.0.1/33355] INFO  grpc.GrpcConfigKeys (ConfUtils.java:logGet(46)) - raft.grpc.server.port = 0 (default)
2023-05-03 09:46:59,101 [Listener at 127.0.0.1/33355] INFO  server.GrpcService (ConfUtils.java:logGet(46)) - raft.grpc.message.size.max = 32MB (=33554432) (custom)
2023-05-03 09:46:59,101 [Listener at 127.0.0.1/33355] INFO  server.RaftServerConfigKeys (ConfUtils.java:logGet(46)) - raft.server.log.appender.buffer.byte-limit = 33554432 (custom)
2023-05-03 09:46:59,102 [Listener at 127.0.0.1/33355] INFO  server.GrpcService (ConfUtils.java:logGet(46)) - raft.grpc.flow.control.window = 5MB (=5242880) (custom)
2023-05-03 09:46:59,102 [Listener at 127.0.0.1/33355] INFO  server.RaftServerConfigKeys (ConfUtils.java:logGet(46)) - raft.server.rpc.request.timeout = 60s (custom)
2023-05-03 09:46:59,102 [Listener at 127.0.0.1/33355] INFO  grpc.GrpcConfigKeys (ConfUtils.java:logGet(46)) - raft.grpc.server.heartbeat.channel = true (default)
2023-05-03 09:46:59,102 [Listener at 127.0.0.1/33355] INFO  grpc.GrpcConfigKeys (ConfUtils.java:logGet(46)) - raft.grpc.server.async.request.thread.pool.cached = true (default)
2023-05-03 09:46:59,102 [Listener at 127.0.0.1/33355] INFO  grpc.GrpcConfigKeys (ConfUtils.java:logGet(46)) - raft.grpc.server.async.request.thread.pool.size = 32 (default)
2023-05-03 09:46:59,103 [Listener at 127.0.0.1/33355] INFO  impl.DataStreamServerImpl (ConfUtils.java:logGet(46)) - raft.datastream.type = NETTY (custom)
2023-05-03 09:46:59,104 [Listener at 127.0.0.1/33355] INFO  server.RaftServerConfigKeys (ConfUtils.java:logGet(46)) - raft.server.data-stream.async.request.thread.pool.cached = false (default)
2023-05-03 09:46:59,104 [Listener at 127.0.0.1/33355] INFO  server.RaftServerConfigKeys (ConfUtils.java:logGet(46)) - raft.server.data-stream.async.request.thread.pool.size = 20 (custom)
2023-05-03 09:46:59,104 [Listener at 127.0.0.1/33355] INFO  server.RaftServerConfigKeys (ConfUtils.java:logGet(46)) - raft.server.data-stream.async.write.thread.pool.size = 16 (default)
2023-05-03 09:46:59,104 [Listener at 127.0.0.1/33355] INFO  server.RaftServerConfigKeys (ConfUtils.java:logGet(46)) - raft.server.data-stream.client.pool.size = 10 (default)
2023-05-03 09:46:59,104 [Listener at 127.0.0.1/33355] INFO  netty.NettyConfigKeys$DataStream (ConfUtils.java:logGet(46)) - raft.netty.dataStream.server.use-epoll = false (default)
2023-05-03 09:46:59,104 [Listener at 127.0.0.1/33355] INFO  netty.NettyConfigKeys$DataStream (ConfUtils.java:logGet(46)) - raft.netty.dataStream.server.boss-group.size = 0 (default)
2023-05-03 09:46:59,105 [Listener at 127.0.0.1/33355] INFO  netty.NettyConfigKeys$DataStream (ConfUtils.java:logGet(46)) - raft.netty.dataStream.server.worker-group.size = 0 (default)
2023-05-03 09:46:59,105 [Listener at 127.0.0.1/33355] INFO  netty.NettyConfigKeys$DataStream (ConfUtils.java:logGet(46)) - raft.netty.dataStream.server.tls.conf = null (default)
2023-05-03 09:46:59,105 [Listener at 127.0.0.1/33355] INFO  netty.NettyConfigKeys$DataStream (ConfUtils.java:logGet(46)) - raft.netty.dataStream.host = null (default)
2023-05-03 09:46:59,105 [Listener at 127.0.0.1/33355] INFO  netty.NettyConfigKeys$DataStream (ConfUtils.java:logGet(46)) - raft.netty.dataStream.port = 0 (default)
2023-05-03 09:46:59,105 [Listener at 127.0.0.1/33355] INFO  server.RaftServerConfigKeys (ConfUtils.java:logGet(46)) - raft.server.threadpool.proxy.cached = true (default)
2023-05-03 09:46:59,106 [Listener at 127.0.0.1/33355] INFO  server.RaftServerConfigKeys (ConfUtils.java:logGet(46)) - raft.server.threadpool.proxy.size = 0 (default)
2023-05-03 09:46:59,106 [Listener at 127.0.0.1/33355] INFO  server.RaftServerConfigKeys (ConfUtils.java:logGet(46)) - raft.server.rpc.slowness.timeout = 300s (custom)
2023-05-03 09:46:59,106 [Listener at 127.0.0.1/33355] INFO  server.RaftServerConfigKeys (ConfUtils.java:logGet(46)) - raft.server.leaderelection.leader.step-down.wait-time = 10s (default)
2023-05-03 09:46:59,106 [Listener at 127.0.0.1/33355] INFO  server.RaftServerConfigKeys (ConfUtils.java:logGet(46)) - raft.server.storage.dir = [/home/runner/work/ozone/ozone/hadoop-ozone/integration-test/target/test-dir/MiniOzoneClusterImpl-1ffe41d3-309f-458f-85b5-47035b7448ff/datanode-0/data/ratis] (custom)
2023-05-03 09:46:59,107 [b6ef2b53-fb64-4342-8f97-d03ee9e71060-NettyServerStreamRpc-bossGroup--thread1] INFO  logging.LoggingHandler (AbstractInternalLogger.java:log(148)) - [id: 0x9f34cfa1] REGISTERED
2023-05-03 09:46:59,107 [b6ef2b53-fb64-4342-8f97-d03ee9e71060-NettyServerStreamRpc-bossGroup--thread1] INFO  logging.LoggingHandler (AbstractInternalLogger.java:log(148)) - [id: 0x9f34cfa1] BIND: 0.0.0.0/0.0.0.0:0
2023-05-03 09:46:59,107 [b6ef2b53-fb64-4342-8f97-d03ee9e71060-NettyServerStreamRpc-bossGroup--thread1] INFO  logging.LoggingHandler (AbstractInternalLogger.java:log(148)) - [id: 0x9f34cfa1, L:/0:0:0:0:0:0:0:0:42439] ACTIVE
2023-05-03 09:46:59,108 [Listener at 127.0.0.1/33355] INFO  server.XceiverServerGrpc (XceiverServerGrpc.java:<init>(132)) - GrpcServer channel type EpollServerSocketChannel
2023-05-03 09:46:59,111 [Listener at 127.0.0.1/33355] INFO  http.BaseHttpServer (BaseHttpServer.java:newHttpServer2BuilderForOzone(224)) - Starting Web-server for hddsDatanode at: http://0.0.0.0:0
2023-05-03 09:46:59,111 [Listener at 127.0.0.1/33355] INFO  http.BaseHttpServer (BaseHttpServer.java:<init>(111)) - Hadoop Security Enabled: false Ozone Security Enabled: false Ozone HTTP Security Enabled: false 
2023-05-03 09:46:59,112 [Listener at 127.0.0.1/33355] WARN  server.AuthenticationFilter (AuthenticationFilter.java:constructSecretProvider(240)) - Unable to initialize FileSignerSecretProvider, falling back to use random secrets. Reason: Could not read signature secret file: /home/runner/hadoop-http-auth-signature-secret
2023-05-03 09:46:59,117 [Listener at 127.0.0.1/33355] INFO  http.HttpRequestLog (HttpRequestLog.java:getRequestLog(86)) - Http request log for http.requests.hddsDatanode is not defined
2023-05-03 09:46:59,118 [Listener at 127.0.0.1/33355] INFO  http.HttpServer2 (HttpServer2.java:addGlobalFilter(1031)) - Added global filter 'safety' (class=org.apache.hadoop.hdds.server.http.HttpServer2$QuotingInputFilter)
2023-05-03 09:46:59,118 [Listener at 127.0.0.1/33355] INFO  http.HttpServer2 (HttpServer2.java:addFilter(1007)) - Added filter static_user_filter (class=org.apache.hadoop.http.lib.StaticUserWebFilter$StaticUserFilter) to context hddsDatanode
2023-05-03 09:46:59,118 [Listener at 127.0.0.1/33355] INFO  http.HttpServer2 (HttpServer2.java:addFilter(1015)) - Added filter static_user_filter (class=org.apache.hadoop.http.lib.StaticUserWebFilter$StaticUserFilter) to context static
2023-05-03 09:46:59,119 [Listener at 127.0.0.1/33355] INFO  http.HttpServer2 (HttpServer2.java:addFilter(1015)) - Added filter static_user_filter (class=org.apache.hadoop.http.lib.StaticUserWebFilter$StaticUserFilter) to context logs
2023-05-03 09:46:59,119 [Listener at 127.0.0.1/33355] INFO  http.BaseHttpServer (BaseHttpServer.java:<init>(190)) - HTTP server of hddsDatanode uses base directory /home/runner/work/ozone/ozone/hadoop-ozone/integration-test/target/test-dir/MiniOzoneClusterImpl-1ffe41d3-309f-458f-85b5-47035b7448ff/datanode-0/meta/webserver
2023-05-03 09:46:59,119 [Listener at 127.0.0.1/33355] INFO  http.HttpServer2 (HttpServer2.java:bindListener(1250)) - Jetty bound to port 46855
2023-05-03 09:46:59,119 [Listener at 127.0.0.1/33355] INFO  server.Server (Server.java:doStart(375)) - jetty-9.4.51.v20230217; built: 2023-02-17T08:19:37.309Z; git: b45c405e4544384de066f814ed42ae3dceacdd49; jvm 1.8.0_362-b09
2023-05-03 09:46:59,120 [Listener at 127.0.0.1/33355] INFO  server.session (DefaultSessionIdManager.java:doStart(334)) - DefaultSessionIdManager workerName=node0
2023-05-03 09:46:59,120 [Listener at 127.0.0.1/33355] INFO  server.session (DefaultSessionIdManager.java:doStart(339)) - No SessionScavenger set, using defaults
2023-05-03 09:46:59,120 [Listener at 127.0.0.1/33355] INFO  server.session (HouseKeeper.java:startScavenging(132)) - node0 Scavenging every 660000ms
2023-05-03 09:46:59,121 [Listener at 127.0.0.1/33355] INFO  handler.ContextHandler (ContextHandler.java:doStart(921)) - Started o.e.j.s.ServletContextHandler@23d9656c{logs,/logs,file:///home/runner/work/ozone/ozone/hadoop-ozone/integration-test/target/log,AVAILABLE}
2023-05-03 09:46:59,121 [Listener at 127.0.0.1/33355] INFO  handler.ContextHandler (ContextHandler.java:doStart(921)) - Started o.e.j.s.ServletContextHandler@46fc2fb8{static,/static,jar:file:/home/runner/.m2/repository/org/apache/ozone/hdds-container-service/1.4.0-SNAPSHOT/hdds-container-service-1.4.0-SNAPSHOT.jar!/webapps/static,AVAILABLE}
2023-05-03 09:46:59,322 [Listener at 127.0.0.1/33355] INFO  handler.ContextHandler (ContextHandler.java:doStart(921)) - Started o.e.j.w.WebAppContext@2051dd06{hddsDatanode,/,file:///home/runner/work/ozone/ozone/hadoop-ozone/integration-test/target/test-dir/MiniOzoneClusterImpl-1ffe41d3-309f-458f-85b5-47035b7448ff/datanode-0/meta/webserver/jetty-0_0_0_0-46855-hdds-container-service-1_4_0-SNAPSHOT_jar-_-any-8598968174455743273/webapp/,AVAILABLE}{jar:file:/home/runner/.m2/repository/org/apache/ozone/hdds-container-service/1.4.0-SNAPSHOT/hdds-container-service-1.4.0-SNAPSHOT.jar!/webapps/hddsDatanode}
2023-05-03 09:46:59,323 [Listener at 127.0.0.1/33355] INFO  server.AbstractConnector (AbstractConnector.java:doStart(333)) - Started ServerConnector@42a8fde6{HTTP/1.1, (http/1.1)}{0.0.0.0:46855}
2023-05-03 09:46:59,323 [Listener at 127.0.0.1/33355] INFO  server.Server (Server.java:doStart(415)) - Started @62448ms
2023-05-03 09:46:59,323 [Listener at 127.0.0.1/33355] WARN  impl.MetricsSystemImpl (MetricsSystemImpl.java:register(279)) - Sink prometheus already exists!
2023-05-03 09:46:59,324 [Listener at 127.0.0.1/33355] INFO  http.BaseHttpServer (BaseHttpServer.java:updateConnectorAddress(344)) - HTTP server of hddsDatanode listening at http://0.0.0.0:46855
2023-05-03 09:46:59,324 [Listener at 127.0.0.1/33355] WARN  impl.MetricRegistriesImpl (MetricRegistriesImpl.java:addReporterRegistration(111)) - New reporters are added after registries were created. Some metrics will be missing from the reporter. Please add reporter before adding any new registry.
2023-05-03 09:46:59,324 [Listener at 127.0.0.1/33355] WARN  impl.MetricRegistriesImpl (MetricRegistriesImpl.java:addReporterRegistration(111)) - New reporters are added after registries were created. Some metrics will be missing from the reporter. Please add reporter before adding any new registry.
2023-05-03 09:46:59,324 [Listener at 127.0.0.1/33355] INFO  impl.MetricsSystemImpl (MetricsSystemImpl.java:init(158)) - HddsDatanode metrics system started (again)
2023-05-03 09:46:59,324 [Datanode State Machine Daemon Thread] INFO  statemachine.DatanodeStateMachine (DatanodeStateMachine.java:lambda$startDaemon$0(519)) - Ozone container server started.
2023-05-03 09:46:59,335 [Listener at 127.0.0.1/33355] INFO  ozone.HddsDatanodeService (HddsDatanodeService.java:start(252)) - HddsDatanodeService host:fv-az139-793.t0dryja4c43urhy2nvp0adewnd.cx.internal.cloudapp.net ip:10.1.0.194
2023-05-03 09:46:59,341 [org.apache.hadoop.util.JvmPauseMonitor$Monitor@2db0d371] INFO  util.JvmPauseMonitor (JvmPauseMonitor.java:run(188)) - Starting JVM pause monitor
2023-05-03 09:46:59,350 [Datanode State Machine Task Thread - 0] INFO  datanode.InitDatanodeState (InitDatanodeState.java:persistContainerDatanodeDetails(138)) - DatanodeDetails is persisted to /home/runner/work/ozone/ozone/hadoop-ozone/integration-test/target/test-dir/MiniOzoneClusterImpl-1ffe41d3-309f-458f-85b5-47035b7448ff/datanode-0/meta/datanode.id
2023-05-03 09:46:59,353 [Listener at 127.0.0.1/33355] INFO  upgrade.AbstractLayoutVersionManager (AbstractLayoutVersionManager.java:init(83)) - Initializing Layout version manager with metadata layout = WEBUI_PORTS_IN_DATANODEDETAILS (version = 6), software layout = WEBUI_PORTS_IN_DATANODEDETAILS (version = 6)
2023-05-03 09:46:59,399 [Listener at 127.0.0.1/33355] INFO  reflections.Reflections (Reflections.java:scan(232)) - Reflections took 45 ms to scan 7 urls, producing 156 keys and 369 values 
2023-05-03 09:46:59,400 [Listener at 127.0.0.1/33355] INFO  statemachine.DatanodeStateMachine (DatanodeStateMachine.java:getEndPointTaskThreadPoolSize(262)) - Datanode State Machine Task Thread Pool size 2
2023-05-03 09:46:59,403 [Listener at 127.0.0.1/33355] INFO  volume.HddsVolume (HddsVolume.java:<init>(130)) - Creating HddsVolume: /home/runner/work/ozone/ozone/hadoop-ozone/integration-test/target/test-dir/MiniOzoneClusterImpl-1ffe41d3-309f-458f-85b5-47035b7448ff/datanode-1/data-0/containers/hdds of storage type : DISK capacity : 9223372036854775807
2023-05-03 09:46:59,403 [Listener at 127.0.0.1/33355] INFO  volume.MutableVolumeSet (MutableVolumeSet.java:initializeVolumeSet(175)) - Added Volume : /home/runner/work/ozone/ozone/hadoop-ozone/integration-test/target/test-dir/MiniOzoneClusterImpl-1ffe41d3-309f-458f-85b5-47035b7448ff/datanode-1/data-0/containers/hdds to VolumeSet
2023-05-03 09:46:59,403 [Listener at 127.0.0.1/33355] INFO  volume.ThrottledAsyncChecker (ThrottledAsyncChecker.java:schedule(141)) - Scheduling a check for /home/runner/work/ozone/ozone/hadoop-ozone/integration-test/target/test-dir/MiniOzoneClusterImpl-1ffe41d3-309f-458f-85b5-47035b7448ff/datanode-1/data-0/containers/hdds
2023-05-03 09:46:59,403 [Listener at 127.0.0.1/33355] INFO  volume.StorageVolumeChecker (StorageVolumeChecker.java:checkAllVolumes(202)) - Scheduled health check for volume /home/runner/work/ozone/ozone/hadoop-ozone/integration-test/target/test-dir/MiniOzoneClusterImpl-1ffe41d3-309f-458f-85b5-47035b7448ff/datanode-1/data-0/containers/hdds
2023-05-03 09:46:59,414 [Listener at 127.0.0.1/33355] INFO  volume.MutableVolumeSet (MutableVolumeSet.java:initializeVolumeSet(175)) - Added Volume : /home/runner/work/ozone/ozone/hadoop-ozone/integration-test/target/test-dir/MiniOzoneClusterImpl-1ffe41d3-309f-458f-85b5-47035b7448ff/datanode-1/data/ratis to VolumeSet
2023-05-03 09:46:59,414 [Listener at 127.0.0.1/33355] INFO  volume.ThrottledAsyncChecker (ThrottledAsyncChecker.java:schedule(141)) - Scheduling a check for /home/runner/work/ozone/ozone/hadoop-ozone/integration-test/target/test-dir/MiniOzoneClusterImpl-1ffe41d3-309f-458f-85b5-47035b7448ff/datanode-1/data/ratis
2023-05-03 09:46:59,415 [Listener at 127.0.0.1/33355] INFO  volume.StorageVolumeChecker (StorageVolumeChecker.java:checkAllVolumes(202)) - Scheduled health check for volume /home/runner/work/ozone/ozone/hadoop-ozone/integration-test/target/test-dir/MiniOzoneClusterImpl-1ffe41d3-309f-458f-85b5-47035b7448ff/datanode-1/data/ratis
2023-05-03 09:46:59,426 [Thread-798] INFO  ozoneimpl.ContainerReader (ContainerReader.java:readVolume(175)) - Finish verifying containers on volume /home/runner/work/ozone/ozone/hadoop-ozone/integration-test/target/test-dir/MiniOzoneClusterImpl-1ffe41d3-309f-458f-85b5-47035b7448ff/datanode-1/data-0/containers/hdds
2023-05-03 09:46:59,426 [Listener at 127.0.0.1/33355] INFO  ozoneimpl.OzoneContainer (OzoneContainer.java:buildContainerSet(303)) - Build ContainerSet costs 0s
2023-05-03 09:46:59,429 [Listener at 127.0.0.1/33355] INFO  server.RaftServer (ConfUtils.java:logGet(46)) - raft.rpc.type = GRPC (default)
2023-05-03 09:46:59,429 [Listener at 127.0.0.1/33355] INFO  grpc.GrpcConfigKeys (ConfUtils.java:logFallback(53)) - raft.grpc.admin.host = null (fallback to raft.grpc.server.host)
2023-05-03 09:46:59,429 [Listener at 127.0.0.1/33355] INFO  grpc.GrpcConfigKeys (ConfUtils.java:logGet(46)) - raft.grpc.admin.port = 0 (custom)
2023-05-03 09:46:59,429 [Listener at 127.0.0.1/33355] INFO  grpc.GrpcConfigKeys (ConfUtils.java:logFallback(53)) - raft.grpc.client.host = null (fallback to raft.grpc.server.host)
2023-05-03 09:46:59,429 [Listener at 127.0.0.1/33355] INFO  grpc.GrpcConfigKeys (ConfUtils.java:logGet(46)) - raft.grpc.client.port = 0 (custom)
2023-05-03 09:46:59,429 [Listener at 127.0.0.1/33355] INFO  grpc.GrpcConfigKeys (ConfUtils.java:logGet(46)) - raft.grpc.server.host = null (default)
2023-05-03 09:46:59,429 [Listener at 127.0.0.1/33355] INFO  grpc.GrpcConfigKeys (ConfUtils.java:logGet(46)) - raft.grpc.server.port = 0 (default)
2023-05-03 09:46:59,429 [Listener at 127.0.0.1/33355] INFO  server.GrpcService (ConfUtils.java:logGet(46)) - raft.grpc.message.size.max = 32MB (=33554432) (custom)
2023-05-03 09:46:59,429 [Listener at 127.0.0.1/33355] INFO  server.RaftServerConfigKeys (ConfUtils.java:logGet(46)) - raft.server.log.appender.buffer.byte-limit = 33554432 (custom)
2023-05-03 09:46:59,429 [Listener at 127.0.0.1/33355] INFO  server.GrpcService (ConfUtils.java:logGet(46)) - raft.grpc.flow.control.window = 5MB (=5242880) (custom)
2023-05-03 09:46:59,429 [Listener at 127.0.0.1/33355] INFO  server.RaftServerConfigKeys (ConfUtils.java:logGet(46)) - raft.server.rpc.request.timeout = 60s (custom)
2023-05-03 09:46:59,429 [Listener at 127.0.0.1/33355] INFO  grpc.GrpcConfigKeys (ConfUtils.java:logGet(46)) - raft.grpc.server.heartbeat.channel = true (default)
2023-05-03 09:46:59,430 [Listener at 127.0.0.1/33355] INFO  grpc.GrpcConfigKeys (ConfUtils.java:logGet(46)) - raft.grpc.server.async.request.thread.pool.cached = true (default)
2023-05-03 09:46:59,430 [Listener at 127.0.0.1/33355] INFO  grpc.GrpcConfigKeys (ConfUtils.java:logGet(46)) - raft.grpc.server.async.request.thread.pool.size = 32 (default)
2023-05-03 09:46:59,431 [Listener at 127.0.0.1/33355] INFO  impl.DataStreamServerImpl (ConfUtils.java:logGet(46)) - raft.datastream.type = NETTY (custom)
2023-05-03 09:46:59,431 [Listener at 127.0.0.1/33355] INFO  server.RaftServerConfigKeys (ConfUtils.java:logGet(46)) - raft.server.data-stream.async.request.thread.pool.cached = false (default)
2023-05-03 09:46:59,431 [Listener at 127.0.0.1/33355] INFO  server.RaftServerConfigKeys (ConfUtils.java:logGet(46)) - raft.server.data-stream.async.request.thread.pool.size = 20 (custom)
2023-05-03 09:46:59,431 [Listener at 127.0.0.1/33355] INFO  server.RaftServerConfigKeys (ConfUtils.java:logGet(46)) - raft.server.data-stream.async.write.thread.pool.size = 16 (default)
2023-05-03 09:46:59,431 [Listener at 127.0.0.1/33355] INFO  server.RaftServerConfigKeys (ConfUtils.java:logGet(46)) - raft.server.data-stream.client.pool.size = 10 (default)
2023-05-03 09:46:59,431 [Listener at 127.0.0.1/33355] INFO  netty.NettyConfigKeys$DataStream (ConfUtils.java:logGet(46)) - raft.netty.dataStream.server.use-epoll = false (default)
2023-05-03 09:46:59,431 [Listener at 127.0.0.1/33355] INFO  netty.NettyConfigKeys$DataStream (ConfUtils.java:logGet(46)) - raft.netty.dataStream.server.boss-group.size = 0 (default)
2023-05-03 09:46:59,432 [Listener at 127.0.0.1/33355] INFO  netty.NettyConfigKeys$DataStream (ConfUtils.java:logGet(46)) - raft.netty.dataStream.server.worker-group.size = 0 (default)
2023-05-03 09:46:59,432 [Listener at 127.0.0.1/33355] INFO  netty.NettyConfigKeys$DataStream (ConfUtils.java:logGet(46)) - raft.netty.dataStream.server.tls.conf = null (default)
2023-05-03 09:46:59,432 [Listener at 127.0.0.1/33355] INFO  netty.NettyConfigKeys$DataStream (ConfUtils.java:logGet(46)) - raft.netty.dataStream.host = null (default)
2023-05-03 09:46:59,432 [Listener at 127.0.0.1/33355] INFO  netty.NettyConfigKeys$DataStream (ConfUtils.java:logGet(46)) - raft.netty.dataStream.port = 0 (default)
2023-05-03 09:46:59,434 [Listener at 127.0.0.1/33355] INFO  server.RaftServerConfigKeys (ConfUtils.java:logGet(46)) - raft.server.threadpool.proxy.cached = true (default)
2023-05-03 09:46:59,434 [Listener at 127.0.0.1/33355] INFO  server.RaftServerConfigKeys (ConfUtils.java:logGet(46)) - raft.server.threadpool.proxy.size = 0 (default)
2023-05-03 09:46:59,434 [Listener at 127.0.0.1/33355] INFO  server.RaftServerConfigKeys (ConfUtils.java:logGet(46)) - raft.server.rpc.slowness.timeout = 300s (custom)
2023-05-03 09:46:59,435 [Listener at 127.0.0.1/33355] INFO  server.RaftServerConfigKeys (ConfUtils.java:logGet(46)) - raft.server.leaderelection.leader.step-down.wait-time = 10s (default)
2023-05-03 09:46:59,435 [Listener at 127.0.0.1/33355] INFO  server.RaftServerConfigKeys (ConfUtils.java:logGet(46)) - raft.server.storage.dir = [/home/runner/work/ozone/ozone/hadoop-ozone/integration-test/target/test-dir/MiniOzoneClusterImpl-1ffe41d3-309f-458f-85b5-47035b7448ff/datanode-1/data/ratis] (custom)
2023-05-03 09:46:59,435 [bc491111-3fed-428a-bcdf-e8e8db9b92ff-NettyServerStreamRpc-bossGroup--thread1] INFO  logging.LoggingHandler (AbstractInternalLogger.java:log(148)) - [id: 0xcd47ee18] REGISTERED
2023-05-03 09:46:59,435 [bc491111-3fed-428a-bcdf-e8e8db9b92ff-NettyServerStreamRpc-bossGroup--thread1] INFO  logging.LoggingHandler (AbstractInternalLogger.java:log(148)) - [id: 0xcd47ee18] BIND: 0.0.0.0/0.0.0.0:0
2023-05-03 09:46:59,435 [bc491111-3fed-428a-bcdf-e8e8db9b92ff-NettyServerStreamRpc-bossGroup--thread1] INFO  logging.LoggingHandler (AbstractInternalLogger.java:log(148)) - [id: 0xcd47ee18, L:/0:0:0:0:0:0:0:0:34691] ACTIVE
2023-05-03 09:46:59,439 [Listener at 127.0.0.1/33355] INFO  server.XceiverServerGrpc (XceiverServerGrpc.java:<init>(132)) - GrpcServer channel type EpollServerSocketChannel
2023-05-03 09:46:59,441 [Listener at 127.0.0.1/33355] INFO  http.BaseHttpServer (BaseHttpServer.java:newHttpServer2BuilderForOzone(224)) - Starting Web-server for hddsDatanode at: http://0.0.0.0:0
2023-05-03 09:46:59,442 [Listener at 127.0.0.1/33355] INFO  http.BaseHttpServer (BaseHttpServer.java:<init>(111)) - Hadoop Security Enabled: false Ozone Security Enabled: false Ozone HTTP Security Enabled: false 
2023-05-03 09:46:59,443 [Listener at 127.0.0.1/33355] WARN  server.AuthenticationFilter (AuthenticationFilter.java:constructSecretProvider(240)) - Unable to initialize FileSignerSecretProvider, falling back to use random secrets. Reason: Could not read signature secret file: /home/runner/hadoop-http-auth-signature-secret
2023-05-03 09:46:59,444 [Listener at 127.0.0.1/33355] INFO  http.HttpRequestLog (HttpRequestLog.java:getRequestLog(86)) - Http request log for http.requests.hddsDatanode is not defined
2023-05-03 09:46:59,445 [Listener at 127.0.0.1/33355] INFO  http.HttpServer2 (HttpServer2.java:addGlobalFilter(1031)) - Added global filter 'safety' (class=org.apache.hadoop.hdds.server.http.HttpServer2$QuotingInputFilter)
2023-05-03 09:46:59,446 [Listener at 127.0.0.1/33355] INFO  http.HttpServer2 (HttpServer2.java:addFilter(1007)) - Added filter static_user_filter (class=org.apache.hadoop.http.lib.StaticUserWebFilter$StaticUserFilter) to context hddsDatanode
2023-05-03 09:46:59,446 [Listener at 127.0.0.1/33355] INFO  http.HttpServer2 (HttpServer2.java:addFilter(1015)) - Added filter static_user_filter (class=org.apache.hadoop.http.lib.StaticUserWebFilter$StaticUserFilter) to context logs
2023-05-03 09:46:59,446 [Listener at 127.0.0.1/33355] INFO  http.HttpServer2 (HttpServer2.java:addFilter(1015)) - Added filter static_user_filter (class=org.apache.hadoop.http.lib.StaticUserWebFilter$StaticUserFilter) to context static
2023-05-03 09:46:59,446 [Listener at 127.0.0.1/33355] INFO  http.BaseHttpServer (BaseHttpServer.java:<init>(190)) - HTTP server of hddsDatanode uses base directory /home/runner/work/ozone/ozone/hadoop-ozone/integration-test/target/test-dir/MiniOzoneClusterImpl-1ffe41d3-309f-458f-85b5-47035b7448ff/datanode-1/meta/webserver
2023-05-03 09:46:59,446 [Listener at 127.0.0.1/33355] INFO  http.HttpServer2 (HttpServer2.java:bindListener(1250)) - Jetty bound to port 43463
2023-05-03 09:46:59,446 [Listener at 127.0.0.1/33355] INFO  server.Server (Server.java:doStart(375)) - jetty-9.4.51.v20230217; built: 2023-02-17T08:19:37.309Z; git: b45c405e4544384de066f814ed42ae3dceacdd49; jvm 1.8.0_362-b09
2023-05-03 09:46:59,447 [Listener at 127.0.0.1/33355] INFO  server.session (DefaultSessionIdManager.java:doStart(334)) - DefaultSessionIdManager workerName=node0
2023-05-03 09:46:59,448 [Listener at 127.0.0.1/33355] INFO  server.session (DefaultSessionIdManager.java:doStart(339)) - No SessionScavenger set, using defaults
2023-05-03 09:46:59,448 [Listener at 127.0.0.1/33355] INFO  server.session (HouseKeeper.java:startScavenging(132)) - node0 Scavenging every 660000ms
2023-05-03 09:46:59,448 [Listener at 127.0.0.1/33355] INFO  handler.ContextHandler (ContextHandler.java:doStart(921)) - Started o.e.j.s.ServletContextHandler@224eda1e{logs,/logs,file:///home/runner/work/ozone/ozone/hadoop-ozone/integration-test/target/log,AVAILABLE}
2023-05-03 09:46:59,449 [Listener at 127.0.0.1/33355] INFO  handler.ContextHandler (ContextHandler.java:doStart(921)) - Started o.e.j.s.ServletContextHandler@842edfc{static,/static,jar:file:/home/runner/.m2/repository/org/apache/ozone/hdds-container-service/1.4.0-SNAPSHOT/hdds-container-service-1.4.0-SNAPSHOT.jar!/webapps/static,AVAILABLE}
2023-05-03 09:46:59,648 [Listener at 127.0.0.1/33355] INFO  handler.ContextHandler (ContextHandler.java:doStart(921)) - Started o.e.j.w.WebAppContext@50bdaaa5{hddsDatanode,/,file:///home/runner/work/ozone/ozone/hadoop-ozone/integration-test/target/test-dir/MiniOzoneClusterImpl-1ffe41d3-309f-458f-85b5-47035b7448ff/datanode-1/meta/webserver/jetty-0_0_0_0-43463-hdds-container-service-1_4_0-SNAPSHOT_jar-_-any-4009483477461132659/webapp/,AVAILABLE}{jar:file:/home/runner/.m2/repository/org/apache/ozone/hdds-container-service/1.4.0-SNAPSHOT/hdds-container-service-1.4.0-SNAPSHOT.jar!/webapps/hddsDatanode}
2023-05-03 09:46:59,649 [Listener at 127.0.0.1/33355] INFO  server.AbstractConnector (AbstractConnector.java:doStart(333)) - Started ServerConnector@6acbdc76{HTTP/1.1, (http/1.1)}{0.0.0.0:43463}
2023-05-03 09:46:59,649 [Listener at 127.0.0.1/33355] INFO  server.Server (Server.java:doStart(415)) - Started @62774ms
2023-05-03 09:46:59,650 [Listener at 127.0.0.1/33355] WARN  impl.MetricsSystemImpl (MetricsSystemImpl.java:register(279)) - Sink prometheus already exists!
2023-05-03 09:46:59,650 [Listener at 127.0.0.1/33355] INFO  http.BaseHttpServer (BaseHttpServer.java:updateConnectorAddress(344)) - HTTP server of hddsDatanode listening at http://0.0.0.0:43463
2023-05-03 09:46:59,651 [Datanode State Machine Daemon Thread] INFO  statemachine.DatanodeStateMachine (DatanodeStateMachine.java:lambda$startDaemon$0(519)) - Ozone container server started.
2023-05-03 09:46:59,655 [Listener at 127.0.0.1/33355] WARN  impl.MetricRegistriesImpl (MetricRegistriesImpl.java:addReporterRegistration(111)) - New reporters are added after registries were created. Some metrics will be missing from the reporter. Please add reporter before adding any new registry.
2023-05-03 09:46:59,655 [Listener at 127.0.0.1/33355] WARN  impl.MetricRegistriesImpl (MetricRegistriesImpl.java:addReporterRegistration(111)) - New reporters are added after registries were created. Some metrics will be missing from the reporter. Please add reporter before adding any new registry.
2023-05-03 09:46:59,655 [Listener at 127.0.0.1/33355] INFO  impl.MetricsSystemImpl (MetricsSystemImpl.java:init(158)) - HddsDatanode metrics system started (again)
2023-05-03 09:46:59,668 [org.apache.hadoop.util.JvmPauseMonitor$Monitor@722ccf7f] INFO  util.JvmPauseMonitor (JvmPauseMonitor.java:run(188)) - Starting JVM pause monitor
2023-05-03 09:46:59,672 [Listener at 127.0.0.1/33355] INFO  ozone.HddsDatanodeService (HddsDatanodeService.java:start(252)) - HddsDatanodeService host:fv-az139-793.t0dryja4c43urhy2nvp0adewnd.cx.internal.cloudapp.net ip:10.1.0.194
2023-05-03 09:46:59,676 [Datanode State Machine Task Thread - 0] INFO  datanode.InitDatanodeState (InitDatanodeState.java:persistContainerDatanodeDetails(138)) - DatanodeDetails is persisted to /home/runner/work/ozone/ozone/hadoop-ozone/integration-test/target/test-dir/MiniOzoneClusterImpl-1ffe41d3-309f-458f-85b5-47035b7448ff/datanode-1/meta/datanode.id
2023-05-03 09:46:59,689 [Listener at 127.0.0.1/33355] INFO  upgrade.AbstractLayoutVersionManager (AbstractLayoutVersionManager.java:init(83)) - Initializing Layout version manager with metadata layout = WEBUI_PORTS_IN_DATANODEDETAILS (version = 6), software layout = WEBUI_PORTS_IN_DATANODEDETAILS (version = 6)
2023-05-03 09:46:59,735 [Listener at 127.0.0.1/33355] INFO  reflections.Reflections (Reflections.java:scan(232)) - Reflections took 45 ms to scan 7 urls, producing 156 keys and 369 values 
2023-05-03 09:46:59,736 [Listener at 127.0.0.1/33355] INFO  statemachine.DatanodeStateMachine (DatanodeStateMachine.java:getEndPointTaskThreadPoolSize(262)) - Datanode State Machine Task Thread Pool size 2
2023-05-03 09:46:59,739 [Listener at 127.0.0.1/33355] INFO  volume.HddsVolume (HddsVolume.java:<init>(130)) - Creating HddsVolume: /home/runner/work/ozone/ozone/hadoop-ozone/integration-test/target/test-dir/MiniOzoneClusterImpl-1ffe41d3-309f-458f-85b5-47035b7448ff/datanode-2/data-0/containers/hdds of storage type : DISK capacity : 9223372036854775807
2023-05-03 09:46:59,739 [Listener at 127.0.0.1/33355] INFO  volume.MutableVolumeSet (MutableVolumeSet.java:initializeVolumeSet(175)) - Added Volume : /home/runner/work/ozone/ozone/hadoop-ozone/integration-test/target/test-dir/MiniOzoneClusterImpl-1ffe41d3-309f-458f-85b5-47035b7448ff/datanode-2/data-0/containers/hdds to VolumeSet
2023-05-03 09:46:59,739 [Listener at 127.0.0.1/33355] INFO  volume.ThrottledAsyncChecker (ThrottledAsyncChecker.java:schedule(141)) - Scheduling a check for /home/runner/work/ozone/ozone/hadoop-ozone/integration-test/target/test-dir/MiniOzoneClusterImpl-1ffe41d3-309f-458f-85b5-47035b7448ff/datanode-2/data-0/containers/hdds
2023-05-03 09:46:59,744 [Listener at 127.0.0.1/33355] INFO  volume.StorageVolumeChecker (StorageVolumeChecker.java:checkAllVolumes(202)) - Scheduled health check for volume /home/runner/work/ozone/ozone/hadoop-ozone/integration-test/target/test-dir/MiniOzoneClusterImpl-1ffe41d3-309f-458f-85b5-47035b7448ff/datanode-2/data-0/containers/hdds
2023-05-03 09:46:59,755 [Listener at 127.0.0.1/33355] INFO  volume.MutableVolumeSet (MutableVolumeSet.java:initializeVolumeSet(175)) - Added Volume : /home/runner/work/ozone/ozone/hadoop-ozone/integration-test/target/test-dir/MiniOzoneClusterImpl-1ffe41d3-309f-458f-85b5-47035b7448ff/datanode-2/data/ratis to VolumeSet
2023-05-03 09:46:59,755 [Listener at 127.0.0.1/33355] INFO  volume.ThrottledAsyncChecker (ThrottledAsyncChecker.java:schedule(141)) - Scheduling a check for /home/runner/work/ozone/ozone/hadoop-ozone/integration-test/target/test-dir/MiniOzoneClusterImpl-1ffe41d3-309f-458f-85b5-47035b7448ff/datanode-2/data/ratis
2023-05-03 09:46:59,755 [Listener at 127.0.0.1/33355] INFO  volume.StorageVolumeChecker (StorageVolumeChecker.java:checkAllVolumes(202)) - Scheduled health check for volume /home/runner/work/ozone/ozone/hadoop-ozone/integration-test/target/test-dir/MiniOzoneClusterImpl-1ffe41d3-309f-458f-85b5-47035b7448ff/datanode-2/data/ratis
2023-05-03 09:46:59,765 [Thread-812] INFO  ozoneimpl.ContainerReader (ContainerReader.java:readVolume(175)) - Finish verifying containers on volume /home/runner/work/ozone/ozone/hadoop-ozone/integration-test/target/test-dir/MiniOzoneClusterImpl-1ffe41d3-309f-458f-85b5-47035b7448ff/datanode-2/data-0/containers/hdds
2023-05-03 09:46:59,765 [Listener at 127.0.0.1/33355] INFO  ozoneimpl.OzoneContainer (OzoneContainer.java:buildContainerSet(303)) - Build ContainerSet costs 0s
2023-05-03 09:46:59,767 [Listener at 127.0.0.1/33355] INFO  server.RaftServer (ConfUtils.java:logGet(46)) - raft.rpc.type = GRPC (default)
2023-05-03 09:46:59,767 [Listener at 127.0.0.1/33355] INFO  grpc.GrpcConfigKeys (ConfUtils.java:logFallback(53)) - raft.grpc.admin.host = null (fallback to raft.grpc.server.host)
2023-05-03 09:46:59,767 [Listener at 127.0.0.1/33355] INFO  grpc.GrpcConfigKeys (ConfUtils.java:logGet(46)) - raft.grpc.admin.port = 0 (custom)
2023-05-03 09:46:59,767 [Listener at 127.0.0.1/33355] INFO  grpc.GrpcConfigKeys (ConfUtils.java:logFallback(53)) - raft.grpc.client.host = null (fallback to raft.grpc.server.host)
2023-05-03 09:46:59,767 [Listener at 127.0.0.1/33355] INFO  grpc.GrpcConfigKeys (ConfUtils.java:logGet(46)) - raft.grpc.client.port = 0 (custom)
2023-05-03 09:46:59,768 [Listener at 127.0.0.1/33355] INFO  grpc.GrpcConfigKeys (ConfUtils.java:logGet(46)) - raft.grpc.server.host = null (default)
2023-05-03 09:46:59,768 [Listener at 127.0.0.1/33355] INFO  grpc.GrpcConfigKeys (ConfUtils.java:logGet(46)) - raft.grpc.server.port = 0 (default)
2023-05-03 09:46:59,768 [Listener at 127.0.0.1/33355] INFO  server.GrpcService (ConfUtils.java:logGet(46)) - raft.grpc.message.size.max = 32MB (=33554432) (custom)
2023-05-03 09:46:59,768 [Listener at 127.0.0.1/33355] INFO  server.RaftServerConfigKeys (ConfUtils.java:logGet(46)) - raft.server.log.appender.buffer.byte-limit = 33554432 (custom)
2023-05-03 09:46:59,768 [Listener at 127.0.0.1/33355] INFO  server.GrpcService (ConfUtils.java:logGet(46)) - raft.grpc.flow.control.window = 5MB (=5242880) (custom)
2023-05-03 09:46:59,768 [Listener at 127.0.0.1/33355] INFO  server.RaftServerConfigKeys (ConfUtils.java:logGet(46)) - raft.server.rpc.request.timeout = 60s (custom)
2023-05-03 09:46:59,768 [Listener at 127.0.0.1/33355] INFO  grpc.GrpcConfigKeys (ConfUtils.java:logGet(46)) - raft.grpc.server.heartbeat.channel = true (default)
2023-05-03 09:46:59,768 [Listener at 127.0.0.1/33355] INFO  grpc.GrpcConfigKeys (ConfUtils.java:logGet(46)) - raft.grpc.server.async.request.thread.pool.cached = true (default)
2023-05-03 09:46:59,768 [Listener at 127.0.0.1/33355] INFO  grpc.GrpcConfigKeys (ConfUtils.java:logGet(46)) - raft.grpc.server.async.request.thread.pool.size = 32 (default)
2023-05-03 09:46:59,769 [Listener at 127.0.0.1/33355] INFO  impl.DataStreamServerImpl (ConfUtils.java:logGet(46)) - raft.datastream.type = NETTY (custom)
2023-05-03 09:46:59,769 [Listener at 127.0.0.1/33355] INFO  server.RaftServerConfigKeys (ConfUtils.java:logGet(46)) - raft.server.data-stream.async.request.thread.pool.cached = false (default)
2023-05-03 09:46:59,769 [Listener at 127.0.0.1/33355] INFO  server.RaftServerConfigKeys (ConfUtils.java:logGet(46)) - raft.server.data-stream.async.request.thread.pool.size = 20 (custom)
2023-05-03 09:46:59,769 [Listener at 127.0.0.1/33355] INFO  server.RaftServerConfigKeys (ConfUtils.java:logGet(46)) - raft.server.data-stream.async.write.thread.pool.size = 16 (default)
2023-05-03 09:46:59,769 [Listener at 127.0.0.1/33355] INFO  server.RaftServerConfigKeys (ConfUtils.java:logGet(46)) - raft.server.data-stream.client.pool.size = 10 (default)
2023-05-03 09:46:59,769 [Listener at 127.0.0.1/33355] INFO  netty.NettyConfigKeys$DataStream (ConfUtils.java:logGet(46)) - raft.netty.dataStream.server.use-epoll = false (default)
2023-05-03 09:46:59,769 [Listener at 127.0.0.1/33355] INFO  netty.NettyConfigKeys$DataStream (ConfUtils.java:logGet(46)) - raft.netty.dataStream.server.boss-group.size = 0 (default)
2023-05-03 09:46:59,770 [Listener at 127.0.0.1/33355] INFO  netty.NettyConfigKeys$DataStream (ConfUtils.java:logGet(46)) - raft.netty.dataStream.server.worker-group.size = 0 (default)
2023-05-03 09:46:59,770 [Listener at 127.0.0.1/33355] INFO  netty.NettyConfigKeys$DataStream (ConfUtils.java:logGet(46)) - raft.netty.dataStream.server.tls.conf = null (default)
2023-05-03 09:46:59,770 [Listener at 127.0.0.1/33355] INFO  netty.NettyConfigKeys$DataStream (ConfUtils.java:logGet(46)) - raft.netty.dataStream.host = null (default)
2023-05-03 09:46:59,770 [Listener at 127.0.0.1/33355] INFO  netty.NettyConfigKeys$DataStream (ConfUtils.java:logGet(46)) - raft.netty.dataStream.port = 0 (default)
2023-05-03 09:46:59,770 [Listener at 127.0.0.1/33355] INFO  server.RaftServerConfigKeys (ConfUtils.java:logGet(46)) - raft.server.threadpool.proxy.cached = true (default)
2023-05-03 09:46:59,771 [Listener at 127.0.0.1/33355] INFO  server.RaftServerConfigKeys (ConfUtils.java:logGet(46)) - raft.server.threadpool.proxy.size = 0 (default)
2023-05-03 09:46:59,771 [Listener at 127.0.0.1/33355] INFO  server.RaftServerConfigKeys (ConfUtils.java:logGet(46)) - raft.server.rpc.slowness.timeout = 300s (custom)
2023-05-03 09:46:59,771 [Listener at 127.0.0.1/33355] INFO  server.RaftServerConfigKeys (ConfUtils.java:logGet(46)) - raft.server.leaderelection.leader.step-down.wait-time = 10s (default)
2023-05-03 09:46:59,771 [Listener at 127.0.0.1/33355] INFO  server.RaftServerConfigKeys (ConfUtils.java:logGet(46)) - raft.server.storage.dir = [/home/runner/work/ozone/ozone/hadoop-ozone/integration-test/target/test-dir/MiniOzoneClusterImpl-1ffe41d3-309f-458f-85b5-47035b7448ff/datanode-2/data/ratis] (custom)
2023-05-03 09:46:59,771 [8cc5b195-cf3c-407e-b278-6945ef8abe82-NettyServerStreamRpc-bossGroup--thread1] INFO  logging.LoggingHandler (AbstractInternalLogger.java:log(148)) - [id: 0x689638a1] REGISTERED
2023-05-03 09:46:59,771 [8cc5b195-cf3c-407e-b278-6945ef8abe82-NettyServerStreamRpc-bossGroup--thread1] INFO  logging.LoggingHandler (AbstractInternalLogger.java:log(148)) - [id: 0x689638a1] BIND: 0.0.0.0/0.0.0.0:0
2023-05-03 09:46:59,771 [8cc5b195-cf3c-407e-b278-6945ef8abe82-NettyServerStreamRpc-bossGroup--thread1] INFO  logging.LoggingHandler (AbstractInternalLogger.java:log(148)) - [id: 0x689638a1, L:/0:0:0:0:0:0:0:0:35035] ACTIVE
2023-05-03 09:46:59,772 [Listener at 127.0.0.1/33355] INFO  server.XceiverServerGrpc (XceiverServerGrpc.java:<init>(132)) - GrpcServer channel type EpollServerSocketChannel
2023-05-03 09:46:59,774 [Listener at 127.0.0.1/33355] INFO  http.BaseHttpServer (BaseHttpServer.java:newHttpServer2BuilderForOzone(224)) - Starting Web-server for hddsDatanode at: http://0.0.0.0:0
2023-05-03 09:46:59,774 [Listener at 127.0.0.1/33355] INFO  http.BaseHttpServer (BaseHttpServer.java:<init>(111)) - Hadoop Security Enabled: false Ozone Security Enabled: false Ozone HTTP Security Enabled: false 
2023-05-03 09:46:59,775 [Listener at 127.0.0.1/33355] WARN  server.AuthenticationFilter (AuthenticationFilter.java:constructSecretProvider(240)) - Unable to initialize FileSignerSecretProvider, falling back to use random secrets. Reason: Could not read signature secret file: /home/runner/hadoop-http-auth-signature-secret
2023-05-03 09:46:59,776 [Listener at 127.0.0.1/33355] INFO  http.HttpRequestLog (HttpRequestLog.java:getRequestLog(86)) - Http request log for http.requests.hddsDatanode is not defined
2023-05-03 09:46:59,777 [Listener at 127.0.0.1/33355] INFO  http.HttpServer2 (HttpServer2.java:addGlobalFilter(1031)) - Added global filter 'safety' (class=org.apache.hadoop.hdds.server.http.HttpServer2$QuotingInputFilter)
2023-05-03 09:46:59,777 [Listener at 127.0.0.1/33355] INFO  http.HttpServer2 (HttpServer2.java:addFilter(1007)) - Added filter static_user_filter (class=org.apache.hadoop.http.lib.StaticUserWebFilter$StaticUserFilter) to context hddsDatanode
2023-05-03 09:46:59,777 [Listener at 127.0.0.1/33355] INFO  http.HttpServer2 (HttpServer2.java:addFilter(1015)) - Added filter static_user_filter (class=org.apache.hadoop.http.lib.StaticUserWebFilter$StaticUserFilter) to context static
2023-05-03 09:46:59,777 [Listener at 127.0.0.1/33355] INFO  http.HttpServer2 (HttpServer2.java:addFilter(1015)) - Added filter static_user_filter (class=org.apache.hadoop.http.lib.StaticUserWebFilter$StaticUserFilter) to context logs
2023-05-03 09:46:59,778 [Listener at 127.0.0.1/33355] INFO  http.BaseHttpServer (BaseHttpServer.java:<init>(190)) - HTTP server of hddsDatanode uses base directory /home/runner/work/ozone/ozone/hadoop-ozone/integration-test/target/test-dir/MiniOzoneClusterImpl-1ffe41d3-309f-458f-85b5-47035b7448ff/datanode-2/meta/webserver
2023-05-03 09:46:59,778 [Listener at 127.0.0.1/33355] INFO  http.HttpServer2 (HttpServer2.java:bindListener(1250)) - Jetty bound to port 44861
2023-05-03 09:46:59,778 [Listener at 127.0.0.1/33355] INFO  server.Server (Server.java:doStart(375)) - jetty-9.4.51.v20230217; built: 2023-02-17T08:19:37.309Z; git: b45c405e4544384de066f814ed42ae3dceacdd49; jvm 1.8.0_362-b09
2023-05-03 09:46:59,780 [Listener at 127.0.0.1/33355] INFO  server.session (DefaultSessionIdManager.java:doStart(334)) - DefaultSessionIdManager workerName=node0
2023-05-03 09:46:59,780 [Listener at 127.0.0.1/33355] INFO  server.session (DefaultSessionIdManager.java:doStart(339)) - No SessionScavenger set, using defaults
2023-05-03 09:46:59,780 [Listener at 127.0.0.1/33355] INFO  server.session (HouseKeeper.java:startScavenging(132)) - node0 Scavenging every 660000ms
2023-05-03 09:46:59,781 [Listener at 127.0.0.1/33355] INFO  handler.ContextHandler (ContextHandler.java:doStart(921)) - Started o.e.j.s.ServletContextHandler@306b53e6{logs,/logs,file:///home/runner/work/ozone/ozone/hadoop-ozone/integration-test/target/log,AVAILABLE}
2023-05-03 09:46:59,782 [Listener at 127.0.0.1/33355] INFO  handler.ContextHandler (ContextHandler.java:doStart(921)) - Started o.e.j.s.ServletContextHandler@1c8b123e{static,/static,jar:file:/home/runner/.m2/repository/org/apache/ozone/hdds-container-service/1.4.0-SNAPSHOT/hdds-container-service-1.4.0-SNAPSHOT.jar!/webapps/static,AVAILABLE}
2023-05-03 09:46:59,982 [Listener at 127.0.0.1/33355] INFO  handler.ContextHandler (ContextHandler.java:doStart(921)) - Started o.e.j.w.WebAppContext@6b11a626{hddsDatanode,/,file:///home/runner/work/ozone/ozone/hadoop-ozone/integration-test/target/test-dir/MiniOzoneClusterImpl-1ffe41d3-309f-458f-85b5-47035b7448ff/datanode-2/meta/webserver/jetty-0_0_0_0-44861-hdds-container-service-1_4_0-SNAPSHOT_jar-_-any-3524161419190151907/webapp/,AVAILABLE}{jar:file:/home/runner/.m2/repository/org/apache/ozone/hdds-container-service/1.4.0-SNAPSHOT/hdds-container-service-1.4.0-SNAPSHOT.jar!/webapps/hddsDatanode}
2023-05-03 09:46:59,984 [Listener at 127.0.0.1/33355] INFO  server.AbstractConnector (AbstractConnector.java:doStart(333)) - Started ServerConnector@3c6c894e{HTTP/1.1, (http/1.1)}{0.0.0.0:44861}
2023-05-03 09:46:59,984 [Listener at 127.0.0.1/33355] INFO  server.Server (Server.java:doStart(415)) - Started @63109ms
2023-05-03 09:46:59,984 [Listener at 127.0.0.1/33355] WARN  impl.MetricsSystemImpl (MetricsSystemImpl.java:register(279)) - Sink prometheus already exists!
2023-05-03 09:46:59,984 [Listener at 127.0.0.1/33355] INFO  http.BaseHttpServer (BaseHttpServer.java:updateConnectorAddress(344)) - HTTP server of hddsDatanode listening at http://0.0.0.0:44861
2023-05-03 09:46:59,985 [Datanode State Machine Daemon Thread] INFO  statemachine.DatanodeStateMachine (DatanodeStateMachine.java:lambda$startDaemon$0(519)) - Ozone container server started.
2023-05-03 09:46:59,987 [Listener at 127.0.0.1/33355] INFO  ozone.MiniOzoneClusterImpl (MiniOzoneClusterImpl.java:lambda$waitForClusterToBeReady$0(223)) - Waiting for nodes to be ready. Got 0 of 3 DN Heartbeats.
2023-05-03 09:46:59,987 [Listener at 127.0.0.1/33355] INFO  ozone.MiniOzoneClusterImpl (MiniOzoneClusterImpl.java:lambda$waitForClusterToBeReady$0(226)) - Waiting for cluster to exit safe mode
2023-05-03 09:46:59,987 [Listener at 127.0.0.1/33355] INFO  ozone.MiniOzoneClusterImpl (MiniOzoneClusterImpl.java:lambda$waitForClusterToBeReady$0(228)) - SCM became leader
2023-05-03 09:46:59,988 [org.apache.hadoop.util.JvmPauseMonitor$Monitor@143c08c9] INFO  util.JvmPauseMonitor (JvmPauseMonitor.java:run(188)) - Starting JVM pause monitor
2023-05-03 09:46:59,990 [Datanode State Machine Task Thread - 0] INFO  datanode.InitDatanodeState (InitDatanodeState.java:persistContainerDatanodeDetails(138)) - DatanodeDetails is persisted to /home/runner/work/ozone/ozone/hadoop-ozone/integration-test/target/test-dir/MiniOzoneClusterImpl-1ffe41d3-309f-458f-85b5-47035b7448ff/datanode-2/meta/datanode.id
2023-05-03 09:46:59,997 [om1@group-C5BA1605619E-FollowerState] INFO  impl.FollowerState (FollowerState.java:run(143)) - om1@group-C5BA1605619E-FollowerState: change to CANDIDATE, lastRpcElapsedTime:1042636671ns, electionTimeout:1036ms
2023-05-03 09:46:59,997 [om1@group-C5BA1605619E-FollowerState] INFO  impl.RoleInfo (RoleInfo.java:shutdownFollowerState(110)) - om1: shutdown om1@group-C5BA1605619E-FollowerState
2023-05-03 09:46:59,997 [om1@group-C5BA1605619E-FollowerState] INFO  server.RaftServer$Division (RaftServerImpl.java:setRole(321)) - om1@group-C5BA1605619E: changes role from  FOLLOWER to CANDIDATE at term 0 for changeToCandidate
2023-05-03 09:46:59,997 [om1@group-C5BA1605619E-FollowerState] INFO  server.RaftServerConfigKeys (ConfUtils.java:logGet(46)) - raft.server.leaderelection.pre-vote = true (default)
2023-05-03 09:46:59,997 [om1@group-C5BA1605619E-FollowerState] INFO  impl.RoleInfo (RoleInfo.java:updateAndGet(139)) - om1: start om1@group-C5BA1605619E-LeaderElection11
2023-05-03 09:46:59,998 [om1@group-C5BA1605619E-LeaderElection11] INFO  impl.LeaderElection (LeaderElection.java:askForVotes(312)) - om1@group-C5BA1605619E-LeaderElection11 PRE_VOTE round 0: submit vote requests at term 0 for -1: peers:[om1|rpc:localhost:9872|priority:0|startupRole:FOLLOWER]|listeners:[], old=null
2023-05-03 09:46:59,998 [om1@group-C5BA1605619E-LeaderElection11] INFO  impl.LeaderElection (LeaderElection.java:askForVotes(314)) - om1@group-C5BA1605619E-LeaderElection11 PRE_VOTE round 0: result PASSED (term=0)
2023-05-03 09:47:00,000 [om1@group-C5BA1605619E-LeaderElection11] INFO  impl.LeaderElection (LeaderElection.java:askForVotes(312)) - om1@group-C5BA1605619E-LeaderElection11 ELECTION round 0: submit vote requests at term 1 for -1: peers:[om1|rpc:localhost:9872|priority:0|startupRole:FOLLOWER]|listeners:[], old=null
2023-05-03 09:47:00,000 [om1@group-C5BA1605619E-LeaderElection11] INFO  impl.LeaderElection (LeaderElection.java:askForVotes(314)) - om1@group-C5BA1605619E-LeaderElection11 ELECTION round 0: result PASSED (term=1)
2023-05-03 09:47:00,000 [om1@group-C5BA1605619E-LeaderElection11] INFO  impl.RoleInfo (RoleInfo.java:shutdownLeaderElection(130)) - om1: shutdown om1@group-C5BA1605619E-LeaderElection11
2023-05-03 09:47:00,000 [om1@group-C5BA1605619E-LeaderElection11] INFO  server.RaftServer$Division (RaftServerImpl.java:setRole(321)) - om1@group-C5BA1605619E: changes role from CANDIDATE to LEADER at term 1 for changeToLeader
2023-05-03 09:47:00,000 [om1@group-C5BA1605619E-LeaderElection11] INFO  server.RaftServer$Division (ServerState.java:setLeader(313)) - om1@group-C5BA1605619E: change Leader from null to om1 at term 1 for becomeLeader, leader elected after 1531ms
2023-05-03 09:47:00,000 [om1@group-C5BA1605619E-LeaderElection11] INFO  server.RaftServerConfigKeys (ConfUtils.java:logGet(46)) - raft.server.staging.catchup.gap = 1000 (default)
2023-05-03 09:47:00,000 [om1@group-C5BA1605619E-LeaderElection11] INFO  server.RaftServerConfigKeys (ConfUtils.java:logGet(46)) - raft.server.write.element-limit = 4096 (default)
2023-05-03 09:47:00,000 [om1@group-C5BA1605619E-LeaderElection11] INFO  server.RaftServerConfigKeys (ConfUtils.java:logGet(46)) - raft.server.write.byte-limit = 64MB (=67108864) (default)
2023-05-03 09:47:00,000 [om1@group-C5BA1605619E-LeaderElection11] INFO  server.RaftServerConfigKeys (ConfUtils.java:logGet(46)) - raft.server.watch.timeout = 10s (default)
2023-05-03 09:47:00,000 [om1@group-C5BA1605619E-LeaderElection11] INFO  server.RaftServerConfigKeys (ConfUtils.java:logGet(46)) - raft.server.watch.timeout.denomination = 1s (default)
2023-05-03 09:47:00,000 [om1@group-C5BA1605619E-LeaderElection11] INFO  server.RaftServerConfigKeys (ConfUtils.java:logGet(46)) - raft.server.watch.element-limit = 65536 (default)
2023-05-03 09:47:00,001 [om1@group-C5BA1605619E-LeaderElection11] INFO  server.RaftServerConfigKeys (ConfUtils.java:logGet(46)) - raft.server.write.element-limit = 4096 (default)
2023-05-03 09:47:00,001 [om1@group-C5BA1605619E-LeaderElection11] INFO  server.RaftServerConfigKeys (ConfUtils.java:logGet(46)) - raft.server.write.follower.gap.ratio.max = -1.0 (default)
2023-05-03 09:47:00,001 [om1@group-C5BA1605619E-LeaderElection11] INFO  impl.RoleInfo (RoleInfo.java:updateAndGet(139)) - om1: start om1@group-C5BA1605619E-LeaderStateImpl
2023-05-03 09:47:00,001 [om1@group-C5BA1605619E-LeaderElection11] INFO  segmented.SegmentedRaftLogWorker (SegmentedRaftLogWorker.java:startLogSegment(452)) - om1@group-C5BA1605619E-SegmentedRaftLogWorker: Starting segment from index:0
2023-05-03 09:47:00,006 [om1@group-C5BA1605619E-LeaderElection11] INFO  server.RaftServer$Division (ServerState.java:setRaftConf(430)) - om1@group-C5BA1605619E: set configuration 0: peers:[om1|rpc:localhost:9872|admin:|client:|dataStream:|priority:0|startupRole:FOLLOWER]|listeners:[], old=null
2023-05-03 09:47:00,013 [om1@group-C5BA1605619E-SegmentedRaftLogWorker] INFO  segmented.SegmentedRaftLogWorker (SegmentedRaftLogWorker.java:execute(656)) - om1@group-C5BA1605619E-SegmentedRaftLogWorker: created new log segment /home/runner/work/ozone/ozone/hadoop-ozone/integration-test/target/test-dir/MiniOzoneClusterImpl-1ffe41d3-309f-458f-85b5-47035b7448ff/ozone-meta/ratis/bf265839-605b-3f16-9796-c5ba1605619e/current/log_inprogress_0
2023-05-03 09:47:00,014 [om1@group-C5BA1605619E-StateMachineUpdater] INFO  ratis.OzoneManagerStateMachine (OzoneManagerStateMachine.java:notifyConfigurationChanged(201)) - Received Configuration change notification from Ratis. New Peer list:
[id: "om1"
address: "localhost:9872"
startupRole: FOLLOWER
]
2023-05-03 09:47:00,987 [Listener at 127.0.0.1/33355] INFO  ozone.MiniOzoneClusterImpl (MiniOzoneClusterImpl.java:lambda$waitForClusterToBeReady$0(223)) - Waiting for nodes to be ready. Got 0 of 3 DN Heartbeats.
2023-05-03 09:47:00,988 [Listener at 127.0.0.1/33355] INFO  ozone.MiniOzoneClusterImpl (MiniOzoneClusterImpl.java:lambda$waitForClusterToBeReady$0(226)) - Waiting for cluster to exit safe mode
2023-05-03 09:47:00,988 [Listener at 127.0.0.1/33355] INFO  ozone.MiniOzoneClusterImpl (MiniOzoneClusterImpl.java:lambda$waitForClusterToBeReady$0(228)) - SCM became leader
2023-05-03 09:47:01,367 [EndpointStateMachine task thread for /0.0.0.0:38381 - 0 ] INFO  utils.DatanodeStoreCache (DatanodeStoreCache.java:addDB(58)) - Added db /home/runner/work/ozone/ozone/hadoop-ozone/integration-test/target/test-dir/MiniOzoneClusterImpl-1ffe41d3-309f-458f-85b5-47035b7448ff/datanode-0/data-0/containers/hdds/1ffe41d3-309f-458f-85b5-47035b7448ff/DS-38b7435a-2ffa-40a8-96b5-27ae2778f7f8/container.db to cache
2023-05-03 09:47:01,367 [EndpointStateMachine task thread for /0.0.0.0:38381 - 0 ] INFO  volume.HddsVolume (HddsVolume.java:createDbStore(350)) - SchemaV3 db is created and loaded at /home/runner/work/ozone/ozone/hadoop-ozone/integration-test/target/test-dir/MiniOzoneClusterImpl-1ffe41d3-309f-458f-85b5-47035b7448ff/datanode-0/data-0/containers/hdds/1ffe41d3-309f-458f-85b5-47035b7448ff/DS-38b7435a-2ffa-40a8-96b5-27ae2778f7f8/container.db for volume DS-38b7435a-2ffa-40a8-96b5-27ae2778f7f8
2023-05-03 09:47:01,368 [EndpointStateMachine task thread for /0.0.0.0:38381 - 0 ] INFO  ozoneimpl.OzoneContainer (OzoneContainer.java:start(397)) - Attempting to start container services.
2023-05-03 09:47:01,368 [EndpointStateMachine task thread for /0.0.0.0:38381 - 0 ] INFO  ozoneimpl.OzoneContainer (OzoneContainer.java:startContainerScrub(314)) - Scheduled background container scanners and the on-demand container scanner have been disabled.
2023-05-03 09:47:01,373 [EndpointStateMachine task thread for /0.0.0.0:38381 - 0 ] INFO  replication.ReplicationServer (ReplicationServer.java:start(109)) - ReplicationServer is started using port 38871
2023-05-03 09:47:01,374 [EndpointStateMachine task thread for /0.0.0.0:38381 - 0 ] INFO  ratis.XceiverServerRatis (XceiverServerRatis.java:start(517)) - Starting XceiverServerRatis b6ef2b53-fb64-4342-8f97-d03ee9e71060
2023-05-03 09:47:01,374 [EndpointStateMachine task thread for /0.0.0.0:38381 - 0 ] INFO  server.RaftServer (RaftServerProxy.java:startImpl(393)) - b6ef2b53-fb64-4342-8f97-d03ee9e71060: start RPC server
2023-05-03 09:47:01,376 [EndpointStateMachine task thread for /0.0.0.0:38381 - 0 ] INFO  server.GrpcService (GrpcService.java:startImpl(262)) - b6ef2b53-fb64-4342-8f97-d03ee9e71060: GrpcService started, listening on 44427
2023-05-03 09:47:01,376 [EndpointStateMachine task thread for /0.0.0.0:38381 - 0 ] INFO  ratis.XceiverServerRatis (XceiverServerRatis.java:getRealPort(543)) - XceiverServerRatis b6ef2b53-fb64-4342-8f97-d03ee9e71060 is started using port 44427 for RATIS
2023-05-03 09:47:01,376 [EndpointStateMachine task thread for /0.0.0.0:38381 - 0 ] INFO  ratis.XceiverServerRatis (XceiverServerRatis.java:getRealPort(543)) - XceiverServerRatis b6ef2b53-fb64-4342-8f97-d03ee9e71060 is started using port 44427 for RATIS_ADMIN
2023-05-03 09:47:01,376 [EndpointStateMachine task thread for /0.0.0.0:38381 - 0 ] INFO  ratis.XceiverServerRatis (XceiverServerRatis.java:getRealPort(543)) - XceiverServerRatis b6ef2b53-fb64-4342-8f97-d03ee9e71060 is started using port 44427 for RATIS_SERVER
2023-05-03 09:47:01,376 [EndpointStateMachine task thread for /0.0.0.0:38381 - 0 ] INFO  ratis.XceiverServerRatis (XceiverServerRatis.java:getRealPort(543)) - XceiverServerRatis b6ef2b53-fb64-4342-8f97-d03ee9e71060 is started using port 42439 for RATIS_DATASTREAM
2023-05-03 09:47:01,376 [JvmPauseMonitor7] INFO  util.JvmPauseMonitor (JvmPauseMonitor.java:run(105)) - JvmPauseMonitor-b6ef2b53-fb64-4342-8f97-d03ee9e71060: Started
2023-05-03 09:47:01,378 [EndpointStateMachine task thread for /0.0.0.0:38381 - 0 ] INFO  server.XceiverServerGrpc (XceiverServerGrpc.java:start(180)) - XceiverServerGrpc b6ef2b53-fb64-4342-8f97-d03ee9e71060 is started using port 35493
2023-05-03 09:47:01,379 [BlockDeletingService#0] INFO  interfaces.ContainerDeletionChoosingPolicyTemplate (ContainerDeletionChoosingPolicyTemplate.java:chooseContainerForBlockDeletion(83)) - Chosen 0/5000 blocks from 0 candidate containers.
2023-05-03 09:47:01,695 [EndpointStateMachine task thread for /0.0.0.0:38381 - 0 ] INFO  utils.DatanodeStoreCache (DatanodeStoreCache.java:addDB(58)) - Added db /home/runner/work/ozone/ozone/hadoop-ozone/integration-test/target/test-dir/MiniOzoneClusterImpl-1ffe41d3-309f-458f-85b5-47035b7448ff/datanode-1/data-0/containers/hdds/1ffe41d3-309f-458f-85b5-47035b7448ff/DS-8378b2e0-ed89-431a-b7ca-4b484ffb5d1c/container.db to cache
2023-05-03 09:47:01,696 [EndpointStateMachine task thread for /0.0.0.0:38381 - 0 ] INFO  volume.HddsVolume (HddsVolume.java:createDbStore(350)) - SchemaV3 db is created and loaded at /home/runner/work/ozone/ozone/hadoop-ozone/integration-test/target/test-dir/MiniOzoneClusterImpl-1ffe41d3-309f-458f-85b5-47035b7448ff/datanode-1/data-0/containers/hdds/1ffe41d3-309f-458f-85b5-47035b7448ff/DS-8378b2e0-ed89-431a-b7ca-4b484ffb5d1c/container.db for volume DS-8378b2e0-ed89-431a-b7ca-4b484ffb5d1c
2023-05-03 09:47:01,696 [EndpointStateMachine task thread for /0.0.0.0:38381 - 0 ] INFO  ozoneimpl.OzoneContainer (OzoneContainer.java:start(397)) - Attempting to start container services.
2023-05-03 09:47:01,696 [EndpointStateMachine task thread for /0.0.0.0:38381 - 0 ] INFO  ozoneimpl.OzoneContainer (OzoneContainer.java:startContainerScrub(314)) - Scheduled background container scanners and the on-demand container scanner have been disabled.
2023-05-03 09:47:01,698 [EndpointStateMachine task thread for /0.0.0.0:38381 - 0 ] INFO  replication.ReplicationServer (ReplicationServer.java:start(109)) - ReplicationServer is started using port 45857
2023-05-03 09:47:01,698 [EndpointStateMachine task thread for /0.0.0.0:38381 - 0 ] INFO  ratis.XceiverServerRatis (XceiverServerRatis.java:start(517)) - Starting XceiverServerRatis bc491111-3fed-428a-bcdf-e8e8db9b92ff
2023-05-03 09:47:01,702 [EndpointStateMachine task thread for /0.0.0.0:38381 - 0 ] INFO  server.RaftServer (RaftServerProxy.java:startImpl(393)) - bc491111-3fed-428a-bcdf-e8e8db9b92ff: start RPC server
2023-05-03 09:47:01,705 [EndpointStateMachine task thread for /0.0.0.0:38381 - 0 ] INFO  server.GrpcService (GrpcService.java:startImpl(262)) - bc491111-3fed-428a-bcdf-e8e8db9b92ff: GrpcService started, listening on 34775
2023-05-03 09:47:01,705 [EndpointStateMachine task thread for /0.0.0.0:38381 - 0 ] INFO  ratis.XceiverServerRatis (XceiverServerRatis.java:getRealPort(543)) - XceiverServerRatis bc491111-3fed-428a-bcdf-e8e8db9b92ff is started using port 34775 for RATIS
2023-05-03 09:47:01,705 [JvmPauseMonitor8] INFO  util.JvmPauseMonitor (JvmPauseMonitor.java:run(105)) - JvmPauseMonitor-bc491111-3fed-428a-bcdf-e8e8db9b92ff: Started
2023-05-03 09:47:01,705 [EndpointStateMachine task thread for /0.0.0.0:38381 - 0 ] INFO  ratis.XceiverServerRatis (XceiverServerRatis.java:getRealPort(543)) - XceiverServerRatis bc491111-3fed-428a-bcdf-e8e8db9b92ff is started using port 34775 for RATIS_ADMIN
2023-05-03 09:47:01,706 [EndpointStateMachine task thread for /0.0.0.0:38381 - 0 ] INFO  ratis.XceiverServerRatis (XceiverServerRatis.java:getRealPort(543)) - XceiverServerRatis bc491111-3fed-428a-bcdf-e8e8db9b92ff is started using port 34775 for RATIS_SERVER
2023-05-03 09:47:01,706 [EndpointStateMachine task thread for /0.0.0.0:38381 - 0 ] INFO  ratis.XceiverServerRatis (XceiverServerRatis.java:getRealPort(543)) - XceiverServerRatis bc491111-3fed-428a-bcdf-e8e8db9b92ff is started using port 34691 for RATIS_DATASTREAM
2023-05-03 09:47:01,707 [EndpointStateMachine task thread for /0.0.0.0:38381 - 0 ] INFO  server.XceiverServerGrpc (XceiverServerGrpc.java:start(180)) - XceiverServerGrpc bc491111-3fed-428a-bcdf-e8e8db9b92ff is started using port 39331
2023-05-03 09:47:01,708 [BlockDeletingService#0] INFO  interfaces.ContainerDeletionChoosingPolicyTemplate (ContainerDeletionChoosingPolicyTemplate.java:chooseContainerForBlockDeletion(83)) - Chosen 0/5000 blocks from 0 candidate containers.
2023-05-03 09:47:01,988 [Listener at 127.0.0.1/33355] INFO  ozone.MiniOzoneClusterImpl (MiniOzoneClusterImpl.java:lambda$waitForClusterToBeReady$0(223)) - Waiting for nodes to be ready. Got 0 of 3 DN Heartbeats.
2023-05-03 09:47:01,988 [Listener at 127.0.0.1/33355] INFO  ozone.MiniOzoneClusterImpl (MiniOzoneClusterImpl.java:lambda$waitForClusterToBeReady$0(226)) - Waiting for cluster to exit safe mode
2023-05-03 09:47:01,988 [Listener at 127.0.0.1/33355] INFO  ozone.MiniOzoneClusterImpl (MiniOzoneClusterImpl.java:lambda$waitForClusterToBeReady$0(228)) - SCM became leader
2023-05-03 09:47:02,015 [EndpointStateMachine task thread for /0.0.0.0:38381 - 0 ] INFO  utils.DatanodeStoreCache (DatanodeStoreCache.java:addDB(58)) - Added db /home/runner/work/ozone/ozone/hadoop-ozone/integration-test/target/test-dir/MiniOzoneClusterImpl-1ffe41d3-309f-458f-85b5-47035b7448ff/datanode-2/data-0/containers/hdds/1ffe41d3-309f-458f-85b5-47035b7448ff/DS-85dc1106-31e8-4a15-b936-28a927181ea4/container.db to cache
2023-05-03 09:47:02,015 [EndpointStateMachine task thread for /0.0.0.0:38381 - 0 ] INFO  volume.HddsVolume (HddsVolume.java:createDbStore(350)) - SchemaV3 db is created and loaded at /home/runner/work/ozone/ozone/hadoop-ozone/integration-test/target/test-dir/MiniOzoneClusterImpl-1ffe41d3-309f-458f-85b5-47035b7448ff/datanode-2/data-0/containers/hdds/1ffe41d3-309f-458f-85b5-47035b7448ff/DS-85dc1106-31e8-4a15-b936-28a927181ea4/container.db for volume DS-85dc1106-31e8-4a15-b936-28a927181ea4
2023-05-03 09:47:02,015 [EndpointStateMachine task thread for /0.0.0.0:38381 - 0 ] INFO  ozoneimpl.OzoneContainer (OzoneContainer.java:start(397)) - Attempting to start container services.
2023-05-03 09:47:02,015 [EndpointStateMachine task thread for /0.0.0.0:38381 - 0 ] INFO  ozoneimpl.OzoneContainer (OzoneContainer.java:startContainerScrub(314)) - Scheduled background container scanners and the on-demand container scanner have been disabled.
2023-05-03 09:47:02,017 [EndpointStateMachine task thread for /0.0.0.0:38381 - 0 ] INFO  replication.ReplicationServer (ReplicationServer.java:start(109)) - ReplicationServer is started using port 34437
2023-05-03 09:47:02,017 [EndpointStateMachine task thread for /0.0.0.0:38381 - 0 ] INFO  ratis.XceiverServerRatis (XceiverServerRatis.java:start(517)) - Starting XceiverServerRatis 8cc5b195-cf3c-407e-b278-6945ef8abe82
2023-05-03 09:47:02,018 [EndpointStateMachine task thread for /0.0.0.0:38381 - 0 ] INFO  server.RaftServer (RaftServerProxy.java:startImpl(393)) - 8cc5b195-cf3c-407e-b278-6945ef8abe82: start RPC server
2023-05-03 09:47:02,021 [EndpointStateMachine task thread for /0.0.0.0:38381 - 0 ] INFO  server.GrpcService (GrpcService.java:startImpl(262)) - 8cc5b195-cf3c-407e-b278-6945ef8abe82: GrpcService started, listening on 42993
2023-05-03 09:47:02,021 [EndpointStateMachine task thread for /0.0.0.0:38381 - 0 ] INFO  ratis.XceiverServerRatis (XceiverServerRatis.java:getRealPort(543)) - XceiverServerRatis 8cc5b195-cf3c-407e-b278-6945ef8abe82 is started using port 42993 for RATIS
2023-05-03 09:47:02,021 [JvmPauseMonitor9] INFO  util.JvmPauseMonitor (JvmPauseMonitor.java:run(105)) - JvmPauseMonitor-8cc5b195-cf3c-407e-b278-6945ef8abe82: Started
2023-05-03 09:47:02,021 [EndpointStateMachine task thread for /0.0.0.0:38381 - 0 ] INFO  ratis.XceiverServerRatis (XceiverServerRatis.java:getRealPort(543)) - XceiverServerRatis 8cc5b195-cf3c-407e-b278-6945ef8abe82 is started using port 42993 for RATIS_ADMIN
2023-05-03 09:47:02,022 [EndpointStateMachine task thread for /0.0.0.0:38381 - 0 ] INFO  ratis.XceiverServerRatis (XceiverServerRatis.java:getRealPort(543)) - XceiverServerRatis 8cc5b195-cf3c-407e-b278-6945ef8abe82 is started using port 42993 for RATIS_SERVER
2023-05-03 09:47:02,022 [EndpointStateMachine task thread for /0.0.0.0:38381 - 0 ] INFO  ratis.XceiverServerRatis (XceiverServerRatis.java:getRealPort(543)) - XceiverServerRatis 8cc5b195-cf3c-407e-b278-6945ef8abe82 is started using port 35035 for RATIS_DATASTREAM
2023-05-03 09:47:02,025 [EndpointStateMachine task thread for /0.0.0.0:38381 - 0 ] INFO  server.XceiverServerGrpc (XceiverServerGrpc.java:start(180)) - XceiverServerGrpc 8cc5b195-cf3c-407e-b278-6945ef8abe82 is started using port 35399
2023-05-03 09:47:02,025 [BlockDeletingService#0] INFO  interfaces.ContainerDeletionChoosingPolicyTemplate (ContainerDeletionChoosingPolicyTemplate.java:chooseContainerForBlockDeletion(83)) - Chosen 0/5000 blocks from 0 candidate containers.
2023-05-03 09:47:02,988 [Listener at 127.0.0.1/33355] INFO  ozone.MiniOzoneClusterImpl (MiniOzoneClusterImpl.java:lambda$waitForClusterToBeReady$0(223)) - Waiting for nodes to be ready. Got 0 of 3 DN Heartbeats.
2023-05-03 09:47:02,988 [Listener at 127.0.0.1/33355] INFO  ozone.MiniOzoneClusterImpl (MiniOzoneClusterImpl.java:lambda$waitForClusterToBeReady$0(226)) - Waiting for cluster to exit safe mode
2023-05-03 09:47:02,988 [Listener at 127.0.0.1/33355] INFO  ozone.MiniOzoneClusterImpl (MiniOzoneClusterImpl.java:lambda$waitForClusterToBeReady$0(228)) - SCM became leader
2023-05-03 09:47:03,342 [IPC Server handler 0 on default port 38381] INFO  net.NetworkTopologyImpl (NetworkTopologyImpl.java:add(112)) - Added a new node: /default-rack/b6ef2b53-fb64-4342-8f97-d03ee9e71060
2023-05-03 09:47:03,342 [IPC Server handler 0 on default port 38381] INFO  node.SCMNodeManager (SCMNodeManager.java:register(407)) - Registered Data node : b6ef2b53-fb64-4342-8f97-d03ee9e71060{ip: 10.1.0.194, host: fv-az139-793.t0dryja4c43urhy2nvp0adewnd.cx.internal.cloudapp.net, ports: [HTTP=46855, REPLICATION=38871, RATIS=44427, RATIS_ADMIN=44427, RATIS_SERVER=44427, RATIS_DATASTREAM=42439, STANDALONE=35493], networkLocation: /default-rack, certSerialId: null, persistedOpState: null, persistedOpStateExpiryEpochSec: 0}
2023-05-03 09:47:03,344 [EventQueue-NewNodeForNewNodeHandler] INFO  pipeline.BackgroundPipelineCreator (BackgroundPipelineCreator.java:notifyEventTriggered(276)) - trigger a one-shot run on RatisPipelineUtilsThread.
2023-05-03 09:47:03,344 [EventQueue-NodeRegistrationContainerReportForContainerSafeModeRule] INFO  safemode.SCMSafeModeManager (SCMSafeModeManager.java:validateSafeModeExitRules(200)) - ContainerSafeModeRule rule is successfully validated
2023-05-03 09:47:03,344 [RatisPipelineUtilsThread - 0] INFO  pipeline.RatisPipelineProvider (RatisPipelineProvider.java:lambda$create$0(206)) - Sending CreatePipelineCommand for pipeline:PipelineID=2d12f2a2-dbbe-47c7-9fa8-96138fe0cc40 to datanode:b6ef2b53-fb64-4342-8f97-d03ee9e71060
2023-05-03 09:47:03,344 [EventQueue-NodeRegistrationContainerReportForDataNodeSafeModeRule] INFO  safemode.SCMSafeModeManager (DataNodeSafeModeRule.java:process(71)) - SCM in safe mode. 1 DataNodes registered, 3 required.
2023-05-03 09:47:03,345 [EventQueue-PipelineReportForOneReplicaPipelineSafeModeRule] INFO  safemode.SCMSafeModeManager (SCMSafeModeManager.java:validateSafeModeExitRules(200)) - AtleastOneDatanodeReportedRule rule is successfully validated
2023-05-03 09:47:03,345 [RatisPipelineUtilsThread - 0] INFO  pipeline.PipelineStateManagerImpl (PipelineStateManagerImpl.java:addPipeline(103)) - Created pipeline Pipeline[ Id: 2d12f2a2-dbbe-47c7-9fa8-96138fe0cc40, Nodes: b6ef2b53-fb64-4342-8f97-d03ee9e71060(fv-az139-793.t0dryja4c43urhy2nvp0adewnd.cx.internal.cloudapp.net/10.1.0.194), ReplicationConfig: RATIS/ONE, State:ALLOCATED, leaderId:, CreationTimestamp2023-05-03T09:47:03.344Z[Etc/UTC]].
2023-05-03 09:47:03,673 [IPC Server handler 2 on default port 38381] INFO  net.NetworkTopologyImpl (NetworkTopologyImpl.java:add(112)) - Added a new node: /default-rack/bc491111-3fed-428a-bcdf-e8e8db9b92ff
2023-05-03 09:47:03,673 [IPC Server handler 2 on default port 38381] INFO  node.SCMNodeManager (SCMNodeManager.java:register(407)) - Registered Data node : bc491111-3fed-428a-bcdf-e8e8db9b92ff{ip: 10.1.0.194, host: fv-az139-793.t0dryja4c43urhy2nvp0adewnd.cx.internal.cloudapp.net, ports: [HTTP=43463, REPLICATION=45857, RATIS=34775, RATIS_ADMIN=34775, RATIS_SERVER=34775, RATIS_DATASTREAM=34691, STANDALONE=39331], networkLocation: /default-rack, certSerialId: null, persistedOpState: null, persistedOpStateExpiryEpochSec: 0}
2023-05-03 09:47:03,682 [EventQueue-NewNodeForNewNodeHandler] INFO  pipeline.BackgroundPipelineCreator (BackgroundPipelineCreator.java:notifyEventTriggered(276)) - trigger a one-shot run on RatisPipelineUtilsThread.
2023-05-03 09:47:03,682 [EventQueue-NodeRegistrationContainerReportForDataNodeSafeModeRule] INFO  safemode.SCMSafeModeManager (DataNodeSafeModeRule.java:process(71)) - SCM in safe mode. 2 DataNodes registered, 3 required.
2023-05-03 09:47:03,682 [RatisPipelineUtilsThread - 0] INFO  pipeline.RatisPipelineProvider (RatisPipelineProvider.java:lambda$create$0(206)) - Sending CreatePipelineCommand for pipeline:PipelineID=c1619403-5d08-4edf-876d-a196572fd212 to datanode:bc491111-3fed-428a-bcdf-e8e8db9b92ff
2023-05-03 09:47:03,683 [RatisPipelineUtilsThread - 0] INFO  pipeline.PipelineStateManagerImpl (PipelineStateManagerImpl.java:addPipeline(103)) - Created pipeline Pipeline[ Id: c1619403-5d08-4edf-876d-a196572fd212, Nodes: bc491111-3fed-428a-bcdf-e8e8db9b92ff(fv-az139-793.t0dryja4c43urhy2nvp0adewnd.cx.internal.cloudapp.net/10.1.0.194), ReplicationConfig: RATIS/ONE, State:ALLOCATED, leaderId:, CreationTimestamp2023-05-03T09:47:03.682Z[Etc/UTC]].
2023-05-03 09:47:03,988 [Listener at 127.0.0.1/33355] INFO  ozone.MiniOzoneClusterImpl (MiniOzoneClusterImpl.java:lambda$waitForClusterToBeReady$0(223)) - Waiting for nodes to be ready. Got 2 of 3 DN Heartbeats.
2023-05-03 09:47:03,989 [Listener at 127.0.0.1/33355] INFO  ozone.MiniOzoneClusterImpl (MiniOzoneClusterImpl.java:lambda$waitForClusterToBeReady$0(226)) - Waiting for cluster to exit safe mode
2023-05-03 09:47:03,989 [Listener at 127.0.0.1/33355] INFO  ozone.MiniOzoneClusterImpl (MiniOzoneClusterImpl.java:lambda$waitForClusterToBeReady$0(228)) - SCM became leader
2023-05-03 09:47:03,989 [IPC Server handler 3 on default port 38381] INFO  net.NetworkTopologyImpl (NetworkTopologyImpl.java:add(112)) - Added a new node: /default-rack/8cc5b195-cf3c-407e-b278-6945ef8abe82
2023-05-03 09:47:03,990 [IPC Server handler 3 on default port 38381] INFO  node.SCMNodeManager (SCMNodeManager.java:register(407)) - Registered Data node : 8cc5b195-cf3c-407e-b278-6945ef8abe82{ip: 10.1.0.194, host: fv-az139-793.t0dryja4c43urhy2nvp0adewnd.cx.internal.cloudapp.net, ports: [HTTP=44861, REPLICATION=34437, RATIS=42993, RATIS_ADMIN=42993, RATIS_SERVER=42993, RATIS_DATASTREAM=35035, STANDALONE=35399], networkLocation: /default-rack, certSerialId: null, persistedOpState: null, persistedOpStateExpiryEpochSec: 0}
2023-05-03 09:47:03,990 [EventQueue-NewNodeForNewNodeHandler] INFO  pipeline.BackgroundPipelineCreator (BackgroundPipelineCreator.java:notifyEventTriggered(276)) - trigger a one-shot run on RatisPipelineUtilsThread.
2023-05-03 09:47:03,990 [EventQueue-NodeRegistrationContainerReportForDataNodeSafeModeRule] INFO  safemode.SCMSafeModeManager (DataNodeSafeModeRule.java:process(71)) - SCM in safe mode. 3 DataNodes registered, 3 required.
2023-05-03 09:47:03,990 [EventQueue-NodeRegistrationContainerReportForDataNodeSafeModeRule] INFO  safemode.SCMSafeModeManager (SCMSafeModeManager.java:validateSafeModeExitRules(200)) - DataNodeSafeModeRule rule is successfully validated
2023-05-03 09:47:03,990 [EventQueue-NodeRegistrationContainerReportForDataNodeSafeModeRule] INFO  safemode.SCMSafeModeManager (SCMSafeModeManager.java:completePreCheck(229)) - All SCM safe mode pre check rules have passed
2023-05-03 09:47:03,990 [EventQueue-NodeRegistrationContainerReportForDataNodeSafeModeRule] INFO  ha.SCMContext (SCMContext.java:updateSafeModeStatus(228)) - Update SafeModeStatus from SafeModeStatus{safeModeStatus=true, preCheckPassed=false} to SafeModeStatus{safeModeStatus=true, preCheckPassed=true}.
2023-05-03 09:47:03,990 [EventQueue-NodeRegistrationContainerReportForDataNodeSafeModeRule] INFO  pipeline.BackgroundPipelineCreator (BackgroundPipelineCreator.java:notifyEventTriggered(276)) - trigger a one-shot run on RatisPipelineUtilsThread.
2023-05-03 09:47:03,991 [RatisPipelineUtilsThread - 0] INFO  pipeline.RatisPipelineProvider (RatisPipelineProvider.java:lambda$create$0(206)) - Sending CreatePipelineCommand for pipeline:PipelineID=7fa99cf2-3f1f-4a57-a668-51c4cb86561a to datanode:8cc5b195-cf3c-407e-b278-6945ef8abe82
2023-05-03 09:47:03,991 [RatisPipelineUtilsThread - 0] INFO  pipeline.PipelineStateManagerImpl (PipelineStateManagerImpl.java:addPipeline(103)) - Created pipeline Pipeline[ Id: 7fa99cf2-3f1f-4a57-a668-51c4cb86561a, Nodes: 8cc5b195-cf3c-407e-b278-6945ef8abe82(fv-az139-793.t0dryja4c43urhy2nvp0adewnd.cx.internal.cloudapp.net/10.1.0.194), ReplicationConfig: RATIS/ONE, State:ALLOCATED, leaderId:, CreationTimestamp2023-05-03T09:47:03.990Z[Etc/UTC]].
2023-05-03 09:47:03,991 [RatisPipelineUtilsThread - 0] INFO  pipeline.RatisPipelineProvider (RatisPipelineProvider.java:lambda$create$0(206)) - Sending CreatePipelineCommand for pipeline:PipelineID=1f86d93a-8328-45a9-99cf-9ae0df7c55a5 to datanode:bc491111-3fed-428a-bcdf-e8e8db9b92ff
2023-05-03 09:47:03,992 [RatisPipelineUtilsThread - 0] INFO  pipeline.RatisPipelineProvider (RatisPipelineProvider.java:lambda$create$0(206)) - Sending CreatePipelineCommand for pipeline:PipelineID=1f86d93a-8328-45a9-99cf-9ae0df7c55a5 to datanode:b6ef2b53-fb64-4342-8f97-d03ee9e71060
2023-05-03 09:47:03,992 [RatisPipelineUtilsThread - 0] INFO  pipeline.RatisPipelineProvider (RatisPipelineProvider.java:lambda$create$0(206)) - Sending CreatePipelineCommand for pipeline:PipelineID=1f86d93a-8328-45a9-99cf-9ae0df7c55a5 to datanode:8cc5b195-cf3c-407e-b278-6945ef8abe82
2023-05-03 09:47:03,992 [RatisPipelineUtilsThread - 0] INFO  pipeline.PipelineStateManagerImpl (PipelineStateManagerImpl.java:addPipeline(103)) - Created pipeline Pipeline[ Id: 1f86d93a-8328-45a9-99cf-9ae0df7c55a5, Nodes: bc491111-3fed-428a-bcdf-e8e8db9b92ff(fv-az139-793.t0dryja4c43urhy2nvp0adewnd.cx.internal.cloudapp.net/10.1.0.194)b6ef2b53-fb64-4342-8f97-d03ee9e71060(fv-az139-793.t0dryja4c43urhy2nvp0adewnd.cx.internal.cloudapp.net/10.1.0.194)8cc5b195-cf3c-407e-b278-6945ef8abe82(fv-az139-793.t0dryja4c43urhy2nvp0adewnd.cx.internal.cloudapp.net/10.1.0.194), ReplicationConfig: RATIS/THREE, State:ALLOCATED, leaderId:, CreationTimestamp2023-05-03T09:47:03.991Z[Etc/UTC]].
2023-05-03 09:47:03,992 [RatisPipelineUtilsThread - 0] INFO  pipeline.RatisPipelineProvider (RatisPipelineProvider.java:lambda$create$0(206)) - Sending CreatePipelineCommand for pipeline:PipelineID=7ed62545-e1cd-421a-bf19-9ca73b9ea204 to datanode:b6ef2b53-fb64-4342-8f97-d03ee9e71060
2023-05-03 09:47:03,993 [RatisPipelineUtilsThread - 0] INFO  pipeline.RatisPipelineProvider (RatisPipelineProvider.java:lambda$create$0(206)) - Sending CreatePipelineCommand for pipeline:PipelineID=7ed62545-e1cd-421a-bf19-9ca73b9ea204 to datanode:bc491111-3fed-428a-bcdf-e8e8db9b92ff
2023-05-03 09:47:03,993 [RatisPipelineUtilsThread - 0] INFO  pipeline.RatisPipelineProvider (RatisPipelineProvider.java:lambda$create$0(206)) - Sending CreatePipelineCommand for pipeline:PipelineID=7ed62545-e1cd-421a-bf19-9ca73b9ea204 to datanode:8cc5b195-cf3c-407e-b278-6945ef8abe82
2023-05-03 09:47:03,993 [RatisPipelineUtilsThread - 0] INFO  pipeline.PipelineStateManagerImpl (PipelineStateManagerImpl.java:addPipeline(103)) - Created pipeline Pipeline[ Id: 7ed62545-e1cd-421a-bf19-9ca73b9ea204, Nodes: b6ef2b53-fb64-4342-8f97-d03ee9e71060(fv-az139-793.t0dryja4c43urhy2nvp0adewnd.cx.internal.cloudapp.net/10.1.0.194)bc491111-3fed-428a-bcdf-e8e8db9b92ff(fv-az139-793.t0dryja4c43urhy2nvp0adewnd.cx.internal.cloudapp.net/10.1.0.194)8cc5b195-cf3c-407e-b278-6945ef8abe82(fv-az139-793.t0dryja4c43urhy2nvp0adewnd.cx.internal.cloudapp.net/10.1.0.194), ReplicationConfig: RATIS/THREE, State:ALLOCATED, leaderId:, CreationTimestamp2023-05-03T09:47:03.992Z[Etc/UTC]].
2023-05-03 09:47:03,993 [RatisPipelineUtilsThread - 0] INFO  pipeline.PipelineManagerImpl (PipelineManagerImpl.java:recordMetricsForPipeline(826)) - Pipeline: PipelineID=7ed62545-e1cd-421a-bf19-9ca73b9ea204 contains same datanodes as previous pipelines: PipelineID=1f86d93a-8328-45a9-99cf-9ae0df7c55a5 nodeIds: b6ef2b53-fb64-4342-8f97-d03ee9e71060, bc491111-3fed-428a-bcdf-e8e8db9b92ff, 8cc5b195-cf3c-407e-b278-6945ef8abe82
2023-05-03 09:47:03,993 [RatisPipelineUtilsThread - 0] WARN  pipeline.PipelinePlacementPolicy (PipelinePlacementPolicy.java:filterViableNodes(160)) - Pipeline creation failed due to no sufficient healthy datanodes. Required 3. Found 0. Excluded 3.
2023-05-03 09:47:03,994 [RatisPipelineUtilsThread - 0] WARN  pipeline.PipelinePlacementPolicy (PipelinePlacementPolicy.java:filterViableNodes(160)) - Pipeline creation failed due to no sufficient healthy datanodes. Required 3. Found 0. Excluded 3.
2023-05-03 09:47:04,989 [Listener at 127.0.0.1/33355] INFO  ozone.MiniOzoneClusterImpl (MiniOzoneClusterImpl.java:lambda$waitForClusterToBeReady$0(223)) - Nodes are ready. Got 3 of 3 DN Heartbeats.
2023-05-03 09:47:04,989 [Listener at 127.0.0.1/33355] INFO  ozone.MiniOzoneClusterImpl (MiniOzoneClusterImpl.java:lambda$waitForClusterToBeReady$0(226)) - Waiting for cluster to exit safe mode
2023-05-03 09:47:04,989 [Listener at 127.0.0.1/33355] INFO  ozone.MiniOzoneClusterImpl (MiniOzoneClusterImpl.java:lambda$waitForClusterToBeReady$0(228)) - SCM became leader
2023-05-03 09:47:05,989 [Listener at 127.0.0.1/33355] INFO  ozone.MiniOzoneClusterImpl (MiniOzoneClusterImpl.java:lambda$waitForClusterToBeReady$0(223)) - Nodes are ready. Got 3 of 3 DN Heartbeats.
2023-05-03 09:47:05,989 [Listener at 127.0.0.1/33355] INFO  ozone.MiniOzoneClusterImpl (MiniOzoneClusterImpl.java:lambda$waitForClusterToBeReady$0(226)) - Waiting for cluster to exit safe mode
2023-05-03 09:47:05,989 [Listener at 127.0.0.1/33355] INFO  ozone.MiniOzoneClusterImpl (MiniOzoneClusterImpl.java:lambda$waitForClusterToBeReady$0(228)) - SCM became leader
2023-05-03 09:47:06,341 [Command processor thread] INFO  server.RaftServer (RaftServerProxy.java:addNew(96)) - b6ef2b53-fb64-4342-8f97-d03ee9e71060: addNew group-96138FE0CC40:[b6ef2b53-fb64-4342-8f97-d03ee9e71060|rpc:10.1.0.194:44427|dataStream:10.1.0.194:42439|priority:1|startupRole:FOLLOWER] returns group-96138FE0CC40:java.util.concurrent.CompletableFuture@61215360[Not completed]
2023-05-03 09:47:06,342 [pool-341-thread-1] INFO  server.RaftServer$Division (RaftServerImpl.java:<init>(195)) - b6ef2b53-fb64-4342-8f97-d03ee9e71060: new RaftServerImpl for group-96138FE0CC40:[b6ef2b53-fb64-4342-8f97-d03ee9e71060|rpc:10.1.0.194:44427|dataStream:10.1.0.194:42439|priority:1|startupRole:FOLLOWER] with ContainerStateMachine:uninitialized
2023-05-03 09:47:06,343 [pool-341-thread-1] INFO  server.RaftServerConfigKeys (ConfUtils.java:logGet(46)) - raft.server.rpc.timeout.min = 5s (custom)
2023-05-03 09:47:06,343 [pool-341-thread-1] INFO  server.RaftServerConfigKeys (ConfUtils.java:logGet(46)) - raft.server.rpc.timeout.max = 5200ms (custom)
2023-05-03 09:47:06,343 [pool-341-thread-1] INFO  server.RaftServerConfigKeys (ConfUtils.java:logGet(46)) - raft.server.rpc.sleep.time = 25ms (default)
2023-05-03 09:47:06,343 [pool-341-thread-1] INFO  server.RaftServerConfigKeys (ConfUtils.java:logGet(46)) - raft.server.rpc.slowness.timeout = 300s (custom)
2023-05-03 09:47:06,343 [pool-341-thread-1] INFO  server.RaftServerConfigKeys (ConfUtils.java:logGet(46)) - raft.server.leaderelection.leader.step-down.wait-time = 10s (default)
2023-05-03 09:47:06,343 [pool-341-thread-1] INFO  server.RaftServerConfigKeys (ConfUtils.java:logGet(46)) - raft.server.sleep.deviation.threshold = 300ms (default)
2023-05-03 09:47:06,343 [pool-341-thread-1] INFO  server.RaftServer$Division (ServerState.java:<init>(118)) - b6ef2b53-fb64-4342-8f97-d03ee9e71060@group-96138FE0CC40: ConfigurationManager, init=-1: peers:[b6ef2b53-fb64-4342-8f97-d03ee9e71060|rpc:10.1.0.194:44427|dataStream:10.1.0.194:42439|priority:1|startupRole:FOLLOWER]|listeners:[], old=null, confs=<EMPTY_MAP>
2023-05-03 09:47:06,343 [pool-341-thread-1] INFO  server.RaftServerConfigKeys (ConfUtils.java:logGet(46)) - raft.server.storage.dir = [/home/runner/work/ozone/ozone/hadoop-ozone/integration-test/target/test-dir/MiniOzoneClusterImpl-1ffe41d3-309f-458f-85b5-47035b7448ff/datanode-0/data/ratis] (custom)
2023-05-03 09:47:06,343 [pool-341-thread-1] INFO  server.RaftServerConfigKeys (ConfUtils.java:logGet(46)) - raft.server.log.corruption.policy = EXCEPTION (default)
2023-05-03 09:47:06,343 [pool-341-thread-1] INFO  server.RaftServerConfigKeys (ConfUtils.java:logGet(46)) - raft.server.storage.free-space.min = 0MB (=0) (default)
2023-05-03 09:47:06,343 [pool-341-thread-1] INFO  server.RaftServerConfigKeys (ConfUtils.java:logGet(46)) - raft.server.notification.no-leader.timeout = 300s (custom)
2023-05-03 09:47:06,343 [pool-341-thread-1] INFO  server.RaftServerConfigKeys (ConfUtils.java:logGet(46)) - raft.server.retrycache.expirytime = 600000ms (custom)
2023-05-03 09:47:06,343 [pool-341-thread-1] INFO  server.RaftServerConfigKeys (ConfUtils.java:logGet(46)) - raft.server.retrycache.statistics.expirytime = 100μs (default)
2023-05-03 09:47:06,344 [pool-341-thread-1] INFO  server.RaftServerConfigKeys (ConfUtils.java:logGet(46)) - raft.server.log.appender.install.snapshot.enabled = false (custom)
2023-05-03 09:47:06,344 [pool-341-thread-1] INFO  server.RaftServerConfigKeys (ConfUtils.java:logGet(46)) - raft.server.threadpool.server.cached = true (default)
2023-05-03 09:47:06,344 [pool-341-thread-1] INFO  server.RaftServerConfigKeys (ConfUtils.java:logGet(46)) - raft.server.threadpool.server.size = 0 (default)
2023-05-03 09:47:06,344 [pool-341-thread-1] INFO  server.RaftServerConfigKeys (ConfUtils.java:logGet(46)) - raft.server.threadpool.client.cached = true (default)
2023-05-03 09:47:06,344 [pool-341-thread-1] INFO  server.RaftServerConfigKeys (ConfUtils.java:logGet(46)) - raft.server.threadpool.client.size = 0 (default)
2023-05-03 09:47:06,344 [pool-341-thread-1] INFO  storage.RaftStorageDirectory (RaftStorageDirectoryImpl.java:analyzeStorage(137)) - The storage directory /home/runner/work/ozone/ozone/hadoop-ozone/integration-test/target/test-dir/MiniOzoneClusterImpl-1ffe41d3-309f-458f-85b5-47035b7448ff/datanode-0/data/ratis/2d12f2a2-dbbe-47c7-9fa8-96138fe0cc40 does not exist. Creating ...
2023-05-03 09:47:06,345 [pool-341-thread-1] INFO  storage.RaftStorageDirectory (RaftStorageDirectoryImpl.java:tryLock(231)) - Lock on /home/runner/work/ozone/ozone/hadoop-ozone/integration-test/target/test-dir/MiniOzoneClusterImpl-1ffe41d3-309f-458f-85b5-47035b7448ff/datanode-0/data/ratis/2d12f2a2-dbbe-47c7-9fa8-96138fe0cc40/in_use.lock acquired by nodename 7780@fv-az139-793
2023-05-03 09:47:06,346 [pool-341-thread-1] INFO  storage.RaftStorage (RaftStorageImpl.java:format(96)) - Storage directory /home/runner/work/ozone/ozone/hadoop-ozone/integration-test/target/test-dir/MiniOzoneClusterImpl-1ffe41d3-309f-458f-85b5-47035b7448ff/datanode-0/data/ratis/2d12f2a2-dbbe-47c7-9fa8-96138fe0cc40 has been successfully formatted.
2023-05-03 09:47:06,347 [pool-341-thread-1] INFO  ratis.ContainerStateMachine (ContainerStateMachine.java:loadSnapshot(262)) - group-96138FE0CC40: The snapshot info is null. Setting the last applied indexto:(t:0, i:~)
2023-05-03 09:47:06,347 [pool-341-thread-1] INFO  server.RaftServerConfigKeys (ConfUtils.java:logGet(46)) - raft.server.log.use.memory = false (default)
2023-05-03 09:47:06,347 [pool-341-thread-1] INFO  server.RaftServerConfigKeys (ConfUtils.java:logGet(46)) - raft.server.log.purge.gap = 1000000 (custom)
2023-05-03 09:47:06,347 [pool-341-thread-1] INFO  server.RaftServerConfigKeys (ConfUtils.java:logGet(46)) - raft.server.log.appender.buffer.byte-limit = 33554432 (custom)
2023-05-03 09:47:06,347 [pool-341-thread-1] INFO  server.RaftServerConfigKeys (ConfUtils.java:logGet(46)) - raft.server.log.statemachine.data.read.timeout = 1000ms (default)
2023-05-03 09:47:06,347 [pool-341-thread-1] INFO  server.RaftServerConfigKeys (ConfUtils.java:logGet(46)) - raft.server.log.purge.preservation.log.num = 0 (default)
2023-05-03 09:47:06,348 [pool-341-thread-1] INFO  server.RaftServerConfigKeys (ConfUtils.java:logGet(46)) - raft.server.log.segment.size.max = 1048576 (custom)
2023-05-03 09:47:06,348 [pool-341-thread-1] INFO  server.RaftServerConfigKeys (ConfUtils.java:logGet(46)) - raft.server.log.segment.cache.num.max = 2 (custom)
2023-05-03 09:47:06,348 [pool-341-thread-1] INFO  server.RaftServerConfigKeys (ConfUtils.java:logGet(46)) - raft.server.log.segment.cache.size.max = 200MB (=209715200) (default)
2023-05-03 09:47:06,348 [pool-341-thread-1] INFO  segmented.SegmentedRaftLogWorker (SegmentedRaftLogWorker.java:<init>(189)) - new b6ef2b53-fb64-4342-8f97-d03ee9e71060@group-96138FE0CC40-SegmentedRaftLogWorker for RaftStorageImpl:Storage Directory /home/runner/work/ozone/ozone/hadoop-ozone/integration-test/target/test-dir/MiniOzoneClusterImpl-1ffe41d3-309f-458f-85b5-47035b7448ff/datanode-0/data/ratis/2d12f2a2-dbbe-47c7-9fa8-96138fe0cc40
2023-05-03 09:47:06,348 [pool-341-thread-1] INFO  server.RaftServerConfigKeys (ConfUtils.java:logGet(46)) - raft.server.log.queue.byte-limit = 4294967296 (custom)
2023-05-03 09:47:06,348 [pool-341-thread-1] INFO  server.RaftServerConfigKeys (ConfUtils.java:logGet(46)) - raft.server.log.queue.element-limit = 1024 (custom)
2023-05-03 09:47:06,348 [pool-341-thread-1] INFO  server.RaftServerConfigKeys (ConfUtils.java:logGet(46)) - raft.server.log.segment.size.max = 1048576 (custom)
2023-05-03 09:47:06,348 [pool-341-thread-1] INFO  server.RaftServerConfigKeys (ConfUtils.java:logGet(46)) - raft.server.log.preallocated.size = 16384 (custom)
2023-05-03 09:47:06,348 [pool-341-thread-1] INFO  server.RaftServerConfigKeys (ConfUtils.java:logGet(46)) - raft.server.log.force.sync.num = 128 (default)
2023-05-03 09:47:06,348 [pool-341-thread-1] INFO  server.RaftServerConfigKeys (ConfUtils.java:logGet(46)) - raft.server.log.statemachine.data.sync = true (default)
2023-05-03 09:47:06,348 [pool-341-thread-1] INFO  server.RaftServerConfigKeys (ConfUtils.java:logGet(46)) - raft.server.log.statemachine.data.sync.timeout = 10s (default)
2023-05-03 09:47:06,348 [EventQueue-PipelineReportForPipelineReportHandler] INFO  pipeline.PipelineManagerImpl (PipelineManagerImpl.java:openPipeline(367)) - Pipeline Pipeline[ Id: 2d12f2a2-dbbe-47c7-9fa8-96138fe0cc40, Nodes: b6ef2b53-fb64-4342-8f97-d03ee9e71060(fv-az139-793.t0dryja4c43urhy2nvp0adewnd.cx.internal.cloudapp.net/10.1.0.194), ReplicationConfig: RATIS/ONE, State:ALLOCATED, leaderId:b6ef2b53-fb64-4342-8f97-d03ee9e71060, CreationTimestamp2023-05-03T09:47:03.344Z[Etc/UTC]] moved to OPEN state
2023-05-03 09:47:06,348 [pool-341-thread-1] INFO  server.RaftServerConfigKeys (ConfUtils.java:logGet(46)) - raft.server.log.statemachine.data.sync.timeout.retry = -1 (default)
2023-05-03 09:47:06,349 [pool-341-thread-1] INFO  server.RaftServerConfigKeys (ConfUtils.java:logGet(46)) - raft.server.log.write.buffer.size = 1048576 (custom)
2023-05-03 09:47:06,350 [pool-341-thread-1] INFO  server.RaftServerConfigKeys (ConfUtils.java:logGet(46)) - raft.server.log.appender.buffer.byte-limit = 33554432 (custom)
2023-05-03 09:47:06,353 [pool-341-thread-1] INFO  server.RaftServerConfigKeys (ConfUtils.java:logGet(46)) - raft.server.log.unsafe-flush.enabled = false (default)
2023-05-03 09:47:06,353 [pool-341-thread-1] INFO  server.RaftServerConfigKeys (ConfUtils.java:logGet(46)) - raft.server.log.async-flush.enabled = false (default)
2023-05-03 09:47:06,353 [pool-341-thread-1] INFO  server.RaftServerConfigKeys (ConfUtils.java:logGet(46)) - raft.server.log.statemachine.data.caching.enabled = true (custom)
2023-05-03 09:47:06,353 [EventQueue-OpenPipelineForHealthyPipelineSafeModeRule] INFO  safemode.SCMSafeModeManager (HealthyPipelineSafeModeRule.java:process(137)) - SCM in safe mode. Healthy pipelines reported count is 0, required healthy pipeline reported count is 1
2023-05-03 09:47:06,353 [pool-341-thread-1] INFO  segmented.SegmentedRaftLogWorker (SegmentedRaftLogWorker.java:lambda$new$0(135)) - b6ef2b53-fb64-4342-8f97-d03ee9e71060@group-96138FE0CC40-SegmentedRaftLogWorker: flushIndex: setUnconditionally 0 -> -1
2023-05-03 09:47:06,354 [pool-341-thread-1] INFO  segmented.SegmentedRaftLogWorker (SegmentedRaftLogWorker.java:lambda$new$0(135)) - b6ef2b53-fb64-4342-8f97-d03ee9e71060@group-96138FE0CC40-SegmentedRaftLogWorker: safeCacheEvictIndex: setUnconditionally 0 -> -1
2023-05-03 09:47:06,354 [pool-341-thread-1] INFO  server.RaftServer$Division (RaftServerImpl.java:start(334)) - b6ef2b53-fb64-4342-8f97-d03ee9e71060@group-96138FE0CC40: start as a follower, conf=-1: peers:[b6ef2b53-fb64-4342-8f97-d03ee9e71060|rpc:10.1.0.194:44427|dataStream:10.1.0.194:42439|priority:1|startupRole:FOLLOWER]|listeners:[], old=null
2023-05-03 09:47:06,354 [pool-341-thread-1] INFO  server.RaftServer$Division (RaftServerImpl.java:setRole(321)) - b6ef2b53-fb64-4342-8f97-d03ee9e71060@group-96138FE0CC40: changes role from      null to FOLLOWER at term 0 for startAsFollower
2023-05-03 09:47:06,354 [pool-341-thread-1] INFO  impl.RoleInfo (RoleInfo.java:updateAndGet(139)) - b6ef2b53-fb64-4342-8f97-d03ee9e71060: start b6ef2b53-fb64-4342-8f97-d03ee9e71060@group-96138FE0CC40-FollowerState
2023-05-03 09:47:06,354 [pool-341-thread-1] INFO  util.JmxRegister (JmxRegister.java:tryRegister(44)) - Successfully registered JMX Bean with object name Ratis:service=RaftServer,group=group-96138FE0CC40,id=b6ef2b53-fb64-4342-8f97-d03ee9e71060
2023-05-03 09:47:06,354 [pool-341-thread-1] INFO  server.RaftServerConfigKeys (ConfUtils.java:logGet(46)) - raft.server.snapshot.auto.trigger.enabled = true (custom)
2023-05-03 09:47:06,354 [pool-341-thread-1] INFO  server.RaftServerConfigKeys (ConfUtils.java:logGet(46)) - raft.server.snapshot.auto.trigger.threshold = 10000 (custom)
2023-05-03 09:47:06,354 [pool-341-thread-1] INFO  server.RaftServerConfigKeys (ConfUtils.java:logGet(46)) - raft.server.snapshot.retention.file.num = 5 (custom)
2023-05-03 09:47:06,354 [pool-341-thread-1] INFO  server.RaftServerConfigKeys (ConfUtils.java:logGet(46)) - raft.server.log.purge.upto.snapshot.index = false (default)
2023-05-03 09:47:06,355 [b6ef2b53-fb64-4342-8f97-d03ee9e71060@group-96138FE0CC40-FollowerState] INFO  server.RaftServerConfigKeys (ConfUtils.java:logFallback(53)) - raft.server.rpc.first-election.timeout.min = 5s (fallback to raft.server.rpc.timeout.min)
2023-05-03 09:47:06,355 [b6ef2b53-fb64-4342-8f97-d03ee9e71060@group-96138FE0CC40-FollowerState] INFO  server.RaftServerConfigKeys (ConfUtils.java:logFallback(53)) - raft.server.rpc.first-election.timeout.max = 5200ms (fallback to raft.server.rpc.timeout.max)
2023-05-03 09:47:06,355 [Command processor thread] INFO  ratis.XceiverServerRatis (XceiverServerRatis.java:addGroup(806)) - Created group PipelineID=2d12f2a2-dbbe-47c7-9fa8-96138fe0cc40
2023-05-03 09:47:06,355 [Command processor thread] INFO  commandhandler.CreatePipelineCommandHandler (CreatePipelineCommandHandler.java:handle(113)) - Created Pipeline RATIS ONE PipelineID=2d12f2a2-dbbe-47c7-9fa8-96138fe0cc40.
2023-05-03 09:47:06,355 [Command processor thread] INFO  server.RaftServer (RaftServerProxy.java:addNew(96)) - b6ef2b53-fb64-4342-8f97-d03ee9e71060: addNew group-9AE0DF7C55A5:[bc491111-3fed-428a-bcdf-e8e8db9b92ff|rpc:10.1.0.194:34775|dataStream:10.1.0.194:34691|priority:0|startupRole:FOLLOWER, 8cc5b195-cf3c-407e-b278-6945ef8abe82|rpc:10.1.0.194:42993|dataStream:10.1.0.194:35035|priority:0|startupRole:FOLLOWER, b6ef2b53-fb64-4342-8f97-d03ee9e71060|rpc:10.1.0.194:44427|dataStream:10.1.0.194:42439|priority:1|startupRole:FOLLOWER] returns group-9AE0DF7C55A5:java.util.concurrent.CompletableFuture@651edb9c[Not completed]
2023-05-03 09:47:06,356 [pool-341-thread-1] INFO  server.RaftServer$Division (RaftServerImpl.java:<init>(195)) - b6ef2b53-fb64-4342-8f97-d03ee9e71060: new RaftServerImpl for group-9AE0DF7C55A5:[bc491111-3fed-428a-bcdf-e8e8db9b92ff|rpc:10.1.0.194:34775|dataStream:10.1.0.194:34691|priority:0|startupRole:FOLLOWER, 8cc5b195-cf3c-407e-b278-6945ef8abe82|rpc:10.1.0.194:42993|dataStream:10.1.0.194:35035|priority:0|startupRole:FOLLOWER, b6ef2b53-fb64-4342-8f97-d03ee9e71060|rpc:10.1.0.194:44427|dataStream:10.1.0.194:42439|priority:1|startupRole:FOLLOWER] with ContainerStateMachine:uninitialized
2023-05-03 09:47:06,356 [pool-341-thread-1] INFO  server.RaftServerConfigKeys (ConfUtils.java:logGet(46)) - raft.server.rpc.timeout.min = 5s (custom)
2023-05-03 09:47:06,356 [pool-341-thread-1] INFO  server.RaftServerConfigKeys (ConfUtils.java:logGet(46)) - raft.server.rpc.timeout.max = 5200ms (custom)
2023-05-03 09:47:06,356 [pool-341-thread-1] INFO  server.RaftServerConfigKeys (ConfUtils.java:logGet(46)) - raft.server.rpc.sleep.time = 25ms (default)
2023-05-03 09:47:06,356 [pool-341-thread-1] INFO  server.RaftServerConfigKeys (ConfUtils.java:logGet(46)) - raft.server.rpc.slowness.timeout = 300s (custom)
2023-05-03 09:47:06,356 [pool-341-thread-1] INFO  server.RaftServerConfigKeys (ConfUtils.java:logGet(46)) - raft.server.leaderelection.leader.step-down.wait-time = 10s (default)
2023-05-03 09:47:06,356 [pool-341-thread-1] INFO  server.RaftServerConfigKeys (ConfUtils.java:logGet(46)) - raft.server.sleep.deviation.threshold = 300ms (default)
2023-05-03 09:47:06,356 [pool-341-thread-1] INFO  server.RaftServer$Division (ServerState.java:<init>(118)) - b6ef2b53-fb64-4342-8f97-d03ee9e71060@group-9AE0DF7C55A5: ConfigurationManager, init=-1: peers:[bc491111-3fed-428a-bcdf-e8e8db9b92ff|rpc:10.1.0.194:34775|dataStream:10.1.0.194:34691|priority:0|startupRole:FOLLOWER, 8cc5b195-cf3c-407e-b278-6945ef8abe82|rpc:10.1.0.194:42993|dataStream:10.1.0.194:35035|priority:0|startupRole:FOLLOWER, b6ef2b53-fb64-4342-8f97-d03ee9e71060|rpc:10.1.0.194:44427|dataStream:10.1.0.194:42439|priority:1|startupRole:FOLLOWER]|listeners:[], old=null, confs=<EMPTY_MAP>
2023-05-03 09:47:06,356 [pool-341-thread-1] INFO  server.RaftServerConfigKeys (ConfUtils.java:logGet(46)) - raft.server.storage.dir = [/home/runner/work/ozone/ozone/hadoop-ozone/integration-test/target/test-dir/MiniOzoneClusterImpl-1ffe41d3-309f-458f-85b5-47035b7448ff/datanode-0/data/ratis] (custom)
2023-05-03 09:47:06,356 [pool-341-thread-1] INFO  server.RaftServerConfigKeys (ConfUtils.java:logGet(46)) - raft.server.log.corruption.policy = EXCEPTION (default)
2023-05-03 09:47:06,356 [pool-341-thread-1] INFO  server.RaftServerConfigKeys (ConfUtils.java:logGet(46)) - raft.server.storage.free-space.min = 0MB (=0) (default)
2023-05-03 09:47:06,356 [pool-341-thread-1] INFO  server.RaftServerConfigKeys (ConfUtils.java:logGet(46)) - raft.server.notification.no-leader.timeout = 300s (custom)
2023-05-03 09:47:06,356 [pool-341-thread-1] INFO  server.RaftServerConfigKeys (ConfUtils.java:logGet(46)) - raft.server.retrycache.expirytime = 600000ms (custom)
2023-05-03 09:47:06,356 [pool-341-thread-1] INFO  server.RaftServerConfigKeys (ConfUtils.java:logGet(46)) - raft.server.retrycache.statistics.expirytime = 100μs (default)
2023-05-03 09:47:06,357 [pool-341-thread-1] INFO  server.RaftServerConfigKeys (ConfUtils.java:logGet(46)) - raft.server.log.appender.install.snapshot.enabled = false (custom)
2023-05-03 09:47:06,357 [pool-341-thread-1] INFO  server.RaftServerConfigKeys (ConfUtils.java:logGet(46)) - raft.server.threadpool.server.cached = true (default)
2023-05-03 09:47:06,357 [pool-341-thread-1] INFO  server.RaftServerConfigKeys (ConfUtils.java:logGet(46)) - raft.server.threadpool.server.size = 0 (default)
2023-05-03 09:47:06,357 [pool-341-thread-1] INFO  server.RaftServerConfigKeys (ConfUtils.java:logGet(46)) - raft.server.threadpool.client.cached = true (default)
2023-05-03 09:47:06,357 [pool-341-thread-1] INFO  server.RaftServerConfigKeys (ConfUtils.java:logGet(46)) - raft.server.threadpool.client.size = 0 (default)
2023-05-03 09:47:06,357 [pool-341-thread-1] INFO  storage.RaftStorageDirectory (RaftStorageDirectoryImpl.java:analyzeStorage(137)) - The storage directory /home/runner/work/ozone/ozone/hadoop-ozone/integration-test/target/test-dir/MiniOzoneClusterImpl-1ffe41d3-309f-458f-85b5-47035b7448ff/datanode-0/data/ratis/1f86d93a-8328-45a9-99cf-9ae0df7c55a5 does not exist. Creating ...
2023-05-03 09:47:06,358 [pool-341-thread-1] INFO  storage.RaftStorageDirectory (RaftStorageDirectoryImpl.java:tryLock(231)) - Lock on /home/runner/work/ozone/ozone/hadoop-ozone/integration-test/target/test-dir/MiniOzoneClusterImpl-1ffe41d3-309f-458f-85b5-47035b7448ff/datanode-0/data/ratis/1f86d93a-8328-45a9-99cf-9ae0df7c55a5/in_use.lock acquired by nodename 7780@fv-az139-793
2023-05-03 09:47:06,359 [pool-341-thread-1] INFO  storage.RaftStorage (RaftStorageImpl.java:format(96)) - Storage directory /home/runner/work/ozone/ozone/hadoop-ozone/integration-test/target/test-dir/MiniOzoneClusterImpl-1ffe41d3-309f-458f-85b5-47035b7448ff/datanode-0/data/ratis/1f86d93a-8328-45a9-99cf-9ae0df7c55a5 has been successfully formatted.
2023-05-03 09:47:06,359 [pool-341-thread-1] INFO  ratis.ContainerStateMachine (ContainerStateMachine.java:loadSnapshot(262)) - group-9AE0DF7C55A5: The snapshot info is null. Setting the last applied indexto:(t:0, i:~)
2023-05-03 09:47:06,359 [pool-341-thread-1] INFO  server.RaftServerConfigKeys (ConfUtils.java:logGet(46)) - raft.server.log.use.memory = false (default)
2023-05-03 09:47:06,359 [pool-341-thread-1] INFO  server.RaftServerConfigKeys (ConfUtils.java:logGet(46)) - raft.server.log.purge.gap = 1000000 (custom)
2023-05-03 09:47:06,359 [pool-341-thread-1] INFO  server.RaftServerConfigKeys (ConfUtils.java:logGet(46)) - raft.server.log.appender.buffer.byte-limit = 33554432 (custom)
2023-05-03 09:47:06,359 [pool-341-thread-1] INFO  server.RaftServerConfigKeys (ConfUtils.java:logGet(46)) - raft.server.log.statemachine.data.read.timeout = 1000ms (default)
2023-05-03 09:47:06,359 [pool-341-thread-1] INFO  server.RaftServerConfigKeys (ConfUtils.java:logGet(46)) - raft.server.log.purge.preservation.log.num = 0 (default)
2023-05-03 09:47:06,359 [pool-341-thread-1] INFO  server.RaftServerConfigKeys (ConfUtils.java:logGet(46)) - raft.server.log.segment.size.max = 1048576 (custom)
2023-05-03 09:47:06,360 [pool-341-thread-1] INFO  server.RaftServerConfigKeys (ConfUtils.java:logGet(46)) - raft.server.log.segment.cache.num.max = 2 (custom)
2023-05-03 09:47:06,360 [pool-341-thread-1] INFO  server.RaftServerConfigKeys (ConfUtils.java:logGet(46)) - raft.server.log.segment.cache.size.max = 200MB (=209715200) (default)
2023-05-03 09:47:06,360 [pool-341-thread-1] INFO  segmented.SegmentedRaftLogWorker (SegmentedRaftLogWorker.java:<init>(189)) - new b6ef2b53-fb64-4342-8f97-d03ee9e71060@group-9AE0DF7C55A5-SegmentedRaftLogWorker for RaftStorageImpl:Storage Directory /home/runner/work/ozone/ozone/hadoop-ozone/integration-test/target/test-dir/MiniOzoneClusterImpl-1ffe41d3-309f-458f-85b5-47035b7448ff/datanode-0/data/ratis/1f86d93a-8328-45a9-99cf-9ae0df7c55a5
2023-05-03 09:47:06,360 [pool-341-thread-1] INFO  server.RaftServerConfigKeys (ConfUtils.java:logGet(46)) - raft.server.log.queue.byte-limit = 4294967296 (custom)
2023-05-03 09:47:06,360 [pool-341-thread-1] INFO  server.RaftServerConfigKeys (ConfUtils.java:logGet(46)) - raft.server.log.queue.element-limit = 1024 (custom)
2023-05-03 09:47:06,360 [pool-341-thread-1] INFO  server.RaftServerConfigKeys (ConfUtils.java:logGet(46)) - raft.server.log.segment.size.max = 1048576 (custom)
2023-05-03 09:47:06,360 [pool-341-thread-1] INFO  server.RaftServerConfigKeys (ConfUtils.java:logGet(46)) - raft.server.log.preallocated.size = 16384 (custom)
2023-05-03 09:47:06,360 [pool-341-thread-1] INFO  server.RaftServerConfigKeys (ConfUtils.java:logGet(46)) - raft.server.log.force.sync.num = 128 (default)
2023-05-03 09:47:06,360 [pool-341-thread-1] INFO  server.RaftServerConfigKeys (ConfUtils.java:logGet(46)) - raft.server.log.statemachine.data.sync = true (default)
2023-05-03 09:47:06,360 [pool-341-thread-1] INFO  server.RaftServerConfigKeys (ConfUtils.java:logGet(46)) - raft.server.log.statemachine.data.sync.timeout = 10s (default)
2023-05-03 09:47:06,360 [pool-341-thread-1] INFO  server.RaftServerConfigKeys (ConfUtils.java:logGet(46)) - raft.server.log.statemachine.data.sync.timeout.retry = -1 (default)
2023-05-03 09:47:06,360 [pool-341-thread-1] INFO  server.RaftServerConfigKeys (ConfUtils.java:logGet(46)) - raft.server.log.write.buffer.size = 1048576 (custom)
2023-05-03 09:47:06,361 [EventQueue-OpenPipelineForHealthyPipelineSafeModeRule] INFO  safemode.SCMSafeModeManager (HealthyPipelineSafeModeRule.java:process(137)) - SCM in safe mode. Healthy pipelines reported count is 0, required healthy pipeline reported count is 1
2023-05-03 09:47:06,361 [pool-341-thread-1] INFO  server.RaftServerConfigKeys (ConfUtils.java:logGet(46)) - raft.server.log.appender.buffer.byte-limit = 33554432 (custom)
2023-05-03 09:47:06,364 [pool-341-thread-1] INFO  server.RaftServerConfigKeys (ConfUtils.java:logGet(46)) - raft.server.log.unsafe-flush.enabled = false (default)
2023-05-03 09:47:06,364 [pool-341-thread-1] INFO  server.RaftServerConfigKeys (ConfUtils.java:logGet(46)) - raft.server.log.async-flush.enabled = false (default)
2023-05-03 09:47:06,364 [pool-341-thread-1] INFO  server.RaftServerConfigKeys (ConfUtils.java:logGet(46)) - raft.server.log.statemachine.data.caching.enabled = true (custom)
2023-05-03 09:47:06,364 [pool-341-thread-1] INFO  segmented.SegmentedRaftLogWorker (SegmentedRaftLogWorker.java:lambda$new$0(135)) - b6ef2b53-fb64-4342-8f97-d03ee9e71060@group-9AE0DF7C55A5-SegmentedRaftLogWorker: flushIndex: setUnconditionally 0 -> -1
2023-05-03 09:47:06,364 [pool-341-thread-1] INFO  segmented.SegmentedRaftLogWorker (SegmentedRaftLogWorker.java:lambda$new$0(135)) - b6ef2b53-fb64-4342-8f97-d03ee9e71060@group-9AE0DF7C55A5-SegmentedRaftLogWorker: safeCacheEvictIndex: setUnconditionally 0 -> -1
2023-05-03 09:47:06,364 [pool-341-thread-1] INFO  server.RaftServer$Division (RaftServerImpl.java:start(334)) - b6ef2b53-fb64-4342-8f97-d03ee9e71060@group-9AE0DF7C55A5: start as a follower, conf=-1: peers:[bc491111-3fed-428a-bcdf-e8e8db9b92ff|rpc:10.1.0.194:34775|dataStream:10.1.0.194:34691|priority:0|startupRole:FOLLOWER, 8cc5b195-cf3c-407e-b278-6945ef8abe82|rpc:10.1.0.194:42993|dataStream:10.1.0.194:35035|priority:0|startupRole:FOLLOWER, b6ef2b53-fb64-4342-8f97-d03ee9e71060|rpc:10.1.0.194:44427|dataStream:10.1.0.194:42439|priority:1|startupRole:FOLLOWER]|listeners:[], old=null
2023-05-03 09:47:06,364 [pool-341-thread-1] INFO  server.RaftServer$Division (RaftServerImpl.java:setRole(321)) - b6ef2b53-fb64-4342-8f97-d03ee9e71060@group-9AE0DF7C55A5: changes role from      null to FOLLOWER at term 0 for startAsFollower
2023-05-03 09:47:06,364 [pool-341-thread-1] INFO  impl.RoleInfo (RoleInfo.java:updateAndGet(139)) - b6ef2b53-fb64-4342-8f97-d03ee9e71060: start b6ef2b53-fb64-4342-8f97-d03ee9e71060@group-9AE0DF7C55A5-FollowerState
2023-05-03 09:47:06,366 [pool-341-thread-1] INFO  util.JmxRegister (JmxRegister.java:tryRegister(44)) - Successfully registered JMX Bean with object name Ratis:service=RaftServer,group=group-9AE0DF7C55A5,id=b6ef2b53-fb64-4342-8f97-d03ee9e71060
2023-05-03 09:47:06,366 [pool-341-thread-1] INFO  server.RaftServerConfigKeys (ConfUtils.java:logGet(46)) - raft.server.snapshot.auto.trigger.enabled = true (custom)
2023-05-03 09:47:06,366 [pool-341-thread-1] INFO  server.RaftServerConfigKeys (ConfUtils.java:logGet(46)) - raft.server.snapshot.auto.trigger.threshold = 10000 (custom)
2023-05-03 09:47:06,366 [pool-341-thread-1] INFO  server.RaftServerConfigKeys (ConfUtils.java:logGet(46)) - raft.server.snapshot.retention.file.num = 5 (custom)
2023-05-03 09:47:06,366 [pool-341-thread-1] INFO  server.RaftServerConfigKeys (ConfUtils.java:logGet(46)) - raft.server.log.purge.upto.snapshot.index = false (default)
2023-05-03 09:47:06,367 [b6ef2b53-fb64-4342-8f97-d03ee9e71060@group-9AE0DF7C55A5-FollowerState] INFO  server.RaftServerConfigKeys (ConfUtils.java:logFallback(53)) - raft.server.rpc.first-election.timeout.min = 5s (fallback to raft.server.rpc.timeout.min)
2023-05-03 09:47:06,367 [b6ef2b53-fb64-4342-8f97-d03ee9e71060@group-9AE0DF7C55A5-FollowerState] INFO  server.RaftServerConfigKeys (ConfUtils.java:logFallback(53)) - raft.server.rpc.first-election.timeout.max = 5200ms (fallback to raft.server.rpc.timeout.max)
2023-05-03 09:47:06,369 [Command processor thread] INFO  ratis.XceiverServerRatis (XceiverServerRatis.java:addGroup(806)) - Created group PipelineID=1f86d93a-8328-45a9-99cf-9ae0df7c55a5
2023-05-03 09:47:06,383 [grpc-default-executor-0] INFO  server.RaftServer (RaftServerProxy.java:addNew(96)) - bc491111-3fed-428a-bcdf-e8e8db9b92ff: addNew group-9AE0DF7C55A5:[bc491111-3fed-428a-bcdf-e8e8db9b92ff|rpc:10.1.0.194:34775|dataStream:10.1.0.194:34691|priority:0|startupRole:FOLLOWER, 8cc5b195-cf3c-407e-b278-6945ef8abe82|rpc:10.1.0.194:42993|dataStream:10.1.0.194:35035|priority:0|startupRole:FOLLOWER, b6ef2b53-fb64-4342-8f97-d03ee9e71060|rpc:10.1.0.194:44427|dataStream:10.1.0.194:42439|priority:1|startupRole:FOLLOWER] returns group-9AE0DF7C55A5:java.util.concurrent.CompletableFuture@6f792e39[Not completed]
2023-05-03 09:47:06,385 [pool-363-thread-1] INFO  server.RaftServer$Division (RaftServerImpl.java:<init>(195)) - bc491111-3fed-428a-bcdf-e8e8db9b92ff: new RaftServerImpl for group-9AE0DF7C55A5:[bc491111-3fed-428a-bcdf-e8e8db9b92ff|rpc:10.1.0.194:34775|dataStream:10.1.0.194:34691|priority:0|startupRole:FOLLOWER, 8cc5b195-cf3c-407e-b278-6945ef8abe82|rpc:10.1.0.194:42993|dataStream:10.1.0.194:35035|priority:0|startupRole:FOLLOWER, b6ef2b53-fb64-4342-8f97-d03ee9e71060|rpc:10.1.0.194:44427|dataStream:10.1.0.194:42439|priority:1|startupRole:FOLLOWER] with ContainerStateMachine:uninitialized
2023-05-03 09:47:06,385 [pool-363-thread-1] INFO  server.RaftServerConfigKeys (ConfUtils.java:logGet(46)) - raft.server.rpc.timeout.min = 5s (custom)
2023-05-03 09:47:06,385 [pool-363-thread-1] INFO  server.RaftServerConfigKeys (ConfUtils.java:logGet(46)) - raft.server.rpc.timeout.max = 5200ms (custom)
2023-05-03 09:47:06,385 [pool-363-thread-1] INFO  server.RaftServerConfigKeys (ConfUtils.java:logGet(46)) - raft.server.rpc.sleep.time = 25ms (default)
2023-05-03 09:47:06,385 [pool-363-thread-1] INFO  server.RaftServerConfigKeys (ConfUtils.java:logGet(46)) - raft.server.rpc.slowness.timeout = 300s (custom)
2023-05-03 09:47:06,385 [pool-363-thread-1] INFO  server.RaftServerConfigKeys (ConfUtils.java:logGet(46)) - raft.server.leaderelection.leader.step-down.wait-time = 10s (default)
2023-05-03 09:47:06,385 [pool-363-thread-1] INFO  server.RaftServerConfigKeys (ConfUtils.java:logGet(46)) - raft.server.sleep.deviation.threshold = 300ms (default)
2023-05-03 09:47:06,385 [pool-363-thread-1] INFO  server.RaftServer$Division (ServerState.java:<init>(118)) - bc491111-3fed-428a-bcdf-e8e8db9b92ff@group-9AE0DF7C55A5: ConfigurationManager, init=-1: peers:[bc491111-3fed-428a-bcdf-e8e8db9b92ff|rpc:10.1.0.194:34775|dataStream:10.1.0.194:34691|priority:0|startupRole:FOLLOWER, 8cc5b195-cf3c-407e-b278-6945ef8abe82|rpc:10.1.0.194:42993|dataStream:10.1.0.194:35035|priority:0|startupRole:FOLLOWER, b6ef2b53-fb64-4342-8f97-d03ee9e71060|rpc:10.1.0.194:44427|dataStream:10.1.0.194:42439|priority:1|startupRole:FOLLOWER]|listeners:[], old=null, confs=<EMPTY_MAP>
2023-05-03 09:47:06,385 [pool-363-thread-1] INFO  server.RaftServerConfigKeys (ConfUtils.java:logGet(46)) - raft.server.storage.dir = [/home/runner/work/ozone/ozone/hadoop-ozone/integration-test/target/test-dir/MiniOzoneClusterImpl-1ffe41d3-309f-458f-85b5-47035b7448ff/datanode-1/data/ratis] (custom)
2023-05-03 09:47:06,385 [pool-363-thread-1] INFO  server.RaftServerConfigKeys (ConfUtils.java:logGet(46)) - raft.server.log.corruption.policy = EXCEPTION (default)
2023-05-03 09:47:06,385 [pool-363-thread-1] INFO  server.RaftServerConfigKeys (ConfUtils.java:logGet(46)) - raft.server.storage.free-space.min = 0MB (=0) (default)
2023-05-03 09:47:06,386 [pool-363-thread-1] INFO  server.RaftServerConfigKeys (ConfUtils.java:logGet(46)) - raft.server.notification.no-leader.timeout = 300s (custom)
2023-05-03 09:47:06,386 [pool-363-thread-1] INFO  server.RaftServerConfigKeys (ConfUtils.java:logGet(46)) - raft.server.retrycache.expirytime = 600000ms (custom)
2023-05-03 09:47:06,386 [pool-363-thread-1] INFO  server.RaftServerConfigKeys (ConfUtils.java:logGet(46)) - raft.server.retrycache.statistics.expirytime = 100μs (default)
2023-05-03 09:47:06,386 [pool-363-thread-1] INFO  server.RaftServerConfigKeys (ConfUtils.java:logGet(46)) - raft.server.log.appender.install.snapshot.enabled = false (custom)
2023-05-03 09:47:06,386 [pool-363-thread-1] INFO  server.RaftServerConfigKeys (ConfUtils.java:logGet(46)) - raft.server.threadpool.server.cached = true (default)
2023-05-03 09:47:06,386 [pool-363-thread-1] INFO  server.RaftServerConfigKeys (ConfUtils.java:logGet(46)) - raft.server.threadpool.server.size = 0 (default)
2023-05-03 09:47:06,387 [pool-363-thread-1] INFO  server.RaftServerConfigKeys (ConfUtils.java:logGet(46)) - raft.server.threadpool.client.cached = true (default)
2023-05-03 09:47:06,387 [pool-363-thread-1] INFO  server.RaftServerConfigKeys (ConfUtils.java:logGet(46)) - raft.server.threadpool.client.size = 0 (default)
2023-05-03 09:47:06,387 [pool-363-thread-1] INFO  storage.RaftStorageDirectory (RaftStorageDirectoryImpl.java:analyzeStorage(137)) - The storage directory /home/runner/work/ozone/ozone/hadoop-ozone/integration-test/target/test-dir/MiniOzoneClusterImpl-1ffe41d3-309f-458f-85b5-47035b7448ff/datanode-1/data/ratis/1f86d93a-8328-45a9-99cf-9ae0df7c55a5 does not exist. Creating ...
2023-05-03 09:47:06,388 [pool-363-thread-1] INFO  storage.RaftStorageDirectory (RaftStorageDirectoryImpl.java:tryLock(231)) - Lock on /home/runner/work/ozone/ozone/hadoop-ozone/integration-test/target/test-dir/MiniOzoneClusterImpl-1ffe41d3-309f-458f-85b5-47035b7448ff/datanode-1/data/ratis/1f86d93a-8328-45a9-99cf-9ae0df7c55a5/in_use.lock acquired by nodename 7780@fv-az139-793
2023-05-03 09:47:06,389 [pool-363-thread-1] INFO  storage.RaftStorage (RaftStorageImpl.java:format(96)) - Storage directory /home/runner/work/ozone/ozone/hadoop-ozone/integration-test/target/test-dir/MiniOzoneClusterImpl-1ffe41d3-309f-458f-85b5-47035b7448ff/datanode-1/data/ratis/1f86d93a-8328-45a9-99cf-9ae0df7c55a5 has been successfully formatted.
2023-05-03 09:47:06,389 [pool-363-thread-1] INFO  ratis.ContainerStateMachine (ContainerStateMachine.java:loadSnapshot(262)) - group-9AE0DF7C55A5: The snapshot info is null. Setting the last applied indexto:(t:0, i:~)
2023-05-03 09:47:06,389 [pool-363-thread-1] INFO  server.RaftServerConfigKeys (ConfUtils.java:logGet(46)) - raft.server.log.use.memory = false (default)
2023-05-03 09:47:06,389 [pool-363-thread-1] INFO  server.RaftServerConfigKeys (ConfUtils.java:logGet(46)) - raft.server.log.purge.gap = 1000000 (custom)
2023-05-03 09:47:06,389 [pool-363-thread-1] INFO  server.RaftServerConfigKeys (ConfUtils.java:logGet(46)) - raft.server.log.appender.buffer.byte-limit = 33554432 (custom)
2023-05-03 09:47:06,390 [pool-363-thread-1] INFO  server.RaftServerConfigKeys (ConfUtils.java:logGet(46)) - raft.server.log.statemachine.data.read.timeout = 1000ms (default)
2023-05-03 09:47:06,390 [pool-363-thread-1] INFO  server.RaftServerConfigKeys (ConfUtils.java:logGet(46)) - raft.server.log.purge.preservation.log.num = 0 (default)
2023-05-03 09:47:06,390 [pool-363-thread-1] INFO  server.RaftServerConfigKeys (ConfUtils.java:logGet(46)) - raft.server.log.segment.size.max = 1048576 (custom)
2023-05-03 09:47:06,391 [pool-363-thread-1] INFO  server.RaftServerConfigKeys (ConfUtils.java:logGet(46)) - raft.server.log.segment.cache.num.max = 2 (custom)
2023-05-03 09:47:06,391 [pool-363-thread-1] INFO  server.RaftServerConfigKeys (ConfUtils.java:logGet(46)) - raft.server.log.segment.cache.size.max = 200MB (=209715200) (default)
2023-05-03 09:47:06,391 [pool-363-thread-1] INFO  segmented.SegmentedRaftLogWorker (SegmentedRaftLogWorker.java:<init>(189)) - new bc491111-3fed-428a-bcdf-e8e8db9b92ff@group-9AE0DF7C55A5-SegmentedRaftLogWorker for RaftStorageImpl:Storage Directory /home/runner/work/ozone/ozone/hadoop-ozone/integration-test/target/test-dir/MiniOzoneClusterImpl-1ffe41d3-309f-458f-85b5-47035b7448ff/datanode-1/data/ratis/1f86d93a-8328-45a9-99cf-9ae0df7c55a5
2023-05-03 09:47:06,391 [pool-363-thread-1] INFO  server.RaftServerConfigKeys (ConfUtils.java:logGet(46)) - raft.server.log.queue.byte-limit = 4294967296 (custom)
2023-05-03 09:47:06,391 [pool-363-thread-1] INFO  server.RaftServerConfigKeys (ConfUtils.java:logGet(46)) - raft.server.log.queue.element-limit = 1024 (custom)
2023-05-03 09:47:06,391 [pool-363-thread-1] INFO  server.RaftServerConfigKeys (ConfUtils.java:logGet(46)) - raft.server.log.segment.size.max = 1048576 (custom)
2023-05-03 09:47:06,391 [pool-363-thread-1] INFO  server.RaftServerConfigKeys (ConfUtils.java:logGet(46)) - raft.server.log.preallocated.size = 16384 (custom)
2023-05-03 09:47:06,391 [pool-363-thread-1] INFO  server.RaftServerConfigKeys (ConfUtils.java:logGet(46)) - raft.server.log.force.sync.num = 128 (default)
2023-05-03 09:47:06,391 [pool-363-thread-1] INFO  server.RaftServerConfigKeys (ConfUtils.java:logGet(46)) - raft.server.log.statemachine.data.sync = true (default)
2023-05-03 09:47:06,391 [pool-363-thread-1] INFO  server.RaftServerConfigKeys (ConfUtils.java:logGet(46)) - raft.server.log.statemachine.data.sync.timeout = 10s (default)
2023-05-03 09:47:06,392 [pool-363-thread-1] INFO  server.RaftServerConfigKeys (ConfUtils.java:logGet(46)) - raft.server.log.statemachine.data.sync.timeout.retry = -1 (default)
2023-05-03 09:47:06,392 [pool-363-thread-1] INFO  server.RaftServerConfigKeys (ConfUtils.java:logGet(46)) - raft.server.log.write.buffer.size = 1048576 (custom)
2023-05-03 09:47:06,394 [pool-363-thread-1] INFO  server.RaftServerConfigKeys (ConfUtils.java:logGet(46)) - raft.server.log.appender.buffer.byte-limit = 33554432 (custom)
2023-05-03 09:47:06,399 [pool-363-thread-1] INFO  server.RaftServerConfigKeys (ConfUtils.java:logGet(46)) - raft.server.log.unsafe-flush.enabled = false (default)
2023-05-03 09:47:06,399 [pool-363-thread-1] INFO  server.RaftServerConfigKeys (ConfUtils.java:logGet(46)) - raft.server.log.async-flush.enabled = false (default)
2023-05-03 09:47:06,399 [pool-363-thread-1] INFO  server.RaftServerConfigKeys (ConfUtils.java:logGet(46)) - raft.server.log.statemachine.data.caching.enabled = true (custom)
2023-05-03 09:47:06,399 [pool-363-thread-1] INFO  segmented.SegmentedRaftLogWorker (SegmentedRaftLogWorker.java:lambda$new$0(135)) - bc491111-3fed-428a-bcdf-e8e8db9b92ff@group-9AE0DF7C55A5-SegmentedRaftLogWorker: flushIndex: setUnconditionally 0 -> -1
2023-05-03 09:47:06,399 [pool-363-thread-1] INFO  segmented.SegmentedRaftLogWorker (SegmentedRaftLogWorker.java:lambda$new$0(135)) - bc491111-3fed-428a-bcdf-e8e8db9b92ff@group-9AE0DF7C55A5-SegmentedRaftLogWorker: safeCacheEvictIndex: setUnconditionally 0 -> -1
2023-05-03 09:47:06,399 [pool-363-thread-1] INFO  server.RaftServer$Division (RaftServerImpl.java:start(334)) - bc491111-3fed-428a-bcdf-e8e8db9b92ff@group-9AE0DF7C55A5: start as a follower, conf=-1: peers:[bc491111-3fed-428a-bcdf-e8e8db9b92ff|rpc:10.1.0.194:34775|dataStream:10.1.0.194:34691|priority:0|startupRole:FOLLOWER, 8cc5b195-cf3c-407e-b278-6945ef8abe82|rpc:10.1.0.194:42993|dataStream:10.1.0.194:35035|priority:0|startupRole:FOLLOWER, b6ef2b53-fb64-4342-8f97-d03ee9e71060|rpc:10.1.0.194:44427|dataStream:10.1.0.194:42439|priority:1|startupRole:FOLLOWER]|listeners:[], old=null
2023-05-03 09:47:06,399 [pool-363-thread-1] INFO  server.RaftServer$Division (RaftServerImpl.java:setRole(321)) - bc491111-3fed-428a-bcdf-e8e8db9b92ff@group-9AE0DF7C55A5: changes role from      null to FOLLOWER at term 0 for startAsFollower
2023-05-03 09:47:06,399 [pool-363-thread-1] INFO  impl.RoleInfo (RoleInfo.java:updateAndGet(139)) - bc491111-3fed-428a-bcdf-e8e8db9b92ff: start bc491111-3fed-428a-bcdf-e8e8db9b92ff@group-9AE0DF7C55A5-FollowerState
2023-05-03 09:47:06,400 [pool-363-thread-1] INFO  util.JmxRegister (JmxRegister.java:tryRegister(44)) - Successfully registered JMX Bean with object name Ratis:service=RaftServer,group=group-9AE0DF7C55A5,id=bc491111-3fed-428a-bcdf-e8e8db9b92ff
2023-05-03 09:47:06,400 [pool-363-thread-1] INFO  server.RaftServerConfigKeys (ConfUtils.java:logGet(46)) - raft.server.snapshot.auto.trigger.enabled = true (custom)
2023-05-03 09:47:06,400 [pool-363-thread-1] INFO  server.RaftServerConfigKeys (ConfUtils.java:logGet(46)) - raft.server.snapshot.auto.trigger.threshold = 10000 (custom)
2023-05-03 09:47:06,400 [pool-363-thread-1] INFO  server.RaftServerConfigKeys (ConfUtils.java:logGet(46)) - raft.server.snapshot.retention.file.num = 5 (custom)
2023-05-03 09:47:06,400 [pool-363-thread-1] INFO  server.RaftServerConfigKeys (ConfUtils.java:logGet(46)) - raft.server.log.purge.upto.snapshot.index = false (default)
2023-05-03 09:47:06,400 [bc491111-3fed-428a-bcdf-e8e8db9b92ff@group-9AE0DF7C55A5-FollowerState] INFO  server.RaftServerConfigKeys (ConfUtils.java:logFallback(53)) - raft.server.rpc.first-election.timeout.min = 5s (fallback to raft.server.rpc.timeout.min)
2023-05-03 09:47:06,400 [bc491111-3fed-428a-bcdf-e8e8db9b92ff@group-9AE0DF7C55A5-FollowerState] INFO  server.RaftServerConfigKeys (ConfUtils.java:logFallback(53)) - raft.server.rpc.first-election.timeout.max = 5200ms (fallback to raft.server.rpc.timeout.max)
2023-05-03 09:47:06,422 [grpc-default-executor-0] INFO  server.RaftServer (RaftServerProxy.java:addNew(96)) - 8cc5b195-cf3c-407e-b278-6945ef8abe82: addNew group-9AE0DF7C55A5:[bc491111-3fed-428a-bcdf-e8e8db9b92ff|rpc:10.1.0.194:34775|dataStream:10.1.0.194:34691|priority:0|startupRole:FOLLOWER, 8cc5b195-cf3c-407e-b278-6945ef8abe82|rpc:10.1.0.194:42993|dataStream:10.1.0.194:35035|priority:0|startupRole:FOLLOWER, b6ef2b53-fb64-4342-8f97-d03ee9e71060|rpc:10.1.0.194:44427|dataStream:10.1.0.194:42439|priority:1|startupRole:FOLLOWER] returns group-9AE0DF7C55A5:java.util.concurrent.CompletableFuture@79bcab45[Not completed]
2023-05-03 09:47:06,423 [pool-385-thread-1] INFO  server.RaftServer$Division (RaftServerImpl.java:<init>(195)) - 8cc5b195-cf3c-407e-b278-6945ef8abe82: new RaftServerImpl for group-9AE0DF7C55A5:[bc491111-3fed-428a-bcdf-e8e8db9b92ff|rpc:10.1.0.194:34775|dataStream:10.1.0.194:34691|priority:0|startupRole:FOLLOWER, 8cc5b195-cf3c-407e-b278-6945ef8abe82|rpc:10.1.0.194:42993|dataStream:10.1.0.194:35035|priority:0|startupRole:FOLLOWER, b6ef2b53-fb64-4342-8f97-d03ee9e71060|rpc:10.1.0.194:44427|dataStream:10.1.0.194:42439|priority:1|startupRole:FOLLOWER] with ContainerStateMachine:uninitialized
2023-05-03 09:47:06,423 [pool-385-thread-1] INFO  server.RaftServerConfigKeys (ConfUtils.java:logGet(46)) - raft.server.rpc.timeout.min = 5s (custom)
2023-05-03 09:47:06,423 [pool-385-thread-1] INFO  server.RaftServerConfigKeys (ConfUtils.java:logGet(46)) - raft.server.rpc.timeout.max = 5200ms (custom)
2023-05-03 09:47:06,424 [pool-385-thread-1] INFO  server.RaftServerConfigKeys (ConfUtils.java:logGet(46)) - raft.server.rpc.sleep.time = 25ms (default)
2023-05-03 09:47:06,424 [pool-385-thread-1] INFO  server.RaftServerConfigKeys (ConfUtils.java:logGet(46)) - raft.server.rpc.slowness.timeout = 300s (custom)
2023-05-03 09:47:06,424 [pool-385-thread-1] INFO  server.RaftServerConfigKeys (ConfUtils.java:logGet(46)) - raft.server.leaderelection.leader.step-down.wait-time = 10s (default)
2023-05-03 09:47:06,424 [pool-385-thread-1] INFO  server.RaftServerConfigKeys (ConfUtils.java:logGet(46)) - raft.server.sleep.deviation.threshold = 300ms (default)
2023-05-03 09:47:06,424 [pool-385-thread-1] INFO  server.RaftServer$Division (ServerState.java:<init>(118)) - 8cc5b195-cf3c-407e-b278-6945ef8abe82@group-9AE0DF7C55A5: ConfigurationManager, init=-1: peers:[bc491111-3fed-428a-bcdf-e8e8db9b92ff|rpc:10.1.0.194:34775|dataStream:10.1.0.194:34691|priority:0|startupRole:FOLLOWER, 8cc5b195-cf3c-407e-b278-6945ef8abe82|rpc:10.1.0.194:42993|dataStream:10.1.0.194:35035|priority:0|startupRole:FOLLOWER, b6ef2b53-fb64-4342-8f97-d03ee9e71060|rpc:10.1.0.194:44427|dataStream:10.1.0.194:42439|priority:1|startupRole:FOLLOWER]|listeners:[], old=null, confs=<EMPTY_MAP>
2023-05-03 09:47:06,424 [pool-385-thread-1] INFO  server.RaftServerConfigKeys (ConfUtils.java:logGet(46)) - raft.server.storage.dir = [/home/runner/work/ozone/ozone/hadoop-ozone/integration-test/target/test-dir/MiniOzoneClusterImpl-1ffe41d3-309f-458f-85b5-47035b7448ff/datanode-2/data/ratis] (custom)
2023-05-03 09:47:06,424 [pool-385-thread-1] INFO  server.RaftServerConfigKeys (ConfUtils.java:logGet(46)) - raft.server.log.corruption.policy = EXCEPTION (default)
2023-05-03 09:47:06,424 [pool-385-thread-1] INFO  server.RaftServerConfigKeys (ConfUtils.java:logGet(46)) - raft.server.storage.free-space.min = 0MB (=0) (default)
2023-05-03 09:47:06,424 [pool-385-thread-1] INFO  server.RaftServerConfigKeys (ConfUtils.java:logGet(46)) - raft.server.notification.no-leader.timeout = 300s (custom)
2023-05-03 09:47:06,424 [pool-385-thread-1] INFO  server.RaftServerConfigKeys (ConfUtils.java:logGet(46)) - raft.server.retrycache.expirytime = 600000ms (custom)
2023-05-03 09:47:06,424 [pool-385-thread-1] INFO  server.RaftServerConfigKeys (ConfUtils.java:logGet(46)) - raft.server.retrycache.statistics.expirytime = 100μs (default)
2023-05-03 09:47:06,425 [pool-385-thread-1] INFO  server.RaftServerConfigKeys (ConfUtils.java:logGet(46)) - raft.server.log.appender.install.snapshot.enabled = false (custom)
2023-05-03 09:47:06,425 [pool-385-thread-1] INFO  server.RaftServerConfigKeys (ConfUtils.java:logGet(46)) - raft.server.threadpool.server.cached = true (default)
2023-05-03 09:47:06,425 [pool-385-thread-1] INFO  server.RaftServerConfigKeys (ConfUtils.java:logGet(46)) - raft.server.threadpool.server.size = 0 (default)
2023-05-03 09:47:06,425 [pool-385-thread-1] INFO  server.RaftServerConfigKeys (ConfUtils.java:logGet(46)) - raft.server.threadpool.client.cached = true (default)
2023-05-03 09:47:06,425 [pool-385-thread-1] INFO  server.RaftServerConfigKeys (ConfUtils.java:logGet(46)) - raft.server.threadpool.client.size = 0 (default)
2023-05-03 09:47:06,425 [pool-385-thread-1] INFO  storage.RaftStorageDirectory (RaftStorageDirectoryImpl.java:analyzeStorage(137)) - The storage directory /home/runner/work/ozone/ozone/hadoop-ozone/integration-test/target/test-dir/MiniOzoneClusterImpl-1ffe41d3-309f-458f-85b5-47035b7448ff/datanode-2/data/ratis/1f86d93a-8328-45a9-99cf-9ae0df7c55a5 does not exist. Creating ...
2023-05-03 09:47:06,427 [pool-385-thread-1] INFO  storage.RaftStorageDirectory (RaftStorageDirectoryImpl.java:tryLock(231)) - Lock on /home/runner/work/ozone/ozone/hadoop-ozone/integration-test/target/test-dir/MiniOzoneClusterImpl-1ffe41d3-309f-458f-85b5-47035b7448ff/datanode-2/data/ratis/1f86d93a-8328-45a9-99cf-9ae0df7c55a5/in_use.lock acquired by nodename 7780@fv-az139-793
2023-05-03 09:47:06,428 [pool-385-thread-1] INFO  storage.RaftStorage (RaftStorageImpl.java:format(96)) - Storage directory /home/runner/work/ozone/ozone/hadoop-ozone/integration-test/target/test-dir/MiniOzoneClusterImpl-1ffe41d3-309f-458f-85b5-47035b7448ff/datanode-2/data/ratis/1f86d93a-8328-45a9-99cf-9ae0df7c55a5 has been successfully formatted.
2023-05-03 09:47:06,430 [pool-385-thread-1] INFO  ratis.ContainerStateMachine (ContainerStateMachine.java:loadSnapshot(262)) - group-9AE0DF7C55A5: The snapshot info is null. Setting the last applied indexto:(t:0, i:~)
2023-05-03 09:47:06,430 [pool-385-thread-1] INFO  server.RaftServerConfigKeys (ConfUtils.java:logGet(46)) - raft.server.log.use.memory = false (default)
2023-05-03 09:47:06,430 [pool-385-thread-1] INFO  server.RaftServerConfigKeys (ConfUtils.java:logGet(46)) - raft.server.log.purge.gap = 1000000 (custom)
2023-05-03 09:47:06,430 [pool-385-thread-1] INFO  server.RaftServerConfigKeys (ConfUtils.java:logGet(46)) - raft.server.log.appender.buffer.byte-limit = 33554432 (custom)
2023-05-03 09:47:06,430 [pool-385-thread-1] INFO  server.RaftServerConfigKeys (ConfUtils.java:logGet(46)) - raft.server.log.statemachine.data.read.timeout = 1000ms (default)
2023-05-03 09:47:06,430 [pool-385-thread-1] INFO  server.RaftServerConfigKeys (ConfUtils.java:logGet(46)) - raft.server.log.purge.preservation.log.num = 0 (default)
2023-05-03 09:47:06,430 [pool-385-thread-1] INFO  server.RaftServerConfigKeys (ConfUtils.java:logGet(46)) - raft.server.log.segment.size.max = 1048576 (custom)
2023-05-03 09:47:06,430 [pool-385-thread-1] INFO  server.RaftServerConfigKeys (ConfUtils.java:logGet(46)) - raft.server.log.segment.cache.num.max = 2 (custom)
2023-05-03 09:47:06,430 [pool-385-thread-1] INFO  server.RaftServerConfigKeys (ConfUtils.java:logGet(46)) - raft.server.log.segment.cache.size.max = 200MB (=209715200) (default)
2023-05-03 09:47:06,430 [pool-385-thread-1] INFO  segmented.SegmentedRaftLogWorker (SegmentedRaftLogWorker.java:<init>(189)) - new 8cc5b195-cf3c-407e-b278-6945ef8abe82@group-9AE0DF7C55A5-SegmentedRaftLogWorker for RaftStorageImpl:Storage Directory /home/runner/work/ozone/ozone/hadoop-ozone/integration-test/target/test-dir/MiniOzoneClusterImpl-1ffe41d3-309f-458f-85b5-47035b7448ff/datanode-2/data/ratis/1f86d93a-8328-45a9-99cf-9ae0df7c55a5
2023-05-03 09:47:06,430 [pool-385-thread-1] INFO  server.RaftServerConfigKeys (ConfUtils.java:logGet(46)) - raft.server.log.queue.byte-limit = 4294967296 (custom)
2023-05-03 09:47:06,430 [pool-385-thread-1] INFO  server.RaftServerConfigKeys (ConfUtils.java:logGet(46)) - raft.server.log.queue.element-limit = 1024 (custom)
2023-05-03 09:47:06,431 [pool-385-thread-1] INFO  server.RaftServerConfigKeys (ConfUtils.java:logGet(46)) - raft.server.log.segment.size.max = 1048576 (custom)
2023-05-03 09:47:06,431 [pool-385-thread-1] INFO  server.RaftServerConfigKeys (ConfUtils.java:logGet(46)) - raft.server.log.preallocated.size = 16384 (custom)
2023-05-03 09:47:06,431 [pool-385-thread-1] INFO  server.RaftServerConfigKeys (ConfUtils.java:logGet(46)) - raft.server.log.force.sync.num = 128 (default)
2023-05-03 09:47:06,431 [pool-385-thread-1] INFO  server.RaftServerConfigKeys (ConfUtils.java:logGet(46)) - raft.server.log.statemachine.data.sync = true (default)
2023-05-03 09:47:06,431 [pool-385-thread-1] INFO  server.RaftServerConfigKeys (ConfUtils.java:logGet(46)) - raft.server.log.statemachine.data.sync.timeout = 10s (default)
2023-05-03 09:47:06,431 [pool-385-thread-1] INFO  server.RaftServerConfigKeys (ConfUtils.java:logGet(46)) - raft.server.log.statemachine.data.sync.timeout.retry = -1 (default)
2023-05-03 09:47:06,431 [pool-385-thread-1] INFO  server.RaftServerConfigKeys (ConfUtils.java:logGet(46)) - raft.server.log.write.buffer.size = 1048576 (custom)
2023-05-03 09:47:06,431 [pool-385-thread-1] INFO  server.RaftServerConfigKeys (ConfUtils.java:logGet(46)) - raft.server.log.appender.buffer.byte-limit = 33554432 (custom)
2023-05-03 09:47:06,496 [pool-385-thread-1] INFO  server.RaftServerConfigKeys (ConfUtils.java:logGet(46)) - raft.server.log.unsafe-flush.enabled = false (default)
2023-05-03 09:47:06,496 [pool-385-thread-1] INFO  server.RaftServerConfigKeys (ConfUtils.java:logGet(46)) - raft.server.log.async-flush.enabled = false (default)
2023-05-03 09:47:06,496 [pool-385-thread-1] INFO  server.RaftServerConfigKeys (ConfUtils.java:logGet(46)) - raft.server.log.statemachine.data.caching.enabled = true (custom)
2023-05-03 09:47:06,496 [pool-385-thread-1] INFO  segmented.SegmentedRaftLogWorker (SegmentedRaftLogWorker.java:lambda$new$0(135)) - 8cc5b195-cf3c-407e-b278-6945ef8abe82@group-9AE0DF7C55A5-SegmentedRaftLogWorker: flushIndex: setUnconditionally 0 -> -1
2023-05-03 09:47:06,496 [pool-385-thread-1] INFO  segmented.SegmentedRaftLogWorker (SegmentedRaftLogWorker.java:lambda$new$0(135)) - 8cc5b195-cf3c-407e-b278-6945ef8abe82@group-9AE0DF7C55A5-SegmentedRaftLogWorker: safeCacheEvictIndex: setUnconditionally 0 -> -1
2023-05-03 09:47:06,497 [pool-385-thread-1] INFO  server.RaftServer$Division (RaftServerImpl.java:start(334)) - 8cc5b195-cf3c-407e-b278-6945ef8abe82@group-9AE0DF7C55A5: start as a follower, conf=-1: peers:[bc491111-3fed-428a-bcdf-e8e8db9b92ff|rpc:10.1.0.194:34775|dataStream:10.1.0.194:34691|priority:0|startupRole:FOLLOWER, 8cc5b195-cf3c-407e-b278-6945ef8abe82|rpc:10.1.0.194:42993|dataStream:10.1.0.194:35035|priority:0|startupRole:FOLLOWER, b6ef2b53-fb64-4342-8f97-d03ee9e71060|rpc:10.1.0.194:44427|dataStream:10.1.0.194:42439|priority:1|startupRole:FOLLOWER]|listeners:[], old=null
2023-05-03 09:47:06,497 [pool-385-thread-1] INFO  server.RaftServer$Division (RaftServerImpl.java:setRole(321)) - 8cc5b195-cf3c-407e-b278-6945ef8abe82@group-9AE0DF7C55A5: changes role from      null to FOLLOWER at term 0 for startAsFollower
2023-05-03 09:47:06,497 [pool-385-thread-1] INFO  impl.RoleInfo (RoleInfo.java:updateAndGet(139)) - 8cc5b195-cf3c-407e-b278-6945ef8abe82: start 8cc5b195-cf3c-407e-b278-6945ef8abe82@group-9AE0DF7C55A5-FollowerState
2023-05-03 09:47:06,497 [pool-385-thread-1] INFO  util.JmxRegister (JmxRegister.java:tryRegister(44)) - Successfully registered JMX Bean with object name Ratis:service=RaftServer,group=group-9AE0DF7C55A5,id=8cc5b195-cf3c-407e-b278-6945ef8abe82
2023-05-03 09:47:06,497 [8cc5b195-cf3c-407e-b278-6945ef8abe82@group-9AE0DF7C55A5-FollowerState] INFO  server.RaftServerConfigKeys (ConfUtils.java:logFallback(53)) - raft.server.rpc.first-election.timeout.min = 5s (fallback to raft.server.rpc.timeout.min)
2023-05-03 09:47:06,497 [pool-385-thread-1] INFO  server.RaftServerConfigKeys (ConfUtils.java:logGet(46)) - raft.server.snapshot.auto.trigger.enabled = true (custom)
2023-05-03 09:47:06,497 [8cc5b195-cf3c-407e-b278-6945ef8abe82@group-9AE0DF7C55A5-FollowerState] INFO  server.RaftServerConfigKeys (ConfUtils.java:logFallback(53)) - raft.server.rpc.first-election.timeout.max = 5200ms (fallback to raft.server.rpc.timeout.max)
2023-05-03 09:47:06,497 [pool-385-thread-1] INFO  server.RaftServerConfigKeys (ConfUtils.java:logGet(46)) - raft.server.snapshot.auto.trigger.threshold = 10000 (custom)
2023-05-03 09:47:06,497 [pool-385-thread-1] INFO  server.RaftServerConfigKeys (ConfUtils.java:logGet(46)) - raft.server.snapshot.retention.file.num = 5 (custom)
2023-05-03 09:47:06,497 [pool-385-thread-1] INFO  server.RaftServerConfigKeys (ConfUtils.java:logGet(46)) - raft.server.log.purge.upto.snapshot.index = false (default)
2023-05-03 09:47:06,506 [Command processor thread] INFO  commandhandler.CreatePipelineCommandHandler (CreatePipelineCommandHandler.java:handle(113)) - Created Pipeline RATIS THREE PipelineID=1f86d93a-8328-45a9-99cf-9ae0df7c55a5.
2023-05-03 09:47:06,506 [Command processor thread] INFO  server.RaftServer (RaftServerProxy.java:addNew(96)) - b6ef2b53-fb64-4342-8f97-d03ee9e71060: addNew group-9CA73B9EA204:[bc491111-3fed-428a-bcdf-e8e8db9b92ff|rpc:10.1.0.194:34775|dataStream:10.1.0.194:34691|priority:0|startupRole:FOLLOWER, 8cc5b195-cf3c-407e-b278-6945ef8abe82|rpc:10.1.0.194:42993|dataStream:10.1.0.194:35035|priority:1|startupRole:FOLLOWER, b6ef2b53-fb64-4342-8f97-d03ee9e71060|rpc:10.1.0.194:44427|dataStream:10.1.0.194:42439|priority:0|startupRole:FOLLOWER] returns group-9CA73B9EA204:java.util.concurrent.CompletableFuture@414077d3[Not completed]
2023-05-03 09:47:06,508 [pool-341-thread-1] INFO  server.RaftServer$Division (RaftServerImpl.java:<init>(195)) - b6ef2b53-fb64-4342-8f97-d03ee9e71060: new RaftServerImpl for group-9CA73B9EA204:[bc491111-3fed-428a-bcdf-e8e8db9b92ff|rpc:10.1.0.194:34775|dataStream:10.1.0.194:34691|priority:0|startupRole:FOLLOWER, 8cc5b195-cf3c-407e-b278-6945ef8abe82|rpc:10.1.0.194:42993|dataStream:10.1.0.194:35035|priority:1|startupRole:FOLLOWER, b6ef2b53-fb64-4342-8f97-d03ee9e71060|rpc:10.1.0.194:44427|dataStream:10.1.0.194:42439|priority:0|startupRole:FOLLOWER] with ContainerStateMachine:uninitialized
2023-05-03 09:47:06,508 [pool-341-thread-1] INFO  server.RaftServerConfigKeys (ConfUtils.java:logGet(46)) - raft.server.rpc.timeout.min = 5s (custom)
2023-05-03 09:47:06,508 [pool-341-thread-1] INFO  server.RaftServerConfigKeys (ConfUtils.java:logGet(46)) - raft.server.rpc.timeout.max = 5200ms (custom)
2023-05-03 09:47:06,508 [pool-341-thread-1] INFO  server.RaftServerConfigKeys (ConfUtils.java:logGet(46)) - raft.server.rpc.sleep.time = 25ms (default)
2023-05-03 09:47:06,508 [pool-341-thread-1] INFO  server.RaftServerConfigKeys (ConfUtils.java:logGet(46)) - raft.server.rpc.slowness.timeout = 300s (custom)
2023-05-03 09:47:06,508 [pool-341-thread-1] INFO  server.RaftServerConfigKeys (ConfUtils.java:logGet(46)) - raft.server.leaderelection.leader.step-down.wait-time = 10s (default)
2023-05-03 09:47:06,508 [pool-341-thread-1] INFO  server.RaftServerConfigKeys (ConfUtils.java:logGet(46)) - raft.server.sleep.deviation.threshold = 300ms (default)
2023-05-03 09:47:06,509 [pool-341-thread-1] INFO  server.RaftServer$Division (ServerState.java:<init>(118)) - b6ef2b53-fb64-4342-8f97-d03ee9e71060@group-9CA73B9EA204: ConfigurationManager, init=-1: peers:[bc491111-3fed-428a-bcdf-e8e8db9b92ff|rpc:10.1.0.194:34775|dataStream:10.1.0.194:34691|priority:0|startupRole:FOLLOWER, 8cc5b195-cf3c-407e-b278-6945ef8abe82|rpc:10.1.0.194:42993|dataStream:10.1.0.194:35035|priority:1|startupRole:FOLLOWER, b6ef2b53-fb64-4342-8f97-d03ee9e71060|rpc:10.1.0.194:44427|dataStream:10.1.0.194:42439|priority:0|startupRole:FOLLOWER]|listeners:[], old=null, confs=<EMPTY_MAP>
2023-05-03 09:47:06,509 [pool-341-thread-1] INFO  server.RaftServerConfigKeys (ConfUtils.java:logGet(46)) - raft.server.storage.dir = [/home/runner/work/ozone/ozone/hadoop-ozone/integration-test/target/test-dir/MiniOzoneClusterImpl-1ffe41d3-309f-458f-85b5-47035b7448ff/datanode-0/data/ratis] (custom)
2023-05-03 09:47:06,509 [pool-341-thread-1] INFO  server.RaftServerConfigKeys (ConfUtils.java:logGet(46)) - raft.server.log.corruption.policy = EXCEPTION (default)
2023-05-03 09:47:06,509 [pool-341-thread-1] INFO  server.RaftServerConfigKeys (ConfUtils.java:logGet(46)) - raft.server.storage.free-space.min = 0MB (=0) (default)
2023-05-03 09:47:06,509 [pool-341-thread-1] INFO  server.RaftServerConfigKeys (ConfUtils.java:logGet(46)) - raft.server.notification.no-leader.timeout = 300s (custom)
2023-05-03 09:47:06,509 [pool-341-thread-1] INFO  server.RaftServerConfigKeys (ConfUtils.java:logGet(46)) - raft.server.retrycache.expirytime = 600000ms (custom)
2023-05-03 09:47:06,509 [pool-341-thread-1] INFO  server.RaftServerConfigKeys (ConfUtils.java:logGet(46)) - raft.server.retrycache.statistics.expirytime = 100μs (default)
2023-05-03 09:47:06,510 [pool-341-thread-1] INFO  server.RaftServerConfigKeys (ConfUtils.java:logGet(46)) - raft.server.log.appender.install.snapshot.enabled = false (custom)
2023-05-03 09:47:06,510 [pool-341-thread-1] INFO  server.RaftServerConfigKeys (ConfUtils.java:logGet(46)) - raft.server.threadpool.server.cached = true (default)
2023-05-03 09:47:06,510 [pool-341-thread-1] INFO  server.RaftServerConfigKeys (ConfUtils.java:logGet(46)) - raft.server.threadpool.server.size = 0 (default)
2023-05-03 09:47:06,510 [pool-341-thread-1] INFO  server.RaftServerConfigKeys (ConfUtils.java:logGet(46)) - raft.server.threadpool.client.cached = true (default)
2023-05-03 09:47:06,510 [pool-341-thread-1] INFO  server.RaftServerConfigKeys (ConfUtils.java:logGet(46)) - raft.server.threadpool.client.size = 0 (default)
2023-05-03 09:47:06,510 [pool-341-thread-1] INFO  storage.RaftStorageDirectory (RaftStorageDirectoryImpl.java:analyzeStorage(137)) - The storage directory /home/runner/work/ozone/ozone/hadoop-ozone/integration-test/target/test-dir/MiniOzoneClusterImpl-1ffe41d3-309f-458f-85b5-47035b7448ff/datanode-0/data/ratis/7ed62545-e1cd-421a-bf19-9ca73b9ea204 does not exist. Creating ...
2023-05-03 09:47:06,511 [pool-341-thread-1] INFO  storage.RaftStorageDirectory (RaftStorageDirectoryImpl.java:tryLock(231)) - Lock on /home/runner/work/ozone/ozone/hadoop-ozone/integration-test/target/test-dir/MiniOzoneClusterImpl-1ffe41d3-309f-458f-85b5-47035b7448ff/datanode-0/data/ratis/7ed62545-e1cd-421a-bf19-9ca73b9ea204/in_use.lock acquired by nodename 7780@fv-az139-793
2023-05-03 09:47:06,512 [pool-341-thread-1] INFO  storage.RaftStorage (RaftStorageImpl.java:format(96)) - Storage directory /home/runner/work/ozone/ozone/hadoop-ozone/integration-test/target/test-dir/MiniOzoneClusterImpl-1ffe41d3-309f-458f-85b5-47035b7448ff/datanode-0/data/ratis/7ed62545-e1cd-421a-bf19-9ca73b9ea204 has been successfully formatted.
2023-05-03 09:47:06,512 [pool-341-thread-1] INFO  ratis.ContainerStateMachine (ContainerStateMachine.java:loadSnapshot(262)) - group-9CA73B9EA204: The snapshot info is null. Setting the last applied indexto:(t:0, i:~)
2023-05-03 09:47:06,512 [pool-341-thread-1] INFO  server.RaftServerConfigKeys (ConfUtils.java:logGet(46)) - raft.server.log.use.memory = false (default)
2023-05-03 09:47:06,512 [pool-341-thread-1] INFO  server.RaftServerConfigKeys (ConfUtils.java:logGet(46)) - raft.server.log.purge.gap = 1000000 (custom)
2023-05-03 09:47:06,513 [pool-341-thread-1] INFO  server.RaftServerConfigKeys (ConfUtils.java:logGet(46)) - raft.server.log.appender.buffer.byte-limit = 33554432 (custom)
2023-05-03 09:47:06,513 [pool-341-thread-1] INFO  server.RaftServerConfigKeys (ConfUtils.java:logGet(46)) - raft.server.log.statemachine.data.read.timeout = 1000ms (default)
2023-05-03 09:47:06,513 [pool-341-thread-1] INFO  server.RaftServerConfigKeys (ConfUtils.java:logGet(46)) - raft.server.log.purge.preservation.log.num = 0 (default)
2023-05-03 09:47:06,513 [pool-341-thread-1] INFO  server.RaftServerConfigKeys (ConfUtils.java:logGet(46)) - raft.server.log.segment.size.max = 1048576 (custom)
2023-05-03 09:47:06,513 [pool-341-thread-1] INFO  server.RaftServerConfigKeys (ConfUtils.java:logGet(46)) - raft.server.log.segment.cache.num.max = 2 (custom)
2023-05-03 09:47:06,513 [EventQueue-OpenPipelineForHealthyPipelineSafeModeRule] INFO  safemode.SCMSafeModeManager (HealthyPipelineSafeModeRule.java:process(137)) - SCM in safe mode. Healthy pipelines reported count is 0, required healthy pipeline reported count is 1
2023-05-03 09:47:06,514 [pool-341-thread-1] INFO  server.RaftServerConfigKeys (ConfUtils.java:logGet(46)) - raft.server.log.segment.cache.size.max = 200MB (=209715200) (default)
2023-05-03 09:47:06,514 [pool-341-thread-1] INFO  segmented.SegmentedRaftLogWorker (SegmentedRaftLogWorker.java:<init>(189)) - new b6ef2b53-fb64-4342-8f97-d03ee9e71060@group-9CA73B9EA204-SegmentedRaftLogWorker for RaftStorageImpl:Storage Directory /home/runner/work/ozone/ozone/hadoop-ozone/integration-test/target/test-dir/MiniOzoneClusterImpl-1ffe41d3-309f-458f-85b5-47035b7448ff/datanode-0/data/ratis/7ed62545-e1cd-421a-bf19-9ca73b9ea204
2023-05-03 09:47:06,514 [pool-341-thread-1] INFO  server.RaftServerConfigKeys (ConfUtils.java:logGet(46)) - raft.server.log.queue.byte-limit = 4294967296 (custom)
2023-05-03 09:47:06,514 [pool-341-thread-1] INFO  server.RaftServerConfigKeys (ConfUtils.java:logGet(46)) - raft.server.log.queue.element-limit = 1024 (custom)
2023-05-03 09:47:06,514 [pool-341-thread-1] INFO  server.RaftServerConfigKeys (ConfUtils.java:logGet(46)) - raft.server.log.segment.size.max = 1048576 (custom)
2023-05-03 09:47:06,514 [pool-341-thread-1] INFO  server.RaftServerConfigKeys (ConfUtils.java:logGet(46)) - raft.server.log.preallocated.size = 16384 (custom)
2023-05-03 09:47:06,514 [pool-341-thread-1] INFO  server.RaftServerConfigKeys (ConfUtils.java:logGet(46)) - raft.server.log.force.sync.num = 128 (default)
2023-05-03 09:47:06,514 [pool-341-thread-1] INFO  server.RaftServerConfigKeys (ConfUtils.java:logGet(46)) - raft.server.log.statemachine.data.sync = true (default)
2023-05-03 09:47:06,514 [pool-341-thread-1] INFO  server.RaftServerConfigKeys (ConfUtils.java:logGet(46)) - raft.server.log.statemachine.data.sync.timeout = 10s (default)
2023-05-03 09:47:06,514 [pool-341-thread-1] INFO  server.RaftServerConfigKeys (ConfUtils.java:logGet(46)) - raft.server.log.statemachine.data.sync.timeout.retry = -1 (default)
2023-05-03 09:47:06,515 [pool-341-thread-1] INFO  server.RaftServerConfigKeys (ConfUtils.java:logGet(46)) - raft.server.log.write.buffer.size = 1048576 (custom)
2023-05-03 09:47:06,515 [pool-341-thread-1] INFO  server.RaftServerConfigKeys (ConfUtils.java:logGet(46)) - raft.server.log.appender.buffer.byte-limit = 33554432 (custom)
2023-05-03 09:47:06,518 [pool-341-thread-1] INFO  server.RaftServerConfigKeys (ConfUtils.java:logGet(46)) - raft.server.log.unsafe-flush.enabled = false (default)
2023-05-03 09:47:06,518 [pool-341-thread-1] INFO  server.RaftServerConfigKeys (ConfUtils.java:logGet(46)) - raft.server.log.async-flush.enabled = false (default)
2023-05-03 09:47:06,518 [pool-341-thread-1] INFO  server.RaftServerConfigKeys (ConfUtils.java:logGet(46)) - raft.server.log.statemachine.data.caching.enabled = true (custom)
2023-05-03 09:47:06,518 [pool-341-thread-1] INFO  segmented.SegmentedRaftLogWorker (SegmentedRaftLogWorker.java:lambda$new$0(135)) - b6ef2b53-fb64-4342-8f97-d03ee9e71060@group-9CA73B9EA204-SegmentedRaftLogWorker: flushIndex: setUnconditionally 0 -> -1
2023-05-03 09:47:06,518 [pool-341-thread-1] INFO  segmented.SegmentedRaftLogWorker (SegmentedRaftLogWorker.java:lambda$new$0(135)) - b6ef2b53-fb64-4342-8f97-d03ee9e71060@group-9CA73B9EA204-SegmentedRaftLogWorker: safeCacheEvictIndex: setUnconditionally 0 -> -1
2023-05-03 09:47:06,518 [pool-341-thread-1] INFO  server.RaftServer$Division (RaftServerImpl.java:start(334)) - b6ef2b53-fb64-4342-8f97-d03ee9e71060@group-9CA73B9EA204: start as a follower, conf=-1: peers:[bc491111-3fed-428a-bcdf-e8e8db9b92ff|rpc:10.1.0.194:34775|dataStream:10.1.0.194:34691|priority:0|startupRole:FOLLOWER, 8cc5b195-cf3c-407e-b278-6945ef8abe82|rpc:10.1.0.194:42993|dataStream:10.1.0.194:35035|priority:1|startupRole:FOLLOWER, b6ef2b53-fb64-4342-8f97-d03ee9e71060|rpc:10.1.0.194:44427|dataStream:10.1.0.194:42439|priority:0|startupRole:FOLLOWER]|listeners:[], old=null
2023-05-03 09:47:06,518 [pool-341-thread-1] INFO  server.RaftServer$Division (RaftServerImpl.java:setRole(321)) - b6ef2b53-fb64-4342-8f97-d03ee9e71060@group-9CA73B9EA204: changes role from      null to FOLLOWER at term 0 for startAsFollower
2023-05-03 09:47:06,518 [pool-341-thread-1] INFO  impl.RoleInfo (RoleInfo.java:updateAndGet(139)) - b6ef2b53-fb64-4342-8f97-d03ee9e71060: start b6ef2b53-fb64-4342-8f97-d03ee9e71060@group-9CA73B9EA204-FollowerState
2023-05-03 09:47:06,519 [pool-341-thread-1] INFO  util.JmxRegister (JmxRegister.java:tryRegister(44)) - Successfully registered JMX Bean with object name Ratis:service=RaftServer,group=group-9CA73B9EA204,id=b6ef2b53-fb64-4342-8f97-d03ee9e71060
2023-05-03 09:47:06,519 [pool-341-thread-1] INFO  server.RaftServerConfigKeys (ConfUtils.java:logGet(46)) - raft.server.snapshot.auto.trigger.enabled = true (custom)
2023-05-03 09:47:06,519 [pool-341-thread-1] INFO  server.RaftServerConfigKeys (ConfUtils.java:logGet(46)) - raft.server.snapshot.auto.trigger.threshold = 10000 (custom)
2023-05-03 09:47:06,519 [pool-341-thread-1] INFO  server.RaftServerConfigKeys (ConfUtils.java:logGet(46)) - raft.server.snapshot.retention.file.num = 5 (custom)
2023-05-03 09:47:06,519 [pool-341-thread-1] INFO  server.RaftServerConfigKeys (ConfUtils.java:logGet(46)) - raft.server.log.purge.upto.snapshot.index = false (default)
2023-05-03 09:47:06,520 [b6ef2b53-fb64-4342-8f97-d03ee9e71060@group-9CA73B9EA204-FollowerState] INFO  server.RaftServerConfigKeys (ConfUtils.java:logFallback(53)) - raft.server.rpc.first-election.timeout.min = 5s (fallback to raft.server.rpc.timeout.min)
2023-05-03 09:47:06,520 [b6ef2b53-fb64-4342-8f97-d03ee9e71060@group-9CA73B9EA204-FollowerState] INFO  server.RaftServerConfigKeys (ConfUtils.java:logFallback(53)) - raft.server.rpc.first-election.timeout.max = 5200ms (fallback to raft.server.rpc.timeout.max)
2023-05-03 09:47:06,520 [Command processor thread] INFO  ratis.XceiverServerRatis (XceiverServerRatis.java:addGroup(806)) - Created group PipelineID=7ed62545-e1cd-421a-bf19-9ca73b9ea204
2023-05-03 09:47:06,531 [grpc-default-executor-0] INFO  server.RaftServer (RaftServerProxy.java:addNew(96)) - bc491111-3fed-428a-bcdf-e8e8db9b92ff: addNew group-9CA73B9EA204:[bc491111-3fed-428a-bcdf-e8e8db9b92ff|rpc:10.1.0.194:34775|dataStream:10.1.0.194:34691|priority:0|startupRole:FOLLOWER, 8cc5b195-cf3c-407e-b278-6945ef8abe82|rpc:10.1.0.194:42993|dataStream:10.1.0.194:35035|priority:1|startupRole:FOLLOWER, b6ef2b53-fb64-4342-8f97-d03ee9e71060|rpc:10.1.0.194:44427|dataStream:10.1.0.194:42439|priority:0|startupRole:FOLLOWER] returns group-9CA73B9EA204:java.util.concurrent.CompletableFuture@6243e2af[Not completed]
2023-05-03 09:47:06,531 [pool-363-thread-1] INFO  server.RaftServer$Division (RaftServerImpl.java:<init>(195)) - bc491111-3fed-428a-bcdf-e8e8db9b92ff: new RaftServerImpl for group-9CA73B9EA204:[bc491111-3fed-428a-bcdf-e8e8db9b92ff|rpc:10.1.0.194:34775|dataStream:10.1.0.194:34691|priority:0|startupRole:FOLLOWER, 8cc5b195-cf3c-407e-b278-6945ef8abe82|rpc:10.1.0.194:42993|dataStream:10.1.0.194:35035|priority:1|startupRole:FOLLOWER, b6ef2b53-fb64-4342-8f97-d03ee9e71060|rpc:10.1.0.194:44427|dataStream:10.1.0.194:42439|priority:0|startupRole:FOLLOWER] with ContainerStateMachine:uninitialized
2023-05-03 09:47:06,532 [pool-363-thread-1] INFO  server.RaftServerConfigKeys (ConfUtils.java:logGet(46)) - raft.server.rpc.timeout.min = 5s (custom)
2023-05-03 09:47:06,532 [pool-363-thread-1] INFO  server.RaftServerConfigKeys (ConfUtils.java:logGet(46)) - raft.server.rpc.timeout.max = 5200ms (custom)
2023-05-03 09:47:06,532 [pool-363-thread-1] INFO  server.RaftServerConfigKeys (ConfUtils.java:logGet(46)) - raft.server.rpc.sleep.time = 25ms (default)
2023-05-03 09:47:06,532 [pool-363-thread-1] INFO  server.RaftServerConfigKeys (ConfUtils.java:logGet(46)) - raft.server.rpc.slowness.timeout = 300s (custom)
2023-05-03 09:47:06,532 [pool-363-thread-1] INFO  server.RaftServerConfigKeys (ConfUtils.java:logGet(46)) - raft.server.leaderelection.leader.step-down.wait-time = 10s (default)
2023-05-03 09:47:06,532 [pool-363-thread-1] INFO  server.RaftServerConfigKeys (ConfUtils.java:logGet(46)) - raft.server.sleep.deviation.threshold = 300ms (default)
2023-05-03 09:47:06,532 [pool-363-thread-1] INFO  server.RaftServer$Division (ServerState.java:<init>(118)) - bc491111-3fed-428a-bcdf-e8e8db9b92ff@group-9CA73B9EA204: ConfigurationManager, init=-1: peers:[bc491111-3fed-428a-bcdf-e8e8db9b92ff|rpc:10.1.0.194:34775|dataStream:10.1.0.194:34691|priority:0|startupRole:FOLLOWER, 8cc5b195-cf3c-407e-b278-6945ef8abe82|rpc:10.1.0.194:42993|dataStream:10.1.0.194:35035|priority:1|startupRole:FOLLOWER, b6ef2b53-fb64-4342-8f97-d03ee9e71060|rpc:10.1.0.194:44427|dataStream:10.1.0.194:42439|priority:0|startupRole:FOLLOWER]|listeners:[], old=null, confs=<EMPTY_MAP>
2023-05-03 09:47:06,532 [pool-363-thread-1] INFO  server.RaftServerConfigKeys (ConfUtils.java:logGet(46)) - raft.server.storage.dir = [/home/runner/work/ozone/ozone/hadoop-ozone/integration-test/target/test-dir/MiniOzoneClusterImpl-1ffe41d3-309f-458f-85b5-47035b7448ff/datanode-1/data/ratis] (custom)
2023-05-03 09:47:06,532 [pool-363-thread-1] INFO  server.RaftServerConfigKeys (ConfUtils.java:logGet(46)) - raft.server.log.corruption.policy = EXCEPTION (default)
2023-05-03 09:47:06,532 [pool-363-thread-1] INFO  server.RaftServerConfigKeys (ConfUtils.java:logGet(46)) - raft.server.storage.free-space.min = 0MB (=0) (default)
2023-05-03 09:47:06,532 [pool-363-thread-1] INFO  server.RaftServerConfigKeys (ConfUtils.java:logGet(46)) - raft.server.notification.no-leader.timeout = 300s (custom)
2023-05-03 09:47:06,532 [pool-363-thread-1] INFO  server.RaftServerConfigKeys (ConfUtils.java:logGet(46)) - raft.server.retrycache.expirytime = 600000ms (custom)
2023-05-03 09:47:06,532 [pool-363-thread-1] INFO  server.RaftServerConfigKeys (ConfUtils.java:logGet(46)) - raft.server.retrycache.statistics.expirytime = 100μs (default)
2023-05-03 09:47:06,533 [pool-363-thread-1] INFO  server.RaftServerConfigKeys (ConfUtils.java:logGet(46)) - raft.server.log.appender.install.snapshot.enabled = false (custom)
2023-05-03 09:47:06,533 [pool-363-thread-1] INFO  server.RaftServerConfigKeys (ConfUtils.java:logGet(46)) - raft.server.threadpool.server.cached = true (default)
2023-05-03 09:47:06,533 [pool-363-thread-1] INFO  server.RaftServerConfigKeys (ConfUtils.java:logGet(46)) - raft.server.threadpool.server.size = 0 (default)
2023-05-03 09:47:06,533 [pool-363-thread-1] INFO  server.RaftServerConfigKeys (ConfUtils.java:logGet(46)) - raft.server.threadpool.client.cached = true (default)
2023-05-03 09:47:06,533 [pool-363-thread-1] INFO  server.RaftServerConfigKeys (ConfUtils.java:logGet(46)) - raft.server.threadpool.client.size = 0 (default)
2023-05-03 09:47:06,533 [pool-363-thread-1] INFO  storage.RaftStorageDirectory (RaftStorageDirectoryImpl.java:analyzeStorage(137)) - The storage directory /home/runner/work/ozone/ozone/hadoop-ozone/integration-test/target/test-dir/MiniOzoneClusterImpl-1ffe41d3-309f-458f-85b5-47035b7448ff/datanode-1/data/ratis/7ed62545-e1cd-421a-bf19-9ca73b9ea204 does not exist. Creating ...
2023-05-03 09:47:06,534 [pool-363-thread-1] INFO  storage.RaftStorageDirectory (RaftStorageDirectoryImpl.java:tryLock(231)) - Lock on /home/runner/work/ozone/ozone/hadoop-ozone/integration-test/target/test-dir/MiniOzoneClusterImpl-1ffe41d3-309f-458f-85b5-47035b7448ff/datanode-1/data/ratis/7ed62545-e1cd-421a-bf19-9ca73b9ea204/in_use.lock acquired by nodename 7780@fv-az139-793
2023-05-03 09:47:06,535 [pool-363-thread-1] INFO  storage.RaftStorage (RaftStorageImpl.java:format(96)) - Storage directory /home/runner/work/ozone/ozone/hadoop-ozone/integration-test/target/test-dir/MiniOzoneClusterImpl-1ffe41d3-309f-458f-85b5-47035b7448ff/datanode-1/data/ratis/7ed62545-e1cd-421a-bf19-9ca73b9ea204 has been successfully formatted.
2023-05-03 09:47:06,535 [pool-363-thread-1] INFO  ratis.ContainerStateMachine (ContainerStateMachine.java:loadSnapshot(262)) - group-9CA73B9EA204: The snapshot info is null. Setting the last applied indexto:(t:0, i:~)
2023-05-03 09:47:06,535 [pool-363-thread-1] INFO  server.RaftServerConfigKeys (ConfUtils.java:logGet(46)) - raft.server.log.use.memory = false (default)
2023-05-03 09:47:06,536 [pool-363-thread-1] INFO  server.RaftServerConfigKeys (ConfUtils.java:logGet(46)) - raft.server.log.purge.gap = 1000000 (custom)
2023-05-03 09:47:06,536 [pool-363-thread-1] INFO  server.RaftServerConfigKeys (ConfUtils.java:logGet(46)) - raft.server.log.appender.buffer.byte-limit = 33554432 (custom)
2023-05-03 09:47:06,536 [pool-363-thread-1] INFO  server.RaftServerConfigKeys (ConfUtils.java:logGet(46)) - raft.server.log.statemachine.data.read.timeout = 1000ms (default)
2023-05-03 09:47:06,536 [pool-363-thread-1] INFO  server.RaftServerConfigKeys (ConfUtils.java:logGet(46)) - raft.server.log.purge.preservation.log.num = 0 (default)
2023-05-03 09:47:06,536 [pool-363-thread-1] INFO  server.RaftServerConfigKeys (ConfUtils.java:logGet(46)) - raft.server.log.segment.size.max = 1048576 (custom)
2023-05-03 09:47:06,536 [pool-363-thread-1] INFO  server.RaftServerConfigKeys (ConfUtils.java:logGet(46)) - raft.server.log.segment.cache.num.max = 2 (custom)
2023-05-03 09:47:06,536 [pool-363-thread-1] INFO  server.RaftServerConfigKeys (ConfUtils.java:logGet(46)) - raft.server.log.segment.cache.size.max = 200MB (=209715200) (default)
2023-05-03 09:47:06,536 [pool-363-thread-1] INFO  segmented.SegmentedRaftLogWorker (SegmentedRaftLogWorker.java:<init>(189)) - new bc491111-3fed-428a-bcdf-e8e8db9b92ff@group-9CA73B9EA204-SegmentedRaftLogWorker for RaftStorageImpl:Storage Directory /home/runner/work/ozone/ozone/hadoop-ozone/integration-test/target/test-dir/MiniOzoneClusterImpl-1ffe41d3-309f-458f-85b5-47035b7448ff/datanode-1/data/ratis/7ed62545-e1cd-421a-bf19-9ca73b9ea204
2023-05-03 09:47:06,536 [pool-363-thread-1] INFO  server.RaftServerConfigKeys (ConfUtils.java:logGet(46)) - raft.server.log.queue.byte-limit = 4294967296 (custom)
2023-05-03 09:47:06,536 [pool-363-thread-1] INFO  server.RaftServerConfigKeys (ConfUtils.java:logGet(46)) - raft.server.log.queue.element-limit = 1024 (custom)
2023-05-03 09:47:06,536 [pool-363-thread-1] INFO  server.RaftServerConfigKeys (ConfUtils.java:logGet(46)) - raft.server.log.segment.size.max = 1048576 (custom)
2023-05-03 09:47:06,536 [pool-363-thread-1] INFO  server.RaftServerConfigKeys (ConfUtils.java:logGet(46)) - raft.server.log.preallocated.size = 16384 (custom)
2023-05-03 09:47:06,537 [pool-363-thread-1] INFO  server.RaftServerConfigKeys (ConfUtils.java:logGet(46)) - raft.server.log.force.sync.num = 128 (default)
2023-05-03 09:47:06,537 [pool-363-thread-1] INFO  server.RaftServerConfigKeys (ConfUtils.java:logGet(46)) - raft.server.log.statemachine.data.sync = true (default)
2023-05-03 09:47:06,537 [pool-363-thread-1] INFO  server.RaftServerConfigKeys (ConfUtils.java:logGet(46)) - raft.server.log.statemachine.data.sync.timeout = 10s (default)
2023-05-03 09:47:06,537 [pool-363-thread-1] INFO  server.RaftServerConfigKeys (ConfUtils.java:logGet(46)) - raft.server.log.statemachine.data.sync.timeout.retry = -1 (default)
2023-05-03 09:47:06,537 [pool-363-thread-1] INFO  server.RaftServerConfigKeys (ConfUtils.java:logGet(46)) - raft.server.log.write.buffer.size = 1048576 (custom)
2023-05-03 09:47:06,538 [pool-363-thread-1] INFO  server.RaftServerConfigKeys (ConfUtils.java:logGet(46)) - raft.server.log.appender.buffer.byte-limit = 33554432 (custom)
2023-05-03 09:47:06,541 [pool-363-thread-1] INFO  server.RaftServerConfigKeys (ConfUtils.java:logGet(46)) - raft.server.log.unsafe-flush.enabled = false (default)
2023-05-03 09:47:06,541 [pool-363-thread-1] INFO  server.RaftServerConfigKeys (ConfUtils.java:logGet(46)) - raft.server.log.async-flush.enabled = false (default)
2023-05-03 09:47:06,541 [pool-363-thread-1] INFO  server.RaftServerConfigKeys (ConfUtils.java:logGet(46)) - raft.server.log.statemachine.data.caching.enabled = true (custom)
2023-05-03 09:47:06,541 [pool-363-thread-1] INFO  segmented.SegmentedRaftLogWorker (SegmentedRaftLogWorker.java:lambda$new$0(135)) - bc491111-3fed-428a-bcdf-e8e8db9b92ff@group-9CA73B9EA204-SegmentedRaftLogWorker: flushIndex: setUnconditionally 0 -> -1
2023-05-03 09:47:06,541 [pool-363-thread-1] INFO  segmented.SegmentedRaftLogWorker (SegmentedRaftLogWorker.java:lambda$new$0(135)) - bc491111-3fed-428a-bcdf-e8e8db9b92ff@group-9CA73B9EA204-SegmentedRaftLogWorker: safeCacheEvictIndex: setUnconditionally 0 -> -1
2023-05-03 09:47:06,541 [pool-363-thread-1] INFO  server.RaftServer$Division (RaftServerImpl.java:start(334)) - bc491111-3fed-428a-bcdf-e8e8db9b92ff@group-9CA73B9EA204: start as a follower, conf=-1: peers:[bc491111-3fed-428a-bcdf-e8e8db9b92ff|rpc:10.1.0.194:34775|dataStream:10.1.0.194:34691|priority:0|startupRole:FOLLOWER, 8cc5b195-cf3c-407e-b278-6945ef8abe82|rpc:10.1.0.194:42993|dataStream:10.1.0.194:35035|priority:1|startupRole:FOLLOWER, b6ef2b53-fb64-4342-8f97-d03ee9e71060|rpc:10.1.0.194:44427|dataStream:10.1.0.194:42439|priority:0|startupRole:FOLLOWER]|listeners:[], old=null
2023-05-03 09:47:06,541 [pool-363-thread-1] INFO  server.RaftServer$Division (RaftServerImpl.java:setRole(321)) - bc491111-3fed-428a-bcdf-e8e8db9b92ff@group-9CA73B9EA204: changes role from      null to FOLLOWER at term 0 for startAsFollower
2023-05-03 09:47:06,541 [pool-363-thread-1] INFO  impl.RoleInfo (RoleInfo.java:updateAndGet(139)) - bc491111-3fed-428a-bcdf-e8e8db9b92ff: start bc491111-3fed-428a-bcdf-e8e8db9b92ff@group-9CA73B9EA204-FollowerState
2023-05-03 09:47:06,541 [pool-363-thread-1] INFO  util.JmxRegister (JmxRegister.java:tryRegister(44)) - Successfully registered JMX Bean with object name Ratis:service=RaftServer,group=group-9CA73B9EA204,id=bc491111-3fed-428a-bcdf-e8e8db9b92ff
2023-05-03 09:47:06,541 [pool-363-thread-1] INFO  server.RaftServerConfigKeys (ConfUtils.java:logGet(46)) - raft.server.snapshot.auto.trigger.enabled = true (custom)
2023-05-03 09:47:06,542 [pool-363-thread-1] INFO  server.RaftServerConfigKeys (ConfUtils.java:logGet(46)) - raft.server.snapshot.auto.trigger.threshold = 10000 (custom)
2023-05-03 09:47:06,542 [pool-363-thread-1] INFO  server.RaftServerConfigKeys (ConfUtils.java:logGet(46)) - raft.server.snapshot.retention.file.num = 5 (custom)
2023-05-03 09:47:06,542 [pool-363-thread-1] INFO  server.RaftServerConfigKeys (ConfUtils.java:logGet(46)) - raft.server.log.purge.upto.snapshot.index = false (default)
2023-05-03 09:47:06,542 [bc491111-3fed-428a-bcdf-e8e8db9b92ff@group-9CA73B9EA204-FollowerState] INFO  server.RaftServerConfigKeys (ConfUtils.java:logFallback(53)) - raft.server.rpc.first-election.timeout.min = 5s (fallback to raft.server.rpc.timeout.min)
2023-05-03 09:47:06,542 [bc491111-3fed-428a-bcdf-e8e8db9b92ff@group-9CA73B9EA204-FollowerState] INFO  server.RaftServerConfigKeys (ConfUtils.java:logFallback(53)) - raft.server.rpc.first-election.timeout.max = 5200ms (fallback to raft.server.rpc.timeout.max)
2023-05-03 09:47:06,554 [grpc-default-executor-0] INFO  server.RaftServer (RaftServerProxy.java:addNew(96)) - 8cc5b195-cf3c-407e-b278-6945ef8abe82: addNew group-9CA73B9EA204:[bc491111-3fed-428a-bcdf-e8e8db9b92ff|rpc:10.1.0.194:34775|dataStream:10.1.0.194:34691|priority:0|startupRole:FOLLOWER, 8cc5b195-cf3c-407e-b278-6945ef8abe82|rpc:10.1.0.194:42993|dataStream:10.1.0.194:35035|priority:1|startupRole:FOLLOWER, b6ef2b53-fb64-4342-8f97-d03ee9e71060|rpc:10.1.0.194:44427|dataStream:10.1.0.194:42439|priority:0|startupRole:FOLLOWER] returns group-9CA73B9EA204:java.util.concurrent.CompletableFuture@5ada0c21[Not completed]
2023-05-03 09:47:06,555 [pool-385-thread-1] INFO  server.RaftServer$Division (RaftServerImpl.java:<init>(195)) - 8cc5b195-cf3c-407e-b278-6945ef8abe82: new RaftServerImpl for group-9CA73B9EA204:[bc491111-3fed-428a-bcdf-e8e8db9b92ff|rpc:10.1.0.194:34775|dataStream:10.1.0.194:34691|priority:0|startupRole:FOLLOWER, 8cc5b195-cf3c-407e-b278-6945ef8abe82|rpc:10.1.0.194:42993|dataStream:10.1.0.194:35035|priority:1|startupRole:FOLLOWER, b6ef2b53-fb64-4342-8f97-d03ee9e71060|rpc:10.1.0.194:44427|dataStream:10.1.0.194:42439|priority:0|startupRole:FOLLOWER] with ContainerStateMachine:uninitialized
2023-05-03 09:47:06,555 [pool-385-thread-1] INFO  server.RaftServerConfigKeys (ConfUtils.java:logGet(46)) - raft.server.rpc.timeout.min = 5s (custom)
2023-05-03 09:47:06,555 [pool-385-thread-1] INFO  server.RaftServerConfigKeys (ConfUtils.java:logGet(46)) - raft.server.rpc.timeout.max = 5200ms (custom)
2023-05-03 09:47:06,555 [pool-385-thread-1] INFO  server.RaftServerConfigKeys (ConfUtils.java:logGet(46)) - raft.server.rpc.sleep.time = 25ms (default)
2023-05-03 09:47:06,555 [pool-385-thread-1] INFO  server.RaftServerConfigKeys (ConfUtils.java:logGet(46)) - raft.server.rpc.slowness.timeout = 300s (custom)
2023-05-03 09:47:06,555 [pool-385-thread-1] INFO  server.RaftServerConfigKeys (ConfUtils.java:logGet(46)) - raft.server.leaderelection.leader.step-down.wait-time = 10s (default)
2023-05-03 09:47:06,556 [pool-385-thread-1] INFO  server.RaftServerConfigKeys (ConfUtils.java:logGet(46)) - raft.server.sleep.deviation.threshold = 300ms (default)
2023-05-03 09:47:06,556 [pool-385-thread-1] INFO  server.RaftServer$Division (ServerState.java:<init>(118)) - 8cc5b195-cf3c-407e-b278-6945ef8abe82@group-9CA73B9EA204: ConfigurationManager, init=-1: peers:[bc491111-3fed-428a-bcdf-e8e8db9b92ff|rpc:10.1.0.194:34775|dataStream:10.1.0.194:34691|priority:0|startupRole:FOLLOWER, 8cc5b195-cf3c-407e-b278-6945ef8abe82|rpc:10.1.0.194:42993|dataStream:10.1.0.194:35035|priority:1|startupRole:FOLLOWER, b6ef2b53-fb64-4342-8f97-d03ee9e71060|rpc:10.1.0.194:44427|dataStream:10.1.0.194:42439|priority:0|startupRole:FOLLOWER]|listeners:[], old=null, confs=<EMPTY_MAP>
2023-05-03 09:47:06,556 [pool-385-thread-1] INFO  server.RaftServerConfigKeys (ConfUtils.java:logGet(46)) - raft.server.storage.dir = [/home/runner/work/ozone/ozone/hadoop-ozone/integration-test/target/test-dir/MiniOzoneClusterImpl-1ffe41d3-309f-458f-85b5-47035b7448ff/datanode-2/data/ratis] (custom)
2023-05-03 09:47:06,556 [pool-385-thread-1] INFO  server.RaftServerConfigKeys (ConfUtils.java:logGet(46)) - raft.server.log.corruption.policy = EXCEPTION (default)
2023-05-03 09:47:06,556 [pool-385-thread-1] INFO  server.RaftServerConfigKeys (ConfUtils.java:logGet(46)) - raft.server.storage.free-space.min = 0MB (=0) (default)
2023-05-03 09:47:06,556 [pool-385-thread-1] INFO  server.RaftServerConfigKeys (ConfUtils.java:logGet(46)) - raft.server.notification.no-leader.timeout = 300s (custom)
2023-05-03 09:47:06,556 [pool-385-thread-1] INFO  server.RaftServerConfigKeys (ConfUtils.java:logGet(46)) - raft.server.retrycache.expirytime = 600000ms (custom)
2023-05-03 09:47:06,556 [pool-385-thread-1] INFO  server.RaftServerConfigKeys (ConfUtils.java:logGet(46)) - raft.server.retrycache.statistics.expirytime = 100μs (default)
2023-05-03 09:47:06,557 [pool-385-thread-1] INFO  server.RaftServerConfigKeys (ConfUtils.java:logGet(46)) - raft.server.log.appender.install.snapshot.enabled = false (custom)
2023-05-03 09:47:06,557 [pool-385-thread-1] INFO  server.RaftServerConfigKeys (ConfUtils.java:logGet(46)) - raft.server.threadpool.server.cached = true (default)
2023-05-03 09:47:06,557 [pool-385-thread-1] INFO  server.RaftServerConfigKeys (ConfUtils.java:logGet(46)) - raft.server.threadpool.server.size = 0 (default)
2023-05-03 09:47:06,557 [pool-385-thread-1] INFO  server.RaftServerConfigKeys (ConfUtils.java:logGet(46)) - raft.server.threadpool.client.cached = true (default)
2023-05-03 09:47:06,557 [pool-385-thread-1] INFO  server.RaftServerConfigKeys (ConfUtils.java:logGet(46)) - raft.server.threadpool.client.size = 0 (default)
2023-05-03 09:47:06,557 [pool-385-thread-1] INFO  storage.RaftStorageDirectory (RaftStorageDirectoryImpl.java:analyzeStorage(137)) - The storage directory /home/runner/work/ozone/ozone/hadoop-ozone/integration-test/target/test-dir/MiniOzoneClusterImpl-1ffe41d3-309f-458f-85b5-47035b7448ff/datanode-2/data/ratis/7ed62545-e1cd-421a-bf19-9ca73b9ea204 does not exist. Creating ...
2023-05-03 09:47:06,559 [pool-385-thread-1] INFO  storage.RaftStorageDirectory (RaftStorageDirectoryImpl.java:tryLock(231)) - Lock on /home/runner/work/ozone/ozone/hadoop-ozone/integration-test/target/test-dir/MiniOzoneClusterImpl-1ffe41d3-309f-458f-85b5-47035b7448ff/datanode-2/data/ratis/7ed62545-e1cd-421a-bf19-9ca73b9ea204/in_use.lock acquired by nodename 7780@fv-az139-793
2023-05-03 09:47:06,562 [pool-385-thread-1] INFO  storage.RaftStorage (RaftStorageImpl.java:format(96)) - Storage directory /home/runner/work/ozone/ozone/hadoop-ozone/integration-test/target/test-dir/MiniOzoneClusterImpl-1ffe41d3-309f-458f-85b5-47035b7448ff/datanode-2/data/ratis/7ed62545-e1cd-421a-bf19-9ca73b9ea204 has been successfully formatted.
2023-05-03 09:47:06,563 [pool-385-thread-1] INFO  ratis.ContainerStateMachine (ContainerStateMachine.java:loadSnapshot(262)) - group-9CA73B9EA204: The snapshot info is null. Setting the last applied indexto:(t:0, i:~)
2023-05-03 09:47:06,563 [pool-385-thread-1] INFO  server.RaftServerConfigKeys (ConfUtils.java:logGet(46)) - raft.server.log.use.memory = false (default)
2023-05-03 09:47:06,564 [pool-385-thread-1] INFO  server.RaftServerConfigKeys (ConfUtils.java:logGet(46)) - raft.server.log.purge.gap = 1000000 (custom)
2023-05-03 09:47:06,564 [pool-385-thread-1] INFO  server.RaftServerConfigKeys (ConfUtils.java:logGet(46)) - raft.server.log.appender.buffer.byte-limit = 33554432 (custom)
2023-05-03 09:47:06,564 [pool-385-thread-1] INFO  server.RaftServerConfigKeys (ConfUtils.java:logGet(46)) - raft.server.log.statemachine.data.read.timeout = 1000ms (default)
2023-05-03 09:47:06,564 [pool-385-thread-1] INFO  server.RaftServerConfigKeys (ConfUtils.java:logGet(46)) - raft.server.log.purge.preservation.log.num = 0 (default)
2023-05-03 09:47:06,564 [pool-385-thread-1] INFO  server.RaftServerConfigKeys (ConfUtils.java:logGet(46)) - raft.server.log.segment.size.max = 1048576 (custom)
2023-05-03 09:47:06,564 [pool-385-thread-1] INFO  server.RaftServerConfigKeys (ConfUtils.java:logGet(46)) - raft.server.log.segment.cache.num.max = 2 (custom)
2023-05-03 09:47:06,564 [pool-385-thread-1] INFO  server.RaftServerConfigKeys (ConfUtils.java:logGet(46)) - raft.server.log.segment.cache.size.max = 200MB (=209715200) (default)
2023-05-03 09:47:06,564 [pool-385-thread-1] INFO  segmented.SegmentedRaftLogWorker (SegmentedRaftLogWorker.java:<init>(189)) - new 8cc5b195-cf3c-407e-b278-6945ef8abe82@group-9CA73B9EA204-SegmentedRaftLogWorker for RaftStorageImpl:Storage Directory /home/runner/work/ozone/ozone/hadoop-ozone/integration-test/target/test-dir/MiniOzoneClusterImpl-1ffe41d3-309f-458f-85b5-47035b7448ff/datanode-2/data/ratis/7ed62545-e1cd-421a-bf19-9ca73b9ea204
2023-05-03 09:47:06,564 [pool-385-thread-1] INFO  server.RaftServerConfigKeys (ConfUtils.java:logGet(46)) - raft.server.log.queue.byte-limit = 4294967296 (custom)
2023-05-03 09:47:06,564 [pool-385-thread-1] INFO  server.RaftServerConfigKeys (ConfUtils.java:logGet(46)) - raft.server.log.queue.element-limit = 1024 (custom)
2023-05-03 09:47:06,564 [pool-385-thread-1] INFO  server.RaftServerConfigKeys (ConfUtils.java:logGet(46)) - raft.server.log.segment.size.max = 1048576 (custom)
2023-05-03 09:47:06,564 [pool-385-thread-1] INFO  server.RaftServerConfigKeys (ConfUtils.java:logGet(46)) - raft.server.log.preallocated.size = 16384 (custom)
2023-05-03 09:47:06,564 [pool-385-thread-1] INFO  server.RaftServerConfigKeys (ConfUtils.java:logGet(46)) - raft.server.log.force.sync.num = 128 (default)
2023-05-03 09:47:06,564 [pool-385-thread-1] INFO  server.RaftServerConfigKeys (ConfUtils.java:logGet(46)) - raft.server.log.statemachine.data.sync = true (default)
2023-05-03 09:47:06,564 [pool-385-thread-1] INFO  server.RaftServerConfigKeys (ConfUtils.java:logGet(46)) - raft.server.log.statemachine.data.sync.timeout = 10s (default)
2023-05-03 09:47:06,564 [pool-385-thread-1] INFO  server.RaftServerConfigKeys (ConfUtils.java:logGet(46)) - raft.server.log.statemachine.data.sync.timeout.retry = -1 (default)
2023-05-03 09:47:06,565 [pool-385-thread-1] INFO  server.RaftServerConfigKeys (ConfUtils.java:logGet(46)) - raft.server.log.write.buffer.size = 1048576 (custom)
2023-05-03 09:47:06,566 [pool-385-thread-1] INFO  server.RaftServerConfigKeys (ConfUtils.java:logGet(46)) - raft.server.log.appender.buffer.byte-limit = 33554432 (custom)
2023-05-03 09:47:06,571 [pool-385-thread-1] INFO  server.RaftServerConfigKeys (ConfUtils.java:logGet(46)) - raft.server.log.unsafe-flush.enabled = false (default)
2023-05-03 09:47:06,571 [pool-385-thread-1] INFO  server.RaftServerConfigKeys (ConfUtils.java:logGet(46)) - raft.server.log.async-flush.enabled = false (default)
2023-05-03 09:47:06,572 [pool-385-thread-1] INFO  server.RaftServerConfigKeys (ConfUtils.java:logGet(46)) - raft.server.log.statemachine.data.caching.enabled = true (custom)
2023-05-03 09:47:06,572 [pool-385-thread-1] INFO  segmented.SegmentedRaftLogWorker (SegmentedRaftLogWorker.java:lambda$new$0(135)) - 8cc5b195-cf3c-407e-b278-6945ef8abe82@group-9CA73B9EA204-SegmentedRaftLogWorker: flushIndex: setUnconditionally 0 -> -1
2023-05-03 09:47:06,572 [pool-385-thread-1] INFO  segmented.SegmentedRaftLogWorker (SegmentedRaftLogWorker.java:lambda$new$0(135)) - 8cc5b195-cf3c-407e-b278-6945ef8abe82@group-9CA73B9EA204-SegmentedRaftLogWorker: safeCacheEvictIndex: setUnconditionally 0 -> -1
2023-05-03 09:47:06,572 [pool-385-thread-1] INFO  server.RaftServer$Division (RaftServerImpl.java:start(334)) - 8cc5b195-cf3c-407e-b278-6945ef8abe82@group-9CA73B9EA204: start as a follower, conf=-1: peers:[bc491111-3fed-428a-bcdf-e8e8db9b92ff|rpc:10.1.0.194:34775|dataStream:10.1.0.194:34691|priority:0|startupRole:FOLLOWER, 8cc5b195-cf3c-407e-b278-6945ef8abe82|rpc:10.1.0.194:42993|dataStream:10.1.0.194:35035|priority:1|startupRole:FOLLOWER, b6ef2b53-fb64-4342-8f97-d03ee9e71060|rpc:10.1.0.194:44427|dataStream:10.1.0.194:42439|priority:0|startupRole:FOLLOWER]|listeners:[], old=null
2023-05-03 09:47:06,572 [pool-385-thread-1] INFO  server.RaftServer$Division (RaftServerImpl.java:setRole(321)) - 8cc5b195-cf3c-407e-b278-6945ef8abe82@group-9CA73B9EA204: changes role from      null to FOLLOWER at term 0 for startAsFollower
2023-05-03 09:47:06,572 [pool-385-thread-1] INFO  impl.RoleInfo (RoleInfo.java:updateAndGet(139)) - 8cc5b195-cf3c-407e-b278-6945ef8abe82: start 8cc5b195-cf3c-407e-b278-6945ef8abe82@group-9CA73B9EA204-FollowerState
2023-05-03 09:47:06,580 [pool-385-thread-1] INFO  util.JmxRegister (JmxRegister.java:tryRegister(44)) - Successfully registered JMX Bean with object name Ratis:service=RaftServer,group=group-9CA73B9EA204,id=8cc5b195-cf3c-407e-b278-6945ef8abe82
2023-05-03 09:47:06,580 [pool-385-thread-1] INFO  server.RaftServerConfigKeys (ConfUtils.java:logGet(46)) - raft.server.snapshot.auto.trigger.enabled = true (custom)
2023-05-03 09:47:06,580 [pool-385-thread-1] INFO  server.RaftServerConfigKeys (ConfUtils.java:logGet(46)) - raft.server.snapshot.auto.trigger.threshold = 10000 (custom)
2023-05-03 09:47:06,580 [pool-385-thread-1] INFO  server.RaftServerConfigKeys (ConfUtils.java:logGet(46)) - raft.server.snapshot.retention.file.num = 5 (custom)
2023-05-03 09:47:06,580 [pool-385-thread-1] INFO  server.RaftServerConfigKeys (ConfUtils.java:logGet(46)) - raft.server.log.purge.upto.snapshot.index = false (default)
2023-05-03 09:47:06,581 [8cc5b195-cf3c-407e-b278-6945ef8abe82@group-9CA73B9EA204-FollowerState] INFO  server.RaftServerConfigKeys (ConfUtils.java:logFallback(53)) - raft.server.rpc.first-election.timeout.min = 5s (fallback to raft.server.rpc.timeout.min)
2023-05-03 09:47:06,581 [8cc5b195-cf3c-407e-b278-6945ef8abe82@group-9CA73B9EA204-FollowerState] INFO  server.RaftServerConfigKeys (ConfUtils.java:logFallback(53)) - raft.server.rpc.first-election.timeout.max = 5200ms (fallback to raft.server.rpc.timeout.max)
2023-05-03 09:47:06,586 [Command processor thread] INFO  commandhandler.CreatePipelineCommandHandler (CreatePipelineCommandHandler.java:handle(113)) - Created Pipeline RATIS THREE PipelineID=7ed62545-e1cd-421a-bf19-9ca73b9ea204.
2023-05-03 09:47:06,666 [Command processor thread] INFO  server.RaftServer (RaftServerProxy.java:addNew(96)) - bc491111-3fed-428a-bcdf-e8e8db9b92ff: addNew group-A196572FD212:[bc491111-3fed-428a-bcdf-e8e8db9b92ff|rpc:10.1.0.194:34775|dataStream:10.1.0.194:34691|priority:1|startupRole:FOLLOWER] returns group-A196572FD212:java.util.concurrent.CompletableFuture@164b3efc[Not completed]
2023-05-03 09:47:06,667 [pool-363-thread-1] INFO  server.RaftServer$Division (RaftServerImpl.java:<init>(195)) - bc491111-3fed-428a-bcdf-e8e8db9b92ff: new RaftServerImpl for group-A196572FD212:[bc491111-3fed-428a-bcdf-e8e8db9b92ff|rpc:10.1.0.194:34775|dataStream:10.1.0.194:34691|priority:1|startupRole:FOLLOWER] with ContainerStateMachine:uninitialized
2023-05-03 09:47:06,667 [pool-363-thread-1] INFO  server.RaftServerConfigKeys (ConfUtils.java:logGet(46)) - raft.server.rpc.timeout.min = 5s (custom)
2023-05-03 09:47:06,667 [pool-363-thread-1] INFO  server.RaftServerConfigKeys (ConfUtils.java:logGet(46)) - raft.server.rpc.timeout.max = 5200ms (custom)
2023-05-03 09:47:06,667 [pool-363-thread-1] INFO  server.RaftServerConfigKeys (ConfUtils.java:logGet(46)) - raft.server.rpc.sleep.time = 25ms (default)
2023-05-03 09:47:06,667 [pool-363-thread-1] INFO  server.RaftServerConfigKeys (ConfUtils.java:logGet(46)) - raft.server.rpc.slowness.timeout = 300s (custom)
2023-05-03 09:47:06,667 [pool-363-thread-1] INFO  server.RaftServerConfigKeys (ConfUtils.java:logGet(46)) - raft.server.leaderelection.leader.step-down.wait-time = 10s (default)
2023-05-03 09:47:06,667 [pool-363-thread-1] INFO  server.RaftServerConfigKeys (ConfUtils.java:logGet(46)) - raft.server.sleep.deviation.threshold = 300ms (default)
2023-05-03 09:47:06,667 [pool-363-thread-1] INFO  server.RaftServer$Division (ServerState.java:<init>(118)) - bc491111-3fed-428a-bcdf-e8e8db9b92ff@group-A196572FD212: ConfigurationManager, init=-1: peers:[bc491111-3fed-428a-bcdf-e8e8db9b92ff|rpc:10.1.0.194:34775|dataStream:10.1.0.194:34691|priority:1|startupRole:FOLLOWER]|listeners:[], old=null, confs=<EMPTY_MAP>
2023-05-03 09:47:06,667 [pool-363-thread-1] INFO  server.RaftServerConfigKeys (ConfUtils.java:logGet(46)) - raft.server.storage.dir = [/home/runner/work/ozone/ozone/hadoop-ozone/integration-test/target/test-dir/MiniOzoneClusterImpl-1ffe41d3-309f-458f-85b5-47035b7448ff/datanode-1/data/ratis] (custom)
2023-05-03 09:47:06,667 [pool-363-thread-1] INFO  server.RaftServerConfigKeys (ConfUtils.java:logGet(46)) - raft.server.log.corruption.policy = EXCEPTION (default)
2023-05-03 09:47:06,668 [pool-363-thread-1] INFO  server.RaftServerConfigKeys (ConfUtils.java:logGet(46)) - raft.server.storage.free-space.min = 0MB (=0) (default)
2023-05-03 09:47:06,668 [pool-363-thread-1] INFO  server.RaftServerConfigKeys (ConfUtils.java:logGet(46)) - raft.server.notification.no-leader.timeout = 300s (custom)
2023-05-03 09:47:06,668 [pool-363-thread-1] INFO  server.RaftServerConfigKeys (ConfUtils.java:logGet(46)) - raft.server.retrycache.expirytime = 600000ms (custom)
2023-05-03 09:47:06,668 [pool-363-thread-1] INFO  server.RaftServerConfigKeys (ConfUtils.java:logGet(46)) - raft.server.retrycache.statistics.expirytime = 100μs (default)
2023-05-03 09:47:06,668 [pool-363-thread-1] INFO  server.RaftServerConfigKeys (ConfUtils.java:logGet(46)) - raft.server.log.appender.install.snapshot.enabled = false (custom)
2023-05-03 09:47:06,668 [pool-363-thread-1] INFO  server.RaftServerConfigKeys (ConfUtils.java:logGet(46)) - raft.server.threadpool.server.cached = true (default)
2023-05-03 09:47:06,668 [pool-363-thread-1] INFO  server.RaftServerConfigKeys (ConfUtils.java:logGet(46)) - raft.server.threadpool.server.size = 0 (default)
2023-05-03 09:47:06,668 [pool-363-thread-1] INFO  server.RaftServerConfigKeys (ConfUtils.java:logGet(46)) - raft.server.threadpool.client.cached = true (default)
2023-05-03 09:47:06,668 [pool-363-thread-1] INFO  server.RaftServerConfigKeys (ConfUtils.java:logGet(46)) - raft.server.threadpool.client.size = 0 (default)
2023-05-03 09:47:06,669 [pool-363-thread-1] INFO  storage.RaftStorageDirectory (RaftStorageDirectoryImpl.java:analyzeStorage(137)) - The storage directory /home/runner/work/ozone/ozone/hadoop-ozone/integration-test/target/test-dir/MiniOzoneClusterImpl-1ffe41d3-309f-458f-85b5-47035b7448ff/datanode-1/data/ratis/c1619403-5d08-4edf-876d-a196572fd212 does not exist. Creating ...
2023-05-03 09:47:06,670 [pool-363-thread-1] INFO  storage.RaftStorageDirectory (RaftStorageDirectoryImpl.java:tryLock(231)) - Lock on /home/runner/work/ozone/ozone/hadoop-ozone/integration-test/target/test-dir/MiniOzoneClusterImpl-1ffe41d3-309f-458f-85b5-47035b7448ff/datanode-1/data/ratis/c1619403-5d08-4edf-876d-a196572fd212/in_use.lock acquired by nodename 7780@fv-az139-793
2023-05-03 09:47:06,671 [pool-363-thread-1] INFO  storage.RaftStorage (RaftStorageImpl.java:format(96)) - Storage directory /home/runner/work/ozone/ozone/hadoop-ozone/integration-test/target/test-dir/MiniOzoneClusterImpl-1ffe41d3-309f-458f-85b5-47035b7448ff/datanode-1/data/ratis/c1619403-5d08-4edf-876d-a196572fd212 has been successfully formatted.
2023-05-03 09:47:06,672 [pool-363-thread-1] INFO  ratis.ContainerStateMachine (ContainerStateMachine.java:loadSnapshot(262)) - group-A196572FD212: The snapshot info is null. Setting the last applied indexto:(t:0, i:~)
2023-05-03 09:47:06,672 [pool-363-thread-1] INFO  server.RaftServerConfigKeys (ConfUtils.java:logGet(46)) - raft.server.log.use.memory = false (default)
2023-05-03 09:47:06,672 [pool-363-thread-1] INFO  server.RaftServerConfigKeys (ConfUtils.java:logGet(46)) - raft.server.log.purge.gap = 1000000 (custom)
2023-05-03 09:47:06,672 [pool-363-thread-1] INFO  server.RaftServerConfigKeys (ConfUtils.java:logGet(46)) - raft.server.log.appender.buffer.byte-limit = 33554432 (custom)
2023-05-03 09:47:06,672 [pool-363-thread-1] INFO  server.RaftServerConfigKeys (ConfUtils.java:logGet(46)) - raft.server.log.statemachine.data.read.timeout = 1000ms (default)
2023-05-03 09:47:06,672 [pool-363-thread-1] INFO  server.RaftServerConfigKeys (ConfUtils.java:logGet(46)) - raft.server.log.purge.preservation.log.num = 0 (default)
2023-05-03 09:47:06,673 [EventQueue-PipelineReportForPipelineReportHandler] INFO  pipeline.PipelineManagerImpl (PipelineManagerImpl.java:openPipeline(367)) - Pipeline Pipeline[ Id: c1619403-5d08-4edf-876d-a196572fd212, Nodes: bc491111-3fed-428a-bcdf-e8e8db9b92ff(fv-az139-793.t0dryja4c43urhy2nvp0adewnd.cx.internal.cloudapp.net/10.1.0.194), ReplicationConfig: RATIS/ONE, State:ALLOCATED, leaderId:bc491111-3fed-428a-bcdf-e8e8db9b92ff, CreationTimestamp2023-05-03T09:47:03.682Z[Etc/UTC]] moved to OPEN state
2023-05-03 09:47:06,673 [EventQueue-OpenPipelineForHealthyPipelineSafeModeRule] INFO  safemode.SCMSafeModeManager (HealthyPipelineSafeModeRule.java:process(137)) - SCM in safe mode. Healthy pipelines reported count is 0, required healthy pipeline reported count is 1
2023-05-03 09:47:06,673 [pool-363-thread-1] INFO  server.RaftServerConfigKeys (ConfUtils.java:logGet(46)) - raft.server.log.segment.size.max = 1048576 (custom)
2023-05-03 09:47:06,674 [pool-363-thread-1] INFO  server.RaftServerConfigKeys (ConfUtils.java:logGet(46)) - raft.server.log.segment.cache.num.max = 2 (custom)
2023-05-03 09:47:06,674 [pool-363-thread-1] INFO  server.RaftServerConfigKeys (ConfUtils.java:logGet(46)) - raft.server.log.segment.cache.size.max = 200MB (=209715200) (default)
2023-05-03 09:47:06,674 [pool-363-thread-1] INFO  segmented.SegmentedRaftLogWorker (SegmentedRaftLogWorker.java:<init>(189)) - new bc491111-3fed-428a-bcdf-e8e8db9b92ff@group-A196572FD212-SegmentedRaftLogWorker for RaftStorageImpl:Storage Directory /home/runner/work/ozone/ozone/hadoop-ozone/integration-test/target/test-dir/MiniOzoneClusterImpl-1ffe41d3-309f-458f-85b5-47035b7448ff/datanode-1/data/ratis/c1619403-5d08-4edf-876d-a196572fd212
2023-05-03 09:47:06,674 [pool-363-thread-1] INFO  server.RaftServerConfigKeys (ConfUtils.java:logGet(46)) - raft.server.log.queue.byte-limit = 4294967296 (custom)
2023-05-03 09:47:06,674 [pool-363-thread-1] INFO  server.RaftServerConfigKeys (ConfUtils.java:logGet(46)) - raft.server.log.queue.element-limit = 1024 (custom)
2023-05-03 09:47:06,674 [pool-363-thread-1] INFO  server.RaftServerConfigKeys (ConfUtils.java:logGet(46)) - raft.server.log.segment.size.max = 1048576 (custom)
2023-05-03 09:47:06,674 [pool-363-thread-1] INFO  server.RaftServerConfigKeys (ConfUtils.java:logGet(46)) - raft.server.log.preallocated.size = 16384 (custom)
2023-05-03 09:47:06,674 [pool-363-thread-1] INFO  server.RaftServerConfigKeys (ConfUtils.java:logGet(46)) - raft.server.log.force.sync.num = 128 (default)
2023-05-03 09:47:06,674 [pool-363-thread-1] INFO  server.RaftServerConfigKeys (ConfUtils.java:logGet(46)) - raft.server.log.statemachine.data.sync = true (default)
2023-05-03 09:47:06,674 [pool-363-thread-1] INFO  server.RaftServerConfigKeys (ConfUtils.java:logGet(46)) - raft.server.log.statemachine.data.sync.timeout = 10s (default)
2023-05-03 09:47:06,674 [pool-363-thread-1] INFO  server.RaftServerConfigKeys (ConfUtils.java:logGet(46)) - raft.server.log.statemachine.data.sync.timeout.retry = -1 (default)
2023-05-03 09:47:06,675 [pool-363-thread-1] INFO  server.RaftServerConfigKeys (ConfUtils.java:logGet(46)) - raft.server.log.write.buffer.size = 1048576 (custom)
2023-05-03 09:47:06,675 [pool-363-thread-1] INFO  server.RaftServerConfigKeys (ConfUtils.java:logGet(46)) - raft.server.log.appender.buffer.byte-limit = 33554432 (custom)
2023-05-03 09:47:06,678 [pool-363-thread-1] INFO  server.RaftServerConfigKeys (ConfUtils.java:logGet(46)) - raft.server.log.unsafe-flush.enabled = false (default)
2023-05-03 09:47:06,678 [pool-363-thread-1] INFO  server.RaftServerConfigKeys (ConfUtils.java:logGet(46)) - raft.server.log.async-flush.enabled = false (default)
2023-05-03 09:47:06,678 [pool-363-thread-1] INFO  server.RaftServerConfigKeys (ConfUtils.java:logGet(46)) - raft.server.log.statemachine.data.caching.enabled = true (custom)
2023-05-03 09:47:06,679 [pool-363-thread-1] INFO  segmented.SegmentedRaftLogWorker (SegmentedRaftLogWorker.java:lambda$new$0(135)) - bc491111-3fed-428a-bcdf-e8e8db9b92ff@group-A196572FD212-SegmentedRaftLogWorker: flushIndex: setUnconditionally 0 -> -1
2023-05-03 09:47:06,679 [pool-363-thread-1] INFO  segmented.SegmentedRaftLogWorker (SegmentedRaftLogWorker.java:lambda$new$0(135)) - bc491111-3fed-428a-bcdf-e8e8db9b92ff@group-A196572FD212-SegmentedRaftLogWorker: safeCacheEvictIndex: setUnconditionally 0 -> -1
2023-05-03 09:47:06,679 [pool-363-thread-1] INFO  server.RaftServer$Division (RaftServerImpl.java:start(334)) - bc491111-3fed-428a-bcdf-e8e8db9b92ff@group-A196572FD212: start as a follower, conf=-1: peers:[bc491111-3fed-428a-bcdf-e8e8db9b92ff|rpc:10.1.0.194:34775|dataStream:10.1.0.194:34691|priority:1|startupRole:FOLLOWER]|listeners:[], old=null
2023-05-03 09:47:06,679 [pool-363-thread-1] INFO  server.RaftServer$Division (RaftServerImpl.java:setRole(321)) - bc491111-3fed-428a-bcdf-e8e8db9b92ff@group-A196572FD212: changes role from      null to FOLLOWER at term 0 for startAsFollower
2023-05-03 09:47:06,679 [pool-363-thread-1] INFO  impl.RoleInfo (RoleInfo.java:updateAndGet(139)) - bc491111-3fed-428a-bcdf-e8e8db9b92ff: start bc491111-3fed-428a-bcdf-e8e8db9b92ff@group-A196572FD212-FollowerState
2023-05-03 09:47:06,679 [pool-363-thread-1] INFO  util.JmxRegister (JmxRegister.java:tryRegister(44)) - Successfully registered JMX Bean with object name Ratis:service=RaftServer,group=group-A196572FD212,id=bc491111-3fed-428a-bcdf-e8e8db9b92ff
2023-05-03 09:47:06,679 [pool-363-thread-1] INFO  server.RaftServerConfigKeys (ConfUtils.java:logGet(46)) - raft.server.snapshot.auto.trigger.enabled = true (custom)
2023-05-03 09:47:06,679 [pool-363-thread-1] INFO  server.RaftServerConfigKeys (ConfUtils.java:logGet(46)) - raft.server.snapshot.auto.trigger.threshold = 10000 (custom)
2023-05-03 09:47:06,679 [pool-363-thread-1] INFO  server.RaftServerConfigKeys (ConfUtils.java:logGet(46)) - raft.server.snapshot.retention.file.num = 5 (custom)
2023-05-03 09:47:06,679 [pool-363-thread-1] INFO  server.RaftServerConfigKeys (ConfUtils.java:logGet(46)) - raft.server.log.purge.upto.snapshot.index = false (default)
2023-05-03 09:47:06,680 [bc491111-3fed-428a-bcdf-e8e8db9b92ff@group-A196572FD212-FollowerState] INFO  server.RaftServerConfigKeys (ConfUtils.java:logFallback(53)) - raft.server.rpc.first-election.timeout.min = 5s (fallback to raft.server.rpc.timeout.min)
2023-05-03 09:47:06,680 [bc491111-3fed-428a-bcdf-e8e8db9b92ff@group-A196572FD212-FollowerState] INFO  server.RaftServerConfigKeys (ConfUtils.java:logFallback(53)) - raft.server.rpc.first-election.timeout.max = 5200ms (fallback to raft.server.rpc.timeout.max)
2023-05-03 09:47:06,682 [Command processor thread] INFO  ratis.XceiverServerRatis (XceiverServerRatis.java:addGroup(806)) - Created group PipelineID=c1619403-5d08-4edf-876d-a196572fd212
2023-05-03 09:47:06,682 [Command processor thread] INFO  commandhandler.CreatePipelineCommandHandler (CreatePipelineCommandHandler.java:handle(113)) - Created Pipeline RATIS ONE PipelineID=c1619403-5d08-4edf-876d-a196572fd212.
2023-05-03 09:47:06,988 [Command processor thread] INFO  server.RaftServer (RaftServerProxy.java:addNew(96)) - 8cc5b195-cf3c-407e-b278-6945ef8abe82: addNew group-51C4CB86561A:[8cc5b195-cf3c-407e-b278-6945ef8abe82|rpc:10.1.0.194:42993|dataStream:10.1.0.194:35035|priority:1|startupRole:FOLLOWER] returns group-51C4CB86561A:java.util.concurrent.CompletableFuture@5e79a24a[Not completed]
2023-05-03 09:47:06,989 [pool-385-thread-1] INFO  server.RaftServer$Division (RaftServerImpl.java:<init>(195)) - 8cc5b195-cf3c-407e-b278-6945ef8abe82: new RaftServerImpl for group-51C4CB86561A:[8cc5b195-cf3c-407e-b278-6945ef8abe82|rpc:10.1.0.194:42993|dataStream:10.1.0.194:35035|priority:1|startupRole:FOLLOWER] with ContainerStateMachine:uninitialized
2023-05-03 09:47:06,989 [pool-385-thread-1] INFO  server.RaftServerConfigKeys (ConfUtils.java:logGet(46)) - raft.server.rpc.timeout.min = 5s (custom)
2023-05-03 09:47:06,989 [pool-385-thread-1] INFO  server.RaftServerConfigKeys (ConfUtils.java:logGet(46)) - raft.server.rpc.timeout.max = 5200ms (custom)
2023-05-03 09:47:06,989 [pool-385-thread-1] INFO  server.RaftServerConfigKeys (ConfUtils.java:logGet(46)) - raft.server.rpc.sleep.time = 25ms (default)
2023-05-03 09:47:06,989 [pool-385-thread-1] INFO  server.RaftServerConfigKeys (ConfUtils.java:logGet(46)) - raft.server.rpc.slowness.timeout = 300s (custom)
2023-05-03 09:47:06,989 [pool-385-thread-1] INFO  server.RaftServerConfigKeys (ConfUtils.java:logGet(46)) - raft.server.leaderelection.leader.step-down.wait-time = 10s (default)
2023-05-03 09:47:06,989 [pool-385-thread-1] INFO  server.RaftServerConfigKeys (ConfUtils.java:logGet(46)) - raft.server.sleep.deviation.threshold = 300ms (default)
2023-05-03 09:47:06,990 [pool-385-thread-1] INFO  server.RaftServer$Division (ServerState.java:<init>(118)) - 8cc5b195-cf3c-407e-b278-6945ef8abe82@group-51C4CB86561A: ConfigurationManager, init=-1: peers:[8cc5b195-cf3c-407e-b278-6945ef8abe82|rpc:10.1.0.194:42993|dataStream:10.1.0.194:35035|priority:1|startupRole:FOLLOWER]|listeners:[], old=null, confs=<EMPTY_MAP>
2023-05-03 09:47:06,990 [Listener at 127.0.0.1/33355] INFO  ozone.MiniOzoneClusterImpl (MiniOzoneClusterImpl.java:lambda$waitForClusterToBeReady$0(223)) - Nodes are ready. Got 3 of 3 DN Heartbeats.
2023-05-03 09:47:06,990 [Listener at 127.0.0.1/33355] INFO  ozone.MiniOzoneClusterImpl (MiniOzoneClusterImpl.java:lambda$waitForClusterToBeReady$0(226)) - Waiting for cluster to exit safe mode
2023-05-03 09:47:06,990 [Listener at 127.0.0.1/33355] INFO  ozone.MiniOzoneClusterImpl (MiniOzoneClusterImpl.java:lambda$waitForClusterToBeReady$0(228)) - SCM became leader
2023-05-03 09:47:06,990 [pool-385-thread-1] INFO  server.RaftServerConfigKeys (ConfUtils.java:logGet(46)) - raft.server.storage.dir = [/home/runner/work/ozone/ozone/hadoop-ozone/integration-test/target/test-dir/MiniOzoneClusterImpl-1ffe41d3-309f-458f-85b5-47035b7448ff/datanode-2/data/ratis] (custom)
2023-05-03 09:47:06,990 [pool-385-thread-1] INFO  server.RaftServerConfigKeys (ConfUtils.java:logGet(46)) - raft.server.log.corruption.policy = EXCEPTION (default)
2023-05-03 09:47:06,990 [pool-385-thread-1] INFO  server.RaftServerConfigKeys (ConfUtils.java:logGet(46)) - raft.server.storage.free-space.min = 0MB (=0) (default)
2023-05-03 09:47:06,990 [pool-385-thread-1] INFO  server.RaftServerConfigKeys (ConfUtils.java:logGet(46)) - raft.server.notification.no-leader.timeout = 300s (custom)
2023-05-03 09:47:06,990 [pool-385-thread-1] INFO  server.RaftServerConfigKeys (ConfUtils.java:logGet(46)) - raft.server.retrycache.expirytime = 600000ms (custom)
2023-05-03 09:47:06,990 [pool-385-thread-1] INFO  server.RaftServerConfigKeys (ConfUtils.java:logGet(46)) - raft.server.retrycache.statistics.expirytime = 100μs (default)
2023-05-03 09:47:06,991 [pool-385-thread-1] INFO  server.RaftServerConfigKeys (ConfUtils.java:logGet(46)) - raft.server.log.appender.install.snapshot.enabled = false (custom)
2023-05-03 09:47:06,991 [pool-385-thread-1] INFO  server.RaftServerConfigKeys (ConfUtils.java:logGet(46)) - raft.server.threadpool.server.cached = true (default)
2023-05-03 09:47:06,991 [pool-385-thread-1] INFO  server.RaftServerConfigKeys (ConfUtils.java:logGet(46)) - raft.server.threadpool.server.size = 0 (default)
2023-05-03 09:47:06,991 [pool-385-thread-1] INFO  server.RaftServerConfigKeys (ConfUtils.java:logGet(46)) - raft.server.threadpool.client.cached = true (default)
2023-05-03 09:47:06,991 [pool-385-thread-1] INFO  server.RaftServerConfigKeys (ConfUtils.java:logGet(46)) - raft.server.threadpool.client.size = 0 (default)
2023-05-03 09:47:06,991 [pool-385-thread-1] INFO  storage.RaftStorageDirectory (RaftStorageDirectoryImpl.java:analyzeStorage(137)) - The storage directory /home/runner/work/ozone/ozone/hadoop-ozone/integration-test/target/test-dir/MiniOzoneClusterImpl-1ffe41d3-309f-458f-85b5-47035b7448ff/datanode-2/data/ratis/7fa99cf2-3f1f-4a57-a668-51c4cb86561a does not exist. Creating ...
2023-05-03 09:47:06,992 [pool-385-thread-1] INFO  storage.RaftStorageDirectory (RaftStorageDirectoryImpl.java:tryLock(231)) - Lock on /home/runner/work/ozone/ozone/hadoop-ozone/integration-test/target/test-dir/MiniOzoneClusterImpl-1ffe41d3-309f-458f-85b5-47035b7448ff/datanode-2/data/ratis/7fa99cf2-3f1f-4a57-a668-51c4cb86561a/in_use.lock acquired by nodename 7780@fv-az139-793
2023-05-03 09:47:06,993 [pool-385-thread-1] INFO  storage.RaftStorage (RaftStorageImpl.java:format(96)) - Storage directory /home/runner/work/ozone/ozone/hadoop-ozone/integration-test/target/test-dir/MiniOzoneClusterImpl-1ffe41d3-309f-458f-85b5-47035b7448ff/datanode-2/data/ratis/7fa99cf2-3f1f-4a57-a668-51c4cb86561a has been successfully formatted.
2023-05-03 09:47:06,993 [pool-385-thread-1] INFO  ratis.ContainerStateMachine (ContainerStateMachine.java:loadSnapshot(262)) - group-51C4CB86561A: The snapshot info is null. Setting the last applied indexto:(t:0, i:~)
2023-05-03 09:47:06,993 [pool-385-thread-1] INFO  server.RaftServerConfigKeys (ConfUtils.java:logGet(46)) - raft.server.log.use.memory = false (default)
2023-05-03 09:47:06,994 [pool-385-thread-1] INFO  server.RaftServerConfigKeys (ConfUtils.java:logGet(46)) - raft.server.log.purge.gap = 1000000 (custom)
2023-05-03 09:47:06,995 [EventQueue-PipelineReportForPipelineReportHandler] INFO  pipeline.PipelineManagerImpl (PipelineManagerImpl.java:openPipeline(367)) - Pipeline Pipeline[ Id: 7fa99cf2-3f1f-4a57-a668-51c4cb86561a, Nodes: 8cc5b195-cf3c-407e-b278-6945ef8abe82(fv-az139-793.t0dryja4c43urhy2nvp0adewnd.cx.internal.cloudapp.net/10.1.0.194), ReplicationConfig: RATIS/ONE, State:ALLOCATED, leaderId:8cc5b195-cf3c-407e-b278-6945ef8abe82, CreationTimestamp2023-05-03T09:47:03.990Z[Etc/UTC]] moved to OPEN state
2023-05-03 09:47:06,995 [pool-385-thread-1] INFO  server.RaftServerConfigKeys (ConfUtils.java:logGet(46)) - raft.server.log.appender.buffer.byte-limit = 33554432 (custom)
2023-05-03 09:47:06,995 [EventQueue-OpenPipelineForHealthyPipelineSafeModeRule] INFO  safemode.SCMSafeModeManager (HealthyPipelineSafeModeRule.java:process(137)) - SCM in safe mode. Healthy pipelines reported count is 0, required healthy pipeline reported count is 1
2023-05-03 09:47:06,996 [pool-385-thread-1] INFO  server.RaftServerConfigKeys (ConfUtils.java:logGet(46)) - raft.server.log.statemachine.data.read.timeout = 1000ms (default)
2023-05-03 09:47:06,996 [pool-385-thread-1] INFO  server.RaftServerConfigKeys (ConfUtils.java:logGet(46)) - raft.server.log.purge.preservation.log.num = 0 (default)
2023-05-03 09:47:06,996 [pool-385-thread-1] INFO  server.RaftServerConfigKeys (ConfUtils.java:logGet(46)) - raft.server.log.segment.size.max = 1048576 (custom)
2023-05-03 09:47:06,996 [pool-385-thread-1] INFO  server.RaftServerConfigKeys (ConfUtils.java:logGet(46)) - raft.server.log.segment.cache.num.max = 2 (custom)
2023-05-03 09:47:06,996 [pool-385-thread-1] INFO  server.RaftServerConfigKeys (ConfUtils.java:logGet(46)) - raft.server.log.segment.cache.size.max = 200MB (=209715200) (default)
2023-05-03 09:47:06,996 [pool-385-thread-1] INFO  segmented.SegmentedRaftLogWorker (SegmentedRaftLogWorker.java:<init>(189)) - new 8cc5b195-cf3c-407e-b278-6945ef8abe82@group-51C4CB86561A-SegmentedRaftLogWorker for RaftStorageImpl:Storage Directory /home/runner/work/ozone/ozone/hadoop-ozone/integration-test/target/test-dir/MiniOzoneClusterImpl-1ffe41d3-309f-458f-85b5-47035b7448ff/datanode-2/data/ratis/7fa99cf2-3f1f-4a57-a668-51c4cb86561a
2023-05-03 09:47:06,996 [pool-385-thread-1] INFO  server.RaftServerConfigKeys (ConfUtils.java:logGet(46)) - raft.server.log.queue.byte-limit = 4294967296 (custom)
2023-05-03 09:47:06,996 [pool-385-thread-1] INFO  server.RaftServerConfigKeys (ConfUtils.java:logGet(46)) - raft.server.log.queue.element-limit = 1024 (custom)
2023-05-03 09:47:06,996 [pool-385-thread-1] INFO  server.RaftServerConfigKeys (ConfUtils.java:logGet(46)) - raft.server.log.segment.size.max = 1048576 (custom)
2023-05-03 09:47:06,996 [pool-385-thread-1] INFO  server.RaftServerConfigKeys (ConfUtils.java:logGet(46)) - raft.server.log.preallocated.size = 16384 (custom)
2023-05-03 09:47:06,996 [pool-385-thread-1] INFO  server.RaftServerConfigKeys (ConfUtils.java:logGet(46)) - raft.server.log.force.sync.num = 128 (default)
2023-05-03 09:47:06,996 [pool-385-thread-1] INFO  server.RaftServerConfigKeys (ConfUtils.java:logGet(46)) - raft.server.log.statemachine.data.sync = true (default)
2023-05-03 09:47:06,997 [pool-385-thread-1] INFO  server.RaftServerConfigKeys (ConfUtils.java:logGet(46)) - raft.server.log.statemachine.data.sync.timeout = 10s (default)
2023-05-03 09:47:06,997 [pool-385-thread-1] INFO  server.RaftServerConfigKeys (ConfUtils.java:logGet(46)) - raft.server.log.statemachine.data.sync.timeout.retry = -1 (default)
2023-05-03 09:47:06,997 [pool-385-thread-1] INFO  server.RaftServerConfigKeys (ConfUtils.java:logGet(46)) - raft.server.log.write.buffer.size = 1048576 (custom)
2023-05-03 09:47:06,998 [pool-385-thread-1] INFO  server.RaftServerConfigKeys (ConfUtils.java:logGet(46)) - raft.server.log.appender.buffer.byte-limit = 33554432 (custom)
2023-05-03 09:47:07,003 [pool-385-thread-1] INFO  server.RaftServerConfigKeys (ConfUtils.java:logGet(46)) - raft.server.log.unsafe-flush.enabled = false (default)
2023-05-03 09:47:07,003 [pool-385-thread-1] INFO  server.RaftServerConfigKeys (ConfUtils.java:logGet(46)) - raft.server.log.async-flush.enabled = false (default)
2023-05-03 09:47:07,003 [pool-385-thread-1] INFO  server.RaftServerConfigKeys (ConfUtils.java:logGet(46)) - raft.server.log.statemachine.data.caching.enabled = true (custom)
2023-05-03 09:47:07,003 [pool-385-thread-1] INFO  segmented.SegmentedRaftLogWorker (SegmentedRaftLogWorker.java:lambda$new$0(135)) - 8cc5b195-cf3c-407e-b278-6945ef8abe82@group-51C4CB86561A-SegmentedRaftLogWorker: flushIndex: setUnconditionally 0 -> -1
2023-05-03 09:47:07,005 [pool-385-thread-1] INFO  segmented.SegmentedRaftLogWorker (SegmentedRaftLogWorker.java:lambda$new$0(135)) - 8cc5b195-cf3c-407e-b278-6945ef8abe82@group-51C4CB86561A-SegmentedRaftLogWorker: safeCacheEvictIndex: setUnconditionally 0 -> -1
2023-05-03 09:47:07,005 [pool-385-thread-1] INFO  server.RaftServer$Division (RaftServerImpl.java:start(334)) - 8cc5b195-cf3c-407e-b278-6945ef8abe82@group-51C4CB86561A: start as a follower, conf=-1: peers:[8cc5b195-cf3c-407e-b278-6945ef8abe82|rpc:10.1.0.194:42993|dataStream:10.1.0.194:35035|priority:1|startupRole:FOLLOWER]|listeners:[], old=null
2023-05-03 09:47:07,005 [pool-385-thread-1] INFO  server.RaftServer$Division (RaftServerImpl.java:setRole(321)) - 8cc5b195-cf3c-407e-b278-6945ef8abe82@group-51C4CB86561A: changes role from      null to FOLLOWER at term 0 for startAsFollower
2023-05-03 09:47:07,005 [pool-385-thread-1] INFO  impl.RoleInfo (RoleInfo.java:updateAndGet(139)) - 8cc5b195-cf3c-407e-b278-6945ef8abe82: start 8cc5b195-cf3c-407e-b278-6945ef8abe82@group-51C4CB86561A-FollowerState
2023-05-03 09:47:07,006 [pool-385-thread-1] INFO  util.JmxRegister (JmxRegister.java:tryRegister(44)) - Successfully registered JMX Bean with object name Ratis:service=RaftServer,group=group-51C4CB86561A,id=8cc5b195-cf3c-407e-b278-6945ef8abe82
2023-05-03 09:47:07,006 [pool-385-thread-1] INFO  server.RaftServerConfigKeys (ConfUtils.java:logGet(46)) - raft.server.snapshot.auto.trigger.enabled = true (custom)
2023-05-03 09:47:07,006 [pool-385-thread-1] INFO  server.RaftServerConfigKeys (ConfUtils.java:logGet(46)) - raft.server.snapshot.auto.trigger.threshold = 10000 (custom)
2023-05-03 09:47:07,006 [pool-385-thread-1] INFO  server.RaftServerConfigKeys (ConfUtils.java:logGet(46)) - raft.server.snapshot.retention.file.num = 5 (custom)
2023-05-03 09:47:07,006 [pool-385-thread-1] INFO  server.RaftServerConfigKeys (ConfUtils.java:logGet(46)) - raft.server.log.purge.upto.snapshot.index = false (default)
2023-05-03 09:47:07,006 [8cc5b195-cf3c-407e-b278-6945ef8abe82@group-51C4CB86561A-FollowerState] INFO  server.RaftServerConfigKeys (ConfUtils.java:logFallback(53)) - raft.server.rpc.first-election.timeout.min = 5s (fallback to raft.server.rpc.timeout.min)
2023-05-03 09:47:07,006 [8cc5b195-cf3c-407e-b278-6945ef8abe82@group-51C4CB86561A-FollowerState] INFO  server.RaftServerConfigKeys (ConfUtils.java:logFallback(53)) - raft.server.rpc.first-election.timeout.max = 5200ms (fallback to raft.server.rpc.timeout.max)
2023-05-03 09:47:07,006 [Command processor thread] INFO  ratis.XceiverServerRatis (XceiverServerRatis.java:addGroup(806)) - Created group PipelineID=7fa99cf2-3f1f-4a57-a668-51c4cb86561a
2023-05-03 09:47:07,006 [Command processor thread] INFO  commandhandler.CreatePipelineCommandHandler (CreatePipelineCommandHandler.java:handle(113)) - Created Pipeline RATIS ONE PipelineID=7fa99cf2-3f1f-4a57-a668-51c4cb86561a.
2023-05-03 09:47:07,990 [Listener at 127.0.0.1/33355] INFO  ozone.MiniOzoneClusterImpl (MiniOzoneClusterImpl.java:lambda$waitForClusterToBeReady$0(223)) - Nodes are ready. Got 3 of 3 DN Heartbeats.
2023-05-03 09:47:07,990 [Listener at 127.0.0.1/33355] INFO  ozone.MiniOzoneClusterImpl (MiniOzoneClusterImpl.java:lambda$waitForClusterToBeReady$0(226)) - Waiting for cluster to exit safe mode
2023-05-03 09:47:07,990 [Listener at 127.0.0.1/33355] INFO  ozone.MiniOzoneClusterImpl (MiniOzoneClusterImpl.java:lambda$waitForClusterToBeReady$0(228)) - SCM became leader
2023-05-03 09:47:08,990 [Listener at 127.0.0.1/33355] INFO  ozone.MiniOzoneClusterImpl (MiniOzoneClusterImpl.java:lambda$waitForClusterToBeReady$0(223)) - Nodes are ready. Got 3 of 3 DN Heartbeats.
2023-05-03 09:47:08,991 [Listener at 127.0.0.1/33355] INFO  ozone.MiniOzoneClusterImpl (MiniOzoneClusterImpl.java:lambda$waitForClusterToBeReady$0(226)) - Waiting for cluster to exit safe mode
2023-05-03 09:47:08,991 [Listener at 127.0.0.1/33355] INFO  ozone.MiniOzoneClusterImpl (MiniOzoneClusterImpl.java:lambda$waitForClusterToBeReady$0(228)) - SCM became leader
2023-05-03 09:47:09,991 [Listener at 127.0.0.1/33355] INFO  ozone.MiniOzoneClusterImpl (MiniOzoneClusterImpl.java:lambda$waitForClusterToBeReady$0(223)) - Nodes are ready. Got 3 of 3 DN Heartbeats.
2023-05-03 09:47:09,991 [Listener at 127.0.0.1/33355] INFO  ozone.MiniOzoneClusterImpl (MiniOzoneClusterImpl.java:lambda$waitForClusterToBeReady$0(226)) - Waiting for cluster to exit safe mode
2023-05-03 09:47:09,991 [Listener at 127.0.0.1/33355] INFO  ozone.MiniOzoneClusterImpl (MiniOzoneClusterImpl.java:lambda$waitForClusterToBeReady$0(228)) - SCM became leader
2023-05-03 09:47:10,991 [Listener at 127.0.0.1/33355] INFO  ozone.MiniOzoneClusterImpl (MiniOzoneClusterImpl.java:lambda$waitForClusterToBeReady$0(223)) - Nodes are ready. Got 3 of 3 DN Heartbeats.
2023-05-03 09:47:10,991 [Listener at 127.0.0.1/33355] INFO  ozone.MiniOzoneClusterImpl (MiniOzoneClusterImpl.java:lambda$waitForClusterToBeReady$0(226)) - Waiting for cluster to exit safe mode
2023-05-03 09:47:10,991 [Listener at 127.0.0.1/33355] INFO  ozone.MiniOzoneClusterImpl (MiniOzoneClusterImpl.java:lambda$waitForClusterToBeReady$0(228)) - SCM became leader
2023-05-03 09:47:11,394 [b6ef2b53-fb64-4342-8f97-d03ee9e71060@group-9AE0DF7C55A5-FollowerState] INFO  impl.FollowerState (FollowerState.java:run(143)) - b6ef2b53-fb64-4342-8f97-d03ee9e71060@group-9AE0DF7C55A5-FollowerState: change to CANDIDATE, lastRpcElapsedTime:5029932655ns, electionTimeout:5027ms
2023-05-03 09:47:11,395 [b6ef2b53-fb64-4342-8f97-d03ee9e71060@group-9AE0DF7C55A5-FollowerState] INFO  impl.RoleInfo (RoleInfo.java:shutdownFollowerState(110)) - b6ef2b53-fb64-4342-8f97-d03ee9e71060: shutdown b6ef2b53-fb64-4342-8f97-d03ee9e71060@group-9AE0DF7C55A5-FollowerState
2023-05-03 09:47:11,395 [b6ef2b53-fb64-4342-8f97-d03ee9e71060@group-9AE0DF7C55A5-FollowerState] INFO  server.RaftServer$Division (RaftServerImpl.java:setRole(321)) - b6ef2b53-fb64-4342-8f97-d03ee9e71060@group-9AE0DF7C55A5: changes role from  FOLLOWER to CANDIDATE at term 0 for changeToCandidate
2023-05-03 09:47:11,395 [b6ef2b53-fb64-4342-8f97-d03ee9e71060@group-9AE0DF7C55A5-FollowerState] INFO  server.RaftServerConfigKeys (ConfUtils.java:logGet(46)) - raft.server.leaderelection.pre-vote = true (default)
2023-05-03 09:47:11,395 [b6ef2b53-fb64-4342-8f97-d03ee9e71060@group-9AE0DF7C55A5-FollowerState] INFO  impl.RoleInfo (RoleInfo.java:updateAndGet(139)) - b6ef2b53-fb64-4342-8f97-d03ee9e71060: start b6ef2b53-fb64-4342-8f97-d03ee9e71060@group-9AE0DF7C55A5-LeaderElection12
2023-05-03 09:47:11,400 [b6ef2b53-fb64-4342-8f97-d03ee9e71060@group-9AE0DF7C55A5-LeaderElection12] INFO  impl.LeaderElection (LeaderElection.java:askForVotes(312)) - b6ef2b53-fb64-4342-8f97-d03ee9e71060@group-9AE0DF7C55A5-LeaderElection12 PRE_VOTE round 0: submit vote requests at term 0 for -1: peers:[bc491111-3fed-428a-bcdf-e8e8db9b92ff|rpc:10.1.0.194:34775|dataStream:10.1.0.194:34691|priority:0|startupRole:FOLLOWER, 8cc5b195-cf3c-407e-b278-6945ef8abe82|rpc:10.1.0.194:42993|dataStream:10.1.0.194:35035|priority:0|startupRole:FOLLOWER, b6ef2b53-fb64-4342-8f97-d03ee9e71060|rpc:10.1.0.194:44427|dataStream:10.1.0.194:42439|priority:1|startupRole:FOLLOWER]|listeners:[], old=null
2023-05-03 09:47:11,401 [b6ef2b53-fb64-4342-8f97-d03ee9e71060@group-9AE0DF7C55A5-LeaderElection12-1] INFO  server.GrpcServerProtocolClient (GrpcServerProtocolClient.java:<init>(63)) - Build channel for bc491111-3fed-428a-bcdf-e8e8db9b92ff
2023-05-03 09:47:11,404 [b6ef2b53-fb64-4342-8f97-d03ee9e71060@group-9AE0DF7C55A5-LeaderElection12] INFO  server.RaftServerConfigKeys (ConfUtils.java:logFallback(53)) - raft.server.rpc.first-election.timeout.min = 5s (fallback to raft.server.rpc.timeout.min)
2023-05-03 09:47:11,404 [b6ef2b53-fb64-4342-8f97-d03ee9e71060@group-9AE0DF7C55A5-LeaderElection12] INFO  server.RaftServerConfigKeys (ConfUtils.java:logFallback(53)) - raft.server.rpc.first-election.timeout.max = 5200ms (fallback to raft.server.rpc.timeout.max)
2023-05-03 09:47:11,404 [b6ef2b53-fb64-4342-8f97-d03ee9e71060@group-9AE0DF7C55A5-LeaderElection12-2] INFO  server.GrpcServerProtocolClient (GrpcServerProtocolClient.java:<init>(63)) - Build channel for 8cc5b195-cf3c-407e-b278-6945ef8abe82
2023-05-03 09:47:11,411 [grpc-default-executor-0] INFO  server.RaftServer$Division (RaftServerImpl.java:requestVote(1218)) - bc491111-3fed-428a-bcdf-e8e8db9b92ff@group-9AE0DF7C55A5: receive requestVote(PRE_VOTE, b6ef2b53-fb64-4342-8f97-d03ee9e71060, group-9AE0DF7C55A5, 0, (t:0, i:0))
2023-05-03 09:47:11,411 [grpc-default-executor-0] INFO  impl.VoteContext (VoteContext.java:log(49)) - bc491111-3fed-428a-bcdf-e8e8db9b92ff@group-9AE0DF7C55A5-FOLLOWER: accept PRE_VOTE from b6ef2b53-fb64-4342-8f97-d03ee9e71060: our priority 0 <= candidate's priority 1
2023-05-03 09:47:11,411 [grpc-default-executor-0] INFO  server.RaftServer$Division (RaftServerImpl.java:requestVote(1251)) - bc491111-3fed-428a-bcdf-e8e8db9b92ff@group-9AE0DF7C55A5 replies to PRE_VOTE vote request: b6ef2b53-fb64-4342-8f97-d03ee9e71060<-bc491111-3fed-428a-bcdf-e8e8db9b92ff#0:OK-t0. Peer's state: bc491111-3fed-428a-bcdf-e8e8db9b92ff@group-9AE0DF7C55A5:t0, leader=null, voted=, raftlog=Memoized:bc491111-3fed-428a-bcdf-e8e8db9b92ff@group-9AE0DF7C55A5-SegmentedRaftLog:OPENED:c-1, conf=-1: peers:[bc491111-3fed-428a-bcdf-e8e8db9b92ff|rpc:10.1.0.194:34775|dataStream:10.1.0.194:34691|priority:0|startupRole:FOLLOWER, 8cc5b195-cf3c-407e-b278-6945ef8abe82|rpc:10.1.0.194:42993|dataStream:10.1.0.194:35035|priority:0|startupRole:FOLLOWER, b6ef2b53-fb64-4342-8f97-d03ee9e71060|rpc:10.1.0.194:44427|dataStream:10.1.0.194:42439|priority:1|startupRole:FOLLOWER]|listeners:[], old=null
2023-05-03 09:47:11,416 [grpc-default-executor-0] INFO  server.RaftServer$Division (RaftServerImpl.java:requestVote(1218)) - 8cc5b195-cf3c-407e-b278-6945ef8abe82@group-9AE0DF7C55A5: receive requestVote(PRE_VOTE, b6ef2b53-fb64-4342-8f97-d03ee9e71060, group-9AE0DF7C55A5, 0, (t:0, i:0))
2023-05-03 09:47:11,416 [grpc-default-executor-0] INFO  impl.VoteContext (VoteContext.java:log(49)) - 8cc5b195-cf3c-407e-b278-6945ef8abe82@group-9AE0DF7C55A5-FOLLOWER: accept PRE_VOTE from b6ef2b53-fb64-4342-8f97-d03ee9e71060: our priority 0 <= candidate's priority 1
2023-05-03 09:47:11,416 [grpc-default-executor-0] INFO  server.RaftServer$Division (RaftServerImpl.java:requestVote(1251)) - 8cc5b195-cf3c-407e-b278-6945ef8abe82@group-9AE0DF7C55A5 replies to PRE_VOTE vote request: b6ef2b53-fb64-4342-8f97-d03ee9e71060<-8cc5b195-cf3c-407e-b278-6945ef8abe82#0:OK-t0. Peer's state: 8cc5b195-cf3c-407e-b278-6945ef8abe82@group-9AE0DF7C55A5:t0, leader=null, voted=, raftlog=Memoized:8cc5b195-cf3c-407e-b278-6945ef8abe82@group-9AE0DF7C55A5-SegmentedRaftLog:OPENED:c-1, conf=-1: peers:[bc491111-3fed-428a-bcdf-e8e8db9b92ff|rpc:10.1.0.194:34775|dataStream:10.1.0.194:34691|priority:0|startupRole:FOLLOWER, 8cc5b195-cf3c-407e-b278-6945ef8abe82|rpc:10.1.0.194:42993|dataStream:10.1.0.194:35035|priority:0|startupRole:FOLLOWER, b6ef2b53-fb64-4342-8f97-d03ee9e71060|rpc:10.1.0.194:44427|dataStream:10.1.0.194:42439|priority:1|startupRole:FOLLOWER]|listeners:[], old=null
2023-05-03 09:47:11,417 [b6ef2b53-fb64-4342-8f97-d03ee9e71060@group-9AE0DF7C55A5-LeaderElection12] INFO  impl.LeaderElection (LeaderElection.java:logAndReturn(90)) - b6ef2b53-fb64-4342-8f97-d03ee9e71060@group-9AE0DF7C55A5-LeaderElection12: PRE_VOTE PASSED received 1 response(s) and 0 exception(s):
2023-05-03 09:47:11,417 [b6ef2b53-fb64-4342-8f97-d03ee9e71060@group-9AE0DF7C55A5-LeaderElection12] INFO  impl.LeaderElection (LeaderElection.java:logAndReturn(94)) -   Response 0: b6ef2b53-fb64-4342-8f97-d03ee9e71060<-bc491111-3fed-428a-bcdf-e8e8db9b92ff#0:OK-t0
2023-05-03 09:47:11,417 [b6ef2b53-fb64-4342-8f97-d03ee9e71060@group-9AE0DF7C55A5-LeaderElection12] INFO  impl.LeaderElection (LeaderElection.java:askForVotes(314)) - b6ef2b53-fb64-4342-8f97-d03ee9e71060@group-9AE0DF7C55A5-LeaderElection12 PRE_VOTE round 0: result PASSED
2023-05-03 09:47:11,420 [b6ef2b53-fb64-4342-8f97-d03ee9e71060@group-9AE0DF7C55A5-LeaderElection12] INFO  impl.LeaderElection (LeaderElection.java:askForVotes(312)) - b6ef2b53-fb64-4342-8f97-d03ee9e71060@group-9AE0DF7C55A5-LeaderElection12 ELECTION round 0: submit vote requests at term 1 for -1: peers:[bc491111-3fed-428a-bcdf-e8e8db9b92ff|rpc:10.1.0.194:34775|dataStream:10.1.0.194:34691|priority:0|startupRole:FOLLOWER, 8cc5b195-cf3c-407e-b278-6945ef8abe82|rpc:10.1.0.194:42993|dataStream:10.1.0.194:35035|priority:0|startupRole:FOLLOWER, b6ef2b53-fb64-4342-8f97-d03ee9e71060|rpc:10.1.0.194:44427|dataStream:10.1.0.194:42439|priority:1|startupRole:FOLLOWER]|listeners:[], old=null
2023-05-03 09:47:11,422 [b6ef2b53-fb64-4342-8f97-d03ee9e71060@group-9AE0DF7C55A5-LeaderElection12] INFO  server.RaftServerConfigKeys (ConfUtils.java:logFallback(53)) - raft.server.rpc.first-election.timeout.min = 5s (fallback to raft.server.rpc.timeout.min)
2023-05-03 09:47:11,422 [b6ef2b53-fb64-4342-8f97-d03ee9e71060@group-9AE0DF7C55A5-LeaderElection12] INFO  server.RaftServerConfigKeys (ConfUtils.java:logFallback(53)) - raft.server.rpc.first-election.timeout.max = 5200ms (fallback to raft.server.rpc.timeout.max)
2023-05-03 09:47:11,427 [grpc-default-executor-0] INFO  server.RaftServer$Division (RaftServerImpl.java:requestVote(1218)) - bc491111-3fed-428a-bcdf-e8e8db9b92ff@group-9AE0DF7C55A5: receive requestVote(ELECTION, b6ef2b53-fb64-4342-8f97-d03ee9e71060, group-9AE0DF7C55A5, 1, (t:0, i:0))
2023-05-03 09:47:11,427 [grpc-default-executor-0] INFO  impl.VoteContext (VoteContext.java:log(49)) - bc491111-3fed-428a-bcdf-e8e8db9b92ff@group-9AE0DF7C55A5-FOLLOWER: accept ELECTION from b6ef2b53-fb64-4342-8f97-d03ee9e71060: our priority 0 <= candidate's priority 1
2023-05-03 09:47:11,427 [grpc-default-executor-0] INFO  server.RaftServer$Division (RaftServerImpl.java:setRole(321)) - bc491111-3fed-428a-bcdf-e8e8db9b92ff@group-9AE0DF7C55A5: changes role from  FOLLOWER to FOLLOWER at term 1 for candidate:b6ef2b53-fb64-4342-8f97-d03ee9e71060
2023-05-03 09:47:11,427 [grpc-default-executor-0] INFO  impl.RoleInfo (RoleInfo.java:shutdownFollowerState(110)) - bc491111-3fed-428a-bcdf-e8e8db9b92ff: shutdown bc491111-3fed-428a-bcdf-e8e8db9b92ff@group-9AE0DF7C55A5-FollowerState
2023-05-03 09:47:11,427 [grpc-default-executor-0] INFO  impl.RoleInfo (RoleInfo.java:updateAndGet(139)) - bc491111-3fed-428a-bcdf-e8e8db9b92ff: start bc491111-3fed-428a-bcdf-e8e8db9b92ff@group-9AE0DF7C55A5-FollowerState
2023-05-03 09:47:11,427 [bc491111-3fed-428a-bcdf-e8e8db9b92ff@group-9AE0DF7C55A5-FollowerState] INFO  impl.FollowerState (FollowerState.java:run(152)) - bc491111-3fed-428a-bcdf-e8e8db9b92ff@group-9AE0DF7C55A5-FollowerState was interrupted
2023-05-03 09:47:11,427 [bc491111-3fed-428a-bcdf-e8e8db9b92ff@group-9AE0DF7C55A5-FollowerState] INFO  server.RaftServerConfigKeys (ConfUtils.java:logFallback(53)) - raft.server.rpc.first-election.timeout.min = 5s (fallback to raft.server.rpc.timeout.min)
2023-05-03 09:47:11,427 [bc491111-3fed-428a-bcdf-e8e8db9b92ff@group-9AE0DF7C55A5-FollowerState] INFO  server.RaftServerConfigKeys (ConfUtils.java:logFallback(53)) - raft.server.rpc.first-election.timeout.max = 5200ms (fallback to raft.server.rpc.timeout.max)
2023-05-03 09:47:11,428 [grpc-default-executor-1] INFO  server.RaftServer$Division (RaftServerImpl.java:requestVote(1218)) - 8cc5b195-cf3c-407e-b278-6945ef8abe82@group-9AE0DF7C55A5: receive requestVote(ELECTION, b6ef2b53-fb64-4342-8f97-d03ee9e71060, group-9AE0DF7C55A5, 1, (t:0, i:0))
2023-05-03 09:47:11,428 [grpc-default-executor-0] INFO  server.RaftServer$Division (RaftServerImpl.java:requestVote(1251)) - bc491111-3fed-428a-bcdf-e8e8db9b92ff@group-9AE0DF7C55A5 replies to ELECTION vote request: b6ef2b53-fb64-4342-8f97-d03ee9e71060<-bc491111-3fed-428a-bcdf-e8e8db9b92ff#0:OK-t1. Peer's state: bc491111-3fed-428a-bcdf-e8e8db9b92ff@group-9AE0DF7C55A5:t1, leader=null, voted=b6ef2b53-fb64-4342-8f97-d03ee9e71060, raftlog=Memoized:bc491111-3fed-428a-bcdf-e8e8db9b92ff@group-9AE0DF7C55A5-SegmentedRaftLog:OPENED:c-1, conf=-1: peers:[bc491111-3fed-428a-bcdf-e8e8db9b92ff|rpc:10.1.0.194:34775|dataStream:10.1.0.194:34691|priority:0|startupRole:FOLLOWER, 8cc5b195-cf3c-407e-b278-6945ef8abe82|rpc:10.1.0.194:42993|dataStream:10.1.0.194:35035|priority:0|startupRole:FOLLOWER, b6ef2b53-fb64-4342-8f97-d03ee9e71060|rpc:10.1.0.194:44427|dataStream:10.1.0.194:42439|priority:1|startupRole:FOLLOWER]|listeners:[], old=null
2023-05-03 09:47:11,429 [b6ef2b53-fb64-4342-8f97-d03ee9e71060@group-9AE0DF7C55A5-LeaderElection12] INFO  impl.LeaderElection (LeaderElection.java:logAndReturn(90)) - b6ef2b53-fb64-4342-8f97-d03ee9e71060@group-9AE0DF7C55A5-LeaderElection12: ELECTION PASSED received 1 response(s) and 0 exception(s):
2023-05-03 09:47:11,429 [b6ef2b53-fb64-4342-8f97-d03ee9e71060@group-9AE0DF7C55A5-LeaderElection12] INFO  impl.LeaderElection (LeaderElection.java:logAndReturn(94)) -   Response 0: b6ef2b53-fb64-4342-8f97-d03ee9e71060<-bc491111-3fed-428a-bcdf-e8e8db9b92ff#0:OK-t1
2023-05-03 09:47:11,429 [b6ef2b53-fb64-4342-8f97-d03ee9e71060@group-9AE0DF7C55A5-LeaderElection12] INFO  impl.LeaderElection (LeaderElection.java:askForVotes(314)) - b6ef2b53-fb64-4342-8f97-d03ee9e71060@group-9AE0DF7C55A5-LeaderElection12 ELECTION round 0: result PASSED
2023-05-03 09:47:11,429 [b6ef2b53-fb64-4342-8f97-d03ee9e71060@group-9AE0DF7C55A5-LeaderElection12] INFO  impl.RoleInfo (RoleInfo.java:shutdownLeaderElection(130)) - b6ef2b53-fb64-4342-8f97-d03ee9e71060: shutdown b6ef2b53-fb64-4342-8f97-d03ee9e71060@group-9AE0DF7C55A5-LeaderElection12
2023-05-03 09:47:11,429 [b6ef2b53-fb64-4342-8f97-d03ee9e71060@group-9AE0DF7C55A5-LeaderElection12] INFO  server.RaftServer$Division (RaftServerImpl.java:setRole(321)) - b6ef2b53-fb64-4342-8f97-d03ee9e71060@group-9AE0DF7C55A5: changes role from CANDIDATE to LEADER at term 1 for changeToLeader
2023-05-03 09:47:11,429 [b6ef2b53-fb64-4342-8f97-d03ee9e71060@group-9AE0DF7C55A5-LeaderElection12] INFO  ratis.XceiverServerRatis (XceiverServerRatis.java:handleLeaderChangedNotification(904)) - Leader change notification received for group: group-9AE0DF7C55A5 with new leaderId: b6ef2b53-fb64-4342-8f97-d03ee9e71060
2023-05-03 09:47:11,430 [b6ef2b53-fb64-4342-8f97-d03ee9e71060@group-9AE0DF7C55A5-LeaderElection12] INFO  server.RaftServer$Division (ServerState.java:setLeader(313)) - b6ef2b53-fb64-4342-8f97-d03ee9e71060@group-9AE0DF7C55A5: change Leader from null to b6ef2b53-fb64-4342-8f97-d03ee9e71060 at term 1 for becomeLeader, leader elected after 5073ms
2023-05-03 09:47:11,430 [b6ef2b53-fb64-4342-8f97-d03ee9e71060@group-9AE0DF7C55A5-LeaderElection12] INFO  server.RaftServerConfigKeys (ConfUtils.java:logGet(46)) - raft.server.staging.catchup.gap = 1000 (default)
2023-05-03 09:47:11,430 [b6ef2b53-fb64-4342-8f97-d03ee9e71060@group-9AE0DF7C55A5-LeaderElection12] INFO  server.RaftServerConfigKeys (ConfUtils.java:logGet(46)) - raft.server.write.element-limit = 1024 (custom)
2023-05-03 09:47:11,430 [b6ef2b53-fb64-4342-8f97-d03ee9e71060@group-9AE0DF7C55A5-LeaderElection12] INFO  server.RaftServerConfigKeys (ConfUtils.java:logGet(46)) - raft.server.write.byte-limit = 1024 M (=1073741824) (custom)
2023-05-03 09:47:11,430 [b6ef2b53-fb64-4342-8f97-d03ee9e71060@group-9AE0DF7C55A5-LeaderElection12] INFO  server.RaftServerConfigKeys (ConfUtils.java:logGet(46)) - raft.server.watch.timeout = 180s (custom)
2023-05-03 09:47:11,430 [b6ef2b53-fb64-4342-8f97-d03ee9e71060@group-9AE0DF7C55A5-LeaderElection12] INFO  server.RaftServerConfigKeys (ConfUtils.java:logGet(46)) - raft.server.watch.timeout.denomination = 1s (default)
2023-05-03 09:47:11,430 [b6ef2b53-fb64-4342-8f97-d03ee9e71060@group-9AE0DF7C55A5-LeaderElection12] INFO  server.RaftServerConfigKeys (ConfUtils.java:logGet(46)) - raft.server.watch.element-limit = 65536 (default)
2023-05-03 09:47:11,430 [b6ef2b53-fb64-4342-8f97-d03ee9e71060@group-9AE0DF7C55A5-LeaderElection12] INFO  server.RaftServerConfigKeys (ConfUtils.java:logGet(46)) - raft.server.write.element-limit = 1024 (custom)
2023-05-03 09:47:11,430 [b6ef2b53-fb64-4342-8f97-d03ee9e71060@group-9AE0DF7C55A5-LeaderElection12] INFO  server.RaftServerConfigKeys (ConfUtils.java:logGet(46)) - raft.server.write.follower.gap.ratio.max = -1.0 (default)
2023-05-03 09:47:11,431 [grpc-default-executor-1] INFO  impl.VoteContext (VoteContext.java:log(49)) - 8cc5b195-cf3c-407e-b278-6945ef8abe82@group-9AE0DF7C55A5-FOLLOWER: accept ELECTION from b6ef2b53-fb64-4342-8f97-d03ee9e71060: our priority 0 <= candidate's priority 1
2023-05-03 09:47:11,431 [grpc-default-executor-1] INFO  server.RaftServer$Division (RaftServerImpl.java:setRole(321)) - 8cc5b195-cf3c-407e-b278-6945ef8abe82@group-9AE0DF7C55A5: changes role from  FOLLOWER to FOLLOWER at term 1 for candidate:b6ef2b53-fb64-4342-8f97-d03ee9e71060
2023-05-03 09:47:11,431 [grpc-default-executor-1] INFO  impl.RoleInfo (RoleInfo.java:shutdownFollowerState(110)) - 8cc5b195-cf3c-407e-b278-6945ef8abe82: shutdown 8cc5b195-cf3c-407e-b278-6945ef8abe82@group-9AE0DF7C55A5-FollowerState
2023-05-03 09:47:11,431 [8cc5b195-cf3c-407e-b278-6945ef8abe82@group-9AE0DF7C55A5-FollowerState] INFO  impl.FollowerState (FollowerState.java:run(152)) - 8cc5b195-cf3c-407e-b278-6945ef8abe82@group-9AE0DF7C55A5-FollowerState was interrupted
2023-05-03 09:47:11,431 [b6ef2b53-fb64-4342-8f97-d03ee9e71060@group-9AE0DF7C55A5-LeaderElection12] INFO  server.RaftServerConfigKeys (ConfUtils.java:logGet(46)) - raft.server.log.appender.snapshot.chunk.size.max = 16MB (=16777216) (default)
2023-05-03 09:47:11,431 [grpc-default-executor-1] INFO  impl.RoleInfo (RoleInfo.java:updateAndGet(139)) - 8cc5b195-cf3c-407e-b278-6945ef8abe82: start 8cc5b195-cf3c-407e-b278-6945ef8abe82@group-9AE0DF7C55A5-FollowerState
2023-05-03 09:47:11,431 [b6ef2b53-fb64-4342-8f97-d03ee9e71060@group-9AE0DF7C55A5-LeaderElection12] INFO  server.RaftServerConfigKeys (ConfUtils.java:logGet(46)) - raft.server.log.appender.buffer.byte-limit = 33554432 (custom)
2023-05-03 09:47:11,431 [b6ef2b53-fb64-4342-8f97-d03ee9e71060@group-9AE0DF7C55A5-LeaderElection12] INFO  server.RaftServerConfigKeys (ConfUtils.java:logGet(46)) - raft.server.log.appender.buffer.element-limit = 1 (custom)
2023-05-03 09:47:11,431 [8cc5b195-cf3c-407e-b278-6945ef8abe82@group-9AE0DF7C55A5-FollowerState] INFO  server.RaftServerConfigKeys (ConfUtils.java:logFallback(53)) - raft.server.rpc.first-election.timeout.min = 5s (fallback to raft.server.rpc.timeout.min)
2023-05-03 09:47:11,431 [8cc5b195-cf3c-407e-b278-6945ef8abe82@group-9AE0DF7C55A5-FollowerState] INFO  server.RaftServerConfigKeys (ConfUtils.java:logFallback(53)) - raft.server.rpc.first-election.timeout.max = 5200ms (fallback to raft.server.rpc.timeout.max)
2023-05-03 09:47:11,432 [b6ef2b53-fb64-4342-8f97-d03ee9e71060@group-9AE0DF7C55A5-LeaderElection12] INFO  grpc.GrpcConfigKeys (ConfUtils.java:logGet(46)) - raft.grpc.server.leader.outstanding.appends.max = 128 (default)
2023-05-03 09:47:11,432 [b6ef2b53-fb64-4342-8f97-d03ee9e71060@group-9AE0DF7C55A5-LeaderElection12] INFO  server.RaftServerConfigKeys (ConfUtils.java:logGet(46)) - raft.server.rpc.request.timeout = 60s (custom)
2023-05-03 09:47:11,432 [grpc-default-executor-1] INFO  server.RaftServer$Division (RaftServerImpl.java:requestVote(1251)) - 8cc5b195-cf3c-407e-b278-6945ef8abe82@group-9AE0DF7C55A5 replies to ELECTION vote request: b6ef2b53-fb64-4342-8f97-d03ee9e71060<-8cc5b195-cf3c-407e-b278-6945ef8abe82#0:OK-t1. Peer's state: 8cc5b195-cf3c-407e-b278-6945ef8abe82@group-9AE0DF7C55A5:t1, leader=null, voted=b6ef2b53-fb64-4342-8f97-d03ee9e71060, raftlog=Memoized:8cc5b195-cf3c-407e-b278-6945ef8abe82@group-9AE0DF7C55A5-SegmentedRaftLog:OPENED:c-1, conf=-1: peers:[bc491111-3fed-428a-bcdf-e8e8db9b92ff|rpc:10.1.0.194:34775|dataStream:10.1.0.194:34691|priority:0|startupRole:FOLLOWER, 8cc5b195-cf3c-407e-b278-6945ef8abe82|rpc:10.1.0.194:42993|dataStream:10.1.0.194:35035|priority:0|startupRole:FOLLOWER, b6ef2b53-fb64-4342-8f97-d03ee9e71060|rpc:10.1.0.194:44427|dataStream:10.1.0.194:42439|priority:1|startupRole:FOLLOWER]|listeners:[], old=null
2023-05-03 09:47:11,432 [b6ef2b53-fb64-4342-8f97-d03ee9e71060@group-9AE0DF7C55A5-LeaderElection12] INFO  server.RaftServerConfigKeys (ConfUtils.java:logGet(46)) - raft.server.log.appender.install.snapshot.enabled = false (custom)
2023-05-03 09:47:11,432 [b6ef2b53-fb64-4342-8f97-d03ee9e71060@group-9AE0DF7C55A5-LeaderElection12] INFO  grpc.GrpcConfigKeys (ConfUtils.java:logGet(46)) - raft.grpc.server.heartbeat.channel = true (default)
2023-05-03 09:47:11,432 [b6ef2b53-fb64-4342-8f97-d03ee9e71060@group-9AE0DF7C55A5-LeaderElection12] INFO  server.RaftServerConfigKeys (ConfUtils.java:logGet(46)) - raft.server.log.appender.wait-time.min = 10ms (default)
2023-05-03 09:47:11,433 [b6ef2b53-fb64-4342-8f97-d03ee9e71060@group-9AE0DF7C55A5-LeaderElection12] INFO  server.RaftServerConfigKeys (ConfUtils.java:logGet(46)) - raft.server.log.appender.snapshot.chunk.size.max = 16MB (=16777216) (default)
2023-05-03 09:47:11,433 [b6ef2b53-fb64-4342-8f97-d03ee9e71060@group-9AE0DF7C55A5-LeaderElection12] INFO  server.RaftServerConfigKeys (ConfUtils.java:logGet(46)) - raft.server.log.appender.buffer.byte-limit = 33554432 (custom)
2023-05-03 09:47:11,433 [b6ef2b53-fb64-4342-8f97-d03ee9e71060@group-9AE0DF7C55A5-LeaderElection12] INFO  server.RaftServerConfigKeys (ConfUtils.java:logGet(46)) - raft.server.log.appender.buffer.element-limit = 1 (custom)
2023-05-03 09:47:11,433 [b6ef2b53-fb64-4342-8f97-d03ee9e71060@group-9AE0DF7C55A5-LeaderElection12] INFO  grpc.GrpcConfigKeys (ConfUtils.java:logGet(46)) - raft.grpc.server.leader.outstanding.appends.max = 128 (default)
2023-05-03 09:47:11,433 [b6ef2b53-fb64-4342-8f97-d03ee9e71060@group-9AE0DF7C55A5-LeaderElection12] INFO  server.RaftServerConfigKeys (ConfUtils.java:logGet(46)) - raft.server.rpc.request.timeout = 60s (custom)
2023-05-03 09:47:11,433 [b6ef2b53-fb64-4342-8f97-d03ee9e71060@group-9AE0DF7C55A5-LeaderElection12] INFO  server.RaftServerConfigKeys (ConfUtils.java:logGet(46)) - raft.server.log.appender.install.snapshot.enabled = false (custom)
2023-05-03 09:47:11,433 [b6ef2b53-fb64-4342-8f97-d03ee9e71060@group-9AE0DF7C55A5-LeaderElection12] INFO  grpc.GrpcConfigKeys (ConfUtils.java:logGet(46)) - raft.grpc.server.heartbeat.channel = true (default)
2023-05-03 09:47:11,433 [b6ef2b53-fb64-4342-8f97-d03ee9e71060@group-9AE0DF7C55A5-LeaderElection12] INFO  server.RaftServerConfigKeys (ConfUtils.java:logGet(46)) - raft.server.log.appender.wait-time.min = 10ms (default)
2023-05-03 09:47:11,433 [b6ef2b53-fb64-4342-8f97-d03ee9e71060@group-9AE0DF7C55A5-LeaderElection12] INFO  impl.RoleInfo (RoleInfo.java:updateAndGet(139)) - b6ef2b53-fb64-4342-8f97-d03ee9e71060: start b6ef2b53-fb64-4342-8f97-d03ee9e71060@group-9AE0DF7C55A5-LeaderStateImpl
2023-05-03 09:47:11,434 [b6ef2b53-fb64-4342-8f97-d03ee9e71060@group-9AE0DF7C55A5-LeaderElection12] INFO  segmented.SegmentedRaftLogWorker (SegmentedRaftLogWorker.java:startLogSegment(452)) - b6ef2b53-fb64-4342-8f97-d03ee9e71060@group-9AE0DF7C55A5-SegmentedRaftLogWorker: Starting segment from index:0
2023-05-03 09:47:11,435 [b6ef2b53-fb64-4342-8f97-d03ee9e71060@group-9AE0DF7C55A5-SegmentedRaftLogWorker] INFO  segmented.SegmentedRaftLogWorker (SegmentedRaftLogWorker.java:execute(656)) - b6ef2b53-fb64-4342-8f97-d03ee9e71060@group-9AE0DF7C55A5-SegmentedRaftLogWorker: created new log segment /home/runner/work/ozone/ozone/hadoop-ozone/integration-test/target/test-dir/MiniOzoneClusterImpl-1ffe41d3-309f-458f-85b5-47035b7448ff/datanode-0/data/ratis/1f86d93a-8328-45a9-99cf-9ae0df7c55a5/current/log_inprogress_0
2023-05-03 09:47:11,436 [EventQueue-PipelineReportForPipelineReportHandler] INFO  pipeline.PipelineManagerImpl (PipelineManagerImpl.java:openPipeline(367)) - Pipeline Pipeline[ Id: 1f86d93a-8328-45a9-99cf-9ae0df7c55a5, Nodes: bc491111-3fed-428a-bcdf-e8e8db9b92ff(fv-az139-793.t0dryja4c43urhy2nvp0adewnd.cx.internal.cloudapp.net/10.1.0.194)b6ef2b53-fb64-4342-8f97-d03ee9e71060(fv-az139-793.t0dryja4c43urhy2nvp0adewnd.cx.internal.cloudapp.net/10.1.0.194)8cc5b195-cf3c-407e-b278-6945ef8abe82(fv-az139-793.t0dryja4c43urhy2nvp0adewnd.cx.internal.cloudapp.net/10.1.0.194), ReplicationConfig: RATIS/THREE, State:ALLOCATED, leaderId:b6ef2b53-fb64-4342-8f97-d03ee9e71060, CreationTimestamp2023-05-03T09:47:03.991Z[Etc/UTC]] moved to OPEN state
2023-05-03 09:47:11,436 [EventQueue-OpenPipelineForHealthyPipelineSafeModeRule] INFO  safemode.SCMSafeModeManager (HealthyPipelineSafeModeRule.java:process(137)) - SCM in safe mode. Healthy pipelines reported count is 0, required healthy pipeline reported count is 1
2023-05-03 09:47:11,436 [EventQueue-OpenPipelineForHealthyPipelineSafeModeRule] INFO  safemode.SCMSafeModeManager (HealthyPipelineSafeModeRule.java:process(137)) - SCM in safe mode. Healthy pipelines reported count is 1, required healthy pipeline reported count is 1
2023-05-03 09:47:11,436 [EventQueue-OpenPipelineForHealthyPipelineSafeModeRule] INFO  safemode.SCMSafeModeManager (SCMSafeModeManager.java:validateSafeModeExitRules(200)) - HealthyPipelineSafeModeRule rule is successfully validated
2023-05-03 09:47:11,436 [EventQueue-OpenPipelineForHealthyPipelineSafeModeRule] INFO  safemode.SCMSafeModeManager (SCMSafeModeManager.java:validateSafeModeExitRules(215)) - ScmSafeModeManager, all rules are successfully validated
2023-05-03 09:47:11,436 [EventQueue-OpenPipelineForHealthyPipelineSafeModeRule] INFO  safemode.SCMSafeModeManager (SCMSafeModeManager.java:exitSafeMode(244)) - SCM exiting safe mode.
2023-05-03 09:47:11,436 [EventQueue-OpenPipelineForHealthyPipelineSafeModeRule] INFO  ha.SCMContext (SCMContext.java:updateSafeModeStatus(228)) - Update SafeModeStatus from SafeModeStatus{safeModeStatus=true, preCheckPassed=true} to SafeModeStatus{safeModeStatus=false, preCheckPassed=true}.
2023-05-03 09:47:11,436 [EventQueue-OpenPipelineForHealthyPipelineSafeModeRule] INFO  pipeline.BackgroundPipelineCreator (BackgroundPipelineCreator.java:notifyStatusChanged(254)) - Service BackgroundPipelineCreator transitions to RUNNING.
2023-05-03 09:47:11,436 [EventQueue-OpenPipelineForHealthyPipelineSafeModeRule] INFO  BackgroundPipelineScrubber (BackgroundSCMService.java:notifyStatusChanged(82)) - Service BackgroundPipelineScrubber transitions to RUNNING.
2023-05-03 09:47:11,436 [EventQueue-OpenPipelineForHealthyPipelineSafeModeRule] INFO  ExpiredContainerReplicaOpScrubber (BackgroundSCMService.java:notifyStatusChanged(82)) - Service ExpiredContainerReplicaOpScrubber transitions to RUNNING.
2023-05-03 09:47:11,436 [EventQueue-OpenPipelineForHealthyPipelineSafeModeRule] INFO  replication.ReplicationManager (ReplicationManager.java:notifyStatusChanged(1367)) - Service ReplicationManager transitions to RUNNING.
2023-05-03 09:47:11,436 [EventQueue-OpenPipelineForHealthyPipelineSafeModeRule] WARN  balancer.ContainerBalancer (ContainerBalancer.java:shouldRun(132)) - Could not find persisted configuration for ContainerBalancer when checking if ContainerBalancer should run. ContainerBalancer should not run now.
2023-05-03 09:47:11,442 [b6ef2b53-fb64-4342-8f97-d03ee9e71060@group-96138FE0CC40-FollowerState] INFO  impl.FollowerState (FollowerState.java:run(143)) - b6ef2b53-fb64-4342-8f97-d03ee9e71060@group-96138FE0CC40-FollowerState: change to CANDIDATE, lastRpcElapsedTime:5087961694ns, electionTimeout:5087ms
2023-05-03 09:47:11,442 [b6ef2b53-fb64-4342-8f97-d03ee9e71060@group-96138FE0CC40-FollowerState] INFO  impl.RoleInfo (RoleInfo.java:shutdownFollowerState(110)) - b6ef2b53-fb64-4342-8f97-d03ee9e71060: shutdown b6ef2b53-fb64-4342-8f97-d03ee9e71060@group-96138FE0CC40-FollowerState
2023-05-03 09:47:11,442 [b6ef2b53-fb64-4342-8f97-d03ee9e71060@group-96138FE0CC40-FollowerState] INFO  server.RaftServer$Division (RaftServerImpl.java:setRole(321)) - b6ef2b53-fb64-4342-8f97-d03ee9e71060@group-96138FE0CC40: changes role from  FOLLOWER to CANDIDATE at term 0 for changeToCandidate
2023-05-03 09:47:11,442 [b6ef2b53-fb64-4342-8f97-d03ee9e71060@group-96138FE0CC40-FollowerState] INFO  server.RaftServerConfigKeys (ConfUtils.java:logGet(46)) - raft.server.leaderelection.pre-vote = true (default)
2023-05-03 09:47:11,442 [b6ef2b53-fb64-4342-8f97-d03ee9e71060@group-96138FE0CC40-FollowerState] INFO  impl.RoleInfo (RoleInfo.java:updateAndGet(139)) - b6ef2b53-fb64-4342-8f97-d03ee9e71060: start b6ef2b53-fb64-4342-8f97-d03ee9e71060@group-96138FE0CC40-LeaderElection13
2023-05-03 09:47:11,442 [b6ef2b53-fb64-4342-8f97-d03ee9e71060@group-9AE0DF7C55A5-LeaderElection12] INFO  server.RaftServer$Division (ServerState.java:setRaftConf(430)) - b6ef2b53-fb64-4342-8f97-d03ee9e71060@group-9AE0DF7C55A5: set configuration 0: peers:[bc491111-3fed-428a-bcdf-e8e8db9b92ff|rpc:10.1.0.194:34775|dataStream:10.1.0.194:34691|priority:0|startupRole:FOLLOWER, 8cc5b195-cf3c-407e-b278-6945ef8abe82|rpc:10.1.0.194:42993|dataStream:10.1.0.194:35035|priority:0|startupRole:FOLLOWER, b6ef2b53-fb64-4342-8f97-d03ee9e71060|rpc:10.1.0.194:44427|dataStream:10.1.0.194:42439|priority:1|startupRole:FOLLOWER]|listeners:[], old=null
2023-05-03 09:47:11,455 [b6ef2b53-fb64-4342-8f97-d03ee9e71060@group-96138FE0CC40-LeaderElection13] INFO  impl.LeaderElection (LeaderElection.java:askForVotes(312)) - b6ef2b53-fb64-4342-8f97-d03ee9e71060@group-96138FE0CC40-LeaderElection13 PRE_VOTE round 0: submit vote requests at term 0 for -1: peers:[b6ef2b53-fb64-4342-8f97-d03ee9e71060|rpc:10.1.0.194:44427|dataStream:10.1.0.194:42439|priority:1|startupRole:FOLLOWER]|listeners:[], old=null
2023-05-03 09:47:11,455 [b6ef2b53-fb64-4342-8f97-d03ee9e71060@group-96138FE0CC40-LeaderElection13] INFO  impl.LeaderElection (LeaderElection.java:askForVotes(314)) - b6ef2b53-fb64-4342-8f97-d03ee9e71060@group-96138FE0CC40-LeaderElection13 PRE_VOTE round 0: result PASSED (term=0)
2023-05-03 09:47:11,456 [b6ef2b53-fb64-4342-8f97-d03ee9e71060@group-96138FE0CC40-LeaderElection13] INFO  impl.LeaderElection (LeaderElection.java:askForVotes(312)) - b6ef2b53-fb64-4342-8f97-d03ee9e71060@group-96138FE0CC40-LeaderElection13 ELECTION round 0: submit vote requests at term 1 for -1: peers:[b6ef2b53-fb64-4342-8f97-d03ee9e71060|rpc:10.1.0.194:44427|dataStream:10.1.0.194:42439|priority:1|startupRole:FOLLOWER]|listeners:[], old=null
2023-05-03 09:47:11,456 [b6ef2b53-fb64-4342-8f97-d03ee9e71060@group-96138FE0CC40-LeaderElection13] INFO  impl.LeaderElection (LeaderElection.java:askForVotes(314)) - b6ef2b53-fb64-4342-8f97-d03ee9e71060@group-96138FE0CC40-LeaderElection13 ELECTION round 0: result PASSED (term=1)
2023-05-03 09:47:11,456 [b6ef2b53-fb64-4342-8f97-d03ee9e71060@group-96138FE0CC40-LeaderElection13] INFO  impl.RoleInfo (RoleInfo.java:shutdownLeaderElection(130)) - b6ef2b53-fb64-4342-8f97-d03ee9e71060: shutdown b6ef2b53-fb64-4342-8f97-d03ee9e71060@group-96138FE0CC40-LeaderElection13
2023-05-03 09:47:11,456 [b6ef2b53-fb64-4342-8f97-d03ee9e71060@group-96138FE0CC40-LeaderElection13] INFO  server.RaftServer$Division (RaftServerImpl.java:setRole(321)) - b6ef2b53-fb64-4342-8f97-d03ee9e71060@group-96138FE0CC40: changes role from CANDIDATE to LEADER at term 1 for changeToLeader
2023-05-03 09:47:11,456 [b6ef2b53-fb64-4342-8f97-d03ee9e71060@group-96138FE0CC40-LeaderElection13] INFO  ratis.XceiverServerRatis (XceiverServerRatis.java:handleLeaderChangedNotification(904)) - Leader change notification received for group: group-96138FE0CC40 with new leaderId: b6ef2b53-fb64-4342-8f97-d03ee9e71060
2023-05-03 09:47:11,456 [b6ef2b53-fb64-4342-8f97-d03ee9e71060@group-96138FE0CC40-LeaderElection13] INFO  server.RaftServer$Division (ServerState.java:setLeader(313)) - b6ef2b53-fb64-4342-8f97-d03ee9e71060@group-96138FE0CC40: change Leader from null to b6ef2b53-fb64-4342-8f97-d03ee9e71060 at term 1 for becomeLeader, leader elected after 5112ms
2023-05-03 09:47:11,456 [b6ef2b53-fb64-4342-8f97-d03ee9e71060@group-96138FE0CC40-LeaderElection13] INFO  server.RaftServerConfigKeys (ConfUtils.java:logGet(46)) - raft.server.staging.catchup.gap = 1000 (default)
2023-05-03 09:47:11,456 [b6ef2b53-fb64-4342-8f97-d03ee9e71060@group-96138FE0CC40-LeaderElection13] INFO  server.RaftServerConfigKeys (ConfUtils.java:logGet(46)) - raft.server.write.element-limit = 1024 (custom)
2023-05-03 09:47:11,456 [b6ef2b53-fb64-4342-8f97-d03ee9e71060@group-96138FE0CC40-LeaderElection13] INFO  server.RaftServerConfigKeys (ConfUtils.java:logGet(46)) - raft.server.write.byte-limit = 1024 M (=1073741824) (custom)
2023-05-03 09:47:11,456 [b6ef2b53-fb64-4342-8f97-d03ee9e71060@group-96138FE0CC40-LeaderElection13] INFO  server.RaftServerConfigKeys (ConfUtils.java:logGet(46)) - raft.server.watch.timeout = 180s (custom)
2023-05-03 09:47:11,457 [b6ef2b53-fb64-4342-8f97-d03ee9e71060@group-96138FE0CC40-LeaderElection13] INFO  server.RaftServerConfigKeys (ConfUtils.java:logGet(46)) - raft.server.watch.timeout.denomination = 1s (default)
2023-05-03 09:47:11,457 [b6ef2b53-fb64-4342-8f97-d03ee9e71060@group-96138FE0CC40-LeaderElection13] INFO  server.RaftServerConfigKeys (ConfUtils.java:logGet(46)) - raft.server.watch.element-limit = 65536 (default)
2023-05-03 09:47:11,457 [b6ef2b53-fb64-4342-8f97-d03ee9e71060@group-96138FE0CC40-LeaderElection13] INFO  server.RaftServerConfigKeys (ConfUtils.java:logGet(46)) - raft.server.write.element-limit = 1024 (custom)
2023-05-03 09:47:11,457 [b6ef2b53-fb64-4342-8f97-d03ee9e71060@group-96138FE0CC40-LeaderElection13] INFO  server.RaftServerConfigKeys (ConfUtils.java:logGet(46)) - raft.server.write.follower.gap.ratio.max = -1.0 (default)
2023-05-03 09:47:11,457 [b6ef2b53-fb64-4342-8f97-d03ee9e71060@group-96138FE0CC40-LeaderElection13] INFO  impl.RoleInfo (RoleInfo.java:updateAndGet(139)) - b6ef2b53-fb64-4342-8f97-d03ee9e71060: start b6ef2b53-fb64-4342-8f97-d03ee9e71060@group-96138FE0CC40-LeaderStateImpl
2023-05-03 09:47:11,457 [b6ef2b53-fb64-4342-8f97-d03ee9e71060@group-96138FE0CC40-LeaderElection13] INFO  segmented.SegmentedRaftLogWorker (SegmentedRaftLogWorker.java:startLogSegment(452)) - b6ef2b53-fb64-4342-8f97-d03ee9e71060@group-96138FE0CC40-SegmentedRaftLogWorker: Starting segment from index:0
2023-05-03 09:47:11,458 [8cc5b195-cf3c-407e-b278-6945ef8abe82-server-thread1] INFO  ratis.XceiverServerRatis (XceiverServerRatis.java:handleLeaderChangedNotification(904)) - Leader change notification received for group: group-9AE0DF7C55A5 with new leaderId: b6ef2b53-fb64-4342-8f97-d03ee9e71060
2023-05-03 09:47:11,458 [8cc5b195-cf3c-407e-b278-6945ef8abe82-server-thread1] INFO  server.RaftServer$Division (ServerState.java:setLeader(313)) - 8cc5b195-cf3c-407e-b278-6945ef8abe82@group-9AE0DF7C55A5: change Leader from null to b6ef2b53-fb64-4342-8f97-d03ee9e71060 at term 1 for appendEntries, leader elected after 5034ms
2023-05-03 09:47:11,458 [b6ef2b53-fb64-4342-8f97-d03ee9e71060@group-96138FE0CC40-SegmentedRaftLogWorker] INFO  segmented.SegmentedRaftLogWorker (SegmentedRaftLogWorker.java:execute(656)) - b6ef2b53-fb64-4342-8f97-d03ee9e71060@group-96138FE0CC40-SegmentedRaftLogWorker: created new log segment /home/runner/work/ozone/ozone/hadoop-ozone/integration-test/target/test-dir/MiniOzoneClusterImpl-1ffe41d3-309f-458f-85b5-47035b7448ff/datanode-0/data/ratis/2d12f2a2-dbbe-47c7-9fa8-96138fe0cc40/current/log_inprogress_0
2023-05-03 09:47:11,464 [8cc5b195-cf3c-407e-b278-6945ef8abe82-server-thread1] INFO  server.RaftServer$Division (ServerState.java:setRaftConf(430)) - 8cc5b195-cf3c-407e-b278-6945ef8abe82@group-9AE0DF7C55A5: set configuration 0: peers:[bc491111-3fed-428a-bcdf-e8e8db9b92ff|rpc:10.1.0.194:34775|dataStream:10.1.0.194:34691|priority:0|startupRole:FOLLOWER, 8cc5b195-cf3c-407e-b278-6945ef8abe82|rpc:10.1.0.194:42993|dataStream:10.1.0.194:35035|priority:0|startupRole:FOLLOWER, b6ef2b53-fb64-4342-8f97-d03ee9e71060|rpc:10.1.0.194:44427|dataStream:10.1.0.194:42439|priority:1|startupRole:FOLLOWER]|listeners:[], old=null
2023-05-03 09:47:11,464 [8cc5b195-cf3c-407e-b278-6945ef8abe82-server-thread1] INFO  segmented.SegmentedRaftLogWorker (SegmentedRaftLogWorker.java:startLogSegment(452)) - 8cc5b195-cf3c-407e-b278-6945ef8abe82@group-9AE0DF7C55A5-SegmentedRaftLogWorker: Starting segment from index:0
2023-05-03 09:47:11,466 [8cc5b195-cf3c-407e-b278-6945ef8abe82@group-9AE0DF7C55A5-SegmentedRaftLogWorker] INFO  segmented.SegmentedRaftLogWorker (SegmentedRaftLogWorker.java:execute(656)) - 8cc5b195-cf3c-407e-b278-6945ef8abe82@group-9AE0DF7C55A5-SegmentedRaftLogWorker: created new log segment /home/runner/work/ozone/ozone/hadoop-ozone/integration-test/target/test-dir/MiniOzoneClusterImpl-1ffe41d3-309f-458f-85b5-47035b7448ff/datanode-2/data/ratis/1f86d93a-8328-45a9-99cf-9ae0df7c55a5/current/log_inprogress_0
2023-05-03 09:47:11,467 [bc491111-3fed-428a-bcdf-e8e8db9b92ff-server-thread1] INFO  ratis.XceiverServerRatis (XceiverServerRatis.java:handleLeaderChangedNotification(904)) - Leader change notification received for group: group-9AE0DF7C55A5 with new leaderId: b6ef2b53-fb64-4342-8f97-d03ee9e71060
2023-05-03 09:47:11,467 [bc491111-3fed-428a-bcdf-e8e8db9b92ff-server-thread1] INFO  server.RaftServer$Division (ServerState.java:setLeader(313)) - bc491111-3fed-428a-bcdf-e8e8db9b92ff@group-9AE0DF7C55A5: change Leader from null to b6ef2b53-fb64-4342-8f97-d03ee9e71060 at term 1 for appendEntries, leader elected after 5071ms
2023-05-03 09:47:11,474 [b6ef2b53-fb64-4342-8f97-d03ee9e71060@group-96138FE0CC40-LeaderElection13] INFO  server.RaftServer$Division (ServerState.java:setRaftConf(430)) - b6ef2b53-fb64-4342-8f97-d03ee9e71060@group-96138FE0CC40: set configuration 0: peers:[b6ef2b53-fb64-4342-8f97-d03ee9e71060|rpc:10.1.0.194:44427|dataStream:10.1.0.194:42439|priority:1|startupRole:FOLLOWER]|listeners:[], old=null
2023-05-03 09:47:11,475 [bc491111-3fed-428a-bcdf-e8e8db9b92ff-server-thread2] INFO  server.RaftServer$Division (ServerState.java:setRaftConf(430)) - bc491111-3fed-428a-bcdf-e8e8db9b92ff@group-9AE0DF7C55A5: set configuration 0: peers:[bc491111-3fed-428a-bcdf-e8e8db9b92ff|rpc:10.1.0.194:34775|dataStream:10.1.0.194:34691|priority:0|startupRole:FOLLOWER, 8cc5b195-cf3c-407e-b278-6945ef8abe82|rpc:10.1.0.194:42993|dataStream:10.1.0.194:35035|priority:0|startupRole:FOLLOWER, b6ef2b53-fb64-4342-8f97-d03ee9e71060|rpc:10.1.0.194:44427|dataStream:10.1.0.194:42439|priority:1|startupRole:FOLLOWER]|listeners:[], old=null
2023-05-03 09:47:11,480 [bc491111-3fed-428a-bcdf-e8e8db9b92ff-server-thread2] INFO  segmented.SegmentedRaftLogWorker (SegmentedRaftLogWorker.java:startLogSegment(452)) - bc491111-3fed-428a-bcdf-e8e8db9b92ff@group-9AE0DF7C55A5-SegmentedRaftLogWorker: Starting segment from index:0
2023-05-03 09:47:11,481 [bc491111-3fed-428a-bcdf-e8e8db9b92ff@group-9AE0DF7C55A5-SegmentedRaftLogWorker] INFO  segmented.SegmentedRaftLogWorker (SegmentedRaftLogWorker.java:execute(656)) - bc491111-3fed-428a-bcdf-e8e8db9b92ff@group-9AE0DF7C55A5-SegmentedRaftLogWorker: created new log segment /home/runner/work/ozone/ozone/hadoop-ozone/integration-test/target/test-dir/MiniOzoneClusterImpl-1ffe41d3-309f-458f-85b5-47035b7448ff/datanode-1/data/ratis/1f86d93a-8328-45a9-99cf-9ae0df7c55a5/current/log_inprogress_0
2023-05-03 09:47:11,720 [b6ef2b53-fb64-4342-8f97-d03ee9e71060@group-9CA73B9EA204-FollowerState] INFO  impl.FollowerState (FollowerState.java:run(143)) - b6ef2b53-fb64-4342-8f97-d03ee9e71060@group-9CA73B9EA204-FollowerState: change to CANDIDATE, lastRpcElapsedTime:5201556499ns, electionTimeout:5200ms
2023-05-03 09:47:11,720 [b6ef2b53-fb64-4342-8f97-d03ee9e71060@group-9CA73B9EA204-FollowerState] INFO  impl.RoleInfo (RoleInfo.java:shutdownFollowerState(110)) - b6ef2b53-fb64-4342-8f97-d03ee9e71060: shutdown b6ef2b53-fb64-4342-8f97-d03ee9e71060@group-9CA73B9EA204-FollowerState
2023-05-03 09:47:11,720 [b6ef2b53-fb64-4342-8f97-d03ee9e71060@group-9CA73B9EA204-FollowerState] INFO  server.RaftServer$Division (RaftServerImpl.java:setRole(321)) - b6ef2b53-fb64-4342-8f97-d03ee9e71060@group-9CA73B9EA204: changes role from  FOLLOWER to CANDIDATE at term 0 for changeToCandidate
2023-05-03 09:47:11,720 [b6ef2b53-fb64-4342-8f97-d03ee9e71060@group-9CA73B9EA204-FollowerState] INFO  server.RaftServerConfigKeys (ConfUtils.java:logGet(46)) - raft.server.leaderelection.pre-vote = true (default)
2023-05-03 09:47:11,720 [b6ef2b53-fb64-4342-8f97-d03ee9e71060@group-9CA73B9EA204-FollowerState] INFO  impl.RoleInfo (RoleInfo.java:updateAndGet(139)) - b6ef2b53-fb64-4342-8f97-d03ee9e71060: start b6ef2b53-fb64-4342-8f97-d03ee9e71060@group-9CA73B9EA204-LeaderElection14
2023-05-03 09:47:11,721 [b6ef2b53-fb64-4342-8f97-d03ee9e71060@group-9CA73B9EA204-LeaderElection14] INFO  impl.LeaderElection (LeaderElection.java:askForVotes(312)) - b6ef2b53-fb64-4342-8f97-d03ee9e71060@group-9CA73B9EA204-LeaderElection14 PRE_VOTE round 0: submit vote requests at term 0 for -1: peers:[bc491111-3fed-428a-bcdf-e8e8db9b92ff|rpc:10.1.0.194:34775|dataStream:10.1.0.194:34691|priority:0|startupRole:FOLLOWER, 8cc5b195-cf3c-407e-b278-6945ef8abe82|rpc:10.1.0.194:42993|dataStream:10.1.0.194:35035|priority:1|startupRole:FOLLOWER, b6ef2b53-fb64-4342-8f97-d03ee9e71060|rpc:10.1.0.194:44427|dataStream:10.1.0.194:42439|priority:0|startupRole:FOLLOWER]|listeners:[], old=null
2023-05-03 09:47:11,722 [b6ef2b53-fb64-4342-8f97-d03ee9e71060@group-9CA73B9EA204-LeaderElection14] INFO  server.RaftServerConfigKeys (ConfUtils.java:logFallback(53)) - raft.server.rpc.first-election.timeout.min = 5s (fallback to raft.server.rpc.timeout.min)
2023-05-03 09:47:11,722 [b6ef2b53-fb64-4342-8f97-d03ee9e71060@group-9CA73B9EA204-LeaderElection14] INFO  server.RaftServerConfigKeys (ConfUtils.java:logFallback(53)) - raft.server.rpc.first-election.timeout.max = 5200ms (fallback to raft.server.rpc.timeout.max)
2023-05-03 09:47:11,724 [grpc-default-executor-3] INFO  server.RaftServer$Division (RaftServerImpl.java:requestVote(1218)) - 8cc5b195-cf3c-407e-b278-6945ef8abe82@group-9CA73B9EA204: receive requestVote(PRE_VOTE, b6ef2b53-fb64-4342-8f97-d03ee9e71060, group-9CA73B9EA204, 0, (t:0, i:0))
2023-05-03 09:47:11,724 [grpc-default-executor-3] INFO  impl.VoteContext (VoteContext.java:log(49)) - 8cc5b195-cf3c-407e-b278-6945ef8abe82@group-9CA73B9EA204-FOLLOWER: reject PRE_VOTE from b6ef2b53-fb64-4342-8f97-d03ee9e71060: our priority 1 > candidate's priority 0
2023-05-03 09:47:11,724 [grpc-default-executor-3] INFO  server.RaftServer$Division (RaftServerImpl.java:requestVote(1251)) - 8cc5b195-cf3c-407e-b278-6945ef8abe82@group-9CA73B9EA204 replies to PRE_VOTE vote request: b6ef2b53-fb64-4342-8f97-d03ee9e71060<-8cc5b195-cf3c-407e-b278-6945ef8abe82#0:FAIL-t0. Peer's state: 8cc5b195-cf3c-407e-b278-6945ef8abe82@group-9CA73B9EA204:t0, leader=null, voted=, raftlog=Memoized:8cc5b195-cf3c-407e-b278-6945ef8abe82@group-9CA73B9EA204-SegmentedRaftLog:OPENED:c-1, conf=-1: peers:[bc491111-3fed-428a-bcdf-e8e8db9b92ff|rpc:10.1.0.194:34775|dataStream:10.1.0.194:34691|priority:0|startupRole:FOLLOWER, 8cc5b195-cf3c-407e-b278-6945ef8abe82|rpc:10.1.0.194:42993|dataStream:10.1.0.194:35035|priority:1|startupRole:FOLLOWER, b6ef2b53-fb64-4342-8f97-d03ee9e71060|rpc:10.1.0.194:44427|dataStream:10.1.0.194:42439|priority:0|startupRole:FOLLOWER]|listeners:[], old=null
2023-05-03 09:47:11,726 [grpc-default-executor-3] INFO  server.RaftServer$Division (RaftServerImpl.java:requestVote(1218)) - bc491111-3fed-428a-bcdf-e8e8db9b92ff@group-9CA73B9EA204: receive requestVote(PRE_VOTE, b6ef2b53-fb64-4342-8f97-d03ee9e71060, group-9CA73B9EA204, 0, (t:0, i:0))
2023-05-03 09:47:11,726 [grpc-default-executor-3] INFO  impl.VoteContext (VoteContext.java:log(49)) - bc491111-3fed-428a-bcdf-e8e8db9b92ff@group-9CA73B9EA204-FOLLOWER: accept PRE_VOTE from b6ef2b53-fb64-4342-8f97-d03ee9e71060: our priority 0 <= candidate's priority 0
2023-05-03 09:47:11,726 [grpc-default-executor-3] INFO  server.RaftServer$Division (RaftServerImpl.java:requestVote(1251)) - bc491111-3fed-428a-bcdf-e8e8db9b92ff@group-9CA73B9EA204 replies to PRE_VOTE vote request: b6ef2b53-fb64-4342-8f97-d03ee9e71060<-bc491111-3fed-428a-bcdf-e8e8db9b92ff#0:OK-t0. Peer's state: bc491111-3fed-428a-bcdf-e8e8db9b92ff@group-9CA73B9EA204:t0, leader=null, voted=, raftlog=Memoized:bc491111-3fed-428a-bcdf-e8e8db9b92ff@group-9CA73B9EA204-SegmentedRaftLog:OPENED:c-1, conf=-1: peers:[bc491111-3fed-428a-bcdf-e8e8db9b92ff|rpc:10.1.0.194:34775|dataStream:10.1.0.194:34691|priority:0|startupRole:FOLLOWER, 8cc5b195-cf3c-407e-b278-6945ef8abe82|rpc:10.1.0.194:42993|dataStream:10.1.0.194:35035|priority:1|startupRole:FOLLOWER, b6ef2b53-fb64-4342-8f97-d03ee9e71060|rpc:10.1.0.194:44427|dataStream:10.1.0.194:42439|priority:0|startupRole:FOLLOWER]|listeners:[], old=null
2023-05-03 09:47:11,728 [b6ef2b53-fb64-4342-8f97-d03ee9e71060@group-9CA73B9EA204-LeaderElection14] INFO  impl.LeaderElection (LeaderElection.java:logAndReturn(90)) - b6ef2b53-fb64-4342-8f97-d03ee9e71060@group-9CA73B9EA204-LeaderElection14: PRE_VOTE REJECTED received 1 response(s) and 0 exception(s):
2023-05-03 09:47:11,728 [b6ef2b53-fb64-4342-8f97-d03ee9e71060@group-9CA73B9EA204-LeaderElection14] INFO  impl.LeaderElection (LeaderElection.java:logAndReturn(94)) -   Response 0: b6ef2b53-fb64-4342-8f97-d03ee9e71060<-8cc5b195-cf3c-407e-b278-6945ef8abe82#0:FAIL-t0
2023-05-03 09:47:11,728 [b6ef2b53-fb64-4342-8f97-d03ee9e71060@group-9CA73B9EA204-LeaderElection14] INFO  impl.LeaderElection (LeaderElection.java:askForVotes(314)) - b6ef2b53-fb64-4342-8f97-d03ee9e71060@group-9CA73B9EA204-LeaderElection14 PRE_VOTE round 0: result REJECTED
2023-05-03 09:47:11,728 [b6ef2b53-fb64-4342-8f97-d03ee9e71060@group-9CA73B9EA204-LeaderElection14] INFO  server.RaftServer$Division (RaftServerImpl.java:setRole(321)) - b6ef2b53-fb64-4342-8f97-d03ee9e71060@group-9CA73B9EA204: changes role from CANDIDATE to FOLLOWER at term 0 for REJECTED
2023-05-03 09:47:11,728 [b6ef2b53-fb64-4342-8f97-d03ee9e71060@group-9CA73B9EA204-LeaderElection14] INFO  impl.RoleInfo (RoleInfo.java:shutdownLeaderElection(130)) - b6ef2b53-fb64-4342-8f97-d03ee9e71060: shutdown b6ef2b53-fb64-4342-8f97-d03ee9e71060@group-9CA73B9EA204-LeaderElection14
2023-05-03 09:47:11,728 [b6ef2b53-fb64-4342-8f97-d03ee9e71060@group-9CA73B9EA204-LeaderElection14] INFO  impl.RoleInfo (RoleInfo.java:updateAndGet(139)) - b6ef2b53-fb64-4342-8f97-d03ee9e71060: start b6ef2b53-fb64-4342-8f97-d03ee9e71060@group-9CA73B9EA204-FollowerState
2023-05-03 09:47:11,732 [b6ef2b53-fb64-4342-8f97-d03ee9e71060@group-9CA73B9EA204-FollowerState] INFO  server.RaftServerConfigKeys (ConfUtils.java:logFallback(53)) - raft.server.rpc.first-election.timeout.min = 5s (fallback to raft.server.rpc.timeout.min)
2023-05-03 09:47:11,732 [b6ef2b53-fb64-4342-8f97-d03ee9e71060@group-9CA73B9EA204-FollowerState] INFO  server.RaftServerConfigKeys (ConfUtils.java:logFallback(53)) - raft.server.rpc.first-election.timeout.max = 5200ms (fallback to raft.server.rpc.timeout.max)
2023-05-03 09:47:11,733 [bc491111-3fed-428a-bcdf-e8e8db9b92ff@group-9CA73B9EA204-FollowerState] INFO  server.RaftServerConfigKeys (ConfUtils.java:logFallback(53)) - raft.server.rpc.first-election.timeout.min = 5s (fallback to raft.server.rpc.timeout.min)
2023-05-03 09:47:11,734 [bc491111-3fed-428a-bcdf-e8e8db9b92ff@group-9CA73B9EA204-FollowerState] INFO  server.RaftServerConfigKeys (ConfUtils.java:logFallback(53)) - raft.server.rpc.first-election.timeout.max = 5200ms (fallback to raft.server.rpc.timeout.max)
2023-05-03 09:47:11,753 [8cc5b195-cf3c-407e-b278-6945ef8abe82@group-9CA73B9EA204-FollowerState] INFO  impl.FollowerState (FollowerState.java:run(143)) - 8cc5b195-cf3c-407e-b278-6945ef8abe82@group-9CA73B9EA204-FollowerState: change to CANDIDATE, lastRpcElapsedTime:5181451053ns, electionTimeout:5171ms
2023-05-03 09:47:11,754 [8cc5b195-cf3c-407e-b278-6945ef8abe82@group-9CA73B9EA204-FollowerState] INFO  impl.RoleInfo (RoleInfo.java:shutdownFollowerState(110)) - 8cc5b195-cf3c-407e-b278-6945ef8abe82: shutdown 8cc5b195-cf3c-407e-b278-6945ef8abe82@group-9CA73B9EA204-FollowerState
2023-05-03 09:47:11,754 [8cc5b195-cf3c-407e-b278-6945ef8abe82@group-9CA73B9EA204-FollowerState] INFO  server.RaftServer$Division (RaftServerImpl.java:setRole(321)) - 8cc5b195-cf3c-407e-b278-6945ef8abe82@group-9CA73B9EA204: changes role from  FOLLOWER to CANDIDATE at term 0 for changeToCandidate
2023-05-03 09:47:11,754 [8cc5b195-cf3c-407e-b278-6945ef8abe82@group-9CA73B9EA204-FollowerState] INFO  server.RaftServerConfigKeys (ConfUtils.java:logGet(46)) - raft.server.leaderelection.pre-vote = true (default)
2023-05-03 09:47:11,754 [8cc5b195-cf3c-407e-b278-6945ef8abe82@group-9CA73B9EA204-FollowerState] INFO  impl.RoleInfo (RoleInfo.java:updateAndGet(139)) - 8cc5b195-cf3c-407e-b278-6945ef8abe82: start 8cc5b195-cf3c-407e-b278-6945ef8abe82@group-9CA73B9EA204-LeaderElection15
2023-05-03 09:47:11,755 [8cc5b195-cf3c-407e-b278-6945ef8abe82@group-9CA73B9EA204-LeaderElection15] INFO  impl.LeaderElection (LeaderElection.java:askForVotes(312)) - 8cc5b195-cf3c-407e-b278-6945ef8abe82@group-9CA73B9EA204-LeaderElection15 PRE_VOTE round 0: submit vote requests at term 0 for -1: peers:[bc491111-3fed-428a-bcdf-e8e8db9b92ff|rpc:10.1.0.194:34775|dataStream:10.1.0.194:34691|priority:0|startupRole:FOLLOWER, 8cc5b195-cf3c-407e-b278-6945ef8abe82|rpc:10.1.0.194:42993|dataStream:10.1.0.194:35035|priority:1|startupRole:FOLLOWER, b6ef2b53-fb64-4342-8f97-d03ee9e71060|rpc:10.1.0.194:44427|dataStream:10.1.0.194:42439|priority:0|startupRole:FOLLOWER]|listeners:[], old=null
2023-05-03 09:47:11,755 [8cc5b195-cf3c-407e-b278-6945ef8abe82@group-9CA73B9EA204-LeaderElection15] INFO  server.RaftServerConfigKeys (ConfUtils.java:logFallback(53)) - raft.server.rpc.first-election.timeout.min = 5s (fallback to raft.server.rpc.timeout.min)
2023-05-03 09:47:11,755 [8cc5b195-cf3c-407e-b278-6945ef8abe82@group-9CA73B9EA204-LeaderElection15-1] INFO  server.GrpcServerProtocolClient (GrpcServerProtocolClient.java:<init>(63)) - Build channel for bc491111-3fed-428a-bcdf-e8e8db9b92ff
2023-05-03 09:47:11,755 [8cc5b195-cf3c-407e-b278-6945ef8abe82@group-9CA73B9EA204-LeaderElection15] INFO  server.RaftServerConfigKeys (ConfUtils.java:logFallback(53)) - raft.server.rpc.first-election.timeout.max = 5200ms (fallback to raft.server.rpc.timeout.max)
2023-05-03 09:47:11,755 [8cc5b195-cf3c-407e-b278-6945ef8abe82@group-9CA73B9EA204-LeaderElection15-2] INFO  server.GrpcServerProtocolClient (GrpcServerProtocolClient.java:<init>(63)) - Build channel for b6ef2b53-fb64-4342-8f97-d03ee9e71060
2023-05-03 09:47:11,767 [grpc-default-executor-3] INFO  server.RaftServer$Division (RaftServerImpl.java:requestVote(1218)) - bc491111-3fed-428a-bcdf-e8e8db9b92ff@group-9CA73B9EA204: receive requestVote(PRE_VOTE, 8cc5b195-cf3c-407e-b278-6945ef8abe82, group-9CA73B9EA204, 0, (t:0, i:0))
2023-05-03 09:47:11,767 [grpc-default-executor-3] INFO  impl.VoteContext (VoteContext.java:log(49)) - bc491111-3fed-428a-bcdf-e8e8db9b92ff@group-9CA73B9EA204-FOLLOWER: accept PRE_VOTE from 8cc5b195-cf3c-407e-b278-6945ef8abe82: our priority 0 <= candidate's priority 1
2023-05-03 09:47:11,767 [grpc-default-executor-3] INFO  server.RaftServer$Division (RaftServerImpl.java:requestVote(1251)) - bc491111-3fed-428a-bcdf-e8e8db9b92ff@group-9CA73B9EA204 replies to PRE_VOTE vote request: 8cc5b195-cf3c-407e-b278-6945ef8abe82<-bc491111-3fed-428a-bcdf-e8e8db9b92ff#0:OK-t0. Peer's state: bc491111-3fed-428a-bcdf-e8e8db9b92ff@group-9CA73B9EA204:t0, leader=null, voted=, raftlog=Memoized:bc491111-3fed-428a-bcdf-e8e8db9b92ff@group-9CA73B9EA204-SegmentedRaftLog:OPENED:c-1, conf=-1: peers:[bc491111-3fed-428a-bcdf-e8e8db9b92ff|rpc:10.1.0.194:34775|dataStream:10.1.0.194:34691|priority:0|startupRole:FOLLOWER, 8cc5b195-cf3c-407e-b278-6945ef8abe82|rpc:10.1.0.194:42993|dataStream:10.1.0.194:35035|priority:1|startupRole:FOLLOWER, b6ef2b53-fb64-4342-8f97-d03ee9e71060|rpc:10.1.0.194:44427|dataStream:10.1.0.194:42439|priority:0|startupRole:FOLLOWER]|listeners:[], old=null
2023-05-03 09:47:11,772 [grpc-default-executor-3] INFO  server.RaftServer$Division (RaftServerImpl.java:requestVote(1218)) - b6ef2b53-fb64-4342-8f97-d03ee9e71060@group-9CA73B9EA204: receive requestVote(PRE_VOTE, 8cc5b195-cf3c-407e-b278-6945ef8abe82, group-9CA73B9EA204, 0, (t:0, i:0))
2023-05-03 09:47:11,772 [grpc-default-executor-3] INFO  impl.VoteContext (VoteContext.java:log(49)) - b6ef2b53-fb64-4342-8f97-d03ee9e71060@group-9CA73B9EA204-FOLLOWER: accept PRE_VOTE from 8cc5b195-cf3c-407e-b278-6945ef8abe82: our priority 0 <= candidate's priority 1
2023-05-03 09:47:11,772 [grpc-default-executor-3] INFO  server.RaftServer$Division (RaftServerImpl.java:requestVote(1251)) - b6ef2b53-fb64-4342-8f97-d03ee9e71060@group-9CA73B9EA204 replies to PRE_VOTE vote request: 8cc5b195-cf3c-407e-b278-6945ef8abe82<-b6ef2b53-fb64-4342-8f97-d03ee9e71060#0:OK-t0. Peer's state: b6ef2b53-fb64-4342-8f97-d03ee9e71060@group-9CA73B9EA204:t0, leader=null, voted=, raftlog=Memoized:b6ef2b53-fb64-4342-8f97-d03ee9e71060@group-9CA73B9EA204-SegmentedRaftLog:OPENED:c-1, conf=-1: peers:[bc491111-3fed-428a-bcdf-e8e8db9b92ff|rpc:10.1.0.194:34775|dataStream:10.1.0.194:34691|priority:0|startupRole:FOLLOWER, 8cc5b195-cf3c-407e-b278-6945ef8abe82|rpc:10.1.0.194:42993|dataStream:10.1.0.194:35035|priority:1|startupRole:FOLLOWER, b6ef2b53-fb64-4342-8f97-d03ee9e71060|rpc:10.1.0.194:44427|dataStream:10.1.0.194:42439|priority:0|startupRole:FOLLOWER]|listeners:[], old=null
2023-05-03 09:47:11,774 [8cc5b195-cf3c-407e-b278-6945ef8abe82@group-9CA73B9EA204-LeaderElection15] INFO  impl.LeaderElection (LeaderElection.java:logAndReturn(90)) - 8cc5b195-cf3c-407e-b278-6945ef8abe82@group-9CA73B9EA204-LeaderElection15: PRE_VOTE PASSED received 1 response(s) and 0 exception(s):
2023-05-03 09:47:11,774 [8cc5b195-cf3c-407e-b278-6945ef8abe82@group-9CA73B9EA204-LeaderElection15] INFO  impl.LeaderElection (LeaderElection.java:logAndReturn(94)) -   Response 0: 8cc5b195-cf3c-407e-b278-6945ef8abe82<-bc491111-3fed-428a-bcdf-e8e8db9b92ff#0:OK-t0
2023-05-03 09:47:11,774 [8cc5b195-cf3c-407e-b278-6945ef8abe82@group-9CA73B9EA204-LeaderElection15] INFO  impl.LeaderElection (LeaderElection.java:askForVotes(314)) - 8cc5b195-cf3c-407e-b278-6945ef8abe82@group-9CA73B9EA204-LeaderElection15 PRE_VOTE round 0: result PASSED
2023-05-03 09:47:11,775 [8cc5b195-cf3c-407e-b278-6945ef8abe82@group-9CA73B9EA204-LeaderElection15] INFO  impl.LeaderElection (LeaderElection.java:askForVotes(312)) - 8cc5b195-cf3c-407e-b278-6945ef8abe82@group-9CA73B9EA204-LeaderElection15 ELECTION round 0: submit vote requests at term 1 for -1: peers:[bc491111-3fed-428a-bcdf-e8e8db9b92ff|rpc:10.1.0.194:34775|dataStream:10.1.0.194:34691|priority:0|startupRole:FOLLOWER, 8cc5b195-cf3c-407e-b278-6945ef8abe82|rpc:10.1.0.194:42993|dataStream:10.1.0.194:35035|priority:1|startupRole:FOLLOWER, b6ef2b53-fb64-4342-8f97-d03ee9e71060|rpc:10.1.0.194:44427|dataStream:10.1.0.194:42439|priority:0|startupRole:FOLLOWER]|listeners:[], old=null
2023-05-03 09:47:11,779 [8cc5b195-cf3c-407e-b278-6945ef8abe82@group-9CA73B9EA204-LeaderElection15] INFO  server.RaftServerConfigKeys (ConfUtils.java:logFallback(53)) - raft.server.rpc.first-election.timeout.min = 5s (fallback to raft.server.rpc.timeout.min)
2023-05-03 09:47:11,779 [grpc-default-executor-3] INFO  server.RaftServer$Division (RaftServerImpl.java:requestVote(1218)) - bc491111-3fed-428a-bcdf-e8e8db9b92ff@group-9CA73B9EA204: receive requestVote(ELECTION, 8cc5b195-cf3c-407e-b278-6945ef8abe82, group-9CA73B9EA204, 1, (t:0, i:0))
2023-05-03 09:47:11,779 [grpc-default-executor-3] INFO  impl.VoteContext (VoteContext.java:log(49)) - bc491111-3fed-428a-bcdf-e8e8db9b92ff@group-9CA73B9EA204-FOLLOWER: accept ELECTION from 8cc5b195-cf3c-407e-b278-6945ef8abe82: our priority 0 <= candidate's priority 1
2023-05-03 09:47:11,779 [grpc-default-executor-3] INFO  server.RaftServer$Division (RaftServerImpl.java:setRole(321)) - bc491111-3fed-428a-bcdf-e8e8db9b92ff@group-9CA73B9EA204: changes role from  FOLLOWER to FOLLOWER at term 1 for candidate:8cc5b195-cf3c-407e-b278-6945ef8abe82
2023-05-03 09:47:11,779 [grpc-default-executor-3] INFO  impl.RoleInfo (RoleInfo.java:shutdownFollowerState(110)) - bc491111-3fed-428a-bcdf-e8e8db9b92ff: shutdown bc491111-3fed-428a-bcdf-e8e8db9b92ff@group-9CA73B9EA204-FollowerState
2023-05-03 09:47:11,779 [grpc-default-executor-3] INFO  impl.RoleInfo (RoleInfo.java:updateAndGet(139)) - bc491111-3fed-428a-bcdf-e8e8db9b92ff: start bc491111-3fed-428a-bcdf-e8e8db9b92ff@group-9CA73B9EA204-FollowerState
2023-05-03 09:47:11,779 [bc491111-3fed-428a-bcdf-e8e8db9b92ff@group-9CA73B9EA204-FollowerState] INFO  impl.FollowerState (FollowerState.java:run(152)) - bc491111-3fed-428a-bcdf-e8e8db9b92ff@group-9CA73B9EA204-FollowerState was interrupted
2023-05-03 09:47:11,779 [8cc5b195-cf3c-407e-b278-6945ef8abe82@group-9CA73B9EA204-LeaderElection15] INFO  server.RaftServerConfigKeys (ConfUtils.java:logFallback(53)) - raft.server.rpc.first-election.timeout.max = 5200ms (fallback to raft.server.rpc.timeout.max)
2023-05-03 09:47:11,786 [grpc-default-executor-0] INFO  server.RaftServer$Division (RaftServerImpl.java:requestVote(1218)) - b6ef2b53-fb64-4342-8f97-d03ee9e71060@group-9CA73B9EA204: receive requestVote(ELECTION, 8cc5b195-cf3c-407e-b278-6945ef8abe82, group-9CA73B9EA204, 1, (t:0, i:0))
2023-05-03 09:47:11,786 [grpc-default-executor-0] INFO  impl.VoteContext (VoteContext.java:log(49)) - b6ef2b53-fb64-4342-8f97-d03ee9e71060@group-9CA73B9EA204-FOLLOWER: accept ELECTION from 8cc5b195-cf3c-407e-b278-6945ef8abe82: our priority 0 <= candidate's priority 1
2023-05-03 09:47:11,786 [grpc-default-executor-0] INFO  server.RaftServer$Division (RaftServerImpl.java:setRole(321)) - b6ef2b53-fb64-4342-8f97-d03ee9e71060@group-9CA73B9EA204: changes role from  FOLLOWER to FOLLOWER at term 1 for candidate:8cc5b195-cf3c-407e-b278-6945ef8abe82
2023-05-03 09:47:11,786 [grpc-default-executor-0] INFO  impl.RoleInfo (RoleInfo.java:shutdownFollowerState(110)) - b6ef2b53-fb64-4342-8f97-d03ee9e71060: shutdown b6ef2b53-fb64-4342-8f97-d03ee9e71060@group-9CA73B9EA204-FollowerState
2023-05-03 09:47:11,786 [grpc-default-executor-0] INFO  impl.RoleInfo (RoleInfo.java:updateAndGet(139)) - b6ef2b53-fb64-4342-8f97-d03ee9e71060: start b6ef2b53-fb64-4342-8f97-d03ee9e71060@group-9CA73B9EA204-FollowerState
2023-05-03 09:47:11,786 [b6ef2b53-fb64-4342-8f97-d03ee9e71060@group-9CA73B9EA204-FollowerState] INFO  impl.FollowerState (FollowerState.java:run(152)) - b6ef2b53-fb64-4342-8f97-d03ee9e71060@group-9CA73B9EA204-FollowerState was interrupted
2023-05-03 09:47:11,787 [grpc-default-executor-3] INFO  server.RaftServer$Division (RaftServerImpl.java:requestVote(1251)) - bc491111-3fed-428a-bcdf-e8e8db9b92ff@group-9CA73B9EA204 replies to ELECTION vote request: 8cc5b195-cf3c-407e-b278-6945ef8abe82<-bc491111-3fed-428a-bcdf-e8e8db9b92ff#0:OK-t1. Peer's state: bc491111-3fed-428a-bcdf-e8e8db9b92ff@group-9CA73B9EA204:t1, leader=null, voted=8cc5b195-cf3c-407e-b278-6945ef8abe82, raftlog=Memoized:bc491111-3fed-428a-bcdf-e8e8db9b92ff@group-9CA73B9EA204-SegmentedRaftLog:OPENED:c-1, conf=-1: peers:[bc491111-3fed-428a-bcdf-e8e8db9b92ff|rpc:10.1.0.194:34775|dataStream:10.1.0.194:34691|priority:0|startupRole:FOLLOWER, 8cc5b195-cf3c-407e-b278-6945ef8abe82|rpc:10.1.0.194:42993|dataStream:10.1.0.194:35035|priority:1|startupRole:FOLLOWER, b6ef2b53-fb64-4342-8f97-d03ee9e71060|rpc:10.1.0.194:44427|dataStream:10.1.0.194:42439|priority:0|startupRole:FOLLOWER]|listeners:[], old=null
2023-05-03 09:47:11,788 [b6ef2b53-fb64-4342-8f97-d03ee9e71060@group-9CA73B9EA204-FollowerState] INFO  server.RaftServerConfigKeys (ConfUtils.java:logFallback(53)) - raft.server.rpc.first-election.timeout.min = 5s (fallback to raft.server.rpc.timeout.min)
2023-05-03 09:47:11,788 [b6ef2b53-fb64-4342-8f97-d03ee9e71060@group-9CA73B9EA204-FollowerState] INFO  server.RaftServerConfigKeys (ConfUtils.java:logFallback(53)) - raft.server.rpc.first-election.timeout.max = 5200ms (fallback to raft.server.rpc.timeout.max)
2023-05-03 09:47:11,788 [8cc5b195-cf3c-407e-b278-6945ef8abe82@group-9CA73B9EA204-LeaderElection15] INFO  impl.LeaderElection (LeaderElection.java:logAndReturn(90)) - 8cc5b195-cf3c-407e-b278-6945ef8abe82@group-9CA73B9EA204-LeaderElection15: ELECTION PASSED received 1 response(s) and 0 exception(s):
2023-05-03 09:47:11,788 [8cc5b195-cf3c-407e-b278-6945ef8abe82@group-9CA73B9EA204-LeaderElection15] INFO  impl.LeaderElection (LeaderElection.java:logAndReturn(94)) -   Response 0: 8cc5b195-cf3c-407e-b278-6945ef8abe82<-bc491111-3fed-428a-bcdf-e8e8db9b92ff#0:OK-t1
2023-05-03 09:47:11,788 [8cc5b195-cf3c-407e-b278-6945ef8abe82@group-9CA73B9EA204-LeaderElection15] INFO  impl.LeaderElection (LeaderElection.java:askForVotes(314)) - 8cc5b195-cf3c-407e-b278-6945ef8abe82@group-9CA73B9EA204-LeaderElection15 ELECTION round 0: result PASSED
2023-05-03 09:47:11,788 [8cc5b195-cf3c-407e-b278-6945ef8abe82@group-9CA73B9EA204-LeaderElection15] INFO  impl.RoleInfo (RoleInfo.java:shutdownLeaderElection(130)) - 8cc5b195-cf3c-407e-b278-6945ef8abe82: shutdown 8cc5b195-cf3c-407e-b278-6945ef8abe82@group-9CA73B9EA204-LeaderElection15
2023-05-03 09:47:11,788 [8cc5b195-cf3c-407e-b278-6945ef8abe82@group-9CA73B9EA204-LeaderElection15] INFO  server.RaftServer$Division (RaftServerImpl.java:setRole(321)) - 8cc5b195-cf3c-407e-b278-6945ef8abe82@group-9CA73B9EA204: changes role from CANDIDATE to LEADER at term 1 for changeToLeader
2023-05-03 09:47:11,788 [8cc5b195-cf3c-407e-b278-6945ef8abe82@group-9CA73B9EA204-LeaderElection15] INFO  ratis.XceiverServerRatis (XceiverServerRatis.java:handleLeaderChangedNotification(904)) - Leader change notification received for group: group-9CA73B9EA204 with new leaderId: 8cc5b195-cf3c-407e-b278-6945ef8abe82
2023-05-03 09:47:11,788 [8cc5b195-cf3c-407e-b278-6945ef8abe82@group-9CA73B9EA204-LeaderElection15] INFO  server.RaftServer$Division (ServerState.java:setLeader(313)) - 8cc5b195-cf3c-407e-b278-6945ef8abe82@group-9CA73B9EA204: change Leader from null to 8cc5b195-cf3c-407e-b278-6945ef8abe82 at term 1 for becomeLeader, leader elected after 5232ms
2023-05-03 09:47:11,789 [8cc5b195-cf3c-407e-b278-6945ef8abe82@group-9CA73B9EA204-LeaderElection15] INFO  server.RaftServerConfigKeys (ConfUtils.java:logGet(46)) - raft.server.staging.catchup.gap = 1000 (default)
2023-05-03 09:47:11,789 [8cc5b195-cf3c-407e-b278-6945ef8abe82@group-9CA73B9EA204-LeaderElection15] INFO  server.RaftServerConfigKeys (ConfUtils.java:logGet(46)) - raft.server.write.element-limit = 1024 (custom)
2023-05-03 09:47:11,789 [8cc5b195-cf3c-407e-b278-6945ef8abe82@group-9CA73B9EA204-LeaderElection15] INFO  server.RaftServerConfigKeys (ConfUtils.java:logGet(46)) - raft.server.write.byte-limit = 1024 M (=1073741824) (custom)
2023-05-03 09:47:11,789 [8cc5b195-cf3c-407e-b278-6945ef8abe82@group-9CA73B9EA204-LeaderElection15] INFO  server.RaftServerConfigKeys (ConfUtils.java:logGet(46)) - raft.server.watch.timeout = 180s (custom)
2023-05-03 09:47:11,789 [8cc5b195-cf3c-407e-b278-6945ef8abe82@group-9CA73B9EA204-LeaderElection15] INFO  server.RaftServerConfigKeys (ConfUtils.java:logGet(46)) - raft.server.watch.timeout.denomination = 1s (default)
2023-05-03 09:47:11,789 [8cc5b195-cf3c-407e-b278-6945ef8abe82@group-9CA73B9EA204-LeaderElection15] INFO  server.RaftServerConfigKeys (ConfUtils.java:logGet(46)) - raft.server.watch.element-limit = 65536 (default)
2023-05-03 09:47:11,790 [8cc5b195-cf3c-407e-b278-6945ef8abe82@group-9CA73B9EA204-LeaderElection15] INFO  server.RaftServerConfigKeys (ConfUtils.java:logGet(46)) - raft.server.write.element-limit = 1024 (custom)
2023-05-03 09:47:11,790 [EventQueue-PipelineReportForPipelineReportHandler] INFO  pipeline.PipelineManagerImpl (PipelineManagerImpl.java:openPipeline(367)) - Pipeline Pipeline[ Id: 7ed62545-e1cd-421a-bf19-9ca73b9ea204, Nodes: b6ef2b53-fb64-4342-8f97-d03ee9e71060(fv-az139-793.t0dryja4c43urhy2nvp0adewnd.cx.internal.cloudapp.net/10.1.0.194)bc491111-3fed-428a-bcdf-e8e8db9b92ff(fv-az139-793.t0dryja4c43urhy2nvp0adewnd.cx.internal.cloudapp.net/10.1.0.194)8cc5b195-cf3c-407e-b278-6945ef8abe82(fv-az139-793.t0dryja4c43urhy2nvp0adewnd.cx.internal.cloudapp.net/10.1.0.194), ReplicationConfig: RATIS/THREE, State:ALLOCATED, leaderId:8cc5b195-cf3c-407e-b278-6945ef8abe82, CreationTimestamp2023-05-03T09:47:03.992Z[Etc/UTC]] moved to OPEN state
2023-05-03 09:47:11,790 [8cc5b195-cf3c-407e-b278-6945ef8abe82@group-9CA73B9EA204-LeaderElection15] INFO  server.RaftServerConfigKeys (ConfUtils.java:logGet(46)) - raft.server.write.follower.gap.ratio.max = -1.0 (default)
2023-05-03 09:47:11,790 [8cc5b195-cf3c-407e-b278-6945ef8abe82@group-9CA73B9EA204-LeaderElection15] INFO  server.RaftServerConfigKeys (ConfUtils.java:logGet(46)) - raft.server.log.appender.snapshot.chunk.size.max = 16MB (=16777216) (default)
2023-05-03 09:47:11,790 [8cc5b195-cf3c-407e-b278-6945ef8abe82@group-9CA73B9EA204-LeaderElection15] INFO  server.RaftServerConfigKeys (ConfUtils.java:logGet(46)) - raft.server.log.appender.buffer.byte-limit = 33554432 (custom)
2023-05-03 09:47:11,788 [grpc-default-executor-0] INFO  server.RaftServer$Division (RaftServerImpl.java:requestVote(1251)) - b6ef2b53-fb64-4342-8f97-d03ee9e71060@group-9CA73B9EA204 replies to ELECTION vote request: 8cc5b195-cf3c-407e-b278-6945ef8abe82<-b6ef2b53-fb64-4342-8f97-d03ee9e71060#0:OK-t1. Peer's state: b6ef2b53-fb64-4342-8f97-d03ee9e71060@group-9CA73B9EA204:t1, leader=null, voted=8cc5b195-cf3c-407e-b278-6945ef8abe82, raftlog=Memoized:b6ef2b53-fb64-4342-8f97-d03ee9e71060@group-9CA73B9EA204-SegmentedRaftLog:OPENED:c-1, conf=-1: peers:[bc491111-3fed-428a-bcdf-e8e8db9b92ff|rpc:10.1.0.194:34775|dataStream:10.1.0.194:34691|priority:0|startupRole:FOLLOWER, 8cc5b195-cf3c-407e-b278-6945ef8abe82|rpc:10.1.0.194:42993|dataStream:10.1.0.194:35035|priority:1|startupRole:FOLLOWER, b6ef2b53-fb64-4342-8f97-d03ee9e71060|rpc:10.1.0.194:44427|dataStream:10.1.0.194:42439|priority:0|startupRole:FOLLOWER]|listeners:[], old=null
2023-05-03 09:47:11,790 [8cc5b195-cf3c-407e-b278-6945ef8abe82@group-9CA73B9EA204-LeaderElection15] INFO  server.RaftServerConfigKeys (ConfUtils.java:logGet(46)) - raft.server.log.appender.buffer.element-limit = 1 (custom)
2023-05-03 09:47:11,790 [8cc5b195-cf3c-407e-b278-6945ef8abe82@group-9CA73B9EA204-LeaderElection15] INFO  grpc.GrpcConfigKeys (ConfUtils.java:logGet(46)) - raft.grpc.server.leader.outstanding.appends.max = 128 (default)
2023-05-03 09:47:11,790 [8cc5b195-cf3c-407e-b278-6945ef8abe82@group-9CA73B9EA204-LeaderElection15] INFO  server.RaftServerConfigKeys (ConfUtils.java:logGet(46)) - raft.server.rpc.request.timeout = 60s (custom)
2023-05-03 09:47:11,790 [8cc5b195-cf3c-407e-b278-6945ef8abe82@group-9CA73B9EA204-LeaderElection15] INFO  server.RaftServerConfigKeys (ConfUtils.java:logGet(46)) - raft.server.log.appender.install.snapshot.enabled = false (custom)
2023-05-03 09:47:11,791 [8cc5b195-cf3c-407e-b278-6945ef8abe82@group-9CA73B9EA204-LeaderElection15] INFO  grpc.GrpcConfigKeys (ConfUtils.java:logGet(46)) - raft.grpc.server.heartbeat.channel = true (default)
2023-05-03 09:47:11,791 [8cc5b195-cf3c-407e-b278-6945ef8abe82@group-9CA73B9EA204-LeaderElection15] INFO  server.RaftServerConfigKeys (ConfUtils.java:logGet(46)) - raft.server.log.appender.wait-time.min = 10ms (default)
2023-05-03 09:47:11,791 [8cc5b195-cf3c-407e-b278-6945ef8abe82@group-9CA73B9EA204-LeaderElection15] INFO  server.RaftServerConfigKeys (ConfUtils.java:logGet(46)) - raft.server.log.appender.snapshot.chunk.size.max = 16MB (=16777216) (default)
2023-05-03 09:47:11,791 [8cc5b195-cf3c-407e-b278-6945ef8abe82@group-9CA73B9EA204-LeaderElection15] INFO  server.RaftServerConfigKeys (ConfUtils.java:logGet(46)) - raft.server.log.appender.buffer.byte-limit = 33554432 (custom)
2023-05-03 09:47:11,791 [8cc5b195-cf3c-407e-b278-6945ef8abe82@group-9CA73B9EA204-LeaderElection15] INFO  server.RaftServerConfigKeys (ConfUtils.java:logGet(46)) - raft.server.log.appender.buffer.element-limit = 1 (custom)
2023-05-03 09:47:11,791 [8cc5b195-cf3c-407e-b278-6945ef8abe82@group-9CA73B9EA204-LeaderElection15] INFO  grpc.GrpcConfigKeys (ConfUtils.java:logGet(46)) - raft.grpc.server.leader.outstanding.appends.max = 128 (default)
2023-05-03 09:47:11,791 [8cc5b195-cf3c-407e-b278-6945ef8abe82@group-9CA73B9EA204-LeaderElection15] INFO  server.RaftServerConfigKeys (ConfUtils.java:logGet(46)) - raft.server.rpc.request.timeout = 60s (custom)
2023-05-03 09:47:11,791 [8cc5b195-cf3c-407e-b278-6945ef8abe82@group-9CA73B9EA204-LeaderElection15] INFO  server.RaftServerConfigKeys (ConfUtils.java:logGet(46)) - raft.server.log.appender.install.snapshot.enabled = false (custom)
2023-05-03 09:47:11,791 [8cc5b195-cf3c-407e-b278-6945ef8abe82@group-9CA73B9EA204-LeaderElection15] INFO  grpc.GrpcConfigKeys (ConfUtils.java:logGet(46)) - raft.grpc.server.heartbeat.channel = true (default)
2023-05-03 09:47:11,791 [8cc5b195-cf3c-407e-b278-6945ef8abe82@group-9CA73B9EA204-LeaderElection15] INFO  server.RaftServerConfigKeys (ConfUtils.java:logGet(46)) - raft.server.log.appender.wait-time.min = 10ms (default)
2023-05-03 09:47:11,792 [8cc5b195-cf3c-407e-b278-6945ef8abe82@group-9CA73B9EA204-LeaderElection15] INFO  impl.RoleInfo (RoleInfo.java:updateAndGet(139)) - 8cc5b195-cf3c-407e-b278-6945ef8abe82: start 8cc5b195-cf3c-407e-b278-6945ef8abe82@group-9CA73B9EA204-LeaderStateImpl
2023-05-03 09:47:11,792 [8cc5b195-cf3c-407e-b278-6945ef8abe82@group-9CA73B9EA204-LeaderElection15] INFO  segmented.SegmentedRaftLogWorker (SegmentedRaftLogWorker.java:startLogSegment(452)) - 8cc5b195-cf3c-407e-b278-6945ef8abe82@group-9CA73B9EA204-SegmentedRaftLogWorker: Starting segment from index:0
2023-05-03 09:47:11,793 [bc491111-3fed-428a-bcdf-e8e8db9b92ff@group-9CA73B9EA204-FollowerState] INFO  server.RaftServerConfigKeys (ConfUtils.java:logFallback(53)) - raft.server.rpc.first-election.timeout.min = 5s (fallback to raft.server.rpc.timeout.min)
2023-05-03 09:47:11,793 [8cc5b195-cf3c-407e-b278-6945ef8abe82@group-9CA73B9EA204-SegmentedRaftLogWorker] INFO  segmented.SegmentedRaftLogWorker (SegmentedRaftLogWorker.java:execute(656)) - 8cc5b195-cf3c-407e-b278-6945ef8abe82@group-9CA73B9EA204-SegmentedRaftLogWorker: created new log segment /home/runner/work/ozone/ozone/hadoop-ozone/integration-test/target/test-dir/MiniOzoneClusterImpl-1ffe41d3-309f-458f-85b5-47035b7448ff/datanode-2/data/ratis/7ed62545-e1cd-421a-bf19-9ca73b9ea204/current/log_inprogress_0
2023-05-03 09:47:11,794 [bc491111-3fed-428a-bcdf-e8e8db9b92ff@group-9CA73B9EA204-FollowerState] INFO  server.RaftServerConfigKeys (ConfUtils.java:logFallback(53)) - raft.server.rpc.first-election.timeout.max = 5200ms (fallback to raft.server.rpc.timeout.max)
2023-05-03 09:47:11,800 [8cc5b195-cf3c-407e-b278-6945ef8abe82@group-9CA73B9EA204-LeaderElection15] INFO  server.RaftServer$Division (ServerState.java:setRaftConf(430)) - 8cc5b195-cf3c-407e-b278-6945ef8abe82@group-9CA73B9EA204: set configuration 0: peers:[bc491111-3fed-428a-bcdf-e8e8db9b92ff|rpc:10.1.0.194:34775|dataStream:10.1.0.194:34691|priority:0|startupRole:FOLLOWER, 8cc5b195-cf3c-407e-b278-6945ef8abe82|rpc:10.1.0.194:42993|dataStream:10.1.0.194:35035|priority:1|startupRole:FOLLOWER, b6ef2b53-fb64-4342-8f97-d03ee9e71060|rpc:10.1.0.194:44427|dataStream:10.1.0.194:42439|priority:0|startupRole:FOLLOWER]|listeners:[], old=null
2023-05-03 09:47:11,806 [bc491111-3fed-428a-bcdf-e8e8db9b92ff@group-A196572FD212-FollowerState] INFO  impl.FollowerState (FollowerState.java:run(143)) - bc491111-3fed-428a-bcdf-e8e8db9b92ff@group-A196572FD212-FollowerState: change to CANDIDATE, lastRpcElapsedTime:5126959777ns, electionTimeout:5122ms
2023-05-03 09:47:11,806 [bc491111-3fed-428a-bcdf-e8e8db9b92ff@group-A196572FD212-FollowerState] INFO  impl.RoleInfo (RoleInfo.java:shutdownFollowerState(110)) - bc491111-3fed-428a-bcdf-e8e8db9b92ff: shutdown bc491111-3fed-428a-bcdf-e8e8db9b92ff@group-A196572FD212-FollowerState
2023-05-03 09:47:11,806 [bc491111-3fed-428a-bcdf-e8e8db9b92ff@group-A196572FD212-FollowerState] INFO  server.RaftServer$Division (RaftServerImpl.java:setRole(321)) - bc491111-3fed-428a-bcdf-e8e8db9b92ff@group-A196572FD212: changes role from  FOLLOWER to CANDIDATE at term 0 for changeToCandidate
2023-05-03 09:47:11,806 [bc491111-3fed-428a-bcdf-e8e8db9b92ff@group-A196572FD212-FollowerState] INFO  server.RaftServerConfigKeys (ConfUtils.java:logGet(46)) - raft.server.leaderelection.pre-vote = true (default)
2023-05-03 09:47:11,806 [bc491111-3fed-428a-bcdf-e8e8db9b92ff@group-A196572FD212-FollowerState] INFO  impl.RoleInfo (RoleInfo.java:updateAndGet(139)) - bc491111-3fed-428a-bcdf-e8e8db9b92ff: start bc491111-3fed-428a-bcdf-e8e8db9b92ff@group-A196572FD212-LeaderElection16
2023-05-03 09:47:11,806 [bc491111-3fed-428a-bcdf-e8e8db9b92ff-server-thread1] INFO  ratis.XceiverServerRatis (XceiverServerRatis.java:handleLeaderChangedNotification(904)) - Leader change notification received for group: group-9CA73B9EA204 with new leaderId: 8cc5b195-cf3c-407e-b278-6945ef8abe82
2023-05-03 09:47:11,806 [bc491111-3fed-428a-bcdf-e8e8db9b92ff-server-thread1] INFO  server.RaftServer$Division (ServerState.java:setLeader(313)) - bc491111-3fed-428a-bcdf-e8e8db9b92ff@group-9CA73B9EA204: change Leader from null to 8cc5b195-cf3c-407e-b278-6945ef8abe82 at term 1 for appendEntries, leader elected after 5274ms
2023-05-03 09:47:11,810 [bc491111-3fed-428a-bcdf-e8e8db9b92ff@group-A196572FD212-LeaderElection16] INFO  impl.LeaderElection (LeaderElection.java:askForVotes(312)) - bc491111-3fed-428a-bcdf-e8e8db9b92ff@group-A196572FD212-LeaderElection16 PRE_VOTE round 0: submit vote requests at term 0 for -1: peers:[bc491111-3fed-428a-bcdf-e8e8db9b92ff|rpc:10.1.0.194:34775|dataStream:10.1.0.194:34691|priority:1|startupRole:FOLLOWER]|listeners:[], old=null
2023-05-03 09:47:11,811 [bc491111-3fed-428a-bcdf-e8e8db9b92ff@group-A196572FD212-LeaderElection16] INFO  impl.LeaderElection (LeaderElection.java:askForVotes(314)) - bc491111-3fed-428a-bcdf-e8e8db9b92ff@group-A196572FD212-LeaderElection16 PRE_VOTE round 0: result PASSED (term=0)
2023-05-03 09:47:11,811 [bc491111-3fed-428a-bcdf-e8e8db9b92ff@group-A196572FD212-LeaderElection16] INFO  impl.LeaderElection (LeaderElection.java:askForVotes(312)) - bc491111-3fed-428a-bcdf-e8e8db9b92ff@group-A196572FD212-LeaderElection16 ELECTION round 0: submit vote requests at term 1 for -1: peers:[bc491111-3fed-428a-bcdf-e8e8db9b92ff|rpc:10.1.0.194:34775|dataStream:10.1.0.194:34691|priority:1|startupRole:FOLLOWER]|listeners:[], old=null
2023-05-03 09:47:11,811 [bc491111-3fed-428a-bcdf-e8e8db9b92ff@group-A196572FD212-LeaderElection16] INFO  impl.LeaderElection (LeaderElection.java:askForVotes(314)) - bc491111-3fed-428a-bcdf-e8e8db9b92ff@group-A196572FD212-LeaderElection16 ELECTION round 0: result PASSED (term=1)
2023-05-03 09:47:11,812 [bc491111-3fed-428a-bcdf-e8e8db9b92ff@group-A196572FD212-LeaderElection16] INFO  impl.RoleInfo (RoleInfo.java:shutdownLeaderElection(130)) - bc491111-3fed-428a-bcdf-e8e8db9b92ff: shutdown bc491111-3fed-428a-bcdf-e8e8db9b92ff@group-A196572FD212-LeaderElection16
2023-05-03 09:47:11,812 [bc491111-3fed-428a-bcdf-e8e8db9b92ff@group-A196572FD212-LeaderElection16] INFO  server.RaftServer$Division (RaftServerImpl.java:setRole(321)) - bc491111-3fed-428a-bcdf-e8e8db9b92ff@group-A196572FD212: changes role from CANDIDATE to LEADER at term 1 for changeToLeader
2023-05-03 09:47:11,812 [bc491111-3fed-428a-bcdf-e8e8db9b92ff@group-A196572FD212-LeaderElection16] INFO  ratis.XceiverServerRatis (XceiverServerRatis.java:handleLeaderChangedNotification(904)) - Leader change notification received for group: group-A196572FD212 with new leaderId: bc491111-3fed-428a-bcdf-e8e8db9b92ff
2023-05-03 09:47:11,815 [b6ef2b53-fb64-4342-8f97-d03ee9e71060-server-thread1] INFO  ratis.XceiverServerRatis (XceiverServerRatis.java:handleLeaderChangedNotification(904)) - Leader change notification received for group: group-9CA73B9EA204 with new leaderId: 8cc5b195-cf3c-407e-b278-6945ef8abe82
2023-05-03 09:47:11,815 [b6ef2b53-fb64-4342-8f97-d03ee9e71060-server-thread1] INFO  server.RaftServer$Division (ServerState.java:setLeader(313)) - b6ef2b53-fb64-4342-8f97-d03ee9e71060@group-9CA73B9EA204: change Leader from null to 8cc5b195-cf3c-407e-b278-6945ef8abe82 at term 1 for appendEntries, leader elected after 5305ms
2023-05-03 09:47:11,816 [bc491111-3fed-428a-bcdf-e8e8db9b92ff-server-thread2] INFO  server.RaftServer$Division (ServerState.java:setRaftConf(430)) - bc491111-3fed-428a-bcdf-e8e8db9b92ff@group-9CA73B9EA204: set configuration 0: peers:[bc491111-3fed-428a-bcdf-e8e8db9b92ff|rpc:10.1.0.194:34775|dataStream:10.1.0.194:34691|priority:0|startupRole:FOLLOWER, 8cc5b195-cf3c-407e-b278-6945ef8abe82|rpc:10.1.0.194:42993|dataStream:10.1.0.194:35035|priority:1|startupRole:FOLLOWER, b6ef2b53-fb64-4342-8f97-d03ee9e71060|rpc:10.1.0.194:44427|dataStream:10.1.0.194:42439|priority:0|startupRole:FOLLOWER]|listeners:[], old=null
2023-05-03 09:47:11,816 [bc491111-3fed-428a-bcdf-e8e8db9b92ff-server-thread2] INFO  segmented.SegmentedRaftLogWorker (SegmentedRaftLogWorker.java:startLogSegment(452)) - bc491111-3fed-428a-bcdf-e8e8db9b92ff@group-9CA73B9EA204-SegmentedRaftLogWorker: Starting segment from index:0
2023-05-03 09:47:11,817 [bc491111-3fed-428a-bcdf-e8e8db9b92ff@group-A196572FD212-LeaderElection16] INFO  server.RaftServer$Division (ServerState.java:setLeader(313)) - bc491111-3fed-428a-bcdf-e8e8db9b92ff@group-A196572FD212: change Leader from null to bc491111-3fed-428a-bcdf-e8e8db9b92ff at term 1 for becomeLeader, leader elected after 5144ms
2023-05-03 09:47:11,818 [bc491111-3fed-428a-bcdf-e8e8db9b92ff@group-A196572FD212-LeaderElection16] INFO  server.RaftServerConfigKeys (ConfUtils.java:logGet(46)) - raft.server.staging.catchup.gap = 1000 (default)
2023-05-03 09:47:11,818 [b6ef2b53-fb64-4342-8f97-d03ee9e71060-server-thread1] INFO  server.RaftServer$Division (ServerState.java:setRaftConf(430)) - b6ef2b53-fb64-4342-8f97-d03ee9e71060@group-9CA73B9EA204: set configuration 0: peers:[bc491111-3fed-428a-bcdf-e8e8db9b92ff|rpc:10.1.0.194:34775|dataStream:10.1.0.194:34691|priority:0|startupRole:FOLLOWER, 8cc5b195-cf3c-407e-b278-6945ef8abe82|rpc:10.1.0.194:42993|dataStream:10.1.0.194:35035|priority:1|startupRole:FOLLOWER, b6ef2b53-fb64-4342-8f97-d03ee9e71060|rpc:10.1.0.194:44427|dataStream:10.1.0.194:42439|priority:0|startupRole:FOLLOWER]|listeners:[], old=null
2023-05-03 09:47:11,818 [bc491111-3fed-428a-bcdf-e8e8db9b92ff@group-A196572FD212-LeaderElection16] INFO  server.RaftServerConfigKeys (ConfUtils.java:logGet(46)) - raft.server.write.element-limit = 1024 (custom)
2023-05-03 09:47:11,818 [bc491111-3fed-428a-bcdf-e8e8db9b92ff@group-A196572FD212-LeaderElection16] INFO  server.RaftServerConfigKeys (ConfUtils.java:logGet(46)) - raft.server.write.byte-limit = 1024 M (=1073741824) (custom)
2023-05-03 09:47:11,818 [b6ef2b53-fb64-4342-8f97-d03ee9e71060-server-thread1] INFO  segmented.SegmentedRaftLogWorker (SegmentedRaftLogWorker.java:startLogSegment(452)) - b6ef2b53-fb64-4342-8f97-d03ee9e71060@group-9CA73B9EA204-SegmentedRaftLogWorker: Starting segment from index:0
2023-05-03 09:47:11,818 [bc491111-3fed-428a-bcdf-e8e8db9b92ff@group-A196572FD212-LeaderElection16] INFO  server.RaftServerConfigKeys (ConfUtils.java:logGet(46)) - raft.server.watch.timeout = 180s (custom)
2023-05-03 09:47:11,818 [bc491111-3fed-428a-bcdf-e8e8db9b92ff@group-A196572FD212-LeaderElection16] INFO  server.RaftServerConfigKeys (ConfUtils.java:logGet(46)) - raft.server.watch.timeout.denomination = 1s (default)
2023-05-03 09:47:11,818 [bc491111-3fed-428a-bcdf-e8e8db9b92ff@group-A196572FD212-LeaderElection16] INFO  server.RaftServerConfigKeys (ConfUtils.java:logGet(46)) - raft.server.watch.element-limit = 65536 (default)
2023-05-03 09:47:11,818 [bc491111-3fed-428a-bcdf-e8e8db9b92ff@group-A196572FD212-LeaderElection16] INFO  server.RaftServerConfigKeys (ConfUtils.java:logGet(46)) - raft.server.write.element-limit = 1024 (custom)
2023-05-03 09:47:11,818 [bc491111-3fed-428a-bcdf-e8e8db9b92ff@group-A196572FD212-LeaderElection16] INFO  server.RaftServerConfigKeys (ConfUtils.java:logGet(46)) - raft.server.write.follower.gap.ratio.max = -1.0 (default)
2023-05-03 09:47:11,818 [bc491111-3fed-428a-bcdf-e8e8db9b92ff@group-A196572FD212-LeaderElection16] INFO  impl.RoleInfo (RoleInfo.java:updateAndGet(139)) - bc491111-3fed-428a-bcdf-e8e8db9b92ff: start bc491111-3fed-428a-bcdf-e8e8db9b92ff@group-A196572FD212-LeaderStateImpl
2023-05-03 09:47:11,819 [bc491111-3fed-428a-bcdf-e8e8db9b92ff@group-A196572FD212-LeaderElection16] INFO  segmented.SegmentedRaftLogWorker (SegmentedRaftLogWorker.java:startLogSegment(452)) - bc491111-3fed-428a-bcdf-e8e8db9b92ff@group-A196572FD212-SegmentedRaftLogWorker: Starting segment from index:0
2023-05-03 09:47:11,819 [b6ef2b53-fb64-4342-8f97-d03ee9e71060@group-9CA73B9EA204-SegmentedRaftLogWorker] INFO  segmented.SegmentedRaftLogWorker (SegmentedRaftLogWorker.java:execute(656)) - b6ef2b53-fb64-4342-8f97-d03ee9e71060@group-9CA73B9EA204-SegmentedRaftLogWorker: created new log segment /home/runner/work/ozone/ozone/hadoop-ozone/integration-test/target/test-dir/MiniOzoneClusterImpl-1ffe41d3-309f-458f-85b5-47035b7448ff/datanode-0/data/ratis/7ed62545-e1cd-421a-bf19-9ca73b9ea204/current/log_inprogress_0
2023-05-03 09:47:11,819 [bc491111-3fed-428a-bcdf-e8e8db9b92ff@group-A196572FD212-LeaderElection16] INFO  server.RaftServer$Division (ServerState.java:setRaftConf(430)) - bc491111-3fed-428a-bcdf-e8e8db9b92ff@group-A196572FD212: set configuration 0: peers:[bc491111-3fed-428a-bcdf-e8e8db9b92ff|rpc:10.1.0.194:34775|dataStream:10.1.0.194:34691|priority:1|startupRole:FOLLOWER]|listeners:[], old=null
2023-05-03 09:47:11,826 [bc491111-3fed-428a-bcdf-e8e8db9b92ff@group-A196572FD212-SegmentedRaftLogWorker] INFO  segmented.SegmentedRaftLogWorker (SegmentedRaftLogWorker.java:execute(656)) - bc491111-3fed-428a-bcdf-e8e8db9b92ff@group-A196572FD212-SegmentedRaftLogWorker: created new log segment /home/runner/work/ozone/ozone/hadoop-ozone/integration-test/target/test-dir/MiniOzoneClusterImpl-1ffe41d3-309f-458f-85b5-47035b7448ff/datanode-1/data/ratis/c1619403-5d08-4edf-876d-a196572fd212/current/log_inprogress_0
2023-05-03 09:47:11,826 [bc491111-3fed-428a-bcdf-e8e8db9b92ff@group-9CA73B9EA204-SegmentedRaftLogWorker] INFO  segmented.SegmentedRaftLogWorker (SegmentedRaftLogWorker.java:execute(656)) - bc491111-3fed-428a-bcdf-e8e8db9b92ff@group-9CA73B9EA204-SegmentedRaftLogWorker: created new log segment /home/runner/work/ozone/ozone/hadoop-ozone/integration-test/target/test-dir/MiniOzoneClusterImpl-1ffe41d3-309f-458f-85b5-47035b7448ff/datanode-1/data/ratis/7ed62545-e1cd-421a-bf19-9ca73b9ea204/current/log_inprogress_0
2023-05-03 09:47:11,992 [Listener at 127.0.0.1/33355] INFO  ozone.MiniOzoneClusterImpl (MiniOzoneClusterImpl.java:lambda$waitForClusterToBeReady$0(223)) - Nodes are ready. Got 3 of 3 DN Heartbeats.
2023-05-03 09:47:11,992 [Listener at 127.0.0.1/33355] INFO  ozone.MiniOzoneClusterImpl (MiniOzoneClusterImpl.java:lambda$waitForClusterToBeReady$0(226)) - Cluster exits safe mode
2023-05-03 09:47:11,992 [Listener at 127.0.0.1/33355] INFO  ozone.MiniOzoneClusterImpl (MiniOzoneClusterImpl.java:lambda$waitForClusterToBeReady$0(228)) - SCM became leader
2023-05-03 09:47:11,992 [Listener at 127.0.0.1/33355] WARN  server.ServerUtils (ServerUtils.java:getScmDbDir(148)) - ozone.scm.db.dirs is not configured. We recommend adding this setting. Falling back to ozone.metadata.dirs instead.
2023-05-03 09:47:11,992 [Listener at 127.0.0.1/33355] INFO  ha.SCMHANodeDetails (SCMHANodeDetails.java:loadSCMHAConfig(209)) - ServiceID for StorageContainerManager is null
2023-05-03 09:47:11,992 [Listener at 127.0.0.1/33355] INFO  ha.SCMHANodeDetails (SCMHANodeDetails.java:loadSCMHAConfig(214)) - ozone.scm.default.service.id is not defined, falling back to ozone.scm.service.ids to find serviceID for StorageContainerManager if it is HA enabled cluster
2023-05-03 09:47:11,993 [Listener at 127.0.0.1/33355] INFO  upgrade.AbstractLayoutVersionManager (AbstractLayoutVersionManager.java:init(83)) - Initializing Layout version manager with metadata layout = WEBUI_PORTS_IN_DATANODEDETAILS (version = 6), software layout = WEBUI_PORTS_IN_DATANODEDETAILS (version = 6)
2023-05-03 09:47:12,037 [Listener at 127.0.0.1/33355] INFO  reflections.Reflections (Reflections.java:scan(232)) - Reflections took 44 ms to scan 7 urls, producing 156 keys and 369 values 
2023-05-03 09:47:12,038 [Listener at 127.0.0.1/33355] INFO  server.StorageContainerManager (StorageContainerManager.java:scmInit(1316)) - SCM already initialized. Reusing existing cluster id for sd=/home/runner/work/ozone/ozone/hadoop-ozone/integration-test/target/test-dir/MiniOzoneClusterImpl-1ffe41d3-309f-458f-85b5-47035b7448ff/ozone-meta/scm;cid=1ffe41d3-309f-458f-85b5-47035b7448ff; layoutVersion=6; HAEnabled=false
2023-05-03 09:47:12,038 [Listener at 127.0.0.1/33355] WARN  server.ServerUtils (ServerUtils.java:getScmDbDir(148)) - ozone.scm.db.dirs is not configured. We recommend adding this setting. Falling back to ozone.metadata.dirs instead.
2023-05-03 09:47:12,038 [Listener at 127.0.0.1/33355] INFO  ozone.MiniOzoneClusterImpl (MiniOzoneClusterImpl.java:shutdown(456)) - Shutting down the Mini Ozone Cluster
2023-05-03 09:47:12,039 [Listener at 127.0.0.1/33355] INFO  ozone.MiniOzoneClusterImpl (MiniOzoneClusterImpl.java:stop(474)) - Stopping the Mini Ozone Cluster
2023-05-03 09:47:12,039 [Listener at 127.0.0.1/33355] INFO  ozone.MiniOzoneClusterImpl (MiniOzoneClusterImpl.java:stopOM(560)) - Stopping the OzoneManager
2023-05-03 09:47:12,039 [Listener at 127.0.0.1/33355] INFO  om.OzoneManager (OzoneManager.java:stop(2165)) - om1[localhost:0]: Stopping Ozone Manager
2023-05-03 09:47:12,039 [Listener at 127.0.0.1/33355] INFO  ipc.Server (Server.java:stop(3501)) - Stopping server on 33355
2023-05-03 09:47:12,042 [IPC Server listener on 0] INFO  ipc.Server (Server.java:run(1430)) - Stopping IPC Server listener on 0
2023-05-03 09:47:12,042 [IPC Server Responder] INFO  ipc.Server (Server.java:run(1563)) - Stopping IPC Server Responder
2023-05-03 09:47:12,043 [Listener at 127.0.0.1/33355] INFO  server.RaftServer (RaftServerProxy.java:lambda$close$6(409)) - om1: close
2023-05-03 09:47:12,043 [Listener at 127.0.0.1/33355] INFO  server.GrpcService (GrpcService.java:closeImpl(271)) - om1: shutdown server GrpcServerProtocolService now
2023-05-03 09:47:12,043 [om1-impl-thread1] INFO  server.RaftServer$Division (RaftServerImpl.java:lambda$close$4(458)) - om1@group-C5BA1605619E: shutdown
2023-05-03 09:47:12,043 [om1-impl-thread1] INFO  util.JmxRegister (JmxRegister.java:unregister(73)) - Successfully un-registered JMX Bean with object name Ratis:service=RaftServer,group=group-C5BA1605619E,id=om1
2023-05-03 09:47:12,043 [om1-impl-thread1] INFO  impl.RoleInfo (RoleInfo.java:shutdownLeaderState(93)) - om1: shutdown om1@group-C5BA1605619E-LeaderStateImpl
2023-05-03 09:47:12,043 [om1-impl-thread1] INFO  impl.PendingRequests (PendingRequests.java:sendNotLeaderResponses(282)) - om1@group-C5BA1605619E-PendingRequests: sendNotLeaderResponses
2023-05-03 09:47:12,043 [om1-impl-thread1] INFO  impl.StateMachineUpdater (StateMachineUpdater.java:stopAndJoin(153)) - om1@group-C5BA1605619E-StateMachineUpdater: set stopIndex = 0
2023-05-03 09:47:12,044 [om1@group-C5BA1605619E-StateMachineUpdater] INFO  ratis.OzoneManagerStateMachine (OzoneManagerStateMachine.java:takeSnapshot(479)) - Current Snapshot Index (t:1, i:0)
2023-05-03 09:47:12,044 [Listener at 127.0.0.1/33355] INFO  server.GrpcService (GrpcService.java:closeImpl(280)) - om1: shutdown server GrpcServerProtocolService successfully
2023-05-03 09:47:12,051 [om1@group-C5BA1605619E-StateMachineUpdater] INFO  impl.StateMachineUpdater (StateMachineUpdater.java:takeSnapshot(287)) - om1@group-C5BA1605619E-StateMachineUpdater: Took a snapshot at index 0
2023-05-03 09:47:12,051 [om1@group-C5BA1605619E-StateMachineUpdater] INFO  impl.StateMachineUpdater (StateMachineUpdater.java:lambda$new$0(92)) - om1@group-C5BA1605619E-StateMachineUpdater: snapshotIndex: updateIncreasingly -1 -> 0
2023-05-03 09:47:12,051 [om1@group-C5BA1605619E-StateMachineUpdater] INFO  ratis.OzoneManagerStateMachine (OzoneManagerStateMachine.java:close(533)) - StateMachine has shutdown. Shutdown OzoneManager if not already shutdown.
2023-05-03 09:47:12,051 [om1@group-C5BA1605619E-StateMachineUpdater] INFO  ratis.OzoneManagerDoubleBuffer (OzoneManagerDoubleBuffer.java:stopDaemon(540)) - Stopping OMDoubleBuffer flush thread
2023-05-03 09:47:12,052 [OMDoubleBufferFlushThread] INFO  ratis.OzoneManagerDoubleBuffer (OzoneManagerDoubleBuffer.java:canFlush(625)) - OMDoubleBuffer flush thread OMDoubleBufferFlushThread is interrupted and will exit.
2023-05-03 09:47:12,052 [om1-impl-thread1] INFO  server.RaftServer$Division (ServerState.java:close(466)) - om1@group-C5BA1605619E: closes. applyIndex: 0
2023-05-03 09:47:12,052 [om1@group-C5BA1605619E-SegmentedRaftLogWorker] INFO  segmented.SegmentedRaftLogWorker (SegmentedRaftLogWorker.java:run(347)) - om1@group-C5BA1605619E-SegmentedRaftLogWorker was interrupted, exiting. There are 0 tasks remaining in the queue.
2023-05-03 09:47:12,053 [om1-impl-thread1] INFO  segmented.SegmentedRaftLogWorker (SegmentedRaftLogWorker.java:close(257)) - om1@group-C5BA1605619E-SegmentedRaftLogWorker close()
2023-05-03 09:47:12,053 [JvmPauseMonitor6] INFO  util.JvmPauseMonitor (JvmPauseMonitor.java:run(111)) - JvmPauseMonitor-om1: Stopped
2023-05-03 09:47:12,053 [Listener at 127.0.0.1/33355] INFO  ratis.OzoneManagerStateMachine (OzoneManagerStateMachine.java:close(533)) - StateMachine has shutdown. Shutdown OzoneManager if not already shutdown.
2023-05-03 09:47:12,054 [Listener at 127.0.0.1/33355] INFO  ratis.OzoneManagerDoubleBuffer (OzoneManagerDoubleBuffer.java:stopDaemon(549)) - OMDoubleBuffer flush thread is not running.
2023-05-03 09:47:12,054 [Listener at 127.0.0.1/33355] INFO  utils.BackgroundService (BackgroundService.java:shutdown(141)) - Shutting down service KeyDeletingService
2023-05-03 09:47:12,054 [Listener at 127.0.0.1/33355] INFO  utils.BackgroundService (BackgroundService.java:shutdown(141)) - Shutting down service KeyDeletingService
2023-05-03 09:47:12,054 [Listener at 127.0.0.1/33355] INFO  utils.BackgroundService (BackgroundService.java:shutdown(141)) - Shutting down service OpenKeyCleanupService
2023-05-03 09:47:12,054 [Listener at 127.0.0.1/33355] INFO  utils.BackgroundService (BackgroundService.java:shutdown(141)) - Shutting down service SstFilteringService
2023-05-03 09:47:12,054 [Listener at 127.0.0.1/33355] INFO  utils.BackgroundService (BackgroundService.java:shutdown(141)) - Shutting down service SnapshotDeletingService
2023-05-03 09:47:12,055 [Listener at 127.0.0.1/33355] INFO  handler.ContextHandler (ContextHandler.java:doStop(1159)) - Stopped o.e.j.w.WebAppContext@1157bbfd{ozoneManager,/,null,STOPPED}{file:/home/runner/work/ozone/ozone/hadoop-ozone/integration-test/target/test-classes/webapps/ozoneManager}
2023-05-03 09:47:12,055 [Listener at 127.0.0.1/33355] INFO  server.AbstractConnector (AbstractConnector.java:doStop(383)) - Stopped ServerConnector@107a07bb{HTTP/1.1, (http/1.1)}{0.0.0.0:0}
2023-05-03 09:47:12,056 [Listener at 127.0.0.1/33355] INFO  server.session (HouseKeeper.java:stopScavenging(149)) - node0 Stopped scavenging
2023-05-03 09:47:12,056 [Listener at 127.0.0.1/33355] INFO  handler.ContextHandler (ContextHandler.java:doStop(1159)) - Stopped o.e.j.s.ServletContextHandler@50674143{static,/static,file:///home/runner/work/ozone/ozone/hadoop-ozone/integration-test/target/test-classes/webapps/static,STOPPED}
2023-05-03 09:47:12,056 [Listener at 127.0.0.1/33355] INFO  handler.ContextHandler (ContextHandler.java:doStop(1159)) - Stopped o.e.j.s.ServletContextHandler@1504ab98{logs,/logs,file:///home/runner/work/ozone/ozone/hadoop-ozone/integration-test/target/log,STOPPED}
2023-05-03 09:47:12,058 [Listener at 127.0.0.1/33355] INFO  utils.BackgroundService (BackgroundService.java:shutdown(141)) - Shutting down service SnapshotDiffCleanupService
2023-05-03 09:47:12,059 [Listener at 127.0.0.1/33355] INFO  ozone.MiniOzoneClusterImpl (MiniOzoneClusterImpl.java:stopDatanodes(537)) - Stopping the HddsDatanodes
2023-05-03 09:47:12,060 [Listener at 127.0.0.1/33355] INFO  ozoneimpl.OzoneContainer (OzoneContainer.java:stop(419)) - Attempting to stop container services.
2023-05-03 09:47:12,061 [Listener at 127.0.0.1/33355] INFO  server.RaftServer (RaftServerProxy.java:lambda$close$6(409)) - bc491111-3fed-428a-bcdf-e8e8db9b92ff: close
2023-05-03 09:47:12,061 [bc491111-3fed-428a-bcdf-e8e8db9b92ff-impl-thread1] INFO  server.RaftServer$Division (RaftServerImpl.java:lambda$close$4(458)) - bc491111-3fed-428a-bcdf-e8e8db9b92ff@group-9CA73B9EA204: shutdown
2023-05-03 09:47:12,061 [bc491111-3fed-428a-bcdf-e8e8db9b92ff-impl-thread1] INFO  util.JmxRegister (JmxRegister.java:unregister(73)) - Successfully un-registered JMX Bean with object name Ratis:service=RaftServer,group=group-9CA73B9EA204,id=bc491111-3fed-428a-bcdf-e8e8db9b92ff
2023-05-03 09:47:12,061 [bc491111-3fed-428a-bcdf-e8e8db9b92ff-impl-thread1] INFO  impl.RoleInfo (RoleInfo.java:shutdownFollowerState(110)) - bc491111-3fed-428a-bcdf-e8e8db9b92ff: shutdown bc491111-3fed-428a-bcdf-e8e8db9b92ff@group-9CA73B9EA204-FollowerState
2023-05-03 09:47:12,062 [bc491111-3fed-428a-bcdf-e8e8db9b92ff-impl-thread1] INFO  impl.StateMachineUpdater (StateMachineUpdater.java:stopAndJoin(153)) - bc491111-3fed-428a-bcdf-e8e8db9b92ff@group-9CA73B9EA204-StateMachineUpdater: set stopIndex = 0
2023-05-03 09:47:12,062 [bc491111-3fed-428a-bcdf-e8e8db9b92ff@group-9CA73B9EA204-FollowerState] INFO  impl.FollowerState (FollowerState.java:run(152)) - bc491111-3fed-428a-bcdf-e8e8db9b92ff@group-9CA73B9EA204-FollowerState was interrupted
2023-05-03 09:47:12,062 [bc491111-3fed-428a-bcdf-e8e8db9b92ff-impl-thread2] INFO  server.RaftServer$Division (RaftServerImpl.java:lambda$close$4(458)) - bc491111-3fed-428a-bcdf-e8e8db9b92ff@group-A196572FD212: shutdown
2023-05-03 09:47:12,062 [bc491111-3fed-428a-bcdf-e8e8db9b92ff-impl-thread2] INFO  util.JmxRegister (JmxRegister.java:unregister(73)) - Successfully un-registered JMX Bean with object name Ratis:service=RaftServer,group=group-A196572FD212,id=bc491111-3fed-428a-bcdf-e8e8db9b92ff
2023-05-03 09:47:12,063 [bc491111-3fed-428a-bcdf-e8e8db9b92ff@group-9CA73B9EA204-StateMachineUpdater] INFO  ratis.ContainerStateMachine (ContainerStateMachine.java:takeSnapshot(330)) - group-9CA73B9EA204: Taking a snapshot at:(t:1, i:0) file /home/runner/work/ozone/ozone/hadoop-ozone/integration-test/target/test-dir/MiniOzoneClusterImpl-1ffe41d3-309f-458f-85b5-47035b7448ff/datanode-1/data/ratis/7ed62545-e1cd-421a-bf19-9ca73b9ea204/sm/snapshot.1_0
2023-05-03 09:47:12,063 [bc491111-3fed-428a-bcdf-e8e8db9b92ff-impl-thread2] INFO  impl.RoleInfo (RoleInfo.java:shutdownLeaderState(93)) - bc491111-3fed-428a-bcdf-e8e8db9b92ff: shutdown bc491111-3fed-428a-bcdf-e8e8db9b92ff@group-A196572FD212-LeaderStateImpl
2023-05-03 09:47:12,063 [bc491111-3fed-428a-bcdf-e8e8db9b92ff-impl-thread2] INFO  impl.PendingRequests (PendingRequests.java:sendNotLeaderResponses(282)) - bc491111-3fed-428a-bcdf-e8e8db9b92ff@group-A196572FD212-PendingRequests: sendNotLeaderResponses
2023-05-03 09:47:12,063 [bc491111-3fed-428a-bcdf-e8e8db9b92ff-impl-thread2] INFO  impl.StateMachineUpdater (StateMachineUpdater.java:stopAndJoin(153)) - bc491111-3fed-428a-bcdf-e8e8db9b92ff@group-A196572FD212-StateMachineUpdater: set stopIndex = 0
2023-05-03 09:47:12,063 [bc491111-3fed-428a-bcdf-e8e8db9b92ff@group-A196572FD212-StateMachineUpdater] INFO  ratis.ContainerStateMachine (ContainerStateMachine.java:takeSnapshot(330)) - group-A196572FD212: Taking a snapshot at:(t:1, i:0) file /home/runner/work/ozone/ozone/hadoop-ozone/integration-test/target/test-dir/MiniOzoneClusterImpl-1ffe41d3-309f-458f-85b5-47035b7448ff/datanode-1/data/ratis/c1619403-5d08-4edf-876d-a196572fd212/sm/snapshot.1_0
2023-05-03 09:47:12,063 [bc491111-3fed-428a-bcdf-e8e8db9b92ff@group-9CA73B9EA204-StateMachineUpdater] INFO  ratis.ContainerStateMachine (ContainerStateMachine.java:takeSnapshot(341)) - group-9CA73B9EA204: Finished taking a snapshot at:(t:1, i:0) file:/home/runner/work/ozone/ozone/hadoop-ozone/integration-test/target/test-dir/MiniOzoneClusterImpl-1ffe41d3-309f-458f-85b5-47035b7448ff/datanode-1/data/ratis/7ed62545-e1cd-421a-bf19-9ca73b9ea204/sm/snapshot.1_0 took: 1 ms
2023-05-03 09:47:12,064 [Listener at 127.0.0.1/33355] INFO  server.GrpcService (GrpcService.java:closeImpl(271)) - bc491111-3fed-428a-bcdf-e8e8db9b92ff: shutdown server GrpcServerProtocolService now
2023-05-03 09:47:12,065 [bc491111-3fed-428a-bcdf-e8e8db9b92ff-impl-thread3] INFO  server.RaftServer$Division (RaftServerImpl.java:lambda$close$4(458)) - bc491111-3fed-428a-bcdf-e8e8db9b92ff@group-9AE0DF7C55A5: shutdown
2023-05-03 09:47:12,065 [bc491111-3fed-428a-bcdf-e8e8db9b92ff-impl-thread3] INFO  util.JmxRegister (JmxRegister.java:unregister(73)) - Successfully un-registered JMX Bean with object name Ratis:service=RaftServer,group=group-9AE0DF7C55A5,id=bc491111-3fed-428a-bcdf-e8e8db9b92ff
2023-05-03 09:47:12,065 [bc491111-3fed-428a-bcdf-e8e8db9b92ff-impl-thread3] INFO  impl.RoleInfo (RoleInfo.java:shutdownFollowerState(110)) - bc491111-3fed-428a-bcdf-e8e8db9b92ff: shutdown bc491111-3fed-428a-bcdf-e8e8db9b92ff@group-9AE0DF7C55A5-FollowerState
2023-05-03 09:47:12,066 [bc491111-3fed-428a-bcdf-e8e8db9b92ff@group-9AE0DF7C55A5-StateMachineUpdater] INFO  ratis.ContainerStateMachine (ContainerStateMachine.java:takeSnapshot(330)) - group-9AE0DF7C55A5: Taking a snapshot at:(t:1, i:0) file /home/runner/work/ozone/ozone/hadoop-ozone/integration-test/target/test-dir/MiniOzoneClusterImpl-1ffe41d3-309f-458f-85b5-47035b7448ff/datanode-1/data/ratis/1f86d93a-8328-45a9-99cf-9ae0df7c55a5/sm/snapshot.1_0
2023-05-03 09:47:12,066 [bc491111-3fed-428a-bcdf-e8e8db9b92ff-impl-thread3] INFO  impl.StateMachineUpdater (StateMachineUpdater.java:stopAndJoin(153)) - bc491111-3fed-428a-bcdf-e8e8db9b92ff@group-9AE0DF7C55A5-StateMachineUpdater: set stopIndex = 0
2023-05-03 09:47:12,066 [bc491111-3fed-428a-bcdf-e8e8db9b92ff@group-9AE0DF7C55A5-FollowerState] INFO  impl.FollowerState (FollowerState.java:run(152)) - bc491111-3fed-428a-bcdf-e8e8db9b92ff@group-9AE0DF7C55A5-FollowerState was interrupted
2023-05-03 09:47:12,065 [ForkJoinPool.commonPool-worker-0] INFO  ozoneimpl.OzoneContainer (OzoneContainer.java:stop(419)) - Attempting to stop container services.
2023-05-03 09:47:12,071 [grpc-default-executor-5] WARN  server.GrpcServerProtocolService (LogUtils.java:warn(122)) - bc491111-3fed-428a-bcdf-e8e8db9b92ff: installSnapshot onError, lastRequest: null: org.apache.ratis.thirdparty.io.grpc.StatusRuntimeException: CANCELLED: client cancelled
2023-05-03 09:47:12,071 [grpc-default-executor-1] WARN  server.GrpcServerProtocolService (LogUtils.java:warn(122)) - bc491111-3fed-428a-bcdf-e8e8db9b92ff: installSnapshot onError, lastRequest: null: org.apache.ratis.thirdparty.io.grpc.StatusRuntimeException: CANCELLED: client cancelled
2023-05-03 09:47:12,071 [grpc-default-executor-6] WARN  server.GrpcLogAppender (LogUtils.java:warn(122)) - b6ef2b53-fb64-4342-8f97-d03ee9e71060@group-9AE0DF7C55A5->bc491111-3fed-428a-bcdf-e8e8db9b92ff-AppendLogResponseHandler: Failed appendEntries: org.apache.ratis.thirdparty.io.grpc.StatusRuntimeException: CANCELLED: RST_STREAM closed stream. HTTP/2 error code: CANCEL
2023-05-03 09:47:12,070 [grpc-default-executor-2] WARN  server.GrpcLogAppender (LogUtils.java:warn(122)) - b6ef2b53-fb64-4342-8f97-d03ee9e71060@group-9AE0DF7C55A5->bc491111-3fed-428a-bcdf-e8e8db9b92ff-AppendLogResponseHandler: Failed appendEntries: org.apache.ratis.thirdparty.io.grpc.StatusRuntimeException: CANCELLED: RST_STREAM closed stream. HTTP/2 error code: CANCEL
2023-05-03 09:47:12,070 [Listener at 127.0.0.1/33355] INFO  server.GrpcService (GrpcService.java:closeImpl(280)) - bc491111-3fed-428a-bcdf-e8e8db9b92ff: shutdown server GrpcServerProtocolService successfully
2023-05-03 09:47:12,075 [grpc-default-executor-2] WARN  server.GrpcLogAppender (GrpcLogAppender.java:resetClient(131)) - b6ef2b53-fb64-4342-8f97-d03ee9e71060@group-9AE0DF7C55A5->bc491111-3fed-428a-bcdf-e8e8db9b92ff-GrpcLogAppender: Leader has not got in touch with Follower b6ef2b53-fb64-4342-8f97-d03ee9e71060@group-9AE0DF7C55A5->bc491111-3fed-428a-bcdf-e8e8db9b92ff(c0,m0,n1, attendVote=true, lastRpcSendTime=596, lastRpcResponseTime=591) yet, just keep nextIndex unchanged and retry.
2023-05-03 09:47:12,075 [bc491111-3fed-428a-bcdf-e8e8db9b92ff-NettyServerStreamRpc-bossGroup--thread1] INFO  logging.LoggingHandler (AbstractInternalLogger.java:log(148)) - [id: 0xcd47ee18, L:/0:0:0:0:0:0:0:0:34691] CLOSE
2023-05-03 09:47:12,076 [bc491111-3fed-428a-bcdf-e8e8db9b92ff-NettyServerStreamRpc-bossGroup--thread1] INFO  logging.LoggingHandler (AbstractInternalLogger.java:log(148)) - [id: 0xcd47ee18, L:/0:0:0:0:0:0:0:0:34691] INACTIVE
2023-05-03 09:47:12,076 [bc491111-3fed-428a-bcdf-e8e8db9b92ff-NettyServerStreamRpc-bossGroup--thread1] INFO  logging.LoggingHandler (AbstractInternalLogger.java:log(148)) - [id: 0xcd47ee18, L:/0:0:0:0:0:0:0:0:34691] UNREGISTERED
2023-05-03 09:47:12,070 [grpc-default-executor-0] WARN  server.GrpcServerProtocolService (LogUtils.java:warn(122)) - bc491111-3fed-428a-bcdf-e8e8db9b92ff: installSnapshot onError, lastRequest: 8cc5b195-cf3c-407e-b278-6945ef8abe82->bc491111-3fed-428a-bcdf-e8e8db9b92ff#1-t1,previous=(t:0, i:0),leaderCommit=0,initializing? true,entries: size=1, first=(t:1, i:0), CONFIGURATIONENTRY(current:id: "bc491111-3fed-428a-bcdf-e8e8db9b92ff"
address: "10.1.0.194:34775"
dataStreamAddress: "10.1.0.194:34691"
clientAddress: "10.1.0.194:34775"
adminAddress: "10.1.0.194:34775"
startupRole: FOLLOWER
,id: "8cc5b195-cf3c-407e-b278-6945ef8abe82"
address: "10.1.0.194:42993"
priority: 1
dataStreamAddress: "10.1.0.194:35035"
clientAddress: "10.1.0.194:42993"
adminAddress: "10.1.0.194:42993"
startupRole: FOLLOWER
,id: "b6ef2b53-fb64-4342-8f97-d03ee9e71060"
address: "10.1.0.194:44427"
dataStreamAddress: "10.1.0.194:42439"
clientAddress: "10.1.0.194:44427"
adminAddress: "10.1.0.194:44427"
startupRole: FOLLOWER
, old:): org.apache.ratis.thirdparty.io.grpc.StatusRuntimeException: CANCELLED: client cancelled
2023-05-03 09:47:12,069 [grpc-default-executor-4] WARN  server.GrpcServerProtocolService (LogUtils.java:warn(122)) - bc491111-3fed-428a-bcdf-e8e8db9b92ff: installSnapshot onError, lastRequest: b6ef2b53-fb64-4342-8f97-d03ee9e71060->bc491111-3fed-428a-bcdf-e8e8db9b92ff#1-t1,previous=(t:0, i:0),leaderCommit=0,initializing? true,entries: size=1, first=(t:1, i:0), CONFIGURATIONENTRY(current:id: "bc491111-3fed-428a-bcdf-e8e8db9b92ff"
address: "10.1.0.194:34775"
dataStreamAddress: "10.1.0.194:34691"
clientAddress: "10.1.0.194:34775"
adminAddress: "10.1.0.194:34775"
startupRole: FOLLOWER
,id: "8cc5b195-cf3c-407e-b278-6945ef8abe82"
address: "10.1.0.194:42993"
dataStreamAddress: "10.1.0.194:35035"
clientAddress: "10.1.0.194:42993"
adminAddress: "10.1.0.194:42993"
startupRole: FOLLOWER
,id: "b6ef2b53-fb64-4342-8f97-d03ee9e71060"
address: "10.1.0.194:44427"
priority: 1
dataStreamAddress: "10.1.0.194:42439"
clientAddress: "10.1.0.194:44427"
adminAddress: "10.1.0.194:44427"
startupRole: FOLLOWER
, old:): org.apache.ratis.thirdparty.io.grpc.StatusRuntimeException: CANCELLED: client cancelled
2023-05-03 09:47:12,067 [bc491111-3fed-428a-bcdf-e8e8db9b92ff@group-9AE0DF7C55A5-StateMachineUpdater] INFO  ratis.ContainerStateMachine (ContainerStateMachine.java:takeSnapshot(341)) - group-9AE0DF7C55A5: Finished taking a snapshot at:(t:1, i:0) file:/home/runner/work/ozone/ozone/hadoop-ozone/integration-test/target/test-dir/MiniOzoneClusterImpl-1ffe41d3-309f-458f-85b5-47035b7448ff/datanode-1/data/ratis/1f86d93a-8328-45a9-99cf-9ae0df7c55a5/sm/snapshot.1_0 took: 1 ms
2023-05-03 09:47:12,079 [bc491111-3fed-428a-bcdf-e8e8db9b92ff@group-9AE0DF7C55A5-StateMachineUpdater] INFO  impl.StateMachineUpdater (StateMachineUpdater.java:takeSnapshot(287)) - bc491111-3fed-428a-bcdf-e8e8db9b92ff@group-9AE0DF7C55A5-StateMachineUpdater: Took a snapshot at index 0
2023-05-03 09:47:12,079 [bc491111-3fed-428a-bcdf-e8e8db9b92ff@group-9AE0DF7C55A5-StateMachineUpdater] INFO  impl.StateMachineUpdater (StateMachineUpdater.java:lambda$new$0(92)) - bc491111-3fed-428a-bcdf-e8e8db9b92ff@group-9AE0DF7C55A5-StateMachineUpdater: snapshotIndex: updateIncreasingly -1 -> 0
2023-05-03 09:47:12,066 [bc491111-3fed-428a-bcdf-e8e8db9b92ff@group-9CA73B9EA204-StateMachineUpdater] INFO  impl.StateMachineUpdater (StateMachineUpdater.java:takeSnapshot(287)) - bc491111-3fed-428a-bcdf-e8e8db9b92ff@group-9CA73B9EA204-StateMachineUpdater: Took a snapshot at index 0
2023-05-03 09:47:12,079 [bc491111-3fed-428a-bcdf-e8e8db9b92ff@group-9CA73B9EA204-StateMachineUpdater] INFO  impl.StateMachineUpdater (StateMachineUpdater.java:lambda$new$0(92)) - bc491111-3fed-428a-bcdf-e8e8db9b92ff@group-9CA73B9EA204-StateMachineUpdater: snapshotIndex: updateIncreasingly -1 -> 0
2023-05-03 09:47:12,065 [bc491111-3fed-428a-bcdf-e8e8db9b92ff@group-A196572FD212-StateMachineUpdater] INFO  ratis.ContainerStateMachine (ContainerStateMachine.java:takeSnapshot(341)) - group-A196572FD212: Finished taking a snapshot at:(t:1, i:0) file:/home/runner/work/ozone/ozone/hadoop-ozone/integration-test/target/test-dir/MiniOzoneClusterImpl-1ffe41d3-309f-458f-85b5-47035b7448ff/datanode-1/data/ratis/c1619403-5d08-4edf-876d-a196572fd212/sm/snapshot.1_0 took: 2 ms
2023-05-03 09:47:12,079 [bc491111-3fed-428a-bcdf-e8e8db9b92ff@group-A196572FD212-StateMachineUpdater] INFO  impl.StateMachineUpdater (StateMachineUpdater.java:takeSnapshot(287)) - bc491111-3fed-428a-bcdf-e8e8db9b92ff@group-A196572FD212-StateMachineUpdater: Took a snapshot at index 0
2023-05-03 09:47:12,079 [bc491111-3fed-428a-bcdf-e8e8db9b92ff@group-A196572FD212-StateMachineUpdater] INFO  impl.StateMachineUpdater (StateMachineUpdater.java:lambda$new$0(92)) - bc491111-3fed-428a-bcdf-e8e8db9b92ff@group-A196572FD212-StateMachineUpdater: snapshotIndex: updateIncreasingly -1 -> 0
2023-05-03 09:47:12,079 [bc491111-3fed-428a-bcdf-e8e8db9b92ff-impl-thread1] INFO  server.RaftServer$Division (ServerState.java:close(466)) - bc491111-3fed-428a-bcdf-e8e8db9b92ff@group-9CA73B9EA204: closes. applyIndex: 0
2023-05-03 09:47:12,075 [ForkJoinPool.commonPool-worker-0] INFO  server.RaftServer (RaftServerProxy.java:lambda$close$6(409)) - b6ef2b53-fb64-4342-8f97-d03ee9e71060: close
2023-05-03 09:47:12,079 [grpc-default-executor-6] WARN  server.GrpcLogAppender (GrpcLogAppender.java:resetClient(131)) - b6ef2b53-fb64-4342-8f97-d03ee9e71060@group-9AE0DF7C55A5->bc491111-3fed-428a-bcdf-e8e8db9b92ff-GrpcLogAppender: Leader has not got in touch with Follower b6ef2b53-fb64-4342-8f97-d03ee9e71060@group-9AE0DF7C55A5->bc491111-3fed-428a-bcdf-e8e8db9b92ff(c0,m0,n1, attendVote=true, lastRpcSendTime=600, lastRpcResponseTime=595) yet, just keep nextIndex unchanged and retry.
2023-05-03 09:47:12,082 [bc491111-3fed-428a-bcdf-e8e8db9b92ff-impl-thread2] INFO  server.RaftServer$Division (ServerState.java:close(466)) - bc491111-3fed-428a-bcdf-e8e8db9b92ff@group-A196572FD212: closes. applyIndex: 0
2023-05-03 09:47:12,083 [bc491111-3fed-428a-bcdf-e8e8db9b92ff-impl-thread3] INFO  server.RaftServer$Division (ServerState.java:close(466)) - bc491111-3fed-428a-bcdf-e8e8db9b92ff@group-9AE0DF7C55A5: closes. applyIndex: 0
2023-05-03 09:47:12,094 [8cc5b195-cf3c-407e-b278-6945ef8abe82@group-51C4CB86561A-FollowerState] INFO  impl.FollowerState (FollowerState.java:run(143)) - 8cc5b195-cf3c-407e-b278-6945ef8abe82@group-51C4CB86561A-FollowerState: change to CANDIDATE, lastRpcElapsedTime:5089064632ns, electionTimeout:5088ms
2023-05-03 09:47:12,094 [8cc5b195-cf3c-407e-b278-6945ef8abe82@group-51C4CB86561A-FollowerState] INFO  impl.RoleInfo (RoleInfo.java:shutdownFollowerState(110)) - 8cc5b195-cf3c-407e-b278-6945ef8abe82: shutdown 8cc5b195-cf3c-407e-b278-6945ef8abe82@group-51C4CB86561A-FollowerState
2023-05-03 09:47:12,095 [8cc5b195-cf3c-407e-b278-6945ef8abe82@group-51C4CB86561A-FollowerState] INFO  server.RaftServer$Division (RaftServerImpl.java:setRole(321)) - 8cc5b195-cf3c-407e-b278-6945ef8abe82@group-51C4CB86561A: changes role from  FOLLOWER to CANDIDATE at term 0 for changeToCandidate
2023-05-03 09:47:12,098 [8cc5b195-cf3c-407e-b278-6945ef8abe82@group-51C4CB86561A-FollowerState] INFO  server.RaftServerConfigKeys (ConfUtils.java:logGet(46)) - raft.server.leaderelection.pre-vote = true (default)
2023-05-03 09:47:12,098 [8cc5b195-cf3c-407e-b278-6945ef8abe82@group-51C4CB86561A-FollowerState] INFO  impl.RoleInfo (RoleInfo.java:updateAndGet(139)) - 8cc5b195-cf3c-407e-b278-6945ef8abe82: start 8cc5b195-cf3c-407e-b278-6945ef8abe82@group-51C4CB86561A-LeaderElection17
2023-05-03 09:47:12,098 [grpc-default-executor-3] WARN  server.GrpcLogAppender (LogUtils.java:warn(122)) - 8cc5b195-cf3c-407e-b278-6945ef8abe82@group-9CA73B9EA204->bc491111-3fed-428a-bcdf-e8e8db9b92ff-AppendLogResponseHandler: Failed appendEntries: org.apache.ratis.thirdparty.io.grpc.StatusRuntimeException: CANCELLED: RST_STREAM closed stream. HTTP/2 error code: CANCEL
2023-05-03 09:47:12,098 [grpc-default-executor-3] WARN  server.GrpcLogAppender (GrpcLogAppender.java:resetClient(131)) - 8cc5b195-cf3c-407e-b278-6945ef8abe82@group-9CA73B9EA204->bc491111-3fed-428a-bcdf-e8e8db9b92ff-GrpcLogAppender: Leader has not got in touch with Follower 8cc5b195-cf3c-407e-b278-6945ef8abe82@group-9CA73B9EA204->bc491111-3fed-428a-bcdf-e8e8db9b92ff(c0,m0,n1, attendVote=true, lastRpcSendTime=295, lastRpcResponseTime=270) yet, just keep nextIndex unchanged and retry.
2023-05-03 09:47:12,100 [bc491111-3fed-428a-bcdf-e8e8db9b92ff@group-9AE0DF7C55A5-SegmentedRaftLogWorker] INFO  segmented.SegmentedRaftLogWorker (SegmentedRaftLogWorker.java:run(347)) - bc491111-3fed-428a-bcdf-e8e8db9b92ff@group-9AE0DF7C55A5-SegmentedRaftLogWorker was interrupted, exiting. There are 0 tasks remaining in the queue.
2023-05-03 09:47:12,107 [grpc-default-executor-7] WARN  server.GrpcLogAppender (LogUtils.java:warn(122)) - 8cc5b195-cf3c-407e-b278-6945ef8abe82@group-9CA73B9EA204->bc491111-3fed-428a-bcdf-e8e8db9b92ff-AppendLogResponseHandler: Failed appendEntries: org.apache.ratis.thirdparty.io.grpc.StatusRuntimeException: CANCELLED: RST_STREAM closed stream. HTTP/2 error code: CANCEL
2023-05-03 09:47:12,107 [grpc-default-executor-7] WARN  server.GrpcLogAppender (GrpcLogAppender.java:resetClient(131)) - 8cc5b195-cf3c-407e-b278-6945ef8abe82@group-9CA73B9EA204->bc491111-3fed-428a-bcdf-e8e8db9b92ff-GrpcLogAppender: Leader has not got in touch with Follower 8cc5b195-cf3c-407e-b278-6945ef8abe82@group-9CA73B9EA204->bc491111-3fed-428a-bcdf-e8e8db9b92ff(c0,m0,n1, attendVote=true, lastRpcSendTime=304, lastRpcResponseTime=279) yet, just keep nextIndex unchanged and retry.
2023-05-03 09:47:12,107 [b6ef2b53-fb64-4342-8f97-d03ee9e71060-impl-thread1] INFO  server.RaftServer$Division (RaftServerImpl.java:lambda$close$4(458)) - b6ef2b53-fb64-4342-8f97-d03ee9e71060@group-9CA73B9EA204: shutdown
2023-05-03 09:47:12,107 [b6ef2b53-fb64-4342-8f97-d03ee9e71060-impl-thread2] INFO  server.RaftServer$Division (RaftServerImpl.java:lambda$close$4(458)) - b6ef2b53-fb64-4342-8f97-d03ee9e71060@group-96138FE0CC40: shutdown
2023-05-03 09:47:12,107 [ForkJoinPool.commonPool-worker-0] INFO  server.GrpcService (GrpcService.java:closeImpl(271)) - b6ef2b53-fb64-4342-8f97-d03ee9e71060: shutdown server GrpcServerProtocolService now
2023-05-03 09:47:12,107 [bc491111-3fed-428a-bcdf-e8e8db9b92ff@group-9CA73B9EA204-SegmentedRaftLogWorker] INFO  segmented.SegmentedRaftLogWorker (SegmentedRaftLogWorker.java:run(347)) - bc491111-3fed-428a-bcdf-e8e8db9b92ff@group-9CA73B9EA204-SegmentedRaftLogWorker was interrupted, exiting. There are 0 tasks remaining in the queue.
2023-05-03 09:47:12,108 [b6ef2b53-fb64-4342-8f97-d03ee9e71060-impl-thread3] INFO  server.RaftServer$Division (RaftServerImpl.java:lambda$close$4(458)) - b6ef2b53-fb64-4342-8f97-d03ee9e71060@group-9AE0DF7C55A5: shutdown
2023-05-03 09:47:12,108 [bc491111-3fed-428a-bcdf-e8e8db9b92ff-impl-thread1] INFO  segmented.SegmentedRaftLogWorker (SegmentedRaftLogWorker.java:close(257)) - bc491111-3fed-428a-bcdf-e8e8db9b92ff@group-9CA73B9EA204-SegmentedRaftLogWorker close()
2023-05-03 09:47:12,108 [ForkJoinPool.commonPool-worker-0] INFO  server.GrpcServerProtocolClient (GrpcServerProtocolClient.java:close(101)) - bc491111-3fed-428a-bcdf-e8e8db9b92ff Close channels
2023-05-03 09:47:12,110 [bc491111-3fed-428a-bcdf-e8e8db9b92ff@group-A196572FD212-SegmentedRaftLogWorker] INFO  segmented.SegmentedRaftLogWorker (SegmentedRaftLogWorker.java:run(347)) - bc491111-3fed-428a-bcdf-e8e8db9b92ff@group-A196572FD212-SegmentedRaftLogWorker was interrupted, exiting. There are 0 tasks remaining in the queue.
2023-05-03 09:47:12,114 [b6ef2b53-fb64-4342-8f97-d03ee9e71060-impl-thread1] INFO  util.JmxRegister (JmxRegister.java:unregister(73)) - Successfully un-registered JMX Bean with object name Ratis:service=RaftServer,group=group-9CA73B9EA204,id=b6ef2b53-fb64-4342-8f97-d03ee9e71060
2023-05-03 09:47:12,114 [b6ef2b53-fb64-4342-8f97-d03ee9e71060-impl-thread2] INFO  util.JmxRegister (JmxRegister.java:unregister(73)) - Successfully un-registered JMX Bean with object name Ratis:service=RaftServer,group=group-96138FE0CC40,id=b6ef2b53-fb64-4342-8f97-d03ee9e71060
2023-05-03 09:47:12,114 [b6ef2b53-fb64-4342-8f97-d03ee9e71060-impl-thread1] INFO  impl.RoleInfo (RoleInfo.java:shutdownFollowerState(110)) - b6ef2b53-fb64-4342-8f97-d03ee9e71060: shutdown b6ef2b53-fb64-4342-8f97-d03ee9e71060@group-9CA73B9EA204-FollowerState
2023-05-03 09:47:12,114 [b6ef2b53-fb64-4342-8f97-d03ee9e71060-impl-thread1] INFO  impl.StateMachineUpdater (StateMachineUpdater.java:stopAndJoin(153)) - b6ef2b53-fb64-4342-8f97-d03ee9e71060@group-9CA73B9EA204-StateMachineUpdater: set stopIndex = 0
2023-05-03 09:47:12,115 [b6ef2b53-fb64-4342-8f97-d03ee9e71060@group-9CA73B9EA204-FollowerState] INFO  impl.FollowerState (FollowerState.java:run(152)) - b6ef2b53-fb64-4342-8f97-d03ee9e71060@group-9CA73B9EA204-FollowerState was interrupted
2023-05-03 09:47:12,115 [b6ef2b53-fb64-4342-8f97-d03ee9e71060-impl-thread2] INFO  impl.RoleInfo (RoleInfo.java:shutdownLeaderState(93)) - b6ef2b53-fb64-4342-8f97-d03ee9e71060: shutdown b6ef2b53-fb64-4342-8f97-d03ee9e71060@group-96138FE0CC40-LeaderStateImpl
2023-05-03 09:47:12,115 [b6ef2b53-fb64-4342-8f97-d03ee9e71060-impl-thread2] INFO  impl.PendingRequests (PendingRequests.java:sendNotLeaderResponses(282)) - b6ef2b53-fb64-4342-8f97-d03ee9e71060@group-96138FE0CC40-PendingRequests: sendNotLeaderResponses
2023-05-03 09:47:12,116 [b6ef2b53-fb64-4342-8f97-d03ee9e71060@group-9CA73B9EA204-StateMachineUpdater] INFO  ratis.ContainerStateMachine (ContainerStateMachine.java:takeSnapshot(330)) - group-9CA73B9EA204: Taking a snapshot at:(t:1, i:0) file /home/runner/work/ozone/ozone/hadoop-ozone/integration-test/target/test-dir/MiniOzoneClusterImpl-1ffe41d3-309f-458f-85b5-47035b7448ff/datanode-0/data/ratis/7ed62545-e1cd-421a-bf19-9ca73b9ea204/sm/snapshot.1_0
2023-05-03 09:47:12,116 [b6ef2b53-fb64-4342-8f97-d03ee9e71060-impl-thread2] INFO  impl.StateMachineUpdater (StateMachineUpdater.java:stopAndJoin(153)) - b6ef2b53-fb64-4342-8f97-d03ee9e71060@group-96138FE0CC40-StateMachineUpdater: set stopIndex = 0
2023-05-03 09:47:12,116 [b6ef2b53-fb64-4342-8f97-d03ee9e71060-impl-thread3] INFO  util.JmxRegister (JmxRegister.java:unregister(73)) - Successfully un-registered JMX Bean with object name Ratis:service=RaftServer,group=group-9AE0DF7C55A5,id=b6ef2b53-fb64-4342-8f97-d03ee9e71060
2023-05-03 09:47:12,117 [b6ef2b53-fb64-4342-8f97-d03ee9e71060@group-96138FE0CC40-StateMachineUpdater] INFO  ratis.ContainerStateMachine (ContainerStateMachine.java:takeSnapshot(330)) - group-96138FE0CC40: Taking a snapshot at:(t:1, i:0) file /home/runner/work/ozone/ozone/hadoop-ozone/integration-test/target/test-dir/MiniOzoneClusterImpl-1ffe41d3-309f-458f-85b5-47035b7448ff/datanode-0/data/ratis/2d12f2a2-dbbe-47c7-9fa8-96138fe0cc40/sm/snapshot.1_0
2023-05-03 09:47:12,117 [b6ef2b53-fb64-4342-8f97-d03ee9e71060@group-96138FE0CC40-StateMachineUpdater] INFO  ratis.ContainerStateMachine (ContainerStateMachine.java:takeSnapshot(341)) - group-96138FE0CC40: Finished taking a snapshot at:(t:1, i:0) file:/home/runner/work/ozone/ozone/hadoop-ozone/integration-test/target/test-dir/MiniOzoneClusterImpl-1ffe41d3-309f-458f-85b5-47035b7448ff/datanode-0/data/ratis/2d12f2a2-dbbe-47c7-9fa8-96138fe0cc40/sm/snapshot.1_0 took: 0 ms
2023-05-03 09:47:12,117 [b6ef2b53-fb64-4342-8f97-d03ee9e71060@group-96138FE0CC40-StateMachineUpdater] INFO  impl.StateMachineUpdater (StateMachineUpdater.java:takeSnapshot(287)) - b6ef2b53-fb64-4342-8f97-d03ee9e71060@group-96138FE0CC40-StateMachineUpdater: Took a snapshot at index 0
2023-05-03 09:47:12,117 [b6ef2b53-fb64-4342-8f97-d03ee9e71060@group-96138FE0CC40-StateMachineUpdater] INFO  impl.StateMachineUpdater (StateMachineUpdater.java:lambda$new$0(92)) - b6ef2b53-fb64-4342-8f97-d03ee9e71060@group-96138FE0CC40-StateMachineUpdater: snapshotIndex: updateIncreasingly -1 -> 0
2023-05-03 09:47:12,117 [b6ef2b53-fb64-4342-8f97-d03ee9e71060-impl-thread2] INFO  server.RaftServer$Division (ServerState.java:close(466)) - b6ef2b53-fb64-4342-8f97-d03ee9e71060@group-96138FE0CC40: closes. applyIndex: 0
2023-05-03 09:47:12,118 [b6ef2b53-fb64-4342-8f97-d03ee9e71060@group-96138FE0CC40-SegmentedRaftLogWorker] INFO  segmented.SegmentedRaftLogWorker (SegmentedRaftLogWorker.java:run(347)) - b6ef2b53-fb64-4342-8f97-d03ee9e71060@group-96138FE0CC40-SegmentedRaftLogWorker was interrupted, exiting. There are 0 tasks remaining in the queue.
2023-05-03 09:47:12,116 [b6ef2b53-fb64-4342-8f97-d03ee9e71060@group-9CA73B9EA204-StateMachineUpdater] INFO  ratis.ContainerStateMachine (ContainerStateMachine.java:takeSnapshot(341)) - group-9CA73B9EA204: Finished taking a snapshot at:(t:1, i:0) file:/home/runner/work/ozone/ozone/hadoop-ozone/integration-test/target/test-dir/MiniOzoneClusterImpl-1ffe41d3-309f-458f-85b5-47035b7448ff/datanode-0/data/ratis/7ed62545-e1cd-421a-bf19-9ca73b9ea204/sm/snapshot.1_0 took: 0 ms
2023-05-03 09:47:12,118 [b6ef2b53-fb64-4342-8f97-d03ee9e71060@group-9CA73B9EA204-StateMachineUpdater] INFO  impl.StateMachineUpdater (StateMachineUpdater.java:takeSnapshot(287)) - b6ef2b53-fb64-4342-8f97-d03ee9e71060@group-9CA73B9EA204-StateMachineUpdater: Took a snapshot at index 0
2023-05-03 09:47:12,118 [b6ef2b53-fb64-4342-8f97-d03ee9e71060@group-9CA73B9EA204-StateMachineUpdater] INFO  impl.StateMachineUpdater (StateMachineUpdater.java:lambda$new$0(92)) - b6ef2b53-fb64-4342-8f97-d03ee9e71060@group-9CA73B9EA204-StateMachineUpdater: snapshotIndex: updateIncreasingly -1 -> 0
2023-05-03 09:47:12,118 [b6ef2b53-fb64-4342-8f97-d03ee9e71060-impl-thread1] INFO  server.RaftServer$Division (ServerState.java:close(466)) - b6ef2b53-fb64-4342-8f97-d03ee9e71060@group-9CA73B9EA204: closes. applyIndex: 0
2023-05-03 09:47:12,118 [b6ef2b53-fb64-4342-8f97-d03ee9e71060@group-9CA73B9EA204-SegmentedRaftLogWorker] INFO  segmented.SegmentedRaftLogWorker (SegmentedRaftLogWorker.java:run(347)) - b6ef2b53-fb64-4342-8f97-d03ee9e71060@group-9CA73B9EA204-SegmentedRaftLogWorker was interrupted, exiting. There are 0 tasks remaining in the queue.
2023-05-03 09:47:12,119 [b6ef2b53-fb64-4342-8f97-d03ee9e71060-impl-thread3] INFO  impl.RoleInfo (RoleInfo.java:shutdownLeaderState(93)) - b6ef2b53-fb64-4342-8f97-d03ee9e71060: shutdown b6ef2b53-fb64-4342-8f97-d03ee9e71060@group-9AE0DF7C55A5-LeaderStateImpl
2023-05-03 09:47:12,119 [b6ef2b53-fb64-4342-8f97-d03ee9e71060-impl-thread3] INFO  impl.PendingRequests (PendingRequests.java:sendNotLeaderResponses(282)) - b6ef2b53-fb64-4342-8f97-d03ee9e71060@group-9AE0DF7C55A5-PendingRequests: sendNotLeaderResponses
2023-05-03 09:47:12,119 [b6ef2b53-fb64-4342-8f97-d03ee9e71060@group-9AE0DF7C55A5->8cc5b195-cf3c-407e-b278-6945ef8abe82-GrpcLogAppender-LogAppenderDaemon] WARN  server.GrpcLogAppender (GrpcLogAppender.java:mayWait(200)) - b6ef2b53-fb64-4342-8f97-d03ee9e71060@group-9AE0DF7C55A5->8cc5b195-cf3c-407e-b278-6945ef8abe82-GrpcLogAppender: Wait interrupted by java.lang.InterruptedException
2023-05-03 09:47:12,119 [b6ef2b53-fb64-4342-8f97-d03ee9e71060@group-9AE0DF7C55A5-StateMachineUpdater] INFO  ratis.ContainerStateMachine (ContainerStateMachine.java:takeSnapshot(330)) - group-9AE0DF7C55A5: Taking a snapshot at:(t:1, i:0) file /home/runner/work/ozone/ozone/hadoop-ozone/integration-test/target/test-dir/MiniOzoneClusterImpl-1ffe41d3-309f-458f-85b5-47035b7448ff/datanode-0/data/ratis/1f86d93a-8328-45a9-99cf-9ae0df7c55a5/sm/snapshot.1_0
2023-05-03 09:47:12,120 [b6ef2b53-fb64-4342-8f97-d03ee9e71060-impl-thread3] INFO  impl.StateMachineUpdater (StateMachineUpdater.java:stopAndJoin(153)) - b6ef2b53-fb64-4342-8f97-d03ee9e71060@group-9AE0DF7C55A5-StateMachineUpdater: set stopIndex = 0
2023-05-03 09:47:12,120 [b6ef2b53-fb64-4342-8f97-d03ee9e71060@group-9AE0DF7C55A5-StateMachineUpdater] INFO  ratis.ContainerStateMachine (ContainerStateMachine.java:takeSnapshot(341)) - group-9AE0DF7C55A5: Finished taking a snapshot at:(t:1, i:0) file:/home/runner/work/ozone/ozone/hadoop-ozone/integration-test/target/test-dir/MiniOzoneClusterImpl-1ffe41d3-309f-458f-85b5-47035b7448ff/datanode-0/data/ratis/1f86d93a-8328-45a9-99cf-9ae0df7c55a5/sm/snapshot.1_0 took: 1 ms
2023-05-03 09:47:12,120 [b6ef2b53-fb64-4342-8f97-d03ee9e71060@group-9AE0DF7C55A5-StateMachineUpdater] INFO  impl.StateMachineUpdater (StateMachineUpdater.java:takeSnapshot(287)) - b6ef2b53-fb64-4342-8f97-d03ee9e71060@group-9AE0DF7C55A5-StateMachineUpdater: Took a snapshot at index 0
2023-05-03 09:47:12,120 [b6ef2b53-fb64-4342-8f97-d03ee9e71060@group-9AE0DF7C55A5-StateMachineUpdater] INFO  impl.StateMachineUpdater (StateMachineUpdater.java:lambda$new$0(92)) - b6ef2b53-fb64-4342-8f97-d03ee9e71060@group-9AE0DF7C55A5-StateMachineUpdater: snapshotIndex: updateIncreasingly -1 -> 0
2023-05-03 09:47:12,120 [b6ef2b53-fb64-4342-8f97-d03ee9e71060-impl-thread3] INFO  server.RaftServer$Division (ServerState.java:close(466)) - b6ef2b53-fb64-4342-8f97-d03ee9e71060@group-9AE0DF7C55A5: closes. applyIndex: 0
2023-05-03 09:47:12,121 [b6ef2b53-fb64-4342-8f97-d03ee9e71060@group-9AE0DF7C55A5-SegmentedRaftLogWorker] INFO  segmented.SegmentedRaftLogWorker (SegmentedRaftLogWorker.java:run(347)) - b6ef2b53-fb64-4342-8f97-d03ee9e71060@group-9AE0DF7C55A5-SegmentedRaftLogWorker was interrupted, exiting. There are 0 tasks remaining in the queue.
2023-05-03 09:47:12,121 [grpc-default-executor-5] WARN  server.GrpcServerProtocolService (LogUtils.java:warn(122)) - b6ef2b53-fb64-4342-8f97-d03ee9e71060: installSnapshot onError, lastRequest: null: org.apache.ratis.thirdparty.io.grpc.StatusRuntimeException: CANCELLED: client cancelled
2023-05-03 09:47:12,122 [grpc-default-executor-0] WARN  server.GrpcLogAppender (LogUtils.java:warn(122)) - 8cc5b195-cf3c-407e-b278-6945ef8abe82@group-9CA73B9EA204->b6ef2b53-fb64-4342-8f97-d03ee9e71060-AppendLogResponseHandler: Failed appendEntries: org.apache.ratis.thirdparty.io.grpc.StatusRuntimeException: CANCELLED: RST_STREAM closed stream. HTTP/2 error code: CANCEL
2023-05-03 09:47:12,122 [grpc-default-executor-0] WARN  server.GrpcLogAppender (GrpcLogAppender.java:resetClient(131)) - 8cc5b195-cf3c-407e-b278-6945ef8abe82@group-9CA73B9EA204->b6ef2b53-fb64-4342-8f97-d03ee9e71060-GrpcLogAppender: Leader has not got in touch with Follower 8cc5b195-cf3c-407e-b278-6945ef8abe82@group-9CA73B9EA204->b6ef2b53-fb64-4342-8f97-d03ee9e71060(c0,m0,n1, attendVote=true, lastRpcSendTime=319, lastRpcResponseTime=291) yet, just keep nextIndex unchanged and retry.
2023-05-03 09:47:12,122 [grpc-default-executor-1] INFO  server.GrpcServerProtocolService (GrpcServerProtocolService.java:onCompleted(143)) - 8cc5b195-cf3c-407e-b278-6945ef8abe82: Completed APPEND_ENTRIES, lastRequest: null
2023-05-03 09:47:12,122 [grpc-default-executor-2] INFO  server.GrpcServerProtocolService (GrpcServerProtocolService.java:onCompleted(143)) - 8cc5b195-cf3c-407e-b278-6945ef8abe82: Completed APPEND_ENTRIES, lastRequest: b6ef2b53-fb64-4342-8f97-d03ee9e71060->8cc5b195-cf3c-407e-b278-6945ef8abe82#1-t1,previous=(t:0, i:0),leaderCommit=0,initializing? true,entries: size=1, first=(t:1, i:0), CONFIGURATIONENTRY(current:id: "bc491111-3fed-428a-bcdf-e8e8db9b92ff"
address: "10.1.0.194:34775"
dataStreamAddress: "10.1.0.194:34691"
clientAddress: "10.1.0.194:34775"
adminAddress: "10.1.0.194:34775"
startupRole: FOLLOWER
,id: "8cc5b195-cf3c-407e-b278-6945ef8abe82"
address: "10.1.0.194:42993"
dataStreamAddress: "10.1.0.194:35035"
clientAddress: "10.1.0.194:42993"
adminAddress: "10.1.0.194:42993"
startupRole: FOLLOWER
,id: "b6ef2b53-fb64-4342-8f97-d03ee9e71060"
address: "10.1.0.194:44427"
priority: 1
dataStreamAddress: "10.1.0.194:42439"
clientAddress: "10.1.0.194:44427"
adminAddress: "10.1.0.194:44427"
startupRole: FOLLOWER
, old:)
2023-05-03 09:47:12,123 [bc491111-3fed-428a-bcdf-e8e8db9b92ff-impl-thread2] INFO  segmented.SegmentedRaftLogWorker (SegmentedRaftLogWorker.java:close(257)) - bc491111-3fed-428a-bcdf-e8e8db9b92ff@group-A196572FD212-SegmentedRaftLogWorker close()
2023-05-03 09:47:12,123 [8cc5b195-cf3c-407e-b278-6945ef8abe82@group-51C4CB86561A-LeaderElection17] INFO  impl.LeaderElection (LeaderElection.java:askForVotes(312)) - 8cc5b195-cf3c-407e-b278-6945ef8abe82@group-51C4CB86561A-LeaderElection17 PRE_VOTE round 0: submit vote requests at term 0 for -1: peers:[8cc5b195-cf3c-407e-b278-6945ef8abe82|rpc:10.1.0.194:42993|dataStream:10.1.0.194:35035|priority:1|startupRole:FOLLOWER]|listeners:[], old=null
2023-05-03 09:47:12,123 [grpc-default-executor-4] WARN  server.GrpcServerProtocolService (LogUtils.java:warn(122)) - b6ef2b53-fb64-4342-8f97-d03ee9e71060: installSnapshot onError, lastRequest: 8cc5b195-cf3c-407e-b278-6945ef8abe82->b6ef2b53-fb64-4342-8f97-d03ee9e71060#1-t1,previous=(t:0, i:0),leaderCommit=0,initializing? true,entries: size=1, first=(t:1, i:0), CONFIGURATIONENTRY(current:id: "bc491111-3fed-428a-bcdf-e8e8db9b92ff"
address: "10.1.0.194:34775"
dataStreamAddress: "10.1.0.194:34691"
clientAddress: "10.1.0.194:34775"
adminAddress: "10.1.0.194:34775"
startupRole: FOLLOWER
,id: "8cc5b195-cf3c-407e-b278-6945ef8abe82"
address: "10.1.0.194:42993"
priority: 1
dataStreamAddress: "10.1.0.194:35035"
clientAddress: "10.1.0.194:42993"
adminAddress: "10.1.0.194:42993"
startupRole: FOLLOWER
,id: "b6ef2b53-fb64-4342-8f97-d03ee9e71060"
address: "10.1.0.194:44427"
dataStreamAddress: "10.1.0.194:42439"
clientAddress: "10.1.0.194:44427"
adminAddress: "10.1.0.194:44427"
startupRole: FOLLOWER
, old:): org.apache.ratis.thirdparty.io.grpc.StatusRuntimeException: CANCELLED: client cancelled
2023-05-03 09:47:12,123 [bc491111-3fed-428a-bcdf-e8e8db9b92ff-impl-thread3] INFO  segmented.SegmentedRaftLogWorker (SegmentedRaftLogWorker.java:close(257)) - bc491111-3fed-428a-bcdf-e8e8db9b92ff@group-9AE0DF7C55A5-SegmentedRaftLogWorker close()
2023-05-03 09:47:12,123 [8cc5b195-cf3c-407e-b278-6945ef8abe82@group-51C4CB86561A-LeaderElection17] INFO  impl.LeaderElection (LeaderElection.java:askForVotes(314)) - 8cc5b195-cf3c-407e-b278-6945ef8abe82@group-51C4CB86561A-LeaderElection17 PRE_VOTE round 0: result PASSED (term=0)
2023-05-03 09:47:12,124 [8cc5b195-cf3c-407e-b278-6945ef8abe82@group-51C4CB86561A-LeaderElection17] INFO  impl.LeaderElection (LeaderElection.java:askForVotes(312)) - 8cc5b195-cf3c-407e-b278-6945ef8abe82@group-51C4CB86561A-LeaderElection17 ELECTION round 0: submit vote requests at term 1 for -1: peers:[8cc5b195-cf3c-407e-b278-6945ef8abe82|rpc:10.1.0.194:42993|dataStream:10.1.0.194:35035|priority:1|startupRole:FOLLOWER]|listeners:[], old=null
2023-05-03 09:47:12,124 [8cc5b195-cf3c-407e-b278-6945ef8abe82@group-51C4CB86561A-LeaderElection17] INFO  impl.LeaderElection (LeaderElection.java:askForVotes(314)) - 8cc5b195-cf3c-407e-b278-6945ef8abe82@group-51C4CB86561A-LeaderElection17 ELECTION round 0: result PASSED (term=1)
2023-05-03 09:47:12,124 [8cc5b195-cf3c-407e-b278-6945ef8abe82@group-51C4CB86561A-LeaderElection17] INFO  impl.RoleInfo (RoleInfo.java:shutdownLeaderElection(130)) - 8cc5b195-cf3c-407e-b278-6945ef8abe82: shutdown 8cc5b195-cf3c-407e-b278-6945ef8abe82@group-51C4CB86561A-LeaderElection17
2023-05-03 09:47:12,124 [8cc5b195-cf3c-407e-b278-6945ef8abe82@group-51C4CB86561A-LeaderElection17] INFO  server.RaftServer$Division (RaftServerImpl.java:setRole(321)) - 8cc5b195-cf3c-407e-b278-6945ef8abe82@group-51C4CB86561A: changes role from CANDIDATE to LEADER at term 1 for changeToLeader
2023-05-03 09:47:12,124 [8cc5b195-cf3c-407e-b278-6945ef8abe82@group-51C4CB86561A-LeaderElection17] INFO  ratis.XceiverServerRatis (XceiverServerRatis.java:handleLeaderChangedNotification(904)) - Leader change notification received for group: group-51C4CB86561A with new leaderId: 8cc5b195-cf3c-407e-b278-6945ef8abe82
2023-05-03 09:47:12,124 [grpc-default-executor-4] INFO  server.GrpcLogAppender (GrpcLogAppender.java:onCompleted(415)) - b6ef2b53-fb64-4342-8f97-d03ee9e71060@group-9AE0DF7C55A5->8cc5b195-cf3c-407e-b278-6945ef8abe82-AppendLogResponseHandler: follower responses appendEntries COMPLETED
2023-05-03 09:47:12,124 [8cc5b195-cf3c-407e-b278-6945ef8abe82@group-51C4CB86561A-LeaderElection17] INFO  server.RaftServer$Division (ServerState.java:setLeader(313)) - 8cc5b195-cf3c-407e-b278-6945ef8abe82@group-51C4CB86561A: change Leader from null to 8cc5b195-cf3c-407e-b278-6945ef8abe82 at term 1 for becomeLeader, leader elected after 5133ms
2023-05-03 09:47:12,124 [8cc5b195-cf3c-407e-b278-6945ef8abe82@group-51C4CB86561A-LeaderElection17] INFO  server.RaftServerConfigKeys (ConfUtils.java:logGet(46)) - raft.server.staging.catchup.gap = 1000 (default)
2023-05-03 09:47:12,124 [8cc5b195-cf3c-407e-b278-6945ef8abe82@group-51C4CB86561A-LeaderElection17] INFO  server.RaftServerConfigKeys (ConfUtils.java:logGet(46)) - raft.server.write.element-limit = 1024 (custom)
2023-05-03 09:47:12,124 [8cc5b195-cf3c-407e-b278-6945ef8abe82@group-51C4CB86561A-LeaderElection17] INFO  server.RaftServerConfigKeys (ConfUtils.java:logGet(46)) - raft.server.write.byte-limit = 1024 M (=1073741824) (custom)
2023-05-03 09:47:12,125 [8cc5b195-cf3c-407e-b278-6945ef8abe82@group-51C4CB86561A-LeaderElection17] INFO  server.RaftServerConfigKeys (ConfUtils.java:logGet(46)) - raft.server.watch.timeout = 180s (custom)
2023-05-03 09:47:12,125 [8cc5b195-cf3c-407e-b278-6945ef8abe82@group-51C4CB86561A-LeaderElection17] INFO  server.RaftServerConfigKeys (ConfUtils.java:logGet(46)) - raft.server.watch.timeout.denomination = 1s (default)
2023-05-03 09:47:12,125 [8cc5b195-cf3c-407e-b278-6945ef8abe82@group-51C4CB86561A-LeaderElection17] INFO  server.RaftServerConfigKeys (ConfUtils.java:logGet(46)) - raft.server.watch.element-limit = 65536 (default)
2023-05-03 09:47:12,125 [8cc5b195-cf3c-407e-b278-6945ef8abe82@group-51C4CB86561A-LeaderElection17] INFO  server.RaftServerConfigKeys (ConfUtils.java:logGet(46)) - raft.server.write.element-limit = 1024 (custom)
2023-05-03 09:47:12,125 [8cc5b195-cf3c-407e-b278-6945ef8abe82@group-51C4CB86561A-LeaderElection17] INFO  server.RaftServerConfigKeys (ConfUtils.java:logGet(46)) - raft.server.write.follower.gap.ratio.max = -1.0 (default)
2023-05-03 09:47:12,125 [8cc5b195-cf3c-407e-b278-6945ef8abe82@group-51C4CB86561A-LeaderElection17] INFO  impl.RoleInfo (RoleInfo.java:updateAndGet(139)) - 8cc5b195-cf3c-407e-b278-6945ef8abe82: start 8cc5b195-cf3c-407e-b278-6945ef8abe82@group-51C4CB86561A-LeaderStateImpl
2023-05-03 09:47:12,125 [8cc5b195-cf3c-407e-b278-6945ef8abe82@group-51C4CB86561A-LeaderElection17] INFO  segmented.SegmentedRaftLogWorker (SegmentedRaftLogWorker.java:startLogSegment(452)) - 8cc5b195-cf3c-407e-b278-6945ef8abe82@group-51C4CB86561A-SegmentedRaftLogWorker: Starting segment from index:0
2023-05-03 09:47:12,126 [8cc5b195-cf3c-407e-b278-6945ef8abe82@group-51C4CB86561A-SegmentedRaftLogWorker] INFO  segmented.SegmentedRaftLogWorker (SegmentedRaftLogWorker.java:execute(656)) - 8cc5b195-cf3c-407e-b278-6945ef8abe82@group-51C4CB86561A-SegmentedRaftLogWorker: created new log segment /home/runner/work/ozone/ozone/hadoop-ozone/integration-test/target/test-dir/MiniOzoneClusterImpl-1ffe41d3-309f-458f-85b5-47035b7448ff/datanode-2/data/ratis/7fa99cf2-3f1f-4a57-a668-51c4cb86561a/current/log_inprogress_0
2023-05-03 09:47:12,127 [grpc-default-executor-0] INFO  server.GrpcLogAppender (GrpcLogAppender.java:onCompleted(415)) - b6ef2b53-fb64-4342-8f97-d03ee9e71060@group-9AE0DF7C55A5->8cc5b195-cf3c-407e-b278-6945ef8abe82-AppendLogResponseHandler: follower responses appendEntries COMPLETED
2023-05-03 09:47:12,127 [b6ef2b53-fb64-4342-8f97-d03ee9e71060-impl-thread2] INFO  segmented.SegmentedRaftLogWorker (SegmentedRaftLogWorker.java:close(257)) - b6ef2b53-fb64-4342-8f97-d03ee9e71060@group-96138FE0CC40-SegmentedRaftLogWorker close()
2023-05-03 09:47:12,127 [b6ef2b53-fb64-4342-8f97-d03ee9e71060-impl-thread1] INFO  segmented.SegmentedRaftLogWorker (SegmentedRaftLogWorker.java:close(257)) - b6ef2b53-fb64-4342-8f97-d03ee9e71060@group-9CA73B9EA204-SegmentedRaftLogWorker close()
2023-05-03 09:47:12,130 [b6ef2b53-fb64-4342-8f97-d03ee9e71060-impl-thread3] INFO  segmented.SegmentedRaftLogWorker (SegmentedRaftLogWorker.java:close(257)) - b6ef2b53-fb64-4342-8f97-d03ee9e71060@group-9AE0DF7C55A5-SegmentedRaftLogWorker close()
2023-05-03 09:47:12,134 [8cc5b195-cf3c-407e-b278-6945ef8abe82@group-51C4CB86561A-LeaderElection17] INFO  server.RaftServer$Division (ServerState.java:setRaftConf(430)) - 8cc5b195-cf3c-407e-b278-6945ef8abe82@group-51C4CB86561A: set configuration 0: peers:[8cc5b195-cf3c-407e-b278-6945ef8abe82|rpc:10.1.0.194:42993|dataStream:10.1.0.194:35035|priority:1|startupRole:FOLLOWER]|listeners:[], old=null
2023-05-03 09:47:12,140 [ForkJoinPool.commonPool-worker-0] INFO  server.GrpcServerProtocolClient (GrpcServerProtocolClient.java:close(101)) - 8cc5b195-cf3c-407e-b278-6945ef8abe82 Close channels
2023-05-03 09:47:12,141 [grpc-default-executor-3] WARN  server.GrpcLogAppender (LogUtils.java:warn(122)) - 8cc5b195-cf3c-407e-b278-6945ef8abe82@group-9CA73B9EA204->b6ef2b53-fb64-4342-8f97-d03ee9e71060-AppendLogResponseHandler: Failed appendEntries: org.apache.ratis.thirdparty.io.grpc.StatusRuntimeException: CANCELLED: RST_STREAM closed stream. HTTP/2 error code: CANCEL
2023-05-03 09:47:12,141 [grpc-default-executor-3] WARN  server.GrpcLogAppender (GrpcLogAppender.java:resetClient(131)) - 8cc5b195-cf3c-407e-b278-6945ef8abe82@group-9CA73B9EA204->b6ef2b53-fb64-4342-8f97-d03ee9e71060-GrpcLogAppender: Leader has not got in touch with Follower 8cc5b195-cf3c-407e-b278-6945ef8abe82@group-9CA73B9EA204->b6ef2b53-fb64-4342-8f97-d03ee9e71060(c0,m0,n1, attendVote=true, lastRpcSendTime=337, lastRpcResponseTime=309) yet, just keep nextIndex unchanged and retry.
2023-05-03 09:47:12,124 [grpc-default-executor-4] INFO  leader.FollowerInfo (FollowerInfoImpl.java:lambda$new$0(48)) - b6ef2b53-fb64-4342-8f97-d03ee9e71060@group-9AE0DF7C55A5->8cc5b195-cf3c-407e-b278-6945ef8abe82: nextIndex: updateUnconditionally 1 -> 0
2023-05-03 09:47:12,141 [grpc-default-executor-0] WARN  server.GrpcLogAppender (GrpcLogAppender.java:resetClient(137)) - b6ef2b53-fb64-4342-8f97-d03ee9e71060@group-9AE0DF7C55A5->8cc5b195-cf3c-407e-b278-6945ef8abe82-GrpcLogAppender: Failed to getClient for 8cc5b195-cf3c-407e-b278-6945ef8abe82
org.apache.ratis.protocol.exceptions.AlreadyClosedException: b6ef2b53-fb64-4342-8f97-d03ee9e71060 is already CLOSED
	at org.apache.ratis.util.PeerProxyMap$PeerAndProxy.getProxy(PeerProxyMap.java:61)
	at org.apache.ratis.util.PeerProxyMap.getProxy(PeerProxyMap.java:115)
	at org.apache.ratis.grpc.server.GrpcLogAppender.getClient(GrpcLogAppender.java:116)
	at org.apache.ratis.grpc.server.GrpcLogAppender.resetClient(GrpcLogAppender.java:121)
	at org.apache.ratis.grpc.server.GrpcLogAppender.access$500(GrpcLogAppender.java:58)
	at org.apache.ratis.grpc.server.GrpcLogAppender$AppendLogResponseHandler.onCompleted(GrpcLogAppender.java:416)
	at org.apache.ratis.thirdparty.io.grpc.stub.ClientCalls$StreamObserverToCallListenerAdapter.onClose(ClientCalls.java:485)
	at org.apache.ratis.thirdparty.io.grpc.internal.ClientCallImpl.closeObserver(ClientCallImpl.java:562)
	at org.apache.ratis.thirdparty.io.grpc.internal.ClientCallImpl.access$300(ClientCallImpl.java:70)
	at org.apache.ratis.thirdparty.io.grpc.internal.ClientCallImpl$ClientStreamListenerImpl$1StreamClosed.runInternal(ClientCallImpl.java:743)
	at org.apache.ratis.thirdparty.io.grpc.internal.ClientCallImpl$ClientStreamListenerImpl$1StreamClosed.runInContext(ClientCallImpl.java:722)
	at org.apache.ratis.thirdparty.io.grpc.internal.ContextRunnable.run(ContextRunnable.java:37)
	at org.apache.ratis.thirdparty.io.grpc.internal.SerializingExecutor.run(SerializingExecutor.java:133)
	at java.util.concurrent.ThreadPoolExecutor.runWorker(ThreadPoolExecutor.java:1149)
	at java.util.concurrent.ThreadPoolExecutor$Worker.run(ThreadPoolExecutor.java:624)
	at java.lang.Thread.run(Thread.java:750)
2023-05-03 09:47:12,144 [JvmPauseMonitor8] INFO  util.JvmPauseMonitor (JvmPauseMonitor.java:run(111)) - JvmPauseMonitor-bc491111-3fed-428a-bcdf-e8e8db9b92ff: Stopped
2023-05-03 09:47:12,155 [ForkJoinPool.commonPool-worker-0] INFO  server.GrpcService (GrpcService.java:closeImpl(280)) - b6ef2b53-fb64-4342-8f97-d03ee9e71060: shutdown server GrpcServerProtocolService successfully
2023-05-03 09:47:12,155 [b6ef2b53-fb64-4342-8f97-d03ee9e71060-NettyServerStreamRpc-bossGroup--thread1] INFO  logging.LoggingHandler (AbstractInternalLogger.java:log(148)) - [id: 0x9f34cfa1, L:/0:0:0:0:0:0:0:0:42439] CLOSE
2023-05-03 09:47:12,156 [b6ef2b53-fb64-4342-8f97-d03ee9e71060-NettyServerStreamRpc-bossGroup--thread1] INFO  logging.LoggingHandler (AbstractInternalLogger.java:log(148)) - [id: 0x9f34cfa1, L:/0:0:0:0:0:0:0:0:42439] INACTIVE
2023-05-03 09:47:12,156 [b6ef2b53-fb64-4342-8f97-d03ee9e71060-NettyServerStreamRpc-bossGroup--thread1] INFO  logging.LoggingHandler (AbstractInternalLogger.java:log(148)) - [id: 0x9f34cfa1, L:/0:0:0:0:0:0:0:0:42439] UNREGISTERED
2023-05-03 09:47:12,157 [JvmPauseMonitor7] INFO  util.JvmPauseMonitor (JvmPauseMonitor.java:run(111)) - JvmPauseMonitor-b6ef2b53-fb64-4342-8f97-d03ee9e71060: Stopped
2023-05-03 09:47:14,162 [Listener at 127.0.0.1/33355] INFO  volume.HddsVolume (HddsVolume.java:closeDbStore(437)) - SchemaV3 db is stopped at /home/runner/work/ozone/ozone/hadoop-ozone/integration-test/target/test-dir/MiniOzoneClusterImpl-1ffe41d3-309f-458f-85b5-47035b7448ff/datanode-1/data-0/containers/hdds/1ffe41d3-309f-458f-85b5-47035b7448ff/DS-8378b2e0-ed89-431a-b7ca-4b484ffb5d1c/container.db for volume DS-8378b2e0-ed89-431a-b7ca-4b484ffb5d1c
2023-05-03 09:47:14,162 [Listener at 127.0.0.1/33355] INFO  utils.BackgroundService (BackgroundService.java:shutdown(141)) - Shutting down service BlockDeletingService
2023-05-03 09:47:14,165 [Listener at 127.0.0.1/33355] INFO  utils.BackgroundService (BackgroundService.java:shutdown(141)) - Shutting down service StaleRecoveringContainerScrubbingService
2023-05-03 09:47:14,167 [ForkJoinPool.commonPool-worker-0] INFO  volume.HddsVolume (HddsVolume.java:closeDbStore(437)) - SchemaV3 db is stopped at /home/runner/work/ozone/ozone/hadoop-ozone/integration-test/target/test-dir/MiniOzoneClusterImpl-1ffe41d3-309f-458f-85b5-47035b7448ff/datanode-0/data-0/containers/hdds/1ffe41d3-309f-458f-85b5-47035b7448ff/DS-38b7435a-2ffa-40a8-96b5-27ae2778f7f8/container.db for volume DS-38b7435a-2ffa-40a8-96b5-27ae2778f7f8
2023-05-03 09:47:14,168 [ForkJoinPool.commonPool-worker-0] INFO  utils.BackgroundService (BackgroundService.java:shutdown(141)) - Shutting down service BlockDeletingService
2023-05-03 09:47:14,168 [ForkJoinPool.commonPool-worker-0] INFO  utils.BackgroundService (BackgroundService.java:shutdown(141)) - Shutting down service StaleRecoveringContainerScrubbingService
2023-05-03 09:47:14,168 [Listener at 127.0.0.1/33355] INFO  statemachine.DatanodeStateMachine (DatanodeStateMachine.java:stopDaemon(603)) - Ozone container server stopped.
2023-05-03 09:47:14,177 [ForkJoinPool.commonPool-worker-0] INFO  statemachine.DatanodeStateMachine (DatanodeStateMachine.java:stopDaemon(603)) - Ozone container server stopped.
2023-05-03 09:47:14,196 [Listener at 127.0.0.1/33355] INFO  handler.ContextHandler (ContextHandler.java:doStop(1159)) - Stopped o.e.j.w.WebAppContext@50bdaaa5{hddsDatanode,/,null,STOPPED}{jar:file:/home/runner/.m2/repository/org/apache/ozone/hdds-container-service/1.4.0-SNAPSHOT/hdds-container-service-1.4.0-SNAPSHOT.jar!/webapps/hddsDatanode}
2023-05-03 09:47:14,201 [ForkJoinPool.commonPool-worker-0] INFO  handler.ContextHandler (ContextHandler.java:doStop(1159)) - Stopped o.e.j.w.WebAppContext@2051dd06{hddsDatanode,/,null,STOPPED}{jar:file:/home/runner/.m2/repository/org/apache/ozone/hdds-container-service/1.4.0-SNAPSHOT/hdds-container-service-1.4.0-SNAPSHOT.jar!/webapps/hddsDatanode}
2023-05-03 09:47:14,201 [Listener at 127.0.0.1/33355] INFO  server.AbstractConnector (AbstractConnector.java:doStop(383)) - Stopped ServerConnector@6acbdc76{HTTP/1.1, (http/1.1)}{0.0.0.0:0}
2023-05-03 09:47:14,201 [Listener at 127.0.0.1/33355] INFO  server.session (HouseKeeper.java:stopScavenging(149)) - node0 Stopped scavenging
2023-05-03 09:47:14,202 [Listener at 127.0.0.1/33355] INFO  handler.ContextHandler (ContextHandler.java:doStop(1159)) - Stopped o.e.j.s.ServletContextHandler@842edfc{static,/static,jar:file:/home/runner/.m2/repository/org/apache/ozone/hdds-container-service/1.4.0-SNAPSHOT/hdds-container-service-1.4.0-SNAPSHOT.jar!/webapps/static,STOPPED}
2023-05-03 09:47:14,202 [ForkJoinPool.commonPool-worker-0] INFO  server.AbstractConnector (AbstractConnector.java:doStop(383)) - Stopped ServerConnector@42a8fde6{HTTP/1.1, (http/1.1)}{0.0.0.0:0}
2023-05-03 09:47:14,202 [Listener at 127.0.0.1/33355] INFO  handler.ContextHandler (ContextHandler.java:doStop(1159)) - Stopped o.e.j.s.ServletContextHandler@224eda1e{logs,/logs,file:///home/runner/work/ozone/ozone/hadoop-ozone/integration-test/target/log,STOPPED}
2023-05-03 09:47:14,202 [ForkJoinPool.commonPool-worker-0] INFO  server.session (HouseKeeper.java:stopScavenging(149)) - node0 Stopped scavenging
2023-05-03 09:47:14,207 [ForkJoinPool.commonPool-worker-0] INFO  handler.ContextHandler (ContextHandler.java:doStop(1159)) - Stopped o.e.j.s.ServletContextHandler@46fc2fb8{static,/static,jar:file:/home/runner/.m2/repository/org/apache/ozone/hdds-container-service/1.4.0-SNAPSHOT/hdds-container-service-1.4.0-SNAPSHOT.jar!/webapps/static,STOPPED}
2023-05-03 09:47:14,216 [Listener at 127.0.0.1/33355] INFO  ozoneimpl.OzoneContainer (OzoneContainer.java:stop(419)) - Attempting to stop container services.
2023-05-03 09:47:14,216 [Listener at 127.0.0.1/33355] INFO  server.RaftServer (RaftServerProxy.java:lambda$close$6(409)) - 8cc5b195-cf3c-407e-b278-6945ef8abe82: close
2023-05-03 09:47:14,217 [8cc5b195-cf3c-407e-b278-6945ef8abe82-impl-thread1] INFO  server.RaftServer$Division (RaftServerImpl.java:lambda$close$4(458)) - 8cc5b195-cf3c-407e-b278-6945ef8abe82@group-9CA73B9EA204: shutdown
2023-05-03 09:47:14,217 [8cc5b195-cf3c-407e-b278-6945ef8abe82-impl-thread1] INFO  util.JmxRegister (JmxRegister.java:unregister(73)) - Successfully un-registered JMX Bean with object name Ratis:service=RaftServer,group=group-9CA73B9EA204,id=8cc5b195-cf3c-407e-b278-6945ef8abe82
2023-05-03 09:47:14,217 [8cc5b195-cf3c-407e-b278-6945ef8abe82-impl-thread1] INFO  impl.RoleInfo (RoleInfo.java:shutdownLeaderState(93)) - 8cc5b195-cf3c-407e-b278-6945ef8abe82: shutdown 8cc5b195-cf3c-407e-b278-6945ef8abe82@group-9CA73B9EA204-LeaderStateImpl
2023-05-03 09:47:14,216 [ForkJoinPool.commonPool-worker-0] INFO  handler.ContextHandler (ContextHandler.java:doStop(1159)) - Stopped o.e.j.s.ServletContextHandler@23d9656c{logs,/logs,file:///home/runner/work/ozone/ozone/hadoop-ozone/integration-test/target/log,STOPPED}
2023-05-03 09:47:14,218 [8cc5b195-cf3c-407e-b278-6945ef8abe82-impl-thread2] INFO  server.RaftServer$Division (RaftServerImpl.java:lambda$close$4(458)) - 8cc5b195-cf3c-407e-b278-6945ef8abe82@group-51C4CB86561A: shutdown
2023-05-03 09:47:14,218 [8cc5b195-cf3c-407e-b278-6945ef8abe82-impl-thread2] INFO  util.JmxRegister (JmxRegister.java:unregister(73)) - Successfully un-registered JMX Bean with object name Ratis:service=RaftServer,group=group-51C4CB86561A,id=8cc5b195-cf3c-407e-b278-6945ef8abe82
2023-05-03 09:47:14,218 [8cc5b195-cf3c-407e-b278-6945ef8abe82-impl-thread2] INFO  impl.RoleInfo (RoleInfo.java:shutdownLeaderState(93)) - 8cc5b195-cf3c-407e-b278-6945ef8abe82: shutdown 8cc5b195-cf3c-407e-b278-6945ef8abe82@group-51C4CB86561A-LeaderStateImpl
2023-05-03 09:47:14,218 [8cc5b195-cf3c-407e-b278-6945ef8abe82-impl-thread2] INFO  impl.PendingRequests (PendingRequests.java:sendNotLeaderResponses(282)) - 8cc5b195-cf3c-407e-b278-6945ef8abe82@group-51C4CB86561A-PendingRequests: sendNotLeaderResponses
2023-05-03 09:47:14,219 [8cc5b195-cf3c-407e-b278-6945ef8abe82-impl-thread2] INFO  impl.StateMachineUpdater (StateMachineUpdater.java:stopAndJoin(153)) - 8cc5b195-cf3c-407e-b278-6945ef8abe82@group-51C4CB86561A-StateMachineUpdater: set stopIndex = 0
2023-05-03 09:47:14,219 [Listener at 127.0.0.1/33355] INFO  server.GrpcService (GrpcService.java:closeImpl(271)) - 8cc5b195-cf3c-407e-b278-6945ef8abe82: shutdown server GrpcServerProtocolService now
2023-05-03 09:47:14,219 [8cc5b195-cf3c-407e-b278-6945ef8abe82@group-51C4CB86561A-StateMachineUpdater] INFO  ratis.ContainerStateMachine (ContainerStateMachine.java:takeSnapshot(330)) - group-51C4CB86561A: Taking a snapshot at:(t:1, i:0) file /home/runner/work/ozone/ozone/hadoop-ozone/integration-test/target/test-dir/MiniOzoneClusterImpl-1ffe41d3-309f-458f-85b5-47035b7448ff/datanode-2/data/ratis/7fa99cf2-3f1f-4a57-a668-51c4cb86561a/sm/snapshot.1_0
2023-05-03 09:47:14,219 [8cc5b195-cf3c-407e-b278-6945ef8abe82-impl-thread1] INFO  impl.PendingRequests (PendingRequests.java:sendNotLeaderResponses(282)) - 8cc5b195-cf3c-407e-b278-6945ef8abe82@group-9CA73B9EA204-PendingRequests: sendNotLeaderResponses
2023-05-03 09:47:14,219 [8cc5b195-cf3c-407e-b278-6945ef8abe82-impl-thread1] INFO  impl.StateMachineUpdater (StateMachineUpdater.java:stopAndJoin(153)) - 8cc5b195-cf3c-407e-b278-6945ef8abe82@group-9CA73B9EA204-StateMachineUpdater: set stopIndex = 0
2023-05-03 09:47:14,219 [8cc5b195-cf3c-407e-b278-6945ef8abe82@group-9CA73B9EA204-StateMachineUpdater] INFO  ratis.ContainerStateMachine (ContainerStateMachine.java:takeSnapshot(330)) - group-9CA73B9EA204: Taking a snapshot at:(t:1, i:0) file /home/runner/work/ozone/ozone/hadoop-ozone/integration-test/target/test-dir/MiniOzoneClusterImpl-1ffe41d3-309f-458f-85b5-47035b7448ff/datanode-2/data/ratis/7ed62545-e1cd-421a-bf19-9ca73b9ea204/sm/snapshot.1_0
2023-05-03 09:47:14,219 [8cc5b195-cf3c-407e-b278-6945ef8abe82-impl-thread3] INFO  server.RaftServer$Division (RaftServerImpl.java:lambda$close$4(458)) - 8cc5b195-cf3c-407e-b278-6945ef8abe82@group-9AE0DF7C55A5: shutdown
2023-05-03 09:47:14,219 [8cc5b195-cf3c-407e-b278-6945ef8abe82-impl-thread3] INFO  util.JmxRegister (JmxRegister.java:unregister(73)) - Successfully un-registered JMX Bean with object name Ratis:service=RaftServer,group=group-9AE0DF7C55A5,id=8cc5b195-cf3c-407e-b278-6945ef8abe82
2023-05-03 09:47:14,219 [8cc5b195-cf3c-407e-b278-6945ef8abe82-impl-thread3] INFO  impl.RoleInfo (RoleInfo.java:shutdownFollowerState(110)) - 8cc5b195-cf3c-407e-b278-6945ef8abe82: shutdown 8cc5b195-cf3c-407e-b278-6945ef8abe82@group-9AE0DF7C55A5-FollowerState
2023-05-03 09:47:14,220 [8cc5b195-cf3c-407e-b278-6945ef8abe82@group-9AE0DF7C55A5-FollowerState] INFO  impl.FollowerState (FollowerState.java:run(152)) - 8cc5b195-cf3c-407e-b278-6945ef8abe82@group-9AE0DF7C55A5-FollowerState was interrupted
2023-05-03 09:47:14,221 [Listener at 127.0.0.1/33355] INFO  server.GrpcServerProtocolClient (GrpcServerProtocolClient.java:close(101)) - bc491111-3fed-428a-bcdf-e8e8db9b92ff Close channels
2023-05-03 09:47:14,222 [8cc5b195-cf3c-407e-b278-6945ef8abe82@group-9AE0DF7C55A5-StateMachineUpdater] INFO  ratis.ContainerStateMachine (ContainerStateMachine.java:takeSnapshot(330)) - group-9AE0DF7C55A5: Taking a snapshot at:(t:1, i:0) file /home/runner/work/ozone/ozone/hadoop-ozone/integration-test/target/test-dir/MiniOzoneClusterImpl-1ffe41d3-309f-458f-85b5-47035b7448ff/datanode-2/data/ratis/1f86d93a-8328-45a9-99cf-9ae0df7c55a5/sm/snapshot.1_0
2023-05-03 09:47:14,222 [8cc5b195-cf3c-407e-b278-6945ef8abe82-impl-thread3] INFO  impl.StateMachineUpdater (StateMachineUpdater.java:stopAndJoin(153)) - 8cc5b195-cf3c-407e-b278-6945ef8abe82@group-9AE0DF7C55A5-StateMachineUpdater: set stopIndex = 0
2023-05-03 09:47:14,222 [8cc5b195-cf3c-407e-b278-6945ef8abe82@group-51C4CB86561A-StateMachineUpdater] INFO  ratis.ContainerStateMachine (ContainerStateMachine.java:takeSnapshot(341)) - group-51C4CB86561A: Finished taking a snapshot at:(t:1, i:0) file:/home/runner/work/ozone/ozone/hadoop-ozone/integration-test/target/test-dir/MiniOzoneClusterImpl-1ffe41d3-309f-458f-85b5-47035b7448ff/datanode-2/data/ratis/7fa99cf2-3f1f-4a57-a668-51c4cb86561a/sm/snapshot.1_0 took: 3 ms
2023-05-03 09:47:14,222 [8cc5b195-cf3c-407e-b278-6945ef8abe82@group-9AE0DF7C55A5-StateMachineUpdater] INFO  ratis.ContainerStateMachine (ContainerStateMachine.java:takeSnapshot(341)) - group-9AE0DF7C55A5: Finished taking a snapshot at:(t:1, i:0) file:/home/runner/work/ozone/ozone/hadoop-ozone/integration-test/target/test-dir/MiniOzoneClusterImpl-1ffe41d3-309f-458f-85b5-47035b7448ff/datanode-2/data/ratis/1f86d93a-8328-45a9-99cf-9ae0df7c55a5/sm/snapshot.1_0 took: 0 ms
2023-05-03 09:47:14,222 [8cc5b195-cf3c-407e-b278-6945ef8abe82@group-51C4CB86561A-StateMachineUpdater] INFO  impl.StateMachineUpdater (StateMachineUpdater.java:takeSnapshot(287)) - 8cc5b195-cf3c-407e-b278-6945ef8abe82@group-51C4CB86561A-StateMachineUpdater: Took a snapshot at index 0
2023-05-03 09:47:14,222 [8cc5b195-cf3c-407e-b278-6945ef8abe82@group-51C4CB86561A-StateMachineUpdater] INFO  impl.StateMachineUpdater (StateMachineUpdater.java:lambda$new$0(92)) - 8cc5b195-cf3c-407e-b278-6945ef8abe82@group-51C4CB86561A-StateMachineUpdater: snapshotIndex: updateIncreasingly -1 -> 0
2023-05-03 09:47:14,222 [8cc5b195-cf3c-407e-b278-6945ef8abe82@group-9AE0DF7C55A5-StateMachineUpdater] INFO  impl.StateMachineUpdater (StateMachineUpdater.java:takeSnapshot(287)) - 8cc5b195-cf3c-407e-b278-6945ef8abe82@group-9AE0DF7C55A5-StateMachineUpdater: Took a snapshot at index 0
2023-05-03 09:47:14,222 [8cc5b195-cf3c-407e-b278-6945ef8abe82@group-9AE0DF7C55A5-StateMachineUpdater] INFO  impl.StateMachineUpdater (StateMachineUpdater.java:lambda$new$0(92)) - 8cc5b195-cf3c-407e-b278-6945ef8abe82@group-9AE0DF7C55A5-StateMachineUpdater: snapshotIndex: updateIncreasingly -1 -> 0
2023-05-03 09:47:14,223 [8cc5b195-cf3c-407e-b278-6945ef8abe82-impl-thread2] INFO  server.RaftServer$Division (ServerState.java:close(466)) - 8cc5b195-cf3c-407e-b278-6945ef8abe82@group-51C4CB86561A: closes. applyIndex: 0
2023-05-03 09:47:14,223 [8cc5b195-cf3c-407e-b278-6945ef8abe82@group-51C4CB86561A-SegmentedRaftLogWorker] INFO  segmented.SegmentedRaftLogWorker (SegmentedRaftLogWorker.java:run(347)) - 8cc5b195-cf3c-407e-b278-6945ef8abe82@group-51C4CB86561A-SegmentedRaftLogWorker was interrupted, exiting. There are 0 tasks remaining in the queue.
2023-05-03 09:47:14,224 [ForkJoinPool.commonPool-worker-0] INFO  server.GrpcServerProtocolClient (GrpcServerProtocolClient.java:close(101)) - b6ef2b53-fb64-4342-8f97-d03ee9e71060 Close channels
2023-05-03 09:47:14,224 [8cc5b195-cf3c-407e-b278-6945ef8abe82@group-9CA73B9EA204-StateMachineUpdater] INFO  ratis.ContainerStateMachine (ContainerStateMachine.java:takeSnapshot(341)) - group-9CA73B9EA204: Finished taking a snapshot at:(t:1, i:0) file:/home/runner/work/ozone/ozone/hadoop-ozone/integration-test/target/test-dir/MiniOzoneClusterImpl-1ffe41d3-309f-458f-85b5-47035b7448ff/datanode-2/data/ratis/7ed62545-e1cd-421a-bf19-9ca73b9ea204/sm/snapshot.1_0 took: 5 ms
2023-05-03 09:47:14,224 [8cc5b195-cf3c-407e-b278-6945ef8abe82@group-9CA73B9EA204-StateMachineUpdater] INFO  impl.StateMachineUpdater (StateMachineUpdater.java:takeSnapshot(287)) - 8cc5b195-cf3c-407e-b278-6945ef8abe82@group-9CA73B9EA204-StateMachineUpdater: Took a snapshot at index 0
2023-05-03 09:47:14,224 [8cc5b195-cf3c-407e-b278-6945ef8abe82@group-9CA73B9EA204-StateMachineUpdater] INFO  impl.StateMachineUpdater (StateMachineUpdater.java:lambda$new$0(92)) - 8cc5b195-cf3c-407e-b278-6945ef8abe82@group-9CA73B9EA204-StateMachineUpdater: snapshotIndex: updateIncreasingly -1 -> 0
2023-05-03 09:47:14,224 [8cc5b195-cf3c-407e-b278-6945ef8abe82-impl-thread1] INFO  server.RaftServer$Division (ServerState.java:close(466)) - 8cc5b195-cf3c-407e-b278-6945ef8abe82@group-9CA73B9EA204: closes. applyIndex: 0
2023-05-03 09:47:14,224 [8cc5b195-cf3c-407e-b278-6945ef8abe82@group-9CA73B9EA204-SegmentedRaftLogWorker] INFO  segmented.SegmentedRaftLogWorker (SegmentedRaftLogWorker.java:run(347)) - 8cc5b195-cf3c-407e-b278-6945ef8abe82@group-9CA73B9EA204-SegmentedRaftLogWorker was interrupted, exiting. There are 0 tasks remaining in the queue.
2023-05-03 09:47:14,225 [8cc5b195-cf3c-407e-b278-6945ef8abe82-impl-thread3] INFO  server.RaftServer$Division (ServerState.java:close(466)) - 8cc5b195-cf3c-407e-b278-6945ef8abe82@group-9AE0DF7C55A5: closes. applyIndex: 0
2023-05-03 09:47:14,225 [8cc5b195-cf3c-407e-b278-6945ef8abe82-impl-thread1] INFO  segmented.SegmentedRaftLogWorker (SegmentedRaftLogWorker.java:close(257)) - 8cc5b195-cf3c-407e-b278-6945ef8abe82@group-9CA73B9EA204-SegmentedRaftLogWorker close()
2023-05-03 09:47:14,225 [8cc5b195-cf3c-407e-b278-6945ef8abe82@group-9AE0DF7C55A5-SegmentedRaftLogWorker] INFO  segmented.SegmentedRaftLogWorker (SegmentedRaftLogWorker.java:run(347)) - 8cc5b195-cf3c-407e-b278-6945ef8abe82@group-9AE0DF7C55A5-SegmentedRaftLogWorker was interrupted, exiting. There are 0 tasks remaining in the queue.
2023-05-03 09:47:14,230 [Listener at 127.0.0.1/33355] INFO  server.GrpcService (GrpcService.java:closeImpl(280)) - 8cc5b195-cf3c-407e-b278-6945ef8abe82: shutdown server GrpcServerProtocolService successfully
2023-05-03 09:47:14,230 [8cc5b195-cf3c-407e-b278-6945ef8abe82-impl-thread2] INFO  segmented.SegmentedRaftLogWorker (SegmentedRaftLogWorker.java:close(257)) - 8cc5b195-cf3c-407e-b278-6945ef8abe82@group-51C4CB86561A-SegmentedRaftLogWorker close()
2023-05-03 09:47:14,230 [8cc5b195-cf3c-407e-b278-6945ef8abe82-NettyServerStreamRpc-bossGroup--thread1] INFO  logging.LoggingHandler (AbstractInternalLogger.java:log(148)) - [id: 0x689638a1, L:/0:0:0:0:0:0:0:0:35035] CLOSE
2023-05-03 09:47:14,231 [8cc5b195-cf3c-407e-b278-6945ef8abe82-NettyServerStreamRpc-bossGroup--thread1] INFO  logging.LoggingHandler (AbstractInternalLogger.java:log(148)) - [id: 0x689638a1, L:/0:0:0:0:0:0:0:0:35035] INACTIVE
2023-05-03 09:47:14,231 [8cc5b195-cf3c-407e-b278-6945ef8abe82-NettyServerStreamRpc-bossGroup--thread1] INFO  logging.LoggingHandler (AbstractInternalLogger.java:log(148)) - [id: 0x689638a1, L:/0:0:0:0:0:0:0:0:35035] UNREGISTERED
2023-05-03 09:47:14,233 [8cc5b195-cf3c-407e-b278-6945ef8abe82-impl-thread3] INFO  segmented.SegmentedRaftLogWorker (SegmentedRaftLogWorker.java:close(257)) - 8cc5b195-cf3c-407e-b278-6945ef8abe82@group-9AE0DF7C55A5-SegmentedRaftLogWorker close()
2023-05-03 09:47:14,239 [JvmPauseMonitor9] INFO  util.JvmPauseMonitor (JvmPauseMonitor.java:run(111)) - JvmPauseMonitor-8cc5b195-cf3c-407e-b278-6945ef8abe82: Stopped
2023-05-03 09:47:16,243 [Listener at 127.0.0.1/33355] INFO  volume.HddsVolume (HddsVolume.java:closeDbStore(437)) - SchemaV3 db is stopped at /home/runner/work/ozone/ozone/hadoop-ozone/integration-test/target/test-dir/MiniOzoneClusterImpl-1ffe41d3-309f-458f-85b5-47035b7448ff/datanode-2/data-0/containers/hdds/1ffe41d3-309f-458f-85b5-47035b7448ff/DS-85dc1106-31e8-4a15-b936-28a927181ea4/container.db for volume DS-85dc1106-31e8-4a15-b936-28a927181ea4
2023-05-03 09:47:16,243 [Listener at 127.0.0.1/33355] INFO  utils.BackgroundService (BackgroundService.java:shutdown(141)) - Shutting down service BlockDeletingService
2023-05-03 09:47:16,243 [Listener at 127.0.0.1/33355] INFO  utils.BackgroundService (BackgroundService.java:shutdown(141)) - Shutting down service StaleRecoveringContainerScrubbingService
2023-05-03 09:47:16,244 [Listener at 127.0.0.1/33355] INFO  statemachine.DatanodeStateMachine (DatanodeStateMachine.java:stopDaemon(603)) - Ozone container server stopped.
2023-05-03 09:47:16,252 [Listener at 127.0.0.1/33355] INFO  handler.ContextHandler (ContextHandler.java:doStop(1159)) - Stopped o.e.j.w.WebAppContext@6b11a626{hddsDatanode,/,null,STOPPED}{jar:file:/home/runner/.m2/repository/org/apache/ozone/hdds-container-service/1.4.0-SNAPSHOT/hdds-container-service-1.4.0-SNAPSHOT.jar!/webapps/hddsDatanode}
2023-05-03 09:47:16,256 [Listener at 127.0.0.1/33355] INFO  server.AbstractConnector (AbstractConnector.java:doStop(383)) - Stopped ServerConnector@3c6c894e{HTTP/1.1, (http/1.1)}{0.0.0.0:0}
2023-05-03 09:47:16,257 [Listener at 127.0.0.1/33355] INFO  server.session (HouseKeeper.java:stopScavenging(149)) - node0 Stopped scavenging
2023-05-03 09:47:16,257 [Listener at 127.0.0.1/33355] INFO  handler.ContextHandler (ContextHandler.java:doStop(1159)) - Stopped o.e.j.s.ServletContextHandler@1c8b123e{static,/static,jar:file:/home/runner/.m2/repository/org/apache/ozone/hdds-container-service/1.4.0-SNAPSHOT/hdds-container-service-1.4.0-SNAPSHOT.jar!/webapps/static,STOPPED}
2023-05-03 09:47:16,257 [Listener at 127.0.0.1/33355] INFO  handler.ContextHandler (ContextHandler.java:doStop(1159)) - Stopped o.e.j.s.ServletContextHandler@306b53e6{logs,/logs,file:///home/runner/work/ozone/ozone/hadoop-ozone/integration-test/target/log,STOPPED}
2023-05-03 09:47:16,258 [Listener at 127.0.0.1/33355] INFO  ozone.MiniOzoneClusterImpl (MiniOzoneClusterImpl.java:stopSCM(552)) - Stopping the StorageContainerManager
2023-05-03 09:47:16,258 [Listener at 127.0.0.1/33355] INFO  server.StorageContainerManager (StorageContainerManager.java:stop(1578)) - Container Balancer is not running.
2023-05-03 09:47:16,259 [Listener at 127.0.0.1/33355] INFO  server.StorageContainerManager (StorageContainerManager.java:stopReplicationManager(1709)) - Stopping Replication Manager Service.
2023-05-03 09:47:16,259 [Listener at 127.0.0.1/33355] INFO  replication.ReplicationManager (ReplicationManager.java:stop(324)) - Stopping Replication Monitor Thread.
2023-05-03 09:47:16,259 [Listener at 127.0.0.1/33355] INFO  server.StorageContainerManager (StorageContainerManager.java:stop(1587)) - Stopping the Datanode Admin Monitor.
2023-05-03 09:47:16,259 [Under Replicated Processor] WARN  replication.UnhealthyReplicationProcessor (UnhealthyReplicationProcessor.java:run(167)) - Under Replicated Processor interrupted. Exiting...
2023-05-03 09:47:16,259 [Listener at 127.0.0.1/33355] INFO  server.StorageContainerManager (StorageContainerManager.java:stop(1594)) - Stopping datanode service RPC server
2023-05-03 09:47:16,259 [Listener at 127.0.0.1/33355] INFO  server.SCMDatanodeProtocolServer (SCMDatanodeProtocolServer.java:stop(424)) - Stopping the RPC server for DataNodes
2023-05-03 09:47:16,259 [Listener at 127.0.0.1/33355] INFO  ipc.Server (Server.java:stop(3501)) - Stopping server on 38381
2023-05-03 09:47:16,259 [ReplicationMonitor] INFO  replication.ReplicationManager (ReplicationManager.java:run(934)) - Replication Monitor Thread is stopped
2023-05-03 09:47:16,259 [Over Replicated Processor] WARN  replication.UnhealthyReplicationProcessor (UnhealthyReplicationProcessor.java:run(167)) - Over Replicated Processor interrupted. Exiting...
2023-05-03 09:47:16,261 [IPC Server listener on 0] INFO  ipc.Server (Server.java:run(1430)) - Stopping IPC Server listener on 0
2023-05-03 09:47:16,261 [IPC Server Responder] INFO  ipc.Server (Server.java:run(1563)) - Stopping IPC Server Responder
2023-05-03 09:47:16,342 [SCM Heartbeat Processing Thread - 0] WARN  node.NodeStateManager (NodeStateManager.java:scheduleNextHealthCheck(870)) - Current Thread is interrupted, shutting down HB processing thread for Node Manager.
2023-05-03 09:47:16,342 [Listener at 127.0.0.1/33355] INFO  server.StorageContainerManager (StorageContainerManager.java:stop(1602)) - Stopping block service RPC server
2023-05-03 09:47:16,342 [Listener at 127.0.0.1/33355] INFO  server.SCMBlockProtocolServer (SCMBlockProtocolServer.java:stop(161)) - Stopping the RPC server for Block Protocol
2023-05-03 09:47:16,342 [Listener at 127.0.0.1/33355] INFO  ipc.Server (Server.java:stop(3501)) - Stopping server on 40761
2023-05-03 09:47:16,343 [IPC Server listener on 0] INFO  ipc.Server (Server.java:run(1430)) - Stopping IPC Server listener on 0
2023-05-03 09:47:16,347 [IPC Server Responder] INFO  ipc.Server (Server.java:run(1563)) - Stopping IPC Server Responder
2023-05-03 09:47:16,348 [Listener at 127.0.0.1/33355] INFO  server.StorageContainerManager (StorageContainerManager.java:stop(1609)) - Stopping the StorageContainerLocationProtocol RPC server
2023-05-03 09:47:16,348 [Listener at 127.0.0.1/33355] INFO  server.SCMClientProtocolServer (SCMClientProtocolServer.java:stop(208)) - Stopping the RPC server for Client Protocol
2023-05-03 09:47:16,348 [Listener at 127.0.0.1/33355] INFO  ipc.Server (Server.java:stop(3501)) - Stopping server on 33667
2023-05-03 09:47:16,349 [IPC Server Responder] INFO  ipc.Server (Server.java:run(1563)) - Stopping IPC Server Responder
2023-05-03 09:47:16,349 [IPC Server listener on 0] INFO  ipc.Server (Server.java:run(1430)) - Stopping IPC Server listener on 0
2023-05-03 09:47:16,349 [Listener at 127.0.0.1/33355] INFO  server.StorageContainerManager (StorageContainerManager.java:stop(1616)) - Stopping Storage Container Manager HTTP server.
2023-05-03 09:47:16,350 [Listener at 127.0.0.1/33355] INFO  handler.ContextHandler (ContextHandler.java:doStop(1159)) - Stopped o.e.j.w.WebAppContext@e093cdf{scm,/,null,STOPPED}{file:/home/runner/work/ozone/ozone/hadoop-ozone/integration-test/target/test-classes/webapps/scm}
2023-05-03 09:47:16,353 [Listener at 127.0.0.1/33355] INFO  server.AbstractConnector (AbstractConnector.java:doStop(383)) - Stopped ServerConnector@220b111f{HTTP/1.1, (http/1.1)}{0.0.0.0:0}
2023-05-03 09:47:16,353 [Listener at 127.0.0.1/33355] INFO  server.session (HouseKeeper.java:stopScavenging(149)) - node0 Stopped scavenging
2023-05-03 09:47:16,353 [Listener at 127.0.0.1/33355] INFO  handler.ContextHandler (ContextHandler.java:doStop(1159)) - Stopped o.e.j.s.ServletContextHandler@6430a1ea{static,/static,file:///home/runner/work/ozone/ozone/hadoop-ozone/integration-test/target/test-classes/webapps/static,STOPPED}
2023-05-03 09:47:16,354 [Listener at 127.0.0.1/33355] INFO  handler.ContextHandler (ContextHandler.java:doStop(1159)) - Stopped o.e.j.s.ServletContextHandler@129ed0c{logs,/logs,file:///home/runner/work/ozone/ozone/hadoop-ozone/integration-test/target/log,STOPPED}
2023-05-03 09:47:16,355 [Listener at 127.0.0.1/33355] INFO  server.StorageContainerManager (StorageContainerManager.java:stop(1624)) - Stopping SCM LayoutVersionManager Service.
2023-05-03 09:47:16,355 [Listener at 127.0.0.1/33355] INFO  server.StorageContainerManager (StorageContainerManager.java:stop(1632)) - Stopping Block Manager Service.
2023-05-03 09:47:16,355 [Listener at 127.0.0.1/33355] INFO  utils.BackgroundService (BackgroundService.java:shutdown(141)) - Shutting down service SCMBlockDeletingService
2023-05-03 09:47:16,355 [Listener at 127.0.0.1/33355] INFO  utils.BackgroundService (BackgroundService.java:shutdown(141)) - Shutting down service SCMBlockDeletingService
2023-05-03 09:47:16,355 [Listener at 127.0.0.1/33355] INFO  server.StorageContainerManager (StorageContainerManager.java:stop(1654)) - Stopping SCM Event Queue.
2023-05-03 09:47:16,356 [Listener at 127.0.0.1/33355] INFO  server.StorageContainerManager (StorageContainerManager.java:stop(1665)) - Stopping SCM HA services.
2023-05-03 09:47:16,356 [Listener at 127.0.0.1/33355] INFO  pipeline.BackgroundPipelineCreator (BackgroundPipelineCreator.java:stop(149)) - Stopping RatisPipelineUtilsThread.
2023-05-03 09:47:16,357 [RatisPipelineUtilsThread - 0] WARN  pipeline.BackgroundPipelineCreator (BackgroundPipelineCreator.java:run(180)) - RatisPipelineUtilsThread is interrupted.
2023-05-03 09:47:16,357 [BackgroundPipelineScrubberThread] WARN  BackgroundPipelineScrubber (BackgroundSCMService.java:run(115)) - BackgroundPipelineScrubber is interrupted, exit
2023-05-03 09:47:16,357 [Listener at 127.0.0.1/33355] INFO  BackgroundPipelineScrubber (BackgroundSCMService.java:stop(131)) - Stopping BackgroundPipelineScrubber Service.
2023-05-03 09:47:16,357 [Listener at 127.0.0.1/33355] INFO  impl.MetricsSystemImpl (MetricsSystemImpl.java:stop(210)) - Stopping HddsDatanode metrics system...
2023-05-03 09:47:16,368 [prometheus] INFO  impl.MetricsSinkAdapter (MetricsSinkAdapter.java:publishMetricsFromQueue(141)) - prometheus thread interrupted.
2023-05-03 09:47:16,368 [Listener at 127.0.0.1/33355] INFO  impl.MetricsSystemImpl (MetricsSystemImpl.java:stop(216)) - HddsDatanode metrics system stopped.
2023-05-03 09:47:16,368 [Listener at 127.0.0.1/33355] WARN  pipeline.BackgroundPipelineCreator (BackgroundPipelineCreator.java:stop(145)) - RatisPipelineUtilsThread is not running, just ignore.
2023-05-03 09:47:16,368 [Listener at 127.0.0.1/33355] INFO  BackgroundPipelineScrubber (BackgroundSCMService.java:stop(126)) - BackgroundPipelineScrubber Service is not running, skip stop.
2023-05-03 09:47:16,368 [Listener at 127.0.0.1/33355] INFO  ExpiredContainerReplicaOpScrubber (BackgroundSCMService.java:stop(131)) - Stopping ExpiredContainerReplicaOpScrubber Service.
2023-05-03 09:47:16,368 [ExpiredContainerReplicaOpScrubberThread] WARN  ExpiredContainerReplicaOpScrubber (BackgroundSCMService.java:run(115)) - ExpiredContainerReplicaOpScrubber is interrupted, exit
2023-05-03 09:47:16,368 [Listener at 127.0.0.1/33355] INFO  utils.BackgroundService (BackgroundService.java:shutdown(141)) - Shutting down service SCMBlockDeletingService
2023-05-03 09:47:16,368 [Listener at 127.0.0.1/33355] INFO  replication.ReplicationManager (ReplicationManager.java:stop(334)) - Replication Monitor Thread is not running.
2023-05-03 09:47:16,368 [Listener at 127.0.0.1/33355] WARN  balancer.ContainerBalancer (ContainerBalancer.java:stop(324)) - Cannot stop Container Balancer because it's not running or stopping
2023-05-03 09:47:16,368 [Listener at 127.0.0.1/33355] INFO  server.StorageContainerManager (StorageContainerManager.java:stop(1700)) - Stopping SCM MetadataStore.
]]></system-out>
  </testcase>
  <testcase name="testCloseContainerCommandOnRestart" classname="org.apache.hadoop.ozone.TestStorageContainerManager" time="33.295">
    <system-out><![CDATA[2023-05-03 09:47:16,402 [Time-limited test] WARN  server.ServerUtils (ServerUtils.java:getScmDbDir(148)) - ozone.scm.db.dirs is not configured. We recommend adding this setting. Falling back to ozone.metadata.dirs instead.
2023-05-03 09:47:16,404 [Time-limited test] WARN  server.ServerUtils (ServerUtils.java:getScmDbDir(148)) - ozone.scm.db.dirs is not configured. We recommend adding this setting. Falling back to ozone.metadata.dirs instead.
2023-05-03 09:47:16,404 [Time-limited test] INFO  ha.SCMHANodeDetails (SCMHANodeDetails.java:loadSCMHAConfig(209)) - ServiceID for StorageContainerManager is null
2023-05-03 09:47:16,404 [Time-limited test] WARN  ha.SCMHANodeDetails (SCMHANodeDetails.java:validateSCMHAConfig(182)) - Invalid config ozone.scm.ratis.enable. The config was not specified, but the default value true conflicts with the expected config value false. Falling back to the expected value. Current State of SCM: SCM is running in Non-HA without Ratis Ratis SCM -> Non Ratis SCM or Non HA SCM -> HA SCM is not supported
2023-05-03 09:47:16,404 [Time-limited test] INFO  ha.SCMHANodeDetails (SCMHANodeDetails.java:loadSCMHAConfig(214)) - ozone.scm.default.service.id is not defined, falling back to ozone.scm.service.ids to find serviceID for StorageContainerManager if it is HA enabled cluster
2023-05-03 09:47:16,405 [Time-limited test] WARN  utils.HAUtils (HAUtils.java:getMetaDir(350)) - ozone.scm.db.dirs is not configured. We recommend adding this setting. Falling back to ozone.metadata.dirs instead.
2023-05-03 09:47:16,405 [Time-limited test] WARN  db.DBStoreBuilder (DBStoreBuilder.java:applyDBDefinition(165)) - ozone.scm.db.dirs is not configured. We recommend adding this setting. Falling back to ozone.metadata.dirs instead.
2023-05-03 09:47:16,484 [Time-limited test] INFO  net.NodeSchemaLoader (NodeSchemaLoader.java:loadSchemaFromFile(129)) - Loading schema from [jar:file:/home/runner/.m2/repository/org/apache/ozone/hdds-common/1.4.0-SNAPSHOT/hdds-common-1.4.0-SNAPSHOT.jar!/network-topology-default.xml]
2023-05-03 09:47:16,484 [Time-limited test] INFO  net.NodeSchemaLoader (NodeSchemaLoader.java:loadSchema(176)) - Loading network topology layer schema file
2023-05-03 09:47:16,486 [Time-limited test] INFO  upgrade.AbstractLayoutVersionManager (AbstractLayoutVersionManager.java:init(83)) - Initializing Layout version manager with metadata layout = WEBUI_PORTS_IN_DATANODEDETAILS (version = 6), software layout = WEBUI_PORTS_IN_DATANODEDETAILS (version = 6)
2023-05-03 09:47:16,533 [Time-limited test] INFO  reflections.Reflections (Reflections.java:scan(232)) - Reflections took 44 ms to scan 7 urls, producing 156 keys and 369 values 
2023-05-03 09:47:16,534 [Time-limited test] INFO  ha.SequenceIdGenerator (SequenceIdGenerator.java:upgradeToSequenceId(349)) - upgrade localId to 111677748019200000
2023-05-03 09:47:16,534 [Time-limited test] INFO  ha.SequenceIdGenerator (SequenceIdGenerator.java:upgradeToSequenceId(359)) - upgrade delTxnId to 0
2023-05-03 09:47:16,535 [Time-limited test] INFO  ha.SequenceIdGenerator (SequenceIdGenerator.java:upgradeToSequenceId(376)) - upgrade containerId to 0
2023-05-03 09:47:16,535 [Time-limited test] INFO  ha.SequenceIdGenerator (SequenceIdGenerator.java:<init>(220)) - Init the HA SequenceIdGenerator.
2023-05-03 09:47:16,537 [Time-limited test] INFO  node.SCMNodeManager (SCMNodeManager.java:<init>(159)) - Entering startup safe mode.
2023-05-03 09:47:16,537 [Time-limited test] INFO  algorithms.ContainerPlacementPolicyFactory (ContainerPlacementPolicyFactory.java:getPolicyInternal(86)) - Create container placement policy of type org.apache.hadoop.hdds.scm.container.placement.algorithms.SCMContainerPlacementRackAware
2023-05-03 09:47:16,537 [Time-limited test] INFO  algorithms.ContainerPlacementPolicyFactory (ContainerPlacementPolicyFactory.java:getPolicyInternal(86)) - Create container placement policy of type org.apache.hadoop.hdds.scm.container.placement.algorithms.SCMContainerPlacementRackScatter
2023-05-03 09:47:16,537 [Time-limited test] INFO  pipeline.PipelineStateManagerImpl (PipelineStateManagerImpl.java:initialize(78)) - No pipeline exists in current db
2023-05-03 09:47:16,538 [Time-limited test] INFO  algorithms.LeaderChoosePolicyFactory (LeaderChoosePolicyFactory.java:getPolicy(57)) - Create leader choose policy of type org.apache.hadoop.hdds.scm.pipeline.leader.choose.algorithms.MinLeaderCountChoosePolicy
2023-05-03 09:47:16,538 [Time-limited test] INFO  algorithms.ContainerPlacementPolicyFactory (ContainerPlacementPolicyFactory.java:getPolicyInternal(86)) - Create container placement policy of type org.apache.hadoop.hdds.scm.container.placement.algorithms.SCMContainerPlacementRackScatter
2023-05-03 09:47:16,538 [Time-limited test] INFO  ha.SCMServiceManager (SCMServiceManager.java:register(42)) - Registering service BackgroundPipelineCreator.
2023-05-03 09:47:16,538 [Time-limited test] INFO  pipeline.BackgroundPipelineCreator (BackgroundPipelineCreator.java:start(124)) - Starting RatisPipelineUtilsThread.
2023-05-03 09:47:16,538 [Time-limited test] INFO  BackgroundPipelineScrubber (BackgroundSCMService.java:start(68)) - Starting BackgroundPipelineScrubber Service.
2023-05-03 09:47:16,538 [Time-limited test] INFO  ha.SCMServiceManager (SCMServiceManager.java:register(42)) - Registering service BackgroundPipelineScrubber.
2023-05-03 09:47:16,538 [Time-limited test] INFO  ExpiredContainerReplicaOpScrubber (BackgroundSCMService.java:start(68)) - Starting ExpiredContainerReplicaOpScrubber Service.
2023-05-03 09:47:16,539 [Time-limited test] INFO  ha.SCMServiceManager (SCMServiceManager.java:register(42)) - Registering service ExpiredContainerReplicaOpScrubber.
2023-05-03 09:47:16,539 [Time-limited test] INFO  algorithms.PipelineChoosePolicyFactory (PipelineChoosePolicyFactory.java:createPipelineChoosePolicyFromClass(73)) - Create pipeline choose policy of type org.apache.hadoop.hdds.scm.pipeline.choose.algorithms.RandomPipelineChoosePolicy
2023-05-03 09:47:16,540 [Time-limited test] INFO  ha.SCMServiceManager (SCMServiceManager.java:register(42)) - Registering service SCMBlockDeletingService.
2023-05-03 09:47:16,540 [Time-limited test] INFO  replication.ReplicationManager (ReplicationManager.java:start(291)) - Starting Replication Monitor Thread.
2023-05-03 09:47:16,541 [Time-limited test] INFO  ha.SCMServiceManager (SCMServiceManager.java:register(42)) - Registering service ReplicationManager.
2023-05-03 09:47:16,541 [Time-limited test] INFO  safemode.ContainerSafeModeRule (ContainerSafeModeRule.java:<init>(89)) - containers with one replica threshold count 0
2023-05-03 09:47:16,541 [Time-limited test] INFO  safemode.HealthyPipelineSafeModeRule (HealthyPipelineSafeModeRule.java:initializeRule(169)) - Total pipeline count is 0, healthy pipeline threshold count is 0
2023-05-03 09:47:16,542 [Time-limited test] INFO  safemode.OneReplicaPipelineSafeModeRule (OneReplicaPipelineSafeModeRule.java:initializeRule(180)) - Total pipeline count is 0, pipeline's with at least one datanode reported threshold count is 0
2023-05-03 09:47:16,542 [ReplicationMonitor] INFO  replication.ReplicationManager (ReplicationManager.java:processAll(366)) - Replication Manager is not ready to run until 3000ms after safemode exit
2023-05-03 09:47:16,542 [Time-limited test] INFO  server.StorageContainerManager (StorageContainerManager.java:<init>(403)) - SCM start with adminUsers: [runner]
2023-05-03 09:47:16,542 [Time-limited test] INFO  ipc.CallQueueManager (CallQueueManager.java:<init>(90)) - Using callQueue: class java.util.concurrent.LinkedBlockingQueue, queueCapacity: 2000, scheduler: class org.apache.hadoop.ipc.DefaultRpcScheduler, ipcBackoff: false.
2023-05-03 09:47:16,543 [Socket Reader #1 for port 0] INFO  ipc.Server (Server.java:run(1319)) - Starting Socket Reader #1 for port 0
2023-05-03 09:47:16,544 [Listener at 0.0.0.0/33365] INFO  ipc.CallQueueManager (CallQueueManager.java:<init>(90)) - Using callQueue: class java.util.concurrent.LinkedBlockingQueue, queueCapacity: 2000, scheduler: class org.apache.hadoop.ipc.DefaultRpcScheduler, ipcBackoff: false.
2023-05-03 09:47:16,544 [Socket Reader #1 for port 0] INFO  ipc.Server (Server.java:run(1319)) - Starting Socket Reader #1 for port 0
2023-05-03 09:47:16,544 [Listener at 0.0.0.0/44919] INFO  ipc.CallQueueManager (CallQueueManager.java:<init>(90)) - Using callQueue: class java.util.concurrent.LinkedBlockingQueue, queueCapacity: 2000, scheduler: class org.apache.hadoop.ipc.DefaultRpcScheduler, ipcBackoff: false.
2023-05-03 09:47:16,545 [Socket Reader #1 for port 0] INFO  ipc.Server (Server.java:run(1319)) - Starting Socket Reader #1 for port 0
2023-05-03 09:47:16,551 [Listener at 0.0.0.0/36985] INFO  ha.SCMServiceManager (SCMServiceManager.java:register(42)) - Registering service ContainerBalancer.
2023-05-03 09:47:16,551 [Listener at 0.0.0.0/36985] INFO  server.StorageContainerManager (StorageContainerManager.java:<init>(420)) - 
Container Balancer status:
Key                            Value
Running                        false
Container Balancer Configuration values:
Key                                                Value
Threshold                                          10
Max Datanodes to Involve per Iteration(percent)    20
Max Size to Move per Iteration                     500GB
Max Size Entering Target per Iteration             26GB
Max Size Leaving Source per Iteration              26GB

2023-05-03 09:47:16,551 [Listener at 0.0.0.0/36985] INFO  ha.SCMContext (SCMContext.java:updateSafeModeStatus(228)) - Update SafeModeStatus from SafeModeStatus{safeModeStatus=true, preCheckPassed=false} to SafeModeStatus{safeModeStatus=true, preCheckPassed=false}.
2023-05-03 09:47:16,551 [Listener at 0.0.0.0/36985] INFO  server.StorageContainerManager (StorageContainerManager.java:start(1477)) - StorageContainerLocationProtocol RPC server is listening at /0.0.0.0:36985
2023-05-03 09:47:16,552 [Listener at 0.0.0.0/36985] WARN  impl.MetricsConfig (MetricsConfig.java:loadFirst(136)) - Cannot locate configuration: tried hadoop-metrics2-storagecontainermanager.properties,hadoop-metrics2.properties
2023-05-03 09:47:16,555 [Listener at 0.0.0.0/36985] INFO  impl.MetricsSystemImpl (MetricsSystemImpl.java:startTimer(378)) - Scheduled Metric snapshot period at 10 second(s).
2023-05-03 09:47:16,555 [Listener at 0.0.0.0/36985] INFO  impl.MetricsSystemImpl (MetricsSystemImpl.java:start(191)) - StorageContainerManager metrics system started
2023-05-03 09:47:16,577 [Listener at 0.0.0.0/36985] INFO  impl.MetricsSinkAdapter (MetricsSinkAdapter.java:start(204)) - Sink prometheus started
2023-05-03 09:47:16,578 [Listener at 0.0.0.0/36985] INFO  impl.MetricsSystemImpl (MetricsSystemImpl.java:registerSink(305)) - Registered sink prometheus
2023-05-03 09:47:16,588 [Listener at 0.0.0.0/36985] INFO  server.SCMClientProtocolServer (SCMClientProtocolServer.java:start(199)) - RPC server for Client  is listening at /0.0.0.0:36985
2023-05-03 09:47:16,589 [IPC Server Responder] INFO  ipc.Server (Server.java:run(1558)) - IPC Server Responder: starting
2023-05-03 09:47:16,589 [IPC Server listener on 0] INFO  ipc.Server (Server.java:run(1398)) - IPC Server listener on 0: starting
2023-05-03 09:47:16,592 [Listener at 0.0.0.0/36985] INFO  server.StorageContainerManager (StorageContainerManager.java:start(1491)) - ScmBlockLocationProtocol RPC server is listening at /0.0.0.0:44919
2023-05-03 09:47:16,592 [Listener at 0.0.0.0/36985] INFO  server.SCMBlockProtocolServer (SCMBlockProtocolServer.java:start(152)) - RPC server for Block Protocol is listening at /0.0.0.0:44919
2023-05-03 09:47:16,592 [IPC Server Responder] INFO  ipc.Server (Server.java:run(1558)) - IPC Server Responder: starting
2023-05-03 09:47:16,592 [IPC Server listener on 0] INFO  ipc.Server (Server.java:run(1398)) - IPC Server listener on 0: starting
2023-05-03 09:47:16,603 [Listener at 0.0.0.0/36985] INFO  server.SCMDatanodeProtocolServer (SCMDatanodeProtocolServer.java:start(193)) - ScmDatanodeProtocol RPC server for DataNodes is listening at /0.0.0.0:33365
2023-05-03 09:47:16,603 [IPC Server Responder] INFO  ipc.Server (Server.java:run(1558)) - IPC Server Responder: starting
2023-05-03 09:47:16,603 [IPC Server listener on 0] INFO  ipc.Server (Server.java:run(1398)) - IPC Server listener on 0: starting
2023-05-03 09:47:16,610 [Listener at 0.0.0.0/36985] INFO  http.BaseHttpServer (BaseHttpServer.java:newHttpServer2BuilderForOzone(224)) - Starting Web-server for scm at: http://0.0.0.0:0
2023-05-03 09:47:16,611 [Listener at 0.0.0.0/36985] INFO  http.BaseHttpServer (BaseHttpServer.java:<init>(111)) - Hadoop Security Enabled: false Ozone Security Enabled: false Ozone HTTP Security Enabled: false 
2023-05-03 09:47:16,612 [Listener at 0.0.0.0/36985] WARN  server.AuthenticationFilter (AuthenticationFilter.java:constructSecretProvider(240)) - Unable to initialize FileSignerSecretProvider, falling back to use random secrets. Reason: Could not read signature secret file: /home/runner/hadoop-http-auth-signature-secret
2023-05-03 09:47:16,612 [Listener at 0.0.0.0/36985] INFO  http.HttpRequestLog (HttpRequestLog.java:getRequestLog(86)) - Http request log for http.requests.scm is not defined
2023-05-03 09:47:16,613 [Listener at 0.0.0.0/36985] INFO  http.HttpServer2 (HttpServer2.java:addGlobalFilter(1031)) - Added global filter 'safety' (class=org.apache.hadoop.hdds.server.http.HttpServer2$QuotingInputFilter)
2023-05-03 09:47:16,614 [Listener at 0.0.0.0/36985] INFO  http.HttpServer2 (HttpServer2.java:addFilter(1007)) - Added filter static_user_filter (class=org.apache.hadoop.http.lib.StaticUserWebFilter$StaticUserFilter) to context scm
2023-05-03 09:47:16,614 [Listener at 0.0.0.0/36985] INFO  http.HttpServer2 (HttpServer2.java:addFilter(1015)) - Added filter static_user_filter (class=org.apache.hadoop.http.lib.StaticUserWebFilter$StaticUserFilter) to context logs
2023-05-03 09:47:16,614 [Listener at 0.0.0.0/36985] INFO  http.HttpServer2 (HttpServer2.java:addFilter(1015)) - Added filter static_user_filter (class=org.apache.hadoop.http.lib.StaticUserWebFilter$StaticUserFilter) to context static
2023-05-03 09:47:16,614 [Listener at 0.0.0.0/36985] INFO  http.BaseHttpServer (BaseHttpServer.java:<init>(190)) - HTTP server of scm uses base directory /home/runner/work/ozone/ozone/hadoop-ozone/integration-test/target/test-dir/MiniOzoneClusterImpl-708e774c-e924-4713-8845-492707bb8e08/ozone-meta/webserver
2023-05-03 09:47:16,615 [Listener at 0.0.0.0/36985] INFO  http.HttpServer2 (HttpServer2.java:bindListener(1250)) - Jetty bound to port 46411
2023-05-03 09:47:16,615 [Listener at 0.0.0.0/36985] INFO  server.Server (Server.java:doStart(375)) - jetty-9.4.51.v20230217; built: 2023-02-17T08:19:37.309Z; git: b45c405e4544384de066f814ed42ae3dceacdd49; jvm 1.8.0_362-b09
2023-05-03 09:47:16,618 [org.apache.hadoop.util.JvmPauseMonitor$Monitor@5ac32d34] INFO  util.JvmPauseMonitor (JvmPauseMonitor.java:run(188)) - Starting JVM pause monitor
2023-05-03 09:47:16,621 [Listener at 0.0.0.0/36985] INFO  server.session (DefaultSessionIdManager.java:doStart(334)) - DefaultSessionIdManager workerName=node0
2023-05-03 09:47:16,621 [Listener at 0.0.0.0/36985] INFO  server.session (DefaultSessionIdManager.java:doStart(339)) - No SessionScavenger set, using defaults
2023-05-03 09:47:16,621 [Listener at 0.0.0.0/36985] INFO  server.session (HouseKeeper.java:startScavenging(132)) - node0 Scavenging every 600000ms
2023-05-03 09:47:16,621 [Listener at 0.0.0.0/36985] INFO  handler.ContextHandler (ContextHandler.java:doStart(921)) - Started o.e.j.s.ServletContextHandler@67603c31{logs,/logs,file:///home/runner/work/ozone/ozone/hadoop-ozone/integration-test/target/log,AVAILABLE}
2023-05-03 09:47:16,622 [Listener at 0.0.0.0/36985] INFO  handler.ContextHandler (ContextHandler.java:doStart(921)) - Started o.e.j.s.ServletContextHandler@efcb9eb{static,/static,file:///home/runner/work/ozone/ozone/hadoop-ozone/integration-test/target/test-classes/webapps/static,AVAILABLE}
2023-05-03 09:47:16,624 [Listener at 0.0.0.0/36985] INFO  handler.ContextHandler (ContextHandler.java:doStart(921)) - Started o.e.j.w.WebAppContext@3e01b53f{scm,/,file:///home/runner/work/ozone/ozone/hadoop-ozone/integration-test/target/test-classes/webapps/scm/,AVAILABLE}{file:/home/runner/work/ozone/ozone/hadoop-ozone/integration-test/target/test-classes/webapps/scm}
2023-05-03 09:47:16,627 [Listener at 0.0.0.0/36985] INFO  server.AbstractConnector (AbstractConnector.java:doStart(333)) - Started ServerConnector@23fb0e4b{HTTP/1.1, (http/1.1)}{0.0.0.0:46411}
2023-05-03 09:47:16,627 [Listener at 0.0.0.0/36985] INFO  server.Server (Server.java:doStart(415)) - Started @79752ms
2023-05-03 09:47:16,627 [Listener at 0.0.0.0/36985] WARN  impl.MetricsSystemImpl (MetricsSystemImpl.java:register(279)) - Sink prometheus already exists!
2023-05-03 09:47:16,628 [Listener at 0.0.0.0/36985] INFO  http.BaseHttpServer (BaseHttpServer.java:updateConnectorAddress(344)) - HTTP server of scm listening at http://0.0.0.0:46411
2023-05-03 09:47:16,628 [Listener at 0.0.0.0/36985] WARN  server.ServerUtils (ServerUtils.java:getDBPath(225)) - ozone.om.db.dirs is not configured. We recommend adding this setting. Falling back to ozone.metadata.dirs instead.
2023-05-03 09:47:16,631 [Listener at 0.0.0.0/36985] INFO  ha.OMHANodeDetails (OMHANodeDetails.java:loadOMHAConfig(115)) - ozone.om.internal.service.id is not defined, falling back to ozone.om.service.ids to find serviceID for OzoneManager if it is HA enabled cluster
2023-05-03 09:47:16,631 [Listener at 0.0.0.0/36985] INFO  ha.OMHANodeDetails (OMHANodeDetails.java:loadOMHAConfig(226)) - Configuration does not have ozone.om.address set. Falling back to the default OM address /127.0.0.1:0
2023-05-03 09:47:16,631 [Listener at 0.0.0.0/36985] INFO  ha.OMHANodeDetails (OMHANodeDetails.java:getOMNodeDetailsForNonHA(254)) - OM Service ID is not set. Setting it to the default ID: omServiceIdDefault
2023-05-03 09:47:16,631 [Listener at 0.0.0.0/36985] INFO  ha.OMHANodeDetails (OMHANodeDetails.java:getOMNodeDetailsForNonHA(261)) - OM Node ID is not set. Setting it to the default ID: om1
2023-05-03 09:47:16,631 [Listener at 0.0.0.0/36985] WARN  server.ServerUtils (ServerUtils.java:getDBPath(225)) - ozone.om.db.dirs is not configured. We recommend adding this setting. Falling back to ozone.metadata.dirs instead.
2023-05-03 09:47:16,633 [Listener at 0.0.0.0/36985] INFO  upgrade.AbstractLayoutVersionManager (AbstractLayoutVersionManager.java:init(83)) - Initializing Layout version manager with metadata layout = HSYNC (version = 4), software layout = HSYNC (version = 4)
2023-05-03 09:47:16,695 [Listener at 0.0.0.0/36985] INFO  reflections.Reflections (Reflections.java:scan(232)) - Reflections took 62 ms to scan 2 urls, producing 172 keys and 478 values [using 2 cores]
2023-05-03 09:47:16,696 [Listener at 0.0.0.0/36985] INFO  upgrade.OMLayoutVersionManager (OMLayoutVersionManager.java:lambda$0(115)) - Skipping Upgrade Action MockOmUpgradeAction since it has been finalized.
2023-05-03 09:47:16,696 [Listener at 0.0.0.0/36985] WARN  server.ServerUtils (ServerUtils.java:getDBPath(225)) - ozone.om.db.dirs is not configured. We recommend adding this setting. Falling back to ozone.metadata.dirs instead.
2023-05-03 09:47:16,697 [Listener at 0.0.0.0/36985] INFO  proxy.SCMBlockLocationFailoverProxyProvider (SCMBlockLocationFailoverProxyProvider.java:<init>(114)) - Created block location fail-over proxy with 1 nodes: [nodeId=scmNodeId,nodeAddress=/0.0.0.0:44919]
2023-05-03 09:47:16,698 [Listener at 0.0.0.0/36985] INFO  proxy.SCMBlockLocationFailoverProxyProvider (SCMBlockLocationFailoverProxyProvider.java:<init>(114)) - Created block location fail-over proxy with 1 nodes: [nodeId=scmNodeId,nodeAddress=/0.0.0.0:44919]
2023-05-03 09:47:16,705 [Listener at 0.0.0.0/36985] INFO  om.OzoneManager (OzoneManager.java:<init>(634)) - OM start with adminUsers: [runner]
2023-05-03 09:47:16,706 [Listener at 0.0.0.0/36985] WARN  server.ServerUtils (ServerUtils.java:getDBPath(225)) - ozone.om.db.dirs is not configured. We recommend adding this setting. Falling back to ozone.metadata.dirs instead.
2023-05-03 09:47:16,706 [Listener at 0.0.0.0/36985] INFO  codec.OmKeyInfoCodec (OmKeyInfoCodec.java:<init>(49)) - OmKeyInfoCodec ignorePipeline = true
2023-05-03 09:47:16,706 [Listener at 0.0.0.0/36985] INFO  codec.RepeatedOmKeyInfoCodec (RepeatedOmKeyInfoCodec.java:<init>(41)) - RepeatedOmKeyInfoCodec ignorePipeline = true
2023-05-03 09:47:16,856 [Listener at 0.0.0.0/36985] INFO  om.OzoneManager (OzoneManager.java:instantiateServices(764)) - S3 Multi-Tenancy is disabled
2023-05-03 09:47:16,857 [Listener at 0.0.0.0/36985] WARN  server.ServerUtils (ServerUtils.java:getDBPath(225)) - ozone.om.snapshot.diff.db.dir is not configured. We recommend adding this setting. Falling back to ozone.metadata.dirs instead.
2023-05-03 09:47:16,876 [Listener at 0.0.0.0/36985] INFO  om.OzoneManager (OzoneManager.java:addS3GVolumeToDB(4263)) - Created Volume s3v With Owner runner required for S3Gateway operations.
2023-05-03 09:47:16,876 [Listener at 0.0.0.0/36985] WARN  server.ServerUtils (ServerUtils.java:getDefaultRatisDirectory(237)) - Storage directory for Ratis is not configured. It is a good idea to map this to an SSD disk. Falling back to ozone.metadata.dirs
2023-05-03 09:47:16,876 [Listener at 0.0.0.0/36985] WARN  utils.OzoneManagerRatisUtils (OzoneManagerRatisUtils.java:getOMRatisSnapshotDirectory(459)) - ozone.om.ratis.snapshot.dir is not configured. Falling back to ozone.metadata.dirs config
2023-05-03 09:47:16,876 [Listener at 0.0.0.0/36985] WARN  server.ServerUtils (ServerUtils.java:getDefaultRatisDirectory(237)) - Storage directory for Ratis is not configured. It is a good idea to map this to an SSD disk. Falling back to ozone.metadata.dirs
2023-05-03 09:47:16,877 [Listener at 0.0.0.0/36985] INFO  ratis.OzoneManagerRatisServer (OzoneManagerRatisServer.java:<init>(163)) - Instantiating OM Ratis server with groupID: omServiceIdDefault and peers: localhost:9872
2023-05-03 09:47:16,877 [Listener at 0.0.0.0/36985] INFO  ratis.OzoneManagerStateMachine (OzoneManagerStateMachine.java:loadSnapshotInfoFromDB(670)) - LastAppliedIndex is set from TransactionInfo from OM DB as (t:0, i:~)
2023-05-03 09:47:16,879 [Listener at 0.0.0.0/36985] INFO  server.RaftServer (ConfUtils.java:logGet(46)) - raft.rpc.type = GRPC (default)
2023-05-03 09:47:16,879 [Listener at 0.0.0.0/36985] INFO  grpc.GrpcConfigKeys (ConfUtils.java:logFallback(53)) - raft.grpc.admin.host = null (fallback to raft.grpc.server.host)
2023-05-03 09:47:16,879 [Listener at 0.0.0.0/36985] INFO  grpc.GrpcConfigKeys (ConfUtils.java:logFallback(53)) - raft.grpc.admin.port = 9872 (fallback to raft.grpc.server.port)
2023-05-03 09:47:16,879 [Listener at 0.0.0.0/36985] INFO  grpc.GrpcConfigKeys (ConfUtils.java:logFallback(53)) - raft.grpc.client.host = null (fallback to raft.grpc.server.host)
2023-05-03 09:47:16,879 [Listener at 0.0.0.0/36985] INFO  grpc.GrpcConfigKeys (ConfUtils.java:logFallback(53)) - raft.grpc.client.port = 9872 (fallback to raft.grpc.server.port)
2023-05-03 09:47:16,879 [Listener at 0.0.0.0/36985] INFO  grpc.GrpcConfigKeys (ConfUtils.java:logGet(46)) - raft.grpc.server.host = null (default)
2023-05-03 09:47:16,879 [Listener at 0.0.0.0/36985] INFO  grpc.GrpcConfigKeys (ConfUtils.java:logGet(46)) - raft.grpc.server.port = 9872 (custom)
2023-05-03 09:47:16,879 [Listener at 0.0.0.0/36985] INFO  server.GrpcService (ConfUtils.java:logGet(46)) - raft.grpc.message.size.max = 33554432 (custom)
2023-05-03 09:47:16,880 [Listener at 0.0.0.0/36985] INFO  server.RaftServerConfigKeys (ConfUtils.java:logGet(46)) - raft.server.log.appender.buffer.byte-limit = 33554432 (custom)
2023-05-03 09:47:16,880 [Listener at 0.0.0.0/36985] INFO  server.GrpcService (ConfUtils.java:logGet(46)) - raft.grpc.flow.control.window = 1MB (=1048576) (default)
2023-05-03 09:47:16,880 [Listener at 0.0.0.0/36985] INFO  server.RaftServerConfigKeys (ConfUtils.java:logGet(46)) - raft.server.rpc.request.timeout = 3000ms (default)
2023-05-03 09:47:16,880 [Listener at 0.0.0.0/36985] INFO  grpc.GrpcConfigKeys (ConfUtils.java:logGet(46)) - raft.grpc.server.heartbeat.channel = true (default)
2023-05-03 09:47:16,880 [Listener at 0.0.0.0/36985] INFO  grpc.GrpcConfigKeys (ConfUtils.java:logGet(46)) - raft.grpc.server.async.request.thread.pool.cached = true (default)
2023-05-03 09:47:16,880 [Listener at 0.0.0.0/36985] INFO  grpc.GrpcConfigKeys (ConfUtils.java:logGet(46)) - raft.grpc.server.async.request.thread.pool.size = 32 (default)
2023-05-03 09:47:16,881 [Listener at 0.0.0.0/36985] INFO  impl.DataStreamServerImpl (ConfUtils.java:logGet(46)) - raft.datastream.type = DISABLED (default)
2023-05-03 09:47:16,881 [Listener at 0.0.0.0/36985] INFO  server.RaftServerConfigKeys (ConfUtils.java:logGet(46)) - raft.server.threadpool.proxy.cached = true (default)
2023-05-03 09:47:16,881 [Listener at 0.0.0.0/36985] INFO  server.RaftServerConfigKeys (ConfUtils.java:logGet(46)) - raft.server.threadpool.proxy.size = 0 (default)
2023-05-03 09:47:16,881 [Listener at 0.0.0.0/36985] INFO  server.RaftServerConfigKeys (ConfUtils.java:logGet(46)) - raft.server.rpc.slowness.timeout = 120s (custom)
2023-05-03 09:47:16,881 [Listener at 0.0.0.0/36985] INFO  server.RaftServerConfigKeys (ConfUtils.java:logGet(46)) - raft.server.leaderelection.leader.step-down.wait-time = 10s (default)
2023-05-03 09:47:16,881 [Listener at 0.0.0.0/36985] INFO  server.RaftServerConfigKeys (ConfUtils.java:logGet(46)) - raft.server.storage.dir = [/home/runner/work/ozone/ozone/hadoop-ozone/integration-test/target/test-dir/MiniOzoneClusterImpl-708e774c-e924-4713-8845-492707bb8e08/ozone-meta/ratis] (custom)
2023-05-03 09:47:16,882 [Listener at 0.0.0.0/36985] INFO  server.RaftServer (RaftServerProxy.java:addNew(96)) - om1: addNew group-C5BA1605619E:[om1|rpc:localhost:9872|priority:0|startupRole:FOLLOWER] returns group-C5BA1605619E:java.util.concurrent.CompletableFuture@14f1e8af[Not completed]
2023-05-03 09:47:16,882 [Listener at 0.0.0.0/36985] INFO  om.OzoneManager (OzoneManager.java:initializeRatisServer(2106)) - OzoneManager Ratis server initialized at port 9872
2023-05-03 09:47:16,882 [pool-476-thread-1] INFO  server.RaftServer$Division (RaftServerImpl.java:<init>(195)) - om1: new RaftServerImpl for group-C5BA1605619E:[om1|rpc:localhost:9872|priority:0|startupRole:FOLLOWER] with OzoneManagerStateMachine:uninitialized
2023-05-03 09:47:16,882 [Listener at 0.0.0.0/36985] INFO  om.OzoneManager (OzoneManager.java:getRpcServer(1153)) - Creating RPC Server
2023-05-03 09:47:16,882 [pool-476-thread-1] INFO  server.RaftServerConfigKeys (ConfUtils.java:logGet(46)) - raft.server.rpc.timeout.min = 1s (custom)
2023-05-03 09:47:16,882 [pool-476-thread-1] INFO  server.RaftServerConfigKeys (ConfUtils.java:logGet(46)) - raft.server.rpc.timeout.max = 1200ms (custom)
2023-05-03 09:47:16,882 [pool-476-thread-1] INFO  server.RaftServerConfigKeys (ConfUtils.java:logGet(46)) - raft.server.rpc.sleep.time = 25ms (default)
2023-05-03 09:47:16,882 [pool-476-thread-1] INFO  server.RaftServerConfigKeys (ConfUtils.java:logGet(46)) - raft.server.rpc.slowness.timeout = 120s (custom)
2023-05-03 09:47:16,882 [pool-476-thread-1] INFO  server.RaftServerConfigKeys (ConfUtils.java:logGet(46)) - raft.server.leaderelection.leader.step-down.wait-time = 10s (default)
2023-05-03 09:47:16,882 [pool-476-thread-1] INFO  server.RaftServerConfigKeys (ConfUtils.java:logGet(46)) - raft.server.sleep.deviation.threshold = 300ms (default)
2023-05-03 09:47:16,882 [pool-476-thread-1] INFO  server.RaftServer$Division (ServerState.java:<init>(118)) - om1@group-C5BA1605619E: ConfigurationManager, init=-1: peers:[om1|rpc:localhost:9872|priority:0|startupRole:FOLLOWER]|listeners:[], old=null, confs=<EMPTY_MAP>
2023-05-03 09:47:16,882 [pool-476-thread-1] INFO  server.RaftServerConfigKeys (ConfUtils.java:logGet(46)) - raft.server.storage.dir = [/home/runner/work/ozone/ozone/hadoop-ozone/integration-test/target/test-dir/MiniOzoneClusterImpl-708e774c-e924-4713-8845-492707bb8e08/ozone-meta/ratis] (custom)
2023-05-03 09:47:16,883 [pool-476-thread-1] INFO  server.RaftServerConfigKeys (ConfUtils.java:logGet(46)) - raft.server.log.corruption.policy = EXCEPTION (default)
2023-05-03 09:47:16,883 [pool-476-thread-1] INFO  server.RaftServerConfigKeys (ConfUtils.java:logGet(46)) - raft.server.storage.free-space.min = 0MB (=0) (default)
2023-05-03 09:47:16,883 [pool-476-thread-1] INFO  server.RaftServerConfigKeys (ConfUtils.java:logGet(46)) - raft.server.notification.no-leader.timeout = 120s (custom)
2023-05-03 09:47:16,883 [pool-476-thread-1] INFO  server.RaftServerConfigKeys (ConfUtils.java:logGet(46)) - raft.server.retrycache.expirytime = 300s (custom)
2023-05-03 09:47:16,883 [pool-476-thread-1] INFO  server.RaftServerConfigKeys (ConfUtils.java:logGet(46)) - raft.server.retrycache.statistics.expirytime = 100μs (default)
2023-05-03 09:47:16,883 [pool-476-thread-1] INFO  server.RaftServerConfigKeys (ConfUtils.java:logGet(46)) - raft.server.log.appender.install.snapshot.enabled = false (custom)
2023-05-03 09:47:16,883 [pool-476-thread-1] INFO  server.RaftServerConfigKeys (ConfUtils.java:logGet(46)) - raft.server.threadpool.server.cached = true (default)
2023-05-03 09:47:16,883 [pool-476-thread-1] INFO  server.RaftServerConfigKeys (ConfUtils.java:logGet(46)) - raft.server.threadpool.server.size = 0 (default)
2023-05-03 09:47:16,883 [pool-476-thread-1] INFO  server.RaftServerConfigKeys (ConfUtils.java:logGet(46)) - raft.server.threadpool.client.cached = true (default)
2023-05-03 09:47:16,883 [pool-476-thread-1] INFO  server.RaftServerConfigKeys (ConfUtils.java:logGet(46)) - raft.server.threadpool.client.size = 0 (default)
2023-05-03 09:47:17,247 [Listener at 0.0.0.0/36985] INFO  reflections.Reflections (Reflections.java:scan(232)) - Reflections took 361 ms to scan 19 urls, producing 68 keys and 5124 values [using 2 cores]
2023-05-03 09:47:17,249 [Listener at 0.0.0.0/36985] INFO  ipc.CallQueueManager (CallQueueManager.java:<init>(90)) - Using callQueue: class java.util.concurrent.LinkedBlockingQueue, queueCapacity: 2000, scheduler: class org.apache.hadoop.ipc.DefaultRpcScheduler, ipcBackoff: false.
2023-05-03 09:47:17,252 [Socket Reader #1 for port 0] INFO  ipc.Server (Server.java:run(1319)) - Starting Socket Reader #1 for port 0
2023-05-03 09:47:17,273 [Listener at 127.0.0.1/34771] INFO  impl.MetricsSystemImpl (MetricsSystemImpl.java:init(158)) - OzoneManager metrics system started (again)
2023-05-03 09:47:17,286 [Listener at 127.0.0.1/34771] INFO  om.OzoneManager (OzoneManager.java:start(1574)) - OzoneManager RPC server is listening at localhost/127.0.0.1:34771
2023-05-03 09:47:17,286 [Listener at 127.0.0.1/34771] INFO  ratis.OzoneManagerRatisServer (OzoneManagerRatisServer.java:start(558)) - Starting OzoneManagerRatisServer om1 at port 9872
2023-05-03 09:47:17,286 [om1-impl-thread1] INFO  storage.RaftStorageDirectory (RaftStorageDirectoryImpl.java:analyzeStorage(137)) - The storage directory /home/runner/work/ozone/ozone/hadoop-ozone/integration-test/target/test-dir/MiniOzoneClusterImpl-708e774c-e924-4713-8845-492707bb8e08/ozone-meta/ratis/bf265839-605b-3f16-9796-c5ba1605619e does not exist. Creating ...
2023-05-03 09:47:17,287 [om1-impl-thread1] INFO  storage.RaftStorageDirectory (RaftStorageDirectoryImpl.java:tryLock(231)) - Lock on /home/runner/work/ozone/ozone/hadoop-ozone/integration-test/target/test-dir/MiniOzoneClusterImpl-708e774c-e924-4713-8845-492707bb8e08/ozone-meta/ratis/bf265839-605b-3f16-9796-c5ba1605619e/in_use.lock acquired by nodename 7780@fv-az139-793
2023-05-03 09:47:17,289 [om1-impl-thread1] INFO  storage.RaftStorage (RaftStorageImpl.java:format(96)) - Storage directory /home/runner/work/ozone/ozone/hadoop-ozone/integration-test/target/test-dir/MiniOzoneClusterImpl-708e774c-e924-4713-8845-492707bb8e08/ozone-meta/ratis/bf265839-605b-3f16-9796-c5ba1605619e has been successfully formatted.
2023-05-03 09:47:17,289 [om1-impl-thread1] INFO  server.RaftServerConfigKeys (ConfUtils.java:logGet(46)) - raft.server.log.use.memory = false (default)
2023-05-03 09:47:17,289 [om1-impl-thread1] INFO  server.RaftServerConfigKeys (ConfUtils.java:logGet(46)) - raft.server.log.purge.gap = 1000000 (custom)
2023-05-03 09:47:17,289 [om1-impl-thread1] INFO  server.RaftServerConfigKeys (ConfUtils.java:logGet(46)) - raft.server.log.appender.buffer.byte-limit = 33554432 (custom)
2023-05-03 09:47:17,289 [om1-impl-thread1] INFO  server.RaftServerConfigKeys (ConfUtils.java:logGet(46)) - raft.server.log.statemachine.data.read.timeout = 1000ms (default)
2023-05-03 09:47:17,289 [om1-impl-thread1] INFO  server.RaftServerConfigKeys (ConfUtils.java:logGet(46)) - raft.server.log.purge.preservation.log.num = 0 (default)
2023-05-03 09:47:17,289 [om1-impl-thread1] INFO  server.RaftServerConfigKeys (ConfUtils.java:logGet(46)) - raft.server.log.segment.size.max = 4194304 (custom)
2023-05-03 09:47:17,290 [om1-impl-thread1] INFO  server.RaftServerConfigKeys (ConfUtils.java:logGet(46)) - raft.server.log.segment.cache.num.max = 2 (custom)
2023-05-03 09:47:17,290 [om1-impl-thread1] INFO  server.RaftServerConfigKeys (ConfUtils.java:logGet(46)) - raft.server.log.segment.cache.size.max = 200MB (=209715200) (default)
2023-05-03 09:47:17,290 [om1-impl-thread1] INFO  segmented.SegmentedRaftLogWorker (SegmentedRaftLogWorker.java:<init>(189)) - new om1@group-C5BA1605619E-SegmentedRaftLogWorker for RaftStorageImpl:Storage Directory /home/runner/work/ozone/ozone/hadoop-ozone/integration-test/target/test-dir/MiniOzoneClusterImpl-708e774c-e924-4713-8845-492707bb8e08/ozone-meta/ratis/bf265839-605b-3f16-9796-c5ba1605619e
2023-05-03 09:47:17,290 [om1-impl-thread1] INFO  server.RaftServerConfigKeys (ConfUtils.java:logGet(46)) - raft.server.log.queue.byte-limit = 64MB (=67108864) (default)
2023-05-03 09:47:17,290 [om1-impl-thread1] INFO  server.RaftServerConfigKeys (ConfUtils.java:logGet(46)) - raft.server.log.queue.element-limit = 4096 (default)
2023-05-03 09:47:17,290 [om1-impl-thread1] INFO  server.RaftServerConfigKeys (ConfUtils.java:logGet(46)) - raft.server.log.segment.size.max = 4194304 (custom)
2023-05-03 09:47:17,290 [om1-impl-thread1] INFO  server.RaftServerConfigKeys (ConfUtils.java:logGet(46)) - raft.server.log.preallocated.size = 4194304 (custom)
2023-05-03 09:47:17,290 [om1-impl-thread1] INFO  server.RaftServerConfigKeys (ConfUtils.java:logGet(46)) - raft.server.log.force.sync.num = 128 (default)
2023-05-03 09:47:17,290 [om1-impl-thread1] INFO  server.RaftServerConfigKeys (ConfUtils.java:logGet(46)) - raft.server.log.statemachine.data.sync = true (default)
2023-05-03 09:47:17,290 [om1-impl-thread1] INFO  server.RaftServerConfigKeys (ConfUtils.java:logGet(46)) - raft.server.log.statemachine.data.sync.timeout = 10s (default)
2023-05-03 09:47:17,290 [om1-impl-thread1] INFO  server.RaftServerConfigKeys (ConfUtils.java:logGet(46)) - raft.server.log.statemachine.data.sync.timeout.retry = -1 (default)
2023-05-03 09:47:17,290 [om1-impl-thread1] INFO  server.RaftServerConfigKeys (ConfUtils.java:logGet(46)) - raft.server.log.write.buffer.size = 64KB (=65536) (default)
2023-05-03 09:47:17,290 [om1-impl-thread1] INFO  server.RaftServerConfigKeys (ConfUtils.java:logGet(46)) - raft.server.log.appender.buffer.byte-limit = 33554432 (custom)
2023-05-03 09:47:17,293 [om1-impl-thread1] INFO  server.RaftServerConfigKeys (ConfUtils.java:logGet(46)) - raft.server.log.unsafe-flush.enabled = false (default)
2023-05-03 09:47:17,293 [om1-impl-thread1] INFO  server.RaftServerConfigKeys (ConfUtils.java:logGet(46)) - raft.server.log.async-flush.enabled = false (default)
2023-05-03 09:47:17,293 [om1-impl-thread1] INFO  server.RaftServerConfigKeys (ConfUtils.java:logGet(46)) - raft.server.log.statemachine.data.caching.enabled = false (default)
2023-05-03 09:47:17,293 [om1-impl-thread1] INFO  segmented.SegmentedRaftLogWorker (SegmentedRaftLogWorker.java:lambda$new$0(135)) - om1@group-C5BA1605619E-SegmentedRaftLogWorker: flushIndex: setUnconditionally 0 -> -1
2023-05-03 09:47:17,293 [om1-impl-thread1] INFO  segmented.SegmentedRaftLogWorker (SegmentedRaftLogWorker.java:lambda$new$0(135)) - om1@group-C5BA1605619E-SegmentedRaftLogWorker: safeCacheEvictIndex: setUnconditionally 0 -> -1
2023-05-03 09:47:17,298 [om1-impl-thread1] INFO  server.RaftServer$Division (RaftServerImpl.java:start(334)) - om1@group-C5BA1605619E: start as a follower, conf=-1: peers:[om1|rpc:localhost:9872|priority:0|startupRole:FOLLOWER]|listeners:[], old=null
2023-05-03 09:47:17,298 [om1-impl-thread1] INFO  server.RaftServer$Division (RaftServerImpl.java:setRole(321)) - om1@group-C5BA1605619E: changes role from      null to FOLLOWER at term 0 for startAsFollower
2023-05-03 09:47:17,298 [om1-impl-thread1] INFO  impl.RoleInfo (RoleInfo.java:updateAndGet(139)) - om1: start om1@group-C5BA1605619E-FollowerState
2023-05-03 09:47:17,298 [om1-impl-thread1] INFO  util.JmxRegister (JmxRegister.java:tryRegister(44)) - Successfully registered JMX Bean with object name Ratis:service=RaftServer,group=group-C5BA1605619E,id=om1
2023-05-03 09:47:17,298 [om1-impl-thread1] INFO  server.RaftServerConfigKeys (ConfUtils.java:logGet(46)) - raft.server.snapshot.auto.trigger.enabled = true (custom)
2023-05-03 09:47:17,298 [om1-impl-thread1] INFO  server.RaftServerConfigKeys (ConfUtils.java:logGet(46)) - raft.server.snapshot.auto.trigger.threshold = 400000 (default)
2023-05-03 09:47:17,298 [om1-impl-thread1] INFO  server.RaftServerConfigKeys (ConfUtils.java:logGet(46)) - raft.server.snapshot.retention.file.num = -1 (default)
2023-05-03 09:47:17,298 [om1-impl-thread1] INFO  server.RaftServerConfigKeys (ConfUtils.java:logGet(46)) - raft.server.log.purge.upto.snapshot.index = true (custom)
2023-05-03 09:47:17,299 [om1@group-C5BA1605619E-FollowerState] INFO  server.RaftServerConfigKeys (ConfUtils.java:logFallback(53)) - raft.server.rpc.first-election.timeout.min = 1s (fallback to raft.server.rpc.timeout.min)
2023-05-03 09:47:17,299 [om1@group-C5BA1605619E-FollowerState] INFO  server.RaftServerConfigKeys (ConfUtils.java:logFallback(53)) - raft.server.rpc.first-election.timeout.max = 1200ms (fallback to raft.server.rpc.timeout.max)
2023-05-03 09:47:17,299 [Listener at 127.0.0.1/34771] INFO  server.RaftServer (RaftServerProxy.java:startImpl(393)) - om1: start RPC server
2023-05-03 09:47:17,301 [Listener at 127.0.0.1/34771] INFO  server.GrpcService (GrpcService.java:startImpl(262)) - om1: GrpcService started, listening on 9872
2023-05-03 09:47:17,302 [Listener at 127.0.0.1/34771] INFO  om.OzoneManager (OzoneManager.java:start(1590)) - Version File has different layout version (4) than OM DB (null). That is expected if this OM has never been finalized to a newer layout version.
2023-05-03 09:47:17,303 [JvmPauseMonitor10] INFO  util.JvmPauseMonitor (JvmPauseMonitor.java:run(105)) - JvmPauseMonitor-om1: Started
2023-05-03 09:47:17,307 [Listener at 127.0.0.1/34771] INFO  http.BaseHttpServer (BaseHttpServer.java:newHttpServer2BuilderForOzone(224)) - Starting Web-server for ozoneManager at: http://0.0.0.0:0
2023-05-03 09:47:17,307 [Listener at 127.0.0.1/34771] INFO  http.BaseHttpServer (BaseHttpServer.java:<init>(111)) - Hadoop Security Enabled: false Ozone Security Enabled: false Ozone HTTP Security Enabled: false 
2023-05-03 09:47:17,308 [Listener at 127.0.0.1/34771] WARN  server.AuthenticationFilter (AuthenticationFilter.java:constructSecretProvider(240)) - Unable to initialize FileSignerSecretProvider, falling back to use random secrets. Reason: Could not read signature secret file: /home/runner/hadoop-http-auth-signature-secret
2023-05-03 09:47:17,308 [Listener at 127.0.0.1/34771] INFO  http.HttpRequestLog (HttpRequestLog.java:getRequestLog(86)) - Http request log for http.requests.ozoneManager is not defined
2023-05-03 09:47:17,310 [Listener at 127.0.0.1/34771] INFO  http.HttpServer2 (HttpServer2.java:addGlobalFilter(1031)) - Added global filter 'safety' (class=org.apache.hadoop.hdds.server.http.HttpServer2$QuotingInputFilter)
2023-05-03 09:47:17,310 [Listener at 127.0.0.1/34771] INFO  http.HttpServer2 (HttpServer2.java:addFilter(1007)) - Added filter static_user_filter (class=org.apache.hadoop.http.lib.StaticUserWebFilter$StaticUserFilter) to context ozoneManager
2023-05-03 09:47:17,310 [Listener at 127.0.0.1/34771] INFO  http.HttpServer2 (HttpServer2.java:addFilter(1015)) - Added filter static_user_filter (class=org.apache.hadoop.http.lib.StaticUserWebFilter$StaticUserFilter) to context static
2023-05-03 09:47:17,310 [Listener at 127.0.0.1/34771] INFO  http.HttpServer2 (HttpServer2.java:addFilter(1015)) - Added filter static_user_filter (class=org.apache.hadoop.http.lib.StaticUserWebFilter$StaticUserFilter) to context logs
2023-05-03 09:47:17,311 [Listener at 127.0.0.1/34771] INFO  http.BaseHttpServer (BaseHttpServer.java:<init>(190)) - HTTP server of ozoneManager uses base directory /home/runner/work/ozone/ozone/hadoop-ozone/integration-test/target/test-dir/MiniOzoneClusterImpl-708e774c-e924-4713-8845-492707bb8e08/ozone-meta/webserver
2023-05-03 09:47:17,311 [Listener at 127.0.0.1/34771] INFO  http.HttpServer2 (HttpServer2.java:bindListener(1250)) - Jetty bound to port 41007
2023-05-03 09:47:17,311 [Listener at 127.0.0.1/34771] INFO  server.Server (Server.java:doStart(375)) - jetty-9.4.51.v20230217; built: 2023-02-17T08:19:37.309Z; git: b45c405e4544384de066f814ed42ae3dceacdd49; jvm 1.8.0_362-b09
2023-05-03 09:47:17,315 [Listener at 127.0.0.1/34771] INFO  server.session (DefaultSessionIdManager.java:doStart(334)) - DefaultSessionIdManager workerName=node0
2023-05-03 09:47:17,315 [Listener at 127.0.0.1/34771] INFO  server.session (DefaultSessionIdManager.java:doStart(339)) - No SessionScavenger set, using defaults
2023-05-03 09:47:17,315 [Listener at 127.0.0.1/34771] INFO  server.session (HouseKeeper.java:startScavenging(132)) - node0 Scavenging every 600000ms
2023-05-03 09:47:17,316 [Listener at 127.0.0.1/34771] INFO  handler.ContextHandler (ContextHandler.java:doStart(921)) - Started o.e.j.s.ServletContextHandler@459232df{logs,/logs,file:///home/runner/work/ozone/ozone/hadoop-ozone/integration-test/target/log,AVAILABLE}
2023-05-03 09:47:17,316 [Listener at 127.0.0.1/34771] INFO  handler.ContextHandler (ContextHandler.java:doStart(921)) - Started o.e.j.s.ServletContextHandler@68ff98c7{static,/static,file:///home/runner/work/ozone/ozone/hadoop-ozone/integration-test/target/test-classes/webapps/static,AVAILABLE}
2023-05-03 09:47:17,318 [Listener at 127.0.0.1/34771] INFO  handler.ContextHandler (ContextHandler.java:doStart(921)) - Started o.e.j.w.WebAppContext@76dd6fd1{ozoneManager,/,file:///home/runner/work/ozone/ozone/hadoop-ozone/integration-test/target/test-classes/webapps/ozoneManager/,AVAILABLE}{file:/home/runner/work/ozone/ozone/hadoop-ozone/integration-test/target/test-classes/webapps/ozoneManager}
2023-05-03 09:47:17,323 [Listener at 127.0.0.1/34771] INFO  server.AbstractConnector (AbstractConnector.java:doStart(333)) - Started ServerConnector@68aabdbd{HTTP/1.1, (http/1.1)}{0.0.0.0:41007}
2023-05-03 09:47:17,323 [Listener at 127.0.0.1/34771] INFO  server.Server (Server.java:doStart(415)) - Started @80448ms
2023-05-03 09:47:17,323 [Listener at 127.0.0.1/34771] WARN  impl.MetricsSystemImpl (MetricsSystemImpl.java:register(279)) - Sink prometheus already exists!
2023-05-03 09:47:17,324 [Listener at 127.0.0.1/34771] INFO  http.BaseHttpServer (BaseHttpServer.java:updateConnectorAddress(344)) - HTTP server of ozoneManager listening at http://0.0.0.0:41007
2023-05-03 09:47:17,324 [IPC Server Responder] INFO  ipc.Server (Server.java:run(1558)) - IPC Server Responder: starting
2023-05-03 09:47:17,325 [IPC Server listener on 0] INFO  ipc.Server (Server.java:run(1398)) - IPC Server listener on 0: starting
2023-05-03 09:47:17,326 [Listener at 127.0.0.1/34771] INFO  om.OzoneManager (OzoneManager.java:startTrashEmptier(2050)) - Trash Interval set to 0. Files deleted won't move to trash
2023-05-03 09:47:17,333 [Listener at 127.0.0.1/34771] WARN  impl.MetricRegistriesImpl (MetricRegistriesImpl.java:addReporterRegistration(111)) - New reporters are added after registries were created. Some metrics will be missing from the reporter. Please add reporter before adding any new registry.
2023-05-03 09:47:17,333 [Listener at 127.0.0.1/34771] WARN  impl.MetricRegistriesImpl (MetricRegistriesImpl.java:addReporterRegistration(111)) - New reporters are added after registries were created. Some metrics will be missing from the reporter. Please add reporter before adding any new registry.
2023-05-03 09:47:17,333 [Listener at 127.0.0.1/34771] INFO  impl.MetricsSystemImpl (MetricsSystemImpl.java:init(158)) - HddsDatanode metrics system started (again)
2023-05-03 09:47:17,349 [org.apache.hadoop.util.JvmPauseMonitor$Monitor@23249f46] INFO  util.JvmPauseMonitor (JvmPauseMonitor.java:run(188)) - Starting JVM pause monitor
2023-05-03 09:47:17,355 [Listener at 127.0.0.1/34771] INFO  ozone.HddsDatanodeService (HddsDatanodeService.java:start(252)) - HddsDatanodeService host:fv-az139-793.t0dryja4c43urhy2nvp0adewnd.cx.internal.cloudapp.net ip:10.1.0.194
2023-05-03 09:47:17,373 [Listener at 127.0.0.1/34771] INFO  upgrade.AbstractLayoutVersionManager (AbstractLayoutVersionManager.java:init(83)) - Initializing Layout version manager with metadata layout = WEBUI_PORTS_IN_DATANODEDETAILS (version = 6), software layout = WEBUI_PORTS_IN_DATANODEDETAILS (version = 6)
2023-05-03 09:47:17,421 [Listener at 127.0.0.1/34771] INFO  reflections.Reflections (Reflections.java:scan(232)) - Reflections took 47 ms to scan 7 urls, producing 156 keys and 369 values 
2023-05-03 09:47:17,423 [Listener at 127.0.0.1/34771] INFO  statemachine.DatanodeStateMachine (DatanodeStateMachine.java:getEndPointTaskThreadPoolSize(262)) - Datanode State Machine Task Thread Pool size 2
2023-05-03 09:47:17,425 [Listener at 127.0.0.1/34771] INFO  volume.HddsVolume (HddsVolume.java:<init>(130)) - Creating HddsVolume: /home/runner/work/ozone/ozone/hadoop-ozone/integration-test/target/test-dir/MiniOzoneClusterImpl-708e774c-e924-4713-8845-492707bb8e08/datanode-0/data-0/containers/hdds of storage type : DISK capacity : 9223372036854775807
2023-05-03 09:47:17,425 [Listener at 127.0.0.1/34771] INFO  volume.MutableVolumeSet (MutableVolumeSet.java:initializeVolumeSet(175)) - Added Volume : /home/runner/work/ozone/ozone/hadoop-ozone/integration-test/target/test-dir/MiniOzoneClusterImpl-708e774c-e924-4713-8845-492707bb8e08/datanode-0/data-0/containers/hdds to VolumeSet
2023-05-03 09:47:17,425 [Listener at 127.0.0.1/34771] INFO  volume.ThrottledAsyncChecker (ThrottledAsyncChecker.java:schedule(141)) - Scheduling a check for /home/runner/work/ozone/ozone/hadoop-ozone/integration-test/target/test-dir/MiniOzoneClusterImpl-708e774c-e924-4713-8845-492707bb8e08/datanode-0/data-0/containers/hdds
2023-05-03 09:47:17,425 [Listener at 127.0.0.1/34771] INFO  volume.StorageVolumeChecker (StorageVolumeChecker.java:checkAllVolumes(202)) - Scheduled health check for volume /home/runner/work/ozone/ozone/hadoop-ozone/integration-test/target/test-dir/MiniOzoneClusterImpl-708e774c-e924-4713-8845-492707bb8e08/datanode-0/data-0/containers/hdds
2023-05-03 09:47:17,436 [Listener at 127.0.0.1/34771] INFO  volume.MutableVolumeSet (MutableVolumeSet.java:initializeVolumeSet(175)) - Added Volume : /home/runner/work/ozone/ozone/hadoop-ozone/integration-test/target/test-dir/MiniOzoneClusterImpl-708e774c-e924-4713-8845-492707bb8e08/datanode-0/data/ratis to VolumeSet
2023-05-03 09:47:17,436 [Listener at 127.0.0.1/34771] INFO  volume.ThrottledAsyncChecker (ThrottledAsyncChecker.java:schedule(141)) - Scheduling a check for /home/runner/work/ozone/ozone/hadoop-ozone/integration-test/target/test-dir/MiniOzoneClusterImpl-708e774c-e924-4713-8845-492707bb8e08/datanode-0/data/ratis
2023-05-03 09:47:17,437 [Listener at 127.0.0.1/34771] INFO  volume.StorageVolumeChecker (StorageVolumeChecker.java:checkAllVolumes(202)) - Scheduled health check for volume /home/runner/work/ozone/ozone/hadoop-ozone/integration-test/target/test-dir/MiniOzoneClusterImpl-708e774c-e924-4713-8845-492707bb8e08/datanode-0/data/ratis
2023-05-03 09:47:17,447 [Thread-1109] INFO  ozoneimpl.ContainerReader (ContainerReader.java:readVolume(175)) - Finish verifying containers on volume /home/runner/work/ozone/ozone/hadoop-ozone/integration-test/target/test-dir/MiniOzoneClusterImpl-708e774c-e924-4713-8845-492707bb8e08/datanode-0/data-0/containers/hdds
2023-05-03 09:47:17,447 [Listener at 127.0.0.1/34771] INFO  ozoneimpl.OzoneContainer (OzoneContainer.java:buildContainerSet(303)) - Build ContainerSet costs 0s
2023-05-03 09:47:17,449 [Listener at 127.0.0.1/34771] INFO  server.RaftServer (ConfUtils.java:logGet(46)) - raft.rpc.type = GRPC (default)
2023-05-03 09:47:17,449 [Listener at 127.0.0.1/34771] INFO  grpc.GrpcConfigKeys (ConfUtils.java:logFallback(53)) - raft.grpc.admin.host = null (fallback to raft.grpc.server.host)
2023-05-03 09:47:17,449 [Listener at 127.0.0.1/34771] INFO  grpc.GrpcConfigKeys (ConfUtils.java:logGet(46)) - raft.grpc.admin.port = 0 (custom)
2023-05-03 09:47:17,449 [Listener at 127.0.0.1/34771] INFO  grpc.GrpcConfigKeys (ConfUtils.java:logFallback(53)) - raft.grpc.client.host = null (fallback to raft.grpc.server.host)
2023-05-03 09:47:17,449 [Listener at 127.0.0.1/34771] INFO  grpc.GrpcConfigKeys (ConfUtils.java:logGet(46)) - raft.grpc.client.port = 0 (custom)
2023-05-03 09:47:17,449 [Listener at 127.0.0.1/34771] INFO  grpc.GrpcConfigKeys (ConfUtils.java:logGet(46)) - raft.grpc.server.host = null (default)
2023-05-03 09:47:17,449 [Listener at 127.0.0.1/34771] INFO  grpc.GrpcConfigKeys (ConfUtils.java:logGet(46)) - raft.grpc.server.port = 0 (default)
2023-05-03 09:47:17,449 [Listener at 127.0.0.1/34771] INFO  server.GrpcService (ConfUtils.java:logGet(46)) - raft.grpc.message.size.max = 32MB (=33554432) (custom)
2023-05-03 09:47:17,449 [Listener at 127.0.0.1/34771] INFO  server.RaftServerConfigKeys (ConfUtils.java:logGet(46)) - raft.server.log.appender.buffer.byte-limit = 33554432 (custom)
2023-05-03 09:47:17,449 [Listener at 127.0.0.1/34771] INFO  server.GrpcService (ConfUtils.java:logGet(46)) - raft.grpc.flow.control.window = 5MB (=5242880) (custom)
2023-05-03 09:47:17,449 [Listener at 127.0.0.1/34771] INFO  server.RaftServerConfigKeys (ConfUtils.java:logGet(46)) - raft.server.rpc.request.timeout = 60s (custom)
2023-05-03 09:47:17,449 [Listener at 127.0.0.1/34771] INFO  grpc.GrpcConfigKeys (ConfUtils.java:logGet(46)) - raft.grpc.server.heartbeat.channel = true (default)
2023-05-03 09:47:17,450 [Listener at 127.0.0.1/34771] INFO  grpc.GrpcConfigKeys (ConfUtils.java:logGet(46)) - raft.grpc.server.async.request.thread.pool.cached = true (default)
2023-05-03 09:47:17,450 [Listener at 127.0.0.1/34771] INFO  grpc.GrpcConfigKeys (ConfUtils.java:logGet(46)) - raft.grpc.server.async.request.thread.pool.size = 32 (default)
2023-05-03 09:47:17,450 [Listener at 127.0.0.1/34771] INFO  impl.DataStreamServerImpl (ConfUtils.java:logGet(46)) - raft.datastream.type = NETTY (custom)
2023-05-03 09:47:17,451 [Listener at 127.0.0.1/34771] INFO  server.RaftServerConfigKeys (ConfUtils.java:logGet(46)) - raft.server.data-stream.async.request.thread.pool.cached = false (default)
2023-05-03 09:47:17,451 [Listener at 127.0.0.1/34771] INFO  server.RaftServerConfigKeys (ConfUtils.java:logGet(46)) - raft.server.data-stream.async.request.thread.pool.size = 20 (custom)
2023-05-03 09:47:17,451 [Listener at 127.0.0.1/34771] INFO  server.RaftServerConfigKeys (ConfUtils.java:logGet(46)) - raft.server.data-stream.async.write.thread.pool.size = 16 (default)
2023-05-03 09:47:17,451 [Listener at 127.0.0.1/34771] INFO  server.RaftServerConfigKeys (ConfUtils.java:logGet(46)) - raft.server.data-stream.client.pool.size = 10 (default)
2023-05-03 09:47:17,451 [Listener at 127.0.0.1/34771] INFO  netty.NettyConfigKeys$DataStream (ConfUtils.java:logGet(46)) - raft.netty.dataStream.server.use-epoll = false (default)
2023-05-03 09:47:17,451 [Listener at 127.0.0.1/34771] INFO  netty.NettyConfigKeys$DataStream (ConfUtils.java:logGet(46)) - raft.netty.dataStream.server.boss-group.size = 0 (default)
2023-05-03 09:47:17,451 [Listener at 127.0.0.1/34771] INFO  netty.NettyConfigKeys$DataStream (ConfUtils.java:logGet(46)) - raft.netty.dataStream.server.worker-group.size = 0 (default)
2023-05-03 09:47:17,451 [Listener at 127.0.0.1/34771] INFO  netty.NettyConfigKeys$DataStream (ConfUtils.java:logGet(46)) - raft.netty.dataStream.server.tls.conf = null (default)
2023-05-03 09:47:17,452 [Listener at 127.0.0.1/34771] INFO  netty.NettyConfigKeys$DataStream (ConfUtils.java:logGet(46)) - raft.netty.dataStream.host = null (default)
2023-05-03 09:47:17,452 [Listener at 127.0.0.1/34771] INFO  netty.NettyConfigKeys$DataStream (ConfUtils.java:logGet(46)) - raft.netty.dataStream.port = 0 (default)
2023-05-03 09:47:17,454 [Listener at 127.0.0.1/34771] INFO  server.RaftServerConfigKeys (ConfUtils.java:logGet(46)) - raft.server.threadpool.proxy.cached = true (default)
2023-05-03 09:47:17,454 [Listener at 127.0.0.1/34771] INFO  server.RaftServerConfigKeys (ConfUtils.java:logGet(46)) - raft.server.threadpool.proxy.size = 0 (default)
2023-05-03 09:47:17,454 [Listener at 127.0.0.1/34771] INFO  server.RaftServerConfigKeys (ConfUtils.java:logGet(46)) - raft.server.rpc.slowness.timeout = 300s (custom)
2023-05-03 09:47:17,454 [Listener at 127.0.0.1/34771] INFO  server.RaftServerConfigKeys (ConfUtils.java:logGet(46)) - raft.server.leaderelection.leader.step-down.wait-time = 10s (default)
2023-05-03 09:47:17,454 [Listener at 127.0.0.1/34771] INFO  server.RaftServerConfigKeys (ConfUtils.java:logGet(46)) - raft.server.storage.dir = [/home/runner/work/ozone/ozone/hadoop-ozone/integration-test/target/test-dir/MiniOzoneClusterImpl-708e774c-e924-4713-8845-492707bb8e08/datanode-0/data/ratis] (custom)
2023-05-03 09:47:17,455 [Listener at 127.0.0.1/34771] INFO  server.XceiverServerGrpc (XceiverServerGrpc.java:<init>(132)) - GrpcServer channel type EpollServerSocketChannel
2023-05-03 09:47:17,457 [68693b0e-2f4c-4a89-80c2-94047391ad79-NettyServerStreamRpc-bossGroup--thread1] INFO  logging.LoggingHandler (AbstractInternalLogger.java:log(148)) - [id: 0x06183d0e] REGISTERED
2023-05-03 09:47:17,458 [68693b0e-2f4c-4a89-80c2-94047391ad79-NettyServerStreamRpc-bossGroup--thread1] INFO  logging.LoggingHandler (AbstractInternalLogger.java:log(148)) - [id: 0x06183d0e] BIND: 0.0.0.0/0.0.0.0:0
2023-05-03 09:47:17,459 [Listener at 127.0.0.1/34771] INFO  http.BaseHttpServer (BaseHttpServer.java:newHttpServer2BuilderForOzone(224)) - Starting Web-server for hddsDatanode at: http://0.0.0.0:0
2023-05-03 09:47:17,459 [Listener at 127.0.0.1/34771] INFO  http.BaseHttpServer (BaseHttpServer.java:<init>(111)) - Hadoop Security Enabled: false Ozone Security Enabled: false Ozone HTTP Security Enabled: false 
2023-05-03 09:47:17,460 [68693b0e-2f4c-4a89-80c2-94047391ad79-NettyServerStreamRpc-bossGroup--thread1] INFO  logging.LoggingHandler (AbstractInternalLogger.java:log(148)) - [id: 0x06183d0e, L:/0:0:0:0:0:0:0:0:35559] ACTIVE
2023-05-03 09:47:17,461 [Listener at 127.0.0.1/34771] WARN  server.AuthenticationFilter (AuthenticationFilter.java:constructSecretProvider(240)) - Unable to initialize FileSignerSecretProvider, falling back to use random secrets. Reason: Could not read signature secret file: /home/runner/hadoop-http-auth-signature-secret
2023-05-03 09:47:17,462 [Listener at 127.0.0.1/34771] INFO  http.HttpRequestLog (HttpRequestLog.java:getRequestLog(86)) - Http request log for http.requests.hddsDatanode is not defined
2023-05-03 09:47:17,463 [Listener at 127.0.0.1/34771] INFO  http.HttpServer2 (HttpServer2.java:addGlobalFilter(1031)) - Added global filter 'safety' (class=org.apache.hadoop.hdds.server.http.HttpServer2$QuotingInputFilter)
2023-05-03 09:47:17,464 [Listener at 127.0.0.1/34771] INFO  http.HttpServer2 (HttpServer2.java:addFilter(1007)) - Added filter static_user_filter (class=org.apache.hadoop.http.lib.StaticUserWebFilter$StaticUserFilter) to context hddsDatanode
2023-05-03 09:47:17,464 [Listener at 127.0.0.1/34771] INFO  http.HttpServer2 (HttpServer2.java:addFilter(1015)) - Added filter static_user_filter (class=org.apache.hadoop.http.lib.StaticUserWebFilter$StaticUserFilter) to context static
2023-05-03 09:47:17,464 [Listener at 127.0.0.1/34771] INFO  http.HttpServer2 (HttpServer2.java:addFilter(1015)) - Added filter static_user_filter (class=org.apache.hadoop.http.lib.StaticUserWebFilter$StaticUserFilter) to context logs
2023-05-03 09:47:17,464 [Listener at 127.0.0.1/34771] INFO  http.BaseHttpServer (BaseHttpServer.java:<init>(190)) - HTTP server of hddsDatanode uses base directory /home/runner/work/ozone/ozone/hadoop-ozone/integration-test/target/test-dir/MiniOzoneClusterImpl-708e774c-e924-4713-8845-492707bb8e08/datanode-0/meta/webserver
2023-05-03 09:47:17,465 [Listener at 127.0.0.1/34771] INFO  http.HttpServer2 (HttpServer2.java:bindListener(1250)) - Jetty bound to port 40935
2023-05-03 09:47:17,465 [Listener at 127.0.0.1/34771] INFO  server.Server (Server.java:doStart(375)) - jetty-9.4.51.v20230217; built: 2023-02-17T08:19:37.309Z; git: b45c405e4544384de066f814ed42ae3dceacdd49; jvm 1.8.0_362-b09
2023-05-03 09:47:17,468 [Listener at 127.0.0.1/34771] INFO  server.session (DefaultSessionIdManager.java:doStart(334)) - DefaultSessionIdManager workerName=node0
2023-05-03 09:47:17,468 [Listener at 127.0.0.1/34771] INFO  server.session (DefaultSessionIdManager.java:doStart(339)) - No SessionScavenger set, using defaults
2023-05-03 09:47:17,468 [Listener at 127.0.0.1/34771] INFO  server.session (HouseKeeper.java:startScavenging(132)) - node0 Scavenging every 660000ms
2023-05-03 09:47:17,469 [Listener at 127.0.0.1/34771] INFO  handler.ContextHandler (ContextHandler.java:doStart(921)) - Started o.e.j.s.ServletContextHandler@2939c7b7{logs,/logs,file:///home/runner/work/ozone/ozone/hadoop-ozone/integration-test/target/log,AVAILABLE}
2023-05-03 09:47:17,469 [Listener at 127.0.0.1/34771] INFO  handler.ContextHandler (ContextHandler.java:doStart(921)) - Started o.e.j.s.ServletContextHandler@285f0949{static,/static,jar:file:/home/runner/.m2/repository/org/apache/ozone/hdds-container-service/1.4.0-SNAPSHOT/hdds-container-service-1.4.0-SNAPSHOT.jar!/webapps/static,AVAILABLE}
2023-05-03 09:47:17,669 [Listener at 127.0.0.1/34771] INFO  handler.ContextHandler (ContextHandler.java:doStart(921)) - Started o.e.j.w.WebAppContext@2b61441a{hddsDatanode,/,file:///home/runner/work/ozone/ozone/hadoop-ozone/integration-test/target/test-dir/MiniOzoneClusterImpl-708e774c-e924-4713-8845-492707bb8e08/datanode-0/meta/webserver/jetty-0_0_0_0-40935-hdds-container-service-1_4_0-SNAPSHOT_jar-_-any-7496861761966106604/webapp/,AVAILABLE}{jar:file:/home/runner/.m2/repository/org/apache/ozone/hdds-container-service/1.4.0-SNAPSHOT/hdds-container-service-1.4.0-SNAPSHOT.jar!/webapps/hddsDatanode}
2023-05-03 09:47:17,671 [Listener at 127.0.0.1/34771] INFO  server.AbstractConnector (AbstractConnector.java:doStart(333)) - Started ServerConnector@4a5e5d4{HTTP/1.1, (http/1.1)}{0.0.0.0:40935}
2023-05-03 09:47:17,671 [Listener at 127.0.0.1/34771] INFO  server.Server (Server.java:doStart(415)) - Started @80796ms
2023-05-03 09:47:17,671 [Listener at 127.0.0.1/34771] WARN  impl.MetricsSystemImpl (MetricsSystemImpl.java:register(279)) - Sink prometheus already exists!
2023-05-03 09:47:17,671 [Listener at 127.0.0.1/34771] INFO  http.BaseHttpServer (BaseHttpServer.java:updateConnectorAddress(344)) - HTTP server of hddsDatanode listening at http://0.0.0.0:40935
2023-05-03 09:47:17,672 [Datanode State Machine Daemon Thread] INFO  statemachine.DatanodeStateMachine (DatanodeStateMachine.java:lambda$startDaemon$0(519)) - Ozone container server started.
2023-05-03 09:47:17,673 [Listener at 127.0.0.1/34771] INFO  ozone.MiniOzoneClusterImpl (MiniOzoneClusterImpl.java:lambda$waitForClusterToBeReady$0(223)) - Waiting for nodes to be ready. Got 0 of 1 DN Heartbeats.
2023-05-03 09:47:17,673 [Listener at 127.0.0.1/34771] INFO  ozone.MiniOzoneClusterImpl (MiniOzoneClusterImpl.java:lambda$waitForClusterToBeReady$0(226)) - Waiting for cluster to exit safe mode
2023-05-03 09:47:17,673 [Listener at 127.0.0.1/34771] INFO  ozone.MiniOzoneClusterImpl (MiniOzoneClusterImpl.java:lambda$waitForClusterToBeReady$0(228)) - SCM became leader
2023-05-03 09:47:17,674 [org.apache.hadoop.util.JvmPauseMonitor$Monitor@31d82cb9] INFO  util.JvmPauseMonitor (JvmPauseMonitor.java:run(188)) - Starting JVM pause monitor
2023-05-03 09:47:17,681 [Datanode State Machine Task Thread - 0] INFO  datanode.InitDatanodeState (InitDatanodeState.java:persistContainerDatanodeDetails(138)) - DatanodeDetails is persisted to /home/runner/work/ozone/ozone/hadoop-ozone/integration-test/target/test-dir/MiniOzoneClusterImpl-708e774c-e924-4713-8845-492707bb8e08/datanode-0/meta/datanode.id
2023-05-03 09:47:18,432 [om1@group-C5BA1605619E-FollowerState] INFO  impl.FollowerState (FollowerState.java:run(143)) - om1@group-C5BA1605619E-FollowerState: change to CANDIDATE, lastRpcElapsedTime:1134378040ns, electionTimeout:1133ms
2023-05-03 09:47:18,433 [om1@group-C5BA1605619E-FollowerState] INFO  impl.RoleInfo (RoleInfo.java:shutdownFollowerState(110)) - om1: shutdown om1@group-C5BA1605619E-FollowerState
2023-05-03 09:47:18,433 [om1@group-C5BA1605619E-FollowerState] INFO  server.RaftServer$Division (RaftServerImpl.java:setRole(321)) - om1@group-C5BA1605619E: changes role from  FOLLOWER to CANDIDATE at term 0 for changeToCandidate
2023-05-03 09:47:18,433 [om1@group-C5BA1605619E-FollowerState] INFO  server.RaftServerConfigKeys (ConfUtils.java:logGet(46)) - raft.server.leaderelection.pre-vote = true (default)
2023-05-03 09:47:18,433 [om1@group-C5BA1605619E-FollowerState] INFO  impl.RoleInfo (RoleInfo.java:updateAndGet(139)) - om1: start om1@group-C5BA1605619E-LeaderElection18
2023-05-03 09:47:18,434 [om1@group-C5BA1605619E-LeaderElection18] INFO  impl.LeaderElection (LeaderElection.java:askForVotes(312)) - om1@group-C5BA1605619E-LeaderElection18 PRE_VOTE round 0: submit vote requests at term 0 for -1: peers:[om1|rpc:localhost:9872|priority:0|startupRole:FOLLOWER]|listeners:[], old=null
2023-05-03 09:47:18,434 [om1@group-C5BA1605619E-LeaderElection18] INFO  impl.LeaderElection (LeaderElection.java:askForVotes(314)) - om1@group-C5BA1605619E-LeaderElection18 PRE_VOTE round 0: result PASSED (term=0)
2023-05-03 09:47:18,436 [om1@group-C5BA1605619E-LeaderElection18] INFO  impl.LeaderElection (LeaderElection.java:askForVotes(312)) - om1@group-C5BA1605619E-LeaderElection18 ELECTION round 0: submit vote requests at term 1 for -1: peers:[om1|rpc:localhost:9872|priority:0|startupRole:FOLLOWER]|listeners:[], old=null
2023-05-03 09:47:18,436 [om1@group-C5BA1605619E-LeaderElection18] INFO  impl.LeaderElection (LeaderElection.java:askForVotes(314)) - om1@group-C5BA1605619E-LeaderElection18 ELECTION round 0: result PASSED (term=1)
2023-05-03 09:47:18,436 [om1@group-C5BA1605619E-LeaderElection18] INFO  impl.RoleInfo (RoleInfo.java:shutdownLeaderElection(130)) - om1: shutdown om1@group-C5BA1605619E-LeaderElection18
2023-05-03 09:47:18,436 [om1@group-C5BA1605619E-LeaderElection18] INFO  server.RaftServer$Division (RaftServerImpl.java:setRole(321)) - om1@group-C5BA1605619E: changes role from CANDIDATE to LEADER at term 1 for changeToLeader
2023-05-03 09:47:18,436 [om1@group-C5BA1605619E-LeaderElection18] INFO  server.RaftServer$Division (ServerState.java:setLeader(313)) - om1@group-C5BA1605619E: change Leader from null to om1 at term 1 for becomeLeader, leader elected after 1553ms
2023-05-03 09:47:18,436 [om1@group-C5BA1605619E-LeaderElection18] INFO  server.RaftServerConfigKeys (ConfUtils.java:logGet(46)) - raft.server.staging.catchup.gap = 1000 (default)
2023-05-03 09:47:18,436 [om1@group-C5BA1605619E-LeaderElection18] INFO  server.RaftServerConfigKeys (ConfUtils.java:logGet(46)) - raft.server.write.element-limit = 4096 (default)
2023-05-03 09:47:18,436 [om1@group-C5BA1605619E-LeaderElection18] INFO  server.RaftServerConfigKeys (ConfUtils.java:logGet(46)) - raft.server.write.byte-limit = 64MB (=67108864) (default)
2023-05-03 09:47:18,436 [om1@group-C5BA1605619E-LeaderElection18] INFO  server.RaftServerConfigKeys (ConfUtils.java:logGet(46)) - raft.server.watch.timeout = 10s (default)
2023-05-03 09:47:18,436 [om1@group-C5BA1605619E-LeaderElection18] INFO  server.RaftServerConfigKeys (ConfUtils.java:logGet(46)) - raft.server.watch.timeout.denomination = 1s (default)
2023-05-03 09:47:18,436 [om1@group-C5BA1605619E-LeaderElection18] INFO  server.RaftServerConfigKeys (ConfUtils.java:logGet(46)) - raft.server.watch.element-limit = 65536 (default)
2023-05-03 09:47:18,437 [om1@group-C5BA1605619E-LeaderElection18] INFO  server.RaftServerConfigKeys (ConfUtils.java:logGet(46)) - raft.server.write.element-limit = 4096 (default)
2023-05-03 09:47:18,437 [om1@group-C5BA1605619E-LeaderElection18] INFO  server.RaftServerConfigKeys (ConfUtils.java:logGet(46)) - raft.server.write.follower.gap.ratio.max = -1.0 (default)
2023-05-03 09:47:18,437 [om1@group-C5BA1605619E-LeaderElection18] INFO  impl.RoleInfo (RoleInfo.java:updateAndGet(139)) - om1: start om1@group-C5BA1605619E-LeaderStateImpl
2023-05-03 09:47:18,437 [om1@group-C5BA1605619E-LeaderElection18] INFO  segmented.SegmentedRaftLogWorker (SegmentedRaftLogWorker.java:startLogSegment(452)) - om1@group-C5BA1605619E-SegmentedRaftLogWorker: Starting segment from index:0
2023-05-03 09:47:18,441 [om1@group-C5BA1605619E-LeaderElection18] INFO  server.RaftServer$Division (ServerState.java:setRaftConf(430)) - om1@group-C5BA1605619E: set configuration 0: peers:[om1|rpc:localhost:9872|admin:|client:|dataStream:|priority:0|startupRole:FOLLOWER]|listeners:[], old=null
2023-05-03 09:47:18,445 [om1@group-C5BA1605619E-SegmentedRaftLogWorker] INFO  segmented.SegmentedRaftLogWorker (SegmentedRaftLogWorker.java:execute(656)) - om1@group-C5BA1605619E-SegmentedRaftLogWorker: created new log segment /home/runner/work/ozone/ozone/hadoop-ozone/integration-test/target/test-dir/MiniOzoneClusterImpl-708e774c-e924-4713-8845-492707bb8e08/ozone-meta/ratis/bf265839-605b-3f16-9796-c5ba1605619e/current/log_inprogress_0
2023-05-03 09:47:18,446 [om1@group-C5BA1605619E-StateMachineUpdater] INFO  ratis.OzoneManagerStateMachine (OzoneManagerStateMachine.java:notifyConfigurationChanged(201)) - Received Configuration change notification from Ratis. New Peer list:
[id: "om1"
address: "localhost:9872"
startupRole: FOLLOWER
]
2023-05-03 09:47:18,673 [Listener at 127.0.0.1/34771] INFO  ozone.MiniOzoneClusterImpl (MiniOzoneClusterImpl.java:lambda$waitForClusterToBeReady$0(223)) - Waiting for nodes to be ready. Got 0 of 1 DN Heartbeats.
2023-05-03 09:47:18,673 [Listener at 127.0.0.1/34771] INFO  ozone.MiniOzoneClusterImpl (MiniOzoneClusterImpl.java:lambda$waitForClusterToBeReady$0(226)) - Waiting for cluster to exit safe mode
2023-05-03 09:47:18,673 [Listener at 127.0.0.1/34771] INFO  ozone.MiniOzoneClusterImpl (MiniOzoneClusterImpl.java:lambda$waitForClusterToBeReady$0(228)) - SCM became leader
2023-05-03 09:47:19,673 [Listener at 127.0.0.1/34771] INFO  ozone.MiniOzoneClusterImpl (MiniOzoneClusterImpl.java:lambda$waitForClusterToBeReady$0(223)) - Waiting for nodes to be ready. Got 0 of 1 DN Heartbeats.
2023-05-03 09:47:19,674 [Listener at 127.0.0.1/34771] INFO  ozone.MiniOzoneClusterImpl (MiniOzoneClusterImpl.java:lambda$waitForClusterToBeReady$0(226)) - Waiting for cluster to exit safe mode
2023-05-03 09:47:19,674 [Listener at 127.0.0.1/34771] INFO  ozone.MiniOzoneClusterImpl (MiniOzoneClusterImpl.java:lambda$waitForClusterToBeReady$0(228)) - SCM became leader
2023-05-03 09:47:19,705 [EndpointStateMachine task thread for /0.0.0.0:33365 - 0 ] INFO  utils.DatanodeStoreCache (DatanodeStoreCache.java:addDB(58)) - Added db /home/runner/work/ozone/ozone/hadoop-ozone/integration-test/target/test-dir/MiniOzoneClusterImpl-708e774c-e924-4713-8845-492707bb8e08/datanode-0/data-0/containers/hdds/708e774c-e924-4713-8845-492707bb8e08/DS-55e6d27a-a9b3-4e08-bcb7-edc1f7626d36/container.db to cache
2023-05-03 09:47:19,705 [EndpointStateMachine task thread for /0.0.0.0:33365 - 0 ] INFO  volume.HddsVolume (HddsVolume.java:createDbStore(350)) - SchemaV3 db is created and loaded at /home/runner/work/ozone/ozone/hadoop-ozone/integration-test/target/test-dir/MiniOzoneClusterImpl-708e774c-e924-4713-8845-492707bb8e08/datanode-0/data-0/containers/hdds/708e774c-e924-4713-8845-492707bb8e08/DS-55e6d27a-a9b3-4e08-bcb7-edc1f7626d36/container.db for volume DS-55e6d27a-a9b3-4e08-bcb7-edc1f7626d36
2023-05-03 09:47:19,706 [EndpointStateMachine task thread for /0.0.0.0:33365 - 0 ] INFO  ozoneimpl.OzoneContainer (OzoneContainer.java:start(397)) - Attempting to start container services.
2023-05-03 09:47:19,706 [EndpointStateMachine task thread for /0.0.0.0:33365 - 0 ] INFO  ozoneimpl.OzoneContainer (OzoneContainer.java:startContainerScrub(314)) - Scheduled background container scanners and the on-demand container scanner have been disabled.
2023-05-03 09:47:19,707 [EndpointStateMachine task thread for /0.0.0.0:33365 - 0 ] INFO  replication.ReplicationServer (ReplicationServer.java:start(109)) - ReplicationServer is started using port 46283
2023-05-03 09:47:19,707 [EndpointStateMachine task thread for /0.0.0.0:33365 - 0 ] INFO  ratis.XceiverServerRatis (XceiverServerRatis.java:start(517)) - Starting XceiverServerRatis 68693b0e-2f4c-4a89-80c2-94047391ad79
2023-05-03 09:47:19,708 [EndpointStateMachine task thread for /0.0.0.0:33365 - 0 ] INFO  server.RaftServer (RaftServerProxy.java:startImpl(393)) - 68693b0e-2f4c-4a89-80c2-94047391ad79: start RPC server
2023-05-03 09:47:19,709 [EndpointStateMachine task thread for /0.0.0.0:33365 - 0 ] INFO  server.GrpcService (GrpcService.java:startImpl(262)) - 68693b0e-2f4c-4a89-80c2-94047391ad79: GrpcService started, listening on 42901
2023-05-03 09:47:19,709 [EndpointStateMachine task thread for /0.0.0.0:33365 - 0 ] INFO  ratis.XceiverServerRatis (XceiverServerRatis.java:getRealPort(543)) - XceiverServerRatis 68693b0e-2f4c-4a89-80c2-94047391ad79 is started using port 42901 for RATIS
2023-05-03 09:47:19,709 [EndpointStateMachine task thread for /0.0.0.0:33365 - 0 ] INFO  ratis.XceiverServerRatis (XceiverServerRatis.java:getRealPort(543)) - XceiverServerRatis 68693b0e-2f4c-4a89-80c2-94047391ad79 is started using port 42901 for RATIS_ADMIN
2023-05-03 09:47:19,709 [JvmPauseMonitor11] INFO  util.JvmPauseMonitor (JvmPauseMonitor.java:run(105)) - JvmPauseMonitor-68693b0e-2f4c-4a89-80c2-94047391ad79: Started
2023-05-03 09:47:19,709 [EndpointStateMachine task thread for /0.0.0.0:33365 - 0 ] INFO  ratis.XceiverServerRatis (XceiverServerRatis.java:getRealPort(543)) - XceiverServerRatis 68693b0e-2f4c-4a89-80c2-94047391ad79 is started using port 42901 for RATIS_SERVER
2023-05-03 09:47:19,709 [EndpointStateMachine task thread for /0.0.0.0:33365 - 0 ] INFO  ratis.XceiverServerRatis (XceiverServerRatis.java:getRealPort(543)) - XceiverServerRatis 68693b0e-2f4c-4a89-80c2-94047391ad79 is started using port 35559 for RATIS_DATASTREAM
2023-05-03 09:47:19,710 [EndpointStateMachine task thread for /0.0.0.0:33365 - 0 ] INFO  server.XceiverServerGrpc (XceiverServerGrpc.java:start(180)) - XceiverServerGrpc 68693b0e-2f4c-4a89-80c2-94047391ad79 is started using port 43463
2023-05-03 09:47:19,711 [BlockDeletingService#0] INFO  interfaces.ContainerDeletionChoosingPolicyTemplate (ContainerDeletionChoosingPolicyTemplate.java:chooseContainerForBlockDeletion(83)) - Chosen 0/5000 blocks from 0 candidate containers.
2023-05-03 09:47:20,674 [Listener at 127.0.0.1/34771] INFO  ozone.MiniOzoneClusterImpl (MiniOzoneClusterImpl.java:lambda$waitForClusterToBeReady$0(223)) - Waiting for nodes to be ready. Got 0 of 1 DN Heartbeats.
2023-05-03 09:47:20,674 [Listener at 127.0.0.1/34771] INFO  ozone.MiniOzoneClusterImpl (MiniOzoneClusterImpl.java:lambda$waitForClusterToBeReady$0(226)) - Waiting for cluster to exit safe mode
2023-05-03 09:47:20,674 [Listener at 127.0.0.1/34771] INFO  ozone.MiniOzoneClusterImpl (MiniOzoneClusterImpl.java:lambda$waitForClusterToBeReady$0(228)) - SCM became leader
2023-05-03 09:47:21,674 [Listener at 127.0.0.1/34771] INFO  ozone.MiniOzoneClusterImpl (MiniOzoneClusterImpl.java:lambda$waitForClusterToBeReady$0(223)) - Waiting for nodes to be ready. Got 0 of 1 DN Heartbeats.
2023-05-03 09:47:21,674 [Listener at 127.0.0.1/34771] INFO  ozone.MiniOzoneClusterImpl (MiniOzoneClusterImpl.java:lambda$waitForClusterToBeReady$0(226)) - Waiting for cluster to exit safe mode
2023-05-03 09:47:21,674 [Listener at 127.0.0.1/34771] INFO  ozone.MiniOzoneClusterImpl (MiniOzoneClusterImpl.java:lambda$waitForClusterToBeReady$0(228)) - SCM became leader
2023-05-03 09:47:21,676 [IPC Server handler 1 on default port 33365] INFO  net.NetworkTopologyImpl (NetworkTopologyImpl.java:add(112)) - Added a new node: /default-rack/68693b0e-2f4c-4a89-80c2-94047391ad79
2023-05-03 09:47:21,676 [IPC Server handler 1 on default port 33365] INFO  node.SCMNodeManager (SCMNodeManager.java:register(407)) - Registered Data node : 68693b0e-2f4c-4a89-80c2-94047391ad79{ip: 10.1.0.194, host: fv-az139-793.t0dryja4c43urhy2nvp0adewnd.cx.internal.cloudapp.net, ports: [HTTP=40935, REPLICATION=46283, RATIS=42901, RATIS_ADMIN=42901, RATIS_SERVER=42901, RATIS_DATASTREAM=35559, STANDALONE=43463], networkLocation: /default-rack, certSerialId: null, persistedOpState: null, persistedOpStateExpiryEpochSec: 0}
2023-05-03 09:47:21,678 [EventQueue-NewNodeForNewNodeHandler] INFO  pipeline.BackgroundPipelineCreator (BackgroundPipelineCreator.java:notifyEventTriggered(276)) - trigger a one-shot run on RatisPipelineUtilsThread.
2023-05-03 09:47:21,678 [EventQueue-NodeRegistrationContainerReportForContainerSafeModeRule] INFO  safemode.SCMSafeModeManager (SCMSafeModeManager.java:validateSafeModeExitRules(200)) - ContainerSafeModeRule rule is successfully validated
2023-05-03 09:47:21,678 [EventQueue-NodeRegistrationContainerReportForDataNodeSafeModeRule] INFO  safemode.SCMSafeModeManager (DataNodeSafeModeRule.java:process(71)) - SCM in safe mode. 1 DataNodes registered, 1 required.
2023-05-03 09:47:21,678 [RatisPipelineUtilsThread - 0] INFO  pipeline.RatisPipelineProvider (RatisPipelineProvider.java:lambda$create$0(206)) - Sending CreatePipelineCommand for pipeline:PipelineID=ef0126e6-8076-4343-9408-947ad41a47cb to datanode:68693b0e-2f4c-4a89-80c2-94047391ad79
2023-05-03 09:47:21,680 [RatisPipelineUtilsThread - 0] INFO  pipeline.PipelineStateManagerImpl (PipelineStateManagerImpl.java:addPipeline(103)) - Created pipeline Pipeline[ Id: ef0126e6-8076-4343-9408-947ad41a47cb, Nodes: 68693b0e-2f4c-4a89-80c2-94047391ad79(fv-az139-793.t0dryja4c43urhy2nvp0adewnd.cx.internal.cloudapp.net/10.1.0.194), ReplicationConfig: RATIS/ONE, State:ALLOCATED, leaderId:, CreationTimestamp2023-05-03T09:47:21.678Z[Etc/UTC]].
2023-05-03 09:47:21,682 [EventQueue-NodeRegistrationContainerReportForDataNodeSafeModeRule] INFO  safemode.SCMSafeModeManager (SCMSafeModeManager.java:validateSafeModeExitRules(200)) - DataNodeSafeModeRule rule is successfully validated
2023-05-03 09:47:21,682 [EventQueue-NodeRegistrationContainerReportForDataNodeSafeModeRule] INFO  safemode.SCMSafeModeManager (SCMSafeModeManager.java:completePreCheck(229)) - All SCM safe mode pre check rules have passed
2023-05-03 09:47:21,683 [EventQueue-NodeRegistrationContainerReportForDataNodeSafeModeRule] INFO  ha.SCMContext (SCMContext.java:updateSafeModeStatus(228)) - Update SafeModeStatus from SafeModeStatus{safeModeStatus=true, preCheckPassed=false} to SafeModeStatus{safeModeStatus=true, preCheckPassed=true}.
2023-05-03 09:47:21,683 [EventQueue-NodeRegistrationContainerReportForDataNodeSafeModeRule] INFO  pipeline.BackgroundPipelineCreator (BackgroundPipelineCreator.java:notifyEventTriggered(276)) - trigger a one-shot run on RatisPipelineUtilsThread.
2023-05-03 09:47:21,683 [RatisPipelineUtilsThread - 0] ERROR scm.SCMCommonPlacementPolicy (SCMCommonPlacementPolicy.java:filterNodesWithSpace(285)) - Unable to find enough nodes that meet the space requirement of 1073741824 bytes for metadata and 5368709120 bytes for data in healthy node set. Required 3. Found 1.
2023-05-03 09:47:21,684 [EventQueue-PipelineReportForOneReplicaPipelineSafeModeRule] INFO  safemode.SCMSafeModeManager (SCMSafeModeManager.java:validateSafeModeExitRules(200)) - AtleastOneDatanodeReportedRule rule is successfully validated
2023-05-03 09:47:22,675 [Listener at 127.0.0.1/34771] INFO  ozone.MiniOzoneClusterImpl (MiniOzoneClusterImpl.java:lambda$waitForClusterToBeReady$0(223)) - Nodes are ready. Got 1 of 1 DN Heartbeats.
2023-05-03 09:47:22,675 [Listener at 127.0.0.1/34771] INFO  ozone.MiniOzoneClusterImpl (MiniOzoneClusterImpl.java:lambda$waitForClusterToBeReady$0(226)) - Waiting for cluster to exit safe mode
2023-05-03 09:47:22,675 [Listener at 127.0.0.1/34771] INFO  ozone.MiniOzoneClusterImpl (MiniOzoneClusterImpl.java:lambda$waitForClusterToBeReady$0(228)) - SCM became leader
2023-05-03 09:47:23,675 [Listener at 127.0.0.1/34771] INFO  ozone.MiniOzoneClusterImpl (MiniOzoneClusterImpl.java:lambda$waitForClusterToBeReady$0(223)) - Nodes are ready. Got 1 of 1 DN Heartbeats.
2023-05-03 09:47:23,675 [Listener at 127.0.0.1/34771] INFO  ozone.MiniOzoneClusterImpl (MiniOzoneClusterImpl.java:lambda$waitForClusterToBeReady$0(226)) - Waiting for cluster to exit safe mode
2023-05-03 09:47:23,675 [Listener at 127.0.0.1/34771] INFO  ozone.MiniOzoneClusterImpl (MiniOzoneClusterImpl.java:lambda$waitForClusterToBeReady$0(228)) - SCM became leader
2023-05-03 09:47:24,675 [Listener at 127.0.0.1/34771] INFO  ozone.MiniOzoneClusterImpl (MiniOzoneClusterImpl.java:lambda$waitForClusterToBeReady$0(223)) - Nodes are ready. Got 1 of 1 DN Heartbeats.
2023-05-03 09:47:24,675 [Listener at 127.0.0.1/34771] INFO  ozone.MiniOzoneClusterImpl (MiniOzoneClusterImpl.java:lambda$waitForClusterToBeReady$0(226)) - Waiting for cluster to exit safe mode
2023-05-03 09:47:24,675 [Listener at 127.0.0.1/34771] INFO  ozone.MiniOzoneClusterImpl (MiniOzoneClusterImpl.java:lambda$waitForClusterToBeReady$0(228)) - SCM became leader
2023-05-03 09:47:24,675 [Command processor thread] INFO  server.RaftServer (RaftServerProxy.java:addNew(96)) - 68693b0e-2f4c-4a89-80c2-94047391ad79: addNew group-947AD41A47CB:[68693b0e-2f4c-4a89-80c2-94047391ad79|rpc:10.1.0.194:42901|dataStream:10.1.0.194:35559|priority:1|startupRole:FOLLOWER] returns group-947AD41A47CB:java.util.concurrent.CompletableFuture@59cc14a[Not completed]
2023-05-03 09:47:24,676 [pool-492-thread-1] INFO  server.RaftServer$Division (RaftServerImpl.java:<init>(195)) - 68693b0e-2f4c-4a89-80c2-94047391ad79: new RaftServerImpl for group-947AD41A47CB:[68693b0e-2f4c-4a89-80c2-94047391ad79|rpc:10.1.0.194:42901|dataStream:10.1.0.194:35559|priority:1|startupRole:FOLLOWER] with ContainerStateMachine:uninitialized
2023-05-03 09:47:24,676 [pool-492-thread-1] INFO  server.RaftServerConfigKeys (ConfUtils.java:logGet(46)) - raft.server.rpc.timeout.min = 5s (custom)
2023-05-03 09:47:24,677 [pool-492-thread-1] INFO  server.RaftServerConfigKeys (ConfUtils.java:logGet(46)) - raft.server.rpc.timeout.max = 5200ms (custom)
2023-05-03 09:47:24,677 [pool-492-thread-1] INFO  server.RaftServerConfigKeys (ConfUtils.java:logGet(46)) - raft.server.rpc.sleep.time = 25ms (default)
2023-05-03 09:47:24,677 [pool-492-thread-1] INFO  server.RaftServerConfigKeys (ConfUtils.java:logGet(46)) - raft.server.rpc.slowness.timeout = 300s (custom)
2023-05-03 09:47:24,677 [pool-492-thread-1] INFO  server.RaftServerConfigKeys (ConfUtils.java:logGet(46)) - raft.server.leaderelection.leader.step-down.wait-time = 10s (default)
2023-05-03 09:47:24,677 [pool-492-thread-1] INFO  server.RaftServerConfigKeys (ConfUtils.java:logGet(46)) - raft.server.sleep.deviation.threshold = 300ms (default)
2023-05-03 09:47:24,677 [pool-492-thread-1] INFO  server.RaftServer$Division (ServerState.java:<init>(118)) - 68693b0e-2f4c-4a89-80c2-94047391ad79@group-947AD41A47CB: ConfigurationManager, init=-1: peers:[68693b0e-2f4c-4a89-80c2-94047391ad79|rpc:10.1.0.194:42901|dataStream:10.1.0.194:35559|priority:1|startupRole:FOLLOWER]|listeners:[], old=null, confs=<EMPTY_MAP>
2023-05-03 09:47:24,678 [pool-492-thread-1] INFO  server.RaftServerConfigKeys (ConfUtils.java:logGet(46)) - raft.server.storage.dir = [/home/runner/work/ozone/ozone/hadoop-ozone/integration-test/target/test-dir/MiniOzoneClusterImpl-708e774c-e924-4713-8845-492707bb8e08/datanode-0/data/ratis] (custom)
2023-05-03 09:47:24,678 [pool-492-thread-1] INFO  server.RaftServerConfigKeys (ConfUtils.java:logGet(46)) - raft.server.log.corruption.policy = EXCEPTION (default)
2023-05-03 09:47:24,678 [pool-492-thread-1] INFO  server.RaftServerConfigKeys (ConfUtils.java:logGet(46)) - raft.server.storage.free-space.min = 0MB (=0) (default)
2023-05-03 09:47:24,678 [pool-492-thread-1] INFO  server.RaftServerConfigKeys (ConfUtils.java:logGet(46)) - raft.server.notification.no-leader.timeout = 300s (custom)
2023-05-03 09:47:24,678 [pool-492-thread-1] INFO  server.RaftServerConfigKeys (ConfUtils.java:logGet(46)) - raft.server.retrycache.expirytime = 600000ms (custom)
2023-05-03 09:47:24,678 [pool-492-thread-1] INFO  server.RaftServerConfigKeys (ConfUtils.java:logGet(46)) - raft.server.retrycache.statistics.expirytime = 100μs (default)
2023-05-03 09:47:24,678 [pool-492-thread-1] INFO  server.RaftServerConfigKeys (ConfUtils.java:logGet(46)) - raft.server.log.appender.install.snapshot.enabled = false (custom)
2023-05-03 09:47:24,678 [pool-492-thread-1] INFO  server.RaftServerConfigKeys (ConfUtils.java:logGet(46)) - raft.server.threadpool.server.cached = true (default)
2023-05-03 09:47:24,679 [pool-492-thread-1] INFO  server.RaftServerConfigKeys (ConfUtils.java:logGet(46)) - raft.server.threadpool.server.size = 0 (default)
2023-05-03 09:47:24,679 [pool-492-thread-1] INFO  server.RaftServerConfigKeys (ConfUtils.java:logGet(46)) - raft.server.threadpool.client.cached = true (default)
2023-05-03 09:47:24,679 [pool-492-thread-1] INFO  server.RaftServerConfigKeys (ConfUtils.java:logGet(46)) - raft.server.threadpool.client.size = 0 (default)
2023-05-03 09:47:24,679 [pool-492-thread-1] INFO  storage.RaftStorageDirectory (RaftStorageDirectoryImpl.java:analyzeStorage(137)) - The storage directory /home/runner/work/ozone/ozone/hadoop-ozone/integration-test/target/test-dir/MiniOzoneClusterImpl-708e774c-e924-4713-8845-492707bb8e08/datanode-0/data/ratis/ef0126e6-8076-4343-9408-947ad41a47cb does not exist. Creating ...
2023-05-03 09:47:24,681 [pool-492-thread-1] INFO  storage.RaftStorageDirectory (RaftStorageDirectoryImpl.java:tryLock(231)) - Lock on /home/runner/work/ozone/ozone/hadoop-ozone/integration-test/target/test-dir/MiniOzoneClusterImpl-708e774c-e924-4713-8845-492707bb8e08/datanode-0/data/ratis/ef0126e6-8076-4343-9408-947ad41a47cb/in_use.lock acquired by nodename 7780@fv-az139-793
2023-05-03 09:47:24,682 [pool-492-thread-1] INFO  storage.RaftStorage (RaftStorageImpl.java:format(96)) - Storage directory /home/runner/work/ozone/ozone/hadoop-ozone/integration-test/target/test-dir/MiniOzoneClusterImpl-708e774c-e924-4713-8845-492707bb8e08/datanode-0/data/ratis/ef0126e6-8076-4343-9408-947ad41a47cb has been successfully formatted.
2023-05-03 09:47:24,684 [EventQueue-PipelineReportForPipelineReportHandler] INFO  pipeline.PipelineManagerImpl (PipelineManagerImpl.java:openPipeline(367)) - Pipeline Pipeline[ Id: ef0126e6-8076-4343-9408-947ad41a47cb, Nodes: 68693b0e-2f4c-4a89-80c2-94047391ad79(fv-az139-793.t0dryja4c43urhy2nvp0adewnd.cx.internal.cloudapp.net/10.1.0.194), ReplicationConfig: RATIS/ONE, State:ALLOCATED, leaderId:68693b0e-2f4c-4a89-80c2-94047391ad79, CreationTimestamp2023-05-03T09:47:21.678Z[Etc/UTC]] moved to OPEN state
2023-05-03 09:47:24,685 [pool-492-thread-1] INFO  ratis.ContainerStateMachine (ContainerStateMachine.java:loadSnapshot(262)) - group-947AD41A47CB: The snapshot info is null. Setting the last applied indexto:(t:0, i:~)
2023-05-03 09:47:24,685 [pool-492-thread-1] INFO  server.RaftServerConfigKeys (ConfUtils.java:logGet(46)) - raft.server.log.use.memory = false (default)
2023-05-03 09:47:24,685 [pool-492-thread-1] INFO  server.RaftServerConfigKeys (ConfUtils.java:logGet(46)) - raft.server.log.purge.gap = 1000000 (custom)
2023-05-03 09:47:24,685 [pool-492-thread-1] INFO  server.RaftServerConfigKeys (ConfUtils.java:logGet(46)) - raft.server.log.appender.buffer.byte-limit = 33554432 (custom)
2023-05-03 09:47:24,685 [pool-492-thread-1] INFO  server.RaftServerConfigKeys (ConfUtils.java:logGet(46)) - raft.server.log.statemachine.data.read.timeout = 1000ms (default)
2023-05-03 09:47:24,685 [pool-492-thread-1] INFO  server.RaftServerConfigKeys (ConfUtils.java:logGet(46)) - raft.server.log.purge.preservation.log.num = 0 (default)
2023-05-03 09:47:24,685 [pool-492-thread-1] INFO  server.RaftServerConfigKeys (ConfUtils.java:logGet(46)) - raft.server.log.segment.size.max = 1048576 (custom)
2023-05-03 09:47:24,685 [pool-492-thread-1] INFO  server.RaftServerConfigKeys (ConfUtils.java:logGet(46)) - raft.server.log.segment.cache.num.max = 2 (custom)
2023-05-03 09:47:24,685 [pool-492-thread-1] INFO  server.RaftServerConfigKeys (ConfUtils.java:logGet(46)) - raft.server.log.segment.cache.size.max = 200MB (=209715200) (default)
2023-05-03 09:47:24,686 [pool-492-thread-1] INFO  segmented.SegmentedRaftLogWorker (SegmentedRaftLogWorker.java:<init>(189)) - new 68693b0e-2f4c-4a89-80c2-94047391ad79@group-947AD41A47CB-SegmentedRaftLogWorker for RaftStorageImpl:Storage Directory /home/runner/work/ozone/ozone/hadoop-ozone/integration-test/target/test-dir/MiniOzoneClusterImpl-708e774c-e924-4713-8845-492707bb8e08/datanode-0/data/ratis/ef0126e6-8076-4343-9408-947ad41a47cb
2023-05-03 09:47:24,686 [EventQueue-OpenPipelineForHealthyPipelineSafeModeRule] INFO  safemode.SCMSafeModeManager (SCMSafeModeManager.java:validateSafeModeExitRules(200)) - HealthyPipelineSafeModeRule rule is successfully validated
2023-05-03 09:47:24,686 [EventQueue-OpenPipelineForHealthyPipelineSafeModeRule] INFO  safemode.SCMSafeModeManager (SCMSafeModeManager.java:validateSafeModeExitRules(215)) - ScmSafeModeManager, all rules are successfully validated
2023-05-03 09:47:24,686 [pool-492-thread-1] INFO  server.RaftServerConfigKeys (ConfUtils.java:logGet(46)) - raft.server.log.queue.byte-limit = 4294967296 (custom)
2023-05-03 09:47:24,686 [pool-492-thread-1] INFO  server.RaftServerConfigKeys (ConfUtils.java:logGet(46)) - raft.server.log.queue.element-limit = 1024 (custom)
2023-05-03 09:47:24,686 [EventQueue-OpenPipelineForHealthyPipelineSafeModeRule] INFO  safemode.SCMSafeModeManager (SCMSafeModeManager.java:exitSafeMode(244)) - SCM exiting safe mode.
2023-05-03 09:47:24,686 [EventQueue-OpenPipelineForHealthyPipelineSafeModeRule] INFO  ha.SCMContext (SCMContext.java:updateSafeModeStatus(228)) - Update SafeModeStatus from SafeModeStatus{safeModeStatus=true, preCheckPassed=true} to SafeModeStatus{safeModeStatus=false, preCheckPassed=true}.
2023-05-03 09:47:24,686 [EventQueue-OpenPipelineForHealthyPipelineSafeModeRule] INFO  pipeline.BackgroundPipelineCreator (BackgroundPipelineCreator.java:notifyStatusChanged(254)) - Service BackgroundPipelineCreator transitions to RUNNING.
2023-05-03 09:47:24,686 [pool-492-thread-1] INFO  server.RaftServerConfigKeys (ConfUtils.java:logGet(46)) - raft.server.log.segment.size.max = 1048576 (custom)
2023-05-03 09:47:24,686 [EventQueue-OpenPipelineForHealthyPipelineSafeModeRule] INFO  BackgroundPipelineScrubber (BackgroundSCMService.java:notifyStatusChanged(82)) - Service BackgroundPipelineScrubber transitions to RUNNING.
2023-05-03 09:47:24,686 [pool-492-thread-1] INFO  server.RaftServerConfigKeys (ConfUtils.java:logGet(46)) - raft.server.log.preallocated.size = 16384 (custom)
2023-05-03 09:47:24,686 [EventQueue-OpenPipelineForHealthyPipelineSafeModeRule] INFO  ExpiredContainerReplicaOpScrubber (BackgroundSCMService.java:notifyStatusChanged(82)) - Service ExpiredContainerReplicaOpScrubber transitions to RUNNING.
2023-05-03 09:47:24,686 [pool-492-thread-1] INFO  server.RaftServerConfigKeys (ConfUtils.java:logGet(46)) - raft.server.log.force.sync.num = 128 (default)
2023-05-03 09:47:24,686 [EventQueue-OpenPipelineForHealthyPipelineSafeModeRule] INFO  replication.ReplicationManager (ReplicationManager.java:notifyStatusChanged(1367)) - Service ReplicationManager transitions to RUNNING.
2023-05-03 09:47:24,686 [pool-492-thread-1] INFO  server.RaftServerConfigKeys (ConfUtils.java:logGet(46)) - raft.server.log.statemachine.data.sync = true (default)
2023-05-03 09:47:24,686 [pool-492-thread-1] INFO  server.RaftServerConfigKeys (ConfUtils.java:logGet(46)) - raft.server.log.statemachine.data.sync.timeout = 10s (default)
2023-05-03 09:47:24,686 [EventQueue-OpenPipelineForHealthyPipelineSafeModeRule] WARN  balancer.ContainerBalancer (ContainerBalancer.java:shouldRun(132)) - Could not find persisted configuration for ContainerBalancer when checking if ContainerBalancer should run. ContainerBalancer should not run now.
2023-05-03 09:47:24,686 [pool-492-thread-1] INFO  server.RaftServerConfigKeys (ConfUtils.java:logGet(46)) - raft.server.log.statemachine.data.sync.timeout.retry = -1 (default)
2023-05-03 09:47:24,687 [pool-492-thread-1] INFO  server.RaftServerConfigKeys (ConfUtils.java:logGet(46)) - raft.server.log.write.buffer.size = 1048576 (custom)
2023-05-03 09:47:24,687 [pool-492-thread-1] INFO  server.RaftServerConfigKeys (ConfUtils.java:logGet(46)) - raft.server.log.appender.buffer.byte-limit = 33554432 (custom)
2023-05-03 09:47:24,690 [pool-492-thread-1] INFO  server.RaftServerConfigKeys (ConfUtils.java:logGet(46)) - raft.server.log.unsafe-flush.enabled = false (default)
2023-05-03 09:47:24,690 [pool-492-thread-1] INFO  server.RaftServerConfigKeys (ConfUtils.java:logGet(46)) - raft.server.log.async-flush.enabled = false (default)
2023-05-03 09:47:24,690 [pool-492-thread-1] INFO  server.RaftServerConfigKeys (ConfUtils.java:logGet(46)) - raft.server.log.statemachine.data.caching.enabled = true (custom)
2023-05-03 09:47:24,690 [pool-492-thread-1] INFO  segmented.SegmentedRaftLogWorker (SegmentedRaftLogWorker.java:lambda$new$0(135)) - 68693b0e-2f4c-4a89-80c2-94047391ad79@group-947AD41A47CB-SegmentedRaftLogWorker: flushIndex: setUnconditionally 0 -> -1
2023-05-03 09:47:24,690 [pool-492-thread-1] INFO  segmented.SegmentedRaftLogWorker (SegmentedRaftLogWorker.java:lambda$new$0(135)) - 68693b0e-2f4c-4a89-80c2-94047391ad79@group-947AD41A47CB-SegmentedRaftLogWorker: safeCacheEvictIndex: setUnconditionally 0 -> -1
2023-05-03 09:47:24,690 [pool-492-thread-1] INFO  server.RaftServer$Division (RaftServerImpl.java:start(334)) - 68693b0e-2f4c-4a89-80c2-94047391ad79@group-947AD41A47CB: start as a follower, conf=-1: peers:[68693b0e-2f4c-4a89-80c2-94047391ad79|rpc:10.1.0.194:42901|dataStream:10.1.0.194:35559|priority:1|startupRole:FOLLOWER]|listeners:[], old=null
2023-05-03 09:47:24,690 [pool-492-thread-1] INFO  server.RaftServer$Division (RaftServerImpl.java:setRole(321)) - 68693b0e-2f4c-4a89-80c2-94047391ad79@group-947AD41A47CB: changes role from      null to FOLLOWER at term 0 for startAsFollower
2023-05-03 09:47:24,690 [pool-492-thread-1] INFO  impl.RoleInfo (RoleInfo.java:updateAndGet(139)) - 68693b0e-2f4c-4a89-80c2-94047391ad79: start 68693b0e-2f4c-4a89-80c2-94047391ad79@group-947AD41A47CB-FollowerState
2023-05-03 09:47:24,691 [pool-492-thread-1] INFO  util.JmxRegister (JmxRegister.java:tryRegister(44)) - Successfully registered JMX Bean with object name Ratis:service=RaftServer,group=group-947AD41A47CB,id=68693b0e-2f4c-4a89-80c2-94047391ad79
2023-05-03 09:47:24,691 [68693b0e-2f4c-4a89-80c2-94047391ad79@group-947AD41A47CB-FollowerState] INFO  server.RaftServerConfigKeys (ConfUtils.java:logFallback(53)) - raft.server.rpc.first-election.timeout.min = 5s (fallback to raft.server.rpc.timeout.min)
2023-05-03 09:47:24,691 [pool-492-thread-1] INFO  server.RaftServerConfigKeys (ConfUtils.java:logGet(46)) - raft.server.snapshot.auto.trigger.enabled = true (custom)
2023-05-03 09:47:24,691 [68693b0e-2f4c-4a89-80c2-94047391ad79@group-947AD41A47CB-FollowerState] INFO  server.RaftServerConfigKeys (ConfUtils.java:logFallback(53)) - raft.server.rpc.first-election.timeout.max = 5200ms (fallback to raft.server.rpc.timeout.max)
2023-05-03 09:47:24,691 [pool-492-thread-1] INFO  server.RaftServerConfigKeys (ConfUtils.java:logGet(46)) - raft.server.snapshot.auto.trigger.threshold = 10000 (custom)
2023-05-03 09:47:24,691 [pool-492-thread-1] INFO  server.RaftServerConfigKeys (ConfUtils.java:logGet(46)) - raft.server.snapshot.retention.file.num = 5 (custom)
2023-05-03 09:47:24,691 [pool-492-thread-1] INFO  server.RaftServerConfigKeys (ConfUtils.java:logGet(46)) - raft.server.log.purge.upto.snapshot.index = false (default)
2023-05-03 09:47:24,692 [Command processor thread] INFO  ratis.XceiverServerRatis (XceiverServerRatis.java:addGroup(806)) - Created group PipelineID=ef0126e6-8076-4343-9408-947ad41a47cb
2023-05-03 09:47:24,692 [Command processor thread] INFO  commandhandler.CreatePipelineCommandHandler (CreatePipelineCommandHandler.java:handle(113)) - Created Pipeline RATIS ONE PipelineID=ef0126e6-8076-4343-9408-947ad41a47cb.
2023-05-03 09:47:25,676 [Listener at 127.0.0.1/34771] INFO  ozone.MiniOzoneClusterImpl (MiniOzoneClusterImpl.java:lambda$waitForClusterToBeReady$0(223)) - Nodes are ready. Got 1 of 1 DN Heartbeats.
2023-05-03 09:47:25,676 [Listener at 127.0.0.1/34771] INFO  ozone.MiniOzoneClusterImpl (MiniOzoneClusterImpl.java:lambda$waitForClusterToBeReady$0(226)) - Cluster exits safe mode
2023-05-03 09:47:25,676 [Listener at 127.0.0.1/34771] INFO  ozone.MiniOzoneClusterImpl (MiniOzoneClusterImpl.java:lambda$waitForClusterToBeReady$0(228)) - SCM became leader
2023-05-03 09:47:25,698 [Listener at 127.0.0.1/34771] INFO  rpc.RpcClient (RpcClient.java:createVolume(476)) - Creating Volume: volume23590, with user09070 as owner and space quota set to -1 bytes, counts quota set to -1
2023-05-03 09:47:25,705 [OM StateMachine ApplyTransaction Thread - 0] INFO  volume.OMVolumeCreateRequest (OMVolumeCreateRequest.java:validateAndUpdateCache(195)) - created volume:volume23590 for user:user09070
2023-05-03 09:47:25,713 [Listener at 127.0.0.1/34771] INFO  rpc.RpcClient (RpcClient.java:createBucket(697)) - Creating Bucket: volume23590/bucket05320, with bucket layout LEGACY, runner as owner, Versioning false, Storage Type set to DISK and Encryption set to false, Replication Type set to server-side default replication type, Namespace Quota set to -1, Space Quota set to -1 
2023-05-03 09:47:25,716 [OM StateMachine ApplyTransaction Thread - 0] INFO  bucket.OMBucketCreateRequest (OMBucketCreateRequest.java:validateAndUpdateCache(270)) - created bucket: bucket05320 of layout LEGACY in volume: volume23590
2023-05-03 09:47:25,728 [IPC Server handler 1 on default port 44919] INFO  ha.SequenceIdGenerator (SequenceIdGenerator.java:getNextId(128)) - Allocate a batch for containerId, change lastId from 0 to 1000.
2023-05-03 09:47:25,728 [IPC Server handler 1 on default port 44919] WARN  ha.SequenceIdGenerator (SequenceIdGenerator.java:allocateBatch(237)) - Failed to allocate a batch for localId, expected lastId is 0, actual lastId is 111677748019200000.
2023-05-03 09:47:25,728 [IPC Server handler 1 on default port 44919] INFO  ha.SequenceIdGenerator (SequenceIdGenerator.java:getNextId(128)) - Allocate a batch for localId, change lastId from 111677748019200000 to 111677748019201000.
2023-05-03 09:47:29,738 [68693b0e-2f4c-4a89-80c2-94047391ad79@group-947AD41A47CB-FollowerState] INFO  impl.FollowerState (FollowerState.java:run(143)) - 68693b0e-2f4c-4a89-80c2-94047391ad79@group-947AD41A47CB-FollowerState: change to CANDIDATE, lastRpcElapsedTime:5047457496ns, electionTimeout:5047ms
2023-05-03 09:47:29,738 [68693b0e-2f4c-4a89-80c2-94047391ad79@group-947AD41A47CB-FollowerState] INFO  impl.RoleInfo (RoleInfo.java:shutdownFollowerState(110)) - 68693b0e-2f4c-4a89-80c2-94047391ad79: shutdown 68693b0e-2f4c-4a89-80c2-94047391ad79@group-947AD41A47CB-FollowerState
2023-05-03 09:47:29,738 [68693b0e-2f4c-4a89-80c2-94047391ad79@group-947AD41A47CB-FollowerState] INFO  server.RaftServer$Division (RaftServerImpl.java:setRole(321)) - 68693b0e-2f4c-4a89-80c2-94047391ad79@group-947AD41A47CB: changes role from  FOLLOWER to CANDIDATE at term 0 for changeToCandidate
2023-05-03 09:47:29,738 [68693b0e-2f4c-4a89-80c2-94047391ad79@group-947AD41A47CB-FollowerState] INFO  server.RaftServerConfigKeys (ConfUtils.java:logGet(46)) - raft.server.leaderelection.pre-vote = true (default)
2023-05-03 09:47:29,738 [68693b0e-2f4c-4a89-80c2-94047391ad79@group-947AD41A47CB-FollowerState] INFO  impl.RoleInfo (RoleInfo.java:updateAndGet(139)) - 68693b0e-2f4c-4a89-80c2-94047391ad79: start 68693b0e-2f4c-4a89-80c2-94047391ad79@group-947AD41A47CB-LeaderElection19
2023-05-03 09:47:29,739 [68693b0e-2f4c-4a89-80c2-94047391ad79@group-947AD41A47CB-LeaderElection19] INFO  impl.LeaderElection (LeaderElection.java:askForVotes(312)) - 68693b0e-2f4c-4a89-80c2-94047391ad79@group-947AD41A47CB-LeaderElection19 PRE_VOTE round 0: submit vote requests at term 0 for -1: peers:[68693b0e-2f4c-4a89-80c2-94047391ad79|rpc:10.1.0.194:42901|dataStream:10.1.0.194:35559|priority:1|startupRole:FOLLOWER]|listeners:[], old=null
2023-05-03 09:47:29,739 [68693b0e-2f4c-4a89-80c2-94047391ad79@group-947AD41A47CB-LeaderElection19] INFO  impl.LeaderElection (LeaderElection.java:askForVotes(314)) - 68693b0e-2f4c-4a89-80c2-94047391ad79@group-947AD41A47CB-LeaderElection19 PRE_VOTE round 0: result PASSED (term=0)
2023-05-03 09:47:29,741 [68693b0e-2f4c-4a89-80c2-94047391ad79@group-947AD41A47CB-LeaderElection19] INFO  impl.LeaderElection (LeaderElection.java:askForVotes(312)) - 68693b0e-2f4c-4a89-80c2-94047391ad79@group-947AD41A47CB-LeaderElection19 ELECTION round 0: submit vote requests at term 1 for -1: peers:[68693b0e-2f4c-4a89-80c2-94047391ad79|rpc:10.1.0.194:42901|dataStream:10.1.0.194:35559|priority:1|startupRole:FOLLOWER]|listeners:[], old=null
2023-05-03 09:47:29,741 [68693b0e-2f4c-4a89-80c2-94047391ad79@group-947AD41A47CB-LeaderElection19] INFO  impl.LeaderElection (LeaderElection.java:askForVotes(314)) - 68693b0e-2f4c-4a89-80c2-94047391ad79@group-947AD41A47CB-LeaderElection19 ELECTION round 0: result PASSED (term=1)
2023-05-03 09:47:29,741 [68693b0e-2f4c-4a89-80c2-94047391ad79@group-947AD41A47CB-LeaderElection19] INFO  impl.RoleInfo (RoleInfo.java:shutdownLeaderElection(130)) - 68693b0e-2f4c-4a89-80c2-94047391ad79: shutdown 68693b0e-2f4c-4a89-80c2-94047391ad79@group-947AD41A47CB-LeaderElection19
2023-05-03 09:47:29,741 [68693b0e-2f4c-4a89-80c2-94047391ad79@group-947AD41A47CB-LeaderElection19] INFO  server.RaftServer$Division (RaftServerImpl.java:setRole(321)) - 68693b0e-2f4c-4a89-80c2-94047391ad79@group-947AD41A47CB: changes role from CANDIDATE to LEADER at term 1 for changeToLeader
2023-05-03 09:47:29,741 [68693b0e-2f4c-4a89-80c2-94047391ad79@group-947AD41A47CB-LeaderElection19] INFO  ratis.XceiverServerRatis (XceiverServerRatis.java:handleLeaderChangedNotification(904)) - Leader change notification received for group: group-947AD41A47CB with new leaderId: 68693b0e-2f4c-4a89-80c2-94047391ad79
2023-05-03 09:47:29,742 [68693b0e-2f4c-4a89-80c2-94047391ad79@group-947AD41A47CB-LeaderElection19] INFO  server.RaftServer$Division (ServerState.java:setLeader(313)) - 68693b0e-2f4c-4a89-80c2-94047391ad79@group-947AD41A47CB: change Leader from null to 68693b0e-2f4c-4a89-80c2-94047391ad79 at term 1 for becomeLeader, leader elected after 5062ms
2023-05-03 09:47:29,742 [68693b0e-2f4c-4a89-80c2-94047391ad79@group-947AD41A47CB-LeaderElection19] INFO  server.RaftServerConfigKeys (ConfUtils.java:logGet(46)) - raft.server.staging.catchup.gap = 1000 (default)
2023-05-03 09:47:29,743 [68693b0e-2f4c-4a89-80c2-94047391ad79@group-947AD41A47CB-LeaderElection19] INFO  server.RaftServerConfigKeys (ConfUtils.java:logGet(46)) - raft.server.write.element-limit = 1024 (custom)
2023-05-03 09:47:29,743 [68693b0e-2f4c-4a89-80c2-94047391ad79@group-947AD41A47CB-LeaderElection19] INFO  server.RaftServerConfigKeys (ConfUtils.java:logGet(46)) - raft.server.write.byte-limit = 1024 M (=1073741824) (custom)
2023-05-03 09:47:29,743 [68693b0e-2f4c-4a89-80c2-94047391ad79@group-947AD41A47CB-LeaderElection19] INFO  server.RaftServerConfigKeys (ConfUtils.java:logGet(46)) - raft.server.watch.timeout = 180s (custom)
2023-05-03 09:47:29,743 [68693b0e-2f4c-4a89-80c2-94047391ad79@group-947AD41A47CB-LeaderElection19] INFO  server.RaftServerConfigKeys (ConfUtils.java:logGet(46)) - raft.server.watch.timeout.denomination = 1s (default)
2023-05-03 09:47:29,743 [68693b0e-2f4c-4a89-80c2-94047391ad79@group-947AD41A47CB-LeaderElection19] INFO  server.RaftServerConfigKeys (ConfUtils.java:logGet(46)) - raft.server.watch.element-limit = 65536 (default)
2023-05-03 09:47:29,743 [68693b0e-2f4c-4a89-80c2-94047391ad79@group-947AD41A47CB-LeaderElection19] INFO  server.RaftServerConfigKeys (ConfUtils.java:logGet(46)) - raft.server.write.element-limit = 1024 (custom)
2023-05-03 09:47:29,743 [68693b0e-2f4c-4a89-80c2-94047391ad79@group-947AD41A47CB-LeaderElection19] INFO  server.RaftServerConfigKeys (ConfUtils.java:logGet(46)) - raft.server.write.follower.gap.ratio.max = -1.0 (default)
2023-05-03 09:47:29,743 [68693b0e-2f4c-4a89-80c2-94047391ad79@group-947AD41A47CB-LeaderElection19] INFO  impl.RoleInfo (RoleInfo.java:updateAndGet(139)) - 68693b0e-2f4c-4a89-80c2-94047391ad79: start 68693b0e-2f4c-4a89-80c2-94047391ad79@group-947AD41A47CB-LeaderStateImpl
2023-05-03 09:47:29,743 [68693b0e-2f4c-4a89-80c2-94047391ad79@group-947AD41A47CB-LeaderElection19] INFO  segmented.SegmentedRaftLogWorker (SegmentedRaftLogWorker.java:startLogSegment(452)) - 68693b0e-2f4c-4a89-80c2-94047391ad79@group-947AD41A47CB-SegmentedRaftLogWorker: Starting segment from index:0
2023-05-03 09:47:29,744 [68693b0e-2f4c-4a89-80c2-94047391ad79@group-947AD41A47CB-SegmentedRaftLogWorker] INFO  segmented.SegmentedRaftLogWorker (SegmentedRaftLogWorker.java:execute(656)) - 68693b0e-2f4c-4a89-80c2-94047391ad79@group-947AD41A47CB-SegmentedRaftLogWorker: created new log segment /home/runner/work/ozone/ozone/hadoop-ozone/integration-test/target/test-dir/MiniOzoneClusterImpl-708e774c-e924-4713-8845-492707bb8e08/datanode-0/data/ratis/ef0126e6-8076-4343-9408-947ad41a47cb/current/log_inprogress_0
2023-05-03 09:47:29,745 [68693b0e-2f4c-4a89-80c2-94047391ad79@group-947AD41A47CB-LeaderElection19] INFO  server.RaftServer$Division (ServerState.java:setRaftConf(430)) - 68693b0e-2f4c-4a89-80c2-94047391ad79@group-947AD41A47CB: set configuration 0: peers:[68693b0e-2f4c-4a89-80c2-94047391ad79|rpc:10.1.0.194:42901|dataStream:10.1.0.194:35559|priority:1|startupRole:FOLLOWER]|listeners:[], old=null
2023-05-03 09:47:31,879 [Listener at 127.0.0.1/34771] INFO  server.SCMDatanodeProtocolServer (SCMDatanodeProtocolServer.java:stop(424)) - Stopping the RPC server for DataNodes
2023-05-03 09:47:31,879 [Listener at 127.0.0.1/34771] INFO  ipc.Server (Server.java:stop(3501)) - Stopping server on 33365
2023-05-03 09:47:31,881 [IPC Server listener on 0] INFO  ipc.Server (Server.java:run(1430)) - Stopping IPC Server listener on 0
2023-05-03 09:47:31,882 [IPC Server Responder] INFO  ipc.Server (Server.java:run(1563)) - Stopping IPC Server Responder
2023-05-03 09:47:32,807 [EndpointStateMachine task thread for /0.0.0.0:33365 - 0 ] WARN  statemachine.EndpointStateMachine (EndpointStateMachine.java:logIfNeeded(242)) - Unable to communicate to SCM server at 0.0.0.0:33365 for past 0 seconds.
java.io.EOFException: End of File Exception between local host is: "fv-az139-793/10.1.0.194"; destination host is: "0.0.0.0":33365; : java.io.EOFException; For more details see:  http://wiki.apache.org/hadoop/EOFException
	at sun.reflect.NativeConstructorAccessorImpl.newInstance0(Native Method)
	at sun.reflect.NativeConstructorAccessorImpl.newInstance(NativeConstructorAccessorImpl.java:62)
	at sun.reflect.DelegatingConstructorAccessorImpl.newInstance(DelegatingConstructorAccessorImpl.java:45)
	at java.lang.reflect.Constructor.newInstance(Constructor.java:423)
	at org.apache.hadoop.net.NetUtils.wrapWithMessage(NetUtils.java:930)
	at org.apache.hadoop.net.NetUtils.wrapException(NetUtils.java:879)
	at org.apache.hadoop.ipc.Client.getRpcResponse(Client.java:1588)
	at org.apache.hadoop.ipc.Client.call(Client.java:1530)
	at org.apache.hadoop.ipc.Client.call(Client.java:1427)
	at org.apache.hadoop.ipc.ProtobufRpcEngine$Invoker.invoke(ProtobufRpcEngine.java:250)
	at org.apache.hadoop.ipc.ProtobufRpcEngine$Invoker.invoke(ProtobufRpcEngine.java:132)
	at com.sun.proxy.$Proxy54.submitRequest(Unknown Source)
	at org.apache.hadoop.ozone.protocolPB.StorageContainerDatanodeProtocolClientSideTranslatorPB.submitRequest(StorageContainerDatanodeProtocolClientSideTranslatorPB.java:117)
	at org.apache.hadoop.ozone.protocolPB.StorageContainerDatanodeProtocolClientSideTranslatorPB.sendHeartbeat(StorageContainerDatanodeProtocolClientSideTranslatorPB.java:149)
	at org.apache.hadoop.ozone.container.common.states.endpoint.HeartbeatEndpointTask.call(HeartbeatEndpointTask.java:185)
	at org.apache.hadoop.ozone.container.common.states.endpoint.HeartbeatEndpointTask.call(HeartbeatEndpointTask.java:87)
	at java.util.concurrent.FutureTask.run(FutureTask.java:266)
	at java.util.concurrent.ThreadPoolExecutor.runWorker(ThreadPoolExecutor.java:1149)
	at java.util.concurrent.ThreadPoolExecutor$Worker.run(ThreadPoolExecutor.java:624)
	at java.lang.Thread.run(Thread.java:750)
Caused by: java.io.EOFException
	at java.io.DataInputStream.readInt(DataInputStream.java:392)
	at org.apache.hadoop.ipc.Client$IpcStreams.readResponse(Client.java:1923)
	at org.apache.hadoop.ipc.Client$Connection.receiveRpcResponse(Client.java:1204)
	at org.apache.hadoop.ipc.Client$Connection.run(Client.java:1095)
2023-05-03 09:47:34,536 [SCM Heartbeat Processing Thread - 0] WARN  node.NodeStateManager (NodeStateManager.java:scheduleNextHealthCheck(870)) - Current Thread is interrupted, shutting down HB processing thread for Node Manager.
2023-05-03 09:47:34,536 [Listener at 127.0.0.1/34771] INFO  ozone.TestStorageContainerManager (TestStorageContainerManager.java:testCloseContainerCommandOnRestart(791)) - Current Container State is OPEN
2023-05-03 09:47:34,537 [Listener at 127.0.0.1/34771] INFO  ozone.MiniOzoneClusterImpl (MiniOzoneClusterImpl.java:restartStorageContainerManager(357)) - Restarting SCM in cluster class org.apache.hadoop.ozone.MiniOzoneClusterImpl
2023-05-03 09:47:34,537 [Listener at 127.0.0.1/34771] INFO  server.StorageContainerManager (StorageContainerManager.java:stop(1578)) - Container Balancer is not running.
2023-05-03 09:47:34,537 [Listener at 127.0.0.1/34771] INFO  server.StorageContainerManager (StorageContainerManager.java:stopReplicationManager(1709)) - Stopping Replication Manager Service.
2023-05-03 09:47:34,537 [Listener at 127.0.0.1/34771] INFO  replication.ReplicationManager (ReplicationManager.java:stop(324)) - Stopping Replication Monitor Thread.
2023-05-03 09:47:34,537 [Listener at 127.0.0.1/34771] INFO  server.StorageContainerManager (StorageContainerManager.java:stop(1587)) - Stopping the Datanode Admin Monitor.
2023-05-03 09:47:34,537 [Under Replicated Processor] WARN  replication.UnhealthyReplicationProcessor (UnhealthyReplicationProcessor.java:run(167)) - Under Replicated Processor interrupted. Exiting...
2023-05-03 09:47:34,537 [Listener at 127.0.0.1/34771] INFO  server.StorageContainerManager (StorageContainerManager.java:stop(1594)) - Stopping datanode service RPC server
2023-05-03 09:47:34,537 [Listener at 127.0.0.1/34771] INFO  server.SCMDatanodeProtocolServer (SCMDatanodeProtocolServer.java:stop(424)) - Stopping the RPC server for DataNodes
2023-05-03 09:47:34,537 [Listener at 127.0.0.1/34771] INFO  ipc.Server (Server.java:stop(3501)) - Stopping server on 33365
2023-05-03 09:47:34,537 [Listener at 127.0.0.1/34771] INFO  server.StorageContainerManager (StorageContainerManager.java:stop(1602)) - Stopping block service RPC server
2023-05-03 09:47:34,537 [Listener at 127.0.0.1/34771] INFO  server.SCMBlockProtocolServer (SCMBlockProtocolServer.java:stop(161)) - Stopping the RPC server for Block Protocol
2023-05-03 09:47:34,537 [Listener at 127.0.0.1/34771] INFO  ipc.Server (Server.java:stop(3501)) - Stopping server on 44919
2023-05-03 09:47:34,537 [Over Replicated Processor] WARN  replication.UnhealthyReplicationProcessor (UnhealthyReplicationProcessor.java:run(167)) - Over Replicated Processor interrupted. Exiting...
2023-05-03 09:47:34,537 [ReplicationMonitor] INFO  replication.ReplicationManager (ReplicationManager.java:run(934)) - Replication Monitor Thread is stopped
2023-05-03 09:47:34,539 [IPC Server listener on 0] INFO  ipc.Server (Server.java:run(1430)) - Stopping IPC Server listener on 0
2023-05-03 09:47:34,540 [IPC Server Responder] INFO  ipc.Server (Server.java:run(1563)) - Stopping IPC Server Responder
2023-05-03 09:47:34,540 [Listener at 127.0.0.1/34771] INFO  server.StorageContainerManager (StorageContainerManager.java:stop(1609)) - Stopping the StorageContainerLocationProtocol RPC server
2023-05-03 09:47:34,540 [Listener at 127.0.0.1/34771] INFO  server.SCMClientProtocolServer (SCMClientProtocolServer.java:stop(208)) - Stopping the RPC server for Client Protocol
2023-05-03 09:47:34,540 [Listener at 127.0.0.1/34771] INFO  ipc.Server (Server.java:stop(3501)) - Stopping server on 36985
2023-05-03 09:47:34,543 [IPC Server Responder] INFO  ipc.Server (Server.java:run(1563)) - Stopping IPC Server Responder
2023-05-03 09:47:34,543 [IPC Server listener on 0] INFO  ipc.Server (Server.java:run(1430)) - Stopping IPC Server listener on 0
2023-05-03 09:47:34,544 [Listener at 127.0.0.1/34771] INFO  server.StorageContainerManager (StorageContainerManager.java:stop(1616)) - Stopping Storage Container Manager HTTP server.
2023-05-03 09:47:34,545 [Listener at 127.0.0.1/34771] INFO  handler.ContextHandler (ContextHandler.java:doStop(1159)) - Stopped o.e.j.w.WebAppContext@3e01b53f{scm,/,null,STOPPED}{file:/home/runner/work/ozone/ozone/hadoop-ozone/integration-test/target/test-classes/webapps/scm}
2023-05-03 09:47:34,545 [Listener at 127.0.0.1/34771] INFO  server.AbstractConnector (AbstractConnector.java:doStop(383)) - Stopped ServerConnector@23fb0e4b{HTTP/1.1, (http/1.1)}{0.0.0.0:0}
2023-05-03 09:47:34,545 [Listener at 127.0.0.1/34771] INFO  server.session (HouseKeeper.java:stopScavenging(149)) - node0 Stopped scavenging
2023-05-03 09:47:34,546 [Listener at 127.0.0.1/34771] INFO  handler.ContextHandler (ContextHandler.java:doStop(1159)) - Stopped o.e.j.s.ServletContextHandler@efcb9eb{static,/static,file:///home/runner/work/ozone/ozone/hadoop-ozone/integration-test/target/test-classes/webapps/static,STOPPED}
2023-05-03 09:47:34,546 [Listener at 127.0.0.1/34771] INFO  handler.ContextHandler (ContextHandler.java:doStop(1159)) - Stopped o.e.j.s.ServletContextHandler@67603c31{logs,/logs,file:///home/runner/work/ozone/ozone/hadoop-ozone/integration-test/target/log,STOPPED}
2023-05-03 09:47:34,546 [Listener at 127.0.0.1/34771] INFO  server.StorageContainerManager (StorageContainerManager.java:stop(1624)) - Stopping SCM LayoutVersionManager Service.
2023-05-03 09:47:34,546 [Listener at 127.0.0.1/34771] INFO  server.StorageContainerManager (StorageContainerManager.java:stop(1632)) - Stopping Block Manager Service.
2023-05-03 09:47:34,546 [Listener at 127.0.0.1/34771] INFO  utils.BackgroundService (BackgroundService.java:shutdown(141)) - Shutting down service SCMBlockDeletingService
2023-05-03 09:47:34,547 [Listener at 127.0.0.1/34771] INFO  utils.BackgroundService (BackgroundService.java:shutdown(141)) - Shutting down service SCMBlockDeletingService
2023-05-03 09:47:34,547 [Listener at 127.0.0.1/34771] INFO  server.StorageContainerManager (StorageContainerManager.java:stop(1654)) - Stopping SCM Event Queue.
2023-05-03 09:47:34,547 [Listener at 127.0.0.1/34771] INFO  server.StorageContainerManager (StorageContainerManager.java:stop(1665)) - Stopping SCM HA services.
2023-05-03 09:47:34,548 [Listener at 127.0.0.1/34771] INFO  pipeline.BackgroundPipelineCreator (BackgroundPipelineCreator.java:stop(149)) - Stopping RatisPipelineUtilsThread.
2023-05-03 09:47:34,548 [RatisPipelineUtilsThread - 0] WARN  pipeline.BackgroundPipelineCreator (BackgroundPipelineCreator.java:run(180)) - RatisPipelineUtilsThread is interrupted.
2023-05-03 09:47:34,548 [BackgroundPipelineScrubberThread] WARN  BackgroundPipelineScrubber (BackgroundSCMService.java:run(115)) - BackgroundPipelineScrubber is interrupted, exit
2023-05-03 09:47:34,548 [Listener at 127.0.0.1/34771] INFO  BackgroundPipelineScrubber (BackgroundSCMService.java:stop(131)) - Stopping BackgroundPipelineScrubber Service.
2023-05-03 09:47:34,548 [Listener at 127.0.0.1/34771] INFO  impl.MetricsSystemImpl (MetricsSystemImpl.java:stop(210)) - Stopping HddsDatanode metrics system...
2023-05-03 09:47:34,555 [prometheus] INFO  impl.MetricsSinkAdapter (MetricsSinkAdapter.java:publishMetricsFromQueue(141)) - prometheus thread interrupted.
2023-05-03 09:47:34,555 [Listener at 127.0.0.1/34771] INFO  impl.MetricsSystemImpl (MetricsSystemImpl.java:stop(216)) - HddsDatanode metrics system stopped.
2023-05-03 09:47:34,555 [Listener at 127.0.0.1/34771] WARN  pipeline.BackgroundPipelineCreator (BackgroundPipelineCreator.java:stop(145)) - RatisPipelineUtilsThread is not running, just ignore.
2023-05-03 09:47:34,555 [Listener at 127.0.0.1/34771] INFO  BackgroundPipelineScrubber (BackgroundSCMService.java:stop(126)) - BackgroundPipelineScrubber Service is not running, skip stop.
2023-05-03 09:47:34,555 [Listener at 127.0.0.1/34771] INFO  ExpiredContainerReplicaOpScrubber (BackgroundSCMService.java:stop(131)) - Stopping ExpiredContainerReplicaOpScrubber Service.
2023-05-03 09:47:34,555 [ExpiredContainerReplicaOpScrubberThread] WARN  ExpiredContainerReplicaOpScrubber (BackgroundSCMService.java:run(115)) - ExpiredContainerReplicaOpScrubber is interrupted, exit
2023-05-03 09:47:34,555 [Listener at 127.0.0.1/34771] INFO  utils.BackgroundService (BackgroundService.java:shutdown(141)) - Shutting down service SCMBlockDeletingService
2023-05-03 09:47:34,555 [Listener at 127.0.0.1/34771] INFO  replication.ReplicationManager (ReplicationManager.java:stop(334)) - Replication Monitor Thread is not running.
2023-05-03 09:47:34,555 [Listener at 127.0.0.1/34771] WARN  balancer.ContainerBalancer (ContainerBalancer.java:stop(324)) - Cannot stop Container Balancer because it's not running or stopping
2023-05-03 09:47:34,555 [Listener at 127.0.0.1/34771] INFO  server.StorageContainerManager (StorageContainerManager.java:stop(1700)) - Stopping SCM MetadataStore.
2023-05-03 09:47:34,556 [Listener at 127.0.0.1/34771] WARN  server.ServerUtils (ServerUtils.java:getScmDbDir(148)) - ozone.scm.db.dirs is not configured. We recommend adding this setting. Falling back to ozone.metadata.dirs instead.
2023-05-03 09:47:34,557 [Listener at 127.0.0.1/34771] INFO  ha.SCMHANodeDetails (SCMHANodeDetails.java:loadSCMHAConfig(209)) - ServiceID for StorageContainerManager is null
2023-05-03 09:47:34,557 [Listener at 127.0.0.1/34771] INFO  ha.SCMHANodeDetails (SCMHANodeDetails.java:loadSCMHAConfig(214)) - ozone.scm.default.service.id is not defined, falling back to ozone.scm.service.ids to find serviceID for StorageContainerManager if it is HA enabled cluster
2023-05-03 09:47:34,557 [Listener at 127.0.0.1/34771] WARN  utils.HAUtils (HAUtils.java:getMetaDir(350)) - ozone.scm.db.dirs is not configured. We recommend adding this setting. Falling back to ozone.metadata.dirs instead.
2023-05-03 09:47:34,557 [Listener at 127.0.0.1/34771] WARN  db.DBStoreBuilder (DBStoreBuilder.java:applyDBDefinition(165)) - ozone.scm.db.dirs is not configured. We recommend adding this setting. Falling back to ozone.metadata.dirs instead.
2023-05-03 09:47:34,581 [Listener at 127.0.0.1/34771] INFO  net.NodeSchemaLoader (NodeSchemaLoader.java:loadSchemaFromFile(129)) - Loading schema from [jar:file:/home/runner/.m2/repository/org/apache/ozone/hdds-common/1.4.0-SNAPSHOT/hdds-common-1.4.0-SNAPSHOT.jar!/network-topology-default.xml]
2023-05-03 09:47:34,581 [Listener at 127.0.0.1/34771] INFO  net.NodeSchemaLoader (NodeSchemaLoader.java:loadSchema(176)) - Loading network topology layer schema file
2023-05-03 09:47:34,583 [Listener at 127.0.0.1/34771] INFO  upgrade.AbstractLayoutVersionManager (AbstractLayoutVersionManager.java:init(83)) - Initializing Layout version manager with metadata layout = WEBUI_PORTS_IN_DATANODEDETAILS (version = 6), software layout = WEBUI_PORTS_IN_DATANODEDETAILS (version = 6)
2023-05-03 09:47:34,627 [Listener at 127.0.0.1/34771] INFO  reflections.Reflections (Reflections.java:scan(232)) - Reflections took 43 ms to scan 7 urls, producing 156 keys and 369 values 
2023-05-03 09:47:34,629 [Listener at 127.0.0.1/34771] INFO  ha.SequenceIdGenerator (SequenceIdGenerator.java:<init>(220)) - Init the HA SequenceIdGenerator.
2023-05-03 09:47:34,634 [Listener at 127.0.0.1/34771] INFO  node.SCMNodeManager (SCMNodeManager.java:<init>(159)) - Entering startup safe mode.
2023-05-03 09:47:34,635 [Listener at 127.0.0.1/34771] INFO  algorithms.ContainerPlacementPolicyFactory (ContainerPlacementPolicyFactory.java:getPolicyInternal(86)) - Create container placement policy of type org.apache.hadoop.hdds.scm.container.placement.algorithms.SCMContainerPlacementRackAware
2023-05-03 09:47:34,635 [Listener at 127.0.0.1/34771] INFO  algorithms.ContainerPlacementPolicyFactory (ContainerPlacementPolicyFactory.java:getPolicyInternal(86)) - Create container placement policy of type org.apache.hadoop.hdds.scm.container.placement.algorithms.SCMContainerPlacementRackScatter
2023-05-03 09:47:34,636 [Listener at 127.0.0.1/34771] INFO  algorithms.LeaderChoosePolicyFactory (LeaderChoosePolicyFactory.java:getPolicy(57)) - Create leader choose policy of type org.apache.hadoop.hdds.scm.pipeline.leader.choose.algorithms.MinLeaderCountChoosePolicy
2023-05-03 09:47:34,636 [Listener at 127.0.0.1/34771] INFO  algorithms.ContainerPlacementPolicyFactory (ContainerPlacementPolicyFactory.java:getPolicyInternal(86)) - Create container placement policy of type org.apache.hadoop.hdds.scm.container.placement.algorithms.SCMContainerPlacementRackScatter
2023-05-03 09:47:34,636 [Listener at 127.0.0.1/34771] INFO  ha.SCMServiceManager (SCMServiceManager.java:register(42)) - Registering service BackgroundPipelineCreator.
2023-05-03 09:47:34,636 [Listener at 127.0.0.1/34771] INFO  pipeline.BackgroundPipelineCreator (BackgroundPipelineCreator.java:start(124)) - Starting RatisPipelineUtilsThread.
2023-05-03 09:47:34,637 [Listener at 127.0.0.1/34771] INFO  BackgroundPipelineScrubber (BackgroundSCMService.java:start(68)) - Starting BackgroundPipelineScrubber Service.
2023-05-03 09:47:34,637 [Listener at 127.0.0.1/34771] INFO  ha.SCMServiceManager (SCMServiceManager.java:register(42)) - Registering service BackgroundPipelineScrubber.
2023-05-03 09:47:34,637 [Listener at 127.0.0.1/34771] INFO  ExpiredContainerReplicaOpScrubber (BackgroundSCMService.java:start(68)) - Starting ExpiredContainerReplicaOpScrubber Service.
2023-05-03 09:47:34,637 [Listener at 127.0.0.1/34771] INFO  ha.SCMServiceManager (SCMServiceManager.java:register(42)) - Registering service ExpiredContainerReplicaOpScrubber.
2023-05-03 09:47:34,638 [Listener at 127.0.0.1/34771] INFO  algorithms.PipelineChoosePolicyFactory (PipelineChoosePolicyFactory.java:createPipelineChoosePolicyFromClass(73)) - Create pipeline choose policy of type org.apache.hadoop.hdds.scm.pipeline.choose.algorithms.RandomPipelineChoosePolicy
2023-05-03 09:47:34,639 [Listener at 127.0.0.1/34771] INFO  ha.SCMServiceManager (SCMServiceManager.java:register(42)) - Registering service SCMBlockDeletingService.
2023-05-03 09:47:34,639 [Listener at 127.0.0.1/34771] INFO  replication.ReplicationManager (ReplicationManager.java:start(291)) - Starting Replication Monitor Thread.
2023-05-03 09:47:34,642 [Listener at 127.0.0.1/34771] INFO  ha.SCMServiceManager (SCMServiceManager.java:register(42)) - Registering service ReplicationManager.
2023-05-03 09:47:34,643 [ReplicationMonitor] INFO  replication.ReplicationManager (ReplicationManager.java:processAll(366)) - Replication Manager is not ready to run until 3000ms after safemode exit
2023-05-03 09:47:34,643 [Listener at 127.0.0.1/34771] INFO  safemode.ContainerSafeModeRule (ContainerSafeModeRule.java:<init>(89)) - containers with one replica threshold count 0
2023-05-03 09:47:34,643 [Listener at 127.0.0.1/34771] INFO  safemode.HealthyPipelineSafeModeRule (HealthyPipelineSafeModeRule.java:initializeRule(169)) - Total pipeline count is 0, healthy pipeline threshold count is 0
2023-05-03 09:47:34,643 [Listener at 127.0.0.1/34771] INFO  safemode.OneReplicaPipelineSafeModeRule (OneReplicaPipelineSafeModeRule.java:initializeRule(180)) - Total pipeline count is 0, pipeline's with at least one datanode reported threshold count is 0
2023-05-03 09:47:34,643 [Listener at 127.0.0.1/34771] INFO  server.StorageContainerManager (StorageContainerManager.java:<init>(403)) - SCM start with adminUsers: [runner]
2023-05-03 09:47:34,644 [Listener at 127.0.0.1/34771] INFO  ipc.CallQueueManager (CallQueueManager.java:<init>(90)) - Using callQueue: class java.util.concurrent.LinkedBlockingQueue, queueCapacity: 2000, scheduler: class org.apache.hadoop.ipc.DefaultRpcScheduler, ipcBackoff: false.
2023-05-03 09:47:34,644 [Socket Reader #1 for port 33365] INFO  ipc.Server (Server.java:run(1319)) - Starting Socket Reader #1 for port 33365
2023-05-03 09:47:34,647 [Listener at 0.0.0.0/33365] INFO  ipc.CallQueueManager (CallQueueManager.java:<init>(90)) - Using callQueue: class java.util.concurrent.LinkedBlockingQueue, queueCapacity: 2000, scheduler: class org.apache.hadoop.ipc.DefaultRpcScheduler, ipcBackoff: false.
2023-05-03 09:47:34,647 [Socket Reader #1 for port 44919] INFO  ipc.Server (Server.java:run(1319)) - Starting Socket Reader #1 for port 44919
2023-05-03 09:47:34,652 [Listener at 0.0.0.0/44919] INFO  ipc.CallQueueManager (CallQueueManager.java:<init>(90)) - Using callQueue: class java.util.concurrent.LinkedBlockingQueue, queueCapacity: 2000, scheduler: class org.apache.hadoop.ipc.DefaultRpcScheduler, ipcBackoff: false.
2023-05-03 09:47:34,652 [Socket Reader #1 for port 36985] INFO  ipc.Server (Server.java:run(1319)) - Starting Socket Reader #1 for port 36985
2023-05-03 09:47:34,657 [Listener at 0.0.0.0/36985] INFO  ha.SCMServiceManager (SCMServiceManager.java:register(42)) - Registering service ContainerBalancer.
2023-05-03 09:47:34,657 [Listener at 0.0.0.0/36985] INFO  server.StorageContainerManager (StorageContainerManager.java:<init>(420)) - 
Container Balancer status:
Key                            Value
Running                        false
Container Balancer Configuration values:
Key                                                Value
Threshold                                          10
Max Datanodes to Involve per Iteration(percent)    20
Max Size to Move per Iteration                     500GB
Max Size Entering Target per Iteration             26GB
Max Size Leaving Source per Iteration              26GB

2023-05-03 09:47:34,658 [Listener at 0.0.0.0/36985] INFO  ha.SCMContext (SCMContext.java:updateSafeModeStatus(228)) - Update SafeModeStatus from SafeModeStatus{safeModeStatus=true, preCheckPassed=false} to SafeModeStatus{safeModeStatus=true, preCheckPassed=false}.
2023-05-03 09:47:34,658 [Listener at 0.0.0.0/36985] INFO  server.StorageContainerManager (StorageContainerManager.java:start(1477)) - StorageContainerLocationProtocol RPC server is listening at /0.0.0.0:36985
2023-05-03 09:47:34,659 [Listener at 0.0.0.0/36985] WARN  impl.MetricsConfig (MetricsConfig.java:loadFirst(136)) - Cannot locate configuration: tried hadoop-metrics2-storagecontainermanager.properties,hadoop-metrics2.properties
2023-05-03 09:47:34,662 [Listener at 0.0.0.0/36985] INFO  impl.MetricsSystemImpl (MetricsSystemImpl.java:startTimer(378)) - Scheduled Metric snapshot period at 10 second(s).
2023-05-03 09:47:34,662 [Listener at 0.0.0.0/36985] INFO  impl.MetricsSystemImpl (MetricsSystemImpl.java:start(191)) - StorageContainerManager metrics system started
2023-05-03 09:47:34,690 [Listener at 0.0.0.0/36985] INFO  impl.MetricsSinkAdapter (MetricsSinkAdapter.java:start(204)) - Sink prometheus started
2023-05-03 09:47:34,690 [Listener at 0.0.0.0/36985] INFO  impl.MetricsSystemImpl (MetricsSystemImpl.java:registerSink(305)) - Registered sink prometheus
2023-05-03 09:47:34,701 [Listener at 0.0.0.0/36985] INFO  server.SCMClientProtocolServer (SCMClientProtocolServer.java:start(199)) - RPC server for Client  is listening at /0.0.0.0:36985
2023-05-03 09:47:34,702 [IPC Server Responder] INFO  ipc.Server (Server.java:run(1558)) - IPC Server Responder: starting
2023-05-03 09:47:34,703 [IPC Server listener on 36985] INFO  ipc.Server (Server.java:run(1398)) - IPC Server listener on 36985: starting
2023-05-03 09:47:34,704 [Listener at 0.0.0.0/36985] INFO  server.StorageContainerManager (StorageContainerManager.java:start(1491)) - ScmBlockLocationProtocol RPC server is listening at /0.0.0.0:44919
2023-05-03 09:47:34,704 [Listener at 0.0.0.0/36985] INFO  server.SCMBlockProtocolServer (SCMBlockProtocolServer.java:start(152)) - RPC server for Block Protocol is listening at /0.0.0.0:44919
2023-05-03 09:47:34,705 [IPC Server Responder] INFO  ipc.Server (Server.java:run(1558)) - IPC Server Responder: starting
2023-05-03 09:47:34,705 [IPC Server listener on 44919] INFO  ipc.Server (Server.java:run(1398)) - IPC Server listener on 44919: starting
2023-05-03 09:47:34,713 [Listener at 0.0.0.0/36985] INFO  server.SCMDatanodeProtocolServer (SCMDatanodeProtocolServer.java:start(193)) - ScmDatanodeProtocol RPC server for DataNodes is listening at /0.0.0.0:33365
2023-05-03 09:47:34,713 [IPC Server Responder] INFO  ipc.Server (Server.java:run(1558)) - IPC Server Responder: starting
2023-05-03 09:47:34,718 [IPC Server listener on 33365] INFO  ipc.Server (Server.java:run(1398)) - IPC Server listener on 33365: starting
2023-05-03 09:47:34,719 [org.apache.hadoop.util.JvmPauseMonitor$Monitor@3869de88] INFO  util.JvmPauseMonitor (JvmPauseMonitor.java:run(188)) - Starting JVM pause monitor
2023-05-03 09:47:34,721 [Listener at 0.0.0.0/36985] INFO  http.BaseHttpServer (BaseHttpServer.java:newHttpServer2BuilderForOzone(224)) - Starting Web-server for scm at: http://0.0.0.0:46411
2023-05-03 09:47:34,721 [Listener at 0.0.0.0/36985] INFO  http.BaseHttpServer (BaseHttpServer.java:<init>(111)) - Hadoop Security Enabled: false Ozone Security Enabled: false Ozone HTTP Security Enabled: false 
2023-05-03 09:47:34,722 [Listener at 0.0.0.0/36985] WARN  server.AuthenticationFilter (AuthenticationFilter.java:constructSecretProvider(240)) - Unable to initialize FileSignerSecretProvider, falling back to use random secrets. Reason: Could not read signature secret file: /home/runner/hadoop-http-auth-signature-secret
2023-05-03 09:47:34,722 [Listener at 0.0.0.0/36985] INFO  http.HttpRequestLog (HttpRequestLog.java:getRequestLog(86)) - Http request log for http.requests.scm is not defined
2023-05-03 09:47:34,723 [Listener at 0.0.0.0/36985] INFO  http.HttpServer2 (HttpServer2.java:addGlobalFilter(1031)) - Added global filter 'safety' (class=org.apache.hadoop.hdds.server.http.HttpServer2$QuotingInputFilter)
2023-05-03 09:47:34,724 [Listener at 0.0.0.0/36985] INFO  http.HttpServer2 (HttpServer2.java:addFilter(1007)) - Added filter static_user_filter (class=org.apache.hadoop.http.lib.StaticUserWebFilter$StaticUserFilter) to context scm
2023-05-03 09:47:34,724 [Listener at 0.0.0.0/36985] INFO  http.HttpServer2 (HttpServer2.java:addFilter(1015)) - Added filter static_user_filter (class=org.apache.hadoop.http.lib.StaticUserWebFilter$StaticUserFilter) to context logs
2023-05-03 09:47:34,724 [Listener at 0.0.0.0/36985] INFO  http.HttpServer2 (HttpServer2.java:addFilter(1015)) - Added filter static_user_filter (class=org.apache.hadoop.http.lib.StaticUserWebFilter$StaticUserFilter) to context static
2023-05-03 09:47:34,724 [Listener at 0.0.0.0/36985] INFO  http.BaseHttpServer (BaseHttpServer.java:<init>(190)) - HTTP server of scm uses base directory /home/runner/work/ozone/ozone/hadoop-ozone/integration-test/target/test-dir/MiniOzoneClusterImpl-708e774c-e924-4713-8845-492707bb8e08/ozone-meta/webserver
2023-05-03 09:47:34,724 [Listener at 0.0.0.0/36985] INFO  http.HttpServer2 (HttpServer2.java:bindListener(1250)) - Jetty bound to port 46411
2023-05-03 09:47:34,724 [Listener at 0.0.0.0/36985] INFO  server.Server (Server.java:doStart(375)) - jetty-9.4.51.v20230217; built: 2023-02-17T08:19:37.309Z; git: b45c405e4544384de066f814ed42ae3dceacdd49; jvm 1.8.0_362-b09
2023-05-03 09:47:34,725 [Listener at 0.0.0.0/36985] INFO  server.session (DefaultSessionIdManager.java:doStart(334)) - DefaultSessionIdManager workerName=node0
2023-05-03 09:47:34,725 [Listener at 0.0.0.0/36985] INFO  server.session (DefaultSessionIdManager.java:doStart(339)) - No SessionScavenger set, using defaults
2023-05-03 09:47:34,726 [Listener at 0.0.0.0/36985] INFO  server.session (HouseKeeper.java:startScavenging(132)) - node0 Scavenging every 660000ms
2023-05-03 09:47:34,726 [Listener at 0.0.0.0/36985] INFO  handler.ContextHandler (ContextHandler.java:doStart(921)) - Started o.e.j.s.ServletContextHandler@5c625282{logs,/logs,file:///home/runner/work/ozone/ozone/hadoop-ozone/integration-test/target/log,AVAILABLE}
2023-05-03 09:47:34,726 [Listener at 0.0.0.0/36985] INFO  handler.ContextHandler (ContextHandler.java:doStart(921)) - Started o.e.j.s.ServletContextHandler@341071d6{static,/static,file:///home/runner/work/ozone/ozone/hadoop-ozone/integration-test/target/test-classes/webapps/static,AVAILABLE}
2023-05-03 09:47:34,729 [Listener at 0.0.0.0/36985] INFO  handler.ContextHandler (ContextHandler.java:doStart(921)) - Started o.e.j.w.WebAppContext@34b2dc2d{scm,/,file:///home/runner/work/ozone/ozone/hadoop-ozone/integration-test/target/test-classes/webapps/scm/,AVAILABLE}{file:/home/runner/work/ozone/ozone/hadoop-ozone/integration-test/target/test-classes/webapps/scm}
2023-05-03 09:47:34,730 [Listener at 0.0.0.0/36985] INFO  server.AbstractConnector (AbstractConnector.java:doStart(333)) - Started ServerConnector@24f69ce6{HTTP/1.1, (http/1.1)}{0.0.0.0:46411}
2023-05-03 09:47:34,730 [Listener at 0.0.0.0/36985] INFO  server.Server (Server.java:doStart(415)) - Started @97855ms
2023-05-03 09:47:34,730 [Listener at 0.0.0.0/36985] WARN  impl.MetricsSystemImpl (MetricsSystemImpl.java:register(279)) - Sink prometheus already exists!
2023-05-03 09:47:34,730 [Listener at 0.0.0.0/36985] INFO  http.BaseHttpServer (BaseHttpServer.java:updateConnectorAddress(344)) - HTTP server of scm listening at http://0.0.0.0:46411
2023-05-03 09:47:34,808 [EndpointStateMachine task thread for /0.0.0.0:33365 - 0 ] INFO  ipc.Client (Client.java:handleConnectionFailure(967)) - Retrying connect to server: 0.0.0.0/0.0.0.0:33365. Already tried 0 time(s); retry policy is RetryUpToMaximumCountWithFixedSleep(maxRetries=15, sleepTime=1000 MILLISECONDS)
2023-05-03 09:47:34,812 [IPC Server handler 1 on default port 33365] INFO  server.SCMDatanodeHeartbeatDispatcher (SCMDatanodeHeartbeatDispatcher.java:dispatch(106)) - SCM received heartbeat from an unregistered datanode 68693b0e-2f4c-4a89-80c2-94047391ad79(fv-az139-793.t0dryja4c43urhy2nvp0adewnd.cx.internal.cloudapp.net/10.1.0.194). Asking datanode to re-register.
2023-05-03 09:47:34,814 [IPC Server handler 2 on default port 33365] INFO  server.SCMDatanodeHeartbeatDispatcher (SCMDatanodeHeartbeatDispatcher.java:dispatch(106)) - SCM received heartbeat from an unregistered datanode 68693b0e-2f4c-4a89-80c2-94047391ad79(fv-az139-793.t0dryja4c43urhy2nvp0adewnd.cx.internal.cloudapp.net/10.1.0.194). Asking datanode to re-register.
2023-05-03 09:47:35,809 [IPC Server handler 1 on default port 33365] INFO  net.NetworkTopologyImpl (NetworkTopologyImpl.java:add(112)) - Added a new node: /default-rack/68693b0e-2f4c-4a89-80c2-94047391ad79
2023-05-03 09:47:35,809 [IPC Server handler 1 on default port 33365] INFO  node.SCMNodeManager (SCMNodeManager.java:register(407)) - Registered Data node : 68693b0e-2f4c-4a89-80c2-94047391ad79{ip: 10.1.0.194, host: fv-az139-793.t0dryja4c43urhy2nvp0adewnd.cx.internal.cloudapp.net, ports: [HTTP=40935, REPLICATION=46283, RATIS=42901, RATIS_ADMIN=42901, RATIS_SERVER=42901, RATIS_DATASTREAM=35559, STANDALONE=43463], networkLocation: /default-rack, certSerialId: null, persistedOpState: null, persistedOpStateExpiryEpochSec: 0}
2023-05-03 09:47:35,816 [EventQueue-NodeRegistrationContainerReportForDataNodeSafeModeRule] INFO  safemode.SCMSafeModeManager (DataNodeSafeModeRule.java:process(71)) - SCM in safe mode. 1 DataNodes registered, 1 required.
2023-05-03 09:47:35,816 [EventQueue-NodeRegistrationContainerReportForDataNodeSafeModeRule] INFO  safemode.SCMSafeModeManager (SCMSafeModeManager.java:validateSafeModeExitRules(200)) - DataNodeSafeModeRule rule is successfully validated
2023-05-03 09:47:35,816 [EventQueue-NodeRegistrationContainerReportForDataNodeSafeModeRule] INFO  safemode.SCMSafeModeManager (SCMSafeModeManager.java:completePreCheck(229)) - All SCM safe mode pre check rules have passed
2023-05-03 09:47:35,816 [EventQueue-NodeRegistrationContainerReportForDataNodeSafeModeRule] INFO  ha.SCMContext (SCMContext.java:updateSafeModeStatus(228)) - Update SafeModeStatus from SafeModeStatus{safeModeStatus=true, preCheckPassed=false} to SafeModeStatus{safeModeStatus=true, preCheckPassed=true}.
2023-05-03 09:47:35,829 [EventQueue-NodeRegistrationContainerReportForDataNodeSafeModeRule] INFO  pipeline.BackgroundPipelineCreator (BackgroundPipelineCreator.java:notifyEventTriggered(276)) - trigger a one-shot run on RatisPipelineUtilsThread.
2023-05-03 09:47:35,834 [EventQueue-NewNodeForNewNodeHandler] INFO  pipeline.BackgroundPipelineCreator (BackgroundPipelineCreator.java:notifyEventTriggered(276)) - trigger a one-shot run on RatisPipelineUtilsThread.
2023-05-03 09:47:35,836 [RatisPipelineUtilsThread - 0] ERROR scm.SCMCommonPlacementPolicy (SCMCommonPlacementPolicy.java:filterNodesWithSpace(285)) - Unable to find enough nodes that meet the space requirement of 1073741824 bytes for metadata and 5368709120 bytes for data in healthy node set. Required 3. Found 1.
2023-05-03 09:47:35,837 [RatisPipelineUtilsThread - 0] ERROR scm.SCMCommonPlacementPolicy (SCMCommonPlacementPolicy.java:filterNodesWithSpace(285)) - Unable to find enough nodes that meet the space requirement of 1073741824 bytes for metadata and 5368709120 bytes for data in healthy node set. Required 3. Found 1.
2023-05-03 09:47:35,835 [EventQueue-PipelineReportForOneReplicaPipelineSafeModeRule] INFO  safemode.SCMSafeModeManager (SCMSafeModeManager.java:validateSafeModeExitRules(200)) - AtleastOneDatanodeReportedRule rule is successfully validated
2023-05-03 09:47:35,838 [EventQueue-NodeRegistrationContainerReportForContainerSafeModeRule] INFO  safemode.SCMSafeModeManager (SCMSafeModeManager.java:validateSafeModeExitRules(200)) - ContainerSafeModeRule rule is successfully validated
2023-05-03 09:47:35,842 [EventQueue-OpenPipelineForHealthyPipelineSafeModeRule] INFO  safemode.SCMSafeModeManager (SCMSafeModeManager.java:validateSafeModeExitRules(200)) - HealthyPipelineSafeModeRule rule is successfully validated
2023-05-03 09:47:35,842 [EventQueue-OpenPipelineForHealthyPipelineSafeModeRule] INFO  safemode.SCMSafeModeManager (SCMSafeModeManager.java:validateSafeModeExitRules(215)) - ScmSafeModeManager, all rules are successfully validated
2023-05-03 09:47:35,843 [EventQueue-OpenPipelineForHealthyPipelineSafeModeRule] INFO  safemode.SCMSafeModeManager (SCMSafeModeManager.java:exitSafeMode(244)) - SCM exiting safe mode.
2023-05-03 09:47:35,843 [EventQueue-OpenPipelineForHealthyPipelineSafeModeRule] INFO  ha.SCMContext (SCMContext.java:updateSafeModeStatus(228)) - Update SafeModeStatus from SafeModeStatus{safeModeStatus=true, preCheckPassed=true} to SafeModeStatus{safeModeStatus=false, preCheckPassed=true}.
2023-05-03 09:47:35,843 [EventQueue-OpenPipelineForHealthyPipelineSafeModeRule] INFO  pipeline.BackgroundPipelineCreator (BackgroundPipelineCreator.java:notifyStatusChanged(254)) - Service BackgroundPipelineCreator transitions to RUNNING.
2023-05-03 09:47:35,843 [EventQueue-OpenPipelineForHealthyPipelineSafeModeRule] INFO  BackgroundPipelineScrubber (BackgroundSCMService.java:notifyStatusChanged(82)) - Service BackgroundPipelineScrubber transitions to RUNNING.
2023-05-03 09:47:35,843 [EventQueue-OpenPipelineForHealthyPipelineSafeModeRule] INFO  ExpiredContainerReplicaOpScrubber (BackgroundSCMService.java:notifyStatusChanged(82)) - Service ExpiredContainerReplicaOpScrubber transitions to RUNNING.
2023-05-03 09:47:35,844 [EventQueue-OpenPipelineForHealthyPipelineSafeModeRule] INFO  replication.ReplicationManager (ReplicationManager.java:notifyStatusChanged(1367)) - Service ReplicationManager transitions to RUNNING.
2023-05-03 09:47:35,844 [EventQueue-OpenPipelineForHealthyPipelineSafeModeRule] WARN  balancer.ContainerBalancer (ContainerBalancer.java:shouldRun(132)) - Could not find persisted configuration for ContainerBalancer when checking if ContainerBalancer should run. ContainerBalancer should not run now.
2023-05-03 09:47:41,226 [Listener at 0.0.0.0/36985] INFO  replication.ReplicationManager (ReplicationManager.java:sendDatanodeCommand(673)) - Sending command [closeContainerCommand: containerID: 1, pipelineID: PipelineID=ef0126e6-8076-4343-9408-947ad41a47cb, force: false] for container ContainerInfo{id=#1, state=CLOSING, pipelineID=PipelineID=ef0126e6-8076-4343-9408-947ad41a47cb, stateEnterTime=2023-05-03T09:47:25.728Z, owner=om1} to 68693b0e-2f4c-4a89-80c2-94047391ad79(fv-az139-793.t0dryja4c43urhy2nvp0adewnd.cx.internal.cloudapp.net/10.1.0.194) with datanode deadline 1683109031226 and scm deadline 1683109061226
2023-05-03 09:47:41,244 [Listener at 0.0.0.0/36985] INFO  replication.ReplicationManager (ReplicationManager.java:processAll(394)) - Replication Monitor Thread took 22 milliseconds for processing 8 containers.
2023-05-03 09:47:46,257 [Listener at 0.0.0.0/36985] INFO  ozone.MiniOzoneClusterImpl (MiniOzoneClusterImpl.java:shutdown(456)) - Shutting down the Mini Ozone Cluster
2023-05-03 09:47:46,257 [Listener at 0.0.0.0/36985] INFO  ozone.MiniOzoneClusterImpl (MiniOzoneClusterImpl.java:stop(474)) - Stopping the Mini Ozone Cluster
2023-05-03 09:47:46,257 [Listener at 0.0.0.0/36985] INFO  ozone.MiniOzoneClusterImpl (MiniOzoneClusterImpl.java:stopOM(560)) - Stopping the OzoneManager
2023-05-03 09:47:46,257 [Listener at 0.0.0.0/36985] INFO  om.OzoneManager (OzoneManager.java:stop(2165)) - om1[localhost:0]: Stopping Ozone Manager
2023-05-03 09:47:46,257 [Listener at 0.0.0.0/36985] INFO  ipc.Server (Server.java:stop(3501)) - Stopping server on 34771
2023-05-03 09:47:46,264 [IPC Server listener on 0] INFO  ipc.Server (Server.java:run(1430)) - Stopping IPC Server listener on 0
2023-05-03 09:47:46,264 [IPC Server Responder] INFO  ipc.Server (Server.java:run(1563)) - Stopping IPC Server Responder
2023-05-03 09:47:46,266 [Listener at 0.0.0.0/36985] INFO  server.RaftServer (RaftServerProxy.java:lambda$close$6(409)) - om1: close
2023-05-03 09:47:46,266 [om1-impl-thread1] INFO  server.RaftServer$Division (RaftServerImpl.java:lambda$close$4(458)) - om1@group-C5BA1605619E: shutdown
2023-05-03 09:47:46,266 [om1-impl-thread1] INFO  util.JmxRegister (JmxRegister.java:unregister(73)) - Successfully un-registered JMX Bean with object name Ratis:service=RaftServer,group=group-C5BA1605619E,id=om1
2023-05-03 09:47:46,266 [om1-impl-thread1] INFO  impl.RoleInfo (RoleInfo.java:shutdownLeaderState(93)) - om1: shutdown om1@group-C5BA1605619E-LeaderStateImpl
2023-05-03 09:47:46,266 [om1-impl-thread1] INFO  impl.PendingRequests (PendingRequests.java:sendNotLeaderResponses(282)) - om1@group-C5BA1605619E-PendingRequests: sendNotLeaderResponses
2023-05-03 09:47:46,268 [om1-impl-thread1] INFO  impl.StateMachineUpdater (StateMachineUpdater.java:stopAndJoin(153)) - om1@group-C5BA1605619E-StateMachineUpdater: set stopIndex = 44
2023-05-03 09:47:46,268 [Listener at 0.0.0.0/36985] INFO  server.GrpcService (GrpcService.java:closeImpl(271)) - om1: shutdown server GrpcServerProtocolService now
2023-05-03 09:47:46,268 [om1@group-C5BA1605619E-StateMachineUpdater] INFO  ratis.OzoneManagerStateMachine (OzoneManagerStateMachine.java:takeSnapshot(479)) - Current Snapshot Index (t:1, i:44)
2023-05-03 09:47:46,270 [Listener at 0.0.0.0/36985] INFO  server.GrpcService (GrpcService.java:closeImpl(280)) - om1: shutdown server GrpcServerProtocolService successfully
2023-05-03 09:47:46,283 [om1@group-C5BA1605619E-StateMachineUpdater] INFO  impl.StateMachineUpdater (StateMachineUpdater.java:takeSnapshot(287)) - om1@group-C5BA1605619E-StateMachineUpdater: Took a snapshot at index 44
2023-05-03 09:47:46,283 [om1@group-C5BA1605619E-StateMachineUpdater] INFO  impl.StateMachineUpdater (StateMachineUpdater.java:lambda$new$0(92)) - om1@group-C5BA1605619E-StateMachineUpdater: snapshotIndex: updateIncreasingly -1 -> 44
2023-05-03 09:47:46,283 [om1@group-C5BA1605619E-StateMachineUpdater] INFO  ratis.OzoneManagerStateMachine (OzoneManagerStateMachine.java:close(533)) - StateMachine has shutdown. Shutdown OzoneManager if not already shutdown.
2023-05-03 09:47:46,283 [om1@group-C5BA1605619E-StateMachineUpdater] INFO  ratis.OzoneManagerDoubleBuffer (OzoneManagerDoubleBuffer.java:stopDaemon(540)) - Stopping OMDoubleBuffer flush thread
2023-05-03 09:47:46,283 [OMDoubleBufferFlushThread] INFO  ratis.OzoneManagerDoubleBuffer (OzoneManagerDoubleBuffer.java:canFlush(625)) - OMDoubleBuffer flush thread OMDoubleBufferFlushThread is interrupted and will exit.
2023-05-03 09:47:46,284 [om1-impl-thread1] INFO  server.RaftServer$Division (ServerState.java:close(466)) - om1@group-C5BA1605619E: closes. applyIndex: 44
2023-05-03 09:47:46,284 [om1@group-C5BA1605619E-SegmentedRaftLogWorker] INFO  segmented.SegmentedRaftLogWorker (SegmentedRaftLogWorker.java:run(347)) - om1@group-C5BA1605619E-SegmentedRaftLogWorker was interrupted, exiting. There are 0 tasks remaining in the queue.
2023-05-03 09:47:46,285 [om1-impl-thread1] INFO  segmented.SegmentedRaftLogWorker (SegmentedRaftLogWorker.java:close(257)) - om1@group-C5BA1605619E-SegmentedRaftLogWorker close()
2023-05-03 09:47:46,286 [JvmPauseMonitor10] INFO  util.JvmPauseMonitor (JvmPauseMonitor.java:run(111)) - JvmPauseMonitor-om1: Stopped
2023-05-03 09:47:46,286 [Listener at 0.0.0.0/36985] INFO  ratis.OzoneManagerStateMachine (OzoneManagerStateMachine.java:close(533)) - StateMachine has shutdown. Shutdown OzoneManager if not already shutdown.
2023-05-03 09:47:46,286 [Listener at 0.0.0.0/36985] INFO  ratis.OzoneManagerDoubleBuffer (OzoneManagerDoubleBuffer.java:stopDaemon(549)) - OMDoubleBuffer flush thread is not running.
2023-05-03 09:47:46,286 [Listener at 0.0.0.0/36985] INFO  utils.BackgroundService (BackgroundService.java:shutdown(141)) - Shutting down service KeyDeletingService
2023-05-03 09:47:46,286 [Listener at 0.0.0.0/36985] INFO  utils.BackgroundService (BackgroundService.java:shutdown(141)) - Shutting down service KeyDeletingService
2023-05-03 09:47:46,287 [Listener at 0.0.0.0/36985] INFO  utils.BackgroundService (BackgroundService.java:shutdown(141)) - Shutting down service OpenKeyCleanupService
2023-05-03 09:47:46,287 [Listener at 0.0.0.0/36985] INFO  utils.BackgroundService (BackgroundService.java:shutdown(141)) - Shutting down service SstFilteringService
2023-05-03 09:47:46,287 [Listener at 0.0.0.0/36985] INFO  utils.BackgroundService (BackgroundService.java:shutdown(141)) - Shutting down service SnapshotDeletingService
2023-05-03 09:47:46,288 [Listener at 0.0.0.0/36985] INFO  handler.ContextHandler (ContextHandler.java:doStop(1159)) - Stopped o.e.j.w.WebAppContext@76dd6fd1{ozoneManager,/,null,STOPPED}{file:/home/runner/work/ozone/ozone/hadoop-ozone/integration-test/target/test-classes/webapps/ozoneManager}
2023-05-03 09:47:46,289 [Listener at 0.0.0.0/36985] INFO  server.AbstractConnector (AbstractConnector.java:doStop(383)) - Stopped ServerConnector@68aabdbd{HTTP/1.1, (http/1.1)}{0.0.0.0:0}
2023-05-03 09:47:46,289 [Listener at 0.0.0.0/36985] INFO  server.session (HouseKeeper.java:stopScavenging(149)) - node0 Stopped scavenging
2023-05-03 09:47:46,290 [Listener at 0.0.0.0/36985] INFO  handler.ContextHandler (ContextHandler.java:doStop(1159)) - Stopped o.e.j.s.ServletContextHandler@68ff98c7{static,/static,file:///home/runner/work/ozone/ozone/hadoop-ozone/integration-test/target/test-classes/webapps/static,STOPPED}
2023-05-03 09:47:46,290 [Listener at 0.0.0.0/36985] INFO  handler.ContextHandler (ContextHandler.java:doStop(1159)) - Stopped o.e.j.s.ServletContextHandler@459232df{logs,/logs,file:///home/runner/work/ozone/ozone/hadoop-ozone/integration-test/target/log,STOPPED}
2023-05-03 09:47:46,292 [Listener at 0.0.0.0/36985] INFO  utils.BackgroundService (BackgroundService.java:shutdown(141)) - Shutting down service SnapshotDiffCleanupService
2023-05-03 09:47:46,295 [Listener at 0.0.0.0/36985] INFO  ozone.MiniOzoneClusterImpl (MiniOzoneClusterImpl.java:stopDatanodes(537)) - Stopping the HddsDatanodes
2023-05-03 09:47:46,297 [Listener at 0.0.0.0/36985] INFO  ozoneimpl.OzoneContainer (OzoneContainer.java:stop(419)) - Attempting to stop container services.
2023-05-03 09:47:46,297 [Listener at 0.0.0.0/36985] INFO  server.RaftServer (RaftServerProxy.java:lambda$close$6(409)) - 68693b0e-2f4c-4a89-80c2-94047391ad79: close
2023-05-03 09:47:46,298 [68693b0e-2f4c-4a89-80c2-94047391ad79-impl-thread1] INFO  server.RaftServer$Division (RaftServerImpl.java:lambda$close$4(458)) - 68693b0e-2f4c-4a89-80c2-94047391ad79@group-947AD41A47CB: shutdown
2023-05-03 09:47:46,298 [68693b0e-2f4c-4a89-80c2-94047391ad79-impl-thread1] INFO  util.JmxRegister (JmxRegister.java:unregister(73)) - Successfully un-registered JMX Bean with object name Ratis:service=RaftServer,group=group-947AD41A47CB,id=68693b0e-2f4c-4a89-80c2-94047391ad79
2023-05-03 09:47:46,298 [68693b0e-2f4c-4a89-80c2-94047391ad79-impl-thread1] INFO  impl.RoleInfo (RoleInfo.java:shutdownLeaderState(93)) - 68693b0e-2f4c-4a89-80c2-94047391ad79: shutdown 68693b0e-2f4c-4a89-80c2-94047391ad79@group-947AD41A47CB-LeaderStateImpl
2023-05-03 09:47:46,298 [68693b0e-2f4c-4a89-80c2-94047391ad79-impl-thread1] INFO  impl.PendingRequests (PendingRequests.java:sendNotLeaderResponses(282)) - 68693b0e-2f4c-4a89-80c2-94047391ad79@group-947AD41A47CB-PendingRequests: sendNotLeaderResponses
2023-05-03 09:47:46,300 [68693b0e-2f4c-4a89-80c2-94047391ad79-impl-thread1] INFO  impl.StateMachineUpdater (StateMachineUpdater.java:stopAndJoin(153)) - 68693b0e-2f4c-4a89-80c2-94047391ad79@group-947AD41A47CB-StateMachineUpdater: set stopIndex = 31
2023-05-03 09:47:46,300 [Listener at 0.0.0.0/36985] INFO  server.GrpcService (GrpcService.java:closeImpl(271)) - 68693b0e-2f4c-4a89-80c2-94047391ad79: shutdown server GrpcServerProtocolService now
2023-05-03 09:47:46,300 [68693b0e-2f4c-4a89-80c2-94047391ad79@group-947AD41A47CB-StateMachineUpdater] INFO  ratis.ContainerStateMachine (ContainerStateMachine.java:takeSnapshot(330)) - group-947AD41A47CB: Taking a snapshot at:(t:1, i:31) file /home/runner/work/ozone/ozone/hadoop-ozone/integration-test/target/test-dir/MiniOzoneClusterImpl-708e774c-e924-4713-8845-492707bb8e08/datanode-0/data/ratis/ef0126e6-8076-4343-9408-947ad41a47cb/sm/snapshot.1_31
2023-05-03 09:47:46,301 [68693b0e-2f4c-4a89-80c2-94047391ad79@group-947AD41A47CB-StateMachineUpdater] INFO  ratis.ContainerStateMachine (ContainerStateMachine.java:takeSnapshot(341)) - group-947AD41A47CB: Finished taking a snapshot at:(t:1, i:31) file:/home/runner/work/ozone/ozone/hadoop-ozone/integration-test/target/test-dir/MiniOzoneClusterImpl-708e774c-e924-4713-8845-492707bb8e08/datanode-0/data/ratis/ef0126e6-8076-4343-9408-947ad41a47cb/sm/snapshot.1_31 took: 1 ms
2023-05-03 09:47:46,302 [68693b0e-2f4c-4a89-80c2-94047391ad79@group-947AD41A47CB-StateMachineUpdater] INFO  impl.StateMachineUpdater (StateMachineUpdater.java:takeSnapshot(287)) - 68693b0e-2f4c-4a89-80c2-94047391ad79@group-947AD41A47CB-StateMachineUpdater: Took a snapshot at index 31
2023-05-03 09:47:46,302 [68693b0e-2f4c-4a89-80c2-94047391ad79@group-947AD41A47CB-StateMachineUpdater] INFO  impl.StateMachineUpdater (StateMachineUpdater.java:lambda$new$0(92)) - 68693b0e-2f4c-4a89-80c2-94047391ad79@group-947AD41A47CB-StateMachineUpdater: snapshotIndex: updateIncreasingly -1 -> 31
2023-05-03 09:47:46,303 [Listener at 0.0.0.0/36985] INFO  server.GrpcService (GrpcService.java:closeImpl(280)) - 68693b0e-2f4c-4a89-80c2-94047391ad79: shutdown server GrpcServerProtocolService successfully
2023-05-03 09:47:46,308 [68693b0e-2f4c-4a89-80c2-94047391ad79-impl-thread1] INFO  server.RaftServer$Division (ServerState.java:close(466)) - 68693b0e-2f4c-4a89-80c2-94047391ad79@group-947AD41A47CB: closes. applyIndex: 31
2023-05-03 09:47:46,308 [68693b0e-2f4c-4a89-80c2-94047391ad79-NettyServerStreamRpc-bossGroup--thread1] INFO  logging.LoggingHandler (AbstractInternalLogger.java:log(148)) - [id: 0x06183d0e, L:/0:0:0:0:0:0:0:0:35559] CLOSE
2023-05-03 09:47:46,308 [68693b0e-2f4c-4a89-80c2-94047391ad79-NettyServerStreamRpc-bossGroup--thread1] INFO  logging.LoggingHandler (AbstractInternalLogger.java:log(148)) - [id: 0x06183d0e, L:/0:0:0:0:0:0:0:0:35559] INACTIVE
2023-05-03 09:47:46,308 [68693b0e-2f4c-4a89-80c2-94047391ad79-NettyServerStreamRpc-bossGroup--thread1] INFO  logging.LoggingHandler (AbstractInternalLogger.java:log(148)) - [id: 0x06183d0e, L:/0:0:0:0:0:0:0:0:35559] UNREGISTERED
2023-05-03 09:47:46,339 [68693b0e-2f4c-4a89-80c2-94047391ad79@group-947AD41A47CB-SegmentedRaftLogWorker] INFO  segmented.SegmentedRaftLogWorker (SegmentedRaftLogWorker.java:run(347)) - 68693b0e-2f4c-4a89-80c2-94047391ad79@group-947AD41A47CB-SegmentedRaftLogWorker was interrupted, exiting. There are 0 tasks remaining in the queue.
2023-05-03 09:47:46,349 [68693b0e-2f4c-4a89-80c2-94047391ad79-impl-thread1] INFO  segmented.SegmentedRaftLogWorker (SegmentedRaftLogWorker.java:close(257)) - 68693b0e-2f4c-4a89-80c2-94047391ad79@group-947AD41A47CB-SegmentedRaftLogWorker close()
2023-05-03 09:47:46,351 [JvmPauseMonitor11] INFO  util.JvmPauseMonitor (JvmPauseMonitor.java:run(111)) - JvmPauseMonitor-68693b0e-2f4c-4a89-80c2-94047391ad79: Stopped
2023-05-03 09:47:48,357 [Listener at 0.0.0.0/36985] INFO  volume.HddsVolume (HddsVolume.java:closeDbStore(437)) - SchemaV3 db is stopped at /home/runner/work/ozone/ozone/hadoop-ozone/integration-test/target/test-dir/MiniOzoneClusterImpl-708e774c-e924-4713-8845-492707bb8e08/datanode-0/data-0/containers/hdds/708e774c-e924-4713-8845-492707bb8e08/DS-55e6d27a-a9b3-4e08-bcb7-edc1f7626d36/container.db for volume DS-55e6d27a-a9b3-4e08-bcb7-edc1f7626d36
2023-05-03 09:47:48,357 [Listener at 0.0.0.0/36985] INFO  utils.BackgroundService (BackgroundService.java:shutdown(141)) - Shutting down service BlockDeletingService
2023-05-03 09:47:48,358 [Listener at 0.0.0.0/36985] INFO  utils.BackgroundService (BackgroundService.java:shutdown(141)) - Shutting down service StaleRecoveringContainerScrubbingService
2023-05-03 09:47:48,359 [Listener at 0.0.0.0/36985] INFO  statemachine.DatanodeStateMachine (DatanodeStateMachine.java:stopDaemon(603)) - Ozone container server stopped.
2023-05-03 09:47:48,373 [Listener at 0.0.0.0/36985] INFO  handler.ContextHandler (ContextHandler.java:doStop(1159)) - Stopped o.e.j.w.WebAppContext@2b61441a{hddsDatanode,/,null,STOPPED}{jar:file:/home/runner/.m2/repository/org/apache/ozone/hdds-container-service/1.4.0-SNAPSHOT/hdds-container-service-1.4.0-SNAPSHOT.jar!/webapps/hddsDatanode}
2023-05-03 09:47:48,374 [Listener at 0.0.0.0/36985] INFO  server.AbstractConnector (AbstractConnector.java:doStop(383)) - Stopped ServerConnector@4a5e5d4{HTTP/1.1, (http/1.1)}{0.0.0.0:0}
2023-05-03 09:47:48,374 [Listener at 0.0.0.0/36985] INFO  server.session (HouseKeeper.java:stopScavenging(149)) - node0 Stopped scavenging
2023-05-03 09:47:48,374 [Listener at 0.0.0.0/36985] INFO  handler.ContextHandler (ContextHandler.java:doStop(1159)) - Stopped o.e.j.s.ServletContextHandler@285f0949{static,/static,jar:file:/home/runner/.m2/repository/org/apache/ozone/hdds-container-service/1.4.0-SNAPSHOT/hdds-container-service-1.4.0-SNAPSHOT.jar!/webapps/static,STOPPED}
2023-05-03 09:47:48,374 [Listener at 0.0.0.0/36985] INFO  handler.ContextHandler (ContextHandler.java:doStop(1159)) - Stopped o.e.j.s.ServletContextHandler@2939c7b7{logs,/logs,file:///home/runner/work/ozone/ozone/hadoop-ozone/integration-test/target/log,STOPPED}
2023-05-03 09:47:48,377 [Listener at 0.0.0.0/36985] INFO  ozone.MiniOzoneClusterImpl (MiniOzoneClusterImpl.java:stopSCM(552)) - Stopping the StorageContainerManager
2023-05-03 09:47:48,377 [Listener at 0.0.0.0/36985] INFO  server.StorageContainerManager (StorageContainerManager.java:stop(1578)) - Container Balancer is not running.
2023-05-03 09:47:48,377 [Listener at 0.0.0.0/36985] INFO  server.StorageContainerManager (StorageContainerManager.java:stopReplicationManager(1709)) - Stopping Replication Manager Service.
2023-05-03 09:47:48,377 [Listener at 0.0.0.0/36985] INFO  replication.ReplicationManager (ReplicationManager.java:stop(324)) - Stopping Replication Monitor Thread.
2023-05-03 09:47:48,377 [Under Replicated Processor] WARN  replication.UnhealthyReplicationProcessor (UnhealthyReplicationProcessor.java:run(167)) - Under Replicated Processor interrupted. Exiting...
2023-05-03 09:47:48,378 [Over Replicated Processor] WARN  replication.UnhealthyReplicationProcessor (UnhealthyReplicationProcessor.java:run(167)) - Over Replicated Processor interrupted. Exiting...
2023-05-03 09:47:48,378 [Listener at 0.0.0.0/36985] INFO  server.StorageContainerManager (StorageContainerManager.java:stop(1587)) - Stopping the Datanode Admin Monitor.
2023-05-03 09:47:48,378 [ReplicationMonitor] INFO  replication.ReplicationManager (ReplicationManager.java:run(934)) - Replication Monitor Thread is stopped
2023-05-03 09:47:48,378 [Listener at 0.0.0.0/36985] INFO  server.StorageContainerManager (StorageContainerManager.java:stop(1594)) - Stopping datanode service RPC server
2023-05-03 09:47:48,378 [Listener at 0.0.0.0/36985] INFO  server.SCMDatanodeProtocolServer (SCMDatanodeProtocolServer.java:stop(424)) - Stopping the RPC server for DataNodes
2023-05-03 09:47:48,378 [Listener at 0.0.0.0/36985] INFO  ipc.Server (Server.java:stop(3501)) - Stopping server on 33365
2023-05-03 09:47:48,381 [IPC Server listener on 33365] INFO  ipc.Server (Server.java:run(1430)) - Stopping IPC Server listener on 33365
2023-05-03 09:47:48,381 [IPC Server Responder] INFO  ipc.Server (Server.java:run(1563)) - Stopping IPC Server Responder
2023-05-03 09:47:49,630 [SCM Heartbeat Processing Thread - 0] WARN  node.NodeStateManager (NodeStateManager.java:scheduleNextHealthCheck(870)) - Current Thread is interrupted, shutting down HB processing thread for Node Manager.
2023-05-03 09:47:49,630 [Listener at 0.0.0.0/36985] INFO  server.StorageContainerManager (StorageContainerManager.java:stop(1602)) - Stopping block service RPC server
2023-05-03 09:47:49,631 [Listener at 0.0.0.0/36985] INFO  server.SCMBlockProtocolServer (SCMBlockProtocolServer.java:stop(161)) - Stopping the RPC server for Block Protocol
2023-05-03 09:47:49,631 [Listener at 0.0.0.0/36985] INFO  ipc.Server (Server.java:stop(3501)) - Stopping server on 44919
2023-05-03 09:47:49,634 [IPC Server Responder] INFO  ipc.Server (Server.java:run(1563)) - Stopping IPC Server Responder
2023-05-03 09:47:49,634 [IPC Server listener on 44919] INFO  ipc.Server (Server.java:run(1430)) - Stopping IPC Server listener on 44919
2023-05-03 09:47:49,634 [Listener at 0.0.0.0/36985] INFO  server.StorageContainerManager (StorageContainerManager.java:stop(1609)) - Stopping the StorageContainerLocationProtocol RPC server
2023-05-03 09:47:49,635 [Listener at 0.0.0.0/36985] INFO  server.SCMClientProtocolServer (SCMClientProtocolServer.java:stop(208)) - Stopping the RPC server for Client Protocol
2023-05-03 09:47:49,635 [Listener at 0.0.0.0/36985] INFO  ipc.Server (Server.java:stop(3501)) - Stopping server on 36985
2023-05-03 09:47:49,637 [IPC Server Responder] INFO  ipc.Server (Server.java:run(1563)) - Stopping IPC Server Responder
2023-05-03 09:47:49,637 [IPC Server listener on 36985] INFO  ipc.Server (Server.java:run(1430)) - Stopping IPC Server listener on 36985
2023-05-03 09:47:49,637 [Listener at 0.0.0.0/36985] INFO  server.StorageContainerManager (StorageContainerManager.java:stop(1616)) - Stopping Storage Container Manager HTTP server.
2023-05-03 09:47:49,638 [Listener at 0.0.0.0/36985] INFO  handler.ContextHandler (ContextHandler.java:doStop(1159)) - Stopped o.e.j.w.WebAppContext@34b2dc2d{scm,/,null,STOPPED}{file:/home/runner/work/ozone/ozone/hadoop-ozone/integration-test/target/test-classes/webapps/scm}
2023-05-03 09:47:49,639 [Listener at 0.0.0.0/36985] INFO  server.AbstractConnector (AbstractConnector.java:doStop(383)) - Stopped ServerConnector@24f69ce6{HTTP/1.1, (http/1.1)}{0.0.0.0:46411}
2023-05-03 09:47:49,639 [Listener at 0.0.0.0/36985] INFO  server.session (HouseKeeper.java:stopScavenging(149)) - node0 Stopped scavenging
2023-05-03 09:47:49,639 [Listener at 0.0.0.0/36985] INFO  handler.ContextHandler (ContextHandler.java:doStop(1159)) - Stopped o.e.j.s.ServletContextHandler@341071d6{static,/static,file:///home/runner/work/ozone/ozone/hadoop-ozone/integration-test/target/test-classes/webapps/static,STOPPED}
2023-05-03 09:47:49,639 [Listener at 0.0.0.0/36985] INFO  handler.ContextHandler (ContextHandler.java:doStop(1159)) - Stopped o.e.j.s.ServletContextHandler@5c625282{logs,/logs,file:///home/runner/work/ozone/ozone/hadoop-ozone/integration-test/target/log,STOPPED}
2023-05-03 09:47:49,642 [Listener at 0.0.0.0/36985] INFO  server.StorageContainerManager (StorageContainerManager.java:stop(1624)) - Stopping SCM LayoutVersionManager Service.
2023-05-03 09:47:49,643 [Listener at 0.0.0.0/36985] INFO  server.StorageContainerManager (StorageContainerManager.java:stop(1632)) - Stopping Block Manager Service.
2023-05-03 09:47:49,643 [Listener at 0.0.0.0/36985] INFO  utils.BackgroundService (BackgroundService.java:shutdown(141)) - Shutting down service SCMBlockDeletingService
2023-05-03 09:47:49,646 [Listener at 0.0.0.0/36985] INFO  utils.BackgroundService (BackgroundService.java:shutdown(141)) - Shutting down service SCMBlockDeletingService
2023-05-03 09:47:49,646 [Listener at 0.0.0.0/36985] INFO  server.StorageContainerManager (StorageContainerManager.java:stop(1654)) - Stopping SCM Event Queue.
2023-05-03 09:47:49,647 [Listener at 0.0.0.0/36985] INFO  server.StorageContainerManager (StorageContainerManager.java:stop(1665)) - Stopping SCM HA services.
2023-05-03 09:47:49,648 [Listener at 0.0.0.0/36985] INFO  pipeline.BackgroundPipelineCreator (BackgroundPipelineCreator.java:stop(149)) - Stopping RatisPipelineUtilsThread.
2023-05-03 09:47:49,648 [RatisPipelineUtilsThread - 0] WARN  pipeline.BackgroundPipelineCreator (BackgroundPipelineCreator.java:run(180)) - RatisPipelineUtilsThread is interrupted.
2023-05-03 09:47:49,652 [Listener at 0.0.0.0/36985] INFO  BackgroundPipelineScrubber (BackgroundSCMService.java:stop(131)) - Stopping BackgroundPipelineScrubber Service.
2023-05-03 09:47:49,653 [BackgroundPipelineScrubberThread] WARN  BackgroundPipelineScrubber (BackgroundSCMService.java:run(115)) - BackgroundPipelineScrubber is interrupted, exit
2023-05-03 09:47:49,653 [Listener at 0.0.0.0/36985] INFO  impl.MetricsSystemImpl (MetricsSystemImpl.java:stop(210)) - Stopping StorageContainerManager metrics system...
2023-05-03 09:47:49,654 [prometheus] INFO  impl.MetricsSinkAdapter (MetricsSinkAdapter.java:publishMetricsFromQueue(141)) - prometheus thread interrupted.
2023-05-03 09:47:49,654 [Listener at 0.0.0.0/36985] INFO  impl.MetricsSystemImpl (MetricsSystemImpl.java:stop(216)) - StorageContainerManager metrics system stopped.
2023-05-03 09:47:49,654 [Listener at 0.0.0.0/36985] WARN  pipeline.BackgroundPipelineCreator (BackgroundPipelineCreator.java:stop(145)) - RatisPipelineUtilsThread is not running, just ignore.
2023-05-03 09:47:49,654 [Listener at 0.0.0.0/36985] INFO  BackgroundPipelineScrubber (BackgroundSCMService.java:stop(126)) - BackgroundPipelineScrubber Service is not running, skip stop.
2023-05-03 09:47:49,654 [Listener at 0.0.0.0/36985] INFO  ExpiredContainerReplicaOpScrubber (BackgroundSCMService.java:stop(131)) - Stopping ExpiredContainerReplicaOpScrubber Service.
2023-05-03 09:47:49,654 [ExpiredContainerReplicaOpScrubberThread] WARN  ExpiredContainerReplicaOpScrubber (BackgroundSCMService.java:run(115)) - ExpiredContainerReplicaOpScrubber is interrupted, exit
2023-05-03 09:47:49,654 [Listener at 0.0.0.0/36985] INFO  utils.BackgroundService (BackgroundService.java:shutdown(141)) - Shutting down service SCMBlockDeletingService
2023-05-03 09:47:49,655 [Listener at 0.0.0.0/36985] INFO  replication.ReplicationManager (ReplicationManager.java:stop(334)) - Replication Monitor Thread is not running.
2023-05-03 09:47:49,655 [Listener at 0.0.0.0/36985] WARN  balancer.ContainerBalancer (ContainerBalancer.java:stop(324)) - Cannot stop Container Balancer because it's not running or stopping
2023-05-03 09:47:49,655 [Listener at 0.0.0.0/36985] INFO  server.StorageContainerManager (StorageContainerManager.java:stop(1700)) - Stopping SCM MetadataStore.
]]></system-out>
  </testcase>
  <testcase name="testContainerReportQueueWithDrop" classname="org.apache.hadoop.ozone.TestStorageContainerManager" time="1.097"/>
  <testcase name="testRpcPermission" classname="org.apache.hadoop.ozone.TestStorageContainerManager" time="56.923">
    <system-out><![CDATA[2023-05-03 09:47:50,910 [Time-limited test] WARN  server.ServerUtils (ServerUtils.java:getScmDbDir(148)) - ozone.scm.db.dirs is not configured. We recommend adding this setting. Falling back to ozone.metadata.dirs instead.
2023-05-03 09:47:50,925 [Time-limited test] WARN  server.ServerUtils (ServerUtils.java:getScmDbDir(148)) - ozone.scm.db.dirs is not configured. We recommend adding this setting. Falling back to ozone.metadata.dirs instead.
2023-05-03 09:47:50,925 [Time-limited test] INFO  ha.SCMHANodeDetails (SCMHANodeDetails.java:loadSCMHAConfig(209)) - ServiceID for StorageContainerManager is null
2023-05-03 09:47:50,926 [Time-limited test] WARN  ha.SCMHANodeDetails (SCMHANodeDetails.java:validateSCMHAConfig(182)) - Invalid config ozone.scm.ratis.enable. The config was not specified, but the default value true conflicts with the expected config value false. Falling back to the expected value. Current State of SCM: SCM is running in Non-HA without Ratis Ratis SCM -> Non Ratis SCM or Non HA SCM -> HA SCM is not supported
2023-05-03 09:47:50,926 [Time-limited test] INFO  ha.SCMHANodeDetails (SCMHANodeDetails.java:loadSCMHAConfig(214)) - ozone.scm.default.service.id is not defined, falling back to ozone.scm.service.ids to find serviceID for StorageContainerManager if it is HA enabled cluster
2023-05-03 09:47:50,928 [Time-limited test] WARN  utils.HAUtils (HAUtils.java:getMetaDir(350)) - ozone.scm.db.dirs is not configured. We recommend adding this setting. Falling back to ozone.metadata.dirs instead.
2023-05-03 09:47:50,929 [Time-limited test] WARN  db.DBStoreBuilder (DBStoreBuilder.java:applyDBDefinition(165)) - ozone.scm.db.dirs is not configured. We recommend adding this setting. Falling back to ozone.metadata.dirs instead.
2023-05-03 09:47:51,027 [Time-limited test] INFO  net.NodeSchemaLoader (NodeSchemaLoader.java:loadSchemaFromFile(129)) - Loading schema from [jar:file:/home/runner/.m2/repository/org/apache/ozone/hdds-common/1.4.0-SNAPSHOT/hdds-common-1.4.0-SNAPSHOT.jar!/network-topology-default.xml]
2023-05-03 09:47:51,028 [Time-limited test] INFO  net.NodeSchemaLoader (NodeSchemaLoader.java:loadSchema(176)) - Loading network topology layer schema file
2023-05-03 09:47:51,034 [Time-limited test] INFO  upgrade.AbstractLayoutVersionManager (AbstractLayoutVersionManager.java:init(83)) - Initializing Layout version manager with metadata layout = WEBUI_PORTS_IN_DATANODEDETAILS (version = 6), software layout = WEBUI_PORTS_IN_DATANODEDETAILS (version = 6)
2023-05-03 09:47:51,245 [Time-limited test] INFO  reflections.Reflections (Reflections.java:scan(232)) - Reflections took 208 ms to scan 7 urls, producing 156 keys and 369 values 
2023-05-03 09:47:51,254 [Time-limited test] INFO  ha.SequenceIdGenerator (SequenceIdGenerator.java:upgradeToSequenceId(349)) - upgrade localId to 111677748019200000
2023-05-03 09:47:51,254 [Time-limited test] INFO  ha.SequenceIdGenerator (SequenceIdGenerator.java:upgradeToSequenceId(359)) - upgrade delTxnId to 0
2023-05-03 09:47:51,254 [Time-limited test] INFO  ha.SequenceIdGenerator (SequenceIdGenerator.java:upgradeToSequenceId(376)) - upgrade containerId to 0
2023-05-03 09:47:51,254 [Time-limited test] INFO  ha.SequenceIdGenerator (SequenceIdGenerator.java:<init>(220)) - Init the HA SequenceIdGenerator.
2023-05-03 09:47:51,255 [Time-limited test] WARN  server.ServerUtils (ServerUtils.java:sanitizeUserArgs(73)) - ozone.scm.stale.node.interval value = 300000 is larger than max = 100000 based on the key value of ozone.scm.heartbeat.thread.interval, reset to the max value 100000.
2023-05-03 09:47:51,255 [Time-limited test] WARN  server.ServerUtils (ServerUtils.java:sanitizeUserArgs(73)) - ozone.scm.stale.node.interval value = 300000 is larger than max = 100000 based on the key value of ozone.scm.heartbeat.thread.interval, reset to the max value 100000.
2023-05-03 09:47:51,261 [Time-limited test] INFO  node.SCMNodeManager (SCMNodeManager.java:<init>(159)) - Entering startup safe mode.
2023-05-03 09:47:51,262 [Time-limited test] INFO  algorithms.ContainerPlacementPolicyFactory (ContainerPlacementPolicyFactory.java:getPolicyInternal(86)) - Create container placement policy of type org.apache.hadoop.hdds.scm.container.placement.algorithms.SCMContainerPlacementRackAware
2023-05-03 09:47:51,263 [Time-limited test] INFO  algorithms.ContainerPlacementPolicyFactory (ContainerPlacementPolicyFactory.java:getPolicyInternal(86)) - Create container placement policy of type org.apache.hadoop.hdds.scm.container.placement.algorithms.SCMContainerPlacementRackScatter
2023-05-03 09:47:51,263 [Time-limited test] INFO  pipeline.PipelineStateManagerImpl (PipelineStateManagerImpl.java:initialize(78)) - No pipeline exists in current db
2023-05-03 09:47:51,263 [Time-limited test] INFO  algorithms.LeaderChoosePolicyFactory (LeaderChoosePolicyFactory.java:getPolicy(57)) - Create leader choose policy of type org.apache.hadoop.hdds.scm.pipeline.leader.choose.algorithms.MinLeaderCountChoosePolicy
2023-05-03 09:47:51,263 [Time-limited test] INFO  algorithms.ContainerPlacementPolicyFactory (ContainerPlacementPolicyFactory.java:getPolicyInternal(86)) - Create container placement policy of type org.apache.hadoop.hdds.scm.container.placement.algorithms.SCMContainerPlacementRackScatter
2023-05-03 09:47:51,264 [Time-limited test] INFO  ha.SCMServiceManager (SCMServiceManager.java:register(42)) - Registering service BackgroundPipelineCreator.
2023-05-03 09:47:51,264 [Time-limited test] INFO  pipeline.BackgroundPipelineCreator (BackgroundPipelineCreator.java:start(124)) - Starting RatisPipelineUtilsThread.
2023-05-03 09:47:51,270 [Time-limited test] INFO  BackgroundPipelineScrubber (BackgroundSCMService.java:start(68)) - Starting BackgroundPipelineScrubber Service.
2023-05-03 09:47:51,274 [Time-limited test] INFO  ha.SCMServiceManager (SCMServiceManager.java:register(42)) - Registering service BackgroundPipelineScrubber.
2023-05-03 09:47:51,275 [Time-limited test] INFO  ExpiredContainerReplicaOpScrubber (BackgroundSCMService.java:start(68)) - Starting ExpiredContainerReplicaOpScrubber Service.
2023-05-03 09:47:51,275 [Time-limited test] INFO  ha.SCMServiceManager (SCMServiceManager.java:register(42)) - Registering service ExpiredContainerReplicaOpScrubber.
2023-05-03 09:47:51,283 [Time-limited test] INFO  algorithms.PipelineChoosePolicyFactory (PipelineChoosePolicyFactory.java:createPipelineChoosePolicyFromClass(73)) - Create pipeline choose policy of type org.apache.hadoop.hdds.scm.pipeline.choose.algorithms.RandomPipelineChoosePolicy
2023-05-03 09:47:51,284 [Time-limited test] INFO  ha.SCMServiceManager (SCMServiceManager.java:register(42)) - Registering service SCMBlockDeletingService.
2023-05-03 09:47:51,286 [Time-limited test] INFO  replication.ReplicationManager (ReplicationManager.java:start(291)) - Starting Replication Monitor Thread.
2023-05-03 09:47:51,298 [Time-limited test] INFO  ha.SCMServiceManager (SCMServiceManager.java:register(42)) - Registering service ReplicationManager.
2023-05-03 09:47:51,299 [ReplicationMonitor] INFO  replication.ReplicationManager (ReplicationManager.java:processAll(366)) - Replication Manager is not ready to run until 3000ms after safemode exit
2023-05-03 09:47:51,300 [Time-limited test] INFO  safemode.ContainerSafeModeRule (ContainerSafeModeRule.java:<init>(89)) - containers with one replica threshold count 0
2023-05-03 09:47:51,300 [Time-limited test] INFO  safemode.HealthyPipelineSafeModeRule (HealthyPipelineSafeModeRule.java:initializeRule(169)) - Total pipeline count is 0, healthy pipeline threshold count is 1
2023-05-03 09:47:51,301 [Time-limited test] INFO  safemode.OneReplicaPipelineSafeModeRule (OneReplicaPipelineSafeModeRule.java:initializeRule(180)) - Total pipeline count is 0, pipeline's with at least one datanode reported threshold count is 0
2023-05-03 09:47:51,305 [Time-limited test] INFO  server.StorageContainerManager (StorageContainerManager.java:<init>(403)) - SCM start with adminUsers: [runner]
2023-05-03 09:47:51,305 [Time-limited test] INFO  ipc.CallQueueManager (CallQueueManager.java:<init>(90)) - Using callQueue: class java.util.concurrent.LinkedBlockingQueue, queueCapacity: 2000, scheduler: class org.apache.hadoop.ipc.DefaultRpcScheduler, ipcBackoff: false.
2023-05-03 09:47:51,308 [Socket Reader #1 for port 0] INFO  ipc.Server (Server.java:run(1319)) - Starting Socket Reader #1 for port 0
2023-05-03 09:47:51,315 [Listener at 0.0.0.0/46813] INFO  ipc.CallQueueManager (CallQueueManager.java:<init>(90)) - Using callQueue: class java.util.concurrent.LinkedBlockingQueue, queueCapacity: 2000, scheduler: class org.apache.hadoop.ipc.DefaultRpcScheduler, ipcBackoff: false.
2023-05-03 09:47:51,316 [Socket Reader #1 for port 0] INFO  ipc.Server (Server.java:run(1319)) - Starting Socket Reader #1 for port 0
2023-05-03 09:47:51,318 [Listener at 0.0.0.0/34685] INFO  ipc.CallQueueManager (CallQueueManager.java:<init>(90)) - Using callQueue: class java.util.concurrent.LinkedBlockingQueue, queueCapacity: 2000, scheduler: class org.apache.hadoop.ipc.DefaultRpcScheduler, ipcBackoff: false.
2023-05-03 09:47:51,319 [Socket Reader #1 for port 0] INFO  ipc.Server (Server.java:run(1319)) - Starting Socket Reader #1 for port 0
2023-05-03 09:47:51,331 [Listener at 0.0.0.0/45141] INFO  ha.SCMServiceManager (SCMServiceManager.java:register(42)) - Registering service ContainerBalancer.
2023-05-03 09:47:51,334 [Listener at 0.0.0.0/45141] INFO  server.StorageContainerManager (StorageContainerManager.java:<init>(420)) - 
Container Balancer status:
Key                            Value
Running                        false
Container Balancer Configuration values:
Key                                                Value
Threshold                                          10
Max Datanodes to Involve per Iteration(percent)    20
Max Size to Move per Iteration                     500GB
Max Size Entering Target per Iteration             26GB
Max Size Leaving Source per Iteration              26GB

2023-05-03 09:47:51,334 [Listener at 0.0.0.0/45141] INFO  ha.SCMContext (SCMContext.java:updateSafeModeStatus(228)) - Update SafeModeStatus from SafeModeStatus{safeModeStatus=true, preCheckPassed=false} to SafeModeStatus{safeModeStatus=true, preCheckPassed=false}.
2023-05-03 09:47:51,335 [Listener at 0.0.0.0/45141] INFO  server.StorageContainerManager (StorageContainerManager.java:start(1477)) - StorageContainerLocationProtocol RPC server is listening at /0.0.0.0:45141
2023-05-03 09:47:51,338 [Listener at 0.0.0.0/45141] WARN  impl.MetricsConfig (MetricsConfig.java:loadFirst(136)) - Cannot locate configuration: tried hadoop-metrics2-storagecontainermanager.properties,hadoop-metrics2.properties
2023-05-03 09:47:51,343 [Listener at 0.0.0.0/45141] INFO  impl.MetricsSystemImpl (MetricsSystemImpl.java:startTimer(378)) - Scheduled Metric snapshot period at 10 second(s).
2023-05-03 09:47:51,343 [Listener at 0.0.0.0/45141] INFO  impl.MetricsSystemImpl (MetricsSystemImpl.java:start(191)) - StorageContainerManager metrics system started
2023-05-03 09:47:51,383 [Listener at 0.0.0.0/45141] INFO  impl.MetricsSinkAdapter (MetricsSinkAdapter.java:start(204)) - Sink prometheus started
2023-05-03 09:47:51,383 [Listener at 0.0.0.0/45141] INFO  impl.MetricsSystemImpl (MetricsSystemImpl.java:registerSink(305)) - Registered sink prometheus
2023-05-03 09:47:51,440 [Listener at 0.0.0.0/45141] INFO  server.SCMClientProtocolServer (SCMClientProtocolServer.java:start(199)) - RPC server for Client  is listening at /0.0.0.0:45141
2023-05-03 09:47:51,440 [IPC Server Responder] INFO  ipc.Server (Server.java:run(1558)) - IPC Server Responder: starting
2023-05-03 09:47:51,440 [IPC Server listener on 0] INFO  ipc.Server (Server.java:run(1398)) - IPC Server listener on 0: starting
2023-05-03 09:47:51,457 [Listener at 0.0.0.0/45141] INFO  server.StorageContainerManager (StorageContainerManager.java:start(1491)) - ScmBlockLocationProtocol RPC server is listening at /0.0.0.0:34685
2023-05-03 09:47:51,458 [Listener at 0.0.0.0/45141] INFO  server.SCMBlockProtocolServer (SCMBlockProtocolServer.java:start(152)) - RPC server for Block Protocol is listening at /0.0.0.0:34685
2023-05-03 09:47:51,458 [IPC Server Responder] INFO  ipc.Server (Server.java:run(1558)) - IPC Server Responder: starting
2023-05-03 09:47:51,466 [IPC Server listener on 0] INFO  ipc.Server (Server.java:run(1398)) - IPC Server listener on 0: starting
2023-05-03 09:47:51,472 [Listener at 0.0.0.0/45141] INFO  server.SCMDatanodeProtocolServer (SCMDatanodeProtocolServer.java:start(193)) - ScmDatanodeProtocol RPC server for DataNodes is listening at /0.0.0.0:46813
2023-05-03 09:47:51,474 [IPC Server Responder] INFO  ipc.Server (Server.java:run(1558)) - IPC Server Responder: starting
2023-05-03 09:47:51,479 [IPC Server listener on 0] INFO  ipc.Server (Server.java:run(1398)) - IPC Server listener on 0: starting
2023-05-03 09:47:51,483 [org.apache.hadoop.util.JvmPauseMonitor$Monitor@d4f7763] INFO  util.JvmPauseMonitor (JvmPauseMonitor.java:run(188)) - Starting JVM pause monitor
2023-05-03 09:47:51,484 [Listener at 0.0.0.0/45141] INFO  http.BaseHttpServer (BaseHttpServer.java:newHttpServer2BuilderForOzone(224)) - Starting Web-server for scm at: http://0.0.0.0:0
2023-05-03 09:47:51,484 [Listener at 0.0.0.0/45141] INFO  http.BaseHttpServer (BaseHttpServer.java:<init>(111)) - Hadoop Security Enabled: false Ozone Security Enabled: false Ozone HTTP Security Enabled: false 
2023-05-03 09:47:51,487 [Listener at 0.0.0.0/45141] WARN  server.AuthenticationFilter (AuthenticationFilter.java:constructSecretProvider(240)) - Unable to initialize FileSignerSecretProvider, falling back to use random secrets. Reason: Could not read signature secret file: /home/runner/hadoop-http-auth-signature-secret
2023-05-03 09:47:51,490 [Listener at 0.0.0.0/45141] INFO  http.HttpRequestLog (HttpRequestLog.java:getRequestLog(86)) - Http request log for http.requests.scm is not defined
2023-05-03 09:47:51,492 [Listener at 0.0.0.0/45141] INFO  http.HttpServer2 (HttpServer2.java:addGlobalFilter(1031)) - Added global filter 'safety' (class=org.apache.hadoop.hdds.server.http.HttpServer2$QuotingInputFilter)
2023-05-03 09:47:51,493 [Listener at 0.0.0.0/45141] INFO  http.HttpServer2 (HttpServer2.java:addFilter(1007)) - Added filter static_user_filter (class=org.apache.hadoop.http.lib.StaticUserWebFilter$StaticUserFilter) to context scm
2023-05-03 09:47:51,493 [Listener at 0.0.0.0/45141] INFO  http.HttpServer2 (HttpServer2.java:addFilter(1015)) - Added filter static_user_filter (class=org.apache.hadoop.http.lib.StaticUserWebFilter$StaticUserFilter) to context static
2023-05-03 09:47:51,493 [Listener at 0.0.0.0/45141] INFO  http.HttpServer2 (HttpServer2.java:addFilter(1015)) - Added filter static_user_filter (class=org.apache.hadoop.http.lib.StaticUserWebFilter$StaticUserFilter) to context logs
2023-05-03 09:47:51,494 [Listener at 0.0.0.0/45141] INFO  http.BaseHttpServer (BaseHttpServer.java:<init>(190)) - HTTP server of scm uses base directory /home/runner/work/ozone/ozone/hadoop-ozone/integration-test/target/test-dir/MiniOzoneClusterImpl-4bec65cc-6935-45f5-a4e0-5572db01fbff/ozone-meta/webserver
2023-05-03 09:47:51,494 [Listener at 0.0.0.0/45141] INFO  http.HttpServer2 (HttpServer2.java:bindListener(1250)) - Jetty bound to port 46403
2023-05-03 09:47:51,502 [Listener at 0.0.0.0/45141] INFO  server.Server (Server.java:doStart(375)) - jetty-9.4.51.v20230217; built: 2023-02-17T08:19:37.309Z; git: b45c405e4544384de066f814ed42ae3dceacdd49; jvm 1.8.0_362-b09
2023-05-03 09:47:51,507 [Listener at 0.0.0.0/45141] INFO  server.session (DefaultSessionIdManager.java:doStart(334)) - DefaultSessionIdManager workerName=node0
2023-05-03 09:47:51,507 [Listener at 0.0.0.0/45141] INFO  server.session (DefaultSessionIdManager.java:doStart(339)) - No SessionScavenger set, using defaults
2023-05-03 09:47:51,508 [Listener at 0.0.0.0/45141] INFO  server.session (HouseKeeper.java:startScavenging(132)) - node0 Scavenging every 660000ms
2023-05-03 09:47:51,509 [Listener at 0.0.0.0/45141] INFO  handler.ContextHandler (ContextHandler.java:doStart(921)) - Started o.e.j.s.ServletContextHandler@7649fb52{logs,/logs,file:///home/runner/work/ozone/ozone/hadoop-ozone/integration-test/target/log,AVAILABLE}
2023-05-03 09:47:51,509 [Listener at 0.0.0.0/45141] INFO  handler.ContextHandler (ContextHandler.java:doStart(921)) - Started o.e.j.s.ServletContextHandler@43d28336{static,/static,file:///home/runner/work/ozone/ozone/hadoop-ozone/integration-test/target/test-classes/webapps/static,AVAILABLE}
2023-05-03 09:47:51,519 [Listener at 0.0.0.0/45141] INFO  handler.ContextHandler (ContextHandler.java:doStart(921)) - Started o.e.j.w.WebAppContext@26112082{scm,/,file:///home/runner/work/ozone/ozone/hadoop-ozone/integration-test/target/test-classes/webapps/scm/,AVAILABLE}{file:/home/runner/work/ozone/ozone/hadoop-ozone/integration-test/target/test-classes/webapps/scm}
2023-05-03 09:47:51,522 [Listener at 0.0.0.0/45141] INFO  server.AbstractConnector (AbstractConnector.java:doStart(333)) - Started ServerConnector@71e62c53{HTTP/1.1, (http/1.1)}{0.0.0.0:46403}
2023-05-03 09:47:51,522 [Listener at 0.0.0.0/45141] INFO  server.Server (Server.java:doStart(415)) - Started @114647ms
2023-05-03 09:47:51,522 [Listener at 0.0.0.0/45141] WARN  impl.MetricsSystemImpl (MetricsSystemImpl.java:register(279)) - Sink prometheus already exists!
2023-05-03 09:47:51,523 [Listener at 0.0.0.0/45141] INFO  http.BaseHttpServer (BaseHttpServer.java:updateConnectorAddress(344)) - HTTP server of scm listening at http://0.0.0.0:46403
2023-05-03 09:47:51,524 [Listener at 0.0.0.0/45141] WARN  server.ServerUtils (ServerUtils.java:getDBPath(225)) - ozone.om.db.dirs is not configured. We recommend adding this setting. Falling back to ozone.metadata.dirs instead.
2023-05-03 09:47:51,527 [Listener at 0.0.0.0/45141] INFO  ha.OMHANodeDetails (OMHANodeDetails.java:loadOMHAConfig(115)) - ozone.om.internal.service.id is not defined, falling back to ozone.om.service.ids to find serviceID for OzoneManager if it is HA enabled cluster
2023-05-03 09:47:51,527 [Listener at 0.0.0.0/45141] INFO  ha.OMHANodeDetails (OMHANodeDetails.java:loadOMHAConfig(226)) - Configuration does not have ozone.om.address set. Falling back to the default OM address /127.0.0.1:0
2023-05-03 09:47:51,527 [Listener at 0.0.0.0/45141] INFO  ha.OMHANodeDetails (OMHANodeDetails.java:getOMNodeDetailsForNonHA(254)) - OM Service ID is not set. Setting it to the default ID: omServiceIdDefault
2023-05-03 09:47:51,527 [Listener at 0.0.0.0/45141] INFO  ha.OMHANodeDetails (OMHANodeDetails.java:getOMNodeDetailsForNonHA(261)) - OM Node ID is not set. Setting it to the default ID: om1
2023-05-03 09:47:51,527 [Listener at 0.0.0.0/45141] WARN  server.ServerUtils (ServerUtils.java:getDBPath(225)) - ozone.om.db.dirs is not configured. We recommend adding this setting. Falling back to ozone.metadata.dirs instead.
2023-05-03 09:47:51,529 [Listener at 0.0.0.0/45141] INFO  upgrade.AbstractLayoutVersionManager (AbstractLayoutVersionManager.java:init(83)) - Initializing Layout version manager with metadata layout = HSYNC (version = 4), software layout = HSYNC (version = 4)
2023-05-03 09:47:51,733 [Listener at 0.0.0.0/45141] INFO  reflections.Reflections (Reflections.java:scan(232)) - Reflections took 201 ms to scan 2 urls, producing 172 keys and 478 values [using 2 cores]
2023-05-03 09:47:51,733 [Listener at 0.0.0.0/45141] INFO  upgrade.OMLayoutVersionManager (OMLayoutVersionManager.java:lambda$0(115)) - Skipping Upgrade Action MockOmUpgradeAction since it has been finalized.
2023-05-03 09:47:51,734 [Listener at 0.0.0.0/45141] WARN  server.ServerUtils (ServerUtils.java:getDBPath(225)) - ozone.om.db.dirs is not configured. We recommend adding this setting. Falling back to ozone.metadata.dirs instead.
2023-05-03 09:47:51,735 [Listener at 0.0.0.0/45141] INFO  proxy.SCMBlockLocationFailoverProxyProvider (SCMBlockLocationFailoverProxyProvider.java:<init>(114)) - Created block location fail-over proxy with 1 nodes: [nodeId=scmNodeId,nodeAddress=/0.0.0.0:34685]
2023-05-03 09:47:51,742 [Listener at 0.0.0.0/45141] INFO  proxy.SCMBlockLocationFailoverProxyProvider (SCMBlockLocationFailoverProxyProvider.java:<init>(114)) - Created block location fail-over proxy with 1 nodes: [nodeId=scmNodeId,nodeAddress=/0.0.0.0:34685]
2023-05-03 09:47:51,760 [Listener at 0.0.0.0/45141] INFO  om.OzoneManager (OzoneManager.java:<init>(634)) - OM start with adminUsers: [runner]
2023-05-03 09:47:51,761 [Listener at 0.0.0.0/45141] WARN  server.ServerUtils (ServerUtils.java:getDBPath(225)) - ozone.om.db.dirs is not configured. We recommend adding this setting. Falling back to ozone.metadata.dirs instead.
2023-05-03 09:47:51,762 [Listener at 0.0.0.0/45141] INFO  codec.OmKeyInfoCodec (OmKeyInfoCodec.java:<init>(49)) - OmKeyInfoCodec ignorePipeline = true
2023-05-03 09:47:51,762 [Listener at 0.0.0.0/45141] INFO  codec.RepeatedOmKeyInfoCodec (RepeatedOmKeyInfoCodec.java:<init>(41)) - RepeatedOmKeyInfoCodec ignorePipeline = true
2023-05-03 09:47:51,935 [Listener at 0.0.0.0/45141] INFO  om.OzoneManager (OzoneManager.java:instantiateServices(764)) - S3 Multi-Tenancy is disabled
2023-05-03 09:47:51,937 [Listener at 0.0.0.0/45141] WARN  server.ServerUtils (ServerUtils.java:getDBPath(225)) - ozone.om.snapshot.diff.db.dir is not configured. We recommend adding this setting. Falling back to ozone.metadata.dirs instead.
2023-05-03 09:47:51,957 [Listener at 0.0.0.0/45141] INFO  om.OzoneManager (OzoneManager.java:addS3GVolumeToDB(4263)) - Created Volume s3v With Owner runner required for S3Gateway operations.
2023-05-03 09:47:51,957 [Listener at 0.0.0.0/45141] WARN  server.ServerUtils (ServerUtils.java:getDefaultRatisDirectory(237)) - Storage directory for Ratis is not configured. It is a good idea to map this to an SSD disk. Falling back to ozone.metadata.dirs
2023-05-03 09:47:51,957 [Listener at 0.0.0.0/45141] WARN  utils.OzoneManagerRatisUtils (OzoneManagerRatisUtils.java:getOMRatisSnapshotDirectory(459)) - ozone.om.ratis.snapshot.dir is not configured. Falling back to ozone.metadata.dirs config
2023-05-03 09:47:51,958 [Listener at 0.0.0.0/45141] WARN  server.ServerUtils (ServerUtils.java:getDefaultRatisDirectory(237)) - Storage directory for Ratis is not configured. It is a good idea to map this to an SSD disk. Falling back to ozone.metadata.dirs
2023-05-03 09:47:51,962 [Listener at 0.0.0.0/45141] INFO  ratis.OzoneManagerRatisServer (OzoneManagerRatisServer.java:<init>(163)) - Instantiating OM Ratis server with groupID: omServiceIdDefault and peers: localhost:9872
2023-05-03 09:47:51,962 [Listener at 0.0.0.0/45141] INFO  ratis.OzoneManagerStateMachine (OzoneManagerStateMachine.java:loadSnapshotInfoFromDB(670)) - LastAppliedIndex is set from TransactionInfo from OM DB as (t:0, i:~)
2023-05-03 09:47:51,967 [Listener at 0.0.0.0/45141] INFO  server.RaftServer (ConfUtils.java:logGet(46)) - raft.rpc.type = GRPC (default)
2023-05-03 09:47:51,967 [Listener at 0.0.0.0/45141] INFO  grpc.GrpcConfigKeys (ConfUtils.java:logFallback(53)) - raft.grpc.admin.host = null (fallback to raft.grpc.server.host)
2023-05-03 09:47:51,967 [Listener at 0.0.0.0/45141] INFO  grpc.GrpcConfigKeys (ConfUtils.java:logFallback(53)) - raft.grpc.admin.port = 9872 (fallback to raft.grpc.server.port)
2023-05-03 09:47:51,967 [Listener at 0.0.0.0/45141] INFO  grpc.GrpcConfigKeys (ConfUtils.java:logFallback(53)) - raft.grpc.client.host = null (fallback to raft.grpc.server.host)
2023-05-03 09:47:51,967 [Listener at 0.0.0.0/45141] INFO  grpc.GrpcConfigKeys (ConfUtils.java:logFallback(53)) - raft.grpc.client.port = 9872 (fallback to raft.grpc.server.port)
2023-05-03 09:47:51,967 [Listener at 0.0.0.0/45141] INFO  grpc.GrpcConfigKeys (ConfUtils.java:logGet(46)) - raft.grpc.server.host = null (default)
2023-05-03 09:47:51,967 [Listener at 0.0.0.0/45141] INFO  grpc.GrpcConfigKeys (ConfUtils.java:logGet(46)) - raft.grpc.server.port = 9872 (custom)
2023-05-03 09:47:51,967 [Listener at 0.0.0.0/45141] INFO  server.GrpcService (ConfUtils.java:logGet(46)) - raft.grpc.message.size.max = 33554432 (custom)
2023-05-03 09:47:51,967 [Listener at 0.0.0.0/45141] INFO  server.RaftServerConfigKeys (ConfUtils.java:logGet(46)) - raft.server.log.appender.buffer.byte-limit = 33554432 (custom)
2023-05-03 09:47:51,967 [Listener at 0.0.0.0/45141] INFO  server.GrpcService (ConfUtils.java:logGet(46)) - raft.grpc.flow.control.window = 1MB (=1048576) (default)
2023-05-03 09:47:51,967 [Listener at 0.0.0.0/45141] INFO  server.RaftServerConfigKeys (ConfUtils.java:logGet(46)) - raft.server.rpc.request.timeout = 3000ms (default)
2023-05-03 09:47:51,968 [Listener at 0.0.0.0/45141] INFO  grpc.GrpcConfigKeys (ConfUtils.java:logGet(46)) - raft.grpc.server.heartbeat.channel = true (default)
2023-05-03 09:47:51,969 [Listener at 0.0.0.0/45141] INFO  grpc.GrpcConfigKeys (ConfUtils.java:logGet(46)) - raft.grpc.server.async.request.thread.pool.cached = true (default)
2023-05-03 09:47:51,969 [Listener at 0.0.0.0/45141] INFO  grpc.GrpcConfigKeys (ConfUtils.java:logGet(46)) - raft.grpc.server.async.request.thread.pool.size = 32 (default)
2023-05-03 09:47:51,972 [Listener at 0.0.0.0/45141] INFO  impl.DataStreamServerImpl (ConfUtils.java:logGet(46)) - raft.datastream.type = DISABLED (default)
2023-05-03 09:47:51,972 [Listener at 0.0.0.0/45141] INFO  server.RaftServerConfigKeys (ConfUtils.java:logGet(46)) - raft.server.threadpool.proxy.cached = true (default)
2023-05-03 09:47:51,974 [Listener at 0.0.0.0/45141] INFO  server.RaftServerConfigKeys (ConfUtils.java:logGet(46)) - raft.server.threadpool.proxy.size = 0 (default)
2023-05-03 09:47:51,974 [Listener at 0.0.0.0/45141] INFO  server.RaftServerConfigKeys (ConfUtils.java:logGet(46)) - raft.server.rpc.slowness.timeout = 120s (custom)
2023-05-03 09:47:51,974 [Listener at 0.0.0.0/45141] INFO  server.RaftServerConfigKeys (ConfUtils.java:logGet(46)) - raft.server.leaderelection.leader.step-down.wait-time = 10s (default)
2023-05-03 09:47:51,974 [Listener at 0.0.0.0/45141] INFO  server.RaftServerConfigKeys (ConfUtils.java:logGet(46)) - raft.server.storage.dir = [/home/runner/work/ozone/ozone/hadoop-ozone/integration-test/target/test-dir/MiniOzoneClusterImpl-4bec65cc-6935-45f5-a4e0-5572db01fbff/ozone-meta/ratis] (custom)
2023-05-03 09:47:51,980 [Listener at 0.0.0.0/45141] INFO  server.RaftServer (RaftServerProxy.java:addNew(96)) - om1: addNew group-C5BA1605619E:[om1|rpc:localhost:9872|priority:0|startupRole:FOLLOWER] returns group-C5BA1605619E:java.util.concurrent.CompletableFuture@514438ae[Not completed]
2023-05-03 09:47:51,980 [pool-610-thread-1] INFO  server.RaftServer$Division (RaftServerImpl.java:<init>(195)) - om1: new RaftServerImpl for group-C5BA1605619E:[om1|rpc:localhost:9872|priority:0|startupRole:FOLLOWER] with OzoneManagerStateMachine:uninitialized
2023-05-03 09:47:51,980 [Listener at 0.0.0.0/45141] INFO  om.OzoneManager (OzoneManager.java:initializeRatisServer(2106)) - OzoneManager Ratis server initialized at port 9872
2023-05-03 09:47:51,981 [Listener at 0.0.0.0/45141] INFO  om.OzoneManager (OzoneManager.java:getRpcServer(1153)) - Creating RPC Server
2023-05-03 09:47:51,981 [pool-610-thread-1] INFO  server.RaftServerConfigKeys (ConfUtils.java:logGet(46)) - raft.server.rpc.timeout.min = 1s (custom)
2023-05-03 09:47:51,981 [pool-610-thread-1] INFO  server.RaftServerConfigKeys (ConfUtils.java:logGet(46)) - raft.server.rpc.timeout.max = 1200ms (custom)
2023-05-03 09:47:51,981 [pool-610-thread-1] INFO  server.RaftServerConfigKeys (ConfUtils.java:logGet(46)) - raft.server.rpc.sleep.time = 25ms (default)
2023-05-03 09:47:51,981 [pool-610-thread-1] INFO  server.RaftServerConfigKeys (ConfUtils.java:logGet(46)) - raft.server.rpc.slowness.timeout = 120s (custom)
2023-05-03 09:47:51,981 [pool-610-thread-1] INFO  server.RaftServerConfigKeys (ConfUtils.java:logGet(46)) - raft.server.leaderelection.leader.step-down.wait-time = 10s (default)
2023-05-03 09:47:51,981 [pool-610-thread-1] INFO  server.RaftServerConfigKeys (ConfUtils.java:logGet(46)) - raft.server.sleep.deviation.threshold = 300ms (default)
2023-05-03 09:47:51,981 [pool-610-thread-1] INFO  server.RaftServer$Division (ServerState.java:<init>(118)) - om1@group-C5BA1605619E: ConfigurationManager, init=-1: peers:[om1|rpc:localhost:9872|priority:0|startupRole:FOLLOWER]|listeners:[], old=null, confs=<EMPTY_MAP>
2023-05-03 09:47:51,981 [pool-610-thread-1] INFO  server.RaftServerConfigKeys (ConfUtils.java:logGet(46)) - raft.server.storage.dir = [/home/runner/work/ozone/ozone/hadoop-ozone/integration-test/target/test-dir/MiniOzoneClusterImpl-4bec65cc-6935-45f5-a4e0-5572db01fbff/ozone-meta/ratis] (custom)
2023-05-03 09:47:51,981 [pool-610-thread-1] INFO  server.RaftServerConfigKeys (ConfUtils.java:logGet(46)) - raft.server.log.corruption.policy = EXCEPTION (default)
2023-05-03 09:47:51,981 [pool-610-thread-1] INFO  server.RaftServerConfigKeys (ConfUtils.java:logGet(46)) - raft.server.storage.free-space.min = 0MB (=0) (default)
2023-05-03 09:47:51,981 [pool-610-thread-1] INFO  server.RaftServerConfigKeys (ConfUtils.java:logGet(46)) - raft.server.notification.no-leader.timeout = 120s (custom)
2023-05-03 09:47:51,981 [pool-610-thread-1] INFO  server.RaftServerConfigKeys (ConfUtils.java:logGet(46)) - raft.server.retrycache.expirytime = 300s (custom)
2023-05-03 09:47:51,981 [pool-610-thread-1] INFO  server.RaftServerConfigKeys (ConfUtils.java:logGet(46)) - raft.server.retrycache.statistics.expirytime = 100μs (default)
2023-05-03 09:47:51,982 [pool-610-thread-1] INFO  server.RaftServerConfigKeys (ConfUtils.java:logGet(46)) - raft.server.log.appender.install.snapshot.enabled = false (custom)
2023-05-03 09:47:51,982 [pool-610-thread-1] INFO  server.RaftServerConfigKeys (ConfUtils.java:logGet(46)) - raft.server.threadpool.server.cached = true (default)
2023-05-03 09:47:51,982 [pool-610-thread-1] INFO  server.RaftServerConfigKeys (ConfUtils.java:logGet(46)) - raft.server.threadpool.server.size = 0 (default)
2023-05-03 09:47:51,982 [pool-610-thread-1] INFO  server.RaftServerConfigKeys (ConfUtils.java:logGet(46)) - raft.server.threadpool.client.cached = true (default)
2023-05-03 09:47:51,982 [pool-610-thread-1] INFO  server.RaftServerConfigKeys (ConfUtils.java:logGet(46)) - raft.server.threadpool.client.size = 0 (default)
2023-05-03 09:47:52,864 [Listener at 0.0.0.0/45141] INFO  reflections.Reflections (Reflections.java:scan(232)) - Reflections took 877 ms to scan 19 urls, producing 68 keys and 5124 values [using 2 cores]
2023-05-03 09:47:52,868 [Listener at 0.0.0.0/45141] INFO  ipc.CallQueueManager (CallQueueManager.java:<init>(90)) - Using callQueue: class java.util.concurrent.LinkedBlockingQueue, queueCapacity: 2000, scheduler: class org.apache.hadoop.ipc.DefaultRpcScheduler, ipcBackoff: false.
2023-05-03 09:47:52,871 [Socket Reader #1 for port 0] INFO  ipc.Server (Server.java:run(1319)) - Starting Socket Reader #1 for port 0
2023-05-03 09:47:52,919 [Listener at 127.0.0.1/36541] INFO  impl.MetricsSystemImpl (MetricsSystemImpl.java:init(158)) - OzoneManager metrics system started (again)
2023-05-03 09:47:52,947 [Listener at 127.0.0.1/36541] INFO  om.OzoneManager (OzoneManager.java:start(1574)) - OzoneManager RPC server is listening at localhost/127.0.0.1:36541
2023-05-03 09:47:52,947 [Listener at 127.0.0.1/36541] INFO  ratis.OzoneManagerRatisServer (OzoneManagerRatisServer.java:start(558)) - Starting OzoneManagerRatisServer om1 at port 9872
2023-05-03 09:47:52,948 [om1-impl-thread1] INFO  storage.RaftStorageDirectory (RaftStorageDirectoryImpl.java:analyzeStorage(137)) - The storage directory /home/runner/work/ozone/ozone/hadoop-ozone/integration-test/target/test-dir/MiniOzoneClusterImpl-4bec65cc-6935-45f5-a4e0-5572db01fbff/ozone-meta/ratis/bf265839-605b-3f16-9796-c5ba1605619e does not exist. Creating ...
2023-05-03 09:47:52,949 [om1-impl-thread1] INFO  storage.RaftStorageDirectory (RaftStorageDirectoryImpl.java:tryLock(231)) - Lock on /home/runner/work/ozone/ozone/hadoop-ozone/integration-test/target/test-dir/MiniOzoneClusterImpl-4bec65cc-6935-45f5-a4e0-5572db01fbff/ozone-meta/ratis/bf265839-605b-3f16-9796-c5ba1605619e/in_use.lock acquired by nodename 7780@fv-az139-793
2023-05-03 09:47:52,950 [om1-impl-thread1] INFO  storage.RaftStorage (RaftStorageImpl.java:format(96)) - Storage directory /home/runner/work/ozone/ozone/hadoop-ozone/integration-test/target/test-dir/MiniOzoneClusterImpl-4bec65cc-6935-45f5-a4e0-5572db01fbff/ozone-meta/ratis/bf265839-605b-3f16-9796-c5ba1605619e has been successfully formatted.
2023-05-03 09:47:52,950 [om1-impl-thread1] INFO  server.RaftServerConfigKeys (ConfUtils.java:logGet(46)) - raft.server.log.use.memory = false (default)
2023-05-03 09:47:52,950 [om1-impl-thread1] INFO  server.RaftServerConfigKeys (ConfUtils.java:logGet(46)) - raft.server.log.purge.gap = 1000000 (custom)
2023-05-03 09:47:52,950 [om1-impl-thread1] INFO  server.RaftServerConfigKeys (ConfUtils.java:logGet(46)) - raft.server.log.appender.buffer.byte-limit = 33554432 (custom)
2023-05-03 09:47:52,950 [om1-impl-thread1] INFO  server.RaftServerConfigKeys (ConfUtils.java:logGet(46)) - raft.server.log.statemachine.data.read.timeout = 1000ms (default)
2023-05-03 09:47:52,950 [om1-impl-thread1] INFO  server.RaftServerConfigKeys (ConfUtils.java:logGet(46)) - raft.server.log.purge.preservation.log.num = 0 (default)
2023-05-03 09:47:52,951 [om1-impl-thread1] INFO  server.RaftServerConfigKeys (ConfUtils.java:logGet(46)) - raft.server.log.segment.size.max = 4194304 (custom)
2023-05-03 09:47:52,951 [om1-impl-thread1] INFO  server.RaftServerConfigKeys (ConfUtils.java:logGet(46)) - raft.server.log.segment.cache.num.max = 2 (custom)
2023-05-03 09:47:52,956 [om1-impl-thread1] INFO  server.RaftServerConfigKeys (ConfUtils.java:logGet(46)) - raft.server.log.segment.cache.size.max = 200MB (=209715200) (default)
2023-05-03 09:47:52,956 [om1-impl-thread1] INFO  segmented.SegmentedRaftLogWorker (SegmentedRaftLogWorker.java:<init>(189)) - new om1@group-C5BA1605619E-SegmentedRaftLogWorker for RaftStorageImpl:Storage Directory /home/runner/work/ozone/ozone/hadoop-ozone/integration-test/target/test-dir/MiniOzoneClusterImpl-4bec65cc-6935-45f5-a4e0-5572db01fbff/ozone-meta/ratis/bf265839-605b-3f16-9796-c5ba1605619e
2023-05-03 09:47:52,956 [om1-impl-thread1] INFO  server.RaftServerConfigKeys (ConfUtils.java:logGet(46)) - raft.server.log.queue.byte-limit = 64MB (=67108864) (default)
2023-05-03 09:47:52,956 [om1-impl-thread1] INFO  server.RaftServerConfigKeys (ConfUtils.java:logGet(46)) - raft.server.log.queue.element-limit = 4096 (default)
2023-05-03 09:47:52,956 [om1-impl-thread1] INFO  server.RaftServerConfigKeys (ConfUtils.java:logGet(46)) - raft.server.log.segment.size.max = 4194304 (custom)
2023-05-03 09:47:52,956 [om1-impl-thread1] INFO  server.RaftServerConfigKeys (ConfUtils.java:logGet(46)) - raft.server.log.preallocated.size = 4194304 (custom)
2023-05-03 09:47:52,956 [om1-impl-thread1] INFO  server.RaftServerConfigKeys (ConfUtils.java:logGet(46)) - raft.server.log.force.sync.num = 128 (default)
2023-05-03 09:47:52,956 [om1-impl-thread1] INFO  server.RaftServerConfigKeys (ConfUtils.java:logGet(46)) - raft.server.log.statemachine.data.sync = true (default)
2023-05-03 09:47:52,956 [om1-impl-thread1] INFO  server.RaftServerConfigKeys (ConfUtils.java:logGet(46)) - raft.server.log.statemachine.data.sync.timeout = 10s (default)
2023-05-03 09:47:52,956 [om1-impl-thread1] INFO  server.RaftServerConfigKeys (ConfUtils.java:logGet(46)) - raft.server.log.statemachine.data.sync.timeout.retry = -1 (default)
2023-05-03 09:47:52,957 [om1-impl-thread1] INFO  server.RaftServerConfigKeys (ConfUtils.java:logGet(46)) - raft.server.log.write.buffer.size = 64KB (=65536) (default)
2023-05-03 09:47:52,957 [om1-impl-thread1] INFO  server.RaftServerConfigKeys (ConfUtils.java:logGet(46)) - raft.server.log.appender.buffer.byte-limit = 33554432 (custom)
2023-05-03 09:47:52,960 [om1-impl-thread1] INFO  server.RaftServerConfigKeys (ConfUtils.java:logGet(46)) - raft.server.log.unsafe-flush.enabled = false (default)
2023-05-03 09:47:52,960 [om1-impl-thread1] INFO  server.RaftServerConfigKeys (ConfUtils.java:logGet(46)) - raft.server.log.async-flush.enabled = false (default)
2023-05-03 09:47:52,960 [om1-impl-thread1] INFO  server.RaftServerConfigKeys (ConfUtils.java:logGet(46)) - raft.server.log.statemachine.data.caching.enabled = false (default)
2023-05-03 09:47:52,960 [om1-impl-thread1] INFO  segmented.SegmentedRaftLogWorker (SegmentedRaftLogWorker.java:lambda$new$0(135)) - om1@group-C5BA1605619E-SegmentedRaftLogWorker: flushIndex: setUnconditionally 0 -> -1
2023-05-03 09:47:52,960 [om1-impl-thread1] INFO  segmented.SegmentedRaftLogWorker (SegmentedRaftLogWorker.java:lambda$new$0(135)) - om1@group-C5BA1605619E-SegmentedRaftLogWorker: safeCacheEvictIndex: setUnconditionally 0 -> -1
2023-05-03 09:47:52,965 [om1-impl-thread1] INFO  server.RaftServer$Division (RaftServerImpl.java:start(334)) - om1@group-C5BA1605619E: start as a follower, conf=-1: peers:[om1|rpc:localhost:9872|priority:0|startupRole:FOLLOWER]|listeners:[], old=null
2023-05-03 09:47:52,965 [om1-impl-thread1] INFO  server.RaftServer$Division (RaftServerImpl.java:setRole(321)) - om1@group-C5BA1605619E: changes role from      null to FOLLOWER at term 0 for startAsFollower
2023-05-03 09:47:52,965 [om1-impl-thread1] INFO  impl.RoleInfo (RoleInfo.java:updateAndGet(139)) - om1: start om1@group-C5BA1605619E-FollowerState
2023-05-03 09:47:52,966 [om1-impl-thread1] INFO  util.JmxRegister (JmxRegister.java:tryRegister(44)) - Successfully registered JMX Bean with object name Ratis:service=RaftServer,group=group-C5BA1605619E,id=om1
2023-05-03 09:47:52,966 [om1-impl-thread1] INFO  server.RaftServerConfigKeys (ConfUtils.java:logGet(46)) - raft.server.snapshot.auto.trigger.enabled = true (custom)
2023-05-03 09:47:52,966 [om1-impl-thread1] INFO  server.RaftServerConfigKeys (ConfUtils.java:logGet(46)) - raft.server.snapshot.auto.trigger.threshold = 400000 (default)
2023-05-03 09:47:52,966 [om1-impl-thread1] INFO  server.RaftServerConfigKeys (ConfUtils.java:logGet(46)) - raft.server.snapshot.retention.file.num = -1 (default)
2023-05-03 09:47:52,966 [om1-impl-thread1] INFO  server.RaftServerConfigKeys (ConfUtils.java:logGet(46)) - raft.server.log.purge.upto.snapshot.index = true (custom)
2023-05-03 09:47:52,967 [om1@group-C5BA1605619E-FollowerState] INFO  server.RaftServerConfigKeys (ConfUtils.java:logFallback(53)) - raft.server.rpc.first-election.timeout.min = 1s (fallback to raft.server.rpc.timeout.min)
2023-05-03 09:47:52,967 [om1@group-C5BA1605619E-FollowerState] INFO  server.RaftServerConfigKeys (ConfUtils.java:logFallback(53)) - raft.server.rpc.first-election.timeout.max = 1200ms (fallback to raft.server.rpc.timeout.max)
2023-05-03 09:47:52,967 [Listener at 127.0.0.1/36541] INFO  server.RaftServer (RaftServerProxy.java:startImpl(393)) - om1: start RPC server
2023-05-03 09:47:52,974 [Listener at 127.0.0.1/36541] INFO  server.GrpcService (GrpcService.java:startImpl(262)) - om1: GrpcService started, listening on 9872
2023-05-03 09:47:52,974 [Listener at 127.0.0.1/36541] INFO  om.OzoneManager (OzoneManager.java:start(1590)) - Version File has different layout version (4) than OM DB (null). That is expected if this OM has never been finalized to a newer layout version.
2023-05-03 09:47:52,975 [JvmPauseMonitor12] INFO  util.JvmPauseMonitor (JvmPauseMonitor.java:run(105)) - JvmPauseMonitor-om1: Started
2023-05-03 09:47:52,984 [Listener at 127.0.0.1/36541] INFO  http.BaseHttpServer (BaseHttpServer.java:newHttpServer2BuilderForOzone(224)) - Starting Web-server for ozoneManager at: http://0.0.0.0:0
2023-05-03 09:47:52,984 [Listener at 127.0.0.1/36541] INFO  http.BaseHttpServer (BaseHttpServer.java:<init>(111)) - Hadoop Security Enabled: false Ozone Security Enabled: false Ozone HTTP Security Enabled: false 
2023-05-03 09:47:52,985 [Listener at 127.0.0.1/36541] WARN  server.AuthenticationFilter (AuthenticationFilter.java:constructSecretProvider(240)) - Unable to initialize FileSignerSecretProvider, falling back to use random secrets. Reason: Could not read signature secret file: /home/runner/hadoop-http-auth-signature-secret
2023-05-03 09:47:52,988 [Listener at 127.0.0.1/36541] INFO  http.HttpRequestLog (HttpRequestLog.java:getRequestLog(86)) - Http request log for http.requests.ozoneManager is not defined
2023-05-03 09:47:52,989 [Listener at 127.0.0.1/36541] INFO  http.HttpServer2 (HttpServer2.java:addGlobalFilter(1031)) - Added global filter 'safety' (class=org.apache.hadoop.hdds.server.http.HttpServer2$QuotingInputFilter)
2023-05-03 09:47:52,992 [Listener at 127.0.0.1/36541] INFO  http.HttpServer2 (HttpServer2.java:addFilter(1007)) - Added filter static_user_filter (class=org.apache.hadoop.http.lib.StaticUserWebFilter$StaticUserFilter) to context ozoneManager
2023-05-03 09:47:52,992 [Listener at 127.0.0.1/36541] INFO  http.HttpServer2 (HttpServer2.java:addFilter(1015)) - Added filter static_user_filter (class=org.apache.hadoop.http.lib.StaticUserWebFilter$StaticUserFilter) to context logs
2023-05-03 09:47:52,992 [Listener at 127.0.0.1/36541] INFO  http.HttpServer2 (HttpServer2.java:addFilter(1015)) - Added filter static_user_filter (class=org.apache.hadoop.http.lib.StaticUserWebFilter$StaticUserFilter) to context static
2023-05-03 09:47:52,992 [Listener at 127.0.0.1/36541] INFO  http.BaseHttpServer (BaseHttpServer.java:<init>(190)) - HTTP server of ozoneManager uses base directory /home/runner/work/ozone/ozone/hadoop-ozone/integration-test/target/test-dir/MiniOzoneClusterImpl-4bec65cc-6935-45f5-a4e0-5572db01fbff/ozone-meta/webserver
2023-05-03 09:47:52,992 [Listener at 127.0.0.1/36541] INFO  http.HttpServer2 (HttpServer2.java:bindListener(1250)) - Jetty bound to port 37803
2023-05-03 09:47:52,993 [Listener at 127.0.0.1/36541] INFO  server.Server (Server.java:doStart(375)) - jetty-9.4.51.v20230217; built: 2023-02-17T08:19:37.309Z; git: b45c405e4544384de066f814ed42ae3dceacdd49; jvm 1.8.0_362-b09
2023-05-03 09:47:52,999 [Listener at 127.0.0.1/36541] INFO  server.session (DefaultSessionIdManager.java:doStart(334)) - DefaultSessionIdManager workerName=node0
2023-05-03 09:47:52,999 [Listener at 127.0.0.1/36541] INFO  server.session (DefaultSessionIdManager.java:doStart(339)) - No SessionScavenger set, using defaults
2023-05-03 09:47:52,999 [Listener at 127.0.0.1/36541] INFO  server.session (HouseKeeper.java:startScavenging(132)) - node0 Scavenging every 600000ms
2023-05-03 09:47:53,000 [Listener at 127.0.0.1/36541] INFO  handler.ContextHandler (ContextHandler.java:doStart(921)) - Started o.e.j.s.ServletContextHandler@6c7ee707{logs,/logs,file:///home/runner/work/ozone/ozone/hadoop-ozone/integration-test/target/log,AVAILABLE}
2023-05-03 09:47:53,000 [Listener at 127.0.0.1/36541] INFO  handler.ContextHandler (ContextHandler.java:doStart(921)) - Started o.e.j.s.ServletContextHandler@2e649e3b{static,/static,file:///home/runner/work/ozone/ozone/hadoop-ozone/integration-test/target/test-classes/webapps/static,AVAILABLE}
2023-05-03 09:47:53,004 [Listener at 127.0.0.1/36541] INFO  handler.ContextHandler (ContextHandler.java:doStart(921)) - Started o.e.j.w.WebAppContext@333ab084{ozoneManager,/,file:///home/runner/work/ozone/ozone/hadoop-ozone/integration-test/target/test-classes/webapps/ozoneManager/,AVAILABLE}{file:/home/runner/work/ozone/ozone/hadoop-ozone/integration-test/target/test-classes/webapps/ozoneManager}
2023-05-03 09:47:53,006 [Listener at 127.0.0.1/36541] INFO  server.AbstractConnector (AbstractConnector.java:doStart(333)) - Started ServerConnector@5f3aa129{HTTP/1.1, (http/1.1)}{0.0.0.0:37803}
2023-05-03 09:47:53,006 [Listener at 127.0.0.1/36541] INFO  server.Server (Server.java:doStart(415)) - Started @116131ms
2023-05-03 09:47:53,006 [Listener at 127.0.0.1/36541] WARN  impl.MetricsSystemImpl (MetricsSystemImpl.java:register(279)) - Sink prometheus already exists!
2023-05-03 09:47:53,009 [Listener at 127.0.0.1/36541] INFO  http.BaseHttpServer (BaseHttpServer.java:updateConnectorAddress(344)) - HTTP server of ozoneManager listening at http://0.0.0.0:37803
2023-05-03 09:47:53,014 [IPC Server Responder] INFO  ipc.Server (Server.java:run(1558)) - IPC Server Responder: starting
2023-05-03 09:47:53,018 [IPC Server listener on 0] INFO  ipc.Server (Server.java:run(1398)) - IPC Server listener on 0: starting
2023-05-03 09:47:53,023 [Listener at 127.0.0.1/36541] INFO  om.OzoneManager (OzoneManager.java:startTrashEmptier(2050)) - Trash Interval set to 0. Files deleted won't move to trash
2023-05-03 09:47:53,035 [org.apache.hadoop.util.JvmPauseMonitor$Monitor@b6d075e] INFO  util.JvmPauseMonitor (JvmPauseMonitor.java:run(188)) - Starting JVM pause monitor
2023-05-03 09:47:53,051 [Listener at 127.0.0.1/36541] WARN  impl.MetricRegistriesImpl (MetricRegistriesImpl.java:addReporterRegistration(111)) - New reporters are added after registries were created. Some metrics will be missing from the reporter. Please add reporter before adding any new registry.
2023-05-03 09:47:53,051 [Listener at 127.0.0.1/36541] WARN  impl.MetricRegistriesImpl (MetricRegistriesImpl.java:addReporterRegistration(111)) - New reporters are added after registries were created. Some metrics will be missing from the reporter. Please add reporter before adding any new registry.
2023-05-03 09:47:53,051 [Listener at 127.0.0.1/36541] INFO  impl.MetricsSystemImpl (MetricsSystemImpl.java:init(158)) - HddsDatanode metrics system started (again)
2023-05-03 09:47:53,087 [Listener at 127.0.0.1/36541] INFO  ozone.HddsDatanodeService (HddsDatanodeService.java:start(252)) - HddsDatanodeService host:fv-az139-793.t0dryja4c43urhy2nvp0adewnd.cx.internal.cloudapp.net ip:10.1.0.194
2023-05-03 09:47:53,111 [Listener at 127.0.0.1/36541] INFO  upgrade.AbstractLayoutVersionManager (AbstractLayoutVersionManager.java:init(83)) - Initializing Layout version manager with metadata layout = WEBUI_PORTS_IN_DATANODEDETAILS (version = 6), software layout = WEBUI_PORTS_IN_DATANODEDETAILS (version = 6)
2023-05-03 09:47:53,168 [Listener at 127.0.0.1/36541] INFO  reflections.Reflections (Reflections.java:scan(232)) - Reflections took 56 ms to scan 7 urls, producing 156 keys and 369 values 
2023-05-03 09:47:53,176 [Listener at 127.0.0.1/36541] INFO  statemachine.DatanodeStateMachine (DatanodeStateMachine.java:getEndPointTaskThreadPoolSize(262)) - Datanode State Machine Task Thread Pool size 2
2023-05-03 09:47:53,184 [Listener at 127.0.0.1/36541] INFO  volume.HddsVolume (HddsVolume.java:<init>(130)) - Creating HddsVolume: /home/runner/work/ozone/ozone/hadoop-ozone/integration-test/target/test-dir/MiniOzoneClusterImpl-4bec65cc-6935-45f5-a4e0-5572db01fbff/datanode-0/data-0/containers/hdds of storage type : DISK capacity : 9223372036854775807
2023-05-03 09:47:53,184 [Listener at 127.0.0.1/36541] INFO  volume.MutableVolumeSet (MutableVolumeSet.java:initializeVolumeSet(175)) - Added Volume : /home/runner/work/ozone/ozone/hadoop-ozone/integration-test/target/test-dir/MiniOzoneClusterImpl-4bec65cc-6935-45f5-a4e0-5572db01fbff/datanode-0/data-0/containers/hdds to VolumeSet
2023-05-03 09:47:53,184 [Listener at 127.0.0.1/36541] INFO  volume.ThrottledAsyncChecker (ThrottledAsyncChecker.java:schedule(141)) - Scheduling a check for /home/runner/work/ozone/ozone/hadoop-ozone/integration-test/target/test-dir/MiniOzoneClusterImpl-4bec65cc-6935-45f5-a4e0-5572db01fbff/datanode-0/data-0/containers/hdds
2023-05-03 09:47:53,186 [Listener at 127.0.0.1/36541] INFO  volume.StorageVolumeChecker (StorageVolumeChecker.java:checkAllVolumes(202)) - Scheduled health check for volume /home/runner/work/ozone/ozone/hadoop-ozone/integration-test/target/test-dir/MiniOzoneClusterImpl-4bec65cc-6935-45f5-a4e0-5572db01fbff/datanode-0/data-0/containers/hdds
2023-05-03 09:47:53,217 [Listener at 127.0.0.1/36541] INFO  volume.MutableVolumeSet (MutableVolumeSet.java:initializeVolumeSet(175)) - Added Volume : /home/runner/work/ozone/ozone/hadoop-ozone/integration-test/target/test-dir/MiniOzoneClusterImpl-4bec65cc-6935-45f5-a4e0-5572db01fbff/datanode-0/data/ratis to VolumeSet
2023-05-03 09:47:53,218 [Listener at 127.0.0.1/36541] INFO  volume.ThrottledAsyncChecker (ThrottledAsyncChecker.java:schedule(141)) - Scheduling a check for /home/runner/work/ozone/ozone/hadoop-ozone/integration-test/target/test-dir/MiniOzoneClusterImpl-4bec65cc-6935-45f5-a4e0-5572db01fbff/datanode-0/data/ratis
2023-05-03 09:47:53,218 [Listener at 127.0.0.1/36541] INFO  volume.StorageVolumeChecker (StorageVolumeChecker.java:checkAllVolumes(202)) - Scheduled health check for volume /home/runner/work/ozone/ozone/hadoop-ozone/integration-test/target/test-dir/MiniOzoneClusterImpl-4bec65cc-6935-45f5-a4e0-5572db01fbff/datanode-0/data/ratis
2023-05-03 09:47:53,247 [Thread-1456] INFO  ozoneimpl.ContainerReader (ContainerReader.java:readVolume(175)) - Finish verifying containers on volume /home/runner/work/ozone/ozone/hadoop-ozone/integration-test/target/test-dir/MiniOzoneClusterImpl-4bec65cc-6935-45f5-a4e0-5572db01fbff/datanode-0/data-0/containers/hdds
2023-05-03 09:47:53,247 [Listener at 127.0.0.1/36541] INFO  ozoneimpl.OzoneContainer (OzoneContainer.java:buildContainerSet(303)) - Build ContainerSet costs 0s
2023-05-03 09:47:53,250 [Listener at 127.0.0.1/36541] INFO  server.RaftServer (ConfUtils.java:logGet(46)) - raft.rpc.type = GRPC (default)
2023-05-03 09:47:53,250 [Listener at 127.0.0.1/36541] INFO  grpc.GrpcConfigKeys (ConfUtils.java:logFallback(53)) - raft.grpc.admin.host = null (fallback to raft.grpc.server.host)
2023-05-03 09:47:53,250 [Listener at 127.0.0.1/36541] INFO  grpc.GrpcConfigKeys (ConfUtils.java:logGet(46)) - raft.grpc.admin.port = 0 (custom)
2023-05-03 09:47:53,254 [Listener at 127.0.0.1/36541] INFO  grpc.GrpcConfigKeys (ConfUtils.java:logFallback(53)) - raft.grpc.client.host = null (fallback to raft.grpc.server.host)
2023-05-03 09:47:53,254 [Listener at 127.0.0.1/36541] INFO  grpc.GrpcConfigKeys (ConfUtils.java:logGet(46)) - raft.grpc.client.port = 0 (custom)
2023-05-03 09:47:53,254 [Listener at 127.0.0.1/36541] INFO  grpc.GrpcConfigKeys (ConfUtils.java:logGet(46)) - raft.grpc.server.host = null (default)
2023-05-03 09:47:53,255 [Listener at 127.0.0.1/36541] INFO  grpc.GrpcConfigKeys (ConfUtils.java:logGet(46)) - raft.grpc.server.port = 0 (default)
2023-05-03 09:47:53,255 [Listener at 127.0.0.1/36541] INFO  server.GrpcService (ConfUtils.java:logGet(46)) - raft.grpc.message.size.max = 32MB (=33554432) (custom)
2023-05-03 09:47:53,255 [Listener at 127.0.0.1/36541] INFO  server.RaftServerConfigKeys (ConfUtils.java:logGet(46)) - raft.server.log.appender.buffer.byte-limit = 33554432 (custom)
2023-05-03 09:47:53,255 [Listener at 127.0.0.1/36541] INFO  server.GrpcService (ConfUtils.java:logGet(46)) - raft.grpc.flow.control.window = 5MB (=5242880) (custom)
2023-05-03 09:47:53,255 [Listener at 127.0.0.1/36541] INFO  server.RaftServerConfigKeys (ConfUtils.java:logGet(46)) - raft.server.rpc.request.timeout = 60s (custom)
2023-05-03 09:47:53,255 [Listener at 127.0.0.1/36541] INFO  grpc.GrpcConfigKeys (ConfUtils.java:logGet(46)) - raft.grpc.server.heartbeat.channel = true (default)
2023-05-03 09:47:53,255 [Listener at 127.0.0.1/36541] INFO  grpc.GrpcConfigKeys (ConfUtils.java:logGet(46)) - raft.grpc.server.async.request.thread.pool.cached = true (default)
2023-05-03 09:47:53,255 [Listener at 127.0.0.1/36541] INFO  grpc.GrpcConfigKeys (ConfUtils.java:logGet(46)) - raft.grpc.server.async.request.thread.pool.size = 32 (default)
2023-05-03 09:47:53,257 [Listener at 127.0.0.1/36541] INFO  impl.DataStreamServerImpl (ConfUtils.java:logGet(46)) - raft.datastream.type = NETTY (custom)
2023-05-03 09:47:53,257 [Listener at 127.0.0.1/36541] INFO  server.RaftServerConfigKeys (ConfUtils.java:logGet(46)) - raft.server.data-stream.async.request.thread.pool.cached = false (default)
2023-05-03 09:47:53,259 [Listener at 127.0.0.1/36541] INFO  server.RaftServerConfigKeys (ConfUtils.java:logGet(46)) - raft.server.data-stream.async.request.thread.pool.size = 20 (custom)
2023-05-03 09:47:53,259 [Listener at 127.0.0.1/36541] INFO  server.RaftServerConfigKeys (ConfUtils.java:logGet(46)) - raft.server.data-stream.async.write.thread.pool.size = 16 (default)
2023-05-03 09:47:53,259 [Listener at 127.0.0.1/36541] INFO  server.RaftServerConfigKeys (ConfUtils.java:logGet(46)) - raft.server.data-stream.client.pool.size = 10 (default)
2023-05-03 09:47:53,259 [Listener at 127.0.0.1/36541] INFO  netty.NettyConfigKeys$DataStream (ConfUtils.java:logGet(46)) - raft.netty.dataStream.server.use-epoll = false (default)
2023-05-03 09:47:53,259 [Listener at 127.0.0.1/36541] INFO  netty.NettyConfigKeys$DataStream (ConfUtils.java:logGet(46)) - raft.netty.dataStream.server.boss-group.size = 0 (default)
2023-05-03 09:47:53,259 [Listener at 127.0.0.1/36541] INFO  netty.NettyConfigKeys$DataStream (ConfUtils.java:logGet(46)) - raft.netty.dataStream.server.worker-group.size = 0 (default)
2023-05-03 09:47:53,260 [Listener at 127.0.0.1/36541] INFO  netty.NettyConfigKeys$DataStream (ConfUtils.java:logGet(46)) - raft.netty.dataStream.server.tls.conf = null (default)
2023-05-03 09:47:53,262 [Listener at 127.0.0.1/36541] INFO  netty.NettyConfigKeys$DataStream (ConfUtils.java:logGet(46)) - raft.netty.dataStream.host = null (default)
2023-05-03 09:47:53,262 [Listener at 127.0.0.1/36541] INFO  netty.NettyConfigKeys$DataStream (ConfUtils.java:logGet(46)) - raft.netty.dataStream.port = 0 (default)
2023-05-03 09:47:53,264 [Listener at 127.0.0.1/36541] INFO  server.RaftServerConfigKeys (ConfUtils.java:logGet(46)) - raft.server.threadpool.proxy.cached = true (default)
2023-05-03 09:47:53,264 [Listener at 127.0.0.1/36541] INFO  server.RaftServerConfigKeys (ConfUtils.java:logGet(46)) - raft.server.threadpool.proxy.size = 0 (default)
2023-05-03 09:47:53,264 [Listener at 127.0.0.1/36541] INFO  server.RaftServerConfigKeys (ConfUtils.java:logGet(46)) - raft.server.rpc.slowness.timeout = 300s (custom)
2023-05-03 09:47:53,264 [Listener at 127.0.0.1/36541] INFO  server.RaftServerConfigKeys (ConfUtils.java:logGet(46)) - raft.server.leaderelection.leader.step-down.wait-time = 10s (default)
2023-05-03 09:47:53,264 [Listener at 127.0.0.1/36541] INFO  server.RaftServerConfigKeys (ConfUtils.java:logGet(46)) - raft.server.storage.dir = [/home/runner/work/ozone/ozone/hadoop-ozone/integration-test/target/test-dir/MiniOzoneClusterImpl-4bec65cc-6935-45f5-a4e0-5572db01fbff/datanode-0/data/ratis] (custom)
2023-05-03 09:47:53,266 [ac4b8c18-80b4-4feb-9785-680d8e9d2b2c-NettyServerStreamRpc-bossGroup--thread1] INFO  logging.LoggingHandler (AbstractInternalLogger.java:log(148)) - [id: 0xd60a04da] REGISTERED
2023-05-03 09:47:53,266 [ac4b8c18-80b4-4feb-9785-680d8e9d2b2c-NettyServerStreamRpc-bossGroup--thread1] INFO  logging.LoggingHandler (AbstractInternalLogger.java:log(148)) - [id: 0xd60a04da] BIND: 0.0.0.0/0.0.0.0:0
2023-05-03 09:47:53,267 [ac4b8c18-80b4-4feb-9785-680d8e9d2b2c-NettyServerStreamRpc-bossGroup--thread1] INFO  logging.LoggingHandler (AbstractInternalLogger.java:log(148)) - [id: 0xd60a04da, L:/0:0:0:0:0:0:0:0:43371] ACTIVE
2023-05-03 09:47:53,268 [Listener at 127.0.0.1/36541] INFO  server.XceiverServerGrpc (XceiverServerGrpc.java:<init>(132)) - GrpcServer channel type EpollServerSocketChannel
2023-05-03 09:47:53,277 [Listener at 127.0.0.1/36541] INFO  http.BaseHttpServer (BaseHttpServer.java:newHttpServer2BuilderForOzone(224)) - Starting Web-server for hddsDatanode at: http://0.0.0.0:0
2023-05-03 09:47:53,277 [Listener at 127.0.0.1/36541] INFO  http.BaseHttpServer (BaseHttpServer.java:<init>(111)) - Hadoop Security Enabled: false Ozone Security Enabled: false Ozone HTTP Security Enabled: false 
2023-05-03 09:47:53,278 [Listener at 127.0.0.1/36541] WARN  server.AuthenticationFilter (AuthenticationFilter.java:constructSecretProvider(240)) - Unable to initialize FileSignerSecretProvider, falling back to use random secrets. Reason: Could not read signature secret file: /home/runner/hadoop-http-auth-signature-secret
2023-05-03 09:47:53,281 [Listener at 127.0.0.1/36541] INFO  http.HttpRequestLog (HttpRequestLog.java:getRequestLog(86)) - Http request log for http.requests.hddsDatanode is not defined
2023-05-03 09:47:53,282 [Listener at 127.0.0.1/36541] INFO  http.HttpServer2 (HttpServer2.java:addGlobalFilter(1031)) - Added global filter 'safety' (class=org.apache.hadoop.hdds.server.http.HttpServer2$QuotingInputFilter)
2023-05-03 09:47:53,282 [Listener at 127.0.0.1/36541] INFO  http.HttpServer2 (HttpServer2.java:addFilter(1007)) - Added filter static_user_filter (class=org.apache.hadoop.http.lib.StaticUserWebFilter$StaticUserFilter) to context hddsDatanode
2023-05-03 09:47:53,283 [Listener at 127.0.0.1/36541] INFO  http.HttpServer2 (HttpServer2.java:addFilter(1015)) - Added filter static_user_filter (class=org.apache.hadoop.http.lib.StaticUserWebFilter$StaticUserFilter) to context static
2023-05-03 09:47:53,283 [Listener at 127.0.0.1/36541] INFO  http.HttpServer2 (HttpServer2.java:addFilter(1015)) - Added filter static_user_filter (class=org.apache.hadoop.http.lib.StaticUserWebFilter$StaticUserFilter) to context logs
2023-05-03 09:47:53,283 [Listener at 127.0.0.1/36541] INFO  http.BaseHttpServer (BaseHttpServer.java:<init>(190)) - HTTP server of hddsDatanode uses base directory /home/runner/work/ozone/ozone/hadoop-ozone/integration-test/target/test-dir/MiniOzoneClusterImpl-4bec65cc-6935-45f5-a4e0-5572db01fbff/datanode-0/meta/webserver
2023-05-03 09:47:53,283 [Listener at 127.0.0.1/36541] INFO  http.HttpServer2 (HttpServer2.java:bindListener(1250)) - Jetty bound to port 42533
2023-05-03 09:47:53,283 [Listener at 127.0.0.1/36541] INFO  server.Server (Server.java:doStart(375)) - jetty-9.4.51.v20230217; built: 2023-02-17T08:19:37.309Z; git: b45c405e4544384de066f814ed42ae3dceacdd49; jvm 1.8.0_362-b09
2023-05-03 09:47:53,284 [Listener at 127.0.0.1/36541] INFO  server.session (DefaultSessionIdManager.java:doStart(334)) - DefaultSessionIdManager workerName=node0
2023-05-03 09:47:53,284 [Listener at 127.0.0.1/36541] INFO  server.session (DefaultSessionIdManager.java:doStart(339)) - No SessionScavenger set, using defaults
2023-05-03 09:47:53,285 [Listener at 127.0.0.1/36541] INFO  server.session (HouseKeeper.java:startScavenging(132)) - node0 Scavenging every 600000ms
2023-05-03 09:47:53,285 [Listener at 127.0.0.1/36541] INFO  handler.ContextHandler (ContextHandler.java:doStart(921)) - Started o.e.j.s.ServletContextHandler@68ddb992{logs,/logs,file:///home/runner/work/ozone/ozone/hadoop-ozone/integration-test/target/log,AVAILABLE}
2023-05-03 09:47:53,286 [Listener at 127.0.0.1/36541] INFO  handler.ContextHandler (ContextHandler.java:doStart(921)) - Started o.e.j.s.ServletContextHandler@72c9664f{static,/static,jar:file:/home/runner/.m2/repository/org/apache/ozone/hdds-container-service/1.4.0-SNAPSHOT/hdds-container-service-1.4.0-SNAPSHOT.jar!/webapps/static,AVAILABLE}
2023-05-03 09:47:53,520 [Listener at 127.0.0.1/36541] INFO  handler.ContextHandler (ContextHandler.java:doStart(921)) - Started o.e.j.w.WebAppContext@21b48aba{hddsDatanode,/,file:///home/runner/work/ozone/ozone/hadoop-ozone/integration-test/target/test-dir/MiniOzoneClusterImpl-4bec65cc-6935-45f5-a4e0-5572db01fbff/datanode-0/meta/webserver/jetty-0_0_0_0-42533-hdds-container-service-1_4_0-SNAPSHOT_jar-_-any-3908335358828299338/webapp/,AVAILABLE}{jar:file:/home/runner/.m2/repository/org/apache/ozone/hdds-container-service/1.4.0-SNAPSHOT/hdds-container-service-1.4.0-SNAPSHOT.jar!/webapps/hddsDatanode}
2023-05-03 09:47:53,523 [Listener at 127.0.0.1/36541] INFO  server.AbstractConnector (AbstractConnector.java:doStart(333)) - Started ServerConnector@5022d70f{HTTP/1.1, (http/1.1)}{0.0.0.0:42533}
2023-05-03 09:47:53,523 [Listener at 127.0.0.1/36541] INFO  server.Server (Server.java:doStart(415)) - Started @116648ms
2023-05-03 09:47:53,523 [Listener at 127.0.0.1/36541] WARN  impl.MetricsSystemImpl (MetricsSystemImpl.java:register(279)) - Sink prometheus already exists!
2023-05-03 09:47:53,524 [Listener at 127.0.0.1/36541] INFO  http.BaseHttpServer (BaseHttpServer.java:updateConnectorAddress(344)) - HTTP server of hddsDatanode listening at http://0.0.0.0:42533
2023-05-03 09:47:53,524 [Listener at 127.0.0.1/36541] WARN  impl.MetricRegistriesImpl (MetricRegistriesImpl.java:addReporterRegistration(111)) - New reporters are added after registries were created. Some metrics will be missing from the reporter. Please add reporter before adding any new registry.
2023-05-03 09:47:53,524 [Listener at 127.0.0.1/36541] WARN  impl.MetricRegistriesImpl (MetricRegistriesImpl.java:addReporterRegistration(111)) - New reporters are added after registries were created. Some metrics will be missing from the reporter. Please add reporter before adding any new registry.
2023-05-03 09:47:53,524 [Listener at 127.0.0.1/36541] INFO  impl.MetricsSystemImpl (MetricsSystemImpl.java:init(158)) - HddsDatanode metrics system started (again)
2023-05-03 09:47:53,533 [Datanode State Machine Daemon Thread] INFO  statemachine.DatanodeStateMachine (DatanodeStateMachine.java:lambda$startDaemon$0(519)) - Ozone container server started.
2023-05-03 09:47:53,547 [org.apache.hadoop.util.JvmPauseMonitor$Monitor@41fb317e] INFO  util.JvmPauseMonitor (JvmPauseMonitor.java:run(188)) - Starting JVM pause monitor
2023-05-03 09:47:53,553 [Listener at 127.0.0.1/36541] INFO  ozone.HddsDatanodeService (HddsDatanodeService.java:start(252)) - HddsDatanodeService host:fv-az139-793.t0dryja4c43urhy2nvp0adewnd.cx.internal.cloudapp.net ip:10.1.0.194
2023-05-03 09:47:53,562 [Datanode State Machine Task Thread - 0] INFO  datanode.InitDatanodeState (InitDatanodeState.java:persistContainerDatanodeDetails(138)) - DatanodeDetails is persisted to /home/runner/work/ozone/ozone/hadoop-ozone/integration-test/target/test-dir/MiniOzoneClusterImpl-4bec65cc-6935-45f5-a4e0-5572db01fbff/datanode-0/meta/datanode.id
2023-05-03 09:47:53,585 [Listener at 127.0.0.1/36541] INFO  upgrade.AbstractLayoutVersionManager (AbstractLayoutVersionManager.java:init(83)) - Initializing Layout version manager with metadata layout = WEBUI_PORTS_IN_DATANODEDETAILS (version = 6), software layout = WEBUI_PORTS_IN_DATANODEDETAILS (version = 6)
2023-05-03 09:47:53,634 [Listener at 127.0.0.1/36541] INFO  reflections.Reflections (Reflections.java:scan(232)) - Reflections took 48 ms to scan 7 urls, producing 156 keys and 369 values 
2023-05-03 09:47:53,636 [Listener at 127.0.0.1/36541] INFO  statemachine.DatanodeStateMachine (DatanodeStateMachine.java:getEndPointTaskThreadPoolSize(262)) - Datanode State Machine Task Thread Pool size 2
2023-05-03 09:47:53,640 [Listener at 127.0.0.1/36541] INFO  volume.HddsVolume (HddsVolume.java:<init>(130)) - Creating HddsVolume: /home/runner/work/ozone/ozone/hadoop-ozone/integration-test/target/test-dir/MiniOzoneClusterImpl-4bec65cc-6935-45f5-a4e0-5572db01fbff/datanode-1/data-0/containers/hdds of storage type : DISK capacity : 9223372036854775807
2023-05-03 09:47:53,640 [Listener at 127.0.0.1/36541] INFO  volume.MutableVolumeSet (MutableVolumeSet.java:initializeVolumeSet(175)) - Added Volume : /home/runner/work/ozone/ozone/hadoop-ozone/integration-test/target/test-dir/MiniOzoneClusterImpl-4bec65cc-6935-45f5-a4e0-5572db01fbff/datanode-1/data-0/containers/hdds to VolumeSet
2023-05-03 09:47:53,640 [Listener at 127.0.0.1/36541] INFO  volume.ThrottledAsyncChecker (ThrottledAsyncChecker.java:schedule(141)) - Scheduling a check for /home/runner/work/ozone/ozone/hadoop-ozone/integration-test/target/test-dir/MiniOzoneClusterImpl-4bec65cc-6935-45f5-a4e0-5572db01fbff/datanode-1/data-0/containers/hdds
2023-05-03 09:47:53,644 [Listener at 127.0.0.1/36541] INFO  volume.StorageVolumeChecker (StorageVolumeChecker.java:checkAllVolumes(202)) - Scheduled health check for volume /home/runner/work/ozone/ozone/hadoop-ozone/integration-test/target/test-dir/MiniOzoneClusterImpl-4bec65cc-6935-45f5-a4e0-5572db01fbff/datanode-1/data-0/containers/hdds
2023-05-03 09:47:53,657 [Listener at 127.0.0.1/36541] INFO  volume.MutableVolumeSet (MutableVolumeSet.java:initializeVolumeSet(175)) - Added Volume : /home/runner/work/ozone/ozone/hadoop-ozone/integration-test/target/test-dir/MiniOzoneClusterImpl-4bec65cc-6935-45f5-a4e0-5572db01fbff/datanode-1/data/ratis to VolumeSet
2023-05-03 09:47:53,658 [Listener at 127.0.0.1/36541] INFO  volume.ThrottledAsyncChecker (ThrottledAsyncChecker.java:schedule(141)) - Scheduling a check for /home/runner/work/ozone/ozone/hadoop-ozone/integration-test/target/test-dir/MiniOzoneClusterImpl-4bec65cc-6935-45f5-a4e0-5572db01fbff/datanode-1/data/ratis
2023-05-03 09:47:53,659 [Listener at 127.0.0.1/36541] INFO  volume.StorageVolumeChecker (StorageVolumeChecker.java:checkAllVolumes(202)) - Scheduled health check for volume /home/runner/work/ozone/ozone/hadoop-ozone/integration-test/target/test-dir/MiniOzoneClusterImpl-4bec65cc-6935-45f5-a4e0-5572db01fbff/datanode-1/data/ratis
2023-05-03 09:47:53,678 [Thread-1470] INFO  ozoneimpl.ContainerReader (ContainerReader.java:readVolume(175)) - Finish verifying containers on volume /home/runner/work/ozone/ozone/hadoop-ozone/integration-test/target/test-dir/MiniOzoneClusterImpl-4bec65cc-6935-45f5-a4e0-5572db01fbff/datanode-1/data-0/containers/hdds
2023-05-03 09:47:53,678 [Listener at 127.0.0.1/36541] INFO  ozoneimpl.OzoneContainer (OzoneContainer.java:buildContainerSet(303)) - Build ContainerSet costs 0s
2023-05-03 09:47:53,682 [Listener at 127.0.0.1/36541] INFO  server.RaftServer (ConfUtils.java:logGet(46)) - raft.rpc.type = GRPC (default)
2023-05-03 09:47:53,682 [Listener at 127.0.0.1/36541] INFO  grpc.GrpcConfigKeys (ConfUtils.java:logFallback(53)) - raft.grpc.admin.host = null (fallback to raft.grpc.server.host)
2023-05-03 09:47:53,682 [Listener at 127.0.0.1/36541] INFO  grpc.GrpcConfigKeys (ConfUtils.java:logGet(46)) - raft.grpc.admin.port = 0 (custom)
2023-05-03 09:47:53,682 [Listener at 127.0.0.1/36541] INFO  grpc.GrpcConfigKeys (ConfUtils.java:logFallback(53)) - raft.grpc.client.host = null (fallback to raft.grpc.server.host)
2023-05-03 09:47:53,682 [Listener at 127.0.0.1/36541] INFO  grpc.GrpcConfigKeys (ConfUtils.java:logGet(46)) - raft.grpc.client.port = 0 (custom)
2023-05-03 09:47:53,682 [Listener at 127.0.0.1/36541] INFO  grpc.GrpcConfigKeys (ConfUtils.java:logGet(46)) - raft.grpc.server.host = null (default)
2023-05-03 09:47:53,682 [Listener at 127.0.0.1/36541] INFO  grpc.GrpcConfigKeys (ConfUtils.java:logGet(46)) - raft.grpc.server.port = 0 (default)
2023-05-03 09:47:53,682 [Listener at 127.0.0.1/36541] INFO  server.GrpcService (ConfUtils.java:logGet(46)) - raft.grpc.message.size.max = 32MB (=33554432) (custom)
2023-05-03 09:47:53,683 [Listener at 127.0.0.1/36541] INFO  server.RaftServerConfigKeys (ConfUtils.java:logGet(46)) - raft.server.log.appender.buffer.byte-limit = 33554432 (custom)
2023-05-03 09:47:53,683 [Listener at 127.0.0.1/36541] INFO  server.GrpcService (ConfUtils.java:logGet(46)) - raft.grpc.flow.control.window = 5MB (=5242880) (custom)
2023-05-03 09:47:53,683 [Listener at 127.0.0.1/36541] INFO  server.RaftServerConfigKeys (ConfUtils.java:logGet(46)) - raft.server.rpc.request.timeout = 60s (custom)
2023-05-03 09:47:53,683 [Listener at 127.0.0.1/36541] INFO  grpc.GrpcConfigKeys (ConfUtils.java:logGet(46)) - raft.grpc.server.heartbeat.channel = true (default)
2023-05-03 09:47:53,683 [Listener at 127.0.0.1/36541] INFO  grpc.GrpcConfigKeys (ConfUtils.java:logGet(46)) - raft.grpc.server.async.request.thread.pool.cached = true (default)
2023-05-03 09:47:53,683 [Listener at 127.0.0.1/36541] INFO  grpc.GrpcConfigKeys (ConfUtils.java:logGet(46)) - raft.grpc.server.async.request.thread.pool.size = 32 (default)
2023-05-03 09:47:53,684 [Listener at 127.0.0.1/36541] INFO  impl.DataStreamServerImpl (ConfUtils.java:logGet(46)) - raft.datastream.type = NETTY (custom)
2023-05-03 09:47:53,685 [Listener at 127.0.0.1/36541] INFO  server.RaftServerConfigKeys (ConfUtils.java:logGet(46)) - raft.server.data-stream.async.request.thread.pool.cached = false (default)
2023-05-03 09:47:53,685 [Listener at 127.0.0.1/36541] INFO  server.RaftServerConfigKeys (ConfUtils.java:logGet(46)) - raft.server.data-stream.async.request.thread.pool.size = 20 (custom)
2023-05-03 09:47:53,685 [Listener at 127.0.0.1/36541] INFO  server.RaftServerConfigKeys (ConfUtils.java:logGet(46)) - raft.server.data-stream.async.write.thread.pool.size = 16 (default)
2023-05-03 09:47:53,685 [Listener at 127.0.0.1/36541] INFO  server.RaftServerConfigKeys (ConfUtils.java:logGet(46)) - raft.server.data-stream.client.pool.size = 10 (default)
2023-05-03 09:47:53,685 [Listener at 127.0.0.1/36541] INFO  netty.NettyConfigKeys$DataStream (ConfUtils.java:logGet(46)) - raft.netty.dataStream.server.use-epoll = false (default)
2023-05-03 09:47:53,685 [Listener at 127.0.0.1/36541] INFO  netty.NettyConfigKeys$DataStream (ConfUtils.java:logGet(46)) - raft.netty.dataStream.server.boss-group.size = 0 (default)
2023-05-03 09:47:53,686 [Listener at 127.0.0.1/36541] INFO  netty.NettyConfigKeys$DataStream (ConfUtils.java:logGet(46)) - raft.netty.dataStream.server.worker-group.size = 0 (default)
2023-05-03 09:47:53,687 [Listener at 127.0.0.1/36541] INFO  netty.NettyConfigKeys$DataStream (ConfUtils.java:logGet(46)) - raft.netty.dataStream.server.tls.conf = null (default)
2023-05-03 09:47:53,687 [Listener at 127.0.0.1/36541] INFO  netty.NettyConfigKeys$DataStream (ConfUtils.java:logGet(46)) - raft.netty.dataStream.host = null (default)
2023-05-03 09:47:53,687 [Listener at 127.0.0.1/36541] INFO  netty.NettyConfigKeys$DataStream (ConfUtils.java:logGet(46)) - raft.netty.dataStream.port = 0 (default)
2023-05-03 09:47:53,688 [Listener at 127.0.0.1/36541] INFO  server.RaftServerConfigKeys (ConfUtils.java:logGet(46)) - raft.server.threadpool.proxy.cached = true (default)
2023-05-03 09:47:53,688 [Listener at 127.0.0.1/36541] INFO  server.RaftServerConfigKeys (ConfUtils.java:logGet(46)) - raft.server.threadpool.proxy.size = 0 (default)
2023-05-03 09:47:53,688 [Listener at 127.0.0.1/36541] INFO  server.RaftServerConfigKeys (ConfUtils.java:logGet(46)) - raft.server.rpc.slowness.timeout = 300s (custom)
2023-05-03 09:47:53,688 [Listener at 127.0.0.1/36541] INFO  server.RaftServerConfigKeys (ConfUtils.java:logGet(46)) - raft.server.leaderelection.leader.step-down.wait-time = 10s (default)
2023-05-03 09:47:53,688 [Listener at 127.0.0.1/36541] INFO  server.RaftServerConfigKeys (ConfUtils.java:logGet(46)) - raft.server.storage.dir = [/home/runner/work/ozone/ozone/hadoop-ozone/integration-test/target/test-dir/MiniOzoneClusterImpl-4bec65cc-6935-45f5-a4e0-5572db01fbff/datanode-1/data/ratis] (custom)
2023-05-03 09:47:53,689 [22018fc8-4f04-4d80-8f55-d0eb73e2f788-NettyServerStreamRpc-bossGroup--thread1] INFO  logging.LoggingHandler (AbstractInternalLogger.java:log(148)) - [id: 0xa1a7273c] REGISTERED
2023-05-03 09:47:53,689 [22018fc8-4f04-4d80-8f55-d0eb73e2f788-NettyServerStreamRpc-bossGroup--thread1] INFO  logging.LoggingHandler (AbstractInternalLogger.java:log(148)) - [id: 0xa1a7273c] BIND: 0.0.0.0/0.0.0.0:0
2023-05-03 09:47:53,690 [22018fc8-4f04-4d80-8f55-d0eb73e2f788-NettyServerStreamRpc-bossGroup--thread1] INFO  logging.LoggingHandler (AbstractInternalLogger.java:log(148)) - [id: 0xa1a7273c, L:/0:0:0:0:0:0:0:0:45663] ACTIVE
2023-05-03 09:47:53,691 [Listener at 127.0.0.1/36541] INFO  server.XceiverServerGrpc (XceiverServerGrpc.java:<init>(132)) - GrpcServer channel type EpollServerSocketChannel
2023-05-03 09:47:53,696 [Listener at 127.0.0.1/36541] INFO  http.BaseHttpServer (BaseHttpServer.java:newHttpServer2BuilderForOzone(224)) - Starting Web-server for hddsDatanode at: http://0.0.0.0:0
2023-05-03 09:47:53,696 [Listener at 127.0.0.1/36541] INFO  http.BaseHttpServer (BaseHttpServer.java:<init>(111)) - Hadoop Security Enabled: false Ozone Security Enabled: false Ozone HTTP Security Enabled: false 
2023-05-03 09:47:53,703 [Listener at 127.0.0.1/36541] WARN  server.AuthenticationFilter (AuthenticationFilter.java:constructSecretProvider(240)) - Unable to initialize FileSignerSecretProvider, falling back to use random secrets. Reason: Could not read signature secret file: /home/runner/hadoop-http-auth-signature-secret
2023-05-03 09:47:53,704 [Listener at 127.0.0.1/36541] INFO  http.HttpRequestLog (HttpRequestLog.java:getRequestLog(86)) - Http request log for http.requests.hddsDatanode is not defined
2023-05-03 09:47:53,705 [Listener at 127.0.0.1/36541] INFO  http.HttpServer2 (HttpServer2.java:addGlobalFilter(1031)) - Added global filter 'safety' (class=org.apache.hadoop.hdds.server.http.HttpServer2$QuotingInputFilter)
2023-05-03 09:47:53,705 [Listener at 127.0.0.1/36541] INFO  http.HttpServer2 (HttpServer2.java:addFilter(1007)) - Added filter static_user_filter (class=org.apache.hadoop.http.lib.StaticUserWebFilter$StaticUserFilter) to context hddsDatanode
2023-05-03 09:47:53,706 [Listener at 127.0.0.1/36541] INFO  http.HttpServer2 (HttpServer2.java:addFilter(1015)) - Added filter static_user_filter (class=org.apache.hadoop.http.lib.StaticUserWebFilter$StaticUserFilter) to context logs
2023-05-03 09:47:53,706 [Listener at 127.0.0.1/36541] INFO  http.HttpServer2 (HttpServer2.java:addFilter(1015)) - Added filter static_user_filter (class=org.apache.hadoop.http.lib.StaticUserWebFilter$StaticUserFilter) to context static
2023-05-03 09:47:53,706 [Listener at 127.0.0.1/36541] INFO  http.BaseHttpServer (BaseHttpServer.java:<init>(190)) - HTTP server of hddsDatanode uses base directory /home/runner/work/ozone/ozone/hadoop-ozone/integration-test/target/test-dir/MiniOzoneClusterImpl-4bec65cc-6935-45f5-a4e0-5572db01fbff/datanode-1/meta/webserver
2023-05-03 09:47:53,706 [Listener at 127.0.0.1/36541] INFO  http.HttpServer2 (HttpServer2.java:bindListener(1250)) - Jetty bound to port 45621
2023-05-03 09:47:53,706 [Listener at 127.0.0.1/36541] INFO  server.Server (Server.java:doStart(375)) - jetty-9.4.51.v20230217; built: 2023-02-17T08:19:37.309Z; git: b45c405e4544384de066f814ed42ae3dceacdd49; jvm 1.8.0_362-b09
2023-05-03 09:47:53,707 [Listener at 127.0.0.1/36541] INFO  server.session (DefaultSessionIdManager.java:doStart(334)) - DefaultSessionIdManager workerName=node0
2023-05-03 09:47:53,708 [Listener at 127.0.0.1/36541] INFO  server.session (DefaultSessionIdManager.java:doStart(339)) - No SessionScavenger set, using defaults
2023-05-03 09:47:53,710 [Listener at 127.0.0.1/36541] INFO  server.session (HouseKeeper.java:startScavenging(132)) - node0 Scavenging every 660000ms
2023-05-03 09:47:53,711 [Listener at 127.0.0.1/36541] INFO  handler.ContextHandler (ContextHandler.java:doStart(921)) - Started o.e.j.s.ServletContextHandler@66cf12ee{logs,/logs,file:///home/runner/work/ozone/ozone/hadoop-ozone/integration-test/target/log,AVAILABLE}
2023-05-03 09:47:53,711 [Listener at 127.0.0.1/36541] INFO  handler.ContextHandler (ContextHandler.java:doStart(921)) - Started o.e.j.s.ServletContextHandler@5679b2c4{static,/static,jar:file:/home/runner/.m2/repository/org/apache/ozone/hdds-container-service/1.4.0-SNAPSHOT/hdds-container-service-1.4.0-SNAPSHOT.jar!/webapps/static,AVAILABLE}
2023-05-03 09:47:53,924 [Listener at 127.0.0.1/36541] INFO  handler.ContextHandler (ContextHandler.java:doStart(921)) - Started o.e.j.w.WebAppContext@54e04a4b{hddsDatanode,/,file:///home/runner/work/ozone/ozone/hadoop-ozone/integration-test/target/test-dir/MiniOzoneClusterImpl-4bec65cc-6935-45f5-a4e0-5572db01fbff/datanode-1/meta/webserver/jetty-0_0_0_0-45621-hdds-container-service-1_4_0-SNAPSHOT_jar-_-any-6880718080974168568/webapp/,AVAILABLE}{jar:file:/home/runner/.m2/repository/org/apache/ozone/hdds-container-service/1.4.0-SNAPSHOT/hdds-container-service-1.4.0-SNAPSHOT.jar!/webapps/hddsDatanode}
2023-05-03 09:47:53,928 [Listener at 127.0.0.1/36541] INFO  server.AbstractConnector (AbstractConnector.java:doStart(333)) - Started ServerConnector@56f3e2b1{HTTP/1.1, (http/1.1)}{0.0.0.0:45621}
2023-05-03 09:47:53,928 [Listener at 127.0.0.1/36541] INFO  server.Server (Server.java:doStart(415)) - Started @117053ms
2023-05-03 09:47:53,928 [Listener at 127.0.0.1/36541] WARN  impl.MetricsSystemImpl (MetricsSystemImpl.java:register(279)) - Sink prometheus already exists!
2023-05-03 09:47:53,928 [Listener at 127.0.0.1/36541] INFO  http.BaseHttpServer (BaseHttpServer.java:updateConnectorAddress(344)) - HTTP server of hddsDatanode listening at http://0.0.0.0:45621
2023-05-03 09:47:53,933 [Listener at 127.0.0.1/36541] WARN  impl.MetricRegistriesImpl (MetricRegistriesImpl.java:addReporterRegistration(111)) - New reporters are added after registries were created. Some metrics will be missing from the reporter. Please add reporter before adding any new registry.
2023-05-03 09:47:53,933 [Listener at 127.0.0.1/36541] WARN  impl.MetricRegistriesImpl (MetricRegistriesImpl.java:addReporterRegistration(111)) - New reporters are added after registries were created. Some metrics will be missing from the reporter. Please add reporter before adding any new registry.
2023-05-03 09:47:53,933 [Listener at 127.0.0.1/36541] INFO  impl.MetricsSystemImpl (MetricsSystemImpl.java:init(158)) - HddsDatanode metrics system started (again)
2023-05-03 09:47:53,935 [Datanode State Machine Daemon Thread] INFO  statemachine.DatanodeStateMachine (DatanodeStateMachine.java:lambda$startDaemon$0(519)) - Ozone container server started.
2023-05-03 09:47:53,948 [Listener at 127.0.0.1/36541] INFO  ozone.HddsDatanodeService (HddsDatanodeService.java:start(252)) - HddsDatanodeService host:fv-az139-793.t0dryja4c43urhy2nvp0adewnd.cx.internal.cloudapp.net ip:10.1.0.194
2023-05-03 09:47:53,957 [org.apache.hadoop.util.JvmPauseMonitor$Monitor@30a0fb95] INFO  util.JvmPauseMonitor (JvmPauseMonitor.java:run(188)) - Starting JVM pause monitor
2023-05-03 09:47:53,970 [Listener at 127.0.0.1/36541] INFO  upgrade.AbstractLayoutVersionManager (AbstractLayoutVersionManager.java:init(83)) - Initializing Layout version manager with metadata layout = WEBUI_PORTS_IN_DATANODEDETAILS (version = 6), software layout = WEBUI_PORTS_IN_DATANODEDETAILS (version = 6)
2023-05-03 09:47:53,970 [Datanode State Machine Task Thread - 0] INFO  datanode.InitDatanodeState (InitDatanodeState.java:persistContainerDatanodeDetails(138)) - DatanodeDetails is persisted to /home/runner/work/ozone/ozone/hadoop-ozone/integration-test/target/test-dir/MiniOzoneClusterImpl-4bec65cc-6935-45f5-a4e0-5572db01fbff/datanode-1/meta/datanode.id
2023-05-03 09:47:54,024 [Listener at 127.0.0.1/36541] INFO  reflections.Reflections (Reflections.java:scan(232)) - Reflections took 54 ms to scan 7 urls, producing 156 keys and 369 values 
2023-05-03 09:47:54,026 [Listener at 127.0.0.1/36541] INFO  statemachine.DatanodeStateMachine (DatanodeStateMachine.java:getEndPointTaskThreadPoolSize(262)) - Datanode State Machine Task Thread Pool size 2
2023-05-03 09:47:54,029 [Listener at 127.0.0.1/36541] INFO  volume.HddsVolume (HddsVolume.java:<init>(130)) - Creating HddsVolume: /home/runner/work/ozone/ozone/hadoop-ozone/integration-test/target/test-dir/MiniOzoneClusterImpl-4bec65cc-6935-45f5-a4e0-5572db01fbff/datanode-2/data-0/containers/hdds of storage type : DISK capacity : 9223372036854775807
2023-05-03 09:47:54,029 [Listener at 127.0.0.1/36541] INFO  volume.MutableVolumeSet (MutableVolumeSet.java:initializeVolumeSet(175)) - Added Volume : /home/runner/work/ozone/ozone/hadoop-ozone/integration-test/target/test-dir/MiniOzoneClusterImpl-4bec65cc-6935-45f5-a4e0-5572db01fbff/datanode-2/data-0/containers/hdds to VolumeSet
2023-05-03 09:47:54,029 [Listener at 127.0.0.1/36541] INFO  volume.ThrottledAsyncChecker (ThrottledAsyncChecker.java:schedule(141)) - Scheduling a check for /home/runner/work/ozone/ozone/hadoop-ozone/integration-test/target/test-dir/MiniOzoneClusterImpl-4bec65cc-6935-45f5-a4e0-5572db01fbff/datanode-2/data-0/containers/hdds
2023-05-03 09:47:54,031 [Listener at 127.0.0.1/36541] INFO  volume.StorageVolumeChecker (StorageVolumeChecker.java:checkAllVolumes(202)) - Scheduled health check for volume /home/runner/work/ozone/ozone/hadoop-ozone/integration-test/target/test-dir/MiniOzoneClusterImpl-4bec65cc-6935-45f5-a4e0-5572db01fbff/datanode-2/data-0/containers/hdds
2023-05-03 09:47:54,042 [Listener at 127.0.0.1/36541] INFO  volume.MutableVolumeSet (MutableVolumeSet.java:initializeVolumeSet(175)) - Added Volume : /home/runner/work/ozone/ozone/hadoop-ozone/integration-test/target/test-dir/MiniOzoneClusterImpl-4bec65cc-6935-45f5-a4e0-5572db01fbff/datanode-2/data/ratis to VolumeSet
2023-05-03 09:47:54,042 [Listener at 127.0.0.1/36541] INFO  volume.ThrottledAsyncChecker (ThrottledAsyncChecker.java:schedule(141)) - Scheduling a check for /home/runner/work/ozone/ozone/hadoop-ozone/integration-test/target/test-dir/MiniOzoneClusterImpl-4bec65cc-6935-45f5-a4e0-5572db01fbff/datanode-2/data/ratis
2023-05-03 09:47:54,042 [Listener at 127.0.0.1/36541] INFO  volume.StorageVolumeChecker (StorageVolumeChecker.java:checkAllVolumes(202)) - Scheduled health check for volume /home/runner/work/ozone/ozone/hadoop-ozone/integration-test/target/test-dir/MiniOzoneClusterImpl-4bec65cc-6935-45f5-a4e0-5572db01fbff/datanode-2/data/ratis
2023-05-03 09:47:54,057 [Thread-1484] INFO  ozoneimpl.ContainerReader (ContainerReader.java:readVolume(175)) - Finish verifying containers on volume /home/runner/work/ozone/ozone/hadoop-ozone/integration-test/target/test-dir/MiniOzoneClusterImpl-4bec65cc-6935-45f5-a4e0-5572db01fbff/datanode-2/data-0/containers/hdds
2023-05-03 09:47:54,057 [Listener at 127.0.0.1/36541] INFO  ozoneimpl.OzoneContainer (OzoneContainer.java:buildContainerSet(303)) - Build ContainerSet costs 0s
2023-05-03 09:47:54,059 [Listener at 127.0.0.1/36541] INFO  server.RaftServer (ConfUtils.java:logGet(46)) - raft.rpc.type = GRPC (default)
2023-05-03 09:47:54,062 [Listener at 127.0.0.1/36541] INFO  grpc.GrpcConfigKeys (ConfUtils.java:logFallback(53)) - raft.grpc.admin.host = null (fallback to raft.grpc.server.host)
2023-05-03 09:47:54,062 [Listener at 127.0.0.1/36541] INFO  grpc.GrpcConfigKeys (ConfUtils.java:logGet(46)) - raft.grpc.admin.port = 0 (custom)
2023-05-03 09:47:54,062 [Listener at 127.0.0.1/36541] INFO  grpc.GrpcConfigKeys (ConfUtils.java:logFallback(53)) - raft.grpc.client.host = null (fallback to raft.grpc.server.host)
2023-05-03 09:47:54,062 [Listener at 127.0.0.1/36541] INFO  grpc.GrpcConfigKeys (ConfUtils.java:logGet(46)) - raft.grpc.client.port = 0 (custom)
2023-05-03 09:47:54,062 [Listener at 127.0.0.1/36541] INFO  grpc.GrpcConfigKeys (ConfUtils.java:logGet(46)) - raft.grpc.server.host = null (default)
2023-05-03 09:47:54,062 [Listener at 127.0.0.1/36541] INFO  grpc.GrpcConfigKeys (ConfUtils.java:logGet(46)) - raft.grpc.server.port = 0 (default)
2023-05-03 09:47:54,063 [Listener at 127.0.0.1/36541] INFO  server.GrpcService (ConfUtils.java:logGet(46)) - raft.grpc.message.size.max = 32MB (=33554432) (custom)
2023-05-03 09:47:54,063 [Listener at 127.0.0.1/36541] INFO  server.RaftServerConfigKeys (ConfUtils.java:logGet(46)) - raft.server.log.appender.buffer.byte-limit = 33554432 (custom)
2023-05-03 09:47:54,063 [Listener at 127.0.0.1/36541] INFO  server.GrpcService (ConfUtils.java:logGet(46)) - raft.grpc.flow.control.window = 5MB (=5242880) (custom)
2023-05-03 09:47:54,063 [Listener at 127.0.0.1/36541] INFO  server.RaftServerConfigKeys (ConfUtils.java:logGet(46)) - raft.server.rpc.request.timeout = 60s (custom)
2023-05-03 09:47:54,063 [Listener at 127.0.0.1/36541] INFO  grpc.GrpcConfigKeys (ConfUtils.java:logGet(46)) - raft.grpc.server.heartbeat.channel = true (default)
2023-05-03 09:47:54,063 [Listener at 127.0.0.1/36541] INFO  grpc.GrpcConfigKeys (ConfUtils.java:logGet(46)) - raft.grpc.server.async.request.thread.pool.cached = true (default)
2023-05-03 09:47:54,063 [Listener at 127.0.0.1/36541] INFO  grpc.GrpcConfigKeys (ConfUtils.java:logGet(46)) - raft.grpc.server.async.request.thread.pool.size = 32 (default)
2023-05-03 09:47:54,064 [Listener at 127.0.0.1/36541] INFO  impl.DataStreamServerImpl (ConfUtils.java:logGet(46)) - raft.datastream.type = NETTY (custom)
2023-05-03 09:47:54,065 [Listener at 127.0.0.1/36541] INFO  server.RaftServerConfigKeys (ConfUtils.java:logGet(46)) - raft.server.data-stream.async.request.thread.pool.cached = false (default)
2023-05-03 09:47:54,065 [Listener at 127.0.0.1/36541] INFO  server.RaftServerConfigKeys (ConfUtils.java:logGet(46)) - raft.server.data-stream.async.request.thread.pool.size = 20 (custom)
2023-05-03 09:47:54,065 [Listener at 127.0.0.1/36541] INFO  server.RaftServerConfigKeys (ConfUtils.java:logGet(46)) - raft.server.data-stream.async.write.thread.pool.size = 16 (default)
2023-05-03 09:47:54,065 [Listener at 127.0.0.1/36541] INFO  server.RaftServerConfigKeys (ConfUtils.java:logGet(46)) - raft.server.data-stream.client.pool.size = 10 (default)
2023-05-03 09:47:54,065 [Listener at 127.0.0.1/36541] INFO  netty.NettyConfigKeys$DataStream (ConfUtils.java:logGet(46)) - raft.netty.dataStream.server.use-epoll = false (default)
2023-05-03 09:47:54,065 [Listener at 127.0.0.1/36541] INFO  netty.NettyConfigKeys$DataStream (ConfUtils.java:logGet(46)) - raft.netty.dataStream.server.boss-group.size = 0 (default)
2023-05-03 09:47:54,066 [Listener at 127.0.0.1/36541] INFO  netty.NettyConfigKeys$DataStream (ConfUtils.java:logGet(46)) - raft.netty.dataStream.server.worker-group.size = 0 (default)
2023-05-03 09:47:54,066 [Listener at 127.0.0.1/36541] INFO  netty.NettyConfigKeys$DataStream (ConfUtils.java:logGet(46)) - raft.netty.dataStream.server.tls.conf = null (default)
2023-05-03 09:47:54,066 [Listener at 127.0.0.1/36541] INFO  netty.NettyConfigKeys$DataStream (ConfUtils.java:logGet(46)) - raft.netty.dataStream.host = null (default)
2023-05-03 09:47:54,066 [Listener at 127.0.0.1/36541] INFO  netty.NettyConfigKeys$DataStream (ConfUtils.java:logGet(46)) - raft.netty.dataStream.port = 0 (default)
2023-05-03 09:47:54,067 [Listener at 127.0.0.1/36541] INFO  server.RaftServerConfigKeys (ConfUtils.java:logGet(46)) - raft.server.threadpool.proxy.cached = true (default)
2023-05-03 09:47:54,067 [Listener at 127.0.0.1/36541] INFO  server.RaftServerConfigKeys (ConfUtils.java:logGet(46)) - raft.server.threadpool.proxy.size = 0 (default)
2023-05-03 09:47:54,067 [Listener at 127.0.0.1/36541] INFO  server.RaftServerConfigKeys (ConfUtils.java:logGet(46)) - raft.server.rpc.slowness.timeout = 300s (custom)
2023-05-03 09:47:54,067 [Listener at 127.0.0.1/36541] INFO  server.RaftServerConfigKeys (ConfUtils.java:logGet(46)) - raft.server.leaderelection.leader.step-down.wait-time = 10s (default)
2023-05-03 09:47:54,067 [Listener at 127.0.0.1/36541] INFO  server.RaftServerConfigKeys (ConfUtils.java:logGet(46)) - raft.server.storage.dir = [/home/runner/work/ozone/ozone/hadoop-ozone/integration-test/target/test-dir/MiniOzoneClusterImpl-4bec65cc-6935-45f5-a4e0-5572db01fbff/datanode-2/data/ratis] (custom)
2023-05-03 09:47:54,073 [7f2c1250-5750-453f-880f-f900c696f98f-NettyServerStreamRpc-bossGroup--thread1] INFO  logging.LoggingHandler (AbstractInternalLogger.java:log(148)) - [id: 0x6f7019ea] REGISTERED
2023-05-03 09:47:54,073 [7f2c1250-5750-453f-880f-f900c696f98f-NettyServerStreamRpc-bossGroup--thread1] INFO  logging.LoggingHandler (AbstractInternalLogger.java:log(148)) - [id: 0x6f7019ea] BIND: 0.0.0.0/0.0.0.0:0
2023-05-03 09:47:54,073 [7f2c1250-5750-453f-880f-f900c696f98f-NettyServerStreamRpc-bossGroup--thread1] INFO  logging.LoggingHandler (AbstractInternalLogger.java:log(148)) - [id: 0x6f7019ea, L:/0:0:0:0:0:0:0:0:44061] ACTIVE
2023-05-03 09:47:54,075 [Listener at 127.0.0.1/36541] INFO  server.XceiverServerGrpc (XceiverServerGrpc.java:<init>(132)) - GrpcServer channel type EpollServerSocketChannel
2023-05-03 09:47:54,082 [Listener at 127.0.0.1/36541] INFO  http.BaseHttpServer (BaseHttpServer.java:newHttpServer2BuilderForOzone(224)) - Starting Web-server for hddsDatanode at: http://0.0.0.0:0
2023-05-03 09:47:54,082 [Listener at 127.0.0.1/36541] INFO  http.BaseHttpServer (BaseHttpServer.java:<init>(111)) - Hadoop Security Enabled: false Ozone Security Enabled: false Ozone HTTP Security Enabled: false 
2023-05-03 09:47:54,083 [Listener at 127.0.0.1/36541] WARN  server.AuthenticationFilter (AuthenticationFilter.java:constructSecretProvider(240)) - Unable to initialize FileSignerSecretProvider, falling back to use random secrets. Reason: Could not read signature secret file: /home/runner/hadoop-http-auth-signature-secret
2023-05-03 09:47:54,086 [Listener at 127.0.0.1/36541] INFO  http.HttpRequestLog (HttpRequestLog.java:getRequestLog(86)) - Http request log for http.requests.hddsDatanode is not defined
2023-05-03 09:47:54,087 [Listener at 127.0.0.1/36541] INFO  http.HttpServer2 (HttpServer2.java:addGlobalFilter(1031)) - Added global filter 'safety' (class=org.apache.hadoop.hdds.server.http.HttpServer2$QuotingInputFilter)
2023-05-03 09:47:54,087 [Listener at 127.0.0.1/36541] INFO  http.HttpServer2 (HttpServer2.java:addFilter(1007)) - Added filter static_user_filter (class=org.apache.hadoop.http.lib.StaticUserWebFilter$StaticUserFilter) to context hddsDatanode
2023-05-03 09:47:54,087 [Listener at 127.0.0.1/36541] INFO  http.HttpServer2 (HttpServer2.java:addFilter(1015)) - Added filter static_user_filter (class=org.apache.hadoop.http.lib.StaticUserWebFilter$StaticUserFilter) to context logs
2023-05-03 09:47:54,088 [Listener at 127.0.0.1/36541] INFO  http.HttpServer2 (HttpServer2.java:addFilter(1015)) - Added filter static_user_filter (class=org.apache.hadoop.http.lib.StaticUserWebFilter$StaticUserFilter) to context static
2023-05-03 09:47:54,088 [Listener at 127.0.0.1/36541] INFO  http.BaseHttpServer (BaseHttpServer.java:<init>(190)) - HTTP server of hddsDatanode uses base directory /home/runner/work/ozone/ozone/hadoop-ozone/integration-test/target/test-dir/MiniOzoneClusterImpl-4bec65cc-6935-45f5-a4e0-5572db01fbff/datanode-2/meta/webserver
2023-05-03 09:47:54,088 [Listener at 127.0.0.1/36541] INFO  http.HttpServer2 (HttpServer2.java:bindListener(1250)) - Jetty bound to port 35789
2023-05-03 09:47:54,088 [Listener at 127.0.0.1/36541] INFO  server.Server (Server.java:doStart(375)) - jetty-9.4.51.v20230217; built: 2023-02-17T08:19:37.309Z; git: b45c405e4544384de066f814ed42ae3dceacdd49; jvm 1.8.0_362-b09
2023-05-03 09:47:54,090 [Listener at 127.0.0.1/36541] INFO  server.session (DefaultSessionIdManager.java:doStart(334)) - DefaultSessionIdManager workerName=node0
2023-05-03 09:47:54,090 [Listener at 127.0.0.1/36541] INFO  server.session (DefaultSessionIdManager.java:doStart(339)) - No SessionScavenger set, using defaults
2023-05-03 09:47:54,090 [Listener at 127.0.0.1/36541] INFO  server.session (HouseKeeper.java:startScavenging(132)) - node0 Scavenging every 660000ms
2023-05-03 09:47:54,091 [Listener at 127.0.0.1/36541] INFO  handler.ContextHandler (ContextHandler.java:doStart(921)) - Started o.e.j.s.ServletContextHandler@7a339285{logs,/logs,file:///home/runner/work/ozone/ozone/hadoop-ozone/integration-test/target/log,AVAILABLE}
2023-05-03 09:47:54,091 [Listener at 127.0.0.1/36541] INFO  handler.ContextHandler (ContextHandler.java:doStart(921)) - Started o.e.j.s.ServletContextHandler@4f0a34f3{static,/static,jar:file:/home/runner/.m2/repository/org/apache/ozone/hdds-container-service/1.4.0-SNAPSHOT/hdds-container-service-1.4.0-SNAPSHOT.jar!/webapps/static,AVAILABLE}
2023-05-03 09:47:54,117 [om1@group-C5BA1605619E-FollowerState] INFO  impl.FollowerState (FollowerState.java:run(143)) - om1@group-C5BA1605619E-FollowerState: change to CANDIDATE, lastRpcElapsedTime:1152244876ns, electionTimeout:1150ms
2023-05-03 09:47:54,117 [om1@group-C5BA1605619E-FollowerState] INFO  impl.RoleInfo (RoleInfo.java:shutdownFollowerState(110)) - om1: shutdown om1@group-C5BA1605619E-FollowerState
2023-05-03 09:47:54,117 [om1@group-C5BA1605619E-FollowerState] INFO  server.RaftServer$Division (RaftServerImpl.java:setRole(321)) - om1@group-C5BA1605619E: changes role from  FOLLOWER to CANDIDATE at term 0 for changeToCandidate
2023-05-03 09:47:54,117 [om1@group-C5BA1605619E-FollowerState] INFO  server.RaftServerConfigKeys (ConfUtils.java:logGet(46)) - raft.server.leaderelection.pre-vote = true (default)
2023-05-03 09:47:54,117 [om1@group-C5BA1605619E-FollowerState] INFO  impl.RoleInfo (RoleInfo.java:updateAndGet(139)) - om1: start om1@group-C5BA1605619E-LeaderElection20
2023-05-03 09:47:54,123 [om1@group-C5BA1605619E-LeaderElection20] INFO  impl.LeaderElection (LeaderElection.java:askForVotes(312)) - om1@group-C5BA1605619E-LeaderElection20 PRE_VOTE round 0: submit vote requests at term 0 for -1: peers:[om1|rpc:localhost:9872|priority:0|startupRole:FOLLOWER]|listeners:[], old=null
2023-05-03 09:47:54,123 [om1@group-C5BA1605619E-LeaderElection20] INFO  impl.LeaderElection (LeaderElection.java:askForVotes(314)) - om1@group-C5BA1605619E-LeaderElection20 PRE_VOTE round 0: result PASSED (term=0)
2023-05-03 09:47:54,125 [om1@group-C5BA1605619E-LeaderElection20] INFO  impl.LeaderElection (LeaderElection.java:askForVotes(312)) - om1@group-C5BA1605619E-LeaderElection20 ELECTION round 0: submit vote requests at term 1 for -1: peers:[om1|rpc:localhost:9872|priority:0|startupRole:FOLLOWER]|listeners:[], old=null
2023-05-03 09:47:54,125 [om1@group-C5BA1605619E-LeaderElection20] INFO  impl.LeaderElection (LeaderElection.java:askForVotes(314)) - om1@group-C5BA1605619E-LeaderElection20 ELECTION round 0: result PASSED (term=1)
2023-05-03 09:47:54,125 [om1@group-C5BA1605619E-LeaderElection20] INFO  impl.RoleInfo (RoleInfo.java:shutdownLeaderElection(130)) - om1: shutdown om1@group-C5BA1605619E-LeaderElection20
2023-05-03 09:47:54,125 [om1@group-C5BA1605619E-LeaderElection20] INFO  server.RaftServer$Division (RaftServerImpl.java:setRole(321)) - om1@group-C5BA1605619E: changes role from CANDIDATE to LEADER at term 1 for changeToLeader
2023-05-03 09:47:54,125 [om1@group-C5BA1605619E-LeaderElection20] INFO  server.RaftServer$Division (ServerState.java:setLeader(313)) - om1@group-C5BA1605619E: change Leader from null to om1 at term 1 for becomeLeader, leader elected after 2143ms
2023-05-03 09:47:54,126 [om1@group-C5BA1605619E-LeaderElection20] INFO  server.RaftServerConfigKeys (ConfUtils.java:logGet(46)) - raft.server.staging.catchup.gap = 1000 (default)
2023-05-03 09:47:54,126 [om1@group-C5BA1605619E-LeaderElection20] INFO  server.RaftServerConfigKeys (ConfUtils.java:logGet(46)) - raft.server.write.element-limit = 4096 (default)
2023-05-03 09:47:54,126 [om1@group-C5BA1605619E-LeaderElection20] INFO  server.RaftServerConfigKeys (ConfUtils.java:logGet(46)) - raft.server.write.byte-limit = 64MB (=67108864) (default)
2023-05-03 09:47:54,126 [om1@group-C5BA1605619E-LeaderElection20] INFO  server.RaftServerConfigKeys (ConfUtils.java:logGet(46)) - raft.server.watch.timeout = 10s (default)
2023-05-03 09:47:54,126 [om1@group-C5BA1605619E-LeaderElection20] INFO  server.RaftServerConfigKeys (ConfUtils.java:logGet(46)) - raft.server.watch.timeout.denomination = 1s (default)
2023-05-03 09:47:54,126 [om1@group-C5BA1605619E-LeaderElection20] INFO  server.RaftServerConfigKeys (ConfUtils.java:logGet(46)) - raft.server.watch.element-limit = 65536 (default)
2023-05-03 09:47:54,126 [om1@group-C5BA1605619E-LeaderElection20] INFO  server.RaftServerConfigKeys (ConfUtils.java:logGet(46)) - raft.server.write.element-limit = 4096 (default)
2023-05-03 09:47:54,126 [om1@group-C5BA1605619E-LeaderElection20] INFO  server.RaftServerConfigKeys (ConfUtils.java:logGet(46)) - raft.server.write.follower.gap.ratio.max = -1.0 (default)
2023-05-03 09:47:54,126 [om1@group-C5BA1605619E-LeaderElection20] INFO  impl.RoleInfo (RoleInfo.java:updateAndGet(139)) - om1: start om1@group-C5BA1605619E-LeaderStateImpl
2023-05-03 09:47:54,126 [om1@group-C5BA1605619E-LeaderElection20] INFO  segmented.SegmentedRaftLogWorker (SegmentedRaftLogWorker.java:startLogSegment(452)) - om1@group-C5BA1605619E-SegmentedRaftLogWorker: Starting segment from index:0
2023-05-03 09:47:54,135 [om1@group-C5BA1605619E-SegmentedRaftLogWorker] INFO  segmented.SegmentedRaftLogWorker (SegmentedRaftLogWorker.java:execute(656)) - om1@group-C5BA1605619E-SegmentedRaftLogWorker: created new log segment /home/runner/work/ozone/ozone/hadoop-ozone/integration-test/target/test-dir/MiniOzoneClusterImpl-4bec65cc-6935-45f5-a4e0-5572db01fbff/ozone-meta/ratis/bf265839-605b-3f16-9796-c5ba1605619e/current/log_inprogress_0
2023-05-03 09:47:54,138 [om1@group-C5BA1605619E-LeaderElection20] INFO  server.RaftServer$Division (ServerState.java:setRaftConf(430)) - om1@group-C5BA1605619E: set configuration 0: peers:[om1|rpc:localhost:9872|admin:|client:|dataStream:|priority:0|startupRole:FOLLOWER]|listeners:[], old=null
2023-05-03 09:47:54,140 [om1@group-C5BA1605619E-StateMachineUpdater] INFO  ratis.OzoneManagerStateMachine (OzoneManagerStateMachine.java:notifyConfigurationChanged(201)) - Received Configuration change notification from Ratis. New Peer list:
[id: "om1"
address: "localhost:9872"
startupRole: FOLLOWER
]
2023-05-03 09:47:54,321 [Listener at 127.0.0.1/36541] INFO  handler.ContextHandler (ContextHandler.java:doStart(921)) - Started o.e.j.w.WebAppContext@20f20d05{hddsDatanode,/,file:///home/runner/work/ozone/ozone/hadoop-ozone/integration-test/target/test-dir/MiniOzoneClusterImpl-4bec65cc-6935-45f5-a4e0-5572db01fbff/datanode-2/meta/webserver/jetty-0_0_0_0-35789-hdds-container-service-1_4_0-SNAPSHOT_jar-_-any-3192877881271125516/webapp/,AVAILABLE}{jar:file:/home/runner/.m2/repository/org/apache/ozone/hdds-container-service/1.4.0-SNAPSHOT/hdds-container-service-1.4.0-SNAPSHOT.jar!/webapps/hddsDatanode}
2023-05-03 09:47:54,323 [Listener at 127.0.0.1/36541] INFO  server.AbstractConnector (AbstractConnector.java:doStart(333)) - Started ServerConnector@517581a9{HTTP/1.1, (http/1.1)}{0.0.0.0:35789}
2023-05-03 09:47:54,323 [Listener at 127.0.0.1/36541] INFO  server.Server (Server.java:doStart(415)) - Started @117448ms
2023-05-03 09:47:54,323 [Listener at 127.0.0.1/36541] WARN  impl.MetricsSystemImpl (MetricsSystemImpl.java:register(279)) - Sink prometheus already exists!
2023-05-03 09:47:54,325 [Listener at 127.0.0.1/36541] INFO  http.BaseHttpServer (BaseHttpServer.java:updateConnectorAddress(344)) - HTTP server of hddsDatanode listening at http://0.0.0.0:35789
2023-05-03 09:47:54,326 [Listener at 127.0.0.1/36541] INFO  ozone.MiniOzoneClusterImpl (MiniOzoneClusterImpl.java:lambda$waitForClusterToBeReady$0(223)) - Waiting for nodes to be ready. Got 0 of 3 DN Heartbeats.
2023-05-03 09:47:54,327 [Listener at 127.0.0.1/36541] INFO  ozone.MiniOzoneClusterImpl (MiniOzoneClusterImpl.java:lambda$waitForClusterToBeReady$0(226)) - Waiting for cluster to exit safe mode
2023-05-03 09:47:54,327 [Listener at 127.0.0.1/36541] INFO  ozone.MiniOzoneClusterImpl (MiniOzoneClusterImpl.java:lambda$waitForClusterToBeReady$0(228)) - SCM became leader
2023-05-03 09:47:54,327 [Datanode State Machine Daemon Thread] INFO  statemachine.DatanodeStateMachine (DatanodeStateMachine.java:lambda$startDaemon$0(519)) - Ozone container server started.
2023-05-03 09:47:54,338 [org.apache.hadoop.util.JvmPauseMonitor$Monitor@4072f384] INFO  util.JvmPauseMonitor (JvmPauseMonitor.java:run(188)) - Starting JVM pause monitor
2023-05-03 09:47:54,346 [Datanode State Machine Task Thread - 0] INFO  datanode.InitDatanodeState (InitDatanodeState.java:persistContainerDatanodeDetails(138)) - DatanodeDetails is persisted to /home/runner/work/ozone/ozone/hadoop-ozone/integration-test/target/test-dir/MiniOzoneClusterImpl-4bec65cc-6935-45f5-a4e0-5572db01fbff/datanode-2/meta/datanode.id
2023-05-03 09:47:55,327 [Listener at 127.0.0.1/36541] INFO  ozone.MiniOzoneClusterImpl (MiniOzoneClusterImpl.java:lambda$waitForClusterToBeReady$0(223)) - Waiting for nodes to be ready. Got 0 of 3 DN Heartbeats.
2023-05-03 09:47:55,327 [Listener at 127.0.0.1/36541] INFO  ozone.MiniOzoneClusterImpl (MiniOzoneClusterImpl.java:lambda$waitForClusterToBeReady$0(226)) - Waiting for cluster to exit safe mode
2023-05-03 09:47:55,327 [Listener at 127.0.0.1/36541] INFO  ozone.MiniOzoneClusterImpl (MiniOzoneClusterImpl.java:lambda$waitForClusterToBeReady$0(228)) - SCM became leader
2023-05-03 09:47:55,585 [EndpointStateMachine task thread for /0.0.0.0:46813 - 0 ] INFO  utils.DatanodeStoreCache (DatanodeStoreCache.java:addDB(58)) - Added db /home/runner/work/ozone/ozone/hadoop-ozone/integration-test/target/test-dir/MiniOzoneClusterImpl-4bec65cc-6935-45f5-a4e0-5572db01fbff/datanode-0/data-0/containers/hdds/4bec65cc-6935-45f5-a4e0-5572db01fbff/DS-f2f39a40-43f5-4220-9620-4b54a46750e5/container.db to cache
2023-05-03 09:47:55,585 [EndpointStateMachine task thread for /0.0.0.0:46813 - 0 ] INFO  volume.HddsVolume (HddsVolume.java:createDbStore(350)) - SchemaV3 db is created and loaded at /home/runner/work/ozone/ozone/hadoop-ozone/integration-test/target/test-dir/MiniOzoneClusterImpl-4bec65cc-6935-45f5-a4e0-5572db01fbff/datanode-0/data-0/containers/hdds/4bec65cc-6935-45f5-a4e0-5572db01fbff/DS-f2f39a40-43f5-4220-9620-4b54a46750e5/container.db for volume DS-f2f39a40-43f5-4220-9620-4b54a46750e5
2023-05-03 09:47:55,585 [EndpointStateMachine task thread for /0.0.0.0:46813 - 0 ] INFO  ozoneimpl.OzoneContainer (OzoneContainer.java:start(397)) - Attempting to start container services.
2023-05-03 09:47:55,587 [EndpointStateMachine task thread for /0.0.0.0:46813 - 0 ] INFO  ozoneimpl.OzoneContainer (OzoneContainer.java:startContainerScrub(314)) - Scheduled background container scanners and the on-demand container scanner have been disabled.
2023-05-03 09:47:55,589 [EndpointStateMachine task thread for /0.0.0.0:46813 - 0 ] INFO  replication.ReplicationServer (ReplicationServer.java:start(109)) - ReplicationServer is started using port 42545
2023-05-03 09:47:55,589 [EndpointStateMachine task thread for /0.0.0.0:46813 - 0 ] INFO  ratis.XceiverServerRatis (XceiverServerRatis.java:start(517)) - Starting XceiverServerRatis ac4b8c18-80b4-4feb-9785-680d8e9d2b2c
2023-05-03 09:47:55,596 [EndpointStateMachine task thread for /0.0.0.0:46813 - 0 ] INFO  server.RaftServer (RaftServerProxy.java:startImpl(393)) - ac4b8c18-80b4-4feb-9785-680d8e9d2b2c: start RPC server
2023-05-03 09:47:55,600 [EndpointStateMachine task thread for /0.0.0.0:46813 - 0 ] INFO  server.GrpcService (GrpcService.java:startImpl(262)) - ac4b8c18-80b4-4feb-9785-680d8e9d2b2c: GrpcService started, listening on 41097
2023-05-03 09:47:55,600 [EndpointStateMachine task thread for /0.0.0.0:46813 - 0 ] INFO  ratis.XceiverServerRatis (XceiverServerRatis.java:getRealPort(543)) - XceiverServerRatis ac4b8c18-80b4-4feb-9785-680d8e9d2b2c is started using port 41097 for RATIS
2023-05-03 09:47:55,600 [EndpointStateMachine task thread for /0.0.0.0:46813 - 0 ] INFO  ratis.XceiverServerRatis (XceiverServerRatis.java:getRealPort(543)) - XceiverServerRatis ac4b8c18-80b4-4feb-9785-680d8e9d2b2c is started using port 41097 for RATIS_ADMIN
2023-05-03 09:47:55,600 [EndpointStateMachine task thread for /0.0.0.0:46813 - 0 ] INFO  ratis.XceiverServerRatis (XceiverServerRatis.java:getRealPort(543)) - XceiverServerRatis ac4b8c18-80b4-4feb-9785-680d8e9d2b2c is started using port 41097 for RATIS_SERVER
2023-05-03 09:47:55,600 [EndpointStateMachine task thread for /0.0.0.0:46813 - 0 ] INFO  ratis.XceiverServerRatis (XceiverServerRatis.java:getRealPort(543)) - XceiverServerRatis ac4b8c18-80b4-4feb-9785-680d8e9d2b2c is started using port 43371 for RATIS_DATASTREAM
2023-05-03 09:47:55,600 [JvmPauseMonitor13] INFO  util.JvmPauseMonitor (JvmPauseMonitor.java:run(105)) - JvmPauseMonitor-ac4b8c18-80b4-4feb-9785-680d8e9d2b2c: Started
2023-05-03 09:47:55,609 [EndpointStateMachine task thread for /0.0.0.0:46813 - 0 ] INFO  server.XceiverServerGrpc (XceiverServerGrpc.java:start(180)) - XceiverServerGrpc ac4b8c18-80b4-4feb-9785-680d8e9d2b2c is started using port 39121
2023-05-03 09:47:55,614 [BlockDeletingService#0] INFO  interfaces.ContainerDeletionChoosingPolicyTemplate (ContainerDeletionChoosingPolicyTemplate.java:chooseContainerForBlockDeletion(83)) - Chosen 0/5000 blocks from 0 candidate containers.
2023-05-03 09:47:55,983 [EndpointStateMachine task thread for /0.0.0.0:46813 - 0 ] INFO  utils.DatanodeStoreCache (DatanodeStoreCache.java:addDB(58)) - Added db /home/runner/work/ozone/ozone/hadoop-ozone/integration-test/target/test-dir/MiniOzoneClusterImpl-4bec65cc-6935-45f5-a4e0-5572db01fbff/datanode-1/data-0/containers/hdds/4bec65cc-6935-45f5-a4e0-5572db01fbff/DS-27cdd93d-8a0a-4709-8ce5-53de754ad6dd/container.db to cache
2023-05-03 09:47:55,983 [EndpointStateMachine task thread for /0.0.0.0:46813 - 0 ] INFO  volume.HddsVolume (HddsVolume.java:createDbStore(350)) - SchemaV3 db is created and loaded at /home/runner/work/ozone/ozone/hadoop-ozone/integration-test/target/test-dir/MiniOzoneClusterImpl-4bec65cc-6935-45f5-a4e0-5572db01fbff/datanode-1/data-0/containers/hdds/4bec65cc-6935-45f5-a4e0-5572db01fbff/DS-27cdd93d-8a0a-4709-8ce5-53de754ad6dd/container.db for volume DS-27cdd93d-8a0a-4709-8ce5-53de754ad6dd
2023-05-03 09:47:55,983 [EndpointStateMachine task thread for /0.0.0.0:46813 - 0 ] INFO  ozoneimpl.OzoneContainer (OzoneContainer.java:start(397)) - Attempting to start container services.
2023-05-03 09:47:55,983 [EndpointStateMachine task thread for /0.0.0.0:46813 - 0 ] INFO  ozoneimpl.OzoneContainer (OzoneContainer.java:startContainerScrub(314)) - Scheduled background container scanners and the on-demand container scanner have been disabled.
2023-05-03 09:47:55,985 [EndpointStateMachine task thread for /0.0.0.0:46813 - 0 ] INFO  replication.ReplicationServer (ReplicationServer.java:start(109)) - ReplicationServer is started using port 44099
2023-05-03 09:47:55,985 [EndpointStateMachine task thread for /0.0.0.0:46813 - 0 ] INFO  ratis.XceiverServerRatis (XceiverServerRatis.java:start(517)) - Starting XceiverServerRatis 22018fc8-4f04-4d80-8f55-d0eb73e2f788
2023-05-03 09:47:55,986 [EndpointStateMachine task thread for /0.0.0.0:46813 - 0 ] INFO  server.RaftServer (RaftServerProxy.java:startImpl(393)) - 22018fc8-4f04-4d80-8f55-d0eb73e2f788: start RPC server
2023-05-03 09:47:55,987 [EndpointStateMachine task thread for /0.0.0.0:46813 - 0 ] INFO  server.GrpcService (GrpcService.java:startImpl(262)) - 22018fc8-4f04-4d80-8f55-d0eb73e2f788: GrpcService started, listening on 38059
2023-05-03 09:47:55,988 [EndpointStateMachine task thread for /0.0.0.0:46813 - 0 ] INFO  ratis.XceiverServerRatis (XceiverServerRatis.java:getRealPort(543)) - XceiverServerRatis 22018fc8-4f04-4d80-8f55-d0eb73e2f788 is started using port 38059 for RATIS
2023-05-03 09:47:55,988 [EndpointStateMachine task thread for /0.0.0.0:46813 - 0 ] INFO  ratis.XceiverServerRatis (XceiverServerRatis.java:getRealPort(543)) - XceiverServerRatis 22018fc8-4f04-4d80-8f55-d0eb73e2f788 is started using port 38059 for RATIS_ADMIN
2023-05-03 09:47:55,988 [EndpointStateMachine task thread for /0.0.0.0:46813 - 0 ] INFO  ratis.XceiverServerRatis (XceiverServerRatis.java:getRealPort(543)) - XceiverServerRatis 22018fc8-4f04-4d80-8f55-d0eb73e2f788 is started using port 38059 for RATIS_SERVER
2023-05-03 09:47:55,988 [EndpointStateMachine task thread for /0.0.0.0:46813 - 0 ] INFO  ratis.XceiverServerRatis (XceiverServerRatis.java:getRealPort(543)) - XceiverServerRatis 22018fc8-4f04-4d80-8f55-d0eb73e2f788 is started using port 45663 for RATIS_DATASTREAM
2023-05-03 09:47:55,988 [JvmPauseMonitor14] INFO  util.JvmPauseMonitor (JvmPauseMonitor.java:run(105)) - JvmPauseMonitor-22018fc8-4f04-4d80-8f55-d0eb73e2f788: Started
2023-05-03 09:47:55,998 [EndpointStateMachine task thread for /0.0.0.0:46813 - 0 ] INFO  server.XceiverServerGrpc (XceiverServerGrpc.java:start(180)) - XceiverServerGrpc 22018fc8-4f04-4d80-8f55-d0eb73e2f788 is started using port 34493
2023-05-03 09:47:56,003 [BlockDeletingService#0] INFO  interfaces.ContainerDeletionChoosingPolicyTemplate (ContainerDeletionChoosingPolicyTemplate.java:chooseContainerForBlockDeletion(83)) - Chosen 0/5000 blocks from 0 candidate containers.
2023-05-03 09:47:56,327 [Listener at 127.0.0.1/36541] INFO  ozone.MiniOzoneClusterImpl (MiniOzoneClusterImpl.java:lambda$waitForClusterToBeReady$0(223)) - Waiting for nodes to be ready. Got 0 of 3 DN Heartbeats.
2023-05-03 09:47:56,327 [Listener at 127.0.0.1/36541] INFO  ozone.MiniOzoneClusterImpl (MiniOzoneClusterImpl.java:lambda$waitForClusterToBeReady$0(226)) - Waiting for cluster to exit safe mode
2023-05-03 09:47:56,327 [Listener at 127.0.0.1/36541] INFO  ozone.MiniOzoneClusterImpl (MiniOzoneClusterImpl.java:lambda$waitForClusterToBeReady$0(228)) - SCM became leader
2023-05-03 09:47:56,369 [EndpointStateMachine task thread for /0.0.0.0:46813 - 0 ] INFO  utils.DatanodeStoreCache (DatanodeStoreCache.java:addDB(58)) - Added db /home/runner/work/ozone/ozone/hadoop-ozone/integration-test/target/test-dir/MiniOzoneClusterImpl-4bec65cc-6935-45f5-a4e0-5572db01fbff/datanode-2/data-0/containers/hdds/4bec65cc-6935-45f5-a4e0-5572db01fbff/DS-b75c47d3-c688-4218-a6e8-6e550c4f64f1/container.db to cache
2023-05-03 09:47:56,369 [EndpointStateMachine task thread for /0.0.0.0:46813 - 0 ] INFO  volume.HddsVolume (HddsVolume.java:createDbStore(350)) - SchemaV3 db is created and loaded at /home/runner/work/ozone/ozone/hadoop-ozone/integration-test/target/test-dir/MiniOzoneClusterImpl-4bec65cc-6935-45f5-a4e0-5572db01fbff/datanode-2/data-0/containers/hdds/4bec65cc-6935-45f5-a4e0-5572db01fbff/DS-b75c47d3-c688-4218-a6e8-6e550c4f64f1/container.db for volume DS-b75c47d3-c688-4218-a6e8-6e550c4f64f1
2023-05-03 09:47:56,369 [EndpointStateMachine task thread for /0.0.0.0:46813 - 0 ] INFO  ozoneimpl.OzoneContainer (OzoneContainer.java:start(397)) - Attempting to start container services.
2023-05-03 09:47:56,370 [EndpointStateMachine task thread for /0.0.0.0:46813 - 0 ] INFO  ozoneimpl.OzoneContainer (OzoneContainer.java:startContainerScrub(314)) - Scheduled background container scanners and the on-demand container scanner have been disabled.
2023-05-03 09:47:56,371 [EndpointStateMachine task thread for /0.0.0.0:46813 - 0 ] INFO  replication.ReplicationServer (ReplicationServer.java:start(109)) - ReplicationServer is started using port 36083
2023-05-03 09:47:56,371 [EndpointStateMachine task thread for /0.0.0.0:46813 - 0 ] INFO  ratis.XceiverServerRatis (XceiverServerRatis.java:start(517)) - Starting XceiverServerRatis 7f2c1250-5750-453f-880f-f900c696f98f
2023-05-03 09:47:56,379 [EndpointStateMachine task thread for /0.0.0.0:46813 - 0 ] INFO  server.RaftServer (RaftServerProxy.java:startImpl(393)) - 7f2c1250-5750-453f-880f-f900c696f98f: start RPC server
2023-05-03 09:47:56,382 [EndpointStateMachine task thread for /0.0.0.0:46813 - 0 ] INFO  server.GrpcService (GrpcService.java:startImpl(262)) - 7f2c1250-5750-453f-880f-f900c696f98f: GrpcService started, listening on 35411
2023-05-03 09:47:56,385 [EndpointStateMachine task thread for /0.0.0.0:46813 - 0 ] INFO  ratis.XceiverServerRatis (XceiverServerRatis.java:getRealPort(543)) - XceiverServerRatis 7f2c1250-5750-453f-880f-f900c696f98f is started using port 35411 for RATIS
2023-05-03 09:47:56,385 [EndpointStateMachine task thread for /0.0.0.0:46813 - 0 ] INFO  ratis.XceiverServerRatis (XceiverServerRatis.java:getRealPort(543)) - XceiverServerRatis 7f2c1250-5750-453f-880f-f900c696f98f is started using port 35411 for RATIS_ADMIN
2023-05-03 09:47:56,385 [JvmPauseMonitor15] INFO  util.JvmPauseMonitor (JvmPauseMonitor.java:run(105)) - JvmPauseMonitor-7f2c1250-5750-453f-880f-f900c696f98f: Started
2023-05-03 09:47:56,385 [EndpointStateMachine task thread for /0.0.0.0:46813 - 0 ] INFO  ratis.XceiverServerRatis (XceiverServerRatis.java:getRealPort(543)) - XceiverServerRatis 7f2c1250-5750-453f-880f-f900c696f98f is started using port 35411 for RATIS_SERVER
2023-05-03 09:47:56,385 [EndpointStateMachine task thread for /0.0.0.0:46813 - 0 ] INFO  ratis.XceiverServerRatis (XceiverServerRatis.java:getRealPort(543)) - XceiverServerRatis 7f2c1250-5750-453f-880f-f900c696f98f is started using port 44061 for RATIS_DATASTREAM
2023-05-03 09:47:56,388 [EndpointStateMachine task thread for /0.0.0.0:46813 - 0 ] INFO  server.XceiverServerGrpc (XceiverServerGrpc.java:start(180)) - XceiverServerGrpc 7f2c1250-5750-453f-880f-f900c696f98f is started using port 36065
2023-05-03 09:47:56,391 [BlockDeletingService#0] INFO  interfaces.ContainerDeletionChoosingPolicyTemplate (ContainerDeletionChoosingPolicyTemplate.java:chooseContainerForBlockDeletion(83)) - Chosen 0/5000 blocks from 0 candidate containers.
2023-05-03 09:47:57,327 [Listener at 127.0.0.1/36541] INFO  ozone.MiniOzoneClusterImpl (MiniOzoneClusterImpl.java:lambda$waitForClusterToBeReady$0(223)) - Waiting for nodes to be ready. Got 0 of 3 DN Heartbeats.
2023-05-03 09:47:57,328 [Listener at 127.0.0.1/36541] INFO  ozone.MiniOzoneClusterImpl (MiniOzoneClusterImpl.java:lambda$waitForClusterToBeReady$0(226)) - Waiting for cluster to exit safe mode
2023-05-03 09:47:57,328 [Listener at 127.0.0.1/36541] INFO  ozone.MiniOzoneClusterImpl (MiniOzoneClusterImpl.java:lambda$waitForClusterToBeReady$0(228)) - SCM became leader
2023-05-03 09:47:57,544 [IPC Server handler 1 on default port 46813] INFO  net.NetworkTopologyImpl (NetworkTopologyImpl.java:add(112)) - Added a new node: /default-rack/ac4b8c18-80b4-4feb-9785-680d8e9d2b2c
2023-05-03 09:47:57,544 [IPC Server handler 1 on default port 46813] INFO  node.SCMNodeManager (SCMNodeManager.java:register(407)) - Registered Data node : ac4b8c18-80b4-4feb-9785-680d8e9d2b2c{ip: 10.1.0.194, host: fv-az139-793.t0dryja4c43urhy2nvp0adewnd.cx.internal.cloudapp.net, ports: [HTTP=42533, REPLICATION=42545, RATIS=41097, RATIS_ADMIN=41097, RATIS_SERVER=41097, RATIS_DATASTREAM=43371, STANDALONE=39121], networkLocation: /default-rack, certSerialId: null, persistedOpState: null, persistedOpStateExpiryEpochSec: 0}
2023-05-03 09:47:57,545 [EventQueue-NodeRegistrationContainerReportForDataNodeSafeModeRule] INFO  safemode.SCMSafeModeManager (DataNodeSafeModeRule.java:process(71)) - SCM in safe mode. 1 DataNodes registered, 3 required.
2023-05-03 09:47:57,545 [EventQueue-NodeRegistrationContainerReportForContainerSafeModeRule] INFO  safemode.SCMSafeModeManager (SCMSafeModeManager.java:validateSafeModeExitRules(200)) - ContainerSafeModeRule rule is successfully validated
2023-05-03 09:47:57,557 [EventQueue-NewNodeForNewNodeHandler] INFO  pipeline.BackgroundPipelineCreator (BackgroundPipelineCreator.java:notifyEventTriggered(276)) - trigger a one-shot run on RatisPipelineUtilsThread.
2023-05-03 09:47:57,557 [RatisPipelineUtilsThread - 0] INFO  pipeline.RatisPipelineProvider (RatisPipelineProvider.java:lambda$create$0(206)) - Sending CreatePipelineCommand for pipeline:PipelineID=0ebe1850-9e60-46d8-8a31-943a61c87f2e to datanode:ac4b8c18-80b4-4feb-9785-680d8e9d2b2c
2023-05-03 09:47:57,559 [EventQueue-PipelineReportForOneReplicaPipelineSafeModeRule] INFO  safemode.SCMSafeModeManager (SCMSafeModeManager.java:validateSafeModeExitRules(200)) - AtleastOneDatanodeReportedRule rule is successfully validated
2023-05-03 09:47:57,563 [RatisPipelineUtilsThread - 0] INFO  pipeline.PipelineStateManagerImpl (PipelineStateManagerImpl.java:addPipeline(103)) - Created pipeline Pipeline[ Id: 0ebe1850-9e60-46d8-8a31-943a61c87f2e, Nodes: ac4b8c18-80b4-4feb-9785-680d8e9d2b2c(fv-az139-793.t0dryja4c43urhy2nvp0adewnd.cx.internal.cloudapp.net/10.1.0.194), ReplicationConfig: RATIS/ONE, State:ALLOCATED, leaderId:, CreationTimestamp2023-05-03T09:47:57.557Z[Etc/UTC]].
2023-05-03 09:47:57,956 [IPC Server handler 2 on default port 46813] INFO  net.NetworkTopologyImpl (NetworkTopologyImpl.java:add(112)) - Added a new node: /default-rack/22018fc8-4f04-4d80-8f55-d0eb73e2f788
2023-05-03 09:47:57,956 [IPC Server handler 2 on default port 46813] INFO  node.SCMNodeManager (SCMNodeManager.java:register(407)) - Registered Data node : 22018fc8-4f04-4d80-8f55-d0eb73e2f788{ip: 10.1.0.194, host: fv-az139-793.t0dryja4c43urhy2nvp0adewnd.cx.internal.cloudapp.net, ports: [HTTP=45621, REPLICATION=44099, RATIS=38059, RATIS_ADMIN=38059, RATIS_SERVER=38059, RATIS_DATASTREAM=45663, STANDALONE=34493], networkLocation: /default-rack, certSerialId: null, persistedOpState: null, persistedOpStateExpiryEpochSec: 0}
2023-05-03 09:47:57,959 [EventQueue-NewNodeForNewNodeHandler] INFO  pipeline.BackgroundPipelineCreator (BackgroundPipelineCreator.java:notifyEventTriggered(276)) - trigger a one-shot run on RatisPipelineUtilsThread.
2023-05-03 09:47:57,959 [EventQueue-NodeRegistrationContainerReportForDataNodeSafeModeRule] INFO  safemode.SCMSafeModeManager (DataNodeSafeModeRule.java:process(71)) - SCM in safe mode. 2 DataNodes registered, 3 required.
2023-05-03 09:47:57,959 [RatisPipelineUtilsThread - 0] INFO  pipeline.RatisPipelineProvider (RatisPipelineProvider.java:lambda$create$0(206)) - Sending CreatePipelineCommand for pipeline:PipelineID=37d06274-5463-49b5-8d39-9f164d00becf to datanode:22018fc8-4f04-4d80-8f55-d0eb73e2f788
2023-05-03 09:47:57,960 [RatisPipelineUtilsThread - 0] INFO  pipeline.PipelineStateManagerImpl (PipelineStateManagerImpl.java:addPipeline(103)) - Created pipeline Pipeline[ Id: 37d06274-5463-49b5-8d39-9f164d00becf, Nodes: 22018fc8-4f04-4d80-8f55-d0eb73e2f788(fv-az139-793.t0dryja4c43urhy2nvp0adewnd.cx.internal.cloudapp.net/10.1.0.194), ReplicationConfig: RATIS/ONE, State:ALLOCATED, leaderId:, CreationTimestamp2023-05-03T09:47:57.959Z[Etc/UTC]].
2023-05-03 09:47:58,328 [Listener at 127.0.0.1/36541] INFO  ozone.MiniOzoneClusterImpl (MiniOzoneClusterImpl.java:lambda$waitForClusterToBeReady$0(223)) - Waiting for nodes to be ready. Got 2 of 3 DN Heartbeats.
2023-05-03 09:47:58,328 [Listener at 127.0.0.1/36541] INFO  ozone.MiniOzoneClusterImpl (MiniOzoneClusterImpl.java:lambda$waitForClusterToBeReady$0(226)) - Waiting for cluster to exit safe mode
2023-05-03 09:47:58,328 [Listener at 127.0.0.1/36541] INFO  ozone.MiniOzoneClusterImpl (MiniOzoneClusterImpl.java:lambda$waitForClusterToBeReady$0(228)) - SCM became leader
2023-05-03 09:47:58,339 [IPC Server handler 3 on default port 46813] INFO  net.NetworkTopologyImpl (NetworkTopologyImpl.java:add(112)) - Added a new node: /default-rack/7f2c1250-5750-453f-880f-f900c696f98f
2023-05-03 09:47:58,339 [IPC Server handler 3 on default port 46813] INFO  node.SCMNodeManager (SCMNodeManager.java:register(407)) - Registered Data node : 7f2c1250-5750-453f-880f-f900c696f98f{ip: 10.1.0.194, host: fv-az139-793.t0dryja4c43urhy2nvp0adewnd.cx.internal.cloudapp.net, ports: [HTTP=35789, REPLICATION=36083, RATIS=35411, RATIS_ADMIN=35411, RATIS_SERVER=35411, RATIS_DATASTREAM=44061, STANDALONE=36065], networkLocation: /default-rack, certSerialId: null, persistedOpState: null, persistedOpStateExpiryEpochSec: 0}
2023-05-03 09:47:58,340 [EventQueue-NewNodeForNewNodeHandler] INFO  pipeline.BackgroundPipelineCreator (BackgroundPipelineCreator.java:notifyEventTriggered(276)) - trigger a one-shot run on RatisPipelineUtilsThread.
2023-05-03 09:47:58,340 [EventQueue-NodeRegistrationContainerReportForDataNodeSafeModeRule] INFO  safemode.SCMSafeModeManager (DataNodeSafeModeRule.java:process(71)) - SCM in safe mode. 3 DataNodes registered, 3 required.
2023-05-03 09:47:58,340 [EventQueue-NodeRegistrationContainerReportForDataNodeSafeModeRule] INFO  safemode.SCMSafeModeManager (SCMSafeModeManager.java:validateSafeModeExitRules(200)) - DataNodeSafeModeRule rule is successfully validated
2023-05-03 09:47:58,340 [EventQueue-NodeRegistrationContainerReportForDataNodeSafeModeRule] INFO  safemode.SCMSafeModeManager (SCMSafeModeManager.java:completePreCheck(229)) - All SCM safe mode pre check rules have passed
2023-05-03 09:47:58,340 [EventQueue-NodeRegistrationContainerReportForDataNodeSafeModeRule] INFO  ha.SCMContext (SCMContext.java:updateSafeModeStatus(228)) - Update SafeModeStatus from SafeModeStatus{safeModeStatus=true, preCheckPassed=false} to SafeModeStatus{safeModeStatus=true, preCheckPassed=true}.
2023-05-03 09:47:58,340 [EventQueue-NodeRegistrationContainerReportForDataNodeSafeModeRule] INFO  pipeline.BackgroundPipelineCreator (BackgroundPipelineCreator.java:notifyEventTriggered(276)) - trigger a one-shot run on RatisPipelineUtilsThread.
2023-05-03 09:47:58,340 [RatisPipelineUtilsThread - 0] INFO  pipeline.RatisPipelineProvider (RatisPipelineProvider.java:lambda$create$0(206)) - Sending CreatePipelineCommand for pipeline:PipelineID=89802633-d8db-43d0-a6a3-432a0c806781 to datanode:7f2c1250-5750-453f-880f-f900c696f98f
2023-05-03 09:47:58,341 [RatisPipelineUtilsThread - 0] INFO  pipeline.PipelineStateManagerImpl (PipelineStateManagerImpl.java:addPipeline(103)) - Created pipeline Pipeline[ Id: 89802633-d8db-43d0-a6a3-432a0c806781, Nodes: 7f2c1250-5750-453f-880f-f900c696f98f(fv-az139-793.t0dryja4c43urhy2nvp0adewnd.cx.internal.cloudapp.net/10.1.0.194), ReplicationConfig: RATIS/ONE, State:ALLOCATED, leaderId:, CreationTimestamp2023-05-03T09:47:58.340Z[Etc/UTC]].
2023-05-03 09:47:58,341 [RatisPipelineUtilsThread - 0] INFO  pipeline.RatisPipelineProvider (RatisPipelineProvider.java:lambda$create$0(206)) - Sending CreatePipelineCommand for pipeline:PipelineID=b16bc958-938d-45ed-9243-0349fdddb6ae to datanode:ac4b8c18-80b4-4feb-9785-680d8e9d2b2c
2023-05-03 09:47:58,341 [RatisPipelineUtilsThread - 0] INFO  pipeline.RatisPipelineProvider (RatisPipelineProvider.java:lambda$create$0(206)) - Sending CreatePipelineCommand for pipeline:PipelineID=b16bc958-938d-45ed-9243-0349fdddb6ae to datanode:22018fc8-4f04-4d80-8f55-d0eb73e2f788
2023-05-03 09:47:58,341 [RatisPipelineUtilsThread - 0] INFO  pipeline.RatisPipelineProvider (RatisPipelineProvider.java:lambda$create$0(206)) - Sending CreatePipelineCommand for pipeline:PipelineID=b16bc958-938d-45ed-9243-0349fdddb6ae to datanode:7f2c1250-5750-453f-880f-f900c696f98f
2023-05-03 09:47:58,342 [RatisPipelineUtilsThread - 0] INFO  pipeline.PipelineStateManagerImpl (PipelineStateManagerImpl.java:addPipeline(103)) - Created pipeline Pipeline[ Id: b16bc958-938d-45ed-9243-0349fdddb6ae, Nodes: ac4b8c18-80b4-4feb-9785-680d8e9d2b2c(fv-az139-793.t0dryja4c43urhy2nvp0adewnd.cx.internal.cloudapp.net/10.1.0.194)22018fc8-4f04-4d80-8f55-d0eb73e2f788(fv-az139-793.t0dryja4c43urhy2nvp0adewnd.cx.internal.cloudapp.net/10.1.0.194)7f2c1250-5750-453f-880f-f900c696f98f(fv-az139-793.t0dryja4c43urhy2nvp0adewnd.cx.internal.cloudapp.net/10.1.0.194), ReplicationConfig: RATIS/THREE, State:ALLOCATED, leaderId:, CreationTimestamp2023-05-03T09:47:58.341Z[Etc/UTC]].
2023-05-03 09:47:58,343 [RatisPipelineUtilsThread - 0] INFO  pipeline.RatisPipelineProvider (RatisPipelineProvider.java:lambda$create$0(206)) - Sending CreatePipelineCommand for pipeline:PipelineID=6a66d65b-20c2-431f-b22c-7ef152ae622f to datanode:ac4b8c18-80b4-4feb-9785-680d8e9d2b2c
2023-05-03 09:47:58,343 [RatisPipelineUtilsThread - 0] INFO  pipeline.RatisPipelineProvider (RatisPipelineProvider.java:lambda$create$0(206)) - Sending CreatePipelineCommand for pipeline:PipelineID=6a66d65b-20c2-431f-b22c-7ef152ae622f to datanode:7f2c1250-5750-453f-880f-f900c696f98f
2023-05-03 09:47:58,343 [RatisPipelineUtilsThread - 0] INFO  pipeline.RatisPipelineProvider (RatisPipelineProvider.java:lambda$create$0(206)) - Sending CreatePipelineCommand for pipeline:PipelineID=6a66d65b-20c2-431f-b22c-7ef152ae622f to datanode:22018fc8-4f04-4d80-8f55-d0eb73e2f788
2023-05-03 09:47:58,343 [RatisPipelineUtilsThread - 0] INFO  pipeline.PipelineStateManagerImpl (PipelineStateManagerImpl.java:addPipeline(103)) - Created pipeline Pipeline[ Id: 6a66d65b-20c2-431f-b22c-7ef152ae622f, Nodes: ac4b8c18-80b4-4feb-9785-680d8e9d2b2c(fv-az139-793.t0dryja4c43urhy2nvp0adewnd.cx.internal.cloudapp.net/10.1.0.194)7f2c1250-5750-453f-880f-f900c696f98f(fv-az139-793.t0dryja4c43urhy2nvp0adewnd.cx.internal.cloudapp.net/10.1.0.194)22018fc8-4f04-4d80-8f55-d0eb73e2f788(fv-az139-793.t0dryja4c43urhy2nvp0adewnd.cx.internal.cloudapp.net/10.1.0.194), ReplicationConfig: RATIS/THREE, State:ALLOCATED, leaderId:, CreationTimestamp2023-05-03T09:47:58.343Z[Etc/UTC]].
2023-05-03 09:47:58,344 [RatisPipelineUtilsThread - 0] INFO  pipeline.PipelineManagerImpl (PipelineManagerImpl.java:recordMetricsForPipeline(826)) - Pipeline: PipelineID=6a66d65b-20c2-431f-b22c-7ef152ae622f contains same datanodes as previous pipelines: PipelineID=b16bc958-938d-45ed-9243-0349fdddb6ae nodeIds: ac4b8c18-80b4-4feb-9785-680d8e9d2b2c, 7f2c1250-5750-453f-880f-f900c696f98f, 22018fc8-4f04-4d80-8f55-d0eb73e2f788
2023-05-03 09:47:58,344 [RatisPipelineUtilsThread - 0] WARN  pipeline.PipelinePlacementPolicy (PipelinePlacementPolicy.java:filterViableNodes(160)) - Pipeline creation failed due to no sufficient healthy datanodes. Required 3. Found 0. Excluded 3.
2023-05-03 09:47:58,344 [RatisPipelineUtilsThread - 0] WARN  pipeline.PipelinePlacementPolicy (PipelinePlacementPolicy.java:filterViableNodes(160)) - Pipeline creation failed due to no sufficient healthy datanodes. Required 3. Found 0. Excluded 3.
2023-05-03 09:47:59,328 [Listener at 127.0.0.1/36541] INFO  ozone.MiniOzoneClusterImpl (MiniOzoneClusterImpl.java:lambda$waitForClusterToBeReady$0(223)) - Nodes are ready. Got 3 of 3 DN Heartbeats.
2023-05-03 09:47:59,328 [Listener at 127.0.0.1/36541] INFO  ozone.MiniOzoneClusterImpl (MiniOzoneClusterImpl.java:lambda$waitForClusterToBeReady$0(226)) - Waiting for cluster to exit safe mode
2023-05-03 09:47:59,329 [Listener at 127.0.0.1/36541] INFO  ozone.MiniOzoneClusterImpl (MiniOzoneClusterImpl.java:lambda$waitForClusterToBeReady$0(228)) - SCM became leader
2023-05-03 09:48:00,329 [Listener at 127.0.0.1/36541] INFO  ozone.MiniOzoneClusterImpl (MiniOzoneClusterImpl.java:lambda$waitForClusterToBeReady$0(223)) - Nodes are ready. Got 3 of 3 DN Heartbeats.
2023-05-03 09:48:00,329 [Listener at 127.0.0.1/36541] INFO  ozone.MiniOzoneClusterImpl (MiniOzoneClusterImpl.java:lambda$waitForClusterToBeReady$0(226)) - Waiting for cluster to exit safe mode
2023-05-03 09:48:00,329 [Listener at 127.0.0.1/36541] INFO  ozone.MiniOzoneClusterImpl (MiniOzoneClusterImpl.java:lambda$waitForClusterToBeReady$0(228)) - SCM became leader
2023-05-03 09:48:00,542 [Command processor thread] INFO  server.RaftServer (RaftServerProxy.java:addNew(96)) - ac4b8c18-80b4-4feb-9785-680d8e9d2b2c: addNew group-943A61C87F2E:[ac4b8c18-80b4-4feb-9785-680d8e9d2b2c|rpc:10.1.0.194:41097|dataStream:10.1.0.194:43371|priority:1|startupRole:FOLLOWER] returns group-943A61C87F2E:java.util.concurrent.CompletableFuture@37c82e13[Not completed]
2023-05-03 09:48:00,548 [pool-626-thread-1] INFO  server.RaftServer$Division (RaftServerImpl.java:<init>(195)) - ac4b8c18-80b4-4feb-9785-680d8e9d2b2c: new RaftServerImpl for group-943A61C87F2E:[ac4b8c18-80b4-4feb-9785-680d8e9d2b2c|rpc:10.1.0.194:41097|dataStream:10.1.0.194:43371|priority:1|startupRole:FOLLOWER] with ContainerStateMachine:uninitialized
2023-05-03 09:48:00,548 [pool-626-thread-1] INFO  server.RaftServerConfigKeys (ConfUtils.java:logGet(46)) - raft.server.rpc.timeout.min = 5s (custom)
2023-05-03 09:48:00,548 [pool-626-thread-1] INFO  server.RaftServerConfigKeys (ConfUtils.java:logGet(46)) - raft.server.rpc.timeout.max = 5200ms (custom)
2023-05-03 09:48:00,548 [pool-626-thread-1] INFO  server.RaftServerConfigKeys (ConfUtils.java:logGet(46)) - raft.server.rpc.sleep.time = 25ms (default)
2023-05-03 09:48:00,548 [pool-626-thread-1] INFO  server.RaftServerConfigKeys (ConfUtils.java:logGet(46)) - raft.server.rpc.slowness.timeout = 300s (custom)
2023-05-03 09:48:00,548 [pool-626-thread-1] INFO  server.RaftServerConfigKeys (ConfUtils.java:logGet(46)) - raft.server.leaderelection.leader.step-down.wait-time = 10s (default)
2023-05-03 09:48:00,548 [pool-626-thread-1] INFO  server.RaftServerConfigKeys (ConfUtils.java:logGet(46)) - raft.server.sleep.deviation.threshold = 300ms (default)
2023-05-03 09:48:00,548 [pool-626-thread-1] INFO  server.RaftServer$Division (ServerState.java:<init>(118)) - ac4b8c18-80b4-4feb-9785-680d8e9d2b2c@group-943A61C87F2E: ConfigurationManager, init=-1: peers:[ac4b8c18-80b4-4feb-9785-680d8e9d2b2c|rpc:10.1.0.194:41097|dataStream:10.1.0.194:43371|priority:1|startupRole:FOLLOWER]|listeners:[], old=null, confs=<EMPTY_MAP>
2023-05-03 09:48:00,548 [pool-626-thread-1] INFO  server.RaftServerConfigKeys (ConfUtils.java:logGet(46)) - raft.server.storage.dir = [/home/runner/work/ozone/ozone/hadoop-ozone/integration-test/target/test-dir/MiniOzoneClusterImpl-4bec65cc-6935-45f5-a4e0-5572db01fbff/datanode-0/data/ratis] (custom)
2023-05-03 09:48:00,548 [pool-626-thread-1] INFO  server.RaftServerConfigKeys (ConfUtils.java:logGet(46)) - raft.server.log.corruption.policy = EXCEPTION (default)
2023-05-03 09:48:00,548 [pool-626-thread-1] INFO  server.RaftServerConfigKeys (ConfUtils.java:logGet(46)) - raft.server.storage.free-space.min = 0MB (=0) (default)
2023-05-03 09:48:00,548 [pool-626-thread-1] INFO  server.RaftServerConfigKeys (ConfUtils.java:logGet(46)) - raft.server.notification.no-leader.timeout = 300s (custom)
2023-05-03 09:48:00,548 [pool-626-thread-1] INFO  server.RaftServerConfigKeys (ConfUtils.java:logGet(46)) - raft.server.retrycache.expirytime = 600000ms (custom)
2023-05-03 09:48:00,548 [pool-626-thread-1] INFO  server.RaftServerConfigKeys (ConfUtils.java:logGet(46)) - raft.server.retrycache.statistics.expirytime = 100μs (default)
2023-05-03 09:48:00,549 [pool-626-thread-1] INFO  server.RaftServerConfigKeys (ConfUtils.java:logGet(46)) - raft.server.log.appender.install.snapshot.enabled = false (custom)
2023-05-03 09:48:00,549 [pool-626-thread-1] INFO  server.RaftServerConfigKeys (ConfUtils.java:logGet(46)) - raft.server.threadpool.server.cached = true (default)
2023-05-03 09:48:00,549 [pool-626-thread-1] INFO  server.RaftServerConfigKeys (ConfUtils.java:logGet(46)) - raft.server.threadpool.server.size = 0 (default)
2023-05-03 09:48:00,549 [pool-626-thread-1] INFO  server.RaftServerConfigKeys (ConfUtils.java:logGet(46)) - raft.server.threadpool.client.cached = true (default)
2023-05-03 09:48:00,549 [pool-626-thread-1] INFO  server.RaftServerConfigKeys (ConfUtils.java:logGet(46)) - raft.server.threadpool.client.size = 0 (default)
2023-05-03 09:48:00,550 [pool-626-thread-1] INFO  storage.RaftStorageDirectory (RaftStorageDirectoryImpl.java:analyzeStorage(137)) - The storage directory /home/runner/work/ozone/ozone/hadoop-ozone/integration-test/target/test-dir/MiniOzoneClusterImpl-4bec65cc-6935-45f5-a4e0-5572db01fbff/datanode-0/data/ratis/0ebe1850-9e60-46d8-8a31-943a61c87f2e does not exist. Creating ...
2023-05-03 09:48:00,551 [pool-626-thread-1] INFO  storage.RaftStorageDirectory (RaftStorageDirectoryImpl.java:tryLock(231)) - Lock on /home/runner/work/ozone/ozone/hadoop-ozone/integration-test/target/test-dir/MiniOzoneClusterImpl-4bec65cc-6935-45f5-a4e0-5572db01fbff/datanode-0/data/ratis/0ebe1850-9e60-46d8-8a31-943a61c87f2e/in_use.lock acquired by nodename 7780@fv-az139-793
2023-05-03 09:48:00,551 [pool-626-thread-1] INFO  storage.RaftStorage (RaftStorageImpl.java:format(96)) - Storage directory /home/runner/work/ozone/ozone/hadoop-ozone/integration-test/target/test-dir/MiniOzoneClusterImpl-4bec65cc-6935-45f5-a4e0-5572db01fbff/datanode-0/data/ratis/0ebe1850-9e60-46d8-8a31-943a61c87f2e has been successfully formatted.
2023-05-03 09:48:00,552 [pool-626-thread-1] INFO  ratis.ContainerStateMachine (ContainerStateMachine.java:loadSnapshot(262)) - group-943A61C87F2E: The snapshot info is null. Setting the last applied indexto:(t:0, i:~)
2023-05-03 09:48:00,552 [pool-626-thread-1] INFO  server.RaftServerConfigKeys (ConfUtils.java:logGet(46)) - raft.server.log.use.memory = false (default)
2023-05-03 09:48:00,552 [pool-626-thread-1] INFO  server.RaftServerConfigKeys (ConfUtils.java:logGet(46)) - raft.server.log.purge.gap = 1000000 (custom)
2023-05-03 09:48:00,553 [pool-626-thread-1] INFO  server.RaftServerConfigKeys (ConfUtils.java:logGet(46)) - raft.server.log.appender.buffer.byte-limit = 33554432 (custom)
2023-05-03 09:48:00,553 [pool-626-thread-1] INFO  server.RaftServerConfigKeys (ConfUtils.java:logGet(46)) - raft.server.log.statemachine.data.read.timeout = 1000ms (default)
2023-05-03 09:48:00,553 [pool-626-thread-1] INFO  server.RaftServerConfigKeys (ConfUtils.java:logGet(46)) - raft.server.log.purge.preservation.log.num = 0 (default)
2023-05-03 09:48:00,554 [EventQueue-PipelineReportForPipelineReportHandler] INFO  pipeline.PipelineManagerImpl (PipelineManagerImpl.java:openPipeline(367)) - Pipeline Pipeline[ Id: 0ebe1850-9e60-46d8-8a31-943a61c87f2e, Nodes: ac4b8c18-80b4-4feb-9785-680d8e9d2b2c(fv-az139-793.t0dryja4c43urhy2nvp0adewnd.cx.internal.cloudapp.net/10.1.0.194), ReplicationConfig: RATIS/ONE, State:ALLOCATED, leaderId:ac4b8c18-80b4-4feb-9785-680d8e9d2b2c, CreationTimestamp2023-05-03T09:47:57.557Z[Etc/UTC]] moved to OPEN state
2023-05-03 09:48:00,557 [pool-626-thread-1] INFO  server.RaftServerConfigKeys (ConfUtils.java:logGet(46)) - raft.server.log.segment.size.max = 1048576 (custom)
2023-05-03 09:48:00,558 [pool-626-thread-1] INFO  server.RaftServerConfigKeys (ConfUtils.java:logGet(46)) - raft.server.log.segment.cache.num.max = 2 (custom)
2023-05-03 09:48:00,558 [pool-626-thread-1] INFO  server.RaftServerConfigKeys (ConfUtils.java:logGet(46)) - raft.server.log.segment.cache.size.max = 200MB (=209715200) (default)
2023-05-03 09:48:00,558 [pool-626-thread-1] INFO  segmented.SegmentedRaftLogWorker (SegmentedRaftLogWorker.java:<init>(189)) - new ac4b8c18-80b4-4feb-9785-680d8e9d2b2c@group-943A61C87F2E-SegmentedRaftLogWorker for RaftStorageImpl:Storage Directory /home/runner/work/ozone/ozone/hadoop-ozone/integration-test/target/test-dir/MiniOzoneClusterImpl-4bec65cc-6935-45f5-a4e0-5572db01fbff/datanode-0/data/ratis/0ebe1850-9e60-46d8-8a31-943a61c87f2e
2023-05-03 09:48:00,558 [pool-626-thread-1] INFO  server.RaftServerConfigKeys (ConfUtils.java:logGet(46)) - raft.server.log.queue.byte-limit = 4294967296 (custom)
2023-05-03 09:48:00,558 [pool-626-thread-1] INFO  server.RaftServerConfigKeys (ConfUtils.java:logGet(46)) - raft.server.log.queue.element-limit = 1024 (custom)
2023-05-03 09:48:00,558 [pool-626-thread-1] INFO  server.RaftServerConfigKeys (ConfUtils.java:logGet(46)) - raft.server.log.segment.size.max = 1048576 (custom)
2023-05-03 09:48:00,558 [pool-626-thread-1] INFO  server.RaftServerConfigKeys (ConfUtils.java:logGet(46)) - raft.server.log.preallocated.size = 16384 (custom)
2023-05-03 09:48:00,558 [pool-626-thread-1] INFO  server.RaftServerConfigKeys (ConfUtils.java:logGet(46)) - raft.server.log.force.sync.num = 128 (default)
2023-05-03 09:48:00,558 [pool-626-thread-1] INFO  server.RaftServerConfigKeys (ConfUtils.java:logGet(46)) - raft.server.log.statemachine.data.sync = true (default)
2023-05-03 09:48:00,558 [pool-626-thread-1] INFO  server.RaftServerConfigKeys (ConfUtils.java:logGet(46)) - raft.server.log.statemachine.data.sync.timeout = 10s (default)
2023-05-03 09:48:00,558 [pool-626-thread-1] INFO  server.RaftServerConfigKeys (ConfUtils.java:logGet(46)) - raft.server.log.statemachine.data.sync.timeout.retry = -1 (default)
2023-05-03 09:48:00,559 [pool-626-thread-1] INFO  server.RaftServerConfigKeys (ConfUtils.java:logGet(46)) - raft.server.log.write.buffer.size = 1048576 (custom)
2023-05-03 09:48:00,559 [pool-626-thread-1] INFO  server.RaftServerConfigKeys (ConfUtils.java:logGet(46)) - raft.server.log.appender.buffer.byte-limit = 33554432 (custom)
2023-05-03 09:48:00,562 [pool-626-thread-1] INFO  server.RaftServerConfigKeys (ConfUtils.java:logGet(46)) - raft.server.log.unsafe-flush.enabled = false (default)
2023-05-03 09:48:00,562 [pool-626-thread-1] INFO  server.RaftServerConfigKeys (ConfUtils.java:logGet(46)) - raft.server.log.async-flush.enabled = false (default)
2023-05-03 09:48:00,562 [pool-626-thread-1] INFO  server.RaftServerConfigKeys (ConfUtils.java:logGet(46)) - raft.server.log.statemachine.data.caching.enabled = true (custom)
2023-05-03 09:48:00,562 [pool-626-thread-1] INFO  segmented.SegmentedRaftLogWorker (SegmentedRaftLogWorker.java:lambda$new$0(135)) - ac4b8c18-80b4-4feb-9785-680d8e9d2b2c@group-943A61C87F2E-SegmentedRaftLogWorker: flushIndex: setUnconditionally 0 -> -1
2023-05-03 09:48:00,562 [pool-626-thread-1] INFO  segmented.SegmentedRaftLogWorker (SegmentedRaftLogWorker.java:lambda$new$0(135)) - ac4b8c18-80b4-4feb-9785-680d8e9d2b2c@group-943A61C87F2E-SegmentedRaftLogWorker: safeCacheEvictIndex: setUnconditionally 0 -> -1
2023-05-03 09:48:00,568 [EventQueue-OpenPipelineForHealthyPipelineSafeModeRule] INFO  safemode.SCMSafeModeManager (HealthyPipelineSafeModeRule.java:process(137)) - SCM in safe mode. Healthy pipelines reported count is 0, required healthy pipeline reported count is 1
2023-05-03 09:48:00,571 [pool-626-thread-1] INFO  server.RaftServer$Division (RaftServerImpl.java:start(334)) - ac4b8c18-80b4-4feb-9785-680d8e9d2b2c@group-943A61C87F2E: start as a follower, conf=-1: peers:[ac4b8c18-80b4-4feb-9785-680d8e9d2b2c|rpc:10.1.0.194:41097|dataStream:10.1.0.194:43371|priority:1|startupRole:FOLLOWER]|listeners:[], old=null
2023-05-03 09:48:00,571 [pool-626-thread-1] INFO  server.RaftServer$Division (RaftServerImpl.java:setRole(321)) - ac4b8c18-80b4-4feb-9785-680d8e9d2b2c@group-943A61C87F2E: changes role from      null to FOLLOWER at term 0 for startAsFollower
2023-05-03 09:48:00,571 [pool-626-thread-1] INFO  impl.RoleInfo (RoleInfo.java:updateAndGet(139)) - ac4b8c18-80b4-4feb-9785-680d8e9d2b2c: start ac4b8c18-80b4-4feb-9785-680d8e9d2b2c@group-943A61C87F2E-FollowerState
2023-05-03 09:48:00,574 [pool-626-thread-1] INFO  util.JmxRegister (JmxRegister.java:tryRegister(44)) - Successfully registered JMX Bean with object name Ratis:service=RaftServer,group=group-943A61C87F2E,id=ac4b8c18-80b4-4feb-9785-680d8e9d2b2c
2023-05-03 09:48:00,574 [ac4b8c18-80b4-4feb-9785-680d8e9d2b2c@group-943A61C87F2E-FollowerState] INFO  server.RaftServerConfigKeys (ConfUtils.java:logFallback(53)) - raft.server.rpc.first-election.timeout.min = 5s (fallback to raft.server.rpc.timeout.min)
2023-05-03 09:48:00,574 [pool-626-thread-1] INFO  server.RaftServerConfigKeys (ConfUtils.java:logGet(46)) - raft.server.snapshot.auto.trigger.enabled = true (custom)
2023-05-03 09:48:00,577 [pool-626-thread-1] INFO  server.RaftServerConfigKeys (ConfUtils.java:logGet(46)) - raft.server.snapshot.auto.trigger.threshold = 10000 (custom)
2023-05-03 09:48:00,577 [pool-626-thread-1] INFO  server.RaftServerConfigKeys (ConfUtils.java:logGet(46)) - raft.server.snapshot.retention.file.num = 5 (custom)
2023-05-03 09:48:00,577 [pool-626-thread-1] INFO  server.RaftServerConfigKeys (ConfUtils.java:logGet(46)) - raft.server.log.purge.upto.snapshot.index = false (default)
2023-05-03 09:48:00,577 [ac4b8c18-80b4-4feb-9785-680d8e9d2b2c@group-943A61C87F2E-FollowerState] INFO  server.RaftServerConfigKeys (ConfUtils.java:logFallback(53)) - raft.server.rpc.first-election.timeout.max = 5200ms (fallback to raft.server.rpc.timeout.max)
2023-05-03 09:48:00,579 [Command processor thread] INFO  ratis.XceiverServerRatis (XceiverServerRatis.java:addGroup(806)) - Created group PipelineID=0ebe1850-9e60-46d8-8a31-943a61c87f2e
2023-05-03 09:48:00,579 [Command processor thread] INFO  commandhandler.CreatePipelineCommandHandler (CreatePipelineCommandHandler.java:handle(113)) - Created Pipeline RATIS ONE PipelineID=0ebe1850-9e60-46d8-8a31-943a61c87f2e.
2023-05-03 09:48:00,580 [Command processor thread] INFO  server.RaftServer (RaftServerProxy.java:addNew(96)) - ac4b8c18-80b4-4feb-9785-680d8e9d2b2c: addNew group-0349FDDDB6AE:[7f2c1250-5750-453f-880f-f900c696f98f|rpc:10.1.0.194:35411|dataStream:10.1.0.194:44061|priority:0|startupRole:FOLLOWER, 22018fc8-4f04-4d80-8f55-d0eb73e2f788|rpc:10.1.0.194:38059|dataStream:10.1.0.194:45663|priority:0|startupRole:FOLLOWER, ac4b8c18-80b4-4feb-9785-680d8e9d2b2c|rpc:10.1.0.194:41097|dataStream:10.1.0.194:43371|priority:1|startupRole:FOLLOWER] returns group-0349FDDDB6AE:java.util.concurrent.CompletableFuture@33f7bc32[Not completed]
2023-05-03 09:48:00,580 [pool-626-thread-1] INFO  server.RaftServer$Division (RaftServerImpl.java:<init>(195)) - ac4b8c18-80b4-4feb-9785-680d8e9d2b2c: new RaftServerImpl for group-0349FDDDB6AE:[7f2c1250-5750-453f-880f-f900c696f98f|rpc:10.1.0.194:35411|dataStream:10.1.0.194:44061|priority:0|startupRole:FOLLOWER, 22018fc8-4f04-4d80-8f55-d0eb73e2f788|rpc:10.1.0.194:38059|dataStream:10.1.0.194:45663|priority:0|startupRole:FOLLOWER, ac4b8c18-80b4-4feb-9785-680d8e9d2b2c|rpc:10.1.0.194:41097|dataStream:10.1.0.194:43371|priority:1|startupRole:FOLLOWER] with ContainerStateMachine:uninitialized
2023-05-03 09:48:00,581 [pool-626-thread-1] INFO  server.RaftServerConfigKeys (ConfUtils.java:logGet(46)) - raft.server.rpc.timeout.min = 5s (custom)
2023-05-03 09:48:00,581 [pool-626-thread-1] INFO  server.RaftServerConfigKeys (ConfUtils.java:logGet(46)) - raft.server.rpc.timeout.max = 5200ms (custom)
2023-05-03 09:48:00,581 [pool-626-thread-1] INFO  server.RaftServerConfigKeys (ConfUtils.java:logGet(46)) - raft.server.rpc.sleep.time = 25ms (default)
2023-05-03 09:48:00,581 [pool-626-thread-1] INFO  server.RaftServerConfigKeys (ConfUtils.java:logGet(46)) - raft.server.rpc.slowness.timeout = 300s (custom)
2023-05-03 09:48:00,581 [pool-626-thread-1] INFO  server.RaftServerConfigKeys (ConfUtils.java:logGet(46)) - raft.server.leaderelection.leader.step-down.wait-time = 10s (default)
2023-05-03 09:48:00,581 [pool-626-thread-1] INFO  server.RaftServerConfigKeys (ConfUtils.java:logGet(46)) - raft.server.sleep.deviation.threshold = 300ms (default)
2023-05-03 09:48:00,581 [pool-626-thread-1] INFO  server.RaftServer$Division (ServerState.java:<init>(118)) - ac4b8c18-80b4-4feb-9785-680d8e9d2b2c@group-0349FDDDB6AE: ConfigurationManager, init=-1: peers:[7f2c1250-5750-453f-880f-f900c696f98f|rpc:10.1.0.194:35411|dataStream:10.1.0.194:44061|priority:0|startupRole:FOLLOWER, 22018fc8-4f04-4d80-8f55-d0eb73e2f788|rpc:10.1.0.194:38059|dataStream:10.1.0.194:45663|priority:0|startupRole:FOLLOWER, ac4b8c18-80b4-4feb-9785-680d8e9d2b2c|rpc:10.1.0.194:41097|dataStream:10.1.0.194:43371|priority:1|startupRole:FOLLOWER]|listeners:[], old=null, confs=<EMPTY_MAP>
2023-05-03 09:48:00,581 [pool-626-thread-1] INFO  server.RaftServerConfigKeys (ConfUtils.java:logGet(46)) - raft.server.storage.dir = [/home/runner/work/ozone/ozone/hadoop-ozone/integration-test/target/test-dir/MiniOzoneClusterImpl-4bec65cc-6935-45f5-a4e0-5572db01fbff/datanode-0/data/ratis] (custom)
2023-05-03 09:48:00,581 [pool-626-thread-1] INFO  server.RaftServerConfigKeys (ConfUtils.java:logGet(46)) - raft.server.log.corruption.policy = EXCEPTION (default)
2023-05-03 09:48:00,581 [pool-626-thread-1] INFO  server.RaftServerConfigKeys (ConfUtils.java:logGet(46)) - raft.server.storage.free-space.min = 0MB (=0) (default)
2023-05-03 09:48:00,581 [pool-626-thread-1] INFO  server.RaftServerConfigKeys (ConfUtils.java:logGet(46)) - raft.server.notification.no-leader.timeout = 300s (custom)
2023-05-03 09:48:00,581 [pool-626-thread-1] INFO  server.RaftServerConfigKeys (ConfUtils.java:logGet(46)) - raft.server.retrycache.expirytime = 600000ms (custom)
2023-05-03 09:48:00,581 [pool-626-thread-1] INFO  server.RaftServerConfigKeys (ConfUtils.java:logGet(46)) - raft.server.retrycache.statistics.expirytime = 100μs (default)
2023-05-03 09:48:00,582 [pool-626-thread-1] INFO  server.RaftServerConfigKeys (ConfUtils.java:logGet(46)) - raft.server.log.appender.install.snapshot.enabled = false (custom)
2023-05-03 09:48:00,582 [pool-626-thread-1] INFO  server.RaftServerConfigKeys (ConfUtils.java:logGet(46)) - raft.server.threadpool.server.cached = true (default)
2023-05-03 09:48:00,582 [pool-626-thread-1] INFO  server.RaftServerConfigKeys (ConfUtils.java:logGet(46)) - raft.server.threadpool.server.size = 0 (default)
2023-05-03 09:48:00,582 [pool-626-thread-1] INFO  server.RaftServerConfigKeys (ConfUtils.java:logGet(46)) - raft.server.threadpool.client.cached = true (default)
2023-05-03 09:48:00,582 [pool-626-thread-1] INFO  server.RaftServerConfigKeys (ConfUtils.java:logGet(46)) - raft.server.threadpool.client.size = 0 (default)
2023-05-03 09:48:00,582 [pool-626-thread-1] INFO  storage.RaftStorageDirectory (RaftStorageDirectoryImpl.java:analyzeStorage(137)) - The storage directory /home/runner/work/ozone/ozone/hadoop-ozone/integration-test/target/test-dir/MiniOzoneClusterImpl-4bec65cc-6935-45f5-a4e0-5572db01fbff/datanode-0/data/ratis/b16bc958-938d-45ed-9243-0349fdddb6ae does not exist. Creating ...
2023-05-03 09:48:00,585 [pool-626-thread-1] INFO  storage.RaftStorageDirectory (RaftStorageDirectoryImpl.java:tryLock(231)) - Lock on /home/runner/work/ozone/ozone/hadoop-ozone/integration-test/target/test-dir/MiniOzoneClusterImpl-4bec65cc-6935-45f5-a4e0-5572db01fbff/datanode-0/data/ratis/b16bc958-938d-45ed-9243-0349fdddb6ae/in_use.lock acquired by nodename 7780@fv-az139-793
2023-05-03 09:48:00,585 [pool-626-thread-1] INFO  storage.RaftStorage (RaftStorageImpl.java:format(96)) - Storage directory /home/runner/work/ozone/ozone/hadoop-ozone/integration-test/target/test-dir/MiniOzoneClusterImpl-4bec65cc-6935-45f5-a4e0-5572db01fbff/datanode-0/data/ratis/b16bc958-938d-45ed-9243-0349fdddb6ae has been successfully formatted.
2023-05-03 09:48:00,586 [pool-626-thread-1] INFO  ratis.ContainerStateMachine (ContainerStateMachine.java:loadSnapshot(262)) - group-0349FDDDB6AE: The snapshot info is null. Setting the last applied indexto:(t:0, i:~)
2023-05-03 09:48:00,586 [pool-626-thread-1] INFO  server.RaftServerConfigKeys (ConfUtils.java:logGet(46)) - raft.server.log.use.memory = false (default)
2023-05-03 09:48:00,587 [pool-626-thread-1] INFO  server.RaftServerConfigKeys (ConfUtils.java:logGet(46)) - raft.server.log.purge.gap = 1000000 (custom)
2023-05-03 09:48:00,587 [pool-626-thread-1] INFO  server.RaftServerConfigKeys (ConfUtils.java:logGet(46)) - raft.server.log.appender.buffer.byte-limit = 33554432 (custom)
2023-05-03 09:48:00,587 [pool-626-thread-1] INFO  server.RaftServerConfigKeys (ConfUtils.java:logGet(46)) - raft.server.log.statemachine.data.read.timeout = 1000ms (default)
2023-05-03 09:48:00,587 [pool-626-thread-1] INFO  server.RaftServerConfigKeys (ConfUtils.java:logGet(46)) - raft.server.log.purge.preservation.log.num = 0 (default)
2023-05-03 09:48:00,587 [pool-626-thread-1] INFO  server.RaftServerConfigKeys (ConfUtils.java:logGet(46)) - raft.server.log.segment.size.max = 1048576 (custom)
2023-05-03 09:48:00,587 [pool-626-thread-1] INFO  server.RaftServerConfigKeys (ConfUtils.java:logGet(46)) - raft.server.log.segment.cache.num.max = 2 (custom)
2023-05-03 09:48:00,587 [pool-626-thread-1] INFO  server.RaftServerConfigKeys (ConfUtils.java:logGet(46)) - raft.server.log.segment.cache.size.max = 200MB (=209715200) (default)
2023-05-03 09:48:00,587 [EventQueue-OpenPipelineForHealthyPipelineSafeModeRule] INFO  safemode.SCMSafeModeManager (HealthyPipelineSafeModeRule.java:process(137)) - SCM in safe mode. Healthy pipelines reported count is 0, required healthy pipeline reported count is 1
2023-05-03 09:48:00,587 [pool-626-thread-1] INFO  segmented.SegmentedRaftLogWorker (SegmentedRaftLogWorker.java:<init>(189)) - new ac4b8c18-80b4-4feb-9785-680d8e9d2b2c@group-0349FDDDB6AE-SegmentedRaftLogWorker for RaftStorageImpl:Storage Directory /home/runner/work/ozone/ozone/hadoop-ozone/integration-test/target/test-dir/MiniOzoneClusterImpl-4bec65cc-6935-45f5-a4e0-5572db01fbff/datanode-0/data/ratis/b16bc958-938d-45ed-9243-0349fdddb6ae
2023-05-03 09:48:00,589 [pool-626-thread-1] INFO  server.RaftServerConfigKeys (ConfUtils.java:logGet(46)) - raft.server.log.queue.byte-limit = 4294967296 (custom)
2023-05-03 09:48:00,590 [pool-626-thread-1] INFO  server.RaftServerConfigKeys (ConfUtils.java:logGet(46)) - raft.server.log.queue.element-limit = 1024 (custom)
2023-05-03 09:48:00,590 [pool-626-thread-1] INFO  server.RaftServerConfigKeys (ConfUtils.java:logGet(46)) - raft.server.log.segment.size.max = 1048576 (custom)
2023-05-03 09:48:00,590 [pool-626-thread-1] INFO  server.RaftServerConfigKeys (ConfUtils.java:logGet(46)) - raft.server.log.preallocated.size = 16384 (custom)
2023-05-03 09:48:00,590 [pool-626-thread-1] INFO  server.RaftServerConfigKeys (ConfUtils.java:logGet(46)) - raft.server.log.force.sync.num = 128 (default)
2023-05-03 09:48:00,590 [pool-626-thread-1] INFO  server.RaftServerConfigKeys (ConfUtils.java:logGet(46)) - raft.server.log.statemachine.data.sync = true (default)
2023-05-03 09:48:00,590 [pool-626-thread-1] INFO  server.RaftServerConfigKeys (ConfUtils.java:logGet(46)) - raft.server.log.statemachine.data.sync.timeout = 10s (default)
2023-05-03 09:48:00,590 [pool-626-thread-1] INFO  server.RaftServerConfigKeys (ConfUtils.java:logGet(46)) - raft.server.log.statemachine.data.sync.timeout.retry = -1 (default)
2023-05-03 09:48:00,590 [pool-626-thread-1] INFO  server.RaftServerConfigKeys (ConfUtils.java:logGet(46)) - raft.server.log.write.buffer.size = 1048576 (custom)
2023-05-03 09:48:00,590 [pool-626-thread-1] INFO  server.RaftServerConfigKeys (ConfUtils.java:logGet(46)) - raft.server.log.appender.buffer.byte-limit = 33554432 (custom)
2023-05-03 09:48:00,593 [pool-626-thread-1] INFO  server.RaftServerConfigKeys (ConfUtils.java:logGet(46)) - raft.server.log.unsafe-flush.enabled = false (default)
2023-05-03 09:48:00,593 [pool-626-thread-1] INFO  server.RaftServerConfigKeys (ConfUtils.java:logGet(46)) - raft.server.log.async-flush.enabled = false (default)
2023-05-03 09:48:00,593 [pool-626-thread-1] INFO  server.RaftServerConfigKeys (ConfUtils.java:logGet(46)) - raft.server.log.statemachine.data.caching.enabled = true (custom)
2023-05-03 09:48:00,594 [pool-626-thread-1] INFO  segmented.SegmentedRaftLogWorker (SegmentedRaftLogWorker.java:lambda$new$0(135)) - ac4b8c18-80b4-4feb-9785-680d8e9d2b2c@group-0349FDDDB6AE-SegmentedRaftLogWorker: flushIndex: setUnconditionally 0 -> -1
2023-05-03 09:48:00,594 [pool-626-thread-1] INFO  segmented.SegmentedRaftLogWorker (SegmentedRaftLogWorker.java:lambda$new$0(135)) - ac4b8c18-80b4-4feb-9785-680d8e9d2b2c@group-0349FDDDB6AE-SegmentedRaftLogWorker: safeCacheEvictIndex: setUnconditionally 0 -> -1
2023-05-03 09:48:00,595 [pool-626-thread-1] INFO  server.RaftServer$Division (RaftServerImpl.java:start(334)) - ac4b8c18-80b4-4feb-9785-680d8e9d2b2c@group-0349FDDDB6AE: start as a follower, conf=-1: peers:[7f2c1250-5750-453f-880f-f900c696f98f|rpc:10.1.0.194:35411|dataStream:10.1.0.194:44061|priority:0|startupRole:FOLLOWER, 22018fc8-4f04-4d80-8f55-d0eb73e2f788|rpc:10.1.0.194:38059|dataStream:10.1.0.194:45663|priority:0|startupRole:FOLLOWER, ac4b8c18-80b4-4feb-9785-680d8e9d2b2c|rpc:10.1.0.194:41097|dataStream:10.1.0.194:43371|priority:1|startupRole:FOLLOWER]|listeners:[], old=null
2023-05-03 09:48:00,595 [pool-626-thread-1] INFO  server.RaftServer$Division (RaftServerImpl.java:setRole(321)) - ac4b8c18-80b4-4feb-9785-680d8e9d2b2c@group-0349FDDDB6AE: changes role from      null to FOLLOWER at term 0 for startAsFollower
2023-05-03 09:48:00,595 [pool-626-thread-1] INFO  impl.RoleInfo (RoleInfo.java:updateAndGet(139)) - ac4b8c18-80b4-4feb-9785-680d8e9d2b2c: start ac4b8c18-80b4-4feb-9785-680d8e9d2b2c@group-0349FDDDB6AE-FollowerState
2023-05-03 09:48:00,598 [pool-626-thread-1] INFO  util.JmxRegister (JmxRegister.java:tryRegister(44)) - Successfully registered JMX Bean with object name Ratis:service=RaftServer,group=group-0349FDDDB6AE,id=ac4b8c18-80b4-4feb-9785-680d8e9d2b2c
2023-05-03 09:48:00,598 [pool-626-thread-1] INFO  server.RaftServerConfigKeys (ConfUtils.java:logGet(46)) - raft.server.snapshot.auto.trigger.enabled = true (custom)
2023-05-03 09:48:00,598 [pool-626-thread-1] INFO  server.RaftServerConfigKeys (ConfUtils.java:logGet(46)) - raft.server.snapshot.auto.trigger.threshold = 10000 (custom)
2023-05-03 09:48:00,598 [pool-626-thread-1] INFO  server.RaftServerConfigKeys (ConfUtils.java:logGet(46)) - raft.server.snapshot.retention.file.num = 5 (custom)
2023-05-03 09:48:00,598 [pool-626-thread-1] INFO  server.RaftServerConfigKeys (ConfUtils.java:logGet(46)) - raft.server.log.purge.upto.snapshot.index = false (default)
2023-05-03 09:48:00,599 [ac4b8c18-80b4-4feb-9785-680d8e9d2b2c@group-0349FDDDB6AE-FollowerState] INFO  server.RaftServerConfigKeys (ConfUtils.java:logFallback(53)) - raft.server.rpc.first-election.timeout.min = 5s (fallback to raft.server.rpc.timeout.min)
2023-05-03 09:48:00,599 [ac4b8c18-80b4-4feb-9785-680d8e9d2b2c@group-0349FDDDB6AE-FollowerState] INFO  server.RaftServerConfigKeys (ConfUtils.java:logFallback(53)) - raft.server.rpc.first-election.timeout.max = 5200ms (fallback to raft.server.rpc.timeout.max)
2023-05-03 09:48:00,602 [Command processor thread] INFO  ratis.XceiverServerRatis (XceiverServerRatis.java:addGroup(806)) - Created group PipelineID=b16bc958-938d-45ed-9243-0349fdddb6ae
2023-05-03 09:48:00,629 [grpc-default-executor-0] INFO  server.RaftServer (RaftServerProxy.java:addNew(96)) - 22018fc8-4f04-4d80-8f55-d0eb73e2f788: addNew group-0349FDDDB6AE:[7f2c1250-5750-453f-880f-f900c696f98f|rpc:10.1.0.194:35411|dataStream:10.1.0.194:44061|priority:0|startupRole:FOLLOWER, 22018fc8-4f04-4d80-8f55-d0eb73e2f788|rpc:10.1.0.194:38059|dataStream:10.1.0.194:45663|priority:0|startupRole:FOLLOWER, ac4b8c18-80b4-4feb-9785-680d8e9d2b2c|rpc:10.1.0.194:41097|dataStream:10.1.0.194:43371|priority:1|startupRole:FOLLOWER] returns group-0349FDDDB6AE:java.util.concurrent.CompletableFuture@282c495[Not completed]
2023-05-03 09:48:00,630 [pool-648-thread-1] INFO  server.RaftServer$Division (RaftServerImpl.java:<init>(195)) - 22018fc8-4f04-4d80-8f55-d0eb73e2f788: new RaftServerImpl for group-0349FDDDB6AE:[7f2c1250-5750-453f-880f-f900c696f98f|rpc:10.1.0.194:35411|dataStream:10.1.0.194:44061|priority:0|startupRole:FOLLOWER, 22018fc8-4f04-4d80-8f55-d0eb73e2f788|rpc:10.1.0.194:38059|dataStream:10.1.0.194:45663|priority:0|startupRole:FOLLOWER, ac4b8c18-80b4-4feb-9785-680d8e9d2b2c|rpc:10.1.0.194:41097|dataStream:10.1.0.194:43371|priority:1|startupRole:FOLLOWER] with ContainerStateMachine:uninitialized
2023-05-03 09:48:00,630 [pool-648-thread-1] INFO  server.RaftServerConfigKeys (ConfUtils.java:logGet(46)) - raft.server.rpc.timeout.min = 5s (custom)
2023-05-03 09:48:00,630 [pool-648-thread-1] INFO  server.RaftServerConfigKeys (ConfUtils.java:logGet(46)) - raft.server.rpc.timeout.max = 5200ms (custom)
2023-05-03 09:48:00,630 [pool-648-thread-1] INFO  server.RaftServerConfigKeys (ConfUtils.java:logGet(46)) - raft.server.rpc.sleep.time = 25ms (default)
2023-05-03 09:48:00,631 [pool-648-thread-1] INFO  server.RaftServerConfigKeys (ConfUtils.java:logGet(46)) - raft.server.rpc.slowness.timeout = 300s (custom)
2023-05-03 09:48:00,631 [pool-648-thread-1] INFO  server.RaftServerConfigKeys (ConfUtils.java:logGet(46)) - raft.server.leaderelection.leader.step-down.wait-time = 10s (default)
2023-05-03 09:48:00,631 [pool-648-thread-1] INFO  server.RaftServerConfigKeys (ConfUtils.java:logGet(46)) - raft.server.sleep.deviation.threshold = 300ms (default)
2023-05-03 09:48:00,631 [pool-648-thread-1] INFO  server.RaftServer$Division (ServerState.java:<init>(118)) - 22018fc8-4f04-4d80-8f55-d0eb73e2f788@group-0349FDDDB6AE: ConfigurationManager, init=-1: peers:[7f2c1250-5750-453f-880f-f900c696f98f|rpc:10.1.0.194:35411|dataStream:10.1.0.194:44061|priority:0|startupRole:FOLLOWER, 22018fc8-4f04-4d80-8f55-d0eb73e2f788|rpc:10.1.0.194:38059|dataStream:10.1.0.194:45663|priority:0|startupRole:FOLLOWER, ac4b8c18-80b4-4feb-9785-680d8e9d2b2c|rpc:10.1.0.194:41097|dataStream:10.1.0.194:43371|priority:1|startupRole:FOLLOWER]|listeners:[], old=null, confs=<EMPTY_MAP>
2023-05-03 09:48:00,631 [pool-648-thread-1] INFO  server.RaftServerConfigKeys (ConfUtils.java:logGet(46)) - raft.server.storage.dir = [/home/runner/work/ozone/ozone/hadoop-ozone/integration-test/target/test-dir/MiniOzoneClusterImpl-4bec65cc-6935-45f5-a4e0-5572db01fbff/datanode-1/data/ratis] (custom)
2023-05-03 09:48:00,631 [pool-648-thread-1] INFO  server.RaftServerConfigKeys (ConfUtils.java:logGet(46)) - raft.server.log.corruption.policy = EXCEPTION (default)
2023-05-03 09:48:00,631 [pool-648-thread-1] INFO  server.RaftServerConfigKeys (ConfUtils.java:logGet(46)) - raft.server.storage.free-space.min = 0MB (=0) (default)
2023-05-03 09:48:00,631 [pool-648-thread-1] INFO  server.RaftServerConfigKeys (ConfUtils.java:logGet(46)) - raft.server.notification.no-leader.timeout = 300s (custom)
2023-05-03 09:48:00,631 [pool-648-thread-1] INFO  server.RaftServerConfigKeys (ConfUtils.java:logGet(46)) - raft.server.retrycache.expirytime = 600000ms (custom)
2023-05-03 09:48:00,631 [pool-648-thread-1] INFO  server.RaftServerConfigKeys (ConfUtils.java:logGet(46)) - raft.server.retrycache.statistics.expirytime = 100μs (default)
2023-05-03 09:48:00,636 [pool-648-thread-1] INFO  server.RaftServerConfigKeys (ConfUtils.java:logGet(46)) - raft.server.log.appender.install.snapshot.enabled = false (custom)
2023-05-03 09:48:00,636 [pool-648-thread-1] INFO  server.RaftServerConfigKeys (ConfUtils.java:logGet(46)) - raft.server.threadpool.server.cached = true (default)
2023-05-03 09:48:00,636 [pool-648-thread-1] INFO  server.RaftServerConfigKeys (ConfUtils.java:logGet(46)) - raft.server.threadpool.server.size = 0 (default)
2023-05-03 09:48:00,636 [pool-648-thread-1] INFO  server.RaftServerConfigKeys (ConfUtils.java:logGet(46)) - raft.server.threadpool.client.cached = true (default)
2023-05-03 09:48:00,636 [pool-648-thread-1] INFO  server.RaftServerConfigKeys (ConfUtils.java:logGet(46)) - raft.server.threadpool.client.size = 0 (default)
2023-05-03 09:48:00,636 [pool-648-thread-1] INFO  storage.RaftStorageDirectory (RaftStorageDirectoryImpl.java:analyzeStorage(137)) - The storage directory /home/runner/work/ozone/ozone/hadoop-ozone/integration-test/target/test-dir/MiniOzoneClusterImpl-4bec65cc-6935-45f5-a4e0-5572db01fbff/datanode-1/data/ratis/b16bc958-938d-45ed-9243-0349fdddb6ae does not exist. Creating ...
2023-05-03 09:48:00,638 [pool-648-thread-1] INFO  storage.RaftStorageDirectory (RaftStorageDirectoryImpl.java:tryLock(231)) - Lock on /home/runner/work/ozone/ozone/hadoop-ozone/integration-test/target/test-dir/MiniOzoneClusterImpl-4bec65cc-6935-45f5-a4e0-5572db01fbff/datanode-1/data/ratis/b16bc958-938d-45ed-9243-0349fdddb6ae/in_use.lock acquired by nodename 7780@fv-az139-793
2023-05-03 09:48:00,639 [pool-648-thread-1] INFO  storage.RaftStorage (RaftStorageImpl.java:format(96)) - Storage directory /home/runner/work/ozone/ozone/hadoop-ozone/integration-test/target/test-dir/MiniOzoneClusterImpl-4bec65cc-6935-45f5-a4e0-5572db01fbff/datanode-1/data/ratis/b16bc958-938d-45ed-9243-0349fdddb6ae has been successfully formatted.
2023-05-03 09:48:00,641 [pool-648-thread-1] INFO  ratis.ContainerStateMachine (ContainerStateMachine.java:loadSnapshot(262)) - group-0349FDDDB6AE: The snapshot info is null. Setting the last applied indexto:(t:0, i:~)
2023-05-03 09:48:00,641 [pool-648-thread-1] INFO  server.RaftServerConfigKeys (ConfUtils.java:logGet(46)) - raft.server.log.use.memory = false (default)
2023-05-03 09:48:00,641 [pool-648-thread-1] INFO  server.RaftServerConfigKeys (ConfUtils.java:logGet(46)) - raft.server.log.purge.gap = 1000000 (custom)
2023-05-03 09:48:00,641 [pool-648-thread-1] INFO  server.RaftServerConfigKeys (ConfUtils.java:logGet(46)) - raft.server.log.appender.buffer.byte-limit = 33554432 (custom)
2023-05-03 09:48:00,641 [pool-648-thread-1] INFO  server.RaftServerConfigKeys (ConfUtils.java:logGet(46)) - raft.server.log.statemachine.data.read.timeout = 1000ms (default)
2023-05-03 09:48:00,641 [pool-648-thread-1] INFO  server.RaftServerConfigKeys (ConfUtils.java:logGet(46)) - raft.server.log.purge.preservation.log.num = 0 (default)
2023-05-03 09:48:00,641 [pool-648-thread-1] INFO  server.RaftServerConfigKeys (ConfUtils.java:logGet(46)) - raft.server.log.segment.size.max = 1048576 (custom)
2023-05-03 09:48:00,643 [pool-648-thread-1] INFO  server.RaftServerConfigKeys (ConfUtils.java:logGet(46)) - raft.server.log.segment.cache.num.max = 2 (custom)
2023-05-03 09:48:00,643 [pool-648-thread-1] INFO  server.RaftServerConfigKeys (ConfUtils.java:logGet(46)) - raft.server.log.segment.cache.size.max = 200MB (=209715200) (default)
2023-05-03 09:48:00,643 [pool-648-thread-1] INFO  segmented.SegmentedRaftLogWorker (SegmentedRaftLogWorker.java:<init>(189)) - new 22018fc8-4f04-4d80-8f55-d0eb73e2f788@group-0349FDDDB6AE-SegmentedRaftLogWorker for RaftStorageImpl:Storage Directory /home/runner/work/ozone/ozone/hadoop-ozone/integration-test/target/test-dir/MiniOzoneClusterImpl-4bec65cc-6935-45f5-a4e0-5572db01fbff/datanode-1/data/ratis/b16bc958-938d-45ed-9243-0349fdddb6ae
2023-05-03 09:48:00,643 [pool-648-thread-1] INFO  server.RaftServerConfigKeys (ConfUtils.java:logGet(46)) - raft.server.log.queue.byte-limit = 4294967296 (custom)
2023-05-03 09:48:00,643 [pool-648-thread-1] INFO  server.RaftServerConfigKeys (ConfUtils.java:logGet(46)) - raft.server.log.queue.element-limit = 1024 (custom)
2023-05-03 09:48:00,643 [pool-648-thread-1] INFO  server.RaftServerConfigKeys (ConfUtils.java:logGet(46)) - raft.server.log.segment.size.max = 1048576 (custom)
2023-05-03 09:48:00,643 [pool-648-thread-1] INFO  server.RaftServerConfigKeys (ConfUtils.java:logGet(46)) - raft.server.log.preallocated.size = 16384 (custom)
2023-05-03 09:48:00,643 [pool-648-thread-1] INFO  server.RaftServerConfigKeys (ConfUtils.java:logGet(46)) - raft.server.log.force.sync.num = 128 (default)
2023-05-03 09:48:00,643 [pool-648-thread-1] INFO  server.RaftServerConfigKeys (ConfUtils.java:logGet(46)) - raft.server.log.statemachine.data.sync = true (default)
2023-05-03 09:48:00,643 [pool-648-thread-1] INFO  server.RaftServerConfigKeys (ConfUtils.java:logGet(46)) - raft.server.log.statemachine.data.sync.timeout = 10s (default)
2023-05-03 09:48:00,643 [pool-648-thread-1] INFO  server.RaftServerConfigKeys (ConfUtils.java:logGet(46)) - raft.server.log.statemachine.data.sync.timeout.retry = -1 (default)
2023-05-03 09:48:00,645 [pool-648-thread-1] INFO  server.RaftServerConfigKeys (ConfUtils.java:logGet(46)) - raft.server.log.write.buffer.size = 1048576 (custom)
2023-05-03 09:48:00,646 [pool-648-thread-1] INFO  server.RaftServerConfigKeys (ConfUtils.java:logGet(46)) - raft.server.log.appender.buffer.byte-limit = 33554432 (custom)
2023-05-03 09:48:00,649 [pool-648-thread-1] INFO  server.RaftServerConfigKeys (ConfUtils.java:logGet(46)) - raft.server.log.unsafe-flush.enabled = false (default)
2023-05-03 09:48:00,649 [pool-648-thread-1] INFO  server.RaftServerConfigKeys (ConfUtils.java:logGet(46)) - raft.server.log.async-flush.enabled = false (default)
2023-05-03 09:48:00,649 [pool-648-thread-1] INFO  server.RaftServerConfigKeys (ConfUtils.java:logGet(46)) - raft.server.log.statemachine.data.caching.enabled = true (custom)
2023-05-03 09:48:00,650 [pool-648-thread-1] INFO  segmented.SegmentedRaftLogWorker (SegmentedRaftLogWorker.java:lambda$new$0(135)) - 22018fc8-4f04-4d80-8f55-d0eb73e2f788@group-0349FDDDB6AE-SegmentedRaftLogWorker: flushIndex: setUnconditionally 0 -> -1
2023-05-03 09:48:00,650 [pool-648-thread-1] INFO  segmented.SegmentedRaftLogWorker (SegmentedRaftLogWorker.java:lambda$new$0(135)) - 22018fc8-4f04-4d80-8f55-d0eb73e2f788@group-0349FDDDB6AE-SegmentedRaftLogWorker: safeCacheEvictIndex: setUnconditionally 0 -> -1
2023-05-03 09:48:00,650 [pool-648-thread-1] INFO  server.RaftServer$Division (RaftServerImpl.java:start(334)) - 22018fc8-4f04-4d80-8f55-d0eb73e2f788@group-0349FDDDB6AE: start as a follower, conf=-1: peers:[7f2c1250-5750-453f-880f-f900c696f98f|rpc:10.1.0.194:35411|dataStream:10.1.0.194:44061|priority:0|startupRole:FOLLOWER, 22018fc8-4f04-4d80-8f55-d0eb73e2f788|rpc:10.1.0.194:38059|dataStream:10.1.0.194:45663|priority:0|startupRole:FOLLOWER, ac4b8c18-80b4-4feb-9785-680d8e9d2b2c|rpc:10.1.0.194:41097|dataStream:10.1.0.194:43371|priority:1|startupRole:FOLLOWER]|listeners:[], old=null
2023-05-03 09:48:00,650 [pool-648-thread-1] INFO  server.RaftServer$Division (RaftServerImpl.java:setRole(321)) - 22018fc8-4f04-4d80-8f55-d0eb73e2f788@group-0349FDDDB6AE: changes role from      null to FOLLOWER at term 0 for startAsFollower
2023-05-03 09:48:00,650 [pool-648-thread-1] INFO  impl.RoleInfo (RoleInfo.java:updateAndGet(139)) - 22018fc8-4f04-4d80-8f55-d0eb73e2f788: start 22018fc8-4f04-4d80-8f55-d0eb73e2f788@group-0349FDDDB6AE-FollowerState
2023-05-03 09:48:00,651 [pool-648-thread-1] INFO  util.JmxRegister (JmxRegister.java:tryRegister(44)) - Successfully registered JMX Bean with object name Ratis:service=RaftServer,group=group-0349FDDDB6AE,id=22018fc8-4f04-4d80-8f55-d0eb73e2f788
2023-05-03 09:48:00,651 [pool-648-thread-1] INFO  server.RaftServerConfigKeys (ConfUtils.java:logGet(46)) - raft.server.snapshot.auto.trigger.enabled = true (custom)
2023-05-03 09:48:00,651 [pool-648-thread-1] INFO  server.RaftServerConfigKeys (ConfUtils.java:logGet(46)) - raft.server.snapshot.auto.trigger.threshold = 10000 (custom)
2023-05-03 09:48:00,651 [pool-648-thread-1] INFO  server.RaftServerConfigKeys (ConfUtils.java:logGet(46)) - raft.server.snapshot.retention.file.num = 5 (custom)
2023-05-03 09:48:00,651 [pool-648-thread-1] INFO  server.RaftServerConfigKeys (ConfUtils.java:logGet(46)) - raft.server.log.purge.upto.snapshot.index = false (default)
2023-05-03 09:48:00,651 [22018fc8-4f04-4d80-8f55-d0eb73e2f788@group-0349FDDDB6AE-FollowerState] INFO  server.RaftServerConfigKeys (ConfUtils.java:logFallback(53)) - raft.server.rpc.first-election.timeout.min = 5s (fallback to raft.server.rpc.timeout.min)
2023-05-03 09:48:00,651 [22018fc8-4f04-4d80-8f55-d0eb73e2f788@group-0349FDDDB6AE-FollowerState] INFO  server.RaftServerConfigKeys (ConfUtils.java:logFallback(53)) - raft.server.rpc.first-election.timeout.max = 5200ms (fallback to raft.server.rpc.timeout.max)
2023-05-03 09:48:00,675 [grpc-default-executor-0] INFO  server.RaftServer (RaftServerProxy.java:addNew(96)) - 7f2c1250-5750-453f-880f-f900c696f98f: addNew group-0349FDDDB6AE:[7f2c1250-5750-453f-880f-f900c696f98f|rpc:10.1.0.194:35411|dataStream:10.1.0.194:44061|priority:0|startupRole:FOLLOWER, 22018fc8-4f04-4d80-8f55-d0eb73e2f788|rpc:10.1.0.194:38059|dataStream:10.1.0.194:45663|priority:0|startupRole:FOLLOWER, ac4b8c18-80b4-4feb-9785-680d8e9d2b2c|rpc:10.1.0.194:41097|dataStream:10.1.0.194:43371|priority:1|startupRole:FOLLOWER] returns group-0349FDDDB6AE:java.util.concurrent.CompletableFuture@429385ec[Not completed]
2023-05-03 09:48:00,676 [pool-670-thread-1] INFO  server.RaftServer$Division (RaftServerImpl.java:<init>(195)) - 7f2c1250-5750-453f-880f-f900c696f98f: new RaftServerImpl for group-0349FDDDB6AE:[7f2c1250-5750-453f-880f-f900c696f98f|rpc:10.1.0.194:35411|dataStream:10.1.0.194:44061|priority:0|startupRole:FOLLOWER, 22018fc8-4f04-4d80-8f55-d0eb73e2f788|rpc:10.1.0.194:38059|dataStream:10.1.0.194:45663|priority:0|startupRole:FOLLOWER, ac4b8c18-80b4-4feb-9785-680d8e9d2b2c|rpc:10.1.0.194:41097|dataStream:10.1.0.194:43371|priority:1|startupRole:FOLLOWER] with ContainerStateMachine:uninitialized
2023-05-03 09:48:00,676 [pool-670-thread-1] INFO  server.RaftServerConfigKeys (ConfUtils.java:logGet(46)) - raft.server.rpc.timeout.min = 5s (custom)
2023-05-03 09:48:00,676 [pool-670-thread-1] INFO  server.RaftServerConfigKeys (ConfUtils.java:logGet(46)) - raft.server.rpc.timeout.max = 5200ms (custom)
2023-05-03 09:48:00,677 [pool-670-thread-1] INFO  server.RaftServerConfigKeys (ConfUtils.java:logGet(46)) - raft.server.rpc.sleep.time = 25ms (default)
2023-05-03 09:48:00,677 [pool-670-thread-1] INFO  server.RaftServerConfigKeys (ConfUtils.java:logGet(46)) - raft.server.rpc.slowness.timeout = 300s (custom)
2023-05-03 09:48:00,677 [pool-670-thread-1] INFO  server.RaftServerConfigKeys (ConfUtils.java:logGet(46)) - raft.server.leaderelection.leader.step-down.wait-time = 10s (default)
2023-05-03 09:48:00,677 [pool-670-thread-1] INFO  server.RaftServerConfigKeys (ConfUtils.java:logGet(46)) - raft.server.sleep.deviation.threshold = 300ms (default)
2023-05-03 09:48:00,677 [pool-670-thread-1] INFO  server.RaftServer$Division (ServerState.java:<init>(118)) - 7f2c1250-5750-453f-880f-f900c696f98f@group-0349FDDDB6AE: ConfigurationManager, init=-1: peers:[7f2c1250-5750-453f-880f-f900c696f98f|rpc:10.1.0.194:35411|dataStream:10.1.0.194:44061|priority:0|startupRole:FOLLOWER, 22018fc8-4f04-4d80-8f55-d0eb73e2f788|rpc:10.1.0.194:38059|dataStream:10.1.0.194:45663|priority:0|startupRole:FOLLOWER, ac4b8c18-80b4-4feb-9785-680d8e9d2b2c|rpc:10.1.0.194:41097|dataStream:10.1.0.194:43371|priority:1|startupRole:FOLLOWER]|listeners:[], old=null, confs=<EMPTY_MAP>
2023-05-03 09:48:00,677 [pool-670-thread-1] INFO  server.RaftServerConfigKeys (ConfUtils.java:logGet(46)) - raft.server.storage.dir = [/home/runner/work/ozone/ozone/hadoop-ozone/integration-test/target/test-dir/MiniOzoneClusterImpl-4bec65cc-6935-45f5-a4e0-5572db01fbff/datanode-2/data/ratis] (custom)
2023-05-03 09:48:00,677 [pool-670-thread-1] INFO  server.RaftServerConfigKeys (ConfUtils.java:logGet(46)) - raft.server.log.corruption.policy = EXCEPTION (default)
2023-05-03 09:48:00,677 [pool-670-thread-1] INFO  server.RaftServerConfigKeys (ConfUtils.java:logGet(46)) - raft.server.storage.free-space.min = 0MB (=0) (default)
2023-05-03 09:48:00,677 [pool-670-thread-1] INFO  server.RaftServerConfigKeys (ConfUtils.java:logGet(46)) - raft.server.notification.no-leader.timeout = 300s (custom)
2023-05-03 09:48:00,677 [pool-670-thread-1] INFO  server.RaftServerConfigKeys (ConfUtils.java:logGet(46)) - raft.server.retrycache.expirytime = 600000ms (custom)
2023-05-03 09:48:00,677 [pool-670-thread-1] INFO  server.RaftServerConfigKeys (ConfUtils.java:logGet(46)) - raft.server.retrycache.statistics.expirytime = 100μs (default)
2023-05-03 09:48:00,678 [pool-670-thread-1] INFO  server.RaftServerConfigKeys (ConfUtils.java:logGet(46)) - raft.server.log.appender.install.snapshot.enabled = false (custom)
2023-05-03 09:48:00,678 [pool-670-thread-1] INFO  server.RaftServerConfigKeys (ConfUtils.java:logGet(46)) - raft.server.threadpool.server.cached = true (default)
2023-05-03 09:48:00,678 [pool-670-thread-1] INFO  server.RaftServerConfigKeys (ConfUtils.java:logGet(46)) - raft.server.threadpool.server.size = 0 (default)
2023-05-03 09:48:00,678 [pool-670-thread-1] INFO  server.RaftServerConfigKeys (ConfUtils.java:logGet(46)) - raft.server.threadpool.client.cached = true (default)
2023-05-03 09:48:00,678 [pool-670-thread-1] INFO  server.RaftServerConfigKeys (ConfUtils.java:logGet(46)) - raft.server.threadpool.client.size = 0 (default)
2023-05-03 09:48:00,678 [pool-670-thread-1] INFO  storage.RaftStorageDirectory (RaftStorageDirectoryImpl.java:analyzeStorage(137)) - The storage directory /home/runner/work/ozone/ozone/hadoop-ozone/integration-test/target/test-dir/MiniOzoneClusterImpl-4bec65cc-6935-45f5-a4e0-5572db01fbff/datanode-2/data/ratis/b16bc958-938d-45ed-9243-0349fdddb6ae does not exist. Creating ...
2023-05-03 09:48:00,682 [pool-670-thread-1] INFO  storage.RaftStorageDirectory (RaftStorageDirectoryImpl.java:tryLock(231)) - Lock on /home/runner/work/ozone/ozone/hadoop-ozone/integration-test/target/test-dir/MiniOzoneClusterImpl-4bec65cc-6935-45f5-a4e0-5572db01fbff/datanode-2/data/ratis/b16bc958-938d-45ed-9243-0349fdddb6ae/in_use.lock acquired by nodename 7780@fv-az139-793
2023-05-03 09:48:00,683 [pool-670-thread-1] INFO  storage.RaftStorage (RaftStorageImpl.java:format(96)) - Storage directory /home/runner/work/ozone/ozone/hadoop-ozone/integration-test/target/test-dir/MiniOzoneClusterImpl-4bec65cc-6935-45f5-a4e0-5572db01fbff/datanode-2/data/ratis/b16bc958-938d-45ed-9243-0349fdddb6ae has been successfully formatted.
2023-05-03 09:48:00,686 [pool-670-thread-1] INFO  ratis.ContainerStateMachine (ContainerStateMachine.java:loadSnapshot(262)) - group-0349FDDDB6AE: The snapshot info is null. Setting the last applied indexto:(t:0, i:~)
2023-05-03 09:48:00,686 [pool-670-thread-1] INFO  server.RaftServerConfigKeys (ConfUtils.java:logGet(46)) - raft.server.log.use.memory = false (default)
2023-05-03 09:48:00,686 [pool-670-thread-1] INFO  server.RaftServerConfigKeys (ConfUtils.java:logGet(46)) - raft.server.log.purge.gap = 1000000 (custom)
2023-05-03 09:48:00,686 [pool-670-thread-1] INFO  server.RaftServerConfigKeys (ConfUtils.java:logGet(46)) - raft.server.log.appender.buffer.byte-limit = 33554432 (custom)
2023-05-03 09:48:00,686 [pool-670-thread-1] INFO  server.RaftServerConfigKeys (ConfUtils.java:logGet(46)) - raft.server.log.statemachine.data.read.timeout = 1000ms (default)
2023-05-03 09:48:00,686 [pool-670-thread-1] INFO  server.RaftServerConfigKeys (ConfUtils.java:logGet(46)) - raft.server.log.purge.preservation.log.num = 0 (default)
2023-05-03 09:48:00,686 [pool-670-thread-1] INFO  server.RaftServerConfigKeys (ConfUtils.java:logGet(46)) - raft.server.log.segment.size.max = 1048576 (custom)
2023-05-03 09:48:00,686 [pool-670-thread-1] INFO  server.RaftServerConfigKeys (ConfUtils.java:logGet(46)) - raft.server.log.segment.cache.num.max = 2 (custom)
2023-05-03 09:48:00,686 [pool-670-thread-1] INFO  server.RaftServerConfigKeys (ConfUtils.java:logGet(46)) - raft.server.log.segment.cache.size.max = 200MB (=209715200) (default)
2023-05-03 09:48:00,686 [pool-670-thread-1] INFO  segmented.SegmentedRaftLogWorker (SegmentedRaftLogWorker.java:<init>(189)) - new 7f2c1250-5750-453f-880f-f900c696f98f@group-0349FDDDB6AE-SegmentedRaftLogWorker for RaftStorageImpl:Storage Directory /home/runner/work/ozone/ozone/hadoop-ozone/integration-test/target/test-dir/MiniOzoneClusterImpl-4bec65cc-6935-45f5-a4e0-5572db01fbff/datanode-2/data/ratis/b16bc958-938d-45ed-9243-0349fdddb6ae
2023-05-03 09:48:00,686 [pool-670-thread-1] INFO  server.RaftServerConfigKeys (ConfUtils.java:logGet(46)) - raft.server.log.queue.byte-limit = 4294967296 (custom)
2023-05-03 09:48:00,686 [pool-670-thread-1] INFO  server.RaftServerConfigKeys (ConfUtils.java:logGet(46)) - raft.server.log.queue.element-limit = 1024 (custom)
2023-05-03 09:48:00,686 [pool-670-thread-1] INFO  server.RaftServerConfigKeys (ConfUtils.java:logGet(46)) - raft.server.log.segment.size.max = 1048576 (custom)
2023-05-03 09:48:00,689 [pool-670-thread-1] INFO  server.RaftServerConfigKeys (ConfUtils.java:logGet(46)) - raft.server.log.preallocated.size = 16384 (custom)
2023-05-03 09:48:00,689 [pool-670-thread-1] INFO  server.RaftServerConfigKeys (ConfUtils.java:logGet(46)) - raft.server.log.force.sync.num = 128 (default)
2023-05-03 09:48:00,689 [pool-670-thread-1] INFO  server.RaftServerConfigKeys (ConfUtils.java:logGet(46)) - raft.server.log.statemachine.data.sync = true (default)
2023-05-03 09:48:00,689 [pool-670-thread-1] INFO  server.RaftServerConfigKeys (ConfUtils.java:logGet(46)) - raft.server.log.statemachine.data.sync.timeout = 10s (default)
2023-05-03 09:48:00,689 [pool-670-thread-1] INFO  server.RaftServerConfigKeys (ConfUtils.java:logGet(46)) - raft.server.log.statemachine.data.sync.timeout.retry = -1 (default)
2023-05-03 09:48:00,689 [pool-670-thread-1] INFO  server.RaftServerConfigKeys (ConfUtils.java:logGet(46)) - raft.server.log.write.buffer.size = 1048576 (custom)
2023-05-03 09:48:00,691 [pool-670-thread-1] INFO  server.RaftServerConfigKeys (ConfUtils.java:logGet(46)) - raft.server.log.appender.buffer.byte-limit = 33554432 (custom)
2023-05-03 09:48:00,695 [pool-670-thread-1] INFO  server.RaftServerConfigKeys (ConfUtils.java:logGet(46)) - raft.server.log.unsafe-flush.enabled = false (default)
2023-05-03 09:48:00,695 [pool-670-thread-1] INFO  server.RaftServerConfigKeys (ConfUtils.java:logGet(46)) - raft.server.log.async-flush.enabled = false (default)
2023-05-03 09:48:00,695 [pool-670-thread-1] INFO  server.RaftServerConfigKeys (ConfUtils.java:logGet(46)) - raft.server.log.statemachine.data.caching.enabled = true (custom)
2023-05-03 09:48:00,696 [pool-670-thread-1] INFO  segmented.SegmentedRaftLogWorker (SegmentedRaftLogWorker.java:lambda$new$0(135)) - 7f2c1250-5750-453f-880f-f900c696f98f@group-0349FDDDB6AE-SegmentedRaftLogWorker: flushIndex: setUnconditionally 0 -> -1
2023-05-03 09:48:00,696 [pool-670-thread-1] INFO  segmented.SegmentedRaftLogWorker (SegmentedRaftLogWorker.java:lambda$new$0(135)) - 7f2c1250-5750-453f-880f-f900c696f98f@group-0349FDDDB6AE-SegmentedRaftLogWorker: safeCacheEvictIndex: setUnconditionally 0 -> -1
2023-05-03 09:48:00,700 [pool-670-thread-1] INFO  server.RaftServer$Division (RaftServerImpl.java:start(334)) - 7f2c1250-5750-453f-880f-f900c696f98f@group-0349FDDDB6AE: start as a follower, conf=-1: peers:[7f2c1250-5750-453f-880f-f900c696f98f|rpc:10.1.0.194:35411|dataStream:10.1.0.194:44061|priority:0|startupRole:FOLLOWER, 22018fc8-4f04-4d80-8f55-d0eb73e2f788|rpc:10.1.0.194:38059|dataStream:10.1.0.194:45663|priority:0|startupRole:FOLLOWER, ac4b8c18-80b4-4feb-9785-680d8e9d2b2c|rpc:10.1.0.194:41097|dataStream:10.1.0.194:43371|priority:1|startupRole:FOLLOWER]|listeners:[], old=null
2023-05-03 09:48:00,701 [pool-670-thread-1] INFO  server.RaftServer$Division (RaftServerImpl.java:setRole(321)) - 7f2c1250-5750-453f-880f-f900c696f98f@group-0349FDDDB6AE: changes role from      null to FOLLOWER at term 0 for startAsFollower
2023-05-03 09:48:00,701 [pool-670-thread-1] INFO  impl.RoleInfo (RoleInfo.java:updateAndGet(139)) - 7f2c1250-5750-453f-880f-f900c696f98f: start 7f2c1250-5750-453f-880f-f900c696f98f@group-0349FDDDB6AE-FollowerState
2023-05-03 09:48:00,701 [pool-670-thread-1] INFO  util.JmxRegister (JmxRegister.java:tryRegister(44)) - Successfully registered JMX Bean with object name Ratis:service=RaftServer,group=group-0349FDDDB6AE,id=7f2c1250-5750-453f-880f-f900c696f98f
2023-05-03 09:48:00,701 [pool-670-thread-1] INFO  server.RaftServerConfigKeys (ConfUtils.java:logGet(46)) - raft.server.snapshot.auto.trigger.enabled = true (custom)
2023-05-03 09:48:00,701 [pool-670-thread-1] INFO  server.RaftServerConfigKeys (ConfUtils.java:logGet(46)) - raft.server.snapshot.auto.trigger.threshold = 10000 (custom)
2023-05-03 09:48:00,701 [pool-670-thread-1] INFO  server.RaftServerConfigKeys (ConfUtils.java:logGet(46)) - raft.server.snapshot.retention.file.num = 5 (custom)
2023-05-03 09:48:00,701 [pool-670-thread-1] INFO  server.RaftServerConfigKeys (ConfUtils.java:logGet(46)) - raft.server.log.purge.upto.snapshot.index = false (default)
2023-05-03 09:48:00,703 [7f2c1250-5750-453f-880f-f900c696f98f@group-0349FDDDB6AE-FollowerState] INFO  server.RaftServerConfigKeys (ConfUtils.java:logFallback(53)) - raft.server.rpc.first-election.timeout.min = 5s (fallback to raft.server.rpc.timeout.min)
2023-05-03 09:48:00,703 [7f2c1250-5750-453f-880f-f900c696f98f@group-0349FDDDB6AE-FollowerState] INFO  server.RaftServerConfigKeys (ConfUtils.java:logFallback(53)) - raft.server.rpc.first-election.timeout.max = 5200ms (fallback to raft.server.rpc.timeout.max)
2023-05-03 09:48:00,712 [Command processor thread] INFO  commandhandler.CreatePipelineCommandHandler (CreatePipelineCommandHandler.java:handle(113)) - Created Pipeline RATIS THREE PipelineID=b16bc958-938d-45ed-9243-0349fdddb6ae.
2023-05-03 09:48:00,712 [Command processor thread] INFO  server.RaftServer (RaftServerProxy.java:addNew(96)) - ac4b8c18-80b4-4feb-9785-680d8e9d2b2c: addNew group-7EF152AE622F:[7f2c1250-5750-453f-880f-f900c696f98f|rpc:10.1.0.194:35411|dataStream:10.1.0.194:44061|priority:1|startupRole:FOLLOWER, 22018fc8-4f04-4d80-8f55-d0eb73e2f788|rpc:10.1.0.194:38059|dataStream:10.1.0.194:45663|priority:0|startupRole:FOLLOWER, ac4b8c18-80b4-4feb-9785-680d8e9d2b2c|rpc:10.1.0.194:41097|dataStream:10.1.0.194:43371|priority:0|startupRole:FOLLOWER] returns group-7EF152AE622F:java.util.concurrent.CompletableFuture@2621050e[Not completed]
2023-05-03 09:48:00,713 [pool-626-thread-1] INFO  server.RaftServer$Division (RaftServerImpl.java:<init>(195)) - ac4b8c18-80b4-4feb-9785-680d8e9d2b2c: new RaftServerImpl for group-7EF152AE622F:[7f2c1250-5750-453f-880f-f900c696f98f|rpc:10.1.0.194:35411|dataStream:10.1.0.194:44061|priority:1|startupRole:FOLLOWER, 22018fc8-4f04-4d80-8f55-d0eb73e2f788|rpc:10.1.0.194:38059|dataStream:10.1.0.194:45663|priority:0|startupRole:FOLLOWER, ac4b8c18-80b4-4feb-9785-680d8e9d2b2c|rpc:10.1.0.194:41097|dataStream:10.1.0.194:43371|priority:0|startupRole:FOLLOWER] with ContainerStateMachine:uninitialized
2023-05-03 09:48:00,713 [pool-626-thread-1] INFO  server.RaftServerConfigKeys (ConfUtils.java:logGet(46)) - raft.server.rpc.timeout.min = 5s (custom)
2023-05-03 09:48:00,713 [pool-626-thread-1] INFO  server.RaftServerConfigKeys (ConfUtils.java:logGet(46)) - raft.server.rpc.timeout.max = 5200ms (custom)
2023-05-03 09:48:00,713 [pool-626-thread-1] INFO  server.RaftServerConfigKeys (ConfUtils.java:logGet(46)) - raft.server.rpc.sleep.time = 25ms (default)
2023-05-03 09:48:00,713 [pool-626-thread-1] INFO  server.RaftServerConfigKeys (ConfUtils.java:logGet(46)) - raft.server.rpc.slowness.timeout = 300s (custom)
2023-05-03 09:48:00,713 [pool-626-thread-1] INFO  server.RaftServerConfigKeys (ConfUtils.java:logGet(46)) - raft.server.leaderelection.leader.step-down.wait-time = 10s (default)
2023-05-03 09:48:00,713 [pool-626-thread-1] INFO  server.RaftServerConfigKeys (ConfUtils.java:logGet(46)) - raft.server.sleep.deviation.threshold = 300ms (default)
2023-05-03 09:48:00,713 [pool-626-thread-1] INFO  server.RaftServer$Division (ServerState.java:<init>(118)) - ac4b8c18-80b4-4feb-9785-680d8e9d2b2c@group-7EF152AE622F: ConfigurationManager, init=-1: peers:[7f2c1250-5750-453f-880f-f900c696f98f|rpc:10.1.0.194:35411|dataStream:10.1.0.194:44061|priority:1|startupRole:FOLLOWER, 22018fc8-4f04-4d80-8f55-d0eb73e2f788|rpc:10.1.0.194:38059|dataStream:10.1.0.194:45663|priority:0|startupRole:FOLLOWER, ac4b8c18-80b4-4feb-9785-680d8e9d2b2c|rpc:10.1.0.194:41097|dataStream:10.1.0.194:43371|priority:0|startupRole:FOLLOWER]|listeners:[], old=null, confs=<EMPTY_MAP>
2023-05-03 09:48:00,713 [pool-626-thread-1] INFO  server.RaftServerConfigKeys (ConfUtils.java:logGet(46)) - raft.server.storage.dir = [/home/runner/work/ozone/ozone/hadoop-ozone/integration-test/target/test-dir/MiniOzoneClusterImpl-4bec65cc-6935-45f5-a4e0-5572db01fbff/datanode-0/data/ratis] (custom)
2023-05-03 09:48:00,713 [pool-626-thread-1] INFO  server.RaftServerConfigKeys (ConfUtils.java:logGet(46)) - raft.server.log.corruption.policy = EXCEPTION (default)
2023-05-03 09:48:00,713 [pool-626-thread-1] INFO  server.RaftServerConfigKeys (ConfUtils.java:logGet(46)) - raft.server.storage.free-space.min = 0MB (=0) (default)
2023-05-03 09:48:00,713 [pool-626-thread-1] INFO  server.RaftServerConfigKeys (ConfUtils.java:logGet(46)) - raft.server.notification.no-leader.timeout = 300s (custom)
2023-05-03 09:48:00,714 [pool-626-thread-1] INFO  server.RaftServerConfigKeys (ConfUtils.java:logGet(46)) - raft.server.retrycache.expirytime = 600000ms (custom)
2023-05-03 09:48:00,714 [pool-626-thread-1] INFO  server.RaftServerConfigKeys (ConfUtils.java:logGet(46)) - raft.server.retrycache.statistics.expirytime = 100μs (default)
2023-05-03 09:48:00,714 [pool-626-thread-1] INFO  server.RaftServerConfigKeys (ConfUtils.java:logGet(46)) - raft.server.log.appender.install.snapshot.enabled = false (custom)
2023-05-03 09:48:00,714 [pool-626-thread-1] INFO  server.RaftServerConfigKeys (ConfUtils.java:logGet(46)) - raft.server.threadpool.server.cached = true (default)
2023-05-03 09:48:00,714 [pool-626-thread-1] INFO  server.RaftServerConfigKeys (ConfUtils.java:logGet(46)) - raft.server.threadpool.server.size = 0 (default)
2023-05-03 09:48:00,714 [pool-626-thread-1] INFO  server.RaftServerConfigKeys (ConfUtils.java:logGet(46)) - raft.server.threadpool.client.cached = true (default)
2023-05-03 09:48:00,714 [pool-626-thread-1] INFO  server.RaftServerConfigKeys (ConfUtils.java:logGet(46)) - raft.server.threadpool.client.size = 0 (default)
2023-05-03 09:48:00,715 [pool-626-thread-1] INFO  storage.RaftStorageDirectory (RaftStorageDirectoryImpl.java:analyzeStorage(137)) - The storage directory /home/runner/work/ozone/ozone/hadoop-ozone/integration-test/target/test-dir/MiniOzoneClusterImpl-4bec65cc-6935-45f5-a4e0-5572db01fbff/datanode-0/data/ratis/6a66d65b-20c2-431f-b22c-7ef152ae622f does not exist. Creating ...
2023-05-03 09:48:00,715 [pool-626-thread-1] INFO  storage.RaftStorageDirectory (RaftStorageDirectoryImpl.java:tryLock(231)) - Lock on /home/runner/work/ozone/ozone/hadoop-ozone/integration-test/target/test-dir/MiniOzoneClusterImpl-4bec65cc-6935-45f5-a4e0-5572db01fbff/datanode-0/data/ratis/6a66d65b-20c2-431f-b22c-7ef152ae622f/in_use.lock acquired by nodename 7780@fv-az139-793
2023-05-03 09:48:00,716 [pool-626-thread-1] INFO  storage.RaftStorage (RaftStorageImpl.java:format(96)) - Storage directory /home/runner/work/ozone/ozone/hadoop-ozone/integration-test/target/test-dir/MiniOzoneClusterImpl-4bec65cc-6935-45f5-a4e0-5572db01fbff/datanode-0/data/ratis/6a66d65b-20c2-431f-b22c-7ef152ae622f has been successfully formatted.
2023-05-03 09:48:00,717 [pool-626-thread-1] INFO  ratis.ContainerStateMachine (ContainerStateMachine.java:loadSnapshot(262)) - group-7EF152AE622F: The snapshot info is null. Setting the last applied indexto:(t:0, i:~)
2023-05-03 09:48:00,717 [pool-626-thread-1] INFO  server.RaftServerConfigKeys (ConfUtils.java:logGet(46)) - raft.server.log.use.memory = false (default)
2023-05-03 09:48:00,717 [pool-626-thread-1] INFO  server.RaftServerConfigKeys (ConfUtils.java:logGet(46)) - raft.server.log.purge.gap = 1000000 (custom)
2023-05-03 09:48:00,717 [pool-626-thread-1] INFO  server.RaftServerConfigKeys (ConfUtils.java:logGet(46)) - raft.server.log.appender.buffer.byte-limit = 33554432 (custom)
2023-05-03 09:48:00,718 [pool-626-thread-1] INFO  server.RaftServerConfigKeys (ConfUtils.java:logGet(46)) - raft.server.log.statemachine.data.read.timeout = 1000ms (default)
2023-05-03 09:48:00,718 [pool-626-thread-1] INFO  server.RaftServerConfigKeys (ConfUtils.java:logGet(46)) - raft.server.log.purge.preservation.log.num = 0 (default)
2023-05-03 09:48:00,718 [pool-626-thread-1] INFO  server.RaftServerConfigKeys (ConfUtils.java:logGet(46)) - raft.server.log.segment.size.max = 1048576 (custom)
2023-05-03 09:48:00,718 [pool-626-thread-1] INFO  server.RaftServerConfigKeys (ConfUtils.java:logGet(46)) - raft.server.log.segment.cache.num.max = 2 (custom)
2023-05-03 09:48:00,718 [EventQueue-OpenPipelineForHealthyPipelineSafeModeRule] INFO  safemode.SCMSafeModeManager (HealthyPipelineSafeModeRule.java:process(137)) - SCM in safe mode. Healthy pipelines reported count is 0, required healthy pipeline reported count is 1
2023-05-03 09:48:00,718 [pool-626-thread-1] INFO  server.RaftServerConfigKeys (ConfUtils.java:logGet(46)) - raft.server.log.segment.cache.size.max = 200MB (=209715200) (default)
2023-05-03 09:48:00,718 [pool-626-thread-1] INFO  segmented.SegmentedRaftLogWorker (SegmentedRaftLogWorker.java:<init>(189)) - new ac4b8c18-80b4-4feb-9785-680d8e9d2b2c@group-7EF152AE622F-SegmentedRaftLogWorker for RaftStorageImpl:Storage Directory /home/runner/work/ozone/ozone/hadoop-ozone/integration-test/target/test-dir/MiniOzoneClusterImpl-4bec65cc-6935-45f5-a4e0-5572db01fbff/datanode-0/data/ratis/6a66d65b-20c2-431f-b22c-7ef152ae622f
2023-05-03 09:48:00,718 [pool-626-thread-1] INFO  server.RaftServerConfigKeys (ConfUtils.java:logGet(46)) - raft.server.log.queue.byte-limit = 4294967296 (custom)
2023-05-03 09:48:00,718 [pool-626-thread-1] INFO  server.RaftServerConfigKeys (ConfUtils.java:logGet(46)) - raft.server.log.queue.element-limit = 1024 (custom)
2023-05-03 09:48:00,718 [pool-626-thread-1] INFO  server.RaftServerConfigKeys (ConfUtils.java:logGet(46)) - raft.server.log.segment.size.max = 1048576 (custom)
2023-05-03 09:48:00,718 [pool-626-thread-1] INFO  server.RaftServerConfigKeys (ConfUtils.java:logGet(46)) - raft.server.log.preallocated.size = 16384 (custom)
2023-05-03 09:48:00,719 [pool-626-thread-1] INFO  server.RaftServerConfigKeys (ConfUtils.java:logGet(46)) - raft.server.log.force.sync.num = 128 (default)
2023-05-03 09:48:00,719 [pool-626-thread-1] INFO  server.RaftServerConfigKeys (ConfUtils.java:logGet(46)) - raft.server.log.statemachine.data.sync = true (default)
2023-05-03 09:48:00,719 [pool-626-thread-1] INFO  server.RaftServerConfigKeys (ConfUtils.java:logGet(46)) - raft.server.log.statemachine.data.sync.timeout = 10s (default)
2023-05-03 09:48:00,719 [pool-626-thread-1] INFO  server.RaftServerConfigKeys (ConfUtils.java:logGet(46)) - raft.server.log.statemachine.data.sync.timeout.retry = -1 (default)
2023-05-03 09:48:00,719 [pool-626-thread-1] INFO  server.RaftServerConfigKeys (ConfUtils.java:logGet(46)) - raft.server.log.write.buffer.size = 1048576 (custom)
2023-05-03 09:48:00,719 [pool-626-thread-1] INFO  server.RaftServerConfigKeys (ConfUtils.java:logGet(46)) - raft.server.log.appender.buffer.byte-limit = 33554432 (custom)
2023-05-03 09:48:00,722 [pool-626-thread-1] INFO  server.RaftServerConfigKeys (ConfUtils.java:logGet(46)) - raft.server.log.unsafe-flush.enabled = false (default)
2023-05-03 09:48:00,722 [pool-626-thread-1] INFO  server.RaftServerConfigKeys (ConfUtils.java:logGet(46)) - raft.server.log.async-flush.enabled = false (default)
2023-05-03 09:48:00,722 [pool-626-thread-1] INFO  server.RaftServerConfigKeys (ConfUtils.java:logGet(46)) - raft.server.log.statemachine.data.caching.enabled = true (custom)
2023-05-03 09:48:00,722 [pool-626-thread-1] INFO  segmented.SegmentedRaftLogWorker (SegmentedRaftLogWorker.java:lambda$new$0(135)) - ac4b8c18-80b4-4feb-9785-680d8e9d2b2c@group-7EF152AE622F-SegmentedRaftLogWorker: flushIndex: setUnconditionally 0 -> -1
2023-05-03 09:48:00,722 [pool-626-thread-1] INFO  segmented.SegmentedRaftLogWorker (SegmentedRaftLogWorker.java:lambda$new$0(135)) - ac4b8c18-80b4-4feb-9785-680d8e9d2b2c@group-7EF152AE622F-SegmentedRaftLogWorker: safeCacheEvictIndex: setUnconditionally 0 -> -1
2023-05-03 09:48:00,722 [pool-626-thread-1] INFO  server.RaftServer$Division (RaftServerImpl.java:start(334)) - ac4b8c18-80b4-4feb-9785-680d8e9d2b2c@group-7EF152AE622F: start as a follower, conf=-1: peers:[7f2c1250-5750-453f-880f-f900c696f98f|rpc:10.1.0.194:35411|dataStream:10.1.0.194:44061|priority:1|startupRole:FOLLOWER, 22018fc8-4f04-4d80-8f55-d0eb73e2f788|rpc:10.1.0.194:38059|dataStream:10.1.0.194:45663|priority:0|startupRole:FOLLOWER, ac4b8c18-80b4-4feb-9785-680d8e9d2b2c|rpc:10.1.0.194:41097|dataStream:10.1.0.194:43371|priority:0|startupRole:FOLLOWER]|listeners:[], old=null
2023-05-03 09:48:00,722 [pool-626-thread-1] INFO  server.RaftServer$Division (RaftServerImpl.java:setRole(321)) - ac4b8c18-80b4-4feb-9785-680d8e9d2b2c@group-7EF152AE622F: changes role from      null to FOLLOWER at term 0 for startAsFollower
2023-05-03 09:48:00,722 [pool-626-thread-1] INFO  impl.RoleInfo (RoleInfo.java:updateAndGet(139)) - ac4b8c18-80b4-4feb-9785-680d8e9d2b2c: start ac4b8c18-80b4-4feb-9785-680d8e9d2b2c@group-7EF152AE622F-FollowerState
2023-05-03 09:48:00,723 [pool-626-thread-1] INFO  util.JmxRegister (JmxRegister.java:tryRegister(44)) - Successfully registered JMX Bean with object name Ratis:service=RaftServer,group=group-7EF152AE622F,id=ac4b8c18-80b4-4feb-9785-680d8e9d2b2c
2023-05-03 09:48:00,723 [pool-626-thread-1] INFO  server.RaftServerConfigKeys (ConfUtils.java:logGet(46)) - raft.server.snapshot.auto.trigger.enabled = true (custom)
2023-05-03 09:48:00,723 [pool-626-thread-1] INFO  server.RaftServerConfigKeys (ConfUtils.java:logGet(46)) - raft.server.snapshot.auto.trigger.threshold = 10000 (custom)
2023-05-03 09:48:00,723 [pool-626-thread-1] INFO  server.RaftServerConfigKeys (ConfUtils.java:logGet(46)) - raft.server.snapshot.retention.file.num = 5 (custom)
2023-05-03 09:48:00,723 [pool-626-thread-1] INFO  server.RaftServerConfigKeys (ConfUtils.java:logGet(46)) - raft.server.log.purge.upto.snapshot.index = false (default)
2023-05-03 09:48:00,723 [ac4b8c18-80b4-4feb-9785-680d8e9d2b2c@group-7EF152AE622F-FollowerState] INFO  server.RaftServerConfigKeys (ConfUtils.java:logFallback(53)) - raft.server.rpc.first-election.timeout.min = 5s (fallback to raft.server.rpc.timeout.min)
2023-05-03 09:48:00,723 [ac4b8c18-80b4-4feb-9785-680d8e9d2b2c@group-7EF152AE622F-FollowerState] INFO  server.RaftServerConfigKeys (ConfUtils.java:logFallback(53)) - raft.server.rpc.first-election.timeout.max = 5200ms (fallback to raft.server.rpc.timeout.max)
2023-05-03 09:48:00,723 [Command processor thread] INFO  ratis.XceiverServerRatis (XceiverServerRatis.java:addGroup(806)) - Created group PipelineID=6a66d65b-20c2-431f-b22c-7ef152ae622f
2023-05-03 09:48:00,733 [grpc-default-executor-0] INFO  server.RaftServer (RaftServerProxy.java:addNew(96)) - 7f2c1250-5750-453f-880f-f900c696f98f: addNew group-7EF152AE622F:[7f2c1250-5750-453f-880f-f900c696f98f|rpc:10.1.0.194:35411|dataStream:10.1.0.194:44061|priority:1|startupRole:FOLLOWER, 22018fc8-4f04-4d80-8f55-d0eb73e2f788|rpc:10.1.0.194:38059|dataStream:10.1.0.194:45663|priority:0|startupRole:FOLLOWER, ac4b8c18-80b4-4feb-9785-680d8e9d2b2c|rpc:10.1.0.194:41097|dataStream:10.1.0.194:43371|priority:0|startupRole:FOLLOWER] returns group-7EF152AE622F:java.util.concurrent.CompletableFuture@7ffb46dc[Not completed]
2023-05-03 09:48:00,735 [pool-670-thread-1] INFO  server.RaftServer$Division (RaftServerImpl.java:<init>(195)) - 7f2c1250-5750-453f-880f-f900c696f98f: new RaftServerImpl for group-7EF152AE622F:[7f2c1250-5750-453f-880f-f900c696f98f|rpc:10.1.0.194:35411|dataStream:10.1.0.194:44061|priority:1|startupRole:FOLLOWER, 22018fc8-4f04-4d80-8f55-d0eb73e2f788|rpc:10.1.0.194:38059|dataStream:10.1.0.194:45663|priority:0|startupRole:FOLLOWER, ac4b8c18-80b4-4feb-9785-680d8e9d2b2c|rpc:10.1.0.194:41097|dataStream:10.1.0.194:43371|priority:0|startupRole:FOLLOWER] with ContainerStateMachine:uninitialized
2023-05-03 09:48:00,735 [pool-670-thread-1] INFO  server.RaftServerConfigKeys (ConfUtils.java:logGet(46)) - raft.server.rpc.timeout.min = 5s (custom)
2023-05-03 09:48:00,735 [pool-670-thread-1] INFO  server.RaftServerConfigKeys (ConfUtils.java:logGet(46)) - raft.server.rpc.timeout.max = 5200ms (custom)
2023-05-03 09:48:00,735 [pool-670-thread-1] INFO  server.RaftServerConfigKeys (ConfUtils.java:logGet(46)) - raft.server.rpc.sleep.time = 25ms (default)
2023-05-03 09:48:00,735 [pool-670-thread-1] INFO  server.RaftServerConfigKeys (ConfUtils.java:logGet(46)) - raft.server.rpc.slowness.timeout = 300s (custom)
2023-05-03 09:48:00,735 [pool-670-thread-1] INFO  server.RaftServerConfigKeys (ConfUtils.java:logGet(46)) - raft.server.leaderelection.leader.step-down.wait-time = 10s (default)
2023-05-03 09:48:00,735 [pool-670-thread-1] INFO  server.RaftServerConfigKeys (ConfUtils.java:logGet(46)) - raft.server.sleep.deviation.threshold = 300ms (default)
2023-05-03 09:48:00,735 [pool-670-thread-1] INFO  server.RaftServer$Division (ServerState.java:<init>(118)) - 7f2c1250-5750-453f-880f-f900c696f98f@group-7EF152AE622F: ConfigurationManager, init=-1: peers:[7f2c1250-5750-453f-880f-f900c696f98f|rpc:10.1.0.194:35411|dataStream:10.1.0.194:44061|priority:1|startupRole:FOLLOWER, 22018fc8-4f04-4d80-8f55-d0eb73e2f788|rpc:10.1.0.194:38059|dataStream:10.1.0.194:45663|priority:0|startupRole:FOLLOWER, ac4b8c18-80b4-4feb-9785-680d8e9d2b2c|rpc:10.1.0.194:41097|dataStream:10.1.0.194:43371|priority:0|startupRole:FOLLOWER]|listeners:[], old=null, confs=<EMPTY_MAP>
2023-05-03 09:48:00,735 [pool-670-thread-1] INFO  server.RaftServerConfigKeys (ConfUtils.java:logGet(46)) - raft.server.storage.dir = [/home/runner/work/ozone/ozone/hadoop-ozone/integration-test/target/test-dir/MiniOzoneClusterImpl-4bec65cc-6935-45f5-a4e0-5572db01fbff/datanode-2/data/ratis] (custom)
2023-05-03 09:48:00,735 [pool-670-thread-1] INFO  server.RaftServerConfigKeys (ConfUtils.java:logGet(46)) - raft.server.log.corruption.policy = EXCEPTION (default)
2023-05-03 09:48:00,735 [pool-670-thread-1] INFO  server.RaftServerConfigKeys (ConfUtils.java:logGet(46)) - raft.server.storage.free-space.min = 0MB (=0) (default)
2023-05-03 09:48:00,735 [pool-670-thread-1] INFO  server.RaftServerConfigKeys (ConfUtils.java:logGet(46)) - raft.server.notification.no-leader.timeout = 300s (custom)
2023-05-03 09:48:00,735 [pool-670-thread-1] INFO  server.RaftServerConfigKeys (ConfUtils.java:logGet(46)) - raft.server.retrycache.expirytime = 600000ms (custom)
2023-05-03 09:48:00,735 [pool-670-thread-1] INFO  server.RaftServerConfigKeys (ConfUtils.java:logGet(46)) - raft.server.retrycache.statistics.expirytime = 100μs (default)
2023-05-03 09:48:00,736 [pool-670-thread-1] INFO  server.RaftServerConfigKeys (ConfUtils.java:logGet(46)) - raft.server.log.appender.install.snapshot.enabled = false (custom)
2023-05-03 09:48:00,736 [pool-670-thread-1] INFO  server.RaftServerConfigKeys (ConfUtils.java:logGet(46)) - raft.server.threadpool.server.cached = true (default)
2023-05-03 09:48:00,736 [pool-670-thread-1] INFO  server.RaftServerConfigKeys (ConfUtils.java:logGet(46)) - raft.server.threadpool.server.size = 0 (default)
2023-05-03 09:48:00,736 [pool-670-thread-1] INFO  server.RaftServerConfigKeys (ConfUtils.java:logGet(46)) - raft.server.threadpool.client.cached = true (default)
2023-05-03 09:48:00,736 [pool-670-thread-1] INFO  server.RaftServerConfigKeys (ConfUtils.java:logGet(46)) - raft.server.threadpool.client.size = 0 (default)
2023-05-03 09:48:00,736 [pool-670-thread-1] INFO  storage.RaftStorageDirectory (RaftStorageDirectoryImpl.java:analyzeStorage(137)) - The storage directory /home/runner/work/ozone/ozone/hadoop-ozone/integration-test/target/test-dir/MiniOzoneClusterImpl-4bec65cc-6935-45f5-a4e0-5572db01fbff/datanode-2/data/ratis/6a66d65b-20c2-431f-b22c-7ef152ae622f does not exist. Creating ...
2023-05-03 09:48:00,737 [pool-670-thread-1] INFO  storage.RaftStorageDirectory (RaftStorageDirectoryImpl.java:tryLock(231)) - Lock on /home/runner/work/ozone/ozone/hadoop-ozone/integration-test/target/test-dir/MiniOzoneClusterImpl-4bec65cc-6935-45f5-a4e0-5572db01fbff/datanode-2/data/ratis/6a66d65b-20c2-431f-b22c-7ef152ae622f/in_use.lock acquired by nodename 7780@fv-az139-793
2023-05-03 09:48:00,738 [pool-670-thread-1] INFO  storage.RaftStorage (RaftStorageImpl.java:format(96)) - Storage directory /home/runner/work/ozone/ozone/hadoop-ozone/integration-test/target/test-dir/MiniOzoneClusterImpl-4bec65cc-6935-45f5-a4e0-5572db01fbff/datanode-2/data/ratis/6a66d65b-20c2-431f-b22c-7ef152ae622f has been successfully formatted.
2023-05-03 09:48:00,738 [pool-670-thread-1] INFO  ratis.ContainerStateMachine (ContainerStateMachine.java:loadSnapshot(262)) - group-7EF152AE622F: The snapshot info is null. Setting the last applied indexto:(t:0, i:~)
2023-05-03 09:48:00,738 [pool-670-thread-1] INFO  server.RaftServerConfigKeys (ConfUtils.java:logGet(46)) - raft.server.log.use.memory = false (default)
2023-05-03 09:48:00,738 [pool-670-thread-1] INFO  server.RaftServerConfigKeys (ConfUtils.java:logGet(46)) - raft.server.log.purge.gap = 1000000 (custom)
2023-05-03 09:48:00,738 [pool-670-thread-1] INFO  server.RaftServerConfigKeys (ConfUtils.java:logGet(46)) - raft.server.log.appender.buffer.byte-limit = 33554432 (custom)
2023-05-03 09:48:00,739 [pool-670-thread-1] INFO  server.RaftServerConfigKeys (ConfUtils.java:logGet(46)) - raft.server.log.statemachine.data.read.timeout = 1000ms (default)
2023-05-03 09:48:00,739 [pool-670-thread-1] INFO  server.RaftServerConfigKeys (ConfUtils.java:logGet(46)) - raft.server.log.purge.preservation.log.num = 0 (default)
2023-05-03 09:48:00,739 [pool-670-thread-1] INFO  server.RaftServerConfigKeys (ConfUtils.java:logGet(46)) - raft.server.log.segment.size.max = 1048576 (custom)
2023-05-03 09:48:00,739 [pool-670-thread-1] INFO  server.RaftServerConfigKeys (ConfUtils.java:logGet(46)) - raft.server.log.segment.cache.num.max = 2 (custom)
2023-05-03 09:48:00,739 [pool-670-thread-1] INFO  server.RaftServerConfigKeys (ConfUtils.java:logGet(46)) - raft.server.log.segment.cache.size.max = 200MB (=209715200) (default)
2023-05-03 09:48:00,739 [pool-670-thread-1] INFO  segmented.SegmentedRaftLogWorker (SegmentedRaftLogWorker.java:<init>(189)) - new 7f2c1250-5750-453f-880f-f900c696f98f@group-7EF152AE622F-SegmentedRaftLogWorker for RaftStorageImpl:Storage Directory /home/runner/work/ozone/ozone/hadoop-ozone/integration-test/target/test-dir/MiniOzoneClusterImpl-4bec65cc-6935-45f5-a4e0-5572db01fbff/datanode-2/data/ratis/6a66d65b-20c2-431f-b22c-7ef152ae622f
2023-05-03 09:48:00,739 [pool-670-thread-1] INFO  server.RaftServerConfigKeys (ConfUtils.java:logGet(46)) - raft.server.log.queue.byte-limit = 4294967296 (custom)
2023-05-03 09:48:00,739 [pool-670-thread-1] INFO  server.RaftServerConfigKeys (ConfUtils.java:logGet(46)) - raft.server.log.queue.element-limit = 1024 (custom)
2023-05-03 09:48:00,739 [pool-670-thread-1] INFO  server.RaftServerConfigKeys (ConfUtils.java:logGet(46)) - raft.server.log.segment.size.max = 1048576 (custom)
2023-05-03 09:48:00,739 [pool-670-thread-1] INFO  server.RaftServerConfigKeys (ConfUtils.java:logGet(46)) - raft.server.log.preallocated.size = 16384 (custom)
2023-05-03 09:48:00,739 [pool-670-thread-1] INFO  server.RaftServerConfigKeys (ConfUtils.java:logGet(46)) - raft.server.log.force.sync.num = 128 (default)
2023-05-03 09:48:00,739 [pool-670-thread-1] INFO  server.RaftServerConfigKeys (ConfUtils.java:logGet(46)) - raft.server.log.statemachine.data.sync = true (default)
2023-05-03 09:48:00,739 [pool-670-thread-1] INFO  server.RaftServerConfigKeys (ConfUtils.java:logGet(46)) - raft.server.log.statemachine.data.sync.timeout = 10s (default)
2023-05-03 09:48:00,740 [pool-670-thread-1] INFO  server.RaftServerConfigKeys (ConfUtils.java:logGet(46)) - raft.server.log.statemachine.data.sync.timeout.retry = -1 (default)
2023-05-03 09:48:00,740 [pool-670-thread-1] INFO  server.RaftServerConfigKeys (ConfUtils.java:logGet(46)) - raft.server.log.write.buffer.size = 1048576 (custom)
2023-05-03 09:48:00,741 [pool-670-thread-1] INFO  server.RaftServerConfigKeys (ConfUtils.java:logGet(46)) - raft.server.log.appender.buffer.byte-limit = 33554432 (custom)
2023-05-03 09:48:00,743 [pool-670-thread-1] INFO  server.RaftServerConfigKeys (ConfUtils.java:logGet(46)) - raft.server.log.unsafe-flush.enabled = false (default)
2023-05-03 09:48:00,743 [pool-670-thread-1] INFO  server.RaftServerConfigKeys (ConfUtils.java:logGet(46)) - raft.server.log.async-flush.enabled = false (default)
2023-05-03 09:48:00,743 [pool-670-thread-1] INFO  server.RaftServerConfigKeys (ConfUtils.java:logGet(46)) - raft.server.log.statemachine.data.caching.enabled = true (custom)
2023-05-03 09:48:00,744 [pool-670-thread-1] INFO  segmented.SegmentedRaftLogWorker (SegmentedRaftLogWorker.java:lambda$new$0(135)) - 7f2c1250-5750-453f-880f-f900c696f98f@group-7EF152AE622F-SegmentedRaftLogWorker: flushIndex: setUnconditionally 0 -> -1
2023-05-03 09:48:00,744 [pool-670-thread-1] INFO  segmented.SegmentedRaftLogWorker (SegmentedRaftLogWorker.java:lambda$new$0(135)) - 7f2c1250-5750-453f-880f-f900c696f98f@group-7EF152AE622F-SegmentedRaftLogWorker: safeCacheEvictIndex: setUnconditionally 0 -> -1
2023-05-03 09:48:00,744 [pool-670-thread-1] INFO  server.RaftServer$Division (RaftServerImpl.java:start(334)) - 7f2c1250-5750-453f-880f-f900c696f98f@group-7EF152AE622F: start as a follower, conf=-1: peers:[7f2c1250-5750-453f-880f-f900c696f98f|rpc:10.1.0.194:35411|dataStream:10.1.0.194:44061|priority:1|startupRole:FOLLOWER, 22018fc8-4f04-4d80-8f55-d0eb73e2f788|rpc:10.1.0.194:38059|dataStream:10.1.0.194:45663|priority:0|startupRole:FOLLOWER, ac4b8c18-80b4-4feb-9785-680d8e9d2b2c|rpc:10.1.0.194:41097|dataStream:10.1.0.194:43371|priority:0|startupRole:FOLLOWER]|listeners:[], old=null
2023-05-03 09:48:00,744 [pool-670-thread-1] INFO  server.RaftServer$Division (RaftServerImpl.java:setRole(321)) - 7f2c1250-5750-453f-880f-f900c696f98f@group-7EF152AE622F: changes role from      null to FOLLOWER at term 0 for startAsFollower
2023-05-03 09:48:00,744 [pool-670-thread-1] INFO  impl.RoleInfo (RoleInfo.java:updateAndGet(139)) - 7f2c1250-5750-453f-880f-f900c696f98f: start 7f2c1250-5750-453f-880f-f900c696f98f@group-7EF152AE622F-FollowerState
2023-05-03 09:48:00,744 [pool-670-thread-1] INFO  util.JmxRegister (JmxRegister.java:tryRegister(44)) - Successfully registered JMX Bean with object name Ratis:service=RaftServer,group=group-7EF152AE622F,id=7f2c1250-5750-453f-880f-f900c696f98f
2023-05-03 09:48:00,744 [pool-670-thread-1] INFO  server.RaftServerConfigKeys (ConfUtils.java:logGet(46)) - raft.server.snapshot.auto.trigger.enabled = true (custom)
2023-05-03 09:48:00,744 [pool-670-thread-1] INFO  server.RaftServerConfigKeys (ConfUtils.java:logGet(46)) - raft.server.snapshot.auto.trigger.threshold = 10000 (custom)
2023-05-03 09:48:00,744 [pool-670-thread-1] INFO  server.RaftServerConfigKeys (ConfUtils.java:logGet(46)) - raft.server.snapshot.retention.file.num = 5 (custom)
2023-05-03 09:48:00,744 [pool-670-thread-1] INFO  server.RaftServerConfigKeys (ConfUtils.java:logGet(46)) - raft.server.log.purge.upto.snapshot.index = false (default)
2023-05-03 09:48:00,745 [7f2c1250-5750-453f-880f-f900c696f98f@group-7EF152AE622F-FollowerState] INFO  server.RaftServerConfigKeys (ConfUtils.java:logFallback(53)) - raft.server.rpc.first-election.timeout.min = 5s (fallback to raft.server.rpc.timeout.min)
2023-05-03 09:48:00,745 [7f2c1250-5750-453f-880f-f900c696f98f@group-7EF152AE622F-FollowerState] INFO  server.RaftServerConfigKeys (ConfUtils.java:logFallback(53)) - raft.server.rpc.first-election.timeout.max = 5200ms (fallback to raft.server.rpc.timeout.max)
2023-05-03 09:48:00,755 [grpc-default-executor-0] INFO  server.RaftServer (RaftServerProxy.java:addNew(96)) - 22018fc8-4f04-4d80-8f55-d0eb73e2f788: addNew group-7EF152AE622F:[7f2c1250-5750-453f-880f-f900c696f98f|rpc:10.1.0.194:35411|dataStream:10.1.0.194:44061|priority:1|startupRole:FOLLOWER, 22018fc8-4f04-4d80-8f55-d0eb73e2f788|rpc:10.1.0.194:38059|dataStream:10.1.0.194:45663|priority:0|startupRole:FOLLOWER, ac4b8c18-80b4-4feb-9785-680d8e9d2b2c|rpc:10.1.0.194:41097|dataStream:10.1.0.194:43371|priority:0|startupRole:FOLLOWER] returns group-7EF152AE622F:java.util.concurrent.CompletableFuture@59ce3f69[Not completed]
2023-05-03 09:48:00,756 [pool-648-thread-1] INFO  server.RaftServer$Division (RaftServerImpl.java:<init>(195)) - 22018fc8-4f04-4d80-8f55-d0eb73e2f788: new RaftServerImpl for group-7EF152AE622F:[7f2c1250-5750-453f-880f-f900c696f98f|rpc:10.1.0.194:35411|dataStream:10.1.0.194:44061|priority:1|startupRole:FOLLOWER, 22018fc8-4f04-4d80-8f55-d0eb73e2f788|rpc:10.1.0.194:38059|dataStream:10.1.0.194:45663|priority:0|startupRole:FOLLOWER, ac4b8c18-80b4-4feb-9785-680d8e9d2b2c|rpc:10.1.0.194:41097|dataStream:10.1.0.194:43371|priority:0|startupRole:FOLLOWER] with ContainerStateMachine:uninitialized
2023-05-03 09:48:00,756 [pool-648-thread-1] INFO  server.RaftServerConfigKeys (ConfUtils.java:logGet(46)) - raft.server.rpc.timeout.min = 5s (custom)
2023-05-03 09:48:00,756 [pool-648-thread-1] INFO  server.RaftServerConfigKeys (ConfUtils.java:logGet(46)) - raft.server.rpc.timeout.max = 5200ms (custom)
2023-05-03 09:48:00,756 [pool-648-thread-1] INFO  server.RaftServerConfigKeys (ConfUtils.java:logGet(46)) - raft.server.rpc.sleep.time = 25ms (default)
2023-05-03 09:48:00,756 [pool-648-thread-1] INFO  server.RaftServerConfigKeys (ConfUtils.java:logGet(46)) - raft.server.rpc.slowness.timeout = 300s (custom)
2023-05-03 09:48:00,756 [pool-648-thread-1] INFO  server.RaftServerConfigKeys (ConfUtils.java:logGet(46)) - raft.server.leaderelection.leader.step-down.wait-time = 10s (default)
2023-05-03 09:48:00,756 [pool-648-thread-1] INFO  server.RaftServerConfigKeys (ConfUtils.java:logGet(46)) - raft.server.sleep.deviation.threshold = 300ms (default)
2023-05-03 09:48:00,756 [pool-648-thread-1] INFO  server.RaftServer$Division (ServerState.java:<init>(118)) - 22018fc8-4f04-4d80-8f55-d0eb73e2f788@group-7EF152AE622F: ConfigurationManager, init=-1: peers:[7f2c1250-5750-453f-880f-f900c696f98f|rpc:10.1.0.194:35411|dataStream:10.1.0.194:44061|priority:1|startupRole:FOLLOWER, 22018fc8-4f04-4d80-8f55-d0eb73e2f788|rpc:10.1.0.194:38059|dataStream:10.1.0.194:45663|priority:0|startupRole:FOLLOWER, ac4b8c18-80b4-4feb-9785-680d8e9d2b2c|rpc:10.1.0.194:41097|dataStream:10.1.0.194:43371|priority:0|startupRole:FOLLOWER]|listeners:[], old=null, confs=<EMPTY_MAP>
2023-05-03 09:48:00,757 [pool-648-thread-1] INFO  server.RaftServerConfigKeys (ConfUtils.java:logGet(46)) - raft.server.storage.dir = [/home/runner/work/ozone/ozone/hadoop-ozone/integration-test/target/test-dir/MiniOzoneClusterImpl-4bec65cc-6935-45f5-a4e0-5572db01fbff/datanode-1/data/ratis] (custom)
2023-05-03 09:48:00,757 [pool-648-thread-1] INFO  server.RaftServerConfigKeys (ConfUtils.java:logGet(46)) - raft.server.log.corruption.policy = EXCEPTION (default)
2023-05-03 09:48:00,757 [pool-648-thread-1] INFO  server.RaftServerConfigKeys (ConfUtils.java:logGet(46)) - raft.server.storage.free-space.min = 0MB (=0) (default)
2023-05-03 09:48:00,757 [pool-648-thread-1] INFO  server.RaftServerConfigKeys (ConfUtils.java:logGet(46)) - raft.server.notification.no-leader.timeout = 300s (custom)
2023-05-03 09:48:00,757 [pool-648-thread-1] INFO  server.RaftServerConfigKeys (ConfUtils.java:logGet(46)) - raft.server.retrycache.expirytime = 600000ms (custom)
2023-05-03 09:48:00,757 [pool-648-thread-1] INFO  server.RaftServerConfigKeys (ConfUtils.java:logGet(46)) - raft.server.retrycache.statistics.expirytime = 100μs (default)
2023-05-03 09:48:00,757 [pool-648-thread-1] INFO  server.RaftServerConfigKeys (ConfUtils.java:logGet(46)) - raft.server.log.appender.install.snapshot.enabled = false (custom)
2023-05-03 09:48:00,757 [pool-648-thread-1] INFO  server.RaftServerConfigKeys (ConfUtils.java:logGet(46)) - raft.server.threadpool.server.cached = true (default)
2023-05-03 09:48:00,758 [pool-648-thread-1] INFO  server.RaftServerConfigKeys (ConfUtils.java:logGet(46)) - raft.server.threadpool.server.size = 0 (default)
2023-05-03 09:48:00,758 [pool-648-thread-1] INFO  server.RaftServerConfigKeys (ConfUtils.java:logGet(46)) - raft.server.threadpool.client.cached = true (default)
2023-05-03 09:48:00,758 [pool-648-thread-1] INFO  server.RaftServerConfigKeys (ConfUtils.java:logGet(46)) - raft.server.threadpool.client.size = 0 (default)
2023-05-03 09:48:00,758 [pool-648-thread-1] INFO  storage.RaftStorageDirectory (RaftStorageDirectoryImpl.java:analyzeStorage(137)) - The storage directory /home/runner/work/ozone/ozone/hadoop-ozone/integration-test/target/test-dir/MiniOzoneClusterImpl-4bec65cc-6935-45f5-a4e0-5572db01fbff/datanode-1/data/ratis/6a66d65b-20c2-431f-b22c-7ef152ae622f does not exist. Creating ...
2023-05-03 09:48:00,760 [pool-648-thread-1] INFO  storage.RaftStorageDirectory (RaftStorageDirectoryImpl.java:tryLock(231)) - Lock on /home/runner/work/ozone/ozone/hadoop-ozone/integration-test/target/test-dir/MiniOzoneClusterImpl-4bec65cc-6935-45f5-a4e0-5572db01fbff/datanode-1/data/ratis/6a66d65b-20c2-431f-b22c-7ef152ae622f/in_use.lock acquired by nodename 7780@fv-az139-793
2023-05-03 09:48:00,761 [pool-648-thread-1] INFO  storage.RaftStorage (RaftStorageImpl.java:format(96)) - Storage directory /home/runner/work/ozone/ozone/hadoop-ozone/integration-test/target/test-dir/MiniOzoneClusterImpl-4bec65cc-6935-45f5-a4e0-5572db01fbff/datanode-1/data/ratis/6a66d65b-20c2-431f-b22c-7ef152ae622f has been successfully formatted.
2023-05-03 09:48:00,762 [pool-648-thread-1] INFO  ratis.ContainerStateMachine (ContainerStateMachine.java:loadSnapshot(262)) - group-7EF152AE622F: The snapshot info is null. Setting the last applied indexto:(t:0, i:~)
2023-05-03 09:48:00,763 [pool-648-thread-1] INFO  server.RaftServerConfigKeys (ConfUtils.java:logGet(46)) - raft.server.log.use.memory = false (default)
2023-05-03 09:48:00,763 [pool-648-thread-1] INFO  server.RaftServerConfigKeys (ConfUtils.java:logGet(46)) - raft.server.log.purge.gap = 1000000 (custom)
2023-05-03 09:48:00,763 [pool-648-thread-1] INFO  server.RaftServerConfigKeys (ConfUtils.java:logGet(46)) - raft.server.log.appender.buffer.byte-limit = 33554432 (custom)
2023-05-03 09:48:00,763 [pool-648-thread-1] INFO  server.RaftServerConfigKeys (ConfUtils.java:logGet(46)) - raft.server.log.statemachine.data.read.timeout = 1000ms (default)
2023-05-03 09:48:00,763 [pool-648-thread-1] INFO  server.RaftServerConfigKeys (ConfUtils.java:logGet(46)) - raft.server.log.purge.preservation.log.num = 0 (default)
2023-05-03 09:48:00,763 [pool-648-thread-1] INFO  server.RaftServerConfigKeys (ConfUtils.java:logGet(46)) - raft.server.log.segment.size.max = 1048576 (custom)
2023-05-03 09:48:00,763 [pool-648-thread-1] INFO  server.RaftServerConfigKeys (ConfUtils.java:logGet(46)) - raft.server.log.segment.cache.num.max = 2 (custom)
2023-05-03 09:48:00,763 [pool-648-thread-1] INFO  server.RaftServerConfigKeys (ConfUtils.java:logGet(46)) - raft.server.log.segment.cache.size.max = 200MB (=209715200) (default)
2023-05-03 09:48:00,763 [pool-648-thread-1] INFO  segmented.SegmentedRaftLogWorker (SegmentedRaftLogWorker.java:<init>(189)) - new 22018fc8-4f04-4d80-8f55-d0eb73e2f788@group-7EF152AE622F-SegmentedRaftLogWorker for RaftStorageImpl:Storage Directory /home/runner/work/ozone/ozone/hadoop-ozone/integration-test/target/test-dir/MiniOzoneClusterImpl-4bec65cc-6935-45f5-a4e0-5572db01fbff/datanode-1/data/ratis/6a66d65b-20c2-431f-b22c-7ef152ae622f
2023-05-03 09:48:00,764 [pool-648-thread-1] INFO  server.RaftServerConfigKeys (ConfUtils.java:logGet(46)) - raft.server.log.queue.byte-limit = 4294967296 (custom)
2023-05-03 09:48:00,764 [pool-648-thread-1] INFO  server.RaftServerConfigKeys (ConfUtils.java:logGet(46)) - raft.server.log.queue.element-limit = 1024 (custom)
2023-05-03 09:48:00,764 [pool-648-thread-1] INFO  server.RaftServerConfigKeys (ConfUtils.java:logGet(46)) - raft.server.log.segment.size.max = 1048576 (custom)
2023-05-03 09:48:00,764 [pool-648-thread-1] INFO  server.RaftServerConfigKeys (ConfUtils.java:logGet(46)) - raft.server.log.preallocated.size = 16384 (custom)
2023-05-03 09:48:00,764 [pool-648-thread-1] INFO  server.RaftServerConfigKeys (ConfUtils.java:logGet(46)) - raft.server.log.force.sync.num = 128 (default)
2023-05-03 09:48:00,764 [pool-648-thread-1] INFO  server.RaftServerConfigKeys (ConfUtils.java:logGet(46)) - raft.server.log.statemachine.data.sync = true (default)
2023-05-03 09:48:00,764 [pool-648-thread-1] INFO  server.RaftServerConfigKeys (ConfUtils.java:logGet(46)) - raft.server.log.statemachine.data.sync.timeout = 10s (default)
2023-05-03 09:48:00,764 [pool-648-thread-1] INFO  server.RaftServerConfigKeys (ConfUtils.java:logGet(46)) - raft.server.log.statemachine.data.sync.timeout.retry = -1 (default)
2023-05-03 09:48:00,764 [pool-648-thread-1] INFO  server.RaftServerConfigKeys (ConfUtils.java:logGet(46)) - raft.server.log.write.buffer.size = 1048576 (custom)
2023-05-03 09:48:00,765 [pool-648-thread-1] INFO  server.RaftServerConfigKeys (ConfUtils.java:logGet(46)) - raft.server.log.appender.buffer.byte-limit = 33554432 (custom)
2023-05-03 09:48:00,768 [pool-648-thread-1] INFO  server.RaftServerConfigKeys (ConfUtils.java:logGet(46)) - raft.server.log.unsafe-flush.enabled = false (default)
2023-05-03 09:48:00,768 [pool-648-thread-1] INFO  server.RaftServerConfigKeys (ConfUtils.java:logGet(46)) - raft.server.log.async-flush.enabled = false (default)
2023-05-03 09:48:00,768 [pool-648-thread-1] INFO  server.RaftServerConfigKeys (ConfUtils.java:logGet(46)) - raft.server.log.statemachine.data.caching.enabled = true (custom)
2023-05-03 09:48:00,768 [pool-648-thread-1] INFO  segmented.SegmentedRaftLogWorker (SegmentedRaftLogWorker.java:lambda$new$0(135)) - 22018fc8-4f04-4d80-8f55-d0eb73e2f788@group-7EF152AE622F-SegmentedRaftLogWorker: flushIndex: setUnconditionally 0 -> -1
2023-05-03 09:48:00,768 [pool-648-thread-1] INFO  segmented.SegmentedRaftLogWorker (SegmentedRaftLogWorker.java:lambda$new$0(135)) - 22018fc8-4f04-4d80-8f55-d0eb73e2f788@group-7EF152AE622F-SegmentedRaftLogWorker: safeCacheEvictIndex: setUnconditionally 0 -> -1
2023-05-03 09:48:00,768 [pool-648-thread-1] INFO  server.RaftServer$Division (RaftServerImpl.java:start(334)) - 22018fc8-4f04-4d80-8f55-d0eb73e2f788@group-7EF152AE622F: start as a follower, conf=-1: peers:[7f2c1250-5750-453f-880f-f900c696f98f|rpc:10.1.0.194:35411|dataStream:10.1.0.194:44061|priority:1|startupRole:FOLLOWER, 22018fc8-4f04-4d80-8f55-d0eb73e2f788|rpc:10.1.0.194:38059|dataStream:10.1.0.194:45663|priority:0|startupRole:FOLLOWER, ac4b8c18-80b4-4feb-9785-680d8e9d2b2c|rpc:10.1.0.194:41097|dataStream:10.1.0.194:43371|priority:0|startupRole:FOLLOWER]|listeners:[], old=null
2023-05-03 09:48:00,768 [pool-648-thread-1] INFO  server.RaftServer$Division (RaftServerImpl.java:setRole(321)) - 22018fc8-4f04-4d80-8f55-d0eb73e2f788@group-7EF152AE622F: changes role from      null to FOLLOWER at term 0 for startAsFollower
2023-05-03 09:48:00,768 [pool-648-thread-1] INFO  impl.RoleInfo (RoleInfo.java:updateAndGet(139)) - 22018fc8-4f04-4d80-8f55-d0eb73e2f788: start 22018fc8-4f04-4d80-8f55-d0eb73e2f788@group-7EF152AE622F-FollowerState
2023-05-03 09:48:00,769 [pool-648-thread-1] INFO  util.JmxRegister (JmxRegister.java:tryRegister(44)) - Successfully registered JMX Bean with object name Ratis:service=RaftServer,group=group-7EF152AE622F,id=22018fc8-4f04-4d80-8f55-d0eb73e2f788
2023-05-03 09:48:00,769 [pool-648-thread-1] INFO  server.RaftServerConfigKeys (ConfUtils.java:logGet(46)) - raft.server.snapshot.auto.trigger.enabled = true (custom)
2023-05-03 09:48:00,769 [pool-648-thread-1] INFO  server.RaftServerConfigKeys (ConfUtils.java:logGet(46)) - raft.server.snapshot.auto.trigger.threshold = 10000 (custom)
2023-05-03 09:48:00,769 [pool-648-thread-1] INFO  server.RaftServerConfigKeys (ConfUtils.java:logGet(46)) - raft.server.snapshot.retention.file.num = 5 (custom)
2023-05-03 09:48:00,769 [pool-648-thread-1] INFO  server.RaftServerConfigKeys (ConfUtils.java:logGet(46)) - raft.server.log.purge.upto.snapshot.index = false (default)
2023-05-03 09:48:00,769 [22018fc8-4f04-4d80-8f55-d0eb73e2f788@group-7EF152AE622F-FollowerState] INFO  server.RaftServerConfigKeys (ConfUtils.java:logFallback(53)) - raft.server.rpc.first-election.timeout.min = 5s (fallback to raft.server.rpc.timeout.min)
2023-05-03 09:48:00,769 [22018fc8-4f04-4d80-8f55-d0eb73e2f788@group-7EF152AE622F-FollowerState] INFO  server.RaftServerConfigKeys (ConfUtils.java:logFallback(53)) - raft.server.rpc.first-election.timeout.max = 5200ms (fallback to raft.server.rpc.timeout.max)
2023-05-03 09:48:00,781 [Command processor thread] INFO  commandhandler.CreatePipelineCommandHandler (CreatePipelineCommandHandler.java:handle(113)) - Created Pipeline RATIS THREE PipelineID=6a66d65b-20c2-431f-b22c-7ef152ae622f.
2023-05-03 09:48:00,954 [Command processor thread] INFO  server.RaftServer (RaftServerProxy.java:addNew(96)) - 22018fc8-4f04-4d80-8f55-d0eb73e2f788: addNew group-9F164D00BECF:[22018fc8-4f04-4d80-8f55-d0eb73e2f788|rpc:10.1.0.194:38059|dataStream:10.1.0.194:45663|priority:1|startupRole:FOLLOWER] returns group-9F164D00BECF:java.util.concurrent.CompletableFuture@6e64b86f[Not completed]
2023-05-03 09:48:00,955 [pool-648-thread-1] INFO  server.RaftServer$Division (RaftServerImpl.java:<init>(195)) - 22018fc8-4f04-4d80-8f55-d0eb73e2f788: new RaftServerImpl for group-9F164D00BECF:[22018fc8-4f04-4d80-8f55-d0eb73e2f788|rpc:10.1.0.194:38059|dataStream:10.1.0.194:45663|priority:1|startupRole:FOLLOWER] with ContainerStateMachine:uninitialized
2023-05-03 09:48:00,955 [pool-648-thread-1] INFO  server.RaftServerConfigKeys (ConfUtils.java:logGet(46)) - raft.server.rpc.timeout.min = 5s (custom)
2023-05-03 09:48:00,955 [pool-648-thread-1] INFO  server.RaftServerConfigKeys (ConfUtils.java:logGet(46)) - raft.server.rpc.timeout.max = 5200ms (custom)
2023-05-03 09:48:00,955 [pool-648-thread-1] INFO  server.RaftServerConfigKeys (ConfUtils.java:logGet(46)) - raft.server.rpc.sleep.time = 25ms (default)
2023-05-03 09:48:00,955 [pool-648-thread-1] INFO  server.RaftServerConfigKeys (ConfUtils.java:logGet(46)) - raft.server.rpc.slowness.timeout = 300s (custom)
2023-05-03 09:48:00,955 [pool-648-thread-1] INFO  server.RaftServerConfigKeys (ConfUtils.java:logGet(46)) - raft.server.leaderelection.leader.step-down.wait-time = 10s (default)
2023-05-03 09:48:00,955 [pool-648-thread-1] INFO  server.RaftServerConfigKeys (ConfUtils.java:logGet(46)) - raft.server.sleep.deviation.threshold = 300ms (default)
2023-05-03 09:48:00,955 [pool-648-thread-1] INFO  server.RaftServer$Division (ServerState.java:<init>(118)) - 22018fc8-4f04-4d80-8f55-d0eb73e2f788@group-9F164D00BECF: ConfigurationManager, init=-1: peers:[22018fc8-4f04-4d80-8f55-d0eb73e2f788|rpc:10.1.0.194:38059|dataStream:10.1.0.194:45663|priority:1|startupRole:FOLLOWER]|listeners:[], old=null, confs=<EMPTY_MAP>
2023-05-03 09:48:00,955 [pool-648-thread-1] INFO  server.RaftServerConfigKeys (ConfUtils.java:logGet(46)) - raft.server.storage.dir = [/home/runner/work/ozone/ozone/hadoop-ozone/integration-test/target/test-dir/MiniOzoneClusterImpl-4bec65cc-6935-45f5-a4e0-5572db01fbff/datanode-1/data/ratis] (custom)
2023-05-03 09:48:00,956 [pool-648-thread-1] INFO  server.RaftServerConfigKeys (ConfUtils.java:logGet(46)) - raft.server.log.corruption.policy = EXCEPTION (default)
2023-05-03 09:48:00,956 [pool-648-thread-1] INFO  server.RaftServerConfigKeys (ConfUtils.java:logGet(46)) - raft.server.storage.free-space.min = 0MB (=0) (default)
2023-05-03 09:48:00,956 [pool-648-thread-1] INFO  server.RaftServerConfigKeys (ConfUtils.java:logGet(46)) - raft.server.notification.no-leader.timeout = 300s (custom)
2023-05-03 09:48:00,956 [pool-648-thread-1] INFO  server.RaftServerConfigKeys (ConfUtils.java:logGet(46)) - raft.server.retrycache.expirytime = 600000ms (custom)
2023-05-03 09:48:00,956 [pool-648-thread-1] INFO  server.RaftServerConfigKeys (ConfUtils.java:logGet(46)) - raft.server.retrycache.statistics.expirytime = 100μs (default)
2023-05-03 09:48:00,956 [pool-648-thread-1] INFO  server.RaftServerConfigKeys (ConfUtils.java:logGet(46)) - raft.server.log.appender.install.snapshot.enabled = false (custom)
2023-05-03 09:48:00,956 [pool-648-thread-1] INFO  server.RaftServerConfigKeys (ConfUtils.java:logGet(46)) - raft.server.threadpool.server.cached = true (default)
2023-05-03 09:48:00,956 [pool-648-thread-1] INFO  server.RaftServerConfigKeys (ConfUtils.java:logGet(46)) - raft.server.threadpool.server.size = 0 (default)
2023-05-03 09:48:00,957 [pool-648-thread-1] INFO  server.RaftServerConfigKeys (ConfUtils.java:logGet(46)) - raft.server.threadpool.client.cached = true (default)
2023-05-03 09:48:00,957 [pool-648-thread-1] INFO  server.RaftServerConfigKeys (ConfUtils.java:logGet(46)) - raft.server.threadpool.client.size = 0 (default)
2023-05-03 09:48:00,957 [pool-648-thread-1] INFO  storage.RaftStorageDirectory (RaftStorageDirectoryImpl.java:analyzeStorage(137)) - The storage directory /home/runner/work/ozone/ozone/hadoop-ozone/integration-test/target/test-dir/MiniOzoneClusterImpl-4bec65cc-6935-45f5-a4e0-5572db01fbff/datanode-1/data/ratis/37d06274-5463-49b5-8d39-9f164d00becf does not exist. Creating ...
2023-05-03 09:48:00,958 [pool-648-thread-1] INFO  storage.RaftStorageDirectory (RaftStorageDirectoryImpl.java:tryLock(231)) - Lock on /home/runner/work/ozone/ozone/hadoop-ozone/integration-test/target/test-dir/MiniOzoneClusterImpl-4bec65cc-6935-45f5-a4e0-5572db01fbff/datanode-1/data/ratis/37d06274-5463-49b5-8d39-9f164d00becf/in_use.lock acquired by nodename 7780@fv-az139-793
2023-05-03 09:48:00,959 [pool-648-thread-1] INFO  storage.RaftStorage (RaftStorageImpl.java:format(96)) - Storage directory /home/runner/work/ozone/ozone/hadoop-ozone/integration-test/target/test-dir/MiniOzoneClusterImpl-4bec65cc-6935-45f5-a4e0-5572db01fbff/datanode-1/data/ratis/37d06274-5463-49b5-8d39-9f164d00becf has been successfully formatted.
2023-05-03 09:48:00,959 [pool-648-thread-1] INFO  ratis.ContainerStateMachine (ContainerStateMachine.java:loadSnapshot(262)) - group-9F164D00BECF: The snapshot info is null. Setting the last applied indexto:(t:0, i:~)
2023-05-03 09:48:00,959 [pool-648-thread-1] INFO  server.RaftServerConfigKeys (ConfUtils.java:logGet(46)) - raft.server.log.use.memory = false (default)
2023-05-03 09:48:00,959 [pool-648-thread-1] INFO  server.RaftServerConfigKeys (ConfUtils.java:logGet(46)) - raft.server.log.purge.gap = 1000000 (custom)
2023-05-03 09:48:00,959 [pool-648-thread-1] INFO  server.RaftServerConfigKeys (ConfUtils.java:logGet(46)) - raft.server.log.appender.buffer.byte-limit = 33554432 (custom)
2023-05-03 09:48:00,959 [pool-648-thread-1] INFO  server.RaftServerConfigKeys (ConfUtils.java:logGet(46)) - raft.server.log.statemachine.data.read.timeout = 1000ms (default)
2023-05-03 09:48:00,959 [pool-648-thread-1] INFO  server.RaftServerConfigKeys (ConfUtils.java:logGet(46)) - raft.server.log.purge.preservation.log.num = 0 (default)
2023-05-03 09:48:00,960 [pool-648-thread-1] INFO  server.RaftServerConfigKeys (ConfUtils.java:logGet(46)) - raft.server.log.segment.size.max = 1048576 (custom)
2023-05-03 09:48:00,960 [pool-648-thread-1] INFO  server.RaftServerConfigKeys (ConfUtils.java:logGet(46)) - raft.server.log.segment.cache.num.max = 2 (custom)
2023-05-03 09:48:00,960 [pool-648-thread-1] INFO  server.RaftServerConfigKeys (ConfUtils.java:logGet(46)) - raft.server.log.segment.cache.size.max = 200MB (=209715200) (default)
2023-05-03 09:48:00,960 [pool-648-thread-1] INFO  segmented.SegmentedRaftLogWorker (SegmentedRaftLogWorker.java:<init>(189)) - new 22018fc8-4f04-4d80-8f55-d0eb73e2f788@group-9F164D00BECF-SegmentedRaftLogWorker for RaftStorageImpl:Storage Directory /home/runner/work/ozone/ozone/hadoop-ozone/integration-test/target/test-dir/MiniOzoneClusterImpl-4bec65cc-6935-45f5-a4e0-5572db01fbff/datanode-1/data/ratis/37d06274-5463-49b5-8d39-9f164d00becf
2023-05-03 09:48:00,960 [EventQueue-PipelineReportForPipelineReportHandler] INFO  pipeline.PipelineManagerImpl (PipelineManagerImpl.java:openPipeline(367)) - Pipeline Pipeline[ Id: 37d06274-5463-49b5-8d39-9f164d00becf, Nodes: 22018fc8-4f04-4d80-8f55-d0eb73e2f788(fv-az139-793.t0dryja4c43urhy2nvp0adewnd.cx.internal.cloudapp.net/10.1.0.194), ReplicationConfig: RATIS/ONE, State:ALLOCATED, leaderId:22018fc8-4f04-4d80-8f55-d0eb73e2f788, CreationTimestamp2023-05-03T09:47:57.959Z[Etc/UTC]] moved to OPEN state
2023-05-03 09:48:00,961 [pool-648-thread-1] INFO  server.RaftServerConfigKeys (ConfUtils.java:logGet(46)) - raft.server.log.queue.byte-limit = 4294967296 (custom)
2023-05-03 09:48:00,961 [pool-648-thread-1] INFO  server.RaftServerConfigKeys (ConfUtils.java:logGet(46)) - raft.server.log.queue.element-limit = 1024 (custom)
2023-05-03 09:48:00,961 [pool-648-thread-1] INFO  server.RaftServerConfigKeys (ConfUtils.java:logGet(46)) - raft.server.log.segment.size.max = 1048576 (custom)
2023-05-03 09:48:00,961 [pool-648-thread-1] INFO  server.RaftServerConfigKeys (ConfUtils.java:logGet(46)) - raft.server.log.preallocated.size = 16384 (custom)
2023-05-03 09:48:00,961 [pool-648-thread-1] INFO  server.RaftServerConfigKeys (ConfUtils.java:logGet(46)) - raft.server.log.force.sync.num = 128 (default)
2023-05-03 09:48:00,961 [pool-648-thread-1] INFO  server.RaftServerConfigKeys (ConfUtils.java:logGet(46)) - raft.server.log.statemachine.data.sync = true (default)
2023-05-03 09:48:00,961 [pool-648-thread-1] INFO  server.RaftServerConfigKeys (ConfUtils.java:logGet(46)) - raft.server.log.statemachine.data.sync.timeout = 10s (default)
2023-05-03 09:48:00,961 [pool-648-thread-1] INFO  server.RaftServerConfigKeys (ConfUtils.java:logGet(46)) - raft.server.log.statemachine.data.sync.timeout.retry = -1 (default)
2023-05-03 09:48:00,961 [EventQueue-OpenPipelineForHealthyPipelineSafeModeRule] INFO  safemode.SCMSafeModeManager (HealthyPipelineSafeModeRule.java:process(137)) - SCM in safe mode. Healthy pipelines reported count is 0, required healthy pipeline reported count is 1
2023-05-03 09:48:00,961 [pool-648-thread-1] INFO  server.RaftServerConfigKeys (ConfUtils.java:logGet(46)) - raft.server.log.write.buffer.size = 1048576 (custom)
2023-05-03 09:48:00,962 [pool-648-thread-1] INFO  server.RaftServerConfigKeys (ConfUtils.java:logGet(46)) - raft.server.log.appender.buffer.byte-limit = 33554432 (custom)
2023-05-03 09:48:00,965 [pool-648-thread-1] INFO  server.RaftServerConfigKeys (ConfUtils.java:logGet(46)) - raft.server.log.unsafe-flush.enabled = false (default)
2023-05-03 09:48:00,965 [pool-648-thread-1] INFO  server.RaftServerConfigKeys (ConfUtils.java:logGet(46)) - raft.server.log.async-flush.enabled = false (default)
2023-05-03 09:48:00,965 [pool-648-thread-1] INFO  server.RaftServerConfigKeys (ConfUtils.java:logGet(46)) - raft.server.log.statemachine.data.caching.enabled = true (custom)
2023-05-03 09:48:00,966 [pool-648-thread-1] INFO  segmented.SegmentedRaftLogWorker (SegmentedRaftLogWorker.java:lambda$new$0(135)) - 22018fc8-4f04-4d80-8f55-d0eb73e2f788@group-9F164D00BECF-SegmentedRaftLogWorker: flushIndex: setUnconditionally 0 -> -1
2023-05-03 09:48:00,966 [pool-648-thread-1] INFO  segmented.SegmentedRaftLogWorker (SegmentedRaftLogWorker.java:lambda$new$0(135)) - 22018fc8-4f04-4d80-8f55-d0eb73e2f788@group-9F164D00BECF-SegmentedRaftLogWorker: safeCacheEvictIndex: setUnconditionally 0 -> -1
2023-05-03 09:48:00,968 [pool-648-thread-1] INFO  server.RaftServer$Division (RaftServerImpl.java:start(334)) - 22018fc8-4f04-4d80-8f55-d0eb73e2f788@group-9F164D00BECF: start as a follower, conf=-1: peers:[22018fc8-4f04-4d80-8f55-d0eb73e2f788|rpc:10.1.0.194:38059|dataStream:10.1.0.194:45663|priority:1|startupRole:FOLLOWER]|listeners:[], old=null
2023-05-03 09:48:00,968 [pool-648-thread-1] INFO  server.RaftServer$Division (RaftServerImpl.java:setRole(321)) - 22018fc8-4f04-4d80-8f55-d0eb73e2f788@group-9F164D00BECF: changes role from      null to FOLLOWER at term 0 for startAsFollower
2023-05-03 09:48:00,968 [pool-648-thread-1] INFO  impl.RoleInfo (RoleInfo.java:updateAndGet(139)) - 22018fc8-4f04-4d80-8f55-d0eb73e2f788: start 22018fc8-4f04-4d80-8f55-d0eb73e2f788@group-9F164D00BECF-FollowerState
2023-05-03 09:48:00,970 [pool-648-thread-1] INFO  util.JmxRegister (JmxRegister.java:tryRegister(44)) - Successfully registered JMX Bean with object name Ratis:service=RaftServer,group=group-9F164D00BECF,id=22018fc8-4f04-4d80-8f55-d0eb73e2f788
2023-05-03 09:48:00,970 [pool-648-thread-1] INFO  server.RaftServerConfigKeys (ConfUtils.java:logGet(46)) - raft.server.snapshot.auto.trigger.enabled = true (custom)
2023-05-03 09:48:00,970 [pool-648-thread-1] INFO  server.RaftServerConfigKeys (ConfUtils.java:logGet(46)) - raft.server.snapshot.auto.trigger.threshold = 10000 (custom)
2023-05-03 09:48:00,970 [pool-648-thread-1] INFO  server.RaftServerConfigKeys (ConfUtils.java:logGet(46)) - raft.server.snapshot.retention.file.num = 5 (custom)
2023-05-03 09:48:00,971 [pool-648-thread-1] INFO  server.RaftServerConfigKeys (ConfUtils.java:logGet(46)) - raft.server.log.purge.upto.snapshot.index = false (default)
2023-05-03 09:48:00,971 [22018fc8-4f04-4d80-8f55-d0eb73e2f788@group-9F164D00BECF-FollowerState] INFO  server.RaftServerConfigKeys (ConfUtils.java:logFallback(53)) - raft.server.rpc.first-election.timeout.min = 5s (fallback to raft.server.rpc.timeout.min)
2023-05-03 09:48:00,971 [22018fc8-4f04-4d80-8f55-d0eb73e2f788@group-9F164D00BECF-FollowerState] INFO  server.RaftServerConfigKeys (ConfUtils.java:logFallback(53)) - raft.server.rpc.first-election.timeout.max = 5200ms (fallback to raft.server.rpc.timeout.max)
2023-05-03 09:48:00,978 [Command processor thread] INFO  ratis.XceiverServerRatis (XceiverServerRatis.java:addGroup(806)) - Created group PipelineID=37d06274-5463-49b5-8d39-9f164d00becf
2023-05-03 09:48:00,978 [Command processor thread] INFO  commandhandler.CreatePipelineCommandHandler (CreatePipelineCommandHandler.java:handle(113)) - Created Pipeline RATIS ONE PipelineID=37d06274-5463-49b5-8d39-9f164d00becf.
2023-05-03 09:48:01,329 [Listener at 127.0.0.1/36541] INFO  ozone.MiniOzoneClusterImpl (MiniOzoneClusterImpl.java:lambda$waitForClusterToBeReady$0(223)) - Nodes are ready. Got 3 of 3 DN Heartbeats.
2023-05-03 09:48:01,329 [Listener at 127.0.0.1/36541] INFO  ozone.MiniOzoneClusterImpl (MiniOzoneClusterImpl.java:lambda$waitForClusterToBeReady$0(226)) - Waiting for cluster to exit safe mode
2023-05-03 09:48:01,329 [Listener at 127.0.0.1/36541] INFO  ozone.MiniOzoneClusterImpl (MiniOzoneClusterImpl.java:lambda$waitForClusterToBeReady$0(228)) - SCM became leader
2023-05-03 09:48:01,338 [Command processor thread] INFO  server.RaftServer (RaftServerProxy.java:addNew(96)) - 7f2c1250-5750-453f-880f-f900c696f98f: addNew group-432A0C806781:[7f2c1250-5750-453f-880f-f900c696f98f|rpc:10.1.0.194:35411|dataStream:10.1.0.194:44061|priority:1|startupRole:FOLLOWER] returns group-432A0C806781:java.util.concurrent.CompletableFuture@22e13fa4[Not completed]
2023-05-03 09:48:01,339 [pool-670-thread-1] INFO  server.RaftServer$Division (RaftServerImpl.java:<init>(195)) - 7f2c1250-5750-453f-880f-f900c696f98f: new RaftServerImpl for group-432A0C806781:[7f2c1250-5750-453f-880f-f900c696f98f|rpc:10.1.0.194:35411|dataStream:10.1.0.194:44061|priority:1|startupRole:FOLLOWER] with ContainerStateMachine:uninitialized
2023-05-03 09:48:01,339 [pool-670-thread-1] INFO  server.RaftServerConfigKeys (ConfUtils.java:logGet(46)) - raft.server.rpc.timeout.min = 5s (custom)
2023-05-03 09:48:01,339 [pool-670-thread-1] INFO  server.RaftServerConfigKeys (ConfUtils.java:logGet(46)) - raft.server.rpc.timeout.max = 5200ms (custom)
2023-05-03 09:48:01,339 [pool-670-thread-1] INFO  server.RaftServerConfigKeys (ConfUtils.java:logGet(46)) - raft.server.rpc.sleep.time = 25ms (default)
2023-05-03 09:48:01,339 [pool-670-thread-1] INFO  server.RaftServerConfigKeys (ConfUtils.java:logGet(46)) - raft.server.rpc.slowness.timeout = 300s (custom)
2023-05-03 09:48:01,339 [pool-670-thread-1] INFO  server.RaftServerConfigKeys (ConfUtils.java:logGet(46)) - raft.server.leaderelection.leader.step-down.wait-time = 10s (default)
2023-05-03 09:48:01,339 [pool-670-thread-1] INFO  server.RaftServerConfigKeys (ConfUtils.java:logGet(46)) - raft.server.sleep.deviation.threshold = 300ms (default)
2023-05-03 09:48:01,339 [pool-670-thread-1] INFO  server.RaftServer$Division (ServerState.java:<init>(118)) - 7f2c1250-5750-453f-880f-f900c696f98f@group-432A0C806781: ConfigurationManager, init=-1: peers:[7f2c1250-5750-453f-880f-f900c696f98f|rpc:10.1.0.194:35411|dataStream:10.1.0.194:44061|priority:1|startupRole:FOLLOWER]|listeners:[], old=null, confs=<EMPTY_MAP>
2023-05-03 09:48:01,339 [pool-670-thread-1] INFO  server.RaftServerConfigKeys (ConfUtils.java:logGet(46)) - raft.server.storage.dir = [/home/runner/work/ozone/ozone/hadoop-ozone/integration-test/target/test-dir/MiniOzoneClusterImpl-4bec65cc-6935-45f5-a4e0-5572db01fbff/datanode-2/data/ratis] (custom)
2023-05-03 09:48:01,339 [pool-670-thread-1] INFO  server.RaftServerConfigKeys (ConfUtils.java:logGet(46)) - raft.server.log.corruption.policy = EXCEPTION (default)
2023-05-03 09:48:01,339 [pool-670-thread-1] INFO  server.RaftServerConfigKeys (ConfUtils.java:logGet(46)) - raft.server.storage.free-space.min = 0MB (=0) (default)
2023-05-03 09:48:01,339 [pool-670-thread-1] INFO  server.RaftServerConfigKeys (ConfUtils.java:logGet(46)) - raft.server.notification.no-leader.timeout = 300s (custom)
2023-05-03 09:48:01,339 [pool-670-thread-1] INFO  server.RaftServerConfigKeys (ConfUtils.java:logGet(46)) - raft.server.retrycache.expirytime = 600000ms (custom)
2023-05-03 09:48:01,339 [pool-670-thread-1] INFO  server.RaftServerConfigKeys (ConfUtils.java:logGet(46)) - raft.server.retrycache.statistics.expirytime = 100μs (default)
2023-05-03 09:48:01,340 [pool-670-thread-1] INFO  server.RaftServerConfigKeys (ConfUtils.java:logGet(46)) - raft.server.log.appender.install.snapshot.enabled = false (custom)
2023-05-03 09:48:01,340 [pool-670-thread-1] INFO  server.RaftServerConfigKeys (ConfUtils.java:logGet(46)) - raft.server.threadpool.server.cached = true (default)
2023-05-03 09:48:01,340 [pool-670-thread-1] INFO  server.RaftServerConfigKeys (ConfUtils.java:logGet(46)) - raft.server.threadpool.server.size = 0 (default)
2023-05-03 09:48:01,340 [pool-670-thread-1] INFO  server.RaftServerConfigKeys (ConfUtils.java:logGet(46)) - raft.server.threadpool.client.cached = true (default)
2023-05-03 09:48:01,340 [pool-670-thread-1] INFO  server.RaftServerConfigKeys (ConfUtils.java:logGet(46)) - raft.server.threadpool.client.size = 0 (default)
2023-05-03 09:48:01,341 [pool-670-thread-1] INFO  storage.RaftStorageDirectory (RaftStorageDirectoryImpl.java:analyzeStorage(137)) - The storage directory /home/runner/work/ozone/ozone/hadoop-ozone/integration-test/target/test-dir/MiniOzoneClusterImpl-4bec65cc-6935-45f5-a4e0-5572db01fbff/datanode-2/data/ratis/89802633-d8db-43d0-a6a3-432a0c806781 does not exist. Creating ...
2023-05-03 09:48:01,342 [pool-670-thread-1] INFO  storage.RaftStorageDirectory (RaftStorageDirectoryImpl.java:tryLock(231)) - Lock on /home/runner/work/ozone/ozone/hadoop-ozone/integration-test/target/test-dir/MiniOzoneClusterImpl-4bec65cc-6935-45f5-a4e0-5572db01fbff/datanode-2/data/ratis/89802633-d8db-43d0-a6a3-432a0c806781/in_use.lock acquired by nodename 7780@fv-az139-793
2023-05-03 09:48:01,348 [pool-670-thread-1] INFO  storage.RaftStorage (RaftStorageImpl.java:format(96)) - Storage directory /home/runner/work/ozone/ozone/hadoop-ozone/integration-test/target/test-dir/MiniOzoneClusterImpl-4bec65cc-6935-45f5-a4e0-5572db01fbff/datanode-2/data/ratis/89802633-d8db-43d0-a6a3-432a0c806781 has been successfully formatted.
2023-05-03 09:48:01,348 [pool-670-thread-1] INFO  ratis.ContainerStateMachine (ContainerStateMachine.java:loadSnapshot(262)) - group-432A0C806781: The snapshot info is null. Setting the last applied indexto:(t:0, i:~)
2023-05-03 09:48:01,349 [pool-670-thread-1] INFO  server.RaftServerConfigKeys (ConfUtils.java:logGet(46)) - raft.server.log.use.memory = false (default)
2023-05-03 09:48:01,349 [pool-670-thread-1] INFO  server.RaftServerConfigKeys (ConfUtils.java:logGet(46)) - raft.server.log.purge.gap = 1000000 (custom)
2023-05-03 09:48:01,349 [pool-670-thread-1] INFO  server.RaftServerConfigKeys (ConfUtils.java:logGet(46)) - raft.server.log.appender.buffer.byte-limit = 33554432 (custom)
2023-05-03 09:48:01,349 [pool-670-thread-1] INFO  server.RaftServerConfigKeys (ConfUtils.java:logGet(46)) - raft.server.log.statemachine.data.read.timeout = 1000ms (default)
2023-05-03 09:48:01,349 [pool-670-thread-1] INFO  server.RaftServerConfigKeys (ConfUtils.java:logGet(46)) - raft.server.log.purge.preservation.log.num = 0 (default)
2023-05-03 09:48:01,349 [pool-670-thread-1] INFO  server.RaftServerConfigKeys (ConfUtils.java:logGet(46)) - raft.server.log.segment.size.max = 1048576 (custom)
2023-05-03 09:48:01,349 [pool-670-thread-1] INFO  server.RaftServerConfigKeys (ConfUtils.java:logGet(46)) - raft.server.log.segment.cache.num.max = 2 (custom)
2023-05-03 09:48:01,349 [pool-670-thread-1] INFO  server.RaftServerConfigKeys (ConfUtils.java:logGet(46)) - raft.server.log.segment.cache.size.max = 200MB (=209715200) (default)
2023-05-03 09:48:01,349 [pool-670-thread-1] INFO  segmented.SegmentedRaftLogWorker (SegmentedRaftLogWorker.java:<init>(189)) - new 7f2c1250-5750-453f-880f-f900c696f98f@group-432A0C806781-SegmentedRaftLogWorker for RaftStorageImpl:Storage Directory /home/runner/work/ozone/ozone/hadoop-ozone/integration-test/target/test-dir/MiniOzoneClusterImpl-4bec65cc-6935-45f5-a4e0-5572db01fbff/datanode-2/data/ratis/89802633-d8db-43d0-a6a3-432a0c806781
2023-05-03 09:48:01,349 [pool-670-thread-1] INFO  server.RaftServerConfigKeys (ConfUtils.java:logGet(46)) - raft.server.log.queue.byte-limit = 4294967296 (custom)
2023-05-03 09:48:01,349 [pool-670-thread-1] INFO  server.RaftServerConfigKeys (ConfUtils.java:logGet(46)) - raft.server.log.queue.element-limit = 1024 (custom)
2023-05-03 09:48:01,349 [pool-670-thread-1] INFO  server.RaftServerConfigKeys (ConfUtils.java:logGet(46)) - raft.server.log.segment.size.max = 1048576 (custom)
2023-05-03 09:48:01,349 [pool-670-thread-1] INFO  server.RaftServerConfigKeys (ConfUtils.java:logGet(46)) - raft.server.log.preallocated.size = 16384 (custom)
2023-05-03 09:48:01,349 [pool-670-thread-1] INFO  server.RaftServerConfigKeys (ConfUtils.java:logGet(46)) - raft.server.log.force.sync.num = 128 (default)
2023-05-03 09:48:01,349 [pool-670-thread-1] INFO  server.RaftServerConfigKeys (ConfUtils.java:logGet(46)) - raft.server.log.statemachine.data.sync = true (default)
2023-05-03 09:48:01,349 [pool-670-thread-1] INFO  server.RaftServerConfigKeys (ConfUtils.java:logGet(46)) - raft.server.log.statemachine.data.sync.timeout = 10s (default)
2023-05-03 09:48:01,349 [pool-670-thread-1] INFO  server.RaftServerConfigKeys (ConfUtils.java:logGet(46)) - raft.server.log.statemachine.data.sync.timeout.retry = -1 (default)
2023-05-03 09:48:01,350 [pool-670-thread-1] INFO  server.RaftServerConfigKeys (ConfUtils.java:logGet(46)) - raft.server.log.write.buffer.size = 1048576 (custom)
2023-05-03 09:48:01,350 [EventQueue-PipelineReportForPipelineReportHandler] INFO  pipeline.PipelineManagerImpl (PipelineManagerImpl.java:openPipeline(367)) - Pipeline Pipeline[ Id: 89802633-d8db-43d0-a6a3-432a0c806781, Nodes: 7f2c1250-5750-453f-880f-f900c696f98f(fv-az139-793.t0dryja4c43urhy2nvp0adewnd.cx.internal.cloudapp.net/10.1.0.194), ReplicationConfig: RATIS/ONE, State:ALLOCATED, leaderId:7f2c1250-5750-453f-880f-f900c696f98f, CreationTimestamp2023-05-03T09:47:58.340Z[Etc/UTC]] moved to OPEN state
2023-05-03 09:48:01,350 [pool-670-thread-1] INFO  server.RaftServerConfigKeys (ConfUtils.java:logGet(46)) - raft.server.log.appender.buffer.byte-limit = 33554432 (custom)
2023-05-03 09:48:01,351 [EventQueue-OpenPipelineForHealthyPipelineSafeModeRule] INFO  safemode.SCMSafeModeManager (HealthyPipelineSafeModeRule.java:process(137)) - SCM in safe mode. Healthy pipelines reported count is 0, required healthy pipeline reported count is 1
2023-05-03 09:48:01,356 [pool-670-thread-1] INFO  server.RaftServerConfigKeys (ConfUtils.java:logGet(46)) - raft.server.log.unsafe-flush.enabled = false (default)
2023-05-03 09:48:01,358 [pool-670-thread-1] INFO  server.RaftServerConfigKeys (ConfUtils.java:logGet(46)) - raft.server.log.async-flush.enabled = false (default)
2023-05-03 09:48:01,359 [pool-670-thread-1] INFO  server.RaftServerConfigKeys (ConfUtils.java:logGet(46)) - raft.server.log.statemachine.data.caching.enabled = true (custom)
2023-05-03 09:48:01,366 [pool-670-thread-1] INFO  segmented.SegmentedRaftLogWorker (SegmentedRaftLogWorker.java:lambda$new$0(135)) - 7f2c1250-5750-453f-880f-f900c696f98f@group-432A0C806781-SegmentedRaftLogWorker: flushIndex: setUnconditionally 0 -> -1
2023-05-03 09:48:01,366 [pool-670-thread-1] INFO  segmented.SegmentedRaftLogWorker (SegmentedRaftLogWorker.java:lambda$new$0(135)) - 7f2c1250-5750-453f-880f-f900c696f98f@group-432A0C806781-SegmentedRaftLogWorker: safeCacheEvictIndex: setUnconditionally 0 -> -1
2023-05-03 09:48:01,374 [pool-670-thread-1] INFO  server.RaftServer$Division (RaftServerImpl.java:start(334)) - 7f2c1250-5750-453f-880f-f900c696f98f@group-432A0C806781: start as a follower, conf=-1: peers:[7f2c1250-5750-453f-880f-f900c696f98f|rpc:10.1.0.194:35411|dataStream:10.1.0.194:44061|priority:1|startupRole:FOLLOWER]|listeners:[], old=null
2023-05-03 09:48:01,374 [pool-670-thread-1] INFO  server.RaftServer$Division (RaftServerImpl.java:setRole(321)) - 7f2c1250-5750-453f-880f-f900c696f98f@group-432A0C806781: changes role from      null to FOLLOWER at term 0 for startAsFollower
2023-05-03 09:48:01,374 [pool-670-thread-1] INFO  impl.RoleInfo (RoleInfo.java:updateAndGet(139)) - 7f2c1250-5750-453f-880f-f900c696f98f: start 7f2c1250-5750-453f-880f-f900c696f98f@group-432A0C806781-FollowerState
2023-05-03 09:48:01,378 [pool-670-thread-1] INFO  util.JmxRegister (JmxRegister.java:tryRegister(44)) - Successfully registered JMX Bean with object name Ratis:service=RaftServer,group=group-432A0C806781,id=7f2c1250-5750-453f-880f-f900c696f98f
2023-05-03 09:48:01,378 [pool-670-thread-1] INFO  server.RaftServerConfigKeys (ConfUtils.java:logGet(46)) - raft.server.snapshot.auto.trigger.enabled = true (custom)
2023-05-03 09:48:01,378 [pool-670-thread-1] INFO  server.RaftServerConfigKeys (ConfUtils.java:logGet(46)) - raft.server.snapshot.auto.trigger.threshold = 10000 (custom)
2023-05-03 09:48:01,378 [pool-670-thread-1] INFO  server.RaftServerConfigKeys (ConfUtils.java:logGet(46)) - raft.server.snapshot.retention.file.num = 5 (custom)
2023-05-03 09:48:01,378 [pool-670-thread-1] INFO  server.RaftServerConfigKeys (ConfUtils.java:logGet(46)) - raft.server.log.purge.upto.snapshot.index = false (default)
2023-05-03 09:48:01,378 [7f2c1250-5750-453f-880f-f900c696f98f@group-432A0C806781-FollowerState] INFO  server.RaftServerConfigKeys (ConfUtils.java:logFallback(53)) - raft.server.rpc.first-election.timeout.min = 5s (fallback to raft.server.rpc.timeout.min)
2023-05-03 09:48:01,380 [7f2c1250-5750-453f-880f-f900c696f98f@group-432A0C806781-FollowerState] INFO  server.RaftServerConfigKeys (ConfUtils.java:logFallback(53)) - raft.server.rpc.first-election.timeout.max = 5200ms (fallback to raft.server.rpc.timeout.max)
2023-05-03 09:48:01,382 [Command processor thread] INFO  ratis.XceiverServerRatis (XceiverServerRatis.java:addGroup(806)) - Created group PipelineID=89802633-d8db-43d0-a6a3-432a0c806781
2023-05-03 09:48:01,382 [Command processor thread] INFO  commandhandler.CreatePipelineCommandHandler (CreatePipelineCommandHandler.java:handle(113)) - Created Pipeline RATIS ONE PipelineID=89802633-d8db-43d0-a6a3-432a0c806781.
2023-05-03 09:48:02,330 [Listener at 127.0.0.1/36541] INFO  ozone.MiniOzoneClusterImpl (MiniOzoneClusterImpl.java:lambda$waitForClusterToBeReady$0(223)) - Nodes are ready. Got 3 of 3 DN Heartbeats.
2023-05-03 09:48:02,330 [Listener at 127.0.0.1/36541] INFO  ozone.MiniOzoneClusterImpl (MiniOzoneClusterImpl.java:lambda$waitForClusterToBeReady$0(226)) - Waiting for cluster to exit safe mode
2023-05-03 09:48:02,330 [Listener at 127.0.0.1/36541] INFO  ozone.MiniOzoneClusterImpl (MiniOzoneClusterImpl.java:lambda$waitForClusterToBeReady$0(228)) - SCM became leader
2023-05-03 09:48:03,330 [Listener at 127.0.0.1/36541] INFO  ozone.MiniOzoneClusterImpl (MiniOzoneClusterImpl.java:lambda$waitForClusterToBeReady$0(223)) - Nodes are ready. Got 3 of 3 DN Heartbeats.
2023-05-03 09:48:03,330 [Listener at 127.0.0.1/36541] INFO  ozone.MiniOzoneClusterImpl (MiniOzoneClusterImpl.java:lambda$waitForClusterToBeReady$0(226)) - Waiting for cluster to exit safe mode
2023-05-03 09:48:03,330 [Listener at 127.0.0.1/36541] INFO  ozone.MiniOzoneClusterImpl (MiniOzoneClusterImpl.java:lambda$waitForClusterToBeReady$0(228)) - SCM became leader
2023-05-03 09:48:04,330 [Listener at 127.0.0.1/36541] INFO  ozone.MiniOzoneClusterImpl (MiniOzoneClusterImpl.java:lambda$waitForClusterToBeReady$0(223)) - Nodes are ready. Got 3 of 3 DN Heartbeats.
2023-05-03 09:48:04,330 [Listener at 127.0.0.1/36541] INFO  ozone.MiniOzoneClusterImpl (MiniOzoneClusterImpl.java:lambda$waitForClusterToBeReady$0(226)) - Waiting for cluster to exit safe mode
2023-05-03 09:48:04,331 [Listener at 127.0.0.1/36541] INFO  ozone.MiniOzoneClusterImpl (MiniOzoneClusterImpl.java:lambda$waitForClusterToBeReady$0(228)) - SCM became leader
2023-05-03 09:48:05,331 [Listener at 127.0.0.1/36541] INFO  ozone.MiniOzoneClusterImpl (MiniOzoneClusterImpl.java:lambda$waitForClusterToBeReady$0(223)) - Nodes are ready. Got 3 of 3 DN Heartbeats.
2023-05-03 09:48:05,331 [Listener at 127.0.0.1/36541] INFO  ozone.MiniOzoneClusterImpl (MiniOzoneClusterImpl.java:lambda$waitForClusterToBeReady$0(226)) - Waiting for cluster to exit safe mode
2023-05-03 09:48:05,331 [Listener at 127.0.0.1/36541] INFO  ozone.MiniOzoneClusterImpl (MiniOzoneClusterImpl.java:lambda$waitForClusterToBeReady$0(228)) - SCM became leader
2023-05-03 09:48:05,704 [ac4b8c18-80b4-4feb-9785-680d8e9d2b2c@group-0349FDDDB6AE-FollowerState] INFO  impl.FollowerState (FollowerState.java:run(143)) - ac4b8c18-80b4-4feb-9785-680d8e9d2b2c@group-0349FDDDB6AE-FollowerState: change to CANDIDATE, lastRpcElapsedTime:5108645678ns, electionTimeout:5105ms
2023-05-03 09:48:05,705 [ac4b8c18-80b4-4feb-9785-680d8e9d2b2c@group-0349FDDDB6AE-FollowerState] INFO  impl.RoleInfo (RoleInfo.java:shutdownFollowerState(110)) - ac4b8c18-80b4-4feb-9785-680d8e9d2b2c: shutdown ac4b8c18-80b4-4feb-9785-680d8e9d2b2c@group-0349FDDDB6AE-FollowerState
2023-05-03 09:48:05,705 [ac4b8c18-80b4-4feb-9785-680d8e9d2b2c@group-0349FDDDB6AE-FollowerState] INFO  server.RaftServer$Division (RaftServerImpl.java:setRole(321)) - ac4b8c18-80b4-4feb-9785-680d8e9d2b2c@group-0349FDDDB6AE: changes role from  FOLLOWER to CANDIDATE at term 0 for changeToCandidate
2023-05-03 09:48:05,705 [ac4b8c18-80b4-4feb-9785-680d8e9d2b2c@group-0349FDDDB6AE-FollowerState] INFO  server.RaftServerConfigKeys (ConfUtils.java:logGet(46)) - raft.server.leaderelection.pre-vote = true (default)
2023-05-03 09:48:05,705 [ac4b8c18-80b4-4feb-9785-680d8e9d2b2c@group-0349FDDDB6AE-FollowerState] INFO  impl.RoleInfo (RoleInfo.java:updateAndGet(139)) - ac4b8c18-80b4-4feb-9785-680d8e9d2b2c: start ac4b8c18-80b4-4feb-9785-680d8e9d2b2c@group-0349FDDDB6AE-LeaderElection21
2023-05-03 09:48:05,707 [ac4b8c18-80b4-4feb-9785-680d8e9d2b2c@group-0349FDDDB6AE-LeaderElection21] INFO  impl.LeaderElection (LeaderElection.java:askForVotes(312)) - ac4b8c18-80b4-4feb-9785-680d8e9d2b2c@group-0349FDDDB6AE-LeaderElection21 PRE_VOTE round 0: submit vote requests at term 0 for -1: peers:[7f2c1250-5750-453f-880f-f900c696f98f|rpc:10.1.0.194:35411|dataStream:10.1.0.194:44061|priority:0|startupRole:FOLLOWER, 22018fc8-4f04-4d80-8f55-d0eb73e2f788|rpc:10.1.0.194:38059|dataStream:10.1.0.194:45663|priority:0|startupRole:FOLLOWER, ac4b8c18-80b4-4feb-9785-680d8e9d2b2c|rpc:10.1.0.194:41097|dataStream:10.1.0.194:43371|priority:1|startupRole:FOLLOWER]|listeners:[], old=null
2023-05-03 09:48:05,707 [ac4b8c18-80b4-4feb-9785-680d8e9d2b2c@group-0349FDDDB6AE-LeaderElection21] INFO  server.RaftServerConfigKeys (ConfUtils.java:logFallback(53)) - raft.server.rpc.first-election.timeout.min = 5s (fallback to raft.server.rpc.timeout.min)
2023-05-03 09:48:05,707 [ac4b8c18-80b4-4feb-9785-680d8e9d2b2c@group-0349FDDDB6AE-LeaderElection21] INFO  server.RaftServerConfigKeys (ConfUtils.java:logFallback(53)) - raft.server.rpc.first-election.timeout.max = 5200ms (fallback to raft.server.rpc.timeout.max)
2023-05-03 09:48:05,707 [ac4b8c18-80b4-4feb-9785-680d8e9d2b2c@group-0349FDDDB6AE-LeaderElection21-1] INFO  server.GrpcServerProtocolClient (GrpcServerProtocolClient.java:<init>(63)) - Build channel for 7f2c1250-5750-453f-880f-f900c696f98f
2023-05-03 09:48:05,707 [ac4b8c18-80b4-4feb-9785-680d8e9d2b2c@group-0349FDDDB6AE-LeaderElection21-2] INFO  server.GrpcServerProtocolClient (GrpcServerProtocolClient.java:<init>(63)) - Build channel for 22018fc8-4f04-4d80-8f55-d0eb73e2f788
2023-05-03 09:48:05,719 [grpc-default-executor-0] INFO  server.RaftServer$Division (RaftServerImpl.java:requestVote(1218)) - 7f2c1250-5750-453f-880f-f900c696f98f@group-0349FDDDB6AE: receive requestVote(PRE_VOTE, ac4b8c18-80b4-4feb-9785-680d8e9d2b2c, group-0349FDDDB6AE, 0, (t:0, i:0))
2023-05-03 09:48:05,720 [grpc-default-executor-0] INFO  impl.VoteContext (VoteContext.java:log(49)) - 7f2c1250-5750-453f-880f-f900c696f98f@group-0349FDDDB6AE-FOLLOWER: accept PRE_VOTE from ac4b8c18-80b4-4feb-9785-680d8e9d2b2c: our priority 0 <= candidate's priority 1
2023-05-03 09:48:05,720 [grpc-default-executor-0] INFO  server.RaftServer$Division (RaftServerImpl.java:requestVote(1251)) - 7f2c1250-5750-453f-880f-f900c696f98f@group-0349FDDDB6AE replies to PRE_VOTE vote request: ac4b8c18-80b4-4feb-9785-680d8e9d2b2c<-7f2c1250-5750-453f-880f-f900c696f98f#0:OK-t0. Peer's state: 7f2c1250-5750-453f-880f-f900c696f98f@group-0349FDDDB6AE:t0, leader=null, voted=, raftlog=Memoized:7f2c1250-5750-453f-880f-f900c696f98f@group-0349FDDDB6AE-SegmentedRaftLog:OPENED:c-1, conf=-1: peers:[7f2c1250-5750-453f-880f-f900c696f98f|rpc:10.1.0.194:35411|dataStream:10.1.0.194:44061|priority:0|startupRole:FOLLOWER, 22018fc8-4f04-4d80-8f55-d0eb73e2f788|rpc:10.1.0.194:38059|dataStream:10.1.0.194:45663|priority:0|startupRole:FOLLOWER, ac4b8c18-80b4-4feb-9785-680d8e9d2b2c|rpc:10.1.0.194:41097|dataStream:10.1.0.194:43371|priority:1|startupRole:FOLLOWER]|listeners:[], old=null
2023-05-03 09:48:05,721 [7f2c1250-5750-453f-880f-f900c696f98f@group-0349FDDDB6AE-FollowerState] INFO  server.RaftServerConfigKeys (ConfUtils.java:logFallback(53)) - raft.server.rpc.first-election.timeout.min = 5s (fallback to raft.server.rpc.timeout.min)
2023-05-03 09:48:05,721 [7f2c1250-5750-453f-880f-f900c696f98f@group-0349FDDDB6AE-FollowerState] INFO  server.RaftServerConfigKeys (ConfUtils.java:logFallback(53)) - raft.server.rpc.first-election.timeout.max = 5200ms (fallback to raft.server.rpc.timeout.max)
2023-05-03 09:48:05,722 [ac4b8c18-80b4-4feb-9785-680d8e9d2b2c@group-0349FDDDB6AE-LeaderElection21] INFO  impl.LeaderElection (LeaderElection.java:logAndReturn(90)) - ac4b8c18-80b4-4feb-9785-680d8e9d2b2c@group-0349FDDDB6AE-LeaderElection21: PRE_VOTE PASSED received 1 response(s) and 0 exception(s):
2023-05-03 09:48:05,722 [ac4b8c18-80b4-4feb-9785-680d8e9d2b2c@group-0349FDDDB6AE-LeaderElection21] INFO  impl.LeaderElection (LeaderElection.java:logAndReturn(94)) -   Response 0: ac4b8c18-80b4-4feb-9785-680d8e9d2b2c<-7f2c1250-5750-453f-880f-f900c696f98f#0:OK-t0
2023-05-03 09:48:05,722 [ac4b8c18-80b4-4feb-9785-680d8e9d2b2c@group-0349FDDDB6AE-LeaderElection21] INFO  impl.LeaderElection (LeaderElection.java:askForVotes(314)) - ac4b8c18-80b4-4feb-9785-680d8e9d2b2c@group-0349FDDDB6AE-LeaderElection21 PRE_VOTE round 0: result PASSED
2023-05-03 09:48:05,725 [ac4b8c18-80b4-4feb-9785-680d8e9d2b2c@group-0349FDDDB6AE-LeaderElection21] INFO  impl.LeaderElection (LeaderElection.java:askForVotes(312)) - ac4b8c18-80b4-4feb-9785-680d8e9d2b2c@group-0349FDDDB6AE-LeaderElection21 ELECTION round 0: submit vote requests at term 1 for -1: peers:[7f2c1250-5750-453f-880f-f900c696f98f|rpc:10.1.0.194:35411|dataStream:10.1.0.194:44061|priority:0|startupRole:FOLLOWER, 22018fc8-4f04-4d80-8f55-d0eb73e2f788|rpc:10.1.0.194:38059|dataStream:10.1.0.194:45663|priority:0|startupRole:FOLLOWER, ac4b8c18-80b4-4feb-9785-680d8e9d2b2c|rpc:10.1.0.194:41097|dataStream:10.1.0.194:43371|priority:1|startupRole:FOLLOWER]|listeners:[], old=null
2023-05-03 09:48:05,730 [ac4b8c18-80b4-4feb-9785-680d8e9d2b2c@group-0349FDDDB6AE-LeaderElection21] INFO  server.RaftServerConfigKeys (ConfUtils.java:logFallback(53)) - raft.server.rpc.first-election.timeout.min = 5s (fallback to raft.server.rpc.timeout.min)
2023-05-03 09:48:05,730 [ac4b8c18-80b4-4feb-9785-680d8e9d2b2c@group-0349FDDDB6AE-LeaderElection21] INFO  server.RaftServerConfigKeys (ConfUtils.java:logFallback(53)) - raft.server.rpc.first-election.timeout.max = 5200ms (fallback to raft.server.rpc.timeout.max)
2023-05-03 09:48:05,732 [grpc-default-executor-0] INFO  server.RaftServer$Division (RaftServerImpl.java:requestVote(1218)) - 7f2c1250-5750-453f-880f-f900c696f98f@group-0349FDDDB6AE: receive requestVote(ELECTION, ac4b8c18-80b4-4feb-9785-680d8e9d2b2c, group-0349FDDDB6AE, 1, (t:0, i:0))
2023-05-03 09:48:05,732 [grpc-default-executor-0] INFO  impl.VoteContext (VoteContext.java:log(49)) - 7f2c1250-5750-453f-880f-f900c696f98f@group-0349FDDDB6AE-FOLLOWER: accept ELECTION from ac4b8c18-80b4-4feb-9785-680d8e9d2b2c: our priority 0 <= candidate's priority 1
2023-05-03 09:48:05,732 [grpc-default-executor-0] INFO  server.RaftServer$Division (RaftServerImpl.java:setRole(321)) - 7f2c1250-5750-453f-880f-f900c696f98f@group-0349FDDDB6AE: changes role from  FOLLOWER to FOLLOWER at term 1 for candidate:ac4b8c18-80b4-4feb-9785-680d8e9d2b2c
2023-05-03 09:48:05,732 [grpc-default-executor-0] INFO  impl.RoleInfo (RoleInfo.java:shutdownFollowerState(110)) - 7f2c1250-5750-453f-880f-f900c696f98f: shutdown 7f2c1250-5750-453f-880f-f900c696f98f@group-0349FDDDB6AE-FollowerState
2023-05-03 09:48:05,732 [grpc-default-executor-0] INFO  impl.RoleInfo (RoleInfo.java:updateAndGet(139)) - 7f2c1250-5750-453f-880f-f900c696f98f: start 7f2c1250-5750-453f-880f-f900c696f98f@group-0349FDDDB6AE-FollowerState
2023-05-03 09:48:05,732 [7f2c1250-5750-453f-880f-f900c696f98f@group-0349FDDDB6AE-FollowerState] INFO  impl.FollowerState (FollowerState.java:run(152)) - 7f2c1250-5750-453f-880f-f900c696f98f@group-0349FDDDB6AE-FollowerState was interrupted
2023-05-03 09:48:05,733 [7f2c1250-5750-453f-880f-f900c696f98f@group-0349FDDDB6AE-FollowerState] INFO  server.RaftServerConfigKeys (ConfUtils.java:logFallback(53)) - raft.server.rpc.first-election.timeout.min = 5s (fallback to raft.server.rpc.timeout.min)
2023-05-03 09:48:05,733 [7f2c1250-5750-453f-880f-f900c696f98f@group-0349FDDDB6AE-FollowerState] INFO  server.RaftServerConfigKeys (ConfUtils.java:logFallback(53)) - raft.server.rpc.first-election.timeout.max = 5200ms (fallback to raft.server.rpc.timeout.max)
2023-05-03 09:48:05,734 [grpc-default-executor-0] INFO  server.RaftServer$Division (RaftServerImpl.java:requestVote(1251)) - 7f2c1250-5750-453f-880f-f900c696f98f@group-0349FDDDB6AE replies to ELECTION vote request: ac4b8c18-80b4-4feb-9785-680d8e9d2b2c<-7f2c1250-5750-453f-880f-f900c696f98f#0:OK-t1. Peer's state: 7f2c1250-5750-453f-880f-f900c696f98f@group-0349FDDDB6AE:t1, leader=null, voted=ac4b8c18-80b4-4feb-9785-680d8e9d2b2c, raftlog=Memoized:7f2c1250-5750-453f-880f-f900c696f98f@group-0349FDDDB6AE-SegmentedRaftLog:OPENED:c-1, conf=-1: peers:[7f2c1250-5750-453f-880f-f900c696f98f|rpc:10.1.0.194:35411|dataStream:10.1.0.194:44061|priority:0|startupRole:FOLLOWER, 22018fc8-4f04-4d80-8f55-d0eb73e2f788|rpc:10.1.0.194:38059|dataStream:10.1.0.194:45663|priority:0|startupRole:FOLLOWER, ac4b8c18-80b4-4feb-9785-680d8e9d2b2c|rpc:10.1.0.194:41097|dataStream:10.1.0.194:43371|priority:1|startupRole:FOLLOWER]|listeners:[], old=null
2023-05-03 09:48:05,735 [ac4b8c18-80b4-4feb-9785-680d8e9d2b2c@group-0349FDDDB6AE-LeaderElection21] INFO  impl.LeaderElection (LeaderElection.java:logAndReturn(90)) - ac4b8c18-80b4-4feb-9785-680d8e9d2b2c@group-0349FDDDB6AE-LeaderElection21: ELECTION PASSED received 1 response(s) and 0 exception(s):
2023-05-03 09:48:05,735 [ac4b8c18-80b4-4feb-9785-680d8e9d2b2c@group-0349FDDDB6AE-LeaderElection21] INFO  impl.LeaderElection (LeaderElection.java:logAndReturn(94)) -   Response 0: ac4b8c18-80b4-4feb-9785-680d8e9d2b2c<-7f2c1250-5750-453f-880f-f900c696f98f#0:OK-t1
2023-05-03 09:48:05,735 [ac4b8c18-80b4-4feb-9785-680d8e9d2b2c@group-0349FDDDB6AE-LeaderElection21] INFO  impl.LeaderElection (LeaderElection.java:askForVotes(314)) - ac4b8c18-80b4-4feb-9785-680d8e9d2b2c@group-0349FDDDB6AE-LeaderElection21 ELECTION round 0: result PASSED
2023-05-03 09:48:05,735 [ac4b8c18-80b4-4feb-9785-680d8e9d2b2c@group-0349FDDDB6AE-LeaderElection21] INFO  impl.RoleInfo (RoleInfo.java:shutdownLeaderElection(130)) - ac4b8c18-80b4-4feb-9785-680d8e9d2b2c: shutdown ac4b8c18-80b4-4feb-9785-680d8e9d2b2c@group-0349FDDDB6AE-LeaderElection21
2023-05-03 09:48:05,735 [ac4b8c18-80b4-4feb-9785-680d8e9d2b2c@group-0349FDDDB6AE-LeaderElection21] INFO  server.RaftServer$Division (RaftServerImpl.java:setRole(321)) - ac4b8c18-80b4-4feb-9785-680d8e9d2b2c@group-0349FDDDB6AE: changes role from CANDIDATE to LEADER at term 1 for changeToLeader
2023-05-03 09:48:05,735 [ac4b8c18-80b4-4feb-9785-680d8e9d2b2c@group-0349FDDDB6AE-LeaderElection21] INFO  ratis.XceiverServerRatis (XceiverServerRatis.java:handleLeaderChangedNotification(904)) - Leader change notification received for group: group-0349FDDDB6AE with new leaderId: ac4b8c18-80b4-4feb-9785-680d8e9d2b2c
2023-05-03 09:48:05,735 [ac4b8c18-80b4-4feb-9785-680d8e9d2b2c@group-0349FDDDB6AE-LeaderElection21] INFO  server.RaftServer$Division (ServerState.java:setLeader(313)) - ac4b8c18-80b4-4feb-9785-680d8e9d2b2c@group-0349FDDDB6AE: change Leader from null to ac4b8c18-80b4-4feb-9785-680d8e9d2b2c at term 1 for becomeLeader, leader elected after 5153ms
2023-05-03 09:48:05,735 [ac4b8c18-80b4-4feb-9785-680d8e9d2b2c@group-0349FDDDB6AE-LeaderElection21] INFO  server.RaftServerConfigKeys (ConfUtils.java:logGet(46)) - raft.server.staging.catchup.gap = 1000 (default)
2023-05-03 09:48:05,735 [ac4b8c18-80b4-4feb-9785-680d8e9d2b2c@group-0349FDDDB6AE-LeaderElection21] INFO  server.RaftServerConfigKeys (ConfUtils.java:logGet(46)) - raft.server.write.element-limit = 1024 (custom)
2023-05-03 09:48:05,735 [ac4b8c18-80b4-4feb-9785-680d8e9d2b2c@group-0349FDDDB6AE-LeaderElection21] INFO  server.RaftServerConfigKeys (ConfUtils.java:logGet(46)) - raft.server.write.byte-limit = 1024 M (=1073741824) (custom)
2023-05-03 09:48:05,736 [ac4b8c18-80b4-4feb-9785-680d8e9d2b2c@group-0349FDDDB6AE-LeaderElection21] INFO  server.RaftServerConfigKeys (ConfUtils.java:logGet(46)) - raft.server.watch.timeout = 180s (custom)
2023-05-03 09:48:05,736 [ac4b8c18-80b4-4feb-9785-680d8e9d2b2c@group-0349FDDDB6AE-LeaderElection21] INFO  server.RaftServerConfigKeys (ConfUtils.java:logGet(46)) - raft.server.watch.timeout.denomination = 1s (default)
2023-05-03 09:48:05,736 [ac4b8c18-80b4-4feb-9785-680d8e9d2b2c@group-0349FDDDB6AE-LeaderElection21] INFO  server.RaftServerConfigKeys (ConfUtils.java:logGet(46)) - raft.server.watch.element-limit = 65536 (default)
2023-05-03 09:48:05,736 [ac4b8c18-80b4-4feb-9785-680d8e9d2b2c@group-0349FDDDB6AE-LeaderElection21] INFO  server.RaftServerConfigKeys (ConfUtils.java:logGet(46)) - raft.server.write.element-limit = 1024 (custom)
2023-05-03 09:48:05,736 [ac4b8c18-80b4-4feb-9785-680d8e9d2b2c@group-0349FDDDB6AE-LeaderElection21] INFO  server.RaftServerConfigKeys (ConfUtils.java:logGet(46)) - raft.server.write.follower.gap.ratio.max = -1.0 (default)
2023-05-03 09:48:05,736 [ac4b8c18-80b4-4feb-9785-680d8e9d2b2c@group-0349FDDDB6AE-LeaderElection21] INFO  server.RaftServerConfigKeys (ConfUtils.java:logGet(46)) - raft.server.log.appender.snapshot.chunk.size.max = 16MB (=16777216) (default)
2023-05-03 09:48:05,736 [ac4b8c18-80b4-4feb-9785-680d8e9d2b2c@group-0349FDDDB6AE-LeaderElection21] INFO  server.RaftServerConfigKeys (ConfUtils.java:logGet(46)) - raft.server.log.appender.buffer.byte-limit = 33554432 (custom)
2023-05-03 09:48:05,736 [ac4b8c18-80b4-4feb-9785-680d8e9d2b2c@group-0349FDDDB6AE-LeaderElection21] INFO  server.RaftServerConfigKeys (ConfUtils.java:logGet(46)) - raft.server.log.appender.buffer.element-limit = 1 (custom)
2023-05-03 09:48:05,736 [ac4b8c18-80b4-4feb-9785-680d8e9d2b2c@group-0349FDDDB6AE-LeaderElection21] INFO  grpc.GrpcConfigKeys (ConfUtils.java:logGet(46)) - raft.grpc.server.leader.outstanding.appends.max = 128 (default)
2023-05-03 09:48:05,736 [ac4b8c18-80b4-4feb-9785-680d8e9d2b2c@group-0349FDDDB6AE-LeaderElection21] INFO  server.RaftServerConfigKeys (ConfUtils.java:logGet(46)) - raft.server.rpc.request.timeout = 60s (custom)
2023-05-03 09:48:05,736 [ac4b8c18-80b4-4feb-9785-680d8e9d2b2c@group-0349FDDDB6AE-LeaderElection21] INFO  server.RaftServerConfigKeys (ConfUtils.java:logGet(46)) - raft.server.log.appender.install.snapshot.enabled = false (custom)
2023-05-03 09:48:05,736 [ac4b8c18-80b4-4feb-9785-680d8e9d2b2c@group-0349FDDDB6AE-LeaderElection21] INFO  grpc.GrpcConfigKeys (ConfUtils.java:logGet(46)) - raft.grpc.server.heartbeat.channel = true (default)
2023-05-03 09:48:05,736 [ac4b8c18-80b4-4feb-9785-680d8e9d2b2c@group-0349FDDDB6AE-LeaderElection21] INFO  server.RaftServerConfigKeys (ConfUtils.java:logGet(46)) - raft.server.log.appender.wait-time.min = 10ms (default)
2023-05-03 09:48:05,737 [ac4b8c18-80b4-4feb-9785-680d8e9d2b2c@group-0349FDDDB6AE-LeaderElection21] INFO  server.RaftServerConfigKeys (ConfUtils.java:logGet(46)) - raft.server.log.appender.snapshot.chunk.size.max = 16MB (=16777216) (default)
2023-05-03 09:48:05,737 [ac4b8c18-80b4-4feb-9785-680d8e9d2b2c@group-0349FDDDB6AE-LeaderElection21] INFO  server.RaftServerConfigKeys (ConfUtils.java:logGet(46)) - raft.server.log.appender.buffer.byte-limit = 33554432 (custom)
2023-05-03 09:48:05,737 [ac4b8c18-80b4-4feb-9785-680d8e9d2b2c@group-0349FDDDB6AE-LeaderElection21] INFO  server.RaftServerConfigKeys (ConfUtils.java:logGet(46)) - raft.server.log.appender.buffer.element-limit = 1 (custom)
2023-05-03 09:48:05,737 [ac4b8c18-80b4-4feb-9785-680d8e9d2b2c@group-0349FDDDB6AE-LeaderElection21] INFO  grpc.GrpcConfigKeys (ConfUtils.java:logGet(46)) - raft.grpc.server.leader.outstanding.appends.max = 128 (default)
2023-05-03 09:48:05,737 [ac4b8c18-80b4-4feb-9785-680d8e9d2b2c@group-0349FDDDB6AE-LeaderElection21] INFO  server.RaftServerConfigKeys (ConfUtils.java:logGet(46)) - raft.server.rpc.request.timeout = 60s (custom)
2023-05-03 09:48:05,737 [ac4b8c18-80b4-4feb-9785-680d8e9d2b2c@group-0349FDDDB6AE-LeaderElection21] INFO  server.RaftServerConfigKeys (ConfUtils.java:logGet(46)) - raft.server.log.appender.install.snapshot.enabled = false (custom)
2023-05-03 09:48:05,737 [ac4b8c18-80b4-4feb-9785-680d8e9d2b2c@group-0349FDDDB6AE-LeaderElection21] INFO  grpc.GrpcConfigKeys (ConfUtils.java:logGet(46)) - raft.grpc.server.heartbeat.channel = true (default)
2023-05-03 09:48:05,737 [ac4b8c18-80b4-4feb-9785-680d8e9d2b2c@group-0349FDDDB6AE-LeaderElection21] INFO  server.RaftServerConfigKeys (ConfUtils.java:logGet(46)) - raft.server.log.appender.wait-time.min = 10ms (default)
2023-05-03 09:48:05,737 [ac4b8c18-80b4-4feb-9785-680d8e9d2b2c@group-0349FDDDB6AE-LeaderElection21] INFO  impl.RoleInfo (RoleInfo.java:updateAndGet(139)) - ac4b8c18-80b4-4feb-9785-680d8e9d2b2c: start ac4b8c18-80b4-4feb-9785-680d8e9d2b2c@group-0349FDDDB6AE-LeaderStateImpl
2023-05-03 09:48:05,737 [ac4b8c18-80b4-4feb-9785-680d8e9d2b2c@group-0349FDDDB6AE-LeaderElection21] INFO  segmented.SegmentedRaftLogWorker (SegmentedRaftLogWorker.java:startLogSegment(452)) - ac4b8c18-80b4-4feb-9785-680d8e9d2b2c@group-0349FDDDB6AE-SegmentedRaftLogWorker: Starting segment from index:0
2023-05-03 09:48:05,738 [grpc-default-executor-1] INFO  server.RaftServer$Division (RaftServerImpl.java:requestVote(1218)) - 22018fc8-4f04-4d80-8f55-d0eb73e2f788@group-0349FDDDB6AE: receive requestVote(PRE_VOTE, ac4b8c18-80b4-4feb-9785-680d8e9d2b2c, group-0349FDDDB6AE, 0, (t:0, i:0))
2023-05-03 09:48:05,738 [grpc-default-executor-1] INFO  impl.VoteContext (VoteContext.java:log(49)) - 22018fc8-4f04-4d80-8f55-d0eb73e2f788@group-0349FDDDB6AE-FOLLOWER: accept PRE_VOTE from ac4b8c18-80b4-4feb-9785-680d8e9d2b2c: our priority 0 <= candidate's priority 1
2023-05-03 09:48:05,738 [grpc-default-executor-1] INFO  server.RaftServer$Division (RaftServerImpl.java:requestVote(1251)) - 22018fc8-4f04-4d80-8f55-d0eb73e2f788@group-0349FDDDB6AE replies to PRE_VOTE vote request: ac4b8c18-80b4-4feb-9785-680d8e9d2b2c<-22018fc8-4f04-4d80-8f55-d0eb73e2f788#0:OK-t0. Peer's state: 22018fc8-4f04-4d80-8f55-d0eb73e2f788@group-0349FDDDB6AE:t0, leader=null, voted=, raftlog=Memoized:22018fc8-4f04-4d80-8f55-d0eb73e2f788@group-0349FDDDB6AE-SegmentedRaftLog:OPENED:c-1, conf=-1: peers:[7f2c1250-5750-453f-880f-f900c696f98f|rpc:10.1.0.194:35411|dataStream:10.1.0.194:44061|priority:0|startupRole:FOLLOWER, 22018fc8-4f04-4d80-8f55-d0eb73e2f788|rpc:10.1.0.194:38059|dataStream:10.1.0.194:45663|priority:0|startupRole:FOLLOWER, ac4b8c18-80b4-4feb-9785-680d8e9d2b2c|rpc:10.1.0.194:41097|dataStream:10.1.0.194:43371|priority:1|startupRole:FOLLOWER]|listeners:[], old=null
2023-05-03 09:48:05,740 [ac4b8c18-80b4-4feb-9785-680d8e9d2b2c@group-943A61C87F2E-FollowerState] INFO  impl.FollowerState (FollowerState.java:run(143)) - ac4b8c18-80b4-4feb-9785-680d8e9d2b2c@group-943A61C87F2E-FollowerState: change to CANDIDATE, lastRpcElapsedTime:5168997367ns, electionTimeout:5162ms
2023-05-03 09:48:05,741 [ac4b8c18-80b4-4feb-9785-680d8e9d2b2c@group-943A61C87F2E-FollowerState] INFO  impl.RoleInfo (RoleInfo.java:shutdownFollowerState(110)) - ac4b8c18-80b4-4feb-9785-680d8e9d2b2c: shutdown ac4b8c18-80b4-4feb-9785-680d8e9d2b2c@group-943A61C87F2E-FollowerState
2023-05-03 09:48:05,741 [ac4b8c18-80b4-4feb-9785-680d8e9d2b2c@group-943A61C87F2E-FollowerState] INFO  server.RaftServer$Division (RaftServerImpl.java:setRole(321)) - ac4b8c18-80b4-4feb-9785-680d8e9d2b2c@group-943A61C87F2E: changes role from  FOLLOWER to CANDIDATE at term 0 for changeToCandidate
2023-05-03 09:48:05,741 [ac4b8c18-80b4-4feb-9785-680d8e9d2b2c@group-943A61C87F2E-FollowerState] INFO  server.RaftServerConfigKeys (ConfUtils.java:logGet(46)) - raft.server.leaderelection.pre-vote = true (default)
2023-05-03 09:48:05,741 [ac4b8c18-80b4-4feb-9785-680d8e9d2b2c@group-943A61C87F2E-FollowerState] INFO  impl.RoleInfo (RoleInfo.java:updateAndGet(139)) - ac4b8c18-80b4-4feb-9785-680d8e9d2b2c: start ac4b8c18-80b4-4feb-9785-680d8e9d2b2c@group-943A61C87F2E-LeaderElection22
2023-05-03 09:48:05,747 [ac4b8c18-80b4-4feb-9785-680d8e9d2b2c@group-0349FDDDB6AE-LeaderElection21] INFO  server.RaftServer$Division (ServerState.java:setRaftConf(430)) - ac4b8c18-80b4-4feb-9785-680d8e9d2b2c@group-0349FDDDB6AE: set configuration 0: peers:[7f2c1250-5750-453f-880f-f900c696f98f|rpc:10.1.0.194:35411|dataStream:10.1.0.194:44061|priority:0|startupRole:FOLLOWER, 22018fc8-4f04-4d80-8f55-d0eb73e2f788|rpc:10.1.0.194:38059|dataStream:10.1.0.194:45663|priority:0|startupRole:FOLLOWER, ac4b8c18-80b4-4feb-9785-680d8e9d2b2c|rpc:10.1.0.194:41097|dataStream:10.1.0.194:43371|priority:1|startupRole:FOLLOWER]|listeners:[], old=null
2023-05-03 09:48:05,748 [EventQueue-PipelineReportForPipelineReportHandler] INFO  pipeline.PipelineManagerImpl (PipelineManagerImpl.java:openPipeline(367)) - Pipeline Pipeline[ Id: b16bc958-938d-45ed-9243-0349fdddb6ae, Nodes: ac4b8c18-80b4-4feb-9785-680d8e9d2b2c(fv-az139-793.t0dryja4c43urhy2nvp0adewnd.cx.internal.cloudapp.net/10.1.0.194)22018fc8-4f04-4d80-8f55-d0eb73e2f788(fv-az139-793.t0dryja4c43urhy2nvp0adewnd.cx.internal.cloudapp.net/10.1.0.194)7f2c1250-5750-453f-880f-f900c696f98f(fv-az139-793.t0dryja4c43urhy2nvp0adewnd.cx.internal.cloudapp.net/10.1.0.194), ReplicationConfig: RATIS/THREE, State:ALLOCATED, leaderId:ac4b8c18-80b4-4feb-9785-680d8e9d2b2c, CreationTimestamp2023-05-03T09:47:58.341Z[Etc/UTC]] moved to OPEN state
2023-05-03 09:48:05,749 [EventQueue-OpenPipelineForHealthyPipelineSafeModeRule] INFO  safemode.SCMSafeModeManager (HealthyPipelineSafeModeRule.java:process(137)) - SCM in safe mode. Healthy pipelines reported count is 1, required healthy pipeline reported count is 1
2023-05-03 09:48:05,749 [EventQueue-OpenPipelineForHealthyPipelineSafeModeRule] INFO  safemode.SCMSafeModeManager (SCMSafeModeManager.java:validateSafeModeExitRules(200)) - HealthyPipelineSafeModeRule rule is successfully validated
2023-05-03 09:48:05,749 [EventQueue-OpenPipelineForHealthyPipelineSafeModeRule] INFO  safemode.SCMSafeModeManager (SCMSafeModeManager.java:validateSafeModeExitRules(215)) - ScmSafeModeManager, all rules are successfully validated
2023-05-03 09:48:05,749 [EventQueue-OpenPipelineForHealthyPipelineSafeModeRule] INFO  safemode.SCMSafeModeManager (SCMSafeModeManager.java:exitSafeMode(244)) - SCM exiting safe mode.
2023-05-03 09:48:05,749 [EventQueue-OpenPipelineForHealthyPipelineSafeModeRule] INFO  ha.SCMContext (SCMContext.java:updateSafeModeStatus(228)) - Update SafeModeStatus from SafeModeStatus{safeModeStatus=true, preCheckPassed=true} to SafeModeStatus{safeModeStatus=false, preCheckPassed=true}.
2023-05-03 09:48:05,749 [EventQueue-OpenPipelineForHealthyPipelineSafeModeRule] INFO  pipeline.BackgroundPipelineCreator (BackgroundPipelineCreator.java:notifyStatusChanged(254)) - Service BackgroundPipelineCreator transitions to RUNNING.
2023-05-03 09:48:05,749 [EventQueue-OpenPipelineForHealthyPipelineSafeModeRule] INFO  BackgroundPipelineScrubber (BackgroundSCMService.java:notifyStatusChanged(82)) - Service BackgroundPipelineScrubber transitions to RUNNING.
2023-05-03 09:48:05,749 [EventQueue-OpenPipelineForHealthyPipelineSafeModeRule] INFO  ExpiredContainerReplicaOpScrubber (BackgroundSCMService.java:notifyStatusChanged(82)) - Service ExpiredContainerReplicaOpScrubber transitions to RUNNING.
2023-05-03 09:48:05,749 [EventQueue-OpenPipelineForHealthyPipelineSafeModeRule] INFO  replication.ReplicationManager (ReplicationManager.java:notifyStatusChanged(1367)) - Service ReplicationManager transitions to RUNNING.
2023-05-03 09:48:05,749 [EventQueue-OpenPipelineForHealthyPipelineSafeModeRule] WARN  balancer.ContainerBalancer (ContainerBalancer.java:shouldRun(132)) - Could not find persisted configuration for ContainerBalancer when checking if ContainerBalancer should run. ContainerBalancer should not run now.
2023-05-03 09:48:05,751 [grpc-default-executor-0] INFO  server.RaftServer$Division (RaftServerImpl.java:requestVote(1218)) - 22018fc8-4f04-4d80-8f55-d0eb73e2f788@group-0349FDDDB6AE: receive requestVote(ELECTION, ac4b8c18-80b4-4feb-9785-680d8e9d2b2c, group-0349FDDDB6AE, 1, (t:0, i:0))
2023-05-03 09:48:05,755 [grpc-default-executor-0] INFO  impl.VoteContext (VoteContext.java:log(49)) - 22018fc8-4f04-4d80-8f55-d0eb73e2f788@group-0349FDDDB6AE-FOLLOWER: accept ELECTION from ac4b8c18-80b4-4feb-9785-680d8e9d2b2c: our priority 0 <= candidate's priority 1
2023-05-03 09:48:05,755 [grpc-default-executor-0] INFO  server.RaftServer$Division (RaftServerImpl.java:setRole(321)) - 22018fc8-4f04-4d80-8f55-d0eb73e2f788@group-0349FDDDB6AE: changes role from  FOLLOWER to FOLLOWER at term 1 for candidate:ac4b8c18-80b4-4feb-9785-680d8e9d2b2c
2023-05-03 09:48:05,755 [grpc-default-executor-0] INFO  impl.RoleInfo (RoleInfo.java:shutdownFollowerState(110)) - 22018fc8-4f04-4d80-8f55-d0eb73e2f788: shutdown 22018fc8-4f04-4d80-8f55-d0eb73e2f788@group-0349FDDDB6AE-FollowerState
2023-05-03 09:48:05,755 [grpc-default-executor-0] INFO  impl.RoleInfo (RoleInfo.java:updateAndGet(139)) - 22018fc8-4f04-4d80-8f55-d0eb73e2f788: start 22018fc8-4f04-4d80-8f55-d0eb73e2f788@group-0349FDDDB6AE-FollowerState
2023-05-03 09:48:05,755 [22018fc8-4f04-4d80-8f55-d0eb73e2f788@group-0349FDDDB6AE-FollowerState] INFO  impl.FollowerState (FollowerState.java:run(152)) - 22018fc8-4f04-4d80-8f55-d0eb73e2f788@group-0349FDDDB6AE-FollowerState was interrupted
2023-05-03 09:48:05,756 [ac4b8c18-80b4-4feb-9785-680d8e9d2b2c@group-0349FDDDB6AE-SegmentedRaftLogWorker] INFO  segmented.SegmentedRaftLogWorker (SegmentedRaftLogWorker.java:execute(656)) - ac4b8c18-80b4-4feb-9785-680d8e9d2b2c@group-0349FDDDB6AE-SegmentedRaftLogWorker: created new log segment /home/runner/work/ozone/ozone/hadoop-ozone/integration-test/target/test-dir/MiniOzoneClusterImpl-4bec65cc-6935-45f5-a4e0-5572db01fbff/datanode-0/data/ratis/b16bc958-938d-45ed-9243-0349fdddb6ae/current/log_inprogress_0
2023-05-03 09:48:05,760 [22018fc8-4f04-4d80-8f55-d0eb73e2f788@group-0349FDDDB6AE-FollowerState] INFO  server.RaftServerConfigKeys (ConfUtils.java:logFallback(53)) - raft.server.rpc.first-election.timeout.min = 5s (fallback to raft.server.rpc.timeout.min)
2023-05-03 09:48:05,760 [22018fc8-4f04-4d80-8f55-d0eb73e2f788@group-0349FDDDB6AE-FollowerState] INFO  server.RaftServerConfigKeys (ConfUtils.java:logFallback(53)) - raft.server.rpc.first-election.timeout.max = 5200ms (fallback to raft.server.rpc.timeout.max)
2023-05-03 09:48:05,761 [grpc-default-executor-0] INFO  server.RaftServer$Division (RaftServerImpl.java:requestVote(1251)) - 22018fc8-4f04-4d80-8f55-d0eb73e2f788@group-0349FDDDB6AE replies to ELECTION vote request: ac4b8c18-80b4-4feb-9785-680d8e9d2b2c<-22018fc8-4f04-4d80-8f55-d0eb73e2f788#0:OK-t1. Peer's state: 22018fc8-4f04-4d80-8f55-d0eb73e2f788@group-0349FDDDB6AE:t1, leader=null, voted=ac4b8c18-80b4-4feb-9785-680d8e9d2b2c, raftlog=Memoized:22018fc8-4f04-4d80-8f55-d0eb73e2f788@group-0349FDDDB6AE-SegmentedRaftLog:OPENED:c-1, conf=-1: peers:[7f2c1250-5750-453f-880f-f900c696f98f|rpc:10.1.0.194:35411|dataStream:10.1.0.194:44061|priority:0|startupRole:FOLLOWER, 22018fc8-4f04-4d80-8f55-d0eb73e2f788|rpc:10.1.0.194:38059|dataStream:10.1.0.194:45663|priority:0|startupRole:FOLLOWER, ac4b8c18-80b4-4feb-9785-680d8e9d2b2c|rpc:10.1.0.194:41097|dataStream:10.1.0.194:43371|priority:1|startupRole:FOLLOWER]|listeners:[], old=null
2023-05-03 09:48:05,771 [ac4b8c18-80b4-4feb-9785-680d8e9d2b2c@group-943A61C87F2E-LeaderElection22] INFO  impl.LeaderElection (LeaderElection.java:askForVotes(312)) - ac4b8c18-80b4-4feb-9785-680d8e9d2b2c@group-943A61C87F2E-LeaderElection22 PRE_VOTE round 0: submit vote requests at term 0 for -1: peers:[ac4b8c18-80b4-4feb-9785-680d8e9d2b2c|rpc:10.1.0.194:41097|dataStream:10.1.0.194:43371|priority:1|startupRole:FOLLOWER]|listeners:[], old=null
2023-05-03 09:48:05,771 [ac4b8c18-80b4-4feb-9785-680d8e9d2b2c@group-943A61C87F2E-LeaderElection22] INFO  impl.LeaderElection (LeaderElection.java:askForVotes(314)) - ac4b8c18-80b4-4feb-9785-680d8e9d2b2c@group-943A61C87F2E-LeaderElection22 PRE_VOTE round 0: result PASSED (term=0)
2023-05-03 09:48:05,772 [ac4b8c18-80b4-4feb-9785-680d8e9d2b2c@group-943A61C87F2E-LeaderElection22] INFO  impl.LeaderElection (LeaderElection.java:askForVotes(312)) - ac4b8c18-80b4-4feb-9785-680d8e9d2b2c@group-943A61C87F2E-LeaderElection22 ELECTION round 0: submit vote requests at term 1 for -1: peers:[ac4b8c18-80b4-4feb-9785-680d8e9d2b2c|rpc:10.1.0.194:41097|dataStream:10.1.0.194:43371|priority:1|startupRole:FOLLOWER]|listeners:[], old=null
2023-05-03 09:48:05,772 [ac4b8c18-80b4-4feb-9785-680d8e9d2b2c@group-943A61C87F2E-LeaderElection22] INFO  impl.LeaderElection (LeaderElection.java:askForVotes(314)) - ac4b8c18-80b4-4feb-9785-680d8e9d2b2c@group-943A61C87F2E-LeaderElection22 ELECTION round 0: result PASSED (term=1)
2023-05-03 09:48:05,772 [ac4b8c18-80b4-4feb-9785-680d8e9d2b2c@group-943A61C87F2E-LeaderElection22] INFO  impl.RoleInfo (RoleInfo.java:shutdownLeaderElection(130)) - ac4b8c18-80b4-4feb-9785-680d8e9d2b2c: shutdown ac4b8c18-80b4-4feb-9785-680d8e9d2b2c@group-943A61C87F2E-LeaderElection22
2023-05-03 09:48:05,772 [ac4b8c18-80b4-4feb-9785-680d8e9d2b2c@group-943A61C87F2E-LeaderElection22] INFO  server.RaftServer$Division (RaftServerImpl.java:setRole(321)) - ac4b8c18-80b4-4feb-9785-680d8e9d2b2c@group-943A61C87F2E: changes role from CANDIDATE to LEADER at term 1 for changeToLeader
2023-05-03 09:48:05,772 [ac4b8c18-80b4-4feb-9785-680d8e9d2b2c@group-943A61C87F2E-LeaderElection22] INFO  ratis.XceiverServerRatis (XceiverServerRatis.java:handleLeaderChangedNotification(904)) - Leader change notification received for group: group-943A61C87F2E with new leaderId: ac4b8c18-80b4-4feb-9785-680d8e9d2b2c
2023-05-03 09:48:05,772 [ac4b8c18-80b4-4feb-9785-680d8e9d2b2c@group-943A61C87F2E-LeaderElection22] INFO  server.RaftServer$Division (ServerState.java:setLeader(313)) - ac4b8c18-80b4-4feb-9785-680d8e9d2b2c@group-943A61C87F2E: change Leader from null to ac4b8c18-80b4-4feb-9785-680d8e9d2b2c at term 1 for becomeLeader, leader elected after 5223ms
2023-05-03 09:48:05,772 [ac4b8c18-80b4-4feb-9785-680d8e9d2b2c@group-943A61C87F2E-LeaderElection22] INFO  server.RaftServerConfigKeys (ConfUtils.java:logGet(46)) - raft.server.staging.catchup.gap = 1000 (default)
2023-05-03 09:48:05,772 [ac4b8c18-80b4-4feb-9785-680d8e9d2b2c@group-943A61C87F2E-LeaderElection22] INFO  server.RaftServerConfigKeys (ConfUtils.java:logGet(46)) - raft.server.write.element-limit = 1024 (custom)
2023-05-03 09:48:05,772 [ac4b8c18-80b4-4feb-9785-680d8e9d2b2c@group-943A61C87F2E-LeaderElection22] INFO  server.RaftServerConfigKeys (ConfUtils.java:logGet(46)) - raft.server.write.byte-limit = 1024 M (=1073741824) (custom)
2023-05-03 09:48:05,773 [ac4b8c18-80b4-4feb-9785-680d8e9d2b2c@group-943A61C87F2E-LeaderElection22] INFO  server.RaftServerConfigKeys (ConfUtils.java:logGet(46)) - raft.server.watch.timeout = 180s (custom)
2023-05-03 09:48:05,773 [ac4b8c18-80b4-4feb-9785-680d8e9d2b2c@group-943A61C87F2E-LeaderElection22] INFO  server.RaftServerConfigKeys (ConfUtils.java:logGet(46)) - raft.server.watch.timeout.denomination = 1s (default)
2023-05-03 09:48:05,773 [ac4b8c18-80b4-4feb-9785-680d8e9d2b2c@group-943A61C87F2E-LeaderElection22] INFO  server.RaftServerConfigKeys (ConfUtils.java:logGet(46)) - raft.server.watch.element-limit = 65536 (default)
2023-05-03 09:48:05,773 [ac4b8c18-80b4-4feb-9785-680d8e9d2b2c@group-943A61C87F2E-LeaderElection22] INFO  server.RaftServerConfigKeys (ConfUtils.java:logGet(46)) - raft.server.write.element-limit = 1024 (custom)
2023-05-03 09:48:05,773 [ac4b8c18-80b4-4feb-9785-680d8e9d2b2c@group-943A61C87F2E-LeaderElection22] INFO  server.RaftServerConfigKeys (ConfUtils.java:logGet(46)) - raft.server.write.follower.gap.ratio.max = -1.0 (default)
2023-05-03 09:48:05,773 [ac4b8c18-80b4-4feb-9785-680d8e9d2b2c@group-943A61C87F2E-LeaderElection22] INFO  impl.RoleInfo (RoleInfo.java:updateAndGet(139)) - ac4b8c18-80b4-4feb-9785-680d8e9d2b2c: start ac4b8c18-80b4-4feb-9785-680d8e9d2b2c@group-943A61C87F2E-LeaderStateImpl
2023-05-03 09:48:05,773 [ac4b8c18-80b4-4feb-9785-680d8e9d2b2c@group-943A61C87F2E-LeaderElection22] INFO  segmented.SegmentedRaftLogWorker (SegmentedRaftLogWorker.java:startLogSegment(452)) - ac4b8c18-80b4-4feb-9785-680d8e9d2b2c@group-943A61C87F2E-SegmentedRaftLogWorker: Starting segment from index:0
2023-05-03 09:48:05,775 [ac4b8c18-80b4-4feb-9785-680d8e9d2b2c@group-943A61C87F2E-SegmentedRaftLogWorker] INFO  segmented.SegmentedRaftLogWorker (SegmentedRaftLogWorker.java:execute(656)) - ac4b8c18-80b4-4feb-9785-680d8e9d2b2c@group-943A61C87F2E-SegmentedRaftLogWorker: created new log segment /home/runner/work/ozone/ozone/hadoop-ozone/integration-test/target/test-dir/MiniOzoneClusterImpl-4bec65cc-6935-45f5-a4e0-5572db01fbff/datanode-0/data/ratis/0ebe1850-9e60-46d8-8a31-943a61c87f2e/current/log_inprogress_0
2023-05-03 09:48:05,780 [22018fc8-4f04-4d80-8f55-d0eb73e2f788-server-thread1] INFO  ratis.XceiverServerRatis (XceiverServerRatis.java:handleLeaderChangedNotification(904)) - Leader change notification received for group: group-0349FDDDB6AE with new leaderId: ac4b8c18-80b4-4feb-9785-680d8e9d2b2c
2023-05-03 09:48:05,780 [22018fc8-4f04-4d80-8f55-d0eb73e2f788-server-thread1] INFO  server.RaftServer$Division (ServerState.java:setLeader(313)) - 22018fc8-4f04-4d80-8f55-d0eb73e2f788@group-0349FDDDB6AE: change Leader from null to ac4b8c18-80b4-4feb-9785-680d8e9d2b2c at term 1 for appendEntries, leader elected after 5148ms
2023-05-03 09:48:05,786 [ac4b8c18-80b4-4feb-9785-680d8e9d2b2c@group-943A61C87F2E-LeaderElection22] INFO  server.RaftServer$Division (ServerState.java:setRaftConf(430)) - ac4b8c18-80b4-4feb-9785-680d8e9d2b2c@group-943A61C87F2E: set configuration 0: peers:[ac4b8c18-80b4-4feb-9785-680d8e9d2b2c|rpc:10.1.0.194:41097|dataStream:10.1.0.194:43371|priority:1|startupRole:FOLLOWER]|listeners:[], old=null
2023-05-03 09:48:05,786 [22018fc8-4f04-4d80-8f55-d0eb73e2f788-server-thread1] INFO  server.RaftServer$Division (ServerState.java:setRaftConf(430)) - 22018fc8-4f04-4d80-8f55-d0eb73e2f788@group-0349FDDDB6AE: set configuration 0: peers:[7f2c1250-5750-453f-880f-f900c696f98f|rpc:10.1.0.194:35411|dataStream:10.1.0.194:44061|priority:0|startupRole:FOLLOWER, 22018fc8-4f04-4d80-8f55-d0eb73e2f788|rpc:10.1.0.194:38059|dataStream:10.1.0.194:45663|priority:0|startupRole:FOLLOWER, ac4b8c18-80b4-4feb-9785-680d8e9d2b2c|rpc:10.1.0.194:41097|dataStream:10.1.0.194:43371|priority:1|startupRole:FOLLOWER]|listeners:[], old=null
2023-05-03 09:48:05,786 [22018fc8-4f04-4d80-8f55-d0eb73e2f788-server-thread1] INFO  segmented.SegmentedRaftLogWorker (SegmentedRaftLogWorker.java:startLogSegment(452)) - 22018fc8-4f04-4d80-8f55-d0eb73e2f788@group-0349FDDDB6AE-SegmentedRaftLogWorker: Starting segment from index:0
2023-05-03 09:48:05,786 [7f2c1250-5750-453f-880f-f900c696f98f-server-thread1] INFO  ratis.XceiverServerRatis (XceiverServerRatis.java:handleLeaderChangedNotification(904)) - Leader change notification received for group: group-0349FDDDB6AE with new leaderId: ac4b8c18-80b4-4feb-9785-680d8e9d2b2c
2023-05-03 09:48:05,787 [7f2c1250-5750-453f-880f-f900c696f98f-server-thread1] INFO  server.RaftServer$Division (ServerState.java:setLeader(313)) - 7f2c1250-5750-453f-880f-f900c696f98f@group-0349FDDDB6AE: change Leader from null to ac4b8c18-80b4-4feb-9785-680d8e9d2b2c at term 1 for appendEntries, leader elected after 5109ms
2023-05-03 09:48:05,797 [7f2c1250-5750-453f-880f-f900c696f98f-server-thread2] INFO  server.RaftServer$Division (ServerState.java:setRaftConf(430)) - 7f2c1250-5750-453f-880f-f900c696f98f@group-0349FDDDB6AE: set configuration 0: peers:[7f2c1250-5750-453f-880f-f900c696f98f|rpc:10.1.0.194:35411|dataStream:10.1.0.194:44061|priority:0|startupRole:FOLLOWER, 22018fc8-4f04-4d80-8f55-d0eb73e2f788|rpc:10.1.0.194:38059|dataStream:10.1.0.194:45663|priority:0|startupRole:FOLLOWER, ac4b8c18-80b4-4feb-9785-680d8e9d2b2c|rpc:10.1.0.194:41097|dataStream:10.1.0.194:43371|priority:1|startupRole:FOLLOWER]|listeners:[], old=null
2023-05-03 09:48:05,797 [7f2c1250-5750-453f-880f-f900c696f98f-server-thread2] INFO  segmented.SegmentedRaftLogWorker (SegmentedRaftLogWorker.java:startLogSegment(452)) - 7f2c1250-5750-453f-880f-f900c696f98f@group-0349FDDDB6AE-SegmentedRaftLogWorker: Starting segment from index:0
2023-05-03 09:48:05,798 [22018fc8-4f04-4d80-8f55-d0eb73e2f788@group-0349FDDDB6AE-SegmentedRaftLogWorker] INFO  segmented.SegmentedRaftLogWorker (SegmentedRaftLogWorker.java:execute(656)) - 22018fc8-4f04-4d80-8f55-d0eb73e2f788@group-0349FDDDB6AE-SegmentedRaftLogWorker: created new log segment /home/runner/work/ozone/ozone/hadoop-ozone/integration-test/target/test-dir/MiniOzoneClusterImpl-4bec65cc-6935-45f5-a4e0-5572db01fbff/datanode-1/data/ratis/b16bc958-938d-45ed-9243-0349fdddb6ae/current/log_inprogress_0
2023-05-03 09:48:05,798 [7f2c1250-5750-453f-880f-f900c696f98f@group-0349FDDDB6AE-SegmentedRaftLogWorker] INFO  segmented.SegmentedRaftLogWorker (SegmentedRaftLogWorker.java:execute(656)) - 7f2c1250-5750-453f-880f-f900c696f98f@group-0349FDDDB6AE-SegmentedRaftLogWorker: created new log segment /home/runner/work/ozone/ozone/hadoop-ozone/integration-test/target/test-dir/MiniOzoneClusterImpl-4bec65cc-6935-45f5-a4e0-5572db01fbff/datanode-2/data/ratis/b16bc958-938d-45ed-9243-0349fdddb6ae/current/log_inprogress_0
2023-05-03 09:48:05,803 [22018fc8-4f04-4d80-8f55-d0eb73e2f788@group-7EF152AE622F-FollowerState] INFO  impl.FollowerState (FollowerState.java:run(143)) - 22018fc8-4f04-4d80-8f55-d0eb73e2f788@group-7EF152AE622F-FollowerState: change to CANDIDATE, lastRpcElapsedTime:5035024294ns, electionTimeout:5034ms
2023-05-03 09:48:05,803 [22018fc8-4f04-4d80-8f55-d0eb73e2f788@group-7EF152AE622F-FollowerState] INFO  impl.RoleInfo (RoleInfo.java:shutdownFollowerState(110)) - 22018fc8-4f04-4d80-8f55-d0eb73e2f788: shutdown 22018fc8-4f04-4d80-8f55-d0eb73e2f788@group-7EF152AE622F-FollowerState
2023-05-03 09:48:05,803 [22018fc8-4f04-4d80-8f55-d0eb73e2f788@group-7EF152AE622F-FollowerState] INFO  server.RaftServer$Division (RaftServerImpl.java:setRole(321)) - 22018fc8-4f04-4d80-8f55-d0eb73e2f788@group-7EF152AE622F: changes role from  FOLLOWER to CANDIDATE at term 0 for changeToCandidate
2023-05-03 09:48:05,806 [22018fc8-4f04-4d80-8f55-d0eb73e2f788@group-7EF152AE622F-FollowerState] INFO  server.RaftServerConfigKeys (ConfUtils.java:logGet(46)) - raft.server.leaderelection.pre-vote = true (default)
2023-05-03 09:48:05,806 [22018fc8-4f04-4d80-8f55-d0eb73e2f788@group-7EF152AE622F-FollowerState] INFO  impl.RoleInfo (RoleInfo.java:updateAndGet(139)) - 22018fc8-4f04-4d80-8f55-d0eb73e2f788: start 22018fc8-4f04-4d80-8f55-d0eb73e2f788@group-7EF152AE622F-LeaderElection23
2023-05-03 09:48:05,813 [22018fc8-4f04-4d80-8f55-d0eb73e2f788@group-7EF152AE622F-LeaderElection23] INFO  impl.LeaderElection (LeaderElection.java:askForVotes(312)) - 22018fc8-4f04-4d80-8f55-d0eb73e2f788@group-7EF152AE622F-LeaderElection23 PRE_VOTE round 0: submit vote requests at term 0 for -1: peers:[7f2c1250-5750-453f-880f-f900c696f98f|rpc:10.1.0.194:35411|dataStream:10.1.0.194:44061|priority:1|startupRole:FOLLOWER, 22018fc8-4f04-4d80-8f55-d0eb73e2f788|rpc:10.1.0.194:38059|dataStream:10.1.0.194:45663|priority:0|startupRole:FOLLOWER, ac4b8c18-80b4-4feb-9785-680d8e9d2b2c|rpc:10.1.0.194:41097|dataStream:10.1.0.194:43371|priority:0|startupRole:FOLLOWER]|listeners:[], old=null
2023-05-03 09:48:05,814 [22018fc8-4f04-4d80-8f55-d0eb73e2f788@group-7EF152AE622F-LeaderElection23-1] INFO  server.GrpcServerProtocolClient (GrpcServerProtocolClient.java:<init>(63)) - Build channel for 7f2c1250-5750-453f-880f-f900c696f98f
2023-05-03 09:48:05,819 [22018fc8-4f04-4d80-8f55-d0eb73e2f788@group-7EF152AE622F-LeaderElection23] INFO  server.RaftServerConfigKeys (ConfUtils.java:logFallback(53)) - raft.server.rpc.first-election.timeout.min = 5s (fallback to raft.server.rpc.timeout.min)
2023-05-03 09:48:05,819 [22018fc8-4f04-4d80-8f55-d0eb73e2f788@group-7EF152AE622F-LeaderElection23] INFO  server.RaftServerConfigKeys (ConfUtils.java:logFallback(53)) - raft.server.rpc.first-election.timeout.max = 5200ms (fallback to raft.server.rpc.timeout.max)
2023-05-03 09:48:05,824 [22018fc8-4f04-4d80-8f55-d0eb73e2f788@group-7EF152AE622F-LeaderElection23-2] INFO  server.GrpcServerProtocolClient (GrpcServerProtocolClient.java:<init>(63)) - Build channel for ac4b8c18-80b4-4feb-9785-680d8e9d2b2c
2023-05-03 09:48:05,828 [grpc-default-executor-9] INFO  server.RaftServer$Division (RaftServerImpl.java:requestVote(1218)) - 7f2c1250-5750-453f-880f-f900c696f98f@group-7EF152AE622F: receive requestVote(PRE_VOTE, 22018fc8-4f04-4d80-8f55-d0eb73e2f788, group-7EF152AE622F, 0, (t:0, i:0))
2023-05-03 09:48:05,828 [grpc-default-executor-9] INFO  impl.VoteContext (VoteContext.java:log(49)) - 7f2c1250-5750-453f-880f-f900c696f98f@group-7EF152AE622F-FOLLOWER: reject PRE_VOTE from 22018fc8-4f04-4d80-8f55-d0eb73e2f788: our priority 1 > candidate's priority 0
2023-05-03 09:48:05,828 [grpc-default-executor-9] INFO  server.RaftServer$Division (RaftServerImpl.java:requestVote(1251)) - 7f2c1250-5750-453f-880f-f900c696f98f@group-7EF152AE622F replies to PRE_VOTE vote request: 22018fc8-4f04-4d80-8f55-d0eb73e2f788<-7f2c1250-5750-453f-880f-f900c696f98f#0:FAIL-t0. Peer's state: 7f2c1250-5750-453f-880f-f900c696f98f@group-7EF152AE622F:t0, leader=null, voted=, raftlog=Memoized:7f2c1250-5750-453f-880f-f900c696f98f@group-7EF152AE622F-SegmentedRaftLog:OPENED:c-1, conf=-1: peers:[7f2c1250-5750-453f-880f-f900c696f98f|rpc:10.1.0.194:35411|dataStream:10.1.0.194:44061|priority:1|startupRole:FOLLOWER, 22018fc8-4f04-4d80-8f55-d0eb73e2f788|rpc:10.1.0.194:38059|dataStream:10.1.0.194:45663|priority:0|startupRole:FOLLOWER, ac4b8c18-80b4-4feb-9785-680d8e9d2b2c|rpc:10.1.0.194:41097|dataStream:10.1.0.194:43371|priority:0|startupRole:FOLLOWER]|listeners:[], old=null
2023-05-03 09:48:05,834 [22018fc8-4f04-4d80-8f55-d0eb73e2f788@group-7EF152AE622F-LeaderElection23] INFO  impl.LeaderElection (LeaderElection.java:logAndReturn(90)) - 22018fc8-4f04-4d80-8f55-d0eb73e2f788@group-7EF152AE622F-LeaderElection23: PRE_VOTE REJECTED received 1 response(s) and 0 exception(s):
2023-05-03 09:48:05,834 [22018fc8-4f04-4d80-8f55-d0eb73e2f788@group-7EF152AE622F-LeaderElection23] INFO  impl.LeaderElection (LeaderElection.java:logAndReturn(94)) -   Response 0: 22018fc8-4f04-4d80-8f55-d0eb73e2f788<-7f2c1250-5750-453f-880f-f900c696f98f#0:FAIL-t0
2023-05-03 09:48:05,834 [22018fc8-4f04-4d80-8f55-d0eb73e2f788@group-7EF152AE622F-LeaderElection23] INFO  impl.LeaderElection (LeaderElection.java:askForVotes(314)) - 22018fc8-4f04-4d80-8f55-d0eb73e2f788@group-7EF152AE622F-LeaderElection23 PRE_VOTE round 0: result REJECTED
2023-05-03 09:48:05,834 [22018fc8-4f04-4d80-8f55-d0eb73e2f788@group-7EF152AE622F-LeaderElection23] INFO  server.RaftServer$Division (RaftServerImpl.java:setRole(321)) - 22018fc8-4f04-4d80-8f55-d0eb73e2f788@group-7EF152AE622F: changes role from CANDIDATE to FOLLOWER at term 0 for REJECTED
2023-05-03 09:48:05,834 [22018fc8-4f04-4d80-8f55-d0eb73e2f788@group-7EF152AE622F-LeaderElection23] INFO  impl.RoleInfo (RoleInfo.java:shutdownLeaderElection(130)) - 22018fc8-4f04-4d80-8f55-d0eb73e2f788: shutdown 22018fc8-4f04-4d80-8f55-d0eb73e2f788@group-7EF152AE622F-LeaderElection23
2023-05-03 09:48:05,834 [22018fc8-4f04-4d80-8f55-d0eb73e2f788@group-7EF152AE622F-LeaderElection23] INFO  impl.RoleInfo (RoleInfo.java:updateAndGet(139)) - 22018fc8-4f04-4d80-8f55-d0eb73e2f788: start 22018fc8-4f04-4d80-8f55-d0eb73e2f788@group-7EF152AE622F-FollowerState
2023-05-03 09:48:05,835 [ac4b8c18-80b4-4feb-9785-680d8e9d2b2c@group-7EF152AE622F-FollowerState] INFO  impl.FollowerState (FollowerState.java:run(143)) - ac4b8c18-80b4-4feb-9785-680d8e9d2b2c@group-7EF152AE622F-FollowerState: change to CANDIDATE, lastRpcElapsedTime:5112992989ns, electionTimeout:5112ms
2023-05-03 09:48:05,836 [ac4b8c18-80b4-4feb-9785-680d8e9d2b2c@group-7EF152AE622F-FollowerState] INFO  impl.RoleInfo (RoleInfo.java:shutdownFollowerState(110)) - ac4b8c18-80b4-4feb-9785-680d8e9d2b2c: shutdown ac4b8c18-80b4-4feb-9785-680d8e9d2b2c@group-7EF152AE622F-FollowerState
2023-05-03 09:48:05,836 [ac4b8c18-80b4-4feb-9785-680d8e9d2b2c@group-7EF152AE622F-FollowerState] INFO  server.RaftServer$Division (RaftServerImpl.java:setRole(321)) - ac4b8c18-80b4-4feb-9785-680d8e9d2b2c@group-7EF152AE622F: changes role from  FOLLOWER to CANDIDATE at term 0 for changeToCandidate
2023-05-03 09:48:05,836 [ac4b8c18-80b4-4feb-9785-680d8e9d2b2c@group-7EF152AE622F-FollowerState] INFO  server.RaftServerConfigKeys (ConfUtils.java:logGet(46)) - raft.server.leaderelection.pre-vote = true (default)
2023-05-03 09:48:05,836 [ac4b8c18-80b4-4feb-9785-680d8e9d2b2c@group-7EF152AE622F-FollowerState] INFO  impl.RoleInfo (RoleInfo.java:updateAndGet(139)) - ac4b8c18-80b4-4feb-9785-680d8e9d2b2c: start ac4b8c18-80b4-4feb-9785-680d8e9d2b2c@group-7EF152AE622F-LeaderElection24
2023-05-03 09:48:05,840 [22018fc8-4f04-4d80-8f55-d0eb73e2f788@group-7EF152AE622F-FollowerState] INFO  server.RaftServerConfigKeys (ConfUtils.java:logFallback(53)) - raft.server.rpc.first-election.timeout.min = 5s (fallback to raft.server.rpc.timeout.min)
2023-05-03 09:48:05,840 [22018fc8-4f04-4d80-8f55-d0eb73e2f788@group-7EF152AE622F-FollowerState] INFO  server.RaftServerConfigKeys (ConfUtils.java:logFallback(53)) - raft.server.rpc.first-election.timeout.max = 5200ms (fallback to raft.server.rpc.timeout.max)
2023-05-03 09:48:05,843 [grpc-default-executor-9] INFO  server.RaftServer$Division (RaftServerImpl.java:requestVote(1218)) - ac4b8c18-80b4-4feb-9785-680d8e9d2b2c@group-7EF152AE622F: receive requestVote(PRE_VOTE, 22018fc8-4f04-4d80-8f55-d0eb73e2f788, group-7EF152AE622F, 0, (t:0, i:0))
2023-05-03 09:48:05,843 [grpc-default-executor-9] INFO  impl.VoteContext (VoteContext.java:log(49)) - ac4b8c18-80b4-4feb-9785-680d8e9d2b2c@group-7EF152AE622F-CANDIDATE: accept PRE_VOTE from 22018fc8-4f04-4d80-8f55-d0eb73e2f788: our priority 0 <= candidate's priority 0
2023-05-03 09:48:05,843 [grpc-default-executor-9] INFO  server.RaftServer$Division (RaftServerImpl.java:requestVote(1251)) - ac4b8c18-80b4-4feb-9785-680d8e9d2b2c@group-7EF152AE622F replies to PRE_VOTE vote request: 22018fc8-4f04-4d80-8f55-d0eb73e2f788<-ac4b8c18-80b4-4feb-9785-680d8e9d2b2c#0:OK-t0. Peer's state: ac4b8c18-80b4-4feb-9785-680d8e9d2b2c@group-7EF152AE622F:t0, leader=null, voted=, raftlog=Memoized:ac4b8c18-80b4-4feb-9785-680d8e9d2b2c@group-7EF152AE622F-SegmentedRaftLog:OPENED:c-1, conf=-1: peers:[7f2c1250-5750-453f-880f-f900c696f98f|rpc:10.1.0.194:35411|dataStream:10.1.0.194:44061|priority:1|startupRole:FOLLOWER, 22018fc8-4f04-4d80-8f55-d0eb73e2f788|rpc:10.1.0.194:38059|dataStream:10.1.0.194:45663|priority:0|startupRole:FOLLOWER, ac4b8c18-80b4-4feb-9785-680d8e9d2b2c|rpc:10.1.0.194:41097|dataStream:10.1.0.194:43371|priority:0|startupRole:FOLLOWER]|listeners:[], old=null
2023-05-03 09:48:05,854 [ac4b8c18-80b4-4feb-9785-680d8e9d2b2c@group-7EF152AE622F-LeaderElection24] INFO  impl.LeaderElection (LeaderElection.java:askForVotes(312)) - ac4b8c18-80b4-4feb-9785-680d8e9d2b2c@group-7EF152AE622F-LeaderElection24 PRE_VOTE round 0: submit vote requests at term 0 for -1: peers:[7f2c1250-5750-453f-880f-f900c696f98f|rpc:10.1.0.194:35411|dataStream:10.1.0.194:44061|priority:1|startupRole:FOLLOWER, 22018fc8-4f04-4d80-8f55-d0eb73e2f788|rpc:10.1.0.194:38059|dataStream:10.1.0.194:45663|priority:0|startupRole:FOLLOWER, ac4b8c18-80b4-4feb-9785-680d8e9d2b2c|rpc:10.1.0.194:41097|dataStream:10.1.0.194:43371|priority:0|startupRole:FOLLOWER]|listeners:[], old=null
2023-05-03 09:48:05,863 [ac4b8c18-80b4-4feb-9785-680d8e9d2b2c@group-7EF152AE622F-LeaderElection24] INFO  server.RaftServerConfigKeys (ConfUtils.java:logFallback(53)) - raft.server.rpc.first-election.timeout.min = 5s (fallback to raft.server.rpc.timeout.min)
2023-05-03 09:48:05,863 [ac4b8c18-80b4-4feb-9785-680d8e9d2b2c@group-7EF152AE622F-LeaderElection24] INFO  server.RaftServerConfigKeys (ConfUtils.java:logFallback(53)) - raft.server.rpc.first-election.timeout.max = 5200ms (fallback to raft.server.rpc.timeout.max)
2023-05-03 09:48:05,863 [grpc-default-executor-9] INFO  server.RaftServer$Division (RaftServerImpl.java:requestVote(1218)) - 7f2c1250-5750-453f-880f-f900c696f98f@group-7EF152AE622F: receive requestVote(PRE_VOTE, ac4b8c18-80b4-4feb-9785-680d8e9d2b2c, group-7EF152AE622F, 0, (t:0, i:0))
2023-05-03 09:48:05,863 [grpc-default-executor-9] INFO  impl.VoteContext (VoteContext.java:log(49)) - 7f2c1250-5750-453f-880f-f900c696f98f@group-7EF152AE622F-FOLLOWER: reject PRE_VOTE from ac4b8c18-80b4-4feb-9785-680d8e9d2b2c: our priority 1 > candidate's priority 0
2023-05-03 09:48:05,863 [grpc-default-executor-9] INFO  server.RaftServer$Division (RaftServerImpl.java:requestVote(1251)) - 7f2c1250-5750-453f-880f-f900c696f98f@group-7EF152AE622F replies to PRE_VOTE vote request: ac4b8c18-80b4-4feb-9785-680d8e9d2b2c<-7f2c1250-5750-453f-880f-f900c696f98f#0:FAIL-t0. Peer's state: 7f2c1250-5750-453f-880f-f900c696f98f@group-7EF152AE622F:t0, leader=null, voted=, raftlog=Memoized:7f2c1250-5750-453f-880f-f900c696f98f@group-7EF152AE622F-SegmentedRaftLog:OPENED:c-1, conf=-1: peers:[7f2c1250-5750-453f-880f-f900c696f98f|rpc:10.1.0.194:35411|dataStream:10.1.0.194:44061|priority:1|startupRole:FOLLOWER, 22018fc8-4f04-4d80-8f55-d0eb73e2f788|rpc:10.1.0.194:38059|dataStream:10.1.0.194:45663|priority:0|startupRole:FOLLOWER, ac4b8c18-80b4-4feb-9785-680d8e9d2b2c|rpc:10.1.0.194:41097|dataStream:10.1.0.194:43371|priority:0|startupRole:FOLLOWER]|listeners:[], old=null
2023-05-03 09:48:05,865 [grpc-default-executor-9] INFO  server.RaftServer$Division (RaftServerImpl.java:requestVote(1218)) - 22018fc8-4f04-4d80-8f55-d0eb73e2f788@group-7EF152AE622F: receive requestVote(PRE_VOTE, ac4b8c18-80b4-4feb-9785-680d8e9d2b2c, group-7EF152AE622F, 0, (t:0, i:0))
2023-05-03 09:48:05,866 [ac4b8c18-80b4-4feb-9785-680d8e9d2b2c@group-7EF152AE622F-LeaderElection24] INFO  impl.LeaderElection (LeaderElection.java:logAndReturn(90)) - ac4b8c18-80b4-4feb-9785-680d8e9d2b2c@group-7EF152AE622F-LeaderElection24: PRE_VOTE REJECTED received 1 response(s) and 0 exception(s):
2023-05-03 09:48:05,866 [grpc-default-executor-9] INFO  impl.VoteContext (VoteContext.java:log(49)) - 22018fc8-4f04-4d80-8f55-d0eb73e2f788@group-7EF152AE622F-FOLLOWER: accept PRE_VOTE from ac4b8c18-80b4-4feb-9785-680d8e9d2b2c: our priority 0 <= candidate's priority 0
2023-05-03 09:48:05,866 [ac4b8c18-80b4-4feb-9785-680d8e9d2b2c@group-7EF152AE622F-LeaderElection24] INFO  impl.LeaderElection (LeaderElection.java:logAndReturn(94)) -   Response 0: ac4b8c18-80b4-4feb-9785-680d8e9d2b2c<-7f2c1250-5750-453f-880f-f900c696f98f#0:FAIL-t0
2023-05-03 09:48:05,866 [ac4b8c18-80b4-4feb-9785-680d8e9d2b2c@group-7EF152AE622F-LeaderElection24] INFO  impl.LeaderElection (LeaderElection.java:askForVotes(314)) - ac4b8c18-80b4-4feb-9785-680d8e9d2b2c@group-7EF152AE622F-LeaderElection24 PRE_VOTE round 0: result REJECTED
2023-05-03 09:48:05,866 [grpc-default-executor-9] INFO  server.RaftServer$Division (RaftServerImpl.java:requestVote(1251)) - 22018fc8-4f04-4d80-8f55-d0eb73e2f788@group-7EF152AE622F replies to PRE_VOTE vote request: ac4b8c18-80b4-4feb-9785-680d8e9d2b2c<-22018fc8-4f04-4d80-8f55-d0eb73e2f788#0:OK-t0. Peer's state: 22018fc8-4f04-4d80-8f55-d0eb73e2f788@group-7EF152AE622F:t0, leader=null, voted=, raftlog=Memoized:22018fc8-4f04-4d80-8f55-d0eb73e2f788@group-7EF152AE622F-SegmentedRaftLog:OPENED:c-1, conf=-1: peers:[7f2c1250-5750-453f-880f-f900c696f98f|rpc:10.1.0.194:35411|dataStream:10.1.0.194:44061|priority:1|startupRole:FOLLOWER, 22018fc8-4f04-4d80-8f55-d0eb73e2f788|rpc:10.1.0.194:38059|dataStream:10.1.0.194:45663|priority:0|startupRole:FOLLOWER, ac4b8c18-80b4-4feb-9785-680d8e9d2b2c|rpc:10.1.0.194:41097|dataStream:10.1.0.194:43371|priority:0|startupRole:FOLLOWER]|listeners:[], old=null
2023-05-03 09:48:05,866 [ac4b8c18-80b4-4feb-9785-680d8e9d2b2c@group-7EF152AE622F-LeaderElection24] INFO  server.RaftServer$Division (RaftServerImpl.java:setRole(321)) - ac4b8c18-80b4-4feb-9785-680d8e9d2b2c@group-7EF152AE622F: changes role from CANDIDATE to FOLLOWER at term 0 for REJECTED
2023-05-03 09:48:05,866 [ac4b8c18-80b4-4feb-9785-680d8e9d2b2c@group-7EF152AE622F-LeaderElection24] INFO  impl.RoleInfo (RoleInfo.java:shutdownLeaderElection(130)) - ac4b8c18-80b4-4feb-9785-680d8e9d2b2c: shutdown ac4b8c18-80b4-4feb-9785-680d8e9d2b2c@group-7EF152AE622F-LeaderElection24
2023-05-03 09:48:05,866 [ac4b8c18-80b4-4feb-9785-680d8e9d2b2c@group-7EF152AE622F-LeaderElection24] INFO  impl.RoleInfo (RoleInfo.java:updateAndGet(139)) - ac4b8c18-80b4-4feb-9785-680d8e9d2b2c: start ac4b8c18-80b4-4feb-9785-680d8e9d2b2c@group-7EF152AE622F-FollowerState
2023-05-03 09:48:05,868 [ac4b8c18-80b4-4feb-9785-680d8e9d2b2c@group-7EF152AE622F-FollowerState] INFO  server.RaftServerConfigKeys (ConfUtils.java:logFallback(53)) - raft.server.rpc.first-election.timeout.min = 5s (fallback to raft.server.rpc.timeout.min)
2023-05-03 09:48:05,868 [ac4b8c18-80b4-4feb-9785-680d8e9d2b2c@group-7EF152AE622F-FollowerState] INFO  server.RaftServerConfigKeys (ConfUtils.java:logFallback(53)) - raft.server.rpc.first-election.timeout.max = 5200ms (fallback to raft.server.rpc.timeout.max)
2023-05-03 09:48:05,939 [7f2c1250-5750-453f-880f-f900c696f98f@group-7EF152AE622F-FollowerState] INFO  impl.FollowerState (FollowerState.java:run(143)) - 7f2c1250-5750-453f-880f-f900c696f98f@group-7EF152AE622F-FollowerState: change to CANDIDATE, lastRpcElapsedTime:5194577337ns, electionTimeout:5193ms
2023-05-03 09:48:05,939 [7f2c1250-5750-453f-880f-f900c696f98f@group-7EF152AE622F-FollowerState] INFO  impl.RoleInfo (RoleInfo.java:shutdownFollowerState(110)) - 7f2c1250-5750-453f-880f-f900c696f98f: shutdown 7f2c1250-5750-453f-880f-f900c696f98f@group-7EF152AE622F-FollowerState
2023-05-03 09:48:05,939 [7f2c1250-5750-453f-880f-f900c696f98f@group-7EF152AE622F-FollowerState] INFO  server.RaftServer$Division (RaftServerImpl.java:setRole(321)) - 7f2c1250-5750-453f-880f-f900c696f98f@group-7EF152AE622F: changes role from  FOLLOWER to CANDIDATE at term 0 for changeToCandidate
2023-05-03 09:48:05,939 [7f2c1250-5750-453f-880f-f900c696f98f@group-7EF152AE622F-FollowerState] INFO  server.RaftServerConfigKeys (ConfUtils.java:logGet(46)) - raft.server.leaderelection.pre-vote = true (default)
2023-05-03 09:48:05,939 [7f2c1250-5750-453f-880f-f900c696f98f@group-7EF152AE622F-FollowerState] INFO  impl.RoleInfo (RoleInfo.java:updateAndGet(139)) - 7f2c1250-5750-453f-880f-f900c696f98f: start 7f2c1250-5750-453f-880f-f900c696f98f@group-7EF152AE622F-LeaderElection25
2023-05-03 09:48:05,940 [7f2c1250-5750-453f-880f-f900c696f98f@group-7EF152AE622F-LeaderElection25] INFO  impl.LeaderElection (LeaderElection.java:askForVotes(312)) - 7f2c1250-5750-453f-880f-f900c696f98f@group-7EF152AE622F-LeaderElection25 PRE_VOTE round 0: submit vote requests at term 0 for -1: peers:[7f2c1250-5750-453f-880f-f900c696f98f|rpc:10.1.0.194:35411|dataStream:10.1.0.194:44061|priority:1|startupRole:FOLLOWER, 22018fc8-4f04-4d80-8f55-d0eb73e2f788|rpc:10.1.0.194:38059|dataStream:10.1.0.194:45663|priority:0|startupRole:FOLLOWER, ac4b8c18-80b4-4feb-9785-680d8e9d2b2c|rpc:10.1.0.194:41097|dataStream:10.1.0.194:43371|priority:0|startupRole:FOLLOWER]|listeners:[], old=null
2023-05-03 09:48:05,940 [7f2c1250-5750-453f-880f-f900c696f98f@group-7EF152AE622F-LeaderElection25-1] INFO  server.GrpcServerProtocolClient (GrpcServerProtocolClient.java:<init>(63)) - Build channel for 22018fc8-4f04-4d80-8f55-d0eb73e2f788
2023-05-03 09:48:05,945 [7f2c1250-5750-453f-880f-f900c696f98f@group-7EF152AE622F-LeaderElection25] INFO  server.RaftServerConfigKeys (ConfUtils.java:logFallback(53)) - raft.server.rpc.first-election.timeout.min = 5s (fallback to raft.server.rpc.timeout.min)
2023-05-03 09:48:05,945 [7f2c1250-5750-453f-880f-f900c696f98f@group-7EF152AE622F-LeaderElection25] INFO  server.RaftServerConfigKeys (ConfUtils.java:logFallback(53)) - raft.server.rpc.first-election.timeout.max = 5200ms (fallback to raft.server.rpc.timeout.max)
2023-05-03 09:48:05,949 [7f2c1250-5750-453f-880f-f900c696f98f@group-7EF152AE622F-LeaderElection25-2] INFO  server.GrpcServerProtocolClient (GrpcServerProtocolClient.java:<init>(63)) - Build channel for ac4b8c18-80b4-4feb-9785-680d8e9d2b2c
2023-05-03 09:48:05,957 [grpc-default-executor-9] INFO  server.RaftServer$Division (RaftServerImpl.java:requestVote(1218)) - 22018fc8-4f04-4d80-8f55-d0eb73e2f788@group-7EF152AE622F: receive requestVote(PRE_VOTE, 7f2c1250-5750-453f-880f-f900c696f98f, group-7EF152AE622F, 0, (t:0, i:0))
2023-05-03 09:48:05,957 [grpc-default-executor-9] INFO  impl.VoteContext (VoteContext.java:log(49)) - 22018fc8-4f04-4d80-8f55-d0eb73e2f788@group-7EF152AE622F-FOLLOWER: accept PRE_VOTE from 7f2c1250-5750-453f-880f-f900c696f98f: our priority 0 <= candidate's priority 1
2023-05-03 09:48:05,957 [grpc-default-executor-9] INFO  server.RaftServer$Division (RaftServerImpl.java:requestVote(1251)) - 22018fc8-4f04-4d80-8f55-d0eb73e2f788@group-7EF152AE622F replies to PRE_VOTE vote request: 7f2c1250-5750-453f-880f-f900c696f98f<-22018fc8-4f04-4d80-8f55-d0eb73e2f788#0:OK-t0. Peer's state: 22018fc8-4f04-4d80-8f55-d0eb73e2f788@group-7EF152AE622F:t0, leader=null, voted=, raftlog=Memoized:22018fc8-4f04-4d80-8f55-d0eb73e2f788@group-7EF152AE622F-SegmentedRaftLog:OPENED:c-1, conf=-1: peers:[7f2c1250-5750-453f-880f-f900c696f98f|rpc:10.1.0.194:35411|dataStream:10.1.0.194:44061|priority:1|startupRole:FOLLOWER, 22018fc8-4f04-4d80-8f55-d0eb73e2f788|rpc:10.1.0.194:38059|dataStream:10.1.0.194:45663|priority:0|startupRole:FOLLOWER, ac4b8c18-80b4-4feb-9785-680d8e9d2b2c|rpc:10.1.0.194:41097|dataStream:10.1.0.194:43371|priority:0|startupRole:FOLLOWER]|listeners:[], old=null
2023-05-03 09:48:05,959 [7f2c1250-5750-453f-880f-f900c696f98f@group-7EF152AE622F-LeaderElection25] INFO  impl.LeaderElection (LeaderElection.java:logAndReturn(90)) - 7f2c1250-5750-453f-880f-f900c696f98f@group-7EF152AE622F-LeaderElection25: PRE_VOTE PASSED received 1 response(s) and 0 exception(s):
2023-05-03 09:48:05,959 [7f2c1250-5750-453f-880f-f900c696f98f@group-7EF152AE622F-LeaderElection25] INFO  impl.LeaderElection (LeaderElection.java:logAndReturn(94)) -   Response 0: 7f2c1250-5750-453f-880f-f900c696f98f<-22018fc8-4f04-4d80-8f55-d0eb73e2f788#0:OK-t0
2023-05-03 09:48:05,959 [7f2c1250-5750-453f-880f-f900c696f98f@group-7EF152AE622F-LeaderElection25] INFO  impl.LeaderElection (LeaderElection.java:askForVotes(314)) - 7f2c1250-5750-453f-880f-f900c696f98f@group-7EF152AE622F-LeaderElection25 PRE_VOTE round 0: result PASSED
2023-05-03 09:48:05,965 [grpc-default-executor-9] INFO  server.RaftServer$Division (RaftServerImpl.java:requestVote(1218)) - ac4b8c18-80b4-4feb-9785-680d8e9d2b2c@group-7EF152AE622F: receive requestVote(PRE_VOTE, 7f2c1250-5750-453f-880f-f900c696f98f, group-7EF152AE622F, 0, (t:0, i:0))
2023-05-03 09:48:05,965 [grpc-default-executor-9] INFO  impl.VoteContext (VoteContext.java:log(49)) - ac4b8c18-80b4-4feb-9785-680d8e9d2b2c@group-7EF152AE622F-FOLLOWER: accept PRE_VOTE from 7f2c1250-5750-453f-880f-f900c696f98f: our priority 0 <= candidate's priority 1
2023-05-03 09:48:05,965 [grpc-default-executor-9] INFO  server.RaftServer$Division (RaftServerImpl.java:requestVote(1251)) - ac4b8c18-80b4-4feb-9785-680d8e9d2b2c@group-7EF152AE622F replies to PRE_VOTE vote request: 7f2c1250-5750-453f-880f-f900c696f98f<-ac4b8c18-80b4-4feb-9785-680d8e9d2b2c#0:OK-t0. Peer's state: ac4b8c18-80b4-4feb-9785-680d8e9d2b2c@group-7EF152AE622F:t0, leader=null, voted=, raftlog=Memoized:ac4b8c18-80b4-4feb-9785-680d8e9d2b2c@group-7EF152AE622F-SegmentedRaftLog:OPENED:c-1, conf=-1: peers:[7f2c1250-5750-453f-880f-f900c696f98f|rpc:10.1.0.194:35411|dataStream:10.1.0.194:44061|priority:1|startupRole:FOLLOWER, 22018fc8-4f04-4d80-8f55-d0eb73e2f788|rpc:10.1.0.194:38059|dataStream:10.1.0.194:45663|priority:0|startupRole:FOLLOWER, ac4b8c18-80b4-4feb-9785-680d8e9d2b2c|rpc:10.1.0.194:41097|dataStream:10.1.0.194:43371|priority:0|startupRole:FOLLOWER]|listeners:[], old=null
2023-05-03 09:48:05,965 [7f2c1250-5750-453f-880f-f900c696f98f@group-7EF152AE622F-LeaderElection25] INFO  impl.LeaderElection (LeaderElection.java:askForVotes(312)) - 7f2c1250-5750-453f-880f-f900c696f98f@group-7EF152AE622F-LeaderElection25 ELECTION round 0: submit vote requests at term 1 for -1: peers:[7f2c1250-5750-453f-880f-f900c696f98f|rpc:10.1.0.194:35411|dataStream:10.1.0.194:44061|priority:1|startupRole:FOLLOWER, 22018fc8-4f04-4d80-8f55-d0eb73e2f788|rpc:10.1.0.194:38059|dataStream:10.1.0.194:45663|priority:0|startupRole:FOLLOWER, ac4b8c18-80b4-4feb-9785-680d8e9d2b2c|rpc:10.1.0.194:41097|dataStream:10.1.0.194:43371|priority:0|startupRole:FOLLOWER]|listeners:[], old=null
2023-05-03 09:48:05,970 [7f2c1250-5750-453f-880f-f900c696f98f@group-7EF152AE622F-LeaderElection25] INFO  server.RaftServerConfigKeys (ConfUtils.java:logFallback(53)) - raft.server.rpc.first-election.timeout.min = 5s (fallback to raft.server.rpc.timeout.min)
2023-05-03 09:48:05,970 [7f2c1250-5750-453f-880f-f900c696f98f@group-7EF152AE622F-LeaderElection25] INFO  server.RaftServerConfigKeys (ConfUtils.java:logFallback(53)) - raft.server.rpc.first-election.timeout.max = 5200ms (fallback to raft.server.rpc.timeout.max)
2023-05-03 09:48:05,971 [grpc-default-executor-9] INFO  server.RaftServer$Division (RaftServerImpl.java:requestVote(1218)) - 22018fc8-4f04-4d80-8f55-d0eb73e2f788@group-7EF152AE622F: receive requestVote(ELECTION, 7f2c1250-5750-453f-880f-f900c696f98f, group-7EF152AE622F, 1, (t:0, i:0))
2023-05-03 09:48:05,971 [grpc-default-executor-9] INFO  impl.VoteContext (VoteContext.java:log(49)) - 22018fc8-4f04-4d80-8f55-d0eb73e2f788@group-7EF152AE622F-FOLLOWER: accept ELECTION from 7f2c1250-5750-453f-880f-f900c696f98f: our priority 0 <= candidate's priority 1
2023-05-03 09:48:05,971 [grpc-default-executor-9] INFO  server.RaftServer$Division (RaftServerImpl.java:setRole(321)) - 22018fc8-4f04-4d80-8f55-d0eb73e2f788@group-7EF152AE622F: changes role from  FOLLOWER to FOLLOWER at term 1 for candidate:7f2c1250-5750-453f-880f-f900c696f98f
2023-05-03 09:48:05,971 [grpc-default-executor-9] INFO  impl.RoleInfo (RoleInfo.java:shutdownFollowerState(110)) - 22018fc8-4f04-4d80-8f55-d0eb73e2f788: shutdown 22018fc8-4f04-4d80-8f55-d0eb73e2f788@group-7EF152AE622F-FollowerState
2023-05-03 09:48:05,971 [grpc-default-executor-9] INFO  impl.RoleInfo (RoleInfo.java:updateAndGet(139)) - 22018fc8-4f04-4d80-8f55-d0eb73e2f788: start 22018fc8-4f04-4d80-8f55-d0eb73e2f788@group-7EF152AE622F-FollowerState
2023-05-03 09:48:05,971 [22018fc8-4f04-4d80-8f55-d0eb73e2f788@group-7EF152AE622F-FollowerState] INFO  impl.FollowerState (FollowerState.java:run(152)) - 22018fc8-4f04-4d80-8f55-d0eb73e2f788@group-7EF152AE622F-FollowerState was interrupted
2023-05-03 09:48:05,972 [22018fc8-4f04-4d80-8f55-d0eb73e2f788@group-7EF152AE622F-FollowerState] INFO  server.RaftServerConfigKeys (ConfUtils.java:logFallback(53)) - raft.server.rpc.first-election.timeout.min = 5s (fallback to raft.server.rpc.timeout.min)
2023-05-03 09:48:05,972 [22018fc8-4f04-4d80-8f55-d0eb73e2f788@group-7EF152AE622F-FollowerState] INFO  server.RaftServerConfigKeys (ConfUtils.java:logFallback(53)) - raft.server.rpc.first-election.timeout.max = 5200ms (fallback to raft.server.rpc.timeout.max)
2023-05-03 09:48:05,973 [grpc-default-executor-9] INFO  server.RaftServer$Division (RaftServerImpl.java:requestVote(1251)) - 22018fc8-4f04-4d80-8f55-d0eb73e2f788@group-7EF152AE622F replies to ELECTION vote request: 7f2c1250-5750-453f-880f-f900c696f98f<-22018fc8-4f04-4d80-8f55-d0eb73e2f788#0:OK-t1. Peer's state: 22018fc8-4f04-4d80-8f55-d0eb73e2f788@group-7EF152AE622F:t1, leader=null, voted=7f2c1250-5750-453f-880f-f900c696f98f, raftlog=Memoized:22018fc8-4f04-4d80-8f55-d0eb73e2f788@group-7EF152AE622F-SegmentedRaftLog:OPENED:c-1, conf=-1: peers:[7f2c1250-5750-453f-880f-f900c696f98f|rpc:10.1.0.194:35411|dataStream:10.1.0.194:44061|priority:1|startupRole:FOLLOWER, 22018fc8-4f04-4d80-8f55-d0eb73e2f788|rpc:10.1.0.194:38059|dataStream:10.1.0.194:45663|priority:0|startupRole:FOLLOWER, ac4b8c18-80b4-4feb-9785-680d8e9d2b2c|rpc:10.1.0.194:41097|dataStream:10.1.0.194:43371|priority:0|startupRole:FOLLOWER]|listeners:[], old=null
2023-05-03 09:48:05,977 [grpc-default-executor-0] INFO  server.RaftServer$Division (RaftServerImpl.java:requestVote(1218)) - ac4b8c18-80b4-4feb-9785-680d8e9d2b2c@group-7EF152AE622F: receive requestVote(ELECTION, 7f2c1250-5750-453f-880f-f900c696f98f, group-7EF152AE622F, 1, (t:0, i:0))
2023-05-03 09:48:05,978 [grpc-default-executor-0] INFO  impl.VoteContext (VoteContext.java:log(49)) - ac4b8c18-80b4-4feb-9785-680d8e9d2b2c@group-7EF152AE622F-FOLLOWER: accept ELECTION from 7f2c1250-5750-453f-880f-f900c696f98f: our priority 0 <= candidate's priority 1
2023-05-03 09:48:05,978 [grpc-default-executor-0] INFO  server.RaftServer$Division (RaftServerImpl.java:setRole(321)) - ac4b8c18-80b4-4feb-9785-680d8e9d2b2c@group-7EF152AE622F: changes role from  FOLLOWER to FOLLOWER at term 1 for candidate:7f2c1250-5750-453f-880f-f900c696f98f
2023-05-03 09:48:05,978 [grpc-default-executor-0] INFO  impl.RoleInfo (RoleInfo.java:shutdownFollowerState(110)) - ac4b8c18-80b4-4feb-9785-680d8e9d2b2c: shutdown ac4b8c18-80b4-4feb-9785-680d8e9d2b2c@group-7EF152AE622F-FollowerState
2023-05-03 09:48:05,978 [grpc-default-executor-0] INFO  impl.RoleInfo (RoleInfo.java:updateAndGet(139)) - ac4b8c18-80b4-4feb-9785-680d8e9d2b2c: start ac4b8c18-80b4-4feb-9785-680d8e9d2b2c@group-7EF152AE622F-FollowerState
2023-05-03 09:48:05,978 [ac4b8c18-80b4-4feb-9785-680d8e9d2b2c@group-7EF152AE622F-FollowerState] INFO  impl.FollowerState (FollowerState.java:run(152)) - ac4b8c18-80b4-4feb-9785-680d8e9d2b2c@group-7EF152AE622F-FollowerState was interrupted
2023-05-03 09:48:05,978 [7f2c1250-5750-453f-880f-f900c696f98f@group-7EF152AE622F-LeaderElection25] INFO  impl.LeaderElection (LeaderElection.java:logAndReturn(90)) - 7f2c1250-5750-453f-880f-f900c696f98f@group-7EF152AE622F-LeaderElection25: ELECTION PASSED received 1 response(s) and 0 exception(s):
2023-05-03 09:48:05,978 [7f2c1250-5750-453f-880f-f900c696f98f@group-7EF152AE622F-LeaderElection25] INFO  impl.LeaderElection (LeaderElection.java:logAndReturn(94)) -   Response 0: 7f2c1250-5750-453f-880f-f900c696f98f<-22018fc8-4f04-4d80-8f55-d0eb73e2f788#0:OK-t1
2023-05-03 09:48:05,978 [7f2c1250-5750-453f-880f-f900c696f98f@group-7EF152AE622F-LeaderElection25] INFO  impl.LeaderElection (LeaderElection.java:askForVotes(314)) - 7f2c1250-5750-453f-880f-f900c696f98f@group-7EF152AE622F-LeaderElection25 ELECTION round 0: result PASSED
2023-05-03 09:48:05,978 [7f2c1250-5750-453f-880f-f900c696f98f@group-7EF152AE622F-LeaderElection25] INFO  impl.RoleInfo (RoleInfo.java:shutdownLeaderElection(130)) - 7f2c1250-5750-453f-880f-f900c696f98f: shutdown 7f2c1250-5750-453f-880f-f900c696f98f@group-7EF152AE622F-LeaderElection25
2023-05-03 09:48:05,983 [7f2c1250-5750-453f-880f-f900c696f98f@group-7EF152AE622F-LeaderElection25] INFO  server.RaftServer$Division (RaftServerImpl.java:setRole(321)) - 7f2c1250-5750-453f-880f-f900c696f98f@group-7EF152AE622F: changes role from CANDIDATE to LEADER at term 1 for changeToLeader
2023-05-03 09:48:05,983 [7f2c1250-5750-453f-880f-f900c696f98f@group-7EF152AE622F-LeaderElection25] INFO  ratis.XceiverServerRatis (XceiverServerRatis.java:handleLeaderChangedNotification(904)) - Leader change notification received for group: group-7EF152AE622F with new leaderId: 7f2c1250-5750-453f-880f-f900c696f98f
2023-05-03 09:48:05,983 [7f2c1250-5750-453f-880f-f900c696f98f@group-7EF152AE622F-LeaderElection25] INFO  server.RaftServer$Division (ServerState.java:setLeader(313)) - 7f2c1250-5750-453f-880f-f900c696f98f@group-7EF152AE622F: change Leader from null to 7f2c1250-5750-453f-880f-f900c696f98f at term 1 for becomeLeader, leader elected after 5247ms
2023-05-03 09:48:05,983 [7f2c1250-5750-453f-880f-f900c696f98f@group-7EF152AE622F-LeaderElection25] INFO  server.RaftServerConfigKeys (ConfUtils.java:logGet(46)) - raft.server.staging.catchup.gap = 1000 (default)
2023-05-03 09:48:05,983 [7f2c1250-5750-453f-880f-f900c696f98f@group-7EF152AE622F-LeaderElection25] INFO  server.RaftServerConfigKeys (ConfUtils.java:logGet(46)) - raft.server.write.element-limit = 1024 (custom)
2023-05-03 09:48:05,983 [7f2c1250-5750-453f-880f-f900c696f98f@group-7EF152AE622F-LeaderElection25] INFO  server.RaftServerConfigKeys (ConfUtils.java:logGet(46)) - raft.server.write.byte-limit = 1024 M (=1073741824) (custom)
2023-05-03 09:48:05,983 [7f2c1250-5750-453f-880f-f900c696f98f@group-7EF152AE622F-LeaderElection25] INFO  server.RaftServerConfigKeys (ConfUtils.java:logGet(46)) - raft.server.watch.timeout = 180s (custom)
2023-05-03 09:48:05,983 [7f2c1250-5750-453f-880f-f900c696f98f@group-7EF152AE622F-LeaderElection25] INFO  server.RaftServerConfigKeys (ConfUtils.java:logGet(46)) - raft.server.watch.timeout.denomination = 1s (default)
2023-05-03 09:48:05,983 [7f2c1250-5750-453f-880f-f900c696f98f@group-7EF152AE622F-LeaderElection25] INFO  server.RaftServerConfigKeys (ConfUtils.java:logGet(46)) - raft.server.watch.element-limit = 65536 (default)
2023-05-03 09:48:05,983 [7f2c1250-5750-453f-880f-f900c696f98f@group-7EF152AE622F-LeaderElection25] INFO  server.RaftServerConfigKeys (ConfUtils.java:logGet(46)) - raft.server.write.element-limit = 1024 (custom)
2023-05-03 09:48:05,984 [7f2c1250-5750-453f-880f-f900c696f98f@group-7EF152AE622F-LeaderElection25] INFO  server.RaftServerConfigKeys (ConfUtils.java:logGet(46)) - raft.server.write.follower.gap.ratio.max = -1.0 (default)
2023-05-03 09:48:05,984 [7f2c1250-5750-453f-880f-f900c696f98f@group-7EF152AE622F-LeaderElection25] INFO  server.RaftServerConfigKeys (ConfUtils.java:logGet(46)) - raft.server.log.appender.snapshot.chunk.size.max = 16MB (=16777216) (default)
2023-05-03 09:48:05,984 [7f2c1250-5750-453f-880f-f900c696f98f@group-7EF152AE622F-LeaderElection25] INFO  server.RaftServerConfigKeys (ConfUtils.java:logGet(46)) - raft.server.log.appender.buffer.byte-limit = 33554432 (custom)
2023-05-03 09:48:05,984 [7f2c1250-5750-453f-880f-f900c696f98f@group-7EF152AE622F-LeaderElection25] INFO  server.RaftServerConfigKeys (ConfUtils.java:logGet(46)) - raft.server.log.appender.buffer.element-limit = 1 (custom)
2023-05-03 09:48:05,984 [7f2c1250-5750-453f-880f-f900c696f98f@group-7EF152AE622F-LeaderElection25] INFO  grpc.GrpcConfigKeys (ConfUtils.java:logGet(46)) - raft.grpc.server.leader.outstanding.appends.max = 128 (default)
2023-05-03 09:48:05,984 [7f2c1250-5750-453f-880f-f900c696f98f@group-7EF152AE622F-LeaderElection25] INFO  server.RaftServerConfigKeys (ConfUtils.java:logGet(46)) - raft.server.rpc.request.timeout = 60s (custom)
2023-05-03 09:48:05,984 [7f2c1250-5750-453f-880f-f900c696f98f@group-7EF152AE622F-LeaderElection25] INFO  server.RaftServerConfigKeys (ConfUtils.java:logGet(46)) - raft.server.log.appender.install.snapshot.enabled = false (custom)
2023-05-03 09:48:05,984 [7f2c1250-5750-453f-880f-f900c696f98f@group-7EF152AE622F-LeaderElection25] INFO  grpc.GrpcConfigKeys (ConfUtils.java:logGet(46)) - raft.grpc.server.heartbeat.channel = true (default)
2023-05-03 09:48:05,984 [7f2c1250-5750-453f-880f-f900c696f98f@group-7EF152AE622F-LeaderElection25] INFO  server.RaftServerConfigKeys (ConfUtils.java:logGet(46)) - raft.server.log.appender.wait-time.min = 10ms (default)
2023-05-03 09:48:05,985 [7f2c1250-5750-453f-880f-f900c696f98f@group-7EF152AE622F-LeaderElection25] INFO  server.RaftServerConfigKeys (ConfUtils.java:logGet(46)) - raft.server.log.appender.snapshot.chunk.size.max = 16MB (=16777216) (default)
2023-05-03 09:48:05,985 [7f2c1250-5750-453f-880f-f900c696f98f@group-7EF152AE622F-LeaderElection25] INFO  server.RaftServerConfigKeys (ConfUtils.java:logGet(46)) - raft.server.log.appender.buffer.byte-limit = 33554432 (custom)
2023-05-03 09:48:05,985 [7f2c1250-5750-453f-880f-f900c696f98f@group-7EF152AE622F-LeaderElection25] INFO  server.RaftServerConfigKeys (ConfUtils.java:logGet(46)) - raft.server.log.appender.buffer.element-limit = 1 (custom)
2023-05-03 09:48:05,985 [7f2c1250-5750-453f-880f-f900c696f98f@group-7EF152AE622F-LeaderElection25] INFO  grpc.GrpcConfigKeys (ConfUtils.java:logGet(46)) - raft.grpc.server.leader.outstanding.appends.max = 128 (default)
2023-05-03 09:48:05,985 [7f2c1250-5750-453f-880f-f900c696f98f@group-7EF152AE622F-LeaderElection25] INFO  server.RaftServerConfigKeys (ConfUtils.java:logGet(46)) - raft.server.rpc.request.timeout = 60s (custom)
2023-05-03 09:48:05,985 [7f2c1250-5750-453f-880f-f900c696f98f@group-7EF152AE622F-LeaderElection25] INFO  server.RaftServerConfigKeys (ConfUtils.java:logGet(46)) - raft.server.log.appender.install.snapshot.enabled = false (custom)
2023-05-03 09:48:05,985 [7f2c1250-5750-453f-880f-f900c696f98f@group-7EF152AE622F-LeaderElection25] INFO  grpc.GrpcConfigKeys (ConfUtils.java:logGet(46)) - raft.grpc.server.heartbeat.channel = true (default)
2023-05-03 09:48:05,985 [7f2c1250-5750-453f-880f-f900c696f98f@group-7EF152AE622F-LeaderElection25] INFO  server.RaftServerConfigKeys (ConfUtils.java:logGet(46)) - raft.server.log.appender.wait-time.min = 10ms (default)
2023-05-03 09:48:05,985 [7f2c1250-5750-453f-880f-f900c696f98f@group-7EF152AE622F-LeaderElection25] INFO  impl.RoleInfo (RoleInfo.java:updateAndGet(139)) - 7f2c1250-5750-453f-880f-f900c696f98f: start 7f2c1250-5750-453f-880f-f900c696f98f@group-7EF152AE622F-LeaderStateImpl
2023-05-03 09:48:05,985 [7f2c1250-5750-453f-880f-f900c696f98f@group-7EF152AE622F-LeaderElection25] INFO  segmented.SegmentedRaftLogWorker (SegmentedRaftLogWorker.java:startLogSegment(452)) - 7f2c1250-5750-453f-880f-f900c696f98f@group-7EF152AE622F-SegmentedRaftLogWorker: Starting segment from index:0
2023-05-03 09:48:05,986 [7f2c1250-5750-453f-880f-f900c696f98f@group-7EF152AE622F-SegmentedRaftLogWorker] INFO  segmented.SegmentedRaftLogWorker (SegmentedRaftLogWorker.java:execute(656)) - 7f2c1250-5750-453f-880f-f900c696f98f@group-7EF152AE622F-SegmentedRaftLogWorker: created new log segment /home/runner/work/ozone/ozone/hadoop-ozone/integration-test/target/test-dir/MiniOzoneClusterImpl-4bec65cc-6935-45f5-a4e0-5572db01fbff/datanode-2/data/ratis/6a66d65b-20c2-431f-b22c-7ef152ae622f/current/log_inprogress_0
2023-05-03 09:48:05,987 [EventQueue-PipelineReportForPipelineReportHandler] INFO  pipeline.PipelineManagerImpl (PipelineManagerImpl.java:openPipeline(367)) - Pipeline Pipeline[ Id: 6a66d65b-20c2-431f-b22c-7ef152ae622f, Nodes: ac4b8c18-80b4-4feb-9785-680d8e9d2b2c(fv-az139-793.t0dryja4c43urhy2nvp0adewnd.cx.internal.cloudapp.net/10.1.0.194)7f2c1250-5750-453f-880f-f900c696f98f(fv-az139-793.t0dryja4c43urhy2nvp0adewnd.cx.internal.cloudapp.net/10.1.0.194)22018fc8-4f04-4d80-8f55-d0eb73e2f788(fv-az139-793.t0dryja4c43urhy2nvp0adewnd.cx.internal.cloudapp.net/10.1.0.194), ReplicationConfig: RATIS/THREE, State:ALLOCATED, leaderId:7f2c1250-5750-453f-880f-f900c696f98f, CreationTimestamp2023-05-03T09:47:58.343Z[Etc/UTC]] moved to OPEN state
2023-05-03 09:48:05,995 [7f2c1250-5750-453f-880f-f900c696f98f@group-7EF152AE622F-LeaderElection25] INFO  server.RaftServer$Division (ServerState.java:setRaftConf(430)) - 7f2c1250-5750-453f-880f-f900c696f98f@group-7EF152AE622F: set configuration 0: peers:[7f2c1250-5750-453f-880f-f900c696f98f|rpc:10.1.0.194:35411|dataStream:10.1.0.194:44061|priority:1|startupRole:FOLLOWER, 22018fc8-4f04-4d80-8f55-d0eb73e2f788|rpc:10.1.0.194:38059|dataStream:10.1.0.194:45663|priority:0|startupRole:FOLLOWER, ac4b8c18-80b4-4feb-9785-680d8e9d2b2c|rpc:10.1.0.194:41097|dataStream:10.1.0.194:43371|priority:0|startupRole:FOLLOWER]|listeners:[], old=null
2023-05-03 09:48:05,997 [22018fc8-4f04-4d80-8f55-d0eb73e2f788-server-thread2] INFO  ratis.XceiverServerRatis (XceiverServerRatis.java:handleLeaderChangedNotification(904)) - Leader change notification received for group: group-7EF152AE622F with new leaderId: 7f2c1250-5750-453f-880f-f900c696f98f
2023-05-03 09:48:05,997 [22018fc8-4f04-4d80-8f55-d0eb73e2f788-server-thread2] INFO  server.RaftServer$Division (ServerState.java:setLeader(313)) - 22018fc8-4f04-4d80-8f55-d0eb73e2f788@group-7EF152AE622F: change Leader from null to 7f2c1250-5750-453f-880f-f900c696f98f at term 1 for appendEntries, leader elected after 5240ms
2023-05-03 09:48:05,998 [ac4b8c18-80b4-4feb-9785-680d8e9d2b2c@group-7EF152AE622F-FollowerState] INFO  server.RaftServerConfigKeys (ConfUtils.java:logFallback(53)) - raft.server.rpc.first-election.timeout.min = 5s (fallback to raft.server.rpc.timeout.min)
2023-05-03 09:48:05,998 [22018fc8-4f04-4d80-8f55-d0eb73e2f788-server-thread2] INFO  server.RaftServer$Division (ServerState.java:setRaftConf(430)) - 22018fc8-4f04-4d80-8f55-d0eb73e2f788@group-7EF152AE622F: set configuration 0: peers:[7f2c1250-5750-453f-880f-f900c696f98f|rpc:10.1.0.194:35411|dataStream:10.1.0.194:44061|priority:1|startupRole:FOLLOWER, 22018fc8-4f04-4d80-8f55-d0eb73e2f788|rpc:10.1.0.194:38059|dataStream:10.1.0.194:45663|priority:0|startupRole:FOLLOWER, ac4b8c18-80b4-4feb-9785-680d8e9d2b2c|rpc:10.1.0.194:41097|dataStream:10.1.0.194:43371|priority:0|startupRole:FOLLOWER]|listeners:[], old=null
2023-05-03 09:48:05,998 [ac4b8c18-80b4-4feb-9785-680d8e9d2b2c@group-7EF152AE622F-FollowerState] INFO  server.RaftServerConfigKeys (ConfUtils.java:logFallback(53)) - raft.server.rpc.first-election.timeout.max = 5200ms (fallback to raft.server.rpc.timeout.max)
2023-05-03 09:48:05,998 [grpc-default-executor-0] INFO  server.RaftServer$Division (RaftServerImpl.java:requestVote(1251)) - ac4b8c18-80b4-4feb-9785-680d8e9d2b2c@group-7EF152AE622F replies to ELECTION vote request: 7f2c1250-5750-453f-880f-f900c696f98f<-ac4b8c18-80b4-4feb-9785-680d8e9d2b2c#0:OK-t1. Peer's state: ac4b8c18-80b4-4feb-9785-680d8e9d2b2c@group-7EF152AE622F:t1, leader=null, voted=7f2c1250-5750-453f-880f-f900c696f98f, raftlog=Memoized:ac4b8c18-80b4-4feb-9785-680d8e9d2b2c@group-7EF152AE622F-SegmentedRaftLog:OPENED:c-1, conf=-1: peers:[7f2c1250-5750-453f-880f-f900c696f98f|rpc:10.1.0.194:35411|dataStream:10.1.0.194:44061|priority:1|startupRole:FOLLOWER, 22018fc8-4f04-4d80-8f55-d0eb73e2f788|rpc:10.1.0.194:38059|dataStream:10.1.0.194:45663|priority:0|startupRole:FOLLOWER, ac4b8c18-80b4-4feb-9785-680d8e9d2b2c|rpc:10.1.0.194:41097|dataStream:10.1.0.194:43371|priority:0|startupRole:FOLLOWER]|listeners:[], old=null
2023-05-03 09:48:05,998 [22018fc8-4f04-4d80-8f55-d0eb73e2f788-server-thread2] INFO  segmented.SegmentedRaftLogWorker (SegmentedRaftLogWorker.java:startLogSegment(452)) - 22018fc8-4f04-4d80-8f55-d0eb73e2f788@group-7EF152AE622F-SegmentedRaftLogWorker: Starting segment from index:0
2023-05-03 09:48:06,007 [22018fc8-4f04-4d80-8f55-d0eb73e2f788@group-7EF152AE622F-SegmentedRaftLogWorker] INFO  segmented.SegmentedRaftLogWorker (SegmentedRaftLogWorker.java:execute(656)) - 22018fc8-4f04-4d80-8f55-d0eb73e2f788@group-7EF152AE622F-SegmentedRaftLogWorker: created new log segment /home/runner/work/ozone/ozone/hadoop-ozone/integration-test/target/test-dir/MiniOzoneClusterImpl-4bec65cc-6935-45f5-a4e0-5572db01fbff/datanode-1/data/ratis/6a66d65b-20c2-431f-b22c-7ef152ae622f/current/log_inprogress_0
2023-05-03 09:48:06,010 [ac4b8c18-80b4-4feb-9785-680d8e9d2b2c-server-thread1] INFO  ratis.XceiverServerRatis (XceiverServerRatis.java:handleLeaderChangedNotification(904)) - Leader change notification received for group: group-7EF152AE622F with new leaderId: 7f2c1250-5750-453f-880f-f900c696f98f
2023-05-03 09:48:06,010 [ac4b8c18-80b4-4feb-9785-680d8e9d2b2c-server-thread1] INFO  server.RaftServer$Division (ServerState.java:setLeader(313)) - ac4b8c18-80b4-4feb-9785-680d8e9d2b2c@group-7EF152AE622F: change Leader from null to 7f2c1250-5750-453f-880f-f900c696f98f at term 1 for appendEntries, leader elected after 5296ms
2023-05-03 09:48:06,020 [ac4b8c18-80b4-4feb-9785-680d8e9d2b2c-server-thread2] INFO  server.RaftServer$Division (ServerState.java:setRaftConf(430)) - ac4b8c18-80b4-4feb-9785-680d8e9d2b2c@group-7EF152AE622F: set configuration 0: peers:[7f2c1250-5750-453f-880f-f900c696f98f|rpc:10.1.0.194:35411|dataStream:10.1.0.194:44061|priority:1|startupRole:FOLLOWER, 22018fc8-4f04-4d80-8f55-d0eb73e2f788|rpc:10.1.0.194:38059|dataStream:10.1.0.194:45663|priority:0|startupRole:FOLLOWER, ac4b8c18-80b4-4feb-9785-680d8e9d2b2c|rpc:10.1.0.194:41097|dataStream:10.1.0.194:43371|priority:0|startupRole:FOLLOWER]|listeners:[], old=null
2023-05-03 09:48:06,020 [ac4b8c18-80b4-4feb-9785-680d8e9d2b2c-server-thread2] INFO  segmented.SegmentedRaftLogWorker (SegmentedRaftLogWorker.java:startLogSegment(452)) - ac4b8c18-80b4-4feb-9785-680d8e9d2b2c@group-7EF152AE622F-SegmentedRaftLogWorker: Starting segment from index:0
2023-05-03 09:48:06,021 [ac4b8c18-80b4-4feb-9785-680d8e9d2b2c@group-7EF152AE622F-SegmentedRaftLogWorker] INFO  segmented.SegmentedRaftLogWorker (SegmentedRaftLogWorker.java:execute(656)) - ac4b8c18-80b4-4feb-9785-680d8e9d2b2c@group-7EF152AE622F-SegmentedRaftLogWorker: created new log segment /home/runner/work/ozone/ozone/hadoop-ozone/integration-test/target/test-dir/MiniOzoneClusterImpl-4bec65cc-6935-45f5-a4e0-5572db01fbff/datanode-0/data/ratis/6a66d65b-20c2-431f-b22c-7ef152ae622f/current/log_inprogress_0
2023-05-03 09:48:06,114 [22018fc8-4f04-4d80-8f55-d0eb73e2f788@group-9F164D00BECF-FollowerState] INFO  impl.FollowerState (FollowerState.java:run(143)) - 22018fc8-4f04-4d80-8f55-d0eb73e2f788@group-9F164D00BECF-FollowerState: change to CANDIDATE, lastRpcElapsedTime:5145892607ns, electionTimeout:5143ms
2023-05-03 09:48:06,114 [22018fc8-4f04-4d80-8f55-d0eb73e2f788@group-9F164D00BECF-FollowerState] INFO  impl.RoleInfo (RoleInfo.java:shutdownFollowerState(110)) - 22018fc8-4f04-4d80-8f55-d0eb73e2f788: shutdown 22018fc8-4f04-4d80-8f55-d0eb73e2f788@group-9F164D00BECF-FollowerState
2023-05-03 09:48:06,114 [22018fc8-4f04-4d80-8f55-d0eb73e2f788@group-9F164D00BECF-FollowerState] INFO  server.RaftServer$Division (RaftServerImpl.java:setRole(321)) - 22018fc8-4f04-4d80-8f55-d0eb73e2f788@group-9F164D00BECF: changes role from  FOLLOWER to CANDIDATE at term 0 for changeToCandidate
2023-05-03 09:48:06,114 [22018fc8-4f04-4d80-8f55-d0eb73e2f788@group-9F164D00BECF-FollowerState] INFO  server.RaftServerConfigKeys (ConfUtils.java:logGet(46)) - raft.server.leaderelection.pre-vote = true (default)
2023-05-03 09:48:06,114 [22018fc8-4f04-4d80-8f55-d0eb73e2f788@group-9F164D00BECF-FollowerState] INFO  impl.RoleInfo (RoleInfo.java:updateAndGet(139)) - 22018fc8-4f04-4d80-8f55-d0eb73e2f788: start 22018fc8-4f04-4d80-8f55-d0eb73e2f788@group-9F164D00BECF-LeaderElection26
2023-05-03 09:48:06,120 [22018fc8-4f04-4d80-8f55-d0eb73e2f788@group-9F164D00BECF-LeaderElection26] INFO  impl.LeaderElection (LeaderElection.java:askForVotes(312)) - 22018fc8-4f04-4d80-8f55-d0eb73e2f788@group-9F164D00BECF-LeaderElection26 PRE_VOTE round 0: submit vote requests at term 0 for -1: peers:[22018fc8-4f04-4d80-8f55-d0eb73e2f788|rpc:10.1.0.194:38059|dataStream:10.1.0.194:45663|priority:1|startupRole:FOLLOWER]|listeners:[], old=null
2023-05-03 09:48:06,120 [22018fc8-4f04-4d80-8f55-d0eb73e2f788@group-9F164D00BECF-LeaderElection26] INFO  impl.LeaderElection (LeaderElection.java:askForVotes(314)) - 22018fc8-4f04-4d80-8f55-d0eb73e2f788@group-9F164D00BECF-LeaderElection26 PRE_VOTE round 0: result PASSED (term=0)
2023-05-03 09:48:06,121 [22018fc8-4f04-4d80-8f55-d0eb73e2f788@group-9F164D00BECF-LeaderElection26] INFO  impl.LeaderElection (LeaderElection.java:askForVotes(312)) - 22018fc8-4f04-4d80-8f55-d0eb73e2f788@group-9F164D00BECF-LeaderElection26 ELECTION round 0: submit vote requests at term 1 for -1: peers:[22018fc8-4f04-4d80-8f55-d0eb73e2f788|rpc:10.1.0.194:38059|dataStream:10.1.0.194:45663|priority:1|startupRole:FOLLOWER]|listeners:[], old=null
2023-05-03 09:48:06,121 [22018fc8-4f04-4d80-8f55-d0eb73e2f788@group-9F164D00BECF-LeaderElection26] INFO  impl.LeaderElection (LeaderElection.java:askForVotes(314)) - 22018fc8-4f04-4d80-8f55-d0eb73e2f788@group-9F164D00BECF-LeaderElection26 ELECTION round 0: result PASSED (term=1)
2023-05-03 09:48:06,121 [22018fc8-4f04-4d80-8f55-d0eb73e2f788@group-9F164D00BECF-LeaderElection26] INFO  impl.RoleInfo (RoleInfo.java:shutdownLeaderElection(130)) - 22018fc8-4f04-4d80-8f55-d0eb73e2f788: shutdown 22018fc8-4f04-4d80-8f55-d0eb73e2f788@group-9F164D00BECF-LeaderElection26
2023-05-03 09:48:06,121 [22018fc8-4f04-4d80-8f55-d0eb73e2f788@group-9F164D00BECF-LeaderElection26] INFO  server.RaftServer$Division (RaftServerImpl.java:setRole(321)) - 22018fc8-4f04-4d80-8f55-d0eb73e2f788@group-9F164D00BECF: changes role from CANDIDATE to LEADER at term 1 for changeToLeader
2023-05-03 09:48:06,121 [22018fc8-4f04-4d80-8f55-d0eb73e2f788@group-9F164D00BECF-LeaderElection26] INFO  ratis.XceiverServerRatis (XceiverServerRatis.java:handleLeaderChangedNotification(904)) - Leader change notification received for group: group-9F164D00BECF with new leaderId: 22018fc8-4f04-4d80-8f55-d0eb73e2f788
2023-05-03 09:48:06,123 [22018fc8-4f04-4d80-8f55-d0eb73e2f788@group-9F164D00BECF-LeaderElection26] INFO  server.RaftServer$Division (ServerState.java:setLeader(313)) - 22018fc8-4f04-4d80-8f55-d0eb73e2f788@group-9F164D00BECF: change Leader from null to 22018fc8-4f04-4d80-8f55-d0eb73e2f788 at term 1 for becomeLeader, leader elected after 5165ms
2023-05-03 09:48:06,123 [22018fc8-4f04-4d80-8f55-d0eb73e2f788@group-9F164D00BECF-LeaderElection26] INFO  server.RaftServerConfigKeys (ConfUtils.java:logGet(46)) - raft.server.staging.catchup.gap = 1000 (default)
2023-05-03 09:48:06,123 [22018fc8-4f04-4d80-8f55-d0eb73e2f788@group-9F164D00BECF-LeaderElection26] INFO  server.RaftServerConfigKeys (ConfUtils.java:logGet(46)) - raft.server.write.element-limit = 1024 (custom)
2023-05-03 09:48:06,123 [22018fc8-4f04-4d80-8f55-d0eb73e2f788@group-9F164D00BECF-LeaderElection26] INFO  server.RaftServerConfigKeys (ConfUtils.java:logGet(46)) - raft.server.write.byte-limit = 1024 M (=1073741824) (custom)
2023-05-03 09:48:06,124 [22018fc8-4f04-4d80-8f55-d0eb73e2f788@group-9F164D00BECF-LeaderElection26] INFO  server.RaftServerConfigKeys (ConfUtils.java:logGet(46)) - raft.server.watch.timeout = 180s (custom)
2023-05-03 09:48:06,124 [22018fc8-4f04-4d80-8f55-d0eb73e2f788@group-9F164D00BECF-LeaderElection26] INFO  server.RaftServerConfigKeys (ConfUtils.java:logGet(46)) - raft.server.watch.timeout.denomination = 1s (default)
2023-05-03 09:48:06,124 [22018fc8-4f04-4d80-8f55-d0eb73e2f788@group-9F164D00BECF-LeaderElection26] INFO  server.RaftServerConfigKeys (ConfUtils.java:logGet(46)) - raft.server.watch.element-limit = 65536 (default)
2023-05-03 09:48:06,124 [22018fc8-4f04-4d80-8f55-d0eb73e2f788@group-9F164D00BECF-LeaderElection26] INFO  server.RaftServerConfigKeys (ConfUtils.java:logGet(46)) - raft.server.write.element-limit = 1024 (custom)
2023-05-03 09:48:06,124 [22018fc8-4f04-4d80-8f55-d0eb73e2f788@group-9F164D00BECF-LeaderElection26] INFO  server.RaftServerConfigKeys (ConfUtils.java:logGet(46)) - raft.server.write.follower.gap.ratio.max = -1.0 (default)
2023-05-03 09:48:06,125 [22018fc8-4f04-4d80-8f55-d0eb73e2f788@group-9F164D00BECF-LeaderElection26] INFO  impl.RoleInfo (RoleInfo.java:updateAndGet(139)) - 22018fc8-4f04-4d80-8f55-d0eb73e2f788: start 22018fc8-4f04-4d80-8f55-d0eb73e2f788@group-9F164D00BECF-LeaderStateImpl
2023-05-03 09:48:06,125 [22018fc8-4f04-4d80-8f55-d0eb73e2f788@group-9F164D00BECF-LeaderElection26] INFO  segmented.SegmentedRaftLogWorker (SegmentedRaftLogWorker.java:startLogSegment(452)) - 22018fc8-4f04-4d80-8f55-d0eb73e2f788@group-9F164D00BECF-SegmentedRaftLogWorker: Starting segment from index:0
2023-05-03 09:48:06,126 [22018fc8-4f04-4d80-8f55-d0eb73e2f788@group-9F164D00BECF-SegmentedRaftLogWorker] INFO  segmented.SegmentedRaftLogWorker (SegmentedRaftLogWorker.java:execute(656)) - 22018fc8-4f04-4d80-8f55-d0eb73e2f788@group-9F164D00BECF-SegmentedRaftLogWorker: created new log segment /home/runner/work/ozone/ozone/hadoop-ozone/integration-test/target/test-dir/MiniOzoneClusterImpl-4bec65cc-6935-45f5-a4e0-5572db01fbff/datanode-1/data/ratis/37d06274-5463-49b5-8d39-9f164d00becf/current/log_inprogress_0
2023-05-03 09:48:06,127 [22018fc8-4f04-4d80-8f55-d0eb73e2f788@group-9F164D00BECF-LeaderElection26] INFO  server.RaftServer$Division (ServerState.java:setRaftConf(430)) - 22018fc8-4f04-4d80-8f55-d0eb73e2f788@group-9F164D00BECF: set configuration 0: peers:[22018fc8-4f04-4d80-8f55-d0eb73e2f788|rpc:10.1.0.194:38059|dataStream:10.1.0.194:45663|priority:1|startupRole:FOLLOWER]|listeners:[], old=null
2023-05-03 09:48:06,331 [Listener at 127.0.0.1/36541] INFO  ozone.MiniOzoneClusterImpl (MiniOzoneClusterImpl.java:lambda$waitForClusterToBeReady$0(223)) - Nodes are ready. Got 3 of 3 DN Heartbeats.
2023-05-03 09:48:06,331 [Listener at 127.0.0.1/36541] INFO  ozone.MiniOzoneClusterImpl (MiniOzoneClusterImpl.java:lambda$waitForClusterToBeReady$0(226)) - Cluster exits safe mode
2023-05-03 09:48:06,331 [Listener at 127.0.0.1/36541] INFO  ozone.MiniOzoneClusterImpl (MiniOzoneClusterImpl.java:lambda$waitForClusterToBeReady$0(228)) - SCM became leader
2023-05-03 09:48:06,603 [JvmPauseMonitor14] WARN  util.JvmPauseMonitor (JvmPauseMonitor.java:detectPause(126)) - JvmPauseMonitor-22018fc8-4f04-4d80-8f55-d0eb73e2f788: Detected pause in JVM or host machine (eg GC): pause of approximately 104863726ns. No GCs detected.
2023-05-03 09:48:06,604 [JvmPauseMonitor12] WARN  util.JvmPauseMonitor (JvmPauseMonitor.java:detectPause(126)) - JvmPauseMonitor-om1: Detected pause in JVM or host machine (eg GC): pause of approximately 116481221ns. No GCs detected.
2023-05-03 09:48:06,604 [7f2c1250-5750-453f-880f-f900c696f98f@group-432A0C806781-FollowerState] INFO  impl.FollowerState (FollowerState.java:run(143)) - 7f2c1250-5750-453f-880f-f900c696f98f@group-432A0C806781-FollowerState: change to CANDIDATE, lastRpcElapsedTime:5230106992ns, electionTimeout:5098ms
2023-05-03 09:48:06,604 [7f2c1250-5750-453f-880f-f900c696f98f@group-432A0C806781-FollowerState] INFO  impl.RoleInfo (RoleInfo.java:shutdownFollowerState(110)) - 7f2c1250-5750-453f-880f-f900c696f98f: shutdown 7f2c1250-5750-453f-880f-f900c696f98f@group-432A0C806781-FollowerState
2023-05-03 09:48:06,605 [7f2c1250-5750-453f-880f-f900c696f98f@group-432A0C806781-FollowerState] INFO  server.RaftServer$Division (RaftServerImpl.java:setRole(321)) - 7f2c1250-5750-453f-880f-f900c696f98f@group-432A0C806781: changes role from  FOLLOWER to CANDIDATE at term 0 for changeToCandidate
2023-05-03 09:48:06,605 [7f2c1250-5750-453f-880f-f900c696f98f@group-432A0C806781-FollowerState] INFO  server.RaftServerConfigKeys (ConfUtils.java:logGet(46)) - raft.server.leaderelection.pre-vote = true (default)
2023-05-03 09:48:06,605 [7f2c1250-5750-453f-880f-f900c696f98f@group-432A0C806781-FollowerState] INFO  impl.RoleInfo (RoleInfo.java:updateAndGet(139)) - 7f2c1250-5750-453f-880f-f900c696f98f: start 7f2c1250-5750-453f-880f-f900c696f98f@group-432A0C806781-LeaderElection27
2023-05-03 09:48:06,614 [7f2c1250-5750-453f-880f-f900c696f98f@group-432A0C806781-LeaderElection27] INFO  impl.LeaderElection (LeaderElection.java:askForVotes(312)) - 7f2c1250-5750-453f-880f-f900c696f98f@group-432A0C806781-LeaderElection27 PRE_VOTE round 0: submit vote requests at term 0 for -1: peers:[7f2c1250-5750-453f-880f-f900c696f98f|rpc:10.1.0.194:35411|dataStream:10.1.0.194:44061|priority:1|startupRole:FOLLOWER]|listeners:[], old=null
2023-05-03 09:48:06,614 [7f2c1250-5750-453f-880f-f900c696f98f@group-432A0C806781-LeaderElection27] INFO  impl.LeaderElection (LeaderElection.java:askForVotes(314)) - 7f2c1250-5750-453f-880f-f900c696f98f@group-432A0C806781-LeaderElection27 PRE_VOTE round 0: result PASSED (term=0)
2023-05-03 09:48:06,616 [7f2c1250-5750-453f-880f-f900c696f98f@group-432A0C806781-LeaderElection27] INFO  impl.LeaderElection (LeaderElection.java:askForVotes(312)) - 7f2c1250-5750-453f-880f-f900c696f98f@group-432A0C806781-LeaderElection27 ELECTION round 0: submit vote requests at term 1 for -1: peers:[7f2c1250-5750-453f-880f-f900c696f98f|rpc:10.1.0.194:35411|dataStream:10.1.0.194:44061|priority:1|startupRole:FOLLOWER]|listeners:[], old=null
2023-05-03 09:48:06,616 [7f2c1250-5750-453f-880f-f900c696f98f@group-432A0C806781-LeaderElection27] INFO  impl.LeaderElection (LeaderElection.java:askForVotes(314)) - 7f2c1250-5750-453f-880f-f900c696f98f@group-432A0C806781-LeaderElection27 ELECTION round 0: result PASSED (term=1)
2023-05-03 09:48:06,616 [7f2c1250-5750-453f-880f-f900c696f98f@group-432A0C806781-LeaderElection27] INFO  impl.RoleInfo (RoleInfo.java:shutdownLeaderElection(130)) - 7f2c1250-5750-453f-880f-f900c696f98f: shutdown 7f2c1250-5750-453f-880f-f900c696f98f@group-432A0C806781-LeaderElection27
2023-05-03 09:48:06,616 [7f2c1250-5750-453f-880f-f900c696f98f@group-432A0C806781-LeaderElection27] INFO  server.RaftServer$Division (RaftServerImpl.java:setRole(321)) - 7f2c1250-5750-453f-880f-f900c696f98f@group-432A0C806781: changes role from CANDIDATE to LEADER at term 1 for changeToLeader
2023-05-03 09:48:06,616 [7f2c1250-5750-453f-880f-f900c696f98f@group-432A0C806781-LeaderElection27] INFO  ratis.XceiverServerRatis (XceiverServerRatis.java:handleLeaderChangedNotification(904)) - Leader change notification received for group: group-432A0C806781 with new leaderId: 7f2c1250-5750-453f-880f-f900c696f98f
2023-05-03 09:48:06,617 [7f2c1250-5750-453f-880f-f900c696f98f@group-432A0C806781-LeaderElection27] INFO  server.RaftServer$Division (ServerState.java:setLeader(313)) - 7f2c1250-5750-453f-880f-f900c696f98f@group-432A0C806781: change Leader from null to 7f2c1250-5750-453f-880f-f900c696f98f at term 1 for becomeLeader, leader elected after 5276ms
2023-05-03 09:48:06,617 [7f2c1250-5750-453f-880f-f900c696f98f@group-432A0C806781-LeaderElection27] INFO  server.RaftServerConfigKeys (ConfUtils.java:logGet(46)) - raft.server.staging.catchup.gap = 1000 (default)
2023-05-03 09:48:06,617 [7f2c1250-5750-453f-880f-f900c696f98f@group-432A0C806781-LeaderElection27] INFO  server.RaftServerConfigKeys (ConfUtils.java:logGet(46)) - raft.server.write.element-limit = 1024 (custom)
2023-05-03 09:48:06,617 [7f2c1250-5750-453f-880f-f900c696f98f@group-432A0C806781-LeaderElection27] INFO  server.RaftServerConfigKeys (ConfUtils.java:logGet(46)) - raft.server.write.byte-limit = 1024 M (=1073741824) (custom)
2023-05-03 09:48:06,617 [7f2c1250-5750-453f-880f-f900c696f98f@group-432A0C806781-LeaderElection27] INFO  server.RaftServerConfigKeys (ConfUtils.java:logGet(46)) - raft.server.watch.timeout = 180s (custom)
2023-05-03 09:48:06,617 [7f2c1250-5750-453f-880f-f900c696f98f@group-432A0C806781-LeaderElection27] INFO  server.RaftServerConfigKeys (ConfUtils.java:logGet(46)) - raft.server.watch.timeout.denomination = 1s (default)
2023-05-03 09:48:06,618 [7f2c1250-5750-453f-880f-f900c696f98f@group-432A0C806781-LeaderElection27] INFO  server.RaftServerConfigKeys (ConfUtils.java:logGet(46)) - raft.server.watch.element-limit = 65536 (default)
2023-05-03 09:48:06,618 [7f2c1250-5750-453f-880f-f900c696f98f@group-432A0C806781-LeaderElection27] INFO  server.RaftServerConfigKeys (ConfUtils.java:logGet(46)) - raft.server.write.element-limit = 1024 (custom)
2023-05-03 09:48:06,618 [7f2c1250-5750-453f-880f-f900c696f98f@group-432A0C806781-LeaderElection27] INFO  server.RaftServerConfigKeys (ConfUtils.java:logGet(46)) - raft.server.write.follower.gap.ratio.max = -1.0 (default)
2023-05-03 09:48:06,619 [7f2c1250-5750-453f-880f-f900c696f98f@group-432A0C806781-LeaderElection27] INFO  impl.RoleInfo (RoleInfo.java:updateAndGet(139)) - 7f2c1250-5750-453f-880f-f900c696f98f: start 7f2c1250-5750-453f-880f-f900c696f98f@group-432A0C806781-LeaderStateImpl
2023-05-03 09:48:06,619 [7f2c1250-5750-453f-880f-f900c696f98f@group-432A0C806781-LeaderElection27] INFO  segmented.SegmentedRaftLogWorker (SegmentedRaftLogWorker.java:startLogSegment(452)) - 7f2c1250-5750-453f-880f-f900c696f98f@group-432A0C806781-SegmentedRaftLogWorker: Starting segment from index:0
2023-05-03 09:48:06,620 [7f2c1250-5750-453f-880f-f900c696f98f@group-432A0C806781-SegmentedRaftLogWorker] INFO  segmented.SegmentedRaftLogWorker (SegmentedRaftLogWorker.java:execute(656)) - 7f2c1250-5750-453f-880f-f900c696f98f@group-432A0C806781-SegmentedRaftLogWorker: created new log segment /home/runner/work/ozone/ozone/hadoop-ozone/integration-test/target/test-dir/MiniOzoneClusterImpl-4bec65cc-6935-45f5-a4e0-5572db01fbff/datanode-2/data/ratis/89802633-d8db-43d0-a6a3-432a0c806781/current/log_inprogress_0
2023-05-03 09:48:06,633 [7f2c1250-5750-453f-880f-f900c696f98f@group-432A0C806781-LeaderElection27] INFO  server.RaftServer$Division (ServerState.java:setRaftConf(430)) - 7f2c1250-5750-453f-880f-f900c696f98f@group-432A0C806781: set configuration 0: peers:[7f2c1250-5750-453f-880f-f900c696f98f|rpc:10.1.0.194:35411|dataStream:10.1.0.194:44061|priority:1|startupRole:FOLLOWER]|listeners:[], old=null
09:48:06.663 [Listener at 127.0.0.1/36541] ERROR SCMAudit - user=null | ip=null | op=DELETE_CONTAINER {remoteUser=unknownUser, containerID=1683107286635} | ret=FAILURE
org.apache.hadoop.security.AccessControlException: Access denied for user unknownUser. SCM superuser privilege is required.
	at org.apache.hadoop.hdds.scm.server.StorageContainerManager.checkAdminAccess(StorageContainerManager.java:1862) ~[hdds-server-scm-1.4.0-SNAPSHOT.jar:?]
	at org.apache.hadoop.hdds.scm.server.SCMClientProtocolServer.deleteContainer(SCMClientProtocolServer.java:587) [hdds-server-scm-1.4.0-SNAPSHOT.jar:?]
	at sun.reflect.NativeMethodAccessorImpl.invoke0(Native Method) ~[?:1.8.0_362]
	at sun.reflect.NativeMethodAccessorImpl.invoke(NativeMethodAccessorImpl.java:62) ~[?:1.8.0_362]
	at sun.reflect.DelegatingMethodAccessorImpl.invoke(DelegatingMethodAccessorImpl.java:43) ~[?:1.8.0_362]
	at java.lang.reflect.Method.invoke(Method.java:498) ~[?:1.8.0_362]
	at org.mockito.internal.creation.bytebuddy.MockMethodAdvice.tryInvoke(MockMethodAdvice.java:212) [mockito-core-2.28.2.jar:?]
	at org.mockito.internal.creation.bytebuddy.MockMethodAdvice.access$400(MockMethodAdvice.java:34) [mockito-core-2.28.2.jar:?]
	at org.mockito.internal.creation.bytebuddy.MockMethodAdvice$RealMethodCall.invoke(MockMethodAdvice.java:164) [mockito-core-2.28.2.jar:?]
	at org.mockito.internal.invocation.InterceptedInvocation.callRealMethod(InterceptedInvocation.java:152) [mockito-core-2.28.2.jar:?]
	at org.mockito.internal.stubbing.answers.CallsRealMethods.answer(CallsRealMethods.java:43) [mockito-core-2.28.2.jar:?]
	at org.mockito.Answers.answer(Answers.java:100) [mockito-core-2.28.2.jar:?]
	at org.mockito.internal.handler.MockHandlerImpl.handle(MockHandlerImpl.java:103) [mockito-core-2.28.2.jar:?]
	at org.mockito.internal.handler.NullResultGuardian.handle(NullResultGuardian.java:29) [mockito-core-2.28.2.jar:?]
	at org.mockito.internal.handler.InvocationNotifierHandler.handle(InvocationNotifierHandler.java:35) [mockito-core-2.28.2.jar:?]
	at org.mockito.internal.creation.bytebuddy.MockMethodInterceptor.doIntercept(MockMethodInterceptor.java:61) [mockito-core-2.28.2.jar:?]
	at org.mockito.internal.creation.bytebuddy.MockMethodAdvice.handle(MockMethodAdvice.java:105) [mockito-core-2.28.2.jar:?]
	at org.apache.hadoop.hdds.scm.server.SCMClientProtocolServer.deleteContainer(SCMClientProtocolServer.java:582) [hdds-server-scm-1.4.0-SNAPSHOT.jar:?]
	at org.apache.hadoop.ozone.TestStorageContainerManager.testRpcPermissionWithConf(TestStorageContainerManager.java:204) [test-classes/:?]
	at org.apache.hadoop.ozone.TestStorageContainerManager.testRpcPermission(TestStorageContainerManager.java:178) [test-classes/:?]
	at sun.reflect.NativeMethodAccessorImpl.invoke0(Native Method) ~[?:1.8.0_362]
	at sun.reflect.NativeMethodAccessorImpl.invoke(NativeMethodAccessorImpl.java:62) ~[?:1.8.0_362]
	at sun.reflect.DelegatingMethodAccessorImpl.invoke(DelegatingMethodAccessorImpl.java:43) ~[?:1.8.0_362]
	at java.lang.reflect.Method.invoke(Method.java:498) ~[?:1.8.0_362]
	at org.junit.runners.model.FrameworkMethod$1.runReflectiveCall(FrameworkMethod.java:59) [junit-4.13.1.jar:4.13.1]
	at org.junit.internal.runners.model.ReflectiveCallable.run(ReflectiveCallable.java:12) [junit-4.13.1.jar:4.13.1]
	at org.junit.runners.model.FrameworkMethod.invokeExplosively(FrameworkMethod.java:56) [junit-4.13.1.jar:4.13.1]
	at org.junit.internal.runners.statements.InvokeMethod.evaluate(InvokeMethod.java:17) [junit-4.13.1.jar:4.13.1]
	at org.junit.internal.runners.statements.RunAfters.evaluate(RunAfters.java:27) [junit-4.13.1.jar:4.13.1]
	at org.junit.rules.ExpectedException$ExpectedExceptionStatement.evaluate(ExpectedException.java:258) [junit-4.13.1.jar:4.13.1]
	at org.junit.internal.runners.statements.FailOnTimeout$CallableStatement.call(FailOnTimeout.java:288) [junit-4.13.1.jar:4.13.1]
	at org.junit.internal.runners.statements.FailOnTimeout$CallableStatement.call(FailOnTimeout.java:282) [junit-4.13.1.jar:4.13.1]
	at java.util.concurrent.FutureTask.run(FutureTask.java:266) [?:1.8.0_362]
	at java.lang.Thread.run(Thread.java:750) [?:1.8.0_362]
2023-05-03 09:48:06,696 [Listener at 127.0.0.1/36541] INFO  ozone.MiniOzoneClusterImpl (MiniOzoneClusterImpl.java:shutdown(456)) - Shutting down the Mini Ozone Cluster
2023-05-03 09:48:06,697 [Listener at 127.0.0.1/36541] INFO  ozone.MiniOzoneClusterImpl (MiniOzoneClusterImpl.java:stop(474)) - Stopping the Mini Ozone Cluster
2023-05-03 09:48:06,697 [Listener at 127.0.0.1/36541] INFO  ozone.MiniOzoneClusterImpl (MiniOzoneClusterImpl.java:stopOM(560)) - Stopping the OzoneManager
2023-05-03 09:48:06,697 [Listener at 127.0.0.1/36541] INFO  om.OzoneManager (OzoneManager.java:stop(2165)) - om1[localhost:0]: Stopping Ozone Manager
2023-05-03 09:48:06,697 [Listener at 127.0.0.1/36541] INFO  ipc.Server (Server.java:stop(3501)) - Stopping server on 36541
2023-05-03 09:48:06,699 [IPC Server listener on 0] INFO  ipc.Server (Server.java:run(1430)) - Stopping IPC Server listener on 0
2023-05-03 09:48:06,701 [IPC Server Responder] INFO  ipc.Server (Server.java:run(1563)) - Stopping IPC Server Responder
2023-05-03 09:48:06,701 [Listener at 127.0.0.1/36541] INFO  server.RaftServer (RaftServerProxy.java:lambda$close$6(409)) - om1: close
2023-05-03 09:48:06,701 [Listener at 127.0.0.1/36541] INFO  server.GrpcService (GrpcService.java:closeImpl(271)) - om1: shutdown server GrpcServerProtocolService now
2023-05-03 09:48:06,701 [om1-impl-thread1] INFO  server.RaftServer$Division (RaftServerImpl.java:lambda$close$4(458)) - om1@group-C5BA1605619E: shutdown
2023-05-03 09:48:06,702 [om1-impl-thread1] INFO  util.JmxRegister (JmxRegister.java:unregister(73)) - Successfully un-registered JMX Bean with object name Ratis:service=RaftServer,group=group-C5BA1605619E,id=om1
2023-05-03 09:48:06,702 [om1-impl-thread1] INFO  impl.RoleInfo (RoleInfo.java:shutdownLeaderState(93)) - om1: shutdown om1@group-C5BA1605619E-LeaderStateImpl
2023-05-03 09:48:06,702 [om1-impl-thread1] INFO  impl.PendingRequests (PendingRequests.java:sendNotLeaderResponses(282)) - om1@group-C5BA1605619E-PendingRequests: sendNotLeaderResponses
2023-05-03 09:48:06,703 [om1-impl-thread1] INFO  impl.StateMachineUpdater (StateMachineUpdater.java:stopAndJoin(153)) - om1@group-C5BA1605619E-StateMachineUpdater: set stopIndex = 0
2023-05-03 09:48:06,703 [om1@group-C5BA1605619E-StateMachineUpdater] INFO  ratis.OzoneManagerStateMachine (OzoneManagerStateMachine.java:takeSnapshot(479)) - Current Snapshot Index (t:1, i:0)
2023-05-03 09:48:06,703 [Listener at 127.0.0.1/36541] INFO  server.GrpcService (GrpcService.java:closeImpl(280)) - om1: shutdown server GrpcServerProtocolService successfully
2023-05-03 09:48:06,710 [om1@group-C5BA1605619E-StateMachineUpdater] INFO  impl.StateMachineUpdater (StateMachineUpdater.java:takeSnapshot(287)) - om1@group-C5BA1605619E-StateMachineUpdater: Took a snapshot at index 0
2023-05-03 09:48:06,710 [om1@group-C5BA1605619E-StateMachineUpdater] INFO  impl.StateMachineUpdater (StateMachineUpdater.java:lambda$new$0(92)) - om1@group-C5BA1605619E-StateMachineUpdater: snapshotIndex: updateIncreasingly -1 -> 0
2023-05-03 09:48:06,710 [om1@group-C5BA1605619E-StateMachineUpdater] INFO  ratis.OzoneManagerStateMachine (OzoneManagerStateMachine.java:close(533)) - StateMachine has shutdown. Shutdown OzoneManager if not already shutdown.
2023-05-03 09:48:06,710 [om1@group-C5BA1605619E-StateMachineUpdater] INFO  ratis.OzoneManagerDoubleBuffer (OzoneManagerDoubleBuffer.java:stopDaemon(540)) - Stopping OMDoubleBuffer flush thread
2023-05-03 09:48:06,710 [OMDoubleBufferFlushThread] INFO  ratis.OzoneManagerDoubleBuffer (OzoneManagerDoubleBuffer.java:canFlush(625)) - OMDoubleBuffer flush thread OMDoubleBufferFlushThread is interrupted and will exit.
2023-05-03 09:48:06,711 [om1-impl-thread1] INFO  server.RaftServer$Division (ServerState.java:close(466)) - om1@group-C5BA1605619E: closes. applyIndex: 0
2023-05-03 09:48:06,712 [om1@group-C5BA1605619E-SegmentedRaftLogWorker] INFO  segmented.SegmentedRaftLogWorker (SegmentedRaftLogWorker.java:run(347)) - om1@group-C5BA1605619E-SegmentedRaftLogWorker was interrupted, exiting. There are 0 tasks remaining in the queue.
2023-05-03 09:48:06,713 [om1-impl-thread1] INFO  segmented.SegmentedRaftLogWorker (SegmentedRaftLogWorker.java:close(257)) - om1@group-C5BA1605619E-SegmentedRaftLogWorker close()
2023-05-03 09:48:06,713 [JvmPauseMonitor12] INFO  util.JvmPauseMonitor (JvmPauseMonitor.java:run(111)) - JvmPauseMonitor-om1: Stopped
2023-05-03 09:48:06,713 [Listener at 127.0.0.1/36541] INFO  ratis.OzoneManagerStateMachine (OzoneManagerStateMachine.java:close(533)) - StateMachine has shutdown. Shutdown OzoneManager if not already shutdown.
2023-05-03 09:48:06,713 [Listener at 127.0.0.1/36541] INFO  ratis.OzoneManagerDoubleBuffer (OzoneManagerDoubleBuffer.java:stopDaemon(549)) - OMDoubleBuffer flush thread is not running.
2023-05-03 09:48:06,714 [Listener at 127.0.0.1/36541] INFO  utils.BackgroundService (BackgroundService.java:shutdown(141)) - Shutting down service KeyDeletingService
2023-05-03 09:48:06,714 [Listener at 127.0.0.1/36541] INFO  utils.BackgroundService (BackgroundService.java:shutdown(141)) - Shutting down service KeyDeletingService
2023-05-03 09:48:06,714 [Listener at 127.0.0.1/36541] INFO  utils.BackgroundService (BackgroundService.java:shutdown(141)) - Shutting down service OpenKeyCleanupService
2023-05-03 09:48:06,714 [Listener at 127.0.0.1/36541] INFO  utils.BackgroundService (BackgroundService.java:shutdown(141)) - Shutting down service SstFilteringService
2023-05-03 09:48:06,715 [Listener at 127.0.0.1/36541] INFO  utils.BackgroundService (BackgroundService.java:shutdown(141)) - Shutting down service SnapshotDeletingService
2023-05-03 09:48:06,716 [Listener at 127.0.0.1/36541] INFO  handler.ContextHandler (ContextHandler.java:doStop(1159)) - Stopped o.e.j.w.WebAppContext@333ab084{ozoneManager,/,null,STOPPED}{file:/home/runner/work/ozone/ozone/hadoop-ozone/integration-test/target/test-classes/webapps/ozoneManager}
2023-05-03 09:48:06,717 [Listener at 127.0.0.1/36541] INFO  server.AbstractConnector (AbstractConnector.java:doStop(383)) - Stopped ServerConnector@5f3aa129{HTTP/1.1, (http/1.1)}{0.0.0.0:0}
2023-05-03 09:48:06,717 [Listener at 127.0.0.1/36541] INFO  server.session (HouseKeeper.java:stopScavenging(149)) - node0 Stopped scavenging
2023-05-03 09:48:06,717 [Listener at 127.0.0.1/36541] INFO  handler.ContextHandler (ContextHandler.java:doStop(1159)) - Stopped o.e.j.s.ServletContextHandler@2e649e3b{static,/static,file:///home/runner/work/ozone/ozone/hadoop-ozone/integration-test/target/test-classes/webapps/static,STOPPED}
2023-05-03 09:48:06,717 [Listener at 127.0.0.1/36541] INFO  handler.ContextHandler (ContextHandler.java:doStop(1159)) - Stopped o.e.j.s.ServletContextHandler@6c7ee707{logs,/logs,file:///home/runner/work/ozone/ozone/hadoop-ozone/integration-test/target/log,STOPPED}
2023-05-03 09:48:06,721 [Listener at 127.0.0.1/36541] INFO  utils.BackgroundService (BackgroundService.java:shutdown(141)) - Shutting down service SnapshotDiffCleanupService
2023-05-03 09:48:06,722 [Listener at 127.0.0.1/36541] INFO  ozone.MiniOzoneClusterImpl (MiniOzoneClusterImpl.java:stopDatanodes(537)) - Stopping the HddsDatanodes
2023-05-03 09:48:06,728 [Listener at 127.0.0.1/36541] INFO  ozoneimpl.OzoneContainer (OzoneContainer.java:stop(419)) - Attempting to stop container services.
2023-05-03 09:48:06,728 [Listener at 127.0.0.1/36541] INFO  server.RaftServer (RaftServerProxy.java:lambda$close$6(409)) - 22018fc8-4f04-4d80-8f55-d0eb73e2f788: close
2023-05-03 09:48:06,728 [22018fc8-4f04-4d80-8f55-d0eb73e2f788-impl-thread1] INFO  server.RaftServer$Division (RaftServerImpl.java:lambda$close$4(458)) - 22018fc8-4f04-4d80-8f55-d0eb73e2f788@group-9F164D00BECF: shutdown
2023-05-03 09:48:06,728 [22018fc8-4f04-4d80-8f55-d0eb73e2f788-impl-thread1] INFO  util.JmxRegister (JmxRegister.java:unregister(73)) - Successfully un-registered JMX Bean with object name Ratis:service=RaftServer,group=group-9F164D00BECF,id=22018fc8-4f04-4d80-8f55-d0eb73e2f788
2023-05-03 09:48:06,728 [22018fc8-4f04-4d80-8f55-d0eb73e2f788-impl-thread1] INFO  impl.RoleInfo (RoleInfo.java:shutdownLeaderState(93)) - 22018fc8-4f04-4d80-8f55-d0eb73e2f788: shutdown 22018fc8-4f04-4d80-8f55-d0eb73e2f788@group-9F164D00BECF-LeaderStateImpl
2023-05-03 09:48:06,729 [22018fc8-4f04-4d80-8f55-d0eb73e2f788-impl-thread1] INFO  impl.PendingRequests (PendingRequests.java:sendNotLeaderResponses(282)) - 22018fc8-4f04-4d80-8f55-d0eb73e2f788@group-9F164D00BECF-PendingRequests: sendNotLeaderResponses
2023-05-03 09:48:06,729 [22018fc8-4f04-4d80-8f55-d0eb73e2f788-impl-thread1] INFO  impl.StateMachineUpdater (StateMachineUpdater.java:stopAndJoin(153)) - 22018fc8-4f04-4d80-8f55-d0eb73e2f788@group-9F164D00BECF-StateMachineUpdater: set stopIndex = 0
2023-05-03 09:48:06,729 [22018fc8-4f04-4d80-8f55-d0eb73e2f788@group-9F164D00BECF-StateMachineUpdater] INFO  ratis.ContainerStateMachine (ContainerStateMachine.java:takeSnapshot(330)) - group-9F164D00BECF: Taking a snapshot at:(t:1, i:0) file /home/runner/work/ozone/ozone/hadoop-ozone/integration-test/target/test-dir/MiniOzoneClusterImpl-4bec65cc-6935-45f5-a4e0-5572db01fbff/datanode-1/data/ratis/37d06274-5463-49b5-8d39-9f164d00becf/sm/snapshot.1_0
2023-05-03 09:48:06,730 [22018fc8-4f04-4d80-8f55-d0eb73e2f788@group-9F164D00BECF-StateMachineUpdater] INFO  ratis.ContainerStateMachine (ContainerStateMachine.java:takeSnapshot(341)) - group-9F164D00BECF: Finished taking a snapshot at:(t:1, i:0) file:/home/runner/work/ozone/ozone/hadoop-ozone/integration-test/target/test-dir/MiniOzoneClusterImpl-4bec65cc-6935-45f5-a4e0-5572db01fbff/datanode-1/data/ratis/37d06274-5463-49b5-8d39-9f164d00becf/sm/snapshot.1_0 took: 1 ms
2023-05-03 09:48:06,730 [22018fc8-4f04-4d80-8f55-d0eb73e2f788@group-9F164D00BECF-StateMachineUpdater] INFO  impl.StateMachineUpdater (StateMachineUpdater.java:takeSnapshot(287)) - 22018fc8-4f04-4d80-8f55-d0eb73e2f788@group-9F164D00BECF-StateMachineUpdater: Took a snapshot at index 0
2023-05-03 09:48:06,730 [22018fc8-4f04-4d80-8f55-d0eb73e2f788@group-9F164D00BECF-StateMachineUpdater] INFO  impl.StateMachineUpdater (StateMachineUpdater.java:lambda$new$0(92)) - 22018fc8-4f04-4d80-8f55-d0eb73e2f788@group-9F164D00BECF-StateMachineUpdater: snapshotIndex: updateIncreasingly -1 -> 0
2023-05-03 09:48:06,730 [22018fc8-4f04-4d80-8f55-d0eb73e2f788-impl-thread1] INFO  server.RaftServer$Division (ServerState.java:close(466)) - 22018fc8-4f04-4d80-8f55-d0eb73e2f788@group-9F164D00BECF: closes. applyIndex: 0
2023-05-03 09:48:06,731 [22018fc8-4f04-4d80-8f55-d0eb73e2f788-impl-thread2] INFO  server.RaftServer$Division (RaftServerImpl.java:lambda$close$4(458)) - 22018fc8-4f04-4d80-8f55-d0eb73e2f788@group-0349FDDDB6AE: shutdown
2023-05-03 09:48:06,732 [22018fc8-4f04-4d80-8f55-d0eb73e2f788-impl-thread2] INFO  util.JmxRegister (JmxRegister.java:unregister(73)) - Successfully un-registered JMX Bean with object name Ratis:service=RaftServer,group=group-0349FDDDB6AE,id=22018fc8-4f04-4d80-8f55-d0eb73e2f788
2023-05-03 09:48:06,732 [22018fc8-4f04-4d80-8f55-d0eb73e2f788-impl-thread2] INFO  impl.RoleInfo (RoleInfo.java:shutdownFollowerState(110)) - 22018fc8-4f04-4d80-8f55-d0eb73e2f788: shutdown 22018fc8-4f04-4d80-8f55-d0eb73e2f788@group-0349FDDDB6AE-FollowerState
2023-05-03 09:48:06,732 [Listener at 127.0.0.1/36541] INFO  server.GrpcService (GrpcService.java:closeImpl(271)) - 22018fc8-4f04-4d80-8f55-d0eb73e2f788: shutdown server GrpcServerProtocolService now
2023-05-03 09:48:06,733 [22018fc8-4f04-4d80-8f55-d0eb73e2f788@group-9F164D00BECF-SegmentedRaftLogWorker] INFO  segmented.SegmentedRaftLogWorker (SegmentedRaftLogWorker.java:run(347)) - 22018fc8-4f04-4d80-8f55-d0eb73e2f788@group-9F164D00BECF-SegmentedRaftLogWorker was interrupted, exiting. There are 0 tasks remaining in the queue.
2023-05-03 09:48:06,734 [22018fc8-4f04-4d80-8f55-d0eb73e2f788-impl-thread1] INFO  segmented.SegmentedRaftLogWorker (SegmentedRaftLogWorker.java:close(257)) - 22018fc8-4f04-4d80-8f55-d0eb73e2f788@group-9F164D00BECF-SegmentedRaftLogWorker close()
2023-05-03 09:48:06,734 [22018fc8-4f04-4d80-8f55-d0eb73e2f788@group-0349FDDDB6AE-FollowerState] INFO  impl.FollowerState (FollowerState.java:run(152)) - 22018fc8-4f04-4d80-8f55-d0eb73e2f788@group-0349FDDDB6AE-FollowerState was interrupted
2023-05-03 09:48:06,735 [grpc-default-executor-5] WARN  server.GrpcServerProtocolService (LogUtils.java:warn(122)) - 22018fc8-4f04-4d80-8f55-d0eb73e2f788: installSnapshot onError, lastRequest: null: org.apache.ratis.thirdparty.io.grpc.StatusRuntimeException: CANCELLED: client cancelled
2023-05-03 09:48:06,736 [ForkJoinPool.commonPool-worker-1] INFO  ozoneimpl.OzoneContainer (OzoneContainer.java:stop(419)) - Attempting to stop container services.
2023-05-03 09:48:06,736 [grpc-default-executor-0] WARN  server.GrpcServerProtocolService (LogUtils.java:warn(122)) - 22018fc8-4f04-4d80-8f55-d0eb73e2f788: installSnapshot onError, lastRequest: 7f2c1250-5750-453f-880f-f900c696f98f->22018fc8-4f04-4d80-8f55-d0eb73e2f788#1-t1,previous=(t:0, i:0),leaderCommit=0,initializing? true,entries: size=1, first=(t:1, i:0), CONFIGURATIONENTRY(current:id: "7f2c1250-5750-453f-880f-f900c696f98f"
address: "10.1.0.194:35411"
priority: 1
dataStreamAddress: "10.1.0.194:44061"
clientAddress: "10.1.0.194:35411"
adminAddress: "10.1.0.194:35411"
startupRole: FOLLOWER
,id: "22018fc8-4f04-4d80-8f55-d0eb73e2f788"
address: "10.1.0.194:38059"
dataStreamAddress: "10.1.0.194:45663"
clientAddress: "10.1.0.194:38059"
adminAddress: "10.1.0.194:38059"
startupRole: FOLLOWER
,id: "ac4b8c18-80b4-4feb-9785-680d8e9d2b2c"
address: "10.1.0.194:41097"
dataStreamAddress: "10.1.0.194:43371"
clientAddress: "10.1.0.194:41097"
adminAddress: "10.1.0.194:41097"
startupRole: FOLLOWER
, old:): org.apache.ratis.thirdparty.io.grpc.StatusRuntimeException: CANCELLED: client cancelled
2023-05-03 09:48:06,737 [Listener at 127.0.0.1/36541] INFO  server.GrpcServerProtocolClient (GrpcServerProtocolClient.java:close(101)) - 7f2c1250-5750-453f-880f-f900c696f98f Close channels
2023-05-03 09:48:06,737 [22018fc8-4f04-4d80-8f55-d0eb73e2f788-impl-thread2] INFO  impl.StateMachineUpdater (StateMachineUpdater.java:stopAndJoin(153)) - 22018fc8-4f04-4d80-8f55-d0eb73e2f788@group-0349FDDDB6AE-StateMachineUpdater: set stopIndex = 0
2023-05-03 09:48:06,737 [22018fc8-4f04-4d80-8f55-d0eb73e2f788-impl-thread3] INFO  server.RaftServer$Division (RaftServerImpl.java:lambda$close$4(458)) - 22018fc8-4f04-4d80-8f55-d0eb73e2f788@group-7EF152AE622F: shutdown
2023-05-03 09:48:06,737 [22018fc8-4f04-4d80-8f55-d0eb73e2f788@group-0349FDDDB6AE-StateMachineUpdater] INFO  ratis.ContainerStateMachine (ContainerStateMachine.java:takeSnapshot(330)) - group-0349FDDDB6AE: Taking a snapshot at:(t:1, i:0) file /home/runner/work/ozone/ozone/hadoop-ozone/integration-test/target/test-dir/MiniOzoneClusterImpl-4bec65cc-6935-45f5-a4e0-5572db01fbff/datanode-1/data/ratis/b16bc958-938d-45ed-9243-0349fdddb6ae/sm/snapshot.1_0
2023-05-03 09:48:06,738 [ForkJoinPool.commonPool-worker-1] INFO  server.RaftServer (RaftServerProxy.java:lambda$close$6(409)) - ac4b8c18-80b4-4feb-9785-680d8e9d2b2c: close
2023-05-03 09:48:06,738 [22018fc8-4f04-4d80-8f55-d0eb73e2f788@group-0349FDDDB6AE-StateMachineUpdater] INFO  ratis.ContainerStateMachine (ContainerStateMachine.java:takeSnapshot(341)) - group-0349FDDDB6AE: Finished taking a snapshot at:(t:1, i:0) file:/home/runner/work/ozone/ozone/hadoop-ozone/integration-test/target/test-dir/MiniOzoneClusterImpl-4bec65cc-6935-45f5-a4e0-5572db01fbff/datanode-1/data/ratis/b16bc958-938d-45ed-9243-0349fdddb6ae/sm/snapshot.1_0 took: 1 ms
2023-05-03 09:48:06,738 [22018fc8-4f04-4d80-8f55-d0eb73e2f788@group-0349FDDDB6AE-StateMachineUpdater] INFO  impl.StateMachineUpdater (StateMachineUpdater.java:takeSnapshot(287)) - 22018fc8-4f04-4d80-8f55-d0eb73e2f788@group-0349FDDDB6AE-StateMachineUpdater: Took a snapshot at index 0
2023-05-03 09:48:06,738 [22018fc8-4f04-4d80-8f55-d0eb73e2f788@group-0349FDDDB6AE-StateMachineUpdater] INFO  impl.StateMachineUpdater (StateMachineUpdater.java:lambda$new$0(92)) - 22018fc8-4f04-4d80-8f55-d0eb73e2f788@group-0349FDDDB6AE-StateMachineUpdater: snapshotIndex: updateIncreasingly -1 -> 0
2023-05-03 09:48:06,739 [ac4b8c18-80b4-4feb-9785-680d8e9d2b2c-impl-thread1] INFO  server.RaftServer$Division (RaftServerImpl.java:lambda$close$4(458)) - ac4b8c18-80b4-4feb-9785-680d8e9d2b2c@group-0349FDDDB6AE: shutdown
2023-05-03 09:48:06,737 [22018fc8-4f04-4d80-8f55-d0eb73e2f788-impl-thread3] INFO  util.JmxRegister (JmxRegister.java:unregister(73)) - Successfully un-registered JMX Bean with object name Ratis:service=RaftServer,group=group-7EF152AE622F,id=22018fc8-4f04-4d80-8f55-d0eb73e2f788
2023-05-03 09:48:06,739 [ac4b8c18-80b4-4feb-9785-680d8e9d2b2c-impl-thread1] INFO  util.JmxRegister (JmxRegister.java:unregister(73)) - Successfully un-registered JMX Bean with object name Ratis:service=RaftServer,group=group-0349FDDDB6AE,id=ac4b8c18-80b4-4feb-9785-680d8e9d2b2c
2023-05-03 09:48:06,739 [22018fc8-4f04-4d80-8f55-d0eb73e2f788-impl-thread3] INFO  impl.RoleInfo (RoleInfo.java:shutdownFollowerState(110)) - 22018fc8-4f04-4d80-8f55-d0eb73e2f788: shutdown 22018fc8-4f04-4d80-8f55-d0eb73e2f788@group-7EF152AE622F-FollowerState
2023-05-03 09:48:06,739 [ac4b8c18-80b4-4feb-9785-680d8e9d2b2c-impl-thread1] INFO  impl.RoleInfo (RoleInfo.java:shutdownLeaderState(93)) - ac4b8c18-80b4-4feb-9785-680d8e9d2b2c: shutdown ac4b8c18-80b4-4feb-9785-680d8e9d2b2c@group-0349FDDDB6AE-LeaderStateImpl
2023-05-03 09:48:06,739 [22018fc8-4f04-4d80-8f55-d0eb73e2f788-impl-thread2] INFO  server.RaftServer$Division (ServerState.java:close(466)) - 22018fc8-4f04-4d80-8f55-d0eb73e2f788@group-0349FDDDB6AE: closes. applyIndex: 0
2023-05-03 09:48:06,739 [ac4b8c18-80b4-4feb-9785-680d8e9d2b2c-impl-thread1] INFO  impl.PendingRequests (PendingRequests.java:sendNotLeaderResponses(282)) - ac4b8c18-80b4-4feb-9785-680d8e9d2b2c@group-0349FDDDB6AE-PendingRequests: sendNotLeaderResponses
2023-05-03 09:48:06,739 [22018fc8-4f04-4d80-8f55-d0eb73e2f788@group-0349FDDDB6AE-SegmentedRaftLogWorker] INFO  segmented.SegmentedRaftLogWorker (SegmentedRaftLogWorker.java:run(347)) - 22018fc8-4f04-4d80-8f55-d0eb73e2f788@group-0349FDDDB6AE-SegmentedRaftLogWorker was interrupted, exiting. There are 0 tasks remaining in the queue.
2023-05-03 09:48:06,745 [22018fc8-4f04-4d80-8f55-d0eb73e2f788@group-7EF152AE622F-FollowerState] INFO  impl.FollowerState (FollowerState.java:run(152)) - 22018fc8-4f04-4d80-8f55-d0eb73e2f788@group-7EF152AE622F-FollowerState was interrupted
2023-05-03 09:48:06,745 [ac4b8c18-80b4-4feb-9785-680d8e9d2b2c@group-0349FDDDB6AE->22018fc8-4f04-4d80-8f55-d0eb73e2f788-GrpcLogAppender-LogAppenderDaemon] WARN  server.GrpcLogAppender (GrpcLogAppender.java:mayWait(200)) - ac4b8c18-80b4-4feb-9785-680d8e9d2b2c@group-0349FDDDB6AE->22018fc8-4f04-4d80-8f55-d0eb73e2f788-GrpcLogAppender: Wait interrupted by java.lang.InterruptedException
2023-05-03 09:48:06,745 [22018fc8-4f04-4d80-8f55-d0eb73e2f788@group-7EF152AE622F-StateMachineUpdater] INFO  ratis.ContainerStateMachine (ContainerStateMachine.java:takeSnapshot(330)) - group-7EF152AE622F: Taking a snapshot at:(t:1, i:0) file /home/runner/work/ozone/ozone/hadoop-ozone/integration-test/target/test-dir/MiniOzoneClusterImpl-4bec65cc-6935-45f5-a4e0-5572db01fbff/datanode-1/data/ratis/6a66d65b-20c2-431f-b22c-7ef152ae622f/sm/snapshot.1_0
2023-05-03 09:48:06,746 [22018fc8-4f04-4d80-8f55-d0eb73e2f788-impl-thread3] INFO  impl.StateMachineUpdater (StateMachineUpdater.java:stopAndJoin(153)) - 22018fc8-4f04-4d80-8f55-d0eb73e2f788@group-7EF152AE622F-StateMachineUpdater: set stopIndex = 0
2023-05-03 09:48:06,746 [22018fc8-4f04-4d80-8f55-d0eb73e2f788-impl-thread2] INFO  segmented.SegmentedRaftLogWorker (SegmentedRaftLogWorker.java:close(257)) - 22018fc8-4f04-4d80-8f55-d0eb73e2f788@group-0349FDDDB6AE-SegmentedRaftLogWorker close()
2023-05-03 09:48:06,746 [22018fc8-4f04-4d80-8f55-d0eb73e2f788@group-7EF152AE622F-StateMachineUpdater] INFO  ratis.ContainerStateMachine (ContainerStateMachine.java:takeSnapshot(341)) - group-7EF152AE622F: Finished taking a snapshot at:(t:1, i:0) file:/home/runner/work/ozone/ozone/hadoop-ozone/integration-test/target/test-dir/MiniOzoneClusterImpl-4bec65cc-6935-45f5-a4e0-5572db01fbff/datanode-1/data/ratis/6a66d65b-20c2-431f-b22c-7ef152ae622f/sm/snapshot.1_0 took: 1 ms
2023-05-03 09:48:06,746 [22018fc8-4f04-4d80-8f55-d0eb73e2f788@group-7EF152AE622F-StateMachineUpdater] INFO  impl.StateMachineUpdater (StateMachineUpdater.java:takeSnapshot(287)) - 22018fc8-4f04-4d80-8f55-d0eb73e2f788@group-7EF152AE622F-StateMachineUpdater: Took a snapshot at index 0
2023-05-03 09:48:06,747 [22018fc8-4f04-4d80-8f55-d0eb73e2f788@group-7EF152AE622F-StateMachineUpdater] INFO  impl.StateMachineUpdater (StateMachineUpdater.java:lambda$new$0(92)) - 22018fc8-4f04-4d80-8f55-d0eb73e2f788@group-7EF152AE622F-StateMachineUpdater: snapshotIndex: updateIncreasingly -1 -> 0
2023-05-03 09:48:06,747 [22018fc8-4f04-4d80-8f55-d0eb73e2f788-impl-thread3] INFO  server.RaftServer$Division (ServerState.java:close(466)) - 22018fc8-4f04-4d80-8f55-d0eb73e2f788@group-7EF152AE622F: closes. applyIndex: 0
2023-05-03 09:48:06,747 [22018fc8-4f04-4d80-8f55-d0eb73e2f788@group-7EF152AE622F-SegmentedRaftLogWorker] INFO  segmented.SegmentedRaftLogWorker (SegmentedRaftLogWorker.java:run(347)) - 22018fc8-4f04-4d80-8f55-d0eb73e2f788@group-7EF152AE622F-SegmentedRaftLogWorker was interrupted, exiting. There are 0 tasks remaining in the queue.
2023-05-03 09:48:06,747 [ac4b8c18-80b4-4feb-9785-680d8e9d2b2c-impl-thread1] INFO  impl.StateMachineUpdater (StateMachineUpdater.java:stopAndJoin(153)) - ac4b8c18-80b4-4feb-9785-680d8e9d2b2c@group-0349FDDDB6AE-StateMachineUpdater: set stopIndex = 0
2023-05-03 09:48:06,748 [ac4b8c18-80b4-4feb-9785-680d8e9d2b2c@group-0349FDDDB6AE-StateMachineUpdater] INFO  ratis.ContainerStateMachine (ContainerStateMachine.java:takeSnapshot(330)) - group-0349FDDDB6AE: Taking a snapshot at:(t:1, i:0) file /home/runner/work/ozone/ozone/hadoop-ozone/integration-test/target/test-dir/MiniOzoneClusterImpl-4bec65cc-6935-45f5-a4e0-5572db01fbff/datanode-0/data/ratis/b16bc958-938d-45ed-9243-0349fdddb6ae/sm/snapshot.1_0
2023-05-03 09:48:06,748 [grpc-default-executor-0] WARN  server.GrpcLogAppender (LogUtils.java:warn(122)) - 7f2c1250-5750-453f-880f-f900c696f98f@group-7EF152AE622F->22018fc8-4f04-4d80-8f55-d0eb73e2f788-AppendLogResponseHandler: Failed appendEntries: org.apache.ratis.thirdparty.io.grpc.StatusRuntimeException: CANCELLED: RST_STREAM closed stream. HTTP/2 error code: CANCEL
2023-05-03 09:48:06,748 [ac4b8c18-80b4-4feb-9785-680d8e9d2b2c@group-0349FDDDB6AE-StateMachineUpdater] INFO  ratis.ContainerStateMachine (ContainerStateMachine.java:takeSnapshot(341)) - group-0349FDDDB6AE: Finished taking a snapshot at:(t:1, i:0) file:/home/runner/work/ozone/ozone/hadoop-ozone/integration-test/target/test-dir/MiniOzoneClusterImpl-4bec65cc-6935-45f5-a4e0-5572db01fbff/datanode-0/data/ratis/b16bc958-938d-45ed-9243-0349fdddb6ae/sm/snapshot.1_0 took: 1 ms
2023-05-03 09:48:06,748 [ac4b8c18-80b4-4feb-9785-680d8e9d2b2c@group-0349FDDDB6AE-StateMachineUpdater] INFO  impl.StateMachineUpdater (StateMachineUpdater.java:takeSnapshot(287)) - ac4b8c18-80b4-4feb-9785-680d8e9d2b2c@group-0349FDDDB6AE-StateMachineUpdater: Took a snapshot at index 0
2023-05-03 09:48:06,748 [grpc-default-executor-0] WARN  server.GrpcLogAppender (GrpcLogAppender.java:resetClient(131)) - 7f2c1250-5750-453f-880f-f900c696f98f@group-7EF152AE622F->22018fc8-4f04-4d80-8f55-d0eb73e2f788-GrpcLogAppender: Leader has not got in touch with Follower 7f2c1250-5750-453f-880f-f900c696f98f@group-7EF152AE622F->22018fc8-4f04-4d80-8f55-d0eb73e2f788(c0,m0,n1, attendVote=true, lastRpcSendTime=752, lastRpcResponseTime=738) yet, just keep nextIndex unchanged and retry.
2023-05-03 09:48:06,749 [grpc-default-executor-9] WARN  server.GrpcServerProtocolService (LogUtils.java:warn(122)) - 22018fc8-4f04-4d80-8f55-d0eb73e2f788: installSnapshot onError, lastRequest: ac4b8c18-80b4-4feb-9785-680d8e9d2b2c->22018fc8-4f04-4d80-8f55-d0eb73e2f788#1-t1,previous=(t:0, i:0),leaderCommit=0,initializing? true,entries: size=1, first=(t:1, i:0), CONFIGURATIONENTRY(current:id: "7f2c1250-5750-453f-880f-f900c696f98f"
address: "10.1.0.194:35411"
dataStreamAddress: "10.1.0.194:44061"
clientAddress: "10.1.0.194:35411"
adminAddress: "10.1.0.194:35411"
startupRole: FOLLOWER
,id: "22018fc8-4f04-4d80-8f55-d0eb73e2f788"
address: "10.1.0.194:38059"
dataStreamAddress: "10.1.0.194:45663"
clientAddress: "10.1.0.194:38059"
adminAddress: "10.1.0.194:38059"
startupRole: FOLLOWER
,id: "ac4b8c18-80b4-4feb-9785-680d8e9d2b2c"
address: "10.1.0.194:41097"
priority: 1
dataStreamAddress: "10.1.0.194:43371"
clientAddress: "10.1.0.194:41097"
adminAddress: "10.1.0.194:41097"
startupRole: FOLLOWER
, old:): org.apache.ratis.thirdparty.io.grpc.StatusRuntimeException: CANCELLED: client cancelled
2023-05-03 09:48:06,750 [grpc-default-executor-4] WARN  server.GrpcServerProtocolService (LogUtils.java:warn(122)) - 22018fc8-4f04-4d80-8f55-d0eb73e2f788: installSnapshot onError, lastRequest: null: org.apache.ratis.thirdparty.io.grpc.StatusRuntimeException: CANCELLED: client cancelled
2023-05-03 09:48:06,751 [ac4b8c18-80b4-4feb-9785-680d8e9d2b2c-impl-thread2] INFO  server.RaftServer$Division (RaftServerImpl.java:lambda$close$4(458)) - ac4b8c18-80b4-4feb-9785-680d8e9d2b2c@group-943A61C87F2E: shutdown
2023-05-03 09:48:06,751 [ac4b8c18-80b4-4feb-9785-680d8e9d2b2c-impl-thread2] INFO  util.JmxRegister (JmxRegister.java:unregister(73)) - Successfully un-registered JMX Bean with object name Ratis:service=RaftServer,group=group-943A61C87F2E,id=ac4b8c18-80b4-4feb-9785-680d8e9d2b2c
2023-05-03 09:48:06,751 [ac4b8c18-80b4-4feb-9785-680d8e9d2b2c-impl-thread2] INFO  impl.RoleInfo (RoleInfo.java:shutdownLeaderState(93)) - ac4b8c18-80b4-4feb-9785-680d8e9d2b2c: shutdown ac4b8c18-80b4-4feb-9785-680d8e9d2b2c@group-943A61C87F2E-LeaderStateImpl
2023-05-03 09:48:06,751 [ac4b8c18-80b4-4feb-9785-680d8e9d2b2c-impl-thread2] INFO  impl.PendingRequests (PendingRequests.java:sendNotLeaderResponses(282)) - ac4b8c18-80b4-4feb-9785-680d8e9d2b2c@group-943A61C87F2E-PendingRequests: sendNotLeaderResponses
2023-05-03 09:48:06,751 [ac4b8c18-80b4-4feb-9785-680d8e9d2b2c-impl-thread2] INFO  impl.StateMachineUpdater (StateMachineUpdater.java:stopAndJoin(153)) - ac4b8c18-80b4-4feb-9785-680d8e9d2b2c@group-943A61C87F2E-StateMachineUpdater: set stopIndex = 0
2023-05-03 09:48:06,751 [ForkJoinPool.commonPool-worker-1] INFO  server.GrpcService (GrpcService.java:closeImpl(271)) - ac4b8c18-80b4-4feb-9785-680d8e9d2b2c: shutdown server GrpcServerProtocolService now
2023-05-03 09:48:06,751 [ac4b8c18-80b4-4feb-9785-680d8e9d2b2c@group-943A61C87F2E-StateMachineUpdater] INFO  ratis.ContainerStateMachine (ContainerStateMachine.java:takeSnapshot(330)) - group-943A61C87F2E: Taking a snapshot at:(t:1, i:0) file /home/runner/work/ozone/ozone/hadoop-ozone/integration-test/target/test-dir/MiniOzoneClusterImpl-4bec65cc-6935-45f5-a4e0-5572db01fbff/datanode-0/data/ratis/0ebe1850-9e60-46d8-8a31-943a61c87f2e/sm/snapshot.1_0
2023-05-03 09:48:06,752 [ac4b8c18-80b4-4feb-9785-680d8e9d2b2c@group-0349FDDDB6AE->7f2c1250-5750-453f-880f-f900c696f98f-GrpcLogAppender-LogAppenderDaemon] WARN  server.GrpcLogAppender (GrpcLogAppender.java:mayWait(200)) - ac4b8c18-80b4-4feb-9785-680d8e9d2b2c@group-0349FDDDB6AE->7f2c1250-5750-453f-880f-f900c696f98f-GrpcLogAppender: Wait interrupted by java.lang.InterruptedException
2023-05-03 09:48:06,748 [ac4b8c18-80b4-4feb-9785-680d8e9d2b2c@group-0349FDDDB6AE-StateMachineUpdater] INFO  impl.StateMachineUpdater (StateMachineUpdater.java:lambda$new$0(92)) - ac4b8c18-80b4-4feb-9785-680d8e9d2b2c@group-0349FDDDB6AE-StateMachineUpdater: snapshotIndex: updateIncreasingly -1 -> 0
2023-05-03 09:48:06,753 [grpc-default-executor-4] INFO  server.GrpcServerProtocolService (GrpcServerProtocolService.java:onCompleted(143)) - 7f2c1250-5750-453f-880f-f900c696f98f: Completed APPEND_ENTRIES, lastRequest: ac4b8c18-80b4-4feb-9785-680d8e9d2b2c->7f2c1250-5750-453f-880f-f900c696f98f#1-t1,previous=(t:0, i:0),leaderCommit=0,initializing? true,entries: size=1, first=(t:1, i:0), CONFIGURATIONENTRY(current:id: "7f2c1250-5750-453f-880f-f900c696f98f"
address: "10.1.0.194:35411"
dataStreamAddress: "10.1.0.194:44061"
clientAddress: "10.1.0.194:35411"
adminAddress: "10.1.0.194:35411"
startupRole: FOLLOWER
,id: "22018fc8-4f04-4d80-8f55-d0eb73e2f788"
address: "10.1.0.194:38059"
dataStreamAddress: "10.1.0.194:45663"
clientAddress: "10.1.0.194:38059"
adminAddress: "10.1.0.194:38059"
startupRole: FOLLOWER
,id: "ac4b8c18-80b4-4feb-9785-680d8e9d2b2c"
address: "10.1.0.194:41097"
priority: 1
dataStreamAddress: "10.1.0.194:43371"
clientAddress: "10.1.0.194:41097"
adminAddress: "10.1.0.194:41097"
startupRole: FOLLOWER
, old:)
2023-05-03 09:48:06,753 [ac4b8c18-80b4-4feb-9785-680d8e9d2b2c-impl-thread1] INFO  server.RaftServer$Division (ServerState.java:close(466)) - ac4b8c18-80b4-4feb-9785-680d8e9d2b2c@group-0349FDDDB6AE: closes. applyIndex: 0
2023-05-03 09:48:06,753 [ac4b8c18-80b4-4feb-9785-680d8e9d2b2c@group-0349FDDDB6AE-SegmentedRaftLogWorker] INFO  segmented.SegmentedRaftLogWorker (SegmentedRaftLogWorker.java:run(347)) - ac4b8c18-80b4-4feb-9785-680d8e9d2b2c@group-0349FDDDB6AE-SegmentedRaftLogWorker was interrupted, exiting. There are 0 tasks remaining in the queue.
2023-05-03 09:48:06,753 [ac4b8c18-80b4-4feb-9785-680d8e9d2b2c@group-943A61C87F2E-StateMachineUpdater] INFO  ratis.ContainerStateMachine (ContainerStateMachine.java:takeSnapshot(341)) - group-943A61C87F2E: Finished taking a snapshot at:(t:1, i:0) file:/home/runner/work/ozone/ozone/hadoop-ozone/integration-test/target/test-dir/MiniOzoneClusterImpl-4bec65cc-6935-45f5-a4e0-5572db01fbff/datanode-0/data/ratis/0ebe1850-9e60-46d8-8a31-943a61c87f2e/sm/snapshot.1_0 took: 2 ms
2023-05-03 09:48:06,751 [22018fc8-4f04-4d80-8f55-d0eb73e2f788-impl-thread3] INFO  segmented.SegmentedRaftLogWorker (SegmentedRaftLogWorker.java:close(257)) - 22018fc8-4f04-4d80-8f55-d0eb73e2f788@group-7EF152AE622F-SegmentedRaftLogWorker close()
2023-05-03 09:48:06,753 [ac4b8c18-80b4-4feb-9785-680d8e9d2b2c@group-943A61C87F2E-StateMachineUpdater] INFO  impl.StateMachineUpdater (StateMachineUpdater.java:takeSnapshot(287)) - ac4b8c18-80b4-4feb-9785-680d8e9d2b2c@group-943A61C87F2E-StateMachineUpdater: Took a snapshot at index 0
2023-05-03 09:48:06,753 [ac4b8c18-80b4-4feb-9785-680d8e9d2b2c@group-943A61C87F2E-StateMachineUpdater] INFO  impl.StateMachineUpdater (StateMachineUpdater.java:lambda$new$0(92)) - ac4b8c18-80b4-4feb-9785-680d8e9d2b2c@group-943A61C87F2E-StateMachineUpdater: snapshotIndex: updateIncreasingly -1 -> 0
2023-05-03 09:48:06,755 [grpc-default-executor-8] WARN  server.GrpcServerProtocolService (LogUtils.java:warn(122)) - ac4b8c18-80b4-4feb-9785-680d8e9d2b2c: installSnapshot onError, lastRequest: 7f2c1250-5750-453f-880f-f900c696f98f->ac4b8c18-80b4-4feb-9785-680d8e9d2b2c#1-t1,previous=(t:0, i:0),leaderCommit=0,initializing? true,entries: size=1, first=(t:1, i:0), CONFIGURATIONENTRY(current:id: "7f2c1250-5750-453f-880f-f900c696f98f"
address: "10.1.0.194:35411"
priority: 1
dataStreamAddress: "10.1.0.194:44061"
clientAddress: "10.1.0.194:35411"
adminAddress: "10.1.0.194:35411"
startupRole: FOLLOWER
,id: "22018fc8-4f04-4d80-8f55-d0eb73e2f788"
address: "10.1.0.194:38059"
dataStreamAddress: "10.1.0.194:45663"
clientAddress: "10.1.0.194:38059"
adminAddress: "10.1.0.194:38059"
startupRole: FOLLOWER
,id: "ac4b8c18-80b4-4feb-9785-680d8e9d2b2c"
address: "10.1.0.194:41097"
dataStreamAddress: "10.1.0.194:43371"
clientAddress: "10.1.0.194:41097"
adminAddress: "10.1.0.194:41097"
startupRole: FOLLOWER
, old:): org.apache.ratis.thirdparty.io.grpc.StatusRuntimeException: CANCELLED: client cancelled
2023-05-03 09:48:06,755 [grpc-default-executor-3] INFO  server.GrpcLogAppender (GrpcLogAppender.java:onCompleted(415)) - ac4b8c18-80b4-4feb-9785-680d8e9d2b2c@group-0349FDDDB6AE->7f2c1250-5750-453f-880f-f900c696f98f-AppendLogResponseHandler: follower responses appendEntries COMPLETED
2023-05-03 09:48:06,755 [grpc-default-executor-3] INFO  leader.FollowerInfo (FollowerInfoImpl.java:lambda$new$0(48)) - ac4b8c18-80b4-4feb-9785-680d8e9d2b2c@group-0349FDDDB6AE->7f2c1250-5750-453f-880f-f900c696f98f: nextIndex: updateUnconditionally 1 -> 0
2023-05-03 09:48:06,755 [grpc-default-executor-6] WARN  server.GrpcLogAppender (LogUtils.java:warn(122)) - 7f2c1250-5750-453f-880f-f900c696f98f@group-7EF152AE622F->ac4b8c18-80b4-4feb-9785-680d8e9d2b2c-AppendLogResponseHandler: Failed appendEntries: org.apache.ratis.thirdparty.io.grpc.StatusRuntimeException: CANCELLED: RST_STREAM closed stream. HTTP/2 error code: CANCEL
2023-05-03 09:48:06,755 [grpc-default-executor-6] WARN  server.GrpcLogAppender (GrpcLogAppender.java:resetClient(131)) - 7f2c1250-5750-453f-880f-f900c696f98f@group-7EF152AE622F->ac4b8c18-80b4-4feb-9785-680d8e9d2b2c-GrpcLogAppender: Leader has not got in touch with Follower 7f2c1250-5750-453f-880f-f900c696f98f@group-7EF152AE622F->ac4b8c18-80b4-4feb-9785-680d8e9d2b2c(c0,m0,n1, attendVote=true, lastRpcSendTime=745, lastRpcResponseTime=732) yet, just keep nextIndex unchanged and retry.
2023-05-03 09:48:06,762 [ac4b8c18-80b4-4feb-9785-680d8e9d2b2c-impl-thread2] INFO  server.RaftServer$Division (ServerState.java:close(466)) - ac4b8c18-80b4-4feb-9785-680d8e9d2b2c@group-943A61C87F2E: closes. applyIndex: 0
2023-05-03 09:48:06,762 [ac4b8c18-80b4-4feb-9785-680d8e9d2b2c@group-943A61C87F2E-SegmentedRaftLogWorker] INFO  segmented.SegmentedRaftLogWorker (SegmentedRaftLogWorker.java:run(347)) - ac4b8c18-80b4-4feb-9785-680d8e9d2b2c@group-943A61C87F2E-SegmentedRaftLogWorker was interrupted, exiting. There are 0 tasks remaining in the queue.
2023-05-03 09:48:06,763 [grpc-default-executor-5] INFO  server.GrpcLogAppender (GrpcLogAppender.java:onError(404)) - ac4b8c18-80b4-4feb-9785-680d8e9d2b2c@group-0349FDDDB6AE->22018fc8-4f04-4d80-8f55-d0eb73e2f788-GrpcLogAppender is already stopped
2023-05-03 09:48:06,765 [ac4b8c18-80b4-4feb-9785-680d8e9d2b2c-impl-thread3] INFO  server.RaftServer$Division (RaftServerImpl.java:lambda$close$4(458)) - ac4b8c18-80b4-4feb-9785-680d8e9d2b2c@group-7EF152AE622F: shutdown
2023-05-03 09:48:06,765 [ac4b8c18-80b4-4feb-9785-680d8e9d2b2c-impl-thread3] INFO  util.JmxRegister (JmxRegister.java:unregister(73)) - Successfully un-registered JMX Bean with object name Ratis:service=RaftServer,group=group-7EF152AE622F,id=ac4b8c18-80b4-4feb-9785-680d8e9d2b2c
2023-05-03 09:48:06,765 [ac4b8c18-80b4-4feb-9785-680d8e9d2b2c-impl-thread3] INFO  impl.RoleInfo (RoleInfo.java:shutdownFollowerState(110)) - ac4b8c18-80b4-4feb-9785-680d8e9d2b2c: shutdown ac4b8c18-80b4-4feb-9785-680d8e9d2b2c@group-7EF152AE622F-FollowerState
2023-05-03 09:48:06,765 [ac4b8c18-80b4-4feb-9785-680d8e9d2b2c-impl-thread3] INFO  impl.StateMachineUpdater (StateMachineUpdater.java:stopAndJoin(153)) - ac4b8c18-80b4-4feb-9785-680d8e9d2b2c@group-7EF152AE622F-StateMachineUpdater: set stopIndex = 0
2023-05-03 09:48:06,765 [ac4b8c18-80b4-4feb-9785-680d8e9d2b2c@group-7EF152AE622F-FollowerState] INFO  impl.FollowerState (FollowerState.java:run(152)) - ac4b8c18-80b4-4feb-9785-680d8e9d2b2c@group-7EF152AE622F-FollowerState was interrupted
2023-05-03 09:48:06,766 [ac4b8c18-80b4-4feb-9785-680d8e9d2b2c@group-7EF152AE622F-StateMachineUpdater] INFO  ratis.ContainerStateMachine (ContainerStateMachine.java:takeSnapshot(330)) - group-7EF152AE622F: Taking a snapshot at:(t:1, i:0) file /home/runner/work/ozone/ozone/hadoop-ozone/integration-test/target/test-dir/MiniOzoneClusterImpl-4bec65cc-6935-45f5-a4e0-5572db01fbff/datanode-0/data/ratis/6a66d65b-20c2-431f-b22c-7ef152ae622f/sm/snapshot.1_0
2023-05-03 09:48:06,766 [ac4b8c18-80b4-4feb-9785-680d8e9d2b2c-impl-thread1] INFO  segmented.SegmentedRaftLogWorker (SegmentedRaftLogWorker.java:close(257)) - ac4b8c18-80b4-4feb-9785-680d8e9d2b2c@group-0349FDDDB6AE-SegmentedRaftLogWorker close()
2023-05-03 09:48:06,767 [ac4b8c18-80b4-4feb-9785-680d8e9d2b2c@group-7EF152AE622F-StateMachineUpdater] INFO  ratis.ContainerStateMachine (ContainerStateMachine.java:takeSnapshot(341)) - group-7EF152AE622F: Finished taking a snapshot at:(t:1, i:0) file:/home/runner/work/ozone/ozone/hadoop-ozone/integration-test/target/test-dir/MiniOzoneClusterImpl-4bec65cc-6935-45f5-a4e0-5572db01fbff/datanode-0/data/ratis/6a66d65b-20c2-431f-b22c-7ef152ae622f/sm/snapshot.1_0 took: 2 ms
2023-05-03 09:48:06,767 [ac4b8c18-80b4-4feb-9785-680d8e9d2b2c@group-7EF152AE622F-StateMachineUpdater] INFO  impl.StateMachineUpdater (StateMachineUpdater.java:takeSnapshot(287)) - ac4b8c18-80b4-4feb-9785-680d8e9d2b2c@group-7EF152AE622F-StateMachineUpdater: Took a snapshot at index 0
2023-05-03 09:48:06,767 [ac4b8c18-80b4-4feb-9785-680d8e9d2b2c@group-7EF152AE622F-StateMachineUpdater] INFO  impl.StateMachineUpdater (StateMachineUpdater.java:lambda$new$0(92)) - ac4b8c18-80b4-4feb-9785-680d8e9d2b2c@group-7EF152AE622F-StateMachineUpdater: snapshotIndex: updateIncreasingly -1 -> 0
2023-05-03 09:48:06,767 [ac4b8c18-80b4-4feb-9785-680d8e9d2b2c-impl-thread3] INFO  server.RaftServer$Division (ServerState.java:close(466)) - ac4b8c18-80b4-4feb-9785-680d8e9d2b2c@group-7EF152AE622F: closes. applyIndex: 0
2023-05-03 09:48:06,767 [ac4b8c18-80b4-4feb-9785-680d8e9d2b2c@group-7EF152AE622F-SegmentedRaftLogWorker] INFO  segmented.SegmentedRaftLogWorker (SegmentedRaftLogWorker.java:run(347)) - ac4b8c18-80b4-4feb-9785-680d8e9d2b2c@group-7EF152AE622F-SegmentedRaftLogWorker was interrupted, exiting. There are 0 tasks remaining in the queue.
2023-05-03 09:48:06,774 [ForkJoinPool.commonPool-worker-1] INFO  server.GrpcServerProtocolClient (GrpcServerProtocolClient.java:close(101)) - 7f2c1250-5750-453f-880f-f900c696f98f Close channels
2023-05-03 09:48:06,774 [ac4b8c18-80b4-4feb-9785-680d8e9d2b2c-impl-thread2] INFO  segmented.SegmentedRaftLogWorker (SegmentedRaftLogWorker.java:close(257)) - ac4b8c18-80b4-4feb-9785-680d8e9d2b2c@group-943A61C87F2E-SegmentedRaftLogWorker close()
2023-05-03 09:48:06,776 [grpc-default-executor-9] INFO  server.GrpcServerProtocolService (GrpcServerProtocolService.java:onCompleted(143)) - 7f2c1250-5750-453f-880f-f900c696f98f: Completed APPEND_ENTRIES, lastRequest: null
2023-05-03 09:48:06,777 [grpc-default-executor-2] WARN  server.GrpcServerProtocolService (LogUtils.java:warn(122)) - ac4b8c18-80b4-4feb-9785-680d8e9d2b2c: installSnapshot onError, lastRequest: null: org.apache.ratis.thirdparty.io.grpc.StatusRuntimeException: CANCELLED: client cancelled
2023-05-03 09:48:06,777 [grpc-default-executor-0] INFO  server.GrpcLogAppender (GrpcLogAppender.java:onError(404)) - ac4b8c18-80b4-4feb-9785-680d8e9d2b2c@group-0349FDDDB6AE->22018fc8-4f04-4d80-8f55-d0eb73e2f788-GrpcLogAppender is already stopped
2023-05-03 09:48:06,777 [grpc-default-executor-5] WARN  server.GrpcLogAppender (LogUtils.java:warn(122)) - 7f2c1250-5750-453f-880f-f900c696f98f@group-7EF152AE622F->22018fc8-4f04-4d80-8f55-d0eb73e2f788-AppendLogResponseHandler: Failed appendEntries: org.apache.ratis.thirdparty.io.grpc.StatusRuntimeException: CANCELLED: RST_STREAM closed stream. HTTP/2 error code: CANCEL
2023-05-03 09:48:06,777 [grpc-default-executor-5] WARN  server.GrpcLogAppender (GrpcLogAppender.java:resetClient(131)) - 7f2c1250-5750-453f-880f-f900c696f98f@group-7EF152AE622F->22018fc8-4f04-4d80-8f55-d0eb73e2f788-GrpcLogAppender: Leader has not got in touch with Follower 7f2c1250-5750-453f-880f-f900c696f98f@group-7EF152AE622F->22018fc8-4f04-4d80-8f55-d0eb73e2f788(c0,m0,n1, attendVote=true, lastRpcSendTime=780, lastRpcResponseTime=767) yet, just keep nextIndex unchanged and retry.
2023-05-03 09:48:06,778 [ac4b8c18-80b4-4feb-9785-680d8e9d2b2c-impl-thread3] INFO  segmented.SegmentedRaftLogWorker (SegmentedRaftLogWorker.java:close(257)) - ac4b8c18-80b4-4feb-9785-680d8e9d2b2c@group-7EF152AE622F-SegmentedRaftLogWorker close()
2023-05-03 09:48:06,779 [grpc-default-executor-5] WARN  server.GrpcLogAppender (LogUtils.java:warn(122)) - 7f2c1250-5750-453f-880f-f900c696f98f@group-7EF152AE622F->ac4b8c18-80b4-4feb-9785-680d8e9d2b2c-AppendLogResponseHandler: Failed appendEntries: org.apache.ratis.thirdparty.io.grpc.StatusRuntimeException: CANCELLED: RST_STREAM closed stream. HTTP/2 error code: CANCEL
2023-05-03 09:48:06,779 [grpc-default-executor-5] WARN  server.GrpcLogAppender (GrpcLogAppender.java:resetClient(131)) - 7f2c1250-5750-453f-880f-f900c696f98f@group-7EF152AE622F->ac4b8c18-80b4-4feb-9785-680d8e9d2b2c-GrpcLogAppender: Leader has not got in touch with Follower 7f2c1250-5750-453f-880f-f900c696f98f@group-7EF152AE622F->ac4b8c18-80b4-4feb-9785-680d8e9d2b2c(c0,m0,n1, attendVote=true, lastRpcSendTime=769, lastRpcResponseTime=755) yet, just keep nextIndex unchanged and retry.
2023-05-03 09:48:06,779 [grpc-default-executor-0] INFO  server.GrpcLogAppender (GrpcLogAppender.java:onCompleted(415)) - ac4b8c18-80b4-4feb-9785-680d8e9d2b2c@group-0349FDDDB6AE->7f2c1250-5750-453f-880f-f900c696f98f-AppendLogResponseHandler: follower responses appendEntries COMPLETED
2023-05-03 09:48:06,779 [grpc-default-executor-0] WARN  server.GrpcLogAppender (GrpcLogAppender.java:resetClient(137)) - ac4b8c18-80b4-4feb-9785-680d8e9d2b2c@group-0349FDDDB6AE->7f2c1250-5750-453f-880f-f900c696f98f-GrpcLogAppender: Failed to getClient for 7f2c1250-5750-453f-880f-f900c696f98f
org.apache.ratis.protocol.exceptions.AlreadyClosedException: ac4b8c18-80b4-4feb-9785-680d8e9d2b2c is already CLOSED
	at org.apache.ratis.util.PeerProxyMap$PeerAndProxy.getProxy(PeerProxyMap.java:61)
	at org.apache.ratis.util.PeerProxyMap.getProxy(PeerProxyMap.java:115)
	at org.apache.ratis.grpc.server.GrpcLogAppender.getClient(GrpcLogAppender.java:116)
	at org.apache.ratis.grpc.server.GrpcLogAppender.resetClient(GrpcLogAppender.java:121)
	at org.apache.ratis.grpc.server.GrpcLogAppender.access$500(GrpcLogAppender.java:58)
	at org.apache.ratis.grpc.server.GrpcLogAppender$AppendLogResponseHandler.onCompleted(GrpcLogAppender.java:416)
	at org.apache.ratis.thirdparty.io.grpc.stub.ClientCalls$StreamObserverToCallListenerAdapter.onClose(ClientCalls.java:485)
	at org.apache.ratis.thirdparty.io.grpc.internal.DelayedClientCall$DelayedListener$3.run(DelayedClientCall.java:468)
	at org.apache.ratis.thirdparty.io.grpc.internal.DelayedClientCall$DelayedListener.delayOrExecute(DelayedClientCall.java:432)
	at org.apache.ratis.thirdparty.io.grpc.internal.DelayedClientCall$DelayedListener.onClose(DelayedClientCall.java:465)
	at org.apache.ratis.thirdparty.io.grpc.internal.ClientCallImpl.closeObserver(ClientCallImpl.java:562)
	at org.apache.ratis.thirdparty.io.grpc.internal.ClientCallImpl.access$300(ClientCallImpl.java:70)
	at org.apache.ratis.thirdparty.io.grpc.internal.ClientCallImpl$ClientStreamListenerImpl$1StreamClosed.runInternal(ClientCallImpl.java:743)
	at org.apache.ratis.thirdparty.io.grpc.internal.ClientCallImpl$ClientStreamListenerImpl$1StreamClosed.runInContext(ClientCallImpl.java:722)
	at org.apache.ratis.thirdparty.io.grpc.internal.ContextRunnable.run(ContextRunnable.java:37)
	at org.apache.ratis.thirdparty.io.grpc.internal.SerializingExecutor.run(SerializingExecutor.java:133)
	at java.util.concurrent.ThreadPoolExecutor.runWorker(ThreadPoolExecutor.java:1149)
	at java.util.concurrent.ThreadPoolExecutor$Worker.run(ThreadPoolExecutor.java:624)
	at java.lang.Thread.run(Thread.java:750)
2023-05-03 09:48:06,779 [Listener at 127.0.0.1/36541] INFO  server.GrpcServerProtocolClient (GrpcServerProtocolClient.java:close(101)) - ac4b8c18-80b4-4feb-9785-680d8e9d2b2c Close channels
2023-05-03 09:48:06,780 [Listener at 127.0.0.1/36541] INFO  server.GrpcService (GrpcService.java:closeImpl(280)) - 22018fc8-4f04-4d80-8f55-d0eb73e2f788: shutdown server GrpcServerProtocolService successfully
2023-05-03 09:48:06,780 [22018fc8-4f04-4d80-8f55-d0eb73e2f788-NettyServerStreamRpc-bossGroup--thread1] INFO  logging.LoggingHandler (AbstractInternalLogger.java:log(148)) - [id: 0xa1a7273c, L:/0:0:0:0:0:0:0:0:45663] CLOSE
2023-05-03 09:48:06,780 [22018fc8-4f04-4d80-8f55-d0eb73e2f788-NettyServerStreamRpc-bossGroup--thread1] INFO  logging.LoggingHandler (AbstractInternalLogger.java:log(148)) - [id: 0xa1a7273c, L:/0:0:0:0:0:0:0:0:45663] INACTIVE
2023-05-03 09:48:06,780 [22018fc8-4f04-4d80-8f55-d0eb73e2f788-NettyServerStreamRpc-bossGroup--thread1] INFO  logging.LoggingHandler (AbstractInternalLogger.java:log(148)) - [id: 0xa1a7273c, L:/0:0:0:0:0:0:0:0:45663] UNREGISTERED
2023-05-03 09:48:06,792 [ForkJoinPool.commonPool-worker-1] INFO  server.GrpcServerProtocolClient (GrpcServerProtocolClient.java:close(101)) - 22018fc8-4f04-4d80-8f55-d0eb73e2f788 Close channels
2023-05-03 09:48:06,795 [ForkJoinPool.commonPool-worker-1] INFO  server.GrpcService (GrpcService.java:closeImpl(280)) - ac4b8c18-80b4-4feb-9785-680d8e9d2b2c: shutdown server GrpcServerProtocolService successfully
2023-05-03 09:48:06,795 [ac4b8c18-80b4-4feb-9785-680d8e9d2b2c-NettyServerStreamRpc-bossGroup--thread1] INFO  logging.LoggingHandler (AbstractInternalLogger.java:log(148)) - [id: 0xd60a04da, L:/0:0:0:0:0:0:0:0:43371] CLOSE
2023-05-03 09:48:06,795 [ac4b8c18-80b4-4feb-9785-680d8e9d2b2c-NettyServerStreamRpc-bossGroup--thread1] INFO  logging.LoggingHandler (AbstractInternalLogger.java:log(148)) - [id: 0xd60a04da, L:/0:0:0:0:0:0:0:0:43371] INACTIVE
2023-05-03 09:48:06,795 [ac4b8c18-80b4-4feb-9785-680d8e9d2b2c-NettyServerStreamRpc-bossGroup--thread1] INFO  logging.LoggingHandler (AbstractInternalLogger.java:log(148)) - [id: 0xd60a04da, L:/0:0:0:0:0:0:0:0:43371] UNREGISTERED
2023-05-03 09:48:06,849 [JvmPauseMonitor14] INFO  util.JvmPauseMonitor (JvmPauseMonitor.java:run(111)) - JvmPauseMonitor-22018fc8-4f04-4d80-8f55-d0eb73e2f788: Stopped
2023-05-03 09:48:06,849 [JvmPauseMonitor13] INFO  util.JvmPauseMonitor (JvmPauseMonitor.java:run(111)) - JvmPauseMonitor-ac4b8c18-80b4-4feb-9785-680d8e9d2b2c: Stopped
2023-05-03 09:48:08,518 [grpc-default-executor-2] WARN  server.GrpcLogAppender (LogUtils.java:warn(122)) - 7f2c1250-5750-453f-880f-f900c696f98f@group-7EF152AE622F->22018fc8-4f04-4d80-8f55-d0eb73e2f788-AppendLogResponseHandler: Failed appendEntries: org.apache.ratis.thirdparty.io.grpc.StatusRuntimeException: UNAVAILABLE: io exception
2023-05-03 09:48:08,519 [grpc-default-executor-2] WARN  server.GrpcLogAppender (GrpcLogAppender.java:resetClient(131)) - 7f2c1250-5750-453f-880f-f900c696f98f@group-7EF152AE622F->22018fc8-4f04-4d80-8f55-d0eb73e2f788-GrpcLogAppender: Leader has not got in touch with Follower 7f2c1250-5750-453f-880f-f900c696f98f@group-7EF152AE622F->22018fc8-4f04-4d80-8f55-d0eb73e2f788(c0,m0,n1, attendVote=true, lastRpcSendTime=7, lastRpcResponseTime=2509) yet, just keep nextIndex unchanged and retry.
2023-05-03 09:48:08,519 [grpc-default-executor-0] WARN  server.GrpcLogAppender (LogUtils.java:warn(122)) - 7f2c1250-5750-453f-880f-f900c696f98f@group-7EF152AE622F->22018fc8-4f04-4d80-8f55-d0eb73e2f788-AppendLogResponseHandler: Failed appendEntries: org.apache.ratis.thirdparty.io.grpc.StatusRuntimeException: UNAVAILABLE: io exception
2023-05-03 09:48:08,519 [grpc-default-executor-0] WARN  server.GrpcLogAppender (GrpcLogAppender.java:resetClient(131)) - 7f2c1250-5750-453f-880f-f900c696f98f@group-7EF152AE622F->22018fc8-4f04-4d80-8f55-d0eb73e2f788-GrpcLogAppender: Leader has not got in touch with Follower 7f2c1250-5750-453f-880f-f900c696f98f@group-7EF152AE622F->22018fc8-4f04-4d80-8f55-d0eb73e2f788(c0,m0,n1, attendVote=true, lastRpcSendTime=7, lastRpcResponseTime=2509) yet, just keep nextIndex unchanged and retry.
2023-05-03 09:48:08,525 [grpc-default-executor-0] WARN  server.GrpcLogAppender (LogUtils.java:warn(122)) - 7f2c1250-5750-453f-880f-f900c696f98f@group-7EF152AE622F->ac4b8c18-80b4-4feb-9785-680d8e9d2b2c-AppendLogResponseHandler: Failed appendEntries: org.apache.ratis.thirdparty.io.grpc.StatusRuntimeException: UNAVAILABLE: io exception
2023-05-03 09:48:08,526 [grpc-default-executor-2] WARN  server.GrpcLogAppender (LogUtils.java:warn(122)) - 7f2c1250-5750-453f-880f-f900c696f98f@group-7EF152AE622F->ac4b8c18-80b4-4feb-9785-680d8e9d2b2c-AppendLogResponseHandler: Failed appendEntries: org.apache.ratis.thirdparty.io.grpc.StatusRuntimeException: UNAVAILABLE: io exception
2023-05-03 09:48:08,527 [grpc-default-executor-0] WARN  server.GrpcLogAppender (GrpcLogAppender.java:resetClient(131)) - 7f2c1250-5750-453f-880f-f900c696f98f@group-7EF152AE622F->ac4b8c18-80b4-4feb-9785-680d8e9d2b2c-GrpcLogAppender: Leader has not got in touch with Follower 7f2c1250-5750-453f-880f-f900c696f98f@group-7EF152AE622F->ac4b8c18-80b4-4feb-9785-680d8e9d2b2c(c0,m0,n1, attendVote=true, lastRpcSendTime=2517, lastRpcResponseTime=2503) yet, just keep nextIndex unchanged and retry.
2023-05-03 09:48:08,528 [grpc-default-executor-2] WARN  server.GrpcLogAppender (GrpcLogAppender.java:resetClient(131)) - 7f2c1250-5750-453f-880f-f900c696f98f@group-7EF152AE622F->ac4b8c18-80b4-4feb-9785-680d8e9d2b2c-GrpcLogAppender: Leader has not got in touch with Follower 7f2c1250-5750-453f-880f-f900c696f98f@group-7EF152AE622F->ac4b8c18-80b4-4feb-9785-680d8e9d2b2c(c0,m0,n1, attendVote=true, lastRpcSendTime=2518, lastRpcResponseTime=2504) yet, just keep nextIndex unchanged and retry.
2023-05-03 09:48:08,531 [grpc-default-executor-2] WARN  server.GrpcLogAppender (LogUtils.java:warn(122)) - 7f2c1250-5750-453f-880f-f900c696f98f@group-7EF152AE622F->ac4b8c18-80b4-4feb-9785-680d8e9d2b2c-AppendLogResponseHandler: Failed appendEntries: org.apache.ratis.thirdparty.io.grpc.StatusRuntimeException: UNAVAILABLE: io exception
2023-05-03 09:48:08,531 [grpc-default-executor-0] WARN  server.GrpcLogAppender (LogUtils.java:warn(122)) - 7f2c1250-5750-453f-880f-f900c696f98f@group-7EF152AE622F->ac4b8c18-80b4-4feb-9785-680d8e9d2b2c-AppendLogResponseHandler: Failed appendEntries: org.apache.ratis.thirdparty.io.grpc.StatusRuntimeException: UNAVAILABLE: io exception
2023-05-03 09:48:08,531 [grpc-default-executor-2] WARN  server.GrpcLogAppender (GrpcLogAppender.java:resetClient(131)) - 7f2c1250-5750-453f-880f-f900c696f98f@group-7EF152AE622F->ac4b8c18-80b4-4feb-9785-680d8e9d2b2c-GrpcLogAppender: Leader has not got in touch with Follower 7f2c1250-5750-453f-880f-f900c696f98f@group-7EF152AE622F->ac4b8c18-80b4-4feb-9785-680d8e9d2b2c(c0,m0,n1, attendVote=true, lastRpcSendTime=2522, lastRpcResponseTime=2508) yet, just keep nextIndex unchanged and retry.
2023-05-03 09:48:08,531 [grpc-default-executor-0] WARN  server.GrpcLogAppender (GrpcLogAppender.java:resetClient(131)) - 7f2c1250-5750-453f-880f-f900c696f98f@group-7EF152AE622F->ac4b8c18-80b4-4feb-9785-680d8e9d2b2c-GrpcLogAppender: Leader has not got in touch with Follower 7f2c1250-5750-453f-880f-f900c696f98f@group-7EF152AE622F->ac4b8c18-80b4-4feb-9785-680d8e9d2b2c(c0,m0,n1, attendVote=true, lastRpcSendTime=2522, lastRpcResponseTime=2508) yet, just keep nextIndex unchanged and retry.
2023-05-03 09:48:08,532 [grpc-default-executor-0] WARN  server.GrpcLogAppender (LogUtils.java:warn(122)) - 7f2c1250-5750-453f-880f-f900c696f98f@group-7EF152AE622F->ac4b8c18-80b4-4feb-9785-680d8e9d2b2c-AppendLogResponseHandler: Failed appendEntries: org.apache.ratis.thirdparty.io.grpc.StatusRuntimeException: UNAVAILABLE: io exception
2023-05-03 09:48:08,533 [grpc-default-executor-0] WARN  server.GrpcLogAppender (GrpcLogAppender.java:resetClient(131)) - 7f2c1250-5750-453f-880f-f900c696f98f@group-7EF152AE622F->ac4b8c18-80b4-4feb-9785-680d8e9d2b2c-GrpcLogAppender: Leader has not got in touch with Follower 7f2c1250-5750-453f-880f-f900c696f98f@group-7EF152AE622F->ac4b8c18-80b4-4feb-9785-680d8e9d2b2c(c0,m0,n1, attendVote=true, lastRpcSendTime=0, lastRpcResponseTime=2509) yet, just keep nextIndex unchanged and retry.
2023-05-03 09:48:08,532 [grpc-default-executor-2] WARN  server.GrpcLogAppender (LogUtils.java:warn(122)) - 7f2c1250-5750-453f-880f-f900c696f98f@group-7EF152AE622F->ac4b8c18-80b4-4feb-9785-680d8e9d2b2c-AppendLogResponseHandler: Failed appendEntries: org.apache.ratis.thirdparty.io.grpc.StatusRuntimeException: UNAVAILABLE: io exception
2023-05-03 09:48:08,533 [grpc-default-executor-2] WARN  server.GrpcLogAppender (GrpcLogAppender.java:resetClient(131)) - 7f2c1250-5750-453f-880f-f900c696f98f@group-7EF152AE622F->ac4b8c18-80b4-4feb-9785-680d8e9d2b2c-GrpcLogAppender: Leader has not got in touch with Follower 7f2c1250-5750-453f-880f-f900c696f98f@group-7EF152AE622F->ac4b8c18-80b4-4feb-9785-680d8e9d2b2c(c0,m0,n1, attendVote=true, lastRpcSendTime=0, lastRpcResponseTime=2510) yet, just keep nextIndex unchanged and retry.
2023-05-03 09:48:08,881 [Listener at 127.0.0.1/36541] INFO  volume.HddsVolume (HddsVolume.java:closeDbStore(437)) - SchemaV3 db is stopped at /home/runner/work/ozone/ozone/hadoop-ozone/integration-test/target/test-dir/MiniOzoneClusterImpl-4bec65cc-6935-45f5-a4e0-5572db01fbff/datanode-1/data-0/containers/hdds/4bec65cc-6935-45f5-a4e0-5572db01fbff/DS-27cdd93d-8a0a-4709-8ce5-53de754ad6dd/container.db for volume DS-27cdd93d-8a0a-4709-8ce5-53de754ad6dd
2023-05-03 09:48:08,881 [Listener at 127.0.0.1/36541] INFO  utils.BackgroundService (BackgroundService.java:shutdown(141)) - Shutting down service BlockDeletingService
2023-05-03 09:48:08,882 [Listener at 127.0.0.1/36541] INFO  utils.BackgroundService (BackgroundService.java:shutdown(141)) - Shutting down service StaleRecoveringContainerScrubbingService
2023-05-03 09:48:08,884 [ForkJoinPool.commonPool-worker-1] INFO  volume.HddsVolume (HddsVolume.java:closeDbStore(437)) - SchemaV3 db is stopped at /home/runner/work/ozone/ozone/hadoop-ozone/integration-test/target/test-dir/MiniOzoneClusterImpl-4bec65cc-6935-45f5-a4e0-5572db01fbff/datanode-0/data-0/containers/hdds/4bec65cc-6935-45f5-a4e0-5572db01fbff/DS-f2f39a40-43f5-4220-9620-4b54a46750e5/container.db for volume DS-f2f39a40-43f5-4220-9620-4b54a46750e5
2023-05-03 09:48:08,884 [Listener at 127.0.0.1/36541] INFO  statemachine.DatanodeStateMachine (DatanodeStateMachine.java:stopDaemon(603)) - Ozone container server stopped.
2023-05-03 09:48:08,897 [ForkJoinPool.commonPool-worker-1] INFO  utils.BackgroundService (BackgroundService.java:shutdown(141)) - Shutting down service BlockDeletingService
2023-05-03 09:48:08,897 [ForkJoinPool.commonPool-worker-1] INFO  utils.BackgroundService (BackgroundService.java:shutdown(141)) - Shutting down service StaleRecoveringContainerScrubbingService
2023-05-03 09:48:08,903 [Listener at 127.0.0.1/36541] INFO  handler.ContextHandler (ContextHandler.java:doStop(1159)) - Stopped o.e.j.w.WebAppContext@54e04a4b{hddsDatanode,/,null,STOPPED}{jar:file:/home/runner/.m2/repository/org/apache/ozone/hdds-container-service/1.4.0-SNAPSHOT/hdds-container-service-1.4.0-SNAPSHOT.jar!/webapps/hddsDatanode}
2023-05-03 09:48:08,904 [Listener at 127.0.0.1/36541] INFO  server.AbstractConnector (AbstractConnector.java:doStop(383)) - Stopped ServerConnector@56f3e2b1{HTTP/1.1, (http/1.1)}{0.0.0.0:0}
2023-05-03 09:48:08,904 [Listener at 127.0.0.1/36541] INFO  server.session (HouseKeeper.java:stopScavenging(149)) - node0 Stopped scavenging
2023-05-03 09:48:08,904 [Listener at 127.0.0.1/36541] INFO  handler.ContextHandler (ContextHandler.java:doStop(1159)) - Stopped o.e.j.s.ServletContextHandler@5679b2c4{static,/static,jar:file:/home/runner/.m2/repository/org/apache/ozone/hdds-container-service/1.4.0-SNAPSHOT/hdds-container-service-1.4.0-SNAPSHOT.jar!/webapps/static,STOPPED}
2023-05-03 09:48:08,904 [ForkJoinPool.commonPool-worker-1] INFO  statemachine.DatanodeStateMachine (DatanodeStateMachine.java:stopDaemon(603)) - Ozone container server stopped.
2023-05-03 09:48:08,909 [Listener at 127.0.0.1/36541] INFO  handler.ContextHandler (ContextHandler.java:doStop(1159)) - Stopped o.e.j.s.ServletContextHandler@66cf12ee{logs,/logs,file:///home/runner/work/ozone/ozone/hadoop-ozone/integration-test/target/log,STOPPED}
2023-05-03 09:48:08,925 [ForkJoinPool.commonPool-worker-1] INFO  handler.ContextHandler (ContextHandler.java:doStop(1159)) - Stopped o.e.j.w.WebAppContext@21b48aba{hddsDatanode,/,null,STOPPED}{jar:file:/home/runner/.m2/repository/org/apache/ozone/hdds-container-service/1.4.0-SNAPSHOT/hdds-container-service-1.4.0-SNAPSHOT.jar!/webapps/hddsDatanode}
2023-05-03 09:48:08,927 [ForkJoinPool.commonPool-worker-1] INFO  server.AbstractConnector (AbstractConnector.java:doStop(383)) - Stopped ServerConnector@5022d70f{HTTP/1.1, (http/1.1)}{0.0.0.0:0}
2023-05-03 09:48:08,927 [ForkJoinPool.commonPool-worker-1] INFO  server.session (HouseKeeper.java:stopScavenging(149)) - node0 Stopped scavenging
2023-05-03 09:48:08,929 [Listener at 127.0.0.1/36541] INFO  ozoneimpl.OzoneContainer (OzoneContainer.java:stop(419)) - Attempting to stop container services.
2023-05-03 09:48:08,931 [ForkJoinPool.commonPool-worker-1] INFO  handler.ContextHandler (ContextHandler.java:doStop(1159)) - Stopped o.e.j.s.ServletContextHandler@72c9664f{static,/static,jar:file:/home/runner/.m2/repository/org/apache/ozone/hdds-container-service/1.4.0-SNAPSHOT/hdds-container-service-1.4.0-SNAPSHOT.jar!/webapps/static,STOPPED}
2023-05-03 09:48:08,932 [ForkJoinPool.commonPool-worker-1] INFO  handler.ContextHandler (ContextHandler.java:doStop(1159)) - Stopped o.e.j.s.ServletContextHandler@68ddb992{logs,/logs,file:///home/runner/work/ozone/ozone/hadoop-ozone/integration-test/target/log,STOPPED}
2023-05-03 09:48:08,932 [Listener at 127.0.0.1/36541] INFO  server.RaftServer (RaftServerProxy.java:lambda$close$6(409)) - 7f2c1250-5750-453f-880f-f900c696f98f: close
2023-05-03 09:48:08,932 [7f2c1250-5750-453f-880f-f900c696f98f-impl-thread1] INFO  server.RaftServer$Division (RaftServerImpl.java:lambda$close$4(458)) - 7f2c1250-5750-453f-880f-f900c696f98f@group-432A0C806781: shutdown
2023-05-03 09:48:08,932 [7f2c1250-5750-453f-880f-f900c696f98f-impl-thread1] INFO  util.JmxRegister (JmxRegister.java:unregister(73)) - Successfully un-registered JMX Bean with object name Ratis:service=RaftServer,group=group-432A0C806781,id=7f2c1250-5750-453f-880f-f900c696f98f
2023-05-03 09:48:08,932 [7f2c1250-5750-453f-880f-f900c696f98f-impl-thread1] INFO  impl.RoleInfo (RoleInfo.java:shutdownLeaderState(93)) - 7f2c1250-5750-453f-880f-f900c696f98f: shutdown 7f2c1250-5750-453f-880f-f900c696f98f@group-432A0C806781-LeaderStateImpl
2023-05-03 09:48:08,932 [7f2c1250-5750-453f-880f-f900c696f98f-impl-thread1] INFO  impl.PendingRequests (PendingRequests.java:sendNotLeaderResponses(282)) - 7f2c1250-5750-453f-880f-f900c696f98f@group-432A0C806781-PendingRequests: sendNotLeaderResponses
2023-05-03 09:48:08,933 [7f2c1250-5750-453f-880f-f900c696f98f-impl-thread1] INFO  impl.StateMachineUpdater (StateMachineUpdater.java:stopAndJoin(153)) - 7f2c1250-5750-453f-880f-f900c696f98f@group-432A0C806781-StateMachineUpdater: set stopIndex = 0
2023-05-03 09:48:08,933 [7f2c1250-5750-453f-880f-f900c696f98f@group-432A0C806781-StateMachineUpdater] INFO  ratis.ContainerStateMachine (ContainerStateMachine.java:takeSnapshot(330)) - group-432A0C806781: Taking a snapshot at:(t:1, i:0) file /home/runner/work/ozone/ozone/hadoop-ozone/integration-test/target/test-dir/MiniOzoneClusterImpl-4bec65cc-6935-45f5-a4e0-5572db01fbff/datanode-2/data/ratis/89802633-d8db-43d0-a6a3-432a0c806781/sm/snapshot.1_0
2023-05-03 09:48:08,935 [7f2c1250-5750-453f-880f-f900c696f98f@group-432A0C806781-StateMachineUpdater] INFO  ratis.ContainerStateMachine (ContainerStateMachine.java:takeSnapshot(341)) - group-432A0C806781: Finished taking a snapshot at:(t:1, i:0) file:/home/runner/work/ozone/ozone/hadoop-ozone/integration-test/target/test-dir/MiniOzoneClusterImpl-4bec65cc-6935-45f5-a4e0-5572db01fbff/datanode-2/data/ratis/89802633-d8db-43d0-a6a3-432a0c806781/sm/snapshot.1_0 took: 1 ms
2023-05-03 09:48:08,935 [7f2c1250-5750-453f-880f-f900c696f98f@group-432A0C806781-StateMachineUpdater] INFO  impl.StateMachineUpdater (StateMachineUpdater.java:takeSnapshot(287)) - 7f2c1250-5750-453f-880f-f900c696f98f@group-432A0C806781-StateMachineUpdater: Took a snapshot at index 0
2023-05-03 09:48:08,935 [7f2c1250-5750-453f-880f-f900c696f98f@group-432A0C806781-StateMachineUpdater] INFO  impl.StateMachineUpdater (StateMachineUpdater.java:lambda$new$0(92)) - 7f2c1250-5750-453f-880f-f900c696f98f@group-432A0C806781-StateMachineUpdater: snapshotIndex: updateIncreasingly -1 -> 0
2023-05-03 09:48:08,935 [7f2c1250-5750-453f-880f-f900c696f98f-impl-thread1] INFO  server.RaftServer$Division (ServerState.java:close(466)) - 7f2c1250-5750-453f-880f-f900c696f98f@group-432A0C806781: closes. applyIndex: 0
2023-05-03 09:48:08,942 [7f2c1250-5750-453f-880f-f900c696f98f-impl-thread2] INFO  server.RaftServer$Division (RaftServerImpl.java:lambda$close$4(458)) - 7f2c1250-5750-453f-880f-f900c696f98f@group-0349FDDDB6AE: shutdown
2023-05-03 09:48:08,943 [7f2c1250-5750-453f-880f-f900c696f98f-impl-thread2] INFO  util.JmxRegister (JmxRegister.java:unregister(73)) - Successfully un-registered JMX Bean with object name Ratis:service=RaftServer,group=group-0349FDDDB6AE,id=7f2c1250-5750-453f-880f-f900c696f98f
2023-05-03 09:48:08,943 [7f2c1250-5750-453f-880f-f900c696f98f-impl-thread2] INFO  impl.RoleInfo (RoleInfo.java:shutdownFollowerState(110)) - 7f2c1250-5750-453f-880f-f900c696f98f: shutdown 7f2c1250-5750-453f-880f-f900c696f98f@group-0349FDDDB6AE-FollowerState
2023-05-03 09:48:08,943 [Listener at 127.0.0.1/36541] INFO  server.GrpcService (GrpcService.java:closeImpl(271)) - 7f2c1250-5750-453f-880f-f900c696f98f: shutdown server GrpcServerProtocolService now
2023-05-03 09:48:08,944 [7f2c1250-5750-453f-880f-f900c696f98f@group-0349FDDDB6AE-FollowerState] INFO  impl.FollowerState (FollowerState.java:run(152)) - 7f2c1250-5750-453f-880f-f900c696f98f@group-0349FDDDB6AE-FollowerState was interrupted
2023-05-03 09:48:08,944 [7f2c1250-5750-453f-880f-f900c696f98f-impl-thread2] INFO  impl.StateMachineUpdater (StateMachineUpdater.java:stopAndJoin(153)) - 7f2c1250-5750-453f-880f-f900c696f98f@group-0349FDDDB6AE-StateMachineUpdater: set stopIndex = 0
2023-05-03 09:48:08,947 [7f2c1250-5750-453f-880f-f900c696f98f@group-0349FDDDB6AE-StateMachineUpdater] INFO  ratis.ContainerStateMachine (ContainerStateMachine.java:takeSnapshot(330)) - group-0349FDDDB6AE: Taking a snapshot at:(t:1, i:0) file /home/runner/work/ozone/ozone/hadoop-ozone/integration-test/target/test-dir/MiniOzoneClusterImpl-4bec65cc-6935-45f5-a4e0-5572db01fbff/datanode-2/data/ratis/b16bc958-938d-45ed-9243-0349fdddb6ae/sm/snapshot.1_0
2023-05-03 09:48:08,947 [7f2c1250-5750-453f-880f-f900c696f98f@group-0349FDDDB6AE-StateMachineUpdater] INFO  ratis.ContainerStateMachine (ContainerStateMachine.java:takeSnapshot(341)) - group-0349FDDDB6AE: Finished taking a snapshot at:(t:1, i:0) file:/home/runner/work/ozone/ozone/hadoop-ozone/integration-test/target/test-dir/MiniOzoneClusterImpl-4bec65cc-6935-45f5-a4e0-5572db01fbff/datanode-2/data/ratis/b16bc958-938d-45ed-9243-0349fdddb6ae/sm/snapshot.1_0 took: 0 ms
2023-05-03 09:48:08,947 [7f2c1250-5750-453f-880f-f900c696f98f@group-0349FDDDB6AE-StateMachineUpdater] INFO  impl.StateMachineUpdater (StateMachineUpdater.java:takeSnapshot(287)) - 7f2c1250-5750-453f-880f-f900c696f98f@group-0349FDDDB6AE-StateMachineUpdater: Took a snapshot at index 0
2023-05-03 09:48:08,947 [7f2c1250-5750-453f-880f-f900c696f98f@group-0349FDDDB6AE-StateMachineUpdater] INFO  impl.StateMachineUpdater (StateMachineUpdater.java:lambda$new$0(92)) - 7f2c1250-5750-453f-880f-f900c696f98f@group-0349FDDDB6AE-StateMachineUpdater: snapshotIndex: updateIncreasingly -1 -> 0
2023-05-03 09:48:08,948 [7f2c1250-5750-453f-880f-f900c696f98f-impl-thread2] INFO  server.RaftServer$Division (ServerState.java:close(466)) - 7f2c1250-5750-453f-880f-f900c696f98f@group-0349FDDDB6AE: closes. applyIndex: 0
2023-05-03 09:48:08,948 [7f2c1250-5750-453f-880f-f900c696f98f-impl-thread3] INFO  server.RaftServer$Division (RaftServerImpl.java:lambda$close$4(458)) - 7f2c1250-5750-453f-880f-f900c696f98f@group-7EF152AE622F: shutdown
2023-05-03 09:48:08,948 [7f2c1250-5750-453f-880f-f900c696f98f-impl-thread3] INFO  util.JmxRegister (JmxRegister.java:unregister(73)) - Successfully un-registered JMX Bean with object name Ratis:service=RaftServer,group=group-7EF152AE622F,id=7f2c1250-5750-453f-880f-f900c696f98f
2023-05-03 09:48:08,949 [7f2c1250-5750-453f-880f-f900c696f98f-impl-thread3] INFO  impl.RoleInfo (RoleInfo.java:shutdownLeaderState(93)) - 7f2c1250-5750-453f-880f-f900c696f98f: shutdown 7f2c1250-5750-453f-880f-f900c696f98f@group-7EF152AE622F-LeaderStateImpl
2023-05-03 09:48:08,954 [7f2c1250-5750-453f-880f-f900c696f98f@group-432A0C806781-SegmentedRaftLogWorker] INFO  segmented.SegmentedRaftLogWorker (SegmentedRaftLogWorker.java:run(347)) - 7f2c1250-5750-453f-880f-f900c696f98f@group-432A0C806781-SegmentedRaftLogWorker was interrupted, exiting. There are 0 tasks remaining in the queue.
2023-05-03 09:48:08,954 [7f2c1250-5750-453f-880f-f900c696f98f@group-0349FDDDB6AE-SegmentedRaftLogWorker] INFO  segmented.SegmentedRaftLogWorker (SegmentedRaftLogWorker.java:run(347)) - 7f2c1250-5750-453f-880f-f900c696f98f@group-0349FDDDB6AE-SegmentedRaftLogWorker was interrupted, exiting. There are 0 tasks remaining in the queue.
2023-05-03 09:48:08,955 [7f2c1250-5750-453f-880f-f900c696f98f-impl-thread3] INFO  impl.PendingRequests (PendingRequests.java:sendNotLeaderResponses(282)) - 7f2c1250-5750-453f-880f-f900c696f98f@group-7EF152AE622F-PendingRequests: sendNotLeaderResponses
2023-05-03 09:48:08,959 [Listener at 127.0.0.1/36541] INFO  server.GrpcServerProtocolClient (GrpcServerProtocolClient.java:close(101)) - 22018fc8-4f04-4d80-8f55-d0eb73e2f788 Close channels
2023-05-03 09:48:08,959 [7f2c1250-5750-453f-880f-f900c696f98f-impl-thread1] INFO  segmented.SegmentedRaftLogWorker (SegmentedRaftLogWorker.java:close(257)) - 7f2c1250-5750-453f-880f-f900c696f98f@group-432A0C806781-SegmentedRaftLogWorker close()
2023-05-03 09:48:08,959 [7f2c1250-5750-453f-880f-f900c696f98f@group-7EF152AE622F-StateMachineUpdater] INFO  ratis.ContainerStateMachine (ContainerStateMachine.java:takeSnapshot(330)) - group-7EF152AE622F: Taking a snapshot at:(t:1, i:0) file /home/runner/work/ozone/ozone/hadoop-ozone/integration-test/target/test-dir/MiniOzoneClusterImpl-4bec65cc-6935-45f5-a4e0-5572db01fbff/datanode-2/data/ratis/6a66d65b-20c2-431f-b22c-7ef152ae622f/sm/snapshot.1_0
2023-05-03 09:48:08,960 [7f2c1250-5750-453f-880f-f900c696f98f-impl-thread2] INFO  segmented.SegmentedRaftLogWorker (SegmentedRaftLogWorker.java:close(257)) - 7f2c1250-5750-453f-880f-f900c696f98f@group-0349FDDDB6AE-SegmentedRaftLogWorker close()
2023-05-03 09:48:08,961 [7f2c1250-5750-453f-880f-f900c696f98f@group-7EF152AE622F-StateMachineUpdater] INFO  ratis.ContainerStateMachine (ContainerStateMachine.java:takeSnapshot(341)) - group-7EF152AE622F: Finished taking a snapshot at:(t:1, i:0) file:/home/runner/work/ozone/ozone/hadoop-ozone/integration-test/target/test-dir/MiniOzoneClusterImpl-4bec65cc-6935-45f5-a4e0-5572db01fbff/datanode-2/data/ratis/6a66d65b-20c2-431f-b22c-7ef152ae622f/sm/snapshot.1_0 took: 2 ms
2023-05-03 09:48:08,961 [7f2c1250-5750-453f-880f-f900c696f98f@group-7EF152AE622F-StateMachineUpdater] INFO  impl.StateMachineUpdater (StateMachineUpdater.java:takeSnapshot(287)) - 7f2c1250-5750-453f-880f-f900c696f98f@group-7EF152AE622F-StateMachineUpdater: Took a snapshot at index 0
2023-05-03 09:48:08,961 [7f2c1250-5750-453f-880f-f900c696f98f@group-7EF152AE622F-StateMachineUpdater] INFO  impl.StateMachineUpdater (StateMachineUpdater.java:lambda$new$0(92)) - 7f2c1250-5750-453f-880f-f900c696f98f@group-7EF152AE622F-StateMachineUpdater: snapshotIndex: updateIncreasingly -1 -> 0
2023-05-03 09:48:08,961 [7f2c1250-5750-453f-880f-f900c696f98f-impl-thread3] INFO  impl.StateMachineUpdater (StateMachineUpdater.java:stopAndJoin(153)) - 7f2c1250-5750-453f-880f-f900c696f98f@group-7EF152AE622F-StateMachineUpdater: set stopIndex = 0
2023-05-03 09:48:08,961 [7f2c1250-5750-453f-880f-f900c696f98f-impl-thread3] INFO  server.RaftServer$Division (ServerState.java:close(466)) - 7f2c1250-5750-453f-880f-f900c696f98f@group-7EF152AE622F: closes. applyIndex: 0
2023-05-03 09:48:08,962 [Listener at 127.0.0.1/36541] INFO  server.GrpcServerProtocolClient (GrpcServerProtocolClient.java:close(101)) - ac4b8c18-80b4-4feb-9785-680d8e9d2b2c Close channels
2023-05-03 09:48:08,962 [7f2c1250-5750-453f-880f-f900c696f98f@group-7EF152AE622F-SegmentedRaftLogWorker] INFO  segmented.SegmentedRaftLogWorker (SegmentedRaftLogWorker.java:run(347)) - 7f2c1250-5750-453f-880f-f900c696f98f@group-7EF152AE622F-SegmentedRaftLogWorker was interrupted, exiting. There are 0 tasks remaining in the queue.
2023-05-03 09:48:08,963 [7f2c1250-5750-453f-880f-f900c696f98f-impl-thread3] INFO  segmented.SegmentedRaftLogWorker (SegmentedRaftLogWorker.java:close(257)) - 7f2c1250-5750-453f-880f-f900c696f98f@group-7EF152AE622F-SegmentedRaftLogWorker close()
2023-05-03 09:48:08,963 [Listener at 127.0.0.1/36541] INFO  server.GrpcService (GrpcService.java:closeImpl(280)) - 7f2c1250-5750-453f-880f-f900c696f98f: shutdown server GrpcServerProtocolService successfully
2023-05-03 09:48:08,963 [7f2c1250-5750-453f-880f-f900c696f98f-NettyServerStreamRpc-bossGroup--thread1] INFO  logging.LoggingHandler (AbstractInternalLogger.java:log(148)) - [id: 0x6f7019ea, L:/0:0:0:0:0:0:0:0:44061] CLOSE
2023-05-03 09:48:08,963 [7f2c1250-5750-453f-880f-f900c696f98f-NettyServerStreamRpc-bossGroup--thread1] INFO  logging.LoggingHandler (AbstractInternalLogger.java:log(148)) - [id: 0x6f7019ea, L:/0:0:0:0:0:0:0:0:44061] INACTIVE
2023-05-03 09:48:08,963 [7f2c1250-5750-453f-880f-f900c696f98f-NettyServerStreamRpc-bossGroup--thread1] INFO  logging.LoggingHandler (AbstractInternalLogger.java:log(148)) - [id: 0x6f7019ea, L:/0:0:0:0:0:0:0:0:44061] UNREGISTERED
2023-05-03 09:48:08,971 [JvmPauseMonitor15] INFO  util.JvmPauseMonitor (JvmPauseMonitor.java:run(111)) - JvmPauseMonitor-7f2c1250-5750-453f-880f-f900c696f98f: Stopped
2023-05-03 09:48:10,974 [Listener at 127.0.0.1/36541] INFO  volume.HddsVolume (HddsVolume.java:closeDbStore(437)) - SchemaV3 db is stopped at /home/runner/work/ozone/ozone/hadoop-ozone/integration-test/target/test-dir/MiniOzoneClusterImpl-4bec65cc-6935-45f5-a4e0-5572db01fbff/datanode-2/data-0/containers/hdds/4bec65cc-6935-45f5-a4e0-5572db01fbff/DS-b75c47d3-c688-4218-a6e8-6e550c4f64f1/container.db for volume DS-b75c47d3-c688-4218-a6e8-6e550c4f64f1
2023-05-03 09:48:10,974 [Listener at 127.0.0.1/36541] INFO  utils.BackgroundService (BackgroundService.java:shutdown(141)) - Shutting down service BlockDeletingService
2023-05-03 09:48:10,974 [Listener at 127.0.0.1/36541] INFO  utils.BackgroundService (BackgroundService.java:shutdown(141)) - Shutting down service StaleRecoveringContainerScrubbingService
2023-05-03 09:48:10,976 [Listener at 127.0.0.1/36541] INFO  statemachine.DatanodeStateMachine (DatanodeStateMachine.java:stopDaemon(603)) - Ozone container server stopped.
2023-05-03 09:48:10,985 [Listener at 127.0.0.1/36541] INFO  handler.ContextHandler (ContextHandler.java:doStop(1159)) - Stopped o.e.j.w.WebAppContext@20f20d05{hddsDatanode,/,null,STOPPED}{jar:file:/home/runner/.m2/repository/org/apache/ozone/hdds-container-service/1.4.0-SNAPSHOT/hdds-container-service-1.4.0-SNAPSHOT.jar!/webapps/hddsDatanode}
2023-05-03 09:48:10,985 [Listener at 127.0.0.1/36541] INFO  server.AbstractConnector (AbstractConnector.java:doStop(383)) - Stopped ServerConnector@517581a9{HTTP/1.1, (http/1.1)}{0.0.0.0:0}
2023-05-03 09:48:10,985 [Listener at 127.0.0.1/36541] INFO  server.session (HouseKeeper.java:stopScavenging(149)) - node0 Stopped scavenging
2023-05-03 09:48:10,986 [Listener at 127.0.0.1/36541] INFO  handler.ContextHandler (ContextHandler.java:doStop(1159)) - Stopped o.e.j.s.ServletContextHandler@4f0a34f3{static,/static,jar:file:/home/runner/.m2/repository/org/apache/ozone/hdds-container-service/1.4.0-SNAPSHOT/hdds-container-service-1.4.0-SNAPSHOT.jar!/webapps/static,STOPPED}
2023-05-03 09:48:10,986 [Listener at 127.0.0.1/36541] INFO  handler.ContextHandler (ContextHandler.java:doStop(1159)) - Stopped o.e.j.s.ServletContextHandler@7a339285{logs,/logs,file:///home/runner/work/ozone/ozone/hadoop-ozone/integration-test/target/log,STOPPED}
2023-05-03 09:48:10,987 [Listener at 127.0.0.1/36541] INFO  ozone.MiniOzoneClusterImpl (MiniOzoneClusterImpl.java:stopSCM(552)) - Stopping the StorageContainerManager
2023-05-03 09:48:10,987 [Listener at 127.0.0.1/36541] INFO  server.StorageContainerManager (StorageContainerManager.java:stop(1578)) - Container Balancer is not running.
2023-05-03 09:48:10,987 [Listener at 127.0.0.1/36541] INFO  server.StorageContainerManager (StorageContainerManager.java:stopReplicationManager(1709)) - Stopping Replication Manager Service.
2023-05-03 09:48:10,987 [Listener at 127.0.0.1/36541] INFO  replication.ReplicationManager (ReplicationManager.java:stop(324)) - Stopping Replication Monitor Thread.
2023-05-03 09:48:10,987 [Listener at 127.0.0.1/36541] INFO  server.StorageContainerManager (StorageContainerManager.java:stop(1587)) - Stopping the Datanode Admin Monitor.
2023-05-03 09:48:10,987 [Under Replicated Processor] WARN  replication.UnhealthyReplicationProcessor (UnhealthyReplicationProcessor.java:run(167)) - Under Replicated Processor interrupted. Exiting...
2023-05-03 09:48:10,988 [Listener at 127.0.0.1/36541] INFO  server.StorageContainerManager (StorageContainerManager.java:stop(1594)) - Stopping datanode service RPC server
2023-05-03 09:48:10,988 [Listener at 127.0.0.1/36541] INFO  server.SCMDatanodeProtocolServer (SCMDatanodeProtocolServer.java:stop(424)) - Stopping the RPC server for DataNodes
2023-05-03 09:48:10,988 [Listener at 127.0.0.1/36541] INFO  ipc.Server (Server.java:stop(3501)) - Stopping server on 46813
2023-05-03 09:48:10,988 [Over Replicated Processor] WARN  replication.UnhealthyReplicationProcessor (UnhealthyReplicationProcessor.java:run(167)) - Over Replicated Processor interrupted. Exiting...
2023-05-03 09:48:10,988 [ReplicationMonitor] INFO  replication.ReplicationManager (ReplicationManager.java:run(934)) - Replication Monitor Thread is stopped
2023-05-03 09:48:10,989 [IPC Server listener on 0] INFO  ipc.Server (Server.java:run(1430)) - Stopping IPC Server listener on 0
2023-05-03 09:48:10,994 [IPC Server Responder] INFO  ipc.Server (Server.java:run(1563)) - Stopping IPC Server Responder
2023-05-03 09:48:11,050 [SCM Heartbeat Processing Thread - 0] WARN  node.NodeStateManager (NodeStateManager.java:scheduleNextHealthCheck(870)) - Current Thread is interrupted, shutting down HB processing thread for Node Manager.
2023-05-03 09:48:11,050 [Listener at 127.0.0.1/36541] INFO  server.StorageContainerManager (StorageContainerManager.java:stop(1602)) - Stopping block service RPC server
2023-05-03 09:48:11,051 [Listener at 127.0.0.1/36541] INFO  server.SCMBlockProtocolServer (SCMBlockProtocolServer.java:stop(161)) - Stopping the RPC server for Block Protocol
2023-05-03 09:48:11,051 [Listener at 127.0.0.1/36541] INFO  ipc.Server (Server.java:stop(3501)) - Stopping server on 34685
2023-05-03 09:48:11,052 [IPC Server Responder] INFO  ipc.Server (Server.java:run(1563)) - Stopping IPC Server Responder
2023-05-03 09:48:11,052 [IPC Server listener on 0] INFO  ipc.Server (Server.java:run(1430)) - Stopping IPC Server listener on 0
2023-05-03 09:48:11,053 [Listener at 127.0.0.1/36541] INFO  server.StorageContainerManager (StorageContainerManager.java:stop(1609)) - Stopping the StorageContainerLocationProtocol RPC server
2023-05-03 09:48:11,053 [Listener at 127.0.0.1/36541] INFO  server.SCMClientProtocolServer (SCMClientProtocolServer.java:stop(208)) - Stopping the RPC server for Client Protocol
2023-05-03 09:48:11,053 [Listener at 127.0.0.1/36541] INFO  ipc.Server (Server.java:stop(3501)) - Stopping server on 45141
2023-05-03 09:48:11,054 [IPC Server Responder] INFO  ipc.Server (Server.java:run(1563)) - Stopping IPC Server Responder
2023-05-03 09:48:11,055 [Listener at 127.0.0.1/36541] INFO  server.StorageContainerManager (StorageContainerManager.java:stop(1616)) - Stopping Storage Container Manager HTTP server.
2023-05-03 09:48:11,055 [IPC Server listener on 0] INFO  ipc.Server (Server.java:run(1430)) - Stopping IPC Server listener on 0
2023-05-03 09:48:11,055 [Listener at 127.0.0.1/36541] INFO  handler.ContextHandler (ContextHandler.java:doStop(1159)) - Stopped o.e.j.w.WebAppContext@26112082{scm,/,null,STOPPED}{file:/home/runner/work/ozone/ozone/hadoop-ozone/integration-test/target/test-classes/webapps/scm}
2023-05-03 09:48:11,056 [Listener at 127.0.0.1/36541] INFO  server.AbstractConnector (AbstractConnector.java:doStop(383)) - Stopped ServerConnector@71e62c53{HTTP/1.1, (http/1.1)}{0.0.0.0:0}
2023-05-03 09:48:11,056 [Listener at 127.0.0.1/36541] INFO  server.session (HouseKeeper.java:stopScavenging(149)) - node0 Stopped scavenging
2023-05-03 09:48:11,056 [Listener at 127.0.0.1/36541] INFO  handler.ContextHandler (ContextHandler.java:doStop(1159)) - Stopped o.e.j.s.ServletContextHandler@43d28336{static,/static,file:///home/runner/work/ozone/ozone/hadoop-ozone/integration-test/target/test-classes/webapps/static,STOPPED}
2023-05-03 09:48:11,056 [Listener at 127.0.0.1/36541] INFO  handler.ContextHandler (ContextHandler.java:doStop(1159)) - Stopped o.e.j.s.ServletContextHandler@7649fb52{logs,/logs,file:///home/runner/work/ozone/ozone/hadoop-ozone/integration-test/target/log,STOPPED}
2023-05-03 09:48:11,057 [Listener at 127.0.0.1/36541] INFO  server.StorageContainerManager (StorageContainerManager.java:stop(1624)) - Stopping SCM LayoutVersionManager Service.
2023-05-03 09:48:11,057 [Listener at 127.0.0.1/36541] INFO  server.StorageContainerManager (StorageContainerManager.java:stop(1632)) - Stopping Block Manager Service.
2023-05-03 09:48:11,057 [Listener at 127.0.0.1/36541] INFO  utils.BackgroundService (BackgroundService.java:shutdown(141)) - Shutting down service SCMBlockDeletingService
2023-05-03 09:48:11,057 [Listener at 127.0.0.1/36541] INFO  utils.BackgroundService (BackgroundService.java:shutdown(141)) - Shutting down service SCMBlockDeletingService
2023-05-03 09:48:11,057 [Listener at 127.0.0.1/36541] INFO  server.StorageContainerManager (StorageContainerManager.java:stop(1654)) - Stopping SCM Event Queue.
2023-05-03 09:48:11,059 [Listener at 127.0.0.1/36541] INFO  server.StorageContainerManager (StorageContainerManager.java:stop(1665)) - Stopping SCM HA services.
2023-05-03 09:48:11,059 [Listener at 127.0.0.1/36541] INFO  pipeline.BackgroundPipelineCreator (BackgroundPipelineCreator.java:stop(149)) - Stopping RatisPipelineUtilsThread.
2023-05-03 09:48:11,059 [RatisPipelineUtilsThread - 0] WARN  pipeline.BackgroundPipelineCreator (BackgroundPipelineCreator.java:run(180)) - RatisPipelineUtilsThread is interrupted.
2023-05-03 09:48:11,059 [BackgroundPipelineScrubberThread] WARN  BackgroundPipelineScrubber (BackgroundSCMService.java:run(115)) - BackgroundPipelineScrubber is interrupted, exit
2023-05-03 09:48:11,059 [Listener at 127.0.0.1/36541] INFO  BackgroundPipelineScrubber (BackgroundSCMService.java:stop(131)) - Stopping BackgroundPipelineScrubber Service.
2023-05-03 09:48:11,059 [Listener at 127.0.0.1/36541] INFO  impl.MetricsSystemImpl (MetricsSystemImpl.java:stop(210)) - Stopping HddsDatanode metrics system...
2023-05-03 09:48:11,064 [prometheus] INFO  impl.MetricsSinkAdapter (MetricsSinkAdapter.java:publishMetricsFromQueue(141)) - prometheus thread interrupted.
2023-05-03 09:48:11,064 [Listener at 127.0.0.1/36541] INFO  impl.MetricsSystemImpl (MetricsSystemImpl.java:stop(216)) - HddsDatanode metrics system stopped.
2023-05-03 09:48:11,064 [Listener at 127.0.0.1/36541] WARN  pipeline.BackgroundPipelineCreator (BackgroundPipelineCreator.java:stop(145)) - RatisPipelineUtilsThread is not running, just ignore.
2023-05-03 09:48:11,064 [Listener at 127.0.0.1/36541] INFO  BackgroundPipelineScrubber (BackgroundSCMService.java:stop(126)) - BackgroundPipelineScrubber Service is not running, skip stop.
2023-05-03 09:48:11,064 [Listener at 127.0.0.1/36541] INFO  ExpiredContainerReplicaOpScrubber (BackgroundSCMService.java:stop(131)) - Stopping ExpiredContainerReplicaOpScrubber Service.
2023-05-03 09:48:11,064 [ExpiredContainerReplicaOpScrubberThread] WARN  ExpiredContainerReplicaOpScrubber (BackgroundSCMService.java:run(115)) - ExpiredContainerReplicaOpScrubber is interrupted, exit
2023-05-03 09:48:11,064 [Listener at 127.0.0.1/36541] INFO  utils.BackgroundService (BackgroundService.java:shutdown(141)) - Shutting down service SCMBlockDeletingService
2023-05-03 09:48:11,067 [Listener at 127.0.0.1/36541] INFO  replication.ReplicationManager (ReplicationManager.java:stop(334)) - Replication Monitor Thread is not running.
2023-05-03 09:48:11,067 [Listener at 127.0.0.1/36541] WARN  balancer.ContainerBalancer (ContainerBalancer.java:stop(324)) - Cannot stop Container Balancer because it's not running or stopping
2023-05-03 09:48:11,067 [Listener at 127.0.0.1/36541] INFO  server.StorageContainerManager (StorageContainerManager.java:stop(1700)) - Stopping SCM MetadataStore.
2023-05-03 09:48:11,115 [Listener at 127.0.0.1/36541] WARN  server.ServerUtils (ServerUtils.java:getScmDbDir(148)) - ozone.scm.db.dirs is not configured. We recommend adding this setting. Falling back to ozone.metadata.dirs instead.
2023-05-03 09:48:11,117 [Listener at 127.0.0.1/36541] WARN  server.ServerUtils (ServerUtils.java:getScmDbDir(148)) - ozone.scm.db.dirs is not configured. We recommend adding this setting. Falling back to ozone.metadata.dirs instead.
2023-05-03 09:48:11,117 [Listener at 127.0.0.1/36541] INFO  ha.SCMHANodeDetails (SCMHANodeDetails.java:loadSCMHAConfig(209)) - ServiceID for StorageContainerManager is null
2023-05-03 09:48:11,117 [Listener at 127.0.0.1/36541] INFO  ha.SCMHANodeDetails (SCMHANodeDetails.java:loadSCMHAConfig(214)) - ozone.scm.default.service.id is not defined, falling back to ozone.scm.service.ids to find serviceID for StorageContainerManager if it is HA enabled cluster
2023-05-03 09:48:11,119 [Listener at 127.0.0.1/36541] WARN  utils.HAUtils (HAUtils.java:getMetaDir(350)) - ozone.scm.db.dirs is not configured. We recommend adding this setting. Falling back to ozone.metadata.dirs instead.
2023-05-03 09:48:11,119 [Listener at 127.0.0.1/36541] WARN  db.DBStoreBuilder (DBStoreBuilder.java:applyDBDefinition(165)) - ozone.scm.db.dirs is not configured. We recommend adding this setting. Falling back to ozone.metadata.dirs instead.
2023-05-03 09:48:11,198 [Listener at 127.0.0.1/36541] INFO  net.NodeSchemaLoader (NodeSchemaLoader.java:loadSchemaFromFile(129)) - Loading schema from [jar:file:/home/runner/.m2/repository/org/apache/ozone/hdds-common/1.4.0-SNAPSHOT/hdds-common-1.4.0-SNAPSHOT.jar!/network-topology-default.xml]
2023-05-03 09:48:11,198 [Listener at 127.0.0.1/36541] INFO  net.NodeSchemaLoader (NodeSchemaLoader.java:loadSchema(176)) - Loading network topology layer schema file
2023-05-03 09:48:11,201 [Listener at 127.0.0.1/36541] INFO  upgrade.AbstractLayoutVersionManager (AbstractLayoutVersionManager.java:init(83)) - Initializing Layout version manager with metadata layout = WEBUI_PORTS_IN_DATANODEDETAILS (version = 6), software layout = WEBUI_PORTS_IN_DATANODEDETAILS (version = 6)
2023-05-03 09:48:11,247 [Listener at 127.0.0.1/36541] INFO  reflections.Reflections (Reflections.java:scan(232)) - Reflections took 45 ms to scan 7 urls, producing 156 keys and 369 values 
2023-05-03 09:48:11,249 [Listener at 127.0.0.1/36541] INFO  ha.SequenceIdGenerator (SequenceIdGenerator.java:upgradeToSequenceId(349)) - upgrade localId to 111677748019200000
2023-05-03 09:48:11,249 [Listener at 127.0.0.1/36541] INFO  ha.SequenceIdGenerator (SequenceIdGenerator.java:upgradeToSequenceId(359)) - upgrade delTxnId to 0
2023-05-03 09:48:11,249 [Listener at 127.0.0.1/36541] INFO  ha.SequenceIdGenerator (SequenceIdGenerator.java:upgradeToSequenceId(376)) - upgrade containerId to 0
2023-05-03 09:48:11,250 [Listener at 127.0.0.1/36541] INFO  ha.SequenceIdGenerator (SequenceIdGenerator.java:<init>(220)) - Init the HA SequenceIdGenerator.
2023-05-03 09:48:11,250 [Listener at 127.0.0.1/36541] WARN  server.ServerUtils (ServerUtils.java:sanitizeUserArgs(73)) - ozone.scm.stale.node.interval value = 300000 is larger than max = 100000 based on the key value of ozone.scm.heartbeat.thread.interval, reset to the max value 100000.
2023-05-03 09:48:11,250 [Listener at 127.0.0.1/36541] WARN  server.ServerUtils (ServerUtils.java:sanitizeUserArgs(73)) - ozone.scm.stale.node.interval value = 300000 is larger than max = 100000 based on the key value of ozone.scm.heartbeat.thread.interval, reset to the max value 100000.
2023-05-03 09:48:11,250 [Listener at 127.0.0.1/36541] INFO  node.SCMNodeManager (SCMNodeManager.java:<init>(159)) - Entering startup safe mode.
2023-05-03 09:48:11,251 [Listener at 127.0.0.1/36541] INFO  algorithms.ContainerPlacementPolicyFactory (ContainerPlacementPolicyFactory.java:getPolicyInternal(86)) - Create container placement policy of type org.apache.hadoop.hdds.scm.container.placement.algorithms.SCMContainerPlacementRackAware
2023-05-03 09:48:11,251 [Listener at 127.0.0.1/36541] INFO  algorithms.ContainerPlacementPolicyFactory (ContainerPlacementPolicyFactory.java:getPolicyInternal(86)) - Create container placement policy of type org.apache.hadoop.hdds.scm.container.placement.algorithms.SCMContainerPlacementRackScatter
2023-05-03 09:48:11,251 [Listener at 127.0.0.1/36541] INFO  pipeline.PipelineStateManagerImpl (PipelineStateManagerImpl.java:initialize(78)) - No pipeline exists in current db
2023-05-03 09:48:11,251 [Listener at 127.0.0.1/36541] INFO  algorithms.LeaderChoosePolicyFactory (LeaderChoosePolicyFactory.java:getPolicy(57)) - Create leader choose policy of type org.apache.hadoop.hdds.scm.pipeline.leader.choose.algorithms.MinLeaderCountChoosePolicy
2023-05-03 09:48:11,251 [Listener at 127.0.0.1/36541] INFO  algorithms.ContainerPlacementPolicyFactory (ContainerPlacementPolicyFactory.java:getPolicyInternal(86)) - Create container placement policy of type org.apache.hadoop.hdds.scm.container.placement.algorithms.SCMContainerPlacementRackScatter
2023-05-03 09:48:11,251 [Listener at 127.0.0.1/36541] INFO  ha.SCMServiceManager (SCMServiceManager.java:register(42)) - Registering service BackgroundPipelineCreator.
2023-05-03 09:48:11,251 [Listener at 127.0.0.1/36541] INFO  pipeline.BackgroundPipelineCreator (BackgroundPipelineCreator.java:start(124)) - Starting RatisPipelineUtilsThread.
2023-05-03 09:48:11,254 [Listener at 127.0.0.1/36541] INFO  BackgroundPipelineScrubber (BackgroundSCMService.java:start(68)) - Starting BackgroundPipelineScrubber Service.
2023-05-03 09:48:11,258 [Listener at 127.0.0.1/36541] INFO  ha.SCMServiceManager (SCMServiceManager.java:register(42)) - Registering service BackgroundPipelineScrubber.
2023-05-03 09:48:11,258 [Listener at 127.0.0.1/36541] INFO  ExpiredContainerReplicaOpScrubber (BackgroundSCMService.java:start(68)) - Starting ExpiredContainerReplicaOpScrubber Service.
2023-05-03 09:48:11,259 [Listener at 127.0.0.1/36541] INFO  ha.SCMServiceManager (SCMServiceManager.java:register(42)) - Registering service ExpiredContainerReplicaOpScrubber.
2023-05-03 09:48:11,260 [Listener at 127.0.0.1/36541] INFO  algorithms.PipelineChoosePolicyFactory (PipelineChoosePolicyFactory.java:createPipelineChoosePolicyFromClass(73)) - Create pipeline choose policy of type org.apache.hadoop.hdds.scm.pipeline.choose.algorithms.RandomPipelineChoosePolicy
2023-05-03 09:48:11,260 [Listener at 127.0.0.1/36541] INFO  ha.SCMServiceManager (SCMServiceManager.java:register(42)) - Registering service SCMBlockDeletingService.
2023-05-03 09:48:11,260 [Listener at 127.0.0.1/36541] INFO  replication.ReplicationManager (ReplicationManager.java:start(291)) - Starting Replication Monitor Thread.
2023-05-03 09:48:11,261 [Listener at 127.0.0.1/36541] INFO  ha.SCMServiceManager (SCMServiceManager.java:register(42)) - Registering service ReplicationManager.
2023-05-03 09:48:11,261 [Listener at 127.0.0.1/36541] INFO  safemode.ContainerSafeModeRule (ContainerSafeModeRule.java:<init>(89)) - containers with one replica threshold count 0
2023-05-03 09:48:11,261 [Listener at 127.0.0.1/36541] INFO  safemode.HealthyPipelineSafeModeRule (HealthyPipelineSafeModeRule.java:initializeRule(169)) - Total pipeline count is 0, healthy pipeline threshold count is 1
2023-05-03 09:48:11,262 [Listener at 127.0.0.1/36541] INFO  safemode.OneReplicaPipelineSafeModeRule (OneReplicaPipelineSafeModeRule.java:initializeRule(180)) - Total pipeline count is 0, pipeline's with at least one datanode reported threshold count is 0
2023-05-03 09:48:11,262 [Listener at 127.0.0.1/36541] INFO  server.StorageContainerManager (StorageContainerManager.java:<init>(403)) - SCM start with adminUsers: [adminUser1, adminUser2, runner]
2023-05-03 09:48:11,262 [Listener at 127.0.0.1/36541] INFO  ipc.CallQueueManager (CallQueueManager.java:<init>(90)) - Using callQueue: class java.util.concurrent.LinkedBlockingQueue, queueCapacity: 2000, scheduler: class org.apache.hadoop.ipc.DefaultRpcScheduler, ipcBackoff: false.
2023-05-03 09:48:11,263 [Socket Reader #1 for port 0] INFO  ipc.Server (Server.java:run(1319)) - Starting Socket Reader #1 for port 0
2023-05-03 09:48:11,263 [Listener at 0.0.0.0/44347] INFO  ipc.CallQueueManager (CallQueueManager.java:<init>(90)) - Using callQueue: class java.util.concurrent.LinkedBlockingQueue, queueCapacity: 2000, scheduler: class org.apache.hadoop.ipc.DefaultRpcScheduler, ipcBackoff: false.
2023-05-03 09:48:11,264 [Socket Reader #1 for port 0] INFO  ipc.Server (Server.java:run(1319)) - Starting Socket Reader #1 for port 0
2023-05-03 09:48:11,265 [Listener at 0.0.0.0/37249] INFO  ipc.CallQueueManager (CallQueueManager.java:<init>(90)) - Using callQueue: class java.util.concurrent.LinkedBlockingQueue, queueCapacity: 2000, scheduler: class org.apache.hadoop.ipc.DefaultRpcScheduler, ipcBackoff: false.
2023-05-03 09:48:11,265 [Socket Reader #1 for port 0] INFO  ipc.Server (Server.java:run(1319)) - Starting Socket Reader #1 for port 0
2023-05-03 09:48:11,268 [Listener at 0.0.0.0/38725] INFO  ha.SCMServiceManager (SCMServiceManager.java:register(42)) - Registering service ContainerBalancer.
2023-05-03 09:48:11,268 [Listener at 0.0.0.0/38725] INFO  server.StorageContainerManager (StorageContainerManager.java:<init>(420)) - 
Container Balancer status:
Key                            Value
Running                        false
Container Balancer Configuration values:
Key                                                Value
Threshold                                          10
Max Datanodes to Involve per Iteration(percent)    20
Max Size to Move per Iteration                     500GB
Max Size Entering Target per Iteration             26GB
Max Size Leaving Source per Iteration              26GB

2023-05-03 09:48:11,268 [Listener at 0.0.0.0/38725] INFO  ha.SCMContext (SCMContext.java:updateSafeModeStatus(228)) - Update SafeModeStatus from SafeModeStatus{safeModeStatus=true, preCheckPassed=false} to SafeModeStatus{safeModeStatus=true, preCheckPassed=false}.
2023-05-03 09:48:11,268 [Listener at 0.0.0.0/38725] INFO  server.StorageContainerManager (StorageContainerManager.java:start(1477)) - StorageContainerLocationProtocol RPC server is listening at /0.0.0.0:38725
2023-05-03 09:48:11,270 [Listener at 0.0.0.0/38725] WARN  impl.MetricsConfig (MetricsConfig.java:loadFirst(136)) - Cannot locate configuration: tried hadoop-metrics2-storagecontainermanager.properties,hadoop-metrics2.properties
2023-05-03 09:48:11,271 [ReplicationMonitor] INFO  replication.ReplicationManager (ReplicationManager.java:processAll(366)) - Replication Manager is not ready to run until 3000ms after safemode exit
2023-05-03 09:48:11,271 [Listener at 0.0.0.0/38725] INFO  impl.MetricsSystemImpl (MetricsSystemImpl.java:startTimer(378)) - Scheduled Metric snapshot period at 10 second(s).
2023-05-03 09:48:11,271 [Listener at 0.0.0.0/38725] INFO  impl.MetricsSystemImpl (MetricsSystemImpl.java:start(191)) - StorageContainerManager metrics system started
2023-05-03 09:48:11,282 [Listener at 0.0.0.0/38725] INFO  impl.MetricsSinkAdapter (MetricsSinkAdapter.java:start(204)) - Sink prometheus started
2023-05-03 09:48:11,283 [Listener at 0.0.0.0/38725] INFO  impl.MetricsSystemImpl (MetricsSystemImpl.java:registerSink(305)) - Registered sink prometheus
2023-05-03 09:48:11,301 [Listener at 0.0.0.0/38725] INFO  server.SCMClientProtocolServer (SCMClientProtocolServer.java:start(199)) - RPC server for Client  is listening at /0.0.0.0:38725
2023-05-03 09:48:11,302 [IPC Server Responder] INFO  ipc.Server (Server.java:run(1558)) - IPC Server Responder: starting
2023-05-03 09:48:11,303 [Listener at 0.0.0.0/38725] INFO  server.StorageContainerManager (StorageContainerManager.java:start(1491)) - ScmBlockLocationProtocol RPC server is listening at /0.0.0.0:37249
2023-05-03 09:48:11,303 [Listener at 0.0.0.0/38725] INFO  server.SCMBlockProtocolServer (SCMBlockProtocolServer.java:start(152)) - RPC server for Block Protocol is listening at /0.0.0.0:37249
2023-05-03 09:48:11,304 [IPC Server Responder] INFO  ipc.Server (Server.java:run(1558)) - IPC Server Responder: starting
2023-05-03 09:48:11,304 [IPC Server listener on 0] INFO  ipc.Server (Server.java:run(1398)) - IPC Server listener on 0: starting
2023-05-03 09:48:11,305 [Listener at 0.0.0.0/38725] INFO  server.SCMDatanodeProtocolServer (SCMDatanodeProtocolServer.java:start(193)) - ScmDatanodeProtocol RPC server for DataNodes is listening at /0.0.0.0:44347
2023-05-03 09:48:11,306 [IPC Server Responder] INFO  ipc.Server (Server.java:run(1558)) - IPC Server Responder: starting
2023-05-03 09:48:11,306 [IPC Server listener on 0] INFO  ipc.Server (Server.java:run(1398)) - IPC Server listener on 0: starting
2023-05-03 09:48:11,308 [IPC Server listener on 0] INFO  ipc.Server (Server.java:run(1398)) - IPC Server listener on 0: starting
2023-05-03 09:48:11,310 [org.apache.hadoop.util.JvmPauseMonitor$Monitor@76514063] INFO  util.JvmPauseMonitor (JvmPauseMonitor.java:run(188)) - Starting JVM pause monitor
2023-05-03 09:48:11,310 [Listener at 0.0.0.0/38725] INFO  http.BaseHttpServer (BaseHttpServer.java:newHttpServer2BuilderForOzone(224)) - Starting Web-server for scm at: http://0.0.0.0:0
2023-05-03 09:48:11,310 [Listener at 0.0.0.0/38725] INFO  http.BaseHttpServer (BaseHttpServer.java:<init>(111)) - Hadoop Security Enabled: false Ozone Security Enabled: false Ozone HTTP Security Enabled: false 
2023-05-03 09:48:11,311 [Listener at 0.0.0.0/38725] WARN  server.AuthenticationFilter (AuthenticationFilter.java:constructSecretProvider(240)) - Unable to initialize FileSignerSecretProvider, falling back to use random secrets. Reason: Could not read signature secret file: /home/runner/hadoop-http-auth-signature-secret
2023-05-03 09:48:11,312 [Listener at 0.0.0.0/38725] INFO  http.HttpRequestLog (HttpRequestLog.java:getRequestLog(86)) - Http request log for http.requests.scm is not defined
2023-05-03 09:48:11,313 [Listener at 0.0.0.0/38725] INFO  http.HttpServer2 (HttpServer2.java:addGlobalFilter(1031)) - Added global filter 'safety' (class=org.apache.hadoop.hdds.server.http.HttpServer2$QuotingInputFilter)
2023-05-03 09:48:11,313 [Listener at 0.0.0.0/38725] INFO  http.HttpServer2 (HttpServer2.java:addFilter(1007)) - Added filter static_user_filter (class=org.apache.hadoop.http.lib.StaticUserWebFilter$StaticUserFilter) to context scm
2023-05-03 09:48:11,313 [Listener at 0.0.0.0/38725] INFO  http.HttpServer2 (HttpServer2.java:addFilter(1015)) - Added filter static_user_filter (class=org.apache.hadoop.http.lib.StaticUserWebFilter$StaticUserFilter) to context logs
2023-05-03 09:48:11,314 [Listener at 0.0.0.0/38725] INFO  http.HttpServer2 (HttpServer2.java:addFilter(1015)) - Added filter static_user_filter (class=org.apache.hadoop.http.lib.StaticUserWebFilter$StaticUserFilter) to context static
2023-05-03 09:48:11,314 [Listener at 0.0.0.0/38725] INFO  http.BaseHttpServer (BaseHttpServer.java:<init>(190)) - HTTP server of scm uses base directory /home/runner/work/ozone/ozone/hadoop-ozone/integration-test/target/test-dir/MiniOzoneClusterImpl-376f2470-9738-4f53-87bd-21a09484475b/ozone-meta/webserver
2023-05-03 09:48:11,314 [Listener at 0.0.0.0/38725] INFO  http.HttpServer2 (HttpServer2.java:bindListener(1250)) - Jetty bound to port 33325
2023-05-03 09:48:11,314 [Listener at 0.0.0.0/38725] INFO  server.Server (Server.java:doStart(375)) - jetty-9.4.51.v20230217; built: 2023-02-17T08:19:37.309Z; git: b45c405e4544384de066f814ed42ae3dceacdd49; jvm 1.8.0_362-b09
2023-05-03 09:48:11,315 [Listener at 0.0.0.0/38725] INFO  server.session (DefaultSessionIdManager.java:doStart(334)) - DefaultSessionIdManager workerName=node0
2023-05-03 09:48:11,315 [Listener at 0.0.0.0/38725] INFO  server.session (DefaultSessionIdManager.java:doStart(339)) - No SessionScavenger set, using defaults
2023-05-03 09:48:11,316 [Listener at 0.0.0.0/38725] INFO  server.session (HouseKeeper.java:startScavenging(132)) - node0 Scavenging every 660000ms
2023-05-03 09:48:11,316 [Listener at 0.0.0.0/38725] INFO  handler.ContextHandler (ContextHandler.java:doStart(921)) - Started o.e.j.s.ServletContextHandler@4487f262{logs,/logs,file:///home/runner/work/ozone/ozone/hadoop-ozone/integration-test/target/log,AVAILABLE}
2023-05-03 09:48:11,317 [Listener at 0.0.0.0/38725] INFO  handler.ContextHandler (ContextHandler.java:doStart(921)) - Started o.e.j.s.ServletContextHandler@10ccb891{static,/static,file:///home/runner/work/ozone/ozone/hadoop-ozone/integration-test/target/test-classes/webapps/static,AVAILABLE}
2023-05-03 09:48:11,319 [Listener at 0.0.0.0/38725] INFO  handler.ContextHandler (ContextHandler.java:doStart(921)) - Started o.e.j.w.WebAppContext@6c22e67{scm,/,file:///home/runner/work/ozone/ozone/hadoop-ozone/integration-test/target/test-classes/webapps/scm/,AVAILABLE}{file:/home/runner/work/ozone/ozone/hadoop-ozone/integration-test/target/test-classes/webapps/scm}
2023-05-03 09:48:11,320 [Listener at 0.0.0.0/38725] INFO  server.AbstractConnector (AbstractConnector.java:doStart(333)) - Started ServerConnector@14fbc0d9{HTTP/1.1, (http/1.1)}{0.0.0.0:33325}
2023-05-03 09:48:11,320 [Listener at 0.0.0.0/38725] INFO  server.Server (Server.java:doStart(415)) - Started @134445ms
2023-05-03 09:48:11,320 [Listener at 0.0.0.0/38725] WARN  impl.MetricsSystemImpl (MetricsSystemImpl.java:register(279)) - Sink prometheus already exists!
2023-05-03 09:48:11,320 [Listener at 0.0.0.0/38725] INFO  http.BaseHttpServer (BaseHttpServer.java:updateConnectorAddress(344)) - HTTP server of scm listening at http://0.0.0.0:33325
2023-05-03 09:48:11,321 [Listener at 0.0.0.0/38725] WARN  server.ServerUtils (ServerUtils.java:getDBPath(225)) - ozone.om.db.dirs is not configured. We recommend adding this setting. Falling back to ozone.metadata.dirs instead.
2023-05-03 09:48:11,322 [Listener at 0.0.0.0/38725] INFO  ha.OMHANodeDetails (OMHANodeDetails.java:loadOMHAConfig(115)) - ozone.om.internal.service.id is not defined, falling back to ozone.om.service.ids to find serviceID for OzoneManager if it is HA enabled cluster
2023-05-03 09:48:11,322 [Listener at 0.0.0.0/38725] INFO  ha.OMHANodeDetails (OMHANodeDetails.java:loadOMHAConfig(226)) - Configuration does not have ozone.om.address set. Falling back to the default OM address /127.0.0.1:0
2023-05-03 09:48:11,322 [Listener at 0.0.0.0/38725] INFO  ha.OMHANodeDetails (OMHANodeDetails.java:getOMNodeDetailsForNonHA(254)) - OM Service ID is not set. Setting it to the default ID: omServiceIdDefault
2023-05-03 09:48:11,322 [Listener at 0.0.0.0/38725] INFO  ha.OMHANodeDetails (OMHANodeDetails.java:getOMNodeDetailsForNonHA(261)) - OM Node ID is not set. Setting it to the default ID: om1
2023-05-03 09:48:11,322 [Listener at 0.0.0.0/38725] WARN  server.ServerUtils (ServerUtils.java:getDBPath(225)) - ozone.om.db.dirs is not configured. We recommend adding this setting. Falling back to ozone.metadata.dirs instead.
2023-05-03 09:48:11,323 [Listener at 0.0.0.0/38725] INFO  upgrade.AbstractLayoutVersionManager (AbstractLayoutVersionManager.java:init(83)) - Initializing Layout version manager with metadata layout = HSYNC (version = 4), software layout = HSYNC (version = 4)
2023-05-03 09:48:11,404 [Listener at 0.0.0.0/38725] INFO  reflections.Reflections (Reflections.java:scan(232)) - Reflections took 80 ms to scan 2 urls, producing 172 keys and 478 values [using 2 cores]
2023-05-03 09:48:11,405 [Listener at 0.0.0.0/38725] INFO  upgrade.OMLayoutVersionManager (OMLayoutVersionManager.java:lambda$0(115)) - Skipping Upgrade Action MockOmUpgradeAction since it has been finalized.
2023-05-03 09:48:11,405 [Listener at 0.0.0.0/38725] WARN  server.ServerUtils (ServerUtils.java:getDBPath(225)) - ozone.om.db.dirs is not configured. We recommend adding this setting. Falling back to ozone.metadata.dirs instead.
2023-05-03 09:48:11,405 [Listener at 0.0.0.0/38725] INFO  proxy.SCMBlockLocationFailoverProxyProvider (SCMBlockLocationFailoverProxyProvider.java:<init>(114)) - Created block location fail-over proxy with 1 nodes: [nodeId=scmNodeId,nodeAddress=/0.0.0.0:37249]
2023-05-03 09:48:11,407 [Listener at 0.0.0.0/38725] INFO  proxy.SCMBlockLocationFailoverProxyProvider (SCMBlockLocationFailoverProxyProvider.java:<init>(114)) - Created block location fail-over proxy with 1 nodes: [nodeId=scmNodeId,nodeAddress=/0.0.0.0:37249]
2023-05-03 09:48:11,415 [Listener at 0.0.0.0/38725] INFO  om.OzoneManager (OzoneManager.java:<init>(634)) - OM start with adminUsers: [adminUser1, adminUser2, runner]
2023-05-03 09:48:11,415 [Listener at 0.0.0.0/38725] WARN  server.ServerUtils (ServerUtils.java:getDBPath(225)) - ozone.om.db.dirs is not configured. We recommend adding this setting. Falling back to ozone.metadata.dirs instead.
2023-05-03 09:48:11,415 [Listener at 0.0.0.0/38725] INFO  codec.OmKeyInfoCodec (OmKeyInfoCodec.java:<init>(49)) - OmKeyInfoCodec ignorePipeline = true
2023-05-03 09:48:11,416 [Listener at 0.0.0.0/38725] INFO  codec.RepeatedOmKeyInfoCodec (RepeatedOmKeyInfoCodec.java:<init>(41)) - RepeatedOmKeyInfoCodec ignorePipeline = true
2023-05-03 09:48:11,567 [Listener at 0.0.0.0/38725] INFO  om.OzoneManager (OzoneManager.java:instantiateServices(764)) - S3 Multi-Tenancy is disabled
2023-05-03 09:48:11,567 [Listener at 0.0.0.0/38725] WARN  server.ServerUtils (ServerUtils.java:getDBPath(225)) - ozone.om.snapshot.diff.db.dir is not configured. We recommend adding this setting. Falling back to ozone.metadata.dirs instead.
2023-05-03 09:48:11,588 [Listener at 0.0.0.0/38725] INFO  om.OzoneManager (OzoneManager.java:addS3GVolumeToDB(4263)) - Created Volume s3v With Owner runner required for S3Gateway operations.
2023-05-03 09:48:11,588 [Listener at 0.0.0.0/38725] WARN  server.ServerUtils (ServerUtils.java:getDefaultRatisDirectory(237)) - Storage directory for Ratis is not configured. It is a good idea to map this to an SSD disk. Falling back to ozone.metadata.dirs
2023-05-03 09:48:11,588 [Listener at 0.0.0.0/38725] WARN  utils.OzoneManagerRatisUtils (OzoneManagerRatisUtils.java:getOMRatisSnapshotDirectory(459)) - ozone.om.ratis.snapshot.dir is not configured. Falling back to ozone.metadata.dirs config
2023-05-03 09:48:11,588 [Listener at 0.0.0.0/38725] WARN  server.ServerUtils (ServerUtils.java:getDefaultRatisDirectory(237)) - Storage directory for Ratis is not configured. It is a good idea to map this to an SSD disk. Falling back to ozone.metadata.dirs
2023-05-03 09:48:11,589 [Listener at 0.0.0.0/38725] INFO  ratis.OzoneManagerRatisServer (OzoneManagerRatisServer.java:<init>(163)) - Instantiating OM Ratis server with groupID: omServiceIdDefault and peers: localhost:9872
2023-05-03 09:48:11,589 [Listener at 0.0.0.0/38725] INFO  ratis.OzoneManagerStateMachine (OzoneManagerStateMachine.java:loadSnapshotInfoFromDB(670)) - LastAppliedIndex is set from TransactionInfo from OM DB as (t:0, i:~)
2023-05-03 09:48:11,590 [Listener at 0.0.0.0/38725] INFO  server.RaftServer (ConfUtils.java:logGet(46)) - raft.rpc.type = GRPC (default)
2023-05-03 09:48:11,590 [Listener at 0.0.0.0/38725] INFO  grpc.GrpcConfigKeys (ConfUtils.java:logFallback(53)) - raft.grpc.admin.host = null (fallback to raft.grpc.server.host)
2023-05-03 09:48:11,590 [Listener at 0.0.0.0/38725] INFO  grpc.GrpcConfigKeys (ConfUtils.java:logFallback(53)) - raft.grpc.admin.port = 9872 (fallback to raft.grpc.server.port)
2023-05-03 09:48:11,590 [Listener at 0.0.0.0/38725] INFO  grpc.GrpcConfigKeys (ConfUtils.java:logFallback(53)) - raft.grpc.client.host = null (fallback to raft.grpc.server.host)
2023-05-03 09:48:11,590 [Listener at 0.0.0.0/38725] INFO  grpc.GrpcConfigKeys (ConfUtils.java:logFallback(53)) - raft.grpc.client.port = 9872 (fallback to raft.grpc.server.port)
2023-05-03 09:48:11,590 [Listener at 0.0.0.0/38725] INFO  grpc.GrpcConfigKeys (ConfUtils.java:logGet(46)) - raft.grpc.server.host = null (default)
2023-05-03 09:48:11,590 [Listener at 0.0.0.0/38725] INFO  grpc.GrpcConfigKeys (ConfUtils.java:logGet(46)) - raft.grpc.server.port = 9872 (custom)
2023-05-03 09:48:11,590 [Listener at 0.0.0.0/38725] INFO  server.GrpcService (ConfUtils.java:logGet(46)) - raft.grpc.message.size.max = 33554432 (custom)
2023-05-03 09:48:11,590 [Listener at 0.0.0.0/38725] INFO  server.RaftServerConfigKeys (ConfUtils.java:logGet(46)) - raft.server.log.appender.buffer.byte-limit = 33554432 (custom)
2023-05-03 09:48:11,590 [Listener at 0.0.0.0/38725] INFO  server.GrpcService (ConfUtils.java:logGet(46)) - raft.grpc.flow.control.window = 1MB (=1048576) (default)
2023-05-03 09:48:11,590 [Listener at 0.0.0.0/38725] INFO  server.RaftServerConfigKeys (ConfUtils.java:logGet(46)) - raft.server.rpc.request.timeout = 3000ms (default)
2023-05-03 09:48:11,590 [Listener at 0.0.0.0/38725] INFO  grpc.GrpcConfigKeys (ConfUtils.java:logGet(46)) - raft.grpc.server.heartbeat.channel = true (default)
2023-05-03 09:48:11,591 [Listener at 0.0.0.0/38725] INFO  grpc.GrpcConfigKeys (ConfUtils.java:logGet(46)) - raft.grpc.server.async.request.thread.pool.cached = true (default)
2023-05-03 09:48:11,591 [Listener at 0.0.0.0/38725] INFO  grpc.GrpcConfigKeys (ConfUtils.java:logGet(46)) - raft.grpc.server.async.request.thread.pool.size = 32 (default)
2023-05-03 09:48:11,592 [Listener at 0.0.0.0/38725] INFO  impl.DataStreamServerImpl (ConfUtils.java:logGet(46)) - raft.datastream.type = DISABLED (default)
2023-05-03 09:48:11,592 [Listener at 0.0.0.0/38725] INFO  server.RaftServerConfigKeys (ConfUtils.java:logGet(46)) - raft.server.threadpool.proxy.cached = true (default)
2023-05-03 09:48:11,592 [Listener at 0.0.0.0/38725] INFO  server.RaftServerConfigKeys (ConfUtils.java:logGet(46)) - raft.server.threadpool.proxy.size = 0 (default)
2023-05-03 09:48:11,592 [Listener at 0.0.0.0/38725] INFO  server.RaftServerConfigKeys (ConfUtils.java:logGet(46)) - raft.server.rpc.slowness.timeout = 120s (custom)
2023-05-03 09:48:11,592 [Listener at 0.0.0.0/38725] INFO  server.RaftServerConfigKeys (ConfUtils.java:logGet(46)) - raft.server.leaderelection.leader.step-down.wait-time = 10s (default)
2023-05-03 09:48:11,592 [Listener at 0.0.0.0/38725] INFO  server.RaftServerConfigKeys (ConfUtils.java:logGet(46)) - raft.server.storage.dir = [/home/runner/work/ozone/ozone/hadoop-ozone/integration-test/target/test-dir/MiniOzoneClusterImpl-376f2470-9738-4f53-87bd-21a09484475b/ozone-meta/ratis] (custom)
2023-05-03 09:48:11,593 [Listener at 0.0.0.0/38725] INFO  server.RaftServer (RaftServerProxy.java:addNew(96)) - om1: addNew group-C5BA1605619E:[om1|rpc:localhost:9872|priority:0|startupRole:FOLLOWER] returns group-C5BA1605619E:java.util.concurrent.CompletableFuture@771daab9[Not completed]
2023-05-03 09:48:11,593 [Listener at 0.0.0.0/38725] INFO  om.OzoneManager (OzoneManager.java:initializeRatisServer(2106)) - OzoneManager Ratis server initialized at port 9872
2023-05-03 09:48:11,593 [Listener at 0.0.0.0/38725] INFO  om.OzoneManager (OzoneManager.java:getRpcServer(1153)) - Creating RPC Server
2023-05-03 09:48:11,594 [pool-761-thread-1] INFO  server.RaftServer$Division (RaftServerImpl.java:<init>(195)) - om1: new RaftServerImpl for group-C5BA1605619E:[om1|rpc:localhost:9872|priority:0|startupRole:FOLLOWER] with OzoneManagerStateMachine:uninitialized
2023-05-03 09:48:11,594 [pool-761-thread-1] INFO  server.RaftServerConfigKeys (ConfUtils.java:logGet(46)) - raft.server.rpc.timeout.min = 1s (custom)
2023-05-03 09:48:11,594 [pool-761-thread-1] INFO  server.RaftServerConfigKeys (ConfUtils.java:logGet(46)) - raft.server.rpc.timeout.max = 1200ms (custom)
2023-05-03 09:48:11,594 [pool-761-thread-1] INFO  server.RaftServerConfigKeys (ConfUtils.java:logGet(46)) - raft.server.rpc.sleep.time = 25ms (default)
2023-05-03 09:48:11,594 [pool-761-thread-1] INFO  server.RaftServerConfigKeys (ConfUtils.java:logGet(46)) - raft.server.rpc.slowness.timeout = 120s (custom)
2023-05-03 09:48:11,594 [pool-761-thread-1] INFO  server.RaftServerConfigKeys (ConfUtils.java:logGet(46)) - raft.server.leaderelection.leader.step-down.wait-time = 10s (default)
2023-05-03 09:48:11,594 [pool-761-thread-1] INFO  server.RaftServerConfigKeys (ConfUtils.java:logGet(46)) - raft.server.sleep.deviation.threshold = 300ms (default)
2023-05-03 09:48:11,594 [pool-761-thread-1] INFO  server.RaftServer$Division (ServerState.java:<init>(118)) - om1@group-C5BA1605619E: ConfigurationManager, init=-1: peers:[om1|rpc:localhost:9872|priority:0|startupRole:FOLLOWER]|listeners:[], old=null, confs=<EMPTY_MAP>
2023-05-03 09:48:11,594 [pool-761-thread-1] INFO  server.RaftServerConfigKeys (ConfUtils.java:logGet(46)) - raft.server.storage.dir = [/home/runner/work/ozone/ozone/hadoop-ozone/integration-test/target/test-dir/MiniOzoneClusterImpl-376f2470-9738-4f53-87bd-21a09484475b/ozone-meta/ratis] (custom)
2023-05-03 09:48:11,594 [pool-761-thread-1] INFO  server.RaftServerConfigKeys (ConfUtils.java:logGet(46)) - raft.server.log.corruption.policy = EXCEPTION (default)
2023-05-03 09:48:11,594 [pool-761-thread-1] INFO  server.RaftServerConfigKeys (ConfUtils.java:logGet(46)) - raft.server.storage.free-space.min = 0MB (=0) (default)
2023-05-03 09:48:11,594 [pool-761-thread-1] INFO  server.RaftServerConfigKeys (ConfUtils.java:logGet(46)) - raft.server.notification.no-leader.timeout = 120s (custom)
2023-05-03 09:48:11,594 [pool-761-thread-1] INFO  server.RaftServerConfigKeys (ConfUtils.java:logGet(46)) - raft.server.retrycache.expirytime = 300s (custom)
2023-05-03 09:48:11,594 [pool-761-thread-1] INFO  server.RaftServerConfigKeys (ConfUtils.java:logGet(46)) - raft.server.retrycache.statistics.expirytime = 100μs (default)
2023-05-03 09:48:11,595 [pool-761-thread-1] INFO  server.RaftServerConfigKeys (ConfUtils.java:logGet(46)) - raft.server.log.appender.install.snapshot.enabled = false (custom)
2023-05-03 09:48:11,595 [pool-761-thread-1] INFO  server.RaftServerConfigKeys (ConfUtils.java:logGet(46)) - raft.server.threadpool.server.cached = true (default)
2023-05-03 09:48:11,596 [pool-761-thread-1] INFO  server.RaftServerConfigKeys (ConfUtils.java:logGet(46)) - raft.server.threadpool.server.size = 0 (default)
2023-05-03 09:48:11,597 [pool-761-thread-1] INFO  server.RaftServerConfigKeys (ConfUtils.java:logGet(46)) - raft.server.threadpool.client.cached = true (default)
2023-05-03 09:48:11,597 [pool-761-thread-1] INFO  server.RaftServerConfigKeys (ConfUtils.java:logGet(46)) - raft.server.threadpool.client.size = 0 (default)
2023-05-03 09:48:12,004 [Listener at 0.0.0.0/38725] INFO  reflections.Reflections (Reflections.java:scan(232)) - Reflections took 410 ms to scan 19 urls, producing 68 keys and 5124 values [using 2 cores]
2023-05-03 09:48:12,005 [Listener at 0.0.0.0/38725] INFO  ipc.CallQueueManager (CallQueueManager.java:<init>(90)) - Using callQueue: class java.util.concurrent.LinkedBlockingQueue, queueCapacity: 2000, scheduler: class org.apache.hadoop.ipc.DefaultRpcScheduler, ipcBackoff: false.
2023-05-03 09:48:12,007 [Socket Reader #1 for port 0] INFO  ipc.Server (Server.java:run(1319)) - Starting Socket Reader #1 for port 0
2023-05-03 09:48:12,035 [Listener at 127.0.0.1/33989] INFO  impl.MetricsSystemImpl (MetricsSystemImpl.java:init(158)) - OzoneManager metrics system started (again)
2023-05-03 09:48:12,044 [Listener at 127.0.0.1/33989] INFO  om.OzoneManager (OzoneManager.java:start(1574)) - OzoneManager RPC server is listening at localhost/127.0.0.1:33989
2023-05-03 09:48:12,045 [Listener at 127.0.0.1/33989] INFO  ratis.OzoneManagerRatisServer (OzoneManagerRatisServer.java:start(558)) - Starting OzoneManagerRatisServer om1 at port 9872
2023-05-03 09:48:12,045 [om1-impl-thread1] INFO  storage.RaftStorageDirectory (RaftStorageDirectoryImpl.java:analyzeStorage(137)) - The storage directory /home/runner/work/ozone/ozone/hadoop-ozone/integration-test/target/test-dir/MiniOzoneClusterImpl-376f2470-9738-4f53-87bd-21a09484475b/ozone-meta/ratis/bf265839-605b-3f16-9796-c5ba1605619e does not exist. Creating ...
2023-05-03 09:48:12,046 [om1-impl-thread1] INFO  storage.RaftStorageDirectory (RaftStorageDirectoryImpl.java:tryLock(231)) - Lock on /home/runner/work/ozone/ozone/hadoop-ozone/integration-test/target/test-dir/MiniOzoneClusterImpl-376f2470-9738-4f53-87bd-21a09484475b/ozone-meta/ratis/bf265839-605b-3f16-9796-c5ba1605619e/in_use.lock acquired by nodename 7780@fv-az139-793
2023-05-03 09:48:12,047 [om1-impl-thread1] INFO  storage.RaftStorage (RaftStorageImpl.java:format(96)) - Storage directory /home/runner/work/ozone/ozone/hadoop-ozone/integration-test/target/test-dir/MiniOzoneClusterImpl-376f2470-9738-4f53-87bd-21a09484475b/ozone-meta/ratis/bf265839-605b-3f16-9796-c5ba1605619e has been successfully formatted.
2023-05-03 09:48:12,047 [om1-impl-thread1] INFO  server.RaftServerConfigKeys (ConfUtils.java:logGet(46)) - raft.server.log.use.memory = false (default)
2023-05-03 09:48:12,047 [om1-impl-thread1] INFO  server.RaftServerConfigKeys (ConfUtils.java:logGet(46)) - raft.server.log.purge.gap = 1000000 (custom)
2023-05-03 09:48:12,047 [om1-impl-thread1] INFO  server.RaftServerConfigKeys (ConfUtils.java:logGet(46)) - raft.server.log.appender.buffer.byte-limit = 33554432 (custom)
2023-05-03 09:48:12,047 [om1-impl-thread1] INFO  server.RaftServerConfigKeys (ConfUtils.java:logGet(46)) - raft.server.log.statemachine.data.read.timeout = 1000ms (default)
2023-05-03 09:48:12,047 [om1-impl-thread1] INFO  server.RaftServerConfigKeys (ConfUtils.java:logGet(46)) - raft.server.log.purge.preservation.log.num = 0 (default)
2023-05-03 09:48:12,047 [om1-impl-thread1] INFO  server.RaftServerConfigKeys (ConfUtils.java:logGet(46)) - raft.server.log.segment.size.max = 4194304 (custom)
2023-05-03 09:48:12,048 [om1-impl-thread1] INFO  server.RaftServerConfigKeys (ConfUtils.java:logGet(46)) - raft.server.log.segment.cache.num.max = 2 (custom)
2023-05-03 09:48:12,048 [om1-impl-thread1] INFO  server.RaftServerConfigKeys (ConfUtils.java:logGet(46)) - raft.server.log.segment.cache.size.max = 200MB (=209715200) (default)
2023-05-03 09:48:12,048 [om1-impl-thread1] INFO  segmented.SegmentedRaftLogWorker (SegmentedRaftLogWorker.java:<init>(189)) - new om1@group-C5BA1605619E-SegmentedRaftLogWorker for RaftStorageImpl:Storage Directory /home/runner/work/ozone/ozone/hadoop-ozone/integration-test/target/test-dir/MiniOzoneClusterImpl-376f2470-9738-4f53-87bd-21a09484475b/ozone-meta/ratis/bf265839-605b-3f16-9796-c5ba1605619e
2023-05-03 09:48:12,048 [om1-impl-thread1] INFO  server.RaftServerConfigKeys (ConfUtils.java:logGet(46)) - raft.server.log.queue.byte-limit = 64MB (=67108864) (default)
2023-05-03 09:48:12,048 [om1-impl-thread1] INFO  server.RaftServerConfigKeys (ConfUtils.java:logGet(46)) - raft.server.log.queue.element-limit = 4096 (default)
2023-05-03 09:48:12,048 [om1-impl-thread1] INFO  server.RaftServerConfigKeys (ConfUtils.java:logGet(46)) - raft.server.log.segment.size.max = 4194304 (custom)
2023-05-03 09:48:12,048 [om1-impl-thread1] INFO  server.RaftServerConfigKeys (ConfUtils.java:logGet(46)) - raft.server.log.preallocated.size = 4194304 (custom)
2023-05-03 09:48:12,048 [om1-impl-thread1] INFO  server.RaftServerConfigKeys (ConfUtils.java:logGet(46)) - raft.server.log.force.sync.num = 128 (default)
2023-05-03 09:48:12,048 [om1-impl-thread1] INFO  server.RaftServerConfigKeys (ConfUtils.java:logGet(46)) - raft.server.log.statemachine.data.sync = true (default)
2023-05-03 09:48:12,048 [om1-impl-thread1] INFO  server.RaftServerConfigKeys (ConfUtils.java:logGet(46)) - raft.server.log.statemachine.data.sync.timeout = 10s (default)
2023-05-03 09:48:12,048 [om1-impl-thread1] INFO  server.RaftServerConfigKeys (ConfUtils.java:logGet(46)) - raft.server.log.statemachine.data.sync.timeout.retry = -1 (default)
2023-05-03 09:48:12,048 [om1-impl-thread1] INFO  server.RaftServerConfigKeys (ConfUtils.java:logGet(46)) - raft.server.log.write.buffer.size = 64KB (=65536) (default)
2023-05-03 09:48:12,048 [om1-impl-thread1] INFO  server.RaftServerConfigKeys (ConfUtils.java:logGet(46)) - raft.server.log.appender.buffer.byte-limit = 33554432 (custom)
2023-05-03 09:48:12,051 [om1-impl-thread1] INFO  server.RaftServerConfigKeys (ConfUtils.java:logGet(46)) - raft.server.log.unsafe-flush.enabled = false (default)
2023-05-03 09:48:12,051 [om1-impl-thread1] INFO  server.RaftServerConfigKeys (ConfUtils.java:logGet(46)) - raft.server.log.async-flush.enabled = false (default)
2023-05-03 09:48:12,051 [om1-impl-thread1] INFO  server.RaftServerConfigKeys (ConfUtils.java:logGet(46)) - raft.server.log.statemachine.data.caching.enabled = false (default)
2023-05-03 09:48:12,051 [om1-impl-thread1] INFO  segmented.SegmentedRaftLogWorker (SegmentedRaftLogWorker.java:lambda$new$0(135)) - om1@group-C5BA1605619E-SegmentedRaftLogWorker: flushIndex: setUnconditionally 0 -> -1
2023-05-03 09:48:12,051 [om1-impl-thread1] INFO  segmented.SegmentedRaftLogWorker (SegmentedRaftLogWorker.java:lambda$new$0(135)) - om1@group-C5BA1605619E-SegmentedRaftLogWorker: safeCacheEvictIndex: setUnconditionally 0 -> -1
2023-05-03 09:48:12,052 [om1-impl-thread1] INFO  server.RaftServer$Division (RaftServerImpl.java:start(334)) - om1@group-C5BA1605619E: start as a follower, conf=-1: peers:[om1|rpc:localhost:9872|priority:0|startupRole:FOLLOWER]|listeners:[], old=null
2023-05-03 09:48:12,052 [om1-impl-thread1] INFO  server.RaftServer$Division (RaftServerImpl.java:setRole(321)) - om1@group-C5BA1605619E: changes role from      null to FOLLOWER at term 0 for startAsFollower
2023-05-03 09:48:12,052 [om1-impl-thread1] INFO  impl.RoleInfo (RoleInfo.java:updateAndGet(139)) - om1: start om1@group-C5BA1605619E-FollowerState
2023-05-03 09:48:12,052 [om1-impl-thread1] INFO  util.JmxRegister (JmxRegister.java:tryRegister(44)) - Successfully registered JMX Bean with object name Ratis:service=RaftServer,group=group-C5BA1605619E,id=om1
2023-05-03 09:48:12,052 [om1-impl-thread1] INFO  server.RaftServerConfigKeys (ConfUtils.java:logGet(46)) - raft.server.snapshot.auto.trigger.enabled = true (custom)
2023-05-03 09:48:12,052 [om1-impl-thread1] INFO  server.RaftServerConfigKeys (ConfUtils.java:logGet(46)) - raft.server.snapshot.auto.trigger.threshold = 400000 (default)
2023-05-03 09:48:12,052 [om1-impl-thread1] INFO  server.RaftServerConfigKeys (ConfUtils.java:logGet(46)) - raft.server.snapshot.retention.file.num = -1 (default)
2023-05-03 09:48:12,052 [om1-impl-thread1] INFO  server.RaftServerConfigKeys (ConfUtils.java:logGet(46)) - raft.server.log.purge.upto.snapshot.index = true (custom)
2023-05-03 09:48:12,052 [om1@group-C5BA1605619E-FollowerState] INFO  server.RaftServerConfigKeys (ConfUtils.java:logFallback(53)) - raft.server.rpc.first-election.timeout.min = 1s (fallback to raft.server.rpc.timeout.min)
2023-05-03 09:48:12,052 [om1@group-C5BA1605619E-FollowerState] INFO  server.RaftServerConfigKeys (ConfUtils.java:logFallback(53)) - raft.server.rpc.first-election.timeout.max = 1200ms (fallback to raft.server.rpc.timeout.max)
2023-05-03 09:48:12,053 [Listener at 127.0.0.1/33989] INFO  server.RaftServer (RaftServerProxy.java:startImpl(393)) - om1: start RPC server
2023-05-03 09:48:12,054 [Listener at 127.0.0.1/33989] INFO  server.GrpcService (GrpcService.java:startImpl(262)) - om1: GrpcService started, listening on 9872
2023-05-03 09:48:12,054 [Listener at 127.0.0.1/33989] INFO  om.OzoneManager (OzoneManager.java:start(1590)) - Version File has different layout version (4) than OM DB (null). That is expected if this OM has never been finalized to a newer layout version.
2023-05-03 09:48:12,054 [JvmPauseMonitor16] INFO  util.JvmPauseMonitor (JvmPauseMonitor.java:run(105)) - JvmPauseMonitor-om1: Started
2023-05-03 09:48:12,060 [Listener at 127.0.0.1/33989] INFO  http.BaseHttpServer (BaseHttpServer.java:newHttpServer2BuilderForOzone(224)) - Starting Web-server for ozoneManager at: http://0.0.0.0:0
2023-05-03 09:48:12,060 [Listener at 127.0.0.1/33989] INFO  http.BaseHttpServer (BaseHttpServer.java:<init>(111)) - Hadoop Security Enabled: false Ozone Security Enabled: false Ozone HTTP Security Enabled: false 
2023-05-03 09:48:12,061 [Listener at 127.0.0.1/33989] WARN  server.AuthenticationFilter (AuthenticationFilter.java:constructSecretProvider(240)) - Unable to initialize FileSignerSecretProvider, falling back to use random secrets. Reason: Could not read signature secret file: /home/runner/hadoop-http-auth-signature-secret
2023-05-03 09:48:12,062 [Listener at 127.0.0.1/33989] INFO  http.HttpRequestLog (HttpRequestLog.java:getRequestLog(86)) - Http request log for http.requests.ozoneManager is not defined
2023-05-03 09:48:12,064 [Listener at 127.0.0.1/33989] INFO  http.HttpServer2 (HttpServer2.java:addGlobalFilter(1031)) - Added global filter 'safety' (class=org.apache.hadoop.hdds.server.http.HttpServer2$QuotingInputFilter)
2023-05-03 09:48:12,064 [Listener at 127.0.0.1/33989] INFO  http.HttpServer2 (HttpServer2.java:addFilter(1007)) - Added filter static_user_filter (class=org.apache.hadoop.http.lib.StaticUserWebFilter$StaticUserFilter) to context ozoneManager
2023-05-03 09:48:12,065 [Listener at 127.0.0.1/33989] INFO  http.HttpServer2 (HttpServer2.java:addFilter(1015)) - Added filter static_user_filter (class=org.apache.hadoop.http.lib.StaticUserWebFilter$StaticUserFilter) to context logs
2023-05-03 09:48:12,065 [Listener at 127.0.0.1/33989] INFO  http.HttpServer2 (HttpServer2.java:addFilter(1015)) - Added filter static_user_filter (class=org.apache.hadoop.http.lib.StaticUserWebFilter$StaticUserFilter) to context static
2023-05-03 09:48:12,065 [Listener at 127.0.0.1/33989] INFO  http.BaseHttpServer (BaseHttpServer.java:<init>(190)) - HTTP server of ozoneManager uses base directory /home/runner/work/ozone/ozone/hadoop-ozone/integration-test/target/test-dir/MiniOzoneClusterImpl-376f2470-9738-4f53-87bd-21a09484475b/ozone-meta/webserver
2023-05-03 09:48:12,065 [Listener at 127.0.0.1/33989] INFO  http.HttpServer2 (HttpServer2.java:bindListener(1250)) - Jetty bound to port 36165
2023-05-03 09:48:12,065 [Listener at 127.0.0.1/33989] INFO  server.Server (Server.java:doStart(375)) - jetty-9.4.51.v20230217; built: 2023-02-17T08:19:37.309Z; git: b45c405e4544384de066f814ed42ae3dceacdd49; jvm 1.8.0_362-b09
2023-05-03 09:48:12,067 [Listener at 127.0.0.1/33989] INFO  server.session (DefaultSessionIdManager.java:doStart(334)) - DefaultSessionIdManager workerName=node0
2023-05-03 09:48:12,067 [Listener at 127.0.0.1/33989] INFO  server.session (DefaultSessionIdManager.java:doStart(339)) - No SessionScavenger set, using defaults
2023-05-03 09:48:12,067 [Listener at 127.0.0.1/33989] INFO  server.session (HouseKeeper.java:startScavenging(132)) - node0 Scavenging every 600000ms
2023-05-03 09:48:12,068 [Listener at 127.0.0.1/33989] INFO  handler.ContextHandler (ContextHandler.java:doStart(921)) - Started o.e.j.s.ServletContextHandler@1d026e62{logs,/logs,file:///home/runner/work/ozone/ozone/hadoop-ozone/integration-test/target/log,AVAILABLE}
2023-05-03 09:48:12,068 [Listener at 127.0.0.1/33989] INFO  handler.ContextHandler (ContextHandler.java:doStart(921)) - Started o.e.j.s.ServletContextHandler@2924b547{static,/static,file:///home/runner/work/ozone/ozone/hadoop-ozone/integration-test/target/test-classes/webapps/static,AVAILABLE}
2023-05-03 09:48:12,074 [Listener at 127.0.0.1/33989] INFO  handler.ContextHandler (ContextHandler.java:doStart(921)) - Started o.e.j.w.WebAppContext@eb0c3d6{ozoneManager,/,file:///home/runner/work/ozone/ozone/hadoop-ozone/integration-test/target/test-classes/webapps/ozoneManager/,AVAILABLE}{file:/home/runner/work/ozone/ozone/hadoop-ozone/integration-test/target/test-classes/webapps/ozoneManager}
2023-05-03 09:48:12,079 [Listener at 127.0.0.1/33989] INFO  server.AbstractConnector (AbstractConnector.java:doStart(333)) - Started ServerConnector@1675f517{HTTP/1.1, (http/1.1)}{0.0.0.0:36165}
2023-05-03 09:48:12,079 [Listener at 127.0.0.1/33989] INFO  server.Server (Server.java:doStart(415)) - Started @135204ms
2023-05-03 09:48:12,079 [Listener at 127.0.0.1/33989] WARN  impl.MetricsSystemImpl (MetricsSystemImpl.java:register(279)) - Sink prometheus already exists!
2023-05-03 09:48:12,081 [Listener at 127.0.0.1/33989] INFO  http.BaseHttpServer (BaseHttpServer.java:updateConnectorAddress(344)) - HTTP server of ozoneManager listening at http://0.0.0.0:36165
2023-05-03 09:48:12,081 [IPC Server Responder] INFO  ipc.Server (Server.java:run(1558)) - IPC Server Responder: starting
2023-05-03 09:48:12,081 [IPC Server listener on 0] INFO  ipc.Server (Server.java:run(1398)) - IPC Server listener on 0: starting
2023-05-03 09:48:12,082 [Listener at 127.0.0.1/33989] INFO  om.OzoneManager (OzoneManager.java:startTrashEmptier(2050)) - Trash Interval set to 0. Files deleted won't move to trash
2023-05-03 09:48:12,104 [org.apache.hadoop.util.JvmPauseMonitor$Monitor@33383180] INFO  util.JvmPauseMonitor (JvmPauseMonitor.java:run(188)) - Starting JVM pause monitor
2023-05-03 09:48:12,105 [Listener at 127.0.0.1/33989] WARN  impl.MetricRegistriesImpl (MetricRegistriesImpl.java:addReporterRegistration(111)) - New reporters are added after registries were created. Some metrics will be missing from the reporter. Please add reporter before adding any new registry.
2023-05-03 09:48:12,106 [Listener at 127.0.0.1/33989] WARN  impl.MetricRegistriesImpl (MetricRegistriesImpl.java:addReporterRegistration(111)) - New reporters are added after registries were created. Some metrics will be missing from the reporter. Please add reporter before adding any new registry.
2023-05-03 09:48:12,106 [Listener at 127.0.0.1/33989] INFO  impl.MetricsSystemImpl (MetricsSystemImpl.java:init(158)) - HddsDatanode metrics system started (again)
2023-05-03 09:48:12,118 [Listener at 127.0.0.1/33989] INFO  ozone.HddsDatanodeService (HddsDatanodeService.java:start(252)) - HddsDatanodeService host:fv-az139-793.t0dryja4c43urhy2nvp0adewnd.cx.internal.cloudapp.net ip:10.1.0.194
2023-05-03 09:48:12,136 [Listener at 127.0.0.1/33989] INFO  upgrade.AbstractLayoutVersionManager (AbstractLayoutVersionManager.java:init(83)) - Initializing Layout version manager with metadata layout = WEBUI_PORTS_IN_DATANODEDETAILS (version = 6), software layout = WEBUI_PORTS_IN_DATANODEDETAILS (version = 6)
2023-05-03 09:48:12,186 [Listener at 127.0.0.1/33989] INFO  reflections.Reflections (Reflections.java:scan(232)) - Reflections took 48 ms to scan 7 urls, producing 156 keys and 369 values 
2023-05-03 09:48:12,187 [Listener at 127.0.0.1/33989] INFO  statemachine.DatanodeStateMachine (DatanodeStateMachine.java:getEndPointTaskThreadPoolSize(262)) - Datanode State Machine Task Thread Pool size 2
2023-05-03 09:48:12,188 [Listener at 127.0.0.1/33989] INFO  volume.HddsVolume (HddsVolume.java:<init>(130)) - Creating HddsVolume: /home/runner/work/ozone/ozone/hadoop-ozone/integration-test/target/test-dir/MiniOzoneClusterImpl-376f2470-9738-4f53-87bd-21a09484475b/datanode-0/data-0/containers/hdds of storage type : DISK capacity : 9223372036854775807
2023-05-03 09:48:12,189 [Listener at 127.0.0.1/33989] INFO  volume.MutableVolumeSet (MutableVolumeSet.java:initializeVolumeSet(175)) - Added Volume : /home/runner/work/ozone/ozone/hadoop-ozone/integration-test/target/test-dir/MiniOzoneClusterImpl-376f2470-9738-4f53-87bd-21a09484475b/datanode-0/data-0/containers/hdds to VolumeSet
2023-05-03 09:48:12,189 [Listener at 127.0.0.1/33989] INFO  volume.ThrottledAsyncChecker (ThrottledAsyncChecker.java:schedule(141)) - Scheduling a check for /home/runner/work/ozone/ozone/hadoop-ozone/integration-test/target/test-dir/MiniOzoneClusterImpl-376f2470-9738-4f53-87bd-21a09484475b/datanode-0/data-0/containers/hdds
2023-05-03 09:48:12,194 [Listener at 127.0.0.1/33989] INFO  volume.StorageVolumeChecker (StorageVolumeChecker.java:checkAllVolumes(202)) - Scheduled health check for volume /home/runner/work/ozone/ozone/hadoop-ozone/integration-test/target/test-dir/MiniOzoneClusterImpl-376f2470-9738-4f53-87bd-21a09484475b/datanode-0/data-0/containers/hdds
2023-05-03 09:48:12,204 [Listener at 127.0.0.1/33989] INFO  volume.MutableVolumeSet (MutableVolumeSet.java:initializeVolumeSet(175)) - Added Volume : /home/runner/work/ozone/ozone/hadoop-ozone/integration-test/target/test-dir/MiniOzoneClusterImpl-376f2470-9738-4f53-87bd-21a09484475b/datanode-0/data/ratis to VolumeSet
2023-05-03 09:48:12,205 [Listener at 127.0.0.1/33989] INFO  volume.ThrottledAsyncChecker (ThrottledAsyncChecker.java:schedule(141)) - Scheduling a check for /home/runner/work/ozone/ozone/hadoop-ozone/integration-test/target/test-dir/MiniOzoneClusterImpl-376f2470-9738-4f53-87bd-21a09484475b/datanode-0/data/ratis
2023-05-03 09:48:12,205 [Listener at 127.0.0.1/33989] INFO  volume.StorageVolumeChecker (StorageVolumeChecker.java:checkAllVolumes(202)) - Scheduled health check for volume /home/runner/work/ozone/ozone/hadoop-ozone/integration-test/target/test-dir/MiniOzoneClusterImpl-376f2470-9738-4f53-87bd-21a09484475b/datanode-0/data/ratis
2023-05-03 09:48:12,214 [Thread-1789] INFO  ozoneimpl.ContainerReader (ContainerReader.java:readVolume(175)) - Finish verifying containers on volume /home/runner/work/ozone/ozone/hadoop-ozone/integration-test/target/test-dir/MiniOzoneClusterImpl-376f2470-9738-4f53-87bd-21a09484475b/datanode-0/data-0/containers/hdds
2023-05-03 09:48:12,214 [Listener at 127.0.0.1/33989] INFO  ozoneimpl.OzoneContainer (OzoneContainer.java:buildContainerSet(303)) - Build ContainerSet costs 0s
2023-05-03 09:48:12,216 [Listener at 127.0.0.1/33989] INFO  server.RaftServer (ConfUtils.java:logGet(46)) - raft.rpc.type = GRPC (default)
2023-05-03 09:48:12,216 [Listener at 127.0.0.1/33989] INFO  grpc.GrpcConfigKeys (ConfUtils.java:logFallback(53)) - raft.grpc.admin.host = null (fallback to raft.grpc.server.host)
2023-05-03 09:48:12,216 [Listener at 127.0.0.1/33989] INFO  grpc.GrpcConfigKeys (ConfUtils.java:logGet(46)) - raft.grpc.admin.port = 0 (custom)
2023-05-03 09:48:12,216 [Listener at 127.0.0.1/33989] INFO  grpc.GrpcConfigKeys (ConfUtils.java:logFallback(53)) - raft.grpc.client.host = null (fallback to raft.grpc.server.host)
2023-05-03 09:48:12,216 [Listener at 127.0.0.1/33989] INFO  grpc.GrpcConfigKeys (ConfUtils.java:logGet(46)) - raft.grpc.client.port = 0 (custom)
2023-05-03 09:48:12,216 [Listener at 127.0.0.1/33989] INFO  grpc.GrpcConfigKeys (ConfUtils.java:logGet(46)) - raft.grpc.server.host = null (default)
2023-05-03 09:48:12,216 [Listener at 127.0.0.1/33989] INFO  grpc.GrpcConfigKeys (ConfUtils.java:logGet(46)) - raft.grpc.server.port = 0 (default)
2023-05-03 09:48:12,217 [Listener at 127.0.0.1/33989] INFO  server.GrpcService (ConfUtils.java:logGet(46)) - raft.grpc.message.size.max = 32MB (=33554432) (custom)
2023-05-03 09:48:12,217 [Listener at 127.0.0.1/33989] INFO  server.RaftServerConfigKeys (ConfUtils.java:logGet(46)) - raft.server.log.appender.buffer.byte-limit = 33554432 (custom)
2023-05-03 09:48:12,217 [Listener at 127.0.0.1/33989] INFO  server.GrpcService (ConfUtils.java:logGet(46)) - raft.grpc.flow.control.window = 5MB (=5242880) (custom)
2023-05-03 09:48:12,217 [Listener at 127.0.0.1/33989] INFO  server.RaftServerConfigKeys (ConfUtils.java:logGet(46)) - raft.server.rpc.request.timeout = 60s (custom)
2023-05-03 09:48:12,217 [Listener at 127.0.0.1/33989] INFO  grpc.GrpcConfigKeys (ConfUtils.java:logGet(46)) - raft.grpc.server.heartbeat.channel = true (default)
2023-05-03 09:48:12,217 [Listener at 127.0.0.1/33989] INFO  grpc.GrpcConfigKeys (ConfUtils.java:logGet(46)) - raft.grpc.server.async.request.thread.pool.cached = true (default)
2023-05-03 09:48:12,217 [Listener at 127.0.0.1/33989] INFO  grpc.GrpcConfigKeys (ConfUtils.java:logGet(46)) - raft.grpc.server.async.request.thread.pool.size = 32 (default)
2023-05-03 09:48:12,218 [Listener at 127.0.0.1/33989] INFO  impl.DataStreamServerImpl (ConfUtils.java:logGet(46)) - raft.datastream.type = NETTY (custom)
2023-05-03 09:48:12,218 [Listener at 127.0.0.1/33989] INFO  server.RaftServerConfigKeys (ConfUtils.java:logGet(46)) - raft.server.data-stream.async.request.thread.pool.cached = false (default)
2023-05-03 09:48:12,218 [Listener at 127.0.0.1/33989] INFO  server.RaftServerConfigKeys (ConfUtils.java:logGet(46)) - raft.server.data-stream.async.request.thread.pool.size = 20 (custom)
2023-05-03 09:48:12,218 [Listener at 127.0.0.1/33989] INFO  server.RaftServerConfigKeys (ConfUtils.java:logGet(46)) - raft.server.data-stream.async.write.thread.pool.size = 16 (default)
2023-05-03 09:48:12,218 [Listener at 127.0.0.1/33989] INFO  server.RaftServerConfigKeys (ConfUtils.java:logGet(46)) - raft.server.data-stream.client.pool.size = 10 (default)
2023-05-03 09:48:12,218 [Listener at 127.0.0.1/33989] INFO  netty.NettyConfigKeys$DataStream (ConfUtils.java:logGet(46)) - raft.netty.dataStream.server.use-epoll = false (default)
2023-05-03 09:48:12,218 [Listener at 127.0.0.1/33989] INFO  netty.NettyConfigKeys$DataStream (ConfUtils.java:logGet(46)) - raft.netty.dataStream.server.boss-group.size = 0 (default)
2023-05-03 09:48:12,219 [Listener at 127.0.0.1/33989] INFO  netty.NettyConfigKeys$DataStream (ConfUtils.java:logGet(46)) - raft.netty.dataStream.server.worker-group.size = 0 (default)
2023-05-03 09:48:12,219 [Listener at 127.0.0.1/33989] INFO  netty.NettyConfigKeys$DataStream (ConfUtils.java:logGet(46)) - raft.netty.dataStream.server.tls.conf = null (default)
2023-05-03 09:48:12,219 [Listener at 127.0.0.1/33989] INFO  netty.NettyConfigKeys$DataStream (ConfUtils.java:logGet(46)) - raft.netty.dataStream.host = null (default)
2023-05-03 09:48:12,219 [Listener at 127.0.0.1/33989] INFO  netty.NettyConfigKeys$DataStream (ConfUtils.java:logGet(46)) - raft.netty.dataStream.port = 0 (default)
2023-05-03 09:48:12,219 [Listener at 127.0.0.1/33989] INFO  server.RaftServerConfigKeys (ConfUtils.java:logGet(46)) - raft.server.threadpool.proxy.cached = true (default)
2023-05-03 09:48:12,219 [Listener at 127.0.0.1/33989] INFO  server.RaftServerConfigKeys (ConfUtils.java:logGet(46)) - raft.server.threadpool.proxy.size = 0 (default)
2023-05-03 09:48:12,219 [Listener at 127.0.0.1/33989] INFO  server.RaftServerConfigKeys (ConfUtils.java:logGet(46)) - raft.server.rpc.slowness.timeout = 300s (custom)
2023-05-03 09:48:12,219 [Listener at 127.0.0.1/33989] INFO  server.RaftServerConfigKeys (ConfUtils.java:logGet(46)) - raft.server.leaderelection.leader.step-down.wait-time = 10s (default)
2023-05-03 09:48:12,219 [Listener at 127.0.0.1/33989] INFO  server.RaftServerConfigKeys (ConfUtils.java:logGet(46)) - raft.server.storage.dir = [/home/runner/work/ozone/ozone/hadoop-ozone/integration-test/target/test-dir/MiniOzoneClusterImpl-376f2470-9738-4f53-87bd-21a09484475b/datanode-0/data/ratis] (custom)
2023-05-03 09:48:12,220 [c3feb7f9-95d5-47b5-b185-2112df38a597-NettyServerStreamRpc-bossGroup--thread1] INFO  logging.LoggingHandler (AbstractInternalLogger.java:log(148)) - [id: 0x8e3c8410] REGISTERED
2023-05-03 09:48:12,220 [c3feb7f9-95d5-47b5-b185-2112df38a597-NettyServerStreamRpc-bossGroup--thread1] INFO  logging.LoggingHandler (AbstractInternalLogger.java:log(148)) - [id: 0x8e3c8410] BIND: 0.0.0.0/0.0.0.0:0
2023-05-03 09:48:12,220 [c3feb7f9-95d5-47b5-b185-2112df38a597-NettyServerStreamRpc-bossGroup--thread1] INFO  logging.LoggingHandler (AbstractInternalLogger.java:log(148)) - [id: 0x8e3c8410, L:/0:0:0:0:0:0:0:0:45869] ACTIVE
2023-05-03 09:48:12,223 [Listener at 127.0.0.1/33989] INFO  server.XceiverServerGrpc (XceiverServerGrpc.java:<init>(132)) - GrpcServer channel type EpollServerSocketChannel
2023-05-03 09:48:12,226 [Listener at 127.0.0.1/33989] INFO  http.BaseHttpServer (BaseHttpServer.java:newHttpServer2BuilderForOzone(224)) - Starting Web-server for hddsDatanode at: http://0.0.0.0:0
2023-05-03 09:48:12,226 [Listener at 127.0.0.1/33989] INFO  http.BaseHttpServer (BaseHttpServer.java:<init>(111)) - Hadoop Security Enabled: false Ozone Security Enabled: false Ozone HTTP Security Enabled: false 
2023-05-03 09:48:12,226 [Listener at 127.0.0.1/33989] WARN  server.AuthenticationFilter (AuthenticationFilter.java:constructSecretProvider(240)) - Unable to initialize FileSignerSecretProvider, falling back to use random secrets. Reason: Could not read signature secret file: /home/runner/hadoop-http-auth-signature-secret
2023-05-03 09:48:12,227 [Listener at 127.0.0.1/33989] INFO  http.HttpRequestLog (HttpRequestLog.java:getRequestLog(86)) - Http request log for http.requests.hddsDatanode is not defined
2023-05-03 09:48:12,228 [Listener at 127.0.0.1/33989] INFO  http.HttpServer2 (HttpServer2.java:addGlobalFilter(1031)) - Added global filter 'safety' (class=org.apache.hadoop.hdds.server.http.HttpServer2$QuotingInputFilter)
2023-05-03 09:48:12,228 [Listener at 127.0.0.1/33989] INFO  http.HttpServer2 (HttpServer2.java:addFilter(1007)) - Added filter static_user_filter (class=org.apache.hadoop.http.lib.StaticUserWebFilter$StaticUserFilter) to context hddsDatanode
2023-05-03 09:48:12,228 [Listener at 127.0.0.1/33989] INFO  http.HttpServer2 (HttpServer2.java:addFilter(1015)) - Added filter static_user_filter (class=org.apache.hadoop.http.lib.StaticUserWebFilter$StaticUserFilter) to context logs
2023-05-03 09:48:12,228 [Listener at 127.0.0.1/33989] INFO  http.HttpServer2 (HttpServer2.java:addFilter(1015)) - Added filter static_user_filter (class=org.apache.hadoop.http.lib.StaticUserWebFilter$StaticUserFilter) to context static
2023-05-03 09:48:12,229 [Listener at 127.0.0.1/33989] INFO  http.BaseHttpServer (BaseHttpServer.java:<init>(190)) - HTTP server of hddsDatanode uses base directory /home/runner/work/ozone/ozone/hadoop-ozone/integration-test/target/test-dir/MiniOzoneClusterImpl-376f2470-9738-4f53-87bd-21a09484475b/datanode-0/meta/webserver
2023-05-03 09:48:12,229 [Listener at 127.0.0.1/33989] INFO  http.HttpServer2 (HttpServer2.java:bindListener(1250)) - Jetty bound to port 45277
2023-05-03 09:48:12,229 [Listener at 127.0.0.1/33989] INFO  server.Server (Server.java:doStart(375)) - jetty-9.4.51.v20230217; built: 2023-02-17T08:19:37.309Z; git: b45c405e4544384de066f814ed42ae3dceacdd49; jvm 1.8.0_362-b09
2023-05-03 09:48:12,233 [Listener at 127.0.0.1/33989] INFO  server.session (DefaultSessionIdManager.java:doStart(334)) - DefaultSessionIdManager workerName=node0
2023-05-03 09:48:12,233 [Listener at 127.0.0.1/33989] INFO  server.session (DefaultSessionIdManager.java:doStart(339)) - No SessionScavenger set, using defaults
2023-05-03 09:48:12,233 [Listener at 127.0.0.1/33989] INFO  server.session (HouseKeeper.java:startScavenging(132)) - node0 Scavenging every 600000ms
2023-05-03 09:48:12,234 [Listener at 127.0.0.1/33989] INFO  handler.ContextHandler (ContextHandler.java:doStart(921)) - Started o.e.j.s.ServletContextHandler@2d599e34{logs,/logs,file:///home/runner/work/ozone/ozone/hadoop-ozone/integration-test/target/log,AVAILABLE}
2023-05-03 09:48:12,234 [Listener at 127.0.0.1/33989] INFO  handler.ContextHandler (ContextHandler.java:doStart(921)) - Started o.e.j.s.ServletContextHandler@7ac1cfbc{static,/static,jar:file:/home/runner/.m2/repository/org/apache/ozone/hdds-container-service/1.4.0-SNAPSHOT/hdds-container-service-1.4.0-SNAPSHOT.jar!/webapps/static,AVAILABLE}
2023-05-03 09:48:12,439 [Listener at 127.0.0.1/33989] INFO  handler.ContextHandler (ContextHandler.java:doStart(921)) - Started o.e.j.w.WebAppContext@2a238048{hddsDatanode,/,file:///home/runner/work/ozone/ozone/hadoop-ozone/integration-test/target/test-dir/MiniOzoneClusterImpl-376f2470-9738-4f53-87bd-21a09484475b/datanode-0/meta/webserver/jetty-0_0_0_0-45277-hdds-container-service-1_4_0-SNAPSHOT_jar-_-any-111174202572852938/webapp/,AVAILABLE}{jar:file:/home/runner/.m2/repository/org/apache/ozone/hdds-container-service/1.4.0-SNAPSHOT/hdds-container-service-1.4.0-SNAPSHOT.jar!/webapps/hddsDatanode}
2023-05-03 09:48:12,442 [Listener at 127.0.0.1/33989] INFO  server.AbstractConnector (AbstractConnector.java:doStart(333)) - Started ServerConnector@34aec9ac{HTTP/1.1, (http/1.1)}{0.0.0.0:45277}
2023-05-03 09:48:12,442 [Listener at 127.0.0.1/33989] INFO  server.Server (Server.java:doStart(415)) - Started @135567ms
2023-05-03 09:48:12,442 [Listener at 127.0.0.1/33989] WARN  impl.MetricsSystemImpl (MetricsSystemImpl.java:register(279)) - Sink prometheus already exists!
2023-05-03 09:48:12,442 [Listener at 127.0.0.1/33989] INFO  http.BaseHttpServer (BaseHttpServer.java:updateConnectorAddress(344)) - HTTP server of hddsDatanode listening at http://0.0.0.0:45277
2023-05-03 09:48:12,443 [Listener at 127.0.0.1/33989] WARN  impl.MetricRegistriesImpl (MetricRegistriesImpl.java:addReporterRegistration(111)) - New reporters are added after registries were created. Some metrics will be missing from the reporter. Please add reporter before adding any new registry.
2023-05-03 09:48:12,443 [Listener at 127.0.0.1/33989] WARN  impl.MetricRegistriesImpl (MetricRegistriesImpl.java:addReporterRegistration(111)) - New reporters are added after registries were created. Some metrics will be missing from the reporter. Please add reporter before adding any new registry.
2023-05-03 09:48:12,443 [Listener at 127.0.0.1/33989] INFO  impl.MetricsSystemImpl (MetricsSystemImpl.java:init(158)) - HddsDatanode metrics system started (again)
2023-05-03 09:48:12,450 [Datanode State Machine Daemon Thread] INFO  statemachine.DatanodeStateMachine (DatanodeStateMachine.java:lambda$startDaemon$0(519)) - Ozone container server started.
2023-05-03 09:48:12,454 [org.apache.hadoop.util.JvmPauseMonitor$Monitor@180b207e] INFO  util.JvmPauseMonitor (JvmPauseMonitor.java:run(188)) - Starting JVM pause monitor
2023-05-03 09:48:12,458 [Listener at 127.0.0.1/33989] INFO  ozone.HddsDatanodeService (HddsDatanodeService.java:start(252)) - HddsDatanodeService host:fv-az139-793.t0dryja4c43urhy2nvp0adewnd.cx.internal.cloudapp.net ip:10.1.0.194
2023-05-03 09:48:12,468 [Datanode State Machine Task Thread - 0] INFO  datanode.InitDatanodeState (InitDatanodeState.java:persistContainerDatanodeDetails(138)) - DatanodeDetails is persisted to /home/runner/work/ozone/ozone/hadoop-ozone/integration-test/target/test-dir/MiniOzoneClusterImpl-376f2470-9738-4f53-87bd-21a09484475b/datanode-0/meta/datanode.id
2023-05-03 09:48:12,477 [Listener at 127.0.0.1/33989] INFO  upgrade.AbstractLayoutVersionManager (AbstractLayoutVersionManager.java:init(83)) - Initializing Layout version manager with metadata layout = WEBUI_PORTS_IN_DATANODEDETAILS (version = 6), software layout = WEBUI_PORTS_IN_DATANODEDETAILS (version = 6)
2023-05-03 09:48:12,526 [Listener at 127.0.0.1/33989] INFO  reflections.Reflections (Reflections.java:scan(232)) - Reflections took 48 ms to scan 7 urls, producing 156 keys and 369 values 
2023-05-03 09:48:12,528 [Listener at 127.0.0.1/33989] INFO  statemachine.DatanodeStateMachine (DatanodeStateMachine.java:getEndPointTaskThreadPoolSize(262)) - Datanode State Machine Task Thread Pool size 2
2023-05-03 09:48:12,529 [Listener at 127.0.0.1/33989] INFO  volume.HddsVolume (HddsVolume.java:<init>(130)) - Creating HddsVolume: /home/runner/work/ozone/ozone/hadoop-ozone/integration-test/target/test-dir/MiniOzoneClusterImpl-376f2470-9738-4f53-87bd-21a09484475b/datanode-1/data-0/containers/hdds of storage type : DISK capacity : 9223372036854775807
2023-05-03 09:48:12,530 [Listener at 127.0.0.1/33989] INFO  volume.MutableVolumeSet (MutableVolumeSet.java:initializeVolumeSet(175)) - Added Volume : /home/runner/work/ozone/ozone/hadoop-ozone/integration-test/target/test-dir/MiniOzoneClusterImpl-376f2470-9738-4f53-87bd-21a09484475b/datanode-1/data-0/containers/hdds to VolumeSet
2023-05-03 09:48:12,530 [Listener at 127.0.0.1/33989] INFO  volume.ThrottledAsyncChecker (ThrottledAsyncChecker.java:schedule(141)) - Scheduling a check for /home/runner/work/ozone/ozone/hadoop-ozone/integration-test/target/test-dir/MiniOzoneClusterImpl-376f2470-9738-4f53-87bd-21a09484475b/datanode-1/data-0/containers/hdds
2023-05-03 09:48:12,532 [Listener at 127.0.0.1/33989] INFO  volume.StorageVolumeChecker (StorageVolumeChecker.java:checkAllVolumes(202)) - Scheduled health check for volume /home/runner/work/ozone/ozone/hadoop-ozone/integration-test/target/test-dir/MiniOzoneClusterImpl-376f2470-9738-4f53-87bd-21a09484475b/datanode-1/data-0/containers/hdds
2023-05-03 09:48:12,546 [Listener at 127.0.0.1/33989] INFO  volume.MutableVolumeSet (MutableVolumeSet.java:initializeVolumeSet(175)) - Added Volume : /home/runner/work/ozone/ozone/hadoop-ozone/integration-test/target/test-dir/MiniOzoneClusterImpl-376f2470-9738-4f53-87bd-21a09484475b/datanode-1/data/ratis to VolumeSet
2023-05-03 09:48:12,546 [Listener at 127.0.0.1/33989] INFO  volume.ThrottledAsyncChecker (ThrottledAsyncChecker.java:schedule(141)) - Scheduling a check for /home/runner/work/ozone/ozone/hadoop-ozone/integration-test/target/test-dir/MiniOzoneClusterImpl-376f2470-9738-4f53-87bd-21a09484475b/datanode-1/data/ratis
2023-05-03 09:48:12,546 [Listener at 127.0.0.1/33989] INFO  volume.StorageVolumeChecker (StorageVolumeChecker.java:checkAllVolumes(202)) - Scheduled health check for volume /home/runner/work/ozone/ozone/hadoop-ozone/integration-test/target/test-dir/MiniOzoneClusterImpl-376f2470-9738-4f53-87bd-21a09484475b/datanode-1/data/ratis
2023-05-03 09:48:12,556 [Thread-1803] INFO  ozoneimpl.ContainerReader (ContainerReader.java:readVolume(175)) - Finish verifying containers on volume /home/runner/work/ozone/ozone/hadoop-ozone/integration-test/target/test-dir/MiniOzoneClusterImpl-376f2470-9738-4f53-87bd-21a09484475b/datanode-1/data-0/containers/hdds
2023-05-03 09:48:12,556 [Listener at 127.0.0.1/33989] INFO  ozoneimpl.OzoneContainer (OzoneContainer.java:buildContainerSet(303)) - Build ContainerSet costs 0s
2023-05-03 09:48:12,558 [Listener at 127.0.0.1/33989] INFO  server.RaftServer (ConfUtils.java:logGet(46)) - raft.rpc.type = GRPC (default)
2023-05-03 09:48:12,558 [Listener at 127.0.0.1/33989] INFO  grpc.GrpcConfigKeys (ConfUtils.java:logFallback(53)) - raft.grpc.admin.host = null (fallback to raft.grpc.server.host)
2023-05-03 09:48:12,560 [Listener at 127.0.0.1/33989] INFO  grpc.GrpcConfigKeys (ConfUtils.java:logGet(46)) - raft.grpc.admin.port = 0 (custom)
2023-05-03 09:48:12,560 [Listener at 127.0.0.1/33989] INFO  grpc.GrpcConfigKeys (ConfUtils.java:logFallback(53)) - raft.grpc.client.host = null (fallback to raft.grpc.server.host)
2023-05-03 09:48:12,560 [Listener at 127.0.0.1/33989] INFO  grpc.GrpcConfigKeys (ConfUtils.java:logGet(46)) - raft.grpc.client.port = 0 (custom)
2023-05-03 09:48:12,560 [Listener at 127.0.0.1/33989] INFO  grpc.GrpcConfigKeys (ConfUtils.java:logGet(46)) - raft.grpc.server.host = null (default)
2023-05-03 09:48:12,560 [Listener at 127.0.0.1/33989] INFO  grpc.GrpcConfigKeys (ConfUtils.java:logGet(46)) - raft.grpc.server.port = 0 (default)
2023-05-03 09:48:12,560 [Listener at 127.0.0.1/33989] INFO  server.GrpcService (ConfUtils.java:logGet(46)) - raft.grpc.message.size.max = 32MB (=33554432) (custom)
2023-05-03 09:48:12,560 [Listener at 127.0.0.1/33989] INFO  server.RaftServerConfigKeys (ConfUtils.java:logGet(46)) - raft.server.log.appender.buffer.byte-limit = 33554432 (custom)
2023-05-03 09:48:12,560 [Listener at 127.0.0.1/33989] INFO  server.GrpcService (ConfUtils.java:logGet(46)) - raft.grpc.flow.control.window = 5MB (=5242880) (custom)
2023-05-03 09:48:12,560 [Listener at 127.0.0.1/33989] INFO  server.RaftServerConfigKeys (ConfUtils.java:logGet(46)) - raft.server.rpc.request.timeout = 60s (custom)
2023-05-03 09:48:12,560 [Listener at 127.0.0.1/33989] INFO  grpc.GrpcConfigKeys (ConfUtils.java:logGet(46)) - raft.grpc.server.heartbeat.channel = true (default)
2023-05-03 09:48:12,560 [Listener at 127.0.0.1/33989] INFO  grpc.GrpcConfigKeys (ConfUtils.java:logGet(46)) - raft.grpc.server.async.request.thread.pool.cached = true (default)
2023-05-03 09:48:12,560 [Listener at 127.0.0.1/33989] INFO  grpc.GrpcConfigKeys (ConfUtils.java:logGet(46)) - raft.grpc.server.async.request.thread.pool.size = 32 (default)
2023-05-03 09:48:12,562 [Listener at 127.0.0.1/33989] INFO  impl.DataStreamServerImpl (ConfUtils.java:logGet(46)) - raft.datastream.type = NETTY (custom)
2023-05-03 09:48:12,563 [Listener at 127.0.0.1/33989] INFO  server.RaftServerConfigKeys (ConfUtils.java:logGet(46)) - raft.server.data-stream.async.request.thread.pool.cached = false (default)
2023-05-03 09:48:12,563 [Listener at 127.0.0.1/33989] INFO  server.RaftServerConfigKeys (ConfUtils.java:logGet(46)) - raft.server.data-stream.async.request.thread.pool.size = 20 (custom)
2023-05-03 09:48:12,563 [Listener at 127.0.0.1/33989] INFO  server.RaftServerConfigKeys (ConfUtils.java:logGet(46)) - raft.server.data-stream.async.write.thread.pool.size = 16 (default)
2023-05-03 09:48:12,563 [Listener at 127.0.0.1/33989] INFO  server.RaftServerConfigKeys (ConfUtils.java:logGet(46)) - raft.server.data-stream.client.pool.size = 10 (default)
2023-05-03 09:48:12,563 [Listener at 127.0.0.1/33989] INFO  netty.NettyConfigKeys$DataStream (ConfUtils.java:logGet(46)) - raft.netty.dataStream.server.use-epoll = false (default)
2023-05-03 09:48:12,563 [Listener at 127.0.0.1/33989] INFO  netty.NettyConfigKeys$DataStream (ConfUtils.java:logGet(46)) - raft.netty.dataStream.server.boss-group.size = 0 (default)
2023-05-03 09:48:12,563 [Listener at 127.0.0.1/33989] INFO  netty.NettyConfigKeys$DataStream (ConfUtils.java:logGet(46)) - raft.netty.dataStream.server.worker-group.size = 0 (default)
2023-05-03 09:48:12,564 [Listener at 127.0.0.1/33989] INFO  netty.NettyConfigKeys$DataStream (ConfUtils.java:logGet(46)) - raft.netty.dataStream.server.tls.conf = null (default)
2023-05-03 09:48:12,564 [Listener at 127.0.0.1/33989] INFO  netty.NettyConfigKeys$DataStream (ConfUtils.java:logGet(46)) - raft.netty.dataStream.host = null (default)
2023-05-03 09:48:12,564 [Listener at 127.0.0.1/33989] INFO  netty.NettyConfigKeys$DataStream (ConfUtils.java:logGet(46)) - raft.netty.dataStream.port = 0 (default)
2023-05-03 09:48:12,566 [Listener at 127.0.0.1/33989] INFO  server.RaftServerConfigKeys (ConfUtils.java:logGet(46)) - raft.server.threadpool.proxy.cached = true (default)
2023-05-03 09:48:12,566 [Listener at 127.0.0.1/33989] INFO  server.RaftServerConfigKeys (ConfUtils.java:logGet(46)) - raft.server.threadpool.proxy.size = 0 (default)
2023-05-03 09:48:12,566 [Listener at 127.0.0.1/33989] INFO  server.RaftServerConfigKeys (ConfUtils.java:logGet(46)) - raft.server.rpc.slowness.timeout = 300s (custom)
2023-05-03 09:48:12,566 [Listener at 127.0.0.1/33989] INFO  server.RaftServerConfigKeys (ConfUtils.java:logGet(46)) - raft.server.leaderelection.leader.step-down.wait-time = 10s (default)
2023-05-03 09:48:12,566 [Listener at 127.0.0.1/33989] INFO  server.RaftServerConfigKeys (ConfUtils.java:logGet(46)) - raft.server.storage.dir = [/home/runner/work/ozone/ozone/hadoop-ozone/integration-test/target/test-dir/MiniOzoneClusterImpl-376f2470-9738-4f53-87bd-21a09484475b/datanode-1/data/ratis] (custom)
2023-05-03 09:48:12,569 [Listener at 127.0.0.1/33989] INFO  server.XceiverServerGrpc (XceiverServerGrpc.java:<init>(132)) - GrpcServer channel type EpollServerSocketChannel
2023-05-03 09:48:12,569 [b4fee7e9-40bc-4695-8270-a3969266ea18-NettyServerStreamRpc-bossGroup--thread1] INFO  logging.LoggingHandler (AbstractInternalLogger.java:log(148)) - [id: 0x9c148bff] REGISTERED
2023-05-03 09:48:12,569 [b4fee7e9-40bc-4695-8270-a3969266ea18-NettyServerStreamRpc-bossGroup--thread1] INFO  logging.LoggingHandler (AbstractInternalLogger.java:log(148)) - [id: 0x9c148bff] BIND: 0.0.0.0/0.0.0.0:0
2023-05-03 09:48:12,569 [b4fee7e9-40bc-4695-8270-a3969266ea18-NettyServerStreamRpc-bossGroup--thread1] INFO  logging.LoggingHandler (AbstractInternalLogger.java:log(148)) - [id: 0x9c148bff, L:/0:0:0:0:0:0:0:0:44405] ACTIVE
2023-05-03 09:48:12,574 [Listener at 127.0.0.1/33989] INFO  http.BaseHttpServer (BaseHttpServer.java:newHttpServer2BuilderForOzone(224)) - Starting Web-server for hddsDatanode at: http://0.0.0.0:0
2023-05-03 09:48:12,575 [Listener at 127.0.0.1/33989] INFO  http.BaseHttpServer (BaseHttpServer.java:<init>(111)) - Hadoop Security Enabled: false Ozone Security Enabled: false Ozone HTTP Security Enabled: false 
2023-05-03 09:48:12,575 [Listener at 127.0.0.1/33989] WARN  server.AuthenticationFilter (AuthenticationFilter.java:constructSecretProvider(240)) - Unable to initialize FileSignerSecretProvider, falling back to use random secrets. Reason: Could not read signature secret file: /home/runner/hadoop-http-auth-signature-secret
2023-05-03 09:48:12,578 [Listener at 127.0.0.1/33989] INFO  http.HttpRequestLog (HttpRequestLog.java:getRequestLog(86)) - Http request log for http.requests.hddsDatanode is not defined
2023-05-03 09:48:12,579 [Listener at 127.0.0.1/33989] INFO  http.HttpServer2 (HttpServer2.java:addGlobalFilter(1031)) - Added global filter 'safety' (class=org.apache.hadoop.hdds.server.http.HttpServer2$QuotingInputFilter)
2023-05-03 09:48:12,579 [Listener at 127.0.0.1/33989] INFO  http.HttpServer2 (HttpServer2.java:addFilter(1007)) - Added filter static_user_filter (class=org.apache.hadoop.http.lib.StaticUserWebFilter$StaticUserFilter) to context hddsDatanode
2023-05-03 09:48:12,579 [Listener at 127.0.0.1/33989] INFO  http.HttpServer2 (HttpServer2.java:addFilter(1015)) - Added filter static_user_filter (class=org.apache.hadoop.http.lib.StaticUserWebFilter$StaticUserFilter) to context logs
2023-05-03 09:48:12,579 [Listener at 127.0.0.1/33989] INFO  http.HttpServer2 (HttpServer2.java:addFilter(1015)) - Added filter static_user_filter (class=org.apache.hadoop.http.lib.StaticUserWebFilter$StaticUserFilter) to context static
2023-05-03 09:48:12,580 [Listener at 127.0.0.1/33989] INFO  http.BaseHttpServer (BaseHttpServer.java:<init>(190)) - HTTP server of hddsDatanode uses base directory /home/runner/work/ozone/ozone/hadoop-ozone/integration-test/target/test-dir/MiniOzoneClusterImpl-376f2470-9738-4f53-87bd-21a09484475b/datanode-1/meta/webserver
2023-05-03 09:48:12,580 [Listener at 127.0.0.1/33989] INFO  http.HttpServer2 (HttpServer2.java:bindListener(1250)) - Jetty bound to port 36837
2023-05-03 09:48:12,580 [Listener at 127.0.0.1/33989] INFO  server.Server (Server.java:doStart(375)) - jetty-9.4.51.v20230217; built: 2023-02-17T08:19:37.309Z; git: b45c405e4544384de066f814ed42ae3dceacdd49; jvm 1.8.0_362-b09
2023-05-03 09:48:12,581 [Listener at 127.0.0.1/33989] INFO  server.session (DefaultSessionIdManager.java:doStart(334)) - DefaultSessionIdManager workerName=node0
2023-05-03 09:48:12,581 [Listener at 127.0.0.1/33989] INFO  server.session (DefaultSessionIdManager.java:doStart(339)) - No SessionScavenger set, using defaults
2023-05-03 09:48:12,581 [Listener at 127.0.0.1/33989] INFO  server.session (HouseKeeper.java:startScavenging(132)) - node0 Scavenging every 600000ms
2023-05-03 09:48:12,581 [Listener at 127.0.0.1/33989] INFO  handler.ContextHandler (ContextHandler.java:doStart(921)) - Started o.e.j.s.ServletContextHandler@79fce46c{logs,/logs,file:///home/runner/work/ozone/ozone/hadoop-ozone/integration-test/target/log,AVAILABLE}
2023-05-03 09:48:12,582 [Listener at 127.0.0.1/33989] INFO  handler.ContextHandler (ContextHandler.java:doStart(921)) - Started o.e.j.s.ServletContextHandler@101c1805{static,/static,jar:file:/home/runner/.m2/repository/org/apache/ozone/hdds-container-service/1.4.0-SNAPSHOT/hdds-container-service-1.4.0-SNAPSHOT.jar!/webapps/static,AVAILABLE}
2023-05-03 09:48:12,787 [Listener at 127.0.0.1/33989] INFO  handler.ContextHandler (ContextHandler.java:doStart(921)) - Started o.e.j.w.WebAppContext@1f34b109{hddsDatanode,/,file:///home/runner/work/ozone/ozone/hadoop-ozone/integration-test/target/test-dir/MiniOzoneClusterImpl-376f2470-9738-4f53-87bd-21a09484475b/datanode-1/meta/webserver/jetty-0_0_0_0-36837-hdds-container-service-1_4_0-SNAPSHOT_jar-_-any-8925372831768706046/webapp/,AVAILABLE}{jar:file:/home/runner/.m2/repository/org/apache/ozone/hdds-container-service/1.4.0-SNAPSHOT/hdds-container-service-1.4.0-SNAPSHOT.jar!/webapps/hddsDatanode}
2023-05-03 09:48:12,788 [Listener at 127.0.0.1/33989] INFO  server.AbstractConnector (AbstractConnector.java:doStart(333)) - Started ServerConnector@3452beef{HTTP/1.1, (http/1.1)}{0.0.0.0:36837}
2023-05-03 09:48:12,788 [Listener at 127.0.0.1/33989] INFO  server.Server (Server.java:doStart(415)) - Started @135913ms
2023-05-03 09:48:12,788 [Listener at 127.0.0.1/33989] WARN  impl.MetricsSystemImpl (MetricsSystemImpl.java:register(279)) - Sink prometheus already exists!
2023-05-03 09:48:12,788 [Listener at 127.0.0.1/33989] INFO  http.BaseHttpServer (BaseHttpServer.java:updateConnectorAddress(344)) - HTTP server of hddsDatanode listening at http://0.0.0.0:36837
2023-05-03 09:48:12,790 [Datanode State Machine Daemon Thread] INFO  statemachine.DatanodeStateMachine (DatanodeStateMachine.java:lambda$startDaemon$0(519)) - Ozone container server started.
2023-05-03 09:48:12,790 [Listener at 127.0.0.1/33989] WARN  impl.MetricRegistriesImpl (MetricRegistriesImpl.java:addReporterRegistration(111)) - New reporters are added after registries were created. Some metrics will be missing from the reporter. Please add reporter before adding any new registry.
2023-05-03 09:48:12,791 [Listener at 127.0.0.1/33989] WARN  impl.MetricRegistriesImpl (MetricRegistriesImpl.java:addReporterRegistration(111)) - New reporters are added after registries were created. Some metrics will be missing from the reporter. Please add reporter before adding any new registry.
2023-05-03 09:48:12,791 [Listener at 127.0.0.1/33989] INFO  impl.MetricsSystemImpl (MetricsSystemImpl.java:init(158)) - HddsDatanode metrics system started (again)
2023-05-03 09:48:12,798 [org.apache.hadoop.util.JvmPauseMonitor$Monitor@7cf89b36] INFO  util.JvmPauseMonitor (JvmPauseMonitor.java:run(188)) - Starting JVM pause monitor
2023-05-03 09:48:12,804 [Datanode State Machine Task Thread - 0] INFO  datanode.InitDatanodeState (InitDatanodeState.java:persistContainerDatanodeDetails(138)) - DatanodeDetails is persisted to /home/runner/work/ozone/ozone/hadoop-ozone/integration-test/target/test-dir/MiniOzoneClusterImpl-376f2470-9738-4f53-87bd-21a09484475b/datanode-1/meta/datanode.id
2023-05-03 09:48:12,813 [Listener at 127.0.0.1/33989] INFO  ozone.HddsDatanodeService (HddsDatanodeService.java:start(252)) - HddsDatanodeService host:fv-az139-793.t0dryja4c43urhy2nvp0adewnd.cx.internal.cloudapp.net ip:10.1.0.194
2023-05-03 09:48:12,830 [Listener at 127.0.0.1/33989] INFO  upgrade.AbstractLayoutVersionManager (AbstractLayoutVersionManager.java:init(83)) - Initializing Layout version manager with metadata layout = WEBUI_PORTS_IN_DATANODEDETAILS (version = 6), software layout = WEBUI_PORTS_IN_DATANODEDETAILS (version = 6)
2023-05-03 09:48:12,877 [Listener at 127.0.0.1/33989] INFO  reflections.Reflections (Reflections.java:scan(232)) - Reflections took 46 ms to scan 7 urls, producing 156 keys and 369 values 
2023-05-03 09:48:12,879 [Listener at 127.0.0.1/33989] INFO  statemachine.DatanodeStateMachine (DatanodeStateMachine.java:getEndPointTaskThreadPoolSize(262)) - Datanode State Machine Task Thread Pool size 2
2023-05-03 09:48:12,880 [Listener at 127.0.0.1/33989] INFO  volume.HddsVolume (HddsVolume.java:<init>(130)) - Creating HddsVolume: /home/runner/work/ozone/ozone/hadoop-ozone/integration-test/target/test-dir/MiniOzoneClusterImpl-376f2470-9738-4f53-87bd-21a09484475b/datanode-2/data-0/containers/hdds of storage type : DISK capacity : 9223372036854775807
2023-05-03 09:48:12,881 [Listener at 127.0.0.1/33989] INFO  volume.MutableVolumeSet (MutableVolumeSet.java:initializeVolumeSet(175)) - Added Volume : /home/runner/work/ozone/ozone/hadoop-ozone/integration-test/target/test-dir/MiniOzoneClusterImpl-376f2470-9738-4f53-87bd-21a09484475b/datanode-2/data-0/containers/hdds to VolumeSet
2023-05-03 09:48:12,881 [Listener at 127.0.0.1/33989] INFO  volume.ThrottledAsyncChecker (ThrottledAsyncChecker.java:schedule(141)) - Scheduling a check for /home/runner/work/ozone/ozone/hadoop-ozone/integration-test/target/test-dir/MiniOzoneClusterImpl-376f2470-9738-4f53-87bd-21a09484475b/datanode-2/data-0/containers/hdds
2023-05-03 09:48:12,883 [Listener at 127.0.0.1/33989] INFO  volume.StorageVolumeChecker (StorageVolumeChecker.java:checkAllVolumes(202)) - Scheduled health check for volume /home/runner/work/ozone/ozone/hadoop-ozone/integration-test/target/test-dir/MiniOzoneClusterImpl-376f2470-9738-4f53-87bd-21a09484475b/datanode-2/data-0/containers/hdds
2023-05-03 09:48:12,893 [Listener at 127.0.0.1/33989] INFO  volume.MutableVolumeSet (MutableVolumeSet.java:initializeVolumeSet(175)) - Added Volume : /home/runner/work/ozone/ozone/hadoop-ozone/integration-test/target/test-dir/MiniOzoneClusterImpl-376f2470-9738-4f53-87bd-21a09484475b/datanode-2/data/ratis to VolumeSet
2023-05-03 09:48:12,893 [Listener at 127.0.0.1/33989] INFO  volume.ThrottledAsyncChecker (ThrottledAsyncChecker.java:schedule(141)) - Scheduling a check for /home/runner/work/ozone/ozone/hadoop-ozone/integration-test/target/test-dir/MiniOzoneClusterImpl-376f2470-9738-4f53-87bd-21a09484475b/datanode-2/data/ratis
2023-05-03 09:48:12,893 [Listener at 127.0.0.1/33989] INFO  volume.StorageVolumeChecker (StorageVolumeChecker.java:checkAllVolumes(202)) - Scheduled health check for volume /home/runner/work/ozone/ozone/hadoop-ozone/integration-test/target/test-dir/MiniOzoneClusterImpl-376f2470-9738-4f53-87bd-21a09484475b/datanode-2/data/ratis
2023-05-03 09:48:12,903 [Thread-1817] INFO  ozoneimpl.ContainerReader (ContainerReader.java:readVolume(175)) - Finish verifying containers on volume /home/runner/work/ozone/ozone/hadoop-ozone/integration-test/target/test-dir/MiniOzoneClusterImpl-376f2470-9738-4f53-87bd-21a09484475b/datanode-2/data-0/containers/hdds
2023-05-03 09:48:12,903 [Listener at 127.0.0.1/33989] INFO  ozoneimpl.OzoneContainer (OzoneContainer.java:buildContainerSet(303)) - Build ContainerSet costs 0s
2023-05-03 09:48:12,904 [Listener at 127.0.0.1/33989] INFO  server.RaftServer (ConfUtils.java:logGet(46)) - raft.rpc.type = GRPC (default)
2023-05-03 09:48:12,905 [Listener at 127.0.0.1/33989] INFO  grpc.GrpcConfigKeys (ConfUtils.java:logFallback(53)) - raft.grpc.admin.host = null (fallback to raft.grpc.server.host)
2023-05-03 09:48:12,905 [Listener at 127.0.0.1/33989] INFO  grpc.GrpcConfigKeys (ConfUtils.java:logGet(46)) - raft.grpc.admin.port = 0 (custom)
2023-05-03 09:48:12,905 [Listener at 127.0.0.1/33989] INFO  grpc.GrpcConfigKeys (ConfUtils.java:logFallback(53)) - raft.grpc.client.host = null (fallback to raft.grpc.server.host)
2023-05-03 09:48:12,905 [Listener at 127.0.0.1/33989] INFO  grpc.GrpcConfigKeys (ConfUtils.java:logGet(46)) - raft.grpc.client.port = 0 (custom)
2023-05-03 09:48:12,905 [Listener at 127.0.0.1/33989] INFO  grpc.GrpcConfigKeys (ConfUtils.java:logGet(46)) - raft.grpc.server.host = null (default)
2023-05-03 09:48:12,905 [Listener at 127.0.0.1/33989] INFO  grpc.GrpcConfigKeys (ConfUtils.java:logGet(46)) - raft.grpc.server.port = 0 (default)
2023-05-03 09:48:12,905 [Listener at 127.0.0.1/33989] INFO  server.GrpcService (ConfUtils.java:logGet(46)) - raft.grpc.message.size.max = 32MB (=33554432) (custom)
2023-05-03 09:48:12,905 [Listener at 127.0.0.1/33989] INFO  server.RaftServerConfigKeys (ConfUtils.java:logGet(46)) - raft.server.log.appender.buffer.byte-limit = 33554432 (custom)
2023-05-03 09:48:12,905 [Listener at 127.0.0.1/33989] INFO  server.GrpcService (ConfUtils.java:logGet(46)) - raft.grpc.flow.control.window = 5MB (=5242880) (custom)
2023-05-03 09:48:12,905 [Listener at 127.0.0.1/33989] INFO  server.RaftServerConfigKeys (ConfUtils.java:logGet(46)) - raft.server.rpc.request.timeout = 60s (custom)
2023-05-03 09:48:12,905 [Listener at 127.0.0.1/33989] INFO  grpc.GrpcConfigKeys (ConfUtils.java:logGet(46)) - raft.grpc.server.heartbeat.channel = true (default)
2023-05-03 09:48:12,905 [Listener at 127.0.0.1/33989] INFO  grpc.GrpcConfigKeys (ConfUtils.java:logGet(46)) - raft.grpc.server.async.request.thread.pool.cached = true (default)
2023-05-03 09:48:12,905 [Listener at 127.0.0.1/33989] INFO  grpc.GrpcConfigKeys (ConfUtils.java:logGet(46)) - raft.grpc.server.async.request.thread.pool.size = 32 (default)
2023-05-03 09:48:12,906 [Listener at 127.0.0.1/33989] INFO  impl.DataStreamServerImpl (ConfUtils.java:logGet(46)) - raft.datastream.type = NETTY (custom)
2023-05-03 09:48:12,906 [Listener at 127.0.0.1/33989] INFO  server.RaftServerConfigKeys (ConfUtils.java:logGet(46)) - raft.server.data-stream.async.request.thread.pool.cached = false (default)
2023-05-03 09:48:12,906 [Listener at 127.0.0.1/33989] INFO  server.RaftServerConfigKeys (ConfUtils.java:logGet(46)) - raft.server.data-stream.async.request.thread.pool.size = 20 (custom)
2023-05-03 09:48:12,907 [Listener at 127.0.0.1/33989] INFO  server.RaftServerConfigKeys (ConfUtils.java:logGet(46)) - raft.server.data-stream.async.write.thread.pool.size = 16 (default)
2023-05-03 09:48:12,907 [Listener at 127.0.0.1/33989] INFO  server.RaftServerConfigKeys (ConfUtils.java:logGet(46)) - raft.server.data-stream.client.pool.size = 10 (default)
2023-05-03 09:48:12,907 [Listener at 127.0.0.1/33989] INFO  netty.NettyConfigKeys$DataStream (ConfUtils.java:logGet(46)) - raft.netty.dataStream.server.use-epoll = false (default)
2023-05-03 09:48:12,907 [Listener at 127.0.0.1/33989] INFO  netty.NettyConfigKeys$DataStream (ConfUtils.java:logGet(46)) - raft.netty.dataStream.server.boss-group.size = 0 (default)
2023-05-03 09:48:12,907 [Listener at 127.0.0.1/33989] INFO  netty.NettyConfigKeys$DataStream (ConfUtils.java:logGet(46)) - raft.netty.dataStream.server.worker-group.size = 0 (default)
2023-05-03 09:48:12,907 [Listener at 127.0.0.1/33989] INFO  netty.NettyConfigKeys$DataStream (ConfUtils.java:logGet(46)) - raft.netty.dataStream.server.tls.conf = null (default)
2023-05-03 09:48:12,907 [Listener at 127.0.0.1/33989] INFO  netty.NettyConfigKeys$DataStream (ConfUtils.java:logGet(46)) - raft.netty.dataStream.host = null (default)
2023-05-03 09:48:12,907 [Listener at 127.0.0.1/33989] INFO  netty.NettyConfigKeys$DataStream (ConfUtils.java:logGet(46)) - raft.netty.dataStream.port = 0 (default)
2023-05-03 09:48:12,910 [Listener at 127.0.0.1/33989] INFO  server.RaftServerConfigKeys (ConfUtils.java:logGet(46)) - raft.server.threadpool.proxy.cached = true (default)
2023-05-03 09:48:12,910 [Listener at 127.0.0.1/33989] INFO  server.RaftServerConfigKeys (ConfUtils.java:logGet(46)) - raft.server.threadpool.proxy.size = 0 (default)
2023-05-03 09:48:12,910 [Listener at 127.0.0.1/33989] INFO  server.RaftServerConfigKeys (ConfUtils.java:logGet(46)) - raft.server.rpc.slowness.timeout = 300s (custom)
2023-05-03 09:48:12,910 [Listener at 127.0.0.1/33989] INFO  server.RaftServerConfigKeys (ConfUtils.java:logGet(46)) - raft.server.leaderelection.leader.step-down.wait-time = 10s (default)
2023-05-03 09:48:12,911 [Listener at 127.0.0.1/33989] INFO  server.RaftServerConfigKeys (ConfUtils.java:logGet(46)) - raft.server.storage.dir = [/home/runner/work/ozone/ozone/hadoop-ozone/integration-test/target/test-dir/MiniOzoneClusterImpl-376f2470-9738-4f53-87bd-21a09484475b/datanode-2/data/ratis] (custom)
2023-05-03 09:48:12,911 [6fdebf4b-249b-4d6b-b846-7ad5dee41c92-NettyServerStreamRpc-bossGroup--thread1] INFO  logging.LoggingHandler (AbstractInternalLogger.java:log(148)) - [id: 0xab397e78] REGISTERED
2023-05-03 09:48:12,911 [6fdebf4b-249b-4d6b-b846-7ad5dee41c92-NettyServerStreamRpc-bossGroup--thread1] INFO  logging.LoggingHandler (AbstractInternalLogger.java:log(148)) - [id: 0xab397e78] BIND: 0.0.0.0/0.0.0.0:0
2023-05-03 09:48:12,911 [6fdebf4b-249b-4d6b-b846-7ad5dee41c92-NettyServerStreamRpc-bossGroup--thread1] INFO  logging.LoggingHandler (AbstractInternalLogger.java:log(148)) - [id: 0xab397e78, L:/0:0:0:0:0:0:0:0:36435] ACTIVE
2023-05-03 09:48:12,912 [Listener at 127.0.0.1/33989] INFO  server.XceiverServerGrpc (XceiverServerGrpc.java:<init>(132)) - GrpcServer channel type EpollServerSocketChannel
2023-05-03 09:48:12,914 [Listener at 127.0.0.1/33989] INFO  http.BaseHttpServer (BaseHttpServer.java:newHttpServer2BuilderForOzone(224)) - Starting Web-server for hddsDatanode at: http://0.0.0.0:0
2023-05-03 09:48:12,914 [Listener at 127.0.0.1/33989] INFO  http.BaseHttpServer (BaseHttpServer.java:<init>(111)) - Hadoop Security Enabled: false Ozone Security Enabled: false Ozone HTTP Security Enabled: false 
2023-05-03 09:48:12,915 [Listener at 127.0.0.1/33989] WARN  server.AuthenticationFilter (AuthenticationFilter.java:constructSecretProvider(240)) - Unable to initialize FileSignerSecretProvider, falling back to use random secrets. Reason: Could not read signature secret file: /home/runner/hadoop-http-auth-signature-secret
2023-05-03 09:48:12,918 [Listener at 127.0.0.1/33989] INFO  http.HttpRequestLog (HttpRequestLog.java:getRequestLog(86)) - Http request log for http.requests.hddsDatanode is not defined
2023-05-03 09:48:12,918 [Listener at 127.0.0.1/33989] INFO  http.HttpServer2 (HttpServer2.java:addGlobalFilter(1031)) - Added global filter 'safety' (class=org.apache.hadoop.hdds.server.http.HttpServer2$QuotingInputFilter)
2023-05-03 09:48:12,919 [Listener at 127.0.0.1/33989] INFO  http.HttpServer2 (HttpServer2.java:addFilter(1007)) - Added filter static_user_filter (class=org.apache.hadoop.http.lib.StaticUserWebFilter$StaticUserFilter) to context hddsDatanode
2023-05-03 09:48:12,919 [Listener at 127.0.0.1/33989] INFO  http.HttpServer2 (HttpServer2.java:addFilter(1015)) - Added filter static_user_filter (class=org.apache.hadoop.http.lib.StaticUserWebFilter$StaticUserFilter) to context logs
2023-05-03 09:48:12,919 [Listener at 127.0.0.1/33989] INFO  http.HttpServer2 (HttpServer2.java:addFilter(1015)) - Added filter static_user_filter (class=org.apache.hadoop.http.lib.StaticUserWebFilter$StaticUserFilter) to context static
2023-05-03 09:48:12,919 [Listener at 127.0.0.1/33989] INFO  http.BaseHttpServer (BaseHttpServer.java:<init>(190)) - HTTP server of hddsDatanode uses base directory /home/runner/work/ozone/ozone/hadoop-ozone/integration-test/target/test-dir/MiniOzoneClusterImpl-376f2470-9738-4f53-87bd-21a09484475b/datanode-2/meta/webserver
2023-05-03 09:48:12,919 [Listener at 127.0.0.1/33989] INFO  http.HttpServer2 (HttpServer2.java:bindListener(1250)) - Jetty bound to port 44433
2023-05-03 09:48:12,919 [Listener at 127.0.0.1/33989] INFO  server.Server (Server.java:doStart(375)) - jetty-9.4.51.v20230217; built: 2023-02-17T08:19:37.309Z; git: b45c405e4544384de066f814ed42ae3dceacdd49; jvm 1.8.0_362-b09
2023-05-03 09:48:12,920 [Listener at 127.0.0.1/33989] INFO  server.session (DefaultSessionIdManager.java:doStart(334)) - DefaultSessionIdManager workerName=node0
2023-05-03 09:48:12,921 [Listener at 127.0.0.1/33989] INFO  server.session (DefaultSessionIdManager.java:doStart(339)) - No SessionScavenger set, using defaults
2023-05-03 09:48:12,921 [Listener at 127.0.0.1/33989] INFO  server.session (HouseKeeper.java:startScavenging(132)) - node0 Scavenging every 600000ms
2023-05-03 09:48:12,934 [Listener at 127.0.0.1/33989] INFO  handler.ContextHandler (ContextHandler.java:doStart(921)) - Started o.e.j.s.ServletContextHandler@1fa58225{logs,/logs,file:///home/runner/work/ozone/ozone/hadoop-ozone/integration-test/target/log,AVAILABLE}
2023-05-03 09:48:12,934 [Listener at 127.0.0.1/33989] INFO  handler.ContextHandler (ContextHandler.java:doStart(921)) - Started o.e.j.s.ServletContextHandler@50abbfa3{static,/static,jar:file:/home/runner/.m2/repository/org/apache/ozone/hdds-container-service/1.4.0-SNAPSHOT/hdds-container-service-1.4.0-SNAPSHOT.jar!/webapps/static,AVAILABLE}
2023-05-03 09:48:13,064 [om1@group-C5BA1605619E-FollowerState] INFO  impl.FollowerState (FollowerState.java:run(143)) - om1@group-C5BA1605619E-FollowerState: change to CANDIDATE, lastRpcElapsedTime:1011993769ns, electionTimeout:1011ms
2023-05-03 09:48:13,064 [om1@group-C5BA1605619E-FollowerState] INFO  impl.RoleInfo (RoleInfo.java:shutdownFollowerState(110)) - om1: shutdown om1@group-C5BA1605619E-FollowerState
2023-05-03 09:48:13,064 [om1@group-C5BA1605619E-FollowerState] INFO  server.RaftServer$Division (RaftServerImpl.java:setRole(321)) - om1@group-C5BA1605619E: changes role from  FOLLOWER to CANDIDATE at term 0 for changeToCandidate
2023-05-03 09:48:13,064 [om1@group-C5BA1605619E-FollowerState] INFO  server.RaftServerConfigKeys (ConfUtils.java:logGet(46)) - raft.server.leaderelection.pre-vote = true (default)
2023-05-03 09:48:13,064 [om1@group-C5BA1605619E-FollowerState] INFO  impl.RoleInfo (RoleInfo.java:updateAndGet(139)) - om1: start om1@group-C5BA1605619E-LeaderElection28
2023-05-03 09:48:13,067 [om1@group-C5BA1605619E-LeaderElection28] INFO  impl.LeaderElection (LeaderElection.java:askForVotes(312)) - om1@group-C5BA1605619E-LeaderElection28 PRE_VOTE round 0: submit vote requests at term 0 for -1: peers:[om1|rpc:localhost:9872|priority:0|startupRole:FOLLOWER]|listeners:[], old=null
2023-05-03 09:48:13,067 [om1@group-C5BA1605619E-LeaderElection28] INFO  impl.LeaderElection (LeaderElection.java:askForVotes(314)) - om1@group-C5BA1605619E-LeaderElection28 PRE_VOTE round 0: result PASSED (term=0)
2023-05-03 09:48:13,069 [om1@group-C5BA1605619E-LeaderElection28] INFO  impl.LeaderElection (LeaderElection.java:askForVotes(312)) - om1@group-C5BA1605619E-LeaderElection28 ELECTION round 0: submit vote requests at term 1 for -1: peers:[om1|rpc:localhost:9872|priority:0|startupRole:FOLLOWER]|listeners:[], old=null
2023-05-03 09:48:13,069 [om1@group-C5BA1605619E-LeaderElection28] INFO  impl.LeaderElection (LeaderElection.java:askForVotes(314)) - om1@group-C5BA1605619E-LeaderElection28 ELECTION round 0: result PASSED (term=1)
2023-05-03 09:48:13,069 [om1@group-C5BA1605619E-LeaderElection28] INFO  impl.RoleInfo (RoleInfo.java:shutdownLeaderElection(130)) - om1: shutdown om1@group-C5BA1605619E-LeaderElection28
2023-05-03 09:48:13,069 [om1@group-C5BA1605619E-LeaderElection28] INFO  server.RaftServer$Division (RaftServerImpl.java:setRole(321)) - om1@group-C5BA1605619E: changes role from CANDIDATE to LEADER at term 1 for changeToLeader
2023-05-03 09:48:13,069 [om1@group-C5BA1605619E-LeaderElection28] INFO  server.RaftServer$Division (ServerState.java:setLeader(313)) - om1@group-C5BA1605619E: change Leader from null to om1 at term 1 for becomeLeader, leader elected after 1474ms
2023-05-03 09:48:13,069 [om1@group-C5BA1605619E-LeaderElection28] INFO  server.RaftServerConfigKeys (ConfUtils.java:logGet(46)) - raft.server.staging.catchup.gap = 1000 (default)
2023-05-03 09:48:13,069 [om1@group-C5BA1605619E-LeaderElection28] INFO  server.RaftServerConfigKeys (ConfUtils.java:logGet(46)) - raft.server.write.element-limit = 4096 (default)
2023-05-03 09:48:13,069 [om1@group-C5BA1605619E-LeaderElection28] INFO  server.RaftServerConfigKeys (ConfUtils.java:logGet(46)) - raft.server.write.byte-limit = 64MB (=67108864) (default)
2023-05-03 09:48:13,070 [om1@group-C5BA1605619E-LeaderElection28] INFO  server.RaftServerConfigKeys (ConfUtils.java:logGet(46)) - raft.server.watch.timeout = 10s (default)
2023-05-03 09:48:13,070 [om1@group-C5BA1605619E-LeaderElection28] INFO  server.RaftServerConfigKeys (ConfUtils.java:logGet(46)) - raft.server.watch.timeout.denomination = 1s (default)
2023-05-03 09:48:13,070 [om1@group-C5BA1605619E-LeaderElection28] INFO  server.RaftServerConfigKeys (ConfUtils.java:logGet(46)) - raft.server.watch.element-limit = 65536 (default)
2023-05-03 09:48:13,070 [om1@group-C5BA1605619E-LeaderElection28] INFO  server.RaftServerConfigKeys (ConfUtils.java:logGet(46)) - raft.server.write.element-limit = 4096 (default)
2023-05-03 09:48:13,070 [om1@group-C5BA1605619E-LeaderElection28] INFO  server.RaftServerConfigKeys (ConfUtils.java:logGet(46)) - raft.server.write.follower.gap.ratio.max = -1.0 (default)
2023-05-03 09:48:13,070 [om1@group-C5BA1605619E-LeaderElection28] INFO  impl.RoleInfo (RoleInfo.java:updateAndGet(139)) - om1: start om1@group-C5BA1605619E-LeaderStateImpl
2023-05-03 09:48:13,071 [om1@group-C5BA1605619E-LeaderElection28] INFO  segmented.SegmentedRaftLogWorker (SegmentedRaftLogWorker.java:startLogSegment(452)) - om1@group-C5BA1605619E-SegmentedRaftLogWorker: Starting segment from index:0
2023-05-03 09:48:13,079 [om1@group-C5BA1605619E-LeaderElection28] INFO  server.RaftServer$Division (ServerState.java:setRaftConf(430)) - om1@group-C5BA1605619E: set configuration 0: peers:[om1|rpc:localhost:9872|admin:|client:|dataStream:|priority:0|startupRole:FOLLOWER]|listeners:[], old=null
2023-05-03 09:48:13,080 [om1@group-C5BA1605619E-SegmentedRaftLogWorker] INFO  segmented.SegmentedRaftLogWorker (SegmentedRaftLogWorker.java:execute(656)) - om1@group-C5BA1605619E-SegmentedRaftLogWorker: created new log segment /home/runner/work/ozone/ozone/hadoop-ozone/integration-test/target/test-dir/MiniOzoneClusterImpl-376f2470-9738-4f53-87bd-21a09484475b/ozone-meta/ratis/bf265839-605b-3f16-9796-c5ba1605619e/current/log_inprogress_0
2023-05-03 09:48:13,082 [om1@group-C5BA1605619E-StateMachineUpdater] INFO  ratis.OzoneManagerStateMachine (OzoneManagerStateMachine.java:notifyConfigurationChanged(201)) - Received Configuration change notification from Ratis. New Peer list:
[id: "om1"
address: "localhost:9872"
startupRole: FOLLOWER
]
2023-05-03 09:48:13,155 [Listener at 127.0.0.1/33989] INFO  handler.ContextHandler (ContextHandler.java:doStart(921)) - Started o.e.j.w.WebAppContext@469b5c95{hddsDatanode,/,file:///home/runner/work/ozone/ozone/hadoop-ozone/integration-test/target/test-dir/MiniOzoneClusterImpl-376f2470-9738-4f53-87bd-21a09484475b/datanode-2/meta/webserver/jetty-0_0_0_0-44433-hdds-container-service-1_4_0-SNAPSHOT_jar-_-any-1481887155198878626/webapp/,AVAILABLE}{jar:file:/home/runner/.m2/repository/org/apache/ozone/hdds-container-service/1.4.0-SNAPSHOT/hdds-container-service-1.4.0-SNAPSHOT.jar!/webapps/hddsDatanode}
2023-05-03 09:48:13,156 [Listener at 127.0.0.1/33989] INFO  server.AbstractConnector (AbstractConnector.java:doStart(333)) - Started ServerConnector@2271af42{HTTP/1.1, (http/1.1)}{0.0.0.0:44433}
2023-05-03 09:48:13,156 [Listener at 127.0.0.1/33989] INFO  server.Server (Server.java:doStart(415)) - Started @136281ms
2023-05-03 09:48:13,156 [Listener at 127.0.0.1/33989] WARN  impl.MetricsSystemImpl (MetricsSystemImpl.java:register(279)) - Sink prometheus already exists!
2023-05-03 09:48:13,157 [Listener at 127.0.0.1/33989] INFO  http.BaseHttpServer (BaseHttpServer.java:updateConnectorAddress(344)) - HTTP server of hddsDatanode listening at http://0.0.0.0:44433
2023-05-03 09:48:13,157 [Listener at 127.0.0.1/33989] INFO  ozone.MiniOzoneClusterImpl (MiniOzoneClusterImpl.java:lambda$waitForClusterToBeReady$0(223)) - Waiting for nodes to be ready. Got 0 of 3 DN Heartbeats.
2023-05-03 09:48:13,157 [Listener at 127.0.0.1/33989] INFO  ozone.MiniOzoneClusterImpl (MiniOzoneClusterImpl.java:lambda$waitForClusterToBeReady$0(226)) - Waiting for cluster to exit safe mode
2023-05-03 09:48:13,157 [Listener at 127.0.0.1/33989] INFO  ozone.MiniOzoneClusterImpl (MiniOzoneClusterImpl.java:lambda$waitForClusterToBeReady$0(228)) - SCM became leader
2023-05-03 09:48:13,157 [Datanode State Machine Daemon Thread] INFO  statemachine.DatanodeStateMachine (DatanodeStateMachine.java:lambda$startDaemon$0(519)) - Ozone container server started.
2023-05-03 09:48:13,168 [org.apache.hadoop.util.JvmPauseMonitor$Monitor@7c8cf580] INFO  util.JvmPauseMonitor (JvmPauseMonitor.java:run(188)) - Starting JVM pause monitor
2023-05-03 09:48:13,169 [Datanode State Machine Task Thread - 0] INFO  datanode.InitDatanodeState (InitDatanodeState.java:persistContainerDatanodeDetails(138)) - DatanodeDetails is persisted to /home/runner/work/ozone/ozone/hadoop-ozone/integration-test/target/test-dir/MiniOzoneClusterImpl-376f2470-9738-4f53-87bd-21a09484475b/datanode-2/meta/datanode.id
2023-05-03 09:48:14,157 [Listener at 127.0.0.1/33989] INFO  ozone.MiniOzoneClusterImpl (MiniOzoneClusterImpl.java:lambda$waitForClusterToBeReady$0(223)) - Waiting for nodes to be ready. Got 0 of 3 DN Heartbeats.
2023-05-03 09:48:14,158 [Listener at 127.0.0.1/33989] INFO  ozone.MiniOzoneClusterImpl (MiniOzoneClusterImpl.java:lambda$waitForClusterToBeReady$0(226)) - Waiting for cluster to exit safe mode
2023-05-03 09:48:14,158 [Listener at 127.0.0.1/33989] INFO  ozone.MiniOzoneClusterImpl (MiniOzoneClusterImpl.java:lambda$waitForClusterToBeReady$0(228)) - SCM became leader
2023-05-03 09:48:14,481 [EndpointStateMachine task thread for /0.0.0.0:44347 - 0 ] INFO  utils.DatanodeStoreCache (DatanodeStoreCache.java:addDB(58)) - Added db /home/runner/work/ozone/ozone/hadoop-ozone/integration-test/target/test-dir/MiniOzoneClusterImpl-376f2470-9738-4f53-87bd-21a09484475b/datanode-0/data-0/containers/hdds/376f2470-9738-4f53-87bd-21a09484475b/DS-0734f101-ccc9-4de3-89ce-6704ef0743af/container.db to cache
2023-05-03 09:48:14,482 [EndpointStateMachine task thread for /0.0.0.0:44347 - 0 ] INFO  volume.HddsVolume (HddsVolume.java:createDbStore(350)) - SchemaV3 db is created and loaded at /home/runner/work/ozone/ozone/hadoop-ozone/integration-test/target/test-dir/MiniOzoneClusterImpl-376f2470-9738-4f53-87bd-21a09484475b/datanode-0/data-0/containers/hdds/376f2470-9738-4f53-87bd-21a09484475b/DS-0734f101-ccc9-4de3-89ce-6704ef0743af/container.db for volume DS-0734f101-ccc9-4de3-89ce-6704ef0743af
2023-05-03 09:48:14,482 [EndpointStateMachine task thread for /0.0.0.0:44347 - 0 ] INFO  ozoneimpl.OzoneContainer (OzoneContainer.java:start(397)) - Attempting to start container services.
2023-05-03 09:48:14,482 [EndpointStateMachine task thread for /0.0.0.0:44347 - 0 ] INFO  ozoneimpl.OzoneContainer (OzoneContainer.java:startContainerScrub(314)) - Scheduled background container scanners and the on-demand container scanner have been disabled.
2023-05-03 09:48:14,484 [EndpointStateMachine task thread for /0.0.0.0:44347 - 0 ] INFO  replication.ReplicationServer (ReplicationServer.java:start(109)) - ReplicationServer is started using port 39579
2023-05-03 09:48:14,484 [EndpointStateMachine task thread for /0.0.0.0:44347 - 0 ] INFO  ratis.XceiverServerRatis (XceiverServerRatis.java:start(517)) - Starting XceiverServerRatis c3feb7f9-95d5-47b5-b185-2112df38a597
2023-05-03 09:48:14,485 [EndpointStateMachine task thread for /0.0.0.0:44347 - 0 ] INFO  server.RaftServer (RaftServerProxy.java:startImpl(393)) - c3feb7f9-95d5-47b5-b185-2112df38a597: start RPC server
2023-05-03 09:48:14,487 [EndpointStateMachine task thread for /0.0.0.0:44347 - 0 ] INFO  server.GrpcService (GrpcService.java:startImpl(262)) - c3feb7f9-95d5-47b5-b185-2112df38a597: GrpcService started, listening on 44977
2023-05-03 09:48:14,487 [EndpointStateMachine task thread for /0.0.0.0:44347 - 0 ] INFO  ratis.XceiverServerRatis (XceiverServerRatis.java:getRealPort(543)) - XceiverServerRatis c3feb7f9-95d5-47b5-b185-2112df38a597 is started using port 44977 for RATIS
2023-05-03 09:48:14,487 [EndpointStateMachine task thread for /0.0.0.0:44347 - 0 ] INFO  ratis.XceiverServerRatis (XceiverServerRatis.java:getRealPort(543)) - XceiverServerRatis c3feb7f9-95d5-47b5-b185-2112df38a597 is started using port 44977 for RATIS_ADMIN
2023-05-03 09:48:14,487 [JvmPauseMonitor17] INFO  util.JvmPauseMonitor (JvmPauseMonitor.java:run(105)) - JvmPauseMonitor-c3feb7f9-95d5-47b5-b185-2112df38a597: Started
2023-05-03 09:48:14,487 [EndpointStateMachine task thread for /0.0.0.0:44347 - 0 ] INFO  ratis.XceiverServerRatis (XceiverServerRatis.java:getRealPort(543)) - XceiverServerRatis c3feb7f9-95d5-47b5-b185-2112df38a597 is started using port 44977 for RATIS_SERVER
2023-05-03 09:48:14,487 [EndpointStateMachine task thread for /0.0.0.0:44347 - 0 ] INFO  ratis.XceiverServerRatis (XceiverServerRatis.java:getRealPort(543)) - XceiverServerRatis c3feb7f9-95d5-47b5-b185-2112df38a597 is started using port 45869 for RATIS_DATASTREAM
2023-05-03 09:48:14,490 [EndpointStateMachine task thread for /0.0.0.0:44347 - 0 ] INFO  server.XceiverServerGrpc (XceiverServerGrpc.java:start(180)) - XceiverServerGrpc c3feb7f9-95d5-47b5-b185-2112df38a597 is started using port 46091
2023-05-03 09:48:14,490 [BlockDeletingService#0] INFO  interfaces.ContainerDeletionChoosingPolicyTemplate (ContainerDeletionChoosingPolicyTemplate.java:chooseContainerForBlockDeletion(83)) - Chosen 0/5000 blocks from 0 candidate containers.
2023-05-03 09:48:14,828 [EndpointStateMachine task thread for /0.0.0.0:44347 - 0 ] INFO  utils.DatanodeStoreCache (DatanodeStoreCache.java:addDB(58)) - Added db /home/runner/work/ozone/ozone/hadoop-ozone/integration-test/target/test-dir/MiniOzoneClusterImpl-376f2470-9738-4f53-87bd-21a09484475b/datanode-1/data-0/containers/hdds/376f2470-9738-4f53-87bd-21a09484475b/DS-2059fadf-403d-449f-8391-579388274c83/container.db to cache
2023-05-03 09:48:14,828 [EndpointStateMachine task thread for /0.0.0.0:44347 - 0 ] INFO  volume.HddsVolume (HddsVolume.java:createDbStore(350)) - SchemaV3 db is created and loaded at /home/runner/work/ozone/ozone/hadoop-ozone/integration-test/target/test-dir/MiniOzoneClusterImpl-376f2470-9738-4f53-87bd-21a09484475b/datanode-1/data-0/containers/hdds/376f2470-9738-4f53-87bd-21a09484475b/DS-2059fadf-403d-449f-8391-579388274c83/container.db for volume DS-2059fadf-403d-449f-8391-579388274c83
2023-05-03 09:48:14,829 [EndpointStateMachine task thread for /0.0.0.0:44347 - 0 ] INFO  ozoneimpl.OzoneContainer (OzoneContainer.java:start(397)) - Attempting to start container services.
2023-05-03 09:48:14,829 [EndpointStateMachine task thread for /0.0.0.0:44347 - 0 ] INFO  ozoneimpl.OzoneContainer (OzoneContainer.java:startContainerScrub(314)) - Scheduled background container scanners and the on-demand container scanner have been disabled.
2023-05-03 09:48:14,831 [EndpointStateMachine task thread for /0.0.0.0:44347 - 0 ] INFO  replication.ReplicationServer (ReplicationServer.java:start(109)) - ReplicationServer is started using port 39877
2023-05-03 09:48:14,831 [EndpointStateMachine task thread for /0.0.0.0:44347 - 0 ] INFO  ratis.XceiverServerRatis (XceiverServerRatis.java:start(517)) - Starting XceiverServerRatis b4fee7e9-40bc-4695-8270-a3969266ea18
2023-05-03 09:48:14,831 [EndpointStateMachine task thread for /0.0.0.0:44347 - 0 ] INFO  server.RaftServer (RaftServerProxy.java:startImpl(393)) - b4fee7e9-40bc-4695-8270-a3969266ea18: start RPC server
2023-05-03 09:48:14,833 [EndpointStateMachine task thread for /0.0.0.0:44347 - 0 ] INFO  server.GrpcService (GrpcService.java:startImpl(262)) - b4fee7e9-40bc-4695-8270-a3969266ea18: GrpcService started, listening on 40495
2023-05-03 09:48:14,833 [EndpointStateMachine task thread for /0.0.0.0:44347 - 0 ] INFO  ratis.XceiverServerRatis (XceiverServerRatis.java:getRealPort(543)) - XceiverServerRatis b4fee7e9-40bc-4695-8270-a3969266ea18 is started using port 40495 for RATIS
2023-05-03 09:48:14,833 [JvmPauseMonitor18] INFO  util.JvmPauseMonitor (JvmPauseMonitor.java:run(105)) - JvmPauseMonitor-b4fee7e9-40bc-4695-8270-a3969266ea18: Started
2023-05-03 09:48:14,833 [EndpointStateMachine task thread for /0.0.0.0:44347 - 0 ] INFO  ratis.XceiverServerRatis (XceiverServerRatis.java:getRealPort(543)) - XceiverServerRatis b4fee7e9-40bc-4695-8270-a3969266ea18 is started using port 40495 for RATIS_ADMIN
2023-05-03 09:48:14,834 [EndpointStateMachine task thread for /0.0.0.0:44347 - 0 ] INFO  ratis.XceiverServerRatis (XceiverServerRatis.java:getRealPort(543)) - XceiverServerRatis b4fee7e9-40bc-4695-8270-a3969266ea18 is started using port 40495 for RATIS_SERVER
2023-05-03 09:48:14,834 [EndpointStateMachine task thread for /0.0.0.0:44347 - 0 ] INFO  ratis.XceiverServerRatis (XceiverServerRatis.java:getRealPort(543)) - XceiverServerRatis b4fee7e9-40bc-4695-8270-a3969266ea18 is started using port 44405 for RATIS_DATASTREAM
2023-05-03 09:48:14,835 [EndpointStateMachine task thread for /0.0.0.0:44347 - 0 ] INFO  server.XceiverServerGrpc (XceiverServerGrpc.java:start(180)) - XceiverServerGrpc b4fee7e9-40bc-4695-8270-a3969266ea18 is started using port 35173
2023-05-03 09:48:14,836 [BlockDeletingService#0] INFO  interfaces.ContainerDeletionChoosingPolicyTemplate (ContainerDeletionChoosingPolicyTemplate.java:chooseContainerForBlockDeletion(83)) - Chosen 0/5000 blocks from 0 candidate containers.
2023-05-03 09:48:15,158 [Listener at 127.0.0.1/33989] INFO  ozone.MiniOzoneClusterImpl (MiniOzoneClusterImpl.java:lambda$waitForClusterToBeReady$0(223)) - Waiting for nodes to be ready. Got 0 of 3 DN Heartbeats.
2023-05-03 09:48:15,158 [Listener at 127.0.0.1/33989] INFO  ozone.MiniOzoneClusterImpl (MiniOzoneClusterImpl.java:lambda$waitForClusterToBeReady$0(226)) - Waiting for cluster to exit safe mode
2023-05-03 09:48:15,158 [Listener at 127.0.0.1/33989] INFO  ozone.MiniOzoneClusterImpl (MiniOzoneClusterImpl.java:lambda$waitForClusterToBeReady$0(228)) - SCM became leader
2023-05-03 09:48:15,192 [EndpointStateMachine task thread for /0.0.0.0:44347 - 0 ] INFO  utils.DatanodeStoreCache (DatanodeStoreCache.java:addDB(58)) - Added db /home/runner/work/ozone/ozone/hadoop-ozone/integration-test/target/test-dir/MiniOzoneClusterImpl-376f2470-9738-4f53-87bd-21a09484475b/datanode-2/data-0/containers/hdds/376f2470-9738-4f53-87bd-21a09484475b/DS-b5dda6b3-863b-4581-8f75-335928d871c5/container.db to cache
2023-05-03 09:48:15,192 [EndpointStateMachine task thread for /0.0.0.0:44347 - 0 ] INFO  volume.HddsVolume (HddsVolume.java:createDbStore(350)) - SchemaV3 db is created and loaded at /home/runner/work/ozone/ozone/hadoop-ozone/integration-test/target/test-dir/MiniOzoneClusterImpl-376f2470-9738-4f53-87bd-21a09484475b/datanode-2/data-0/containers/hdds/376f2470-9738-4f53-87bd-21a09484475b/DS-b5dda6b3-863b-4581-8f75-335928d871c5/container.db for volume DS-b5dda6b3-863b-4581-8f75-335928d871c5
2023-05-03 09:48:15,192 [EndpointStateMachine task thread for /0.0.0.0:44347 - 0 ] INFO  ozoneimpl.OzoneContainer (OzoneContainer.java:start(397)) - Attempting to start container services.
2023-05-03 09:48:15,192 [EndpointStateMachine task thread for /0.0.0.0:44347 - 0 ] INFO  ozoneimpl.OzoneContainer (OzoneContainer.java:startContainerScrub(314)) - Scheduled background container scanners and the on-demand container scanner have been disabled.
2023-05-03 09:48:15,193 [EndpointStateMachine task thread for /0.0.0.0:44347 - 0 ] INFO  replication.ReplicationServer (ReplicationServer.java:start(109)) - ReplicationServer is started using port 43813
2023-05-03 09:48:15,193 [EndpointStateMachine task thread for /0.0.0.0:44347 - 0 ] INFO  ratis.XceiverServerRatis (XceiverServerRatis.java:start(517)) - Starting XceiverServerRatis 6fdebf4b-249b-4d6b-b846-7ad5dee41c92
2023-05-03 09:48:15,194 [EndpointStateMachine task thread for /0.0.0.0:44347 - 0 ] INFO  server.RaftServer (RaftServerProxy.java:startImpl(393)) - 6fdebf4b-249b-4d6b-b846-7ad5dee41c92: start RPC server
2023-05-03 09:48:15,201 [EndpointStateMachine task thread for /0.0.0.0:44347 - 0 ] INFO  server.GrpcService (GrpcService.java:startImpl(262)) - 6fdebf4b-249b-4d6b-b846-7ad5dee41c92: GrpcService started, listening on 35567
2023-05-03 09:48:15,202 [EndpointStateMachine task thread for /0.0.0.0:44347 - 0 ] INFO  ratis.XceiverServerRatis (XceiverServerRatis.java:getRealPort(543)) - XceiverServerRatis 6fdebf4b-249b-4d6b-b846-7ad5dee41c92 is started using port 35567 for RATIS
2023-05-03 09:48:15,202 [EndpointStateMachine task thread for /0.0.0.0:44347 - 0 ] INFO  ratis.XceiverServerRatis (XceiverServerRatis.java:getRealPort(543)) - XceiverServerRatis 6fdebf4b-249b-4d6b-b846-7ad5dee41c92 is started using port 35567 for RATIS_ADMIN
2023-05-03 09:48:15,202 [JvmPauseMonitor19] INFO  util.JvmPauseMonitor (JvmPauseMonitor.java:run(105)) - JvmPauseMonitor-6fdebf4b-249b-4d6b-b846-7ad5dee41c92: Started
2023-05-03 09:48:15,202 [EndpointStateMachine task thread for /0.0.0.0:44347 - 0 ] INFO  ratis.XceiverServerRatis (XceiverServerRatis.java:getRealPort(543)) - XceiverServerRatis 6fdebf4b-249b-4d6b-b846-7ad5dee41c92 is started using port 35567 for RATIS_SERVER
2023-05-03 09:48:15,203 [EndpointStateMachine task thread for /0.0.0.0:44347 - 0 ] INFO  ratis.XceiverServerRatis (XceiverServerRatis.java:getRealPort(543)) - XceiverServerRatis 6fdebf4b-249b-4d6b-b846-7ad5dee41c92 is started using port 36435 for RATIS_DATASTREAM
2023-05-03 09:48:15,207 [EndpointStateMachine task thread for /0.0.0.0:44347 - 0 ] INFO  server.XceiverServerGrpc (XceiverServerGrpc.java:start(180)) - XceiverServerGrpc 6fdebf4b-249b-4d6b-b846-7ad5dee41c92 is started using port 45263
2023-05-03 09:48:15,208 [BlockDeletingService#0] INFO  interfaces.ContainerDeletionChoosingPolicyTemplate (ContainerDeletionChoosingPolicyTemplate.java:chooseContainerForBlockDeletion(83)) - Chosen 0/5000 blocks from 0 candidate containers.
2023-05-03 09:48:16,159 [Listener at 127.0.0.1/33989] INFO  ozone.MiniOzoneClusterImpl (MiniOzoneClusterImpl.java:lambda$waitForClusterToBeReady$0(223)) - Waiting for nodes to be ready. Got 0 of 3 DN Heartbeats.
2023-05-03 09:48:16,159 [Listener at 127.0.0.1/33989] INFO  ozone.MiniOzoneClusterImpl (MiniOzoneClusterImpl.java:lambda$waitForClusterToBeReady$0(226)) - Waiting for cluster to exit safe mode
2023-05-03 09:48:16,159 [Listener at 127.0.0.1/33989] INFO  ozone.MiniOzoneClusterImpl (MiniOzoneClusterImpl.java:lambda$waitForClusterToBeReady$0(228)) - SCM became leader
2023-05-03 09:48:16,456 [IPC Server handler 0 on default port 44347] INFO  net.NetworkTopologyImpl (NetworkTopologyImpl.java:add(112)) - Added a new node: /default-rack/c3feb7f9-95d5-47b5-b185-2112df38a597
2023-05-03 09:48:16,456 [IPC Server handler 0 on default port 44347] INFO  node.SCMNodeManager (SCMNodeManager.java:register(407)) - Registered Data node : c3feb7f9-95d5-47b5-b185-2112df38a597{ip: 10.1.0.194, host: fv-az139-793.t0dryja4c43urhy2nvp0adewnd.cx.internal.cloudapp.net, ports: [HTTP=45277, REPLICATION=39579, RATIS=44977, RATIS_ADMIN=44977, RATIS_SERVER=44977, RATIS_DATASTREAM=45869, STANDALONE=46091], networkLocation: /default-rack, certSerialId: null, persistedOpState: null, persistedOpStateExpiryEpochSec: 0}
2023-05-03 09:48:16,458 [EventQueue-NodeRegistrationContainerReportForDataNodeSafeModeRule] INFO  safemode.SCMSafeModeManager (DataNodeSafeModeRule.java:process(71)) - SCM in safe mode. 1 DataNodes registered, 3 required.
2023-05-03 09:48:16,458 [EventQueue-PipelineReportForOneReplicaPipelineSafeModeRule] INFO  safemode.SCMSafeModeManager (SCMSafeModeManager.java:validateSafeModeExitRules(200)) - AtleastOneDatanodeReportedRule rule is successfully validated
2023-05-03 09:48:16,461 [EventQueue-NodeRegistrationContainerReportForContainerSafeModeRule] INFO  safemode.SCMSafeModeManager (SCMSafeModeManager.java:validateSafeModeExitRules(200)) - ContainerSafeModeRule rule is successfully validated
2023-05-03 09:48:16,461 [EventQueue-NewNodeForNewNodeHandler] INFO  pipeline.BackgroundPipelineCreator (BackgroundPipelineCreator.java:notifyEventTriggered(276)) - trigger a one-shot run on RatisPipelineUtilsThread.
2023-05-03 09:48:16,461 [RatisPipelineUtilsThread - 0] INFO  pipeline.RatisPipelineProvider (RatisPipelineProvider.java:lambda$create$0(206)) - Sending CreatePipelineCommand for pipeline:PipelineID=2a7b82f4-a47f-4655-96b4-0019fecb0c43 to datanode:c3feb7f9-95d5-47b5-b185-2112df38a597
2023-05-03 09:48:16,462 [RatisPipelineUtilsThread - 0] INFO  pipeline.PipelineStateManagerImpl (PipelineStateManagerImpl.java:addPipeline(103)) - Created pipeline Pipeline[ Id: 2a7b82f4-a47f-4655-96b4-0019fecb0c43, Nodes: c3feb7f9-95d5-47b5-b185-2112df38a597(fv-az139-793.t0dryja4c43urhy2nvp0adewnd.cx.internal.cloudapp.net/10.1.0.194), ReplicationConfig: RATIS/ONE, State:ALLOCATED, leaderId:, CreationTimestamp2023-05-03T09:48:16.461Z[Etc/UTC]].
2023-05-03 09:48:16,800 [IPC Server handler 1 on default port 44347] INFO  net.NetworkTopologyImpl (NetworkTopologyImpl.java:add(112)) - Added a new node: /default-rack/b4fee7e9-40bc-4695-8270-a3969266ea18
2023-05-03 09:48:16,800 [IPC Server handler 1 on default port 44347] INFO  node.SCMNodeManager (SCMNodeManager.java:register(407)) - Registered Data node : b4fee7e9-40bc-4695-8270-a3969266ea18{ip: 10.1.0.194, host: fv-az139-793.t0dryja4c43urhy2nvp0adewnd.cx.internal.cloudapp.net, ports: [HTTP=36837, REPLICATION=39877, RATIS=40495, RATIS_ADMIN=40495, RATIS_SERVER=40495, RATIS_DATASTREAM=44405, STANDALONE=35173], networkLocation: /default-rack, certSerialId: null, persistedOpState: null, persistedOpStateExpiryEpochSec: 0}
2023-05-03 09:48:16,801 [EventQueue-NewNodeForNewNodeHandler] INFO  pipeline.BackgroundPipelineCreator (BackgroundPipelineCreator.java:notifyEventTriggered(276)) - trigger a one-shot run on RatisPipelineUtilsThread.
2023-05-03 09:48:16,801 [EventQueue-NodeRegistrationContainerReportForDataNodeSafeModeRule] INFO  safemode.SCMSafeModeManager (DataNodeSafeModeRule.java:process(71)) - SCM in safe mode. 2 DataNodes registered, 3 required.
2023-05-03 09:48:16,802 [RatisPipelineUtilsThread - 0] INFO  pipeline.RatisPipelineProvider (RatisPipelineProvider.java:lambda$create$0(206)) - Sending CreatePipelineCommand for pipeline:PipelineID=895778d8-1ea2-4097-8870-9acd763ad596 to datanode:b4fee7e9-40bc-4695-8270-a3969266ea18
2023-05-03 09:48:16,802 [RatisPipelineUtilsThread - 0] INFO  pipeline.PipelineStateManagerImpl (PipelineStateManagerImpl.java:addPipeline(103)) - Created pipeline Pipeline[ Id: 895778d8-1ea2-4097-8870-9acd763ad596, Nodes: b4fee7e9-40bc-4695-8270-a3969266ea18(fv-az139-793.t0dryja4c43urhy2nvp0adewnd.cx.internal.cloudapp.net/10.1.0.194), ReplicationConfig: RATIS/ONE, State:ALLOCATED, leaderId:, CreationTimestamp2023-05-03T09:48:16.802Z[Etc/UTC]].
2023-05-03 09:48:17,159 [Listener at 127.0.0.1/33989] INFO  ozone.MiniOzoneClusterImpl (MiniOzoneClusterImpl.java:lambda$waitForClusterToBeReady$0(223)) - Waiting for nodes to be ready. Got 2 of 3 DN Heartbeats.
2023-05-03 09:48:17,159 [Listener at 127.0.0.1/33989] INFO  ozone.MiniOzoneClusterImpl (MiniOzoneClusterImpl.java:lambda$waitForClusterToBeReady$0(226)) - Waiting for cluster to exit safe mode
2023-05-03 09:48:17,159 [Listener at 127.0.0.1/33989] INFO  ozone.MiniOzoneClusterImpl (MiniOzoneClusterImpl.java:lambda$waitForClusterToBeReady$0(228)) - SCM became leader
2023-05-03 09:48:17,168 [IPC Server handler 2 on default port 44347] INFO  net.NetworkTopologyImpl (NetworkTopologyImpl.java:add(112)) - Added a new node: /default-rack/6fdebf4b-249b-4d6b-b846-7ad5dee41c92
2023-05-03 09:48:17,168 [IPC Server handler 2 on default port 44347] INFO  node.SCMNodeManager (SCMNodeManager.java:register(407)) - Registered Data node : 6fdebf4b-249b-4d6b-b846-7ad5dee41c92{ip: 10.1.0.194, host: fv-az139-793.t0dryja4c43urhy2nvp0adewnd.cx.internal.cloudapp.net, ports: [HTTP=44433, REPLICATION=43813, RATIS=35567, RATIS_ADMIN=35567, RATIS_SERVER=35567, RATIS_DATASTREAM=36435, STANDALONE=45263], networkLocation: /default-rack, certSerialId: null, persistedOpState: null, persistedOpStateExpiryEpochSec: 0}
2023-05-03 09:48:17,169 [EventQueue-NewNodeForNewNodeHandler] INFO  pipeline.BackgroundPipelineCreator (BackgroundPipelineCreator.java:notifyEventTriggered(276)) - trigger a one-shot run on RatisPipelineUtilsThread.
2023-05-03 09:48:17,169 [EventQueue-NodeRegistrationContainerReportForDataNodeSafeModeRule] INFO  safemode.SCMSafeModeManager (DataNodeSafeModeRule.java:process(71)) - SCM in safe mode. 3 DataNodes registered, 3 required.
2023-05-03 09:48:17,169 [EventQueue-NodeRegistrationContainerReportForDataNodeSafeModeRule] INFO  safemode.SCMSafeModeManager (SCMSafeModeManager.java:validateSafeModeExitRules(200)) - DataNodeSafeModeRule rule is successfully validated
2023-05-03 09:48:17,169 [EventQueue-NodeRegistrationContainerReportForDataNodeSafeModeRule] INFO  safemode.SCMSafeModeManager (SCMSafeModeManager.java:completePreCheck(229)) - All SCM safe mode pre check rules have passed
2023-05-03 09:48:17,169 [EventQueue-NodeRegistrationContainerReportForDataNodeSafeModeRule] INFO  ha.SCMContext (SCMContext.java:updateSafeModeStatus(228)) - Update SafeModeStatus from SafeModeStatus{safeModeStatus=true, preCheckPassed=false} to SafeModeStatus{safeModeStatus=true, preCheckPassed=true}.
2023-05-03 09:48:17,169 [EventQueue-NodeRegistrationContainerReportForDataNodeSafeModeRule] INFO  pipeline.BackgroundPipelineCreator (BackgroundPipelineCreator.java:notifyEventTriggered(276)) - trigger a one-shot run on RatisPipelineUtilsThread.
2023-05-03 09:48:17,170 [RatisPipelineUtilsThread - 0] INFO  pipeline.RatisPipelineProvider (RatisPipelineProvider.java:lambda$create$0(206)) - Sending CreatePipelineCommand for pipeline:PipelineID=1b4ac48d-ad28-4f7e-b5a8-0fe4803270c1 to datanode:6fdebf4b-249b-4d6b-b846-7ad5dee41c92
2023-05-03 09:48:17,172 [RatisPipelineUtilsThread - 0] INFO  pipeline.PipelineStateManagerImpl (PipelineStateManagerImpl.java:addPipeline(103)) - Created pipeline Pipeline[ Id: 1b4ac48d-ad28-4f7e-b5a8-0fe4803270c1, Nodes: 6fdebf4b-249b-4d6b-b846-7ad5dee41c92(fv-az139-793.t0dryja4c43urhy2nvp0adewnd.cx.internal.cloudapp.net/10.1.0.194), ReplicationConfig: RATIS/ONE, State:ALLOCATED, leaderId:, CreationTimestamp2023-05-03T09:48:17.170Z[Etc/UTC]].
2023-05-03 09:48:17,173 [RatisPipelineUtilsThread - 0] INFO  pipeline.RatisPipelineProvider (RatisPipelineProvider.java:lambda$create$0(206)) - Sending CreatePipelineCommand for pipeline:PipelineID=11200b52-a2a5-4820-900f-765d16bcbd62 to datanode:b4fee7e9-40bc-4695-8270-a3969266ea18
2023-05-03 09:48:17,173 [RatisPipelineUtilsThread - 0] INFO  pipeline.RatisPipelineProvider (RatisPipelineProvider.java:lambda$create$0(206)) - Sending CreatePipelineCommand for pipeline:PipelineID=11200b52-a2a5-4820-900f-765d16bcbd62 to datanode:c3feb7f9-95d5-47b5-b185-2112df38a597
2023-05-03 09:48:17,173 [RatisPipelineUtilsThread - 0] INFO  pipeline.RatisPipelineProvider (RatisPipelineProvider.java:lambda$create$0(206)) - Sending CreatePipelineCommand for pipeline:PipelineID=11200b52-a2a5-4820-900f-765d16bcbd62 to datanode:6fdebf4b-249b-4d6b-b846-7ad5dee41c92
2023-05-03 09:48:17,173 [RatisPipelineUtilsThread - 0] INFO  pipeline.PipelineStateManagerImpl (PipelineStateManagerImpl.java:addPipeline(103)) - Created pipeline Pipeline[ Id: 11200b52-a2a5-4820-900f-765d16bcbd62, Nodes: b4fee7e9-40bc-4695-8270-a3969266ea18(fv-az139-793.t0dryja4c43urhy2nvp0adewnd.cx.internal.cloudapp.net/10.1.0.194)c3feb7f9-95d5-47b5-b185-2112df38a597(fv-az139-793.t0dryja4c43urhy2nvp0adewnd.cx.internal.cloudapp.net/10.1.0.194)6fdebf4b-249b-4d6b-b846-7ad5dee41c92(fv-az139-793.t0dryja4c43urhy2nvp0adewnd.cx.internal.cloudapp.net/10.1.0.194), ReplicationConfig: RATIS/THREE, State:ALLOCATED, leaderId:, CreationTimestamp2023-05-03T09:48:17.173Z[Etc/UTC]].
2023-05-03 09:48:17,174 [RatisPipelineUtilsThread - 0] INFO  pipeline.RatisPipelineProvider (RatisPipelineProvider.java:lambda$create$0(206)) - Sending CreatePipelineCommand for pipeline:PipelineID=98887c09-eff6-495c-bce8-447e59233ebb to datanode:c3feb7f9-95d5-47b5-b185-2112df38a597
2023-05-03 09:48:17,174 [RatisPipelineUtilsThread - 0] INFO  pipeline.RatisPipelineProvider (RatisPipelineProvider.java:lambda$create$0(206)) - Sending CreatePipelineCommand for pipeline:PipelineID=98887c09-eff6-495c-bce8-447e59233ebb to datanode:b4fee7e9-40bc-4695-8270-a3969266ea18
2023-05-03 09:48:17,174 [RatisPipelineUtilsThread - 0] INFO  pipeline.RatisPipelineProvider (RatisPipelineProvider.java:lambda$create$0(206)) - Sending CreatePipelineCommand for pipeline:PipelineID=98887c09-eff6-495c-bce8-447e59233ebb to datanode:6fdebf4b-249b-4d6b-b846-7ad5dee41c92
2023-05-03 09:48:17,174 [RatisPipelineUtilsThread - 0] INFO  pipeline.PipelineStateManagerImpl (PipelineStateManagerImpl.java:addPipeline(103)) - Created pipeline Pipeline[ Id: 98887c09-eff6-495c-bce8-447e59233ebb, Nodes: c3feb7f9-95d5-47b5-b185-2112df38a597(fv-az139-793.t0dryja4c43urhy2nvp0adewnd.cx.internal.cloudapp.net/10.1.0.194)b4fee7e9-40bc-4695-8270-a3969266ea18(fv-az139-793.t0dryja4c43urhy2nvp0adewnd.cx.internal.cloudapp.net/10.1.0.194)6fdebf4b-249b-4d6b-b846-7ad5dee41c92(fv-az139-793.t0dryja4c43urhy2nvp0adewnd.cx.internal.cloudapp.net/10.1.0.194), ReplicationConfig: RATIS/THREE, State:ALLOCATED, leaderId:, CreationTimestamp2023-05-03T09:48:17.174Z[Etc/UTC]].
2023-05-03 09:48:17,174 [RatisPipelineUtilsThread - 0] INFO  pipeline.PipelineManagerImpl (PipelineManagerImpl.java:recordMetricsForPipeline(826)) - Pipeline: PipelineID=98887c09-eff6-495c-bce8-447e59233ebb contains same datanodes as previous pipelines: PipelineID=11200b52-a2a5-4820-900f-765d16bcbd62 nodeIds: c3feb7f9-95d5-47b5-b185-2112df38a597, b4fee7e9-40bc-4695-8270-a3969266ea18, 6fdebf4b-249b-4d6b-b846-7ad5dee41c92
2023-05-03 09:48:17,174 [RatisPipelineUtilsThread - 0] WARN  pipeline.PipelinePlacementPolicy (PipelinePlacementPolicy.java:filterViableNodes(160)) - Pipeline creation failed due to no sufficient healthy datanodes. Required 3. Found 0. Excluded 3.
2023-05-03 09:48:18,159 [Listener at 127.0.0.1/33989] INFO  ozone.MiniOzoneClusterImpl (MiniOzoneClusterImpl.java:lambda$waitForClusterToBeReady$0(223)) - Nodes are ready. Got 3 of 3 DN Heartbeats.
2023-05-03 09:48:18,159 [Listener at 127.0.0.1/33989] INFO  ozone.MiniOzoneClusterImpl (MiniOzoneClusterImpl.java:lambda$waitForClusterToBeReady$0(226)) - Waiting for cluster to exit safe mode
2023-05-03 09:48:18,159 [Listener at 127.0.0.1/33989] INFO  ozone.MiniOzoneClusterImpl (MiniOzoneClusterImpl.java:lambda$waitForClusterToBeReady$0(228)) - SCM became leader
2023-05-03 09:48:19,160 [Listener at 127.0.0.1/33989] INFO  ozone.MiniOzoneClusterImpl (MiniOzoneClusterImpl.java:lambda$waitForClusterToBeReady$0(223)) - Nodes are ready. Got 3 of 3 DN Heartbeats.
2023-05-03 09:48:19,160 [Listener at 127.0.0.1/33989] INFO  ozone.MiniOzoneClusterImpl (MiniOzoneClusterImpl.java:lambda$waitForClusterToBeReady$0(226)) - Waiting for cluster to exit safe mode
2023-05-03 09:48:19,160 [Listener at 127.0.0.1/33989] INFO  ozone.MiniOzoneClusterImpl (MiniOzoneClusterImpl.java:lambda$waitForClusterToBeReady$0(228)) - SCM became leader
2023-05-03 09:48:19,458 [Command processor thread] INFO  server.RaftServer (RaftServerProxy.java:addNew(96)) - c3feb7f9-95d5-47b5-b185-2112df38a597: addNew group-0019FECB0C43:[c3feb7f9-95d5-47b5-b185-2112df38a597|rpc:10.1.0.194:44977|dataStream:10.1.0.194:45869|priority:1|startupRole:FOLLOWER] returns group-0019FECB0C43:java.util.concurrent.CompletableFuture@4ae1fba1[Not completed]
2023-05-03 09:48:19,459 [pool-777-thread-1] INFO  server.RaftServer$Division (RaftServerImpl.java:<init>(195)) - c3feb7f9-95d5-47b5-b185-2112df38a597: new RaftServerImpl for group-0019FECB0C43:[c3feb7f9-95d5-47b5-b185-2112df38a597|rpc:10.1.0.194:44977|dataStream:10.1.0.194:45869|priority:1|startupRole:FOLLOWER] with ContainerStateMachine:uninitialized
2023-05-03 09:48:19,459 [pool-777-thread-1] INFO  server.RaftServerConfigKeys (ConfUtils.java:logGet(46)) - raft.server.rpc.timeout.min = 5s (custom)
2023-05-03 09:48:19,459 [pool-777-thread-1] INFO  server.RaftServerConfigKeys (ConfUtils.java:logGet(46)) - raft.server.rpc.timeout.max = 5200ms (custom)
2023-05-03 09:48:19,459 [pool-777-thread-1] INFO  server.RaftServerConfigKeys (ConfUtils.java:logGet(46)) - raft.server.rpc.sleep.time = 25ms (default)
2023-05-03 09:48:19,459 [pool-777-thread-1] INFO  server.RaftServerConfigKeys (ConfUtils.java:logGet(46)) - raft.server.rpc.slowness.timeout = 300s (custom)
2023-05-03 09:48:19,459 [pool-777-thread-1] INFO  server.RaftServerConfigKeys (ConfUtils.java:logGet(46)) - raft.server.leaderelection.leader.step-down.wait-time = 10s (default)
2023-05-03 09:48:19,459 [pool-777-thread-1] INFO  server.RaftServerConfigKeys (ConfUtils.java:logGet(46)) - raft.server.sleep.deviation.threshold = 300ms (default)
2023-05-03 09:48:19,459 [pool-777-thread-1] INFO  server.RaftServer$Division (ServerState.java:<init>(118)) - c3feb7f9-95d5-47b5-b185-2112df38a597@group-0019FECB0C43: ConfigurationManager, init=-1: peers:[c3feb7f9-95d5-47b5-b185-2112df38a597|rpc:10.1.0.194:44977|dataStream:10.1.0.194:45869|priority:1|startupRole:FOLLOWER]|listeners:[], old=null, confs=<EMPTY_MAP>
2023-05-03 09:48:19,459 [pool-777-thread-1] INFO  server.RaftServerConfigKeys (ConfUtils.java:logGet(46)) - raft.server.storage.dir = [/home/runner/work/ozone/ozone/hadoop-ozone/integration-test/target/test-dir/MiniOzoneClusterImpl-376f2470-9738-4f53-87bd-21a09484475b/datanode-0/data/ratis] (custom)
2023-05-03 09:48:19,459 [pool-777-thread-1] INFO  server.RaftServerConfigKeys (ConfUtils.java:logGet(46)) - raft.server.log.corruption.policy = EXCEPTION (default)
2023-05-03 09:48:19,459 [pool-777-thread-1] INFO  server.RaftServerConfigKeys (ConfUtils.java:logGet(46)) - raft.server.storage.free-space.min = 0MB (=0) (default)
2023-05-03 09:48:19,459 [pool-777-thread-1] INFO  server.RaftServerConfigKeys (ConfUtils.java:logGet(46)) - raft.server.notification.no-leader.timeout = 300s (custom)
2023-05-03 09:48:19,459 [pool-777-thread-1] INFO  server.RaftServerConfigKeys (ConfUtils.java:logGet(46)) - raft.server.retrycache.expirytime = 600000ms (custom)
2023-05-03 09:48:19,459 [pool-777-thread-1] INFO  server.RaftServerConfigKeys (ConfUtils.java:logGet(46)) - raft.server.retrycache.statistics.expirytime = 100μs (default)
2023-05-03 09:48:19,462 [pool-777-thread-1] INFO  server.RaftServerConfigKeys (ConfUtils.java:logGet(46)) - raft.server.log.appender.install.snapshot.enabled = false (custom)
2023-05-03 09:48:19,462 [pool-777-thread-1] INFO  server.RaftServerConfigKeys (ConfUtils.java:logGet(46)) - raft.server.threadpool.server.cached = true (default)
2023-05-03 09:48:19,462 [pool-777-thread-1] INFO  server.RaftServerConfigKeys (ConfUtils.java:logGet(46)) - raft.server.threadpool.server.size = 0 (default)
2023-05-03 09:48:19,462 [pool-777-thread-1] INFO  server.RaftServerConfigKeys (ConfUtils.java:logGet(46)) - raft.server.threadpool.client.cached = true (default)
2023-05-03 09:48:19,462 [pool-777-thread-1] INFO  server.RaftServerConfigKeys (ConfUtils.java:logGet(46)) - raft.server.threadpool.client.size = 0 (default)
2023-05-03 09:48:19,463 [pool-777-thread-1] INFO  storage.RaftStorageDirectory (RaftStorageDirectoryImpl.java:analyzeStorage(137)) - The storage directory /home/runner/work/ozone/ozone/hadoop-ozone/integration-test/target/test-dir/MiniOzoneClusterImpl-376f2470-9738-4f53-87bd-21a09484475b/datanode-0/data/ratis/2a7b82f4-a47f-4655-96b4-0019fecb0c43 does not exist. Creating ...
2023-05-03 09:48:19,464 [pool-777-thread-1] INFO  storage.RaftStorageDirectory (RaftStorageDirectoryImpl.java:tryLock(231)) - Lock on /home/runner/work/ozone/ozone/hadoop-ozone/integration-test/target/test-dir/MiniOzoneClusterImpl-376f2470-9738-4f53-87bd-21a09484475b/datanode-0/data/ratis/2a7b82f4-a47f-4655-96b4-0019fecb0c43/in_use.lock acquired by nodename 7780@fv-az139-793
2023-05-03 09:48:19,464 [pool-777-thread-1] INFO  storage.RaftStorage (RaftStorageImpl.java:format(96)) - Storage directory /home/runner/work/ozone/ozone/hadoop-ozone/integration-test/target/test-dir/MiniOzoneClusterImpl-376f2470-9738-4f53-87bd-21a09484475b/datanode-0/data/ratis/2a7b82f4-a47f-4655-96b4-0019fecb0c43 has been successfully formatted.
2023-05-03 09:48:19,465 [pool-777-thread-1] INFO  ratis.ContainerStateMachine (ContainerStateMachine.java:loadSnapshot(262)) - group-0019FECB0C43: The snapshot info is null. Setting the last applied indexto:(t:0, i:~)
2023-05-03 09:48:19,465 [pool-777-thread-1] INFO  server.RaftServerConfigKeys (ConfUtils.java:logGet(46)) - raft.server.log.use.memory = false (default)
2023-05-03 09:48:19,465 [pool-777-thread-1] INFO  server.RaftServerConfigKeys (ConfUtils.java:logGet(46)) - raft.server.log.purge.gap = 1000000 (custom)
2023-05-03 09:48:19,465 [pool-777-thread-1] INFO  server.RaftServerConfigKeys (ConfUtils.java:logGet(46)) - raft.server.log.appender.buffer.byte-limit = 33554432 (custom)
2023-05-03 09:48:19,465 [pool-777-thread-1] INFO  server.RaftServerConfigKeys (ConfUtils.java:logGet(46)) - raft.server.log.statemachine.data.read.timeout = 1000ms (default)
2023-05-03 09:48:19,466 [pool-777-thread-1] INFO  server.RaftServerConfigKeys (ConfUtils.java:logGet(46)) - raft.server.log.purge.preservation.log.num = 0 (default)
2023-05-03 09:48:19,466 [pool-777-thread-1] INFO  server.RaftServerConfigKeys (ConfUtils.java:logGet(46)) - raft.server.log.segment.size.max = 1048576 (custom)
2023-05-03 09:48:19,466 [pool-777-thread-1] INFO  server.RaftServerConfigKeys (ConfUtils.java:logGet(46)) - raft.server.log.segment.cache.num.max = 2 (custom)
2023-05-03 09:48:19,466 [pool-777-thread-1] INFO  server.RaftServerConfigKeys (ConfUtils.java:logGet(46)) - raft.server.log.segment.cache.size.max = 200MB (=209715200) (default)
2023-05-03 09:48:19,466 [pool-777-thread-1] INFO  segmented.SegmentedRaftLogWorker (SegmentedRaftLogWorker.java:<init>(189)) - new c3feb7f9-95d5-47b5-b185-2112df38a597@group-0019FECB0C43-SegmentedRaftLogWorker for RaftStorageImpl:Storage Directory /home/runner/work/ozone/ozone/hadoop-ozone/integration-test/target/test-dir/MiniOzoneClusterImpl-376f2470-9738-4f53-87bd-21a09484475b/datanode-0/data/ratis/2a7b82f4-a47f-4655-96b4-0019fecb0c43
2023-05-03 09:48:19,466 [pool-777-thread-1] INFO  server.RaftServerConfigKeys (ConfUtils.java:logGet(46)) - raft.server.log.queue.byte-limit = 4294967296 (custom)
2023-05-03 09:48:19,466 [pool-777-thread-1] INFO  server.RaftServerConfigKeys (ConfUtils.java:logGet(46)) - raft.server.log.queue.element-limit = 1024 (custom)
2023-05-03 09:48:19,466 [pool-777-thread-1] INFO  server.RaftServerConfigKeys (ConfUtils.java:logGet(46)) - raft.server.log.segment.size.max = 1048576 (custom)
2023-05-03 09:48:19,466 [pool-777-thread-1] INFO  server.RaftServerConfigKeys (ConfUtils.java:logGet(46)) - raft.server.log.preallocated.size = 16384 (custom)
2023-05-03 09:48:19,466 [pool-777-thread-1] INFO  server.RaftServerConfigKeys (ConfUtils.java:logGet(46)) - raft.server.log.force.sync.num = 128 (default)
2023-05-03 09:48:19,466 [pool-777-thread-1] INFO  server.RaftServerConfigKeys (ConfUtils.java:logGet(46)) - raft.server.log.statemachine.data.sync = true (default)
2023-05-03 09:48:19,466 [pool-777-thread-1] INFO  server.RaftServerConfigKeys (ConfUtils.java:logGet(46)) - raft.server.log.statemachine.data.sync.timeout = 10s (default)
2023-05-03 09:48:19,466 [pool-777-thread-1] INFO  server.RaftServerConfigKeys (ConfUtils.java:logGet(46)) - raft.server.log.statemachine.data.sync.timeout.retry = -1 (default)
2023-05-03 09:48:19,466 [EventQueue-PipelineReportForPipelineReportHandler] INFO  pipeline.PipelineManagerImpl (PipelineManagerImpl.java:openPipeline(367)) - Pipeline Pipeline[ Id: 2a7b82f4-a47f-4655-96b4-0019fecb0c43, Nodes: c3feb7f9-95d5-47b5-b185-2112df38a597(fv-az139-793.t0dryja4c43urhy2nvp0adewnd.cx.internal.cloudapp.net/10.1.0.194), ReplicationConfig: RATIS/ONE, State:ALLOCATED, leaderId:c3feb7f9-95d5-47b5-b185-2112df38a597, CreationTimestamp2023-05-03T09:48:16.461Z[Etc/UTC]] moved to OPEN state
2023-05-03 09:48:19,467 [pool-777-thread-1] INFO  server.RaftServerConfigKeys (ConfUtils.java:logGet(46)) - raft.server.log.write.buffer.size = 1048576 (custom)
2023-05-03 09:48:19,467 [pool-777-thread-1] INFO  server.RaftServerConfigKeys (ConfUtils.java:logGet(46)) - raft.server.log.appender.buffer.byte-limit = 33554432 (custom)
2023-05-03 09:48:19,470 [pool-777-thread-1] INFO  server.RaftServerConfigKeys (ConfUtils.java:logGet(46)) - raft.server.log.unsafe-flush.enabled = false (default)
2023-05-03 09:48:19,471 [pool-777-thread-1] INFO  server.RaftServerConfigKeys (ConfUtils.java:logGet(46)) - raft.server.log.async-flush.enabled = false (default)
2023-05-03 09:48:19,471 [pool-777-thread-1] INFO  server.RaftServerConfigKeys (ConfUtils.java:logGet(46)) - raft.server.log.statemachine.data.caching.enabled = true (custom)
2023-05-03 09:48:19,471 [pool-777-thread-1] INFO  segmented.SegmentedRaftLogWorker (SegmentedRaftLogWorker.java:lambda$new$0(135)) - c3feb7f9-95d5-47b5-b185-2112df38a597@group-0019FECB0C43-SegmentedRaftLogWorker: flushIndex: setUnconditionally 0 -> -1
2023-05-03 09:48:19,471 [pool-777-thread-1] INFO  segmented.SegmentedRaftLogWorker (SegmentedRaftLogWorker.java:lambda$new$0(135)) - c3feb7f9-95d5-47b5-b185-2112df38a597@group-0019FECB0C43-SegmentedRaftLogWorker: safeCacheEvictIndex: setUnconditionally 0 -> -1
2023-05-03 09:48:19,471 [EventQueue-OpenPipelineForHealthyPipelineSafeModeRule] INFO  safemode.SCMSafeModeManager (HealthyPipelineSafeModeRule.java:process(137)) - SCM in safe mode. Healthy pipelines reported count is 0, required healthy pipeline reported count is 1
2023-05-03 09:48:19,471 [pool-777-thread-1] INFO  server.RaftServer$Division (RaftServerImpl.java:start(334)) - c3feb7f9-95d5-47b5-b185-2112df38a597@group-0019FECB0C43: start as a follower, conf=-1: peers:[c3feb7f9-95d5-47b5-b185-2112df38a597|rpc:10.1.0.194:44977|dataStream:10.1.0.194:45869|priority:1|startupRole:FOLLOWER]|listeners:[], old=null
2023-05-03 09:48:19,471 [pool-777-thread-1] INFO  server.RaftServer$Division (RaftServerImpl.java:setRole(321)) - c3feb7f9-95d5-47b5-b185-2112df38a597@group-0019FECB0C43: changes role from      null to FOLLOWER at term 0 for startAsFollower
2023-05-03 09:48:19,471 [pool-777-thread-1] INFO  impl.RoleInfo (RoleInfo.java:updateAndGet(139)) - c3feb7f9-95d5-47b5-b185-2112df38a597: start c3feb7f9-95d5-47b5-b185-2112df38a597@group-0019FECB0C43-FollowerState
2023-05-03 09:48:19,478 [pool-777-thread-1] INFO  util.JmxRegister (JmxRegister.java:tryRegister(44)) - Successfully registered JMX Bean with object name Ratis:service=RaftServer,group=group-0019FECB0C43,id=c3feb7f9-95d5-47b5-b185-2112df38a597
2023-05-03 09:48:19,478 [pool-777-thread-1] INFO  server.RaftServerConfigKeys (ConfUtils.java:logGet(46)) - raft.server.snapshot.auto.trigger.enabled = true (custom)
2023-05-03 09:48:19,478 [pool-777-thread-1] INFO  server.RaftServerConfigKeys (ConfUtils.java:logGet(46)) - raft.server.snapshot.auto.trigger.threshold = 10000 (custom)
2023-05-03 09:48:19,478 [pool-777-thread-1] INFO  server.RaftServerConfigKeys (ConfUtils.java:logGet(46)) - raft.server.snapshot.retention.file.num = 5 (custom)
2023-05-03 09:48:19,478 [pool-777-thread-1] INFO  server.RaftServerConfigKeys (ConfUtils.java:logGet(46)) - raft.server.log.purge.upto.snapshot.index = false (default)
2023-05-03 09:48:19,478 [c3feb7f9-95d5-47b5-b185-2112df38a597@group-0019FECB0C43-FollowerState] INFO  server.RaftServerConfigKeys (ConfUtils.java:logFallback(53)) - raft.server.rpc.first-election.timeout.min = 5s (fallback to raft.server.rpc.timeout.min)
2023-05-03 09:48:19,478 [c3feb7f9-95d5-47b5-b185-2112df38a597@group-0019FECB0C43-FollowerState] INFO  server.RaftServerConfigKeys (ConfUtils.java:logFallback(53)) - raft.server.rpc.first-election.timeout.max = 5200ms (fallback to raft.server.rpc.timeout.max)
2023-05-03 09:48:19,478 [Command processor thread] INFO  ratis.XceiverServerRatis (XceiverServerRatis.java:addGroup(806)) - Created group PipelineID=2a7b82f4-a47f-4655-96b4-0019fecb0c43
2023-05-03 09:48:19,478 [Command processor thread] INFO  commandhandler.CreatePipelineCommandHandler (CreatePipelineCommandHandler.java:handle(113)) - Created Pipeline RATIS ONE PipelineID=2a7b82f4-a47f-4655-96b4-0019fecb0c43.
2023-05-03 09:48:19,478 [Command processor thread] INFO  server.RaftServer (RaftServerProxy.java:addNew(96)) - c3feb7f9-95d5-47b5-b185-2112df38a597: addNew group-765D16BCBD62:[6fdebf4b-249b-4d6b-b846-7ad5dee41c92|rpc:10.1.0.194:35567|dataStream:10.1.0.194:36435|priority:1|startupRole:FOLLOWER, b4fee7e9-40bc-4695-8270-a3969266ea18|rpc:10.1.0.194:40495|dataStream:10.1.0.194:44405|priority:0|startupRole:FOLLOWER, c3feb7f9-95d5-47b5-b185-2112df38a597|rpc:10.1.0.194:44977|dataStream:10.1.0.194:45869|priority:0|startupRole:FOLLOWER] returns group-765D16BCBD62:java.util.concurrent.CompletableFuture@4ede6625[Not completed]
2023-05-03 09:48:19,479 [pool-777-thread-1] INFO  server.RaftServer$Division (RaftServerImpl.java:<init>(195)) - c3feb7f9-95d5-47b5-b185-2112df38a597: new RaftServerImpl for group-765D16BCBD62:[6fdebf4b-249b-4d6b-b846-7ad5dee41c92|rpc:10.1.0.194:35567|dataStream:10.1.0.194:36435|priority:1|startupRole:FOLLOWER, b4fee7e9-40bc-4695-8270-a3969266ea18|rpc:10.1.0.194:40495|dataStream:10.1.0.194:44405|priority:0|startupRole:FOLLOWER, c3feb7f9-95d5-47b5-b185-2112df38a597|rpc:10.1.0.194:44977|dataStream:10.1.0.194:45869|priority:0|startupRole:FOLLOWER] with ContainerStateMachine:uninitialized
2023-05-03 09:48:19,479 [pool-777-thread-1] INFO  server.RaftServerConfigKeys (ConfUtils.java:logGet(46)) - raft.server.rpc.timeout.min = 5s (custom)
2023-05-03 09:48:19,479 [pool-777-thread-1] INFO  server.RaftServerConfigKeys (ConfUtils.java:logGet(46)) - raft.server.rpc.timeout.max = 5200ms (custom)
2023-05-03 09:48:19,479 [pool-777-thread-1] INFO  server.RaftServerConfigKeys (ConfUtils.java:logGet(46)) - raft.server.rpc.sleep.time = 25ms (default)
2023-05-03 09:48:19,479 [pool-777-thread-1] INFO  server.RaftServerConfigKeys (ConfUtils.java:logGet(46)) - raft.server.rpc.slowness.timeout = 300s (custom)
2023-05-03 09:48:19,479 [pool-777-thread-1] INFO  server.RaftServerConfigKeys (ConfUtils.java:logGet(46)) - raft.server.leaderelection.leader.step-down.wait-time = 10s (default)
2023-05-03 09:48:19,479 [pool-777-thread-1] INFO  server.RaftServerConfigKeys (ConfUtils.java:logGet(46)) - raft.server.sleep.deviation.threshold = 300ms (default)
2023-05-03 09:48:19,480 [pool-777-thread-1] INFO  server.RaftServer$Division (ServerState.java:<init>(118)) - c3feb7f9-95d5-47b5-b185-2112df38a597@group-765D16BCBD62: ConfigurationManager, init=-1: peers:[6fdebf4b-249b-4d6b-b846-7ad5dee41c92|rpc:10.1.0.194:35567|dataStream:10.1.0.194:36435|priority:1|startupRole:FOLLOWER, b4fee7e9-40bc-4695-8270-a3969266ea18|rpc:10.1.0.194:40495|dataStream:10.1.0.194:44405|priority:0|startupRole:FOLLOWER, c3feb7f9-95d5-47b5-b185-2112df38a597|rpc:10.1.0.194:44977|dataStream:10.1.0.194:45869|priority:0|startupRole:FOLLOWER]|listeners:[], old=null, confs=<EMPTY_MAP>
2023-05-03 09:48:19,480 [pool-777-thread-1] INFO  server.RaftServerConfigKeys (ConfUtils.java:logGet(46)) - raft.server.storage.dir = [/home/runner/work/ozone/ozone/hadoop-ozone/integration-test/target/test-dir/MiniOzoneClusterImpl-376f2470-9738-4f53-87bd-21a09484475b/datanode-0/data/ratis] (custom)
2023-05-03 09:48:19,480 [pool-777-thread-1] INFO  server.RaftServerConfigKeys (ConfUtils.java:logGet(46)) - raft.server.log.corruption.policy = EXCEPTION (default)
2023-05-03 09:48:19,480 [pool-777-thread-1] INFO  server.RaftServerConfigKeys (ConfUtils.java:logGet(46)) - raft.server.storage.free-space.min = 0MB (=0) (default)
2023-05-03 09:48:19,480 [pool-777-thread-1] INFO  server.RaftServerConfigKeys (ConfUtils.java:logGet(46)) - raft.server.notification.no-leader.timeout = 300s (custom)
2023-05-03 09:48:19,480 [pool-777-thread-1] INFO  server.RaftServerConfigKeys (ConfUtils.java:logGet(46)) - raft.server.retrycache.expirytime = 600000ms (custom)
2023-05-03 09:48:19,480 [pool-777-thread-1] INFO  server.RaftServerConfigKeys (ConfUtils.java:logGet(46)) - raft.server.retrycache.statistics.expirytime = 100μs (default)
2023-05-03 09:48:19,480 [pool-777-thread-1] INFO  server.RaftServerConfigKeys (ConfUtils.java:logGet(46)) - raft.server.log.appender.install.snapshot.enabled = false (custom)
2023-05-03 09:48:19,480 [pool-777-thread-1] INFO  server.RaftServerConfigKeys (ConfUtils.java:logGet(46)) - raft.server.threadpool.server.cached = true (default)
2023-05-03 09:48:19,480 [pool-777-thread-1] INFO  server.RaftServerConfigKeys (ConfUtils.java:logGet(46)) - raft.server.threadpool.server.size = 0 (default)
2023-05-03 09:48:19,480 [pool-777-thread-1] INFO  server.RaftServerConfigKeys (ConfUtils.java:logGet(46)) - raft.server.threadpool.client.cached = true (default)
2023-05-03 09:48:19,481 [pool-777-thread-1] INFO  server.RaftServerConfigKeys (ConfUtils.java:logGet(46)) - raft.server.threadpool.client.size = 0 (default)
2023-05-03 09:48:19,481 [pool-777-thread-1] INFO  storage.RaftStorageDirectory (RaftStorageDirectoryImpl.java:analyzeStorage(137)) - The storage directory /home/runner/work/ozone/ozone/hadoop-ozone/integration-test/target/test-dir/MiniOzoneClusterImpl-376f2470-9738-4f53-87bd-21a09484475b/datanode-0/data/ratis/11200b52-a2a5-4820-900f-765d16bcbd62 does not exist. Creating ...
2023-05-03 09:48:19,481 [pool-777-thread-1] INFO  storage.RaftStorageDirectory (RaftStorageDirectoryImpl.java:tryLock(231)) - Lock on /home/runner/work/ozone/ozone/hadoop-ozone/integration-test/target/test-dir/MiniOzoneClusterImpl-376f2470-9738-4f53-87bd-21a09484475b/datanode-0/data/ratis/11200b52-a2a5-4820-900f-765d16bcbd62/in_use.lock acquired by nodename 7780@fv-az139-793
2023-05-03 09:48:19,482 [pool-777-thread-1] INFO  storage.RaftStorage (RaftStorageImpl.java:format(96)) - Storage directory /home/runner/work/ozone/ozone/hadoop-ozone/integration-test/target/test-dir/MiniOzoneClusterImpl-376f2470-9738-4f53-87bd-21a09484475b/datanode-0/data/ratis/11200b52-a2a5-4820-900f-765d16bcbd62 has been successfully formatted.
2023-05-03 09:48:19,482 [pool-777-thread-1] INFO  ratis.ContainerStateMachine (ContainerStateMachine.java:loadSnapshot(262)) - group-765D16BCBD62: The snapshot info is null. Setting the last applied indexto:(t:0, i:~)
2023-05-03 09:48:19,483 [pool-777-thread-1] INFO  server.RaftServerConfigKeys (ConfUtils.java:logGet(46)) - raft.server.log.use.memory = false (default)
2023-05-03 09:48:19,483 [pool-777-thread-1] INFO  server.RaftServerConfigKeys (ConfUtils.java:logGet(46)) - raft.server.log.purge.gap = 1000000 (custom)
2023-05-03 09:48:19,483 [pool-777-thread-1] INFO  server.RaftServerConfigKeys (ConfUtils.java:logGet(46)) - raft.server.log.appender.buffer.byte-limit = 33554432 (custom)
2023-05-03 09:48:19,483 [pool-777-thread-1] INFO  server.RaftServerConfigKeys (ConfUtils.java:logGet(46)) - raft.server.log.statemachine.data.read.timeout = 1000ms (default)
2023-05-03 09:48:19,483 [pool-777-thread-1] INFO  server.RaftServerConfigKeys (ConfUtils.java:logGet(46)) - raft.server.log.purge.preservation.log.num = 0 (default)
2023-05-03 09:48:19,483 [pool-777-thread-1] INFO  server.RaftServerConfigKeys (ConfUtils.java:logGet(46)) - raft.server.log.segment.size.max = 1048576 (custom)
2023-05-03 09:48:19,483 [pool-777-thread-1] INFO  server.RaftServerConfigKeys (ConfUtils.java:logGet(46)) - raft.server.log.segment.cache.num.max = 2 (custom)
2023-05-03 09:48:19,483 [pool-777-thread-1] INFO  server.RaftServerConfigKeys (ConfUtils.java:logGet(46)) - raft.server.log.segment.cache.size.max = 200MB (=209715200) (default)
2023-05-03 09:48:19,483 [pool-777-thread-1] INFO  segmented.SegmentedRaftLogWorker (SegmentedRaftLogWorker.java:<init>(189)) - new c3feb7f9-95d5-47b5-b185-2112df38a597@group-765D16BCBD62-SegmentedRaftLogWorker for RaftStorageImpl:Storage Directory /home/runner/work/ozone/ozone/hadoop-ozone/integration-test/target/test-dir/MiniOzoneClusterImpl-376f2470-9738-4f53-87bd-21a09484475b/datanode-0/data/ratis/11200b52-a2a5-4820-900f-765d16bcbd62
2023-05-03 09:48:19,483 [pool-777-thread-1] INFO  server.RaftServerConfigKeys (ConfUtils.java:logGet(46)) - raft.server.log.queue.byte-limit = 4294967296 (custom)
2023-05-03 09:48:19,483 [pool-777-thread-1] INFO  server.RaftServerConfigKeys (ConfUtils.java:logGet(46)) - raft.server.log.queue.element-limit = 1024 (custom)
2023-05-03 09:48:19,483 [pool-777-thread-1] INFO  server.RaftServerConfigKeys (ConfUtils.java:logGet(46)) - raft.server.log.segment.size.max = 1048576 (custom)
2023-05-03 09:48:19,483 [pool-777-thread-1] INFO  server.RaftServerConfigKeys (ConfUtils.java:logGet(46)) - raft.server.log.preallocated.size = 16384 (custom)
2023-05-03 09:48:19,483 [pool-777-thread-1] INFO  server.RaftServerConfigKeys (ConfUtils.java:logGet(46)) - raft.server.log.force.sync.num = 128 (default)
2023-05-03 09:48:19,483 [pool-777-thread-1] INFO  server.RaftServerConfigKeys (ConfUtils.java:logGet(46)) - raft.server.log.statemachine.data.sync = true (default)
2023-05-03 09:48:19,483 [pool-777-thread-1] INFO  server.RaftServerConfigKeys (ConfUtils.java:logGet(46)) - raft.server.log.statemachine.data.sync.timeout = 10s (default)
2023-05-03 09:48:19,483 [pool-777-thread-1] INFO  server.RaftServerConfigKeys (ConfUtils.java:logGet(46)) - raft.server.log.statemachine.data.sync.timeout.retry = -1 (default)
2023-05-03 09:48:19,484 [EventQueue-OpenPipelineForHealthyPipelineSafeModeRule] INFO  safemode.SCMSafeModeManager (HealthyPipelineSafeModeRule.java:process(137)) - SCM in safe mode. Healthy pipelines reported count is 0, required healthy pipeline reported count is 1
2023-05-03 09:48:19,484 [pool-777-thread-1] INFO  server.RaftServerConfigKeys (ConfUtils.java:logGet(46)) - raft.server.log.write.buffer.size = 1048576 (custom)
2023-05-03 09:48:19,485 [pool-777-thread-1] INFO  server.RaftServerConfigKeys (ConfUtils.java:logGet(46)) - raft.server.log.appender.buffer.byte-limit = 33554432 (custom)
2023-05-03 09:48:19,487 [pool-777-thread-1] INFO  server.RaftServerConfigKeys (ConfUtils.java:logGet(46)) - raft.server.log.unsafe-flush.enabled = false (default)
2023-05-03 09:48:19,487 [pool-777-thread-1] INFO  server.RaftServerConfigKeys (ConfUtils.java:logGet(46)) - raft.server.log.async-flush.enabled = false (default)
2023-05-03 09:48:19,487 [pool-777-thread-1] INFO  server.RaftServerConfigKeys (ConfUtils.java:logGet(46)) - raft.server.log.statemachine.data.caching.enabled = true (custom)
2023-05-03 09:48:19,488 [pool-777-thread-1] INFO  segmented.SegmentedRaftLogWorker (SegmentedRaftLogWorker.java:lambda$new$0(135)) - c3feb7f9-95d5-47b5-b185-2112df38a597@group-765D16BCBD62-SegmentedRaftLogWorker: flushIndex: setUnconditionally 0 -> -1
2023-05-03 09:48:19,488 [pool-777-thread-1] INFO  segmented.SegmentedRaftLogWorker (SegmentedRaftLogWorker.java:lambda$new$0(135)) - c3feb7f9-95d5-47b5-b185-2112df38a597@group-765D16BCBD62-SegmentedRaftLogWorker: safeCacheEvictIndex: setUnconditionally 0 -> -1
2023-05-03 09:48:19,490 [pool-777-thread-1] INFO  server.RaftServer$Division (RaftServerImpl.java:start(334)) - c3feb7f9-95d5-47b5-b185-2112df38a597@group-765D16BCBD62: start as a follower, conf=-1: peers:[6fdebf4b-249b-4d6b-b846-7ad5dee41c92|rpc:10.1.0.194:35567|dataStream:10.1.0.194:36435|priority:1|startupRole:FOLLOWER, b4fee7e9-40bc-4695-8270-a3969266ea18|rpc:10.1.0.194:40495|dataStream:10.1.0.194:44405|priority:0|startupRole:FOLLOWER, c3feb7f9-95d5-47b5-b185-2112df38a597|rpc:10.1.0.194:44977|dataStream:10.1.0.194:45869|priority:0|startupRole:FOLLOWER]|listeners:[], old=null
2023-05-03 09:48:19,490 [pool-777-thread-1] INFO  server.RaftServer$Division (RaftServerImpl.java:setRole(321)) - c3feb7f9-95d5-47b5-b185-2112df38a597@group-765D16BCBD62: changes role from      null to FOLLOWER at term 0 for startAsFollower
2023-05-03 09:48:19,490 [pool-777-thread-1] INFO  impl.RoleInfo (RoleInfo.java:updateAndGet(139)) - c3feb7f9-95d5-47b5-b185-2112df38a597: start c3feb7f9-95d5-47b5-b185-2112df38a597@group-765D16BCBD62-FollowerState
2023-05-03 09:48:19,498 [pool-777-thread-1] INFO  util.JmxRegister (JmxRegister.java:tryRegister(44)) - Successfully registered JMX Bean with object name Ratis:service=RaftServer,group=group-765D16BCBD62,id=c3feb7f9-95d5-47b5-b185-2112df38a597
2023-05-03 09:48:19,498 [c3feb7f9-95d5-47b5-b185-2112df38a597@group-765D16BCBD62-FollowerState] INFO  server.RaftServerConfigKeys (ConfUtils.java:logFallback(53)) - raft.server.rpc.first-election.timeout.min = 5s (fallback to raft.server.rpc.timeout.min)
2023-05-03 09:48:19,498 [c3feb7f9-95d5-47b5-b185-2112df38a597@group-765D16BCBD62-FollowerState] INFO  server.RaftServerConfigKeys (ConfUtils.java:logFallback(53)) - raft.server.rpc.first-election.timeout.max = 5200ms (fallback to raft.server.rpc.timeout.max)
2023-05-03 09:48:19,498 [pool-777-thread-1] INFO  server.RaftServerConfigKeys (ConfUtils.java:logGet(46)) - raft.server.snapshot.auto.trigger.enabled = true (custom)
2023-05-03 09:48:19,499 [pool-777-thread-1] INFO  server.RaftServerConfigKeys (ConfUtils.java:logGet(46)) - raft.server.snapshot.auto.trigger.threshold = 10000 (custom)
2023-05-03 09:48:19,499 [pool-777-thread-1] INFO  server.RaftServerConfigKeys (ConfUtils.java:logGet(46)) - raft.server.snapshot.retention.file.num = 5 (custom)
2023-05-03 09:48:19,499 [pool-777-thread-1] INFO  server.RaftServerConfigKeys (ConfUtils.java:logGet(46)) - raft.server.log.purge.upto.snapshot.index = false (default)
2023-05-03 09:48:19,502 [Command processor thread] INFO  ratis.XceiverServerRatis (XceiverServerRatis.java:addGroup(806)) - Created group PipelineID=11200b52-a2a5-4820-900f-765d16bcbd62
2023-05-03 09:48:19,520 [grpc-default-executor-0] INFO  server.RaftServer (RaftServerProxy.java:addNew(96)) - b4fee7e9-40bc-4695-8270-a3969266ea18: addNew group-765D16BCBD62:[6fdebf4b-249b-4d6b-b846-7ad5dee41c92|rpc:10.1.0.194:35567|dataStream:10.1.0.194:36435|priority:1|startupRole:FOLLOWER, b4fee7e9-40bc-4695-8270-a3969266ea18|rpc:10.1.0.194:40495|dataStream:10.1.0.194:44405|priority:0|startupRole:FOLLOWER, c3feb7f9-95d5-47b5-b185-2112df38a597|rpc:10.1.0.194:44977|dataStream:10.1.0.194:45869|priority:0|startupRole:FOLLOWER] returns group-765D16BCBD62:java.util.concurrent.CompletableFuture@10c56804[Not completed]
2023-05-03 09:48:19,520 [pool-799-thread-1] INFO  server.RaftServer$Division (RaftServerImpl.java:<init>(195)) - b4fee7e9-40bc-4695-8270-a3969266ea18: new RaftServerImpl for group-765D16BCBD62:[6fdebf4b-249b-4d6b-b846-7ad5dee41c92|rpc:10.1.0.194:35567|dataStream:10.1.0.194:36435|priority:1|startupRole:FOLLOWER, b4fee7e9-40bc-4695-8270-a3969266ea18|rpc:10.1.0.194:40495|dataStream:10.1.0.194:44405|priority:0|startupRole:FOLLOWER, c3feb7f9-95d5-47b5-b185-2112df38a597|rpc:10.1.0.194:44977|dataStream:10.1.0.194:45869|priority:0|startupRole:FOLLOWER] with ContainerStateMachine:uninitialized
2023-05-03 09:48:19,520 [pool-799-thread-1] INFO  server.RaftServerConfigKeys (ConfUtils.java:logGet(46)) - raft.server.rpc.timeout.min = 5s (custom)
2023-05-03 09:48:19,522 [pool-799-thread-1] INFO  server.RaftServerConfigKeys (ConfUtils.java:logGet(46)) - raft.server.rpc.timeout.max = 5200ms (custom)
2023-05-03 09:48:19,522 [pool-799-thread-1] INFO  server.RaftServerConfigKeys (ConfUtils.java:logGet(46)) - raft.server.rpc.sleep.time = 25ms (default)
2023-05-03 09:48:19,522 [pool-799-thread-1] INFO  server.RaftServerConfigKeys (ConfUtils.java:logGet(46)) - raft.server.rpc.slowness.timeout = 300s (custom)
2023-05-03 09:48:19,522 [pool-799-thread-1] INFO  server.RaftServerConfigKeys (ConfUtils.java:logGet(46)) - raft.server.leaderelection.leader.step-down.wait-time = 10s (default)
2023-05-03 09:48:19,522 [pool-799-thread-1] INFO  server.RaftServerConfigKeys (ConfUtils.java:logGet(46)) - raft.server.sleep.deviation.threshold = 300ms (default)
2023-05-03 09:48:19,522 [pool-799-thread-1] INFO  server.RaftServer$Division (ServerState.java:<init>(118)) - b4fee7e9-40bc-4695-8270-a3969266ea18@group-765D16BCBD62: ConfigurationManager, init=-1: peers:[6fdebf4b-249b-4d6b-b846-7ad5dee41c92|rpc:10.1.0.194:35567|dataStream:10.1.0.194:36435|priority:1|startupRole:FOLLOWER, b4fee7e9-40bc-4695-8270-a3969266ea18|rpc:10.1.0.194:40495|dataStream:10.1.0.194:44405|priority:0|startupRole:FOLLOWER, c3feb7f9-95d5-47b5-b185-2112df38a597|rpc:10.1.0.194:44977|dataStream:10.1.0.194:45869|priority:0|startupRole:FOLLOWER]|listeners:[], old=null, confs=<EMPTY_MAP>
2023-05-03 09:48:19,522 [pool-799-thread-1] INFO  server.RaftServerConfigKeys (ConfUtils.java:logGet(46)) - raft.server.storage.dir = [/home/runner/work/ozone/ozone/hadoop-ozone/integration-test/target/test-dir/MiniOzoneClusterImpl-376f2470-9738-4f53-87bd-21a09484475b/datanode-1/data/ratis] (custom)
2023-05-03 09:48:19,523 [pool-799-thread-1] INFO  server.RaftServerConfigKeys (ConfUtils.java:logGet(46)) - raft.server.log.corruption.policy = EXCEPTION (default)
2023-05-03 09:48:19,523 [pool-799-thread-1] INFO  server.RaftServerConfigKeys (ConfUtils.java:logGet(46)) - raft.server.storage.free-space.min = 0MB (=0) (default)
2023-05-03 09:48:19,523 [pool-799-thread-1] INFO  server.RaftServerConfigKeys (ConfUtils.java:logGet(46)) - raft.server.notification.no-leader.timeout = 300s (custom)
2023-05-03 09:48:19,523 [pool-799-thread-1] INFO  server.RaftServerConfigKeys (ConfUtils.java:logGet(46)) - raft.server.retrycache.expirytime = 600000ms (custom)
2023-05-03 09:48:19,523 [pool-799-thread-1] INFO  server.RaftServerConfigKeys (ConfUtils.java:logGet(46)) - raft.server.retrycache.statistics.expirytime = 100μs (default)
2023-05-03 09:48:19,523 [pool-799-thread-1] INFO  server.RaftServerConfigKeys (ConfUtils.java:logGet(46)) - raft.server.log.appender.install.snapshot.enabled = false (custom)
2023-05-03 09:48:19,523 [pool-799-thread-1] INFO  server.RaftServerConfigKeys (ConfUtils.java:logGet(46)) - raft.server.threadpool.server.cached = true (default)
2023-05-03 09:48:19,524 [pool-799-thread-1] INFO  server.RaftServerConfigKeys (ConfUtils.java:logGet(46)) - raft.server.threadpool.server.size = 0 (default)
2023-05-03 09:48:19,524 [pool-799-thread-1] INFO  server.RaftServerConfigKeys (ConfUtils.java:logGet(46)) - raft.server.threadpool.client.cached = true (default)
2023-05-03 09:48:19,524 [pool-799-thread-1] INFO  server.RaftServerConfigKeys (ConfUtils.java:logGet(46)) - raft.server.threadpool.client.size = 0 (default)
2023-05-03 09:48:19,524 [pool-799-thread-1] INFO  storage.RaftStorageDirectory (RaftStorageDirectoryImpl.java:analyzeStorage(137)) - The storage directory /home/runner/work/ozone/ozone/hadoop-ozone/integration-test/target/test-dir/MiniOzoneClusterImpl-376f2470-9738-4f53-87bd-21a09484475b/datanode-1/data/ratis/11200b52-a2a5-4820-900f-765d16bcbd62 does not exist. Creating ...
2023-05-03 09:48:19,525 [pool-799-thread-1] INFO  storage.RaftStorageDirectory (RaftStorageDirectoryImpl.java:tryLock(231)) - Lock on /home/runner/work/ozone/ozone/hadoop-ozone/integration-test/target/test-dir/MiniOzoneClusterImpl-376f2470-9738-4f53-87bd-21a09484475b/datanode-1/data/ratis/11200b52-a2a5-4820-900f-765d16bcbd62/in_use.lock acquired by nodename 7780@fv-az139-793
2023-05-03 09:48:19,526 [pool-799-thread-1] INFO  storage.RaftStorage (RaftStorageImpl.java:format(96)) - Storage directory /home/runner/work/ozone/ozone/hadoop-ozone/integration-test/target/test-dir/MiniOzoneClusterImpl-376f2470-9738-4f53-87bd-21a09484475b/datanode-1/data/ratis/11200b52-a2a5-4820-900f-765d16bcbd62 has been successfully formatted.
2023-05-03 09:48:19,528 [pool-799-thread-1] INFO  ratis.ContainerStateMachine (ContainerStateMachine.java:loadSnapshot(262)) - group-765D16BCBD62: The snapshot info is null. Setting the last applied indexto:(t:0, i:~)
2023-05-03 09:48:19,528 [pool-799-thread-1] INFO  server.RaftServerConfigKeys (ConfUtils.java:logGet(46)) - raft.server.log.use.memory = false (default)
2023-05-03 09:48:19,528 [pool-799-thread-1] INFO  server.RaftServerConfigKeys (ConfUtils.java:logGet(46)) - raft.server.log.purge.gap = 1000000 (custom)
2023-05-03 09:48:19,528 [pool-799-thread-1] INFO  server.RaftServerConfigKeys (ConfUtils.java:logGet(46)) - raft.server.log.appender.buffer.byte-limit = 33554432 (custom)
2023-05-03 09:48:19,528 [pool-799-thread-1] INFO  server.RaftServerConfigKeys (ConfUtils.java:logGet(46)) - raft.server.log.statemachine.data.read.timeout = 1000ms (default)
2023-05-03 09:48:19,528 [pool-799-thread-1] INFO  server.RaftServerConfigKeys (ConfUtils.java:logGet(46)) - raft.server.log.purge.preservation.log.num = 0 (default)
2023-05-03 09:48:19,528 [pool-799-thread-1] INFO  server.RaftServerConfigKeys (ConfUtils.java:logGet(46)) - raft.server.log.segment.size.max = 1048576 (custom)
2023-05-03 09:48:19,529 [pool-799-thread-1] INFO  server.RaftServerConfigKeys (ConfUtils.java:logGet(46)) - raft.server.log.segment.cache.num.max = 2 (custom)
2023-05-03 09:48:19,529 [pool-799-thread-1] INFO  server.RaftServerConfigKeys (ConfUtils.java:logGet(46)) - raft.server.log.segment.cache.size.max = 200MB (=209715200) (default)
2023-05-03 09:48:19,529 [pool-799-thread-1] INFO  segmented.SegmentedRaftLogWorker (SegmentedRaftLogWorker.java:<init>(189)) - new b4fee7e9-40bc-4695-8270-a3969266ea18@group-765D16BCBD62-SegmentedRaftLogWorker for RaftStorageImpl:Storage Directory /home/runner/work/ozone/ozone/hadoop-ozone/integration-test/target/test-dir/MiniOzoneClusterImpl-376f2470-9738-4f53-87bd-21a09484475b/datanode-1/data/ratis/11200b52-a2a5-4820-900f-765d16bcbd62
2023-05-03 09:48:19,529 [pool-799-thread-1] INFO  server.RaftServerConfigKeys (ConfUtils.java:logGet(46)) - raft.server.log.queue.byte-limit = 4294967296 (custom)
2023-05-03 09:48:19,529 [pool-799-thread-1] INFO  server.RaftServerConfigKeys (ConfUtils.java:logGet(46)) - raft.server.log.queue.element-limit = 1024 (custom)
2023-05-03 09:48:19,529 [pool-799-thread-1] INFO  server.RaftServerConfigKeys (ConfUtils.java:logGet(46)) - raft.server.log.segment.size.max = 1048576 (custom)
2023-05-03 09:48:19,529 [pool-799-thread-1] INFO  server.RaftServerConfigKeys (ConfUtils.java:logGet(46)) - raft.server.log.preallocated.size = 16384 (custom)
2023-05-03 09:48:19,529 [pool-799-thread-1] INFO  server.RaftServerConfigKeys (ConfUtils.java:logGet(46)) - raft.server.log.force.sync.num = 128 (default)
2023-05-03 09:48:19,529 [pool-799-thread-1] INFO  server.RaftServerConfigKeys (ConfUtils.java:logGet(46)) - raft.server.log.statemachine.data.sync = true (default)
2023-05-03 09:48:19,529 [pool-799-thread-1] INFO  server.RaftServerConfigKeys (ConfUtils.java:logGet(46)) - raft.server.log.statemachine.data.sync.timeout = 10s (default)
2023-05-03 09:48:19,529 [pool-799-thread-1] INFO  server.RaftServerConfigKeys (ConfUtils.java:logGet(46)) - raft.server.log.statemachine.data.sync.timeout.retry = -1 (default)
2023-05-03 09:48:19,529 [pool-799-thread-1] INFO  server.RaftServerConfigKeys (ConfUtils.java:logGet(46)) - raft.server.log.write.buffer.size = 1048576 (custom)
2023-05-03 09:48:19,530 [pool-799-thread-1] INFO  server.RaftServerConfigKeys (ConfUtils.java:logGet(46)) - raft.server.log.appender.buffer.byte-limit = 33554432 (custom)
2023-05-03 09:48:19,532 [pool-799-thread-1] INFO  server.RaftServerConfigKeys (ConfUtils.java:logGet(46)) - raft.server.log.unsafe-flush.enabled = false (default)
2023-05-03 09:48:19,533 [pool-799-thread-1] INFO  server.RaftServerConfigKeys (ConfUtils.java:logGet(46)) - raft.server.log.async-flush.enabled = false (default)
2023-05-03 09:48:19,533 [pool-799-thread-1] INFO  server.RaftServerConfigKeys (ConfUtils.java:logGet(46)) - raft.server.log.statemachine.data.caching.enabled = true (custom)
2023-05-03 09:48:19,533 [pool-799-thread-1] INFO  segmented.SegmentedRaftLogWorker (SegmentedRaftLogWorker.java:lambda$new$0(135)) - b4fee7e9-40bc-4695-8270-a3969266ea18@group-765D16BCBD62-SegmentedRaftLogWorker: flushIndex: setUnconditionally 0 -> -1
2023-05-03 09:48:19,533 [pool-799-thread-1] INFO  segmented.SegmentedRaftLogWorker (SegmentedRaftLogWorker.java:lambda$new$0(135)) - b4fee7e9-40bc-4695-8270-a3969266ea18@group-765D16BCBD62-SegmentedRaftLogWorker: safeCacheEvictIndex: setUnconditionally 0 -> -1
2023-05-03 09:48:19,533 [pool-799-thread-1] INFO  server.RaftServer$Division (RaftServerImpl.java:start(334)) - b4fee7e9-40bc-4695-8270-a3969266ea18@group-765D16BCBD62: start as a follower, conf=-1: peers:[6fdebf4b-249b-4d6b-b846-7ad5dee41c92|rpc:10.1.0.194:35567|dataStream:10.1.0.194:36435|priority:1|startupRole:FOLLOWER, b4fee7e9-40bc-4695-8270-a3969266ea18|rpc:10.1.0.194:40495|dataStream:10.1.0.194:44405|priority:0|startupRole:FOLLOWER, c3feb7f9-95d5-47b5-b185-2112df38a597|rpc:10.1.0.194:44977|dataStream:10.1.0.194:45869|priority:0|startupRole:FOLLOWER]|listeners:[], old=null
2023-05-03 09:48:19,533 [pool-799-thread-1] INFO  server.RaftServer$Division (RaftServerImpl.java:setRole(321)) - b4fee7e9-40bc-4695-8270-a3969266ea18@group-765D16BCBD62: changes role from      null to FOLLOWER at term 0 for startAsFollower
2023-05-03 09:48:19,533 [pool-799-thread-1] INFO  impl.RoleInfo (RoleInfo.java:updateAndGet(139)) - b4fee7e9-40bc-4695-8270-a3969266ea18: start b4fee7e9-40bc-4695-8270-a3969266ea18@group-765D16BCBD62-FollowerState
2023-05-03 09:48:19,538 [pool-799-thread-1] INFO  util.JmxRegister (JmxRegister.java:tryRegister(44)) - Successfully registered JMX Bean with object name Ratis:service=RaftServer,group=group-765D16BCBD62,id=b4fee7e9-40bc-4695-8270-a3969266ea18
2023-05-03 09:48:19,538 [pool-799-thread-1] INFO  server.RaftServerConfigKeys (ConfUtils.java:logGet(46)) - raft.server.snapshot.auto.trigger.enabled = true (custom)
2023-05-03 09:48:19,538 [pool-799-thread-1] INFO  server.RaftServerConfigKeys (ConfUtils.java:logGet(46)) - raft.server.snapshot.auto.trigger.threshold = 10000 (custom)
2023-05-03 09:48:19,538 [pool-799-thread-1] INFO  server.RaftServerConfigKeys (ConfUtils.java:logGet(46)) - raft.server.snapshot.retention.file.num = 5 (custom)
2023-05-03 09:48:19,538 [pool-799-thread-1] INFO  server.RaftServerConfigKeys (ConfUtils.java:logGet(46)) - raft.server.log.purge.upto.snapshot.index = false (default)
2023-05-03 09:48:19,539 [b4fee7e9-40bc-4695-8270-a3969266ea18@group-765D16BCBD62-FollowerState] INFO  server.RaftServerConfigKeys (ConfUtils.java:logFallback(53)) - raft.server.rpc.first-election.timeout.min = 5s (fallback to raft.server.rpc.timeout.min)
2023-05-03 09:48:19,539 [b4fee7e9-40bc-4695-8270-a3969266ea18@group-765D16BCBD62-FollowerState] INFO  server.RaftServerConfigKeys (ConfUtils.java:logFallback(53)) - raft.server.rpc.first-election.timeout.max = 5200ms (fallback to raft.server.rpc.timeout.max)
2023-05-03 09:48:19,559 [grpc-default-executor-0] INFO  server.RaftServer (RaftServerProxy.java:addNew(96)) - 6fdebf4b-249b-4d6b-b846-7ad5dee41c92: addNew group-765D16BCBD62:[6fdebf4b-249b-4d6b-b846-7ad5dee41c92|rpc:10.1.0.194:35567|dataStream:10.1.0.194:36435|priority:1|startupRole:FOLLOWER, b4fee7e9-40bc-4695-8270-a3969266ea18|rpc:10.1.0.194:40495|dataStream:10.1.0.194:44405|priority:0|startupRole:FOLLOWER, c3feb7f9-95d5-47b5-b185-2112df38a597|rpc:10.1.0.194:44977|dataStream:10.1.0.194:45869|priority:0|startupRole:FOLLOWER] returns group-765D16BCBD62:java.util.concurrent.CompletableFuture@224d3f77[Not completed]
2023-05-03 09:48:19,564 [pool-821-thread-1] INFO  server.RaftServer$Division (RaftServerImpl.java:<init>(195)) - 6fdebf4b-249b-4d6b-b846-7ad5dee41c92: new RaftServerImpl for group-765D16BCBD62:[6fdebf4b-249b-4d6b-b846-7ad5dee41c92|rpc:10.1.0.194:35567|dataStream:10.1.0.194:36435|priority:1|startupRole:FOLLOWER, b4fee7e9-40bc-4695-8270-a3969266ea18|rpc:10.1.0.194:40495|dataStream:10.1.0.194:44405|priority:0|startupRole:FOLLOWER, c3feb7f9-95d5-47b5-b185-2112df38a597|rpc:10.1.0.194:44977|dataStream:10.1.0.194:45869|priority:0|startupRole:FOLLOWER] with ContainerStateMachine:uninitialized
2023-05-03 09:48:19,564 [pool-821-thread-1] INFO  server.RaftServerConfigKeys (ConfUtils.java:logGet(46)) - raft.server.rpc.timeout.min = 5s (custom)
2023-05-03 09:48:19,564 [pool-821-thread-1] INFO  server.RaftServerConfigKeys (ConfUtils.java:logGet(46)) - raft.server.rpc.timeout.max = 5200ms (custom)
2023-05-03 09:48:19,564 [pool-821-thread-1] INFO  server.RaftServerConfigKeys (ConfUtils.java:logGet(46)) - raft.server.rpc.sleep.time = 25ms (default)
2023-05-03 09:48:19,564 [pool-821-thread-1] INFO  server.RaftServerConfigKeys (ConfUtils.java:logGet(46)) - raft.server.rpc.slowness.timeout = 300s (custom)
2023-05-03 09:48:19,564 [pool-821-thread-1] INFO  server.RaftServerConfigKeys (ConfUtils.java:logGet(46)) - raft.server.leaderelection.leader.step-down.wait-time = 10s (default)
2023-05-03 09:48:19,564 [pool-821-thread-1] INFO  server.RaftServerConfigKeys (ConfUtils.java:logGet(46)) - raft.server.sleep.deviation.threshold = 300ms (default)
2023-05-03 09:48:19,564 [pool-821-thread-1] INFO  server.RaftServer$Division (ServerState.java:<init>(118)) - 6fdebf4b-249b-4d6b-b846-7ad5dee41c92@group-765D16BCBD62: ConfigurationManager, init=-1: peers:[6fdebf4b-249b-4d6b-b846-7ad5dee41c92|rpc:10.1.0.194:35567|dataStream:10.1.0.194:36435|priority:1|startupRole:FOLLOWER, b4fee7e9-40bc-4695-8270-a3969266ea18|rpc:10.1.0.194:40495|dataStream:10.1.0.194:44405|priority:0|startupRole:FOLLOWER, c3feb7f9-95d5-47b5-b185-2112df38a597|rpc:10.1.0.194:44977|dataStream:10.1.0.194:45869|priority:0|startupRole:FOLLOWER]|listeners:[], old=null, confs=<EMPTY_MAP>
2023-05-03 09:48:19,564 [pool-821-thread-1] INFO  server.RaftServerConfigKeys (ConfUtils.java:logGet(46)) - raft.server.storage.dir = [/home/runner/work/ozone/ozone/hadoop-ozone/integration-test/target/test-dir/MiniOzoneClusterImpl-376f2470-9738-4f53-87bd-21a09484475b/datanode-2/data/ratis] (custom)
2023-05-03 09:48:19,564 [pool-821-thread-1] INFO  server.RaftServerConfigKeys (ConfUtils.java:logGet(46)) - raft.server.log.corruption.policy = EXCEPTION (default)
2023-05-03 09:48:19,564 [pool-821-thread-1] INFO  server.RaftServerConfigKeys (ConfUtils.java:logGet(46)) - raft.server.storage.free-space.min = 0MB (=0) (default)
2023-05-03 09:48:19,564 [pool-821-thread-1] INFO  server.RaftServerConfigKeys (ConfUtils.java:logGet(46)) - raft.server.notification.no-leader.timeout = 300s (custom)
2023-05-03 09:48:19,564 [pool-821-thread-1] INFO  server.RaftServerConfigKeys (ConfUtils.java:logGet(46)) - raft.server.retrycache.expirytime = 600000ms (custom)
2023-05-03 09:48:19,564 [pool-821-thread-1] INFO  server.RaftServerConfigKeys (ConfUtils.java:logGet(46)) - raft.server.retrycache.statistics.expirytime = 100μs (default)
2023-05-03 09:48:19,565 [pool-821-thread-1] INFO  server.RaftServerConfigKeys (ConfUtils.java:logGet(46)) - raft.server.log.appender.install.snapshot.enabled = false (custom)
2023-05-03 09:48:19,565 [pool-821-thread-1] INFO  server.RaftServerConfigKeys (ConfUtils.java:logGet(46)) - raft.server.threadpool.server.cached = true (default)
2023-05-03 09:48:19,565 [pool-821-thread-1] INFO  server.RaftServerConfigKeys (ConfUtils.java:logGet(46)) - raft.server.threadpool.server.size = 0 (default)
2023-05-03 09:48:19,565 [pool-821-thread-1] INFO  server.RaftServerConfigKeys (ConfUtils.java:logGet(46)) - raft.server.threadpool.client.cached = true (default)
2023-05-03 09:48:19,565 [pool-821-thread-1] INFO  server.RaftServerConfigKeys (ConfUtils.java:logGet(46)) - raft.server.threadpool.client.size = 0 (default)
2023-05-03 09:48:19,565 [pool-821-thread-1] INFO  storage.RaftStorageDirectory (RaftStorageDirectoryImpl.java:analyzeStorage(137)) - The storage directory /home/runner/work/ozone/ozone/hadoop-ozone/integration-test/target/test-dir/MiniOzoneClusterImpl-376f2470-9738-4f53-87bd-21a09484475b/datanode-2/data/ratis/11200b52-a2a5-4820-900f-765d16bcbd62 does not exist. Creating ...
2023-05-03 09:48:19,575 [pool-821-thread-1] INFO  storage.RaftStorageDirectory (RaftStorageDirectoryImpl.java:tryLock(231)) - Lock on /home/runner/work/ozone/ozone/hadoop-ozone/integration-test/target/test-dir/MiniOzoneClusterImpl-376f2470-9738-4f53-87bd-21a09484475b/datanode-2/data/ratis/11200b52-a2a5-4820-900f-765d16bcbd62/in_use.lock acquired by nodename 7780@fv-az139-793
2023-05-03 09:48:19,576 [pool-821-thread-1] INFO  storage.RaftStorage (RaftStorageImpl.java:format(96)) - Storage directory /home/runner/work/ozone/ozone/hadoop-ozone/integration-test/target/test-dir/MiniOzoneClusterImpl-376f2470-9738-4f53-87bd-21a09484475b/datanode-2/data/ratis/11200b52-a2a5-4820-900f-765d16bcbd62 has been successfully formatted.
2023-05-03 09:48:19,576 [pool-821-thread-1] INFO  ratis.ContainerStateMachine (ContainerStateMachine.java:loadSnapshot(262)) - group-765D16BCBD62: The snapshot info is null. Setting the last applied indexto:(t:0, i:~)
2023-05-03 09:48:19,576 [pool-821-thread-1] INFO  server.RaftServerConfigKeys (ConfUtils.java:logGet(46)) - raft.server.log.use.memory = false (default)
2023-05-03 09:48:19,576 [pool-821-thread-1] INFO  server.RaftServerConfigKeys (ConfUtils.java:logGet(46)) - raft.server.log.purge.gap = 1000000 (custom)
2023-05-03 09:48:19,576 [pool-821-thread-1] INFO  server.RaftServerConfigKeys (ConfUtils.java:logGet(46)) - raft.server.log.appender.buffer.byte-limit = 33554432 (custom)
2023-05-03 09:48:19,577 [pool-821-thread-1] INFO  server.RaftServerConfigKeys (ConfUtils.java:logGet(46)) - raft.server.log.statemachine.data.read.timeout = 1000ms (default)
2023-05-03 09:48:19,577 [pool-821-thread-1] INFO  server.RaftServerConfigKeys (ConfUtils.java:logGet(46)) - raft.server.log.purge.preservation.log.num = 0 (default)
2023-05-03 09:48:19,577 [pool-821-thread-1] INFO  server.RaftServerConfigKeys (ConfUtils.java:logGet(46)) - raft.server.log.segment.size.max = 1048576 (custom)
2023-05-03 09:48:19,577 [pool-821-thread-1] INFO  server.RaftServerConfigKeys (ConfUtils.java:logGet(46)) - raft.server.log.segment.cache.num.max = 2 (custom)
2023-05-03 09:48:19,577 [pool-821-thread-1] INFO  server.RaftServerConfigKeys (ConfUtils.java:logGet(46)) - raft.server.log.segment.cache.size.max = 200MB (=209715200) (default)
2023-05-03 09:48:19,577 [pool-821-thread-1] INFO  segmented.SegmentedRaftLogWorker (SegmentedRaftLogWorker.java:<init>(189)) - new 6fdebf4b-249b-4d6b-b846-7ad5dee41c92@group-765D16BCBD62-SegmentedRaftLogWorker for RaftStorageImpl:Storage Directory /home/runner/work/ozone/ozone/hadoop-ozone/integration-test/target/test-dir/MiniOzoneClusterImpl-376f2470-9738-4f53-87bd-21a09484475b/datanode-2/data/ratis/11200b52-a2a5-4820-900f-765d16bcbd62
2023-05-03 09:48:19,577 [pool-821-thread-1] INFO  server.RaftServerConfigKeys (ConfUtils.java:logGet(46)) - raft.server.log.queue.byte-limit = 4294967296 (custom)
2023-05-03 09:48:19,577 [pool-821-thread-1] INFO  server.RaftServerConfigKeys (ConfUtils.java:logGet(46)) - raft.server.log.queue.element-limit = 1024 (custom)
2023-05-03 09:48:19,577 [pool-821-thread-1] INFO  server.RaftServerConfigKeys (ConfUtils.java:logGet(46)) - raft.server.log.segment.size.max = 1048576 (custom)
2023-05-03 09:48:19,577 [pool-821-thread-1] INFO  server.RaftServerConfigKeys (ConfUtils.java:logGet(46)) - raft.server.log.preallocated.size = 16384 (custom)
2023-05-03 09:48:19,577 [pool-821-thread-1] INFO  server.RaftServerConfigKeys (ConfUtils.java:logGet(46)) - raft.server.log.force.sync.num = 128 (default)
2023-05-03 09:48:19,577 [pool-821-thread-1] INFO  server.RaftServerConfigKeys (ConfUtils.java:logGet(46)) - raft.server.log.statemachine.data.sync = true (default)
2023-05-03 09:48:19,577 [pool-821-thread-1] INFO  server.RaftServerConfigKeys (ConfUtils.java:logGet(46)) - raft.server.log.statemachine.data.sync.timeout = 10s (default)
2023-05-03 09:48:19,577 [pool-821-thread-1] INFO  server.RaftServerConfigKeys (ConfUtils.java:logGet(46)) - raft.server.log.statemachine.data.sync.timeout.retry = -1 (default)
2023-05-03 09:48:19,578 [pool-821-thread-1] INFO  server.RaftServerConfigKeys (ConfUtils.java:logGet(46)) - raft.server.log.write.buffer.size = 1048576 (custom)
2023-05-03 09:48:19,578 [pool-821-thread-1] INFO  server.RaftServerConfigKeys (ConfUtils.java:logGet(46)) - raft.server.log.appender.buffer.byte-limit = 33554432 (custom)
2023-05-03 09:48:19,581 [pool-821-thread-1] INFO  server.RaftServerConfigKeys (ConfUtils.java:logGet(46)) - raft.server.log.unsafe-flush.enabled = false (default)
2023-05-03 09:48:19,581 [pool-821-thread-1] INFO  server.RaftServerConfigKeys (ConfUtils.java:logGet(46)) - raft.server.log.async-flush.enabled = false (default)
2023-05-03 09:48:19,581 [pool-821-thread-1] INFO  server.RaftServerConfigKeys (ConfUtils.java:logGet(46)) - raft.server.log.statemachine.data.caching.enabled = true (custom)
2023-05-03 09:48:19,581 [pool-821-thread-1] INFO  segmented.SegmentedRaftLogWorker (SegmentedRaftLogWorker.java:lambda$new$0(135)) - 6fdebf4b-249b-4d6b-b846-7ad5dee41c92@group-765D16BCBD62-SegmentedRaftLogWorker: flushIndex: setUnconditionally 0 -> -1
2023-05-03 09:48:19,581 [pool-821-thread-1] INFO  segmented.SegmentedRaftLogWorker (SegmentedRaftLogWorker.java:lambda$new$0(135)) - 6fdebf4b-249b-4d6b-b846-7ad5dee41c92@group-765D16BCBD62-SegmentedRaftLogWorker: safeCacheEvictIndex: setUnconditionally 0 -> -1
2023-05-03 09:48:19,586 [pool-821-thread-1] INFO  server.RaftServer$Division (RaftServerImpl.java:start(334)) - 6fdebf4b-249b-4d6b-b846-7ad5dee41c92@group-765D16BCBD62: start as a follower, conf=-1: peers:[6fdebf4b-249b-4d6b-b846-7ad5dee41c92|rpc:10.1.0.194:35567|dataStream:10.1.0.194:36435|priority:1|startupRole:FOLLOWER, b4fee7e9-40bc-4695-8270-a3969266ea18|rpc:10.1.0.194:40495|dataStream:10.1.0.194:44405|priority:0|startupRole:FOLLOWER, c3feb7f9-95d5-47b5-b185-2112df38a597|rpc:10.1.0.194:44977|dataStream:10.1.0.194:45869|priority:0|startupRole:FOLLOWER]|listeners:[], old=null
2023-05-03 09:48:19,586 [pool-821-thread-1] INFO  server.RaftServer$Division (RaftServerImpl.java:setRole(321)) - 6fdebf4b-249b-4d6b-b846-7ad5dee41c92@group-765D16BCBD62: changes role from      null to FOLLOWER at term 0 for startAsFollower
2023-05-03 09:48:19,586 [pool-821-thread-1] INFO  impl.RoleInfo (RoleInfo.java:updateAndGet(139)) - 6fdebf4b-249b-4d6b-b846-7ad5dee41c92: start 6fdebf4b-249b-4d6b-b846-7ad5dee41c92@group-765D16BCBD62-FollowerState
2023-05-03 09:48:19,588 [pool-821-thread-1] INFO  util.JmxRegister (JmxRegister.java:tryRegister(44)) - Successfully registered JMX Bean with object name Ratis:service=RaftServer,group=group-765D16BCBD62,id=6fdebf4b-249b-4d6b-b846-7ad5dee41c92
2023-05-03 09:48:19,588 [pool-821-thread-1] INFO  server.RaftServerConfigKeys (ConfUtils.java:logGet(46)) - raft.server.snapshot.auto.trigger.enabled = true (custom)
2023-05-03 09:48:19,588 [pool-821-thread-1] INFO  server.RaftServerConfigKeys (ConfUtils.java:logGet(46)) - raft.server.snapshot.auto.trigger.threshold = 10000 (custom)
2023-05-03 09:48:19,588 [pool-821-thread-1] INFO  server.RaftServerConfigKeys (ConfUtils.java:logGet(46)) - raft.server.snapshot.retention.file.num = 5 (custom)
2023-05-03 09:48:19,588 [pool-821-thread-1] INFO  server.RaftServerConfigKeys (ConfUtils.java:logGet(46)) - raft.server.log.purge.upto.snapshot.index = false (default)
2023-05-03 09:48:19,589 [6fdebf4b-249b-4d6b-b846-7ad5dee41c92@group-765D16BCBD62-FollowerState] INFO  server.RaftServerConfigKeys (ConfUtils.java:logFallback(53)) - raft.server.rpc.first-election.timeout.min = 5s (fallback to raft.server.rpc.timeout.min)
2023-05-03 09:48:19,589 [6fdebf4b-249b-4d6b-b846-7ad5dee41c92@group-765D16BCBD62-FollowerState] INFO  server.RaftServerConfigKeys (ConfUtils.java:logFallback(53)) - raft.server.rpc.first-election.timeout.max = 5200ms (fallback to raft.server.rpc.timeout.max)
2023-05-03 09:48:19,595 [Command processor thread] INFO  commandhandler.CreatePipelineCommandHandler (CreatePipelineCommandHandler.java:handle(113)) - Created Pipeline RATIS THREE PipelineID=11200b52-a2a5-4820-900f-765d16bcbd62.
2023-05-03 09:48:19,595 [Command processor thread] INFO  server.RaftServer (RaftServerProxy.java:addNew(96)) - c3feb7f9-95d5-47b5-b185-2112df38a597: addNew group-447E59233EBB:[6fdebf4b-249b-4d6b-b846-7ad5dee41c92|rpc:10.1.0.194:35567|dataStream:10.1.0.194:36435|priority:0|startupRole:FOLLOWER, b4fee7e9-40bc-4695-8270-a3969266ea18|rpc:10.1.0.194:40495|dataStream:10.1.0.194:44405|priority:1|startupRole:FOLLOWER, c3feb7f9-95d5-47b5-b185-2112df38a597|rpc:10.1.0.194:44977|dataStream:10.1.0.194:45869|priority:0|startupRole:FOLLOWER] returns group-447E59233EBB:java.util.concurrent.CompletableFuture@ff83c1[Not completed]
2023-05-03 09:48:19,596 [pool-777-thread-1] INFO  server.RaftServer$Division (RaftServerImpl.java:<init>(195)) - c3feb7f9-95d5-47b5-b185-2112df38a597: new RaftServerImpl for group-447E59233EBB:[6fdebf4b-249b-4d6b-b846-7ad5dee41c92|rpc:10.1.0.194:35567|dataStream:10.1.0.194:36435|priority:0|startupRole:FOLLOWER, b4fee7e9-40bc-4695-8270-a3969266ea18|rpc:10.1.0.194:40495|dataStream:10.1.0.194:44405|priority:1|startupRole:FOLLOWER, c3feb7f9-95d5-47b5-b185-2112df38a597|rpc:10.1.0.194:44977|dataStream:10.1.0.194:45869|priority:0|startupRole:FOLLOWER] with ContainerStateMachine:uninitialized
2023-05-03 09:48:19,596 [pool-777-thread-1] INFO  server.RaftServerConfigKeys (ConfUtils.java:logGet(46)) - raft.server.rpc.timeout.min = 5s (custom)
2023-05-03 09:48:19,596 [pool-777-thread-1] INFO  server.RaftServerConfigKeys (ConfUtils.java:logGet(46)) - raft.server.rpc.timeout.max = 5200ms (custom)
2023-05-03 09:48:19,596 [pool-777-thread-1] INFO  server.RaftServerConfigKeys (ConfUtils.java:logGet(46)) - raft.server.rpc.sleep.time = 25ms (default)
2023-05-03 09:48:19,596 [pool-777-thread-1] INFO  server.RaftServerConfigKeys (ConfUtils.java:logGet(46)) - raft.server.rpc.slowness.timeout = 300s (custom)
2023-05-03 09:48:19,596 [pool-777-thread-1] INFO  server.RaftServerConfigKeys (ConfUtils.java:logGet(46)) - raft.server.leaderelection.leader.step-down.wait-time = 10s (default)
2023-05-03 09:48:19,596 [pool-777-thread-1] INFO  server.RaftServerConfigKeys (ConfUtils.java:logGet(46)) - raft.server.sleep.deviation.threshold = 300ms (default)
2023-05-03 09:48:19,596 [pool-777-thread-1] INFO  server.RaftServer$Division (ServerState.java:<init>(118)) - c3feb7f9-95d5-47b5-b185-2112df38a597@group-447E59233EBB: ConfigurationManager, init=-1: peers:[6fdebf4b-249b-4d6b-b846-7ad5dee41c92|rpc:10.1.0.194:35567|dataStream:10.1.0.194:36435|priority:0|startupRole:FOLLOWER, b4fee7e9-40bc-4695-8270-a3969266ea18|rpc:10.1.0.194:40495|dataStream:10.1.0.194:44405|priority:1|startupRole:FOLLOWER, c3feb7f9-95d5-47b5-b185-2112df38a597|rpc:10.1.0.194:44977|dataStream:10.1.0.194:45869|priority:0|startupRole:FOLLOWER]|listeners:[], old=null, confs=<EMPTY_MAP>
2023-05-03 09:48:19,596 [pool-777-thread-1] INFO  server.RaftServerConfigKeys (ConfUtils.java:logGet(46)) - raft.server.storage.dir = [/home/runner/work/ozone/ozone/hadoop-ozone/integration-test/target/test-dir/MiniOzoneClusterImpl-376f2470-9738-4f53-87bd-21a09484475b/datanode-0/data/ratis] (custom)
2023-05-03 09:48:19,596 [pool-777-thread-1] INFO  server.RaftServerConfigKeys (ConfUtils.java:logGet(46)) - raft.server.log.corruption.policy = EXCEPTION (default)
2023-05-03 09:48:19,596 [pool-777-thread-1] INFO  server.RaftServerConfigKeys (ConfUtils.java:logGet(46)) - raft.server.storage.free-space.min = 0MB (=0) (default)
2023-05-03 09:48:19,597 [pool-777-thread-1] INFO  server.RaftServerConfigKeys (ConfUtils.java:logGet(46)) - raft.server.notification.no-leader.timeout = 300s (custom)
2023-05-03 09:48:19,597 [pool-777-thread-1] INFO  server.RaftServerConfigKeys (ConfUtils.java:logGet(46)) - raft.server.retrycache.expirytime = 600000ms (custom)
2023-05-03 09:48:19,597 [pool-777-thread-1] INFO  server.RaftServerConfigKeys (ConfUtils.java:logGet(46)) - raft.server.retrycache.statistics.expirytime = 100μs (default)
2023-05-03 09:48:19,597 [pool-777-thread-1] INFO  server.RaftServerConfigKeys (ConfUtils.java:logGet(46)) - raft.server.log.appender.install.snapshot.enabled = false (custom)
2023-05-03 09:48:19,597 [pool-777-thread-1] INFO  server.RaftServerConfigKeys (ConfUtils.java:logGet(46)) - raft.server.threadpool.server.cached = true (default)
2023-05-03 09:48:19,597 [pool-777-thread-1] INFO  server.RaftServerConfigKeys (ConfUtils.java:logGet(46)) - raft.server.threadpool.server.size = 0 (default)
2023-05-03 09:48:19,597 [pool-777-thread-1] INFO  server.RaftServerConfigKeys (ConfUtils.java:logGet(46)) - raft.server.threadpool.client.cached = true (default)
2023-05-03 09:48:19,597 [pool-777-thread-1] INFO  server.RaftServerConfigKeys (ConfUtils.java:logGet(46)) - raft.server.threadpool.client.size = 0 (default)
2023-05-03 09:48:19,597 [pool-777-thread-1] INFO  storage.RaftStorageDirectory (RaftStorageDirectoryImpl.java:analyzeStorage(137)) - The storage directory /home/runner/work/ozone/ozone/hadoop-ozone/integration-test/target/test-dir/MiniOzoneClusterImpl-376f2470-9738-4f53-87bd-21a09484475b/datanode-0/data/ratis/98887c09-eff6-495c-bce8-447e59233ebb does not exist. Creating ...
2023-05-03 09:48:19,598 [pool-777-thread-1] INFO  storage.RaftStorageDirectory (RaftStorageDirectoryImpl.java:tryLock(231)) - Lock on /home/runner/work/ozone/ozone/hadoop-ozone/integration-test/target/test-dir/MiniOzoneClusterImpl-376f2470-9738-4f53-87bd-21a09484475b/datanode-0/data/ratis/98887c09-eff6-495c-bce8-447e59233ebb/in_use.lock acquired by nodename 7780@fv-az139-793
2023-05-03 09:48:19,599 [pool-777-thread-1] INFO  storage.RaftStorage (RaftStorageImpl.java:format(96)) - Storage directory /home/runner/work/ozone/ozone/hadoop-ozone/integration-test/target/test-dir/MiniOzoneClusterImpl-376f2470-9738-4f53-87bd-21a09484475b/datanode-0/data/ratis/98887c09-eff6-495c-bce8-447e59233ebb has been successfully formatted.
2023-05-03 09:48:19,599 [pool-777-thread-1] INFO  ratis.ContainerStateMachine (ContainerStateMachine.java:loadSnapshot(262)) - group-447E59233EBB: The snapshot info is null. Setting the last applied indexto:(t:0, i:~)
2023-05-03 09:48:19,599 [pool-777-thread-1] INFO  server.RaftServerConfigKeys (ConfUtils.java:logGet(46)) - raft.server.log.use.memory = false (default)
2023-05-03 09:48:19,599 [pool-777-thread-1] INFO  server.RaftServerConfigKeys (ConfUtils.java:logGet(46)) - raft.server.log.purge.gap = 1000000 (custom)
2023-05-03 09:48:19,600 [pool-777-thread-1] INFO  server.RaftServerConfigKeys (ConfUtils.java:logGet(46)) - raft.server.log.appender.buffer.byte-limit = 33554432 (custom)
2023-05-03 09:48:19,600 [pool-777-thread-1] INFO  server.RaftServerConfigKeys (ConfUtils.java:logGet(46)) - raft.server.log.statemachine.data.read.timeout = 1000ms (default)
2023-05-03 09:48:19,600 [pool-777-thread-1] INFO  server.RaftServerConfigKeys (ConfUtils.java:logGet(46)) - raft.server.log.purge.preservation.log.num = 0 (default)
2023-05-03 09:48:19,600 [pool-777-thread-1] INFO  server.RaftServerConfigKeys (ConfUtils.java:logGet(46)) - raft.server.log.segment.size.max = 1048576 (custom)
2023-05-03 09:48:19,600 [pool-777-thread-1] INFO  server.RaftServerConfigKeys (ConfUtils.java:logGet(46)) - raft.server.log.segment.cache.num.max = 2 (custom)
2023-05-03 09:48:19,601 [EventQueue-OpenPipelineForHealthyPipelineSafeModeRule] INFO  safemode.SCMSafeModeManager (HealthyPipelineSafeModeRule.java:process(137)) - SCM in safe mode. Healthy pipelines reported count is 0, required healthy pipeline reported count is 1
2023-05-03 09:48:19,601 [pool-777-thread-1] INFO  server.RaftServerConfigKeys (ConfUtils.java:logGet(46)) - raft.server.log.segment.cache.size.max = 200MB (=209715200) (default)
2023-05-03 09:48:19,601 [pool-777-thread-1] INFO  segmented.SegmentedRaftLogWorker (SegmentedRaftLogWorker.java:<init>(189)) - new c3feb7f9-95d5-47b5-b185-2112df38a597@group-447E59233EBB-SegmentedRaftLogWorker for RaftStorageImpl:Storage Directory /home/runner/work/ozone/ozone/hadoop-ozone/integration-test/target/test-dir/MiniOzoneClusterImpl-376f2470-9738-4f53-87bd-21a09484475b/datanode-0/data/ratis/98887c09-eff6-495c-bce8-447e59233ebb
2023-05-03 09:48:19,601 [pool-777-thread-1] INFO  server.RaftServerConfigKeys (ConfUtils.java:logGet(46)) - raft.server.log.queue.byte-limit = 4294967296 (custom)
2023-05-03 09:48:19,601 [pool-777-thread-1] INFO  server.RaftServerConfigKeys (ConfUtils.java:logGet(46)) - raft.server.log.queue.element-limit = 1024 (custom)
2023-05-03 09:48:19,601 [pool-777-thread-1] INFO  server.RaftServerConfigKeys (ConfUtils.java:logGet(46)) - raft.server.log.segment.size.max = 1048576 (custom)
2023-05-03 09:48:19,601 [pool-777-thread-1] INFO  server.RaftServerConfigKeys (ConfUtils.java:logGet(46)) - raft.server.log.preallocated.size = 16384 (custom)
2023-05-03 09:48:19,601 [pool-777-thread-1] INFO  server.RaftServerConfigKeys (ConfUtils.java:logGet(46)) - raft.server.log.force.sync.num = 128 (default)
2023-05-03 09:48:19,601 [pool-777-thread-1] INFO  server.RaftServerConfigKeys (ConfUtils.java:logGet(46)) - raft.server.log.statemachine.data.sync = true (default)
2023-05-03 09:48:19,601 [pool-777-thread-1] INFO  server.RaftServerConfigKeys (ConfUtils.java:logGet(46)) - raft.server.log.statemachine.data.sync.timeout = 10s (default)
2023-05-03 09:48:19,601 [pool-777-thread-1] INFO  server.RaftServerConfigKeys (ConfUtils.java:logGet(46)) - raft.server.log.statemachine.data.sync.timeout.retry = -1 (default)
2023-05-03 09:48:19,601 [pool-777-thread-1] INFO  server.RaftServerConfigKeys (ConfUtils.java:logGet(46)) - raft.server.log.write.buffer.size = 1048576 (custom)
2023-05-03 09:48:19,602 [pool-777-thread-1] INFO  server.RaftServerConfigKeys (ConfUtils.java:logGet(46)) - raft.server.log.appender.buffer.byte-limit = 33554432 (custom)
2023-05-03 09:48:19,605 [pool-777-thread-1] INFO  server.RaftServerConfigKeys (ConfUtils.java:logGet(46)) - raft.server.log.unsafe-flush.enabled = false (default)
2023-05-03 09:48:19,605 [pool-777-thread-1] INFO  server.RaftServerConfigKeys (ConfUtils.java:logGet(46)) - raft.server.log.async-flush.enabled = false (default)
2023-05-03 09:48:19,605 [pool-777-thread-1] INFO  server.RaftServerConfigKeys (ConfUtils.java:logGet(46)) - raft.server.log.statemachine.data.caching.enabled = true (custom)
2023-05-03 09:48:19,605 [pool-777-thread-1] INFO  segmented.SegmentedRaftLogWorker (SegmentedRaftLogWorker.java:lambda$new$0(135)) - c3feb7f9-95d5-47b5-b185-2112df38a597@group-447E59233EBB-SegmentedRaftLogWorker: flushIndex: setUnconditionally 0 -> -1
2023-05-03 09:48:19,605 [pool-777-thread-1] INFO  segmented.SegmentedRaftLogWorker (SegmentedRaftLogWorker.java:lambda$new$0(135)) - c3feb7f9-95d5-47b5-b185-2112df38a597@group-447E59233EBB-SegmentedRaftLogWorker: safeCacheEvictIndex: setUnconditionally 0 -> -1
2023-05-03 09:48:19,605 [pool-777-thread-1] INFO  server.RaftServer$Division (RaftServerImpl.java:start(334)) - c3feb7f9-95d5-47b5-b185-2112df38a597@group-447E59233EBB: start as a follower, conf=-1: peers:[6fdebf4b-249b-4d6b-b846-7ad5dee41c92|rpc:10.1.0.194:35567|dataStream:10.1.0.194:36435|priority:0|startupRole:FOLLOWER, b4fee7e9-40bc-4695-8270-a3969266ea18|rpc:10.1.0.194:40495|dataStream:10.1.0.194:44405|priority:1|startupRole:FOLLOWER, c3feb7f9-95d5-47b5-b185-2112df38a597|rpc:10.1.0.194:44977|dataStream:10.1.0.194:45869|priority:0|startupRole:FOLLOWER]|listeners:[], old=null
2023-05-03 09:48:19,605 [pool-777-thread-1] INFO  server.RaftServer$Division (RaftServerImpl.java:setRole(321)) - c3feb7f9-95d5-47b5-b185-2112df38a597@group-447E59233EBB: changes role from      null to FOLLOWER at term 0 for startAsFollower
2023-05-03 09:48:19,605 [pool-777-thread-1] INFO  impl.RoleInfo (RoleInfo.java:updateAndGet(139)) - c3feb7f9-95d5-47b5-b185-2112df38a597: start c3feb7f9-95d5-47b5-b185-2112df38a597@group-447E59233EBB-FollowerState
2023-05-03 09:48:19,605 [pool-777-thread-1] INFO  util.JmxRegister (JmxRegister.java:tryRegister(44)) - Successfully registered JMX Bean with object name Ratis:service=RaftServer,group=group-447E59233EBB,id=c3feb7f9-95d5-47b5-b185-2112df38a597
2023-05-03 09:48:19,605 [pool-777-thread-1] INFO  server.RaftServerConfigKeys (ConfUtils.java:logGet(46)) - raft.server.snapshot.auto.trigger.enabled = true (custom)
2023-05-03 09:48:19,606 [pool-777-thread-1] INFO  server.RaftServerConfigKeys (ConfUtils.java:logGet(46)) - raft.server.snapshot.auto.trigger.threshold = 10000 (custom)
2023-05-03 09:48:19,606 [pool-777-thread-1] INFO  server.RaftServerConfigKeys (ConfUtils.java:logGet(46)) - raft.server.snapshot.retention.file.num = 5 (custom)
2023-05-03 09:48:19,606 [pool-777-thread-1] INFO  server.RaftServerConfigKeys (ConfUtils.java:logGet(46)) - raft.server.log.purge.upto.snapshot.index = false (default)
2023-05-03 09:48:19,606 [c3feb7f9-95d5-47b5-b185-2112df38a597@group-447E59233EBB-FollowerState] INFO  server.RaftServerConfigKeys (ConfUtils.java:logFallback(53)) - raft.server.rpc.first-election.timeout.min = 5s (fallback to raft.server.rpc.timeout.min)
2023-05-03 09:48:19,606 [c3feb7f9-95d5-47b5-b185-2112df38a597@group-447E59233EBB-FollowerState] INFO  server.RaftServerConfigKeys (ConfUtils.java:logFallback(53)) - raft.server.rpc.first-election.timeout.max = 5200ms (fallback to raft.server.rpc.timeout.max)
2023-05-03 09:48:19,606 [Command processor thread] INFO  ratis.XceiverServerRatis (XceiverServerRatis.java:addGroup(806)) - Created group PipelineID=98887c09-eff6-495c-bce8-447e59233ebb
2023-05-03 09:48:19,616 [grpc-default-executor-0] INFO  server.RaftServer (RaftServerProxy.java:addNew(96)) - b4fee7e9-40bc-4695-8270-a3969266ea18: addNew group-447E59233EBB:[6fdebf4b-249b-4d6b-b846-7ad5dee41c92|rpc:10.1.0.194:35567|dataStream:10.1.0.194:36435|priority:0|startupRole:FOLLOWER, b4fee7e9-40bc-4695-8270-a3969266ea18|rpc:10.1.0.194:40495|dataStream:10.1.0.194:44405|priority:1|startupRole:FOLLOWER, c3feb7f9-95d5-47b5-b185-2112df38a597|rpc:10.1.0.194:44977|dataStream:10.1.0.194:45869|priority:0|startupRole:FOLLOWER] returns group-447E59233EBB:java.util.concurrent.CompletableFuture@49bd9947[Not completed]
2023-05-03 09:48:19,617 [pool-799-thread-1] INFO  server.RaftServer$Division (RaftServerImpl.java:<init>(195)) - b4fee7e9-40bc-4695-8270-a3969266ea18: new RaftServerImpl for group-447E59233EBB:[6fdebf4b-249b-4d6b-b846-7ad5dee41c92|rpc:10.1.0.194:35567|dataStream:10.1.0.194:36435|priority:0|startupRole:FOLLOWER, b4fee7e9-40bc-4695-8270-a3969266ea18|rpc:10.1.0.194:40495|dataStream:10.1.0.194:44405|priority:1|startupRole:FOLLOWER, c3feb7f9-95d5-47b5-b185-2112df38a597|rpc:10.1.0.194:44977|dataStream:10.1.0.194:45869|priority:0|startupRole:FOLLOWER] with ContainerStateMachine:uninitialized
2023-05-03 09:48:19,617 [pool-799-thread-1] INFO  server.RaftServerConfigKeys (ConfUtils.java:logGet(46)) - raft.server.rpc.timeout.min = 5s (custom)
2023-05-03 09:48:19,617 [pool-799-thread-1] INFO  server.RaftServerConfigKeys (ConfUtils.java:logGet(46)) - raft.server.rpc.timeout.max = 5200ms (custom)
2023-05-03 09:48:19,617 [pool-799-thread-1] INFO  server.RaftServerConfigKeys (ConfUtils.java:logGet(46)) - raft.server.rpc.sleep.time = 25ms (default)
2023-05-03 09:48:19,617 [pool-799-thread-1] INFO  server.RaftServerConfigKeys (ConfUtils.java:logGet(46)) - raft.server.rpc.slowness.timeout = 300s (custom)
2023-05-03 09:48:19,617 [pool-799-thread-1] INFO  server.RaftServerConfigKeys (ConfUtils.java:logGet(46)) - raft.server.leaderelection.leader.step-down.wait-time = 10s (default)
2023-05-03 09:48:19,617 [pool-799-thread-1] INFO  server.RaftServerConfigKeys (ConfUtils.java:logGet(46)) - raft.server.sleep.deviation.threshold = 300ms (default)
2023-05-03 09:48:19,617 [pool-799-thread-1] INFO  server.RaftServer$Division (ServerState.java:<init>(118)) - b4fee7e9-40bc-4695-8270-a3969266ea18@group-447E59233EBB: ConfigurationManager, init=-1: peers:[6fdebf4b-249b-4d6b-b846-7ad5dee41c92|rpc:10.1.0.194:35567|dataStream:10.1.0.194:36435|priority:0|startupRole:FOLLOWER, b4fee7e9-40bc-4695-8270-a3969266ea18|rpc:10.1.0.194:40495|dataStream:10.1.0.194:44405|priority:1|startupRole:FOLLOWER, c3feb7f9-95d5-47b5-b185-2112df38a597|rpc:10.1.0.194:44977|dataStream:10.1.0.194:45869|priority:0|startupRole:FOLLOWER]|listeners:[], old=null, confs=<EMPTY_MAP>
2023-05-03 09:48:19,617 [pool-799-thread-1] INFO  server.RaftServerConfigKeys (ConfUtils.java:logGet(46)) - raft.server.storage.dir = [/home/runner/work/ozone/ozone/hadoop-ozone/integration-test/target/test-dir/MiniOzoneClusterImpl-376f2470-9738-4f53-87bd-21a09484475b/datanode-1/data/ratis] (custom)
2023-05-03 09:48:19,618 [pool-799-thread-1] INFO  server.RaftServerConfigKeys (ConfUtils.java:logGet(46)) - raft.server.log.corruption.policy = EXCEPTION (default)
2023-05-03 09:48:19,618 [pool-799-thread-1] INFO  server.RaftServerConfigKeys (ConfUtils.java:logGet(46)) - raft.server.storage.free-space.min = 0MB (=0) (default)
2023-05-03 09:48:19,618 [pool-799-thread-1] INFO  server.RaftServerConfigKeys (ConfUtils.java:logGet(46)) - raft.server.notification.no-leader.timeout = 300s (custom)
2023-05-03 09:48:19,618 [pool-799-thread-1] INFO  server.RaftServerConfigKeys (ConfUtils.java:logGet(46)) - raft.server.retrycache.expirytime = 600000ms (custom)
2023-05-03 09:48:19,618 [pool-799-thread-1] INFO  server.RaftServerConfigKeys (ConfUtils.java:logGet(46)) - raft.server.retrycache.statistics.expirytime = 100μs (default)
2023-05-03 09:48:19,622 [pool-799-thread-1] INFO  server.RaftServerConfigKeys (ConfUtils.java:logGet(46)) - raft.server.log.appender.install.snapshot.enabled = false (custom)
2023-05-03 09:48:19,622 [pool-799-thread-1] INFO  server.RaftServerConfigKeys (ConfUtils.java:logGet(46)) - raft.server.threadpool.server.cached = true (default)
2023-05-03 09:48:19,622 [pool-799-thread-1] INFO  server.RaftServerConfigKeys (ConfUtils.java:logGet(46)) - raft.server.threadpool.server.size = 0 (default)
2023-05-03 09:48:19,622 [pool-799-thread-1] INFO  server.RaftServerConfigKeys (ConfUtils.java:logGet(46)) - raft.server.threadpool.client.cached = true (default)
2023-05-03 09:48:19,622 [pool-799-thread-1] INFO  server.RaftServerConfigKeys (ConfUtils.java:logGet(46)) - raft.server.threadpool.client.size = 0 (default)
2023-05-03 09:48:19,622 [pool-799-thread-1] INFO  storage.RaftStorageDirectory (RaftStorageDirectoryImpl.java:analyzeStorage(137)) - The storage directory /home/runner/work/ozone/ozone/hadoop-ozone/integration-test/target/test-dir/MiniOzoneClusterImpl-376f2470-9738-4f53-87bd-21a09484475b/datanode-1/data/ratis/98887c09-eff6-495c-bce8-447e59233ebb does not exist. Creating ...
2023-05-03 09:48:19,623 [pool-799-thread-1] INFO  storage.RaftStorageDirectory (RaftStorageDirectoryImpl.java:tryLock(231)) - Lock on /home/runner/work/ozone/ozone/hadoop-ozone/integration-test/target/test-dir/MiniOzoneClusterImpl-376f2470-9738-4f53-87bd-21a09484475b/datanode-1/data/ratis/98887c09-eff6-495c-bce8-447e59233ebb/in_use.lock acquired by nodename 7780@fv-az139-793
2023-05-03 09:48:19,624 [pool-799-thread-1] INFO  storage.RaftStorage (RaftStorageImpl.java:format(96)) - Storage directory /home/runner/work/ozone/ozone/hadoop-ozone/integration-test/target/test-dir/MiniOzoneClusterImpl-376f2470-9738-4f53-87bd-21a09484475b/datanode-1/data/ratis/98887c09-eff6-495c-bce8-447e59233ebb has been successfully formatted.
2023-05-03 09:48:19,624 [pool-799-thread-1] INFO  ratis.ContainerStateMachine (ContainerStateMachine.java:loadSnapshot(262)) - group-447E59233EBB: The snapshot info is null. Setting the last applied indexto:(t:0, i:~)
2023-05-03 09:48:19,624 [pool-799-thread-1] INFO  server.RaftServerConfigKeys (ConfUtils.java:logGet(46)) - raft.server.log.use.memory = false (default)
2023-05-03 09:48:19,624 [pool-799-thread-1] INFO  server.RaftServerConfigKeys (ConfUtils.java:logGet(46)) - raft.server.log.purge.gap = 1000000 (custom)
2023-05-03 09:48:19,624 [pool-799-thread-1] INFO  server.RaftServerConfigKeys (ConfUtils.java:logGet(46)) - raft.server.log.appender.buffer.byte-limit = 33554432 (custom)
2023-05-03 09:48:19,624 [pool-799-thread-1] INFO  server.RaftServerConfigKeys (ConfUtils.java:logGet(46)) - raft.server.log.statemachine.data.read.timeout = 1000ms (default)
2023-05-03 09:48:19,625 [pool-799-thread-1] INFO  server.RaftServerConfigKeys (ConfUtils.java:logGet(46)) - raft.server.log.purge.preservation.log.num = 0 (default)
2023-05-03 09:48:19,625 [pool-799-thread-1] INFO  server.RaftServerConfigKeys (ConfUtils.java:logGet(46)) - raft.server.log.segment.size.max = 1048576 (custom)
2023-05-03 09:48:19,625 [pool-799-thread-1] INFO  server.RaftServerConfigKeys (ConfUtils.java:logGet(46)) - raft.server.log.segment.cache.num.max = 2 (custom)
2023-05-03 09:48:19,625 [pool-799-thread-1] INFO  server.RaftServerConfigKeys (ConfUtils.java:logGet(46)) - raft.server.log.segment.cache.size.max = 200MB (=209715200) (default)
2023-05-03 09:48:19,625 [pool-799-thread-1] INFO  segmented.SegmentedRaftLogWorker (SegmentedRaftLogWorker.java:<init>(189)) - new b4fee7e9-40bc-4695-8270-a3969266ea18@group-447E59233EBB-SegmentedRaftLogWorker for RaftStorageImpl:Storage Directory /home/runner/work/ozone/ozone/hadoop-ozone/integration-test/target/test-dir/MiniOzoneClusterImpl-376f2470-9738-4f53-87bd-21a09484475b/datanode-1/data/ratis/98887c09-eff6-495c-bce8-447e59233ebb
2023-05-03 09:48:19,626 [pool-799-thread-1] INFO  server.RaftServerConfigKeys (ConfUtils.java:logGet(46)) - raft.server.log.queue.byte-limit = 4294967296 (custom)
2023-05-03 09:48:19,626 [pool-799-thread-1] INFO  server.RaftServerConfigKeys (ConfUtils.java:logGet(46)) - raft.server.log.queue.element-limit = 1024 (custom)
2023-05-03 09:48:19,626 [pool-799-thread-1] INFO  server.RaftServerConfigKeys (ConfUtils.java:logGet(46)) - raft.server.log.segment.size.max = 1048576 (custom)
2023-05-03 09:48:19,626 [pool-799-thread-1] INFO  server.RaftServerConfigKeys (ConfUtils.java:logGet(46)) - raft.server.log.preallocated.size = 16384 (custom)
2023-05-03 09:48:19,626 [pool-799-thread-1] INFO  server.RaftServerConfigKeys (ConfUtils.java:logGet(46)) - raft.server.log.force.sync.num = 128 (default)
2023-05-03 09:48:19,626 [pool-799-thread-1] INFO  server.RaftServerConfigKeys (ConfUtils.java:logGet(46)) - raft.server.log.statemachine.data.sync = true (default)
2023-05-03 09:48:19,626 [pool-799-thread-1] INFO  server.RaftServerConfigKeys (ConfUtils.java:logGet(46)) - raft.server.log.statemachine.data.sync.timeout = 10s (default)
2023-05-03 09:48:19,626 [pool-799-thread-1] INFO  server.RaftServerConfigKeys (ConfUtils.java:logGet(46)) - raft.server.log.statemachine.data.sync.timeout.retry = -1 (default)
2023-05-03 09:48:19,626 [pool-799-thread-1] INFO  server.RaftServerConfigKeys (ConfUtils.java:logGet(46)) - raft.server.log.write.buffer.size = 1048576 (custom)
2023-05-03 09:48:19,627 [pool-799-thread-1] INFO  server.RaftServerConfigKeys (ConfUtils.java:logGet(46)) - raft.server.log.appender.buffer.byte-limit = 33554432 (custom)
2023-05-03 09:48:19,631 [pool-799-thread-1] INFO  server.RaftServerConfigKeys (ConfUtils.java:logGet(46)) - raft.server.log.unsafe-flush.enabled = false (default)
2023-05-03 09:48:19,631 [pool-799-thread-1] INFO  server.RaftServerConfigKeys (ConfUtils.java:logGet(46)) - raft.server.log.async-flush.enabled = false (default)
2023-05-03 09:48:19,631 [pool-799-thread-1] INFO  server.RaftServerConfigKeys (ConfUtils.java:logGet(46)) - raft.server.log.statemachine.data.caching.enabled = true (custom)
2023-05-03 09:48:19,631 [pool-799-thread-1] INFO  segmented.SegmentedRaftLogWorker (SegmentedRaftLogWorker.java:lambda$new$0(135)) - b4fee7e9-40bc-4695-8270-a3969266ea18@group-447E59233EBB-SegmentedRaftLogWorker: flushIndex: setUnconditionally 0 -> -1
2023-05-03 09:48:19,631 [pool-799-thread-1] INFO  segmented.SegmentedRaftLogWorker (SegmentedRaftLogWorker.java:lambda$new$0(135)) - b4fee7e9-40bc-4695-8270-a3969266ea18@group-447E59233EBB-SegmentedRaftLogWorker: safeCacheEvictIndex: setUnconditionally 0 -> -1
2023-05-03 09:48:19,631 [pool-799-thread-1] INFO  server.RaftServer$Division (RaftServerImpl.java:start(334)) - b4fee7e9-40bc-4695-8270-a3969266ea18@group-447E59233EBB: start as a follower, conf=-1: peers:[6fdebf4b-249b-4d6b-b846-7ad5dee41c92|rpc:10.1.0.194:35567|dataStream:10.1.0.194:36435|priority:0|startupRole:FOLLOWER, b4fee7e9-40bc-4695-8270-a3969266ea18|rpc:10.1.0.194:40495|dataStream:10.1.0.194:44405|priority:1|startupRole:FOLLOWER, c3feb7f9-95d5-47b5-b185-2112df38a597|rpc:10.1.0.194:44977|dataStream:10.1.0.194:45869|priority:0|startupRole:FOLLOWER]|listeners:[], old=null
2023-05-03 09:48:19,631 [pool-799-thread-1] INFO  server.RaftServer$Division (RaftServerImpl.java:setRole(321)) - b4fee7e9-40bc-4695-8270-a3969266ea18@group-447E59233EBB: changes role from      null to FOLLOWER at term 0 for startAsFollower
2023-05-03 09:48:19,632 [pool-799-thread-1] INFO  impl.RoleInfo (RoleInfo.java:updateAndGet(139)) - b4fee7e9-40bc-4695-8270-a3969266ea18: start b4fee7e9-40bc-4695-8270-a3969266ea18@group-447E59233EBB-FollowerState
2023-05-03 09:48:19,632 [pool-799-thread-1] INFO  util.JmxRegister (JmxRegister.java:tryRegister(44)) - Successfully registered JMX Bean with object name Ratis:service=RaftServer,group=group-447E59233EBB,id=b4fee7e9-40bc-4695-8270-a3969266ea18
2023-05-03 09:48:19,632 [pool-799-thread-1] INFO  server.RaftServerConfigKeys (ConfUtils.java:logGet(46)) - raft.server.snapshot.auto.trigger.enabled = true (custom)
2023-05-03 09:48:19,632 [pool-799-thread-1] INFO  server.RaftServerConfigKeys (ConfUtils.java:logGet(46)) - raft.server.snapshot.auto.trigger.threshold = 10000 (custom)
2023-05-03 09:48:19,632 [pool-799-thread-1] INFO  server.RaftServerConfigKeys (ConfUtils.java:logGet(46)) - raft.server.snapshot.retention.file.num = 5 (custom)
2023-05-03 09:48:19,632 [pool-799-thread-1] INFO  server.RaftServerConfigKeys (ConfUtils.java:logGet(46)) - raft.server.log.purge.upto.snapshot.index = false (default)
2023-05-03 09:48:19,632 [b4fee7e9-40bc-4695-8270-a3969266ea18@group-447E59233EBB-FollowerState] INFO  server.RaftServerConfigKeys (ConfUtils.java:logFallback(53)) - raft.server.rpc.first-election.timeout.min = 5s (fallback to raft.server.rpc.timeout.min)
2023-05-03 09:48:19,632 [b4fee7e9-40bc-4695-8270-a3969266ea18@group-447E59233EBB-FollowerState] INFO  server.RaftServerConfigKeys (ConfUtils.java:logFallback(53)) - raft.server.rpc.first-election.timeout.max = 5200ms (fallback to raft.server.rpc.timeout.max)
2023-05-03 09:48:19,645 [grpc-default-executor-0] INFO  server.RaftServer (RaftServerProxy.java:addNew(96)) - 6fdebf4b-249b-4d6b-b846-7ad5dee41c92: addNew group-447E59233EBB:[6fdebf4b-249b-4d6b-b846-7ad5dee41c92|rpc:10.1.0.194:35567|dataStream:10.1.0.194:36435|priority:0|startupRole:FOLLOWER, b4fee7e9-40bc-4695-8270-a3969266ea18|rpc:10.1.0.194:40495|dataStream:10.1.0.194:44405|priority:1|startupRole:FOLLOWER, c3feb7f9-95d5-47b5-b185-2112df38a597|rpc:10.1.0.194:44977|dataStream:10.1.0.194:45869|priority:0|startupRole:FOLLOWER] returns group-447E59233EBB:java.util.concurrent.CompletableFuture@78943c3b[Not completed]
2023-05-03 09:48:19,646 [pool-821-thread-1] INFO  server.RaftServer$Division (RaftServerImpl.java:<init>(195)) - 6fdebf4b-249b-4d6b-b846-7ad5dee41c92: new RaftServerImpl for group-447E59233EBB:[6fdebf4b-249b-4d6b-b846-7ad5dee41c92|rpc:10.1.0.194:35567|dataStream:10.1.0.194:36435|priority:0|startupRole:FOLLOWER, b4fee7e9-40bc-4695-8270-a3969266ea18|rpc:10.1.0.194:40495|dataStream:10.1.0.194:44405|priority:1|startupRole:FOLLOWER, c3feb7f9-95d5-47b5-b185-2112df38a597|rpc:10.1.0.194:44977|dataStream:10.1.0.194:45869|priority:0|startupRole:FOLLOWER] with ContainerStateMachine:uninitialized
2023-05-03 09:48:19,646 [pool-821-thread-1] INFO  server.RaftServerConfigKeys (ConfUtils.java:logGet(46)) - raft.server.rpc.timeout.min = 5s (custom)
2023-05-03 09:48:19,646 [pool-821-thread-1] INFO  server.RaftServerConfigKeys (ConfUtils.java:logGet(46)) - raft.server.rpc.timeout.max = 5200ms (custom)
2023-05-03 09:48:19,646 [pool-821-thread-1] INFO  server.RaftServerConfigKeys (ConfUtils.java:logGet(46)) - raft.server.rpc.sleep.time = 25ms (default)
2023-05-03 09:48:19,646 [pool-821-thread-1] INFO  server.RaftServerConfigKeys (ConfUtils.java:logGet(46)) - raft.server.rpc.slowness.timeout = 300s (custom)
2023-05-03 09:48:19,646 [pool-821-thread-1] INFO  server.RaftServerConfigKeys (ConfUtils.java:logGet(46)) - raft.server.leaderelection.leader.step-down.wait-time = 10s (default)
2023-05-03 09:48:19,646 [pool-821-thread-1] INFO  server.RaftServerConfigKeys (ConfUtils.java:logGet(46)) - raft.server.sleep.deviation.threshold = 300ms (default)
2023-05-03 09:48:19,646 [pool-821-thread-1] INFO  server.RaftServer$Division (ServerState.java:<init>(118)) - 6fdebf4b-249b-4d6b-b846-7ad5dee41c92@group-447E59233EBB: ConfigurationManager, init=-1: peers:[6fdebf4b-249b-4d6b-b846-7ad5dee41c92|rpc:10.1.0.194:35567|dataStream:10.1.0.194:36435|priority:0|startupRole:FOLLOWER, b4fee7e9-40bc-4695-8270-a3969266ea18|rpc:10.1.0.194:40495|dataStream:10.1.0.194:44405|priority:1|startupRole:FOLLOWER, c3feb7f9-95d5-47b5-b185-2112df38a597|rpc:10.1.0.194:44977|dataStream:10.1.0.194:45869|priority:0|startupRole:FOLLOWER]|listeners:[], old=null, confs=<EMPTY_MAP>
2023-05-03 09:48:19,646 [pool-821-thread-1] INFO  server.RaftServerConfigKeys (ConfUtils.java:logGet(46)) - raft.server.storage.dir = [/home/runner/work/ozone/ozone/hadoop-ozone/integration-test/target/test-dir/MiniOzoneClusterImpl-376f2470-9738-4f53-87bd-21a09484475b/datanode-2/data/ratis] (custom)
2023-05-03 09:48:19,647 [pool-821-thread-1] INFO  server.RaftServerConfigKeys (ConfUtils.java:logGet(46)) - raft.server.log.corruption.policy = EXCEPTION (default)
2023-05-03 09:48:19,647 [pool-821-thread-1] INFO  server.RaftServerConfigKeys (ConfUtils.java:logGet(46)) - raft.server.storage.free-space.min = 0MB (=0) (default)
2023-05-03 09:48:19,647 [pool-821-thread-1] INFO  server.RaftServerConfigKeys (ConfUtils.java:logGet(46)) - raft.server.notification.no-leader.timeout = 300s (custom)
2023-05-03 09:48:19,647 [pool-821-thread-1] INFO  server.RaftServerConfigKeys (ConfUtils.java:logGet(46)) - raft.server.retrycache.expirytime = 600000ms (custom)
2023-05-03 09:48:19,647 [pool-821-thread-1] INFO  server.RaftServerConfigKeys (ConfUtils.java:logGet(46)) - raft.server.retrycache.statistics.expirytime = 100μs (default)
2023-05-03 09:48:19,647 [pool-821-thread-1] INFO  server.RaftServerConfigKeys (ConfUtils.java:logGet(46)) - raft.server.log.appender.install.snapshot.enabled = false (custom)
2023-05-03 09:48:19,647 [pool-821-thread-1] INFO  server.RaftServerConfigKeys (ConfUtils.java:logGet(46)) - raft.server.threadpool.server.cached = true (default)
2023-05-03 09:48:19,647 [pool-821-thread-1] INFO  server.RaftServerConfigKeys (ConfUtils.java:logGet(46)) - raft.server.threadpool.server.size = 0 (default)
2023-05-03 09:48:19,647 [pool-821-thread-1] INFO  server.RaftServerConfigKeys (ConfUtils.java:logGet(46)) - raft.server.threadpool.client.cached = true (default)
2023-05-03 09:48:19,647 [pool-821-thread-1] INFO  server.RaftServerConfigKeys (ConfUtils.java:logGet(46)) - raft.server.threadpool.client.size = 0 (default)
2023-05-03 09:48:19,647 [pool-821-thread-1] INFO  storage.RaftStorageDirectory (RaftStorageDirectoryImpl.java:analyzeStorage(137)) - The storage directory /home/runner/work/ozone/ozone/hadoop-ozone/integration-test/target/test-dir/MiniOzoneClusterImpl-376f2470-9738-4f53-87bd-21a09484475b/datanode-2/data/ratis/98887c09-eff6-495c-bce8-447e59233ebb does not exist. Creating ...
2023-05-03 09:48:19,648 [pool-821-thread-1] INFO  storage.RaftStorageDirectory (RaftStorageDirectoryImpl.java:tryLock(231)) - Lock on /home/runner/work/ozone/ozone/hadoop-ozone/integration-test/target/test-dir/MiniOzoneClusterImpl-376f2470-9738-4f53-87bd-21a09484475b/datanode-2/data/ratis/98887c09-eff6-495c-bce8-447e59233ebb/in_use.lock acquired by nodename 7780@fv-az139-793
2023-05-03 09:48:19,649 [pool-821-thread-1] INFO  storage.RaftStorage (RaftStorageImpl.java:format(96)) - Storage directory /home/runner/work/ozone/ozone/hadoop-ozone/integration-test/target/test-dir/MiniOzoneClusterImpl-376f2470-9738-4f53-87bd-21a09484475b/datanode-2/data/ratis/98887c09-eff6-495c-bce8-447e59233ebb has been successfully formatted.
2023-05-03 09:48:19,649 [pool-821-thread-1] INFO  ratis.ContainerStateMachine (ContainerStateMachine.java:loadSnapshot(262)) - group-447E59233EBB: The snapshot info is null. Setting the last applied indexto:(t:0, i:~)
2023-05-03 09:48:19,649 [pool-821-thread-1] INFO  server.RaftServerConfigKeys (ConfUtils.java:logGet(46)) - raft.server.log.use.memory = false (default)
2023-05-03 09:48:19,649 [pool-821-thread-1] INFO  server.RaftServerConfigKeys (ConfUtils.java:logGet(46)) - raft.server.log.purge.gap = 1000000 (custom)
2023-05-03 09:48:19,649 [pool-821-thread-1] INFO  server.RaftServerConfigKeys (ConfUtils.java:logGet(46)) - raft.server.log.appender.buffer.byte-limit = 33554432 (custom)
2023-05-03 09:48:19,650 [pool-821-thread-1] INFO  server.RaftServerConfigKeys (ConfUtils.java:logGet(46)) - raft.server.log.statemachine.data.read.timeout = 1000ms (default)
2023-05-03 09:48:19,650 [pool-821-thread-1] INFO  server.RaftServerConfigKeys (ConfUtils.java:logGet(46)) - raft.server.log.purge.preservation.log.num = 0 (default)
2023-05-03 09:48:19,650 [pool-821-thread-1] INFO  server.RaftServerConfigKeys (ConfUtils.java:logGet(46)) - raft.server.log.segment.size.max = 1048576 (custom)
2023-05-03 09:48:19,650 [pool-821-thread-1] INFO  server.RaftServerConfigKeys (ConfUtils.java:logGet(46)) - raft.server.log.segment.cache.num.max = 2 (custom)
2023-05-03 09:48:19,650 [pool-821-thread-1] INFO  server.RaftServerConfigKeys (ConfUtils.java:logGet(46)) - raft.server.log.segment.cache.size.max = 200MB (=209715200) (default)
2023-05-03 09:48:19,650 [pool-821-thread-1] INFO  segmented.SegmentedRaftLogWorker (SegmentedRaftLogWorker.java:<init>(189)) - new 6fdebf4b-249b-4d6b-b846-7ad5dee41c92@group-447E59233EBB-SegmentedRaftLogWorker for RaftStorageImpl:Storage Directory /home/runner/work/ozone/ozone/hadoop-ozone/integration-test/target/test-dir/MiniOzoneClusterImpl-376f2470-9738-4f53-87bd-21a09484475b/datanode-2/data/ratis/98887c09-eff6-495c-bce8-447e59233ebb
2023-05-03 09:48:19,650 [pool-821-thread-1] INFO  server.RaftServerConfigKeys (ConfUtils.java:logGet(46)) - raft.server.log.queue.byte-limit = 4294967296 (custom)
2023-05-03 09:48:19,650 [pool-821-thread-1] INFO  server.RaftServerConfigKeys (ConfUtils.java:logGet(46)) - raft.server.log.queue.element-limit = 1024 (custom)
2023-05-03 09:48:19,650 [pool-821-thread-1] INFO  server.RaftServerConfigKeys (ConfUtils.java:logGet(46)) - raft.server.log.segment.size.max = 1048576 (custom)
2023-05-03 09:48:19,650 [pool-821-thread-1] INFO  server.RaftServerConfigKeys (ConfUtils.java:logGet(46)) - raft.server.log.preallocated.size = 16384 (custom)
2023-05-03 09:48:19,650 [pool-821-thread-1] INFO  server.RaftServerConfigKeys (ConfUtils.java:logGet(46)) - raft.server.log.force.sync.num = 128 (default)
2023-05-03 09:48:19,650 [pool-821-thread-1] INFO  server.RaftServerConfigKeys (ConfUtils.java:logGet(46)) - raft.server.log.statemachine.data.sync = true (default)
2023-05-03 09:48:19,650 [pool-821-thread-1] INFO  server.RaftServerConfigKeys (ConfUtils.java:logGet(46)) - raft.server.log.statemachine.data.sync.timeout = 10s (default)
2023-05-03 09:48:19,651 [pool-821-thread-1] INFO  server.RaftServerConfigKeys (ConfUtils.java:logGet(46)) - raft.server.log.statemachine.data.sync.timeout.retry = -1 (default)
2023-05-03 09:48:19,651 [pool-821-thread-1] INFO  server.RaftServerConfigKeys (ConfUtils.java:logGet(46)) - raft.server.log.write.buffer.size = 1048576 (custom)
2023-05-03 09:48:19,651 [pool-821-thread-1] INFO  server.RaftServerConfigKeys (ConfUtils.java:logGet(46)) - raft.server.log.appender.buffer.byte-limit = 33554432 (custom)
2023-05-03 09:48:19,654 [pool-821-thread-1] INFO  server.RaftServerConfigKeys (ConfUtils.java:logGet(46)) - raft.server.log.unsafe-flush.enabled = false (default)
2023-05-03 09:48:19,654 [pool-821-thread-1] INFO  server.RaftServerConfigKeys (ConfUtils.java:logGet(46)) - raft.server.log.async-flush.enabled = false (default)
2023-05-03 09:48:19,654 [pool-821-thread-1] INFO  server.RaftServerConfigKeys (ConfUtils.java:logGet(46)) - raft.server.log.statemachine.data.caching.enabled = true (custom)
2023-05-03 09:48:19,654 [pool-821-thread-1] INFO  segmented.SegmentedRaftLogWorker (SegmentedRaftLogWorker.java:lambda$new$0(135)) - 6fdebf4b-249b-4d6b-b846-7ad5dee41c92@group-447E59233EBB-SegmentedRaftLogWorker: flushIndex: setUnconditionally 0 -> -1
2023-05-03 09:48:19,654 [pool-821-thread-1] INFO  segmented.SegmentedRaftLogWorker (SegmentedRaftLogWorker.java:lambda$new$0(135)) - 6fdebf4b-249b-4d6b-b846-7ad5dee41c92@group-447E59233EBB-SegmentedRaftLogWorker: safeCacheEvictIndex: setUnconditionally 0 -> -1
2023-05-03 09:48:19,655 [pool-821-thread-1] INFO  server.RaftServer$Division (RaftServerImpl.java:start(334)) - 6fdebf4b-249b-4d6b-b846-7ad5dee41c92@group-447E59233EBB: start as a follower, conf=-1: peers:[6fdebf4b-249b-4d6b-b846-7ad5dee41c92|rpc:10.1.0.194:35567|dataStream:10.1.0.194:36435|priority:0|startupRole:FOLLOWER, b4fee7e9-40bc-4695-8270-a3969266ea18|rpc:10.1.0.194:40495|dataStream:10.1.0.194:44405|priority:1|startupRole:FOLLOWER, c3feb7f9-95d5-47b5-b185-2112df38a597|rpc:10.1.0.194:44977|dataStream:10.1.0.194:45869|priority:0|startupRole:FOLLOWER]|listeners:[], old=null
2023-05-03 09:48:19,655 [pool-821-thread-1] INFO  server.RaftServer$Division (RaftServerImpl.java:setRole(321)) - 6fdebf4b-249b-4d6b-b846-7ad5dee41c92@group-447E59233EBB: changes role from      null to FOLLOWER at term 0 for startAsFollower
2023-05-03 09:48:19,655 [pool-821-thread-1] INFO  impl.RoleInfo (RoleInfo.java:updateAndGet(139)) - 6fdebf4b-249b-4d6b-b846-7ad5dee41c92: start 6fdebf4b-249b-4d6b-b846-7ad5dee41c92@group-447E59233EBB-FollowerState
2023-05-03 09:48:19,655 [pool-821-thread-1] INFO  util.JmxRegister (JmxRegister.java:tryRegister(44)) - Successfully registered JMX Bean with object name Ratis:service=RaftServer,group=group-447E59233EBB,id=6fdebf4b-249b-4d6b-b846-7ad5dee41c92
2023-05-03 09:48:19,655 [pool-821-thread-1] INFO  server.RaftServerConfigKeys (ConfUtils.java:logGet(46)) - raft.server.snapshot.auto.trigger.enabled = true (custom)
2023-05-03 09:48:19,655 [pool-821-thread-1] INFO  server.RaftServerConfigKeys (ConfUtils.java:logGet(46)) - raft.server.snapshot.auto.trigger.threshold = 10000 (custom)
2023-05-03 09:48:19,655 [pool-821-thread-1] INFO  server.RaftServerConfigKeys (ConfUtils.java:logGet(46)) - raft.server.snapshot.retention.file.num = 5 (custom)
2023-05-03 09:48:19,655 [pool-821-thread-1] INFO  server.RaftServerConfigKeys (ConfUtils.java:logGet(46)) - raft.server.log.purge.upto.snapshot.index = false (default)
2023-05-03 09:48:19,655 [6fdebf4b-249b-4d6b-b846-7ad5dee41c92@group-447E59233EBB-FollowerState] INFO  server.RaftServerConfigKeys (ConfUtils.java:logFallback(53)) - raft.server.rpc.first-election.timeout.min = 5s (fallback to raft.server.rpc.timeout.min)
2023-05-03 09:48:19,655 [6fdebf4b-249b-4d6b-b846-7ad5dee41c92@group-447E59233EBB-FollowerState] INFO  server.RaftServerConfigKeys (ConfUtils.java:logFallback(53)) - raft.server.rpc.first-election.timeout.max = 5200ms (fallback to raft.server.rpc.timeout.max)
2023-05-03 09:48:19,661 [Command processor thread] INFO  commandhandler.CreatePipelineCommandHandler (CreatePipelineCommandHandler.java:handle(113)) - Created Pipeline RATIS THREE PipelineID=98887c09-eff6-495c-bce8-447e59233ebb.
2023-05-03 09:48:19,799 [Command processor thread] INFO  server.RaftServer (RaftServerProxy.java:addNew(96)) - b4fee7e9-40bc-4695-8270-a3969266ea18: addNew group-9ACD763AD596:[b4fee7e9-40bc-4695-8270-a3969266ea18|rpc:10.1.0.194:40495|dataStream:10.1.0.194:44405|priority:1|startupRole:FOLLOWER] returns group-9ACD763AD596:java.util.concurrent.CompletableFuture@580656b[Not completed]
2023-05-03 09:48:19,800 [pool-799-thread-1] INFO  server.RaftServer$Division (RaftServerImpl.java:<init>(195)) - b4fee7e9-40bc-4695-8270-a3969266ea18: new RaftServerImpl for group-9ACD763AD596:[b4fee7e9-40bc-4695-8270-a3969266ea18|rpc:10.1.0.194:40495|dataStream:10.1.0.194:44405|priority:1|startupRole:FOLLOWER] with ContainerStateMachine:uninitialized
2023-05-03 09:48:19,800 [pool-799-thread-1] INFO  server.RaftServerConfigKeys (ConfUtils.java:logGet(46)) - raft.server.rpc.timeout.min = 5s (custom)
2023-05-03 09:48:19,800 [pool-799-thread-1] INFO  server.RaftServerConfigKeys (ConfUtils.java:logGet(46)) - raft.server.rpc.timeout.max = 5200ms (custom)
2023-05-03 09:48:19,800 [pool-799-thread-1] INFO  server.RaftServerConfigKeys (ConfUtils.java:logGet(46)) - raft.server.rpc.sleep.time = 25ms (default)
2023-05-03 09:48:19,800 [pool-799-thread-1] INFO  server.RaftServerConfigKeys (ConfUtils.java:logGet(46)) - raft.server.rpc.slowness.timeout = 300s (custom)
2023-05-03 09:48:19,800 [pool-799-thread-1] INFO  server.RaftServerConfigKeys (ConfUtils.java:logGet(46)) - raft.server.leaderelection.leader.step-down.wait-time = 10s (default)
2023-05-03 09:48:19,800 [pool-799-thread-1] INFO  server.RaftServerConfigKeys (ConfUtils.java:logGet(46)) - raft.server.sleep.deviation.threshold = 300ms (default)
2023-05-03 09:48:19,800 [pool-799-thread-1] INFO  server.RaftServer$Division (ServerState.java:<init>(118)) - b4fee7e9-40bc-4695-8270-a3969266ea18@group-9ACD763AD596: ConfigurationManager, init=-1: peers:[b4fee7e9-40bc-4695-8270-a3969266ea18|rpc:10.1.0.194:40495|dataStream:10.1.0.194:44405|priority:1|startupRole:FOLLOWER]|listeners:[], old=null, confs=<EMPTY_MAP>
2023-05-03 09:48:19,800 [pool-799-thread-1] INFO  server.RaftServerConfigKeys (ConfUtils.java:logGet(46)) - raft.server.storage.dir = [/home/runner/work/ozone/ozone/hadoop-ozone/integration-test/target/test-dir/MiniOzoneClusterImpl-376f2470-9738-4f53-87bd-21a09484475b/datanode-1/data/ratis] (custom)
2023-05-03 09:48:19,800 [pool-799-thread-1] INFO  server.RaftServerConfigKeys (ConfUtils.java:logGet(46)) - raft.server.log.corruption.policy = EXCEPTION (default)
2023-05-03 09:48:19,800 [pool-799-thread-1] INFO  server.RaftServerConfigKeys (ConfUtils.java:logGet(46)) - raft.server.storage.free-space.min = 0MB (=0) (default)
2023-05-03 09:48:19,800 [pool-799-thread-1] INFO  server.RaftServerConfigKeys (ConfUtils.java:logGet(46)) - raft.server.notification.no-leader.timeout = 300s (custom)
2023-05-03 09:48:19,800 [pool-799-thread-1] INFO  server.RaftServerConfigKeys (ConfUtils.java:logGet(46)) - raft.server.retrycache.expirytime = 600000ms (custom)
2023-05-03 09:48:19,800 [pool-799-thread-1] INFO  server.RaftServerConfigKeys (ConfUtils.java:logGet(46)) - raft.server.retrycache.statistics.expirytime = 100μs (default)
2023-05-03 09:48:19,801 [pool-799-thread-1] INFO  server.RaftServerConfigKeys (ConfUtils.java:logGet(46)) - raft.server.log.appender.install.snapshot.enabled = false (custom)
2023-05-03 09:48:19,801 [pool-799-thread-1] INFO  server.RaftServerConfigKeys (ConfUtils.java:logGet(46)) - raft.server.threadpool.server.cached = true (default)
2023-05-03 09:48:19,801 [pool-799-thread-1] INFO  server.RaftServerConfigKeys (ConfUtils.java:logGet(46)) - raft.server.threadpool.server.size = 0 (default)
2023-05-03 09:48:19,801 [pool-799-thread-1] INFO  server.RaftServerConfigKeys (ConfUtils.java:logGet(46)) - raft.server.threadpool.client.cached = true (default)
2023-05-03 09:48:19,801 [pool-799-thread-1] INFO  server.RaftServerConfigKeys (ConfUtils.java:logGet(46)) - raft.server.threadpool.client.size = 0 (default)
2023-05-03 09:48:19,801 [pool-799-thread-1] INFO  storage.RaftStorageDirectory (RaftStorageDirectoryImpl.java:analyzeStorage(137)) - The storage directory /home/runner/work/ozone/ozone/hadoop-ozone/integration-test/target/test-dir/MiniOzoneClusterImpl-376f2470-9738-4f53-87bd-21a09484475b/datanode-1/data/ratis/895778d8-1ea2-4097-8870-9acd763ad596 does not exist. Creating ...
2023-05-03 09:48:19,802 [pool-799-thread-1] INFO  storage.RaftStorageDirectory (RaftStorageDirectoryImpl.java:tryLock(231)) - Lock on /home/runner/work/ozone/ozone/hadoop-ozone/integration-test/target/test-dir/MiniOzoneClusterImpl-376f2470-9738-4f53-87bd-21a09484475b/datanode-1/data/ratis/895778d8-1ea2-4097-8870-9acd763ad596/in_use.lock acquired by nodename 7780@fv-az139-793
2023-05-03 09:48:19,803 [pool-799-thread-1] INFO  storage.RaftStorage (RaftStorageImpl.java:format(96)) - Storage directory /home/runner/work/ozone/ozone/hadoop-ozone/integration-test/target/test-dir/MiniOzoneClusterImpl-376f2470-9738-4f53-87bd-21a09484475b/datanode-1/data/ratis/895778d8-1ea2-4097-8870-9acd763ad596 has been successfully formatted.
2023-05-03 09:48:19,804 [pool-799-thread-1] INFO  ratis.ContainerStateMachine (ContainerStateMachine.java:loadSnapshot(262)) - group-9ACD763AD596: The snapshot info is null. Setting the last applied indexto:(t:0, i:~)
2023-05-03 09:48:19,804 [pool-799-thread-1] INFO  server.RaftServerConfigKeys (ConfUtils.java:logGet(46)) - raft.server.log.use.memory = false (default)
2023-05-03 09:48:19,804 [pool-799-thread-1] INFO  server.RaftServerConfigKeys (ConfUtils.java:logGet(46)) - raft.server.log.purge.gap = 1000000 (custom)
2023-05-03 09:48:19,804 [pool-799-thread-1] INFO  server.RaftServerConfigKeys (ConfUtils.java:logGet(46)) - raft.server.log.appender.buffer.byte-limit = 33554432 (custom)
2023-05-03 09:48:19,804 [pool-799-thread-1] INFO  server.RaftServerConfigKeys (ConfUtils.java:logGet(46)) - raft.server.log.statemachine.data.read.timeout = 1000ms (default)
2023-05-03 09:48:19,805 [pool-799-thread-1] INFO  server.RaftServerConfigKeys (ConfUtils.java:logGet(46)) - raft.server.log.purge.preservation.log.num = 0 (default)
2023-05-03 09:48:19,805 [EventQueue-PipelineReportForPipelineReportHandler] INFO  pipeline.PipelineManagerImpl (PipelineManagerImpl.java:openPipeline(367)) - Pipeline Pipeline[ Id: 895778d8-1ea2-4097-8870-9acd763ad596, Nodes: b4fee7e9-40bc-4695-8270-a3969266ea18(fv-az139-793.t0dryja4c43urhy2nvp0adewnd.cx.internal.cloudapp.net/10.1.0.194), ReplicationConfig: RATIS/ONE, State:ALLOCATED, leaderId:b4fee7e9-40bc-4695-8270-a3969266ea18, CreationTimestamp2023-05-03T09:48:16.802Z[Etc/UTC]] moved to OPEN state
2023-05-03 09:48:19,805 [EventQueue-OpenPipelineForHealthyPipelineSafeModeRule] INFO  safemode.SCMSafeModeManager (HealthyPipelineSafeModeRule.java:process(137)) - SCM in safe mode. Healthy pipelines reported count is 0, required healthy pipeline reported count is 1
2023-05-03 09:48:19,805 [pool-799-thread-1] INFO  server.RaftServerConfigKeys (ConfUtils.java:logGet(46)) - raft.server.log.segment.size.max = 1048576 (custom)
2023-05-03 09:48:19,805 [pool-799-thread-1] INFO  server.RaftServerConfigKeys (ConfUtils.java:logGet(46)) - raft.server.log.segment.cache.num.max = 2 (custom)
2023-05-03 09:48:19,805 [pool-799-thread-1] INFO  server.RaftServerConfigKeys (ConfUtils.java:logGet(46)) - raft.server.log.segment.cache.size.max = 200MB (=209715200) (default)
2023-05-03 09:48:19,805 [pool-799-thread-1] INFO  segmented.SegmentedRaftLogWorker (SegmentedRaftLogWorker.java:<init>(189)) - new b4fee7e9-40bc-4695-8270-a3969266ea18@group-9ACD763AD596-SegmentedRaftLogWorker for RaftStorageImpl:Storage Directory /home/runner/work/ozone/ozone/hadoop-ozone/integration-test/target/test-dir/MiniOzoneClusterImpl-376f2470-9738-4f53-87bd-21a09484475b/datanode-1/data/ratis/895778d8-1ea2-4097-8870-9acd763ad596
2023-05-03 09:48:19,805 [pool-799-thread-1] INFO  server.RaftServerConfigKeys (ConfUtils.java:logGet(46)) - raft.server.log.queue.byte-limit = 4294967296 (custom)
2023-05-03 09:48:19,806 [pool-799-thread-1] INFO  server.RaftServerConfigKeys (ConfUtils.java:logGet(46)) - raft.server.log.queue.element-limit = 1024 (custom)
2023-05-03 09:48:19,806 [pool-799-thread-1] INFO  server.RaftServerConfigKeys (ConfUtils.java:logGet(46)) - raft.server.log.segment.size.max = 1048576 (custom)
2023-05-03 09:48:19,806 [pool-799-thread-1] INFO  server.RaftServerConfigKeys (ConfUtils.java:logGet(46)) - raft.server.log.preallocated.size = 16384 (custom)
2023-05-03 09:48:19,806 [pool-799-thread-1] INFO  server.RaftServerConfigKeys (ConfUtils.java:logGet(46)) - raft.server.log.force.sync.num = 128 (default)
2023-05-03 09:48:19,806 [pool-799-thread-1] INFO  server.RaftServerConfigKeys (ConfUtils.java:logGet(46)) - raft.server.log.statemachine.data.sync = true (default)
2023-05-03 09:48:19,806 [pool-799-thread-1] INFO  server.RaftServerConfigKeys (ConfUtils.java:logGet(46)) - raft.server.log.statemachine.data.sync.timeout = 10s (default)
2023-05-03 09:48:19,806 [pool-799-thread-1] INFO  server.RaftServerConfigKeys (ConfUtils.java:logGet(46)) - raft.server.log.statemachine.data.sync.timeout.retry = -1 (default)
2023-05-03 09:48:19,806 [pool-799-thread-1] INFO  server.RaftServerConfigKeys (ConfUtils.java:logGet(46)) - raft.server.log.write.buffer.size = 1048576 (custom)
2023-05-03 09:48:19,807 [pool-799-thread-1] INFO  server.RaftServerConfigKeys (ConfUtils.java:logGet(46)) - raft.server.log.appender.buffer.byte-limit = 33554432 (custom)
2023-05-03 09:48:19,811 [pool-799-thread-1] INFO  server.RaftServerConfigKeys (ConfUtils.java:logGet(46)) - raft.server.log.unsafe-flush.enabled = false (default)
2023-05-03 09:48:19,811 [pool-799-thread-1] INFO  server.RaftServerConfigKeys (ConfUtils.java:logGet(46)) - raft.server.log.async-flush.enabled = false (default)
2023-05-03 09:48:19,811 [pool-799-thread-1] INFO  server.RaftServerConfigKeys (ConfUtils.java:logGet(46)) - raft.server.log.statemachine.data.caching.enabled = true (custom)
2023-05-03 09:48:19,811 [pool-799-thread-1] INFO  segmented.SegmentedRaftLogWorker (SegmentedRaftLogWorker.java:lambda$new$0(135)) - b4fee7e9-40bc-4695-8270-a3969266ea18@group-9ACD763AD596-SegmentedRaftLogWorker: flushIndex: setUnconditionally 0 -> -1
2023-05-03 09:48:19,811 [pool-799-thread-1] INFO  segmented.SegmentedRaftLogWorker (SegmentedRaftLogWorker.java:lambda$new$0(135)) - b4fee7e9-40bc-4695-8270-a3969266ea18@group-9ACD763AD596-SegmentedRaftLogWorker: safeCacheEvictIndex: setUnconditionally 0 -> -1
2023-05-03 09:48:19,812 [pool-799-thread-1] INFO  server.RaftServer$Division (RaftServerImpl.java:start(334)) - b4fee7e9-40bc-4695-8270-a3969266ea18@group-9ACD763AD596: start as a follower, conf=-1: peers:[b4fee7e9-40bc-4695-8270-a3969266ea18|rpc:10.1.0.194:40495|dataStream:10.1.0.194:44405|priority:1|startupRole:FOLLOWER]|listeners:[], old=null
2023-05-03 09:48:19,812 [pool-799-thread-1] INFO  server.RaftServer$Division (RaftServerImpl.java:setRole(321)) - b4fee7e9-40bc-4695-8270-a3969266ea18@group-9ACD763AD596: changes role from      null to FOLLOWER at term 0 for startAsFollower
2023-05-03 09:48:19,812 [pool-799-thread-1] INFO  impl.RoleInfo (RoleInfo.java:updateAndGet(139)) - b4fee7e9-40bc-4695-8270-a3969266ea18: start b4fee7e9-40bc-4695-8270-a3969266ea18@group-9ACD763AD596-FollowerState
2023-05-03 09:48:19,814 [b4fee7e9-40bc-4695-8270-a3969266ea18@group-9ACD763AD596-FollowerState] INFO  server.RaftServerConfigKeys (ConfUtils.java:logFallback(53)) - raft.server.rpc.first-election.timeout.min = 5s (fallback to raft.server.rpc.timeout.min)
2023-05-03 09:48:19,815 [b4fee7e9-40bc-4695-8270-a3969266ea18@group-9ACD763AD596-FollowerState] INFO  server.RaftServerConfigKeys (ConfUtils.java:logFallback(53)) - raft.server.rpc.first-election.timeout.max = 5200ms (fallback to raft.server.rpc.timeout.max)
2023-05-03 09:48:19,815 [pool-799-thread-1] INFO  util.JmxRegister (JmxRegister.java:tryRegister(44)) - Successfully registered JMX Bean with object name Ratis:service=RaftServer,group=group-9ACD763AD596,id=b4fee7e9-40bc-4695-8270-a3969266ea18
2023-05-03 09:48:19,815 [pool-799-thread-1] INFO  server.RaftServerConfigKeys (ConfUtils.java:logGet(46)) - raft.server.snapshot.auto.trigger.enabled = true (custom)
2023-05-03 09:48:19,815 [pool-799-thread-1] INFO  server.RaftServerConfigKeys (ConfUtils.java:logGet(46)) - raft.server.snapshot.auto.trigger.threshold = 10000 (custom)
2023-05-03 09:48:19,815 [pool-799-thread-1] INFO  server.RaftServerConfigKeys (ConfUtils.java:logGet(46)) - raft.server.snapshot.retention.file.num = 5 (custom)
2023-05-03 09:48:19,815 [pool-799-thread-1] INFO  server.RaftServerConfigKeys (ConfUtils.java:logGet(46)) - raft.server.log.purge.upto.snapshot.index = false (default)
2023-05-03 09:48:19,820 [Command processor thread] INFO  ratis.XceiverServerRatis (XceiverServerRatis.java:addGroup(806)) - Created group PipelineID=895778d8-1ea2-4097-8870-9acd763ad596
2023-05-03 09:48:19,820 [Command processor thread] INFO  commandhandler.CreatePipelineCommandHandler (CreatePipelineCommandHandler.java:handle(113)) - Created Pipeline RATIS ONE PipelineID=895778d8-1ea2-4097-8870-9acd763ad596.
2023-05-03 09:48:20,160 [Listener at 127.0.0.1/33989] INFO  ozone.MiniOzoneClusterImpl (MiniOzoneClusterImpl.java:lambda$waitForClusterToBeReady$0(223)) - Nodes are ready. Got 3 of 3 DN Heartbeats.
2023-05-03 09:48:20,160 [Listener at 127.0.0.1/33989] INFO  ozone.MiniOzoneClusterImpl (MiniOzoneClusterImpl.java:lambda$waitForClusterToBeReady$0(226)) - Waiting for cluster to exit safe mode
2023-05-03 09:48:20,160 [Listener at 127.0.0.1/33989] INFO  ozone.MiniOzoneClusterImpl (MiniOzoneClusterImpl.java:lambda$waitForClusterToBeReady$0(228)) - SCM became leader
2023-05-03 09:48:20,166 [Command processor thread] INFO  server.RaftServer (RaftServerProxy.java:addNew(96)) - 6fdebf4b-249b-4d6b-b846-7ad5dee41c92: addNew group-0FE4803270C1:[6fdebf4b-249b-4d6b-b846-7ad5dee41c92|rpc:10.1.0.194:35567|dataStream:10.1.0.194:36435|priority:1|startupRole:FOLLOWER] returns group-0FE4803270C1:java.util.concurrent.CompletableFuture@77315127[Not completed]
2023-05-03 09:48:20,167 [pool-821-thread-1] INFO  server.RaftServer$Division (RaftServerImpl.java:<init>(195)) - 6fdebf4b-249b-4d6b-b846-7ad5dee41c92: new RaftServerImpl for group-0FE4803270C1:[6fdebf4b-249b-4d6b-b846-7ad5dee41c92|rpc:10.1.0.194:35567|dataStream:10.1.0.194:36435|priority:1|startupRole:FOLLOWER] with ContainerStateMachine:uninitialized
2023-05-03 09:48:20,167 [pool-821-thread-1] INFO  server.RaftServerConfigKeys (ConfUtils.java:logGet(46)) - raft.server.rpc.timeout.min = 5s (custom)
2023-05-03 09:48:20,167 [pool-821-thread-1] INFO  server.RaftServerConfigKeys (ConfUtils.java:logGet(46)) - raft.server.rpc.timeout.max = 5200ms (custom)
2023-05-03 09:48:20,167 [pool-821-thread-1] INFO  server.RaftServerConfigKeys (ConfUtils.java:logGet(46)) - raft.server.rpc.sleep.time = 25ms (default)
2023-05-03 09:48:20,167 [pool-821-thread-1] INFO  server.RaftServerConfigKeys (ConfUtils.java:logGet(46)) - raft.server.rpc.slowness.timeout = 300s (custom)
2023-05-03 09:48:20,167 [pool-821-thread-1] INFO  server.RaftServerConfigKeys (ConfUtils.java:logGet(46)) - raft.server.leaderelection.leader.step-down.wait-time = 10s (default)
2023-05-03 09:48:20,167 [pool-821-thread-1] INFO  server.RaftServerConfigKeys (ConfUtils.java:logGet(46)) - raft.server.sleep.deviation.threshold = 300ms (default)
2023-05-03 09:48:20,167 [pool-821-thread-1] INFO  server.RaftServer$Division (ServerState.java:<init>(118)) - 6fdebf4b-249b-4d6b-b846-7ad5dee41c92@group-0FE4803270C1: ConfigurationManager, init=-1: peers:[6fdebf4b-249b-4d6b-b846-7ad5dee41c92|rpc:10.1.0.194:35567|dataStream:10.1.0.194:36435|priority:1|startupRole:FOLLOWER]|listeners:[], old=null, confs=<EMPTY_MAP>
2023-05-03 09:48:20,167 [pool-821-thread-1] INFO  server.RaftServerConfigKeys (ConfUtils.java:logGet(46)) - raft.server.storage.dir = [/home/runner/work/ozone/ozone/hadoop-ozone/integration-test/target/test-dir/MiniOzoneClusterImpl-376f2470-9738-4f53-87bd-21a09484475b/datanode-2/data/ratis] (custom)
2023-05-03 09:48:20,167 [pool-821-thread-1] INFO  server.RaftServerConfigKeys (ConfUtils.java:logGet(46)) - raft.server.log.corruption.policy = EXCEPTION (default)
2023-05-03 09:48:20,167 [pool-821-thread-1] INFO  server.RaftServerConfigKeys (ConfUtils.java:logGet(46)) - raft.server.storage.free-space.min = 0MB (=0) (default)
2023-05-03 09:48:20,167 [pool-821-thread-1] INFO  server.RaftServerConfigKeys (ConfUtils.java:logGet(46)) - raft.server.notification.no-leader.timeout = 300s (custom)
2023-05-03 09:48:20,167 [pool-821-thread-1] INFO  server.RaftServerConfigKeys (ConfUtils.java:logGet(46)) - raft.server.retrycache.expirytime = 600000ms (custom)
2023-05-03 09:48:20,168 [pool-821-thread-1] INFO  server.RaftServerConfigKeys (ConfUtils.java:logGet(46)) - raft.server.retrycache.statistics.expirytime = 100μs (default)
2023-05-03 09:48:20,168 [pool-821-thread-1] INFO  server.RaftServerConfigKeys (ConfUtils.java:logGet(46)) - raft.server.log.appender.install.snapshot.enabled = false (custom)
2023-05-03 09:48:20,168 [pool-821-thread-1] INFO  server.RaftServerConfigKeys (ConfUtils.java:logGet(46)) - raft.server.threadpool.server.cached = true (default)
2023-05-03 09:48:20,168 [pool-821-thread-1] INFO  server.RaftServerConfigKeys (ConfUtils.java:logGet(46)) - raft.server.threadpool.server.size = 0 (default)
2023-05-03 09:48:20,168 [pool-821-thread-1] INFO  server.RaftServerConfigKeys (ConfUtils.java:logGet(46)) - raft.server.threadpool.client.cached = true (default)
2023-05-03 09:48:20,168 [pool-821-thread-1] INFO  server.RaftServerConfigKeys (ConfUtils.java:logGet(46)) - raft.server.threadpool.client.size = 0 (default)
2023-05-03 09:48:20,168 [pool-821-thread-1] INFO  storage.RaftStorageDirectory (RaftStorageDirectoryImpl.java:analyzeStorage(137)) - The storage directory /home/runner/work/ozone/ozone/hadoop-ozone/integration-test/target/test-dir/MiniOzoneClusterImpl-376f2470-9738-4f53-87bd-21a09484475b/datanode-2/data/ratis/1b4ac48d-ad28-4f7e-b5a8-0fe4803270c1 does not exist. Creating ...
2023-05-03 09:48:20,170 [pool-821-thread-1] INFO  storage.RaftStorageDirectory (RaftStorageDirectoryImpl.java:tryLock(231)) - Lock on /home/runner/work/ozone/ozone/hadoop-ozone/integration-test/target/test-dir/MiniOzoneClusterImpl-376f2470-9738-4f53-87bd-21a09484475b/datanode-2/data/ratis/1b4ac48d-ad28-4f7e-b5a8-0fe4803270c1/in_use.lock acquired by nodename 7780@fv-az139-793
2023-05-03 09:48:20,171 [pool-821-thread-1] INFO  storage.RaftStorage (RaftStorageImpl.java:format(96)) - Storage directory /home/runner/work/ozone/ozone/hadoop-ozone/integration-test/target/test-dir/MiniOzoneClusterImpl-376f2470-9738-4f53-87bd-21a09484475b/datanode-2/data/ratis/1b4ac48d-ad28-4f7e-b5a8-0fe4803270c1 has been successfully formatted.
2023-05-03 09:48:20,172 [pool-821-thread-1] INFO  ratis.ContainerStateMachine (ContainerStateMachine.java:loadSnapshot(262)) - group-0FE4803270C1: The snapshot info is null. Setting the last applied indexto:(t:0, i:~)
2023-05-03 09:48:20,172 [pool-821-thread-1] INFO  server.RaftServerConfigKeys (ConfUtils.java:logGet(46)) - raft.server.log.use.memory = false (default)
2023-05-03 09:48:20,172 [pool-821-thread-1] INFO  server.RaftServerConfigKeys (ConfUtils.java:logGet(46)) - raft.server.log.purge.gap = 1000000 (custom)
2023-05-03 09:48:20,172 [pool-821-thread-1] INFO  server.RaftServerConfigKeys (ConfUtils.java:logGet(46)) - raft.server.log.appender.buffer.byte-limit = 33554432 (custom)
2023-05-03 09:48:20,172 [pool-821-thread-1] INFO  server.RaftServerConfigKeys (ConfUtils.java:logGet(46)) - raft.server.log.statemachine.data.read.timeout = 1000ms (default)
2023-05-03 09:48:20,172 [pool-821-thread-1] INFO  server.RaftServerConfigKeys (ConfUtils.java:logGet(46)) - raft.server.log.purge.preservation.log.num = 0 (default)
2023-05-03 09:48:20,172 [pool-821-thread-1] INFO  server.RaftServerConfigKeys (ConfUtils.java:logGet(46)) - raft.server.log.segment.size.max = 1048576 (custom)
2023-05-03 09:48:20,173 [pool-821-thread-1] INFO  server.RaftServerConfigKeys (ConfUtils.java:logGet(46)) - raft.server.log.segment.cache.num.max = 2 (custom)
2023-05-03 09:48:20,173 [pool-821-thread-1] INFO  server.RaftServerConfigKeys (ConfUtils.java:logGet(46)) - raft.server.log.segment.cache.size.max = 200MB (=209715200) (default)
2023-05-03 09:48:20,173 [pool-821-thread-1] INFO  segmented.SegmentedRaftLogWorker (SegmentedRaftLogWorker.java:<init>(189)) - new 6fdebf4b-249b-4d6b-b846-7ad5dee41c92@group-0FE4803270C1-SegmentedRaftLogWorker for RaftStorageImpl:Storage Directory /home/runner/work/ozone/ozone/hadoop-ozone/integration-test/target/test-dir/MiniOzoneClusterImpl-376f2470-9738-4f53-87bd-21a09484475b/datanode-2/data/ratis/1b4ac48d-ad28-4f7e-b5a8-0fe4803270c1
2023-05-03 09:48:20,173 [EventQueue-PipelineReportForPipelineReportHandler] INFO  pipeline.PipelineManagerImpl (PipelineManagerImpl.java:openPipeline(367)) - Pipeline Pipeline[ Id: 1b4ac48d-ad28-4f7e-b5a8-0fe4803270c1, Nodes: 6fdebf4b-249b-4d6b-b846-7ad5dee41c92(fv-az139-793.t0dryja4c43urhy2nvp0adewnd.cx.internal.cloudapp.net/10.1.0.194), ReplicationConfig: RATIS/ONE, State:ALLOCATED, leaderId:6fdebf4b-249b-4d6b-b846-7ad5dee41c92, CreationTimestamp2023-05-03T09:48:17.170Z[Etc/UTC]] moved to OPEN state
2023-05-03 09:48:20,173 [pool-821-thread-1] INFO  server.RaftServerConfigKeys (ConfUtils.java:logGet(46)) - raft.server.log.queue.byte-limit = 4294967296 (custom)
2023-05-03 09:48:20,173 [pool-821-thread-1] INFO  server.RaftServerConfigKeys (ConfUtils.java:logGet(46)) - raft.server.log.queue.element-limit = 1024 (custom)
2023-05-03 09:48:20,173 [pool-821-thread-1] INFO  server.RaftServerConfigKeys (ConfUtils.java:logGet(46)) - raft.server.log.segment.size.max = 1048576 (custom)
2023-05-03 09:48:20,173 [pool-821-thread-1] INFO  server.RaftServerConfigKeys (ConfUtils.java:logGet(46)) - raft.server.log.preallocated.size = 16384 (custom)
2023-05-03 09:48:20,173 [pool-821-thread-1] INFO  server.RaftServerConfigKeys (ConfUtils.java:logGet(46)) - raft.server.log.force.sync.num = 128 (default)
2023-05-03 09:48:20,173 [pool-821-thread-1] INFO  server.RaftServerConfigKeys (ConfUtils.java:logGet(46)) - raft.server.log.statemachine.data.sync = true (default)
2023-05-03 09:48:20,173 [pool-821-thread-1] INFO  server.RaftServerConfigKeys (ConfUtils.java:logGet(46)) - raft.server.log.statemachine.data.sync.timeout = 10s (default)
2023-05-03 09:48:20,173 [pool-821-thread-1] INFO  server.RaftServerConfigKeys (ConfUtils.java:logGet(46)) - raft.server.log.statemachine.data.sync.timeout.retry = -1 (default)
2023-05-03 09:48:20,173 [EventQueue-OpenPipelineForHealthyPipelineSafeModeRule] INFO  safemode.SCMSafeModeManager (HealthyPipelineSafeModeRule.java:process(137)) - SCM in safe mode. Healthy pipelines reported count is 0, required healthy pipeline reported count is 1
2023-05-03 09:48:20,174 [pool-821-thread-1] INFO  server.RaftServerConfigKeys (ConfUtils.java:logGet(46)) - raft.server.log.write.buffer.size = 1048576 (custom)
2023-05-03 09:48:20,174 [pool-821-thread-1] INFO  server.RaftServerConfigKeys (ConfUtils.java:logGet(46)) - raft.server.log.appender.buffer.byte-limit = 33554432 (custom)
2023-05-03 09:48:20,180 [pool-821-thread-1] INFO  server.RaftServerConfigKeys (ConfUtils.java:logGet(46)) - raft.server.log.unsafe-flush.enabled = false (default)
2023-05-03 09:48:20,180 [pool-821-thread-1] INFO  server.RaftServerConfigKeys (ConfUtils.java:logGet(46)) - raft.server.log.async-flush.enabled = false (default)
2023-05-03 09:48:20,180 [pool-821-thread-1] INFO  server.RaftServerConfigKeys (ConfUtils.java:logGet(46)) - raft.server.log.statemachine.data.caching.enabled = true (custom)
2023-05-03 09:48:20,180 [pool-821-thread-1] INFO  segmented.SegmentedRaftLogWorker (SegmentedRaftLogWorker.java:lambda$new$0(135)) - 6fdebf4b-249b-4d6b-b846-7ad5dee41c92@group-0FE4803270C1-SegmentedRaftLogWorker: flushIndex: setUnconditionally 0 -> -1
2023-05-03 09:48:20,180 [pool-821-thread-1] INFO  segmented.SegmentedRaftLogWorker (SegmentedRaftLogWorker.java:lambda$new$0(135)) - 6fdebf4b-249b-4d6b-b846-7ad5dee41c92@group-0FE4803270C1-SegmentedRaftLogWorker: safeCacheEvictIndex: setUnconditionally 0 -> -1
2023-05-03 09:48:20,181 [pool-821-thread-1] INFO  server.RaftServer$Division (RaftServerImpl.java:start(334)) - 6fdebf4b-249b-4d6b-b846-7ad5dee41c92@group-0FE4803270C1: start as a follower, conf=-1: peers:[6fdebf4b-249b-4d6b-b846-7ad5dee41c92|rpc:10.1.0.194:35567|dataStream:10.1.0.194:36435|priority:1|startupRole:FOLLOWER]|listeners:[], old=null
2023-05-03 09:48:20,181 [pool-821-thread-1] INFO  server.RaftServer$Division (RaftServerImpl.java:setRole(321)) - 6fdebf4b-249b-4d6b-b846-7ad5dee41c92@group-0FE4803270C1: changes role from      null to FOLLOWER at term 0 for startAsFollower
2023-05-03 09:48:20,181 [pool-821-thread-1] INFO  impl.RoleInfo (RoleInfo.java:updateAndGet(139)) - 6fdebf4b-249b-4d6b-b846-7ad5dee41c92: start 6fdebf4b-249b-4d6b-b846-7ad5dee41c92@group-0FE4803270C1-FollowerState
2023-05-03 09:48:20,184 [pool-821-thread-1] INFO  util.JmxRegister (JmxRegister.java:tryRegister(44)) - Successfully registered JMX Bean with object name Ratis:service=RaftServer,group=group-0FE4803270C1,id=6fdebf4b-249b-4d6b-b846-7ad5dee41c92
2023-05-03 09:48:20,184 [pool-821-thread-1] INFO  server.RaftServerConfigKeys (ConfUtils.java:logGet(46)) - raft.server.snapshot.auto.trigger.enabled = true (custom)
2023-05-03 09:48:20,184 [pool-821-thread-1] INFO  server.RaftServerConfigKeys (ConfUtils.java:logGet(46)) - raft.server.snapshot.auto.trigger.threshold = 10000 (custom)
2023-05-03 09:48:20,184 [pool-821-thread-1] INFO  server.RaftServerConfigKeys (ConfUtils.java:logGet(46)) - raft.server.snapshot.retention.file.num = 5 (custom)
2023-05-03 09:48:20,184 [pool-821-thread-1] INFO  server.RaftServerConfigKeys (ConfUtils.java:logGet(46)) - raft.server.log.purge.upto.snapshot.index = false (default)
2023-05-03 09:48:20,186 [6fdebf4b-249b-4d6b-b846-7ad5dee41c92@group-0FE4803270C1-FollowerState] INFO  server.RaftServerConfigKeys (ConfUtils.java:logFallback(53)) - raft.server.rpc.first-election.timeout.min = 5s (fallback to raft.server.rpc.timeout.min)
2023-05-03 09:48:20,186 [Command processor thread] INFO  ratis.XceiverServerRatis (XceiverServerRatis.java:addGroup(806)) - Created group PipelineID=1b4ac48d-ad28-4f7e-b5a8-0fe4803270c1
2023-05-03 09:48:20,186 [6fdebf4b-249b-4d6b-b846-7ad5dee41c92@group-0FE4803270C1-FollowerState] INFO  server.RaftServerConfigKeys (ConfUtils.java:logFallback(53)) - raft.server.rpc.first-election.timeout.max = 5200ms (fallback to raft.server.rpc.timeout.max)
2023-05-03 09:48:20,186 [Command processor thread] INFO  commandhandler.CreatePipelineCommandHandler (CreatePipelineCommandHandler.java:handle(113)) - Created Pipeline RATIS ONE PipelineID=1b4ac48d-ad28-4f7e-b5a8-0fe4803270c1.
2023-05-03 09:48:21,160 [Listener at 127.0.0.1/33989] INFO  ozone.MiniOzoneClusterImpl (MiniOzoneClusterImpl.java:lambda$waitForClusterToBeReady$0(223)) - Nodes are ready. Got 3 of 3 DN Heartbeats.
2023-05-03 09:48:21,161 [Listener at 127.0.0.1/33989] INFO  ozone.MiniOzoneClusterImpl (MiniOzoneClusterImpl.java:lambda$waitForClusterToBeReady$0(226)) - Waiting for cluster to exit safe mode
2023-05-03 09:48:21,161 [Listener at 127.0.0.1/33989] INFO  ozone.MiniOzoneClusterImpl (MiniOzoneClusterImpl.java:lambda$waitForClusterToBeReady$0(228)) - SCM became leader
2023-05-03 09:48:22,161 [Listener at 127.0.0.1/33989] INFO  ozone.MiniOzoneClusterImpl (MiniOzoneClusterImpl.java:lambda$waitForClusterToBeReady$0(223)) - Nodes are ready. Got 3 of 3 DN Heartbeats.
2023-05-03 09:48:22,161 [Listener at 127.0.0.1/33989] INFO  ozone.MiniOzoneClusterImpl (MiniOzoneClusterImpl.java:lambda$waitForClusterToBeReady$0(226)) - Waiting for cluster to exit safe mode
2023-05-03 09:48:22,161 [Listener at 127.0.0.1/33989] INFO  ozone.MiniOzoneClusterImpl (MiniOzoneClusterImpl.java:lambda$waitForClusterToBeReady$0(228)) - SCM became leader
2023-05-03 09:48:23,161 [Listener at 127.0.0.1/33989] INFO  ozone.MiniOzoneClusterImpl (MiniOzoneClusterImpl.java:lambda$waitForClusterToBeReady$0(223)) - Nodes are ready. Got 3 of 3 DN Heartbeats.
2023-05-03 09:48:23,161 [Listener at 127.0.0.1/33989] INFO  ozone.MiniOzoneClusterImpl (MiniOzoneClusterImpl.java:lambda$waitForClusterToBeReady$0(226)) - Waiting for cluster to exit safe mode
2023-05-03 09:48:23,161 [Listener at 127.0.0.1/33989] INFO  ozone.MiniOzoneClusterImpl (MiniOzoneClusterImpl.java:lambda$waitForClusterToBeReady$0(228)) - SCM became leader
2023-05-03 09:48:24,162 [Listener at 127.0.0.1/33989] INFO  ozone.MiniOzoneClusterImpl (MiniOzoneClusterImpl.java:lambda$waitForClusterToBeReady$0(223)) - Nodes are ready. Got 3 of 3 DN Heartbeats.
2023-05-03 09:48:24,162 [Listener at 127.0.0.1/33989] INFO  ozone.MiniOzoneClusterImpl (MiniOzoneClusterImpl.java:lambda$waitForClusterToBeReady$0(226)) - Waiting for cluster to exit safe mode
2023-05-03 09:48:24,162 [Listener at 127.0.0.1/33989] INFO  ozone.MiniOzoneClusterImpl (MiniOzoneClusterImpl.java:lambda$waitForClusterToBeReady$0(228)) - SCM became leader
2023-05-03 09:48:24,589 [b4fee7e9-40bc-4695-8270-a3969266ea18@group-765D16BCBD62-FollowerState] INFO  impl.FollowerState (FollowerState.java:run(143)) - b4fee7e9-40bc-4695-8270-a3969266ea18@group-765D16BCBD62-FollowerState: change to CANDIDATE, lastRpcElapsedTime:5055858535ns, electionTimeout:5050ms
2023-05-03 09:48:24,589 [b4fee7e9-40bc-4695-8270-a3969266ea18@group-765D16BCBD62-FollowerState] INFO  impl.RoleInfo (RoleInfo.java:shutdownFollowerState(110)) - b4fee7e9-40bc-4695-8270-a3969266ea18: shutdown b4fee7e9-40bc-4695-8270-a3969266ea18@group-765D16BCBD62-FollowerState
2023-05-03 09:48:24,589 [b4fee7e9-40bc-4695-8270-a3969266ea18@group-765D16BCBD62-FollowerState] INFO  server.RaftServer$Division (RaftServerImpl.java:setRole(321)) - b4fee7e9-40bc-4695-8270-a3969266ea18@group-765D16BCBD62: changes role from  FOLLOWER to CANDIDATE at term 0 for changeToCandidate
2023-05-03 09:48:24,589 [b4fee7e9-40bc-4695-8270-a3969266ea18@group-765D16BCBD62-FollowerState] INFO  server.RaftServerConfigKeys (ConfUtils.java:logGet(46)) - raft.server.leaderelection.pre-vote = true (default)
2023-05-03 09:48:24,589 [b4fee7e9-40bc-4695-8270-a3969266ea18@group-765D16BCBD62-FollowerState] INFO  impl.RoleInfo (RoleInfo.java:updateAndGet(139)) - b4fee7e9-40bc-4695-8270-a3969266ea18: start b4fee7e9-40bc-4695-8270-a3969266ea18@group-765D16BCBD62-LeaderElection29
2023-05-03 09:48:24,591 [b4fee7e9-40bc-4695-8270-a3969266ea18@group-765D16BCBD62-LeaderElection29] INFO  impl.LeaderElection (LeaderElection.java:askForVotes(312)) - b4fee7e9-40bc-4695-8270-a3969266ea18@group-765D16BCBD62-LeaderElection29 PRE_VOTE round 0: submit vote requests at term 0 for -1: peers:[6fdebf4b-249b-4d6b-b846-7ad5dee41c92|rpc:10.1.0.194:35567|dataStream:10.1.0.194:36435|priority:1|startupRole:FOLLOWER, b4fee7e9-40bc-4695-8270-a3969266ea18|rpc:10.1.0.194:40495|dataStream:10.1.0.194:44405|priority:0|startupRole:FOLLOWER, c3feb7f9-95d5-47b5-b185-2112df38a597|rpc:10.1.0.194:44977|dataStream:10.1.0.194:45869|priority:0|startupRole:FOLLOWER]|listeners:[], old=null
2023-05-03 09:48:24,591 [b4fee7e9-40bc-4695-8270-a3969266ea18@group-765D16BCBD62-LeaderElection29-1] INFO  server.GrpcServerProtocolClient (GrpcServerProtocolClient.java:<init>(63)) - Build channel for 6fdebf4b-249b-4d6b-b846-7ad5dee41c92
2023-05-03 09:48:24,593 [b4fee7e9-40bc-4695-8270-a3969266ea18@group-765D16BCBD62-LeaderElection29] INFO  server.RaftServerConfigKeys (ConfUtils.java:logFallback(53)) - raft.server.rpc.first-election.timeout.min = 5s (fallback to raft.server.rpc.timeout.min)
2023-05-03 09:48:24,593 [b4fee7e9-40bc-4695-8270-a3969266ea18@group-765D16BCBD62-LeaderElection29] INFO  server.RaftServerConfigKeys (ConfUtils.java:logFallback(53)) - raft.server.rpc.first-election.timeout.max = 5200ms (fallback to raft.server.rpc.timeout.max)
2023-05-03 09:48:24,593 [b4fee7e9-40bc-4695-8270-a3969266ea18@group-765D16BCBD62-LeaderElection29-2] INFO  server.GrpcServerProtocolClient (GrpcServerProtocolClient.java:<init>(63)) - Build channel for c3feb7f9-95d5-47b5-b185-2112df38a597
2023-05-03 09:48:24,604 [grpc-default-executor-0] INFO  server.RaftServer$Division (RaftServerImpl.java:requestVote(1218)) - 6fdebf4b-249b-4d6b-b846-7ad5dee41c92@group-765D16BCBD62: receive requestVote(PRE_VOTE, b4fee7e9-40bc-4695-8270-a3969266ea18, group-765D16BCBD62, 0, (t:0, i:0))
2023-05-03 09:48:24,604 [grpc-default-executor-0] INFO  impl.VoteContext (VoteContext.java:log(49)) - 6fdebf4b-249b-4d6b-b846-7ad5dee41c92@group-765D16BCBD62-FOLLOWER: reject PRE_VOTE from b4fee7e9-40bc-4695-8270-a3969266ea18: our priority 1 > candidate's priority 0
2023-05-03 09:48:24,604 [grpc-default-executor-0] INFO  server.RaftServer$Division (RaftServerImpl.java:requestVote(1251)) - 6fdebf4b-249b-4d6b-b846-7ad5dee41c92@group-765D16BCBD62 replies to PRE_VOTE vote request: b4fee7e9-40bc-4695-8270-a3969266ea18<-6fdebf4b-249b-4d6b-b846-7ad5dee41c92#0:FAIL-t0. Peer's state: 6fdebf4b-249b-4d6b-b846-7ad5dee41c92@group-765D16BCBD62:t0, leader=null, voted=, raftlog=Memoized:6fdebf4b-249b-4d6b-b846-7ad5dee41c92@group-765D16BCBD62-SegmentedRaftLog:OPENED:c-1, conf=-1: peers:[6fdebf4b-249b-4d6b-b846-7ad5dee41c92|rpc:10.1.0.194:35567|dataStream:10.1.0.194:36435|priority:1|startupRole:FOLLOWER, b4fee7e9-40bc-4695-8270-a3969266ea18|rpc:10.1.0.194:40495|dataStream:10.1.0.194:44405|priority:0|startupRole:FOLLOWER, c3feb7f9-95d5-47b5-b185-2112df38a597|rpc:10.1.0.194:44977|dataStream:10.1.0.194:45869|priority:0|startupRole:FOLLOWER]|listeners:[], old=null
2023-05-03 09:48:24,606 [b4fee7e9-40bc-4695-8270-a3969266ea18@group-765D16BCBD62-LeaderElection29] INFO  impl.LeaderElection (LeaderElection.java:logAndReturn(90)) - b4fee7e9-40bc-4695-8270-a3969266ea18@group-765D16BCBD62-LeaderElection29: PRE_VOTE REJECTED received 1 response(s) and 0 exception(s):
2023-05-03 09:48:24,606 [b4fee7e9-40bc-4695-8270-a3969266ea18@group-765D16BCBD62-LeaderElection29] INFO  impl.LeaderElection (LeaderElection.java:logAndReturn(94)) -   Response 0: b4fee7e9-40bc-4695-8270-a3969266ea18<-6fdebf4b-249b-4d6b-b846-7ad5dee41c92#0:FAIL-t0
2023-05-03 09:48:24,606 [b4fee7e9-40bc-4695-8270-a3969266ea18@group-765D16BCBD62-LeaderElection29] INFO  impl.LeaderElection (LeaderElection.java:askForVotes(314)) - b4fee7e9-40bc-4695-8270-a3969266ea18@group-765D16BCBD62-LeaderElection29 PRE_VOTE round 0: result REJECTED
2023-05-03 09:48:24,606 [b4fee7e9-40bc-4695-8270-a3969266ea18@group-765D16BCBD62-LeaderElection29] INFO  server.RaftServer$Division (RaftServerImpl.java:setRole(321)) - b4fee7e9-40bc-4695-8270-a3969266ea18@group-765D16BCBD62: changes role from CANDIDATE to FOLLOWER at term 0 for REJECTED
2023-05-03 09:48:24,606 [b4fee7e9-40bc-4695-8270-a3969266ea18@group-765D16BCBD62-LeaderElection29] INFO  impl.RoleInfo (RoleInfo.java:shutdownLeaderElection(130)) - b4fee7e9-40bc-4695-8270-a3969266ea18: shutdown b4fee7e9-40bc-4695-8270-a3969266ea18@group-765D16BCBD62-LeaderElection29
2023-05-03 09:48:24,607 [b4fee7e9-40bc-4695-8270-a3969266ea18@group-765D16BCBD62-LeaderElection29] INFO  impl.RoleInfo (RoleInfo.java:updateAndGet(139)) - b4fee7e9-40bc-4695-8270-a3969266ea18: start b4fee7e9-40bc-4695-8270-a3969266ea18@group-765D16BCBD62-FollowerState
2023-05-03 09:48:24,613 [b4fee7e9-40bc-4695-8270-a3969266ea18@group-765D16BCBD62-FollowerState] INFO  server.RaftServerConfigKeys (ConfUtils.java:logFallback(53)) - raft.server.rpc.first-election.timeout.min = 5s (fallback to raft.server.rpc.timeout.min)
2023-05-03 09:48:24,613 [b4fee7e9-40bc-4695-8270-a3969266ea18@group-765D16BCBD62-FollowerState] INFO  server.RaftServerConfigKeys (ConfUtils.java:logFallback(53)) - raft.server.rpc.first-election.timeout.max = 5200ms (fallback to raft.server.rpc.timeout.max)
2023-05-03 09:48:24,615 [c3feb7f9-95d5-47b5-b185-2112df38a597@group-765D16BCBD62-FollowerState] INFO  impl.FollowerState (FollowerState.java:run(143)) - c3feb7f9-95d5-47b5-b185-2112df38a597@group-765D16BCBD62-FollowerState: change to CANDIDATE, lastRpcElapsedTime:5124150020ns, electionTimeout:5116ms
2023-05-03 09:48:24,615 [c3feb7f9-95d5-47b5-b185-2112df38a597@group-765D16BCBD62-FollowerState] INFO  impl.RoleInfo (RoleInfo.java:shutdownFollowerState(110)) - c3feb7f9-95d5-47b5-b185-2112df38a597: shutdown c3feb7f9-95d5-47b5-b185-2112df38a597@group-765D16BCBD62-FollowerState
2023-05-03 09:48:24,615 [c3feb7f9-95d5-47b5-b185-2112df38a597@group-765D16BCBD62-FollowerState] INFO  server.RaftServer$Division (RaftServerImpl.java:setRole(321)) - c3feb7f9-95d5-47b5-b185-2112df38a597@group-765D16BCBD62: changes role from  FOLLOWER to CANDIDATE at term 0 for changeToCandidate
2023-05-03 09:48:24,615 [c3feb7f9-95d5-47b5-b185-2112df38a597@group-765D16BCBD62-FollowerState] INFO  server.RaftServerConfigKeys (ConfUtils.java:logGet(46)) - raft.server.leaderelection.pre-vote = true (default)
2023-05-03 09:48:24,615 [c3feb7f9-95d5-47b5-b185-2112df38a597@group-765D16BCBD62-FollowerState] INFO  impl.RoleInfo (RoleInfo.java:updateAndGet(139)) - c3feb7f9-95d5-47b5-b185-2112df38a597: start c3feb7f9-95d5-47b5-b185-2112df38a597@group-765D16BCBD62-LeaderElection30
2023-05-03 09:48:24,619 [grpc-default-executor-0] INFO  server.RaftServer$Division (RaftServerImpl.java:requestVote(1218)) - c3feb7f9-95d5-47b5-b185-2112df38a597@group-765D16BCBD62: receive requestVote(PRE_VOTE, b4fee7e9-40bc-4695-8270-a3969266ea18, group-765D16BCBD62, 0, (t:0, i:0))
2023-05-03 09:48:24,619 [grpc-default-executor-0] INFO  impl.VoteContext (VoteContext.java:log(49)) - c3feb7f9-95d5-47b5-b185-2112df38a597@group-765D16BCBD62-CANDIDATE: accept PRE_VOTE from b4fee7e9-40bc-4695-8270-a3969266ea18: our priority 0 <= candidate's priority 0
2023-05-03 09:48:24,619 [grpc-default-executor-0] INFO  server.RaftServer$Division (RaftServerImpl.java:requestVote(1251)) - c3feb7f9-95d5-47b5-b185-2112df38a597@group-765D16BCBD62 replies to PRE_VOTE vote request: b4fee7e9-40bc-4695-8270-a3969266ea18<-c3feb7f9-95d5-47b5-b185-2112df38a597#0:OK-t0. Peer's state: c3feb7f9-95d5-47b5-b185-2112df38a597@group-765D16BCBD62:t0, leader=null, voted=, raftlog=Memoized:c3feb7f9-95d5-47b5-b185-2112df38a597@group-765D16BCBD62-SegmentedRaftLog:OPENED:c-1, conf=-1: peers:[6fdebf4b-249b-4d6b-b846-7ad5dee41c92|rpc:10.1.0.194:35567|dataStream:10.1.0.194:36435|priority:1|startupRole:FOLLOWER, b4fee7e9-40bc-4695-8270-a3969266ea18|rpc:10.1.0.194:40495|dataStream:10.1.0.194:44405|priority:0|startupRole:FOLLOWER, c3feb7f9-95d5-47b5-b185-2112df38a597|rpc:10.1.0.194:44977|dataStream:10.1.0.194:45869|priority:0|startupRole:FOLLOWER]|listeners:[], old=null
2023-05-03 09:48:24,621 [c3feb7f9-95d5-47b5-b185-2112df38a597@group-765D16BCBD62-LeaderElection30] INFO  impl.LeaderElection (LeaderElection.java:askForVotes(312)) - c3feb7f9-95d5-47b5-b185-2112df38a597@group-765D16BCBD62-LeaderElection30 PRE_VOTE round 0: submit vote requests at term 0 for -1: peers:[6fdebf4b-249b-4d6b-b846-7ad5dee41c92|rpc:10.1.0.194:35567|dataStream:10.1.0.194:36435|priority:1|startupRole:FOLLOWER, b4fee7e9-40bc-4695-8270-a3969266ea18|rpc:10.1.0.194:40495|dataStream:10.1.0.194:44405|priority:0|startupRole:FOLLOWER, c3feb7f9-95d5-47b5-b185-2112df38a597|rpc:10.1.0.194:44977|dataStream:10.1.0.194:45869|priority:0|startupRole:FOLLOWER]|listeners:[], old=null
2023-05-03 09:48:24,626 [c3feb7f9-95d5-47b5-b185-2112df38a597@group-765D16BCBD62-LeaderElection30] INFO  server.RaftServerConfigKeys (ConfUtils.java:logFallback(53)) - raft.server.rpc.first-election.timeout.min = 5s (fallback to raft.server.rpc.timeout.min)
2023-05-03 09:48:24,626 [c3feb7f9-95d5-47b5-b185-2112df38a597@group-765D16BCBD62-LeaderElection30] INFO  server.RaftServerConfigKeys (ConfUtils.java:logFallback(53)) - raft.server.rpc.first-election.timeout.max = 5200ms (fallback to raft.server.rpc.timeout.max)
2023-05-03 09:48:24,627 [c3feb7f9-95d5-47b5-b185-2112df38a597@group-765D16BCBD62-LeaderElection30-2] INFO  server.GrpcServerProtocolClient (GrpcServerProtocolClient.java:<init>(63)) - Build channel for b4fee7e9-40bc-4695-8270-a3969266ea18
2023-05-03 09:48:24,630 [c3feb7f9-95d5-47b5-b185-2112df38a597@group-765D16BCBD62-LeaderElection30-1] INFO  server.GrpcServerProtocolClient (GrpcServerProtocolClient.java:<init>(63)) - Build channel for 6fdebf4b-249b-4d6b-b846-7ad5dee41c92
2023-05-03 09:48:24,643 [grpc-default-executor-0] INFO  server.RaftServer$Division (RaftServerImpl.java:requestVote(1218)) - b4fee7e9-40bc-4695-8270-a3969266ea18@group-765D16BCBD62: receive requestVote(PRE_VOTE, c3feb7f9-95d5-47b5-b185-2112df38a597, group-765D16BCBD62, 0, (t:0, i:0))
2023-05-03 09:48:24,643 [grpc-default-executor-0] INFO  impl.VoteContext (VoteContext.java:log(49)) - b4fee7e9-40bc-4695-8270-a3969266ea18@group-765D16BCBD62-FOLLOWER: accept PRE_VOTE from c3feb7f9-95d5-47b5-b185-2112df38a597: our priority 0 <= candidate's priority 0
2023-05-03 09:48:24,643 [grpc-default-executor-0] INFO  server.RaftServer$Division (RaftServerImpl.java:requestVote(1251)) - b4fee7e9-40bc-4695-8270-a3969266ea18@group-765D16BCBD62 replies to PRE_VOTE vote request: c3feb7f9-95d5-47b5-b185-2112df38a597<-b4fee7e9-40bc-4695-8270-a3969266ea18#0:OK-t0. Peer's state: b4fee7e9-40bc-4695-8270-a3969266ea18@group-765D16BCBD62:t0, leader=null, voted=, raftlog=Memoized:b4fee7e9-40bc-4695-8270-a3969266ea18@group-765D16BCBD62-SegmentedRaftLog:OPENED:c-1, conf=-1: peers:[6fdebf4b-249b-4d6b-b846-7ad5dee41c92|rpc:10.1.0.194:35567|dataStream:10.1.0.194:36435|priority:1|startupRole:FOLLOWER, b4fee7e9-40bc-4695-8270-a3969266ea18|rpc:10.1.0.194:40495|dataStream:10.1.0.194:44405|priority:0|startupRole:FOLLOWER, c3feb7f9-95d5-47b5-b185-2112df38a597|rpc:10.1.0.194:44977|dataStream:10.1.0.194:45869|priority:0|startupRole:FOLLOWER]|listeners:[], old=null
2023-05-03 09:48:24,645 [c3feb7f9-95d5-47b5-b185-2112df38a597@group-0019FECB0C43-FollowerState] INFO  impl.FollowerState (FollowerState.java:run(143)) - c3feb7f9-95d5-47b5-b185-2112df38a597@group-0019FECB0C43-FollowerState: change to CANDIDATE, lastRpcElapsedTime:5173881308ns, electionTimeout:5160ms
2023-05-03 09:48:24,645 [c3feb7f9-95d5-47b5-b185-2112df38a597@group-0019FECB0C43-FollowerState] INFO  impl.RoleInfo (RoleInfo.java:shutdownFollowerState(110)) - c3feb7f9-95d5-47b5-b185-2112df38a597: shutdown c3feb7f9-95d5-47b5-b185-2112df38a597@group-0019FECB0C43-FollowerState
2023-05-03 09:48:24,645 [c3feb7f9-95d5-47b5-b185-2112df38a597@group-0019FECB0C43-FollowerState] INFO  server.RaftServer$Division (RaftServerImpl.java:setRole(321)) - c3feb7f9-95d5-47b5-b185-2112df38a597@group-0019FECB0C43: changes role from  FOLLOWER to CANDIDATE at term 0 for changeToCandidate
2023-05-03 09:48:24,645 [c3feb7f9-95d5-47b5-b185-2112df38a597@group-0019FECB0C43-FollowerState] INFO  server.RaftServerConfigKeys (ConfUtils.java:logGet(46)) - raft.server.leaderelection.pre-vote = true (default)
2023-05-03 09:48:24,645 [c3feb7f9-95d5-47b5-b185-2112df38a597@group-0019FECB0C43-FollowerState] INFO  impl.RoleInfo (RoleInfo.java:updateAndGet(139)) - c3feb7f9-95d5-47b5-b185-2112df38a597: start c3feb7f9-95d5-47b5-b185-2112df38a597@group-0019FECB0C43-LeaderElection31
2023-05-03 09:48:24,654 [c3feb7f9-95d5-47b5-b185-2112df38a597@group-0019FECB0C43-LeaderElection31] INFO  impl.LeaderElection (LeaderElection.java:askForVotes(312)) - c3feb7f9-95d5-47b5-b185-2112df38a597@group-0019FECB0C43-LeaderElection31 PRE_VOTE round 0: submit vote requests at term 0 for -1: peers:[c3feb7f9-95d5-47b5-b185-2112df38a597|rpc:10.1.0.194:44977|dataStream:10.1.0.194:45869|priority:1|startupRole:FOLLOWER]|listeners:[], old=null
2023-05-03 09:48:24,654 [c3feb7f9-95d5-47b5-b185-2112df38a597@group-0019FECB0C43-LeaderElection31] INFO  impl.LeaderElection (LeaderElection.java:askForVotes(314)) - c3feb7f9-95d5-47b5-b185-2112df38a597@group-0019FECB0C43-LeaderElection31 PRE_VOTE round 0: result PASSED (term=0)
2023-05-03 09:48:24,655 [grpc-default-executor-1] INFO  server.RaftServer$Division (RaftServerImpl.java:requestVote(1218)) - 6fdebf4b-249b-4d6b-b846-7ad5dee41c92@group-765D16BCBD62: receive requestVote(PRE_VOTE, c3feb7f9-95d5-47b5-b185-2112df38a597, group-765D16BCBD62, 0, (t:0, i:0))
2023-05-03 09:48:24,656 [grpc-default-executor-1] INFO  impl.VoteContext (VoteContext.java:log(49)) - 6fdebf4b-249b-4d6b-b846-7ad5dee41c92@group-765D16BCBD62-FOLLOWER: reject PRE_VOTE from c3feb7f9-95d5-47b5-b185-2112df38a597: our priority 1 > candidate's priority 0
2023-05-03 09:48:24,656 [grpc-default-executor-1] INFO  server.RaftServer$Division (RaftServerImpl.java:requestVote(1251)) - 6fdebf4b-249b-4d6b-b846-7ad5dee41c92@group-765D16BCBD62 replies to PRE_VOTE vote request: c3feb7f9-95d5-47b5-b185-2112df38a597<-6fdebf4b-249b-4d6b-b846-7ad5dee41c92#0:FAIL-t0. Peer's state: 6fdebf4b-249b-4d6b-b846-7ad5dee41c92@group-765D16BCBD62:t0, leader=null, voted=, raftlog=Memoized:6fdebf4b-249b-4d6b-b846-7ad5dee41c92@group-765D16BCBD62-SegmentedRaftLog:OPENED:c-1, conf=-1: peers:[6fdebf4b-249b-4d6b-b846-7ad5dee41c92|rpc:10.1.0.194:35567|dataStream:10.1.0.194:36435|priority:1|startupRole:FOLLOWER, b4fee7e9-40bc-4695-8270-a3969266ea18|rpc:10.1.0.194:40495|dataStream:10.1.0.194:44405|priority:0|startupRole:FOLLOWER, c3feb7f9-95d5-47b5-b185-2112df38a597|rpc:10.1.0.194:44977|dataStream:10.1.0.194:45869|priority:0|startupRole:FOLLOWER]|listeners:[], old=null
2023-05-03 09:48:24,657 [6fdebf4b-249b-4d6b-b846-7ad5dee41c92@group-447E59233EBB-FollowerState] INFO  impl.FollowerState (FollowerState.java:run(143)) - 6fdebf4b-249b-4d6b-b846-7ad5dee41c92@group-447E59233EBB-FollowerState: change to CANDIDATE, lastRpcElapsedTime:5001858636ns, electionTimeout:5001ms
2023-05-03 09:48:24,657 [6fdebf4b-249b-4d6b-b846-7ad5dee41c92@group-447E59233EBB-FollowerState] INFO  impl.RoleInfo (RoleInfo.java:shutdownFollowerState(110)) - 6fdebf4b-249b-4d6b-b846-7ad5dee41c92: shutdown 6fdebf4b-249b-4d6b-b846-7ad5dee41c92@group-447E59233EBB-FollowerState
2023-05-03 09:48:24,657 [6fdebf4b-249b-4d6b-b846-7ad5dee41c92@group-447E59233EBB-FollowerState] INFO  server.RaftServer$Division (RaftServerImpl.java:setRole(321)) - 6fdebf4b-249b-4d6b-b846-7ad5dee41c92@group-447E59233EBB: changes role from  FOLLOWER to CANDIDATE at term 0 for changeToCandidate
2023-05-03 09:48:24,657 [6fdebf4b-249b-4d6b-b846-7ad5dee41c92@group-447E59233EBB-FollowerState] INFO  server.RaftServerConfigKeys (ConfUtils.java:logGet(46)) - raft.server.leaderelection.pre-vote = true (default)
2023-05-03 09:48:24,657 [6fdebf4b-249b-4d6b-b846-7ad5dee41c92@group-447E59233EBB-FollowerState] INFO  impl.RoleInfo (RoleInfo.java:updateAndGet(139)) - 6fdebf4b-249b-4d6b-b846-7ad5dee41c92: start 6fdebf4b-249b-4d6b-b846-7ad5dee41c92@group-447E59233EBB-LeaderElection32
2023-05-03 09:48:24,657 [c3feb7f9-95d5-47b5-b185-2112df38a597@group-0019FECB0C43-LeaderElection31] INFO  impl.LeaderElection (LeaderElection.java:askForVotes(312)) - c3feb7f9-95d5-47b5-b185-2112df38a597@group-0019FECB0C43-LeaderElection31 ELECTION round 0: submit vote requests at term 1 for -1: peers:[c3feb7f9-95d5-47b5-b185-2112df38a597|rpc:10.1.0.194:44977|dataStream:10.1.0.194:45869|priority:1|startupRole:FOLLOWER]|listeners:[], old=null
2023-05-03 09:48:24,657 [c3feb7f9-95d5-47b5-b185-2112df38a597@group-0019FECB0C43-LeaderElection31] INFO  impl.LeaderElection (LeaderElection.java:askForVotes(314)) - c3feb7f9-95d5-47b5-b185-2112df38a597@group-0019FECB0C43-LeaderElection31 ELECTION round 0: result PASSED (term=1)
2023-05-03 09:48:24,657 [c3feb7f9-95d5-47b5-b185-2112df38a597@group-0019FECB0C43-LeaderElection31] INFO  impl.RoleInfo (RoleInfo.java:shutdownLeaderElection(130)) - c3feb7f9-95d5-47b5-b185-2112df38a597: shutdown c3feb7f9-95d5-47b5-b185-2112df38a597@group-0019FECB0C43-LeaderElection31
2023-05-03 09:48:24,657 [c3feb7f9-95d5-47b5-b185-2112df38a597@group-0019FECB0C43-LeaderElection31] INFO  server.RaftServer$Division (RaftServerImpl.java:setRole(321)) - c3feb7f9-95d5-47b5-b185-2112df38a597@group-0019FECB0C43: changes role from CANDIDATE to LEADER at term 1 for changeToLeader
2023-05-03 09:48:24,657 [c3feb7f9-95d5-47b5-b185-2112df38a597@group-0019FECB0C43-LeaderElection31] INFO  ratis.XceiverServerRatis (XceiverServerRatis.java:handleLeaderChangedNotification(904)) - Leader change notification received for group: group-0019FECB0C43 with new leaderId: c3feb7f9-95d5-47b5-b185-2112df38a597
2023-05-03 09:48:24,659 [c3feb7f9-95d5-47b5-b185-2112df38a597@group-765D16BCBD62-LeaderElection30] INFO  impl.LeaderElection (LeaderElection.java:logAndReturn(90)) - c3feb7f9-95d5-47b5-b185-2112df38a597@group-765D16BCBD62-LeaderElection30: PRE_VOTE REJECTED received 2 response(s) and 0 exception(s):
2023-05-03 09:48:24,660 [c3feb7f9-95d5-47b5-b185-2112df38a597@group-765D16BCBD62-LeaderElection30] INFO  impl.LeaderElection (LeaderElection.java:logAndReturn(94)) -   Response 0: c3feb7f9-95d5-47b5-b185-2112df38a597<-6fdebf4b-249b-4d6b-b846-7ad5dee41c92#0:FAIL-t0
2023-05-03 09:48:24,660 [c3feb7f9-95d5-47b5-b185-2112df38a597@group-765D16BCBD62-LeaderElection30] INFO  impl.LeaderElection (LeaderElection.java:logAndReturn(94)) -   Response 1: c3feb7f9-95d5-47b5-b185-2112df38a597<-b4fee7e9-40bc-4695-8270-a3969266ea18#0:OK-t0
2023-05-03 09:48:24,660 [c3feb7f9-95d5-47b5-b185-2112df38a597@group-0019FECB0C43-LeaderElection31] INFO  server.RaftServer$Division (ServerState.java:setLeader(313)) - c3feb7f9-95d5-47b5-b185-2112df38a597@group-0019FECB0C43: change Leader from null to c3feb7f9-95d5-47b5-b185-2112df38a597 at term 1 for becomeLeader, leader elected after 5197ms
2023-05-03 09:48:24,660 [c3feb7f9-95d5-47b5-b185-2112df38a597@group-0019FECB0C43-LeaderElection31] INFO  server.RaftServerConfigKeys (ConfUtils.java:logGet(46)) - raft.server.staging.catchup.gap = 1000 (default)
2023-05-03 09:48:24,660 [c3feb7f9-95d5-47b5-b185-2112df38a597@group-0019FECB0C43-LeaderElection31] INFO  server.RaftServerConfigKeys (ConfUtils.java:logGet(46)) - raft.server.write.element-limit = 1024 (custom)
2023-05-03 09:48:24,660 [c3feb7f9-95d5-47b5-b185-2112df38a597@group-0019FECB0C43-LeaderElection31] INFO  server.RaftServerConfigKeys (ConfUtils.java:logGet(46)) - raft.server.write.byte-limit = 1024 M (=1073741824) (custom)
2023-05-03 09:48:24,660 [c3feb7f9-95d5-47b5-b185-2112df38a597@group-0019FECB0C43-LeaderElection31] INFO  server.RaftServerConfigKeys (ConfUtils.java:logGet(46)) - raft.server.watch.timeout = 180s (custom)
2023-05-03 09:48:24,660 [c3feb7f9-95d5-47b5-b185-2112df38a597@group-0019FECB0C43-LeaderElection31] INFO  server.RaftServerConfigKeys (ConfUtils.java:logGet(46)) - raft.server.watch.timeout.denomination = 1s (default)
2023-05-03 09:48:24,660 [c3feb7f9-95d5-47b5-b185-2112df38a597@group-0019FECB0C43-LeaderElection31] INFO  server.RaftServerConfigKeys (ConfUtils.java:logGet(46)) - raft.server.watch.element-limit = 65536 (default)
2023-05-03 09:48:24,662 [c3feb7f9-95d5-47b5-b185-2112df38a597@group-0019FECB0C43-LeaderElection31] INFO  server.RaftServerConfigKeys (ConfUtils.java:logGet(46)) - raft.server.write.element-limit = 1024 (custom)
2023-05-03 09:48:24,662 [c3feb7f9-95d5-47b5-b185-2112df38a597@group-0019FECB0C43-LeaderElection31] INFO  server.RaftServerConfigKeys (ConfUtils.java:logGet(46)) - raft.server.write.follower.gap.ratio.max = -1.0 (default)
2023-05-03 09:48:24,662 [c3feb7f9-95d5-47b5-b185-2112df38a597@group-0019FECB0C43-LeaderElection31] INFO  impl.RoleInfo (RoleInfo.java:updateAndGet(139)) - c3feb7f9-95d5-47b5-b185-2112df38a597: start c3feb7f9-95d5-47b5-b185-2112df38a597@group-0019FECB0C43-LeaderStateImpl
2023-05-03 09:48:24,662 [c3feb7f9-95d5-47b5-b185-2112df38a597@group-0019FECB0C43-LeaderElection31] INFO  segmented.SegmentedRaftLogWorker (SegmentedRaftLogWorker.java:startLogSegment(452)) - c3feb7f9-95d5-47b5-b185-2112df38a597@group-0019FECB0C43-SegmentedRaftLogWorker: Starting segment from index:0
2023-05-03 09:48:24,660 [c3feb7f9-95d5-47b5-b185-2112df38a597@group-765D16BCBD62-LeaderElection30] INFO  impl.LeaderElection (LeaderElection.java:askForVotes(314)) - c3feb7f9-95d5-47b5-b185-2112df38a597@group-765D16BCBD62-LeaderElection30 PRE_VOTE round 0: result REJECTED
2023-05-03 09:48:24,662 [c3feb7f9-95d5-47b5-b185-2112df38a597@group-765D16BCBD62-LeaderElection30] INFO  server.RaftServer$Division (RaftServerImpl.java:setRole(321)) - c3feb7f9-95d5-47b5-b185-2112df38a597@group-765D16BCBD62: changes role from CANDIDATE to FOLLOWER at term 0 for REJECTED
2023-05-03 09:48:24,662 [c3feb7f9-95d5-47b5-b185-2112df38a597@group-765D16BCBD62-LeaderElection30] INFO  impl.RoleInfo (RoleInfo.java:shutdownLeaderElection(130)) - c3feb7f9-95d5-47b5-b185-2112df38a597: shutdown c3feb7f9-95d5-47b5-b185-2112df38a597@group-765D16BCBD62-LeaderElection30
2023-05-03 09:48:24,661 [EventQueue-OpenPipelineForHealthyPipelineSafeModeRule] INFO  safemode.SCMSafeModeManager (HealthyPipelineSafeModeRule.java:process(137)) - SCM in safe mode. Healthy pipelines reported count is 0, required healthy pipeline reported count is 1
2023-05-03 09:48:24,662 [c3feb7f9-95d5-47b5-b185-2112df38a597@group-765D16BCBD62-LeaderElection30] INFO  impl.RoleInfo (RoleInfo.java:updateAndGet(139)) - c3feb7f9-95d5-47b5-b185-2112df38a597: start c3feb7f9-95d5-47b5-b185-2112df38a597@group-765D16BCBD62-FollowerState
2023-05-03 09:48:24,663 [c3feb7f9-95d5-47b5-b185-2112df38a597@group-0019FECB0C43-SegmentedRaftLogWorker] INFO  segmented.SegmentedRaftLogWorker (SegmentedRaftLogWorker.java:execute(656)) - c3feb7f9-95d5-47b5-b185-2112df38a597@group-0019FECB0C43-SegmentedRaftLogWorker: created new log segment /home/runner/work/ozone/ozone/hadoop-ozone/integration-test/target/test-dir/MiniOzoneClusterImpl-376f2470-9738-4f53-87bd-21a09484475b/datanode-0/data/ratis/2a7b82f4-a47f-4655-96b4-0019fecb0c43/current/log_inprogress_0
2023-05-03 09:48:24,667 [6fdebf4b-249b-4d6b-b846-7ad5dee41c92@group-447E59233EBB-LeaderElection32] INFO  impl.LeaderElection (LeaderElection.java:askForVotes(312)) - 6fdebf4b-249b-4d6b-b846-7ad5dee41c92@group-447E59233EBB-LeaderElection32 PRE_VOTE round 0: submit vote requests at term 0 for -1: peers:[6fdebf4b-249b-4d6b-b846-7ad5dee41c92|rpc:10.1.0.194:35567|dataStream:10.1.0.194:36435|priority:0|startupRole:FOLLOWER, b4fee7e9-40bc-4695-8270-a3969266ea18|rpc:10.1.0.194:40495|dataStream:10.1.0.194:44405|priority:1|startupRole:FOLLOWER, c3feb7f9-95d5-47b5-b185-2112df38a597|rpc:10.1.0.194:44977|dataStream:10.1.0.194:45869|priority:0|startupRole:FOLLOWER]|listeners:[], old=null
2023-05-03 09:48:24,667 [c3feb7f9-95d5-47b5-b185-2112df38a597@group-765D16BCBD62-FollowerState] INFO  server.RaftServerConfigKeys (ConfUtils.java:logFallback(53)) - raft.server.rpc.first-election.timeout.min = 5s (fallback to raft.server.rpc.timeout.min)
2023-05-03 09:48:24,667 [c3feb7f9-95d5-47b5-b185-2112df38a597@group-765D16BCBD62-FollowerState] INFO  server.RaftServerConfigKeys (ConfUtils.java:logFallback(53)) - raft.server.rpc.first-election.timeout.max = 5200ms (fallback to raft.server.rpc.timeout.max)
2023-05-03 09:48:24,670 [6fdebf4b-249b-4d6b-b846-7ad5dee41c92@group-447E59233EBB-LeaderElection32-1] INFO  server.GrpcServerProtocolClient (GrpcServerProtocolClient.java:<init>(63)) - Build channel for b4fee7e9-40bc-4695-8270-a3969266ea18
2023-05-03 09:48:24,674 [6fdebf4b-249b-4d6b-b846-7ad5dee41c92@group-447E59233EBB-LeaderElection32] INFO  server.RaftServerConfigKeys (ConfUtils.java:logFallback(53)) - raft.server.rpc.first-election.timeout.min = 5s (fallback to raft.server.rpc.timeout.min)
2023-05-03 09:48:24,674 [6fdebf4b-249b-4d6b-b846-7ad5dee41c92@group-447E59233EBB-LeaderElection32] INFO  server.RaftServerConfigKeys (ConfUtils.java:logFallback(53)) - raft.server.rpc.first-election.timeout.max = 5200ms (fallback to raft.server.rpc.timeout.max)
2023-05-03 09:48:24,674 [6fdebf4b-249b-4d6b-b846-7ad5dee41c92@group-447E59233EBB-LeaderElection32-2] INFO  server.GrpcServerProtocolClient (GrpcServerProtocolClient.java:<init>(63)) - Build channel for c3feb7f9-95d5-47b5-b185-2112df38a597
2023-05-03 09:48:24,682 [c3feb7f9-95d5-47b5-b185-2112df38a597@group-0019FECB0C43-LeaderElection31] INFO  server.RaftServer$Division (ServerState.java:setRaftConf(430)) - c3feb7f9-95d5-47b5-b185-2112df38a597@group-0019FECB0C43: set configuration 0: peers:[c3feb7f9-95d5-47b5-b185-2112df38a597|rpc:10.1.0.194:44977|dataStream:10.1.0.194:45869|priority:1|startupRole:FOLLOWER]|listeners:[], old=null
2023-05-03 09:48:24,685 [grpc-default-executor-1] INFO  server.RaftServer$Division (RaftServerImpl.java:requestVote(1218)) - b4fee7e9-40bc-4695-8270-a3969266ea18@group-447E59233EBB: receive requestVote(PRE_VOTE, 6fdebf4b-249b-4d6b-b846-7ad5dee41c92, group-447E59233EBB, 0, (t:0, i:0))
2023-05-03 09:48:24,685 [grpc-default-executor-1] INFO  impl.VoteContext (VoteContext.java:log(49)) - b4fee7e9-40bc-4695-8270-a3969266ea18@group-447E59233EBB-FOLLOWER: reject PRE_VOTE from 6fdebf4b-249b-4d6b-b846-7ad5dee41c92: our priority 1 > candidate's priority 0
2023-05-03 09:48:24,685 [grpc-default-executor-1] INFO  server.RaftServer$Division (RaftServerImpl.java:requestVote(1251)) - b4fee7e9-40bc-4695-8270-a3969266ea18@group-447E59233EBB replies to PRE_VOTE vote request: 6fdebf4b-249b-4d6b-b846-7ad5dee41c92<-b4fee7e9-40bc-4695-8270-a3969266ea18#0:FAIL-t0. Peer's state: b4fee7e9-40bc-4695-8270-a3969266ea18@group-447E59233EBB:t0, leader=null, voted=, raftlog=Memoized:b4fee7e9-40bc-4695-8270-a3969266ea18@group-447E59233EBB-SegmentedRaftLog:OPENED:c-1, conf=-1: peers:[6fdebf4b-249b-4d6b-b846-7ad5dee41c92|rpc:10.1.0.194:35567|dataStream:10.1.0.194:36435|priority:0|startupRole:FOLLOWER, b4fee7e9-40bc-4695-8270-a3969266ea18|rpc:10.1.0.194:40495|dataStream:10.1.0.194:44405|priority:1|startupRole:FOLLOWER, c3feb7f9-95d5-47b5-b185-2112df38a597|rpc:10.1.0.194:44977|dataStream:10.1.0.194:45869|priority:0|startupRole:FOLLOWER]|listeners:[], old=null
2023-05-03 09:48:24,686 [6fdebf4b-249b-4d6b-b846-7ad5dee41c92@group-447E59233EBB-LeaderElection32] INFO  impl.LeaderElection (LeaderElection.java:logAndReturn(90)) - 6fdebf4b-249b-4d6b-b846-7ad5dee41c92@group-447E59233EBB-LeaderElection32: PRE_VOTE REJECTED received 1 response(s) and 0 exception(s):
2023-05-03 09:48:24,686 [6fdebf4b-249b-4d6b-b846-7ad5dee41c92@group-447E59233EBB-LeaderElection32] INFO  impl.LeaderElection (LeaderElection.java:logAndReturn(94)) -   Response 0: 6fdebf4b-249b-4d6b-b846-7ad5dee41c92<-b4fee7e9-40bc-4695-8270-a3969266ea18#0:FAIL-t0
2023-05-03 09:48:24,686 [6fdebf4b-249b-4d6b-b846-7ad5dee41c92@group-447E59233EBB-LeaderElection32] INFO  impl.LeaderElection (LeaderElection.java:askForVotes(314)) - 6fdebf4b-249b-4d6b-b846-7ad5dee41c92@group-447E59233EBB-LeaderElection32 PRE_VOTE round 0: result REJECTED
2023-05-03 09:48:24,686 [6fdebf4b-249b-4d6b-b846-7ad5dee41c92@group-447E59233EBB-LeaderElection32] INFO  server.RaftServer$Division (RaftServerImpl.java:setRole(321)) - 6fdebf4b-249b-4d6b-b846-7ad5dee41c92@group-447E59233EBB: changes role from CANDIDATE to FOLLOWER at term 0 for REJECTED
2023-05-03 09:48:24,686 [6fdebf4b-249b-4d6b-b846-7ad5dee41c92@group-447E59233EBB-LeaderElection32] INFO  impl.RoleInfo (RoleInfo.java:shutdownLeaderElection(130)) - 6fdebf4b-249b-4d6b-b846-7ad5dee41c92: shutdown 6fdebf4b-249b-4d6b-b846-7ad5dee41c92@group-447E59233EBB-LeaderElection32
2023-05-03 09:48:24,686 [6fdebf4b-249b-4d6b-b846-7ad5dee41c92@group-447E59233EBB-LeaderElection32] INFO  impl.RoleInfo (RoleInfo.java:updateAndGet(139)) - 6fdebf4b-249b-4d6b-b846-7ad5dee41c92: start 6fdebf4b-249b-4d6b-b846-7ad5dee41c92@group-447E59233EBB-FollowerState
2023-05-03 09:48:24,690 [6fdebf4b-249b-4d6b-b846-7ad5dee41c92@group-447E59233EBB-FollowerState] INFO  server.RaftServerConfigKeys (ConfUtils.java:logFallback(53)) - raft.server.rpc.first-election.timeout.min = 5s (fallback to raft.server.rpc.timeout.min)
2023-05-03 09:48:24,690 [6fdebf4b-249b-4d6b-b846-7ad5dee41c92@group-447E59233EBB-FollowerState] INFO  server.RaftServerConfigKeys (ConfUtils.java:logFallback(53)) - raft.server.rpc.first-election.timeout.max = 5200ms (fallback to raft.server.rpc.timeout.max)
2023-05-03 09:48:24,694 [6fdebf4b-249b-4d6b-b846-7ad5dee41c92@group-765D16BCBD62-FollowerState] INFO  impl.FollowerState (FollowerState.java:run(143)) - 6fdebf4b-249b-4d6b-b846-7ad5dee41c92@group-765D16BCBD62-FollowerState: change to CANDIDATE, lastRpcElapsedTime:5107927513ns, electionTimeout:5102ms
2023-05-03 09:48:24,694 [6fdebf4b-249b-4d6b-b846-7ad5dee41c92@group-765D16BCBD62-FollowerState] INFO  impl.RoleInfo (RoleInfo.java:shutdownFollowerState(110)) - 6fdebf4b-249b-4d6b-b846-7ad5dee41c92: shutdown 6fdebf4b-249b-4d6b-b846-7ad5dee41c92@group-765D16BCBD62-FollowerState
2023-05-03 09:48:24,694 [6fdebf4b-249b-4d6b-b846-7ad5dee41c92@group-765D16BCBD62-FollowerState] INFO  server.RaftServer$Division (RaftServerImpl.java:setRole(321)) - 6fdebf4b-249b-4d6b-b846-7ad5dee41c92@group-765D16BCBD62: changes role from  FOLLOWER to CANDIDATE at term 0 for changeToCandidate
2023-05-03 09:48:24,694 [6fdebf4b-249b-4d6b-b846-7ad5dee41c92@group-765D16BCBD62-FollowerState] INFO  server.RaftServerConfigKeys (ConfUtils.java:logGet(46)) - raft.server.leaderelection.pre-vote = true (default)
2023-05-03 09:48:24,694 [6fdebf4b-249b-4d6b-b846-7ad5dee41c92@group-765D16BCBD62-FollowerState] INFO  impl.RoleInfo (RoleInfo.java:updateAndGet(139)) - 6fdebf4b-249b-4d6b-b846-7ad5dee41c92: start 6fdebf4b-249b-4d6b-b846-7ad5dee41c92@group-765D16BCBD62-LeaderElection33
2023-05-03 09:48:24,698 [grpc-default-executor-1] INFO  server.RaftServer$Division (RaftServerImpl.java:requestVote(1218)) - c3feb7f9-95d5-47b5-b185-2112df38a597@group-447E59233EBB: receive requestVote(PRE_VOTE, 6fdebf4b-249b-4d6b-b846-7ad5dee41c92, group-447E59233EBB, 0, (t:0, i:0))
2023-05-03 09:48:24,698 [grpc-default-executor-1] INFO  impl.VoteContext (VoteContext.java:log(49)) - c3feb7f9-95d5-47b5-b185-2112df38a597@group-447E59233EBB-FOLLOWER: accept PRE_VOTE from 6fdebf4b-249b-4d6b-b846-7ad5dee41c92: our priority 0 <= candidate's priority 0
2023-05-03 09:48:24,699 [grpc-default-executor-1] INFO  server.RaftServer$Division (RaftServerImpl.java:requestVote(1251)) - c3feb7f9-95d5-47b5-b185-2112df38a597@group-447E59233EBB replies to PRE_VOTE vote request: 6fdebf4b-249b-4d6b-b846-7ad5dee41c92<-c3feb7f9-95d5-47b5-b185-2112df38a597#0:OK-t0. Peer's state: c3feb7f9-95d5-47b5-b185-2112df38a597@group-447E59233EBB:t0, leader=null, voted=, raftlog=Memoized:c3feb7f9-95d5-47b5-b185-2112df38a597@group-447E59233EBB-SegmentedRaftLog:OPENED:c-1, conf=-1: peers:[6fdebf4b-249b-4d6b-b846-7ad5dee41c92|rpc:10.1.0.194:35567|dataStream:10.1.0.194:36435|priority:0|startupRole:FOLLOWER, b4fee7e9-40bc-4695-8270-a3969266ea18|rpc:10.1.0.194:40495|dataStream:10.1.0.194:44405|priority:1|startupRole:FOLLOWER, c3feb7f9-95d5-47b5-b185-2112df38a597|rpc:10.1.0.194:44977|dataStream:10.1.0.194:45869|priority:0|startupRole:FOLLOWER]|listeners:[], old=null
2023-05-03 09:48:24,701 [6fdebf4b-249b-4d6b-b846-7ad5dee41c92@group-765D16BCBD62-LeaderElection33] INFO  impl.LeaderElection (LeaderElection.java:askForVotes(312)) - 6fdebf4b-249b-4d6b-b846-7ad5dee41c92@group-765D16BCBD62-LeaderElection33 PRE_VOTE round 0: submit vote requests at term 0 for -1: peers:[6fdebf4b-249b-4d6b-b846-7ad5dee41c92|rpc:10.1.0.194:35567|dataStream:10.1.0.194:36435|priority:1|startupRole:FOLLOWER, b4fee7e9-40bc-4695-8270-a3969266ea18|rpc:10.1.0.194:40495|dataStream:10.1.0.194:44405|priority:0|startupRole:FOLLOWER, c3feb7f9-95d5-47b5-b185-2112df38a597|rpc:10.1.0.194:44977|dataStream:10.1.0.194:45869|priority:0|startupRole:FOLLOWER]|listeners:[], old=null
2023-05-03 09:48:24,702 [6fdebf4b-249b-4d6b-b846-7ad5dee41c92@group-765D16BCBD62-LeaderElection33] INFO  server.RaftServerConfigKeys (ConfUtils.java:logFallback(53)) - raft.server.rpc.first-election.timeout.min = 5s (fallback to raft.server.rpc.timeout.min)
2023-05-03 09:48:24,702 [6fdebf4b-249b-4d6b-b846-7ad5dee41c92@group-765D16BCBD62-LeaderElection33] INFO  server.RaftServerConfigKeys (ConfUtils.java:logFallback(53)) - raft.server.rpc.first-election.timeout.max = 5200ms (fallback to raft.server.rpc.timeout.max)
2023-05-03 09:48:24,707 [grpc-default-executor-0] INFO  server.RaftServer$Division (RaftServerImpl.java:requestVote(1218)) - b4fee7e9-40bc-4695-8270-a3969266ea18@group-765D16BCBD62: receive requestVote(PRE_VOTE, 6fdebf4b-249b-4d6b-b846-7ad5dee41c92, group-765D16BCBD62, 0, (t:0, i:0))
2023-05-03 09:48:24,707 [grpc-default-executor-0] INFO  impl.VoteContext (VoteContext.java:log(49)) - b4fee7e9-40bc-4695-8270-a3969266ea18@group-765D16BCBD62-FOLLOWER: accept PRE_VOTE from 6fdebf4b-249b-4d6b-b846-7ad5dee41c92: our priority 0 <= candidate's priority 1
2023-05-03 09:48:24,707 [grpc-default-executor-0] INFO  server.RaftServer$Division (RaftServerImpl.java:requestVote(1251)) - b4fee7e9-40bc-4695-8270-a3969266ea18@group-765D16BCBD62 replies to PRE_VOTE vote request: 6fdebf4b-249b-4d6b-b846-7ad5dee41c92<-b4fee7e9-40bc-4695-8270-a3969266ea18#0:OK-t0. Peer's state: b4fee7e9-40bc-4695-8270-a3969266ea18@group-765D16BCBD62:t0, leader=null, voted=, raftlog=Memoized:b4fee7e9-40bc-4695-8270-a3969266ea18@group-765D16BCBD62-SegmentedRaftLog:OPENED:c-1, conf=-1: peers:[6fdebf4b-249b-4d6b-b846-7ad5dee41c92|rpc:10.1.0.194:35567|dataStream:10.1.0.194:36435|priority:1|startupRole:FOLLOWER, b4fee7e9-40bc-4695-8270-a3969266ea18|rpc:10.1.0.194:40495|dataStream:10.1.0.194:44405|priority:0|startupRole:FOLLOWER, c3feb7f9-95d5-47b5-b185-2112df38a597|rpc:10.1.0.194:44977|dataStream:10.1.0.194:45869|priority:0|startupRole:FOLLOWER]|listeners:[], old=null
2023-05-03 09:48:24,707 [grpc-default-executor-1] INFO  server.RaftServer$Division (RaftServerImpl.java:requestVote(1218)) - c3feb7f9-95d5-47b5-b185-2112df38a597@group-765D16BCBD62: receive requestVote(PRE_VOTE, 6fdebf4b-249b-4d6b-b846-7ad5dee41c92, group-765D16BCBD62, 0, (t:0, i:0))
2023-05-03 09:48:24,707 [grpc-default-executor-1] INFO  impl.VoteContext (VoteContext.java:log(49)) - c3feb7f9-95d5-47b5-b185-2112df38a597@group-765D16BCBD62-FOLLOWER: accept PRE_VOTE from 6fdebf4b-249b-4d6b-b846-7ad5dee41c92: our priority 0 <= candidate's priority 1
2023-05-03 09:48:24,707 [grpc-default-executor-1] INFO  server.RaftServer$Division (RaftServerImpl.java:requestVote(1251)) - c3feb7f9-95d5-47b5-b185-2112df38a597@group-765D16BCBD62 replies to PRE_VOTE vote request: 6fdebf4b-249b-4d6b-b846-7ad5dee41c92<-c3feb7f9-95d5-47b5-b185-2112df38a597#0:OK-t0. Peer's state: c3feb7f9-95d5-47b5-b185-2112df38a597@group-765D16BCBD62:t0, leader=null, voted=, raftlog=Memoized:c3feb7f9-95d5-47b5-b185-2112df38a597@group-765D16BCBD62-SegmentedRaftLog:OPENED:c-1, conf=-1: peers:[6fdebf4b-249b-4d6b-b846-7ad5dee41c92|rpc:10.1.0.194:35567|dataStream:10.1.0.194:36435|priority:1|startupRole:FOLLOWER, b4fee7e9-40bc-4695-8270-a3969266ea18|rpc:10.1.0.194:40495|dataStream:10.1.0.194:44405|priority:0|startupRole:FOLLOWER, c3feb7f9-95d5-47b5-b185-2112df38a597|rpc:10.1.0.194:44977|dataStream:10.1.0.194:45869|priority:0|startupRole:FOLLOWER]|listeners:[], old=null
2023-05-03 09:48:24,709 [6fdebf4b-249b-4d6b-b846-7ad5dee41c92@group-765D16BCBD62-LeaderElection33] INFO  impl.LeaderElection (LeaderElection.java:logAndReturn(90)) - 6fdebf4b-249b-4d6b-b846-7ad5dee41c92@group-765D16BCBD62-LeaderElection33: PRE_VOTE PASSED received 1 response(s) and 0 exception(s):
2023-05-03 09:48:24,709 [6fdebf4b-249b-4d6b-b846-7ad5dee41c92@group-765D16BCBD62-LeaderElection33] INFO  impl.LeaderElection (LeaderElection.java:logAndReturn(94)) -   Response 0: 6fdebf4b-249b-4d6b-b846-7ad5dee41c92<-b4fee7e9-40bc-4695-8270-a3969266ea18#0:OK-t0
2023-05-03 09:48:24,709 [6fdebf4b-249b-4d6b-b846-7ad5dee41c92@group-765D16BCBD62-LeaderElection33] INFO  impl.LeaderElection (LeaderElection.java:askForVotes(314)) - 6fdebf4b-249b-4d6b-b846-7ad5dee41c92@group-765D16BCBD62-LeaderElection33 PRE_VOTE round 0: result PASSED
2023-05-03 09:48:24,710 [6fdebf4b-249b-4d6b-b846-7ad5dee41c92@group-765D16BCBD62-LeaderElection33] INFO  impl.LeaderElection (LeaderElection.java:askForVotes(312)) - 6fdebf4b-249b-4d6b-b846-7ad5dee41c92@group-765D16BCBD62-LeaderElection33 ELECTION round 0: submit vote requests at term 1 for -1: peers:[6fdebf4b-249b-4d6b-b846-7ad5dee41c92|rpc:10.1.0.194:35567|dataStream:10.1.0.194:36435|priority:1|startupRole:FOLLOWER, b4fee7e9-40bc-4695-8270-a3969266ea18|rpc:10.1.0.194:40495|dataStream:10.1.0.194:44405|priority:0|startupRole:FOLLOWER, c3feb7f9-95d5-47b5-b185-2112df38a597|rpc:10.1.0.194:44977|dataStream:10.1.0.194:45869|priority:0|startupRole:FOLLOWER]|listeners:[], old=null
2023-05-03 09:48:24,711 [6fdebf4b-249b-4d6b-b846-7ad5dee41c92@group-765D16BCBD62-LeaderElection33] INFO  server.RaftServerConfigKeys (ConfUtils.java:logFallback(53)) - raft.server.rpc.first-election.timeout.min = 5s (fallback to raft.server.rpc.timeout.min)
2023-05-03 09:48:24,711 [6fdebf4b-249b-4d6b-b846-7ad5dee41c92@group-765D16BCBD62-LeaderElection33] INFO  server.RaftServerConfigKeys (ConfUtils.java:logFallback(53)) - raft.server.rpc.first-election.timeout.max = 5200ms (fallback to raft.server.rpc.timeout.max)
2023-05-03 09:48:24,712 [grpc-default-executor-0] INFO  server.RaftServer$Division (RaftServerImpl.java:requestVote(1218)) - b4fee7e9-40bc-4695-8270-a3969266ea18@group-765D16BCBD62: receive requestVote(ELECTION, 6fdebf4b-249b-4d6b-b846-7ad5dee41c92, group-765D16BCBD62, 1, (t:0, i:0))
2023-05-03 09:48:24,712 [grpc-default-executor-0] INFO  impl.VoteContext (VoteContext.java:log(49)) - b4fee7e9-40bc-4695-8270-a3969266ea18@group-765D16BCBD62-FOLLOWER: accept ELECTION from 6fdebf4b-249b-4d6b-b846-7ad5dee41c92: our priority 0 <= candidate's priority 1
2023-05-03 09:48:24,713 [grpc-default-executor-0] INFO  server.RaftServer$Division (RaftServerImpl.java:setRole(321)) - b4fee7e9-40bc-4695-8270-a3969266ea18@group-765D16BCBD62: changes role from  FOLLOWER to FOLLOWER at term 1 for candidate:6fdebf4b-249b-4d6b-b846-7ad5dee41c92
2023-05-03 09:48:24,713 [grpc-default-executor-0] INFO  impl.RoleInfo (RoleInfo.java:shutdownFollowerState(110)) - b4fee7e9-40bc-4695-8270-a3969266ea18: shutdown b4fee7e9-40bc-4695-8270-a3969266ea18@group-765D16BCBD62-FollowerState
2023-05-03 09:48:24,713 [grpc-default-executor-0] INFO  impl.RoleInfo (RoleInfo.java:updateAndGet(139)) - b4fee7e9-40bc-4695-8270-a3969266ea18: start b4fee7e9-40bc-4695-8270-a3969266ea18@group-765D16BCBD62-FollowerState
2023-05-03 09:48:24,713 [b4fee7e9-40bc-4695-8270-a3969266ea18@group-765D16BCBD62-FollowerState] INFO  impl.FollowerState (FollowerState.java:run(152)) - b4fee7e9-40bc-4695-8270-a3969266ea18@group-765D16BCBD62-FollowerState was interrupted
2023-05-03 09:48:24,713 [grpc-default-executor-1] INFO  server.RaftServer$Division (RaftServerImpl.java:requestVote(1218)) - c3feb7f9-95d5-47b5-b185-2112df38a597@group-765D16BCBD62: receive requestVote(ELECTION, 6fdebf4b-249b-4d6b-b846-7ad5dee41c92, group-765D16BCBD62, 1, (t:0, i:0))
2023-05-03 09:48:24,713 [grpc-default-executor-1] INFO  impl.VoteContext (VoteContext.java:log(49)) - c3feb7f9-95d5-47b5-b185-2112df38a597@group-765D16BCBD62-FOLLOWER: accept ELECTION from 6fdebf4b-249b-4d6b-b846-7ad5dee41c92: our priority 0 <= candidate's priority 1
2023-05-03 09:48:24,713 [grpc-default-executor-1] INFO  server.RaftServer$Division (RaftServerImpl.java:setRole(321)) - c3feb7f9-95d5-47b5-b185-2112df38a597@group-765D16BCBD62: changes role from  FOLLOWER to FOLLOWER at term 1 for candidate:6fdebf4b-249b-4d6b-b846-7ad5dee41c92
2023-05-03 09:48:24,713 [grpc-default-executor-1] INFO  impl.RoleInfo (RoleInfo.java:shutdownFollowerState(110)) - c3feb7f9-95d5-47b5-b185-2112df38a597: shutdown c3feb7f9-95d5-47b5-b185-2112df38a597@group-765D16BCBD62-FollowerState
2023-05-03 09:48:24,717 [c3feb7f9-95d5-47b5-b185-2112df38a597@group-447E59233EBB-FollowerState] INFO  server.RaftServerConfigKeys (ConfUtils.java:logFallback(53)) - raft.server.rpc.first-election.timeout.min = 5s (fallback to raft.server.rpc.timeout.min)
2023-05-03 09:48:24,718 [c3feb7f9-95d5-47b5-b185-2112df38a597@group-447E59233EBB-FollowerState] INFO  server.RaftServerConfigKeys (ConfUtils.java:logFallback(53)) - raft.server.rpc.first-election.timeout.max = 5200ms (fallback to raft.server.rpc.timeout.max)
2023-05-03 09:48:24,718 [c3feb7f9-95d5-47b5-b185-2112df38a597@group-765D16BCBD62-FollowerState] INFO  impl.FollowerState (FollowerState.java:run(152)) - c3feb7f9-95d5-47b5-b185-2112df38a597@group-765D16BCBD62-FollowerState was interrupted
2023-05-03 09:48:24,717 [grpc-default-executor-1] INFO  impl.RoleInfo (RoleInfo.java:updateAndGet(139)) - c3feb7f9-95d5-47b5-b185-2112df38a597: start c3feb7f9-95d5-47b5-b185-2112df38a597@group-765D16BCBD62-FollowerState
2023-05-03 09:48:24,719 [grpc-default-executor-1] INFO  server.RaftServer$Division (RaftServerImpl.java:requestVote(1251)) - c3feb7f9-95d5-47b5-b185-2112df38a597@group-765D16BCBD62 replies to ELECTION vote request: 6fdebf4b-249b-4d6b-b846-7ad5dee41c92<-c3feb7f9-95d5-47b5-b185-2112df38a597#0:OK-t1. Peer's state: c3feb7f9-95d5-47b5-b185-2112df38a597@group-765D16BCBD62:t1, leader=null, voted=6fdebf4b-249b-4d6b-b846-7ad5dee41c92, raftlog=Memoized:c3feb7f9-95d5-47b5-b185-2112df38a597@group-765D16BCBD62-SegmentedRaftLog:OPENED:c-1, conf=-1: peers:[6fdebf4b-249b-4d6b-b846-7ad5dee41c92|rpc:10.1.0.194:35567|dataStream:10.1.0.194:36435|priority:1|startupRole:FOLLOWER, b4fee7e9-40bc-4695-8270-a3969266ea18|rpc:10.1.0.194:40495|dataStream:10.1.0.194:44405|priority:0|startupRole:FOLLOWER, c3feb7f9-95d5-47b5-b185-2112df38a597|rpc:10.1.0.194:44977|dataStream:10.1.0.194:45869|priority:0|startupRole:FOLLOWER]|listeners:[], old=null
2023-05-03 09:48:24,719 [b4fee7e9-40bc-4695-8270-a3969266ea18@group-765D16BCBD62-FollowerState] INFO  server.RaftServerConfigKeys (ConfUtils.java:logFallback(53)) - raft.server.rpc.first-election.timeout.min = 5s (fallback to raft.server.rpc.timeout.min)
2023-05-03 09:48:24,719 [b4fee7e9-40bc-4695-8270-a3969266ea18@group-765D16BCBD62-FollowerState] INFO  server.RaftServerConfigKeys (ConfUtils.java:logFallback(53)) - raft.server.rpc.first-election.timeout.max = 5200ms (fallback to raft.server.rpc.timeout.max)
2023-05-03 09:48:24,719 [grpc-default-executor-0] INFO  server.RaftServer$Division (RaftServerImpl.java:requestVote(1251)) - b4fee7e9-40bc-4695-8270-a3969266ea18@group-765D16BCBD62 replies to ELECTION vote request: 6fdebf4b-249b-4d6b-b846-7ad5dee41c92<-b4fee7e9-40bc-4695-8270-a3969266ea18#0:OK-t1. Peer's state: b4fee7e9-40bc-4695-8270-a3969266ea18@group-765D16BCBD62:t1, leader=null, voted=6fdebf4b-249b-4d6b-b846-7ad5dee41c92, raftlog=Memoized:b4fee7e9-40bc-4695-8270-a3969266ea18@group-765D16BCBD62-SegmentedRaftLog:OPENED:c-1, conf=-1: peers:[6fdebf4b-249b-4d6b-b846-7ad5dee41c92|rpc:10.1.0.194:35567|dataStream:10.1.0.194:36435|priority:1|startupRole:FOLLOWER, b4fee7e9-40bc-4695-8270-a3969266ea18|rpc:10.1.0.194:40495|dataStream:10.1.0.194:44405|priority:0|startupRole:FOLLOWER, c3feb7f9-95d5-47b5-b185-2112df38a597|rpc:10.1.0.194:44977|dataStream:10.1.0.194:45869|priority:0|startupRole:FOLLOWER]|listeners:[], old=null
2023-05-03 09:48:24,721 [6fdebf4b-249b-4d6b-b846-7ad5dee41c92@group-765D16BCBD62-LeaderElection33] INFO  impl.LeaderElection (LeaderElection.java:logAndReturn(90)) - 6fdebf4b-249b-4d6b-b846-7ad5dee41c92@group-765D16BCBD62-LeaderElection33: ELECTION PASSED received 1 response(s) and 0 exception(s):
2023-05-03 09:48:24,721 [6fdebf4b-249b-4d6b-b846-7ad5dee41c92@group-765D16BCBD62-LeaderElection33] INFO  impl.LeaderElection (LeaderElection.java:logAndReturn(94)) -   Response 0: 6fdebf4b-249b-4d6b-b846-7ad5dee41c92<-c3feb7f9-95d5-47b5-b185-2112df38a597#0:OK-t1
2023-05-03 09:48:24,721 [6fdebf4b-249b-4d6b-b846-7ad5dee41c92@group-765D16BCBD62-LeaderElection33] INFO  impl.LeaderElection (LeaderElection.java:askForVotes(314)) - 6fdebf4b-249b-4d6b-b846-7ad5dee41c92@group-765D16BCBD62-LeaderElection33 ELECTION round 0: result PASSED
2023-05-03 09:48:24,721 [6fdebf4b-249b-4d6b-b846-7ad5dee41c92@group-765D16BCBD62-LeaderElection33] INFO  impl.RoleInfo (RoleInfo.java:shutdownLeaderElection(130)) - 6fdebf4b-249b-4d6b-b846-7ad5dee41c92: shutdown 6fdebf4b-249b-4d6b-b846-7ad5dee41c92@group-765D16BCBD62-LeaderElection33
2023-05-03 09:48:24,721 [6fdebf4b-249b-4d6b-b846-7ad5dee41c92@group-765D16BCBD62-LeaderElection33] INFO  server.RaftServer$Division (RaftServerImpl.java:setRole(321)) - 6fdebf4b-249b-4d6b-b846-7ad5dee41c92@group-765D16BCBD62: changes role from CANDIDATE to LEADER at term 1 for changeToLeader
2023-05-03 09:48:24,721 [6fdebf4b-249b-4d6b-b846-7ad5dee41c92@group-765D16BCBD62-LeaderElection33] INFO  ratis.XceiverServerRatis (XceiverServerRatis.java:handleLeaderChangedNotification(904)) - Leader change notification received for group: group-765D16BCBD62 with new leaderId: 6fdebf4b-249b-4d6b-b846-7ad5dee41c92
2023-05-03 09:48:24,721 [6fdebf4b-249b-4d6b-b846-7ad5dee41c92@group-765D16BCBD62-LeaderElection33] INFO  server.RaftServer$Division (ServerState.java:setLeader(313)) - 6fdebf4b-249b-4d6b-b846-7ad5dee41c92@group-765D16BCBD62: change Leader from null to 6fdebf4b-249b-4d6b-b846-7ad5dee41c92 at term 1 for becomeLeader, leader elected after 5156ms
2023-05-03 09:48:24,721 [6fdebf4b-249b-4d6b-b846-7ad5dee41c92@group-765D16BCBD62-LeaderElection33] INFO  server.RaftServerConfigKeys (ConfUtils.java:logGet(46)) - raft.server.staging.catchup.gap = 1000 (default)
2023-05-03 09:48:24,721 [6fdebf4b-249b-4d6b-b846-7ad5dee41c92@group-765D16BCBD62-LeaderElection33] INFO  server.RaftServerConfigKeys (ConfUtils.java:logGet(46)) - raft.server.write.element-limit = 1024 (custom)
2023-05-03 09:48:24,721 [6fdebf4b-249b-4d6b-b846-7ad5dee41c92@group-765D16BCBD62-LeaderElection33] INFO  server.RaftServerConfigKeys (ConfUtils.java:logGet(46)) - raft.server.write.byte-limit = 1024 M (=1073741824) (custom)
2023-05-03 09:48:24,721 [6fdebf4b-249b-4d6b-b846-7ad5dee41c92@group-765D16BCBD62-LeaderElection33] INFO  server.RaftServerConfigKeys (ConfUtils.java:logGet(46)) - raft.server.watch.timeout = 180s (custom)
2023-05-03 09:48:24,722 [6fdebf4b-249b-4d6b-b846-7ad5dee41c92@group-765D16BCBD62-LeaderElection33] INFO  server.RaftServerConfigKeys (ConfUtils.java:logGet(46)) - raft.server.watch.timeout.denomination = 1s (default)
2023-05-03 09:48:24,722 [6fdebf4b-249b-4d6b-b846-7ad5dee41c92@group-765D16BCBD62-LeaderElection33] INFO  server.RaftServerConfigKeys (ConfUtils.java:logGet(46)) - raft.server.watch.element-limit = 65536 (default)
2023-05-03 09:48:24,722 [6fdebf4b-249b-4d6b-b846-7ad5dee41c92@group-765D16BCBD62-LeaderElection33] INFO  server.RaftServerConfigKeys (ConfUtils.java:logGet(46)) - raft.server.write.element-limit = 1024 (custom)
2023-05-03 09:48:24,722 [6fdebf4b-249b-4d6b-b846-7ad5dee41c92@group-765D16BCBD62-LeaderElection33] INFO  server.RaftServerConfigKeys (ConfUtils.java:logGet(46)) - raft.server.write.follower.gap.ratio.max = -1.0 (default)
2023-05-03 09:48:24,722 [6fdebf4b-249b-4d6b-b846-7ad5dee41c92@group-765D16BCBD62-LeaderElection33] INFO  server.RaftServerConfigKeys (ConfUtils.java:logGet(46)) - raft.server.log.appender.snapshot.chunk.size.max = 16MB (=16777216) (default)
2023-05-03 09:48:24,722 [6fdebf4b-249b-4d6b-b846-7ad5dee41c92@group-765D16BCBD62-LeaderElection33] INFO  server.RaftServerConfigKeys (ConfUtils.java:logGet(46)) - raft.server.log.appender.buffer.byte-limit = 33554432 (custom)
2023-05-03 09:48:24,722 [6fdebf4b-249b-4d6b-b846-7ad5dee41c92@group-765D16BCBD62-LeaderElection33] INFO  server.RaftServerConfigKeys (ConfUtils.java:logGet(46)) - raft.server.log.appender.buffer.element-limit = 1 (custom)
2023-05-03 09:48:24,722 [6fdebf4b-249b-4d6b-b846-7ad5dee41c92@group-765D16BCBD62-LeaderElection33] INFO  grpc.GrpcConfigKeys (ConfUtils.java:logGet(46)) - raft.grpc.server.leader.outstanding.appends.max = 128 (default)
2023-05-03 09:48:24,722 [6fdebf4b-249b-4d6b-b846-7ad5dee41c92@group-765D16BCBD62-LeaderElection33] INFO  server.RaftServerConfigKeys (ConfUtils.java:logGet(46)) - raft.server.rpc.request.timeout = 60s (custom)
2023-05-03 09:48:24,722 [6fdebf4b-249b-4d6b-b846-7ad5dee41c92@group-765D16BCBD62-LeaderElection33] INFO  server.RaftServerConfigKeys (ConfUtils.java:logGet(46)) - raft.server.log.appender.install.snapshot.enabled = false (custom)
2023-05-03 09:48:24,722 [6fdebf4b-249b-4d6b-b846-7ad5dee41c92@group-765D16BCBD62-LeaderElection33] INFO  grpc.GrpcConfigKeys (ConfUtils.java:logGet(46)) - raft.grpc.server.heartbeat.channel = true (default)
2023-05-03 09:48:24,722 [6fdebf4b-249b-4d6b-b846-7ad5dee41c92@group-765D16BCBD62-LeaderElection33] INFO  server.RaftServerConfigKeys (ConfUtils.java:logGet(46)) - raft.server.log.appender.wait-time.min = 10ms (default)
2023-05-03 09:48:24,723 [6fdebf4b-249b-4d6b-b846-7ad5dee41c92@group-765D16BCBD62-LeaderElection33] INFO  server.RaftServerConfigKeys (ConfUtils.java:logGet(46)) - raft.server.log.appender.snapshot.chunk.size.max = 16MB (=16777216) (default)
2023-05-03 09:48:24,723 [6fdebf4b-249b-4d6b-b846-7ad5dee41c92@group-765D16BCBD62-LeaderElection33] INFO  server.RaftServerConfigKeys (ConfUtils.java:logGet(46)) - raft.server.log.appender.buffer.byte-limit = 33554432 (custom)
2023-05-03 09:48:24,723 [6fdebf4b-249b-4d6b-b846-7ad5dee41c92@group-765D16BCBD62-LeaderElection33] INFO  server.RaftServerConfigKeys (ConfUtils.java:logGet(46)) - raft.server.log.appender.buffer.element-limit = 1 (custom)
2023-05-03 09:48:24,723 [6fdebf4b-249b-4d6b-b846-7ad5dee41c92@group-765D16BCBD62-LeaderElection33] INFO  grpc.GrpcConfigKeys (ConfUtils.java:logGet(46)) - raft.grpc.server.leader.outstanding.appends.max = 128 (default)
2023-05-03 09:48:24,723 [6fdebf4b-249b-4d6b-b846-7ad5dee41c92@group-765D16BCBD62-LeaderElection33] INFO  server.RaftServerConfigKeys (ConfUtils.java:logGet(46)) - raft.server.rpc.request.timeout = 60s (custom)
2023-05-03 09:48:24,723 [6fdebf4b-249b-4d6b-b846-7ad5dee41c92@group-765D16BCBD62-LeaderElection33] INFO  server.RaftServerConfigKeys (ConfUtils.java:logGet(46)) - raft.server.log.appender.install.snapshot.enabled = false (custom)
2023-05-03 09:48:24,723 [6fdebf4b-249b-4d6b-b846-7ad5dee41c92@group-765D16BCBD62-LeaderElection33] INFO  grpc.GrpcConfigKeys (ConfUtils.java:logGet(46)) - raft.grpc.server.heartbeat.channel = true (default)
2023-05-03 09:48:24,723 [6fdebf4b-249b-4d6b-b846-7ad5dee41c92@group-765D16BCBD62-LeaderElection33] INFO  server.RaftServerConfigKeys (ConfUtils.java:logGet(46)) - raft.server.log.appender.wait-time.min = 10ms (default)
2023-05-03 09:48:24,723 [6fdebf4b-249b-4d6b-b846-7ad5dee41c92@group-765D16BCBD62-LeaderElection33] INFO  impl.RoleInfo (RoleInfo.java:updateAndGet(139)) - 6fdebf4b-249b-4d6b-b846-7ad5dee41c92: start 6fdebf4b-249b-4d6b-b846-7ad5dee41c92@group-765D16BCBD62-LeaderStateImpl
2023-05-03 09:48:24,723 [6fdebf4b-249b-4d6b-b846-7ad5dee41c92@group-765D16BCBD62-LeaderElection33] INFO  segmented.SegmentedRaftLogWorker (SegmentedRaftLogWorker.java:startLogSegment(452)) - 6fdebf4b-249b-4d6b-b846-7ad5dee41c92@group-765D16BCBD62-SegmentedRaftLogWorker: Starting segment from index:0
2023-05-03 09:48:24,724 [EventQueue-PipelineReportForPipelineReportHandler] INFO  pipeline.PipelineManagerImpl (PipelineManagerImpl.java:openPipeline(367)) - Pipeline Pipeline[ Id: 11200b52-a2a5-4820-900f-765d16bcbd62, Nodes: b4fee7e9-40bc-4695-8270-a3969266ea18(fv-az139-793.t0dryja4c43urhy2nvp0adewnd.cx.internal.cloudapp.net/10.1.0.194)c3feb7f9-95d5-47b5-b185-2112df38a597(fv-az139-793.t0dryja4c43urhy2nvp0adewnd.cx.internal.cloudapp.net/10.1.0.194)6fdebf4b-249b-4d6b-b846-7ad5dee41c92(fv-az139-793.t0dryja4c43urhy2nvp0adewnd.cx.internal.cloudapp.net/10.1.0.194), ReplicationConfig: RATIS/THREE, State:ALLOCATED, leaderId:6fdebf4b-249b-4d6b-b846-7ad5dee41c92, CreationTimestamp2023-05-03T09:48:17.173Z[Etc/UTC]] moved to OPEN state
2023-05-03 09:48:24,725 [6fdebf4b-249b-4d6b-b846-7ad5dee41c92@group-765D16BCBD62-SegmentedRaftLogWorker] INFO  segmented.SegmentedRaftLogWorker (SegmentedRaftLogWorker.java:execute(656)) - 6fdebf4b-249b-4d6b-b846-7ad5dee41c92@group-765D16BCBD62-SegmentedRaftLogWorker: created new log segment /home/runner/work/ozone/ozone/hadoop-ozone/integration-test/target/test-dir/MiniOzoneClusterImpl-376f2470-9738-4f53-87bd-21a09484475b/datanode-2/data/ratis/11200b52-a2a5-4820-900f-765d16bcbd62/current/log_inprogress_0
2023-05-03 09:48:24,725 [EventQueue-OpenPipelineForHealthyPipelineSafeModeRule] INFO  safemode.SCMSafeModeManager (HealthyPipelineSafeModeRule.java:process(137)) - SCM in safe mode. Healthy pipelines reported count is 1, required healthy pipeline reported count is 1
2023-05-03 09:48:24,725 [EventQueue-OpenPipelineForHealthyPipelineSafeModeRule] INFO  safemode.SCMSafeModeManager (SCMSafeModeManager.java:validateSafeModeExitRules(200)) - HealthyPipelineSafeModeRule rule is successfully validated
2023-05-03 09:48:24,725 [EventQueue-OpenPipelineForHealthyPipelineSafeModeRule] INFO  safemode.SCMSafeModeManager (SCMSafeModeManager.java:validateSafeModeExitRules(215)) - ScmSafeModeManager, all rules are successfully validated
2023-05-03 09:48:24,725 [EventQueue-OpenPipelineForHealthyPipelineSafeModeRule] INFO  safemode.SCMSafeModeManager (SCMSafeModeManager.java:exitSafeMode(244)) - SCM exiting safe mode.
2023-05-03 09:48:24,725 [EventQueue-OpenPipelineForHealthyPipelineSafeModeRule] INFO  ha.SCMContext (SCMContext.java:updateSafeModeStatus(228)) - Update SafeModeStatus from SafeModeStatus{safeModeStatus=true, preCheckPassed=true} to SafeModeStatus{safeModeStatus=false, preCheckPassed=true}.
2023-05-03 09:48:24,725 [EventQueue-OpenPipelineForHealthyPipelineSafeModeRule] INFO  pipeline.BackgroundPipelineCreator (BackgroundPipelineCreator.java:notifyStatusChanged(254)) - Service BackgroundPipelineCreator transitions to RUNNING.
2023-05-03 09:48:24,725 [EventQueue-OpenPipelineForHealthyPipelineSafeModeRule] INFO  BackgroundPipelineScrubber (BackgroundSCMService.java:notifyStatusChanged(82)) - Service BackgroundPipelineScrubber transitions to RUNNING.
2023-05-03 09:48:24,725 [EventQueue-OpenPipelineForHealthyPipelineSafeModeRule] INFO  ExpiredContainerReplicaOpScrubber (BackgroundSCMService.java:notifyStatusChanged(82)) - Service ExpiredContainerReplicaOpScrubber transitions to RUNNING.
2023-05-03 09:48:24,725 [EventQueue-OpenPipelineForHealthyPipelineSafeModeRule] INFO  replication.ReplicationManager (ReplicationManager.java:notifyStatusChanged(1367)) - Service ReplicationManager transitions to RUNNING.
2023-05-03 09:48:24,725 [EventQueue-OpenPipelineForHealthyPipelineSafeModeRule] WARN  balancer.ContainerBalancer (ContainerBalancer.java:shouldRun(132)) - Could not find persisted configuration for ContainerBalancer when checking if ContainerBalancer should run. ContainerBalancer should not run now.
2023-05-03 09:48:24,730 [c3feb7f9-95d5-47b5-b185-2112df38a597@group-765D16BCBD62-FollowerState] INFO  server.RaftServerConfigKeys (ConfUtils.java:logFallback(53)) - raft.server.rpc.first-election.timeout.min = 5s (fallback to raft.server.rpc.timeout.min)
2023-05-03 09:48:24,730 [c3feb7f9-95d5-47b5-b185-2112df38a597@group-765D16BCBD62-FollowerState] INFO  server.RaftServerConfigKeys (ConfUtils.java:logFallback(53)) - raft.server.rpc.first-election.timeout.max = 5200ms (fallback to raft.server.rpc.timeout.max)
2023-05-03 09:48:24,732 [6fdebf4b-249b-4d6b-b846-7ad5dee41c92@group-765D16BCBD62-LeaderElection33] INFO  server.RaftServer$Division (ServerState.java:setRaftConf(430)) - 6fdebf4b-249b-4d6b-b846-7ad5dee41c92@group-765D16BCBD62: set configuration 0: peers:[6fdebf4b-249b-4d6b-b846-7ad5dee41c92|rpc:10.1.0.194:35567|dataStream:10.1.0.194:36435|priority:1|startupRole:FOLLOWER, b4fee7e9-40bc-4695-8270-a3969266ea18|rpc:10.1.0.194:40495|dataStream:10.1.0.194:44405|priority:0|startupRole:FOLLOWER, c3feb7f9-95d5-47b5-b185-2112df38a597|rpc:10.1.0.194:44977|dataStream:10.1.0.194:45869|priority:0|startupRole:FOLLOWER]|listeners:[], old=null
2023-05-03 09:48:24,734 [b4fee7e9-40bc-4695-8270-a3969266ea18-server-thread2] INFO  ratis.XceiverServerRatis (XceiverServerRatis.java:handleLeaderChangedNotification(904)) - Leader change notification received for group: group-765D16BCBD62 with new leaderId: 6fdebf4b-249b-4d6b-b846-7ad5dee41c92
2023-05-03 09:48:24,734 [b4fee7e9-40bc-4695-8270-a3969266ea18-server-thread2] INFO  server.RaftServer$Division (ServerState.java:setLeader(313)) - b4fee7e9-40bc-4695-8270-a3969266ea18@group-765D16BCBD62: change Leader from null to 6fdebf4b-249b-4d6b-b846-7ad5dee41c92 at term 1 for appendEntries, leader elected after 5210ms
2023-05-03 09:48:24,734 [b4fee7e9-40bc-4695-8270-a3969266ea18-server-thread2] INFO  server.RaftServer$Division (ServerState.java:setRaftConf(430)) - b4fee7e9-40bc-4695-8270-a3969266ea18@group-765D16BCBD62: set configuration 0: peers:[6fdebf4b-249b-4d6b-b846-7ad5dee41c92|rpc:10.1.0.194:35567|dataStream:10.1.0.194:36435|priority:1|startupRole:FOLLOWER, b4fee7e9-40bc-4695-8270-a3969266ea18|rpc:10.1.0.194:40495|dataStream:10.1.0.194:44405|priority:0|startupRole:FOLLOWER, c3feb7f9-95d5-47b5-b185-2112df38a597|rpc:10.1.0.194:44977|dataStream:10.1.0.194:45869|priority:0|startupRole:FOLLOWER]|listeners:[], old=null
2023-05-03 09:48:24,734 [b4fee7e9-40bc-4695-8270-a3969266ea18-server-thread2] INFO  segmented.SegmentedRaftLogWorker (SegmentedRaftLogWorker.java:startLogSegment(452)) - b4fee7e9-40bc-4695-8270-a3969266ea18@group-765D16BCBD62-SegmentedRaftLogWorker: Starting segment from index:0
2023-05-03 09:48:24,735 [b4fee7e9-40bc-4695-8270-a3969266ea18@group-765D16BCBD62-SegmentedRaftLogWorker] INFO  segmented.SegmentedRaftLogWorker (SegmentedRaftLogWorker.java:execute(656)) - b4fee7e9-40bc-4695-8270-a3969266ea18@group-765D16BCBD62-SegmentedRaftLogWorker: created new log segment /home/runner/work/ozone/ozone/hadoop-ozone/integration-test/target/test-dir/MiniOzoneClusterImpl-376f2470-9738-4f53-87bd-21a09484475b/datanode-1/data/ratis/11200b52-a2a5-4820-900f-765d16bcbd62/current/log_inprogress_0
2023-05-03 09:48:24,746 [c3feb7f9-95d5-47b5-b185-2112df38a597-server-thread1] INFO  ratis.XceiverServerRatis (XceiverServerRatis.java:handleLeaderChangedNotification(904)) - Leader change notification received for group: group-765D16BCBD62 with new leaderId: 6fdebf4b-249b-4d6b-b846-7ad5dee41c92
2023-05-03 09:48:24,746 [c3feb7f9-95d5-47b5-b185-2112df38a597-server-thread1] INFO  server.RaftServer$Division (ServerState.java:setLeader(313)) - c3feb7f9-95d5-47b5-b185-2112df38a597@group-765D16BCBD62: change Leader from null to 6fdebf4b-249b-4d6b-b846-7ad5dee41c92 at term 1 for appendEntries, leader elected after 5265ms
2023-05-03 09:48:24,751 [c3feb7f9-95d5-47b5-b185-2112df38a597-server-thread1] INFO  server.RaftServer$Division (ServerState.java:setRaftConf(430)) - c3feb7f9-95d5-47b5-b185-2112df38a597@group-765D16BCBD62: set configuration 0: peers:[6fdebf4b-249b-4d6b-b846-7ad5dee41c92|rpc:10.1.0.194:35567|dataStream:10.1.0.194:36435|priority:1|startupRole:FOLLOWER, b4fee7e9-40bc-4695-8270-a3969266ea18|rpc:10.1.0.194:40495|dataStream:10.1.0.194:44405|priority:0|startupRole:FOLLOWER, c3feb7f9-95d5-47b5-b185-2112df38a597|rpc:10.1.0.194:44977|dataStream:10.1.0.194:45869|priority:0|startupRole:FOLLOWER]|listeners:[], old=null
2023-05-03 09:48:24,751 [c3feb7f9-95d5-47b5-b185-2112df38a597-server-thread1] INFO  segmented.SegmentedRaftLogWorker (SegmentedRaftLogWorker.java:startLogSegment(452)) - c3feb7f9-95d5-47b5-b185-2112df38a597@group-765D16BCBD62-SegmentedRaftLogWorker: Starting segment from index:0
2023-05-03 09:48:24,752 [b4fee7e9-40bc-4695-8270-a3969266ea18@group-447E59233EBB-FollowerState] INFO  impl.FollowerState (FollowerState.java:run(143)) - b4fee7e9-40bc-4695-8270-a3969266ea18@group-447E59233EBB-FollowerState: change to CANDIDATE, lastRpcElapsedTime:5120141502ns, electionTimeout:5114ms
2023-05-03 09:48:24,752 [b4fee7e9-40bc-4695-8270-a3969266ea18@group-447E59233EBB-FollowerState] INFO  impl.RoleInfo (RoleInfo.java:shutdownFollowerState(110)) - b4fee7e9-40bc-4695-8270-a3969266ea18: shutdown b4fee7e9-40bc-4695-8270-a3969266ea18@group-447E59233EBB-FollowerState
2023-05-03 09:48:24,752 [b4fee7e9-40bc-4695-8270-a3969266ea18@group-447E59233EBB-FollowerState] INFO  server.RaftServer$Division (RaftServerImpl.java:setRole(321)) - b4fee7e9-40bc-4695-8270-a3969266ea18@group-447E59233EBB: changes role from  FOLLOWER to CANDIDATE at term 0 for changeToCandidate
2023-05-03 09:48:24,752 [b4fee7e9-40bc-4695-8270-a3969266ea18@group-447E59233EBB-FollowerState] INFO  server.RaftServerConfigKeys (ConfUtils.java:logGet(46)) - raft.server.leaderelection.pre-vote = true (default)
2023-05-03 09:48:24,752 [b4fee7e9-40bc-4695-8270-a3969266ea18@group-447E59233EBB-FollowerState] INFO  impl.RoleInfo (RoleInfo.java:updateAndGet(139)) - b4fee7e9-40bc-4695-8270-a3969266ea18: start b4fee7e9-40bc-4695-8270-a3969266ea18@group-447E59233EBB-LeaderElection34
2023-05-03 09:48:24,752 [c3feb7f9-95d5-47b5-b185-2112df38a597@group-765D16BCBD62-SegmentedRaftLogWorker] INFO  segmented.SegmentedRaftLogWorker (SegmentedRaftLogWorker.java:execute(656)) - c3feb7f9-95d5-47b5-b185-2112df38a597@group-765D16BCBD62-SegmentedRaftLogWorker: created new log segment /home/runner/work/ozone/ozone/hadoop-ozone/integration-test/target/test-dir/MiniOzoneClusterImpl-376f2470-9738-4f53-87bd-21a09484475b/datanode-0/data/ratis/11200b52-a2a5-4820-900f-765d16bcbd62/current/log_inprogress_0
2023-05-03 09:48:24,759 [b4fee7e9-40bc-4695-8270-a3969266ea18@group-447E59233EBB-LeaderElection34] INFO  impl.LeaderElection (LeaderElection.java:askForVotes(312)) - b4fee7e9-40bc-4695-8270-a3969266ea18@group-447E59233EBB-LeaderElection34 PRE_VOTE round 0: submit vote requests at term 0 for -1: peers:[6fdebf4b-249b-4d6b-b846-7ad5dee41c92|rpc:10.1.0.194:35567|dataStream:10.1.0.194:36435|priority:0|startupRole:FOLLOWER, b4fee7e9-40bc-4695-8270-a3969266ea18|rpc:10.1.0.194:40495|dataStream:10.1.0.194:44405|priority:1|startupRole:FOLLOWER, c3feb7f9-95d5-47b5-b185-2112df38a597|rpc:10.1.0.194:44977|dataStream:10.1.0.194:45869|priority:0|startupRole:FOLLOWER]|listeners:[], old=null
2023-05-03 09:48:24,763 [b4fee7e9-40bc-4695-8270-a3969266ea18@group-447E59233EBB-LeaderElection34] INFO  server.RaftServerConfigKeys (ConfUtils.java:logFallback(53)) - raft.server.rpc.first-election.timeout.min = 5s (fallback to raft.server.rpc.timeout.min)
2023-05-03 09:48:24,763 [b4fee7e9-40bc-4695-8270-a3969266ea18@group-447E59233EBB-LeaderElection34] INFO  server.RaftServerConfigKeys (ConfUtils.java:logFallback(53)) - raft.server.rpc.first-election.timeout.max = 5200ms (fallback to raft.server.rpc.timeout.max)
2023-05-03 09:48:24,764 [grpc-default-executor-1] INFO  server.RaftServer$Division (RaftServerImpl.java:requestVote(1218)) - 6fdebf4b-249b-4d6b-b846-7ad5dee41c92@group-447E59233EBB: receive requestVote(PRE_VOTE, b4fee7e9-40bc-4695-8270-a3969266ea18, group-447E59233EBB, 0, (t:0, i:0))
2023-05-03 09:48:24,764 [grpc-default-executor-1] INFO  impl.VoteContext (VoteContext.java:log(49)) - 6fdebf4b-249b-4d6b-b846-7ad5dee41c92@group-447E59233EBB-FOLLOWER: accept PRE_VOTE from b4fee7e9-40bc-4695-8270-a3969266ea18: our priority 0 <= candidate's priority 1
2023-05-03 09:48:24,764 [grpc-default-executor-1] INFO  server.RaftServer$Division (RaftServerImpl.java:requestVote(1251)) - 6fdebf4b-249b-4d6b-b846-7ad5dee41c92@group-447E59233EBB replies to PRE_VOTE vote request: b4fee7e9-40bc-4695-8270-a3969266ea18<-6fdebf4b-249b-4d6b-b846-7ad5dee41c92#0:OK-t0. Peer's state: 6fdebf4b-249b-4d6b-b846-7ad5dee41c92@group-447E59233EBB:t0, leader=null, voted=, raftlog=Memoized:6fdebf4b-249b-4d6b-b846-7ad5dee41c92@group-447E59233EBB-SegmentedRaftLog:OPENED:c-1, conf=-1: peers:[6fdebf4b-249b-4d6b-b846-7ad5dee41c92|rpc:10.1.0.194:35567|dataStream:10.1.0.194:36435|priority:0|startupRole:FOLLOWER, b4fee7e9-40bc-4695-8270-a3969266ea18|rpc:10.1.0.194:40495|dataStream:10.1.0.194:44405|priority:1|startupRole:FOLLOWER, c3feb7f9-95d5-47b5-b185-2112df38a597|rpc:10.1.0.194:44977|dataStream:10.1.0.194:45869|priority:0|startupRole:FOLLOWER]|listeners:[], old=null
2023-05-03 09:48:24,765 [b4fee7e9-40bc-4695-8270-a3969266ea18@group-447E59233EBB-LeaderElection34] INFO  impl.LeaderElection (LeaderElection.java:logAndReturn(90)) - b4fee7e9-40bc-4695-8270-a3969266ea18@group-447E59233EBB-LeaderElection34: PRE_VOTE PASSED received 1 response(s) and 0 exception(s):
2023-05-03 09:48:24,765 [b4fee7e9-40bc-4695-8270-a3969266ea18@group-447E59233EBB-LeaderElection34] INFO  impl.LeaderElection (LeaderElection.java:logAndReturn(94)) -   Response 0: b4fee7e9-40bc-4695-8270-a3969266ea18<-6fdebf4b-249b-4d6b-b846-7ad5dee41c92#0:OK-t0
2023-05-03 09:48:24,765 [b4fee7e9-40bc-4695-8270-a3969266ea18@group-447E59233EBB-LeaderElection34] INFO  impl.LeaderElection (LeaderElection.java:askForVotes(314)) - b4fee7e9-40bc-4695-8270-a3969266ea18@group-447E59233EBB-LeaderElection34 PRE_VOTE round 0: result PASSED
2023-05-03 09:48:24,766 [grpc-default-executor-1] INFO  server.RaftServer$Division (RaftServerImpl.java:requestVote(1218)) - c3feb7f9-95d5-47b5-b185-2112df38a597@group-447E59233EBB: receive requestVote(PRE_VOTE, b4fee7e9-40bc-4695-8270-a3969266ea18, group-447E59233EBB, 0, (t:0, i:0))
2023-05-03 09:48:24,766 [grpc-default-executor-1] INFO  impl.VoteContext (VoteContext.java:log(49)) - c3feb7f9-95d5-47b5-b185-2112df38a597@group-447E59233EBB-FOLLOWER: accept PRE_VOTE from b4fee7e9-40bc-4695-8270-a3969266ea18: our priority 0 <= candidate's priority 1
2023-05-03 09:48:24,766 [grpc-default-executor-1] INFO  server.RaftServer$Division (RaftServerImpl.java:requestVote(1251)) - c3feb7f9-95d5-47b5-b185-2112df38a597@group-447E59233EBB replies to PRE_VOTE vote request: b4fee7e9-40bc-4695-8270-a3969266ea18<-c3feb7f9-95d5-47b5-b185-2112df38a597#0:OK-t0. Peer's state: c3feb7f9-95d5-47b5-b185-2112df38a597@group-447E59233EBB:t0, leader=null, voted=, raftlog=Memoized:c3feb7f9-95d5-47b5-b185-2112df38a597@group-447E59233EBB-SegmentedRaftLog:OPENED:c-1, conf=-1: peers:[6fdebf4b-249b-4d6b-b846-7ad5dee41c92|rpc:10.1.0.194:35567|dataStream:10.1.0.194:36435|priority:0|startupRole:FOLLOWER, b4fee7e9-40bc-4695-8270-a3969266ea18|rpc:10.1.0.194:40495|dataStream:10.1.0.194:44405|priority:1|startupRole:FOLLOWER, c3feb7f9-95d5-47b5-b185-2112df38a597|rpc:10.1.0.194:44977|dataStream:10.1.0.194:45869|priority:0|startupRole:FOLLOWER]|listeners:[], old=null
2023-05-03 09:48:24,766 [b4fee7e9-40bc-4695-8270-a3969266ea18@group-447E59233EBB-LeaderElection34] INFO  impl.LeaderElection (LeaderElection.java:askForVotes(312)) - b4fee7e9-40bc-4695-8270-a3969266ea18@group-447E59233EBB-LeaderElection34 ELECTION round 0: submit vote requests at term 1 for -1: peers:[6fdebf4b-249b-4d6b-b846-7ad5dee41c92|rpc:10.1.0.194:35567|dataStream:10.1.0.194:36435|priority:0|startupRole:FOLLOWER, b4fee7e9-40bc-4695-8270-a3969266ea18|rpc:10.1.0.194:40495|dataStream:10.1.0.194:44405|priority:1|startupRole:FOLLOWER, c3feb7f9-95d5-47b5-b185-2112df38a597|rpc:10.1.0.194:44977|dataStream:10.1.0.194:45869|priority:0|startupRole:FOLLOWER]|listeners:[], old=null
2023-05-03 09:48:24,773 [grpc-default-executor-1] INFO  server.RaftServer$Division (RaftServerImpl.java:requestVote(1218)) - 6fdebf4b-249b-4d6b-b846-7ad5dee41c92@group-447E59233EBB: receive requestVote(ELECTION, b4fee7e9-40bc-4695-8270-a3969266ea18, group-447E59233EBB, 1, (t:0, i:0))
2023-05-03 09:48:24,773 [grpc-default-executor-1] INFO  impl.VoteContext (VoteContext.java:log(49)) - 6fdebf4b-249b-4d6b-b846-7ad5dee41c92@group-447E59233EBB-FOLLOWER: accept ELECTION from b4fee7e9-40bc-4695-8270-a3969266ea18: our priority 0 <= candidate's priority 1
2023-05-03 09:48:24,773 [grpc-default-executor-1] INFO  server.RaftServer$Division (RaftServerImpl.java:setRole(321)) - 6fdebf4b-249b-4d6b-b846-7ad5dee41c92@group-447E59233EBB: changes role from  FOLLOWER to FOLLOWER at term 1 for candidate:b4fee7e9-40bc-4695-8270-a3969266ea18
2023-05-03 09:48:24,774 [grpc-default-executor-1] INFO  impl.RoleInfo (RoleInfo.java:shutdownFollowerState(110)) - 6fdebf4b-249b-4d6b-b846-7ad5dee41c92: shutdown 6fdebf4b-249b-4d6b-b846-7ad5dee41c92@group-447E59233EBB-FollowerState
2023-05-03 09:48:24,775 [b4fee7e9-40bc-4695-8270-a3969266ea18@group-447E59233EBB-LeaderElection34] INFO  server.RaftServerConfigKeys (ConfUtils.java:logFallback(53)) - raft.server.rpc.first-election.timeout.min = 5s (fallback to raft.server.rpc.timeout.min)
2023-05-03 09:48:24,775 [b4fee7e9-40bc-4695-8270-a3969266ea18@group-447E59233EBB-LeaderElection34] INFO  server.RaftServerConfigKeys (ConfUtils.java:logFallback(53)) - raft.server.rpc.first-election.timeout.max = 5200ms (fallback to raft.server.rpc.timeout.max)
2023-05-03 09:48:24,775 [grpc-default-executor-1] INFO  impl.RoleInfo (RoleInfo.java:updateAndGet(139)) - 6fdebf4b-249b-4d6b-b846-7ad5dee41c92: start 6fdebf4b-249b-4d6b-b846-7ad5dee41c92@group-447E59233EBB-FollowerState
2023-05-03 09:48:24,775 [6fdebf4b-249b-4d6b-b846-7ad5dee41c92@group-447E59233EBB-FollowerState] INFO  impl.FollowerState (FollowerState.java:run(152)) - 6fdebf4b-249b-4d6b-b846-7ad5dee41c92@group-447E59233EBB-FollowerState was interrupted
2023-05-03 09:48:24,776 [grpc-default-executor-0] INFO  server.RaftServer$Division (RaftServerImpl.java:requestVote(1218)) - c3feb7f9-95d5-47b5-b185-2112df38a597@group-447E59233EBB: receive requestVote(ELECTION, b4fee7e9-40bc-4695-8270-a3969266ea18, group-447E59233EBB, 1, (t:0, i:0))
2023-05-03 09:48:24,776 [grpc-default-executor-0] INFO  impl.VoteContext (VoteContext.java:log(49)) - c3feb7f9-95d5-47b5-b185-2112df38a597@group-447E59233EBB-FOLLOWER: accept ELECTION from b4fee7e9-40bc-4695-8270-a3969266ea18: our priority 0 <= candidate's priority 1
2023-05-03 09:48:24,776 [grpc-default-executor-0] INFO  server.RaftServer$Division (RaftServerImpl.java:setRole(321)) - c3feb7f9-95d5-47b5-b185-2112df38a597@group-447E59233EBB: changes role from  FOLLOWER to FOLLOWER at term 1 for candidate:b4fee7e9-40bc-4695-8270-a3969266ea18
2023-05-03 09:48:24,776 [grpc-default-executor-0] INFO  impl.RoleInfo (RoleInfo.java:shutdownFollowerState(110)) - c3feb7f9-95d5-47b5-b185-2112df38a597: shutdown c3feb7f9-95d5-47b5-b185-2112df38a597@group-447E59233EBB-FollowerState
2023-05-03 09:48:24,776 [grpc-default-executor-0] INFO  impl.RoleInfo (RoleInfo.java:updateAndGet(139)) - c3feb7f9-95d5-47b5-b185-2112df38a597: start c3feb7f9-95d5-47b5-b185-2112df38a597@group-447E59233EBB-FollowerState
2023-05-03 09:48:24,776 [c3feb7f9-95d5-47b5-b185-2112df38a597@group-447E59233EBB-FollowerState] INFO  impl.FollowerState (FollowerState.java:run(152)) - c3feb7f9-95d5-47b5-b185-2112df38a597@group-447E59233EBB-FollowerState was interrupted
2023-05-03 09:48:24,777 [6fdebf4b-249b-4d6b-b846-7ad5dee41c92@group-447E59233EBB-FollowerState] INFO  server.RaftServerConfigKeys (ConfUtils.java:logFallback(53)) - raft.server.rpc.first-election.timeout.min = 5s (fallback to raft.server.rpc.timeout.min)
2023-05-03 09:48:24,777 [6fdebf4b-249b-4d6b-b846-7ad5dee41c92@group-447E59233EBB-FollowerState] INFO  server.RaftServerConfigKeys (ConfUtils.java:logFallback(53)) - raft.server.rpc.first-election.timeout.max = 5200ms (fallback to raft.server.rpc.timeout.max)
2023-05-03 09:48:24,779 [c3feb7f9-95d5-47b5-b185-2112df38a597@group-447E59233EBB-FollowerState] INFO  server.RaftServerConfigKeys (ConfUtils.java:logFallback(53)) - raft.server.rpc.first-election.timeout.min = 5s (fallback to raft.server.rpc.timeout.min)
2023-05-03 09:48:24,779 [c3feb7f9-95d5-47b5-b185-2112df38a597@group-447E59233EBB-FollowerState] INFO  server.RaftServerConfigKeys (ConfUtils.java:logFallback(53)) - raft.server.rpc.first-election.timeout.max = 5200ms (fallback to raft.server.rpc.timeout.max)
2023-05-03 09:48:24,780 [grpc-default-executor-1] INFO  server.RaftServer$Division (RaftServerImpl.java:requestVote(1251)) - 6fdebf4b-249b-4d6b-b846-7ad5dee41c92@group-447E59233EBB replies to ELECTION vote request: b4fee7e9-40bc-4695-8270-a3969266ea18<-6fdebf4b-249b-4d6b-b846-7ad5dee41c92#0:OK-t1. Peer's state: 6fdebf4b-249b-4d6b-b846-7ad5dee41c92@group-447E59233EBB:t1, leader=null, voted=b4fee7e9-40bc-4695-8270-a3969266ea18, raftlog=Memoized:6fdebf4b-249b-4d6b-b846-7ad5dee41c92@group-447E59233EBB-SegmentedRaftLog:OPENED:c-1, conf=-1: peers:[6fdebf4b-249b-4d6b-b846-7ad5dee41c92|rpc:10.1.0.194:35567|dataStream:10.1.0.194:36435|priority:0|startupRole:FOLLOWER, b4fee7e9-40bc-4695-8270-a3969266ea18|rpc:10.1.0.194:40495|dataStream:10.1.0.194:44405|priority:1|startupRole:FOLLOWER, c3feb7f9-95d5-47b5-b185-2112df38a597|rpc:10.1.0.194:44977|dataStream:10.1.0.194:45869|priority:0|startupRole:FOLLOWER]|listeners:[], old=null
2023-05-03 09:48:24,781 [grpc-default-executor-0] INFO  server.RaftServer$Division (RaftServerImpl.java:requestVote(1251)) - c3feb7f9-95d5-47b5-b185-2112df38a597@group-447E59233EBB replies to ELECTION vote request: b4fee7e9-40bc-4695-8270-a3969266ea18<-c3feb7f9-95d5-47b5-b185-2112df38a597#0:OK-t1. Peer's state: c3feb7f9-95d5-47b5-b185-2112df38a597@group-447E59233EBB:t1, leader=null, voted=b4fee7e9-40bc-4695-8270-a3969266ea18, raftlog=Memoized:c3feb7f9-95d5-47b5-b185-2112df38a597@group-447E59233EBB-SegmentedRaftLog:OPENED:c-1, conf=-1: peers:[6fdebf4b-249b-4d6b-b846-7ad5dee41c92|rpc:10.1.0.194:35567|dataStream:10.1.0.194:36435|priority:0|startupRole:FOLLOWER, b4fee7e9-40bc-4695-8270-a3969266ea18|rpc:10.1.0.194:40495|dataStream:10.1.0.194:44405|priority:1|startupRole:FOLLOWER, c3feb7f9-95d5-47b5-b185-2112df38a597|rpc:10.1.0.194:44977|dataStream:10.1.0.194:45869|priority:0|startupRole:FOLLOWER]|listeners:[], old=null
2023-05-03 09:48:24,782 [b4fee7e9-40bc-4695-8270-a3969266ea18@group-447E59233EBB-LeaderElection34] INFO  impl.LeaderElection (LeaderElection.java:logAndReturn(90)) - b4fee7e9-40bc-4695-8270-a3969266ea18@group-447E59233EBB-LeaderElection34: ELECTION PASSED received 1 response(s) and 0 exception(s):
2023-05-03 09:48:24,782 [b4fee7e9-40bc-4695-8270-a3969266ea18@group-447E59233EBB-LeaderElection34] INFO  impl.LeaderElection (LeaderElection.java:logAndReturn(94)) -   Response 0: b4fee7e9-40bc-4695-8270-a3969266ea18<-6fdebf4b-249b-4d6b-b846-7ad5dee41c92#0:OK-t1
2023-05-03 09:48:24,782 [b4fee7e9-40bc-4695-8270-a3969266ea18@group-447E59233EBB-LeaderElection34] INFO  impl.LeaderElection (LeaderElection.java:askForVotes(314)) - b4fee7e9-40bc-4695-8270-a3969266ea18@group-447E59233EBB-LeaderElection34 ELECTION round 0: result PASSED
2023-05-03 09:48:24,782 [b4fee7e9-40bc-4695-8270-a3969266ea18@group-447E59233EBB-LeaderElection34] INFO  impl.RoleInfo (RoleInfo.java:shutdownLeaderElection(130)) - b4fee7e9-40bc-4695-8270-a3969266ea18: shutdown b4fee7e9-40bc-4695-8270-a3969266ea18@group-447E59233EBB-LeaderElection34
2023-05-03 09:48:24,782 [b4fee7e9-40bc-4695-8270-a3969266ea18@group-447E59233EBB-LeaderElection34] INFO  server.RaftServer$Division (RaftServerImpl.java:setRole(321)) - b4fee7e9-40bc-4695-8270-a3969266ea18@group-447E59233EBB: changes role from CANDIDATE to LEADER at term 1 for changeToLeader
2023-05-03 09:48:24,782 [b4fee7e9-40bc-4695-8270-a3969266ea18@group-447E59233EBB-LeaderElection34] INFO  ratis.XceiverServerRatis (XceiverServerRatis.java:handleLeaderChangedNotification(904)) - Leader change notification received for group: group-447E59233EBB with new leaderId: b4fee7e9-40bc-4695-8270-a3969266ea18
2023-05-03 09:48:24,782 [b4fee7e9-40bc-4695-8270-a3969266ea18@group-447E59233EBB-LeaderElection34] INFO  server.RaftServer$Division (ServerState.java:setLeader(313)) - b4fee7e9-40bc-4695-8270-a3969266ea18@group-447E59233EBB: change Leader from null to b4fee7e9-40bc-4695-8270-a3969266ea18 at term 1 for becomeLeader, leader elected after 5164ms
2023-05-03 09:48:24,782 [b4fee7e9-40bc-4695-8270-a3969266ea18@group-447E59233EBB-LeaderElection34] INFO  server.RaftServerConfigKeys (ConfUtils.java:logGet(46)) - raft.server.staging.catchup.gap = 1000 (default)
2023-05-03 09:48:24,782 [b4fee7e9-40bc-4695-8270-a3969266ea18@group-447E59233EBB-LeaderElection34] INFO  server.RaftServerConfigKeys (ConfUtils.java:logGet(46)) - raft.server.write.element-limit = 1024 (custom)
2023-05-03 09:48:24,782 [b4fee7e9-40bc-4695-8270-a3969266ea18@group-447E59233EBB-LeaderElection34] INFO  server.RaftServerConfigKeys (ConfUtils.java:logGet(46)) - raft.server.write.byte-limit = 1024 M (=1073741824) (custom)
2023-05-03 09:48:24,782 [b4fee7e9-40bc-4695-8270-a3969266ea18@group-447E59233EBB-LeaderElection34] INFO  server.RaftServerConfigKeys (ConfUtils.java:logGet(46)) - raft.server.watch.timeout = 180s (custom)
2023-05-03 09:48:24,782 [b4fee7e9-40bc-4695-8270-a3969266ea18@group-447E59233EBB-LeaderElection34] INFO  server.RaftServerConfigKeys (ConfUtils.java:logGet(46)) - raft.server.watch.timeout.denomination = 1s (default)
2023-05-03 09:48:24,782 [b4fee7e9-40bc-4695-8270-a3969266ea18@group-447E59233EBB-LeaderElection34] INFO  server.RaftServerConfigKeys (ConfUtils.java:logGet(46)) - raft.server.watch.element-limit = 65536 (default)
2023-05-03 09:48:24,783 [b4fee7e9-40bc-4695-8270-a3969266ea18@group-447E59233EBB-LeaderElection34] INFO  server.RaftServerConfigKeys (ConfUtils.java:logGet(46)) - raft.server.write.element-limit = 1024 (custom)
2023-05-03 09:48:24,783 [b4fee7e9-40bc-4695-8270-a3969266ea18@group-447E59233EBB-LeaderElection34] INFO  server.RaftServerConfigKeys (ConfUtils.java:logGet(46)) - raft.server.write.follower.gap.ratio.max = -1.0 (default)
2023-05-03 09:48:24,783 [b4fee7e9-40bc-4695-8270-a3969266ea18@group-447E59233EBB-LeaderElection34] INFO  server.RaftServerConfigKeys (ConfUtils.java:logGet(46)) - raft.server.log.appender.snapshot.chunk.size.max = 16MB (=16777216) (default)
2023-05-03 09:48:24,783 [b4fee7e9-40bc-4695-8270-a3969266ea18@group-447E59233EBB-LeaderElection34] INFO  server.RaftServerConfigKeys (ConfUtils.java:logGet(46)) - raft.server.log.appender.buffer.byte-limit = 33554432 (custom)
2023-05-03 09:48:24,783 [b4fee7e9-40bc-4695-8270-a3969266ea18@group-447E59233EBB-LeaderElection34] INFO  server.RaftServerConfigKeys (ConfUtils.java:logGet(46)) - raft.server.log.appender.buffer.element-limit = 1 (custom)
2023-05-03 09:48:24,783 [b4fee7e9-40bc-4695-8270-a3969266ea18@group-447E59233EBB-LeaderElection34] INFO  grpc.GrpcConfigKeys (ConfUtils.java:logGet(46)) - raft.grpc.server.leader.outstanding.appends.max = 128 (default)
2023-05-03 09:48:24,783 [b4fee7e9-40bc-4695-8270-a3969266ea18@group-447E59233EBB-LeaderElection34] INFO  server.RaftServerConfigKeys (ConfUtils.java:logGet(46)) - raft.server.rpc.request.timeout = 60s (custom)
2023-05-03 09:48:24,783 [b4fee7e9-40bc-4695-8270-a3969266ea18@group-447E59233EBB-LeaderElection34] INFO  server.RaftServerConfigKeys (ConfUtils.java:logGet(46)) - raft.server.log.appender.install.snapshot.enabled = false (custom)
2023-05-03 09:48:24,783 [b4fee7e9-40bc-4695-8270-a3969266ea18@group-447E59233EBB-LeaderElection34] INFO  grpc.GrpcConfigKeys (ConfUtils.java:logGet(46)) - raft.grpc.server.heartbeat.channel = true (default)
2023-05-03 09:48:24,783 [b4fee7e9-40bc-4695-8270-a3969266ea18@group-447E59233EBB-LeaderElection34] INFO  server.RaftServerConfigKeys (ConfUtils.java:logGet(46)) - raft.server.log.appender.wait-time.min = 10ms (default)
2023-05-03 09:48:24,784 [b4fee7e9-40bc-4695-8270-a3969266ea18@group-447E59233EBB-LeaderElection34] INFO  server.RaftServerConfigKeys (ConfUtils.java:logGet(46)) - raft.server.log.appender.snapshot.chunk.size.max = 16MB (=16777216) (default)
2023-05-03 09:48:24,784 [b4fee7e9-40bc-4695-8270-a3969266ea18@group-447E59233EBB-LeaderElection34] INFO  server.RaftServerConfigKeys (ConfUtils.java:logGet(46)) - raft.server.log.appender.buffer.byte-limit = 33554432 (custom)
2023-05-03 09:48:24,784 [b4fee7e9-40bc-4695-8270-a3969266ea18@group-447E59233EBB-LeaderElection34] INFO  server.RaftServerConfigKeys (ConfUtils.java:logGet(46)) - raft.server.log.appender.buffer.element-limit = 1 (custom)
2023-05-03 09:48:24,784 [b4fee7e9-40bc-4695-8270-a3969266ea18@group-447E59233EBB-LeaderElection34] INFO  grpc.GrpcConfigKeys (ConfUtils.java:logGet(46)) - raft.grpc.server.leader.outstanding.appends.max = 128 (default)
2023-05-03 09:48:24,784 [b4fee7e9-40bc-4695-8270-a3969266ea18@group-447E59233EBB-LeaderElection34] INFO  server.RaftServerConfigKeys (ConfUtils.java:logGet(46)) - raft.server.rpc.request.timeout = 60s (custom)
2023-05-03 09:48:24,784 [b4fee7e9-40bc-4695-8270-a3969266ea18@group-447E59233EBB-LeaderElection34] INFO  server.RaftServerConfigKeys (ConfUtils.java:logGet(46)) - raft.server.log.appender.install.snapshot.enabled = false (custom)
2023-05-03 09:48:24,784 [b4fee7e9-40bc-4695-8270-a3969266ea18@group-447E59233EBB-LeaderElection34] INFO  grpc.GrpcConfigKeys (ConfUtils.java:logGet(46)) - raft.grpc.server.heartbeat.channel = true (default)
2023-05-03 09:48:24,784 [b4fee7e9-40bc-4695-8270-a3969266ea18@group-447E59233EBB-LeaderElection34] INFO  server.RaftServerConfigKeys (ConfUtils.java:logGet(46)) - raft.server.log.appender.wait-time.min = 10ms (default)
2023-05-03 09:48:24,784 [b4fee7e9-40bc-4695-8270-a3969266ea18@group-447E59233EBB-LeaderElection34] INFO  impl.RoleInfo (RoleInfo.java:updateAndGet(139)) - b4fee7e9-40bc-4695-8270-a3969266ea18: start b4fee7e9-40bc-4695-8270-a3969266ea18@group-447E59233EBB-LeaderStateImpl
2023-05-03 09:48:24,784 [b4fee7e9-40bc-4695-8270-a3969266ea18@group-447E59233EBB-LeaderElection34] INFO  segmented.SegmentedRaftLogWorker (SegmentedRaftLogWorker.java:startLogSegment(452)) - b4fee7e9-40bc-4695-8270-a3969266ea18@group-447E59233EBB-SegmentedRaftLogWorker: Starting segment from index:0
2023-05-03 09:48:24,784 [EventQueue-PipelineReportForPipelineReportHandler] INFO  pipeline.PipelineManagerImpl (PipelineManagerImpl.java:openPipeline(367)) - Pipeline Pipeline[ Id: 98887c09-eff6-495c-bce8-447e59233ebb, Nodes: c3feb7f9-95d5-47b5-b185-2112df38a597(fv-az139-793.t0dryja4c43urhy2nvp0adewnd.cx.internal.cloudapp.net/10.1.0.194)b4fee7e9-40bc-4695-8270-a3969266ea18(fv-az139-793.t0dryja4c43urhy2nvp0adewnd.cx.internal.cloudapp.net/10.1.0.194)6fdebf4b-249b-4d6b-b846-7ad5dee41c92(fv-az139-793.t0dryja4c43urhy2nvp0adewnd.cx.internal.cloudapp.net/10.1.0.194), ReplicationConfig: RATIS/THREE, State:ALLOCATED, leaderId:b4fee7e9-40bc-4695-8270-a3969266ea18, CreationTimestamp2023-05-03T09:48:17.174Z[Etc/UTC]] moved to OPEN state
2023-05-03 09:48:24,786 [b4fee7e9-40bc-4695-8270-a3969266ea18@group-447E59233EBB-SegmentedRaftLogWorker] INFO  segmented.SegmentedRaftLogWorker (SegmentedRaftLogWorker.java:execute(656)) - b4fee7e9-40bc-4695-8270-a3969266ea18@group-447E59233EBB-SegmentedRaftLogWorker: created new log segment /home/runner/work/ozone/ozone/hadoop-ozone/integration-test/target/test-dir/MiniOzoneClusterImpl-376f2470-9738-4f53-87bd-21a09484475b/datanode-1/data/ratis/98887c09-eff6-495c-bce8-447e59233ebb/current/log_inprogress_0
2023-05-03 09:48:24,788 [b4fee7e9-40bc-4695-8270-a3969266ea18@group-447E59233EBB-LeaderElection34] INFO  server.RaftServer$Division (ServerState.java:setRaftConf(430)) - b4fee7e9-40bc-4695-8270-a3969266ea18@group-447E59233EBB: set configuration 0: peers:[6fdebf4b-249b-4d6b-b846-7ad5dee41c92|rpc:10.1.0.194:35567|dataStream:10.1.0.194:36435|priority:0|startupRole:FOLLOWER, b4fee7e9-40bc-4695-8270-a3969266ea18|rpc:10.1.0.194:40495|dataStream:10.1.0.194:44405|priority:1|startupRole:FOLLOWER, c3feb7f9-95d5-47b5-b185-2112df38a597|rpc:10.1.0.194:44977|dataStream:10.1.0.194:45869|priority:0|startupRole:FOLLOWER]|listeners:[], old=null
2023-05-03 09:48:24,794 [6fdebf4b-249b-4d6b-b846-7ad5dee41c92-server-thread1] INFO  ratis.XceiverServerRatis (XceiverServerRatis.java:handleLeaderChangedNotification(904)) - Leader change notification received for group: group-447E59233EBB with new leaderId: b4fee7e9-40bc-4695-8270-a3969266ea18
2023-05-03 09:48:24,794 [6fdebf4b-249b-4d6b-b846-7ad5dee41c92-server-thread1] INFO  server.RaftServer$Division (ServerState.java:setLeader(313)) - 6fdebf4b-249b-4d6b-b846-7ad5dee41c92@group-447E59233EBB: change Leader from null to b4fee7e9-40bc-4695-8270-a3969266ea18 at term 1 for appendEntries, leader elected after 5147ms
2023-05-03 09:48:24,795 [6fdebf4b-249b-4d6b-b846-7ad5dee41c92-server-thread1] INFO  server.RaftServer$Division (ServerState.java:setRaftConf(430)) - 6fdebf4b-249b-4d6b-b846-7ad5dee41c92@group-447E59233EBB: set configuration 0: peers:[6fdebf4b-249b-4d6b-b846-7ad5dee41c92|rpc:10.1.0.194:35567|dataStream:10.1.0.194:36435|priority:0|startupRole:FOLLOWER, b4fee7e9-40bc-4695-8270-a3969266ea18|rpc:10.1.0.194:40495|dataStream:10.1.0.194:44405|priority:1|startupRole:FOLLOWER, c3feb7f9-95d5-47b5-b185-2112df38a597|rpc:10.1.0.194:44977|dataStream:10.1.0.194:45869|priority:0|startupRole:FOLLOWER]|listeners:[], old=null
2023-05-03 09:48:24,796 [6fdebf4b-249b-4d6b-b846-7ad5dee41c92-server-thread1] INFO  segmented.SegmentedRaftLogWorker (SegmentedRaftLogWorker.java:startLogSegment(452)) - 6fdebf4b-249b-4d6b-b846-7ad5dee41c92@group-447E59233EBB-SegmentedRaftLogWorker: Starting segment from index:0
2023-05-03 09:48:24,796 [6fdebf4b-249b-4d6b-b846-7ad5dee41c92@group-447E59233EBB-SegmentedRaftLogWorker] INFO  segmented.SegmentedRaftLogWorker (SegmentedRaftLogWorker.java:execute(656)) - 6fdebf4b-249b-4d6b-b846-7ad5dee41c92@group-447E59233EBB-SegmentedRaftLogWorker: created new log segment /home/runner/work/ozone/ozone/hadoop-ozone/integration-test/target/test-dir/MiniOzoneClusterImpl-376f2470-9738-4f53-87bd-21a09484475b/datanode-2/data/ratis/98887c09-eff6-495c-bce8-447e59233ebb/current/log_inprogress_0
2023-05-03 09:48:24,800 [c3feb7f9-95d5-47b5-b185-2112df38a597-server-thread1] INFO  ratis.XceiverServerRatis (XceiverServerRatis.java:handleLeaderChangedNotification(904)) - Leader change notification received for group: group-447E59233EBB with new leaderId: b4fee7e9-40bc-4695-8270-a3969266ea18
2023-05-03 09:48:24,800 [c3feb7f9-95d5-47b5-b185-2112df38a597-server-thread1] INFO  server.RaftServer$Division (ServerState.java:setLeader(313)) - c3feb7f9-95d5-47b5-b185-2112df38a597@group-447E59233EBB: change Leader from null to b4fee7e9-40bc-4695-8270-a3969266ea18 at term 1 for appendEntries, leader elected after 5203ms
2023-05-03 09:48:24,802 [c3feb7f9-95d5-47b5-b185-2112df38a597-server-thread2] INFO  server.RaftServer$Division (ServerState.java:setRaftConf(430)) - c3feb7f9-95d5-47b5-b185-2112df38a597@group-447E59233EBB: set configuration 0: peers:[6fdebf4b-249b-4d6b-b846-7ad5dee41c92|rpc:10.1.0.194:35567|dataStream:10.1.0.194:36435|priority:0|startupRole:FOLLOWER, b4fee7e9-40bc-4695-8270-a3969266ea18|rpc:10.1.0.194:40495|dataStream:10.1.0.194:44405|priority:1|startupRole:FOLLOWER, c3feb7f9-95d5-47b5-b185-2112df38a597|rpc:10.1.0.194:44977|dataStream:10.1.0.194:45869|priority:0|startupRole:FOLLOWER]|listeners:[], old=null
2023-05-03 09:48:24,802 [c3feb7f9-95d5-47b5-b185-2112df38a597-server-thread2] INFO  segmented.SegmentedRaftLogWorker (SegmentedRaftLogWorker.java:startLogSegment(452)) - c3feb7f9-95d5-47b5-b185-2112df38a597@group-447E59233EBB-SegmentedRaftLogWorker: Starting segment from index:0
2023-05-03 09:48:24,803 [c3feb7f9-95d5-47b5-b185-2112df38a597@group-447E59233EBB-SegmentedRaftLogWorker] INFO  segmented.SegmentedRaftLogWorker (SegmentedRaftLogWorker.java:execute(656)) - c3feb7f9-95d5-47b5-b185-2112df38a597@group-447E59233EBB-SegmentedRaftLogWorker: created new log segment /home/runner/work/ozone/ozone/hadoop-ozone/integration-test/target/test-dir/MiniOzoneClusterImpl-376f2470-9738-4f53-87bd-21a09484475b/datanode-0/data/ratis/98887c09-eff6-495c-bce8-447e59233ebb/current/log_inprogress_0
2023-05-03 09:48:24,880 [b4fee7e9-40bc-4695-8270-a3969266ea18@group-9ACD763AD596-FollowerState] INFO  impl.FollowerState (FollowerState.java:run(143)) - b4fee7e9-40bc-4695-8270-a3969266ea18@group-9ACD763AD596-FollowerState: change to CANDIDATE, lastRpcElapsedTime:5068124595ns, electionTimeout:5065ms
2023-05-03 09:48:24,880 [b4fee7e9-40bc-4695-8270-a3969266ea18@group-9ACD763AD596-FollowerState] INFO  impl.RoleInfo (RoleInfo.java:shutdownFollowerState(110)) - b4fee7e9-40bc-4695-8270-a3969266ea18: shutdown b4fee7e9-40bc-4695-8270-a3969266ea18@group-9ACD763AD596-FollowerState
2023-05-03 09:48:24,880 [b4fee7e9-40bc-4695-8270-a3969266ea18@group-9ACD763AD596-FollowerState] INFO  server.RaftServer$Division (RaftServerImpl.java:setRole(321)) - b4fee7e9-40bc-4695-8270-a3969266ea18@group-9ACD763AD596: changes role from  FOLLOWER to CANDIDATE at term 0 for changeToCandidate
2023-05-03 09:48:24,880 [b4fee7e9-40bc-4695-8270-a3969266ea18@group-9ACD763AD596-FollowerState] INFO  server.RaftServerConfigKeys (ConfUtils.java:logGet(46)) - raft.server.leaderelection.pre-vote = true (default)
2023-05-03 09:48:24,880 [b4fee7e9-40bc-4695-8270-a3969266ea18@group-9ACD763AD596-FollowerState] INFO  impl.RoleInfo (RoleInfo.java:updateAndGet(139)) - b4fee7e9-40bc-4695-8270-a3969266ea18: start b4fee7e9-40bc-4695-8270-a3969266ea18@group-9ACD763AD596-LeaderElection35
2023-05-03 09:48:24,881 [b4fee7e9-40bc-4695-8270-a3969266ea18@group-9ACD763AD596-LeaderElection35] INFO  impl.LeaderElection (LeaderElection.java:askForVotes(312)) - b4fee7e9-40bc-4695-8270-a3969266ea18@group-9ACD763AD596-LeaderElection35 PRE_VOTE round 0: submit vote requests at term 0 for -1: peers:[b4fee7e9-40bc-4695-8270-a3969266ea18|rpc:10.1.0.194:40495|dataStream:10.1.0.194:44405|priority:1|startupRole:FOLLOWER]|listeners:[], old=null
2023-05-03 09:48:24,881 [b4fee7e9-40bc-4695-8270-a3969266ea18@group-9ACD763AD596-LeaderElection35] INFO  impl.LeaderElection (LeaderElection.java:askForVotes(314)) - b4fee7e9-40bc-4695-8270-a3969266ea18@group-9ACD763AD596-LeaderElection35 PRE_VOTE round 0: result PASSED (term=0)
2023-05-03 09:48:24,882 [b4fee7e9-40bc-4695-8270-a3969266ea18@group-9ACD763AD596-LeaderElection35] INFO  impl.LeaderElection (LeaderElection.java:askForVotes(312)) - b4fee7e9-40bc-4695-8270-a3969266ea18@group-9ACD763AD596-LeaderElection35 ELECTION round 0: submit vote requests at term 1 for -1: peers:[b4fee7e9-40bc-4695-8270-a3969266ea18|rpc:10.1.0.194:40495|dataStream:10.1.0.194:44405|priority:1|startupRole:FOLLOWER]|listeners:[], old=null
2023-05-03 09:48:24,882 [b4fee7e9-40bc-4695-8270-a3969266ea18@group-9ACD763AD596-LeaderElection35] INFO  impl.LeaderElection (LeaderElection.java:askForVotes(314)) - b4fee7e9-40bc-4695-8270-a3969266ea18@group-9ACD763AD596-LeaderElection35 ELECTION round 0: result PASSED (term=1)
2023-05-03 09:48:24,882 [b4fee7e9-40bc-4695-8270-a3969266ea18@group-9ACD763AD596-LeaderElection35] INFO  impl.RoleInfo (RoleInfo.java:shutdownLeaderElection(130)) - b4fee7e9-40bc-4695-8270-a3969266ea18: shutdown b4fee7e9-40bc-4695-8270-a3969266ea18@group-9ACD763AD596-LeaderElection35
2023-05-03 09:48:24,883 [b4fee7e9-40bc-4695-8270-a3969266ea18@group-9ACD763AD596-LeaderElection35] INFO  server.RaftServer$Division (RaftServerImpl.java:setRole(321)) - b4fee7e9-40bc-4695-8270-a3969266ea18@group-9ACD763AD596: changes role from CANDIDATE to LEADER at term 1 for changeToLeader
2023-05-03 09:48:24,883 [b4fee7e9-40bc-4695-8270-a3969266ea18@group-9ACD763AD596-LeaderElection35] INFO  ratis.XceiverServerRatis (XceiverServerRatis.java:handleLeaderChangedNotification(904)) - Leader change notification received for group: group-9ACD763AD596 with new leaderId: b4fee7e9-40bc-4695-8270-a3969266ea18
2023-05-03 09:48:24,883 [b4fee7e9-40bc-4695-8270-a3969266ea18@group-9ACD763AD596-LeaderElection35] INFO  server.RaftServer$Division (ServerState.java:setLeader(313)) - b4fee7e9-40bc-4695-8270-a3969266ea18@group-9ACD763AD596: change Leader from null to b4fee7e9-40bc-4695-8270-a3969266ea18 at term 1 for becomeLeader, leader elected after 5082ms
2023-05-03 09:48:24,883 [b4fee7e9-40bc-4695-8270-a3969266ea18@group-9ACD763AD596-LeaderElection35] INFO  server.RaftServerConfigKeys (ConfUtils.java:logGet(46)) - raft.server.staging.catchup.gap = 1000 (default)
2023-05-03 09:48:24,883 [b4fee7e9-40bc-4695-8270-a3969266ea18@group-9ACD763AD596-LeaderElection35] INFO  server.RaftServerConfigKeys (ConfUtils.java:logGet(46)) - raft.server.write.element-limit = 1024 (custom)
2023-05-03 09:48:24,883 [b4fee7e9-40bc-4695-8270-a3969266ea18@group-9ACD763AD596-LeaderElection35] INFO  server.RaftServerConfigKeys (ConfUtils.java:logGet(46)) - raft.server.write.byte-limit = 1024 M (=1073741824) (custom)
2023-05-03 09:48:24,884 [b4fee7e9-40bc-4695-8270-a3969266ea18@group-9ACD763AD596-LeaderElection35] INFO  server.RaftServerConfigKeys (ConfUtils.java:logGet(46)) - raft.server.watch.timeout = 180s (custom)
2023-05-03 09:48:24,884 [b4fee7e9-40bc-4695-8270-a3969266ea18@group-9ACD763AD596-LeaderElection35] INFO  server.RaftServerConfigKeys (ConfUtils.java:logGet(46)) - raft.server.watch.timeout.denomination = 1s (default)
2023-05-03 09:48:24,884 [b4fee7e9-40bc-4695-8270-a3969266ea18@group-9ACD763AD596-LeaderElection35] INFO  server.RaftServerConfigKeys (ConfUtils.java:logGet(46)) - raft.server.watch.element-limit = 65536 (default)
2023-05-03 09:48:24,884 [b4fee7e9-40bc-4695-8270-a3969266ea18@group-9ACD763AD596-LeaderElection35] INFO  server.RaftServerConfigKeys (ConfUtils.java:logGet(46)) - raft.server.write.element-limit = 1024 (custom)
2023-05-03 09:48:24,884 [b4fee7e9-40bc-4695-8270-a3969266ea18@group-9ACD763AD596-LeaderElection35] INFO  server.RaftServerConfigKeys (ConfUtils.java:logGet(46)) - raft.server.write.follower.gap.ratio.max = -1.0 (default)
2023-05-03 09:48:24,884 [b4fee7e9-40bc-4695-8270-a3969266ea18@group-9ACD763AD596-LeaderElection35] INFO  impl.RoleInfo (RoleInfo.java:updateAndGet(139)) - b4fee7e9-40bc-4695-8270-a3969266ea18: start b4fee7e9-40bc-4695-8270-a3969266ea18@group-9ACD763AD596-LeaderStateImpl
2023-05-03 09:48:24,885 [b4fee7e9-40bc-4695-8270-a3969266ea18@group-9ACD763AD596-LeaderElection35] INFO  segmented.SegmentedRaftLogWorker (SegmentedRaftLogWorker.java:startLogSegment(452)) - b4fee7e9-40bc-4695-8270-a3969266ea18@group-9ACD763AD596-SegmentedRaftLogWorker: Starting segment from index:0
2023-05-03 09:48:24,887 [b4fee7e9-40bc-4695-8270-a3969266ea18@group-9ACD763AD596-LeaderElection35] INFO  server.RaftServer$Division (ServerState.java:setRaftConf(430)) - b4fee7e9-40bc-4695-8270-a3969266ea18@group-9ACD763AD596: set configuration 0: peers:[b4fee7e9-40bc-4695-8270-a3969266ea18|rpc:10.1.0.194:40495|dataStream:10.1.0.194:44405|priority:1|startupRole:FOLLOWER]|listeners:[], old=null
2023-05-03 09:48:24,887 [b4fee7e9-40bc-4695-8270-a3969266ea18@group-9ACD763AD596-SegmentedRaftLogWorker] INFO  segmented.SegmentedRaftLogWorker (SegmentedRaftLogWorker.java:execute(656)) - b4fee7e9-40bc-4695-8270-a3969266ea18@group-9ACD763AD596-SegmentedRaftLogWorker: created new log segment /home/runner/work/ozone/ozone/hadoop-ozone/integration-test/target/test-dir/MiniOzoneClusterImpl-376f2470-9738-4f53-87bd-21a09484475b/datanode-1/data/ratis/895778d8-1ea2-4097-8870-9acd763ad596/current/log_inprogress_0
2023-05-03 09:48:25,162 [Listener at 127.0.0.1/33989] INFO  ozone.MiniOzoneClusterImpl (MiniOzoneClusterImpl.java:lambda$waitForClusterToBeReady$0(223)) - Nodes are ready. Got 3 of 3 DN Heartbeats.
2023-05-03 09:48:25,162 [Listener at 127.0.0.1/33989] INFO  ozone.MiniOzoneClusterImpl (MiniOzoneClusterImpl.java:lambda$waitForClusterToBeReady$0(226)) - Cluster exits safe mode
2023-05-03 09:48:25,162 [Listener at 127.0.0.1/33989] INFO  ozone.MiniOzoneClusterImpl (MiniOzoneClusterImpl.java:lambda$waitForClusterToBeReady$0(228)) - SCM became leader
09:48:25.163 [Listener at 127.0.0.1/33989] ERROR SCMAudit - user=null | ip=null | op=DELETE_CONTAINER {remoteUser=unknownUser, containerID=1683107305163} | ret=FAILURE
org.apache.hadoop.security.AccessControlException: Access denied for user unknownUser. SCM superuser privilege is required.
	at org.apache.hadoop.hdds.scm.server.StorageContainerManager.checkAdminAccess(StorageContainerManager.java:1862) ~[hdds-server-scm-1.4.0-SNAPSHOT.jar:?]
	at org.apache.hadoop.hdds.scm.server.SCMClientProtocolServer.deleteContainer(SCMClientProtocolServer.java:587) [hdds-server-scm-1.4.0-SNAPSHOT.jar:?]
	at sun.reflect.NativeMethodAccessorImpl.invoke0(Native Method) ~[?:1.8.0_362]
	at sun.reflect.NativeMethodAccessorImpl.invoke(NativeMethodAccessorImpl.java:62) ~[?:1.8.0_362]
	at sun.reflect.DelegatingMethodAccessorImpl.invoke(DelegatingMethodAccessorImpl.java:43) ~[?:1.8.0_362]
	at java.lang.reflect.Method.invoke(Method.java:498) ~[?:1.8.0_362]
	at org.mockito.internal.creation.bytebuddy.MockMethodAdvice.tryInvoke(MockMethodAdvice.java:212) [mockito-core-2.28.2.jar:?]
	at org.mockito.internal.creation.bytebuddy.MockMethodAdvice.access$400(MockMethodAdvice.java:34) [mockito-core-2.28.2.jar:?]
	at org.mockito.internal.creation.bytebuddy.MockMethodAdvice$RealMethodCall.invoke(MockMethodAdvice.java:164) [mockito-core-2.28.2.jar:?]
	at org.mockito.internal.invocation.InterceptedInvocation.callRealMethod(InterceptedInvocation.java:152) [mockito-core-2.28.2.jar:?]
	at org.mockito.internal.stubbing.answers.CallsRealMethods.answer(CallsRealMethods.java:43) [mockito-core-2.28.2.jar:?]
	at org.mockito.Answers.answer(Answers.java:100) [mockito-core-2.28.2.jar:?]
	at org.mockito.internal.handler.MockHandlerImpl.handle(MockHandlerImpl.java:103) [mockito-core-2.28.2.jar:?]
	at org.mockito.internal.handler.NullResultGuardian.handle(NullResultGuardian.java:29) [mockito-core-2.28.2.jar:?]
	at org.mockito.internal.handler.InvocationNotifierHandler.handle(InvocationNotifierHandler.java:35) [mockito-core-2.28.2.jar:?]
	at org.mockito.internal.creation.bytebuddy.MockMethodInterceptor.doIntercept(MockMethodInterceptor.java:61) [mockito-core-2.28.2.jar:?]
	at org.mockito.internal.creation.bytebuddy.MockMethodAdvice.handle(MockMethodAdvice.java:105) [mockito-core-2.28.2.jar:?]
	at org.apache.hadoop.hdds.scm.server.SCMClientProtocolServer.deleteContainer(SCMClientProtocolServer.java:582) [hdds-server-scm-1.4.0-SNAPSHOT.jar:?]
	at org.apache.hadoop.ozone.TestStorageContainerManager.testRpcPermissionWithConf(TestStorageContainerManager.java:204) [test-classes/:?]
	at org.apache.hadoop.ozone.TestStorageContainerManager.testRpcPermission(TestStorageContainerManager.java:185) [test-classes/:?]
	at sun.reflect.NativeMethodAccessorImpl.invoke0(Native Method) ~[?:1.8.0_362]
	at sun.reflect.NativeMethodAccessorImpl.invoke(NativeMethodAccessorImpl.java:62) ~[?:1.8.0_362]
	at sun.reflect.DelegatingMethodAccessorImpl.invoke(DelegatingMethodAccessorImpl.java:43) ~[?:1.8.0_362]
	at java.lang.reflect.Method.invoke(Method.java:498) ~[?:1.8.0_362]
	at org.junit.runners.model.FrameworkMethod$1.runReflectiveCall(FrameworkMethod.java:59) [junit-4.13.1.jar:4.13.1]
	at org.junit.internal.runners.model.ReflectiveCallable.run(ReflectiveCallable.java:12) [junit-4.13.1.jar:4.13.1]
	at org.junit.runners.model.FrameworkMethod.invokeExplosively(FrameworkMethod.java:56) [junit-4.13.1.jar:4.13.1]
	at org.junit.internal.runners.statements.InvokeMethod.evaluate(InvokeMethod.java:17) [junit-4.13.1.jar:4.13.1]
	at org.junit.internal.runners.statements.RunAfters.evaluate(RunAfters.java:27) [junit-4.13.1.jar:4.13.1]
	at org.junit.rules.ExpectedException$ExpectedExceptionStatement.evaluate(ExpectedException.java:258) [junit-4.13.1.jar:4.13.1]
	at org.junit.internal.runners.statements.FailOnTimeout$CallableStatement.call(FailOnTimeout.java:288) [junit-4.13.1.jar:4.13.1]
	at org.junit.internal.runners.statements.FailOnTimeout$CallableStatement.call(FailOnTimeout.java:282) [junit-4.13.1.jar:4.13.1]
	at java.util.concurrent.FutureTask.run(FutureTask.java:266) [?:1.8.0_362]
	at java.lang.Thread.run(Thread.java:750) [?:1.8.0_362]
2023-05-03 09:48:25,165 [Listener at 127.0.0.1/33989] INFO  ozone.MiniOzoneClusterImpl (MiniOzoneClusterImpl.java:shutdown(456)) - Shutting down the Mini Ozone Cluster
2023-05-03 09:48:25,165 [Listener at 127.0.0.1/33989] INFO  ozone.MiniOzoneClusterImpl (MiniOzoneClusterImpl.java:stop(474)) - Stopping the Mini Ozone Cluster
2023-05-03 09:48:25,165 [Listener at 127.0.0.1/33989] INFO  ozone.MiniOzoneClusterImpl (MiniOzoneClusterImpl.java:stopOM(560)) - Stopping the OzoneManager
2023-05-03 09:48:25,165 [Listener at 127.0.0.1/33989] INFO  om.OzoneManager (OzoneManager.java:stop(2165)) - om1[localhost:0]: Stopping Ozone Manager
2023-05-03 09:48:25,165 [Listener at 127.0.0.1/33989] INFO  ipc.Server (Server.java:stop(3501)) - Stopping server on 33989
2023-05-03 09:48:25,171 [IPC Server listener on 0] INFO  ipc.Server (Server.java:run(1430)) - Stopping IPC Server listener on 0
2023-05-03 09:48:25,171 [IPC Server Responder] INFO  ipc.Server (Server.java:run(1563)) - Stopping IPC Server Responder
2023-05-03 09:48:25,172 [Listener at 127.0.0.1/33989] INFO  server.RaftServer (RaftServerProxy.java:lambda$close$6(409)) - om1: close
2023-05-03 09:48:25,172 [Listener at 127.0.0.1/33989] INFO  server.GrpcService (GrpcService.java:closeImpl(271)) - om1: shutdown server GrpcServerProtocolService now
2023-05-03 09:48:25,172 [om1-impl-thread1] INFO  server.RaftServer$Division (RaftServerImpl.java:lambda$close$4(458)) - om1@group-C5BA1605619E: shutdown
2023-05-03 09:48:25,172 [om1-impl-thread1] INFO  util.JmxRegister (JmxRegister.java:unregister(73)) - Successfully un-registered JMX Bean with object name Ratis:service=RaftServer,group=group-C5BA1605619E,id=om1
2023-05-03 09:48:25,172 [om1-impl-thread1] INFO  impl.RoleInfo (RoleInfo.java:shutdownLeaderState(93)) - om1: shutdown om1@group-C5BA1605619E-LeaderStateImpl
2023-05-03 09:48:25,173 [om1-impl-thread1] INFO  impl.PendingRequests (PendingRequests.java:sendNotLeaderResponses(282)) - om1@group-C5BA1605619E-PendingRequests: sendNotLeaderResponses
2023-05-03 09:48:25,173 [Listener at 127.0.0.1/33989] INFO  server.GrpcService (GrpcService.java:closeImpl(280)) - om1: shutdown server GrpcServerProtocolService successfully
2023-05-03 09:48:25,173 [om1-impl-thread1] INFO  impl.StateMachineUpdater (StateMachineUpdater.java:stopAndJoin(153)) - om1@group-C5BA1605619E-StateMachineUpdater: set stopIndex = 0
2023-05-03 09:48:25,173 [om1@group-C5BA1605619E-StateMachineUpdater] INFO  ratis.OzoneManagerStateMachine (OzoneManagerStateMachine.java:takeSnapshot(479)) - Current Snapshot Index (t:1, i:0)
2023-05-03 09:48:25,181 [om1@group-C5BA1605619E-StateMachineUpdater] INFO  impl.StateMachineUpdater (StateMachineUpdater.java:takeSnapshot(287)) - om1@group-C5BA1605619E-StateMachineUpdater: Took a snapshot at index 0
2023-05-03 09:48:25,181 [om1@group-C5BA1605619E-StateMachineUpdater] INFO  impl.StateMachineUpdater (StateMachineUpdater.java:lambda$new$0(92)) - om1@group-C5BA1605619E-StateMachineUpdater: snapshotIndex: updateIncreasingly -1 -> 0
2023-05-03 09:48:25,181 [om1@group-C5BA1605619E-StateMachineUpdater] INFO  ratis.OzoneManagerStateMachine (OzoneManagerStateMachine.java:close(533)) - StateMachine has shutdown. Shutdown OzoneManager if not already shutdown.
2023-05-03 09:48:25,181 [om1@group-C5BA1605619E-StateMachineUpdater] INFO  ratis.OzoneManagerDoubleBuffer (OzoneManagerDoubleBuffer.java:stopDaemon(540)) - Stopping OMDoubleBuffer flush thread
2023-05-03 09:48:25,182 [OMDoubleBufferFlushThread] INFO  ratis.OzoneManagerDoubleBuffer (OzoneManagerDoubleBuffer.java:canFlush(625)) - OMDoubleBuffer flush thread OMDoubleBufferFlushThread is interrupted and will exit.
2023-05-03 09:48:25,182 [om1-impl-thread1] INFO  server.RaftServer$Division (ServerState.java:close(466)) - om1@group-C5BA1605619E: closes. applyIndex: 0
2023-05-03 09:48:25,182 [om1@group-C5BA1605619E-SegmentedRaftLogWorker] INFO  segmented.SegmentedRaftLogWorker (SegmentedRaftLogWorker.java:run(347)) - om1@group-C5BA1605619E-SegmentedRaftLogWorker was interrupted, exiting. There are 0 tasks remaining in the queue.
2023-05-03 09:48:25,183 [om1-impl-thread1] INFO  segmented.SegmentedRaftLogWorker (SegmentedRaftLogWorker.java:close(257)) - om1@group-C5BA1605619E-SegmentedRaftLogWorker close()
2023-05-03 09:48:25,184 [JvmPauseMonitor16] INFO  util.JvmPauseMonitor (JvmPauseMonitor.java:run(111)) - JvmPauseMonitor-om1: Stopped
2023-05-03 09:48:25,184 [Listener at 127.0.0.1/33989] INFO  ratis.OzoneManagerStateMachine (OzoneManagerStateMachine.java:close(533)) - StateMachine has shutdown. Shutdown OzoneManager if not already shutdown.
2023-05-03 09:48:25,184 [Listener at 127.0.0.1/33989] INFO  ratis.OzoneManagerDoubleBuffer (OzoneManagerDoubleBuffer.java:stopDaemon(549)) - OMDoubleBuffer flush thread is not running.
2023-05-03 09:48:25,184 [Listener at 127.0.0.1/33989] INFO  utils.BackgroundService (BackgroundService.java:shutdown(141)) - Shutting down service KeyDeletingService
2023-05-03 09:48:25,184 [Listener at 127.0.0.1/33989] INFO  utils.BackgroundService (BackgroundService.java:shutdown(141)) - Shutting down service KeyDeletingService
2023-05-03 09:48:25,184 [Listener at 127.0.0.1/33989] INFO  utils.BackgroundService (BackgroundService.java:shutdown(141)) - Shutting down service OpenKeyCleanupService
2023-05-03 09:48:25,184 [Listener at 127.0.0.1/33989] INFO  utils.BackgroundService (BackgroundService.java:shutdown(141)) - Shutting down service SstFilteringService
2023-05-03 09:48:25,184 [Listener at 127.0.0.1/33989] INFO  utils.BackgroundService (BackgroundService.java:shutdown(141)) - Shutting down service SnapshotDeletingService
2023-05-03 09:48:25,185 [Listener at 127.0.0.1/33989] INFO  handler.ContextHandler (ContextHandler.java:doStop(1159)) - Stopped o.e.j.w.WebAppContext@eb0c3d6{ozoneManager,/,null,STOPPED}{file:/home/runner/work/ozone/ozone/hadoop-ozone/integration-test/target/test-classes/webapps/ozoneManager}
2023-05-03 09:48:25,185 [Listener at 127.0.0.1/33989] INFO  server.AbstractConnector (AbstractConnector.java:doStop(383)) - Stopped ServerConnector@1675f517{HTTP/1.1, (http/1.1)}{0.0.0.0:0}
2023-05-03 09:48:25,185 [Listener at 127.0.0.1/33989] INFO  server.session (HouseKeeper.java:stopScavenging(149)) - node0 Stopped scavenging
2023-05-03 09:48:25,186 [Listener at 127.0.0.1/33989] INFO  handler.ContextHandler (ContextHandler.java:doStop(1159)) - Stopped o.e.j.s.ServletContextHandler@2924b547{static,/static,file:///home/runner/work/ozone/ozone/hadoop-ozone/integration-test/target/test-classes/webapps/static,STOPPED}
2023-05-03 09:48:25,186 [Listener at 127.0.0.1/33989] INFO  handler.ContextHandler (ContextHandler.java:doStop(1159)) - Stopped o.e.j.s.ServletContextHandler@1d026e62{logs,/logs,file:///home/runner/work/ozone/ozone/hadoop-ozone/integration-test/target/log,STOPPED}
2023-05-03 09:48:25,187 [Listener at 127.0.0.1/33989] INFO  utils.BackgroundService (BackgroundService.java:shutdown(141)) - Shutting down service SnapshotDiffCleanupService
2023-05-03 09:48:25,188 [Listener at 127.0.0.1/33989] INFO  ozone.MiniOzoneClusterImpl (MiniOzoneClusterImpl.java:stopDatanodes(537)) - Stopping the HddsDatanodes
2023-05-03 09:48:25,188 [6fdebf4b-249b-4d6b-b846-7ad5dee41c92@group-0FE4803270C1-FollowerState] INFO  impl.FollowerState (FollowerState.java:run(143)) - 6fdebf4b-249b-4d6b-b846-7ad5dee41c92@group-0FE4803270C1-FollowerState: change to CANDIDATE, lastRpcElapsedTime:5007703764ns, electionTimeout:5002ms
2023-05-03 09:48:25,188 [6fdebf4b-249b-4d6b-b846-7ad5dee41c92@group-0FE4803270C1-FollowerState] INFO  impl.RoleInfo (RoleInfo.java:shutdownFollowerState(110)) - 6fdebf4b-249b-4d6b-b846-7ad5dee41c92: shutdown 6fdebf4b-249b-4d6b-b846-7ad5dee41c92@group-0FE4803270C1-FollowerState
2023-05-03 09:48:25,188 [6fdebf4b-249b-4d6b-b846-7ad5dee41c92@group-0FE4803270C1-FollowerState] INFO  server.RaftServer$Division (RaftServerImpl.java:setRole(321)) - 6fdebf4b-249b-4d6b-b846-7ad5dee41c92@group-0FE4803270C1: changes role from  FOLLOWER to CANDIDATE at term 0 for changeToCandidate
2023-05-03 09:48:25,189 [6fdebf4b-249b-4d6b-b846-7ad5dee41c92@group-0FE4803270C1-FollowerState] INFO  server.RaftServerConfigKeys (ConfUtils.java:logGet(46)) - raft.server.leaderelection.pre-vote = true (default)
2023-05-03 09:48:25,189 [6fdebf4b-249b-4d6b-b846-7ad5dee41c92@group-0FE4803270C1-FollowerState] INFO  impl.RoleInfo (RoleInfo.java:updateAndGet(139)) - 6fdebf4b-249b-4d6b-b846-7ad5dee41c92: start 6fdebf4b-249b-4d6b-b846-7ad5dee41c92@group-0FE4803270C1-LeaderElection36
2023-05-03 09:48:25,192 [ForkJoinPool.commonPool-worker-0] INFO  ozoneimpl.OzoneContainer (OzoneContainer.java:stop(419)) - Attempting to stop container services.
2023-05-03 09:48:25,195 [ForkJoinPool.commonPool-worker-0] INFO  server.RaftServer (RaftServerProxy.java:lambda$close$6(409)) - c3feb7f9-95d5-47b5-b185-2112df38a597: close
2023-05-03 09:48:25,195 [c3feb7f9-95d5-47b5-b185-2112df38a597-impl-thread1] INFO  server.RaftServer$Division (RaftServerImpl.java:lambda$close$4(458)) - c3feb7f9-95d5-47b5-b185-2112df38a597@group-0019FECB0C43: shutdown
2023-05-03 09:48:25,195 [c3feb7f9-95d5-47b5-b185-2112df38a597-impl-thread1] INFO  util.JmxRegister (JmxRegister.java:unregister(73)) - Successfully un-registered JMX Bean with object name Ratis:service=RaftServer,group=group-0019FECB0C43,id=c3feb7f9-95d5-47b5-b185-2112df38a597
2023-05-03 09:48:25,195 [c3feb7f9-95d5-47b5-b185-2112df38a597-impl-thread1] INFO  impl.RoleInfo (RoleInfo.java:shutdownLeaderState(93)) - c3feb7f9-95d5-47b5-b185-2112df38a597: shutdown c3feb7f9-95d5-47b5-b185-2112df38a597@group-0019FECB0C43-LeaderStateImpl
2023-05-03 09:48:25,195 [c3feb7f9-95d5-47b5-b185-2112df38a597-impl-thread2] INFO  server.RaftServer$Division (RaftServerImpl.java:lambda$close$4(458)) - c3feb7f9-95d5-47b5-b185-2112df38a597@group-447E59233EBB: shutdown
2023-05-03 09:48:25,195 [c3feb7f9-95d5-47b5-b185-2112df38a597-impl-thread1] INFO  impl.PendingRequests (PendingRequests.java:sendNotLeaderResponses(282)) - c3feb7f9-95d5-47b5-b185-2112df38a597@group-0019FECB0C43-PendingRequests: sendNotLeaderResponses
2023-05-03 09:48:25,195 [c3feb7f9-95d5-47b5-b185-2112df38a597-impl-thread2] INFO  util.JmxRegister (JmxRegister.java:unregister(73)) - Successfully un-registered JMX Bean with object name Ratis:service=RaftServer,group=group-447E59233EBB,id=c3feb7f9-95d5-47b5-b185-2112df38a597
2023-05-03 09:48:25,195 [c3feb7f9-95d5-47b5-b185-2112df38a597-impl-thread2] INFO  impl.RoleInfo (RoleInfo.java:shutdownFollowerState(110)) - c3feb7f9-95d5-47b5-b185-2112df38a597: shutdown c3feb7f9-95d5-47b5-b185-2112df38a597@group-447E59233EBB-FollowerState
2023-05-03 09:48:25,195 [c3feb7f9-95d5-47b5-b185-2112df38a597-impl-thread1] INFO  impl.StateMachineUpdater (StateMachineUpdater.java:stopAndJoin(153)) - c3feb7f9-95d5-47b5-b185-2112df38a597@group-0019FECB0C43-StateMachineUpdater: set stopIndex = 0
2023-05-03 09:48:25,195 [c3feb7f9-95d5-47b5-b185-2112df38a597@group-0019FECB0C43-StateMachineUpdater] INFO  ratis.ContainerStateMachine (ContainerStateMachine.java:takeSnapshot(330)) - group-0019FECB0C43: Taking a snapshot at:(t:1, i:0) file /home/runner/work/ozone/ozone/hadoop-ozone/integration-test/target/test-dir/MiniOzoneClusterImpl-376f2470-9738-4f53-87bd-21a09484475b/datanode-0/data/ratis/2a7b82f4-a47f-4655-96b4-0019fecb0c43/sm/snapshot.1_0
2023-05-03 09:48:25,196 [ForkJoinPool.commonPool-worker-0] INFO  server.GrpcService (GrpcService.java:closeImpl(271)) - c3feb7f9-95d5-47b5-b185-2112df38a597: shutdown server GrpcServerProtocolService now
2023-05-03 09:48:25,196 [c3feb7f9-95d5-47b5-b185-2112df38a597-impl-thread3] INFO  server.RaftServer$Division (RaftServerImpl.java:lambda$close$4(458)) - c3feb7f9-95d5-47b5-b185-2112df38a597@group-765D16BCBD62: shutdown
2023-05-03 09:48:25,196 [c3feb7f9-95d5-47b5-b185-2112df38a597-impl-thread3] INFO  util.JmxRegister (JmxRegister.java:unregister(73)) - Successfully un-registered JMX Bean with object name Ratis:service=RaftServer,group=group-765D16BCBD62,id=c3feb7f9-95d5-47b5-b185-2112df38a597
2023-05-03 09:48:25,197 [c3feb7f9-95d5-47b5-b185-2112df38a597@group-0019FECB0C43-StateMachineUpdater] INFO  ratis.ContainerStateMachine (ContainerStateMachine.java:takeSnapshot(341)) - group-0019FECB0C43: Finished taking a snapshot at:(t:1, i:0) file:/home/runner/work/ozone/ozone/hadoop-ozone/integration-test/target/test-dir/MiniOzoneClusterImpl-376f2470-9738-4f53-87bd-21a09484475b/datanode-0/data/ratis/2a7b82f4-a47f-4655-96b4-0019fecb0c43/sm/snapshot.1_0 took: 2 ms
2023-05-03 09:48:25,197 [grpc-default-executor-2] WARN  server.GrpcServerProtocolService (LogUtils.java:warn(122)) - c3feb7f9-95d5-47b5-b185-2112df38a597: installSnapshot onError, lastRequest: null: org.apache.ratis.thirdparty.io.grpc.StatusRuntimeException: CANCELLED: client cancelled
2023-05-03 09:48:25,197 [c3feb7f9-95d5-47b5-b185-2112df38a597@group-0019FECB0C43-StateMachineUpdater] INFO  impl.StateMachineUpdater (StateMachineUpdater.java:takeSnapshot(287)) - c3feb7f9-95d5-47b5-b185-2112df38a597@group-0019FECB0C43-StateMachineUpdater: Took a snapshot at index 0
2023-05-03 09:48:25,197 [c3feb7f9-95d5-47b5-b185-2112df38a597@group-0019FECB0C43-StateMachineUpdater] INFO  impl.StateMachineUpdater (StateMachineUpdater.java:lambda$new$0(92)) - c3feb7f9-95d5-47b5-b185-2112df38a597@group-0019FECB0C43-StateMachineUpdater: snapshotIndex: updateIncreasingly -1 -> 0
2023-05-03 09:48:25,197 [c3feb7f9-95d5-47b5-b185-2112df38a597-impl-thread1] INFO  server.RaftServer$Division (ServerState.java:close(466)) - c3feb7f9-95d5-47b5-b185-2112df38a597@group-0019FECB0C43: closes. applyIndex: 0
2023-05-03 09:48:25,197 [grpc-default-executor-1] WARN  server.GrpcServerProtocolService (LogUtils.java:warn(122)) - c3feb7f9-95d5-47b5-b185-2112df38a597: installSnapshot onError, lastRequest: 6fdebf4b-249b-4d6b-b846-7ad5dee41c92->c3feb7f9-95d5-47b5-b185-2112df38a597#1-t1,previous=(t:0, i:0),leaderCommit=0,initializing? true,entries: size=1, first=(t:1, i:0), CONFIGURATIONENTRY(current:id: "6fdebf4b-249b-4d6b-b846-7ad5dee41c92"
address: "10.1.0.194:35567"
priority: 1
dataStreamAddress: "10.1.0.194:36435"
clientAddress: "10.1.0.194:35567"
adminAddress: "10.1.0.194:35567"
startupRole: FOLLOWER
,id: "b4fee7e9-40bc-4695-8270-a3969266ea18"
address: "10.1.0.194:40495"
dataStreamAddress: "10.1.0.194:44405"
clientAddress: "10.1.0.194:40495"
adminAddress: "10.1.0.194:40495"
startupRole: FOLLOWER
,id: "c3feb7f9-95d5-47b5-b185-2112df38a597"
address: "10.1.0.194:44977"
dataStreamAddress: "10.1.0.194:45869"
clientAddress: "10.1.0.194:44977"
adminAddress: "10.1.0.194:44977"
startupRole: FOLLOWER
, old:): org.apache.ratis.thirdparty.io.grpc.StatusRuntimeException: CANCELLED: client cancelled
2023-05-03 09:48:25,198 [c3feb7f9-95d5-47b5-b185-2112df38a597-impl-thread3] INFO  impl.RoleInfo (RoleInfo.java:shutdownFollowerState(110)) - c3feb7f9-95d5-47b5-b185-2112df38a597: shutdown c3feb7f9-95d5-47b5-b185-2112df38a597@group-765D16BCBD62-FollowerState
2023-05-03 09:48:25,198 [grpc-default-executor-4] WARN  server.GrpcServerProtocolService (LogUtils.java:warn(122)) - c3feb7f9-95d5-47b5-b185-2112df38a597: installSnapshot onError, lastRequest: null: org.apache.ratis.thirdparty.io.grpc.StatusRuntimeException: CANCELLED: client cancelled
2023-05-03 09:48:25,198 [grpc-default-executor-1] WARN  server.GrpcServerProtocolService (LogUtils.java:warn(122)) - c3feb7f9-95d5-47b5-b185-2112df38a597: installSnapshot onError, lastRequest: b4fee7e9-40bc-4695-8270-a3969266ea18->c3feb7f9-95d5-47b5-b185-2112df38a597#1-t1,previous=(t:0, i:0),leaderCommit=0,initializing? true,entries: size=1, first=(t:1, i:0), CONFIGURATIONENTRY(current:id: "6fdebf4b-249b-4d6b-b846-7ad5dee41c92"
address: "10.1.0.194:35567"
dataStreamAddress: "10.1.0.194:36435"
clientAddress: "10.1.0.194:35567"
adminAddress: "10.1.0.194:35567"
startupRole: FOLLOWER
,id: "b4fee7e9-40bc-4695-8270-a3969266ea18"
address: "10.1.0.194:40495"
priority: 1
dataStreamAddress: "10.1.0.194:44405"
clientAddress: "10.1.0.194:40495"
adminAddress: "10.1.0.194:40495"
startupRole: FOLLOWER
,id: "c3feb7f9-95d5-47b5-b185-2112df38a597"
address: "10.1.0.194:44977"
dataStreamAddress: "10.1.0.194:45869"
clientAddress: "10.1.0.194:44977"
adminAddress: "10.1.0.194:44977"
startupRole: FOLLOWER
, old:): org.apache.ratis.thirdparty.io.grpc.StatusRuntimeException: CANCELLED: client cancelled
2023-05-03 09:48:25,199 [grpc-default-executor-0] WARN  server.GrpcLogAppender (LogUtils.java:warn(122)) - 6fdebf4b-249b-4d6b-b846-7ad5dee41c92@group-765D16BCBD62->c3feb7f9-95d5-47b5-b185-2112df38a597-AppendLogResponseHandler: Failed appendEntries: org.apache.ratis.thirdparty.io.grpc.StatusRuntimeException: CANCELLED: RST_STREAM closed stream. HTTP/2 error code: CANCEL
2023-05-03 09:48:25,199 [grpc-default-executor-0] WARN  server.GrpcLogAppender (GrpcLogAppender.java:resetClient(131)) - 6fdebf4b-249b-4d6b-b846-7ad5dee41c92@group-765D16BCBD62->c3feb7f9-95d5-47b5-b185-2112df38a597-GrpcLogAppender: Leader has not got in touch with Follower 6fdebf4b-249b-4d6b-b846-7ad5dee41c92@group-765D16BCBD62->c3feb7f9-95d5-47b5-b185-2112df38a597(c0,m0,n1, attendVote=true, lastRpcSendTime=454, lastRpcResponseTime=439) yet, just keep nextIndex unchanged and retry.
2023-05-03 09:48:25,199 [grpc-default-executor-2] WARN  server.GrpcLogAppender (LogUtils.java:warn(122)) - b4fee7e9-40bc-4695-8270-a3969266ea18@group-447E59233EBB->c3feb7f9-95d5-47b5-b185-2112df38a597-AppendLogResponseHandler: Failed appendEntries: org.apache.ratis.thirdparty.io.grpc.StatusRuntimeException: CANCELLED: RST_STREAM closed stream. HTTP/2 error code: CANCEL
2023-05-03 09:48:25,199 [grpc-default-executor-2] WARN  server.GrpcLogAppender (GrpcLogAppender.java:resetClient(131)) - b4fee7e9-40bc-4695-8270-a3969266ea18@group-447E59233EBB->c3feb7f9-95d5-47b5-b185-2112df38a597-GrpcLogAppender: Leader has not got in touch with Follower b4fee7e9-40bc-4695-8270-a3969266ea18@group-447E59233EBB->c3feb7f9-95d5-47b5-b185-2112df38a597(c0,m0,n1, attendVote=true, lastRpcSendTime=397, lastRpcResponseTime=394) yet, just keep nextIndex unchanged and retry.
2023-05-03 09:48:25,199 [grpc-default-executor-5] WARN  server.GrpcLogAppender (LogUtils.java:warn(122)) - 6fdebf4b-249b-4d6b-b846-7ad5dee41c92@group-765D16BCBD62->c3feb7f9-95d5-47b5-b185-2112df38a597-AppendLogResponseHandler: Failed appendEntries: org.apache.ratis.thirdparty.io.grpc.StatusRuntimeException: CANCELLED: RST_STREAM closed stream. HTTP/2 error code: CANCEL
2023-05-03 09:48:25,200 [grpc-default-executor-5] WARN  server.GrpcLogAppender (GrpcLogAppender.java:resetClient(131)) - 6fdebf4b-249b-4d6b-b846-7ad5dee41c92@group-765D16BCBD62->c3feb7f9-95d5-47b5-b185-2112df38a597-GrpcLogAppender: Leader has not got in touch with Follower 6fdebf4b-249b-4d6b-b846-7ad5dee41c92@group-765D16BCBD62->c3feb7f9-95d5-47b5-b185-2112df38a597(c0,m0,n1, attendVote=true, lastRpcSendTime=456, lastRpcResponseTime=440) yet, just keep nextIndex unchanged and retry.
2023-05-03 09:48:25,202 [c3feb7f9-95d5-47b5-b185-2112df38a597-impl-thread3] INFO  impl.StateMachineUpdater (StateMachineUpdater.java:stopAndJoin(153)) - c3feb7f9-95d5-47b5-b185-2112df38a597@group-765D16BCBD62-StateMachineUpdater: set stopIndex = 0
2023-05-03 09:48:25,203 [c3feb7f9-95d5-47b5-b185-2112df38a597@group-0019FECB0C43-SegmentedRaftLogWorker] INFO  segmented.SegmentedRaftLogWorker (SegmentedRaftLogWorker.java:run(347)) - c3feb7f9-95d5-47b5-b185-2112df38a597@group-0019FECB0C43-SegmentedRaftLogWorker was interrupted, exiting. There are 0 tasks remaining in the queue.
2023-05-03 09:48:25,204 [ForkJoinPool.commonPool-worker-0] INFO  server.GrpcServerProtocolClient (GrpcServerProtocolClient.java:close(101)) - 6fdebf4b-249b-4d6b-b846-7ad5dee41c92 Close channels
2023-05-03 09:48:25,204 [6fdebf4b-249b-4d6b-b846-7ad5dee41c92@group-0FE4803270C1-LeaderElection36] INFO  impl.LeaderElection (LeaderElection.java:askForVotes(312)) - 6fdebf4b-249b-4d6b-b846-7ad5dee41c92@group-0FE4803270C1-LeaderElection36 PRE_VOTE round 0: submit vote requests at term 0 for -1: peers:[6fdebf4b-249b-4d6b-b846-7ad5dee41c92|rpc:10.1.0.194:35567|dataStream:10.1.0.194:36435|priority:1|startupRole:FOLLOWER]|listeners:[], old=null
2023-05-03 09:48:25,204 [6fdebf4b-249b-4d6b-b846-7ad5dee41c92@group-0FE4803270C1-LeaderElection36] INFO  impl.LeaderElection (LeaderElection.java:askForVotes(314)) - 6fdebf4b-249b-4d6b-b846-7ad5dee41c92@group-0FE4803270C1-LeaderElection36 PRE_VOTE round 0: result PASSED (term=0)
2023-05-03 09:48:25,204 [c3feb7f9-95d5-47b5-b185-2112df38a597@group-447E59233EBB-FollowerState] INFO  impl.FollowerState (FollowerState.java:run(152)) - c3feb7f9-95d5-47b5-b185-2112df38a597@group-447E59233EBB-FollowerState was interrupted
2023-05-03 09:48:25,204 [c3feb7f9-95d5-47b5-b185-2112df38a597-impl-thread1] INFO  segmented.SegmentedRaftLogWorker (SegmentedRaftLogWorker.java:close(257)) - c3feb7f9-95d5-47b5-b185-2112df38a597@group-0019FECB0C43-SegmentedRaftLogWorker close()
2023-05-03 09:48:25,206 [c3feb7f9-95d5-47b5-b185-2112df38a597@group-765D16BCBD62-FollowerState] INFO  impl.FollowerState (FollowerState.java:run(152)) - c3feb7f9-95d5-47b5-b185-2112df38a597@group-765D16BCBD62-FollowerState was interrupted
2023-05-03 09:48:25,211 [Listener at 127.0.0.1/33989] INFO  ozoneimpl.OzoneContainer (OzoneContainer.java:stop(419)) - Attempting to stop container services.
2023-05-03 09:48:25,211 [c3feb7f9-95d5-47b5-b185-2112df38a597@group-765D16BCBD62-StateMachineUpdater] INFO  ratis.ContainerStateMachine (ContainerStateMachine.java:takeSnapshot(330)) - group-765D16BCBD62: Taking a snapshot at:(t:1, i:0) file /home/runner/work/ozone/ozone/hadoop-ozone/integration-test/target/test-dir/MiniOzoneClusterImpl-376f2470-9738-4f53-87bd-21a09484475b/datanode-0/data/ratis/11200b52-a2a5-4820-900f-765d16bcbd62/sm/snapshot.1_0
2023-05-03 09:48:25,211 [Listener at 127.0.0.1/33989] INFO  server.RaftServer (RaftServerProxy.java:lambda$close$6(409)) - b4fee7e9-40bc-4695-8270-a3969266ea18: close
2023-05-03 09:48:25,211 [c3feb7f9-95d5-47b5-b185-2112df38a597@group-765D16BCBD62-StateMachineUpdater] INFO  ratis.ContainerStateMachine (ContainerStateMachine.java:takeSnapshot(341)) - group-765D16BCBD62: Finished taking a snapshot at:(t:1, i:0) file:/home/runner/work/ozone/ozone/hadoop-ozone/integration-test/target/test-dir/MiniOzoneClusterImpl-376f2470-9738-4f53-87bd-21a09484475b/datanode-0/data/ratis/11200b52-a2a5-4820-900f-765d16bcbd62/sm/snapshot.1_0 took: 0 ms
2023-05-03 09:48:25,211 [b4fee7e9-40bc-4695-8270-a3969266ea18-impl-thread1] INFO  server.RaftServer$Division (RaftServerImpl.java:lambda$close$4(458)) - b4fee7e9-40bc-4695-8270-a3969266ea18@group-447E59233EBB: shutdown
2023-05-03 09:48:25,211 [b4fee7e9-40bc-4695-8270-a3969266ea18-impl-thread1] INFO  util.JmxRegister (JmxRegister.java:unregister(73)) - Successfully un-registered JMX Bean with object name Ratis:service=RaftServer,group=group-447E59233EBB,id=b4fee7e9-40bc-4695-8270-a3969266ea18
2023-05-03 09:48:25,211 [b4fee7e9-40bc-4695-8270-a3969266ea18-impl-thread1] INFO  impl.RoleInfo (RoleInfo.java:shutdownLeaderState(93)) - b4fee7e9-40bc-4695-8270-a3969266ea18: shutdown b4fee7e9-40bc-4695-8270-a3969266ea18@group-447E59233EBB-LeaderStateImpl
2023-05-03 09:48:25,211 [c3feb7f9-95d5-47b5-b185-2112df38a597@group-765D16BCBD62-StateMachineUpdater] INFO  impl.StateMachineUpdater (StateMachineUpdater.java:takeSnapshot(287)) - c3feb7f9-95d5-47b5-b185-2112df38a597@group-765D16BCBD62-StateMachineUpdater: Took a snapshot at index 0
2023-05-03 09:48:25,211 [c3feb7f9-95d5-47b5-b185-2112df38a597@group-765D16BCBD62-StateMachineUpdater] INFO  impl.StateMachineUpdater (StateMachineUpdater.java:lambda$new$0(92)) - c3feb7f9-95d5-47b5-b185-2112df38a597@group-765D16BCBD62-StateMachineUpdater: snapshotIndex: updateIncreasingly -1 -> 0
2023-05-03 09:48:25,211 [6fdebf4b-249b-4d6b-b846-7ad5dee41c92@group-0FE4803270C1-LeaderElection36] INFO  impl.LeaderElection (LeaderElection.java:askForVotes(312)) - 6fdebf4b-249b-4d6b-b846-7ad5dee41c92@group-0FE4803270C1-LeaderElection36 ELECTION round 0: submit vote requests at term 1 for -1: peers:[6fdebf4b-249b-4d6b-b846-7ad5dee41c92|rpc:10.1.0.194:35567|dataStream:10.1.0.194:36435|priority:1|startupRole:FOLLOWER]|listeners:[], old=null
2023-05-03 09:48:25,212 [6fdebf4b-249b-4d6b-b846-7ad5dee41c92@group-0FE4803270C1-LeaderElection36] INFO  impl.LeaderElection (LeaderElection.java:askForVotes(314)) - 6fdebf4b-249b-4d6b-b846-7ad5dee41c92@group-0FE4803270C1-LeaderElection36 ELECTION round 0: result PASSED (term=1)
2023-05-03 09:48:25,212 [6fdebf4b-249b-4d6b-b846-7ad5dee41c92@group-0FE4803270C1-LeaderElection36] INFO  impl.RoleInfo (RoleInfo.java:shutdownLeaderElection(130)) - 6fdebf4b-249b-4d6b-b846-7ad5dee41c92: shutdown 6fdebf4b-249b-4d6b-b846-7ad5dee41c92@group-0FE4803270C1-LeaderElection36
2023-05-03 09:48:25,212 [6fdebf4b-249b-4d6b-b846-7ad5dee41c92@group-0FE4803270C1-LeaderElection36] INFO  server.RaftServer$Division (RaftServerImpl.java:setRole(321)) - 6fdebf4b-249b-4d6b-b846-7ad5dee41c92@group-0FE4803270C1: changes role from CANDIDATE to LEADER at term 1 for changeToLeader
2023-05-03 09:48:25,212 [6fdebf4b-249b-4d6b-b846-7ad5dee41c92@group-0FE4803270C1-LeaderElection36] INFO  ratis.XceiverServerRatis (XceiverServerRatis.java:handleLeaderChangedNotification(904)) - Leader change notification received for group: group-0FE4803270C1 with new leaderId: 6fdebf4b-249b-4d6b-b846-7ad5dee41c92
2023-05-03 09:48:25,212 [c3feb7f9-95d5-47b5-b185-2112df38a597-impl-thread3] INFO  server.RaftServer$Division (ServerState.java:close(466)) - c3feb7f9-95d5-47b5-b185-2112df38a597@group-765D16BCBD62: closes. applyIndex: 0
2023-05-03 09:48:25,214 [grpc-default-executor-6] WARN  server.GrpcLogAppender (LogUtils.java:warn(122)) - b4fee7e9-40bc-4695-8270-a3969266ea18@group-447E59233EBB->c3feb7f9-95d5-47b5-b185-2112df38a597-AppendLogResponseHandler: Failed appendEntries: org.apache.ratis.thirdparty.io.grpc.StatusRuntimeException: CANCELLED: RST_STREAM closed stream. HTTP/2 error code: CANCEL
2023-05-03 09:48:25,222 [c3feb7f9-95d5-47b5-b185-2112df38a597-impl-thread2] INFO  impl.StateMachineUpdater (StateMachineUpdater.java:stopAndJoin(153)) - c3feb7f9-95d5-47b5-b185-2112df38a597@group-447E59233EBB-StateMachineUpdater: set stopIndex = 0
2023-05-03 09:48:25,222 [c3feb7f9-95d5-47b5-b185-2112df38a597@group-447E59233EBB-StateMachineUpdater] INFO  ratis.ContainerStateMachine (ContainerStateMachine.java:takeSnapshot(330)) - group-447E59233EBB: Taking a snapshot at:(t:1, i:0) file /home/runner/work/ozone/ozone/hadoop-ozone/integration-test/target/test-dir/MiniOzoneClusterImpl-376f2470-9738-4f53-87bd-21a09484475b/datanode-0/data/ratis/98887c09-eff6-495c-bce8-447e59233ebb/sm/snapshot.1_0
2023-05-03 09:48:25,223 [b4fee7e9-40bc-4695-8270-a3969266ea18-impl-thread2] INFO  server.RaftServer$Division (RaftServerImpl.java:lambda$close$4(458)) - b4fee7e9-40bc-4695-8270-a3969266ea18@group-765D16BCBD62: shutdown
2023-05-03 09:48:25,223 [b4fee7e9-40bc-4695-8270-a3969266ea18-impl-thread2] INFO  util.JmxRegister (JmxRegister.java:unregister(73)) - Successfully un-registered JMX Bean with object name Ratis:service=RaftServer,group=group-765D16BCBD62,id=b4fee7e9-40bc-4695-8270-a3969266ea18
2023-05-03 09:48:25,223 [b4fee7e9-40bc-4695-8270-a3969266ea18-impl-thread2] INFO  impl.RoleInfo (RoleInfo.java:shutdownFollowerState(110)) - b4fee7e9-40bc-4695-8270-a3969266ea18: shutdown b4fee7e9-40bc-4695-8270-a3969266ea18@group-765D16BCBD62-FollowerState
2023-05-03 09:48:25,223 [c3feb7f9-95d5-47b5-b185-2112df38a597@group-447E59233EBB-StateMachineUpdater] INFO  ratis.ContainerStateMachine (ContainerStateMachine.java:takeSnapshot(341)) - group-447E59233EBB: Finished taking a snapshot at:(t:1, i:0) file:/home/runner/work/ozone/ozone/hadoop-ozone/integration-test/target/test-dir/MiniOzoneClusterImpl-376f2470-9738-4f53-87bd-21a09484475b/datanode-0/data/ratis/98887c09-eff6-495c-bce8-447e59233ebb/sm/snapshot.1_0 took: 1 ms
2023-05-03 09:48:25,223 [c3feb7f9-95d5-47b5-b185-2112df38a597@group-447E59233EBB-StateMachineUpdater] INFO  impl.StateMachineUpdater (StateMachineUpdater.java:takeSnapshot(287)) - c3feb7f9-95d5-47b5-b185-2112df38a597@group-447E59233EBB-StateMachineUpdater: Took a snapshot at index 0
2023-05-03 09:48:25,223 [c3feb7f9-95d5-47b5-b185-2112df38a597@group-447E59233EBB-StateMachineUpdater] INFO  impl.StateMachineUpdater (StateMachineUpdater.java:lambda$new$0(92)) - c3feb7f9-95d5-47b5-b185-2112df38a597@group-447E59233EBB-StateMachineUpdater: snapshotIndex: updateIncreasingly -1 -> 0
2023-05-03 09:48:25,223 [c3feb7f9-95d5-47b5-b185-2112df38a597-impl-thread2] INFO  server.RaftServer$Division (ServerState.java:close(466)) - c3feb7f9-95d5-47b5-b185-2112df38a597@group-447E59233EBB: closes. applyIndex: 0
2023-05-03 09:48:25,226 [Listener at 127.0.0.1/33989] INFO  server.GrpcService (GrpcService.java:closeImpl(271)) - b4fee7e9-40bc-4695-8270-a3969266ea18: shutdown server GrpcServerProtocolService now
2023-05-03 09:48:25,230 [grpc-default-executor-6] WARN  server.GrpcLogAppender (GrpcLogAppender.java:resetClient(131)) - b4fee7e9-40bc-4695-8270-a3969266ea18@group-447E59233EBB->c3feb7f9-95d5-47b5-b185-2112df38a597-GrpcLogAppender: Leader has not got in touch with Follower b4fee7e9-40bc-4695-8270-a3969266ea18@group-447E59233EBB->c3feb7f9-95d5-47b5-b185-2112df38a597(c0,m0,n1, attendVote=true, lastRpcSendTime=428, lastRpcResponseTime=425) yet, just keep nextIndex unchanged and retry.
2023-05-03 09:48:25,230 [c3feb7f9-95d5-47b5-b185-2112df38a597@group-447E59233EBB-SegmentedRaftLogWorker] INFO  segmented.SegmentedRaftLogWorker (SegmentedRaftLogWorker.java:run(347)) - c3feb7f9-95d5-47b5-b185-2112df38a597@group-447E59233EBB-SegmentedRaftLogWorker was interrupted, exiting. There are 0 tasks remaining in the queue.
2023-05-03 09:48:25,231 [b4fee7e9-40bc-4695-8270-a3969266ea18-impl-thread2] INFO  impl.StateMachineUpdater (StateMachineUpdater.java:stopAndJoin(153)) - b4fee7e9-40bc-4695-8270-a3969266ea18@group-765D16BCBD62-StateMachineUpdater: set stopIndex = 0
2023-05-03 09:48:25,231 [b4fee7e9-40bc-4695-8270-a3969266ea18@group-765D16BCBD62-FollowerState] INFO  impl.FollowerState (FollowerState.java:run(152)) - b4fee7e9-40bc-4695-8270-a3969266ea18@group-765D16BCBD62-FollowerState was interrupted
2023-05-03 09:48:25,231 [b4fee7e9-40bc-4695-8270-a3969266ea18@group-765D16BCBD62-StateMachineUpdater] INFO  ratis.ContainerStateMachine (ContainerStateMachine.java:takeSnapshot(330)) - group-765D16BCBD62: Taking a snapshot at:(t:1, i:0) file /home/runner/work/ozone/ozone/hadoop-ozone/integration-test/target/test-dir/MiniOzoneClusterImpl-376f2470-9738-4f53-87bd-21a09484475b/datanode-1/data/ratis/11200b52-a2a5-4820-900f-765d16bcbd62/sm/snapshot.1_0
2023-05-03 09:48:25,231 [b4fee7e9-40bc-4695-8270-a3969266ea18@group-765D16BCBD62-StateMachineUpdater] INFO  ratis.ContainerStateMachine (ContainerStateMachine.java:takeSnapshot(341)) - group-765D16BCBD62: Finished taking a snapshot at:(t:1, i:0) file:/home/runner/work/ozone/ozone/hadoop-ozone/integration-test/target/test-dir/MiniOzoneClusterImpl-376f2470-9738-4f53-87bd-21a09484475b/datanode-1/data/ratis/11200b52-a2a5-4820-900f-765d16bcbd62/sm/snapshot.1_0 took: 0 ms
2023-05-03 09:48:25,231 [b4fee7e9-40bc-4695-8270-a3969266ea18@group-765D16BCBD62-StateMachineUpdater] INFO  impl.StateMachineUpdater (StateMachineUpdater.java:takeSnapshot(287)) - b4fee7e9-40bc-4695-8270-a3969266ea18@group-765D16BCBD62-StateMachineUpdater: Took a snapshot at index 0
2023-05-03 09:48:25,231 [b4fee7e9-40bc-4695-8270-a3969266ea18@group-765D16BCBD62-StateMachineUpdater] INFO  impl.StateMachineUpdater (StateMachineUpdater.java:lambda$new$0(92)) - b4fee7e9-40bc-4695-8270-a3969266ea18@group-765D16BCBD62-StateMachineUpdater: snapshotIndex: updateIncreasingly -1 -> 0
2023-05-03 09:48:25,232 [b4fee7e9-40bc-4695-8270-a3969266ea18-impl-thread2] INFO  server.RaftServer$Division (ServerState.java:close(466)) - b4fee7e9-40bc-4695-8270-a3969266ea18@group-765D16BCBD62: closes. applyIndex: 0
2023-05-03 09:48:25,232 [b4fee7e9-40bc-4695-8270-a3969266ea18@group-765D16BCBD62-SegmentedRaftLogWorker] INFO  segmented.SegmentedRaftLogWorker (SegmentedRaftLogWorker.java:run(347)) - b4fee7e9-40bc-4695-8270-a3969266ea18@group-765D16BCBD62-SegmentedRaftLogWorker was interrupted, exiting. There are 0 tasks remaining in the queue.
2023-05-03 09:48:25,242 [c3feb7f9-95d5-47b5-b185-2112df38a597@group-765D16BCBD62-SegmentedRaftLogWorker] INFO  segmented.SegmentedRaftLogWorker (SegmentedRaftLogWorker.java:run(347)) - c3feb7f9-95d5-47b5-b185-2112df38a597@group-765D16BCBD62-SegmentedRaftLogWorker was interrupted, exiting. There are 0 tasks remaining in the queue.
2023-05-03 09:48:25,242 [b4fee7e9-40bc-4695-8270-a3969266ea18-impl-thread1] INFO  impl.PendingRequests (PendingRequests.java:sendNotLeaderResponses(282)) - b4fee7e9-40bc-4695-8270-a3969266ea18@group-447E59233EBB-PendingRequests: sendNotLeaderResponses
2023-05-03 09:48:25,243 [b4fee7e9-40bc-4695-8270-a3969266ea18-impl-thread1] INFO  impl.StateMachineUpdater (StateMachineUpdater.java:stopAndJoin(153)) - b4fee7e9-40bc-4695-8270-a3969266ea18@group-447E59233EBB-StateMachineUpdater: set stopIndex = 0
2023-05-03 09:48:25,242 [6fdebf4b-249b-4d6b-b846-7ad5dee41c92@group-0FE4803270C1-LeaderElection36] INFO  server.RaftServer$Division (ServerState.java:setLeader(313)) - 6fdebf4b-249b-4d6b-b846-7ad5dee41c92@group-0FE4803270C1: change Leader from null to 6fdebf4b-249b-4d6b-b846-7ad5dee41c92 at term 1 for becomeLeader, leader elected after 5044ms
2023-05-03 09:48:25,243 [6fdebf4b-249b-4d6b-b846-7ad5dee41c92@group-0FE4803270C1-LeaderElection36] INFO  server.RaftServerConfigKeys (ConfUtils.java:logGet(46)) - raft.server.staging.catchup.gap = 1000 (default)
2023-05-03 09:48:25,247 [b4fee7e9-40bc-4695-8270-a3969266ea18-impl-thread3] INFO  server.RaftServer$Division (RaftServerImpl.java:lambda$close$4(458)) - b4fee7e9-40bc-4695-8270-a3969266ea18@group-9ACD763AD596: shutdown
2023-05-03 09:48:25,247 [b4fee7e9-40bc-4695-8270-a3969266ea18-impl-thread3] INFO  util.JmxRegister (JmxRegister.java:unregister(73)) - Successfully un-registered JMX Bean with object name Ratis:service=RaftServer,group=group-9ACD763AD596,id=b4fee7e9-40bc-4695-8270-a3969266ea18
2023-05-03 09:48:25,247 [b4fee7e9-40bc-4695-8270-a3969266ea18-impl-thread3] INFO  impl.RoleInfo (RoleInfo.java:shutdownLeaderState(93)) - b4fee7e9-40bc-4695-8270-a3969266ea18: shutdown b4fee7e9-40bc-4695-8270-a3969266ea18@group-9ACD763AD596-LeaderStateImpl
2023-05-03 09:48:25,247 [b4fee7e9-40bc-4695-8270-a3969266ea18-impl-thread3] INFO  impl.PendingRequests (PendingRequests.java:sendNotLeaderResponses(282)) - b4fee7e9-40bc-4695-8270-a3969266ea18@group-9ACD763AD596-PendingRequests: sendNotLeaderResponses
2023-05-03 09:48:25,247 [b4fee7e9-40bc-4695-8270-a3969266ea18-impl-thread3] INFO  impl.StateMachineUpdater (StateMachineUpdater.java:stopAndJoin(153)) - b4fee7e9-40bc-4695-8270-a3969266ea18@group-9ACD763AD596-StateMachineUpdater: set stopIndex = 0
2023-05-03 09:48:25,247 [b4fee7e9-40bc-4695-8270-a3969266ea18@group-9ACD763AD596-StateMachineUpdater] INFO  ratis.ContainerStateMachine (ContainerStateMachine.java:takeSnapshot(330)) - group-9ACD763AD596: Taking a snapshot at:(t:1, i:0) file /home/runner/work/ozone/ozone/hadoop-ozone/integration-test/target/test-dir/MiniOzoneClusterImpl-376f2470-9738-4f53-87bd-21a09484475b/datanode-1/data/ratis/895778d8-1ea2-4097-8870-9acd763ad596/sm/snapshot.1_0
2023-05-03 09:48:25,248 [6fdebf4b-249b-4d6b-b846-7ad5dee41c92@group-0FE4803270C1-LeaderElection36] INFO  server.RaftServerConfigKeys (ConfUtils.java:logGet(46)) - raft.server.write.element-limit = 1024 (custom)
2023-05-03 09:48:25,248 [6fdebf4b-249b-4d6b-b846-7ad5dee41c92@group-0FE4803270C1-LeaderElection36] INFO  server.RaftServerConfigKeys (ConfUtils.java:logGet(46)) - raft.server.write.byte-limit = 1024 M (=1073741824) (custom)
2023-05-03 09:48:25,248 [Listener at 127.0.0.1/33989] INFO  server.GrpcServerProtocolClient (GrpcServerProtocolClient.java:close(101)) - 6fdebf4b-249b-4d6b-b846-7ad5dee41c92 Close channels
2023-05-03 09:48:25,248 [c3feb7f9-95d5-47b5-b185-2112df38a597-impl-thread2] INFO  segmented.SegmentedRaftLogWorker (SegmentedRaftLogWorker.java:close(257)) - c3feb7f9-95d5-47b5-b185-2112df38a597@group-447E59233EBB-SegmentedRaftLogWorker close()
2023-05-03 09:48:25,248 [c3feb7f9-95d5-47b5-b185-2112df38a597-impl-thread3] INFO  segmented.SegmentedRaftLogWorker (SegmentedRaftLogWorker.java:close(257)) - c3feb7f9-95d5-47b5-b185-2112df38a597@group-765D16BCBD62-SegmentedRaftLogWorker close()
2023-05-03 09:48:25,249 [b4fee7e9-40bc-4695-8270-a3969266ea18-impl-thread2] INFO  segmented.SegmentedRaftLogWorker (SegmentedRaftLogWorker.java:close(257)) - b4fee7e9-40bc-4695-8270-a3969266ea18@group-765D16BCBD62-SegmentedRaftLogWorker close()
2023-05-03 09:48:25,250 [grpc-default-executor-0] WARN  server.GrpcServerProtocolService (LogUtils.java:warn(122)) - b4fee7e9-40bc-4695-8270-a3969266ea18: installSnapshot onError, lastRequest: 6fdebf4b-249b-4d6b-b846-7ad5dee41c92->b4fee7e9-40bc-4695-8270-a3969266ea18#1-t1,previous=(t:0, i:0),leaderCommit=0,initializing? true,entries: size=1, first=(t:1, i:0), CONFIGURATIONENTRY(current:id: "6fdebf4b-249b-4d6b-b846-7ad5dee41c92"
address: "10.1.0.194:35567"
priority: 1
dataStreamAddress: "10.1.0.194:36435"
clientAddress: "10.1.0.194:35567"
adminAddress: "10.1.0.194:35567"
startupRole: FOLLOWER
,id: "b4fee7e9-40bc-4695-8270-a3969266ea18"
address: "10.1.0.194:40495"
dataStreamAddress: "10.1.0.194:44405"
clientAddress: "10.1.0.194:40495"
adminAddress: "10.1.0.194:40495"
startupRole: FOLLOWER
,id: "c3feb7f9-95d5-47b5-b185-2112df38a597"
address: "10.1.0.194:44977"
dataStreamAddress: "10.1.0.194:45869"
clientAddress: "10.1.0.194:44977"
adminAddress: "10.1.0.194:44977"
startupRole: FOLLOWER
, old:): org.apache.ratis.thirdparty.io.grpc.StatusRuntimeException: CANCELLED: client cancelled
2023-05-03 09:48:25,250 [grpc-default-executor-1] INFO  server.GrpcServerProtocolService (GrpcServerProtocolService.java:onCompleted(143)) - 6fdebf4b-249b-4d6b-b846-7ad5dee41c92: Completed APPEND_ENTRIES, lastRequest: null
2023-05-03 09:48:25,250 [b4fee7e9-40bc-4695-8270-a3969266ea18@group-9ACD763AD596-StateMachineUpdater] INFO  ratis.ContainerStateMachine (ContainerStateMachine.java:takeSnapshot(341)) - group-9ACD763AD596: Finished taking a snapshot at:(t:1, i:0) file:/home/runner/work/ozone/ozone/hadoop-ozone/integration-test/target/test-dir/MiniOzoneClusterImpl-376f2470-9738-4f53-87bd-21a09484475b/datanode-1/data/ratis/895778d8-1ea2-4097-8870-9acd763ad596/sm/snapshot.1_0 took: 3 ms
2023-05-03 09:48:25,250 [b4fee7e9-40bc-4695-8270-a3969266ea18@group-9ACD763AD596-StateMachineUpdater] INFO  impl.StateMachineUpdater (StateMachineUpdater.java:takeSnapshot(287)) - b4fee7e9-40bc-4695-8270-a3969266ea18@group-9ACD763AD596-StateMachineUpdater: Took a snapshot at index 0
2023-05-03 09:48:25,251 [b4fee7e9-40bc-4695-8270-a3969266ea18@group-9ACD763AD596-StateMachineUpdater] INFO  impl.StateMachineUpdater (StateMachineUpdater.java:lambda$new$0(92)) - b4fee7e9-40bc-4695-8270-a3969266ea18@group-9ACD763AD596-StateMachineUpdater: snapshotIndex: updateIncreasingly -1 -> 0
2023-05-03 09:48:25,251 [grpc-default-executor-5] WARN  server.GrpcServerProtocolService (LogUtils.java:warn(122)) - b4fee7e9-40bc-4695-8270-a3969266ea18: installSnapshot onError, lastRequest: null: org.apache.ratis.thirdparty.io.grpc.StatusRuntimeException: CANCELLED: client cancelled
2023-05-03 09:48:25,251 [grpc-default-executor-4] INFO  server.GrpcServerProtocolService (GrpcServerProtocolService.java:onCompleted(143)) - 6fdebf4b-249b-4d6b-b846-7ad5dee41c92: Completed APPEND_ENTRIES, lastRequest: b4fee7e9-40bc-4695-8270-a3969266ea18->6fdebf4b-249b-4d6b-b846-7ad5dee41c92#1-t1,previous=(t:0, i:0),leaderCommit=0,initializing? true,entries: size=1, first=(t:1, i:0), CONFIGURATIONENTRY(current:id: "6fdebf4b-249b-4d6b-b846-7ad5dee41c92"
address: "10.1.0.194:35567"
dataStreamAddress: "10.1.0.194:36435"
clientAddress: "10.1.0.194:35567"
adminAddress: "10.1.0.194:35567"
startupRole: FOLLOWER
,id: "b4fee7e9-40bc-4695-8270-a3969266ea18"
address: "10.1.0.194:40495"
priority: 1
dataStreamAddress: "10.1.0.194:44405"
clientAddress: "10.1.0.194:40495"
adminAddress: "10.1.0.194:40495"
startupRole: FOLLOWER
,id: "c3feb7f9-95d5-47b5-b185-2112df38a597"
address: "10.1.0.194:44977"
dataStreamAddress: "10.1.0.194:45869"
clientAddress: "10.1.0.194:44977"
adminAddress: "10.1.0.194:44977"
startupRole: FOLLOWER
, old:)
2023-05-03 09:48:25,251 [grpc-default-executor-4] WARN  server.GrpcLogAppender (LogUtils.java:warn(122)) - 6fdebf4b-249b-4d6b-b846-7ad5dee41c92@group-765D16BCBD62->b4fee7e9-40bc-4695-8270-a3969266ea18-AppendLogResponseHandler: Failed appendEntries: org.apache.ratis.thirdparty.io.grpc.StatusRuntimeException: CANCELLED: RST_STREAM closed stream. HTTP/2 error code: CANCEL
2023-05-03 09:48:25,251 [grpc-default-executor-4] WARN  server.GrpcLogAppender (GrpcLogAppender.java:resetClient(131)) - 6fdebf4b-249b-4d6b-b846-7ad5dee41c92@group-765D16BCBD62->b4fee7e9-40bc-4695-8270-a3969266ea18-GrpcLogAppender: Leader has not got in touch with Follower 6fdebf4b-249b-4d6b-b846-7ad5dee41c92@group-765D16BCBD62->b4fee7e9-40bc-4695-8270-a3969266ea18(c0,m0,n1, attendVote=true, lastRpcSendTime=518, lastRpcResponseTime=507) yet, just keep nextIndex unchanged and retry.
2023-05-03 09:48:25,251 [grpc-default-executor-5] WARN  server.GrpcLogAppender (LogUtils.java:warn(122)) - 6fdebf4b-249b-4d6b-b846-7ad5dee41c92@group-765D16BCBD62->b4fee7e9-40bc-4695-8270-a3969266ea18-AppendLogResponseHandler: Failed appendEntries: org.apache.ratis.thirdparty.io.grpc.StatusRuntimeException: CANCELLED: RST_STREAM closed stream. HTTP/2 error code: CANCEL
2023-05-03 09:48:25,252 [grpc-default-executor-5] WARN  server.GrpcLogAppender (GrpcLogAppender.java:resetClient(131)) - 6fdebf4b-249b-4d6b-b846-7ad5dee41c92@group-765D16BCBD62->b4fee7e9-40bc-4695-8270-a3969266ea18-GrpcLogAppender: Leader has not got in touch with Follower 6fdebf4b-249b-4d6b-b846-7ad5dee41c92@group-765D16BCBD62->b4fee7e9-40bc-4695-8270-a3969266ea18(c0,m0,n1, attendVote=true, lastRpcSendTime=518, lastRpcResponseTime=507) yet, just keep nextIndex unchanged and retry.
2023-05-03 09:48:25,252 [b4fee7e9-40bc-4695-8270-a3969266ea18-impl-thread3] INFO  server.RaftServer$Division (ServerState.java:close(466)) - b4fee7e9-40bc-4695-8270-a3969266ea18@group-9ACD763AD596: closes. applyIndex: 0
2023-05-03 09:48:25,252 [b4fee7e9-40bc-4695-8270-a3969266ea18@group-9ACD763AD596-SegmentedRaftLogWorker] INFO  segmented.SegmentedRaftLogWorker (SegmentedRaftLogWorker.java:run(347)) - b4fee7e9-40bc-4695-8270-a3969266ea18@group-9ACD763AD596-SegmentedRaftLogWorker was interrupted, exiting. There are 0 tasks remaining in the queue.
2023-05-03 09:48:25,252 [6fdebf4b-249b-4d6b-b846-7ad5dee41c92@group-0FE4803270C1-LeaderElection36] INFO  server.RaftServerConfigKeys (ConfUtils.java:logGet(46)) - raft.server.watch.timeout = 180s (custom)
2023-05-03 09:48:25,252 [6fdebf4b-249b-4d6b-b846-7ad5dee41c92@group-0FE4803270C1-LeaderElection36] INFO  server.RaftServerConfigKeys (ConfUtils.java:logGet(46)) - raft.server.watch.timeout.denomination = 1s (default)
2023-05-03 09:48:25,252 [6fdebf4b-249b-4d6b-b846-7ad5dee41c92@group-0FE4803270C1-LeaderElection36] INFO  server.RaftServerConfigKeys (ConfUtils.java:logGet(46)) - raft.server.watch.element-limit = 65536 (default)
2023-05-03 09:48:25,252 [6fdebf4b-249b-4d6b-b846-7ad5dee41c92@group-0FE4803270C1-LeaderElection36] INFO  server.RaftServerConfigKeys (ConfUtils.java:logGet(46)) - raft.server.write.element-limit = 1024 (custom)
2023-05-03 09:48:25,252 [6fdebf4b-249b-4d6b-b846-7ad5dee41c92@group-0FE4803270C1-LeaderElection36] INFO  server.RaftServerConfigKeys (ConfUtils.java:logGet(46)) - raft.server.write.follower.gap.ratio.max = -1.0 (default)
2023-05-03 09:48:25,252 [6fdebf4b-249b-4d6b-b846-7ad5dee41c92@group-0FE4803270C1-LeaderElection36] INFO  impl.RoleInfo (RoleInfo.java:updateAndGet(139)) - 6fdebf4b-249b-4d6b-b846-7ad5dee41c92: start 6fdebf4b-249b-4d6b-b846-7ad5dee41c92@group-0FE4803270C1-LeaderStateImpl
2023-05-03 09:48:25,252 [6fdebf4b-249b-4d6b-b846-7ad5dee41c92@group-0FE4803270C1-LeaderElection36] INFO  segmented.SegmentedRaftLogWorker (SegmentedRaftLogWorker.java:startLogSegment(452)) - 6fdebf4b-249b-4d6b-b846-7ad5dee41c92@group-0FE4803270C1-SegmentedRaftLogWorker: Starting segment from index:0
2023-05-03 09:48:25,253 [b4fee7e9-40bc-4695-8270-a3969266ea18@group-447E59233EBB-StateMachineUpdater] INFO  ratis.ContainerStateMachine (ContainerStateMachine.java:takeSnapshot(330)) - group-447E59233EBB: Taking a snapshot at:(t:1, i:0) file /home/runner/work/ozone/ozone/hadoop-ozone/integration-test/target/test-dir/MiniOzoneClusterImpl-376f2470-9738-4f53-87bd-21a09484475b/datanode-1/data/ratis/98887c09-eff6-495c-bce8-447e59233ebb/sm/snapshot.1_0
2023-05-03 09:48:25,254 [grpc-default-executor-1] INFO  server.GrpcLogAppender (GrpcLogAppender.java:onCompleted(415)) - b4fee7e9-40bc-4695-8270-a3969266ea18@group-447E59233EBB->6fdebf4b-249b-4d6b-b846-7ad5dee41c92-AppendLogResponseHandler: follower responses appendEntries COMPLETED
2023-05-03 09:48:25,254 [grpc-default-executor-1] WARN  server.GrpcLogAppender (GrpcLogAppender.java:resetClient(137)) - b4fee7e9-40bc-4695-8270-a3969266ea18@group-447E59233EBB->6fdebf4b-249b-4d6b-b846-7ad5dee41c92-GrpcLogAppender: Failed to getClient for 6fdebf4b-249b-4d6b-b846-7ad5dee41c92
org.apache.ratis.protocol.exceptions.AlreadyClosedException: b4fee7e9-40bc-4695-8270-a3969266ea18 is already CLOSED
	at org.apache.ratis.util.PeerProxyMap$PeerAndProxy.getProxy(PeerProxyMap.java:61)
	at org.apache.ratis.util.PeerProxyMap.getProxy(PeerProxyMap.java:115)
	at org.apache.ratis.grpc.server.GrpcLogAppender.getClient(GrpcLogAppender.java:116)
	at org.apache.ratis.grpc.server.GrpcLogAppender.resetClient(GrpcLogAppender.java:121)
	at org.apache.ratis.grpc.server.GrpcLogAppender.access$500(GrpcLogAppender.java:58)
	at org.apache.ratis.grpc.server.GrpcLogAppender$AppendLogResponseHandler.onCompleted(GrpcLogAppender.java:416)
	at org.apache.ratis.thirdparty.io.grpc.stub.ClientCalls$StreamObserverToCallListenerAdapter.onClose(ClientCalls.java:485)
	at org.apache.ratis.thirdparty.io.grpc.internal.ClientCallImpl.closeObserver(ClientCallImpl.java:562)
	at org.apache.ratis.thirdparty.io.grpc.internal.ClientCallImpl.access$300(ClientCallImpl.java:70)
	at org.apache.ratis.thirdparty.io.grpc.internal.ClientCallImpl$ClientStreamListenerImpl$1StreamClosed.runInternal(ClientCallImpl.java:743)
	at org.apache.ratis.thirdparty.io.grpc.internal.ClientCallImpl$ClientStreamListenerImpl$1StreamClosed.runInContext(ClientCallImpl.java:722)
	at org.apache.ratis.thirdparty.io.grpc.internal.ContextRunnable.run(ContextRunnable.java:37)
	at org.apache.ratis.thirdparty.io.grpc.internal.SerializingExecutor.run(SerializingExecutor.java:133)
	at java.util.concurrent.ThreadPoolExecutor.runWorker(ThreadPoolExecutor.java:1149)
	at java.util.concurrent.ThreadPoolExecutor$Worker.run(ThreadPoolExecutor.java:624)
	at java.lang.Thread.run(Thread.java:750)
2023-05-03 09:48:25,254 [6fdebf4b-249b-4d6b-b846-7ad5dee41c92@group-0FE4803270C1-SegmentedRaftLogWorker] INFO  segmented.SegmentedRaftLogWorker (SegmentedRaftLogWorker.java:execute(656)) - 6fdebf4b-249b-4d6b-b846-7ad5dee41c92@group-0FE4803270C1-SegmentedRaftLogWorker: created new log segment /home/runner/work/ozone/ozone/hadoop-ozone/integration-test/target/test-dir/MiniOzoneClusterImpl-376f2470-9738-4f53-87bd-21a09484475b/datanode-2/data/ratis/1b4ac48d-ad28-4f7e-b5a8-0fe4803270c1/current/log_inprogress_0
2023-05-03 09:48:25,254 [b4fee7e9-40bc-4695-8270-a3969266ea18@group-447E59233EBB-StateMachineUpdater] INFO  ratis.ContainerStateMachine (ContainerStateMachine.java:takeSnapshot(341)) - group-447E59233EBB: Finished taking a snapshot at:(t:1, i:0) file:/home/runner/work/ozone/ozone/hadoop-ozone/integration-test/target/test-dir/MiniOzoneClusterImpl-376f2470-9738-4f53-87bd-21a09484475b/datanode-1/data/ratis/98887c09-eff6-495c-bce8-447e59233ebb/sm/snapshot.1_0 took: 1 ms
2023-05-03 09:48:25,255 [b4fee7e9-40bc-4695-8270-a3969266ea18@group-447E59233EBB-StateMachineUpdater] INFO  impl.StateMachineUpdater (StateMachineUpdater.java:takeSnapshot(287)) - b4fee7e9-40bc-4695-8270-a3969266ea18@group-447E59233EBB-StateMachineUpdater: Took a snapshot at index 0
2023-05-03 09:48:25,255 [b4fee7e9-40bc-4695-8270-a3969266ea18@group-447E59233EBB-StateMachineUpdater] INFO  impl.StateMachineUpdater (StateMachineUpdater.java:lambda$new$0(92)) - b4fee7e9-40bc-4695-8270-a3969266ea18@group-447E59233EBB-StateMachineUpdater: snapshotIndex: updateIncreasingly -1 -> 0
2023-05-03 09:48:25,255 [b4fee7e9-40bc-4695-8270-a3969266ea18-impl-thread1] INFO  server.RaftServer$Division (ServerState.java:close(466)) - b4fee7e9-40bc-4695-8270-a3969266ea18@group-447E59233EBB: closes. applyIndex: 0
2023-05-03 09:48:25,255 [grpc-default-executor-4] INFO  server.GrpcLogAppender (GrpcLogAppender.java:onCompleted(415)) - b4fee7e9-40bc-4695-8270-a3969266ea18@group-447E59233EBB->6fdebf4b-249b-4d6b-b846-7ad5dee41c92-AppendLogResponseHandler: follower responses appendEntries COMPLETED
2023-05-03 09:48:25,255 [grpc-default-executor-4] WARN  server.GrpcLogAppender (GrpcLogAppender.java:resetClient(137)) - b4fee7e9-40bc-4695-8270-a3969266ea18@group-447E59233EBB->6fdebf4b-249b-4d6b-b846-7ad5dee41c92-GrpcLogAppender: Failed to getClient for 6fdebf4b-249b-4d6b-b846-7ad5dee41c92
org.apache.ratis.protocol.exceptions.AlreadyClosedException: b4fee7e9-40bc-4695-8270-a3969266ea18 is already CLOSED
	at org.apache.ratis.util.PeerProxyMap$PeerAndProxy.getProxy(PeerProxyMap.java:61)
	at org.apache.ratis.util.PeerProxyMap.getProxy(PeerProxyMap.java:115)
	at org.apache.ratis.grpc.server.GrpcLogAppender.getClient(GrpcLogAppender.java:116)
	at org.apache.ratis.grpc.server.GrpcLogAppender.resetClient(GrpcLogAppender.java:121)
	at org.apache.ratis.grpc.server.GrpcLogAppender.access$500(GrpcLogAppender.java:58)
	at org.apache.ratis.grpc.server.GrpcLogAppender$AppendLogResponseHandler.onCompleted(GrpcLogAppender.java:416)
	at org.apache.ratis.thirdparty.io.grpc.stub.ClientCalls$StreamObserverToCallListenerAdapter.onClose(ClientCalls.java:485)
	at org.apache.ratis.thirdparty.io.grpc.internal.ClientCallImpl.closeObserver(ClientCallImpl.java:562)
	at org.apache.ratis.thirdparty.io.grpc.internal.ClientCallImpl.access$300(ClientCallImpl.java:70)
	at org.apache.ratis.thirdparty.io.grpc.internal.ClientCallImpl$ClientStreamListenerImpl$1StreamClosed.runInternal(ClientCallImpl.java:743)
	at org.apache.ratis.thirdparty.io.grpc.internal.ClientCallImpl$ClientStreamListenerImpl$1StreamClosed.runInContext(ClientCallImpl.java:722)
	at org.apache.ratis.thirdparty.io.grpc.internal.ContextRunnable.run(ContextRunnable.java:37)
	at org.apache.ratis.thirdparty.io.grpc.internal.SerializingExecutor.run(SerializingExecutor.java:133)
	at java.util.concurrent.ThreadPoolExecutor.runWorker(ThreadPoolExecutor.java:1149)
	at java.util.concurrent.ThreadPoolExecutor$Worker.run(ThreadPoolExecutor.java:624)
	at java.lang.Thread.run(Thread.java:750)
2023-05-03 09:48:25,269 [b4fee7e9-40bc-4695-8270-a3969266ea18@group-447E59233EBB-SegmentedRaftLogWorker] INFO  segmented.SegmentedRaftLogWorker (SegmentedRaftLogWorker.java:run(347)) - b4fee7e9-40bc-4695-8270-a3969266ea18@group-447E59233EBB-SegmentedRaftLogWorker was interrupted, exiting. There are 0 tasks remaining in the queue.
2023-05-03 09:48:25,269 [b4fee7e9-40bc-4695-8270-a3969266ea18-impl-thread3] INFO  segmented.SegmentedRaftLogWorker (SegmentedRaftLogWorker.java:close(257)) - b4fee7e9-40bc-4695-8270-a3969266ea18@group-9ACD763AD596-SegmentedRaftLogWorker close()
2023-05-03 09:48:25,269 [Listener at 127.0.0.1/33989] INFO  server.GrpcServerProtocolClient (GrpcServerProtocolClient.java:close(101)) - c3feb7f9-95d5-47b5-b185-2112df38a597 Close channels
2023-05-03 09:48:25,270 [Listener at 127.0.0.1/33989] INFO  server.GrpcService (GrpcService.java:closeImpl(280)) - b4fee7e9-40bc-4695-8270-a3969266ea18: shutdown server GrpcServerProtocolService successfully
2023-05-03 09:48:25,270 [ForkJoinPool.commonPool-worker-0] INFO  server.GrpcServerProtocolClient (GrpcServerProtocolClient.java:close(101)) - b4fee7e9-40bc-4695-8270-a3969266ea18 Close channels
2023-05-03 09:48:25,270 [b4fee7e9-40bc-4695-8270-a3969266ea18-NettyServerStreamRpc-bossGroup--thread1] INFO  logging.LoggingHandler (AbstractInternalLogger.java:log(148)) - [id: 0x9c148bff, L:/0:0:0:0:0:0:0:0:44405] CLOSE
2023-05-03 09:48:25,270 [ForkJoinPool.commonPool-worker-0] INFO  server.GrpcService (GrpcService.java:closeImpl(280)) - c3feb7f9-95d5-47b5-b185-2112df38a597: shutdown server GrpcServerProtocolService successfully
2023-05-03 09:48:25,270 [b4fee7e9-40bc-4695-8270-a3969266ea18-NettyServerStreamRpc-bossGroup--thread1] INFO  logging.LoggingHandler (AbstractInternalLogger.java:log(148)) - [id: 0x9c148bff, L:/0:0:0:0:0:0:0:0:44405] INACTIVE
2023-05-03 09:48:25,270 [b4fee7e9-40bc-4695-8270-a3969266ea18-NettyServerStreamRpc-bossGroup--thread1] INFO  logging.LoggingHandler (AbstractInternalLogger.java:log(148)) - [id: 0x9c148bff, L:/0:0:0:0:0:0:0:0:44405] UNREGISTERED
2023-05-03 09:48:25,270 [c3feb7f9-95d5-47b5-b185-2112df38a597-NettyServerStreamRpc-bossGroup--thread1] INFO  logging.LoggingHandler (AbstractInternalLogger.java:log(148)) - [id: 0x8e3c8410, L:/0:0:0:0:0:0:0:0:45869] CLOSE
2023-05-03 09:48:25,270 [6fdebf4b-249b-4d6b-b846-7ad5dee41c92@group-0FE4803270C1-LeaderElection36] INFO  server.RaftServer$Division (ServerState.java:setRaftConf(430)) - 6fdebf4b-249b-4d6b-b846-7ad5dee41c92@group-0FE4803270C1: set configuration 0: peers:[6fdebf4b-249b-4d6b-b846-7ad5dee41c92|rpc:10.1.0.194:35567|dataStream:10.1.0.194:36435|priority:1|startupRole:FOLLOWER]|listeners:[], old=null
2023-05-03 09:48:25,270 [c3feb7f9-95d5-47b5-b185-2112df38a597-NettyServerStreamRpc-bossGroup--thread1] INFO  logging.LoggingHandler (AbstractInternalLogger.java:log(148)) - [id: 0x8e3c8410, L:/0:0:0:0:0:0:0:0:45869] INACTIVE
2023-05-03 09:48:25,270 [c3feb7f9-95d5-47b5-b185-2112df38a597-NettyServerStreamRpc-bossGroup--thread1] INFO  logging.LoggingHandler (AbstractInternalLogger.java:log(148)) - [id: 0x8e3c8410, L:/0:0:0:0:0:0:0:0:45869] UNREGISTERED
2023-05-03 09:48:25,281 [b4fee7e9-40bc-4695-8270-a3969266ea18-impl-thread1] INFO  segmented.SegmentedRaftLogWorker (SegmentedRaftLogWorker.java:close(257)) - b4fee7e9-40bc-4695-8270-a3969266ea18@group-447E59233EBB-SegmentedRaftLogWorker close()
2023-05-03 09:48:25,282 [JvmPauseMonitor17] INFO  util.JvmPauseMonitor (JvmPauseMonitor.java:run(111)) - JvmPauseMonitor-c3feb7f9-95d5-47b5-b185-2112df38a597: Stopped
2023-05-03 09:48:25,299 [JvmPauseMonitor18] INFO  util.JvmPauseMonitor (JvmPauseMonitor.java:run(111)) - JvmPauseMonitor-b4fee7e9-40bc-4695-8270-a3969266ea18: Stopped
2023-05-03 09:48:27,248 [grpc-default-executor-5] WARN  server.GrpcLogAppender (LogUtils.java:warn(122)) - 6fdebf4b-249b-4d6b-b846-7ad5dee41c92@group-765D16BCBD62->b4fee7e9-40bc-4695-8270-a3969266ea18-AppendLogResponseHandler: Failed appendEntries: org.apache.ratis.thirdparty.io.grpc.StatusRuntimeException: UNAVAILABLE: io exception
2023-05-03 09:48:27,249 [grpc-default-executor-5] WARN  server.GrpcLogAppender (GrpcLogAppender.java:resetClient(131)) - 6fdebf4b-249b-4d6b-b846-7ad5dee41c92@group-765D16BCBD62->b4fee7e9-40bc-4695-8270-a3969266ea18-GrpcLogAppender: Leader has not got in touch with Follower 6fdebf4b-249b-4d6b-b846-7ad5dee41c92@group-765D16BCBD62->b4fee7e9-40bc-4695-8270-a3969266ea18(c0,m0,n1, attendVote=true, lastRpcSendTime=4, lastRpcResponseTime=2505) yet, just keep nextIndex unchanged and retry.
2023-05-03 09:48:27,251 [grpc-default-executor-5] WARN  server.GrpcLogAppender (LogUtils.java:warn(122)) - 6fdebf4b-249b-4d6b-b846-7ad5dee41c92@group-765D16BCBD62->b4fee7e9-40bc-4695-8270-a3969266ea18-AppendLogResponseHandler: Failed appendEntries: org.apache.ratis.thirdparty.io.grpc.StatusRuntimeException: UNAVAILABLE: io exception
2023-05-03 09:48:27,251 [grpc-default-executor-5] WARN  server.GrpcLogAppender (GrpcLogAppender.java:resetClient(131)) - 6fdebf4b-249b-4d6b-b846-7ad5dee41c92@group-765D16BCBD62->b4fee7e9-40bc-4695-8270-a3969266ea18-GrpcLogAppender: Leader has not got in touch with Follower 6fdebf4b-249b-4d6b-b846-7ad5dee41c92@group-765D16BCBD62->b4fee7e9-40bc-4695-8270-a3969266ea18(c0,m0,n1, attendVote=true, lastRpcSendTime=6, lastRpcResponseTime=2507) yet, just keep nextIndex unchanged and retry.
2023-05-03 09:48:27,263 [grpc-default-executor-5] WARN  server.GrpcLogAppender (LogUtils.java:warn(122)) - 6fdebf4b-249b-4d6b-b846-7ad5dee41c92@group-765D16BCBD62->c3feb7f9-95d5-47b5-b185-2112df38a597-AppendLogResponseHandler: Failed appendEntries: org.apache.ratis.thirdparty.io.grpc.StatusRuntimeException: UNAVAILABLE: io exception
2023-05-03 09:48:27,263 [grpc-default-executor-5] WARN  server.GrpcLogAppender (GrpcLogAppender.java:resetClient(131)) - 6fdebf4b-249b-4d6b-b846-7ad5dee41c92@group-765D16BCBD62->c3feb7f9-95d5-47b5-b185-2112df38a597-GrpcLogAppender: Leader has not got in touch with Follower 6fdebf4b-249b-4d6b-b846-7ad5dee41c92@group-765D16BCBD62->c3feb7f9-95d5-47b5-b185-2112df38a597(c0,m0,n1, attendVote=true, lastRpcSendTime=0, lastRpcResponseTime=2503) yet, just keep nextIndex unchanged and retry.
2023-05-03 09:48:27,270 [grpc-default-executor-1] WARN  server.GrpcLogAppender (LogUtils.java:warn(122)) - 6fdebf4b-249b-4d6b-b846-7ad5dee41c92@group-765D16BCBD62->c3feb7f9-95d5-47b5-b185-2112df38a597-AppendLogResponseHandler: Failed appendEntries: org.apache.ratis.thirdparty.io.grpc.StatusRuntimeException: UNAVAILABLE: io exception
2023-05-03 09:48:27,270 [grpc-default-executor-1] WARN  server.GrpcLogAppender (GrpcLogAppender.java:resetClient(131)) - 6fdebf4b-249b-4d6b-b846-7ad5dee41c92@group-765D16BCBD62->c3feb7f9-95d5-47b5-b185-2112df38a597-GrpcLogAppender: Leader has not got in touch with Follower 6fdebf4b-249b-4d6b-b846-7ad5dee41c92@group-765D16BCBD62->c3feb7f9-95d5-47b5-b185-2112df38a597(c0,m0,n1, attendVote=true, lastRpcSendTime=7, lastRpcResponseTime=2510) yet, just keep nextIndex unchanged and retry.
2023-05-03 09:48:27,302 [ForkJoinPool.commonPool-worker-0] INFO  volume.HddsVolume (HddsVolume.java:closeDbStore(437)) - SchemaV3 db is stopped at /home/runner/work/ozone/ozone/hadoop-ozone/integration-test/target/test-dir/MiniOzoneClusterImpl-376f2470-9738-4f53-87bd-21a09484475b/datanode-0/data-0/containers/hdds/376f2470-9738-4f53-87bd-21a09484475b/DS-0734f101-ccc9-4de3-89ce-6704ef0743af/container.db for volume DS-0734f101-ccc9-4de3-89ce-6704ef0743af
2023-05-03 09:48:27,306 [ForkJoinPool.commonPool-worker-0] INFO  utils.BackgroundService (BackgroundService.java:shutdown(141)) - Shutting down service BlockDeletingService
2023-05-03 09:48:27,307 [ForkJoinPool.commonPool-worker-0] INFO  utils.BackgroundService (BackgroundService.java:shutdown(141)) - Shutting down service StaleRecoveringContainerScrubbingService
2023-05-03 09:48:27,309 [Listener at 127.0.0.1/33989] INFO  volume.HddsVolume (HddsVolume.java:closeDbStore(437)) - SchemaV3 db is stopped at /home/runner/work/ozone/ozone/hadoop-ozone/integration-test/target/test-dir/MiniOzoneClusterImpl-376f2470-9738-4f53-87bd-21a09484475b/datanode-1/data-0/containers/hdds/376f2470-9738-4f53-87bd-21a09484475b/DS-2059fadf-403d-449f-8391-579388274c83/container.db for volume DS-2059fadf-403d-449f-8391-579388274c83
2023-05-03 09:48:27,309 [Listener at 127.0.0.1/33989] INFO  utils.BackgroundService (BackgroundService.java:shutdown(141)) - Shutting down service BlockDeletingService
2023-05-03 09:48:27,309 [Listener at 127.0.0.1/33989] INFO  utils.BackgroundService (BackgroundService.java:shutdown(141)) - Shutting down service StaleRecoveringContainerScrubbingService
2023-05-03 09:48:27,311 [ForkJoinPool.commonPool-worker-0] INFO  statemachine.DatanodeStateMachine (DatanodeStateMachine.java:stopDaemon(603)) - Ozone container server stopped.
2023-05-03 09:48:27,317 [Listener at 127.0.0.1/33989] INFO  statemachine.DatanodeStateMachine (DatanodeStateMachine.java:stopDaemon(603)) - Ozone container server stopped.
2023-05-03 09:48:27,337 [Listener at 127.0.0.1/33989] INFO  handler.ContextHandler (ContextHandler.java:doStop(1159)) - Stopped o.e.j.w.WebAppContext@1f34b109{hddsDatanode,/,null,STOPPED}{jar:file:/home/runner/.m2/repository/org/apache/ozone/hdds-container-service/1.4.0-SNAPSHOT/hdds-container-service-1.4.0-SNAPSHOT.jar!/webapps/hddsDatanode}
2023-05-03 09:48:27,343 [Listener at 127.0.0.1/33989] INFO  server.AbstractConnector (AbstractConnector.java:doStop(383)) - Stopped ServerConnector@3452beef{HTTP/1.1, (http/1.1)}{0.0.0.0:0}
2023-05-03 09:48:27,343 [Listener at 127.0.0.1/33989] INFO  server.session (HouseKeeper.java:stopScavenging(149)) - node0 Stopped scavenging
2023-05-03 09:48:27,343 [Listener at 127.0.0.1/33989] INFO  handler.ContextHandler (ContextHandler.java:doStop(1159)) - Stopped o.e.j.s.ServletContextHandler@101c1805{static,/static,jar:file:/home/runner/.m2/repository/org/apache/ozone/hdds-container-service/1.4.0-SNAPSHOT/hdds-container-service-1.4.0-SNAPSHOT.jar!/webapps/static,STOPPED}
2023-05-03 09:48:27,343 [Listener at 127.0.0.1/33989] INFO  handler.ContextHandler (ContextHandler.java:doStop(1159)) - Stopped o.e.j.s.ServletContextHandler@79fce46c{logs,/logs,file:///home/runner/work/ozone/ozone/hadoop-ozone/integration-test/target/log,STOPPED}
2023-05-03 09:48:27,347 [Listener at 127.0.0.1/33989] INFO  ozoneimpl.OzoneContainer (OzoneContainer.java:stop(419)) - Attempting to stop container services.
2023-05-03 09:48:27,347 [Listener at 127.0.0.1/33989] INFO  server.RaftServer (RaftServerProxy.java:lambda$close$6(409)) - 6fdebf4b-249b-4d6b-b846-7ad5dee41c92: close
2023-05-03 09:48:27,347 [6fdebf4b-249b-4d6b-b846-7ad5dee41c92-impl-thread1] INFO  server.RaftServer$Division (RaftServerImpl.java:lambda$close$4(458)) - 6fdebf4b-249b-4d6b-b846-7ad5dee41c92@group-447E59233EBB: shutdown
2023-05-03 09:48:27,347 [6fdebf4b-249b-4d6b-b846-7ad5dee41c92-impl-thread1] INFO  util.JmxRegister (JmxRegister.java:unregister(73)) - Successfully un-registered JMX Bean with object name Ratis:service=RaftServer,group=group-447E59233EBB,id=6fdebf4b-249b-4d6b-b846-7ad5dee41c92
2023-05-03 09:48:27,347 [6fdebf4b-249b-4d6b-b846-7ad5dee41c92-impl-thread1] INFO  impl.RoleInfo (RoleInfo.java:shutdownFollowerState(110)) - 6fdebf4b-249b-4d6b-b846-7ad5dee41c92: shutdown 6fdebf4b-249b-4d6b-b846-7ad5dee41c92@group-447E59233EBB-FollowerState
2023-05-03 09:48:27,347 [6fdebf4b-249b-4d6b-b846-7ad5dee41c92-impl-thread1] INFO  impl.StateMachineUpdater (StateMachineUpdater.java:stopAndJoin(153)) - 6fdebf4b-249b-4d6b-b846-7ad5dee41c92@group-447E59233EBB-StateMachineUpdater: set stopIndex = 0
2023-05-03 09:48:27,347 [6fdebf4b-249b-4d6b-b846-7ad5dee41c92@group-447E59233EBB-FollowerState] INFO  impl.FollowerState (FollowerState.java:run(152)) - 6fdebf4b-249b-4d6b-b846-7ad5dee41c92@group-447E59233EBB-FollowerState was interrupted
2023-05-03 09:48:27,348 [6fdebf4b-249b-4d6b-b846-7ad5dee41c92@group-447E59233EBB-StateMachineUpdater] INFO  ratis.ContainerStateMachine (ContainerStateMachine.java:takeSnapshot(330)) - group-447E59233EBB: Taking a snapshot at:(t:1, i:0) file /home/runner/work/ozone/ozone/hadoop-ozone/integration-test/target/test-dir/MiniOzoneClusterImpl-376f2470-9738-4f53-87bd-21a09484475b/datanode-2/data/ratis/98887c09-eff6-495c-bce8-447e59233ebb/sm/snapshot.1_0
2023-05-03 09:48:27,349 [6fdebf4b-249b-4d6b-b846-7ad5dee41c92@group-447E59233EBB-StateMachineUpdater] INFO  ratis.ContainerStateMachine (ContainerStateMachine.java:takeSnapshot(341)) - group-447E59233EBB: Finished taking a snapshot at:(t:1, i:0) file:/home/runner/work/ozone/ozone/hadoop-ozone/integration-test/target/test-dir/MiniOzoneClusterImpl-376f2470-9738-4f53-87bd-21a09484475b/datanode-2/data/ratis/98887c09-eff6-495c-bce8-447e59233ebb/sm/snapshot.1_0 took: 1 ms
2023-05-03 09:48:27,349 [6fdebf4b-249b-4d6b-b846-7ad5dee41c92@group-447E59233EBB-StateMachineUpdater] INFO  impl.StateMachineUpdater (StateMachineUpdater.java:takeSnapshot(287)) - 6fdebf4b-249b-4d6b-b846-7ad5dee41c92@group-447E59233EBB-StateMachineUpdater: Took a snapshot at index 0
2023-05-03 09:48:27,349 [6fdebf4b-249b-4d6b-b846-7ad5dee41c92@group-447E59233EBB-StateMachineUpdater] INFO  impl.StateMachineUpdater (StateMachineUpdater.java:lambda$new$0(92)) - 6fdebf4b-249b-4d6b-b846-7ad5dee41c92@group-447E59233EBB-StateMachineUpdater: snapshotIndex: updateIncreasingly -1 -> 0
2023-05-03 09:48:27,349 [6fdebf4b-249b-4d6b-b846-7ad5dee41c92-impl-thread1] INFO  server.RaftServer$Division (ServerState.java:close(466)) - 6fdebf4b-249b-4d6b-b846-7ad5dee41c92@group-447E59233EBB: closes. applyIndex: 0
2023-05-03 09:48:27,366 [Listener at 127.0.0.1/33989] INFO  server.GrpcService (GrpcService.java:closeImpl(271)) - 6fdebf4b-249b-4d6b-b846-7ad5dee41c92: shutdown server GrpcServerProtocolService now
2023-05-03 09:48:27,367 [6fdebf4b-249b-4d6b-b846-7ad5dee41c92-impl-thread3] INFO  server.RaftServer$Division (RaftServerImpl.java:lambda$close$4(458)) - 6fdebf4b-249b-4d6b-b846-7ad5dee41c92@group-0FE4803270C1: shutdown
2023-05-03 09:48:27,367 [6fdebf4b-249b-4d6b-b846-7ad5dee41c92-impl-thread3] INFO  util.JmxRegister (JmxRegister.java:unregister(73)) - Successfully un-registered JMX Bean with object name Ratis:service=RaftServer,group=group-0FE4803270C1,id=6fdebf4b-249b-4d6b-b846-7ad5dee41c92
2023-05-03 09:48:27,367 [6fdebf4b-249b-4d6b-b846-7ad5dee41c92-impl-thread3] INFO  impl.RoleInfo (RoleInfo.java:shutdownLeaderState(93)) - 6fdebf4b-249b-4d6b-b846-7ad5dee41c92: shutdown 6fdebf4b-249b-4d6b-b846-7ad5dee41c92@group-0FE4803270C1-LeaderStateImpl
2023-05-03 09:48:27,367 [6fdebf4b-249b-4d6b-b846-7ad5dee41c92-impl-thread3] INFO  impl.PendingRequests (PendingRequests.java:sendNotLeaderResponses(282)) - 6fdebf4b-249b-4d6b-b846-7ad5dee41c92@group-0FE4803270C1-PendingRequests: sendNotLeaderResponses
2023-05-03 09:48:27,367 [6fdebf4b-249b-4d6b-b846-7ad5dee41c92-impl-thread3] INFO  impl.StateMachineUpdater (StateMachineUpdater.java:stopAndJoin(153)) - 6fdebf4b-249b-4d6b-b846-7ad5dee41c92@group-0FE4803270C1-StateMachineUpdater: set stopIndex = 0
2023-05-03 09:48:27,367 [ForkJoinPool.commonPool-worker-0] INFO  handler.ContextHandler (ContextHandler.java:doStop(1159)) - Stopped o.e.j.w.WebAppContext@2a238048{hddsDatanode,/,null,STOPPED}{jar:file:/home/runner/.m2/repository/org/apache/ozone/hdds-container-service/1.4.0-SNAPSHOT/hdds-container-service-1.4.0-SNAPSHOT.jar!/webapps/hddsDatanode}
2023-05-03 09:48:27,368 [6fdebf4b-249b-4d6b-b846-7ad5dee41c92@group-0FE4803270C1-StateMachineUpdater] INFO  ratis.ContainerStateMachine (ContainerStateMachine.java:takeSnapshot(330)) - group-0FE4803270C1: Taking a snapshot at:(t:1, i:0) file /home/runner/work/ozone/ozone/hadoop-ozone/integration-test/target/test-dir/MiniOzoneClusterImpl-376f2470-9738-4f53-87bd-21a09484475b/datanode-2/data/ratis/1b4ac48d-ad28-4f7e-b5a8-0fe4803270c1/sm/snapshot.1_0
2023-05-03 09:48:27,368 [6fdebf4b-249b-4d6b-b846-7ad5dee41c92-impl-thread2] INFO  server.RaftServer$Division (RaftServerImpl.java:lambda$close$4(458)) - 6fdebf4b-249b-4d6b-b846-7ad5dee41c92@group-765D16BCBD62: shutdown
2023-05-03 09:48:27,368 [6fdebf4b-249b-4d6b-b846-7ad5dee41c92@group-0FE4803270C1-StateMachineUpdater] INFO  ratis.ContainerStateMachine (ContainerStateMachine.java:takeSnapshot(341)) - group-0FE4803270C1: Finished taking a snapshot at:(t:1, i:0) file:/home/runner/work/ozone/ozone/hadoop-ozone/integration-test/target/test-dir/MiniOzoneClusterImpl-376f2470-9738-4f53-87bd-21a09484475b/datanode-2/data/ratis/1b4ac48d-ad28-4f7e-b5a8-0fe4803270c1/sm/snapshot.1_0 took: 1 ms
2023-05-03 09:48:27,368 [6fdebf4b-249b-4d6b-b846-7ad5dee41c92@group-447E59233EBB-SegmentedRaftLogWorker] INFO  segmented.SegmentedRaftLogWorker (SegmentedRaftLogWorker.java:run(347)) - 6fdebf4b-249b-4d6b-b846-7ad5dee41c92@group-447E59233EBB-SegmentedRaftLogWorker was interrupted, exiting. There are 0 tasks remaining in the queue.
2023-05-03 09:48:27,368 [6fdebf4b-249b-4d6b-b846-7ad5dee41c92@group-0FE4803270C1-StateMachineUpdater] INFO  impl.StateMachineUpdater (StateMachineUpdater.java:takeSnapshot(287)) - 6fdebf4b-249b-4d6b-b846-7ad5dee41c92@group-0FE4803270C1-StateMachineUpdater: Took a snapshot at index 0
2023-05-03 09:48:27,368 [6fdebf4b-249b-4d6b-b846-7ad5dee41c92@group-0FE4803270C1-StateMachineUpdater] INFO  impl.StateMachineUpdater (StateMachineUpdater.java:lambda$new$0(92)) - 6fdebf4b-249b-4d6b-b846-7ad5dee41c92@group-0FE4803270C1-StateMachineUpdater: snapshotIndex: updateIncreasingly -1 -> 0
2023-05-03 09:48:27,368 [6fdebf4b-249b-4d6b-b846-7ad5dee41c92-impl-thread2] INFO  util.JmxRegister (JmxRegister.java:unregister(73)) - Successfully un-registered JMX Bean with object name Ratis:service=RaftServer,group=group-765D16BCBD62,id=6fdebf4b-249b-4d6b-b846-7ad5dee41c92
2023-05-03 09:48:27,369 [6fdebf4b-249b-4d6b-b846-7ad5dee41c92-impl-thread2] INFO  impl.RoleInfo (RoleInfo.java:shutdownLeaderState(93)) - 6fdebf4b-249b-4d6b-b846-7ad5dee41c92: shutdown 6fdebf4b-249b-4d6b-b846-7ad5dee41c92@group-765D16BCBD62-LeaderStateImpl
2023-05-03 09:48:27,369 [6fdebf4b-249b-4d6b-b846-7ad5dee41c92-impl-thread2] INFO  impl.PendingRequests (PendingRequests.java:sendNotLeaderResponses(282)) - 6fdebf4b-249b-4d6b-b846-7ad5dee41c92@group-765D16BCBD62-PendingRequests: sendNotLeaderResponses
2023-05-03 09:48:27,369 [Listener at 127.0.0.1/33989] INFO  server.GrpcServerProtocolClient (GrpcServerProtocolClient.java:close(101)) - b4fee7e9-40bc-4695-8270-a3969266ea18 Close channels
2023-05-03 09:48:27,369 [6fdebf4b-249b-4d6b-b846-7ad5dee41c92@group-765D16BCBD62-StateMachineUpdater] INFO  ratis.ContainerStateMachine (ContainerStateMachine.java:takeSnapshot(330)) - group-765D16BCBD62: Taking a snapshot at:(t:1, i:0) file /home/runner/work/ozone/ozone/hadoop-ozone/integration-test/target/test-dir/MiniOzoneClusterImpl-376f2470-9738-4f53-87bd-21a09484475b/datanode-2/data/ratis/11200b52-a2a5-4820-900f-765d16bcbd62/sm/snapshot.1_0
2023-05-03 09:48:27,369 [ForkJoinPool.commonPool-worker-0] INFO  server.AbstractConnector (AbstractConnector.java:doStop(383)) - Stopped ServerConnector@34aec9ac{HTTP/1.1, (http/1.1)}{0.0.0.0:0}
2023-05-03 09:48:27,370 [ForkJoinPool.commonPool-worker-0] INFO  server.session (HouseKeeper.java:stopScavenging(149)) - node0 Stopped scavenging
2023-05-03 09:48:27,369 [6fdebf4b-249b-4d6b-b846-7ad5dee41c92-impl-thread2] INFO  impl.StateMachineUpdater (StateMachineUpdater.java:stopAndJoin(153)) - 6fdebf4b-249b-4d6b-b846-7ad5dee41c92@group-765D16BCBD62-StateMachineUpdater: set stopIndex = 0
2023-05-03 09:48:27,370 [6fdebf4b-249b-4d6b-b846-7ad5dee41c92-impl-thread3] INFO  server.RaftServer$Division (ServerState.java:close(466)) - 6fdebf4b-249b-4d6b-b846-7ad5dee41c92@group-0FE4803270C1: closes. applyIndex: 0
2023-05-03 09:48:27,369 [6fdebf4b-249b-4d6b-b846-7ad5dee41c92@group-765D16BCBD62-StateMachineUpdater] INFO  ratis.ContainerStateMachine (ContainerStateMachine.java:takeSnapshot(341)) - group-765D16BCBD62: Finished taking a snapshot at:(t:1, i:0) file:/home/runner/work/ozone/ozone/hadoop-ozone/integration-test/target/test-dir/MiniOzoneClusterImpl-376f2470-9738-4f53-87bd-21a09484475b/datanode-2/data/ratis/11200b52-a2a5-4820-900f-765d16bcbd62/sm/snapshot.1_0 took: 0 ms
2023-05-03 09:48:27,370 [6fdebf4b-249b-4d6b-b846-7ad5dee41c92@group-0FE4803270C1-SegmentedRaftLogWorker] INFO  segmented.SegmentedRaftLogWorker (SegmentedRaftLogWorker.java:run(347)) - 6fdebf4b-249b-4d6b-b846-7ad5dee41c92@group-0FE4803270C1-SegmentedRaftLogWorker was interrupted, exiting. There are 0 tasks remaining in the queue.
2023-05-03 09:48:27,370 [6fdebf4b-249b-4d6b-b846-7ad5dee41c92@group-765D16BCBD62-StateMachineUpdater] INFO  impl.StateMachineUpdater (StateMachineUpdater.java:takeSnapshot(287)) - 6fdebf4b-249b-4d6b-b846-7ad5dee41c92@group-765D16BCBD62-StateMachineUpdater: Took a snapshot at index 0
2023-05-03 09:48:27,370 [6fdebf4b-249b-4d6b-b846-7ad5dee41c92@group-765D16BCBD62-StateMachineUpdater] INFO  impl.StateMachineUpdater (StateMachineUpdater.java:lambda$new$0(92)) - 6fdebf4b-249b-4d6b-b846-7ad5dee41c92@group-765D16BCBD62-StateMachineUpdater: snapshotIndex: updateIncreasingly -1 -> 0
2023-05-03 09:48:27,370 [6fdebf4b-249b-4d6b-b846-7ad5dee41c92-impl-thread2] INFO  server.RaftServer$Division (ServerState.java:close(466)) - 6fdebf4b-249b-4d6b-b846-7ad5dee41c92@group-765D16BCBD62: closes. applyIndex: 0
2023-05-03 09:48:27,370 [6fdebf4b-249b-4d6b-b846-7ad5dee41c92-impl-thread1] INFO  segmented.SegmentedRaftLogWorker (SegmentedRaftLogWorker.java:close(257)) - 6fdebf4b-249b-4d6b-b846-7ad5dee41c92@group-447E59233EBB-SegmentedRaftLogWorker close()
2023-05-03 09:48:27,370 [6fdebf4b-249b-4d6b-b846-7ad5dee41c92@group-765D16BCBD62-SegmentedRaftLogWorker] INFO  segmented.SegmentedRaftLogWorker (SegmentedRaftLogWorker.java:run(347)) - 6fdebf4b-249b-4d6b-b846-7ad5dee41c92@group-765D16BCBD62-SegmentedRaftLogWorker was interrupted, exiting. There are 0 tasks remaining in the queue.
2023-05-03 09:48:27,371 [6fdebf4b-249b-4d6b-b846-7ad5dee41c92-impl-thread3] INFO  segmented.SegmentedRaftLogWorker (SegmentedRaftLogWorker.java:close(257)) - 6fdebf4b-249b-4d6b-b846-7ad5dee41c92@group-0FE4803270C1-SegmentedRaftLogWorker close()
2023-05-03 09:48:27,371 [ForkJoinPool.commonPool-worker-0] INFO  handler.ContextHandler (ContextHandler.java:doStop(1159)) - Stopped o.e.j.s.ServletContextHandler@7ac1cfbc{static,/static,jar:file:/home/runner/.m2/repository/org/apache/ozone/hdds-container-service/1.4.0-SNAPSHOT/hdds-container-service-1.4.0-SNAPSHOT.jar!/webapps/static,STOPPED}
2023-05-03 09:48:27,372 [Listener at 127.0.0.1/33989] INFO  server.GrpcServerProtocolClient (GrpcServerProtocolClient.java:close(101)) - c3feb7f9-95d5-47b5-b185-2112df38a597 Close channels
2023-05-03 09:48:27,372 [6fdebf4b-249b-4d6b-b846-7ad5dee41c92-impl-thread2] INFO  segmented.SegmentedRaftLogWorker (SegmentedRaftLogWorker.java:close(257)) - 6fdebf4b-249b-4d6b-b846-7ad5dee41c92@group-765D16BCBD62-SegmentedRaftLogWorker close()
2023-05-03 09:48:27,372 [Listener at 127.0.0.1/33989] INFO  server.GrpcService (GrpcService.java:closeImpl(280)) - 6fdebf4b-249b-4d6b-b846-7ad5dee41c92: shutdown server GrpcServerProtocolService successfully
2023-05-03 09:48:27,372 [6fdebf4b-249b-4d6b-b846-7ad5dee41c92-NettyServerStreamRpc-bossGroup--thread1] INFO  logging.LoggingHandler (AbstractInternalLogger.java:log(148)) - [id: 0xab397e78, L:/0:0:0:0:0:0:0:0:36435] CLOSE
2023-05-03 09:48:27,372 [6fdebf4b-249b-4d6b-b846-7ad5dee41c92-NettyServerStreamRpc-bossGroup--thread1] INFO  logging.LoggingHandler (AbstractInternalLogger.java:log(148)) - [id: 0xab397e78, L:/0:0:0:0:0:0:0:0:36435] INACTIVE
2023-05-03 09:48:27,372 [6fdebf4b-249b-4d6b-b846-7ad5dee41c92-NettyServerStreamRpc-bossGroup--thread1] INFO  logging.LoggingHandler (AbstractInternalLogger.java:log(148)) - [id: 0xab397e78, L:/0:0:0:0:0:0:0:0:36435] UNREGISTERED
2023-05-03 09:48:27,373 [ForkJoinPool.commonPool-worker-0] INFO  handler.ContextHandler (ContextHandler.java:doStop(1159)) - Stopped o.e.j.s.ServletContextHandler@2d599e34{logs,/logs,file:///home/runner/work/ozone/ozone/hadoop-ozone/integration-test/target/log,STOPPED}
2023-05-03 09:48:27,380 [JvmPauseMonitor19] INFO  util.JvmPauseMonitor (JvmPauseMonitor.java:run(111)) - JvmPauseMonitor-6fdebf4b-249b-4d6b-b846-7ad5dee41c92: Stopped
2023-05-03 09:48:29,383 [Listener at 127.0.0.1/33989] INFO  volume.HddsVolume (HddsVolume.java:closeDbStore(437)) - SchemaV3 db is stopped at /home/runner/work/ozone/ozone/hadoop-ozone/integration-test/target/test-dir/MiniOzoneClusterImpl-376f2470-9738-4f53-87bd-21a09484475b/datanode-2/data-0/containers/hdds/376f2470-9738-4f53-87bd-21a09484475b/DS-b5dda6b3-863b-4581-8f75-335928d871c5/container.db for volume DS-b5dda6b3-863b-4581-8f75-335928d871c5
2023-05-03 09:48:29,383 [Listener at 127.0.0.1/33989] INFO  utils.BackgroundService (BackgroundService.java:shutdown(141)) - Shutting down service BlockDeletingService
2023-05-03 09:48:29,383 [Listener at 127.0.0.1/33989] INFO  utils.BackgroundService (BackgroundService.java:shutdown(141)) - Shutting down service StaleRecoveringContainerScrubbingService
2023-05-03 09:48:29,384 [Listener at 127.0.0.1/33989] INFO  statemachine.DatanodeStateMachine (DatanodeStateMachine.java:stopDaemon(603)) - Ozone container server stopped.
2023-05-03 09:48:29,392 [Listener at 127.0.0.1/33989] INFO  handler.ContextHandler (ContextHandler.java:doStop(1159)) - Stopped o.e.j.w.WebAppContext@469b5c95{hddsDatanode,/,null,STOPPED}{jar:file:/home/runner/.m2/repository/org/apache/ozone/hdds-container-service/1.4.0-SNAPSHOT/hdds-container-service-1.4.0-SNAPSHOT.jar!/webapps/hddsDatanode}
2023-05-03 09:48:29,393 [Listener at 127.0.0.1/33989] INFO  server.AbstractConnector (AbstractConnector.java:doStop(383)) - Stopped ServerConnector@2271af42{HTTP/1.1, (http/1.1)}{0.0.0.0:0}
2023-05-03 09:48:29,393 [Listener at 127.0.0.1/33989] INFO  server.session (HouseKeeper.java:stopScavenging(149)) - node0 Stopped scavenging
2023-05-03 09:48:29,393 [Listener at 127.0.0.1/33989] INFO  handler.ContextHandler (ContextHandler.java:doStop(1159)) - Stopped o.e.j.s.ServletContextHandler@50abbfa3{static,/static,jar:file:/home/runner/.m2/repository/org/apache/ozone/hdds-container-service/1.4.0-SNAPSHOT/hdds-container-service-1.4.0-SNAPSHOT.jar!/webapps/static,STOPPED}
2023-05-03 09:48:29,393 [Listener at 127.0.0.1/33989] INFO  handler.ContextHandler (ContextHandler.java:doStop(1159)) - Stopped o.e.j.s.ServletContextHandler@1fa58225{logs,/logs,file:///home/runner/work/ozone/ozone/hadoop-ozone/integration-test/target/log,STOPPED}
2023-05-03 09:48:29,395 [Listener at 127.0.0.1/33989] INFO  ozone.MiniOzoneClusterImpl (MiniOzoneClusterImpl.java:stopSCM(552)) - Stopping the StorageContainerManager
2023-05-03 09:48:29,395 [Listener at 127.0.0.1/33989] INFO  server.StorageContainerManager (StorageContainerManager.java:stop(1578)) - Container Balancer is not running.
2023-05-03 09:48:29,395 [Listener at 127.0.0.1/33989] INFO  server.StorageContainerManager (StorageContainerManager.java:stopReplicationManager(1709)) - Stopping Replication Manager Service.
2023-05-03 09:48:29,395 [Listener at 127.0.0.1/33989] INFO  replication.ReplicationManager (ReplicationManager.java:stop(324)) - Stopping Replication Monitor Thread.
2023-05-03 09:48:29,395 [Listener at 127.0.0.1/33989] INFO  server.StorageContainerManager (StorageContainerManager.java:stop(1587)) - Stopping the Datanode Admin Monitor.
2023-05-03 09:48:29,395 [Under Replicated Processor] WARN  replication.UnhealthyReplicationProcessor (UnhealthyReplicationProcessor.java:run(167)) - Under Replicated Processor interrupted. Exiting...
2023-05-03 09:48:29,395 [Listener at 127.0.0.1/33989] INFO  server.StorageContainerManager (StorageContainerManager.java:stop(1594)) - Stopping datanode service RPC server
2023-05-03 09:48:29,395 [Listener at 127.0.0.1/33989] INFO  server.SCMDatanodeProtocolServer (SCMDatanodeProtocolServer.java:stop(424)) - Stopping the RPC server for DataNodes
2023-05-03 09:48:29,396 [Listener at 127.0.0.1/33989] INFO  ipc.Server (Server.java:stop(3501)) - Stopping server on 44347
2023-05-03 09:48:29,396 [ReplicationMonitor] INFO  replication.ReplicationManager (ReplicationManager.java:run(934)) - Replication Monitor Thread is stopped
2023-05-03 09:48:29,396 [Over Replicated Processor] WARN  replication.UnhealthyReplicationProcessor (UnhealthyReplicationProcessor.java:run(167)) - Over Replicated Processor interrupted. Exiting...
2023-05-03 09:48:29,398 [IPC Server listener on 0] INFO  ipc.Server (Server.java:run(1430)) - Stopping IPC Server listener on 0
2023-05-03 09:48:29,398 [IPC Server Responder] INFO  ipc.Server (Server.java:run(1563)) - Stopping IPC Server Responder
2023-05-03 09:48:29,488 [SCM Heartbeat Processing Thread - 0] WARN  node.NodeStateManager (NodeStateManager.java:scheduleNextHealthCheck(870)) - Current Thread is interrupted, shutting down HB processing thread for Node Manager.
2023-05-03 09:48:29,488 [Listener at 127.0.0.1/33989] INFO  server.StorageContainerManager (StorageContainerManager.java:stop(1602)) - Stopping block service RPC server
2023-05-03 09:48:29,488 [Listener at 127.0.0.1/33989] INFO  server.SCMBlockProtocolServer (SCMBlockProtocolServer.java:stop(161)) - Stopping the RPC server for Block Protocol
2023-05-03 09:48:29,488 [Listener at 127.0.0.1/33989] INFO  ipc.Server (Server.java:stop(3501)) - Stopping server on 37249
2023-05-03 09:48:29,489 [IPC Server listener on 0] INFO  ipc.Server (Server.java:run(1430)) - Stopping IPC Server listener on 0
2023-05-03 09:48:29,489 [IPC Server Responder] INFO  ipc.Server (Server.java:run(1563)) - Stopping IPC Server Responder
2023-05-03 09:48:29,489 [Listener at 127.0.0.1/33989] INFO  server.StorageContainerManager (StorageContainerManager.java:stop(1609)) - Stopping the StorageContainerLocationProtocol RPC server
2023-05-03 09:48:29,490 [Listener at 127.0.0.1/33989] INFO  server.SCMClientProtocolServer (SCMClientProtocolServer.java:stop(208)) - Stopping the RPC server for Client Protocol
2023-05-03 09:48:29,490 [Listener at 127.0.0.1/33989] INFO  ipc.Server (Server.java:stop(3501)) - Stopping server on 38725
2023-05-03 09:48:29,492 [IPC Server listener on 0] INFO  ipc.Server (Server.java:run(1430)) - Stopping IPC Server listener on 0
2023-05-03 09:48:29,492 [IPC Server Responder] INFO  ipc.Server (Server.java:run(1563)) - Stopping IPC Server Responder
2023-05-03 09:48:29,494 [Listener at 127.0.0.1/33989] INFO  server.StorageContainerManager (StorageContainerManager.java:stop(1616)) - Stopping Storage Container Manager HTTP server.
2023-05-03 09:48:29,495 [Listener at 127.0.0.1/33989] INFO  handler.ContextHandler (ContextHandler.java:doStop(1159)) - Stopped o.e.j.w.WebAppContext@6c22e67{scm,/,null,STOPPED}{file:/home/runner/work/ozone/ozone/hadoop-ozone/integration-test/target/test-classes/webapps/scm}
2023-05-03 09:48:29,496 [Listener at 127.0.0.1/33989] INFO  server.AbstractConnector (AbstractConnector.java:doStop(383)) - Stopped ServerConnector@14fbc0d9{HTTP/1.1, (http/1.1)}{0.0.0.0:0}
2023-05-03 09:48:29,496 [Listener at 127.0.0.1/33989] INFO  server.session (HouseKeeper.java:stopScavenging(149)) - node0 Stopped scavenging
2023-05-03 09:48:29,496 [Listener at 127.0.0.1/33989] INFO  handler.ContextHandler (ContextHandler.java:doStop(1159)) - Stopped o.e.j.s.ServletContextHandler@10ccb891{static,/static,file:///home/runner/work/ozone/ozone/hadoop-ozone/integration-test/target/test-classes/webapps/static,STOPPED}
2023-05-03 09:48:29,496 [Listener at 127.0.0.1/33989] INFO  handler.ContextHandler (ContextHandler.java:doStop(1159)) - Stopped o.e.j.s.ServletContextHandler@4487f262{logs,/logs,file:///home/runner/work/ozone/ozone/hadoop-ozone/integration-test/target/log,STOPPED}
2023-05-03 09:48:29,499 [Listener at 127.0.0.1/33989] INFO  server.StorageContainerManager (StorageContainerManager.java:stop(1624)) - Stopping SCM LayoutVersionManager Service.
2023-05-03 09:48:29,499 [Listener at 127.0.0.1/33989] INFO  server.StorageContainerManager (StorageContainerManager.java:stop(1632)) - Stopping Block Manager Service.
2023-05-03 09:48:29,499 [Listener at 127.0.0.1/33989] INFO  utils.BackgroundService (BackgroundService.java:shutdown(141)) - Shutting down service SCMBlockDeletingService
2023-05-03 09:48:29,499 [Listener at 127.0.0.1/33989] INFO  utils.BackgroundService (BackgroundService.java:shutdown(141)) - Shutting down service SCMBlockDeletingService
2023-05-03 09:48:29,499 [Listener at 127.0.0.1/33989] INFO  server.StorageContainerManager (StorageContainerManager.java:stop(1654)) - Stopping SCM Event Queue.
2023-05-03 09:48:29,500 [Listener at 127.0.0.1/33989] INFO  server.StorageContainerManager (StorageContainerManager.java:stop(1665)) - Stopping SCM HA services.
2023-05-03 09:48:29,500 [Listener at 127.0.0.1/33989] INFO  pipeline.BackgroundPipelineCreator (BackgroundPipelineCreator.java:stop(149)) - Stopping RatisPipelineUtilsThread.
2023-05-03 09:48:29,500 [RatisPipelineUtilsThread - 0] WARN  pipeline.BackgroundPipelineCreator (BackgroundPipelineCreator.java:run(180)) - RatisPipelineUtilsThread is interrupted.
2023-05-03 09:48:29,500 [Listener at 127.0.0.1/33989] INFO  BackgroundPipelineScrubber (BackgroundSCMService.java:stop(131)) - Stopping BackgroundPipelineScrubber Service.
2023-05-03 09:48:29,500 [BackgroundPipelineScrubberThread] WARN  BackgroundPipelineScrubber (BackgroundSCMService.java:run(115)) - BackgroundPipelineScrubber is interrupted, exit
2023-05-03 09:48:29,501 [Listener at 127.0.0.1/33989] INFO  impl.MetricsSystemImpl (MetricsSystemImpl.java:stop(210)) - Stopping HddsDatanode metrics system...
2023-05-03 09:48:29,501 [prometheus] INFO  impl.MetricsSinkAdapter (MetricsSinkAdapter.java:publishMetricsFromQueue(141)) - prometheus thread interrupted.
2023-05-03 09:48:29,502 [Listener at 127.0.0.1/33989] INFO  impl.MetricsSystemImpl (MetricsSystemImpl.java:stop(216)) - HddsDatanode metrics system stopped.
2023-05-03 09:48:29,502 [Listener at 127.0.0.1/33989] WARN  pipeline.BackgroundPipelineCreator (BackgroundPipelineCreator.java:stop(145)) - RatisPipelineUtilsThread is not running, just ignore.
2023-05-03 09:48:29,502 [Listener at 127.0.0.1/33989] INFO  BackgroundPipelineScrubber (BackgroundSCMService.java:stop(126)) - BackgroundPipelineScrubber Service is not running, skip stop.
2023-05-03 09:48:29,502 [Listener at 127.0.0.1/33989] INFO  ExpiredContainerReplicaOpScrubber (BackgroundSCMService.java:stop(131)) - Stopping ExpiredContainerReplicaOpScrubber Service.
2023-05-03 09:48:29,502 [ExpiredContainerReplicaOpScrubberThread] WARN  ExpiredContainerReplicaOpScrubber (BackgroundSCMService.java:run(115)) - ExpiredContainerReplicaOpScrubber is interrupted, exit
2023-05-03 09:48:29,502 [Listener at 127.0.0.1/33989] INFO  utils.BackgroundService (BackgroundService.java:shutdown(141)) - Shutting down service SCMBlockDeletingService
2023-05-03 09:48:29,502 [Listener at 127.0.0.1/33989] INFO  replication.ReplicationManager (ReplicationManager.java:stop(334)) - Replication Monitor Thread is not running.
2023-05-03 09:48:29,502 [Listener at 127.0.0.1/33989] WARN  balancer.ContainerBalancer (ContainerBalancer.java:stop(324)) - Cannot stop Container Balancer because it's not running or stopping
2023-05-03 09:48:29,502 [Listener at 127.0.0.1/33989] INFO  server.StorageContainerManager (StorageContainerManager.java:stop(1700)) - Stopping SCM MetadataStore.
2023-05-03 09:48:29,528 [Listener at 127.0.0.1/33989] WARN  server.ServerUtils (ServerUtils.java:getScmDbDir(148)) - ozone.scm.db.dirs is not configured. We recommend adding this setting. Falling back to ozone.metadata.dirs instead.
2023-05-03 09:48:29,530 [Listener at 127.0.0.1/33989] WARN  server.ServerUtils (ServerUtils.java:getScmDbDir(148)) - ozone.scm.db.dirs is not configured. We recommend adding this setting. Falling back to ozone.metadata.dirs instead.
2023-05-03 09:48:29,530 [Listener at 127.0.0.1/33989] INFO  ha.SCMHANodeDetails (SCMHANodeDetails.java:loadSCMHAConfig(209)) - ServiceID for StorageContainerManager is null
2023-05-03 09:48:29,531 [Listener at 127.0.0.1/33989] INFO  ha.SCMHANodeDetails (SCMHANodeDetails.java:loadSCMHAConfig(214)) - ozone.scm.default.service.id is not defined, falling back to ozone.scm.service.ids to find serviceID for StorageContainerManager if it is HA enabled cluster
2023-05-03 09:48:29,531 [Listener at 127.0.0.1/33989] WARN  utils.HAUtils (HAUtils.java:getMetaDir(350)) - ozone.scm.db.dirs is not configured. We recommend adding this setting. Falling back to ozone.metadata.dirs instead.
2023-05-03 09:48:29,531 [Listener at 127.0.0.1/33989] WARN  db.DBStoreBuilder (DBStoreBuilder.java:applyDBDefinition(165)) - ozone.scm.db.dirs is not configured. We recommend adding this setting. Falling back to ozone.metadata.dirs instead.
2023-05-03 09:48:29,611 [Listener at 127.0.0.1/33989] INFO  net.NodeSchemaLoader (NodeSchemaLoader.java:loadSchemaFromFile(129)) - Loading schema from [jar:file:/home/runner/.m2/repository/org/apache/ozone/hdds-common/1.4.0-SNAPSHOT/hdds-common-1.4.0-SNAPSHOT.jar!/network-topology-default.xml]
2023-05-03 09:48:29,611 [Listener at 127.0.0.1/33989] INFO  net.NodeSchemaLoader (NodeSchemaLoader.java:loadSchema(176)) - Loading network topology layer schema file
2023-05-03 09:48:29,613 [Listener at 127.0.0.1/33989] INFO  upgrade.AbstractLayoutVersionManager (AbstractLayoutVersionManager.java:init(83)) - Initializing Layout version manager with metadata layout = WEBUI_PORTS_IN_DATANODEDETAILS (version = 6), software layout = WEBUI_PORTS_IN_DATANODEDETAILS (version = 6)
2023-05-03 09:48:29,658 [Listener at 127.0.0.1/33989] INFO  reflections.Reflections (Reflections.java:scan(232)) - Reflections took 44 ms to scan 7 urls, producing 156 keys and 369 values 
2023-05-03 09:48:29,659 [Listener at 127.0.0.1/33989] INFO  ha.SequenceIdGenerator (SequenceIdGenerator.java:upgradeToSequenceId(349)) - upgrade localId to 111677748019200000
2023-05-03 09:48:29,659 [Listener at 127.0.0.1/33989] INFO  ha.SequenceIdGenerator (SequenceIdGenerator.java:upgradeToSequenceId(359)) - upgrade delTxnId to 0
2023-05-03 09:48:29,660 [Listener at 127.0.0.1/33989] INFO  ha.SequenceIdGenerator (SequenceIdGenerator.java:upgradeToSequenceId(376)) - upgrade containerId to 0
2023-05-03 09:48:29,660 [Listener at 127.0.0.1/33989] INFO  ha.SequenceIdGenerator (SequenceIdGenerator.java:<init>(220)) - Init the HA SequenceIdGenerator.
2023-05-03 09:48:29,660 [Listener at 127.0.0.1/33989] WARN  server.ServerUtils (ServerUtils.java:sanitizeUserArgs(73)) - ozone.scm.stale.node.interval value = 300000 is larger than max = 100000 based on the key value of ozone.scm.heartbeat.thread.interval, reset to the max value 100000.
2023-05-03 09:48:29,660 [Listener at 127.0.0.1/33989] WARN  server.ServerUtils (ServerUtils.java:sanitizeUserArgs(73)) - ozone.scm.stale.node.interval value = 300000 is larger than max = 100000 based on the key value of ozone.scm.heartbeat.thread.interval, reset to the max value 100000.
2023-05-03 09:48:29,660 [Listener at 127.0.0.1/33989] INFO  node.SCMNodeManager (SCMNodeManager.java:<init>(159)) - Entering startup safe mode.
2023-05-03 09:48:29,660 [Listener at 127.0.0.1/33989] INFO  algorithms.ContainerPlacementPolicyFactory (ContainerPlacementPolicyFactory.java:getPolicyInternal(86)) - Create container placement policy of type org.apache.hadoop.hdds.scm.container.placement.algorithms.SCMContainerPlacementRackAware
2023-05-03 09:48:29,660 [Listener at 127.0.0.1/33989] INFO  algorithms.ContainerPlacementPolicyFactory (ContainerPlacementPolicyFactory.java:getPolicyInternal(86)) - Create container placement policy of type org.apache.hadoop.hdds.scm.container.placement.algorithms.SCMContainerPlacementRackScatter
2023-05-03 09:48:29,661 [Listener at 127.0.0.1/33989] INFO  pipeline.PipelineStateManagerImpl (PipelineStateManagerImpl.java:initialize(78)) - No pipeline exists in current db
2023-05-03 09:48:29,661 [Listener at 127.0.0.1/33989] INFO  algorithms.LeaderChoosePolicyFactory (LeaderChoosePolicyFactory.java:getPolicy(57)) - Create leader choose policy of type org.apache.hadoop.hdds.scm.pipeline.leader.choose.algorithms.MinLeaderCountChoosePolicy
2023-05-03 09:48:29,661 [Listener at 127.0.0.1/33989] INFO  algorithms.ContainerPlacementPolicyFactory (ContainerPlacementPolicyFactory.java:getPolicyInternal(86)) - Create container placement policy of type org.apache.hadoop.hdds.scm.container.placement.algorithms.SCMContainerPlacementRackScatter
2023-05-03 09:48:29,661 [Listener at 127.0.0.1/33989] INFO  ha.SCMServiceManager (SCMServiceManager.java:register(42)) - Registering service BackgroundPipelineCreator.
2023-05-03 09:48:29,661 [Listener at 127.0.0.1/33989] INFO  pipeline.BackgroundPipelineCreator (BackgroundPipelineCreator.java:start(124)) - Starting RatisPipelineUtilsThread.
2023-05-03 09:48:29,661 [Listener at 127.0.0.1/33989] INFO  BackgroundPipelineScrubber (BackgroundSCMService.java:start(68)) - Starting BackgroundPipelineScrubber Service.
2023-05-03 09:48:29,661 [Listener at 127.0.0.1/33989] INFO  ha.SCMServiceManager (SCMServiceManager.java:register(42)) - Registering service BackgroundPipelineScrubber.
2023-05-03 09:48:29,661 [Listener at 127.0.0.1/33989] INFO  ExpiredContainerReplicaOpScrubber (BackgroundSCMService.java:start(68)) - Starting ExpiredContainerReplicaOpScrubber Service.
2023-05-03 09:48:29,661 [Listener at 127.0.0.1/33989] INFO  ha.SCMServiceManager (SCMServiceManager.java:register(42)) - Registering service ExpiredContainerReplicaOpScrubber.
2023-05-03 09:48:29,662 [Listener at 127.0.0.1/33989] INFO  algorithms.PipelineChoosePolicyFactory (PipelineChoosePolicyFactory.java:createPipelineChoosePolicyFromClass(73)) - Create pipeline choose policy of type org.apache.hadoop.hdds.scm.pipeline.choose.algorithms.RandomPipelineChoosePolicy
2023-05-03 09:48:29,663 [Listener at 127.0.0.1/33989] INFO  ha.SCMServiceManager (SCMServiceManager.java:register(42)) - Registering service SCMBlockDeletingService.
2023-05-03 09:48:29,663 [Listener at 127.0.0.1/33989] INFO  replication.ReplicationManager (ReplicationManager.java:start(291)) - Starting Replication Monitor Thread.
2023-05-03 09:48:29,664 [Listener at 127.0.0.1/33989] INFO  ha.SCMServiceManager (SCMServiceManager.java:register(42)) - Registering service ReplicationManager.
2023-05-03 09:48:29,664 [Listener at 127.0.0.1/33989] INFO  safemode.ContainerSafeModeRule (ContainerSafeModeRule.java:<init>(89)) - containers with one replica threshold count 0
2023-05-03 09:48:29,664 [Listener at 127.0.0.1/33989] INFO  safemode.HealthyPipelineSafeModeRule (HealthyPipelineSafeModeRule.java:initializeRule(169)) - Total pipeline count is 0, healthy pipeline threshold count is 1
2023-05-03 09:48:29,664 [Listener at 127.0.0.1/33989] INFO  safemode.OneReplicaPipelineSafeModeRule (OneReplicaPipelineSafeModeRule.java:initializeRule(180)) - Total pipeline count is 0, pipeline's with at least one datanode reported threshold count is 0
2023-05-03 09:48:29,664 [Listener at 127.0.0.1/33989] INFO  server.StorageContainerManager (StorageContainerManager.java:<init>(403)) - SCM start with adminUsers: [adminUser1, adminUser2, runner]
2023-05-03 09:48:29,664 [Listener at 127.0.0.1/33989] INFO  ipc.CallQueueManager (CallQueueManager.java:<init>(90)) - Using callQueue: class java.util.concurrent.LinkedBlockingQueue, queueCapacity: 2000, scheduler: class org.apache.hadoop.ipc.DefaultRpcScheduler, ipcBackoff: false.
2023-05-03 09:48:29,665 [Socket Reader #1 for port 0] INFO  ipc.Server (Server.java:run(1319)) - Starting Socket Reader #1 for port 0
2023-05-03 09:48:29,667 [Listener at 0.0.0.0/42673] INFO  ipc.CallQueueManager (CallQueueManager.java:<init>(90)) - Using callQueue: class java.util.concurrent.LinkedBlockingQueue, queueCapacity: 2000, scheduler: class org.apache.hadoop.ipc.DefaultRpcScheduler, ipcBackoff: false.
2023-05-03 09:48:29,668 [ReplicationMonitor] INFO  replication.ReplicationManager (ReplicationManager.java:processAll(366)) - Replication Manager is not ready to run until 3000ms after safemode exit
2023-05-03 09:48:29,668 [Socket Reader #1 for port 0] INFO  ipc.Server (Server.java:run(1319)) - Starting Socket Reader #1 for port 0
2023-05-03 09:48:29,672 [Listener at 0.0.0.0/43453] INFO  ipc.CallQueueManager (CallQueueManager.java:<init>(90)) - Using callQueue: class java.util.concurrent.LinkedBlockingQueue, queueCapacity: 2000, scheduler: class org.apache.hadoop.ipc.DefaultRpcScheduler, ipcBackoff: false.
2023-05-03 09:48:29,673 [Socket Reader #1 for port 0] INFO  ipc.Server (Server.java:run(1319)) - Starting Socket Reader #1 for port 0
2023-05-03 09:48:29,677 [Listener at 0.0.0.0/41245] INFO  ha.SCMServiceManager (SCMServiceManager.java:register(42)) - Registering service ContainerBalancer.
2023-05-03 09:48:29,677 [Listener at 0.0.0.0/41245] INFO  server.StorageContainerManager (StorageContainerManager.java:<init>(420)) - 
Container Balancer status:
Key                            Value
Running                        false
Container Balancer Configuration values:
Key                                                Value
Threshold                                          10
Max Datanodes to Involve per Iteration(percent)    20
Max Size to Move per Iteration                     500GB
Max Size Entering Target per Iteration             26GB
Max Size Leaving Source per Iteration              26GB

2023-05-03 09:48:29,677 [Listener at 0.0.0.0/41245] INFO  ha.SCMContext (SCMContext.java:updateSafeModeStatus(228)) - Update SafeModeStatus from SafeModeStatus{safeModeStatus=true, preCheckPassed=false} to SafeModeStatus{safeModeStatus=true, preCheckPassed=false}.
2023-05-03 09:48:29,678 [Listener at 0.0.0.0/41245] INFO  server.StorageContainerManager (StorageContainerManager.java:start(1477)) - StorageContainerLocationProtocol RPC server is listening at /0.0.0.0:41245
2023-05-03 09:48:29,679 [Listener at 0.0.0.0/41245] WARN  impl.MetricsConfig (MetricsConfig.java:loadFirst(136)) - Cannot locate configuration: tried hadoop-metrics2-storagecontainermanager.properties,hadoop-metrics2.properties
2023-05-03 09:48:29,689 [Listener at 0.0.0.0/41245] INFO  impl.MetricsSystemImpl (MetricsSystemImpl.java:startTimer(378)) - Scheduled Metric snapshot period at 10 second(s).
2023-05-03 09:48:29,689 [Listener at 0.0.0.0/41245] INFO  impl.MetricsSystemImpl (MetricsSystemImpl.java:start(191)) - StorageContainerManager metrics system started
2023-05-03 09:48:29,695 [Listener at 0.0.0.0/41245] INFO  impl.MetricsSinkAdapter (MetricsSinkAdapter.java:start(204)) - Sink prometheus started
2023-05-03 09:48:29,695 [Listener at 0.0.0.0/41245] INFO  impl.MetricsSystemImpl (MetricsSystemImpl.java:registerSink(305)) - Registered sink prometheus
2023-05-03 09:48:29,714 [Listener at 0.0.0.0/41245] INFO  server.SCMClientProtocolServer (SCMClientProtocolServer.java:start(199)) - RPC server for Client  is listening at /0.0.0.0:41245
2023-05-03 09:48:29,715 [IPC Server Responder] INFO  ipc.Server (Server.java:run(1558)) - IPC Server Responder: starting
2023-05-03 09:48:29,717 [Listener at 0.0.0.0/41245] INFO  server.StorageContainerManager (StorageContainerManager.java:start(1491)) - ScmBlockLocationProtocol RPC server is listening at /0.0.0.0:43453
2023-05-03 09:48:29,718 [Listener at 0.0.0.0/41245] INFO  server.SCMBlockProtocolServer (SCMBlockProtocolServer.java:start(152)) - RPC server for Block Protocol is listening at /0.0.0.0:43453
2023-05-03 09:48:29,718 [IPC Server Responder] INFO  ipc.Server (Server.java:run(1558)) - IPC Server Responder: starting
2023-05-03 09:48:29,718 [IPC Server listener on 0] INFO  ipc.Server (Server.java:run(1398)) - IPC Server listener on 0: starting
2023-05-03 09:48:29,719 [Listener at 0.0.0.0/41245] INFO  server.SCMDatanodeProtocolServer (SCMDatanodeProtocolServer.java:start(193)) - ScmDatanodeProtocol RPC server for DataNodes is listening at /0.0.0.0:42673
2023-05-03 09:48:29,720 [IPC Server Responder] INFO  ipc.Server (Server.java:run(1558)) - IPC Server Responder: starting
2023-05-03 09:48:29,720 [IPC Server listener on 0] INFO  ipc.Server (Server.java:run(1398)) - IPC Server listener on 0: starting
2023-05-03 09:48:29,723 [IPC Server listener on 0] INFO  ipc.Server (Server.java:run(1398)) - IPC Server listener on 0: starting
2023-05-03 09:48:29,723 [Listener at 0.0.0.0/41245] INFO  http.BaseHttpServer (BaseHttpServer.java:newHttpServer2BuilderForOzone(224)) - Starting Web-server for scm at: http://0.0.0.0:0
2023-05-03 09:48:29,723 [Listener at 0.0.0.0/41245] INFO  http.BaseHttpServer (BaseHttpServer.java:<init>(111)) - Hadoop Security Enabled: false Ozone Security Enabled: false Ozone HTTP Security Enabled: false 
2023-05-03 09:48:29,724 [Listener at 0.0.0.0/41245] WARN  server.AuthenticationFilter (AuthenticationFilter.java:constructSecretProvider(240)) - Unable to initialize FileSignerSecretProvider, falling back to use random secrets. Reason: Could not read signature secret file: /home/runner/hadoop-http-auth-signature-secret
2023-05-03 09:48:29,725 [org.apache.hadoop.util.JvmPauseMonitor$Monitor@6aa9b45] INFO  util.JvmPauseMonitor (JvmPauseMonitor.java:run(188)) - Starting JVM pause monitor
2023-05-03 09:48:29,726 [Listener at 0.0.0.0/41245] INFO  http.HttpRequestLog (HttpRequestLog.java:getRequestLog(86)) - Http request log for http.requests.scm is not defined
2023-05-03 09:48:29,728 [Listener at 0.0.0.0/41245] INFO  http.HttpServer2 (HttpServer2.java:addGlobalFilter(1031)) - Added global filter 'safety' (class=org.apache.hadoop.hdds.server.http.HttpServer2$QuotingInputFilter)
2023-05-03 09:48:29,728 [Listener at 0.0.0.0/41245] INFO  http.HttpServer2 (HttpServer2.java:addFilter(1007)) - Added filter static_user_filter (class=org.apache.hadoop.http.lib.StaticUserWebFilter$StaticUserFilter) to context scm
2023-05-03 09:48:29,728 [Listener at 0.0.0.0/41245] INFO  http.HttpServer2 (HttpServer2.java:addFilter(1015)) - Added filter static_user_filter (class=org.apache.hadoop.http.lib.StaticUserWebFilter$StaticUserFilter) to context static
2023-05-03 09:48:29,729 [Listener at 0.0.0.0/41245] INFO  http.HttpServer2 (HttpServer2.java:addFilter(1015)) - Added filter static_user_filter (class=org.apache.hadoop.http.lib.StaticUserWebFilter$StaticUserFilter) to context logs
2023-05-03 09:48:29,729 [Listener at 0.0.0.0/41245] INFO  http.BaseHttpServer (BaseHttpServer.java:<init>(190)) - HTTP server of scm uses base directory /home/runner/work/ozone/ozone/hadoop-ozone/integration-test/target/test-dir/MiniOzoneClusterImpl-58229684-5176-44ea-993d-1afc6db8e6af/ozone-meta/webserver
2023-05-03 09:48:29,729 [Listener at 0.0.0.0/41245] INFO  http.HttpServer2 (HttpServer2.java:bindListener(1250)) - Jetty bound to port 40399
2023-05-03 09:48:29,729 [Listener at 0.0.0.0/41245] INFO  server.Server (Server.java:doStart(375)) - jetty-9.4.51.v20230217; built: 2023-02-17T08:19:37.309Z; git: b45c405e4544384de066f814ed42ae3dceacdd49; jvm 1.8.0_362-b09
2023-05-03 09:48:29,733 [Listener at 0.0.0.0/41245] INFO  server.session (DefaultSessionIdManager.java:doStart(334)) - DefaultSessionIdManager workerName=node0
2023-05-03 09:48:29,733 [Listener at 0.0.0.0/41245] INFO  server.session (DefaultSessionIdManager.java:doStart(339)) - No SessionScavenger set, using defaults
2023-05-03 09:48:29,733 [Listener at 0.0.0.0/41245] INFO  server.session (HouseKeeper.java:startScavenging(132)) - node0 Scavenging every 600000ms
2023-05-03 09:48:29,734 [Listener at 0.0.0.0/41245] INFO  handler.ContextHandler (ContextHandler.java:doStart(921)) - Started o.e.j.s.ServletContextHandler@464dd633{logs,/logs,file:///home/runner/work/ozone/ozone/hadoop-ozone/integration-test/target/log,AVAILABLE}
2023-05-03 09:48:29,734 [Listener at 0.0.0.0/41245] INFO  handler.ContextHandler (ContextHandler.java:doStart(921)) - Started o.e.j.s.ServletContextHandler@a3cea1{static,/static,file:///home/runner/work/ozone/ozone/hadoop-ozone/integration-test/target/test-classes/webapps/static,AVAILABLE}
2023-05-03 09:48:29,736 [Listener at 0.0.0.0/41245] INFO  handler.ContextHandler (ContextHandler.java:doStart(921)) - Started o.e.j.w.WebAppContext@1428060d{scm,/,file:///home/runner/work/ozone/ozone/hadoop-ozone/integration-test/target/test-classes/webapps/scm/,AVAILABLE}{file:/home/runner/work/ozone/ozone/hadoop-ozone/integration-test/target/test-classes/webapps/scm}
2023-05-03 09:48:29,738 [Listener at 0.0.0.0/41245] INFO  server.AbstractConnector (AbstractConnector.java:doStart(333)) - Started ServerConnector@4df6df57{HTTP/1.1, (http/1.1)}{0.0.0.0:40399}
2023-05-03 09:48:29,738 [Listener at 0.0.0.0/41245] INFO  server.Server (Server.java:doStart(415)) - Started @152863ms
2023-05-03 09:48:29,738 [Listener at 0.0.0.0/41245] WARN  impl.MetricsSystemImpl (MetricsSystemImpl.java:register(279)) - Sink prometheus already exists!
2023-05-03 09:48:29,738 [Listener at 0.0.0.0/41245] INFO  http.BaseHttpServer (BaseHttpServer.java:updateConnectorAddress(344)) - HTTP server of scm listening at http://0.0.0.0:40399
2023-05-03 09:48:29,739 [Listener at 0.0.0.0/41245] WARN  server.ServerUtils (ServerUtils.java:getDBPath(225)) - ozone.om.db.dirs is not configured. We recommend adding this setting. Falling back to ozone.metadata.dirs instead.
2023-05-03 09:48:29,740 [Listener at 0.0.0.0/41245] INFO  ha.OMHANodeDetails (OMHANodeDetails.java:loadOMHAConfig(115)) - ozone.om.internal.service.id is not defined, falling back to ozone.om.service.ids to find serviceID for OzoneManager if it is HA enabled cluster
2023-05-03 09:48:29,741 [Listener at 0.0.0.0/41245] INFO  ha.OMHANodeDetails (OMHANodeDetails.java:loadOMHAConfig(226)) - Configuration does not have ozone.om.address set. Falling back to the default OM address /127.0.0.1:0
2023-05-03 09:48:29,741 [Listener at 0.0.0.0/41245] INFO  ha.OMHANodeDetails (OMHANodeDetails.java:getOMNodeDetailsForNonHA(254)) - OM Service ID is not set. Setting it to the default ID: omServiceIdDefault
2023-05-03 09:48:29,741 [Listener at 0.0.0.0/41245] INFO  ha.OMHANodeDetails (OMHANodeDetails.java:getOMNodeDetailsForNonHA(261)) - OM Node ID is not set. Setting it to the default ID: om1
2023-05-03 09:48:29,741 [Listener at 0.0.0.0/41245] WARN  server.ServerUtils (ServerUtils.java:getDBPath(225)) - ozone.om.db.dirs is not configured. We recommend adding this setting. Falling back to ozone.metadata.dirs instead.
2023-05-03 09:48:29,742 [Listener at 0.0.0.0/41245] INFO  upgrade.AbstractLayoutVersionManager (AbstractLayoutVersionManager.java:init(83)) - Initializing Layout version manager with metadata layout = HSYNC (version = 4), software layout = HSYNC (version = 4)
2023-05-03 09:48:29,809 [Listener at 0.0.0.0/41245] INFO  reflections.Reflections (Reflections.java:scan(232)) - Reflections took 67 ms to scan 2 urls, producing 172 keys and 478 values [using 2 cores]
2023-05-03 09:48:29,810 [Listener at 0.0.0.0/41245] INFO  upgrade.OMLayoutVersionManager (OMLayoutVersionManager.java:lambda$0(115)) - Skipping Upgrade Action MockOmUpgradeAction since it has been finalized.
2023-05-03 09:48:29,810 [Listener at 0.0.0.0/41245] WARN  server.ServerUtils (ServerUtils.java:getDBPath(225)) - ozone.om.db.dirs is not configured. We recommend adding this setting. Falling back to ozone.metadata.dirs instead.
2023-05-03 09:48:29,810 [Listener at 0.0.0.0/41245] INFO  proxy.SCMBlockLocationFailoverProxyProvider (SCMBlockLocationFailoverProxyProvider.java:<init>(114)) - Created block location fail-over proxy with 1 nodes: [nodeId=scmNodeId,nodeAddress=/0.0.0.0:43453]
2023-05-03 09:48:29,811 [Listener at 0.0.0.0/41245] INFO  proxy.SCMBlockLocationFailoverProxyProvider (SCMBlockLocationFailoverProxyProvider.java:<init>(114)) - Created block location fail-over proxy with 1 nodes: [nodeId=scmNodeId,nodeAddress=/0.0.0.0:43453]
2023-05-03 09:48:29,817 [Listener at 0.0.0.0/41245] INFO  om.OzoneManager (OzoneManager.java:<init>(634)) - OM start with adminUsers: [adminUser1, adminUser2, runner]
2023-05-03 09:48:29,818 [Listener at 0.0.0.0/41245] WARN  server.ServerUtils (ServerUtils.java:getDBPath(225)) - ozone.om.db.dirs is not configured. We recommend adding this setting. Falling back to ozone.metadata.dirs instead.
2023-05-03 09:48:29,818 [Listener at 0.0.0.0/41245] INFO  codec.OmKeyInfoCodec (OmKeyInfoCodec.java:<init>(49)) - OmKeyInfoCodec ignorePipeline = true
2023-05-03 09:48:29,818 [Listener at 0.0.0.0/41245] INFO  codec.RepeatedOmKeyInfoCodec (RepeatedOmKeyInfoCodec.java:<init>(41)) - RepeatedOmKeyInfoCodec ignorePipeline = true
2023-05-03 09:48:29,970 [Listener at 0.0.0.0/41245] INFO  om.OzoneManager (OzoneManager.java:instantiateServices(764)) - S3 Multi-Tenancy is disabled
2023-05-03 09:48:29,971 [Listener at 0.0.0.0/41245] WARN  server.ServerUtils (ServerUtils.java:getDBPath(225)) - ozone.om.snapshot.diff.db.dir is not configured. We recommend adding this setting. Falling back to ozone.metadata.dirs instead.
2023-05-03 09:48:29,992 [Listener at 0.0.0.0/41245] INFO  om.OzoneManager (OzoneManager.java:addS3GVolumeToDB(4263)) - Created Volume s3v With Owner runner required for S3Gateway operations.
2023-05-03 09:48:29,992 [Listener at 0.0.0.0/41245] WARN  server.ServerUtils (ServerUtils.java:getDefaultRatisDirectory(237)) - Storage directory for Ratis is not configured. It is a good idea to map this to an SSD disk. Falling back to ozone.metadata.dirs
2023-05-03 09:48:29,992 [Listener at 0.0.0.0/41245] WARN  utils.OzoneManagerRatisUtils (OzoneManagerRatisUtils.java:getOMRatisSnapshotDirectory(459)) - ozone.om.ratis.snapshot.dir is not configured. Falling back to ozone.metadata.dirs config
2023-05-03 09:48:29,992 [Listener at 0.0.0.0/41245] WARN  server.ServerUtils (ServerUtils.java:getDefaultRatisDirectory(237)) - Storage directory for Ratis is not configured. It is a good idea to map this to an SSD disk. Falling back to ozone.metadata.dirs
2023-05-03 09:48:29,993 [Listener at 0.0.0.0/41245] INFO  ratis.OzoneManagerRatisServer (OzoneManagerRatisServer.java:<init>(163)) - Instantiating OM Ratis server with groupID: omServiceIdDefault and peers: localhost:9872
2023-05-03 09:48:29,993 [Listener at 0.0.0.0/41245] INFO  ratis.OzoneManagerStateMachine (OzoneManagerStateMachine.java:loadSnapshotInfoFromDB(670)) - LastAppliedIndex is set from TransactionInfo from OM DB as (t:0, i:~)
2023-05-03 09:48:29,993 [Listener at 0.0.0.0/41245] INFO  server.RaftServer (ConfUtils.java:logGet(46)) - raft.rpc.type = GRPC (default)
2023-05-03 09:48:29,994 [Listener at 0.0.0.0/41245] INFO  grpc.GrpcConfigKeys (ConfUtils.java:logFallback(53)) - raft.grpc.admin.host = null (fallback to raft.grpc.server.host)
2023-05-03 09:48:29,994 [Listener at 0.0.0.0/41245] INFO  grpc.GrpcConfigKeys (ConfUtils.java:logFallback(53)) - raft.grpc.admin.port = 9872 (fallback to raft.grpc.server.port)
2023-05-03 09:48:29,994 [Listener at 0.0.0.0/41245] INFO  grpc.GrpcConfigKeys (ConfUtils.java:logFallback(53)) - raft.grpc.client.host = null (fallback to raft.grpc.server.host)
2023-05-03 09:48:29,994 [Listener at 0.0.0.0/41245] INFO  grpc.GrpcConfigKeys (ConfUtils.java:logFallback(53)) - raft.grpc.client.port = 9872 (fallback to raft.grpc.server.port)
2023-05-03 09:48:29,994 [Listener at 0.0.0.0/41245] INFO  grpc.GrpcConfigKeys (ConfUtils.java:logGet(46)) - raft.grpc.server.host = null (default)
2023-05-03 09:48:29,994 [Listener at 0.0.0.0/41245] INFO  grpc.GrpcConfigKeys (ConfUtils.java:logGet(46)) - raft.grpc.server.port = 9872 (custom)
2023-05-03 09:48:29,994 [Listener at 0.0.0.0/41245] INFO  server.GrpcService (ConfUtils.java:logGet(46)) - raft.grpc.message.size.max = 33554432 (custom)
2023-05-03 09:48:29,994 [Listener at 0.0.0.0/41245] INFO  server.RaftServerConfigKeys (ConfUtils.java:logGet(46)) - raft.server.log.appender.buffer.byte-limit = 33554432 (custom)
2023-05-03 09:48:29,994 [Listener at 0.0.0.0/41245] INFO  server.GrpcService (ConfUtils.java:logGet(46)) - raft.grpc.flow.control.window = 1MB (=1048576) (default)
2023-05-03 09:48:29,994 [Listener at 0.0.0.0/41245] INFO  server.RaftServerConfigKeys (ConfUtils.java:logGet(46)) - raft.server.rpc.request.timeout = 3000ms (default)
2023-05-03 09:48:29,994 [Listener at 0.0.0.0/41245] INFO  grpc.GrpcConfigKeys (ConfUtils.java:logGet(46)) - raft.grpc.server.heartbeat.channel = true (default)
2023-05-03 09:48:29,994 [Listener at 0.0.0.0/41245] INFO  grpc.GrpcConfigKeys (ConfUtils.java:logGet(46)) - raft.grpc.server.async.request.thread.pool.cached = true (default)
2023-05-03 09:48:29,994 [Listener at 0.0.0.0/41245] INFO  grpc.GrpcConfigKeys (ConfUtils.java:logGet(46)) - raft.grpc.server.async.request.thread.pool.size = 32 (default)
2023-05-03 09:48:29,995 [Listener at 0.0.0.0/41245] INFO  impl.DataStreamServerImpl (ConfUtils.java:logGet(46)) - raft.datastream.type = DISABLED (default)
2023-05-03 09:48:29,995 [Listener at 0.0.0.0/41245] INFO  server.RaftServerConfigKeys (ConfUtils.java:logGet(46)) - raft.server.threadpool.proxy.cached = true (default)
2023-05-03 09:48:29,995 [Listener at 0.0.0.0/41245] INFO  server.RaftServerConfigKeys (ConfUtils.java:logGet(46)) - raft.server.threadpool.proxy.size = 0 (default)
2023-05-03 09:48:29,995 [Listener at 0.0.0.0/41245] INFO  server.RaftServerConfigKeys (ConfUtils.java:logGet(46)) - raft.server.rpc.slowness.timeout = 120s (custom)
2023-05-03 09:48:29,996 [Listener at 0.0.0.0/41245] INFO  server.RaftServerConfigKeys (ConfUtils.java:logGet(46)) - raft.server.leaderelection.leader.step-down.wait-time = 10s (default)
2023-05-03 09:48:29,996 [Listener at 0.0.0.0/41245] INFO  server.RaftServerConfigKeys (ConfUtils.java:logGet(46)) - raft.server.storage.dir = [/home/runner/work/ozone/ozone/hadoop-ozone/integration-test/target/test-dir/MiniOzoneClusterImpl-58229684-5176-44ea-993d-1afc6db8e6af/ozone-meta/ratis] (custom)
2023-05-03 09:48:30,002 [Listener at 0.0.0.0/41245] INFO  server.RaftServer (RaftServerProxy.java:addNew(96)) - om1: addNew group-C5BA1605619E:[om1|rpc:localhost:9872|priority:0|startupRole:FOLLOWER] returns group-C5BA1605619E:java.util.concurrent.CompletableFuture@52feaf14[Not completed]
2023-05-03 09:48:30,002 [Listener at 0.0.0.0/41245] INFO  om.OzoneManager (OzoneManager.java:initializeRatisServer(2106)) - OzoneManager Ratis server initialized at port 9872
2023-05-03 09:48:30,002 [Listener at 0.0.0.0/41245] INFO  om.OzoneManager (OzoneManager.java:getRpcServer(1153)) - Creating RPC Server
2023-05-03 09:48:30,003 [pool-912-thread-1] INFO  server.RaftServer$Division (RaftServerImpl.java:<init>(195)) - om1: new RaftServerImpl for group-C5BA1605619E:[om1|rpc:localhost:9872|priority:0|startupRole:FOLLOWER] with OzoneManagerStateMachine:uninitialized
2023-05-03 09:48:30,003 [pool-912-thread-1] INFO  server.RaftServerConfigKeys (ConfUtils.java:logGet(46)) - raft.server.rpc.timeout.min = 1s (custom)
2023-05-03 09:48:30,003 [pool-912-thread-1] INFO  server.RaftServerConfigKeys (ConfUtils.java:logGet(46)) - raft.server.rpc.timeout.max = 1200ms (custom)
2023-05-03 09:48:30,003 [pool-912-thread-1] INFO  server.RaftServerConfigKeys (ConfUtils.java:logGet(46)) - raft.server.rpc.sleep.time = 25ms (default)
2023-05-03 09:48:30,003 [pool-912-thread-1] INFO  server.RaftServerConfigKeys (ConfUtils.java:logGet(46)) - raft.server.rpc.slowness.timeout = 120s (custom)
2023-05-03 09:48:30,003 [pool-912-thread-1] INFO  server.RaftServerConfigKeys (ConfUtils.java:logGet(46)) - raft.server.leaderelection.leader.step-down.wait-time = 10s (default)
2023-05-03 09:48:30,003 [pool-912-thread-1] INFO  server.RaftServerConfigKeys (ConfUtils.java:logGet(46)) - raft.server.sleep.deviation.threshold = 300ms (default)
2023-05-03 09:48:30,003 [pool-912-thread-1] INFO  server.RaftServer$Division (ServerState.java:<init>(118)) - om1@group-C5BA1605619E: ConfigurationManager, init=-1: peers:[om1|rpc:localhost:9872|priority:0|startupRole:FOLLOWER]|listeners:[], old=null, confs=<EMPTY_MAP>
2023-05-03 09:48:30,003 [pool-912-thread-1] INFO  server.RaftServerConfigKeys (ConfUtils.java:logGet(46)) - raft.server.storage.dir = [/home/runner/work/ozone/ozone/hadoop-ozone/integration-test/target/test-dir/MiniOzoneClusterImpl-58229684-5176-44ea-993d-1afc6db8e6af/ozone-meta/ratis] (custom)
2023-05-03 09:48:30,003 [pool-912-thread-1] INFO  server.RaftServerConfigKeys (ConfUtils.java:logGet(46)) - raft.server.log.corruption.policy = EXCEPTION (default)
2023-05-03 09:48:30,003 [pool-912-thread-1] INFO  server.RaftServerConfigKeys (ConfUtils.java:logGet(46)) - raft.server.storage.free-space.min = 0MB (=0) (default)
2023-05-03 09:48:30,003 [pool-912-thread-1] INFO  server.RaftServerConfigKeys (ConfUtils.java:logGet(46)) - raft.server.notification.no-leader.timeout = 120s (custom)
2023-05-03 09:48:30,003 [pool-912-thread-1] INFO  server.RaftServerConfigKeys (ConfUtils.java:logGet(46)) - raft.server.retrycache.expirytime = 300s (custom)
2023-05-03 09:48:30,003 [pool-912-thread-1] INFO  server.RaftServerConfigKeys (ConfUtils.java:logGet(46)) - raft.server.retrycache.statistics.expirytime = 100μs (default)
2023-05-03 09:48:30,004 [pool-912-thread-1] INFO  server.RaftServerConfigKeys (ConfUtils.java:logGet(46)) - raft.server.log.appender.install.snapshot.enabled = false (custom)
2023-05-03 09:48:30,004 [pool-912-thread-1] INFO  server.RaftServerConfigKeys (ConfUtils.java:logGet(46)) - raft.server.threadpool.server.cached = true (default)
2023-05-03 09:48:30,004 [pool-912-thread-1] INFO  server.RaftServerConfigKeys (ConfUtils.java:logGet(46)) - raft.server.threadpool.server.size = 0 (default)
2023-05-03 09:48:30,004 [pool-912-thread-1] INFO  server.RaftServerConfigKeys (ConfUtils.java:logGet(46)) - raft.server.threadpool.client.cached = true (default)
2023-05-03 09:48:30,004 [pool-912-thread-1] INFO  server.RaftServerConfigKeys (ConfUtils.java:logGet(46)) - raft.server.threadpool.client.size = 0 (default)
2023-05-03 09:48:30,321 [Listener at 0.0.0.0/41245] INFO  reflections.Reflections (Reflections.java:scan(232)) - Reflections took 319 ms to scan 19 urls, producing 68 keys and 5124 values [using 2 cores]
2023-05-03 09:48:30,322 [Listener at 0.0.0.0/41245] INFO  ipc.CallQueueManager (CallQueueManager.java:<init>(90)) - Using callQueue: class java.util.concurrent.LinkedBlockingQueue, queueCapacity: 2000, scheduler: class org.apache.hadoop.ipc.DefaultRpcScheduler, ipcBackoff: false.
2023-05-03 09:48:30,324 [Socket Reader #1 for port 0] INFO  ipc.Server (Server.java:run(1319)) - Starting Socket Reader #1 for port 0
2023-05-03 09:48:30,344 [Listener at 127.0.0.1/43067] INFO  impl.MetricsSystemImpl (MetricsSystemImpl.java:init(158)) - OzoneManager metrics system started (again)
2023-05-03 09:48:30,353 [Listener at 127.0.0.1/43067] INFO  om.OzoneManager (OzoneManager.java:start(1574)) - OzoneManager RPC server is listening at localhost/127.0.0.1:43067
2023-05-03 09:48:30,354 [Listener at 127.0.0.1/43067] INFO  ratis.OzoneManagerRatisServer (OzoneManagerRatisServer.java:start(558)) - Starting OzoneManagerRatisServer om1 at port 9872
2023-05-03 09:48:30,354 [om1-impl-thread1] INFO  storage.RaftStorageDirectory (RaftStorageDirectoryImpl.java:analyzeStorage(137)) - The storage directory /home/runner/work/ozone/ozone/hadoop-ozone/integration-test/target/test-dir/MiniOzoneClusterImpl-58229684-5176-44ea-993d-1afc6db8e6af/ozone-meta/ratis/bf265839-605b-3f16-9796-c5ba1605619e does not exist. Creating ...
2023-05-03 09:48:30,355 [om1-impl-thread1] INFO  storage.RaftStorageDirectory (RaftStorageDirectoryImpl.java:tryLock(231)) - Lock on /home/runner/work/ozone/ozone/hadoop-ozone/integration-test/target/test-dir/MiniOzoneClusterImpl-58229684-5176-44ea-993d-1afc6db8e6af/ozone-meta/ratis/bf265839-605b-3f16-9796-c5ba1605619e/in_use.lock acquired by nodename 7780@fv-az139-793
2023-05-03 09:48:30,356 [om1-impl-thread1] INFO  storage.RaftStorage (RaftStorageImpl.java:format(96)) - Storage directory /home/runner/work/ozone/ozone/hadoop-ozone/integration-test/target/test-dir/MiniOzoneClusterImpl-58229684-5176-44ea-993d-1afc6db8e6af/ozone-meta/ratis/bf265839-605b-3f16-9796-c5ba1605619e has been successfully formatted.
2023-05-03 09:48:30,356 [om1-impl-thread1] INFO  server.RaftServerConfigKeys (ConfUtils.java:logGet(46)) - raft.server.log.use.memory = false (default)
2023-05-03 09:48:30,356 [om1-impl-thread1] INFO  server.RaftServerConfigKeys (ConfUtils.java:logGet(46)) - raft.server.log.purge.gap = 1000000 (custom)
2023-05-03 09:48:30,356 [om1-impl-thread1] INFO  server.RaftServerConfigKeys (ConfUtils.java:logGet(46)) - raft.server.log.appender.buffer.byte-limit = 33554432 (custom)
2023-05-03 09:48:30,356 [om1-impl-thread1] INFO  server.RaftServerConfigKeys (ConfUtils.java:logGet(46)) - raft.server.log.statemachine.data.read.timeout = 1000ms (default)
2023-05-03 09:48:30,356 [om1-impl-thread1] INFO  server.RaftServerConfigKeys (ConfUtils.java:logGet(46)) - raft.server.log.purge.preservation.log.num = 0 (default)
2023-05-03 09:48:30,356 [om1-impl-thread1] INFO  server.RaftServerConfigKeys (ConfUtils.java:logGet(46)) - raft.server.log.segment.size.max = 4194304 (custom)
2023-05-03 09:48:30,356 [om1-impl-thread1] INFO  server.RaftServerConfigKeys (ConfUtils.java:logGet(46)) - raft.server.log.segment.cache.num.max = 2 (custom)
2023-05-03 09:48:30,356 [om1-impl-thread1] INFO  server.RaftServerConfigKeys (ConfUtils.java:logGet(46)) - raft.server.log.segment.cache.size.max = 200MB (=209715200) (default)
2023-05-03 09:48:30,356 [om1-impl-thread1] INFO  segmented.SegmentedRaftLogWorker (SegmentedRaftLogWorker.java:<init>(189)) - new om1@group-C5BA1605619E-SegmentedRaftLogWorker for RaftStorageImpl:Storage Directory /home/runner/work/ozone/ozone/hadoop-ozone/integration-test/target/test-dir/MiniOzoneClusterImpl-58229684-5176-44ea-993d-1afc6db8e6af/ozone-meta/ratis/bf265839-605b-3f16-9796-c5ba1605619e
2023-05-03 09:48:30,356 [om1-impl-thread1] INFO  server.RaftServerConfigKeys (ConfUtils.java:logGet(46)) - raft.server.log.queue.byte-limit = 64MB (=67108864) (default)
2023-05-03 09:48:30,357 [om1-impl-thread1] INFO  server.RaftServerConfigKeys (ConfUtils.java:logGet(46)) - raft.server.log.queue.element-limit = 4096 (default)
2023-05-03 09:48:30,357 [om1-impl-thread1] INFO  server.RaftServerConfigKeys (ConfUtils.java:logGet(46)) - raft.server.log.segment.size.max = 4194304 (custom)
2023-05-03 09:48:30,357 [om1-impl-thread1] INFO  server.RaftServerConfigKeys (ConfUtils.java:logGet(46)) - raft.server.log.preallocated.size = 4194304 (custom)
2023-05-03 09:48:30,357 [om1-impl-thread1] INFO  server.RaftServerConfigKeys (ConfUtils.java:logGet(46)) - raft.server.log.force.sync.num = 128 (default)
2023-05-03 09:48:30,357 [om1-impl-thread1] INFO  server.RaftServerConfigKeys (ConfUtils.java:logGet(46)) - raft.server.log.statemachine.data.sync = true (default)
2023-05-03 09:48:30,357 [om1-impl-thread1] INFO  server.RaftServerConfigKeys (ConfUtils.java:logGet(46)) - raft.server.log.statemachine.data.sync.timeout = 10s (default)
2023-05-03 09:48:30,357 [om1-impl-thread1] INFO  server.RaftServerConfigKeys (ConfUtils.java:logGet(46)) - raft.server.log.statemachine.data.sync.timeout.retry = -1 (default)
2023-05-03 09:48:30,357 [om1-impl-thread1] INFO  server.RaftServerConfigKeys (ConfUtils.java:logGet(46)) - raft.server.log.write.buffer.size = 64KB (=65536) (default)
2023-05-03 09:48:30,357 [om1-impl-thread1] INFO  server.RaftServerConfigKeys (ConfUtils.java:logGet(46)) - raft.server.log.appender.buffer.byte-limit = 33554432 (custom)
2023-05-03 09:48:30,360 [om1-impl-thread1] INFO  server.RaftServerConfigKeys (ConfUtils.java:logGet(46)) - raft.server.log.unsafe-flush.enabled = false (default)
2023-05-03 09:48:30,360 [om1-impl-thread1] INFO  server.RaftServerConfigKeys (ConfUtils.java:logGet(46)) - raft.server.log.async-flush.enabled = false (default)
2023-05-03 09:48:30,360 [om1-impl-thread1] INFO  server.RaftServerConfigKeys (ConfUtils.java:logGet(46)) - raft.server.log.statemachine.data.caching.enabled = false (default)
2023-05-03 09:48:30,360 [om1-impl-thread1] INFO  segmented.SegmentedRaftLogWorker (SegmentedRaftLogWorker.java:lambda$new$0(135)) - om1@group-C5BA1605619E-SegmentedRaftLogWorker: flushIndex: setUnconditionally 0 -> -1
2023-05-03 09:48:30,360 [om1-impl-thread1] INFO  segmented.SegmentedRaftLogWorker (SegmentedRaftLogWorker.java:lambda$new$0(135)) - om1@group-C5BA1605619E-SegmentedRaftLogWorker: safeCacheEvictIndex: setUnconditionally 0 -> -1
2023-05-03 09:48:30,360 [om1-impl-thread1] INFO  server.RaftServer$Division (RaftServerImpl.java:start(334)) - om1@group-C5BA1605619E: start as a follower, conf=-1: peers:[om1|rpc:localhost:9872|priority:0|startupRole:FOLLOWER]|listeners:[], old=null
2023-05-03 09:48:30,360 [om1-impl-thread1] INFO  server.RaftServer$Division (RaftServerImpl.java:setRole(321)) - om1@group-C5BA1605619E: changes role from      null to FOLLOWER at term 0 for startAsFollower
2023-05-03 09:48:30,360 [om1-impl-thread1] INFO  impl.RoleInfo (RoleInfo.java:updateAndGet(139)) - om1: start om1@group-C5BA1605619E-FollowerState
2023-05-03 09:48:30,361 [om1-impl-thread1] INFO  util.JmxRegister (JmxRegister.java:tryRegister(44)) - Successfully registered JMX Bean with object name Ratis:service=RaftServer,group=group-C5BA1605619E,id=om1
2023-05-03 09:48:30,361 [om1-impl-thread1] INFO  server.RaftServerConfigKeys (ConfUtils.java:logGet(46)) - raft.server.snapshot.auto.trigger.enabled = true (custom)
2023-05-03 09:48:30,361 [om1-impl-thread1] INFO  server.RaftServerConfigKeys (ConfUtils.java:logGet(46)) - raft.server.snapshot.auto.trigger.threshold = 400000 (default)
2023-05-03 09:48:30,361 [om1-impl-thread1] INFO  server.RaftServerConfigKeys (ConfUtils.java:logGet(46)) - raft.server.snapshot.retention.file.num = -1 (default)
2023-05-03 09:48:30,361 [om1-impl-thread1] INFO  server.RaftServerConfigKeys (ConfUtils.java:logGet(46)) - raft.server.log.purge.upto.snapshot.index = true (custom)
2023-05-03 09:48:30,361 [om1@group-C5BA1605619E-FollowerState] INFO  server.RaftServerConfigKeys (ConfUtils.java:logFallback(53)) - raft.server.rpc.first-election.timeout.min = 1s (fallback to raft.server.rpc.timeout.min)
2023-05-03 09:48:30,361 [om1@group-C5BA1605619E-FollowerState] INFO  server.RaftServerConfigKeys (ConfUtils.java:logFallback(53)) - raft.server.rpc.first-election.timeout.max = 1200ms (fallback to raft.server.rpc.timeout.max)
2023-05-03 09:48:30,361 [Listener at 127.0.0.1/43067] INFO  server.RaftServer (RaftServerProxy.java:startImpl(393)) - om1: start RPC server
2023-05-03 09:48:30,368 [Listener at 127.0.0.1/43067] INFO  server.GrpcService (GrpcService.java:startImpl(262)) - om1: GrpcService started, listening on 9872
2023-05-03 09:48:30,368 [Listener at 127.0.0.1/43067] INFO  om.OzoneManager (OzoneManager.java:start(1590)) - Version File has different layout version (4) than OM DB (null). That is expected if this OM has never been finalized to a newer layout version.
2023-05-03 09:48:30,369 [JvmPauseMonitor20] INFO  util.JvmPauseMonitor (JvmPauseMonitor.java:run(105)) - JvmPauseMonitor-om1: Started
2023-05-03 09:48:30,371 [Listener at 127.0.0.1/43067] INFO  http.BaseHttpServer (BaseHttpServer.java:newHttpServer2BuilderForOzone(224)) - Starting Web-server for ozoneManager at: http://0.0.0.0:0
2023-05-03 09:48:30,372 [Listener at 127.0.0.1/43067] INFO  http.BaseHttpServer (BaseHttpServer.java:<init>(111)) - Hadoop Security Enabled: false Ozone Security Enabled: false Ozone HTTP Security Enabled: false 
2023-05-03 09:48:30,372 [Listener at 127.0.0.1/43067] WARN  server.AuthenticationFilter (AuthenticationFilter.java:constructSecretProvider(240)) - Unable to initialize FileSignerSecretProvider, falling back to use random secrets. Reason: Could not read signature secret file: /home/runner/hadoop-http-auth-signature-secret
2023-05-03 09:48:30,373 [Listener at 127.0.0.1/43067] INFO  http.HttpRequestLog (HttpRequestLog.java:getRequestLog(86)) - Http request log for http.requests.ozoneManager is not defined
2023-05-03 09:48:30,374 [Listener at 127.0.0.1/43067] INFO  http.HttpServer2 (HttpServer2.java:addGlobalFilter(1031)) - Added global filter 'safety' (class=org.apache.hadoop.hdds.server.http.HttpServer2$QuotingInputFilter)
2023-05-03 09:48:30,374 [Listener at 127.0.0.1/43067] INFO  http.HttpServer2 (HttpServer2.java:addFilter(1007)) - Added filter static_user_filter (class=org.apache.hadoop.http.lib.StaticUserWebFilter$StaticUserFilter) to context ozoneManager
2023-05-03 09:48:30,374 [Listener at 127.0.0.1/43067] INFO  http.HttpServer2 (HttpServer2.java:addFilter(1015)) - Added filter static_user_filter (class=org.apache.hadoop.http.lib.StaticUserWebFilter$StaticUserFilter) to context static
2023-05-03 09:48:30,374 [Listener at 127.0.0.1/43067] INFO  http.HttpServer2 (HttpServer2.java:addFilter(1015)) - Added filter static_user_filter (class=org.apache.hadoop.http.lib.StaticUserWebFilter$StaticUserFilter) to context logs
2023-05-03 09:48:30,377 [Listener at 127.0.0.1/43067] INFO  http.BaseHttpServer (BaseHttpServer.java:<init>(190)) - HTTP server of ozoneManager uses base directory /home/runner/work/ozone/ozone/hadoop-ozone/integration-test/target/test-dir/MiniOzoneClusterImpl-58229684-5176-44ea-993d-1afc6db8e6af/ozone-meta/webserver
2023-05-03 09:48:30,377 [Listener at 127.0.0.1/43067] INFO  http.HttpServer2 (HttpServer2.java:bindListener(1250)) - Jetty bound to port 35209
2023-05-03 09:48:30,377 [Listener at 127.0.0.1/43067] INFO  server.Server (Server.java:doStart(375)) - jetty-9.4.51.v20230217; built: 2023-02-17T08:19:37.309Z; git: b45c405e4544384de066f814ed42ae3dceacdd49; jvm 1.8.0_362-b09
2023-05-03 09:48:30,379 [Listener at 127.0.0.1/43067] INFO  server.session (DefaultSessionIdManager.java:doStart(334)) - DefaultSessionIdManager workerName=node0
2023-05-03 09:48:30,380 [Listener at 127.0.0.1/43067] INFO  server.session (DefaultSessionIdManager.java:doStart(339)) - No SessionScavenger set, using defaults
2023-05-03 09:48:30,380 [Listener at 127.0.0.1/43067] INFO  server.session (HouseKeeper.java:startScavenging(132)) - node0 Scavenging every 660000ms
2023-05-03 09:48:30,380 [Listener at 127.0.0.1/43067] INFO  handler.ContextHandler (ContextHandler.java:doStart(921)) - Started o.e.j.s.ServletContextHandler@2609b2c5{logs,/logs,file:///home/runner/work/ozone/ozone/hadoop-ozone/integration-test/target/log,AVAILABLE}
2023-05-03 09:48:30,380 [Listener at 127.0.0.1/43067] INFO  handler.ContextHandler (ContextHandler.java:doStart(921)) - Started o.e.j.s.ServletContextHandler@1cd8f54e{static,/static,file:///home/runner/work/ozone/ozone/hadoop-ozone/integration-test/target/test-classes/webapps/static,AVAILABLE}
2023-05-03 09:48:30,382 [Listener at 127.0.0.1/43067] INFO  handler.ContextHandler (ContextHandler.java:doStart(921)) - Started o.e.j.w.WebAppContext@305d7d2b{ozoneManager,/,file:///home/runner/work/ozone/ozone/hadoop-ozone/integration-test/target/test-classes/webapps/ozoneManager/,AVAILABLE}{file:/home/runner/work/ozone/ozone/hadoop-ozone/integration-test/target/test-classes/webapps/ozoneManager}
2023-05-03 09:48:30,384 [Listener at 127.0.0.1/43067] INFO  server.AbstractConnector (AbstractConnector.java:doStart(333)) - Started ServerConnector@4d7fd3c0{HTTP/1.1, (http/1.1)}{0.0.0.0:35209}
2023-05-03 09:48:30,384 [Listener at 127.0.0.1/43067] INFO  server.Server (Server.java:doStart(415)) - Started @153509ms
2023-05-03 09:48:30,384 [Listener at 127.0.0.1/43067] WARN  impl.MetricsSystemImpl (MetricsSystemImpl.java:register(279)) - Sink prometheus already exists!
2023-05-03 09:48:30,385 [Listener at 127.0.0.1/43067] INFO  http.BaseHttpServer (BaseHttpServer.java:updateConnectorAddress(344)) - HTTP server of ozoneManager listening at http://0.0.0.0:35209
2023-05-03 09:48:30,385 [IPC Server Responder] INFO  ipc.Server (Server.java:run(1558)) - IPC Server Responder: starting
2023-05-03 09:48:30,389 [IPC Server listener on 0] INFO  ipc.Server (Server.java:run(1398)) - IPC Server listener on 0: starting
2023-05-03 09:48:30,390 [Listener at 127.0.0.1/43067] INFO  om.OzoneManager (OzoneManager.java:startTrashEmptier(2050)) - Trash Interval set to 0. Files deleted won't move to trash
2023-05-03 09:48:30,390 [org.apache.hadoop.util.JvmPauseMonitor$Monitor@50d615de] INFO  util.JvmPauseMonitor (JvmPauseMonitor.java:run(188)) - Starting JVM pause monitor
2023-05-03 09:48:30,396 [Listener at 127.0.0.1/43067] WARN  impl.MetricRegistriesImpl (MetricRegistriesImpl.java:addReporterRegistration(111)) - New reporters are added after registries were created. Some metrics will be missing from the reporter. Please add reporter before adding any new registry.
2023-05-03 09:48:30,396 [Listener at 127.0.0.1/43067] WARN  impl.MetricRegistriesImpl (MetricRegistriesImpl.java:addReporterRegistration(111)) - New reporters are added after registries were created. Some metrics will be missing from the reporter. Please add reporter before adding any new registry.
2023-05-03 09:48:30,396 [Listener at 127.0.0.1/43067] INFO  impl.MetricsSystemImpl (MetricsSystemImpl.java:init(158)) - HddsDatanode metrics system started (again)
2023-05-03 09:48:30,406 [Listener at 127.0.0.1/43067] INFO  ozone.HddsDatanodeService (HddsDatanodeService.java:start(252)) - HddsDatanodeService host:fv-az139-793.t0dryja4c43urhy2nvp0adewnd.cx.internal.cloudapp.net ip:10.1.0.194
2023-05-03 09:48:30,421 [Listener at 127.0.0.1/43067] INFO  upgrade.AbstractLayoutVersionManager (AbstractLayoutVersionManager.java:init(83)) - Initializing Layout version manager with metadata layout = WEBUI_PORTS_IN_DATANODEDETAILS (version = 6), software layout = WEBUI_PORTS_IN_DATANODEDETAILS (version = 6)
2023-05-03 09:48:30,467 [Listener at 127.0.0.1/43067] INFO  reflections.Reflections (Reflections.java:scan(232)) - Reflections took 44 ms to scan 7 urls, producing 156 keys and 369 values 
2023-05-03 09:48:30,468 [Listener at 127.0.0.1/43067] INFO  statemachine.DatanodeStateMachine (DatanodeStateMachine.java:getEndPointTaskThreadPoolSize(262)) - Datanode State Machine Task Thread Pool size 2
2023-05-03 09:48:30,469 [Listener at 127.0.0.1/43067] INFO  volume.HddsVolume (HddsVolume.java:<init>(130)) - Creating HddsVolume: /home/runner/work/ozone/ozone/hadoop-ozone/integration-test/target/test-dir/MiniOzoneClusterImpl-58229684-5176-44ea-993d-1afc6db8e6af/datanode-0/data-0/containers/hdds of storage type : DISK capacity : 9223372036854775807
2023-05-03 09:48:30,469 [Listener at 127.0.0.1/43067] INFO  volume.MutableVolumeSet (MutableVolumeSet.java:initializeVolumeSet(175)) - Added Volume : /home/runner/work/ozone/ozone/hadoop-ozone/integration-test/target/test-dir/MiniOzoneClusterImpl-58229684-5176-44ea-993d-1afc6db8e6af/datanode-0/data-0/containers/hdds to VolumeSet
2023-05-03 09:48:30,469 [Listener at 127.0.0.1/43067] INFO  volume.ThrottledAsyncChecker (ThrottledAsyncChecker.java:schedule(141)) - Scheduling a check for /home/runner/work/ozone/ozone/hadoop-ozone/integration-test/target/test-dir/MiniOzoneClusterImpl-58229684-5176-44ea-993d-1afc6db8e6af/datanode-0/data-0/containers/hdds
2023-05-03 09:48:30,469 [Listener at 127.0.0.1/43067] INFO  volume.StorageVolumeChecker (StorageVolumeChecker.java:checkAllVolumes(202)) - Scheduled health check for volume /home/runner/work/ozone/ozone/hadoop-ozone/integration-test/target/test-dir/MiniOzoneClusterImpl-58229684-5176-44ea-993d-1afc6db8e6af/datanode-0/data-0/containers/hdds
2023-05-03 09:48:30,480 [Listener at 127.0.0.1/43067] INFO  volume.MutableVolumeSet (MutableVolumeSet.java:initializeVolumeSet(175)) - Added Volume : /home/runner/work/ozone/ozone/hadoop-ozone/integration-test/target/test-dir/MiniOzoneClusterImpl-58229684-5176-44ea-993d-1afc6db8e6af/datanode-0/data/ratis to VolumeSet
2023-05-03 09:48:30,480 [Listener at 127.0.0.1/43067] INFO  volume.ThrottledAsyncChecker (ThrottledAsyncChecker.java:schedule(141)) - Scheduling a check for /home/runner/work/ozone/ozone/hadoop-ozone/integration-test/target/test-dir/MiniOzoneClusterImpl-58229684-5176-44ea-993d-1afc6db8e6af/datanode-0/data/ratis
2023-05-03 09:48:30,480 [Listener at 127.0.0.1/43067] INFO  volume.StorageVolumeChecker (StorageVolumeChecker.java:checkAllVolumes(202)) - Scheduled health check for volume /home/runner/work/ozone/ozone/hadoop-ozone/integration-test/target/test-dir/MiniOzoneClusterImpl-58229684-5176-44ea-993d-1afc6db8e6af/datanode-0/data/ratis
2023-05-03 09:48:30,495 [Thread-2120] INFO  ozoneimpl.ContainerReader (ContainerReader.java:readVolume(175)) - Finish verifying containers on volume /home/runner/work/ozone/ozone/hadoop-ozone/integration-test/target/test-dir/MiniOzoneClusterImpl-58229684-5176-44ea-993d-1afc6db8e6af/datanode-0/data-0/containers/hdds
2023-05-03 09:48:30,495 [Listener at 127.0.0.1/43067] INFO  ozoneimpl.OzoneContainer (OzoneContainer.java:buildContainerSet(303)) - Build ContainerSet costs 0s
2023-05-03 09:48:30,503 [Listener at 127.0.0.1/43067] INFO  server.RaftServer (ConfUtils.java:logGet(46)) - raft.rpc.type = GRPC (default)
2023-05-03 09:48:30,503 [Listener at 127.0.0.1/43067] INFO  grpc.GrpcConfigKeys (ConfUtils.java:logFallback(53)) - raft.grpc.admin.host = null (fallback to raft.grpc.server.host)
2023-05-03 09:48:30,503 [Listener at 127.0.0.1/43067] INFO  grpc.GrpcConfigKeys (ConfUtils.java:logGet(46)) - raft.grpc.admin.port = 0 (custom)
2023-05-03 09:48:30,504 [Listener at 127.0.0.1/43067] INFO  grpc.GrpcConfigKeys (ConfUtils.java:logFallback(53)) - raft.grpc.client.host = null (fallback to raft.grpc.server.host)
2023-05-03 09:48:30,504 [Listener at 127.0.0.1/43067] INFO  grpc.GrpcConfigKeys (ConfUtils.java:logGet(46)) - raft.grpc.client.port = 0 (custom)
2023-05-03 09:48:30,504 [Listener at 127.0.0.1/43067] INFO  grpc.GrpcConfigKeys (ConfUtils.java:logGet(46)) - raft.grpc.server.host = null (default)
2023-05-03 09:48:30,504 [Listener at 127.0.0.1/43067] INFO  grpc.GrpcConfigKeys (ConfUtils.java:logGet(46)) - raft.grpc.server.port = 0 (default)
2023-05-03 09:48:30,504 [Listener at 127.0.0.1/43067] INFO  server.GrpcService (ConfUtils.java:logGet(46)) - raft.grpc.message.size.max = 32MB (=33554432) (custom)
2023-05-03 09:48:30,504 [Listener at 127.0.0.1/43067] INFO  server.RaftServerConfigKeys (ConfUtils.java:logGet(46)) - raft.server.log.appender.buffer.byte-limit = 33554432 (custom)
2023-05-03 09:48:30,504 [Listener at 127.0.0.1/43067] INFO  server.GrpcService (ConfUtils.java:logGet(46)) - raft.grpc.flow.control.window = 5MB (=5242880) (custom)
2023-05-03 09:48:30,504 [Listener at 127.0.0.1/43067] INFO  server.RaftServerConfigKeys (ConfUtils.java:logGet(46)) - raft.server.rpc.request.timeout = 60s (custom)
2023-05-03 09:48:30,504 [Listener at 127.0.0.1/43067] INFO  grpc.GrpcConfigKeys (ConfUtils.java:logGet(46)) - raft.grpc.server.heartbeat.channel = true (default)
2023-05-03 09:48:30,504 [Listener at 127.0.0.1/43067] INFO  grpc.GrpcConfigKeys (ConfUtils.java:logGet(46)) - raft.grpc.server.async.request.thread.pool.cached = true (default)
2023-05-03 09:48:30,504 [Listener at 127.0.0.1/43067] INFO  grpc.GrpcConfigKeys (ConfUtils.java:logGet(46)) - raft.grpc.server.async.request.thread.pool.size = 32 (default)
2023-05-03 09:48:30,506 [Listener at 127.0.0.1/43067] INFO  impl.DataStreamServerImpl (ConfUtils.java:logGet(46)) - raft.datastream.type = NETTY (custom)
2023-05-03 09:48:30,506 [Listener at 127.0.0.1/43067] INFO  server.RaftServerConfigKeys (ConfUtils.java:logGet(46)) - raft.server.data-stream.async.request.thread.pool.cached = false (default)
2023-05-03 09:48:30,506 [Listener at 127.0.0.1/43067] INFO  server.RaftServerConfigKeys (ConfUtils.java:logGet(46)) - raft.server.data-stream.async.request.thread.pool.size = 20 (custom)
2023-05-03 09:48:30,506 [Listener at 127.0.0.1/43067] INFO  server.RaftServerConfigKeys (ConfUtils.java:logGet(46)) - raft.server.data-stream.async.write.thread.pool.size = 16 (default)
2023-05-03 09:48:30,506 [Listener at 127.0.0.1/43067] INFO  server.RaftServerConfigKeys (ConfUtils.java:logGet(46)) - raft.server.data-stream.client.pool.size = 10 (default)
2023-05-03 09:48:30,506 [Listener at 127.0.0.1/43067] INFO  netty.NettyConfigKeys$DataStream (ConfUtils.java:logGet(46)) - raft.netty.dataStream.server.use-epoll = false (default)
2023-05-03 09:48:30,506 [Listener at 127.0.0.1/43067] INFO  netty.NettyConfigKeys$DataStream (ConfUtils.java:logGet(46)) - raft.netty.dataStream.server.boss-group.size = 0 (default)
2023-05-03 09:48:30,507 [Listener at 127.0.0.1/43067] INFO  netty.NettyConfigKeys$DataStream (ConfUtils.java:logGet(46)) - raft.netty.dataStream.server.worker-group.size = 0 (default)
2023-05-03 09:48:30,507 [Listener at 127.0.0.1/43067] INFO  netty.NettyConfigKeys$DataStream (ConfUtils.java:logGet(46)) - raft.netty.dataStream.server.tls.conf = null (default)
2023-05-03 09:48:30,507 [Listener at 127.0.0.1/43067] INFO  netty.NettyConfigKeys$DataStream (ConfUtils.java:logGet(46)) - raft.netty.dataStream.host = null (default)
2023-05-03 09:48:30,507 [Listener at 127.0.0.1/43067] INFO  netty.NettyConfigKeys$DataStream (ConfUtils.java:logGet(46)) - raft.netty.dataStream.port = 0 (default)
2023-05-03 09:48:30,510 [Listener at 127.0.0.1/43067] INFO  server.RaftServerConfigKeys (ConfUtils.java:logGet(46)) - raft.server.threadpool.proxy.cached = true (default)
2023-05-03 09:48:30,510 [Listener at 127.0.0.1/43067] INFO  server.RaftServerConfigKeys (ConfUtils.java:logGet(46)) - raft.server.threadpool.proxy.size = 0 (default)
2023-05-03 09:48:30,510 [Listener at 127.0.0.1/43067] INFO  server.RaftServerConfigKeys (ConfUtils.java:logGet(46)) - raft.server.rpc.slowness.timeout = 300s (custom)
2023-05-03 09:48:30,511 [Listener at 127.0.0.1/43067] INFO  server.RaftServerConfigKeys (ConfUtils.java:logGet(46)) - raft.server.leaderelection.leader.step-down.wait-time = 10s (default)
2023-05-03 09:48:30,513 [Listener at 127.0.0.1/43067] INFO  server.RaftServerConfigKeys (ConfUtils.java:logGet(46)) - raft.server.storage.dir = [/home/runner/work/ozone/ozone/hadoop-ozone/integration-test/target/test-dir/MiniOzoneClusterImpl-58229684-5176-44ea-993d-1afc6db8e6af/datanode-0/data/ratis] (custom)
2023-05-03 09:48:30,513 [77d385a9-4ef0-49b0-a825-0af72e1af87e-NettyServerStreamRpc-bossGroup--thread1] INFO  logging.LoggingHandler (AbstractInternalLogger.java:log(148)) - [id: 0xdeb1b1a9] REGISTERED
2023-05-03 09:48:30,513 [77d385a9-4ef0-49b0-a825-0af72e1af87e-NettyServerStreamRpc-bossGroup--thread1] INFO  logging.LoggingHandler (AbstractInternalLogger.java:log(148)) - [id: 0xdeb1b1a9] BIND: 0.0.0.0/0.0.0.0:0
2023-05-03 09:48:30,513 [77d385a9-4ef0-49b0-a825-0af72e1af87e-NettyServerStreamRpc-bossGroup--thread1] INFO  logging.LoggingHandler (AbstractInternalLogger.java:log(148)) - [id: 0xdeb1b1a9, L:/0:0:0:0:0:0:0:0:44383] ACTIVE
2023-05-03 09:48:30,515 [Listener at 127.0.0.1/43067] INFO  server.XceiverServerGrpc (XceiverServerGrpc.java:<init>(132)) - GrpcServer channel type EpollServerSocketChannel
2023-05-03 09:48:30,518 [Listener at 127.0.0.1/43067] INFO  http.BaseHttpServer (BaseHttpServer.java:newHttpServer2BuilderForOzone(224)) - Starting Web-server for hddsDatanode at: http://0.0.0.0:0
2023-05-03 09:48:30,519 [Listener at 127.0.0.1/43067] INFO  http.BaseHttpServer (BaseHttpServer.java:<init>(111)) - Hadoop Security Enabled: false Ozone Security Enabled: false Ozone HTTP Security Enabled: false 
2023-05-03 09:48:30,519 [Listener at 127.0.0.1/43067] WARN  server.AuthenticationFilter (AuthenticationFilter.java:constructSecretProvider(240)) - Unable to initialize FileSignerSecretProvider, falling back to use random secrets. Reason: Could not read signature secret file: /home/runner/hadoop-http-auth-signature-secret
2023-05-03 09:48:30,520 [Listener at 127.0.0.1/43067] INFO  http.HttpRequestLog (HttpRequestLog.java:getRequestLog(86)) - Http request log for http.requests.hddsDatanode is not defined
2023-05-03 09:48:30,521 [Listener at 127.0.0.1/43067] INFO  http.HttpServer2 (HttpServer2.java:addGlobalFilter(1031)) - Added global filter 'safety' (class=org.apache.hadoop.hdds.server.http.HttpServer2$QuotingInputFilter)
2023-05-03 09:48:30,521 [Listener at 127.0.0.1/43067] INFO  http.HttpServer2 (HttpServer2.java:addFilter(1007)) - Added filter static_user_filter (class=org.apache.hadoop.http.lib.StaticUserWebFilter$StaticUserFilter) to context hddsDatanode
2023-05-03 09:48:30,521 [Listener at 127.0.0.1/43067] INFO  http.HttpServer2 (HttpServer2.java:addFilter(1015)) - Added filter static_user_filter (class=org.apache.hadoop.http.lib.StaticUserWebFilter$StaticUserFilter) to context logs
2023-05-03 09:48:30,521 [Listener at 127.0.0.1/43067] INFO  http.HttpServer2 (HttpServer2.java:addFilter(1015)) - Added filter static_user_filter (class=org.apache.hadoop.http.lib.StaticUserWebFilter$StaticUserFilter) to context static
2023-05-03 09:48:30,521 [Listener at 127.0.0.1/43067] INFO  http.BaseHttpServer (BaseHttpServer.java:<init>(190)) - HTTP server of hddsDatanode uses base directory /home/runner/work/ozone/ozone/hadoop-ozone/integration-test/target/test-dir/MiniOzoneClusterImpl-58229684-5176-44ea-993d-1afc6db8e6af/datanode-0/meta/webserver
2023-05-03 09:48:30,521 [Listener at 127.0.0.1/43067] INFO  http.HttpServer2 (HttpServer2.java:bindListener(1250)) - Jetty bound to port 36835
2023-05-03 09:48:30,521 [Listener at 127.0.0.1/43067] INFO  server.Server (Server.java:doStart(375)) - jetty-9.4.51.v20230217; built: 2023-02-17T08:19:37.309Z; git: b45c405e4544384de066f814ed42ae3dceacdd49; jvm 1.8.0_362-b09
2023-05-03 09:48:30,526 [Listener at 127.0.0.1/43067] INFO  server.session (DefaultSessionIdManager.java:doStart(334)) - DefaultSessionIdManager workerName=node0
2023-05-03 09:48:30,526 [Listener at 127.0.0.1/43067] INFO  server.session (DefaultSessionIdManager.java:doStart(339)) - No SessionScavenger set, using defaults
2023-05-03 09:48:30,526 [Listener at 127.0.0.1/43067] INFO  server.session (HouseKeeper.java:startScavenging(132)) - node0 Scavenging every 660000ms
2023-05-03 09:48:30,527 [Listener at 127.0.0.1/43067] INFO  handler.ContextHandler (ContextHandler.java:doStart(921)) - Started o.e.j.s.ServletContextHandler@3a8f4a6c{logs,/logs,file:///home/runner/work/ozone/ozone/hadoop-ozone/integration-test/target/log,AVAILABLE}
2023-05-03 09:48:30,527 [Listener at 127.0.0.1/43067] INFO  handler.ContextHandler (ContextHandler.java:doStart(921)) - Started o.e.j.s.ServletContextHandler@719ee664{static,/static,jar:file:/home/runner/.m2/repository/org/apache/ozone/hdds-container-service/1.4.0-SNAPSHOT/hdds-container-service-1.4.0-SNAPSHOT.jar!/webapps/static,AVAILABLE}
2023-05-03 09:48:30,725 [Listener at 127.0.0.1/43067] INFO  handler.ContextHandler (ContextHandler.java:doStart(921)) - Started o.e.j.w.WebAppContext@3e15bfff{hddsDatanode,/,file:///home/runner/work/ozone/ozone/hadoop-ozone/integration-test/target/test-dir/MiniOzoneClusterImpl-58229684-5176-44ea-993d-1afc6db8e6af/datanode-0/meta/webserver/jetty-0_0_0_0-36835-hdds-container-service-1_4_0-SNAPSHOT_jar-_-any-6957393976681485518/webapp/,AVAILABLE}{jar:file:/home/runner/.m2/repository/org/apache/ozone/hdds-container-service/1.4.0-SNAPSHOT/hdds-container-service-1.4.0-SNAPSHOT.jar!/webapps/hddsDatanode}
2023-05-03 09:48:30,726 [Listener at 127.0.0.1/43067] INFO  server.AbstractConnector (AbstractConnector.java:doStart(333)) - Started ServerConnector@271b82cc{HTTP/1.1, (http/1.1)}{0.0.0.0:36835}
2023-05-03 09:48:30,726 [Listener at 127.0.0.1/43067] INFO  server.Server (Server.java:doStart(415)) - Started @153851ms
2023-05-03 09:48:30,726 [Listener at 127.0.0.1/43067] WARN  impl.MetricsSystemImpl (MetricsSystemImpl.java:register(279)) - Sink prometheus already exists!
2023-05-03 09:48:30,727 [Listener at 127.0.0.1/43067] INFO  http.BaseHttpServer (BaseHttpServer.java:updateConnectorAddress(344)) - HTTP server of hddsDatanode listening at http://0.0.0.0:36835
2023-05-03 09:48:30,727 [Datanode State Machine Daemon Thread] INFO  statemachine.DatanodeStateMachine (DatanodeStateMachine.java:lambda$startDaemon$0(519)) - Ozone container server started.
2023-05-03 09:48:30,727 [Listener at 127.0.0.1/43067] WARN  impl.MetricRegistriesImpl (MetricRegistriesImpl.java:addReporterRegistration(111)) - New reporters are added after registries were created. Some metrics will be missing from the reporter. Please add reporter before adding any new registry.
2023-05-03 09:48:30,728 [Listener at 127.0.0.1/43067] WARN  impl.MetricRegistriesImpl (MetricRegistriesImpl.java:addReporterRegistration(111)) - New reporters are added after registries were created. Some metrics will be missing from the reporter. Please add reporter before adding any new registry.
2023-05-03 09:48:30,728 [Listener at 127.0.0.1/43067] INFO  impl.MetricsSystemImpl (MetricsSystemImpl.java:init(158)) - HddsDatanode metrics system started (again)
2023-05-03 09:48:30,733 [org.apache.hadoop.util.JvmPauseMonitor$Monitor@7799f6d5] INFO  util.JvmPauseMonitor (JvmPauseMonitor.java:run(188)) - Starting JVM pause monitor
2023-05-03 09:48:30,738 [Listener at 127.0.0.1/43067] INFO  ozone.HddsDatanodeService (HddsDatanodeService.java:start(252)) - HddsDatanodeService host:fv-az139-793.t0dryja4c43urhy2nvp0adewnd.cx.internal.cloudapp.net ip:10.1.0.194
2023-05-03 09:48:30,741 [Datanode State Machine Task Thread - 0] INFO  datanode.InitDatanodeState (InitDatanodeState.java:persistContainerDatanodeDetails(138)) - DatanodeDetails is persisted to /home/runner/work/ozone/ozone/hadoop-ozone/integration-test/target/test-dir/MiniOzoneClusterImpl-58229684-5176-44ea-993d-1afc6db8e6af/datanode-0/meta/datanode.id
2023-05-03 09:48:30,758 [Listener at 127.0.0.1/43067] INFO  upgrade.AbstractLayoutVersionManager (AbstractLayoutVersionManager.java:init(83)) - Initializing Layout version manager with metadata layout = WEBUI_PORTS_IN_DATANODEDETAILS (version = 6), software layout = WEBUI_PORTS_IN_DATANODEDETAILS (version = 6)
2023-05-03 09:48:30,803 [Listener at 127.0.0.1/43067] INFO  reflections.Reflections (Reflections.java:scan(232)) - Reflections took 44 ms to scan 7 urls, producing 156 keys and 369 values 
2023-05-03 09:48:30,804 [Listener at 127.0.0.1/43067] INFO  statemachine.DatanodeStateMachine (DatanodeStateMachine.java:getEndPointTaskThreadPoolSize(262)) - Datanode State Machine Task Thread Pool size 2
2023-05-03 09:48:30,805 [Listener at 127.0.0.1/43067] INFO  volume.HddsVolume (HddsVolume.java:<init>(130)) - Creating HddsVolume: /home/runner/work/ozone/ozone/hadoop-ozone/integration-test/target/test-dir/MiniOzoneClusterImpl-58229684-5176-44ea-993d-1afc6db8e6af/datanode-1/data-0/containers/hdds of storage type : DISK capacity : 9223372036854775807
2023-05-03 09:48:30,806 [Listener at 127.0.0.1/43067] INFO  volume.MutableVolumeSet (MutableVolumeSet.java:initializeVolumeSet(175)) - Added Volume : /home/runner/work/ozone/ozone/hadoop-ozone/integration-test/target/test-dir/MiniOzoneClusterImpl-58229684-5176-44ea-993d-1afc6db8e6af/datanode-1/data-0/containers/hdds to VolumeSet
2023-05-03 09:48:30,806 [Listener at 127.0.0.1/43067] INFO  volume.ThrottledAsyncChecker (ThrottledAsyncChecker.java:schedule(141)) - Scheduling a check for /home/runner/work/ozone/ozone/hadoop-ozone/integration-test/target/test-dir/MiniOzoneClusterImpl-58229684-5176-44ea-993d-1afc6db8e6af/datanode-1/data-0/containers/hdds
2023-05-03 09:48:30,807 [Listener at 127.0.0.1/43067] INFO  volume.StorageVolumeChecker (StorageVolumeChecker.java:checkAllVolumes(202)) - Scheduled health check for volume /home/runner/work/ozone/ozone/hadoop-ozone/integration-test/target/test-dir/MiniOzoneClusterImpl-58229684-5176-44ea-993d-1afc6db8e6af/datanode-1/data-0/containers/hdds
2023-05-03 09:48:30,817 [Listener at 127.0.0.1/43067] INFO  volume.MutableVolumeSet (MutableVolumeSet.java:initializeVolumeSet(175)) - Added Volume : /home/runner/work/ozone/ozone/hadoop-ozone/integration-test/target/test-dir/MiniOzoneClusterImpl-58229684-5176-44ea-993d-1afc6db8e6af/datanode-1/data/ratis to VolumeSet
2023-05-03 09:48:30,818 [Listener at 127.0.0.1/43067] INFO  volume.ThrottledAsyncChecker (ThrottledAsyncChecker.java:schedule(141)) - Scheduling a check for /home/runner/work/ozone/ozone/hadoop-ozone/integration-test/target/test-dir/MiniOzoneClusterImpl-58229684-5176-44ea-993d-1afc6db8e6af/datanode-1/data/ratis
2023-05-03 09:48:30,818 [Listener at 127.0.0.1/43067] INFO  volume.StorageVolumeChecker (StorageVolumeChecker.java:checkAllVolumes(202)) - Scheduled health check for volume /home/runner/work/ozone/ozone/hadoop-ozone/integration-test/target/test-dir/MiniOzoneClusterImpl-58229684-5176-44ea-993d-1afc6db8e6af/datanode-1/data/ratis
2023-05-03 09:48:30,833 [Thread-2134] INFO  ozoneimpl.ContainerReader (ContainerReader.java:readVolume(175)) - Finish verifying containers on volume /home/runner/work/ozone/ozone/hadoop-ozone/integration-test/target/test-dir/MiniOzoneClusterImpl-58229684-5176-44ea-993d-1afc6db8e6af/datanode-1/data-0/containers/hdds
2023-05-03 09:48:30,833 [Listener at 127.0.0.1/43067] INFO  ozoneimpl.OzoneContainer (OzoneContainer.java:buildContainerSet(303)) - Build ContainerSet costs 0s
2023-05-03 09:48:30,835 [Listener at 127.0.0.1/43067] INFO  server.RaftServer (ConfUtils.java:logGet(46)) - raft.rpc.type = GRPC (default)
2023-05-03 09:48:30,835 [Listener at 127.0.0.1/43067] INFO  grpc.GrpcConfigKeys (ConfUtils.java:logFallback(53)) - raft.grpc.admin.host = null (fallback to raft.grpc.server.host)
2023-05-03 09:48:30,835 [Listener at 127.0.0.1/43067] INFO  grpc.GrpcConfigKeys (ConfUtils.java:logGet(46)) - raft.grpc.admin.port = 0 (custom)
2023-05-03 09:48:30,835 [Listener at 127.0.0.1/43067] INFO  grpc.GrpcConfigKeys (ConfUtils.java:logFallback(53)) - raft.grpc.client.host = null (fallback to raft.grpc.server.host)
2023-05-03 09:48:30,835 [Listener at 127.0.0.1/43067] INFO  grpc.GrpcConfigKeys (ConfUtils.java:logGet(46)) - raft.grpc.client.port = 0 (custom)
2023-05-03 09:48:30,835 [Listener at 127.0.0.1/43067] INFO  grpc.GrpcConfigKeys (ConfUtils.java:logGet(46)) - raft.grpc.server.host = null (default)
2023-05-03 09:48:30,835 [Listener at 127.0.0.1/43067] INFO  grpc.GrpcConfigKeys (ConfUtils.java:logGet(46)) - raft.grpc.server.port = 0 (default)
2023-05-03 09:48:30,836 [Listener at 127.0.0.1/43067] INFO  server.GrpcService (ConfUtils.java:logGet(46)) - raft.grpc.message.size.max = 32MB (=33554432) (custom)
2023-05-03 09:48:30,836 [Listener at 127.0.0.1/43067] INFO  server.RaftServerConfigKeys (ConfUtils.java:logGet(46)) - raft.server.log.appender.buffer.byte-limit = 33554432 (custom)
2023-05-03 09:48:30,836 [Listener at 127.0.0.1/43067] INFO  server.GrpcService (ConfUtils.java:logGet(46)) - raft.grpc.flow.control.window = 5MB (=5242880) (custom)
2023-05-03 09:48:30,836 [Listener at 127.0.0.1/43067] INFO  server.RaftServerConfigKeys (ConfUtils.java:logGet(46)) - raft.server.rpc.request.timeout = 60s (custom)
2023-05-03 09:48:30,836 [Listener at 127.0.0.1/43067] INFO  grpc.GrpcConfigKeys (ConfUtils.java:logGet(46)) - raft.grpc.server.heartbeat.channel = true (default)
2023-05-03 09:48:30,836 [Listener at 127.0.0.1/43067] INFO  grpc.GrpcConfigKeys (ConfUtils.java:logGet(46)) - raft.grpc.server.async.request.thread.pool.cached = true (default)
2023-05-03 09:48:30,836 [Listener at 127.0.0.1/43067] INFO  grpc.GrpcConfigKeys (ConfUtils.java:logGet(46)) - raft.grpc.server.async.request.thread.pool.size = 32 (default)
2023-05-03 09:48:30,837 [Listener at 127.0.0.1/43067] INFO  impl.DataStreamServerImpl (ConfUtils.java:logGet(46)) - raft.datastream.type = NETTY (custom)
2023-05-03 09:48:30,837 [Listener at 127.0.0.1/43067] INFO  server.RaftServerConfigKeys (ConfUtils.java:logGet(46)) - raft.server.data-stream.async.request.thread.pool.cached = false (default)
2023-05-03 09:48:30,837 [Listener at 127.0.0.1/43067] INFO  server.RaftServerConfigKeys (ConfUtils.java:logGet(46)) - raft.server.data-stream.async.request.thread.pool.size = 20 (custom)
2023-05-03 09:48:30,837 [Listener at 127.0.0.1/43067] INFO  server.RaftServerConfigKeys (ConfUtils.java:logGet(46)) - raft.server.data-stream.async.write.thread.pool.size = 16 (default)
2023-05-03 09:48:30,837 [Listener at 127.0.0.1/43067] INFO  server.RaftServerConfigKeys (ConfUtils.java:logGet(46)) - raft.server.data-stream.client.pool.size = 10 (default)
2023-05-03 09:48:30,837 [Listener at 127.0.0.1/43067] INFO  netty.NettyConfigKeys$DataStream (ConfUtils.java:logGet(46)) - raft.netty.dataStream.server.use-epoll = false (default)
2023-05-03 09:48:30,837 [Listener at 127.0.0.1/43067] INFO  netty.NettyConfigKeys$DataStream (ConfUtils.java:logGet(46)) - raft.netty.dataStream.server.boss-group.size = 0 (default)
2023-05-03 09:48:30,838 [Listener at 127.0.0.1/43067] INFO  netty.NettyConfigKeys$DataStream (ConfUtils.java:logGet(46)) - raft.netty.dataStream.server.worker-group.size = 0 (default)
2023-05-03 09:48:30,838 [Listener at 127.0.0.1/43067] INFO  netty.NettyConfigKeys$DataStream (ConfUtils.java:logGet(46)) - raft.netty.dataStream.server.tls.conf = null (default)
2023-05-03 09:48:30,838 [Listener at 127.0.0.1/43067] INFO  netty.NettyConfigKeys$DataStream (ConfUtils.java:logGet(46)) - raft.netty.dataStream.host = null (default)
2023-05-03 09:48:30,838 [Listener at 127.0.0.1/43067] INFO  netty.NettyConfigKeys$DataStream (ConfUtils.java:logGet(46)) - raft.netty.dataStream.port = 0 (default)
2023-05-03 09:48:30,840 [Listener at 127.0.0.1/43067] INFO  server.RaftServerConfigKeys (ConfUtils.java:logGet(46)) - raft.server.threadpool.proxy.cached = true (default)
2023-05-03 09:48:30,840 [Listener at 127.0.0.1/43067] INFO  server.RaftServerConfigKeys (ConfUtils.java:logGet(46)) - raft.server.threadpool.proxy.size = 0 (default)
2023-05-03 09:48:30,840 [Listener at 127.0.0.1/43067] INFO  server.RaftServerConfigKeys (ConfUtils.java:logGet(46)) - raft.server.rpc.slowness.timeout = 300s (custom)
2023-05-03 09:48:30,840 [Listener at 127.0.0.1/43067] INFO  server.RaftServerConfigKeys (ConfUtils.java:logGet(46)) - raft.server.leaderelection.leader.step-down.wait-time = 10s (default)
2023-05-03 09:48:30,840 [f5646e00-f755-4a84-81c0-28301c6d3dcd-NettyServerStreamRpc-bossGroup--thread1] INFO  logging.LoggingHandler (AbstractInternalLogger.java:log(148)) - [id: 0xd4f52294] REGISTERED
2023-05-03 09:48:30,840 [Listener at 127.0.0.1/43067] INFO  server.RaftServerConfigKeys (ConfUtils.java:logGet(46)) - raft.server.storage.dir = [/home/runner/work/ozone/ozone/hadoop-ozone/integration-test/target/test-dir/MiniOzoneClusterImpl-58229684-5176-44ea-993d-1afc6db8e6af/datanode-1/data/ratis] (custom)
2023-05-03 09:48:30,840 [f5646e00-f755-4a84-81c0-28301c6d3dcd-NettyServerStreamRpc-bossGroup--thread1] INFO  logging.LoggingHandler (AbstractInternalLogger.java:log(148)) - [id: 0xd4f52294] BIND: 0.0.0.0/0.0.0.0:0
2023-05-03 09:48:30,841 [f5646e00-f755-4a84-81c0-28301c6d3dcd-NettyServerStreamRpc-bossGroup--thread1] INFO  logging.LoggingHandler (AbstractInternalLogger.java:log(148)) - [id: 0xd4f52294, L:/0:0:0:0:0:0:0:0:43451] ACTIVE
2023-05-03 09:48:30,842 [Listener at 127.0.0.1/43067] INFO  server.XceiverServerGrpc (XceiverServerGrpc.java:<init>(132)) - GrpcServer channel type EpollServerSocketChannel
2023-05-03 09:48:30,845 [Listener at 127.0.0.1/43067] INFO  http.BaseHttpServer (BaseHttpServer.java:newHttpServer2BuilderForOzone(224)) - Starting Web-server for hddsDatanode at: http://0.0.0.0:0
2023-05-03 09:48:30,845 [Listener at 127.0.0.1/43067] INFO  http.BaseHttpServer (BaseHttpServer.java:<init>(111)) - Hadoop Security Enabled: false Ozone Security Enabled: false Ozone HTTP Security Enabled: false 
2023-05-03 09:48:30,846 [Listener at 127.0.0.1/43067] WARN  server.AuthenticationFilter (AuthenticationFilter.java:constructSecretProvider(240)) - Unable to initialize FileSignerSecretProvider, falling back to use random secrets. Reason: Could not read signature secret file: /home/runner/hadoop-http-auth-signature-secret
2023-05-03 09:48:30,848 [Listener at 127.0.0.1/43067] INFO  http.HttpRequestLog (HttpRequestLog.java:getRequestLog(86)) - Http request log for http.requests.hddsDatanode is not defined
2023-05-03 09:48:30,851 [Listener at 127.0.0.1/43067] INFO  http.HttpServer2 (HttpServer2.java:addGlobalFilter(1031)) - Added global filter 'safety' (class=org.apache.hadoop.hdds.server.http.HttpServer2$QuotingInputFilter)
2023-05-03 09:48:30,851 [Listener at 127.0.0.1/43067] INFO  http.HttpServer2 (HttpServer2.java:addFilter(1007)) - Added filter static_user_filter (class=org.apache.hadoop.http.lib.StaticUserWebFilter$StaticUserFilter) to context hddsDatanode
2023-05-03 09:48:30,851 [Listener at 127.0.0.1/43067] INFO  http.HttpServer2 (HttpServer2.java:addFilter(1015)) - Added filter static_user_filter (class=org.apache.hadoop.http.lib.StaticUserWebFilter$StaticUserFilter) to context static
2023-05-03 09:48:30,851 [Listener at 127.0.0.1/43067] INFO  http.HttpServer2 (HttpServer2.java:addFilter(1015)) - Added filter static_user_filter (class=org.apache.hadoop.http.lib.StaticUserWebFilter$StaticUserFilter) to context logs
2023-05-03 09:48:30,852 [Listener at 127.0.0.1/43067] INFO  http.BaseHttpServer (BaseHttpServer.java:<init>(190)) - HTTP server of hddsDatanode uses base directory /home/runner/work/ozone/ozone/hadoop-ozone/integration-test/target/test-dir/MiniOzoneClusterImpl-58229684-5176-44ea-993d-1afc6db8e6af/datanode-1/meta/webserver
2023-05-03 09:48:30,852 [Listener at 127.0.0.1/43067] INFO  http.HttpServer2 (HttpServer2.java:bindListener(1250)) - Jetty bound to port 43765
2023-05-03 09:48:30,852 [Listener at 127.0.0.1/43067] INFO  server.Server (Server.java:doStart(375)) - jetty-9.4.51.v20230217; built: 2023-02-17T08:19:37.309Z; git: b45c405e4544384de066f814ed42ae3dceacdd49; jvm 1.8.0_362-b09
2023-05-03 09:48:30,854 [Listener at 127.0.0.1/43067] INFO  server.session (DefaultSessionIdManager.java:doStart(334)) - DefaultSessionIdManager workerName=node0
2023-05-03 09:48:30,854 [Listener at 127.0.0.1/43067] INFO  server.session (DefaultSessionIdManager.java:doStart(339)) - No SessionScavenger set, using defaults
2023-05-03 09:48:30,854 [Listener at 127.0.0.1/43067] INFO  server.session (HouseKeeper.java:startScavenging(132)) - node0 Scavenging every 660000ms
2023-05-03 09:48:30,854 [Listener at 127.0.0.1/43067] INFO  handler.ContextHandler (ContextHandler.java:doStart(921)) - Started o.e.j.s.ServletContextHandler@ed0c7cd{logs,/logs,file:///home/runner/work/ozone/ozone/hadoop-ozone/integration-test/target/log,AVAILABLE}
2023-05-03 09:48:30,855 [Listener at 127.0.0.1/43067] INFO  handler.ContextHandler (ContextHandler.java:doStart(921)) - Started o.e.j.s.ServletContextHandler@2dc677a7{static,/static,jar:file:/home/runner/.m2/repository/org/apache/ozone/hdds-container-service/1.4.0-SNAPSHOT/hdds-container-service-1.4.0-SNAPSHOT.jar!/webapps/static,AVAILABLE}
2023-05-03 09:48:31,058 [Listener at 127.0.0.1/43067] INFO  handler.ContextHandler (ContextHandler.java:doStart(921)) - Started o.e.j.w.WebAppContext@62b8dfa9{hddsDatanode,/,file:///home/runner/work/ozone/ozone/hadoop-ozone/integration-test/target/test-dir/MiniOzoneClusterImpl-58229684-5176-44ea-993d-1afc6db8e6af/datanode-1/meta/webserver/jetty-0_0_0_0-43765-hdds-container-service-1_4_0-SNAPSHOT_jar-_-any-1782982765326270211/webapp/,AVAILABLE}{jar:file:/home/runner/.m2/repository/org/apache/ozone/hdds-container-service/1.4.0-SNAPSHOT/hdds-container-service-1.4.0-SNAPSHOT.jar!/webapps/hddsDatanode}
2023-05-03 09:48:31,059 [Listener at 127.0.0.1/43067] INFO  server.AbstractConnector (AbstractConnector.java:doStart(333)) - Started ServerConnector@6f721112{HTTP/1.1, (http/1.1)}{0.0.0.0:43765}
2023-05-03 09:48:31,059 [Listener at 127.0.0.1/43067] INFO  server.Server (Server.java:doStart(415)) - Started @154184ms
2023-05-03 09:48:31,059 [Listener at 127.0.0.1/43067] WARN  impl.MetricsSystemImpl (MetricsSystemImpl.java:register(279)) - Sink prometheus already exists!
2023-05-03 09:48:31,060 [Listener at 127.0.0.1/43067] INFO  http.BaseHttpServer (BaseHttpServer.java:updateConnectorAddress(344)) - HTTP server of hddsDatanode listening at http://0.0.0.0:43765
2023-05-03 09:48:31,060 [Datanode State Machine Daemon Thread] INFO  statemachine.DatanodeStateMachine (DatanodeStateMachine.java:lambda$startDaemon$0(519)) - Ozone container server started.
2023-05-03 09:48:31,060 [Listener at 127.0.0.1/43067] WARN  impl.MetricRegistriesImpl (MetricRegistriesImpl.java:addReporterRegistration(111)) - New reporters are added after registries were created. Some metrics will be missing from the reporter. Please add reporter before adding any new registry.
2023-05-03 09:48:31,061 [Listener at 127.0.0.1/43067] WARN  impl.MetricRegistriesImpl (MetricRegistriesImpl.java:addReporterRegistration(111)) - New reporters are added after registries were created. Some metrics will be missing from the reporter. Please add reporter before adding any new registry.
2023-05-03 09:48:31,061 [Listener at 127.0.0.1/43067] INFO  impl.MetricsSystemImpl (MetricsSystemImpl.java:init(158)) - HddsDatanode metrics system started (again)
2023-05-03 09:48:31,071 [org.apache.hadoop.util.JvmPauseMonitor$Monitor@c1a0bad] INFO  util.JvmPauseMonitor (JvmPauseMonitor.java:run(188)) - Starting JVM pause monitor
2023-05-03 09:48:31,072 [Listener at 127.0.0.1/43067] INFO  ozone.HddsDatanodeService (HddsDatanodeService.java:start(252)) - HddsDatanodeService host:fv-az139-793.t0dryja4c43urhy2nvp0adewnd.cx.internal.cloudapp.net ip:10.1.0.194
2023-05-03 09:48:31,079 [Datanode State Machine Task Thread - 0] INFO  datanode.InitDatanodeState (InitDatanodeState.java:persistContainerDatanodeDetails(138)) - DatanodeDetails is persisted to /home/runner/work/ozone/ozone/hadoop-ozone/integration-test/target/test-dir/MiniOzoneClusterImpl-58229684-5176-44ea-993d-1afc6db8e6af/datanode-1/meta/datanode.id
2023-05-03 09:48:31,089 [Listener at 127.0.0.1/43067] INFO  upgrade.AbstractLayoutVersionManager (AbstractLayoutVersionManager.java:init(83)) - Initializing Layout version manager with metadata layout = WEBUI_PORTS_IN_DATANODEDETAILS (version = 6), software layout = WEBUI_PORTS_IN_DATANODEDETAILS (version = 6)
2023-05-03 09:48:31,135 [Listener at 127.0.0.1/43067] INFO  reflections.Reflections (Reflections.java:scan(232)) - Reflections took 44 ms to scan 7 urls, producing 156 keys and 369 values 
2023-05-03 09:48:31,139 [Listener at 127.0.0.1/43067] INFO  statemachine.DatanodeStateMachine (DatanodeStateMachine.java:getEndPointTaskThreadPoolSize(262)) - Datanode State Machine Task Thread Pool size 2
2023-05-03 09:48:31,143 [Listener at 127.0.0.1/43067] INFO  volume.HddsVolume (HddsVolume.java:<init>(130)) - Creating HddsVolume: /home/runner/work/ozone/ozone/hadoop-ozone/integration-test/target/test-dir/MiniOzoneClusterImpl-58229684-5176-44ea-993d-1afc6db8e6af/datanode-2/data-0/containers/hdds of storage type : DISK capacity : 9223372036854775807
2023-05-03 09:48:31,143 [Listener at 127.0.0.1/43067] INFO  volume.MutableVolumeSet (MutableVolumeSet.java:initializeVolumeSet(175)) - Added Volume : /home/runner/work/ozone/ozone/hadoop-ozone/integration-test/target/test-dir/MiniOzoneClusterImpl-58229684-5176-44ea-993d-1afc6db8e6af/datanode-2/data-0/containers/hdds to VolumeSet
2023-05-03 09:48:31,143 [Listener at 127.0.0.1/43067] INFO  volume.ThrottledAsyncChecker (ThrottledAsyncChecker.java:schedule(141)) - Scheduling a check for /home/runner/work/ozone/ozone/hadoop-ozone/integration-test/target/test-dir/MiniOzoneClusterImpl-58229684-5176-44ea-993d-1afc6db8e6af/datanode-2/data-0/containers/hdds
2023-05-03 09:48:31,143 [Listener at 127.0.0.1/43067] INFO  volume.StorageVolumeChecker (StorageVolumeChecker.java:checkAllVolumes(202)) - Scheduled health check for volume /home/runner/work/ozone/ozone/hadoop-ozone/integration-test/target/test-dir/MiniOzoneClusterImpl-58229684-5176-44ea-993d-1afc6db8e6af/datanode-2/data-0/containers/hdds
2023-05-03 09:48:31,153 [Listener at 127.0.0.1/43067] INFO  volume.MutableVolumeSet (MutableVolumeSet.java:initializeVolumeSet(175)) - Added Volume : /home/runner/work/ozone/ozone/hadoop-ozone/integration-test/target/test-dir/MiniOzoneClusterImpl-58229684-5176-44ea-993d-1afc6db8e6af/datanode-2/data/ratis to VolumeSet
2023-05-03 09:48:31,154 [Listener at 127.0.0.1/43067] INFO  volume.ThrottledAsyncChecker (ThrottledAsyncChecker.java:schedule(141)) - Scheduling a check for /home/runner/work/ozone/ozone/hadoop-ozone/integration-test/target/test-dir/MiniOzoneClusterImpl-58229684-5176-44ea-993d-1afc6db8e6af/datanode-2/data/ratis
2023-05-03 09:48:31,154 [Listener at 127.0.0.1/43067] INFO  volume.StorageVolumeChecker (StorageVolumeChecker.java:checkAllVolumes(202)) - Scheduled health check for volume /home/runner/work/ozone/ozone/hadoop-ozone/integration-test/target/test-dir/MiniOzoneClusterImpl-58229684-5176-44ea-993d-1afc6db8e6af/datanode-2/data/ratis
2023-05-03 09:48:31,164 [Thread-2148] INFO  ozoneimpl.ContainerReader (ContainerReader.java:readVolume(175)) - Finish verifying containers on volume /home/runner/work/ozone/ozone/hadoop-ozone/integration-test/target/test-dir/MiniOzoneClusterImpl-58229684-5176-44ea-993d-1afc6db8e6af/datanode-2/data-0/containers/hdds
2023-05-03 09:48:31,164 [Listener at 127.0.0.1/43067] INFO  ozoneimpl.OzoneContainer (OzoneContainer.java:buildContainerSet(303)) - Build ContainerSet costs 0s
2023-05-03 09:48:31,167 [Listener at 127.0.0.1/43067] INFO  server.RaftServer (ConfUtils.java:logGet(46)) - raft.rpc.type = GRPC (default)
2023-05-03 09:48:31,167 [Listener at 127.0.0.1/43067] INFO  grpc.GrpcConfigKeys (ConfUtils.java:logFallback(53)) - raft.grpc.admin.host = null (fallback to raft.grpc.server.host)
2023-05-03 09:48:31,168 [Listener at 127.0.0.1/43067] INFO  grpc.GrpcConfigKeys (ConfUtils.java:logGet(46)) - raft.grpc.admin.port = 0 (custom)
2023-05-03 09:48:31,168 [Listener at 127.0.0.1/43067] INFO  grpc.GrpcConfigKeys (ConfUtils.java:logFallback(53)) - raft.grpc.client.host = null (fallback to raft.grpc.server.host)
2023-05-03 09:48:31,168 [Listener at 127.0.0.1/43067] INFO  grpc.GrpcConfigKeys (ConfUtils.java:logGet(46)) - raft.grpc.client.port = 0 (custom)
2023-05-03 09:48:31,168 [Listener at 127.0.0.1/43067] INFO  grpc.GrpcConfigKeys (ConfUtils.java:logGet(46)) - raft.grpc.server.host = null (default)
2023-05-03 09:48:31,168 [Listener at 127.0.0.1/43067] INFO  grpc.GrpcConfigKeys (ConfUtils.java:logGet(46)) - raft.grpc.server.port = 0 (default)
2023-05-03 09:48:31,168 [Listener at 127.0.0.1/43067] INFO  server.GrpcService (ConfUtils.java:logGet(46)) - raft.grpc.message.size.max = 32MB (=33554432) (custom)
2023-05-03 09:48:31,168 [Listener at 127.0.0.1/43067] INFO  server.RaftServerConfigKeys (ConfUtils.java:logGet(46)) - raft.server.log.appender.buffer.byte-limit = 33554432 (custom)
2023-05-03 09:48:31,168 [Listener at 127.0.0.1/43067] INFO  server.GrpcService (ConfUtils.java:logGet(46)) - raft.grpc.flow.control.window = 5MB (=5242880) (custom)
2023-05-03 09:48:31,168 [Listener at 127.0.0.1/43067] INFO  server.RaftServerConfigKeys (ConfUtils.java:logGet(46)) - raft.server.rpc.request.timeout = 60s (custom)
2023-05-03 09:48:31,168 [Listener at 127.0.0.1/43067] INFO  grpc.GrpcConfigKeys (ConfUtils.java:logGet(46)) - raft.grpc.server.heartbeat.channel = true (default)
2023-05-03 09:48:31,168 [Listener at 127.0.0.1/43067] INFO  grpc.GrpcConfigKeys (ConfUtils.java:logGet(46)) - raft.grpc.server.async.request.thread.pool.cached = true (default)
2023-05-03 09:48:31,168 [Listener at 127.0.0.1/43067] INFO  grpc.GrpcConfigKeys (ConfUtils.java:logGet(46)) - raft.grpc.server.async.request.thread.pool.size = 32 (default)
2023-05-03 09:48:31,169 [Listener at 127.0.0.1/43067] INFO  impl.DataStreamServerImpl (ConfUtils.java:logGet(46)) - raft.datastream.type = NETTY (custom)
2023-05-03 09:48:31,169 [Listener at 127.0.0.1/43067] INFO  server.RaftServerConfigKeys (ConfUtils.java:logGet(46)) - raft.server.data-stream.async.request.thread.pool.cached = false (default)
2023-05-03 09:48:31,169 [Listener at 127.0.0.1/43067] INFO  server.RaftServerConfigKeys (ConfUtils.java:logGet(46)) - raft.server.data-stream.async.request.thread.pool.size = 20 (custom)
2023-05-03 09:48:31,169 [Listener at 127.0.0.1/43067] INFO  server.RaftServerConfigKeys (ConfUtils.java:logGet(46)) - raft.server.data-stream.async.write.thread.pool.size = 16 (default)
2023-05-03 09:48:31,169 [Listener at 127.0.0.1/43067] INFO  server.RaftServerConfigKeys (ConfUtils.java:logGet(46)) - raft.server.data-stream.client.pool.size = 10 (default)
2023-05-03 09:48:31,170 [Listener at 127.0.0.1/43067] INFO  netty.NettyConfigKeys$DataStream (ConfUtils.java:logGet(46)) - raft.netty.dataStream.server.use-epoll = false (default)
2023-05-03 09:48:31,170 [Listener at 127.0.0.1/43067] INFO  netty.NettyConfigKeys$DataStream (ConfUtils.java:logGet(46)) - raft.netty.dataStream.server.boss-group.size = 0 (default)
2023-05-03 09:48:31,170 [Listener at 127.0.0.1/43067] INFO  netty.NettyConfigKeys$DataStream (ConfUtils.java:logGet(46)) - raft.netty.dataStream.server.worker-group.size = 0 (default)
2023-05-03 09:48:31,170 [Listener at 127.0.0.1/43067] INFO  netty.NettyConfigKeys$DataStream (ConfUtils.java:logGet(46)) - raft.netty.dataStream.server.tls.conf = null (default)
2023-05-03 09:48:31,170 [Listener at 127.0.0.1/43067] INFO  netty.NettyConfigKeys$DataStream (ConfUtils.java:logGet(46)) - raft.netty.dataStream.host = null (default)
2023-05-03 09:48:31,170 [Listener at 127.0.0.1/43067] INFO  netty.NettyConfigKeys$DataStream (ConfUtils.java:logGet(46)) - raft.netty.dataStream.port = 0 (default)
2023-05-03 09:48:31,171 [Listener at 127.0.0.1/43067] INFO  server.RaftServerConfigKeys (ConfUtils.java:logGet(46)) - raft.server.threadpool.proxy.cached = true (default)
2023-05-03 09:48:31,171 [Listener at 127.0.0.1/43067] INFO  server.RaftServerConfigKeys (ConfUtils.java:logGet(46)) - raft.server.threadpool.proxy.size = 0 (default)
2023-05-03 09:48:31,171 [Listener at 127.0.0.1/43067] INFO  server.RaftServerConfigKeys (ConfUtils.java:logGet(46)) - raft.server.rpc.slowness.timeout = 300s (custom)
2023-05-03 09:48:31,171 [Listener at 127.0.0.1/43067] INFO  server.RaftServerConfigKeys (ConfUtils.java:logGet(46)) - raft.server.leaderelection.leader.step-down.wait-time = 10s (default)
2023-05-03 09:48:31,171 [e11e6016-9f4c-4443-9608-a269a8403abb-NettyServerStreamRpc-bossGroup--thread1] INFO  logging.LoggingHandler (AbstractInternalLogger.java:log(148)) - [id: 0xaff8eb12] REGISTERED
2023-05-03 09:48:31,171 [Listener at 127.0.0.1/43067] INFO  server.RaftServerConfigKeys (ConfUtils.java:logGet(46)) - raft.server.storage.dir = [/home/runner/work/ozone/ozone/hadoop-ozone/integration-test/target/test-dir/MiniOzoneClusterImpl-58229684-5176-44ea-993d-1afc6db8e6af/datanode-2/data/ratis] (custom)
2023-05-03 09:48:31,171 [e11e6016-9f4c-4443-9608-a269a8403abb-NettyServerStreamRpc-bossGroup--thread1] INFO  logging.LoggingHandler (AbstractInternalLogger.java:log(148)) - [id: 0xaff8eb12] BIND: 0.0.0.0/0.0.0.0:0
2023-05-03 09:48:31,171 [e11e6016-9f4c-4443-9608-a269a8403abb-NettyServerStreamRpc-bossGroup--thread1] INFO  logging.LoggingHandler (AbstractInternalLogger.java:log(148)) - [id: 0xaff8eb12, L:/0:0:0:0:0:0:0:0:43361] ACTIVE
2023-05-03 09:48:31,173 [Listener at 127.0.0.1/43067] INFO  server.XceiverServerGrpc (XceiverServerGrpc.java:<init>(132)) - GrpcServer channel type EpollServerSocketChannel
2023-05-03 09:48:31,175 [Listener at 127.0.0.1/43067] INFO  http.BaseHttpServer (BaseHttpServer.java:newHttpServer2BuilderForOzone(224)) - Starting Web-server for hddsDatanode at: http://0.0.0.0:0
2023-05-03 09:48:31,175 [Listener at 127.0.0.1/43067] INFO  http.BaseHttpServer (BaseHttpServer.java:<init>(111)) - Hadoop Security Enabled: false Ozone Security Enabled: false Ozone HTTP Security Enabled: false 
2023-05-03 09:48:31,176 [Listener at 127.0.0.1/43067] WARN  server.AuthenticationFilter (AuthenticationFilter.java:constructSecretProvider(240)) - Unable to initialize FileSignerSecretProvider, falling back to use random secrets. Reason: Could not read signature secret file: /home/runner/hadoop-http-auth-signature-secret
2023-05-03 09:48:31,176 [Listener at 127.0.0.1/43067] INFO  http.HttpRequestLog (HttpRequestLog.java:getRequestLog(86)) - Http request log for http.requests.hddsDatanode is not defined
2023-05-03 09:48:31,177 [Listener at 127.0.0.1/43067] INFO  http.HttpServer2 (HttpServer2.java:addGlobalFilter(1031)) - Added global filter 'safety' (class=org.apache.hadoop.hdds.server.http.HttpServer2$QuotingInputFilter)
2023-05-03 09:48:31,177 [Listener at 127.0.0.1/43067] INFO  http.HttpServer2 (HttpServer2.java:addFilter(1007)) - Added filter static_user_filter (class=org.apache.hadoop.http.lib.StaticUserWebFilter$StaticUserFilter) to context hddsDatanode
2023-05-03 09:48:31,177 [Listener at 127.0.0.1/43067] INFO  http.HttpServer2 (HttpServer2.java:addFilter(1015)) - Added filter static_user_filter (class=org.apache.hadoop.http.lib.StaticUserWebFilter$StaticUserFilter) to context logs
2023-05-03 09:48:31,178 [Listener at 127.0.0.1/43067] INFO  http.HttpServer2 (HttpServer2.java:addFilter(1015)) - Added filter static_user_filter (class=org.apache.hadoop.http.lib.StaticUserWebFilter$StaticUserFilter) to context static
2023-05-03 09:48:31,178 [Listener at 127.0.0.1/43067] INFO  http.BaseHttpServer (BaseHttpServer.java:<init>(190)) - HTTP server of hddsDatanode uses base directory /home/runner/work/ozone/ozone/hadoop-ozone/integration-test/target/test-dir/MiniOzoneClusterImpl-58229684-5176-44ea-993d-1afc6db8e6af/datanode-2/meta/webserver
2023-05-03 09:48:31,178 [Listener at 127.0.0.1/43067] INFO  http.HttpServer2 (HttpServer2.java:bindListener(1250)) - Jetty bound to port 36579
2023-05-03 09:48:31,178 [Listener at 127.0.0.1/43067] INFO  server.Server (Server.java:doStart(375)) - jetty-9.4.51.v20230217; built: 2023-02-17T08:19:37.309Z; git: b45c405e4544384de066f814ed42ae3dceacdd49; jvm 1.8.0_362-b09
2023-05-03 09:48:31,180 [Listener at 127.0.0.1/43067] INFO  server.session (DefaultSessionIdManager.java:doStart(334)) - DefaultSessionIdManager workerName=node0
2023-05-03 09:48:31,180 [Listener at 127.0.0.1/43067] INFO  server.session (DefaultSessionIdManager.java:doStart(339)) - No SessionScavenger set, using defaults
2023-05-03 09:48:31,180 [Listener at 127.0.0.1/43067] INFO  server.session (HouseKeeper.java:startScavenging(132)) - node0 Scavenging every 660000ms
2023-05-03 09:48:31,181 [Listener at 127.0.0.1/43067] INFO  handler.ContextHandler (ContextHandler.java:doStart(921)) - Started o.e.j.s.ServletContextHandler@175e492b{logs,/logs,file:///home/runner/work/ozone/ozone/hadoop-ozone/integration-test/target/log,AVAILABLE}
2023-05-03 09:48:31,181 [Listener at 127.0.0.1/43067] INFO  handler.ContextHandler (ContextHandler.java:doStart(921)) - Started o.e.j.s.ServletContextHandler@277f0184{static,/static,jar:file:/home/runner/.m2/repository/org/apache/ozone/hdds-container-service/1.4.0-SNAPSHOT/hdds-container-service-1.4.0-SNAPSHOT.jar!/webapps/static,AVAILABLE}
2023-05-03 09:48:31,380 [Listener at 127.0.0.1/43067] INFO  handler.ContextHandler (ContextHandler.java:doStart(921)) - Started o.e.j.w.WebAppContext@5051515a{hddsDatanode,/,file:///home/runner/work/ozone/ozone/hadoop-ozone/integration-test/target/test-dir/MiniOzoneClusterImpl-58229684-5176-44ea-993d-1afc6db8e6af/datanode-2/meta/webserver/jetty-0_0_0_0-36579-hdds-container-service-1_4_0-SNAPSHOT_jar-_-any-2321609256054567077/webapp/,AVAILABLE}{jar:file:/home/runner/.m2/repository/org/apache/ozone/hdds-container-service/1.4.0-SNAPSHOT/hdds-container-service-1.4.0-SNAPSHOT.jar!/webapps/hddsDatanode}
2023-05-03 09:48:31,383 [Listener at 127.0.0.1/43067] INFO  server.AbstractConnector (AbstractConnector.java:doStart(333)) - Started ServerConnector@61f129da{HTTP/1.1, (http/1.1)}{0.0.0.0:36579}
2023-05-03 09:48:31,384 [Listener at 127.0.0.1/43067] INFO  server.Server (Server.java:doStart(415)) - Started @154509ms
2023-05-03 09:48:31,384 [Listener at 127.0.0.1/43067] WARN  impl.MetricsSystemImpl (MetricsSystemImpl.java:register(279)) - Sink prometheus already exists!
2023-05-03 09:48:31,386 [Listener at 127.0.0.1/43067] INFO  http.BaseHttpServer (BaseHttpServer.java:updateConnectorAddress(344)) - HTTP server of hddsDatanode listening at http://0.0.0.0:36579
2023-05-03 09:48:31,386 [Datanode State Machine Daemon Thread] INFO  statemachine.DatanodeStateMachine (DatanodeStateMachine.java:lambda$startDaemon$0(519)) - Ozone container server started.
2023-05-03 09:48:31,386 [Listener at 127.0.0.1/43067] INFO  ozone.MiniOzoneClusterImpl (MiniOzoneClusterImpl.java:lambda$waitForClusterToBeReady$0(223)) - Waiting for nodes to be ready. Got 0 of 3 DN Heartbeats.
2023-05-03 09:48:31,387 [Listener at 127.0.0.1/43067] INFO  ozone.MiniOzoneClusterImpl (MiniOzoneClusterImpl.java:lambda$waitForClusterToBeReady$0(226)) - Waiting for cluster to exit safe mode
2023-05-03 09:48:31,387 [Listener at 127.0.0.1/43067] INFO  ozone.MiniOzoneClusterImpl (MiniOzoneClusterImpl.java:lambda$waitForClusterToBeReady$0(228)) - SCM became leader
2023-05-03 09:48:31,388 [org.apache.hadoop.util.JvmPauseMonitor$Monitor@939c2b9] INFO  util.JvmPauseMonitor (JvmPauseMonitor.java:run(188)) - Starting JVM pause monitor
2023-05-03 09:48:31,389 [Datanode State Machine Task Thread - 0] INFO  datanode.InitDatanodeState (InitDatanodeState.java:persistContainerDatanodeDetails(138)) - DatanodeDetails is persisted to /home/runner/work/ozone/ozone/hadoop-ozone/integration-test/target/test-dir/MiniOzoneClusterImpl-58229684-5176-44ea-993d-1afc6db8e6af/datanode-2/meta/datanode.id
2023-05-03 09:48:31,494 [om1@group-C5BA1605619E-FollowerState] INFO  impl.FollowerState (FollowerState.java:run(143)) - om1@group-C5BA1605619E-FollowerState: change to CANDIDATE, lastRpcElapsedTime:1133894585ns, electionTimeout:1133ms
2023-05-03 09:48:31,494 [om1@group-C5BA1605619E-FollowerState] INFO  impl.RoleInfo (RoleInfo.java:shutdownFollowerState(110)) - om1: shutdown om1@group-C5BA1605619E-FollowerState
2023-05-03 09:48:31,494 [om1@group-C5BA1605619E-FollowerState] INFO  server.RaftServer$Division (RaftServerImpl.java:setRole(321)) - om1@group-C5BA1605619E: changes role from  FOLLOWER to CANDIDATE at term 0 for changeToCandidate
2023-05-03 09:48:31,495 [om1@group-C5BA1605619E-FollowerState] INFO  server.RaftServerConfigKeys (ConfUtils.java:logGet(46)) - raft.server.leaderelection.pre-vote = true (default)
2023-05-03 09:48:31,495 [om1@group-C5BA1605619E-FollowerState] INFO  impl.RoleInfo (RoleInfo.java:updateAndGet(139)) - om1: start om1@group-C5BA1605619E-LeaderElection37
2023-05-03 09:48:31,497 [om1@group-C5BA1605619E-LeaderElection37] INFO  impl.LeaderElection (LeaderElection.java:askForVotes(312)) - om1@group-C5BA1605619E-LeaderElection37 PRE_VOTE round 0: submit vote requests at term 0 for -1: peers:[om1|rpc:localhost:9872|priority:0|startupRole:FOLLOWER]|listeners:[], old=null
2023-05-03 09:48:31,497 [om1@group-C5BA1605619E-LeaderElection37] INFO  impl.LeaderElection (LeaderElection.java:askForVotes(314)) - om1@group-C5BA1605619E-LeaderElection37 PRE_VOTE round 0: result PASSED (term=0)
2023-05-03 09:48:31,499 [om1@group-C5BA1605619E-LeaderElection37] INFO  impl.LeaderElection (LeaderElection.java:askForVotes(312)) - om1@group-C5BA1605619E-LeaderElection37 ELECTION round 0: submit vote requests at term 1 for -1: peers:[om1|rpc:localhost:9872|priority:0|startupRole:FOLLOWER]|listeners:[], old=null
2023-05-03 09:48:31,499 [om1@group-C5BA1605619E-LeaderElection37] INFO  impl.LeaderElection (LeaderElection.java:askForVotes(314)) - om1@group-C5BA1605619E-LeaderElection37 ELECTION round 0: result PASSED (term=1)
2023-05-03 09:48:31,499 [om1@group-C5BA1605619E-LeaderElection37] INFO  impl.RoleInfo (RoleInfo.java:shutdownLeaderElection(130)) - om1: shutdown om1@group-C5BA1605619E-LeaderElection37
2023-05-03 09:48:31,499 [om1@group-C5BA1605619E-LeaderElection37] INFO  server.RaftServer$Division (RaftServerImpl.java:setRole(321)) - om1@group-C5BA1605619E: changes role from CANDIDATE to LEADER at term 1 for changeToLeader
2023-05-03 09:48:31,500 [om1@group-C5BA1605619E-LeaderElection37] INFO  server.RaftServer$Division (ServerState.java:setLeader(313)) - om1@group-C5BA1605619E: change Leader from null to om1 at term 1 for becomeLeader, leader elected after 1496ms
2023-05-03 09:48:31,500 [om1@group-C5BA1605619E-LeaderElection37] INFO  server.RaftServerConfigKeys (ConfUtils.java:logGet(46)) - raft.server.staging.catchup.gap = 1000 (default)
2023-05-03 09:48:31,500 [om1@group-C5BA1605619E-LeaderElection37] INFO  server.RaftServerConfigKeys (ConfUtils.java:logGet(46)) - raft.server.write.element-limit = 4096 (default)
2023-05-03 09:48:31,500 [om1@group-C5BA1605619E-LeaderElection37] INFO  server.RaftServerConfigKeys (ConfUtils.java:logGet(46)) - raft.server.write.byte-limit = 64MB (=67108864) (default)
2023-05-03 09:48:31,500 [om1@group-C5BA1605619E-LeaderElection37] INFO  server.RaftServerConfigKeys (ConfUtils.java:logGet(46)) - raft.server.watch.timeout = 10s (default)
2023-05-03 09:48:31,500 [om1@group-C5BA1605619E-LeaderElection37] INFO  server.RaftServerConfigKeys (ConfUtils.java:logGet(46)) - raft.server.watch.timeout.denomination = 1s (default)
2023-05-03 09:48:31,500 [om1@group-C5BA1605619E-LeaderElection37] INFO  server.RaftServerConfigKeys (ConfUtils.java:logGet(46)) - raft.server.watch.element-limit = 65536 (default)
2023-05-03 09:48:31,500 [om1@group-C5BA1605619E-LeaderElection37] INFO  server.RaftServerConfigKeys (ConfUtils.java:logGet(46)) - raft.server.write.element-limit = 4096 (default)
2023-05-03 09:48:31,500 [om1@group-C5BA1605619E-LeaderElection37] INFO  server.RaftServerConfigKeys (ConfUtils.java:logGet(46)) - raft.server.write.follower.gap.ratio.max = -1.0 (default)
2023-05-03 09:48:31,500 [om1@group-C5BA1605619E-LeaderElection37] INFO  impl.RoleInfo (RoleInfo.java:updateAndGet(139)) - om1: start om1@group-C5BA1605619E-LeaderStateImpl
2023-05-03 09:48:31,500 [om1@group-C5BA1605619E-LeaderElection37] INFO  segmented.SegmentedRaftLogWorker (SegmentedRaftLogWorker.java:startLogSegment(452)) - om1@group-C5BA1605619E-SegmentedRaftLogWorker: Starting segment from index:0
2023-05-03 09:48:31,507 [om1@group-C5BA1605619E-LeaderElection37] INFO  server.RaftServer$Division (ServerState.java:setRaftConf(430)) - om1@group-C5BA1605619E: set configuration 0: peers:[om1|rpc:localhost:9872|admin:|client:|dataStream:|priority:0|startupRole:FOLLOWER]|listeners:[], old=null
2023-05-03 09:48:31,513 [om1@group-C5BA1605619E-SegmentedRaftLogWorker] INFO  segmented.SegmentedRaftLogWorker (SegmentedRaftLogWorker.java:execute(656)) - om1@group-C5BA1605619E-SegmentedRaftLogWorker: created new log segment /home/runner/work/ozone/ozone/hadoop-ozone/integration-test/target/test-dir/MiniOzoneClusterImpl-58229684-5176-44ea-993d-1afc6db8e6af/ozone-meta/ratis/bf265839-605b-3f16-9796-c5ba1605619e/current/log_inprogress_0
2023-05-03 09:48:31,514 [om1@group-C5BA1605619E-StateMachineUpdater] INFO  ratis.OzoneManagerStateMachine (OzoneManagerStateMachine.java:notifyConfigurationChanged(201)) - Received Configuration change notification from Ratis. New Peer list:
[id: "om1"
address: "localhost:9872"
startupRole: FOLLOWER
]
2023-05-03 09:48:32,387 [Listener at 127.0.0.1/43067] INFO  ozone.MiniOzoneClusterImpl (MiniOzoneClusterImpl.java:lambda$waitForClusterToBeReady$0(223)) - Waiting for nodes to be ready. Got 0 of 3 DN Heartbeats.
2023-05-03 09:48:32,387 [Listener at 127.0.0.1/43067] INFO  ozone.MiniOzoneClusterImpl (MiniOzoneClusterImpl.java:lambda$waitForClusterToBeReady$0(226)) - Waiting for cluster to exit safe mode
2023-05-03 09:48:32,387 [Listener at 127.0.0.1/43067] INFO  ozone.MiniOzoneClusterImpl (MiniOzoneClusterImpl.java:lambda$waitForClusterToBeReady$0(228)) - SCM became leader
2023-05-03 09:48:32,769 [EndpointStateMachine task thread for /0.0.0.0:42673 - 0 ] INFO  utils.DatanodeStoreCache (DatanodeStoreCache.java:addDB(58)) - Added db /home/runner/work/ozone/ozone/hadoop-ozone/integration-test/target/test-dir/MiniOzoneClusterImpl-58229684-5176-44ea-993d-1afc6db8e6af/datanode-0/data-0/containers/hdds/58229684-5176-44ea-993d-1afc6db8e6af/DS-f87a6dc7-15ec-4ef7-a6e0-26b2bfb9e71a/container.db to cache
2023-05-03 09:48:32,769 [EndpointStateMachine task thread for /0.0.0.0:42673 - 0 ] INFO  volume.HddsVolume (HddsVolume.java:createDbStore(350)) - SchemaV3 db is created and loaded at /home/runner/work/ozone/ozone/hadoop-ozone/integration-test/target/test-dir/MiniOzoneClusterImpl-58229684-5176-44ea-993d-1afc6db8e6af/datanode-0/data-0/containers/hdds/58229684-5176-44ea-993d-1afc6db8e6af/DS-f87a6dc7-15ec-4ef7-a6e0-26b2bfb9e71a/container.db for volume DS-f87a6dc7-15ec-4ef7-a6e0-26b2bfb9e71a
2023-05-03 09:48:32,769 [EndpointStateMachine task thread for /0.0.0.0:42673 - 0 ] INFO  ozoneimpl.OzoneContainer (OzoneContainer.java:start(397)) - Attempting to start container services.
2023-05-03 09:48:32,770 [EndpointStateMachine task thread for /0.0.0.0:42673 - 0 ] INFO  ozoneimpl.OzoneContainer (OzoneContainer.java:startContainerScrub(314)) - Scheduled background container scanners and the on-demand container scanner have been disabled.
2023-05-03 09:48:32,772 [EndpointStateMachine task thread for /0.0.0.0:42673 - 0 ] INFO  replication.ReplicationServer (ReplicationServer.java:start(109)) - ReplicationServer is started using port 41671
2023-05-03 09:48:32,772 [EndpointStateMachine task thread for /0.0.0.0:42673 - 0 ] INFO  ratis.XceiverServerRatis (XceiverServerRatis.java:start(517)) - Starting XceiverServerRatis 77d385a9-4ef0-49b0-a825-0af72e1af87e
2023-05-03 09:48:32,772 [EndpointStateMachine task thread for /0.0.0.0:42673 - 0 ] INFO  server.RaftServer (RaftServerProxy.java:startImpl(393)) - 77d385a9-4ef0-49b0-a825-0af72e1af87e: start RPC server
2023-05-03 09:48:32,773 [EndpointStateMachine task thread for /0.0.0.0:42673 - 0 ] INFO  server.GrpcService (GrpcService.java:startImpl(262)) - 77d385a9-4ef0-49b0-a825-0af72e1af87e: GrpcService started, listening on 44795
2023-05-03 09:48:32,773 [EndpointStateMachine task thread for /0.0.0.0:42673 - 0 ] INFO  ratis.XceiverServerRatis (XceiverServerRatis.java:getRealPort(543)) - XceiverServerRatis 77d385a9-4ef0-49b0-a825-0af72e1af87e is started using port 44795 for RATIS
2023-05-03 09:48:32,773 [EndpointStateMachine task thread for /0.0.0.0:42673 - 0 ] INFO  ratis.XceiverServerRatis (XceiverServerRatis.java:getRealPort(543)) - XceiverServerRatis 77d385a9-4ef0-49b0-a825-0af72e1af87e is started using port 44795 for RATIS_ADMIN
2023-05-03 09:48:32,773 [EndpointStateMachine task thread for /0.0.0.0:42673 - 0 ] INFO  ratis.XceiverServerRatis (XceiverServerRatis.java:getRealPort(543)) - XceiverServerRatis 77d385a9-4ef0-49b0-a825-0af72e1af87e is started using port 44795 for RATIS_SERVER
2023-05-03 09:48:32,773 [EndpointStateMachine task thread for /0.0.0.0:42673 - 0 ] INFO  ratis.XceiverServerRatis (XceiverServerRatis.java:getRealPort(543)) - XceiverServerRatis 77d385a9-4ef0-49b0-a825-0af72e1af87e is started using port 44383 for RATIS_DATASTREAM
2023-05-03 09:48:32,773 [JvmPauseMonitor21] INFO  util.JvmPauseMonitor (JvmPauseMonitor.java:run(105)) - JvmPauseMonitor-77d385a9-4ef0-49b0-a825-0af72e1af87e: Started
2023-05-03 09:48:32,779 [EndpointStateMachine task thread for /0.0.0.0:42673 - 0 ] INFO  server.XceiverServerGrpc (XceiverServerGrpc.java:start(180)) - XceiverServerGrpc 77d385a9-4ef0-49b0-a825-0af72e1af87e is started using port 41981
2023-05-03 09:48:32,779 [BlockDeletingService#0] INFO  interfaces.ContainerDeletionChoosingPolicyTemplate (ContainerDeletionChoosingPolicyTemplate.java:chooseContainerForBlockDeletion(83)) - Chosen 0/5000 blocks from 0 candidate containers.
2023-05-03 09:48:33,098 [EndpointStateMachine task thread for /0.0.0.0:42673 - 0 ] INFO  utils.DatanodeStoreCache (DatanodeStoreCache.java:addDB(58)) - Added db /home/runner/work/ozone/ozone/hadoop-ozone/integration-test/target/test-dir/MiniOzoneClusterImpl-58229684-5176-44ea-993d-1afc6db8e6af/datanode-1/data-0/containers/hdds/58229684-5176-44ea-993d-1afc6db8e6af/DS-d8c81389-4278-4df2-baf2-82e5e5f776e6/container.db to cache
2023-05-03 09:48:33,098 [EndpointStateMachine task thread for /0.0.0.0:42673 - 0 ] INFO  volume.HddsVolume (HddsVolume.java:createDbStore(350)) - SchemaV3 db is created and loaded at /home/runner/work/ozone/ozone/hadoop-ozone/integration-test/target/test-dir/MiniOzoneClusterImpl-58229684-5176-44ea-993d-1afc6db8e6af/datanode-1/data-0/containers/hdds/58229684-5176-44ea-993d-1afc6db8e6af/DS-d8c81389-4278-4df2-baf2-82e5e5f776e6/container.db for volume DS-d8c81389-4278-4df2-baf2-82e5e5f776e6
2023-05-03 09:48:33,098 [EndpointStateMachine task thread for /0.0.0.0:42673 - 0 ] INFO  ozoneimpl.OzoneContainer (OzoneContainer.java:start(397)) - Attempting to start container services.
2023-05-03 09:48:33,099 [EndpointStateMachine task thread for /0.0.0.0:42673 - 0 ] INFO  ozoneimpl.OzoneContainer (OzoneContainer.java:startContainerScrub(314)) - Scheduled background container scanners and the on-demand container scanner have been disabled.
2023-05-03 09:48:33,100 [EndpointStateMachine task thread for /0.0.0.0:42673 - 0 ] INFO  replication.ReplicationServer (ReplicationServer.java:start(109)) - ReplicationServer is started using port 46591
2023-05-03 09:48:33,100 [EndpointStateMachine task thread for /0.0.0.0:42673 - 0 ] INFO  ratis.XceiverServerRatis (XceiverServerRatis.java:start(517)) - Starting XceiverServerRatis f5646e00-f755-4a84-81c0-28301c6d3dcd
2023-05-03 09:48:33,101 [EndpointStateMachine task thread for /0.0.0.0:42673 - 0 ] INFO  server.RaftServer (RaftServerProxy.java:startImpl(393)) - f5646e00-f755-4a84-81c0-28301c6d3dcd: start RPC server
2023-05-03 09:48:33,103 [EndpointStateMachine task thread for /0.0.0.0:42673 - 0 ] INFO  server.GrpcService (GrpcService.java:startImpl(262)) - f5646e00-f755-4a84-81c0-28301c6d3dcd: GrpcService started, listening on 34301
2023-05-03 09:48:33,103 [EndpointStateMachine task thread for /0.0.0.0:42673 - 0 ] INFO  ratis.XceiverServerRatis (XceiverServerRatis.java:getRealPort(543)) - XceiverServerRatis f5646e00-f755-4a84-81c0-28301c6d3dcd is started using port 34301 for RATIS
2023-05-03 09:48:33,103 [EndpointStateMachine task thread for /0.0.0.0:42673 - 0 ] INFO  ratis.XceiverServerRatis (XceiverServerRatis.java:getRealPort(543)) - XceiverServerRatis f5646e00-f755-4a84-81c0-28301c6d3dcd is started using port 34301 for RATIS_ADMIN
2023-05-03 09:48:33,103 [JvmPauseMonitor22] INFO  util.JvmPauseMonitor (JvmPauseMonitor.java:run(105)) - JvmPauseMonitor-f5646e00-f755-4a84-81c0-28301c6d3dcd: Started
2023-05-03 09:48:33,103 [EndpointStateMachine task thread for /0.0.0.0:42673 - 0 ] INFO  ratis.XceiverServerRatis (XceiverServerRatis.java:getRealPort(543)) - XceiverServerRatis f5646e00-f755-4a84-81c0-28301c6d3dcd is started using port 34301 for RATIS_SERVER
2023-05-03 09:48:33,105 [EndpointStateMachine task thread for /0.0.0.0:42673 - 0 ] INFO  ratis.XceiverServerRatis (XceiverServerRatis.java:getRealPort(543)) - XceiverServerRatis f5646e00-f755-4a84-81c0-28301c6d3dcd is started using port 43451 for RATIS_DATASTREAM
2023-05-03 09:48:33,106 [EndpointStateMachine task thread for /0.0.0.0:42673 - 0 ] INFO  server.XceiverServerGrpc (XceiverServerGrpc.java:start(180)) - XceiverServerGrpc f5646e00-f755-4a84-81c0-28301c6d3dcd is started using port 39855
2023-05-03 09:48:33,106 [BlockDeletingService#0] INFO  interfaces.ContainerDeletionChoosingPolicyTemplate (ContainerDeletionChoosingPolicyTemplate.java:chooseContainerForBlockDeletion(83)) - Chosen 0/5000 blocks from 0 candidate containers.
2023-05-03 09:48:33,387 [Listener at 127.0.0.1/43067] INFO  ozone.MiniOzoneClusterImpl (MiniOzoneClusterImpl.java:lambda$waitForClusterToBeReady$0(223)) - Waiting for nodes to be ready. Got 0 of 3 DN Heartbeats.
2023-05-03 09:48:33,387 [Listener at 127.0.0.1/43067] INFO  ozone.MiniOzoneClusterImpl (MiniOzoneClusterImpl.java:lambda$waitForClusterToBeReady$0(226)) - Waiting for cluster to exit safe mode
2023-05-03 09:48:33,387 [Listener at 127.0.0.1/43067] INFO  ozone.MiniOzoneClusterImpl (MiniOzoneClusterImpl.java:lambda$waitForClusterToBeReady$0(228)) - SCM became leader
2023-05-03 09:48:33,414 [EndpointStateMachine task thread for /0.0.0.0:42673 - 0 ] INFO  utils.DatanodeStoreCache (DatanodeStoreCache.java:addDB(58)) - Added db /home/runner/work/ozone/ozone/hadoop-ozone/integration-test/target/test-dir/MiniOzoneClusterImpl-58229684-5176-44ea-993d-1afc6db8e6af/datanode-2/data-0/containers/hdds/58229684-5176-44ea-993d-1afc6db8e6af/DS-ec01ad98-628c-470c-8e31-c1fef741ae31/container.db to cache
2023-05-03 09:48:33,414 [EndpointStateMachine task thread for /0.0.0.0:42673 - 0 ] INFO  volume.HddsVolume (HddsVolume.java:createDbStore(350)) - SchemaV3 db is created and loaded at /home/runner/work/ozone/ozone/hadoop-ozone/integration-test/target/test-dir/MiniOzoneClusterImpl-58229684-5176-44ea-993d-1afc6db8e6af/datanode-2/data-0/containers/hdds/58229684-5176-44ea-993d-1afc6db8e6af/DS-ec01ad98-628c-470c-8e31-c1fef741ae31/container.db for volume DS-ec01ad98-628c-470c-8e31-c1fef741ae31
2023-05-03 09:48:33,414 [EndpointStateMachine task thread for /0.0.0.0:42673 - 0 ] INFO  ozoneimpl.OzoneContainer (OzoneContainer.java:start(397)) - Attempting to start container services.
2023-05-03 09:48:33,414 [EndpointStateMachine task thread for /0.0.0.0:42673 - 0 ] INFO  ozoneimpl.OzoneContainer (OzoneContainer.java:startContainerScrub(314)) - Scheduled background container scanners and the on-demand container scanner have been disabled.
2023-05-03 09:48:33,415 [EndpointStateMachine task thread for /0.0.0.0:42673 - 0 ] INFO  replication.ReplicationServer (ReplicationServer.java:start(109)) - ReplicationServer is started using port 42101
2023-05-03 09:48:33,415 [EndpointStateMachine task thread for /0.0.0.0:42673 - 0 ] INFO  ratis.XceiverServerRatis (XceiverServerRatis.java:start(517)) - Starting XceiverServerRatis e11e6016-9f4c-4443-9608-a269a8403abb
2023-05-03 09:48:33,416 [EndpointStateMachine task thread for /0.0.0.0:42673 - 0 ] INFO  server.RaftServer (RaftServerProxy.java:startImpl(393)) - e11e6016-9f4c-4443-9608-a269a8403abb: start RPC server
2023-05-03 09:48:33,417 [EndpointStateMachine task thread for /0.0.0.0:42673 - 0 ] INFO  server.GrpcService (GrpcService.java:startImpl(262)) - e11e6016-9f4c-4443-9608-a269a8403abb: GrpcService started, listening on 41061
2023-05-03 09:48:33,417 [EndpointStateMachine task thread for /0.0.0.0:42673 - 0 ] INFO  ratis.XceiverServerRatis (XceiverServerRatis.java:getRealPort(543)) - XceiverServerRatis e11e6016-9f4c-4443-9608-a269a8403abb is started using port 41061 for RATIS
2023-05-03 09:48:33,417 [EndpointStateMachine task thread for /0.0.0.0:42673 - 0 ] INFO  ratis.XceiverServerRatis (XceiverServerRatis.java:getRealPort(543)) - XceiverServerRatis e11e6016-9f4c-4443-9608-a269a8403abb is started using port 41061 for RATIS_ADMIN
2023-05-03 09:48:33,417 [JvmPauseMonitor23] INFO  util.JvmPauseMonitor (JvmPauseMonitor.java:run(105)) - JvmPauseMonitor-e11e6016-9f4c-4443-9608-a269a8403abb: Started
2023-05-03 09:48:33,417 [EndpointStateMachine task thread for /0.0.0.0:42673 - 0 ] INFO  ratis.XceiverServerRatis (XceiverServerRatis.java:getRealPort(543)) - XceiverServerRatis e11e6016-9f4c-4443-9608-a269a8403abb is started using port 41061 for RATIS_SERVER
2023-05-03 09:48:33,417 [EndpointStateMachine task thread for /0.0.0.0:42673 - 0 ] INFO  ratis.XceiverServerRatis (XceiverServerRatis.java:getRealPort(543)) - XceiverServerRatis e11e6016-9f4c-4443-9608-a269a8403abb is started using port 43361 for RATIS_DATASTREAM
2023-05-03 09:48:33,419 [EndpointStateMachine task thread for /0.0.0.0:42673 - 0 ] INFO  server.XceiverServerGrpc (XceiverServerGrpc.java:start(180)) - XceiverServerGrpc e11e6016-9f4c-4443-9608-a269a8403abb is started using port 34397
2023-05-03 09:48:33,419 [BlockDeletingService#0] INFO  interfaces.ContainerDeletionChoosingPolicyTemplate (ContainerDeletionChoosingPolicyTemplate.java:chooseContainerForBlockDeletion(83)) - Chosen 0/5000 blocks from 0 candidate containers.
2023-05-03 09:48:34,388 [Listener at 127.0.0.1/43067] INFO  ozone.MiniOzoneClusterImpl (MiniOzoneClusterImpl.java:lambda$waitForClusterToBeReady$0(223)) - Waiting for nodes to be ready. Got 0 of 3 DN Heartbeats.
2023-05-03 09:48:34,388 [Listener at 127.0.0.1/43067] INFO  ozone.MiniOzoneClusterImpl (MiniOzoneClusterImpl.java:lambda$waitForClusterToBeReady$0(226)) - Waiting for cluster to exit safe mode
2023-05-03 09:48:34,388 [Listener at 127.0.0.1/43067] INFO  ozone.MiniOzoneClusterImpl (MiniOzoneClusterImpl.java:lambda$waitForClusterToBeReady$0(228)) - SCM became leader
2023-05-03 09:48:34,734 [IPC Server handler 0 on default port 42673] INFO  net.NetworkTopologyImpl (NetworkTopologyImpl.java:add(112)) - Added a new node: /default-rack/77d385a9-4ef0-49b0-a825-0af72e1af87e
2023-05-03 09:48:34,735 [IPC Server handler 0 on default port 42673] INFO  node.SCMNodeManager (SCMNodeManager.java:register(407)) - Registered Data node : 77d385a9-4ef0-49b0-a825-0af72e1af87e{ip: 10.1.0.194, host: fv-az139-793.t0dryja4c43urhy2nvp0adewnd.cx.internal.cloudapp.net, ports: [HTTP=36835, REPLICATION=41671, RATIS=44795, RATIS_ADMIN=44795, RATIS_SERVER=44795, RATIS_DATASTREAM=44383, STANDALONE=41981], networkLocation: /default-rack, certSerialId: null, persistedOpState: null, persistedOpStateExpiryEpochSec: 0}
2023-05-03 09:48:34,737 [EventQueue-NodeRegistrationContainerReportForDataNodeSafeModeRule] INFO  safemode.SCMSafeModeManager (DataNodeSafeModeRule.java:process(71)) - SCM in safe mode. 1 DataNodes registered, 3 required.
2023-05-03 09:48:34,737 [EventQueue-NodeRegistrationContainerReportForContainerSafeModeRule] INFO  safemode.SCMSafeModeManager (SCMSafeModeManager.java:validateSafeModeExitRules(200)) - ContainerSafeModeRule rule is successfully validated
2023-05-03 09:48:34,741 [EventQueue-NewNodeForNewNodeHandler] INFO  pipeline.BackgroundPipelineCreator (BackgroundPipelineCreator.java:notifyEventTriggered(276)) - trigger a one-shot run on RatisPipelineUtilsThread.
2023-05-03 09:48:34,741 [RatisPipelineUtilsThread - 0] INFO  pipeline.RatisPipelineProvider (RatisPipelineProvider.java:lambda$create$0(206)) - Sending CreatePipelineCommand for pipeline:PipelineID=1fdcf3c2-e48c-41b9-b518-8d66bdba0460 to datanode:77d385a9-4ef0-49b0-a825-0af72e1af87e
2023-05-03 09:48:34,741 [EventQueue-PipelineReportForOneReplicaPipelineSafeModeRule] INFO  safemode.SCMSafeModeManager (SCMSafeModeManager.java:validateSafeModeExitRules(200)) - AtleastOneDatanodeReportedRule rule is successfully validated
2023-05-03 09:48:34,742 [RatisPipelineUtilsThread - 0] INFO  pipeline.PipelineStateManagerImpl (PipelineStateManagerImpl.java:addPipeline(103)) - Created pipeline Pipeline[ Id: 1fdcf3c2-e48c-41b9-b518-8d66bdba0460, Nodes: 77d385a9-4ef0-49b0-a825-0af72e1af87e(fv-az139-793.t0dryja4c43urhy2nvp0adewnd.cx.internal.cloudapp.net/10.1.0.194), ReplicationConfig: RATIS/ONE, State:ALLOCATED, leaderId:, CreationTimestamp2023-05-03T09:48:34.741Z[Etc/UTC]].
2023-05-03 09:48:35,072 [IPC Server handler 1 on default port 42673] INFO  net.NetworkTopologyImpl (NetworkTopologyImpl.java:add(112)) - Added a new node: /default-rack/f5646e00-f755-4a84-81c0-28301c6d3dcd
2023-05-03 09:48:35,073 [IPC Server handler 1 on default port 42673] INFO  node.SCMNodeManager (SCMNodeManager.java:register(407)) - Registered Data node : f5646e00-f755-4a84-81c0-28301c6d3dcd{ip: 10.1.0.194, host: fv-az139-793.t0dryja4c43urhy2nvp0adewnd.cx.internal.cloudapp.net, ports: [HTTP=43765, REPLICATION=46591, RATIS=34301, RATIS_ADMIN=34301, RATIS_SERVER=34301, RATIS_DATASTREAM=43451, STANDALONE=39855], networkLocation: /default-rack, certSerialId: null, persistedOpState: null, persistedOpStateExpiryEpochSec: 0}
2023-05-03 09:48:35,074 [EventQueue-NodeRegistrationContainerReportForDataNodeSafeModeRule] INFO  safemode.SCMSafeModeManager (DataNodeSafeModeRule.java:process(71)) - SCM in safe mode. 2 DataNodes registered, 3 required.
2023-05-03 09:48:35,075 [EventQueue-NewNodeForNewNodeHandler] INFO  pipeline.BackgroundPipelineCreator (BackgroundPipelineCreator.java:notifyEventTriggered(276)) - trigger a one-shot run on RatisPipelineUtilsThread.
2023-05-03 09:48:35,075 [RatisPipelineUtilsThread - 0] INFO  pipeline.RatisPipelineProvider (RatisPipelineProvider.java:lambda$create$0(206)) - Sending CreatePipelineCommand for pipeline:PipelineID=ec438597-dca4-4518-8467-f4101502c6b0 to datanode:f5646e00-f755-4a84-81c0-28301c6d3dcd
2023-05-03 09:48:35,076 [RatisPipelineUtilsThread - 0] INFO  pipeline.PipelineStateManagerImpl (PipelineStateManagerImpl.java:addPipeline(103)) - Created pipeline Pipeline[ Id: ec438597-dca4-4518-8467-f4101502c6b0, Nodes: f5646e00-f755-4a84-81c0-28301c6d3dcd(fv-az139-793.t0dryja4c43urhy2nvp0adewnd.cx.internal.cloudapp.net/10.1.0.194), ReplicationConfig: RATIS/ONE, State:ALLOCATED, leaderId:, CreationTimestamp2023-05-03T09:48:35.075Z[Etc/UTC]].
2023-05-03 09:48:35,388 [Listener at 127.0.0.1/43067] INFO  ozone.MiniOzoneClusterImpl (MiniOzoneClusterImpl.java:lambda$waitForClusterToBeReady$0(223)) - Waiting for nodes to be ready. Got 2 of 3 DN Heartbeats.
2023-05-03 09:48:35,388 [Listener at 127.0.0.1/43067] INFO  ozone.MiniOzoneClusterImpl (MiniOzoneClusterImpl.java:lambda$waitForClusterToBeReady$0(226)) - Waiting for cluster to exit safe mode
2023-05-03 09:48:35,388 [Listener at 127.0.0.1/43067] INFO  ozone.MiniOzoneClusterImpl (MiniOzoneClusterImpl.java:lambda$waitForClusterToBeReady$0(228)) - SCM became leader
2023-05-03 09:48:35,388 [IPC Server handler 2 on default port 42673] INFO  net.NetworkTopologyImpl (NetworkTopologyImpl.java:add(112)) - Added a new node: /default-rack/e11e6016-9f4c-4443-9608-a269a8403abb
2023-05-03 09:48:35,388 [IPC Server handler 2 on default port 42673] INFO  node.SCMNodeManager (SCMNodeManager.java:register(407)) - Registered Data node : e11e6016-9f4c-4443-9608-a269a8403abb{ip: 10.1.0.194, host: fv-az139-793.t0dryja4c43urhy2nvp0adewnd.cx.internal.cloudapp.net, ports: [HTTP=36579, REPLICATION=42101, RATIS=41061, RATIS_ADMIN=41061, RATIS_SERVER=41061, RATIS_DATASTREAM=43361, STANDALONE=34397], networkLocation: /default-rack, certSerialId: null, persistedOpState: null, persistedOpStateExpiryEpochSec: 0}
2023-05-03 09:48:35,389 [EventQueue-NodeRegistrationContainerReportForDataNodeSafeModeRule] INFO  safemode.SCMSafeModeManager (DataNodeSafeModeRule.java:process(71)) - SCM in safe mode. 3 DataNodes registered, 3 required.
2023-05-03 09:48:35,389 [EventQueue-NodeRegistrationContainerReportForDataNodeSafeModeRule] INFO  safemode.SCMSafeModeManager (SCMSafeModeManager.java:validateSafeModeExitRules(200)) - DataNodeSafeModeRule rule is successfully validated
2023-05-03 09:48:35,389 [EventQueue-NodeRegistrationContainerReportForDataNodeSafeModeRule] INFO  safemode.SCMSafeModeManager (SCMSafeModeManager.java:completePreCheck(229)) - All SCM safe mode pre check rules have passed
2023-05-03 09:48:35,389 [EventQueue-NodeRegistrationContainerReportForDataNodeSafeModeRule] INFO  ha.SCMContext (SCMContext.java:updateSafeModeStatus(228)) - Update SafeModeStatus from SafeModeStatus{safeModeStatus=true, preCheckPassed=false} to SafeModeStatus{safeModeStatus=true, preCheckPassed=true}.
2023-05-03 09:48:35,389 [EventQueue-NodeRegistrationContainerReportForDataNodeSafeModeRule] INFO  pipeline.BackgroundPipelineCreator (BackgroundPipelineCreator.java:notifyEventTriggered(276)) - trigger a one-shot run on RatisPipelineUtilsThread.
2023-05-03 09:48:35,390 [EventQueue-NewNodeForNewNodeHandler] INFO  pipeline.BackgroundPipelineCreator (BackgroundPipelineCreator.java:notifyEventTriggered(276)) - trigger a one-shot run on RatisPipelineUtilsThread.
2023-05-03 09:48:35,390 [RatisPipelineUtilsThread - 0] INFO  pipeline.RatisPipelineProvider (RatisPipelineProvider.java:lambda$create$0(206)) - Sending CreatePipelineCommand for pipeline:PipelineID=ec5c3514-42f2-4f45-a105-ae4fcd8c1b2d to datanode:e11e6016-9f4c-4443-9608-a269a8403abb
2023-05-03 09:48:35,390 [RatisPipelineUtilsThread - 0] INFO  pipeline.PipelineStateManagerImpl (PipelineStateManagerImpl.java:addPipeline(103)) - Created pipeline Pipeline[ Id: ec5c3514-42f2-4f45-a105-ae4fcd8c1b2d, Nodes: e11e6016-9f4c-4443-9608-a269a8403abb(fv-az139-793.t0dryja4c43urhy2nvp0adewnd.cx.internal.cloudapp.net/10.1.0.194), ReplicationConfig: RATIS/ONE, State:ALLOCATED, leaderId:, CreationTimestamp2023-05-03T09:48:35.390Z[Etc/UTC]].
2023-05-03 09:48:35,391 [RatisPipelineUtilsThread - 0] INFO  pipeline.RatisPipelineProvider (RatisPipelineProvider.java:lambda$create$0(206)) - Sending CreatePipelineCommand for pipeline:PipelineID=455589cd-2844-4794-b6cc-af2f860f9e56 to datanode:77d385a9-4ef0-49b0-a825-0af72e1af87e
2023-05-03 09:48:35,391 [RatisPipelineUtilsThread - 0] INFO  pipeline.RatisPipelineProvider (RatisPipelineProvider.java:lambda$create$0(206)) - Sending CreatePipelineCommand for pipeline:PipelineID=455589cd-2844-4794-b6cc-af2f860f9e56 to datanode:e11e6016-9f4c-4443-9608-a269a8403abb
2023-05-03 09:48:35,391 [RatisPipelineUtilsThread - 0] INFO  pipeline.RatisPipelineProvider (RatisPipelineProvider.java:lambda$create$0(206)) - Sending CreatePipelineCommand for pipeline:PipelineID=455589cd-2844-4794-b6cc-af2f860f9e56 to datanode:f5646e00-f755-4a84-81c0-28301c6d3dcd
2023-05-03 09:48:35,391 [RatisPipelineUtilsThread - 0] INFO  pipeline.PipelineStateManagerImpl (PipelineStateManagerImpl.java:addPipeline(103)) - Created pipeline Pipeline[ Id: 455589cd-2844-4794-b6cc-af2f860f9e56, Nodes: 77d385a9-4ef0-49b0-a825-0af72e1af87e(fv-az139-793.t0dryja4c43urhy2nvp0adewnd.cx.internal.cloudapp.net/10.1.0.194)e11e6016-9f4c-4443-9608-a269a8403abb(fv-az139-793.t0dryja4c43urhy2nvp0adewnd.cx.internal.cloudapp.net/10.1.0.194)f5646e00-f755-4a84-81c0-28301c6d3dcd(fv-az139-793.t0dryja4c43urhy2nvp0adewnd.cx.internal.cloudapp.net/10.1.0.194), ReplicationConfig: RATIS/THREE, State:ALLOCATED, leaderId:, CreationTimestamp2023-05-03T09:48:35.391Z[Etc/UTC]].
2023-05-03 09:48:35,392 [RatisPipelineUtilsThread - 0] INFO  pipeline.RatisPipelineProvider (RatisPipelineProvider.java:lambda$create$0(206)) - Sending CreatePipelineCommand for pipeline:PipelineID=e72af45b-f28a-427f-8f25-561892fd82fe to datanode:77d385a9-4ef0-49b0-a825-0af72e1af87e
2023-05-03 09:48:35,392 [RatisPipelineUtilsThread - 0] INFO  pipeline.RatisPipelineProvider (RatisPipelineProvider.java:lambda$create$0(206)) - Sending CreatePipelineCommand for pipeline:PipelineID=e72af45b-f28a-427f-8f25-561892fd82fe to datanode:e11e6016-9f4c-4443-9608-a269a8403abb
2023-05-03 09:48:35,392 [RatisPipelineUtilsThread - 0] INFO  pipeline.RatisPipelineProvider (RatisPipelineProvider.java:lambda$create$0(206)) - Sending CreatePipelineCommand for pipeline:PipelineID=e72af45b-f28a-427f-8f25-561892fd82fe to datanode:f5646e00-f755-4a84-81c0-28301c6d3dcd
2023-05-03 09:48:35,392 [RatisPipelineUtilsThread - 0] INFO  pipeline.PipelineStateManagerImpl (PipelineStateManagerImpl.java:addPipeline(103)) - Created pipeline Pipeline[ Id: e72af45b-f28a-427f-8f25-561892fd82fe, Nodes: 77d385a9-4ef0-49b0-a825-0af72e1af87e(fv-az139-793.t0dryja4c43urhy2nvp0adewnd.cx.internal.cloudapp.net/10.1.0.194)e11e6016-9f4c-4443-9608-a269a8403abb(fv-az139-793.t0dryja4c43urhy2nvp0adewnd.cx.internal.cloudapp.net/10.1.0.194)f5646e00-f755-4a84-81c0-28301c6d3dcd(fv-az139-793.t0dryja4c43urhy2nvp0adewnd.cx.internal.cloudapp.net/10.1.0.194), ReplicationConfig: RATIS/THREE, State:ALLOCATED, leaderId:, CreationTimestamp2023-05-03T09:48:35.392Z[Etc/UTC]].
2023-05-03 09:48:35,392 [RatisPipelineUtilsThread - 0] INFO  pipeline.PipelineManagerImpl (PipelineManagerImpl.java:recordMetricsForPipeline(826)) - Pipeline: PipelineID=e72af45b-f28a-427f-8f25-561892fd82fe contains same datanodes as previous pipelines: PipelineID=455589cd-2844-4794-b6cc-af2f860f9e56 nodeIds: 77d385a9-4ef0-49b0-a825-0af72e1af87e, e11e6016-9f4c-4443-9608-a269a8403abb, f5646e00-f755-4a84-81c0-28301c6d3dcd
2023-05-03 09:48:35,392 [RatisPipelineUtilsThread - 0] WARN  pipeline.PipelinePlacementPolicy (PipelinePlacementPolicy.java:filterViableNodes(160)) - Pipeline creation failed due to no sufficient healthy datanodes. Required 3. Found 0. Excluded 3.
2023-05-03 09:48:35,393 [RatisPipelineUtilsThread - 0] WARN  pipeline.PipelinePlacementPolicy (PipelinePlacementPolicy.java:filterViableNodes(160)) - Pipeline creation failed due to no sufficient healthy datanodes. Required 3. Found 0. Excluded 3.
2023-05-03 09:48:36,388 [Listener at 127.0.0.1/43067] INFO  ozone.MiniOzoneClusterImpl (MiniOzoneClusterImpl.java:lambda$waitForClusterToBeReady$0(223)) - Nodes are ready. Got 3 of 3 DN Heartbeats.
2023-05-03 09:48:36,389 [Listener at 127.0.0.1/43067] INFO  ozone.MiniOzoneClusterImpl (MiniOzoneClusterImpl.java:lambda$waitForClusterToBeReady$0(226)) - Waiting for cluster to exit safe mode
2023-05-03 09:48:36,389 [Listener at 127.0.0.1/43067] INFO  ozone.MiniOzoneClusterImpl (MiniOzoneClusterImpl.java:lambda$waitForClusterToBeReady$0(228)) - SCM became leader
2023-05-03 09:48:37,389 [Listener at 127.0.0.1/43067] INFO  ozone.MiniOzoneClusterImpl (MiniOzoneClusterImpl.java:lambda$waitForClusterToBeReady$0(223)) - Nodes are ready. Got 3 of 3 DN Heartbeats.
2023-05-03 09:48:37,389 [Listener at 127.0.0.1/43067] INFO  ozone.MiniOzoneClusterImpl (MiniOzoneClusterImpl.java:lambda$waitForClusterToBeReady$0(226)) - Waiting for cluster to exit safe mode
2023-05-03 09:48:37,389 [Listener at 127.0.0.1/43067] INFO  ozone.MiniOzoneClusterImpl (MiniOzoneClusterImpl.java:lambda$waitForClusterToBeReady$0(228)) - SCM became leader
2023-05-03 09:48:37,734 [Command processor thread] INFO  server.RaftServer (RaftServerProxy.java:addNew(96)) - 77d385a9-4ef0-49b0-a825-0af72e1af87e: addNew group-8D66BDBA0460:[77d385a9-4ef0-49b0-a825-0af72e1af87e|rpc:10.1.0.194:44795|dataStream:10.1.0.194:44383|priority:1|startupRole:FOLLOWER] returns group-8D66BDBA0460:java.util.concurrent.CompletableFuture@4913ba90[Not completed]
2023-05-03 09:48:37,735 [pool-928-thread-1] INFO  server.RaftServer$Division (RaftServerImpl.java:<init>(195)) - 77d385a9-4ef0-49b0-a825-0af72e1af87e: new RaftServerImpl for group-8D66BDBA0460:[77d385a9-4ef0-49b0-a825-0af72e1af87e|rpc:10.1.0.194:44795|dataStream:10.1.0.194:44383|priority:1|startupRole:FOLLOWER] with ContainerStateMachine:uninitialized
2023-05-03 09:48:37,736 [pool-928-thread-1] INFO  server.RaftServerConfigKeys (ConfUtils.java:logGet(46)) - raft.server.rpc.timeout.min = 5s (custom)
2023-05-03 09:48:37,736 [pool-928-thread-1] INFO  server.RaftServerConfigKeys (ConfUtils.java:logGet(46)) - raft.server.rpc.timeout.max = 5200ms (custom)
2023-05-03 09:48:37,736 [pool-928-thread-1] INFO  server.RaftServerConfigKeys (ConfUtils.java:logGet(46)) - raft.server.rpc.sleep.time = 25ms (default)
2023-05-03 09:48:37,736 [pool-928-thread-1] INFO  server.RaftServerConfigKeys (ConfUtils.java:logGet(46)) - raft.server.rpc.slowness.timeout = 300s (custom)
2023-05-03 09:48:37,736 [pool-928-thread-1] INFO  server.RaftServerConfigKeys (ConfUtils.java:logGet(46)) - raft.server.leaderelection.leader.step-down.wait-time = 10s (default)
2023-05-03 09:48:37,736 [pool-928-thread-1] INFO  server.RaftServerConfigKeys (ConfUtils.java:logGet(46)) - raft.server.sleep.deviation.threshold = 300ms (default)
2023-05-03 09:48:37,736 [pool-928-thread-1] INFO  server.RaftServer$Division (ServerState.java:<init>(118)) - 77d385a9-4ef0-49b0-a825-0af72e1af87e@group-8D66BDBA0460: ConfigurationManager, init=-1: peers:[77d385a9-4ef0-49b0-a825-0af72e1af87e|rpc:10.1.0.194:44795|dataStream:10.1.0.194:44383|priority:1|startupRole:FOLLOWER]|listeners:[], old=null, confs=<EMPTY_MAP>
2023-05-03 09:48:37,736 [pool-928-thread-1] INFO  server.RaftServerConfigKeys (ConfUtils.java:logGet(46)) - raft.server.storage.dir = [/home/runner/work/ozone/ozone/hadoop-ozone/integration-test/target/test-dir/MiniOzoneClusterImpl-58229684-5176-44ea-993d-1afc6db8e6af/datanode-0/data/ratis] (custom)
2023-05-03 09:48:37,736 [pool-928-thread-1] INFO  server.RaftServerConfigKeys (ConfUtils.java:logGet(46)) - raft.server.log.corruption.policy = EXCEPTION (default)
2023-05-03 09:48:37,736 [pool-928-thread-1] INFO  server.RaftServerConfigKeys (ConfUtils.java:logGet(46)) - raft.server.storage.free-space.min = 0MB (=0) (default)
2023-05-03 09:48:37,736 [pool-928-thread-1] INFO  server.RaftServerConfigKeys (ConfUtils.java:logGet(46)) - raft.server.notification.no-leader.timeout = 300s (custom)
2023-05-03 09:48:37,736 [pool-928-thread-1] INFO  server.RaftServerConfigKeys (ConfUtils.java:logGet(46)) - raft.server.retrycache.expirytime = 600000ms (custom)
2023-05-03 09:48:37,736 [pool-928-thread-1] INFO  server.RaftServerConfigKeys (ConfUtils.java:logGet(46)) - raft.server.retrycache.statistics.expirytime = 100μs (default)
2023-05-03 09:48:37,737 [pool-928-thread-1] INFO  server.RaftServerConfigKeys (ConfUtils.java:logGet(46)) - raft.server.log.appender.install.snapshot.enabled = false (custom)
2023-05-03 09:48:37,737 [pool-928-thread-1] INFO  server.RaftServerConfigKeys (ConfUtils.java:logGet(46)) - raft.server.threadpool.server.cached = true (default)
2023-05-03 09:48:37,737 [pool-928-thread-1] INFO  server.RaftServerConfigKeys (ConfUtils.java:logGet(46)) - raft.server.threadpool.server.size = 0 (default)
2023-05-03 09:48:37,737 [pool-928-thread-1] INFO  server.RaftServerConfigKeys (ConfUtils.java:logGet(46)) - raft.server.threadpool.client.cached = true (default)
2023-05-03 09:48:37,737 [pool-928-thread-1] INFO  server.RaftServerConfigKeys (ConfUtils.java:logGet(46)) - raft.server.threadpool.client.size = 0 (default)
2023-05-03 09:48:37,737 [pool-928-thread-1] INFO  storage.RaftStorageDirectory (RaftStorageDirectoryImpl.java:analyzeStorage(137)) - The storage directory /home/runner/work/ozone/ozone/hadoop-ozone/integration-test/target/test-dir/MiniOzoneClusterImpl-58229684-5176-44ea-993d-1afc6db8e6af/datanode-0/data/ratis/1fdcf3c2-e48c-41b9-b518-8d66bdba0460 does not exist. Creating ...
2023-05-03 09:48:37,739 [pool-928-thread-1] INFO  storage.RaftStorageDirectory (RaftStorageDirectoryImpl.java:tryLock(231)) - Lock on /home/runner/work/ozone/ozone/hadoop-ozone/integration-test/target/test-dir/MiniOzoneClusterImpl-58229684-5176-44ea-993d-1afc6db8e6af/datanode-0/data/ratis/1fdcf3c2-e48c-41b9-b518-8d66bdba0460/in_use.lock acquired by nodename 7780@fv-az139-793
2023-05-03 09:48:37,740 [pool-928-thread-1] INFO  storage.RaftStorage (RaftStorageImpl.java:format(96)) - Storage directory /home/runner/work/ozone/ozone/hadoop-ozone/integration-test/target/test-dir/MiniOzoneClusterImpl-58229684-5176-44ea-993d-1afc6db8e6af/datanode-0/data/ratis/1fdcf3c2-e48c-41b9-b518-8d66bdba0460 has been successfully formatted.
2023-05-03 09:48:37,741 [pool-928-thread-1] INFO  ratis.ContainerStateMachine (ContainerStateMachine.java:loadSnapshot(262)) - group-8D66BDBA0460: The snapshot info is null. Setting the last applied indexto:(t:0, i:~)
2023-05-03 09:48:37,741 [pool-928-thread-1] INFO  server.RaftServerConfigKeys (ConfUtils.java:logGet(46)) - raft.server.log.use.memory = false (default)
2023-05-03 09:48:37,741 [pool-928-thread-1] INFO  server.RaftServerConfigKeys (ConfUtils.java:logGet(46)) - raft.server.log.purge.gap = 1000000 (custom)
2023-05-03 09:48:37,741 [pool-928-thread-1] INFO  server.RaftServerConfigKeys (ConfUtils.java:logGet(46)) - raft.server.log.appender.buffer.byte-limit = 33554432 (custom)
2023-05-03 09:48:37,741 [pool-928-thread-1] INFO  server.RaftServerConfigKeys (ConfUtils.java:logGet(46)) - raft.server.log.statemachine.data.read.timeout = 1000ms (default)
2023-05-03 09:48:37,744 [pool-928-thread-1] INFO  server.RaftServerConfigKeys (ConfUtils.java:logGet(46)) - raft.server.log.purge.preservation.log.num = 0 (default)
2023-05-03 09:48:37,744 [pool-928-thread-1] INFO  server.RaftServerConfigKeys (ConfUtils.java:logGet(46)) - raft.server.log.segment.size.max = 1048576 (custom)
2023-05-03 09:48:37,744 [pool-928-thread-1] INFO  server.RaftServerConfigKeys (ConfUtils.java:logGet(46)) - raft.server.log.segment.cache.num.max = 2 (custom)
2023-05-03 09:48:37,744 [pool-928-thread-1] INFO  server.RaftServerConfigKeys (ConfUtils.java:logGet(46)) - raft.server.log.segment.cache.size.max = 200MB (=209715200) (default)
2023-05-03 09:48:37,744 [pool-928-thread-1] INFO  segmented.SegmentedRaftLogWorker (SegmentedRaftLogWorker.java:<init>(189)) - new 77d385a9-4ef0-49b0-a825-0af72e1af87e@group-8D66BDBA0460-SegmentedRaftLogWorker for RaftStorageImpl:Storage Directory /home/runner/work/ozone/ozone/hadoop-ozone/integration-test/target/test-dir/MiniOzoneClusterImpl-58229684-5176-44ea-993d-1afc6db8e6af/datanode-0/data/ratis/1fdcf3c2-e48c-41b9-b518-8d66bdba0460
2023-05-03 09:48:37,744 [pool-928-thread-1] INFO  server.RaftServerConfigKeys (ConfUtils.java:logGet(46)) - raft.server.log.queue.byte-limit = 4294967296 (custom)
2023-05-03 09:48:37,744 [pool-928-thread-1] INFO  server.RaftServerConfigKeys (ConfUtils.java:logGet(46)) - raft.server.log.queue.element-limit = 1024 (custom)
2023-05-03 09:48:37,744 [pool-928-thread-1] INFO  server.RaftServerConfigKeys (ConfUtils.java:logGet(46)) - raft.server.log.segment.size.max = 1048576 (custom)
2023-05-03 09:48:37,744 [pool-928-thread-1] INFO  server.RaftServerConfigKeys (ConfUtils.java:logGet(46)) - raft.server.log.preallocated.size = 16384 (custom)
2023-05-03 09:48:37,744 [pool-928-thread-1] INFO  server.RaftServerConfigKeys (ConfUtils.java:logGet(46)) - raft.server.log.force.sync.num = 128 (default)
2023-05-03 09:48:37,744 [EventQueue-PipelineReportForPipelineReportHandler] INFO  pipeline.PipelineManagerImpl (PipelineManagerImpl.java:openPipeline(367)) - Pipeline Pipeline[ Id: 1fdcf3c2-e48c-41b9-b518-8d66bdba0460, Nodes: 77d385a9-4ef0-49b0-a825-0af72e1af87e(fv-az139-793.t0dryja4c43urhy2nvp0adewnd.cx.internal.cloudapp.net/10.1.0.194), ReplicationConfig: RATIS/ONE, State:ALLOCATED, leaderId:77d385a9-4ef0-49b0-a825-0af72e1af87e, CreationTimestamp2023-05-03T09:48:34.741Z[Etc/UTC]] moved to OPEN state
2023-05-03 09:48:37,744 [pool-928-thread-1] INFO  server.RaftServerConfigKeys (ConfUtils.java:logGet(46)) - raft.server.log.statemachine.data.sync = true (default)
2023-05-03 09:48:37,744 [pool-928-thread-1] INFO  server.RaftServerConfigKeys (ConfUtils.java:logGet(46)) - raft.server.log.statemachine.data.sync.timeout = 10s (default)
2023-05-03 09:48:37,744 [pool-928-thread-1] INFO  server.RaftServerConfigKeys (ConfUtils.java:logGet(46)) - raft.server.log.statemachine.data.sync.timeout.retry = -1 (default)
2023-05-03 09:48:37,752 [pool-928-thread-1] INFO  server.RaftServerConfigKeys (ConfUtils.java:logGet(46)) - raft.server.log.write.buffer.size = 1048576 (custom)
2023-05-03 09:48:37,753 [pool-928-thread-1] INFO  server.RaftServerConfigKeys (ConfUtils.java:logGet(46)) - raft.server.log.appender.buffer.byte-limit = 33554432 (custom)
2023-05-03 09:48:37,755 [pool-928-thread-1] INFO  server.RaftServerConfigKeys (ConfUtils.java:logGet(46)) - raft.server.log.unsafe-flush.enabled = false (default)
2023-05-03 09:48:37,755 [pool-928-thread-1] INFO  server.RaftServerConfigKeys (ConfUtils.java:logGet(46)) - raft.server.log.async-flush.enabled = false (default)
2023-05-03 09:48:37,756 [pool-928-thread-1] INFO  server.RaftServerConfigKeys (ConfUtils.java:logGet(46)) - raft.server.log.statemachine.data.caching.enabled = true (custom)
2023-05-03 09:48:37,756 [pool-928-thread-1] INFO  segmented.SegmentedRaftLogWorker (SegmentedRaftLogWorker.java:lambda$new$0(135)) - 77d385a9-4ef0-49b0-a825-0af72e1af87e@group-8D66BDBA0460-SegmentedRaftLogWorker: flushIndex: setUnconditionally 0 -> -1
2023-05-03 09:48:37,756 [pool-928-thread-1] INFO  segmented.SegmentedRaftLogWorker (SegmentedRaftLogWorker.java:lambda$new$0(135)) - 77d385a9-4ef0-49b0-a825-0af72e1af87e@group-8D66BDBA0460-SegmentedRaftLogWorker: safeCacheEvictIndex: setUnconditionally 0 -> -1
2023-05-03 09:48:37,756 [pool-928-thread-1] INFO  server.RaftServer$Division (RaftServerImpl.java:start(334)) - 77d385a9-4ef0-49b0-a825-0af72e1af87e@group-8D66BDBA0460: start as a follower, conf=-1: peers:[77d385a9-4ef0-49b0-a825-0af72e1af87e|rpc:10.1.0.194:44795|dataStream:10.1.0.194:44383|priority:1|startupRole:FOLLOWER]|listeners:[], old=null
2023-05-03 09:48:37,756 [pool-928-thread-1] INFO  server.RaftServer$Division (RaftServerImpl.java:setRole(321)) - 77d385a9-4ef0-49b0-a825-0af72e1af87e@group-8D66BDBA0460: changes role from      null to FOLLOWER at term 0 for startAsFollower
2023-05-03 09:48:37,756 [pool-928-thread-1] INFO  impl.RoleInfo (RoleInfo.java:updateAndGet(139)) - 77d385a9-4ef0-49b0-a825-0af72e1af87e: start 77d385a9-4ef0-49b0-a825-0af72e1af87e@group-8D66BDBA0460-FollowerState
2023-05-03 09:48:37,756 [pool-928-thread-1] INFO  util.JmxRegister (JmxRegister.java:tryRegister(44)) - Successfully registered JMX Bean with object name Ratis:service=RaftServer,group=group-8D66BDBA0460,id=77d385a9-4ef0-49b0-a825-0af72e1af87e
2023-05-03 09:48:37,756 [pool-928-thread-1] INFO  server.RaftServerConfigKeys (ConfUtils.java:logGet(46)) - raft.server.snapshot.auto.trigger.enabled = true (custom)
2023-05-03 09:48:37,756 [pool-928-thread-1] INFO  server.RaftServerConfigKeys (ConfUtils.java:logGet(46)) - raft.server.snapshot.auto.trigger.threshold = 10000 (custom)
2023-05-03 09:48:37,756 [pool-928-thread-1] INFO  server.RaftServerConfigKeys (ConfUtils.java:logGet(46)) - raft.server.snapshot.retention.file.num = 5 (custom)
2023-05-03 09:48:37,756 [pool-928-thread-1] INFO  server.RaftServerConfigKeys (ConfUtils.java:logGet(46)) - raft.server.log.purge.upto.snapshot.index = false (default)
2023-05-03 09:48:37,757 [EventQueue-OpenPipelineForHealthyPipelineSafeModeRule] INFO  safemode.SCMSafeModeManager (HealthyPipelineSafeModeRule.java:process(137)) - SCM in safe mode. Healthy pipelines reported count is 0, required healthy pipeline reported count is 1
2023-05-03 09:48:37,758 [77d385a9-4ef0-49b0-a825-0af72e1af87e@group-8D66BDBA0460-FollowerState] INFO  server.RaftServerConfigKeys (ConfUtils.java:logFallback(53)) - raft.server.rpc.first-election.timeout.min = 5s (fallback to raft.server.rpc.timeout.min)
2023-05-03 09:48:37,758 [77d385a9-4ef0-49b0-a825-0af72e1af87e@group-8D66BDBA0460-FollowerState] INFO  server.RaftServerConfigKeys (ConfUtils.java:logFallback(53)) - raft.server.rpc.first-election.timeout.max = 5200ms (fallback to raft.server.rpc.timeout.max)
2023-05-03 09:48:37,760 [Command processor thread] INFO  ratis.XceiverServerRatis (XceiverServerRatis.java:addGroup(806)) - Created group PipelineID=1fdcf3c2-e48c-41b9-b518-8d66bdba0460
2023-05-03 09:48:37,760 [Command processor thread] INFO  commandhandler.CreatePipelineCommandHandler (CreatePipelineCommandHandler.java:handle(113)) - Created Pipeline RATIS ONE PipelineID=1fdcf3c2-e48c-41b9-b518-8d66bdba0460.
2023-05-03 09:48:37,760 [Command processor thread] INFO  server.RaftServer (RaftServerProxy.java:addNew(96)) - 77d385a9-4ef0-49b0-a825-0af72e1af87e: addNew group-AF2F860F9E56:[e11e6016-9f4c-4443-9608-a269a8403abb|rpc:10.1.0.194:41061|dataStream:10.1.0.194:43361|priority:0|startupRole:FOLLOWER, 77d385a9-4ef0-49b0-a825-0af72e1af87e|rpc:10.1.0.194:44795|dataStream:10.1.0.194:44383|priority:0|startupRole:FOLLOWER, f5646e00-f755-4a84-81c0-28301c6d3dcd|rpc:10.1.0.194:34301|dataStream:10.1.0.194:43451|priority:1|startupRole:FOLLOWER] returns group-AF2F860F9E56:java.util.concurrent.CompletableFuture@4d2c376a[Not completed]
2023-05-03 09:48:37,761 [pool-928-thread-1] INFO  server.RaftServer$Division (RaftServerImpl.java:<init>(195)) - 77d385a9-4ef0-49b0-a825-0af72e1af87e: new RaftServerImpl for group-AF2F860F9E56:[e11e6016-9f4c-4443-9608-a269a8403abb|rpc:10.1.0.194:41061|dataStream:10.1.0.194:43361|priority:0|startupRole:FOLLOWER, 77d385a9-4ef0-49b0-a825-0af72e1af87e|rpc:10.1.0.194:44795|dataStream:10.1.0.194:44383|priority:0|startupRole:FOLLOWER, f5646e00-f755-4a84-81c0-28301c6d3dcd|rpc:10.1.0.194:34301|dataStream:10.1.0.194:43451|priority:1|startupRole:FOLLOWER] with ContainerStateMachine:uninitialized
2023-05-03 09:48:37,761 [pool-928-thread-1] INFO  server.RaftServerConfigKeys (ConfUtils.java:logGet(46)) - raft.server.rpc.timeout.min = 5s (custom)
2023-05-03 09:48:37,761 [pool-928-thread-1] INFO  server.RaftServerConfigKeys (ConfUtils.java:logGet(46)) - raft.server.rpc.timeout.max = 5200ms (custom)
2023-05-03 09:48:37,761 [pool-928-thread-1] INFO  server.RaftServerConfigKeys (ConfUtils.java:logGet(46)) - raft.server.rpc.sleep.time = 25ms (default)
2023-05-03 09:48:37,761 [pool-928-thread-1] INFO  server.RaftServerConfigKeys (ConfUtils.java:logGet(46)) - raft.server.rpc.slowness.timeout = 300s (custom)
2023-05-03 09:48:37,761 [pool-928-thread-1] INFO  server.RaftServerConfigKeys (ConfUtils.java:logGet(46)) - raft.server.leaderelection.leader.step-down.wait-time = 10s (default)
2023-05-03 09:48:37,761 [pool-928-thread-1] INFO  server.RaftServerConfigKeys (ConfUtils.java:logGet(46)) - raft.server.sleep.deviation.threshold = 300ms (default)
2023-05-03 09:48:37,761 [pool-928-thread-1] INFO  server.RaftServer$Division (ServerState.java:<init>(118)) - 77d385a9-4ef0-49b0-a825-0af72e1af87e@group-AF2F860F9E56: ConfigurationManager, init=-1: peers:[e11e6016-9f4c-4443-9608-a269a8403abb|rpc:10.1.0.194:41061|dataStream:10.1.0.194:43361|priority:0|startupRole:FOLLOWER, 77d385a9-4ef0-49b0-a825-0af72e1af87e|rpc:10.1.0.194:44795|dataStream:10.1.0.194:44383|priority:0|startupRole:FOLLOWER, f5646e00-f755-4a84-81c0-28301c6d3dcd|rpc:10.1.0.194:34301|dataStream:10.1.0.194:43451|priority:1|startupRole:FOLLOWER]|listeners:[], old=null, confs=<EMPTY_MAP>
2023-05-03 09:48:37,761 [pool-928-thread-1] INFO  server.RaftServerConfigKeys (ConfUtils.java:logGet(46)) - raft.server.storage.dir = [/home/runner/work/ozone/ozone/hadoop-ozone/integration-test/target/test-dir/MiniOzoneClusterImpl-58229684-5176-44ea-993d-1afc6db8e6af/datanode-0/data/ratis] (custom)
2023-05-03 09:48:37,761 [pool-928-thread-1] INFO  server.RaftServerConfigKeys (ConfUtils.java:logGet(46)) - raft.server.log.corruption.policy = EXCEPTION (default)
2023-05-03 09:48:37,761 [pool-928-thread-1] INFO  server.RaftServerConfigKeys (ConfUtils.java:logGet(46)) - raft.server.storage.free-space.min = 0MB (=0) (default)
2023-05-03 09:48:37,761 [pool-928-thread-1] INFO  server.RaftServerConfigKeys (ConfUtils.java:logGet(46)) - raft.server.notification.no-leader.timeout = 300s (custom)
2023-05-03 09:48:37,761 [pool-928-thread-1] INFO  server.RaftServerConfigKeys (ConfUtils.java:logGet(46)) - raft.server.retrycache.expirytime = 600000ms (custom)
2023-05-03 09:48:37,761 [pool-928-thread-1] INFO  server.RaftServerConfigKeys (ConfUtils.java:logGet(46)) - raft.server.retrycache.statistics.expirytime = 100μs (default)
2023-05-03 09:48:37,762 [pool-928-thread-1] INFO  server.RaftServerConfigKeys (ConfUtils.java:logGet(46)) - raft.server.log.appender.install.snapshot.enabled = false (custom)
2023-05-03 09:48:37,762 [pool-928-thread-1] INFO  server.RaftServerConfigKeys (ConfUtils.java:logGet(46)) - raft.server.threadpool.server.cached = true (default)
2023-05-03 09:48:37,762 [pool-928-thread-1] INFO  server.RaftServerConfigKeys (ConfUtils.java:logGet(46)) - raft.server.threadpool.server.size = 0 (default)
2023-05-03 09:48:37,762 [pool-928-thread-1] INFO  server.RaftServerConfigKeys (ConfUtils.java:logGet(46)) - raft.server.threadpool.client.cached = true (default)
2023-05-03 09:48:37,762 [pool-928-thread-1] INFO  server.RaftServerConfigKeys (ConfUtils.java:logGet(46)) - raft.server.threadpool.client.size = 0 (default)
2023-05-03 09:48:37,762 [pool-928-thread-1] INFO  storage.RaftStorageDirectory (RaftStorageDirectoryImpl.java:analyzeStorage(137)) - The storage directory /home/runner/work/ozone/ozone/hadoop-ozone/integration-test/target/test-dir/MiniOzoneClusterImpl-58229684-5176-44ea-993d-1afc6db8e6af/datanode-0/data/ratis/455589cd-2844-4794-b6cc-af2f860f9e56 does not exist. Creating ...
2023-05-03 09:48:37,763 [pool-928-thread-1] INFO  storage.RaftStorageDirectory (RaftStorageDirectoryImpl.java:tryLock(231)) - Lock on /home/runner/work/ozone/ozone/hadoop-ozone/integration-test/target/test-dir/MiniOzoneClusterImpl-58229684-5176-44ea-993d-1afc6db8e6af/datanode-0/data/ratis/455589cd-2844-4794-b6cc-af2f860f9e56/in_use.lock acquired by nodename 7780@fv-az139-793
2023-05-03 09:48:37,764 [pool-928-thread-1] INFO  storage.RaftStorage (RaftStorageImpl.java:format(96)) - Storage directory /home/runner/work/ozone/ozone/hadoop-ozone/integration-test/target/test-dir/MiniOzoneClusterImpl-58229684-5176-44ea-993d-1afc6db8e6af/datanode-0/data/ratis/455589cd-2844-4794-b6cc-af2f860f9e56 has been successfully formatted.
2023-05-03 09:48:37,764 [pool-928-thread-1] INFO  ratis.ContainerStateMachine (ContainerStateMachine.java:loadSnapshot(262)) - group-AF2F860F9E56: The snapshot info is null. Setting the last applied indexto:(t:0, i:~)
2023-05-03 09:48:37,764 [pool-928-thread-1] INFO  server.RaftServerConfigKeys (ConfUtils.java:logGet(46)) - raft.server.log.use.memory = false (default)
2023-05-03 09:48:37,764 [pool-928-thread-1] INFO  server.RaftServerConfigKeys (ConfUtils.java:logGet(46)) - raft.server.log.purge.gap = 1000000 (custom)
2023-05-03 09:48:37,764 [pool-928-thread-1] INFO  server.RaftServerConfigKeys (ConfUtils.java:logGet(46)) - raft.server.log.appender.buffer.byte-limit = 33554432 (custom)
2023-05-03 09:48:37,765 [pool-928-thread-1] INFO  server.RaftServerConfigKeys (ConfUtils.java:logGet(46)) - raft.server.log.statemachine.data.read.timeout = 1000ms (default)
2023-05-03 09:48:37,765 [EventQueue-OpenPipelineForHealthyPipelineSafeModeRule] INFO  safemode.SCMSafeModeManager (HealthyPipelineSafeModeRule.java:process(137)) - SCM in safe mode. Healthy pipelines reported count is 0, required healthy pipeline reported count is 1
2023-05-03 09:48:37,765 [pool-928-thread-1] INFO  server.RaftServerConfigKeys (ConfUtils.java:logGet(46)) - raft.server.log.purge.preservation.log.num = 0 (default)
2023-05-03 09:48:37,766 [pool-928-thread-1] INFO  server.RaftServerConfigKeys (ConfUtils.java:logGet(46)) - raft.server.log.segment.size.max = 1048576 (custom)
2023-05-03 09:48:37,769 [pool-928-thread-1] INFO  server.RaftServerConfigKeys (ConfUtils.java:logGet(46)) - raft.server.log.segment.cache.num.max = 2 (custom)
2023-05-03 09:48:37,769 [pool-928-thread-1] INFO  server.RaftServerConfigKeys (ConfUtils.java:logGet(46)) - raft.server.log.segment.cache.size.max = 200MB (=209715200) (default)
2023-05-03 09:48:37,769 [pool-928-thread-1] INFO  segmented.SegmentedRaftLogWorker (SegmentedRaftLogWorker.java:<init>(189)) - new 77d385a9-4ef0-49b0-a825-0af72e1af87e@group-AF2F860F9E56-SegmentedRaftLogWorker for RaftStorageImpl:Storage Directory /home/runner/work/ozone/ozone/hadoop-ozone/integration-test/target/test-dir/MiniOzoneClusterImpl-58229684-5176-44ea-993d-1afc6db8e6af/datanode-0/data/ratis/455589cd-2844-4794-b6cc-af2f860f9e56
2023-05-03 09:48:37,769 [pool-928-thread-1] INFO  server.RaftServerConfigKeys (ConfUtils.java:logGet(46)) - raft.server.log.queue.byte-limit = 4294967296 (custom)
2023-05-03 09:48:37,769 [pool-928-thread-1] INFO  server.RaftServerConfigKeys (ConfUtils.java:logGet(46)) - raft.server.log.queue.element-limit = 1024 (custom)
2023-05-03 09:48:37,769 [pool-928-thread-1] INFO  server.RaftServerConfigKeys (ConfUtils.java:logGet(46)) - raft.server.log.segment.size.max = 1048576 (custom)
2023-05-03 09:48:37,769 [pool-928-thread-1] INFO  server.RaftServerConfigKeys (ConfUtils.java:logGet(46)) - raft.server.log.preallocated.size = 16384 (custom)
2023-05-03 09:48:37,769 [pool-928-thread-1] INFO  server.RaftServerConfigKeys (ConfUtils.java:logGet(46)) - raft.server.log.force.sync.num = 128 (default)
2023-05-03 09:48:37,769 [pool-928-thread-1] INFO  server.RaftServerConfigKeys (ConfUtils.java:logGet(46)) - raft.server.log.statemachine.data.sync = true (default)
2023-05-03 09:48:37,769 [pool-928-thread-1] INFO  server.RaftServerConfigKeys (ConfUtils.java:logGet(46)) - raft.server.log.statemachine.data.sync.timeout = 10s (default)
2023-05-03 09:48:37,769 [pool-928-thread-1] INFO  server.RaftServerConfigKeys (ConfUtils.java:logGet(46)) - raft.server.log.statemachine.data.sync.timeout.retry = -1 (default)
2023-05-03 09:48:37,769 [pool-928-thread-1] INFO  server.RaftServerConfigKeys (ConfUtils.java:logGet(46)) - raft.server.log.write.buffer.size = 1048576 (custom)
2023-05-03 09:48:37,771 [pool-928-thread-1] INFO  server.RaftServerConfigKeys (ConfUtils.java:logGet(46)) - raft.server.log.appender.buffer.byte-limit = 33554432 (custom)
2023-05-03 09:48:37,774 [pool-928-thread-1] INFO  server.RaftServerConfigKeys (ConfUtils.java:logGet(46)) - raft.server.log.unsafe-flush.enabled = false (default)
2023-05-03 09:48:37,774 [pool-928-thread-1] INFO  server.RaftServerConfigKeys (ConfUtils.java:logGet(46)) - raft.server.log.async-flush.enabled = false (default)
2023-05-03 09:48:37,774 [pool-928-thread-1] INFO  server.RaftServerConfigKeys (ConfUtils.java:logGet(46)) - raft.server.log.statemachine.data.caching.enabled = true (custom)
2023-05-03 09:48:37,774 [pool-928-thread-1] INFO  segmented.SegmentedRaftLogWorker (SegmentedRaftLogWorker.java:lambda$new$0(135)) - 77d385a9-4ef0-49b0-a825-0af72e1af87e@group-AF2F860F9E56-SegmentedRaftLogWorker: flushIndex: setUnconditionally 0 -> -1
2023-05-03 09:48:37,774 [pool-928-thread-1] INFO  segmented.SegmentedRaftLogWorker (SegmentedRaftLogWorker.java:lambda$new$0(135)) - 77d385a9-4ef0-49b0-a825-0af72e1af87e@group-AF2F860F9E56-SegmentedRaftLogWorker: safeCacheEvictIndex: setUnconditionally 0 -> -1
2023-05-03 09:48:37,774 [pool-928-thread-1] INFO  server.RaftServer$Division (RaftServerImpl.java:start(334)) - 77d385a9-4ef0-49b0-a825-0af72e1af87e@group-AF2F860F9E56: start as a follower, conf=-1: peers:[e11e6016-9f4c-4443-9608-a269a8403abb|rpc:10.1.0.194:41061|dataStream:10.1.0.194:43361|priority:0|startupRole:FOLLOWER, 77d385a9-4ef0-49b0-a825-0af72e1af87e|rpc:10.1.0.194:44795|dataStream:10.1.0.194:44383|priority:0|startupRole:FOLLOWER, f5646e00-f755-4a84-81c0-28301c6d3dcd|rpc:10.1.0.194:34301|dataStream:10.1.0.194:43451|priority:1|startupRole:FOLLOWER]|listeners:[], old=null
2023-05-03 09:48:37,775 [pool-928-thread-1] INFO  server.RaftServer$Division (RaftServerImpl.java:setRole(321)) - 77d385a9-4ef0-49b0-a825-0af72e1af87e@group-AF2F860F9E56: changes role from      null to FOLLOWER at term 0 for startAsFollower
2023-05-03 09:48:37,775 [pool-928-thread-1] INFO  impl.RoleInfo (RoleInfo.java:updateAndGet(139)) - 77d385a9-4ef0-49b0-a825-0af72e1af87e: start 77d385a9-4ef0-49b0-a825-0af72e1af87e@group-AF2F860F9E56-FollowerState
2023-05-03 09:48:37,775 [pool-928-thread-1] INFO  util.JmxRegister (JmxRegister.java:tryRegister(44)) - Successfully registered JMX Bean with object name Ratis:service=RaftServer,group=group-AF2F860F9E56,id=77d385a9-4ef0-49b0-a825-0af72e1af87e
2023-05-03 09:48:37,775 [77d385a9-4ef0-49b0-a825-0af72e1af87e@group-AF2F860F9E56-FollowerState] INFO  server.RaftServerConfigKeys (ConfUtils.java:logFallback(53)) - raft.server.rpc.first-election.timeout.min = 5s (fallback to raft.server.rpc.timeout.min)
2023-05-03 09:48:37,775 [pool-928-thread-1] INFO  server.RaftServerConfigKeys (ConfUtils.java:logGet(46)) - raft.server.snapshot.auto.trigger.enabled = true (custom)
2023-05-03 09:48:37,775 [77d385a9-4ef0-49b0-a825-0af72e1af87e@group-AF2F860F9E56-FollowerState] INFO  server.RaftServerConfigKeys (ConfUtils.java:logFallback(53)) - raft.server.rpc.first-election.timeout.max = 5200ms (fallback to raft.server.rpc.timeout.max)
2023-05-03 09:48:37,775 [pool-928-thread-1] INFO  server.RaftServerConfigKeys (ConfUtils.java:logGet(46)) - raft.server.snapshot.auto.trigger.threshold = 10000 (custom)
2023-05-03 09:48:37,775 [pool-928-thread-1] INFO  server.RaftServerConfigKeys (ConfUtils.java:logGet(46)) - raft.server.snapshot.retention.file.num = 5 (custom)
2023-05-03 09:48:37,775 [pool-928-thread-1] INFO  server.RaftServerConfigKeys (ConfUtils.java:logGet(46)) - raft.server.log.purge.upto.snapshot.index = false (default)
2023-05-03 09:48:37,775 [Command processor thread] INFO  ratis.XceiverServerRatis (XceiverServerRatis.java:addGroup(806)) - Created group PipelineID=455589cd-2844-4794-b6cc-af2f860f9e56
2023-05-03 09:48:37,785 [grpc-default-executor-0] INFO  server.RaftServer (RaftServerProxy.java:addNew(96)) - e11e6016-9f4c-4443-9608-a269a8403abb: addNew group-AF2F860F9E56:[e11e6016-9f4c-4443-9608-a269a8403abb|rpc:10.1.0.194:41061|dataStream:10.1.0.194:43361|priority:0|startupRole:FOLLOWER, 77d385a9-4ef0-49b0-a825-0af72e1af87e|rpc:10.1.0.194:44795|dataStream:10.1.0.194:44383|priority:0|startupRole:FOLLOWER, f5646e00-f755-4a84-81c0-28301c6d3dcd|rpc:10.1.0.194:34301|dataStream:10.1.0.194:43451|priority:1|startupRole:FOLLOWER] returns group-AF2F860F9E56:java.util.concurrent.CompletableFuture@47ce644c[Not completed]
2023-05-03 09:48:37,848 [pool-972-thread-1] INFO  server.RaftServer$Division (RaftServerImpl.java:<init>(195)) - e11e6016-9f4c-4443-9608-a269a8403abb: new RaftServerImpl for group-AF2F860F9E56:[e11e6016-9f4c-4443-9608-a269a8403abb|rpc:10.1.0.194:41061|dataStream:10.1.0.194:43361|priority:0|startupRole:FOLLOWER, 77d385a9-4ef0-49b0-a825-0af72e1af87e|rpc:10.1.0.194:44795|dataStream:10.1.0.194:44383|priority:0|startupRole:FOLLOWER, f5646e00-f755-4a84-81c0-28301c6d3dcd|rpc:10.1.0.194:34301|dataStream:10.1.0.194:43451|priority:1|startupRole:FOLLOWER] with ContainerStateMachine:uninitialized
2023-05-03 09:48:37,849 [pool-972-thread-1] INFO  server.RaftServerConfigKeys (ConfUtils.java:logGet(46)) - raft.server.rpc.timeout.min = 5s (custom)
2023-05-03 09:48:37,849 [pool-972-thread-1] INFO  server.RaftServerConfigKeys (ConfUtils.java:logGet(46)) - raft.server.rpc.timeout.max = 5200ms (custom)
2023-05-03 09:48:37,849 [pool-972-thread-1] INFO  server.RaftServerConfigKeys (ConfUtils.java:logGet(46)) - raft.server.rpc.sleep.time = 25ms (default)
2023-05-03 09:48:37,849 [pool-972-thread-1] INFO  server.RaftServerConfigKeys (ConfUtils.java:logGet(46)) - raft.server.rpc.slowness.timeout = 300s (custom)
2023-05-03 09:48:37,849 [pool-972-thread-1] INFO  server.RaftServerConfigKeys (ConfUtils.java:logGet(46)) - raft.server.leaderelection.leader.step-down.wait-time = 10s (default)
2023-05-03 09:48:37,849 [pool-972-thread-1] INFO  server.RaftServerConfigKeys (ConfUtils.java:logGet(46)) - raft.server.sleep.deviation.threshold = 300ms (default)
2023-05-03 09:48:37,849 [pool-972-thread-1] INFO  server.RaftServer$Division (ServerState.java:<init>(118)) - e11e6016-9f4c-4443-9608-a269a8403abb@group-AF2F860F9E56: ConfigurationManager, init=-1: peers:[e11e6016-9f4c-4443-9608-a269a8403abb|rpc:10.1.0.194:41061|dataStream:10.1.0.194:43361|priority:0|startupRole:FOLLOWER, 77d385a9-4ef0-49b0-a825-0af72e1af87e|rpc:10.1.0.194:44795|dataStream:10.1.0.194:44383|priority:0|startupRole:FOLLOWER, f5646e00-f755-4a84-81c0-28301c6d3dcd|rpc:10.1.0.194:34301|dataStream:10.1.0.194:43451|priority:1|startupRole:FOLLOWER]|listeners:[], old=null, confs=<EMPTY_MAP>
2023-05-03 09:48:37,849 [pool-972-thread-1] INFO  server.RaftServerConfigKeys (ConfUtils.java:logGet(46)) - raft.server.storage.dir = [/home/runner/work/ozone/ozone/hadoop-ozone/integration-test/target/test-dir/MiniOzoneClusterImpl-58229684-5176-44ea-993d-1afc6db8e6af/datanode-2/data/ratis] (custom)
2023-05-03 09:48:37,849 [pool-972-thread-1] INFO  server.RaftServerConfigKeys (ConfUtils.java:logGet(46)) - raft.server.log.corruption.policy = EXCEPTION (default)
2023-05-03 09:48:37,849 [pool-972-thread-1] INFO  server.RaftServerConfigKeys (ConfUtils.java:logGet(46)) - raft.server.storage.free-space.min = 0MB (=0) (default)
2023-05-03 09:48:37,849 [pool-972-thread-1] INFO  server.RaftServerConfigKeys (ConfUtils.java:logGet(46)) - raft.server.notification.no-leader.timeout = 300s (custom)
2023-05-03 09:48:37,849 [pool-972-thread-1] INFO  server.RaftServerConfigKeys (ConfUtils.java:logGet(46)) - raft.server.retrycache.expirytime = 600000ms (custom)
2023-05-03 09:48:37,849 [pool-972-thread-1] INFO  server.RaftServerConfigKeys (ConfUtils.java:logGet(46)) - raft.server.retrycache.statistics.expirytime = 100μs (default)
2023-05-03 09:48:37,850 [pool-972-thread-1] INFO  server.RaftServerConfigKeys (ConfUtils.java:logGet(46)) - raft.server.log.appender.install.snapshot.enabled = false (custom)
2023-05-03 09:48:37,850 [pool-972-thread-1] INFO  server.RaftServerConfigKeys (ConfUtils.java:logGet(46)) - raft.server.threadpool.server.cached = true (default)
2023-05-03 09:48:37,850 [pool-972-thread-1] INFO  server.RaftServerConfigKeys (ConfUtils.java:logGet(46)) - raft.server.threadpool.server.size = 0 (default)
2023-05-03 09:48:37,850 [pool-972-thread-1] INFO  server.RaftServerConfigKeys (ConfUtils.java:logGet(46)) - raft.server.threadpool.client.cached = true (default)
2023-05-03 09:48:37,850 [pool-972-thread-1] INFO  server.RaftServerConfigKeys (ConfUtils.java:logGet(46)) - raft.server.threadpool.client.size = 0 (default)
2023-05-03 09:48:37,850 [pool-972-thread-1] INFO  storage.RaftStorageDirectory (RaftStorageDirectoryImpl.java:analyzeStorage(137)) - The storage directory /home/runner/work/ozone/ozone/hadoop-ozone/integration-test/target/test-dir/MiniOzoneClusterImpl-58229684-5176-44ea-993d-1afc6db8e6af/datanode-2/data/ratis/455589cd-2844-4794-b6cc-af2f860f9e56 does not exist. Creating ...
2023-05-03 09:48:37,855 [pool-972-thread-1] INFO  storage.RaftStorageDirectory (RaftStorageDirectoryImpl.java:tryLock(231)) - Lock on /home/runner/work/ozone/ozone/hadoop-ozone/integration-test/target/test-dir/MiniOzoneClusterImpl-58229684-5176-44ea-993d-1afc6db8e6af/datanode-2/data/ratis/455589cd-2844-4794-b6cc-af2f860f9e56/in_use.lock acquired by nodename 7780@fv-az139-793
2023-05-03 09:48:37,857 [pool-972-thread-1] INFO  storage.RaftStorage (RaftStorageImpl.java:format(96)) - Storage directory /home/runner/work/ozone/ozone/hadoop-ozone/integration-test/target/test-dir/MiniOzoneClusterImpl-58229684-5176-44ea-993d-1afc6db8e6af/datanode-2/data/ratis/455589cd-2844-4794-b6cc-af2f860f9e56 has been successfully formatted.
2023-05-03 09:48:37,863 [pool-972-thread-1] INFO  ratis.ContainerStateMachine (ContainerStateMachine.java:loadSnapshot(262)) - group-AF2F860F9E56: The snapshot info is null. Setting the last applied indexto:(t:0, i:~)
2023-05-03 09:48:37,863 [pool-972-thread-1] INFO  server.RaftServerConfigKeys (ConfUtils.java:logGet(46)) - raft.server.log.use.memory = false (default)
2023-05-03 09:48:37,863 [pool-972-thread-1] INFO  server.RaftServerConfigKeys (ConfUtils.java:logGet(46)) - raft.server.log.purge.gap = 1000000 (custom)
2023-05-03 09:48:37,863 [pool-972-thread-1] INFO  server.RaftServerConfigKeys (ConfUtils.java:logGet(46)) - raft.server.log.appender.buffer.byte-limit = 33554432 (custom)
2023-05-03 09:48:37,863 [pool-972-thread-1] INFO  server.RaftServerConfigKeys (ConfUtils.java:logGet(46)) - raft.server.log.statemachine.data.read.timeout = 1000ms (default)
2023-05-03 09:48:37,863 [pool-972-thread-1] INFO  server.RaftServerConfigKeys (ConfUtils.java:logGet(46)) - raft.server.log.purge.preservation.log.num = 0 (default)
2023-05-03 09:48:37,864 [pool-972-thread-1] INFO  server.RaftServerConfigKeys (ConfUtils.java:logGet(46)) - raft.server.log.segment.size.max = 1048576 (custom)
2023-05-03 09:48:37,864 [pool-972-thread-1] INFO  server.RaftServerConfigKeys (ConfUtils.java:logGet(46)) - raft.server.log.segment.cache.num.max = 2 (custom)
2023-05-03 09:48:37,864 [pool-972-thread-1] INFO  server.RaftServerConfigKeys (ConfUtils.java:logGet(46)) - raft.server.log.segment.cache.size.max = 200MB (=209715200) (default)
2023-05-03 09:48:37,864 [pool-972-thread-1] INFO  segmented.SegmentedRaftLogWorker (SegmentedRaftLogWorker.java:<init>(189)) - new e11e6016-9f4c-4443-9608-a269a8403abb@group-AF2F860F9E56-SegmentedRaftLogWorker for RaftStorageImpl:Storage Directory /home/runner/work/ozone/ozone/hadoop-ozone/integration-test/target/test-dir/MiniOzoneClusterImpl-58229684-5176-44ea-993d-1afc6db8e6af/datanode-2/data/ratis/455589cd-2844-4794-b6cc-af2f860f9e56
2023-05-03 09:48:37,864 [pool-972-thread-1] INFO  server.RaftServerConfigKeys (ConfUtils.java:logGet(46)) - raft.server.log.queue.byte-limit = 4294967296 (custom)
2023-05-03 09:48:37,864 [pool-972-thread-1] INFO  server.RaftServerConfigKeys (ConfUtils.java:logGet(46)) - raft.server.log.queue.element-limit = 1024 (custom)
2023-05-03 09:48:37,864 [pool-972-thread-1] INFO  server.RaftServerConfigKeys (ConfUtils.java:logGet(46)) - raft.server.log.segment.size.max = 1048576 (custom)
2023-05-03 09:48:37,864 [pool-972-thread-1] INFO  server.RaftServerConfigKeys (ConfUtils.java:logGet(46)) - raft.server.log.preallocated.size = 16384 (custom)
2023-05-03 09:48:37,864 [pool-972-thread-1] INFO  server.RaftServerConfigKeys (ConfUtils.java:logGet(46)) - raft.server.log.force.sync.num = 128 (default)
2023-05-03 09:48:37,864 [pool-972-thread-1] INFO  server.RaftServerConfigKeys (ConfUtils.java:logGet(46)) - raft.server.log.statemachine.data.sync = true (default)
2023-05-03 09:48:37,864 [pool-972-thread-1] INFO  server.RaftServerConfigKeys (ConfUtils.java:logGet(46)) - raft.server.log.statemachine.data.sync.timeout = 10s (default)
2023-05-03 09:48:37,864 [pool-972-thread-1] INFO  server.RaftServerConfigKeys (ConfUtils.java:logGet(46)) - raft.server.log.statemachine.data.sync.timeout.retry = -1 (default)
2023-05-03 09:48:37,864 [pool-972-thread-1] INFO  server.RaftServerConfigKeys (ConfUtils.java:logGet(46)) - raft.server.log.write.buffer.size = 1048576 (custom)
2023-05-03 09:48:37,864 [pool-972-thread-1] INFO  server.RaftServerConfigKeys (ConfUtils.java:logGet(46)) - raft.server.log.appender.buffer.byte-limit = 33554432 (custom)
2023-05-03 09:48:37,867 [pool-972-thread-1] INFO  server.RaftServerConfigKeys (ConfUtils.java:logGet(46)) - raft.server.log.unsafe-flush.enabled = false (default)
2023-05-03 09:48:37,867 [pool-972-thread-1] INFO  server.RaftServerConfigKeys (ConfUtils.java:logGet(46)) - raft.server.log.async-flush.enabled = false (default)
2023-05-03 09:48:37,867 [pool-972-thread-1] INFO  server.RaftServerConfigKeys (ConfUtils.java:logGet(46)) - raft.server.log.statemachine.data.caching.enabled = true (custom)
2023-05-03 09:48:37,868 [pool-972-thread-1] INFO  segmented.SegmentedRaftLogWorker (SegmentedRaftLogWorker.java:lambda$new$0(135)) - e11e6016-9f4c-4443-9608-a269a8403abb@group-AF2F860F9E56-SegmentedRaftLogWorker: flushIndex: setUnconditionally 0 -> -1
2023-05-03 09:48:37,868 [pool-972-thread-1] INFO  segmented.SegmentedRaftLogWorker (SegmentedRaftLogWorker.java:lambda$new$0(135)) - e11e6016-9f4c-4443-9608-a269a8403abb@group-AF2F860F9E56-SegmentedRaftLogWorker: safeCacheEvictIndex: setUnconditionally 0 -> -1
2023-05-03 09:48:37,869 [pool-972-thread-1] INFO  server.RaftServer$Division (RaftServerImpl.java:start(334)) - e11e6016-9f4c-4443-9608-a269a8403abb@group-AF2F860F9E56: start as a follower, conf=-1: peers:[e11e6016-9f4c-4443-9608-a269a8403abb|rpc:10.1.0.194:41061|dataStream:10.1.0.194:43361|priority:0|startupRole:FOLLOWER, 77d385a9-4ef0-49b0-a825-0af72e1af87e|rpc:10.1.0.194:44795|dataStream:10.1.0.194:44383|priority:0|startupRole:FOLLOWER, f5646e00-f755-4a84-81c0-28301c6d3dcd|rpc:10.1.0.194:34301|dataStream:10.1.0.194:43451|priority:1|startupRole:FOLLOWER]|listeners:[], old=null
2023-05-03 09:48:37,870 [pool-972-thread-1] INFO  server.RaftServer$Division (RaftServerImpl.java:setRole(321)) - e11e6016-9f4c-4443-9608-a269a8403abb@group-AF2F860F9E56: changes role from      null to FOLLOWER at term 0 for startAsFollower
2023-05-03 09:48:37,870 [pool-972-thread-1] INFO  impl.RoleInfo (RoleInfo.java:updateAndGet(139)) - e11e6016-9f4c-4443-9608-a269a8403abb: start e11e6016-9f4c-4443-9608-a269a8403abb@group-AF2F860F9E56-FollowerState
2023-05-03 09:48:37,870 [pool-972-thread-1] INFO  util.JmxRegister (JmxRegister.java:tryRegister(44)) - Successfully registered JMX Bean with object name Ratis:service=RaftServer,group=group-AF2F860F9E56,id=e11e6016-9f4c-4443-9608-a269a8403abb
2023-05-03 09:48:37,870 [pool-972-thread-1] INFO  server.RaftServerConfigKeys (ConfUtils.java:logGet(46)) - raft.server.snapshot.auto.trigger.enabled = true (custom)
2023-05-03 09:48:37,870 [pool-972-thread-1] INFO  server.RaftServerConfigKeys (ConfUtils.java:logGet(46)) - raft.server.snapshot.auto.trigger.threshold = 10000 (custom)
2023-05-03 09:48:37,870 [pool-972-thread-1] INFO  server.RaftServerConfigKeys (ConfUtils.java:logGet(46)) - raft.server.snapshot.retention.file.num = 5 (custom)
2023-05-03 09:48:37,871 [pool-972-thread-1] INFO  server.RaftServerConfigKeys (ConfUtils.java:logGet(46)) - raft.server.log.purge.upto.snapshot.index = false (default)
2023-05-03 09:48:37,871 [e11e6016-9f4c-4443-9608-a269a8403abb@group-AF2F860F9E56-FollowerState] INFO  server.RaftServerConfigKeys (ConfUtils.java:logFallback(53)) - raft.server.rpc.first-election.timeout.min = 5s (fallback to raft.server.rpc.timeout.min)
2023-05-03 09:48:37,871 [e11e6016-9f4c-4443-9608-a269a8403abb@group-AF2F860F9E56-FollowerState] INFO  server.RaftServerConfigKeys (ConfUtils.java:logFallback(53)) - raft.server.rpc.first-election.timeout.max = 5200ms (fallback to raft.server.rpc.timeout.max)
2023-05-03 09:48:37,883 [grpc-default-executor-0] INFO  server.RaftServer (RaftServerProxy.java:addNew(96)) - f5646e00-f755-4a84-81c0-28301c6d3dcd: addNew group-AF2F860F9E56:[e11e6016-9f4c-4443-9608-a269a8403abb|rpc:10.1.0.194:41061|dataStream:10.1.0.194:43361|priority:0|startupRole:FOLLOWER, 77d385a9-4ef0-49b0-a825-0af72e1af87e|rpc:10.1.0.194:44795|dataStream:10.1.0.194:44383|priority:0|startupRole:FOLLOWER, f5646e00-f755-4a84-81c0-28301c6d3dcd|rpc:10.1.0.194:34301|dataStream:10.1.0.194:43451|priority:1|startupRole:FOLLOWER] returns group-AF2F860F9E56:java.util.concurrent.CompletableFuture@62baa2e5[Not completed]
2023-05-03 09:48:37,884 [pool-950-thread-1] INFO  server.RaftServer$Division (RaftServerImpl.java:<init>(195)) - f5646e00-f755-4a84-81c0-28301c6d3dcd: new RaftServerImpl for group-AF2F860F9E56:[e11e6016-9f4c-4443-9608-a269a8403abb|rpc:10.1.0.194:41061|dataStream:10.1.0.194:43361|priority:0|startupRole:FOLLOWER, 77d385a9-4ef0-49b0-a825-0af72e1af87e|rpc:10.1.0.194:44795|dataStream:10.1.0.194:44383|priority:0|startupRole:FOLLOWER, f5646e00-f755-4a84-81c0-28301c6d3dcd|rpc:10.1.0.194:34301|dataStream:10.1.0.194:43451|priority:1|startupRole:FOLLOWER] with ContainerStateMachine:uninitialized
2023-05-03 09:48:37,884 [pool-950-thread-1] INFO  server.RaftServerConfigKeys (ConfUtils.java:logGet(46)) - raft.server.rpc.timeout.min = 5s (custom)
2023-05-03 09:48:37,884 [pool-950-thread-1] INFO  server.RaftServerConfigKeys (ConfUtils.java:logGet(46)) - raft.server.rpc.timeout.max = 5200ms (custom)
2023-05-03 09:48:37,884 [pool-950-thread-1] INFO  server.RaftServerConfigKeys (ConfUtils.java:logGet(46)) - raft.server.rpc.sleep.time = 25ms (default)
2023-05-03 09:48:37,884 [pool-950-thread-1] INFO  server.RaftServerConfigKeys (ConfUtils.java:logGet(46)) - raft.server.rpc.slowness.timeout = 300s (custom)
2023-05-03 09:48:37,884 [pool-950-thread-1] INFO  server.RaftServerConfigKeys (ConfUtils.java:logGet(46)) - raft.server.leaderelection.leader.step-down.wait-time = 10s (default)
2023-05-03 09:48:37,884 [pool-950-thread-1] INFO  server.RaftServerConfigKeys (ConfUtils.java:logGet(46)) - raft.server.sleep.deviation.threshold = 300ms (default)
2023-05-03 09:48:37,884 [pool-950-thread-1] INFO  server.RaftServer$Division (ServerState.java:<init>(118)) - f5646e00-f755-4a84-81c0-28301c6d3dcd@group-AF2F860F9E56: ConfigurationManager, init=-1: peers:[e11e6016-9f4c-4443-9608-a269a8403abb|rpc:10.1.0.194:41061|dataStream:10.1.0.194:43361|priority:0|startupRole:FOLLOWER, 77d385a9-4ef0-49b0-a825-0af72e1af87e|rpc:10.1.0.194:44795|dataStream:10.1.0.194:44383|priority:0|startupRole:FOLLOWER, f5646e00-f755-4a84-81c0-28301c6d3dcd|rpc:10.1.0.194:34301|dataStream:10.1.0.194:43451|priority:1|startupRole:FOLLOWER]|listeners:[], old=null, confs=<EMPTY_MAP>
2023-05-03 09:48:37,885 [pool-950-thread-1] INFO  server.RaftServerConfigKeys (ConfUtils.java:logGet(46)) - raft.server.storage.dir = [/home/runner/work/ozone/ozone/hadoop-ozone/integration-test/target/test-dir/MiniOzoneClusterImpl-58229684-5176-44ea-993d-1afc6db8e6af/datanode-1/data/ratis] (custom)
2023-05-03 09:48:37,885 [pool-950-thread-1] INFO  server.RaftServerConfigKeys (ConfUtils.java:logGet(46)) - raft.server.log.corruption.policy = EXCEPTION (default)
2023-05-03 09:48:37,885 [pool-950-thread-1] INFO  server.RaftServerConfigKeys (ConfUtils.java:logGet(46)) - raft.server.storage.free-space.min = 0MB (=0) (default)
2023-05-03 09:48:37,885 [pool-950-thread-1] INFO  server.RaftServerConfigKeys (ConfUtils.java:logGet(46)) - raft.server.notification.no-leader.timeout = 300s (custom)
2023-05-03 09:48:37,885 [pool-950-thread-1] INFO  server.RaftServerConfigKeys (ConfUtils.java:logGet(46)) - raft.server.retrycache.expirytime = 600000ms (custom)
2023-05-03 09:48:37,885 [pool-950-thread-1] INFO  server.RaftServerConfigKeys (ConfUtils.java:logGet(46)) - raft.server.retrycache.statistics.expirytime = 100μs (default)
2023-05-03 09:48:37,885 [pool-950-thread-1] INFO  server.RaftServerConfigKeys (ConfUtils.java:logGet(46)) - raft.server.log.appender.install.snapshot.enabled = false (custom)
2023-05-03 09:48:37,885 [pool-950-thread-1] INFO  server.RaftServerConfigKeys (ConfUtils.java:logGet(46)) - raft.server.threadpool.server.cached = true (default)
2023-05-03 09:48:37,885 [pool-950-thread-1] INFO  server.RaftServerConfigKeys (ConfUtils.java:logGet(46)) - raft.server.threadpool.server.size = 0 (default)
2023-05-03 09:48:37,885 [pool-950-thread-1] INFO  server.RaftServerConfigKeys (ConfUtils.java:logGet(46)) - raft.server.threadpool.client.cached = true (default)
2023-05-03 09:48:37,885 [pool-950-thread-1] INFO  server.RaftServerConfigKeys (ConfUtils.java:logGet(46)) - raft.server.threadpool.client.size = 0 (default)
2023-05-03 09:48:37,885 [pool-950-thread-1] INFO  storage.RaftStorageDirectory (RaftStorageDirectoryImpl.java:analyzeStorage(137)) - The storage directory /home/runner/work/ozone/ozone/hadoop-ozone/integration-test/target/test-dir/MiniOzoneClusterImpl-58229684-5176-44ea-993d-1afc6db8e6af/datanode-1/data/ratis/455589cd-2844-4794-b6cc-af2f860f9e56 does not exist. Creating ...
2023-05-03 09:48:37,886 [pool-950-thread-1] INFO  storage.RaftStorageDirectory (RaftStorageDirectoryImpl.java:tryLock(231)) - Lock on /home/runner/work/ozone/ozone/hadoop-ozone/integration-test/target/test-dir/MiniOzoneClusterImpl-58229684-5176-44ea-993d-1afc6db8e6af/datanode-1/data/ratis/455589cd-2844-4794-b6cc-af2f860f9e56/in_use.lock acquired by nodename 7780@fv-az139-793
2023-05-03 09:48:37,887 [pool-950-thread-1] INFO  storage.RaftStorage (RaftStorageImpl.java:format(96)) - Storage directory /home/runner/work/ozone/ozone/hadoop-ozone/integration-test/target/test-dir/MiniOzoneClusterImpl-58229684-5176-44ea-993d-1afc6db8e6af/datanode-1/data/ratis/455589cd-2844-4794-b6cc-af2f860f9e56 has been successfully formatted.
2023-05-03 09:48:37,888 [pool-950-thread-1] INFO  ratis.ContainerStateMachine (ContainerStateMachine.java:loadSnapshot(262)) - group-AF2F860F9E56: The snapshot info is null. Setting the last applied indexto:(t:0, i:~)
2023-05-03 09:48:37,888 [pool-950-thread-1] INFO  server.RaftServerConfigKeys (ConfUtils.java:logGet(46)) - raft.server.log.use.memory = false (default)
2023-05-03 09:48:37,888 [pool-950-thread-1] INFO  server.RaftServerConfigKeys (ConfUtils.java:logGet(46)) - raft.server.log.purge.gap = 1000000 (custom)
2023-05-03 09:48:37,888 [pool-950-thread-1] INFO  server.RaftServerConfigKeys (ConfUtils.java:logGet(46)) - raft.server.log.appender.buffer.byte-limit = 33554432 (custom)
2023-05-03 09:48:37,888 [pool-950-thread-1] INFO  server.RaftServerConfigKeys (ConfUtils.java:logGet(46)) - raft.server.log.statemachine.data.read.timeout = 1000ms (default)
2023-05-03 09:48:37,888 [pool-950-thread-1] INFO  server.RaftServerConfigKeys (ConfUtils.java:logGet(46)) - raft.server.log.purge.preservation.log.num = 0 (default)
2023-05-03 09:48:37,889 [pool-950-thread-1] INFO  server.RaftServerConfigKeys (ConfUtils.java:logGet(46)) - raft.server.log.segment.size.max = 1048576 (custom)
2023-05-03 09:48:37,889 [pool-950-thread-1] INFO  server.RaftServerConfigKeys (ConfUtils.java:logGet(46)) - raft.server.log.segment.cache.num.max = 2 (custom)
2023-05-03 09:48:37,889 [pool-950-thread-1] INFO  server.RaftServerConfigKeys (ConfUtils.java:logGet(46)) - raft.server.log.segment.cache.size.max = 200MB (=209715200) (default)
2023-05-03 09:48:37,889 [pool-950-thread-1] INFO  segmented.SegmentedRaftLogWorker (SegmentedRaftLogWorker.java:<init>(189)) - new f5646e00-f755-4a84-81c0-28301c6d3dcd@group-AF2F860F9E56-SegmentedRaftLogWorker for RaftStorageImpl:Storage Directory /home/runner/work/ozone/ozone/hadoop-ozone/integration-test/target/test-dir/MiniOzoneClusterImpl-58229684-5176-44ea-993d-1afc6db8e6af/datanode-1/data/ratis/455589cd-2844-4794-b6cc-af2f860f9e56
2023-05-03 09:48:37,889 [pool-950-thread-1] INFO  server.RaftServerConfigKeys (ConfUtils.java:logGet(46)) - raft.server.log.queue.byte-limit = 4294967296 (custom)
2023-05-03 09:48:37,889 [pool-950-thread-1] INFO  server.RaftServerConfigKeys (ConfUtils.java:logGet(46)) - raft.server.log.queue.element-limit = 1024 (custom)
2023-05-03 09:48:37,889 [pool-950-thread-1] INFO  server.RaftServerConfigKeys (ConfUtils.java:logGet(46)) - raft.server.log.segment.size.max = 1048576 (custom)
2023-05-03 09:48:37,889 [pool-950-thread-1] INFO  server.RaftServerConfigKeys (ConfUtils.java:logGet(46)) - raft.server.log.preallocated.size = 16384 (custom)
2023-05-03 09:48:37,889 [pool-950-thread-1] INFO  server.RaftServerConfigKeys (ConfUtils.java:logGet(46)) - raft.server.log.force.sync.num = 128 (default)
2023-05-03 09:48:37,889 [pool-950-thread-1] INFO  server.RaftServerConfigKeys (ConfUtils.java:logGet(46)) - raft.server.log.statemachine.data.sync = true (default)
2023-05-03 09:48:37,889 [pool-950-thread-1] INFO  server.RaftServerConfigKeys (ConfUtils.java:logGet(46)) - raft.server.log.statemachine.data.sync.timeout = 10s (default)
2023-05-03 09:48:37,889 [pool-950-thread-1] INFO  server.RaftServerConfigKeys (ConfUtils.java:logGet(46)) - raft.server.log.statemachine.data.sync.timeout.retry = -1 (default)
2023-05-03 09:48:37,890 [pool-950-thread-1] INFO  server.RaftServerConfigKeys (ConfUtils.java:logGet(46)) - raft.server.log.write.buffer.size = 1048576 (custom)
2023-05-03 09:48:37,890 [pool-950-thread-1] INFO  server.RaftServerConfigKeys (ConfUtils.java:logGet(46)) - raft.server.log.appender.buffer.byte-limit = 33554432 (custom)
2023-05-03 09:48:37,893 [pool-950-thread-1] INFO  server.RaftServerConfigKeys (ConfUtils.java:logGet(46)) - raft.server.log.unsafe-flush.enabled = false (default)
2023-05-03 09:48:37,893 [pool-950-thread-1] INFO  server.RaftServerConfigKeys (ConfUtils.java:logGet(46)) - raft.server.log.async-flush.enabled = false (default)
2023-05-03 09:48:37,893 [pool-950-thread-1] INFO  server.RaftServerConfigKeys (ConfUtils.java:logGet(46)) - raft.server.log.statemachine.data.caching.enabled = true (custom)
2023-05-03 09:48:37,893 [pool-950-thread-1] INFO  segmented.SegmentedRaftLogWorker (SegmentedRaftLogWorker.java:lambda$new$0(135)) - f5646e00-f755-4a84-81c0-28301c6d3dcd@group-AF2F860F9E56-SegmentedRaftLogWorker: flushIndex: setUnconditionally 0 -> -1
2023-05-03 09:48:37,893 [pool-950-thread-1] INFO  segmented.SegmentedRaftLogWorker (SegmentedRaftLogWorker.java:lambda$new$0(135)) - f5646e00-f755-4a84-81c0-28301c6d3dcd@group-AF2F860F9E56-SegmentedRaftLogWorker: safeCacheEvictIndex: setUnconditionally 0 -> -1
2023-05-03 09:48:37,893 [pool-950-thread-1] INFO  server.RaftServer$Division (RaftServerImpl.java:start(334)) - f5646e00-f755-4a84-81c0-28301c6d3dcd@group-AF2F860F9E56: start as a follower, conf=-1: peers:[e11e6016-9f4c-4443-9608-a269a8403abb|rpc:10.1.0.194:41061|dataStream:10.1.0.194:43361|priority:0|startupRole:FOLLOWER, 77d385a9-4ef0-49b0-a825-0af72e1af87e|rpc:10.1.0.194:44795|dataStream:10.1.0.194:44383|priority:0|startupRole:FOLLOWER, f5646e00-f755-4a84-81c0-28301c6d3dcd|rpc:10.1.0.194:34301|dataStream:10.1.0.194:43451|priority:1|startupRole:FOLLOWER]|listeners:[], old=null
2023-05-03 09:48:37,893 [pool-950-thread-1] INFO  server.RaftServer$Division (RaftServerImpl.java:setRole(321)) - f5646e00-f755-4a84-81c0-28301c6d3dcd@group-AF2F860F9E56: changes role from      null to FOLLOWER at term 0 for startAsFollower
2023-05-03 09:48:37,893 [pool-950-thread-1] INFO  impl.RoleInfo (RoleInfo.java:updateAndGet(139)) - f5646e00-f755-4a84-81c0-28301c6d3dcd: start f5646e00-f755-4a84-81c0-28301c6d3dcd@group-AF2F860F9E56-FollowerState
2023-05-03 09:48:37,897 [pool-950-thread-1] INFO  util.JmxRegister (JmxRegister.java:tryRegister(44)) - Successfully registered JMX Bean with object name Ratis:service=RaftServer,group=group-AF2F860F9E56,id=f5646e00-f755-4a84-81c0-28301c6d3dcd
2023-05-03 09:48:37,897 [f5646e00-f755-4a84-81c0-28301c6d3dcd@group-AF2F860F9E56-FollowerState] INFO  server.RaftServerConfigKeys (ConfUtils.java:logFallback(53)) - raft.server.rpc.first-election.timeout.min = 5s (fallback to raft.server.rpc.timeout.min)
2023-05-03 09:48:37,897 [pool-950-thread-1] INFO  server.RaftServerConfigKeys (ConfUtils.java:logGet(46)) - raft.server.snapshot.auto.trigger.enabled = true (custom)
2023-05-03 09:48:37,898 [pool-950-thread-1] INFO  server.RaftServerConfigKeys (ConfUtils.java:logGet(46)) - raft.server.snapshot.auto.trigger.threshold = 10000 (custom)
2023-05-03 09:48:37,898 [pool-950-thread-1] INFO  server.RaftServerConfigKeys (ConfUtils.java:logGet(46)) - raft.server.snapshot.retention.file.num = 5 (custom)
2023-05-03 09:48:37,898 [pool-950-thread-1] INFO  server.RaftServerConfigKeys (ConfUtils.java:logGet(46)) - raft.server.log.purge.upto.snapshot.index = false (default)
2023-05-03 09:48:37,898 [f5646e00-f755-4a84-81c0-28301c6d3dcd@group-AF2F860F9E56-FollowerState] INFO  server.RaftServerConfigKeys (ConfUtils.java:logFallback(53)) - raft.server.rpc.first-election.timeout.max = 5200ms (fallback to raft.server.rpc.timeout.max)
2023-05-03 09:48:37,907 [Command processor thread] INFO  commandhandler.CreatePipelineCommandHandler (CreatePipelineCommandHandler.java:handle(113)) - Created Pipeline RATIS THREE PipelineID=455589cd-2844-4794-b6cc-af2f860f9e56.
2023-05-03 09:48:37,907 [Command processor thread] INFO  server.RaftServer (RaftServerProxy.java:addNew(96)) - 77d385a9-4ef0-49b0-a825-0af72e1af87e: addNew group-561892FD82FE:[e11e6016-9f4c-4443-9608-a269a8403abb|rpc:10.1.0.194:41061|dataStream:10.1.0.194:43361|priority:0|startupRole:FOLLOWER, 77d385a9-4ef0-49b0-a825-0af72e1af87e|rpc:10.1.0.194:44795|dataStream:10.1.0.194:44383|priority:1|startupRole:FOLLOWER, f5646e00-f755-4a84-81c0-28301c6d3dcd|rpc:10.1.0.194:34301|dataStream:10.1.0.194:43451|priority:0|startupRole:FOLLOWER] returns group-561892FD82FE:java.util.concurrent.CompletableFuture@6786bd8[Not completed]
2023-05-03 09:48:37,908 [pool-928-thread-1] INFO  server.RaftServer$Division (RaftServerImpl.java:<init>(195)) - 77d385a9-4ef0-49b0-a825-0af72e1af87e: new RaftServerImpl for group-561892FD82FE:[e11e6016-9f4c-4443-9608-a269a8403abb|rpc:10.1.0.194:41061|dataStream:10.1.0.194:43361|priority:0|startupRole:FOLLOWER, 77d385a9-4ef0-49b0-a825-0af72e1af87e|rpc:10.1.0.194:44795|dataStream:10.1.0.194:44383|priority:1|startupRole:FOLLOWER, f5646e00-f755-4a84-81c0-28301c6d3dcd|rpc:10.1.0.194:34301|dataStream:10.1.0.194:43451|priority:0|startupRole:FOLLOWER] with ContainerStateMachine:uninitialized
2023-05-03 09:48:37,908 [pool-928-thread-1] INFO  server.RaftServerConfigKeys (ConfUtils.java:logGet(46)) - raft.server.rpc.timeout.min = 5s (custom)
2023-05-03 09:48:37,908 [pool-928-thread-1] INFO  server.RaftServerConfigKeys (ConfUtils.java:logGet(46)) - raft.server.rpc.timeout.max = 5200ms (custom)
2023-05-03 09:48:37,908 [pool-928-thread-1] INFO  server.RaftServerConfigKeys (ConfUtils.java:logGet(46)) - raft.server.rpc.sleep.time = 25ms (default)
2023-05-03 09:48:37,908 [pool-928-thread-1] INFO  server.RaftServerConfigKeys (ConfUtils.java:logGet(46)) - raft.server.rpc.slowness.timeout = 300s (custom)
2023-05-03 09:48:37,908 [pool-928-thread-1] INFO  server.RaftServerConfigKeys (ConfUtils.java:logGet(46)) - raft.server.leaderelection.leader.step-down.wait-time = 10s (default)
2023-05-03 09:48:37,908 [pool-928-thread-1] INFO  server.RaftServerConfigKeys (ConfUtils.java:logGet(46)) - raft.server.sleep.deviation.threshold = 300ms (default)
2023-05-03 09:48:37,908 [pool-928-thread-1] INFO  server.RaftServer$Division (ServerState.java:<init>(118)) - 77d385a9-4ef0-49b0-a825-0af72e1af87e@group-561892FD82FE: ConfigurationManager, init=-1: peers:[e11e6016-9f4c-4443-9608-a269a8403abb|rpc:10.1.0.194:41061|dataStream:10.1.0.194:43361|priority:0|startupRole:FOLLOWER, 77d385a9-4ef0-49b0-a825-0af72e1af87e|rpc:10.1.0.194:44795|dataStream:10.1.0.194:44383|priority:1|startupRole:FOLLOWER, f5646e00-f755-4a84-81c0-28301c6d3dcd|rpc:10.1.0.194:34301|dataStream:10.1.0.194:43451|priority:0|startupRole:FOLLOWER]|listeners:[], old=null, confs=<EMPTY_MAP>
2023-05-03 09:48:37,908 [pool-928-thread-1] INFO  server.RaftServerConfigKeys (ConfUtils.java:logGet(46)) - raft.server.storage.dir = [/home/runner/work/ozone/ozone/hadoop-ozone/integration-test/target/test-dir/MiniOzoneClusterImpl-58229684-5176-44ea-993d-1afc6db8e6af/datanode-0/data/ratis] (custom)
2023-05-03 09:48:37,908 [pool-928-thread-1] INFO  server.RaftServerConfigKeys (ConfUtils.java:logGet(46)) - raft.server.log.corruption.policy = EXCEPTION (default)
2023-05-03 09:48:37,908 [pool-928-thread-1] INFO  server.RaftServerConfigKeys (ConfUtils.java:logGet(46)) - raft.server.storage.free-space.min = 0MB (=0) (default)
2023-05-03 09:48:37,908 [pool-928-thread-1] INFO  server.RaftServerConfigKeys (ConfUtils.java:logGet(46)) - raft.server.notification.no-leader.timeout = 300s (custom)
2023-05-03 09:48:37,908 [pool-928-thread-1] INFO  server.RaftServerConfigKeys (ConfUtils.java:logGet(46)) - raft.server.retrycache.expirytime = 600000ms (custom)
2023-05-03 09:48:37,908 [pool-928-thread-1] INFO  server.RaftServerConfigKeys (ConfUtils.java:logGet(46)) - raft.server.retrycache.statistics.expirytime = 100μs (default)
2023-05-03 09:48:37,909 [pool-928-thread-1] INFO  server.RaftServerConfigKeys (ConfUtils.java:logGet(46)) - raft.server.log.appender.install.snapshot.enabled = false (custom)
2023-05-03 09:48:37,909 [pool-928-thread-1] INFO  server.RaftServerConfigKeys (ConfUtils.java:logGet(46)) - raft.server.threadpool.server.cached = true (default)
2023-05-03 09:48:37,909 [pool-928-thread-1] INFO  server.RaftServerConfigKeys (ConfUtils.java:logGet(46)) - raft.server.threadpool.server.size = 0 (default)
2023-05-03 09:48:37,909 [pool-928-thread-1] INFO  server.RaftServerConfigKeys (ConfUtils.java:logGet(46)) - raft.server.threadpool.client.cached = true (default)
2023-05-03 09:48:37,909 [pool-928-thread-1] INFO  server.RaftServerConfigKeys (ConfUtils.java:logGet(46)) - raft.server.threadpool.client.size = 0 (default)
2023-05-03 09:48:37,909 [pool-928-thread-1] INFO  storage.RaftStorageDirectory (RaftStorageDirectoryImpl.java:analyzeStorage(137)) - The storage directory /home/runner/work/ozone/ozone/hadoop-ozone/integration-test/target/test-dir/MiniOzoneClusterImpl-58229684-5176-44ea-993d-1afc6db8e6af/datanode-0/data/ratis/e72af45b-f28a-427f-8f25-561892fd82fe does not exist. Creating ...
2023-05-03 09:48:37,912 [pool-928-thread-1] INFO  storage.RaftStorageDirectory (RaftStorageDirectoryImpl.java:tryLock(231)) - Lock on /home/runner/work/ozone/ozone/hadoop-ozone/integration-test/target/test-dir/MiniOzoneClusterImpl-58229684-5176-44ea-993d-1afc6db8e6af/datanode-0/data/ratis/e72af45b-f28a-427f-8f25-561892fd82fe/in_use.lock acquired by nodename 7780@fv-az139-793
2023-05-03 09:48:37,913 [pool-928-thread-1] INFO  storage.RaftStorage (RaftStorageImpl.java:format(96)) - Storage directory /home/runner/work/ozone/ozone/hadoop-ozone/integration-test/target/test-dir/MiniOzoneClusterImpl-58229684-5176-44ea-993d-1afc6db8e6af/datanode-0/data/ratis/e72af45b-f28a-427f-8f25-561892fd82fe has been successfully formatted.
2023-05-03 09:48:37,914 [pool-928-thread-1] INFO  ratis.ContainerStateMachine (ContainerStateMachine.java:loadSnapshot(262)) - group-561892FD82FE: The snapshot info is null. Setting the last applied indexto:(t:0, i:~)
2023-05-03 09:48:37,914 [pool-928-thread-1] INFO  server.RaftServerConfigKeys (ConfUtils.java:logGet(46)) - raft.server.log.use.memory = false (default)
2023-05-03 09:48:37,914 [pool-928-thread-1] INFO  server.RaftServerConfigKeys (ConfUtils.java:logGet(46)) - raft.server.log.purge.gap = 1000000 (custom)
2023-05-03 09:48:37,914 [pool-928-thread-1] INFO  server.RaftServerConfigKeys (ConfUtils.java:logGet(46)) - raft.server.log.appender.buffer.byte-limit = 33554432 (custom)
2023-05-03 09:48:37,914 [pool-928-thread-1] INFO  server.RaftServerConfigKeys (ConfUtils.java:logGet(46)) - raft.server.log.statemachine.data.read.timeout = 1000ms (default)
2023-05-03 09:48:37,914 [pool-928-thread-1] INFO  server.RaftServerConfigKeys (ConfUtils.java:logGet(46)) - raft.server.log.purge.preservation.log.num = 0 (default)
2023-05-03 09:48:37,914 [pool-928-thread-1] INFO  server.RaftServerConfigKeys (ConfUtils.java:logGet(46)) - raft.server.log.segment.size.max = 1048576 (custom)
2023-05-03 09:48:37,915 [EventQueue-OpenPipelineForHealthyPipelineSafeModeRule] INFO  safemode.SCMSafeModeManager (HealthyPipelineSafeModeRule.java:process(137)) - SCM in safe mode. Healthy pipelines reported count is 0, required healthy pipeline reported count is 1
2023-05-03 09:48:37,915 [pool-928-thread-1] INFO  server.RaftServerConfigKeys (ConfUtils.java:logGet(46)) - raft.server.log.segment.cache.num.max = 2 (custom)
2023-05-03 09:48:37,915 [pool-928-thread-1] INFO  server.RaftServerConfigKeys (ConfUtils.java:logGet(46)) - raft.server.log.segment.cache.size.max = 200MB (=209715200) (default)
2023-05-03 09:48:37,915 [pool-928-thread-1] INFO  segmented.SegmentedRaftLogWorker (SegmentedRaftLogWorker.java:<init>(189)) - new 77d385a9-4ef0-49b0-a825-0af72e1af87e@group-561892FD82FE-SegmentedRaftLogWorker for RaftStorageImpl:Storage Directory /home/runner/work/ozone/ozone/hadoop-ozone/integration-test/target/test-dir/MiniOzoneClusterImpl-58229684-5176-44ea-993d-1afc6db8e6af/datanode-0/data/ratis/e72af45b-f28a-427f-8f25-561892fd82fe
2023-05-03 09:48:37,915 [pool-928-thread-1] INFO  server.RaftServerConfigKeys (ConfUtils.java:logGet(46)) - raft.server.log.queue.byte-limit = 4294967296 (custom)
2023-05-03 09:48:37,915 [pool-928-thread-1] INFO  server.RaftServerConfigKeys (ConfUtils.java:logGet(46)) - raft.server.log.queue.element-limit = 1024 (custom)
2023-05-03 09:48:37,915 [pool-928-thread-1] INFO  server.RaftServerConfigKeys (ConfUtils.java:logGet(46)) - raft.server.log.segment.size.max = 1048576 (custom)
2023-05-03 09:48:37,915 [pool-928-thread-1] INFO  server.RaftServerConfigKeys (ConfUtils.java:logGet(46)) - raft.server.log.preallocated.size = 16384 (custom)
2023-05-03 09:48:37,915 [pool-928-thread-1] INFO  server.RaftServerConfigKeys (ConfUtils.java:logGet(46)) - raft.server.log.force.sync.num = 128 (default)
2023-05-03 09:48:37,915 [pool-928-thread-1] INFO  server.RaftServerConfigKeys (ConfUtils.java:logGet(46)) - raft.server.log.statemachine.data.sync = true (default)
2023-05-03 09:48:37,915 [pool-928-thread-1] INFO  server.RaftServerConfigKeys (ConfUtils.java:logGet(46)) - raft.server.log.statemachine.data.sync.timeout = 10s (default)
2023-05-03 09:48:37,916 [pool-928-thread-1] INFO  server.RaftServerConfigKeys (ConfUtils.java:logGet(46)) - raft.server.log.statemachine.data.sync.timeout.retry = -1 (default)
2023-05-03 09:48:37,916 [pool-928-thread-1] INFO  server.RaftServerConfigKeys (ConfUtils.java:logGet(46)) - raft.server.log.write.buffer.size = 1048576 (custom)
2023-05-03 09:48:37,917 [pool-928-thread-1] INFO  server.RaftServerConfigKeys (ConfUtils.java:logGet(46)) - raft.server.log.appender.buffer.byte-limit = 33554432 (custom)
2023-05-03 09:48:37,919 [pool-928-thread-1] INFO  server.RaftServerConfigKeys (ConfUtils.java:logGet(46)) - raft.server.log.unsafe-flush.enabled = false (default)
2023-05-03 09:48:37,919 [pool-928-thread-1] INFO  server.RaftServerConfigKeys (ConfUtils.java:logGet(46)) - raft.server.log.async-flush.enabled = false (default)
2023-05-03 09:48:37,919 [pool-928-thread-1] INFO  server.RaftServerConfigKeys (ConfUtils.java:logGet(46)) - raft.server.log.statemachine.data.caching.enabled = true (custom)
2023-05-03 09:48:37,920 [pool-928-thread-1] INFO  segmented.SegmentedRaftLogWorker (SegmentedRaftLogWorker.java:lambda$new$0(135)) - 77d385a9-4ef0-49b0-a825-0af72e1af87e@group-561892FD82FE-SegmentedRaftLogWorker: flushIndex: setUnconditionally 0 -> -1
2023-05-03 09:48:37,920 [pool-928-thread-1] INFO  segmented.SegmentedRaftLogWorker (SegmentedRaftLogWorker.java:lambda$new$0(135)) - 77d385a9-4ef0-49b0-a825-0af72e1af87e@group-561892FD82FE-SegmentedRaftLogWorker: safeCacheEvictIndex: setUnconditionally 0 -> -1
2023-05-03 09:48:37,920 [pool-928-thread-1] INFO  server.RaftServer$Division (RaftServerImpl.java:start(334)) - 77d385a9-4ef0-49b0-a825-0af72e1af87e@group-561892FD82FE: start as a follower, conf=-1: peers:[e11e6016-9f4c-4443-9608-a269a8403abb|rpc:10.1.0.194:41061|dataStream:10.1.0.194:43361|priority:0|startupRole:FOLLOWER, 77d385a9-4ef0-49b0-a825-0af72e1af87e|rpc:10.1.0.194:44795|dataStream:10.1.0.194:44383|priority:1|startupRole:FOLLOWER, f5646e00-f755-4a84-81c0-28301c6d3dcd|rpc:10.1.0.194:34301|dataStream:10.1.0.194:43451|priority:0|startupRole:FOLLOWER]|listeners:[], old=null
2023-05-03 09:48:37,920 [pool-928-thread-1] INFO  server.RaftServer$Division (RaftServerImpl.java:setRole(321)) - 77d385a9-4ef0-49b0-a825-0af72e1af87e@group-561892FD82FE: changes role from      null to FOLLOWER at term 0 for startAsFollower
2023-05-03 09:48:37,920 [pool-928-thread-1] INFO  impl.RoleInfo (RoleInfo.java:updateAndGet(139)) - 77d385a9-4ef0-49b0-a825-0af72e1af87e: start 77d385a9-4ef0-49b0-a825-0af72e1af87e@group-561892FD82FE-FollowerState
2023-05-03 09:48:37,920 [pool-928-thread-1] INFO  util.JmxRegister (JmxRegister.java:tryRegister(44)) - Successfully registered JMX Bean with object name Ratis:service=RaftServer,group=group-561892FD82FE,id=77d385a9-4ef0-49b0-a825-0af72e1af87e
2023-05-03 09:48:37,920 [77d385a9-4ef0-49b0-a825-0af72e1af87e@group-561892FD82FE-FollowerState] INFO  server.RaftServerConfigKeys (ConfUtils.java:logFallback(53)) - raft.server.rpc.first-election.timeout.min = 5s (fallback to raft.server.rpc.timeout.min)
2023-05-03 09:48:37,920 [pool-928-thread-1] INFO  server.RaftServerConfigKeys (ConfUtils.java:logGet(46)) - raft.server.snapshot.auto.trigger.enabled = true (custom)
2023-05-03 09:48:37,920 [77d385a9-4ef0-49b0-a825-0af72e1af87e@group-561892FD82FE-FollowerState] INFO  server.RaftServerConfigKeys (ConfUtils.java:logFallback(53)) - raft.server.rpc.first-election.timeout.max = 5200ms (fallback to raft.server.rpc.timeout.max)
2023-05-03 09:48:37,920 [pool-928-thread-1] INFO  server.RaftServerConfigKeys (ConfUtils.java:logGet(46)) - raft.server.snapshot.auto.trigger.threshold = 10000 (custom)
2023-05-03 09:48:37,920 [pool-928-thread-1] INFO  server.RaftServerConfigKeys (ConfUtils.java:logGet(46)) - raft.server.snapshot.retention.file.num = 5 (custom)
2023-05-03 09:48:37,920 [pool-928-thread-1] INFO  server.RaftServerConfigKeys (ConfUtils.java:logGet(46)) - raft.server.log.purge.upto.snapshot.index = false (default)
2023-05-03 09:48:37,921 [Command processor thread] INFO  ratis.XceiverServerRatis (XceiverServerRatis.java:addGroup(806)) - Created group PipelineID=e72af45b-f28a-427f-8f25-561892fd82fe
2023-05-03 09:48:37,932 [grpc-default-executor-0] INFO  server.RaftServer (RaftServerProxy.java:addNew(96)) - e11e6016-9f4c-4443-9608-a269a8403abb: addNew group-561892FD82FE:[e11e6016-9f4c-4443-9608-a269a8403abb|rpc:10.1.0.194:41061|dataStream:10.1.0.194:43361|priority:0|startupRole:FOLLOWER, 77d385a9-4ef0-49b0-a825-0af72e1af87e|rpc:10.1.0.194:44795|dataStream:10.1.0.194:44383|priority:1|startupRole:FOLLOWER, f5646e00-f755-4a84-81c0-28301c6d3dcd|rpc:10.1.0.194:34301|dataStream:10.1.0.194:43451|priority:0|startupRole:FOLLOWER] returns group-561892FD82FE:java.util.concurrent.CompletableFuture@2302c09e[Not completed]
2023-05-03 09:48:37,932 [pool-972-thread-1] INFO  server.RaftServer$Division (RaftServerImpl.java:<init>(195)) - e11e6016-9f4c-4443-9608-a269a8403abb: new RaftServerImpl for group-561892FD82FE:[e11e6016-9f4c-4443-9608-a269a8403abb|rpc:10.1.0.194:41061|dataStream:10.1.0.194:43361|priority:0|startupRole:FOLLOWER, 77d385a9-4ef0-49b0-a825-0af72e1af87e|rpc:10.1.0.194:44795|dataStream:10.1.0.194:44383|priority:1|startupRole:FOLLOWER, f5646e00-f755-4a84-81c0-28301c6d3dcd|rpc:10.1.0.194:34301|dataStream:10.1.0.194:43451|priority:0|startupRole:FOLLOWER] with ContainerStateMachine:uninitialized
2023-05-03 09:48:37,932 [pool-972-thread-1] INFO  server.RaftServerConfigKeys (ConfUtils.java:logGet(46)) - raft.server.rpc.timeout.min = 5s (custom)
2023-05-03 09:48:37,933 [pool-972-thread-1] INFO  server.RaftServerConfigKeys (ConfUtils.java:logGet(46)) - raft.server.rpc.timeout.max = 5200ms (custom)
2023-05-03 09:48:37,933 [pool-972-thread-1] INFO  server.RaftServerConfigKeys (ConfUtils.java:logGet(46)) - raft.server.rpc.sleep.time = 25ms (default)
2023-05-03 09:48:37,933 [pool-972-thread-1] INFO  server.RaftServerConfigKeys (ConfUtils.java:logGet(46)) - raft.server.rpc.slowness.timeout = 300s (custom)
2023-05-03 09:48:37,933 [pool-972-thread-1] INFO  server.RaftServerConfigKeys (ConfUtils.java:logGet(46)) - raft.server.leaderelection.leader.step-down.wait-time = 10s (default)
2023-05-03 09:48:37,933 [pool-972-thread-1] INFO  server.RaftServerConfigKeys (ConfUtils.java:logGet(46)) - raft.server.sleep.deviation.threshold = 300ms (default)
2023-05-03 09:48:37,933 [pool-972-thread-1] INFO  server.RaftServer$Division (ServerState.java:<init>(118)) - e11e6016-9f4c-4443-9608-a269a8403abb@group-561892FD82FE: ConfigurationManager, init=-1: peers:[e11e6016-9f4c-4443-9608-a269a8403abb|rpc:10.1.0.194:41061|dataStream:10.1.0.194:43361|priority:0|startupRole:FOLLOWER, 77d385a9-4ef0-49b0-a825-0af72e1af87e|rpc:10.1.0.194:44795|dataStream:10.1.0.194:44383|priority:1|startupRole:FOLLOWER, f5646e00-f755-4a84-81c0-28301c6d3dcd|rpc:10.1.0.194:34301|dataStream:10.1.0.194:43451|priority:0|startupRole:FOLLOWER]|listeners:[], old=null, confs=<EMPTY_MAP>
2023-05-03 09:48:37,933 [pool-972-thread-1] INFO  server.RaftServerConfigKeys (ConfUtils.java:logGet(46)) - raft.server.storage.dir = [/home/runner/work/ozone/ozone/hadoop-ozone/integration-test/target/test-dir/MiniOzoneClusterImpl-58229684-5176-44ea-993d-1afc6db8e6af/datanode-2/data/ratis] (custom)
2023-05-03 09:48:37,933 [pool-972-thread-1] INFO  server.RaftServerConfigKeys (ConfUtils.java:logGet(46)) - raft.server.log.corruption.policy = EXCEPTION (default)
2023-05-03 09:48:37,933 [pool-972-thread-1] INFO  server.RaftServerConfigKeys (ConfUtils.java:logGet(46)) - raft.server.storage.free-space.min = 0MB (=0) (default)
2023-05-03 09:48:37,933 [pool-972-thread-1] INFO  server.RaftServerConfigKeys (ConfUtils.java:logGet(46)) - raft.server.notification.no-leader.timeout = 300s (custom)
2023-05-03 09:48:37,933 [pool-972-thread-1] INFO  server.RaftServerConfigKeys (ConfUtils.java:logGet(46)) - raft.server.retrycache.expirytime = 600000ms (custom)
2023-05-03 09:48:37,933 [pool-972-thread-1] INFO  server.RaftServerConfigKeys (ConfUtils.java:logGet(46)) - raft.server.retrycache.statistics.expirytime = 100μs (default)
2023-05-03 09:48:37,933 [pool-972-thread-1] INFO  server.RaftServerConfigKeys (ConfUtils.java:logGet(46)) - raft.server.log.appender.install.snapshot.enabled = false (custom)
2023-05-03 09:48:37,934 [pool-972-thread-1] INFO  server.RaftServerConfigKeys (ConfUtils.java:logGet(46)) - raft.server.threadpool.server.cached = true (default)
2023-05-03 09:48:37,934 [pool-972-thread-1] INFO  server.RaftServerConfigKeys (ConfUtils.java:logGet(46)) - raft.server.threadpool.server.size = 0 (default)
2023-05-03 09:48:37,934 [pool-972-thread-1] INFO  server.RaftServerConfigKeys (ConfUtils.java:logGet(46)) - raft.server.threadpool.client.cached = true (default)
2023-05-03 09:48:37,934 [pool-972-thread-1] INFO  server.RaftServerConfigKeys (ConfUtils.java:logGet(46)) - raft.server.threadpool.client.size = 0 (default)
2023-05-03 09:48:37,934 [pool-972-thread-1] INFO  storage.RaftStorageDirectory (RaftStorageDirectoryImpl.java:analyzeStorage(137)) - The storage directory /home/runner/work/ozone/ozone/hadoop-ozone/integration-test/target/test-dir/MiniOzoneClusterImpl-58229684-5176-44ea-993d-1afc6db8e6af/datanode-2/data/ratis/e72af45b-f28a-427f-8f25-561892fd82fe does not exist. Creating ...
2023-05-03 09:48:37,935 [pool-972-thread-1] INFO  storage.RaftStorageDirectory (RaftStorageDirectoryImpl.java:tryLock(231)) - Lock on /home/runner/work/ozone/ozone/hadoop-ozone/integration-test/target/test-dir/MiniOzoneClusterImpl-58229684-5176-44ea-993d-1afc6db8e6af/datanode-2/data/ratis/e72af45b-f28a-427f-8f25-561892fd82fe/in_use.lock acquired by nodename 7780@fv-az139-793
2023-05-03 09:48:37,936 [pool-972-thread-1] INFO  storage.RaftStorage (RaftStorageImpl.java:format(96)) - Storage directory /home/runner/work/ozone/ozone/hadoop-ozone/integration-test/target/test-dir/MiniOzoneClusterImpl-58229684-5176-44ea-993d-1afc6db8e6af/datanode-2/data/ratis/e72af45b-f28a-427f-8f25-561892fd82fe has been successfully formatted.
2023-05-03 09:48:37,936 [pool-972-thread-1] INFO  ratis.ContainerStateMachine (ContainerStateMachine.java:loadSnapshot(262)) - group-561892FD82FE: The snapshot info is null. Setting the last applied indexto:(t:0, i:~)
2023-05-03 09:48:37,936 [pool-972-thread-1] INFO  server.RaftServerConfigKeys (ConfUtils.java:logGet(46)) - raft.server.log.use.memory = false (default)
2023-05-03 09:48:37,936 [pool-972-thread-1] INFO  server.RaftServerConfigKeys (ConfUtils.java:logGet(46)) - raft.server.log.purge.gap = 1000000 (custom)
2023-05-03 09:48:37,936 [pool-972-thread-1] INFO  server.RaftServerConfigKeys (ConfUtils.java:logGet(46)) - raft.server.log.appender.buffer.byte-limit = 33554432 (custom)
2023-05-03 09:48:37,936 [pool-972-thread-1] INFO  server.RaftServerConfigKeys (ConfUtils.java:logGet(46)) - raft.server.log.statemachine.data.read.timeout = 1000ms (default)
2023-05-03 09:48:37,936 [pool-972-thread-1] INFO  server.RaftServerConfigKeys (ConfUtils.java:logGet(46)) - raft.server.log.purge.preservation.log.num = 0 (default)
2023-05-03 09:48:37,936 [pool-972-thread-1] INFO  server.RaftServerConfigKeys (ConfUtils.java:logGet(46)) - raft.server.log.segment.size.max = 1048576 (custom)
2023-05-03 09:48:37,936 [pool-972-thread-1] INFO  server.RaftServerConfigKeys (ConfUtils.java:logGet(46)) - raft.server.log.segment.cache.num.max = 2 (custom)
2023-05-03 09:48:37,936 [pool-972-thread-1] INFO  server.RaftServerConfigKeys (ConfUtils.java:logGet(46)) - raft.server.log.segment.cache.size.max = 200MB (=209715200) (default)
2023-05-03 09:48:37,937 [pool-972-thread-1] INFO  segmented.SegmentedRaftLogWorker (SegmentedRaftLogWorker.java:<init>(189)) - new e11e6016-9f4c-4443-9608-a269a8403abb@group-561892FD82FE-SegmentedRaftLogWorker for RaftStorageImpl:Storage Directory /home/runner/work/ozone/ozone/hadoop-ozone/integration-test/target/test-dir/MiniOzoneClusterImpl-58229684-5176-44ea-993d-1afc6db8e6af/datanode-2/data/ratis/e72af45b-f28a-427f-8f25-561892fd82fe
2023-05-03 09:48:37,937 [pool-972-thread-1] INFO  server.RaftServerConfigKeys (ConfUtils.java:logGet(46)) - raft.server.log.queue.byte-limit = 4294967296 (custom)
2023-05-03 09:48:37,937 [pool-972-thread-1] INFO  server.RaftServerConfigKeys (ConfUtils.java:logGet(46)) - raft.server.log.queue.element-limit = 1024 (custom)
2023-05-03 09:48:37,937 [pool-972-thread-1] INFO  server.RaftServerConfigKeys (ConfUtils.java:logGet(46)) - raft.server.log.segment.size.max = 1048576 (custom)
2023-05-03 09:48:37,937 [pool-972-thread-1] INFO  server.RaftServerConfigKeys (ConfUtils.java:logGet(46)) - raft.server.log.preallocated.size = 16384 (custom)
2023-05-03 09:48:37,937 [pool-972-thread-1] INFO  server.RaftServerConfigKeys (ConfUtils.java:logGet(46)) - raft.server.log.force.sync.num = 128 (default)
2023-05-03 09:48:37,937 [pool-972-thread-1] INFO  server.RaftServerConfigKeys (ConfUtils.java:logGet(46)) - raft.server.log.statemachine.data.sync = true (default)
2023-05-03 09:48:37,937 [pool-972-thread-1] INFO  server.RaftServerConfigKeys (ConfUtils.java:logGet(46)) - raft.server.log.statemachine.data.sync.timeout = 10s (default)
2023-05-03 09:48:37,937 [pool-972-thread-1] INFO  server.RaftServerConfigKeys (ConfUtils.java:logGet(46)) - raft.server.log.statemachine.data.sync.timeout.retry = -1 (default)
2023-05-03 09:48:37,938 [pool-972-thread-1] INFO  server.RaftServerConfigKeys (ConfUtils.java:logGet(46)) - raft.server.log.write.buffer.size = 1048576 (custom)
2023-05-03 09:48:37,938 [pool-972-thread-1] INFO  server.RaftServerConfigKeys (ConfUtils.java:logGet(46)) - raft.server.log.appender.buffer.byte-limit = 33554432 (custom)
2023-05-03 09:48:37,941 [pool-972-thread-1] INFO  server.RaftServerConfigKeys (ConfUtils.java:logGet(46)) - raft.server.log.unsafe-flush.enabled = false (default)
2023-05-03 09:48:37,941 [pool-972-thread-1] INFO  server.RaftServerConfigKeys (ConfUtils.java:logGet(46)) - raft.server.log.async-flush.enabled = false (default)
2023-05-03 09:48:37,941 [pool-972-thread-1] INFO  server.RaftServerConfigKeys (ConfUtils.java:logGet(46)) - raft.server.log.statemachine.data.caching.enabled = true (custom)
2023-05-03 09:48:37,941 [pool-972-thread-1] INFO  segmented.SegmentedRaftLogWorker (SegmentedRaftLogWorker.java:lambda$new$0(135)) - e11e6016-9f4c-4443-9608-a269a8403abb@group-561892FD82FE-SegmentedRaftLogWorker: flushIndex: setUnconditionally 0 -> -1
2023-05-03 09:48:37,941 [pool-972-thread-1] INFO  segmented.SegmentedRaftLogWorker (SegmentedRaftLogWorker.java:lambda$new$0(135)) - e11e6016-9f4c-4443-9608-a269a8403abb@group-561892FD82FE-SegmentedRaftLogWorker: safeCacheEvictIndex: setUnconditionally 0 -> -1
2023-05-03 09:48:37,942 [pool-972-thread-1] INFO  server.RaftServer$Division (RaftServerImpl.java:start(334)) - e11e6016-9f4c-4443-9608-a269a8403abb@group-561892FD82FE: start as a follower, conf=-1: peers:[e11e6016-9f4c-4443-9608-a269a8403abb|rpc:10.1.0.194:41061|dataStream:10.1.0.194:43361|priority:0|startupRole:FOLLOWER, 77d385a9-4ef0-49b0-a825-0af72e1af87e|rpc:10.1.0.194:44795|dataStream:10.1.0.194:44383|priority:1|startupRole:FOLLOWER, f5646e00-f755-4a84-81c0-28301c6d3dcd|rpc:10.1.0.194:34301|dataStream:10.1.0.194:43451|priority:0|startupRole:FOLLOWER]|listeners:[], old=null
2023-05-03 09:48:37,942 [pool-972-thread-1] INFO  server.RaftServer$Division (RaftServerImpl.java:setRole(321)) - e11e6016-9f4c-4443-9608-a269a8403abb@group-561892FD82FE: changes role from      null to FOLLOWER at term 0 for startAsFollower
2023-05-03 09:48:37,942 [pool-972-thread-1] INFO  impl.RoleInfo (RoleInfo.java:updateAndGet(139)) - e11e6016-9f4c-4443-9608-a269a8403abb: start e11e6016-9f4c-4443-9608-a269a8403abb@group-561892FD82FE-FollowerState
2023-05-03 09:48:37,943 [pool-972-thread-1] INFO  util.JmxRegister (JmxRegister.java:tryRegister(44)) - Successfully registered JMX Bean with object name Ratis:service=RaftServer,group=group-561892FD82FE,id=e11e6016-9f4c-4443-9608-a269a8403abb
2023-05-03 09:48:37,943 [e11e6016-9f4c-4443-9608-a269a8403abb@group-561892FD82FE-FollowerState] INFO  server.RaftServerConfigKeys (ConfUtils.java:logFallback(53)) - raft.server.rpc.first-election.timeout.min = 5s (fallback to raft.server.rpc.timeout.min)
2023-05-03 09:48:37,943 [pool-972-thread-1] INFO  server.RaftServerConfigKeys (ConfUtils.java:logGet(46)) - raft.server.snapshot.auto.trigger.enabled = true (custom)
2023-05-03 09:48:37,943 [e11e6016-9f4c-4443-9608-a269a8403abb@group-561892FD82FE-FollowerState] INFO  server.RaftServerConfigKeys (ConfUtils.java:logFallback(53)) - raft.server.rpc.first-election.timeout.max = 5200ms (fallback to raft.server.rpc.timeout.max)
2023-05-03 09:48:37,943 [pool-972-thread-1] INFO  server.RaftServerConfigKeys (ConfUtils.java:logGet(46)) - raft.server.snapshot.auto.trigger.threshold = 10000 (custom)
2023-05-03 09:48:37,943 [pool-972-thread-1] INFO  server.RaftServerConfigKeys (ConfUtils.java:logGet(46)) - raft.server.snapshot.retention.file.num = 5 (custom)
2023-05-03 09:48:37,943 [pool-972-thread-1] INFO  server.RaftServerConfigKeys (ConfUtils.java:logGet(46)) - raft.server.log.purge.upto.snapshot.index = false (default)
2023-05-03 09:48:37,959 [grpc-default-executor-0] INFO  server.RaftServer (RaftServerProxy.java:addNew(96)) - f5646e00-f755-4a84-81c0-28301c6d3dcd: addNew group-561892FD82FE:[e11e6016-9f4c-4443-9608-a269a8403abb|rpc:10.1.0.194:41061|dataStream:10.1.0.194:43361|priority:0|startupRole:FOLLOWER, 77d385a9-4ef0-49b0-a825-0af72e1af87e|rpc:10.1.0.194:44795|dataStream:10.1.0.194:44383|priority:1|startupRole:FOLLOWER, f5646e00-f755-4a84-81c0-28301c6d3dcd|rpc:10.1.0.194:34301|dataStream:10.1.0.194:43451|priority:0|startupRole:FOLLOWER] returns group-561892FD82FE:java.util.concurrent.CompletableFuture@5358cc3c[Not completed]
2023-05-03 09:48:37,960 [pool-950-thread-1] INFO  server.RaftServer$Division (RaftServerImpl.java:<init>(195)) - f5646e00-f755-4a84-81c0-28301c6d3dcd: new RaftServerImpl for group-561892FD82FE:[e11e6016-9f4c-4443-9608-a269a8403abb|rpc:10.1.0.194:41061|dataStream:10.1.0.194:43361|priority:0|startupRole:FOLLOWER, 77d385a9-4ef0-49b0-a825-0af72e1af87e|rpc:10.1.0.194:44795|dataStream:10.1.0.194:44383|priority:1|startupRole:FOLLOWER, f5646e00-f755-4a84-81c0-28301c6d3dcd|rpc:10.1.0.194:34301|dataStream:10.1.0.194:43451|priority:0|startupRole:FOLLOWER] with ContainerStateMachine:uninitialized
2023-05-03 09:48:37,960 [pool-950-thread-1] INFO  server.RaftServerConfigKeys (ConfUtils.java:logGet(46)) - raft.server.rpc.timeout.min = 5s (custom)
2023-05-03 09:48:37,960 [pool-950-thread-1] INFO  server.RaftServerConfigKeys (ConfUtils.java:logGet(46)) - raft.server.rpc.timeout.max = 5200ms (custom)
2023-05-03 09:48:37,960 [pool-950-thread-1] INFO  server.RaftServerConfigKeys (ConfUtils.java:logGet(46)) - raft.server.rpc.sleep.time = 25ms (default)
2023-05-03 09:48:37,960 [pool-950-thread-1] INFO  server.RaftServerConfigKeys (ConfUtils.java:logGet(46)) - raft.server.rpc.slowness.timeout = 300s (custom)
2023-05-03 09:48:37,960 [pool-950-thread-1] INFO  server.RaftServerConfigKeys (ConfUtils.java:logGet(46)) - raft.server.leaderelection.leader.step-down.wait-time = 10s (default)
2023-05-03 09:48:37,960 [pool-950-thread-1] INFO  server.RaftServerConfigKeys (ConfUtils.java:logGet(46)) - raft.server.sleep.deviation.threshold = 300ms (default)
2023-05-03 09:48:37,960 [pool-950-thread-1] INFO  server.RaftServer$Division (ServerState.java:<init>(118)) - f5646e00-f755-4a84-81c0-28301c6d3dcd@group-561892FD82FE: ConfigurationManager, init=-1: peers:[e11e6016-9f4c-4443-9608-a269a8403abb|rpc:10.1.0.194:41061|dataStream:10.1.0.194:43361|priority:0|startupRole:FOLLOWER, 77d385a9-4ef0-49b0-a825-0af72e1af87e|rpc:10.1.0.194:44795|dataStream:10.1.0.194:44383|priority:1|startupRole:FOLLOWER, f5646e00-f755-4a84-81c0-28301c6d3dcd|rpc:10.1.0.194:34301|dataStream:10.1.0.194:43451|priority:0|startupRole:FOLLOWER]|listeners:[], old=null, confs=<EMPTY_MAP>
2023-05-03 09:48:37,960 [pool-950-thread-1] INFO  server.RaftServerConfigKeys (ConfUtils.java:logGet(46)) - raft.server.storage.dir = [/home/runner/work/ozone/ozone/hadoop-ozone/integration-test/target/test-dir/MiniOzoneClusterImpl-58229684-5176-44ea-993d-1afc6db8e6af/datanode-1/data/ratis] (custom)
2023-05-03 09:48:37,961 [pool-950-thread-1] INFO  server.RaftServerConfigKeys (ConfUtils.java:logGet(46)) - raft.server.log.corruption.policy = EXCEPTION (default)
2023-05-03 09:48:37,961 [pool-950-thread-1] INFO  server.RaftServerConfigKeys (ConfUtils.java:logGet(46)) - raft.server.storage.free-space.min = 0MB (=0) (default)
2023-05-03 09:48:37,961 [pool-950-thread-1] INFO  server.RaftServerConfigKeys (ConfUtils.java:logGet(46)) - raft.server.notification.no-leader.timeout = 300s (custom)
2023-05-03 09:48:37,961 [pool-950-thread-1] INFO  server.RaftServerConfigKeys (ConfUtils.java:logGet(46)) - raft.server.retrycache.expirytime = 600000ms (custom)
2023-05-03 09:48:37,961 [pool-950-thread-1] INFO  server.RaftServerConfigKeys (ConfUtils.java:logGet(46)) - raft.server.retrycache.statistics.expirytime = 100μs (default)
2023-05-03 09:48:37,961 [pool-950-thread-1] INFO  server.RaftServerConfigKeys (ConfUtils.java:logGet(46)) - raft.server.log.appender.install.snapshot.enabled = false (custom)
2023-05-03 09:48:37,961 [pool-950-thread-1] INFO  server.RaftServerConfigKeys (ConfUtils.java:logGet(46)) - raft.server.threadpool.server.cached = true (default)
2023-05-03 09:48:37,961 [pool-950-thread-1] INFO  server.RaftServerConfigKeys (ConfUtils.java:logGet(46)) - raft.server.threadpool.server.size = 0 (default)
2023-05-03 09:48:37,961 [pool-950-thread-1] INFO  server.RaftServerConfigKeys (ConfUtils.java:logGet(46)) - raft.server.threadpool.client.cached = true (default)
2023-05-03 09:48:37,961 [pool-950-thread-1] INFO  server.RaftServerConfigKeys (ConfUtils.java:logGet(46)) - raft.server.threadpool.client.size = 0 (default)
2023-05-03 09:48:37,961 [pool-950-thread-1] INFO  storage.RaftStorageDirectory (RaftStorageDirectoryImpl.java:analyzeStorage(137)) - The storage directory /home/runner/work/ozone/ozone/hadoop-ozone/integration-test/target/test-dir/MiniOzoneClusterImpl-58229684-5176-44ea-993d-1afc6db8e6af/datanode-1/data/ratis/e72af45b-f28a-427f-8f25-561892fd82fe does not exist. Creating ...
2023-05-03 09:48:37,962 [pool-950-thread-1] INFO  storage.RaftStorageDirectory (RaftStorageDirectoryImpl.java:tryLock(231)) - Lock on /home/runner/work/ozone/ozone/hadoop-ozone/integration-test/target/test-dir/MiniOzoneClusterImpl-58229684-5176-44ea-993d-1afc6db8e6af/datanode-1/data/ratis/e72af45b-f28a-427f-8f25-561892fd82fe/in_use.lock acquired by nodename 7780@fv-az139-793
2023-05-03 09:48:37,963 [pool-950-thread-1] INFO  storage.RaftStorage (RaftStorageImpl.java:format(96)) - Storage directory /home/runner/work/ozone/ozone/hadoop-ozone/integration-test/target/test-dir/MiniOzoneClusterImpl-58229684-5176-44ea-993d-1afc6db8e6af/datanode-1/data/ratis/e72af45b-f28a-427f-8f25-561892fd82fe has been successfully formatted.
2023-05-03 09:48:37,963 [pool-950-thread-1] INFO  ratis.ContainerStateMachine (ContainerStateMachine.java:loadSnapshot(262)) - group-561892FD82FE: The snapshot info is null. Setting the last applied indexto:(t:0, i:~)
2023-05-03 09:48:37,963 [pool-950-thread-1] INFO  server.RaftServerConfigKeys (ConfUtils.java:logGet(46)) - raft.server.log.use.memory = false (default)
2023-05-03 09:48:37,965 [pool-950-thread-1] INFO  server.RaftServerConfigKeys (ConfUtils.java:logGet(46)) - raft.server.log.purge.gap = 1000000 (custom)
2023-05-03 09:48:37,965 [pool-950-thread-1] INFO  server.RaftServerConfigKeys (ConfUtils.java:logGet(46)) - raft.server.log.appender.buffer.byte-limit = 33554432 (custom)
2023-05-03 09:48:37,965 [pool-950-thread-1] INFO  server.RaftServerConfigKeys (ConfUtils.java:logGet(46)) - raft.server.log.statemachine.data.read.timeout = 1000ms (default)
2023-05-03 09:48:37,965 [pool-950-thread-1] INFO  server.RaftServerConfigKeys (ConfUtils.java:logGet(46)) - raft.server.log.purge.preservation.log.num = 0 (default)
2023-05-03 09:48:37,965 [pool-950-thread-1] INFO  server.RaftServerConfigKeys (ConfUtils.java:logGet(46)) - raft.server.log.segment.size.max = 1048576 (custom)
2023-05-03 09:48:37,965 [pool-950-thread-1] INFO  server.RaftServerConfigKeys (ConfUtils.java:logGet(46)) - raft.server.log.segment.cache.num.max = 2 (custom)
2023-05-03 09:48:37,965 [pool-950-thread-1] INFO  server.RaftServerConfigKeys (ConfUtils.java:logGet(46)) - raft.server.log.segment.cache.size.max = 200MB (=209715200) (default)
2023-05-03 09:48:37,965 [pool-950-thread-1] INFO  segmented.SegmentedRaftLogWorker (SegmentedRaftLogWorker.java:<init>(189)) - new f5646e00-f755-4a84-81c0-28301c6d3dcd@group-561892FD82FE-SegmentedRaftLogWorker for RaftStorageImpl:Storage Directory /home/runner/work/ozone/ozone/hadoop-ozone/integration-test/target/test-dir/MiniOzoneClusterImpl-58229684-5176-44ea-993d-1afc6db8e6af/datanode-1/data/ratis/e72af45b-f28a-427f-8f25-561892fd82fe
2023-05-03 09:48:37,965 [pool-950-thread-1] INFO  server.RaftServerConfigKeys (ConfUtils.java:logGet(46)) - raft.server.log.queue.byte-limit = 4294967296 (custom)
2023-05-03 09:48:37,965 [pool-950-thread-1] INFO  server.RaftServerConfigKeys (ConfUtils.java:logGet(46)) - raft.server.log.queue.element-limit = 1024 (custom)
2023-05-03 09:48:37,965 [pool-950-thread-1] INFO  server.RaftServerConfigKeys (ConfUtils.java:logGet(46)) - raft.server.log.segment.size.max = 1048576 (custom)
2023-05-03 09:48:37,965 [pool-950-thread-1] INFO  server.RaftServerConfigKeys (ConfUtils.java:logGet(46)) - raft.server.log.preallocated.size = 16384 (custom)
2023-05-03 09:48:37,965 [pool-950-thread-1] INFO  server.RaftServerConfigKeys (ConfUtils.java:logGet(46)) - raft.server.log.force.sync.num = 128 (default)
2023-05-03 09:48:37,965 [pool-950-thread-1] INFO  server.RaftServerConfigKeys (ConfUtils.java:logGet(46)) - raft.server.log.statemachine.data.sync = true (default)
2023-05-03 09:48:37,965 [pool-950-thread-1] INFO  server.RaftServerConfigKeys (ConfUtils.java:logGet(46)) - raft.server.log.statemachine.data.sync.timeout = 10s (default)
2023-05-03 09:48:37,966 [pool-950-thread-1] INFO  server.RaftServerConfigKeys (ConfUtils.java:logGet(46)) - raft.server.log.statemachine.data.sync.timeout.retry = -1 (default)
2023-05-03 09:48:37,966 [pool-950-thread-1] INFO  server.RaftServerConfigKeys (ConfUtils.java:logGet(46)) - raft.server.log.write.buffer.size = 1048576 (custom)
2023-05-03 09:48:37,966 [pool-950-thread-1] INFO  server.RaftServerConfigKeys (ConfUtils.java:logGet(46)) - raft.server.log.appender.buffer.byte-limit = 33554432 (custom)
2023-05-03 09:48:37,972 [pool-950-thread-1] INFO  server.RaftServerConfigKeys (ConfUtils.java:logGet(46)) - raft.server.log.unsafe-flush.enabled = false (default)
2023-05-03 09:48:37,973 [pool-950-thread-1] INFO  server.RaftServerConfigKeys (ConfUtils.java:logGet(46)) - raft.server.log.async-flush.enabled = false (default)
2023-05-03 09:48:37,973 [pool-950-thread-1] INFO  server.RaftServerConfigKeys (ConfUtils.java:logGet(46)) - raft.server.log.statemachine.data.caching.enabled = true (custom)
2023-05-03 09:48:37,973 [pool-950-thread-1] INFO  segmented.SegmentedRaftLogWorker (SegmentedRaftLogWorker.java:lambda$new$0(135)) - f5646e00-f755-4a84-81c0-28301c6d3dcd@group-561892FD82FE-SegmentedRaftLogWorker: flushIndex: setUnconditionally 0 -> -1
2023-05-03 09:48:37,973 [pool-950-thread-1] INFO  segmented.SegmentedRaftLogWorker (SegmentedRaftLogWorker.java:lambda$new$0(135)) - f5646e00-f755-4a84-81c0-28301c6d3dcd@group-561892FD82FE-SegmentedRaftLogWorker: safeCacheEvictIndex: setUnconditionally 0 -> -1
2023-05-03 09:48:37,974 [pool-950-thread-1] INFO  server.RaftServer$Division (RaftServerImpl.java:start(334)) - f5646e00-f755-4a84-81c0-28301c6d3dcd@group-561892FD82FE: start as a follower, conf=-1: peers:[e11e6016-9f4c-4443-9608-a269a8403abb|rpc:10.1.0.194:41061|dataStream:10.1.0.194:43361|priority:0|startupRole:FOLLOWER, 77d385a9-4ef0-49b0-a825-0af72e1af87e|rpc:10.1.0.194:44795|dataStream:10.1.0.194:44383|priority:1|startupRole:FOLLOWER, f5646e00-f755-4a84-81c0-28301c6d3dcd|rpc:10.1.0.194:34301|dataStream:10.1.0.194:43451|priority:0|startupRole:FOLLOWER]|listeners:[], old=null
2023-05-03 09:48:37,974 [pool-950-thread-1] INFO  server.RaftServer$Division (RaftServerImpl.java:setRole(321)) - f5646e00-f755-4a84-81c0-28301c6d3dcd@group-561892FD82FE: changes role from      null to FOLLOWER at term 0 for startAsFollower
2023-05-03 09:48:37,974 [pool-950-thread-1] INFO  impl.RoleInfo (RoleInfo.java:updateAndGet(139)) - f5646e00-f755-4a84-81c0-28301c6d3dcd: start f5646e00-f755-4a84-81c0-28301c6d3dcd@group-561892FD82FE-FollowerState
2023-05-03 09:48:37,976 [pool-950-thread-1] INFO  util.JmxRegister (JmxRegister.java:tryRegister(44)) - Successfully registered JMX Bean with object name Ratis:service=RaftServer,group=group-561892FD82FE,id=f5646e00-f755-4a84-81c0-28301c6d3dcd
2023-05-03 09:48:37,976 [f5646e00-f755-4a84-81c0-28301c6d3dcd@group-561892FD82FE-FollowerState] INFO  server.RaftServerConfigKeys (ConfUtils.java:logFallback(53)) - raft.server.rpc.first-election.timeout.min = 5s (fallback to raft.server.rpc.timeout.min)
2023-05-03 09:48:37,976 [pool-950-thread-1] INFO  server.RaftServerConfigKeys (ConfUtils.java:logGet(46)) - raft.server.snapshot.auto.trigger.enabled = true (custom)
2023-05-03 09:48:37,976 [f5646e00-f755-4a84-81c0-28301c6d3dcd@group-561892FD82FE-FollowerState] INFO  server.RaftServerConfigKeys (ConfUtils.java:logFallback(53)) - raft.server.rpc.first-election.timeout.max = 5200ms (fallback to raft.server.rpc.timeout.max)
2023-05-03 09:48:37,976 [pool-950-thread-1] INFO  server.RaftServerConfigKeys (ConfUtils.java:logGet(46)) - raft.server.snapshot.auto.trigger.threshold = 10000 (custom)
2023-05-03 09:48:37,976 [pool-950-thread-1] INFO  server.RaftServerConfigKeys (ConfUtils.java:logGet(46)) - raft.server.snapshot.retention.file.num = 5 (custom)
2023-05-03 09:48:37,976 [pool-950-thread-1] INFO  server.RaftServerConfigKeys (ConfUtils.java:logGet(46)) - raft.server.log.purge.upto.snapshot.index = false (default)
2023-05-03 09:48:37,983 [Command processor thread] INFO  commandhandler.CreatePipelineCommandHandler (CreatePipelineCommandHandler.java:handle(113)) - Created Pipeline RATIS THREE PipelineID=e72af45b-f28a-427f-8f25-561892fd82fe.
2023-05-03 09:48:38,072 [Command processor thread] INFO  server.RaftServer (RaftServerProxy.java:addNew(96)) - f5646e00-f755-4a84-81c0-28301c6d3dcd: addNew group-F4101502C6B0:[f5646e00-f755-4a84-81c0-28301c6d3dcd|rpc:10.1.0.194:34301|dataStream:10.1.0.194:43451|priority:1|startupRole:FOLLOWER] returns group-F4101502C6B0:java.util.concurrent.CompletableFuture@2a85d014[Not completed]
2023-05-03 09:48:38,074 [pool-950-thread-1] INFO  server.RaftServer$Division (RaftServerImpl.java:<init>(195)) - f5646e00-f755-4a84-81c0-28301c6d3dcd: new RaftServerImpl for group-F4101502C6B0:[f5646e00-f755-4a84-81c0-28301c6d3dcd|rpc:10.1.0.194:34301|dataStream:10.1.0.194:43451|priority:1|startupRole:FOLLOWER] with ContainerStateMachine:uninitialized
2023-05-03 09:48:38,075 [pool-950-thread-1] INFO  server.RaftServerConfigKeys (ConfUtils.java:logGet(46)) - raft.server.rpc.timeout.min = 5s (custom)
2023-05-03 09:48:38,075 [pool-950-thread-1] INFO  server.RaftServerConfigKeys (ConfUtils.java:logGet(46)) - raft.server.rpc.timeout.max = 5200ms (custom)
2023-05-03 09:48:38,075 [pool-950-thread-1] INFO  server.RaftServerConfigKeys (ConfUtils.java:logGet(46)) - raft.server.rpc.sleep.time = 25ms (default)
2023-05-03 09:48:38,075 [pool-950-thread-1] INFO  server.RaftServerConfigKeys (ConfUtils.java:logGet(46)) - raft.server.rpc.slowness.timeout = 300s (custom)
2023-05-03 09:48:38,075 [pool-950-thread-1] INFO  server.RaftServerConfigKeys (ConfUtils.java:logGet(46)) - raft.server.leaderelection.leader.step-down.wait-time = 10s (default)
2023-05-03 09:48:38,075 [pool-950-thread-1] INFO  server.RaftServerConfigKeys (ConfUtils.java:logGet(46)) - raft.server.sleep.deviation.threshold = 300ms (default)
2023-05-03 09:48:38,075 [pool-950-thread-1] INFO  server.RaftServer$Division (ServerState.java:<init>(118)) - f5646e00-f755-4a84-81c0-28301c6d3dcd@group-F4101502C6B0: ConfigurationManager, init=-1: peers:[f5646e00-f755-4a84-81c0-28301c6d3dcd|rpc:10.1.0.194:34301|dataStream:10.1.0.194:43451|priority:1|startupRole:FOLLOWER]|listeners:[], old=null, confs=<EMPTY_MAP>
2023-05-03 09:48:38,075 [pool-950-thread-1] INFO  server.RaftServerConfigKeys (ConfUtils.java:logGet(46)) - raft.server.storage.dir = [/home/runner/work/ozone/ozone/hadoop-ozone/integration-test/target/test-dir/MiniOzoneClusterImpl-58229684-5176-44ea-993d-1afc6db8e6af/datanode-1/data/ratis] (custom)
2023-05-03 09:48:38,076 [pool-950-thread-1] INFO  server.RaftServerConfigKeys (ConfUtils.java:logGet(46)) - raft.server.log.corruption.policy = EXCEPTION (default)
2023-05-03 09:48:38,077 [pool-950-thread-1] INFO  server.RaftServerConfigKeys (ConfUtils.java:logGet(46)) - raft.server.storage.free-space.min = 0MB (=0) (default)
2023-05-03 09:48:38,077 [pool-950-thread-1] INFO  server.RaftServerConfigKeys (ConfUtils.java:logGet(46)) - raft.server.notification.no-leader.timeout = 300s (custom)
2023-05-03 09:48:38,077 [pool-950-thread-1] INFO  server.RaftServerConfigKeys (ConfUtils.java:logGet(46)) - raft.server.retrycache.expirytime = 600000ms (custom)
2023-05-03 09:48:38,077 [pool-950-thread-1] INFO  server.RaftServerConfigKeys (ConfUtils.java:logGet(46)) - raft.server.retrycache.statistics.expirytime = 100μs (default)
2023-05-03 09:48:38,078 [pool-950-thread-1] INFO  server.RaftServerConfigKeys (ConfUtils.java:logGet(46)) - raft.server.log.appender.install.snapshot.enabled = false (custom)
2023-05-03 09:48:38,078 [pool-950-thread-1] INFO  server.RaftServerConfigKeys (ConfUtils.java:logGet(46)) - raft.server.threadpool.server.cached = true (default)
2023-05-03 09:48:38,078 [pool-950-thread-1] INFO  server.RaftServerConfigKeys (ConfUtils.java:logGet(46)) - raft.server.threadpool.server.size = 0 (default)
2023-05-03 09:48:38,078 [pool-950-thread-1] INFO  server.RaftServerConfigKeys (ConfUtils.java:logGet(46)) - raft.server.threadpool.client.cached = true (default)
2023-05-03 09:48:38,078 [pool-950-thread-1] INFO  server.RaftServerConfigKeys (ConfUtils.java:logGet(46)) - raft.server.threadpool.client.size = 0 (default)
2023-05-03 09:48:38,078 [pool-950-thread-1] INFO  storage.RaftStorageDirectory (RaftStorageDirectoryImpl.java:analyzeStorage(137)) - The storage directory /home/runner/work/ozone/ozone/hadoop-ozone/integration-test/target/test-dir/MiniOzoneClusterImpl-58229684-5176-44ea-993d-1afc6db8e6af/datanode-1/data/ratis/ec438597-dca4-4518-8467-f4101502c6b0 does not exist. Creating ...
2023-05-03 09:48:38,079 [pool-950-thread-1] INFO  storage.RaftStorageDirectory (RaftStorageDirectoryImpl.java:tryLock(231)) - Lock on /home/runner/work/ozone/ozone/hadoop-ozone/integration-test/target/test-dir/MiniOzoneClusterImpl-58229684-5176-44ea-993d-1afc6db8e6af/datanode-1/data/ratis/ec438597-dca4-4518-8467-f4101502c6b0/in_use.lock acquired by nodename 7780@fv-az139-793
2023-05-03 09:48:38,080 [pool-950-thread-1] INFO  storage.RaftStorage (RaftStorageImpl.java:format(96)) - Storage directory /home/runner/work/ozone/ozone/hadoop-ozone/integration-test/target/test-dir/MiniOzoneClusterImpl-58229684-5176-44ea-993d-1afc6db8e6af/datanode-1/data/ratis/ec438597-dca4-4518-8467-f4101502c6b0 has been successfully formatted.
2023-05-03 09:48:38,080 [pool-950-thread-1] INFO  ratis.ContainerStateMachine (ContainerStateMachine.java:loadSnapshot(262)) - group-F4101502C6B0: The snapshot info is null. Setting the last applied indexto:(t:0, i:~)
2023-05-03 09:48:38,080 [pool-950-thread-1] INFO  server.RaftServerConfigKeys (ConfUtils.java:logGet(46)) - raft.server.log.use.memory = false (default)
2023-05-03 09:48:38,080 [pool-950-thread-1] INFO  server.RaftServerConfigKeys (ConfUtils.java:logGet(46)) - raft.server.log.purge.gap = 1000000 (custom)
2023-05-03 09:48:38,080 [pool-950-thread-1] INFO  server.RaftServerConfigKeys (ConfUtils.java:logGet(46)) - raft.server.log.appender.buffer.byte-limit = 33554432 (custom)
2023-05-03 09:48:38,080 [pool-950-thread-1] INFO  server.RaftServerConfigKeys (ConfUtils.java:logGet(46)) - raft.server.log.statemachine.data.read.timeout = 1000ms (default)
2023-05-03 09:48:38,080 [pool-950-thread-1] INFO  server.RaftServerConfigKeys (ConfUtils.java:logGet(46)) - raft.server.log.purge.preservation.log.num = 0 (default)
2023-05-03 09:48:38,081 [pool-950-thread-1] INFO  server.RaftServerConfigKeys (ConfUtils.java:logGet(46)) - raft.server.log.segment.size.max = 1048576 (custom)
2023-05-03 09:48:38,081 [pool-950-thread-1] INFO  server.RaftServerConfigKeys (ConfUtils.java:logGet(46)) - raft.server.log.segment.cache.num.max = 2 (custom)
2023-05-03 09:48:38,081 [EventQueue-PipelineReportForPipelineReportHandler] INFO  pipeline.PipelineManagerImpl (PipelineManagerImpl.java:openPipeline(367)) - Pipeline Pipeline[ Id: ec438597-dca4-4518-8467-f4101502c6b0, Nodes: f5646e00-f755-4a84-81c0-28301c6d3dcd(fv-az139-793.t0dryja4c43urhy2nvp0adewnd.cx.internal.cloudapp.net/10.1.0.194), ReplicationConfig: RATIS/ONE, State:ALLOCATED, leaderId:f5646e00-f755-4a84-81c0-28301c6d3dcd, CreationTimestamp2023-05-03T09:48:35.075Z[Etc/UTC]] moved to OPEN state
2023-05-03 09:48:38,081 [EventQueue-OpenPipelineForHealthyPipelineSafeModeRule] INFO  safemode.SCMSafeModeManager (HealthyPipelineSafeModeRule.java:process(137)) - SCM in safe mode. Healthy pipelines reported count is 0, required healthy pipeline reported count is 1
2023-05-03 09:48:38,081 [pool-950-thread-1] INFO  server.RaftServerConfigKeys (ConfUtils.java:logGet(46)) - raft.server.log.segment.cache.size.max = 200MB (=209715200) (default)
2023-05-03 09:48:38,082 [pool-950-thread-1] INFO  segmented.SegmentedRaftLogWorker (SegmentedRaftLogWorker.java:<init>(189)) - new f5646e00-f755-4a84-81c0-28301c6d3dcd@group-F4101502C6B0-SegmentedRaftLogWorker for RaftStorageImpl:Storage Directory /home/runner/work/ozone/ozone/hadoop-ozone/integration-test/target/test-dir/MiniOzoneClusterImpl-58229684-5176-44ea-993d-1afc6db8e6af/datanode-1/data/ratis/ec438597-dca4-4518-8467-f4101502c6b0
2023-05-03 09:48:38,082 [pool-950-thread-1] INFO  server.RaftServerConfigKeys (ConfUtils.java:logGet(46)) - raft.server.log.queue.byte-limit = 4294967296 (custom)
2023-05-03 09:48:38,082 [pool-950-thread-1] INFO  server.RaftServerConfigKeys (ConfUtils.java:logGet(46)) - raft.server.log.queue.element-limit = 1024 (custom)
2023-05-03 09:48:38,082 [pool-950-thread-1] INFO  server.RaftServerConfigKeys (ConfUtils.java:logGet(46)) - raft.server.log.segment.size.max = 1048576 (custom)
2023-05-03 09:48:38,082 [pool-950-thread-1] INFO  server.RaftServerConfigKeys (ConfUtils.java:logGet(46)) - raft.server.log.preallocated.size = 16384 (custom)
2023-05-03 09:48:38,082 [pool-950-thread-1] INFO  server.RaftServerConfigKeys (ConfUtils.java:logGet(46)) - raft.server.log.force.sync.num = 128 (default)
2023-05-03 09:48:38,082 [pool-950-thread-1] INFO  server.RaftServerConfigKeys (ConfUtils.java:logGet(46)) - raft.server.log.statemachine.data.sync = true (default)
2023-05-03 09:48:38,082 [pool-950-thread-1] INFO  server.RaftServerConfigKeys (ConfUtils.java:logGet(46)) - raft.server.log.statemachine.data.sync.timeout = 10s (default)
2023-05-03 09:48:38,082 [pool-950-thread-1] INFO  server.RaftServerConfigKeys (ConfUtils.java:logGet(46)) - raft.server.log.statemachine.data.sync.timeout.retry = -1 (default)
2023-05-03 09:48:38,082 [pool-950-thread-1] INFO  server.RaftServerConfigKeys (ConfUtils.java:logGet(46)) - raft.server.log.write.buffer.size = 1048576 (custom)
2023-05-03 09:48:38,082 [pool-950-thread-1] INFO  server.RaftServerConfigKeys (ConfUtils.java:logGet(46)) - raft.server.log.appender.buffer.byte-limit = 33554432 (custom)
2023-05-03 09:48:38,085 [pool-950-thread-1] INFO  server.RaftServerConfigKeys (ConfUtils.java:logGet(46)) - raft.server.log.unsafe-flush.enabled = false (default)
2023-05-03 09:48:38,085 [pool-950-thread-1] INFO  server.RaftServerConfigKeys (ConfUtils.java:logGet(46)) - raft.server.log.async-flush.enabled = false (default)
2023-05-03 09:48:38,085 [pool-950-thread-1] INFO  server.RaftServerConfigKeys (ConfUtils.java:logGet(46)) - raft.server.log.statemachine.data.caching.enabled = true (custom)
2023-05-03 09:48:38,085 [pool-950-thread-1] INFO  segmented.SegmentedRaftLogWorker (SegmentedRaftLogWorker.java:lambda$new$0(135)) - f5646e00-f755-4a84-81c0-28301c6d3dcd@group-F4101502C6B0-SegmentedRaftLogWorker: flushIndex: setUnconditionally 0 -> -1
2023-05-03 09:48:38,086 [pool-950-thread-1] INFO  segmented.SegmentedRaftLogWorker (SegmentedRaftLogWorker.java:lambda$new$0(135)) - f5646e00-f755-4a84-81c0-28301c6d3dcd@group-F4101502C6B0-SegmentedRaftLogWorker: safeCacheEvictIndex: setUnconditionally 0 -> -1
2023-05-03 09:48:38,086 [pool-950-thread-1] INFO  server.RaftServer$Division (RaftServerImpl.java:start(334)) - f5646e00-f755-4a84-81c0-28301c6d3dcd@group-F4101502C6B0: start as a follower, conf=-1: peers:[f5646e00-f755-4a84-81c0-28301c6d3dcd|rpc:10.1.0.194:34301|dataStream:10.1.0.194:43451|priority:1|startupRole:FOLLOWER]|listeners:[], old=null
2023-05-03 09:48:38,086 [pool-950-thread-1] INFO  server.RaftServer$Division (RaftServerImpl.java:setRole(321)) - f5646e00-f755-4a84-81c0-28301c6d3dcd@group-F4101502C6B0: changes role from      null to FOLLOWER at term 0 for startAsFollower
2023-05-03 09:48:38,086 [pool-950-thread-1] INFO  impl.RoleInfo (RoleInfo.java:updateAndGet(139)) - f5646e00-f755-4a84-81c0-28301c6d3dcd: start f5646e00-f755-4a84-81c0-28301c6d3dcd@group-F4101502C6B0-FollowerState
2023-05-03 09:48:38,086 [pool-950-thread-1] INFO  util.JmxRegister (JmxRegister.java:tryRegister(44)) - Successfully registered JMX Bean with object name Ratis:service=RaftServer,group=group-F4101502C6B0,id=f5646e00-f755-4a84-81c0-28301c6d3dcd
2023-05-03 09:48:38,086 [pool-950-thread-1] INFO  server.RaftServerConfigKeys (ConfUtils.java:logGet(46)) - raft.server.snapshot.auto.trigger.enabled = true (custom)
2023-05-03 09:48:38,086 [pool-950-thread-1] INFO  server.RaftServerConfigKeys (ConfUtils.java:logGet(46)) - raft.server.snapshot.auto.trigger.threshold = 10000 (custom)
2023-05-03 09:48:38,086 [pool-950-thread-1] INFO  server.RaftServerConfigKeys (ConfUtils.java:logGet(46)) - raft.server.snapshot.retention.file.num = 5 (custom)
2023-05-03 09:48:38,086 [pool-950-thread-1] INFO  server.RaftServerConfigKeys (ConfUtils.java:logGet(46)) - raft.server.log.purge.upto.snapshot.index = false (default)
2023-05-03 09:48:38,087 [f5646e00-f755-4a84-81c0-28301c6d3dcd@group-F4101502C6B0-FollowerState] INFO  server.RaftServerConfigKeys (ConfUtils.java:logFallback(53)) - raft.server.rpc.first-election.timeout.min = 5s (fallback to raft.server.rpc.timeout.min)
2023-05-03 09:48:38,087 [f5646e00-f755-4a84-81c0-28301c6d3dcd@group-F4101502C6B0-FollowerState] INFO  server.RaftServerConfigKeys (ConfUtils.java:logFallback(53)) - raft.server.rpc.first-election.timeout.max = 5200ms (fallback to raft.server.rpc.timeout.max)
2023-05-03 09:48:38,087 [Command processor thread] INFO  ratis.XceiverServerRatis (XceiverServerRatis.java:addGroup(806)) - Created group PipelineID=ec438597-dca4-4518-8467-f4101502c6b0
2023-05-03 09:48:38,087 [Command processor thread] INFO  commandhandler.CreatePipelineCommandHandler (CreatePipelineCommandHandler.java:handle(113)) - Created Pipeline RATIS ONE PipelineID=ec438597-dca4-4518-8467-f4101502c6b0.
2023-05-03 09:48:38,388 [Command processor thread] INFO  server.RaftServer (RaftServerProxy.java:addNew(96)) - e11e6016-9f4c-4443-9608-a269a8403abb: addNew group-AE4FCD8C1B2D:[e11e6016-9f4c-4443-9608-a269a8403abb|rpc:10.1.0.194:41061|dataStream:10.1.0.194:43361|priority:1|startupRole:FOLLOWER] returns group-AE4FCD8C1B2D:java.util.concurrent.CompletableFuture@fcf5f50[Not completed]
2023-05-03 09:48:38,389 [pool-972-thread-1] INFO  server.RaftServer$Division (RaftServerImpl.java:<init>(195)) - e11e6016-9f4c-4443-9608-a269a8403abb: new RaftServerImpl for group-AE4FCD8C1B2D:[e11e6016-9f4c-4443-9608-a269a8403abb|rpc:10.1.0.194:41061|dataStream:10.1.0.194:43361|priority:1|startupRole:FOLLOWER] with ContainerStateMachine:uninitialized
2023-05-03 09:48:38,389 [pool-972-thread-1] INFO  server.RaftServerConfigKeys (ConfUtils.java:logGet(46)) - raft.server.rpc.timeout.min = 5s (custom)
2023-05-03 09:48:38,389 [pool-972-thread-1] INFO  server.RaftServerConfigKeys (ConfUtils.java:logGet(46)) - raft.server.rpc.timeout.max = 5200ms (custom)
2023-05-03 09:48:38,389 [pool-972-thread-1] INFO  server.RaftServerConfigKeys (ConfUtils.java:logGet(46)) - raft.server.rpc.sleep.time = 25ms (default)
2023-05-03 09:48:38,389 [pool-972-thread-1] INFO  server.RaftServerConfigKeys (ConfUtils.java:logGet(46)) - raft.server.rpc.slowness.timeout = 300s (custom)
2023-05-03 09:48:38,389 [pool-972-thread-1] INFO  server.RaftServerConfigKeys (ConfUtils.java:logGet(46)) - raft.server.leaderelection.leader.step-down.wait-time = 10s (default)
2023-05-03 09:48:38,389 [pool-972-thread-1] INFO  server.RaftServerConfigKeys (ConfUtils.java:logGet(46)) - raft.server.sleep.deviation.threshold = 300ms (default)
2023-05-03 09:48:38,389 [pool-972-thread-1] INFO  server.RaftServer$Division (ServerState.java:<init>(118)) - e11e6016-9f4c-4443-9608-a269a8403abb@group-AE4FCD8C1B2D: ConfigurationManager, init=-1: peers:[e11e6016-9f4c-4443-9608-a269a8403abb|rpc:10.1.0.194:41061|dataStream:10.1.0.194:43361|priority:1|startupRole:FOLLOWER]|listeners:[], old=null, confs=<EMPTY_MAP>
2023-05-03 09:48:38,389 [pool-972-thread-1] INFO  server.RaftServerConfigKeys (ConfUtils.java:logGet(46)) - raft.server.storage.dir = [/home/runner/work/ozone/ozone/hadoop-ozone/integration-test/target/test-dir/MiniOzoneClusterImpl-58229684-5176-44ea-993d-1afc6db8e6af/datanode-2/data/ratis] (custom)
2023-05-03 09:48:38,389 [pool-972-thread-1] INFO  server.RaftServerConfigKeys (ConfUtils.java:logGet(46)) - raft.server.log.corruption.policy = EXCEPTION (default)
2023-05-03 09:48:38,389 [pool-972-thread-1] INFO  server.RaftServerConfigKeys (ConfUtils.java:logGet(46)) - raft.server.storage.free-space.min = 0MB (=0) (default)
2023-05-03 09:48:38,389 [pool-972-thread-1] INFO  server.RaftServerConfigKeys (ConfUtils.java:logGet(46)) - raft.server.notification.no-leader.timeout = 300s (custom)
2023-05-03 09:48:38,389 [pool-972-thread-1] INFO  server.RaftServerConfigKeys (ConfUtils.java:logGet(46)) - raft.server.retrycache.expirytime = 600000ms (custom)
2023-05-03 09:48:38,389 [pool-972-thread-1] INFO  server.RaftServerConfigKeys (ConfUtils.java:logGet(46)) - raft.server.retrycache.statistics.expirytime = 100μs (default)
2023-05-03 09:48:38,389 [Listener at 127.0.0.1/43067] INFO  ozone.MiniOzoneClusterImpl (MiniOzoneClusterImpl.java:lambda$waitForClusterToBeReady$0(223)) - Nodes are ready. Got 3 of 3 DN Heartbeats.
2023-05-03 09:48:38,389 [Listener at 127.0.0.1/43067] INFO  ozone.MiniOzoneClusterImpl (MiniOzoneClusterImpl.java:lambda$waitForClusterToBeReady$0(226)) - Waiting for cluster to exit safe mode
2023-05-03 09:48:38,389 [Listener at 127.0.0.1/43067] INFO  ozone.MiniOzoneClusterImpl (MiniOzoneClusterImpl.java:lambda$waitForClusterToBeReady$0(228)) - SCM became leader
2023-05-03 09:48:38,390 [pool-972-thread-1] INFO  server.RaftServerConfigKeys (ConfUtils.java:logGet(46)) - raft.server.log.appender.install.snapshot.enabled = false (custom)
2023-05-03 09:48:38,390 [pool-972-thread-1] INFO  server.RaftServerConfigKeys (ConfUtils.java:logGet(46)) - raft.server.threadpool.server.cached = true (default)
2023-05-03 09:48:38,390 [pool-972-thread-1] INFO  server.RaftServerConfigKeys (ConfUtils.java:logGet(46)) - raft.server.threadpool.server.size = 0 (default)
2023-05-03 09:48:38,390 [pool-972-thread-1] INFO  server.RaftServerConfigKeys (ConfUtils.java:logGet(46)) - raft.server.threadpool.client.cached = true (default)
2023-05-03 09:48:38,390 [pool-972-thread-1] INFO  server.RaftServerConfigKeys (ConfUtils.java:logGet(46)) - raft.server.threadpool.client.size = 0 (default)
2023-05-03 09:48:38,390 [pool-972-thread-1] INFO  storage.RaftStorageDirectory (RaftStorageDirectoryImpl.java:analyzeStorage(137)) - The storage directory /home/runner/work/ozone/ozone/hadoop-ozone/integration-test/target/test-dir/MiniOzoneClusterImpl-58229684-5176-44ea-993d-1afc6db8e6af/datanode-2/data/ratis/ec5c3514-42f2-4f45-a105-ae4fcd8c1b2d does not exist. Creating ...
2023-05-03 09:48:38,391 [pool-972-thread-1] INFO  storage.RaftStorageDirectory (RaftStorageDirectoryImpl.java:tryLock(231)) - Lock on /home/runner/work/ozone/ozone/hadoop-ozone/integration-test/target/test-dir/MiniOzoneClusterImpl-58229684-5176-44ea-993d-1afc6db8e6af/datanode-2/data/ratis/ec5c3514-42f2-4f45-a105-ae4fcd8c1b2d/in_use.lock acquired by nodename 7780@fv-az139-793
2023-05-03 09:48:38,392 [pool-972-thread-1] INFO  storage.RaftStorage (RaftStorageImpl.java:format(96)) - Storage directory /home/runner/work/ozone/ozone/hadoop-ozone/integration-test/target/test-dir/MiniOzoneClusterImpl-58229684-5176-44ea-993d-1afc6db8e6af/datanode-2/data/ratis/ec5c3514-42f2-4f45-a105-ae4fcd8c1b2d has been successfully formatted.
2023-05-03 09:48:38,392 [pool-972-thread-1] INFO  ratis.ContainerStateMachine (ContainerStateMachine.java:loadSnapshot(262)) - group-AE4FCD8C1B2D: The snapshot info is null. Setting the last applied indexto:(t:0, i:~)
2023-05-03 09:48:38,392 [pool-972-thread-1] INFO  server.RaftServerConfigKeys (ConfUtils.java:logGet(46)) - raft.server.log.use.memory = false (default)
2023-05-03 09:48:38,392 [pool-972-thread-1] INFO  server.RaftServerConfigKeys (ConfUtils.java:logGet(46)) - raft.server.log.purge.gap = 1000000 (custom)
2023-05-03 09:48:38,392 [pool-972-thread-1] INFO  server.RaftServerConfigKeys (ConfUtils.java:logGet(46)) - raft.server.log.appender.buffer.byte-limit = 33554432 (custom)
2023-05-03 09:48:38,392 [pool-972-thread-1] INFO  server.RaftServerConfigKeys (ConfUtils.java:logGet(46)) - raft.server.log.statemachine.data.read.timeout = 1000ms (default)
2023-05-03 09:48:38,392 [pool-972-thread-1] INFO  server.RaftServerConfigKeys (ConfUtils.java:logGet(46)) - raft.server.log.purge.preservation.log.num = 0 (default)
2023-05-03 09:48:38,392 [pool-972-thread-1] INFO  server.RaftServerConfigKeys (ConfUtils.java:logGet(46)) - raft.server.log.segment.size.max = 1048576 (custom)
2023-05-03 09:48:38,393 [pool-972-thread-1] INFO  server.RaftServerConfigKeys (ConfUtils.java:logGet(46)) - raft.server.log.segment.cache.num.max = 2 (custom)
2023-05-03 09:48:38,393 [pool-972-thread-1] INFO  server.RaftServerConfigKeys (ConfUtils.java:logGet(46)) - raft.server.log.segment.cache.size.max = 200MB (=209715200) (default)
2023-05-03 09:48:38,393 [pool-972-thread-1] INFO  segmented.SegmentedRaftLogWorker (SegmentedRaftLogWorker.java:<init>(189)) - new e11e6016-9f4c-4443-9608-a269a8403abb@group-AE4FCD8C1B2D-SegmentedRaftLogWorker for RaftStorageImpl:Storage Directory /home/runner/work/ozone/ozone/hadoop-ozone/integration-test/target/test-dir/MiniOzoneClusterImpl-58229684-5176-44ea-993d-1afc6db8e6af/datanode-2/data/ratis/ec5c3514-42f2-4f45-a105-ae4fcd8c1b2d
2023-05-03 09:48:38,393 [EventQueue-PipelineReportForPipelineReportHandler] INFO  pipeline.PipelineManagerImpl (PipelineManagerImpl.java:openPipeline(367)) - Pipeline Pipeline[ Id: ec5c3514-42f2-4f45-a105-ae4fcd8c1b2d, Nodes: e11e6016-9f4c-4443-9608-a269a8403abb(fv-az139-793.t0dryja4c43urhy2nvp0adewnd.cx.internal.cloudapp.net/10.1.0.194), ReplicationConfig: RATIS/ONE, State:ALLOCATED, leaderId:e11e6016-9f4c-4443-9608-a269a8403abb, CreationTimestamp2023-05-03T09:48:35.390Z[Etc/UTC]] moved to OPEN state
2023-05-03 09:48:38,394 [pool-972-thread-1] INFO  server.RaftServerConfigKeys (ConfUtils.java:logGet(46)) - raft.server.log.queue.byte-limit = 4294967296 (custom)
2023-05-03 09:48:38,394 [pool-972-thread-1] INFO  server.RaftServerConfigKeys (ConfUtils.java:logGet(46)) - raft.server.log.queue.element-limit = 1024 (custom)
2023-05-03 09:48:38,394 [pool-972-thread-1] INFO  server.RaftServerConfigKeys (ConfUtils.java:logGet(46)) - raft.server.log.segment.size.max = 1048576 (custom)
2023-05-03 09:48:38,394 [pool-972-thread-1] INFO  server.RaftServerConfigKeys (ConfUtils.java:logGet(46)) - raft.server.log.preallocated.size = 16384 (custom)
2023-05-03 09:48:38,394 [pool-972-thread-1] INFO  server.RaftServerConfigKeys (ConfUtils.java:logGet(46)) - raft.server.log.force.sync.num = 128 (default)
2023-05-03 09:48:38,394 [pool-972-thread-1] INFO  server.RaftServerConfigKeys (ConfUtils.java:logGet(46)) - raft.server.log.statemachine.data.sync = true (default)
2023-05-03 09:48:38,394 [pool-972-thread-1] INFO  server.RaftServerConfigKeys (ConfUtils.java:logGet(46)) - raft.server.log.statemachine.data.sync.timeout = 10s (default)
2023-05-03 09:48:38,394 [EventQueue-OpenPipelineForHealthyPipelineSafeModeRule] INFO  safemode.SCMSafeModeManager (HealthyPipelineSafeModeRule.java:process(137)) - SCM in safe mode. Healthy pipelines reported count is 0, required healthy pipeline reported count is 1
2023-05-03 09:48:38,394 [pool-972-thread-1] INFO  server.RaftServerConfigKeys (ConfUtils.java:logGet(46)) - raft.server.log.statemachine.data.sync.timeout.retry = -1 (default)
2023-05-03 09:48:38,394 [pool-972-thread-1] INFO  server.RaftServerConfigKeys (ConfUtils.java:logGet(46)) - raft.server.log.write.buffer.size = 1048576 (custom)
2023-05-03 09:48:38,395 [pool-972-thread-1] INFO  server.RaftServerConfigKeys (ConfUtils.java:logGet(46)) - raft.server.log.appender.buffer.byte-limit = 33554432 (custom)
2023-05-03 09:48:38,398 [pool-972-thread-1] INFO  server.RaftServerConfigKeys (ConfUtils.java:logGet(46)) - raft.server.log.unsafe-flush.enabled = false (default)
2023-05-03 09:48:38,398 [pool-972-thread-1] INFO  server.RaftServerConfigKeys (ConfUtils.java:logGet(46)) - raft.server.log.async-flush.enabled = false (default)
2023-05-03 09:48:38,398 [pool-972-thread-1] INFO  server.RaftServerConfigKeys (ConfUtils.java:logGet(46)) - raft.server.log.statemachine.data.caching.enabled = true (custom)
2023-05-03 09:48:38,398 [pool-972-thread-1] INFO  segmented.SegmentedRaftLogWorker (SegmentedRaftLogWorker.java:lambda$new$0(135)) - e11e6016-9f4c-4443-9608-a269a8403abb@group-AE4FCD8C1B2D-SegmentedRaftLogWorker: flushIndex: setUnconditionally 0 -> -1
2023-05-03 09:48:38,398 [pool-972-thread-1] INFO  segmented.SegmentedRaftLogWorker (SegmentedRaftLogWorker.java:lambda$new$0(135)) - e11e6016-9f4c-4443-9608-a269a8403abb@group-AE4FCD8C1B2D-SegmentedRaftLogWorker: safeCacheEvictIndex: setUnconditionally 0 -> -1
2023-05-03 09:48:38,398 [pool-972-thread-1] INFO  server.RaftServer$Division (RaftServerImpl.java:start(334)) - e11e6016-9f4c-4443-9608-a269a8403abb@group-AE4FCD8C1B2D: start as a follower, conf=-1: peers:[e11e6016-9f4c-4443-9608-a269a8403abb|rpc:10.1.0.194:41061|dataStream:10.1.0.194:43361|priority:1|startupRole:FOLLOWER]|listeners:[], old=null
2023-05-03 09:48:38,398 [pool-972-thread-1] INFO  server.RaftServer$Division (RaftServerImpl.java:setRole(321)) - e11e6016-9f4c-4443-9608-a269a8403abb@group-AE4FCD8C1B2D: changes role from      null to FOLLOWER at term 0 for startAsFollower
2023-05-03 09:48:38,398 [pool-972-thread-1] INFO  impl.RoleInfo (RoleInfo.java:updateAndGet(139)) - e11e6016-9f4c-4443-9608-a269a8403abb: start e11e6016-9f4c-4443-9608-a269a8403abb@group-AE4FCD8C1B2D-FollowerState
2023-05-03 09:48:38,398 [pool-972-thread-1] INFO  util.JmxRegister (JmxRegister.java:tryRegister(44)) - Successfully registered JMX Bean with object name Ratis:service=RaftServer,group=group-AE4FCD8C1B2D,id=e11e6016-9f4c-4443-9608-a269a8403abb
2023-05-03 09:48:38,398 [pool-972-thread-1] INFO  server.RaftServerConfigKeys (ConfUtils.java:logGet(46)) - raft.server.snapshot.auto.trigger.enabled = true (custom)
2023-05-03 09:48:38,398 [pool-972-thread-1] INFO  server.RaftServerConfigKeys (ConfUtils.java:logGet(46)) - raft.server.snapshot.auto.trigger.threshold = 10000 (custom)
2023-05-03 09:48:38,399 [pool-972-thread-1] INFO  server.RaftServerConfigKeys (ConfUtils.java:logGet(46)) - raft.server.snapshot.retention.file.num = 5 (custom)
2023-05-03 09:48:38,399 [pool-972-thread-1] INFO  server.RaftServerConfigKeys (ConfUtils.java:logGet(46)) - raft.server.log.purge.upto.snapshot.index = false (default)
2023-05-03 09:48:38,399 [e11e6016-9f4c-4443-9608-a269a8403abb@group-AE4FCD8C1B2D-FollowerState] INFO  server.RaftServerConfigKeys (ConfUtils.java:logFallback(53)) - raft.server.rpc.first-election.timeout.min = 5s (fallback to raft.server.rpc.timeout.min)
2023-05-03 09:48:38,399 [e11e6016-9f4c-4443-9608-a269a8403abb@group-AE4FCD8C1B2D-FollowerState] INFO  server.RaftServerConfigKeys (ConfUtils.java:logFallback(53)) - raft.server.rpc.first-election.timeout.max = 5200ms (fallback to raft.server.rpc.timeout.max)
2023-05-03 09:48:38,399 [Command processor thread] INFO  ratis.XceiverServerRatis (XceiverServerRatis.java:addGroup(806)) - Created group PipelineID=ec5c3514-42f2-4f45-a105-ae4fcd8c1b2d
2023-05-03 09:48:38,399 [Command processor thread] INFO  commandhandler.CreatePipelineCommandHandler (CreatePipelineCommandHandler.java:handle(113)) - Created Pipeline RATIS ONE PipelineID=ec5c3514-42f2-4f45-a105-ae4fcd8c1b2d.
2023-05-03 09:48:39,390 [Listener at 127.0.0.1/43067] INFO  ozone.MiniOzoneClusterImpl (MiniOzoneClusterImpl.java:lambda$waitForClusterToBeReady$0(223)) - Nodes are ready. Got 3 of 3 DN Heartbeats.
2023-05-03 09:48:39,390 [Listener at 127.0.0.1/43067] INFO  ozone.MiniOzoneClusterImpl (MiniOzoneClusterImpl.java:lambda$waitForClusterToBeReady$0(226)) - Waiting for cluster to exit safe mode
2023-05-03 09:48:39,390 [Listener at 127.0.0.1/43067] INFO  ozone.MiniOzoneClusterImpl (MiniOzoneClusterImpl.java:lambda$waitForClusterToBeReady$0(228)) - SCM became leader
2023-05-03 09:48:40,390 [Listener at 127.0.0.1/43067] INFO  ozone.MiniOzoneClusterImpl (MiniOzoneClusterImpl.java:lambda$waitForClusterToBeReady$0(223)) - Nodes are ready. Got 3 of 3 DN Heartbeats.
2023-05-03 09:48:40,390 [Listener at 127.0.0.1/43067] INFO  ozone.MiniOzoneClusterImpl (MiniOzoneClusterImpl.java:lambda$waitForClusterToBeReady$0(226)) - Waiting for cluster to exit safe mode
2023-05-03 09:48:40,390 [Listener at 127.0.0.1/43067] INFO  ozone.MiniOzoneClusterImpl (MiniOzoneClusterImpl.java:lambda$waitForClusterToBeReady$0(228)) - SCM became leader
2023-05-03 09:48:41,390 [Listener at 127.0.0.1/43067] INFO  ozone.MiniOzoneClusterImpl (MiniOzoneClusterImpl.java:lambda$waitForClusterToBeReady$0(223)) - Nodes are ready. Got 3 of 3 DN Heartbeats.
2023-05-03 09:48:41,391 [Listener at 127.0.0.1/43067] INFO  ozone.MiniOzoneClusterImpl (MiniOzoneClusterImpl.java:lambda$waitForClusterToBeReady$0(226)) - Waiting for cluster to exit safe mode
2023-05-03 09:48:41,391 [Listener at 127.0.0.1/43067] INFO  ozone.MiniOzoneClusterImpl (MiniOzoneClusterImpl.java:lambda$waitForClusterToBeReady$0(228)) - SCM became leader
2023-05-03 09:48:42,391 [Listener at 127.0.0.1/43067] INFO  ozone.MiniOzoneClusterImpl (MiniOzoneClusterImpl.java:lambda$waitForClusterToBeReady$0(223)) - Nodes are ready. Got 3 of 3 DN Heartbeats.
2023-05-03 09:48:42,391 [Listener at 127.0.0.1/43067] INFO  ozone.MiniOzoneClusterImpl (MiniOzoneClusterImpl.java:lambda$waitForClusterToBeReady$0(226)) - Waiting for cluster to exit safe mode
2023-05-03 09:48:42,391 [Listener at 127.0.0.1/43067] INFO  ozone.MiniOzoneClusterImpl (MiniOzoneClusterImpl.java:lambda$waitForClusterToBeReady$0(228)) - SCM became leader
2023-05-03 09:48:42,857 [77d385a9-4ef0-49b0-a825-0af72e1af87e@group-8D66BDBA0460-FollowerState] INFO  impl.FollowerState (FollowerState.java:run(143)) - 77d385a9-4ef0-49b0-a825-0af72e1af87e@group-8D66BDBA0460-FollowerState: change to CANDIDATE, lastRpcElapsedTime:5100591634ns, electionTimeout:5098ms
2023-05-03 09:48:42,857 [77d385a9-4ef0-49b0-a825-0af72e1af87e@group-8D66BDBA0460-FollowerState] INFO  impl.RoleInfo (RoleInfo.java:shutdownFollowerState(110)) - 77d385a9-4ef0-49b0-a825-0af72e1af87e: shutdown 77d385a9-4ef0-49b0-a825-0af72e1af87e@group-8D66BDBA0460-FollowerState
2023-05-03 09:48:42,857 [77d385a9-4ef0-49b0-a825-0af72e1af87e@group-8D66BDBA0460-FollowerState] INFO  server.RaftServer$Division (RaftServerImpl.java:setRole(321)) - 77d385a9-4ef0-49b0-a825-0af72e1af87e@group-8D66BDBA0460: changes role from  FOLLOWER to CANDIDATE at term 0 for changeToCandidate
2023-05-03 09:48:42,857 [77d385a9-4ef0-49b0-a825-0af72e1af87e@group-8D66BDBA0460-FollowerState] INFO  server.RaftServerConfigKeys (ConfUtils.java:logGet(46)) - raft.server.leaderelection.pre-vote = true (default)
2023-05-03 09:48:42,857 [77d385a9-4ef0-49b0-a825-0af72e1af87e@group-8D66BDBA0460-FollowerState] INFO  impl.RoleInfo (RoleInfo.java:updateAndGet(139)) - 77d385a9-4ef0-49b0-a825-0af72e1af87e: start 77d385a9-4ef0-49b0-a825-0af72e1af87e@group-8D66BDBA0460-LeaderElection38
2023-05-03 09:48:42,858 [77d385a9-4ef0-49b0-a825-0af72e1af87e@group-8D66BDBA0460-LeaderElection38] INFO  impl.LeaderElection (LeaderElection.java:askForVotes(312)) - 77d385a9-4ef0-49b0-a825-0af72e1af87e@group-8D66BDBA0460-LeaderElection38 PRE_VOTE round 0: submit vote requests at term 0 for -1: peers:[77d385a9-4ef0-49b0-a825-0af72e1af87e|rpc:10.1.0.194:44795|dataStream:10.1.0.194:44383|priority:1|startupRole:FOLLOWER]|listeners:[], old=null
2023-05-03 09:48:42,858 [77d385a9-4ef0-49b0-a825-0af72e1af87e@group-8D66BDBA0460-LeaderElection38] INFO  impl.LeaderElection (LeaderElection.java:askForVotes(314)) - 77d385a9-4ef0-49b0-a825-0af72e1af87e@group-8D66BDBA0460-LeaderElection38 PRE_VOTE round 0: result PASSED (term=0)
2023-05-03 09:48:42,859 [77d385a9-4ef0-49b0-a825-0af72e1af87e@group-8D66BDBA0460-LeaderElection38] INFO  impl.LeaderElection (LeaderElection.java:askForVotes(312)) - 77d385a9-4ef0-49b0-a825-0af72e1af87e@group-8D66BDBA0460-LeaderElection38 ELECTION round 0: submit vote requests at term 1 for -1: peers:[77d385a9-4ef0-49b0-a825-0af72e1af87e|rpc:10.1.0.194:44795|dataStream:10.1.0.194:44383|priority:1|startupRole:FOLLOWER]|listeners:[], old=null
2023-05-03 09:48:42,860 [77d385a9-4ef0-49b0-a825-0af72e1af87e@group-8D66BDBA0460-LeaderElection38] INFO  impl.LeaderElection (LeaderElection.java:askForVotes(314)) - 77d385a9-4ef0-49b0-a825-0af72e1af87e@group-8D66BDBA0460-LeaderElection38 ELECTION round 0: result PASSED (term=1)
2023-05-03 09:48:42,860 [77d385a9-4ef0-49b0-a825-0af72e1af87e@group-8D66BDBA0460-LeaderElection38] INFO  impl.RoleInfo (RoleInfo.java:shutdownLeaderElection(130)) - 77d385a9-4ef0-49b0-a825-0af72e1af87e: shutdown 77d385a9-4ef0-49b0-a825-0af72e1af87e@group-8D66BDBA0460-LeaderElection38
2023-05-03 09:48:42,860 [77d385a9-4ef0-49b0-a825-0af72e1af87e@group-8D66BDBA0460-LeaderElection38] INFO  server.RaftServer$Division (RaftServerImpl.java:setRole(321)) - 77d385a9-4ef0-49b0-a825-0af72e1af87e@group-8D66BDBA0460: changes role from CANDIDATE to LEADER at term 1 for changeToLeader
2023-05-03 09:48:42,860 [77d385a9-4ef0-49b0-a825-0af72e1af87e@group-8D66BDBA0460-LeaderElection38] INFO  ratis.XceiverServerRatis (XceiverServerRatis.java:handleLeaderChangedNotification(904)) - Leader change notification received for group: group-8D66BDBA0460 with new leaderId: 77d385a9-4ef0-49b0-a825-0af72e1af87e
2023-05-03 09:48:42,860 [77d385a9-4ef0-49b0-a825-0af72e1af87e@group-8D66BDBA0460-LeaderElection38] INFO  server.RaftServer$Division (ServerState.java:setLeader(313)) - 77d385a9-4ef0-49b0-a825-0af72e1af87e@group-8D66BDBA0460: change Leader from null to 77d385a9-4ef0-49b0-a825-0af72e1af87e at term 1 for becomeLeader, leader elected after 5123ms
2023-05-03 09:48:42,860 [77d385a9-4ef0-49b0-a825-0af72e1af87e@group-8D66BDBA0460-LeaderElection38] INFO  server.RaftServerConfigKeys (ConfUtils.java:logGet(46)) - raft.server.staging.catchup.gap = 1000 (default)
2023-05-03 09:48:42,861 [EventQueue-OpenPipelineForHealthyPipelineSafeModeRule] INFO  safemode.SCMSafeModeManager (HealthyPipelineSafeModeRule.java:process(137)) - SCM in safe mode. Healthy pipelines reported count is 0, required healthy pipeline reported count is 1
2023-05-03 09:48:42,862 [77d385a9-4ef0-49b0-a825-0af72e1af87e@group-8D66BDBA0460-LeaderElection38] INFO  server.RaftServerConfigKeys (ConfUtils.java:logGet(46)) - raft.server.write.element-limit = 1024 (custom)
2023-05-03 09:48:42,862 [77d385a9-4ef0-49b0-a825-0af72e1af87e@group-8D66BDBA0460-LeaderElection38] INFO  server.RaftServerConfigKeys (ConfUtils.java:logGet(46)) - raft.server.write.byte-limit = 1024 M (=1073741824) (custom)
2023-05-03 09:48:42,862 [77d385a9-4ef0-49b0-a825-0af72e1af87e@group-8D66BDBA0460-LeaderElection38] INFO  server.RaftServerConfigKeys (ConfUtils.java:logGet(46)) - raft.server.watch.timeout = 180s (custom)
2023-05-03 09:48:42,863 [77d385a9-4ef0-49b0-a825-0af72e1af87e@group-8D66BDBA0460-LeaderElection38] INFO  server.RaftServerConfigKeys (ConfUtils.java:logGet(46)) - raft.server.watch.timeout.denomination = 1s (default)
2023-05-03 09:48:42,863 [77d385a9-4ef0-49b0-a825-0af72e1af87e@group-8D66BDBA0460-LeaderElection38] INFO  server.RaftServerConfigKeys (ConfUtils.java:logGet(46)) - raft.server.watch.element-limit = 65536 (default)
2023-05-03 09:48:42,863 [77d385a9-4ef0-49b0-a825-0af72e1af87e@group-8D66BDBA0460-LeaderElection38] INFO  server.RaftServerConfigKeys (ConfUtils.java:logGet(46)) - raft.server.write.element-limit = 1024 (custom)
2023-05-03 09:48:42,863 [77d385a9-4ef0-49b0-a825-0af72e1af87e@group-8D66BDBA0460-LeaderElection38] INFO  server.RaftServerConfigKeys (ConfUtils.java:logGet(46)) - raft.server.write.follower.gap.ratio.max = -1.0 (default)
2023-05-03 09:48:42,863 [77d385a9-4ef0-49b0-a825-0af72e1af87e@group-8D66BDBA0460-LeaderElection38] INFO  impl.RoleInfo (RoleInfo.java:updateAndGet(139)) - 77d385a9-4ef0-49b0-a825-0af72e1af87e: start 77d385a9-4ef0-49b0-a825-0af72e1af87e@group-8D66BDBA0460-LeaderStateImpl
2023-05-03 09:48:42,863 [77d385a9-4ef0-49b0-a825-0af72e1af87e@group-8D66BDBA0460-LeaderElection38] INFO  segmented.SegmentedRaftLogWorker (SegmentedRaftLogWorker.java:startLogSegment(452)) - 77d385a9-4ef0-49b0-a825-0af72e1af87e@group-8D66BDBA0460-SegmentedRaftLogWorker: Starting segment from index:0
2023-05-03 09:48:42,867 [77d385a9-4ef0-49b0-a825-0af72e1af87e@group-8D66BDBA0460-LeaderElection38] INFO  server.RaftServer$Division (ServerState.java:setRaftConf(430)) - 77d385a9-4ef0-49b0-a825-0af72e1af87e@group-8D66BDBA0460: set configuration 0: peers:[77d385a9-4ef0-49b0-a825-0af72e1af87e|rpc:10.1.0.194:44795|dataStream:10.1.0.194:44383|priority:1|startupRole:FOLLOWER]|listeners:[], old=null
2023-05-03 09:48:42,867 [77d385a9-4ef0-49b0-a825-0af72e1af87e@group-8D66BDBA0460-SegmentedRaftLogWorker] INFO  segmented.SegmentedRaftLogWorker (SegmentedRaftLogWorker.java:execute(656)) - 77d385a9-4ef0-49b0-a825-0af72e1af87e@group-8D66BDBA0460-SegmentedRaftLogWorker: created new log segment /home/runner/work/ozone/ozone/hadoop-ozone/integration-test/target/test-dir/MiniOzoneClusterImpl-58229684-5176-44ea-993d-1afc6db8e6af/datanode-0/data/ratis/1fdcf3c2-e48c-41b9-b518-8d66bdba0460/current/log_inprogress_0
2023-05-03 09:48:42,951 [77d385a9-4ef0-49b0-a825-0af72e1af87e@group-AF2F860F9E56-FollowerState] INFO  impl.FollowerState (FollowerState.java:run(143)) - 77d385a9-4ef0-49b0-a825-0af72e1af87e@group-AF2F860F9E56-FollowerState: change to CANDIDATE, lastRpcElapsedTime:5176413791ns, electionTimeout:5176ms
2023-05-03 09:48:42,951 [77d385a9-4ef0-49b0-a825-0af72e1af87e@group-AF2F860F9E56-FollowerState] INFO  impl.RoleInfo (RoleInfo.java:shutdownFollowerState(110)) - 77d385a9-4ef0-49b0-a825-0af72e1af87e: shutdown 77d385a9-4ef0-49b0-a825-0af72e1af87e@group-AF2F860F9E56-FollowerState
2023-05-03 09:48:42,951 [77d385a9-4ef0-49b0-a825-0af72e1af87e@group-AF2F860F9E56-FollowerState] INFO  server.RaftServer$Division (RaftServerImpl.java:setRole(321)) - 77d385a9-4ef0-49b0-a825-0af72e1af87e@group-AF2F860F9E56: changes role from  FOLLOWER to CANDIDATE at term 0 for changeToCandidate
2023-05-03 09:48:42,951 [77d385a9-4ef0-49b0-a825-0af72e1af87e@group-AF2F860F9E56-FollowerState] INFO  server.RaftServerConfigKeys (ConfUtils.java:logGet(46)) - raft.server.leaderelection.pre-vote = true (default)
2023-05-03 09:48:42,951 [77d385a9-4ef0-49b0-a825-0af72e1af87e@group-AF2F860F9E56-FollowerState] INFO  impl.RoleInfo (RoleInfo.java:updateAndGet(139)) - 77d385a9-4ef0-49b0-a825-0af72e1af87e: start 77d385a9-4ef0-49b0-a825-0af72e1af87e@group-AF2F860F9E56-LeaderElection39
2023-05-03 09:48:42,959 [77d385a9-4ef0-49b0-a825-0af72e1af87e@group-AF2F860F9E56-LeaderElection39] INFO  impl.LeaderElection (LeaderElection.java:askForVotes(312)) - 77d385a9-4ef0-49b0-a825-0af72e1af87e@group-AF2F860F9E56-LeaderElection39 PRE_VOTE round 0: submit vote requests at term 0 for -1: peers:[e11e6016-9f4c-4443-9608-a269a8403abb|rpc:10.1.0.194:41061|dataStream:10.1.0.194:43361|priority:0|startupRole:FOLLOWER, 77d385a9-4ef0-49b0-a825-0af72e1af87e|rpc:10.1.0.194:44795|dataStream:10.1.0.194:44383|priority:0|startupRole:FOLLOWER, f5646e00-f755-4a84-81c0-28301c6d3dcd|rpc:10.1.0.194:34301|dataStream:10.1.0.194:43451|priority:1|startupRole:FOLLOWER]|listeners:[], old=null
2023-05-03 09:48:42,960 [77d385a9-4ef0-49b0-a825-0af72e1af87e@group-AF2F860F9E56-LeaderElection39-1] INFO  server.GrpcServerProtocolClient (GrpcServerProtocolClient.java:<init>(63)) - Build channel for e11e6016-9f4c-4443-9608-a269a8403abb
2023-05-03 09:48:42,962 [77d385a9-4ef0-49b0-a825-0af72e1af87e@group-561892FD82FE-FollowerState] INFO  impl.FollowerState (FollowerState.java:run(143)) - 77d385a9-4ef0-49b0-a825-0af72e1af87e@group-561892FD82FE-FollowerState: change to CANDIDATE, lastRpcElapsedTime:5042569814ns, electionTimeout:5042ms
2023-05-03 09:48:42,963 [77d385a9-4ef0-49b0-a825-0af72e1af87e@group-561892FD82FE-FollowerState] INFO  impl.RoleInfo (RoleInfo.java:shutdownFollowerState(110)) - 77d385a9-4ef0-49b0-a825-0af72e1af87e: shutdown 77d385a9-4ef0-49b0-a825-0af72e1af87e@group-561892FD82FE-FollowerState
2023-05-03 09:48:42,963 [77d385a9-4ef0-49b0-a825-0af72e1af87e@group-561892FD82FE-FollowerState] INFO  server.RaftServer$Division (RaftServerImpl.java:setRole(321)) - 77d385a9-4ef0-49b0-a825-0af72e1af87e@group-561892FD82FE: changes role from  FOLLOWER to CANDIDATE at term 0 for changeToCandidate
2023-05-03 09:48:42,965 [77d385a9-4ef0-49b0-a825-0af72e1af87e@group-AF2F860F9E56-LeaderElection39] INFO  server.RaftServerConfigKeys (ConfUtils.java:logFallback(53)) - raft.server.rpc.first-election.timeout.min = 5s (fallback to raft.server.rpc.timeout.min)
2023-05-03 09:48:42,965 [77d385a9-4ef0-49b0-a825-0af72e1af87e@group-AF2F860F9E56-LeaderElection39] INFO  server.RaftServerConfigKeys (ConfUtils.java:logFallback(53)) - raft.server.rpc.first-election.timeout.max = 5200ms (fallback to raft.server.rpc.timeout.max)
2023-05-03 09:48:42,965 [77d385a9-4ef0-49b0-a825-0af72e1af87e@group-AF2F860F9E56-LeaderElection39-2] INFO  server.GrpcServerProtocolClient (GrpcServerProtocolClient.java:<init>(63)) - Build channel for f5646e00-f755-4a84-81c0-28301c6d3dcd
2023-05-03 09:48:42,965 [77d385a9-4ef0-49b0-a825-0af72e1af87e@group-561892FD82FE-FollowerState] INFO  server.RaftServerConfigKeys (ConfUtils.java:logGet(46)) - raft.server.leaderelection.pre-vote = true (default)
2023-05-03 09:48:42,967 [77d385a9-4ef0-49b0-a825-0af72e1af87e@group-561892FD82FE-FollowerState] INFO  impl.RoleInfo (RoleInfo.java:updateAndGet(139)) - 77d385a9-4ef0-49b0-a825-0af72e1af87e: start 77d385a9-4ef0-49b0-a825-0af72e1af87e@group-561892FD82FE-LeaderElection40
2023-05-03 09:48:42,969 [grpc-default-executor-0] INFO  server.RaftServer$Division (RaftServerImpl.java:requestVote(1218)) - e11e6016-9f4c-4443-9608-a269a8403abb@group-AF2F860F9E56: receive requestVote(PRE_VOTE, 77d385a9-4ef0-49b0-a825-0af72e1af87e, group-AF2F860F9E56, 0, (t:0, i:0))
2023-05-03 09:48:42,969 [grpc-default-executor-0] INFO  impl.VoteContext (VoteContext.java:log(49)) - e11e6016-9f4c-4443-9608-a269a8403abb@group-AF2F860F9E56-FOLLOWER: accept PRE_VOTE from 77d385a9-4ef0-49b0-a825-0af72e1af87e: our priority 0 <= candidate's priority 0
2023-05-03 09:48:42,969 [grpc-default-executor-0] INFO  server.RaftServer$Division (RaftServerImpl.java:requestVote(1251)) - e11e6016-9f4c-4443-9608-a269a8403abb@group-AF2F860F9E56 replies to PRE_VOTE vote request: 77d385a9-4ef0-49b0-a825-0af72e1af87e<-e11e6016-9f4c-4443-9608-a269a8403abb#0:OK-t0. Peer's state: e11e6016-9f4c-4443-9608-a269a8403abb@group-AF2F860F9E56:t0, leader=null, voted=, raftlog=Memoized:e11e6016-9f4c-4443-9608-a269a8403abb@group-AF2F860F9E56-SegmentedRaftLog:OPENED:c-1, conf=-1: peers:[e11e6016-9f4c-4443-9608-a269a8403abb|rpc:10.1.0.194:41061|dataStream:10.1.0.194:43361|priority:0|startupRole:FOLLOWER, 77d385a9-4ef0-49b0-a825-0af72e1af87e|rpc:10.1.0.194:44795|dataStream:10.1.0.194:44383|priority:0|startupRole:FOLLOWER, f5646e00-f755-4a84-81c0-28301c6d3dcd|rpc:10.1.0.194:34301|dataStream:10.1.0.194:43451|priority:1|startupRole:FOLLOWER]|listeners:[], old=null
2023-05-03 09:48:42,980 [77d385a9-4ef0-49b0-a825-0af72e1af87e@group-561892FD82FE-LeaderElection40] INFO  impl.LeaderElection (LeaderElection.java:askForVotes(312)) - 77d385a9-4ef0-49b0-a825-0af72e1af87e@group-561892FD82FE-LeaderElection40 PRE_VOTE round 0: submit vote requests at term 0 for -1: peers:[e11e6016-9f4c-4443-9608-a269a8403abb|rpc:10.1.0.194:41061|dataStream:10.1.0.194:43361|priority:0|startupRole:FOLLOWER, 77d385a9-4ef0-49b0-a825-0af72e1af87e|rpc:10.1.0.194:44795|dataStream:10.1.0.194:44383|priority:1|startupRole:FOLLOWER, f5646e00-f755-4a84-81c0-28301c6d3dcd|rpc:10.1.0.194:34301|dataStream:10.1.0.194:43451|priority:0|startupRole:FOLLOWER]|listeners:[], old=null
2023-05-03 09:48:42,980 [77d385a9-4ef0-49b0-a825-0af72e1af87e@group-561892FD82FE-LeaderElection40] INFO  server.RaftServerConfigKeys (ConfUtils.java:logFallback(53)) - raft.server.rpc.first-election.timeout.min = 5s (fallback to raft.server.rpc.timeout.min)
2023-05-03 09:48:42,980 [77d385a9-4ef0-49b0-a825-0af72e1af87e@group-561892FD82FE-LeaderElection40] INFO  server.RaftServerConfigKeys (ConfUtils.java:logFallback(53)) - raft.server.rpc.first-election.timeout.max = 5200ms (fallback to raft.server.rpc.timeout.max)
2023-05-03 09:48:42,983 [grpc-default-executor-0] INFO  server.RaftServer$Division (RaftServerImpl.java:requestVote(1218)) - e11e6016-9f4c-4443-9608-a269a8403abb@group-561892FD82FE: receive requestVote(PRE_VOTE, 77d385a9-4ef0-49b0-a825-0af72e1af87e, group-561892FD82FE, 0, (t:0, i:0))
2023-05-03 09:48:42,983 [grpc-default-executor-0] INFO  impl.VoteContext (VoteContext.java:log(49)) - e11e6016-9f4c-4443-9608-a269a8403abb@group-561892FD82FE-FOLLOWER: accept PRE_VOTE from 77d385a9-4ef0-49b0-a825-0af72e1af87e: our priority 0 <= candidate's priority 1
2023-05-03 09:48:42,983 [grpc-default-executor-0] INFO  server.RaftServer$Division (RaftServerImpl.java:requestVote(1251)) - e11e6016-9f4c-4443-9608-a269a8403abb@group-561892FD82FE replies to PRE_VOTE vote request: 77d385a9-4ef0-49b0-a825-0af72e1af87e<-e11e6016-9f4c-4443-9608-a269a8403abb#0:OK-t0. Peer's state: e11e6016-9f4c-4443-9608-a269a8403abb@group-561892FD82FE:t0, leader=null, voted=, raftlog=Memoized:e11e6016-9f4c-4443-9608-a269a8403abb@group-561892FD82FE-SegmentedRaftLog:OPENED:c-1, conf=-1: peers:[e11e6016-9f4c-4443-9608-a269a8403abb|rpc:10.1.0.194:41061|dataStream:10.1.0.194:43361|priority:0|startupRole:FOLLOWER, 77d385a9-4ef0-49b0-a825-0af72e1af87e|rpc:10.1.0.194:44795|dataStream:10.1.0.194:44383|priority:1|startupRole:FOLLOWER, f5646e00-f755-4a84-81c0-28301c6d3dcd|rpc:10.1.0.194:34301|dataStream:10.1.0.194:43451|priority:0|startupRole:FOLLOWER]|listeners:[], old=null
2023-05-03 09:48:42,984 [77d385a9-4ef0-49b0-a825-0af72e1af87e@group-561892FD82FE-LeaderElection40] INFO  impl.LeaderElection (LeaderElection.java:logAndReturn(90)) - 77d385a9-4ef0-49b0-a825-0af72e1af87e@group-561892FD82FE-LeaderElection40: PRE_VOTE PASSED received 1 response(s) and 0 exception(s):
2023-05-03 09:48:42,984 [77d385a9-4ef0-49b0-a825-0af72e1af87e@group-561892FD82FE-LeaderElection40] INFO  impl.LeaderElection (LeaderElection.java:logAndReturn(94)) -   Response 0: 77d385a9-4ef0-49b0-a825-0af72e1af87e<-e11e6016-9f4c-4443-9608-a269a8403abb#0:OK-t0
2023-05-03 09:48:42,984 [77d385a9-4ef0-49b0-a825-0af72e1af87e@group-561892FD82FE-LeaderElection40] INFO  impl.LeaderElection (LeaderElection.java:askForVotes(314)) - 77d385a9-4ef0-49b0-a825-0af72e1af87e@group-561892FD82FE-LeaderElection40 PRE_VOTE round 0: result PASSED
2023-05-03 09:48:42,985 [77d385a9-4ef0-49b0-a825-0af72e1af87e@group-561892FD82FE-LeaderElection40] INFO  impl.LeaderElection (LeaderElection.java:askForVotes(312)) - 77d385a9-4ef0-49b0-a825-0af72e1af87e@group-561892FD82FE-LeaderElection40 ELECTION round 0: submit vote requests at term 1 for -1: peers:[e11e6016-9f4c-4443-9608-a269a8403abb|rpc:10.1.0.194:41061|dataStream:10.1.0.194:43361|priority:0|startupRole:FOLLOWER, 77d385a9-4ef0-49b0-a825-0af72e1af87e|rpc:10.1.0.194:44795|dataStream:10.1.0.194:44383|priority:1|startupRole:FOLLOWER, f5646e00-f755-4a84-81c0-28301c6d3dcd|rpc:10.1.0.194:34301|dataStream:10.1.0.194:43451|priority:0|startupRole:FOLLOWER]|listeners:[], old=null
2023-05-03 09:48:42,987 [77d385a9-4ef0-49b0-a825-0af72e1af87e@group-561892FD82FE-LeaderElection40] INFO  server.RaftServerConfigKeys (ConfUtils.java:logFallback(53)) - raft.server.rpc.first-election.timeout.min = 5s (fallback to raft.server.rpc.timeout.min)
2023-05-03 09:48:42,987 [77d385a9-4ef0-49b0-a825-0af72e1af87e@group-561892FD82FE-LeaderElection40] INFO  server.RaftServerConfigKeys (ConfUtils.java:logFallback(53)) - raft.server.rpc.first-election.timeout.max = 5200ms (fallback to raft.server.rpc.timeout.max)
2023-05-03 09:48:42,991 [grpc-default-executor-0] INFO  server.RaftServer$Division (RaftServerImpl.java:requestVote(1218)) - f5646e00-f755-4a84-81c0-28301c6d3dcd@group-561892FD82FE: receive requestVote(PRE_VOTE, 77d385a9-4ef0-49b0-a825-0af72e1af87e, group-561892FD82FE, 0, (t:0, i:0))
2023-05-03 09:48:42,991 [grpc-default-executor-0] INFO  impl.VoteContext (VoteContext.java:log(49)) - f5646e00-f755-4a84-81c0-28301c6d3dcd@group-561892FD82FE-FOLLOWER: accept PRE_VOTE from 77d385a9-4ef0-49b0-a825-0af72e1af87e: our priority 0 <= candidate's priority 1
2023-05-03 09:48:42,991 [grpc-default-executor-0] INFO  server.RaftServer$Division (RaftServerImpl.java:requestVote(1251)) - f5646e00-f755-4a84-81c0-28301c6d3dcd@group-561892FD82FE replies to PRE_VOTE vote request: 77d385a9-4ef0-49b0-a825-0af72e1af87e<-f5646e00-f755-4a84-81c0-28301c6d3dcd#0:OK-t0. Peer's state: f5646e00-f755-4a84-81c0-28301c6d3dcd@group-561892FD82FE:t0, leader=null, voted=, raftlog=Memoized:f5646e00-f755-4a84-81c0-28301c6d3dcd@group-561892FD82FE-SegmentedRaftLog:OPENED:c-1, conf=-1: peers:[e11e6016-9f4c-4443-9608-a269a8403abb|rpc:10.1.0.194:41061|dataStream:10.1.0.194:43361|priority:0|startupRole:FOLLOWER, 77d385a9-4ef0-49b0-a825-0af72e1af87e|rpc:10.1.0.194:44795|dataStream:10.1.0.194:44383|priority:1|startupRole:FOLLOWER, f5646e00-f755-4a84-81c0-28301c6d3dcd|rpc:10.1.0.194:34301|dataStream:10.1.0.194:43451|priority:0|startupRole:FOLLOWER]|listeners:[], old=null
2023-05-03 09:48:42,992 [grpc-default-executor-0] INFO  server.RaftServer$Division (RaftServerImpl.java:requestVote(1218)) - f5646e00-f755-4a84-81c0-28301c6d3dcd@group-AF2F860F9E56: receive requestVote(PRE_VOTE, 77d385a9-4ef0-49b0-a825-0af72e1af87e, group-AF2F860F9E56, 0, (t:0, i:0))
2023-05-03 09:48:42,992 [grpc-default-executor-0] INFO  impl.VoteContext (VoteContext.java:log(49)) - f5646e00-f755-4a84-81c0-28301c6d3dcd@group-AF2F860F9E56-FOLLOWER: reject PRE_VOTE from 77d385a9-4ef0-49b0-a825-0af72e1af87e: our priority 1 > candidate's priority 0
2023-05-03 09:48:42,992 [grpc-default-executor-0] INFO  server.RaftServer$Division (RaftServerImpl.java:requestVote(1251)) - f5646e00-f755-4a84-81c0-28301c6d3dcd@group-AF2F860F9E56 replies to PRE_VOTE vote request: 77d385a9-4ef0-49b0-a825-0af72e1af87e<-f5646e00-f755-4a84-81c0-28301c6d3dcd#0:FAIL-t0. Peer's state: f5646e00-f755-4a84-81c0-28301c6d3dcd@group-AF2F860F9E56:t0, leader=null, voted=, raftlog=Memoized:f5646e00-f755-4a84-81c0-28301c6d3dcd@group-AF2F860F9E56-SegmentedRaftLog:OPENED:c-1, conf=-1: peers:[e11e6016-9f4c-4443-9608-a269a8403abb|rpc:10.1.0.194:41061|dataStream:10.1.0.194:43361|priority:0|startupRole:FOLLOWER, 77d385a9-4ef0-49b0-a825-0af72e1af87e|rpc:10.1.0.194:44795|dataStream:10.1.0.194:44383|priority:0|startupRole:FOLLOWER, f5646e00-f755-4a84-81c0-28301c6d3dcd|rpc:10.1.0.194:34301|dataStream:10.1.0.194:43451|priority:1|startupRole:FOLLOWER]|listeners:[], old=null
2023-05-03 09:48:42,993 [77d385a9-4ef0-49b0-a825-0af72e1af87e@group-AF2F860F9E56-LeaderElection39] INFO  impl.LeaderElection (LeaderElection.java:logAndReturn(90)) - 77d385a9-4ef0-49b0-a825-0af72e1af87e@group-AF2F860F9E56-LeaderElection39: PRE_VOTE REJECTED received 2 response(s) and 0 exception(s):
2023-05-03 09:48:42,993 [77d385a9-4ef0-49b0-a825-0af72e1af87e@group-AF2F860F9E56-LeaderElection39] INFO  impl.LeaderElection (LeaderElection.java:logAndReturn(94)) -   Response 0: 77d385a9-4ef0-49b0-a825-0af72e1af87e<-e11e6016-9f4c-4443-9608-a269a8403abb#0:OK-t0
2023-05-03 09:48:42,993 [77d385a9-4ef0-49b0-a825-0af72e1af87e@group-AF2F860F9E56-LeaderElection39] INFO  impl.LeaderElection (LeaderElection.java:logAndReturn(94)) -   Response 1: 77d385a9-4ef0-49b0-a825-0af72e1af87e<-f5646e00-f755-4a84-81c0-28301c6d3dcd#0:FAIL-t0
2023-05-03 09:48:42,993 [77d385a9-4ef0-49b0-a825-0af72e1af87e@group-AF2F860F9E56-LeaderElection39] INFO  impl.LeaderElection (LeaderElection.java:askForVotes(314)) - 77d385a9-4ef0-49b0-a825-0af72e1af87e@group-AF2F860F9E56-LeaderElection39 PRE_VOTE round 0: result REJECTED
2023-05-03 09:48:42,993 [77d385a9-4ef0-49b0-a825-0af72e1af87e@group-AF2F860F9E56-LeaderElection39] INFO  server.RaftServer$Division (RaftServerImpl.java:setRole(321)) - 77d385a9-4ef0-49b0-a825-0af72e1af87e@group-AF2F860F9E56: changes role from CANDIDATE to FOLLOWER at term 0 for REJECTED
2023-05-03 09:48:42,993 [77d385a9-4ef0-49b0-a825-0af72e1af87e@group-AF2F860F9E56-LeaderElection39] INFO  impl.RoleInfo (RoleInfo.java:shutdownLeaderElection(130)) - 77d385a9-4ef0-49b0-a825-0af72e1af87e: shutdown 77d385a9-4ef0-49b0-a825-0af72e1af87e@group-AF2F860F9E56-LeaderElection39
2023-05-03 09:48:42,993 [77d385a9-4ef0-49b0-a825-0af72e1af87e@group-AF2F860F9E56-LeaderElection39] INFO  impl.RoleInfo (RoleInfo.java:updateAndGet(139)) - 77d385a9-4ef0-49b0-a825-0af72e1af87e: start 77d385a9-4ef0-49b0-a825-0af72e1af87e@group-AF2F860F9E56-FollowerState
2023-05-03 09:48:42,993 [grpc-default-executor-2] INFO  server.RaftServer$Division (RaftServerImpl.java:requestVote(1218)) - e11e6016-9f4c-4443-9608-a269a8403abb@group-561892FD82FE: receive requestVote(ELECTION, 77d385a9-4ef0-49b0-a825-0af72e1af87e, group-561892FD82FE, 1, (t:0, i:0))
2023-05-03 09:48:42,995 [grpc-default-executor-2] INFO  impl.VoteContext (VoteContext.java:log(49)) - e11e6016-9f4c-4443-9608-a269a8403abb@group-561892FD82FE-FOLLOWER: accept ELECTION from 77d385a9-4ef0-49b0-a825-0af72e1af87e: our priority 0 <= candidate's priority 1
2023-05-03 09:48:42,995 [grpc-default-executor-2] INFO  server.RaftServer$Division (RaftServerImpl.java:setRole(321)) - e11e6016-9f4c-4443-9608-a269a8403abb@group-561892FD82FE: changes role from  FOLLOWER to FOLLOWER at term 1 for candidate:77d385a9-4ef0-49b0-a825-0af72e1af87e
2023-05-03 09:48:42,995 [grpc-default-executor-2] INFO  impl.RoleInfo (RoleInfo.java:shutdownFollowerState(110)) - e11e6016-9f4c-4443-9608-a269a8403abb: shutdown e11e6016-9f4c-4443-9608-a269a8403abb@group-561892FD82FE-FollowerState
2023-05-03 09:48:42,995 [e11e6016-9f4c-4443-9608-a269a8403abb@group-561892FD82FE-FollowerState] INFO  impl.FollowerState (FollowerState.java:run(152)) - e11e6016-9f4c-4443-9608-a269a8403abb@group-561892FD82FE-FollowerState was interrupted
2023-05-03 09:48:42,995 [grpc-default-executor-2] INFO  impl.RoleInfo (RoleInfo.java:updateAndGet(139)) - e11e6016-9f4c-4443-9608-a269a8403abb: start e11e6016-9f4c-4443-9608-a269a8403abb@group-561892FD82FE-FollowerState
2023-05-03 09:48:42,995 [e11e6016-9f4c-4443-9608-a269a8403abb@group-561892FD82FE-FollowerState] INFO  server.RaftServerConfigKeys (ConfUtils.java:logFallback(53)) - raft.server.rpc.first-election.timeout.min = 5s (fallback to raft.server.rpc.timeout.min)
2023-05-03 09:48:42,995 [e11e6016-9f4c-4443-9608-a269a8403abb@group-561892FD82FE-FollowerState] INFO  server.RaftServerConfigKeys (ConfUtils.java:logFallback(53)) - raft.server.rpc.first-election.timeout.max = 5200ms (fallback to raft.server.rpc.timeout.max)
2023-05-03 09:48:42,996 [grpc-default-executor-2] INFO  server.RaftServer$Division (RaftServerImpl.java:requestVote(1251)) - e11e6016-9f4c-4443-9608-a269a8403abb@group-561892FD82FE replies to ELECTION vote request: 77d385a9-4ef0-49b0-a825-0af72e1af87e<-e11e6016-9f4c-4443-9608-a269a8403abb#0:OK-t1. Peer's state: e11e6016-9f4c-4443-9608-a269a8403abb@group-561892FD82FE:t1, leader=null, voted=77d385a9-4ef0-49b0-a825-0af72e1af87e, raftlog=Memoized:e11e6016-9f4c-4443-9608-a269a8403abb@group-561892FD82FE-SegmentedRaftLog:OPENED:c-1, conf=-1: peers:[e11e6016-9f4c-4443-9608-a269a8403abb|rpc:10.1.0.194:41061|dataStream:10.1.0.194:43361|priority:0|startupRole:FOLLOWER, 77d385a9-4ef0-49b0-a825-0af72e1af87e|rpc:10.1.0.194:44795|dataStream:10.1.0.194:44383|priority:1|startupRole:FOLLOWER, f5646e00-f755-4a84-81c0-28301c6d3dcd|rpc:10.1.0.194:34301|dataStream:10.1.0.194:43451|priority:0|startupRole:FOLLOWER]|listeners:[], old=null
2023-05-03 09:48:42,996 [77d385a9-4ef0-49b0-a825-0af72e1af87e@group-561892FD82FE-LeaderElection40] INFO  impl.LeaderElection (LeaderElection.java:logAndReturn(90)) - 77d385a9-4ef0-49b0-a825-0af72e1af87e@group-561892FD82FE-LeaderElection40: ELECTION PASSED received 1 response(s) and 0 exception(s):
2023-05-03 09:48:42,996 [77d385a9-4ef0-49b0-a825-0af72e1af87e@group-561892FD82FE-LeaderElection40] INFO  impl.LeaderElection (LeaderElection.java:logAndReturn(94)) -   Response 0: 77d385a9-4ef0-49b0-a825-0af72e1af87e<-e11e6016-9f4c-4443-9608-a269a8403abb#0:OK-t1
2023-05-03 09:48:42,996 [77d385a9-4ef0-49b0-a825-0af72e1af87e@group-561892FD82FE-LeaderElection40] INFO  impl.LeaderElection (LeaderElection.java:askForVotes(314)) - 77d385a9-4ef0-49b0-a825-0af72e1af87e@group-561892FD82FE-LeaderElection40 ELECTION round 0: result PASSED
2023-05-03 09:48:42,996 [77d385a9-4ef0-49b0-a825-0af72e1af87e@group-561892FD82FE-LeaderElection40] INFO  impl.RoleInfo (RoleInfo.java:shutdownLeaderElection(130)) - 77d385a9-4ef0-49b0-a825-0af72e1af87e: shutdown 77d385a9-4ef0-49b0-a825-0af72e1af87e@group-561892FD82FE-LeaderElection40
2023-05-03 09:48:42,997 [77d385a9-4ef0-49b0-a825-0af72e1af87e@group-561892FD82FE-LeaderElection40] INFO  server.RaftServer$Division (RaftServerImpl.java:setRole(321)) - 77d385a9-4ef0-49b0-a825-0af72e1af87e@group-561892FD82FE: changes role from CANDIDATE to LEADER at term 1 for changeToLeader
2023-05-03 09:48:42,997 [77d385a9-4ef0-49b0-a825-0af72e1af87e@group-561892FD82FE-LeaderElection40] INFO  ratis.XceiverServerRatis (XceiverServerRatis.java:handleLeaderChangedNotification(904)) - Leader change notification received for group: group-561892FD82FE with new leaderId: 77d385a9-4ef0-49b0-a825-0af72e1af87e
2023-05-03 09:48:42,997 [77d385a9-4ef0-49b0-a825-0af72e1af87e@group-561892FD82FE-LeaderElection40] INFO  server.RaftServer$Division (ServerState.java:setLeader(313)) - 77d385a9-4ef0-49b0-a825-0af72e1af87e@group-561892FD82FE: change Leader from null to 77d385a9-4ef0-49b0-a825-0af72e1af87e at term 1 for becomeLeader, leader elected after 5088ms
2023-05-03 09:48:42,997 [77d385a9-4ef0-49b0-a825-0af72e1af87e@group-561892FD82FE-LeaderElection40] INFO  server.RaftServerConfigKeys (ConfUtils.java:logGet(46)) - raft.server.staging.catchup.gap = 1000 (default)
2023-05-03 09:48:42,997 [77d385a9-4ef0-49b0-a825-0af72e1af87e@group-561892FD82FE-LeaderElection40] INFO  server.RaftServerConfigKeys (ConfUtils.java:logGet(46)) - raft.server.write.element-limit = 1024 (custom)
2023-05-03 09:48:42,997 [77d385a9-4ef0-49b0-a825-0af72e1af87e@group-561892FD82FE-LeaderElection40] INFO  server.RaftServerConfigKeys (ConfUtils.java:logGet(46)) - raft.server.write.byte-limit = 1024 M (=1073741824) (custom)
2023-05-03 09:48:42,997 [77d385a9-4ef0-49b0-a825-0af72e1af87e@group-561892FD82FE-LeaderElection40] INFO  server.RaftServerConfigKeys (ConfUtils.java:logGet(46)) - raft.server.watch.timeout = 180s (custom)
2023-05-03 09:48:42,997 [77d385a9-4ef0-49b0-a825-0af72e1af87e@group-561892FD82FE-LeaderElection40] INFO  server.RaftServerConfigKeys (ConfUtils.java:logGet(46)) - raft.server.watch.timeout.denomination = 1s (default)
2023-05-03 09:48:42,997 [77d385a9-4ef0-49b0-a825-0af72e1af87e@group-561892FD82FE-LeaderElection40] INFO  server.RaftServerConfigKeys (ConfUtils.java:logGet(46)) - raft.server.watch.element-limit = 65536 (default)
2023-05-03 09:48:42,997 [77d385a9-4ef0-49b0-a825-0af72e1af87e@group-561892FD82FE-LeaderElection40] INFO  server.RaftServerConfigKeys (ConfUtils.java:logGet(46)) - raft.server.write.element-limit = 1024 (custom)
2023-05-03 09:48:42,997 [77d385a9-4ef0-49b0-a825-0af72e1af87e@group-561892FD82FE-LeaderElection40] INFO  server.RaftServerConfigKeys (ConfUtils.java:logGet(46)) - raft.server.write.follower.gap.ratio.max = -1.0 (default)
2023-05-03 09:48:42,997 [77d385a9-4ef0-49b0-a825-0af72e1af87e@group-561892FD82FE-LeaderElection40] INFO  server.RaftServerConfigKeys (ConfUtils.java:logGet(46)) - raft.server.log.appender.snapshot.chunk.size.max = 16MB (=16777216) (default)
2023-05-03 09:48:42,998 [77d385a9-4ef0-49b0-a825-0af72e1af87e@group-561892FD82FE-LeaderElection40] INFO  server.RaftServerConfigKeys (ConfUtils.java:logGet(46)) - raft.server.log.appender.buffer.byte-limit = 33554432 (custom)
2023-05-03 09:48:42,998 [77d385a9-4ef0-49b0-a825-0af72e1af87e@group-561892FD82FE-LeaderElection40] INFO  server.RaftServerConfigKeys (ConfUtils.java:logGet(46)) - raft.server.log.appender.buffer.element-limit = 1 (custom)
2023-05-03 09:48:42,998 [77d385a9-4ef0-49b0-a825-0af72e1af87e@group-561892FD82FE-LeaderElection40] INFO  grpc.GrpcConfigKeys (ConfUtils.java:logGet(46)) - raft.grpc.server.leader.outstanding.appends.max = 128 (default)
2023-05-03 09:48:42,998 [77d385a9-4ef0-49b0-a825-0af72e1af87e@group-561892FD82FE-LeaderElection40] INFO  server.RaftServerConfigKeys (ConfUtils.java:logGet(46)) - raft.server.rpc.request.timeout = 60s (custom)
2023-05-03 09:48:42,998 [77d385a9-4ef0-49b0-a825-0af72e1af87e@group-561892FD82FE-LeaderElection40] INFO  server.RaftServerConfigKeys (ConfUtils.java:logGet(46)) - raft.server.log.appender.install.snapshot.enabled = false (custom)
2023-05-03 09:48:42,998 [77d385a9-4ef0-49b0-a825-0af72e1af87e@group-561892FD82FE-LeaderElection40] INFO  grpc.GrpcConfigKeys (ConfUtils.java:logGet(46)) - raft.grpc.server.heartbeat.channel = true (default)
2023-05-03 09:48:42,998 [77d385a9-4ef0-49b0-a825-0af72e1af87e@group-561892FD82FE-LeaderElection40] INFO  server.RaftServerConfigKeys (ConfUtils.java:logGet(46)) - raft.server.log.appender.wait-time.min = 10ms (default)
2023-05-03 09:48:42,998 [77d385a9-4ef0-49b0-a825-0af72e1af87e@group-561892FD82FE-LeaderElection40] INFO  server.RaftServerConfigKeys (ConfUtils.java:logGet(46)) - raft.server.log.appender.snapshot.chunk.size.max = 16MB (=16777216) (default)
2023-05-03 09:48:42,998 [77d385a9-4ef0-49b0-a825-0af72e1af87e@group-561892FD82FE-LeaderElection40] INFO  server.RaftServerConfigKeys (ConfUtils.java:logGet(46)) - raft.server.log.appender.buffer.byte-limit = 33554432 (custom)
2023-05-03 09:48:42,998 [77d385a9-4ef0-49b0-a825-0af72e1af87e@group-561892FD82FE-LeaderElection40] INFO  server.RaftServerConfigKeys (ConfUtils.java:logGet(46)) - raft.server.log.appender.buffer.element-limit = 1 (custom)
2023-05-03 09:48:42,998 [77d385a9-4ef0-49b0-a825-0af72e1af87e@group-561892FD82FE-LeaderElection40] INFO  grpc.GrpcConfigKeys (ConfUtils.java:logGet(46)) - raft.grpc.server.leader.outstanding.appends.max = 128 (default)
2023-05-03 09:48:42,998 [77d385a9-4ef0-49b0-a825-0af72e1af87e@group-561892FD82FE-LeaderElection40] INFO  server.RaftServerConfigKeys (ConfUtils.java:logGet(46)) - raft.server.rpc.request.timeout = 60s (custom)
2023-05-03 09:48:42,998 [77d385a9-4ef0-49b0-a825-0af72e1af87e@group-561892FD82FE-LeaderElection40] INFO  server.RaftServerConfigKeys (ConfUtils.java:logGet(46)) - raft.server.log.appender.install.snapshot.enabled = false (custom)
2023-05-03 09:48:43,003 [grpc-default-executor-1] INFO  server.RaftServer$Division (RaftServerImpl.java:requestVote(1218)) - f5646e00-f755-4a84-81c0-28301c6d3dcd@group-561892FD82FE: receive requestVote(ELECTION, 77d385a9-4ef0-49b0-a825-0af72e1af87e, group-561892FD82FE, 1, (t:0, i:0))
2023-05-03 09:48:43,004 [77d385a9-4ef0-49b0-a825-0af72e1af87e@group-561892FD82FE-LeaderElection40] INFO  grpc.GrpcConfigKeys (ConfUtils.java:logGet(46)) - raft.grpc.server.heartbeat.channel = true (default)
2023-05-03 09:48:43,004 [77d385a9-4ef0-49b0-a825-0af72e1af87e@group-561892FD82FE-LeaderElection40] INFO  server.RaftServerConfigKeys (ConfUtils.java:logGet(46)) - raft.server.log.appender.wait-time.min = 10ms (default)
2023-05-03 09:48:43,004 [77d385a9-4ef0-49b0-a825-0af72e1af87e@group-561892FD82FE-LeaderElection40] INFO  impl.RoleInfo (RoleInfo.java:updateAndGet(139)) - 77d385a9-4ef0-49b0-a825-0af72e1af87e: start 77d385a9-4ef0-49b0-a825-0af72e1af87e@group-561892FD82FE-LeaderStateImpl
2023-05-03 09:48:43,004 [77d385a9-4ef0-49b0-a825-0af72e1af87e@group-561892FD82FE-LeaderElection40] INFO  segmented.SegmentedRaftLogWorker (SegmentedRaftLogWorker.java:startLogSegment(452)) - 77d385a9-4ef0-49b0-a825-0af72e1af87e@group-561892FD82FE-SegmentedRaftLogWorker: Starting segment from index:0
2023-05-03 09:48:43,005 [EventQueue-PipelineReportForPipelineReportHandler] INFO  pipeline.PipelineManagerImpl (PipelineManagerImpl.java:openPipeline(367)) - Pipeline Pipeline[ Id: e72af45b-f28a-427f-8f25-561892fd82fe, Nodes: 77d385a9-4ef0-49b0-a825-0af72e1af87e(fv-az139-793.t0dryja4c43urhy2nvp0adewnd.cx.internal.cloudapp.net/10.1.0.194)e11e6016-9f4c-4443-9608-a269a8403abb(fv-az139-793.t0dryja4c43urhy2nvp0adewnd.cx.internal.cloudapp.net/10.1.0.194)f5646e00-f755-4a84-81c0-28301c6d3dcd(fv-az139-793.t0dryja4c43urhy2nvp0adewnd.cx.internal.cloudapp.net/10.1.0.194), ReplicationConfig: RATIS/THREE, State:ALLOCATED, leaderId:77d385a9-4ef0-49b0-a825-0af72e1af87e, CreationTimestamp2023-05-03T09:48:35.392Z[Etc/UTC]] moved to OPEN state
2023-05-03 09:48:43,005 [77d385a9-4ef0-49b0-a825-0af72e1af87e@group-AF2F860F9E56-FollowerState] INFO  server.RaftServerConfigKeys (ConfUtils.java:logFallback(53)) - raft.server.rpc.first-election.timeout.min = 5s (fallback to raft.server.rpc.timeout.min)
2023-05-03 09:48:43,005 [77d385a9-4ef0-49b0-a825-0af72e1af87e@group-AF2F860F9E56-FollowerState] INFO  server.RaftServerConfigKeys (ConfUtils.java:logFallback(53)) - raft.server.rpc.first-election.timeout.max = 5200ms (fallback to raft.server.rpc.timeout.max)
2023-05-03 09:48:43,005 [EventQueue-OpenPipelineForHealthyPipelineSafeModeRule] INFO  safemode.SCMSafeModeManager (HealthyPipelineSafeModeRule.java:process(137)) - SCM in safe mode. Healthy pipelines reported count is 1, required healthy pipeline reported count is 1
2023-05-03 09:48:43,005 [EventQueue-OpenPipelineForHealthyPipelineSafeModeRule] INFO  safemode.SCMSafeModeManager (SCMSafeModeManager.java:validateSafeModeExitRules(200)) - HealthyPipelineSafeModeRule rule is successfully validated
2023-05-03 09:48:43,005 [EventQueue-OpenPipelineForHealthyPipelineSafeModeRule] INFO  safemode.SCMSafeModeManager (SCMSafeModeManager.java:validateSafeModeExitRules(215)) - ScmSafeModeManager, all rules are successfully validated
2023-05-03 09:48:43,005 [EventQueue-OpenPipelineForHealthyPipelineSafeModeRule] INFO  safemode.SCMSafeModeManager (SCMSafeModeManager.java:exitSafeMode(244)) - SCM exiting safe mode.
2023-05-03 09:48:43,005 [EventQueue-OpenPipelineForHealthyPipelineSafeModeRule] INFO  ha.SCMContext (SCMContext.java:updateSafeModeStatus(228)) - Update SafeModeStatus from SafeModeStatus{safeModeStatus=true, preCheckPassed=true} to SafeModeStatus{safeModeStatus=false, preCheckPassed=true}.
2023-05-03 09:48:43,005 [EventQueue-OpenPipelineForHealthyPipelineSafeModeRule] INFO  pipeline.BackgroundPipelineCreator (BackgroundPipelineCreator.java:notifyStatusChanged(254)) - Service BackgroundPipelineCreator transitions to RUNNING.
2023-05-03 09:48:43,006 [EventQueue-OpenPipelineForHealthyPipelineSafeModeRule] INFO  BackgroundPipelineScrubber (BackgroundSCMService.java:notifyStatusChanged(82)) - Service BackgroundPipelineScrubber transitions to RUNNING.
2023-05-03 09:48:43,006 [EventQueue-OpenPipelineForHealthyPipelineSafeModeRule] INFO  ExpiredContainerReplicaOpScrubber (BackgroundSCMService.java:notifyStatusChanged(82)) - Service ExpiredContainerReplicaOpScrubber transitions to RUNNING.
2023-05-03 09:48:43,006 [EventQueue-OpenPipelineForHealthyPipelineSafeModeRule] INFO  replication.ReplicationManager (ReplicationManager.java:notifyStatusChanged(1367)) - Service ReplicationManager transitions to RUNNING.
2023-05-03 09:48:43,006 [EventQueue-OpenPipelineForHealthyPipelineSafeModeRule] WARN  balancer.ContainerBalancer (ContainerBalancer.java:shouldRun(132)) - Could not find persisted configuration for ContainerBalancer when checking if ContainerBalancer should run. ContainerBalancer should not run now.
2023-05-03 09:48:43,006 [77d385a9-4ef0-49b0-a825-0af72e1af87e@group-561892FD82FE-SegmentedRaftLogWorker] INFO  segmented.SegmentedRaftLogWorker (SegmentedRaftLogWorker.java:execute(656)) - 77d385a9-4ef0-49b0-a825-0af72e1af87e@group-561892FD82FE-SegmentedRaftLogWorker: created new log segment /home/runner/work/ozone/ozone/hadoop-ozone/integration-test/target/test-dir/MiniOzoneClusterImpl-58229684-5176-44ea-993d-1afc6db8e6af/datanode-0/data/ratis/e72af45b-f28a-427f-8f25-561892fd82fe/current/log_inprogress_0
2023-05-03 09:48:43,017 [grpc-default-executor-1] INFO  impl.VoteContext (VoteContext.java:log(49)) - f5646e00-f755-4a84-81c0-28301c6d3dcd@group-561892FD82FE-FOLLOWER: accept ELECTION from 77d385a9-4ef0-49b0-a825-0af72e1af87e: our priority 0 <= candidate's priority 1
2023-05-03 09:48:43,017 [grpc-default-executor-1] INFO  server.RaftServer$Division (RaftServerImpl.java:setRole(321)) - f5646e00-f755-4a84-81c0-28301c6d3dcd@group-561892FD82FE: changes role from  FOLLOWER to FOLLOWER at term 1 for candidate:77d385a9-4ef0-49b0-a825-0af72e1af87e
2023-05-03 09:48:43,017 [grpc-default-executor-1] INFO  impl.RoleInfo (RoleInfo.java:shutdownFollowerState(110)) - f5646e00-f755-4a84-81c0-28301c6d3dcd: shutdown f5646e00-f755-4a84-81c0-28301c6d3dcd@group-561892FD82FE-FollowerState
2023-05-03 09:48:43,017 [grpc-default-executor-1] INFO  impl.RoleInfo (RoleInfo.java:updateAndGet(139)) - f5646e00-f755-4a84-81c0-28301c6d3dcd: start f5646e00-f755-4a84-81c0-28301c6d3dcd@group-561892FD82FE-FollowerState
2023-05-03 09:48:43,017 [f5646e00-f755-4a84-81c0-28301c6d3dcd@group-561892FD82FE-FollowerState] INFO  impl.FollowerState (FollowerState.java:run(152)) - f5646e00-f755-4a84-81c0-28301c6d3dcd@group-561892FD82FE-FollowerState was interrupted
2023-05-03 09:48:43,017 [77d385a9-4ef0-49b0-a825-0af72e1af87e@group-561892FD82FE-LeaderElection40] INFO  server.RaftServer$Division (ServerState.java:setRaftConf(430)) - 77d385a9-4ef0-49b0-a825-0af72e1af87e@group-561892FD82FE: set configuration 0: peers:[e11e6016-9f4c-4443-9608-a269a8403abb|rpc:10.1.0.194:41061|dataStream:10.1.0.194:43361|priority:0|startupRole:FOLLOWER, 77d385a9-4ef0-49b0-a825-0af72e1af87e|rpc:10.1.0.194:44795|dataStream:10.1.0.194:44383|priority:1|startupRole:FOLLOWER, f5646e00-f755-4a84-81c0-28301c6d3dcd|rpc:10.1.0.194:34301|dataStream:10.1.0.194:43451|priority:0|startupRole:FOLLOWER]|listeners:[], old=null
2023-05-03 09:48:43,019 [grpc-default-executor-1] INFO  server.RaftServer$Division (RaftServerImpl.java:requestVote(1251)) - f5646e00-f755-4a84-81c0-28301c6d3dcd@group-561892FD82FE replies to ELECTION vote request: 77d385a9-4ef0-49b0-a825-0af72e1af87e<-f5646e00-f755-4a84-81c0-28301c6d3dcd#0:OK-t1. Peer's state: f5646e00-f755-4a84-81c0-28301c6d3dcd@group-561892FD82FE:t1, leader=null, voted=77d385a9-4ef0-49b0-a825-0af72e1af87e, raftlog=Memoized:f5646e00-f755-4a84-81c0-28301c6d3dcd@group-561892FD82FE-SegmentedRaftLog:OPENED:c-1, conf=-1: peers:[e11e6016-9f4c-4443-9608-a269a8403abb|rpc:10.1.0.194:41061|dataStream:10.1.0.194:43361|priority:0|startupRole:FOLLOWER, 77d385a9-4ef0-49b0-a825-0af72e1af87e|rpc:10.1.0.194:44795|dataStream:10.1.0.194:44383|priority:1|startupRole:FOLLOWER, f5646e00-f755-4a84-81c0-28301c6d3dcd|rpc:10.1.0.194:34301|dataStream:10.1.0.194:43451|priority:0|startupRole:FOLLOWER]|listeners:[], old=null
2023-05-03 09:48:43,022 [f5646e00-f755-4a84-81c0-28301c6d3dcd@group-561892FD82FE-FollowerState] INFO  server.RaftServerConfigKeys (ConfUtils.java:logFallback(53)) - raft.server.rpc.first-election.timeout.min = 5s (fallback to raft.server.rpc.timeout.min)
2023-05-03 09:48:43,022 [f5646e00-f755-4a84-81c0-28301c6d3dcd@group-561892FD82FE-FollowerState] INFO  server.RaftServerConfigKeys (ConfUtils.java:logFallback(53)) - raft.server.rpc.first-election.timeout.max = 5200ms (fallback to raft.server.rpc.timeout.max)
2023-05-03 09:48:43,025 [e11e6016-9f4c-4443-9608-a269a8403abb@group-AF2F860F9E56-FollowerState] INFO  server.RaftServerConfigKeys (ConfUtils.java:logFallback(53)) - raft.server.rpc.first-election.timeout.min = 5s (fallback to raft.server.rpc.timeout.min)
2023-05-03 09:48:43,025 [e11e6016-9f4c-4443-9608-a269a8403abb@group-AF2F860F9E56-FollowerState] INFO  server.RaftServerConfigKeys (ConfUtils.java:logFallback(53)) - raft.server.rpc.first-election.timeout.max = 5200ms (fallback to raft.server.rpc.timeout.max)
2023-05-03 09:48:43,025 [e11e6016-9f4c-4443-9608-a269a8403abb-server-thread1] INFO  ratis.XceiverServerRatis (XceiverServerRatis.java:handleLeaderChangedNotification(904)) - Leader change notification received for group: group-561892FD82FE with new leaderId: 77d385a9-4ef0-49b0-a825-0af72e1af87e
2023-05-03 09:48:43,025 [e11e6016-9f4c-4443-9608-a269a8403abb-server-thread1] INFO  server.RaftServer$Division (ServerState.java:setLeader(313)) - e11e6016-9f4c-4443-9608-a269a8403abb@group-561892FD82FE: change Leader from null to 77d385a9-4ef0-49b0-a825-0af72e1af87e at term 1 for appendEntries, leader elected after 5092ms
2023-05-03 09:48:43,039 [e11e6016-9f4c-4443-9608-a269a8403abb-server-thread3] INFO  server.RaftServer$Division (ServerState.java:setRaftConf(430)) - e11e6016-9f4c-4443-9608-a269a8403abb@group-561892FD82FE: set configuration 0: peers:[e11e6016-9f4c-4443-9608-a269a8403abb|rpc:10.1.0.194:41061|dataStream:10.1.0.194:43361|priority:0|startupRole:FOLLOWER, 77d385a9-4ef0-49b0-a825-0af72e1af87e|rpc:10.1.0.194:44795|dataStream:10.1.0.194:44383|priority:1|startupRole:FOLLOWER, f5646e00-f755-4a84-81c0-28301c6d3dcd|rpc:10.1.0.194:34301|dataStream:10.1.0.194:43451|priority:0|startupRole:FOLLOWER]|listeners:[], old=null
2023-05-03 09:48:43,039 [e11e6016-9f4c-4443-9608-a269a8403abb-server-thread3] INFO  segmented.SegmentedRaftLogWorker (SegmentedRaftLogWorker.java:startLogSegment(452)) - e11e6016-9f4c-4443-9608-a269a8403abb@group-561892FD82FE-SegmentedRaftLogWorker: Starting segment from index:0
2023-05-03 09:48:43,050 [f5646e00-f755-4a84-81c0-28301c6d3dcd-server-thread1] INFO  ratis.XceiverServerRatis (XceiverServerRatis.java:handleLeaderChangedNotification(904)) - Leader change notification received for group: group-561892FD82FE with new leaderId: 77d385a9-4ef0-49b0-a825-0af72e1af87e
2023-05-03 09:48:43,050 [f5646e00-f755-4a84-81c0-28301c6d3dcd-server-thread1] INFO  server.RaftServer$Division (ServerState.java:setLeader(313)) - f5646e00-f755-4a84-81c0-28301c6d3dcd@group-561892FD82FE: change Leader from null to 77d385a9-4ef0-49b0-a825-0af72e1af87e at term 1 for appendEntries, leader elected after 5089ms
2023-05-03 09:48:43,059 [e11e6016-9f4c-4443-9608-a269a8403abb@group-561892FD82FE-SegmentedRaftLogWorker] INFO  segmented.SegmentedRaftLogWorker (SegmentedRaftLogWorker.java:execute(656)) - e11e6016-9f4c-4443-9608-a269a8403abb@group-561892FD82FE-SegmentedRaftLogWorker: created new log segment /home/runner/work/ozone/ozone/hadoop-ozone/integration-test/target/test-dir/MiniOzoneClusterImpl-58229684-5176-44ea-993d-1afc6db8e6af/datanode-2/data/ratis/e72af45b-f28a-427f-8f25-561892fd82fe/current/log_inprogress_0
2023-05-03 09:48:43,063 [f5646e00-f755-4a84-81c0-28301c6d3dcd-server-thread1] INFO  server.RaftServer$Division (ServerState.java:setRaftConf(430)) - f5646e00-f755-4a84-81c0-28301c6d3dcd@group-561892FD82FE: set configuration 0: peers:[e11e6016-9f4c-4443-9608-a269a8403abb|rpc:10.1.0.194:41061|dataStream:10.1.0.194:43361|priority:0|startupRole:FOLLOWER, 77d385a9-4ef0-49b0-a825-0af72e1af87e|rpc:10.1.0.194:44795|dataStream:10.1.0.194:44383|priority:1|startupRole:FOLLOWER, f5646e00-f755-4a84-81c0-28301c6d3dcd|rpc:10.1.0.194:34301|dataStream:10.1.0.194:43451|priority:0|startupRole:FOLLOWER]|listeners:[], old=null
2023-05-03 09:48:43,063 [f5646e00-f755-4a84-81c0-28301c6d3dcd-server-thread1] INFO  segmented.SegmentedRaftLogWorker (SegmentedRaftLogWorker.java:startLogSegment(452)) - f5646e00-f755-4a84-81c0-28301c6d3dcd@group-561892FD82FE-SegmentedRaftLogWorker: Starting segment from index:0
2023-05-03 09:48:43,064 [f5646e00-f755-4a84-81c0-28301c6d3dcd@group-561892FD82FE-SegmentedRaftLogWorker] INFO  segmented.SegmentedRaftLogWorker (SegmentedRaftLogWorker.java:execute(656)) - f5646e00-f755-4a84-81c0-28301c6d3dcd@group-561892FD82FE-SegmentedRaftLogWorker: created new log segment /home/runner/work/ozone/ozone/hadoop-ozone/integration-test/target/test-dir/MiniOzoneClusterImpl-58229684-5176-44ea-993d-1afc6db8e6af/datanode-1/data/ratis/e72af45b-f28a-427f-8f25-561892fd82fe/current/log_inprogress_0
2023-05-03 09:48:43,087 [f5646e00-f755-4a84-81c0-28301c6d3dcd@group-F4101502C6B0-FollowerState] INFO  impl.FollowerState (FollowerState.java:run(143)) - f5646e00-f755-4a84-81c0-28301c6d3dcd@group-F4101502C6B0-FollowerState: change to CANDIDATE, lastRpcElapsedTime:5001001785ns, electionTimeout:5000ms
2023-05-03 09:48:43,087 [f5646e00-f755-4a84-81c0-28301c6d3dcd@group-F4101502C6B0-FollowerState] INFO  impl.RoleInfo (RoleInfo.java:shutdownFollowerState(110)) - f5646e00-f755-4a84-81c0-28301c6d3dcd: shutdown f5646e00-f755-4a84-81c0-28301c6d3dcd@group-F4101502C6B0-FollowerState
2023-05-03 09:48:43,087 [f5646e00-f755-4a84-81c0-28301c6d3dcd@group-F4101502C6B0-FollowerState] INFO  server.RaftServer$Division (RaftServerImpl.java:setRole(321)) - f5646e00-f755-4a84-81c0-28301c6d3dcd@group-F4101502C6B0: changes role from  FOLLOWER to CANDIDATE at term 0 for changeToCandidate
2023-05-03 09:48:43,087 [f5646e00-f755-4a84-81c0-28301c6d3dcd@group-F4101502C6B0-FollowerState] INFO  server.RaftServerConfigKeys (ConfUtils.java:logGet(46)) - raft.server.leaderelection.pre-vote = true (default)
2023-05-03 09:48:43,087 [f5646e00-f755-4a84-81c0-28301c6d3dcd@group-F4101502C6B0-FollowerState] INFO  impl.RoleInfo (RoleInfo.java:updateAndGet(139)) - f5646e00-f755-4a84-81c0-28301c6d3dcd: start f5646e00-f755-4a84-81c0-28301c6d3dcd@group-F4101502C6B0-LeaderElection41
2023-05-03 09:48:43,090 [f5646e00-f755-4a84-81c0-28301c6d3dcd@group-F4101502C6B0-LeaderElection41] INFO  impl.LeaderElection (LeaderElection.java:askForVotes(312)) - f5646e00-f755-4a84-81c0-28301c6d3dcd@group-F4101502C6B0-LeaderElection41 PRE_VOTE round 0: submit vote requests at term 0 for -1: peers:[f5646e00-f755-4a84-81c0-28301c6d3dcd|rpc:10.1.0.194:34301|dataStream:10.1.0.194:43451|priority:1|startupRole:FOLLOWER]|listeners:[], old=null
2023-05-03 09:48:43,090 [f5646e00-f755-4a84-81c0-28301c6d3dcd@group-F4101502C6B0-LeaderElection41] INFO  impl.LeaderElection (LeaderElection.java:askForVotes(314)) - f5646e00-f755-4a84-81c0-28301c6d3dcd@group-F4101502C6B0-LeaderElection41 PRE_VOTE round 0: result PASSED (term=0)
2023-05-03 09:48:43,091 [f5646e00-f755-4a84-81c0-28301c6d3dcd@group-F4101502C6B0-LeaderElection41] INFO  impl.LeaderElection (LeaderElection.java:askForVotes(312)) - f5646e00-f755-4a84-81c0-28301c6d3dcd@group-F4101502C6B0-LeaderElection41 ELECTION round 0: submit vote requests at term 1 for -1: peers:[f5646e00-f755-4a84-81c0-28301c6d3dcd|rpc:10.1.0.194:34301|dataStream:10.1.0.194:43451|priority:1|startupRole:FOLLOWER]|listeners:[], old=null
2023-05-03 09:48:43,091 [f5646e00-f755-4a84-81c0-28301c6d3dcd@group-F4101502C6B0-LeaderElection41] INFO  impl.LeaderElection (LeaderElection.java:askForVotes(314)) - f5646e00-f755-4a84-81c0-28301c6d3dcd@group-F4101502C6B0-LeaderElection41 ELECTION round 0: result PASSED (term=1)
2023-05-03 09:48:43,091 [f5646e00-f755-4a84-81c0-28301c6d3dcd@group-F4101502C6B0-LeaderElection41] INFO  impl.RoleInfo (RoleInfo.java:shutdownLeaderElection(130)) - f5646e00-f755-4a84-81c0-28301c6d3dcd: shutdown f5646e00-f755-4a84-81c0-28301c6d3dcd@group-F4101502C6B0-LeaderElection41
2023-05-03 09:48:43,091 [f5646e00-f755-4a84-81c0-28301c6d3dcd@group-F4101502C6B0-LeaderElection41] INFO  server.RaftServer$Division (RaftServerImpl.java:setRole(321)) - f5646e00-f755-4a84-81c0-28301c6d3dcd@group-F4101502C6B0: changes role from CANDIDATE to LEADER at term 1 for changeToLeader
2023-05-03 09:48:43,092 [f5646e00-f755-4a84-81c0-28301c6d3dcd@group-F4101502C6B0-LeaderElection41] INFO  ratis.XceiverServerRatis (XceiverServerRatis.java:handleLeaderChangedNotification(904)) - Leader change notification received for group: group-F4101502C6B0 with new leaderId: f5646e00-f755-4a84-81c0-28301c6d3dcd
2023-05-03 09:48:43,092 [f5646e00-f755-4a84-81c0-28301c6d3dcd@group-F4101502C6B0-LeaderElection41] INFO  server.RaftServer$Division (ServerState.java:setLeader(313)) - f5646e00-f755-4a84-81c0-28301c6d3dcd@group-F4101502C6B0: change Leader from null to f5646e00-f755-4a84-81c0-28301c6d3dcd at term 1 for becomeLeader, leader elected after 5014ms
2023-05-03 09:48:43,092 [f5646e00-f755-4a84-81c0-28301c6d3dcd@group-F4101502C6B0-LeaderElection41] INFO  server.RaftServerConfigKeys (ConfUtils.java:logGet(46)) - raft.server.staging.catchup.gap = 1000 (default)
2023-05-03 09:48:43,092 [f5646e00-f755-4a84-81c0-28301c6d3dcd@group-F4101502C6B0-LeaderElection41] INFO  server.RaftServerConfigKeys (ConfUtils.java:logGet(46)) - raft.server.write.element-limit = 1024 (custom)
2023-05-03 09:48:43,092 [f5646e00-f755-4a84-81c0-28301c6d3dcd@group-F4101502C6B0-LeaderElection41] INFO  server.RaftServerConfigKeys (ConfUtils.java:logGet(46)) - raft.server.write.byte-limit = 1024 M (=1073741824) (custom)
2023-05-03 09:48:43,093 [f5646e00-f755-4a84-81c0-28301c6d3dcd@group-F4101502C6B0-LeaderElection41] INFO  server.RaftServerConfigKeys (ConfUtils.java:logGet(46)) - raft.server.watch.timeout = 180s (custom)
2023-05-03 09:48:43,093 [f5646e00-f755-4a84-81c0-28301c6d3dcd@group-F4101502C6B0-LeaderElection41] INFO  server.RaftServerConfigKeys (ConfUtils.java:logGet(46)) - raft.server.watch.timeout.denomination = 1s (default)
2023-05-03 09:48:43,093 [f5646e00-f755-4a84-81c0-28301c6d3dcd@group-F4101502C6B0-LeaderElection41] INFO  server.RaftServerConfigKeys (ConfUtils.java:logGet(46)) - raft.server.watch.element-limit = 65536 (default)
2023-05-03 09:48:43,093 [f5646e00-f755-4a84-81c0-28301c6d3dcd@group-F4101502C6B0-LeaderElection41] INFO  server.RaftServerConfigKeys (ConfUtils.java:logGet(46)) - raft.server.write.element-limit = 1024 (custom)
2023-05-03 09:48:43,093 [f5646e00-f755-4a84-81c0-28301c6d3dcd@group-F4101502C6B0-LeaderElection41] INFO  server.RaftServerConfigKeys (ConfUtils.java:logGet(46)) - raft.server.write.follower.gap.ratio.max = -1.0 (default)
2023-05-03 09:48:43,093 [f5646e00-f755-4a84-81c0-28301c6d3dcd@group-F4101502C6B0-LeaderElection41] INFO  impl.RoleInfo (RoleInfo.java:updateAndGet(139)) - f5646e00-f755-4a84-81c0-28301c6d3dcd: start f5646e00-f755-4a84-81c0-28301c6d3dcd@group-F4101502C6B0-LeaderStateImpl
2023-05-03 09:48:43,093 [f5646e00-f755-4a84-81c0-28301c6d3dcd@group-F4101502C6B0-LeaderElection41] INFO  segmented.SegmentedRaftLogWorker (SegmentedRaftLogWorker.java:startLogSegment(452)) - f5646e00-f755-4a84-81c0-28301c6d3dcd@group-F4101502C6B0-SegmentedRaftLogWorker: Starting segment from index:0
2023-05-03 09:48:43,094 [f5646e00-f755-4a84-81c0-28301c6d3dcd@group-F4101502C6B0-SegmentedRaftLogWorker] INFO  segmented.SegmentedRaftLogWorker (SegmentedRaftLogWorker.java:execute(656)) - f5646e00-f755-4a84-81c0-28301c6d3dcd@group-F4101502C6B0-SegmentedRaftLogWorker: created new log segment /home/runner/work/ozone/ozone/hadoop-ozone/integration-test/target/test-dir/MiniOzoneClusterImpl-58229684-5176-44ea-993d-1afc6db8e6af/datanode-1/data/ratis/ec438597-dca4-4518-8467-f4101502c6b0/current/log_inprogress_0
2023-05-03 09:48:43,095 [f5646e00-f755-4a84-81c0-28301c6d3dcd@group-F4101502C6B0-LeaderElection41] INFO  server.RaftServer$Division (ServerState.java:setRaftConf(430)) - f5646e00-f755-4a84-81c0-28301c6d3dcd@group-F4101502C6B0: set configuration 0: peers:[f5646e00-f755-4a84-81c0-28301c6d3dcd|rpc:10.1.0.194:34301|dataStream:10.1.0.194:43451|priority:1|startupRole:FOLLOWER]|listeners:[], old=null
2023-05-03 09:48:43,097 [f5646e00-f755-4a84-81c0-28301c6d3dcd@group-AF2F860F9E56-FollowerState] INFO  impl.FollowerState (FollowerState.java:run(143)) - f5646e00-f755-4a84-81c0-28301c6d3dcd@group-AF2F860F9E56-FollowerState: change to CANDIDATE, lastRpcElapsedTime:5203282843ns, electionTimeout:5198ms
2023-05-03 09:48:43,097 [f5646e00-f755-4a84-81c0-28301c6d3dcd@group-AF2F860F9E56-FollowerState] INFO  impl.RoleInfo (RoleInfo.java:shutdownFollowerState(110)) - f5646e00-f755-4a84-81c0-28301c6d3dcd: shutdown f5646e00-f755-4a84-81c0-28301c6d3dcd@group-AF2F860F9E56-FollowerState
2023-05-03 09:48:43,097 [f5646e00-f755-4a84-81c0-28301c6d3dcd@group-AF2F860F9E56-FollowerState] INFO  server.RaftServer$Division (RaftServerImpl.java:setRole(321)) - f5646e00-f755-4a84-81c0-28301c6d3dcd@group-AF2F860F9E56: changes role from  FOLLOWER to CANDIDATE at term 0 for changeToCandidate
2023-05-03 09:48:43,097 [f5646e00-f755-4a84-81c0-28301c6d3dcd@group-AF2F860F9E56-FollowerState] INFO  server.RaftServerConfigKeys (ConfUtils.java:logGet(46)) - raft.server.leaderelection.pre-vote = true (default)
2023-05-03 09:48:43,097 [f5646e00-f755-4a84-81c0-28301c6d3dcd@group-AF2F860F9E56-FollowerState] INFO  impl.RoleInfo (RoleInfo.java:updateAndGet(139)) - f5646e00-f755-4a84-81c0-28301c6d3dcd: start f5646e00-f755-4a84-81c0-28301c6d3dcd@group-AF2F860F9E56-LeaderElection42
2023-05-03 09:48:43,099 [f5646e00-f755-4a84-81c0-28301c6d3dcd@group-AF2F860F9E56-LeaderElection42] INFO  impl.LeaderElection (LeaderElection.java:askForVotes(312)) - f5646e00-f755-4a84-81c0-28301c6d3dcd@group-AF2F860F9E56-LeaderElection42 PRE_VOTE round 0: submit vote requests at term 0 for -1: peers:[e11e6016-9f4c-4443-9608-a269a8403abb|rpc:10.1.0.194:41061|dataStream:10.1.0.194:43361|priority:0|startupRole:FOLLOWER, 77d385a9-4ef0-49b0-a825-0af72e1af87e|rpc:10.1.0.194:44795|dataStream:10.1.0.194:44383|priority:0|startupRole:FOLLOWER, f5646e00-f755-4a84-81c0-28301c6d3dcd|rpc:10.1.0.194:34301|dataStream:10.1.0.194:43451|priority:1|startupRole:FOLLOWER]|listeners:[], old=null
2023-05-03 09:48:43,099 [f5646e00-f755-4a84-81c0-28301c6d3dcd@group-AF2F860F9E56-LeaderElection42-1] INFO  server.GrpcServerProtocolClient (GrpcServerProtocolClient.java:<init>(63)) - Build channel for e11e6016-9f4c-4443-9608-a269a8403abb
2023-05-03 09:48:43,102 [f5646e00-f755-4a84-81c0-28301c6d3dcd@group-AF2F860F9E56-LeaderElection42] INFO  server.RaftServerConfigKeys (ConfUtils.java:logFallback(53)) - raft.server.rpc.first-election.timeout.min = 5s (fallback to raft.server.rpc.timeout.min)
2023-05-03 09:48:43,102 [f5646e00-f755-4a84-81c0-28301c6d3dcd@group-AF2F860F9E56-LeaderElection42] INFO  server.RaftServerConfigKeys (ConfUtils.java:logFallback(53)) - raft.server.rpc.first-election.timeout.max = 5200ms (fallback to raft.server.rpc.timeout.max)
2023-05-03 09:48:43,102 [f5646e00-f755-4a84-81c0-28301c6d3dcd@group-AF2F860F9E56-LeaderElection42-2] INFO  server.GrpcServerProtocolClient (GrpcServerProtocolClient.java:<init>(63)) - Build channel for 77d385a9-4ef0-49b0-a825-0af72e1af87e
2023-05-03 09:48:43,106 [grpc-default-executor-1] INFO  server.RaftServer$Division (RaftServerImpl.java:requestVote(1218)) - e11e6016-9f4c-4443-9608-a269a8403abb@group-AF2F860F9E56: receive requestVote(PRE_VOTE, f5646e00-f755-4a84-81c0-28301c6d3dcd, group-AF2F860F9E56, 0, (t:0, i:0))
2023-05-03 09:48:43,106 [grpc-default-executor-1] INFO  impl.VoteContext (VoteContext.java:log(49)) - e11e6016-9f4c-4443-9608-a269a8403abb@group-AF2F860F9E56-FOLLOWER: accept PRE_VOTE from f5646e00-f755-4a84-81c0-28301c6d3dcd: our priority 0 <= candidate's priority 1
2023-05-03 09:48:43,106 [grpc-default-executor-1] INFO  server.RaftServer$Division (RaftServerImpl.java:requestVote(1251)) - e11e6016-9f4c-4443-9608-a269a8403abb@group-AF2F860F9E56 replies to PRE_VOTE vote request: f5646e00-f755-4a84-81c0-28301c6d3dcd<-e11e6016-9f4c-4443-9608-a269a8403abb#0:OK-t0. Peer's state: e11e6016-9f4c-4443-9608-a269a8403abb@group-AF2F860F9E56:t0, leader=null, voted=, raftlog=Memoized:e11e6016-9f4c-4443-9608-a269a8403abb@group-AF2F860F9E56-SegmentedRaftLog:OPENED:c-1, conf=-1: peers:[e11e6016-9f4c-4443-9608-a269a8403abb|rpc:10.1.0.194:41061|dataStream:10.1.0.194:43361|priority:0|startupRole:FOLLOWER, 77d385a9-4ef0-49b0-a825-0af72e1af87e|rpc:10.1.0.194:44795|dataStream:10.1.0.194:44383|priority:0|startupRole:FOLLOWER, f5646e00-f755-4a84-81c0-28301c6d3dcd|rpc:10.1.0.194:34301|dataStream:10.1.0.194:43451|priority:1|startupRole:FOLLOWER]|listeners:[], old=null
2023-05-03 09:48:43,108 [f5646e00-f755-4a84-81c0-28301c6d3dcd@group-AF2F860F9E56-LeaderElection42] INFO  impl.LeaderElection (LeaderElection.java:logAndReturn(90)) - f5646e00-f755-4a84-81c0-28301c6d3dcd@group-AF2F860F9E56-LeaderElection42: PRE_VOTE PASSED received 1 response(s) and 0 exception(s):
2023-05-03 09:48:43,108 [f5646e00-f755-4a84-81c0-28301c6d3dcd@group-AF2F860F9E56-LeaderElection42] INFO  impl.LeaderElection (LeaderElection.java:logAndReturn(94)) -   Response 0: f5646e00-f755-4a84-81c0-28301c6d3dcd<-e11e6016-9f4c-4443-9608-a269a8403abb#0:OK-t0
2023-05-03 09:48:43,108 [f5646e00-f755-4a84-81c0-28301c6d3dcd@group-AF2F860F9E56-LeaderElection42] INFO  impl.LeaderElection (LeaderElection.java:askForVotes(314)) - f5646e00-f755-4a84-81c0-28301c6d3dcd@group-AF2F860F9E56-LeaderElection42 PRE_VOTE round 0: result PASSED
2023-05-03 09:48:43,109 [f5646e00-f755-4a84-81c0-28301c6d3dcd@group-AF2F860F9E56-LeaderElection42] INFO  impl.LeaderElection (LeaderElection.java:askForVotes(312)) - f5646e00-f755-4a84-81c0-28301c6d3dcd@group-AF2F860F9E56-LeaderElection42 ELECTION round 0: submit vote requests at term 1 for -1: peers:[e11e6016-9f4c-4443-9608-a269a8403abb|rpc:10.1.0.194:41061|dataStream:10.1.0.194:43361|priority:0|startupRole:FOLLOWER, 77d385a9-4ef0-49b0-a825-0af72e1af87e|rpc:10.1.0.194:44795|dataStream:10.1.0.194:44383|priority:0|startupRole:FOLLOWER, f5646e00-f755-4a84-81c0-28301c6d3dcd|rpc:10.1.0.194:34301|dataStream:10.1.0.194:43451|priority:1|startupRole:FOLLOWER]|listeners:[], old=null
2023-05-03 09:48:43,109 [f5646e00-f755-4a84-81c0-28301c6d3dcd@group-AF2F860F9E56-LeaderElection42] INFO  server.RaftServerConfigKeys (ConfUtils.java:logFallback(53)) - raft.server.rpc.first-election.timeout.min = 5s (fallback to raft.server.rpc.timeout.min)
2023-05-03 09:48:43,109 [f5646e00-f755-4a84-81c0-28301c6d3dcd@group-AF2F860F9E56-LeaderElection42] INFO  server.RaftServerConfigKeys (ConfUtils.java:logFallback(53)) - raft.server.rpc.first-election.timeout.max = 5200ms (fallback to raft.server.rpc.timeout.max)
2023-05-03 09:48:43,111 [grpc-default-executor-1] INFO  server.RaftServer$Division (RaftServerImpl.java:requestVote(1218)) - e11e6016-9f4c-4443-9608-a269a8403abb@group-AF2F860F9E56: receive requestVote(ELECTION, f5646e00-f755-4a84-81c0-28301c6d3dcd, group-AF2F860F9E56, 1, (t:0, i:0))
2023-05-03 09:48:43,111 [grpc-default-executor-1] INFO  impl.VoteContext (VoteContext.java:log(49)) - e11e6016-9f4c-4443-9608-a269a8403abb@group-AF2F860F9E56-FOLLOWER: accept ELECTION from f5646e00-f755-4a84-81c0-28301c6d3dcd: our priority 0 <= candidate's priority 1
2023-05-03 09:48:43,111 [grpc-default-executor-1] INFO  server.RaftServer$Division (RaftServerImpl.java:setRole(321)) - e11e6016-9f4c-4443-9608-a269a8403abb@group-AF2F860F9E56: changes role from  FOLLOWER to FOLLOWER at term 1 for candidate:f5646e00-f755-4a84-81c0-28301c6d3dcd
2023-05-03 09:48:43,111 [grpc-default-executor-1] INFO  impl.RoleInfo (RoleInfo.java:shutdownFollowerState(110)) - e11e6016-9f4c-4443-9608-a269a8403abb: shutdown e11e6016-9f4c-4443-9608-a269a8403abb@group-AF2F860F9E56-FollowerState
2023-05-03 09:48:43,111 [grpc-default-executor-1] INFO  impl.RoleInfo (RoleInfo.java:updateAndGet(139)) - e11e6016-9f4c-4443-9608-a269a8403abb: start e11e6016-9f4c-4443-9608-a269a8403abb@group-AF2F860F9E56-FollowerState
2023-05-03 09:48:43,111 [e11e6016-9f4c-4443-9608-a269a8403abb@group-AF2F860F9E56-FollowerState] INFO  impl.FollowerState (FollowerState.java:run(152)) - e11e6016-9f4c-4443-9608-a269a8403abb@group-AF2F860F9E56-FollowerState was interrupted
2023-05-03 09:48:43,114 [grpc-default-executor-4] INFO  server.RaftServer$Division (RaftServerImpl.java:requestVote(1218)) - 77d385a9-4ef0-49b0-a825-0af72e1af87e@group-AF2F860F9E56: receive requestVote(ELECTION, f5646e00-f755-4a84-81c0-28301c6d3dcd, group-AF2F860F9E56, 1, (t:0, i:0))
2023-05-03 09:48:43,114 [grpc-default-executor-4] INFO  impl.VoteContext (VoteContext.java:log(49)) - 77d385a9-4ef0-49b0-a825-0af72e1af87e@group-AF2F860F9E56-FOLLOWER: accept ELECTION from f5646e00-f755-4a84-81c0-28301c6d3dcd: our priority 0 <= candidate's priority 1
2023-05-03 09:48:43,114 [grpc-default-executor-4] INFO  server.RaftServer$Division (RaftServerImpl.java:setRole(321)) - 77d385a9-4ef0-49b0-a825-0af72e1af87e@group-AF2F860F9E56: changes role from  FOLLOWER to FOLLOWER at term 1 for candidate:f5646e00-f755-4a84-81c0-28301c6d3dcd
2023-05-03 09:48:43,114 [grpc-default-executor-4] INFO  impl.RoleInfo (RoleInfo.java:shutdownFollowerState(110)) - 77d385a9-4ef0-49b0-a825-0af72e1af87e: shutdown 77d385a9-4ef0-49b0-a825-0af72e1af87e@group-AF2F860F9E56-FollowerState
2023-05-03 09:48:43,114 [grpc-default-executor-4] INFO  impl.RoleInfo (RoleInfo.java:updateAndGet(139)) - 77d385a9-4ef0-49b0-a825-0af72e1af87e: start 77d385a9-4ef0-49b0-a825-0af72e1af87e@group-AF2F860F9E56-FollowerState
2023-05-03 09:48:43,114 [77d385a9-4ef0-49b0-a825-0af72e1af87e@group-AF2F860F9E56-FollowerState] INFO  impl.FollowerState (FollowerState.java:run(152)) - 77d385a9-4ef0-49b0-a825-0af72e1af87e@group-AF2F860F9E56-FollowerState was interrupted
2023-05-03 09:48:43,114 [grpc-default-executor-1] INFO  server.RaftServer$Division (RaftServerImpl.java:requestVote(1251)) - e11e6016-9f4c-4443-9608-a269a8403abb@group-AF2F860F9E56 replies to ELECTION vote request: f5646e00-f755-4a84-81c0-28301c6d3dcd<-e11e6016-9f4c-4443-9608-a269a8403abb#0:OK-t1. Peer's state: e11e6016-9f4c-4443-9608-a269a8403abb@group-AF2F860F9E56:t1, leader=null, voted=f5646e00-f755-4a84-81c0-28301c6d3dcd, raftlog=Memoized:e11e6016-9f4c-4443-9608-a269a8403abb@group-AF2F860F9E56-SegmentedRaftLog:OPENED:c-1, conf=-1: peers:[e11e6016-9f4c-4443-9608-a269a8403abb|rpc:10.1.0.194:41061|dataStream:10.1.0.194:43361|priority:0|startupRole:FOLLOWER, 77d385a9-4ef0-49b0-a825-0af72e1af87e|rpc:10.1.0.194:44795|dataStream:10.1.0.194:44383|priority:0|startupRole:FOLLOWER, f5646e00-f755-4a84-81c0-28301c6d3dcd|rpc:10.1.0.194:34301|dataStream:10.1.0.194:43451|priority:1|startupRole:FOLLOWER]|listeners:[], old=null
2023-05-03 09:48:43,116 [e11e6016-9f4c-4443-9608-a269a8403abb@group-AF2F860F9E56-FollowerState] INFO  server.RaftServerConfigKeys (ConfUtils.java:logFallback(53)) - raft.server.rpc.first-election.timeout.min = 5s (fallback to raft.server.rpc.timeout.min)
2023-05-03 09:48:43,116 [e11e6016-9f4c-4443-9608-a269a8403abb@group-AF2F860F9E56-FollowerState] INFO  server.RaftServerConfigKeys (ConfUtils.java:logFallback(53)) - raft.server.rpc.first-election.timeout.max = 5200ms (fallback to raft.server.rpc.timeout.max)
2023-05-03 09:48:43,117 [77d385a9-4ef0-49b0-a825-0af72e1af87e@group-AF2F860F9E56-FollowerState] INFO  server.RaftServerConfigKeys (ConfUtils.java:logFallback(53)) - raft.server.rpc.first-election.timeout.min = 5s (fallback to raft.server.rpc.timeout.min)
2023-05-03 09:48:43,117 [77d385a9-4ef0-49b0-a825-0af72e1af87e@group-AF2F860F9E56-FollowerState] INFO  server.RaftServerConfigKeys (ConfUtils.java:logFallback(53)) - raft.server.rpc.first-election.timeout.max = 5200ms (fallback to raft.server.rpc.timeout.max)
2023-05-03 09:48:43,118 [grpc-default-executor-4] INFO  server.RaftServer$Division (RaftServerImpl.java:requestVote(1251)) - 77d385a9-4ef0-49b0-a825-0af72e1af87e@group-AF2F860F9E56 replies to ELECTION vote request: f5646e00-f755-4a84-81c0-28301c6d3dcd<-77d385a9-4ef0-49b0-a825-0af72e1af87e#0:OK-t1. Peer's state: 77d385a9-4ef0-49b0-a825-0af72e1af87e@group-AF2F860F9E56:t1, leader=null, voted=f5646e00-f755-4a84-81c0-28301c6d3dcd, raftlog=Memoized:77d385a9-4ef0-49b0-a825-0af72e1af87e@group-AF2F860F9E56-SegmentedRaftLog:OPENED:c-1, conf=-1: peers:[e11e6016-9f4c-4443-9608-a269a8403abb|rpc:10.1.0.194:41061|dataStream:10.1.0.194:43361|priority:0|startupRole:FOLLOWER, 77d385a9-4ef0-49b0-a825-0af72e1af87e|rpc:10.1.0.194:44795|dataStream:10.1.0.194:44383|priority:0|startupRole:FOLLOWER, f5646e00-f755-4a84-81c0-28301c6d3dcd|rpc:10.1.0.194:34301|dataStream:10.1.0.194:43451|priority:1|startupRole:FOLLOWER]|listeners:[], old=null
2023-05-03 09:48:43,119 [f5646e00-f755-4a84-81c0-28301c6d3dcd@group-AF2F860F9E56-LeaderElection42] INFO  impl.LeaderElection (LeaderElection.java:logAndReturn(90)) - f5646e00-f755-4a84-81c0-28301c6d3dcd@group-AF2F860F9E56-LeaderElection42: ELECTION PASSED received 1 response(s) and 0 exception(s):
2023-05-03 09:48:43,119 [f5646e00-f755-4a84-81c0-28301c6d3dcd@group-AF2F860F9E56-LeaderElection42] INFO  impl.LeaderElection (LeaderElection.java:logAndReturn(94)) -   Response 0: f5646e00-f755-4a84-81c0-28301c6d3dcd<-e11e6016-9f4c-4443-9608-a269a8403abb#0:OK-t1
2023-05-03 09:48:43,119 [f5646e00-f755-4a84-81c0-28301c6d3dcd@group-AF2F860F9E56-LeaderElection42] INFO  impl.LeaderElection (LeaderElection.java:askForVotes(314)) - f5646e00-f755-4a84-81c0-28301c6d3dcd@group-AF2F860F9E56-LeaderElection42 ELECTION round 0: result PASSED
2023-05-03 09:48:43,119 [f5646e00-f755-4a84-81c0-28301c6d3dcd@group-AF2F860F9E56-LeaderElection42] INFO  impl.RoleInfo (RoleInfo.java:shutdownLeaderElection(130)) - f5646e00-f755-4a84-81c0-28301c6d3dcd: shutdown f5646e00-f755-4a84-81c0-28301c6d3dcd@group-AF2F860F9E56-LeaderElection42
2023-05-03 09:48:43,119 [f5646e00-f755-4a84-81c0-28301c6d3dcd@group-AF2F860F9E56-LeaderElection42] INFO  server.RaftServer$Division (RaftServerImpl.java:setRole(321)) - f5646e00-f755-4a84-81c0-28301c6d3dcd@group-AF2F860F9E56: changes role from CANDIDATE to LEADER at term 1 for changeToLeader
2023-05-03 09:48:43,119 [f5646e00-f755-4a84-81c0-28301c6d3dcd@group-AF2F860F9E56-LeaderElection42] INFO  ratis.XceiverServerRatis (XceiverServerRatis.java:handleLeaderChangedNotification(904)) - Leader change notification received for group: group-AF2F860F9E56 with new leaderId: f5646e00-f755-4a84-81c0-28301c6d3dcd
2023-05-03 09:48:43,119 [grpc-default-executor-1] INFO  server.RaftServer$Division (RaftServerImpl.java:requestVote(1218)) - 77d385a9-4ef0-49b0-a825-0af72e1af87e@group-AF2F860F9E56: receive requestVote(PRE_VOTE, f5646e00-f755-4a84-81c0-28301c6d3dcd, group-AF2F860F9E56, 0, (t:0, i:0))
2023-05-03 09:48:43,120 [grpc-default-executor-1] INFO  impl.VoteContext (VoteContext.java:log(49)) - 77d385a9-4ef0-49b0-a825-0af72e1af87e@group-AF2F860F9E56-FOLLOWER: accept PRE_VOTE from f5646e00-f755-4a84-81c0-28301c6d3dcd: our priority 0 <= candidate's priority 1
2023-05-03 09:48:43,119 [f5646e00-f755-4a84-81c0-28301c6d3dcd@group-AF2F860F9E56-LeaderElection42] INFO  server.RaftServer$Division (ServerState.java:setLeader(313)) - f5646e00-f755-4a84-81c0-28301c6d3dcd@group-AF2F860F9E56: change Leader from null to f5646e00-f755-4a84-81c0-28301c6d3dcd at term 1 for becomeLeader, leader elected after 5234ms
2023-05-03 09:48:43,120 [grpc-default-executor-1] INFO  server.RaftServer$Division (RaftServerImpl.java:requestVote(1251)) - 77d385a9-4ef0-49b0-a825-0af72e1af87e@group-AF2F860F9E56 replies to PRE_VOTE vote request: f5646e00-f755-4a84-81c0-28301c6d3dcd<-77d385a9-4ef0-49b0-a825-0af72e1af87e#0:OK-t1. Peer's state: 77d385a9-4ef0-49b0-a825-0af72e1af87e@group-AF2F860F9E56:t1, leader=null, voted=f5646e00-f755-4a84-81c0-28301c6d3dcd, raftlog=Memoized:77d385a9-4ef0-49b0-a825-0af72e1af87e@group-AF2F860F9E56-SegmentedRaftLog:OPENED:c-1, conf=-1: peers:[e11e6016-9f4c-4443-9608-a269a8403abb|rpc:10.1.0.194:41061|dataStream:10.1.0.194:43361|priority:0|startupRole:FOLLOWER, 77d385a9-4ef0-49b0-a825-0af72e1af87e|rpc:10.1.0.194:44795|dataStream:10.1.0.194:44383|priority:0|startupRole:FOLLOWER, f5646e00-f755-4a84-81c0-28301c6d3dcd|rpc:10.1.0.194:34301|dataStream:10.1.0.194:43451|priority:1|startupRole:FOLLOWER]|listeners:[], old=null
2023-05-03 09:48:43,120 [f5646e00-f755-4a84-81c0-28301c6d3dcd@group-AF2F860F9E56-LeaderElection42] INFO  server.RaftServerConfigKeys (ConfUtils.java:logGet(46)) - raft.server.staging.catchup.gap = 1000 (default)
2023-05-03 09:48:43,120 [f5646e00-f755-4a84-81c0-28301c6d3dcd@group-AF2F860F9E56-LeaderElection42] INFO  server.RaftServerConfigKeys (ConfUtils.java:logGet(46)) - raft.server.write.element-limit = 1024 (custom)
2023-05-03 09:48:43,120 [f5646e00-f755-4a84-81c0-28301c6d3dcd@group-AF2F860F9E56-LeaderElection42] INFO  server.RaftServerConfigKeys (ConfUtils.java:logGet(46)) - raft.server.write.byte-limit = 1024 M (=1073741824) (custom)
2023-05-03 09:48:43,120 [f5646e00-f755-4a84-81c0-28301c6d3dcd@group-AF2F860F9E56-LeaderElection42] INFO  server.RaftServerConfigKeys (ConfUtils.java:logGet(46)) - raft.server.watch.timeout = 180s (custom)
2023-05-03 09:48:43,120 [f5646e00-f755-4a84-81c0-28301c6d3dcd@group-AF2F860F9E56-LeaderElection42] INFO  server.RaftServerConfigKeys (ConfUtils.java:logGet(46)) - raft.server.watch.timeout.denomination = 1s (default)
2023-05-03 09:48:43,120 [f5646e00-f755-4a84-81c0-28301c6d3dcd@group-AF2F860F9E56-LeaderElection42] INFO  server.RaftServerConfigKeys (ConfUtils.java:logGet(46)) - raft.server.watch.element-limit = 65536 (default)
2023-05-03 09:48:43,120 [f5646e00-f755-4a84-81c0-28301c6d3dcd@group-AF2F860F9E56-LeaderElection42] INFO  server.RaftServerConfigKeys (ConfUtils.java:logGet(46)) - raft.server.write.element-limit = 1024 (custom)
2023-05-03 09:48:43,120 [f5646e00-f755-4a84-81c0-28301c6d3dcd@group-AF2F860F9E56-LeaderElection42] INFO  server.RaftServerConfigKeys (ConfUtils.java:logGet(46)) - raft.server.write.follower.gap.ratio.max = -1.0 (default)
2023-05-03 09:48:43,120 [f5646e00-f755-4a84-81c0-28301c6d3dcd@group-AF2F860F9E56-LeaderElection42] INFO  server.RaftServerConfigKeys (ConfUtils.java:logGet(46)) - raft.server.log.appender.snapshot.chunk.size.max = 16MB (=16777216) (default)
2023-05-03 09:48:43,120 [f5646e00-f755-4a84-81c0-28301c6d3dcd@group-AF2F860F9E56-LeaderElection42] INFO  server.RaftServerConfigKeys (ConfUtils.java:logGet(46)) - raft.server.log.appender.buffer.byte-limit = 33554432 (custom)
2023-05-03 09:48:43,120 [f5646e00-f755-4a84-81c0-28301c6d3dcd@group-AF2F860F9E56-LeaderElection42] INFO  server.RaftServerConfigKeys (ConfUtils.java:logGet(46)) - raft.server.log.appender.buffer.element-limit = 1 (custom)
2023-05-03 09:48:43,121 [f5646e00-f755-4a84-81c0-28301c6d3dcd@group-AF2F860F9E56-LeaderElection42] INFO  grpc.GrpcConfigKeys (ConfUtils.java:logGet(46)) - raft.grpc.server.leader.outstanding.appends.max = 128 (default)
2023-05-03 09:48:43,121 [f5646e00-f755-4a84-81c0-28301c6d3dcd@group-AF2F860F9E56-LeaderElection42] INFO  server.RaftServerConfigKeys (ConfUtils.java:logGet(46)) - raft.server.rpc.request.timeout = 60s (custom)
2023-05-03 09:48:43,121 [f5646e00-f755-4a84-81c0-28301c6d3dcd@group-AF2F860F9E56-LeaderElection42] INFO  server.RaftServerConfigKeys (ConfUtils.java:logGet(46)) - raft.server.log.appender.install.snapshot.enabled = false (custom)
2023-05-03 09:48:43,121 [f5646e00-f755-4a84-81c0-28301c6d3dcd@group-AF2F860F9E56-LeaderElection42] INFO  grpc.GrpcConfigKeys (ConfUtils.java:logGet(46)) - raft.grpc.server.heartbeat.channel = true (default)
2023-05-03 09:48:43,121 [f5646e00-f755-4a84-81c0-28301c6d3dcd@group-AF2F860F9E56-LeaderElection42] INFO  server.RaftServerConfigKeys (ConfUtils.java:logGet(46)) - raft.server.log.appender.wait-time.min = 10ms (default)
2023-05-03 09:48:43,121 [f5646e00-f755-4a84-81c0-28301c6d3dcd@group-AF2F860F9E56-LeaderElection42] INFO  server.RaftServerConfigKeys (ConfUtils.java:logGet(46)) - raft.server.log.appender.snapshot.chunk.size.max = 16MB (=16777216) (default)
2023-05-03 09:48:43,121 [EventQueue-PipelineReportForPipelineReportHandler] INFO  pipeline.PipelineManagerImpl (PipelineManagerImpl.java:openPipeline(367)) - Pipeline Pipeline[ Id: 455589cd-2844-4794-b6cc-af2f860f9e56, Nodes: 77d385a9-4ef0-49b0-a825-0af72e1af87e(fv-az139-793.t0dryja4c43urhy2nvp0adewnd.cx.internal.cloudapp.net/10.1.0.194)e11e6016-9f4c-4443-9608-a269a8403abb(fv-az139-793.t0dryja4c43urhy2nvp0adewnd.cx.internal.cloudapp.net/10.1.0.194)f5646e00-f755-4a84-81c0-28301c6d3dcd(fv-az139-793.t0dryja4c43urhy2nvp0adewnd.cx.internal.cloudapp.net/10.1.0.194), ReplicationConfig: RATIS/THREE, State:ALLOCATED, leaderId:f5646e00-f755-4a84-81c0-28301c6d3dcd, CreationTimestamp2023-05-03T09:48:35.391Z[Etc/UTC]] moved to OPEN state
2023-05-03 09:48:43,121 [f5646e00-f755-4a84-81c0-28301c6d3dcd@group-AF2F860F9E56-LeaderElection42] INFO  server.RaftServerConfigKeys (ConfUtils.java:logGet(46)) - raft.server.log.appender.buffer.byte-limit = 33554432 (custom)
2023-05-03 09:48:43,121 [f5646e00-f755-4a84-81c0-28301c6d3dcd@group-AF2F860F9E56-LeaderElection42] INFO  server.RaftServerConfigKeys (ConfUtils.java:logGet(46)) - raft.server.log.appender.buffer.element-limit = 1 (custom)
2023-05-03 09:48:43,121 [f5646e00-f755-4a84-81c0-28301c6d3dcd@group-AF2F860F9E56-LeaderElection42] INFO  grpc.GrpcConfigKeys (ConfUtils.java:logGet(46)) - raft.grpc.server.leader.outstanding.appends.max = 128 (default)
2023-05-03 09:48:43,121 [f5646e00-f755-4a84-81c0-28301c6d3dcd@group-AF2F860F9E56-LeaderElection42] INFO  server.RaftServerConfigKeys (ConfUtils.java:logGet(46)) - raft.server.rpc.request.timeout = 60s (custom)
2023-05-03 09:48:43,121 [f5646e00-f755-4a84-81c0-28301c6d3dcd@group-AF2F860F9E56-LeaderElection42] INFO  server.RaftServerConfigKeys (ConfUtils.java:logGet(46)) - raft.server.log.appender.install.snapshot.enabled = false (custom)
2023-05-03 09:48:43,121 [f5646e00-f755-4a84-81c0-28301c6d3dcd@group-AF2F860F9E56-LeaderElection42] INFO  grpc.GrpcConfigKeys (ConfUtils.java:logGet(46)) - raft.grpc.server.heartbeat.channel = true (default)
2023-05-03 09:48:43,121 [f5646e00-f755-4a84-81c0-28301c6d3dcd@group-AF2F860F9E56-LeaderElection42] INFO  server.RaftServerConfigKeys (ConfUtils.java:logGet(46)) - raft.server.log.appender.wait-time.min = 10ms (default)
2023-05-03 09:48:43,121 [f5646e00-f755-4a84-81c0-28301c6d3dcd@group-AF2F860F9E56-LeaderElection42] INFO  impl.RoleInfo (RoleInfo.java:updateAndGet(139)) - f5646e00-f755-4a84-81c0-28301c6d3dcd: start f5646e00-f755-4a84-81c0-28301c6d3dcd@group-AF2F860F9E56-LeaderStateImpl
2023-05-03 09:48:43,122 [f5646e00-f755-4a84-81c0-28301c6d3dcd@group-AF2F860F9E56-LeaderElection42] INFO  segmented.SegmentedRaftLogWorker (SegmentedRaftLogWorker.java:startLogSegment(452)) - f5646e00-f755-4a84-81c0-28301c6d3dcd@group-AF2F860F9E56-SegmentedRaftLogWorker: Starting segment from index:0
2023-05-03 09:48:43,122 [f5646e00-f755-4a84-81c0-28301c6d3dcd@group-AF2F860F9E56-SegmentedRaftLogWorker] INFO  segmented.SegmentedRaftLogWorker (SegmentedRaftLogWorker.java:execute(656)) - f5646e00-f755-4a84-81c0-28301c6d3dcd@group-AF2F860F9E56-SegmentedRaftLogWorker: created new log segment /home/runner/work/ozone/ozone/hadoop-ozone/integration-test/target/test-dir/MiniOzoneClusterImpl-58229684-5176-44ea-993d-1afc6db8e6af/datanode-1/data/ratis/455589cd-2844-4794-b6cc-af2f860f9e56/current/log_inprogress_0
2023-05-03 09:48:43,131 [f5646e00-f755-4a84-81c0-28301c6d3dcd@group-AF2F860F9E56-LeaderElection42] INFO  server.RaftServer$Division (ServerState.java:setRaftConf(430)) - f5646e00-f755-4a84-81c0-28301c6d3dcd@group-AF2F860F9E56: set configuration 0: peers:[e11e6016-9f4c-4443-9608-a269a8403abb|rpc:10.1.0.194:41061|dataStream:10.1.0.194:43361|priority:0|startupRole:FOLLOWER, 77d385a9-4ef0-49b0-a825-0af72e1af87e|rpc:10.1.0.194:44795|dataStream:10.1.0.194:44383|priority:0|startupRole:FOLLOWER, f5646e00-f755-4a84-81c0-28301c6d3dcd|rpc:10.1.0.194:34301|dataStream:10.1.0.194:43451|priority:1|startupRole:FOLLOWER]|listeners:[], old=null
2023-05-03 09:48:43,143 [77d385a9-4ef0-49b0-a825-0af72e1af87e-server-thread1] INFO  ratis.XceiverServerRatis (XceiverServerRatis.java:handleLeaderChangedNotification(904)) - Leader change notification received for group: group-AF2F860F9E56 with new leaderId: f5646e00-f755-4a84-81c0-28301c6d3dcd
2023-05-03 09:48:43,143 [77d385a9-4ef0-49b0-a825-0af72e1af87e-server-thread1] INFO  server.RaftServer$Division (ServerState.java:setLeader(313)) - 77d385a9-4ef0-49b0-a825-0af72e1af87e@group-AF2F860F9E56: change Leader from null to f5646e00-f755-4a84-81c0-28301c6d3dcd at term 1 for appendEntries, leader elected after 5381ms
2023-05-03 09:48:43,147 [e11e6016-9f4c-4443-9608-a269a8403abb-server-thread1] INFO  ratis.XceiverServerRatis (XceiverServerRatis.java:handleLeaderChangedNotification(904)) - Leader change notification received for group: group-AF2F860F9E56 with new leaderId: f5646e00-f755-4a84-81c0-28301c6d3dcd
2023-05-03 09:48:43,147 [e11e6016-9f4c-4443-9608-a269a8403abb-server-thread1] INFO  server.RaftServer$Division (ServerState.java:setLeader(313)) - e11e6016-9f4c-4443-9608-a269a8403abb@group-AF2F860F9E56: change Leader from null to f5646e00-f755-4a84-81c0-28301c6d3dcd at term 1 for appendEntries, leader elected after 5297ms
2023-05-03 09:48:43,156 [77d385a9-4ef0-49b0-a825-0af72e1af87e-server-thread2] INFO  server.RaftServer$Division (ServerState.java:setRaftConf(430)) - 77d385a9-4ef0-49b0-a825-0af72e1af87e@group-AF2F860F9E56: set configuration 0: peers:[e11e6016-9f4c-4443-9608-a269a8403abb|rpc:10.1.0.194:41061|dataStream:10.1.0.194:43361|priority:0|startupRole:FOLLOWER, 77d385a9-4ef0-49b0-a825-0af72e1af87e|rpc:10.1.0.194:44795|dataStream:10.1.0.194:44383|priority:0|startupRole:FOLLOWER, f5646e00-f755-4a84-81c0-28301c6d3dcd|rpc:10.1.0.194:34301|dataStream:10.1.0.194:43451|priority:1|startupRole:FOLLOWER]|listeners:[], old=null
2023-05-03 09:48:43,156 [77d385a9-4ef0-49b0-a825-0af72e1af87e-server-thread2] INFO  segmented.SegmentedRaftLogWorker (SegmentedRaftLogWorker.java:startLogSegment(452)) - 77d385a9-4ef0-49b0-a825-0af72e1af87e@group-AF2F860F9E56-SegmentedRaftLogWorker: Starting segment from index:0
2023-05-03 09:48:43,157 [77d385a9-4ef0-49b0-a825-0af72e1af87e@group-AF2F860F9E56-SegmentedRaftLogWorker] INFO  segmented.SegmentedRaftLogWorker (SegmentedRaftLogWorker.java:execute(656)) - 77d385a9-4ef0-49b0-a825-0af72e1af87e@group-AF2F860F9E56-SegmentedRaftLogWorker: created new log segment /home/runner/work/ozone/ozone/hadoop-ozone/integration-test/target/test-dir/MiniOzoneClusterImpl-58229684-5176-44ea-993d-1afc6db8e6af/datanode-0/data/ratis/455589cd-2844-4794-b6cc-af2f860f9e56/current/log_inprogress_0
2023-05-03 09:48:43,158 [e11e6016-9f4c-4443-9608-a269a8403abb-server-thread2] INFO  server.RaftServer$Division (ServerState.java:setRaftConf(430)) - e11e6016-9f4c-4443-9608-a269a8403abb@group-AF2F860F9E56: set configuration 0: peers:[e11e6016-9f4c-4443-9608-a269a8403abb|rpc:10.1.0.194:41061|dataStream:10.1.0.194:43361|priority:0|startupRole:FOLLOWER, 77d385a9-4ef0-49b0-a825-0af72e1af87e|rpc:10.1.0.194:44795|dataStream:10.1.0.194:44383|priority:0|startupRole:FOLLOWER, f5646e00-f755-4a84-81c0-28301c6d3dcd|rpc:10.1.0.194:34301|dataStream:10.1.0.194:43451|priority:1|startupRole:FOLLOWER]|listeners:[], old=null
2023-05-03 09:48:43,158 [e11e6016-9f4c-4443-9608-a269a8403abb-server-thread2] INFO  segmented.SegmentedRaftLogWorker (SegmentedRaftLogWorker.java:startLogSegment(452)) - e11e6016-9f4c-4443-9608-a269a8403abb@group-AF2F860F9E56-SegmentedRaftLogWorker: Starting segment from index:0
2023-05-03 09:48:43,159 [e11e6016-9f4c-4443-9608-a269a8403abb@group-AF2F860F9E56-SegmentedRaftLogWorker] INFO  segmented.SegmentedRaftLogWorker (SegmentedRaftLogWorker.java:execute(656)) - e11e6016-9f4c-4443-9608-a269a8403abb@group-AF2F860F9E56-SegmentedRaftLogWorker: created new log segment /home/runner/work/ozone/ozone/hadoop-ozone/integration-test/target/test-dir/MiniOzoneClusterImpl-58229684-5176-44ea-993d-1afc6db8e6af/datanode-2/data/ratis/455589cd-2844-4794-b6cc-af2f860f9e56/current/log_inprogress_0
2023-05-03 09:48:43,391 [Listener at 127.0.0.1/43067] INFO  ozone.MiniOzoneClusterImpl (MiniOzoneClusterImpl.java:lambda$waitForClusterToBeReady$0(223)) - Nodes are ready. Got 3 of 3 DN Heartbeats.
2023-05-03 09:48:43,391 [Listener at 127.0.0.1/43067] INFO  ozone.MiniOzoneClusterImpl (MiniOzoneClusterImpl.java:lambda$waitForClusterToBeReady$0(226)) - Cluster exits safe mode
2023-05-03 09:48:43,391 [Listener at 127.0.0.1/43067] INFO  ozone.MiniOzoneClusterImpl (MiniOzoneClusterImpl.java:lambda$waitForClusterToBeReady$0(228)) - SCM became leader
09:48:43.393 [Listener at 127.0.0.1/43067] ERROR SCMAudit - user=null | ip=null | op=DELETE_CONTAINER {remoteUser=adminUser2, containerID=1683107323392} | ret=FAILURE
org.apache.hadoop.hdds.scm.container.ContainerNotFoundException: Container with id #1683107323392 not found.
	at org.apache.hadoop.hdds.scm.container.ContainerManagerImpl.throwContainerNotFoundException(ContainerManagerImpl.java:455) ~[hdds-server-scm-1.4.0-SNAPSHOT.jar:?]
	at org.apache.hadoop.hdds.scm.container.ContainerManagerImpl.deleteContainer(ContainerManagerImpl.java:441) ~[hdds-server-scm-1.4.0-SNAPSHOT.jar:?]
	at org.apache.hadoop.hdds.scm.server.SCMClientProtocolServer.deleteContainer(SCMClientProtocolServer.java:588) [hdds-server-scm-1.4.0-SNAPSHOT.jar:?]
	at sun.reflect.NativeMethodAccessorImpl.invoke0(Native Method) ~[?:1.8.0_362]
	at sun.reflect.NativeMethodAccessorImpl.invoke(NativeMethodAccessorImpl.java:62) ~[?:1.8.0_362]
	at sun.reflect.DelegatingMethodAccessorImpl.invoke(DelegatingMethodAccessorImpl.java:43) ~[?:1.8.0_362]
	at java.lang.reflect.Method.invoke(Method.java:498) ~[?:1.8.0_362]
	at org.mockito.internal.creation.bytebuddy.MockMethodAdvice.tryInvoke(MockMethodAdvice.java:212) [mockito-core-2.28.2.jar:?]
	at org.mockito.internal.creation.bytebuddy.MockMethodAdvice.access$400(MockMethodAdvice.java:34) [mockito-core-2.28.2.jar:?]
	at org.mockito.internal.creation.bytebuddy.MockMethodAdvice$RealMethodCall.invoke(MockMethodAdvice.java:164) [mockito-core-2.28.2.jar:?]
	at org.mockito.internal.invocation.InterceptedInvocation.callRealMethod(InterceptedInvocation.java:152) [mockito-core-2.28.2.jar:?]
	at org.mockito.internal.stubbing.answers.CallsRealMethods.answer(CallsRealMethods.java:43) [mockito-core-2.28.2.jar:?]
	at org.mockito.Answers.answer(Answers.java:100) [mockito-core-2.28.2.jar:?]
	at org.mockito.internal.handler.MockHandlerImpl.handle(MockHandlerImpl.java:103) [mockito-core-2.28.2.jar:?]
	at org.mockito.internal.handler.NullResultGuardian.handle(NullResultGuardian.java:29) [mockito-core-2.28.2.jar:?]
	at org.mockito.internal.handler.InvocationNotifierHandler.handle(InvocationNotifierHandler.java:35) [mockito-core-2.28.2.jar:?]
	at org.mockito.internal.creation.bytebuddy.MockMethodInterceptor.doIntercept(MockMethodInterceptor.java:61) [mockito-core-2.28.2.jar:?]
	at org.mockito.internal.creation.bytebuddy.MockMethodAdvice.handle(MockMethodAdvice.java:105) [mockito-core-2.28.2.jar:?]
	at org.apache.hadoop.hdds.scm.server.SCMClientProtocolServer.deleteContainer(SCMClientProtocolServer.java:582) [hdds-server-scm-1.4.0-SNAPSHOT.jar:?]
	at org.apache.hadoop.ozone.TestStorageContainerManager.testRpcPermissionWithConf(TestStorageContainerManager.java:204) [test-classes/:?]
	at org.apache.hadoop.ozone.TestStorageContainerManager.testRpcPermission(TestStorageContainerManager.java:187) [test-classes/:?]
	at sun.reflect.NativeMethodAccessorImpl.invoke0(Native Method) ~[?:1.8.0_362]
	at sun.reflect.NativeMethodAccessorImpl.invoke(NativeMethodAccessorImpl.java:62) ~[?:1.8.0_362]
	at sun.reflect.DelegatingMethodAccessorImpl.invoke(DelegatingMethodAccessorImpl.java:43) ~[?:1.8.0_362]
	at java.lang.reflect.Method.invoke(Method.java:498) ~[?:1.8.0_362]
	at org.junit.runners.model.FrameworkMethod$1.runReflectiveCall(FrameworkMethod.java:59) [junit-4.13.1.jar:4.13.1]
	at org.junit.internal.runners.model.ReflectiveCallable.run(ReflectiveCallable.java:12) [junit-4.13.1.jar:4.13.1]
	at org.junit.runners.model.FrameworkMethod.invokeExplosively(FrameworkMethod.java:56) [junit-4.13.1.jar:4.13.1]
	at org.junit.internal.runners.statements.InvokeMethod.evaluate(InvokeMethod.java:17) [junit-4.13.1.jar:4.13.1]
	at org.junit.internal.runners.statements.RunAfters.evaluate(RunAfters.java:27) [junit-4.13.1.jar:4.13.1]
	at org.junit.rules.ExpectedException$ExpectedExceptionStatement.evaluate(ExpectedException.java:258) [junit-4.13.1.jar:4.13.1]
	at org.junit.internal.runners.statements.FailOnTimeout$CallableStatement.call(FailOnTimeout.java:288) [junit-4.13.1.jar:4.13.1]
	at org.junit.internal.runners.statements.FailOnTimeout$CallableStatement.call(FailOnTimeout.java:282) [junit-4.13.1.jar:4.13.1]
	at java.util.concurrent.FutureTask.run(FutureTask.java:266) [?:1.8.0_362]
	at java.lang.Thread.run(Thread.java:750) [?:1.8.0_362]
2023-05-03 09:48:43,397 [Listener at 127.0.0.1/43067] INFO  pipeline.PipelineStateManagerImpl (PipelineStateManagerImpl.java:addPipeline(103)) - Created pipeline Pipeline[ Id: 0ba4f9ae-d8d8-451b-bcdf-39fba13dde45, Nodes: f5646e00-f755-4a84-81c0-28301c6d3dcd(fv-az139-793.t0dryja4c43urhy2nvp0adewnd.cx.internal.cloudapp.net/10.1.0.194), ReplicationConfig: STANDALONE/ONE, State:OPEN, leaderId:, CreationTimestamp2023-05-03T09:48:43.396Z[Etc/UTC]].
2023-05-03 09:48:43,398 [Listener at 127.0.0.1/43067] INFO  ha.SequenceIdGenerator (SequenceIdGenerator.java:getNextId(128)) - Allocate a batch for containerId, change lastId from 0 to 1000.
09:48:43.400 [Listener at 127.0.0.1/43067] ERROR SCMAudit - user=null | ip=null | op=GET_CONTAINER {containerID=1683107323399} | ret=FAILURE
org.apache.hadoop.hdds.scm.container.ContainerNotFoundException: ID #1683107323399
	at org.apache.hadoop.hdds.scm.container.ContainerManagerImpl.lambda$getContainer$0(ContainerManagerImpl.java:140) ~[hdds-server-scm-1.4.0-SNAPSHOT.jar:?]
	at java.util.Optional.orElseThrow(Optional.java:290) ~[?:1.8.0_362]
	at org.apache.hadoop.hdds.scm.container.ContainerManagerImpl.getContainer(ContainerManagerImpl.java:140) ~[hdds-server-scm-1.4.0-SNAPSHOT.jar:?]
	at org.apache.hadoop.hdds.scm.server.SCMClientProtocolServer.getContainer(SCMClientProtocolServer.java:255) [hdds-server-scm-1.4.0-SNAPSHOT.jar:?]
	at sun.reflect.NativeMethodAccessorImpl.invoke0(Native Method) ~[?:1.8.0_362]
	at sun.reflect.NativeMethodAccessorImpl.invoke(NativeMethodAccessorImpl.java:62) ~[?:1.8.0_362]
	at sun.reflect.DelegatingMethodAccessorImpl.invoke(DelegatingMethodAccessorImpl.java:43) ~[?:1.8.0_362]
	at java.lang.reflect.Method.invoke(Method.java:498) ~[?:1.8.0_362]
	at org.mockito.internal.creation.bytebuddy.MockMethodAdvice.tryInvoke(MockMethodAdvice.java:212) [mockito-core-2.28.2.jar:?]
	at org.mockito.internal.creation.bytebuddy.MockMethodAdvice.access$400(MockMethodAdvice.java:34) [mockito-core-2.28.2.jar:?]
	at org.mockito.internal.creation.bytebuddy.MockMethodAdvice$RealMethodCall.invoke(MockMethodAdvice.java:164) [mockito-core-2.28.2.jar:?]
	at org.mockito.internal.invocation.InterceptedInvocation.callRealMethod(InterceptedInvocation.java:152) [mockito-core-2.28.2.jar:?]
	at org.mockito.internal.stubbing.answers.CallsRealMethods.answer(CallsRealMethods.java:43) [mockito-core-2.28.2.jar:?]
	at org.mockito.Answers.answer(Answers.java:100) [mockito-core-2.28.2.jar:?]
	at org.mockito.internal.handler.MockHandlerImpl.handle(MockHandlerImpl.java:103) [mockito-core-2.28.2.jar:?]
	at org.mockito.internal.handler.NullResultGuardian.handle(NullResultGuardian.java:29) [mockito-core-2.28.2.jar:?]
	at org.mockito.internal.handler.InvocationNotifierHandler.handle(InvocationNotifierHandler.java:35) [mockito-core-2.28.2.jar:?]
	at org.mockito.internal.creation.bytebuddy.MockMethodInterceptor.doIntercept(MockMethodInterceptor.java:61) [mockito-core-2.28.2.jar:?]
	at org.mockito.internal.creation.bytebuddy.MockMethodAdvice.handle(MockMethodAdvice.java:105) [mockito-core-2.28.2.jar:?]
	at org.apache.hadoop.hdds.scm.server.SCMClientProtocolServer.getContainer(SCMClientProtocolServer.java:249) [hdds-server-scm-1.4.0-SNAPSHOT.jar:?]
	at org.apache.hadoop.ozone.TestStorageContainerManager.testRpcPermissionWithConf(TestStorageContainerManager.java:244) [test-classes/:?]
	at org.apache.hadoop.ozone.TestStorageContainerManager.testRpcPermission(TestStorageContainerManager.java:187) [test-classes/:?]
	at sun.reflect.NativeMethodAccessorImpl.invoke0(Native Method) ~[?:1.8.0_362]
	at sun.reflect.NativeMethodAccessorImpl.invoke(NativeMethodAccessorImpl.java:62) ~[?:1.8.0_362]
	at sun.reflect.DelegatingMethodAccessorImpl.invoke(DelegatingMethodAccessorImpl.java:43) ~[?:1.8.0_362]
	at java.lang.reflect.Method.invoke(Method.java:498) ~[?:1.8.0_362]
	at org.junit.runners.model.FrameworkMethod$1.runReflectiveCall(FrameworkMethod.java:59) [junit-4.13.1.jar:4.13.1]
	at org.junit.internal.runners.model.ReflectiveCallable.run(ReflectiveCallable.java:12) [junit-4.13.1.jar:4.13.1]
	at org.junit.runners.model.FrameworkMethod.invokeExplosively(FrameworkMethod.java:56) [junit-4.13.1.jar:4.13.1]
	at org.junit.internal.runners.statements.InvokeMethod.evaluate(InvokeMethod.java:17) [junit-4.13.1.jar:4.13.1]
	at org.junit.internal.runners.statements.RunAfters.evaluate(RunAfters.java:27) [junit-4.13.1.jar:4.13.1]
	at org.junit.rules.ExpectedException$ExpectedExceptionStatement.evaluate(ExpectedException.java:258) [junit-4.13.1.jar:4.13.1]
	at org.junit.internal.runners.statements.FailOnTimeout$CallableStatement.call(FailOnTimeout.java:288) [junit-4.13.1.jar:4.13.1]
	at org.junit.internal.runners.statements.FailOnTimeout$CallableStatement.call(FailOnTimeout.java:282) [junit-4.13.1.jar:4.13.1]
	at java.util.concurrent.FutureTask.run(FutureTask.java:266) [?:1.8.0_362]
	at java.lang.Thread.run(Thread.java:750) [?:1.8.0_362]
2023-05-03 09:48:43,400 [Listener at 127.0.0.1/43067] INFO  ozone.MiniOzoneClusterImpl (MiniOzoneClusterImpl.java:shutdown(456)) - Shutting down the Mini Ozone Cluster
2023-05-03 09:48:43,400 [Listener at 127.0.0.1/43067] INFO  ozone.MiniOzoneClusterImpl (MiniOzoneClusterImpl.java:stop(474)) - Stopping the Mini Ozone Cluster
2023-05-03 09:48:43,400 [Listener at 127.0.0.1/43067] INFO  ozone.MiniOzoneClusterImpl (MiniOzoneClusterImpl.java:stopOM(560)) - Stopping the OzoneManager
2023-05-03 09:48:43,400 [Listener at 127.0.0.1/43067] INFO  om.OzoneManager (OzoneManager.java:stop(2165)) - om1[localhost:0]: Stopping Ozone Manager
2023-05-03 09:48:43,400 [Listener at 127.0.0.1/43067] INFO  ipc.Server (Server.java:stop(3501)) - Stopping server on 43067
2023-05-03 09:48:43,401 [IPC Server listener on 0] INFO  ipc.Server (Server.java:run(1430)) - Stopping IPC Server listener on 0
2023-05-03 09:48:43,401 [IPC Server Responder] INFO  ipc.Server (Server.java:run(1563)) - Stopping IPC Server Responder
2023-05-03 09:48:43,402 [Listener at 127.0.0.1/43067] INFO  server.RaftServer (RaftServerProxy.java:lambda$close$6(409)) - om1: close
2023-05-03 09:48:43,402 [Listener at 127.0.0.1/43067] INFO  server.GrpcService (GrpcService.java:closeImpl(271)) - om1: shutdown server GrpcServerProtocolService now
2023-05-03 09:48:43,402 [om1-impl-thread1] INFO  server.RaftServer$Division (RaftServerImpl.java:lambda$close$4(458)) - om1@group-C5BA1605619E: shutdown
2023-05-03 09:48:43,403 [om1-impl-thread1] INFO  util.JmxRegister (JmxRegister.java:unregister(73)) - Successfully un-registered JMX Bean with object name Ratis:service=RaftServer,group=group-C5BA1605619E,id=om1
2023-05-03 09:48:43,403 [om1-impl-thread1] INFO  impl.RoleInfo (RoleInfo.java:shutdownLeaderState(93)) - om1: shutdown om1@group-C5BA1605619E-LeaderStateImpl
2023-05-03 09:48:43,403 [om1-impl-thread1] INFO  impl.PendingRequests (PendingRequests.java:sendNotLeaderResponses(282)) - om1@group-C5BA1605619E-PendingRequests: sendNotLeaderResponses
2023-05-03 09:48:43,403 [om1-impl-thread1] INFO  impl.StateMachineUpdater (StateMachineUpdater.java:stopAndJoin(153)) - om1@group-C5BA1605619E-StateMachineUpdater: set stopIndex = 0
2023-05-03 09:48:43,403 [om1@group-C5BA1605619E-StateMachineUpdater] INFO  ratis.OzoneManagerStateMachine (OzoneManagerStateMachine.java:takeSnapshot(479)) - Current Snapshot Index (t:1, i:0)
2023-05-03 09:48:43,403 [Listener at 127.0.0.1/43067] INFO  server.GrpcService (GrpcService.java:closeImpl(280)) - om1: shutdown server GrpcServerProtocolService successfully
2023-05-03 09:48:43,412 [om1@group-C5BA1605619E-StateMachineUpdater] INFO  impl.StateMachineUpdater (StateMachineUpdater.java:takeSnapshot(287)) - om1@group-C5BA1605619E-StateMachineUpdater: Took a snapshot at index 0
2023-05-03 09:48:43,412 [om1@group-C5BA1605619E-StateMachineUpdater] INFO  impl.StateMachineUpdater (StateMachineUpdater.java:lambda$new$0(92)) - om1@group-C5BA1605619E-StateMachineUpdater: snapshotIndex: updateIncreasingly -1 -> 0
2023-05-03 09:48:43,412 [om1@group-C5BA1605619E-StateMachineUpdater] INFO  ratis.OzoneManagerStateMachine (OzoneManagerStateMachine.java:close(533)) - StateMachine has shutdown. Shutdown OzoneManager if not already shutdown.
2023-05-03 09:48:43,412 [om1@group-C5BA1605619E-StateMachineUpdater] INFO  ratis.OzoneManagerDoubleBuffer (OzoneManagerDoubleBuffer.java:stopDaemon(540)) - Stopping OMDoubleBuffer flush thread
2023-05-03 09:48:43,412 [OMDoubleBufferFlushThread] INFO  ratis.OzoneManagerDoubleBuffer (OzoneManagerDoubleBuffer.java:canFlush(625)) - OMDoubleBuffer flush thread OMDoubleBufferFlushThread is interrupted and will exit.
2023-05-03 09:48:43,413 [om1-impl-thread1] INFO  server.RaftServer$Division (ServerState.java:close(466)) - om1@group-C5BA1605619E: closes. applyIndex: 0
2023-05-03 09:48:43,413 [om1@group-C5BA1605619E-SegmentedRaftLogWorker] INFO  segmented.SegmentedRaftLogWorker (SegmentedRaftLogWorker.java:run(347)) - om1@group-C5BA1605619E-SegmentedRaftLogWorker was interrupted, exiting. There are 0 tasks remaining in the queue.
2023-05-03 09:48:43,414 [om1-impl-thread1] INFO  segmented.SegmentedRaftLogWorker (SegmentedRaftLogWorker.java:close(257)) - om1@group-C5BA1605619E-SegmentedRaftLogWorker close()
2023-05-03 09:48:43,414 [JvmPauseMonitor20] INFO  util.JvmPauseMonitor (JvmPauseMonitor.java:run(111)) - JvmPauseMonitor-om1: Stopped
2023-05-03 09:48:43,414 [Listener at 127.0.0.1/43067] INFO  ratis.OzoneManagerStateMachine (OzoneManagerStateMachine.java:close(533)) - StateMachine has shutdown. Shutdown OzoneManager if not already shutdown.
2023-05-03 09:48:43,414 [Listener at 127.0.0.1/43067] INFO  ratis.OzoneManagerDoubleBuffer (OzoneManagerDoubleBuffer.java:stopDaemon(549)) - OMDoubleBuffer flush thread is not running.
2023-05-03 09:48:43,415 [Listener at 127.0.0.1/43067] INFO  utils.BackgroundService (BackgroundService.java:shutdown(141)) - Shutting down service KeyDeletingService
2023-05-03 09:48:43,415 [Listener at 127.0.0.1/43067] INFO  utils.BackgroundService (BackgroundService.java:shutdown(141)) - Shutting down service KeyDeletingService
2023-05-03 09:48:43,415 [Listener at 127.0.0.1/43067] INFO  utils.BackgroundService (BackgroundService.java:shutdown(141)) - Shutting down service OpenKeyCleanupService
2023-05-03 09:48:43,415 [Listener at 127.0.0.1/43067] INFO  utils.BackgroundService (BackgroundService.java:shutdown(141)) - Shutting down service SstFilteringService
2023-05-03 09:48:43,415 [Listener at 127.0.0.1/43067] INFO  utils.BackgroundService (BackgroundService.java:shutdown(141)) - Shutting down service SnapshotDeletingService
2023-05-03 09:48:43,416 [Listener at 127.0.0.1/43067] INFO  handler.ContextHandler (ContextHandler.java:doStop(1159)) - Stopped o.e.j.w.WebAppContext@305d7d2b{ozoneManager,/,null,STOPPED}{file:/home/runner/work/ozone/ozone/hadoop-ozone/integration-test/target/test-classes/webapps/ozoneManager}
2023-05-03 09:48:43,416 [Listener at 127.0.0.1/43067] INFO  server.AbstractConnector (AbstractConnector.java:doStop(383)) - Stopped ServerConnector@4d7fd3c0{HTTP/1.1, (http/1.1)}{0.0.0.0:0}
2023-05-03 09:48:43,416 [Listener at 127.0.0.1/43067] INFO  server.session (HouseKeeper.java:stopScavenging(149)) - node0 Stopped scavenging
2023-05-03 09:48:43,416 [Listener at 127.0.0.1/43067] INFO  handler.ContextHandler (ContextHandler.java:doStop(1159)) - Stopped o.e.j.s.ServletContextHandler@1cd8f54e{static,/static,file:///home/runner/work/ozone/ozone/hadoop-ozone/integration-test/target/test-classes/webapps/static,STOPPED}
2023-05-03 09:48:43,417 [Listener at 127.0.0.1/43067] INFO  handler.ContextHandler (ContextHandler.java:doStop(1159)) - Stopped o.e.j.s.ServletContextHandler@2609b2c5{logs,/logs,file:///home/runner/work/ozone/ozone/hadoop-ozone/integration-test/target/log,STOPPED}
2023-05-03 09:48:43,418 [Listener at 127.0.0.1/43067] INFO  utils.BackgroundService (BackgroundService.java:shutdown(141)) - Shutting down service SnapshotDiffCleanupService
2023-05-03 09:48:43,419 [Listener at 127.0.0.1/43067] INFO  ozone.MiniOzoneClusterImpl (MiniOzoneClusterImpl.java:stopDatanodes(537)) - Stopping the HddsDatanodes
2023-05-03 09:48:43,421 [ForkJoinPool.commonPool-worker-1] INFO  ozoneimpl.OzoneContainer (OzoneContainer.java:stop(419)) - Attempting to stop container services.
2023-05-03 09:48:43,422 [Listener at 127.0.0.1/43067] INFO  ozoneimpl.OzoneContainer (OzoneContainer.java:stop(419)) - Attempting to stop container services.
2023-05-03 09:48:43,422 [ForkJoinPool.commonPool-worker-1] INFO  server.RaftServer (RaftServerProxy.java:lambda$close$6(409)) - 77d385a9-4ef0-49b0-a825-0af72e1af87e: close
2023-05-03 09:48:43,422 [77d385a9-4ef0-49b0-a825-0af72e1af87e-impl-thread1] INFO  server.RaftServer$Division (RaftServerImpl.java:lambda$close$4(458)) - 77d385a9-4ef0-49b0-a825-0af72e1af87e@group-AF2F860F9E56: shutdown
2023-05-03 09:48:43,422 [77d385a9-4ef0-49b0-a825-0af72e1af87e-impl-thread1] INFO  util.JmxRegister (JmxRegister.java:unregister(73)) - Successfully un-registered JMX Bean with object name Ratis:service=RaftServer,group=group-AF2F860F9E56,id=77d385a9-4ef0-49b0-a825-0af72e1af87e
2023-05-03 09:48:43,422 [77d385a9-4ef0-49b0-a825-0af72e1af87e-impl-thread1] INFO  impl.RoleInfo (RoleInfo.java:shutdownFollowerState(110)) - 77d385a9-4ef0-49b0-a825-0af72e1af87e: shutdown 77d385a9-4ef0-49b0-a825-0af72e1af87e@group-AF2F860F9E56-FollowerState
2023-05-03 09:48:43,426 [77d385a9-4ef0-49b0-a825-0af72e1af87e-impl-thread2] INFO  server.RaftServer$Division (RaftServerImpl.java:lambda$close$4(458)) - 77d385a9-4ef0-49b0-a825-0af72e1af87e@group-561892FD82FE: shutdown
2023-05-03 09:48:43,426 [77d385a9-4ef0-49b0-a825-0af72e1af87e-impl-thread2] INFO  util.JmxRegister (JmxRegister.java:unregister(73)) - Successfully un-registered JMX Bean with object name Ratis:service=RaftServer,group=group-561892FD82FE,id=77d385a9-4ef0-49b0-a825-0af72e1af87e
2023-05-03 09:48:43,426 [77d385a9-4ef0-49b0-a825-0af72e1af87e-impl-thread2] INFO  impl.RoleInfo (RoleInfo.java:shutdownLeaderState(93)) - 77d385a9-4ef0-49b0-a825-0af72e1af87e: shutdown 77d385a9-4ef0-49b0-a825-0af72e1af87e@group-561892FD82FE-LeaderStateImpl
2023-05-03 09:48:43,432 [ForkJoinPool.commonPool-worker-1] INFO  server.GrpcService (GrpcService.java:closeImpl(271)) - 77d385a9-4ef0-49b0-a825-0af72e1af87e: shutdown server GrpcServerProtocolService now
2023-05-03 09:48:43,433 [grpc-default-executor-4] WARN  server.GrpcServerProtocolService (LogUtils.java:warn(122)) - 77d385a9-4ef0-49b0-a825-0af72e1af87e: installSnapshot onError, lastRequest: f5646e00-f755-4a84-81c0-28301c6d3dcd->77d385a9-4ef0-49b0-a825-0af72e1af87e#1-t1,previous=(t:0, i:0),leaderCommit=0,initializing? true,entries: size=1, first=(t:1, i:0), CONFIGURATIONENTRY(current:id: "e11e6016-9f4c-4443-9608-a269a8403abb"
address: "10.1.0.194:41061"
dataStreamAddress: "10.1.0.194:43361"
clientAddress: "10.1.0.194:41061"
adminAddress: "10.1.0.194:41061"
startupRole: FOLLOWER
,id: "77d385a9-4ef0-49b0-a825-0af72e1af87e"
address: "10.1.0.194:44795"
dataStreamAddress: "10.1.0.194:44383"
clientAddress: "10.1.0.194:44795"
adminAddress: "10.1.0.194:44795"
startupRole: FOLLOWER
,id: "f5646e00-f755-4a84-81c0-28301c6d3dcd"
address: "10.1.0.194:34301"
priority: 1
dataStreamAddress: "10.1.0.194:43451"
clientAddress: "10.1.0.194:34301"
adminAddress: "10.1.0.194:34301"
startupRole: FOLLOWER
, old:): org.apache.ratis.thirdparty.io.grpc.StatusRuntimeException: CANCELLED: client cancelled
2023-05-03 09:48:43,433 [grpc-default-executor-2] WARN  server.GrpcServerProtocolService (LogUtils.java:warn(122)) - 77d385a9-4ef0-49b0-a825-0af72e1af87e: installSnapshot onError, lastRequest: null: org.apache.ratis.thirdparty.io.grpc.StatusRuntimeException: CANCELLED: client cancelled
2023-05-03 09:48:43,433 [grpc-default-executor-1] WARN  server.GrpcLogAppender (LogUtils.java:warn(122)) - f5646e00-f755-4a84-81c0-28301c6d3dcd@group-AF2F860F9E56->77d385a9-4ef0-49b0-a825-0af72e1af87e-AppendLogResponseHandler: Failed appendEntries: org.apache.ratis.thirdparty.io.grpc.StatusRuntimeException: CANCELLED: RST_STREAM closed stream. HTTP/2 error code: CANCEL
2023-05-03 09:48:43,433 [grpc-default-executor-1] WARN  server.GrpcLogAppender (GrpcLogAppender.java:resetClient(131)) - f5646e00-f755-4a84-81c0-28301c6d3dcd@group-AF2F860F9E56->77d385a9-4ef0-49b0-a825-0af72e1af87e-GrpcLogAppender: Leader has not got in touch with Follower f5646e00-f755-4a84-81c0-28301c6d3dcd@group-AF2F860F9E56->77d385a9-4ef0-49b0-a825-0af72e1af87e(c0,m0,n1, attendVote=true, lastRpcSendTime=284, lastRpcResponseTime=274) yet, just keep nextIndex unchanged and retry.
2023-05-03 09:48:43,435 [77d385a9-4ef0-49b0-a825-0af72e1af87e-impl-thread1] INFO  impl.StateMachineUpdater (StateMachineUpdater.java:stopAndJoin(153)) - 77d385a9-4ef0-49b0-a825-0af72e1af87e@group-AF2F860F9E56-StateMachineUpdater: set stopIndex = 0
2023-05-03 09:48:43,435 [77d385a9-4ef0-49b0-a825-0af72e1af87e@group-AF2F860F9E56-FollowerState] INFO  impl.FollowerState (FollowerState.java:run(152)) - 77d385a9-4ef0-49b0-a825-0af72e1af87e@group-AF2F860F9E56-FollowerState was interrupted
2023-05-03 09:48:43,435 [ForkJoinPool.commonPool-worker-1] INFO  server.GrpcServerProtocolClient (GrpcServerProtocolClient.java:close(101)) - e11e6016-9f4c-4443-9608-a269a8403abb Close channels
2023-05-03 09:48:43,435 [77d385a9-4ef0-49b0-a825-0af72e1af87e@group-AF2F860F9E56-StateMachineUpdater] INFO  ratis.ContainerStateMachine (ContainerStateMachine.java:takeSnapshot(330)) - group-AF2F860F9E56: Taking a snapshot at:(t:1, i:0) file /home/runner/work/ozone/ozone/hadoop-ozone/integration-test/target/test-dir/MiniOzoneClusterImpl-58229684-5176-44ea-993d-1afc6db8e6af/datanode-0/data/ratis/455589cd-2844-4794-b6cc-af2f860f9e56/sm/snapshot.1_0
2023-05-03 09:48:43,435 [Listener at 127.0.0.1/43067] INFO  server.RaftServer (RaftServerProxy.java:lambda$close$6(409)) - f5646e00-f755-4a84-81c0-28301c6d3dcd: close
2023-05-03 09:48:43,437 [77d385a9-4ef0-49b0-a825-0af72e1af87e@group-561892FD82FE->f5646e00-f755-4a84-81c0-28301c6d3dcd-GrpcLogAppender-LogAppenderDaemon] WARN  server.GrpcLogAppender (GrpcLogAppender.java:mayWait(200)) - 77d385a9-4ef0-49b0-a825-0af72e1af87e@group-561892FD82FE->f5646e00-f755-4a84-81c0-28301c6d3dcd-GrpcLogAppender: Wait interrupted by java.lang.InterruptedException
2023-05-03 09:48:43,437 [77d385a9-4ef0-49b0-a825-0af72e1af87e-impl-thread2] INFO  impl.PendingRequests (PendingRequests.java:sendNotLeaderResponses(282)) - 77d385a9-4ef0-49b0-a825-0af72e1af87e@group-561892FD82FE-PendingRequests: sendNotLeaderResponses
2023-05-03 09:48:43,437 [77d385a9-4ef0-49b0-a825-0af72e1af87e@group-561892FD82FE-StateMachineUpdater] INFO  ratis.ContainerStateMachine (ContainerStateMachine.java:takeSnapshot(330)) - group-561892FD82FE: Taking a snapshot at:(t:1, i:0) file /home/runner/work/ozone/ozone/hadoop-ozone/integration-test/target/test-dir/MiniOzoneClusterImpl-58229684-5176-44ea-993d-1afc6db8e6af/datanode-0/data/ratis/e72af45b-f28a-427f-8f25-561892fd82fe/sm/snapshot.1_0
2023-05-03 09:48:43,437 [77d385a9-4ef0-49b0-a825-0af72e1af87e-impl-thread2] INFO  impl.StateMachineUpdater (StateMachineUpdater.java:stopAndJoin(153)) - 77d385a9-4ef0-49b0-a825-0af72e1af87e@group-561892FD82FE-StateMachineUpdater: set stopIndex = 0
2023-05-03 09:48:43,438 [77d385a9-4ef0-49b0-a825-0af72e1af87e@group-561892FD82FE-StateMachineUpdater] INFO  ratis.ContainerStateMachine (ContainerStateMachine.java:takeSnapshot(341)) - group-561892FD82FE: Finished taking a snapshot at:(t:1, i:0) file:/home/runner/work/ozone/ozone/hadoop-ozone/integration-test/target/test-dir/MiniOzoneClusterImpl-58229684-5176-44ea-993d-1afc6db8e6af/datanode-0/data/ratis/e72af45b-f28a-427f-8f25-561892fd82fe/sm/snapshot.1_0 took: 1 ms
2023-05-03 09:48:43,438 [77d385a9-4ef0-49b0-a825-0af72e1af87e@group-561892FD82FE-StateMachineUpdater] INFO  impl.StateMachineUpdater (StateMachineUpdater.java:takeSnapshot(287)) - 77d385a9-4ef0-49b0-a825-0af72e1af87e@group-561892FD82FE-StateMachineUpdater: Took a snapshot at index 0
2023-05-03 09:48:43,438 [77d385a9-4ef0-49b0-a825-0af72e1af87e@group-561892FD82FE-StateMachineUpdater] INFO  impl.StateMachineUpdater (StateMachineUpdater.java:lambda$new$0(92)) - 77d385a9-4ef0-49b0-a825-0af72e1af87e@group-561892FD82FE-StateMachineUpdater: snapshotIndex: updateIncreasingly -1 -> 0
2023-05-03 09:48:43,438 [77d385a9-4ef0-49b0-a825-0af72e1af87e-impl-thread2] INFO  server.RaftServer$Division (ServerState.java:close(466)) - 77d385a9-4ef0-49b0-a825-0af72e1af87e@group-561892FD82FE: closes. applyIndex: 0
2023-05-03 09:48:43,438 [77d385a9-4ef0-49b0-a825-0af72e1af87e@group-561892FD82FE-SegmentedRaftLogWorker] INFO  segmented.SegmentedRaftLogWorker (SegmentedRaftLogWorker.java:run(347)) - 77d385a9-4ef0-49b0-a825-0af72e1af87e@group-561892FD82FE-SegmentedRaftLogWorker was interrupted, exiting. There are 0 tasks remaining in the queue.
2023-05-03 09:48:43,439 [77d385a9-4ef0-49b0-a825-0af72e1af87e-impl-thread2] INFO  segmented.SegmentedRaftLogWorker (SegmentedRaftLogWorker.java:close(257)) - 77d385a9-4ef0-49b0-a825-0af72e1af87e@group-561892FD82FE-SegmentedRaftLogWorker close()
2023-05-03 09:48:43,440 [grpc-default-executor-4] WARN  server.GrpcLogAppender (LogUtils.java:warn(122)) - f5646e00-f755-4a84-81c0-28301c6d3dcd@group-AF2F860F9E56->77d385a9-4ef0-49b0-a825-0af72e1af87e-AppendLogResponseHandler: Failed appendEntries: org.apache.ratis.thirdparty.io.grpc.StatusRuntimeException: CANCELLED: RST_STREAM closed stream. HTTP/2 error code: CANCEL
2023-05-03 09:48:43,440 [grpc-default-executor-2] INFO  server.GrpcServerProtocolService (GrpcServerProtocolService.java:onCompleted(143)) - e11e6016-9f4c-4443-9608-a269a8403abb: Completed APPEND_ENTRIES, lastRequest: null
2023-05-03 09:48:43,441 [grpc-default-executor-0] INFO  server.GrpcServerProtocolService (GrpcServerProtocolService.java:onCompleted(143)) - f5646e00-f755-4a84-81c0-28301c6d3dcd: Completed APPEND_ENTRIES, lastRequest: 77d385a9-4ef0-49b0-a825-0af72e1af87e->f5646e00-f755-4a84-81c0-28301c6d3dcd#1-t1,previous=(t:0, i:0),leaderCommit=0,initializing? true,entries: size=1, first=(t:1, i:0), CONFIGURATIONENTRY(current:id: "e11e6016-9f4c-4443-9608-a269a8403abb"
address: "10.1.0.194:41061"
dataStreamAddress: "10.1.0.194:43361"
clientAddress: "10.1.0.194:41061"
adminAddress: "10.1.0.194:41061"
startupRole: FOLLOWER
,id: "77d385a9-4ef0-49b0-a825-0af72e1af87e"
address: "10.1.0.194:44795"
priority: 1
dataStreamAddress: "10.1.0.194:44383"
clientAddress: "10.1.0.194:44795"
adminAddress: "10.1.0.194:44795"
startupRole: FOLLOWER
,id: "f5646e00-f755-4a84-81c0-28301c6d3dcd"
address: "10.1.0.194:34301"
dataStreamAddress: "10.1.0.194:43451"
clientAddress: "10.1.0.194:34301"
adminAddress: "10.1.0.194:34301"
startupRole: FOLLOWER
, old:)
2023-05-03 09:48:43,441 [grpc-default-executor-2] INFO  server.GrpcServerProtocolService (GrpcServerProtocolService.java:onCompleted(143)) - f5646e00-f755-4a84-81c0-28301c6d3dcd: Completed APPEND_ENTRIES, lastRequest: null
2023-05-03 09:48:43,441 [grpc-default-executor-1] INFO  server.GrpcServerProtocolService (GrpcServerProtocolService.java:onCompleted(143)) - e11e6016-9f4c-4443-9608-a269a8403abb: Completed APPEND_ENTRIES, lastRequest: 77d385a9-4ef0-49b0-a825-0af72e1af87e->e11e6016-9f4c-4443-9608-a269a8403abb#1-t1,previous=(t:0, i:0),leaderCommit=0,initializing? true,entries: size=1, first=(t:1, i:0), CONFIGURATIONENTRY(current:id: "e11e6016-9f4c-4443-9608-a269a8403abb"
address: "10.1.0.194:41061"
dataStreamAddress: "10.1.0.194:43361"
clientAddress: "10.1.0.194:41061"
adminAddress: "10.1.0.194:41061"
startupRole: FOLLOWER
,id: "77d385a9-4ef0-49b0-a825-0af72e1af87e"
address: "10.1.0.194:44795"
priority: 1
dataStreamAddress: "10.1.0.194:44383"
clientAddress: "10.1.0.194:44795"
adminAddress: "10.1.0.194:44795"
startupRole: FOLLOWER
,id: "f5646e00-f755-4a84-81c0-28301c6d3dcd"
address: "10.1.0.194:34301"
dataStreamAddress: "10.1.0.194:43451"
clientAddress: "10.1.0.194:34301"
adminAddress: "10.1.0.194:34301"
startupRole: FOLLOWER
, old:)
2023-05-03 09:48:43,441 [grpc-default-executor-4] WARN  server.GrpcLogAppender (GrpcLogAppender.java:resetClient(131)) - f5646e00-f755-4a84-81c0-28301c6d3dcd@group-AF2F860F9E56->77d385a9-4ef0-49b0-a825-0af72e1af87e-GrpcLogAppender: Leader has not got in touch with Follower f5646e00-f755-4a84-81c0-28301c6d3dcd@group-AF2F860F9E56->77d385a9-4ef0-49b0-a825-0af72e1af87e(c0,m0,n1, attendVote=true, lastRpcSendTime=292, lastRpcResponseTime=282) yet, just keep nextIndex unchanged and retry.
2023-05-03 09:48:43,442 [f5646e00-f755-4a84-81c0-28301c6d3dcd-impl-thread1] INFO  server.RaftServer$Division (RaftServerImpl.java:lambda$close$4(458)) - f5646e00-f755-4a84-81c0-28301c6d3dcd@group-AF2F860F9E56: shutdown
2023-05-03 09:48:43,442 [f5646e00-f755-4a84-81c0-28301c6d3dcd-impl-thread1] INFO  util.JmxRegister (JmxRegister.java:unregister(73)) - Successfully un-registered JMX Bean with object name Ratis:service=RaftServer,group=group-AF2F860F9E56,id=f5646e00-f755-4a84-81c0-28301c6d3dcd
2023-05-03 09:48:43,442 [f5646e00-f755-4a84-81c0-28301c6d3dcd-impl-thread1] INFO  impl.RoleInfo (RoleInfo.java:shutdownLeaderState(93)) - f5646e00-f755-4a84-81c0-28301c6d3dcd: shutdown f5646e00-f755-4a84-81c0-28301c6d3dcd@group-AF2F860F9E56-LeaderStateImpl
2023-05-03 09:48:43,442 [77d385a9-4ef0-49b0-a825-0af72e1af87e@group-AF2F860F9E56-StateMachineUpdater] INFO  ratis.ContainerStateMachine (ContainerStateMachine.java:takeSnapshot(341)) - group-AF2F860F9E56: Finished taking a snapshot at:(t:1, i:0) file:/home/runner/work/ozone/ozone/hadoop-ozone/integration-test/target/test-dir/MiniOzoneClusterImpl-58229684-5176-44ea-993d-1afc6db8e6af/datanode-0/data/ratis/455589cd-2844-4794-b6cc-af2f860f9e56/sm/snapshot.1_0 took: 7 ms
2023-05-03 09:48:43,442 [grpc-default-executor-1] INFO  server.GrpcLogAppender (GrpcLogAppender.java:onCompleted(415)) - 77d385a9-4ef0-49b0-a825-0af72e1af87e@group-561892FD82FE->f5646e00-f755-4a84-81c0-28301c6d3dcd-AppendLogResponseHandler: follower responses appendEntries COMPLETED
2023-05-03 09:48:43,442 [grpc-default-executor-1] INFO  leader.FollowerInfo (FollowerInfoImpl.java:lambda$new$0(48)) - 77d385a9-4ef0-49b0-a825-0af72e1af87e@group-561892FD82FE->f5646e00-f755-4a84-81c0-28301c6d3dcd: nextIndex: updateUnconditionally 1 -> 0
2023-05-03 09:48:43,443 [grpc-default-executor-3] INFO  server.GrpcLogAppender (GrpcLogAppender.java:onCompleted(415)) - 77d385a9-4ef0-49b0-a825-0af72e1af87e@group-561892FD82FE->f5646e00-f755-4a84-81c0-28301c6d3dcd-AppendLogResponseHandler: follower responses appendEntries COMPLETED
2023-05-03 09:48:43,443 [grpc-default-executor-3] INFO  leader.FollowerInfo (FollowerInfoImpl.java:lambda$new$0(48)) - 77d385a9-4ef0-49b0-a825-0af72e1af87e@group-561892FD82FE->f5646e00-f755-4a84-81c0-28301c6d3dcd: nextIndex: updateUnconditionally 0 -> 0
2023-05-03 09:48:43,442 [77d385a9-4ef0-49b0-a825-0af72e1af87e@group-AF2F860F9E56-StateMachineUpdater] INFO  impl.StateMachineUpdater (StateMachineUpdater.java:takeSnapshot(287)) - 77d385a9-4ef0-49b0-a825-0af72e1af87e@group-AF2F860F9E56-StateMachineUpdater: Took a snapshot at index 0
2023-05-03 09:48:43,443 [77d385a9-4ef0-49b0-a825-0af72e1af87e@group-AF2F860F9E56-StateMachineUpdater] INFO  impl.StateMachineUpdater (StateMachineUpdater.java:lambda$new$0(92)) - 77d385a9-4ef0-49b0-a825-0af72e1af87e@group-AF2F860F9E56-StateMachineUpdater: snapshotIndex: updateIncreasingly -1 -> 0
2023-05-03 09:48:43,443 [77d385a9-4ef0-49b0-a825-0af72e1af87e-impl-thread1] INFO  server.RaftServer$Division (ServerState.java:close(466)) - 77d385a9-4ef0-49b0-a825-0af72e1af87e@group-AF2F860F9E56: closes. applyIndex: 0
2023-05-03 09:48:43,445 [77d385a9-4ef0-49b0-a825-0af72e1af87e-impl-thread3] INFO  server.RaftServer$Division (RaftServerImpl.java:lambda$close$4(458)) - 77d385a9-4ef0-49b0-a825-0af72e1af87e@group-8D66BDBA0460: shutdown
2023-05-03 09:48:43,446 [77d385a9-4ef0-49b0-a825-0af72e1af87e-impl-thread3] INFO  util.JmxRegister (JmxRegister.java:unregister(73)) - Successfully un-registered JMX Bean with object name Ratis:service=RaftServer,group=group-8D66BDBA0460,id=77d385a9-4ef0-49b0-a825-0af72e1af87e
2023-05-03 09:48:43,446 [77d385a9-4ef0-49b0-a825-0af72e1af87e-impl-thread3] INFO  impl.RoleInfo (RoleInfo.java:shutdownLeaderState(93)) - 77d385a9-4ef0-49b0-a825-0af72e1af87e: shutdown 77d385a9-4ef0-49b0-a825-0af72e1af87e@group-8D66BDBA0460-LeaderStateImpl
2023-05-03 09:48:43,446 [77d385a9-4ef0-49b0-a825-0af72e1af87e-impl-thread3] INFO  impl.PendingRequests (PendingRequests.java:sendNotLeaderResponses(282)) - 77d385a9-4ef0-49b0-a825-0af72e1af87e@group-8D66BDBA0460-PendingRequests: sendNotLeaderResponses
2023-05-03 09:48:43,446 [77d385a9-4ef0-49b0-a825-0af72e1af87e@group-8D66BDBA0460-StateMachineUpdater] INFO  ratis.ContainerStateMachine (ContainerStateMachine.java:takeSnapshot(330)) - group-8D66BDBA0460: Taking a snapshot at:(t:1, i:0) file /home/runner/work/ozone/ozone/hadoop-ozone/integration-test/target/test-dir/MiniOzoneClusterImpl-58229684-5176-44ea-993d-1afc6db8e6af/datanode-0/data/ratis/1fdcf3c2-e48c-41b9-b518-8d66bdba0460/sm/snapshot.1_0
2023-05-03 09:48:43,446 [77d385a9-4ef0-49b0-a825-0af72e1af87e-impl-thread3] INFO  impl.StateMachineUpdater (StateMachineUpdater.java:stopAndJoin(153)) - 77d385a9-4ef0-49b0-a825-0af72e1af87e@group-8D66BDBA0460-StateMachineUpdater: set stopIndex = 0
2023-05-03 09:48:43,446 [77d385a9-4ef0-49b0-a825-0af72e1af87e@group-8D66BDBA0460-StateMachineUpdater] INFO  ratis.ContainerStateMachine (ContainerStateMachine.java:takeSnapshot(341)) - group-8D66BDBA0460: Finished taking a snapshot at:(t:1, i:0) file:/home/runner/work/ozone/ozone/hadoop-ozone/integration-test/target/test-dir/MiniOzoneClusterImpl-58229684-5176-44ea-993d-1afc6db8e6af/datanode-0/data/ratis/1fdcf3c2-e48c-41b9-b518-8d66bdba0460/sm/snapshot.1_0 took: 0 ms
2023-05-03 09:48:43,446 [77d385a9-4ef0-49b0-a825-0af72e1af87e@group-8D66BDBA0460-StateMachineUpdater] INFO  impl.StateMachineUpdater (StateMachineUpdater.java:takeSnapshot(287)) - 77d385a9-4ef0-49b0-a825-0af72e1af87e@group-8D66BDBA0460-StateMachineUpdater: Took a snapshot at index 0
2023-05-03 09:48:43,446 [77d385a9-4ef0-49b0-a825-0af72e1af87e@group-8D66BDBA0460-StateMachineUpdater] INFO  impl.StateMachineUpdater (StateMachineUpdater.java:lambda$new$0(92)) - 77d385a9-4ef0-49b0-a825-0af72e1af87e@group-8D66BDBA0460-StateMachineUpdater: snapshotIndex: updateIncreasingly -1 -> 0
2023-05-03 09:48:43,447 [77d385a9-4ef0-49b0-a825-0af72e1af87e-impl-thread3] INFO  server.RaftServer$Division (ServerState.java:close(466)) - 77d385a9-4ef0-49b0-a825-0af72e1af87e@group-8D66BDBA0460: closes. applyIndex: 0
2023-05-03 09:48:43,452 [77d385a9-4ef0-49b0-a825-0af72e1af87e@group-8D66BDBA0460-SegmentedRaftLogWorker] INFO  segmented.SegmentedRaftLogWorker (SegmentedRaftLogWorker.java:run(347)) - 77d385a9-4ef0-49b0-a825-0af72e1af87e@group-8D66BDBA0460-SegmentedRaftLogWorker was interrupted, exiting. There are 0 tasks remaining in the queue.
2023-05-03 09:48:43,452 [Listener at 127.0.0.1/43067] INFO  server.GrpcService (GrpcService.java:closeImpl(271)) - f5646e00-f755-4a84-81c0-28301c6d3dcd: shutdown server GrpcServerProtocolService now
2023-05-03 09:48:43,452 [77d385a9-4ef0-49b0-a825-0af72e1af87e@group-AF2F860F9E56-SegmentedRaftLogWorker] INFO  segmented.SegmentedRaftLogWorker (SegmentedRaftLogWorker.java:run(347)) - 77d385a9-4ef0-49b0-a825-0af72e1af87e@group-AF2F860F9E56-SegmentedRaftLogWorker was interrupted, exiting. There are 0 tasks remaining in the queue.
2023-05-03 09:48:43,453 [f5646e00-f755-4a84-81c0-28301c6d3dcd-impl-thread2] INFO  server.RaftServer$Division (RaftServerImpl.java:lambda$close$4(458)) - f5646e00-f755-4a84-81c0-28301c6d3dcd@group-561892FD82FE: shutdown
2023-05-03 09:48:43,453 [f5646e00-f755-4a84-81c0-28301c6d3dcd-impl-thread2] INFO  util.JmxRegister (JmxRegister.java:unregister(73)) - Successfully un-registered JMX Bean with object name Ratis:service=RaftServer,group=group-561892FD82FE,id=f5646e00-f755-4a84-81c0-28301c6d3dcd
2023-05-03 09:48:43,453 [f5646e00-f755-4a84-81c0-28301c6d3dcd-impl-thread2] INFO  impl.RoleInfo (RoleInfo.java:shutdownFollowerState(110)) - f5646e00-f755-4a84-81c0-28301c6d3dcd: shutdown f5646e00-f755-4a84-81c0-28301c6d3dcd@group-561892FD82FE-FollowerState
2023-05-03 09:48:43,455 [f5646e00-f755-4a84-81c0-28301c6d3dcd-impl-thread3] INFO  server.RaftServer$Division (RaftServerImpl.java:lambda$close$4(458)) - f5646e00-f755-4a84-81c0-28301c6d3dcd@group-F4101502C6B0: shutdown
2023-05-03 09:48:43,455 [f5646e00-f755-4a84-81c0-28301c6d3dcd-impl-thread3] INFO  util.JmxRegister (JmxRegister.java:unregister(73)) - Successfully un-registered JMX Bean with object name Ratis:service=RaftServer,group=group-F4101502C6B0,id=f5646e00-f755-4a84-81c0-28301c6d3dcd
2023-05-03 09:48:43,461 [f5646e00-f755-4a84-81c0-28301c6d3dcd-impl-thread1] INFO  impl.PendingRequests (PendingRequests.java:sendNotLeaderResponses(282)) - f5646e00-f755-4a84-81c0-28301c6d3dcd@group-AF2F860F9E56-PendingRequests: sendNotLeaderResponses
2023-05-03 09:48:43,461 [f5646e00-f755-4a84-81c0-28301c6d3dcd-impl-thread1] INFO  impl.StateMachineUpdater (StateMachineUpdater.java:stopAndJoin(153)) - f5646e00-f755-4a84-81c0-28301c6d3dcd@group-AF2F860F9E56-StateMachineUpdater: set stopIndex = 0
2023-05-03 09:48:43,461 [grpc-default-executor-1] INFO  server.GrpcLogAppender (GrpcLogAppender.java:onCompleted(415)) - 77d385a9-4ef0-49b0-a825-0af72e1af87e@group-561892FD82FE->e11e6016-9f4c-4443-9608-a269a8403abb-AppendLogResponseHandler: follower responses appendEntries COMPLETED
2023-05-03 09:48:43,461 [f5646e00-f755-4a84-81c0-28301c6d3dcd@group-AF2F860F9E56-StateMachineUpdater] INFO  ratis.ContainerStateMachine (ContainerStateMachine.java:takeSnapshot(330)) - group-AF2F860F9E56: Taking a snapshot at:(t:1, i:0) file /home/runner/work/ozone/ozone/hadoop-ozone/integration-test/target/test-dir/MiniOzoneClusterImpl-58229684-5176-44ea-993d-1afc6db8e6af/datanode-1/data/ratis/455589cd-2844-4794-b6cc-af2f860f9e56/sm/snapshot.1_0
2023-05-03 09:48:43,461 [grpc-default-executor-1] WARN  server.GrpcLogAppender (GrpcLogAppender.java:resetClient(137)) - 77d385a9-4ef0-49b0-a825-0af72e1af87e@group-561892FD82FE->e11e6016-9f4c-4443-9608-a269a8403abb-GrpcLogAppender: Failed to getClient for e11e6016-9f4c-4443-9608-a269a8403abb
org.apache.ratis.protocol.exceptions.AlreadyClosedException: 77d385a9-4ef0-49b0-a825-0af72e1af87e is already CLOSED
	at org.apache.ratis.util.PeerProxyMap$PeerAndProxy.getProxy(PeerProxyMap.java:61)
	at org.apache.ratis.util.PeerProxyMap.getProxy(PeerProxyMap.java:115)
	at org.apache.ratis.grpc.server.GrpcLogAppender.getClient(GrpcLogAppender.java:116)
	at org.apache.ratis.grpc.server.GrpcLogAppender.resetClient(GrpcLogAppender.java:121)
	at org.apache.ratis.grpc.server.GrpcLogAppender.access$500(GrpcLogAppender.java:58)
	at org.apache.ratis.grpc.server.GrpcLogAppender$AppendLogResponseHandler.onCompleted(GrpcLogAppender.java:416)
	at org.apache.ratis.thirdparty.io.grpc.stub.ClientCalls$StreamObserverToCallListenerAdapter.onClose(ClientCalls.java:485)
	at org.apache.ratis.thirdparty.io.grpc.internal.DelayedClientCall$DelayedListener$3.run(DelayedClientCall.java:468)
	at org.apache.ratis.thirdparty.io.grpc.internal.DelayedClientCall$DelayedListener.delayOrExecute(DelayedClientCall.java:432)
	at org.apache.ratis.thirdparty.io.grpc.internal.DelayedClientCall$DelayedListener.onClose(DelayedClientCall.java:465)
	at org.apache.ratis.thirdparty.io.grpc.internal.ClientCallImpl.closeObserver(ClientCallImpl.java:562)
	at org.apache.ratis.thirdparty.io.grpc.internal.ClientCallImpl.access$300(ClientCallImpl.java:70)
	at org.apache.ratis.thirdparty.io.grpc.internal.ClientCallImpl$ClientStreamListenerImpl$1StreamClosed.runInternal(ClientCallImpl.java:743)
	at org.apache.ratis.thirdparty.io.grpc.internal.ClientCallImpl$ClientStreamListenerImpl$1StreamClosed.runInContext(ClientCallImpl.java:722)
	at org.apache.ratis.thirdparty.io.grpc.internal.ContextRunnable.run(ContextRunnable.java:37)
	at org.apache.ratis.thirdparty.io.grpc.internal.SerializingExecutor.run(SerializingExecutor.java:133)
	at java.util.concurrent.ThreadPoolExecutor.runWorker(ThreadPoolExecutor.java:1149)
	at java.util.concurrent.ThreadPoolExecutor$Worker.run(ThreadPoolExecutor.java:624)
	at java.lang.Thread.run(Thread.java:750)
2023-05-03 09:48:43,461 [Listener at 127.0.0.1/43067] INFO  server.GrpcServerProtocolClient (GrpcServerProtocolClient.java:close(101)) - e11e6016-9f4c-4443-9608-a269a8403abb Close channels
2023-05-03 09:48:43,462 [f5646e00-f755-4a84-81c0-28301c6d3dcd@group-AF2F860F9E56-StateMachineUpdater] INFO  ratis.ContainerStateMachine (ContainerStateMachine.java:takeSnapshot(341)) - group-AF2F860F9E56: Finished taking a snapshot at:(t:1, i:0) file:/home/runner/work/ozone/ozone/hadoop-ozone/integration-test/target/test-dir/MiniOzoneClusterImpl-58229684-5176-44ea-993d-1afc6db8e6af/datanode-1/data/ratis/455589cd-2844-4794-b6cc-af2f860f9e56/sm/snapshot.1_0 took: 1 ms
2023-05-03 09:48:43,462 [f5646e00-f755-4a84-81c0-28301c6d3dcd@group-561892FD82FE-StateMachineUpdater] INFO  ratis.ContainerStateMachine (ContainerStateMachine.java:takeSnapshot(330)) - group-561892FD82FE: Taking a snapshot at:(t:1, i:0) file /home/runner/work/ozone/ozone/hadoop-ozone/integration-test/target/test-dir/MiniOzoneClusterImpl-58229684-5176-44ea-993d-1afc6db8e6af/datanode-1/data/ratis/e72af45b-f28a-427f-8f25-561892fd82fe/sm/snapshot.1_0
2023-05-03 09:48:43,464 [f5646e00-f755-4a84-81c0-28301c6d3dcd@group-AF2F860F9E56-StateMachineUpdater] INFO  impl.StateMachineUpdater (StateMachineUpdater.java:takeSnapshot(287)) - f5646e00-f755-4a84-81c0-28301c6d3dcd@group-AF2F860F9E56-StateMachineUpdater: Took a snapshot at index 0
2023-05-03 09:48:43,464 [f5646e00-f755-4a84-81c0-28301c6d3dcd@group-AF2F860F9E56-StateMachineUpdater] INFO  impl.StateMachineUpdater (StateMachineUpdater.java:lambda$new$0(92)) - f5646e00-f755-4a84-81c0-28301c6d3dcd@group-AF2F860F9E56-StateMachineUpdater: snapshotIndex: updateIncreasingly -1 -> 0
2023-05-03 09:48:43,464 [f5646e00-f755-4a84-81c0-28301c6d3dcd-impl-thread1] INFO  server.RaftServer$Division (ServerState.java:close(466)) - f5646e00-f755-4a84-81c0-28301c6d3dcd@group-AF2F860F9E56: closes. applyIndex: 0
2023-05-03 09:48:43,462 [f5646e00-f755-4a84-81c0-28301c6d3dcd@group-561892FD82FE-FollowerState] INFO  impl.FollowerState (FollowerState.java:run(152)) - f5646e00-f755-4a84-81c0-28301c6d3dcd@group-561892FD82FE-FollowerState was interrupted
2023-05-03 09:48:43,464 [f5646e00-f755-4a84-81c0-28301c6d3dcd@group-561892FD82FE-StateMachineUpdater] INFO  ratis.ContainerStateMachine (ContainerStateMachine.java:takeSnapshot(341)) - group-561892FD82FE: Finished taking a snapshot at:(t:1, i:0) file:/home/runner/work/ozone/ozone/hadoop-ozone/integration-test/target/test-dir/MiniOzoneClusterImpl-58229684-5176-44ea-993d-1afc6db8e6af/datanode-1/data/ratis/e72af45b-f28a-427f-8f25-561892fd82fe/sm/snapshot.1_0 took: 2 ms
2023-05-03 09:48:43,465 [f5646e00-f755-4a84-81c0-28301c6d3dcd@group-561892FD82FE-StateMachineUpdater] INFO  impl.StateMachineUpdater (StateMachineUpdater.java:takeSnapshot(287)) - f5646e00-f755-4a84-81c0-28301c6d3dcd@group-561892FD82FE-StateMachineUpdater: Took a snapshot at index 0
2023-05-03 09:48:43,465 [f5646e00-f755-4a84-81c0-28301c6d3dcd@group-561892FD82FE-StateMachineUpdater] INFO  impl.StateMachineUpdater (StateMachineUpdater.java:lambda$new$0(92)) - f5646e00-f755-4a84-81c0-28301c6d3dcd@group-561892FD82FE-StateMachineUpdater: snapshotIndex: updateIncreasingly -1 -> 0
2023-05-03 09:48:43,462 [f5646e00-f755-4a84-81c0-28301c6d3dcd-impl-thread2] INFO  impl.StateMachineUpdater (StateMachineUpdater.java:stopAndJoin(153)) - f5646e00-f755-4a84-81c0-28301c6d3dcd@group-561892FD82FE-StateMachineUpdater: set stopIndex = 0
2023-05-03 09:48:43,465 [f5646e00-f755-4a84-81c0-28301c6d3dcd-impl-thread2] INFO  server.RaftServer$Division (ServerState.java:close(466)) - f5646e00-f755-4a84-81c0-28301c6d3dcd@group-561892FD82FE: closes. applyIndex: 0
2023-05-03 09:48:43,465 [grpc-default-executor-1] INFO  server.GrpcServerProtocolService (GrpcServerProtocolService.java:onCompleted(143)) - e11e6016-9f4c-4443-9608-a269a8403abb: Completed APPEND_ENTRIES, lastRequest: null
2023-05-03 09:48:43,465 [grpc-default-executor-0] INFO  server.GrpcServerProtocolService (GrpcServerProtocolService.java:onCompleted(143)) - e11e6016-9f4c-4443-9608-a269a8403abb: Completed APPEND_ENTRIES, lastRequest: f5646e00-f755-4a84-81c0-28301c6d3dcd->e11e6016-9f4c-4443-9608-a269a8403abb#1-t1,previous=(t:0, i:0),leaderCommit=0,initializing? true,entries: size=1, first=(t:1, i:0), CONFIGURATIONENTRY(current:id: "e11e6016-9f4c-4443-9608-a269a8403abb"
address: "10.1.0.194:41061"
dataStreamAddress: "10.1.0.194:43361"
clientAddress: "10.1.0.194:41061"
adminAddress: "10.1.0.194:41061"
startupRole: FOLLOWER
,id: "77d385a9-4ef0-49b0-a825-0af72e1af87e"
address: "10.1.0.194:44795"
dataStreamAddress: "10.1.0.194:44383"
clientAddress: "10.1.0.194:44795"
adminAddress: "10.1.0.194:44795"
startupRole: FOLLOWER
,id: "f5646e00-f755-4a84-81c0-28301c6d3dcd"
address: "10.1.0.194:34301"
priority: 1
dataStreamAddress: "10.1.0.194:43451"
clientAddress: "10.1.0.194:34301"
adminAddress: "10.1.0.194:34301"
startupRole: FOLLOWER
, old:)
2023-05-03 09:48:43,462 [grpc-default-executor-5] INFO  server.GrpcLogAppender (GrpcLogAppender.java:onCompleted(415)) - 77d385a9-4ef0-49b0-a825-0af72e1af87e@group-561892FD82FE->e11e6016-9f4c-4443-9608-a269a8403abb-AppendLogResponseHandler: follower responses appendEntries COMPLETED
2023-05-03 09:48:43,465 [grpc-default-executor-5] WARN  server.GrpcLogAppender (GrpcLogAppender.java:resetClient(137)) - 77d385a9-4ef0-49b0-a825-0af72e1af87e@group-561892FD82FE->e11e6016-9f4c-4443-9608-a269a8403abb-GrpcLogAppender: Failed to getClient for e11e6016-9f4c-4443-9608-a269a8403abb
org.apache.ratis.protocol.exceptions.AlreadyClosedException: 77d385a9-4ef0-49b0-a825-0af72e1af87e is already CLOSED
	at org.apache.ratis.util.PeerProxyMap$PeerAndProxy.getProxy(PeerProxyMap.java:61)
	at org.apache.ratis.util.PeerProxyMap.getProxy(PeerProxyMap.java:115)
	at org.apache.ratis.grpc.server.GrpcLogAppender.getClient(GrpcLogAppender.java:116)
	at org.apache.ratis.grpc.server.GrpcLogAppender.resetClient(GrpcLogAppender.java:121)
	at org.apache.ratis.grpc.server.GrpcLogAppender.access$500(GrpcLogAppender.java:58)
	at org.apache.ratis.grpc.server.GrpcLogAppender$AppendLogResponseHandler.onCompleted(GrpcLogAppender.java:416)
	at org.apache.ratis.thirdparty.io.grpc.stub.ClientCalls$StreamObserverToCallListenerAdapter.onClose(ClientCalls.java:485)
	at org.apache.ratis.thirdparty.io.grpc.internal.ClientCallImpl.closeObserver(ClientCallImpl.java:562)
	at org.apache.ratis.thirdparty.io.grpc.internal.ClientCallImpl.access$300(ClientCallImpl.java:70)
	at org.apache.ratis.thirdparty.io.grpc.internal.ClientCallImpl$ClientStreamListenerImpl$1StreamClosed.runInternal(ClientCallImpl.java:743)
	at org.apache.ratis.thirdparty.io.grpc.internal.ClientCallImpl$ClientStreamListenerImpl$1StreamClosed.runInContext(ClientCallImpl.java:722)
	at org.apache.ratis.thirdparty.io.grpc.internal.ContextRunnable.run(ContextRunnable.java:37)
	at org.apache.ratis.thirdparty.io.grpc.internal.SerializingExecutor.run(SerializingExecutor.java:133)
	at java.util.concurrent.ThreadPoolExecutor.runWorker(ThreadPoolExecutor.java:1149)
	at java.util.concurrent.ThreadPoolExecutor$Worker.run(ThreadPoolExecutor.java:624)
	at java.lang.Thread.run(Thread.java:750)
2023-05-03 09:48:43,465 [f5646e00-f755-4a84-81c0-28301c6d3dcd@group-561892FD82FE-SegmentedRaftLogWorker] INFO  segmented.SegmentedRaftLogWorker (SegmentedRaftLogWorker.java:run(347)) - f5646e00-f755-4a84-81c0-28301c6d3dcd@group-561892FD82FE-SegmentedRaftLogWorker was interrupted, exiting. There are 0 tasks remaining in the queue.
2023-05-03 09:48:43,466 [grpc-default-executor-2] INFO  server.GrpcLogAppender (GrpcLogAppender.java:onCompleted(415)) - f5646e00-f755-4a84-81c0-28301c6d3dcd@group-AF2F860F9E56->e11e6016-9f4c-4443-9608-a269a8403abb-AppendLogResponseHandler: follower responses appendEntries COMPLETED
2023-05-03 09:48:43,466 [grpc-default-executor-2] WARN  server.GrpcLogAppender (GrpcLogAppender.java:resetClient(137)) - f5646e00-f755-4a84-81c0-28301c6d3dcd@group-AF2F860F9E56->e11e6016-9f4c-4443-9608-a269a8403abb-GrpcLogAppender: Failed to getClient for e11e6016-9f4c-4443-9608-a269a8403abb
org.apache.ratis.protocol.exceptions.AlreadyClosedException: f5646e00-f755-4a84-81c0-28301c6d3dcd is already CLOSED
	at org.apache.ratis.util.PeerProxyMap$PeerAndProxy.getProxy(PeerProxyMap.java:61)
	at org.apache.ratis.util.PeerProxyMap.getProxy(PeerProxyMap.java:115)
	at org.apache.ratis.grpc.server.GrpcLogAppender.getClient(GrpcLogAppender.java:116)
	at org.apache.ratis.grpc.server.GrpcLogAppender.resetClient(GrpcLogAppender.java:121)
	at org.apache.ratis.grpc.server.GrpcLogAppender.access$500(GrpcLogAppender.java:58)
	at org.apache.ratis.grpc.server.GrpcLogAppender$AppendLogResponseHandler.onCompleted(GrpcLogAppender.java:416)
	at org.apache.ratis.thirdparty.io.grpc.stub.ClientCalls$StreamObserverToCallListenerAdapter.onClose(ClientCalls.java:485)
	at org.apache.ratis.thirdparty.io.grpc.internal.ClientCallImpl.closeObserver(ClientCallImpl.java:562)
	at org.apache.ratis.thirdparty.io.grpc.internal.ClientCallImpl.access$300(ClientCallImpl.java:70)
	at org.apache.ratis.thirdparty.io.grpc.internal.ClientCallImpl$ClientStreamListenerImpl$1StreamClosed.runInternal(ClientCallImpl.java:743)
	at org.apache.ratis.thirdparty.io.grpc.internal.ClientCallImpl$ClientStreamListenerImpl$1StreamClosed.runInContext(ClientCallImpl.java:722)
	at org.apache.ratis.thirdparty.io.grpc.internal.ContextRunnable.run(ContextRunnable.java:37)
	at org.apache.ratis.thirdparty.io.grpc.internal.SerializingExecutor.run(SerializingExecutor.java:133)
	at java.util.concurrent.ThreadPoolExecutor.runWorker(ThreadPoolExecutor.java:1149)
	at java.util.concurrent.ThreadPoolExecutor$Worker.run(ThreadPoolExecutor.java:624)
	at java.lang.Thread.run(Thread.java:750)
2023-05-03 09:48:43,466 [ForkJoinPool.commonPool-worker-1] INFO  server.GrpcServerProtocolClient (GrpcServerProtocolClient.java:close(101)) - f5646e00-f755-4a84-81c0-28301c6d3dcd Close channels
2023-05-03 09:48:43,462 [f5646e00-f755-4a84-81c0-28301c6d3dcd-impl-thread3] INFO  impl.RoleInfo (RoleInfo.java:shutdownLeaderState(93)) - f5646e00-f755-4a84-81c0-28301c6d3dcd: shutdown f5646e00-f755-4a84-81c0-28301c6d3dcd@group-F4101502C6B0-LeaderStateImpl
2023-05-03 09:48:43,462 [77d385a9-4ef0-49b0-a825-0af72e1af87e-impl-thread3] INFO  segmented.SegmentedRaftLogWorker (SegmentedRaftLogWorker.java:close(257)) - 77d385a9-4ef0-49b0-a825-0af72e1af87e@group-8D66BDBA0460-SegmentedRaftLogWorker close()
2023-05-03 09:48:43,462 [77d385a9-4ef0-49b0-a825-0af72e1af87e-impl-thread1] INFO  segmented.SegmentedRaftLogWorker (SegmentedRaftLogWorker.java:close(257)) - 77d385a9-4ef0-49b0-a825-0af72e1af87e@group-AF2F860F9E56-SegmentedRaftLogWorker close()
2023-05-03 09:48:43,467 [f5646e00-f755-4a84-81c0-28301c6d3dcd-impl-thread3] INFO  impl.PendingRequests (PendingRequests.java:sendNotLeaderResponses(282)) - f5646e00-f755-4a84-81c0-28301c6d3dcd@group-F4101502C6B0-PendingRequests: sendNotLeaderResponses
2023-05-03 09:48:43,467 [f5646e00-f755-4a84-81c0-28301c6d3dcd@group-AF2F860F9E56-SegmentedRaftLogWorker] INFO  segmented.SegmentedRaftLogWorker (SegmentedRaftLogWorker.java:run(347)) - f5646e00-f755-4a84-81c0-28301c6d3dcd@group-AF2F860F9E56-SegmentedRaftLogWorker was interrupted, exiting. There are 0 tasks remaining in the queue.
2023-05-03 09:48:43,467 [f5646e00-f755-4a84-81c0-28301c6d3dcd@group-F4101502C6B0-StateMachineUpdater] INFO  ratis.ContainerStateMachine (ContainerStateMachine.java:takeSnapshot(330)) - group-F4101502C6B0: Taking a snapshot at:(t:1, i:0) file /home/runner/work/ozone/ozone/hadoop-ozone/integration-test/target/test-dir/MiniOzoneClusterImpl-58229684-5176-44ea-993d-1afc6db8e6af/datanode-1/data/ratis/ec438597-dca4-4518-8467-f4101502c6b0/sm/snapshot.1_0
2023-05-03 09:48:43,467 [f5646e00-f755-4a84-81c0-28301c6d3dcd-impl-thread3] INFO  impl.StateMachineUpdater (StateMachineUpdater.java:stopAndJoin(153)) - f5646e00-f755-4a84-81c0-28301c6d3dcd@group-F4101502C6B0-StateMachineUpdater: set stopIndex = 0
2023-05-03 09:48:43,468 [grpc-default-executor-5] INFO  server.GrpcLogAppender (GrpcLogAppender.java:onCompleted(415)) - f5646e00-f755-4a84-81c0-28301c6d3dcd@group-AF2F860F9E56->e11e6016-9f4c-4443-9608-a269a8403abb-AppendLogResponseHandler: follower responses appendEntries COMPLETED
2023-05-03 09:48:43,468 [grpc-default-executor-5] WARN  server.GrpcLogAppender (GrpcLogAppender.java:resetClient(137)) - f5646e00-f755-4a84-81c0-28301c6d3dcd@group-AF2F860F9E56->e11e6016-9f4c-4443-9608-a269a8403abb-GrpcLogAppender: Failed to getClient for e11e6016-9f4c-4443-9608-a269a8403abb
org.apache.ratis.protocol.exceptions.AlreadyClosedException: f5646e00-f755-4a84-81c0-28301c6d3dcd is already CLOSED
	at org.apache.ratis.util.PeerProxyMap$PeerAndProxy.getProxy(PeerProxyMap.java:61)
	at org.apache.ratis.util.PeerProxyMap.getProxy(PeerProxyMap.java:115)
	at org.apache.ratis.grpc.server.GrpcLogAppender.getClient(GrpcLogAppender.java:116)
	at org.apache.ratis.grpc.server.GrpcLogAppender.resetClient(GrpcLogAppender.java:121)
	at org.apache.ratis.grpc.server.GrpcLogAppender.access$500(GrpcLogAppender.java:58)
	at org.apache.ratis.grpc.server.GrpcLogAppender$AppendLogResponseHandler.onCompleted(GrpcLogAppender.java:416)
	at org.apache.ratis.thirdparty.io.grpc.stub.ClientCalls$StreamObserverToCallListenerAdapter.onClose(ClientCalls.java:485)
	at org.apache.ratis.thirdparty.io.grpc.internal.DelayedClientCall$DelayedListener$3.run(DelayedClientCall.java:468)
	at org.apache.ratis.thirdparty.io.grpc.internal.DelayedClientCall$DelayedListener.delayOrExecute(DelayedClientCall.java:432)
	at org.apache.ratis.thirdparty.io.grpc.internal.DelayedClientCall$DelayedListener.onClose(DelayedClientCall.java:465)
	at org.apache.ratis.thirdparty.io.grpc.internal.ClientCallImpl.closeObserver(ClientCallImpl.java:562)
	at org.apache.ratis.thirdparty.io.grpc.internal.ClientCallImpl.access$300(ClientCallImpl.java:70)
	at org.apache.ratis.thirdparty.io.grpc.internal.ClientCallImpl$ClientStreamListenerImpl$1StreamClosed.runInternal(ClientCallImpl.java:743)
	at org.apache.ratis.thirdparty.io.grpc.internal.ClientCallImpl$ClientStreamListenerImpl$1StreamClosed.runInContext(ClientCallImpl.java:722)
	at org.apache.ratis.thirdparty.io.grpc.internal.ContextRunnable.run(ContextRunnable.java:37)
	at org.apache.ratis.thirdparty.io.grpc.internal.SerializingExecutor.run(SerializingExecutor.java:133)
	at java.util.concurrent.ThreadPoolExecutor.runWorker(ThreadPoolExecutor.java:1149)
	at java.util.concurrent.ThreadPoolExecutor$Worker.run(ThreadPoolExecutor.java:624)
	at java.lang.Thread.run(Thread.java:750)
2023-05-03 09:48:43,468 [f5646e00-f755-4a84-81c0-28301c6d3dcd-impl-thread2] INFO  segmented.SegmentedRaftLogWorker (SegmentedRaftLogWorker.java:close(257)) - f5646e00-f755-4a84-81c0-28301c6d3dcd@group-561892FD82FE-SegmentedRaftLogWorker close()
2023-05-03 09:48:43,468 [f5646e00-f755-4a84-81c0-28301c6d3dcd-impl-thread1] INFO  segmented.SegmentedRaftLogWorker (SegmentedRaftLogWorker.java:close(257)) - f5646e00-f755-4a84-81c0-28301c6d3dcd@group-AF2F860F9E56-SegmentedRaftLogWorker close()
2023-05-03 09:48:43,468 [f5646e00-f755-4a84-81c0-28301c6d3dcd@group-F4101502C6B0-StateMachineUpdater] INFO  ratis.ContainerStateMachine (ContainerStateMachine.java:takeSnapshot(341)) - group-F4101502C6B0: Finished taking a snapshot at:(t:1, i:0) file:/home/runner/work/ozone/ozone/hadoop-ozone/integration-test/target/test-dir/MiniOzoneClusterImpl-58229684-5176-44ea-993d-1afc6db8e6af/datanode-1/data/ratis/ec438597-dca4-4518-8467-f4101502c6b0/sm/snapshot.1_0 took: 1 ms
2023-05-03 09:48:43,470 [f5646e00-f755-4a84-81c0-28301c6d3dcd@group-F4101502C6B0-StateMachineUpdater] INFO  impl.StateMachineUpdater (StateMachineUpdater.java:takeSnapshot(287)) - f5646e00-f755-4a84-81c0-28301c6d3dcd@group-F4101502C6B0-StateMachineUpdater: Took a snapshot at index 0
2023-05-03 09:48:43,470 [f5646e00-f755-4a84-81c0-28301c6d3dcd@group-F4101502C6B0-StateMachineUpdater] INFO  impl.StateMachineUpdater (StateMachineUpdater.java:lambda$new$0(92)) - f5646e00-f755-4a84-81c0-28301c6d3dcd@group-F4101502C6B0-StateMachineUpdater: snapshotIndex: updateIncreasingly -1 -> 0
2023-05-03 09:48:43,469 [Listener at 127.0.0.1/43067] INFO  server.GrpcServerProtocolClient (GrpcServerProtocolClient.java:close(101)) - 77d385a9-4ef0-49b0-a825-0af72e1af87e Close channels
2023-05-03 09:48:43,469 [ForkJoinPool.commonPool-worker-1] INFO  server.GrpcService (GrpcService.java:closeImpl(280)) - 77d385a9-4ef0-49b0-a825-0af72e1af87e: shutdown server GrpcServerProtocolService successfully
2023-05-03 09:48:43,471 [f5646e00-f755-4a84-81c0-28301c6d3dcd-impl-thread3] INFO  server.RaftServer$Division (ServerState.java:close(466)) - f5646e00-f755-4a84-81c0-28301c6d3dcd@group-F4101502C6B0: closes. applyIndex: 0
2023-05-03 09:48:43,471 [77d385a9-4ef0-49b0-a825-0af72e1af87e-NettyServerStreamRpc-bossGroup--thread1] INFO  logging.LoggingHandler (AbstractInternalLogger.java:log(148)) - [id: 0xdeb1b1a9, L:/0:0:0:0:0:0:0:0:44383] CLOSE
2023-05-03 09:48:43,471 [f5646e00-f755-4a84-81c0-28301c6d3dcd@group-F4101502C6B0-SegmentedRaftLogWorker] INFO  segmented.SegmentedRaftLogWorker (SegmentedRaftLogWorker.java:run(347)) - f5646e00-f755-4a84-81c0-28301c6d3dcd@group-F4101502C6B0-SegmentedRaftLogWorker was interrupted, exiting. There are 0 tasks remaining in the queue.
2023-05-03 09:48:43,471 [77d385a9-4ef0-49b0-a825-0af72e1af87e-NettyServerStreamRpc-bossGroup--thread1] INFO  logging.LoggingHandler (AbstractInternalLogger.java:log(148)) - [id: 0xdeb1b1a9, L:/0:0:0:0:0:0:0:0:44383] INACTIVE
2023-05-03 09:48:43,471 [77d385a9-4ef0-49b0-a825-0af72e1af87e-NettyServerStreamRpc-bossGroup--thread1] INFO  logging.LoggingHandler (AbstractInternalLogger.java:log(148)) - [id: 0xdeb1b1a9, L:/0:0:0:0:0:0:0:0:44383] UNREGISTERED
2023-05-03 09:48:43,471 [e11e6016-9f4c-4443-9608-a269a8403abb@group-AE4FCD8C1B2D-FollowerState] INFO  impl.FollowerState (FollowerState.java:run(143)) - e11e6016-9f4c-4443-9608-a269a8403abb@group-AE4FCD8C1B2D-FollowerState: change to CANDIDATE, lastRpcElapsedTime:5073187659ns, electionTimeout:5072ms
2023-05-03 09:48:43,471 [e11e6016-9f4c-4443-9608-a269a8403abb@group-AE4FCD8C1B2D-FollowerState] INFO  impl.RoleInfo (RoleInfo.java:shutdownFollowerState(110)) - e11e6016-9f4c-4443-9608-a269a8403abb: shutdown e11e6016-9f4c-4443-9608-a269a8403abb@group-AE4FCD8C1B2D-FollowerState
2023-05-03 09:48:43,471 [e11e6016-9f4c-4443-9608-a269a8403abb@group-AE4FCD8C1B2D-FollowerState] INFO  server.RaftServer$Division (RaftServerImpl.java:setRole(321)) - e11e6016-9f4c-4443-9608-a269a8403abb@group-AE4FCD8C1B2D: changes role from  FOLLOWER to CANDIDATE at term 0 for changeToCandidate
2023-05-03 09:48:43,490 [e11e6016-9f4c-4443-9608-a269a8403abb@group-AE4FCD8C1B2D-FollowerState] INFO  server.RaftServerConfigKeys (ConfUtils.java:logGet(46)) - raft.server.leaderelection.pre-vote = true (default)
2023-05-03 09:48:43,490 [e11e6016-9f4c-4443-9608-a269a8403abb@group-AE4FCD8C1B2D-FollowerState] INFO  impl.RoleInfo (RoleInfo.java:updateAndGet(139)) - e11e6016-9f4c-4443-9608-a269a8403abb: start e11e6016-9f4c-4443-9608-a269a8403abb@group-AE4FCD8C1B2D-LeaderElection43
2023-05-03 09:48:43,495 [f5646e00-f755-4a84-81c0-28301c6d3dcd-impl-thread3] INFO  segmented.SegmentedRaftLogWorker (SegmentedRaftLogWorker.java:close(257)) - f5646e00-f755-4a84-81c0-28301c6d3dcd@group-F4101502C6B0-SegmentedRaftLogWorker close()
2023-05-03 09:48:43,495 [e11e6016-9f4c-4443-9608-a269a8403abb@group-AE4FCD8C1B2D-LeaderElection43] INFO  impl.LeaderElection (LeaderElection.java:askForVotes(312)) - e11e6016-9f4c-4443-9608-a269a8403abb@group-AE4FCD8C1B2D-LeaderElection43 PRE_VOTE round 0: submit vote requests at term 0 for -1: peers:[e11e6016-9f4c-4443-9608-a269a8403abb|rpc:10.1.0.194:41061|dataStream:10.1.0.194:43361|priority:1|startupRole:FOLLOWER]|listeners:[], old=null
2023-05-03 09:48:43,496 [Listener at 127.0.0.1/43067] INFO  server.GrpcService (GrpcService.java:closeImpl(280)) - f5646e00-f755-4a84-81c0-28301c6d3dcd: shutdown server GrpcServerProtocolService successfully
2023-05-03 09:48:43,496 [f5646e00-f755-4a84-81c0-28301c6d3dcd-NettyServerStreamRpc-bossGroup--thread1] INFO  logging.LoggingHandler (AbstractInternalLogger.java:log(148)) - [id: 0xd4f52294, L:/0:0:0:0:0:0:0:0:43451] CLOSE
2023-05-03 09:48:43,497 [f5646e00-f755-4a84-81c0-28301c6d3dcd-NettyServerStreamRpc-bossGroup--thread1] INFO  logging.LoggingHandler (AbstractInternalLogger.java:log(148)) - [id: 0xd4f52294, L:/0:0:0:0:0:0:0:0:43451] INACTIVE
2023-05-03 09:48:43,497 [f5646e00-f755-4a84-81c0-28301c6d3dcd-NettyServerStreamRpc-bossGroup--thread1] INFO  logging.LoggingHandler (AbstractInternalLogger.java:log(148)) - [id: 0xd4f52294, L:/0:0:0:0:0:0:0:0:43451] UNREGISTERED
2023-05-03 09:48:43,497 [e11e6016-9f4c-4443-9608-a269a8403abb@group-AE4FCD8C1B2D-LeaderElection43] INFO  impl.LeaderElection (LeaderElection.java:askForVotes(314)) - e11e6016-9f4c-4443-9608-a269a8403abb@group-AE4FCD8C1B2D-LeaderElection43 PRE_VOTE round 0: result PASSED (term=0)
2023-05-03 09:48:43,498 [JvmPauseMonitor21] INFO  util.JvmPauseMonitor (JvmPauseMonitor.java:run(111)) - JvmPauseMonitor-77d385a9-4ef0-49b0-a825-0af72e1af87e: Stopped
2023-05-03 09:48:43,499 [e11e6016-9f4c-4443-9608-a269a8403abb@group-AE4FCD8C1B2D-LeaderElection43] INFO  impl.LeaderElection (LeaderElection.java:askForVotes(312)) - e11e6016-9f4c-4443-9608-a269a8403abb@group-AE4FCD8C1B2D-LeaderElection43 ELECTION round 0: submit vote requests at term 1 for -1: peers:[e11e6016-9f4c-4443-9608-a269a8403abb|rpc:10.1.0.194:41061|dataStream:10.1.0.194:43361|priority:1|startupRole:FOLLOWER]|listeners:[], old=null
2023-05-03 09:48:43,499 [e11e6016-9f4c-4443-9608-a269a8403abb@group-AE4FCD8C1B2D-LeaderElection43] INFO  impl.LeaderElection (LeaderElection.java:askForVotes(314)) - e11e6016-9f4c-4443-9608-a269a8403abb@group-AE4FCD8C1B2D-LeaderElection43 ELECTION round 0: result PASSED (term=1)
2023-05-03 09:48:43,499 [e11e6016-9f4c-4443-9608-a269a8403abb@group-AE4FCD8C1B2D-LeaderElection43] INFO  impl.RoleInfo (RoleInfo.java:shutdownLeaderElection(130)) - e11e6016-9f4c-4443-9608-a269a8403abb: shutdown e11e6016-9f4c-4443-9608-a269a8403abb@group-AE4FCD8C1B2D-LeaderElection43
2023-05-03 09:48:43,499 [e11e6016-9f4c-4443-9608-a269a8403abb@group-AE4FCD8C1B2D-LeaderElection43] INFO  server.RaftServer$Division (RaftServerImpl.java:setRole(321)) - e11e6016-9f4c-4443-9608-a269a8403abb@group-AE4FCD8C1B2D: changes role from CANDIDATE to LEADER at term 1 for changeToLeader
2023-05-03 09:48:43,499 [e11e6016-9f4c-4443-9608-a269a8403abb@group-AE4FCD8C1B2D-LeaderElection43] INFO  ratis.XceiverServerRatis (XceiverServerRatis.java:handleLeaderChangedNotification(904)) - Leader change notification received for group: group-AE4FCD8C1B2D with new leaderId: e11e6016-9f4c-4443-9608-a269a8403abb
2023-05-03 09:48:43,511 [e11e6016-9f4c-4443-9608-a269a8403abb@group-AE4FCD8C1B2D-LeaderElection43] INFO  server.RaftServer$Division (ServerState.java:setLeader(313)) - e11e6016-9f4c-4443-9608-a269a8403abb@group-AE4FCD8C1B2D: change Leader from null to e11e6016-9f4c-4443-9608-a269a8403abb at term 1 for becomeLeader, leader elected after 5109ms
2023-05-03 09:48:43,511 [e11e6016-9f4c-4443-9608-a269a8403abb@group-AE4FCD8C1B2D-LeaderElection43] INFO  server.RaftServerConfigKeys (ConfUtils.java:logGet(46)) - raft.server.staging.catchup.gap = 1000 (default)
2023-05-03 09:48:43,511 [e11e6016-9f4c-4443-9608-a269a8403abb@group-AE4FCD8C1B2D-LeaderElection43] INFO  server.RaftServerConfigKeys (ConfUtils.java:logGet(46)) - raft.server.write.element-limit = 1024 (custom)
2023-05-03 09:48:43,511 [e11e6016-9f4c-4443-9608-a269a8403abb@group-AE4FCD8C1B2D-LeaderElection43] INFO  server.RaftServerConfigKeys (ConfUtils.java:logGet(46)) - raft.server.write.byte-limit = 1024 M (=1073741824) (custom)
2023-05-03 09:48:43,511 [e11e6016-9f4c-4443-9608-a269a8403abb@group-AE4FCD8C1B2D-LeaderElection43] INFO  server.RaftServerConfigKeys (ConfUtils.java:logGet(46)) - raft.server.watch.timeout = 180s (custom)
2023-05-03 09:48:43,511 [e11e6016-9f4c-4443-9608-a269a8403abb@group-AE4FCD8C1B2D-LeaderElection43] INFO  server.RaftServerConfigKeys (ConfUtils.java:logGet(46)) - raft.server.watch.timeout.denomination = 1s (default)
2023-05-03 09:48:43,511 [e11e6016-9f4c-4443-9608-a269a8403abb@group-AE4FCD8C1B2D-LeaderElection43] INFO  server.RaftServerConfigKeys (ConfUtils.java:logGet(46)) - raft.server.watch.element-limit = 65536 (default)
2023-05-03 09:48:43,511 [e11e6016-9f4c-4443-9608-a269a8403abb@group-AE4FCD8C1B2D-LeaderElection43] INFO  server.RaftServerConfigKeys (ConfUtils.java:logGet(46)) - raft.server.write.element-limit = 1024 (custom)
2023-05-03 09:48:43,511 [e11e6016-9f4c-4443-9608-a269a8403abb@group-AE4FCD8C1B2D-LeaderElection43] INFO  server.RaftServerConfigKeys (ConfUtils.java:logGet(46)) - raft.server.write.follower.gap.ratio.max = -1.0 (default)
2023-05-03 09:48:43,511 [e11e6016-9f4c-4443-9608-a269a8403abb@group-AE4FCD8C1B2D-LeaderElection43] INFO  impl.RoleInfo (RoleInfo.java:updateAndGet(139)) - e11e6016-9f4c-4443-9608-a269a8403abb: start e11e6016-9f4c-4443-9608-a269a8403abb@group-AE4FCD8C1B2D-LeaderStateImpl
2023-05-03 09:48:43,511 [e11e6016-9f4c-4443-9608-a269a8403abb@group-AE4FCD8C1B2D-LeaderElection43] INFO  segmented.SegmentedRaftLogWorker (SegmentedRaftLogWorker.java:startLogSegment(452)) - e11e6016-9f4c-4443-9608-a269a8403abb@group-AE4FCD8C1B2D-SegmentedRaftLogWorker: Starting segment from index:0
2023-05-03 09:48:43,515 [e11e6016-9f4c-4443-9608-a269a8403abb@group-AE4FCD8C1B2D-LeaderElection43] INFO  server.RaftServer$Division (ServerState.java:setRaftConf(430)) - e11e6016-9f4c-4443-9608-a269a8403abb@group-AE4FCD8C1B2D: set configuration 0: peers:[e11e6016-9f4c-4443-9608-a269a8403abb|rpc:10.1.0.194:41061|dataStream:10.1.0.194:43361|priority:1|startupRole:FOLLOWER]|listeners:[], old=null
2023-05-03 09:48:43,515 [e11e6016-9f4c-4443-9608-a269a8403abb@group-AE4FCD8C1B2D-SegmentedRaftLogWorker] INFO  segmented.SegmentedRaftLogWorker (SegmentedRaftLogWorker.java:execute(656)) - e11e6016-9f4c-4443-9608-a269a8403abb@group-AE4FCD8C1B2D-SegmentedRaftLogWorker: created new log segment /home/runner/work/ozone/ozone/hadoop-ozone/integration-test/target/test-dir/MiniOzoneClusterImpl-58229684-5176-44ea-993d-1afc6db8e6af/datanode-2/data/ratis/ec5c3514-42f2-4f45-a105-ae4fcd8c1b2d/current/log_inprogress_0
2023-05-03 09:48:43,520 [JvmPauseMonitor22] INFO  util.JvmPauseMonitor (JvmPauseMonitor.java:run(111)) - JvmPauseMonitor-f5646e00-f755-4a84-81c0-28301c6d3dcd: Stopped
2023-05-03 09:48:45,512 [ForkJoinPool.commonPool-worker-1] INFO  volume.HddsVolume (HddsVolume.java:closeDbStore(437)) - SchemaV3 db is stopped at /home/runner/work/ozone/ozone/hadoop-ozone/integration-test/target/test-dir/MiniOzoneClusterImpl-58229684-5176-44ea-993d-1afc6db8e6af/datanode-0/data-0/containers/hdds/58229684-5176-44ea-993d-1afc6db8e6af/DS-f87a6dc7-15ec-4ef7-a6e0-26b2bfb9e71a/container.db for volume DS-f87a6dc7-15ec-4ef7-a6e0-26b2bfb9e71a
2023-05-03 09:48:45,512 [ForkJoinPool.commonPool-worker-1] INFO  utils.BackgroundService (BackgroundService.java:shutdown(141)) - Shutting down service BlockDeletingService
2023-05-03 09:48:45,513 [ForkJoinPool.commonPool-worker-1] INFO  utils.BackgroundService (BackgroundService.java:shutdown(141)) - Shutting down service StaleRecoveringContainerScrubbingService
2023-05-03 09:48:45,515 [ForkJoinPool.commonPool-worker-1] INFO  statemachine.DatanodeStateMachine (DatanodeStateMachine.java:stopDaemon(603)) - Ozone container server stopped.
2023-05-03 09:48:45,522 [Listener at 127.0.0.1/43067] INFO  volume.HddsVolume (HddsVolume.java:closeDbStore(437)) - SchemaV3 db is stopped at /home/runner/work/ozone/ozone/hadoop-ozone/integration-test/target/test-dir/MiniOzoneClusterImpl-58229684-5176-44ea-993d-1afc6db8e6af/datanode-1/data-0/containers/hdds/58229684-5176-44ea-993d-1afc6db8e6af/DS-d8c81389-4278-4df2-baf2-82e5e5f776e6/container.db for volume DS-d8c81389-4278-4df2-baf2-82e5e5f776e6
2023-05-03 09:48:45,522 [Listener at 127.0.0.1/43067] INFO  utils.BackgroundService (BackgroundService.java:shutdown(141)) - Shutting down service BlockDeletingService
2023-05-03 09:48:45,522 [Listener at 127.0.0.1/43067] INFO  utils.BackgroundService (BackgroundService.java:shutdown(141)) - Shutting down service StaleRecoveringContainerScrubbingService
2023-05-03 09:48:45,527 [Listener at 127.0.0.1/43067] INFO  statemachine.DatanodeStateMachine (DatanodeStateMachine.java:stopDaemon(603)) - Ozone container server stopped.
2023-05-03 09:48:45,535 [Listener at 127.0.0.1/43067] INFO  handler.ContextHandler (ContextHandler.java:doStop(1159)) - Stopped o.e.j.w.WebAppContext@62b8dfa9{hddsDatanode,/,null,STOPPED}{jar:file:/home/runner/.m2/repository/org/apache/ozone/hdds-container-service/1.4.0-SNAPSHOT/hdds-container-service-1.4.0-SNAPSHOT.jar!/webapps/hddsDatanode}
2023-05-03 09:48:45,539 [ForkJoinPool.commonPool-worker-1] INFO  handler.ContextHandler (ContextHandler.java:doStop(1159)) - Stopped o.e.j.w.WebAppContext@3e15bfff{hddsDatanode,/,null,STOPPED}{jar:file:/home/runner/.m2/repository/org/apache/ozone/hdds-container-service/1.4.0-SNAPSHOT/hdds-container-service-1.4.0-SNAPSHOT.jar!/webapps/hddsDatanode}
2023-05-03 09:48:45,539 [Listener at 127.0.0.1/43067] INFO  server.AbstractConnector (AbstractConnector.java:doStop(383)) - Stopped ServerConnector@6f721112{HTTP/1.1, (http/1.1)}{0.0.0.0:0}
2023-05-03 09:48:45,539 [Listener at 127.0.0.1/43067] INFO  server.session (HouseKeeper.java:stopScavenging(149)) - node0 Stopped scavenging
2023-05-03 09:48:45,539 [ForkJoinPool.commonPool-worker-1] INFO  server.AbstractConnector (AbstractConnector.java:doStop(383)) - Stopped ServerConnector@271b82cc{HTTP/1.1, (http/1.1)}{0.0.0.0:0}
2023-05-03 09:48:45,539 [ForkJoinPool.commonPool-worker-1] INFO  server.session (HouseKeeper.java:stopScavenging(149)) - node0 Stopped scavenging
2023-05-03 09:48:45,540 [ForkJoinPool.commonPool-worker-1] INFO  handler.ContextHandler (ContextHandler.java:doStop(1159)) - Stopped o.e.j.s.ServletContextHandler@719ee664{static,/static,jar:file:/home/runner/.m2/repository/org/apache/ozone/hdds-container-service/1.4.0-SNAPSHOT/hdds-container-service-1.4.0-SNAPSHOT.jar!/webapps/static,STOPPED}
2023-05-03 09:48:45,540 [Listener at 127.0.0.1/43067] INFO  handler.ContextHandler (ContextHandler.java:doStop(1159)) - Stopped o.e.j.s.ServletContextHandler@2dc677a7{static,/static,jar:file:/home/runner/.m2/repository/org/apache/ozone/hdds-container-service/1.4.0-SNAPSHOT/hdds-container-service-1.4.0-SNAPSHOT.jar!/webapps/static,STOPPED}
2023-05-03 09:48:45,540 [Listener at 127.0.0.1/43067] INFO  handler.ContextHandler (ContextHandler.java:doStop(1159)) - Stopped o.e.j.s.ServletContextHandler@ed0c7cd{logs,/logs,file:///home/runner/work/ozone/ozone/hadoop-ozone/integration-test/target/log,STOPPED}
2023-05-03 09:48:45,541 [ForkJoinPool.commonPool-worker-1] INFO  handler.ContextHandler (ContextHandler.java:doStop(1159)) - Stopped o.e.j.s.ServletContextHandler@3a8f4a6c{logs,/logs,file:///home/runner/work/ozone/ozone/hadoop-ozone/integration-test/target/log,STOPPED}
2023-05-03 09:48:45,544 [ForkJoinPool.commonPool-worker-1] INFO  ozoneimpl.OzoneContainer (OzoneContainer.java:stop(419)) - Attempting to stop container services.
2023-05-03 09:48:45,544 [ForkJoinPool.commonPool-worker-1] INFO  server.RaftServer (RaftServerProxy.java:lambda$close$6(409)) - e11e6016-9f4c-4443-9608-a269a8403abb: close
2023-05-03 09:48:45,544 [e11e6016-9f4c-4443-9608-a269a8403abb-impl-thread1] INFO  server.RaftServer$Division (RaftServerImpl.java:lambda$close$4(458)) - e11e6016-9f4c-4443-9608-a269a8403abb@group-AF2F860F9E56: shutdown
2023-05-03 09:48:45,544 [e11e6016-9f4c-4443-9608-a269a8403abb-impl-thread1] INFO  util.JmxRegister (JmxRegister.java:unregister(73)) - Successfully un-registered JMX Bean with object name Ratis:service=RaftServer,group=group-AF2F860F9E56,id=e11e6016-9f4c-4443-9608-a269a8403abb
2023-05-03 09:48:45,544 [e11e6016-9f4c-4443-9608-a269a8403abb-impl-thread1] INFO  impl.RoleInfo (RoleInfo.java:shutdownFollowerState(110)) - e11e6016-9f4c-4443-9608-a269a8403abb: shutdown e11e6016-9f4c-4443-9608-a269a8403abb@group-AF2F860F9E56-FollowerState
2023-05-03 09:48:45,544 [e11e6016-9f4c-4443-9608-a269a8403abb-impl-thread1] INFO  impl.StateMachineUpdater (StateMachineUpdater.java:stopAndJoin(153)) - e11e6016-9f4c-4443-9608-a269a8403abb@group-AF2F860F9E56-StateMachineUpdater: set stopIndex = 0
2023-05-03 09:48:45,544 [e11e6016-9f4c-4443-9608-a269a8403abb@group-AF2F860F9E56-FollowerState] INFO  impl.FollowerState (FollowerState.java:run(152)) - e11e6016-9f4c-4443-9608-a269a8403abb@group-AF2F860F9E56-FollowerState was interrupted
2023-05-03 09:48:45,545 [e11e6016-9f4c-4443-9608-a269a8403abb@group-AF2F860F9E56-StateMachineUpdater] INFO  ratis.ContainerStateMachine (ContainerStateMachine.java:takeSnapshot(330)) - group-AF2F860F9E56: Taking a snapshot at:(t:1, i:0) file /home/runner/work/ozone/ozone/hadoop-ozone/integration-test/target/test-dir/MiniOzoneClusterImpl-58229684-5176-44ea-993d-1afc6db8e6af/datanode-2/data/ratis/455589cd-2844-4794-b6cc-af2f860f9e56/sm/snapshot.1_0
2023-05-03 09:48:45,546 [e11e6016-9f4c-4443-9608-a269a8403abb@group-AF2F860F9E56-StateMachineUpdater] INFO  ratis.ContainerStateMachine (ContainerStateMachine.java:takeSnapshot(341)) - group-AF2F860F9E56: Finished taking a snapshot at:(t:1, i:0) file:/home/runner/work/ozone/ozone/hadoop-ozone/integration-test/target/test-dir/MiniOzoneClusterImpl-58229684-5176-44ea-993d-1afc6db8e6af/datanode-2/data/ratis/455589cd-2844-4794-b6cc-af2f860f9e56/sm/snapshot.1_0 took: 2 ms
2023-05-03 09:48:45,547 [e11e6016-9f4c-4443-9608-a269a8403abb@group-AF2F860F9E56-StateMachineUpdater] INFO  impl.StateMachineUpdater (StateMachineUpdater.java:takeSnapshot(287)) - e11e6016-9f4c-4443-9608-a269a8403abb@group-AF2F860F9E56-StateMachineUpdater: Took a snapshot at index 0
2023-05-03 09:48:45,547 [e11e6016-9f4c-4443-9608-a269a8403abb@group-AF2F860F9E56-StateMachineUpdater] INFO  impl.StateMachineUpdater (StateMachineUpdater.java:lambda$new$0(92)) - e11e6016-9f4c-4443-9608-a269a8403abb@group-AF2F860F9E56-StateMachineUpdater: snapshotIndex: updateIncreasingly -1 -> 0
2023-05-03 09:48:45,547 [e11e6016-9f4c-4443-9608-a269a8403abb-impl-thread1] INFO  server.RaftServer$Division (ServerState.java:close(466)) - e11e6016-9f4c-4443-9608-a269a8403abb@group-AF2F860F9E56: closes. applyIndex: 0
2023-05-03 09:48:45,549 [e11e6016-9f4c-4443-9608-a269a8403abb@group-AF2F860F9E56-SegmentedRaftLogWorker] INFO  segmented.SegmentedRaftLogWorker (SegmentedRaftLogWorker.java:run(347)) - e11e6016-9f4c-4443-9608-a269a8403abb@group-AF2F860F9E56-SegmentedRaftLogWorker was interrupted, exiting. There are 0 tasks remaining in the queue.
2023-05-03 09:48:45,549 [e11e6016-9f4c-4443-9608-a269a8403abb-impl-thread2] INFO  server.RaftServer$Division (RaftServerImpl.java:lambda$close$4(458)) - e11e6016-9f4c-4443-9608-a269a8403abb@group-AE4FCD8C1B2D: shutdown
2023-05-03 09:48:45,549 [e11e6016-9f4c-4443-9608-a269a8403abb-impl-thread2] INFO  util.JmxRegister (JmxRegister.java:unregister(73)) - Successfully un-registered JMX Bean with object name Ratis:service=RaftServer,group=group-AE4FCD8C1B2D,id=e11e6016-9f4c-4443-9608-a269a8403abb
2023-05-03 09:48:45,549 [e11e6016-9f4c-4443-9608-a269a8403abb-impl-thread2] INFO  impl.RoleInfo (RoleInfo.java:shutdownLeaderState(93)) - e11e6016-9f4c-4443-9608-a269a8403abb: shutdown e11e6016-9f4c-4443-9608-a269a8403abb@group-AE4FCD8C1B2D-LeaderStateImpl
2023-05-03 09:48:45,549 [e11e6016-9f4c-4443-9608-a269a8403abb-impl-thread2] INFO  impl.PendingRequests (PendingRequests.java:sendNotLeaderResponses(282)) - e11e6016-9f4c-4443-9608-a269a8403abb@group-AE4FCD8C1B2D-PendingRequests: sendNotLeaderResponses
2023-05-03 09:48:45,550 [e11e6016-9f4c-4443-9608-a269a8403abb-impl-thread2] INFO  impl.StateMachineUpdater (StateMachineUpdater.java:stopAndJoin(153)) - e11e6016-9f4c-4443-9608-a269a8403abb@group-AE4FCD8C1B2D-StateMachineUpdater: set stopIndex = 0
2023-05-03 09:48:45,554 [e11e6016-9f4c-4443-9608-a269a8403abb@group-AE4FCD8C1B2D-StateMachineUpdater] INFO  ratis.ContainerStateMachine (ContainerStateMachine.java:takeSnapshot(330)) - group-AE4FCD8C1B2D: Taking a snapshot at:(t:1, i:0) file /home/runner/work/ozone/ozone/hadoop-ozone/integration-test/target/test-dir/MiniOzoneClusterImpl-58229684-5176-44ea-993d-1afc6db8e6af/datanode-2/data/ratis/ec5c3514-42f2-4f45-a105-ae4fcd8c1b2d/sm/snapshot.1_0
2023-05-03 09:48:45,554 [e11e6016-9f4c-4443-9608-a269a8403abb-impl-thread1] INFO  segmented.SegmentedRaftLogWorker (SegmentedRaftLogWorker.java:close(257)) - e11e6016-9f4c-4443-9608-a269a8403abb@group-AF2F860F9E56-SegmentedRaftLogWorker close()
2023-05-03 09:48:45,554 [ForkJoinPool.commonPool-worker-1] INFO  server.GrpcService (GrpcService.java:closeImpl(271)) - e11e6016-9f4c-4443-9608-a269a8403abb: shutdown server GrpcServerProtocolService now
2023-05-03 09:48:45,554 [e11e6016-9f4c-4443-9608-a269a8403abb-impl-thread3] INFO  server.RaftServer$Division (RaftServerImpl.java:lambda$close$4(458)) - e11e6016-9f4c-4443-9608-a269a8403abb@group-561892FD82FE: shutdown
2023-05-03 09:48:45,554 [e11e6016-9f4c-4443-9608-a269a8403abb-impl-thread3] INFO  util.JmxRegister (JmxRegister.java:unregister(73)) - Successfully un-registered JMX Bean with object name Ratis:service=RaftServer,group=group-561892FD82FE,id=e11e6016-9f4c-4443-9608-a269a8403abb
2023-05-03 09:48:45,554 [e11e6016-9f4c-4443-9608-a269a8403abb-impl-thread3] INFO  impl.RoleInfo (RoleInfo.java:shutdownFollowerState(110)) - e11e6016-9f4c-4443-9608-a269a8403abb: shutdown e11e6016-9f4c-4443-9608-a269a8403abb@group-561892FD82FE-FollowerState
2023-05-03 09:48:45,554 [e11e6016-9f4c-4443-9608-a269a8403abb@group-561892FD82FE-FollowerState] INFO  impl.FollowerState (FollowerState.java:run(152)) - e11e6016-9f4c-4443-9608-a269a8403abb@group-561892FD82FE-FollowerState was interrupted
2023-05-03 09:48:45,554 [e11e6016-9f4c-4443-9608-a269a8403abb@group-AE4FCD8C1B2D-StateMachineUpdater] INFO  ratis.ContainerStateMachine (ContainerStateMachine.java:takeSnapshot(341)) - group-AE4FCD8C1B2D: Finished taking a snapshot at:(t:1, i:0) file:/home/runner/work/ozone/ozone/hadoop-ozone/integration-test/target/test-dir/MiniOzoneClusterImpl-58229684-5176-44ea-993d-1afc6db8e6af/datanode-2/data/ratis/ec5c3514-42f2-4f45-a105-ae4fcd8c1b2d/sm/snapshot.1_0 took: 0 ms
2023-05-03 09:48:45,555 [e11e6016-9f4c-4443-9608-a269a8403abb@group-AE4FCD8C1B2D-StateMachineUpdater] INFO  impl.StateMachineUpdater (StateMachineUpdater.java:takeSnapshot(287)) - e11e6016-9f4c-4443-9608-a269a8403abb@group-AE4FCD8C1B2D-StateMachineUpdater: Took a snapshot at index 0
2023-05-03 09:48:45,555 [e11e6016-9f4c-4443-9608-a269a8403abb@group-AE4FCD8C1B2D-StateMachineUpdater] INFO  impl.StateMachineUpdater (StateMachineUpdater.java:lambda$new$0(92)) - e11e6016-9f4c-4443-9608-a269a8403abb@group-AE4FCD8C1B2D-StateMachineUpdater: snapshotIndex: updateIncreasingly -1 -> 0
2023-05-03 09:48:45,555 [e11e6016-9f4c-4443-9608-a269a8403abb@group-561892FD82FE-StateMachineUpdater] INFO  ratis.ContainerStateMachine (ContainerStateMachine.java:takeSnapshot(330)) - group-561892FD82FE: Taking a snapshot at:(t:1, i:0) file /home/runner/work/ozone/ozone/hadoop-ozone/integration-test/target/test-dir/MiniOzoneClusterImpl-58229684-5176-44ea-993d-1afc6db8e6af/datanode-2/data/ratis/e72af45b-f28a-427f-8f25-561892fd82fe/sm/snapshot.1_0
2023-05-03 09:48:45,555 [e11e6016-9f4c-4443-9608-a269a8403abb-impl-thread3] INFO  impl.StateMachineUpdater (StateMachineUpdater.java:stopAndJoin(153)) - e11e6016-9f4c-4443-9608-a269a8403abb@group-561892FD82FE-StateMachineUpdater: set stopIndex = 0
2023-05-03 09:48:45,555 [e11e6016-9f4c-4443-9608-a269a8403abb@group-561892FD82FE-StateMachineUpdater] INFO  ratis.ContainerStateMachine (ContainerStateMachine.java:takeSnapshot(341)) - group-561892FD82FE: Finished taking a snapshot at:(t:1, i:0) file:/home/runner/work/ozone/ozone/hadoop-ozone/integration-test/target/test-dir/MiniOzoneClusterImpl-58229684-5176-44ea-993d-1afc6db8e6af/datanode-2/data/ratis/e72af45b-f28a-427f-8f25-561892fd82fe/sm/snapshot.1_0 took: 0 ms
2023-05-03 09:48:45,555 [e11e6016-9f4c-4443-9608-a269a8403abb@group-561892FD82FE-StateMachineUpdater] INFO  impl.StateMachineUpdater (StateMachineUpdater.java:takeSnapshot(287)) - e11e6016-9f4c-4443-9608-a269a8403abb@group-561892FD82FE-StateMachineUpdater: Took a snapshot at index 0
2023-05-03 09:48:45,556 [e11e6016-9f4c-4443-9608-a269a8403abb@group-561892FD82FE-StateMachineUpdater] INFO  impl.StateMachineUpdater (StateMachineUpdater.java:lambda$new$0(92)) - e11e6016-9f4c-4443-9608-a269a8403abb@group-561892FD82FE-StateMachineUpdater: snapshotIndex: updateIncreasingly -1 -> 0
2023-05-03 09:48:45,556 [e11e6016-9f4c-4443-9608-a269a8403abb-impl-thread3] INFO  server.RaftServer$Division (ServerState.java:close(466)) - e11e6016-9f4c-4443-9608-a269a8403abb@group-561892FD82FE: closes. applyIndex: 0
2023-05-03 09:48:45,556 [e11e6016-9f4c-4443-9608-a269a8403abb@group-561892FD82FE-SegmentedRaftLogWorker] INFO  segmented.SegmentedRaftLogWorker (SegmentedRaftLogWorker.java:run(347)) - e11e6016-9f4c-4443-9608-a269a8403abb@group-561892FD82FE-SegmentedRaftLogWorker was interrupted, exiting. There are 0 tasks remaining in the queue.
2023-05-03 09:48:45,557 [e11e6016-9f4c-4443-9608-a269a8403abb-impl-thread2] INFO  server.RaftServer$Division (ServerState.java:close(466)) - e11e6016-9f4c-4443-9608-a269a8403abb@group-AE4FCD8C1B2D: closes. applyIndex: 0
2023-05-03 09:48:45,557 [ForkJoinPool.commonPool-worker-1] INFO  server.GrpcService (GrpcService.java:closeImpl(280)) - e11e6016-9f4c-4443-9608-a269a8403abb: shutdown server GrpcServerProtocolService successfully
2023-05-03 09:48:45,557 [e11e6016-9f4c-4443-9608-a269a8403abb@group-AE4FCD8C1B2D-SegmentedRaftLogWorker] INFO  segmented.SegmentedRaftLogWorker (SegmentedRaftLogWorker.java:run(347)) - e11e6016-9f4c-4443-9608-a269a8403abb@group-AE4FCD8C1B2D-SegmentedRaftLogWorker was interrupted, exiting. There are 0 tasks remaining in the queue.
2023-05-03 09:48:45,557 [e11e6016-9f4c-4443-9608-a269a8403abb-NettyServerStreamRpc-bossGroup--thread1] INFO  logging.LoggingHandler (AbstractInternalLogger.java:log(148)) - [id: 0xaff8eb12, L:/0:0:0:0:0:0:0:0:43361] CLOSE
2023-05-03 09:48:45,557 [e11e6016-9f4c-4443-9608-a269a8403abb-NettyServerStreamRpc-bossGroup--thread1] INFO  logging.LoggingHandler (AbstractInternalLogger.java:log(148)) - [id: 0xaff8eb12, L:/0:0:0:0:0:0:0:0:43361] INACTIVE
2023-05-03 09:48:45,557 [e11e6016-9f4c-4443-9608-a269a8403abb-NettyServerStreamRpc-bossGroup--thread1] INFO  logging.LoggingHandler (AbstractInternalLogger.java:log(148)) - [id: 0xaff8eb12, L:/0:0:0:0:0:0:0:0:43361] UNREGISTERED
2023-05-03 09:48:45,557 [e11e6016-9f4c-4443-9608-a269a8403abb-impl-thread3] INFO  segmented.SegmentedRaftLogWorker (SegmentedRaftLogWorker.java:close(257)) - e11e6016-9f4c-4443-9608-a269a8403abb@group-561892FD82FE-SegmentedRaftLogWorker close()
2023-05-03 09:48:45,558 [e11e6016-9f4c-4443-9608-a269a8403abb-impl-thread2] INFO  segmented.SegmentedRaftLogWorker (SegmentedRaftLogWorker.java:close(257)) - e11e6016-9f4c-4443-9608-a269a8403abb@group-AE4FCD8C1B2D-SegmentedRaftLogWorker close()
2023-05-03 09:48:45,561 [JvmPauseMonitor23] INFO  util.JvmPauseMonitor (JvmPauseMonitor.java:run(111)) - JvmPauseMonitor-e11e6016-9f4c-4443-9608-a269a8403abb: Stopped
2023-05-03 09:48:47,565 [ForkJoinPool.commonPool-worker-1] INFO  volume.HddsVolume (HddsVolume.java:closeDbStore(437)) - SchemaV3 db is stopped at /home/runner/work/ozone/ozone/hadoop-ozone/integration-test/target/test-dir/MiniOzoneClusterImpl-58229684-5176-44ea-993d-1afc6db8e6af/datanode-2/data-0/containers/hdds/58229684-5176-44ea-993d-1afc6db8e6af/DS-ec01ad98-628c-470c-8e31-c1fef741ae31/container.db for volume DS-ec01ad98-628c-470c-8e31-c1fef741ae31
2023-05-03 09:48:47,565 [ForkJoinPool.commonPool-worker-1] INFO  utils.BackgroundService (BackgroundService.java:shutdown(141)) - Shutting down service BlockDeletingService
2023-05-03 09:48:47,566 [ForkJoinPool.commonPool-worker-1] INFO  utils.BackgroundService (BackgroundService.java:shutdown(141)) - Shutting down service StaleRecoveringContainerScrubbingService
2023-05-03 09:48:47,567 [ForkJoinPool.commonPool-worker-1] INFO  statemachine.DatanodeStateMachine (DatanodeStateMachine.java:stopDaemon(603)) - Ozone container server stopped.
2023-05-03 09:48:47,576 [ForkJoinPool.commonPool-worker-1] INFO  handler.ContextHandler (ContextHandler.java:doStop(1159)) - Stopped o.e.j.w.WebAppContext@5051515a{hddsDatanode,/,null,STOPPED}{jar:file:/home/runner/.m2/repository/org/apache/ozone/hdds-container-service/1.4.0-SNAPSHOT/hdds-container-service-1.4.0-SNAPSHOT.jar!/webapps/hddsDatanode}
2023-05-03 09:48:47,577 [ForkJoinPool.commonPool-worker-1] INFO  server.AbstractConnector (AbstractConnector.java:doStop(383)) - Stopped ServerConnector@61f129da{HTTP/1.1, (http/1.1)}{0.0.0.0:0}
2023-05-03 09:48:47,577 [ForkJoinPool.commonPool-worker-1] INFO  server.session (HouseKeeper.java:stopScavenging(149)) - node0 Stopped scavenging
2023-05-03 09:48:47,577 [ForkJoinPool.commonPool-worker-1] INFO  handler.ContextHandler (ContextHandler.java:doStop(1159)) - Stopped o.e.j.s.ServletContextHandler@277f0184{static,/static,jar:file:/home/runner/.m2/repository/org/apache/ozone/hdds-container-service/1.4.0-SNAPSHOT/hdds-container-service-1.4.0-SNAPSHOT.jar!/webapps/static,STOPPED}
2023-05-03 09:48:47,578 [ForkJoinPool.commonPool-worker-1] INFO  handler.ContextHandler (ContextHandler.java:doStop(1159)) - Stopped o.e.j.s.ServletContextHandler@175e492b{logs,/logs,file:///home/runner/work/ozone/ozone/hadoop-ozone/integration-test/target/log,STOPPED}
2023-05-03 09:48:47,579 [Listener at 127.0.0.1/43067] INFO  ozone.MiniOzoneClusterImpl (MiniOzoneClusterImpl.java:stopSCM(552)) - Stopping the StorageContainerManager
2023-05-03 09:48:47,579 [Listener at 127.0.0.1/43067] INFO  server.StorageContainerManager (StorageContainerManager.java:stop(1578)) - Container Balancer is not running.
2023-05-03 09:48:47,579 [Listener at 127.0.0.1/43067] INFO  server.StorageContainerManager (StorageContainerManager.java:stopReplicationManager(1709)) - Stopping Replication Manager Service.
2023-05-03 09:48:47,579 [Listener at 127.0.0.1/43067] INFO  replication.ReplicationManager (ReplicationManager.java:stop(324)) - Stopping Replication Monitor Thread.
2023-05-03 09:48:47,579 [Listener at 127.0.0.1/43067] INFO  server.StorageContainerManager (StorageContainerManager.java:stop(1587)) - Stopping the Datanode Admin Monitor.
2023-05-03 09:48:47,579 [Under Replicated Processor] WARN  replication.UnhealthyReplicationProcessor (UnhealthyReplicationProcessor.java:run(167)) - Under Replicated Processor interrupted. Exiting...
2023-05-03 09:48:47,579 [Listener at 127.0.0.1/43067] INFO  server.StorageContainerManager (StorageContainerManager.java:stop(1594)) - Stopping datanode service RPC server
2023-05-03 09:48:47,579 [Listener at 127.0.0.1/43067] INFO  server.SCMDatanodeProtocolServer (SCMDatanodeProtocolServer.java:stop(424)) - Stopping the RPC server for DataNodes
2023-05-03 09:48:47,579 [Listener at 127.0.0.1/43067] INFO  ipc.Server (Server.java:stop(3501)) - Stopping server on 42673
2023-05-03 09:48:47,579 [Over Replicated Processor] WARN  replication.UnhealthyReplicationProcessor (UnhealthyReplicationProcessor.java:run(167)) - Over Replicated Processor interrupted. Exiting...
2023-05-03 09:48:47,579 [ReplicationMonitor] INFO  replication.ReplicationManager (ReplicationManager.java:run(934)) - Replication Monitor Thread is stopped
2023-05-03 09:48:47,583 [IPC Server Responder] INFO  ipc.Server (Server.java:run(1563)) - Stopping IPC Server Responder
2023-05-03 09:48:47,583 [IPC Server listener on 0] INFO  ipc.Server (Server.java:run(1430)) - Stopping IPC Server listener on 0
2023-05-03 09:48:47,676 [SCM Heartbeat Processing Thread - 0] WARN  node.NodeStateManager (NodeStateManager.java:scheduleNextHealthCheck(870)) - Current Thread is interrupted, shutting down HB processing thread for Node Manager.
2023-05-03 09:48:47,676 [Listener at 127.0.0.1/43067] INFO  server.StorageContainerManager (StorageContainerManager.java:stop(1602)) - Stopping block service RPC server
2023-05-03 09:48:47,676 [Listener at 127.0.0.1/43067] INFO  server.SCMBlockProtocolServer (SCMBlockProtocolServer.java:stop(161)) - Stopping the RPC server for Block Protocol
2023-05-03 09:48:47,676 [Listener at 127.0.0.1/43067] INFO  ipc.Server (Server.java:stop(3501)) - Stopping server on 43453
2023-05-03 09:48:47,678 [IPC Server listener on 0] INFO  ipc.Server (Server.java:run(1430)) - Stopping IPC Server listener on 0
2023-05-03 09:48:47,678 [IPC Server Responder] INFO  ipc.Server (Server.java:run(1563)) - Stopping IPC Server Responder
2023-05-03 09:48:47,678 [Listener at 127.0.0.1/43067] INFO  server.StorageContainerManager (StorageContainerManager.java:stop(1609)) - Stopping the StorageContainerLocationProtocol RPC server
2023-05-03 09:48:47,678 [Listener at 127.0.0.1/43067] INFO  server.SCMClientProtocolServer (SCMClientProtocolServer.java:stop(208)) - Stopping the RPC server for Client Protocol
2023-05-03 09:48:47,678 [Listener at 127.0.0.1/43067] INFO  ipc.Server (Server.java:stop(3501)) - Stopping server on 41245
2023-05-03 09:48:47,680 [IPC Server listener on 0] INFO  ipc.Server (Server.java:run(1430)) - Stopping IPC Server listener on 0
2023-05-03 09:48:47,680 [IPC Server Responder] INFO  ipc.Server (Server.java:run(1563)) - Stopping IPC Server Responder
2023-05-03 09:48:47,680 [Listener at 127.0.0.1/43067] INFO  server.StorageContainerManager (StorageContainerManager.java:stop(1616)) - Stopping Storage Container Manager HTTP server.
2023-05-03 09:48:47,680 [Listener at 127.0.0.1/43067] INFO  handler.ContextHandler (ContextHandler.java:doStop(1159)) - Stopped o.e.j.w.WebAppContext@1428060d{scm,/,null,STOPPED}{file:/home/runner/work/ozone/ozone/hadoop-ozone/integration-test/target/test-classes/webapps/scm}
2023-05-03 09:48:47,683 [Listener at 127.0.0.1/43067] INFO  server.AbstractConnector (AbstractConnector.java:doStop(383)) - Stopped ServerConnector@4df6df57{HTTP/1.1, (http/1.1)}{0.0.0.0:0}
2023-05-03 09:48:47,683 [Listener at 127.0.0.1/43067] INFO  server.session (HouseKeeper.java:stopScavenging(149)) - node0 Stopped scavenging
2023-05-03 09:48:47,683 [Listener at 127.0.0.1/43067] INFO  handler.ContextHandler (ContextHandler.java:doStop(1159)) - Stopped o.e.j.s.ServletContextHandler@a3cea1{static,/static,file:///home/runner/work/ozone/ozone/hadoop-ozone/integration-test/target/test-classes/webapps/static,STOPPED}
2023-05-03 09:48:47,683 [Listener at 127.0.0.1/43067] INFO  handler.ContextHandler (ContextHandler.java:doStop(1159)) - Stopped o.e.j.s.ServletContextHandler@464dd633{logs,/logs,file:///home/runner/work/ozone/ozone/hadoop-ozone/integration-test/target/log,STOPPED}
2023-05-03 09:48:47,683 [Listener at 127.0.0.1/43067] INFO  server.StorageContainerManager (StorageContainerManager.java:stop(1624)) - Stopping SCM LayoutVersionManager Service.
2023-05-03 09:48:47,684 [Listener at 127.0.0.1/43067] INFO  server.StorageContainerManager (StorageContainerManager.java:stop(1632)) - Stopping Block Manager Service.
2023-05-03 09:48:47,684 [Listener at 127.0.0.1/43067] INFO  utils.BackgroundService (BackgroundService.java:shutdown(141)) - Shutting down service SCMBlockDeletingService
2023-05-03 09:48:47,684 [Listener at 127.0.0.1/43067] INFO  utils.BackgroundService (BackgroundService.java:shutdown(141)) - Shutting down service SCMBlockDeletingService
2023-05-03 09:48:47,684 [Listener at 127.0.0.1/43067] INFO  server.StorageContainerManager (StorageContainerManager.java:stop(1654)) - Stopping SCM Event Queue.
2023-05-03 09:48:47,685 [Listener at 127.0.0.1/43067] INFO  server.StorageContainerManager (StorageContainerManager.java:stop(1665)) - Stopping SCM HA services.
2023-05-03 09:48:47,685 [Listener at 127.0.0.1/43067] INFO  pipeline.BackgroundPipelineCreator (BackgroundPipelineCreator.java:stop(149)) - Stopping RatisPipelineUtilsThread.
2023-05-03 09:48:47,685 [RatisPipelineUtilsThread - 0] WARN  pipeline.BackgroundPipelineCreator (BackgroundPipelineCreator.java:run(180)) - RatisPipelineUtilsThread is interrupted.
2023-05-03 09:48:47,685 [Listener at 127.0.0.1/43067] INFO  BackgroundPipelineScrubber (BackgroundSCMService.java:stop(131)) - Stopping BackgroundPipelineScrubber Service.
2023-05-03 09:48:47,685 [BackgroundPipelineScrubberThread] WARN  BackgroundPipelineScrubber (BackgroundSCMService.java:run(115)) - BackgroundPipelineScrubber is interrupted, exit
2023-05-03 09:48:47,686 [Listener at 127.0.0.1/43067] INFO  impl.MetricsSystemImpl (MetricsSystemImpl.java:stop(210)) - Stopping HddsDatanode metrics system...
2023-05-03 09:48:47,688 [prometheus] INFO  impl.MetricsSinkAdapter (MetricsSinkAdapter.java:publishMetricsFromQueue(141)) - prometheus thread interrupted.
2023-05-03 09:48:47,688 [Listener at 127.0.0.1/43067] INFO  impl.MetricsSystemImpl (MetricsSystemImpl.java:stop(216)) - HddsDatanode metrics system stopped.
2023-05-03 09:48:47,688 [Listener at 127.0.0.1/43067] WARN  pipeline.BackgroundPipelineCreator (BackgroundPipelineCreator.java:stop(145)) - RatisPipelineUtilsThread is not running, just ignore.
2023-05-03 09:48:47,688 [Listener at 127.0.0.1/43067] INFO  BackgroundPipelineScrubber (BackgroundSCMService.java:stop(126)) - BackgroundPipelineScrubber Service is not running, skip stop.
2023-05-03 09:48:47,688 [Listener at 127.0.0.1/43067] INFO  ExpiredContainerReplicaOpScrubber (BackgroundSCMService.java:stop(131)) - Stopping ExpiredContainerReplicaOpScrubber Service.
2023-05-03 09:48:47,688 [ExpiredContainerReplicaOpScrubberThread] WARN  ExpiredContainerReplicaOpScrubber (BackgroundSCMService.java:run(115)) - ExpiredContainerReplicaOpScrubber is interrupted, exit
2023-05-03 09:48:47,688 [Listener at 127.0.0.1/43067] INFO  utils.BackgroundService (BackgroundService.java:shutdown(141)) - Shutting down service SCMBlockDeletingService
2023-05-03 09:48:47,688 [Listener at 127.0.0.1/43067] INFO  replication.ReplicationManager (ReplicationManager.java:stop(334)) - Replication Monitor Thread is not running.
2023-05-03 09:48:47,688 [Listener at 127.0.0.1/43067] WARN  balancer.ContainerBalancer (ContainerBalancer.java:stop(324)) - Cannot stop Container Balancer because it's not running or stopping
2023-05-03 09:48:47,688 [Listener at 127.0.0.1/43067] INFO  server.StorageContainerManager (StorageContainerManager.java:stop(1700)) - Stopping SCM MetadataStore.
]]></system-out>
  </testcase>
  <testcase name="testSCMInitializationFailure" classname="org.apache.hadoop.ozone.TestStorageContainerManager" time="0.052">
    <system-out><![CDATA[2023-05-03 09:48:47,751 [Time-limited test] WARN  server.ServerUtils (ServerUtils.java:getScmDbDir(148)) - ozone.scm.db.dirs is not configured. We recommend adding this setting. Falling back to ozone.metadata.dirs instead.
2023-05-03 09:48:47,751 [Time-limited test] INFO  ha.SCMHANodeDetails (SCMHANodeDetails.java:loadSCMHAConfig(209)) - ServiceID for StorageContainerManager is null
2023-05-03 09:48:47,751 [Time-limited test] INFO  ha.SCMHANodeDetails (SCMHANodeDetails.java:loadSCMHAConfig(214)) - ozone.scm.default.service.id is not defined, falling back to ozone.scm.service.ids to find serviceID for StorageContainerManager if it is HA enabled cluster
2023-05-03 09:48:47,752 [Time-limited test] ERROR server.StorageContainerManager (StorageContainerManager.java:<init>(362)) - Please make sure you have run 'ozone scm --init' command to generate all the required metadata to /home/runner/work/ozone/ozone/hadoop-ozone/integration-test/target/test-dir/877fb52f-0960-4fcd-89d1-51cc5f9f0ee2/scm-meta/scm or make sure you have run 'ozone scm --bootstrap' cmd to add the SCM to existing SCM HA group.
]]></system-out>
  </testcase>
  <testcase name="testSCMInitialization" classname="org.apache.hadoop.ozone.TestStorageContainerManager" time="6.124">
    <system-out><![CDATA[2023-05-03 09:48:47,788 [Time-limited test] WARN  server.ServerUtils (ServerUtils.java:getScmDbDir(148)) - ozone.scm.db.dirs is not configured. We recommend adding this setting. Falling back to ozone.metadata.dirs instead.
2023-05-03 09:48:47,788 [Time-limited test] INFO  ha.SCMHANodeDetails (SCMHANodeDetails.java:loadSCMHAConfig(209)) - ServiceID for StorageContainerManager is null
2023-05-03 09:48:47,788 [Time-limited test] INFO  ha.SCMHANodeDetails (SCMHANodeDetails.java:loadSCMHAConfig(214)) - ozone.scm.default.service.id is not defined, falling back to ozone.scm.service.ids to find serviceID for StorageContainerManager if it is HA enabled cluster
2023-05-03 09:48:47,803 [Time-limited test] INFO  server.RaftServer (ConfUtils.java:logGet(46)) - raft.rpc.type = GRPC (default)
2023-05-03 09:48:47,803 [Time-limited test] INFO  grpc.GrpcConfigKeys (ConfUtils.java:logFallback(53)) - raft.grpc.admin.host = null (fallback to raft.grpc.server.host)
2023-05-03 09:48:47,803 [Time-limited test] INFO  grpc.GrpcConfigKeys (ConfUtils.java:logFallback(53)) - raft.grpc.admin.port = 9894 (fallback to raft.grpc.server.port)
2023-05-03 09:48:47,803 [Time-limited test] INFO  grpc.GrpcConfigKeys (ConfUtils.java:logFallback(53)) - raft.grpc.client.host = null (fallback to raft.grpc.server.host)
2023-05-03 09:48:47,803 [Time-limited test] INFO  grpc.GrpcConfigKeys (ConfUtils.java:logFallback(53)) - raft.grpc.client.port = 9894 (fallback to raft.grpc.server.port)
2023-05-03 09:48:47,803 [Time-limited test] INFO  grpc.GrpcConfigKeys (ConfUtils.java:logGet(46)) - raft.grpc.server.host = null (default)
2023-05-03 09:48:47,803 [Time-limited test] INFO  grpc.GrpcConfigKeys (ConfUtils.java:logGet(46)) - raft.grpc.server.port = 9894 (custom)
2023-05-03 09:48:47,803 [Time-limited test] INFO  server.GrpcService (ConfUtils.java:logGet(46)) - raft.grpc.message.size.max = 32m (=33554432) (custom)
2023-05-03 09:48:47,803 [Time-limited test] INFO  server.RaftServerConfigKeys (ConfUtils.java:logGet(46)) - raft.server.log.appender.buffer.byte-limit = 33554432 (custom)
2023-05-03 09:48:47,803 [Time-limited test] INFO  server.GrpcService (ConfUtils.java:logGet(46)) - raft.grpc.flow.control.window = 1MB (=1048576) (default)
2023-05-03 09:48:47,803 [Time-limited test] INFO  server.RaftServerConfigKeys (ConfUtils.java:logGet(46)) - raft.server.rpc.request.timeout = 30000ms (custom)
2023-05-03 09:48:47,803 [Time-limited test] INFO  grpc.GrpcConfigKeys (ConfUtils.java:logGet(46)) - raft.grpc.server.heartbeat.channel = true (default)
2023-05-03 09:48:47,803 [Time-limited test] INFO  grpc.GrpcConfigKeys (ConfUtils.java:logGet(46)) - raft.grpc.server.async.request.thread.pool.cached = true (default)
2023-05-03 09:48:47,803 [Time-limited test] INFO  grpc.GrpcConfigKeys (ConfUtils.java:logGet(46)) - raft.grpc.server.async.request.thread.pool.size = 32 (default)
2023-05-03 09:48:47,805 [Time-limited test] INFO  impl.DataStreamServerImpl (ConfUtils.java:logGet(46)) - raft.datastream.type = DISABLED (default)
2023-05-03 09:48:47,806 [Time-limited test] INFO  server.RaftServerConfigKeys (ConfUtils.java:logGet(46)) - raft.server.threadpool.proxy.cached = true (default)
2023-05-03 09:48:47,806 [Time-limited test] INFO  server.RaftServerConfigKeys (ConfUtils.java:logGet(46)) - raft.server.threadpool.proxy.size = 0 (default)
2023-05-03 09:48:47,806 [Time-limited test] INFO  server.RaftServerConfigKeys (ConfUtils.java:logGet(46)) - raft.server.rpc.slowness.timeout = 120000ms (custom)
2023-05-03 09:48:47,806 [Time-limited test] INFO  server.RaftServerConfigKeys (ConfUtils.java:logGet(46)) - raft.server.leaderelection.leader.step-down.wait-time = 10s (default)
2023-05-03 09:48:47,806 [Time-limited test] INFO  server.RaftServerConfigKeys (ConfUtils.java:logGet(46)) - raft.server.storage.dir = [/home/runner/work/ozone/ozone/hadoop-ozone/integration-test/target/test-dir/9eb4ad38-9402-409d-88e5-51176f684e85/scm-meta/scm-ha] (custom)
2023-05-03 09:48:47,806 [Time-limited test] INFO  server.RaftServer (RaftServerProxy.java:addNew(96)) - 03b6fa28-776a-4060-9cc4-4ee7af3534f1: addNew group-E4659DFEDE91:[03b6fa28-776a-4060-9cc4-4ee7af3534f1|rpc:fv-az139-793:9894|priority:0|startupRole:FOLLOWER] returns group-E4659DFEDE91:java.util.concurrent.CompletableFuture@21408800[Not completed]
2023-05-03 09:48:47,813 [pool-1005-thread-1] INFO  server.RaftServer$Division (RaftServerImpl.java:<init>(195)) - 03b6fa28-776a-4060-9cc4-4ee7af3534f1: new RaftServerImpl for group-E4659DFEDE91:[03b6fa28-776a-4060-9cc4-4ee7af3534f1|rpc:fv-az139-793:9894|priority:0|startupRole:FOLLOWER] with SCMStateMachine:uninitialized
2023-05-03 09:48:47,813 [pool-1005-thread-1] INFO  server.RaftServerConfigKeys (ConfUtils.java:logGet(46)) - raft.server.rpc.timeout.min = 5000ms (custom)
2023-05-03 09:48:47,813 [pool-1005-thread-1] INFO  server.RaftServerConfigKeys (ConfUtils.java:logGet(46)) - raft.server.rpc.timeout.max = 5200ms (custom)
2023-05-03 09:48:47,813 [pool-1005-thread-1] INFO  server.RaftServerConfigKeys (ConfUtils.java:logGet(46)) - raft.server.rpc.sleep.time = 25ms (default)
2023-05-03 09:48:47,813 [pool-1005-thread-1] INFO  server.RaftServerConfigKeys (ConfUtils.java:logGet(46)) - raft.server.rpc.slowness.timeout = 120000ms (custom)
2023-05-03 09:48:47,813 [pool-1005-thread-1] INFO  server.RaftServerConfigKeys (ConfUtils.java:logGet(46)) - raft.server.leaderelection.leader.step-down.wait-time = 10s (default)
2023-05-03 09:48:47,813 [pool-1005-thread-1] INFO  server.RaftServerConfigKeys (ConfUtils.java:logGet(46)) - raft.server.sleep.deviation.threshold = 300ms (default)
2023-05-03 09:48:47,813 [pool-1005-thread-1] INFO  server.RaftServer$Division (ServerState.java:<init>(118)) - 03b6fa28-776a-4060-9cc4-4ee7af3534f1@group-E4659DFEDE91: ConfigurationManager, init=-1: peers:[03b6fa28-776a-4060-9cc4-4ee7af3534f1|rpc:fv-az139-793:9894|priority:0|startupRole:FOLLOWER]|listeners:[], old=null, confs=<EMPTY_MAP>
2023-05-03 09:48:47,813 [pool-1005-thread-1] INFO  server.RaftServerConfigKeys (ConfUtils.java:logGet(46)) - raft.server.storage.dir = [/home/runner/work/ozone/ozone/hadoop-ozone/integration-test/target/test-dir/9eb4ad38-9402-409d-88e5-51176f684e85/scm-meta/scm-ha] (custom)
2023-05-03 09:48:47,813 [pool-1005-thread-1] INFO  server.RaftServerConfigKeys (ConfUtils.java:logGet(46)) - raft.server.log.corruption.policy = EXCEPTION (default)
2023-05-03 09:48:47,813 [pool-1005-thread-1] INFO  server.RaftServerConfigKeys (ConfUtils.java:logGet(46)) - raft.server.storage.free-space.min = 0MB (=0) (default)
2023-05-03 09:48:47,813 [pool-1005-thread-1] INFO  server.RaftServerConfigKeys (ConfUtils.java:logGet(46)) - raft.server.notification.no-leader.timeout = 60s (default)
2023-05-03 09:48:47,813 [pool-1005-thread-1] INFO  server.RaftServerConfigKeys (ConfUtils.java:logGet(46)) - raft.server.retrycache.expirytime = 60000ms (default)
2023-05-03 09:48:47,813 [pool-1005-thread-1] INFO  server.RaftServerConfigKeys (ConfUtils.java:logGet(46)) - raft.server.retrycache.statistics.expirytime = 100μs (default)
2023-05-03 09:48:47,814 [pool-1005-thread-1] INFO  server.RaftServerConfigKeys (ConfUtils.java:logGet(46)) - raft.server.log.appender.install.snapshot.enabled = false (custom)
2023-05-03 09:48:47,814 [pool-1005-thread-1] INFO  server.RaftServerConfigKeys (ConfUtils.java:logGet(46)) - raft.server.threadpool.server.cached = true (default)
2023-05-03 09:48:47,814 [pool-1005-thread-1] INFO  server.RaftServerConfigKeys (ConfUtils.java:logGet(46)) - raft.server.threadpool.server.size = 0 (default)
2023-05-03 09:48:47,814 [pool-1005-thread-1] INFO  server.RaftServerConfigKeys (ConfUtils.java:logGet(46)) - raft.server.threadpool.client.cached = true (default)
2023-05-03 09:48:47,814 [pool-1005-thread-1] INFO  server.RaftServerConfigKeys (ConfUtils.java:logGet(46)) - raft.server.threadpool.client.size = 0 (default)
2023-05-03 09:48:47,814 [03b6fa28-776a-4060-9cc4-4ee7af3534f1-impl-thread1] INFO  storage.RaftStorageDirectory (RaftStorageDirectoryImpl.java:analyzeStorage(137)) - The storage directory /home/runner/work/ozone/ozone/hadoop-ozone/integration-test/target/test-dir/9eb4ad38-9402-409d-88e5-51176f684e85/scm-meta/scm-ha/7116c358-619d-4b05-9928-e4659dfede91 does not exist. Creating ...
2023-05-03 09:48:47,815 [03b6fa28-776a-4060-9cc4-4ee7af3534f1-impl-thread1] INFO  storage.RaftStorageDirectory (RaftStorageDirectoryImpl.java:tryLock(231)) - Lock on /home/runner/work/ozone/ozone/hadoop-ozone/integration-test/target/test-dir/9eb4ad38-9402-409d-88e5-51176f684e85/scm-meta/scm-ha/7116c358-619d-4b05-9928-e4659dfede91/in_use.lock acquired by nodename 7780@fv-az139-793
2023-05-03 09:48:47,815 [03b6fa28-776a-4060-9cc4-4ee7af3534f1-impl-thread1] INFO  storage.RaftStorage (RaftStorageImpl.java:format(96)) - Storage directory /home/runner/work/ozone/ozone/hadoop-ozone/integration-test/target/test-dir/9eb4ad38-9402-409d-88e5-51176f684e85/scm-meta/scm-ha/7116c358-619d-4b05-9928-e4659dfede91 has been successfully formatted.
2023-05-03 09:48:47,816 [03b6fa28-776a-4060-9cc4-4ee7af3534f1-impl-thread1] INFO  server.RaftServerConfigKeys (ConfUtils.java:logGet(46)) - raft.server.log.use.memory = false (default)
2023-05-03 09:48:47,816 [03b6fa28-776a-4060-9cc4-4ee7af3534f1-impl-thread1] INFO  server.RaftServerConfigKeys (ConfUtils.java:logGet(46)) - raft.server.log.purge.gap = 1000000 (custom)
2023-05-03 09:48:47,816 [03b6fa28-776a-4060-9cc4-4ee7af3534f1-impl-thread1] INFO  server.RaftServerConfigKeys (ConfUtils.java:logGet(46)) - raft.server.log.appender.buffer.byte-limit = 33554432 (custom)
2023-05-03 09:48:47,816 [03b6fa28-776a-4060-9cc4-4ee7af3534f1-impl-thread1] INFO  server.RaftServerConfigKeys (ConfUtils.java:logGet(46)) - raft.server.log.statemachine.data.read.timeout = 1000ms (default)
2023-05-03 09:48:47,816 [03b6fa28-776a-4060-9cc4-4ee7af3534f1-impl-thread1] INFO  server.RaftServerConfigKeys (ConfUtils.java:logGet(46)) - raft.server.log.purge.preservation.log.num = 0 (default)
2023-05-03 09:48:47,816 [03b6fa28-776a-4060-9cc4-4ee7af3534f1-impl-thread1] INFO  server.RaftServerConfigKeys (ConfUtils.java:logGet(46)) - raft.server.log.segment.size.max = 4194304 (custom)
2023-05-03 09:48:47,816 [03b6fa28-776a-4060-9cc4-4ee7af3534f1-impl-thread1] INFO  server.RaftServerConfigKeys (ConfUtils.java:logGet(46)) - raft.server.log.segment.cache.num.max = 2 (custom)
2023-05-03 09:48:47,816 [03b6fa28-776a-4060-9cc4-4ee7af3534f1-impl-thread1] INFO  server.RaftServerConfigKeys (ConfUtils.java:logGet(46)) - raft.server.log.segment.cache.size.max = 200MB (=209715200) (default)
2023-05-03 09:48:47,817 [03b6fa28-776a-4060-9cc4-4ee7af3534f1-impl-thread1] INFO  segmented.SegmentedRaftLogWorker (SegmentedRaftLogWorker.java:<init>(189)) - new 03b6fa28-776a-4060-9cc4-4ee7af3534f1@group-E4659DFEDE91-SegmentedRaftLogWorker for RaftStorageImpl:Storage Directory /home/runner/work/ozone/ozone/hadoop-ozone/integration-test/target/test-dir/9eb4ad38-9402-409d-88e5-51176f684e85/scm-meta/scm-ha/7116c358-619d-4b05-9928-e4659dfede91
2023-05-03 09:48:47,817 [03b6fa28-776a-4060-9cc4-4ee7af3534f1-impl-thread1] INFO  server.RaftServerConfigKeys (ConfUtils.java:logGet(46)) - raft.server.log.queue.byte-limit = 64MB (=67108864) (default)
2023-05-03 09:48:47,817 [03b6fa28-776a-4060-9cc4-4ee7af3534f1-impl-thread1] INFO  server.RaftServerConfigKeys (ConfUtils.java:logGet(46)) - raft.server.log.queue.element-limit = 4096 (default)
2023-05-03 09:48:47,817 [03b6fa28-776a-4060-9cc4-4ee7af3534f1-impl-thread1] INFO  server.RaftServerConfigKeys (ConfUtils.java:logGet(46)) - raft.server.log.segment.size.max = 4194304 (custom)
2023-05-03 09:48:47,817 [03b6fa28-776a-4060-9cc4-4ee7af3534f1-impl-thread1] INFO  server.RaftServerConfigKeys (ConfUtils.java:logGet(46)) - raft.server.log.preallocated.size = 4194304 (custom)
2023-05-03 09:48:47,817 [03b6fa28-776a-4060-9cc4-4ee7af3534f1-impl-thread1] INFO  server.RaftServerConfigKeys (ConfUtils.java:logGet(46)) - raft.server.log.force.sync.num = 128 (default)
2023-05-03 09:48:47,817 [03b6fa28-776a-4060-9cc4-4ee7af3534f1-impl-thread1] INFO  server.RaftServerConfigKeys (ConfUtils.java:logGet(46)) - raft.server.log.statemachine.data.sync = true (default)
2023-05-03 09:48:47,817 [03b6fa28-776a-4060-9cc4-4ee7af3534f1-impl-thread1] INFO  server.RaftServerConfigKeys (ConfUtils.java:logGet(46)) - raft.server.log.statemachine.data.sync.timeout = 10s (default)
2023-05-03 09:48:47,817 [03b6fa28-776a-4060-9cc4-4ee7af3534f1-impl-thread1] INFO  server.RaftServerConfigKeys (ConfUtils.java:logGet(46)) - raft.server.log.statemachine.data.sync.timeout.retry = -1 (default)
2023-05-03 09:48:47,817 [03b6fa28-776a-4060-9cc4-4ee7af3534f1-impl-thread1] INFO  server.RaftServerConfigKeys (ConfUtils.java:logGet(46)) - raft.server.log.write.buffer.size = 64KB (=65536) (default)
2023-05-03 09:48:47,817 [03b6fa28-776a-4060-9cc4-4ee7af3534f1-impl-thread1] INFO  server.RaftServerConfigKeys (ConfUtils.java:logGet(46)) - raft.server.log.appender.buffer.byte-limit = 33554432 (custom)
2023-05-03 09:48:47,820 [03b6fa28-776a-4060-9cc4-4ee7af3534f1-impl-thread1] INFO  server.RaftServerConfigKeys (ConfUtils.java:logGet(46)) - raft.server.log.unsafe-flush.enabled = false (default)
2023-05-03 09:48:47,820 [03b6fa28-776a-4060-9cc4-4ee7af3534f1-impl-thread1] INFO  server.RaftServerConfigKeys (ConfUtils.java:logGet(46)) - raft.server.log.async-flush.enabled = false (default)
2023-05-03 09:48:47,820 [03b6fa28-776a-4060-9cc4-4ee7af3534f1-impl-thread1] INFO  server.RaftServerConfigKeys (ConfUtils.java:logGet(46)) - raft.server.log.statemachine.data.caching.enabled = false (default)
2023-05-03 09:48:47,820 [03b6fa28-776a-4060-9cc4-4ee7af3534f1-impl-thread1] INFO  segmented.SegmentedRaftLogWorker (SegmentedRaftLogWorker.java:lambda$new$0(135)) - 03b6fa28-776a-4060-9cc4-4ee7af3534f1@group-E4659DFEDE91-SegmentedRaftLogWorker: flushIndex: setUnconditionally 0 -> -1
2023-05-03 09:48:47,820 [03b6fa28-776a-4060-9cc4-4ee7af3534f1-impl-thread1] INFO  segmented.SegmentedRaftLogWorker (SegmentedRaftLogWorker.java:lambda$new$0(135)) - 03b6fa28-776a-4060-9cc4-4ee7af3534f1@group-E4659DFEDE91-SegmentedRaftLogWorker: safeCacheEvictIndex: setUnconditionally 0 -> -1
2023-05-03 09:48:47,826 [03b6fa28-776a-4060-9cc4-4ee7af3534f1-impl-thread1] INFO  server.RaftServer$Division (RaftServerImpl.java:start(334)) - 03b6fa28-776a-4060-9cc4-4ee7af3534f1@group-E4659DFEDE91: start as a follower, conf=-1: peers:[03b6fa28-776a-4060-9cc4-4ee7af3534f1|rpc:fv-az139-793:9894|priority:0|startupRole:FOLLOWER]|listeners:[], old=null
2023-05-03 09:48:47,826 [03b6fa28-776a-4060-9cc4-4ee7af3534f1-impl-thread1] INFO  server.RaftServer$Division (RaftServerImpl.java:setRole(321)) - 03b6fa28-776a-4060-9cc4-4ee7af3534f1@group-E4659DFEDE91: changes role from      null to FOLLOWER at term 0 for startAsFollower
2023-05-03 09:48:47,826 [03b6fa28-776a-4060-9cc4-4ee7af3534f1-impl-thread1] INFO  impl.RoleInfo (RoleInfo.java:updateAndGet(139)) - 03b6fa28-776a-4060-9cc4-4ee7af3534f1: start 03b6fa28-776a-4060-9cc4-4ee7af3534f1@group-E4659DFEDE91-FollowerState
2023-05-03 09:48:47,827 [03b6fa28-776a-4060-9cc4-4ee7af3534f1-impl-thread1] INFO  util.JmxRegister (JmxRegister.java:tryRegister(44)) - Successfully registered JMX Bean with object name Ratis:service=RaftServer,group=group-E4659DFEDE91,id=03b6fa28-776a-4060-9cc4-4ee7af3534f1
2023-05-03 09:48:47,827 [03b6fa28-776a-4060-9cc4-4ee7af3534f1-impl-thread1] INFO  server.RaftServerConfigKeys (ConfUtils.java:logGet(46)) - raft.server.snapshot.auto.trigger.enabled = true (custom)
2023-05-03 09:48:47,827 [03b6fa28-776a-4060-9cc4-4ee7af3534f1-impl-thread1] INFO  server.RaftServerConfigKeys (ConfUtils.java:logGet(46)) - raft.server.snapshot.auto.trigger.threshold = 1000 (custom)
2023-05-03 09:48:47,827 [03b6fa28-776a-4060-9cc4-4ee7af3534f1-impl-thread1] INFO  server.RaftServerConfigKeys (ConfUtils.java:logGet(46)) - raft.server.snapshot.retention.file.num = -1 (default)
2023-05-03 09:48:47,827 [03b6fa28-776a-4060-9cc4-4ee7af3534f1-impl-thread1] INFO  server.RaftServerConfigKeys (ConfUtils.java:logGet(46)) - raft.server.log.purge.upto.snapshot.index = false (default)
2023-05-03 09:48:47,827 [03b6fa28-776a-4060-9cc4-4ee7af3534f1@group-E4659DFEDE91-FollowerState] INFO  server.RaftServerConfigKeys (ConfUtils.java:logFallback(53)) - raft.server.rpc.first-election.timeout.min = 5000ms (fallback to raft.server.rpc.timeout.min)
2023-05-03 09:48:47,827 [03b6fa28-776a-4060-9cc4-4ee7af3534f1@group-E4659DFEDE91-FollowerState] INFO  server.RaftServerConfigKeys (ConfUtils.java:logFallback(53)) - raft.server.rpc.first-election.timeout.max = 5200ms (fallback to raft.server.rpc.timeout.max)
2023-05-03 09:48:47,827 [Time-limited test] INFO  server.RaftServer (RaftServerProxy.java:startImpl(393)) - 03b6fa28-776a-4060-9cc4-4ee7af3534f1: start RPC server
2023-05-03 09:48:47,829 [Time-limited test] INFO  server.GrpcService (GrpcService.java:startImpl(262)) - 03b6fa28-776a-4060-9cc4-4ee7af3534f1: GrpcService started, listening on 9894
2023-05-03 09:48:47,829 [JvmPauseMonitor24] INFO  util.JvmPauseMonitor (JvmPauseMonitor.java:run(105)) - JvmPauseMonitor-03b6fa28-776a-4060-9cc4-4ee7af3534f1: Started
2023-05-03 09:48:52,897 [03b6fa28-776a-4060-9cc4-4ee7af3534f1@group-E4659DFEDE91-FollowerState] INFO  impl.FollowerState (FollowerState.java:run(143)) - 03b6fa28-776a-4060-9cc4-4ee7af3534f1@group-E4659DFEDE91-FollowerState: change to CANDIDATE, lastRpcElapsedTime:5070802138ns, electionTimeout:5070ms
2023-05-03 09:48:52,897 [03b6fa28-776a-4060-9cc4-4ee7af3534f1@group-E4659DFEDE91-FollowerState] INFO  impl.RoleInfo (RoleInfo.java:shutdownFollowerState(110)) - 03b6fa28-776a-4060-9cc4-4ee7af3534f1: shutdown 03b6fa28-776a-4060-9cc4-4ee7af3534f1@group-E4659DFEDE91-FollowerState
2023-05-03 09:48:52,897 [03b6fa28-776a-4060-9cc4-4ee7af3534f1@group-E4659DFEDE91-FollowerState] INFO  server.RaftServer$Division (RaftServerImpl.java:setRole(321)) - 03b6fa28-776a-4060-9cc4-4ee7af3534f1@group-E4659DFEDE91: changes role from  FOLLOWER to CANDIDATE at term 0 for changeToCandidate
2023-05-03 09:48:52,897 [03b6fa28-776a-4060-9cc4-4ee7af3534f1@group-E4659DFEDE91-FollowerState] INFO  server.RaftServerConfigKeys (ConfUtils.java:logGet(46)) - raft.server.leaderelection.pre-vote = true (default)
2023-05-03 09:48:52,897 [03b6fa28-776a-4060-9cc4-4ee7af3534f1@group-E4659DFEDE91-FollowerState] INFO  impl.RoleInfo (RoleInfo.java:updateAndGet(139)) - 03b6fa28-776a-4060-9cc4-4ee7af3534f1: start 03b6fa28-776a-4060-9cc4-4ee7af3534f1@group-E4659DFEDE91-LeaderElection44
2023-05-03 09:48:52,898 [03b6fa28-776a-4060-9cc4-4ee7af3534f1@group-E4659DFEDE91-LeaderElection44] INFO  impl.LeaderElection (LeaderElection.java:askForVotes(312)) - 03b6fa28-776a-4060-9cc4-4ee7af3534f1@group-E4659DFEDE91-LeaderElection44 PRE_VOTE round 0: submit vote requests at term 0 for -1: peers:[03b6fa28-776a-4060-9cc4-4ee7af3534f1|rpc:fv-az139-793:9894|priority:0|startupRole:FOLLOWER]|listeners:[], old=null
2023-05-03 09:48:52,898 [03b6fa28-776a-4060-9cc4-4ee7af3534f1@group-E4659DFEDE91-LeaderElection44] INFO  impl.LeaderElection (LeaderElection.java:askForVotes(314)) - 03b6fa28-776a-4060-9cc4-4ee7af3534f1@group-E4659DFEDE91-LeaderElection44 PRE_VOTE round 0: result PASSED (term=0)
2023-05-03 09:48:52,900 [03b6fa28-776a-4060-9cc4-4ee7af3534f1@group-E4659DFEDE91-LeaderElection44] INFO  impl.LeaderElection (LeaderElection.java:askForVotes(312)) - 03b6fa28-776a-4060-9cc4-4ee7af3534f1@group-E4659DFEDE91-LeaderElection44 ELECTION round 0: submit vote requests at term 1 for -1: peers:[03b6fa28-776a-4060-9cc4-4ee7af3534f1|rpc:fv-az139-793:9894|priority:0|startupRole:FOLLOWER]|listeners:[], old=null
2023-05-03 09:48:52,900 [03b6fa28-776a-4060-9cc4-4ee7af3534f1@group-E4659DFEDE91-LeaderElection44] INFO  impl.LeaderElection (LeaderElection.java:askForVotes(314)) - 03b6fa28-776a-4060-9cc4-4ee7af3534f1@group-E4659DFEDE91-LeaderElection44 ELECTION round 0: result PASSED (term=1)
2023-05-03 09:48:52,900 [03b6fa28-776a-4060-9cc4-4ee7af3534f1@group-E4659DFEDE91-LeaderElection44] INFO  impl.RoleInfo (RoleInfo.java:shutdownLeaderElection(130)) - 03b6fa28-776a-4060-9cc4-4ee7af3534f1: shutdown 03b6fa28-776a-4060-9cc4-4ee7af3534f1@group-E4659DFEDE91-LeaderElection44
2023-05-03 09:48:52,900 [03b6fa28-776a-4060-9cc4-4ee7af3534f1@group-E4659DFEDE91-LeaderElection44] INFO  server.RaftServer$Division (RaftServerImpl.java:setRole(321)) - 03b6fa28-776a-4060-9cc4-4ee7af3534f1@group-E4659DFEDE91: changes role from CANDIDATE to LEADER at term 1 for changeToLeader
2023-05-03 09:48:52,900 [03b6fa28-776a-4060-9cc4-4ee7af3534f1@group-E4659DFEDE91-LeaderElection44] INFO  server.RaftServer$Division (ServerState.java:setLeader(313)) - 03b6fa28-776a-4060-9cc4-4ee7af3534f1@group-E4659DFEDE91: change Leader from null to 03b6fa28-776a-4060-9cc4-4ee7af3534f1 at term 1 for becomeLeader, leader elected after 5086ms
2023-05-03 09:48:52,900 [03b6fa28-776a-4060-9cc4-4ee7af3534f1@group-E4659DFEDE91-LeaderElection44] INFO  server.RaftServerConfigKeys (ConfUtils.java:logGet(46)) - raft.server.staging.catchup.gap = 1000 (default)
2023-05-03 09:48:52,900 [03b6fa28-776a-4060-9cc4-4ee7af3534f1@group-E4659DFEDE91-LeaderElection44] INFO  server.RaftServerConfigKeys (ConfUtils.java:logGet(46)) - raft.server.write.element-limit = 4096 (default)
2023-05-03 09:48:52,900 [03b6fa28-776a-4060-9cc4-4ee7af3534f1@group-E4659DFEDE91-LeaderElection44] INFO  server.RaftServerConfigKeys (ConfUtils.java:logGet(46)) - raft.server.write.byte-limit = 64MB (=67108864) (default)
2023-05-03 09:48:52,900 [03b6fa28-776a-4060-9cc4-4ee7af3534f1@group-E4659DFEDE91-LeaderElection44] INFO  server.RaftServerConfigKeys (ConfUtils.java:logGet(46)) - raft.server.watch.timeout = 10s (default)
2023-05-03 09:48:52,900 [03b6fa28-776a-4060-9cc4-4ee7af3534f1@group-E4659DFEDE91-LeaderElection44] INFO  server.RaftServerConfigKeys (ConfUtils.java:logGet(46)) - raft.server.watch.timeout.denomination = 1s (default)
2023-05-03 09:48:52,900 [03b6fa28-776a-4060-9cc4-4ee7af3534f1@group-E4659DFEDE91-LeaderElection44] INFO  server.RaftServerConfigKeys (ConfUtils.java:logGet(46)) - raft.server.watch.element-limit = 65536 (default)
2023-05-03 09:48:52,900 [03b6fa28-776a-4060-9cc4-4ee7af3534f1@group-E4659DFEDE91-LeaderElection44] INFO  server.RaftServerConfigKeys (ConfUtils.java:logGet(46)) - raft.server.write.element-limit = 4096 (default)
2023-05-03 09:48:52,900 [03b6fa28-776a-4060-9cc4-4ee7af3534f1@group-E4659DFEDE91-LeaderElection44] INFO  server.RaftServerConfigKeys (ConfUtils.java:logGet(46)) - raft.server.write.follower.gap.ratio.max = -1.0 (default)
2023-05-03 09:48:52,900 [03b6fa28-776a-4060-9cc4-4ee7af3534f1@group-E4659DFEDE91-LeaderElection44] INFO  impl.RoleInfo (RoleInfo.java:updateAndGet(139)) - 03b6fa28-776a-4060-9cc4-4ee7af3534f1: start 03b6fa28-776a-4060-9cc4-4ee7af3534f1@group-E4659DFEDE91-LeaderStateImpl
2023-05-03 09:48:52,900 [03b6fa28-776a-4060-9cc4-4ee7af3534f1@group-E4659DFEDE91-LeaderElection44] INFO  segmented.SegmentedRaftLogWorker (SegmentedRaftLogWorker.java:startLogSegment(452)) - 03b6fa28-776a-4060-9cc4-4ee7af3534f1@group-E4659DFEDE91-SegmentedRaftLogWorker: Starting segment from index:0
2023-05-03 09:48:52,901 [03b6fa28-776a-4060-9cc4-4ee7af3534f1@group-E4659DFEDE91-LeaderElection44] INFO  server.RaftServer$Division (ServerState.java:setRaftConf(430)) - 03b6fa28-776a-4060-9cc4-4ee7af3534f1@group-E4659DFEDE91: set configuration 0: peers:[03b6fa28-776a-4060-9cc4-4ee7af3534f1|rpc:fv-az139-793:9894|admin:|client:|dataStream:|priority:0|startupRole:FOLLOWER]|listeners:[], old=null
2023-05-03 09:48:52,908 [03b6fa28-776a-4060-9cc4-4ee7af3534f1@group-E4659DFEDE91-SegmentedRaftLogWorker] INFO  segmented.SegmentedRaftLogWorker (SegmentedRaftLogWorker.java:execute(656)) - 03b6fa28-776a-4060-9cc4-4ee7af3534f1@group-E4659DFEDE91-SegmentedRaftLogWorker: created new log segment /home/runner/work/ozone/ozone/hadoop-ozone/integration-test/target/test-dir/9eb4ad38-9402-409d-88e5-51176f684e85/scm-meta/scm-ha/7116c358-619d-4b05-9928-e4659dfede91/current/log_inprogress_0
2023-05-03 09:48:53,829 [Time-limited test] INFO  server.RaftServer (RaftServerProxy.java:lambda$close$6(409)) - 03b6fa28-776a-4060-9cc4-4ee7af3534f1: close
2023-05-03 09:48:53,830 [Time-limited test] INFO  server.GrpcService (GrpcService.java:closeImpl(271)) - 03b6fa28-776a-4060-9cc4-4ee7af3534f1: shutdown server GrpcServerProtocolService now
2023-05-03 09:48:53,830 [03b6fa28-776a-4060-9cc4-4ee7af3534f1-impl-thread1] INFO  server.RaftServer$Division (RaftServerImpl.java:lambda$close$4(458)) - 03b6fa28-776a-4060-9cc4-4ee7af3534f1@group-E4659DFEDE91: shutdown
2023-05-03 09:48:53,830 [03b6fa28-776a-4060-9cc4-4ee7af3534f1-impl-thread1] INFO  util.JmxRegister (JmxRegister.java:unregister(73)) - Successfully un-registered JMX Bean with object name Ratis:service=RaftServer,group=group-E4659DFEDE91,id=03b6fa28-776a-4060-9cc4-4ee7af3534f1
2023-05-03 09:48:53,830 [03b6fa28-776a-4060-9cc4-4ee7af3534f1-impl-thread1] INFO  impl.RoleInfo (RoleInfo.java:shutdownLeaderState(93)) - 03b6fa28-776a-4060-9cc4-4ee7af3534f1: shutdown 03b6fa28-776a-4060-9cc4-4ee7af3534f1@group-E4659DFEDE91-LeaderStateImpl
2023-05-03 09:48:53,830 [03b6fa28-776a-4060-9cc4-4ee7af3534f1-impl-thread1] INFO  impl.PendingRequests (PendingRequests.java:sendNotLeaderResponses(282)) - 03b6fa28-776a-4060-9cc4-4ee7af3534f1@group-E4659DFEDE91-PendingRequests: sendNotLeaderResponses
2023-05-03 09:48:53,830 [Time-limited test] INFO  server.GrpcService (GrpcService.java:closeImpl(280)) - 03b6fa28-776a-4060-9cc4-4ee7af3534f1: shutdown server GrpcServerProtocolService successfully
2023-05-03 09:48:53,830 [03b6fa28-776a-4060-9cc4-4ee7af3534f1@group-E4659DFEDE91-StateMachineUpdater] INFO  impl.StateMachineUpdater (StateMachineUpdater.java:takeSnapshot(287)) - 03b6fa28-776a-4060-9cc4-4ee7af3534f1@group-E4659DFEDE91-StateMachineUpdater: Took a snapshot at index 0
2023-05-03 09:48:53,830 [03b6fa28-776a-4060-9cc4-4ee7af3534f1@group-E4659DFEDE91-StateMachineUpdater] INFO  impl.StateMachineUpdater (StateMachineUpdater.java:lambda$new$0(92)) - 03b6fa28-776a-4060-9cc4-4ee7af3534f1@group-E4659DFEDE91-StateMachineUpdater: snapshotIndex: updateIncreasingly -1 -> 0
2023-05-03 09:48:53,830 [03b6fa28-776a-4060-9cc4-4ee7af3534f1-impl-thread1] INFO  impl.StateMachineUpdater (StateMachineUpdater.java:stopAndJoin(153)) - 03b6fa28-776a-4060-9cc4-4ee7af3534f1@group-E4659DFEDE91-StateMachineUpdater: set stopIndex = 0
2023-05-03 09:48:53,831 [03b6fa28-776a-4060-9cc4-4ee7af3534f1-impl-thread1] INFO  server.RaftServer$Division (ServerState.java:close(466)) - 03b6fa28-776a-4060-9cc4-4ee7af3534f1@group-E4659DFEDE91: closes. applyIndex: 0
2023-05-03 09:48:53,831 [03b6fa28-776a-4060-9cc4-4ee7af3534f1@group-E4659DFEDE91-SegmentedRaftLogWorker] INFO  segmented.SegmentedRaftLogWorker (SegmentedRaftLogWorker.java:run(347)) - 03b6fa28-776a-4060-9cc4-4ee7af3534f1@group-E4659DFEDE91-SegmentedRaftLogWorker was interrupted, exiting. There are 0 tasks remaining in the queue.
2023-05-03 09:48:53,831 [03b6fa28-776a-4060-9cc4-4ee7af3534f1-impl-thread1] INFO  segmented.SegmentedRaftLogWorker (SegmentedRaftLogWorker.java:close(257)) - 03b6fa28-776a-4060-9cc4-4ee7af3534f1@group-E4659DFEDE91-SegmentedRaftLogWorker close()
2023-05-03 09:48:53,832 [JvmPauseMonitor24] INFO  util.JvmPauseMonitor (JvmPauseMonitor.java:run(111)) - JvmPauseMonitor-03b6fa28-776a-4060-9cc4-4ee7af3534f1: Stopped
2023-05-03 09:48:53,832 [Time-limited test] WARN  server.ServerUtils (ServerUtils.java:getScmDbDir(148)) - ozone.scm.db.dirs is not configured. We recommend adding this setting. Falling back to ozone.metadata.dirs instead.
2023-05-03 09:48:53,833 [Time-limited test] INFO  server.StorageContainerManager (StorageContainerManager.java:scmInit(1284)) - SCM initialization succeeded. Current cluster id for sd=/home/runner/work/ozone/ozone/hadoop-ozone/integration-test/target/test-dir/9eb4ad38-9402-409d-88e5-51176f684e85/scm-meta/scm; cid=7116c358-619d-4b05-9928-e4659dfede91; layoutVersion=6; scmId=03b6fa28-776a-4060-9cc4-4ee7af3534f1
2023-05-03 09:48:53,833 [Time-limited test] WARN  server.ServerUtils (ServerUtils.java:getScmDbDir(148)) - ozone.scm.db.dirs is not configured. We recommend adding this setting. Falling back to ozone.metadata.dirs instead.
2023-05-03 09:48:53,833 [Time-limited test] WARN  server.ServerUtils (ServerUtils.java:getScmDbDir(148)) - ozone.scm.db.dirs is not configured. We recommend adding this setting. Falling back to ozone.metadata.dirs instead.
2023-05-03 09:48:53,833 [Time-limited test] INFO  ha.SCMHANodeDetails (SCMHANodeDetails.java:loadSCMHAConfig(209)) - ServiceID for StorageContainerManager is null
2023-05-03 09:48:53,833 [Time-limited test] INFO  ha.SCMHANodeDetails (SCMHANodeDetails.java:loadSCMHAConfig(214)) - ozone.scm.default.service.id is not defined, falling back to ozone.scm.service.ids to find serviceID for StorageContainerManager if it is HA enabled cluster
2023-05-03 09:48:53,834 [Time-limited test] INFO  upgrade.AbstractLayoutVersionManager (AbstractLayoutVersionManager.java:init(83)) - Initializing Layout version manager with metadata layout = WEBUI_PORTS_IN_DATANODEDETAILS (version = 6), software layout = WEBUI_PORTS_IN_DATANODEDETAILS (version = 6)
2023-05-03 09:48:53,879 [Time-limited test] INFO  reflections.Reflections (Reflections.java:scan(232)) - Reflections took 44 ms to scan 7 urls, producing 156 keys and 369 values 
2023-05-03 09:48:53,880 [Time-limited test] INFO  server.StorageContainerManager (StorageContainerManager.java:scmInit(1316)) - SCM already initialized. Reusing existing cluster id for sd=/home/runner/work/ozone/ozone/hadoop-ozone/integration-test/target/test-dir/9eb4ad38-9402-409d-88e5-51176f684e85/scm-meta/scm;cid=7116c358-619d-4b05-9928-e4659dfede91; layoutVersion=6; HAEnabled=true
]]></system-out>
  </testcase>
  <testcase name="testContainerReportQueueTakingMoreTime" classname="org.apache.hadoop.ozone.TestStorageContainerManager" time="3.009">
    <failure type="java.lang.AssertionError"><![CDATA[java.lang.AssertionError
	at org.junit.Assert.fail(Assert.java:87)
	at org.junit.Assert.assertTrue(Assert.java:42)
	at org.junit.Assert.assertTrue(Assert.java:53)
	at org.apache.hadoop.ozone.TestStorageContainerManager.testContainerReportQueueTakingMoreTime(TestStorageContainerManager.java:939)
	at sun.reflect.NativeMethodAccessorImpl.invoke0(Native Method)
	at sun.reflect.NativeMethodAccessorImpl.invoke(NativeMethodAccessorImpl.java:62)
	at sun.reflect.DelegatingMethodAccessorImpl.invoke(DelegatingMethodAccessorImpl.java:43)
	at java.lang.reflect.Method.invoke(Method.java:498)
	at org.junit.runners.model.FrameworkMethod$1.runReflectiveCall(FrameworkMethod.java:59)
	at org.junit.internal.runners.model.ReflectiveCallable.run(ReflectiveCallable.java:12)
	at org.junit.runners.model.FrameworkMethod.invokeExplosively(FrameworkMethod.java:56)
	at org.junit.internal.runners.statements.InvokeMethod.evaluate(InvokeMethod.java:17)
	at org.junit.internal.runners.statements.RunAfters.evaluate(RunAfters.java:27)
	at org.junit.rules.ExpectedException$ExpectedExceptionStatement.evaluate(ExpectedException.java:258)
	at org.junit.internal.runners.statements.FailOnTimeout$CallableStatement.call(FailOnTimeout.java:288)
	at org.junit.internal.runners.statements.FailOnTimeout$CallableStatement.call(FailOnTimeout.java:282)
	at java.util.concurrent.FutureTask.run(FutureTask.java:266)
	at java.lang.Thread.run(Thread.java:750)
]]></failure>
    <system-out><![CDATA[2023-05-03 09:48:54,887 [FixedThreadPoolWithAffinityExecutor-0-0] WARN  events.FixedThreadPoolWithAffinityExecutor (FixedThreadPoolWithAffinityExecutor.java:run(283)) - Event taken long execution time 1002 millisec, 6418a287-2cba-4735-aeb8-bddd1c24d481(null/null), {type: FCR, size: 0}
2023-05-03 09:48:55,888 [FixedThreadPoolWithAffinityExecutor-0-0] WARN  events.FixedThreadPoolWithAffinityExecutor (FixedThreadPoolWithAffinityExecutor.java:run(283)) - Event taken long execution time 2001 millisec, c4758c76-2b35-4b9c-bfff-a0a3ec7ccc10(null/null), {type: FCR, size: 0}
]]></system-out>
  </testcase>
  <testcase name="testScmProcessDatanodeHeartbeat" classname="org.apache.hadoop.ozone.TestStorageContainerManager" time="30.113">
    <system-out><![CDATA[2023-05-03 09:48:56,909 [Time-limited test] WARN  server.ServerUtils (ServerUtils.java:getScmDbDir(148)) - ozone.scm.db.dirs is not configured. We recommend adding this setting. Falling back to ozone.metadata.dirs instead.
2023-05-03 09:48:56,910 [Time-limited test] WARN  server.ServerUtils (ServerUtils.java:getScmDbDir(148)) - ozone.scm.db.dirs is not configured. We recommend adding this setting. Falling back to ozone.metadata.dirs instead.
2023-05-03 09:48:56,910 [Time-limited test] INFO  ha.SCMHANodeDetails (SCMHANodeDetails.java:loadSCMHAConfig(209)) - ServiceID for StorageContainerManager is null
2023-05-03 09:48:56,911 [Time-limited test] WARN  ha.SCMHANodeDetails (SCMHANodeDetails.java:validateSCMHAConfig(182)) - Invalid config ozone.scm.ratis.enable. The config was not specified, but the default value true conflicts with the expected config value false. Falling back to the expected value. Current State of SCM: SCM is running in Non-HA without Ratis Ratis SCM -> Non Ratis SCM or Non HA SCM -> HA SCM is not supported
2023-05-03 09:48:56,911 [Time-limited test] INFO  ha.SCMHANodeDetails (SCMHANodeDetails.java:loadSCMHAConfig(214)) - ozone.scm.default.service.id is not defined, falling back to ozone.scm.service.ids to find serviceID for StorageContainerManager if it is HA enabled cluster
2023-05-03 09:48:56,911 [Time-limited test] WARN  utils.HAUtils (HAUtils.java:getMetaDir(350)) - ozone.scm.db.dirs is not configured. We recommend adding this setting. Falling back to ozone.metadata.dirs instead.
2023-05-03 09:48:56,911 [Time-limited test] WARN  db.DBStoreBuilder (DBStoreBuilder.java:applyDBDefinition(165)) - ozone.scm.db.dirs is not configured. We recommend adding this setting. Falling back to ozone.metadata.dirs instead.
2023-05-03 09:48:56,990 [Time-limited test] INFO  net.NodeSchemaLoader (NodeSchemaLoader.java:loadSchemaFromFile(129)) - Loading schema from [jar:file:/home/runner/.m2/repository/org/apache/ozone/hdds-common/1.4.0-SNAPSHOT/hdds-common-1.4.0-SNAPSHOT.jar!/network-topology-default.xml]
2023-05-03 09:48:56,990 [Time-limited test] INFO  net.NodeSchemaLoader (NodeSchemaLoader.java:loadSchema(176)) - Loading network topology layer schema file
2023-05-03 09:48:56,992 [Time-limited test] INFO  upgrade.AbstractLayoutVersionManager (AbstractLayoutVersionManager.java:init(83)) - Initializing Layout version manager with metadata layout = WEBUI_PORTS_IN_DATANODEDETAILS (version = 6), software layout = WEBUI_PORTS_IN_DATANODEDETAILS (version = 6)
2023-05-03 09:48:57,036 [Time-limited test] INFO  reflections.Reflections (Reflections.java:scan(232)) - Reflections took 43 ms to scan 7 urls, producing 156 keys and 369 values 
2023-05-03 09:48:57,038 [Time-limited test] INFO  ha.SequenceIdGenerator (SequenceIdGenerator.java:upgradeToSequenceId(349)) - upgrade localId to 111677748019200000
2023-05-03 09:48:57,038 [Time-limited test] INFO  ha.SequenceIdGenerator (SequenceIdGenerator.java:upgradeToSequenceId(359)) - upgrade delTxnId to 0
2023-05-03 09:48:57,038 [Time-limited test] INFO  ha.SequenceIdGenerator (SequenceIdGenerator.java:upgradeToSequenceId(376)) - upgrade containerId to 0
2023-05-03 09:48:57,038 [Time-limited test] INFO  ha.SequenceIdGenerator (SequenceIdGenerator.java:<init>(220)) - Init the HA SequenceIdGenerator.
2023-05-03 09:48:57,038 [Time-limited test] WARN  server.ServerUtils (ServerUtils.java:sanitizeUserArgs(73)) - ozone.scm.stale.node.interval value = 300000 is larger than max = 100000 based on the key value of ozone.scm.heartbeat.thread.interval, reset to the max value 100000.
2023-05-03 09:48:57,038 [Time-limited test] WARN  server.ServerUtils (ServerUtils.java:sanitizeUserArgs(73)) - ozone.scm.stale.node.interval value = 300000 is larger than max = 100000 based on the key value of ozone.scm.heartbeat.thread.interval, reset to the max value 100000.
2023-05-03 09:48:57,039 [Time-limited test] INFO  node.SCMNodeManager (SCMNodeManager.java:<init>(159)) - Entering startup safe mode.
2023-05-03 09:48:57,039 [Time-limited test] INFO  Configuration.deprecation (Configuration.java:logDeprecation(1442)) - hadoop.configured.node.mapping is deprecated. Instead, use net.topology.configured.node.mapping
2023-05-03 09:48:57,039 [Time-limited test] INFO  algorithms.ContainerPlacementPolicyFactory (ContainerPlacementPolicyFactory.java:getPolicyInternal(86)) - Create container placement policy of type org.apache.hadoop.hdds.scm.container.placement.algorithms.SCMContainerPlacementRackAware
2023-05-03 09:48:57,039 [Time-limited test] INFO  algorithms.ContainerPlacementPolicyFactory (ContainerPlacementPolicyFactory.java:getPolicyInternal(86)) - Create container placement policy of type org.apache.hadoop.hdds.scm.container.placement.algorithms.SCMContainerPlacementRackScatter
2023-05-03 09:48:57,039 [Time-limited test] INFO  pipeline.PipelineStateManagerImpl (PipelineStateManagerImpl.java:initialize(78)) - No pipeline exists in current db
2023-05-03 09:48:57,040 [Time-limited test] INFO  algorithms.LeaderChoosePolicyFactory (LeaderChoosePolicyFactory.java:getPolicy(57)) - Create leader choose policy of type org.apache.hadoop.hdds.scm.pipeline.leader.choose.algorithms.MinLeaderCountChoosePolicy
2023-05-03 09:48:57,040 [Time-limited test] INFO  algorithms.ContainerPlacementPolicyFactory (ContainerPlacementPolicyFactory.java:getPolicyInternal(86)) - Create container placement policy of type org.apache.hadoop.hdds.scm.container.placement.algorithms.SCMContainerPlacementRackScatter
2023-05-03 09:48:57,040 [Time-limited test] INFO  ha.SCMServiceManager (SCMServiceManager.java:register(42)) - Registering service BackgroundPipelineCreator.
2023-05-03 09:48:57,040 [Time-limited test] INFO  pipeline.BackgroundPipelineCreator (BackgroundPipelineCreator.java:start(124)) - Starting RatisPipelineUtilsThread.
2023-05-03 09:48:57,042 [Time-limited test] INFO  BackgroundPipelineScrubber (BackgroundSCMService.java:start(68)) - Starting BackgroundPipelineScrubber Service.
2023-05-03 09:48:57,042 [Time-limited test] INFO  ha.SCMServiceManager (SCMServiceManager.java:register(42)) - Registering service BackgroundPipelineScrubber.
2023-05-03 09:48:57,043 [Time-limited test] INFO  ExpiredContainerReplicaOpScrubber (BackgroundSCMService.java:start(68)) - Starting ExpiredContainerReplicaOpScrubber Service.
2023-05-03 09:48:57,043 [Time-limited test] INFO  ha.SCMServiceManager (SCMServiceManager.java:register(42)) - Registering service ExpiredContainerReplicaOpScrubber.
2023-05-03 09:48:57,044 [Time-limited test] INFO  algorithms.PipelineChoosePolicyFactory (PipelineChoosePolicyFactory.java:createPipelineChoosePolicyFromClass(73)) - Create pipeline choose policy of type org.apache.hadoop.hdds.scm.pipeline.choose.algorithms.RandomPipelineChoosePolicy
2023-05-03 09:48:57,044 [Time-limited test] INFO  ha.SCMServiceManager (SCMServiceManager.java:register(42)) - Registering service SCMBlockDeletingService.
2023-05-03 09:48:57,044 [Time-limited test] INFO  replication.ReplicationManager (ReplicationManager.java:start(291)) - Starting Replication Monitor Thread.
2023-05-03 09:48:57,049 [Time-limited test] INFO  ha.SCMServiceManager (SCMServiceManager.java:register(42)) - Registering service ReplicationManager.
2023-05-03 09:48:57,049 [Time-limited test] INFO  safemode.ContainerSafeModeRule (ContainerSafeModeRule.java:<init>(89)) - containers with one replica threshold count 0
2023-05-03 09:48:57,049 [Time-limited test] INFO  safemode.HealthyPipelineSafeModeRule (HealthyPipelineSafeModeRule.java:initializeRule(169)) - Total pipeline count is 0, healthy pipeline threshold count is 1
2023-05-03 09:48:57,049 [Time-limited test] INFO  safemode.OneReplicaPipelineSafeModeRule (OneReplicaPipelineSafeModeRule.java:initializeRule(180)) - Total pipeline count is 0, pipeline's with at least one datanode reported threshold count is 0
2023-05-03 09:48:57,049 [Time-limited test] INFO  server.StorageContainerManager (StorageContainerManager.java:<init>(403)) - SCM start with adminUsers: [runner]
2023-05-03 09:48:57,050 [Time-limited test] INFO  ipc.CallQueueManager (CallQueueManager.java:<init>(90)) - Using callQueue: class java.util.concurrent.LinkedBlockingQueue, queueCapacity: 2000, scheduler: class org.apache.hadoop.ipc.DefaultRpcScheduler, ipcBackoff: false.
2023-05-03 09:48:57,051 [Socket Reader #1 for port 0] INFO  ipc.Server (Server.java:run(1319)) - Starting Socket Reader #1 for port 0
2023-05-03 09:48:57,053 [Listener at 0.0.0.0/45911] INFO  ipc.CallQueueManager (CallQueueManager.java:<init>(90)) - Using callQueue: class java.util.concurrent.LinkedBlockingQueue, queueCapacity: 2000, scheduler: class org.apache.hadoop.ipc.DefaultRpcScheduler, ipcBackoff: false.
2023-05-03 09:48:57,054 [Socket Reader #1 for port 0] INFO  ipc.Server (Server.java:run(1319)) - Starting Socket Reader #1 for port 0
2023-05-03 09:48:57,055 [Listener at 0.0.0.0/42555] INFO  ipc.CallQueueManager (CallQueueManager.java:<init>(90)) - Using callQueue: class java.util.concurrent.LinkedBlockingQueue, queueCapacity: 2000, scheduler: class org.apache.hadoop.ipc.DefaultRpcScheduler, ipcBackoff: false.
2023-05-03 09:48:57,056 [Socket Reader #1 for port 0] INFO  ipc.Server (Server.java:run(1319)) - Starting Socket Reader #1 for port 0
2023-05-03 09:48:57,059 [Listener at 0.0.0.0/36345] INFO  ha.SCMServiceManager (SCMServiceManager.java:register(42)) - Registering service ContainerBalancer.
2023-05-03 09:48:57,059 [Listener at 0.0.0.0/36345] INFO  server.StorageContainerManager (StorageContainerManager.java:<init>(420)) - 
Container Balancer status:
Key                            Value
Running                        false
Container Balancer Configuration values:
Key                                                Value
Threshold                                          10
Max Datanodes to Involve per Iteration(percent)    20
Max Size to Move per Iteration                     500GB
Max Size Entering Target per Iteration             26GB
Max Size Leaving Source per Iteration              26GB

2023-05-03 09:48:57,059 [Listener at 0.0.0.0/36345] INFO  ha.SCMContext (SCMContext.java:updateSafeModeStatus(228)) - Update SafeModeStatus from SafeModeStatus{safeModeStatus=true, preCheckPassed=false} to SafeModeStatus{safeModeStatus=true, preCheckPassed=false}.
2023-05-03 09:48:57,060 [Listener at 0.0.0.0/36345] INFO  server.StorageContainerManager (StorageContainerManager.java:start(1477)) - StorageContainerLocationProtocol RPC server is listening at /0.0.0.0:36345
2023-05-03 09:48:57,061 [Listener at 0.0.0.0/36345] WARN  impl.MetricsConfig (MetricsConfig.java:loadFirst(136)) - Cannot locate configuration: tried hadoop-metrics2-storagecontainermanager.properties,hadoop-metrics2.properties
2023-05-03 09:48:57,061 [Listener at 0.0.0.0/36345] INFO  impl.MetricsSystemImpl (MetricsSystemImpl.java:startTimer(378)) - Scheduled Metric snapshot period at 10 second(s).
2023-05-03 09:48:57,061 [Listener at 0.0.0.0/36345] INFO  impl.MetricsSystemImpl (MetricsSystemImpl.java:start(191)) - StorageContainerManager metrics system started
2023-05-03 09:48:57,066 [ReplicationMonitor] INFO  replication.ReplicationManager (ReplicationManager.java:processAll(366)) - Replication Manager is not ready to run until 3000ms after safemode exit
2023-05-03 09:48:57,072 [Listener at 0.0.0.0/36345] INFO  impl.MetricsSinkAdapter (MetricsSinkAdapter.java:start(204)) - Sink prometheus started
2023-05-03 09:48:57,072 [Listener at 0.0.0.0/36345] INFO  impl.MetricsSystemImpl (MetricsSystemImpl.java:registerSink(305)) - Registered sink prometheus
2023-05-03 09:48:57,092 [Listener at 0.0.0.0/36345] INFO  server.SCMClientProtocolServer (SCMClientProtocolServer.java:start(199)) - RPC server for Client  is listening at /0.0.0.0:36345
2023-05-03 09:48:57,092 [IPC Server Responder] INFO  ipc.Server (Server.java:run(1558)) - IPC Server Responder: starting
2023-05-03 09:48:57,095 [Listener at 0.0.0.0/36345] INFO  server.StorageContainerManager (StorageContainerManager.java:start(1491)) - ScmBlockLocationProtocol RPC server is listening at /0.0.0.0:42555
2023-05-03 09:48:57,095 [Listener at 0.0.0.0/36345] INFO  server.SCMBlockProtocolServer (SCMBlockProtocolServer.java:start(152)) - RPC server for Block Protocol is listening at /0.0.0.0:42555
2023-05-03 09:48:57,095 [IPC Server Responder] INFO  ipc.Server (Server.java:run(1558)) - IPC Server Responder: starting
2023-05-03 09:48:57,095 [IPC Server listener on 0] INFO  ipc.Server (Server.java:run(1398)) - IPC Server listener on 0: starting
2023-05-03 09:48:57,097 [Listener at 0.0.0.0/36345] INFO  server.SCMDatanodeProtocolServer (SCMDatanodeProtocolServer.java:start(193)) - ScmDatanodeProtocol RPC server for DataNodes is listening at /0.0.0.0:45911
2023-05-03 09:48:57,097 [IPC Server Responder] INFO  ipc.Server (Server.java:run(1558)) - IPC Server Responder: starting
2023-05-03 09:48:57,097 [IPC Server listener on 0] INFO  ipc.Server (Server.java:run(1398)) - IPC Server listener on 0: starting
2023-05-03 09:48:57,099 [IPC Server listener on 0] INFO  ipc.Server (Server.java:run(1398)) - IPC Server listener on 0: starting
2023-05-03 09:48:57,100 [Listener at 0.0.0.0/36345] INFO  http.BaseHttpServer (BaseHttpServer.java:newHttpServer2BuilderForOzone(224)) - Starting Web-server for scm at: http://0.0.0.0:0
2023-05-03 09:48:57,100 [Listener at 0.0.0.0/36345] INFO  http.BaseHttpServer (BaseHttpServer.java:<init>(111)) - Hadoop Security Enabled: false Ozone Security Enabled: false Ozone HTTP Security Enabled: false 
2023-05-03 09:48:57,101 [Listener at 0.0.0.0/36345] WARN  server.AuthenticationFilter (AuthenticationFilter.java:constructSecretProvider(240)) - Unable to initialize FileSignerSecretProvider, falling back to use random secrets. Reason: Could not read signature secret file: /home/runner/hadoop-http-auth-signature-secret
2023-05-03 09:48:57,101 [org.apache.hadoop.util.JvmPauseMonitor$Monitor@13d37047] INFO  util.JvmPauseMonitor (JvmPauseMonitor.java:run(188)) - Starting JVM pause monitor
2023-05-03 09:48:57,102 [Listener at 0.0.0.0/36345] INFO  http.HttpRequestLog (HttpRequestLog.java:getRequestLog(86)) - Http request log for http.requests.scm is not defined
2023-05-03 09:48:57,106 [Listener at 0.0.0.0/36345] INFO  http.HttpServer2 (HttpServer2.java:addGlobalFilter(1031)) - Added global filter 'safety' (class=org.apache.hadoop.hdds.server.http.HttpServer2$QuotingInputFilter)
2023-05-03 09:48:57,106 [Listener at 0.0.0.0/36345] INFO  http.HttpServer2 (HttpServer2.java:addFilter(1007)) - Added filter static_user_filter (class=org.apache.hadoop.http.lib.StaticUserWebFilter$StaticUserFilter) to context scm
2023-05-03 09:48:57,106 [Listener at 0.0.0.0/36345] INFO  http.HttpServer2 (HttpServer2.java:addFilter(1015)) - Added filter static_user_filter (class=org.apache.hadoop.http.lib.StaticUserWebFilter$StaticUserFilter) to context logs
2023-05-03 09:48:57,106 [Listener at 0.0.0.0/36345] INFO  http.HttpServer2 (HttpServer2.java:addFilter(1015)) - Added filter static_user_filter (class=org.apache.hadoop.http.lib.StaticUserWebFilter$StaticUserFilter) to context static
2023-05-03 09:48:57,107 [Listener at 0.0.0.0/36345] INFO  http.BaseHttpServer (BaseHttpServer.java:<init>(190)) - HTTP server of scm uses base directory /home/runner/work/ozone/ozone/hadoop-ozone/integration-test/target/test-dir/MiniOzoneClusterImpl-42c2526b-3b93-44e4-b696-93ac236191fb/ozone-meta/webserver
2023-05-03 09:48:57,107 [Listener at 0.0.0.0/36345] INFO  http.HttpServer2 (HttpServer2.java:bindListener(1250)) - Jetty bound to port 42239
2023-05-03 09:48:57,107 [Listener at 0.0.0.0/36345] INFO  server.Server (Server.java:doStart(375)) - jetty-9.4.51.v20230217; built: 2023-02-17T08:19:37.309Z; git: b45c405e4544384de066f814ed42ae3dceacdd49; jvm 1.8.0_362-b09
2023-05-03 09:48:57,113 [Listener at 0.0.0.0/36345] INFO  server.session (DefaultSessionIdManager.java:doStart(334)) - DefaultSessionIdManager workerName=node0
2023-05-03 09:48:57,113 [Listener at 0.0.0.0/36345] INFO  server.session (DefaultSessionIdManager.java:doStart(339)) - No SessionScavenger set, using defaults
2023-05-03 09:48:57,113 [Listener at 0.0.0.0/36345] INFO  server.session (HouseKeeper.java:startScavenging(132)) - node0 Scavenging every 600000ms
2023-05-03 09:48:57,114 [Listener at 0.0.0.0/36345] INFO  handler.ContextHandler (ContextHandler.java:doStart(921)) - Started o.e.j.s.ServletContextHandler@45a7b42e{logs,/logs,file:///home/runner/work/ozone/ozone/hadoop-ozone/integration-test/target/log,AVAILABLE}
2023-05-03 09:48:57,114 [Listener at 0.0.0.0/36345] INFO  handler.ContextHandler (ContextHandler.java:doStart(921)) - Started o.e.j.s.ServletContextHandler@1b611cea{static,/static,file:///home/runner/work/ozone/ozone/hadoop-ozone/integration-test/target/test-classes/webapps/static,AVAILABLE}
2023-05-03 09:48:57,117 [Listener at 0.0.0.0/36345] INFO  handler.ContextHandler (ContextHandler.java:doStart(921)) - Started o.e.j.w.WebAppContext@5eb7c9b{scm,/,file:///home/runner/work/ozone/ozone/hadoop-ozone/integration-test/target/test-classes/webapps/scm/,AVAILABLE}{file:/home/runner/work/ozone/ozone/hadoop-ozone/integration-test/target/test-classes/webapps/scm}
2023-05-03 09:48:57,118 [Listener at 0.0.0.0/36345] INFO  server.AbstractConnector (AbstractConnector.java:doStart(333)) - Started ServerConnector@62317ef6{HTTP/1.1, (http/1.1)}{0.0.0.0:42239}
2023-05-03 09:48:57,118 [Listener at 0.0.0.0/36345] INFO  server.Server (Server.java:doStart(415)) - Started @180243ms
2023-05-03 09:48:57,118 [Listener at 0.0.0.0/36345] WARN  impl.MetricsSystemImpl (MetricsSystemImpl.java:register(279)) - Sink prometheus already exists!
2023-05-03 09:48:57,119 [Listener at 0.0.0.0/36345] INFO  http.BaseHttpServer (BaseHttpServer.java:updateConnectorAddress(344)) - HTTP server of scm listening at http://0.0.0.0:42239
2023-05-03 09:48:57,119 [Listener at 0.0.0.0/36345] WARN  server.ServerUtils (ServerUtils.java:getDBPath(225)) - ozone.om.db.dirs is not configured. We recommend adding this setting. Falling back to ozone.metadata.dirs instead.
2023-05-03 09:48:57,121 [Listener at 0.0.0.0/36345] INFO  ha.OMHANodeDetails (OMHANodeDetails.java:loadOMHAConfig(115)) - ozone.om.internal.service.id is not defined, falling back to ozone.om.service.ids to find serviceID for OzoneManager if it is HA enabled cluster
2023-05-03 09:48:57,121 [Listener at 0.0.0.0/36345] INFO  ha.OMHANodeDetails (OMHANodeDetails.java:loadOMHAConfig(226)) - Configuration does not have ozone.om.address set. Falling back to the default OM address /127.0.0.1:0
2023-05-03 09:48:57,121 [Listener at 0.0.0.0/36345] INFO  ha.OMHANodeDetails (OMHANodeDetails.java:getOMNodeDetailsForNonHA(254)) - OM Service ID is not set. Setting it to the default ID: omServiceIdDefault
2023-05-03 09:48:57,121 [Listener at 0.0.0.0/36345] INFO  ha.OMHANodeDetails (OMHANodeDetails.java:getOMNodeDetailsForNonHA(261)) - OM Node ID is not set. Setting it to the default ID: om1
2023-05-03 09:48:57,121 [Listener at 0.0.0.0/36345] WARN  server.ServerUtils (ServerUtils.java:getDBPath(225)) - ozone.om.db.dirs is not configured. We recommend adding this setting. Falling back to ozone.metadata.dirs instead.
2023-05-03 09:48:57,124 [Listener at 0.0.0.0/36345] INFO  upgrade.AbstractLayoutVersionManager (AbstractLayoutVersionManager.java:init(83)) - Initializing Layout version manager with metadata layout = HSYNC (version = 4), software layout = HSYNC (version = 4)
2023-05-03 09:48:57,199 [Listener at 0.0.0.0/36345] INFO  reflections.Reflections (Reflections.java:scan(232)) - Reflections took 72 ms to scan 2 urls, producing 172 keys and 478 values [using 2 cores]
2023-05-03 09:48:57,199 [Listener at 0.0.0.0/36345] INFO  upgrade.OMLayoutVersionManager (OMLayoutVersionManager.java:lambda$0(115)) - Skipping Upgrade Action MockOmUpgradeAction since it has been finalized.
2023-05-03 09:48:57,199 [Listener at 0.0.0.0/36345] WARN  server.ServerUtils (ServerUtils.java:getDBPath(225)) - ozone.om.db.dirs is not configured. We recommend adding this setting. Falling back to ozone.metadata.dirs instead.
2023-05-03 09:48:57,200 [Listener at 0.0.0.0/36345] INFO  proxy.SCMBlockLocationFailoverProxyProvider (SCMBlockLocationFailoverProxyProvider.java:<init>(114)) - Created block location fail-over proxy with 1 nodes: [nodeId=scmNodeId,nodeAddress=/0.0.0.0:42555]
2023-05-03 09:48:57,201 [Listener at 0.0.0.0/36345] INFO  proxy.SCMBlockLocationFailoverProxyProvider (SCMBlockLocationFailoverProxyProvider.java:<init>(114)) - Created block location fail-over proxy with 1 nodes: [nodeId=scmNodeId,nodeAddress=/0.0.0.0:42555]
2023-05-03 09:48:57,207 [Listener at 0.0.0.0/36345] INFO  om.OzoneManager (OzoneManager.java:<init>(634)) - OM start with adminUsers: [runner]
2023-05-03 09:48:57,208 [Listener at 0.0.0.0/36345] WARN  server.ServerUtils (ServerUtils.java:getDBPath(225)) - ozone.om.db.dirs is not configured. We recommend adding this setting. Falling back to ozone.metadata.dirs instead.
2023-05-03 09:48:57,208 [Listener at 0.0.0.0/36345] INFO  codec.OmKeyInfoCodec (OmKeyInfoCodec.java:<init>(49)) - OmKeyInfoCodec ignorePipeline = true
2023-05-03 09:48:57,208 [Listener at 0.0.0.0/36345] INFO  codec.RepeatedOmKeyInfoCodec (RepeatedOmKeyInfoCodec.java:<init>(41)) - RepeatedOmKeyInfoCodec ignorePipeline = true
2023-05-03 09:48:57,364 [Listener at 0.0.0.0/36345] INFO  om.OzoneManager (OzoneManager.java:instantiateServices(764)) - S3 Multi-Tenancy is disabled
2023-05-03 09:48:57,364 [Listener at 0.0.0.0/36345] WARN  server.ServerUtils (ServerUtils.java:getDBPath(225)) - ozone.om.snapshot.diff.db.dir is not configured. We recommend adding this setting. Falling back to ozone.metadata.dirs instead.
2023-05-03 09:48:57,381 [Listener at 0.0.0.0/36345] INFO  om.OzoneManager (OzoneManager.java:addS3GVolumeToDB(4263)) - Created Volume s3v With Owner runner required for S3Gateway operations.
2023-05-03 09:48:57,381 [Listener at 0.0.0.0/36345] WARN  server.ServerUtils (ServerUtils.java:getDefaultRatisDirectory(237)) - Storage directory for Ratis is not configured. It is a good idea to map this to an SSD disk. Falling back to ozone.metadata.dirs
2023-05-03 09:48:57,381 [Listener at 0.0.0.0/36345] WARN  utils.OzoneManagerRatisUtils (OzoneManagerRatisUtils.java:getOMRatisSnapshotDirectory(459)) - ozone.om.ratis.snapshot.dir is not configured. Falling back to ozone.metadata.dirs config
2023-05-03 09:48:57,382 [Listener at 0.0.0.0/36345] WARN  server.ServerUtils (ServerUtils.java:getDefaultRatisDirectory(237)) - Storage directory for Ratis is not configured. It is a good idea to map this to an SSD disk. Falling back to ozone.metadata.dirs
2023-05-03 09:48:57,382 [Listener at 0.0.0.0/36345] INFO  ratis.OzoneManagerRatisServer (OzoneManagerRatisServer.java:<init>(163)) - Instantiating OM Ratis server with groupID: omServiceIdDefault and peers: localhost:9872
2023-05-03 09:48:57,383 [Listener at 0.0.0.0/36345] INFO  ratis.OzoneManagerStateMachine (OzoneManagerStateMachine.java:loadSnapshotInfoFromDB(670)) - LastAppliedIndex is set from TransactionInfo from OM DB as (t:0, i:~)
2023-05-03 09:48:57,383 [Listener at 0.0.0.0/36345] INFO  server.RaftServer (ConfUtils.java:logGet(46)) - raft.rpc.type = GRPC (default)
2023-05-03 09:48:57,383 [Listener at 0.0.0.0/36345] INFO  grpc.GrpcConfigKeys (ConfUtils.java:logFallback(53)) - raft.grpc.admin.host = null (fallback to raft.grpc.server.host)
2023-05-03 09:48:57,383 [Listener at 0.0.0.0/36345] INFO  grpc.GrpcConfigKeys (ConfUtils.java:logFallback(53)) - raft.grpc.admin.port = 9872 (fallback to raft.grpc.server.port)
2023-05-03 09:48:57,383 [Listener at 0.0.0.0/36345] INFO  grpc.GrpcConfigKeys (ConfUtils.java:logFallback(53)) - raft.grpc.client.host = null (fallback to raft.grpc.server.host)
2023-05-03 09:48:57,383 [Listener at 0.0.0.0/36345] INFO  grpc.GrpcConfigKeys (ConfUtils.java:logFallback(53)) - raft.grpc.client.port = 9872 (fallback to raft.grpc.server.port)
2023-05-03 09:48:57,383 [Listener at 0.0.0.0/36345] INFO  grpc.GrpcConfigKeys (ConfUtils.java:logGet(46)) - raft.grpc.server.host = null (default)
2023-05-03 09:48:57,383 [Listener at 0.0.0.0/36345] INFO  grpc.GrpcConfigKeys (ConfUtils.java:logGet(46)) - raft.grpc.server.port = 9872 (custom)
2023-05-03 09:48:57,383 [Listener at 0.0.0.0/36345] INFO  server.GrpcService (ConfUtils.java:logGet(46)) - raft.grpc.message.size.max = 33554432 (custom)
2023-05-03 09:48:57,383 [Listener at 0.0.0.0/36345] INFO  server.RaftServerConfigKeys (ConfUtils.java:logGet(46)) - raft.server.log.appender.buffer.byte-limit = 33554432 (custom)
2023-05-03 09:48:57,383 [Listener at 0.0.0.0/36345] INFO  server.GrpcService (ConfUtils.java:logGet(46)) - raft.grpc.flow.control.window = 1MB (=1048576) (default)
2023-05-03 09:48:57,383 [Listener at 0.0.0.0/36345] INFO  server.RaftServerConfigKeys (ConfUtils.java:logGet(46)) - raft.server.rpc.request.timeout = 3000ms (default)
2023-05-03 09:48:57,383 [Listener at 0.0.0.0/36345] INFO  grpc.GrpcConfigKeys (ConfUtils.java:logGet(46)) - raft.grpc.server.heartbeat.channel = true (default)
2023-05-03 09:48:57,383 [Listener at 0.0.0.0/36345] INFO  grpc.GrpcConfigKeys (ConfUtils.java:logGet(46)) - raft.grpc.server.async.request.thread.pool.cached = true (default)
2023-05-03 09:48:57,384 [Listener at 0.0.0.0/36345] INFO  grpc.GrpcConfigKeys (ConfUtils.java:logGet(46)) - raft.grpc.server.async.request.thread.pool.size = 32 (default)
2023-05-03 09:48:57,385 [Listener at 0.0.0.0/36345] INFO  impl.DataStreamServerImpl (ConfUtils.java:logGet(46)) - raft.datastream.type = DISABLED (default)
2023-05-03 09:48:57,385 [Listener at 0.0.0.0/36345] INFO  server.RaftServerConfigKeys (ConfUtils.java:logGet(46)) - raft.server.threadpool.proxy.cached = true (default)
2023-05-03 09:48:57,385 [Listener at 0.0.0.0/36345] INFO  server.RaftServerConfigKeys (ConfUtils.java:logGet(46)) - raft.server.threadpool.proxy.size = 0 (default)
2023-05-03 09:48:57,385 [Listener at 0.0.0.0/36345] INFO  server.RaftServerConfigKeys (ConfUtils.java:logGet(46)) - raft.server.rpc.slowness.timeout = 120s (custom)
2023-05-03 09:48:57,385 [Listener at 0.0.0.0/36345] INFO  server.RaftServerConfigKeys (ConfUtils.java:logGet(46)) - raft.server.leaderelection.leader.step-down.wait-time = 10s (default)
2023-05-03 09:48:57,385 [Listener at 0.0.0.0/36345] INFO  server.RaftServerConfigKeys (ConfUtils.java:logGet(46)) - raft.server.storage.dir = [/home/runner/work/ozone/ozone/hadoop-ozone/integration-test/target/test-dir/MiniOzoneClusterImpl-42c2526b-3b93-44e4-b696-93ac236191fb/ozone-meta/ratis] (custom)
2023-05-03 09:48:57,386 [Listener at 0.0.0.0/36345] INFO  server.RaftServer (RaftServerProxy.java:addNew(96)) - om1: addNew group-C5BA1605619E:[om1|rpc:localhost:9872|priority:0|startupRole:FOLLOWER] returns group-C5BA1605619E:java.util.concurrent.CompletableFuture@273875c1[Not completed]
2023-05-03 09:48:57,386 [Listener at 0.0.0.0/36345] INFO  om.OzoneManager (OzoneManager.java:initializeRatisServer(2106)) - OzoneManager Ratis server initialized at port 9872
2023-05-03 09:48:57,386 [pool-1067-thread-1] INFO  server.RaftServer$Division (RaftServerImpl.java:<init>(195)) - om1: new RaftServerImpl for group-C5BA1605619E:[om1|rpc:localhost:9872|priority:0|startupRole:FOLLOWER] with OzoneManagerStateMachine:uninitialized
2023-05-03 09:48:57,386 [Listener at 0.0.0.0/36345] INFO  om.OzoneManager (OzoneManager.java:getRpcServer(1153)) - Creating RPC Server
2023-05-03 09:48:57,386 [pool-1067-thread-1] INFO  server.RaftServerConfigKeys (ConfUtils.java:logGet(46)) - raft.server.rpc.timeout.min = 1s (custom)
2023-05-03 09:48:57,386 [pool-1067-thread-1] INFO  server.RaftServerConfigKeys (ConfUtils.java:logGet(46)) - raft.server.rpc.timeout.max = 1200ms (custom)
2023-05-03 09:48:57,386 [pool-1067-thread-1] INFO  server.RaftServerConfigKeys (ConfUtils.java:logGet(46)) - raft.server.rpc.sleep.time = 25ms (default)
2023-05-03 09:48:57,386 [pool-1067-thread-1] INFO  server.RaftServerConfigKeys (ConfUtils.java:logGet(46)) - raft.server.rpc.slowness.timeout = 120s (custom)
2023-05-03 09:48:57,386 [pool-1067-thread-1] INFO  server.RaftServerConfigKeys (ConfUtils.java:logGet(46)) - raft.server.leaderelection.leader.step-down.wait-time = 10s (default)
2023-05-03 09:48:57,386 [pool-1067-thread-1] INFO  server.RaftServerConfigKeys (ConfUtils.java:logGet(46)) - raft.server.sleep.deviation.threshold = 300ms (default)
2023-05-03 09:48:57,386 [pool-1067-thread-1] INFO  server.RaftServer$Division (ServerState.java:<init>(118)) - om1@group-C5BA1605619E: ConfigurationManager, init=-1: peers:[om1|rpc:localhost:9872|priority:0|startupRole:FOLLOWER]|listeners:[], old=null, confs=<EMPTY_MAP>
2023-05-03 09:48:57,386 [pool-1067-thread-1] INFO  server.RaftServerConfigKeys (ConfUtils.java:logGet(46)) - raft.server.storage.dir = [/home/runner/work/ozone/ozone/hadoop-ozone/integration-test/target/test-dir/MiniOzoneClusterImpl-42c2526b-3b93-44e4-b696-93ac236191fb/ozone-meta/ratis] (custom)
2023-05-03 09:48:57,386 [pool-1067-thread-1] INFO  server.RaftServerConfigKeys (ConfUtils.java:logGet(46)) - raft.server.log.corruption.policy = EXCEPTION (default)
2023-05-03 09:48:57,386 [pool-1067-thread-1] INFO  server.RaftServerConfigKeys (ConfUtils.java:logGet(46)) - raft.server.storage.free-space.min = 0MB (=0) (default)
2023-05-03 09:48:57,386 [pool-1067-thread-1] INFO  server.RaftServerConfigKeys (ConfUtils.java:logGet(46)) - raft.server.notification.no-leader.timeout = 120s (custom)
2023-05-03 09:48:57,387 [pool-1067-thread-1] INFO  server.RaftServerConfigKeys (ConfUtils.java:logGet(46)) - raft.server.retrycache.expirytime = 300s (custom)
2023-05-03 09:48:57,387 [pool-1067-thread-1] INFO  server.RaftServerConfigKeys (ConfUtils.java:logGet(46)) - raft.server.retrycache.statistics.expirytime = 100μs (default)
2023-05-03 09:48:57,388 [pool-1067-thread-1] INFO  server.RaftServerConfigKeys (ConfUtils.java:logGet(46)) - raft.server.log.appender.install.snapshot.enabled = false (custom)
2023-05-03 09:48:57,388 [pool-1067-thread-1] INFO  server.RaftServerConfigKeys (ConfUtils.java:logGet(46)) - raft.server.threadpool.server.cached = true (default)
2023-05-03 09:48:57,388 [pool-1067-thread-1] INFO  server.RaftServerConfigKeys (ConfUtils.java:logGet(46)) - raft.server.threadpool.server.size = 0 (default)
2023-05-03 09:48:57,388 [pool-1067-thread-1] INFO  server.RaftServerConfigKeys (ConfUtils.java:logGet(46)) - raft.server.threadpool.client.cached = true (default)
2023-05-03 09:48:57,388 [pool-1067-thread-1] INFO  server.RaftServerConfigKeys (ConfUtils.java:logGet(46)) - raft.server.threadpool.client.size = 0 (default)
2023-05-03 09:48:57,661 [Listener at 0.0.0.0/36345] INFO  reflections.Reflections (Reflections.java:scan(232)) - Reflections took 275 ms to scan 19 urls, producing 68 keys and 5124 values [using 2 cores]
2023-05-03 09:48:57,664 [Listener at 0.0.0.0/36345] INFO  ipc.CallQueueManager (CallQueueManager.java:<init>(90)) - Using callQueue: class java.util.concurrent.LinkedBlockingQueue, queueCapacity: 2000, scheduler: class org.apache.hadoop.ipc.DefaultRpcScheduler, ipcBackoff: false.
2023-05-03 09:48:57,665 [Socket Reader #1 for port 0] INFO  ipc.Server (Server.java:run(1319)) - Starting Socket Reader #1 for port 0
2023-05-03 09:48:57,681 [Listener at 127.0.0.1/33547] INFO  impl.MetricsSystemImpl (MetricsSystemImpl.java:init(158)) - OzoneManager metrics system started (again)
2023-05-03 09:48:57,690 [Listener at 127.0.0.1/33547] INFO  om.OzoneManager (OzoneManager.java:start(1574)) - OzoneManager RPC server is listening at localhost/127.0.0.1:33547
2023-05-03 09:48:57,690 [Listener at 127.0.0.1/33547] INFO  ratis.OzoneManagerRatisServer (OzoneManagerRatisServer.java:start(558)) - Starting OzoneManagerRatisServer om1 at port 9872
2023-05-03 09:48:57,691 [om1-impl-thread1] INFO  storage.RaftStorageDirectory (RaftStorageDirectoryImpl.java:analyzeStorage(137)) - The storage directory /home/runner/work/ozone/ozone/hadoop-ozone/integration-test/target/test-dir/MiniOzoneClusterImpl-42c2526b-3b93-44e4-b696-93ac236191fb/ozone-meta/ratis/bf265839-605b-3f16-9796-c5ba1605619e does not exist. Creating ...
2023-05-03 09:48:57,692 [om1-impl-thread1] INFO  storage.RaftStorageDirectory (RaftStorageDirectoryImpl.java:tryLock(231)) - Lock on /home/runner/work/ozone/ozone/hadoop-ozone/integration-test/target/test-dir/MiniOzoneClusterImpl-42c2526b-3b93-44e4-b696-93ac236191fb/ozone-meta/ratis/bf265839-605b-3f16-9796-c5ba1605619e/in_use.lock acquired by nodename 7780@fv-az139-793
2023-05-03 09:48:57,693 [om1-impl-thread1] INFO  storage.RaftStorage (RaftStorageImpl.java:format(96)) - Storage directory /home/runner/work/ozone/ozone/hadoop-ozone/integration-test/target/test-dir/MiniOzoneClusterImpl-42c2526b-3b93-44e4-b696-93ac236191fb/ozone-meta/ratis/bf265839-605b-3f16-9796-c5ba1605619e has been successfully formatted.
2023-05-03 09:48:57,693 [om1-impl-thread1] INFO  server.RaftServerConfigKeys (ConfUtils.java:logGet(46)) - raft.server.log.use.memory = false (default)
2023-05-03 09:48:57,693 [om1-impl-thread1] INFO  server.RaftServerConfigKeys (ConfUtils.java:logGet(46)) - raft.server.log.purge.gap = 1000000 (custom)
2023-05-03 09:48:57,693 [om1-impl-thread1] INFO  server.RaftServerConfigKeys (ConfUtils.java:logGet(46)) - raft.server.log.appender.buffer.byte-limit = 33554432 (custom)
2023-05-03 09:48:57,693 [om1-impl-thread1] INFO  server.RaftServerConfigKeys (ConfUtils.java:logGet(46)) - raft.server.log.statemachine.data.read.timeout = 1000ms (default)
2023-05-03 09:48:57,693 [om1-impl-thread1] INFO  server.RaftServerConfigKeys (ConfUtils.java:logGet(46)) - raft.server.log.purge.preservation.log.num = 0 (default)
2023-05-03 09:48:57,693 [om1-impl-thread1] INFO  server.RaftServerConfigKeys (ConfUtils.java:logGet(46)) - raft.server.log.segment.size.max = 4194304 (custom)
2023-05-03 09:48:57,693 [om1-impl-thread1] INFO  server.RaftServerConfigKeys (ConfUtils.java:logGet(46)) - raft.server.log.segment.cache.num.max = 2 (custom)
2023-05-03 09:48:57,693 [om1-impl-thread1] INFO  server.RaftServerConfigKeys (ConfUtils.java:logGet(46)) - raft.server.log.segment.cache.size.max = 200MB (=209715200) (default)
2023-05-03 09:48:57,693 [om1-impl-thread1] INFO  segmented.SegmentedRaftLogWorker (SegmentedRaftLogWorker.java:<init>(189)) - new om1@group-C5BA1605619E-SegmentedRaftLogWorker for RaftStorageImpl:Storage Directory /home/runner/work/ozone/ozone/hadoop-ozone/integration-test/target/test-dir/MiniOzoneClusterImpl-42c2526b-3b93-44e4-b696-93ac236191fb/ozone-meta/ratis/bf265839-605b-3f16-9796-c5ba1605619e
2023-05-03 09:48:57,693 [om1-impl-thread1] INFO  server.RaftServerConfigKeys (ConfUtils.java:logGet(46)) - raft.server.log.queue.byte-limit = 64MB (=67108864) (default)
2023-05-03 09:48:57,693 [om1-impl-thread1] INFO  server.RaftServerConfigKeys (ConfUtils.java:logGet(46)) - raft.server.log.queue.element-limit = 4096 (default)
2023-05-03 09:48:57,693 [om1-impl-thread1] INFO  server.RaftServerConfigKeys (ConfUtils.java:logGet(46)) - raft.server.log.segment.size.max = 4194304 (custom)
2023-05-03 09:48:57,693 [om1-impl-thread1] INFO  server.RaftServerConfigKeys (ConfUtils.java:logGet(46)) - raft.server.log.preallocated.size = 4194304 (custom)
2023-05-03 09:48:57,694 [om1-impl-thread1] INFO  server.RaftServerConfigKeys (ConfUtils.java:logGet(46)) - raft.server.log.force.sync.num = 128 (default)
2023-05-03 09:48:57,694 [om1-impl-thread1] INFO  server.RaftServerConfigKeys (ConfUtils.java:logGet(46)) - raft.server.log.statemachine.data.sync = true (default)
2023-05-03 09:48:57,694 [om1-impl-thread1] INFO  server.RaftServerConfigKeys (ConfUtils.java:logGet(46)) - raft.server.log.statemachine.data.sync.timeout = 10s (default)
2023-05-03 09:48:57,694 [om1-impl-thread1] INFO  server.RaftServerConfigKeys (ConfUtils.java:logGet(46)) - raft.server.log.statemachine.data.sync.timeout.retry = -1 (default)
2023-05-03 09:48:57,694 [om1-impl-thread1] INFO  server.RaftServerConfigKeys (ConfUtils.java:logGet(46)) - raft.server.log.write.buffer.size = 64KB (=65536) (default)
2023-05-03 09:48:57,694 [om1-impl-thread1] INFO  server.RaftServerConfigKeys (ConfUtils.java:logGet(46)) - raft.server.log.appender.buffer.byte-limit = 33554432 (custom)
2023-05-03 09:48:57,697 [om1-impl-thread1] INFO  server.RaftServerConfigKeys (ConfUtils.java:logGet(46)) - raft.server.log.unsafe-flush.enabled = false (default)
2023-05-03 09:48:57,697 [om1-impl-thread1] INFO  server.RaftServerConfigKeys (ConfUtils.java:logGet(46)) - raft.server.log.async-flush.enabled = false (default)
2023-05-03 09:48:57,697 [om1-impl-thread1] INFO  server.RaftServerConfigKeys (ConfUtils.java:logGet(46)) - raft.server.log.statemachine.data.caching.enabled = false (default)
2023-05-03 09:48:57,697 [om1-impl-thread1] INFO  segmented.SegmentedRaftLogWorker (SegmentedRaftLogWorker.java:lambda$new$0(135)) - om1@group-C5BA1605619E-SegmentedRaftLogWorker: flushIndex: setUnconditionally 0 -> -1
2023-05-03 09:48:57,697 [om1-impl-thread1] INFO  segmented.SegmentedRaftLogWorker (SegmentedRaftLogWorker.java:lambda$new$0(135)) - om1@group-C5BA1605619E-SegmentedRaftLogWorker: safeCacheEvictIndex: setUnconditionally 0 -> -1
2023-05-03 09:48:57,697 [om1-impl-thread1] INFO  server.RaftServer$Division (RaftServerImpl.java:start(334)) - om1@group-C5BA1605619E: start as a follower, conf=-1: peers:[om1|rpc:localhost:9872|priority:0|startupRole:FOLLOWER]|listeners:[], old=null
2023-05-03 09:48:57,697 [om1-impl-thread1] INFO  server.RaftServer$Division (RaftServerImpl.java:setRole(321)) - om1@group-C5BA1605619E: changes role from      null to FOLLOWER at term 0 for startAsFollower
2023-05-03 09:48:57,697 [om1-impl-thread1] INFO  impl.RoleInfo (RoleInfo.java:updateAndGet(139)) - om1: start om1@group-C5BA1605619E-FollowerState
2023-05-03 09:48:57,697 [om1@group-C5BA1605619E-FollowerState] INFO  server.RaftServerConfigKeys (ConfUtils.java:logFallback(53)) - raft.server.rpc.first-election.timeout.min = 1s (fallback to raft.server.rpc.timeout.min)
2023-05-03 09:48:57,697 [om1-impl-thread1] INFO  util.JmxRegister (JmxRegister.java:tryRegister(44)) - Successfully registered JMX Bean with object name Ratis:service=RaftServer,group=group-C5BA1605619E,id=om1
2023-05-03 09:48:57,697 [om1@group-C5BA1605619E-FollowerState] INFO  server.RaftServerConfigKeys (ConfUtils.java:logFallback(53)) - raft.server.rpc.first-election.timeout.max = 1200ms (fallback to raft.server.rpc.timeout.max)
2023-05-03 09:48:57,698 [om1-impl-thread1] INFO  server.RaftServerConfigKeys (ConfUtils.java:logGet(46)) - raft.server.snapshot.auto.trigger.enabled = true (custom)
2023-05-03 09:48:57,698 [om1-impl-thread1] INFO  server.RaftServerConfigKeys (ConfUtils.java:logGet(46)) - raft.server.snapshot.auto.trigger.threshold = 400000 (default)
2023-05-03 09:48:57,698 [om1-impl-thread1] INFO  server.RaftServerConfigKeys (ConfUtils.java:logGet(46)) - raft.server.snapshot.retention.file.num = -1 (default)
2023-05-03 09:48:57,698 [om1-impl-thread1] INFO  server.RaftServerConfigKeys (ConfUtils.java:logGet(46)) - raft.server.log.purge.upto.snapshot.index = true (custom)
2023-05-03 09:48:57,698 [Listener at 127.0.0.1/33547] INFO  server.RaftServer (RaftServerProxy.java:startImpl(393)) - om1: start RPC server
2023-05-03 09:48:57,699 [Listener at 127.0.0.1/33547] INFO  server.GrpcService (GrpcService.java:startImpl(262)) - om1: GrpcService started, listening on 9872
2023-05-03 09:48:57,699 [Listener at 127.0.0.1/33547] INFO  om.OzoneManager (OzoneManager.java:start(1590)) - Version File has different layout version (4) than OM DB (null). That is expected if this OM has never been finalized to a newer layout version.
2023-05-03 09:48:57,699 [JvmPauseMonitor25] INFO  util.JvmPauseMonitor (JvmPauseMonitor.java:run(105)) - JvmPauseMonitor-om1: Started
2023-05-03 09:48:57,703 [Listener at 127.0.0.1/33547] INFO  http.BaseHttpServer (BaseHttpServer.java:newHttpServer2BuilderForOzone(224)) - Starting Web-server for ozoneManager at: http://0.0.0.0:0
2023-05-03 09:48:57,703 [Listener at 127.0.0.1/33547] INFO  http.BaseHttpServer (BaseHttpServer.java:<init>(111)) - Hadoop Security Enabled: false Ozone Security Enabled: false Ozone HTTP Security Enabled: false 
2023-05-03 09:48:57,704 [Listener at 127.0.0.1/33547] WARN  server.AuthenticationFilter (AuthenticationFilter.java:constructSecretProvider(240)) - Unable to initialize FileSignerSecretProvider, falling back to use random secrets. Reason: Could not read signature secret file: /home/runner/hadoop-http-auth-signature-secret
2023-05-03 09:48:57,706 [Listener at 127.0.0.1/33547] INFO  http.HttpRequestLog (HttpRequestLog.java:getRequestLog(86)) - Http request log for http.requests.ozoneManager is not defined
2023-05-03 09:48:57,706 [Listener at 127.0.0.1/33547] INFO  http.HttpServer2 (HttpServer2.java:addGlobalFilter(1031)) - Added global filter 'safety' (class=org.apache.hadoop.hdds.server.http.HttpServer2$QuotingInputFilter)
2023-05-03 09:48:57,711 [Listener at 127.0.0.1/33547] INFO  http.HttpServer2 (HttpServer2.java:addFilter(1007)) - Added filter static_user_filter (class=org.apache.hadoop.http.lib.StaticUserWebFilter$StaticUserFilter) to context ozoneManager
2023-05-03 09:48:57,711 [Listener at 127.0.0.1/33547] INFO  http.HttpServer2 (HttpServer2.java:addFilter(1015)) - Added filter static_user_filter (class=org.apache.hadoop.http.lib.StaticUserWebFilter$StaticUserFilter) to context static
2023-05-03 09:48:57,711 [Listener at 127.0.0.1/33547] INFO  http.HttpServer2 (HttpServer2.java:addFilter(1015)) - Added filter static_user_filter (class=org.apache.hadoop.http.lib.StaticUserWebFilter$StaticUserFilter) to context logs
2023-05-03 09:48:57,711 [Listener at 127.0.0.1/33547] INFO  http.BaseHttpServer (BaseHttpServer.java:<init>(190)) - HTTP server of ozoneManager uses base directory /home/runner/work/ozone/ozone/hadoop-ozone/integration-test/target/test-dir/MiniOzoneClusterImpl-42c2526b-3b93-44e4-b696-93ac236191fb/ozone-meta/webserver
2023-05-03 09:48:57,711 [Listener at 127.0.0.1/33547] INFO  http.HttpServer2 (HttpServer2.java:bindListener(1250)) - Jetty bound to port 38269
2023-05-03 09:48:57,711 [Listener at 127.0.0.1/33547] INFO  server.Server (Server.java:doStart(375)) - jetty-9.4.51.v20230217; built: 2023-02-17T08:19:37.309Z; git: b45c405e4544384de066f814ed42ae3dceacdd49; jvm 1.8.0_362-b09
2023-05-03 09:48:57,718 [Listener at 127.0.0.1/33547] INFO  server.session (DefaultSessionIdManager.java:doStart(334)) - DefaultSessionIdManager workerName=node0
2023-05-03 09:48:57,718 [Listener at 127.0.0.1/33547] INFO  server.session (DefaultSessionIdManager.java:doStart(339)) - No SessionScavenger set, using defaults
2023-05-03 09:48:57,718 [Listener at 127.0.0.1/33547] INFO  server.session (HouseKeeper.java:startScavenging(132)) - node0 Scavenging every 660000ms
2023-05-03 09:48:57,719 [Listener at 127.0.0.1/33547] INFO  handler.ContextHandler (ContextHandler.java:doStart(921)) - Started o.e.j.s.ServletContextHandler@2805dc1e{logs,/logs,file:///home/runner/work/ozone/ozone/hadoop-ozone/integration-test/target/log,AVAILABLE}
2023-05-03 09:48:57,719 [Listener at 127.0.0.1/33547] INFO  handler.ContextHandler (ContextHandler.java:doStart(921)) - Started o.e.j.s.ServletContextHandler@542139a1{static,/static,file:///home/runner/work/ozone/ozone/hadoop-ozone/integration-test/target/test-classes/webapps/static,AVAILABLE}
2023-05-03 09:48:57,721 [Listener at 127.0.0.1/33547] INFO  handler.ContextHandler (ContextHandler.java:doStart(921)) - Started o.e.j.w.WebAppContext@49607921{ozoneManager,/,file:///home/runner/work/ozone/ozone/hadoop-ozone/integration-test/target/test-classes/webapps/ozoneManager/,AVAILABLE}{file:/home/runner/work/ozone/ozone/hadoop-ozone/integration-test/target/test-classes/webapps/ozoneManager}
2023-05-03 09:48:57,722 [Listener at 127.0.0.1/33547] INFO  server.AbstractConnector (AbstractConnector.java:doStart(333)) - Started ServerConnector@78a750a{HTTP/1.1, (http/1.1)}{0.0.0.0:38269}
2023-05-03 09:48:57,722 [Listener at 127.0.0.1/33547] INFO  server.Server (Server.java:doStart(415)) - Started @180847ms
2023-05-03 09:48:57,722 [Listener at 127.0.0.1/33547] WARN  impl.MetricsSystemImpl (MetricsSystemImpl.java:register(279)) - Sink prometheus already exists!
2023-05-03 09:48:57,722 [Listener at 127.0.0.1/33547] INFO  http.BaseHttpServer (BaseHttpServer.java:updateConnectorAddress(344)) - HTTP server of ozoneManager listening at http://0.0.0.0:38269
2023-05-03 09:48:57,722 [IPC Server Responder] INFO  ipc.Server (Server.java:run(1558)) - IPC Server Responder: starting
2023-05-03 09:48:57,723 [IPC Server listener on 0] INFO  ipc.Server (Server.java:run(1398)) - IPC Server listener on 0: starting
2023-05-03 09:48:57,728 [Listener at 127.0.0.1/33547] INFO  om.OzoneManager (OzoneManager.java:startTrashEmptier(2050)) - Trash Interval set to 0. Files deleted won't move to trash
2023-05-03 09:48:57,733 [org.apache.hadoop.util.JvmPauseMonitor$Monitor@7a32f62] INFO  util.JvmPauseMonitor (JvmPauseMonitor.java:run(188)) - Starting JVM pause monitor
2023-05-03 09:48:57,744 [Listener at 127.0.0.1/33547] WARN  impl.MetricRegistriesImpl (MetricRegistriesImpl.java:addReporterRegistration(111)) - New reporters are added after registries were created. Some metrics will be missing from the reporter. Please add reporter before adding any new registry.
2023-05-03 09:48:57,744 [Listener at 127.0.0.1/33547] WARN  impl.MetricRegistriesImpl (MetricRegistriesImpl.java:addReporterRegistration(111)) - New reporters are added after registries were created. Some metrics will be missing from the reporter. Please add reporter before adding any new registry.
2023-05-03 09:48:57,744 [Listener at 127.0.0.1/33547] INFO  impl.MetricsSystemImpl (MetricsSystemImpl.java:init(158)) - HddsDatanode metrics system started (again)
2023-05-03 09:48:57,756 [Listener at 127.0.0.1/33547] INFO  ozone.HddsDatanodeService (HddsDatanodeService.java:start(252)) - HddsDatanodeService host:fv-az139-793.t0dryja4c43urhy2nvp0adewnd.cx.internal.cloudapp.net ip:10.1.0.194
2023-05-03 09:48:57,785 [Listener at 127.0.0.1/33547] INFO  upgrade.AbstractLayoutVersionManager (AbstractLayoutVersionManager.java:init(83)) - Initializing Layout version manager with metadata layout = WEBUI_PORTS_IN_DATANODEDETAILS (version = 6), software layout = WEBUI_PORTS_IN_DATANODEDETAILS (version = 6)
2023-05-03 09:48:57,832 [Listener at 127.0.0.1/33547] INFO  reflections.Reflections (Reflections.java:scan(232)) - Reflections took 46 ms to scan 7 urls, producing 156 keys and 369 values 
2023-05-03 09:48:57,833 [Listener at 127.0.0.1/33547] INFO  statemachine.DatanodeStateMachine (DatanodeStateMachine.java:getEndPointTaskThreadPoolSize(262)) - Datanode State Machine Task Thread Pool size 2
2023-05-03 09:48:57,834 [Listener at 127.0.0.1/33547] INFO  volume.HddsVolume (HddsVolume.java:<init>(130)) - Creating HddsVolume: /home/runner/work/ozone/ozone/hadoop-ozone/integration-test/target/test-dir/MiniOzoneClusterImpl-42c2526b-3b93-44e4-b696-93ac236191fb/datanode-0/data-0/containers/hdds of storage type : DISK capacity : 9223372036854775807
2023-05-03 09:48:57,834 [Listener at 127.0.0.1/33547] INFO  volume.MutableVolumeSet (MutableVolumeSet.java:initializeVolumeSet(175)) - Added Volume : /home/runner/work/ozone/ozone/hadoop-ozone/integration-test/target/test-dir/MiniOzoneClusterImpl-42c2526b-3b93-44e4-b696-93ac236191fb/datanode-0/data-0/containers/hdds to VolumeSet
2023-05-03 09:48:57,834 [Listener at 127.0.0.1/33547] INFO  volume.ThrottledAsyncChecker (ThrottledAsyncChecker.java:schedule(141)) - Scheduling a check for /home/runner/work/ozone/ozone/hadoop-ozone/integration-test/target/test-dir/MiniOzoneClusterImpl-42c2526b-3b93-44e4-b696-93ac236191fb/datanode-0/data-0/containers/hdds
2023-05-03 09:48:57,835 [Listener at 127.0.0.1/33547] INFO  volume.StorageVolumeChecker (StorageVolumeChecker.java:checkAllVolumes(202)) - Scheduled health check for volume /home/runner/work/ozone/ozone/hadoop-ozone/integration-test/target/test-dir/MiniOzoneClusterImpl-42c2526b-3b93-44e4-b696-93ac236191fb/datanode-0/data-0/containers/hdds
2023-05-03 09:48:57,846 [Listener at 127.0.0.1/33547] INFO  volume.MutableVolumeSet (MutableVolumeSet.java:initializeVolumeSet(175)) - Added Volume : /home/runner/work/ozone/ozone/hadoop-ozone/integration-test/target/test-dir/MiniOzoneClusterImpl-42c2526b-3b93-44e4-b696-93ac236191fb/datanode-0/data/ratis to VolumeSet
2023-05-03 09:48:57,846 [Listener at 127.0.0.1/33547] INFO  volume.ThrottledAsyncChecker (ThrottledAsyncChecker.java:schedule(141)) - Scheduling a check for /home/runner/work/ozone/ozone/hadoop-ozone/integration-test/target/test-dir/MiniOzoneClusterImpl-42c2526b-3b93-44e4-b696-93ac236191fb/datanode-0/data/ratis
2023-05-03 09:48:57,846 [Listener at 127.0.0.1/33547] INFO  volume.StorageVolumeChecker (StorageVolumeChecker.java:checkAllVolumes(202)) - Scheduled health check for volume /home/runner/work/ozone/ozone/hadoop-ozone/integration-test/target/test-dir/MiniOzoneClusterImpl-42c2526b-3b93-44e4-b696-93ac236191fb/datanode-0/data/ratis
2023-05-03 09:48:57,856 [Thread-2450] INFO  ozoneimpl.ContainerReader (ContainerReader.java:readVolume(175)) - Finish verifying containers on volume /home/runner/work/ozone/ozone/hadoop-ozone/integration-test/target/test-dir/MiniOzoneClusterImpl-42c2526b-3b93-44e4-b696-93ac236191fb/datanode-0/data-0/containers/hdds
2023-05-03 09:48:57,856 [Listener at 127.0.0.1/33547] INFO  ozoneimpl.OzoneContainer (OzoneContainer.java:buildContainerSet(303)) - Build ContainerSet costs 0s
2023-05-03 09:48:57,857 [Listener at 127.0.0.1/33547] INFO  server.RaftServer (ConfUtils.java:logGet(46)) - raft.rpc.type = GRPC (default)
2023-05-03 09:48:57,857 [Listener at 127.0.0.1/33547] INFO  grpc.GrpcConfigKeys (ConfUtils.java:logFallback(53)) - raft.grpc.admin.host = null (fallback to raft.grpc.server.host)
2023-05-03 09:48:57,858 [Listener at 127.0.0.1/33547] INFO  grpc.GrpcConfigKeys (ConfUtils.java:logGet(46)) - raft.grpc.admin.port = 0 (custom)
2023-05-03 09:48:57,858 [Listener at 127.0.0.1/33547] INFO  grpc.GrpcConfigKeys (ConfUtils.java:logFallback(53)) - raft.grpc.client.host = null (fallback to raft.grpc.server.host)
2023-05-03 09:48:57,858 [Listener at 127.0.0.1/33547] INFO  grpc.GrpcConfigKeys (ConfUtils.java:logGet(46)) - raft.grpc.client.port = 0 (custom)
2023-05-03 09:48:57,858 [Listener at 127.0.0.1/33547] INFO  grpc.GrpcConfigKeys (ConfUtils.java:logGet(46)) - raft.grpc.server.host = null (default)
2023-05-03 09:48:57,858 [Listener at 127.0.0.1/33547] INFO  grpc.GrpcConfigKeys (ConfUtils.java:logGet(46)) - raft.grpc.server.port = 0 (default)
2023-05-03 09:48:57,858 [Listener at 127.0.0.1/33547] INFO  server.GrpcService (ConfUtils.java:logGet(46)) - raft.grpc.message.size.max = 32MB (=33554432) (custom)
2023-05-03 09:48:57,858 [Listener at 127.0.0.1/33547] INFO  server.RaftServerConfigKeys (ConfUtils.java:logGet(46)) - raft.server.log.appender.buffer.byte-limit = 33554432 (custom)
2023-05-03 09:48:57,858 [Listener at 127.0.0.1/33547] INFO  server.GrpcService (ConfUtils.java:logGet(46)) - raft.grpc.flow.control.window = 5MB (=5242880) (custom)
2023-05-03 09:48:57,858 [Listener at 127.0.0.1/33547] INFO  server.RaftServerConfigKeys (ConfUtils.java:logGet(46)) - raft.server.rpc.request.timeout = 60s (custom)
2023-05-03 09:48:57,858 [Listener at 127.0.0.1/33547] INFO  grpc.GrpcConfigKeys (ConfUtils.java:logGet(46)) - raft.grpc.server.heartbeat.channel = true (default)
2023-05-03 09:48:57,858 [Listener at 127.0.0.1/33547] INFO  grpc.GrpcConfigKeys (ConfUtils.java:logGet(46)) - raft.grpc.server.async.request.thread.pool.cached = true (default)
2023-05-03 09:48:57,858 [Listener at 127.0.0.1/33547] INFO  grpc.GrpcConfigKeys (ConfUtils.java:logGet(46)) - raft.grpc.server.async.request.thread.pool.size = 32 (default)
2023-05-03 09:48:57,925 [Listener at 127.0.0.1/33547] INFO  impl.DataStreamServerImpl (ConfUtils.java:logGet(46)) - raft.datastream.type = NETTY (custom)
2023-05-03 09:48:57,925 [Listener at 127.0.0.1/33547] INFO  server.RaftServerConfigKeys (ConfUtils.java:logGet(46)) - raft.server.data-stream.async.request.thread.pool.cached = false (default)
2023-05-03 09:48:57,925 [Listener at 127.0.0.1/33547] INFO  server.RaftServerConfigKeys (ConfUtils.java:logGet(46)) - raft.server.data-stream.async.request.thread.pool.size = 20 (custom)
2023-05-03 09:48:57,925 [Listener at 127.0.0.1/33547] INFO  server.RaftServerConfigKeys (ConfUtils.java:logGet(46)) - raft.server.data-stream.async.write.thread.pool.size = 16 (default)
2023-05-03 09:48:57,925 [Listener at 127.0.0.1/33547] INFO  server.RaftServerConfigKeys (ConfUtils.java:logGet(46)) - raft.server.data-stream.client.pool.size = 10 (default)
2023-05-03 09:48:57,925 [Listener at 127.0.0.1/33547] INFO  netty.NettyConfigKeys$DataStream (ConfUtils.java:logGet(46)) - raft.netty.dataStream.server.use-epoll = false (default)
2023-05-03 09:48:57,926 [Listener at 127.0.0.1/33547] INFO  netty.NettyConfigKeys$DataStream (ConfUtils.java:logGet(46)) - raft.netty.dataStream.server.boss-group.size = 0 (default)
2023-05-03 09:48:57,926 [Listener at 127.0.0.1/33547] INFO  netty.NettyConfigKeys$DataStream (ConfUtils.java:logGet(46)) - raft.netty.dataStream.server.worker-group.size = 0 (default)
2023-05-03 09:48:57,926 [Listener at 127.0.0.1/33547] INFO  netty.NettyConfigKeys$DataStream (ConfUtils.java:logGet(46)) - raft.netty.dataStream.server.tls.conf = null (default)
2023-05-03 09:48:57,926 [Listener at 127.0.0.1/33547] INFO  netty.NettyConfigKeys$DataStream (ConfUtils.java:logGet(46)) - raft.netty.dataStream.host = null (default)
2023-05-03 09:48:57,926 [Listener at 127.0.0.1/33547] INFO  netty.NettyConfigKeys$DataStream (ConfUtils.java:logGet(46)) - raft.netty.dataStream.port = 0 (default)
2023-05-03 09:48:57,929 [Listener at 127.0.0.1/33547] INFO  server.RaftServerConfigKeys (ConfUtils.java:logGet(46)) - raft.server.threadpool.proxy.cached = true (default)
2023-05-03 09:48:57,929 [Listener at 127.0.0.1/33547] INFO  server.RaftServerConfigKeys (ConfUtils.java:logGet(46)) - raft.server.threadpool.proxy.size = 0 (default)
2023-05-03 09:48:57,929 [Listener at 127.0.0.1/33547] INFO  server.RaftServerConfigKeys (ConfUtils.java:logGet(46)) - raft.server.rpc.slowness.timeout = 300s (custom)
2023-05-03 09:48:57,929 [Listener at 127.0.0.1/33547] INFO  server.RaftServerConfigKeys (ConfUtils.java:logGet(46)) - raft.server.leaderelection.leader.step-down.wait-time = 10s (default)
2023-05-03 09:48:57,929 [Listener at 127.0.0.1/33547] INFO  server.RaftServerConfigKeys (ConfUtils.java:logGet(46)) - raft.server.storage.dir = [/home/runner/work/ozone/ozone/hadoop-ozone/integration-test/target/test-dir/MiniOzoneClusterImpl-42c2526b-3b93-44e4-b696-93ac236191fb/datanode-0/data/ratis] (custom)
2023-05-03 09:48:57,930 [2944b27d-a262-4302-b37f-3bbf75b1a053-NettyServerStreamRpc-bossGroup--thread1] INFO  logging.LoggingHandler (AbstractInternalLogger.java:log(148)) - [id: 0x5cb4b560] REGISTERED
2023-05-03 09:48:57,930 [2944b27d-a262-4302-b37f-3bbf75b1a053-NettyServerStreamRpc-bossGroup--thread1] INFO  logging.LoggingHandler (AbstractInternalLogger.java:log(148)) - [id: 0x5cb4b560] BIND: 0.0.0.0/0.0.0.0:0
2023-05-03 09:48:57,930 [2944b27d-a262-4302-b37f-3bbf75b1a053-NettyServerStreamRpc-bossGroup--thread1] INFO  logging.LoggingHandler (AbstractInternalLogger.java:log(148)) - [id: 0x5cb4b560, L:/0:0:0:0:0:0:0:0:32901] ACTIVE
2023-05-03 09:48:57,931 [Listener at 127.0.0.1/33547] INFO  server.XceiverServerGrpc (XceiverServerGrpc.java:<init>(132)) - GrpcServer channel type EpollServerSocketChannel
2023-05-03 09:48:57,937 [Listener at 127.0.0.1/33547] INFO  http.BaseHttpServer (BaseHttpServer.java:newHttpServer2BuilderForOzone(224)) - Starting Web-server for hddsDatanode at: http://0.0.0.0:0
2023-05-03 09:48:57,937 [Listener at 127.0.0.1/33547] INFO  http.BaseHttpServer (BaseHttpServer.java:<init>(111)) - Hadoop Security Enabled: false Ozone Security Enabled: false Ozone HTTP Security Enabled: false 
2023-05-03 09:48:57,938 [Listener at 127.0.0.1/33547] WARN  server.AuthenticationFilter (AuthenticationFilter.java:constructSecretProvider(240)) - Unable to initialize FileSignerSecretProvider, falling back to use random secrets. Reason: Could not read signature secret file: /home/runner/hadoop-http-auth-signature-secret
2023-05-03 09:48:57,938 [Listener at 127.0.0.1/33547] INFO  http.HttpRequestLog (HttpRequestLog.java:getRequestLog(86)) - Http request log for http.requests.hddsDatanode is not defined
2023-05-03 09:48:57,939 [Listener at 127.0.0.1/33547] INFO  http.HttpServer2 (HttpServer2.java:addGlobalFilter(1031)) - Added global filter 'safety' (class=org.apache.hadoop.hdds.server.http.HttpServer2$QuotingInputFilter)
2023-05-03 09:48:57,939 [Listener at 127.0.0.1/33547] INFO  http.HttpServer2 (HttpServer2.java:addFilter(1007)) - Added filter static_user_filter (class=org.apache.hadoop.http.lib.StaticUserWebFilter$StaticUserFilter) to context hddsDatanode
2023-05-03 09:48:57,940 [Listener at 127.0.0.1/33547] INFO  http.HttpServer2 (HttpServer2.java:addFilter(1015)) - Added filter static_user_filter (class=org.apache.hadoop.http.lib.StaticUserWebFilter$StaticUserFilter) to context static
2023-05-03 09:48:57,940 [Listener at 127.0.0.1/33547] INFO  http.HttpServer2 (HttpServer2.java:addFilter(1015)) - Added filter static_user_filter (class=org.apache.hadoop.http.lib.StaticUserWebFilter$StaticUserFilter) to context logs
2023-05-03 09:48:57,940 [Listener at 127.0.0.1/33547] INFO  http.BaseHttpServer (BaseHttpServer.java:<init>(190)) - HTTP server of hddsDatanode uses base directory /home/runner/work/ozone/ozone/hadoop-ozone/integration-test/target/test-dir/MiniOzoneClusterImpl-42c2526b-3b93-44e4-b696-93ac236191fb/datanode-0/meta/webserver
2023-05-03 09:48:57,940 [Listener at 127.0.0.1/33547] INFO  http.HttpServer2 (HttpServer2.java:bindListener(1250)) - Jetty bound to port 33653
2023-05-03 09:48:57,940 [Listener at 127.0.0.1/33547] INFO  server.Server (Server.java:doStart(375)) - jetty-9.4.51.v20230217; built: 2023-02-17T08:19:37.309Z; git: b45c405e4544384de066f814ed42ae3dceacdd49; jvm 1.8.0_362-b09
2023-05-03 09:48:57,941 [Listener at 127.0.0.1/33547] INFO  server.session (DefaultSessionIdManager.java:doStart(334)) - DefaultSessionIdManager workerName=node0
2023-05-03 09:48:57,941 [Listener at 127.0.0.1/33547] INFO  server.session (DefaultSessionIdManager.java:doStart(339)) - No SessionScavenger set, using defaults
2023-05-03 09:48:57,942 [Listener at 127.0.0.1/33547] INFO  server.session (HouseKeeper.java:startScavenging(132)) - node0 Scavenging every 600000ms
2023-05-03 09:48:57,942 [Listener at 127.0.0.1/33547] INFO  handler.ContextHandler (ContextHandler.java:doStart(921)) - Started o.e.j.s.ServletContextHandler@56981332{logs,/logs,file:///home/runner/work/ozone/ozone/hadoop-ozone/integration-test/target/log,AVAILABLE}
2023-05-03 09:48:57,942 [Listener at 127.0.0.1/33547] INFO  handler.ContextHandler (ContextHandler.java:doStart(921)) - Started o.e.j.s.ServletContextHandler@275314f3{static,/static,jar:file:/home/runner/.m2/repository/org/apache/ozone/hdds-container-service/1.4.0-SNAPSHOT/hdds-container-service-1.4.0-SNAPSHOT.jar!/webapps/static,AVAILABLE}
2023-05-03 09:48:58,140 [Listener at 127.0.0.1/33547] INFO  handler.ContextHandler (ContextHandler.java:doStart(921)) - Started o.e.j.w.WebAppContext@208e9540{hddsDatanode,/,file:///home/runner/work/ozone/ozone/hadoop-ozone/integration-test/target/test-dir/MiniOzoneClusterImpl-42c2526b-3b93-44e4-b696-93ac236191fb/datanode-0/meta/webserver/jetty-0_0_0_0-33653-hdds-container-service-1_4_0-SNAPSHOT_jar-_-any-587709786764626493/webapp/,AVAILABLE}{jar:file:/home/runner/.m2/repository/org/apache/ozone/hdds-container-service/1.4.0-SNAPSHOT/hdds-container-service-1.4.0-SNAPSHOT.jar!/webapps/hddsDatanode}
2023-05-03 09:48:58,141 [Listener at 127.0.0.1/33547] INFO  server.AbstractConnector (AbstractConnector.java:doStart(333)) - Started ServerConnector@577aaca7{HTTP/1.1, (http/1.1)}{0.0.0.0:33653}
2023-05-03 09:48:58,141 [Listener at 127.0.0.1/33547] INFO  server.Server (Server.java:doStart(415)) - Started @181266ms
2023-05-03 09:48:58,141 [Listener at 127.0.0.1/33547] WARN  impl.MetricsSystemImpl (MetricsSystemImpl.java:register(279)) - Sink prometheus already exists!
2023-05-03 09:48:58,141 [Listener at 127.0.0.1/33547] INFO  http.BaseHttpServer (BaseHttpServer.java:updateConnectorAddress(344)) - HTTP server of hddsDatanode listening at http://0.0.0.0:33653
2023-05-03 09:48:58,142 [Datanode State Machine Daemon Thread] INFO  statemachine.DatanodeStateMachine (DatanodeStateMachine.java:lambda$startDaemon$0(519)) - Ozone container server started.
2023-05-03 09:48:58,142 [Listener at 127.0.0.1/33547] WARN  impl.MetricRegistriesImpl (MetricRegistriesImpl.java:addReporterRegistration(111)) - New reporters are added after registries were created. Some metrics will be missing from the reporter. Please add reporter before adding any new registry.
2023-05-03 09:48:58,142 [Listener at 127.0.0.1/33547] WARN  impl.MetricRegistriesImpl (MetricRegistriesImpl.java:addReporterRegistration(111)) - New reporters are added after registries were created. Some metrics will be missing from the reporter. Please add reporter before adding any new registry.
2023-05-03 09:48:58,142 [Listener at 127.0.0.1/33547] INFO  impl.MetricsSystemImpl (MetricsSystemImpl.java:init(158)) - HddsDatanode metrics system started (again)
2023-05-03 09:48:58,152 [Listener at 127.0.0.1/33547] INFO  ozone.HddsDatanodeService (HddsDatanodeService.java:start(252)) - HddsDatanodeService host:fv-az139-793.t0dryja4c43urhy2nvp0adewnd.cx.internal.cloudapp.net ip:10.1.0.194
2023-05-03 09:48:58,153 [org.apache.hadoop.util.JvmPauseMonitor$Monitor@5c0a10c0] INFO  util.JvmPauseMonitor (JvmPauseMonitor.java:run(188)) - Starting JVM pause monitor
2023-05-03 09:48:58,166 [Datanode State Machine Task Thread - 0] INFO  datanode.InitDatanodeState (InitDatanodeState.java:persistContainerDatanodeDetails(138)) - DatanodeDetails is persisted to /home/runner/work/ozone/ozone/hadoop-ozone/integration-test/target/test-dir/MiniOzoneClusterImpl-42c2526b-3b93-44e4-b696-93ac236191fb/datanode-0/meta/datanode.id
2023-05-03 09:48:58,173 [Listener at 127.0.0.1/33547] INFO  upgrade.AbstractLayoutVersionManager (AbstractLayoutVersionManager.java:init(83)) - Initializing Layout version manager with metadata layout = WEBUI_PORTS_IN_DATANODEDETAILS (version = 6), software layout = WEBUI_PORTS_IN_DATANODEDETAILS (version = 6)
2023-05-03 09:48:58,217 [Listener at 127.0.0.1/33547] INFO  reflections.Reflections (Reflections.java:scan(232)) - Reflections took 44 ms to scan 7 urls, producing 156 keys and 369 values 
2023-05-03 09:48:58,218 [Listener at 127.0.0.1/33547] INFO  statemachine.DatanodeStateMachine (DatanodeStateMachine.java:getEndPointTaskThreadPoolSize(262)) - Datanode State Machine Task Thread Pool size 2
2023-05-03 09:48:58,219 [Listener at 127.0.0.1/33547] INFO  volume.HddsVolume (HddsVolume.java:<init>(130)) - Creating HddsVolume: /home/runner/work/ozone/ozone/hadoop-ozone/integration-test/target/test-dir/MiniOzoneClusterImpl-42c2526b-3b93-44e4-b696-93ac236191fb/datanode-1/data-0/containers/hdds of storage type : DISK capacity : 9223372036854775807
2023-05-03 09:48:58,220 [Listener at 127.0.0.1/33547] INFO  volume.MutableVolumeSet (MutableVolumeSet.java:initializeVolumeSet(175)) - Added Volume : /home/runner/work/ozone/ozone/hadoop-ozone/integration-test/target/test-dir/MiniOzoneClusterImpl-42c2526b-3b93-44e4-b696-93ac236191fb/datanode-1/data-0/containers/hdds to VolumeSet
2023-05-03 09:48:58,220 [Listener at 127.0.0.1/33547] INFO  volume.ThrottledAsyncChecker (ThrottledAsyncChecker.java:schedule(141)) - Scheduling a check for /home/runner/work/ozone/ozone/hadoop-ozone/integration-test/target/test-dir/MiniOzoneClusterImpl-42c2526b-3b93-44e4-b696-93ac236191fb/datanode-1/data-0/containers/hdds
2023-05-03 09:48:58,220 [Listener at 127.0.0.1/33547] INFO  volume.StorageVolumeChecker (StorageVolumeChecker.java:checkAllVolumes(202)) - Scheduled health check for volume /home/runner/work/ozone/ozone/hadoop-ozone/integration-test/target/test-dir/MiniOzoneClusterImpl-42c2526b-3b93-44e4-b696-93ac236191fb/datanode-1/data-0/containers/hdds
2023-05-03 09:48:58,230 [Listener at 127.0.0.1/33547] INFO  volume.MutableVolumeSet (MutableVolumeSet.java:initializeVolumeSet(175)) - Added Volume : /home/runner/work/ozone/ozone/hadoop-ozone/integration-test/target/test-dir/MiniOzoneClusterImpl-42c2526b-3b93-44e4-b696-93ac236191fb/datanode-1/data/ratis to VolumeSet
2023-05-03 09:48:58,230 [Listener at 127.0.0.1/33547] INFO  volume.ThrottledAsyncChecker (ThrottledAsyncChecker.java:schedule(141)) - Scheduling a check for /home/runner/work/ozone/ozone/hadoop-ozone/integration-test/target/test-dir/MiniOzoneClusterImpl-42c2526b-3b93-44e4-b696-93ac236191fb/datanode-1/data/ratis
2023-05-03 09:48:58,230 [Listener at 127.0.0.1/33547] INFO  volume.StorageVolumeChecker (StorageVolumeChecker.java:checkAllVolumes(202)) - Scheduled health check for volume /home/runner/work/ozone/ozone/hadoop-ozone/integration-test/target/test-dir/MiniOzoneClusterImpl-42c2526b-3b93-44e4-b696-93ac236191fb/datanode-1/data/ratis
2023-05-03 09:48:58,241 [Thread-2464] INFO  ozoneimpl.ContainerReader (ContainerReader.java:readVolume(175)) - Finish verifying containers on volume /home/runner/work/ozone/ozone/hadoop-ozone/integration-test/target/test-dir/MiniOzoneClusterImpl-42c2526b-3b93-44e4-b696-93ac236191fb/datanode-1/data-0/containers/hdds
2023-05-03 09:48:58,241 [Listener at 127.0.0.1/33547] INFO  ozoneimpl.OzoneContainer (OzoneContainer.java:buildContainerSet(303)) - Build ContainerSet costs 0s
2023-05-03 09:48:58,242 [Listener at 127.0.0.1/33547] INFO  server.RaftServer (ConfUtils.java:logGet(46)) - raft.rpc.type = GRPC (default)
2023-05-03 09:48:58,243 [Listener at 127.0.0.1/33547] INFO  grpc.GrpcConfigKeys (ConfUtils.java:logFallback(53)) - raft.grpc.admin.host = null (fallback to raft.grpc.server.host)
2023-05-03 09:48:58,243 [Listener at 127.0.0.1/33547] INFO  grpc.GrpcConfigKeys (ConfUtils.java:logGet(46)) - raft.grpc.admin.port = 0 (custom)
2023-05-03 09:48:58,243 [Listener at 127.0.0.1/33547] INFO  grpc.GrpcConfigKeys (ConfUtils.java:logFallback(53)) - raft.grpc.client.host = null (fallback to raft.grpc.server.host)
2023-05-03 09:48:58,243 [Listener at 127.0.0.1/33547] INFO  grpc.GrpcConfigKeys (ConfUtils.java:logGet(46)) - raft.grpc.client.port = 0 (custom)
2023-05-03 09:48:58,243 [Listener at 127.0.0.1/33547] INFO  grpc.GrpcConfigKeys (ConfUtils.java:logGet(46)) - raft.grpc.server.host = null (default)
2023-05-03 09:48:58,243 [Listener at 127.0.0.1/33547] INFO  grpc.GrpcConfigKeys (ConfUtils.java:logGet(46)) - raft.grpc.server.port = 0 (default)
2023-05-03 09:48:58,243 [Listener at 127.0.0.1/33547] INFO  server.GrpcService (ConfUtils.java:logGet(46)) - raft.grpc.message.size.max = 32MB (=33554432) (custom)
2023-05-03 09:48:58,243 [Listener at 127.0.0.1/33547] INFO  server.RaftServerConfigKeys (ConfUtils.java:logGet(46)) - raft.server.log.appender.buffer.byte-limit = 33554432 (custom)
2023-05-03 09:48:58,243 [Listener at 127.0.0.1/33547] INFO  server.GrpcService (ConfUtils.java:logGet(46)) - raft.grpc.flow.control.window = 5MB (=5242880) (custom)
2023-05-03 09:48:58,243 [Listener at 127.0.0.1/33547] INFO  server.RaftServerConfigKeys (ConfUtils.java:logGet(46)) - raft.server.rpc.request.timeout = 60s (custom)
2023-05-03 09:48:58,243 [Listener at 127.0.0.1/33547] INFO  grpc.GrpcConfigKeys (ConfUtils.java:logGet(46)) - raft.grpc.server.heartbeat.channel = true (default)
2023-05-03 09:48:58,243 [Listener at 127.0.0.1/33547] INFO  grpc.GrpcConfigKeys (ConfUtils.java:logGet(46)) - raft.grpc.server.async.request.thread.pool.cached = true (default)
2023-05-03 09:48:58,243 [Listener at 127.0.0.1/33547] INFO  grpc.GrpcConfigKeys (ConfUtils.java:logGet(46)) - raft.grpc.server.async.request.thread.pool.size = 32 (default)
2023-05-03 09:48:58,244 [Listener at 127.0.0.1/33547] INFO  impl.DataStreamServerImpl (ConfUtils.java:logGet(46)) - raft.datastream.type = NETTY (custom)
2023-05-03 09:48:58,244 [Listener at 127.0.0.1/33547] INFO  server.RaftServerConfigKeys (ConfUtils.java:logGet(46)) - raft.server.data-stream.async.request.thread.pool.cached = false (default)
2023-05-03 09:48:58,244 [Listener at 127.0.0.1/33547] INFO  server.RaftServerConfigKeys (ConfUtils.java:logGet(46)) - raft.server.data-stream.async.request.thread.pool.size = 20 (custom)
2023-05-03 09:48:58,244 [Listener at 127.0.0.1/33547] INFO  server.RaftServerConfigKeys (ConfUtils.java:logGet(46)) - raft.server.data-stream.async.write.thread.pool.size = 16 (default)
2023-05-03 09:48:58,244 [Listener at 127.0.0.1/33547] INFO  server.RaftServerConfigKeys (ConfUtils.java:logGet(46)) - raft.server.data-stream.client.pool.size = 10 (default)
2023-05-03 09:48:58,244 [Listener at 127.0.0.1/33547] INFO  netty.NettyConfigKeys$DataStream (ConfUtils.java:logGet(46)) - raft.netty.dataStream.server.use-epoll = false (default)
2023-05-03 09:48:58,244 [Listener at 127.0.0.1/33547] INFO  netty.NettyConfigKeys$DataStream (ConfUtils.java:logGet(46)) - raft.netty.dataStream.server.boss-group.size = 0 (default)
2023-05-03 09:48:58,245 [Listener at 127.0.0.1/33547] INFO  netty.NettyConfigKeys$DataStream (ConfUtils.java:logGet(46)) - raft.netty.dataStream.server.worker-group.size = 0 (default)
2023-05-03 09:48:58,245 [Listener at 127.0.0.1/33547] INFO  netty.NettyConfigKeys$DataStream (ConfUtils.java:logGet(46)) - raft.netty.dataStream.server.tls.conf = null (default)
2023-05-03 09:48:58,245 [Listener at 127.0.0.1/33547] INFO  netty.NettyConfigKeys$DataStream (ConfUtils.java:logGet(46)) - raft.netty.dataStream.host = null (default)
2023-05-03 09:48:58,245 [Listener at 127.0.0.1/33547] INFO  netty.NettyConfigKeys$DataStream (ConfUtils.java:logGet(46)) - raft.netty.dataStream.port = 0 (default)
2023-05-03 09:48:58,245 [Listener at 127.0.0.1/33547] INFO  server.RaftServerConfigKeys (ConfUtils.java:logGet(46)) - raft.server.threadpool.proxy.cached = true (default)
2023-05-03 09:48:58,245 [Listener at 127.0.0.1/33547] INFO  server.RaftServerConfigKeys (ConfUtils.java:logGet(46)) - raft.server.threadpool.proxy.size = 0 (default)
2023-05-03 09:48:58,245 [Listener at 127.0.0.1/33547] INFO  server.RaftServerConfigKeys (ConfUtils.java:logGet(46)) - raft.server.rpc.slowness.timeout = 300s (custom)
2023-05-03 09:48:58,245 [Listener at 127.0.0.1/33547] INFO  server.RaftServerConfigKeys (ConfUtils.java:logGet(46)) - raft.server.leaderelection.leader.step-down.wait-time = 10s (default)
2023-05-03 09:48:58,245 [Listener at 127.0.0.1/33547] INFO  server.RaftServerConfigKeys (ConfUtils.java:logGet(46)) - raft.server.storage.dir = [/home/runner/work/ozone/ozone/hadoop-ozone/integration-test/target/test-dir/MiniOzoneClusterImpl-42c2526b-3b93-44e4-b696-93ac236191fb/datanode-1/data/ratis] (custom)
2023-05-03 09:48:58,247 [Listener at 127.0.0.1/33547] INFO  server.XceiverServerGrpc (XceiverServerGrpc.java:<init>(132)) - GrpcServer channel type EpollServerSocketChannel
2023-05-03 09:48:58,248 [Listener at 127.0.0.1/33547] INFO  http.BaseHttpServer (BaseHttpServer.java:newHttpServer2BuilderForOzone(224)) - Starting Web-server for hddsDatanode at: http://0.0.0.0:0
2023-05-03 09:48:58,248 [Listener at 127.0.0.1/33547] INFO  http.BaseHttpServer (BaseHttpServer.java:<init>(111)) - Hadoop Security Enabled: false Ozone Security Enabled: false Ozone HTTP Security Enabled: false 
2023-05-03 09:48:58,249 [Listener at 127.0.0.1/33547] WARN  server.AuthenticationFilter (AuthenticationFilter.java:constructSecretProvider(240)) - Unable to initialize FileSignerSecretProvider, falling back to use random secrets. Reason: Could not read signature secret file: /home/runner/hadoop-http-auth-signature-secret
2023-05-03 09:48:58,249 [1e33a790-1e4c-4469-b162-b9d936e0bfc3-NettyServerStreamRpc-bossGroup--thread1] INFO  logging.LoggingHandler (AbstractInternalLogger.java:log(148)) - [id: 0xc49d43c7] REGISTERED
2023-05-03 09:48:58,249 [1e33a790-1e4c-4469-b162-b9d936e0bfc3-NettyServerStreamRpc-bossGroup--thread1] INFO  logging.LoggingHandler (AbstractInternalLogger.java:log(148)) - [id: 0xc49d43c7] BIND: 0.0.0.0/0.0.0.0:0
2023-05-03 09:48:58,249 [1e33a790-1e4c-4469-b162-b9d936e0bfc3-NettyServerStreamRpc-bossGroup--thread1] INFO  logging.LoggingHandler (AbstractInternalLogger.java:log(148)) - [id: 0xc49d43c7, L:/0:0:0:0:0:0:0:0:45283] ACTIVE
2023-05-03 09:48:58,250 [Listener at 127.0.0.1/33547] INFO  http.HttpRequestLog (HttpRequestLog.java:getRequestLog(86)) - Http request log for http.requests.hddsDatanode is not defined
2023-05-03 09:48:58,250 [Listener at 127.0.0.1/33547] INFO  http.HttpServer2 (HttpServer2.java:addGlobalFilter(1031)) - Added global filter 'safety' (class=org.apache.hadoop.hdds.server.http.HttpServer2$QuotingInputFilter)
2023-05-03 09:48:58,251 [Listener at 127.0.0.1/33547] INFO  http.HttpServer2 (HttpServer2.java:addFilter(1007)) - Added filter static_user_filter (class=org.apache.hadoop.http.lib.StaticUserWebFilter$StaticUserFilter) to context hddsDatanode
2023-05-03 09:48:58,251 [Listener at 127.0.0.1/33547] INFO  http.HttpServer2 (HttpServer2.java:addFilter(1015)) - Added filter static_user_filter (class=org.apache.hadoop.http.lib.StaticUserWebFilter$StaticUserFilter) to context logs
2023-05-03 09:48:58,251 [Listener at 127.0.0.1/33547] INFO  http.HttpServer2 (HttpServer2.java:addFilter(1015)) - Added filter static_user_filter (class=org.apache.hadoop.http.lib.StaticUserWebFilter$StaticUserFilter) to context static
2023-05-03 09:48:58,251 [Listener at 127.0.0.1/33547] INFO  http.BaseHttpServer (BaseHttpServer.java:<init>(190)) - HTTP server of hddsDatanode uses base directory /home/runner/work/ozone/ozone/hadoop-ozone/integration-test/target/test-dir/MiniOzoneClusterImpl-42c2526b-3b93-44e4-b696-93ac236191fb/datanode-1/meta/webserver
2023-05-03 09:48:58,251 [Listener at 127.0.0.1/33547] INFO  http.HttpServer2 (HttpServer2.java:bindListener(1250)) - Jetty bound to port 39451
2023-05-03 09:48:58,251 [Listener at 127.0.0.1/33547] INFO  server.Server (Server.java:doStart(375)) - jetty-9.4.51.v20230217; built: 2023-02-17T08:19:37.309Z; git: b45c405e4544384de066f814ed42ae3dceacdd49; jvm 1.8.0_362-b09
2023-05-03 09:48:58,252 [Listener at 127.0.0.1/33547] INFO  server.session (DefaultSessionIdManager.java:doStart(334)) - DefaultSessionIdManager workerName=node0
2023-05-03 09:48:58,252 [Listener at 127.0.0.1/33547] INFO  server.session (DefaultSessionIdManager.java:doStart(339)) - No SessionScavenger set, using defaults
2023-05-03 09:48:58,252 [Listener at 127.0.0.1/33547] INFO  server.session (HouseKeeper.java:startScavenging(132)) - node0 Scavenging every 660000ms
2023-05-03 09:48:58,253 [Listener at 127.0.0.1/33547] INFO  handler.ContextHandler (ContextHandler.java:doStart(921)) - Started o.e.j.s.ServletContextHandler@44505e05{logs,/logs,file:///home/runner/work/ozone/ozone/hadoop-ozone/integration-test/target/log,AVAILABLE}
2023-05-03 09:48:58,253 [Listener at 127.0.0.1/33547] INFO  handler.ContextHandler (ContextHandler.java:doStart(921)) - Started o.e.j.s.ServletContextHandler@617a72c5{static,/static,jar:file:/home/runner/.m2/repository/org/apache/ozone/hdds-container-service/1.4.0-SNAPSHOT/hdds-container-service-1.4.0-SNAPSHOT.jar!/webapps/static,AVAILABLE}
2023-05-03 09:48:58,449 [Listener at 127.0.0.1/33547] INFO  handler.ContextHandler (ContextHandler.java:doStart(921)) - Started o.e.j.w.WebAppContext@53dc415b{hddsDatanode,/,file:///home/runner/work/ozone/ozone/hadoop-ozone/integration-test/target/test-dir/MiniOzoneClusterImpl-42c2526b-3b93-44e4-b696-93ac236191fb/datanode-1/meta/webserver/jetty-0_0_0_0-39451-hdds-container-service-1_4_0-SNAPSHOT_jar-_-any-6843414091804790682/webapp/,AVAILABLE}{jar:file:/home/runner/.m2/repository/org/apache/ozone/hdds-container-service/1.4.0-SNAPSHOT/hdds-container-service-1.4.0-SNAPSHOT.jar!/webapps/hddsDatanode}
2023-05-03 09:48:58,450 [Listener at 127.0.0.1/33547] INFO  server.AbstractConnector (AbstractConnector.java:doStart(333)) - Started ServerConnector@5ee9ee5a{HTTP/1.1, (http/1.1)}{0.0.0.0:39451}
2023-05-03 09:48:58,450 [Listener at 127.0.0.1/33547] INFO  server.Server (Server.java:doStart(415)) - Started @181575ms
2023-05-03 09:48:58,450 [Listener at 127.0.0.1/33547] WARN  impl.MetricsSystemImpl (MetricsSystemImpl.java:register(279)) - Sink prometheus already exists!
2023-05-03 09:48:58,451 [Listener at 127.0.0.1/33547] INFO  http.BaseHttpServer (BaseHttpServer.java:updateConnectorAddress(344)) - HTTP server of hddsDatanode listening at http://0.0.0.0:39451
2023-05-03 09:48:58,451 [Listener at 127.0.0.1/33547] WARN  impl.MetricRegistriesImpl (MetricRegistriesImpl.java:addReporterRegistration(111)) - New reporters are added after registries were created. Some metrics will be missing from the reporter. Please add reporter before adding any new registry.
2023-05-03 09:48:58,451 [Listener at 127.0.0.1/33547] WARN  impl.MetricRegistriesImpl (MetricRegistriesImpl.java:addReporterRegistration(111)) - New reporters are added after registries were created. Some metrics will be missing from the reporter. Please add reporter before adding any new registry.
2023-05-03 09:48:58,451 [Listener at 127.0.0.1/33547] INFO  impl.MetricsSystemImpl (MetricsSystemImpl.java:init(158)) - HddsDatanode metrics system started (again)
2023-05-03 09:48:58,452 [Datanode State Machine Daemon Thread] INFO  statemachine.DatanodeStateMachine (DatanodeStateMachine.java:lambda$startDaemon$0(519)) - Ozone container server started.
2023-05-03 09:48:58,464 [Listener at 127.0.0.1/33547] INFO  ozone.HddsDatanodeService (HddsDatanodeService.java:start(252)) - HddsDatanodeService host:fv-az139-793.t0dryja4c43urhy2nvp0adewnd.cx.internal.cloudapp.net ip:10.1.0.194
2023-05-03 09:48:58,466 [org.apache.hadoop.util.JvmPauseMonitor$Monitor@2a9e4076] INFO  util.JvmPauseMonitor (JvmPauseMonitor.java:run(188)) - Starting JVM pause monitor
2023-05-03 09:48:58,475 [Datanode State Machine Task Thread - 0] INFO  datanode.InitDatanodeState (InitDatanodeState.java:persistContainerDatanodeDetails(138)) - DatanodeDetails is persisted to /home/runner/work/ozone/ozone/hadoop-ozone/integration-test/target/test-dir/MiniOzoneClusterImpl-42c2526b-3b93-44e4-b696-93ac236191fb/datanode-1/meta/datanode.id
2023-05-03 09:48:58,488 [Listener at 127.0.0.1/33547] INFO  upgrade.AbstractLayoutVersionManager (AbstractLayoutVersionManager.java:init(83)) - Initializing Layout version manager with metadata layout = WEBUI_PORTS_IN_DATANODEDETAILS (version = 6), software layout = WEBUI_PORTS_IN_DATANODEDETAILS (version = 6)
2023-05-03 09:48:58,534 [Listener at 127.0.0.1/33547] INFO  reflections.Reflections (Reflections.java:scan(232)) - Reflections took 45 ms to scan 7 urls, producing 156 keys and 369 values 
2023-05-03 09:48:58,535 [Listener at 127.0.0.1/33547] INFO  statemachine.DatanodeStateMachine (DatanodeStateMachine.java:getEndPointTaskThreadPoolSize(262)) - Datanode State Machine Task Thread Pool size 2
2023-05-03 09:48:58,538 [Listener at 127.0.0.1/33547] INFO  volume.HddsVolume (HddsVolume.java:<init>(130)) - Creating HddsVolume: /home/runner/work/ozone/ozone/hadoop-ozone/integration-test/target/test-dir/MiniOzoneClusterImpl-42c2526b-3b93-44e4-b696-93ac236191fb/datanode-2/data-0/containers/hdds of storage type : DISK capacity : 9223372036854775807
2023-05-03 09:48:58,538 [Listener at 127.0.0.1/33547] INFO  volume.MutableVolumeSet (MutableVolumeSet.java:initializeVolumeSet(175)) - Added Volume : /home/runner/work/ozone/ozone/hadoop-ozone/integration-test/target/test-dir/MiniOzoneClusterImpl-42c2526b-3b93-44e4-b696-93ac236191fb/datanode-2/data-0/containers/hdds to VolumeSet
2023-05-03 09:48:58,538 [Listener at 127.0.0.1/33547] INFO  volume.ThrottledAsyncChecker (ThrottledAsyncChecker.java:schedule(141)) - Scheduling a check for /home/runner/work/ozone/ozone/hadoop-ozone/integration-test/target/test-dir/MiniOzoneClusterImpl-42c2526b-3b93-44e4-b696-93ac236191fb/datanode-2/data-0/containers/hdds
2023-05-03 09:48:58,538 [Listener at 127.0.0.1/33547] INFO  volume.StorageVolumeChecker (StorageVolumeChecker.java:checkAllVolumes(202)) - Scheduled health check for volume /home/runner/work/ozone/ozone/hadoop-ozone/integration-test/target/test-dir/MiniOzoneClusterImpl-42c2526b-3b93-44e4-b696-93ac236191fb/datanode-2/data-0/containers/hdds
2023-05-03 09:48:58,548 [Listener at 127.0.0.1/33547] INFO  volume.MutableVolumeSet (MutableVolumeSet.java:initializeVolumeSet(175)) - Added Volume : /home/runner/work/ozone/ozone/hadoop-ozone/integration-test/target/test-dir/MiniOzoneClusterImpl-42c2526b-3b93-44e4-b696-93ac236191fb/datanode-2/data/ratis to VolumeSet
2023-05-03 09:48:58,548 [Listener at 127.0.0.1/33547] INFO  volume.ThrottledAsyncChecker (ThrottledAsyncChecker.java:schedule(141)) - Scheduling a check for /home/runner/work/ozone/ozone/hadoop-ozone/integration-test/target/test-dir/MiniOzoneClusterImpl-42c2526b-3b93-44e4-b696-93ac236191fb/datanode-2/data/ratis
2023-05-03 09:48:58,548 [Listener at 127.0.0.1/33547] INFO  volume.StorageVolumeChecker (StorageVolumeChecker.java:checkAllVolumes(202)) - Scheduled health check for volume /home/runner/work/ozone/ozone/hadoop-ozone/integration-test/target/test-dir/MiniOzoneClusterImpl-42c2526b-3b93-44e4-b696-93ac236191fb/datanode-2/data/ratis
2023-05-03 09:48:58,565 [Thread-2478] INFO  ozoneimpl.ContainerReader (ContainerReader.java:readVolume(175)) - Finish verifying containers on volume /home/runner/work/ozone/ozone/hadoop-ozone/integration-test/target/test-dir/MiniOzoneClusterImpl-42c2526b-3b93-44e4-b696-93ac236191fb/datanode-2/data-0/containers/hdds
2023-05-03 09:48:58,565 [Listener at 127.0.0.1/33547] INFO  ozoneimpl.OzoneContainer (OzoneContainer.java:buildContainerSet(303)) - Build ContainerSet costs 0s
2023-05-03 09:48:58,567 [Listener at 127.0.0.1/33547] INFO  server.RaftServer (ConfUtils.java:logGet(46)) - raft.rpc.type = GRPC (default)
2023-05-03 09:48:58,567 [Listener at 127.0.0.1/33547] INFO  grpc.GrpcConfigKeys (ConfUtils.java:logFallback(53)) - raft.grpc.admin.host = null (fallback to raft.grpc.server.host)
2023-05-03 09:48:58,567 [Listener at 127.0.0.1/33547] INFO  grpc.GrpcConfigKeys (ConfUtils.java:logGet(46)) - raft.grpc.admin.port = 0 (custom)
2023-05-03 09:48:58,567 [Listener at 127.0.0.1/33547] INFO  grpc.GrpcConfigKeys (ConfUtils.java:logFallback(53)) - raft.grpc.client.host = null (fallback to raft.grpc.server.host)
2023-05-03 09:48:58,567 [Listener at 127.0.0.1/33547] INFO  grpc.GrpcConfigKeys (ConfUtils.java:logGet(46)) - raft.grpc.client.port = 0 (custom)
2023-05-03 09:48:58,567 [Listener at 127.0.0.1/33547] INFO  grpc.GrpcConfigKeys (ConfUtils.java:logGet(46)) - raft.grpc.server.host = null (default)
2023-05-03 09:48:58,567 [Listener at 127.0.0.1/33547] INFO  grpc.GrpcConfigKeys (ConfUtils.java:logGet(46)) - raft.grpc.server.port = 0 (default)
2023-05-03 09:48:58,567 [Listener at 127.0.0.1/33547] INFO  server.GrpcService (ConfUtils.java:logGet(46)) - raft.grpc.message.size.max = 32MB (=33554432) (custom)
2023-05-03 09:48:58,567 [Listener at 127.0.0.1/33547] INFO  server.RaftServerConfigKeys (ConfUtils.java:logGet(46)) - raft.server.log.appender.buffer.byte-limit = 33554432 (custom)
2023-05-03 09:48:58,567 [Listener at 127.0.0.1/33547] INFO  server.GrpcService (ConfUtils.java:logGet(46)) - raft.grpc.flow.control.window = 5MB (=5242880) (custom)
2023-05-03 09:48:58,567 [Listener at 127.0.0.1/33547] INFO  server.RaftServerConfigKeys (ConfUtils.java:logGet(46)) - raft.server.rpc.request.timeout = 60s (custom)
2023-05-03 09:48:58,567 [Listener at 127.0.0.1/33547] INFO  grpc.GrpcConfigKeys (ConfUtils.java:logGet(46)) - raft.grpc.server.heartbeat.channel = true (default)
2023-05-03 09:48:58,568 [Listener at 127.0.0.1/33547] INFO  grpc.GrpcConfigKeys (ConfUtils.java:logGet(46)) - raft.grpc.server.async.request.thread.pool.cached = true (default)
2023-05-03 09:48:58,568 [Listener at 127.0.0.1/33547] INFO  grpc.GrpcConfigKeys (ConfUtils.java:logGet(46)) - raft.grpc.server.async.request.thread.pool.size = 32 (default)
2023-05-03 09:48:58,568 [Listener at 127.0.0.1/33547] INFO  impl.DataStreamServerImpl (ConfUtils.java:logGet(46)) - raft.datastream.type = NETTY (custom)
2023-05-03 09:48:58,568 [Listener at 127.0.0.1/33547] INFO  server.RaftServerConfigKeys (ConfUtils.java:logGet(46)) - raft.server.data-stream.async.request.thread.pool.cached = false (default)
2023-05-03 09:48:58,569 [Listener at 127.0.0.1/33547] INFO  server.RaftServerConfigKeys (ConfUtils.java:logGet(46)) - raft.server.data-stream.async.request.thread.pool.size = 20 (custom)
2023-05-03 09:48:58,569 [Listener at 127.0.0.1/33547] INFO  server.RaftServerConfigKeys (ConfUtils.java:logGet(46)) - raft.server.data-stream.async.write.thread.pool.size = 16 (default)
2023-05-03 09:48:58,569 [Listener at 127.0.0.1/33547] INFO  server.RaftServerConfigKeys (ConfUtils.java:logGet(46)) - raft.server.data-stream.client.pool.size = 10 (default)
2023-05-03 09:48:58,569 [Listener at 127.0.0.1/33547] INFO  netty.NettyConfigKeys$DataStream (ConfUtils.java:logGet(46)) - raft.netty.dataStream.server.use-epoll = false (default)
2023-05-03 09:48:58,569 [Listener at 127.0.0.1/33547] INFO  netty.NettyConfigKeys$DataStream (ConfUtils.java:logGet(46)) - raft.netty.dataStream.server.boss-group.size = 0 (default)
2023-05-03 09:48:58,569 [Listener at 127.0.0.1/33547] INFO  netty.NettyConfigKeys$DataStream (ConfUtils.java:logGet(46)) - raft.netty.dataStream.server.worker-group.size = 0 (default)
2023-05-03 09:48:58,569 [Listener at 127.0.0.1/33547] INFO  netty.NettyConfigKeys$DataStream (ConfUtils.java:logGet(46)) - raft.netty.dataStream.server.tls.conf = null (default)
2023-05-03 09:48:58,569 [Listener at 127.0.0.1/33547] INFO  netty.NettyConfigKeys$DataStream (ConfUtils.java:logGet(46)) - raft.netty.dataStream.host = null (default)
2023-05-03 09:48:58,569 [Listener at 127.0.0.1/33547] INFO  netty.NettyConfigKeys$DataStream (ConfUtils.java:logGet(46)) - raft.netty.dataStream.port = 0 (default)
2023-05-03 09:48:58,571 [Listener at 127.0.0.1/33547] INFO  server.RaftServerConfigKeys (ConfUtils.java:logGet(46)) - raft.server.threadpool.proxy.cached = true (default)
2023-05-03 09:48:58,571 [Listener at 127.0.0.1/33547] INFO  server.RaftServerConfigKeys (ConfUtils.java:logGet(46)) - raft.server.threadpool.proxy.size = 0 (default)
2023-05-03 09:48:58,571 [Listener at 127.0.0.1/33547] INFO  server.RaftServerConfigKeys (ConfUtils.java:logGet(46)) - raft.server.rpc.slowness.timeout = 300s (custom)
2023-05-03 09:48:58,571 [Listener at 127.0.0.1/33547] INFO  server.RaftServerConfigKeys (ConfUtils.java:logGet(46)) - raft.server.leaderelection.leader.step-down.wait-time = 10s (default)
2023-05-03 09:48:58,572 [Listener at 127.0.0.1/33547] INFO  server.RaftServerConfigKeys (ConfUtils.java:logGet(46)) - raft.server.storage.dir = [/home/runner/work/ozone/ozone/hadoop-ozone/integration-test/target/test-dir/MiniOzoneClusterImpl-42c2526b-3b93-44e4-b696-93ac236191fb/datanode-2/data/ratis] (custom)
2023-05-03 09:48:58,572 [72fabaa3-cdfe-43bb-a33d-4a5f5e85250d-NettyServerStreamRpc-bossGroup--thread1] INFO  logging.LoggingHandler (AbstractInternalLogger.java:log(148)) - [id: 0xaaa0b9db] REGISTERED
2023-05-03 09:48:58,572 [72fabaa3-cdfe-43bb-a33d-4a5f5e85250d-NettyServerStreamRpc-bossGroup--thread1] INFO  logging.LoggingHandler (AbstractInternalLogger.java:log(148)) - [id: 0xaaa0b9db] BIND: 0.0.0.0/0.0.0.0:0
2023-05-03 09:48:58,572 [72fabaa3-cdfe-43bb-a33d-4a5f5e85250d-NettyServerStreamRpc-bossGroup--thread1] INFO  logging.LoggingHandler (AbstractInternalLogger.java:log(148)) - [id: 0xaaa0b9db, L:/0:0:0:0:0:0:0:0:34957] ACTIVE
2023-05-03 09:48:58,575 [Listener at 127.0.0.1/33547] INFO  server.XceiverServerGrpc (XceiverServerGrpc.java:<init>(132)) - GrpcServer channel type EpollServerSocketChannel
2023-05-03 09:48:58,577 [Listener at 127.0.0.1/33547] INFO  http.BaseHttpServer (BaseHttpServer.java:newHttpServer2BuilderForOzone(224)) - Starting Web-server for hddsDatanode at: http://0.0.0.0:0
2023-05-03 09:48:58,577 [Listener at 127.0.0.1/33547] INFO  http.BaseHttpServer (BaseHttpServer.java:<init>(111)) - Hadoop Security Enabled: false Ozone Security Enabled: false Ozone HTTP Security Enabled: false 
2023-05-03 09:48:58,578 [Listener at 127.0.0.1/33547] WARN  server.AuthenticationFilter (AuthenticationFilter.java:constructSecretProvider(240)) - Unable to initialize FileSignerSecretProvider, falling back to use random secrets. Reason: Could not read signature secret file: /home/runner/hadoop-http-auth-signature-secret
2023-05-03 09:48:58,578 [Listener at 127.0.0.1/33547] INFO  http.HttpRequestLog (HttpRequestLog.java:getRequestLog(86)) - Http request log for http.requests.hddsDatanode is not defined
2023-05-03 09:48:58,579 [Listener at 127.0.0.1/33547] INFO  http.HttpServer2 (HttpServer2.java:addGlobalFilter(1031)) - Added global filter 'safety' (class=org.apache.hadoop.hdds.server.http.HttpServer2$QuotingInputFilter)
2023-05-03 09:48:58,579 [Listener at 127.0.0.1/33547] INFO  http.HttpServer2 (HttpServer2.java:addFilter(1007)) - Added filter static_user_filter (class=org.apache.hadoop.http.lib.StaticUserWebFilter$StaticUserFilter) to context hddsDatanode
2023-05-03 09:48:58,579 [Listener at 127.0.0.1/33547] INFO  http.HttpServer2 (HttpServer2.java:addFilter(1015)) - Added filter static_user_filter (class=org.apache.hadoop.http.lib.StaticUserWebFilter$StaticUserFilter) to context logs
2023-05-03 09:48:58,579 [Listener at 127.0.0.1/33547] INFO  http.HttpServer2 (HttpServer2.java:addFilter(1015)) - Added filter static_user_filter (class=org.apache.hadoop.http.lib.StaticUserWebFilter$StaticUserFilter) to context static
2023-05-03 09:48:58,580 [Listener at 127.0.0.1/33547] INFO  http.BaseHttpServer (BaseHttpServer.java:<init>(190)) - HTTP server of hddsDatanode uses base directory /home/runner/work/ozone/ozone/hadoop-ozone/integration-test/target/test-dir/MiniOzoneClusterImpl-42c2526b-3b93-44e4-b696-93ac236191fb/datanode-2/meta/webserver
2023-05-03 09:48:58,580 [Listener at 127.0.0.1/33547] INFO  http.HttpServer2 (HttpServer2.java:bindListener(1250)) - Jetty bound to port 38903
2023-05-03 09:48:58,580 [Listener at 127.0.0.1/33547] INFO  server.Server (Server.java:doStart(375)) - jetty-9.4.51.v20230217; built: 2023-02-17T08:19:37.309Z; git: b45c405e4544384de066f814ed42ae3dceacdd49; jvm 1.8.0_362-b09
2023-05-03 09:48:58,583 [Listener at 127.0.0.1/33547] INFO  server.session (DefaultSessionIdManager.java:doStart(334)) - DefaultSessionIdManager workerName=node0
2023-05-03 09:48:58,583 [Listener at 127.0.0.1/33547] INFO  server.session (DefaultSessionIdManager.java:doStart(339)) - No SessionScavenger set, using defaults
2023-05-03 09:48:58,583 [Listener at 127.0.0.1/33547] INFO  server.session (HouseKeeper.java:startScavenging(132)) - node0 Scavenging every 600000ms
2023-05-03 09:48:58,584 [Listener at 127.0.0.1/33547] INFO  handler.ContextHandler (ContextHandler.java:doStart(921)) - Started o.e.j.s.ServletContextHandler@16a86fc{logs,/logs,file:///home/runner/work/ozone/ozone/hadoop-ozone/integration-test/target/log,AVAILABLE}
2023-05-03 09:48:58,584 [Listener at 127.0.0.1/33547] INFO  handler.ContextHandler (ContextHandler.java:doStart(921)) - Started o.e.j.s.ServletContextHandler@4df5b9ee{static,/static,jar:file:/home/runner/.m2/repository/org/apache/ozone/hdds-container-service/1.4.0-SNAPSHOT/hdds-container-service-1.4.0-SNAPSHOT.jar!/webapps/static,AVAILABLE}
2023-05-03 09:48:58,730 [om1@group-C5BA1605619E-FollowerState] INFO  impl.FollowerState (FollowerState.java:run(143)) - om1@group-C5BA1605619E-FollowerState: change to CANDIDATE, lastRpcElapsedTime:1032458192ns, electionTimeout:1032ms
2023-05-03 09:48:58,730 [om1@group-C5BA1605619E-FollowerState] INFO  impl.RoleInfo (RoleInfo.java:shutdownFollowerState(110)) - om1: shutdown om1@group-C5BA1605619E-FollowerState
2023-05-03 09:48:58,730 [om1@group-C5BA1605619E-FollowerState] INFO  server.RaftServer$Division (RaftServerImpl.java:setRole(321)) - om1@group-C5BA1605619E: changes role from  FOLLOWER to CANDIDATE at term 0 for changeToCandidate
2023-05-03 09:48:58,730 [om1@group-C5BA1605619E-FollowerState] INFO  server.RaftServerConfigKeys (ConfUtils.java:logGet(46)) - raft.server.leaderelection.pre-vote = true (default)
2023-05-03 09:48:58,730 [om1@group-C5BA1605619E-FollowerState] INFO  impl.RoleInfo (RoleInfo.java:updateAndGet(139)) - om1: start om1@group-C5BA1605619E-LeaderElection45
2023-05-03 09:48:58,731 [om1@group-C5BA1605619E-LeaderElection45] INFO  impl.LeaderElection (LeaderElection.java:askForVotes(312)) - om1@group-C5BA1605619E-LeaderElection45 PRE_VOTE round 0: submit vote requests at term 0 for -1: peers:[om1|rpc:localhost:9872|priority:0|startupRole:FOLLOWER]|listeners:[], old=null
2023-05-03 09:48:58,731 [om1@group-C5BA1605619E-LeaderElection45] INFO  impl.LeaderElection (LeaderElection.java:askForVotes(314)) - om1@group-C5BA1605619E-LeaderElection45 PRE_VOTE round 0: result PASSED (term=0)
2023-05-03 09:48:58,732 [om1@group-C5BA1605619E-LeaderElection45] INFO  impl.LeaderElection (LeaderElection.java:askForVotes(312)) - om1@group-C5BA1605619E-LeaderElection45 ELECTION round 0: submit vote requests at term 1 for -1: peers:[om1|rpc:localhost:9872|priority:0|startupRole:FOLLOWER]|listeners:[], old=null
2023-05-03 09:48:58,732 [om1@group-C5BA1605619E-LeaderElection45] INFO  impl.LeaderElection (LeaderElection.java:askForVotes(314)) - om1@group-C5BA1605619E-LeaderElection45 ELECTION round 0: result PASSED (term=1)
2023-05-03 09:48:58,732 [om1@group-C5BA1605619E-LeaderElection45] INFO  impl.RoleInfo (RoleInfo.java:shutdownLeaderElection(130)) - om1: shutdown om1@group-C5BA1605619E-LeaderElection45
2023-05-03 09:48:58,732 [om1@group-C5BA1605619E-LeaderElection45] INFO  server.RaftServer$Division (RaftServerImpl.java:setRole(321)) - om1@group-C5BA1605619E: changes role from CANDIDATE to LEADER at term 1 for changeToLeader
2023-05-03 09:48:58,733 [om1@group-C5BA1605619E-LeaderElection45] INFO  server.RaftServer$Division (ServerState.java:setLeader(313)) - om1@group-C5BA1605619E: change Leader from null to om1 at term 1 for becomeLeader, leader elected after 1346ms
2023-05-03 09:48:58,733 [om1@group-C5BA1605619E-LeaderElection45] INFO  server.RaftServerConfigKeys (ConfUtils.java:logGet(46)) - raft.server.staging.catchup.gap = 1000 (default)
2023-05-03 09:48:58,733 [om1@group-C5BA1605619E-LeaderElection45] INFO  server.RaftServerConfigKeys (ConfUtils.java:logGet(46)) - raft.server.write.element-limit = 4096 (default)
2023-05-03 09:48:58,733 [om1@group-C5BA1605619E-LeaderElection45] INFO  server.RaftServerConfigKeys (ConfUtils.java:logGet(46)) - raft.server.write.byte-limit = 64MB (=67108864) (default)
2023-05-03 09:48:58,733 [om1@group-C5BA1605619E-LeaderElection45] INFO  server.RaftServerConfigKeys (ConfUtils.java:logGet(46)) - raft.server.watch.timeout = 10s (default)
2023-05-03 09:48:58,733 [om1@group-C5BA1605619E-LeaderElection45] INFO  server.RaftServerConfigKeys (ConfUtils.java:logGet(46)) - raft.server.watch.timeout.denomination = 1s (default)
2023-05-03 09:48:58,733 [om1@group-C5BA1605619E-LeaderElection45] INFO  server.RaftServerConfigKeys (ConfUtils.java:logGet(46)) - raft.server.watch.element-limit = 65536 (default)
2023-05-03 09:48:58,733 [om1@group-C5BA1605619E-LeaderElection45] INFO  server.RaftServerConfigKeys (ConfUtils.java:logGet(46)) - raft.server.write.element-limit = 4096 (default)
2023-05-03 09:48:58,733 [om1@group-C5BA1605619E-LeaderElection45] INFO  server.RaftServerConfigKeys (ConfUtils.java:logGet(46)) - raft.server.write.follower.gap.ratio.max = -1.0 (default)
2023-05-03 09:48:58,733 [om1@group-C5BA1605619E-LeaderElection45] INFO  impl.RoleInfo (RoleInfo.java:updateAndGet(139)) - om1: start om1@group-C5BA1605619E-LeaderStateImpl
2023-05-03 09:48:58,733 [om1@group-C5BA1605619E-LeaderElection45] INFO  segmented.SegmentedRaftLogWorker (SegmentedRaftLogWorker.java:startLogSegment(452)) - om1@group-C5BA1605619E-SegmentedRaftLogWorker: Starting segment from index:0
2023-05-03 09:48:58,739 [om1@group-C5BA1605619E-LeaderElection45] INFO  server.RaftServer$Division (ServerState.java:setRaftConf(430)) - om1@group-C5BA1605619E: set configuration 0: peers:[om1|rpc:localhost:9872|admin:|client:|dataStream:|priority:0|startupRole:FOLLOWER]|listeners:[], old=null
2023-05-03 09:48:58,741 [om1@group-C5BA1605619E-SegmentedRaftLogWorker] INFO  segmented.SegmentedRaftLogWorker (SegmentedRaftLogWorker.java:execute(656)) - om1@group-C5BA1605619E-SegmentedRaftLogWorker: created new log segment /home/runner/work/ozone/ozone/hadoop-ozone/integration-test/target/test-dir/MiniOzoneClusterImpl-42c2526b-3b93-44e4-b696-93ac236191fb/ozone-meta/ratis/bf265839-605b-3f16-9796-c5ba1605619e/current/log_inprogress_0
2023-05-03 09:48:58,743 [om1@group-C5BA1605619E-StateMachineUpdater] INFO  ratis.OzoneManagerStateMachine (OzoneManagerStateMachine.java:notifyConfigurationChanged(201)) - Received Configuration change notification from Ratis. New Peer list:
[id: "om1"
address: "localhost:9872"
startupRole: FOLLOWER
]
2023-05-03 09:48:58,782 [Listener at 127.0.0.1/33547] INFO  handler.ContextHandler (ContextHandler.java:doStart(921)) - Started o.e.j.w.WebAppContext@47f52dbd{hddsDatanode,/,file:///home/runner/work/ozone/ozone/hadoop-ozone/integration-test/target/test-dir/MiniOzoneClusterImpl-42c2526b-3b93-44e4-b696-93ac236191fb/datanode-2/meta/webserver/jetty-0_0_0_0-38903-hdds-container-service-1_4_0-SNAPSHOT_jar-_-any-3584092536382545764/webapp/,AVAILABLE}{jar:file:/home/runner/.m2/repository/org/apache/ozone/hdds-container-service/1.4.0-SNAPSHOT/hdds-container-service-1.4.0-SNAPSHOT.jar!/webapps/hddsDatanode}
2023-05-03 09:48:58,783 [Listener at 127.0.0.1/33547] INFO  server.AbstractConnector (AbstractConnector.java:doStart(333)) - Started ServerConnector@63c3fc3f{HTTP/1.1, (http/1.1)}{0.0.0.0:38903}
2023-05-03 09:48:58,783 [Listener at 127.0.0.1/33547] INFO  server.Server (Server.java:doStart(415)) - Started @181908ms
2023-05-03 09:48:58,783 [Listener at 127.0.0.1/33547] WARN  impl.MetricsSystemImpl (MetricsSystemImpl.java:register(279)) - Sink prometheus already exists!
2023-05-03 09:48:58,783 [Listener at 127.0.0.1/33547] INFO  http.BaseHttpServer (BaseHttpServer.java:updateConnectorAddress(344)) - HTTP server of hddsDatanode listening at http://0.0.0.0:38903
2023-05-03 09:48:58,786 [Datanode State Machine Daemon Thread] INFO  statemachine.DatanodeStateMachine (DatanodeStateMachine.java:lambda$startDaemon$0(519)) - Ozone container server started.
2023-05-03 09:48:58,786 [Listener at 127.0.0.1/33547] INFO  ozone.MiniOzoneClusterImpl (MiniOzoneClusterImpl.java:lambda$waitForClusterToBeReady$0(223)) - Waiting for nodes to be ready. Got 0 of 3 DN Heartbeats.
2023-05-03 09:48:58,787 [Listener at 127.0.0.1/33547] INFO  ozone.MiniOzoneClusterImpl (MiniOzoneClusterImpl.java:lambda$waitForClusterToBeReady$0(226)) - Waiting for cluster to exit safe mode
2023-05-03 09:48:58,787 [Listener at 127.0.0.1/33547] INFO  ozone.MiniOzoneClusterImpl (MiniOzoneClusterImpl.java:lambda$waitForClusterToBeReady$0(228)) - SCM became leader
2023-05-03 09:48:58,788 [org.apache.hadoop.util.JvmPauseMonitor$Monitor@60f92391] INFO  util.JvmPauseMonitor (JvmPauseMonitor.java:run(188)) - Starting JVM pause monitor
2023-05-03 09:48:58,790 [Datanode State Machine Task Thread - 0] INFO  datanode.InitDatanodeState (InitDatanodeState.java:persistContainerDatanodeDetails(138)) - DatanodeDetails is persisted to /home/runner/work/ozone/ozone/hadoop-ozone/integration-test/target/test-dir/MiniOzoneClusterImpl-42c2526b-3b93-44e4-b696-93ac236191fb/datanode-2/meta/datanode.id
2023-05-03 09:48:59,787 [Listener at 127.0.0.1/33547] INFO  ozone.MiniOzoneClusterImpl (MiniOzoneClusterImpl.java:lambda$waitForClusterToBeReady$0(223)) - Waiting for nodes to be ready. Got 0 of 3 DN Heartbeats.
2023-05-03 09:48:59,787 [Listener at 127.0.0.1/33547] INFO  ozone.MiniOzoneClusterImpl (MiniOzoneClusterImpl.java:lambda$waitForClusterToBeReady$0(226)) - Waiting for cluster to exit safe mode
2023-05-03 09:48:59,787 [Listener at 127.0.0.1/33547] INFO  ozone.MiniOzoneClusterImpl (MiniOzoneClusterImpl.java:lambda$waitForClusterToBeReady$0(228)) - SCM became leader
2023-05-03 09:49:00,187 [EndpointStateMachine task thread for /0.0.0.0:45911 - 0 ] INFO  utils.DatanodeStoreCache (DatanodeStoreCache.java:addDB(58)) - Added db /home/runner/work/ozone/ozone/hadoop-ozone/integration-test/target/test-dir/MiniOzoneClusterImpl-42c2526b-3b93-44e4-b696-93ac236191fb/datanode-0/data-0/containers/hdds/42c2526b-3b93-44e4-b696-93ac236191fb/DS-30372555-4681-4642-a4b7-090754be986f/container.db to cache
2023-05-03 09:49:00,187 [EndpointStateMachine task thread for /0.0.0.0:45911 - 0 ] INFO  volume.HddsVolume (HddsVolume.java:createDbStore(350)) - SchemaV3 db is created and loaded at /home/runner/work/ozone/ozone/hadoop-ozone/integration-test/target/test-dir/MiniOzoneClusterImpl-42c2526b-3b93-44e4-b696-93ac236191fb/datanode-0/data-0/containers/hdds/42c2526b-3b93-44e4-b696-93ac236191fb/DS-30372555-4681-4642-a4b7-090754be986f/container.db for volume DS-30372555-4681-4642-a4b7-090754be986f
2023-05-03 09:49:00,188 [EndpointStateMachine task thread for /0.0.0.0:45911 - 0 ] INFO  ozoneimpl.OzoneContainer (OzoneContainer.java:start(397)) - Attempting to start container services.
2023-05-03 09:49:00,188 [EndpointStateMachine task thread for /0.0.0.0:45911 - 0 ] INFO  ozoneimpl.OzoneContainer (OzoneContainer.java:startContainerScrub(314)) - Scheduled background container scanners and the on-demand container scanner have been disabled.
2023-05-03 09:49:00,189 [EndpointStateMachine task thread for /0.0.0.0:45911 - 0 ] INFO  replication.ReplicationServer (ReplicationServer.java:start(109)) - ReplicationServer is started using port 42335
2023-05-03 09:49:00,189 [EndpointStateMachine task thread for /0.0.0.0:45911 - 0 ] INFO  ratis.XceiverServerRatis (XceiverServerRatis.java:start(517)) - Starting XceiverServerRatis 2944b27d-a262-4302-b37f-3bbf75b1a053
2023-05-03 09:49:00,191 [EndpointStateMachine task thread for /0.0.0.0:45911 - 0 ] INFO  server.RaftServer (RaftServerProxy.java:startImpl(393)) - 2944b27d-a262-4302-b37f-3bbf75b1a053: start RPC server
2023-05-03 09:49:00,192 [EndpointStateMachine task thread for /0.0.0.0:45911 - 0 ] INFO  server.GrpcService (GrpcService.java:startImpl(262)) - 2944b27d-a262-4302-b37f-3bbf75b1a053: GrpcService started, listening on 38895
2023-05-03 09:49:00,192 [EndpointStateMachine task thread for /0.0.0.0:45911 - 0 ] INFO  ratis.XceiverServerRatis (XceiverServerRatis.java:getRealPort(543)) - XceiverServerRatis 2944b27d-a262-4302-b37f-3bbf75b1a053 is started using port 38895 for RATIS
2023-05-03 09:49:00,192 [EndpointStateMachine task thread for /0.0.0.0:45911 - 0 ] INFO  ratis.XceiverServerRatis (XceiverServerRatis.java:getRealPort(543)) - XceiverServerRatis 2944b27d-a262-4302-b37f-3bbf75b1a053 is started using port 38895 for RATIS_ADMIN
2023-05-03 09:49:00,192 [JvmPauseMonitor26] INFO  util.JvmPauseMonitor (JvmPauseMonitor.java:run(105)) - JvmPauseMonitor-2944b27d-a262-4302-b37f-3bbf75b1a053: Started
2023-05-03 09:49:00,192 [EndpointStateMachine task thread for /0.0.0.0:45911 - 0 ] INFO  ratis.XceiverServerRatis (XceiverServerRatis.java:getRealPort(543)) - XceiverServerRatis 2944b27d-a262-4302-b37f-3bbf75b1a053 is started using port 38895 for RATIS_SERVER
2023-05-03 09:49:00,192 [EndpointStateMachine task thread for /0.0.0.0:45911 - 0 ] INFO  ratis.XceiverServerRatis (XceiverServerRatis.java:getRealPort(543)) - XceiverServerRatis 2944b27d-a262-4302-b37f-3bbf75b1a053 is started using port 32901 for RATIS_DATASTREAM
2023-05-03 09:49:00,193 [EndpointStateMachine task thread for /0.0.0.0:45911 - 0 ] INFO  server.XceiverServerGrpc (XceiverServerGrpc.java:start(180)) - XceiverServerGrpc 2944b27d-a262-4302-b37f-3bbf75b1a053 is started using port 33217
2023-05-03 09:49:00,193 [BlockDeletingService#0] INFO  interfaces.ContainerDeletionChoosingPolicyTemplate (ContainerDeletionChoosingPolicyTemplate.java:chooseContainerForBlockDeletion(83)) - Chosen 0/5000 blocks from 0 candidate containers.
2023-05-03 09:49:00,495 [EndpointStateMachine task thread for /0.0.0.0:45911 - 0 ] INFO  utils.DatanodeStoreCache (DatanodeStoreCache.java:addDB(58)) - Added db /home/runner/work/ozone/ozone/hadoop-ozone/integration-test/target/test-dir/MiniOzoneClusterImpl-42c2526b-3b93-44e4-b696-93ac236191fb/datanode-1/data-0/containers/hdds/42c2526b-3b93-44e4-b696-93ac236191fb/DS-e1abd819-cbd0-4b10-9be4-04198a451bf5/container.db to cache
2023-05-03 09:49:00,495 [EndpointStateMachine task thread for /0.0.0.0:45911 - 0 ] INFO  volume.HddsVolume (HddsVolume.java:createDbStore(350)) - SchemaV3 db is created and loaded at /home/runner/work/ozone/ozone/hadoop-ozone/integration-test/target/test-dir/MiniOzoneClusterImpl-42c2526b-3b93-44e4-b696-93ac236191fb/datanode-1/data-0/containers/hdds/42c2526b-3b93-44e4-b696-93ac236191fb/DS-e1abd819-cbd0-4b10-9be4-04198a451bf5/container.db for volume DS-e1abd819-cbd0-4b10-9be4-04198a451bf5
2023-05-03 09:49:00,495 [EndpointStateMachine task thread for /0.0.0.0:45911 - 0 ] INFO  ozoneimpl.OzoneContainer (OzoneContainer.java:start(397)) - Attempting to start container services.
2023-05-03 09:49:00,495 [EndpointStateMachine task thread for /0.0.0.0:45911 - 0 ] INFO  ozoneimpl.OzoneContainer (OzoneContainer.java:startContainerScrub(314)) - Scheduled background container scanners and the on-demand container scanner have been disabled.
2023-05-03 09:49:00,499 [EndpointStateMachine task thread for /0.0.0.0:45911 - 0 ] INFO  replication.ReplicationServer (ReplicationServer.java:start(109)) - ReplicationServer is started using port 45237
2023-05-03 09:49:00,499 [EndpointStateMachine task thread for /0.0.0.0:45911 - 0 ] INFO  ratis.XceiverServerRatis (XceiverServerRatis.java:start(517)) - Starting XceiverServerRatis 1e33a790-1e4c-4469-b162-b9d936e0bfc3
2023-05-03 09:49:00,505 [EndpointStateMachine task thread for /0.0.0.0:45911 - 0 ] INFO  server.RaftServer (RaftServerProxy.java:startImpl(393)) - 1e33a790-1e4c-4469-b162-b9d936e0bfc3: start RPC server
2023-05-03 09:49:00,505 [EndpointStateMachine task thread for /0.0.0.0:45911 - 0 ] INFO  server.GrpcService (GrpcService.java:startImpl(262)) - 1e33a790-1e4c-4469-b162-b9d936e0bfc3: GrpcService started, listening on 45067
2023-05-03 09:49:00,509 [EndpointStateMachine task thread for /0.0.0.0:45911 - 0 ] INFO  ratis.XceiverServerRatis (XceiverServerRatis.java:getRealPort(543)) - XceiverServerRatis 1e33a790-1e4c-4469-b162-b9d936e0bfc3 is started using port 45067 for RATIS
2023-05-03 09:49:00,509 [EndpointStateMachine task thread for /0.0.0.0:45911 - 0 ] INFO  ratis.XceiverServerRatis (XceiverServerRatis.java:getRealPort(543)) - XceiverServerRatis 1e33a790-1e4c-4469-b162-b9d936e0bfc3 is started using port 45067 for RATIS_ADMIN
2023-05-03 09:49:00,509 [EndpointStateMachine task thread for /0.0.0.0:45911 - 0 ] INFO  ratis.XceiverServerRatis (XceiverServerRatis.java:getRealPort(543)) - XceiverServerRatis 1e33a790-1e4c-4469-b162-b9d936e0bfc3 is started using port 45067 for RATIS_SERVER
2023-05-03 09:49:00,509 [EndpointStateMachine task thread for /0.0.0.0:45911 - 0 ] INFO  ratis.XceiverServerRatis (XceiverServerRatis.java:getRealPort(543)) - XceiverServerRatis 1e33a790-1e4c-4469-b162-b9d936e0bfc3 is started using port 45283 for RATIS_DATASTREAM
2023-05-03 09:49:00,510 [JvmPauseMonitor27] INFO  util.JvmPauseMonitor (JvmPauseMonitor.java:run(105)) - JvmPauseMonitor-1e33a790-1e4c-4469-b162-b9d936e0bfc3: Started
2023-05-03 09:49:00,512 [EndpointStateMachine task thread for /0.0.0.0:45911 - 0 ] INFO  server.XceiverServerGrpc (XceiverServerGrpc.java:start(180)) - XceiverServerGrpc 1e33a790-1e4c-4469-b162-b9d936e0bfc3 is started using port 43515
2023-05-03 09:49:00,513 [BlockDeletingService#0] INFO  interfaces.ContainerDeletionChoosingPolicyTemplate (ContainerDeletionChoosingPolicyTemplate.java:chooseContainerForBlockDeletion(83)) - Chosen 0/5000 blocks from 0 candidate containers.
2023-05-03 09:49:00,787 [Listener at 127.0.0.1/33547] INFO  ozone.MiniOzoneClusterImpl (MiniOzoneClusterImpl.java:lambda$waitForClusterToBeReady$0(223)) - Waiting for nodes to be ready. Got 0 of 3 DN Heartbeats.
2023-05-03 09:49:00,787 [Listener at 127.0.0.1/33547] INFO  ozone.MiniOzoneClusterImpl (MiniOzoneClusterImpl.java:lambda$waitForClusterToBeReady$0(226)) - Waiting for cluster to exit safe mode
2023-05-03 09:49:00,788 [Listener at 127.0.0.1/33547] INFO  ozone.MiniOzoneClusterImpl (MiniOzoneClusterImpl.java:lambda$waitForClusterToBeReady$0(228)) - SCM became leader
2023-05-03 09:49:00,816 [EndpointStateMachine task thread for /0.0.0.0:45911 - 0 ] INFO  utils.DatanodeStoreCache (DatanodeStoreCache.java:addDB(58)) - Added db /home/runner/work/ozone/ozone/hadoop-ozone/integration-test/target/test-dir/MiniOzoneClusterImpl-42c2526b-3b93-44e4-b696-93ac236191fb/datanode-2/data-0/containers/hdds/42c2526b-3b93-44e4-b696-93ac236191fb/DS-d38e73bb-554f-404c-9d4f-4808fce869bd/container.db to cache
2023-05-03 09:49:00,816 [EndpointStateMachine task thread for /0.0.0.0:45911 - 0 ] INFO  volume.HddsVolume (HddsVolume.java:createDbStore(350)) - SchemaV3 db is created and loaded at /home/runner/work/ozone/ozone/hadoop-ozone/integration-test/target/test-dir/MiniOzoneClusterImpl-42c2526b-3b93-44e4-b696-93ac236191fb/datanode-2/data-0/containers/hdds/42c2526b-3b93-44e4-b696-93ac236191fb/DS-d38e73bb-554f-404c-9d4f-4808fce869bd/container.db for volume DS-d38e73bb-554f-404c-9d4f-4808fce869bd
2023-05-03 09:49:00,817 [EndpointStateMachine task thread for /0.0.0.0:45911 - 0 ] INFO  ozoneimpl.OzoneContainer (OzoneContainer.java:start(397)) - Attempting to start container services.
2023-05-03 09:49:00,817 [EndpointStateMachine task thread for /0.0.0.0:45911 - 0 ] INFO  ozoneimpl.OzoneContainer (OzoneContainer.java:startContainerScrub(314)) - Scheduled background container scanners and the on-demand container scanner have been disabled.
2023-05-03 09:49:00,818 [EndpointStateMachine task thread for /0.0.0.0:45911 - 0 ] INFO  replication.ReplicationServer (ReplicationServer.java:start(109)) - ReplicationServer is started using port 32821
2023-05-03 09:49:00,818 [EndpointStateMachine task thread for /0.0.0.0:45911 - 0 ] INFO  ratis.XceiverServerRatis (XceiverServerRatis.java:start(517)) - Starting XceiverServerRatis 72fabaa3-cdfe-43bb-a33d-4a5f5e85250d
2023-05-03 09:49:00,820 [EndpointStateMachine task thread for /0.0.0.0:45911 - 0 ] INFO  server.RaftServer (RaftServerProxy.java:startImpl(393)) - 72fabaa3-cdfe-43bb-a33d-4a5f5e85250d: start RPC server
2023-05-03 09:49:00,821 [EndpointStateMachine task thread for /0.0.0.0:45911 - 0 ] INFO  server.GrpcService (GrpcService.java:startImpl(262)) - 72fabaa3-cdfe-43bb-a33d-4a5f5e85250d: GrpcService started, listening on 35769
2023-05-03 09:49:00,821 [EndpointStateMachine task thread for /0.0.0.0:45911 - 0 ] INFO  ratis.XceiverServerRatis (XceiverServerRatis.java:getRealPort(543)) - XceiverServerRatis 72fabaa3-cdfe-43bb-a33d-4a5f5e85250d is started using port 35769 for RATIS
2023-05-03 09:49:00,821 [EndpointStateMachine task thread for /0.0.0.0:45911 - 0 ] INFO  ratis.XceiverServerRatis (XceiverServerRatis.java:getRealPort(543)) - XceiverServerRatis 72fabaa3-cdfe-43bb-a33d-4a5f5e85250d is started using port 35769 for RATIS_ADMIN
2023-05-03 09:49:00,821 [EndpointStateMachine task thread for /0.0.0.0:45911 - 0 ] INFO  ratis.XceiverServerRatis (XceiverServerRatis.java:getRealPort(543)) - XceiverServerRatis 72fabaa3-cdfe-43bb-a33d-4a5f5e85250d is started using port 35769 for RATIS_SERVER
2023-05-03 09:49:00,821 [EndpointStateMachine task thread for /0.0.0.0:45911 - 0 ] INFO  ratis.XceiverServerRatis (XceiverServerRatis.java:getRealPort(543)) - XceiverServerRatis 72fabaa3-cdfe-43bb-a33d-4a5f5e85250d is started using port 34957 for RATIS_DATASTREAM
2023-05-03 09:49:00,821 [JvmPauseMonitor28] INFO  util.JvmPauseMonitor (JvmPauseMonitor.java:run(105)) - JvmPauseMonitor-72fabaa3-cdfe-43bb-a33d-4a5f5e85250d: Started
2023-05-03 09:49:00,827 [EndpointStateMachine task thread for /0.0.0.0:45911 - 0 ] INFO  server.XceiverServerGrpc (XceiverServerGrpc.java:start(180)) - XceiverServerGrpc 72fabaa3-cdfe-43bb-a33d-4a5f5e85250d is started using port 35749
2023-05-03 09:49:00,827 [BlockDeletingService#0] INFO  interfaces.ContainerDeletionChoosingPolicyTemplate (ContainerDeletionChoosingPolicyTemplate.java:chooseContainerForBlockDeletion(83)) - Chosen 0/5000 blocks from 0 candidate containers.
2023-05-03 09:49:01,788 [Listener at 127.0.0.1/33547] INFO  ozone.MiniOzoneClusterImpl (MiniOzoneClusterImpl.java:lambda$waitForClusterToBeReady$0(223)) - Waiting for nodes to be ready. Got 0 of 3 DN Heartbeats.
2023-05-03 09:49:01,788 [Listener at 127.0.0.1/33547] INFO  ozone.MiniOzoneClusterImpl (MiniOzoneClusterImpl.java:lambda$waitForClusterToBeReady$0(226)) - Waiting for cluster to exit safe mode
2023-05-03 09:49:01,788 [Listener at 127.0.0.1/33547] INFO  ozone.MiniOzoneClusterImpl (MiniOzoneClusterImpl.java:lambda$waitForClusterToBeReady$0(228)) - SCM became leader
2023-05-03 09:49:02,157 [IPC Server handler 0 on default port 45911] INFO  net.NetworkTopologyImpl (NetworkTopologyImpl.java:add(112)) - Added a new node: /rack1/2944b27d-a262-4302-b37f-3bbf75b1a053
2023-05-03 09:49:02,158 [IPC Server handler 0 on default port 45911] INFO  node.SCMNodeManager (SCMNodeManager.java:register(407)) - Registered Data node : 2944b27d-a262-4302-b37f-3bbf75b1a053{ip: 10.1.0.194, host: fv-az139-793.t0dryja4c43urhy2nvp0adewnd.cx.internal.cloudapp.net, ports: [HTTP=33653, REPLICATION=42335, RATIS=38895, RATIS_ADMIN=38895, RATIS_SERVER=38895, RATIS_DATASTREAM=32901, STANDALONE=33217], networkLocation: /rack1, certSerialId: null, persistedOpState: null, persistedOpStateExpiryEpochSec: 0}
2023-05-03 09:49:02,159 [EventQueue-NodeRegistrationContainerReportForDataNodeSafeModeRule] INFO  safemode.SCMSafeModeManager (DataNodeSafeModeRule.java:process(71)) - SCM in safe mode. 1 DataNodes registered, 3 required.
2023-05-03 09:49:02,159 [EventQueue-PipelineReportForOneReplicaPipelineSafeModeRule] INFO  safemode.SCMSafeModeManager (SCMSafeModeManager.java:validateSafeModeExitRules(200)) - AtleastOneDatanodeReportedRule rule is successfully validated
2023-05-03 09:49:02,167 [EventQueue-NewNodeForNewNodeHandler] INFO  pipeline.BackgroundPipelineCreator (BackgroundPipelineCreator.java:notifyEventTriggered(276)) - trigger a one-shot run on RatisPipelineUtilsThread.
2023-05-03 09:49:02,167 [EventQueue-NodeRegistrationContainerReportForContainerSafeModeRule] INFO  safemode.SCMSafeModeManager (SCMSafeModeManager.java:validateSafeModeExitRules(200)) - ContainerSafeModeRule rule is successfully validated
2023-05-03 09:49:02,168 [RatisPipelineUtilsThread - 0] INFO  pipeline.RatisPipelineProvider (RatisPipelineProvider.java:lambda$create$0(206)) - Sending CreatePipelineCommand for pipeline:PipelineID=55e12b8c-4ba5-4ea8-94a1-257ccf70a32c to datanode:2944b27d-a262-4302-b37f-3bbf75b1a053
2023-05-03 09:49:02,168 [RatisPipelineUtilsThread - 0] INFO  pipeline.PipelineStateManagerImpl (PipelineStateManagerImpl.java:addPipeline(103)) - Created pipeline Pipeline[ Id: 55e12b8c-4ba5-4ea8-94a1-257ccf70a32c, Nodes: 2944b27d-a262-4302-b37f-3bbf75b1a053(fv-az139-793.t0dryja4c43urhy2nvp0adewnd.cx.internal.cloudapp.net/10.1.0.194), ReplicationConfig: RATIS/ONE, State:ALLOCATED, leaderId:, CreationTimestamp2023-05-03T09:49:02.168Z[Etc/UTC]].
2023-05-03 09:49:02,466 [IPC Server handler 1 on default port 45911] INFO  net.NetworkTopologyImpl (NetworkTopologyImpl.java:add(112)) - Added a new node: /rack1/1e33a790-1e4c-4469-b162-b9d936e0bfc3
2023-05-03 09:49:02,466 [IPC Server handler 1 on default port 45911] INFO  node.SCMNodeManager (SCMNodeManager.java:register(407)) - Registered Data node : 1e33a790-1e4c-4469-b162-b9d936e0bfc3{ip: 10.1.0.194, host: fv-az139-793.t0dryja4c43urhy2nvp0adewnd.cx.internal.cloudapp.net, ports: [HTTP=39451, REPLICATION=45237, RATIS=45067, RATIS_ADMIN=45067, RATIS_SERVER=45067, RATIS_DATASTREAM=45283, STANDALONE=43515], networkLocation: /rack1, certSerialId: null, persistedOpState: null, persistedOpStateExpiryEpochSec: 0}
2023-05-03 09:49:02,466 [EventQueue-NewNodeForNewNodeHandler] INFO  pipeline.BackgroundPipelineCreator (BackgroundPipelineCreator.java:notifyEventTriggered(276)) - trigger a one-shot run on RatisPipelineUtilsThread.
2023-05-03 09:49:02,466 [EventQueue-NodeRegistrationContainerReportForDataNodeSafeModeRule] INFO  safemode.SCMSafeModeManager (DataNodeSafeModeRule.java:process(71)) - SCM in safe mode. 2 DataNodes registered, 3 required.
2023-05-03 09:49:02,467 [RatisPipelineUtilsThread - 0] INFO  pipeline.RatisPipelineProvider (RatisPipelineProvider.java:lambda$create$0(206)) - Sending CreatePipelineCommand for pipeline:PipelineID=92841822-8d4d-4fca-9810-66a6d9e963b0 to datanode:1e33a790-1e4c-4469-b162-b9d936e0bfc3
2023-05-03 09:49:02,467 [RatisPipelineUtilsThread - 0] INFO  pipeline.PipelineStateManagerImpl (PipelineStateManagerImpl.java:addPipeline(103)) - Created pipeline Pipeline[ Id: 92841822-8d4d-4fca-9810-66a6d9e963b0, Nodes: 1e33a790-1e4c-4469-b162-b9d936e0bfc3(fv-az139-793.t0dryja4c43urhy2nvp0adewnd.cx.internal.cloudapp.net/10.1.0.194), ReplicationConfig: RATIS/ONE, State:ALLOCATED, leaderId:, CreationTimestamp2023-05-03T09:49:02.467Z[Etc/UTC]].
2023-05-03 09:49:02,788 [Listener at 127.0.0.1/33547] INFO  ozone.MiniOzoneClusterImpl (MiniOzoneClusterImpl.java:lambda$waitForClusterToBeReady$0(223)) - Waiting for nodes to be ready. Got 2 of 3 DN Heartbeats.
2023-05-03 09:49:02,788 [Listener at 127.0.0.1/33547] INFO  ozone.MiniOzoneClusterImpl (MiniOzoneClusterImpl.java:lambda$waitForClusterToBeReady$0(226)) - Waiting for cluster to exit safe mode
2023-05-03 09:49:02,788 [Listener at 127.0.0.1/33547] INFO  ozone.MiniOzoneClusterImpl (MiniOzoneClusterImpl.java:lambda$waitForClusterToBeReady$0(228)) - SCM became leader
2023-05-03 09:49:02,788 [IPC Server handler 2 on default port 45911] INFO  net.NetworkTopologyImpl (NetworkTopologyImpl.java:add(112)) - Added a new node: /rack1/72fabaa3-cdfe-43bb-a33d-4a5f5e85250d
2023-05-03 09:49:02,788 [IPC Server handler 2 on default port 45911] INFO  node.SCMNodeManager (SCMNodeManager.java:register(407)) - Registered Data node : 72fabaa3-cdfe-43bb-a33d-4a5f5e85250d{ip: 10.1.0.194, host: fv-az139-793.t0dryja4c43urhy2nvp0adewnd.cx.internal.cloudapp.net, ports: [HTTP=38903, REPLICATION=32821, RATIS=35769, RATIS_ADMIN=35769, RATIS_SERVER=35769, RATIS_DATASTREAM=34957, STANDALONE=35749], networkLocation: /rack1, certSerialId: null, persistedOpState: null, persistedOpStateExpiryEpochSec: 0}
2023-05-03 09:49:02,789 [EventQueue-NewNodeForNewNodeHandler] INFO  pipeline.BackgroundPipelineCreator (BackgroundPipelineCreator.java:notifyEventTriggered(276)) - trigger a one-shot run on RatisPipelineUtilsThread.
2023-05-03 09:49:02,790 [EventQueue-NodeRegistrationContainerReportForDataNodeSafeModeRule] INFO  safemode.SCMSafeModeManager (DataNodeSafeModeRule.java:process(71)) - SCM in safe mode. 3 DataNodes registered, 3 required.
2023-05-03 09:49:02,790 [EventQueue-NodeRegistrationContainerReportForDataNodeSafeModeRule] INFO  safemode.SCMSafeModeManager (SCMSafeModeManager.java:validateSafeModeExitRules(200)) - DataNodeSafeModeRule rule is successfully validated
2023-05-03 09:49:02,790 [EventQueue-NodeRegistrationContainerReportForDataNodeSafeModeRule] INFO  safemode.SCMSafeModeManager (SCMSafeModeManager.java:completePreCheck(229)) - All SCM safe mode pre check rules have passed
2023-05-03 09:49:02,790 [EventQueue-NodeRegistrationContainerReportForDataNodeSafeModeRule] INFO  ha.SCMContext (SCMContext.java:updateSafeModeStatus(228)) - Update SafeModeStatus from SafeModeStatus{safeModeStatus=true, preCheckPassed=false} to SafeModeStatus{safeModeStatus=true, preCheckPassed=true}.
2023-05-03 09:49:02,790 [EventQueue-NodeRegistrationContainerReportForDataNodeSafeModeRule] INFO  pipeline.BackgroundPipelineCreator (BackgroundPipelineCreator.java:notifyEventTriggered(276)) - trigger a one-shot run on RatisPipelineUtilsThread.
2023-05-03 09:49:02,790 [RatisPipelineUtilsThread - 0] INFO  pipeline.RatisPipelineProvider (RatisPipelineProvider.java:lambda$create$0(206)) - Sending CreatePipelineCommand for pipeline:PipelineID=9056b940-fb8b-4875-bc61-d9c4cd305fa9 to datanode:72fabaa3-cdfe-43bb-a33d-4a5f5e85250d
2023-05-03 09:49:02,790 [RatisPipelineUtilsThread - 0] INFO  pipeline.PipelineStateManagerImpl (PipelineStateManagerImpl.java:addPipeline(103)) - Created pipeline Pipeline[ Id: 9056b940-fb8b-4875-bc61-d9c4cd305fa9, Nodes: 72fabaa3-cdfe-43bb-a33d-4a5f5e85250d(fv-az139-793.t0dryja4c43urhy2nvp0adewnd.cx.internal.cloudapp.net/10.1.0.194), ReplicationConfig: RATIS/ONE, State:ALLOCATED, leaderId:, CreationTimestamp2023-05-03T09:49:02.789Z[Etc/UTC]].
2023-05-03 09:49:02,791 [RatisPipelineUtilsThread - 0] INFO  pipeline.RatisPipelineProvider (RatisPipelineProvider.java:lambda$create$0(206)) - Sending CreatePipelineCommand for pipeline:PipelineID=2a5a26e5-761f-46ca-afd4-7eab92daca6b to datanode:2944b27d-a262-4302-b37f-3bbf75b1a053
2023-05-03 09:49:02,791 [RatisPipelineUtilsThread - 0] INFO  pipeline.RatisPipelineProvider (RatisPipelineProvider.java:lambda$create$0(206)) - Sending CreatePipelineCommand for pipeline:PipelineID=2a5a26e5-761f-46ca-afd4-7eab92daca6b to datanode:72fabaa3-cdfe-43bb-a33d-4a5f5e85250d
2023-05-03 09:49:02,791 [RatisPipelineUtilsThread - 0] INFO  pipeline.RatisPipelineProvider (RatisPipelineProvider.java:lambda$create$0(206)) - Sending CreatePipelineCommand for pipeline:PipelineID=2a5a26e5-761f-46ca-afd4-7eab92daca6b to datanode:1e33a790-1e4c-4469-b162-b9d936e0bfc3
2023-05-03 09:49:02,791 [RatisPipelineUtilsThread - 0] INFO  pipeline.PipelineStateManagerImpl (PipelineStateManagerImpl.java:addPipeline(103)) - Created pipeline Pipeline[ Id: 2a5a26e5-761f-46ca-afd4-7eab92daca6b, Nodes: 2944b27d-a262-4302-b37f-3bbf75b1a053(fv-az139-793.t0dryja4c43urhy2nvp0adewnd.cx.internal.cloudapp.net/10.1.0.194)72fabaa3-cdfe-43bb-a33d-4a5f5e85250d(fv-az139-793.t0dryja4c43urhy2nvp0adewnd.cx.internal.cloudapp.net/10.1.0.194)1e33a790-1e4c-4469-b162-b9d936e0bfc3(fv-az139-793.t0dryja4c43urhy2nvp0adewnd.cx.internal.cloudapp.net/10.1.0.194), ReplicationConfig: RATIS/THREE, State:ALLOCATED, leaderId:, CreationTimestamp2023-05-03T09:49:02.791Z[Etc/UTC]].
2023-05-03 09:49:02,791 [RatisPipelineUtilsThread - 0] INFO  pipeline.RatisPipelineProvider (RatisPipelineProvider.java:lambda$create$0(206)) - Sending CreatePipelineCommand for pipeline:PipelineID=42bdaf33-ee3f-4ab0-ae6f-9595de9adec6 to datanode:72fabaa3-cdfe-43bb-a33d-4a5f5e85250d
2023-05-03 09:49:02,792 [RatisPipelineUtilsThread - 0] INFO  pipeline.RatisPipelineProvider (RatisPipelineProvider.java:lambda$create$0(206)) - Sending CreatePipelineCommand for pipeline:PipelineID=42bdaf33-ee3f-4ab0-ae6f-9595de9adec6 to datanode:1e33a790-1e4c-4469-b162-b9d936e0bfc3
2023-05-03 09:49:02,792 [RatisPipelineUtilsThread - 0] INFO  pipeline.RatisPipelineProvider (RatisPipelineProvider.java:lambda$create$0(206)) - Sending CreatePipelineCommand for pipeline:PipelineID=42bdaf33-ee3f-4ab0-ae6f-9595de9adec6 to datanode:2944b27d-a262-4302-b37f-3bbf75b1a053
2023-05-03 09:49:02,792 [RatisPipelineUtilsThread - 0] INFO  pipeline.PipelineStateManagerImpl (PipelineStateManagerImpl.java:addPipeline(103)) - Created pipeline Pipeline[ Id: 42bdaf33-ee3f-4ab0-ae6f-9595de9adec6, Nodes: 72fabaa3-cdfe-43bb-a33d-4a5f5e85250d(fv-az139-793.t0dryja4c43urhy2nvp0adewnd.cx.internal.cloudapp.net/10.1.0.194)1e33a790-1e4c-4469-b162-b9d936e0bfc3(fv-az139-793.t0dryja4c43urhy2nvp0adewnd.cx.internal.cloudapp.net/10.1.0.194)2944b27d-a262-4302-b37f-3bbf75b1a053(fv-az139-793.t0dryja4c43urhy2nvp0adewnd.cx.internal.cloudapp.net/10.1.0.194), ReplicationConfig: RATIS/THREE, State:ALLOCATED, leaderId:, CreationTimestamp2023-05-03T09:49:02.791Z[Etc/UTC]].
2023-05-03 09:49:02,792 [RatisPipelineUtilsThread - 0] INFO  pipeline.PipelineManagerImpl (PipelineManagerImpl.java:recordMetricsForPipeline(826)) - Pipeline: PipelineID=42bdaf33-ee3f-4ab0-ae6f-9595de9adec6 contains same datanodes as previous pipelines: PipelineID=2a5a26e5-761f-46ca-afd4-7eab92daca6b nodeIds: 72fabaa3-cdfe-43bb-a33d-4a5f5e85250d, 1e33a790-1e4c-4469-b162-b9d936e0bfc3, 2944b27d-a262-4302-b37f-3bbf75b1a053
2023-05-03 09:49:02,792 [RatisPipelineUtilsThread - 0] WARN  pipeline.PipelinePlacementPolicy (PipelinePlacementPolicy.java:filterViableNodes(160)) - Pipeline creation failed due to no sufficient healthy datanodes. Required 3. Found 0. Excluded 3.
2023-05-03 09:49:02,792 [RatisPipelineUtilsThread - 0] WARN  pipeline.PipelinePlacementPolicy (PipelinePlacementPolicy.java:filterViableNodes(160)) - Pipeline creation failed due to no sufficient healthy datanodes. Required 3. Found 0. Excluded 3.
2023-05-03 09:49:03,788 [Listener at 127.0.0.1/33547] INFO  ozone.MiniOzoneClusterImpl (MiniOzoneClusterImpl.java:lambda$waitForClusterToBeReady$0(223)) - Nodes are ready. Got 3 of 3 DN Heartbeats.
2023-05-03 09:49:03,788 [Listener at 127.0.0.1/33547] INFO  ozone.MiniOzoneClusterImpl (MiniOzoneClusterImpl.java:lambda$waitForClusterToBeReady$0(226)) - Waiting for cluster to exit safe mode
2023-05-03 09:49:03,789 [Listener at 127.0.0.1/33547] INFO  ozone.MiniOzoneClusterImpl (MiniOzoneClusterImpl.java:lambda$waitForClusterToBeReady$0(228)) - SCM became leader
2023-05-03 09:49:04,789 [Listener at 127.0.0.1/33547] INFO  ozone.MiniOzoneClusterImpl (MiniOzoneClusterImpl.java:lambda$waitForClusterToBeReady$0(223)) - Nodes are ready. Got 3 of 3 DN Heartbeats.
2023-05-03 09:49:04,789 [Listener at 127.0.0.1/33547] INFO  ozone.MiniOzoneClusterImpl (MiniOzoneClusterImpl.java:lambda$waitForClusterToBeReady$0(226)) - Waiting for cluster to exit safe mode
2023-05-03 09:49:04,789 [Listener at 127.0.0.1/33547] INFO  ozone.MiniOzoneClusterImpl (MiniOzoneClusterImpl.java:lambda$waitForClusterToBeReady$0(228)) - SCM became leader
2023-05-03 09:49:05,153 [Command processor thread] INFO  server.RaftServer (RaftServerProxy.java:addNew(96)) - 2944b27d-a262-4302-b37f-3bbf75b1a053: addNew group-257CCF70A32C:[2944b27d-a262-4302-b37f-3bbf75b1a053|rpc:10.1.0.194:38895|dataStream:10.1.0.194:32901|priority:1|startupRole:FOLLOWER] returns group-257CCF70A32C:java.util.concurrent.CompletableFuture@1203f20a[Not completed]
2023-05-03 09:49:05,154 [pool-1083-thread-1] INFO  server.RaftServer$Division (RaftServerImpl.java:<init>(195)) - 2944b27d-a262-4302-b37f-3bbf75b1a053: new RaftServerImpl for group-257CCF70A32C:[2944b27d-a262-4302-b37f-3bbf75b1a053|rpc:10.1.0.194:38895|dataStream:10.1.0.194:32901|priority:1|startupRole:FOLLOWER] with ContainerStateMachine:uninitialized
2023-05-03 09:49:05,154 [pool-1083-thread-1] INFO  server.RaftServerConfigKeys (ConfUtils.java:logGet(46)) - raft.server.rpc.timeout.min = 5s (custom)
2023-05-03 09:49:05,154 [pool-1083-thread-1] INFO  server.RaftServerConfigKeys (ConfUtils.java:logGet(46)) - raft.server.rpc.timeout.max = 5200ms (custom)
2023-05-03 09:49:05,154 [pool-1083-thread-1] INFO  server.RaftServerConfigKeys (ConfUtils.java:logGet(46)) - raft.server.rpc.sleep.time = 25ms (default)
2023-05-03 09:49:05,154 [pool-1083-thread-1] INFO  server.RaftServerConfigKeys (ConfUtils.java:logGet(46)) - raft.server.rpc.slowness.timeout = 300s (custom)
2023-05-03 09:49:05,154 [pool-1083-thread-1] INFO  server.RaftServerConfigKeys (ConfUtils.java:logGet(46)) - raft.server.leaderelection.leader.step-down.wait-time = 10s (default)
2023-05-03 09:49:05,154 [pool-1083-thread-1] INFO  server.RaftServerConfigKeys (ConfUtils.java:logGet(46)) - raft.server.sleep.deviation.threshold = 300ms (default)
2023-05-03 09:49:05,155 [pool-1083-thread-1] INFO  server.RaftServer$Division (ServerState.java:<init>(118)) - 2944b27d-a262-4302-b37f-3bbf75b1a053@group-257CCF70A32C: ConfigurationManager, init=-1: peers:[2944b27d-a262-4302-b37f-3bbf75b1a053|rpc:10.1.0.194:38895|dataStream:10.1.0.194:32901|priority:1|startupRole:FOLLOWER]|listeners:[], old=null, confs=<EMPTY_MAP>
2023-05-03 09:49:05,155 [pool-1083-thread-1] INFO  server.RaftServerConfigKeys (ConfUtils.java:logGet(46)) - raft.server.storage.dir = [/home/runner/work/ozone/ozone/hadoop-ozone/integration-test/target/test-dir/MiniOzoneClusterImpl-42c2526b-3b93-44e4-b696-93ac236191fb/datanode-0/data/ratis] (custom)
2023-05-03 09:49:05,155 [pool-1083-thread-1] INFO  server.RaftServerConfigKeys (ConfUtils.java:logGet(46)) - raft.server.log.corruption.policy = EXCEPTION (default)
2023-05-03 09:49:05,155 [pool-1083-thread-1] INFO  server.RaftServerConfigKeys (ConfUtils.java:logGet(46)) - raft.server.storage.free-space.min = 0MB (=0) (default)
2023-05-03 09:49:05,155 [pool-1083-thread-1] INFO  server.RaftServerConfigKeys (ConfUtils.java:logGet(46)) - raft.server.notification.no-leader.timeout = 300s (custom)
2023-05-03 09:49:05,155 [pool-1083-thread-1] INFO  server.RaftServerConfigKeys (ConfUtils.java:logGet(46)) - raft.server.retrycache.expirytime = 600000ms (custom)
2023-05-03 09:49:05,155 [pool-1083-thread-1] INFO  server.RaftServerConfigKeys (ConfUtils.java:logGet(46)) - raft.server.retrycache.statistics.expirytime = 100μs (default)
2023-05-03 09:49:05,155 [pool-1083-thread-1] INFO  server.RaftServerConfigKeys (ConfUtils.java:logGet(46)) - raft.server.log.appender.install.snapshot.enabled = false (custom)
2023-05-03 09:49:05,155 [pool-1083-thread-1] INFO  server.RaftServerConfigKeys (ConfUtils.java:logGet(46)) - raft.server.threadpool.server.cached = true (default)
2023-05-03 09:49:05,155 [pool-1083-thread-1] INFO  server.RaftServerConfigKeys (ConfUtils.java:logGet(46)) - raft.server.threadpool.server.size = 0 (default)
2023-05-03 09:49:05,156 [pool-1083-thread-1] INFO  server.RaftServerConfigKeys (ConfUtils.java:logGet(46)) - raft.server.threadpool.client.cached = true (default)
2023-05-03 09:49:05,156 [pool-1083-thread-1] INFO  server.RaftServerConfigKeys (ConfUtils.java:logGet(46)) - raft.server.threadpool.client.size = 0 (default)
2023-05-03 09:49:05,156 [pool-1083-thread-1] INFO  storage.RaftStorageDirectory (RaftStorageDirectoryImpl.java:analyzeStorage(137)) - The storage directory /home/runner/work/ozone/ozone/hadoop-ozone/integration-test/target/test-dir/MiniOzoneClusterImpl-42c2526b-3b93-44e4-b696-93ac236191fb/datanode-0/data/ratis/55e12b8c-4ba5-4ea8-94a1-257ccf70a32c does not exist. Creating ...
2023-05-03 09:49:05,157 [pool-1083-thread-1] INFO  storage.RaftStorageDirectory (RaftStorageDirectoryImpl.java:tryLock(231)) - Lock on /home/runner/work/ozone/ozone/hadoop-ozone/integration-test/target/test-dir/MiniOzoneClusterImpl-42c2526b-3b93-44e4-b696-93ac236191fb/datanode-0/data/ratis/55e12b8c-4ba5-4ea8-94a1-257ccf70a32c/in_use.lock acquired by nodename 7780@fv-az139-793
2023-05-03 09:49:05,158 [pool-1083-thread-1] INFO  storage.RaftStorage (RaftStorageImpl.java:format(96)) - Storage directory /home/runner/work/ozone/ozone/hadoop-ozone/integration-test/target/test-dir/MiniOzoneClusterImpl-42c2526b-3b93-44e4-b696-93ac236191fb/datanode-0/data/ratis/55e12b8c-4ba5-4ea8-94a1-257ccf70a32c has been successfully formatted.
2023-05-03 09:49:05,159 [pool-1083-thread-1] INFO  ratis.ContainerStateMachine (ContainerStateMachine.java:loadSnapshot(262)) - group-257CCF70A32C: The snapshot info is null. Setting the last applied indexto:(t:0, i:~)
2023-05-03 09:49:05,159 [pool-1083-thread-1] INFO  server.RaftServerConfigKeys (ConfUtils.java:logGet(46)) - raft.server.log.use.memory = false (default)
2023-05-03 09:49:05,159 [pool-1083-thread-1] INFO  server.RaftServerConfigKeys (ConfUtils.java:logGet(46)) - raft.server.log.purge.gap = 1000000 (custom)
2023-05-03 09:49:05,159 [pool-1083-thread-1] INFO  server.RaftServerConfigKeys (ConfUtils.java:logGet(46)) - raft.server.log.appender.buffer.byte-limit = 33554432 (custom)
2023-05-03 09:49:05,159 [pool-1083-thread-1] INFO  server.RaftServerConfigKeys (ConfUtils.java:logGet(46)) - raft.server.log.statemachine.data.read.timeout = 1000ms (default)
2023-05-03 09:49:05,159 [pool-1083-thread-1] INFO  server.RaftServerConfigKeys (ConfUtils.java:logGet(46)) - raft.server.log.purge.preservation.log.num = 0 (default)
2023-05-03 09:49:05,159 [pool-1083-thread-1] INFO  server.RaftServerConfigKeys (ConfUtils.java:logGet(46)) - raft.server.log.segment.size.max = 1048576 (custom)
2023-05-03 09:49:05,160 [EventQueue-PipelineReportForPipelineReportHandler] INFO  pipeline.PipelineManagerImpl (PipelineManagerImpl.java:openPipeline(367)) - Pipeline Pipeline[ Id: 55e12b8c-4ba5-4ea8-94a1-257ccf70a32c, Nodes: 2944b27d-a262-4302-b37f-3bbf75b1a053(fv-az139-793.t0dryja4c43urhy2nvp0adewnd.cx.internal.cloudapp.net/10.1.0.194), ReplicationConfig: RATIS/ONE, State:ALLOCATED, leaderId:2944b27d-a262-4302-b37f-3bbf75b1a053, CreationTimestamp2023-05-03T09:49:02.168Z[Etc/UTC]] moved to OPEN state
2023-05-03 09:49:05,162 [pool-1083-thread-1] INFO  server.RaftServerConfigKeys (ConfUtils.java:logGet(46)) - raft.server.log.segment.cache.num.max = 2 (custom)
2023-05-03 09:49:05,162 [pool-1083-thread-1] INFO  server.RaftServerConfigKeys (ConfUtils.java:logGet(46)) - raft.server.log.segment.cache.size.max = 200MB (=209715200) (default)
2023-05-03 09:49:05,162 [pool-1083-thread-1] INFO  segmented.SegmentedRaftLogWorker (SegmentedRaftLogWorker.java:<init>(189)) - new 2944b27d-a262-4302-b37f-3bbf75b1a053@group-257CCF70A32C-SegmentedRaftLogWorker for RaftStorageImpl:Storage Directory /home/runner/work/ozone/ozone/hadoop-ozone/integration-test/target/test-dir/MiniOzoneClusterImpl-42c2526b-3b93-44e4-b696-93ac236191fb/datanode-0/data/ratis/55e12b8c-4ba5-4ea8-94a1-257ccf70a32c
2023-05-03 09:49:05,162 [pool-1083-thread-1] INFO  server.RaftServerConfigKeys (ConfUtils.java:logGet(46)) - raft.server.log.queue.byte-limit = 4294967296 (custom)
2023-05-03 09:49:05,162 [pool-1083-thread-1] INFO  server.RaftServerConfigKeys (ConfUtils.java:logGet(46)) - raft.server.log.queue.element-limit = 1024 (custom)
2023-05-03 09:49:05,162 [pool-1083-thread-1] INFO  server.RaftServerConfigKeys (ConfUtils.java:logGet(46)) - raft.server.log.segment.size.max = 1048576 (custom)
2023-05-03 09:49:05,162 [pool-1083-thread-1] INFO  server.RaftServerConfigKeys (ConfUtils.java:logGet(46)) - raft.server.log.preallocated.size = 16384 (custom)
2023-05-03 09:49:05,162 [pool-1083-thread-1] INFO  server.RaftServerConfigKeys (ConfUtils.java:logGet(46)) - raft.server.log.force.sync.num = 128 (default)
2023-05-03 09:49:05,162 [pool-1083-thread-1] INFO  server.RaftServerConfigKeys (ConfUtils.java:logGet(46)) - raft.server.log.statemachine.data.sync = true (default)
2023-05-03 09:49:05,162 [pool-1083-thread-1] INFO  server.RaftServerConfigKeys (ConfUtils.java:logGet(46)) - raft.server.log.statemachine.data.sync.timeout = 10s (default)
2023-05-03 09:49:05,162 [pool-1083-thread-1] INFO  server.RaftServerConfigKeys (ConfUtils.java:logGet(46)) - raft.server.log.statemachine.data.sync.timeout.retry = -1 (default)
2023-05-03 09:49:05,162 [pool-1083-thread-1] INFO  server.RaftServerConfigKeys (ConfUtils.java:logGet(46)) - raft.server.log.write.buffer.size = 1048576 (custom)
2023-05-03 09:49:05,163 [EventQueue-OpenPipelineForHealthyPipelineSafeModeRule] INFO  safemode.SCMSafeModeManager (HealthyPipelineSafeModeRule.java:process(137)) - SCM in safe mode. Healthy pipelines reported count is 0, required healthy pipeline reported count is 1
2023-05-03 09:49:05,163 [pool-1083-thread-1] INFO  server.RaftServerConfigKeys (ConfUtils.java:logGet(46)) - raft.server.log.appender.buffer.byte-limit = 33554432 (custom)
2023-05-03 09:49:05,166 [pool-1083-thread-1] INFO  server.RaftServerConfigKeys (ConfUtils.java:logGet(46)) - raft.server.log.unsafe-flush.enabled = false (default)
2023-05-03 09:49:05,166 [pool-1083-thread-1] INFO  server.RaftServerConfigKeys (ConfUtils.java:logGet(46)) - raft.server.log.async-flush.enabled = false (default)
2023-05-03 09:49:05,166 [pool-1083-thread-1] INFO  server.RaftServerConfigKeys (ConfUtils.java:logGet(46)) - raft.server.log.statemachine.data.caching.enabled = true (custom)
2023-05-03 09:49:05,166 [pool-1083-thread-1] INFO  segmented.SegmentedRaftLogWorker (SegmentedRaftLogWorker.java:lambda$new$0(135)) - 2944b27d-a262-4302-b37f-3bbf75b1a053@group-257CCF70A32C-SegmentedRaftLogWorker: flushIndex: setUnconditionally 0 -> -1
2023-05-03 09:49:05,166 [pool-1083-thread-1] INFO  segmented.SegmentedRaftLogWorker (SegmentedRaftLogWorker.java:lambda$new$0(135)) - 2944b27d-a262-4302-b37f-3bbf75b1a053@group-257CCF70A32C-SegmentedRaftLogWorker: safeCacheEvictIndex: setUnconditionally 0 -> -1
2023-05-03 09:49:05,166 [pool-1083-thread-1] INFO  server.RaftServer$Division (RaftServerImpl.java:start(334)) - 2944b27d-a262-4302-b37f-3bbf75b1a053@group-257CCF70A32C: start as a follower, conf=-1: peers:[2944b27d-a262-4302-b37f-3bbf75b1a053|rpc:10.1.0.194:38895|dataStream:10.1.0.194:32901|priority:1|startupRole:FOLLOWER]|listeners:[], old=null
2023-05-03 09:49:05,166 [pool-1083-thread-1] INFO  server.RaftServer$Division (RaftServerImpl.java:setRole(321)) - 2944b27d-a262-4302-b37f-3bbf75b1a053@group-257CCF70A32C: changes role from      null to FOLLOWER at term 0 for startAsFollower
2023-05-03 09:49:05,166 [pool-1083-thread-1] INFO  impl.RoleInfo (RoleInfo.java:updateAndGet(139)) - 2944b27d-a262-4302-b37f-3bbf75b1a053: start 2944b27d-a262-4302-b37f-3bbf75b1a053@group-257CCF70A32C-FollowerState
2023-05-03 09:49:05,170 [pool-1083-thread-1] INFO  util.JmxRegister (JmxRegister.java:tryRegister(44)) - Successfully registered JMX Bean with object name Ratis:service=RaftServer,group=group-257CCF70A32C,id=2944b27d-a262-4302-b37f-3bbf75b1a053
2023-05-03 09:49:05,170 [pool-1083-thread-1] INFO  server.RaftServerConfigKeys (ConfUtils.java:logGet(46)) - raft.server.snapshot.auto.trigger.enabled = true (custom)
2023-05-03 09:49:05,170 [pool-1083-thread-1] INFO  server.RaftServerConfigKeys (ConfUtils.java:logGet(46)) - raft.server.snapshot.auto.trigger.threshold = 10000 (custom)
2023-05-03 09:49:05,170 [pool-1083-thread-1] INFO  server.RaftServerConfigKeys (ConfUtils.java:logGet(46)) - raft.server.snapshot.retention.file.num = 5 (custom)
2023-05-03 09:49:05,170 [pool-1083-thread-1] INFO  server.RaftServerConfigKeys (ConfUtils.java:logGet(46)) - raft.server.log.purge.upto.snapshot.index = false (default)
2023-05-03 09:49:05,171 [2944b27d-a262-4302-b37f-3bbf75b1a053@group-257CCF70A32C-FollowerState] INFO  server.RaftServerConfigKeys (ConfUtils.java:logFallback(53)) - raft.server.rpc.first-election.timeout.min = 5s (fallback to raft.server.rpc.timeout.min)
2023-05-03 09:49:05,171 [2944b27d-a262-4302-b37f-3bbf75b1a053@group-257CCF70A32C-FollowerState] INFO  server.RaftServerConfigKeys (ConfUtils.java:logFallback(53)) - raft.server.rpc.first-election.timeout.max = 5200ms (fallback to raft.server.rpc.timeout.max)
2023-05-03 09:49:05,176 [Command processor thread] INFO  ratis.XceiverServerRatis (XceiverServerRatis.java:addGroup(806)) - Created group PipelineID=55e12b8c-4ba5-4ea8-94a1-257ccf70a32c
2023-05-03 09:49:05,176 [Command processor thread] INFO  commandhandler.CreatePipelineCommandHandler (CreatePipelineCommandHandler.java:handle(113)) - Created Pipeline RATIS ONE PipelineID=55e12b8c-4ba5-4ea8-94a1-257ccf70a32c.
2023-05-03 09:49:05,177 [Command processor thread] INFO  server.RaftServer (RaftServerProxy.java:addNew(96)) - 2944b27d-a262-4302-b37f-3bbf75b1a053: addNew group-7EAB92DACA6B:[1e33a790-1e4c-4469-b162-b9d936e0bfc3|rpc:10.1.0.194:45067|dataStream:10.1.0.194:45283|priority:0|startupRole:FOLLOWER, 72fabaa3-cdfe-43bb-a33d-4a5f5e85250d|rpc:10.1.0.194:35769|dataStream:10.1.0.194:34957|priority:1|startupRole:FOLLOWER, 2944b27d-a262-4302-b37f-3bbf75b1a053|rpc:10.1.0.194:38895|dataStream:10.1.0.194:32901|priority:0|startupRole:FOLLOWER] returns group-7EAB92DACA6B:java.util.concurrent.CompletableFuture@163c7492[Not completed]
2023-05-03 09:49:05,177 [pool-1083-thread-1] INFO  server.RaftServer$Division (RaftServerImpl.java:<init>(195)) - 2944b27d-a262-4302-b37f-3bbf75b1a053: new RaftServerImpl for group-7EAB92DACA6B:[1e33a790-1e4c-4469-b162-b9d936e0bfc3|rpc:10.1.0.194:45067|dataStream:10.1.0.194:45283|priority:0|startupRole:FOLLOWER, 72fabaa3-cdfe-43bb-a33d-4a5f5e85250d|rpc:10.1.0.194:35769|dataStream:10.1.0.194:34957|priority:1|startupRole:FOLLOWER, 2944b27d-a262-4302-b37f-3bbf75b1a053|rpc:10.1.0.194:38895|dataStream:10.1.0.194:32901|priority:0|startupRole:FOLLOWER] with ContainerStateMachine:uninitialized
2023-05-03 09:49:05,177 [pool-1083-thread-1] INFO  server.RaftServerConfigKeys (ConfUtils.java:logGet(46)) - raft.server.rpc.timeout.min = 5s (custom)
2023-05-03 09:49:05,177 [pool-1083-thread-1] INFO  server.RaftServerConfigKeys (ConfUtils.java:logGet(46)) - raft.server.rpc.timeout.max = 5200ms (custom)
2023-05-03 09:49:05,177 [pool-1083-thread-1] INFO  server.RaftServerConfigKeys (ConfUtils.java:logGet(46)) - raft.server.rpc.sleep.time = 25ms (default)
2023-05-03 09:49:05,177 [pool-1083-thread-1] INFO  server.RaftServerConfigKeys (ConfUtils.java:logGet(46)) - raft.server.rpc.slowness.timeout = 300s (custom)
2023-05-03 09:49:05,177 [pool-1083-thread-1] INFO  server.RaftServerConfigKeys (ConfUtils.java:logGet(46)) - raft.server.leaderelection.leader.step-down.wait-time = 10s (default)
2023-05-03 09:49:05,178 [pool-1083-thread-1] INFO  server.RaftServerConfigKeys (ConfUtils.java:logGet(46)) - raft.server.sleep.deviation.threshold = 300ms (default)
2023-05-03 09:49:05,178 [pool-1083-thread-1] INFO  server.RaftServer$Division (ServerState.java:<init>(118)) - 2944b27d-a262-4302-b37f-3bbf75b1a053@group-7EAB92DACA6B: ConfigurationManager, init=-1: peers:[1e33a790-1e4c-4469-b162-b9d936e0bfc3|rpc:10.1.0.194:45067|dataStream:10.1.0.194:45283|priority:0|startupRole:FOLLOWER, 72fabaa3-cdfe-43bb-a33d-4a5f5e85250d|rpc:10.1.0.194:35769|dataStream:10.1.0.194:34957|priority:1|startupRole:FOLLOWER, 2944b27d-a262-4302-b37f-3bbf75b1a053|rpc:10.1.0.194:38895|dataStream:10.1.0.194:32901|priority:0|startupRole:FOLLOWER]|listeners:[], old=null, confs=<EMPTY_MAP>
2023-05-03 09:49:05,178 [pool-1083-thread-1] INFO  server.RaftServerConfigKeys (ConfUtils.java:logGet(46)) - raft.server.storage.dir = [/home/runner/work/ozone/ozone/hadoop-ozone/integration-test/target/test-dir/MiniOzoneClusterImpl-42c2526b-3b93-44e4-b696-93ac236191fb/datanode-0/data/ratis] (custom)
2023-05-03 09:49:05,178 [pool-1083-thread-1] INFO  server.RaftServerConfigKeys (ConfUtils.java:logGet(46)) - raft.server.log.corruption.policy = EXCEPTION (default)
2023-05-03 09:49:05,178 [pool-1083-thread-1] INFO  server.RaftServerConfigKeys (ConfUtils.java:logGet(46)) - raft.server.storage.free-space.min = 0MB (=0) (default)
2023-05-03 09:49:05,178 [pool-1083-thread-1] INFO  server.RaftServerConfigKeys (ConfUtils.java:logGet(46)) - raft.server.notification.no-leader.timeout = 300s (custom)
2023-05-03 09:49:05,178 [pool-1083-thread-1] INFO  server.RaftServerConfigKeys (ConfUtils.java:logGet(46)) - raft.server.retrycache.expirytime = 600000ms (custom)
2023-05-03 09:49:05,178 [pool-1083-thread-1] INFO  server.RaftServerConfigKeys (ConfUtils.java:logGet(46)) - raft.server.retrycache.statistics.expirytime = 100μs (default)
2023-05-03 09:49:05,178 [pool-1083-thread-1] INFO  server.RaftServerConfigKeys (ConfUtils.java:logGet(46)) - raft.server.log.appender.install.snapshot.enabled = false (custom)
2023-05-03 09:49:05,178 [pool-1083-thread-1] INFO  server.RaftServerConfigKeys (ConfUtils.java:logGet(46)) - raft.server.threadpool.server.cached = true (default)
2023-05-03 09:49:05,178 [pool-1083-thread-1] INFO  server.RaftServerConfigKeys (ConfUtils.java:logGet(46)) - raft.server.threadpool.server.size = 0 (default)
2023-05-03 09:49:05,178 [pool-1083-thread-1] INFO  server.RaftServerConfigKeys (ConfUtils.java:logGet(46)) - raft.server.threadpool.client.cached = true (default)
2023-05-03 09:49:05,178 [pool-1083-thread-1] INFO  server.RaftServerConfigKeys (ConfUtils.java:logGet(46)) - raft.server.threadpool.client.size = 0 (default)
2023-05-03 09:49:05,179 [pool-1083-thread-1] INFO  storage.RaftStorageDirectory (RaftStorageDirectoryImpl.java:analyzeStorage(137)) - The storage directory /home/runner/work/ozone/ozone/hadoop-ozone/integration-test/target/test-dir/MiniOzoneClusterImpl-42c2526b-3b93-44e4-b696-93ac236191fb/datanode-0/data/ratis/2a5a26e5-761f-46ca-afd4-7eab92daca6b does not exist. Creating ...
2023-05-03 09:49:05,180 [pool-1083-thread-1] INFO  storage.RaftStorageDirectory (RaftStorageDirectoryImpl.java:tryLock(231)) - Lock on /home/runner/work/ozone/ozone/hadoop-ozone/integration-test/target/test-dir/MiniOzoneClusterImpl-42c2526b-3b93-44e4-b696-93ac236191fb/datanode-0/data/ratis/2a5a26e5-761f-46ca-afd4-7eab92daca6b/in_use.lock acquired by nodename 7780@fv-az139-793
2023-05-03 09:49:05,180 [pool-1083-thread-1] INFO  storage.RaftStorage (RaftStorageImpl.java:format(96)) - Storage directory /home/runner/work/ozone/ozone/hadoop-ozone/integration-test/target/test-dir/MiniOzoneClusterImpl-42c2526b-3b93-44e4-b696-93ac236191fb/datanode-0/data/ratis/2a5a26e5-761f-46ca-afd4-7eab92daca6b has been successfully formatted.
2023-05-03 09:49:05,181 [pool-1083-thread-1] INFO  ratis.ContainerStateMachine (ContainerStateMachine.java:loadSnapshot(262)) - group-7EAB92DACA6B: The snapshot info is null. Setting the last applied indexto:(t:0, i:~)
2023-05-03 09:49:05,182 [EventQueue-OpenPipelineForHealthyPipelineSafeModeRule] INFO  safemode.SCMSafeModeManager (HealthyPipelineSafeModeRule.java:process(137)) - SCM in safe mode. Healthy pipelines reported count is 0, required healthy pipeline reported count is 1
2023-05-03 09:49:05,182 [pool-1083-thread-1] INFO  server.RaftServerConfigKeys (ConfUtils.java:logGet(46)) - raft.server.log.use.memory = false (default)
2023-05-03 09:49:05,182 [pool-1083-thread-1] INFO  server.RaftServerConfigKeys (ConfUtils.java:logGet(46)) - raft.server.log.purge.gap = 1000000 (custom)
2023-05-03 09:49:05,182 [pool-1083-thread-1] INFO  server.RaftServerConfigKeys (ConfUtils.java:logGet(46)) - raft.server.log.appender.buffer.byte-limit = 33554432 (custom)
2023-05-03 09:49:05,182 [pool-1083-thread-1] INFO  server.RaftServerConfigKeys (ConfUtils.java:logGet(46)) - raft.server.log.statemachine.data.read.timeout = 1000ms (default)
2023-05-03 09:49:05,182 [pool-1083-thread-1] INFO  server.RaftServerConfigKeys (ConfUtils.java:logGet(46)) - raft.server.log.purge.preservation.log.num = 0 (default)
2023-05-03 09:49:05,182 [pool-1083-thread-1] INFO  server.RaftServerConfigKeys (ConfUtils.java:logGet(46)) - raft.server.log.segment.size.max = 1048576 (custom)
2023-05-03 09:49:05,182 [pool-1083-thread-1] INFO  server.RaftServerConfigKeys (ConfUtils.java:logGet(46)) - raft.server.log.segment.cache.num.max = 2 (custom)
2023-05-03 09:49:05,182 [pool-1083-thread-1] INFO  server.RaftServerConfigKeys (ConfUtils.java:logGet(46)) - raft.server.log.segment.cache.size.max = 200MB (=209715200) (default)
2023-05-03 09:49:05,182 [pool-1083-thread-1] INFO  segmented.SegmentedRaftLogWorker (SegmentedRaftLogWorker.java:<init>(189)) - new 2944b27d-a262-4302-b37f-3bbf75b1a053@group-7EAB92DACA6B-SegmentedRaftLogWorker for RaftStorageImpl:Storage Directory /home/runner/work/ozone/ozone/hadoop-ozone/integration-test/target/test-dir/MiniOzoneClusterImpl-42c2526b-3b93-44e4-b696-93ac236191fb/datanode-0/data/ratis/2a5a26e5-761f-46ca-afd4-7eab92daca6b
2023-05-03 09:49:05,182 [pool-1083-thread-1] INFO  server.RaftServerConfigKeys (ConfUtils.java:logGet(46)) - raft.server.log.queue.byte-limit = 4294967296 (custom)
2023-05-03 09:49:05,182 [pool-1083-thread-1] INFO  server.RaftServerConfigKeys (ConfUtils.java:logGet(46)) - raft.server.log.queue.element-limit = 1024 (custom)
2023-05-03 09:49:05,183 [pool-1083-thread-1] INFO  server.RaftServerConfigKeys (ConfUtils.java:logGet(46)) - raft.server.log.segment.size.max = 1048576 (custom)
2023-05-03 09:49:05,183 [pool-1083-thread-1] INFO  server.RaftServerConfigKeys (ConfUtils.java:logGet(46)) - raft.server.log.preallocated.size = 16384 (custom)
2023-05-03 09:49:05,183 [pool-1083-thread-1] INFO  server.RaftServerConfigKeys (ConfUtils.java:logGet(46)) - raft.server.log.force.sync.num = 128 (default)
2023-05-03 09:49:05,183 [pool-1083-thread-1] INFO  server.RaftServerConfigKeys (ConfUtils.java:logGet(46)) - raft.server.log.statemachine.data.sync = true (default)
2023-05-03 09:49:05,183 [pool-1083-thread-1] INFO  server.RaftServerConfigKeys (ConfUtils.java:logGet(46)) - raft.server.log.statemachine.data.sync.timeout = 10s (default)
2023-05-03 09:49:05,183 [pool-1083-thread-1] INFO  server.RaftServerConfigKeys (ConfUtils.java:logGet(46)) - raft.server.log.statemachine.data.sync.timeout.retry = -1 (default)
2023-05-03 09:49:05,183 [pool-1083-thread-1] INFO  server.RaftServerConfigKeys (ConfUtils.java:logGet(46)) - raft.server.log.write.buffer.size = 1048576 (custom)
2023-05-03 09:49:05,184 [pool-1083-thread-1] INFO  server.RaftServerConfigKeys (ConfUtils.java:logGet(46)) - raft.server.log.appender.buffer.byte-limit = 33554432 (custom)
2023-05-03 09:49:05,188 [pool-1083-thread-1] INFO  server.RaftServerConfigKeys (ConfUtils.java:logGet(46)) - raft.server.log.unsafe-flush.enabled = false (default)
2023-05-03 09:49:05,188 [pool-1083-thread-1] INFO  server.RaftServerConfigKeys (ConfUtils.java:logGet(46)) - raft.server.log.async-flush.enabled = false (default)
2023-05-03 09:49:05,188 [pool-1083-thread-1] INFO  server.RaftServerConfigKeys (ConfUtils.java:logGet(46)) - raft.server.log.statemachine.data.caching.enabled = true (custom)
2023-05-03 09:49:05,188 [pool-1083-thread-1] INFO  segmented.SegmentedRaftLogWorker (SegmentedRaftLogWorker.java:lambda$new$0(135)) - 2944b27d-a262-4302-b37f-3bbf75b1a053@group-7EAB92DACA6B-SegmentedRaftLogWorker: flushIndex: setUnconditionally 0 -> -1
2023-05-03 09:49:05,188 [pool-1083-thread-1] INFO  segmented.SegmentedRaftLogWorker (SegmentedRaftLogWorker.java:lambda$new$0(135)) - 2944b27d-a262-4302-b37f-3bbf75b1a053@group-7EAB92DACA6B-SegmentedRaftLogWorker: safeCacheEvictIndex: setUnconditionally 0 -> -1
2023-05-03 09:49:05,190 [pool-1083-thread-1] INFO  server.RaftServer$Division (RaftServerImpl.java:start(334)) - 2944b27d-a262-4302-b37f-3bbf75b1a053@group-7EAB92DACA6B: start as a follower, conf=-1: peers:[1e33a790-1e4c-4469-b162-b9d936e0bfc3|rpc:10.1.0.194:45067|dataStream:10.1.0.194:45283|priority:0|startupRole:FOLLOWER, 72fabaa3-cdfe-43bb-a33d-4a5f5e85250d|rpc:10.1.0.194:35769|dataStream:10.1.0.194:34957|priority:1|startupRole:FOLLOWER, 2944b27d-a262-4302-b37f-3bbf75b1a053|rpc:10.1.0.194:38895|dataStream:10.1.0.194:32901|priority:0|startupRole:FOLLOWER]|listeners:[], old=null
2023-05-03 09:49:05,190 [pool-1083-thread-1] INFO  server.RaftServer$Division (RaftServerImpl.java:setRole(321)) - 2944b27d-a262-4302-b37f-3bbf75b1a053@group-7EAB92DACA6B: changes role from      null to FOLLOWER at term 0 for startAsFollower
2023-05-03 09:49:05,190 [pool-1083-thread-1] INFO  impl.RoleInfo (RoleInfo.java:updateAndGet(139)) - 2944b27d-a262-4302-b37f-3bbf75b1a053: start 2944b27d-a262-4302-b37f-3bbf75b1a053@group-7EAB92DACA6B-FollowerState
2023-05-03 09:49:05,190 [pool-1083-thread-1] INFO  util.JmxRegister (JmxRegister.java:tryRegister(44)) - Successfully registered JMX Bean with object name Ratis:service=RaftServer,group=group-7EAB92DACA6B,id=2944b27d-a262-4302-b37f-3bbf75b1a053
2023-05-03 09:49:05,190 [pool-1083-thread-1] INFO  server.RaftServerConfigKeys (ConfUtils.java:logGet(46)) - raft.server.snapshot.auto.trigger.enabled = true (custom)
2023-05-03 09:49:05,190 [pool-1083-thread-1] INFO  server.RaftServerConfigKeys (ConfUtils.java:logGet(46)) - raft.server.snapshot.auto.trigger.threshold = 10000 (custom)
2023-05-03 09:49:05,190 [pool-1083-thread-1] INFO  server.RaftServerConfigKeys (ConfUtils.java:logGet(46)) - raft.server.snapshot.retention.file.num = 5 (custom)
2023-05-03 09:49:05,190 [pool-1083-thread-1] INFO  server.RaftServerConfigKeys (ConfUtils.java:logGet(46)) - raft.server.log.purge.upto.snapshot.index = false (default)
2023-05-03 09:49:05,191 [2944b27d-a262-4302-b37f-3bbf75b1a053@group-7EAB92DACA6B-FollowerState] INFO  server.RaftServerConfigKeys (ConfUtils.java:logFallback(53)) - raft.server.rpc.first-election.timeout.min = 5s (fallback to raft.server.rpc.timeout.min)
2023-05-03 09:49:05,191 [2944b27d-a262-4302-b37f-3bbf75b1a053@group-7EAB92DACA6B-FollowerState] INFO  server.RaftServerConfigKeys (ConfUtils.java:logFallback(53)) - raft.server.rpc.first-election.timeout.max = 5200ms (fallback to raft.server.rpc.timeout.max)
2023-05-03 09:49:05,191 [Command processor thread] INFO  ratis.XceiverServerRatis (XceiverServerRatis.java:addGroup(806)) - Created group PipelineID=2a5a26e5-761f-46ca-afd4-7eab92daca6b
2023-05-03 09:49:05,202 [grpc-default-executor-0] INFO  server.RaftServer (RaftServerProxy.java:addNew(96)) - 72fabaa3-cdfe-43bb-a33d-4a5f5e85250d: addNew group-7EAB92DACA6B:[1e33a790-1e4c-4469-b162-b9d936e0bfc3|rpc:10.1.0.194:45067|dataStream:10.1.0.194:45283|priority:0|startupRole:FOLLOWER, 72fabaa3-cdfe-43bb-a33d-4a5f5e85250d|rpc:10.1.0.194:35769|dataStream:10.1.0.194:34957|priority:1|startupRole:FOLLOWER, 2944b27d-a262-4302-b37f-3bbf75b1a053|rpc:10.1.0.194:38895|dataStream:10.1.0.194:32901|priority:0|startupRole:FOLLOWER] returns group-7EAB92DACA6B:java.util.concurrent.CompletableFuture@3f5443e4[Not completed]
2023-05-03 09:49:05,202 [pool-1127-thread-1] INFO  server.RaftServer$Division (RaftServerImpl.java:<init>(195)) - 72fabaa3-cdfe-43bb-a33d-4a5f5e85250d: new RaftServerImpl for group-7EAB92DACA6B:[1e33a790-1e4c-4469-b162-b9d936e0bfc3|rpc:10.1.0.194:45067|dataStream:10.1.0.194:45283|priority:0|startupRole:FOLLOWER, 72fabaa3-cdfe-43bb-a33d-4a5f5e85250d|rpc:10.1.0.194:35769|dataStream:10.1.0.194:34957|priority:1|startupRole:FOLLOWER, 2944b27d-a262-4302-b37f-3bbf75b1a053|rpc:10.1.0.194:38895|dataStream:10.1.0.194:32901|priority:0|startupRole:FOLLOWER] with ContainerStateMachine:uninitialized
2023-05-03 09:49:05,203 [pool-1127-thread-1] INFO  server.RaftServerConfigKeys (ConfUtils.java:logGet(46)) - raft.server.rpc.timeout.min = 5s (custom)
2023-05-03 09:49:05,203 [pool-1127-thread-1] INFO  server.RaftServerConfigKeys (ConfUtils.java:logGet(46)) - raft.server.rpc.timeout.max = 5200ms (custom)
2023-05-03 09:49:05,203 [pool-1127-thread-1] INFO  server.RaftServerConfigKeys (ConfUtils.java:logGet(46)) - raft.server.rpc.sleep.time = 25ms (default)
2023-05-03 09:49:05,203 [pool-1127-thread-1] INFO  server.RaftServerConfigKeys (ConfUtils.java:logGet(46)) - raft.server.rpc.slowness.timeout = 300s (custom)
2023-05-03 09:49:05,203 [pool-1127-thread-1] INFO  server.RaftServerConfigKeys (ConfUtils.java:logGet(46)) - raft.server.leaderelection.leader.step-down.wait-time = 10s (default)
2023-05-03 09:49:05,203 [pool-1127-thread-1] INFO  server.RaftServerConfigKeys (ConfUtils.java:logGet(46)) - raft.server.sleep.deviation.threshold = 300ms (default)
2023-05-03 09:49:05,203 [pool-1127-thread-1] INFO  server.RaftServer$Division (ServerState.java:<init>(118)) - 72fabaa3-cdfe-43bb-a33d-4a5f5e85250d@group-7EAB92DACA6B: ConfigurationManager, init=-1: peers:[1e33a790-1e4c-4469-b162-b9d936e0bfc3|rpc:10.1.0.194:45067|dataStream:10.1.0.194:45283|priority:0|startupRole:FOLLOWER, 72fabaa3-cdfe-43bb-a33d-4a5f5e85250d|rpc:10.1.0.194:35769|dataStream:10.1.0.194:34957|priority:1|startupRole:FOLLOWER, 2944b27d-a262-4302-b37f-3bbf75b1a053|rpc:10.1.0.194:38895|dataStream:10.1.0.194:32901|priority:0|startupRole:FOLLOWER]|listeners:[], old=null, confs=<EMPTY_MAP>
2023-05-03 09:49:05,203 [pool-1127-thread-1] INFO  server.RaftServerConfigKeys (ConfUtils.java:logGet(46)) - raft.server.storage.dir = [/home/runner/work/ozone/ozone/hadoop-ozone/integration-test/target/test-dir/MiniOzoneClusterImpl-42c2526b-3b93-44e4-b696-93ac236191fb/datanode-2/data/ratis] (custom)
2023-05-03 09:49:05,203 [pool-1127-thread-1] INFO  server.RaftServerConfigKeys (ConfUtils.java:logGet(46)) - raft.server.log.corruption.policy = EXCEPTION (default)
2023-05-03 09:49:05,203 [pool-1127-thread-1] INFO  server.RaftServerConfigKeys (ConfUtils.java:logGet(46)) - raft.server.storage.free-space.min = 0MB (=0) (default)
2023-05-03 09:49:05,203 [pool-1127-thread-1] INFO  server.RaftServerConfigKeys (ConfUtils.java:logGet(46)) - raft.server.notification.no-leader.timeout = 300s (custom)
2023-05-03 09:49:05,203 [pool-1127-thread-1] INFO  server.RaftServerConfigKeys (ConfUtils.java:logGet(46)) - raft.server.retrycache.expirytime = 600000ms (custom)
2023-05-03 09:49:05,203 [pool-1127-thread-1] INFO  server.RaftServerConfigKeys (ConfUtils.java:logGet(46)) - raft.server.retrycache.statistics.expirytime = 100μs (default)
2023-05-03 09:49:05,204 [pool-1127-thread-1] INFO  server.RaftServerConfigKeys (ConfUtils.java:logGet(46)) - raft.server.log.appender.install.snapshot.enabled = false (custom)
2023-05-03 09:49:05,204 [pool-1127-thread-1] INFO  server.RaftServerConfigKeys (ConfUtils.java:logGet(46)) - raft.server.threadpool.server.cached = true (default)
2023-05-03 09:49:05,205 [pool-1127-thread-1] INFO  server.RaftServerConfigKeys (ConfUtils.java:logGet(46)) - raft.server.threadpool.server.size = 0 (default)
2023-05-03 09:49:05,205 [pool-1127-thread-1] INFO  server.RaftServerConfigKeys (ConfUtils.java:logGet(46)) - raft.server.threadpool.client.cached = true (default)
2023-05-03 09:49:05,205 [pool-1127-thread-1] INFO  server.RaftServerConfigKeys (ConfUtils.java:logGet(46)) - raft.server.threadpool.client.size = 0 (default)
2023-05-03 09:49:05,205 [pool-1127-thread-1] INFO  storage.RaftStorageDirectory (RaftStorageDirectoryImpl.java:analyzeStorage(137)) - The storage directory /home/runner/work/ozone/ozone/hadoop-ozone/integration-test/target/test-dir/MiniOzoneClusterImpl-42c2526b-3b93-44e4-b696-93ac236191fb/datanode-2/data/ratis/2a5a26e5-761f-46ca-afd4-7eab92daca6b does not exist. Creating ...
2023-05-03 09:49:05,206 [pool-1127-thread-1] INFO  storage.RaftStorageDirectory (RaftStorageDirectoryImpl.java:tryLock(231)) - Lock on /home/runner/work/ozone/ozone/hadoop-ozone/integration-test/target/test-dir/MiniOzoneClusterImpl-42c2526b-3b93-44e4-b696-93ac236191fb/datanode-2/data/ratis/2a5a26e5-761f-46ca-afd4-7eab92daca6b/in_use.lock acquired by nodename 7780@fv-az139-793
2023-05-03 09:49:05,207 [pool-1127-thread-1] INFO  storage.RaftStorage (RaftStorageImpl.java:format(96)) - Storage directory /home/runner/work/ozone/ozone/hadoop-ozone/integration-test/target/test-dir/MiniOzoneClusterImpl-42c2526b-3b93-44e4-b696-93ac236191fb/datanode-2/data/ratis/2a5a26e5-761f-46ca-afd4-7eab92daca6b has been successfully formatted.
2023-05-03 09:49:05,212 [pool-1127-thread-1] INFO  ratis.ContainerStateMachine (ContainerStateMachine.java:loadSnapshot(262)) - group-7EAB92DACA6B: The snapshot info is null. Setting the last applied indexto:(t:0, i:~)
2023-05-03 09:49:05,213 [pool-1127-thread-1] INFO  server.RaftServerConfigKeys (ConfUtils.java:logGet(46)) - raft.server.log.use.memory = false (default)
2023-05-03 09:49:05,213 [pool-1127-thread-1] INFO  server.RaftServerConfigKeys (ConfUtils.java:logGet(46)) - raft.server.log.purge.gap = 1000000 (custom)
2023-05-03 09:49:05,214 [pool-1127-thread-1] INFO  server.RaftServerConfigKeys (ConfUtils.java:logGet(46)) - raft.server.log.appender.buffer.byte-limit = 33554432 (custom)
2023-05-03 09:49:05,214 [pool-1127-thread-1] INFO  server.RaftServerConfigKeys (ConfUtils.java:logGet(46)) - raft.server.log.statemachine.data.read.timeout = 1000ms (default)
2023-05-03 09:49:05,214 [pool-1127-thread-1] INFO  server.RaftServerConfigKeys (ConfUtils.java:logGet(46)) - raft.server.log.purge.preservation.log.num = 0 (default)
2023-05-03 09:49:05,214 [pool-1127-thread-1] INFO  server.RaftServerConfigKeys (ConfUtils.java:logGet(46)) - raft.server.log.segment.size.max = 1048576 (custom)
2023-05-03 09:49:05,214 [pool-1127-thread-1] INFO  server.RaftServerConfigKeys (ConfUtils.java:logGet(46)) - raft.server.log.segment.cache.num.max = 2 (custom)
2023-05-03 09:49:05,214 [pool-1127-thread-1] INFO  server.RaftServerConfigKeys (ConfUtils.java:logGet(46)) - raft.server.log.segment.cache.size.max = 200MB (=209715200) (default)
2023-05-03 09:49:05,214 [pool-1127-thread-1] INFO  segmented.SegmentedRaftLogWorker (SegmentedRaftLogWorker.java:<init>(189)) - new 72fabaa3-cdfe-43bb-a33d-4a5f5e85250d@group-7EAB92DACA6B-SegmentedRaftLogWorker for RaftStorageImpl:Storage Directory /home/runner/work/ozone/ozone/hadoop-ozone/integration-test/target/test-dir/MiniOzoneClusterImpl-42c2526b-3b93-44e4-b696-93ac236191fb/datanode-2/data/ratis/2a5a26e5-761f-46ca-afd4-7eab92daca6b
2023-05-03 09:49:05,214 [pool-1127-thread-1] INFO  server.RaftServerConfigKeys (ConfUtils.java:logGet(46)) - raft.server.log.queue.byte-limit = 4294967296 (custom)
2023-05-03 09:49:05,214 [pool-1127-thread-1] INFO  server.RaftServerConfigKeys (ConfUtils.java:logGet(46)) - raft.server.log.queue.element-limit = 1024 (custom)
2023-05-03 09:49:05,214 [pool-1127-thread-1] INFO  server.RaftServerConfigKeys (ConfUtils.java:logGet(46)) - raft.server.log.segment.size.max = 1048576 (custom)
2023-05-03 09:49:05,215 [pool-1127-thread-1] INFO  server.RaftServerConfigKeys (ConfUtils.java:logGet(46)) - raft.server.log.preallocated.size = 16384 (custom)
2023-05-03 09:49:05,215 [pool-1127-thread-1] INFO  server.RaftServerConfigKeys (ConfUtils.java:logGet(46)) - raft.server.log.force.sync.num = 128 (default)
2023-05-03 09:49:05,215 [pool-1127-thread-1] INFO  server.RaftServerConfigKeys (ConfUtils.java:logGet(46)) - raft.server.log.statemachine.data.sync = true (default)
2023-05-03 09:49:05,215 [pool-1127-thread-1] INFO  server.RaftServerConfigKeys (ConfUtils.java:logGet(46)) - raft.server.log.statemachine.data.sync.timeout = 10s (default)
2023-05-03 09:49:05,215 [pool-1127-thread-1] INFO  server.RaftServerConfigKeys (ConfUtils.java:logGet(46)) - raft.server.log.statemachine.data.sync.timeout.retry = -1 (default)
2023-05-03 09:49:05,216 [pool-1127-thread-1] INFO  server.RaftServerConfigKeys (ConfUtils.java:logGet(46)) - raft.server.log.write.buffer.size = 1048576 (custom)
2023-05-03 09:49:05,216 [pool-1127-thread-1] INFO  server.RaftServerConfigKeys (ConfUtils.java:logGet(46)) - raft.server.log.appender.buffer.byte-limit = 33554432 (custom)
2023-05-03 09:49:05,220 [pool-1127-thread-1] INFO  server.RaftServerConfigKeys (ConfUtils.java:logGet(46)) - raft.server.log.unsafe-flush.enabled = false (default)
2023-05-03 09:49:05,220 [pool-1127-thread-1] INFO  server.RaftServerConfigKeys (ConfUtils.java:logGet(46)) - raft.server.log.async-flush.enabled = false (default)
2023-05-03 09:49:05,220 [pool-1127-thread-1] INFO  server.RaftServerConfigKeys (ConfUtils.java:logGet(46)) - raft.server.log.statemachine.data.caching.enabled = true (custom)
2023-05-03 09:49:05,220 [pool-1127-thread-1] INFO  segmented.SegmentedRaftLogWorker (SegmentedRaftLogWorker.java:lambda$new$0(135)) - 72fabaa3-cdfe-43bb-a33d-4a5f5e85250d@group-7EAB92DACA6B-SegmentedRaftLogWorker: flushIndex: setUnconditionally 0 -> -1
2023-05-03 09:49:05,220 [pool-1127-thread-1] INFO  segmented.SegmentedRaftLogWorker (SegmentedRaftLogWorker.java:lambda$new$0(135)) - 72fabaa3-cdfe-43bb-a33d-4a5f5e85250d@group-7EAB92DACA6B-SegmentedRaftLogWorker: safeCacheEvictIndex: setUnconditionally 0 -> -1
2023-05-03 09:49:05,220 [pool-1127-thread-1] INFO  server.RaftServer$Division (RaftServerImpl.java:start(334)) - 72fabaa3-cdfe-43bb-a33d-4a5f5e85250d@group-7EAB92DACA6B: start as a follower, conf=-1: peers:[1e33a790-1e4c-4469-b162-b9d936e0bfc3|rpc:10.1.0.194:45067|dataStream:10.1.0.194:45283|priority:0|startupRole:FOLLOWER, 72fabaa3-cdfe-43bb-a33d-4a5f5e85250d|rpc:10.1.0.194:35769|dataStream:10.1.0.194:34957|priority:1|startupRole:FOLLOWER, 2944b27d-a262-4302-b37f-3bbf75b1a053|rpc:10.1.0.194:38895|dataStream:10.1.0.194:32901|priority:0|startupRole:FOLLOWER]|listeners:[], old=null
2023-05-03 09:49:05,220 [pool-1127-thread-1] INFO  server.RaftServer$Division (RaftServerImpl.java:setRole(321)) - 72fabaa3-cdfe-43bb-a33d-4a5f5e85250d@group-7EAB92DACA6B: changes role from      null to FOLLOWER at term 0 for startAsFollower
2023-05-03 09:49:05,220 [pool-1127-thread-1] INFO  impl.RoleInfo (RoleInfo.java:updateAndGet(139)) - 72fabaa3-cdfe-43bb-a33d-4a5f5e85250d: start 72fabaa3-cdfe-43bb-a33d-4a5f5e85250d@group-7EAB92DACA6B-FollowerState
2023-05-03 09:49:05,221 [pool-1127-thread-1] INFO  util.JmxRegister (JmxRegister.java:tryRegister(44)) - Successfully registered JMX Bean with object name Ratis:service=RaftServer,group=group-7EAB92DACA6B,id=72fabaa3-cdfe-43bb-a33d-4a5f5e85250d
2023-05-03 09:49:05,221 [pool-1127-thread-1] INFO  server.RaftServerConfigKeys (ConfUtils.java:logGet(46)) - raft.server.snapshot.auto.trigger.enabled = true (custom)
2023-05-03 09:49:05,221 [pool-1127-thread-1] INFO  server.RaftServerConfigKeys (ConfUtils.java:logGet(46)) - raft.server.snapshot.auto.trigger.threshold = 10000 (custom)
2023-05-03 09:49:05,221 [pool-1127-thread-1] INFO  server.RaftServerConfigKeys (ConfUtils.java:logGet(46)) - raft.server.snapshot.retention.file.num = 5 (custom)
2023-05-03 09:49:05,221 [pool-1127-thread-1] INFO  server.RaftServerConfigKeys (ConfUtils.java:logGet(46)) - raft.server.log.purge.upto.snapshot.index = false (default)
2023-05-03 09:49:05,221 [72fabaa3-cdfe-43bb-a33d-4a5f5e85250d@group-7EAB92DACA6B-FollowerState] INFO  server.RaftServerConfigKeys (ConfUtils.java:logFallback(53)) - raft.server.rpc.first-election.timeout.min = 5s (fallback to raft.server.rpc.timeout.min)
2023-05-03 09:49:05,221 [72fabaa3-cdfe-43bb-a33d-4a5f5e85250d@group-7EAB92DACA6B-FollowerState] INFO  server.RaftServerConfigKeys (ConfUtils.java:logFallback(53)) - raft.server.rpc.first-election.timeout.max = 5200ms (fallback to raft.server.rpc.timeout.max)
2023-05-03 09:49:05,240 [grpc-default-executor-0] INFO  server.RaftServer (RaftServerProxy.java:addNew(96)) - 1e33a790-1e4c-4469-b162-b9d936e0bfc3: addNew group-7EAB92DACA6B:[1e33a790-1e4c-4469-b162-b9d936e0bfc3|rpc:10.1.0.194:45067|dataStream:10.1.0.194:45283|priority:0|startupRole:FOLLOWER, 72fabaa3-cdfe-43bb-a33d-4a5f5e85250d|rpc:10.1.0.194:35769|dataStream:10.1.0.194:34957|priority:1|startupRole:FOLLOWER, 2944b27d-a262-4302-b37f-3bbf75b1a053|rpc:10.1.0.194:38895|dataStream:10.1.0.194:32901|priority:0|startupRole:FOLLOWER] returns group-7EAB92DACA6B:java.util.concurrent.CompletableFuture@3503009[Not completed]
2023-05-03 09:49:05,241 [pool-1105-thread-1] INFO  server.RaftServer$Division (RaftServerImpl.java:<init>(195)) - 1e33a790-1e4c-4469-b162-b9d936e0bfc3: new RaftServerImpl for group-7EAB92DACA6B:[1e33a790-1e4c-4469-b162-b9d936e0bfc3|rpc:10.1.0.194:45067|dataStream:10.1.0.194:45283|priority:0|startupRole:FOLLOWER, 72fabaa3-cdfe-43bb-a33d-4a5f5e85250d|rpc:10.1.0.194:35769|dataStream:10.1.0.194:34957|priority:1|startupRole:FOLLOWER, 2944b27d-a262-4302-b37f-3bbf75b1a053|rpc:10.1.0.194:38895|dataStream:10.1.0.194:32901|priority:0|startupRole:FOLLOWER] with ContainerStateMachine:uninitialized
2023-05-03 09:49:05,241 [pool-1105-thread-1] INFO  server.RaftServerConfigKeys (ConfUtils.java:logGet(46)) - raft.server.rpc.timeout.min = 5s (custom)
2023-05-03 09:49:05,241 [pool-1105-thread-1] INFO  server.RaftServerConfigKeys (ConfUtils.java:logGet(46)) - raft.server.rpc.timeout.max = 5200ms (custom)
2023-05-03 09:49:05,241 [pool-1105-thread-1] INFO  server.RaftServerConfigKeys (ConfUtils.java:logGet(46)) - raft.server.rpc.sleep.time = 25ms (default)
2023-05-03 09:49:05,241 [pool-1105-thread-1] INFO  server.RaftServerConfigKeys (ConfUtils.java:logGet(46)) - raft.server.rpc.slowness.timeout = 300s (custom)
2023-05-03 09:49:05,241 [pool-1105-thread-1] INFO  server.RaftServerConfigKeys (ConfUtils.java:logGet(46)) - raft.server.leaderelection.leader.step-down.wait-time = 10s (default)
2023-05-03 09:49:05,241 [pool-1105-thread-1] INFO  server.RaftServerConfigKeys (ConfUtils.java:logGet(46)) - raft.server.sleep.deviation.threshold = 300ms (default)
2023-05-03 09:49:05,241 [pool-1105-thread-1] INFO  server.RaftServer$Division (ServerState.java:<init>(118)) - 1e33a790-1e4c-4469-b162-b9d936e0bfc3@group-7EAB92DACA6B: ConfigurationManager, init=-1: peers:[1e33a790-1e4c-4469-b162-b9d936e0bfc3|rpc:10.1.0.194:45067|dataStream:10.1.0.194:45283|priority:0|startupRole:FOLLOWER, 72fabaa3-cdfe-43bb-a33d-4a5f5e85250d|rpc:10.1.0.194:35769|dataStream:10.1.0.194:34957|priority:1|startupRole:FOLLOWER, 2944b27d-a262-4302-b37f-3bbf75b1a053|rpc:10.1.0.194:38895|dataStream:10.1.0.194:32901|priority:0|startupRole:FOLLOWER]|listeners:[], old=null, confs=<EMPTY_MAP>
2023-05-03 09:49:05,241 [pool-1105-thread-1] INFO  server.RaftServerConfigKeys (ConfUtils.java:logGet(46)) - raft.server.storage.dir = [/home/runner/work/ozone/ozone/hadoop-ozone/integration-test/target/test-dir/MiniOzoneClusterImpl-42c2526b-3b93-44e4-b696-93ac236191fb/datanode-1/data/ratis] (custom)
2023-05-03 09:49:05,241 [pool-1105-thread-1] INFO  server.RaftServerConfigKeys (ConfUtils.java:logGet(46)) - raft.server.log.corruption.policy = EXCEPTION (default)
2023-05-03 09:49:05,241 [pool-1105-thread-1] INFO  server.RaftServerConfigKeys (ConfUtils.java:logGet(46)) - raft.server.storage.free-space.min = 0MB (=0) (default)
2023-05-03 09:49:05,241 [pool-1105-thread-1] INFO  server.RaftServerConfigKeys (ConfUtils.java:logGet(46)) - raft.server.notification.no-leader.timeout = 300s (custom)
2023-05-03 09:49:05,241 [pool-1105-thread-1] INFO  server.RaftServerConfigKeys (ConfUtils.java:logGet(46)) - raft.server.retrycache.expirytime = 600000ms (custom)
2023-05-03 09:49:05,241 [pool-1105-thread-1] INFO  server.RaftServerConfigKeys (ConfUtils.java:logGet(46)) - raft.server.retrycache.statistics.expirytime = 100μs (default)
2023-05-03 09:49:05,242 [pool-1105-thread-1] INFO  server.RaftServerConfigKeys (ConfUtils.java:logGet(46)) - raft.server.log.appender.install.snapshot.enabled = false (custom)
2023-05-03 09:49:05,242 [pool-1105-thread-1] INFO  server.RaftServerConfigKeys (ConfUtils.java:logGet(46)) - raft.server.threadpool.server.cached = true (default)
2023-05-03 09:49:05,242 [pool-1105-thread-1] INFO  server.RaftServerConfigKeys (ConfUtils.java:logGet(46)) - raft.server.threadpool.server.size = 0 (default)
2023-05-03 09:49:05,242 [pool-1105-thread-1] INFO  server.RaftServerConfigKeys (ConfUtils.java:logGet(46)) - raft.server.threadpool.client.cached = true (default)
2023-05-03 09:49:05,242 [pool-1105-thread-1] INFO  server.RaftServerConfigKeys (ConfUtils.java:logGet(46)) - raft.server.threadpool.client.size = 0 (default)
2023-05-03 09:49:05,242 [pool-1105-thread-1] INFO  storage.RaftStorageDirectory (RaftStorageDirectoryImpl.java:analyzeStorage(137)) - The storage directory /home/runner/work/ozone/ozone/hadoop-ozone/integration-test/target/test-dir/MiniOzoneClusterImpl-42c2526b-3b93-44e4-b696-93ac236191fb/datanode-1/data/ratis/2a5a26e5-761f-46ca-afd4-7eab92daca6b does not exist. Creating ...
2023-05-03 09:49:05,243 [pool-1105-thread-1] INFO  storage.RaftStorageDirectory (RaftStorageDirectoryImpl.java:tryLock(231)) - Lock on /home/runner/work/ozone/ozone/hadoop-ozone/integration-test/target/test-dir/MiniOzoneClusterImpl-42c2526b-3b93-44e4-b696-93ac236191fb/datanode-1/data/ratis/2a5a26e5-761f-46ca-afd4-7eab92daca6b/in_use.lock acquired by nodename 7780@fv-az139-793
2023-05-03 09:49:05,244 [pool-1105-thread-1] INFO  storage.RaftStorage (RaftStorageImpl.java:format(96)) - Storage directory /home/runner/work/ozone/ozone/hadoop-ozone/integration-test/target/test-dir/MiniOzoneClusterImpl-42c2526b-3b93-44e4-b696-93ac236191fb/datanode-1/data/ratis/2a5a26e5-761f-46ca-afd4-7eab92daca6b has been successfully formatted.
2023-05-03 09:49:05,251 [pool-1105-thread-1] INFO  ratis.ContainerStateMachine (ContainerStateMachine.java:loadSnapshot(262)) - group-7EAB92DACA6B: The snapshot info is null. Setting the last applied indexto:(t:0, i:~)
2023-05-03 09:49:05,251 [pool-1105-thread-1] INFO  server.RaftServerConfigKeys (ConfUtils.java:logGet(46)) - raft.server.log.use.memory = false (default)
2023-05-03 09:49:05,251 [pool-1105-thread-1] INFO  server.RaftServerConfigKeys (ConfUtils.java:logGet(46)) - raft.server.log.purge.gap = 1000000 (custom)
2023-05-03 09:49:05,251 [pool-1105-thread-1] INFO  server.RaftServerConfigKeys (ConfUtils.java:logGet(46)) - raft.server.log.appender.buffer.byte-limit = 33554432 (custom)
2023-05-03 09:49:05,251 [pool-1105-thread-1] INFO  server.RaftServerConfigKeys (ConfUtils.java:logGet(46)) - raft.server.log.statemachine.data.read.timeout = 1000ms (default)
2023-05-03 09:49:05,251 [pool-1105-thread-1] INFO  server.RaftServerConfigKeys (ConfUtils.java:logGet(46)) - raft.server.log.purge.preservation.log.num = 0 (default)
2023-05-03 09:49:05,252 [pool-1105-thread-1] INFO  server.RaftServerConfigKeys (ConfUtils.java:logGet(46)) - raft.server.log.segment.size.max = 1048576 (custom)
2023-05-03 09:49:05,252 [pool-1105-thread-1] INFO  server.RaftServerConfigKeys (ConfUtils.java:logGet(46)) - raft.server.log.segment.cache.num.max = 2 (custom)
2023-05-03 09:49:05,252 [pool-1105-thread-1] INFO  server.RaftServerConfigKeys (ConfUtils.java:logGet(46)) - raft.server.log.segment.cache.size.max = 200MB (=209715200) (default)
2023-05-03 09:49:05,252 [pool-1105-thread-1] INFO  segmented.SegmentedRaftLogWorker (SegmentedRaftLogWorker.java:<init>(189)) - new 1e33a790-1e4c-4469-b162-b9d936e0bfc3@group-7EAB92DACA6B-SegmentedRaftLogWorker for RaftStorageImpl:Storage Directory /home/runner/work/ozone/ozone/hadoop-ozone/integration-test/target/test-dir/MiniOzoneClusterImpl-42c2526b-3b93-44e4-b696-93ac236191fb/datanode-1/data/ratis/2a5a26e5-761f-46ca-afd4-7eab92daca6b
2023-05-03 09:49:05,252 [pool-1105-thread-1] INFO  server.RaftServerConfigKeys (ConfUtils.java:logGet(46)) - raft.server.log.queue.byte-limit = 4294967296 (custom)
2023-05-03 09:49:05,252 [pool-1105-thread-1] INFO  server.RaftServerConfigKeys (ConfUtils.java:logGet(46)) - raft.server.log.queue.element-limit = 1024 (custom)
2023-05-03 09:49:05,252 [pool-1105-thread-1] INFO  server.RaftServerConfigKeys (ConfUtils.java:logGet(46)) - raft.server.log.segment.size.max = 1048576 (custom)
2023-05-03 09:49:05,252 [pool-1105-thread-1] INFO  server.RaftServerConfigKeys (ConfUtils.java:logGet(46)) - raft.server.log.preallocated.size = 16384 (custom)
2023-05-03 09:49:05,252 [pool-1105-thread-1] INFO  server.RaftServerConfigKeys (ConfUtils.java:logGet(46)) - raft.server.log.force.sync.num = 128 (default)
2023-05-03 09:49:05,252 [pool-1105-thread-1] INFO  server.RaftServerConfigKeys (ConfUtils.java:logGet(46)) - raft.server.log.statemachine.data.sync = true (default)
2023-05-03 09:49:05,252 [pool-1105-thread-1] INFO  server.RaftServerConfigKeys (ConfUtils.java:logGet(46)) - raft.server.log.statemachine.data.sync.timeout = 10s (default)
2023-05-03 09:49:05,252 [pool-1105-thread-1] INFO  server.RaftServerConfigKeys (ConfUtils.java:logGet(46)) - raft.server.log.statemachine.data.sync.timeout.retry = -1 (default)
2023-05-03 09:49:05,253 [pool-1105-thread-1] INFO  server.RaftServerConfigKeys (ConfUtils.java:logGet(46)) - raft.server.log.write.buffer.size = 1048576 (custom)
2023-05-03 09:49:05,253 [pool-1105-thread-1] INFO  server.RaftServerConfigKeys (ConfUtils.java:logGet(46)) - raft.server.log.appender.buffer.byte-limit = 33554432 (custom)
2023-05-03 09:49:05,256 [pool-1105-thread-1] INFO  server.RaftServerConfigKeys (ConfUtils.java:logGet(46)) - raft.server.log.unsafe-flush.enabled = false (default)
2023-05-03 09:49:05,256 [pool-1105-thread-1] INFO  server.RaftServerConfigKeys (ConfUtils.java:logGet(46)) - raft.server.log.async-flush.enabled = false (default)
2023-05-03 09:49:05,256 [pool-1105-thread-1] INFO  server.RaftServerConfigKeys (ConfUtils.java:logGet(46)) - raft.server.log.statemachine.data.caching.enabled = true (custom)
2023-05-03 09:49:05,256 [pool-1105-thread-1] INFO  segmented.SegmentedRaftLogWorker (SegmentedRaftLogWorker.java:lambda$new$0(135)) - 1e33a790-1e4c-4469-b162-b9d936e0bfc3@group-7EAB92DACA6B-SegmentedRaftLogWorker: flushIndex: setUnconditionally 0 -> -1
2023-05-03 09:49:05,256 [pool-1105-thread-1] INFO  segmented.SegmentedRaftLogWorker (SegmentedRaftLogWorker.java:lambda$new$0(135)) - 1e33a790-1e4c-4469-b162-b9d936e0bfc3@group-7EAB92DACA6B-SegmentedRaftLogWorker: safeCacheEvictIndex: setUnconditionally 0 -> -1
2023-05-03 09:49:05,257 [pool-1105-thread-1] INFO  server.RaftServer$Division (RaftServerImpl.java:start(334)) - 1e33a790-1e4c-4469-b162-b9d936e0bfc3@group-7EAB92DACA6B: start as a follower, conf=-1: peers:[1e33a790-1e4c-4469-b162-b9d936e0bfc3|rpc:10.1.0.194:45067|dataStream:10.1.0.194:45283|priority:0|startupRole:FOLLOWER, 72fabaa3-cdfe-43bb-a33d-4a5f5e85250d|rpc:10.1.0.194:35769|dataStream:10.1.0.194:34957|priority:1|startupRole:FOLLOWER, 2944b27d-a262-4302-b37f-3bbf75b1a053|rpc:10.1.0.194:38895|dataStream:10.1.0.194:32901|priority:0|startupRole:FOLLOWER]|listeners:[], old=null
2023-05-03 09:49:05,257 [pool-1105-thread-1] INFO  server.RaftServer$Division (RaftServerImpl.java:setRole(321)) - 1e33a790-1e4c-4469-b162-b9d936e0bfc3@group-7EAB92DACA6B: changes role from      null to FOLLOWER at term 0 for startAsFollower
2023-05-03 09:49:05,257 [pool-1105-thread-1] INFO  impl.RoleInfo (RoleInfo.java:updateAndGet(139)) - 1e33a790-1e4c-4469-b162-b9d936e0bfc3: start 1e33a790-1e4c-4469-b162-b9d936e0bfc3@group-7EAB92DACA6B-FollowerState
2023-05-03 09:49:05,258 [pool-1105-thread-1] INFO  util.JmxRegister (JmxRegister.java:tryRegister(44)) - Successfully registered JMX Bean with object name Ratis:service=RaftServer,group=group-7EAB92DACA6B,id=1e33a790-1e4c-4469-b162-b9d936e0bfc3
2023-05-03 09:49:05,258 [pool-1105-thread-1] INFO  server.RaftServerConfigKeys (ConfUtils.java:logGet(46)) - raft.server.snapshot.auto.trigger.enabled = true (custom)
2023-05-03 09:49:05,258 [pool-1105-thread-1] INFO  server.RaftServerConfigKeys (ConfUtils.java:logGet(46)) - raft.server.snapshot.auto.trigger.threshold = 10000 (custom)
2023-05-03 09:49:05,258 [pool-1105-thread-1] INFO  server.RaftServerConfigKeys (ConfUtils.java:logGet(46)) - raft.server.snapshot.retention.file.num = 5 (custom)
2023-05-03 09:49:05,258 [pool-1105-thread-1] INFO  server.RaftServerConfigKeys (ConfUtils.java:logGet(46)) - raft.server.log.purge.upto.snapshot.index = false (default)
2023-05-03 09:49:05,259 [1e33a790-1e4c-4469-b162-b9d936e0bfc3@group-7EAB92DACA6B-FollowerState] INFO  server.RaftServerConfigKeys (ConfUtils.java:logFallback(53)) - raft.server.rpc.first-election.timeout.min = 5s (fallback to raft.server.rpc.timeout.min)
2023-05-03 09:49:05,259 [1e33a790-1e4c-4469-b162-b9d936e0bfc3@group-7EAB92DACA6B-FollowerState] INFO  server.RaftServerConfigKeys (ConfUtils.java:logFallback(53)) - raft.server.rpc.first-election.timeout.max = 5200ms (fallback to raft.server.rpc.timeout.max)
2023-05-03 09:49:05,262 [Command processor thread] INFO  commandhandler.CreatePipelineCommandHandler (CreatePipelineCommandHandler.java:handle(113)) - Created Pipeline RATIS THREE PipelineID=2a5a26e5-761f-46ca-afd4-7eab92daca6b.
2023-05-03 09:49:05,262 [Command processor thread] INFO  server.RaftServer (RaftServerProxy.java:addNew(96)) - 2944b27d-a262-4302-b37f-3bbf75b1a053: addNew group-9595DE9ADEC6:[1e33a790-1e4c-4469-b162-b9d936e0bfc3|rpc:10.1.0.194:45067|dataStream:10.1.0.194:45283|priority:0|startupRole:FOLLOWER, 72fabaa3-cdfe-43bb-a33d-4a5f5e85250d|rpc:10.1.0.194:35769|dataStream:10.1.0.194:34957|priority:0|startupRole:FOLLOWER, 2944b27d-a262-4302-b37f-3bbf75b1a053|rpc:10.1.0.194:38895|dataStream:10.1.0.194:32901|priority:1|startupRole:FOLLOWER] returns group-9595DE9ADEC6:java.util.concurrent.CompletableFuture@41a0ca78[Not completed]
2023-05-03 09:49:05,263 [pool-1083-thread-1] INFO  server.RaftServer$Division (RaftServerImpl.java:<init>(195)) - 2944b27d-a262-4302-b37f-3bbf75b1a053: new RaftServerImpl for group-9595DE9ADEC6:[1e33a790-1e4c-4469-b162-b9d936e0bfc3|rpc:10.1.0.194:45067|dataStream:10.1.0.194:45283|priority:0|startupRole:FOLLOWER, 72fabaa3-cdfe-43bb-a33d-4a5f5e85250d|rpc:10.1.0.194:35769|dataStream:10.1.0.194:34957|priority:0|startupRole:FOLLOWER, 2944b27d-a262-4302-b37f-3bbf75b1a053|rpc:10.1.0.194:38895|dataStream:10.1.0.194:32901|priority:1|startupRole:FOLLOWER] with ContainerStateMachine:uninitialized
2023-05-03 09:49:05,263 [pool-1083-thread-1] INFO  server.RaftServerConfigKeys (ConfUtils.java:logGet(46)) - raft.server.rpc.timeout.min = 5s (custom)
2023-05-03 09:49:05,263 [pool-1083-thread-1] INFO  server.RaftServerConfigKeys (ConfUtils.java:logGet(46)) - raft.server.rpc.timeout.max = 5200ms (custom)
2023-05-03 09:49:05,263 [pool-1083-thread-1] INFO  server.RaftServerConfigKeys (ConfUtils.java:logGet(46)) - raft.server.rpc.sleep.time = 25ms (default)
2023-05-03 09:49:05,263 [pool-1083-thread-1] INFO  server.RaftServerConfigKeys (ConfUtils.java:logGet(46)) - raft.server.rpc.slowness.timeout = 300s (custom)
2023-05-03 09:49:05,263 [pool-1083-thread-1] INFO  server.RaftServerConfigKeys (ConfUtils.java:logGet(46)) - raft.server.leaderelection.leader.step-down.wait-time = 10s (default)
2023-05-03 09:49:05,263 [pool-1083-thread-1] INFO  server.RaftServerConfigKeys (ConfUtils.java:logGet(46)) - raft.server.sleep.deviation.threshold = 300ms (default)
2023-05-03 09:49:05,263 [pool-1083-thread-1] INFO  server.RaftServer$Division (ServerState.java:<init>(118)) - 2944b27d-a262-4302-b37f-3bbf75b1a053@group-9595DE9ADEC6: ConfigurationManager, init=-1: peers:[1e33a790-1e4c-4469-b162-b9d936e0bfc3|rpc:10.1.0.194:45067|dataStream:10.1.0.194:45283|priority:0|startupRole:FOLLOWER, 72fabaa3-cdfe-43bb-a33d-4a5f5e85250d|rpc:10.1.0.194:35769|dataStream:10.1.0.194:34957|priority:0|startupRole:FOLLOWER, 2944b27d-a262-4302-b37f-3bbf75b1a053|rpc:10.1.0.194:38895|dataStream:10.1.0.194:32901|priority:1|startupRole:FOLLOWER]|listeners:[], old=null, confs=<EMPTY_MAP>
2023-05-03 09:49:05,263 [pool-1083-thread-1] INFO  server.RaftServerConfigKeys (ConfUtils.java:logGet(46)) - raft.server.storage.dir = [/home/runner/work/ozone/ozone/hadoop-ozone/integration-test/target/test-dir/MiniOzoneClusterImpl-42c2526b-3b93-44e4-b696-93ac236191fb/datanode-0/data/ratis] (custom)
2023-05-03 09:49:05,263 [pool-1083-thread-1] INFO  server.RaftServerConfigKeys (ConfUtils.java:logGet(46)) - raft.server.log.corruption.policy = EXCEPTION (default)
2023-05-03 09:49:05,263 [pool-1083-thread-1] INFO  server.RaftServerConfigKeys (ConfUtils.java:logGet(46)) - raft.server.storage.free-space.min = 0MB (=0) (default)
2023-05-03 09:49:05,263 [pool-1083-thread-1] INFO  server.RaftServerConfigKeys (ConfUtils.java:logGet(46)) - raft.server.notification.no-leader.timeout = 300s (custom)
2023-05-03 09:49:05,263 [pool-1083-thread-1] INFO  server.RaftServerConfigKeys (ConfUtils.java:logGet(46)) - raft.server.retrycache.expirytime = 600000ms (custom)
2023-05-03 09:49:05,263 [pool-1083-thread-1] INFO  server.RaftServerConfigKeys (ConfUtils.java:logGet(46)) - raft.server.retrycache.statistics.expirytime = 100μs (default)
2023-05-03 09:49:05,264 [pool-1083-thread-1] INFO  server.RaftServerConfigKeys (ConfUtils.java:logGet(46)) - raft.server.log.appender.install.snapshot.enabled = false (custom)
2023-05-03 09:49:05,264 [pool-1083-thread-1] INFO  server.RaftServerConfigKeys (ConfUtils.java:logGet(46)) - raft.server.threadpool.server.cached = true (default)
2023-05-03 09:49:05,264 [pool-1083-thread-1] INFO  server.RaftServerConfigKeys (ConfUtils.java:logGet(46)) - raft.server.threadpool.server.size = 0 (default)
2023-05-03 09:49:05,264 [pool-1083-thread-1] INFO  server.RaftServerConfigKeys (ConfUtils.java:logGet(46)) - raft.server.threadpool.client.cached = true (default)
2023-05-03 09:49:05,264 [pool-1083-thread-1] INFO  server.RaftServerConfigKeys (ConfUtils.java:logGet(46)) - raft.server.threadpool.client.size = 0 (default)
2023-05-03 09:49:05,264 [pool-1083-thread-1] INFO  storage.RaftStorageDirectory (RaftStorageDirectoryImpl.java:analyzeStorage(137)) - The storage directory /home/runner/work/ozone/ozone/hadoop-ozone/integration-test/target/test-dir/MiniOzoneClusterImpl-42c2526b-3b93-44e4-b696-93ac236191fb/datanode-0/data/ratis/42bdaf33-ee3f-4ab0-ae6f-9595de9adec6 does not exist. Creating ...
2023-05-03 09:49:05,265 [pool-1083-thread-1] INFO  storage.RaftStorageDirectory (RaftStorageDirectoryImpl.java:tryLock(231)) - Lock on /home/runner/work/ozone/ozone/hadoop-ozone/integration-test/target/test-dir/MiniOzoneClusterImpl-42c2526b-3b93-44e4-b696-93ac236191fb/datanode-0/data/ratis/42bdaf33-ee3f-4ab0-ae6f-9595de9adec6/in_use.lock acquired by nodename 7780@fv-az139-793
2023-05-03 09:49:05,266 [pool-1083-thread-1] INFO  storage.RaftStorage (RaftStorageImpl.java:format(96)) - Storage directory /home/runner/work/ozone/ozone/hadoop-ozone/integration-test/target/test-dir/MiniOzoneClusterImpl-42c2526b-3b93-44e4-b696-93ac236191fb/datanode-0/data/ratis/42bdaf33-ee3f-4ab0-ae6f-9595de9adec6 has been successfully formatted.
2023-05-03 09:49:05,266 [pool-1083-thread-1] INFO  ratis.ContainerStateMachine (ContainerStateMachine.java:loadSnapshot(262)) - group-9595DE9ADEC6: The snapshot info is null. Setting the last applied indexto:(t:0, i:~)
2023-05-03 09:49:05,266 [pool-1083-thread-1] INFO  server.RaftServerConfigKeys (ConfUtils.java:logGet(46)) - raft.server.log.use.memory = false (default)
2023-05-03 09:49:05,267 [pool-1083-thread-1] INFO  server.RaftServerConfigKeys (ConfUtils.java:logGet(46)) - raft.server.log.purge.gap = 1000000 (custom)
2023-05-03 09:49:05,267 [pool-1083-thread-1] INFO  server.RaftServerConfigKeys (ConfUtils.java:logGet(46)) - raft.server.log.appender.buffer.byte-limit = 33554432 (custom)
2023-05-03 09:49:05,267 [pool-1083-thread-1] INFO  server.RaftServerConfigKeys (ConfUtils.java:logGet(46)) - raft.server.log.statemachine.data.read.timeout = 1000ms (default)
2023-05-03 09:49:05,267 [pool-1083-thread-1] INFO  server.RaftServerConfigKeys (ConfUtils.java:logGet(46)) - raft.server.log.purge.preservation.log.num = 0 (default)
2023-05-03 09:49:05,267 [pool-1083-thread-1] INFO  server.RaftServerConfigKeys (ConfUtils.java:logGet(46)) - raft.server.log.segment.size.max = 1048576 (custom)
2023-05-03 09:49:05,267 [pool-1083-thread-1] INFO  server.RaftServerConfigKeys (ConfUtils.java:logGet(46)) - raft.server.log.segment.cache.num.max = 2 (custom)
2023-05-03 09:49:05,267 [pool-1083-thread-1] INFO  server.RaftServerConfigKeys (ConfUtils.java:logGet(46)) - raft.server.log.segment.cache.size.max = 200MB (=209715200) (default)
2023-05-03 09:49:05,267 [pool-1083-thread-1] INFO  segmented.SegmentedRaftLogWorker (SegmentedRaftLogWorker.java:<init>(189)) - new 2944b27d-a262-4302-b37f-3bbf75b1a053@group-9595DE9ADEC6-SegmentedRaftLogWorker for RaftStorageImpl:Storage Directory /home/runner/work/ozone/ozone/hadoop-ozone/integration-test/target/test-dir/MiniOzoneClusterImpl-42c2526b-3b93-44e4-b696-93ac236191fb/datanode-0/data/ratis/42bdaf33-ee3f-4ab0-ae6f-9595de9adec6
2023-05-03 09:49:05,267 [pool-1083-thread-1] INFO  server.RaftServerConfigKeys (ConfUtils.java:logGet(46)) - raft.server.log.queue.byte-limit = 4294967296 (custom)
2023-05-03 09:49:05,267 [pool-1083-thread-1] INFO  server.RaftServerConfigKeys (ConfUtils.java:logGet(46)) - raft.server.log.queue.element-limit = 1024 (custom)
2023-05-03 09:49:05,267 [pool-1083-thread-1] INFO  server.RaftServerConfigKeys (ConfUtils.java:logGet(46)) - raft.server.log.segment.size.max = 1048576 (custom)
2023-05-03 09:49:05,267 [pool-1083-thread-1] INFO  server.RaftServerConfigKeys (ConfUtils.java:logGet(46)) - raft.server.log.preallocated.size = 16384 (custom)
2023-05-03 09:49:05,267 [pool-1083-thread-1] INFO  server.RaftServerConfigKeys (ConfUtils.java:logGet(46)) - raft.server.log.force.sync.num = 128 (default)
2023-05-03 09:49:05,267 [pool-1083-thread-1] INFO  server.RaftServerConfigKeys (ConfUtils.java:logGet(46)) - raft.server.log.statemachine.data.sync = true (default)
2023-05-03 09:49:05,267 [pool-1083-thread-1] INFO  server.RaftServerConfigKeys (ConfUtils.java:logGet(46)) - raft.server.log.statemachine.data.sync.timeout = 10s (default)
2023-05-03 09:49:05,267 [pool-1083-thread-1] INFO  server.RaftServerConfigKeys (ConfUtils.java:logGet(46)) - raft.server.log.statemachine.data.sync.timeout.retry = -1 (default)
2023-05-03 09:49:05,267 [pool-1083-thread-1] INFO  server.RaftServerConfigKeys (ConfUtils.java:logGet(46)) - raft.server.log.write.buffer.size = 1048576 (custom)
2023-05-03 09:49:05,268 [pool-1083-thread-1] INFO  server.RaftServerConfigKeys (ConfUtils.java:logGet(46)) - raft.server.log.appender.buffer.byte-limit = 33554432 (custom)
2023-05-03 09:49:05,271 [pool-1083-thread-1] INFO  server.RaftServerConfigKeys (ConfUtils.java:logGet(46)) - raft.server.log.unsafe-flush.enabled = false (default)
2023-05-03 09:49:05,271 [pool-1083-thread-1] INFO  server.RaftServerConfigKeys (ConfUtils.java:logGet(46)) - raft.server.log.async-flush.enabled = false (default)
2023-05-03 09:49:05,271 [pool-1083-thread-1] INFO  server.RaftServerConfigKeys (ConfUtils.java:logGet(46)) - raft.server.log.statemachine.data.caching.enabled = true (custom)
2023-05-03 09:49:05,271 [pool-1083-thread-1] INFO  segmented.SegmentedRaftLogWorker (SegmentedRaftLogWorker.java:lambda$new$0(135)) - 2944b27d-a262-4302-b37f-3bbf75b1a053@group-9595DE9ADEC6-SegmentedRaftLogWorker: flushIndex: setUnconditionally 0 -> -1
2023-05-03 09:49:05,271 [pool-1083-thread-1] INFO  segmented.SegmentedRaftLogWorker (SegmentedRaftLogWorker.java:lambda$new$0(135)) - 2944b27d-a262-4302-b37f-3bbf75b1a053@group-9595DE9ADEC6-SegmentedRaftLogWorker: safeCacheEvictIndex: setUnconditionally 0 -> -1
2023-05-03 09:49:05,272 [pool-1083-thread-1] INFO  server.RaftServer$Division (RaftServerImpl.java:start(334)) - 2944b27d-a262-4302-b37f-3bbf75b1a053@group-9595DE9ADEC6: start as a follower, conf=-1: peers:[1e33a790-1e4c-4469-b162-b9d936e0bfc3|rpc:10.1.0.194:45067|dataStream:10.1.0.194:45283|priority:0|startupRole:FOLLOWER, 72fabaa3-cdfe-43bb-a33d-4a5f5e85250d|rpc:10.1.0.194:35769|dataStream:10.1.0.194:34957|priority:0|startupRole:FOLLOWER, 2944b27d-a262-4302-b37f-3bbf75b1a053|rpc:10.1.0.194:38895|dataStream:10.1.0.194:32901|priority:1|startupRole:FOLLOWER]|listeners:[], old=null
2023-05-03 09:49:05,272 [pool-1083-thread-1] INFO  server.RaftServer$Division (RaftServerImpl.java:setRole(321)) - 2944b27d-a262-4302-b37f-3bbf75b1a053@group-9595DE9ADEC6: changes role from      null to FOLLOWER at term 0 for startAsFollower
2023-05-03 09:49:05,272 [pool-1083-thread-1] INFO  impl.RoleInfo (RoleInfo.java:updateAndGet(139)) - 2944b27d-a262-4302-b37f-3bbf75b1a053: start 2944b27d-a262-4302-b37f-3bbf75b1a053@group-9595DE9ADEC6-FollowerState
2023-05-03 09:49:05,272 [pool-1083-thread-1] INFO  util.JmxRegister (JmxRegister.java:tryRegister(44)) - Successfully registered JMX Bean with object name Ratis:service=RaftServer,group=group-9595DE9ADEC6,id=2944b27d-a262-4302-b37f-3bbf75b1a053
2023-05-03 09:49:05,272 [pool-1083-thread-1] INFO  server.RaftServerConfigKeys (ConfUtils.java:logGet(46)) - raft.server.snapshot.auto.trigger.enabled = true (custom)
2023-05-03 09:49:05,272 [pool-1083-thread-1] INFO  server.RaftServerConfigKeys (ConfUtils.java:logGet(46)) - raft.server.snapshot.auto.trigger.threshold = 10000 (custom)
2023-05-03 09:49:05,272 [pool-1083-thread-1] INFO  server.RaftServerConfigKeys (ConfUtils.java:logGet(46)) - raft.server.snapshot.retention.file.num = 5 (custom)
2023-05-03 09:49:05,272 [pool-1083-thread-1] INFO  server.RaftServerConfigKeys (ConfUtils.java:logGet(46)) - raft.server.log.purge.upto.snapshot.index = false (default)
2023-05-03 09:49:05,273 [EventQueue-OpenPipelineForHealthyPipelineSafeModeRule] INFO  safemode.SCMSafeModeManager (HealthyPipelineSafeModeRule.java:process(137)) - SCM in safe mode. Healthy pipelines reported count is 0, required healthy pipeline reported count is 1
2023-05-03 09:49:05,273 [2944b27d-a262-4302-b37f-3bbf75b1a053@group-9595DE9ADEC6-FollowerState] INFO  server.RaftServerConfigKeys (ConfUtils.java:logFallback(53)) - raft.server.rpc.first-election.timeout.min = 5s (fallback to raft.server.rpc.timeout.min)
2023-05-03 09:49:05,273 [2944b27d-a262-4302-b37f-3bbf75b1a053@group-9595DE9ADEC6-FollowerState] INFO  server.RaftServerConfigKeys (ConfUtils.java:logFallback(53)) - raft.server.rpc.first-election.timeout.max = 5200ms (fallback to raft.server.rpc.timeout.max)
2023-05-03 09:49:05,273 [Command processor thread] INFO  ratis.XceiverServerRatis (XceiverServerRatis.java:addGroup(806)) - Created group PipelineID=42bdaf33-ee3f-4ab0-ae6f-9595de9adec6
2023-05-03 09:49:05,279 [grpc-default-executor-0] INFO  server.RaftServer (RaftServerProxy.java:addNew(96)) - 72fabaa3-cdfe-43bb-a33d-4a5f5e85250d: addNew group-9595DE9ADEC6:[1e33a790-1e4c-4469-b162-b9d936e0bfc3|rpc:10.1.0.194:45067|dataStream:10.1.0.194:45283|priority:0|startupRole:FOLLOWER, 72fabaa3-cdfe-43bb-a33d-4a5f5e85250d|rpc:10.1.0.194:35769|dataStream:10.1.0.194:34957|priority:0|startupRole:FOLLOWER, 2944b27d-a262-4302-b37f-3bbf75b1a053|rpc:10.1.0.194:38895|dataStream:10.1.0.194:32901|priority:1|startupRole:FOLLOWER] returns group-9595DE9ADEC6:java.util.concurrent.CompletableFuture@ce97265[Not completed]
2023-05-03 09:49:05,279 [pool-1127-thread-1] INFO  server.RaftServer$Division (RaftServerImpl.java:<init>(195)) - 72fabaa3-cdfe-43bb-a33d-4a5f5e85250d: new RaftServerImpl for group-9595DE9ADEC6:[1e33a790-1e4c-4469-b162-b9d936e0bfc3|rpc:10.1.0.194:45067|dataStream:10.1.0.194:45283|priority:0|startupRole:FOLLOWER, 72fabaa3-cdfe-43bb-a33d-4a5f5e85250d|rpc:10.1.0.194:35769|dataStream:10.1.0.194:34957|priority:0|startupRole:FOLLOWER, 2944b27d-a262-4302-b37f-3bbf75b1a053|rpc:10.1.0.194:38895|dataStream:10.1.0.194:32901|priority:1|startupRole:FOLLOWER] with ContainerStateMachine:uninitialized
2023-05-03 09:49:05,279 [pool-1127-thread-1] INFO  server.RaftServerConfigKeys (ConfUtils.java:logGet(46)) - raft.server.rpc.timeout.min = 5s (custom)
2023-05-03 09:49:05,279 [pool-1127-thread-1] INFO  server.RaftServerConfigKeys (ConfUtils.java:logGet(46)) - raft.server.rpc.timeout.max = 5200ms (custom)
2023-05-03 09:49:05,279 [pool-1127-thread-1] INFO  server.RaftServerConfigKeys (ConfUtils.java:logGet(46)) - raft.server.rpc.sleep.time = 25ms (default)
2023-05-03 09:49:05,279 [pool-1127-thread-1] INFO  server.RaftServerConfigKeys (ConfUtils.java:logGet(46)) - raft.server.rpc.slowness.timeout = 300s (custom)
2023-05-03 09:49:05,279 [pool-1127-thread-1] INFO  server.RaftServerConfigKeys (ConfUtils.java:logGet(46)) - raft.server.leaderelection.leader.step-down.wait-time = 10s (default)
2023-05-03 09:49:05,279 [pool-1127-thread-1] INFO  server.RaftServerConfigKeys (ConfUtils.java:logGet(46)) - raft.server.sleep.deviation.threshold = 300ms (default)
2023-05-03 09:49:05,279 [pool-1127-thread-1] INFO  server.RaftServer$Division (ServerState.java:<init>(118)) - 72fabaa3-cdfe-43bb-a33d-4a5f5e85250d@group-9595DE9ADEC6: ConfigurationManager, init=-1: peers:[1e33a790-1e4c-4469-b162-b9d936e0bfc3|rpc:10.1.0.194:45067|dataStream:10.1.0.194:45283|priority:0|startupRole:FOLLOWER, 72fabaa3-cdfe-43bb-a33d-4a5f5e85250d|rpc:10.1.0.194:35769|dataStream:10.1.0.194:34957|priority:0|startupRole:FOLLOWER, 2944b27d-a262-4302-b37f-3bbf75b1a053|rpc:10.1.0.194:38895|dataStream:10.1.0.194:32901|priority:1|startupRole:FOLLOWER]|listeners:[], old=null, confs=<EMPTY_MAP>
2023-05-03 09:49:05,280 [pool-1127-thread-1] INFO  server.RaftServerConfigKeys (ConfUtils.java:logGet(46)) - raft.server.storage.dir = [/home/runner/work/ozone/ozone/hadoop-ozone/integration-test/target/test-dir/MiniOzoneClusterImpl-42c2526b-3b93-44e4-b696-93ac236191fb/datanode-2/data/ratis] (custom)
2023-05-03 09:49:05,280 [pool-1127-thread-1] INFO  server.RaftServerConfigKeys (ConfUtils.java:logGet(46)) - raft.server.log.corruption.policy = EXCEPTION (default)
2023-05-03 09:49:05,280 [pool-1127-thread-1] INFO  server.RaftServerConfigKeys (ConfUtils.java:logGet(46)) - raft.server.storage.free-space.min = 0MB (=0) (default)
2023-05-03 09:49:05,280 [pool-1127-thread-1] INFO  server.RaftServerConfigKeys (ConfUtils.java:logGet(46)) - raft.server.notification.no-leader.timeout = 300s (custom)
2023-05-03 09:49:05,280 [pool-1127-thread-1] INFO  server.RaftServerConfigKeys (ConfUtils.java:logGet(46)) - raft.server.retrycache.expirytime = 600000ms (custom)
2023-05-03 09:49:05,280 [pool-1127-thread-1] INFO  server.RaftServerConfigKeys (ConfUtils.java:logGet(46)) - raft.server.retrycache.statistics.expirytime = 100μs (default)
2023-05-03 09:49:05,280 [pool-1127-thread-1] INFO  server.RaftServerConfigKeys (ConfUtils.java:logGet(46)) - raft.server.log.appender.install.snapshot.enabled = false (custom)
2023-05-03 09:49:05,280 [pool-1127-thread-1] INFO  server.RaftServerConfigKeys (ConfUtils.java:logGet(46)) - raft.server.threadpool.server.cached = true (default)
2023-05-03 09:49:05,280 [pool-1127-thread-1] INFO  server.RaftServerConfigKeys (ConfUtils.java:logGet(46)) - raft.server.threadpool.server.size = 0 (default)
2023-05-03 09:49:05,280 [pool-1127-thread-1] INFO  server.RaftServerConfigKeys (ConfUtils.java:logGet(46)) - raft.server.threadpool.client.cached = true (default)
2023-05-03 09:49:05,280 [pool-1127-thread-1] INFO  server.RaftServerConfigKeys (ConfUtils.java:logGet(46)) - raft.server.threadpool.client.size = 0 (default)
2023-05-03 09:49:05,280 [pool-1127-thread-1] INFO  storage.RaftStorageDirectory (RaftStorageDirectoryImpl.java:analyzeStorage(137)) - The storage directory /home/runner/work/ozone/ozone/hadoop-ozone/integration-test/target/test-dir/MiniOzoneClusterImpl-42c2526b-3b93-44e4-b696-93ac236191fb/datanode-2/data/ratis/42bdaf33-ee3f-4ab0-ae6f-9595de9adec6 does not exist. Creating ...
2023-05-03 09:49:05,281 [pool-1127-thread-1] INFO  storage.RaftStorageDirectory (RaftStorageDirectoryImpl.java:tryLock(231)) - Lock on /home/runner/work/ozone/ozone/hadoop-ozone/integration-test/target/test-dir/MiniOzoneClusterImpl-42c2526b-3b93-44e4-b696-93ac236191fb/datanode-2/data/ratis/42bdaf33-ee3f-4ab0-ae6f-9595de9adec6/in_use.lock acquired by nodename 7780@fv-az139-793
2023-05-03 09:49:05,282 [pool-1127-thread-1] INFO  storage.RaftStorage (RaftStorageImpl.java:format(96)) - Storage directory /home/runner/work/ozone/ozone/hadoop-ozone/integration-test/target/test-dir/MiniOzoneClusterImpl-42c2526b-3b93-44e4-b696-93ac236191fb/datanode-2/data/ratis/42bdaf33-ee3f-4ab0-ae6f-9595de9adec6 has been successfully formatted.
2023-05-03 09:49:05,283 [pool-1127-thread-1] INFO  ratis.ContainerStateMachine (ContainerStateMachine.java:loadSnapshot(262)) - group-9595DE9ADEC6: The snapshot info is null. Setting the last applied indexto:(t:0, i:~)
2023-05-03 09:49:05,283 [pool-1127-thread-1] INFO  server.RaftServerConfigKeys (ConfUtils.java:logGet(46)) - raft.server.log.use.memory = false (default)
2023-05-03 09:49:05,283 [pool-1127-thread-1] INFO  server.RaftServerConfigKeys (ConfUtils.java:logGet(46)) - raft.server.log.purge.gap = 1000000 (custom)
2023-05-03 09:49:05,283 [pool-1127-thread-1] INFO  server.RaftServerConfigKeys (ConfUtils.java:logGet(46)) - raft.server.log.appender.buffer.byte-limit = 33554432 (custom)
2023-05-03 09:49:05,283 [pool-1127-thread-1] INFO  server.RaftServerConfigKeys (ConfUtils.java:logGet(46)) - raft.server.log.statemachine.data.read.timeout = 1000ms (default)
2023-05-03 09:49:05,283 [pool-1127-thread-1] INFO  server.RaftServerConfigKeys (ConfUtils.java:logGet(46)) - raft.server.log.purge.preservation.log.num = 0 (default)
2023-05-03 09:49:05,283 [pool-1127-thread-1] INFO  server.RaftServerConfigKeys (ConfUtils.java:logGet(46)) - raft.server.log.segment.size.max = 1048576 (custom)
2023-05-03 09:49:05,283 [pool-1127-thread-1] INFO  server.RaftServerConfigKeys (ConfUtils.java:logGet(46)) - raft.server.log.segment.cache.num.max = 2 (custom)
2023-05-03 09:49:05,283 [pool-1127-thread-1] INFO  server.RaftServerConfigKeys (ConfUtils.java:logGet(46)) - raft.server.log.segment.cache.size.max = 200MB (=209715200) (default)
2023-05-03 09:49:05,283 [pool-1127-thread-1] INFO  segmented.SegmentedRaftLogWorker (SegmentedRaftLogWorker.java:<init>(189)) - new 72fabaa3-cdfe-43bb-a33d-4a5f5e85250d@group-9595DE9ADEC6-SegmentedRaftLogWorker for RaftStorageImpl:Storage Directory /home/runner/work/ozone/ozone/hadoop-ozone/integration-test/target/test-dir/MiniOzoneClusterImpl-42c2526b-3b93-44e4-b696-93ac236191fb/datanode-2/data/ratis/42bdaf33-ee3f-4ab0-ae6f-9595de9adec6
2023-05-03 09:49:05,283 [pool-1127-thread-1] INFO  server.RaftServerConfigKeys (ConfUtils.java:logGet(46)) - raft.server.log.queue.byte-limit = 4294967296 (custom)
2023-05-03 09:49:05,283 [pool-1127-thread-1] INFO  server.RaftServerConfigKeys (ConfUtils.java:logGet(46)) - raft.server.log.queue.element-limit = 1024 (custom)
2023-05-03 09:49:05,283 [pool-1127-thread-1] INFO  server.RaftServerConfigKeys (ConfUtils.java:logGet(46)) - raft.server.log.segment.size.max = 1048576 (custom)
2023-05-03 09:49:05,283 [pool-1127-thread-1] INFO  server.RaftServerConfigKeys (ConfUtils.java:logGet(46)) - raft.server.log.preallocated.size = 16384 (custom)
2023-05-03 09:49:05,283 [pool-1127-thread-1] INFO  server.RaftServerConfigKeys (ConfUtils.java:logGet(46)) - raft.server.log.force.sync.num = 128 (default)
2023-05-03 09:49:05,283 [pool-1127-thread-1] INFO  server.RaftServerConfigKeys (ConfUtils.java:logGet(46)) - raft.server.log.statemachine.data.sync = true (default)
2023-05-03 09:49:05,283 [pool-1127-thread-1] INFO  server.RaftServerConfigKeys (ConfUtils.java:logGet(46)) - raft.server.log.statemachine.data.sync.timeout = 10s (default)
2023-05-03 09:49:05,284 [pool-1127-thread-1] INFO  server.RaftServerConfigKeys (ConfUtils.java:logGet(46)) - raft.server.log.statemachine.data.sync.timeout.retry = -1 (default)
2023-05-03 09:49:05,284 [pool-1127-thread-1] INFO  server.RaftServerConfigKeys (ConfUtils.java:logGet(46)) - raft.server.log.write.buffer.size = 1048576 (custom)
2023-05-03 09:49:05,284 [pool-1127-thread-1] INFO  server.RaftServerConfigKeys (ConfUtils.java:logGet(46)) - raft.server.log.appender.buffer.byte-limit = 33554432 (custom)
2023-05-03 09:49:05,287 [pool-1127-thread-1] INFO  server.RaftServerConfigKeys (ConfUtils.java:logGet(46)) - raft.server.log.unsafe-flush.enabled = false (default)
2023-05-03 09:49:05,287 [pool-1127-thread-1] INFO  server.RaftServerConfigKeys (ConfUtils.java:logGet(46)) - raft.server.log.async-flush.enabled = false (default)
2023-05-03 09:49:05,287 [pool-1127-thread-1] INFO  server.RaftServerConfigKeys (ConfUtils.java:logGet(46)) - raft.server.log.statemachine.data.caching.enabled = true (custom)
2023-05-03 09:49:05,287 [pool-1127-thread-1] INFO  segmented.SegmentedRaftLogWorker (SegmentedRaftLogWorker.java:lambda$new$0(135)) - 72fabaa3-cdfe-43bb-a33d-4a5f5e85250d@group-9595DE9ADEC6-SegmentedRaftLogWorker: flushIndex: setUnconditionally 0 -> -1
2023-05-03 09:49:05,287 [pool-1127-thread-1] INFO  segmented.SegmentedRaftLogWorker (SegmentedRaftLogWorker.java:lambda$new$0(135)) - 72fabaa3-cdfe-43bb-a33d-4a5f5e85250d@group-9595DE9ADEC6-SegmentedRaftLogWorker: safeCacheEvictIndex: setUnconditionally 0 -> -1
2023-05-03 09:49:05,290 [pool-1127-thread-1] INFO  server.RaftServer$Division (RaftServerImpl.java:start(334)) - 72fabaa3-cdfe-43bb-a33d-4a5f5e85250d@group-9595DE9ADEC6: start as a follower, conf=-1: peers:[1e33a790-1e4c-4469-b162-b9d936e0bfc3|rpc:10.1.0.194:45067|dataStream:10.1.0.194:45283|priority:0|startupRole:FOLLOWER, 72fabaa3-cdfe-43bb-a33d-4a5f5e85250d|rpc:10.1.0.194:35769|dataStream:10.1.0.194:34957|priority:0|startupRole:FOLLOWER, 2944b27d-a262-4302-b37f-3bbf75b1a053|rpc:10.1.0.194:38895|dataStream:10.1.0.194:32901|priority:1|startupRole:FOLLOWER]|listeners:[], old=null
2023-05-03 09:49:05,290 [pool-1127-thread-1] INFO  server.RaftServer$Division (RaftServerImpl.java:setRole(321)) - 72fabaa3-cdfe-43bb-a33d-4a5f5e85250d@group-9595DE9ADEC6: changes role from      null to FOLLOWER at term 0 for startAsFollower
2023-05-03 09:49:05,290 [pool-1127-thread-1] INFO  impl.RoleInfo (RoleInfo.java:updateAndGet(139)) - 72fabaa3-cdfe-43bb-a33d-4a5f5e85250d: start 72fabaa3-cdfe-43bb-a33d-4a5f5e85250d@group-9595DE9ADEC6-FollowerState
2023-05-03 09:49:05,291 [pool-1127-thread-1] INFO  util.JmxRegister (JmxRegister.java:tryRegister(44)) - Successfully registered JMX Bean with object name Ratis:service=RaftServer,group=group-9595DE9ADEC6,id=72fabaa3-cdfe-43bb-a33d-4a5f5e85250d
2023-05-03 09:49:05,291 [pool-1127-thread-1] INFO  server.RaftServerConfigKeys (ConfUtils.java:logGet(46)) - raft.server.snapshot.auto.trigger.enabled = true (custom)
2023-05-03 09:49:05,291 [pool-1127-thread-1] INFO  server.RaftServerConfigKeys (ConfUtils.java:logGet(46)) - raft.server.snapshot.auto.trigger.threshold = 10000 (custom)
2023-05-03 09:49:05,291 [pool-1127-thread-1] INFO  server.RaftServerConfigKeys (ConfUtils.java:logGet(46)) - raft.server.snapshot.retention.file.num = 5 (custom)
2023-05-03 09:49:05,291 [pool-1127-thread-1] INFO  server.RaftServerConfigKeys (ConfUtils.java:logGet(46)) - raft.server.log.purge.upto.snapshot.index = false (default)
2023-05-03 09:49:05,291 [72fabaa3-cdfe-43bb-a33d-4a5f5e85250d@group-9595DE9ADEC6-FollowerState] INFO  server.RaftServerConfigKeys (ConfUtils.java:logFallback(53)) - raft.server.rpc.first-election.timeout.min = 5s (fallback to raft.server.rpc.timeout.min)
2023-05-03 09:49:05,291 [72fabaa3-cdfe-43bb-a33d-4a5f5e85250d@group-9595DE9ADEC6-FollowerState] INFO  server.RaftServerConfigKeys (ConfUtils.java:logFallback(53)) - raft.server.rpc.first-election.timeout.max = 5200ms (fallback to raft.server.rpc.timeout.max)
2023-05-03 09:49:05,304 [grpc-default-executor-0] INFO  server.RaftServer (RaftServerProxy.java:addNew(96)) - 1e33a790-1e4c-4469-b162-b9d936e0bfc3: addNew group-9595DE9ADEC6:[1e33a790-1e4c-4469-b162-b9d936e0bfc3|rpc:10.1.0.194:45067|dataStream:10.1.0.194:45283|priority:0|startupRole:FOLLOWER, 72fabaa3-cdfe-43bb-a33d-4a5f5e85250d|rpc:10.1.0.194:35769|dataStream:10.1.0.194:34957|priority:0|startupRole:FOLLOWER, 2944b27d-a262-4302-b37f-3bbf75b1a053|rpc:10.1.0.194:38895|dataStream:10.1.0.194:32901|priority:1|startupRole:FOLLOWER] returns group-9595DE9ADEC6:java.util.concurrent.CompletableFuture@22686e17[Not completed]
2023-05-03 09:49:05,305 [pool-1105-thread-1] INFO  server.RaftServer$Division (RaftServerImpl.java:<init>(195)) - 1e33a790-1e4c-4469-b162-b9d936e0bfc3: new RaftServerImpl for group-9595DE9ADEC6:[1e33a790-1e4c-4469-b162-b9d936e0bfc3|rpc:10.1.0.194:45067|dataStream:10.1.0.194:45283|priority:0|startupRole:FOLLOWER, 72fabaa3-cdfe-43bb-a33d-4a5f5e85250d|rpc:10.1.0.194:35769|dataStream:10.1.0.194:34957|priority:0|startupRole:FOLLOWER, 2944b27d-a262-4302-b37f-3bbf75b1a053|rpc:10.1.0.194:38895|dataStream:10.1.0.194:32901|priority:1|startupRole:FOLLOWER] with ContainerStateMachine:uninitialized
2023-05-03 09:49:05,305 [pool-1105-thread-1] INFO  server.RaftServerConfigKeys (ConfUtils.java:logGet(46)) - raft.server.rpc.timeout.min = 5s (custom)
2023-05-03 09:49:05,305 [pool-1105-thread-1] INFO  server.RaftServerConfigKeys (ConfUtils.java:logGet(46)) - raft.server.rpc.timeout.max = 5200ms (custom)
2023-05-03 09:49:05,305 [pool-1105-thread-1] INFO  server.RaftServerConfigKeys (ConfUtils.java:logGet(46)) - raft.server.rpc.sleep.time = 25ms (default)
2023-05-03 09:49:05,305 [pool-1105-thread-1] INFO  server.RaftServerConfigKeys (ConfUtils.java:logGet(46)) - raft.server.rpc.slowness.timeout = 300s (custom)
2023-05-03 09:49:05,305 [pool-1105-thread-1] INFO  server.RaftServerConfigKeys (ConfUtils.java:logGet(46)) - raft.server.leaderelection.leader.step-down.wait-time = 10s (default)
2023-05-03 09:49:05,305 [pool-1105-thread-1] INFO  server.RaftServerConfigKeys (ConfUtils.java:logGet(46)) - raft.server.sleep.deviation.threshold = 300ms (default)
2023-05-03 09:49:05,305 [pool-1105-thread-1] INFO  server.RaftServer$Division (ServerState.java:<init>(118)) - 1e33a790-1e4c-4469-b162-b9d936e0bfc3@group-9595DE9ADEC6: ConfigurationManager, init=-1: peers:[1e33a790-1e4c-4469-b162-b9d936e0bfc3|rpc:10.1.0.194:45067|dataStream:10.1.0.194:45283|priority:0|startupRole:FOLLOWER, 72fabaa3-cdfe-43bb-a33d-4a5f5e85250d|rpc:10.1.0.194:35769|dataStream:10.1.0.194:34957|priority:0|startupRole:FOLLOWER, 2944b27d-a262-4302-b37f-3bbf75b1a053|rpc:10.1.0.194:38895|dataStream:10.1.0.194:32901|priority:1|startupRole:FOLLOWER]|listeners:[], old=null, confs=<EMPTY_MAP>
2023-05-03 09:49:05,305 [pool-1105-thread-1] INFO  server.RaftServerConfigKeys (ConfUtils.java:logGet(46)) - raft.server.storage.dir = [/home/runner/work/ozone/ozone/hadoop-ozone/integration-test/target/test-dir/MiniOzoneClusterImpl-42c2526b-3b93-44e4-b696-93ac236191fb/datanode-1/data/ratis] (custom)
2023-05-03 09:49:05,305 [pool-1105-thread-1] INFO  server.RaftServerConfigKeys (ConfUtils.java:logGet(46)) - raft.server.log.corruption.policy = EXCEPTION (default)
2023-05-03 09:49:05,306 [pool-1105-thread-1] INFO  server.RaftServerConfigKeys (ConfUtils.java:logGet(46)) - raft.server.storage.free-space.min = 0MB (=0) (default)
2023-05-03 09:49:05,306 [pool-1105-thread-1] INFO  server.RaftServerConfigKeys (ConfUtils.java:logGet(46)) - raft.server.notification.no-leader.timeout = 300s (custom)
2023-05-03 09:49:05,306 [pool-1105-thread-1] INFO  server.RaftServerConfigKeys (ConfUtils.java:logGet(46)) - raft.server.retrycache.expirytime = 600000ms (custom)
2023-05-03 09:49:05,306 [pool-1105-thread-1] INFO  server.RaftServerConfigKeys (ConfUtils.java:logGet(46)) - raft.server.retrycache.statistics.expirytime = 100μs (default)
2023-05-03 09:49:05,306 [pool-1105-thread-1] INFO  server.RaftServerConfigKeys (ConfUtils.java:logGet(46)) - raft.server.log.appender.install.snapshot.enabled = false (custom)
2023-05-03 09:49:05,306 [pool-1105-thread-1] INFO  server.RaftServerConfigKeys (ConfUtils.java:logGet(46)) - raft.server.threadpool.server.cached = true (default)
2023-05-03 09:49:05,306 [pool-1105-thread-1] INFO  server.RaftServerConfigKeys (ConfUtils.java:logGet(46)) - raft.server.threadpool.server.size = 0 (default)
2023-05-03 09:49:05,306 [pool-1105-thread-1] INFO  server.RaftServerConfigKeys (ConfUtils.java:logGet(46)) - raft.server.threadpool.client.cached = true (default)
2023-05-03 09:49:05,306 [pool-1105-thread-1] INFO  server.RaftServerConfigKeys (ConfUtils.java:logGet(46)) - raft.server.threadpool.client.size = 0 (default)
2023-05-03 09:49:05,308 [pool-1105-thread-1] INFO  storage.RaftStorageDirectory (RaftStorageDirectoryImpl.java:analyzeStorage(137)) - The storage directory /home/runner/work/ozone/ozone/hadoop-ozone/integration-test/target/test-dir/MiniOzoneClusterImpl-42c2526b-3b93-44e4-b696-93ac236191fb/datanode-1/data/ratis/42bdaf33-ee3f-4ab0-ae6f-9595de9adec6 does not exist. Creating ...
2023-05-03 09:49:05,309 [pool-1105-thread-1] INFO  storage.RaftStorageDirectory (RaftStorageDirectoryImpl.java:tryLock(231)) - Lock on /home/runner/work/ozone/ozone/hadoop-ozone/integration-test/target/test-dir/MiniOzoneClusterImpl-42c2526b-3b93-44e4-b696-93ac236191fb/datanode-1/data/ratis/42bdaf33-ee3f-4ab0-ae6f-9595de9adec6/in_use.lock acquired by nodename 7780@fv-az139-793
2023-05-03 09:49:05,310 [pool-1105-thread-1] INFO  storage.RaftStorage (RaftStorageImpl.java:format(96)) - Storage directory /home/runner/work/ozone/ozone/hadoop-ozone/integration-test/target/test-dir/MiniOzoneClusterImpl-42c2526b-3b93-44e4-b696-93ac236191fb/datanode-1/data/ratis/42bdaf33-ee3f-4ab0-ae6f-9595de9adec6 has been successfully formatted.
2023-05-03 09:49:05,311 [pool-1105-thread-1] INFO  ratis.ContainerStateMachine (ContainerStateMachine.java:loadSnapshot(262)) - group-9595DE9ADEC6: The snapshot info is null. Setting the last applied indexto:(t:0, i:~)
2023-05-03 09:49:05,311 [pool-1105-thread-1] INFO  server.RaftServerConfigKeys (ConfUtils.java:logGet(46)) - raft.server.log.use.memory = false (default)
2023-05-03 09:49:05,311 [pool-1105-thread-1] INFO  server.RaftServerConfigKeys (ConfUtils.java:logGet(46)) - raft.server.log.purge.gap = 1000000 (custom)
2023-05-03 09:49:05,311 [pool-1105-thread-1] INFO  server.RaftServerConfigKeys (ConfUtils.java:logGet(46)) - raft.server.log.appender.buffer.byte-limit = 33554432 (custom)
2023-05-03 09:49:05,311 [pool-1105-thread-1] INFO  server.RaftServerConfigKeys (ConfUtils.java:logGet(46)) - raft.server.log.statemachine.data.read.timeout = 1000ms (default)
2023-05-03 09:49:05,311 [pool-1105-thread-1] INFO  server.RaftServerConfigKeys (ConfUtils.java:logGet(46)) - raft.server.log.purge.preservation.log.num = 0 (default)
2023-05-03 09:49:05,311 [pool-1105-thread-1] INFO  server.RaftServerConfigKeys (ConfUtils.java:logGet(46)) - raft.server.log.segment.size.max = 1048576 (custom)
2023-05-03 09:49:05,311 [pool-1105-thread-1] INFO  server.RaftServerConfigKeys (ConfUtils.java:logGet(46)) - raft.server.log.segment.cache.num.max = 2 (custom)
2023-05-03 09:49:05,311 [pool-1105-thread-1] INFO  server.RaftServerConfigKeys (ConfUtils.java:logGet(46)) - raft.server.log.segment.cache.size.max = 200MB (=209715200) (default)
2023-05-03 09:49:05,311 [pool-1105-thread-1] INFO  segmented.SegmentedRaftLogWorker (SegmentedRaftLogWorker.java:<init>(189)) - new 1e33a790-1e4c-4469-b162-b9d936e0bfc3@group-9595DE9ADEC6-SegmentedRaftLogWorker for RaftStorageImpl:Storage Directory /home/runner/work/ozone/ozone/hadoop-ozone/integration-test/target/test-dir/MiniOzoneClusterImpl-42c2526b-3b93-44e4-b696-93ac236191fb/datanode-1/data/ratis/42bdaf33-ee3f-4ab0-ae6f-9595de9adec6
2023-05-03 09:49:05,311 [pool-1105-thread-1] INFO  server.RaftServerConfigKeys (ConfUtils.java:logGet(46)) - raft.server.log.queue.byte-limit = 4294967296 (custom)
2023-05-03 09:49:05,311 [pool-1105-thread-1] INFO  server.RaftServerConfigKeys (ConfUtils.java:logGet(46)) - raft.server.log.queue.element-limit = 1024 (custom)
2023-05-03 09:49:05,311 [pool-1105-thread-1] INFO  server.RaftServerConfigKeys (ConfUtils.java:logGet(46)) - raft.server.log.segment.size.max = 1048576 (custom)
2023-05-03 09:49:05,312 [pool-1105-thread-1] INFO  server.RaftServerConfigKeys (ConfUtils.java:logGet(46)) - raft.server.log.preallocated.size = 16384 (custom)
2023-05-03 09:49:05,312 [pool-1105-thread-1] INFO  server.RaftServerConfigKeys (ConfUtils.java:logGet(46)) - raft.server.log.force.sync.num = 128 (default)
2023-05-03 09:49:05,312 [pool-1105-thread-1] INFO  server.RaftServerConfigKeys (ConfUtils.java:logGet(46)) - raft.server.log.statemachine.data.sync = true (default)
2023-05-03 09:49:05,312 [pool-1105-thread-1] INFO  server.RaftServerConfigKeys (ConfUtils.java:logGet(46)) - raft.server.log.statemachine.data.sync.timeout = 10s (default)
2023-05-03 09:49:05,312 [pool-1105-thread-1] INFO  server.RaftServerConfigKeys (ConfUtils.java:logGet(46)) - raft.server.log.statemachine.data.sync.timeout.retry = -1 (default)
2023-05-03 09:49:05,312 [pool-1105-thread-1] INFO  server.RaftServerConfigKeys (ConfUtils.java:logGet(46)) - raft.server.log.write.buffer.size = 1048576 (custom)
2023-05-03 09:49:05,312 [pool-1105-thread-1] INFO  server.RaftServerConfigKeys (ConfUtils.java:logGet(46)) - raft.server.log.appender.buffer.byte-limit = 33554432 (custom)
2023-05-03 09:49:05,320 [pool-1105-thread-1] INFO  server.RaftServerConfigKeys (ConfUtils.java:logGet(46)) - raft.server.log.unsafe-flush.enabled = false (default)
2023-05-03 09:49:05,320 [pool-1105-thread-1] INFO  server.RaftServerConfigKeys (ConfUtils.java:logGet(46)) - raft.server.log.async-flush.enabled = false (default)
2023-05-03 09:49:05,320 [pool-1105-thread-1] INFO  server.RaftServerConfigKeys (ConfUtils.java:logGet(46)) - raft.server.log.statemachine.data.caching.enabled = true (custom)
2023-05-03 09:49:05,320 [pool-1105-thread-1] INFO  segmented.SegmentedRaftLogWorker (SegmentedRaftLogWorker.java:lambda$new$0(135)) - 1e33a790-1e4c-4469-b162-b9d936e0bfc3@group-9595DE9ADEC6-SegmentedRaftLogWorker: flushIndex: setUnconditionally 0 -> -1
2023-05-03 09:49:05,320 [pool-1105-thread-1] INFO  segmented.SegmentedRaftLogWorker (SegmentedRaftLogWorker.java:lambda$new$0(135)) - 1e33a790-1e4c-4469-b162-b9d936e0bfc3@group-9595DE9ADEC6-SegmentedRaftLogWorker: safeCacheEvictIndex: setUnconditionally 0 -> -1
2023-05-03 09:49:05,323 [pool-1105-thread-1] INFO  server.RaftServer$Division (RaftServerImpl.java:start(334)) - 1e33a790-1e4c-4469-b162-b9d936e0bfc3@group-9595DE9ADEC6: start as a follower, conf=-1: peers:[1e33a790-1e4c-4469-b162-b9d936e0bfc3|rpc:10.1.0.194:45067|dataStream:10.1.0.194:45283|priority:0|startupRole:FOLLOWER, 72fabaa3-cdfe-43bb-a33d-4a5f5e85250d|rpc:10.1.0.194:35769|dataStream:10.1.0.194:34957|priority:0|startupRole:FOLLOWER, 2944b27d-a262-4302-b37f-3bbf75b1a053|rpc:10.1.0.194:38895|dataStream:10.1.0.194:32901|priority:1|startupRole:FOLLOWER]|listeners:[], old=null
2023-05-03 09:49:05,323 [pool-1105-thread-1] INFO  server.RaftServer$Division (RaftServerImpl.java:setRole(321)) - 1e33a790-1e4c-4469-b162-b9d936e0bfc3@group-9595DE9ADEC6: changes role from      null to FOLLOWER at term 0 for startAsFollower
2023-05-03 09:49:05,323 [pool-1105-thread-1] INFO  impl.RoleInfo (RoleInfo.java:updateAndGet(139)) - 1e33a790-1e4c-4469-b162-b9d936e0bfc3: start 1e33a790-1e4c-4469-b162-b9d936e0bfc3@group-9595DE9ADEC6-FollowerState
2023-05-03 09:49:05,323 [pool-1105-thread-1] INFO  util.JmxRegister (JmxRegister.java:tryRegister(44)) - Successfully registered JMX Bean with object name Ratis:service=RaftServer,group=group-9595DE9ADEC6,id=1e33a790-1e4c-4469-b162-b9d936e0bfc3
2023-05-03 09:49:05,323 [pool-1105-thread-1] INFO  server.RaftServerConfigKeys (ConfUtils.java:logGet(46)) - raft.server.snapshot.auto.trigger.enabled = true (custom)
2023-05-03 09:49:05,323 [pool-1105-thread-1] INFO  server.RaftServerConfigKeys (ConfUtils.java:logGet(46)) - raft.server.snapshot.auto.trigger.threshold = 10000 (custom)
2023-05-03 09:49:05,323 [pool-1105-thread-1] INFO  server.RaftServerConfigKeys (ConfUtils.java:logGet(46)) - raft.server.snapshot.retention.file.num = 5 (custom)
2023-05-03 09:49:05,323 [pool-1105-thread-1] INFO  server.RaftServerConfigKeys (ConfUtils.java:logGet(46)) - raft.server.log.purge.upto.snapshot.index = false (default)
2023-05-03 09:49:05,324 [1e33a790-1e4c-4469-b162-b9d936e0bfc3@group-9595DE9ADEC6-FollowerState] INFO  server.RaftServerConfigKeys (ConfUtils.java:logFallback(53)) - raft.server.rpc.first-election.timeout.min = 5s (fallback to raft.server.rpc.timeout.min)
2023-05-03 09:49:05,324 [1e33a790-1e4c-4469-b162-b9d936e0bfc3@group-9595DE9ADEC6-FollowerState] INFO  server.RaftServerConfigKeys (ConfUtils.java:logFallback(53)) - raft.server.rpc.first-election.timeout.max = 5200ms (fallback to raft.server.rpc.timeout.max)
2023-05-03 09:49:05,328 [Command processor thread] INFO  commandhandler.CreatePipelineCommandHandler (CreatePipelineCommandHandler.java:handle(113)) - Created Pipeline RATIS THREE PipelineID=42bdaf33-ee3f-4ab0-ae6f-9595de9adec6.
2023-05-03 09:49:05,465 [Command processor thread] INFO  server.RaftServer (RaftServerProxy.java:addNew(96)) - 1e33a790-1e4c-4469-b162-b9d936e0bfc3: addNew group-66A6D9E963B0:[1e33a790-1e4c-4469-b162-b9d936e0bfc3|rpc:10.1.0.194:45067|dataStream:10.1.0.194:45283|priority:1|startupRole:FOLLOWER] returns group-66A6D9E963B0:java.util.concurrent.CompletableFuture@5b6707f3[Not completed]
2023-05-03 09:49:05,466 [pool-1105-thread-1] INFO  server.RaftServer$Division (RaftServerImpl.java:<init>(195)) - 1e33a790-1e4c-4469-b162-b9d936e0bfc3: new RaftServerImpl for group-66A6D9E963B0:[1e33a790-1e4c-4469-b162-b9d936e0bfc3|rpc:10.1.0.194:45067|dataStream:10.1.0.194:45283|priority:1|startupRole:FOLLOWER] with ContainerStateMachine:uninitialized
2023-05-03 09:49:05,466 [pool-1105-thread-1] INFO  server.RaftServerConfigKeys (ConfUtils.java:logGet(46)) - raft.server.rpc.timeout.min = 5s (custom)
2023-05-03 09:49:05,466 [pool-1105-thread-1] INFO  server.RaftServerConfigKeys (ConfUtils.java:logGet(46)) - raft.server.rpc.timeout.max = 5200ms (custom)
2023-05-03 09:49:05,466 [pool-1105-thread-1] INFO  server.RaftServerConfigKeys (ConfUtils.java:logGet(46)) - raft.server.rpc.sleep.time = 25ms (default)
2023-05-03 09:49:05,466 [pool-1105-thread-1] INFO  server.RaftServerConfigKeys (ConfUtils.java:logGet(46)) - raft.server.rpc.slowness.timeout = 300s (custom)
2023-05-03 09:49:05,466 [pool-1105-thread-1] INFO  server.RaftServerConfigKeys (ConfUtils.java:logGet(46)) - raft.server.leaderelection.leader.step-down.wait-time = 10s (default)
2023-05-03 09:49:05,466 [pool-1105-thread-1] INFO  server.RaftServerConfigKeys (ConfUtils.java:logGet(46)) - raft.server.sleep.deviation.threshold = 300ms (default)
2023-05-03 09:49:05,466 [pool-1105-thread-1] INFO  server.RaftServer$Division (ServerState.java:<init>(118)) - 1e33a790-1e4c-4469-b162-b9d936e0bfc3@group-66A6D9E963B0: ConfigurationManager, init=-1: peers:[1e33a790-1e4c-4469-b162-b9d936e0bfc3|rpc:10.1.0.194:45067|dataStream:10.1.0.194:45283|priority:1|startupRole:FOLLOWER]|listeners:[], old=null, confs=<EMPTY_MAP>
2023-05-03 09:49:05,466 [pool-1105-thread-1] INFO  server.RaftServerConfigKeys (ConfUtils.java:logGet(46)) - raft.server.storage.dir = [/home/runner/work/ozone/ozone/hadoop-ozone/integration-test/target/test-dir/MiniOzoneClusterImpl-42c2526b-3b93-44e4-b696-93ac236191fb/datanode-1/data/ratis] (custom)
2023-05-03 09:49:05,467 [pool-1105-thread-1] INFO  server.RaftServerConfigKeys (ConfUtils.java:logGet(46)) - raft.server.log.corruption.policy = EXCEPTION (default)
2023-05-03 09:49:05,467 [pool-1105-thread-1] INFO  server.RaftServerConfigKeys (ConfUtils.java:logGet(46)) - raft.server.storage.free-space.min = 0MB (=0) (default)
2023-05-03 09:49:05,467 [pool-1105-thread-1] INFO  server.RaftServerConfigKeys (ConfUtils.java:logGet(46)) - raft.server.notification.no-leader.timeout = 300s (custom)
2023-05-03 09:49:05,467 [pool-1105-thread-1] INFO  server.RaftServerConfigKeys (ConfUtils.java:logGet(46)) - raft.server.retrycache.expirytime = 600000ms (custom)
2023-05-03 09:49:05,467 [pool-1105-thread-1] INFO  server.RaftServerConfigKeys (ConfUtils.java:logGet(46)) - raft.server.retrycache.statistics.expirytime = 100μs (default)
2023-05-03 09:49:05,467 [pool-1105-thread-1] INFO  server.RaftServerConfigKeys (ConfUtils.java:logGet(46)) - raft.server.log.appender.install.snapshot.enabled = false (custom)
2023-05-03 09:49:05,467 [pool-1105-thread-1] INFO  server.RaftServerConfigKeys (ConfUtils.java:logGet(46)) - raft.server.threadpool.server.cached = true (default)
2023-05-03 09:49:05,467 [pool-1105-thread-1] INFO  server.RaftServerConfigKeys (ConfUtils.java:logGet(46)) - raft.server.threadpool.server.size = 0 (default)
2023-05-03 09:49:05,467 [pool-1105-thread-1] INFO  server.RaftServerConfigKeys (ConfUtils.java:logGet(46)) - raft.server.threadpool.client.cached = true (default)
2023-05-03 09:49:05,467 [pool-1105-thread-1] INFO  server.RaftServerConfigKeys (ConfUtils.java:logGet(46)) - raft.server.threadpool.client.size = 0 (default)
2023-05-03 09:49:05,467 [pool-1105-thread-1] INFO  storage.RaftStorageDirectory (RaftStorageDirectoryImpl.java:analyzeStorage(137)) - The storage directory /home/runner/work/ozone/ozone/hadoop-ozone/integration-test/target/test-dir/MiniOzoneClusterImpl-42c2526b-3b93-44e4-b696-93ac236191fb/datanode-1/data/ratis/92841822-8d4d-4fca-9810-66a6d9e963b0 does not exist. Creating ...
2023-05-03 09:49:05,468 [pool-1105-thread-1] INFO  storage.RaftStorageDirectory (RaftStorageDirectoryImpl.java:tryLock(231)) - Lock on /home/runner/work/ozone/ozone/hadoop-ozone/integration-test/target/test-dir/MiniOzoneClusterImpl-42c2526b-3b93-44e4-b696-93ac236191fb/datanode-1/data/ratis/92841822-8d4d-4fca-9810-66a6d9e963b0/in_use.lock acquired by nodename 7780@fv-az139-793
2023-05-03 09:49:05,469 [pool-1105-thread-1] INFO  storage.RaftStorage (RaftStorageImpl.java:format(96)) - Storage directory /home/runner/work/ozone/ozone/hadoop-ozone/integration-test/target/test-dir/MiniOzoneClusterImpl-42c2526b-3b93-44e4-b696-93ac236191fb/datanode-1/data/ratis/92841822-8d4d-4fca-9810-66a6d9e963b0 has been successfully formatted.
2023-05-03 09:49:05,470 [pool-1105-thread-1] INFO  ratis.ContainerStateMachine (ContainerStateMachine.java:loadSnapshot(262)) - group-66A6D9E963B0: The snapshot info is null. Setting the last applied indexto:(t:0, i:~)
2023-05-03 09:49:05,470 [pool-1105-thread-1] INFO  server.RaftServerConfigKeys (ConfUtils.java:logGet(46)) - raft.server.log.use.memory = false (default)
2023-05-03 09:49:05,470 [pool-1105-thread-1] INFO  server.RaftServerConfigKeys (ConfUtils.java:logGet(46)) - raft.server.log.purge.gap = 1000000 (custom)
2023-05-03 09:49:05,470 [pool-1105-thread-1] INFO  server.RaftServerConfigKeys (ConfUtils.java:logGet(46)) - raft.server.log.appender.buffer.byte-limit = 33554432 (custom)
2023-05-03 09:49:05,470 [pool-1105-thread-1] INFO  server.RaftServerConfigKeys (ConfUtils.java:logGet(46)) - raft.server.log.statemachine.data.read.timeout = 1000ms (default)
2023-05-03 09:49:05,470 [pool-1105-thread-1] INFO  server.RaftServerConfigKeys (ConfUtils.java:logGet(46)) - raft.server.log.purge.preservation.log.num = 0 (default)
2023-05-03 09:49:05,470 [pool-1105-thread-1] INFO  server.RaftServerConfigKeys (ConfUtils.java:logGet(46)) - raft.server.log.segment.size.max = 1048576 (custom)
2023-05-03 09:49:05,471 [pool-1105-thread-1] INFO  server.RaftServerConfigKeys (ConfUtils.java:logGet(46)) - raft.server.log.segment.cache.num.max = 2 (custom)
2023-05-03 09:49:05,471 [pool-1105-thread-1] INFO  server.RaftServerConfigKeys (ConfUtils.java:logGet(46)) - raft.server.log.segment.cache.size.max = 200MB (=209715200) (default)
2023-05-03 09:49:05,471 [pool-1105-thread-1] INFO  segmented.SegmentedRaftLogWorker (SegmentedRaftLogWorker.java:<init>(189)) - new 1e33a790-1e4c-4469-b162-b9d936e0bfc3@group-66A6D9E963B0-SegmentedRaftLogWorker for RaftStorageImpl:Storage Directory /home/runner/work/ozone/ozone/hadoop-ozone/integration-test/target/test-dir/MiniOzoneClusterImpl-42c2526b-3b93-44e4-b696-93ac236191fb/datanode-1/data/ratis/92841822-8d4d-4fca-9810-66a6d9e963b0
2023-05-03 09:49:05,471 [pool-1105-thread-1] INFO  server.RaftServerConfigKeys (ConfUtils.java:logGet(46)) - raft.server.log.queue.byte-limit = 4294967296 (custom)
2023-05-03 09:49:05,471 [pool-1105-thread-1] INFO  server.RaftServerConfigKeys (ConfUtils.java:logGet(46)) - raft.server.log.queue.element-limit = 1024 (custom)
2023-05-03 09:49:05,471 [pool-1105-thread-1] INFO  server.RaftServerConfigKeys (ConfUtils.java:logGet(46)) - raft.server.log.segment.size.max = 1048576 (custom)
2023-05-03 09:49:05,471 [pool-1105-thread-1] INFO  server.RaftServerConfigKeys (ConfUtils.java:logGet(46)) - raft.server.log.preallocated.size = 16384 (custom)
2023-05-03 09:49:05,471 [pool-1105-thread-1] INFO  server.RaftServerConfigKeys (ConfUtils.java:logGet(46)) - raft.server.log.force.sync.num = 128 (default)
2023-05-03 09:49:05,471 [pool-1105-thread-1] INFO  server.RaftServerConfigKeys (ConfUtils.java:logGet(46)) - raft.server.log.statemachine.data.sync = true (default)
2023-05-03 09:49:05,471 [pool-1105-thread-1] INFO  server.RaftServerConfigKeys (ConfUtils.java:logGet(46)) - raft.server.log.statemachine.data.sync.timeout = 10s (default)
2023-05-03 09:49:05,471 [pool-1105-thread-1] INFO  server.RaftServerConfigKeys (ConfUtils.java:logGet(46)) - raft.server.log.statemachine.data.sync.timeout.retry = -1 (default)
2023-05-03 09:49:05,471 [EventQueue-PipelineReportForPipelineReportHandler] INFO  pipeline.PipelineManagerImpl (PipelineManagerImpl.java:openPipeline(367)) - Pipeline Pipeline[ Id: 92841822-8d4d-4fca-9810-66a6d9e963b0, Nodes: 1e33a790-1e4c-4469-b162-b9d936e0bfc3(fv-az139-793.t0dryja4c43urhy2nvp0adewnd.cx.internal.cloudapp.net/10.1.0.194), ReplicationConfig: RATIS/ONE, State:ALLOCATED, leaderId:1e33a790-1e4c-4469-b162-b9d936e0bfc3, CreationTimestamp2023-05-03T09:49:02.467Z[Etc/UTC]] moved to OPEN state
2023-05-03 09:49:05,472 [pool-1105-thread-1] INFO  server.RaftServerConfigKeys (ConfUtils.java:logGet(46)) - raft.server.log.write.buffer.size = 1048576 (custom)
2023-05-03 09:49:05,472 [EventQueue-OpenPipelineForHealthyPipelineSafeModeRule] INFO  safemode.SCMSafeModeManager (HealthyPipelineSafeModeRule.java:process(137)) - SCM in safe mode. Healthy pipelines reported count is 0, required healthy pipeline reported count is 1
2023-05-03 09:49:05,472 [pool-1105-thread-1] INFO  server.RaftServerConfigKeys (ConfUtils.java:logGet(46)) - raft.server.log.appender.buffer.byte-limit = 33554432 (custom)
2023-05-03 09:49:05,475 [pool-1105-thread-1] INFO  server.RaftServerConfigKeys (ConfUtils.java:logGet(46)) - raft.server.log.unsafe-flush.enabled = false (default)
2023-05-03 09:49:05,475 [pool-1105-thread-1] INFO  server.RaftServerConfigKeys (ConfUtils.java:logGet(46)) - raft.server.log.async-flush.enabled = false (default)
2023-05-03 09:49:05,475 [pool-1105-thread-1] INFO  server.RaftServerConfigKeys (ConfUtils.java:logGet(46)) - raft.server.log.statemachine.data.caching.enabled = true (custom)
2023-05-03 09:49:05,475 [pool-1105-thread-1] INFO  segmented.SegmentedRaftLogWorker (SegmentedRaftLogWorker.java:lambda$new$0(135)) - 1e33a790-1e4c-4469-b162-b9d936e0bfc3@group-66A6D9E963B0-SegmentedRaftLogWorker: flushIndex: setUnconditionally 0 -> -1
2023-05-03 09:49:05,475 [pool-1105-thread-1] INFO  segmented.SegmentedRaftLogWorker (SegmentedRaftLogWorker.java:lambda$new$0(135)) - 1e33a790-1e4c-4469-b162-b9d936e0bfc3@group-66A6D9E963B0-SegmentedRaftLogWorker: safeCacheEvictIndex: setUnconditionally 0 -> -1
2023-05-03 09:49:05,475 [pool-1105-thread-1] INFO  server.RaftServer$Division (RaftServerImpl.java:start(334)) - 1e33a790-1e4c-4469-b162-b9d936e0bfc3@group-66A6D9E963B0: start as a follower, conf=-1: peers:[1e33a790-1e4c-4469-b162-b9d936e0bfc3|rpc:10.1.0.194:45067|dataStream:10.1.0.194:45283|priority:1|startupRole:FOLLOWER]|listeners:[], old=null
2023-05-03 09:49:05,475 [pool-1105-thread-1] INFO  server.RaftServer$Division (RaftServerImpl.java:setRole(321)) - 1e33a790-1e4c-4469-b162-b9d936e0bfc3@group-66A6D9E963B0: changes role from      null to FOLLOWER at term 0 for startAsFollower
2023-05-03 09:49:05,475 [pool-1105-thread-1] INFO  impl.RoleInfo (RoleInfo.java:updateAndGet(139)) - 1e33a790-1e4c-4469-b162-b9d936e0bfc3: start 1e33a790-1e4c-4469-b162-b9d936e0bfc3@group-66A6D9E963B0-FollowerState
2023-05-03 09:49:05,475 [pool-1105-thread-1] INFO  util.JmxRegister (JmxRegister.java:tryRegister(44)) - Successfully registered JMX Bean with object name Ratis:service=RaftServer,group=group-66A6D9E963B0,id=1e33a790-1e4c-4469-b162-b9d936e0bfc3
2023-05-03 09:49:05,475 [pool-1105-thread-1] INFO  server.RaftServerConfigKeys (ConfUtils.java:logGet(46)) - raft.server.snapshot.auto.trigger.enabled = true (custom)
2023-05-03 09:49:05,475 [pool-1105-thread-1] INFO  server.RaftServerConfigKeys (ConfUtils.java:logGet(46)) - raft.server.snapshot.auto.trigger.threshold = 10000 (custom)
2023-05-03 09:49:05,475 [pool-1105-thread-1] INFO  server.RaftServerConfigKeys (ConfUtils.java:logGet(46)) - raft.server.snapshot.retention.file.num = 5 (custom)
2023-05-03 09:49:05,475 [pool-1105-thread-1] INFO  server.RaftServerConfigKeys (ConfUtils.java:logGet(46)) - raft.server.log.purge.upto.snapshot.index = false (default)
2023-05-03 09:49:05,476 [1e33a790-1e4c-4469-b162-b9d936e0bfc3@group-66A6D9E963B0-FollowerState] INFO  server.RaftServerConfigKeys (ConfUtils.java:logFallback(53)) - raft.server.rpc.first-election.timeout.min = 5s (fallback to raft.server.rpc.timeout.min)
2023-05-03 09:49:05,476 [1e33a790-1e4c-4469-b162-b9d936e0bfc3@group-66A6D9E963B0-FollowerState] INFO  server.RaftServerConfigKeys (ConfUtils.java:logFallback(53)) - raft.server.rpc.first-election.timeout.max = 5200ms (fallback to raft.server.rpc.timeout.max)
2023-05-03 09:49:05,478 [Command processor thread] INFO  ratis.XceiverServerRatis (XceiverServerRatis.java:addGroup(806)) - Created group PipelineID=92841822-8d4d-4fca-9810-66a6d9e963b0
2023-05-03 09:49:05,478 [Command processor thread] INFO  commandhandler.CreatePipelineCommandHandler (CreatePipelineCommandHandler.java:handle(113)) - Created Pipeline RATIS ONE PipelineID=92841822-8d4d-4fca-9810-66a6d9e963b0.
2023-05-03 09:49:05,787 [Command processor thread] INFO  server.RaftServer (RaftServerProxy.java:addNew(96)) - 72fabaa3-cdfe-43bb-a33d-4a5f5e85250d: addNew group-D9C4CD305FA9:[72fabaa3-cdfe-43bb-a33d-4a5f5e85250d|rpc:10.1.0.194:35769|dataStream:10.1.0.194:34957|priority:1|startupRole:FOLLOWER] returns group-D9C4CD305FA9:java.util.concurrent.CompletableFuture@23fc28db[Not completed]
2023-05-03 09:49:05,788 [pool-1127-thread-1] INFO  server.RaftServer$Division (RaftServerImpl.java:<init>(195)) - 72fabaa3-cdfe-43bb-a33d-4a5f5e85250d: new RaftServerImpl for group-D9C4CD305FA9:[72fabaa3-cdfe-43bb-a33d-4a5f5e85250d|rpc:10.1.0.194:35769|dataStream:10.1.0.194:34957|priority:1|startupRole:FOLLOWER] with ContainerStateMachine:uninitialized
2023-05-03 09:49:05,788 [pool-1127-thread-1] INFO  server.RaftServerConfigKeys (ConfUtils.java:logGet(46)) - raft.server.rpc.timeout.min = 5s (custom)
2023-05-03 09:49:05,788 [pool-1127-thread-1] INFO  server.RaftServerConfigKeys (ConfUtils.java:logGet(46)) - raft.server.rpc.timeout.max = 5200ms (custom)
2023-05-03 09:49:05,788 [pool-1127-thread-1] INFO  server.RaftServerConfigKeys (ConfUtils.java:logGet(46)) - raft.server.rpc.sleep.time = 25ms (default)
2023-05-03 09:49:05,788 [pool-1127-thread-1] INFO  server.RaftServerConfigKeys (ConfUtils.java:logGet(46)) - raft.server.rpc.slowness.timeout = 300s (custom)
2023-05-03 09:49:05,788 [pool-1127-thread-1] INFO  server.RaftServerConfigKeys (ConfUtils.java:logGet(46)) - raft.server.leaderelection.leader.step-down.wait-time = 10s (default)
2023-05-03 09:49:05,788 [pool-1127-thread-1] INFO  server.RaftServerConfigKeys (ConfUtils.java:logGet(46)) - raft.server.sleep.deviation.threshold = 300ms (default)
2023-05-03 09:49:05,788 [pool-1127-thread-1] INFO  server.RaftServer$Division (ServerState.java:<init>(118)) - 72fabaa3-cdfe-43bb-a33d-4a5f5e85250d@group-D9C4CD305FA9: ConfigurationManager, init=-1: peers:[72fabaa3-cdfe-43bb-a33d-4a5f5e85250d|rpc:10.1.0.194:35769|dataStream:10.1.0.194:34957|priority:1|startupRole:FOLLOWER]|listeners:[], old=null, confs=<EMPTY_MAP>
2023-05-03 09:49:05,788 [pool-1127-thread-1] INFO  server.RaftServerConfigKeys (ConfUtils.java:logGet(46)) - raft.server.storage.dir = [/home/runner/work/ozone/ozone/hadoop-ozone/integration-test/target/test-dir/MiniOzoneClusterImpl-42c2526b-3b93-44e4-b696-93ac236191fb/datanode-2/data/ratis] (custom)
2023-05-03 09:49:05,788 [pool-1127-thread-1] INFO  server.RaftServerConfigKeys (ConfUtils.java:logGet(46)) - raft.server.log.corruption.policy = EXCEPTION (default)
2023-05-03 09:49:05,788 [pool-1127-thread-1] INFO  server.RaftServerConfigKeys (ConfUtils.java:logGet(46)) - raft.server.storage.free-space.min = 0MB (=0) (default)
2023-05-03 09:49:05,788 [pool-1127-thread-1] INFO  server.RaftServerConfigKeys (ConfUtils.java:logGet(46)) - raft.server.notification.no-leader.timeout = 300s (custom)
2023-05-03 09:49:05,788 [pool-1127-thread-1] INFO  server.RaftServerConfigKeys (ConfUtils.java:logGet(46)) - raft.server.retrycache.expirytime = 600000ms (custom)
2023-05-03 09:49:05,788 [pool-1127-thread-1] INFO  server.RaftServerConfigKeys (ConfUtils.java:logGet(46)) - raft.server.retrycache.statistics.expirytime = 100μs (default)
2023-05-03 09:49:05,789 [pool-1127-thread-1] INFO  server.RaftServerConfigKeys (ConfUtils.java:logGet(46)) - raft.server.log.appender.install.snapshot.enabled = false (custom)
2023-05-03 09:49:05,789 [pool-1127-thread-1] INFO  server.RaftServerConfigKeys (ConfUtils.java:logGet(46)) - raft.server.threadpool.server.cached = true (default)
2023-05-03 09:49:05,789 [pool-1127-thread-1] INFO  server.RaftServerConfigKeys (ConfUtils.java:logGet(46)) - raft.server.threadpool.server.size = 0 (default)
2023-05-03 09:49:05,789 [pool-1127-thread-1] INFO  server.RaftServerConfigKeys (ConfUtils.java:logGet(46)) - raft.server.threadpool.client.cached = true (default)
2023-05-03 09:49:05,789 [pool-1127-thread-1] INFO  server.RaftServerConfigKeys (ConfUtils.java:logGet(46)) - raft.server.threadpool.client.size = 0 (default)
2023-05-03 09:49:05,789 [Listener at 127.0.0.1/33547] INFO  ozone.MiniOzoneClusterImpl (MiniOzoneClusterImpl.java:lambda$waitForClusterToBeReady$0(223)) - Nodes are ready. Got 3 of 3 DN Heartbeats.
2023-05-03 09:49:05,789 [pool-1127-thread-1] INFO  storage.RaftStorageDirectory (RaftStorageDirectoryImpl.java:analyzeStorage(137)) - The storage directory /home/runner/work/ozone/ozone/hadoop-ozone/integration-test/target/test-dir/MiniOzoneClusterImpl-42c2526b-3b93-44e4-b696-93ac236191fb/datanode-2/data/ratis/9056b940-fb8b-4875-bc61-d9c4cd305fa9 does not exist. Creating ...
2023-05-03 09:49:05,789 [Listener at 127.0.0.1/33547] INFO  ozone.MiniOzoneClusterImpl (MiniOzoneClusterImpl.java:lambda$waitForClusterToBeReady$0(226)) - Waiting for cluster to exit safe mode
2023-05-03 09:49:05,789 [Listener at 127.0.0.1/33547] INFO  ozone.MiniOzoneClusterImpl (MiniOzoneClusterImpl.java:lambda$waitForClusterToBeReady$0(228)) - SCM became leader
2023-05-03 09:49:05,790 [pool-1127-thread-1] INFO  storage.RaftStorageDirectory (RaftStorageDirectoryImpl.java:tryLock(231)) - Lock on /home/runner/work/ozone/ozone/hadoop-ozone/integration-test/target/test-dir/MiniOzoneClusterImpl-42c2526b-3b93-44e4-b696-93ac236191fb/datanode-2/data/ratis/9056b940-fb8b-4875-bc61-d9c4cd305fa9/in_use.lock acquired by nodename 7780@fv-az139-793
2023-05-03 09:49:05,791 [pool-1127-thread-1] INFO  storage.RaftStorage (RaftStorageImpl.java:format(96)) - Storage directory /home/runner/work/ozone/ozone/hadoop-ozone/integration-test/target/test-dir/MiniOzoneClusterImpl-42c2526b-3b93-44e4-b696-93ac236191fb/datanode-2/data/ratis/9056b940-fb8b-4875-bc61-d9c4cd305fa9 has been successfully formatted.
2023-05-03 09:49:05,791 [pool-1127-thread-1] INFO  ratis.ContainerStateMachine (ContainerStateMachine.java:loadSnapshot(262)) - group-D9C4CD305FA9: The snapshot info is null. Setting the last applied indexto:(t:0, i:~)
2023-05-03 09:49:05,792 [EventQueue-PipelineReportForPipelineReportHandler] INFO  pipeline.PipelineManagerImpl (PipelineManagerImpl.java:openPipeline(367)) - Pipeline Pipeline[ Id: 9056b940-fb8b-4875-bc61-d9c4cd305fa9, Nodes: 72fabaa3-cdfe-43bb-a33d-4a5f5e85250d(fv-az139-793.t0dryja4c43urhy2nvp0adewnd.cx.internal.cloudapp.net/10.1.0.194), ReplicationConfig: RATIS/ONE, State:ALLOCATED, leaderId:72fabaa3-cdfe-43bb-a33d-4a5f5e85250d, CreationTimestamp2023-05-03T09:49:02.789Z[Etc/UTC]] moved to OPEN state
2023-05-03 09:49:05,793 [EventQueue-OpenPipelineForHealthyPipelineSafeModeRule] INFO  safemode.SCMSafeModeManager (HealthyPipelineSafeModeRule.java:process(137)) - SCM in safe mode. Healthy pipelines reported count is 0, required healthy pipeline reported count is 1
2023-05-03 09:49:05,793 [pool-1127-thread-1] INFO  server.RaftServerConfigKeys (ConfUtils.java:logGet(46)) - raft.server.log.use.memory = false (default)
2023-05-03 09:49:05,793 [pool-1127-thread-1] INFO  server.RaftServerConfigKeys (ConfUtils.java:logGet(46)) - raft.server.log.purge.gap = 1000000 (custom)
2023-05-03 09:49:05,793 [pool-1127-thread-1] INFO  server.RaftServerConfigKeys (ConfUtils.java:logGet(46)) - raft.server.log.appender.buffer.byte-limit = 33554432 (custom)
2023-05-03 09:49:05,793 [pool-1127-thread-1] INFO  server.RaftServerConfigKeys (ConfUtils.java:logGet(46)) - raft.server.log.statemachine.data.read.timeout = 1000ms (default)
2023-05-03 09:49:05,793 [pool-1127-thread-1] INFO  server.RaftServerConfigKeys (ConfUtils.java:logGet(46)) - raft.server.log.purge.preservation.log.num = 0 (default)
2023-05-03 09:49:05,793 [pool-1127-thread-1] INFO  server.RaftServerConfigKeys (ConfUtils.java:logGet(46)) - raft.server.log.segment.size.max = 1048576 (custom)
2023-05-03 09:49:05,793 [pool-1127-thread-1] INFO  server.RaftServerConfigKeys (ConfUtils.java:logGet(46)) - raft.server.log.segment.cache.num.max = 2 (custom)
2023-05-03 09:49:05,793 [pool-1127-thread-1] INFO  server.RaftServerConfigKeys (ConfUtils.java:logGet(46)) - raft.server.log.segment.cache.size.max = 200MB (=209715200) (default)
2023-05-03 09:49:05,793 [pool-1127-thread-1] INFO  segmented.SegmentedRaftLogWorker (SegmentedRaftLogWorker.java:<init>(189)) - new 72fabaa3-cdfe-43bb-a33d-4a5f5e85250d@group-D9C4CD305FA9-SegmentedRaftLogWorker for RaftStorageImpl:Storage Directory /home/runner/work/ozone/ozone/hadoop-ozone/integration-test/target/test-dir/MiniOzoneClusterImpl-42c2526b-3b93-44e4-b696-93ac236191fb/datanode-2/data/ratis/9056b940-fb8b-4875-bc61-d9c4cd305fa9
2023-05-03 09:49:05,793 [pool-1127-thread-1] INFO  server.RaftServerConfigKeys (ConfUtils.java:logGet(46)) - raft.server.log.queue.byte-limit = 4294967296 (custom)
2023-05-03 09:49:05,794 [pool-1127-thread-1] INFO  server.RaftServerConfigKeys (ConfUtils.java:logGet(46)) - raft.server.log.queue.element-limit = 1024 (custom)
2023-05-03 09:49:05,794 [pool-1127-thread-1] INFO  server.RaftServerConfigKeys (ConfUtils.java:logGet(46)) - raft.server.log.segment.size.max = 1048576 (custom)
2023-05-03 09:49:05,794 [pool-1127-thread-1] INFO  server.RaftServerConfigKeys (ConfUtils.java:logGet(46)) - raft.server.log.preallocated.size = 16384 (custom)
2023-05-03 09:49:05,794 [pool-1127-thread-1] INFO  server.RaftServerConfigKeys (ConfUtils.java:logGet(46)) - raft.server.log.force.sync.num = 128 (default)
2023-05-03 09:49:05,794 [pool-1127-thread-1] INFO  server.RaftServerConfigKeys (ConfUtils.java:logGet(46)) - raft.server.log.statemachine.data.sync = true (default)
2023-05-03 09:49:05,794 [pool-1127-thread-1] INFO  server.RaftServerConfigKeys (ConfUtils.java:logGet(46)) - raft.server.log.statemachine.data.sync.timeout = 10s (default)
2023-05-03 09:49:05,794 [pool-1127-thread-1] INFO  server.RaftServerConfigKeys (ConfUtils.java:logGet(46)) - raft.server.log.statemachine.data.sync.timeout.retry = -1 (default)
2023-05-03 09:49:05,794 [pool-1127-thread-1] INFO  server.RaftServerConfigKeys (ConfUtils.java:logGet(46)) - raft.server.log.write.buffer.size = 1048576 (custom)
2023-05-03 09:49:05,795 [pool-1127-thread-1] INFO  server.RaftServerConfigKeys (ConfUtils.java:logGet(46)) - raft.server.log.appender.buffer.byte-limit = 33554432 (custom)
2023-05-03 09:49:05,797 [pool-1127-thread-1] INFO  server.RaftServerConfigKeys (ConfUtils.java:logGet(46)) - raft.server.log.unsafe-flush.enabled = false (default)
2023-05-03 09:49:05,797 [pool-1127-thread-1] INFO  server.RaftServerConfigKeys (ConfUtils.java:logGet(46)) - raft.server.log.async-flush.enabled = false (default)
2023-05-03 09:49:05,797 [pool-1127-thread-1] INFO  server.RaftServerConfigKeys (ConfUtils.java:logGet(46)) - raft.server.log.statemachine.data.caching.enabled = true (custom)
2023-05-03 09:49:05,797 [pool-1127-thread-1] INFO  segmented.SegmentedRaftLogWorker (SegmentedRaftLogWorker.java:lambda$new$0(135)) - 72fabaa3-cdfe-43bb-a33d-4a5f5e85250d@group-D9C4CD305FA9-SegmentedRaftLogWorker: flushIndex: setUnconditionally 0 -> -1
2023-05-03 09:49:05,798 [pool-1127-thread-1] INFO  segmented.SegmentedRaftLogWorker (SegmentedRaftLogWorker.java:lambda$new$0(135)) - 72fabaa3-cdfe-43bb-a33d-4a5f5e85250d@group-D9C4CD305FA9-SegmentedRaftLogWorker: safeCacheEvictIndex: setUnconditionally 0 -> -1
2023-05-03 09:49:05,798 [pool-1127-thread-1] INFO  server.RaftServer$Division (RaftServerImpl.java:start(334)) - 72fabaa3-cdfe-43bb-a33d-4a5f5e85250d@group-D9C4CD305FA9: start as a follower, conf=-1: peers:[72fabaa3-cdfe-43bb-a33d-4a5f5e85250d|rpc:10.1.0.194:35769|dataStream:10.1.0.194:34957|priority:1|startupRole:FOLLOWER]|listeners:[], old=null
2023-05-03 09:49:05,798 [pool-1127-thread-1] INFO  server.RaftServer$Division (RaftServerImpl.java:setRole(321)) - 72fabaa3-cdfe-43bb-a33d-4a5f5e85250d@group-D9C4CD305FA9: changes role from      null to FOLLOWER at term 0 for startAsFollower
2023-05-03 09:49:05,798 [pool-1127-thread-1] INFO  impl.RoleInfo (RoleInfo.java:updateAndGet(139)) - 72fabaa3-cdfe-43bb-a33d-4a5f5e85250d: start 72fabaa3-cdfe-43bb-a33d-4a5f5e85250d@group-D9C4CD305FA9-FollowerState
2023-05-03 09:49:05,798 [pool-1127-thread-1] INFO  util.JmxRegister (JmxRegister.java:tryRegister(44)) - Successfully registered JMX Bean with object name Ratis:service=RaftServer,group=group-D9C4CD305FA9,id=72fabaa3-cdfe-43bb-a33d-4a5f5e85250d
2023-05-03 09:49:05,798 [pool-1127-thread-1] INFO  server.RaftServerConfigKeys (ConfUtils.java:logGet(46)) - raft.server.snapshot.auto.trigger.enabled = true (custom)
2023-05-03 09:49:05,798 [pool-1127-thread-1] INFO  server.RaftServerConfigKeys (ConfUtils.java:logGet(46)) - raft.server.snapshot.auto.trigger.threshold = 10000 (custom)
2023-05-03 09:49:05,798 [pool-1127-thread-1] INFO  server.RaftServerConfigKeys (ConfUtils.java:logGet(46)) - raft.server.snapshot.retention.file.num = 5 (custom)
2023-05-03 09:49:05,798 [pool-1127-thread-1] INFO  server.RaftServerConfigKeys (ConfUtils.java:logGet(46)) - raft.server.log.purge.upto.snapshot.index = false (default)
2023-05-03 09:49:05,798 [Command processor thread] INFO  ratis.XceiverServerRatis (XceiverServerRatis.java:addGroup(806)) - Created group PipelineID=9056b940-fb8b-4875-bc61-d9c4cd305fa9
2023-05-03 09:49:05,799 [72fabaa3-cdfe-43bb-a33d-4a5f5e85250d@group-D9C4CD305FA9-FollowerState] INFO  server.RaftServerConfigKeys (ConfUtils.java:logFallback(53)) - raft.server.rpc.first-election.timeout.min = 5s (fallback to raft.server.rpc.timeout.min)
2023-05-03 09:49:05,799 [Command processor thread] INFO  commandhandler.CreatePipelineCommandHandler (CreatePipelineCommandHandler.java:handle(113)) - Created Pipeline RATIS ONE PipelineID=9056b940-fb8b-4875-bc61-d9c4cd305fa9.
2023-05-03 09:49:05,799 [72fabaa3-cdfe-43bb-a33d-4a5f5e85250d@group-D9C4CD305FA9-FollowerState] INFO  server.RaftServerConfigKeys (ConfUtils.java:logFallback(53)) - raft.server.rpc.first-election.timeout.max = 5200ms (fallback to raft.server.rpc.timeout.max)
2023-05-03 09:49:06,789 [Listener at 127.0.0.1/33547] INFO  ozone.MiniOzoneClusterImpl (MiniOzoneClusterImpl.java:lambda$waitForClusterToBeReady$0(223)) - Nodes are ready. Got 3 of 3 DN Heartbeats.
2023-05-03 09:49:06,789 [Listener at 127.0.0.1/33547] INFO  ozone.MiniOzoneClusterImpl (MiniOzoneClusterImpl.java:lambda$waitForClusterToBeReady$0(226)) - Waiting for cluster to exit safe mode
2023-05-03 09:49:06,790 [Listener at 127.0.0.1/33547] INFO  ozone.MiniOzoneClusterImpl (MiniOzoneClusterImpl.java:lambda$waitForClusterToBeReady$0(228)) - SCM became leader
2023-05-03 09:49:07,790 [Listener at 127.0.0.1/33547] INFO  ozone.MiniOzoneClusterImpl (MiniOzoneClusterImpl.java:lambda$waitForClusterToBeReady$0(223)) - Nodes are ready. Got 3 of 3 DN Heartbeats.
2023-05-03 09:49:07,790 [Listener at 127.0.0.1/33547] INFO  ozone.MiniOzoneClusterImpl (MiniOzoneClusterImpl.java:lambda$waitForClusterToBeReady$0(226)) - Waiting for cluster to exit safe mode
2023-05-03 09:49:07,790 [Listener at 127.0.0.1/33547] INFO  ozone.MiniOzoneClusterImpl (MiniOzoneClusterImpl.java:lambda$waitForClusterToBeReady$0(228)) - SCM became leader
2023-05-03 09:49:08,790 [Listener at 127.0.0.1/33547] INFO  ozone.MiniOzoneClusterImpl (MiniOzoneClusterImpl.java:lambda$waitForClusterToBeReady$0(223)) - Nodes are ready. Got 3 of 3 DN Heartbeats.
2023-05-03 09:49:08,790 [Listener at 127.0.0.1/33547] INFO  ozone.MiniOzoneClusterImpl (MiniOzoneClusterImpl.java:lambda$waitForClusterToBeReady$0(226)) - Waiting for cluster to exit safe mode
2023-05-03 09:49:08,790 [Listener at 127.0.0.1/33547] INFO  ozone.MiniOzoneClusterImpl (MiniOzoneClusterImpl.java:lambda$waitForClusterToBeReady$0(228)) - SCM became leader
2023-05-03 09:49:09,790 [Listener at 127.0.0.1/33547] INFO  ozone.MiniOzoneClusterImpl (MiniOzoneClusterImpl.java:lambda$waitForClusterToBeReady$0(223)) - Nodes are ready. Got 3 of 3 DN Heartbeats.
2023-05-03 09:49:09,791 [Listener at 127.0.0.1/33547] INFO  ozone.MiniOzoneClusterImpl (MiniOzoneClusterImpl.java:lambda$waitForClusterToBeReady$0(226)) - Waiting for cluster to exit safe mode
2023-05-03 09:49:09,791 [Listener at 127.0.0.1/33547] INFO  ozone.MiniOzoneClusterImpl (MiniOzoneClusterImpl.java:lambda$waitForClusterToBeReady$0(228)) - SCM became leader
2023-05-03 09:49:10,244 [2944b27d-a262-4302-b37f-3bbf75b1a053@group-7EAB92DACA6B-FollowerState] INFO  impl.FollowerState (FollowerState.java:run(143)) - 2944b27d-a262-4302-b37f-3bbf75b1a053@group-7EAB92DACA6B-FollowerState: change to CANDIDATE, lastRpcElapsedTime:5053885386ns, electionTimeout:5053ms
2023-05-03 09:49:10,244 [2944b27d-a262-4302-b37f-3bbf75b1a053@group-7EAB92DACA6B-FollowerState] INFO  impl.RoleInfo (RoleInfo.java:shutdownFollowerState(110)) - 2944b27d-a262-4302-b37f-3bbf75b1a053: shutdown 2944b27d-a262-4302-b37f-3bbf75b1a053@group-7EAB92DACA6B-FollowerState
2023-05-03 09:49:10,244 [2944b27d-a262-4302-b37f-3bbf75b1a053@group-7EAB92DACA6B-FollowerState] INFO  server.RaftServer$Division (RaftServerImpl.java:setRole(321)) - 2944b27d-a262-4302-b37f-3bbf75b1a053@group-7EAB92DACA6B: changes role from  FOLLOWER to CANDIDATE at term 0 for changeToCandidate
2023-05-03 09:49:10,244 [2944b27d-a262-4302-b37f-3bbf75b1a053@group-7EAB92DACA6B-FollowerState] INFO  server.RaftServerConfigKeys (ConfUtils.java:logGet(46)) - raft.server.leaderelection.pre-vote = true (default)
2023-05-03 09:49:10,244 [2944b27d-a262-4302-b37f-3bbf75b1a053@group-7EAB92DACA6B-FollowerState] INFO  impl.RoleInfo (RoleInfo.java:updateAndGet(139)) - 2944b27d-a262-4302-b37f-3bbf75b1a053: start 2944b27d-a262-4302-b37f-3bbf75b1a053@group-7EAB92DACA6B-LeaderElection46
2023-05-03 09:49:10,245 [2944b27d-a262-4302-b37f-3bbf75b1a053@group-7EAB92DACA6B-LeaderElection46] INFO  impl.LeaderElection (LeaderElection.java:askForVotes(312)) - 2944b27d-a262-4302-b37f-3bbf75b1a053@group-7EAB92DACA6B-LeaderElection46 PRE_VOTE round 0: submit vote requests at term 0 for -1: peers:[1e33a790-1e4c-4469-b162-b9d936e0bfc3|rpc:10.1.0.194:45067|dataStream:10.1.0.194:45283|priority:0|startupRole:FOLLOWER, 72fabaa3-cdfe-43bb-a33d-4a5f5e85250d|rpc:10.1.0.194:35769|dataStream:10.1.0.194:34957|priority:1|startupRole:FOLLOWER, 2944b27d-a262-4302-b37f-3bbf75b1a053|rpc:10.1.0.194:38895|dataStream:10.1.0.194:32901|priority:0|startupRole:FOLLOWER]|listeners:[], old=null
2023-05-03 09:49:10,245 [2944b27d-a262-4302-b37f-3bbf75b1a053@group-7EAB92DACA6B-LeaderElection46] INFO  server.RaftServerConfigKeys (ConfUtils.java:logFallback(53)) - raft.server.rpc.first-election.timeout.min = 5s (fallback to raft.server.rpc.timeout.min)
2023-05-03 09:49:10,245 [2944b27d-a262-4302-b37f-3bbf75b1a053@group-7EAB92DACA6B-LeaderElection46-1] INFO  server.GrpcServerProtocolClient (GrpcServerProtocolClient.java:<init>(63)) - Build channel for 1e33a790-1e4c-4469-b162-b9d936e0bfc3
2023-05-03 09:49:10,245 [2944b27d-a262-4302-b37f-3bbf75b1a053@group-7EAB92DACA6B-LeaderElection46] INFO  server.RaftServerConfigKeys (ConfUtils.java:logFallback(53)) - raft.server.rpc.first-election.timeout.max = 5200ms (fallback to raft.server.rpc.timeout.max)
2023-05-03 09:49:10,246 [2944b27d-a262-4302-b37f-3bbf75b1a053@group-7EAB92DACA6B-LeaderElection46-2] INFO  server.GrpcServerProtocolClient (GrpcServerProtocolClient.java:<init>(63)) - Build channel for 72fabaa3-cdfe-43bb-a33d-4a5f5e85250d
2023-05-03 09:49:10,251 [grpc-default-executor-0] INFO  server.RaftServer$Division (RaftServerImpl.java:requestVote(1218)) - 72fabaa3-cdfe-43bb-a33d-4a5f5e85250d@group-7EAB92DACA6B: receive requestVote(PRE_VOTE, 2944b27d-a262-4302-b37f-3bbf75b1a053, group-7EAB92DACA6B, 0, (t:0, i:0))
2023-05-03 09:49:10,251 [grpc-default-executor-0] INFO  impl.VoteContext (VoteContext.java:log(49)) - 72fabaa3-cdfe-43bb-a33d-4a5f5e85250d@group-7EAB92DACA6B-FOLLOWER: reject PRE_VOTE from 2944b27d-a262-4302-b37f-3bbf75b1a053: our priority 1 > candidate's priority 0
2023-05-03 09:49:10,251 [grpc-default-executor-0] INFO  server.RaftServer$Division (RaftServerImpl.java:requestVote(1251)) - 72fabaa3-cdfe-43bb-a33d-4a5f5e85250d@group-7EAB92DACA6B replies to PRE_VOTE vote request: 2944b27d-a262-4302-b37f-3bbf75b1a053<-72fabaa3-cdfe-43bb-a33d-4a5f5e85250d#0:FAIL-t0. Peer's state: 72fabaa3-cdfe-43bb-a33d-4a5f5e85250d@group-7EAB92DACA6B:t0, leader=null, voted=, raftlog=Memoized:72fabaa3-cdfe-43bb-a33d-4a5f5e85250d@group-7EAB92DACA6B-SegmentedRaftLog:OPENED:c-1, conf=-1: peers:[1e33a790-1e4c-4469-b162-b9d936e0bfc3|rpc:10.1.0.194:45067|dataStream:10.1.0.194:45283|priority:0|startupRole:FOLLOWER, 72fabaa3-cdfe-43bb-a33d-4a5f5e85250d|rpc:10.1.0.194:35769|dataStream:10.1.0.194:34957|priority:1|startupRole:FOLLOWER, 2944b27d-a262-4302-b37f-3bbf75b1a053|rpc:10.1.0.194:38895|dataStream:10.1.0.194:32901|priority:0|startupRole:FOLLOWER]|listeners:[], old=null
2023-05-03 09:49:10,252 [2944b27d-a262-4302-b37f-3bbf75b1a053@group-7EAB92DACA6B-LeaderElection46] INFO  impl.LeaderElection (LeaderElection.java:logAndReturn(90)) - 2944b27d-a262-4302-b37f-3bbf75b1a053@group-7EAB92DACA6B-LeaderElection46: PRE_VOTE REJECTED received 1 response(s) and 0 exception(s):
2023-05-03 09:49:10,252 [2944b27d-a262-4302-b37f-3bbf75b1a053@group-7EAB92DACA6B-LeaderElection46] INFO  impl.LeaderElection (LeaderElection.java:logAndReturn(94)) -   Response 0: 2944b27d-a262-4302-b37f-3bbf75b1a053<-72fabaa3-cdfe-43bb-a33d-4a5f5e85250d#0:FAIL-t0
2023-05-03 09:49:10,252 [2944b27d-a262-4302-b37f-3bbf75b1a053@group-7EAB92DACA6B-LeaderElection46] INFO  impl.LeaderElection (LeaderElection.java:askForVotes(314)) - 2944b27d-a262-4302-b37f-3bbf75b1a053@group-7EAB92DACA6B-LeaderElection46 PRE_VOTE round 0: result REJECTED
2023-05-03 09:49:10,252 [2944b27d-a262-4302-b37f-3bbf75b1a053@group-7EAB92DACA6B-LeaderElection46] INFO  server.RaftServer$Division (RaftServerImpl.java:setRole(321)) - 2944b27d-a262-4302-b37f-3bbf75b1a053@group-7EAB92DACA6B: changes role from CANDIDATE to FOLLOWER at term 0 for REJECTED
2023-05-03 09:49:10,252 [2944b27d-a262-4302-b37f-3bbf75b1a053@group-7EAB92DACA6B-LeaderElection46] INFO  impl.RoleInfo (RoleInfo.java:shutdownLeaderElection(130)) - 2944b27d-a262-4302-b37f-3bbf75b1a053: shutdown 2944b27d-a262-4302-b37f-3bbf75b1a053@group-7EAB92DACA6B-LeaderElection46
2023-05-03 09:49:10,252 [2944b27d-a262-4302-b37f-3bbf75b1a053@group-7EAB92DACA6B-LeaderElection46] INFO  impl.RoleInfo (RoleInfo.java:updateAndGet(139)) - 2944b27d-a262-4302-b37f-3bbf75b1a053: start 2944b27d-a262-4302-b37f-3bbf75b1a053@group-7EAB92DACA6B-FollowerState
2023-05-03 09:49:10,253 [2944b27d-a262-4302-b37f-3bbf75b1a053@group-7EAB92DACA6B-FollowerState] INFO  server.RaftServerConfigKeys (ConfUtils.java:logFallback(53)) - raft.server.rpc.first-election.timeout.min = 5s (fallback to raft.server.rpc.timeout.min)
2023-05-03 09:49:10,253 [2944b27d-a262-4302-b37f-3bbf75b1a053@group-7EAB92DACA6B-FollowerState] INFO  server.RaftServerConfigKeys (ConfUtils.java:logFallback(53)) - raft.server.rpc.first-election.timeout.max = 5200ms (fallback to raft.server.rpc.timeout.max)
2023-05-03 09:49:10,257 [grpc-default-executor-0] INFO  server.RaftServer$Division (RaftServerImpl.java:requestVote(1218)) - 1e33a790-1e4c-4469-b162-b9d936e0bfc3@group-7EAB92DACA6B: receive requestVote(PRE_VOTE, 2944b27d-a262-4302-b37f-3bbf75b1a053, group-7EAB92DACA6B, 0, (t:0, i:0))
2023-05-03 09:49:10,257 [grpc-default-executor-0] INFO  impl.VoteContext (VoteContext.java:log(49)) - 1e33a790-1e4c-4469-b162-b9d936e0bfc3@group-7EAB92DACA6B-FOLLOWER: accept PRE_VOTE from 2944b27d-a262-4302-b37f-3bbf75b1a053: our priority 0 <= candidate's priority 0
2023-05-03 09:49:10,257 [grpc-default-executor-0] INFO  server.RaftServer$Division (RaftServerImpl.java:requestVote(1251)) - 1e33a790-1e4c-4469-b162-b9d936e0bfc3@group-7EAB92DACA6B replies to PRE_VOTE vote request: 2944b27d-a262-4302-b37f-3bbf75b1a053<-1e33a790-1e4c-4469-b162-b9d936e0bfc3#0:OK-t0. Peer's state: 1e33a790-1e4c-4469-b162-b9d936e0bfc3@group-7EAB92DACA6B:t0, leader=null, voted=, raftlog=Memoized:1e33a790-1e4c-4469-b162-b9d936e0bfc3@group-7EAB92DACA6B-SegmentedRaftLog:OPENED:c-1, conf=-1: peers:[1e33a790-1e4c-4469-b162-b9d936e0bfc3|rpc:10.1.0.194:45067|dataStream:10.1.0.194:45283|priority:0|startupRole:FOLLOWER, 72fabaa3-cdfe-43bb-a33d-4a5f5e85250d|rpc:10.1.0.194:35769|dataStream:10.1.0.194:34957|priority:1|startupRole:FOLLOWER, 2944b27d-a262-4302-b37f-3bbf75b1a053|rpc:10.1.0.194:38895|dataStream:10.1.0.194:32901|priority:0|startupRole:FOLLOWER]|listeners:[], old=null
2023-05-03 09:49:10,295 [72fabaa3-cdfe-43bb-a33d-4a5f5e85250d@group-9595DE9ADEC6-FollowerState] INFO  impl.FollowerState (FollowerState.java:run(143)) - 72fabaa3-cdfe-43bb-a33d-4a5f5e85250d@group-9595DE9ADEC6-FollowerState: change to CANDIDATE, lastRpcElapsedTime:5004808799ns, electionTimeout:5004ms
2023-05-03 09:49:10,295 [72fabaa3-cdfe-43bb-a33d-4a5f5e85250d@group-9595DE9ADEC6-FollowerState] INFO  impl.RoleInfo (RoleInfo.java:shutdownFollowerState(110)) - 72fabaa3-cdfe-43bb-a33d-4a5f5e85250d: shutdown 72fabaa3-cdfe-43bb-a33d-4a5f5e85250d@group-9595DE9ADEC6-FollowerState
2023-05-03 09:49:10,295 [72fabaa3-cdfe-43bb-a33d-4a5f5e85250d@group-9595DE9ADEC6-FollowerState] INFO  server.RaftServer$Division (RaftServerImpl.java:setRole(321)) - 72fabaa3-cdfe-43bb-a33d-4a5f5e85250d@group-9595DE9ADEC6: changes role from  FOLLOWER to CANDIDATE at term 0 for changeToCandidate
2023-05-03 09:49:10,295 [72fabaa3-cdfe-43bb-a33d-4a5f5e85250d@group-9595DE9ADEC6-FollowerState] INFO  server.RaftServerConfigKeys (ConfUtils.java:logGet(46)) - raft.server.leaderelection.pre-vote = true (default)
2023-05-03 09:49:10,296 [72fabaa3-cdfe-43bb-a33d-4a5f5e85250d@group-9595DE9ADEC6-FollowerState] INFO  impl.RoleInfo (RoleInfo.java:updateAndGet(139)) - 72fabaa3-cdfe-43bb-a33d-4a5f5e85250d: start 72fabaa3-cdfe-43bb-a33d-4a5f5e85250d@group-9595DE9ADEC6-LeaderElection47
2023-05-03 09:49:10,297 [72fabaa3-cdfe-43bb-a33d-4a5f5e85250d@group-9595DE9ADEC6-LeaderElection47] INFO  impl.LeaderElection (LeaderElection.java:askForVotes(312)) - 72fabaa3-cdfe-43bb-a33d-4a5f5e85250d@group-9595DE9ADEC6-LeaderElection47 PRE_VOTE round 0: submit vote requests at term 0 for -1: peers:[1e33a790-1e4c-4469-b162-b9d936e0bfc3|rpc:10.1.0.194:45067|dataStream:10.1.0.194:45283|priority:0|startupRole:FOLLOWER, 72fabaa3-cdfe-43bb-a33d-4a5f5e85250d|rpc:10.1.0.194:35769|dataStream:10.1.0.194:34957|priority:0|startupRole:FOLLOWER, 2944b27d-a262-4302-b37f-3bbf75b1a053|rpc:10.1.0.194:38895|dataStream:10.1.0.194:32901|priority:1|startupRole:FOLLOWER]|listeners:[], old=null
2023-05-03 09:49:10,297 [72fabaa3-cdfe-43bb-a33d-4a5f5e85250d@group-9595DE9ADEC6-LeaderElection47] INFO  server.RaftServerConfigKeys (ConfUtils.java:logFallback(53)) - raft.server.rpc.first-election.timeout.min = 5s (fallback to raft.server.rpc.timeout.min)
2023-05-03 09:49:10,297 [72fabaa3-cdfe-43bb-a33d-4a5f5e85250d@group-9595DE9ADEC6-LeaderElection47-1] INFO  server.GrpcServerProtocolClient (GrpcServerProtocolClient.java:<init>(63)) - Build channel for 1e33a790-1e4c-4469-b162-b9d936e0bfc3
2023-05-03 09:49:10,297 [72fabaa3-cdfe-43bb-a33d-4a5f5e85250d@group-9595DE9ADEC6-LeaderElection47] INFO  server.RaftServerConfigKeys (ConfUtils.java:logFallback(53)) - raft.server.rpc.first-election.timeout.max = 5200ms (fallback to raft.server.rpc.timeout.max)
2023-05-03 09:49:10,297 [72fabaa3-cdfe-43bb-a33d-4a5f5e85250d@group-9595DE9ADEC6-LeaderElection47-2] INFO  server.GrpcServerProtocolClient (GrpcServerProtocolClient.java:<init>(63)) - Build channel for 2944b27d-a262-4302-b37f-3bbf75b1a053
2023-05-03 09:49:10,302 [grpc-default-executor-0] INFO  server.RaftServer$Division (RaftServerImpl.java:requestVote(1218)) - 2944b27d-a262-4302-b37f-3bbf75b1a053@group-9595DE9ADEC6: receive requestVote(PRE_VOTE, 72fabaa3-cdfe-43bb-a33d-4a5f5e85250d, group-9595DE9ADEC6, 0, (t:0, i:0))
2023-05-03 09:49:10,302 [grpc-default-executor-0] INFO  impl.VoteContext (VoteContext.java:log(49)) - 2944b27d-a262-4302-b37f-3bbf75b1a053@group-9595DE9ADEC6-FOLLOWER: reject PRE_VOTE from 72fabaa3-cdfe-43bb-a33d-4a5f5e85250d: our priority 1 > candidate's priority 0
2023-05-03 09:49:10,302 [grpc-default-executor-0] INFO  server.RaftServer$Division (RaftServerImpl.java:requestVote(1251)) - 2944b27d-a262-4302-b37f-3bbf75b1a053@group-9595DE9ADEC6 replies to PRE_VOTE vote request: 72fabaa3-cdfe-43bb-a33d-4a5f5e85250d<-2944b27d-a262-4302-b37f-3bbf75b1a053#0:FAIL-t0. Peer's state: 2944b27d-a262-4302-b37f-3bbf75b1a053@group-9595DE9ADEC6:t0, leader=null, voted=, raftlog=Memoized:2944b27d-a262-4302-b37f-3bbf75b1a053@group-9595DE9ADEC6-SegmentedRaftLog:OPENED:c-1, conf=-1: peers:[1e33a790-1e4c-4469-b162-b9d936e0bfc3|rpc:10.1.0.194:45067|dataStream:10.1.0.194:45283|priority:0|startupRole:FOLLOWER, 72fabaa3-cdfe-43bb-a33d-4a5f5e85250d|rpc:10.1.0.194:35769|dataStream:10.1.0.194:34957|priority:0|startupRole:FOLLOWER, 2944b27d-a262-4302-b37f-3bbf75b1a053|rpc:10.1.0.194:38895|dataStream:10.1.0.194:32901|priority:1|startupRole:FOLLOWER]|listeners:[], old=null
2023-05-03 09:49:10,310 [72fabaa3-cdfe-43bb-a33d-4a5f5e85250d@group-9595DE9ADEC6-LeaderElection47] INFO  impl.LeaderElection (LeaderElection.java:logAndReturn(90)) - 72fabaa3-cdfe-43bb-a33d-4a5f5e85250d@group-9595DE9ADEC6-LeaderElection47: PRE_VOTE REJECTED received 1 response(s) and 0 exception(s):
2023-05-03 09:49:10,311 [72fabaa3-cdfe-43bb-a33d-4a5f5e85250d@group-9595DE9ADEC6-LeaderElection47] INFO  impl.LeaderElection (LeaderElection.java:logAndReturn(94)) -   Response 0: 72fabaa3-cdfe-43bb-a33d-4a5f5e85250d<-2944b27d-a262-4302-b37f-3bbf75b1a053#0:FAIL-t0
2023-05-03 09:49:10,311 [72fabaa3-cdfe-43bb-a33d-4a5f5e85250d@group-9595DE9ADEC6-LeaderElection47] INFO  impl.LeaderElection (LeaderElection.java:askForVotes(314)) - 72fabaa3-cdfe-43bb-a33d-4a5f5e85250d@group-9595DE9ADEC6-LeaderElection47 PRE_VOTE round 0: result REJECTED
2023-05-03 09:49:10,311 [72fabaa3-cdfe-43bb-a33d-4a5f5e85250d@group-9595DE9ADEC6-LeaderElection47] INFO  server.RaftServer$Division (RaftServerImpl.java:setRole(321)) - 72fabaa3-cdfe-43bb-a33d-4a5f5e85250d@group-9595DE9ADEC6: changes role from CANDIDATE to FOLLOWER at term 0 for REJECTED
2023-05-03 09:49:10,311 [72fabaa3-cdfe-43bb-a33d-4a5f5e85250d@group-9595DE9ADEC6-LeaderElection47] INFO  impl.RoleInfo (RoleInfo.java:shutdownLeaderElection(130)) - 72fabaa3-cdfe-43bb-a33d-4a5f5e85250d: shutdown 72fabaa3-cdfe-43bb-a33d-4a5f5e85250d@group-9595DE9ADEC6-LeaderElection47
2023-05-03 09:49:10,311 [72fabaa3-cdfe-43bb-a33d-4a5f5e85250d@group-9595DE9ADEC6-LeaderElection47] INFO  impl.RoleInfo (RoleInfo.java:updateAndGet(139)) - 72fabaa3-cdfe-43bb-a33d-4a5f5e85250d: start 72fabaa3-cdfe-43bb-a33d-4a5f5e85250d@group-9595DE9ADEC6-FollowerState
2023-05-03 09:49:10,311 [grpc-default-executor-1] INFO  server.RaftServer$Division (RaftServerImpl.java:requestVote(1218)) - 1e33a790-1e4c-4469-b162-b9d936e0bfc3@group-9595DE9ADEC6: receive requestVote(PRE_VOTE, 72fabaa3-cdfe-43bb-a33d-4a5f5e85250d, group-9595DE9ADEC6, 0, (t:0, i:0))
2023-05-03 09:49:10,311 [grpc-default-executor-1] INFO  impl.VoteContext (VoteContext.java:log(49)) - 1e33a790-1e4c-4469-b162-b9d936e0bfc3@group-9595DE9ADEC6-FOLLOWER: accept PRE_VOTE from 72fabaa3-cdfe-43bb-a33d-4a5f5e85250d: our priority 0 <= candidate's priority 0
2023-05-03 09:49:10,311 [grpc-default-executor-1] INFO  server.RaftServer$Division (RaftServerImpl.java:requestVote(1251)) - 1e33a790-1e4c-4469-b162-b9d936e0bfc3@group-9595DE9ADEC6 replies to PRE_VOTE vote request: 72fabaa3-cdfe-43bb-a33d-4a5f5e85250d<-1e33a790-1e4c-4469-b162-b9d936e0bfc3#0:OK-t0. Peer's state: 1e33a790-1e4c-4469-b162-b9d936e0bfc3@group-9595DE9ADEC6:t0, leader=null, voted=, raftlog=Memoized:1e33a790-1e4c-4469-b162-b9d936e0bfc3@group-9595DE9ADEC6-SegmentedRaftLog:OPENED:c-1, conf=-1: peers:[1e33a790-1e4c-4469-b162-b9d936e0bfc3|rpc:10.1.0.194:45067|dataStream:10.1.0.194:45283|priority:0|startupRole:FOLLOWER, 72fabaa3-cdfe-43bb-a33d-4a5f5e85250d|rpc:10.1.0.194:35769|dataStream:10.1.0.194:34957|priority:0|startupRole:FOLLOWER, 2944b27d-a262-4302-b37f-3bbf75b1a053|rpc:10.1.0.194:38895|dataStream:10.1.0.194:32901|priority:1|startupRole:FOLLOWER]|listeners:[], old=null
2023-05-03 09:49:10,312 [72fabaa3-cdfe-43bb-a33d-4a5f5e85250d@group-9595DE9ADEC6-FollowerState] INFO  server.RaftServerConfigKeys (ConfUtils.java:logFallback(53)) - raft.server.rpc.first-election.timeout.min = 5s (fallback to raft.server.rpc.timeout.min)
2023-05-03 09:49:10,312 [72fabaa3-cdfe-43bb-a33d-4a5f5e85250d@group-9595DE9ADEC6-FollowerState] INFO  server.RaftServerConfigKeys (ConfUtils.java:logFallback(53)) - raft.server.rpc.first-election.timeout.max = 5200ms (fallback to raft.server.rpc.timeout.max)
2023-05-03 09:49:10,316 [72fabaa3-cdfe-43bb-a33d-4a5f5e85250d@group-7EAB92DACA6B-FollowerState] INFO  impl.FollowerState (FollowerState.java:run(143)) - 72fabaa3-cdfe-43bb-a33d-4a5f5e85250d@group-7EAB92DACA6B-FollowerState: change to CANDIDATE, lastRpcElapsedTime:5095271277ns, electionTimeout:5094ms
2023-05-03 09:49:10,316 [72fabaa3-cdfe-43bb-a33d-4a5f5e85250d@group-7EAB92DACA6B-FollowerState] INFO  impl.RoleInfo (RoleInfo.java:shutdownFollowerState(110)) - 72fabaa3-cdfe-43bb-a33d-4a5f5e85250d: shutdown 72fabaa3-cdfe-43bb-a33d-4a5f5e85250d@group-7EAB92DACA6B-FollowerState
2023-05-03 09:49:10,316 [72fabaa3-cdfe-43bb-a33d-4a5f5e85250d@group-7EAB92DACA6B-FollowerState] INFO  server.RaftServer$Division (RaftServerImpl.java:setRole(321)) - 72fabaa3-cdfe-43bb-a33d-4a5f5e85250d@group-7EAB92DACA6B: changes role from  FOLLOWER to CANDIDATE at term 0 for changeToCandidate
2023-05-03 09:49:10,316 [72fabaa3-cdfe-43bb-a33d-4a5f5e85250d@group-7EAB92DACA6B-FollowerState] INFO  server.RaftServerConfigKeys (ConfUtils.java:logGet(46)) - raft.server.leaderelection.pre-vote = true (default)
2023-05-03 09:49:10,316 [72fabaa3-cdfe-43bb-a33d-4a5f5e85250d@group-7EAB92DACA6B-FollowerState] INFO  impl.RoleInfo (RoleInfo.java:updateAndGet(139)) - 72fabaa3-cdfe-43bb-a33d-4a5f5e85250d: start 72fabaa3-cdfe-43bb-a33d-4a5f5e85250d@group-7EAB92DACA6B-LeaderElection48
2023-05-03 09:49:10,316 [72fabaa3-cdfe-43bb-a33d-4a5f5e85250d@group-7EAB92DACA6B-LeaderElection48] INFO  impl.LeaderElection (LeaderElection.java:askForVotes(312)) - 72fabaa3-cdfe-43bb-a33d-4a5f5e85250d@group-7EAB92DACA6B-LeaderElection48 PRE_VOTE round 0: submit vote requests at term 0 for -1: peers:[1e33a790-1e4c-4469-b162-b9d936e0bfc3|rpc:10.1.0.194:45067|dataStream:10.1.0.194:45283|priority:0|startupRole:FOLLOWER, 72fabaa3-cdfe-43bb-a33d-4a5f5e85250d|rpc:10.1.0.194:35769|dataStream:10.1.0.194:34957|priority:1|startupRole:FOLLOWER, 2944b27d-a262-4302-b37f-3bbf75b1a053|rpc:10.1.0.194:38895|dataStream:10.1.0.194:32901|priority:0|startupRole:FOLLOWER]|listeners:[], old=null
2023-05-03 09:49:10,319 [grpc-default-executor-1] INFO  server.RaftServer$Division (RaftServerImpl.java:requestVote(1218)) - 1e33a790-1e4c-4469-b162-b9d936e0bfc3@group-7EAB92DACA6B: receive requestVote(PRE_VOTE, 72fabaa3-cdfe-43bb-a33d-4a5f5e85250d, group-7EAB92DACA6B, 0, (t:0, i:0))
2023-05-03 09:49:10,322 [72fabaa3-cdfe-43bb-a33d-4a5f5e85250d@group-7EAB92DACA6B-LeaderElection48] INFO  server.RaftServerConfigKeys (ConfUtils.java:logFallback(53)) - raft.server.rpc.first-election.timeout.min = 5s (fallback to raft.server.rpc.timeout.min)
2023-05-03 09:49:10,322 [72fabaa3-cdfe-43bb-a33d-4a5f5e85250d@group-7EAB92DACA6B-LeaderElection48] INFO  server.RaftServerConfigKeys (ConfUtils.java:logFallback(53)) - raft.server.rpc.first-election.timeout.max = 5200ms (fallback to raft.server.rpc.timeout.max)
2023-05-03 09:49:10,327 [grpc-default-executor-1] INFO  impl.VoteContext (VoteContext.java:log(49)) - 1e33a790-1e4c-4469-b162-b9d936e0bfc3@group-7EAB92DACA6B-FOLLOWER: accept PRE_VOTE from 72fabaa3-cdfe-43bb-a33d-4a5f5e85250d: our priority 0 <= candidate's priority 1
2023-05-03 09:49:10,327 [grpc-default-executor-1] INFO  server.RaftServer$Division (RaftServerImpl.java:requestVote(1251)) - 1e33a790-1e4c-4469-b162-b9d936e0bfc3@group-7EAB92DACA6B replies to PRE_VOTE vote request: 72fabaa3-cdfe-43bb-a33d-4a5f5e85250d<-1e33a790-1e4c-4469-b162-b9d936e0bfc3#0:OK-t0. Peer's state: 1e33a790-1e4c-4469-b162-b9d936e0bfc3@group-7EAB92DACA6B:t0, leader=null, voted=, raftlog=Memoized:1e33a790-1e4c-4469-b162-b9d936e0bfc3@group-7EAB92DACA6B-SegmentedRaftLog:OPENED:c-1, conf=-1: peers:[1e33a790-1e4c-4469-b162-b9d936e0bfc3|rpc:10.1.0.194:45067|dataStream:10.1.0.194:45283|priority:0|startupRole:FOLLOWER, 72fabaa3-cdfe-43bb-a33d-4a5f5e85250d|rpc:10.1.0.194:35769|dataStream:10.1.0.194:34957|priority:1|startupRole:FOLLOWER, 2944b27d-a262-4302-b37f-3bbf75b1a053|rpc:10.1.0.194:38895|dataStream:10.1.0.194:32901|priority:0|startupRole:FOLLOWER]|listeners:[], old=null
2023-05-03 09:49:10,327 [2944b27d-a262-4302-b37f-3bbf75b1a053@group-9595DE9ADEC6-FollowerState] INFO  impl.FollowerState (FollowerState.java:run(143)) - 2944b27d-a262-4302-b37f-3bbf75b1a053@group-9595DE9ADEC6-FollowerState: change to CANDIDATE, lastRpcElapsedTime:5055110686ns, electionTimeout:5049ms
2023-05-03 09:49:10,327 [2944b27d-a262-4302-b37f-3bbf75b1a053@group-9595DE9ADEC6-FollowerState] INFO  impl.RoleInfo (RoleInfo.java:shutdownFollowerState(110)) - 2944b27d-a262-4302-b37f-3bbf75b1a053: shutdown 2944b27d-a262-4302-b37f-3bbf75b1a053@group-9595DE9ADEC6-FollowerState
2023-05-03 09:49:10,327 [2944b27d-a262-4302-b37f-3bbf75b1a053@group-9595DE9ADEC6-FollowerState] INFO  server.RaftServer$Division (RaftServerImpl.java:setRole(321)) - 2944b27d-a262-4302-b37f-3bbf75b1a053@group-9595DE9ADEC6: changes role from  FOLLOWER to CANDIDATE at term 0 for changeToCandidate
2023-05-03 09:49:10,327 [2944b27d-a262-4302-b37f-3bbf75b1a053@group-9595DE9ADEC6-FollowerState] INFO  server.RaftServerConfigKeys (ConfUtils.java:logGet(46)) - raft.server.leaderelection.pre-vote = true (default)
2023-05-03 09:49:10,327 [2944b27d-a262-4302-b37f-3bbf75b1a053@group-9595DE9ADEC6-FollowerState] INFO  impl.RoleInfo (RoleInfo.java:updateAndGet(139)) - 2944b27d-a262-4302-b37f-3bbf75b1a053: start 2944b27d-a262-4302-b37f-3bbf75b1a053@group-9595DE9ADEC6-LeaderElection49
2023-05-03 09:49:10,328 [72fabaa3-cdfe-43bb-a33d-4a5f5e85250d@group-7EAB92DACA6B-LeaderElection48] INFO  impl.LeaderElection (LeaderElection.java:logAndReturn(90)) - 72fabaa3-cdfe-43bb-a33d-4a5f5e85250d@group-7EAB92DACA6B-LeaderElection48: PRE_VOTE PASSED received 1 response(s) and 0 exception(s):
2023-05-03 09:49:10,328 [72fabaa3-cdfe-43bb-a33d-4a5f5e85250d@group-7EAB92DACA6B-LeaderElection48] INFO  impl.LeaderElection (LeaderElection.java:logAndReturn(94)) -   Response 0: 72fabaa3-cdfe-43bb-a33d-4a5f5e85250d<-1e33a790-1e4c-4469-b162-b9d936e0bfc3#0:OK-t0
2023-05-03 09:49:10,328 [72fabaa3-cdfe-43bb-a33d-4a5f5e85250d@group-7EAB92DACA6B-LeaderElection48] INFO  impl.LeaderElection (LeaderElection.java:askForVotes(314)) - 72fabaa3-cdfe-43bb-a33d-4a5f5e85250d@group-7EAB92DACA6B-LeaderElection48 PRE_VOTE round 0: result PASSED
2023-05-03 09:49:10,329 [grpc-default-executor-0] INFO  server.RaftServer$Division (RaftServerImpl.java:requestVote(1218)) - 2944b27d-a262-4302-b37f-3bbf75b1a053@group-7EAB92DACA6B: receive requestVote(PRE_VOTE, 72fabaa3-cdfe-43bb-a33d-4a5f5e85250d, group-7EAB92DACA6B, 0, (t:0, i:0))
2023-05-03 09:49:10,329 [grpc-default-executor-0] INFO  impl.VoteContext (VoteContext.java:log(49)) - 2944b27d-a262-4302-b37f-3bbf75b1a053@group-7EAB92DACA6B-FOLLOWER: accept PRE_VOTE from 72fabaa3-cdfe-43bb-a33d-4a5f5e85250d: our priority 0 <= candidate's priority 1
2023-05-03 09:49:10,329 [grpc-default-executor-0] INFO  server.RaftServer$Division (RaftServerImpl.java:requestVote(1251)) - 2944b27d-a262-4302-b37f-3bbf75b1a053@group-7EAB92DACA6B replies to PRE_VOTE vote request: 72fabaa3-cdfe-43bb-a33d-4a5f5e85250d<-2944b27d-a262-4302-b37f-3bbf75b1a053#0:OK-t0. Peer's state: 2944b27d-a262-4302-b37f-3bbf75b1a053@group-7EAB92DACA6B:t0, leader=null, voted=, raftlog=Memoized:2944b27d-a262-4302-b37f-3bbf75b1a053@group-7EAB92DACA6B-SegmentedRaftLog:OPENED:c-1, conf=-1: peers:[1e33a790-1e4c-4469-b162-b9d936e0bfc3|rpc:10.1.0.194:45067|dataStream:10.1.0.194:45283|priority:0|startupRole:FOLLOWER, 72fabaa3-cdfe-43bb-a33d-4a5f5e85250d|rpc:10.1.0.194:35769|dataStream:10.1.0.194:34957|priority:1|startupRole:FOLLOWER, 2944b27d-a262-4302-b37f-3bbf75b1a053|rpc:10.1.0.194:38895|dataStream:10.1.0.194:32901|priority:0|startupRole:FOLLOWER]|listeners:[], old=null
2023-05-03 09:49:10,330 [72fabaa3-cdfe-43bb-a33d-4a5f5e85250d@group-7EAB92DACA6B-LeaderElection48] INFO  impl.LeaderElection (LeaderElection.java:askForVotes(312)) - 72fabaa3-cdfe-43bb-a33d-4a5f5e85250d@group-7EAB92DACA6B-LeaderElection48 ELECTION round 0: submit vote requests at term 1 for -1: peers:[1e33a790-1e4c-4469-b162-b9d936e0bfc3|rpc:10.1.0.194:45067|dataStream:10.1.0.194:45283|priority:0|startupRole:FOLLOWER, 72fabaa3-cdfe-43bb-a33d-4a5f5e85250d|rpc:10.1.0.194:35769|dataStream:10.1.0.194:34957|priority:1|startupRole:FOLLOWER, 2944b27d-a262-4302-b37f-3bbf75b1a053|rpc:10.1.0.194:38895|dataStream:10.1.0.194:32901|priority:0|startupRole:FOLLOWER]|listeners:[], old=null
2023-05-03 09:49:10,333 [2944b27d-a262-4302-b37f-3bbf75b1a053@group-9595DE9ADEC6-LeaderElection49] INFO  impl.LeaderElection (LeaderElection.java:askForVotes(312)) - 2944b27d-a262-4302-b37f-3bbf75b1a053@group-9595DE9ADEC6-LeaderElection49 PRE_VOTE round 0: submit vote requests at term 0 for -1: peers:[1e33a790-1e4c-4469-b162-b9d936e0bfc3|rpc:10.1.0.194:45067|dataStream:10.1.0.194:45283|priority:0|startupRole:FOLLOWER, 72fabaa3-cdfe-43bb-a33d-4a5f5e85250d|rpc:10.1.0.194:35769|dataStream:10.1.0.194:34957|priority:0|startupRole:FOLLOWER, 2944b27d-a262-4302-b37f-3bbf75b1a053|rpc:10.1.0.194:38895|dataStream:10.1.0.194:32901|priority:1|startupRole:FOLLOWER]|listeners:[], old=null
2023-05-03 09:49:10,335 [grpc-default-executor-0] INFO  server.RaftServer$Division (RaftServerImpl.java:requestVote(1218)) - 1e33a790-1e4c-4469-b162-b9d936e0bfc3@group-7EAB92DACA6B: receive requestVote(ELECTION, 72fabaa3-cdfe-43bb-a33d-4a5f5e85250d, group-7EAB92DACA6B, 1, (t:0, i:0))
2023-05-03 09:49:10,336 [grpc-default-executor-0] INFO  impl.VoteContext (VoteContext.java:log(49)) - 1e33a790-1e4c-4469-b162-b9d936e0bfc3@group-7EAB92DACA6B-FOLLOWER: accept ELECTION from 72fabaa3-cdfe-43bb-a33d-4a5f5e85250d: our priority 0 <= candidate's priority 1
2023-05-03 09:49:10,336 [grpc-default-executor-0] INFO  server.RaftServer$Division (RaftServerImpl.java:setRole(321)) - 1e33a790-1e4c-4469-b162-b9d936e0bfc3@group-7EAB92DACA6B: changes role from  FOLLOWER to FOLLOWER at term 1 for candidate:72fabaa3-cdfe-43bb-a33d-4a5f5e85250d
2023-05-03 09:49:10,336 [grpc-default-executor-0] INFO  impl.RoleInfo (RoleInfo.java:shutdownFollowerState(110)) - 1e33a790-1e4c-4469-b162-b9d936e0bfc3: shutdown 1e33a790-1e4c-4469-b162-b9d936e0bfc3@group-7EAB92DACA6B-FollowerState
2023-05-03 09:49:10,337 [72fabaa3-cdfe-43bb-a33d-4a5f5e85250d@group-7EAB92DACA6B-LeaderElection48] INFO  server.RaftServerConfigKeys (ConfUtils.java:logFallback(53)) - raft.server.rpc.first-election.timeout.min = 5s (fallback to raft.server.rpc.timeout.min)
2023-05-03 09:49:10,337 [72fabaa3-cdfe-43bb-a33d-4a5f5e85250d@group-7EAB92DACA6B-LeaderElection48] INFO  server.RaftServerConfigKeys (ConfUtils.java:logFallback(53)) - raft.server.rpc.first-election.timeout.max = 5200ms (fallback to raft.server.rpc.timeout.max)
2023-05-03 09:49:10,338 [grpc-default-executor-0] INFO  impl.RoleInfo (RoleInfo.java:updateAndGet(139)) - 1e33a790-1e4c-4469-b162-b9d936e0bfc3: start 1e33a790-1e4c-4469-b162-b9d936e0bfc3@group-7EAB92DACA6B-FollowerState
2023-05-03 09:49:10,338 [1e33a790-1e4c-4469-b162-b9d936e0bfc3@group-7EAB92DACA6B-FollowerState] INFO  impl.FollowerState (FollowerState.java:run(152)) - 1e33a790-1e4c-4469-b162-b9d936e0bfc3@group-7EAB92DACA6B-FollowerState was interrupted
2023-05-03 09:49:10,339 [grpc-default-executor-1] INFO  server.RaftServer$Division (RaftServerImpl.java:requestVote(1218)) - 2944b27d-a262-4302-b37f-3bbf75b1a053@group-7EAB92DACA6B: receive requestVote(ELECTION, 72fabaa3-cdfe-43bb-a33d-4a5f5e85250d, group-7EAB92DACA6B, 1, (t:0, i:0))
2023-05-03 09:49:10,339 [grpc-default-executor-1] INFO  impl.VoteContext (VoteContext.java:log(49)) - 2944b27d-a262-4302-b37f-3bbf75b1a053@group-7EAB92DACA6B-FOLLOWER: accept ELECTION from 72fabaa3-cdfe-43bb-a33d-4a5f5e85250d: our priority 0 <= candidate's priority 1
2023-05-03 09:49:10,339 [grpc-default-executor-1] INFO  server.RaftServer$Division (RaftServerImpl.java:setRole(321)) - 2944b27d-a262-4302-b37f-3bbf75b1a053@group-7EAB92DACA6B: changes role from  FOLLOWER to FOLLOWER at term 1 for candidate:72fabaa3-cdfe-43bb-a33d-4a5f5e85250d
2023-05-03 09:49:10,339 [grpc-default-executor-1] INFO  impl.RoleInfo (RoleInfo.java:shutdownFollowerState(110)) - 2944b27d-a262-4302-b37f-3bbf75b1a053: shutdown 2944b27d-a262-4302-b37f-3bbf75b1a053@group-7EAB92DACA6B-FollowerState
2023-05-03 09:49:10,342 [1e33a790-1e4c-4469-b162-b9d936e0bfc3@group-9595DE9ADEC6-FollowerState] INFO  server.RaftServerConfigKeys (ConfUtils.java:logFallback(53)) - raft.server.rpc.first-election.timeout.min = 5s (fallback to raft.server.rpc.timeout.min)
2023-05-03 09:49:10,342 [grpc-default-executor-1] INFO  impl.RoleInfo (RoleInfo.java:updateAndGet(139)) - 2944b27d-a262-4302-b37f-3bbf75b1a053: start 2944b27d-a262-4302-b37f-3bbf75b1a053@group-7EAB92DACA6B-FollowerState
2023-05-03 09:49:10,342 [1e33a790-1e4c-4469-b162-b9d936e0bfc3@group-9595DE9ADEC6-FollowerState] INFO  server.RaftServerConfigKeys (ConfUtils.java:logFallback(53)) - raft.server.rpc.first-election.timeout.max = 5200ms (fallback to raft.server.rpc.timeout.max)
2023-05-03 09:49:10,342 [2944b27d-a262-4302-b37f-3bbf75b1a053@group-7EAB92DACA6B-FollowerState] INFO  impl.FollowerState (FollowerState.java:run(152)) - 2944b27d-a262-4302-b37f-3bbf75b1a053@group-7EAB92DACA6B-FollowerState was interrupted
2023-05-03 09:49:10,343 [2944b27d-a262-4302-b37f-3bbf75b1a053@group-7EAB92DACA6B-FollowerState] INFO  server.RaftServerConfigKeys (ConfUtils.java:logFallback(53)) - raft.server.rpc.first-election.timeout.min = 5s (fallback to raft.server.rpc.timeout.min)
2023-05-03 09:49:10,343 [2944b27d-a262-4302-b37f-3bbf75b1a053@group-7EAB92DACA6B-FollowerState] INFO  server.RaftServerConfigKeys (ConfUtils.java:logFallback(53)) - raft.server.rpc.first-election.timeout.max = 5200ms (fallback to raft.server.rpc.timeout.max)
2023-05-03 09:49:10,343 [1e33a790-1e4c-4469-b162-b9d936e0bfc3@group-7EAB92DACA6B-FollowerState] INFO  server.RaftServerConfigKeys (ConfUtils.java:logFallback(53)) - raft.server.rpc.first-election.timeout.min = 5s (fallback to raft.server.rpc.timeout.min)
2023-05-03 09:49:10,344 [2944b27d-a262-4302-b37f-3bbf75b1a053@group-9595DE9ADEC6-LeaderElection49] INFO  server.RaftServerConfigKeys (ConfUtils.java:logFallback(53)) - raft.server.rpc.first-election.timeout.min = 5s (fallback to raft.server.rpc.timeout.min)
2023-05-03 09:49:10,344 [2944b27d-a262-4302-b37f-3bbf75b1a053@group-9595DE9ADEC6-LeaderElection49] INFO  server.RaftServerConfigKeys (ConfUtils.java:logFallback(53)) - raft.server.rpc.first-election.timeout.max = 5200ms (fallback to raft.server.rpc.timeout.max)
2023-05-03 09:49:10,344 [grpc-default-executor-1] INFO  server.RaftServer$Division (RaftServerImpl.java:requestVote(1251)) - 2944b27d-a262-4302-b37f-3bbf75b1a053@group-7EAB92DACA6B replies to ELECTION vote request: 72fabaa3-cdfe-43bb-a33d-4a5f5e85250d<-2944b27d-a262-4302-b37f-3bbf75b1a053#0:OK-t1. Peer's state: 2944b27d-a262-4302-b37f-3bbf75b1a053@group-7EAB92DACA6B:t1, leader=null, voted=72fabaa3-cdfe-43bb-a33d-4a5f5e85250d, raftlog=Memoized:2944b27d-a262-4302-b37f-3bbf75b1a053@group-7EAB92DACA6B-SegmentedRaftLog:OPENED:c-1, conf=-1: peers:[1e33a790-1e4c-4469-b162-b9d936e0bfc3|rpc:10.1.0.194:45067|dataStream:10.1.0.194:45283|priority:0|startupRole:FOLLOWER, 72fabaa3-cdfe-43bb-a33d-4a5f5e85250d|rpc:10.1.0.194:35769|dataStream:10.1.0.194:34957|priority:1|startupRole:FOLLOWER, 2944b27d-a262-4302-b37f-3bbf75b1a053|rpc:10.1.0.194:38895|dataStream:10.1.0.194:32901|priority:0|startupRole:FOLLOWER]|listeners:[], old=null
2023-05-03 09:49:10,344 [grpc-default-executor-2] INFO  server.RaftServer$Division (RaftServerImpl.java:requestVote(1218)) - 1e33a790-1e4c-4469-b162-b9d936e0bfc3@group-9595DE9ADEC6: receive requestVote(PRE_VOTE, 2944b27d-a262-4302-b37f-3bbf75b1a053, group-9595DE9ADEC6, 0, (t:0, i:0))
2023-05-03 09:49:10,344 [grpc-default-executor-0] INFO  server.RaftServer$Division (RaftServerImpl.java:requestVote(1251)) - 1e33a790-1e4c-4469-b162-b9d936e0bfc3@group-7EAB92DACA6B replies to ELECTION vote request: 72fabaa3-cdfe-43bb-a33d-4a5f5e85250d<-1e33a790-1e4c-4469-b162-b9d936e0bfc3#0:OK-t1. Peer's state: 1e33a790-1e4c-4469-b162-b9d936e0bfc3@group-7EAB92DACA6B:t1, leader=null, voted=72fabaa3-cdfe-43bb-a33d-4a5f5e85250d, raftlog=Memoized:1e33a790-1e4c-4469-b162-b9d936e0bfc3@group-7EAB92DACA6B-SegmentedRaftLog:OPENED:c-1, conf=-1: peers:[1e33a790-1e4c-4469-b162-b9d936e0bfc3|rpc:10.1.0.194:45067|dataStream:10.1.0.194:45283|priority:0|startupRole:FOLLOWER, 72fabaa3-cdfe-43bb-a33d-4a5f5e85250d|rpc:10.1.0.194:35769|dataStream:10.1.0.194:34957|priority:1|startupRole:FOLLOWER, 2944b27d-a262-4302-b37f-3bbf75b1a053|rpc:10.1.0.194:38895|dataStream:10.1.0.194:32901|priority:0|startupRole:FOLLOWER]|listeners:[], old=null
2023-05-03 09:49:10,345 [grpc-default-executor-2] INFO  impl.VoteContext (VoteContext.java:log(49)) - 1e33a790-1e4c-4469-b162-b9d936e0bfc3@group-9595DE9ADEC6-FOLLOWER: accept PRE_VOTE from 2944b27d-a262-4302-b37f-3bbf75b1a053: our priority 0 <= candidate's priority 1
2023-05-03 09:49:10,345 [grpc-default-executor-2] INFO  server.RaftServer$Division (RaftServerImpl.java:requestVote(1251)) - 1e33a790-1e4c-4469-b162-b9d936e0bfc3@group-9595DE9ADEC6 replies to PRE_VOTE vote request: 2944b27d-a262-4302-b37f-3bbf75b1a053<-1e33a790-1e4c-4469-b162-b9d936e0bfc3#0:OK-t0. Peer's state: 1e33a790-1e4c-4469-b162-b9d936e0bfc3@group-9595DE9ADEC6:t0, leader=null, voted=, raftlog=Memoized:1e33a790-1e4c-4469-b162-b9d936e0bfc3@group-9595DE9ADEC6-SegmentedRaftLog:OPENED:c-1, conf=-1: peers:[1e33a790-1e4c-4469-b162-b9d936e0bfc3|rpc:10.1.0.194:45067|dataStream:10.1.0.194:45283|priority:0|startupRole:FOLLOWER, 72fabaa3-cdfe-43bb-a33d-4a5f5e85250d|rpc:10.1.0.194:35769|dataStream:10.1.0.194:34957|priority:0|startupRole:FOLLOWER, 2944b27d-a262-4302-b37f-3bbf75b1a053|rpc:10.1.0.194:38895|dataStream:10.1.0.194:32901|priority:1|startupRole:FOLLOWER]|listeners:[], old=null
2023-05-03 09:49:10,346 [72fabaa3-cdfe-43bb-a33d-4a5f5e85250d@group-7EAB92DACA6B-LeaderElection48] INFO  impl.LeaderElection (LeaderElection.java:logAndReturn(90)) - 72fabaa3-cdfe-43bb-a33d-4a5f5e85250d@group-7EAB92DACA6B-LeaderElection48: ELECTION PASSED received 1 response(s) and 0 exception(s):
2023-05-03 09:49:10,346 [72fabaa3-cdfe-43bb-a33d-4a5f5e85250d@group-7EAB92DACA6B-LeaderElection48] INFO  impl.LeaderElection (LeaderElection.java:logAndReturn(94)) -   Response 0: 72fabaa3-cdfe-43bb-a33d-4a5f5e85250d<-2944b27d-a262-4302-b37f-3bbf75b1a053#0:OK-t1
2023-05-03 09:49:10,346 [72fabaa3-cdfe-43bb-a33d-4a5f5e85250d@group-7EAB92DACA6B-LeaderElection48] INFO  impl.LeaderElection (LeaderElection.java:askForVotes(314)) - 72fabaa3-cdfe-43bb-a33d-4a5f5e85250d@group-7EAB92DACA6B-LeaderElection48 ELECTION round 0: result PASSED
2023-05-03 09:49:10,346 [72fabaa3-cdfe-43bb-a33d-4a5f5e85250d@group-7EAB92DACA6B-LeaderElection48] INFO  impl.RoleInfo (RoleInfo.java:shutdownLeaderElection(130)) - 72fabaa3-cdfe-43bb-a33d-4a5f5e85250d: shutdown 72fabaa3-cdfe-43bb-a33d-4a5f5e85250d@group-7EAB92DACA6B-LeaderElection48
2023-05-03 09:49:10,346 [72fabaa3-cdfe-43bb-a33d-4a5f5e85250d@group-7EAB92DACA6B-LeaderElection48] INFO  server.RaftServer$Division (RaftServerImpl.java:setRole(321)) - 72fabaa3-cdfe-43bb-a33d-4a5f5e85250d@group-7EAB92DACA6B: changes role from CANDIDATE to LEADER at term 1 for changeToLeader
2023-05-03 09:49:10,346 [72fabaa3-cdfe-43bb-a33d-4a5f5e85250d@group-7EAB92DACA6B-LeaderElection48] INFO  ratis.XceiverServerRatis (XceiverServerRatis.java:handleLeaderChangedNotification(904)) - Leader change notification received for group: group-7EAB92DACA6B with new leaderId: 72fabaa3-cdfe-43bb-a33d-4a5f5e85250d
2023-05-03 09:49:10,347 [72fabaa3-cdfe-43bb-a33d-4a5f5e85250d@group-7EAB92DACA6B-LeaderElection48] INFO  server.RaftServer$Division (ServerState.java:setLeader(313)) - 72fabaa3-cdfe-43bb-a33d-4a5f5e85250d@group-7EAB92DACA6B: change Leader from null to 72fabaa3-cdfe-43bb-a33d-4a5f5e85250d at term 1 for becomeLeader, leader elected after 5143ms
2023-05-03 09:49:10,347 [72fabaa3-cdfe-43bb-a33d-4a5f5e85250d@group-7EAB92DACA6B-LeaderElection48] INFO  server.RaftServerConfigKeys (ConfUtils.java:logGet(46)) - raft.server.staging.catchup.gap = 1000 (default)
2023-05-03 09:49:10,347 [72fabaa3-cdfe-43bb-a33d-4a5f5e85250d@group-7EAB92DACA6B-LeaderElection48] INFO  server.RaftServerConfigKeys (ConfUtils.java:logGet(46)) - raft.server.write.element-limit = 1024 (custom)
2023-05-03 09:49:10,347 [72fabaa3-cdfe-43bb-a33d-4a5f5e85250d@group-7EAB92DACA6B-LeaderElection48] INFO  server.RaftServerConfigKeys (ConfUtils.java:logGet(46)) - raft.server.write.byte-limit = 1024 M (=1073741824) (custom)
2023-05-03 09:49:10,347 [72fabaa3-cdfe-43bb-a33d-4a5f5e85250d@group-7EAB92DACA6B-LeaderElection48] INFO  server.RaftServerConfigKeys (ConfUtils.java:logGet(46)) - raft.server.watch.timeout = 180s (custom)
2023-05-03 09:49:10,347 [grpc-default-executor-2] INFO  server.RaftServer$Division (RaftServerImpl.java:requestVote(1218)) - 72fabaa3-cdfe-43bb-a33d-4a5f5e85250d@group-9595DE9ADEC6: receive requestVote(PRE_VOTE, 2944b27d-a262-4302-b37f-3bbf75b1a053, group-9595DE9ADEC6, 0, (t:0, i:0))
2023-05-03 09:49:10,347 [2944b27d-a262-4302-b37f-3bbf75b1a053@group-257CCF70A32C-FollowerState] INFO  impl.FollowerState (FollowerState.java:run(143)) - 2944b27d-a262-4302-b37f-3bbf75b1a053@group-257CCF70A32C-FollowerState: change to CANDIDATE, lastRpcElapsedTime:5180661857ns, electionTimeout:5174ms
2023-05-03 09:49:10,347 [2944b27d-a262-4302-b37f-3bbf75b1a053@group-257CCF70A32C-FollowerState] INFO  impl.RoleInfo (RoleInfo.java:shutdownFollowerState(110)) - 2944b27d-a262-4302-b37f-3bbf75b1a053: shutdown 2944b27d-a262-4302-b37f-3bbf75b1a053@group-257CCF70A32C-FollowerState
2023-05-03 09:49:10,347 [2944b27d-a262-4302-b37f-3bbf75b1a053@group-257CCF70A32C-FollowerState] INFO  server.RaftServer$Division (RaftServerImpl.java:setRole(321)) - 2944b27d-a262-4302-b37f-3bbf75b1a053@group-257CCF70A32C: changes role from  FOLLOWER to CANDIDATE at term 0 for changeToCandidate
2023-05-03 09:49:10,347 [2944b27d-a262-4302-b37f-3bbf75b1a053@group-257CCF70A32C-FollowerState] INFO  server.RaftServerConfigKeys (ConfUtils.java:logGet(46)) - raft.server.leaderelection.pre-vote = true (default)
2023-05-03 09:49:10,347 [2944b27d-a262-4302-b37f-3bbf75b1a053@group-257CCF70A32C-FollowerState] INFO  impl.RoleInfo (RoleInfo.java:updateAndGet(139)) - 2944b27d-a262-4302-b37f-3bbf75b1a053: start 2944b27d-a262-4302-b37f-3bbf75b1a053@group-257CCF70A32C-LeaderElection50
2023-05-03 09:49:10,347 [2944b27d-a262-4302-b37f-3bbf75b1a053@group-9595DE9ADEC6-LeaderElection49] INFO  impl.LeaderElection (LeaderElection.java:logAndReturn(90)) - 2944b27d-a262-4302-b37f-3bbf75b1a053@group-9595DE9ADEC6-LeaderElection49: PRE_VOTE PASSED received 1 response(s) and 0 exception(s):
2023-05-03 09:49:10,347 [2944b27d-a262-4302-b37f-3bbf75b1a053@group-9595DE9ADEC6-LeaderElection49] INFO  impl.LeaderElection (LeaderElection.java:logAndReturn(94)) -   Response 0: 2944b27d-a262-4302-b37f-3bbf75b1a053<-1e33a790-1e4c-4469-b162-b9d936e0bfc3#0:OK-t0
2023-05-03 09:49:10,347 [72fabaa3-cdfe-43bb-a33d-4a5f5e85250d@group-7EAB92DACA6B-LeaderElection48] INFO  server.RaftServerConfigKeys (ConfUtils.java:logGet(46)) - raft.server.watch.timeout.denomination = 1s (default)
2023-05-03 09:49:10,347 [72fabaa3-cdfe-43bb-a33d-4a5f5e85250d@group-7EAB92DACA6B-LeaderElection48] INFO  server.RaftServerConfigKeys (ConfUtils.java:logGet(46)) - raft.server.watch.element-limit = 65536 (default)
2023-05-03 09:49:10,348 [72fabaa3-cdfe-43bb-a33d-4a5f5e85250d@group-7EAB92DACA6B-LeaderElection48] INFO  server.RaftServerConfigKeys (ConfUtils.java:logGet(46)) - raft.server.write.element-limit = 1024 (custom)
2023-05-03 09:49:10,348 [72fabaa3-cdfe-43bb-a33d-4a5f5e85250d@group-7EAB92DACA6B-LeaderElection48] INFO  server.RaftServerConfigKeys (ConfUtils.java:logGet(46)) - raft.server.write.follower.gap.ratio.max = -1.0 (default)
2023-05-03 09:49:10,348 [72fabaa3-cdfe-43bb-a33d-4a5f5e85250d@group-7EAB92DACA6B-LeaderElection48] INFO  server.RaftServerConfigKeys (ConfUtils.java:logGet(46)) - raft.server.log.appender.snapshot.chunk.size.max = 16MB (=16777216) (default)
2023-05-03 09:49:10,348 [72fabaa3-cdfe-43bb-a33d-4a5f5e85250d@group-7EAB92DACA6B-LeaderElection48] INFO  server.RaftServerConfigKeys (ConfUtils.java:logGet(46)) - raft.server.log.appender.buffer.byte-limit = 33554432 (custom)
2023-05-03 09:49:10,348 [72fabaa3-cdfe-43bb-a33d-4a5f5e85250d@group-7EAB92DACA6B-LeaderElection48] INFO  server.RaftServerConfigKeys (ConfUtils.java:logGet(46)) - raft.server.log.appender.buffer.element-limit = 1 (custom)
2023-05-03 09:49:10,348 [EventQueue-PipelineReportForPipelineReportHandler] INFO  pipeline.PipelineManagerImpl (PipelineManagerImpl.java:openPipeline(367)) - Pipeline Pipeline[ Id: 2a5a26e5-761f-46ca-afd4-7eab92daca6b, Nodes: 2944b27d-a262-4302-b37f-3bbf75b1a053(fv-az139-793.t0dryja4c43urhy2nvp0adewnd.cx.internal.cloudapp.net/10.1.0.194)72fabaa3-cdfe-43bb-a33d-4a5f5e85250d(fv-az139-793.t0dryja4c43urhy2nvp0adewnd.cx.internal.cloudapp.net/10.1.0.194)1e33a790-1e4c-4469-b162-b9d936e0bfc3(fv-az139-793.t0dryja4c43urhy2nvp0adewnd.cx.internal.cloudapp.net/10.1.0.194), ReplicationConfig: RATIS/THREE, State:ALLOCATED, leaderId:72fabaa3-cdfe-43bb-a33d-4a5f5e85250d, CreationTimestamp2023-05-03T09:49:02.791Z[Etc/UTC]] moved to OPEN state
2023-05-03 09:49:10,349 [grpc-default-executor-2] INFO  impl.VoteContext (VoteContext.java:log(49)) - 72fabaa3-cdfe-43bb-a33d-4a5f5e85250d@group-9595DE9ADEC6-FOLLOWER: accept PRE_VOTE from 2944b27d-a262-4302-b37f-3bbf75b1a053: our priority 0 <= candidate's priority 1
2023-05-03 09:49:10,349 [grpc-default-executor-2] INFO  server.RaftServer$Division (RaftServerImpl.java:requestVote(1251)) - 72fabaa3-cdfe-43bb-a33d-4a5f5e85250d@group-9595DE9ADEC6 replies to PRE_VOTE vote request: 2944b27d-a262-4302-b37f-3bbf75b1a053<-72fabaa3-cdfe-43bb-a33d-4a5f5e85250d#0:OK-t0. Peer's state: 72fabaa3-cdfe-43bb-a33d-4a5f5e85250d@group-9595DE9ADEC6:t0, leader=null, voted=, raftlog=Memoized:72fabaa3-cdfe-43bb-a33d-4a5f5e85250d@group-9595DE9ADEC6-SegmentedRaftLog:OPENED:c-1, conf=-1: peers:[1e33a790-1e4c-4469-b162-b9d936e0bfc3|rpc:10.1.0.194:45067|dataStream:10.1.0.194:45283|priority:0|startupRole:FOLLOWER, 72fabaa3-cdfe-43bb-a33d-4a5f5e85250d|rpc:10.1.0.194:35769|dataStream:10.1.0.194:34957|priority:0|startupRole:FOLLOWER, 2944b27d-a262-4302-b37f-3bbf75b1a053|rpc:10.1.0.194:38895|dataStream:10.1.0.194:32901|priority:1|startupRole:FOLLOWER]|listeners:[], old=null
2023-05-03 09:49:10,350 [EventQueue-OpenPipelineForHealthyPipelineSafeModeRule] INFO  safemode.SCMSafeModeManager (HealthyPipelineSafeModeRule.java:process(137)) - SCM in safe mode. Healthy pipelines reported count is 1, required healthy pipeline reported count is 1
2023-05-03 09:49:10,350 [EventQueue-OpenPipelineForHealthyPipelineSafeModeRule] INFO  safemode.SCMSafeModeManager (SCMSafeModeManager.java:validateSafeModeExitRules(200)) - HealthyPipelineSafeModeRule rule is successfully validated
2023-05-03 09:49:10,350 [EventQueue-OpenPipelineForHealthyPipelineSafeModeRule] INFO  safemode.SCMSafeModeManager (SCMSafeModeManager.java:validateSafeModeExitRules(215)) - ScmSafeModeManager, all rules are successfully validated
2023-05-03 09:49:10,350 [EventQueue-OpenPipelineForHealthyPipelineSafeModeRule] INFO  safemode.SCMSafeModeManager (SCMSafeModeManager.java:exitSafeMode(244)) - SCM exiting safe mode.
2023-05-03 09:49:10,350 [EventQueue-OpenPipelineForHealthyPipelineSafeModeRule] INFO  ha.SCMContext (SCMContext.java:updateSafeModeStatus(228)) - Update SafeModeStatus from SafeModeStatus{safeModeStatus=true, preCheckPassed=true} to SafeModeStatus{safeModeStatus=false, preCheckPassed=true}.
2023-05-03 09:49:10,350 [EventQueue-OpenPipelineForHealthyPipelineSafeModeRule] INFO  pipeline.BackgroundPipelineCreator (BackgroundPipelineCreator.java:notifyStatusChanged(254)) - Service BackgroundPipelineCreator transitions to RUNNING.
2023-05-03 09:49:10,350 [EventQueue-OpenPipelineForHealthyPipelineSafeModeRule] INFO  BackgroundPipelineScrubber (BackgroundSCMService.java:notifyStatusChanged(82)) - Service BackgroundPipelineScrubber transitions to RUNNING.
2023-05-03 09:49:10,350 [EventQueue-OpenPipelineForHealthyPipelineSafeModeRule] INFO  ExpiredContainerReplicaOpScrubber (BackgroundSCMService.java:notifyStatusChanged(82)) - Service ExpiredContainerReplicaOpScrubber transitions to RUNNING.
2023-05-03 09:49:10,350 [EventQueue-OpenPipelineForHealthyPipelineSafeModeRule] INFO  replication.ReplicationManager (ReplicationManager.java:notifyStatusChanged(1367)) - Service ReplicationManager transitions to RUNNING.
2023-05-03 09:49:10,350 [EventQueue-OpenPipelineForHealthyPipelineSafeModeRule] WARN  balancer.ContainerBalancer (ContainerBalancer.java:shouldRun(132)) - Could not find persisted configuration for ContainerBalancer when checking if ContainerBalancer should run. ContainerBalancer should not run now.
2023-05-03 09:49:10,352 [72fabaa3-cdfe-43bb-a33d-4a5f5e85250d@group-7EAB92DACA6B-LeaderElection48] INFO  grpc.GrpcConfigKeys (ConfUtils.java:logGet(46)) - raft.grpc.server.leader.outstanding.appends.max = 128 (default)
2023-05-03 09:49:10,352 [72fabaa3-cdfe-43bb-a33d-4a5f5e85250d@group-7EAB92DACA6B-LeaderElection48] INFO  server.RaftServerConfigKeys (ConfUtils.java:logGet(46)) - raft.server.rpc.request.timeout = 60s (custom)
2023-05-03 09:49:10,352 [72fabaa3-cdfe-43bb-a33d-4a5f5e85250d@group-7EAB92DACA6B-LeaderElection48] INFO  server.RaftServerConfigKeys (ConfUtils.java:logGet(46)) - raft.server.log.appender.install.snapshot.enabled = false (custom)
2023-05-03 09:49:10,353 [72fabaa3-cdfe-43bb-a33d-4a5f5e85250d@group-7EAB92DACA6B-LeaderElection48] INFO  grpc.GrpcConfigKeys (ConfUtils.java:logGet(46)) - raft.grpc.server.heartbeat.channel = true (default)
2023-05-03 09:49:10,353 [72fabaa3-cdfe-43bb-a33d-4a5f5e85250d@group-7EAB92DACA6B-LeaderElection48] INFO  server.RaftServerConfigKeys (ConfUtils.java:logGet(46)) - raft.server.log.appender.wait-time.min = 10ms (default)
2023-05-03 09:49:10,353 [72fabaa3-cdfe-43bb-a33d-4a5f5e85250d@group-7EAB92DACA6B-LeaderElection48] INFO  server.RaftServerConfigKeys (ConfUtils.java:logGet(46)) - raft.server.log.appender.snapshot.chunk.size.max = 16MB (=16777216) (default)
2023-05-03 09:49:10,353 [72fabaa3-cdfe-43bb-a33d-4a5f5e85250d@group-7EAB92DACA6B-LeaderElection48] INFO  server.RaftServerConfigKeys (ConfUtils.java:logGet(46)) - raft.server.log.appender.buffer.byte-limit = 33554432 (custom)
2023-05-03 09:49:10,353 [72fabaa3-cdfe-43bb-a33d-4a5f5e85250d@group-7EAB92DACA6B-LeaderElection48] INFO  server.RaftServerConfigKeys (ConfUtils.java:logGet(46)) - raft.server.log.appender.buffer.element-limit = 1 (custom)
2023-05-03 09:49:10,353 [72fabaa3-cdfe-43bb-a33d-4a5f5e85250d@group-7EAB92DACA6B-LeaderElection48] INFO  grpc.GrpcConfigKeys (ConfUtils.java:logGet(46)) - raft.grpc.server.leader.outstanding.appends.max = 128 (default)
2023-05-03 09:49:10,354 [72fabaa3-cdfe-43bb-a33d-4a5f5e85250d@group-7EAB92DACA6B-LeaderElection48] INFO  server.RaftServerConfigKeys (ConfUtils.java:logGet(46)) - raft.server.rpc.request.timeout = 60s (custom)
2023-05-03 09:49:10,354 [72fabaa3-cdfe-43bb-a33d-4a5f5e85250d@group-7EAB92DACA6B-LeaderElection48] INFO  server.RaftServerConfigKeys (ConfUtils.java:logGet(46)) - raft.server.log.appender.install.snapshot.enabled = false (custom)
2023-05-03 09:49:10,354 [72fabaa3-cdfe-43bb-a33d-4a5f5e85250d@group-7EAB92DACA6B-LeaderElection48] INFO  grpc.GrpcConfigKeys (ConfUtils.java:logGet(46)) - raft.grpc.server.heartbeat.channel = true (default)
2023-05-03 09:49:10,354 [72fabaa3-cdfe-43bb-a33d-4a5f5e85250d@group-7EAB92DACA6B-LeaderElection48] INFO  server.RaftServerConfigKeys (ConfUtils.java:logGet(46)) - raft.server.log.appender.wait-time.min = 10ms (default)
2023-05-03 09:49:10,355 [72fabaa3-cdfe-43bb-a33d-4a5f5e85250d@group-7EAB92DACA6B-LeaderElection48] INFO  impl.RoleInfo (RoleInfo.java:updateAndGet(139)) - 72fabaa3-cdfe-43bb-a33d-4a5f5e85250d: start 72fabaa3-cdfe-43bb-a33d-4a5f5e85250d@group-7EAB92DACA6B-LeaderStateImpl
2023-05-03 09:49:10,355 [72fabaa3-cdfe-43bb-a33d-4a5f5e85250d@group-7EAB92DACA6B-LeaderElection48] INFO  segmented.SegmentedRaftLogWorker (SegmentedRaftLogWorker.java:startLogSegment(452)) - 72fabaa3-cdfe-43bb-a33d-4a5f5e85250d@group-7EAB92DACA6B-SegmentedRaftLogWorker: Starting segment from index:0
2023-05-03 09:49:10,354 [2944b27d-a262-4302-b37f-3bbf75b1a053@group-9595DE9ADEC6-LeaderElection49] INFO  impl.LeaderElection (LeaderElection.java:askForVotes(314)) - 2944b27d-a262-4302-b37f-3bbf75b1a053@group-9595DE9ADEC6-LeaderElection49 PRE_VOTE round 0: result PASSED
2023-05-03 09:49:10,354 [1e33a790-1e4c-4469-b162-b9d936e0bfc3@group-7EAB92DACA6B-FollowerState] INFO  server.RaftServerConfigKeys (ConfUtils.java:logFallback(53)) - raft.server.rpc.first-election.timeout.max = 5200ms (fallback to raft.server.rpc.timeout.max)
2023-05-03 09:49:10,356 [72fabaa3-cdfe-43bb-a33d-4a5f5e85250d@group-7EAB92DACA6B-SegmentedRaftLogWorker] INFO  segmented.SegmentedRaftLogWorker (SegmentedRaftLogWorker.java:execute(656)) - 72fabaa3-cdfe-43bb-a33d-4a5f5e85250d@group-7EAB92DACA6B-SegmentedRaftLogWorker: created new log segment /home/runner/work/ozone/ozone/hadoop-ozone/integration-test/target/test-dir/MiniOzoneClusterImpl-42c2526b-3b93-44e4-b696-93ac236191fb/datanode-2/data/ratis/2a5a26e5-761f-46ca-afd4-7eab92daca6b/current/log_inprogress_0
2023-05-03 09:49:10,356 [2944b27d-a262-4302-b37f-3bbf75b1a053@group-9595DE9ADEC6-LeaderElection49] INFO  impl.LeaderElection (LeaderElection.java:askForVotes(312)) - 2944b27d-a262-4302-b37f-3bbf75b1a053@group-9595DE9ADEC6-LeaderElection49 ELECTION round 0: submit vote requests at term 1 for -1: peers:[1e33a790-1e4c-4469-b162-b9d936e0bfc3|rpc:10.1.0.194:45067|dataStream:10.1.0.194:45283|priority:0|startupRole:FOLLOWER, 72fabaa3-cdfe-43bb-a33d-4a5f5e85250d|rpc:10.1.0.194:35769|dataStream:10.1.0.194:34957|priority:0|startupRole:FOLLOWER, 2944b27d-a262-4302-b37f-3bbf75b1a053|rpc:10.1.0.194:38895|dataStream:10.1.0.194:32901|priority:1|startupRole:FOLLOWER]|listeners:[], old=null
2023-05-03 09:49:10,366 [2944b27d-a262-4302-b37f-3bbf75b1a053@group-9595DE9ADEC6-LeaderElection49] INFO  server.RaftServerConfigKeys (ConfUtils.java:logFallback(53)) - raft.server.rpc.first-election.timeout.min = 5s (fallback to raft.server.rpc.timeout.min)
2023-05-03 09:49:10,366 [2944b27d-a262-4302-b37f-3bbf75b1a053@group-9595DE9ADEC6-LeaderElection49] INFO  server.RaftServerConfigKeys (ConfUtils.java:logFallback(53)) - raft.server.rpc.first-election.timeout.max = 5200ms (fallback to raft.server.rpc.timeout.max)
2023-05-03 09:49:10,373 [2944b27d-a262-4302-b37f-3bbf75b1a053@group-257CCF70A32C-LeaderElection50] INFO  impl.LeaderElection (LeaderElection.java:askForVotes(312)) - 2944b27d-a262-4302-b37f-3bbf75b1a053@group-257CCF70A32C-LeaderElection50 PRE_VOTE round 0: submit vote requests at term 0 for -1: peers:[2944b27d-a262-4302-b37f-3bbf75b1a053|rpc:10.1.0.194:38895|dataStream:10.1.0.194:32901|priority:1|startupRole:FOLLOWER]|listeners:[], old=null
2023-05-03 09:49:10,373 [2944b27d-a262-4302-b37f-3bbf75b1a053@group-257CCF70A32C-LeaderElection50] INFO  impl.LeaderElection (LeaderElection.java:askForVotes(314)) - 2944b27d-a262-4302-b37f-3bbf75b1a053@group-257CCF70A32C-LeaderElection50 PRE_VOTE round 0: result PASSED (term=0)
2023-05-03 09:49:10,373 [72fabaa3-cdfe-43bb-a33d-4a5f5e85250d@group-7EAB92DACA6B-LeaderElection48] INFO  server.RaftServer$Division (ServerState.java:setRaftConf(430)) - 72fabaa3-cdfe-43bb-a33d-4a5f5e85250d@group-7EAB92DACA6B: set configuration 0: peers:[1e33a790-1e4c-4469-b162-b9d936e0bfc3|rpc:10.1.0.194:45067|dataStream:10.1.0.194:45283|priority:0|startupRole:FOLLOWER, 72fabaa3-cdfe-43bb-a33d-4a5f5e85250d|rpc:10.1.0.194:35769|dataStream:10.1.0.194:34957|priority:1|startupRole:FOLLOWER, 2944b27d-a262-4302-b37f-3bbf75b1a053|rpc:10.1.0.194:38895|dataStream:10.1.0.194:32901|priority:0|startupRole:FOLLOWER]|listeners:[], old=null
2023-05-03 09:49:10,375 [2944b27d-a262-4302-b37f-3bbf75b1a053@group-257CCF70A32C-LeaderElection50] INFO  impl.LeaderElection (LeaderElection.java:askForVotes(312)) - 2944b27d-a262-4302-b37f-3bbf75b1a053@group-257CCF70A32C-LeaderElection50 ELECTION round 0: submit vote requests at term 1 for -1: peers:[2944b27d-a262-4302-b37f-3bbf75b1a053|rpc:10.1.0.194:38895|dataStream:10.1.0.194:32901|priority:1|startupRole:FOLLOWER]|listeners:[], old=null
2023-05-03 09:49:10,375 [2944b27d-a262-4302-b37f-3bbf75b1a053@group-257CCF70A32C-LeaderElection50] INFO  impl.LeaderElection (LeaderElection.java:askForVotes(314)) - 2944b27d-a262-4302-b37f-3bbf75b1a053@group-257CCF70A32C-LeaderElection50 ELECTION round 0: result PASSED (term=1)
2023-05-03 09:49:10,375 [2944b27d-a262-4302-b37f-3bbf75b1a053@group-257CCF70A32C-LeaderElection50] INFO  impl.RoleInfo (RoleInfo.java:shutdownLeaderElection(130)) - 2944b27d-a262-4302-b37f-3bbf75b1a053: shutdown 2944b27d-a262-4302-b37f-3bbf75b1a053@group-257CCF70A32C-LeaderElection50
2023-05-03 09:49:10,375 [2944b27d-a262-4302-b37f-3bbf75b1a053@group-257CCF70A32C-LeaderElection50] INFO  server.RaftServer$Division (RaftServerImpl.java:setRole(321)) - 2944b27d-a262-4302-b37f-3bbf75b1a053@group-257CCF70A32C: changes role from CANDIDATE to LEADER at term 1 for changeToLeader
2023-05-03 09:49:10,375 [2944b27d-a262-4302-b37f-3bbf75b1a053@group-257CCF70A32C-LeaderElection50] INFO  ratis.XceiverServerRatis (XceiverServerRatis.java:handleLeaderChangedNotification(904)) - Leader change notification received for group: group-257CCF70A32C with new leaderId: 2944b27d-a262-4302-b37f-3bbf75b1a053
2023-05-03 09:49:10,380 [grpc-default-executor-2] INFO  server.RaftServer$Division (RaftServerImpl.java:requestVote(1218)) - 1e33a790-1e4c-4469-b162-b9d936e0bfc3@group-9595DE9ADEC6: receive requestVote(ELECTION, 2944b27d-a262-4302-b37f-3bbf75b1a053, group-9595DE9ADEC6, 1, (t:0, i:0))
2023-05-03 09:49:10,382 [2944b27d-a262-4302-b37f-3bbf75b1a053@group-257CCF70A32C-LeaderElection50] INFO  server.RaftServer$Division (ServerState.java:setLeader(313)) - 2944b27d-a262-4302-b37f-3bbf75b1a053@group-257CCF70A32C: change Leader from null to 2944b27d-a262-4302-b37f-3bbf75b1a053 at term 1 for becomeLeader, leader elected after 5220ms
2023-05-03 09:49:10,382 [2944b27d-a262-4302-b37f-3bbf75b1a053@group-257CCF70A32C-LeaderElection50] INFO  server.RaftServerConfigKeys (ConfUtils.java:logGet(46)) - raft.server.staging.catchup.gap = 1000 (default)
2023-05-03 09:49:10,382 [2944b27d-a262-4302-b37f-3bbf75b1a053@group-257CCF70A32C-LeaderElection50] INFO  server.RaftServerConfigKeys (ConfUtils.java:logGet(46)) - raft.server.write.element-limit = 1024 (custom)
2023-05-03 09:49:10,382 [2944b27d-a262-4302-b37f-3bbf75b1a053@group-257CCF70A32C-LeaderElection50] INFO  server.RaftServerConfigKeys (ConfUtils.java:logGet(46)) - raft.server.write.byte-limit = 1024 M (=1073741824) (custom)
2023-05-03 09:49:10,383 [2944b27d-a262-4302-b37f-3bbf75b1a053@group-257CCF70A32C-LeaderElection50] INFO  server.RaftServerConfigKeys (ConfUtils.java:logGet(46)) - raft.server.watch.timeout = 180s (custom)
2023-05-03 09:49:10,383 [2944b27d-a262-4302-b37f-3bbf75b1a053@group-257CCF70A32C-LeaderElection50] INFO  server.RaftServerConfigKeys (ConfUtils.java:logGet(46)) - raft.server.watch.timeout.denomination = 1s (default)
2023-05-03 09:49:10,383 [2944b27d-a262-4302-b37f-3bbf75b1a053@group-257CCF70A32C-LeaderElection50] INFO  server.RaftServerConfigKeys (ConfUtils.java:logGet(46)) - raft.server.watch.element-limit = 65536 (default)
2023-05-03 09:49:10,386 [2944b27d-a262-4302-b37f-3bbf75b1a053-server-thread1] INFO  ratis.XceiverServerRatis (XceiverServerRatis.java:handleLeaderChangedNotification(904)) - Leader change notification received for group: group-7EAB92DACA6B with new leaderId: 72fabaa3-cdfe-43bb-a33d-4a5f5e85250d
2023-05-03 09:49:10,386 [2944b27d-a262-4302-b37f-3bbf75b1a053-server-thread1] INFO  server.RaftServer$Division (ServerState.java:setLeader(313)) - 2944b27d-a262-4302-b37f-3bbf75b1a053@group-7EAB92DACA6B: change Leader from null to 72fabaa3-cdfe-43bb-a33d-4a5f5e85250d at term 1 for appendEntries, leader elected after 5207ms
2023-05-03 09:49:10,387 [2944b27d-a262-4302-b37f-3bbf75b1a053-server-thread1] INFO  server.RaftServer$Division (ServerState.java:setRaftConf(430)) - 2944b27d-a262-4302-b37f-3bbf75b1a053@group-7EAB92DACA6B: set configuration 0: peers:[1e33a790-1e4c-4469-b162-b9d936e0bfc3|rpc:10.1.0.194:45067|dataStream:10.1.0.194:45283|priority:0|startupRole:FOLLOWER, 72fabaa3-cdfe-43bb-a33d-4a5f5e85250d|rpc:10.1.0.194:35769|dataStream:10.1.0.194:34957|priority:1|startupRole:FOLLOWER, 2944b27d-a262-4302-b37f-3bbf75b1a053|rpc:10.1.0.194:38895|dataStream:10.1.0.194:32901|priority:0|startupRole:FOLLOWER]|listeners:[], old=null
2023-05-03 09:49:10,387 [2944b27d-a262-4302-b37f-3bbf75b1a053-server-thread1] INFO  segmented.SegmentedRaftLogWorker (SegmentedRaftLogWorker.java:startLogSegment(452)) - 2944b27d-a262-4302-b37f-3bbf75b1a053@group-7EAB92DACA6B-SegmentedRaftLogWorker: Starting segment from index:0
2023-05-03 09:49:10,387 [2944b27d-a262-4302-b37f-3bbf75b1a053@group-257CCF70A32C-LeaderElection50] INFO  server.RaftServerConfigKeys (ConfUtils.java:logGet(46)) - raft.server.write.element-limit = 1024 (custom)
2023-05-03 09:49:10,387 [2944b27d-a262-4302-b37f-3bbf75b1a053@group-257CCF70A32C-LeaderElection50] INFO  server.RaftServerConfigKeys (ConfUtils.java:logGet(46)) - raft.server.write.follower.gap.ratio.max = -1.0 (default)
2023-05-03 09:49:10,387 [2944b27d-a262-4302-b37f-3bbf75b1a053@group-257CCF70A32C-LeaderElection50] INFO  impl.RoleInfo (RoleInfo.java:updateAndGet(139)) - 2944b27d-a262-4302-b37f-3bbf75b1a053: start 2944b27d-a262-4302-b37f-3bbf75b1a053@group-257CCF70A32C-LeaderStateImpl
2023-05-03 09:49:10,387 [2944b27d-a262-4302-b37f-3bbf75b1a053@group-257CCF70A32C-LeaderElection50] INFO  segmented.SegmentedRaftLogWorker (SegmentedRaftLogWorker.java:startLogSegment(452)) - 2944b27d-a262-4302-b37f-3bbf75b1a053@group-257CCF70A32C-SegmentedRaftLogWorker: Starting segment from index:0
2023-05-03 09:49:10,388 [grpc-default-executor-2] INFO  impl.VoteContext (VoteContext.java:log(49)) - 1e33a790-1e4c-4469-b162-b9d936e0bfc3@group-9595DE9ADEC6-FOLLOWER: accept ELECTION from 2944b27d-a262-4302-b37f-3bbf75b1a053: our priority 0 <= candidate's priority 1
2023-05-03 09:49:10,388 [grpc-default-executor-2] INFO  server.RaftServer$Division (RaftServerImpl.java:setRole(321)) - 1e33a790-1e4c-4469-b162-b9d936e0bfc3@group-9595DE9ADEC6: changes role from  FOLLOWER to FOLLOWER at term 1 for candidate:2944b27d-a262-4302-b37f-3bbf75b1a053
2023-05-03 09:49:10,388 [grpc-default-executor-2] INFO  impl.RoleInfo (RoleInfo.java:shutdownFollowerState(110)) - 1e33a790-1e4c-4469-b162-b9d936e0bfc3: shutdown 1e33a790-1e4c-4469-b162-b9d936e0bfc3@group-9595DE9ADEC6-FollowerState
2023-05-03 09:49:10,389 [2944b27d-a262-4302-b37f-3bbf75b1a053@group-7EAB92DACA6B-SegmentedRaftLogWorker] INFO  segmented.SegmentedRaftLogWorker (SegmentedRaftLogWorker.java:execute(656)) - 2944b27d-a262-4302-b37f-3bbf75b1a053@group-7EAB92DACA6B-SegmentedRaftLogWorker: created new log segment /home/runner/work/ozone/ozone/hadoop-ozone/integration-test/target/test-dir/MiniOzoneClusterImpl-42c2526b-3b93-44e4-b696-93ac236191fb/datanode-0/data/ratis/2a5a26e5-761f-46ca-afd4-7eab92daca6b/current/log_inprogress_0
2023-05-03 09:49:10,390 [2944b27d-a262-4302-b37f-3bbf75b1a053@group-257CCF70A32C-SegmentedRaftLogWorker] INFO  segmented.SegmentedRaftLogWorker (SegmentedRaftLogWorker.java:execute(656)) - 2944b27d-a262-4302-b37f-3bbf75b1a053@group-257CCF70A32C-SegmentedRaftLogWorker: created new log segment /home/runner/work/ozone/ozone/hadoop-ozone/integration-test/target/test-dir/MiniOzoneClusterImpl-42c2526b-3b93-44e4-b696-93ac236191fb/datanode-0/data/ratis/55e12b8c-4ba5-4ea8-94a1-257ccf70a32c/current/log_inprogress_0
2023-05-03 09:49:10,403 [grpc-default-executor-2] INFO  impl.RoleInfo (RoleInfo.java:updateAndGet(139)) - 1e33a790-1e4c-4469-b162-b9d936e0bfc3: start 1e33a790-1e4c-4469-b162-b9d936e0bfc3@group-9595DE9ADEC6-FollowerState
2023-05-03 09:49:10,403 [1e33a790-1e4c-4469-b162-b9d936e0bfc3@group-9595DE9ADEC6-FollowerState] INFO  impl.FollowerState (FollowerState.java:run(152)) - 1e33a790-1e4c-4469-b162-b9d936e0bfc3@group-9595DE9ADEC6-FollowerState was interrupted
2023-05-03 09:49:10,403 [1e33a790-1e4c-4469-b162-b9d936e0bfc3-server-thread1] INFO  ratis.XceiverServerRatis (XceiverServerRatis.java:handleLeaderChangedNotification(904)) - Leader change notification received for group: group-7EAB92DACA6B with new leaderId: 72fabaa3-cdfe-43bb-a33d-4a5f5e85250d
2023-05-03 09:49:10,403 [1e33a790-1e4c-4469-b162-b9d936e0bfc3-server-thread1] INFO  server.RaftServer$Division (ServerState.java:setLeader(313)) - 1e33a790-1e4c-4469-b162-b9d936e0bfc3@group-7EAB92DACA6B: change Leader from null to 72fabaa3-cdfe-43bb-a33d-4a5f5e85250d at term 1 for appendEntries, leader elected after 5161ms
2023-05-03 09:49:10,404 [grpc-default-executor-2] INFO  server.RaftServer$Division (RaftServerImpl.java:requestVote(1251)) - 1e33a790-1e4c-4469-b162-b9d936e0bfc3@group-9595DE9ADEC6 replies to ELECTION vote request: 2944b27d-a262-4302-b37f-3bbf75b1a053<-1e33a790-1e4c-4469-b162-b9d936e0bfc3#0:OK-t1. Peer's state: 1e33a790-1e4c-4469-b162-b9d936e0bfc3@group-9595DE9ADEC6:t1, leader=null, voted=2944b27d-a262-4302-b37f-3bbf75b1a053, raftlog=Memoized:1e33a790-1e4c-4469-b162-b9d936e0bfc3@group-9595DE9ADEC6-SegmentedRaftLog:OPENED:c-1, conf=-1: peers:[1e33a790-1e4c-4469-b162-b9d936e0bfc3|rpc:10.1.0.194:45067|dataStream:10.1.0.194:45283|priority:0|startupRole:FOLLOWER, 72fabaa3-cdfe-43bb-a33d-4a5f5e85250d|rpc:10.1.0.194:35769|dataStream:10.1.0.194:34957|priority:0|startupRole:FOLLOWER, 2944b27d-a262-4302-b37f-3bbf75b1a053|rpc:10.1.0.194:38895|dataStream:10.1.0.194:32901|priority:1|startupRole:FOLLOWER]|listeners:[], old=null
2023-05-03 09:49:10,405 [1e33a790-1e4c-4469-b162-b9d936e0bfc3@group-9595DE9ADEC6-FollowerState] INFO  server.RaftServerConfigKeys (ConfUtils.java:logFallback(53)) - raft.server.rpc.first-election.timeout.min = 5s (fallback to raft.server.rpc.timeout.min)
2023-05-03 09:49:10,405 [1e33a790-1e4c-4469-b162-b9d936e0bfc3@group-9595DE9ADEC6-FollowerState] INFO  server.RaftServerConfigKeys (ConfUtils.java:logFallback(53)) - raft.server.rpc.first-election.timeout.max = 5200ms (fallback to raft.server.rpc.timeout.max)
2023-05-03 09:49:10,407 [1e33a790-1e4c-4469-b162-b9d936e0bfc3-server-thread1] INFO  server.RaftServer$Division (ServerState.java:setRaftConf(430)) - 1e33a790-1e4c-4469-b162-b9d936e0bfc3@group-7EAB92DACA6B: set configuration 0: peers:[1e33a790-1e4c-4469-b162-b9d936e0bfc3|rpc:10.1.0.194:45067|dataStream:10.1.0.194:45283|priority:0|startupRole:FOLLOWER, 72fabaa3-cdfe-43bb-a33d-4a5f5e85250d|rpc:10.1.0.194:35769|dataStream:10.1.0.194:34957|priority:1|startupRole:FOLLOWER, 2944b27d-a262-4302-b37f-3bbf75b1a053|rpc:10.1.0.194:38895|dataStream:10.1.0.194:32901|priority:0|startupRole:FOLLOWER]|listeners:[], old=null
2023-05-03 09:49:10,407 [1e33a790-1e4c-4469-b162-b9d936e0bfc3-server-thread1] INFO  segmented.SegmentedRaftLogWorker (SegmentedRaftLogWorker.java:startLogSegment(452)) - 1e33a790-1e4c-4469-b162-b9d936e0bfc3@group-7EAB92DACA6B-SegmentedRaftLogWorker: Starting segment from index:0
2023-05-03 09:49:10,407 [2944b27d-a262-4302-b37f-3bbf75b1a053@group-257CCF70A32C-LeaderElection50] INFO  server.RaftServer$Division (ServerState.java:setRaftConf(430)) - 2944b27d-a262-4302-b37f-3bbf75b1a053@group-257CCF70A32C: set configuration 0: peers:[2944b27d-a262-4302-b37f-3bbf75b1a053|rpc:10.1.0.194:38895|dataStream:10.1.0.194:32901|priority:1|startupRole:FOLLOWER]|listeners:[], old=null
2023-05-03 09:49:10,407 [grpc-default-executor-4] INFO  server.RaftServer$Division (RaftServerImpl.java:requestVote(1218)) - 72fabaa3-cdfe-43bb-a33d-4a5f5e85250d@group-9595DE9ADEC6: receive requestVote(ELECTION, 2944b27d-a262-4302-b37f-3bbf75b1a053, group-9595DE9ADEC6, 1, (t:0, i:0))
2023-05-03 09:49:10,407 [grpc-default-executor-4] INFO  impl.VoteContext (VoteContext.java:log(49)) - 72fabaa3-cdfe-43bb-a33d-4a5f5e85250d@group-9595DE9ADEC6-FOLLOWER: accept ELECTION from 2944b27d-a262-4302-b37f-3bbf75b1a053: our priority 0 <= candidate's priority 1
2023-05-03 09:49:10,408 [grpc-default-executor-4] INFO  server.RaftServer$Division (RaftServerImpl.java:setRole(321)) - 72fabaa3-cdfe-43bb-a33d-4a5f5e85250d@group-9595DE9ADEC6: changes role from  FOLLOWER to FOLLOWER at term 1 for candidate:2944b27d-a262-4302-b37f-3bbf75b1a053
2023-05-03 09:49:10,408 [grpc-default-executor-4] INFO  impl.RoleInfo (RoleInfo.java:shutdownFollowerState(110)) - 72fabaa3-cdfe-43bb-a33d-4a5f5e85250d: shutdown 72fabaa3-cdfe-43bb-a33d-4a5f5e85250d@group-9595DE9ADEC6-FollowerState
2023-05-03 09:49:10,408 [grpc-default-executor-4] INFO  impl.RoleInfo (RoleInfo.java:updateAndGet(139)) - 72fabaa3-cdfe-43bb-a33d-4a5f5e85250d: start 72fabaa3-cdfe-43bb-a33d-4a5f5e85250d@group-9595DE9ADEC6-FollowerState
2023-05-03 09:49:10,408 [72fabaa3-cdfe-43bb-a33d-4a5f5e85250d@group-9595DE9ADEC6-FollowerState] INFO  impl.FollowerState (FollowerState.java:run(152)) - 72fabaa3-cdfe-43bb-a33d-4a5f5e85250d@group-9595DE9ADEC6-FollowerState was interrupted
2023-05-03 09:49:10,408 [2944b27d-a262-4302-b37f-3bbf75b1a053@group-9595DE9ADEC6-LeaderElection49] INFO  impl.LeaderElection (LeaderElection.java:logAndReturn(90)) - 2944b27d-a262-4302-b37f-3bbf75b1a053@group-9595DE9ADEC6-LeaderElection49: ELECTION PASSED received 1 response(s) and 0 exception(s):
2023-05-03 09:49:10,408 [2944b27d-a262-4302-b37f-3bbf75b1a053@group-9595DE9ADEC6-LeaderElection49] INFO  impl.LeaderElection (LeaderElection.java:logAndReturn(94)) -   Response 0: 2944b27d-a262-4302-b37f-3bbf75b1a053<-1e33a790-1e4c-4469-b162-b9d936e0bfc3#0:OK-t1
2023-05-03 09:49:10,408 [1e33a790-1e4c-4469-b162-b9d936e0bfc3@group-7EAB92DACA6B-SegmentedRaftLogWorker] INFO  segmented.SegmentedRaftLogWorker (SegmentedRaftLogWorker.java:execute(656)) - 1e33a790-1e4c-4469-b162-b9d936e0bfc3@group-7EAB92DACA6B-SegmentedRaftLogWorker: created new log segment /home/runner/work/ozone/ozone/hadoop-ozone/integration-test/target/test-dir/MiniOzoneClusterImpl-42c2526b-3b93-44e4-b696-93ac236191fb/datanode-1/data/ratis/2a5a26e5-761f-46ca-afd4-7eab92daca6b/current/log_inprogress_0
2023-05-03 09:49:10,416 [grpc-default-executor-4] INFO  server.RaftServer$Division (RaftServerImpl.java:requestVote(1251)) - 72fabaa3-cdfe-43bb-a33d-4a5f5e85250d@group-9595DE9ADEC6 replies to ELECTION vote request: 2944b27d-a262-4302-b37f-3bbf75b1a053<-72fabaa3-cdfe-43bb-a33d-4a5f5e85250d#0:OK-t1. Peer's state: 72fabaa3-cdfe-43bb-a33d-4a5f5e85250d@group-9595DE9ADEC6:t1, leader=null, voted=2944b27d-a262-4302-b37f-3bbf75b1a053, raftlog=Memoized:72fabaa3-cdfe-43bb-a33d-4a5f5e85250d@group-9595DE9ADEC6-SegmentedRaftLog:OPENED:c-1, conf=-1: peers:[1e33a790-1e4c-4469-b162-b9d936e0bfc3|rpc:10.1.0.194:45067|dataStream:10.1.0.194:45283|priority:0|startupRole:FOLLOWER, 72fabaa3-cdfe-43bb-a33d-4a5f5e85250d|rpc:10.1.0.194:35769|dataStream:10.1.0.194:34957|priority:0|startupRole:FOLLOWER, 2944b27d-a262-4302-b37f-3bbf75b1a053|rpc:10.1.0.194:38895|dataStream:10.1.0.194:32901|priority:1|startupRole:FOLLOWER]|listeners:[], old=null
2023-05-03 09:49:10,417 [2944b27d-a262-4302-b37f-3bbf75b1a053@group-9595DE9ADEC6-LeaderElection49] INFO  impl.LeaderElection (LeaderElection.java:askForVotes(314)) - 2944b27d-a262-4302-b37f-3bbf75b1a053@group-9595DE9ADEC6-LeaderElection49 ELECTION round 0: result PASSED
2023-05-03 09:49:10,417 [2944b27d-a262-4302-b37f-3bbf75b1a053@group-9595DE9ADEC6-LeaderElection49] INFO  impl.RoleInfo (RoleInfo.java:shutdownLeaderElection(130)) - 2944b27d-a262-4302-b37f-3bbf75b1a053: shutdown 2944b27d-a262-4302-b37f-3bbf75b1a053@group-9595DE9ADEC6-LeaderElection49
2023-05-03 09:49:10,417 [2944b27d-a262-4302-b37f-3bbf75b1a053@group-9595DE9ADEC6-LeaderElection49] INFO  server.RaftServer$Division (RaftServerImpl.java:setRole(321)) - 2944b27d-a262-4302-b37f-3bbf75b1a053@group-9595DE9ADEC6: changes role from CANDIDATE to LEADER at term 1 for changeToLeader
2023-05-03 09:49:10,417 [2944b27d-a262-4302-b37f-3bbf75b1a053@group-9595DE9ADEC6-LeaderElection49] INFO  ratis.XceiverServerRatis (XceiverServerRatis.java:handleLeaderChangedNotification(904)) - Leader change notification received for group: group-9595DE9ADEC6 with new leaderId: 2944b27d-a262-4302-b37f-3bbf75b1a053
2023-05-03 09:49:10,418 [2944b27d-a262-4302-b37f-3bbf75b1a053@group-9595DE9ADEC6-LeaderElection49] INFO  server.RaftServer$Division (ServerState.java:setLeader(313)) - 2944b27d-a262-4302-b37f-3bbf75b1a053@group-9595DE9ADEC6: change Leader from null to 2944b27d-a262-4302-b37f-3bbf75b1a053 at term 1 for becomeLeader, leader elected after 5153ms
2023-05-03 09:49:10,418 [2944b27d-a262-4302-b37f-3bbf75b1a053@group-9595DE9ADEC6-LeaderElection49] INFO  server.RaftServerConfigKeys (ConfUtils.java:logGet(46)) - raft.server.staging.catchup.gap = 1000 (default)
2023-05-03 09:49:10,418 [2944b27d-a262-4302-b37f-3bbf75b1a053@group-9595DE9ADEC6-LeaderElection49] INFO  server.RaftServerConfigKeys (ConfUtils.java:logGet(46)) - raft.server.write.element-limit = 1024 (custom)
2023-05-03 09:49:10,418 [2944b27d-a262-4302-b37f-3bbf75b1a053@group-9595DE9ADEC6-LeaderElection49] INFO  server.RaftServerConfigKeys (ConfUtils.java:logGet(46)) - raft.server.write.byte-limit = 1024 M (=1073741824) (custom)
2023-05-03 09:49:10,418 [2944b27d-a262-4302-b37f-3bbf75b1a053@group-9595DE9ADEC6-LeaderElection49] INFO  server.RaftServerConfigKeys (ConfUtils.java:logGet(46)) - raft.server.watch.timeout = 180s (custom)
2023-05-03 09:49:10,418 [2944b27d-a262-4302-b37f-3bbf75b1a053@group-9595DE9ADEC6-LeaderElection49] INFO  server.RaftServerConfigKeys (ConfUtils.java:logGet(46)) - raft.server.watch.timeout.denomination = 1s (default)
2023-05-03 09:49:10,418 [2944b27d-a262-4302-b37f-3bbf75b1a053@group-9595DE9ADEC6-LeaderElection49] INFO  server.RaftServerConfigKeys (ConfUtils.java:logGet(46)) - raft.server.watch.element-limit = 65536 (default)
2023-05-03 09:49:10,418 [2944b27d-a262-4302-b37f-3bbf75b1a053@group-9595DE9ADEC6-LeaderElection49] INFO  server.RaftServerConfigKeys (ConfUtils.java:logGet(46)) - raft.server.write.element-limit = 1024 (custom)
2023-05-03 09:49:10,418 [2944b27d-a262-4302-b37f-3bbf75b1a053@group-9595DE9ADEC6-LeaderElection49] INFO  server.RaftServerConfigKeys (ConfUtils.java:logGet(46)) - raft.server.write.follower.gap.ratio.max = -1.0 (default)
2023-05-03 09:49:10,418 [2944b27d-a262-4302-b37f-3bbf75b1a053@group-9595DE9ADEC6-LeaderElection49] INFO  server.RaftServerConfigKeys (ConfUtils.java:logGet(46)) - raft.server.log.appender.snapshot.chunk.size.max = 16MB (=16777216) (default)
2023-05-03 09:49:10,418 [2944b27d-a262-4302-b37f-3bbf75b1a053@group-9595DE9ADEC6-LeaderElection49] INFO  server.RaftServerConfigKeys (ConfUtils.java:logGet(46)) - raft.server.log.appender.buffer.byte-limit = 33554432 (custom)
2023-05-03 09:49:10,418 [2944b27d-a262-4302-b37f-3bbf75b1a053@group-9595DE9ADEC6-LeaderElection49] INFO  server.RaftServerConfigKeys (ConfUtils.java:logGet(46)) - raft.server.log.appender.buffer.element-limit = 1 (custom)
2023-05-03 09:49:10,419 [2944b27d-a262-4302-b37f-3bbf75b1a053@group-9595DE9ADEC6-LeaderElection49] INFO  grpc.GrpcConfigKeys (ConfUtils.java:logGet(46)) - raft.grpc.server.leader.outstanding.appends.max = 128 (default)
2023-05-03 09:49:10,419 [2944b27d-a262-4302-b37f-3bbf75b1a053@group-9595DE9ADEC6-LeaderElection49] INFO  server.RaftServerConfigKeys (ConfUtils.java:logGet(46)) - raft.server.rpc.request.timeout = 60s (custom)
2023-05-03 09:49:10,419 [2944b27d-a262-4302-b37f-3bbf75b1a053@group-9595DE9ADEC6-LeaderElection49] INFO  server.RaftServerConfigKeys (ConfUtils.java:logGet(46)) - raft.server.log.appender.install.snapshot.enabled = false (custom)
2023-05-03 09:49:10,419 [2944b27d-a262-4302-b37f-3bbf75b1a053@group-9595DE9ADEC6-LeaderElection49] INFO  grpc.GrpcConfigKeys (ConfUtils.java:logGet(46)) - raft.grpc.server.heartbeat.channel = true (default)
2023-05-03 09:49:10,419 [2944b27d-a262-4302-b37f-3bbf75b1a053@group-9595DE9ADEC6-LeaderElection49] INFO  server.RaftServerConfigKeys (ConfUtils.java:logGet(46)) - raft.server.log.appender.wait-time.min = 10ms (default)
2023-05-03 09:49:10,426 [2944b27d-a262-4302-b37f-3bbf75b1a053@group-9595DE9ADEC6-LeaderElection49] INFO  server.RaftServerConfigKeys (ConfUtils.java:logGet(46)) - raft.server.log.appender.snapshot.chunk.size.max = 16MB (=16777216) (default)
2023-05-03 09:49:10,426 [2944b27d-a262-4302-b37f-3bbf75b1a053@group-9595DE9ADEC6-LeaderElection49] INFO  server.RaftServerConfigKeys (ConfUtils.java:logGet(46)) - raft.server.log.appender.buffer.byte-limit = 33554432 (custom)
2023-05-03 09:49:10,426 [2944b27d-a262-4302-b37f-3bbf75b1a053@group-9595DE9ADEC6-LeaderElection49] INFO  server.RaftServerConfigKeys (ConfUtils.java:logGet(46)) - raft.server.log.appender.buffer.element-limit = 1 (custom)
2023-05-03 09:49:10,426 [EventQueue-PipelineReportForPipelineReportHandler] INFO  pipeline.PipelineManagerImpl (PipelineManagerImpl.java:openPipeline(367)) - Pipeline Pipeline[ Id: 42bdaf33-ee3f-4ab0-ae6f-9595de9adec6, Nodes: 72fabaa3-cdfe-43bb-a33d-4a5f5e85250d(fv-az139-793.t0dryja4c43urhy2nvp0adewnd.cx.internal.cloudapp.net/10.1.0.194)1e33a790-1e4c-4469-b162-b9d936e0bfc3(fv-az139-793.t0dryja4c43urhy2nvp0adewnd.cx.internal.cloudapp.net/10.1.0.194)2944b27d-a262-4302-b37f-3bbf75b1a053(fv-az139-793.t0dryja4c43urhy2nvp0adewnd.cx.internal.cloudapp.net/10.1.0.194), ReplicationConfig: RATIS/THREE, State:ALLOCATED, leaderId:2944b27d-a262-4302-b37f-3bbf75b1a053, CreationTimestamp2023-05-03T09:49:02.791Z[Etc/UTC]] moved to OPEN state
2023-05-03 09:49:10,427 [2944b27d-a262-4302-b37f-3bbf75b1a053@group-9595DE9ADEC6-LeaderElection49] INFO  grpc.GrpcConfigKeys (ConfUtils.java:logGet(46)) - raft.grpc.server.leader.outstanding.appends.max = 128 (default)
2023-05-03 09:49:10,427 [2944b27d-a262-4302-b37f-3bbf75b1a053@group-9595DE9ADEC6-LeaderElection49] INFO  server.RaftServerConfigKeys (ConfUtils.java:logGet(46)) - raft.server.rpc.request.timeout = 60s (custom)
2023-05-03 09:49:10,427 [2944b27d-a262-4302-b37f-3bbf75b1a053@group-9595DE9ADEC6-LeaderElection49] INFO  server.RaftServerConfigKeys (ConfUtils.java:logGet(46)) - raft.server.log.appender.install.snapshot.enabled = false (custom)
2023-05-03 09:49:10,427 [2944b27d-a262-4302-b37f-3bbf75b1a053@group-9595DE9ADEC6-LeaderElection49] INFO  grpc.GrpcConfigKeys (ConfUtils.java:logGet(46)) - raft.grpc.server.heartbeat.channel = true (default)
2023-05-03 09:49:10,427 [2944b27d-a262-4302-b37f-3bbf75b1a053@group-9595DE9ADEC6-LeaderElection49] INFO  server.RaftServerConfigKeys (ConfUtils.java:logGet(46)) - raft.server.log.appender.wait-time.min = 10ms (default)
2023-05-03 09:49:10,427 [2944b27d-a262-4302-b37f-3bbf75b1a053@group-9595DE9ADEC6-LeaderElection49] INFO  impl.RoleInfo (RoleInfo.java:updateAndGet(139)) - 2944b27d-a262-4302-b37f-3bbf75b1a053: start 2944b27d-a262-4302-b37f-3bbf75b1a053@group-9595DE9ADEC6-LeaderStateImpl
2023-05-03 09:49:10,427 [2944b27d-a262-4302-b37f-3bbf75b1a053@group-9595DE9ADEC6-LeaderElection49] INFO  segmented.SegmentedRaftLogWorker (SegmentedRaftLogWorker.java:startLogSegment(452)) - 2944b27d-a262-4302-b37f-3bbf75b1a053@group-9595DE9ADEC6-SegmentedRaftLogWorker: Starting segment from index:0
2023-05-03 09:49:10,428 [72fabaa3-cdfe-43bb-a33d-4a5f5e85250d@group-9595DE9ADEC6-FollowerState] INFO  server.RaftServerConfigKeys (ConfUtils.java:logFallback(53)) - raft.server.rpc.first-election.timeout.min = 5s (fallback to raft.server.rpc.timeout.min)
2023-05-03 09:49:10,428 [72fabaa3-cdfe-43bb-a33d-4a5f5e85250d@group-9595DE9ADEC6-FollowerState] INFO  server.RaftServerConfigKeys (ConfUtils.java:logFallback(53)) - raft.server.rpc.first-election.timeout.max = 5200ms (fallback to raft.server.rpc.timeout.max)
2023-05-03 09:49:10,431 [2944b27d-a262-4302-b37f-3bbf75b1a053@group-9595DE9ADEC6-LeaderElection49] INFO  server.RaftServer$Division (ServerState.java:setRaftConf(430)) - 2944b27d-a262-4302-b37f-3bbf75b1a053@group-9595DE9ADEC6: set configuration 0: peers:[1e33a790-1e4c-4469-b162-b9d936e0bfc3|rpc:10.1.0.194:45067|dataStream:10.1.0.194:45283|priority:0|startupRole:FOLLOWER, 72fabaa3-cdfe-43bb-a33d-4a5f5e85250d|rpc:10.1.0.194:35769|dataStream:10.1.0.194:34957|priority:0|startupRole:FOLLOWER, 2944b27d-a262-4302-b37f-3bbf75b1a053|rpc:10.1.0.194:38895|dataStream:10.1.0.194:32901|priority:1|startupRole:FOLLOWER]|listeners:[], old=null
2023-05-03 09:49:10,434 [2944b27d-a262-4302-b37f-3bbf75b1a053@group-9595DE9ADEC6-SegmentedRaftLogWorker] INFO  segmented.SegmentedRaftLogWorker (SegmentedRaftLogWorker.java:execute(656)) - 2944b27d-a262-4302-b37f-3bbf75b1a053@group-9595DE9ADEC6-SegmentedRaftLogWorker: created new log segment /home/runner/work/ozone/ozone/hadoop-ozone/integration-test/target/test-dir/MiniOzoneClusterImpl-42c2526b-3b93-44e4-b696-93ac236191fb/datanode-0/data/ratis/42bdaf33-ee3f-4ab0-ae6f-9595de9adec6/current/log_inprogress_0
2023-05-03 09:49:10,438 [1e33a790-1e4c-4469-b162-b9d936e0bfc3-server-thread1] INFO  ratis.XceiverServerRatis (XceiverServerRatis.java:handleLeaderChangedNotification(904)) - Leader change notification received for group: group-9595DE9ADEC6 with new leaderId: 2944b27d-a262-4302-b37f-3bbf75b1a053
2023-05-03 09:49:10,438 [1e33a790-1e4c-4469-b162-b9d936e0bfc3-server-thread1] INFO  server.RaftServer$Division (ServerState.java:setLeader(313)) - 1e33a790-1e4c-4469-b162-b9d936e0bfc3@group-9595DE9ADEC6: change Leader from null to 2944b27d-a262-4302-b37f-3bbf75b1a053 at term 1 for appendEntries, leader elected after 5132ms
2023-05-03 09:49:10,444 [1e33a790-1e4c-4469-b162-b9d936e0bfc3-server-thread2] INFO  server.RaftServer$Division (ServerState.java:setRaftConf(430)) - 1e33a790-1e4c-4469-b162-b9d936e0bfc3@group-9595DE9ADEC6: set configuration 0: peers:[1e33a790-1e4c-4469-b162-b9d936e0bfc3|rpc:10.1.0.194:45067|dataStream:10.1.0.194:45283|priority:0|startupRole:FOLLOWER, 72fabaa3-cdfe-43bb-a33d-4a5f5e85250d|rpc:10.1.0.194:35769|dataStream:10.1.0.194:34957|priority:0|startupRole:FOLLOWER, 2944b27d-a262-4302-b37f-3bbf75b1a053|rpc:10.1.0.194:38895|dataStream:10.1.0.194:32901|priority:1|startupRole:FOLLOWER]|listeners:[], old=null
2023-05-03 09:49:10,444 [1e33a790-1e4c-4469-b162-b9d936e0bfc3-server-thread2] INFO  segmented.SegmentedRaftLogWorker (SegmentedRaftLogWorker.java:startLogSegment(452)) - 1e33a790-1e4c-4469-b162-b9d936e0bfc3@group-9595DE9ADEC6-SegmentedRaftLogWorker: Starting segment from index:0
2023-05-03 09:49:10,445 [1e33a790-1e4c-4469-b162-b9d936e0bfc3@group-9595DE9ADEC6-SegmentedRaftLogWorker] INFO  segmented.SegmentedRaftLogWorker (SegmentedRaftLogWorker.java:execute(656)) - 1e33a790-1e4c-4469-b162-b9d936e0bfc3@group-9595DE9ADEC6-SegmentedRaftLogWorker: created new log segment /home/runner/work/ozone/ozone/hadoop-ozone/integration-test/target/test-dir/MiniOzoneClusterImpl-42c2526b-3b93-44e4-b696-93ac236191fb/datanode-1/data/ratis/42bdaf33-ee3f-4ab0-ae6f-9595de9adec6/current/log_inprogress_0
2023-05-03 09:49:10,454 [72fabaa3-cdfe-43bb-a33d-4a5f5e85250d-server-thread1] INFO  ratis.XceiverServerRatis (XceiverServerRatis.java:handleLeaderChangedNotification(904)) - Leader change notification received for group: group-9595DE9ADEC6 with new leaderId: 2944b27d-a262-4302-b37f-3bbf75b1a053
2023-05-03 09:49:10,454 [72fabaa3-cdfe-43bb-a33d-4a5f5e85250d-server-thread1] INFO  server.RaftServer$Division (ServerState.java:setLeader(313)) - 72fabaa3-cdfe-43bb-a33d-4a5f5e85250d@group-9595DE9ADEC6: change Leader from null to 2944b27d-a262-4302-b37f-3bbf75b1a053 at term 1 for appendEntries, leader elected after 5174ms
2023-05-03 09:49:10,459 [72fabaa3-cdfe-43bb-a33d-4a5f5e85250d-server-thread2] INFO  server.RaftServer$Division (ServerState.java:setRaftConf(430)) - 72fabaa3-cdfe-43bb-a33d-4a5f5e85250d@group-9595DE9ADEC6: set configuration 0: peers:[1e33a790-1e4c-4469-b162-b9d936e0bfc3|rpc:10.1.0.194:45067|dataStream:10.1.0.194:45283|priority:0|startupRole:FOLLOWER, 72fabaa3-cdfe-43bb-a33d-4a5f5e85250d|rpc:10.1.0.194:35769|dataStream:10.1.0.194:34957|priority:0|startupRole:FOLLOWER, 2944b27d-a262-4302-b37f-3bbf75b1a053|rpc:10.1.0.194:38895|dataStream:10.1.0.194:32901|priority:1|startupRole:FOLLOWER]|listeners:[], old=null
2023-05-03 09:49:10,459 [72fabaa3-cdfe-43bb-a33d-4a5f5e85250d-server-thread2] INFO  segmented.SegmentedRaftLogWorker (SegmentedRaftLogWorker.java:startLogSegment(452)) - 72fabaa3-cdfe-43bb-a33d-4a5f5e85250d@group-9595DE9ADEC6-SegmentedRaftLogWorker: Starting segment from index:0
2023-05-03 09:49:10,461 [72fabaa3-cdfe-43bb-a33d-4a5f5e85250d@group-9595DE9ADEC6-SegmentedRaftLogWorker] INFO  segmented.SegmentedRaftLogWorker (SegmentedRaftLogWorker.java:execute(656)) - 72fabaa3-cdfe-43bb-a33d-4a5f5e85250d@group-9595DE9ADEC6-SegmentedRaftLogWorker: created new log segment /home/runner/work/ozone/ozone/hadoop-ozone/integration-test/target/test-dir/MiniOzoneClusterImpl-42c2526b-3b93-44e4-b696-93ac236191fb/datanode-2/data/ratis/42bdaf33-ee3f-4ab0-ae6f-9595de9adec6/current/log_inprogress_0
2023-05-03 09:49:10,614 [1e33a790-1e4c-4469-b162-b9d936e0bfc3@group-66A6D9E963B0-FollowerState] INFO  impl.FollowerState (FollowerState.java:run(143)) - 1e33a790-1e4c-4469-b162-b9d936e0bfc3@group-66A6D9E963B0-FollowerState: change to CANDIDATE, lastRpcElapsedTime:5138927166ns, electionTimeout:5138ms
2023-05-03 09:49:10,614 [1e33a790-1e4c-4469-b162-b9d936e0bfc3@group-66A6D9E963B0-FollowerState] INFO  impl.RoleInfo (RoleInfo.java:shutdownFollowerState(110)) - 1e33a790-1e4c-4469-b162-b9d936e0bfc3: shutdown 1e33a790-1e4c-4469-b162-b9d936e0bfc3@group-66A6D9E963B0-FollowerState
2023-05-03 09:49:10,614 [1e33a790-1e4c-4469-b162-b9d936e0bfc3@group-66A6D9E963B0-FollowerState] INFO  server.RaftServer$Division (RaftServerImpl.java:setRole(321)) - 1e33a790-1e4c-4469-b162-b9d936e0bfc3@group-66A6D9E963B0: changes role from  FOLLOWER to CANDIDATE at term 0 for changeToCandidate
2023-05-03 09:49:10,614 [1e33a790-1e4c-4469-b162-b9d936e0bfc3@group-66A6D9E963B0-FollowerState] INFO  server.RaftServerConfigKeys (ConfUtils.java:logGet(46)) - raft.server.leaderelection.pre-vote = true (default)
2023-05-03 09:49:10,614 [1e33a790-1e4c-4469-b162-b9d936e0bfc3@group-66A6D9E963B0-FollowerState] INFO  impl.RoleInfo (RoleInfo.java:updateAndGet(139)) - 1e33a790-1e4c-4469-b162-b9d936e0bfc3: start 1e33a790-1e4c-4469-b162-b9d936e0bfc3@group-66A6D9E963B0-LeaderElection51
2023-05-03 09:49:10,615 [1e33a790-1e4c-4469-b162-b9d936e0bfc3@group-66A6D9E963B0-LeaderElection51] INFO  impl.LeaderElection (LeaderElection.java:askForVotes(312)) - 1e33a790-1e4c-4469-b162-b9d936e0bfc3@group-66A6D9E963B0-LeaderElection51 PRE_VOTE round 0: submit vote requests at term 0 for -1: peers:[1e33a790-1e4c-4469-b162-b9d936e0bfc3|rpc:10.1.0.194:45067|dataStream:10.1.0.194:45283|priority:1|startupRole:FOLLOWER]|listeners:[], old=null
2023-05-03 09:49:10,615 [1e33a790-1e4c-4469-b162-b9d936e0bfc3@group-66A6D9E963B0-LeaderElection51] INFO  impl.LeaderElection (LeaderElection.java:askForVotes(314)) - 1e33a790-1e4c-4469-b162-b9d936e0bfc3@group-66A6D9E963B0-LeaderElection51 PRE_VOTE round 0: result PASSED (term=0)
2023-05-03 09:49:10,617 [1e33a790-1e4c-4469-b162-b9d936e0bfc3@group-66A6D9E963B0-LeaderElection51] INFO  impl.LeaderElection (LeaderElection.java:askForVotes(312)) - 1e33a790-1e4c-4469-b162-b9d936e0bfc3@group-66A6D9E963B0-LeaderElection51 ELECTION round 0: submit vote requests at term 1 for -1: peers:[1e33a790-1e4c-4469-b162-b9d936e0bfc3|rpc:10.1.0.194:45067|dataStream:10.1.0.194:45283|priority:1|startupRole:FOLLOWER]|listeners:[], old=null
2023-05-03 09:49:10,617 [1e33a790-1e4c-4469-b162-b9d936e0bfc3@group-66A6D9E963B0-LeaderElection51] INFO  impl.LeaderElection (LeaderElection.java:askForVotes(314)) - 1e33a790-1e4c-4469-b162-b9d936e0bfc3@group-66A6D9E963B0-LeaderElection51 ELECTION round 0: result PASSED (term=1)
2023-05-03 09:49:10,617 [1e33a790-1e4c-4469-b162-b9d936e0bfc3@group-66A6D9E963B0-LeaderElection51] INFO  impl.RoleInfo (RoleInfo.java:shutdownLeaderElection(130)) - 1e33a790-1e4c-4469-b162-b9d936e0bfc3: shutdown 1e33a790-1e4c-4469-b162-b9d936e0bfc3@group-66A6D9E963B0-LeaderElection51
2023-05-03 09:49:10,617 [1e33a790-1e4c-4469-b162-b9d936e0bfc3@group-66A6D9E963B0-LeaderElection51] INFO  server.RaftServer$Division (RaftServerImpl.java:setRole(321)) - 1e33a790-1e4c-4469-b162-b9d936e0bfc3@group-66A6D9E963B0: changes role from CANDIDATE to LEADER at term 1 for changeToLeader
2023-05-03 09:49:10,617 [1e33a790-1e4c-4469-b162-b9d936e0bfc3@group-66A6D9E963B0-LeaderElection51] INFO  ratis.XceiverServerRatis (XceiverServerRatis.java:handleLeaderChangedNotification(904)) - Leader change notification received for group: group-66A6D9E963B0 with new leaderId: 1e33a790-1e4c-4469-b162-b9d936e0bfc3
2023-05-03 09:49:10,617 [1e33a790-1e4c-4469-b162-b9d936e0bfc3@group-66A6D9E963B0-LeaderElection51] INFO  server.RaftServer$Division (ServerState.java:setLeader(313)) - 1e33a790-1e4c-4469-b162-b9d936e0bfc3@group-66A6D9E963B0: change Leader from null to 1e33a790-1e4c-4469-b162-b9d936e0bfc3 at term 1 for becomeLeader, leader elected after 5150ms
2023-05-03 09:49:10,617 [1e33a790-1e4c-4469-b162-b9d936e0bfc3@group-66A6D9E963B0-LeaderElection51] INFO  server.RaftServerConfigKeys (ConfUtils.java:logGet(46)) - raft.server.staging.catchup.gap = 1000 (default)
2023-05-03 09:49:10,617 [1e33a790-1e4c-4469-b162-b9d936e0bfc3@group-66A6D9E963B0-LeaderElection51] INFO  server.RaftServerConfigKeys (ConfUtils.java:logGet(46)) - raft.server.write.element-limit = 1024 (custom)
2023-05-03 09:49:10,617 [1e33a790-1e4c-4469-b162-b9d936e0bfc3@group-66A6D9E963B0-LeaderElection51] INFO  server.RaftServerConfigKeys (ConfUtils.java:logGet(46)) - raft.server.write.byte-limit = 1024 M (=1073741824) (custom)
2023-05-03 09:49:10,619 [1e33a790-1e4c-4469-b162-b9d936e0bfc3@group-66A6D9E963B0-LeaderElection51] INFO  server.RaftServerConfigKeys (ConfUtils.java:logGet(46)) - raft.server.watch.timeout = 180s (custom)
2023-05-03 09:49:10,619 [1e33a790-1e4c-4469-b162-b9d936e0bfc3@group-66A6D9E963B0-LeaderElection51] INFO  server.RaftServerConfigKeys (ConfUtils.java:logGet(46)) - raft.server.watch.timeout.denomination = 1s (default)
2023-05-03 09:49:10,619 [1e33a790-1e4c-4469-b162-b9d936e0bfc3@group-66A6D9E963B0-LeaderElection51] INFO  server.RaftServerConfigKeys (ConfUtils.java:logGet(46)) - raft.server.watch.element-limit = 65536 (default)
2023-05-03 09:49:10,619 [1e33a790-1e4c-4469-b162-b9d936e0bfc3@group-66A6D9E963B0-LeaderElection51] INFO  server.RaftServerConfigKeys (ConfUtils.java:logGet(46)) - raft.server.write.element-limit = 1024 (custom)
2023-05-03 09:49:10,619 [1e33a790-1e4c-4469-b162-b9d936e0bfc3@group-66A6D9E963B0-LeaderElection51] INFO  server.RaftServerConfigKeys (ConfUtils.java:logGet(46)) - raft.server.write.follower.gap.ratio.max = -1.0 (default)
2023-05-03 09:49:10,620 [1e33a790-1e4c-4469-b162-b9d936e0bfc3@group-66A6D9E963B0-LeaderElection51] INFO  impl.RoleInfo (RoleInfo.java:updateAndGet(139)) - 1e33a790-1e4c-4469-b162-b9d936e0bfc3: start 1e33a790-1e4c-4469-b162-b9d936e0bfc3@group-66A6D9E963B0-LeaderStateImpl
2023-05-03 09:49:10,620 [1e33a790-1e4c-4469-b162-b9d936e0bfc3@group-66A6D9E963B0-LeaderElection51] INFO  segmented.SegmentedRaftLogWorker (SegmentedRaftLogWorker.java:startLogSegment(452)) - 1e33a790-1e4c-4469-b162-b9d936e0bfc3@group-66A6D9E963B0-SegmentedRaftLogWorker: Starting segment from index:0
2023-05-03 09:49:10,621 [1e33a790-1e4c-4469-b162-b9d936e0bfc3@group-66A6D9E963B0-SegmentedRaftLogWorker] INFO  segmented.SegmentedRaftLogWorker (SegmentedRaftLogWorker.java:execute(656)) - 1e33a790-1e4c-4469-b162-b9d936e0bfc3@group-66A6D9E963B0-SegmentedRaftLogWorker: created new log segment /home/runner/work/ozone/ozone/hadoop-ozone/integration-test/target/test-dir/MiniOzoneClusterImpl-42c2526b-3b93-44e4-b696-93ac236191fb/datanode-1/data/ratis/92841822-8d4d-4fca-9810-66a6d9e963b0/current/log_inprogress_0
2023-05-03 09:49:10,627 [1e33a790-1e4c-4469-b162-b9d936e0bfc3@group-66A6D9E963B0-LeaderElection51] INFO  server.RaftServer$Division (ServerState.java:setRaftConf(430)) - 1e33a790-1e4c-4469-b162-b9d936e0bfc3@group-66A6D9E963B0: set configuration 0: peers:[1e33a790-1e4c-4469-b162-b9d936e0bfc3|rpc:10.1.0.194:45067|dataStream:10.1.0.194:45283|priority:1|startupRole:FOLLOWER]|listeners:[], old=null
2023-05-03 09:49:10,791 [Listener at 127.0.0.1/33547] INFO  ozone.MiniOzoneClusterImpl (MiniOzoneClusterImpl.java:lambda$waitForClusterToBeReady$0(223)) - Nodes are ready. Got 3 of 3 DN Heartbeats.
2023-05-03 09:49:10,791 [Listener at 127.0.0.1/33547] INFO  ozone.MiniOzoneClusterImpl (MiniOzoneClusterImpl.java:lambda$waitForClusterToBeReady$0(226)) - Cluster exits safe mode
2023-05-03 09:49:10,791 [Listener at 127.0.0.1/33547] INFO  ozone.MiniOzoneClusterImpl (MiniOzoneClusterImpl.java:lambda$waitForClusterToBeReady$0(228)) - SCM became leader
2023-05-03 09:49:10,835 [72fabaa3-cdfe-43bb-a33d-4a5f5e85250d@group-D9C4CD305FA9-FollowerState] INFO  impl.FollowerState (FollowerState.java:run(143)) - 72fabaa3-cdfe-43bb-a33d-4a5f5e85250d@group-D9C4CD305FA9-FollowerState: change to CANDIDATE, lastRpcElapsedTime:5036980490ns, electionTimeout:5036ms
2023-05-03 09:49:10,835 [72fabaa3-cdfe-43bb-a33d-4a5f5e85250d@group-D9C4CD305FA9-FollowerState] INFO  impl.RoleInfo (RoleInfo.java:shutdownFollowerState(110)) - 72fabaa3-cdfe-43bb-a33d-4a5f5e85250d: shutdown 72fabaa3-cdfe-43bb-a33d-4a5f5e85250d@group-D9C4CD305FA9-FollowerState
2023-05-03 09:49:10,835 [72fabaa3-cdfe-43bb-a33d-4a5f5e85250d@group-D9C4CD305FA9-FollowerState] INFO  server.RaftServer$Division (RaftServerImpl.java:setRole(321)) - 72fabaa3-cdfe-43bb-a33d-4a5f5e85250d@group-D9C4CD305FA9: changes role from  FOLLOWER to CANDIDATE at term 0 for changeToCandidate
2023-05-03 09:49:10,835 [72fabaa3-cdfe-43bb-a33d-4a5f5e85250d@group-D9C4CD305FA9-FollowerState] INFO  server.RaftServerConfigKeys (ConfUtils.java:logGet(46)) - raft.server.leaderelection.pre-vote = true (default)
2023-05-03 09:49:10,835 [72fabaa3-cdfe-43bb-a33d-4a5f5e85250d@group-D9C4CD305FA9-FollowerState] INFO  impl.RoleInfo (RoleInfo.java:updateAndGet(139)) - 72fabaa3-cdfe-43bb-a33d-4a5f5e85250d: start 72fabaa3-cdfe-43bb-a33d-4a5f5e85250d@group-D9C4CD305FA9-LeaderElection52
2023-05-03 09:49:10,836 [72fabaa3-cdfe-43bb-a33d-4a5f5e85250d@group-D9C4CD305FA9-LeaderElection52] INFO  impl.LeaderElection (LeaderElection.java:askForVotes(312)) - 72fabaa3-cdfe-43bb-a33d-4a5f5e85250d@group-D9C4CD305FA9-LeaderElection52 PRE_VOTE round 0: submit vote requests at term 0 for -1: peers:[72fabaa3-cdfe-43bb-a33d-4a5f5e85250d|rpc:10.1.0.194:35769|dataStream:10.1.0.194:34957|priority:1|startupRole:FOLLOWER]|listeners:[], old=null
2023-05-03 09:49:10,836 [72fabaa3-cdfe-43bb-a33d-4a5f5e85250d@group-D9C4CD305FA9-LeaderElection52] INFO  impl.LeaderElection (LeaderElection.java:askForVotes(314)) - 72fabaa3-cdfe-43bb-a33d-4a5f5e85250d@group-D9C4CD305FA9-LeaderElection52 PRE_VOTE round 0: result PASSED (term=0)
2023-05-03 09:49:10,837 [72fabaa3-cdfe-43bb-a33d-4a5f5e85250d@group-D9C4CD305FA9-LeaderElection52] INFO  impl.LeaderElection (LeaderElection.java:askForVotes(312)) - 72fabaa3-cdfe-43bb-a33d-4a5f5e85250d@group-D9C4CD305FA9-LeaderElection52 ELECTION round 0: submit vote requests at term 1 for -1: peers:[72fabaa3-cdfe-43bb-a33d-4a5f5e85250d|rpc:10.1.0.194:35769|dataStream:10.1.0.194:34957|priority:1|startupRole:FOLLOWER]|listeners:[], old=null
2023-05-03 09:49:10,837 [72fabaa3-cdfe-43bb-a33d-4a5f5e85250d@group-D9C4CD305FA9-LeaderElection52] INFO  impl.LeaderElection (LeaderElection.java:askForVotes(314)) - 72fabaa3-cdfe-43bb-a33d-4a5f5e85250d@group-D9C4CD305FA9-LeaderElection52 ELECTION round 0: result PASSED (term=1)
2023-05-03 09:49:10,837 [72fabaa3-cdfe-43bb-a33d-4a5f5e85250d@group-D9C4CD305FA9-LeaderElection52] INFO  impl.RoleInfo (RoleInfo.java:shutdownLeaderElection(130)) - 72fabaa3-cdfe-43bb-a33d-4a5f5e85250d: shutdown 72fabaa3-cdfe-43bb-a33d-4a5f5e85250d@group-D9C4CD305FA9-LeaderElection52
2023-05-03 09:49:10,837 [72fabaa3-cdfe-43bb-a33d-4a5f5e85250d@group-D9C4CD305FA9-LeaderElection52] INFO  server.RaftServer$Division (RaftServerImpl.java:setRole(321)) - 72fabaa3-cdfe-43bb-a33d-4a5f5e85250d@group-D9C4CD305FA9: changes role from CANDIDATE to LEADER at term 1 for changeToLeader
2023-05-03 09:49:10,837 [72fabaa3-cdfe-43bb-a33d-4a5f5e85250d@group-D9C4CD305FA9-LeaderElection52] INFO  ratis.XceiverServerRatis (XceiverServerRatis.java:handleLeaderChangedNotification(904)) - Leader change notification received for group: group-D9C4CD305FA9 with new leaderId: 72fabaa3-cdfe-43bb-a33d-4a5f5e85250d
2023-05-03 09:49:10,838 [72fabaa3-cdfe-43bb-a33d-4a5f5e85250d@group-D9C4CD305FA9-LeaderElection52] INFO  server.RaftServer$Division (ServerState.java:setLeader(313)) - 72fabaa3-cdfe-43bb-a33d-4a5f5e85250d@group-D9C4CD305FA9: change Leader from null to 72fabaa3-cdfe-43bb-a33d-4a5f5e85250d at term 1 for becomeLeader, leader elected after 5049ms
2023-05-03 09:49:10,838 [72fabaa3-cdfe-43bb-a33d-4a5f5e85250d@group-D9C4CD305FA9-LeaderElection52] INFO  server.RaftServerConfigKeys (ConfUtils.java:logGet(46)) - raft.server.staging.catchup.gap = 1000 (default)
2023-05-03 09:49:10,838 [72fabaa3-cdfe-43bb-a33d-4a5f5e85250d@group-D9C4CD305FA9-LeaderElection52] INFO  server.RaftServerConfigKeys (ConfUtils.java:logGet(46)) - raft.server.write.element-limit = 1024 (custom)
2023-05-03 09:49:10,838 [72fabaa3-cdfe-43bb-a33d-4a5f5e85250d@group-D9C4CD305FA9-LeaderElection52] INFO  server.RaftServerConfigKeys (ConfUtils.java:logGet(46)) - raft.server.write.byte-limit = 1024 M (=1073741824) (custom)
2023-05-03 09:49:10,838 [72fabaa3-cdfe-43bb-a33d-4a5f5e85250d@group-D9C4CD305FA9-LeaderElection52] INFO  server.RaftServerConfigKeys (ConfUtils.java:logGet(46)) - raft.server.watch.timeout = 180s (custom)
2023-05-03 09:49:10,838 [72fabaa3-cdfe-43bb-a33d-4a5f5e85250d@group-D9C4CD305FA9-LeaderElection52] INFO  server.RaftServerConfigKeys (ConfUtils.java:logGet(46)) - raft.server.watch.timeout.denomination = 1s (default)
2023-05-03 09:49:10,838 [72fabaa3-cdfe-43bb-a33d-4a5f5e85250d@group-D9C4CD305FA9-LeaderElection52] INFO  server.RaftServerConfigKeys (ConfUtils.java:logGet(46)) - raft.server.watch.element-limit = 65536 (default)
2023-05-03 09:49:10,838 [72fabaa3-cdfe-43bb-a33d-4a5f5e85250d@group-D9C4CD305FA9-LeaderElection52] INFO  server.RaftServerConfigKeys (ConfUtils.java:logGet(46)) - raft.server.write.element-limit = 1024 (custom)
2023-05-03 09:49:10,838 [72fabaa3-cdfe-43bb-a33d-4a5f5e85250d@group-D9C4CD305FA9-LeaderElection52] INFO  server.RaftServerConfigKeys (ConfUtils.java:logGet(46)) - raft.server.write.follower.gap.ratio.max = -1.0 (default)
2023-05-03 09:49:10,838 [72fabaa3-cdfe-43bb-a33d-4a5f5e85250d@group-D9C4CD305FA9-LeaderElection52] INFO  impl.RoleInfo (RoleInfo.java:updateAndGet(139)) - 72fabaa3-cdfe-43bb-a33d-4a5f5e85250d: start 72fabaa3-cdfe-43bb-a33d-4a5f5e85250d@group-D9C4CD305FA9-LeaderStateImpl
2023-05-03 09:49:10,838 [72fabaa3-cdfe-43bb-a33d-4a5f5e85250d@group-D9C4CD305FA9-LeaderElection52] INFO  segmented.SegmentedRaftLogWorker (SegmentedRaftLogWorker.java:startLogSegment(452)) - 72fabaa3-cdfe-43bb-a33d-4a5f5e85250d@group-D9C4CD305FA9-SegmentedRaftLogWorker: Starting segment from index:0
2023-05-03 09:49:10,839 [72fabaa3-cdfe-43bb-a33d-4a5f5e85250d@group-D9C4CD305FA9-LeaderElection52] INFO  server.RaftServer$Division (ServerState.java:setRaftConf(430)) - 72fabaa3-cdfe-43bb-a33d-4a5f5e85250d@group-D9C4CD305FA9: set configuration 0: peers:[72fabaa3-cdfe-43bb-a33d-4a5f5e85250d|rpc:10.1.0.194:35769|dataStream:10.1.0.194:34957|priority:1|startupRole:FOLLOWER]|listeners:[], old=null
2023-05-03 09:49:10,840 [72fabaa3-cdfe-43bb-a33d-4a5f5e85250d@group-D9C4CD305FA9-SegmentedRaftLogWorker] INFO  segmented.SegmentedRaftLogWorker (SegmentedRaftLogWorker.java:execute(656)) - 72fabaa3-cdfe-43bb-a33d-4a5f5e85250d@group-D9C4CD305FA9-SegmentedRaftLogWorker: created new log segment /home/runner/work/ozone/ozone/hadoop-ozone/integration-test/target/test-dir/MiniOzoneClusterImpl-42c2526b-3b93-44e4-b696-93ac236191fb/datanode-2/data/ratis/9056b940-fb8b-4875-bc61-d9c4cd305fa9/current/log_inprogress_0
2023-05-03 09:49:22,792 [Listener at 127.0.0.1/33547] INFO  ozone.MiniOzoneClusterImpl (MiniOzoneClusterImpl.java:shutdown(456)) - Shutting down the Mini Ozone Cluster
2023-05-03 09:49:22,792 [Listener at 127.0.0.1/33547] INFO  ozone.MiniOzoneClusterImpl (MiniOzoneClusterImpl.java:stop(474)) - Stopping the Mini Ozone Cluster
2023-05-03 09:49:22,792 [Listener at 127.0.0.1/33547] INFO  ozone.MiniOzoneClusterImpl (MiniOzoneClusterImpl.java:stopOM(560)) - Stopping the OzoneManager
2023-05-03 09:49:22,792 [Listener at 127.0.0.1/33547] INFO  om.OzoneManager (OzoneManager.java:stop(2165)) - om1[localhost:0]: Stopping Ozone Manager
2023-05-03 09:49:22,792 [Listener at 127.0.0.1/33547] INFO  ipc.Server (Server.java:stop(3501)) - Stopping server on 33547
2023-05-03 09:49:22,794 [IPC Server Responder] INFO  ipc.Server (Server.java:run(1563)) - Stopping IPC Server Responder
2023-05-03 09:49:22,794 [IPC Server listener on 0] INFO  ipc.Server (Server.java:run(1430)) - Stopping IPC Server listener on 0
2023-05-03 09:49:22,795 [Listener at 127.0.0.1/33547] INFO  server.RaftServer (RaftServerProxy.java:lambda$close$6(409)) - om1: close
2023-05-03 09:49:22,795 [Listener at 127.0.0.1/33547] INFO  server.GrpcService (GrpcService.java:closeImpl(271)) - om1: shutdown server GrpcServerProtocolService now
2023-05-03 09:49:22,795 [om1-impl-thread1] INFO  server.RaftServer$Division (RaftServerImpl.java:lambda$close$4(458)) - om1@group-C5BA1605619E: shutdown
2023-05-03 09:49:22,795 [om1-impl-thread1] INFO  util.JmxRegister (JmxRegister.java:unregister(73)) - Successfully un-registered JMX Bean with object name Ratis:service=RaftServer,group=group-C5BA1605619E,id=om1
2023-05-03 09:49:22,795 [om1-impl-thread1] INFO  impl.RoleInfo (RoleInfo.java:shutdownLeaderState(93)) - om1: shutdown om1@group-C5BA1605619E-LeaderStateImpl
2023-05-03 09:49:22,795 [om1-impl-thread1] INFO  impl.PendingRequests (PendingRequests.java:sendNotLeaderResponses(282)) - om1@group-C5BA1605619E-PendingRequests: sendNotLeaderResponses
2023-05-03 09:49:22,795 [om1-impl-thread1] INFO  impl.StateMachineUpdater (StateMachineUpdater.java:stopAndJoin(153)) - om1@group-C5BA1605619E-StateMachineUpdater: set stopIndex = 0
2023-05-03 09:49:22,796 [Listener at 127.0.0.1/33547] INFO  server.GrpcService (GrpcService.java:closeImpl(280)) - om1: shutdown server GrpcServerProtocolService successfully
2023-05-03 09:49:22,796 [om1@group-C5BA1605619E-StateMachineUpdater] INFO  ratis.OzoneManagerStateMachine (OzoneManagerStateMachine.java:takeSnapshot(479)) - Current Snapshot Index (t:1, i:0)
2023-05-03 09:49:22,803 [om1@group-C5BA1605619E-StateMachineUpdater] INFO  impl.StateMachineUpdater (StateMachineUpdater.java:takeSnapshot(287)) - om1@group-C5BA1605619E-StateMachineUpdater: Took a snapshot at index 0
2023-05-03 09:49:22,803 [om1@group-C5BA1605619E-StateMachineUpdater] INFO  impl.StateMachineUpdater (StateMachineUpdater.java:lambda$new$0(92)) - om1@group-C5BA1605619E-StateMachineUpdater: snapshotIndex: updateIncreasingly -1 -> 0
2023-05-03 09:49:22,803 [om1@group-C5BA1605619E-StateMachineUpdater] INFO  ratis.OzoneManagerStateMachine (OzoneManagerStateMachine.java:close(533)) - StateMachine has shutdown. Shutdown OzoneManager if not already shutdown.
2023-05-03 09:49:22,803 [om1@group-C5BA1605619E-StateMachineUpdater] INFO  ratis.OzoneManagerDoubleBuffer (OzoneManagerDoubleBuffer.java:stopDaemon(540)) - Stopping OMDoubleBuffer flush thread
2023-05-03 09:49:22,803 [OMDoubleBufferFlushThread] INFO  ratis.OzoneManagerDoubleBuffer (OzoneManagerDoubleBuffer.java:canFlush(625)) - OMDoubleBuffer flush thread OMDoubleBufferFlushThread is interrupted and will exit.
2023-05-03 09:49:22,803 [om1-impl-thread1] INFO  server.RaftServer$Division (ServerState.java:close(466)) - om1@group-C5BA1605619E: closes. applyIndex: 0
2023-05-03 09:49:22,803 [om1@group-C5BA1605619E-SegmentedRaftLogWorker] INFO  segmented.SegmentedRaftLogWorker (SegmentedRaftLogWorker.java:run(347)) - om1@group-C5BA1605619E-SegmentedRaftLogWorker was interrupted, exiting. There are 0 tasks remaining in the queue.
2023-05-03 09:49:22,805 [om1-impl-thread1] INFO  segmented.SegmentedRaftLogWorker (SegmentedRaftLogWorker.java:close(257)) - om1@group-C5BA1605619E-SegmentedRaftLogWorker close()
2023-05-03 09:49:22,809 [JvmPauseMonitor25] INFO  util.JvmPauseMonitor (JvmPauseMonitor.java:run(111)) - JvmPauseMonitor-om1: Stopped
2023-05-03 09:49:22,809 [Listener at 127.0.0.1/33547] INFO  ratis.OzoneManagerStateMachine (OzoneManagerStateMachine.java:close(533)) - StateMachine has shutdown. Shutdown OzoneManager if not already shutdown.
2023-05-03 09:49:22,809 [Listener at 127.0.0.1/33547] INFO  ratis.OzoneManagerDoubleBuffer (OzoneManagerDoubleBuffer.java:stopDaemon(549)) - OMDoubleBuffer flush thread is not running.
2023-05-03 09:49:22,809 [Listener at 127.0.0.1/33547] INFO  utils.BackgroundService (BackgroundService.java:shutdown(141)) - Shutting down service KeyDeletingService
2023-05-03 09:49:22,809 [Listener at 127.0.0.1/33547] INFO  utils.BackgroundService (BackgroundService.java:shutdown(141)) - Shutting down service KeyDeletingService
2023-05-03 09:49:22,809 [Listener at 127.0.0.1/33547] INFO  utils.BackgroundService (BackgroundService.java:shutdown(141)) - Shutting down service OpenKeyCleanupService
2023-05-03 09:49:22,809 [Listener at 127.0.0.1/33547] INFO  utils.BackgroundService (BackgroundService.java:shutdown(141)) - Shutting down service SstFilteringService
2023-05-03 09:49:22,809 [Listener at 127.0.0.1/33547] INFO  utils.BackgroundService (BackgroundService.java:shutdown(141)) - Shutting down service SnapshotDeletingService
2023-05-03 09:49:22,810 [Listener at 127.0.0.1/33547] INFO  handler.ContextHandler (ContextHandler.java:doStop(1159)) - Stopped o.e.j.w.WebAppContext@49607921{ozoneManager,/,null,STOPPED}{file:/home/runner/work/ozone/ozone/hadoop-ozone/integration-test/target/test-classes/webapps/ozoneManager}
2023-05-03 09:49:22,810 [Listener at 127.0.0.1/33547] INFO  server.AbstractConnector (AbstractConnector.java:doStop(383)) - Stopped ServerConnector@78a750a{HTTP/1.1, (http/1.1)}{0.0.0.0:0}
2023-05-03 09:49:22,810 [Listener at 127.0.0.1/33547] INFO  server.session (HouseKeeper.java:stopScavenging(149)) - node0 Stopped scavenging
2023-05-03 09:49:22,811 [Listener at 127.0.0.1/33547] INFO  handler.ContextHandler (ContextHandler.java:doStop(1159)) - Stopped o.e.j.s.ServletContextHandler@542139a1{static,/static,file:///home/runner/work/ozone/ozone/hadoop-ozone/integration-test/target/test-classes/webapps/static,STOPPED}
2023-05-03 09:49:22,811 [Listener at 127.0.0.1/33547] INFO  handler.ContextHandler (ContextHandler.java:doStop(1159)) - Stopped o.e.j.s.ServletContextHandler@2805dc1e{logs,/logs,file:///home/runner/work/ozone/ozone/hadoop-ozone/integration-test/target/log,STOPPED}
2023-05-03 09:49:22,812 [Listener at 127.0.0.1/33547] INFO  utils.BackgroundService (BackgroundService.java:shutdown(141)) - Shutting down service SnapshotDiffCleanupService
2023-05-03 09:49:22,813 [Listener at 127.0.0.1/33547] INFO  ozone.MiniOzoneClusterImpl (MiniOzoneClusterImpl.java:stopDatanodes(537)) - Stopping the HddsDatanodes
2023-05-03 09:49:22,815 [Listener at 127.0.0.1/33547] INFO  ozoneimpl.OzoneContainer (OzoneContainer.java:stop(419)) - Attempting to stop container services.
2023-05-03 09:49:22,815 [Listener at 127.0.0.1/33547] INFO  server.RaftServer (RaftServerProxy.java:lambda$close$6(409)) - 1e33a790-1e4c-4469-b162-b9d936e0bfc3: close
2023-05-03 09:49:22,815 [ForkJoinPool.commonPool-worker-0] INFO  ozoneimpl.OzoneContainer (OzoneContainer.java:stop(419)) - Attempting to stop container services.
2023-05-03 09:49:22,815 [1e33a790-1e4c-4469-b162-b9d936e0bfc3-impl-thread1] INFO  server.RaftServer$Division (RaftServerImpl.java:lambda$close$4(458)) - 1e33a790-1e4c-4469-b162-b9d936e0bfc3@group-7EAB92DACA6B: shutdown
2023-05-03 09:49:22,816 [1e33a790-1e4c-4469-b162-b9d936e0bfc3-impl-thread1] INFO  util.JmxRegister (JmxRegister.java:unregister(73)) - Successfully un-registered JMX Bean with object name Ratis:service=RaftServer,group=group-7EAB92DACA6B,id=1e33a790-1e4c-4469-b162-b9d936e0bfc3
2023-05-03 09:49:22,816 [1e33a790-1e4c-4469-b162-b9d936e0bfc3-impl-thread1] INFO  impl.RoleInfo (RoleInfo.java:shutdownFollowerState(110)) - 1e33a790-1e4c-4469-b162-b9d936e0bfc3: shutdown 1e33a790-1e4c-4469-b162-b9d936e0bfc3@group-7EAB92DACA6B-FollowerState
2023-05-03 09:49:22,816 [1e33a790-1e4c-4469-b162-b9d936e0bfc3-impl-thread1] INFO  impl.StateMachineUpdater (StateMachineUpdater.java:stopAndJoin(153)) - 1e33a790-1e4c-4469-b162-b9d936e0bfc3@group-7EAB92DACA6B-StateMachineUpdater: set stopIndex = 0
2023-05-03 09:49:22,816 [1e33a790-1e4c-4469-b162-b9d936e0bfc3@group-7EAB92DACA6B-FollowerState] INFO  impl.FollowerState (FollowerState.java:run(152)) - 1e33a790-1e4c-4469-b162-b9d936e0bfc3@group-7EAB92DACA6B-FollowerState was interrupted
2023-05-03 09:49:22,816 [1e33a790-1e4c-4469-b162-b9d936e0bfc3@group-7EAB92DACA6B-StateMachineUpdater] INFO  ratis.ContainerStateMachine (ContainerStateMachine.java:takeSnapshot(330)) - group-7EAB92DACA6B: Taking a snapshot at:(t:1, i:0) file /home/runner/work/ozone/ozone/hadoop-ozone/integration-test/target/test-dir/MiniOzoneClusterImpl-42c2526b-3b93-44e4-b696-93ac236191fb/datanode-1/data/ratis/2a5a26e5-761f-46ca-afd4-7eab92daca6b/sm/snapshot.1_0
2023-05-03 09:49:22,818 [1e33a790-1e4c-4469-b162-b9d936e0bfc3@group-7EAB92DACA6B-StateMachineUpdater] INFO  ratis.ContainerStateMachine (ContainerStateMachine.java:takeSnapshot(341)) - group-7EAB92DACA6B: Finished taking a snapshot at:(t:1, i:0) file:/home/runner/work/ozone/ozone/hadoop-ozone/integration-test/target/test-dir/MiniOzoneClusterImpl-42c2526b-3b93-44e4-b696-93ac236191fb/datanode-1/data/ratis/2a5a26e5-761f-46ca-afd4-7eab92daca6b/sm/snapshot.1_0 took: 2 ms
2023-05-03 09:49:22,818 [1e33a790-1e4c-4469-b162-b9d936e0bfc3@group-7EAB92DACA6B-StateMachineUpdater] INFO  impl.StateMachineUpdater (StateMachineUpdater.java:takeSnapshot(287)) - 1e33a790-1e4c-4469-b162-b9d936e0bfc3@group-7EAB92DACA6B-StateMachineUpdater: Took a snapshot at index 0
2023-05-03 09:49:22,818 [1e33a790-1e4c-4469-b162-b9d936e0bfc3@group-7EAB92DACA6B-StateMachineUpdater] INFO  impl.StateMachineUpdater (StateMachineUpdater.java:lambda$new$0(92)) - 1e33a790-1e4c-4469-b162-b9d936e0bfc3@group-7EAB92DACA6B-StateMachineUpdater: snapshotIndex: updateIncreasingly -1 -> 0
2023-05-03 09:49:22,819 [1e33a790-1e4c-4469-b162-b9d936e0bfc3-impl-thread1] INFO  server.RaftServer$Division (ServerState.java:close(466)) - 1e33a790-1e4c-4469-b162-b9d936e0bfc3@group-7EAB92DACA6B: closes. applyIndex: 0
2023-05-03 09:49:22,824 [1e33a790-1e4c-4469-b162-b9d936e0bfc3-impl-thread2] INFO  server.RaftServer$Division (RaftServerImpl.java:lambda$close$4(458)) - 1e33a790-1e4c-4469-b162-b9d936e0bfc3@group-9595DE9ADEC6: shutdown
2023-05-03 09:49:22,824 [1e33a790-1e4c-4469-b162-b9d936e0bfc3-impl-thread2] INFO  util.JmxRegister (JmxRegister.java:unregister(73)) - Successfully un-registered JMX Bean with object name Ratis:service=RaftServer,group=group-9595DE9ADEC6,id=1e33a790-1e4c-4469-b162-b9d936e0bfc3
2023-05-03 09:49:22,824 [1e33a790-1e4c-4469-b162-b9d936e0bfc3-impl-thread2] INFO  impl.RoleInfo (RoleInfo.java:shutdownFollowerState(110)) - 1e33a790-1e4c-4469-b162-b9d936e0bfc3: shutdown 1e33a790-1e4c-4469-b162-b9d936e0bfc3@group-9595DE9ADEC6-FollowerState
2023-05-03 09:49:22,824 [Listener at 127.0.0.1/33547] INFO  server.GrpcService (GrpcService.java:closeImpl(271)) - 1e33a790-1e4c-4469-b162-b9d936e0bfc3: shutdown server GrpcServerProtocolService now
2023-05-03 09:49:22,824 [1e33a790-1e4c-4469-b162-b9d936e0bfc3@group-7EAB92DACA6B-SegmentedRaftLogWorker] INFO  segmented.SegmentedRaftLogWorker (SegmentedRaftLogWorker.java:run(347)) - 1e33a790-1e4c-4469-b162-b9d936e0bfc3@group-7EAB92DACA6B-SegmentedRaftLogWorker was interrupted, exiting. There are 0 tasks remaining in the queue.
2023-05-03 09:49:22,827 [1e33a790-1e4c-4469-b162-b9d936e0bfc3-impl-thread1] INFO  segmented.SegmentedRaftLogWorker (SegmentedRaftLogWorker.java:close(257)) - 1e33a790-1e4c-4469-b162-b9d936e0bfc3@group-7EAB92DACA6B-SegmentedRaftLogWorker close()
2023-05-03 09:49:22,828 [ForkJoinPool.commonPool-worker-0] INFO  server.RaftServer (RaftServerProxy.java:lambda$close$6(409)) - 2944b27d-a262-4302-b37f-3bbf75b1a053: close
2023-05-03 09:49:22,828 [2944b27d-a262-4302-b37f-3bbf75b1a053-impl-thread1] INFO  server.RaftServer$Division (RaftServerImpl.java:lambda$close$4(458)) - 2944b27d-a262-4302-b37f-3bbf75b1a053@group-257CCF70A32C: shutdown
2023-05-03 09:49:22,828 [2944b27d-a262-4302-b37f-3bbf75b1a053-impl-thread1] INFO  util.JmxRegister (JmxRegister.java:unregister(73)) - Successfully un-registered JMX Bean with object name Ratis:service=RaftServer,group=group-257CCF70A32C,id=2944b27d-a262-4302-b37f-3bbf75b1a053
2023-05-03 09:49:22,828 [2944b27d-a262-4302-b37f-3bbf75b1a053-impl-thread1] INFO  impl.RoleInfo (RoleInfo.java:shutdownLeaderState(93)) - 2944b27d-a262-4302-b37f-3bbf75b1a053: shutdown 2944b27d-a262-4302-b37f-3bbf75b1a053@group-257CCF70A32C-LeaderStateImpl
2023-05-03 09:49:22,829 [2944b27d-a262-4302-b37f-3bbf75b1a053-impl-thread1] INFO  impl.PendingRequests (PendingRequests.java:sendNotLeaderResponses(282)) - 2944b27d-a262-4302-b37f-3bbf75b1a053@group-257CCF70A32C-PendingRequests: sendNotLeaderResponses
2023-05-03 09:49:22,829 [grpc-default-executor-1] WARN  server.GrpcServerProtocolService (LogUtils.java:warn(122)) - 1e33a790-1e4c-4469-b162-b9d936e0bfc3: installSnapshot onError, lastRequest: null: org.apache.ratis.thirdparty.io.grpc.StatusRuntimeException: CANCELLED: client cancelled
2023-05-03 09:49:22,829 [grpc-default-executor-2] WARN  server.GrpcServerProtocolService (LogUtils.java:warn(122)) - 1e33a790-1e4c-4469-b162-b9d936e0bfc3: installSnapshot onError, lastRequest: null: org.apache.ratis.thirdparty.io.grpc.StatusRuntimeException: CANCELLED: client cancelled
2023-05-03 09:49:22,829 [2944b27d-a262-4302-b37f-3bbf75b1a053-impl-thread2] INFO  server.RaftServer$Division (RaftServerImpl.java:lambda$close$4(458)) - 2944b27d-a262-4302-b37f-3bbf75b1a053@group-7EAB92DACA6B: shutdown
2023-05-03 09:49:22,829 [2944b27d-a262-4302-b37f-3bbf75b1a053-impl-thread2] INFO  util.JmxRegister (JmxRegister.java:unregister(73)) - Successfully un-registered JMX Bean with object name Ratis:service=RaftServer,group=group-7EAB92DACA6B,id=2944b27d-a262-4302-b37f-3bbf75b1a053
2023-05-03 09:49:22,830 [2944b27d-a262-4302-b37f-3bbf75b1a053-impl-thread2] INFO  impl.RoleInfo (RoleInfo.java:shutdownFollowerState(110)) - 2944b27d-a262-4302-b37f-3bbf75b1a053: shutdown 2944b27d-a262-4302-b37f-3bbf75b1a053@group-7EAB92DACA6B-FollowerState
2023-05-03 09:49:22,830 [ForkJoinPool.commonPool-worker-0] INFO  server.GrpcService (GrpcService.java:closeImpl(271)) - 2944b27d-a262-4302-b37f-3bbf75b1a053: shutdown server GrpcServerProtocolService now
2023-05-03 09:49:22,830 [2944b27d-a262-4302-b37f-3bbf75b1a053-impl-thread3] INFO  server.RaftServer$Division (RaftServerImpl.java:lambda$close$4(458)) - 2944b27d-a262-4302-b37f-3bbf75b1a053@group-9595DE9ADEC6: shutdown
2023-05-03 09:49:22,830 [2944b27d-a262-4302-b37f-3bbf75b1a053-impl-thread3] INFO  util.JmxRegister (JmxRegister.java:unregister(73)) - Successfully un-registered JMX Bean with object name Ratis:service=RaftServer,group=group-9595DE9ADEC6,id=2944b27d-a262-4302-b37f-3bbf75b1a053
2023-05-03 09:49:22,830 [2944b27d-a262-4302-b37f-3bbf75b1a053-impl-thread3] INFO  impl.RoleInfo (RoleInfo.java:shutdownLeaderState(93)) - 2944b27d-a262-4302-b37f-3bbf75b1a053: shutdown 2944b27d-a262-4302-b37f-3bbf75b1a053@group-9595DE9ADEC6-LeaderStateImpl
2023-05-03 09:49:22,830 [2944b27d-a262-4302-b37f-3bbf75b1a053-impl-thread3] INFO  impl.PendingRequests (PendingRequests.java:sendNotLeaderResponses(282)) - 2944b27d-a262-4302-b37f-3bbf75b1a053@group-9595DE9ADEC6-PendingRequests: sendNotLeaderResponses
2023-05-03 09:49:22,830 [2944b27d-a262-4302-b37f-3bbf75b1a053-impl-thread3] INFO  impl.StateMachineUpdater (StateMachineUpdater.java:stopAndJoin(153)) - 2944b27d-a262-4302-b37f-3bbf75b1a053@group-9595DE9ADEC6-StateMachineUpdater: set stopIndex = 0
2023-05-03 09:49:22,831 [2944b27d-a262-4302-b37f-3bbf75b1a053@group-9595DE9ADEC6->1e33a790-1e4c-4469-b162-b9d936e0bfc3-GrpcLogAppender-LogAppenderDaemon] WARN  server.GrpcLogAppender (GrpcLogAppender.java:mayWait(200)) - 2944b27d-a262-4302-b37f-3bbf75b1a053@group-9595DE9ADEC6->1e33a790-1e4c-4469-b162-b9d936e0bfc3-GrpcLogAppender: Wait interrupted by java.lang.InterruptedException
2023-05-03 09:49:22,831 [2944b27d-a262-4302-b37f-3bbf75b1a053@group-9595DE9ADEC6-StateMachineUpdater] INFO  ratis.ContainerStateMachine (ContainerStateMachine.java:takeSnapshot(330)) - group-9595DE9ADEC6: Taking a snapshot at:(t:1, i:0) file /home/runner/work/ozone/ozone/hadoop-ozone/integration-test/target/test-dir/MiniOzoneClusterImpl-42c2526b-3b93-44e4-b696-93ac236191fb/datanode-0/data/ratis/42bdaf33-ee3f-4ab0-ae6f-9595de9adec6/sm/snapshot.1_0
2023-05-03 09:49:22,831 [2944b27d-a262-4302-b37f-3bbf75b1a053@group-9595DE9ADEC6->72fabaa3-cdfe-43bb-a33d-4a5f5e85250d-GrpcLogAppender-LogAppenderDaemon] WARN  server.GrpcLogAppender (GrpcLogAppender.java:mayWait(200)) - 2944b27d-a262-4302-b37f-3bbf75b1a053@group-9595DE9ADEC6->72fabaa3-cdfe-43bb-a33d-4a5f5e85250d-GrpcLogAppender: Wait interrupted by java.lang.InterruptedException
2023-05-03 09:49:22,831 [2944b27d-a262-4302-b37f-3bbf75b1a053-impl-thread1] INFO  impl.StateMachineUpdater (StateMachineUpdater.java:stopAndJoin(153)) - 2944b27d-a262-4302-b37f-3bbf75b1a053@group-257CCF70A32C-StateMachineUpdater: set stopIndex = 0
2023-05-03 09:49:22,832 [2944b27d-a262-4302-b37f-3bbf75b1a053@group-9595DE9ADEC6-StateMachineUpdater] INFO  ratis.ContainerStateMachine (ContainerStateMachine.java:takeSnapshot(341)) - group-9595DE9ADEC6: Finished taking a snapshot at:(t:1, i:0) file:/home/runner/work/ozone/ozone/hadoop-ozone/integration-test/target/test-dir/MiniOzoneClusterImpl-42c2526b-3b93-44e4-b696-93ac236191fb/datanode-0/data/ratis/42bdaf33-ee3f-4ab0-ae6f-9595de9adec6/sm/snapshot.1_0 took: 1 ms
2023-05-03 09:49:22,832 [2944b27d-a262-4302-b37f-3bbf75b1a053@group-9595DE9ADEC6-StateMachineUpdater] INFO  impl.StateMachineUpdater (StateMachineUpdater.java:takeSnapshot(287)) - 2944b27d-a262-4302-b37f-3bbf75b1a053@group-9595DE9ADEC6-StateMachineUpdater: Took a snapshot at index 0
2023-05-03 09:49:22,832 [2944b27d-a262-4302-b37f-3bbf75b1a053@group-9595DE9ADEC6-StateMachineUpdater] INFO  impl.StateMachineUpdater (StateMachineUpdater.java:lambda$new$0(92)) - 2944b27d-a262-4302-b37f-3bbf75b1a053@group-9595DE9ADEC6-StateMachineUpdater: snapshotIndex: updateIncreasingly -1 -> 0
2023-05-03 09:49:22,832 [grpc-default-executor-1] WARN  server.GrpcServerProtocolService (LogUtils.java:warn(122)) - 1e33a790-1e4c-4469-b162-b9d936e0bfc3: installSnapshot onError, lastRequest: 2944b27d-a262-4302-b37f-3bbf75b1a053->1e33a790-1e4c-4469-b162-b9d936e0bfc3#1-t1,previous=(t:0, i:0),leaderCommit=0,initializing? true,entries: size=1, first=(t:1, i:0), CONFIGURATIONENTRY(current:id: "1e33a790-1e4c-4469-b162-b9d936e0bfc3"
address: "10.1.0.194:45067"
dataStreamAddress: "10.1.0.194:45283"
clientAddress: "10.1.0.194:45067"
adminAddress: "10.1.0.194:45067"
startupRole: FOLLOWER
,id: "72fabaa3-cdfe-43bb-a33d-4a5f5e85250d"
address: "10.1.0.194:35769"
dataStreamAddress: "10.1.0.194:34957"
clientAddress: "10.1.0.194:35769"
adminAddress: "10.1.0.194:35769"
startupRole: FOLLOWER
,id: "2944b27d-a262-4302-b37f-3bbf75b1a053"
address: "10.1.0.194:38895"
priority: 1
dataStreamAddress: "10.1.0.194:32901"
clientAddress: "10.1.0.194:38895"
adminAddress: "10.1.0.194:38895"
startupRole: FOLLOWER
, old:): org.apache.ratis.thirdparty.io.grpc.StatusRuntimeException: CANCELLED: client cancelled
2023-05-03 09:49:22,833 [grpc-default-executor-5] WARN  server.GrpcServerProtocolService (LogUtils.java:warn(122)) - 1e33a790-1e4c-4469-b162-b9d936e0bfc3: installSnapshot onError, lastRequest: 72fabaa3-cdfe-43bb-a33d-4a5f5e85250d->1e33a790-1e4c-4469-b162-b9d936e0bfc3#1-t1,previous=(t:0, i:0),leaderCommit=-1,initializing? true,entries: size=1, first=(t:1, i:0), CONFIGURATIONENTRY(current:id: "1e33a790-1e4c-4469-b162-b9d936e0bfc3"
address: "10.1.0.194:45067"
dataStreamAddress: "10.1.0.194:45283"
clientAddress: "10.1.0.194:45067"
adminAddress: "10.1.0.194:45067"
startupRole: FOLLOWER
,id: "72fabaa3-cdfe-43bb-a33d-4a5f5e85250d"
address: "10.1.0.194:35769"
priority: 1
dataStreamAddress: "10.1.0.194:34957"
clientAddress: "10.1.0.194:35769"
adminAddress: "10.1.0.194:35769"
startupRole: FOLLOWER
,id: "2944b27d-a262-4302-b37f-3bbf75b1a053"
address: "10.1.0.194:38895"
dataStreamAddress: "10.1.0.194:32901"
clientAddress: "10.1.0.194:38895"
adminAddress: "10.1.0.194:38895"
startupRole: FOLLOWER
, old:): org.apache.ratis.thirdparty.io.grpc.StatusRuntimeException: CANCELLED: client cancelled
2023-05-03 09:49:22,833 [grpc-default-executor-1] WARN  server.GrpcLogAppender (LogUtils.java:warn(122)) - 72fabaa3-cdfe-43bb-a33d-4a5f5e85250d@group-7EAB92DACA6B->1e33a790-1e4c-4469-b162-b9d936e0bfc3-AppendLogResponseHandler: Failed appendEntries: org.apache.ratis.thirdparty.io.grpc.StatusRuntimeException: CANCELLED: RST_STREAM closed stream. HTTP/2 error code: CANCEL
2023-05-03 09:49:22,833 [grpc-default-executor-1] WARN  server.GrpcLogAppender (GrpcLogAppender.java:resetClient(131)) - 72fabaa3-cdfe-43bb-a33d-4a5f5e85250d@group-7EAB92DACA6B->1e33a790-1e4c-4469-b162-b9d936e0bfc3-GrpcLogAppender: Leader has not got in touch with Follower 72fabaa3-cdfe-43bb-a33d-4a5f5e85250d@group-7EAB92DACA6B->1e33a790-1e4c-4469-b162-b9d936e0bfc3(c0,m0,n1, attendVote=true, lastRpcSendTime=2385, lastRpcResponseTime=2383) yet, just keep nextIndex unchanged and retry.
2023-05-03 09:49:22,833 [grpc-default-executor-2] INFO  server.GrpcLogAppender (GrpcLogAppender.java:onError(404)) - 2944b27d-a262-4302-b37f-3bbf75b1a053@group-9595DE9ADEC6->1e33a790-1e4c-4469-b162-b9d936e0bfc3-GrpcLogAppender is already stopped
2023-05-03 09:49:22,833 [grpc-default-executor-5] INFO  server.GrpcServerProtocolService (GrpcServerProtocolService.java:onCompleted(143)) - 72fabaa3-cdfe-43bb-a33d-4a5f5e85250d: Completed APPEND_ENTRIES, lastRequest: null
2023-05-03 09:49:22,833 [Listener at 127.0.0.1/33547] INFO  server.GrpcService (GrpcService.java:closeImpl(280)) - 1e33a790-1e4c-4469-b162-b9d936e0bfc3: shutdown server GrpcServerProtocolService successfully
2023-05-03 09:49:22,833 [grpc-default-executor-6] INFO  server.GrpcLogAppender (GrpcLogAppender.java:onError(404)) - 2944b27d-a262-4302-b37f-3bbf75b1a053@group-9595DE9ADEC6->1e33a790-1e4c-4469-b162-b9d936e0bfc3-GrpcLogAppender is already stopped
2023-05-03 09:49:22,833 [2944b27d-a262-4302-b37f-3bbf75b1a053@group-257CCF70A32C-StateMachineUpdater] INFO  ratis.ContainerStateMachine (ContainerStateMachine.java:takeSnapshot(330)) - group-257CCF70A32C: Taking a snapshot at:(t:1, i:0) file /home/runner/work/ozone/ozone/hadoop-ozone/integration-test/target/test-dir/MiniOzoneClusterImpl-42c2526b-3b93-44e4-b696-93ac236191fb/datanode-0/data/ratis/55e12b8c-4ba5-4ea8-94a1-257ccf70a32c/sm/snapshot.1_0
2023-05-03 09:49:22,833 [1e33a790-1e4c-4469-b162-b9d936e0bfc3-NettyServerStreamRpc-bossGroup--thread1] INFO  logging.LoggingHandler (AbstractInternalLogger.java:log(148)) - [id: 0xc49d43c7, L:/0:0:0:0:0:0:0:0:45283] CLOSE
2023-05-03 09:49:22,833 [1e33a790-1e4c-4469-b162-b9d936e0bfc3-NettyServerStreamRpc-bossGroup--thread1] INFO  logging.LoggingHandler (AbstractInternalLogger.java:log(148)) - [id: 0xc49d43c7, L:/0:0:0:0:0:0:0:0:45283] INACTIVE
2023-05-03 09:49:22,833 [1e33a790-1e4c-4469-b162-b9d936e0bfc3-NettyServerStreamRpc-bossGroup--thread1] INFO  logging.LoggingHandler (AbstractInternalLogger.java:log(148)) - [id: 0xc49d43c7, L:/0:0:0:0:0:0:0:0:45283] UNREGISTERED
2023-05-03 09:49:22,833 [2944b27d-a262-4302-b37f-3bbf75b1a053@group-257CCF70A32C-StateMachineUpdater] INFO  ratis.ContainerStateMachine (ContainerStateMachine.java:takeSnapshot(341)) - group-257CCF70A32C: Finished taking a snapshot at:(t:1, i:0) file:/home/runner/work/ozone/ozone/hadoop-ozone/integration-test/target/test-dir/MiniOzoneClusterImpl-42c2526b-3b93-44e4-b696-93ac236191fb/datanode-0/data/ratis/55e12b8c-4ba5-4ea8-94a1-257ccf70a32c/sm/snapshot.1_0 took: 2 ms
2023-05-03 09:49:22,834 [2944b27d-a262-4302-b37f-3bbf75b1a053@group-257CCF70A32C-StateMachineUpdater] INFO  impl.StateMachineUpdater (StateMachineUpdater.java:takeSnapshot(287)) - 2944b27d-a262-4302-b37f-3bbf75b1a053@group-257CCF70A32C-StateMachineUpdater: Took a snapshot at index 0
2023-05-03 09:49:22,834 [2944b27d-a262-4302-b37f-3bbf75b1a053@group-257CCF70A32C-StateMachineUpdater] INFO  impl.StateMachineUpdater (StateMachineUpdater.java:lambda$new$0(92)) - 2944b27d-a262-4302-b37f-3bbf75b1a053@group-257CCF70A32C-StateMachineUpdater: snapshotIndex: updateIncreasingly -1 -> 0
2023-05-03 09:49:22,834 [2944b27d-a262-4302-b37f-3bbf75b1a053-impl-thread1] INFO  server.RaftServer$Division (ServerState.java:close(466)) - 2944b27d-a262-4302-b37f-3bbf75b1a053@group-257CCF70A32C: closes. applyIndex: 0
2023-05-03 09:49:22,834 [grpc-default-executor-6] WARN  server.GrpcLogAppender (LogUtils.java:warn(122)) - 72fabaa3-cdfe-43bb-a33d-4a5f5e85250d@group-7EAB92DACA6B->1e33a790-1e4c-4469-b162-b9d936e0bfc3-AppendLogResponseHandler: Failed appendEntries: org.apache.ratis.thirdparty.io.grpc.StatusRuntimeException: CANCELLED: RST_STREAM closed stream. HTTP/2 error code: CANCEL
2023-05-03 09:49:22,834 [grpc-default-executor-6] WARN  server.GrpcLogAppender (GrpcLogAppender.java:resetClient(131)) - 72fabaa3-cdfe-43bb-a33d-4a5f5e85250d@group-7EAB92DACA6B->1e33a790-1e4c-4469-b162-b9d936e0bfc3-GrpcLogAppender: Leader has not got in touch with Follower 72fabaa3-cdfe-43bb-a33d-4a5f5e85250d@group-7EAB92DACA6B->1e33a790-1e4c-4469-b162-b9d936e0bfc3(c0,m0,n1, attendVote=true, lastRpcSendTime=2385, lastRpcResponseTime=2384) yet, just keep nextIndex unchanged and retry.
2023-05-03 09:49:22,834 [2944b27d-a262-4302-b37f-3bbf75b1a053-impl-thread3] INFO  server.RaftServer$Division (ServerState.java:close(466)) - 2944b27d-a262-4302-b37f-3bbf75b1a053@group-9595DE9ADEC6: closes. applyIndex: 0
2023-05-03 09:49:22,834 [grpc-default-executor-5] INFO  server.GrpcServerProtocolService (GrpcServerProtocolService.java:onCompleted(143)) - 72fabaa3-cdfe-43bb-a33d-4a5f5e85250d: Completed APPEND_ENTRIES, lastRequest: 2944b27d-a262-4302-b37f-3bbf75b1a053->72fabaa3-cdfe-43bb-a33d-4a5f5e85250d#1-t1,previous=(t:0, i:0),leaderCommit=0,initializing? true,entries: size=1, first=(t:1, i:0), CONFIGURATIONENTRY(current:id: "1e33a790-1e4c-4469-b162-b9d936e0bfc3"
address: "10.1.0.194:45067"
dataStreamAddress: "10.1.0.194:45283"
clientAddress: "10.1.0.194:45067"
adminAddress: "10.1.0.194:45067"
startupRole: FOLLOWER
,id: "72fabaa3-cdfe-43bb-a33d-4a5f5e85250d"
address: "10.1.0.194:35769"
dataStreamAddress: "10.1.0.194:34957"
clientAddress: "10.1.0.194:35769"
adminAddress: "10.1.0.194:35769"
startupRole: FOLLOWER
,id: "2944b27d-a262-4302-b37f-3bbf75b1a053"
address: "10.1.0.194:38895"
priority: 1
dataStreamAddress: "10.1.0.194:32901"
clientAddress: "10.1.0.194:38895"
adminAddress: "10.1.0.194:38895"
startupRole: FOLLOWER
, old:)
2023-05-03 09:49:22,834 [grpc-default-executor-5] INFO  server.GrpcLogAppender (GrpcLogAppender.java:onCompleted(415)) - 2944b27d-a262-4302-b37f-3bbf75b1a053@group-9595DE9ADEC6->72fabaa3-cdfe-43bb-a33d-4a5f5e85250d-AppendLogResponseHandler: follower responses appendEntries COMPLETED
2023-05-03 09:49:22,835 [grpc-default-executor-5] INFO  leader.FollowerInfo (FollowerInfoImpl.java:lambda$new$0(48)) - 2944b27d-a262-4302-b37f-3bbf75b1a053@group-9595DE9ADEC6->72fabaa3-cdfe-43bb-a33d-4a5f5e85250d: nextIndex: updateUnconditionally 1 -> 0
2023-05-03 09:49:22,835 [grpc-default-executor-6] INFO  server.GrpcLogAppender (GrpcLogAppender.java:onCompleted(415)) - 2944b27d-a262-4302-b37f-3bbf75b1a053@group-9595DE9ADEC6->72fabaa3-cdfe-43bb-a33d-4a5f5e85250d-AppendLogResponseHandler: follower responses appendEntries COMPLETED
2023-05-03 09:49:22,835 [grpc-default-executor-6] INFO  leader.FollowerInfo (FollowerInfoImpl.java:lambda$new$0(48)) - 2944b27d-a262-4302-b37f-3bbf75b1a053@group-9595DE9ADEC6->72fabaa3-cdfe-43bb-a33d-4a5f5e85250d: nextIndex: updateUnconditionally 0 -> 0
2023-05-03 09:49:22,836 [1e33a790-1e4c-4469-b162-b9d936e0bfc3-impl-thread3] INFO  server.RaftServer$Division (RaftServerImpl.java:lambda$close$4(458)) - 1e33a790-1e4c-4469-b162-b9d936e0bfc3@group-66A6D9E963B0: shutdown
2023-05-03 09:49:22,836 [1e33a790-1e4c-4469-b162-b9d936e0bfc3-impl-thread3] INFO  util.JmxRegister (JmxRegister.java:unregister(73)) - Successfully un-registered JMX Bean with object name Ratis:service=RaftServer,group=group-66A6D9E963B0,id=1e33a790-1e4c-4469-b162-b9d936e0bfc3
2023-05-03 09:49:22,836 [1e33a790-1e4c-4469-b162-b9d936e0bfc3-impl-thread3] INFO  impl.RoleInfo (RoleInfo.java:shutdownLeaderState(93)) - 1e33a790-1e4c-4469-b162-b9d936e0bfc3: shutdown 1e33a790-1e4c-4469-b162-b9d936e0bfc3@group-66A6D9E963B0-LeaderStateImpl
2023-05-03 09:49:22,836 [1e33a790-1e4c-4469-b162-b9d936e0bfc3-impl-thread3] INFO  impl.PendingRequests (PendingRequests.java:sendNotLeaderResponses(282)) - 1e33a790-1e4c-4469-b162-b9d936e0bfc3@group-66A6D9E963B0-PendingRequests: sendNotLeaderResponses
2023-05-03 09:49:22,836 [1e33a790-1e4c-4469-b162-b9d936e0bfc3-impl-thread3] INFO  impl.StateMachineUpdater (StateMachineUpdater.java:stopAndJoin(153)) - 1e33a790-1e4c-4469-b162-b9d936e0bfc3@group-66A6D9E963B0-StateMachineUpdater: set stopIndex = 0
2023-05-03 09:49:22,836 [1e33a790-1e4c-4469-b162-b9d936e0bfc3@group-66A6D9E963B0-StateMachineUpdater] INFO  ratis.ContainerStateMachine (ContainerStateMachine.java:takeSnapshot(330)) - group-66A6D9E963B0: Taking a snapshot at:(t:1, i:0) file /home/runner/work/ozone/ozone/hadoop-ozone/integration-test/target/test-dir/MiniOzoneClusterImpl-42c2526b-3b93-44e4-b696-93ac236191fb/datanode-1/data/ratis/92841822-8d4d-4fca-9810-66a6d9e963b0/sm/snapshot.1_0
2023-05-03 09:49:22,837 [1e33a790-1e4c-4469-b162-b9d936e0bfc3@group-66A6D9E963B0-StateMachineUpdater] INFO  ratis.ContainerStateMachine (ContainerStateMachine.java:takeSnapshot(341)) - group-66A6D9E963B0: Finished taking a snapshot at:(t:1, i:0) file:/home/runner/work/ozone/ozone/hadoop-ozone/integration-test/target/test-dir/MiniOzoneClusterImpl-42c2526b-3b93-44e4-b696-93ac236191fb/datanode-1/data/ratis/92841822-8d4d-4fca-9810-66a6d9e963b0/sm/snapshot.1_0 took: 1 ms
2023-05-03 09:49:22,837 [1e33a790-1e4c-4469-b162-b9d936e0bfc3@group-66A6D9E963B0-StateMachineUpdater] INFO  impl.StateMachineUpdater (StateMachineUpdater.java:takeSnapshot(287)) - 1e33a790-1e4c-4469-b162-b9d936e0bfc3@group-66A6D9E963B0-StateMachineUpdater: Took a snapshot at index 0
2023-05-03 09:49:22,837 [1e33a790-1e4c-4469-b162-b9d936e0bfc3@group-66A6D9E963B0-StateMachineUpdater] INFO  impl.StateMachineUpdater (StateMachineUpdater.java:lambda$new$0(92)) - 1e33a790-1e4c-4469-b162-b9d936e0bfc3@group-66A6D9E963B0-StateMachineUpdater: snapshotIndex: updateIncreasingly -1 -> 0
2023-05-03 09:49:22,838 [1e33a790-1e4c-4469-b162-b9d936e0bfc3-impl-thread3] INFO  server.RaftServer$Division (ServerState.java:close(466)) - 1e33a790-1e4c-4469-b162-b9d936e0bfc3@group-66A6D9E963B0: closes. applyIndex: 0
2023-05-03 09:49:22,846 [1e33a790-1e4c-4469-b162-b9d936e0bfc3-impl-thread2] INFO  impl.StateMachineUpdater (StateMachineUpdater.java:stopAndJoin(153)) - 1e33a790-1e4c-4469-b162-b9d936e0bfc3@group-9595DE9ADEC6-StateMachineUpdater: set stopIndex = 0
2023-05-03 09:49:22,846 [1e33a790-1e4c-4469-b162-b9d936e0bfc3@group-9595DE9ADEC6-FollowerState] INFO  impl.FollowerState (FollowerState.java:run(152)) - 1e33a790-1e4c-4469-b162-b9d936e0bfc3@group-9595DE9ADEC6-FollowerState was interrupted
2023-05-03 09:49:22,846 [1e33a790-1e4c-4469-b162-b9d936e0bfc3@group-9595DE9ADEC6-StateMachineUpdater] INFO  ratis.ContainerStateMachine (ContainerStateMachine.java:takeSnapshot(330)) - group-9595DE9ADEC6: Taking a snapshot at:(t:1, i:0) file /home/runner/work/ozone/ozone/hadoop-ozone/integration-test/target/test-dir/MiniOzoneClusterImpl-42c2526b-3b93-44e4-b696-93ac236191fb/datanode-1/data/ratis/42bdaf33-ee3f-4ab0-ae6f-9595de9adec6/sm/snapshot.1_0
2023-05-03 09:49:22,846 [1e33a790-1e4c-4469-b162-b9d936e0bfc3@group-9595DE9ADEC6-StateMachineUpdater] INFO  ratis.ContainerStateMachine (ContainerStateMachine.java:takeSnapshot(341)) - group-9595DE9ADEC6: Finished taking a snapshot at:(t:1, i:0) file:/home/runner/work/ozone/ozone/hadoop-ozone/integration-test/target/test-dir/MiniOzoneClusterImpl-42c2526b-3b93-44e4-b696-93ac236191fb/datanode-1/data/ratis/42bdaf33-ee3f-4ab0-ae6f-9595de9adec6/sm/snapshot.1_0 took: 0 ms
2023-05-03 09:49:22,846 [1e33a790-1e4c-4469-b162-b9d936e0bfc3@group-9595DE9ADEC6-StateMachineUpdater] INFO  impl.StateMachineUpdater (StateMachineUpdater.java:takeSnapshot(287)) - 1e33a790-1e4c-4469-b162-b9d936e0bfc3@group-9595DE9ADEC6-StateMachineUpdater: Took a snapshot at index 0
2023-05-03 09:49:22,846 [1e33a790-1e4c-4469-b162-b9d936e0bfc3@group-9595DE9ADEC6-StateMachineUpdater] INFO  impl.StateMachineUpdater (StateMachineUpdater.java:lambda$new$0(92)) - 1e33a790-1e4c-4469-b162-b9d936e0bfc3@group-9595DE9ADEC6-StateMachineUpdater: snapshotIndex: updateIncreasingly -1 -> 0
2023-05-03 09:49:22,847 [1e33a790-1e4c-4469-b162-b9d936e0bfc3-impl-thread2] INFO  server.RaftServer$Division (ServerState.java:close(466)) - 1e33a790-1e4c-4469-b162-b9d936e0bfc3@group-9595DE9ADEC6: closes. applyIndex: 0
2023-05-03 09:49:22,847 [1e33a790-1e4c-4469-b162-b9d936e0bfc3@group-9595DE9ADEC6-SegmentedRaftLogWorker] INFO  segmented.SegmentedRaftLogWorker (SegmentedRaftLogWorker.java:run(347)) - 1e33a790-1e4c-4469-b162-b9d936e0bfc3@group-9595DE9ADEC6-SegmentedRaftLogWorker was interrupted, exiting. There are 0 tasks remaining in the queue.
2023-05-03 09:49:22,847 [1e33a790-1e4c-4469-b162-b9d936e0bfc3-impl-thread2] INFO  segmented.SegmentedRaftLogWorker (SegmentedRaftLogWorker.java:close(257)) - 1e33a790-1e4c-4469-b162-b9d936e0bfc3@group-9595DE9ADEC6-SegmentedRaftLogWorker close()
2023-05-03 09:49:22,848 [1e33a790-1e4c-4469-b162-b9d936e0bfc3@group-66A6D9E963B0-SegmentedRaftLogWorker] INFO  segmented.SegmentedRaftLogWorker (SegmentedRaftLogWorker.java:run(347)) - 1e33a790-1e4c-4469-b162-b9d936e0bfc3@group-66A6D9E963B0-SegmentedRaftLogWorker was interrupted, exiting. There are 0 tasks remaining in the queue.
2023-05-03 09:49:22,848 [1e33a790-1e4c-4469-b162-b9d936e0bfc3-impl-thread3] INFO  segmented.SegmentedRaftLogWorker (SegmentedRaftLogWorker.java:close(257)) - 1e33a790-1e4c-4469-b162-b9d936e0bfc3@group-66A6D9E963B0-SegmentedRaftLogWorker close()
2023-05-03 09:49:22,848 [2944b27d-a262-4302-b37f-3bbf75b1a053@group-9595DE9ADEC6-SegmentedRaftLogWorker] INFO  segmented.SegmentedRaftLogWorker (SegmentedRaftLogWorker.java:run(347)) - 2944b27d-a262-4302-b37f-3bbf75b1a053@group-9595DE9ADEC6-SegmentedRaftLogWorker was interrupted, exiting. There are 0 tasks remaining in the queue.
2023-05-03 09:49:22,848 [2944b27d-a262-4302-b37f-3bbf75b1a053-impl-thread3] INFO  segmented.SegmentedRaftLogWorker (SegmentedRaftLogWorker.java:close(257)) - 2944b27d-a262-4302-b37f-3bbf75b1a053@group-9595DE9ADEC6-SegmentedRaftLogWorker close()
2023-05-03 09:49:22,848 [2944b27d-a262-4302-b37f-3bbf75b1a053@group-257CCF70A32C-SegmentedRaftLogWorker] INFO  segmented.SegmentedRaftLogWorker (SegmentedRaftLogWorker.java:run(347)) - 2944b27d-a262-4302-b37f-3bbf75b1a053@group-257CCF70A32C-SegmentedRaftLogWorker was interrupted, exiting. There are 0 tasks remaining in the queue.
2023-05-03 09:49:22,848 [2944b27d-a262-4302-b37f-3bbf75b1a053-impl-thread1] INFO  segmented.SegmentedRaftLogWorker (SegmentedRaftLogWorker.java:close(257)) - 2944b27d-a262-4302-b37f-3bbf75b1a053@group-257CCF70A32C-SegmentedRaftLogWorker close()
2023-05-03 09:49:22,848 [2944b27d-a262-4302-b37f-3bbf75b1a053@group-7EAB92DACA6B-FollowerState] INFO  impl.FollowerState (FollowerState.java:run(152)) - 2944b27d-a262-4302-b37f-3bbf75b1a053@group-7EAB92DACA6B-FollowerState was interrupted
2023-05-03 09:49:22,848 [2944b27d-a262-4302-b37f-3bbf75b1a053-impl-thread2] INFO  impl.StateMachineUpdater (StateMachineUpdater.java:stopAndJoin(153)) - 2944b27d-a262-4302-b37f-3bbf75b1a053@group-7EAB92DACA6B-StateMachineUpdater: set stopIndex = 0
2023-05-03 09:49:22,852 [ForkJoinPool.commonPool-worker-0] INFO  server.GrpcServerProtocolClient (GrpcServerProtocolClient.java:close(101)) - 1e33a790-1e4c-4469-b162-b9d936e0bfc3 Close channels
2023-05-03 09:49:22,854 [2944b27d-a262-4302-b37f-3bbf75b1a053@group-7EAB92DACA6B-StateMachineUpdater] INFO  ratis.ContainerStateMachine (ContainerStateMachine.java:takeSnapshot(330)) - group-7EAB92DACA6B: Taking a snapshot at:(t:1, i:0) file /home/runner/work/ozone/ozone/hadoop-ozone/integration-test/target/test-dir/MiniOzoneClusterImpl-42c2526b-3b93-44e4-b696-93ac236191fb/datanode-0/data/ratis/2a5a26e5-761f-46ca-afd4-7eab92daca6b/sm/snapshot.1_0
2023-05-03 09:49:22,854 [grpc-default-executor-5] WARN  server.GrpcServerProtocolService (LogUtils.java:warn(122)) - 2944b27d-a262-4302-b37f-3bbf75b1a053: installSnapshot onError, lastRequest: null: org.apache.ratis.thirdparty.io.grpc.StatusRuntimeException: CANCELLED: client cancelled
2023-05-03 09:49:22,859 [grpc-default-executor-6] WARN  server.GrpcServerProtocolService (LogUtils.java:warn(122)) - 2944b27d-a262-4302-b37f-3bbf75b1a053: installSnapshot onError, lastRequest: 72fabaa3-cdfe-43bb-a33d-4a5f5e85250d->2944b27d-a262-4302-b37f-3bbf75b1a053#1-t1,previous=(t:0, i:0),leaderCommit=0,initializing? true,entries: size=1, first=(t:1, i:0), CONFIGURATIONENTRY(current:id: "1e33a790-1e4c-4469-b162-b9d936e0bfc3"
address: "10.1.0.194:45067"
dataStreamAddress: "10.1.0.194:45283"
clientAddress: "10.1.0.194:45067"
adminAddress: "10.1.0.194:45067"
startupRole: FOLLOWER
,id: "72fabaa3-cdfe-43bb-a33d-4a5f5e85250d"
address: "10.1.0.194:35769"
priority: 1
dataStreamAddress: "10.1.0.194:34957"
clientAddress: "10.1.0.194:35769"
adminAddress: "10.1.0.194:35769"
startupRole: FOLLOWER
,id: "2944b27d-a262-4302-b37f-3bbf75b1a053"
address: "10.1.0.194:38895"
dataStreamAddress: "10.1.0.194:32901"
clientAddress: "10.1.0.194:38895"
adminAddress: "10.1.0.194:38895"
startupRole: FOLLOWER
, old:): org.apache.ratis.thirdparty.io.grpc.StatusRuntimeException: CANCELLED: client cancelled
2023-05-03 09:49:22,859 [grpc-default-executor-5] WARN  server.GrpcLogAppender (LogUtils.java:warn(122)) - 72fabaa3-cdfe-43bb-a33d-4a5f5e85250d@group-7EAB92DACA6B->2944b27d-a262-4302-b37f-3bbf75b1a053-AppendLogResponseHandler: Failed appendEntries: org.apache.ratis.thirdparty.io.grpc.StatusRuntimeException: CANCELLED: RST_STREAM closed stream. HTTP/2 error code: CANCEL
2023-05-03 09:49:22,859 [grpc-default-executor-5] WARN  server.GrpcLogAppender (GrpcLogAppender.java:resetClient(131)) - 72fabaa3-cdfe-43bb-a33d-4a5f5e85250d@group-7EAB92DACA6B->2944b27d-a262-4302-b37f-3bbf75b1a053-GrpcLogAppender: Leader has not got in touch with Follower 72fabaa3-cdfe-43bb-a33d-4a5f5e85250d@group-7EAB92DACA6B->2944b27d-a262-4302-b37f-3bbf75b1a053(c0,m0,n1, attendVote=true, lastRpcSendTime=2435, lastRpcResponseTime=2434) yet, just keep nextIndex unchanged and retry.
2023-05-03 09:49:22,859 [2944b27d-a262-4302-b37f-3bbf75b1a053@group-7EAB92DACA6B-StateMachineUpdater] INFO  ratis.ContainerStateMachine (ContainerStateMachine.java:takeSnapshot(341)) - group-7EAB92DACA6B: Finished taking a snapshot at:(t:1, i:0) file:/home/runner/work/ozone/ozone/hadoop-ozone/integration-test/target/test-dir/MiniOzoneClusterImpl-42c2526b-3b93-44e4-b696-93ac236191fb/datanode-0/data/ratis/2a5a26e5-761f-46ca-afd4-7eab92daca6b/sm/snapshot.1_0 took: 5 ms
2023-05-03 09:49:22,859 [2944b27d-a262-4302-b37f-3bbf75b1a053@group-7EAB92DACA6B-StateMachineUpdater] INFO  impl.StateMachineUpdater (StateMachineUpdater.java:takeSnapshot(287)) - 2944b27d-a262-4302-b37f-3bbf75b1a053@group-7EAB92DACA6B-StateMachineUpdater: Took a snapshot at index 0
2023-05-03 09:49:22,859 [2944b27d-a262-4302-b37f-3bbf75b1a053@group-7EAB92DACA6B-StateMachineUpdater] INFO  impl.StateMachineUpdater (StateMachineUpdater.java:lambda$new$0(92)) - 2944b27d-a262-4302-b37f-3bbf75b1a053@group-7EAB92DACA6B-StateMachineUpdater: snapshotIndex: updateIncreasingly -1 -> 0
2023-05-03 09:49:22,859 [2944b27d-a262-4302-b37f-3bbf75b1a053-impl-thread2] INFO  server.RaftServer$Division (ServerState.java:close(466)) - 2944b27d-a262-4302-b37f-3bbf75b1a053@group-7EAB92DACA6B: closes. applyIndex: 0
2023-05-03 09:49:22,859 [2944b27d-a262-4302-b37f-3bbf75b1a053@group-7EAB92DACA6B-SegmentedRaftLogWorker] INFO  segmented.SegmentedRaftLogWorker (SegmentedRaftLogWorker.java:run(347)) - 2944b27d-a262-4302-b37f-3bbf75b1a053@group-7EAB92DACA6B-SegmentedRaftLogWorker was interrupted, exiting. There are 0 tasks remaining in the queue.
2023-05-03 09:49:22,860 [2944b27d-a262-4302-b37f-3bbf75b1a053-impl-thread2] INFO  segmented.SegmentedRaftLogWorker (SegmentedRaftLogWorker.java:close(257)) - 2944b27d-a262-4302-b37f-3bbf75b1a053@group-7EAB92DACA6B-SegmentedRaftLogWorker close()
2023-05-03 09:49:22,861 [JvmPauseMonitor27] INFO  util.JvmPauseMonitor (JvmPauseMonitor.java:run(111)) - JvmPauseMonitor-1e33a790-1e4c-4469-b162-b9d936e0bfc3: Stopped
2023-05-03 09:49:22,867 [grpc-default-executor-0] WARN  server.GrpcLogAppender (LogUtils.java:warn(122)) - 72fabaa3-cdfe-43bb-a33d-4a5f5e85250d@group-7EAB92DACA6B->2944b27d-a262-4302-b37f-3bbf75b1a053-AppendLogResponseHandler: Failed appendEntries: org.apache.ratis.thirdparty.io.grpc.StatusRuntimeException: CANCELLED: RST_STREAM closed stream. HTTP/2 error code: CANCEL
2023-05-03 09:49:22,867 [grpc-default-executor-0] WARN  server.GrpcLogAppender (GrpcLogAppender.java:resetClient(131)) - 72fabaa3-cdfe-43bb-a33d-4a5f5e85250d@group-7EAB92DACA6B->2944b27d-a262-4302-b37f-3bbf75b1a053-GrpcLogAppender: Leader has not got in touch with Follower 72fabaa3-cdfe-43bb-a33d-4a5f5e85250d@group-7EAB92DACA6B->2944b27d-a262-4302-b37f-3bbf75b1a053(c0,m0,n1, attendVote=true, lastRpcSendTime=2443, lastRpcResponseTime=2442) yet, just keep nextIndex unchanged and retry.
2023-05-03 09:49:22,876 [ForkJoinPool.commonPool-worker-0] INFO  server.GrpcServerProtocolClient (GrpcServerProtocolClient.java:close(101)) - 72fabaa3-cdfe-43bb-a33d-4a5f5e85250d Close channels
2023-05-03 09:49:22,882 [ForkJoinPool.commonPool-worker-0] INFO  server.GrpcService (GrpcService.java:closeImpl(280)) - 2944b27d-a262-4302-b37f-3bbf75b1a053: shutdown server GrpcServerProtocolService successfully
2023-05-03 09:49:22,882 [2944b27d-a262-4302-b37f-3bbf75b1a053-NettyServerStreamRpc-bossGroup--thread1] INFO  logging.LoggingHandler (AbstractInternalLogger.java:log(148)) - [id: 0x5cb4b560, L:/0:0:0:0:0:0:0:0:32901] CLOSE
2023-05-03 09:49:22,882 [2944b27d-a262-4302-b37f-3bbf75b1a053-NettyServerStreamRpc-bossGroup--thread1] INFO  logging.LoggingHandler (AbstractInternalLogger.java:log(148)) - [id: 0x5cb4b560, L:/0:0:0:0:0:0:0:0:32901] INACTIVE
2023-05-03 09:49:22,882 [2944b27d-a262-4302-b37f-3bbf75b1a053-NettyServerStreamRpc-bossGroup--thread1] INFO  logging.LoggingHandler (AbstractInternalLogger.java:log(148)) - [id: 0x5cb4b560, L:/0:0:0:0:0:0:0:0:32901] UNREGISTERED
2023-05-03 09:49:22,905 [JvmPauseMonitor26] INFO  util.JvmPauseMonitor (JvmPauseMonitor.java:run(111)) - JvmPauseMonitor-2944b27d-a262-4302-b37f-3bbf75b1a053: Stopped
2023-05-03 09:49:22,933 [grpc-default-executor-0] WARN  server.GrpcLogAppender (LogUtils.java:warn(122)) - 72fabaa3-cdfe-43bb-a33d-4a5f5e85250d@group-7EAB92DACA6B->2944b27d-a262-4302-b37f-3bbf75b1a053-AppendLogResponseHandler: Failed appendEntries: org.apache.ratis.thirdparty.io.grpc.StatusRuntimeException: UNAVAILABLE: io exception
2023-05-03 09:49:22,935 [grpc-default-executor-5] WARN  server.GrpcLogAppender (LogUtils.java:warn(122)) - 72fabaa3-cdfe-43bb-a33d-4a5f5e85250d@group-7EAB92DACA6B->2944b27d-a262-4302-b37f-3bbf75b1a053-AppendLogResponseHandler: Failed appendEntries: org.apache.ratis.thirdparty.io.grpc.StatusRuntimeException: UNAVAILABLE: io exception
2023-05-03 09:49:22,935 [grpc-default-executor-0] WARN  server.GrpcLogAppender (GrpcLogAppender.java:resetClient(131)) - 72fabaa3-cdfe-43bb-a33d-4a5f5e85250d@group-7EAB92DACA6B->2944b27d-a262-4302-b37f-3bbf75b1a053-GrpcLogAppender: Leader has not got in touch with Follower 72fabaa3-cdfe-43bb-a33d-4a5f5e85250d@group-7EAB92DACA6B->2944b27d-a262-4302-b37f-3bbf75b1a053(c0,m0,n1, attendVote=true, lastRpcSendTime=0, lastRpcResponseTime=2511) yet, just keep nextIndex unchanged and retry.
2023-05-03 09:49:22,936 [grpc-default-executor-5] WARN  server.GrpcLogAppender (GrpcLogAppender.java:resetClient(131)) - 72fabaa3-cdfe-43bb-a33d-4a5f5e85250d@group-7EAB92DACA6B->2944b27d-a262-4302-b37f-3bbf75b1a053-GrpcLogAppender: Leader has not got in touch with Follower 72fabaa3-cdfe-43bb-a33d-4a5f5e85250d@group-7EAB92DACA6B->2944b27d-a262-4302-b37f-3bbf75b1a053(c0,m0,n1, attendVote=true, lastRpcSendTime=0, lastRpcResponseTime=2511) yet, just keep nextIndex unchanged and retry.
2023-05-03 09:49:22,955 [grpc-default-executor-6] WARN  server.GrpcLogAppender (LogUtils.java:warn(122)) - 72fabaa3-cdfe-43bb-a33d-4a5f5e85250d@group-7EAB92DACA6B->1e33a790-1e4c-4469-b162-b9d936e0bfc3-AppendLogResponseHandler: Failed appendEntries: org.apache.ratis.thirdparty.io.grpc.StatusRuntimeException: UNAVAILABLE: io exception
2023-05-03 09:49:22,955 [grpc-default-executor-6] WARN  server.GrpcLogAppender (GrpcLogAppender.java:resetClient(131)) - 72fabaa3-cdfe-43bb-a33d-4a5f5e85250d@group-7EAB92DACA6B->1e33a790-1e4c-4469-b162-b9d936e0bfc3-GrpcLogAppender: Leader has not got in touch with Follower 72fabaa3-cdfe-43bb-a33d-4a5f5e85250d@group-7EAB92DACA6B->1e33a790-1e4c-4469-b162-b9d936e0bfc3(c0,m0,n1, attendVote=true, lastRpcSendTime=4, lastRpcResponseTime=2505) yet, just keep nextIndex unchanged and retry.
2023-05-03 09:49:22,955 [grpc-default-executor-5] WARN  server.GrpcLogAppender (LogUtils.java:warn(122)) - 72fabaa3-cdfe-43bb-a33d-4a5f5e85250d@group-7EAB92DACA6B->1e33a790-1e4c-4469-b162-b9d936e0bfc3-AppendLogResponseHandler: Failed appendEntries: org.apache.ratis.thirdparty.io.grpc.StatusRuntimeException: UNAVAILABLE: io exception
2023-05-03 09:49:22,955 [grpc-default-executor-5] WARN  server.GrpcLogAppender (GrpcLogAppender.java:resetClient(131)) - 72fabaa3-cdfe-43bb-a33d-4a5f5e85250d@group-7EAB92DACA6B->1e33a790-1e4c-4469-b162-b9d936e0bfc3-GrpcLogAppender: Leader has not got in touch with Follower 72fabaa3-cdfe-43bb-a33d-4a5f5e85250d@group-7EAB92DACA6B->1e33a790-1e4c-4469-b162-b9d936e0bfc3(c0,m0,n1, attendVote=true, lastRpcSendTime=4, lastRpcResponseTime=2505) yet, just keep nextIndex unchanged and retry.
2023-05-03 09:49:24,185 [grpc-default-executor-5] WARN  server.GrpcLogAppender (LogUtils.java:warn(122)) - 72fabaa3-cdfe-43bb-a33d-4a5f5e85250d@group-7EAB92DACA6B->2944b27d-a262-4302-b37f-3bbf75b1a053-AppendLogResponseHandler: Failed appendEntries: org.apache.ratis.thirdparty.io.grpc.StatusRuntimeException: UNAVAILABLE: io exception
2023-05-03 09:49:24,186 [grpc-default-executor-6] WARN  server.GrpcLogAppender (LogUtils.java:warn(122)) - 72fabaa3-cdfe-43bb-a33d-4a5f5e85250d@group-7EAB92DACA6B->2944b27d-a262-4302-b37f-3bbf75b1a053-AppendLogResponseHandler: Failed appendEntries: org.apache.ratis.thirdparty.io.grpc.StatusRuntimeException: UNAVAILABLE: io exception
2023-05-03 09:49:24,187 [grpc-default-executor-5] WARN  server.GrpcLogAppender (GrpcLogAppender.java:resetClient(131)) - 72fabaa3-cdfe-43bb-a33d-4a5f5e85250d@group-7EAB92DACA6B->2944b27d-a262-4302-b37f-3bbf75b1a053-GrpcLogAppender: Leader has not got in touch with Follower 72fabaa3-cdfe-43bb-a33d-4a5f5e85250d@group-7EAB92DACA6B->2944b27d-a262-4302-b37f-3bbf75b1a053(c0,m0,n1, attendVote=true, lastRpcSendTime=1251, lastRpcResponseTime=3762) yet, just keep nextIndex unchanged and retry.
2023-05-03 09:49:24,187 [grpc-default-executor-6] WARN  server.GrpcLogAppender (GrpcLogAppender.java:resetClient(131)) - 72fabaa3-cdfe-43bb-a33d-4a5f5e85250d@group-7EAB92DACA6B->2944b27d-a262-4302-b37f-3bbf75b1a053-GrpcLogAppender: Leader has not got in touch with Follower 72fabaa3-cdfe-43bb-a33d-4a5f5e85250d@group-7EAB92DACA6B->2944b27d-a262-4302-b37f-3bbf75b1a053(c0,m0,n1, attendVote=true, lastRpcSendTime=1252, lastRpcResponseTime=3762) yet, just keep nextIndex unchanged and retry.
2023-05-03 09:49:24,188 [grpc-default-executor-5] WARN  server.GrpcLogAppender (LogUtils.java:warn(122)) - 72fabaa3-cdfe-43bb-a33d-4a5f5e85250d@group-7EAB92DACA6B->2944b27d-a262-4302-b37f-3bbf75b1a053-AppendLogResponseHandler: Failed appendEntries: org.apache.ratis.thirdparty.io.grpc.StatusRuntimeException: UNAVAILABLE: io exception
2023-05-03 09:49:24,189 [grpc-default-executor-5] WARN  server.GrpcLogAppender (GrpcLogAppender.java:resetClient(131)) - 72fabaa3-cdfe-43bb-a33d-4a5f5e85250d@group-7EAB92DACA6B->2944b27d-a262-4302-b37f-3bbf75b1a053-GrpcLogAppender: Leader has not got in touch with Follower 72fabaa3-cdfe-43bb-a33d-4a5f5e85250d@group-7EAB92DACA6B->2944b27d-a262-4302-b37f-3bbf75b1a053(c0,m0,n1, attendVote=true, lastRpcSendTime=1, lastRpcResponseTime=3764) yet, just keep nextIndex unchanged and retry.
2023-05-03 09:49:24,189 [grpc-default-executor-5] WARN  server.GrpcLogAppender (LogUtils.java:warn(122)) - 72fabaa3-cdfe-43bb-a33d-4a5f5e85250d@group-7EAB92DACA6B->2944b27d-a262-4302-b37f-3bbf75b1a053-AppendLogResponseHandler: Failed appendEntries: org.apache.ratis.thirdparty.io.grpc.StatusRuntimeException: UNAVAILABLE: io exception
2023-05-03 09:49:24,189 [grpc-default-executor-5] WARN  server.GrpcLogAppender (GrpcLogAppender.java:resetClient(131)) - 72fabaa3-cdfe-43bb-a33d-4a5f5e85250d@group-7EAB92DACA6B->2944b27d-a262-4302-b37f-3bbf75b1a053-GrpcLogAppender: Leader has not got in touch with Follower 72fabaa3-cdfe-43bb-a33d-4a5f5e85250d@group-7EAB92DACA6B->2944b27d-a262-4302-b37f-3bbf75b1a053(c0,m0,n1, attendVote=true, lastRpcSendTime=1, lastRpcResponseTime=3765) yet, just keep nextIndex unchanged and retry.
2023-05-03 09:49:24,201 [grpc-default-executor-5] WARN  server.GrpcLogAppender (LogUtils.java:warn(122)) - 72fabaa3-cdfe-43bb-a33d-4a5f5e85250d@group-7EAB92DACA6B->1e33a790-1e4c-4469-b162-b9d936e0bfc3-AppendLogResponseHandler: Failed appendEntries: org.apache.ratis.thirdparty.io.grpc.StatusRuntimeException: UNAVAILABLE: io exception
2023-05-03 09:49:24,201 [grpc-default-executor-5] WARN  server.GrpcLogAppender (GrpcLogAppender.java:resetClient(131)) - 72fabaa3-cdfe-43bb-a33d-4a5f5e85250d@group-7EAB92DACA6B->1e33a790-1e4c-4469-b162-b9d936e0bfc3-GrpcLogAppender: Leader has not got in touch with Follower 72fabaa3-cdfe-43bb-a33d-4a5f5e85250d@group-7EAB92DACA6B->1e33a790-1e4c-4469-b162-b9d936e0bfc3(c0,m0,n1, attendVote=true, lastRpcSendTime=0, lastRpcResponseTime=3751) yet, just keep nextIndex unchanged and retry.
2023-05-03 09:49:24,201 [grpc-default-executor-6] WARN  server.GrpcLogAppender (LogUtils.java:warn(122)) - 72fabaa3-cdfe-43bb-a33d-4a5f5e85250d@group-7EAB92DACA6B->1e33a790-1e4c-4469-b162-b9d936e0bfc3-AppendLogResponseHandler: Failed appendEntries: org.apache.ratis.thirdparty.io.grpc.StatusRuntimeException: UNAVAILABLE: io exception
2023-05-03 09:49:24,201 [grpc-default-executor-6] WARN  server.GrpcLogAppender (GrpcLogAppender.java:resetClient(131)) - 72fabaa3-cdfe-43bb-a33d-4a5f5e85250d@group-7EAB92DACA6B->1e33a790-1e4c-4469-b162-b9d936e0bfc3-GrpcLogAppender: Leader has not got in touch with Follower 72fabaa3-cdfe-43bb-a33d-4a5f5e85250d@group-7EAB92DACA6B->1e33a790-1e4c-4469-b162-b9d936e0bfc3(c0,m0,n1, attendVote=true, lastRpcSendTime=0, lastRpcResponseTime=3751) yet, just keep nextIndex unchanged and retry.
2023-05-03 09:49:24,876 [Listener at 127.0.0.1/33547] INFO  volume.HddsVolume (HddsVolume.java:closeDbStore(437)) - SchemaV3 db is stopped at /home/runner/work/ozone/ozone/hadoop-ozone/integration-test/target/test-dir/MiniOzoneClusterImpl-42c2526b-3b93-44e4-b696-93ac236191fb/datanode-1/data-0/containers/hdds/42c2526b-3b93-44e4-b696-93ac236191fb/DS-e1abd819-cbd0-4b10-9be4-04198a451bf5/container.db for volume DS-e1abd819-cbd0-4b10-9be4-04198a451bf5
2023-05-03 09:49:24,876 [Listener at 127.0.0.1/33547] INFO  utils.BackgroundService (BackgroundService.java:shutdown(141)) - Shutting down service BlockDeletingService
2023-05-03 09:49:24,877 [Listener at 127.0.0.1/33547] INFO  utils.BackgroundService (BackgroundService.java:shutdown(141)) - Shutting down service StaleRecoveringContainerScrubbingService
2023-05-03 09:49:24,885 [Listener at 127.0.0.1/33547] INFO  statemachine.DatanodeStateMachine (DatanodeStateMachine.java:stopDaemon(603)) - Ozone container server stopped.
2023-05-03 09:49:24,895 [Listener at 127.0.0.1/33547] INFO  handler.ContextHandler (ContextHandler.java:doStop(1159)) - Stopped o.e.j.w.WebAppContext@53dc415b{hddsDatanode,/,null,STOPPED}{jar:file:/home/runner/.m2/repository/org/apache/ozone/hdds-container-service/1.4.0-SNAPSHOT/hdds-container-service-1.4.0-SNAPSHOT.jar!/webapps/hddsDatanode}
2023-05-03 09:49:24,899 [Listener at 127.0.0.1/33547] INFO  server.AbstractConnector (AbstractConnector.java:doStop(383)) - Stopped ServerConnector@5ee9ee5a{HTTP/1.1, (http/1.1)}{0.0.0.0:0}
2023-05-03 09:49:24,899 [Listener at 127.0.0.1/33547] INFO  server.session (HouseKeeper.java:stopScavenging(149)) - node0 Stopped scavenging
2023-05-03 09:49:24,899 [Listener at 127.0.0.1/33547] INFO  handler.ContextHandler (ContextHandler.java:doStop(1159)) - Stopped o.e.j.s.ServletContextHandler@617a72c5{static,/static,jar:file:/home/runner/.m2/repository/org/apache/ozone/hdds-container-service/1.4.0-SNAPSHOT/hdds-container-service-1.4.0-SNAPSHOT.jar!/webapps/static,STOPPED}
2023-05-03 09:49:24,899 [Listener at 127.0.0.1/33547] INFO  handler.ContextHandler (ContextHandler.java:doStop(1159)) - Stopped o.e.j.s.ServletContextHandler@44505e05{logs,/logs,file:///home/runner/work/ozone/ozone/hadoop-ozone/integration-test/target/log,STOPPED}
2023-05-03 09:49:24,904 [Listener at 127.0.0.1/33547] INFO  ozoneimpl.OzoneContainer (OzoneContainer.java:stop(419)) - Attempting to stop container services.
2023-05-03 09:49:24,907 [Listener at 127.0.0.1/33547] INFO  server.RaftServer (RaftServerProxy.java:lambda$close$6(409)) - 72fabaa3-cdfe-43bb-a33d-4a5f5e85250d: close
2023-05-03 09:49:24,907 [72fabaa3-cdfe-43bb-a33d-4a5f5e85250d-impl-thread1] INFO  server.RaftServer$Division (RaftServerImpl.java:lambda$close$4(458)) - 72fabaa3-cdfe-43bb-a33d-4a5f5e85250d@group-7EAB92DACA6B: shutdown
2023-05-03 09:49:24,907 [72fabaa3-cdfe-43bb-a33d-4a5f5e85250d-impl-thread1] INFO  util.JmxRegister (JmxRegister.java:unregister(73)) - Successfully un-registered JMX Bean with object name Ratis:service=RaftServer,group=group-7EAB92DACA6B,id=72fabaa3-cdfe-43bb-a33d-4a5f5e85250d
2023-05-03 09:49:24,907 [72fabaa3-cdfe-43bb-a33d-4a5f5e85250d-impl-thread1] INFO  impl.RoleInfo (RoleInfo.java:shutdownLeaderState(93)) - 72fabaa3-cdfe-43bb-a33d-4a5f5e85250d: shutdown 72fabaa3-cdfe-43bb-a33d-4a5f5e85250d@group-7EAB92DACA6B-LeaderStateImpl
2023-05-03 09:49:24,907 [72fabaa3-cdfe-43bb-a33d-4a5f5e85250d-impl-thread1] INFO  impl.PendingRequests (PendingRequests.java:sendNotLeaderResponses(282)) - 72fabaa3-cdfe-43bb-a33d-4a5f5e85250d@group-7EAB92DACA6B-PendingRequests: sendNotLeaderResponses
2023-05-03 09:49:24,908 [72fabaa3-cdfe-43bb-a33d-4a5f5e85250d-impl-thread1] INFO  impl.StateMachineUpdater (StateMachineUpdater.java:stopAndJoin(153)) - 72fabaa3-cdfe-43bb-a33d-4a5f5e85250d@group-7EAB92DACA6B-StateMachineUpdater: set stopIndex = 0
2023-05-03 09:49:24,908 [72fabaa3-cdfe-43bb-a33d-4a5f5e85250d@group-7EAB92DACA6B-StateMachineUpdater] INFO  ratis.ContainerStateMachine (ContainerStateMachine.java:takeSnapshot(330)) - group-7EAB92DACA6B: Taking a snapshot at:(t:1, i:0) file /home/runner/work/ozone/ozone/hadoop-ozone/integration-test/target/test-dir/MiniOzoneClusterImpl-42c2526b-3b93-44e4-b696-93ac236191fb/datanode-2/data/ratis/2a5a26e5-761f-46ca-afd4-7eab92daca6b/sm/snapshot.1_0
2023-05-03 09:49:24,908 [72fabaa3-cdfe-43bb-a33d-4a5f5e85250d-impl-thread2] INFO  server.RaftServer$Division (RaftServerImpl.java:lambda$close$4(458)) - 72fabaa3-cdfe-43bb-a33d-4a5f5e85250d@group-D9C4CD305FA9: shutdown
2023-05-03 09:49:24,908 [72fabaa3-cdfe-43bb-a33d-4a5f5e85250d-impl-thread2] INFO  util.JmxRegister (JmxRegister.java:unregister(73)) - Successfully un-registered JMX Bean with object name Ratis:service=RaftServer,group=group-D9C4CD305FA9,id=72fabaa3-cdfe-43bb-a33d-4a5f5e85250d
2023-05-03 09:49:24,908 [72fabaa3-cdfe-43bb-a33d-4a5f5e85250d-impl-thread2] INFO  impl.RoleInfo (RoleInfo.java:shutdownLeaderState(93)) - 72fabaa3-cdfe-43bb-a33d-4a5f5e85250d: shutdown 72fabaa3-cdfe-43bb-a33d-4a5f5e85250d@group-D9C4CD305FA9-LeaderStateImpl
2023-05-03 09:49:24,908 [72fabaa3-cdfe-43bb-a33d-4a5f5e85250d-impl-thread2] INFO  impl.PendingRequests (PendingRequests.java:sendNotLeaderResponses(282)) - 72fabaa3-cdfe-43bb-a33d-4a5f5e85250d@group-D9C4CD305FA9-PendingRequests: sendNotLeaderResponses
2023-05-03 09:49:24,908 [72fabaa3-cdfe-43bb-a33d-4a5f5e85250d@group-7EAB92DACA6B-StateMachineUpdater] INFO  ratis.ContainerStateMachine (ContainerStateMachine.java:takeSnapshot(341)) - group-7EAB92DACA6B: Finished taking a snapshot at:(t:1, i:0) file:/home/runner/work/ozone/ozone/hadoop-ozone/integration-test/target/test-dir/MiniOzoneClusterImpl-42c2526b-3b93-44e4-b696-93ac236191fb/datanode-2/data/ratis/2a5a26e5-761f-46ca-afd4-7eab92daca6b/sm/snapshot.1_0 took: 0 ms
2023-05-03 09:49:24,909 [72fabaa3-cdfe-43bb-a33d-4a5f5e85250d@group-7EAB92DACA6B-StateMachineUpdater] INFO  impl.StateMachineUpdater (StateMachineUpdater.java:takeSnapshot(287)) - 72fabaa3-cdfe-43bb-a33d-4a5f5e85250d@group-7EAB92DACA6B-StateMachineUpdater: Took a snapshot at index 0
2023-05-03 09:49:24,909 [72fabaa3-cdfe-43bb-a33d-4a5f5e85250d@group-7EAB92DACA6B-StateMachineUpdater] INFO  impl.StateMachineUpdater (StateMachineUpdater.java:lambda$new$0(92)) - 72fabaa3-cdfe-43bb-a33d-4a5f5e85250d@group-7EAB92DACA6B-StateMachineUpdater: snapshotIndex: updateIncreasingly -1 -> 0
2023-05-03 09:49:24,909 [72fabaa3-cdfe-43bb-a33d-4a5f5e85250d-impl-thread1] INFO  server.RaftServer$Division (ServerState.java:close(466)) - 72fabaa3-cdfe-43bb-a33d-4a5f5e85250d@group-7EAB92DACA6B: closes. applyIndex: 0
2023-05-03 09:49:24,909 [72fabaa3-cdfe-43bb-a33d-4a5f5e85250d@group-D9C4CD305FA9-StateMachineUpdater] INFO  ratis.ContainerStateMachine (ContainerStateMachine.java:takeSnapshot(330)) - group-D9C4CD305FA9: Taking a snapshot at:(t:1, i:0) file /home/runner/work/ozone/ozone/hadoop-ozone/integration-test/target/test-dir/MiniOzoneClusterImpl-42c2526b-3b93-44e4-b696-93ac236191fb/datanode-2/data/ratis/9056b940-fb8b-4875-bc61-d9c4cd305fa9/sm/snapshot.1_0
2023-05-03 09:49:24,909 [72fabaa3-cdfe-43bb-a33d-4a5f5e85250d-impl-thread2] INFO  impl.StateMachineUpdater (StateMachineUpdater.java:stopAndJoin(153)) - 72fabaa3-cdfe-43bb-a33d-4a5f5e85250d@group-D9C4CD305FA9-StateMachineUpdater: set stopIndex = 0
2023-05-03 09:49:24,909 [72fabaa3-cdfe-43bb-a33d-4a5f5e85250d@group-D9C4CD305FA9-StateMachineUpdater] INFO  ratis.ContainerStateMachine (ContainerStateMachine.java:takeSnapshot(341)) - group-D9C4CD305FA9: Finished taking a snapshot at:(t:1, i:0) file:/home/runner/work/ozone/ozone/hadoop-ozone/integration-test/target/test-dir/MiniOzoneClusterImpl-42c2526b-3b93-44e4-b696-93ac236191fb/datanode-2/data/ratis/9056b940-fb8b-4875-bc61-d9c4cd305fa9/sm/snapshot.1_0 took: 0 ms
2023-05-03 09:49:24,910 [72fabaa3-cdfe-43bb-a33d-4a5f5e85250d@group-D9C4CD305FA9-StateMachineUpdater] INFO  impl.StateMachineUpdater (StateMachineUpdater.java:takeSnapshot(287)) - 72fabaa3-cdfe-43bb-a33d-4a5f5e85250d@group-D9C4CD305FA9-StateMachineUpdater: Took a snapshot at index 0
2023-05-03 09:49:24,910 [72fabaa3-cdfe-43bb-a33d-4a5f5e85250d@group-D9C4CD305FA9-StateMachineUpdater] INFO  impl.StateMachineUpdater (StateMachineUpdater.java:lambda$new$0(92)) - 72fabaa3-cdfe-43bb-a33d-4a5f5e85250d@group-D9C4CD305FA9-StateMachineUpdater: snapshotIndex: updateIncreasingly -1 -> 0
2023-05-03 09:49:24,910 [72fabaa3-cdfe-43bb-a33d-4a5f5e85250d@group-7EAB92DACA6B-SegmentedRaftLogWorker] INFO  segmented.SegmentedRaftLogWorker (SegmentedRaftLogWorker.java:run(347)) - 72fabaa3-cdfe-43bb-a33d-4a5f5e85250d@group-7EAB92DACA6B-SegmentedRaftLogWorker was interrupted, exiting. There are 0 tasks remaining in the queue.
2023-05-03 09:49:24,910 [72fabaa3-cdfe-43bb-a33d-4a5f5e85250d-impl-thread1] INFO  segmented.SegmentedRaftLogWorker (SegmentedRaftLogWorker.java:close(257)) - 72fabaa3-cdfe-43bb-a33d-4a5f5e85250d@group-7EAB92DACA6B-SegmentedRaftLogWorker close()
2023-05-03 09:49:24,910 [Listener at 127.0.0.1/33547] INFO  server.GrpcService (GrpcService.java:closeImpl(271)) - 72fabaa3-cdfe-43bb-a33d-4a5f5e85250d: shutdown server GrpcServerProtocolService now
2023-05-03 09:49:24,910 [72fabaa3-cdfe-43bb-a33d-4a5f5e85250d-impl-thread3] INFO  server.RaftServer$Division (RaftServerImpl.java:lambda$close$4(458)) - 72fabaa3-cdfe-43bb-a33d-4a5f5e85250d@group-9595DE9ADEC6: shutdown
2023-05-03 09:49:24,910 [72fabaa3-cdfe-43bb-a33d-4a5f5e85250d-impl-thread2] INFO  server.RaftServer$Division (ServerState.java:close(466)) - 72fabaa3-cdfe-43bb-a33d-4a5f5e85250d@group-D9C4CD305FA9: closes. applyIndex: 0
2023-05-03 09:49:24,910 [72fabaa3-cdfe-43bb-a33d-4a5f5e85250d-impl-thread3] INFO  util.JmxRegister (JmxRegister.java:unregister(73)) - Successfully un-registered JMX Bean with object name Ratis:service=RaftServer,group=group-9595DE9ADEC6,id=72fabaa3-cdfe-43bb-a33d-4a5f5e85250d
2023-05-03 09:49:24,911 [72fabaa3-cdfe-43bb-a33d-4a5f5e85250d-impl-thread3] INFO  impl.RoleInfo (RoleInfo.java:shutdownFollowerState(110)) - 72fabaa3-cdfe-43bb-a33d-4a5f5e85250d: shutdown 72fabaa3-cdfe-43bb-a33d-4a5f5e85250d@group-9595DE9ADEC6-FollowerState
2023-05-03 09:49:24,911 [72fabaa3-cdfe-43bb-a33d-4a5f5e85250d@group-9595DE9ADEC6-FollowerState] INFO  impl.FollowerState (FollowerState.java:run(152)) - 72fabaa3-cdfe-43bb-a33d-4a5f5e85250d@group-9595DE9ADEC6-FollowerState was interrupted
2023-05-03 09:49:24,911 [72fabaa3-cdfe-43bb-a33d-4a5f5e85250d-impl-thread3] INFO  impl.StateMachineUpdater (StateMachineUpdater.java:stopAndJoin(153)) - 72fabaa3-cdfe-43bb-a33d-4a5f5e85250d@group-9595DE9ADEC6-StateMachineUpdater: set stopIndex = 0
2023-05-03 09:49:24,911 [72fabaa3-cdfe-43bb-a33d-4a5f5e85250d@group-9595DE9ADEC6-StateMachineUpdater] INFO  ratis.ContainerStateMachine (ContainerStateMachine.java:takeSnapshot(330)) - group-9595DE9ADEC6: Taking a snapshot at:(t:1, i:0) file /home/runner/work/ozone/ozone/hadoop-ozone/integration-test/target/test-dir/MiniOzoneClusterImpl-42c2526b-3b93-44e4-b696-93ac236191fb/datanode-2/data/ratis/42bdaf33-ee3f-4ab0-ae6f-9595de9adec6/sm/snapshot.1_0
2023-05-03 09:49:24,911 [72fabaa3-cdfe-43bb-a33d-4a5f5e85250d@group-D9C4CD305FA9-SegmentedRaftLogWorker] INFO  segmented.SegmentedRaftLogWorker (SegmentedRaftLogWorker.java:run(347)) - 72fabaa3-cdfe-43bb-a33d-4a5f5e85250d@group-D9C4CD305FA9-SegmentedRaftLogWorker was interrupted, exiting. There are 0 tasks remaining in the queue.
2023-05-03 09:49:24,911 [Listener at 127.0.0.1/33547] INFO  server.GrpcServerProtocolClient (GrpcServerProtocolClient.java:close(101)) - 1e33a790-1e4c-4469-b162-b9d936e0bfc3 Close channels
2023-05-03 09:49:24,911 [72fabaa3-cdfe-43bb-a33d-4a5f5e85250d-impl-thread2] INFO  segmented.SegmentedRaftLogWorker (SegmentedRaftLogWorker.java:close(257)) - 72fabaa3-cdfe-43bb-a33d-4a5f5e85250d@group-D9C4CD305FA9-SegmentedRaftLogWorker close()
2023-05-03 09:49:24,911 [72fabaa3-cdfe-43bb-a33d-4a5f5e85250d@group-9595DE9ADEC6-StateMachineUpdater] INFO  ratis.ContainerStateMachine (ContainerStateMachine.java:takeSnapshot(341)) - group-9595DE9ADEC6: Finished taking a snapshot at:(t:1, i:0) file:/home/runner/work/ozone/ozone/hadoop-ozone/integration-test/target/test-dir/MiniOzoneClusterImpl-42c2526b-3b93-44e4-b696-93ac236191fb/datanode-2/data/ratis/42bdaf33-ee3f-4ab0-ae6f-9595de9adec6/sm/snapshot.1_0 took: 0 ms
2023-05-03 09:49:24,915 [Listener at 127.0.0.1/33547] INFO  server.GrpcServerProtocolClient (GrpcServerProtocolClient.java:close(101)) - 2944b27d-a262-4302-b37f-3bbf75b1a053 Close channels
2023-05-03 09:49:24,915 [72fabaa3-cdfe-43bb-a33d-4a5f5e85250d@group-9595DE9ADEC6-StateMachineUpdater] INFO  impl.StateMachineUpdater (StateMachineUpdater.java:takeSnapshot(287)) - 72fabaa3-cdfe-43bb-a33d-4a5f5e85250d@group-9595DE9ADEC6-StateMachineUpdater: Took a snapshot at index 0
2023-05-03 09:49:24,915 [72fabaa3-cdfe-43bb-a33d-4a5f5e85250d@group-9595DE9ADEC6-StateMachineUpdater] INFO  impl.StateMachineUpdater (StateMachineUpdater.java:lambda$new$0(92)) - 72fabaa3-cdfe-43bb-a33d-4a5f5e85250d@group-9595DE9ADEC6-StateMachineUpdater: snapshotIndex: updateIncreasingly -1 -> 0
2023-05-03 09:49:24,916 [72fabaa3-cdfe-43bb-a33d-4a5f5e85250d-impl-thread3] INFO  server.RaftServer$Division (ServerState.java:close(466)) - 72fabaa3-cdfe-43bb-a33d-4a5f5e85250d@group-9595DE9ADEC6: closes. applyIndex: 0
2023-05-03 09:49:24,917 [72fabaa3-cdfe-43bb-a33d-4a5f5e85250d@group-9595DE9ADEC6-SegmentedRaftLogWorker] INFO  segmented.SegmentedRaftLogWorker (SegmentedRaftLogWorker.java:run(347)) - 72fabaa3-cdfe-43bb-a33d-4a5f5e85250d@group-9595DE9ADEC6-SegmentedRaftLogWorker was interrupted, exiting. There are 0 tasks remaining in the queue.
2023-05-03 09:49:24,917 [72fabaa3-cdfe-43bb-a33d-4a5f5e85250d-impl-thread3] INFO  segmented.SegmentedRaftLogWorker (SegmentedRaftLogWorker.java:close(257)) - 72fabaa3-cdfe-43bb-a33d-4a5f5e85250d@group-9595DE9ADEC6-SegmentedRaftLogWorker close()
2023-05-03 09:49:24,918 [Listener at 127.0.0.1/33547] INFO  server.GrpcService (GrpcService.java:closeImpl(280)) - 72fabaa3-cdfe-43bb-a33d-4a5f5e85250d: shutdown server GrpcServerProtocolService successfully
2023-05-03 09:49:24,918 [72fabaa3-cdfe-43bb-a33d-4a5f5e85250d-NettyServerStreamRpc-bossGroup--thread1] INFO  logging.LoggingHandler (AbstractInternalLogger.java:log(148)) - [id: 0xaaa0b9db, L:/0:0:0:0:0:0:0:0:34957] CLOSE
2023-05-03 09:49:24,918 [72fabaa3-cdfe-43bb-a33d-4a5f5e85250d-NettyServerStreamRpc-bossGroup--thread1] INFO  logging.LoggingHandler (AbstractInternalLogger.java:log(148)) - [id: 0xaaa0b9db, L:/0:0:0:0:0:0:0:0:34957] INACTIVE
2023-05-03 09:49:24,918 [72fabaa3-cdfe-43bb-a33d-4a5f5e85250d-NettyServerStreamRpc-bossGroup--thread1] INFO  logging.LoggingHandler (AbstractInternalLogger.java:log(148)) - [id: 0xaaa0b9db, L:/0:0:0:0:0:0:0:0:34957] UNREGISTERED
2023-05-03 09:49:24,920 [JvmPauseMonitor28] INFO  util.JvmPauseMonitor (JvmPauseMonitor.java:run(111)) - JvmPauseMonitor-72fabaa3-cdfe-43bb-a33d-4a5f5e85250d: Stopped
2023-05-03 09:49:24,921 [ForkJoinPool.commonPool-worker-0] INFO  volume.HddsVolume (HddsVolume.java:closeDbStore(437)) - SchemaV3 db is stopped at /home/runner/work/ozone/ozone/hadoop-ozone/integration-test/target/test-dir/MiniOzoneClusterImpl-42c2526b-3b93-44e4-b696-93ac236191fb/datanode-0/data-0/containers/hdds/42c2526b-3b93-44e4-b696-93ac236191fb/DS-30372555-4681-4642-a4b7-090754be986f/container.db for volume DS-30372555-4681-4642-a4b7-090754be986f
2023-05-03 09:49:24,922 [ForkJoinPool.commonPool-worker-0] INFO  utils.BackgroundService (BackgroundService.java:shutdown(141)) - Shutting down service BlockDeletingService
2023-05-03 09:49:24,922 [ForkJoinPool.commonPool-worker-0] INFO  utils.BackgroundService (BackgroundService.java:shutdown(141)) - Shutting down service StaleRecoveringContainerScrubbingService
2023-05-03 09:49:24,923 [ForkJoinPool.commonPool-worker-0] INFO  statemachine.DatanodeStateMachine (DatanodeStateMachine.java:stopDaemon(603)) - Ozone container server stopped.
2023-05-03 09:49:24,931 [ForkJoinPool.commonPool-worker-0] INFO  handler.ContextHandler (ContextHandler.java:doStop(1159)) - Stopped o.e.j.w.WebAppContext@208e9540{hddsDatanode,/,null,STOPPED}{jar:file:/home/runner/.m2/repository/org/apache/ozone/hdds-container-service/1.4.0-SNAPSHOT/hdds-container-service-1.4.0-SNAPSHOT.jar!/webapps/hddsDatanode}
2023-05-03 09:49:24,932 [ForkJoinPool.commonPool-worker-0] INFO  server.AbstractConnector (AbstractConnector.java:doStop(383)) - Stopped ServerConnector@577aaca7{HTTP/1.1, (http/1.1)}{0.0.0.0:0}
2023-05-03 09:49:24,932 [ForkJoinPool.commonPool-worker-0] INFO  server.session (HouseKeeper.java:stopScavenging(149)) - node0 Stopped scavenging
2023-05-03 09:49:24,933 [ForkJoinPool.commonPool-worker-0] INFO  handler.ContextHandler (ContextHandler.java:doStop(1159)) - Stopped o.e.j.s.ServletContextHandler@275314f3{static,/static,jar:file:/home/runner/.m2/repository/org/apache/ozone/hdds-container-service/1.4.0-SNAPSHOT/hdds-container-service-1.4.0-SNAPSHOT.jar!/webapps/static,STOPPED}
2023-05-03 09:49:24,933 [ForkJoinPool.commonPool-worker-0] INFO  handler.ContextHandler (ContextHandler.java:doStop(1159)) - Stopped o.e.j.s.ServletContextHandler@56981332{logs,/logs,file:///home/runner/work/ozone/ozone/hadoop-ozone/integration-test/target/log,STOPPED}
2023-05-03 09:49:26,924 [Listener at 127.0.0.1/33547] INFO  volume.HddsVolume (HddsVolume.java:closeDbStore(437)) - SchemaV3 db is stopped at /home/runner/work/ozone/ozone/hadoop-ozone/integration-test/target/test-dir/MiniOzoneClusterImpl-42c2526b-3b93-44e4-b696-93ac236191fb/datanode-2/data-0/containers/hdds/42c2526b-3b93-44e4-b696-93ac236191fb/DS-d38e73bb-554f-404c-9d4f-4808fce869bd/container.db for volume DS-d38e73bb-554f-404c-9d4f-4808fce869bd
2023-05-03 09:49:26,924 [Listener at 127.0.0.1/33547] INFO  utils.BackgroundService (BackgroundService.java:shutdown(141)) - Shutting down service BlockDeletingService
2023-05-03 09:49:26,924 [Listener at 127.0.0.1/33547] INFO  utils.BackgroundService (BackgroundService.java:shutdown(141)) - Shutting down service StaleRecoveringContainerScrubbingService
2023-05-03 09:49:26,926 [Listener at 127.0.0.1/33547] INFO  statemachine.DatanodeStateMachine (DatanodeStateMachine.java:stopDaemon(603)) - Ozone container server stopped.
2023-05-03 09:49:26,937 [Listener at 127.0.0.1/33547] INFO  handler.ContextHandler (ContextHandler.java:doStop(1159)) - Stopped o.e.j.w.WebAppContext@47f52dbd{hddsDatanode,/,null,STOPPED}{jar:file:/home/runner/.m2/repository/org/apache/ozone/hdds-container-service/1.4.0-SNAPSHOT/hdds-container-service-1.4.0-SNAPSHOT.jar!/webapps/hddsDatanode}
2023-05-03 09:49:26,943 [Listener at 127.0.0.1/33547] INFO  server.AbstractConnector (AbstractConnector.java:doStop(383)) - Stopped ServerConnector@63c3fc3f{HTTP/1.1, (http/1.1)}{0.0.0.0:0}
2023-05-03 09:49:26,943 [Listener at 127.0.0.1/33547] INFO  server.session (HouseKeeper.java:stopScavenging(149)) - node0 Stopped scavenging
2023-05-03 09:49:26,943 [Listener at 127.0.0.1/33547] INFO  handler.ContextHandler (ContextHandler.java:doStop(1159)) - Stopped o.e.j.s.ServletContextHandler@4df5b9ee{static,/static,jar:file:/home/runner/.m2/repository/org/apache/ozone/hdds-container-service/1.4.0-SNAPSHOT/hdds-container-service-1.4.0-SNAPSHOT.jar!/webapps/static,STOPPED}
2023-05-03 09:49:26,943 [Listener at 127.0.0.1/33547] INFO  handler.ContextHandler (ContextHandler.java:doStop(1159)) - Stopped o.e.j.s.ServletContextHandler@16a86fc{logs,/logs,file:///home/runner/work/ozone/ozone/hadoop-ozone/integration-test/target/log,STOPPED}
2023-05-03 09:49:26,944 [Listener at 127.0.0.1/33547] INFO  ozone.MiniOzoneClusterImpl (MiniOzoneClusterImpl.java:stopSCM(552)) - Stopping the StorageContainerManager
2023-05-03 09:49:26,944 [Listener at 127.0.0.1/33547] INFO  server.StorageContainerManager (StorageContainerManager.java:stop(1578)) - Container Balancer is not running.
2023-05-03 09:49:26,944 [Listener at 127.0.0.1/33547] INFO  server.StorageContainerManager (StorageContainerManager.java:stopReplicationManager(1709)) - Stopping Replication Manager Service.
2023-05-03 09:49:26,944 [Listener at 127.0.0.1/33547] INFO  replication.ReplicationManager (ReplicationManager.java:stop(324)) - Stopping Replication Monitor Thread.
2023-05-03 09:49:26,944 [Listener at 127.0.0.1/33547] INFO  server.StorageContainerManager (StorageContainerManager.java:stop(1587)) - Stopping the Datanode Admin Monitor.
2023-05-03 09:49:26,944 [Under Replicated Processor] WARN  replication.UnhealthyReplicationProcessor (UnhealthyReplicationProcessor.java:run(167)) - Under Replicated Processor interrupted. Exiting...
2023-05-03 09:49:26,944 [Listener at 127.0.0.1/33547] INFO  server.StorageContainerManager (StorageContainerManager.java:stop(1594)) - Stopping datanode service RPC server
2023-05-03 09:49:26,945 [Listener at 127.0.0.1/33547] INFO  server.SCMDatanodeProtocolServer (SCMDatanodeProtocolServer.java:stop(424)) - Stopping the RPC server for DataNodes
2023-05-03 09:49:26,945 [ReplicationMonitor] INFO  replication.ReplicationManager (ReplicationManager.java:run(934)) - Replication Monitor Thread is stopped
2023-05-03 09:49:26,945 [Listener at 127.0.0.1/33547] INFO  ipc.Server (Server.java:stop(3501)) - Stopping server on 45911
2023-05-03 09:49:26,945 [Over Replicated Processor] WARN  replication.UnhealthyReplicationProcessor (UnhealthyReplicationProcessor.java:run(167)) - Over Replicated Processor interrupted. Exiting...
2023-05-03 09:49:26,947 [IPC Server listener on 0] INFO  ipc.Server (Server.java:run(1430)) - Stopping IPC Server listener on 0
2023-05-03 09:49:26,949 [IPC Server Responder] INFO  ipc.Server (Server.java:run(1563)) - Stopping IPC Server Responder
2023-05-03 09:49:26,976 [SCM Heartbeat Processing Thread - 0] WARN  node.NodeStateManager (NodeStateManager.java:scheduleNextHealthCheck(870)) - Current Thread is interrupted, shutting down HB processing thread for Node Manager.
2023-05-03 09:49:26,977 [Listener at 127.0.0.1/33547] INFO  server.StorageContainerManager (StorageContainerManager.java:stop(1602)) - Stopping block service RPC server
2023-05-03 09:49:26,977 [Listener at 127.0.0.1/33547] INFO  server.SCMBlockProtocolServer (SCMBlockProtocolServer.java:stop(161)) - Stopping the RPC server for Block Protocol
2023-05-03 09:49:26,977 [Listener at 127.0.0.1/33547] INFO  ipc.Server (Server.java:stop(3501)) - Stopping server on 42555
2023-05-03 09:49:26,978 [IPC Server listener on 0] INFO  ipc.Server (Server.java:run(1430)) - Stopping IPC Server listener on 0
2023-05-03 09:49:26,980 [Listener at 127.0.0.1/33547] INFO  server.StorageContainerManager (StorageContainerManager.java:stop(1609)) - Stopping the StorageContainerLocationProtocol RPC server
2023-05-03 09:49:26,980 [IPC Server Responder] INFO  ipc.Server (Server.java:run(1563)) - Stopping IPC Server Responder
2023-05-03 09:49:26,980 [Listener at 127.0.0.1/33547] INFO  server.SCMClientProtocolServer (SCMClientProtocolServer.java:stop(208)) - Stopping the RPC server for Client Protocol
2023-05-03 09:49:26,980 [Listener at 127.0.0.1/33547] INFO  ipc.Server (Server.java:stop(3501)) - Stopping server on 36345
2023-05-03 09:49:26,981 [IPC Server listener on 0] INFO  ipc.Server (Server.java:run(1430)) - Stopping IPC Server listener on 0
2023-05-03 09:49:26,982 [Listener at 127.0.0.1/33547] INFO  server.StorageContainerManager (StorageContainerManager.java:stop(1616)) - Stopping Storage Container Manager HTTP server.
2023-05-03 09:49:26,982 [IPC Server Responder] INFO  ipc.Server (Server.java:run(1563)) - Stopping IPC Server Responder
2023-05-03 09:49:26,983 [Listener at 127.0.0.1/33547] INFO  handler.ContextHandler (ContextHandler.java:doStop(1159)) - Stopped o.e.j.w.WebAppContext@5eb7c9b{scm,/,null,STOPPED}{file:/home/runner/work/ozone/ozone/hadoop-ozone/integration-test/target/test-classes/webapps/scm}
2023-05-03 09:49:26,983 [Listener at 127.0.0.1/33547] INFO  server.AbstractConnector (AbstractConnector.java:doStop(383)) - Stopped ServerConnector@62317ef6{HTTP/1.1, (http/1.1)}{0.0.0.0:0}
2023-05-03 09:49:26,983 [Listener at 127.0.0.1/33547] INFO  server.session (HouseKeeper.java:stopScavenging(149)) - node0 Stopped scavenging
2023-05-03 09:49:26,983 [Listener at 127.0.0.1/33547] INFO  handler.ContextHandler (ContextHandler.java:doStop(1159)) - Stopped o.e.j.s.ServletContextHandler@1b611cea{static,/static,file:///home/runner/work/ozone/ozone/hadoop-ozone/integration-test/target/test-classes/webapps/static,STOPPED}
2023-05-03 09:49:26,983 [Listener at 127.0.0.1/33547] INFO  handler.ContextHandler (ContextHandler.java:doStop(1159)) - Stopped o.e.j.s.ServletContextHandler@45a7b42e{logs,/logs,file:///home/runner/work/ozone/ozone/hadoop-ozone/integration-test/target/log,STOPPED}
2023-05-03 09:49:26,984 [Listener at 127.0.0.1/33547] INFO  server.StorageContainerManager (StorageContainerManager.java:stop(1624)) - Stopping SCM LayoutVersionManager Service.
2023-05-03 09:49:26,984 [Listener at 127.0.0.1/33547] INFO  server.StorageContainerManager (StorageContainerManager.java:stop(1632)) - Stopping Block Manager Service.
2023-05-03 09:49:26,984 [Listener at 127.0.0.1/33547] INFO  utils.BackgroundService (BackgroundService.java:shutdown(141)) - Shutting down service SCMBlockDeletingService
2023-05-03 09:49:26,984 [Listener at 127.0.0.1/33547] INFO  utils.BackgroundService (BackgroundService.java:shutdown(141)) - Shutting down service SCMBlockDeletingService
2023-05-03 09:49:26,984 [Listener at 127.0.0.1/33547] INFO  server.StorageContainerManager (StorageContainerManager.java:stop(1654)) - Stopping SCM Event Queue.
2023-05-03 09:49:26,985 [Listener at 127.0.0.1/33547] INFO  server.StorageContainerManager (StorageContainerManager.java:stop(1665)) - Stopping SCM HA services.
2023-05-03 09:49:26,985 [Listener at 127.0.0.1/33547] INFO  pipeline.BackgroundPipelineCreator (BackgroundPipelineCreator.java:stop(149)) - Stopping RatisPipelineUtilsThread.
2023-05-03 09:49:26,985 [RatisPipelineUtilsThread - 0] WARN  pipeline.BackgroundPipelineCreator (BackgroundPipelineCreator.java:run(180)) - RatisPipelineUtilsThread is interrupted.
2023-05-03 09:49:26,986 [Listener at 127.0.0.1/33547] INFO  BackgroundPipelineScrubber (BackgroundSCMService.java:stop(131)) - Stopping BackgroundPipelineScrubber Service.
2023-05-03 09:49:26,986 [BackgroundPipelineScrubberThread] WARN  BackgroundPipelineScrubber (BackgroundSCMService.java:run(115)) - BackgroundPipelineScrubber is interrupted, exit
2023-05-03 09:49:26,986 [Listener at 127.0.0.1/33547] INFO  impl.MetricsSystemImpl (MetricsSystemImpl.java:stop(210)) - Stopping HddsDatanode metrics system...
2023-05-03 09:49:26,991 [prometheus] INFO  impl.MetricsSinkAdapter (MetricsSinkAdapter.java:publishMetricsFromQueue(141)) - prometheus thread interrupted.
2023-05-03 09:49:26,992 [Listener at 127.0.0.1/33547] INFO  impl.MetricsSystemImpl (MetricsSystemImpl.java:stop(216)) - HddsDatanode metrics system stopped.
2023-05-03 09:49:26,992 [Listener at 127.0.0.1/33547] WARN  pipeline.BackgroundPipelineCreator (BackgroundPipelineCreator.java:stop(145)) - RatisPipelineUtilsThread is not running, just ignore.
2023-05-03 09:49:26,992 [Listener at 127.0.0.1/33547] INFO  BackgroundPipelineScrubber (BackgroundSCMService.java:stop(126)) - BackgroundPipelineScrubber Service is not running, skip stop.
2023-05-03 09:49:26,992 [Listener at 127.0.0.1/33547] INFO  ExpiredContainerReplicaOpScrubber (BackgroundSCMService.java:stop(131)) - Stopping ExpiredContainerReplicaOpScrubber Service.
2023-05-03 09:49:26,992 [Listener at 127.0.0.1/33547] INFO  utils.BackgroundService (BackgroundService.java:shutdown(141)) - Shutting down service SCMBlockDeletingService
2023-05-03 09:49:26,992 [ExpiredContainerReplicaOpScrubberThread] WARN  ExpiredContainerReplicaOpScrubber (BackgroundSCMService.java:run(115)) - ExpiredContainerReplicaOpScrubber is interrupted, exit
2023-05-03 09:49:26,992 [Listener at 127.0.0.1/33547] INFO  replication.ReplicationManager (ReplicationManager.java:stop(334)) - Replication Monitor Thread is not running.
2023-05-03 09:49:26,992 [Listener at 127.0.0.1/33547] WARN  balancer.ContainerBalancer (ContainerBalancer.java:stop(324)) - Cannot stop Container Balancer because it's not running or stopping
2023-05-03 09:49:26,992 [Listener at 127.0.0.1/33547] INFO  server.StorageContainerManager (StorageContainerManager.java:stop(1700)) - Stopping SCM MetadataStore.
]]></system-out>
  </testcase>
  <testcase name="testIncrementalContainerReportQueue" classname="org.apache.hadoop.ozone.TestStorageContainerManager" time="3.084"/>
  <testcase name="testSCMInitializationWithHAEnabled" classname="org.apache.hadoop.ozone.TestStorageContainerManager" time="6.047">
    <system-out><![CDATA[2023-05-03 09:49:30,107 [Time-limited test] WARN  server.ServerUtils (ServerUtils.java:getScmDbDir(148)) - ozone.scm.db.dirs is not configured. We recommend adding this setting. Falling back to ozone.metadata.dirs instead.
2023-05-03 09:49:30,109 [Time-limited test] INFO  ha.SCMHANodeDetails (SCMHANodeDetails.java:loadSCMHAConfig(209)) - ServiceID for StorageContainerManager is null
2023-05-03 09:49:30,109 [Time-limited test] INFO  ha.SCMHANodeDetails (SCMHANodeDetails.java:loadSCMHAConfig(214)) - ozone.scm.default.service.id is not defined, falling back to ozone.scm.service.ids to find serviceID for StorageContainerManager if it is HA enabled cluster
2023-05-03 09:49:30,112 [Time-limited test] INFO  server.RaftServer (ConfUtils.java:logGet(46)) - raft.rpc.type = GRPC (default)
2023-05-03 09:49:30,112 [Time-limited test] INFO  grpc.GrpcConfigKeys (ConfUtils.java:logFallback(53)) - raft.grpc.admin.host = null (fallback to raft.grpc.server.host)
2023-05-03 09:49:30,112 [Time-limited test] INFO  grpc.GrpcConfigKeys (ConfUtils.java:logFallback(53)) - raft.grpc.admin.port = 9894 (fallback to raft.grpc.server.port)
2023-05-03 09:49:30,112 [Time-limited test] INFO  grpc.GrpcConfigKeys (ConfUtils.java:logFallback(53)) - raft.grpc.client.host = null (fallback to raft.grpc.server.host)
2023-05-03 09:49:30,112 [Time-limited test] INFO  grpc.GrpcConfigKeys (ConfUtils.java:logFallback(53)) - raft.grpc.client.port = 9894 (fallback to raft.grpc.server.port)
2023-05-03 09:49:30,112 [Time-limited test] INFO  grpc.GrpcConfigKeys (ConfUtils.java:logGet(46)) - raft.grpc.server.host = null (default)
2023-05-03 09:49:30,112 [Time-limited test] INFO  grpc.GrpcConfigKeys (ConfUtils.java:logGet(46)) - raft.grpc.server.port = 9894 (custom)
2023-05-03 09:49:30,112 [Time-limited test] INFO  server.GrpcService (ConfUtils.java:logGet(46)) - raft.grpc.message.size.max = 32m (=33554432) (custom)
2023-05-03 09:49:30,112 [Time-limited test] INFO  server.RaftServerConfigKeys (ConfUtils.java:logGet(46)) - raft.server.log.appender.buffer.byte-limit = 33554432 (custom)
2023-05-03 09:49:30,112 [Time-limited test] INFO  server.GrpcService (ConfUtils.java:logGet(46)) - raft.grpc.flow.control.window = 1MB (=1048576) (default)
2023-05-03 09:49:30,113 [Time-limited test] INFO  server.RaftServerConfigKeys (ConfUtils.java:logGet(46)) - raft.server.rpc.request.timeout = 30000ms (custom)
2023-05-03 09:49:30,113 [Time-limited test] INFO  grpc.GrpcConfigKeys (ConfUtils.java:logGet(46)) - raft.grpc.server.heartbeat.channel = true (default)
2023-05-03 09:49:30,113 [Time-limited test] INFO  grpc.GrpcConfigKeys (ConfUtils.java:logGet(46)) - raft.grpc.server.async.request.thread.pool.cached = true (default)
2023-05-03 09:49:30,113 [Time-limited test] INFO  grpc.GrpcConfigKeys (ConfUtils.java:logGet(46)) - raft.grpc.server.async.request.thread.pool.size = 32 (default)
2023-05-03 09:49:30,114 [Time-limited test] INFO  impl.DataStreamServerImpl (ConfUtils.java:logGet(46)) - raft.datastream.type = DISABLED (default)
2023-05-03 09:49:30,114 [Time-limited test] INFO  server.RaftServerConfigKeys (ConfUtils.java:logGet(46)) - raft.server.threadpool.proxy.cached = true (default)
2023-05-03 09:49:30,114 [Time-limited test] INFO  server.RaftServerConfigKeys (ConfUtils.java:logGet(46)) - raft.server.threadpool.proxy.size = 0 (default)
2023-05-03 09:49:30,114 [Time-limited test] INFO  server.RaftServerConfigKeys (ConfUtils.java:logGet(46)) - raft.server.rpc.slowness.timeout = 120000ms (custom)
2023-05-03 09:49:30,115 [Time-limited test] INFO  server.RaftServerConfigKeys (ConfUtils.java:logGet(46)) - raft.server.leaderelection.leader.step-down.wait-time = 10s (default)
2023-05-03 09:49:30,115 [Time-limited test] INFO  server.RaftServerConfigKeys (ConfUtils.java:logGet(46)) - raft.server.storage.dir = [/home/runner/work/ozone/ozone/hadoop-ozone/integration-test/target/test-dir/941ae6c5-9f4d-417f-9edf-4fbd99ac6560/scm-meta/scm-ha] (custom)
2023-05-03 09:49:30,115 [Time-limited test] INFO  server.RaftServer (RaftServerProxy.java:addNew(96)) - ce0cae26-5246-4290-903b-b868afb3a11b: addNew group-5D5ED746148D:[ce0cae26-5246-4290-903b-b868afb3a11b|rpc:fv-az139-793:9894|priority:0|startupRole:FOLLOWER] returns group-5D5ED746148D:java.util.concurrent.CompletableFuture@7175767[Not completed]
2023-05-03 09:49:30,116 [pool-1161-thread-1] INFO  server.RaftServer$Division (RaftServerImpl.java:<init>(195)) - ce0cae26-5246-4290-903b-b868afb3a11b: new RaftServerImpl for group-5D5ED746148D:[ce0cae26-5246-4290-903b-b868afb3a11b|rpc:fv-az139-793:9894|priority:0|startupRole:FOLLOWER] with SCMStateMachine:uninitialized
2023-05-03 09:49:30,116 [pool-1161-thread-1] INFO  server.RaftServerConfigKeys (ConfUtils.java:logGet(46)) - raft.server.rpc.timeout.min = 5000ms (custom)
2023-05-03 09:49:30,116 [pool-1161-thread-1] INFO  server.RaftServerConfigKeys (ConfUtils.java:logGet(46)) - raft.server.rpc.timeout.max = 5200ms (custom)
2023-05-03 09:49:30,116 [pool-1161-thread-1] INFO  server.RaftServerConfigKeys (ConfUtils.java:logGet(46)) - raft.server.rpc.sleep.time = 25ms (default)
2023-05-03 09:49:30,116 [pool-1161-thread-1] INFO  server.RaftServerConfigKeys (ConfUtils.java:logGet(46)) - raft.server.rpc.slowness.timeout = 120000ms (custom)
2023-05-03 09:49:30,116 [pool-1161-thread-1] INFO  server.RaftServerConfigKeys (ConfUtils.java:logGet(46)) - raft.server.leaderelection.leader.step-down.wait-time = 10s (default)
2023-05-03 09:49:30,116 [pool-1161-thread-1] INFO  server.RaftServerConfigKeys (ConfUtils.java:logGet(46)) - raft.server.sleep.deviation.threshold = 300ms (default)
2023-05-03 09:49:30,116 [pool-1161-thread-1] INFO  server.RaftServer$Division (ServerState.java:<init>(118)) - ce0cae26-5246-4290-903b-b868afb3a11b@group-5D5ED746148D: ConfigurationManager, init=-1: peers:[ce0cae26-5246-4290-903b-b868afb3a11b|rpc:fv-az139-793:9894|priority:0|startupRole:FOLLOWER]|listeners:[], old=null, confs=<EMPTY_MAP>
2023-05-03 09:49:30,116 [pool-1161-thread-1] INFO  server.RaftServerConfigKeys (ConfUtils.java:logGet(46)) - raft.server.storage.dir = [/home/runner/work/ozone/ozone/hadoop-ozone/integration-test/target/test-dir/941ae6c5-9f4d-417f-9edf-4fbd99ac6560/scm-meta/scm-ha] (custom)
2023-05-03 09:49:30,116 [pool-1161-thread-1] INFO  server.RaftServerConfigKeys (ConfUtils.java:logGet(46)) - raft.server.log.corruption.policy = EXCEPTION (default)
2023-05-03 09:49:30,116 [pool-1161-thread-1] INFO  server.RaftServerConfigKeys (ConfUtils.java:logGet(46)) - raft.server.storage.free-space.min = 0MB (=0) (default)
2023-05-03 09:49:30,116 [pool-1161-thread-1] INFO  server.RaftServerConfigKeys (ConfUtils.java:logGet(46)) - raft.server.notification.no-leader.timeout = 60s (default)
2023-05-03 09:49:30,116 [pool-1161-thread-1] INFO  server.RaftServerConfigKeys (ConfUtils.java:logGet(46)) - raft.server.retrycache.expirytime = 60000ms (default)
2023-05-03 09:49:30,116 [pool-1161-thread-1] INFO  server.RaftServerConfigKeys (ConfUtils.java:logGet(46)) - raft.server.retrycache.statistics.expirytime = 100μs (default)
2023-05-03 09:49:30,117 [pool-1161-thread-1] INFO  server.RaftServerConfigKeys (ConfUtils.java:logGet(46)) - raft.server.log.appender.install.snapshot.enabled = false (custom)
2023-05-03 09:49:30,117 [pool-1161-thread-1] INFO  server.RaftServerConfigKeys (ConfUtils.java:logGet(46)) - raft.server.threadpool.server.cached = true (default)
2023-05-03 09:49:30,117 [pool-1161-thread-1] INFO  server.RaftServerConfigKeys (ConfUtils.java:logGet(46)) - raft.server.threadpool.server.size = 0 (default)
2023-05-03 09:49:30,117 [pool-1161-thread-1] INFO  server.RaftServerConfigKeys (ConfUtils.java:logGet(46)) - raft.server.threadpool.client.cached = true (default)
2023-05-03 09:49:30,117 [pool-1161-thread-1] INFO  server.RaftServerConfigKeys (ConfUtils.java:logGet(46)) - raft.server.threadpool.client.size = 0 (default)
2023-05-03 09:49:30,117 [ce0cae26-5246-4290-903b-b868afb3a11b-impl-thread1] INFO  storage.RaftStorageDirectory (RaftStorageDirectoryImpl.java:analyzeStorage(137)) - The storage directory /home/runner/work/ozone/ozone/hadoop-ozone/integration-test/target/test-dir/941ae6c5-9f4d-417f-9edf-4fbd99ac6560/scm-meta/scm-ha/adde4799-d46b-45e9-b458-5d5ed746148d does not exist. Creating ...
2023-05-03 09:49:30,118 [ce0cae26-5246-4290-903b-b868afb3a11b-impl-thread1] INFO  storage.RaftStorageDirectory (RaftStorageDirectoryImpl.java:tryLock(231)) - Lock on /home/runner/work/ozone/ozone/hadoop-ozone/integration-test/target/test-dir/941ae6c5-9f4d-417f-9edf-4fbd99ac6560/scm-meta/scm-ha/adde4799-d46b-45e9-b458-5d5ed746148d/in_use.lock acquired by nodename 7780@fv-az139-793
2023-05-03 09:49:30,119 [ce0cae26-5246-4290-903b-b868afb3a11b-impl-thread1] INFO  storage.RaftStorage (RaftStorageImpl.java:format(96)) - Storage directory /home/runner/work/ozone/ozone/hadoop-ozone/integration-test/target/test-dir/941ae6c5-9f4d-417f-9edf-4fbd99ac6560/scm-meta/scm-ha/adde4799-d46b-45e9-b458-5d5ed746148d has been successfully formatted.
2023-05-03 09:49:30,120 [ce0cae26-5246-4290-903b-b868afb3a11b-impl-thread1] INFO  server.RaftServerConfigKeys (ConfUtils.java:logGet(46)) - raft.server.log.use.memory = false (default)
2023-05-03 09:49:30,120 [ce0cae26-5246-4290-903b-b868afb3a11b-impl-thread1] INFO  server.RaftServerConfigKeys (ConfUtils.java:logGet(46)) - raft.server.log.purge.gap = 1000000 (custom)
2023-05-03 09:49:30,120 [ce0cae26-5246-4290-903b-b868afb3a11b-impl-thread1] INFO  server.RaftServerConfigKeys (ConfUtils.java:logGet(46)) - raft.server.log.appender.buffer.byte-limit = 33554432 (custom)
2023-05-03 09:49:30,120 [ce0cae26-5246-4290-903b-b868afb3a11b-impl-thread1] INFO  server.RaftServerConfigKeys (ConfUtils.java:logGet(46)) - raft.server.log.statemachine.data.read.timeout = 1000ms (default)
2023-05-03 09:49:30,120 [ce0cae26-5246-4290-903b-b868afb3a11b-impl-thread1] INFO  server.RaftServerConfigKeys (ConfUtils.java:logGet(46)) - raft.server.log.purge.preservation.log.num = 0 (default)
2023-05-03 09:49:30,120 [ce0cae26-5246-4290-903b-b868afb3a11b-impl-thread1] INFO  server.RaftServerConfigKeys (ConfUtils.java:logGet(46)) - raft.server.log.segment.size.max = 4194304 (custom)
2023-05-03 09:49:30,120 [ce0cae26-5246-4290-903b-b868afb3a11b-impl-thread1] INFO  server.RaftServerConfigKeys (ConfUtils.java:logGet(46)) - raft.server.log.segment.cache.num.max = 2 (custom)
2023-05-03 09:49:30,120 [ce0cae26-5246-4290-903b-b868afb3a11b-impl-thread1] INFO  server.RaftServerConfigKeys (ConfUtils.java:logGet(46)) - raft.server.log.segment.cache.size.max = 200MB (=209715200) (default)
2023-05-03 09:49:30,120 [ce0cae26-5246-4290-903b-b868afb3a11b-impl-thread1] INFO  segmented.SegmentedRaftLogWorker (SegmentedRaftLogWorker.java:<init>(189)) - new ce0cae26-5246-4290-903b-b868afb3a11b@group-5D5ED746148D-SegmentedRaftLogWorker for RaftStorageImpl:Storage Directory /home/runner/work/ozone/ozone/hadoop-ozone/integration-test/target/test-dir/941ae6c5-9f4d-417f-9edf-4fbd99ac6560/scm-meta/scm-ha/adde4799-d46b-45e9-b458-5d5ed746148d
2023-05-03 09:49:30,120 [ce0cae26-5246-4290-903b-b868afb3a11b-impl-thread1] INFO  server.RaftServerConfigKeys (ConfUtils.java:logGet(46)) - raft.server.log.queue.byte-limit = 64MB (=67108864) (default)
2023-05-03 09:49:30,120 [ce0cae26-5246-4290-903b-b868afb3a11b-impl-thread1] INFO  server.RaftServerConfigKeys (ConfUtils.java:logGet(46)) - raft.server.log.queue.element-limit = 4096 (default)
2023-05-03 09:49:30,120 [ce0cae26-5246-4290-903b-b868afb3a11b-impl-thread1] INFO  server.RaftServerConfigKeys (ConfUtils.java:logGet(46)) - raft.server.log.segment.size.max = 4194304 (custom)
2023-05-03 09:49:30,120 [ce0cae26-5246-4290-903b-b868afb3a11b-impl-thread1] INFO  server.RaftServerConfigKeys (ConfUtils.java:logGet(46)) - raft.server.log.preallocated.size = 4194304 (custom)
2023-05-03 09:49:30,120 [ce0cae26-5246-4290-903b-b868afb3a11b-impl-thread1] INFO  server.RaftServerConfigKeys (ConfUtils.java:logGet(46)) - raft.server.log.force.sync.num = 128 (default)
2023-05-03 09:49:30,120 [ce0cae26-5246-4290-903b-b868afb3a11b-impl-thread1] INFO  server.RaftServerConfigKeys (ConfUtils.java:logGet(46)) - raft.server.log.statemachine.data.sync = true (default)
2023-05-03 09:49:30,120 [ce0cae26-5246-4290-903b-b868afb3a11b-impl-thread1] INFO  server.RaftServerConfigKeys (ConfUtils.java:logGet(46)) - raft.server.log.statemachine.data.sync.timeout = 10s (default)
2023-05-03 09:49:30,120 [ce0cae26-5246-4290-903b-b868afb3a11b-impl-thread1] INFO  server.RaftServerConfigKeys (ConfUtils.java:logGet(46)) - raft.server.log.statemachine.data.sync.timeout.retry = -1 (default)
2023-05-03 09:49:30,120 [ce0cae26-5246-4290-903b-b868afb3a11b-impl-thread1] INFO  server.RaftServerConfigKeys (ConfUtils.java:logGet(46)) - raft.server.log.write.buffer.size = 64KB (=65536) (default)
2023-05-03 09:49:30,120 [ce0cae26-5246-4290-903b-b868afb3a11b-impl-thread1] INFO  server.RaftServerConfigKeys (ConfUtils.java:logGet(46)) - raft.server.log.appender.buffer.byte-limit = 33554432 (custom)
2023-05-03 09:49:30,123 [ce0cae26-5246-4290-903b-b868afb3a11b-impl-thread1] INFO  server.RaftServerConfigKeys (ConfUtils.java:logGet(46)) - raft.server.log.unsafe-flush.enabled = false (default)
2023-05-03 09:49:30,123 [ce0cae26-5246-4290-903b-b868afb3a11b-impl-thread1] INFO  server.RaftServerConfigKeys (ConfUtils.java:logGet(46)) - raft.server.log.async-flush.enabled = false (default)
2023-05-03 09:49:30,123 [ce0cae26-5246-4290-903b-b868afb3a11b-impl-thread1] INFO  server.RaftServerConfigKeys (ConfUtils.java:logGet(46)) - raft.server.log.statemachine.data.caching.enabled = false (default)
2023-05-03 09:49:30,124 [ce0cae26-5246-4290-903b-b868afb3a11b-impl-thread1] INFO  segmented.SegmentedRaftLogWorker (SegmentedRaftLogWorker.java:lambda$new$0(135)) - ce0cae26-5246-4290-903b-b868afb3a11b@group-5D5ED746148D-SegmentedRaftLogWorker: flushIndex: setUnconditionally 0 -> -1
2023-05-03 09:49:30,124 [ce0cae26-5246-4290-903b-b868afb3a11b-impl-thread1] INFO  segmented.SegmentedRaftLogWorker (SegmentedRaftLogWorker.java:lambda$new$0(135)) - ce0cae26-5246-4290-903b-b868afb3a11b@group-5D5ED746148D-SegmentedRaftLogWorker: safeCacheEvictIndex: setUnconditionally 0 -> -1
2023-05-03 09:49:30,124 [ce0cae26-5246-4290-903b-b868afb3a11b-impl-thread1] INFO  server.RaftServer$Division (RaftServerImpl.java:start(334)) - ce0cae26-5246-4290-903b-b868afb3a11b@group-5D5ED746148D: start as a follower, conf=-1: peers:[ce0cae26-5246-4290-903b-b868afb3a11b|rpc:fv-az139-793:9894|priority:0|startupRole:FOLLOWER]|listeners:[], old=null
2023-05-03 09:49:30,124 [ce0cae26-5246-4290-903b-b868afb3a11b-impl-thread1] INFO  server.RaftServer$Division (RaftServerImpl.java:setRole(321)) - ce0cae26-5246-4290-903b-b868afb3a11b@group-5D5ED746148D: changes role from      null to FOLLOWER at term 0 for startAsFollower
2023-05-03 09:49:30,124 [ce0cae26-5246-4290-903b-b868afb3a11b-impl-thread1] INFO  impl.RoleInfo (RoleInfo.java:updateAndGet(139)) - ce0cae26-5246-4290-903b-b868afb3a11b: start ce0cae26-5246-4290-903b-b868afb3a11b@group-5D5ED746148D-FollowerState
2023-05-03 09:49:30,124 [ce0cae26-5246-4290-903b-b868afb3a11b@group-5D5ED746148D-FollowerState] INFO  server.RaftServerConfigKeys (ConfUtils.java:logFallback(53)) - raft.server.rpc.first-election.timeout.min = 5000ms (fallback to raft.server.rpc.timeout.min)
2023-05-03 09:49:30,124 [ce0cae26-5246-4290-903b-b868afb3a11b@group-5D5ED746148D-FollowerState] INFO  server.RaftServerConfigKeys (ConfUtils.java:logFallback(53)) - raft.server.rpc.first-election.timeout.max = 5200ms (fallback to raft.server.rpc.timeout.max)
2023-05-03 09:49:30,124 [ce0cae26-5246-4290-903b-b868afb3a11b-impl-thread1] INFO  util.JmxRegister (JmxRegister.java:tryRegister(44)) - Successfully registered JMX Bean with object name Ratis:service=RaftServer,group=group-5D5ED746148D,id=ce0cae26-5246-4290-903b-b868afb3a11b
2023-05-03 09:49:30,124 [ce0cae26-5246-4290-903b-b868afb3a11b-impl-thread1] INFO  server.RaftServerConfigKeys (ConfUtils.java:logGet(46)) - raft.server.snapshot.auto.trigger.enabled = true (custom)
2023-05-03 09:49:30,124 [ce0cae26-5246-4290-903b-b868afb3a11b-impl-thread1] INFO  server.RaftServerConfigKeys (ConfUtils.java:logGet(46)) - raft.server.snapshot.auto.trigger.threshold = 1000 (custom)
2023-05-03 09:49:30,124 [ce0cae26-5246-4290-903b-b868afb3a11b-impl-thread1] INFO  server.RaftServerConfigKeys (ConfUtils.java:logGet(46)) - raft.server.snapshot.retention.file.num = -1 (default)
2023-05-03 09:49:30,124 [ce0cae26-5246-4290-903b-b868afb3a11b-impl-thread1] INFO  server.RaftServerConfigKeys (ConfUtils.java:logGet(46)) - raft.server.log.purge.upto.snapshot.index = false (default)
2023-05-03 09:49:30,125 [Time-limited test] INFO  server.RaftServer (RaftServerProxy.java:startImpl(393)) - ce0cae26-5246-4290-903b-b868afb3a11b: start RPC server
2023-05-03 09:49:30,126 [Time-limited test] INFO  server.GrpcService (GrpcService.java:startImpl(262)) - ce0cae26-5246-4290-903b-b868afb3a11b: GrpcService started, listening on 9894
2023-05-03 09:49:30,127 [JvmPauseMonitor29] INFO  util.JvmPauseMonitor (JvmPauseMonitor.java:run(105)) - JvmPauseMonitor-ce0cae26-5246-4290-903b-b868afb3a11b: Started
2023-05-03 09:49:35,208 [ce0cae26-5246-4290-903b-b868afb3a11b@group-5D5ED746148D-FollowerState] INFO  impl.FollowerState (FollowerState.java:run(143)) - ce0cae26-5246-4290-903b-b868afb3a11b@group-5D5ED746148D-FollowerState: change to CANDIDATE, lastRpcElapsedTime:5084476604ns, electionTimeout:5084ms
2023-05-03 09:49:35,209 [ce0cae26-5246-4290-903b-b868afb3a11b@group-5D5ED746148D-FollowerState] INFO  impl.RoleInfo (RoleInfo.java:shutdownFollowerState(110)) - ce0cae26-5246-4290-903b-b868afb3a11b: shutdown ce0cae26-5246-4290-903b-b868afb3a11b@group-5D5ED746148D-FollowerState
2023-05-03 09:49:35,209 [ce0cae26-5246-4290-903b-b868afb3a11b@group-5D5ED746148D-FollowerState] INFO  server.RaftServer$Division (RaftServerImpl.java:setRole(321)) - ce0cae26-5246-4290-903b-b868afb3a11b@group-5D5ED746148D: changes role from  FOLLOWER to CANDIDATE at term 0 for changeToCandidate
2023-05-03 09:49:35,209 [ce0cae26-5246-4290-903b-b868afb3a11b@group-5D5ED746148D-FollowerState] INFO  server.RaftServerConfigKeys (ConfUtils.java:logGet(46)) - raft.server.leaderelection.pre-vote = true (default)
2023-05-03 09:49:35,209 [ce0cae26-5246-4290-903b-b868afb3a11b@group-5D5ED746148D-FollowerState] INFO  impl.RoleInfo (RoleInfo.java:updateAndGet(139)) - ce0cae26-5246-4290-903b-b868afb3a11b: start ce0cae26-5246-4290-903b-b868afb3a11b@group-5D5ED746148D-LeaderElection53
2023-05-03 09:49:35,209 [ce0cae26-5246-4290-903b-b868afb3a11b@group-5D5ED746148D-LeaderElection53] INFO  impl.LeaderElection (LeaderElection.java:askForVotes(312)) - ce0cae26-5246-4290-903b-b868afb3a11b@group-5D5ED746148D-LeaderElection53 PRE_VOTE round 0: submit vote requests at term 0 for -1: peers:[ce0cae26-5246-4290-903b-b868afb3a11b|rpc:fv-az139-793:9894|priority:0|startupRole:FOLLOWER]|listeners:[], old=null
2023-05-03 09:49:35,209 [ce0cae26-5246-4290-903b-b868afb3a11b@group-5D5ED746148D-LeaderElection53] INFO  impl.LeaderElection (LeaderElection.java:askForVotes(314)) - ce0cae26-5246-4290-903b-b868afb3a11b@group-5D5ED746148D-LeaderElection53 PRE_VOTE round 0: result PASSED (term=0)
2023-05-03 09:49:35,210 [ce0cae26-5246-4290-903b-b868afb3a11b@group-5D5ED746148D-LeaderElection53] INFO  impl.LeaderElection (LeaderElection.java:askForVotes(312)) - ce0cae26-5246-4290-903b-b868afb3a11b@group-5D5ED746148D-LeaderElection53 ELECTION round 0: submit vote requests at term 1 for -1: peers:[ce0cae26-5246-4290-903b-b868afb3a11b|rpc:fv-az139-793:9894|priority:0|startupRole:FOLLOWER]|listeners:[], old=null
2023-05-03 09:49:35,210 [ce0cae26-5246-4290-903b-b868afb3a11b@group-5D5ED746148D-LeaderElection53] INFO  impl.LeaderElection (LeaderElection.java:askForVotes(314)) - ce0cae26-5246-4290-903b-b868afb3a11b@group-5D5ED746148D-LeaderElection53 ELECTION round 0: result PASSED (term=1)
2023-05-03 09:49:35,210 [ce0cae26-5246-4290-903b-b868afb3a11b@group-5D5ED746148D-LeaderElection53] INFO  impl.RoleInfo (RoleInfo.java:shutdownLeaderElection(130)) - ce0cae26-5246-4290-903b-b868afb3a11b: shutdown ce0cae26-5246-4290-903b-b868afb3a11b@group-5D5ED746148D-LeaderElection53
2023-05-03 09:49:35,211 [ce0cae26-5246-4290-903b-b868afb3a11b@group-5D5ED746148D-LeaderElection53] INFO  server.RaftServer$Division (RaftServerImpl.java:setRole(321)) - ce0cae26-5246-4290-903b-b868afb3a11b@group-5D5ED746148D: changes role from CANDIDATE to LEADER at term 1 for changeToLeader
2023-05-03 09:49:35,211 [ce0cae26-5246-4290-903b-b868afb3a11b@group-5D5ED746148D-LeaderElection53] INFO  server.RaftServer$Division (ServerState.java:setLeader(313)) - ce0cae26-5246-4290-903b-b868afb3a11b@group-5D5ED746148D: change Leader from null to ce0cae26-5246-4290-903b-b868afb3a11b at term 1 for becomeLeader, leader elected after 5094ms
2023-05-03 09:49:35,211 [ce0cae26-5246-4290-903b-b868afb3a11b@group-5D5ED746148D-LeaderElection53] INFO  server.RaftServerConfigKeys (ConfUtils.java:logGet(46)) - raft.server.staging.catchup.gap = 1000 (default)
2023-05-03 09:49:35,211 [ce0cae26-5246-4290-903b-b868afb3a11b@group-5D5ED746148D-LeaderElection53] INFO  server.RaftServerConfigKeys (ConfUtils.java:logGet(46)) - raft.server.write.element-limit = 4096 (default)
2023-05-03 09:49:35,211 [ce0cae26-5246-4290-903b-b868afb3a11b@group-5D5ED746148D-LeaderElection53] INFO  server.RaftServerConfigKeys (ConfUtils.java:logGet(46)) - raft.server.write.byte-limit = 64MB (=67108864) (default)
2023-05-03 09:49:35,211 [ce0cae26-5246-4290-903b-b868afb3a11b@group-5D5ED746148D-LeaderElection53] INFO  server.RaftServerConfigKeys (ConfUtils.java:logGet(46)) - raft.server.watch.timeout = 10s (default)
2023-05-03 09:49:35,211 [ce0cae26-5246-4290-903b-b868afb3a11b@group-5D5ED746148D-LeaderElection53] INFO  server.RaftServerConfigKeys (ConfUtils.java:logGet(46)) - raft.server.watch.timeout.denomination = 1s (default)
2023-05-03 09:49:35,211 [ce0cae26-5246-4290-903b-b868afb3a11b@group-5D5ED746148D-LeaderElection53] INFO  server.RaftServerConfigKeys (ConfUtils.java:logGet(46)) - raft.server.watch.element-limit = 65536 (default)
2023-05-03 09:49:35,211 [ce0cae26-5246-4290-903b-b868afb3a11b@group-5D5ED746148D-LeaderElection53] INFO  server.RaftServerConfigKeys (ConfUtils.java:logGet(46)) - raft.server.write.element-limit = 4096 (default)
2023-05-03 09:49:35,211 [ce0cae26-5246-4290-903b-b868afb3a11b@group-5D5ED746148D-LeaderElection53] INFO  server.RaftServerConfigKeys (ConfUtils.java:logGet(46)) - raft.server.write.follower.gap.ratio.max = -1.0 (default)
2023-05-03 09:49:35,211 [ce0cae26-5246-4290-903b-b868afb3a11b@group-5D5ED746148D-LeaderElection53] INFO  impl.RoleInfo (RoleInfo.java:updateAndGet(139)) - ce0cae26-5246-4290-903b-b868afb3a11b: start ce0cae26-5246-4290-903b-b868afb3a11b@group-5D5ED746148D-LeaderStateImpl
2023-05-03 09:49:35,211 [ce0cae26-5246-4290-903b-b868afb3a11b@group-5D5ED746148D-LeaderElection53] INFO  segmented.SegmentedRaftLogWorker (SegmentedRaftLogWorker.java:startLogSegment(452)) - ce0cae26-5246-4290-903b-b868afb3a11b@group-5D5ED746148D-SegmentedRaftLogWorker: Starting segment from index:0
2023-05-03 09:49:35,215 [ce0cae26-5246-4290-903b-b868afb3a11b@group-5D5ED746148D-LeaderElection53] INFO  server.RaftServer$Division (ServerState.java:setRaftConf(430)) - ce0cae26-5246-4290-903b-b868afb3a11b@group-5D5ED746148D: set configuration 0: peers:[ce0cae26-5246-4290-903b-b868afb3a11b|rpc:fv-az139-793:9894|admin:|client:|dataStream:|priority:0|startupRole:FOLLOWER]|listeners:[], old=null
2023-05-03 09:49:35,220 [ce0cae26-5246-4290-903b-b868afb3a11b@group-5D5ED746148D-SegmentedRaftLogWorker] INFO  segmented.SegmentedRaftLogWorker (SegmentedRaftLogWorker.java:execute(656)) - ce0cae26-5246-4290-903b-b868afb3a11b@group-5D5ED746148D-SegmentedRaftLogWorker: created new log segment /home/runner/work/ozone/ozone/hadoop-ozone/integration-test/target/test-dir/941ae6c5-9f4d-417f-9edf-4fbd99ac6560/scm-meta/scm-ha/adde4799-d46b-45e9-b458-5d5ed746148d/current/log_inprogress_0
2023-05-03 09:49:36,127 [Time-limited test] INFO  server.RaftServer (RaftServerProxy.java:lambda$close$6(409)) - ce0cae26-5246-4290-903b-b868afb3a11b: close
2023-05-03 09:49:36,128 [Time-limited test] INFO  server.GrpcService (GrpcService.java:closeImpl(271)) - ce0cae26-5246-4290-903b-b868afb3a11b: shutdown server GrpcServerProtocolService now
2023-05-03 09:49:36,128 [ce0cae26-5246-4290-903b-b868afb3a11b-impl-thread1] INFO  server.RaftServer$Division (RaftServerImpl.java:lambda$close$4(458)) - ce0cae26-5246-4290-903b-b868afb3a11b@group-5D5ED746148D: shutdown
2023-05-03 09:49:36,128 [ce0cae26-5246-4290-903b-b868afb3a11b-impl-thread1] INFO  util.JmxRegister (JmxRegister.java:unregister(73)) - Successfully un-registered JMX Bean with object name Ratis:service=RaftServer,group=group-5D5ED746148D,id=ce0cae26-5246-4290-903b-b868afb3a11b
2023-05-03 09:49:36,128 [ce0cae26-5246-4290-903b-b868afb3a11b-impl-thread1] INFO  impl.RoleInfo (RoleInfo.java:shutdownLeaderState(93)) - ce0cae26-5246-4290-903b-b868afb3a11b: shutdown ce0cae26-5246-4290-903b-b868afb3a11b@group-5D5ED746148D-LeaderStateImpl
2023-05-03 09:49:36,128 [ce0cae26-5246-4290-903b-b868afb3a11b-impl-thread1] INFO  impl.PendingRequests (PendingRequests.java:sendNotLeaderResponses(282)) - ce0cae26-5246-4290-903b-b868afb3a11b@group-5D5ED746148D-PendingRequests: sendNotLeaderResponses
2023-05-03 09:49:36,129 [Time-limited test] INFO  server.GrpcService (GrpcService.java:closeImpl(280)) - ce0cae26-5246-4290-903b-b868afb3a11b: shutdown server GrpcServerProtocolService successfully
2023-05-03 09:49:36,129 [ce0cae26-5246-4290-903b-b868afb3a11b-impl-thread1] INFO  impl.StateMachineUpdater (StateMachineUpdater.java:stopAndJoin(153)) - ce0cae26-5246-4290-903b-b868afb3a11b@group-5D5ED746148D-StateMachineUpdater: set stopIndex = 0
2023-05-03 09:49:36,129 [ce0cae26-5246-4290-903b-b868afb3a11b@group-5D5ED746148D-StateMachineUpdater] INFO  impl.StateMachineUpdater (StateMachineUpdater.java:takeSnapshot(287)) - ce0cae26-5246-4290-903b-b868afb3a11b@group-5D5ED746148D-StateMachineUpdater: Took a snapshot at index 0
2023-05-03 09:49:36,129 [ce0cae26-5246-4290-903b-b868afb3a11b@group-5D5ED746148D-StateMachineUpdater] INFO  impl.StateMachineUpdater (StateMachineUpdater.java:lambda$new$0(92)) - ce0cae26-5246-4290-903b-b868afb3a11b@group-5D5ED746148D-StateMachineUpdater: snapshotIndex: updateIncreasingly -1 -> 0
2023-05-03 09:49:36,129 [ce0cae26-5246-4290-903b-b868afb3a11b-impl-thread1] INFO  server.RaftServer$Division (ServerState.java:close(466)) - ce0cae26-5246-4290-903b-b868afb3a11b@group-5D5ED746148D: closes. applyIndex: 0
2023-05-03 09:49:36,130 [ce0cae26-5246-4290-903b-b868afb3a11b@group-5D5ED746148D-SegmentedRaftLogWorker] INFO  segmented.SegmentedRaftLogWorker (SegmentedRaftLogWorker.java:run(347)) - ce0cae26-5246-4290-903b-b868afb3a11b@group-5D5ED746148D-SegmentedRaftLogWorker was interrupted, exiting. There are 0 tasks remaining in the queue.
2023-05-03 09:49:36,131 [ce0cae26-5246-4290-903b-b868afb3a11b-impl-thread1] INFO  segmented.SegmentedRaftLogWorker (SegmentedRaftLogWorker.java:close(257)) - ce0cae26-5246-4290-903b-b868afb3a11b@group-5D5ED746148D-SegmentedRaftLogWorker close()
2023-05-03 09:49:36,131 [JvmPauseMonitor29] INFO  util.JvmPauseMonitor (JvmPauseMonitor.java:run(111)) - JvmPauseMonitor-ce0cae26-5246-4290-903b-b868afb3a11b: Stopped
2023-05-03 09:49:36,131 [Time-limited test] WARN  server.ServerUtils (ServerUtils.java:getScmDbDir(148)) - ozone.scm.db.dirs is not configured. We recommend adding this setting. Falling back to ozone.metadata.dirs instead.
2023-05-03 09:49:36,132 [Time-limited test] INFO  server.StorageContainerManager (StorageContainerManager.java:scmInit(1284)) - SCM initialization succeeded. Current cluster id for sd=/home/runner/work/ozone/ozone/hadoop-ozone/integration-test/target/test-dir/941ae6c5-9f4d-417f-9edf-4fbd99ac6560/scm-meta/scm; cid=adde4799-d46b-45e9-b458-5d5ed746148d; layoutVersion=6; scmId=ce0cae26-5246-4290-903b-b868afb3a11b
2023-05-03 09:49:36,132 [Time-limited test] WARN  server.ServerUtils (ServerUtils.java:getScmDbDir(148)) - ozone.scm.db.dirs is not configured. We recommend adding this setting. Falling back to ozone.metadata.dirs instead.
2023-05-03 09:49:36,132 [Time-limited test] INFO  server.RaftServerConfigKeys (ConfUtils.java:logGet(46)) - raft.server.storage.dir = [/home/runner/work/ozone/ozone/hadoop-ozone/integration-test/target/test-dir/941ae6c5-9f4d-417f-9edf-4fbd99ac6560/scm-meta/scm-ha] (custom)
2023-05-03 09:49:36,134 [Time-limited test] INFO  ozone.TestStorageContainerManager (TestStorageContainerManager.java:lambda$null$5(596)) - group-5D5ED746148D: found a subdirectory /home/runner/work/ozone/ozone/hadoop-ozone/integration-test/target/test-dir/941ae6c5-9f4d-417f-9edf-4fbd99ac6560/scm-meta/scm-ha/adde4799-d46b-45e9-b458-5d5ed746148d
2023-05-03 09:49:36,134 [Time-limited test] INFO  ozone.TestStorageContainerManager (TestStorageContainerManager.java:lambda$null$5(606)) - group-5D5ED746148D : The directory /home/runner/work/ozone/ozone/hadoop-ozone/integration-test/target/test-dir/941ae6c5-9f4d-417f-9edf-4fbd99ac6560/scm-meta/scm-ha/adde4799-d46b-45e9-b458-5d5ed746148d found a group directory for cluster adde4799-d46b-45e9-b458-5d5ed746148d
]]></system-out>
  </testcase>
  <testcase name="testScmInfo" classname="org.apache.hadoop.ozone.TestStorageContainerManager" time="0.186">
    <system-out><![CDATA[2023-05-03 09:49:36,156 [Time-limited test] WARN  server.ServerUtils (ServerUtils.java:getScmDbDir(148)) - ozone.scm.db.dirs is not configured. We recommend adding this setting. Falling back to ozone.metadata.dirs instead.
2023-05-03 09:49:36,158 [Time-limited test] WARN  server.ServerUtils (ServerUtils.java:getScmDbDir(148)) - ozone.scm.db.dirs is not configured. We recommend adding this setting. Falling back to ozone.metadata.dirs instead.
2023-05-03 09:49:36,158 [Time-limited test] INFO  ha.SCMHANodeDetails (SCMHANodeDetails.java:loadSCMHAConfig(209)) - ServiceID for StorageContainerManager is null
2023-05-03 09:49:36,158 [Time-limited test] WARN  ha.SCMHANodeDetails (SCMHANodeDetails.java:validateSCMHAConfig(182)) - Invalid config ozone.scm.ratis.enable. The config was not specified, but the default value true conflicts with the expected config value false. Falling back to the expected value. Current State of SCM: SCM is running in Non-HA without Ratis Ratis SCM -> Non Ratis SCM or Non HA SCM -> HA SCM is not supported
2023-05-03 09:49:36,159 [Time-limited test] INFO  ha.SCMHANodeDetails (SCMHANodeDetails.java:loadSCMHAConfig(214)) - ozone.scm.default.service.id is not defined, falling back to ozone.scm.service.ids to find serviceID for StorageContainerManager if it is HA enabled cluster
2023-05-03 09:49:36,160 [Time-limited test] WARN  utils.HAUtils (HAUtils.java:getMetaDir(350)) - ozone.scm.db.dirs is not configured. We recommend adding this setting. Falling back to ozone.metadata.dirs instead.
2023-05-03 09:49:36,160 [Time-limited test] WARN  db.DBStoreBuilder (DBStoreBuilder.java:applyDBDefinition(165)) - ozone.scm.db.dirs is not configured. We recommend adding this setting. Falling back to ozone.metadata.dirs instead.
2023-05-03 09:49:36,243 [Time-limited test] INFO  net.NodeSchemaLoader (NodeSchemaLoader.java:loadSchemaFromFile(129)) - Loading schema from [jar:file:/home/runner/.m2/repository/org/apache/ozone/hdds-common/1.4.0-SNAPSHOT/hdds-common-1.4.0-SNAPSHOT.jar!/network-topology-default.xml]
2023-05-03 09:49:36,243 [Time-limited test] INFO  net.NodeSchemaLoader (NodeSchemaLoader.java:loadSchema(176)) - Loading network topology layer schema file
2023-05-03 09:49:36,246 [Time-limited test] INFO  upgrade.AbstractLayoutVersionManager (AbstractLayoutVersionManager.java:init(83)) - Initializing Layout version manager with metadata layout = WEBUI_PORTS_IN_DATANODEDETAILS (version = 6), software layout = WEBUI_PORTS_IN_DATANODEDETAILS (version = 6)
2023-05-03 09:49:36,291 [Time-limited test] INFO  reflections.Reflections (Reflections.java:scan(232)) - Reflections took 44 ms to scan 7 urls, producing 156 keys and 369 values 
2023-05-03 09:49:36,293 [Time-limited test] INFO  ha.SequenceIdGenerator (SequenceIdGenerator.java:upgradeToSequenceId(349)) - upgrade localId to 111677748019200000
2023-05-03 09:49:36,294 [Time-limited test] INFO  ha.SequenceIdGenerator (SequenceIdGenerator.java:upgradeToSequenceId(359)) - upgrade delTxnId to 0
2023-05-03 09:49:36,294 [Time-limited test] INFO  ha.SequenceIdGenerator (SequenceIdGenerator.java:upgradeToSequenceId(376)) - upgrade containerId to 0
2023-05-03 09:49:36,294 [Time-limited test] INFO  ha.SequenceIdGenerator (SequenceIdGenerator.java:<init>(220)) - Init the HA SequenceIdGenerator.
2023-05-03 09:49:36,299 [Time-limited test] INFO  node.SCMNodeManager (SCMNodeManager.java:<init>(159)) - Entering startup safe mode.
2023-05-03 09:49:36,299 [Time-limited test] INFO  algorithms.ContainerPlacementPolicyFactory (ContainerPlacementPolicyFactory.java:getPolicyInternal(86)) - Create container placement policy of type org.apache.hadoop.hdds.scm.container.placement.algorithms.SCMContainerPlacementRackAware
2023-05-03 09:49:36,299 [Time-limited test] INFO  algorithms.ContainerPlacementPolicyFactory (ContainerPlacementPolicyFactory.java:getPolicyInternal(86)) - Create container placement policy of type org.apache.hadoop.hdds.scm.container.placement.algorithms.SCMContainerPlacementRackScatter
2023-05-03 09:49:36,300 [Time-limited test] INFO  pipeline.PipelineStateManagerImpl (PipelineStateManagerImpl.java:initialize(78)) - No pipeline exists in current db
2023-05-03 09:49:36,300 [Time-limited test] INFO  algorithms.LeaderChoosePolicyFactory (LeaderChoosePolicyFactory.java:getPolicy(57)) - Create leader choose policy of type org.apache.hadoop.hdds.scm.pipeline.leader.choose.algorithms.MinLeaderCountChoosePolicy
2023-05-03 09:49:36,300 [Time-limited test] INFO  algorithms.ContainerPlacementPolicyFactory (ContainerPlacementPolicyFactory.java:getPolicyInternal(86)) - Create container placement policy of type org.apache.hadoop.hdds.scm.container.placement.algorithms.SCMContainerPlacementRackScatter
2023-05-03 09:49:36,300 [Time-limited test] INFO  ha.SCMServiceManager (SCMServiceManager.java:register(42)) - Registering service BackgroundPipelineCreator.
2023-05-03 09:49:36,300 [Time-limited test] INFO  pipeline.BackgroundPipelineCreator (BackgroundPipelineCreator.java:start(124)) - Starting RatisPipelineUtilsThread.
2023-05-03 09:49:36,300 [Time-limited test] INFO  BackgroundPipelineScrubber (BackgroundSCMService.java:start(68)) - Starting BackgroundPipelineScrubber Service.
2023-05-03 09:49:36,300 [Time-limited test] INFO  ha.SCMServiceManager (SCMServiceManager.java:register(42)) - Registering service BackgroundPipelineScrubber.
2023-05-03 09:49:36,300 [Time-limited test] INFO  ExpiredContainerReplicaOpScrubber (BackgroundSCMService.java:start(68)) - Starting ExpiredContainerReplicaOpScrubber Service.
2023-05-03 09:49:36,301 [Time-limited test] INFO  ha.SCMServiceManager (SCMServiceManager.java:register(42)) - Registering service ExpiredContainerReplicaOpScrubber.
2023-05-03 09:49:36,302 [Time-limited test] INFO  algorithms.PipelineChoosePolicyFactory (PipelineChoosePolicyFactory.java:createPipelineChoosePolicyFromClass(73)) - Create pipeline choose policy of type org.apache.hadoop.hdds.scm.pipeline.choose.algorithms.RandomPipelineChoosePolicy
2023-05-03 09:49:36,302 [Time-limited test] INFO  ha.SCMServiceManager (SCMServiceManager.java:register(42)) - Registering service SCMBlockDeletingService.
2023-05-03 09:49:36,302 [Time-limited test] INFO  replication.ReplicationManager (ReplicationManager.java:start(291)) - Starting Replication Monitor Thread.
2023-05-03 09:49:36,311 [Time-limited test] INFO  ha.SCMServiceManager (SCMServiceManager.java:register(42)) - Registering service ReplicationManager.
2023-05-03 09:49:36,311 [ReplicationMonitor] INFO  replication.ReplicationManager (ReplicationManager.java:processAll(366)) - Replication Manager is not ready to run until 300000ms after safemode exit
2023-05-03 09:49:36,312 [Time-limited test] INFO  safemode.ContainerSafeModeRule (ContainerSafeModeRule.java:<init>(89)) - containers with one replica threshold count 0
2023-05-03 09:49:36,312 [Time-limited test] INFO  safemode.HealthyPipelineSafeModeRule (HealthyPipelineSafeModeRule.java:initializeRule(169)) - Total pipeline count is 0, healthy pipeline threshold count is 0
2023-05-03 09:49:36,312 [Time-limited test] INFO  safemode.OneReplicaPipelineSafeModeRule (OneReplicaPipelineSafeModeRule.java:initializeRule(180)) - Total pipeline count is 0, pipeline's with at least one datanode reported threshold count is 0
2023-05-03 09:49:36,312 [Time-limited test] INFO  server.StorageContainerManager (StorageContainerManager.java:<init>(403)) - SCM start with adminUsers: [runner]
2023-05-03 09:49:36,312 [Time-limited test] INFO  ipc.CallQueueManager (CallQueueManager.java:<init>(90)) - Using callQueue: class java.util.concurrent.LinkedBlockingQueue, queueCapacity: 10000, scheduler: class org.apache.hadoop.ipc.DefaultRpcScheduler, ipcBackoff: false.
2023-05-03 09:49:36,313 [Socket Reader #1 for port 9861] INFO  ipc.Server (Server.java:run(1319)) - Starting Socket Reader #1 for port 9861
2023-05-03 09:49:36,316 [Listener at 0.0.0.0/9861] INFO  ipc.CallQueueManager (CallQueueManager.java:<init>(90)) - Using callQueue: class java.util.concurrent.LinkedBlockingQueue, queueCapacity: 10000, scheduler: class org.apache.hadoop.ipc.DefaultRpcScheduler, ipcBackoff: false.
2023-05-03 09:49:36,316 [Socket Reader #1 for port 9863] INFO  ipc.Server (Server.java:run(1319)) - Starting Socket Reader #1 for port 9863
2023-05-03 09:49:36,317 [Listener at 0.0.0.0/9863] INFO  ipc.CallQueueManager (CallQueueManager.java:<init>(90)) - Using callQueue: class java.util.concurrent.LinkedBlockingQueue, queueCapacity: 10000, scheduler: class org.apache.hadoop.ipc.DefaultRpcScheduler, ipcBackoff: false.
2023-05-03 09:49:36,317 [Socket Reader #1 for port 9860] INFO  ipc.Server (Server.java:run(1319)) - Starting Socket Reader #1 for port 9860
2023-05-03 09:49:36,319 [Listener at 0.0.0.0/9860] INFO  ha.SCMServiceManager (SCMServiceManager.java:register(42)) - Registering service ContainerBalancer.
2023-05-03 09:49:36,319 [Listener at 0.0.0.0/9860] INFO  server.StorageContainerManager (StorageContainerManager.java:<init>(420)) - 
Container Balancer status:
Key                            Value
Running                        false
Container Balancer Configuration values:
Key                                                Value
Threshold                                          10
Max Datanodes to Involve per Iteration(percent)    20
Max Size to Move per Iteration                     500GB
Max Size Entering Target per Iteration             26GB
Max Size Leaving Source per Iteration              26GB

2023-05-03 09:49:36,319 [Listener at 0.0.0.0/9860] INFO  ha.SCMContext (SCMContext.java:updateSafeModeStatus(228)) - Update SafeModeStatus from SafeModeStatus{safeModeStatus=true, preCheckPassed=false} to SafeModeStatus{safeModeStatus=true, preCheckPassed=false}.
]]></system-out>
  </testcase>
</testsuite>